<?xml version="1.0" encoding="UTF-8"?>
  <testsuite name="Kubernetes e2e suite" tests="280" failures="280" errors="0" time="609.403">
      <testcase name="BeforeSuite" classname="Kubernetes e2e suite" time="609.39811807">
          <failure type="Failure">_output/dockerized/go/src/k8s.io/kubernetes/test/e2e/e2e.go:62&#xA;Mar 24 02:37:24.608: Error waiting for all pods to be running and ready: 2 / 44 pods in namespace &#34;kube-system&#34; are NOT in RUNNING and READY state in 10m0s&#xA;POD                         NODE                PHASE   GRACE CONDITIONS&#xA;pv-dir-delete-sss           10.10.101.176-share Pending       [{Type:Initialized Status:True LastProbeTime:0001-01-01 00:00:00 +0000 UTC LastTransitionTime:2020-03-17 09:10:12 +0000 UTC Reason: Message:} {Type:Ready Status:False LastProbeTime:0001-01-01 00:00:00 +0000 UTC LastTransitionTime:2020-03-17 09:10:12 +0000 UTC Reason:ContainersNotReady Message:containers with unready status: [pv-dir-delete]} {Type:ContainersReady Status:False LastProbeTime:0001-01-01 00:00:00 +0000 UTC LastTransitionTime:2020-03-17 09:10:12 +0000 UTC Reason:ContainersNotReady Message:containers with unready status: [pv-dir-delete]} {Type:PodScheduled Status:True LastProbeTime:0001-01-01 00:00:00 +0000 UTC LastTransitionTime:2020-03-17 09:10:12 +0000 UTC Reason: Message:}]&#xA;pv-dir-delete-weblogic-data 10.10.101.171-slave Pending       [{Type:Initialized Status:True LastProbeTime:0001-01-01 00:00:00 +0000 UTC LastTransitionTime:2020-03-23 06:49:28 +0000 UTC Reason: Message:} {Type:Ready Status:False LastProbeTime:0001-01-01 00:00:00 +0000 UTC LastTransitionTime:2020-03-23 06:49:28 +0000 UTC Reason:ContainersNotReady Message:containers with unready status: [pv-dir-delete]} {Type:ContainersReady Status:False LastProbeTime:0001-01-01 00:00:00 +0000 UTC LastTransitionTime:2020-03-23 06:49:28 +0000 UTC Reason:ContainersNotReady Message:containers with unready status: [pv-dir-delete]} {Type:PodScheduled Status:True LastProbeTime:0001-01-01 00:00:00 +0000 UTC LastTransitionTime:2020-03-23 06:49:28 +0000 UTC Reason: Message:}]&#xA;&#xA;_output/dockerized/go/src/k8s.io/kubernetes/test/e2e/e2e.go:264</failure>
      </testcase>
  </testsuite>