<?xml version="1.0" encoding="UTF-8"?>
  <testsuite name="Kubernetes e2e suite" tests="346" failures="8" errors="0" time="14466.369">
      <testcase name="[sig-storage] CSI mock volume CSIStorageCapacity CSIStorageCapacity unused" classname="Kubernetes e2e suite" time="0">
          <skipped></skipped>
      </testcase>
      <testcase name="[sig-storage] In-tree Volumes [Driver: hostPath] [Testpattern: Dynamic PV (ext4)] multiVolume [Slow] should concurrently access the volume and restored snapshot from pods on the same node [LinuxOnly][Feature:VolumeSnapshotDataSource][Feature:VolumeSourceXFS]" classname="Kubernetes e2e suite" time="0">
          <skipped></skipped>
      </testcase>
      <testcase name="[sig-api-machinery] Garbage collector should orphan pods created by rc if deleteOptions.OrphanDependents is nil" classname="Kubernetes e2e suite" time="0">
          <skipped></skipped>
      </testcase>
      <testcase name="[sig-storage] In-tree Volumes [Driver: local][LocalVolumeType: dir-link] [Testpattern: Inline-volume (default fs)] subPath should fail if subpath with backstepping is outside the volume [Slow][LinuxOnly]" classname="Kubernetes e2e suite" time="0">
          <skipped></skipped>
      </testcase>
      <testcase name="[sig-storage] In-tree Volumes [Driver: gluster] [Testpattern: Pre-provisioned PV (filesystem volmode)] multiVolume [Slow] should access to two volumes with the same volume mode and retain data across pod recreation on the same node" classname="Kubernetes e2e suite" time="0">
          <skipped></skipped>
      </testcase>
      <testcase name="[sig-scheduling] SchedulerPriorities [Serial] Pod should be scheduled to node that don&#39;t match the PodAntiAffinity terms" classname="Kubernetes e2e suite" time="0">
          <skipped></skipped>
      </testcase>
      <testcase name="[sig-storage] In-tree Volumes [Driver: hostPathSymlink] [Testpattern: Dynamic PV (ntfs)][Feature:Windows] subPath should unmount if pod is force deleted while kubelet is down [Disruptive][Slow][LinuxOnly]" classname="Kubernetes e2e suite" time="0">
          <skipped></skipped>
      </testcase>
      <testcase name="[sig-storage] In-tree Volumes [Driver: azure-disk] [Testpattern: Dynamic PV (default fs)] fsgroupchangepolicy (Always)[LinuxOnly], pod created with an initial fsgroup, volume contents ownership changed in first pod, new pod with same fsgroup applied to the volume contents" classname="Kubernetes e2e suite" time="0">
          <skipped></skipped>
      </testcase>
      <testcase name="[sig-storage] In-tree Volumes [Driver: gluster] [Testpattern: Pre-provisioned PV (xfs)][Slow] volumes should allow exec of files on the volume" classname="Kubernetes e2e suite" time="0">
          <skipped></skipped>
      </testcase>
      <testcase name="[sig-storage] In-tree Volumes [Driver: local][LocalVolumeType: dir] [Testpattern: Dynamic PV (default fs)] capacity provides storage capacity information" classname="Kubernetes e2e suite" time="0">
          <skipped></skipped>
      </testcase>
      <testcase name="[sig-storage] In-tree Volumes [Driver: nfs] [Testpattern: Dynamic PV (ntfs)][Feature:Windows] subPath should support existing single file [LinuxOnly]" classname="Kubernetes e2e suite" time="0">
          <skipped></skipped>
      </testcase>
      <testcase name="[sig-storage] In-tree Volumes [Driver: hostPath] [Testpattern: Dynamic PV (ntfs)][Feature:Windows] subPath should support existing directories when readOnly specified in the volumeSource" classname="Kubernetes e2e suite" time="0">
          <skipped></skipped>
      </testcase>
      <testcase name="[sig-storage] In-tree Volumes [Driver: aws] [Testpattern: Dynamic PV (block volmode)(allowExpansion)] volume-expand should resize volume when PVC is edited while pod is using it" classname="Kubernetes e2e suite" time="0">
          <skipped></skipped>
      </testcase>
      <testcase name="[sig-storage] In-tree Volumes [Driver: vsphere] [Testpattern: Inline-volume (default fs)] subPath should fail if subpath with backstepping is outside the volume [Slow][LinuxOnly]" classname="Kubernetes e2e suite" time="0">
          <skipped></skipped>
      </testcase>
      <testcase name="[sig-storage] In-tree Volumes [Driver: gluster] [Testpattern: Pre-provisioned PV (block volmode)] volumeMode should fail to use a volume in a pod with mismatched mode [Slow]" classname="Kubernetes e2e suite" time="0">
          <skipped></skipped>
      </testcase>
      <testcase name="[sig-instrumentation] Logging soak [Performance] [Slow] [Disruptive] should survive logging 1KB every 1s seconds, for a duration of 2m0s" classname="Kubernetes e2e suite" time="0">
          <skipped></skipped>
      </testcase>
      <testcase name="[sig-storage] In-tree Volumes [Driver: gcepd] [Testpattern: Inline-volume (default fs)] subPath should fail if subpath with backstepping is outside the volume [Slow][LinuxOnly]" classname="Kubernetes e2e suite" time="0">
          <skipped></skipped>
      </testcase>
      <testcase name="[sig-storage] CSI mock volume CSI NodeStage error cases [Slow] should call NodeUnstage after NodeStage ephemeral error" classname="Kubernetes e2e suite" time="0">
          <skipped></skipped>
      </testcase>
      <testcase name="[sig-storage] HostPathType Character Device [Slow] Should be able to mount character device &#39;achardev&#39; successfully when HostPathType is HostPathCharDev" classname="Kubernetes e2e suite" time="0">
          <skipped></skipped>
      </testcase>
      <testcase name="[sig-storage] In-tree Volumes [Driver: iscsi][Feature:Volumes] [Testpattern: Dynamic PV (xfs)][Slow] multiVolume [Slow] should concurrently access the single read-only volume from pods on the same node" classname="Kubernetes e2e suite" time="0">
          <skipped></skipped>
      </testcase>
      <testcase name="[sig-storage] In-tree Volumes [Driver: gluster] [Testpattern: Dynamic PV (ntfs)][Feature:Windows] provisioning should provision storage with mount options" classname="Kubernetes e2e suite" time="0">
          <skipped></skipped>
      </testcase>
      <testcase name="[sig-storage] In-tree Volumes [Driver: rbd][Feature:Volumes][Serial] [Testpattern: Dynamic PV (default fs)] provisioning should provision storage with pvc data source in parallel [Slow]" classname="Kubernetes e2e suite" time="0">
          <skipped></skipped>
      </testcase>
      <testcase name="[sig-storage] In-tree Volumes [Driver: hostPath] [Testpattern: Dynamic PV (block volmode)] volume-stress multiple pods should access different volumes repeatedly [Slow] [Serial]" classname="Kubernetes e2e suite" time="0">
          <skipped></skipped>
      </testcase>
      <testcase name="[sig-storage] Downward API volume should update annotations on modification [NodeConformance] [Conformance]" classname="Kubernetes e2e suite" time="16.004901699"></testcase>
      <testcase name="[sig-storage] In-tree Volumes [Driver: rbd][Feature:Volumes][Serial] [Testpattern: Dynamic PV (block volmode)] volumes should store data" classname="Kubernetes e2e suite" time="0">
          <skipped></skipped>
      </testcase>
      <testcase name="[sig-storage] In-tree Volumes [Driver: gluster] [Testpattern: Inline-volume (default fs)] subPath should support file as subpath [LinuxOnly]" classname="Kubernetes e2e suite" time="0">
          <skipped></skipped>
      </testcase>
      <testcase name="[sig-storage] In-tree Volumes [Driver: iscsi][Feature:Volumes] [Testpattern: Pre-provisioned PV (block volmode)] multiVolume [Slow] should concurrently access the volume and restored snapshot from pods on the same node [LinuxOnly][Feature:VolumeSnapshotDataSource][Feature:VolumeSourceXFS]" classname="Kubernetes e2e suite" time="0">
          <skipped></skipped>
      </testcase>
      <testcase name="[sig-cloud-provider-gcp] Upgrade [Feature:Upgrade] cluster upgrade should maintain a functioning cluster [Feature:ClusterUpgrade]" classname="Kubernetes e2e suite" time="0">
          <skipped></skipped>
      </testcase>
      <testcase name="[sig-storage] In-tree Volumes [Driver: vsphere] [Testpattern: Dynamic PV (ntfs)][Feature:Windows] provisioning should provision storage with snapshot data source [Feature:VolumeSnapshotDataSource]" classname="Kubernetes e2e suite" time="0">
          <skipped></skipped>
      </testcase>
      <testcase name="[sig-storage] In-tree Volumes [Driver: cinder] [Testpattern: Dynamic PV (block volmode)] volumes should store data" classname="Kubernetes e2e suite" time="0">
          <skipped></skipped>
      </testcase>
      <testcase name="[sig-storage] In-tree Volumes [Driver: iscsi][Feature:Volumes] [Testpattern: Dynamic PV (ext4)] multiVolume [Slow] should concurrently access the single volume from pods on different node" classname="Kubernetes e2e suite" time="0">
          <skipped></skipped>
      </testcase>
      <testcase name="[sig-storage] In-tree Volumes [Driver: rbd][Feature:Volumes][Serial] [Testpattern: Dynamic PV (block volmode)] volume-expand should not allow expansion of pvcs without AllowVolumeExpansion property" classname="Kubernetes e2e suite" time="0">
          <skipped></skipped>
      </testcase>
      <testcase name="[sig-storage] In-tree Volumes [Driver: local][LocalVolumeType: dir] [Testpattern: Pre-provisioned PV (filesystem volmode)] multiVolume [Slow] should concurrently access the single read-only volume from pods on the same node" classname="Kubernetes e2e suite" time="0">
          <skipped></skipped>
      </testcase>
      <testcase name="[sig-autoscaling] Cluster size autoscaling [Slow] Should be able to scale a node group down to 0[Feature:ClusterSizeAutoscalingScaleDown]" classname="Kubernetes e2e suite" time="0">
          <skipped></skipped>
      </testcase>
      <testcase name="[sig-storage] CSI Volumes [Driver: csi-hostpath] [Testpattern: Pre-provisioned PV (default fs)] subPath should support readOnly file specified in the volumeMount [LinuxOnly]" classname="Kubernetes e2e suite" time="0">
          <skipped></skipped>
      </testcase>
      <testcase name="[sig-storage] In-tree Volumes [Driver: azure-disk] [Testpattern: Inline-volume (ext4)] volumes should store data" classname="Kubernetes e2e suite" time="0">
          <skipped></skipped>
      </testcase>
      <testcase name="[sig-autoscaling] [HPA] Horizontal pod autoscaling (scale resource: Custom Metrics from Stackdriver) should scale up with two External metrics from Stackdriver [Feature:CustomMetricsAutoscaling]" classname="Kubernetes e2e suite" time="0">
          <skipped></skipped>
      </testcase>
      <testcase name="[sig-storage] In-tree Volumes [Driver: emptydir] [Testpattern: Pre-provisioned PV (ntfs)][Feature:Windows] volumes should allow exec of files on the volume" classname="Kubernetes e2e suite" time="0">
          <skipped></skipped>
      </testcase>
      <testcase name="[sig-storage] In-tree Volumes [Driver: local][LocalVolumeType: blockfs] [Testpattern: Pre-provisioned PV (default fs)] subPath should support readOnly directory specified in the volumeMount" classname="Kubernetes e2e suite" time="0">
          <skipped></skipped>
      </testcase>
      <testcase name="[sig-storage] In-tree Volumes [Driver: gluster] [Testpattern: Dynamic PV (delayed binding)] topology should fail to schedule a pod which has topologies that conflict with AllowedTopologies" classname="Kubernetes e2e suite" time="0">
          <skipped></skipped>
      </testcase>
      <testcase name="[sig-api-machinery] ResourceQuota [Feature:PodPriority] should verify ResourceQuota&#39;s multiple priority class scope (quota set to pod count: 2) against 2 pods with same priority classes." classname="Kubernetes e2e suite" time="0">
          <skipped></skipped>
      </testcase>
      <testcase name="[sig-storage] In-tree Volumes [Driver: aws] [Testpattern: Dynamic PV (filesystem volmode)] multiVolume [Slow] should concurrently access the single volume from pods on the same node" classname="Kubernetes e2e suite" time="0">
          <skipped></skipped>
      </testcase>
      <testcase name="[sig-windows] Services should be able to create a functioning NodePort service for Windows" classname="Kubernetes e2e suite" time="0">
          <skipped></skipped>
      </testcase>
      <testcase name="[sig-storage] In-tree Volumes [Driver: azure-disk] [Testpattern: Dynamic PV (block volmode)] multiVolume [Slow] should concurrently access the single read-only volume from pods on the same node" classname="Kubernetes e2e suite" time="0">
          <skipped></skipped>
      </testcase>
      <testcase name="[sig-autoscaling] Cluster size autoscaler scalability [Slow] should scale down empty nodes [Feature:ClusterAutoscalerScalability3]" classname="Kubernetes e2e suite" time="0">
          <skipped></skipped>
      </testcase>
      <testcase name="[sig-storage] In-tree Volumes [Driver: local][LocalVolumeType: dir-link] [Testpattern: Dynamic PV (default fs)] subPath should verify container cannot write to subpath readonly volumes [Slow]" classname="Kubernetes e2e suite" time="0">
          <skipped></skipped>
      </testcase>
      <testcase name="[sig-storage] In-tree Volumes [Driver: local][LocalVolumeType: dir-link] [Testpattern: Dynamic PV (xfs)][Slow] multiVolume [Slow] should concurrently access the single read-only volume from pods on the same node" classname="Kubernetes e2e suite" time="0">
          <skipped></skipped>
      </testcase>
      <testcase name="[sig-storage] In-tree Volumes [Driver: local][LocalVolumeType: block] [Testpattern: Dynamic PV (default fs)] subPath should fail if subpath directory is outside the volume [Slow][LinuxOnly]" classname="Kubernetes e2e suite" time="0">
          <skipped></skipped>
      </testcase>
      <testcase name="[sig-storage] In-tree Volumes [Driver: rbd][Feature:Volumes][Serial] [Testpattern: Pre-provisioned PV (ntfs)][Feature:Windows] volumes should store data" classname="Kubernetes e2e suite" time="0">
          <skipped></skipped>
      </testcase>
      <testcase name="[sig-storage] In-tree Volumes [Driver: gcepd] [Testpattern: Dynamic PV (ntfs)][Feature:Windows] subPath should fail if subpath directory is outside the volume [Slow][LinuxOnly]" classname="Kubernetes e2e suite" time="0">
          <skipped></skipped>
      </testcase>
      <testcase name="[sig-storage] In-tree Volumes [Driver: cinder] [Testpattern: Inline-volume (default fs)] subPath should support readOnly directory specified in the volumeMount" classname="Kubernetes e2e suite" time="0">
          <skipped></skipped>
      </testcase>
      <testcase name="[sig-storage] In-tree Volumes [Driver: local][LocalVolumeType: block] [Testpattern: Pre-provisioned PV (block volmode)] multiVolume [Slow] should access to two volumes with the same volume mode and retain data across pod recreation on different node" classname="Kubernetes e2e suite" time="0">
          <skipped></skipped>
      </testcase>
      <testcase name="[sig-storage] In-tree Volumes [Driver: local][LocalVolumeType: blockfs] [Testpattern: Dynamic PV (default fs)] subPath should support creating multiple subpath from same volumes [Slow]" classname="Kubernetes e2e suite" time="0">
          <skipped></skipped>
      </testcase>
      <testcase name="[sig-storage] CSI Volumes [Driver: csi-hostpath] [Testpattern: Inline-volume (ntfs)][Feature:Windows] volumes should allow exec of files on the volume" classname="Kubernetes e2e suite" time="0">
          <skipped></skipped>
      </testcase>
      <testcase name="[sig-storage] In-tree Volumes [Driver: emptydir] [Testpattern: Dynamic PV (default fs)] fsgroupchangepolicy (OnRootMismatch)[LinuxOnly], pod created with an initial fsgroup, volume contents ownership changed in first pod, new pod with same fsgroup skips ownership changes to the volume contents" classname="Kubernetes e2e suite" time="0">
          <skipped></skipped>
      </testcase>
      <testcase name="[sig-storage] In-tree Volumes [Driver: vsphere] [Testpattern: Dynamic PV (block volmode)] multiVolume [Slow] should concurrently access the single read-only volume from pods on the same node" classname="Kubernetes e2e suite" time="0">
          <skipped></skipped>
      </testcase>
      <testcase name="[sig-storage] In-tree Volumes [Driver: local][LocalVolumeType: blockfs] [Testpattern: Dynamic PV (default fs)] subPath should support non-existent path" classname="Kubernetes e2e suite" time="0">
          <skipped></skipped>
      </testcase>
      <testcase name="[sig-storage] In-tree Volumes [Driver: windows-gcepd] [Testpattern: Dynamic PV (xfs)][Slow] multiVolume [Slow] should access to two volumes with the same volume mode and retain data across pod recreation on the same node" classname="Kubernetes e2e suite" time="0">
          <skipped></skipped>
      </testcase>
      <testcase name="[sig-storage] In-tree Volumes [Driver: cinder] [Testpattern: Dynamic PV (filesystem volmode)] multiVolume [Slow] should concurrently access the single volume from pods on the same node" classname="Kubernetes e2e suite" time="0">
          <skipped></skipped>
      </testcase>
      <testcase name="[sig-storage] In-tree Volumes [Driver: local][LocalVolumeType: dir-link-bindmounted] [Testpattern: Dynamic PV (block volmode)] provisioning should provision storage with pvc data source" classname="Kubernetes e2e suite" time="0">
          <skipped></skipped>
      </testcase>
      <testcase name="[sig-network] Services should allow pods to hairpin back to themselves through services" classname="Kubernetes e2e suite" time="0">
          <skipped></skipped>
      </testcase>
      <testcase name="[sig-storage] In-tree Volumes [Driver: local][LocalVolumeType: tmpfs] [Testpattern: Pre-provisioned PV (filesystem volmode)] multiVolume [Slow] should access to two volumes with the same volume mode and retain data across pod recreation on different node" classname="Kubernetes e2e suite" time="0">
          <skipped></skipped>
      </testcase>
      <testcase name="[sig-storage] In-tree Volumes [Driver: hostPathSymlink] [Testpattern: Pre-provisioned PV (default fs)] subPath should support creating multiple subpath from same volumes [Slow]" classname="Kubernetes e2e suite" time="0">
          <skipped></skipped>
      </testcase>
      <testcase name="[sig-storage] CSI Volumes [Driver: pd.csi.storage.gke.io][Serial] [Testpattern: Dynamic PV (ext4)] multiVolume [Slow] should access to two volumes with the same volume mode and retain data across pod recreation on the same node" classname="Kubernetes e2e suite" time="0">
          <skipped></skipped>
      </testcase>
      <testcase name="[sig-storage] In-tree Volumes [Driver: azure-disk] [Testpattern: Dynamic PV (filesystem volmode)] volumeLimits should support volume limits [Serial]" classname="Kubernetes e2e suite" time="0">
          <skipped></skipped>
      </testcase>
      <testcase name="[sig-scheduling] GPUDevicePluginAcrossRecreate [Feature:Recreate] run Nvidia GPU Device Plugin tests with a recreation" classname="Kubernetes e2e suite" time="0">
          <skipped></skipped>
      </testcase>
      <testcase name="[sig-storage] In-tree Volumes [Driver: hostPathSymlink] [Testpattern: Pre-provisioned PV (default fs)] subPath should be able to unmount after the subpath directory is deleted [LinuxOnly]" classname="Kubernetes e2e suite" time="0">
          <skipped></skipped>
      </testcase>
      <testcase name="[sig-storage] In-tree Volumes [Driver: local][LocalVolumeType: tmpfs] [Testpattern: Inline-volume (ntfs)][Feature:Windows] volumes should store data" classname="Kubernetes e2e suite" time="0">
          <skipped></skipped>
      </testcase>
      <testcase name="[sig-storage] In-tree Volumes [Driver: local][LocalVolumeType: dir] [Testpattern: Dynamic PV (ntfs)][Feature:Windows] volumes should store data" classname="Kubernetes e2e suite" time="0">
          <skipped></skipped>
      </testcase>
      <testcase name="[sig-storage] In-tree Volumes [Driver: gluster] [Testpattern: Pre-provisioned PV (filesystem volmode)] multiVolume [Slow] should access to two volumes with the same volume mode and retain data across pod recreation on different node" classname="Kubernetes e2e suite" time="0">
          <skipped></skipped>
      </testcase>
      <testcase name="[sig-storage] In-tree Volumes [Driver: local][LocalVolumeType: dir-bindmounted] [Testpattern: Dynamic PV (block volmode)] disruptive[Disruptive][LinuxOnly] Should test that pv used in a pod that is force deleted while the kubelet is down cleans up when the kubelet returns." classname="Kubernetes e2e suite" time="0">
          <skipped></skipped>
      </testcase>
      <testcase name="[sig-storage] CSI Volumes [Driver: csi-hostpath] [Testpattern: Dynamic PV (default fs)] fsgroupchangepolicy (OnRootMismatch)[LinuxOnly], pod created with an initial fsgroup, new pod fsgroup applied to volume contents" classname="Kubernetes e2e suite" time="0">
          <skipped></skipped>
      </testcase>
      <testcase name="[sig-storage] In-tree Volumes [Driver: local][LocalVolumeType: tmpfs] [Testpattern: Inline-volume (default fs)] volumes should store data" classname="Kubernetes e2e suite" time="0">
          <skipped></skipped>
      </testcase>
      <testcase name="[sig-storage] EmptyDir volumes when FSGroup is specified [LinuxOnly] [NodeFeature:FSGroup] volume on default medium should have the correct mode using FSGroup" classname="Kubernetes e2e suite" time="0">
          <skipped></skipped>
      </testcase>
      <testcase name="[sig-storage] In-tree Volumes [Driver: emptydir] [Testpattern: Dynamic PV (ext4)] multiVolume [Slow] should access to two volumes with different volume mode and retain data across pod recreation on the same node" classname="Kubernetes e2e suite" time="0">
          <skipped></skipped>
      </testcase>
      <testcase name="[sig-network] Services should prevent NodePort collisions" classname="Kubernetes e2e suite" time="0">
          <skipped></skipped>
      </testcase>
      <testcase name="[sig-storage] In-tree Volumes [Driver: cinder] [Testpattern: Pre-provisioned PV (default fs)] subPath should support existing directory" classname="Kubernetes e2e suite" time="0">
          <skipped></skipped>
      </testcase>
      <testcase name="[sig-api-machinery] ResourceQuota [Feature:PodPriority] should verify ResourceQuota&#39;s priority class scope (quota set to pod count: 1) against 2 pods with same priority class." classname="Kubernetes e2e suite" time="0">
          <skipped></skipped>
      </testcase>
      <testcase name="[sig-storage] In-tree Volumes [Driver: aws] [Testpattern: Pre-provisioned PV (block volmode)] multiVolume [Slow] should access to two volumes with the same volume mode and retain data across pod recreation on different node" classname="Kubernetes e2e suite" time="0">
          <skipped></skipped>
      </testcase>
      <testcase name="[sig-storage] In-tree Volumes [Driver: local][LocalVolumeType: dir] [Testpattern: Dynamic PV (ntfs)][Feature:Windows] subPath should unmount if pod is gracefully deleted while kubelet is down [Disruptive][Slow][LinuxOnly]" classname="Kubernetes e2e suite" time="0">
          <skipped></skipped>
      </testcase>
      <testcase name="[sig-storage] In-tree Volumes [Driver: local][LocalVolumeType: gce-localssd-scsi-fs] [Serial] [Testpattern: Pre-provisioned PV (block volmode)] multiVolume [Slow] should access to two volumes with the same volume mode and retain data across pod recreation on the same node" classname="Kubernetes e2e suite" time="0">
          <skipped></skipped>
      </testcase>
      <testcase name="[sig-storage] Projected secret should be consumable from pods in volume with mappings [NodeConformance] [Conformance]" classname="Kubernetes e2e suite" time="12.761164517"></testcase>
      <testcase name="[sig-storage] In-tree Volumes [Driver: local][LocalVolumeType: dir] [Testpattern: Dynamic PV (default fs)] subPath should unmount if pod is gracefully deleted while kubelet is down [Disruptive][Slow][LinuxOnly]" classname="Kubernetes e2e suite" time="0">
          <skipped></skipped>
      </testcase>
      <testcase name="[sig-storage] In-tree Volumes [Driver: cinder] [Testpattern: Inline-volume (ext4)] volumes should store data" classname="Kubernetes e2e suite" time="0">
          <skipped></skipped>
      </testcase>
      <testcase name="[sig-scheduling] SchedulerPriorities [Serial] PodTopologySpread Scoring validates pod should be preferably scheduled to node which makes the matching pods more evenly distributed" classname="Kubernetes e2e suite" time="0">
          <skipped></skipped>
      </testcase>
      <testcase name="[sig-storage] In-tree Volumes [Driver: iscsi][Feature:Volumes] [Testpattern: Dynamic PV (filesystem volmode)] multiVolume [Slow] should concurrently access the single volume from pods on different node" classname="Kubernetes e2e suite" time="0">
          <skipped></skipped>
      </testcase>
      <testcase name="[sig-storage] In-tree Volumes [Driver: local][LocalVolumeType: dir-link-bindmounted] [Testpattern: Pre-provisioned PV (default fs)] volumeIO should write files of various sizes, verify size, validate content [Slow][LinuxOnly]" classname="Kubernetes e2e suite" time="0">
          <skipped></skipped>
      </testcase>
      <testcase name="[sig-node] Kubelet when scheduling a busybox Pod with hostAliases should write entries to /etc/hosts [LinuxOnly] [NodeConformance] [Conformance]" classname="Kubernetes e2e suite" time="6.794411961"></testcase>
      <testcase name="[sig-storage] In-tree Volumes [Driver: local][LocalVolumeType: blockfs] [Testpattern: Dynamic PV (xfs)][Slow] multiVolume [Slow] should concurrently access the single volume from pods on the same node" classname="Kubernetes e2e suite" time="0">
          <skipped></skipped>
      </testcase>
      <testcase name="[sig-storage] In-tree Volumes [Driver: local][LocalVolumeType: gce-localssd-scsi-fs] [Serial] [Testpattern: Pre-provisioned PV (default fs)] subPath should support readOnly file specified in the volumeMount [LinuxOnly]" classname="Kubernetes e2e suite" time="0">
          <skipped></skipped>
      </testcase>
      <testcase name="[sig-storage] In-tree Volumes [Driver: gcepd] [Testpattern: Inline-volume (default fs)] subPath should support creating multiple subpath from same volumes [Slow]" classname="Kubernetes e2e suite" time="0">
          <skipped></skipped>
      </testcase>
      <testcase name="[sig-node] Container Runtime blackbox test on terminated container should report termination message [LinuxOnly] as empty when pod succeeds and TerminationMessagePolicy FallbackToLogsOnError is set [NodeConformance] [Conformance]" classname="Kubernetes e2e suite" time="6.299740926"></testcase>
      <testcase name="[sig-storage] In-tree Volumes [Driver: gcepd] [Testpattern: Inline-volume (default fs)] volumes should store data" classname="Kubernetes e2e suite" time="0">
          <skipped></skipped>
      </testcase>
      <testcase name="[sig-cli] Kubectl client Kubectl describe should check if kubectl describe prints relevant information for rc and pods  [Conformance]" classname="Kubernetes e2e suite" time="44.159771577"></testcase>
      <testcase name="[sig-storage] In-tree Volumes [Driver: cinder] [Testpattern: Dynamic PV (ext4)] multiVolume [Slow] should concurrently access the single volume from pods on the same node" classname="Kubernetes e2e suite" time="0">
          <skipped></skipped>
      </testcase>
      <testcase name="[sig-storage] PersistentVolumes-local  [Volume type: dir] Two pods mounting a local volume one after the other should be able to write from pod1 and read from pod2" classname="Kubernetes e2e suite" time="0">
          <skipped></skipped>
      </testcase>
      <testcase name="[sig-storage] Volume Placement [Feature:vsphere] should create and delete pod with the same volume source on the same worker node" classname="Kubernetes e2e suite" time="0">
          <skipped></skipped>
      </testcase>
      <testcase name="[sig-storage] In-tree Volumes [Driver: local][LocalVolumeType: dir-bindmounted] [Testpattern: Pre-provisioned PV (block volmode)] multiVolume [Slow] should concurrently access the volume and restored snapshot from pods on the same node [LinuxOnly][Feature:VolumeSnapshotDataSource][Feature:VolumeSourceXFS]" classname="Kubernetes e2e suite" time="0">
          <skipped></skipped>
      </testcase>
      <testcase name="[sig-storage] In-tree Volumes [Driver: iscsi][Feature:Volumes] [Testpattern: Inline-volume (default fs)] subPath should unmount if pod is force deleted while kubelet is down [Disruptive][Slow][LinuxOnly]" classname="Kubernetes e2e suite" time="0">
          <skipped></skipped>
      </testcase>
      <testcase name="[sig-storage] ConfigMap should be consumable from pods in volume as non-root with FSGroup [LinuxOnly] [NodeFeature:FSGroup]" classname="Kubernetes e2e suite" time="0">
          <skipped></skipped>
      </testcase>
      <testcase name="[sig-storage] In-tree Volumes [Driver: hostPath] [Testpattern: Dynamic PV (default fs)] subPath should support existing directory" classname="Kubernetes e2e suite" time="0">
          <skipped></skipped>
      </testcase>
      <testcase name="[sig-storage] In-tree Volumes [Driver: gcepd] [Testpattern: Inline-volume (default fs)] subPath should support restarting containers using directory as subpath [Slow]" classname="Kubernetes e2e suite" time="0">
          <skipped></skipped>
      </testcase>
      <testcase name="[sig-storage] In-tree Volumes [Driver: iscsi][Feature:Volumes] [Testpattern: Inline-volume (ext3)] volumes should store data" classname="Kubernetes e2e suite" time="0">
          <skipped></skipped>
      </testcase>
      <testcase name="[sig-storage] In-tree Volumes [Driver: local][LocalVolumeType: gce-localssd-scsi-fs] [Serial] [Testpattern: Dynamic PV (xfs)][Slow] multiVolume [Slow] should access to two volumes with the same volume mode and retain data across pod recreation on the same node" classname="Kubernetes e2e suite" time="0">
          <skipped></skipped>
      </testcase>
      <testcase name="[sig-storage] In-tree Volumes [Driver: ceph][Feature:Volumes][Serial] [Testpattern: Dynamic PV (filesystem volmode)] multiVolume [Slow] should access to two volumes with the same volume mode and retain data across pod recreation on the same node" classname="Kubernetes e2e suite" time="0">
          <skipped></skipped>
      </testcase>
      <testcase name="[sig-autoscaling] [Feature:HPA] Horizontal pod autoscaling (scale resource: CPU) [Serial] [Slow] Deployment Should scale from 1 pod to 3 pods and from 3 to 5" classname="Kubernetes e2e suite" time="0">
          <skipped></skipped>
      </testcase>
      <testcase name="[sig-storage] In-tree Volumes [Driver: gluster] [Testpattern: Dynamic PV (default fs)] fsgroupchangepolicy (Always)[LinuxOnly], pod created with an initial fsgroup, volume contents ownership changed in first pod, new pod with same fsgroup applied to the volume contents" classname="Kubernetes e2e suite" time="0">
          <skipped></skipped>
      </testcase>
      <testcase name="[sig-storage] In-tree Volumes [Driver: windows-gcepd] [Testpattern: Dynamic PV (block volmode)(allowExpansion)] volume-expand Verify if offline PVC expansion works" classname="Kubernetes e2e suite" time="0">
          <skipped></skipped>
      </testcase>
      <testcase name="[sig-storage] Downward API volume should provide container&#39;s memory request [NodeConformance] [Conformance]" classname="Kubernetes e2e suite" time="9.858528968"></testcase>
      <testcase name="[sig-storage] In-tree Volumes [Driver: aws] [Testpattern: Inline-volume (default fs)] subPath should unmount if pod is gracefully deleted while kubelet is down [Disruptive][Slow][LinuxOnly]" classname="Kubernetes e2e suite" time="0">
          <skipped></skipped>
      </testcase>
      <testcase name="[sig-storage] In-tree Volumes [Driver: aws] [Testpattern: Dynamic PV (immediate binding)] topology should fail to schedule a pod which has topologies that conflict with AllowedTopologies" classname="Kubernetes e2e suite" time="0">
          <skipped></skipped>
      </testcase>
      <testcase name="[sig-network] Netpol NetworkPolicy between server and client should allow ingress access from updated namespace [Feature:NetworkPolicy]" classname="Kubernetes e2e suite" time="0">
          <skipped></skipped>
      </testcase>
      <testcase name="[sig-storage] In-tree Volumes [Driver: local][LocalVolumeType: tmpfs] [Testpattern: Inline-volume (ext3)] volumes should allow exec of files on the volume" classname="Kubernetes e2e suite" time="0">
          <skipped></skipped>
      </testcase>
      <testcase name="[sig-storage] In-tree Volumes [Driver: vsphere] [Testpattern: Dynamic PV (block volmode)] disruptive[Disruptive][LinuxOnly] Should test that pv written before kubelet restart is readable after restart." classname="Kubernetes e2e suite" time="0">
          <skipped></skipped>
      </testcase>
      <testcase name="[sig-storage] In-tree Volumes [Driver: hostPath] [Testpattern: Inline-volume (default fs)] subPath should support restarting containers using file as subpath [Slow][LinuxOnly]" classname="Kubernetes e2e suite" time="0">
          <skipped></skipped>
      </testcase>
      <testcase name="[sig-storage] PersistentVolumes-local  [Volume type: dir-bindmounted] One pod requesting one prebound PVC should be able to mount volume and read from pod1" classname="Kubernetes e2e suite" time="0">
          <skipped></skipped>
      </testcase>
      <testcase name="[sig-storage] In-tree Volumes [Driver: gluster] [Testpattern: Dynamic PV (ntfs)][Feature:Windows] subPath should support file as subpath [LinuxOnly]" classname="Kubernetes e2e suite" time="0">
          <skipped></skipped>
      </testcase>
      <testcase name="[sig-storage] In-tree Volumes [Driver: gcepd] [Testpattern: Pre-provisioned PV (block volmode)] multiVolume [Slow] should access to two volumes with different volume mode and retain data across pod recreation on the same node" classname="Kubernetes e2e suite" time="0">
          <skipped></skipped>
      </testcase>
      <testcase name="[sig-storage] In-tree Volumes [Driver: gluster] [Testpattern: Dynamic PV (ntfs)(allowExpansion)][Feature:Windows] volume-expand should resize volume when PVC is edited while pod is using it" classname="Kubernetes e2e suite" time="0">
          <skipped></skipped>
      </testcase>
      <testcase name="[sig-storage] In-tree Volumes [Driver: local][LocalVolumeType: block] [Testpattern: Dynamic PV (ext3)] volumes should store data" classname="Kubernetes e2e suite" time="0">
          <skipped></skipped>
      </testcase>
      <testcase name="[sig-storage] In-tree Volumes [Driver: aws] [Testpattern: Dynamic PV (block volmode)] volume-expand should not allow expansion of pvcs without AllowVolumeExpansion property" classname="Kubernetes e2e suite" time="0">
          <skipped></skipped>
      </testcase>
      <testcase name="[sig-storage] In-tree Volumes [Driver: hostPathSymlink] [Testpattern: Pre-provisioned PV (default fs)] subPath should fail if subpath directory is outside the volume [Slow][LinuxOnly]" classname="Kubernetes e2e suite" time="0">
          <skipped></skipped>
      </testcase>
      <testcase name="[sig-storage] In-tree Volumes [Driver: cinder] [Testpattern: Pre-provisioned PV (default fs)] subPath should support existing directories when readOnly specified in the volumeSource" classname="Kubernetes e2e suite" time="0">
          <skipped></skipped>
      </testcase>
      <testcase name="[sig-storage] In-tree Volumes [Driver: ceph][Feature:Volumes][Serial] [Testpattern: Inline-volume (ntfs)][Feature:Windows] volumes should store data" classname="Kubernetes e2e suite" time="0">
          <skipped></skipped>
      </testcase>
      <testcase name="[sig-storage] In-tree Volumes [Driver: aws] [Testpattern: Dynamic PV (ntfs)][Feature:Windows] subPath should unmount if pod is force deleted while kubelet is down [Disruptive][Slow][LinuxOnly]" classname="Kubernetes e2e suite" time="0">
          <skipped></skipped>
      </testcase>
      <testcase name="[sig-network] Networking Granular Checks: Services should function for pod-Service: sctp [Feature:SCTPConnectivity][Disruptive]" classname="Kubernetes e2e suite" time="0">
          <skipped></skipped>
      </testcase>
      <testcase name="[sig-storage] CSI Volumes [Driver: pd.csi.storage.gke.io][Serial] [Testpattern: Dynamic PV (default fs)] subPath should support restarting containers using directory as subpath [Slow]" classname="Kubernetes e2e suite" time="0">
          <skipped></skipped>
      </testcase>
      <testcase name="[sig-storage] In-tree Volumes [Driver: cinder] [Testpattern: Dynamic PV (default fs)] provisioning should provision storage with pvc data source" classname="Kubernetes e2e suite" time="0">
          <skipped></skipped>
      </testcase>
      <testcase name="[sig-storage] In-tree Volumes [Driver: vsphere] [Testpattern: Inline-volume (default fs)] subPath should unmount if pod is force deleted while kubelet is down [Disruptive][Slow][LinuxOnly]" classname="Kubernetes e2e suite" time="0">
          <skipped></skipped>
      </testcase>
      <testcase name="[sig-storage] In-tree Volumes [Driver: local][LocalVolumeType: dir] [Testpattern: Dynamic PV (ext4)] volumes should allow exec of files on the volume" classname="Kubernetes e2e suite" time="0">
          <skipped></skipped>
      </testcase>
      <testcase name="[sig-storage] In-tree Volumes [Driver: aws] [Testpattern: Dynamic PV (default fs)] subPath should support existing directories when readOnly specified in the volumeSource" classname="Kubernetes e2e suite" time="0">
          <skipped></skipped>
      </testcase>
      <testcase name="[sig-scheduling] SchedulerPredicates [Serial] validates that NodeAffinity is respected if not matching" classname="Kubernetes e2e suite" time="0">
          <skipped></skipped>
      </testcase>
      <testcase name="[sig-storage] In-tree Volumes [Driver: local][LocalVolumeType: gce-localssd-scsi-fs] [Serial] [Testpattern: Pre-provisioned PV (block volmode)] disruptive[Disruptive][LinuxOnly] Should test that pv written before kubelet restart is readable after restart." classname="Kubernetes e2e suite" time="0">
          <skipped></skipped>
      </testcase>
      <testcase name="[sig-storage] In-tree Volumes [Driver: local][LocalVolumeType: block] [Testpattern: Pre-provisioned PV (default fs)] volumeIO should write files of various sizes, verify size, validate content [Slow][LinuxOnly]" classname="Kubernetes e2e suite" time="0">
          <skipped></skipped>
      </testcase>
      <testcase name="[sig-storage] In-tree Volumes [Driver: cinder] [Testpattern: Inline-volume (default fs)] subPath should support restarting containers using file as subpath [Slow][LinuxOnly]" classname="Kubernetes e2e suite" time="0">
          <skipped></skipped>
      </testcase>
      <testcase name="[sig-storage] In-tree Volumes [Driver: iscsi][Feature:Volumes] [Testpattern: Inline-volume (ext4)] volumes should store data" classname="Kubernetes e2e suite" time="0">
          <skipped></skipped>
      </testcase>
      <testcase name="[sig-storage] In-tree Volumes [Driver: emptydir] [Testpattern: Dynamic PV (block volmode)] disruptive[Disruptive][LinuxOnly] Should test that pv used in a pod that is deleted while the kubelet is down cleans up when the kubelet returns." classname="Kubernetes e2e suite" time="0">
          <skipped></skipped>
      </testcase>
      <testcase name="[sig-storage] In-tree Volumes [Driver: aws] [Testpattern: Dynamic PV (default fs)] subPath should support creating multiple subpath from same volumes [Slow]" classname="Kubernetes e2e suite" time="0">
          <skipped></skipped>
      </testcase>
      <testcase name="[sig-storage] In-tree Volumes [Driver: local][LocalVolumeType: gce-localssd-scsi-fs] [Serial] [Testpattern: Pre-provisioned PV (block volmode)] volumeMode should fail to create pod by failing to mount volume [Slow]" classname="Kubernetes e2e suite" time="0">
          <skipped></skipped>
      </testcase>
      <testcase name="[sig-storage] In-tree Volumes [Driver: emptydir] [Testpattern: Dynamic PV (ntfs)][Feature:Windows] subPath should fail if subpath with backstepping is outside the volume [Slow][LinuxOnly]" classname="Kubernetes e2e suite" time="0">
          <skipped></skipped>
      </testcase>
      <testcase name="[sig-storage] In-tree Volumes [Driver: azure-disk] [Testpattern: Dynamic PV (default fs)] subPath should support existing directories when readOnly specified in the volumeSource" classname="Kubernetes e2e suite" time="0">
          <skipped></skipped>
      </testcase>
      <testcase name="[sig-node] ConfigMap should be consumable via the environment [NodeConformance] [Conformance]" classname="Kubernetes e2e suite" time="10.179337688"></testcase>
      <testcase name="[sig-storage] In-tree Volumes [Driver: local][LocalVolumeType: dir-link-bindmounted] [Testpattern: Pre-provisioned PV (ntfs)][Feature:Windows] volumes should store data" classname="Kubernetes e2e suite" time="0">
          <skipped></skipped>
      </testcase>
      <testcase name="[sig-storage] In-tree Volumes [Driver: local][LocalVolumeType: block] [Testpattern: Dynamic PV (default fs)] fsgroupchangepolicy (Always)[LinuxOnly], pod created with an initial fsgroup, volume contents ownership changed in first pod, new pod with same fsgroup applied to the volume contents" classname="Kubernetes e2e suite" time="0">
          <skipped></skipped>
      </testcase>
      <testcase name="[sig-cli] Kubectl client Kubectl replace should update a single-container pod&#39;s image  [Conformance]" classname="Kubernetes e2e suite" time="20.758159495"></testcase>
      <testcase name="[sig-storage] In-tree Volumes [Driver: local][LocalVolumeType: dir] [Testpattern: Dynamic PV (block volmode)] multiVolume [Slow] should access to two volumes with the same volume mode and retain data across pod recreation on the same node" classname="Kubernetes e2e suite" time="0">
          <skipped></skipped>
      </testcase>
      <testcase name="[sig-network] LoadBalancers should be able to change the type and ports of a TCP service [Slow]" classname="Kubernetes e2e suite" time="0">
          <skipped></skipped>
      </testcase>
      <testcase name="[sig-storage] In-tree Volumes [Driver: rbd][Feature:Volumes][Serial] [Testpattern: Inline-volume (default fs)] subPath should support creating multiple subpath from same volumes [Slow]" classname="Kubernetes e2e suite" time="0">
          <skipped></skipped>
      </testcase>
      <testcase name="[sig-storage] In-tree Volumes [Driver: gcepd] [Testpattern: Inline-volume (default fs)] subPath should support readOnly file specified in the volumeMount [LinuxOnly]" classname="Kubernetes e2e suite" time="0">
          <skipped></skipped>
      </testcase>
      <testcase name="[sig-storage] In-tree Volumes [Driver: local][LocalVolumeType: gce-localssd-scsi-fs] [Serial] [Testpattern: Inline-volume (default fs)] subPath should be able to unmount after the subpath directory is deleted [LinuxOnly]" classname="Kubernetes e2e suite" time="0">
          <skipped></skipped>
      </testcase>
      <testcase name="[sig-storage] In-tree Volumes [Driver: gcepd] [Testpattern: Dynamic PV (ext4)] multiVolume [Slow] should access to two volumes with different volume mode and retain data across pod recreation on different node" classname="Kubernetes e2e suite" time="0">
          <skipped></skipped>
      </testcase>
      <testcase name="[sig-storage] In-tree Volumes [Driver: azure-disk] [Testpattern: Pre-provisioned PV (ntfs)][Feature:Windows] volumes should allow exec of files on the volume" classname="Kubernetes e2e suite" time="0">
          <skipped></skipped>
      </testcase>
      <testcase name="[sig-storage] CSI Volumes [Driver: pd.csi.storage.gke.io][Serial] [Testpattern: Inline-volume (default fs)] volumeIO should write files of various sizes, verify size, validate content [Slow][LinuxOnly]" classname="Kubernetes e2e suite" time="0">
          <skipped></skipped>
      </testcase>
      <testcase name="[sig-storage] [Serial] Volume metrics should create metrics for total number of volumes in A/D Controller" classname="Kubernetes e2e suite" time="0">
          <skipped></skipped>
      </testcase>
      <testcase name="[sig-storage] In-tree Volumes [Driver: ceph][Feature:Volumes][Serial] [Testpattern: Dynamic PV (ntfs)][Feature:Windows] subPath should support restarting containers using directory as subpath [Slow]" classname="Kubernetes e2e suite" time="0">
          <skipped></skipped>
      </testcase>
      <testcase name="[sig-storage] In-tree Volumes [Driver: local][LocalVolumeType: dir-link-bindmounted] [Testpattern: Dynamic PV (ntfs)][Feature:Windows] subPath should support restarting containers using directory as subpath [Slow]" classname="Kubernetes e2e suite" time="0">
          <skipped></skipped>
      </testcase>
      <testcase name="[sig-storage] In-tree Volumes [Driver: local][LocalVolumeType: tmpfs] [Testpattern: Pre-provisioned PV (default fs)] subPath should be able to unmount after the subpath directory is deleted [LinuxOnly]" classname="Kubernetes e2e suite" time="0">
          <skipped></skipped>
      </testcase>
      <testcase name="[sig-storage] In-tree Volumes [Driver: aws] [Testpattern: Inline-volume (ext3)] volumes should store data" classname="Kubernetes e2e suite" time="0">
          <skipped></skipped>
      </testcase>
      <testcase name="[sig-storage] In-tree Volumes [Driver: local][LocalVolumeType: dir-link-bindmounted] [Testpattern: Inline-volume (default fs)] subPath should support readOnly directory specified in the volumeMount" classname="Kubernetes e2e suite" time="0">
          <skipped></skipped>
      </testcase>
      <testcase name="[sig-network] LoadBalancers should only allow access from service loadbalancer source ranges [Slow]" classname="Kubernetes e2e suite" time="0">
          <skipped></skipped>
      </testcase>
      <testcase name="[sig-storage] In-tree Volumes [Driver: local][LocalVolumeType: gce-localssd-scsi-fs] [Serial] [Testpattern: Dynamic PV (ntfs)][Feature:Windows] subPath should support existing directories when readOnly specified in the volumeSource" classname="Kubernetes e2e suite" time="0">
          <skipped></skipped>
      </testcase>
      <testcase name="[sig-storage] In-tree Volumes [Driver: local][LocalVolumeType: dir] [Testpattern: Pre-provisioned PV (default fs)] subPath should support readOnly directory specified in the volumeMount" classname="Kubernetes e2e suite" time="0">
          <skipped></skipped>
      </testcase>
      <testcase name="[sig-storage] In-tree Volumes [Driver: local][LocalVolumeType: block] [Testpattern: Dynamic PV (ntfs)][Feature:Windows] subPath should verify container cannot write to subpath readonly volumes [Slow]" classname="Kubernetes e2e suite" time="0">
          <skipped></skipped>
      </testcase>
      <testcase name="[sig-storage] In-tree Volumes [Driver: hostPath] [Testpattern: Dynamic PV (default fs)] provisioning should provision storage with snapshot data source [Feature:VolumeSnapshotDataSource]" classname="Kubernetes e2e suite" time="0">
          <skipped></skipped>
      </testcase>
      <testcase name="[sig-storage] In-tree Volumes [Driver: local][LocalVolumeType: dir-link] [Testpattern: Dynamic PV (filesystem volmode)] multiVolume [Slow] should access to two volumes with the same volume mode and retain data across pod recreation on different node" classname="Kubernetes e2e suite" time="0">
          <skipped></skipped>
      </testcase>
      <testcase name="[sig-storage] In-tree Volumes [Driver: local][LocalVolumeType: dir-link-bindmounted] [Testpattern: Dynamic PV (xfs)][Slow] volumes should store data" classname="Kubernetes e2e suite" time="0">
          <skipped></skipped>
      </testcase>
      <testcase name="[sig-storage] In-tree Volumes [Driver: gcepd] [Testpattern: Dynamic PV (ntfs)][Feature:Windows] subPath should support file as subpath [LinuxOnly]" classname="Kubernetes e2e suite" time="0">
          <skipped></skipped>
      </testcase>
      <testcase name="[sig-storage] PersistentVolumes-local  [Volume type: blockfswithoutformat] Two pods mounting a local volume one after the other should be able to write from pod1 and read from pod2" classname="Kubernetes e2e suite" time="0">
          <skipped></skipped>
      </testcase>
      <testcase name="[sig-storage] In-tree Volumes [Driver: local][LocalVolumeType: dir] [Testpattern: Dynamic PV (ntfs)][Feature:Windows] subPath should fail if subpath directory is outside the volume [Slow][LinuxOnly]" classname="Kubernetes e2e suite" time="0">
          <skipped></skipped>
      </testcase>
      <testcase name="[sig-storage] In-tree Volumes [Driver: local][LocalVolumeType: tmpfs] [Testpattern: Dynamic PV (default fs)] capacity provides storage capacity information" classname="Kubernetes e2e suite" time="0">
          <skipped></skipped>
      </testcase>
      <testcase name="[sig-storage] ConfigMap should be consumable from pods in volume with mappings and Item mode set [LinuxOnly] [NodeConformance] [Conformance]" classname="Kubernetes e2e suite" time="9.580339759"></testcase>
      <testcase name="[sig-storage] In-tree Volumes [Driver: gluster] [Testpattern: Dynamic PV (ntfs)][Feature:Windows] subPath should be able to unmount after the subpath directory is deleted [LinuxOnly]" classname="Kubernetes e2e suite" time="0">
          <skipped></skipped>
      </testcase>
      <testcase name="[sig-storage] In-tree Volumes [Driver: local][LocalVolumeType: dir-link] [Testpattern: Dynamic PV (default fs)(allowExpansion)] volume-expand should resize volume when PVC is edited while pod is using it" classname="Kubernetes e2e suite" time="0">
          <skipped></skipped>
      </testcase>
      <testcase name="[sig-storage] In-tree Volumes [Driver: iscsi][Feature:Volumes] [Testpattern: Pre-provisioned PV (default fs)] subPath should fail if non-existent subpath is outside the volume [Slow][LinuxOnly]" classname="Kubernetes e2e suite" time="0">
          <skipped></skipped>
      </testcase>
      <testcase name="[sig-storage] In-tree Volumes [Driver: windows-gcepd] [Testpattern: Inline-volume (default fs)] subPath should support existing single file [LinuxOnly]" classname="Kubernetes e2e suite" time="0">
          <skipped></skipped>
      </testcase>
      <testcase name="[sig-storage] Storage Policy Based Volume Provisioning [Feature:vsphere] verify VSAN storage capability with valid objectSpaceReservation and iopsLimit values is honored for dynamically provisioned pvc using storageclass" classname="Kubernetes e2e suite" time="0">
          <skipped></skipped>
      </testcase>
      <testcase name="[sig-storage] In-tree Volumes [Driver: local][LocalVolumeType: dir-link] [Testpattern: Dynamic PV (ntfs)][Feature:Windows] provisioning should provision storage with snapshot data source [Feature:VolumeSnapshotDataSource]" classname="Kubernetes e2e suite" time="0">
          <skipped></skipped>
      </testcase>
      <testcase name="[sig-storage] In-tree Volumes [Driver: nfs] [Testpattern: Dynamic PV (default fs)] subPath should support restarting containers using file as subpath [Slow][LinuxOnly]" classname="Kubernetes e2e suite" time="0">
          <skipped></skipped>
      </testcase>
      <testcase name="[sig-storage] NFSPersistentVolumes[Disruptive][Flaky] when kube-controller-manager restarts should delete a bound PVC from a clientPod, restart the kube-control-manager, and ensure the kube-controller-manager does not crash" classname="Kubernetes e2e suite" time="0">
          <skipped></skipped>
      </testcase>
      <testcase name="[sig-storage] CSI Volumes [Driver: csi-hostpath] [Testpattern: Generic Ephemeral-volume (default fs) (immediate-binding)] ephemeral should create read/write inline ephemeral volume" classname="Kubernetes e2e suite" time="0">
          <skipped></skipped>
      </testcase>
      <testcase name="[sig-storage] In-tree Volumes [Driver: hostPathSymlink] [Testpattern: Dynamic PV (default fs)] fsgroupchangepolicy (OnRootMismatch)[LinuxOnly], pod created with an initial fsgroup, new pod fsgroup applied to volume contents" classname="Kubernetes e2e suite" time="0">
          <skipped></skipped>
      </testcase>
      <testcase name="[sig-cli] Kubectl client Simple pod should support inline execution and attach" classname="Kubernetes e2e suite" time="0">
          <skipped></skipped>
      </testcase>
      <testcase name="[sig-node] Security Context should support seccomp unconfined on the container [LinuxOnly]" classname="Kubernetes e2e suite" time="0">
          <skipped></skipped>
      </testcase>
      <testcase name="[sig-storage] In-tree Volumes [Driver: local][LocalVolumeType: blockfs] [Testpattern: Dynamic PV (ntfs)][Feature:Windows] subPath should support file as subpath [LinuxOnly]" classname="Kubernetes e2e suite" time="0">
          <skipped></skipped>
      </testcase>
      <testcase name="[sig-storage] In-tree Volumes [Driver: local][LocalVolumeType: dir] [Testpattern: Pre-provisioned PV (default fs)] volumes should allow exec of files on the volume" classname="Kubernetes e2e suite" time="0">
          <skipped></skipped>
      </testcase>
      <testcase name="[sig-storage] In-tree Volumes [Driver: local][LocalVolumeType: blockfs] [Testpattern: Dynamic PV (block volmode)] volumeMode should fail in binding dynamic provisioned PV to PVC [Slow][LinuxOnly]" classname="Kubernetes e2e suite" time="0">
          <skipped></skipped>
      </testcase>
      <testcase name="[sig-storage] In-tree Volumes [Driver: windows-gcepd] [Testpattern: Dynamic PV (block volmode)] volumes should store data" classname="Kubernetes e2e suite" time="0">
          <skipped></skipped>
      </testcase>
      <testcase name="[sig-storage] In-tree Volumes [Driver: aws] [Testpattern: Dynamic PV (block volmode)] multiVolume [Slow] should concurrently access the volume and its clone from pods on the same node [LinuxOnly][Feature:VolumeSnapshotDataSource][Feature:VolumeSourceXFS]" classname="Kubernetes e2e suite" time="0">
          <skipped></skipped>
      </testcase>
      <testcase name="[sig-storage] In-tree Volumes [Driver: gluster] [Testpattern: Dynamic PV (block volmode)] disruptive[Disruptive][LinuxOnly] Should test that pv written before kubelet restart is readable after restart." classname="Kubernetes e2e suite" time="0">
          <skipped></skipped>
      </testcase>
      <testcase name="[sig-storage] In-tree Volumes [Driver: gluster] [Testpattern: Pre-provisioned PV (default fs)] subPath should verify container cannot write to subpath readonly volumes [Slow]" classname="Kubernetes e2e suite" time="0">
          <skipped></skipped>
      </testcase>
      <testcase name="[sig-storage] In-tree Volumes [Driver: local][LocalVolumeType: dir-link-bindmounted] [Testpattern: Pre-provisioned PV (default fs)] subPath should unmount if pod is gracefully deleted while kubelet is down [Disruptive][Slow][LinuxOnly]" classname="Kubernetes e2e suite" time="0">
          <skipped></skipped>
      </testcase>
      <testcase name="[sig-storage] In-tree Volumes [Driver: local][LocalVolumeType: tmpfs] [Testpattern: Pre-provisioned PV (default fs)] subPath should support existing directory" classname="Kubernetes e2e suite" time="0">
          <skipped></skipped>
      </testcase>
      <testcase name="[sig-storage] PersistentVolumes-local  [Volume type: gce-localssd-scsi-fs] [Serial] Two pods mounting a local volume at the same time should be able to write from pod1 and read from pod2" classname="Kubernetes e2e suite" time="0">
          <skipped></skipped>
      </testcase>
      <testcase name="[sig-storage] In-tree Volumes [Driver: vsphere] [Testpattern: Dynamic PV (default fs)] subPath should support file as subpath [LinuxOnly]" classname="Kubernetes e2e suite" time="0">
          <skipped></skipped>
      </testcase>
      <testcase name="[sig-storage] CSI Volumes [Driver: csi-hostpath] [Testpattern: Pre-provisioned PV (filesystem volmode)] volumeMode should fail to use a volume in a pod with mismatched mode [Slow]" classname="Kubernetes e2e suite" time="0">
          <skipped></skipped>
      </testcase>
      <testcase name="[sig-storage] In-tree Volumes [Driver: windows-gcepd] [Testpattern: Pre-provisioned PV (filesystem volmode)] multiVolume [Slow] should concurrently access the single volume from pods on different node" classname="Kubernetes e2e suite" time="0">
          <skipped></skipped>
      </testcase>
      <testcase name="[sig-network] Networking Granular Checks: Services should update endpoints: udp" classname="Kubernetes e2e suite" time="0">
          <skipped></skipped>
      </testcase>
      <testcase name="[sig-storage] In-tree Volumes [Driver: windows-gcepd] [Testpattern: Pre-provisioned PV (default fs)] subPath should support file as subpath [LinuxOnly]" classname="Kubernetes e2e suite" time="0">
          <skipped></skipped>
      </testcase>
      <testcase name="[sig-storage] In-tree Volumes [Driver: ceph][Feature:Volumes][Serial] [Testpattern: Pre-provisioned PV (filesystem volmode)] multiVolume [Slow] should concurrently access the single volume from pods on the same node" classname="Kubernetes e2e suite" time="0">
          <skipped></skipped>
      </testcase>
      <testcase name="[sig-storage] In-tree Volumes [Driver: emptydir] [Testpattern: Dynamic PV (block volmode)] disruptive[Disruptive][LinuxOnly] Should test that pv used in a pod that is force deleted while the kubelet is down cleans up when the kubelet returns." classname="Kubernetes e2e suite" time="0">
          <skipped></skipped>
      </testcase>
      <testcase name="[sig-storage] In-tree Volumes [Driver: hostPathSymlink] [Testpattern: Dynamic PV (default fs)] volumes should store data" classname="Kubernetes e2e suite" time="0">
          <skipped></skipped>
      </testcase>
      <testcase name="[sig-storage] In-tree Volumes [Driver: hostPath] [Testpattern: Dynamic PV (xfs)][Slow] multiVolume [Slow] should concurrently access the volume and restored snapshot from pods on the same node [LinuxOnly][Feature:VolumeSnapshotDataSource][Feature:VolumeSourceXFS]" classname="Kubernetes e2e suite" time="0">
          <skipped></skipped>
      </testcase>
      <testcase name="[sig-storage] In-tree Volumes [Driver: hostPath] [Testpattern: Dynamic PV (ntfs)][Feature:Windows] volume-expand should not allow expansion of pvcs without AllowVolumeExpansion property" classname="Kubernetes e2e suite" time="0">
          <skipped></skipped>
      </testcase>
      <testcase name="[sig-node] Pods should get a host IP [NodeConformance] [Conformance]" classname="Kubernetes e2e suite" time="6.463156028"></testcase>
      <testcase name="[sig-storage] In-tree Volumes [Driver: ceph][Feature:Volumes][Serial] [Testpattern: Dynamic PV (default fs)] subPath should fail if subpath directory is outside the volume [Slow][LinuxOnly]" classname="Kubernetes e2e suite" time="0">
          <skipped></skipped>
      </testcase>
      <testcase name="[sig-storage] In-tree Volumes [Driver: cinder] [Testpattern: Dynamic PV (default fs)] volume-expand should not allow expansion of pvcs without AllowVolumeExpansion property" classname="Kubernetes e2e suite" time="0">
          <skipped></skipped>
      </testcase>
      <testcase name="[sig-storage] In-tree Volumes [Driver: gcepd] [Testpattern: Inline-volume (ntfs)][Feature:Windows] volumes should allow exec of files on the volume" classname="Kubernetes e2e suite" time="0">
          <skipped></skipped>
      </testcase>
      <testcase name="[sig-storage] PersistentVolumes-local  [Volume type: blockfswithformat] Set fsGroup for local volume should set fsGroup for one pod [Slow]" classname="Kubernetes e2e suite" time="0">
          <skipped></skipped>
      </testcase>
      <testcase name="[sig-node] Kubelet when scheduling a read only busybox container should not write to root filesystem [LinuxOnly] [NodeConformance] [Conformance]" classname="Kubernetes e2e suite" time="8.226766471"></testcase>
      <testcase name="[sig-storage] In-tree Volumes [Driver: local][LocalVolumeType: gce-localssd-scsi-fs] [Serial] [Testpattern: Dynamic PV (filesystem volmode)] multiVolume [Slow] should concurrently access the single read-only volume from pods on the same node" classname="Kubernetes e2e suite" time="0">
          <skipped></skipped>
      </testcase>
      <testcase name="[sig-storage] In-tree Volumes [Driver: gcepd] [Testpattern: Pre-provisioned PV (block volmode)] volumeMode should not mount / map unused volumes in a pod [LinuxOnly]" classname="Kubernetes e2e suite" time="0">
          <skipped></skipped>
      </testcase>
      <testcase name="[sig-storage] In-tree Volumes [Driver: vsphere] [Testpattern: Pre-provisioned PV (default fs)] subPath should fail if subpath with backstepping is outside the volume [Slow][LinuxOnly]" classname="Kubernetes e2e suite" time="0">
          <skipped></skipped>
      </testcase>
      <testcase name="[sig-storage] In-tree Volumes [Driver: aws] [Testpattern: Dynamic PV (default fs)(allowExpansion)] volume-expand should resize volume when PVC is edited while pod is using it" classname="Kubernetes e2e suite" time="0">
          <skipped></skipped>
      </testcase>
      <testcase name="[sig-storage] In-tree Volumes [Driver: gcepd] [Testpattern: Dynamic PV (block volmode)] disruptive[Disruptive][LinuxOnly] Should test that pv written before kubelet restart is readable after restart." classname="Kubernetes e2e suite" time="0">
          <skipped></skipped>
      </testcase>
      <testcase name="[sig-storage] In-tree Volumes [Driver: emptydir] [Testpattern: Dynamic PV (ntfs)][Feature:Windows] subPath should support existing directory" classname="Kubernetes e2e suite" time="0">
          <skipped></skipped>
      </testcase>
      <testcase name="[sig-cluster-lifecycle] [Feature:BootstrapTokens] should resign the bootstrap tokens when the clusterInfo ConfigMap updated [Serial][Disruptive]" classname="Kubernetes e2e suite" time="0">
          <skipped></skipped>
      </testcase>
      <testcase name="[sig-storage] Storage Policy Based Volume Provisioning [Feature:vsphere] verify clean up of stale dummy VM for dynamically provisioned pvc using SPBM policy" classname="Kubernetes e2e suite" time="0">
          <skipped></skipped>
      </testcase>
      <testcase name="[sig-storage] In-tree Volumes [Driver: vsphere] [Testpattern: Dynamic PV (ext4)] multiVolume [Slow] should concurrently access the single volume from pods on different node" classname="Kubernetes e2e suite" time="0">
          <skipped></skipped>
      </testcase>
      <testcase name="[sig-storage] In-tree Volumes [Driver: local][LocalVolumeType: dir-bindmounted] [Testpattern: Dynamic PV (ntfs)][Feature:Windows] provisioning should provision storage with mount options" classname="Kubernetes e2e suite" time="0">
          <skipped></skipped>
      </testcase>
      <testcase name="[sig-storage] In-tree Volumes [Driver: rbd][Feature:Volumes][Serial] [Testpattern: Pre-provisioned PV (ntfs)][Feature:Windows] volumes should allow exec of files on the volume" classname="Kubernetes e2e suite" time="0">
          <skipped></skipped>
      </testcase>
      <testcase name="[sig-storage] In-tree Volumes [Driver: iscsi][Feature:Volumes] [Testpattern: Inline-volume (xfs)][Slow] volumes should allow exec of files on the volume" classname="Kubernetes e2e suite" time="0">
          <skipped></skipped>
      </testcase>
      <testcase name="[sig-storage] In-tree Volumes [Driver: local][LocalVolumeType: block] [Testpattern: Inline-volume (default fs)] volumeIO should write files of various sizes, verify size, validate content [Slow][LinuxOnly]" classname="Kubernetes e2e suite" time="0">
          <skipped></skipped>
      </testcase>
      <testcase name="[sig-storage] In-tree Volumes [Driver: gluster] [Testpattern: Pre-provisioned PV (block volmode)] multiVolume [Slow] should concurrently access the volume and restored snapshot from pods on the same node [LinuxOnly][Feature:VolumeSnapshotDataSource][Feature:VolumeSourceXFS]" classname="Kubernetes e2e suite" time="0">
          <skipped></skipped>
      </testcase>
      <testcase name="[sig-storage] In-tree Volumes [Driver: cinder] [Testpattern: Dynamic PV (block volmode)] volumeMode should fail to use a volume in a pod with mismatched mode [Slow]" classname="Kubernetes e2e suite" time="0">
          <skipped></skipped>
      </testcase>
      <testcase name="[sig-storage] In-tree Volumes [Driver: local][LocalVolumeType: block] [Testpattern: Dynamic PV (ntfs)][Feature:Windows] subPath should support readOnly directory specified in the volumeMount" classname="Kubernetes e2e suite" time="0">
          <skipped></skipped>
      </testcase>
      <testcase name="[sig-storage] In-tree Volumes [Driver: emptydir] [Testpattern: Dynamic PV (ntfs)][Feature:Windows] subPath should support existing directories when readOnly specified in the volumeSource" classname="Kubernetes e2e suite" time="0">
          <skipped></skipped>
      </testcase>
      <testcase name="[sig-node] ConfigMap should update ConfigMap successfully" classname="Kubernetes e2e suite" time="0">
          <skipped></skipped>
      </testcase>
      <testcase name="[sig-storage] In-tree Volumes [Driver: local][LocalVolumeType: blockfs] [Testpattern: Dynamic PV (block volmode)] volume-stress multiple pods should access different volumes repeatedly [Slow] [Serial]" classname="Kubernetes e2e suite" time="0">
          <skipped></skipped>
      </testcase>
      <testcase name="[sig-apps] StatefulSet Basic StatefulSet functionality [StatefulSetBasic] should perform canary updates and phased rolling updates of template modifications [Conformance]" classname="Kubernetes e2e suite" time="101.691785112"></testcase>
      <testcase name="[sig-storage] In-tree Volumes [Driver: hostPathSymlink] [Testpattern: Dynamic PV (ntfs)(allowExpansion)][Feature:Windows] volume-expand should resize volume when PVC is edited while pod is using it" classname="Kubernetes e2e suite" time="0">
          <skipped></skipped>
      </testcase>
      <testcase name="[sig-storage] In-tree Volumes [Driver: local][LocalVolumeType: gce-localssd-scsi-fs] [Serial] [Testpattern: Pre-provisioned PV (default fs)] subPath should support readOnly directory specified in the volumeMount" classname="Kubernetes e2e suite" time="0">
          <skipped></skipped>
      </testcase>
      <testcase name="[sig-api-machinery] AdmissionWebhook [Privileged:ClusterAdmin] should mutate custom resource [Conformance]" classname="Kubernetes e2e suite" time="11.793738762"></testcase>
      <testcase name="[sig-storage] In-tree Volumes [Driver: local][LocalVolumeType: dir-link-bindmounted] [Testpattern: Dynamic PV (filesystem volmode)] multiVolume [Slow] should concurrently access the volume and restored snapshot from pods on the same node [LinuxOnly][Feature:VolumeSnapshotDataSource][Feature:VolumeSourceXFS]" classname="Kubernetes e2e suite" time="0">
          <skipped></skipped>
      </testcase>
      <testcase name="[sig-storage] In-tree Volumes [Driver: local][LocalVolumeType: dir-link] [Testpattern: Dynamic PV (default fs)] subPath should support existing directories when readOnly specified in the volumeSource" classname="Kubernetes e2e suite" time="0">
          <skipped></skipped>
      </testcase>
      <testcase name="[sig-storage] In-tree Volumes [Driver: hostPath] [Testpattern: Dynamic PV (default fs)] volumeIO should write files of various sizes, verify size, validate content [Slow][LinuxOnly]" classname="Kubernetes e2e suite" time="0">
          <skipped></skipped>
      </testcase>
      <testcase name="[sig-storage] In-tree Volumes [Driver: azure-disk] [Testpattern: Dynamic PV (block volmode)] disruptive[Disruptive][LinuxOnly] Should test that pv written before kubelet restart is readable after restart." classname="Kubernetes e2e suite" time="0">
          <skipped></skipped>
      </testcase>
      <testcase name="[sig-storage] In-tree Volumes [Driver: hostPathSymlink] [Testpattern: Dynamic PV (block volmode)] disruptive[Disruptive][LinuxOnly] Should test that pv used in a pod that is force deleted while the kubelet is down cleans up when the kubelet returns." classname="Kubernetes e2e suite" time="0">
          <skipped></skipped>
      </testcase>
      <testcase name="[sig-windows] [Feature:Windows] GMSA Kubelet [Slow] kubelet GMSA support when creating a pod with correct GMSA credential specs passes the credential specs down to the Pod&#39;s containers" classname="Kubernetes e2e suite" time="0">
          <skipped></skipped>
      </testcase>
      <testcase name="[sig-storage] In-tree Volumes [Driver: local][LocalVolumeType: tmpfs] [Testpattern: Pre-provisioned PV (default fs)] subPath should support file as subpath [LinuxOnly]" classname="Kubernetes e2e suite" time="0">
          <skipped></skipped>
      </testcase>
      <testcase name="[sig-storage] In-tree Volumes [Driver: emptydir] [Testpattern: Inline-volume (default fs)] volumes should store data" classname="Kubernetes e2e suite" time="0">
          <skipped></skipped>
      </testcase>
      <testcase name="[sig-storage] In-tree Volumes [Driver: hostPath] [Testpattern: Inline-volume (default fs)] subPath should support restarting containers using directory as subpath [Slow]" classname="Kubernetes e2e suite" time="0">
          <skipped></skipped>
      </testcase>
      <testcase name="[sig-storage] CSI Volumes [Driver: pd.csi.storage.gke.io][Serial] [Testpattern: Dynamic PV (xfs)][Slow] multiVolume [Slow] should concurrently access the single read-only volume from pods on the same node" classname="Kubernetes e2e suite" time="0">
          <skipped></skipped>
      </testcase>
      <testcase name="[sig-storage] In-tree Volumes [Driver: local][LocalVolumeType: block] [Testpattern: Pre-provisioned PV (filesystem volmode)] volumeMode should fail to use a volume in a pod with mismatched mode [Slow]" classname="Kubernetes e2e suite" time="0">
          <skipped></skipped>
      </testcase>
      <testcase name="[sig-storage] CSI Volumes [Driver: pd.csi.storage.gke.io][Serial] [Testpattern: Dynamic PV (block volmode)] provisioning should provision storage with pvc data source in parallel [Slow]" classname="Kubernetes e2e suite" time="0">
          <skipped></skipped>
      </testcase>
      <testcase name="[sig-storage] Node Unregister [Feature:vsphere] [Slow] [Disruptive] node unregister" classname="Kubernetes e2e suite" time="0">
          <skipped></skipped>
      </testcase>
      <testcase name="[sig-storage] In-tree Volumes [Driver: nfs] [Testpattern: Dynamic PV (ntfs)][Feature:Windows] subPath should fail if subpath directory is outside the volume [Slow][LinuxOnly]" classname="Kubernetes e2e suite" time="0">
          <skipped></skipped>
      </testcase>
      <testcase name="[sig-storage] PersistentVolumes-local  StatefulSet with pod affinity [Slow] should use volumes spread across nodes when pod management is parallel and pod has anti-affinity" classname="Kubernetes e2e suite" time="0">
          <skipped></skipped>
      </testcase>
      <testcase name="[sig-storage] In-tree Volumes [Driver: local][LocalVolumeType: dir] [Testpattern: Dynamic PV (filesystem volmode)] disruptive[Disruptive][LinuxOnly] Should test that pv written before kubelet restart is readable after restart." classname="Kubernetes e2e suite" time="0">
          <skipped></skipped>
      </testcase>
      <testcase name="[sig-storage] In-tree Volumes [Driver: local][LocalVolumeType: dir-link] [Testpattern: Pre-provisioned PV (default fs)] volumeIO should write files of various sizes, verify size, validate content [Slow][LinuxOnly]" classname="Kubernetes e2e suite" time="0">
          <skipped></skipped>
      </testcase>
      <testcase name="[sig-storage] PersistentVolumes:vsphere [Feature:vsphere] should test that deleting the PV before the pod does not cause pod deletion to fail on vsphere volume detach" classname="Kubernetes e2e suite" time="0">
          <skipped></skipped>
      </testcase>
      <testcase name="[sig-storage] In-tree Volumes [Driver: local][LocalVolumeType: dir-link] [Testpattern: Pre-provisioned PV (block volmode)] multiVolume [Slow] should concurrently access the single read-only volume from pods on the same node" classname="Kubernetes e2e suite" time="0">
          <skipped></skipped>
      </testcase>
      <testcase name="[sig-storage] In-tree Volumes [Driver: iscsi][Feature:Volumes] [Testpattern: Dynamic PV (ntfs)][Feature:Windows] subPath should support restarting containers using directory as subpath [Slow]" classname="Kubernetes e2e suite" time="0">
          <skipped></skipped>
      </testcase>
      <testcase name="[sig-storage] In-tree Volumes [Driver: nfs] [Testpattern: Pre-provisioned PV (default fs)] subPath should fail if subpath directory is outside the volume [Slow][LinuxOnly]" classname="Kubernetes e2e suite" time="0">
          <skipped></skipped>
      </testcase>
      <testcase name="[sig-storage] In-tree Volumes [Driver: local][LocalVolumeType: tmpfs] [Testpattern: Pre-provisioned PV (block volmode)] volumeMode should not mount / map unused volumes in a pod [LinuxOnly]" classname="Kubernetes e2e suite" time="0">
          <skipped></skipped>
      </testcase>
      <testcase name="[sig-storage] In-tree Volumes [Driver: local][LocalVolumeType: dir-bindmounted] [Testpattern: Dynamic PV (filesystem volmode)] multiVolume [Slow] should access to two volumes with the same volume mode and retain data across pod recreation on the same node" classname="Kubernetes e2e suite" time="0">
          <skipped></skipped>
      </testcase>
      <testcase name="[sig-storage] In-tree Volumes [Driver: ceph][Feature:Volumes][Serial] [Testpattern: Dynamic PV (default fs)] provisioning should provision storage with snapshot data source [Feature:VolumeSnapshotDataSource]" classname="Kubernetes e2e suite" time="0">
          <skipped></skipped>
      </testcase>
      <testcase name="[sig-instrumentation] Events API should delete a collection of events [Conformance]" classname="Kubernetes e2e suite" time="0.393784211"></testcase>
      <testcase name="[sig-storage] In-tree Volumes [Driver: iscsi][Feature:Volumes] [Testpattern: Inline-volume (default fs)] subPath should verify container cannot write to subpath readonly volumes [Slow]" classname="Kubernetes e2e suite" time="0">
          <skipped></skipped>
      </testcase>
      <testcase name="[sig-storage] In-tree Volumes [Driver: local][LocalVolumeType: block] [Testpattern: Dynamic PV (xfs)][Slow] multiVolume [Slow] should access to two volumes with different volume mode and retain data across pod recreation on different node" classname="Kubernetes e2e suite" time="0">
          <skipped></skipped>
      </testcase>
      <testcase name="[sig-storage] In-tree Volumes [Driver: vsphere] [Testpattern: Dynamic PV (ntfs)][Feature:Windows] subPath should support existing directories when readOnly specified in the volumeSource" classname="Kubernetes e2e suite" time="0">
          <skipped></skipped>
      </testcase>
      <testcase name="[sig-apps] Job should run a job to completion when tasks sometimes fail and are locally restarted [Conformance]" classname="Kubernetes e2e suite" time="30.177840784"></testcase>
      <testcase name="[sig-storage] In-tree Volumes [Driver: hostPath] [Testpattern: Pre-provisioned PV (default fs)] subPath should support readOnly file specified in the volumeMount [LinuxOnly]" classname="Kubernetes e2e suite" time="0">
          <skipped></skipped>
      </testcase>
      <testcase name="[sig-storage] CSI mock volume CSI NodeUnstage error cases [Slow] two pods: should call NodeStage after previous NodeUnstage transient error" classname="Kubernetes e2e suite" time="0">
          <skipped></skipped>
      </testcase>
      <testcase name="[sig-storage] Zone Support [Feature:vsphere] Verify a pod is created and attached to a dynamically created PV, based on the allowed zones and datastore specified in storage class" classname="Kubernetes e2e suite" time="0">
          <skipped></skipped>
      </testcase>
      <testcase name="[sig-storage] In-tree Volumes [Driver: vsphere] [Testpattern: Dynamic PV (default fs)] subPath should support restarting containers using directory as subpath [Slow]" classname="Kubernetes e2e suite" time="0">
          <skipped></skipped>
      </testcase>
      <testcase name="[sig-storage] In-tree Volumes [Driver: nfs] [Testpattern: Pre-provisioned PV (default fs)] subPath should fail if subpath file is outside the volume [Slow][LinuxOnly]" classname="Kubernetes e2e suite" time="0">
          <skipped></skipped>
      </testcase>
      <testcase name="[sig-storage] In-tree Volumes [Driver: local][LocalVolumeType: dir-link-bindmounted] [Testpattern: Dynamic PV (ntfs)][Feature:Windows] subPath should unmount if pod is gracefully deleted while kubelet is down [Disruptive][Slow][LinuxOnly]" classname="Kubernetes e2e suite" time="0">
          <skipped></skipped>
      </testcase>
      <testcase name="[sig-autoscaling] Cluster size autoscaling [Slow] shouldn&#39;t increase cluster size if pending pod is too large [Feature:ClusterSizeAutoscalingScaleUp]" classname="Kubernetes e2e suite" time="0">
          <skipped></skipped>
      </testcase>
      <testcase name="[sig-storage] [Serial] Volume metrics should create volume metrics with the correct FilesystemMode PVC ref" classname="Kubernetes e2e suite" time="0">
          <skipped></skipped>
      </testcase>
      <testcase name="[sig-storage] In-tree Volumes [Driver: vsphere] [Testpattern: Dynamic PV (filesystem volmode)] multiVolume [Slow] should concurrently access the volume and restored snapshot from pods on the same node [LinuxOnly][Feature:VolumeSnapshotDataSource][Feature:VolumeSourceXFS]" classname="Kubernetes e2e suite" time="0">
          <skipped></skipped>
      </testcase>
      <testcase name="[sig-storage] In-tree Volumes [Driver: cinder] [Testpattern: Pre-provisioned PV (default fs)] volumes should allow exec of files on the volume" classname="Kubernetes e2e suite" time="0">
          <skipped></skipped>
      </testcase>
      <testcase name="[sig-storage] In-tree Volumes [Driver: local][LocalVolumeType: dir-link-bindmounted] [Testpattern: Pre-provisioned PV (default fs)] subPath should be able to unmount after the subpath directory is deleted [LinuxOnly]" classname="Kubernetes e2e suite" time="0">
          <skipped></skipped>
      </testcase>
      <testcase name="[sig-storage] In-tree Volumes [Driver: local][LocalVolumeType: dir-link] [Testpattern: Dynamic PV (block volmode)(allowExpansion)] volume-expand should resize volume when PVC is edited while pod is using it" classname="Kubernetes e2e suite" time="0">
          <skipped></skipped>
      </testcase>
      <testcase name="[sig-storage] In-tree Volumes [Driver: local][LocalVolumeType: dir-link-bindmounted] [Testpattern: Dynamic PV (ntfs)][Feature:Windows] subPath should fail if subpath directory is outside the volume [Slow][LinuxOnly]" classname="Kubernetes e2e suite" time="0">
          <skipped></skipped>
      </testcase>
      <testcase name="[sig-storage] In-tree Volumes [Driver: rbd][Feature:Volumes][Serial] [Testpattern: Dynamic PV (filesystem volmode)] multiVolume [Slow] should access to two volumes with different volume mode and retain data across pod recreation on different node" classname="Kubernetes e2e suite" time="0">
          <skipped></skipped>
      </testcase>
      <testcase name="[sig-storage] In-tree Volumes [Driver: local][LocalVolumeType: dir] [Testpattern: Dynamic PV (ext4)] multiVolume [Slow] should concurrently access the volume and its clone from pods on the same node [LinuxOnly][Feature:VolumeSnapshotDataSource][Feature:VolumeSourceXFS]" classname="Kubernetes e2e suite" time="0">
          <skipped></skipped>
      </testcase>
      <testcase name="[sig-network] NetworkPolicyLegacy [LinuxOnly] NetworkPolicy between server and client should work with Ingress,Egress specified together [Feature:NetworkPolicy]" classname="Kubernetes e2e suite" time="0">
          <skipped></skipped>
      </testcase>
      <testcase name="[sig-storage] In-tree Volumes [Driver: rbd][Feature:Volumes][Serial] [Testpattern: Pre-provisioned PV (block volmode)] volumeMode should not mount / map unused volumes in a pod [LinuxOnly]" classname="Kubernetes e2e suite" time="0">
          <skipped></skipped>
      </testcase>
      <testcase name="[sig-storage] In-tree Volumes [Driver: iscsi][Feature:Volumes] [Testpattern: Inline-volume (default fs)] subPath should support file as subpath [LinuxOnly]" classname="Kubernetes e2e suite" time="0">
          <skipped></skipped>
      </testcase>
      <testcase name="[sig-storage] In-tree Volumes [Driver: iscsi][Feature:Volumes] [Testpattern: Pre-provisioned PV (filesystem volmode)] volumeMode should not mount / map unused volumes in a pod [LinuxOnly]" classname="Kubernetes e2e suite" time="0">
          <skipped></skipped>
      </testcase>
      <testcase name="[sig-storage] In-tree Volumes [Driver: hostPath] [Testpattern: Dynamic PV (default fs)(allowExpansion)] volume-expand Verify if offline PVC expansion works" classname="Kubernetes e2e suite" time="0">
          <skipped></skipped>
      </testcase>
      <testcase name="[sig-storage] In-tree Volumes [Driver: hostPath] [Testpattern: Inline-volume (default fs)] subPath should unmount if pod is force deleted while kubelet is down [Disruptive][Slow][LinuxOnly]" classname="Kubernetes e2e suite" time="0">
          <skipped></skipped>
      </testcase>
      <testcase name="[sig-storage] In-tree Volumes [Driver: emptydir] [Testpattern: Dynamic PV (block volmode)] multiVolume [Slow] should access to two volumes with different volume mode and retain data across pod recreation on different node" classname="Kubernetes e2e suite" time="0">
          <skipped></skipped>
      </testcase>
      <testcase name="[sig-storage] In-tree Volumes [Driver: nfs] [Testpattern: Pre-provisioned PV (xfs)][Slow] volumes should store data" classname="Kubernetes e2e suite" time="0">
          <skipped></skipped>
      </testcase>
      <testcase name="[sig-node] Security Context should support seccomp runtime/default [LinuxOnly]" classname="Kubernetes e2e suite" time="0">
          <skipped></skipped>
      </testcase>
      <testcase name="[sig-storage] In-tree Volumes [Driver: hostPath] [Testpattern: Pre-provisioned PV (ntfs)][Feature:Windows] volumes should allow exec of files on the volume" classname="Kubernetes e2e suite" time="0">
          <skipped></skipped>
      </testcase>
      <testcase name="[sig-scheduling] Multi-AZ Clusters should spread the pods of a service across zones [Serial]" classname="Kubernetes e2e suite" time="0">
          <skipped></skipped>
      </testcase>
      <testcase name="[sig-network] NetworkPolicyLegacy [LinuxOnly] NetworkPolicy between server and client should allow ingress access from namespace on one named port [Feature:NetworkPolicy]" classname="Kubernetes e2e suite" time="0">
          <skipped></skipped>
      </testcase>
      <testcase name="[sig-storage] In-tree Volumes [Driver: cinder] [Testpattern: Dynamic PV (block volmode)(allowExpansion)] volume-expand should resize volume when PVC is edited while pod is using it" classname="Kubernetes e2e suite" time="0">
          <skipped></skipped>
      </testcase>
      <testcase name="[sig-storage] In-tree Volumes [Driver: local][LocalVolumeType: dir-link-bindmounted] [Testpattern: Inline-volume (default fs)] subPath should support file as subpath [LinuxOnly]" classname="Kubernetes e2e suite" time="0">
          <skipped></skipped>
      </testcase>
      <testcase name="[sig-storage] In-tree Volumes [Driver: gcepd] [Testpattern: Inline-volume (ext3)] volumes should allow exec of files on the volume" classname="Kubernetes e2e suite" time="0">
          <skipped></skipped>
      </testcase>
      <testcase name="[sig-storage] In-tree Volumes [Driver: local][LocalVolumeType: gce-localssd-scsi-fs] [Serial] [Testpattern: Pre-provisioned PV (default fs)] subPath should support restarting containers using file as subpath [Slow][LinuxOnly]" classname="Kubernetes e2e suite" time="0">
          <skipped></skipped>
      </testcase>
      <testcase name="[sig-storage] In-tree Volumes [Driver: cinder] [Testpattern: Inline-volume (ntfs)][Feature:Windows] volumes should allow exec of files on the volume" classname="Kubernetes e2e suite" time="0">
          <skipped></skipped>
      </testcase>
      <testcase name="[sig-storage] In-tree Volumes [Driver: cinder] [Testpattern: Inline-volume (default fs)] subPath should be able to unmount after the subpath directory is deleted [LinuxOnly]" classname="Kubernetes e2e suite" time="0">
          <skipped></skipped>
      </testcase>
      <testcase name="[sig-storage] In-tree Volumes [Driver: gluster] [Testpattern: Dynamic PV (block volmode)(allowExpansion)] volume-expand should resize volume when PVC is edited while pod is using it" classname="Kubernetes e2e suite" time="0">
          <skipped></skipped>
      </testcase>
      <testcase name="[sig-storage] In-tree Volumes [Driver: gcepd] [Testpattern: Inline-volume (default fs)] subPath should be able to unmount after the subpath directory is deleted [LinuxOnly]" classname="Kubernetes e2e suite" time="0">
          <skipped></skipped>
      </testcase>
      <testcase name="[sig-storage] In-tree Volumes [Driver: cinder] [Testpattern: Dynamic PV (xfs)][Slow] multiVolume [Slow] should concurrently access the volume and its clone from pods on the same node [LinuxOnly][Feature:VolumeSnapshotDataSource][Feature:VolumeSourceXFS]" classname="Kubernetes e2e suite" time="0">
          <skipped></skipped>
      </testcase>
      <testcase name="[sig-storage] In-tree Volumes [Driver: gcepd] [Testpattern: Dynamic PV (ext4)] multiVolume [Slow] should access to two volumes with different volume mode and retain data across pod recreation on the same node" classname="Kubernetes e2e suite" time="0">
          <skipped></skipped>
      </testcase>
      <testcase name="[sig-storage] In-tree Volumes [Driver: local][LocalVolumeType: gce-localssd-scsi-fs] [Serial] [Testpattern: Dynamic PV (block volmode)] provisioning should provision storage with mount options" classname="Kubernetes e2e suite" time="0">
          <skipped></skipped>
      </testcase>
      <testcase name="[sig-storage] In-tree Volumes [Driver: vsphere] [Testpattern: Inline-volume (default fs)] subPath should support restarting containers using file as subpath [Slow][LinuxOnly]" classname="Kubernetes e2e suite" time="0">
          <skipped></skipped>
      </testcase>
      <testcase name="[sig-storage] CSI Volumes [Driver: pd.csi.storage.gke.io][Serial] [Testpattern: Dynamic PV (ext4)] volumes should allow exec of files on the volume" classname="Kubernetes e2e suite" time="0">
          <skipped></skipped>
      </testcase>
      <testcase name="[sig-storage] In-tree Volumes [Driver: hostPath] [Testpattern: Dynamic PV (block volmode)] provisioning should provision storage with snapshot data source [Feature:VolumeSnapshotDataSource]" classname="Kubernetes e2e suite" time="0">
          <skipped></skipped>
      </testcase>
      <testcase name="[sig-autoscaling] [Feature:HPA] Horizontal pod autoscaling (scale resource: CPU) [Serial] [Slow] ReplicaSet Should scale from 1 pod to 3 pods and from 3 to 5" classname="Kubernetes e2e suite" time="0">
          <skipped></skipped>
      </testcase>
      <testcase name="[sig-storage] In-tree Volumes [Driver: local][LocalVolumeType: dir-link-bindmounted] [Testpattern: Dynamic PV (ext4)] multiVolume [Slow] should access to two volumes with different volume mode and retain data across pod recreation on the same node" classname="Kubernetes e2e suite" time="0">
          <skipped></skipped>
      </testcase>
      <testcase name="[sig-windows] [Feature:Windows] Memory Limits [Serial] [Slow] attempt to deploy past allocatable memory limits should fail deployments of pods once there isn&#39;t enough memory" classname="Kubernetes e2e suite" time="0">
          <skipped></skipped>
      </testcase>
      <testcase name="[sig-storage] In-tree Volumes [Driver: cinder] [Testpattern: Dynamic PV (default fs)] subPath should fail if subpath with backstepping is outside the volume [Slow][LinuxOnly]" classname="Kubernetes e2e suite" time="0">
          <skipped></skipped>
      </testcase>
      <testcase name="[sig-storage] In-tree Volumes [Driver: local][LocalVolumeType: tmpfs] [Testpattern: Dynamic PV (ntfs)][Feature:Windows] provisioning should provision storage with pvc data source in parallel [Slow]" classname="Kubernetes e2e suite" time="0">
          <skipped></skipped>
      </testcase>
      <testcase name="[sig-storage] CSI Volumes [Driver: csi-hostpath] [Testpattern: Inline-volume (default fs)] subPath should support restarting containers using directory as subpath [Slow]" classname="Kubernetes e2e suite" time="0">
          <skipped></skipped>
      </testcase>
      <testcase name="[sig-storage] In-tree Volumes [Driver: local][LocalVolumeType: dir-link] [Testpattern: Dynamic PV (ntfs)][Feature:Windows] subPath should support creating multiple subpath from same volumes [Slow]" classname="Kubernetes e2e suite" time="0">
          <skipped></skipped>
      </testcase>
      <testcase name="[sig-storage] In-tree Volumes [Driver: local][LocalVolumeType: blockfs] [Testpattern: Dynamic PV (ntfs)][Feature:Windows] subPath should support existing directory" classname="Kubernetes e2e suite" time="0">
          <skipped></skipped>
      </testcase>
      <testcase name="[sig-storage] In-tree Volumes [Driver: iscsi][Feature:Volumes] [Testpattern: Inline-volume (default fs)] subPath should support existing single file [LinuxOnly]" classname="Kubernetes e2e suite" time="0">
          <skipped></skipped>
      </testcase>
      <testcase name="[sig-storage] In-tree Volumes [Driver: aws] [Testpattern: Dynamic PV (ntfs)][Feature:Windows] subPath should unmount if pod is gracefully deleted while kubelet is down [Disruptive][Slow][LinuxOnly]" classname="Kubernetes e2e suite" time="0">
          <skipped></skipped>
      </testcase>
      <testcase name="[sig-storage] In-tree Volumes [Driver: ceph][Feature:Volumes][Serial] [Testpattern: Dynamic PV (default fs)] volumes should allow exec of files on the volume" classname="Kubernetes e2e suite" time="0">
          <skipped></skipped>
      </testcase>
      <testcase name="[sig-storage] In-tree Volumes [Driver: hostPathSymlink] [Testpattern: Pre-provisioned PV (xfs)][Slow] volumes should allow exec of files on the volume" classname="Kubernetes e2e suite" time="0">
          <skipped></skipped>
      </testcase>
      <testcase name="[sig-storage] In-tree Volumes [Driver: azure-disk] [Testpattern: Dynamic PV (default fs)] subPath should support existing directory" classname="Kubernetes e2e suite" time="0">
          <skipped></skipped>
      </testcase>
      <testcase name="[sig-storage] In-tree Volumes [Driver: hostPathSymlink] [Testpattern: Dynamic PV (ntfs)][Feature:Windows] subPath should fail if subpath directory is outside the volume [Slow][LinuxOnly]" classname="Kubernetes e2e suite" time="0">
          <skipped></skipped>
      </testcase>
      <testcase name="[sig-storage] In-tree Volumes [Driver: hostPath] [Testpattern: Dynamic PV (xfs)][Slow] multiVolume [Slow] should concurrently access the single volume from pods on different node" classname="Kubernetes e2e suite" time="0">
          <skipped></skipped>
      </testcase>
      <testcase name="[sig-storage] CSI mock volume CSI FSGroupPolicy [LinuxOnly] should not modify fsGroup if fsGroupPolicy=None" classname="Kubernetes e2e suite" time="0">
          <skipped></skipped>
      </testcase>
      <testcase name="[sig-storage] PersistentVolumes Default StorageClass [LinuxOnly] pods that use multiple volumes should be reschedulable [Slow]" classname="Kubernetes e2e suite" time="0">
          <skipped></skipped>
      </testcase>
      <testcase name="[sig-storage] In-tree Volumes [Driver: hostPath] [Testpattern: Dynamic PV (default fs)] subPath should fail if subpath with backstepping is outside the volume [Slow][LinuxOnly]" classname="Kubernetes e2e suite" time="0">
          <skipped></skipped>
      </testcase>
      <testcase name="[sig-apps] ReplicationController should release no longer matching pods [Conformance]" classname="Kubernetes e2e suite" time="6.385870894"></testcase>
      <testcase name="[sig-storage] In-tree Volumes [Driver: emptydir] [Testpattern: Inline-volume (default fs)] subPath should verify container cannot write to subpath readonly volumes [Slow]" classname="Kubernetes e2e suite" time="0">
          <skipped></skipped>
      </testcase>
      <testcase name="[sig-storage] In-tree Volumes [Driver: emptydir] [Testpattern: Pre-provisioned PV (ext3)] volumes should store data" classname="Kubernetes e2e suite" time="0">
          <skipped></skipped>
      </testcase>
      <testcase name="[sig-storage] In-tree Volumes [Driver: iscsi][Feature:Volumes] [Testpattern: Dynamic PV (block volmode)(allowExpansion)] volume-expand should resize volume when PVC is edited while pod is using it" classname="Kubernetes e2e suite" time="0">
          <skipped></skipped>
      </testcase>
      <testcase name="[sig-storage] CSI Volumes [Driver: csi-hostpath] [Testpattern: Pre-provisioned PV (block volmode)] volumeMode should not mount / map unused volumes in a pod [LinuxOnly]" classname="Kubernetes e2e suite" time="0">
          <skipped></skipped>
      </testcase>
      <testcase name="[sig-storage] In-tree Volumes [Driver: local][LocalVolumeType: dir-link-bindmounted] [Testpattern: Pre-provisioned PV (block volmode)] disruptive[Disruptive][LinuxOnly] Should test that pv used in a pod that is force deleted while the kubelet is down cleans up when the kubelet returns." classname="Kubernetes e2e suite" time="0">
          <skipped></skipped>
      </testcase>
      <testcase name="[sig-storage] In-tree Volumes [Driver: local][LocalVolumeType: dir] [Testpattern: Pre-provisioned PV (filesystem volmode)] multiVolume [Slow] should concurrently access the volume and restored snapshot from pods on the same node [LinuxOnly][Feature:VolumeSnapshotDataSource][Feature:VolumeSourceXFS]" classname="Kubernetes e2e suite" time="0">
          <skipped></skipped>
      </testcase>
      <testcase name="[sig-storage] PersistentVolumes-local  [Volume type: block] Set fsGroup for local volume should set fsGroup for one pod [Slow]" classname="Kubernetes e2e suite" time="0">
          <skipped></skipped>
      </testcase>
      <testcase name="[sig-storage] In-tree Volumes [Driver: local][LocalVolumeType: dir-bindmounted] [Testpattern: Dynamic PV (block volmode)] disruptive[Disruptive][LinuxOnly] Should test that pv written before kubelet restart is readable after restart." classname="Kubernetes e2e suite" time="0">
          <skipped></skipped>
      </testcase>
      <testcase name="[sig-storage] In-tree Volumes [Driver: local][LocalVolumeType: dir-link-bindmounted] [Testpattern: Inline-volume (default fs)] subPath should support creating multiple subpath from same volumes [Slow]" classname="Kubernetes e2e suite" time="0">
          <skipped></skipped>
      </testcase>
      <testcase name="[sig-storage] In-tree Volumes [Driver: local][LocalVolumeType: blockfs] [Testpattern: Dynamic PV (ntfs)][Feature:Windows] subPath should fail if subpath file is outside the volume [Slow][LinuxOnly]" classname="Kubernetes e2e suite" time="0">
          <skipped></skipped>
      </testcase>
      <testcase name="[sig-storage] In-tree Volumes [Driver: local][LocalVolumeType: tmpfs] [Testpattern: Inline-volume (default fs)] subPath should fail if subpath directory is outside the volume [Slow][LinuxOnly]" classname="Kubernetes e2e suite" time="0">
          <skipped></skipped>
      </testcase>
      <testcase name="[sig-storage] In-tree Volumes [Driver: aws] [Testpattern: Dynamic PV (ntfs)][Feature:Windows] subPath should support non-existent path" classname="Kubernetes e2e suite" time="0">
          <skipped></skipped>
      </testcase>
      <testcase name="[sig-network] EndpointSlice should create and delete Endpoints and EndpointSlices for a Service with a selector specified [Conformance]" classname="Kubernetes e2e suite" time="0.428724246"></testcase>
      <testcase name="[sig-network] SCTP [Feature:SCTP] [LinuxOnly] should create a Pod with SCTP HostPort" classname="Kubernetes e2e suite" time="0">
          <skipped></skipped>
      </testcase>
      <testcase name="[sig-auth] [Feature:NodeAuthorizer] A node shouldn&#39;t be able to create another node" classname="Kubernetes e2e suite" time="0">
          <skipped></skipped>
      </testcase>
      <testcase name="[sig-storage] In-tree Volumes [Driver: hostPath] [Testpattern: Pre-provisioned PV (block volmode)] multiVolume [Slow] should access to two volumes with the same volume mode and retain data across pod recreation on the same node" classname="Kubernetes e2e suite" time="0">
          <skipped></skipped>
      </testcase>
      <testcase name="[sig-storage] In-tree Volumes [Driver: local][LocalVolumeType: dir-link-bindmounted] [Testpattern: Dynamic PV (ntfs)][Feature:Windows] provisioning should provision storage with snapshot data source [Feature:VolumeSnapshotDataSource]" classname="Kubernetes e2e suite" time="0">
          <skipped></skipped>
      </testcase>
      <testcase name="[sig-network] Netpol NetworkPolicy between server and client should deny ingress access to updated pod [Feature:NetworkPolicy]" classname="Kubernetes e2e suite" time="0">
          <skipped></skipped>
      </testcase>
      <testcase name="[sig-storage] In-tree Volumes [Driver: local][LocalVolumeType: blockfs] [Testpattern: Dynamic PV (block volmode)(allowExpansion)] volume-expand should resize volume when PVC is edited while pod is using it" classname="Kubernetes e2e suite" time="0">
          <skipped></skipped>
      </testcase>
      <testcase name="[sig-node] Security Context when creating containers with AllowPrivilegeEscalation should allow privilege escalation when not explicitly set and uid != 0 [LinuxOnly] [NodeConformance]" classname="Kubernetes e2e suite" time="0">
          <skipped></skipped>
      </testcase>
      <testcase name="[sig-storage] In-tree Volumes [Driver: azure-disk] [Testpattern: Pre-provisioned PV (default fs)] subPath should unmount if pod is force deleted while kubelet is down [Disruptive][Slow][LinuxOnly]" classname="Kubernetes e2e suite" time="0">
          <skipped></skipped>
      </testcase>
      <testcase name="[sig-storage] In-tree Volumes [Driver: azure-disk] [Testpattern: Inline-volume (default fs)] volumes should allow exec of files on the volume" classname="Kubernetes e2e suite" time="0">
          <skipped></skipped>
      </testcase>
      <testcase name="[sig-storage] In-tree Volumes [Driver: rbd][Feature:Volumes][Serial] [Testpattern: Dynamic PV (default fs)] subPath should support restarting containers using directory as subpath [Slow]" classname="Kubernetes e2e suite" time="0">
          <skipped></skipped>
      </testcase>
      <testcase name="[sig-storage] In-tree Volumes [Driver: hostPathSymlink] [Testpattern: Dynamic PV (filesystem volmode)] multiVolume [Slow] should access to two volumes with different volume mode and retain data across pod recreation on different node" classname="Kubernetes e2e suite" time="0">
          <skipped></skipped>
      </testcase>
      <testcase name="[sig-storage] In-tree Volumes [Driver: local][LocalVolumeType: dir-link] [Testpattern: Dynamic PV (block volmode)] multiVolume [Slow] should access to two volumes with the same volume mode and retain data across pod recreation on different node" classname="Kubernetes e2e suite" time="0">
          <skipped></skipped>
      </testcase>
      <testcase name="[sig-storage] In-tree Volumes [Driver: windows-gcepd] [Testpattern: Dynamic PV (default fs)] subPath should support existing single file [LinuxOnly]" classname="Kubernetes e2e suite" time="0">
          <skipped></skipped>
      </testcase>
      <testcase name="[sig-cli] Kubectl Port forwarding With a server listening on 0.0.0.0 that expects NO client request should support a client that connects, sends DATA, and disconnects" classname="Kubernetes e2e suite" time="0">
          <skipped></skipped>
      </testcase>
      <testcase name="[sig-storage] In-tree Volumes [Driver: nfs] [Testpattern: Pre-provisioned PV (block volmode)] volumeMode should fail to use a volume in a pod with mismatched mode [Slow]" classname="Kubernetes e2e suite" time="0">
          <skipped></skipped>
      </testcase>
      <testcase name="[sig-storage] In-tree Volumes [Driver: local][LocalVolumeType: dir] [Testpattern: Pre-provisioned PV (filesystem volmode)] multiVolume [Slow] should concurrently access the single volume from pods on different node" classname="Kubernetes e2e suite" time="0">
          <skipped></skipped>
      </testcase>
      <testcase name="[sig-storage] In-tree Volumes [Driver: vsphere] [Testpattern: Dynamic PV (default fs)] subPath should fail if non-existent subpath is outside the volume [Slow][LinuxOnly]" classname="Kubernetes e2e suite" time="0">
          <skipped></skipped>
      </testcase>
      <testcase name="[sig-node] Security Context should support container.SecurityContext.RunAsUser [LinuxOnly]" classname="Kubernetes e2e suite" time="0">
          <skipped></skipped>
      </testcase>
      <testcase name="[sig-storage] In-tree Volumes [Driver: nfs] [Testpattern: Dynamic PV (ntfs)][Feature:Windows] subPath should verify container cannot write to subpath readonly volumes [Slow]" classname="Kubernetes e2e suite" time="0">
          <skipped></skipped>
      </testcase>
      <testcase name="[sig-storage] In-tree Volumes [Driver: nfs] [Testpattern: Inline-volume (default fs)] subPath should be able to unmount after the subpath directory is deleted [LinuxOnly]" classname="Kubernetes e2e suite" time="0">
          <skipped></skipped>
      </testcase>
      <testcase name="[sig-cloud-provider-gcp] Ports Security Check [Feature:KubeletSecurity] should not have port 4194 open on its all public IP addresses" classname="Kubernetes e2e suite" time="0">
          <skipped></skipped>
      </testcase>
      <testcase name="[sig-storage] In-tree Volumes [Driver: local][LocalVolumeType: dir] [Testpattern: Dynamic PV (block volmode)] disruptive[Disruptive][LinuxOnly] Should test that pv used in a pod that is deleted while the kubelet is down cleans up when the kubelet returns." classname="Kubernetes e2e suite" time="0">
          <skipped></skipped>
      </testcase>
      <testcase name="[sig-storage] In-tree Volumes [Driver: local][LocalVolumeType: block] [Testpattern: Inline-volume (default fs)] subPath should fail if subpath file is outside the volume [Slow][LinuxOnly]" classname="Kubernetes e2e suite" time="0">
          <skipped></skipped>
      </testcase>
      <testcase name="[sig-storage] In-tree Volumes [Driver: gcepd] [Testpattern: Dynamic PV (ext4)] multiVolume [Slow] should concurrently access the single read-only volume from pods on the same node" classname="Kubernetes e2e suite" time="0">
          <skipped></skipped>
      </testcase>
      <testcase name="[sig-storage] In-tree Volumes [Driver: local][LocalVolumeType: gce-localssd-scsi-fs] [Serial] [Testpattern: Dynamic PV (default fs)] volume-stress multiple pods should access different volumes repeatedly [Slow] [Serial]" classname="Kubernetes e2e suite" time="0">
          <skipped></skipped>
      </testcase>
      <testcase name="[sig-network] Netpol NetworkPolicy between server and client should allow ingress access from updated pod [Feature:NetworkPolicy]" classname="Kubernetes e2e suite" time="0">
          <skipped></skipped>
      </testcase>
      <testcase name="[sig-cli] Kubectl client Kubectl patch should add annotations for pods in rc  [Conformance]" classname="Kubernetes e2e suite" time="7.972868973"></testcase>
      <testcase name="[sig-storage] In-tree Volumes [Driver: local][LocalVolumeType: gce-localssd-scsi-fs] [Serial] [Testpattern: Pre-provisioned PV (ntfs)][Feature:Windows] volumes should store data" classname="Kubernetes e2e suite" time="0">
          <skipped></skipped>
      </testcase>
      <testcase name="[sig-storage] In-tree Volumes [Driver: rbd][Feature:Volumes][Serial] [Testpattern: Inline-volume (default fs)] volumes should allow exec of files on the volume" classname="Kubernetes e2e suite" time="0">
          <skipped></skipped>
      </testcase>
      <testcase name="[sig-storage] In-tree Volumes [Driver: cinder] [Testpattern: Pre-provisioned PV (filesystem volmode)] volumeMode should fail to use a volume in a pod with mismatched mode [Slow]" classname="Kubernetes e2e suite" time="0">
          <skipped></skipped>
      </testcase>
      <testcase name="[sig-storage] In-tree Volumes [Driver: ceph][Feature:Volumes][Serial] [Testpattern: Dynamic PV (default fs)(allowExpansion)] volume-expand Verify if offline PVC expansion works" classname="Kubernetes e2e suite" time="0">
          <skipped></skipped>
      </testcase>
      <testcase name="[sig-storage] In-tree Volumes [Driver: aws] [Testpattern: Dynamic PV (default fs)] provisioning should provision storage with snapshot data source [Feature:VolumeSnapshotDataSource]" classname="Kubernetes e2e suite" time="0">
          <skipped></skipped>
      </testcase>
      <testcase name="[sig-storage] In-tree Volumes [Driver: local][LocalVolumeType: dir] [Testpattern: Dynamic PV (default fs)] subPath should support existing single file [LinuxOnly]" classname="Kubernetes e2e suite" time="0">
          <skipped></skipped>
      </testcase>
      <testcase name="[sig-network] Netpol [LinuxOnly] NetworkPolicy between server and client using UDP should support a &#39;default-deny-ingress&#39; policy [Feature:NetworkPolicy]" classname="Kubernetes e2e suite" time="0">
          <skipped></skipped>
      </testcase>
      <testcase name="[sig-storage] In-tree Volumes [Driver: local][LocalVolumeType: dir-link-bindmounted] [Testpattern: Dynamic PV (ntfs)][Feature:Windows] subPath should support readOnly directory specified in the volumeMount" classname="Kubernetes e2e suite" time="0">
          <skipped></skipped>
      </testcase>
      <testcase name="[sig-storage] In-tree Volumes [Driver: local][LocalVolumeType: tmpfs] [Testpattern: Dynamic PV (filesystem volmode)] volumeMode should fail to use a volume in a pod with mismatched mode [Slow]" classname="Kubernetes e2e suite" time="0">
          <skipped></skipped>
      </testcase>
      <testcase name="[sig-storage] In-tree Volumes [Driver: local][LocalVolumeType: tmpfs] [Testpattern: Inline-volume (xfs)][Slow] volumes should allow exec of files on the volume" classname="Kubernetes e2e suite" time="0">
          <skipped></skipped>
      </testcase>
      <testcase name="[sig-api-machinery] Servers with support for Table transformation should return a 406 for a backend which does not implement metadata [Conformance]" classname="Kubernetes e2e suite" time="0.152976106"></testcase>
      <testcase name="[sig-storage] In-tree Volumes [Driver: azure-disk] [Testpattern: Dynamic PV (block volmode)] provisioning should provision storage with pvc data source" classname="Kubernetes e2e suite" time="0">
          <skipped></skipped>
      </testcase>
      <testcase name="[sig-storage] In-tree Volumes [Driver: nfs] [Testpattern: Dynamic PV (ntfs)][Feature:Windows] subPath should fail if subpath with backstepping is outside the volume [Slow][LinuxOnly]" classname="Kubernetes e2e suite" time="0">
          <skipped></skipped>
      </testcase>
      <testcase name="[sig-storage] In-tree Volumes [Driver: local][LocalVolumeType: dir-bindmounted] [Testpattern: Dynamic PV (ntfs)][Feature:Windows] volumes should store data" classname="Kubernetes e2e suite" time="0">
          <skipped></skipped>
      </testcase>
      <testcase name="[sig-storage] In-tree Volumes [Driver: windows-gcepd] [Testpattern: Pre-provisioned PV (default fs)] subPath should unmount if pod is gracefully deleted while kubelet is down [Disruptive][Slow][LinuxOnly]" classname="Kubernetes e2e suite" time="0">
          <skipped></skipped>
      </testcase>
      <testcase name="[sig-storage] In-tree Volumes [Driver: aws] [Testpattern: Pre-provisioned PV (default fs)] subPath should support restarting containers using file as subpath [Slow][LinuxOnly]" classname="Kubernetes e2e suite" time="0">
          <skipped></skipped>
      </testcase>
      <testcase name="[sig-storage] In-tree Volumes [Driver: azure-disk] [Testpattern: Dynamic PV (default fs)] subPath should be able to unmount after the subpath directory is deleted [LinuxOnly]" classname="Kubernetes e2e suite" time="0">
          <skipped></skipped>
      </testcase>
      <testcase name="[sig-storage] In-tree Volumes [Driver: cinder] [Testpattern: Dynamic PV (filesystem volmode)] multiVolume [Slow] should access to two volumes with different volume mode and retain data across pod recreation on different node" classname="Kubernetes e2e suite" time="0">
          <skipped></skipped>
      </testcase>
      <testcase name="[sig-storage] In-tree Volumes [Driver: gcepd] [Testpattern: Pre-provisioned PV (block volmode)] disruptive[Disruptive][LinuxOnly] Should test that pv used in a pod that is force deleted while the kubelet is down cleans up when the kubelet returns." classname="Kubernetes e2e suite" time="0">
          <skipped></skipped>
      </testcase>
      <testcase name="[sig-storage] In-tree Volumes [Driver: local][LocalVolumeType: tmpfs] [Testpattern: Dynamic PV (ntfs)][Feature:Windows] subPath should fail if subpath with backstepping is outside the volume [Slow][LinuxOnly]" classname="Kubernetes e2e suite" time="0">
          <skipped></skipped>
      </testcase>
      <testcase name="[sig-storage] In-tree Volumes [Driver: aws] [Testpattern: Dynamic PV (ntfs)][Feature:Windows] subPath should fail if subpath with backstepping is outside the volume [Slow][LinuxOnly]" classname="Kubernetes e2e suite" time="0">
          <skipped></skipped>
      </testcase>
      <testcase name="[sig-storage] In-tree Volumes [Driver: local][LocalVolumeType: dir-link-bindmounted] [Testpattern: Dynamic PV (default fs)] subPath should support creating multiple subpath from same volumes [Slow]" classname="Kubernetes e2e suite" time="0">
          <skipped></skipped>
      </testcase>
      <testcase name="[sig-storage] In-tree Volumes [Driver: rbd][Feature:Volumes][Serial] [Testpattern: Dynamic PV (default fs)] subPath should unmount if pod is gracefully deleted while kubelet is down [Disruptive][Slow][LinuxOnly]" classname="Kubernetes e2e suite" time="0">
          <skipped></skipped>
      </testcase>
      <testcase name="[sig-network] DNS should support configurable pod resolv.conf" classname="Kubernetes e2e suite" time="0">
          <skipped></skipped>
      </testcase>
      <testcase name="[sig-storage] In-tree Volumes [Driver: local][LocalVolumeType: block] [Testpattern: Dynamic PV (default fs)] subPath should support file as subpath [LinuxOnly]" classname="Kubernetes e2e suite" time="0">
          <skipped></skipped>
      </testcase>
      <testcase name="[sig-storage] In-tree Volumes [Driver: local][LocalVolumeType: dir-bindmounted] [Testpattern: Dynamic PV (default fs)] subPath should verify container cannot write to subpath readonly volumes [Slow]" classname="Kubernetes e2e suite" time="0">
          <skipped></skipped>
      </testcase>
      <testcase name="[sig-storage] In-tree Volumes [Driver: local][LocalVolumeType: dir-bindmounted] [Testpattern: Pre-provisioned PV (default fs)] volumes should allow exec of files on the volume" classname="Kubernetes e2e suite" time="0">
          <skipped></skipped>
      </testcase>
      <testcase name="[sig-storage] CSI Volumes [Driver: csi-hostpath] [Testpattern: Dynamic Snapshot (retain policy)] snapshottable[Feature:VolumeSnapshotDataSource] volume snapshot controller  should check snapshot fields, check restore correctly works after modifying source data, check deletion" classname="Kubernetes e2e suite" time="0">
          <skipped></skipped>
      </testcase>
      <testcase name="[sig-storage] CSI Volumes [Driver: pd.csi.storage.gke.io][Serial] [Testpattern: Pre-provisioned PV (default fs)] subPath should support existing directory" classname="Kubernetes e2e suite" time="0">
          <skipped></skipped>
      </testcase>
      <testcase name="[sig-storage] In-tree Volumes [Driver: local][LocalVolumeType: dir-bindmounted] [Testpattern: Dynamic PV (ntfs)][Feature:Windows] subPath should support existing single file [LinuxOnly]" classname="Kubernetes e2e suite" time="0">
          <skipped></skipped>
      </testcase>
      <testcase name="[sig-storage] In-tree Volumes [Driver: rbd][Feature:Volumes][Serial] [Testpattern: Inline-volume (ext3)] volumes should allow exec of files on the volume" classname="Kubernetes e2e suite" time="0">
          <skipped></skipped>
      </testcase>
      <testcase name="[sig-storage] In-tree Volumes [Driver: cinder] [Testpattern: Dynamic PV (ntfs)][Feature:Windows] provisioning should provision storage with pvc data source in parallel [Slow]" classname="Kubernetes e2e suite" time="0">
          <skipped></skipped>
      </testcase>
      <testcase name="[sig-storage] In-tree Volumes [Driver: local][LocalVolumeType: tmpfs] [Testpattern: Dynamic PV (block volmode)] multiVolume [Slow] should concurrently access the single volume from pods on different node" classname="Kubernetes e2e suite" time="0">
          <skipped></skipped>
      </testcase>
      <testcase name="[sig-storage] In-tree Volumes [Driver: ceph][Feature:Volumes][Serial] [Testpattern: Pre-provisioned PV (filesystem volmode)] multiVolume [Slow] should concurrently access the volume and restored snapshot from pods on the same node [LinuxOnly][Feature:VolumeSnapshotDataSource][Feature:VolumeSourceXFS]" classname="Kubernetes e2e suite" time="0">
          <skipped></skipped>
      </testcase>
      <testcase name="[sig-storage] EmptyDir volumes should support (root,0666,default) [LinuxOnly] [NodeConformance] [Conformance]" classname="Kubernetes e2e suite" time="10.580065099"></testcase>
      <testcase name="[sig-storage] In-tree Volumes [Driver: hostPath] [Testpattern: Inline-volume (default fs)] subPath should be able to unmount after the subpath directory is deleted [LinuxOnly]" classname="Kubernetes e2e suite" time="0">
          <skipped></skipped>
      </testcase>
      <testcase name="[sig-api-machinery] ResourceQuota should create a ResourceQuota and capture the life of a persistent volume claim with a storage class" classname="Kubernetes e2e suite" time="0">
          <skipped></skipped>
      </testcase>
      <testcase name="[sig-storage] CSI Volumes [Driver: csi-hostpath] [Testpattern: Dynamic PV (default fs)] subPath should fail if non-existent subpath is outside the volume [Slow][LinuxOnly]" classname="Kubernetes e2e suite" time="0">
          <skipped></skipped>
      </testcase>
      <testcase name="[sig-storage] In-tree Volumes [Driver: azure-disk] [Testpattern: Pre-provisioned PV (default fs)] subPath should support readOnly directory specified in the volumeMount" classname="Kubernetes e2e suite" time="0">
          <skipped></skipped>
      </testcase>
      <testcase name="[sig-storage] In-tree Volumes [Driver: gluster] [Testpattern: Inline-volume (default fs)] subPath should support restarting containers using directory as subpath [Slow]" classname="Kubernetes e2e suite" time="0">
          <skipped></skipped>
      </testcase>
      <testcase name="[sig-storage] CSI Volumes [Driver: pd.csi.storage.gke.io][Serial] [Testpattern: Dynamic Snapshot (retain policy)] snapshottable-stress[Feature:VolumeSnapshotDataSource] should support snapshotting of many volumes repeatedly [Slow] [Serial]" classname="Kubernetes e2e suite" time="0">
          <skipped></skipped>
      </testcase>
      <testcase name="[sig-storage] In-tree Volumes [Driver: gluster] [Testpattern: Dynamic PV (filesystem volmode)] multiVolume [Slow] should access to two volumes with different volume mode and retain data across pod recreation on the same node" classname="Kubernetes e2e suite" time="0">
          <skipped></skipped>
      </testcase>
      <testcase name="[sig-storage] In-tree Volumes [Driver: hostPathSymlink] [Testpattern: Dynamic PV (default fs)] subPath should be able to unmount after the subpath directory is deleted [LinuxOnly]" classname="Kubernetes e2e suite" time="0">
          <skipped></skipped>
      </testcase>
      <testcase name="[sig-storage] In-tree Volumes [Driver: hostPathSymlink] [Testpattern: Dynamic PV (xfs)][Slow] multiVolume [Slow] should access to two volumes with the same volume mode and retain data across pod recreation on the same node" classname="Kubernetes e2e suite" time="0">
          <skipped></skipped>
      </testcase>
      <testcase name="[sig-storage] In-tree Volumes [Driver: hostPath] [Testpattern: Dynamic PV (block volmode)] disruptive[Disruptive][LinuxOnly] Should test that pv written before kubelet restart is readable after restart." classname="Kubernetes e2e suite" time="0">
          <skipped></skipped>
      </testcase>
      <testcase name="[sig-storage] In-tree Volumes [Driver: gluster] [Testpattern: Dynamic PV (default fs)] subPath should support creating multiple subpath from same volumes [Slow]" classname="Kubernetes e2e suite" time="0">
          <skipped></skipped>
      </testcase>
      <testcase name="[sig-storage] In-tree Volumes [Driver: gcepd] [Testpattern: Dynamic PV (xfs)][Slow] multiVolume [Slow] should access to two volumes with the same volume mode and retain data across pod recreation on the same node" classname="Kubernetes e2e suite" time="0">
          <skipped></skipped>
      </testcase>
      <testcase name="[sig-storage] In-tree Volumes [Driver: hostPathSymlink] [Testpattern: Dynamic PV (ext4)] multiVolume [Slow] should concurrently access the single volume from pods on different node" classname="Kubernetes e2e suite" time="0">
          <skipped></skipped>
      </testcase>
      <testcase name="[sig-storage] In-tree Volumes [Driver: local][LocalVolumeType: blockfs] [Testpattern: Pre-provisioned PV (default fs)] subPath should support existing directories when readOnly specified in the volumeSource" classname="Kubernetes e2e suite" time="0">
          <skipped></skipped>
      </testcase>
      <testcase name="[sig-storage] In-tree Volumes [Driver: ceph][Feature:Volumes][Serial] [Testpattern: Inline-volume (default fs)] subPath should fail if non-existent subpath is outside the volume [Slow][LinuxOnly]" classname="Kubernetes e2e suite" time="0">
          <skipped></skipped>
      </testcase>
      <testcase name="[sig-storage] CSI Volumes [Driver: csi-hostpath] [Testpattern: Pre-provisioned PV (ext4)] volumes should allow exec of files on the volume" classname="Kubernetes e2e suite" time="0">
          <skipped></skipped>
      </testcase>
      <testcase name="[sig-storage] In-tree Volumes [Driver: rbd][Feature:Volumes][Serial] [Testpattern: Pre-provisioned PV (filesystem volmode)] multiVolume [Slow] should concurrently access the volume and its clone from pods on the same node [LinuxOnly][Feature:VolumeSnapshotDataSource][Feature:VolumeSourceXFS]" classname="Kubernetes e2e suite" time="0">
          <skipped></skipped>
      </testcase>
      <testcase name="[sig-storage] In-tree Volumes [Driver: local][LocalVolumeType: dir-bindmounted] [Testpattern: Dynamic PV (block volmode)] volumeMode should fail in binding dynamic provisioned PV to PVC [Slow][LinuxOnly]" classname="Kubernetes e2e suite" time="0">
          <skipped></skipped>
      </testcase>
      <testcase name="[sig-storage] In-tree Volumes [Driver: aws] [Testpattern: Inline-volume (default fs)] subPath should support non-existent path" classname="Kubernetes e2e suite" time="0">
          <skipped></skipped>
      </testcase>
      <testcase name="[sig-storage] In-tree Volumes [Driver: nfs] [Testpattern: Pre-provisioned PV (filesystem volmode)] disruptive[Disruptive][LinuxOnly] Should test that pv written before kubelet restart is readable after restart." classname="Kubernetes e2e suite" time="0">
          <skipped></skipped>
      </testcase>
      <testcase name="[sig-storage] In-tree Volumes [Driver: aws] [Testpattern: Dynamic PV (block volmode)] multiVolume [Slow] should access to two volumes with the same volume mode and retain data across pod recreation on different node" classname="Kubernetes e2e suite" time="0">
          <skipped></skipped>
      </testcase>
      <testcase name="[sig-storage] In-tree Volumes [Driver: azure-disk] [Testpattern: Dynamic PV (ntfs)][Feature:Windows] subPath should support file as subpath [LinuxOnly]" classname="Kubernetes e2e suite" time="0">
          <skipped></skipped>
      </testcase>
      <testcase name="[sig-windows] [Feature:Windows] SecurityContext should not be able to create pods with unknown usernames" classname="Kubernetes e2e suite" time="0">
          <skipped></skipped>
      </testcase>
      <testcase name="[sig-storage] In-tree Volumes [Driver: nfs] [Testpattern: Dynamic PV (ntfs)][Feature:Windows] subPath should support existing directories when readOnly specified in the volumeSource" classname="Kubernetes e2e suite" time="0">
          <skipped></skipped>
      </testcase>
      <testcase name="[sig-storage] Subpath Atomic writer volumes should support subpaths with downward pod [LinuxOnly] [Conformance]" classname="Kubernetes e2e suite" time="26.934693696"></testcase>
      <testcase name="[sig-storage] In-tree Volumes [Driver: local][LocalVolumeType: gce-localssd-scsi-fs] [Serial] [Testpattern: Inline-volume (default fs)] subPath should support restarting containers using directory as subpath [Slow]" classname="Kubernetes e2e suite" time="0">
          <skipped></skipped>
      </testcase>
      <testcase name="[sig-storage] In-tree Volumes [Driver: nfs] [Testpattern: Dynamic PV (block volmode)] multiVolume [Slow] should concurrently access the single read-only volume from pods on the same node" classname="Kubernetes e2e suite" time="0">
          <skipped></skipped>
      </testcase>
      <testcase name="[sig-storage] In-tree Volumes [Driver: local][LocalVolumeType: gce-localssd-scsi-fs] [Serial] [Testpattern: Pre-provisioned PV (default fs)] subPath should unmount if pod is force deleted while kubelet is down [Disruptive][Slow][LinuxOnly]" classname="Kubernetes e2e suite" time="0">
          <skipped></skipped>
      </testcase>
      <testcase name="[sig-storage] In-tree Volumes [Driver: local][LocalVolumeType: dir-link] [Testpattern: Dynamic PV (ntfs)][Feature:Windows] subPath should support restarting containers using directory as subpath [Slow]" classname="Kubernetes e2e suite" time="0">
          <skipped></skipped>
      </testcase>
      <testcase name="[sig-node] Secrets should be consumable from pods in env vars [NodeConformance] [Conformance]" classname="Kubernetes e2e suite" time="6.302622486"></testcase>
      <testcase name="[sig-storage] In-tree Volumes [Driver: nfs] [Testpattern: Dynamic PV (block volmode)] volumeMode should fail to use a volume in a pod with mismatched mode [Slow]" classname="Kubernetes e2e suite" time="0">
          <skipped></skipped>
      </testcase>
      <testcase name="[sig-storage] In-tree Volumes [Driver: rbd][Feature:Volumes][Serial] [Testpattern: Dynamic PV (ntfs)][Feature:Windows] volumes should allow exec of files on the volume" classname="Kubernetes e2e suite" time="0">
          <skipped></skipped>
      </testcase>
      <testcase name="[sig-storage] In-tree Volumes [Driver: local][LocalVolumeType: dir-link-bindmounted] [Testpattern: Dynamic PV (default fs)] volume-stress multiple pods should access different volumes repeatedly [Slow] [Serial]" classname="Kubernetes e2e suite" time="0">
          <skipped></skipped>
      </testcase>
      <testcase name="[sig-storage] In-tree Volumes [Driver: local][LocalVolumeType: tmpfs] [Testpattern: Pre-provisioned PV (block volmode)] multiVolume [Slow] should access to two volumes with different volume mode and retain data across pod recreation on the same node" classname="Kubernetes e2e suite" time="0">
          <skipped></skipped>
      </testcase>
      <testcase name="[sig-storage] In-tree Volumes [Driver: ceph][Feature:Volumes][Serial] [Testpattern: Dynamic PV (block volmode)] multiVolume [Slow] should concurrently access the single volume from pods on different node" classname="Kubernetes e2e suite" time="0">
          <skipped></skipped>
      </testcase>
      <testcase name="[sig-storage] In-tree Volumes [Driver: ceph][Feature:Volumes][Serial] [Testpattern: Pre-provisioned PV (filesystem volmode)] multiVolume [Slow] should concurrently access the single volume from pods on different node" classname="Kubernetes e2e suite" time="0">
          <skipped></skipped>
      </testcase>
      <testcase name="[sig-storage] In-tree Volumes [Driver: local][LocalVolumeType: dir-bindmounted] [Testpattern: Dynamic PV (default fs)] subPath should unmount if pod is gracefully deleted while kubelet is down [Disruptive][Slow][LinuxOnly]" classname="Kubernetes e2e suite" time="0">
          <skipped></skipped>
      </testcase>
      <testcase name="[sig-storage] In-tree Volumes [Driver: local][LocalVolumeType: gce-localssd-scsi-fs] [Serial] [Testpattern: Dynamic PV (ext4)] volumes should allow exec of files on the volume" classname="Kubernetes e2e suite" time="0">
          <skipped></skipped>
      </testcase>
      <testcase name="[sig-storage] In-tree Volumes [Driver: hostPath] [Testpattern: Pre-provisioned PV (default fs)] subPath should verify container cannot write to subpath readonly volumes [Slow]" classname="Kubernetes e2e suite" time="0">
          <skipped></skipped>
      </testcase>
      <testcase name="[sig-storage] In-tree Volumes [Driver: iscsi][Feature:Volumes] [Testpattern: Pre-provisioned PV (default fs)] subPath should unmount if pod is force deleted while kubelet is down [Disruptive][Slow][LinuxOnly]" classname="Kubernetes e2e suite" time="0">
          <skipped></skipped>
      </testcase>
      <testcase name="[sig-storage] CSI Volumes [Driver: pd.csi.storage.gke.io][Serial] [Testpattern: Inline-volume (default fs)] subPath should support existing single file [LinuxOnly]" classname="Kubernetes e2e suite" time="0">
          <skipped></skipped>
      </testcase>
      <testcase name="[sig-storage] In-tree Volumes [Driver: hostPathSymlink] [Testpattern: Pre-provisioned PV (ntfs)][Feature:Windows] volumes should store data" classname="Kubernetes e2e suite" time="0">
          <skipped></skipped>
      </testcase>
      <testcase name="[sig-storage] In-tree Volumes [Driver: local][LocalVolumeType: dir-link] [Testpattern: Pre-provisioned PV (block volmode)] multiVolume [Slow] should concurrently access the single volume from pods on the same node" classname="Kubernetes e2e suite" time="0">
          <skipped></skipped>
      </testcase>
      <testcase name="[sig-storage] In-tree Volumes [Driver: azure-disk] [Testpattern: Dynamic PV (default fs)] volume-expand should not allow expansion of pvcs without AllowVolumeExpansion property" classname="Kubernetes e2e suite" time="0">
          <skipped></skipped>
      </testcase>
      <testcase name="[sig-storage] In-tree Volumes [Driver: hostPathSymlink] [Testpattern: Dynamic PV (ntfs)][Feature:Windows] subPath should verify container cannot write to subpath readonly volumes [Slow]" classname="Kubernetes e2e suite" time="0">
          <skipped></skipped>
      </testcase>
      <testcase name="[sig-storage] In-tree Volumes [Driver: ceph][Feature:Volumes][Serial] [Testpattern: Pre-provisioned PV (block volmode)] multiVolume [Slow] should access to two volumes with different volume mode and retain data across pod recreation on the same node" classname="Kubernetes e2e suite" time="0">
          <skipped></skipped>
      </testcase>
      <testcase name="[sig-storage] In-tree Volumes [Driver: local][LocalVolumeType: gce-localssd-scsi-fs] [Serial] [Testpattern: Dynamic PV (default fs)] volumeIO should write files of various sizes, verify size, validate content [Slow][LinuxOnly]" classname="Kubernetes e2e suite" time="0">
          <skipped></skipped>
      </testcase>
      <testcase name="[sig-apps] DisruptionController evictions: too few pods, replicaSet, percentage =&gt; should not allow an eviction [Serial]" classname="Kubernetes e2e suite" time="0">
          <skipped></skipped>
      </testcase>
      <testcase name="[sig-storage] In-tree Volumes [Driver: iscsi][Feature:Volumes] [Testpattern: Pre-provisioned PV (ext3)] volumes should store data" classname="Kubernetes e2e suite" time="0">
          <skipped></skipped>
      </testcase>
      <testcase name="[sig-storage] CSI Volumes [Driver: csi-hostpath] [Testpattern: Dynamic PV (ntfs)(allowExpansion)][Feature:Windows] volume-expand should resize volume when PVC is edited while pod is using it" classname="Kubernetes e2e suite" time="0">
          <skipped></skipped>
      </testcase>
      <testcase name="[sig-storage] In-tree Volumes [Driver: gcepd] [Testpattern: Pre-provisioned PV (default fs)] subPath should support file as subpath [LinuxOnly]" classname="Kubernetes e2e suite" time="0">
          <skipped></skipped>
      </testcase>
      <testcase name="[sig-storage] In-tree Volumes [Driver: local][LocalVolumeType: dir-link] [Testpattern: Dynamic PV (block volmode)] volumeMode should fail in binding dynamic provisioned PV to PVC [Slow][LinuxOnly]" classname="Kubernetes e2e suite" time="0">
          <skipped></skipped>
      </testcase>
      <testcase name="[sig-storage] In-tree Volumes [Driver: gluster] [Testpattern: Dynamic PV (block volmode)] multiVolume [Slow] should concurrently access the volume and its clone from pods on the same node [LinuxOnly][Feature:VolumeSnapshotDataSource][Feature:VolumeSourceXFS]" classname="Kubernetes e2e suite" time="0">
          <skipped></skipped>
      </testcase>
      <testcase name="[sig-storage] In-tree Volumes [Driver: nfs] [Testpattern: Pre-provisioned PV (default fs)] volumes should store data" classname="Kubernetes e2e suite" time="0">
          <skipped></skipped>
      </testcase>
      <testcase name="[sig-storage] In-tree Volumes [Driver: gluster] [Testpattern: Dynamic PV (block volmode)] disruptive[Disruptive][LinuxOnly] Should test that pv used in a pod that is force deleted while the kubelet is down cleans up when the kubelet returns." classname="Kubernetes e2e suite" time="0">
          <skipped></skipped>
      </testcase>
      <testcase name="[sig-storage] In-tree Volumes [Driver: local][LocalVolumeType: tmpfs] [Testpattern: Dynamic PV (default fs)] volume-expand should not allow expansion of pvcs without AllowVolumeExpansion property" classname="Kubernetes e2e suite" time="0">
          <skipped></skipped>
      </testcase>
      <testcase name="[sig-storage] In-tree Volumes [Driver: gcepd] [Testpattern: Dynamic PV (ntfs)][Feature:Windows] subPath should support readOnly directory specified in the volumeMount" classname="Kubernetes e2e suite" time="0">
          <skipped></skipped>
      </testcase>
      <testcase name="[sig-node] Probing container should be restarted with a local redirect http liveness probe" classname="Kubernetes e2e suite" time="0">
          <skipped></skipped>
      </testcase>
      <testcase name="[sig-storage] In-tree Volumes [Driver: vsphere] [Testpattern: Inline-volume (default fs)] subPath should fail if subpath file is outside the volume [Slow][LinuxOnly]" classname="Kubernetes e2e suite" time="0">
          <skipped></skipped>
      </testcase>
      <testcase name="[sig-api-machinery] ResourceQuota should create a ResourceQuota and capture the life of a pod. [Conformance]" classname="Kubernetes e2e suite" time="13.517164648"></testcase>
      <testcase name="[sig-storage] In-tree Volumes [Driver: local][LocalVolumeType: gce-localssd-scsi-fs] [Serial] [Testpattern: Dynamic PV (ntfs)][Feature:Windows] subPath should support non-existent path" classname="Kubernetes e2e suite" time="0">
          <skipped></skipped>
      </testcase>
      <testcase name="[sig-storage] In-tree Volumes [Driver: local][LocalVolumeType: dir] [Testpattern: Inline-volume (default fs)] subPath should unmount if pod is force deleted while kubelet is down [Disruptive][Slow][LinuxOnly]" classname="Kubernetes e2e suite" time="0">
          <skipped></skipped>
      </testcase>
      <testcase name="[sig-storage] In-tree Volumes [Driver: cinder] [Testpattern: Pre-provisioned PV (block volmode)] multiVolume [Slow] should access to two volumes with different volume mode and retain data across pod recreation on different node" classname="Kubernetes e2e suite" time="0">
          <skipped></skipped>
      </testcase>
      <testcase name="[sig-storage] In-tree Volumes [Driver: azure-disk] [Testpattern: Dynamic PV (ntfs)][Feature:Windows] provisioning should provision storage with snapshot data source [Feature:VolumeSnapshotDataSource]" classname="Kubernetes e2e suite" time="0">
          <skipped></skipped>
      </testcase>
      <testcase name="[sig-storage] In-tree Volumes [Driver: local][LocalVolumeType: blockfs] [Testpattern: Dynamic PV (filesystem volmode)] volumeLimits should verify that all csinodes have volume limits" classname="Kubernetes e2e suite" time="0">
          <skipped></skipped>
      </testcase>
      <testcase name="[sig-storage] In-tree Volumes [Driver: local][LocalVolumeType: block] [Testpattern: Pre-provisioned PV (filesystem volmode)] multiVolume [Slow] should concurrently access the single read-only volume from pods on the same node" classname="Kubernetes e2e suite" time="0">
          <skipped></skipped>
      </testcase>
      <testcase name="[sig-storage] In-tree Volumes [Driver: gcepd] [Testpattern: Dynamic PV (ntfs)][Feature:Windows] subPath should support creating multiple subpath from same volumes [Slow]" classname="Kubernetes e2e suite" time="0">
          <skipped></skipped>
      </testcase>
      <testcase name="[sig-storage] In-tree Volumes [Driver: ceph][Feature:Volumes][Serial] [Testpattern: Dynamic PV (default fs)] provisioning should provision storage with mount options" classname="Kubernetes e2e suite" time="0">
          <skipped></skipped>
      </testcase>
      <testcase name="[sig-storage] In-tree Volumes [Driver: local][LocalVolumeType: blockfs] [Testpattern: Dynamic PV (filesystem volmode)] multiVolume [Slow] should access to two volumes with different volume mode and retain data across pod recreation on the same node" classname="Kubernetes e2e suite" time="0">
          <skipped></skipped>
      </testcase>
      <testcase name="[sig-storage] CSI Volumes [Driver: csi-hostpath] [Testpattern: Dynamic PV (default fs)] subPath should support restarting containers using file as subpath [Slow][LinuxOnly]" classname="Kubernetes e2e suite" time="0">
          <skipped></skipped>
      </testcase>
      <testcase name="[sig-storage] CSI Volumes [Driver: csi-hostpath] [Testpattern: Pre-provisioned Snapshot (retain policy)] snapshottable[Feature:VolumeSnapshotDataSource] volume snapshot controller  should check snapshot fields, check restore correctly works after modifying source data, check deletion" classname="Kubernetes e2e suite" time="0">
          <skipped></skipped>
      </testcase>
      <testcase name="[sig-storage] In-tree Volumes [Driver: ceph][Feature:Volumes][Serial] [Testpattern: Pre-provisioned PV (block volmode)] multiVolume [Slow] should concurrently access the volume and restored snapshot from pods on the same node [LinuxOnly][Feature:VolumeSnapshotDataSource][Feature:VolumeSourceXFS]" classname="Kubernetes e2e suite" time="0">
          <skipped></skipped>
      </testcase>
      <testcase name="[sig-storage] In-tree Volumes [Driver: local][LocalVolumeType: dir-link] [Testpattern: Dynamic PV (block volmode)] multiVolume [Slow] should concurrently access the single read-only volume from pods on the same node" classname="Kubernetes e2e suite" time="0">
          <skipped></skipped>
      </testcase>
      <testcase name="[sig-storage] In-tree Volumes [Driver: vsphere] [Testpattern: Dynamic PV (default fs)] subPath should support creating multiple subpath from same volumes [Slow]" classname="Kubernetes e2e suite" time="0">
          <skipped></skipped>
      </testcase>
      <testcase name="[sig-storage] CSI Volumes [Driver: csi-hostpath] [Testpattern: Dynamic Snapshot (delete policy)] snapshottable[Feature:VolumeSnapshotDataSource] volume snapshot controller  should check snapshot fields, check restore correctly works after modifying source data, check deletion" classname="Kubernetes e2e suite" time="0">
          <skipped></skipped>
      </testcase>
      <testcase name="[sig-storage] Projected configMap should be consumable from pods in volume with mappings as non-root [NodeConformance] [Conformance]" classname="Kubernetes e2e suite" time="9.284280046"></testcase>
      <testcase name="[sig-storage] In-tree Volumes [Driver: rbd][Feature:Volumes][Serial] [Testpattern: Inline-volume (default fs)] subPath should be able to unmount after the subpath directory is deleted [LinuxOnly]" classname="Kubernetes e2e suite" time="0">
          <skipped></skipped>
      </testcase>
      <testcase name="[sig-storage] In-tree Volumes [Driver: local][LocalVolumeType: dir] [Testpattern: Dynamic PV (ntfs)][Feature:Windows] subPath should support existing directories when readOnly specified in the volumeSource" classname="Kubernetes e2e suite" time="0">
          <skipped></skipped>
      </testcase>
      <testcase name="[sig-storage] In-tree Volumes [Driver: aws] [Testpattern: Dynamic PV (block volmode)] volume-stress multiple pods should access different volumes repeatedly [Slow] [Serial]" classname="Kubernetes e2e suite" time="0">
          <skipped></skipped>
      </testcase>
      <testcase name="[sig-storage] In-tree Volumes [Driver: hostPath] [Testpattern: Dynamic PV (ntfs)][Feature:Windows] subPath should support creating multiple subpath from same volumes [Slow]" classname="Kubernetes e2e suite" time="0">
          <skipped></skipped>
      </testcase>
      <testcase name="[sig-storage] In-tree Volumes [Driver: vsphere] [Testpattern: Dynamic PV (default fs)] fsgroupchangepolicy (OnRootMismatch)[LinuxOnly], pod created with an initial fsgroup, volume contents ownership changed in first pod, new pod with different fsgroup applied to the volume contents" classname="Kubernetes e2e suite" time="0">
          <skipped></skipped>
      </testcase>
      <testcase name="[sig-storage] In-tree Volumes [Driver: hostPathSymlink] [Testpattern: Pre-provisioned PV (default fs)] subPath should support existing single file [LinuxOnly]" classname="Kubernetes e2e suite" time="0">
          <skipped></skipped>
      </testcase>
      <testcase name="[sig-storage] HostPathType Block Device [Slow] Should fail on mounting non-existent block device &#39;does-not-exist-blk-dev&#39; when HostPathType is HostPathBlockDev" classname="Kubernetes e2e suite" time="0">
          <skipped></skipped>
      </testcase>
      <testcase name="[sig-storage] CSI mock volume CSIServiceAccountToken token should not be plumbed down when CSIDriver is not deployed" classname="Kubernetes e2e suite" time="0">
          <skipped></skipped>
      </testcase>
      <testcase name="[sig-storage] In-tree Volumes [Driver: vsphere] [Testpattern: Dynamic PV (ntfs)][Feature:Windows] subPath should support file as subpath [LinuxOnly]" classname="Kubernetes e2e suite" time="0">
          <skipped></skipped>
      </testcase>
      <testcase name="[sig-storage] In-tree Volumes [Driver: azure-disk] [Testpattern: Dynamic PV (ntfs)][Feature:Windows] volumes should allow exec of files on the volume" classname="Kubernetes e2e suite" time="0">
          <skipped></skipped>
      </testcase>
      <testcase name="[sig-storage] In-tree Volumes [Driver: local][LocalVolumeType: dir] [Testpattern: Dynamic PV (default fs)] subPath should support file as subpath [LinuxOnly]" classname="Kubernetes e2e suite" time="0">
          <skipped></skipped>
      </testcase>
      <testcase name="[sig-storage] In-tree Volumes [Driver: local][LocalVolumeType: dir-bindmounted] [Testpattern: Pre-provisioned PV (ext4)] volumes should allow exec of files on the volume" classname="Kubernetes e2e suite" time="0">
          <skipped></skipped>
      </testcase>
      <testcase name="[sig-storage] Downward API volume should set DefaultMode on files [LinuxOnly] [NodeConformance] [Conformance]" classname="Kubernetes e2e suite" time="8.629264467"></testcase>
      <testcase name="[sig-storage] In-tree Volumes [Driver: windows-gcepd] [Testpattern: Dynamic PV (ntfs)][Feature:Windows] subPath should fail if subpath directory is outside the volume [Slow][LinuxOnly]" classname="Kubernetes e2e suite" time="0">
          <skipped></skipped>
      </testcase>
      <testcase name="[sig-storage] In-tree Volumes [Driver: gcepd] [Testpattern: Dynamic PV (filesystem volmode)] multiVolume [Slow] should concurrently access the volume and restored snapshot from pods on the same node [LinuxOnly][Feature:VolumeSnapshotDataSource][Feature:VolumeSourceXFS]" classname="Kubernetes e2e suite" time="0">
          <skipped></skipped>
      </testcase>
      <testcase name="[sig-storage] In-tree Volumes [Driver: gcepd] [Testpattern: Pre-provisioned PV (filesystem volmode)] multiVolume [Slow] should access to two volumes with different volume mode and retain data across pod recreation on the same node" classname="Kubernetes e2e suite" time="0">
          <skipped></skipped>
      </testcase>
      <testcase name="[sig-storage] In-tree Volumes [Driver: ceph][Feature:Volumes][Serial] [Testpattern: Pre-provisioned PV (block volmode)] disruptive[Disruptive][LinuxOnly] Should test that pv used in a pod that is force deleted while the kubelet is down cleans up when the kubelet returns." classname="Kubernetes e2e suite" time="0">
          <skipped></skipped>
      </testcase>
      <testcase name="[sig-storage] In-tree Volumes [Driver: local][LocalVolumeType: tmpfs] [Testpattern: Dynamic PV (block volmode)] multiVolume [Slow] should access to two volumes with different volume mode and retain data across pod recreation on different node" classname="Kubernetes e2e suite" time="0">
          <skipped></skipped>
      </testcase>
      <testcase name="[sig-network] IngressClass API  should support creating IngressClass API operations [Conformance]" classname="Kubernetes e2e suite" time="0.50719229"></testcase>
      <testcase name="[sig-storage] CSI Volumes [Driver: pd.csi.storage.gke.io][Serial] [Testpattern: Dynamic PV (ext3)] volumes should allow exec of files on the volume" classname="Kubernetes e2e suite" time="0">
          <skipped></skipped>
      </testcase>
      <testcase name="[sig-scheduling] SchedulerPredicates [Serial] validates that required NodeAffinity setting is respected if matching" classname="Kubernetes e2e suite" time="0">
          <skipped></skipped>
      </testcase>
      <testcase name="[sig-storage] In-tree Volumes [Driver: nfs] [Testpattern: Dynamic PV (default fs)] volume-expand should not allow expansion of pvcs without AllowVolumeExpansion property" classname="Kubernetes e2e suite" time="0">
          <skipped></skipped>
      </testcase>
      <testcase name="[sig-storage] In-tree Volumes [Driver: gcepd] [Testpattern: Dynamic PV (ntfs)][Feature:Windows] volumes should store data" classname="Kubernetes e2e suite" time="0">
          <skipped></skipped>
      </testcase>
      <testcase name="[sig-storage] In-tree Volumes [Driver: rbd][Feature:Volumes][Serial] [Testpattern: Dynamic PV (filesystem volmode)] volumeLimits should support volume limits [Serial]" classname="Kubernetes e2e suite" time="0">
          <skipped></skipped>
      </testcase>
      <testcase name="[sig-storage] In-tree Volumes [Driver: vsphere] [Testpattern: Dynamic PV (filesystem volmode)] multiVolume [Slow] should access to two volumes with the same volume mode and retain data across pod recreation on the same node" classname="Kubernetes e2e suite" time="0">
          <skipped></skipped>
      </testcase>
      <testcase name="[sig-storage] In-tree Volumes [Driver: local][LocalVolumeType: block] [Testpattern: Pre-provisioned PV (filesystem volmode)] volumeMode should not mount / map unused volumes in a pod [LinuxOnly]" classname="Kubernetes e2e suite" time="0">
          <skipped></skipped>
      </testcase>
      <testcase name="[sig-storage] In-tree Volumes [Driver: local][LocalVolumeType: dir-bindmounted] [Testpattern: Dynamic PV (xfs)][Slow] volumes should store data" classname="Kubernetes e2e suite" time="0">
          <skipped></skipped>
      </testcase>
      <testcase name="[sig-storage] In-tree Volumes [Driver: hostPathSymlink] [Testpattern: Dynamic PV (xfs)][Slow] multiVolume [Slow] should concurrently access the volume and restored snapshot from pods on the same node [LinuxOnly][Feature:VolumeSnapshotDataSource][Feature:VolumeSourceXFS]" classname="Kubernetes e2e suite" time="0">
          <skipped></skipped>
      </testcase>
      <testcase name="[sig-storage] In-tree Volumes [Driver: nfs] [Testpattern: Dynamic PV (xfs)][Slow] multiVolume [Slow] should concurrently access the single read-only volume from pods on the same node" classname="Kubernetes e2e suite" time="0">
          <skipped></skipped>
      </testcase>
      <testcase name="[sig-storage] In-tree Volumes [Driver: vsphere] [Testpattern: Inline-volume (xfs)][Slow] volumes should store data" classname="Kubernetes e2e suite" time="0">
          <skipped></skipped>
      </testcase>
      <testcase name="[sig-storage] In-tree Volumes [Driver: cinder] [Testpattern: Dynamic PV (ntfs)][Feature:Windows] subPath should fail if subpath with backstepping is outside the volume [Slow][LinuxOnly]" classname="Kubernetes e2e suite" time="0">
          <skipped></skipped>
      </testcase>
      <testcase name="[sig-storage] In-tree Volumes [Driver: local][LocalVolumeType: tmpfs] [Testpattern: Dynamic PV (default fs)] subPath should support readOnly directory specified in the volumeMount" classname="Kubernetes e2e suite" time="0">
          <skipped></skipped>
      </testcase>
      <testcase name="[sig-node] PodTemplates should delete a collection of pod templates [Conformance]" classname="Kubernetes e2e suite" time="0.390291812"></testcase>
      <testcase name="[sig-api-machinery] CustomResourceDefinition resources [Privileged:ClusterAdmin] Simple CustomResourceDefinition listing custom resource definition objects works  [Conformance]" classname="Kubernetes e2e suite" time="7.184517461"></testcase>
      <testcase name="[sig-storage] In-tree Volumes [Driver: ceph][Feature:Volumes][Serial] [Testpattern: Pre-provisioned PV (default fs)] subPath should fail if subpath with backstepping is outside the volume [Slow][LinuxOnly]" classname="Kubernetes e2e suite" time="0">
          <skipped></skipped>
      </testcase>
      <testcase name="[sig-storage] In-tree Volumes [Driver: local][LocalVolumeType: block] [Testpattern: Dynamic PV (filesystem volmode)] multiVolume [Slow] should access to two volumes with different volume mode and retain data across pod recreation on the same node" classname="Kubernetes e2e suite" time="0">
          <skipped></skipped>
      </testcase>
      <testcase name="[sig-storage] In-tree Volumes [Driver: local][LocalVolumeType: dir-link] [Testpattern: Dynamic PV (block volmode)] multiVolume [Slow] should concurrently access the single volume from pods on different node" classname="Kubernetes e2e suite" time="0">
          <skipped></skipped>
      </testcase>
      <testcase name="[sig-storage] In-tree Volumes [Driver: vsphere] [Testpattern: Dynamic PV (xfs)][Slow] multiVolume [Slow] should access to two volumes with different volume mode and retain data across pod recreation on the same node" classname="Kubernetes e2e suite" time="0">
          <skipped></skipped>
      </testcase>
      <testcase name="[sig-storage] In-tree Volumes [Driver: ceph][Feature:Volumes][Serial] [Testpattern: Pre-provisioned PV (filesystem volmode)] multiVolume [Slow] should access to two volumes with the same volume mode and retain data across pod recreation on different node" classname="Kubernetes e2e suite" time="0">
          <skipped></skipped>
      </testcase>
      <testcase name="[sig-storage] In-tree Volumes [Driver: ceph][Feature:Volumes][Serial] [Testpattern: Dynamic PV (block volmode)] multiVolume [Slow] should access to two volumes with different volume mode and retain data across pod recreation on the same node" classname="Kubernetes e2e suite" time="0">
          <skipped></skipped>
      </testcase>
      <testcase name="[sig-storage] In-tree Volumes [Driver: emptydir] [Testpattern: Dynamic PV (ntfs)][Feature:Windows] subPath should fail if subpath file is outside the volume [Slow][LinuxOnly]" classname="Kubernetes e2e suite" time="0">
          <skipped></skipped>
      </testcase>
      <testcase name="[sig-storage] In-tree Volumes [Driver: iscsi][Feature:Volumes] [Testpattern: Dynamic PV (filesystem volmode)] multiVolume [Slow] should concurrently access the single volume from pods on the same node" classname="Kubernetes e2e suite" time="0">
          <skipped></skipped>
      </testcase>
      <testcase name="[sig-storage] In-tree Volumes [Driver: local][LocalVolumeType: gce-localssd-scsi-fs] [Serial] [Testpattern: Dynamic PV (ext4)] multiVolume [Slow] should concurrently access the single volume from pods on different node" classname="Kubernetes e2e suite" time="0">
          <skipped></skipped>
      </testcase>
      <testcase name="[sig-storage] In-tree Volumes [Driver: local][LocalVolumeType: gce-localssd-scsi-fs] [Serial] [Testpattern: Dynamic PV (block volmode)] provisioning should provision storage with snapshot data source [Feature:VolumeSnapshotDataSource]" classname="Kubernetes e2e suite" time="0">
          <skipped></skipped>
      </testcase>
      <testcase name="[sig-storage] In-tree Volumes [Driver: azure-disk] [Testpattern: Dynamic PV (xfs)][Slow] volumes should store data" classname="Kubernetes e2e suite" time="0">
          <skipped></skipped>
      </testcase>
      <testcase name="[sig-storage] In-tree Volumes [Driver: iscsi][Feature:Volumes] [Testpattern: Dynamic PV (block volmode)] multiVolume [Slow] should concurrently access the single read-only volume from pods on the same node" classname="Kubernetes e2e suite" time="0">
          <skipped></skipped>
      </testcase>
      <testcase name="[sig-node] Downward API should provide container&#39;s limits.cpu/memory and requests.cpu/memory as env vars [NodeConformance] [Conformance]" classname="Kubernetes e2e suite" time="12.698464802"></testcase>
      <testcase name="[sig-storage] In-tree Volumes [Driver: local][LocalVolumeType: dir-link-bindmounted] [Testpattern: Dynamic PV (default fs)] capacity provides storage capacity information" classname="Kubernetes e2e suite" time="0">
          <skipped></skipped>
      </testcase>
      <testcase name="[sig-storage] In-tree Volumes [Driver: nfs] [Testpattern: Dynamic PV (ntfs)(allowExpansion)][Feature:Windows] volume-expand should resize volume when PVC is edited while pod is using it" classname="Kubernetes e2e suite" time="0">
          <skipped></skipped>
      </testcase>
      <testcase name="[sig-cli] Kubectl client Kubectl expose should create services for rc  [Conformance]" classname="Kubernetes e2e suite" time="77.540737213"></testcase>
      <testcase name="[sig-storage] CSI Volumes [Driver: csi-hostpath] [Testpattern: Dynamic PV (default fs)] subPath should fail if subpath file is outside the volume [Slow][LinuxOnly]" classname="Kubernetes e2e suite" time="0">
          <skipped></skipped>
      </testcase>
      <testcase name="[sig-storage] In-tree Volumes [Driver: local][LocalVolumeType: dir-bindmounted] [Testpattern: Dynamic PV (block volmode)] provisioning should provision storage with mount options" classname="Kubernetes e2e suite" time="0">
          <skipped></skipped>
      </testcase>
      <testcase name="[sig-apps] DisruptionController evictions: maxUnavailable allow single eviction, percentage =&gt; should allow an eviction" classname="Kubernetes e2e suite" time="0">
          <skipped></skipped>
      </testcase>
      <testcase name="[sig-storage] In-tree Volumes [Driver: rbd][Feature:Volumes][Serial] [Testpattern: Dynamic PV (block volmode)] disruptive[Disruptive][LinuxOnly] Should test that pv used in a pod that is force deleted while the kubelet is down cleans up when the kubelet returns." classname="Kubernetes e2e suite" time="0">
          <skipped></skipped>
      </testcase>
      <testcase name="[sig-storage] In-tree Volumes [Driver: local][LocalVolumeType: blockfs] [Testpattern: Pre-provisioned PV (block volmode)] multiVolume [Slow] should concurrently access the volume and its clone from pods on the same node [LinuxOnly][Feature:VolumeSnapshotDataSource][Feature:VolumeSourceXFS]" classname="Kubernetes e2e suite" time="0">
          <skipped></skipped>
      </testcase>
      <testcase name="[sig-storage] In-tree Volumes [Driver: ceph][Feature:Volumes][Serial] [Testpattern: Dynamic PV (xfs)][Slow] multiVolume [Slow] should access to two volumes with different volume mode and retain data across pod recreation on the same node" classname="Kubernetes e2e suite" time="0">
          <skipped></skipped>
      </testcase>
      <testcase name="[sig-storage] In-tree Volumes [Driver: iscsi][Feature:Volumes] [Testpattern: Dynamic PV (xfs)][Slow] multiVolume [Slow] should access to two volumes with different volume mode and retain data across pod recreation on the same node" classname="Kubernetes e2e suite" time="0">
          <skipped></skipped>
      </testcase>
      <testcase name="[sig-storage] In-tree Volumes [Driver: gcepd] [Testpattern: Inline-volume (default fs)] subPath should unmount if pod is force deleted while kubelet is down [Disruptive][Slow][LinuxOnly]" classname="Kubernetes e2e suite" time="0">
          <skipped></skipped>
      </testcase>
      <testcase name="[sig-apps] ReplicationController should adopt matching pods on creation [Conformance]" classname="Kubernetes e2e suite" time="9.344950442"></testcase>
      <testcase name="[sig-storage] In-tree Volumes [Driver: local][LocalVolumeType: dir-link] [Testpattern: Dynamic PV (ext4)] multiVolume [Slow] should concurrently access the single volume from pods on different node" classname="Kubernetes e2e suite" time="0">
          <skipped></skipped>
      </testcase>
      <testcase name="[sig-storage] In-tree Volumes [Driver: local][LocalVolumeType: blockfs] [Testpattern: Dynamic PV (default fs)] fsgroupchangepolicy (Always)[LinuxOnly], pod created with an initial fsgroup, volume contents ownership changed in first pod, new pod with different fsgroup applied to the volume contents" classname="Kubernetes e2e suite" time="0">
          <skipped></skipped>
      </testcase>
      <testcase name="[sig-storage] CSI Volumes [Driver: csi-hostpath] [Testpattern: Dynamic PV (ext4)] multiVolume [Slow] should access to two volumes with the same volume mode and retain data across pod recreation on different node" classname="Kubernetes e2e suite" time="0">
          <skipped></skipped>
      </testcase>
      <testcase name="[sig-storage] In-tree Volumes [Driver: emptydir] [Testpattern: Pre-provisioned PV (ntfs)][Feature:Windows] volumes should store data" classname="Kubernetes e2e suite" time="0">
          <skipped></skipped>
      </testcase>
      <testcase name="[sig-storage] In-tree Volumes [Driver: hostPathSymlink] [Testpattern: Dynamic PV (default fs)] subPath should support existing directory" classname="Kubernetes e2e suite" time="0">
          <skipped></skipped>
      </testcase>
      <testcase name="[sig-storage] In-tree Volumes [Driver: aws] [Testpattern: Dynamic PV (filesystem volmode)] multiVolume [Slow] should concurrently access the single read-only volume from pods on the same node" classname="Kubernetes e2e suite" time="0">
          <skipped></skipped>
      </testcase>
      <testcase name="[sig-storage] In-tree Volumes [Driver: azure-disk] [Testpattern: Dynamic PV (xfs)][Slow] multiVolume [Slow] should concurrently access the volume and its clone from pods on the same node [LinuxOnly][Feature:VolumeSnapshotDataSource][Feature:VolumeSourceXFS]" classname="Kubernetes e2e suite" time="0">
          <skipped></skipped>
      </testcase>
      <testcase name="[sig-storage] In-tree Volumes [Driver: local][LocalVolumeType: dir-link-bindmounted] [Testpattern: Inline-volume (ntfs)][Feature:Windows] volumes should allow exec of files on the volume" classname="Kubernetes e2e suite" time="0">
          <skipped></skipped>
      </testcase>
      <testcase name="[sig-storage] In-tree Volumes [Driver: emptydir] [Testpattern: Inline-volume (default fs)] subPath should fail if subpath with backstepping is outside the volume [Slow][LinuxOnly]" classname="Kubernetes e2e suite" time="0">
          <skipped></skipped>
      </testcase>
      <testcase name="[sig-storage] In-tree Volumes [Driver: hostPathSymlink] [Testpattern: Inline-volume (ext3)] volumes should allow exec of files on the volume" classname="Kubernetes e2e suite" time="0">
          <skipped></skipped>
      </testcase>
      <testcase name="[sig-storage] In-tree Volumes [Driver: azure-disk] [Testpattern: Inline-volume (default fs)] volumes should store data" classname="Kubernetes e2e suite" time="0">
          <skipped></skipped>
      </testcase>
      <testcase name="[sig-storage] In-tree Volumes [Driver: windows-gcepd] [Testpattern: Inline-volume (default fs)] subPath should support readOnly directory specified in the volumeMount" classname="Kubernetes e2e suite" time="0">
          <skipped></skipped>
      </testcase>
      <testcase name="[sig-storage] In-tree Volumes [Driver: local][LocalVolumeType: block] [Testpattern: Dynamic PV (default fs)] fsgroupchangepolicy (Always)[LinuxOnly], pod created with an initial fsgroup, volume contents ownership changed in first pod, new pod with different fsgroup applied to the volume contents" classname="Kubernetes e2e suite" time="0">
          <skipped></skipped>
      </testcase>
      <testcase name="[sig-storage] In-tree Volumes [Driver: hostPathSymlink] [Testpattern: Dynamic PV (default fs)] subPath should support creating multiple subpath from same volumes [Slow]" classname="Kubernetes e2e suite" time="0">
          <skipped></skipped>
      </testcase>
      <testcase name="[sig-storage] In-tree Volumes [Driver: local][LocalVolumeType: dir-bindmounted] [Testpattern: Dynamic PV (delayed binding)] topology should fail to schedule a pod which has topologies that conflict with AllowedTopologies" classname="Kubernetes e2e suite" time="0">
          <skipped></skipped>
      </testcase>
      <testcase name="[sig-apps] CronJob should delete failed finished jobs with limit of one job" classname="Kubernetes e2e suite" time="0">
          <skipped></skipped>
      </testcase>
      <testcase name="[sig-storage] PersistentVolumes-local  [Volume type: dir-bindmounted] Set fsGroup for local volume should set different fsGroup for second pod if first pod is deleted" classname="Kubernetes e2e suite" time="0">
          <skipped></skipped>
      </testcase>
      <testcase name="[sig-storage] In-tree Volumes [Driver: azure-disk] [Testpattern: Pre-provisioned PV (filesystem volmode)] volumeMode should not mount / map unused volumes in a pod [LinuxOnly]" classname="Kubernetes e2e suite" time="0">
          <skipped></skipped>
      </testcase>
      <testcase name="[sig-storage] In-tree Volumes [Driver: rbd][Feature:Volumes][Serial] [Testpattern: Pre-provisioned PV (block volmode)] multiVolume [Slow] should access to two volumes with the same volume mode and retain data across pod recreation on different node" classname="Kubernetes e2e suite" time="0">
          <skipped></skipped>
      </testcase>
      <testcase name="[sig-network] LoadBalancers ESIPP [Slow] should work for type=NodePort" classname="Kubernetes e2e suite" time="0">
          <skipped></skipped>
      </testcase>
      <testcase name="[sig-storage] In-tree Volumes [Driver: local][LocalVolumeType: blockfs] [Testpattern: Inline-volume (xfs)][Slow] volumes should allow exec of files on the volume" classname="Kubernetes e2e suite" time="0">
          <skipped></skipped>
      </testcase>
      <testcase name="[sig-storage] In-tree Volumes [Driver: gcepd] [Testpattern: Dynamic PV (delayed binding)] topology should provision a volume and schedule a pod with AllowedTopologies" classname="Kubernetes e2e suite" time="0">
          <skipped></skipped>
      </testcase>
      <testcase name="[sig-storage] In-tree Volumes [Driver: azure-disk] [Testpattern: Pre-provisioned PV (default fs)] subPath should fail if subpath with backstepping is outside the volume [Slow][LinuxOnly]" classname="Kubernetes e2e suite" time="0">
          <skipped></skipped>
      </testcase>
      <testcase name="[sig-storage] In-tree Volumes [Driver: local][LocalVolumeType: dir-link] [Testpattern: Pre-provisioned PV (ext3)] volumes should store data" classname="Kubernetes e2e suite" time="0">
          <skipped></skipped>
      </testcase>
      <testcase name="[sig-storage] In-tree Volumes [Driver: local][LocalVolumeType: dir] [Testpattern: Inline-volume (default fs)] subPath should support restarting containers using directory as subpath [Slow]" classname="Kubernetes e2e suite" time="0">
          <skipped></skipped>
      </testcase>
      <testcase name="[sig-storage] In-tree Volumes [Driver: nfs] [Testpattern: Dynamic PV (ntfs)][Feature:Windows] subPath should support restarting containers using directory as subpath [Slow]" classname="Kubernetes e2e suite" time="0">
          <skipped></skipped>
      </testcase>
      <testcase name="[sig-storage] In-tree Volumes [Driver: local][LocalVolumeType: dir-link-bindmounted] [Testpattern: Pre-provisioned PV (default fs)] subPath should support existing directories when readOnly specified in the volumeSource" classname="Kubernetes e2e suite" time="0">
          <skipped></skipped>
      </testcase>
      <testcase name="[sig-storage] In-tree Volumes [Driver: ceph][Feature:Volumes][Serial] [Testpattern: Inline-volume (xfs)][Slow] volumes should allow exec of files on the volume" classname="Kubernetes e2e suite" time="0">
          <skipped></skipped>
      </testcase>
      <testcase name="[sig-storage] In-tree Volumes [Driver: local][LocalVolumeType: tmpfs] [Testpattern: Pre-provisioned PV (ext4)] volumes should allow exec of files on the volume" classname="Kubernetes e2e suite" time="0">
          <skipped></skipped>
      </testcase>
      <testcase name="[sig-auth] ServiceAccounts ServiceAccountIssuerDiscovery should support OIDC discovery of service account issuer [Conformance]" classname="Kubernetes e2e suite" time="38.308286812"></testcase>
      <testcase name="[sig-storage] In-tree Volumes [Driver: local][LocalVolumeType: dir-link] [Testpattern: Dynamic PV (ntfs)][Feature:Windows] subPath should be able to unmount after the subpath directory is deleted [LinuxOnly]" classname="Kubernetes e2e suite" time="0">
          <skipped></skipped>
      </testcase>
      <testcase name="[sig-storage] In-tree Volumes [Driver: rbd][Feature:Volumes][Serial] [Testpattern: Pre-provisioned PV (default fs)] volumeIO should write files of various sizes, verify size, validate content [Slow][LinuxOnly]" classname="Kubernetes e2e suite" time="0">
          <skipped></skipped>
      </testcase>
      <testcase name="[sig-storage] In-tree Volumes [Driver: iscsi][Feature:Volumes] [Testpattern: Pre-provisioned PV (filesystem volmode)] multiVolume [Slow] should concurrently access the single volume from pods on different node" classname="Kubernetes e2e suite" time="0">
          <skipped></skipped>
      </testcase>
      <testcase name="[sig-storage] In-tree Volumes [Driver: ceph][Feature:Volumes][Serial] [Testpattern: Dynamic PV (ntfs)][Feature:Windows] provisioning should provision storage with pvc data source in parallel [Slow]" classname="Kubernetes e2e suite" time="0">
          <skipped></skipped>
      </testcase>
      <testcase name="[sig-storage] CSI Volumes [Driver: pd.csi.storage.gke.io][Serial] [Testpattern: Dynamic PV (ntfs)][Feature:Windows] provisioning should provision storage with mount options" classname="Kubernetes e2e suite" time="0">
          <skipped></skipped>
      </testcase>
      <testcase name="[sig-storage] In-tree Volumes [Driver: windows-gcepd] [Testpattern: Pre-provisioned PV (filesystem volmode)] volumeMode should fail to use a volume in a pod with mismatched mode [Slow]" classname="Kubernetes e2e suite" time="0">
          <skipped></skipped>
      </testcase>
      <testcase name="[sig-storage] In-tree Volumes [Driver: cinder] [Testpattern: Dynamic PV (filesystem volmode)] multiVolume [Slow] should concurrently access the single read-only volume from pods on the same node" classname="Kubernetes e2e suite" time="0">
          <skipped></skipped>
      </testcase>
      <testcase name="[sig-storage] In-tree Volumes [Driver: emptydir] [Testpattern: Dynamic PV (xfs)][Slow] volumes should allow exec of files on the volume" classname="Kubernetes e2e suite" time="0">
          <skipped></skipped>
      </testcase>
      <testcase name="[sig-storage] In-tree Volumes [Driver: gluster] [Testpattern: Dynamic PV (filesystem volmode)] volumeLimits should verify that all csinodes have volume limits" classname="Kubernetes e2e suite" time="0">
          <skipped></skipped>
      </testcase>
      <testcase name="[sig-storage] In-tree Volumes [Driver: cinder] [Testpattern: Dynamic PV (default fs)] subPath should support restarting containers using directory as subpath [Slow]" classname="Kubernetes e2e suite" time="0">
          <skipped></skipped>
      </testcase>
      <testcase name="[sig-storage] In-tree Volumes [Driver: cinder] [Testpattern: Dynamic PV (default fs)] subPath should support readOnly file specified in the volumeMount [LinuxOnly]" classname="Kubernetes e2e suite" time="0">
          <skipped></skipped>
      </testcase>
      <testcase name="[sig-storage] In-tree Volumes [Driver: nfs] [Testpattern: Dynamic PV (default fs)] fsgroupchangepolicy (Always)[LinuxOnly], pod created with an initial fsgroup, new pod fsgroup applied to volume contents" classname="Kubernetes e2e suite" time="0">
          <skipped></skipped>
      </testcase>
      <testcase name="[sig-storage] In-tree Volumes [Driver: ceph][Feature:Volumes][Serial] [Testpattern: Pre-provisioned PV (block volmode)] multiVolume [Slow] should access to two volumes with the same volume mode and retain data across pod recreation on the same node" classname="Kubernetes e2e suite" time="0">
          <skipped></skipped>
      </testcase>
      <testcase name="[sig-storage] In-tree Volumes [Driver: local][LocalVolumeType: tmpfs] [Testpattern: Pre-provisioned PV (filesystem volmode)] multiVolume [Slow] should access to two volumes with different volume mode and retain data across pod recreation on the same node" classname="Kubernetes e2e suite" time="0">
          <skipped></skipped>
      </testcase>
      <testcase name="[sig-storage] CSI mock volume storage capacity exhausted, immediate binding" classname="Kubernetes e2e suite" time="0">
          <skipped></skipped>
      </testcase>
      <testcase name="[sig-storage] CSI Volumes [Driver: csi-hostpath] [Testpattern: Dynamic PV (block volmode)] disruptive[Disruptive][LinuxOnly] Should test that pv used in a pod that is force deleted while the kubelet is down cleans up when the kubelet returns." classname="Kubernetes e2e suite" time="0">
          <skipped></skipped>
      </testcase>
      <testcase name="[sig-storage] In-tree Volumes [Driver: cinder] [Testpattern: Dynamic PV (filesystem volmode)] multiVolume [Slow] should concurrently access the volume and restored snapshot from pods on the same node [LinuxOnly][Feature:VolumeSnapshotDataSource][Feature:VolumeSourceXFS]" classname="Kubernetes e2e suite" time="0">
          <skipped></skipped>
      </testcase>
      <testcase name="[sig-node] Probing container should have monotonically increasing restart count [NodeConformance] [Conformance]" classname="Kubernetes e2e suite" time="192.523898021"></testcase>
      <testcase name="[sig-storage] In-tree Volumes [Driver: cinder] [Testpattern: Dynamic PV (block volmode)] multiVolume [Slow] should access to two volumes with different volume mode and retain data across pod recreation on different node" classname="Kubernetes e2e suite" time="0">
          <skipped></skipped>
      </testcase>
      <testcase name="[sig-api-machinery] Generated clientset should create v1 cronJobs, delete cronJobs, watch cronJobs" classname="Kubernetes e2e suite" time="0">
          <skipped></skipped>
      </testcase>
      <testcase name="[sig-storage] CSI Volumes [Driver: csi-hostpath] [Testpattern: Inline-volume (default fs)] volumes should allow exec of files on the volume" classname="Kubernetes e2e suite" time="0">
          <skipped></skipped>
      </testcase>
      <testcase name="[sig-storage] In-tree Volumes [Driver: cinder] [Testpattern: Dynamic PV (default fs)] fsgroupchangepolicy (OnRootMismatch)[LinuxOnly], pod created with an initial fsgroup, new pod fsgroup applied to volume contents" classname="Kubernetes e2e suite" time="0">
          <skipped></skipped>
      </testcase>
      <testcase name="[sig-storage] In-tree Volumes [Driver: local][LocalVolumeType: dir-link-bindmounted] [Testpattern: Dynamic PV (default fs)] subPath should support existing single file [LinuxOnly]" classname="Kubernetes e2e suite" time="0">
          <skipped></skipped>
      </testcase>
      <testcase name="[sig-storage] In-tree Volumes [Driver: gluster] [Testpattern: Inline-volume (default fs)] subPath should verify container cannot write to subpath readonly volumes [Slow]" classname="Kubernetes e2e suite" time="0">
          <skipped></skipped>
      </testcase>
      <testcase name="[sig-node] Probing container should *not* be restarted with a exec &#34;cat /tmp/health&#34; liveness probe [NodeConformance] [Conformance]" classname="Kubernetes e2e suite" time="246.705480618"></testcase>
      <testcase name="[sig-storage] CSI Volumes [Driver: csi-hostpath] [Testpattern: Dynamic PV (ntfs)][Feature:Windows] subPath should support file as subpath [LinuxOnly]" classname="Kubernetes e2e suite" time="0">
          <skipped></skipped>
      </testcase>
      <testcase name="[sig-storage] In-tree Volumes [Driver: local][LocalVolumeType: block] [Testpattern: Dynamic PV (ntfs)][Feature:Windows] subPath should support readOnly file specified in the volumeMount [LinuxOnly]" classname="Kubernetes e2e suite" time="0">
          <skipped></skipped>
      </testcase>
      <testcase name="[sig-storage] In-tree Volumes [Driver: hostPathSymlink] [Testpattern: Dynamic PV (default fs)] capacity provides storage capacity information" classname="Kubernetes e2e suite" time="0">
          <skipped></skipped>
      </testcase>
      <testcase name="[sig-storage] In-tree Volumes [Driver: emptydir] [Testpattern: Dynamic PV (block volmode)] volumes should store data" classname="Kubernetes e2e suite" time="0">
          <skipped></skipped>
      </testcase>
      <testcase name="[sig-storage] CSI Volumes [Driver: csi-hostpath] [Testpattern: Dynamic PV (ext3)] volumes should store data" classname="Kubernetes e2e suite" time="0">
          <skipped></skipped>
      </testcase>
      <testcase name="[sig-storage] In-tree Volumes [Driver: local][LocalVolumeType: dir-bindmounted] [Testpattern: Pre-provisioned PV (filesystem volmode)] multiVolume [Slow] should access to two volumes with the same volume mode and retain data across pod recreation on different node" classname="Kubernetes e2e suite" time="0">
          <skipped></skipped>
      </testcase>
      <testcase name="[sig-storage] Zone Support [Feature:vsphere] Verify a pod is created and attached to a dynamically created PV, based on the allowed zones and datastore specified in storage class when there are multiple datastores with the same name under different zones across datacenters" classname="Kubernetes e2e suite" time="0">
          <skipped></skipped>
      </testcase>
      <testcase name="[sig-storage] In-tree Volumes [Driver: local][LocalVolumeType: gce-localssd-scsi-fs] [Serial] [Testpattern: Dynamic PV (block volmode)] multiVolume [Slow] should access to two volumes with the same volume mode and retain data across pod recreation on the same node" classname="Kubernetes e2e suite" time="0">
          <skipped></skipped>
      </testcase>
      <testcase name="[sig-storage] In-tree Volumes [Driver: azure-disk] [Testpattern: Dynamic PV (block volmode)] multiVolume [Slow] should concurrently access the volume and its clone from pods on the same node [LinuxOnly][Feature:VolumeSnapshotDataSource][Feature:VolumeSourceXFS]" classname="Kubernetes e2e suite" time="0">
          <skipped></skipped>
      </testcase>
      <testcase name="[sig-storage] CSI Volumes [Driver: pd.csi.storage.gke.io][Serial] [Testpattern: Dynamic PV (filesystem volmode)] disruptive[Disruptive][LinuxOnly] Should test that pv written before kubelet restart is readable after restart." classname="Kubernetes e2e suite" time="0">
          <skipped></skipped>
      </testcase>
      <testcase name="[sig-storage] Volumes NFSv4 should be mountable for NFSv4" classname="Kubernetes e2e suite" time="0">
          <skipped></skipped>
      </testcase>
      <testcase name="[sig-storage] CSI Volumes [Driver: csi-hostpath] [Testpattern: Dynamic PV (xfs)][Slow] multiVolume [Slow] should concurrently access the single volume from pods on different node" classname="Kubernetes e2e suite" time="0">
          <skipped></skipped>
      </testcase>
      <testcase name="[sig-storage] CSI Volumes [Driver: csi-hostpath] [Testpattern: Inline-volume (default fs)] subPath should support file as subpath [LinuxOnly]" classname="Kubernetes e2e suite" time="0">
          <skipped></skipped>
      </testcase>
      <testcase name="[sig-storage] CSI Volumes [Driver: pd.csi.storage.gke.io][Serial] [Testpattern: Pre-provisioned PV (default fs)] subPath should support restarting containers using directory as subpath [Slow]" classname="Kubernetes e2e suite" time="0">
          <skipped></skipped>
      </testcase>
      <testcase name="[sig-storage] CSI Volumes [Driver: csi-hostpath] [Testpattern: Pre-provisioned PV (block volmode)] multiVolume [Slow] should access to two volumes with the same volume mode and retain data across pod recreation on different node" classname="Kubernetes e2e suite" time="0">
          <skipped></skipped>
      </testcase>
      <testcase name="[sig-cloud-provider-gcp] Addon update should propagate add-on file changes [Slow]" classname="Kubernetes e2e suite" time="0">
          <skipped></skipped>
      </testcase>
      <testcase name="[sig-node] Probing container should not be ready with an exec readiness probe timeout [MinimumKubeletVersion:1.20] [NodeConformance]" classname="Kubernetes e2e suite" time="0">
          <skipped></skipped>
      </testcase>
      <testcase name="[sig-storage] In-tree Volumes [Driver: local][LocalVolumeType: dir-link] [Testpattern: Dynamic PV (ext4)] multiVolume [Slow] should access to two volumes with the same volume mode and retain data across pod recreation on the same node" classname="Kubernetes e2e suite" time="0">
          <skipped></skipped>
      </testcase>
      <testcase name="[sig-storage] In-tree Volumes [Driver: local][LocalVolumeType: tmpfs] [Testpattern: Pre-provisioned PV (filesystem volmode)] multiVolume [Slow] should concurrently access the single volume from pods on the same node" classname="Kubernetes e2e suite" time="0">
          <skipped></skipped>
      </testcase>
      <testcase name="[sig-storage] In-tree Volumes [Driver: nfs] [Testpattern: Inline-volume (default fs)] volumes should allow exec of files on the volume" classname="Kubernetes e2e suite" time="0">
          <skipped></skipped>
      </testcase>
      <testcase name="[sig-storage] In-tree Volumes [Driver: local][LocalVolumeType: dir-bindmounted] [Testpattern: Dynamic PV (ext4)] multiVolume [Slow] should access to two volumes with different volume mode and retain data across pod recreation on the same node" classname="Kubernetes e2e suite" time="0">
          <skipped></skipped>
      </testcase>
      <testcase name="[sig-storage] PersistentVolumes [Feature:vsphere][Feature:ReclaimPolicy] persistentvolumereclaim:vsphere [Feature:vsphere] should delete persistent volume when reclaimPolicy set to delete and associated claim is deleted" classname="Kubernetes e2e suite" time="0">
          <skipped></skipped>
      </testcase>
      <testcase name="[sig-storage] In-tree Volumes [Driver: local][LocalVolumeType: dir] [Testpattern: Pre-provisioned PV (xfs)][Slow] volumes should store data" classname="Kubernetes e2e suite" time="0">
          <skipped></skipped>
      </testcase>
      <testcase name="[sig-storage] In-tree Volumes [Driver: hostPathSymlink] [Testpattern: Dynamic PV (block volmode)] disruptive[Disruptive][LinuxOnly] Should test that pv written before kubelet restart is readable after restart." classname="Kubernetes e2e suite" time="0">
          <skipped></skipped>
      </testcase>
      <testcase name="[sig-storage] In-tree Volumes [Driver: local][LocalVolumeType: dir-link-bindmounted] [Testpattern: Dynamic PV (default fs)] volume-expand should not allow expansion of pvcs without AllowVolumeExpansion property" classname="Kubernetes e2e suite" time="0">
          <skipped></skipped>
      </testcase>
      <testcase name="[sig-storage] In-tree Volumes [Driver: local][LocalVolumeType: dir-bindmounted] [Testpattern: Dynamic PV (block volmode)] disruptive[Disruptive][LinuxOnly] Should test that pv used in a pod that is deleted while the kubelet is down cleans up when the kubelet returns." classname="Kubernetes e2e suite" time="0">
          <skipped></skipped>
      </testcase>
      <testcase name="[sig-storage] In-tree Volumes [Driver: rbd][Feature:Volumes][Serial] [Testpattern: Inline-volume (default fs)] subPath should support existing directories when readOnly specified in the volumeSource" classname="Kubernetes e2e suite" time="0">
          <skipped></skipped>
      </testcase>
      <testcase name="[sig-storage] In-tree Volumes [Driver: emptydir] [Testpattern: Dynamic PV (ntfs)][Feature:Windows] provisioning should provision storage with snapshot data source [Feature:VolumeSnapshotDataSource]" classname="Kubernetes e2e suite" time="0">
          <skipped></skipped>
      </testcase>
      <testcase name="[sig-network] Firewall rule should have correct firewall rules for e2e cluster" classname="Kubernetes e2e suite" time="0">
          <skipped></skipped>
      </testcase>
      <testcase name="[sig-storage] In-tree Volumes [Driver: gluster] [Testpattern: Pre-provisioned PV (default fs)] subPath should support readOnly directory specified in the volumeMount" classname="Kubernetes e2e suite" time="0">
          <skipped></skipped>
      </testcase>
      <testcase name="[sig-storage] In-tree Volumes [Driver: hostPath] [Testpattern: Pre-provisioned PV (block volmode)] multiVolume [Slow] should concurrently access the volume and its clone from pods on the same node [LinuxOnly][Feature:VolumeSnapshotDataSource][Feature:VolumeSourceXFS]" classname="Kubernetes e2e suite" time="0">
          <skipped></skipped>
      </testcase>
      <testcase name="[sig-storage] In-tree Volumes [Driver: aws] [Testpattern: Pre-provisioned PV (default fs)] subPath should unmount if pod is gracefully deleted while kubelet is down [Disruptive][Slow][LinuxOnly]" classname="Kubernetes e2e suite" time="0">
          <skipped></skipped>
      </testcase>
      <testcase name="[sig-storage] In-tree Volumes [Driver: azure-disk] [Testpattern: Dynamic PV (ext3)] volumes should allow exec of files on the volume" classname="Kubernetes e2e suite" time="0">
          <skipped></skipped>
      </testcase>
      <testcase name="[sig-storage] In-tree Volumes [Driver: local][LocalVolumeType: gce-localssd-scsi-fs] [Serial] [Testpattern: Pre-provisioned PV (default fs)] volumes should store data" classname="Kubernetes e2e suite" time="0">
          <skipped></skipped>
      </testcase>
      <testcase name="[sig-storage] In-tree Volumes [Driver: nfs] [Testpattern: Dynamic PV (default fs)] subPath should support non-existent path" classname="Kubernetes e2e suite" time="0">
          <skipped></skipped>
      </testcase>
      <testcase name="[sig-storage] In-tree Volumes [Driver: local][LocalVolumeType: dir-link-bindmounted] [Testpattern: Dynamic PV (block volmode)] disruptive[Disruptive][LinuxOnly] Should test that pv written before kubelet restart is readable after restart." classname="Kubernetes e2e suite" time="0">
          <skipped></skipped>
      </testcase>
      <testcase name="[sig-storage] In-tree Volumes [Driver: iscsi][Feature:Volumes] [Testpattern: Dynamic PV (default fs)] provisioning should provision storage with mount options" classname="Kubernetes e2e suite" time="0">
          <skipped></skipped>
      </testcase>
      <testcase name="[sig-storage] In-tree Volumes [Driver: vsphere] [Testpattern: Inline-volume (default fs)] volumes should allow exec of files on the volume" classname="Kubernetes e2e suite" time="0">
          <skipped></skipped>
      </testcase>
      <testcase name="[sig-storage] In-tree Volumes [Driver: windows-gcepd] [Testpattern: Dynamic PV (ntfs)][Feature:Windows] subPath should support creating multiple subpath from same volumes [Slow]" classname="Kubernetes e2e suite" time="0">
          <skipped></skipped>
      </testcase>
      <testcase name="[sig-storage] In-tree Volumes [Driver: local][LocalVolumeType: block] [Testpattern: Dynamic PV (default fs)] subPath should fail if subpath with backstepping is outside the volume [Slow][LinuxOnly]" classname="Kubernetes e2e suite" time="0">
          <skipped></skipped>
      </testcase>
      <testcase name="[sig-storage] In-tree Volumes [Driver: hostPathSymlink] [Testpattern: Pre-provisioned PV (default fs)] volumes should store data" classname="Kubernetes e2e suite" time="0">
          <skipped></skipped>
      </testcase>
      <testcase name="[sig-storage] CSI Volumes [Driver: pd.csi.storage.gke.io][Serial] [Testpattern: Dynamic PV (xfs)][Slow] multiVolume [Slow] should access to two volumes with the same volume mode and retain data across pod recreation on the same node" classname="Kubernetes e2e suite" time="0">
          <skipped></skipped>
      </testcase>
      <testcase name="[sig-storage] In-tree Volumes [Driver: vsphere] [Testpattern: Pre-provisioned PV (xfs)][Slow] volumes should allow exec of files on the volume" classname="Kubernetes e2e suite" time="0">
          <skipped></skipped>
      </testcase>
      <testcase name="[sig-network] Netpol NetworkPolicy between server and client should allow ingress access on one named port [Feature:NetworkPolicy]" classname="Kubernetes e2e suite" time="0">
          <skipped></skipped>
      </testcase>
      <testcase name="[sig-storage] In-tree Volumes [Driver: aws] [Testpattern: Pre-provisioned PV (block volmode)] multiVolume [Slow] should access to two volumes with the same volume mode and retain data across pod recreation on the same node" classname="Kubernetes e2e suite" time="0">
          <skipped></skipped>
      </testcase>
      <testcase name="[sig-storage] In-tree Volumes [Driver: ceph][Feature:Volumes][Serial] [Testpattern: Dynamic PV (ext3)] volumes should store data" classname="Kubernetes e2e suite" time="0">
          <skipped></skipped>
      </testcase>
      <testcase name="[sig-storage] In-tree Volumes [Driver: local][LocalVolumeType: block] [Testpattern: Dynamic PV (default fs)] subPath should support existing directories when readOnly specified in the volumeSource" classname="Kubernetes e2e suite" time="0">
          <skipped></skipped>
      </testcase>
      <testcase name="[sig-storage] In-tree Volumes [Driver: windows-gcepd] [Testpattern: Dynamic PV (default fs)] subPath should support file as subpath [LinuxOnly]" classname="Kubernetes e2e suite" time="0">
          <skipped></skipped>
      </testcase>
      <testcase name="[sig-storage] In-tree Volumes [Driver: local][LocalVolumeType: dir] [Testpattern: Pre-provisioned PV (default fs)] subPath should support restarting containers using directory as subpath [Slow]" classname="Kubernetes e2e suite" time="0">
          <skipped></skipped>
      </testcase>
      <testcase name="[sig-storage] In-tree Volumes [Driver: hostPathSymlink] [Testpattern: Dynamic PV (delayed binding)] topology should provision a volume and schedule a pod with AllowedTopologies" classname="Kubernetes e2e suite" time="0">
          <skipped></skipped>
      </testcase>
      <testcase name="[sig-storage] In-tree Volumes [Driver: rbd][Feature:Volumes][Serial] [Testpattern: Dynamic PV (default fs)] subPath should support readOnly directory specified in the volumeMount" classname="Kubernetes e2e suite" time="0">
          <skipped></skipped>
      </testcase>
      <testcase name="[sig-storage] CSI Volumes [Driver: pd.csi.storage.gke.io][Serial] [Testpattern: CSI Ephemeral-volume (default fs)] ephemeral should support two pods which share the same volume" classname="Kubernetes e2e suite" time="0">
          <skipped></skipped>
      </testcase>
      <testcase name="[sig-api-machinery] Server request timeout default timeout should be used if the specified timeout in the request URL is 0s" classname="Kubernetes e2e suite" time="0">
          <skipped></skipped>
      </testcase>
      <testcase name="[sig-api-machinery] Namespaces [Serial] should ensure that all pods are removed when a namespace is deleted [Conformance]" classname="Kubernetes e2e suite" time="17.503977782"></testcase>
      <testcase name="[sig-storage] In-tree Volumes [Driver: aws] [Testpattern: Pre-provisioned PV (default fs)] subPath should be able to unmount after the subpath directory is deleted [LinuxOnly]" classname="Kubernetes e2e suite" time="0">
          <skipped></skipped>
      </testcase>
      <testcase name="[sig-storage] In-tree Volumes [Driver: iscsi][Feature:Volumes] [Testpattern: Dynamic PV (ntfs)][Feature:Windows] subPath should unmount if pod is force deleted while kubelet is down [Disruptive][Slow][LinuxOnly]" classname="Kubernetes e2e suite" time="0">
          <skipped></skipped>
      </testcase>
      <testcase name="[sig-storage] HostPathType Socket [Slow] Should fail on mounting socket &#39;asocket&#39; when HostPathType is HostPathFile" classname="Kubernetes e2e suite" time="0">
          <skipped></skipped>
      </testcase>
      <testcase name="[sig-storage] In-tree Volumes [Driver: vsphere] [Testpattern: Pre-provisioned PV (block volmode)] volumes should store data" classname="Kubernetes e2e suite" time="0">
          <skipped></skipped>
      </testcase>
      <testcase name="[sig-storage] CSI mock volume CSI workload information using mock driver contain ephemeral=true when using inline volume" classname="Kubernetes e2e suite" time="0">
          <skipped></skipped>
      </testcase>
      <testcase name="[sig-storage] CSI mock volume CSI FSGroupPolicy [LinuxOnly] should modify fsGroup if fsGroupPolicy=default" classname="Kubernetes e2e suite" time="0">
          <skipped></skipped>
      </testcase>
      <testcase name="[sig-storage] In-tree Volumes [Driver: local][LocalVolumeType: dir-link] [Testpattern: Pre-provisioned PV (block volmode)] multiVolume [Slow] should concurrently access the single volume from pods on different node" classname="Kubernetes e2e suite" time="0">
          <skipped></skipped>
      </testcase>
      <testcase name="[sig-storage] CSI Volumes [Driver: pd.csi.storage.gke.io][Serial] [Testpattern: Pre-provisioned PV (block volmode)] multiVolume [Slow] should concurrently access the single read-only volume from pods on the same node" classname="Kubernetes e2e suite" time="0">
          <skipped></skipped>
      </testcase>
      <testcase name="[sig-storage] In-tree Volumes [Driver: azure-disk] [Testpattern: Dynamic PV (default fs)] subPath should support restarting containers using directory as subpath [Slow]" classname="Kubernetes e2e suite" time="0">
          <skipped></skipped>
      </testcase>
      <testcase name="[sig-storage] In-tree Volumes [Driver: ceph][Feature:Volumes][Serial] [Testpattern: Dynamic PV (block volmode)] disruptive[Disruptive][LinuxOnly] Should test that pv written before kubelet restart is readable after restart." classname="Kubernetes e2e suite" time="0">
          <skipped></skipped>
      </testcase>
      <testcase name="[sig-storage] In-tree Volumes [Driver: local][LocalVolumeType: dir-bindmounted] [Testpattern: Dynamic PV (xfs)][Slow] multiVolume [Slow] should access to two volumes with the same volume mode and retain data across pod recreation on different node" classname="Kubernetes e2e suite" time="0">
          <skipped></skipped>
      </testcase>
      <testcase name="[sig-storage] In-tree Volumes [Driver: gcepd] [Testpattern: Dynamic PV (default fs)(allowExpansion)] volume-expand Verify if offline PVC expansion works" classname="Kubernetes e2e suite" time="0">
          <skipped></skipped>
      </testcase>
      <testcase name="[sig-storage] In-tree Volumes [Driver: local][LocalVolumeType: dir] [Testpattern: Dynamic PV (block volmode)] multiVolume [Slow] should access to two volumes with the same volume mode and retain data across pod recreation on different node" classname="Kubernetes e2e suite" time="0">
          <skipped></skipped>
      </testcase>
      <testcase name="[sig-storage] In-tree Volumes [Driver: ceph][Feature:Volumes][Serial] [Testpattern: Pre-provisioned PV (default fs)] volumes should store data" classname="Kubernetes e2e suite" time="0">
          <skipped></skipped>
      </testcase>
      <testcase name="[sig-storage] In-tree Volumes [Driver: hostPath] [Testpattern: Dynamic PV (xfs)][Slow] volumes should store data" classname="Kubernetes e2e suite" time="0">
          <skipped></skipped>
      </testcase>
      <testcase name="[sig-storage] In-tree Volumes [Driver: local][LocalVolumeType: gce-localssd-scsi-fs] [Serial] [Testpattern: Dynamic PV (block volmode)] disruptive[Disruptive][LinuxOnly] Should test that pv used in a pod that is deleted while the kubelet is down cleans up when the kubelet returns." classname="Kubernetes e2e suite" time="0">
          <skipped></skipped>
      </testcase>
      <testcase name="[sig-storage] In-tree Volumes [Driver: local][LocalVolumeType: dir] [Testpattern: Dynamic PV (delayed binding)] topology should fail to schedule a pod which has topologies that conflict with AllowedTopologies" classname="Kubernetes e2e suite" time="0">
          <skipped></skipped>
      </testcase>
      <testcase name="[sig-storage] CSI Volumes [Driver: pd.csi.storage.gke.io][Serial] [Testpattern: Generic Ephemeral-volume (default fs) (late-binding)] ephemeral should create read/write inline ephemeral volume" classname="Kubernetes e2e suite" time="0">
          <skipped></skipped>
      </testcase>
      <testcase name="[sig-storage] In-tree Volumes [Driver: local][LocalVolumeType: blockfs] [Testpattern: Pre-provisioned PV (xfs)][Slow] volumes should allow exec of files on the volume" classname="Kubernetes e2e suite" time="0">
          <skipped></skipped>
      </testcase>
      <testcase name="[sig-storage] CSI Volumes [Driver: csi-hostpath] [Testpattern: Generic Ephemeral-volume (default fs) (late-binding)] ephemeral should create read-only inline ephemeral volume" classname="Kubernetes e2e suite" time="0">
          <skipped></skipped>
      </testcase>
      <testcase name="[sig-storage] In-tree Volumes [Driver: iscsi][Feature:Volumes] [Testpattern: Pre-provisioned PV (default fs)] subPath should support restarting containers using directory as subpath [Slow]" classname="Kubernetes e2e suite" time="0">
          <skipped></skipped>
      </testcase>
      <testcase name="[sig-storage] In-tree Volumes [Driver: local][LocalVolumeType: blockfs] [Testpattern: Dynamic PV (ext4)] multiVolume [Slow] should concurrently access the single volume from pods on different node" classname="Kubernetes e2e suite" time="0">
          <skipped></skipped>
      </testcase>
      <testcase name="[sig-storage] In-tree Volumes [Driver: rbd][Feature:Volumes][Serial] [Testpattern: Pre-provisioned PV (block volmode)] multiVolume [Slow] should access to two volumes with different volume mode and retain data across pod recreation on different node" classname="Kubernetes e2e suite" time="0">
          <skipped></skipped>
      </testcase>
      <testcase name="[sig-storage] HostPathType File [Slow] Should be able to mount file &#39;afile&#39; successfully when HostPathType is HostPathUnset" classname="Kubernetes e2e suite" time="0">
          <skipped></skipped>
      </testcase>
      <testcase name="[sig-auth] Certificates API [Privileged:ClusterAdmin] should support CSR API operations [Conformance]" classname="Kubernetes e2e suite" time="1.3041225619999999"></testcase>
      <testcase name="[sig-storage] In-tree Volumes [Driver: aws] [Testpattern: Dynamic PV (default fs)] subPath should unmount if pod is force deleted while kubelet is down [Disruptive][Slow][LinuxOnly]" classname="Kubernetes e2e suite" time="0">
          <skipped></skipped>
      </testcase>
      <testcase name="[sig-storage] CSI Volumes [Driver: pd.csi.storage.gke.io][Serial] [Testpattern: Pre-provisioned PV (default fs)] subPath should support non-existent path" classname="Kubernetes e2e suite" time="0">
          <skipped></skipped>
      </testcase>
      <testcase name="[sig-storage] In-tree Volumes [Driver: gcepd] [Testpattern: Dynamic PV (ntfs)][Feature:Windows] provisioning should provision storage with pvc data source in parallel [Slow]" classname="Kubernetes e2e suite" time="0">
          <skipped></skipped>
      </testcase>
      <testcase name="[sig-storage] In-tree Volumes [Driver: gcepd] [Testpattern: Dynamic PV (block volmode)] disruptive[Disruptive][LinuxOnly] Should test that pv used in a pod that is deleted while the kubelet is down cleans up when the kubelet returns." classname="Kubernetes e2e suite" time="0">
          <skipped></skipped>
      </testcase>
      <testcase name="[sig-network] Networking should provide unchanging, static URL paths for kubernetes api services" classname="Kubernetes e2e suite" time="0">
          <skipped></skipped>
      </testcase>
      <testcase name="[sig-storage] In-tree Volumes [Driver: rbd][Feature:Volumes][Serial] [Testpattern: Dynamic PV (default fs)] provisioning should provision storage with snapshot data source [Feature:VolumeSnapshotDataSource]" classname="Kubernetes e2e suite" time="0">
          <skipped></skipped>
      </testcase>
      <testcase name="[sig-storage] In-tree Volumes [Driver: local][LocalVolumeType: dir] [Testpattern: Dynamic PV (ext3)] volumes should store data" classname="Kubernetes e2e suite" time="0">
          <skipped></skipped>
      </testcase>
      <testcase name="[sig-api-machinery] ServerSideApply should ignore conflict errors if force apply is used" classname="Kubernetes e2e suite" time="0">
          <skipped></skipped>
      </testcase>
      <testcase name="[sig-storage] In-tree Volumes [Driver: aws] [Testpattern: Pre-provisioned PV (block volmode)] disruptive[Disruptive][LinuxOnly] Should test that pv used in a pod that is force deleted while the kubelet is down cleans up when the kubelet returns." classname="Kubernetes e2e suite" time="0">
          <skipped></skipped>
      </testcase>
      <testcase name="[sig-storage] In-tree Volumes [Driver: vsphere] [Testpattern: Inline-volume (ntfs)][Feature:Windows] volumes should store data" classname="Kubernetes e2e suite" time="0">
          <skipped></skipped>
      </testcase>
      <testcase name="[sig-storage] In-tree Volumes [Driver: emptydir] [Testpattern: Dynamic PV (filesystem volmode)] multiVolume [Slow] should access to two volumes with different volume mode and retain data across pod recreation on different node" classname="Kubernetes e2e suite" time="0">
          <skipped></skipped>
      </testcase>
      <testcase name="[sig-storage] In-tree Volumes [Driver: local][LocalVolumeType: tmpfs] [Testpattern: Pre-provisioned PV (filesystem volmode)] multiVolume [Slow] should concurrently access the single volume from pods on different node" classname="Kubernetes e2e suite" time="0">
          <skipped></skipped>
      </testcase>
      <testcase name="[sig-storage] In-tree Volumes [Driver: gluster] [Testpattern: Dynamic PV (block volmode)] multiVolume [Slow] should access to two volumes with different volume mode and retain data across pod recreation on different node" classname="Kubernetes e2e suite" time="0">
          <skipped></skipped>
      </testcase>
      <testcase name="[sig-storage] In-tree Volumes [Driver: local][LocalVolumeType: gce-localssd-scsi-fs] [Serial] [Testpattern: Dynamic PV (immediate binding)] topology should fail to schedule a pod which has topologies that conflict with AllowedTopologies" classname="Kubernetes e2e suite" time="0">
          <skipped></skipped>
      </testcase>
      <testcase name="[sig-network] EndpointSlice should have Endpoints and EndpointSlices pointing to API Server [Conformance]" classname="Kubernetes e2e suite" time="0.166892121"></testcase>
      <testcase name="[sig-storage] In-tree Volumes [Driver: iscsi][Feature:Volumes] [Testpattern: Inline-volume (default fs)] subPath should support existing directory" classname="Kubernetes e2e suite" time="0">
          <skipped></skipped>
      </testcase>
      <testcase name="[sig-storage] In-tree Volumes [Driver: nfs] [Testpattern: Pre-provisioned PV (default fs)] subPath should be able to unmount after the subpath directory is deleted [LinuxOnly]" classname="Kubernetes e2e suite" time="0">
          <skipped></skipped>
      </testcase>
      <testcase name="[sig-storage] In-tree Volumes [Driver: azure-disk] [Testpattern: Dynamic PV (ext4)] multiVolume [Slow] should access to two volumes with the same volume mode and retain data across pod recreation on different node" classname="Kubernetes e2e suite" time="0">
          <skipped></skipped>
      </testcase>
      <testcase name="[sig-storage] In-tree Volumes [Driver: cinder] [Testpattern: Dynamic PV (ext4)] multiVolume [Slow] should access to two volumes with the same volume mode and retain data across pod recreation on different node" classname="Kubernetes e2e suite" time="0">
          <skipped></skipped>
      </testcase>
      <testcase name="[sig-storage] In-tree Volumes [Driver: ceph][Feature:Volumes][Serial] [Testpattern: Inline-volume (default fs)] subPath should fail if subpath with backstepping is outside the volume [Slow][LinuxOnly]" classname="Kubernetes e2e suite" time="0">
          <skipped></skipped>
      </testcase>
      <testcase name="[sig-storage] CSI Volumes [Driver: pd.csi.storage.gke.io][Serial] [Testpattern: Dynamic PV (block volmode)] disruptive[Disruptive][LinuxOnly] Should test that pv written before kubelet restart is readable after restart." classname="Kubernetes e2e suite" time="0">
          <skipped></skipped>
      </testcase>
      <testcase name="[sig-storage] In-tree Volumes [Driver: local][LocalVolumeType: dir] [Testpattern: Dynamic PV (filesystem volmode)] volumeLimits should support volume limits [Serial]" classname="Kubernetes e2e suite" time="0">
          <skipped></skipped>
      </testcase>
      <testcase name="[sig-storage] In-tree Volumes [Driver: ceph][Feature:Volumes][Serial] [Testpattern: Dynamic PV (default fs)] fsgroupchangepolicy (Always)[LinuxOnly], pod created with an initial fsgroup, new pod fsgroup applied to volume contents" classname="Kubernetes e2e suite" time="0">
          <skipped></skipped>
      </testcase>
      <testcase name="[sig-storage] In-tree Volumes [Driver: local][LocalVolumeType: dir] [Testpattern: Pre-provisioned PV (filesystem volmode)] multiVolume [Slow] should access to two volumes with different volume mode and retain data across pod recreation on different node" classname="Kubernetes e2e suite" time="0">
          <skipped></skipped>
      </testcase>
      <testcase name="[sig-storage] In-tree Volumes [Driver: windows-gcepd] [Testpattern: Dynamic PV (default fs)] subPath should fail if subpath with backstepping is outside the volume [Slow][LinuxOnly]" classname="Kubernetes e2e suite" time="0">
          <skipped></skipped>
      </testcase>
      <testcase name="[sig-storage] CSI Volumes [Driver: csi-hostpath] [Testpattern: Inline-volume (ext3)] volumes should store data" classname="Kubernetes e2e suite" time="0">
          <skipped></skipped>
      </testcase>
      <testcase name="[sig-storage] In-tree Volumes [Driver: local][LocalVolumeType: tmpfs] [Testpattern: Dynamic PV (filesystem volmode)] volumeLimits should verify that all csinodes have volume limits" classname="Kubernetes e2e suite" time="0">
          <skipped></skipped>
      </testcase>
      <testcase name="[sig-storage] In-tree Volumes [Driver: local][LocalVolumeType: dir-link-bindmounted] [Testpattern: Dynamic PV (xfs)][Slow] multiVolume [Slow] should access to two volumes with the same volume mode and retain data across pod recreation on the same node" classname="Kubernetes e2e suite" time="0">
          <skipped></skipped>
      </testcase>
      <testcase name="[sig-storage] CSI Volumes [Driver: csi-hostpath] [Testpattern: Dynamic PV (ntfs)][Feature:Windows] volumes should store data" classname="Kubernetes e2e suite" time="0">
          <skipped></skipped>
      </testcase>
      <testcase name="[sig-node] Variable Expansion should allow substituting values in a container&#39;s args [NodeConformance] [Conformance]" classname="Kubernetes e2e suite" time="6.961675414"></testcase>
      <testcase name="[sig-storage] In-tree Volumes [Driver: nfs] [Testpattern: Dynamic PV (default fs)] subPath should unmount if pod is force deleted while kubelet is down [Disruptive][Slow][LinuxOnly]" classname="Kubernetes e2e suite" time="0">
          <skipped></skipped>
      </testcase>
      <testcase name="[sig-storage] In-tree Volumes [Driver: rbd][Feature:Volumes][Serial] [Testpattern: Dynamic PV (ext4)] volumes should store data" classname="Kubernetes e2e suite" time="0">
          <skipped></skipped>
      </testcase>
      <testcase name="[sig-storage] In-tree Volumes [Driver: rbd][Feature:Volumes][Serial] [Testpattern: Pre-provisioned PV (filesystem volmode)] multiVolume [Slow] should concurrently access the single read-only volume from pods on the same node" classname="Kubernetes e2e suite" time="0">
          <skipped></skipped>
      </testcase>
      <testcase name="[sig-storage] In-tree Volumes [Driver: azure-disk] [Testpattern: Dynamic PV (immediate binding)] topology should fail to schedule a pod which has topologies that conflict with AllowedTopologies" classname="Kubernetes e2e suite" time="0">
          <skipped></skipped>
      </testcase>
      <testcase name="[sig-storage] In-tree Volumes [Driver: windows-gcepd] [Testpattern: Dynamic PV (ext4)] multiVolume [Slow] should access to two volumes with different volume mode and retain data across pod recreation on the same node" classname="Kubernetes e2e suite" time="0">
          <skipped></skipped>
      </testcase>
      <testcase name="[sig-storage] In-tree Volumes [Driver: rbd][Feature:Volumes][Serial] [Testpattern: Dynamic PV (xfs)][Slow] multiVolume [Slow] should access to two volumes with the same volume mode and retain data across pod recreation on the same node" classname="Kubernetes e2e suite" time="0">
          <skipped></skipped>
      </testcase>
      <testcase name="[sig-storage] In-tree Volumes [Driver: hostPath] [Testpattern: Dynamic PV (block volmode)] disruptive[Disruptive][LinuxOnly] Should test that pv used in a pod that is force deleted while the kubelet is down cleans up when the kubelet returns." classname="Kubernetes e2e suite" time="0">
          <skipped></skipped>
      </testcase>
      <testcase name="[sig-storage] In-tree Volumes [Driver: gluster] [Testpattern: Dynamic PV (filesystem volmode)] multiVolume [Slow] should concurrently access the single read-only volume from pods on the same node" classname="Kubernetes e2e suite" time="0">
          <skipped></skipped>
      </testcase>
      <testcase name="[sig-storage] In-tree Volumes [Driver: ceph][Feature:Volumes][Serial] [Testpattern: Dynamic PV (ntfs)][Feature:Windows] subPath should support existing directories when readOnly specified in the volumeSource" classname="Kubernetes e2e suite" time="0">
          <skipped></skipped>
      </testcase>
      <testcase name="[sig-storage] In-tree Volumes [Driver: local][LocalVolumeType: gce-localssd-scsi-fs] [Serial] [Testpattern: Inline-volume (default fs)] subPath should support readOnly directory specified in the volumeMount" classname="Kubernetes e2e suite" time="0">
          <skipped></skipped>
      </testcase>
      <testcase name="[sig-storage] In-tree Volumes [Driver: cinder] [Testpattern: Dynamic PV (default fs)] subPath should support non-existent path" classname="Kubernetes e2e suite" time="0">
          <skipped></skipped>
      </testcase>
      <testcase name="[sig-storage] In-tree Volumes [Driver: aws] [Testpattern: Dynamic PV (block volmode)] volumeMode should fail to use a volume in a pod with mismatched mode [Slow]" classname="Kubernetes e2e suite" time="0">
          <skipped></skipped>
      </testcase>
      <testcase name="[sig-network] Proxy version v1 should proxy through a service and a pod  [Conformance]" classname="Kubernetes e2e suite" time="12.939259432"></testcase>
      <testcase name="[sig-storage] CSI Volumes [Driver: pd.csi.storage.gke.io][Serial] [Testpattern: Dynamic PV (default fs)] subPath should fail if subpath directory is outside the volume [Slow][LinuxOnly]" classname="Kubernetes e2e suite" time="0">
          <skipped></skipped>
      </testcase>
      <testcase name="[sig-storage] In-tree Volumes [Driver: aws] [Testpattern: Pre-provisioned PV (block volmode)] multiVolume [Slow] should concurrently access the volume and its clone from pods on the same node [LinuxOnly][Feature:VolumeSnapshotDataSource][Feature:VolumeSourceXFS]" classname="Kubernetes e2e suite" time="0">
          <skipped></skipped>
      </testcase>
      <testcase name="[sig-storage] In-tree Volumes [Driver: local][LocalVolumeType: gce-localssd-scsi-fs] [Serial] [Testpattern: Pre-provisioned PV (default fs)] subPath should support non-existent path" classname="Kubernetes e2e suite" time="0">
          <skipped></skipped>
      </testcase>
      <testcase name="[sig-storage] CSI Volumes [Driver: pd.csi.storage.gke.io][Serial] [Testpattern: Inline-volume (default fs)] subPath should unmount if pod is gracefully deleted while kubelet is down [Disruptive][Slow][LinuxOnly]" classname="Kubernetes e2e suite" time="0">
          <skipped></skipped>
      </testcase>
      <testcase name="[sig-storage] In-tree Volumes [Driver: local][LocalVolumeType: dir-link-bindmounted] [Testpattern: Pre-provisioned PV (filesystem volmode)] volumeMode should not mount / map unused volumes in a pod [LinuxOnly]" classname="Kubernetes e2e suite" time="0">
          <skipped></skipped>
      </testcase>
      <testcase name="[sig-storage] In-tree Volumes [Driver: iscsi][Feature:Volumes] [Testpattern: Dynamic PV (block volmode)] multiVolume [Slow] should concurrently access the single volume from pods on different node" classname="Kubernetes e2e suite" time="0">
          <skipped></skipped>
      </testcase>
      <testcase name="[sig-storage] In-tree Volumes [Driver: local][LocalVolumeType: dir-link-bindmounted] [Testpattern: Dynamic PV (ext4)] multiVolume [Slow] should concurrently access the single volume from pods on different node" classname="Kubernetes e2e suite" time="0">
          <skipped></skipped>
      </testcase>
      <testcase name="[sig-storage] In-tree Volumes [Driver: windows-gcepd] [Testpattern: Dynamic PV (ext4)] multiVolume [Slow] should access to two volumes with different volume mode and retain data across pod recreation on different node" classname="Kubernetes e2e suite" time="0">
          <skipped></skipped>
      </testcase>
      <testcase name="[sig-storage] In-tree Volumes [Driver: nfs] [Testpattern: Dynamic PV (filesystem volmode)] multiVolume [Slow] should access to two volumes with different volume mode and retain data across pod recreation on the same node" classname="Kubernetes e2e suite" time="0">
          <skipped></skipped>
      </testcase>
      <testcase name="[sig-storage] In-tree Volumes [Driver: local][LocalVolumeType: dir] [Testpattern: Inline-volume (default fs)] subPath should verify container cannot write to subpath readonly volumes [Slow]" classname="Kubernetes e2e suite" time="0">
          <skipped></skipped>
      </testcase>
      <testcase name="[sig-storage] In-tree Volumes [Driver: windows-gcepd] [Testpattern: Dynamic PV (default fs)] subPath should be able to unmount after the subpath directory is deleted [LinuxOnly]" classname="Kubernetes e2e suite" time="0">
          <skipped></skipped>
      </testcase>
      <testcase name="[sig-storage] In-tree Volumes [Driver: local][LocalVolumeType: dir-link] [Testpattern: Pre-provisioned PV (default fs)] subPath should verify container cannot write to subpath readonly volumes [Slow]" classname="Kubernetes e2e suite" time="0">
          <skipped></skipped>
      </testcase>
      <testcase name="[sig-storage] In-tree Volumes [Driver: local][LocalVolumeType: gce-localssd-scsi-fs] [Serial] [Testpattern: Pre-provisioned PV (ntfs)][Feature:Windows] volumes should allow exec of files on the volume" classname="Kubernetes e2e suite" time="0">
          <skipped></skipped>
      </testcase>
      <testcase name="[sig-storage] HostPathType Socket [Slow] Should fail on mounting non-existent socket &#39;does-not-exist-socket&#39; when HostPathType is HostPathSocket" classname="Kubernetes e2e suite" time="0">
          <skipped></skipped>
      </testcase>
      <testcase name="[sig-storage] In-tree Volumes [Driver: cinder] [Testpattern: Dynamic PV (filesystem volmode)] disruptive[Disruptive][LinuxOnly] Should test that pv written before kubelet restart is readable after restart." classname="Kubernetes e2e suite" time="0">
          <skipped></skipped>
      </testcase>
      <testcase name="[sig-storage] In-tree Volumes [Driver: local][LocalVolumeType: blockfs] [Testpattern: Dynamic PV (filesystem volmode)] multiVolume [Slow] should concurrently access the single volume from pods on different node" classname="Kubernetes e2e suite" time="0">
          <skipped></skipped>
      </testcase>
      <testcase name="[sig-storage] In-tree Volumes [Driver: aws] [Testpattern: Pre-provisioned PV (ntfs)][Feature:Windows] volumes should allow exec of files on the volume" classname="Kubernetes e2e suite" time="0">
          <skipped></skipped>
      </testcase>
      <testcase name="[sig-storage] In-tree Volumes [Driver: local][LocalVolumeType: dir-link] [Testpattern: Pre-provisioned PV (default fs)] subPath should fail if subpath directory is outside the volume [Slow][LinuxOnly]" classname="Kubernetes e2e suite" time="0">
          <skipped></skipped>
      </testcase>
      <testcase name="[sig-network] NetworkPolicyLegacy [LinuxOnly] NetworkPolicy between server and client should allow ingress access from updated pod [Feature:NetworkPolicy]" classname="Kubernetes e2e suite" time="0">
          <skipped></skipped>
      </testcase>
      <testcase name="[sig-storage] In-tree Volumes [Driver: aws] [Testpattern: Dynamic PV (block volmode)] provisioning should provision storage with pvc data source in parallel [Slow]" classname="Kubernetes e2e suite" time="0">
          <skipped></skipped>
      </testcase>
      <testcase name="[sig-storage] Pod Disks schedule pods each with a PD, delete pod and verify detach [Slow] for RW PD with pod delete grace period of &#34;immediate (0s)&#34;" classname="Kubernetes e2e suite" time="0">
          <skipped></skipped>
      </testcase>
      <testcase name="[sig-storage] In-tree Volumes [Driver: local][LocalVolumeType: blockfs] [Testpattern: Dynamic PV (default fs)] fsgroupchangepolicy (OnRootMismatch)[LinuxOnly], pod created with an initial fsgroup, volume contents ownership changed in first pod, new pod with same fsgroup skips ownership changes to the volume contents" classname="Kubernetes e2e suite" time="0">
          <skipped></skipped>
      </testcase>
      <testcase name="[sig-storage] In-tree Volumes [Driver: nfs] [Testpattern: Dynamic PV (ext4)] volumes should allow exec of files on the volume" classname="Kubernetes e2e suite" time="0">
          <skipped></skipped>
      </testcase>
      <testcase name="[sig-storage] Volumes GlusterFS should be mountable" classname="Kubernetes e2e suite" time="0">
          <skipped></skipped>
      </testcase>
      <testcase name="[sig-storage] In-tree Volumes [Driver: local][LocalVolumeType: block] [Testpattern: Dynamic PV (xfs)][Slow] multiVolume [Slow] should concurrently access the single read-only volume from pods on the same node" classname="Kubernetes e2e suite" time="0">
          <skipped></skipped>
      </testcase>
      <testcase name="[sig-storage] Regional PD RegionalPD should provision storage [Slow]" classname="Kubernetes e2e suite" time="0">
          <skipped></skipped>
      </testcase>
      <testcase name="[sig-storage] In-tree Volumes [Driver: gluster] [Testpattern: Dynamic PV (ext4)] multiVolume [Slow] should concurrently access the volume and its clone from pods on the same node [LinuxOnly][Feature:VolumeSnapshotDataSource][Feature:VolumeSourceXFS]" classname="Kubernetes e2e suite" time="0">
          <skipped></skipped>
      </testcase>
      <testcase name="[sig-storage] In-tree Volumes [Driver: local][LocalVolumeType: tmpfs] [Testpattern: Dynamic PV (xfs)][Slow] multiVolume [Slow] should access to two volumes with the same volume mode and retain data across pod recreation on different node" classname="Kubernetes e2e suite" time="0">
          <skipped></skipped>
      </testcase>
      <testcase name="[sig-storage] In-tree Volumes [Driver: iscsi][Feature:Volumes] [Testpattern: Pre-provisioned PV (filesystem volmode)] multiVolume [Slow] should concurrently access the single read-only volume from pods on the same node" classname="Kubernetes e2e suite" time="0">
          <skipped></skipped>
      </testcase>
      <testcase name="[sig-storage] In-tree Volumes [Driver: hostPathSymlink] [Testpattern: Pre-provisioned PV (filesystem volmode)] multiVolume [Slow] should concurrently access the single volume from pods on different node" classname="Kubernetes e2e suite" time="0">
          <skipped></skipped>
      </testcase>
      <testcase name="[sig-storage] In-tree Volumes [Driver: local][LocalVolumeType: dir] [Testpattern: Dynamic PV (xfs)][Slow] multiVolume [Slow] should access to two volumes with different volume mode and retain data across pod recreation on the same node" classname="Kubernetes e2e suite" time="0">
          <skipped></skipped>
      </testcase>
      <testcase name="[sig-storage] CSI Volumes [Driver: csi-hostpath] [Testpattern: Pre-provisioned PV (default fs)] subPath should be able to unmount after the subpath directory is deleted [LinuxOnly]" classname="Kubernetes e2e suite" time="0">
          <skipped></skipped>
      </testcase>
      <testcase name="[sig-storage] In-tree Volumes [Driver: rbd][Feature:Volumes][Serial] [Testpattern: Inline-volume (default fs)] subPath should support file as subpath [LinuxOnly]" classname="Kubernetes e2e suite" time="0">
          <skipped></skipped>
      </testcase>
      <testcase name="[sig-storage] In-tree Volumes [Driver: local][LocalVolumeType: dir-bindmounted] [Testpattern: Dynamic PV (block volmode)] provisioning should provision storage with snapshot data source [Feature:VolumeSnapshotDataSource]" classname="Kubernetes e2e suite" time="0">
          <skipped></skipped>
      </testcase>
      <testcase name="[sig-storage] In-tree Volumes [Driver: gcepd] [Testpattern: Dynamic PV (default fs)] provisioning should provision storage with pvc data source in parallel [Slow]" classname="Kubernetes e2e suite" time="0">
          <skipped></skipped>
      </testcase>
      <testcase name="[sig-storage] In-tree Volumes [Driver: rbd][Feature:Volumes][Serial] [Testpattern: Dynamic PV (ntfs)][Feature:Windows] subPath should support existing directory" classname="Kubernetes e2e suite" time="0">
          <skipped></skipped>
      </testcase>
      <testcase name="[sig-storage] In-tree Volumes [Driver: local][LocalVolumeType: gce-localssd-scsi-fs] [Serial] [Testpattern: Pre-provisioned PV (filesystem volmode)] multiVolume [Slow] should concurrently access the volume and restored snapshot from pods on the same node [LinuxOnly][Feature:VolumeSnapshotDataSource][Feature:VolumeSourceXFS]" classname="Kubernetes e2e suite" time="0">
          <skipped></skipped>
      </testcase>
      <testcase name="[sig-storage] In-tree Volumes [Driver: local][LocalVolumeType: tmpfs] [Testpattern: Dynamic PV (block volmode)] multiVolume [Slow] should concurrently access the volume and its clone from pods on the same node [LinuxOnly][Feature:VolumeSnapshotDataSource][Feature:VolumeSourceXFS]" classname="Kubernetes e2e suite" time="0">
          <skipped></skipped>
      </testcase>
      <testcase name="[sig-storage] In-tree Volumes [Driver: ceph][Feature:Volumes][Serial] [Testpattern: Dynamic PV (filesystem volmode)] multiVolume [Slow] should concurrently access the single volume from pods on the same node" classname="Kubernetes e2e suite" time="0">
          <skipped></skipped>
      </testcase>
      <testcase name="[sig-storage] CSI Volumes [Driver: pd.csi.storage.gke.io][Serial] [Testpattern: Dynamic PV (ext4)] multiVolume [Slow] should concurrently access the single read-only volume from pods on the same node" classname="Kubernetes e2e suite" time="0">
          <skipped></skipped>
      </testcase>
      <testcase name="[sig-storage] CSI Volumes [Driver: csi-hostpath] [Testpattern: Generic Ephemeral-volume (default fs) (late-binding)] ephemeral should support multiple inline ephemeral volumes" classname="Kubernetes e2e suite" time="0">
          <skipped></skipped>
      </testcase>
      <testcase name="[sig-storage] In-tree Volumes [Driver: ceph][Feature:Volumes][Serial] [Testpattern: Pre-provisioned PV (xfs)][Slow] volumes should store data" classname="Kubernetes e2e suite" time="0">
          <skipped></skipped>
      </testcase>
      <testcase name="[sig-storage] In-tree Volumes [Driver: gcepd] [Testpattern: Dynamic PV (block volmode)] multiVolume [Slow] should access to two volumes with the same volume mode and retain data across pod recreation on different node" classname="Kubernetes e2e suite" time="0">
          <skipped></skipped>
      </testcase>
      <testcase name="[sig-storage] In-tree Volumes [Driver: iscsi][Feature:Volumes] [Testpattern: Inline-volume (ext3)] volumes should allow exec of files on the volume" classname="Kubernetes e2e suite" time="0">
          <skipped></skipped>
      </testcase>
      <testcase name="[sig-storage] In-tree Volumes [Driver: local][LocalVolumeType: dir-link-bindmounted] [Testpattern: Dynamic PV (block volmode)] multiVolume [Slow] should access to two volumes with different volume mode and retain data across pod recreation on the same node" classname="Kubernetes e2e suite" time="0">
          <skipped></skipped>
      </testcase>
      <testcase name="[sig-storage] In-tree Volumes [Driver: local][LocalVolumeType: gce-localssd-scsi-fs] [Serial] [Testpattern: Dynamic PV (ntfs)][Feature:Windows] subPath should support creating multiple subpath from same volumes [Slow]" classname="Kubernetes e2e suite" time="0">
          <skipped></skipped>
      </testcase>
      <testcase name="[sig-storage] In-tree Volumes [Driver: local][LocalVolumeType: dir-bindmounted] [Testpattern: Dynamic PV (default fs)] subPath should support existing directories when readOnly specified in the volumeSource" classname="Kubernetes e2e suite" time="0">
          <skipped></skipped>
      </testcase>
      <testcase name="[sig-storage] In-tree Volumes [Driver: aws] [Testpattern: Inline-volume (default fs)] subPath should unmount if pod is force deleted while kubelet is down [Disruptive][Slow][LinuxOnly]" classname="Kubernetes e2e suite" time="0">
          <skipped></skipped>
      </testcase>
      <testcase name="[sig-storage] In-tree Volumes [Driver: aws] [Testpattern: Pre-provisioned PV (block volmode)] multiVolume [Slow] should access to two volumes with different volume mode and retain data across pod recreation on the same node" classname="Kubernetes e2e suite" time="0">
          <skipped></skipped>
      </testcase>
      <testcase name="[sig-storage] In-tree Volumes [Driver: local][LocalVolumeType: block] [Testpattern: Dynamic PV (default fs)] capacity provides storage capacity information" classname="Kubernetes e2e suite" time="0">
          <skipped></skipped>
      </testcase>
      <testcase name="[sig-storage] CSI Volumes [Driver: csi-hostpath] [Testpattern: Dynamic PV (ext4)] volumes should store data" classname="Kubernetes e2e suite" time="0">
          <skipped></skipped>
      </testcase>
      <testcase name="[sig-storage] In-tree Volumes [Driver: local][LocalVolumeType: dir-bindmounted] [Testpattern: Pre-provisioned PV (filesystem volmode)] volumeMode should fail to use a volume in a pod with mismatched mode [Slow]" classname="Kubernetes e2e suite" time="0">
          <skipped></skipped>
      </testcase>
      <testcase name="[sig-storage] In-tree Volumes [Driver: gcepd] [Testpattern: Pre-provisioned PV (default fs)] subPath should support restarting containers using file as subpath [Slow][LinuxOnly]" classname="Kubernetes e2e suite" time="0">
          <skipped></skipped>
      </testcase>
      <testcase name="[sig-storage] CSI Volumes [Driver: csi-hostpath] [Testpattern: Dynamic PV (ntfs)][Feature:Windows] subPath should support readOnly file specified in the volumeMount [LinuxOnly]" classname="Kubernetes e2e suite" time="0">
          <skipped></skipped>
      </testcase>
      <testcase name="[sig-storage] In-tree Volumes [Driver: local][LocalVolumeType: tmpfs] [Testpattern: Pre-provisioned PV (block volmode)] multiVolume [Slow] should concurrently access the volume and restored snapshot from pods on the same node [LinuxOnly][Feature:VolumeSnapshotDataSource][Feature:VolumeSourceXFS]" classname="Kubernetes e2e suite" time="0">
          <skipped></skipped>
      </testcase>
      <testcase name="[sig-storage] Projected downwardAPI should set DefaultMode on files [LinuxOnly] [NodeConformance] [Conformance]" classname="Kubernetes e2e suite" time="11.774671148"></testcase>
      <testcase name="[sig-scheduling] SchedulerPreemption [Serial] PreemptionExecutionPath runs ReplicaSets to verify preemption running path [Conformance]" classname="Kubernetes e2e suite" time="117.826000195"></testcase>
      <testcase name="[sig-storage] In-tree Volumes [Driver: cinder] [Testpattern: Dynamic PV (default fs)] capacity provides storage capacity information" classname="Kubernetes e2e suite" time="0">
          <skipped></skipped>
      </testcase>
      <testcase name="[sig-storage] CSI Volumes [Driver: csi-hostpath] [Testpattern: Pre-provisioned PV (ntfs)][Feature:Windows] volumes should allow exec of files on the volume" classname="Kubernetes e2e suite" time="0">
          <skipped></skipped>
      </testcase>
      <testcase name="[sig-storage] In-tree Volumes [Driver: azure-disk] [Testpattern: Inline-volume (default fs)] subPath should support restarting containers using directory as subpath [Slow]" classname="Kubernetes e2e suite" time="0">
          <skipped></skipped>
      </testcase>
      <testcase name="[sig-storage] In-tree Volumes [Driver: iscsi][Feature:Volumes] [Testpattern: Pre-provisioned PV (default fs)] subPath should support existing directory" classname="Kubernetes e2e suite" time="0">
          <skipped></skipped>
      </testcase>
      <testcase name="[sig-storage] HostPathType Directory [Slow] Should fail on mounting directory &#39;adir&#39; when HostPathType is HostPathCharDev" classname="Kubernetes e2e suite" time="0">
          <skipped></skipped>
      </testcase>
      <testcase name="[sig-storage] In-tree Volumes [Driver: hostPath] [Testpattern: Dynamic PV (block volmode)] volume-expand should not allow expansion of pvcs without AllowVolumeExpansion property" classname="Kubernetes e2e suite" time="0">
          <skipped></skipped>
      </testcase>
      <testcase name="[sig-node] NoExecuteTaintManager Single Pod [Serial] eventually evict pod with finite tolerations from tainted nodes" classname="Kubernetes e2e suite" time="0">
          <skipped></skipped>
      </testcase>
      <testcase name="[sig-storage] In-tree Volumes [Driver: ceph][Feature:Volumes][Serial] [Testpattern: Dynamic PV (xfs)][Slow] multiVolume [Slow] should concurrently access the single volume from pods on the same node" classname="Kubernetes e2e suite" time="0">
          <skipped></skipped>
      </testcase>
      <testcase name="[sig-storage] In-tree Volumes [Driver: ceph][Feature:Volumes][Serial] [Testpattern: Pre-provisioned PV (ntfs)][Feature:Windows] volumes should store data" classname="Kubernetes e2e suite" time="0">
          <skipped></skipped>
      </testcase>
      <testcase name="[sig-network] Services should be rejected when no endpoints exist" classname="Kubernetes e2e suite" time="0">
          <skipped></skipped>
      </testcase>
      <testcase name="[sig-storage] In-tree Volumes [Driver: nfs] [Testpattern: Dynamic PV (immediate binding)] topology should fail to schedule a pod which has topologies that conflict with AllowedTopologies" classname="Kubernetes e2e suite" time="0">
          <skipped></skipped>
      </testcase>
      <testcase name="[sig-storage] In-tree Volumes [Driver: local][LocalVolumeType: block] [Testpattern: Dynamic PV (default fs)] fsgroupchangepolicy (OnRootMismatch)[LinuxOnly], pod created with an initial fsgroup, volume contents ownership changed in first pod, new pod with different fsgroup applied to the volume contents" classname="Kubernetes e2e suite" time="0">
          <skipped></skipped>
      </testcase>
      <testcase name="[sig-storage] In-tree Volumes [Driver: local][LocalVolumeType: blockfs] [Testpattern: Dynamic PV (xfs)][Slow] volumes should allow exec of files on the volume" classname="Kubernetes e2e suite" time="0">
          <skipped></skipped>
      </testcase>
      <testcase name="[sig-storage] In-tree Volumes [Driver: local][LocalVolumeType: tmpfs] [Testpattern: Dynamic PV (delayed binding)] topology should fail to schedule a pod which has topologies that conflict with AllowedTopologies" classname="Kubernetes e2e suite" time="0">
          <skipped></skipped>
      </testcase>
      <testcase name="[sig-storage] In-tree Volumes [Driver: aws] [Testpattern: Inline-volume (default fs)] subPath should fail if subpath directory is outside the volume [Slow][LinuxOnly]" classname="Kubernetes e2e suite" time="0">
          <skipped></skipped>
      </testcase>
      <testcase name="[sig-storage] In-tree Volumes [Driver: local][LocalVolumeType: gce-localssd-scsi-fs] [Serial] [Testpattern: Pre-provisioned PV (block volmode)] multiVolume [Slow] should concurrently access the single volume from pods on different node" classname="Kubernetes e2e suite" time="0">
          <skipped></skipped>
      </testcase>
      <testcase name="[sig-storage] In-tree Volumes [Driver: local][LocalVolumeType: dir-link] [Testpattern: Dynamic PV (block volmode)] provisioning should provision storage with snapshot data source [Feature:VolumeSnapshotDataSource]" classname="Kubernetes e2e suite" time="0">
          <skipped></skipped>
      </testcase>
      <testcase name="[sig-storage] In-tree Volumes [Driver: nfs] [Testpattern: Inline-volume (default fs)] subPath should fail if subpath directory is outside the volume [Slow][LinuxOnly]" classname="Kubernetes e2e suite" time="0">
          <skipped></skipped>
      </testcase>
      <testcase name="[sig-storage] In-tree Volumes [Driver: gcepd] [Testpattern: Pre-provisioned PV (ext4)] volumes should allow exec of files on the volume" classname="Kubernetes e2e suite" time="0">
          <skipped></skipped>
      </testcase>
      <testcase name="[sig-storage] In-tree Volumes [Driver: emptydir] [Testpattern: Dynamic PV (block volmode)(allowExpansion)] volume-expand should resize volume when PVC is edited while pod is using it" classname="Kubernetes e2e suite" time="0">
          <skipped></skipped>
      </testcase>
      <testcase name="[sig-storage] Zone Support [Feature:vsphere] Verify PVC creation with compatible policy and datastore without any zones specified in the storage class fails (No shared datastores exist among all the nodes)" classname="Kubernetes e2e suite" time="0">
          <skipped></skipped>
      </testcase>
      <testcase name="[sig-storage] CSI Volumes [Driver: csi-hostpath] [Testpattern: CSI Ephemeral-volume (default fs)] ephemeral should create read-only inline ephemeral volume" classname="Kubernetes e2e suite" time="0">
          <skipped></skipped>
      </testcase>
      <testcase name="[sig-storage] In-tree Volumes [Driver: local][LocalVolumeType: dir] [Testpattern: Dynamic PV (ext4)] multiVolume [Slow] should concurrently access the single read-only volume from pods on the same node" classname="Kubernetes e2e suite" time="0">
          <skipped></skipped>
      </testcase>
      <testcase name="[sig-storage] In-tree Volumes [Driver: hostPathSymlink] [Testpattern: Inline-volume (default fs)] subPath should fail if subpath with backstepping is outside the volume [Slow][LinuxOnly]" classname="Kubernetes e2e suite" time="0">
          <skipped></skipped>
      </testcase>
      <testcase name="[sig-storage] In-tree Volumes [Driver: nfs] [Testpattern: Inline-volume (ext4)] volumes should store data" classname="Kubernetes e2e suite" time="0">
          <skipped></skipped>
      </testcase>
      <testcase name="[sig-storage] In-tree Volumes [Driver: local][LocalVolumeType: dir] [Testpattern: Pre-provisioned PV (ext3)] volumes should store data" classname="Kubernetes e2e suite" time="0">
          <skipped></skipped>
      </testcase>
      <testcase name="[sig-storage] In-tree Volumes [Driver: vsphere] [Testpattern: Dynamic PV (block volmode)] volumeMode should not mount / map unused volumes in a pod [LinuxOnly]" classname="Kubernetes e2e suite" time="0">
          <skipped></skipped>
      </testcase>
      <testcase name="[sig-storage] In-tree Volumes [Driver: emptydir] [Testpattern: Inline-volume (ext3)] volumes should store data" classname="Kubernetes e2e suite" time="0">
          <skipped></skipped>
      </testcase>
      <testcase name="[sig-cli] Kubectl client Simple pod should support exec through an HTTP proxy" classname="Kubernetes e2e suite" time="0">
          <skipped></skipped>
      </testcase>
      <testcase name="[sig-storage] In-tree Volumes [Driver: local][LocalVolumeType: gce-localssd-scsi-fs] [Serial] [Testpattern: Dynamic PV (ntfs)][Feature:Windows] subPath should unmount if pod is gracefully deleted while kubelet is down [Disruptive][Slow][LinuxOnly]" classname="Kubernetes e2e suite" time="0">
          <skipped></skipped>
      </testcase>
      <testcase name="[sig-storage] In-tree Volumes [Driver: local][LocalVolumeType: tmpfs] [Testpattern: Pre-provisioned PV (default fs)] subPath should fail if subpath directory is outside the volume [Slow][LinuxOnly]" classname="Kubernetes e2e suite" time="0">
          <skipped></skipped>
      </testcase>
      <testcase name="[sig-storage] CSI Volumes [Driver: pd.csi.storage.gke.io][Serial] [Testpattern: Dynamic PV (ntfs)][Feature:Windows] subPath should support existing directories when readOnly specified in the volumeSource" classname="Kubernetes e2e suite" time="0">
          <skipped></skipped>
      </testcase>
      <testcase name="[sig-storage] In-tree Volumes [Driver: iscsi][Feature:Volumes] [Testpattern: Pre-provisioned PV (default fs)] subPath should support readOnly file specified in the volumeMount [LinuxOnly]" classname="Kubernetes e2e suite" time="0">
          <skipped></skipped>
      </testcase>
      <testcase name="[sig-storage] In-tree Volumes [Driver: ceph][Feature:Volumes][Serial] [Testpattern: Pre-provisioned PV (block volmode)] disruptive[Disruptive][LinuxOnly] Should test that pv written before kubelet restart is readable after restart." classname="Kubernetes e2e suite" time="0">
          <skipped></skipped>
      </testcase>
      <testcase name="[sig-storage] CSI Volumes [Driver: csi-hostpath] [Testpattern: Dynamic PV (block volmode)] multiVolume [Slow] should concurrently access the single read-only volume from pods on the same node" classname="Kubernetes e2e suite" time="0">
          <skipped></skipped>
      </testcase>
      <testcase name="[sig-storage] HostPath should support subPath [NodeConformance]" classname="Kubernetes e2e suite" time="0">
          <skipped></skipped>
      </testcase>
      <testcase name="[sig-storage] CSI Volumes [Driver: csi-hostpath] [Testpattern: Inline-volume (xfs)][Slow] volumes should allow exec of files on the volume" classname="Kubernetes e2e suite" time="0">
          <skipped></skipped>
      </testcase>
      <testcase name="[sig-storage] In-tree Volumes [Driver: iscsi][Feature:Volumes] [Testpattern: Dynamic PV (ext4)] multiVolume [Slow] should access to two volumes with different volume mode and retain data across pod recreation on the same node" classname="Kubernetes e2e suite" time="0">
          <skipped></skipped>
      </testcase>
      <testcase name="[sig-storage] CSI Volumes [Driver: csi-hostpath] [Testpattern: Dynamic PV (default fs)] fsgroupchangepolicy (Always)[LinuxOnly], pod created with an initial fsgroup, new pod fsgroup applied to volume contents" classname="Kubernetes e2e suite" time="0">
          <skipped></skipped>
      </testcase>
      <testcase name="[sig-apps] StatefulSet Basic StatefulSet functionality [StatefulSetBasic] should perform rolling updates and roll backs of template modifications [Conformance]" classname="Kubernetes e2e suite" time="152.672193986"></testcase>
      <testcase name="[sig-storage] In-tree Volumes [Driver: rbd][Feature:Volumes][Serial] [Testpattern: Dynamic PV (ntfs)][Feature:Windows] subPath should support restarting containers using file as subpath [Slow][LinuxOnly]" classname="Kubernetes e2e suite" time="0">
          <skipped></skipped>
      </testcase>
      <testcase name="[sig-storage] In-tree Volumes [Driver: local][LocalVolumeType: block] [Testpattern: Dynamic PV (block volmode)] provisioning should provision storage with snapshot data source [Feature:VolumeSnapshotDataSource]" classname="Kubernetes e2e suite" time="0">
          <skipped></skipped>
      </testcase>
      <testcase name="[sig-storage] In-tree Volumes [Driver: azure-disk] [Testpattern: Pre-provisioned PV (default fs)] subPath should support non-existent path" classname="Kubernetes e2e suite" time="0">
          <skipped></skipped>
      </testcase>
      <testcase name="[sig-storage] CSI Volumes [Driver: csi-hostpath] [Testpattern: Dynamic PV (filesystem volmode)] volumeMode should fail to use a volume in a pod with mismatched mode [Slow]" classname="Kubernetes e2e suite" time="0">
          <skipped></skipped>
      </testcase>
      <testcase name="[sig-storage] In-tree Volumes [Driver: gcepd] [Testpattern: Dynamic PV (block volmode)] provisioning should provision storage with mount options" classname="Kubernetes e2e suite" time="0">
          <skipped></skipped>
      </testcase>
      <testcase name="[sig-storage] In-tree Volumes [Driver: azure-disk] [Testpattern: Inline-volume (default fs)] subPath should verify container cannot write to subpath readonly volumes [Slow]" classname="Kubernetes e2e suite" time="0">
          <skipped></skipped>
      </testcase>
      <testcase name="[sig-storage] CSI Volumes [Driver: pd.csi.storage.gke.io][Serial] [Testpattern: Pre-provisioned PV (ntfs)][Feature:Windows] volumes should store data" classname="Kubernetes e2e suite" time="0">
          <skipped></skipped>
      </testcase>
      <testcase name="[sig-storage] In-tree Volumes [Driver: local][LocalVolumeType: dir-link-bindmounted] [Testpattern: Dynamic PV (filesystem volmode)] multiVolume [Slow] should access to two volumes with the same volume mode and retain data across pod recreation on different node" classname="Kubernetes e2e suite" time="0">
          <skipped></skipped>
      </testcase>
      <testcase name="[sig-storage] In-tree Volumes [Driver: local][LocalVolumeType: gce-localssd-scsi-fs] [Serial] [Testpattern: Dynamic PV (ext4)] multiVolume [Slow] should access to two volumes with the same volume mode and retain data across pod recreation on different node" classname="Kubernetes e2e suite" time="0">
          <skipped></skipped>
      </testcase>
      <testcase name="[sig-storage] In-tree Volumes [Driver: iscsi][Feature:Volumes] [Testpattern: Dynamic PV (default fs)] subPath should support file as subpath [LinuxOnly]" classname="Kubernetes e2e suite" time="0">
          <skipped></skipped>
      </testcase>
      <testcase name="[sig-network] kube-proxy migration [Feature:KubeProxyDaemonSetMigration] Downgrade kube-proxy from a DaemonSet to static pods should maintain a functioning cluster [Feature:KubeProxyDaemonSetDowngrade]" classname="Kubernetes e2e suite" time="0">
          <skipped></skipped>
      </testcase>
      <testcase name="[sig-storage] In-tree Volumes [Driver: hostPath] [Testpattern: Dynamic PV (ext4)] multiVolume [Slow] should concurrently access the single read-only volume from pods on the same node" classname="Kubernetes e2e suite" time="0">
          <skipped></skipped>
      </testcase>
      <testcase name="[sig-storage] In-tree Volumes [Driver: hostPathSymlink] [Testpattern: Dynamic PV (ntfs)][Feature:Windows] volumes should store data" classname="Kubernetes e2e suite" time="0">
          <skipped></skipped>
      </testcase>
      <testcase name="[sig-storage] In-tree Volumes [Driver: gluster] [Testpattern: Pre-provisioned PV (default fs)] subPath should support existing directories when readOnly specified in the volumeSource" classname="Kubernetes e2e suite" time="0">
          <skipped></skipped>
      </testcase>
      <testcase name="[sig-storage] In-tree Volumes [Driver: ceph][Feature:Volumes][Serial] [Testpattern: Dynamic PV (xfs)][Slow] volumes should store data" classname="Kubernetes e2e suite" time="0">
          <skipped></skipped>
      </testcase>
      <testcase name="[sig-storage] In-tree Volumes [Driver: local][LocalVolumeType: dir-link] [Testpattern: Dynamic PV (default fs)] provisioning should provision storage with pvc data source" classname="Kubernetes e2e suite" time="0">
          <skipped></skipped>
      </testcase>
      <testcase name="[sig-storage] In-tree Volumes [Driver: windows-gcepd] [Testpattern: Dynamic PV (block volmode)(allowExpansion)] volume-expand should resize volume when PVC is edited while pod is using it" classname="Kubernetes e2e suite" time="0">
          <skipped></skipped>
      </testcase>
      <testcase name="[sig-storage] In-tree Volumes [Driver: gluster] [Testpattern: Pre-provisioned PV (block volmode)] volumeMode should not mount / map unused volumes in a pod [LinuxOnly]" classname="Kubernetes e2e suite" time="0">
          <skipped></skipped>
      </testcase>
      <testcase name="[sig-storage] In-tree Volumes [Driver: ceph][Feature:Volumes][Serial] [Testpattern: Dynamic PV (immediate binding)] topology should provision a volume and schedule a pod with AllowedTopologies" classname="Kubernetes e2e suite" time="0">
          <skipped></skipped>
      </testcase>
      <testcase name="[sig-storage] In-tree Volumes [Driver: gluster] [Testpattern: Pre-provisioned PV (filesystem volmode)] multiVolume [Slow] should concurrently access the volume and restored snapshot from pods on the same node [LinuxOnly][Feature:VolumeSnapshotDataSource][Feature:VolumeSourceXFS]" classname="Kubernetes e2e suite" time="0">
          <skipped></skipped>
      </testcase>
      <testcase name="[sig-network] NetworkPolicyLegacy [LinuxOnly] NetworkPolicy between server and client should enforce updated policy [Feature:NetworkPolicy]" classname="Kubernetes e2e suite" time="0">
          <skipped></skipped>
      </testcase>
      <testcase name="[sig-storage] CSI Volumes [Driver: csi-hostpath] [Testpattern: Dynamic PV (ntfs)][Feature:Windows] provisioning should provision storage with snapshot data source [Feature:VolumeSnapshotDataSource]" classname="Kubernetes e2e suite" time="0">
          <skipped></skipped>
      </testcase>
      <testcase name="[sig-storage] In-tree Volumes [Driver: gluster] [Testpattern: Dynamic PV (block volmode)] multiVolume [Slow] should concurrently access the volume and restored snapshot from pods on the same node [LinuxOnly][Feature:VolumeSnapshotDataSource][Feature:VolumeSourceXFS]" classname="Kubernetes e2e suite" time="0">
          <skipped></skipped>
      </testcase>
      <testcase name="[sig-storage] In-tree Volumes [Driver: emptydir] [Testpattern: Dynamic PV (ntfs)][Feature:Windows] subPath should support creating multiple subpath from same volumes [Slow]" classname="Kubernetes e2e suite" time="0">
          <skipped></skipped>
      </testcase>
      <testcase name="[sig-storage] In-tree Volumes [Driver: local][LocalVolumeType: tmpfs] [Testpattern: Pre-provisioned PV (default fs)] subPath should support existing single file [LinuxOnly]" classname="Kubernetes e2e suite" time="0">
          <skipped></skipped>
      </testcase>
      <testcase name="[sig-storage] In-tree Volumes [Driver: hostPathSymlink] [Testpattern: Dynamic PV (block volmode)] multiVolume [Slow] should concurrently access the single read-only volume from pods on the same node" classname="Kubernetes e2e suite" time="0">
          <skipped></skipped>
      </testcase>
      <testcase name="[sig-storage] In-tree Volumes [Driver: cinder] [Testpattern: Pre-provisioned PV (block volmode)] volumeMode should not mount / map unused volumes in a pod [LinuxOnly]" classname="Kubernetes e2e suite" time="0">
          <skipped></skipped>
      </testcase>
      <testcase name="[sig-storage] In-tree Volumes [Driver: local][LocalVolumeType: block] [Testpattern: Inline-volume (default fs)] subPath should support readOnly directory specified in the volumeMount" classname="Kubernetes e2e suite" time="0">
          <skipped></skipped>
      </testcase>
      <testcase name="[sig-storage] In-tree Volumes [Driver: iscsi][Feature:Volumes] [Testpattern: Dynamic PV (default fs)(allowExpansion)] volume-expand should resize volume when PVC is edited while pod is using it" classname="Kubernetes e2e suite" time="0">
          <skipped></skipped>
      </testcase>
      <testcase name="[sig-storage] In-tree Volumes [Driver: local][LocalVolumeType: dir-link-bindmounted] [Testpattern: Dynamic PV (default fs)] subPath should fail if subpath directory is outside the volume [Slow][LinuxOnly]" classname="Kubernetes e2e suite" time="0">
          <skipped></skipped>
      </testcase>
      <testcase name="[sig-storage] In-tree Volumes [Driver: aws] [Testpattern: Dynamic PV (ext4)] multiVolume [Slow] should concurrently access the single volume from pods on different node" classname="Kubernetes e2e suite" time="0">
          <skipped></skipped>
      </testcase>
      <testcase name="[sig-node] Variable Expansion should allow composing env vars into new env vars [NodeConformance] [Conformance]" classname="Kubernetes e2e suite" time="7.807348122"></testcase>
      <testcase name="[sig-storage] In-tree Volumes [Driver: gcepd] [Testpattern: Dynamic PV (ntfs)][Feature:Windows] subPath should support readOnly file specified in the volumeMount [LinuxOnly]" classname="Kubernetes e2e suite" time="0">
          <skipped></skipped>
      </testcase>
      <testcase name="[sig-storage] In-tree Volumes [Driver: local][LocalVolumeType: dir-bindmounted] [Testpattern: Dynamic PV (default fs)] volumes should store data" classname="Kubernetes e2e suite" time="0">
          <skipped></skipped>
      </testcase>
      <testcase name="[sig-storage] In-tree Volumes [Driver: vsphere] [Testpattern: Dynamic PV (block volmode)] multiVolume [Slow] should concurrently access the volume and restored snapshot from pods on the same node [LinuxOnly][Feature:VolumeSnapshotDataSource][Feature:VolumeSourceXFS]" classname="Kubernetes e2e suite" time="0">
          <skipped></skipped>
      </testcase>
      <testcase name="[sig-storage] In-tree Volumes [Driver: rbd][Feature:Volumes][Serial] [Testpattern: Dynamic PV (ext3)] volumes should store data" classname="Kubernetes e2e suite" time="0">
          <skipped></skipped>
      </testcase>
      <testcase name="[sig-storage] In-tree Volumes [Driver: emptydir] [Testpattern: Dynamic PV (filesystem volmode)] multiVolume [Slow] should concurrently access the volume and its clone from pods on the same node [LinuxOnly][Feature:VolumeSnapshotDataSource][Feature:VolumeSourceXFS]" classname="Kubernetes e2e suite" time="0">
          <skipped></skipped>
      </testcase>
      <testcase name="[sig-storage] In-tree Volumes [Driver: azure-disk] [Testpattern: Dynamic PV (ntfs)][Feature:Windows] subPath should support readOnly directory specified in the volumeMount" classname="Kubernetes e2e suite" time="0">
          <skipped></skipped>
      </testcase>
      <testcase name="[sig-apps] StatefulSet Basic StatefulSet functionality [StatefulSetBasic] should list, patch and delete a collection of StatefulSets [Conformance]" classname="Kubernetes e2e suite" time="33.919746078"></testcase>
      <testcase name="[sig-storage] In-tree Volumes [Driver: hostPath] [Testpattern: Pre-provisioned PV (default fs)] subPath should support restarting containers using file as subpath [Slow][LinuxOnly]" classname="Kubernetes e2e suite" time="0">
          <skipped></skipped>
      </testcase>
      <testcase name="[sig-storage] In-tree Volumes [Driver: local][LocalVolumeType: dir-link] [Testpattern: Dynamic PV (ntfs)(allowExpansion)][Feature:Windows] volume-expand should resize volume when PVC is edited while pod is using it" classname="Kubernetes e2e suite" time="0">
          <skipped></skipped>
      </testcase>
      <testcase name="[sig-storage] In-tree Volumes [Driver: local][LocalVolumeType: gce-localssd-scsi-fs] [Serial] [Testpattern: Dynamic PV (ntfs)][Feature:Windows] subPath should fail if subpath file is outside the volume [Slow][LinuxOnly]" classname="Kubernetes e2e suite" time="0">
          <skipped></skipped>
      </testcase>
      <testcase name="[sig-storage] In-tree Volumes [Driver: local][LocalVolumeType: block] [Testpattern: Dynamic PV (default fs)] subPath should support restarting containers using file as subpath [Slow][LinuxOnly]" classname="Kubernetes e2e suite" time="0">
          <skipped></skipped>
      </testcase>
      <testcase name="[sig-auth] [Feature:NodeAuthenticator] The kubelet can delegate ServiceAccount tokens to the API server" classname="Kubernetes e2e suite" time="0">
          <skipped></skipped>
      </testcase>
      <testcase name="[sig-storage] In-tree Volumes [Driver: hostPathSymlink] [Testpattern: Pre-provisioned PV (default fs)] subPath should support restarting containers using directory as subpath [Slow]" classname="Kubernetes e2e suite" time="0">
          <skipped></skipped>
      </testcase>
      <testcase name="[sig-storage] In-tree Volumes [Driver: gluster] [Testpattern: Dynamic PV (default fs)] subPath should be able to unmount after the subpath directory is deleted [LinuxOnly]" classname="Kubernetes e2e suite" time="0">
          <skipped></skipped>
      </testcase>
      <testcase name="[sig-storage] In-tree Volumes [Driver: local][LocalVolumeType: dir-link] [Testpattern: Dynamic PV (filesystem volmode)] volumeLimits should support volume limits [Serial]" classname="Kubernetes e2e suite" time="0">
          <skipped></skipped>
      </testcase>
      <testcase name="[sig-storage] In-tree Volumes [Driver: local][LocalVolumeType: dir] [Testpattern: Inline-volume (default fs)] subPath should unmount if pod is gracefully deleted while kubelet is down [Disruptive][Slow][LinuxOnly]" classname="Kubernetes e2e suite" time="0">
          <skipped></skipped>
      </testcase>
      <testcase name="[sig-storage] In-tree Volumes [Driver: local][LocalVolumeType: block] [Testpattern: Dynamic PV (default fs)] subPath should support readOnly directory specified in the volumeMount" classname="Kubernetes e2e suite" time="0">
          <skipped></skipped>
      </testcase>
      <testcase name="[sig-storage] In-tree Volumes [Driver: gcepd] [Testpattern: Dynamic PV (block volmode)] volume-expand should not allow expansion of pvcs without AllowVolumeExpansion property" classname="Kubernetes e2e suite" time="0">
          <skipped></skipped>
      </testcase>
      <testcase name="[sig-storage] In-tree Volumes [Driver: iscsi][Feature:Volumes] [Testpattern: Dynamic PV (xfs)][Slow] multiVolume [Slow] should access to two volumes with the same volume mode and retain data across pod recreation on different node" classname="Kubernetes e2e suite" time="0">
          <skipped></skipped>
      </testcase>
      <testcase name="[sig-storage] In-tree Volumes [Driver: cinder] [Testpattern: Dynamic PV (ntfs)][Feature:Windows] subPath should support file as subpath [LinuxOnly]" classname="Kubernetes e2e suite" time="0">
          <skipped></skipped>
      </testcase>
      <testcase name="[sig-storage] In-tree Volumes [Driver: local][LocalVolumeType: tmpfs] [Testpattern: Pre-provisioned PV (default fs)] subPath should support non-existent path" classname="Kubernetes e2e suite" time="0">
          <skipped></skipped>
      </testcase>
      <testcase name="[sig-storage] In-tree Volumes [Driver: cinder] [Testpattern: Dynamic PV (ntfs)][Feature:Windows] subPath should support readOnly file specified in the volumeMount [LinuxOnly]" classname="Kubernetes e2e suite" time="0">
          <skipped></skipped>
      </testcase>
      <testcase name="[sig-storage] In-tree Volumes [Driver: local][LocalVolumeType: tmpfs] [Testpattern: Dynamic PV (filesystem volmode)] multiVolume [Slow] should concurrently access the volume and its clone from pods on the same node [LinuxOnly][Feature:VolumeSnapshotDataSource][Feature:VolumeSourceXFS]" classname="Kubernetes e2e suite" time="0">
          <skipped></skipped>
      </testcase>
      <testcase name="[sig-storage] In-tree Volumes [Driver: local][LocalVolumeType: dir-bindmounted] [Testpattern: Pre-provisioned PV (default fs)] subPath should support readOnly directory specified in the volumeMount" classname="Kubernetes e2e suite" time="0">
          <skipped></skipped>
      </testcase>
      <testcase name="[sig-storage] In-tree Volumes [Driver: local][LocalVolumeType: blockfs] [Testpattern: Inline-volume (default fs)] subPath should verify container cannot write to subpath readonly volumes [Slow]" classname="Kubernetes e2e suite" time="0">
          <skipped></skipped>
      </testcase>
      <testcase name="[sig-storage] CSI Volumes [Driver: csi-hostpath] [Testpattern: Dynamic PV (ext4)] multiVolume [Slow] should concurrently access the single volume from pods on different node" classname="Kubernetes e2e suite" time="0">
          <skipped></skipped>
      </testcase>
      <testcase name="[sig-windows] [Feature:Windows] SecurityContext should ignore Linux Specific SecurityContext if set" classname="Kubernetes e2e suite" time="0">
          <skipped></skipped>
      </testcase>
      <testcase name="[sig-apps] Job should run a job to completion when tasks sometimes fail and are not locally restarted" classname="Kubernetes e2e suite" time="0">
          <skipped></skipped>
      </testcase>
      <testcase name="[sig-storage] CSI Volumes [Driver: csi-hostpath] [Testpattern: Dynamic PV (ext3)] volumes should allow exec of files on the volume" classname="Kubernetes e2e suite" time="0">
          <skipped></skipped>
      </testcase>
      <testcase name="[sig-storage] CSI Volumes [Driver: csi-hostpath] [Testpattern: Pre-provisioned PV (block volmode)] multiVolume [Slow] should concurrently access the single volume from pods on different node" classname="Kubernetes e2e suite" time="0">
          <skipped></skipped>
      </testcase>
      <testcase name="[sig-node] Security Context should support pod.Spec.SecurityContext.RunAsUser [LinuxOnly]" classname="Kubernetes e2e suite" time="0">
          <skipped></skipped>
      </testcase>
      <testcase name="[sig-storage] In-tree Volumes [Driver: windows-gcepd] [Testpattern: Dynamic PV (immediate binding)] topology should provision a volume and schedule a pod with AllowedTopologies" classname="Kubernetes e2e suite" time="0">
          <skipped></skipped>
      </testcase>
      <testcase name="[sig-storage] In-tree Volumes [Driver: vsphere] [Testpattern: Dynamic PV (default fs)] subPath should support readOnly directory specified in the volumeMount" classname="Kubernetes e2e suite" time="0">
          <skipped></skipped>
      </testcase>
      <testcase name="[sig-cli] Kubectl client Kubectl cluster-info should check if Kubernetes control plane services is included in cluster-info  [Conformance]" classname="Kubernetes e2e suite" time="0.800533504"></testcase>
      <testcase name="[sig-storage] In-tree Volumes [Driver: gluster] [Testpattern: Inline-volume (default fs)] subPath should support readOnly directory specified in the volumeMount" classname="Kubernetes e2e suite" time="0">
          <skipped></skipped>
      </testcase>
      <testcase name="[sig-storage] In-tree Volumes [Driver: local][LocalVolumeType: tmpfs] [Testpattern: Dynamic PV (ext4)] multiVolume [Slow] should access to two volumes with the same volume mode and retain data across pod recreation on the same node" classname="Kubernetes e2e suite" time="0">
          <skipped></skipped>
      </testcase>
      <testcase name="[sig-storage] In-tree Volumes [Driver: ceph][Feature:Volumes][Serial] [Testpattern: Dynamic PV (block volmode)(allowExpansion)] volume-expand should resize volume when PVC is edited while pod is using it" classname="Kubernetes e2e suite" time="0">
          <skipped></skipped>
      </testcase>
      <testcase name="[sig-storage] In-tree Volumes [Driver: hostPathSymlink] [Testpattern: Dynamic PV (ntfs)][Feature:Windows] subPath should support restarting containers using directory as subpath [Slow]" classname="Kubernetes e2e suite" time="0">
          <skipped></skipped>
      </testcase>
      <testcase name="[sig-storage] In-tree Volumes [Driver: local][LocalVolumeType: dir-link] [Testpattern: Dynamic PV (ext4)] multiVolume [Slow] should access to two volumes with different volume mode and retain data across pod recreation on the same node" classname="Kubernetes e2e suite" time="0">
          <skipped></skipped>
      </testcase>
      <testcase name="[sig-storage] In-tree Volumes [Driver: gcepd] [Testpattern: Pre-provisioned PV (block volmode)] multiVolume [Slow] should concurrently access the single volume from pods on the same node" classname="Kubernetes e2e suite" time="0">
          <skipped></skipped>
      </testcase>
      <testcase name="[sig-storage] In-tree Volumes [Driver: local][LocalVolumeType: blockfs] [Testpattern: Inline-volume (default fs)] volumes should store data" classname="Kubernetes e2e suite" time="0">
          <skipped></skipped>
      </testcase>
      <testcase name="[sig-storage] In-tree Volumes [Driver: local][LocalVolumeType: blockfs] [Testpattern: Inline-volume (default fs)] subPath should support creating multiple subpath from same volumes [Slow]" classname="Kubernetes e2e suite" time="0">
          <skipped></skipped>
      </testcase>
      <testcase name="[sig-storage] In-tree Volumes [Driver: gluster] [Testpattern: Dynamic PV (ntfs)][Feature:Windows] subPath should fail if subpath file is outside the volume [Slow][LinuxOnly]" classname="Kubernetes e2e suite" time="0">
          <skipped></skipped>
      </testcase>
      <testcase name="[sig-storage] In-tree Volumes [Driver: hostPath] [Testpattern: Dynamic PV (filesystem volmode)] volumeLimits should verify that all csinodes have volume limits" classname="Kubernetes e2e suite" time="0">
          <skipped></skipped>
      </testcase>
      <testcase name="[sig-storage] In-tree Volumes [Driver: windows-gcepd] [Testpattern: Dynamic PV (ext4)] multiVolume [Slow] should concurrently access the volume and its clone from pods on the same node [LinuxOnly][Feature:VolumeSnapshotDataSource][Feature:VolumeSourceXFS]" classname="Kubernetes e2e suite" time="0">
          <skipped></skipped>
      </testcase>
      <testcase name="[sig-storage] In-tree Volumes [Driver: local][LocalVolumeType: blockfs] [Testpattern: Pre-provisioned PV (filesystem volmode)] multiVolume [Slow] should concurrently access the single read-only volume from pods on the same node" classname="Kubernetes e2e suite" time="0">
          <skipped></skipped>
      </testcase>
      <testcase name="[sig-storage] In-tree Volumes [Driver: local][LocalVolumeType: dir-bindmounted] [Testpattern: Inline-volume (ntfs)][Feature:Windows] volumes should allow exec of files on the volume" classname="Kubernetes e2e suite" time="0">
          <skipped></skipped>
      </testcase>
      <testcase name="[sig-storage] In-tree Volumes [Driver: local][LocalVolumeType: dir-bindmounted] [Testpattern: Inline-volume (xfs)][Slow] volumes should store data" classname="Kubernetes e2e suite" time="0">
          <skipped></skipped>
      </testcase>
      <testcase name="[sig-storage] Projected secret Should fail non-optional pod creation due to secret object does not exist [Slow]" classname="Kubernetes e2e suite" time="0">
          <skipped></skipped>
      </testcase>
      <testcase name="[sig-storage] In-tree Volumes [Driver: ceph][Feature:Volumes][Serial] [Testpattern: Dynamic PV (ntfs)][Feature:Windows] subPath should fail if subpath with backstepping is outside the volume [Slow][LinuxOnly]" classname="Kubernetes e2e suite" time="0">
          <skipped></skipped>
      </testcase>
      <testcase name="[sig-storage] In-tree Volumes [Driver: local][LocalVolumeType: gce-localssd-scsi-fs] [Serial] [Testpattern: Dynamic PV (default fs)] subPath should fail if subpath file is outside the volume [Slow][LinuxOnly]" classname="Kubernetes e2e suite" time="0">
          <skipped></skipped>
      </testcase>
      <testcase name="[sig-storage] In-tree Volumes [Driver: local][LocalVolumeType: blockfs] [Testpattern: Dynamic PV (ntfs)][Feature:Windows] subPath should fail if subpath with backstepping is outside the volume [Slow][LinuxOnly]" classname="Kubernetes e2e suite" time="0">
          <skipped></skipped>
      </testcase>
      <testcase name="[sig-storage] In-tree Volumes [Driver: local][LocalVolumeType: blockfs] [Testpattern: Dynamic PV (ntfs)][Feature:Windows] subPath should support restarting containers using file as subpath [Slow][LinuxOnly]" classname="Kubernetes e2e suite" time="0">
          <skipped></skipped>
      </testcase>
      <testcase name="[sig-storage] In-tree Volumes [Driver: local][LocalVolumeType: blockfs] [Testpattern: Dynamic PV (ntfs)][Feature:Windows] provisioning should provision storage with mount options" classname="Kubernetes e2e suite" time="0">
          <skipped></skipped>
      </testcase>
      <testcase name="[sig-node] Security Context When creating a container with runAsNonRoot should run with an explicit non-root user ID [LinuxOnly]" classname="Kubernetes e2e suite" time="0">
          <skipped></skipped>
      </testcase>
      <testcase name="[sig-storage] In-tree Volumes [Driver: emptydir] [Testpattern: Pre-provisioned PV (filesystem volmode)] multiVolume [Slow] should concurrently access the single read-only volume from pods on the same node" classname="Kubernetes e2e suite" time="0">
          <skipped></skipped>
      </testcase>
      <testcase name="[sig-storage] In-tree Volumes [Driver: rbd][Feature:Volumes][Serial] [Testpattern: Dynamic PV (ext4)] multiVolume [Slow] should concurrently access the single volume from pods on different node" classname="Kubernetes e2e suite" time="0">
          <skipped></skipped>
      </testcase>
      <testcase name="[sig-node] gpu Upgrade [Feature:GPUUpgrade] master upgrade should NOT disrupt gpu pod [Feature:GPUMasterUpgrade]" classname="Kubernetes e2e suite" time="0">
          <skipped></skipped>
      </testcase>
      <testcase name="[sig-storage] In-tree Volumes [Driver: local][LocalVolumeType: blockfs] [Testpattern: Pre-provisioned PV (default fs)] subPath should unmount if pod is gracefully deleted while kubelet is down [Disruptive][Slow][LinuxOnly]" classname="Kubernetes e2e suite" time="0">
          <skipped></skipped>
      </testcase>
      <testcase name="[sig-storage] In-tree Volumes [Driver: cinder] [Testpattern: Pre-provisioned PV (filesystem volmode)] disruptive[Disruptive][LinuxOnly] Should test that pv written before kubelet restart is readable after restart." classname="Kubernetes e2e suite" time="0">
          <skipped></skipped>
      </testcase>
      <testcase name="[sig-storage] In-tree Volumes [Driver: aws] [Testpattern: Pre-provisioned PV (default fs)] subPath should support restarting containers using directory as subpath [Slow]" classname="Kubernetes e2e suite" time="0">
          <skipped></skipped>
      </testcase>
      <testcase name="[sig-storage] In-tree Volumes [Driver: iscsi][Feature:Volumes] [Testpattern: Inline-volume (default fs)] subPath should fail if subpath file is outside the volume [Slow][LinuxOnly]" classname="Kubernetes e2e suite" time="0">
          <skipped></skipped>
      </testcase>
      <testcase name="[sig-storage] In-tree Volumes [Driver: hostPathSymlink] [Testpattern: Dynamic PV (default fs)] subPath should support existing single file [LinuxOnly]" classname="Kubernetes e2e suite" time="0">
          <skipped></skipped>
      </testcase>
      <testcase name="[sig-storage] In-tree Volumes [Driver: gcepd] [Testpattern: Dynamic PV (default fs)] subPath should support restarting containers using file as subpath [Slow][LinuxOnly]" classname="Kubernetes e2e suite" time="0">
          <skipped></skipped>
      </testcase>
      <testcase name="[sig-storage] In-tree Volumes [Driver: iscsi][Feature:Volumes] [Testpattern: Pre-provisioned PV (block volmode)] disruptive[Disruptive][LinuxOnly] Should test that pv used in a pod that is deleted while the kubelet is down cleans up when the kubelet returns." classname="Kubernetes e2e suite" time="0">
          <skipped></skipped>
      </testcase>
      <testcase name="[sig-cloud-provider-gcp] GKE node pools [Feature:GKENodePool] should create a cluster with multiple node pools [Feature:GKENodePool]" classname="Kubernetes e2e suite" time="0">
          <skipped></skipped>
      </testcase>
      <testcase name="[sig-api-machinery] CustomResourcePublishOpenAPI [Privileged:ClusterAdmin] removes definition from spec when one version gets changed to not be served [Conformance]" classname="Kubernetes e2e suite" time="24.166625488"></testcase>
      <testcase name="[sig-storage] In-tree Volumes [Driver: hostPathSymlink] [Testpattern: Dynamic PV (filesystem volmode)] multiVolume [Slow] should concurrently access the single volume from pods on different node" classname="Kubernetes e2e suite" time="0">
          <skipped></skipped>
      </testcase>
      <testcase name="[sig-storage] In-tree Volumes [Driver: vsphere] [Testpattern: Pre-provisioned PV (filesystem volmode)] multiVolume [Slow] should concurrently access the single volume from pods on the same node" classname="Kubernetes e2e suite" time="0">
          <skipped></skipped>
      </testcase>
      <testcase name="[sig-storage] In-tree Volumes [Driver: hostPathSymlink] [Testpattern: Pre-provisioned PV (filesystem volmode)] multiVolume [Slow] should access to two volumes with different volume mode and retain data across pod recreation on different node" classname="Kubernetes e2e suite" time="0">
          <skipped></skipped>
      </testcase>
      <testcase name="[sig-storage] In-tree Volumes [Driver: gluster] [Testpattern: Pre-provisioned PV (block volmode)] volumes should store data" classname="Kubernetes e2e suite" time="0">
          <skipped></skipped>
      </testcase>
      <testcase name="[sig-scheduling] SchedulerPredicates [Serial] PodTopologySpread Filtering validates 4 pods with MaxSkew=1 are evenly distributed into 2 nodes" classname="Kubernetes e2e suite" time="0">
          <skipped></skipped>
      </testcase>
      <testcase name="[sig-apps] ReplicaSet should validate Replicaset Status endpoints [Conformance]" classname="Kubernetes e2e suite" time="8.643046752"></testcase>
      <testcase name="[sig-storage] In-tree Volumes [Driver: nfs] [Testpattern: Dynamic PV (immediate binding)] topology should provision a volume and schedule a pod with AllowedTopologies" classname="Kubernetes e2e suite" time="0">
          <skipped></skipped>
      </testcase>
      <testcase name="[sig-storage] In-tree Volumes [Driver: gluster] [Testpattern: Dynamic PV (ext4)] multiVolume [Slow] should access to two volumes with the same volume mode and retain data across pod recreation on the same node" classname="Kubernetes e2e suite" time="0">
          <skipped></skipped>
      </testcase>
      <testcase name="[sig-storage] In-tree Volumes [Driver: windows-gcepd] [Testpattern: Dynamic PV (ext4)] multiVolume [Slow] should concurrently access the single volume from pods on different node" classname="Kubernetes e2e suite" time="0">
          <skipped></skipped>
      </testcase>
      <testcase name="[sig-storage] In-tree Volumes [Driver: emptydir] [Testpattern: Dynamic PV (filesystem volmode)] volumeLimits should support volume limits [Serial]" classname="Kubernetes e2e suite" time="0">
          <skipped></skipped>
      </testcase>
      <testcase name="[sig-storage] In-tree Volumes [Driver: local][LocalVolumeType: block] [Testpattern: Pre-provisioned PV (block volmode)] multiVolume [Slow] should concurrently access the single volume from pods on different node" classname="Kubernetes e2e suite" time="0">
          <skipped></skipped>
      </testcase>
      <testcase name="[sig-node] [Feature:Example] Downward API should create a pod that prints his name and namespace" classname="Kubernetes e2e suite" time="0">
          <skipped></skipped>
      </testcase>
      <testcase name="[sig-network] NetworkPolicyLegacy [LinuxOnly] NetworkPolicy between server and client should ensure an IP overlapping both IPBlock.CIDR and IPBlock.Except is allowed [Feature:NetworkPolicy]" classname="Kubernetes e2e suite" time="0">
          <skipped></skipped>
      </testcase>
      <testcase name="[sig-storage] In-tree Volumes [Driver: local][LocalVolumeType: gce-localssd-scsi-fs] [Serial] [Testpattern: Dynamic PV (ntfs)][Feature:Windows] subPath should fail if non-existent subpath is outside the volume [Slow][LinuxOnly]" classname="Kubernetes e2e suite" time="0">
          <skipped></skipped>
      </testcase>
      <testcase name="[sig-node] Pods should have their auto-restart back-off timer reset on image update [Slow][NodeConformance]" classname="Kubernetes e2e suite" time="0">
          <skipped></skipped>
      </testcase>
      <testcase name="[sig-storage] In-tree Volumes [Driver: ceph][Feature:Volumes][Serial] [Testpattern: Pre-provisioned PV (filesystem volmode)] multiVolume [Slow] should access to two volumes with the same volume mode and retain data across pod recreation on the same node" classname="Kubernetes e2e suite" time="0">
          <skipped></skipped>
      </testcase>
      <testcase name="[sig-storage] In-tree Volumes [Driver: vsphere] [Testpattern: Inline-volume (default fs)] subPath should support existing directories when readOnly specified in the volumeSource" classname="Kubernetes e2e suite" time="0">
          <skipped></skipped>
      </testcase>
      <testcase name="[sig-storage] Storage Policy Based Volume Provisioning [Feature:vsphere] verify VSAN storage capability with valid diskStripes and objectSpaceReservation values is honored for dynamically provisioned pvc using storageclass" classname="Kubernetes e2e suite" time="0">
          <skipped></skipped>
      </testcase>
      <testcase name="[sig-storage] In-tree Volumes [Driver: emptydir] [Testpattern: Dynamic PV (immediate binding)] topology should provision a volume and schedule a pod with AllowedTopologies" classname="Kubernetes e2e suite" time="0">
          <skipped></skipped>
      </testcase>
      <testcase name="[sig-storage] Volume Operations Storm [Feature:vsphere] should create pod with many volumes and verify no attach call fails" classname="Kubernetes e2e suite" time="0">
          <skipped></skipped>
      </testcase>
      <testcase name="[sig-storage] In-tree Volumes [Driver: local][LocalVolumeType: blockfs] [Testpattern: Dynamic PV (ntfs)][Feature:Windows] volume-expand should not allow expansion of pvcs without AllowVolumeExpansion property" classname="Kubernetes e2e suite" time="0">
          <skipped></skipped>
      </testcase>
      <testcase name="[sig-storage] In-tree Volumes [Driver: local][LocalVolumeType: tmpfs] [Testpattern: Dynamic PV (default fs)] subPath should fail if subpath file is outside the volume [Slow][LinuxOnly]" classname="Kubernetes e2e suite" time="0">
          <skipped></skipped>
      </testcase>
      <testcase name="[sig-storage] In-tree Volumes [Driver: ceph][Feature:Volumes][Serial] [Testpattern: Dynamic PV (xfs)][Slow] multiVolume [Slow] should access to two volumes with the same volume mode and retain data across pod recreation on the same node" classname="Kubernetes e2e suite" time="0">
          <skipped></skipped>
      </testcase>
      <testcase name="[sig-storage] In-tree Volumes [Driver: gluster] [Testpattern: Inline-volume (default fs)] subPath should fail if subpath with backstepping is outside the volume [Slow][LinuxOnly]" classname="Kubernetes e2e suite" time="0">
          <skipped></skipped>
      </testcase>
      <testcase name="[sig-storage] In-tree Volumes [Driver: local][LocalVolumeType: dir-bindmounted] [Testpattern: Pre-provisioned PV (default fs)] subPath should unmount if pod is force deleted while kubelet is down [Disruptive][Slow][LinuxOnly]" classname="Kubernetes e2e suite" time="0">
          <skipped></skipped>
      </testcase>
      <testcase name="[sig-storage] In-tree Volumes [Driver: local][LocalVolumeType: dir-bindmounted] [Testpattern: Dynamic PV (ntfs)][Feature:Windows] subPath should be able to unmount after the subpath directory is deleted [LinuxOnly]" classname="Kubernetes e2e suite" time="0">
          <skipped></skipped>
      </testcase>
      <testcase name="[sig-storage] In-tree Volumes [Driver: local][LocalVolumeType: dir-bindmounted] [Testpattern: Inline-volume (default fs)] subPath should support existing directory" classname="Kubernetes e2e suite" time="0">
          <skipped></skipped>
      </testcase>
      <testcase name="[sig-storage] In-tree Volumes [Driver: local][LocalVolumeType: dir-bindmounted] [Testpattern: Dynamic PV (filesystem volmode)] multiVolume [Slow] should access to two volumes with different volume mode and retain data across pod recreation on different node" classname="Kubernetes e2e suite" time="0">
          <skipped></skipped>
      </testcase>
      <testcase name="[sig-storage] In-tree Volumes [Driver: local][LocalVolumeType: blockfs] [Testpattern: Pre-provisioned PV (filesystem volmode)] multiVolume [Slow] should access to two volumes with the same volume mode and retain data across pod recreation on different node" classname="Kubernetes e2e suite" time="0">
          <skipped></skipped>
      </testcase>
      <testcase name="[sig-storage] In-tree Volumes [Driver: nfs] [Testpattern: Inline-volume (default fs)] subPath should unmount if pod is gracefully deleted while kubelet is down [Disruptive][Slow][LinuxOnly]" classname="Kubernetes e2e suite" time="0">
          <skipped></skipped>
      </testcase>
      <testcase name="[sig-storage] In-tree Volumes [Driver: emptydir] [Testpattern: Dynamic PV (default fs)] subPath should fail if non-existent subpath is outside the volume [Slow][LinuxOnly]" classname="Kubernetes e2e suite" time="0">
          <skipped></skipped>
      </testcase>
      <testcase name="[sig-storage] In-tree Volumes [Driver: ceph][Feature:Volumes][Serial] [Testpattern: Dynamic PV (default fs)] subPath should support existing directories when readOnly specified in the volumeSource" classname="Kubernetes e2e suite" time="0">
          <skipped></skipped>
      </testcase>
      <testcase name="[sig-storage] In-tree Volumes [Driver: cinder] [Testpattern: Pre-provisioned PV (default fs)] subPath should fail if subpath with backstepping is outside the volume [Slow][LinuxOnly]" classname="Kubernetes e2e suite" time="0">
          <skipped></skipped>
      </testcase>
      <testcase name="[sig-storage] In-tree Volumes [Driver: local][LocalVolumeType: blockfs] [Testpattern: Dynamic PV (xfs)][Slow] multiVolume [Slow] should access to two volumes with different volume mode and retain data across pod recreation on different node" classname="Kubernetes e2e suite" time="0">
          <skipped></skipped>
      </testcase>
      <testcase name="[sig-storage] PV Protection Verify &#34;immediate&#34; deletion of a PV that is not bound to a PVC" classname="Kubernetes e2e suite" time="0">
          <skipped></skipped>
      </testcase>
      <testcase name="[sig-storage] In-tree Volumes [Driver: local][LocalVolumeType: block] [Testpattern: Dynamic PV (default fs)] provisioning should provision storage with pvc data source in parallel [Slow]" classname="Kubernetes e2e suite" time="0">
          <skipped></skipped>
      </testcase>
      <testcase name="[sig-storage] In-tree Volumes [Driver: hostPath] [Testpattern: Pre-provisioned PV (default fs)] subPath should fail if subpath file is outside the volume [Slow][LinuxOnly]" classname="Kubernetes e2e suite" time="0">
          <skipped></skipped>
      </testcase>
      <testcase name="[sig-auth] ServiceAccounts should support InClusterConfig with token rotation [Slow]" classname="Kubernetes e2e suite" time="0">
          <skipped></skipped>
      </testcase>
      <testcase name="[sig-storage] In-tree Volumes [Driver: aws] [Testpattern: Dynamic PV (ntfs)][Feature:Windows] provisioning should provision storage with pvc data source in parallel [Slow]" classname="Kubernetes e2e suite" time="0">
          <skipped></skipped>
      </testcase>
      <testcase name="[sig-storage] Projected downwardAPI should provide container&#39;s cpu request [NodeConformance] [Conformance]" classname="Kubernetes e2e suite" time="9.849299368"></testcase>
      <testcase name="[sig-storage] In-tree Volumes [Driver: hostPath] [Testpattern: Pre-provisioned PV (block volmode)] multiVolume [Slow] should concurrently access the single read-only volume from pods on the same node" classname="Kubernetes e2e suite" time="0">
          <skipped></skipped>
      </testcase>
      <testcase name="[sig-storage] In-tree Volumes [Driver: hostPath] [Testpattern: Dynamic PV (ntfs)][Feature:Windows] volumes should store data" classname="Kubernetes e2e suite" time="0">
          <skipped></skipped>
      </testcase>
      <testcase name="[sig-storage] In-tree Volumes [Driver: local][LocalVolumeType: gce-localssd-scsi-fs] [Serial] [Testpattern: Inline-volume (ntfs)][Feature:Windows] volumes should store data" classname="Kubernetes e2e suite" time="0">
          <skipped></skipped>
      </testcase>
      <testcase name="[sig-storage] In-tree Volumes [Driver: hostPath] [Testpattern: Pre-provisioned PV (filesystem volmode)] volumeMode should fail to use a volume in a pod with mismatched mode [Slow]" classname="Kubernetes e2e suite" time="0">
          <skipped></skipped>
      </testcase>
      <testcase name="[sig-storage] HostPath should support r/w [NodeConformance]" classname="Kubernetes e2e suite" time="0">
          <skipped></skipped>
      </testcase>
      <testcase name="[sig-storage] Volume Placement [Feature:vsphere] should create and delete pod with the same volume source attach/detach to different worker nodes" classname="Kubernetes e2e suite" time="0">
          <skipped></skipped>
      </testcase>
      <testcase name="[sig-storage] CSI Volumes [Driver: pd.csi.storage.gke.io][Serial] [Testpattern: Dynamic PV (block volmode)] provisioning should provision storage with pvc data source" classname="Kubernetes e2e suite" time="0">
          <skipped></skipped>
      </testcase>
      <testcase name="[sig-autoscaling] [Feature:HPA] Horizontal pod autoscaling (scale resource: CPU) [Serial] [Slow] ReplicationController Should scale from 5 pods to 3 pods and from 3 to 1 and verify decision stability" classname="Kubernetes e2e suite" time="0">
          <skipped></skipped>
      </testcase>
      <testcase name="[sig-storage] CSI Volumes [Driver: pd.csi.storage.gke.io][Serial] [Testpattern: Dynamic PV (ntfs)][Feature:Windows] subPath should unmount if pod is force deleted while kubelet is down [Disruptive][Slow][LinuxOnly]" classname="Kubernetes e2e suite" time="0">
          <skipped></skipped>
      </testcase>
      <testcase name="[sig-storage] In-tree Volumes [Driver: hostPath] [Testpattern: Dynamic PV (block volmode)] volumeMode should fail in binding dynamic provisioned PV to PVC [Slow][LinuxOnly]" classname="Kubernetes e2e suite" time="0">
          <skipped></skipped>
      </testcase>
      <testcase name="[sig-storage] CSI Volumes [Driver: csi-hostpath] [Testpattern: Dynamic PV (default fs)] fsgroupchangepolicy (OnRootMismatch)[LinuxOnly], pod created with an initial fsgroup, volume contents ownership changed in first pod, new pod with same fsgroup skips ownership changes to the volume contents" classname="Kubernetes e2e suite" time="0">
          <skipped></skipped>
      </testcase>
      <testcase name="[sig-network] Netpol NetworkPolicy between server and client should enforce egress policy allowing traffic to a server in a different namespace based on PodSelector and NamespaceSelector [Feature:NetworkPolicy]" classname="Kubernetes e2e suite" time="0">
          <skipped></skipped>
      </testcase>
      <testcase name="[sig-storage] In-tree Volumes [Driver: rbd][Feature:Volumes][Serial] [Testpattern: Dynamic PV (block volmode)] provisioning should provision storage with pvc data source" classname="Kubernetes e2e suite" time="0">
          <skipped></skipped>
      </testcase>
      <testcase name="[sig-network] [Feature:IPv6DualStack] Granular Checks: Services Secondary IP Family [LinuxOnly] should function for node-Service: http" classname="Kubernetes e2e suite" time="0">
          <skipped></skipped>
      </testcase>
      <testcase name="[sig-storage] Zone Support [Feature:vsphere] Verify a pod is created and attached to a dynamically created PV with storage policy specified in storage class in waitForFirstConsumer binding mode with allowedTopologies" classname="Kubernetes e2e suite" time="0">
          <skipped></skipped>
      </testcase>
      <testcase name="[sig-storage] In-tree Volumes [Driver: windows-gcepd] [Testpattern: Dynamic PV (default fs)] subPath should unmount if pod is force deleted while kubelet is down [Disruptive][Slow][LinuxOnly]" classname="Kubernetes e2e suite" time="0">
          <skipped></skipped>
      </testcase>
      <testcase name="[sig-storage] In-tree Volumes [Driver: nfs] [Testpattern: Dynamic PV (block volmode)] multiVolume [Slow] should concurrently access the single volume from pods on different node" classname="Kubernetes e2e suite" time="0">
          <skipped></skipped>
      </testcase>
      <testcase name="[sig-node] Security Context When creating a container with runAsUser should run the container with uid 0 [LinuxOnly] [NodeConformance]" classname="Kubernetes e2e suite" time="0">
          <skipped></skipped>
      </testcase>
      <testcase name="[sig-storage] In-tree Volumes [Driver: local][LocalVolumeType: block] [Testpattern: Inline-volume (xfs)][Slow] volumes should allow exec of files on the volume" classname="Kubernetes e2e suite" time="0">
          <skipped></skipped>
      </testcase>
      <testcase name="[sig-apps] StatefulSet Basic StatefulSet functionality [StatefulSetBasic] Burst scaling should run to completion even with unhealthy pods [Slow] [Conformance]" classname="Kubernetes e2e suite" time="72.028125281"></testcase>
      <testcase name="[sig-storage] CSI Volumes [Driver: csi-hostpath] [Testpattern: Dynamic PV (filesystem volmode)] volume-lifecycle-performance should provision volumes at scale within performance constraints [Slow] [Serial]" classname="Kubernetes e2e suite" time="0">
          <skipped></skipped>
      </testcase>
      <testcase name="[sig-storage] In-tree Volumes [Driver: ceph][Feature:Volumes][Serial] [Testpattern: Dynamic PV (default fs)] fsgroupchangepolicy (OnRootMismatch)[LinuxOnly], pod created with an initial fsgroup, new pod fsgroup applied to volume contents" classname="Kubernetes e2e suite" time="0">
          <skipped></skipped>
      </testcase>
      <testcase name="[sig-storage] In-tree Volumes [Driver: windows-gcepd] [Testpattern: Dynamic PV (default fs)] provisioning should provision storage with snapshot data source [Feature:VolumeSnapshotDataSource]" classname="Kubernetes e2e suite" time="0">
          <skipped></skipped>
      </testcase>
      <testcase name="[sig-storage] In-tree Volumes [Driver: vsphere] [Testpattern: Dynamic PV (xfs)][Slow] multiVolume [Slow] should access to two volumes with different volume mode and retain data across pod recreation on different node" classname="Kubernetes e2e suite" time="0">
          <skipped></skipped>
      </testcase>
      <testcase name="[sig-storage] In-tree Volumes [Driver: nfs] [Testpattern: Dynamic PV (block volmode)] disruptive[Disruptive][LinuxOnly] Should test that pv used in a pod that is deleted while the kubelet is down cleans up when the kubelet returns." classname="Kubernetes e2e suite" time="0">
          <skipped></skipped>
      </testcase>
      <testcase name="[sig-storage] In-tree Volumes [Driver: local][LocalVolumeType: block] [Testpattern: Dynamic PV (ntfs)][Feature:Windows] provisioning should provision storage with pvc data source" classname="Kubernetes e2e suite" time="0">
          <skipped></skipped>
      </testcase>
      <testcase name="[sig-storage] In-tree Volumes [Driver: iscsi][Feature:Volumes] [Testpattern: Dynamic PV (default fs)] provisioning should provision storage with pvc data source in parallel [Slow]" classname="Kubernetes e2e suite" time="0">
          <skipped></skipped>
      </testcase>
      <testcase name="[sig-storage] In-tree Volumes [Driver: cinder] [Testpattern: Dynamic PV (ext4)] multiVolume [Slow] should access to two volumes with the same volume mode and retain data across pod recreation on the same node" classname="Kubernetes e2e suite" time="0">
          <skipped></skipped>
      </testcase>
      <testcase name="[sig-storage] In-tree Volumes [Driver: local][LocalVolumeType: block] [Testpattern: Dynamic PV (xfs)][Slow] multiVolume [Slow] should access to two volumes with the same volume mode and retain data across pod recreation on the same node" classname="Kubernetes e2e suite" time="0">
          <skipped></skipped>
      </testcase>
      <testcase name="[sig-storage] In-tree Volumes [Driver: windows-gcepd] [Testpattern: Pre-provisioned PV (default fs)] subPath should support restarting containers using file as subpath [Slow][LinuxOnly]" classname="Kubernetes e2e suite" time="0">
          <skipped></skipped>
      </testcase>
      <testcase name="[sig-storage] In-tree Volumes [Driver: nfs] [Testpattern: Dynamic PV (ntfs)][Feature:Windows] subPath should support file as subpath [LinuxOnly]" classname="Kubernetes e2e suite" time="0">
          <skipped></skipped>
      </testcase>
      <testcase name="[sig-storage] In-tree Volumes [Driver: local][LocalVolumeType: dir-bindmounted] [Testpattern: Inline-volume (default fs)] subPath should verify container cannot write to subpath readonly volumes [Slow]" classname="Kubernetes e2e suite" time="0">
          <skipped></skipped>
      </testcase>
      <testcase name="[sig-storage] CSI Volumes [Driver: pd.csi.storage.gke.io][Serial] [Testpattern: Pre-provisioned PV (filesystem volmode)] volumeMode should fail to use a volume in a pod with mismatched mode [Slow]" classname="Kubernetes e2e suite" time="0">
          <skipped></skipped>
      </testcase>
      <testcase name="[sig-storage] In-tree Volumes [Driver: vsphere] [Testpattern: Dynamic PV (block volmode)] disruptive[Disruptive][LinuxOnly] Should test that pv used in a pod that is deleted while the kubelet is down cleans up when the kubelet returns." classname="Kubernetes e2e suite" time="0">
          <skipped></skipped>
      </testcase>
      <testcase name="[sig-storage] Zone Support [Feature:vsphere] Verify a pod is created and attached to a dynamically created PV, based on multiple zones specified in the storage class. (No shared datastores exist among both zones)" classname="Kubernetes e2e suite" time="0">
          <skipped></skipped>
      </testcase>
      <testcase name="[sig-api-machinery] Garbage collector should not be blocked by dependency circle [Conformance]" classname="Kubernetes e2e suite" time="6.057155572"></testcase>
      <testcase name="[sig-storage] In-tree Volumes [Driver: rbd][Feature:Volumes][Serial] [Testpattern: Dynamic PV (default fs)] subPath should support file as subpath [LinuxOnly]" classname="Kubernetes e2e suite" time="0">
          <skipped></skipped>
      </testcase>
      <testcase name="[sig-network] Conntrack should be able to preserve UDP traffic when server pod cycles for a ClusterIP service" classname="Kubernetes e2e suite" time="0">
          <skipped></skipped>
      </testcase>
      <testcase name="[sig-storage] In-tree Volumes [Driver: local][LocalVolumeType: dir] [Testpattern: Dynamic PV (filesystem volmode)] multiVolume [Slow] should concurrently access the single volume from pods on different node" classname="Kubernetes e2e suite" time="0">
          <skipped></skipped>
      </testcase>
      <testcase name="[sig-storage] CSI Volumes [Driver: csi-hostpath] [Testpattern: Dynamic PV (default fs)] subPath should fail if subpath directory is outside the volume [Slow][LinuxOnly]" classname="Kubernetes e2e suite" time="0">
          <skipped></skipped>
      </testcase>
      <testcase name="[sig-storage] In-tree Volumes [Driver: local][LocalVolumeType: dir] [Testpattern: Dynamic PV (ntfs)][Feature:Windows] subPath should verify container cannot write to subpath readonly volumes [Slow]" classname="Kubernetes e2e suite" time="0">
          <skipped></skipped>
      </testcase>
      <testcase name="[sig-storage] Volume Provisioning On Clustered Datastore [Feature:vsphere] verify dynamic provision with default parameter on clustered datastore" classname="Kubernetes e2e suite" time="0">
          <skipped></skipped>
      </testcase>
      <testcase name="[sig-storage] In-tree Volumes [Driver: local][LocalVolumeType: dir-bindmounted] [Testpattern: Inline-volume (default fs)] subPath should support readOnly file specified in the volumeMount [LinuxOnly]" classname="Kubernetes e2e suite" time="0">
          <skipped></skipped>
      </testcase>
      <testcase name="[sig-storage] In-tree Volumes [Driver: local][LocalVolumeType: dir-link-bindmounted] [Testpattern: Inline-volume (default fs)] subPath should unmount if pod is gracefully deleted while kubelet is down [Disruptive][Slow][LinuxOnly]" classname="Kubernetes e2e suite" time="0">
          <skipped></skipped>
      </testcase>
      <testcase name="[sig-storage] In-tree Volumes [Driver: local][LocalVolumeType: dir] [Testpattern: Dynamic PV (block volmode)] disruptive[Disruptive][LinuxOnly] Should test that pv written before kubelet restart is readable after restart." classname="Kubernetes e2e suite" time="0">
          <skipped></skipped>
      </testcase>
      <testcase name="[sig-storage] In-tree Volumes [Driver: emptydir] [Testpattern: Pre-provisioned PV (default fs)] subPath should fail if non-existent subpath is outside the volume [Slow][LinuxOnly]" classname="Kubernetes e2e suite" time="0">
          <skipped></skipped>
      </testcase>
      <testcase name="[sig-node] Sysctls [LinuxOnly] [NodeConformance] should support unsafe sysctls which are actually allowed [MinimumKubeletVersion:1.21]" classname="Kubernetes e2e suite" time="0">
          <skipped></skipped>
      </testcase>
      <testcase name="[sig-storage] In-tree Volumes [Driver: aws] [Testpattern: Inline-volume (default fs)] subPath should fail if subpath file is outside the volume [Slow][LinuxOnly]" classname="Kubernetes e2e suite" time="0">
          <skipped></skipped>
      </testcase>
      <testcase name="[sig-storage] In-tree Volumes [Driver: vsphere] [Testpattern: Dynamic PV (ntfs)][Feature:Windows] volumes should allow exec of files on the volume" classname="Kubernetes e2e suite" time="0">
          <skipped></skipped>
      </testcase>
      <testcase name="[sig-storage] In-tree Volumes [Driver: windows-gcepd] [Testpattern: Dynamic PV (default fs)] fsgroupchangepolicy (OnRootMismatch)[LinuxOnly], pod created with an initial fsgroup, volume contents ownership changed in first pod, new pod with different fsgroup applied to the volume contents" classname="Kubernetes e2e suite" time="0">
          <skipped></skipped>
      </testcase>
      <testcase name="[sig-storage] In-tree Volumes [Driver: ceph][Feature:Volumes][Serial] [Testpattern: Dynamic PV (filesystem volmode)] multiVolume [Slow] should access to two volumes with different volume mode and retain data across pod recreation on different node" classname="Kubernetes e2e suite" time="0">
          <skipped></skipped>
      </testcase>
      <testcase name="[sig-storage] In-tree Volumes [Driver: local][LocalVolumeType: dir-link-bindmounted] [Testpattern: Pre-provisioned PV (filesystem volmode)] disruptive[Disruptive][LinuxOnly] Should test that pv written before kubelet restart is readable after restart." classname="Kubernetes e2e suite" time="0">
          <skipped></skipped>
      </testcase>
      <testcase name="[sig-storage] In-tree Volumes [Driver: hostPathSymlink] [Testpattern: Pre-provisioned PV (default fs)] volumes should allow exec of files on the volume" classname="Kubernetes e2e suite" time="0">
          <skipped></skipped>
      </testcase>
      <testcase name="[sig-storage] In-tree Volumes [Driver: emptydir] [Testpattern: Pre-provisioned PV (block volmode)] disruptive[Disruptive][LinuxOnly] Should test that pv written before kubelet restart is readable after restart." classname="Kubernetes e2e suite" time="0">
          <skipped></skipped>
      </testcase>
      <testcase name="[sig-storage] In-tree Volumes [Driver: iscsi][Feature:Volumes] [Testpattern: Dynamic PV (default fs)] subPath should fail if non-existent subpath is outside the volume [Slow][LinuxOnly]" classname="Kubernetes e2e suite" time="0">
          <skipped></skipped>
      </testcase>
      <testcase name="[sig-storage] In-tree Volumes [Driver: local][LocalVolumeType: dir-bindmounted] [Testpattern: Pre-provisioned PV (default fs)] subPath should be able to unmount after the subpath directory is deleted [LinuxOnly]" classname="Kubernetes e2e suite" time="0">
          <skipped></skipped>
      </testcase>
      <testcase name="[sig-storage] In-tree Volumes [Driver: iscsi][Feature:Volumes] [Testpattern: Dynamic PV (default fs)(allowExpansion)] volume-expand Verify if offline PVC expansion works" classname="Kubernetes e2e suite" time="0">
          <skipped></skipped>
      </testcase>
      <testcase name="[sig-storage] In-tree Volumes [Driver: local][LocalVolumeType: dir] [Testpattern: Dynamic PV (block volmode)] volumeMode should not mount / map unused volumes in a pod [LinuxOnly]" classname="Kubernetes e2e suite" time="0">
          <skipped></skipped>
      </testcase>
      <testcase name="[sig-storage] Downward API volume should update labels on modification [NodeConformance] [Conformance]" classname="Kubernetes e2e suite" time="10.937046361"></testcase>
      <testcase name="[sig-storage] In-tree Volumes [Driver: nfs] [Testpattern: Dynamic PV (default fs)] volumes should store data" classname="Kubernetes e2e suite" time="0">
          <skipped></skipped>
      </testcase>
      <testcase name="[sig-storage] In-tree Volumes [Driver: windows-gcepd] [Testpattern: Dynamic PV (ntfs)][Feature:Windows] subPath should support existing single file [LinuxOnly]" classname="Kubernetes e2e suite" time="0">
          <skipped></skipped>
      </testcase>
      <testcase name="[sig-storage] In-tree Volumes [Driver: local][LocalVolumeType: blockfs] [Testpattern: Dynamic PV (default fs)] subPath should support existing directory" classname="Kubernetes e2e suite" time="0">
          <skipped></skipped>
      </testcase>
      <testcase name="[sig-storage] In-tree Volumes [Driver: local][LocalVolumeType: dir-link-bindmounted] [Testpattern: Pre-provisioned PV (block volmode)] volumes should store data" classname="Kubernetes e2e suite" time="0">
          <skipped></skipped>
      </testcase>
      <testcase name="[sig-storage] In-tree Volumes [Driver: azure-disk] [Testpattern: Dynamic PV (block volmode)] multiVolume [Slow] should access to two volumes with the same volume mode and retain data across pod recreation on the same node" classname="Kubernetes e2e suite" time="0">
          <skipped></skipped>
      </testcase>
      <testcase name="[sig-storage] In-tree Volumes [Driver: local][LocalVolumeType: tmpfs] [Testpattern: Dynamic PV (filesystem volmode)] disruptive[Disruptive][LinuxOnly] Should test that pv written before kubelet restart is readable after restart." classname="Kubernetes e2e suite" time="0">
          <skipped></skipped>
      </testcase>
      <testcase name="[sig-storage] In-tree Volumes [Driver: azure-disk] [Testpattern: Inline-volume (default fs)] subPath should be able to unmount after the subpath directory is deleted [LinuxOnly]" classname="Kubernetes e2e suite" time="0">
          <skipped></skipped>
      </testcase>
      <testcase name="[sig-network] Networking Granular Checks: Services should function for service endpoints using hostNetwork" classname="Kubernetes e2e suite" time="0">
          <skipped></skipped>
      </testcase>
      <testcase name="[sig-storage] In-tree Volumes [Driver: aws] [Testpattern: Dynamic PV (xfs)][Slow] multiVolume [Slow] should access to two volumes with the same volume mode and retain data across pod recreation on different node" classname="Kubernetes e2e suite" time="0">
          <skipped></skipped>
      </testcase>
      <testcase name="[sig-storage] Projected downwardAPI should update annotations on modification [NodeConformance] [Conformance]" classname="Kubernetes e2e suite" time="10.208123166"></testcase>
      <testcase name="[sig-storage] In-tree Volumes [Driver: hostPath] [Testpattern: Pre-provisioned PV (block volmode)] disruptive[Disruptive][LinuxOnly] Should test that pv used in a pod that is force deleted while the kubelet is down cleans up when the kubelet returns." classname="Kubernetes e2e suite" time="0">
          <skipped></skipped>
      </testcase>
      <testcase name="[sig-storage] In-tree Volumes [Driver: iscsi][Feature:Volumes] [Testpattern: Dynamic PV (default fs)] fsgroupchangepolicy (Always)[LinuxOnly], pod created with an initial fsgroup, volume contents ownership changed in first pod, new pod with different fsgroup applied to the volume contents" classname="Kubernetes e2e suite" time="0">
          <skipped></skipped>
      </testcase>
      <testcase name="[sig-storage] In-tree Volumes [Driver: nfs] [Testpattern: Dynamic PV (filesystem volmode)] disruptive[Disruptive][LinuxOnly] Should test that pv written before kubelet restart is readable after restart." classname="Kubernetes e2e suite" time="0">
          <skipped></skipped>
      </testcase>
      <testcase name="[sig-storage] In-tree Volumes [Driver: local][LocalVolumeType: dir-bindmounted] [Testpattern: Inline-volume (default fs)] subPath should support non-existent path" classname="Kubernetes e2e suite" time="0">
          <skipped></skipped>
      </testcase>
      <testcase name="[sig-storage] In-tree Volumes [Driver: local][LocalVolumeType: dir-link] [Testpattern: Inline-volume (ntfs)][Feature:Windows] volumes should store data" classname="Kubernetes e2e suite" time="0">
          <skipped></skipped>
      </testcase>
      <testcase name="[sig-storage] GenericPersistentVolume[Disruptive] When kubelet restarts Should test that a volume mounted to a pod that is deleted while the kubelet is down unmounts when the kubelet returns." classname="Kubernetes e2e suite" time="0">
          <skipped></skipped>
      </testcase>
      <testcase name="[sig-storage] In-tree Volumes [Driver: windows-gcepd] [Testpattern: Pre-provisioned PV (ext4)] volumes should store data" classname="Kubernetes e2e suite" time="0">
          <skipped></skipped>
      </testcase>
      <testcase name="[sig-storage] In-tree Volumes [Driver: windows-gcepd] [Testpattern: Dynamic PV (default fs)] subPath should verify container cannot write to subpath readonly volumes [Slow]" classname="Kubernetes e2e suite" time="0">
          <skipped></skipped>
      </testcase>
      <testcase name="[sig-network] Service endpoints latency should not be very high  [Conformance]" classname="Kubernetes e2e suite" time="24.29760482"></testcase>
      <testcase name="[sig-storage] In-tree Volumes [Driver: local][LocalVolumeType: block] [Testpattern: Dynamic PV (ext4)] multiVolume [Slow] should access to two volumes with different volume mode and retain data across pod recreation on different node" classname="Kubernetes e2e suite" time="0">
          <skipped></skipped>
      </testcase>
      <testcase name="[sig-storage] In-tree Volumes [Driver: aws] [Testpattern: Pre-provisioned PV (default fs)] subPath should support readOnly directory specified in the volumeMount" classname="Kubernetes e2e suite" time="0">
          <skipped></skipped>
      </testcase>
      <testcase name="[sig-storage] In-tree Volumes [Driver: local][LocalVolumeType: blockfs] [Testpattern: Dynamic PV (ntfs)][Feature:Windows] subPath should support non-existent path" classname="Kubernetes e2e suite" time="0">
          <skipped></skipped>
      </testcase>
      <testcase name="[sig-storage] In-tree Volumes [Driver: local][LocalVolumeType: dir] [Testpattern: Dynamic PV (default fs)] subPath should fail if subpath with backstepping is outside the volume [Slow][LinuxOnly]" classname="Kubernetes e2e suite" time="0">
          <skipped></skipped>
      </testcase>
      <testcase name="[sig-storage] In-tree Volumes [Driver: local][LocalVolumeType: dir] [Testpattern: Pre-provisioned PV (default fs)] subPath should support restarting containers using file as subpath [Slow][LinuxOnly]" classname="Kubernetes e2e suite" time="0">
          <skipped></skipped>
      </testcase>
      <testcase name="[sig-storage] In-tree Volumes [Driver: iscsi][Feature:Volumes] [Testpattern: Pre-provisioned PV (default fs)] subPath should fail if subpath file is outside the volume [Slow][LinuxOnly]" classname="Kubernetes e2e suite" time="0">
          <skipped></skipped>
      </testcase>
      <testcase name="[sig-storage] In-tree Volumes [Driver: aws] [Testpattern: Dynamic PV (ntfs)][Feature:Windows] subPath should support readOnly file specified in the volumeMount [LinuxOnly]" classname="Kubernetes e2e suite" time="0">
          <skipped></skipped>
      </testcase>
      <testcase name="[sig-storage] In-tree Volumes [Driver: rbd][Feature:Volumes][Serial] [Testpattern: Pre-provisioned PV (block volmode)] disruptive[Disruptive][LinuxOnly] Should test that pv used in a pod that is deleted while the kubelet is down cleans up when the kubelet returns." classname="Kubernetes e2e suite" time="0">
          <skipped></skipped>
      </testcase>
      <testcase name="[sig-storage] In-tree Volumes [Driver: local][LocalVolumeType: gce-localssd-scsi-fs] [Serial] [Testpattern: Inline-volume (ext3)] volumes should store data" classname="Kubernetes e2e suite" time="0">
          <skipped></skipped>
      </testcase>
      <testcase name="[sig-storage] In-tree Volumes [Driver: aws] [Testpattern: Dynamic PV (ntfs)][Feature:Windows] provisioning should provision storage with pvc data source" classname="Kubernetes e2e suite" time="0">
          <skipped></skipped>
      </testcase>
      <testcase name="[sig-storage] In-tree Volumes [Driver: local][LocalVolumeType: dir] [Testpattern: Inline-volume (ext4)] volumes should store data" classname="Kubernetes e2e suite" time="0">
          <skipped></skipped>
      </testcase>
      <testcase name="[sig-node] NodeLease when the NodeLease feature is enabled the kubelet should create and update a lease in the kube-node-lease namespace" classname="Kubernetes e2e suite" time="0">
          <skipped></skipped>
      </testcase>
      <testcase name="[sig-storage] In-tree Volumes [Driver: local][LocalVolumeType: dir-link] [Testpattern: Dynamic PV (ntfs)][Feature:Windows] subPath should support readOnly directory specified in the volumeMount" classname="Kubernetes e2e suite" time="0">
          <skipped></skipped>
      </testcase>
      <testcase name="[sig-storage] In-tree Volumes [Driver: ceph][Feature:Volumes][Serial] [Testpattern: Inline-volume (default fs)] subPath should support existing directory" classname="Kubernetes e2e suite" time="0">
          <skipped></skipped>
      </testcase>
      <testcase name="[sig-storage] In-tree Volumes [Driver: azure-disk] [Testpattern: Dynamic PV (default fs)] subPath should fail if subpath with backstepping is outside the volume [Slow][LinuxOnly]" classname="Kubernetes e2e suite" time="0">
          <skipped></skipped>
      </testcase>
      <testcase name="[sig-network] Services GCE [Slow] should be able to create and tear down a standard-tier load balancer [Slow]" classname="Kubernetes e2e suite" time="0">
          <skipped></skipped>
      </testcase>
      <testcase name="[sig-storage] In-tree Volumes [Driver: emptydir] [Testpattern: Dynamic PV (filesystem volmode)] disruptive[Disruptive][LinuxOnly] Should test that pv written before kubelet restart is readable after restart." classname="Kubernetes e2e suite" time="0">
          <skipped></skipped>
      </testcase>
      <testcase name="[sig-storage] In-tree Volumes [Driver: nfs] [Testpattern: Pre-provisioned PV (default fs)] subPath should support file as subpath [LinuxOnly]" classname="Kubernetes e2e suite" time="0">
          <skipped></skipped>
      </testcase>
      <testcase name="[sig-storage] EmptyDir volumes should support (root,0777,default) [LinuxOnly] [NodeConformance] [Conformance]" classname="Kubernetes e2e suite" time="9.195581571"></testcase>
      <testcase name="[sig-network] Services should be able to switch session affinity for NodePort service [LinuxOnly] [Conformance]" classname="Kubernetes e2e suite" time="34.673082816">
          <failure type="Failure">/workspace/src/k8s.io/kubernetes/_output/dockerized/go/src/k8s.io/kubernetes/test/e2e/framework/framework.go:630&#xA;Jul 24 11:41:25.605: Unexpected error:&#xA;    &lt;*errors.errorString | 0xc00220ffe0&gt;: {&#xA;        s: &#34;out-of-range nodePort (22999) for service&#34;,&#xA;    }&#xA;    out-of-range nodePort (22999) for service&#xA;occurred&#xA;/workspace/src/k8s.io/kubernetes/_output/dockerized/go/src/k8s.io/kubernetes/test/e2e/network/service.go:2926</failure>
          <system-out>[BeforeEach] [sig-network] Services&#xA;  /workspace/src/k8s.io/kubernetes/_output/dockerized/go/src/k8s.io/kubernetes/test/e2e/framework/framework.go:185&#xA;STEP: Creating a kubernetes client&#xA;Jul 24 11:41:04.788: INFO: &gt;&gt;&gt; kubeConfig: /tmp/kubeconfig-821373319&#xA;STEP: Building a namespace api object, basename services&#xA;STEP: Waiting for a default service account to be provisioned in namespace&#xA;[BeforeEach] [sig-network] Services&#xA;  /workspace/src/k8s.io/kubernetes/_output/dockerized/go/src/k8s.io/kubernetes/test/e2e/network/service.go:749&#xA;[It] should be able to switch session affinity for NodePort service [LinuxOnly] [Conformance]&#xA;  /workspace/src/k8s.io/kubernetes/_output/dockerized/go/src/k8s.io/kubernetes/test/e2e/framework/framework.go:630&#xA;STEP: creating service in namespace services-4582&#xA;STEP: creating service affinity-nodeport-transition in namespace services-4582&#xA;STEP: creating replication controller affinity-nodeport-transition in namespace services-4582&#xA;Jul 24 11:41:17.382: INFO: Creating new exec pod&#xA;Jul 24 11:41:25.605: FAIL: Unexpected error:&#xA;    &lt;*errors.errorString | 0xc00220ffe0&gt;: {&#xA;        s: &#34;out-of-range nodePort (22999) for service&#34;,&#xA;    }&#xA;    out-of-range nodePort (22999) for service&#xA;occurred&#xA;&#xA;Full Stack Trace&#xA;k8s.io/kubernetes/test/e2e/network.execAffinityTestForNonLBServiceWithOptionalTransition(0xc000fbf4a0, 0x79ac4c8, 0xc001e7af20, 0xc001473900, 0x1)&#xA;&#x9;/workspace/src/k8s.io/kubernetes/_output/dockerized/go/src/k8s.io/kubernetes/test/e2e/network/service.go:2926 +0x625&#xA;k8s.io/kubernetes/test/e2e/network.execAffinityTestForNonLBServiceWithTransition(...)&#xA;&#x9;/workspace/src/k8s.io/kubernetes/_output/dockerized/go/src/k8s.io/kubernetes/test/e2e/network/service.go:2877&#xA;k8s.io/kubernetes/test/e2e/network.glob..func24.27()&#xA;&#x9;/workspace/src/k8s.io/kubernetes/_output/dockerized/go/src/k8s.io/kubernetes/test/e2e/network/service.go:1883 +0xa5&#xA;k8s.io/kubernetes/test/e2e.RunE2ETests(0xc0005db200)&#xA;&#x9;_output/dockerized/go/src/k8s.io/kubernetes/test/e2e/e2e.go:130 +0x36c&#xA;k8s.io/kubernetes/test/e2e.TestE2E(0xc0005db200)&#xA;&#x9;_output/dockerized/go/src/k8s.io/kubernetes/test/e2e/e2e_test.go:136 +0x2b&#xA;testing.tRunner(0xc0005db200, 0x72d52f0)&#xA;&#x9;/usr/local/go/src/testing/testing.go:1193 +0xef&#xA;created by testing.(*T).Run&#xA;&#x9;/usr/local/go/src/testing/testing.go:1238 +0x2b3&#xA;Jul 24 11:41:25.606: INFO: Cleaning up the exec pod&#xA;STEP: deleting ReplicationController affinity-nodeport-transition in namespace services-4582, will wait for the garbage collector to delete the pods&#xA;Jul 24 11:41:26.446: INFO: Deleting ReplicationController affinity-nodeport-transition took: 223.229896ms&#xA;Jul 24 11:41:27.147: INFO: Terminating ReplicationController affinity-nodeport-transition pods took: 701.005662ms&#xA;[AfterEach] [sig-network] Services&#xA;  /workspace/src/k8s.io/kubernetes/_output/dockerized/go/src/k8s.io/kubernetes/test/e2e/framework/framework.go:186&#xA;STEP: Collecting events from namespace &#34;services-4582&#34;.&#xA;STEP: Found 23 events.&#xA;Jul 24 11:41:34.764: INFO: At 2022-07-24 11:41:05 +0000 UTC - event for affinity-nodeport-transition: {replication-controller } SuccessfulCreate: Created pod: affinity-nodeport-transition-hxqs8&#xA;Jul 24 11:41:34.765: INFO: At 2022-07-24 11:41:05 +0000 UTC - event for affinity-nodeport-transition: {replication-controller } SuccessfulCreate: Created pod: affinity-nodeport-transition-rhtj4&#xA;Jul 24 11:41:34.765: INFO: At 2022-07-24 11:41:05 +0000 UTC - event for affinity-nodeport-transition: {replication-controller } SuccessfulCreate: Created pod: affinity-nodeport-transition-htw2j&#xA;Jul 24 11:41:34.765: INFO: At 2022-07-24 11:41:05 +0000 UTC - event for affinity-nodeport-transition-htw2j: {default-scheduler } Scheduled: Successfully assigned services-4582/affinity-nodeport-transition-htw2j to kubernetes-node-02&#xA;Jul 24 11:41:34.765: INFO: At 2022-07-24 11:41:05 +0000 UTC - event for affinity-nodeport-transition-hxqs8: {default-scheduler } Scheduled: Successfully assigned services-4582/affinity-nodeport-transition-hxqs8 to kubernetes-node-01&#xA;Jul 24 11:41:34.765: INFO: At 2022-07-24 11:41:05 +0000 UTC - event for affinity-nodeport-transition-rhtj4: {default-scheduler } Scheduled: Successfully assigned services-4582/affinity-nodeport-transition-rhtj4 to kubernetes-node-01&#xA;Jul 24 11:41:34.765: INFO: At 2022-07-24 11:41:09 +0000 UTC - event for affinity-nodeport-transition-htw2j: {kubelet kubernetes-node-02} Pulled: Container image &#34;k8s.gcr.io/e2e-test-images/agnhost:2.32&#34; already present on machine&#xA;Jul 24 11:41:34.765: INFO: At 2022-07-24 11:41:11 +0000 UTC - event for affinity-nodeport-transition-hxqs8: {kubelet kubernetes-node-01} Pulled: Container image &#34;k8s.gcr.io/e2e-test-images/agnhost:2.32&#34; already present on machine&#xA;Jul 24 11:41:34.765: INFO: At 2022-07-24 11:41:12 +0000 UTC - event for affinity-nodeport-transition-htw2j: {kubelet kubernetes-node-02} Created: Created container affinity-nodeport-transition&#xA;Jul 24 11:41:34.765: INFO: At 2022-07-24 11:41:12 +0000 UTC - event for affinity-nodeport-transition-htw2j: {kubelet kubernetes-node-02} Started: Started container affinity-nodeport-transition&#xA;Jul 24 11:41:34.765: INFO: At 2022-07-24 11:41:12 +0000 UTC - event for affinity-nodeport-transition-rhtj4: {kubelet kubernetes-node-01} Pulled: Container image &#34;k8s.gcr.io/e2e-test-images/agnhost:2.32&#34; already present on machine&#xA;Jul 24 11:41:34.765: INFO: At 2022-07-24 11:41:13 +0000 UTC - event for affinity-nodeport-transition-hxqs8: {kubelet kubernetes-node-01} Created: Created container affinity-nodeport-transition&#xA;Jul 24 11:41:34.767: INFO: At 2022-07-24 11:41:15 +0000 UTC - event for affinity-nodeport-transition-hxqs8: {kubelet kubernetes-node-01} Started: Started container affinity-nodeport-transition&#xA;Jul 24 11:41:34.767: INFO: At 2022-07-24 11:41:15 +0000 UTC - event for affinity-nodeport-transition-rhtj4: {kubelet kubernetes-node-01} Created: Created container affinity-nodeport-transition&#xA;Jul 24 11:41:34.767: INFO: At 2022-07-24 11:41:15 +0000 UTC - event for affinity-nodeport-transition-rhtj4: {kubelet kubernetes-node-01} Started: Started container affinity-nodeport-transition&#xA;Jul 24 11:41:34.767: INFO: At 2022-07-24 11:41:17 +0000 UTC - event for execpod-affinitytm85w: {default-scheduler } Scheduled: Successfully assigned services-4582/execpod-affinitytm85w to kubernetes-node-01&#xA;Jul 24 11:41:34.767: INFO: At 2022-07-24 11:41:21 +0000 UTC - event for execpod-affinitytm85w: {kubelet kubernetes-node-01} Pulled: Container image &#34;k8s.gcr.io/e2e-test-images/agnhost:2.32&#34; already present on machine&#xA;Jul 24 11:41:34.767: INFO: At 2022-07-24 11:41:23 +0000 UTC - event for execpod-affinitytm85w: {kubelet kubernetes-node-01} Created: Created container agnhost-container&#xA;Jul 24 11:41:34.767: INFO: At 2022-07-24 11:41:24 +0000 UTC - event for execpod-affinitytm85w: {kubelet kubernetes-node-01} Started: Started container agnhost-container&#xA;Jul 24 11:41:34.767: INFO: At 2022-07-24 11:41:26 +0000 UTC - event for affinity-nodeport-transition-htw2j: {kubelet kubernetes-node-02} Killing: Stopping container affinity-nodeport-transition&#xA;Jul 24 11:41:34.767: INFO: At 2022-07-24 11:41:27 +0000 UTC - event for affinity-nodeport-transition-hxqs8: {kubelet kubernetes-node-01} Killing: Stopping container affinity-nodeport-transition&#xA;Jul 24 11:41:34.767: INFO: At 2022-07-24 11:41:27 +0000 UTC - event for affinity-nodeport-transition-rhtj4: {kubelet kubernetes-node-01} Killing: Stopping container affinity-nodeport-transition&#xA;Jul 24 11:41:34.767: INFO: At 2022-07-24 11:41:27 +0000 UTC - event for execpod-affinitytm85w: {kubelet kubernetes-node-01} Killing: Stopping container agnhost-container&#xA;Jul 24 11:41:34.846: INFO: POD  NODE  PHASE  GRACE  CONDITIONS&#xA;Jul 24 11:41:34.846: INFO: &#xA;Jul 24 11:41:35.114: INFO: &#xA;Logging node info for node k8s-node03&#xA;Jul 24 11:41:35.360: INFO: Node Info: &amp;Node{ObjectMeta:{k8s-node03    f005bf71-6041-45da-927c-72c442c8be97 5640119 0 2022-07-05 02:22:15 +0000 UTC &lt;nil&gt; &lt;nil&gt; map[beta.kubernetes.io/arch:amd64 beta.kubernetes.io/os:linux kubernetes.io/arch:amd64 kubernetes.io/hostname:k8s-node03 kubernetes.io/os:linux] map[flannel.alpha.coreos.com/backend-data:{&#34;VNI&#34;:1,&#34;VtepMAC&#34;:&#34;6a:72:10:8f:24:03&#34;} flannel.alpha.coreos.com/backend-type:vxlan flannel.alpha.coreos.com/kube-subnet-manager:true flannel.alpha.coreos.com/public-ip:192.168.132.213 kubeadm.alpha.kubernetes.io/cri-socket:/var/run/dockershim.sock node.alpha.kubernetes.io/ttl:0 volumes.kubernetes.io/controller-managed-attach-detach:true] [] []  [{kubelet Update v1 2022-07-05 02:22:15 +0000 UTC FieldsV1 {&#34;f:metadata&#34;:{&#34;f:annotations&#34;:{&#34;.&#34;:{},&#34;f:volumes.kubernetes.io/controller-managed-attach-detach&#34;:{}},&#34;f:labels&#34;:{&#34;.&#34;:{},&#34;f:beta.kubernetes.io/arch&#34;:{},&#34;f:beta.kubernetes.io/os&#34;:{},&#34;f:kubernetes.io/arch&#34;:{},&#34;f:kubernetes.io/hostname&#34;:{},&#34;f:kubernetes.io/os&#34;:{}}}} } {kubeadm Update v1 2022-07-05 02:22:20 +0000 UTC FieldsV1 {&#34;f:metadata&#34;:{&#34;f:annotations&#34;:{&#34;f:kubeadm.alpha.kubernetes.io/cri-socket&#34;:{}}}} } {flanneld Update v1 2022-07-05 02:25:35 +0000 UTC FieldsV1 {&#34;f:metadata&#34;:{&#34;f:annotations&#34;:{&#34;f:flannel.alpha.coreos.com/backend-data&#34;:{},&#34;f:flannel.alpha.coreos.com/backend-type&#34;:{},&#34;f:flannel.alpha.coreos.com/kube-subnet-manager&#34;:{},&#34;f:flannel.alpha.coreos.com/public-ip&#34;:{}}},&#34;f:status&#34;:{&#34;f:conditions&#34;:{&#34;k:{\&#34;type\&#34;:\&#34;NetworkUnavailable\&#34;}&#34;:{&#34;.&#34;:{},&#34;f:lastHeartbeatTime&#34;:{},&#34;f:lastTransitionTime&#34;:{},&#34;f:message&#34;:{},&#34;f:reason&#34;:{},&#34;f:status&#34;:{},&#34;f:type&#34;:{}}}}} status} {e2e.test Update v1 2022-07-10 14:18:07 +0000 UTC FieldsV1 {&#34;f:status&#34;:{&#34;f:capacity&#34;:{&#34;f:example.com/fakecpu&#34;:{}}}} status} {kubelet Update v1 2022-07-10 14:40:35 +0000 UTC FieldsV1 {&#34;f:status&#34;:{&#34;f:allocatable&#34;:{&#34;f:ephemeral-storage&#34;:{},&#34;f:example.com/fakecpu&#34;:{}},&#34;f:capacity&#34;:{&#34;f:ephemeral-storage&#34;:{}},&#34;f:conditions&#34;:{&#34;k:{\&#34;type\&#34;:\&#34;DiskPressure\&#34;}&#34;:{&#34;f:lastHeartbeatTime&#34;:{}},&#34;k:{\&#34;type\&#34;:\&#34;MemoryPressure\&#34;}&#34;:{&#34;f:lastHeartbeatTime&#34;:{}},&#34;k:{\&#34;type\&#34;:\&#34;PIDPressure\&#34;}&#34;:{&#34;f:lastHeartbeatTime&#34;:{}},&#34;k:{\&#34;type\&#34;:\&#34;Ready\&#34;}&#34;:{&#34;f:lastHeartbeatTime&#34;:{},&#34;f:lastTransitionTime&#34;:{},&#34;f:message&#34;:{},&#34;f:reason&#34;:{},&#34;f:status&#34;:{}}},&#34;f:images&#34;:{}}} status} {kube-controller-manager Update v1 2022-07-24 11:39:00 +0000 UTC FieldsV1 {&#34;f:metadata&#34;:{&#34;f:annotations&#34;:{&#34;f:node.alpha.kubernetes.io/ttl&#34;:{}}},&#34;f:spec&#34;:{&#34;f:podCIDR&#34;:{},&#34;f:podCIDRs&#34;:{&#34;.&#34;:{},&#34;v:\&#34;10.244.1.0/24\&#34;&#34;:{}}}} }]},Spec:NodeSpec{PodCIDR:10.244.1.0/24,DoNotUseExternalID:,ProviderID:,Unschedulable:false,Taints:[]Taint{},ConfigSource:nil,PodCIDRs:[10.244.1.0/24],},Status:NodeStatus{Capacity:ResourceList{cpu: {{8 0} {&lt;nil&gt;} 8 DecimalSI},ephemeral-storage: {{209930366976 0} {&lt;nil&gt;} 205010124Ki BinarySI},example.com/fakecpu: {{1 3} {&lt;nil&gt;} 1k DecimalSI},hugepages-1Gi: {{0 0} {&lt;nil&gt;} 0 DecimalSI},hugepages-2Mi: {{0 0} {&lt;nil&gt;} 0 DecimalSI},memory: {{16656281600 0} {&lt;nil&gt;} 16265900Ki BinarySI},pods: {{110 0} {&lt;nil&gt;} 110 DecimalSI},},Allocatable:ResourceList{cpu: {{8 0} {&lt;nil&gt;} 8 DecimalSI},ephemeral-storage: {{188937329966 0} {&lt;nil&gt;} 188937329966 DecimalSI},example.com/fakecpu: {{1 3} {&lt;nil&gt;} 1k DecimalSI},hugepages-1Gi: {{0 0} {&lt;nil&gt;} 0 DecimalSI},hugepages-2Mi: {{0 0} {&lt;nil&gt;} 0 DecimalSI},memory: {{16551424000 0} {&lt;nil&gt;} 16163500Ki BinarySI},pods: {{110 0} {&lt;nil&gt;} 110 DecimalSI},},Phase:,Conditions:[]NodeCondition{NodeCondition{Type:NetworkUnavailable,Status:False,LastHeartbeatTime:2022-07-10 14:28:16 +0000 UTC,LastTransitionTime:2022-07-10 14:28:16 +0000 UTC,Reason:FlannelIsUp,Message:Flannel is running on this node,},NodeCondition{Type:MemoryPressure,Status:False,LastHeartbeatTime:2022-07-24 11:41:04 +0000 UTC,LastTransitionTime:2022-07-05 02:22:48 +0000 UTC,Reason:KubeletHasSufficientMemory,Message:kubelet has sufficient memory available,},NodeCondition{Type:DiskPressure,Status:False,LastHeartbeatTime:2022-07-24 11:41:04 +0000 UTC,LastTransitionTime:2022-07-05 02:22:48 +0000 UTC,Reason:KubeletHasNoDiskPressure,Message:kubelet has no disk pressure,},NodeCondition{Type:PIDPressure,Status:False,LastHeartbeatTime:2022-07-24 11:41:04 +0000 UTC,LastTransitionTime:2022-07-05 02:22:48 +0000 UTC,Reason:KubeletHasSufficientPID,Message:kubelet has sufficient PID available,},NodeCondition{Type:Ready,Status:True,LastHeartbeatTime:2022-07-24 11:41:04 +0000 UTC,LastTransitionTime:2022-07-24 11:41:04 +0000 UTC,Reason:KubeletReady,Message:kubelet is posting ready status,},},Addresses:[]NodeAddress{NodeAddress{Type:InternalIP,Address:192.168.132.213,},NodeAddress{Type:Hostname,Address:k8s-node03,},},DaemonEndpoints:NodeDaemonEndpoints{KubeletEndpoint:DaemonEndpoint{Port:10250,},},NodeInfo:NodeSystemInfo{MachineID:5c4f44645c224c32b2e13018f4b1e6fe,SystemUUID:363F4D56-1C03-892D-B6DD-88BC8E04D266,BootID:cd76da84-f7b8-4e6c-b632-bf887a8547ba,KernelVersion:3.10.0-1160.el7.x86_64,OSImage:CentOS Linux 7 (Core),ContainerRuntimeVersion:docker://20.10.12,KubeletVersion:v1.22.3,KubeProxyVersion:v1.22.3,OperatingSystem:linux,Architecture:amd64,},Images:[]ContainerImage{ContainerImage{Names:[k8s.gcr.io/e2e-test-images/cuda-vector-add:2.2],SizeBytes:2579956550,},ContainerImage{Names:[k8s.gcr.io/e2e-test-images/cuda-vector-add:1.0],SizeBytes:2047006036,},ContainerImage{Names:[gcr.io/kubernetes-e2e-test-images/cuda-vector-add:1.0],SizeBytes:2016942040,},ContainerImage{Names:[registry.cn-qingdao.aliyuncs.com/metersphere/seleniarm-grid-all:4.1.4-20220519],SizeBytes:1904652549,},ContainerImage{Names:[k8s.gcr.io/e2e-test-images/node-perf/tf-wide-deep:1.1],SizeBytes:1631128450,},ContainerImage{Names:[harbor.moresec.cn/ksp/webshell_srv@sha256:52331f042d9b722692b7d1e7d39bad602f0755a948b8a439b4a27c4c0fae045f harbor.moresec.cn/ksp/webshell_srv:2.2.0 harbor.moresec.cn/ksp/webshell_srv:latest],SizeBytes:981080070,},ContainerImage{Names:[golang@sha256:e06c83493ef6d69c95018da90f2887bf337470db074d3c648b8b648d8e3c441e golang:latest],SizeBytes:940801393,},ContainerImage{Names:[k8s.gcr.io/e2e-test-images/perl:5.26],SizeBytes:853225645,},ContainerImage{Names:[k8s.gcr.io/e2e-test-images/volume/rbd:1.0.3],SizeBytes:751897580,},ContainerImage{Names:[istio/examples-bookinfo-reviews-v1@sha256:d1b8447be70549f1f7303f266d88c16112e2695cc110603fdb1c8ee432a627bf istio/examples-bookinfo-reviews-v1:1.16.2],SizeBytes:693666078,},ContainerImage{Names:[docker-dev.moresec.cn:10443/ksp/sc_worker@sha256:3a05b8285428e9559bc9cf50da00e8239dac3c86882dce41965debd7ec996362 harbor.moresec.cn/sca_k8s/sc_worker@sha256:3a05b8285428e9559bc9cf50da00e8239dac3c86882dce41965debd7ec996362 docker-dev.moresec.cn:10443/ksp/sc_worker:1.2.4 harbor.moresec.cn/sca_k8s/sc_worker:1.2.4],SizeBytes:649910709,},ContainerImage{Names:[docker-dev.moresec.cn:10443/ksp/ksp_init@sha256:9e658148b745bcc5131d6f68e0d2d7388c27faf5bc861b13e8272fdaeb4408b1 docker-dev.moresec.cn:10443/ksp/ksp_init:2.1.0],SizeBytes:628261780,},ContainerImage{Names:[registry.cn-qingdao.aliyuncs.com/metersphere/metersphere:v1.20.6-lts],SizeBytes:610265209,},ContainerImage{Names:[harbor.moresec.cn/ksp/ksp_agent@sha256:c1932469dedf0835e9ad565f029513d9c0d005811f0832bfb7b661f7483ac72c],SizeBytes:602699860,},ContainerImage{Names:[docker-dev.moresec.cn:10443/ksp/ksp_agent@sha256:5334579fdffbc7898576b6fa09dee2011dafdc9b1fc0fa3f4856fb5c4ae4930b docker-dev.moresec.cn:10443/ksp/ksp_agent:latest],SizeBytes:602398865,},ContainerImage{Names:[registry.cn-qingdao.aliyuncs.com/metersphere/kafka:2],SizeBytes:584842926,},ContainerImage{Names:[docker-dev.moresec.cn:10443/ksp/kafka@sha256:33751847bde5c37fe0f329b73ed12ee92eeb27783035d91b03ffdb93c3e6fb65 docker-dev.moresec.cn:10443/ksp/kafka:2.8.1],SizeBytes:584811800,},ContainerImage{Names:[registry.cn-qingdao.aliyuncs.com/metersphere/jmeter-master:5.4.3-ms6-jdk11],SizeBytes:575005331,},ContainerImage{Names:[kennethreitz/httpbin@sha256:599fe5e5073102dbb0ee3dbb65f049dab44fa9fc251f6835c9990f8fb196a72b kennethreitz/httpbin:latest],SizeBytes:533651313,},ContainerImage{Names:[registry.cn-qingdao.aliyuncs.com/metersphere/ms-node-controller:v1.20.6-lts],SizeBytes:530934282,},ContainerImage{Names:[bitnami/fluentd@sha256:573b98fb93057d1fd484724253d445f76dfbf1b3f68816b0414e75e07d84dfb4 harbor.moresec.cn/ksp/fluentd@sha256:573b98fb93057d1fd484724253d445f76dfbf1b3f68816b0414e75e07d84dfb4 bitnami/fluentd:1.14.2-debian-10-r9 harbor.moresec.cn/ksp/fluentd:1.14.2-debian-10-r9],SizeBytes:508732919,},ContainerImage{Names:[harbor.moresec.cn/ksp/ksp_agent@sha256:f96a653e88fcf5b71a82e603da3ace5e774c9dd4e37dcdfc7a1db3ce87267245 harbor.moresec.cn/ksp/ksp_agent:latest],SizeBytes:495969065,},ContainerImage{Names:[harbor.moresec.cn/ksp/ksp_agent@sha256:62d75a6961ee50b7bbea1eeb9a835b8809fbf868cda8ea7e30c57a871fe36ae4],SizeBytes:495943489,},ContainerImage{Names:[harbor.moresec.cn/ksp/ksp_agent@sha256:4244293c22c6871d040fd67f559b8d44a93291a5c83c8f8ebb541fdb077fbc77],SizeBytes:495920142,},ContainerImage{Names:[harbor.moresec.cn/ksp/ksp_agent@sha256:fcc1e1c17304da836dad3777e003799b77df4b754168079b43b23e7dfd8e2921],SizeBytes:495919990,},ContainerImage{Names:[docker-dev.moresec.cn:10443/ksp/ksp_agent@sha256:36abcc9dd9a4fd2ee9cc6a7332df5e906d9d785e8100e7cc252fa18880c9bf3f docker-dev.moresec.cn:10443/ksp/ksp_agent:2.1.0],SizeBytes:491617343,},ContainerImage{Names:[docker-dev.moresec.cn:10443/ksp/ksp_agent@sha256:70debd6986cfcb0361a0220aa9a3df8f74f3ab7cd097450bfedeb1d1f125021e docker-dev.moresec.cn:10443/ksp/ksp_agent:debug],SizeBytes:491553819,},ContainerImage{Names:[tomcat@sha256:8ba062f472d7dbde11458d257f3a251af89c38bf96f0b9b60683ff440491cb5c tomcat:8],SizeBytes:481266517,},ContainerImage{Names:[192.168.132.114/iast/iast@sha256:d70b9b55f733826235411c55b7da72d79ad3981653665b0fcd9cfd8c2375d795 192.168.132.114/iast/iast:latest],SizeBytes:479554901,},ContainerImage{Names:[docker-dev.moresec.cn:10443/ksp/influxdb@sha256:4d688fb9837fcfb84ac4cdd65215e06c2c98cac743ffbbddde8a735d4ef1f707 docker-dev.moresec.cn:10443/ksp/influxdb:2.0.9-debian-10-r5],SizeBytes:468207544,},ContainerImage{Names:[docker-dev.moresec.cn:10443/ksp/zookeeper@sha256:3f077ee4e6b2ff601c2344b1bd007e752ad3ca66550eaf41604e290a02bb92c7 docker-dev.moresec.cn:10443/ksp/zookeeper:3.7.0-debian-10-r68],SizeBytes:468025553,},ContainerImage{Names:[docker-dev.moresec.cn:10443/ksp/zookeeper@sha256:48d32c70549cdddb608dea0b66ce3d9472e20794cf295a6c32df0c37df3a14c1 docker-dev.moresec.cn:10443/ksp/zookeeper:3.6.3],SizeBytes:467282205,},ContainerImage{Names:[harbor.moresec.cn/ksp/mongodb@sha256:fd56fed5a87feb1a9f18e7d31362518a30b7a31fa053e0d6faca281e223d75ce harbor.moresec.cn/ksp/mongodb:4.4.5-debian-10-r0],SizeBytes:453660053,},ContainerImage{Names:[registry.cn-qingdao.aliyuncs.com/metersphere/zookeeper:3],SizeBytes:450669889,},ContainerImage{Names:[jenkins/inbound-agent@sha256:fd03ca26dbc0745eef54d0919df1f4d030d0bb5da8befaad84bd22f649f1e26b jenkins/inbound-agent:4.11-1-jdk8],SizeBytes:449034389,},ContainerImage{Names:[registry.cn-qingdao.aliyuncs.com/metersphere/mysql:5.7.33],SizeBytes:448709496,},ContainerImage{Names:[harbor.moresec.cn/ksp/sav_service@sha256:1cded1904d167b240f4821e7bc63745478991000e7715d5c4eecc134c25bb8ad harbor.moresec.cn/ksp/sav_service:2.2.0 harbor.moresec.cn/ksp/sav_service:latest],SizeBytes:434790033,},ContainerImage{Names:[harbor.moresec.cn/ksp/ksp_agent@sha256:0fa5495795843bd5d69156d87b2d1c8ba34758af85fcd472ec6ad0daba56fe26],SizeBytes:433527765,},ContainerImage{Names:[harbor.moresec.cn/ksp/ksp_agent@sha256:7fc828e5732309187da20a9a025a142f8229f04087601a9fad119c3724ab6e92 harbor.moresec.cn/ksp/ksp_agent:2.2.0],SizeBytes:433527765,},ContainerImage{Names:[harbor.moresec.cn/ksp/ksp_agent@sha256:b6455a0f39f08b39b5ee701bbcfb11edb8484478bfe44f30a3a48f041ea504b1],SizeBytes:433527765,},ContainerImage{Names:[k8s.gcr.io/e2e-test-images/volume/iscsi:2.2],SizeBytes:414158129,},ContainerImage{Names:[k8s.gcr.io/sig-storage/nfs-provisioner:v2.2.2],SizeBytes:391702539,},ContainerImage{Names:[docker-dev.moresec.cn:10443/ksp/ksp_agent@sha256:fee3f2661f343139839f62ece13d4749d6f6d03aa748ce4467c7ed97eeca36ed docker-dev.moresec.cn:10443/ksp/ksp_agent:1.4.1],SizeBytes:391574036,},ContainerImage{Names:[kubesphere/ks-installer@sha256:749f1ed10c672ae460f79932553ac5ba321b98df972b778041dc2cc7402dd478 kubesphere/ks-installer:v3.2.1],SizeBytes:383453543,},ContainerImage{Names:[k8s.gcr.io/e2e-test-images/glusterdynamic-provisioner:v1.0],SizeBytes:373269502,},ContainerImage{Names:[k8s.gcr.io/e2e-test-images/volume/gluster:1.2],SizeBytes:340272046,},ContainerImage{Names:[bitnami/fluentd@sha256:1929a66b95c98cc074242933b9367e1194724c5e7019d0c9738523ab6af8f097 bitnami/fluentd:latest],SizeBytes:339523678,},ContainerImage{Names:[sonobuoy/systemd-logs:v0.4],SizeBytes:314068873,},ContainerImage{Names:[registry.cn-qingdao.aliyuncs.com/metersphere/ms-data-streaming:v1.20.6-lts],SizeBytes:306751358,},ContainerImage{Names:[docker-dev.moresec.cn:10443/ksp/mysql@sha256:1a52fad24c8d9c47d9563773bf2fd6618cab64a2e7054a32c62d7ff83047d432 docker-dev.moresec.cn:10443/ksp/mysql:5.7.34],SizeBytes:296256317,},},VolumesInUse:[],VolumesAttached:[]AttachedVolume{},Config:nil,},}&#xA;Jul 24 11:41:35.362: INFO: &#xA;Logging kubelet events for node k8s-node03&#xA;Jul 24 11:41:35.381: INFO: &#xA;Logging pods the kubelet thinks is on node k8s-node03&#xA;Jul 24 11:41:35.507: INFO: mytomcat-bb7b6978b-4strb started at 2022-07-14 09:47:13 +0000 UTC (0+1 container statuses recorded)&#xA;Jul 24 11:41:35.507: INFO: &#x9;Container mytomcat ready: true, restart count 0&#xA;Jul 24 11:41:35.507: INFO: ksp-web-6544f958bf-kg5jx started at 2022-07-20 02:40:22 +0000 UTC (0+1 container statuses recorded)&#xA;Jul 24 11:41:35.507: INFO: &#x9;Container web ready: true, restart count 0&#xA;Jul 24 11:41:35.507: INFO: ksp-cluster-agent-7fb968c996-fxb7g started at 2022-07-20 11:56:22 +0000 UTC (0+1 container statuses recorded)&#xA;Jul 24 11:41:35.507: INFO: &#x9;Container cluster-agent ready: true, restart count 11&#xA;Jul 24 11:41:35.507: INFO: static-web started at 2022-07-12 05:43:17 +0000 UTC (0+1 container statuses recorded)&#xA;Jul 24 11:41:35.507: INFO: &#x9;Container web ready: true, restart count 0&#xA;Jul 24 11:41:35.507: INFO: mytomcat-bb7b6978b-9p9m7 started at 2022-07-14 09:47:13 +0000 UTC (0+1 container statuses recorded)&#xA;Jul 24 11:41:35.507: INFO: &#x9;Container mytomcat ready: true, restart count 0&#xA;Jul 24 11:41:35.507: INFO: mytomcat-bb7b6978b-b7mp4 started at 2022-07-14 09:47:13 +0000 UTC (0+1 container statuses recorded)&#xA;Jul 24 11:41:35.507: INFO: &#x9;Container mytomcat ready: true, restart count 0&#xA;Jul 24 11:41:35.507: INFO: mytomcat-bb7b6978b-g9tgt started at 2022-07-14 09:47:13 +0000 UTC (0+1 container statuses recorded)&#xA;Jul 24 11:41:35.507: INFO: &#x9;Container mytomcat ready: true, restart count 0&#xA;Jul 24 11:41:35.507: INFO: mytomcat-bb7b6978b-55lfk started at 2022-07-14 09:47:13 +0000 UTC (0+1 container statuses recorded)&#xA;Jul 24 11:41:35.507: INFO: &#x9;Container mytomcat ready: true, restart count 0&#xA;Jul 24 11:41:35.507: INFO: ksp-mongodb-0 started at 2022-07-10 14:28:11 +0000 UTC (0+1 container statuses recorded)&#xA;Jul 24 11:41:35.507: INFO: &#x9;Container mongodb ready: true, restart count 0&#xA;Jul 24 11:41:35.507: INFO: sonobuoy-systemd-logs-daemon-set-bb55de94825d4876-wswjk started at 2022-07-24 11:16:54 +0000 UTC (0+2 container statuses recorded)&#xA;Jul 24 11:41:35.507: INFO: &#x9;Container sonobuoy-worker ready: true, restart count 0&#xA;Jul 24 11:41:35.507: INFO: &#x9;Container systemd-logs ready: true, restart count 0&#xA;Jul 24 11:41:35.507: INFO: node-exporter-f9m2n started at 2022-07-08 03:28:45 +0000 UTC (0+2 container statuses recorded)&#xA;Jul 24 11:41:35.507: INFO: &#x9;Container kube-rbac-proxy ready: true, restart count 0&#xA;Jul 24 11:41:35.507: INFO: &#x9;Container node-exporter ready: true, restart count 0&#xA;Jul 24 11:41:35.507: INFO: ksp-cluster-manager-67476c9b6c-7slls started at 2022-07-20 02:40:20 +0000 UTC (0+1 container statuses recorded)&#xA;Jul 24 11:41:35.507: INFO: &#x9;Container cluster-manager ready: true, restart count 8&#xA;Jul 24 11:41:35.507: INFO: nginx-deployment-66b6c48dd5-2kksf started at 2022-07-20 02:40:22 +0000 UTC (0+1 container statuses recorded)&#xA;Jul 24 11:41:35.507: INFO: &#x9;Container nginx ready: true, restart count 0&#xA;Jul 24 11:41:35.507: INFO: ksp-account-647659d74f-vq9lh started at 2022-07-20 02:40:23 +0000 UTC (0+2 container statuses recorded)&#xA;Jul 24 11:41:35.507: INFO: &#x9;Container account-gateway ready: true, restart count 0&#xA;Jul 24 11:41:35.507: INFO: &#x9;Container account-server ready: true, restart count 0&#xA;Jul 24 11:41:35.507: INFO: kube-proxy-wr6vf started at 2022-07-05 02:22:49 +0000 UTC (0+1 container statuses recorded)&#xA;Jul 24 11:41:35.507: INFO: &#x9;Container kube-proxy ready: true, restart count 0&#xA;Jul 24 11:41:35.507: INFO: ksp-image-scanner-855f89657c-2gr9n started at 2022-07-18 06:47:00 +0000 UTC (0+3 container statuses recorded)&#xA;Jul 24 11:41:35.507: INFO: &#x9;Container image-scanner ready: true, restart count 0&#xA;Jul 24 11:41:35.507: INFO: &#x9;Container sav-service ready: true, restart count 0&#xA;Jul 24 11:41:35.507: INFO: &#x9;Container webshell-srv ready: true, restart count 0&#xA;Jul 24 11:41:35.507: INFO: metrics-server-687cb5444-nsqpc started at 2022-07-20 02:40:22 +0000 UTC (0+1 container statuses recorded)&#xA;Jul 24 11:41:35.507: INFO: &#x9;Container metrics-server ready: true, restart count 3&#xA;Jul 24 11:41:35.507: INFO: ksp-gateway-5d5784b6ff-jdwgp started at 2022-07-20 11:56:20 +0000 UTC (0+1 container statuses recorded)&#xA;Jul 24 11:41:35.507: INFO: &#x9;Container gateway ready: true, restart count 7&#xA;Jul 24 11:41:35.507: INFO: kube-flannel-ds-9bdvn started at 2022-07-10 14:28:10 +0000 UTC (2+1 container statuses recorded)&#xA;Jul 24 11:41:35.507: INFO: &#x9;Init container install-cni-plugin ready: true, restart count 0&#xA;Jul 24 11:41:35.507: INFO: &#x9;Init container install-cni ready: true, restart count 0&#xA;Jul 24 11:41:35.507: INFO: &#x9;Container kube-flannel ready: true, restart count 0&#xA;Jul 24 11:41:35.507: INFO: ubuntu-deployment-docker-sock-f7dc65cf-bh4cm started at 2022-07-15 07:29:35 +0000 UTC (0+1 container statuses recorded)&#xA;Jul 24 11:41:35.507: INFO: &#x9;Container ubuntu-docker-sock ready: true, restart count 0&#xA;Jul 24 11:41:35.507: INFO: gatekeeper-controller-manager-6566df6878-tsd9p started at 2022-07-20 02:40:21 +0000 UTC (0+1 container statuses recorded)&#xA;Jul 24 11:41:35.507: INFO: &#x9;Container manager ready: true, restart count 0&#xA;Jul 24 11:41:36.693: INFO: &#xA;Latency metrics for node k8s-node03&#xA;Jul 24 11:41:36.693: INFO: &#xA;Logging node info for node kubernetes-master&#xA;Jul 24 11:41:36.926: INFO: Node Info: &amp;Node{ObjectMeta:{kubernetes-master    3aced625-2825-4266-8394-8b39739b3fbd 5637751 0 2022-07-05 02:21:30 +0000 UTC &lt;nil&gt; &lt;nil&gt; map[beta.kubernetes.io/arch:amd64 beta.kubernetes.io/os:linux kubernetes.io/arch:amd64 kubernetes.io/hostname:kubernetes-master kubernetes.io/os:linux node-role.kubernetes.io/control-plane: node-role.kubernetes.io/master: node.kubernetes.io/exclude-from-external-load-balancers:] map[flannel.alpha.coreos.com/backend-data:{&#34;VNI&#34;:1,&#34;VtepMAC&#34;:&#34;5e:f9:56:8e:68:51&#34;} flannel.alpha.coreos.com/backend-type:vxlan flannel.alpha.coreos.com/kube-subnet-manager:true flannel.alpha.coreos.com/public-ip:192.168.132.10 kubeadm.alpha.kubernetes.io/cri-socket:/var/run/dockershim.sock node.alpha.kubernetes.io/ttl:0 volumes.kubernetes.io/controller-managed-attach-detach:true] [] []  [{kubelet Update v1 2022-07-05 02:21:30 +0000 UTC FieldsV1 {&#34;f:metadata&#34;:{&#34;f:annotations&#34;:{&#34;.&#34;:{},&#34;f:volumes.kubernetes.io/controller-managed-attach-detach&#34;:{}},&#34;f:labels&#34;:{&#34;.&#34;:{},&#34;f:beta.kubernetes.io/arch&#34;:{},&#34;f:beta.kubernetes.io/os&#34;:{},&#34;f:kubernetes.io/arch&#34;:{},&#34;f:kubernetes.io/hostname&#34;:{},&#34;f:kubernetes.io/os&#34;:{}}}} } {kubeadm Update v1 2022-07-05 02:21:36 +0000 UTC FieldsV1 {&#34;f:metadata&#34;:{&#34;f:annotations&#34;:{&#34;f:kubeadm.alpha.kubernetes.io/cri-socket&#34;:{}},&#34;f:labels&#34;:{&#34;f:node-role.kubernetes.io/control-plane&#34;:{},&#34;f:node-role.kubernetes.io/master&#34;:{},&#34;f:node.kubernetes.io/exclude-from-external-load-balancers&#34;:{}}}} } {flanneld Update v1 2022-07-05 02:25:44 +0000 UTC FieldsV1 {&#34;f:metadata&#34;:{&#34;f:annotations&#34;:{&#34;f:flannel.alpha.coreos.com/backend-data&#34;:{},&#34;f:flannel.alpha.coreos.com/backend-type&#34;:{},&#34;f:flannel.alpha.coreos.com/kube-subnet-manager&#34;:{},&#34;f:flannel.alpha.coreos.com/public-ip&#34;:{}}},&#34;f:status&#34;:{&#34;f:conditions&#34;:{&#34;k:{\&#34;type\&#34;:\&#34;NetworkUnavailable\&#34;}&#34;:{&#34;.&#34;:{},&#34;f:lastHeartbeatTime&#34;:{},&#34;f:lastTransitionTime&#34;:{},&#34;f:message&#34;:{},&#34;f:reason&#34;:{},&#34;f:status&#34;:{},&#34;f:type&#34;:{}}}}} status} {kube-controller-manager Update v1 2022-07-05 02:25:51 +0000 UTC FieldsV1 {&#34;f:metadata&#34;:{&#34;f:annotations&#34;:{&#34;f:node.alpha.kubernetes.io/ttl&#34;:{}}},&#34;f:spec&#34;:{&#34;f:podCIDR&#34;:{},&#34;f:podCIDRs&#34;:{&#34;.&#34;:{},&#34;v:\&#34;10.244.0.0/24\&#34;&#34;:{}},&#34;f:taints&#34;:{}}} } {kubelet Update v1 2022-07-06 11:03:09 +0000 UTC FieldsV1 {&#34;f:status&#34;:{&#34;f:allocatable&#34;:{&#34;f:ephemeral-storage&#34;:{}},&#34;f:conditions&#34;:{&#34;k:{\&#34;type\&#34;:\&#34;DiskPressure\&#34;}&#34;:{&#34;f:lastHeartbeatTime&#34;:{},&#34;f:lastTransitionTime&#34;:{},&#34;f:message&#34;:{},&#34;f:reason&#34;:{},&#34;f:status&#34;:{}},&#34;k:{\&#34;type\&#34;:\&#34;MemoryPressure\&#34;}&#34;:{&#34;f:lastHeartbeatTime&#34;:{}},&#34;k:{\&#34;type\&#34;:\&#34;PIDPressure\&#34;}&#34;:{&#34;f:lastHeartbeatTime&#34;:{}},&#34;k:{\&#34;type\&#34;:\&#34;Ready\&#34;}&#34;:{&#34;f:lastHeartbeatTime&#34;:{},&#34;f:lastTransitionTime&#34;:{},&#34;f:message&#34;:{},&#34;f:reason&#34;:{},&#34;f:status&#34;:{}}},&#34;f:images&#34;:{}}} status}]},Spec:NodeSpec{PodCIDR:10.244.0.0/24,DoNotUseExternalID:,ProviderID:,Unschedulable:false,Taints:[]Taint{Taint{Key:node-role.kubernetes.io/master,Value:,Effect:NoSchedule,TimeAdded:&lt;nil&gt;,},},ConfigSource:nil,PodCIDRs:[10.244.0.0/24],},Status:NodeStatus{Capacity:ResourceList{cpu: {{8 0} {&lt;nil&gt;} 8 DecimalSI},ephemeral-storage: {{64393052160 0} {&lt;nil&gt;} 61410Mi BinarySI},hugepages-1Gi: {{0 0} {&lt;nil&gt;} 0 DecimalSI},hugepages-2Mi: {{0 0} {&lt;nil&gt;} 0 DecimalSI},memory: {{16363429888 0} {&lt;nil&gt;}  BinarySI},pods: {{110 0} {&lt;nil&gt;} 110 DecimalSI},},Allocatable:ResourceList{cpu: {{8 0} {&lt;nil&gt;} 8 DecimalSI},ephemeral-storage: {{57953746849 0} {&lt;nil&gt;} 57953746849 DecimalSI},hugepages-1Gi: {{0 0} {&lt;nil&gt;} 0 DecimalSI},hugepages-2Mi: {{0 0} {&lt;nil&gt;} 0 DecimalSI},memory: {{16258572288 0} {&lt;nil&gt;}  BinarySI},pods: {{110 0} {&lt;nil&gt;} 110 DecimalSI},},Phase:,Conditions:[]NodeCondition{NodeCondition{Type:NetworkUnavailable,Status:False,LastHeartbeatTime:2022-07-20 13:10:37 +0000 UTC,LastTransitionTime:2022-07-20 13:10:37 +0000 UTC,Reason:FlannelIsUp,Message:Flannel is running on this node,},NodeCondition{Type:MemoryPressure,Status:False,LastHeartbeatTime:2022-07-24 11:37:04 +0000 UTC,LastTransitionTime:2022-07-05 02:21:27 +0000 UTC,Reason:KubeletHasSufficientMemory,Message:kubelet has sufficient memory available,},NodeCondition{Type:DiskPressure,Status:False,LastHeartbeatTime:2022-07-24 11:37:04 +0000 UTC,LastTransitionTime:2022-07-20 14:01:09 +0000 UTC,Reason:KubeletHasNoDiskPressure,Message:kubelet has no disk pressure,},NodeCondition{Type:PIDPressure,Status:False,LastHeartbeatTime:2022-07-24 11:37:04 +0000 UTC,LastTransitionTime:2022-07-05 02:21:27 +0000 UTC,Reason:KubeletHasSufficientPID,Message:kubelet has sufficient PID available,},NodeCondition{Type:Ready,Status:True,LastHeartbeatTime:2022-07-24 11:37:04 +0000 UTC,LastTransitionTime:2022-07-05 02:25:51 +0000 UTC,Reason:KubeletReady,Message:kubelet is posting ready status,},},Addresses:[]NodeAddress{NodeAddress{Type:InternalIP,Address:192.168.132.10,},NodeAddress{Type:Hostname,Address:kubernetes-master,},},DaemonEndpoints:NodeDaemonEndpoints{KubeletEndpoint:DaemonEndpoint{Port:10250,},},NodeInfo:NodeSystemInfo{MachineID:fb3827e59f7a404da989f5baad81fd64,SystemUUID:8b0a8320-771a-e911-ad96-a4bf015b202c,BootID:77d5ca0b-5426-4224-bce2-bf7a7e52dec4,KernelVersion:5.4.132-1.el7.elrepo.x86_64,OSImage:CentOS Linux 7 (Core),ContainerRuntimeVersion:docker://20.10.7,KubeletVersion:v1.22.3,KubeProxyVersion:v1.22.3,OperatingSystem:linux,Architecture:amd64,},Images:[]ContainerImage{ContainerImage{Names:[k8s.gcr.io/e2e-test-images/cuda-vector-add:2.2],SizeBytes:2579956550,},ContainerImage{Names:[k8s.gcr.io/e2e-test-images/cuda-vector-add:1.0],SizeBytes:2047006036,},ContainerImage{Names:[k8s.gcr.io/e2e-test-images/node-perf/tf-wide-deep:1.1],SizeBytes:1631128450,},ContainerImage{Names:[rancher/rancher@sha256:f411ee37efa38d7891c11ecdd5c60ca73eb03dcd32296678af808f6b4ecccfff rancher/rancher:latest],SizeBytes:1162893124,},ContainerImage{Names:[k8s.gcr.io/e2e-test-images/perl:5.26],SizeBytes:853225645,},ContainerImage{Names:[k8s.gcr.io/e2e-test-images/volume/rbd:1.0.3],SizeBytes:751897580,},ContainerImage{Names:[mongo@sha256:05678ae4e5e1df9f4b7d89c102fe55b1ef156bb8ba148b156ddb98549f8efe90 mongo:4.4],SizeBytes:438075000,},ContainerImage{Names:[harbor.moresec.cn/ksp/ksp_agent@sha256:430f8d70e0cb67a7925c6d7b4555344c478ab2130274b78e672c8ad9cad7bf2a harbor.moresec.cn/ksp/ksp_agent:laishang],SizeBytes:433318869,},ContainerImage{Names:[k8s.gcr.io/e2e-test-images/volume/iscsi:2.2],SizeBytes:414158129,},ContainerImage{Names:[k8s.gcr.io/sig-storage/nfs-provisioner:v2.2.2],SizeBytes:391702539,},ContainerImage{Names:[k8s.gcr.io/e2e-test-images/glusterdynamic-provisioner:v1.0],SizeBytes:373269502,},ContainerImage{Names:[k8s.gcr.io/e2e-test-images/volume/gluster:1.2],SizeBytes:340272046,},ContainerImage{Names:[sonobuoy/systemd-logs:v0.4],SizeBytes:314068873,},ContainerImage{Names:[192.168.132.114/tmp/evilubuntu@sha256:58336cde8066674f39fba51c804ab7c6c6dce71bf9f98f3f4153fd7fb83a2aaf 192.168.11.148/library/evilubuntu:0.1 192.168.132.114/tmp/evilubuntu:0.1],SizeBytes:305572424,},ContainerImage{Names:[registry.aliyuncs.com/google_containers/etcd@sha256:9ce33ba33d8e738a5b85ed50b5080ac746deceed4a7496c550927a7a19ca3b6d registry.cn-hangzhou.aliyuncs.com/google_containers/etcd@sha256:9ce33ba33d8e738a5b85ed50b5080ac746deceed4a7496c550927a7a19ca3b6d registry.aliyuncs.com/google_containers/etcd:3.5.0-0 registry.cn-hangzhou.aliyuncs.com/google_containers/etcd:3.5.0-0],SizeBytes:294520669,},ContainerImage{Names:[192.168.132.114/revshell/revshell@sha256:9b67dba407ee84b9c44b25000faab4b15234d348853ce5e51a7eb7dcefedcc26],SizeBytes:271797518,},ContainerImage{Names:[192.168.132.114/revshell/revshell@sha256:6d8b31f77b52acd39735757cc52d138f343fc49ea76772d4fac615d6064b5978 192.168.132.114/revshell/revshell:latest revshell:latest],SizeBytes:271797514,},ContainerImage{Names:[192.168.132.114/revshell/listen@sha256:e51b45cdcf6314fabe93ef6b0dda4062713628b951f948aac56154c2e092bd18 192.168.132.114/revshell/listen:latest listen:latest],SizeBytes:271796301,},ContainerImage{Names:[k8s.gcr.io/e2e-test-images/volume/nfs:1.2],SizeBytes:263870626,},ContainerImage{Names:[k8s.gcr.io/etcd:3.4.13-0],SizeBytes:253376083,},ContainerImage{Names:[k8s.gcr.io/e2e-test-images/jessie-dnsutils:1.4],SizeBytes:253346057,},ContainerImage{Names:[k8s.gcr.io/conformance:v1.22.3 registry.k8s.io/conformance:v1.22.3],SizeBytes:246064443,},ContainerImage{Names:[192.168.132.114/process/process@sha256:b08bcadd231b62eba8913d7f9b7ef6a54087fedec3a52607decd86aae014330a 192.168.132.114/process/process:latest process:latest],SizeBytes:231220584,},ContainerImage{Names:[centos@sha256:a27fd8080b517143cbbbab9dfb7c8571c40d67d534bbdee55bd6c473f432b177 centos:centos8 centos:latest],SizeBytes:231219825,},ContainerImage{Names:[192.168.132.114/escape/escape_stop_container@sha256:b6f5f4f397df6aa5efa07d7c33d10c905ed6356f4911492f4e02044727d3ee59 192.168.132.114/escape/escape_stop_container:latest escape_stop_container:latest],SizeBytes:178511418,},ContainerImage{Names:[192.168.132.114/micro/worker@sha256:0c3e148cec3fbf3f62b381f96dcb4b8dcfad7a8d4cf33a91d6c3a8484e156c4c 192.168.132.114/micro/worker:latest worker:latest],SizeBytes:178337313,},ContainerImage{Names:[registry.aliyuncs.com/google_containers/kube-apiserver@sha256:6ee1c59e9c1fb570e7958e267a6993988eaa22448beb70d99de7afb21e862e9d registry.cn-hangzhou.aliyuncs.com/google_containers/kube-apiserver@sha256:6ee1c59e9c1fb570e7958e267a6993988eaa22448beb70d99de7afb21e862e9d registry.aliyuncs.com/google_containers/kube-apiserver:v1.22.3 registry.cn-hangzhou.aliyuncs.com/google_containers/kube-apiserver:v1.22.3],SizeBytes:128278355,},ContainerImage{Names:[k8s.gcr.io/e2e-test-images/httpd:2.4.39-1],SizeBytes:126871615,},ContainerImage{Names:[k8s.gcr.io/e2e-test-images/agnhost:2.32],SizeBytes:125910179,},ContainerImage{Names:[k8s.gcr.io/e2e-test-images/httpd:2.4.38-1],SizeBytes:123774598,},ContainerImage{Names:[registry.aliyuncs.com/google_containers/kube-controller-manager@sha256:e67dbfd3796b7ce04fee80acb52876928c290224a91862c5849c3ab0fa31ca78 registry.cn-hangzhou.aliyuncs.com/google_containers/kube-controller-manager@sha256:e67dbfd3796b7ce04fee80acb52876928c290224a91862c5849c3ab0fa31ca78 registry.aliyuncs.com/google_containers/kube-controller-manager:v1.22.3 registry.cn-hangzhou.aliyuncs.com/google_containers/kube-controller-manager:v1.22.3],SizeBytes:121966693,},ContainerImage{Names:[k8s.gcr.io/e2e-test-images/nautilus:1.4],SizeBytes:121728153,},ContainerImage{Names:[k8s.gcr.io/e2e-test-images/kitten:1.4],SizeBytes:121721689,},ContainerImage{Names:[kubesphere/ks-console@sha256:6ad4af3742c3ac722405fd5749ddfda517916c4da24c50eea3049dea9e9cfeda kubesphere/ks-console:v3.3.0],SizeBytes:117049268,},ContainerImage{Names:[registry.aliyuncs.com/google_containers/kube-proxy@sha256:8d0561b2e5d0ccb9c49a25e7b415bef12637a07a872703dc252c2de3b458fc4f registry.cn-hangzhou.aliyuncs.com/google_containers/kube-proxy@sha256:8d0561b2e5d0ccb9c49a25e7b415bef12637a07a872703dc252c2de3b458fc4f registry.aliyuncs.com/google_containers/kube-proxy:v1.22.3 registry.cn-hangzhou.aliyuncs.com/google_containers/kube-proxy:v1.22.3],SizeBytes:103646205,},ContainerImage{Names:[harbor.moresec.cn/ksp/core@sha256:74f2ff732eeeadb8bf3ad19a2150a3e59657787eed4eb64e39551a8388120f84 harbor.moresec.cn/ksp/core:2.2.0-laishang],SizeBytes:98283749,},ContainerImage{Names:[k8s.gcr.io/e2e-test-images/node-perf/npb-is:1.1],SizeBytes:96376839,},ContainerImage{Names:[k8s.gcr.io/e2e-test-images/node-perf/npb-ep:1.1],SizeBytes:96375039,},ContainerImage{Names:[harbor.moresec.cn/ksp/task_center@sha256:9c3fc80c9b60765fc972d400bf5221f045ca440201d265107eb7dc719b167d1a harbor.moresec.cn/ksp/task_center:2.2.0-laishang],SizeBytes:96134087,},ContainerImage{Names:[ubuntu@sha256:b6b83d3c331794420340093eb706a6f152d9c1fa51b262d9bf34594887c2c7ac ubuntu:latest],SizeBytes:77815548,},ContainerImage{Names:[harbor.moresec.cn/ksp/license@sha256:f3393bf6bf48c974a3376b039405511d33833a13493e2ad7088ea6af9c45c4aa harbor.moresec.cn/ksp/license:2.2.0],SizeBytes:65830591,},ContainerImage{Names:[k8s.gcr.io/prometheus-dummy-exporter:v0.1.0],SizeBytes:64807703,},ContainerImage{Names:[rancher/mirrored-flannelcni-flannel@sha256:9fd7f4932b7193cc5d77a3c5ed303204c8382d3a88ca07540adbf4a3e94dd868 rancher/mirrored-flannelcni-flannel:v0.18.1],SizeBytes:62242473,},ContainerImage{Names:[harbor.moresec.cn/ksp/mentor@sha256:bb7607bd46e113f7c2ddb5a7db81862ee08e95f314f7c0529ed0b092c42bead1 harbor.moresec.cn/ksp/mentor:2.2.0-laishang],SizeBytes:61978773,},ContainerImage{Names:[k8s.gcr.io/build-image/debian-iptables:buster-v1.6.5],SizeBytes:60179159,},ContainerImage{Names:[k8s.gcr.io/sd-dummy-exporter:v0.2.0],SizeBytes:58268777,},ContainerImage{Names:[k8s.gcr.io/e2e-test-images/sample-apiserver:1.17.4],SizeBytes:58167705,},ContainerImage{Names:[registry.aliyuncs.com/google_containers/kube-scheduler@sha256:cac7ea67201a84c00f3e8d9be51877c25fb539055ac404c4a9d2dd4c79d3fdab registry.cn-hangzhou.aliyuncs.com/google_containers/kube-scheduler@sha256:cac7ea67201a84c00f3e8d9be51877c25fb539055ac404c4a9d2dd4c79d3fdab registry.aliyuncs.com/google_containers/kube-scheduler:v1.22.3 registry.cn-hangzhou.aliyuncs.com/google_containers/kube-scheduler:v1.22.3],SizeBytes:52641918,},ContainerImage{Names:[k8s.gcr.io/e2e-test-images/resource-consumer:1.9],SizeBytes:49529921,},ContainerImage{Names:[registry.aliyuncs.com/google_containers/coredns@sha256:6e5a02c21641597998b4be7cb5eb1e7b02c0d8d23cce4dd09f4682d463798890 registry.cn-hangzhou.aliyuncs.com/google_containers/coredns@sha256:6e5a02c21641597998b4be7cb5eb1e7b02c0d8d23cce4dd09f4682d463798890 registry.aliyuncs.com/google_containers/coredns:v1.8.4 registry.cn-hangzhou.aliyuncs.com/google_containers/coredns:v1.8.4],SizeBytes:47541629,},},VolumesInUse:[],VolumesAttached:[]AttachedVolume{},Config:nil,},}&#xA;Jul 24 11:41:36.926: INFO: &#xA;Logging kubelet events for node kubernetes-master&#xA;Jul 24 11:41:37.009: INFO: &#xA;Logging pods the kubelet thinks is on node kubernetes-master&#xA;Jul 24 11:41:37.740: INFO: kube-flannel-ds-7wsql started at 2022-07-05 02:25:29 +0000 UTC (2+1 container statuses recorded)&#xA;Jul 24 11:41:37.740: INFO: &#x9;Init container install-cni-plugin ready: true, restart count 2&#xA;Jul 24 11:41:37.740: INFO: &#x9;Init container install-cni ready: true, restart count 0&#xA;Jul 24 11:41:37.740: INFO: &#x9;Container kube-flannel ready: true, restart count 4&#xA;Jul 24 11:41:37.740: INFO: ks-console-54bd5bcbc6-nwfw2 started at 2022-07-15 07:46:52 +0000 UTC (0+1 container statuses recorded)&#xA;Jul 24 11:41:37.740: INFO: &#x9;Container ks-console ready: false, restart count 0&#xA;Jul 24 11:41:37.740: INFO: ks-console-54bd5bcbc6-t74kc started at 2022-07-08 03:25:11 +0000 UTC (0+1 container statuses recorded)&#xA;Jul 24 11:41:37.740: INFO: &#x9;Container ks-console ready: false, restart count 0&#xA;Jul 24 11:41:37.740: INFO: sonobuoy-e2e-job-82b0dd9ec4534543 started at 2022-07-24 11:15:35 +0000 UTC (0+2 container statuses recorded)&#xA;Jul 24 11:41:37.740: INFO: &#x9;Container e2e ready: true, restart count 0&#xA;Jul 24 11:41:37.740: INFO: &#x9;Container sonobuoy-worker ready: true, restart count 0&#xA;Jul 24 11:41:37.740: INFO: ks-apiserver-7c8c448bbb-t7h7k started at 2022-07-15 07:46:52 +0000 UTC (0+1 container statuses recorded)&#xA;Jul 24 11:41:37.740: INFO: &#x9;Container ks-apiserver ready: false, restart count 1&#xA;Jul 24 11:41:37.740: INFO: node-exporter-l9txx started at 2022-07-20 14:02:06 +0000 UTC (0+2 container statuses recorded)&#xA;Jul 24 11:41:37.740: INFO: &#x9;Container kube-rbac-proxy ready: true, restart count 0&#xA;Jul 24 11:41:37.740: INFO: &#x9;Container node-exporter ready: true, restart count 0&#xA;Jul 24 11:41:37.740: INFO: ksp-license-65cc56956f-bdj5b started at 2022-07-21 02:21:43 +0000 UTC (0+2 container statuses recorded)&#xA;Jul 24 11:41:37.740: INFO: &#x9;Container license ready: true, restart count 0&#xA;Jul 24 11:41:37.740: INFO: &#x9;Container msauth ready: true, restart count 0&#xA;Jul 24 11:41:37.740: INFO: kube-proxy-qjfdd started at 2022-07-05 02:21:49 +0000 UTC (0+1 container statuses recorded)&#xA;Jul 24 11:41:37.740: INFO: &#x9;Container kube-proxy ready: true, restart count 2&#xA;Jul 24 11:41:37.740: INFO: kube-controller-manager-kubernetes-master started at 2022-07-05 02:21:38 +0000 UTC (0+1 container statuses recorded)&#xA;Jul 24 11:41:37.740: INFO: &#x9;Container kube-controller-manager ready: true, restart count 7&#xA;Jul 24 11:41:37.740: INFO: etcd-kubernetes-master started at 2022-07-05 02:21:37 +0000 UTC (0+1 container statuses recorded)&#xA;Jul 24 11:41:37.740: INFO: &#x9;Container etcd ready: true, restart count 3&#xA;Jul 24 11:41:37.740: INFO: sonobuoy-systemd-logs-daemon-set-bb55de94825d4876-fz4gp started at 2022-07-24 11:15:36 +0000 UTC (0+2 container statuses recorded)&#xA;Jul 24 11:41:37.740: INFO: &#x9;Container sonobuoy-worker ready: true, restart count 0&#xA;Jul 24 11:41:37.740: INFO: &#x9;Container systemd-logs ready: true, restart count 0&#xA;Jul 24 11:41:37.740: INFO: ks-apiserver-7c8c448bbb-rxf55 started at 2022-07-08 03:25:11 +0000 UTC (0+1 container statuses recorded)&#xA;Jul 24 11:41:37.740: INFO: &#x9;Container ks-apiserver ready: false, restart count 0&#xA;Jul 24 11:41:37.740: INFO: coredns-7f6cbbb7b8-strff started at 2022-07-06 03:11:19 +0000 UTC (0+1 container statuses recorded)&#xA;Jul 24 11:41:37.740: INFO: &#x9;Container coredns ready: true, restart count 2&#xA;Jul 24 11:41:37.740: INFO: ks-console-54bd5bcbc6-p5cvv started at 2022-07-24 10:48:18 +0000 UTC (0+1 container statuses recorded)&#xA;Jul 24 11:41:37.740: INFO: &#x9;Container ks-console ready: true, restart count 0&#xA;Jul 24 11:41:37.740: INFO: ks-controller-manager-bdbb456f4-82fdx started at 2022-07-08 03:25:11 +0000 UTC (0+1 container statuses recorded)&#xA;Jul 24 11:41:37.740: INFO: &#x9;Container ks-controller-manager ready: false, restart count 0&#xA;Jul 24 11:41:37.740: INFO: kube-scheduler-kubernetes-master started at 2022-07-05 02:21:39 +0000 UTC (0+1 container statuses recorded)&#xA;Jul 24 11:41:37.740: INFO: &#x9;Container kube-scheduler ready: true, restart count 7&#xA;Jul 24 11:41:37.740: INFO: kube-apiserver-kubernetes-master started at 2022-07-05 10:11:17 +0000 UTC (0+1 container statuses recorded)&#xA;Jul 24 11:41:37.740: INFO: &#x9;Container kube-apiserver ready: true, restart count 8&#xA;Jul 24 11:41:37.740: INFO: ks-controller-manager-bdbb456f4-wblsj started at 2022-07-15 07:46:52 +0000 UTC (0+1 container statuses recorded)&#xA;Jul 24 11:41:37.740: INFO: &#x9;Container ks-controller-manager ready: false, restart count 1&#xA;Jul 24 11:41:37.740: INFO: coredns-7f6cbbb7b8-kjjzz started at 2022-07-06 03:11:19 +0000 UTC (0+1 container statuses recorded)&#xA;Jul 24 11:41:37.740: INFO: &#x9;Container coredns ready: true, restart count 2&#xA;Jul 24 11:41:37.937: INFO: &#xA;Latency metrics for node kubernetes-master&#xA;Jul 24 11:41:37.937: INFO: &#xA;Logging node info for node kubernetes-node-01&#xA;Jul 24 11:41:38.025: INFO: Node Info: &amp;Node{ObjectMeta:{kubernetes-node-01    3a4a3e2a-b98d-44ba-acfd-dc0ee51e00a1 5639010 0 2022-07-05 02:22:25 +0000 UTC &lt;nil&gt; &lt;nil&gt; map[beta.kubernetes.io/arch:amd64 beta.kubernetes.io/os:linux kubernetes.io/arch:amd64 kubernetes.io/hostname:kubernetes-node-01 kubernetes.io/os:linux] map[flannel.alpha.coreos.com/backend-data:{&#34;VNI&#34;:1,&#34;VtepMAC&#34;:&#34;1a:75:9b:0f:c6:8c&#34;} flannel.alpha.coreos.com/backend-type:vxlan flannel.alpha.coreos.com/kube-subnet-manager:true flannel.alpha.coreos.com/public-ip:192.168.132.11 kubeadm.alpha.kubernetes.io/cri-socket:/var/run/dockershim.sock node.alpha.kubernetes.io/ttl:0 volumes.kubernetes.io/controller-managed-attach-detach:true] [] []  [{kubelet Update v1 2022-07-05 02:22:25 +0000 UTC FieldsV1 {&#34;f:metadata&#34;:{&#34;f:annotations&#34;:{&#34;.&#34;:{},&#34;f:volumes.kubernetes.io/controller-managed-attach-detach&#34;:{}},&#34;f:labels&#34;:{&#34;.&#34;:{},&#34;f:beta.kubernetes.io/arch&#34;:{},&#34;f:beta.kubernetes.io/os&#34;:{},&#34;f:kubernetes.io/arch&#34;:{},&#34;f:kubernetes.io/hostname&#34;:{},&#34;f:kubernetes.io/os&#34;:{}}}} } {kubeadm Update v1 2022-07-05 02:22:30 +0000 UTC FieldsV1 {&#34;f:metadata&#34;:{&#34;f:annotations&#34;:{&#34;f:kubeadm.alpha.kubernetes.io/cri-socket&#34;:{}}}} } {flanneld Update v1 2022-07-05 02:25:41 +0000 UTC FieldsV1 {&#34;f:metadata&#34;:{&#34;f:annotations&#34;:{&#34;f:flannel.alpha.coreos.com/backend-data&#34;:{},&#34;f:flannel.alpha.coreos.com/backend-type&#34;:{},&#34;f:flannel.alpha.coreos.com/kube-subnet-manager&#34;:{},&#34;f:flannel.alpha.coreos.com/public-ip&#34;:{}}},&#34;f:status&#34;:{&#34;f:conditions&#34;:{&#34;k:{\&#34;type\&#34;:\&#34;NetworkUnavailable\&#34;}&#34;:{&#34;.&#34;:{},&#34;f:lastHeartbeatTime&#34;:{},&#34;f:lastTransitionTime&#34;:{},&#34;f:message&#34;:{},&#34;f:reason&#34;:{},&#34;f:status&#34;:{},&#34;f:type&#34;:{}}}}} status} {e2e.test Update v1 2022-07-10 14:18:07 +0000 UTC FieldsV1 {&#34;f:status&#34;:{&#34;f:capacity&#34;:{&#34;f:example.com/fakecpu&#34;:{}}}} status} {kube-controller-manager Update v1 2022-07-20 11:50:17 +0000 UTC FieldsV1 {&#34;f:metadata&#34;:{&#34;f:annotations&#34;:{&#34;f:node.alpha.kubernetes.io/ttl&#34;:{}}},&#34;f:spec&#34;:{&#34;f:podCIDR&#34;:{},&#34;f:podCIDRs&#34;:{&#34;.&#34;:{},&#34;v:\&#34;10.244.4.0/24\&#34;&#34;:{}}}} } {kubelet Update v1 2022-07-20 11:50:17 +0000 UTC FieldsV1 {&#34;f:status&#34;:{&#34;f:allocatable&#34;:{&#34;f:ephemeral-storage&#34;:{},&#34;f:example.com/fakecpu&#34;:{}},&#34;f:capacity&#34;:{&#34;f:ephemeral-storage&#34;:{}},&#34;f:conditions&#34;:{&#34;k:{\&#34;type\&#34;:\&#34;DiskPressure\&#34;}&#34;:{&#34;f:lastHeartbeatTime&#34;:{},&#34;f:lastTransitionTime&#34;:{},&#34;f:message&#34;:{},&#34;f:reason&#34;:{},&#34;f:status&#34;:{}},&#34;k:{\&#34;type\&#34;:\&#34;MemoryPressure\&#34;}&#34;:{&#34;f:lastHeartbeatTime&#34;:{},&#34;f:lastTransitionTime&#34;:{},&#34;f:message&#34;:{},&#34;f:reason&#34;:{},&#34;f:status&#34;:{}},&#34;k:{\&#34;type\&#34;:\&#34;PIDPressure\&#34;}&#34;:{&#34;f:lastHeartbeatTime&#34;:{},&#34;f:lastTransitionTime&#34;:{},&#34;f:message&#34;:{},&#34;f:reason&#34;:{},&#34;f:status&#34;:{}},&#34;k:{\&#34;type\&#34;:\&#34;Ready\&#34;}&#34;:{&#34;f:lastHeartbeatTime&#34;:{},&#34;f:lastTransitionTime&#34;:{},&#34;f:message&#34;:{},&#34;f:reason&#34;:{},&#34;f:status&#34;:{}}},&#34;f:images&#34;:{},&#34;f:nodeInfo&#34;:{&#34;f:containerRuntimeVersion&#34;:{}}}} status}]},Spec:NodeSpec{PodCIDR:10.244.4.0/24,DoNotUseExternalID:,ProviderID:,Unschedulable:false,Taints:[]Taint{},ConfigSource:nil,PodCIDRs:[10.244.4.0/24],},Status:NodeStatus{Capacity:ResourceList{cpu: {{8 0} {&lt;nil&gt;} 8 DecimalSI},ephemeral-storage: {{107321753600 0} {&lt;nil&gt;} 102350Mi BinarySI},example.com/fakecpu: {{1 3} {&lt;nil&gt;} 1k DecimalSI},hugepages-1Gi: {{0 0} {&lt;nil&gt;} 0 DecimalSI},hugepages-2Mi: {{0 0} {&lt;nil&gt;} 0 DecimalSI},memory: {{16363429888 0} {&lt;nil&gt;}  BinarySI},pods: {{110 0} {&lt;nil&gt;} 110 DecimalSI},},Allocatable:ResourceList{cpu: {{8 0} {&lt;nil&gt;} 8 DecimalSI},ephemeral-storage: {{96589578081 0} {&lt;nil&gt;} 96589578081 DecimalSI},example.com/fakecpu: {{1 3} {&lt;nil&gt;} 1k DecimalSI},hugepages-1Gi: {{0 0} {&lt;nil&gt;} 0 DecimalSI},hugepages-2Mi: {{0 0} {&lt;nil&gt;} 0 DecimalSI},memory: {{16258572288 0} {&lt;nil&gt;}  BinarySI},pods: {{110 0} {&lt;nil&gt;} 110 DecimalSI},},Phase:,Conditions:[]NodeCondition{NodeCondition{Type:NetworkUnavailable,Status:False,LastHeartbeatTime:2022-07-20 12:09:51 +0000 UTC,LastTransitionTime:2022-07-20 12:09:51 +0000 UTC,Reason:FlannelIsUp,Message:Flannel is running on this node,},NodeCondition{Type:MemoryPressure,Status:False,LastHeartbeatTime:2022-07-24 11:38:32 +0000 UTC,LastTransitionTime:2022-07-05 02:39:16 +0000 UTC,Reason:KubeletHasSufficientMemory,Message:kubelet has sufficient memory available,},NodeCondition{Type:DiskPressure,Status:False,LastHeartbeatTime:2022-07-24 11:38:32 +0000 UTC,LastTransitionTime:2022-07-06 11:27:51 +0000 UTC,Reason:KubeletHasNoDiskPressure,Message:kubelet has no disk pressure,},NodeCondition{Type:PIDPressure,Status:False,LastHeartbeatTime:2022-07-24 11:38:32 +0000 UTC,LastTransitionTime:2022-07-05 02:39:16 +0000 UTC,Reason:KubeletHasSufficientPID,Message:kubelet has sufficient PID available,},NodeCondition{Type:Ready,Status:True,LastHeartbeatTime:2022-07-24 11:38:32 +0000 UTC,LastTransitionTime:2022-07-20 12:05:25 +0000 UTC,Reason:KubeletReady,Message:kubelet is posting ready status,},},Addresses:[]NodeAddress{NodeAddress{Type:InternalIP,Address:192.168.132.11,},NodeAddress{Type:Hostname,Address:kubernetes-node-01,},},DaemonEndpoints:NodeDaemonEndpoints{KubeletEndpoint:DaemonEndpoint{Port:10250,},},NodeInfo:NodeSystemInfo{MachineID:ff2f0490c5bb4030ae3be22dffb6765a,SystemUUID:318642bd-e41a-e911-ad47-a4bf015b1f84,BootID:2686e27a-6243-43c4-baa2-2867206747cd,KernelVersion:5.4.132-1.el7.elrepo.x86_64,OSImage:CentOS Linux 7 (Core),ContainerRuntimeVersion:docker://20.10.7,KubeletVersion:v1.22.3,KubeProxyVersion:v1.22.3,OperatingSystem:linux,Architecture:amd64,},Images:[]ContainerImage{ContainerImage{Names:[k8s.gcr.io/e2e-test-images/cuda-vector-add:2.2],SizeBytes:2579956550,},ContainerImage{Names:[k8s.gcr.io/e2e-test-images/cuda-vector-add:1.0],SizeBytes:2047006036,},ContainerImage{Names:[k8s.gcr.io/e2e-test-images/node-perf/tf-wide-deep:1.1],SizeBytes:1631128450,},ContainerImage{Names:[k8smg:latest],SizeBytes:1398619088,},ContainerImage{Names:[k8s.gcr.io/e2e-test-images/perl:5.26],SizeBytes:853225645,},ContainerImage{Names:[k8s.gcr.io/e2e-test-images/volume/rbd:1.0.3],SizeBytes:751897580,},ContainerImage{Names:[harbor.moresec.cn/ksp/kafka@sha256:29aef30ec0742e05c84b92e35fe81bc2a933d92aa3aec2325f3947c9cbb07e2d harbor.moresec.cn/ksp/kafka:2.8.0-debian-10-r43],SizeBytes:584339677,},ContainerImage{Names:[centos-drip:7.7],SizeBytes:552218315,},ContainerImage{Names:[&lt;none&gt;@&lt;none&gt; &lt;none&gt;:&lt;none&gt;],SizeBytes:522728932,},ContainerImage{Names:[harbor.moresec.cn/ksp/ksp_agent@sha256:f96a653e88fcf5b71a82e603da3ace5e774c9dd4e37dcdfc7a1db3ce87267245 harbor.moresec.cn/ksp/ksp_agent:latest],SizeBytes:495969065,},ContainerImage{Names:[harbor.moresec.cn/ksp/ksp_agent@sha256:62d75a6961ee50b7bbea1eeb9a835b8809fbf868cda8ea7e30c57a871fe36ae4],SizeBytes:495943489,},ContainerImage{Names:[&lt;none&gt;@&lt;none&gt; &lt;none&gt;:&lt;none&gt;],SizeBytes:435344555,},ContainerImage{Names:[harbor.moresec.cn/ksp/ksp_agent@sha256:7fc828e5732309187da20a9a025a142f8229f04087601a9fad119c3724ab6e92 harbor.moresec.cn/ksp/ksp_agent:2.2.0],SizeBytes:433527765,},ContainerImage{Names:[harbor.moresec.cn/ksp/ksp_agent@sha256:b6455a0f39f08b39b5ee701bbcfb11edb8484478bfe44f30a3a48f041ea504b1],SizeBytes:433527765,},ContainerImage{Names:[harbor.moresec.cn/ksp/ksp_agent:laishang],SizeBytes:433318869,},ContainerImage{Names:[kubesphere/ks-installer@sha256:e314e12b16e556b0ce16d4c1efab0a375605936da15afa0e4fa3afa4c302cf15 kubesphere/ks-installer:v3.3.0],SizeBytes:420547354,},ContainerImage{Names:[k8s.gcr.io/e2e-test-images/volume/iscsi:2.2],SizeBytes:414158129,},ContainerImage{Names:[k8s.gcr.io/sig-storage/nfs-provisioner:v2.2.2],SizeBytes:391702539,},ContainerImage{Names:[k8s.gcr.io/e2e-test-images/glusterdynamic-provisioner:v1.0],SizeBytes:373269502,},ContainerImage{Names:[k8s.gcr.io/e2e-test-images/volume/gluster:1.2],SizeBytes:340272046,},ContainerImage{Names:[sonobuoy/systemd-logs:v0.4],SizeBytes:314068873,},ContainerImage{Names:[docker-dev.moresec.cn:10443/ksp/mysql@sha256:1a52fad24c8d9c47d9563773bf2fd6618cab64a2e7054a32c62d7ff83047d432 harbor.moresec.cn/ksp/mysql@sha256:1a52fad24c8d9c47d9563773bf2fd6618cab64a2e7054a32c62d7ff83047d432 docker-dev.moresec.cn:10443/ksp/mysql:5.7.34 harbor.moresec.cn/ksp/mysql:5.7.34],SizeBytes:296256317,},ContainerImage{Names:[k8s.gcr.io/e2e-test-images/volume/nfs:1.2],SizeBytes:263870626,},ContainerImage{Names:[k8s.gcr.io/etcd:3.4.13-0],SizeBytes:253376083,},ContainerImage{Names:[k8s.gcr.io/e2e-test-images/jessie-dnsutils:1.4],SizeBytes:253346057,},ContainerImage{Names:[k8s.gcr.io/conformance:v1.22.3],SizeBytes:246064443,},ContainerImage{Names:[192.168.132.114/process/process@sha256:b08bcadd231b62eba8913d7f9b7ef6a54087fedec3a52607decd86aae014330a 192.168.132.114/process/process:latest],SizeBytes:231220584,},ContainerImage{Names:[&lt;none&gt;@&lt;none&gt; &lt;none&gt;:&lt;none&gt;],SizeBytes:231220093,},ContainerImage{Names:[prom/prometheus@sha256:b37103e03399e90c9b7b1b2940894d3634915cf9df4aa2e5402bd85b4377808c prom/prometheus:v2.34.0],SizeBytes:204913767,},ContainerImage{Names:[centos@sha256:50752af5182c6cd5518e3e91d48f7ff0cba93d5d760a67ac140e2d63c4dd9efc centos:centos7.7.1908],SizeBytes:203602133,},ContainerImage{Names:[kubesphere/ks-apiserver@sha256:c6518655604eb6c5b67e6e5b0a11239e1b927c6ab0f947ce3c60176c70090462 kubesphere/ks-apiserver:v3.2.1],SizeBytes:190792907,},ContainerImage{Names:[192.168.132.114/micro/worker@sha256:0c3e148cec3fbf3f62b381f96dcb4b8dcfad7a8d4cf33a91d6c3a8484e156c4c 192.168.132.114/micro/worker:latest],SizeBytes:178337313,},ContainerImage{Names:[harbor.moresec.cn/ksp/fileserver@sha256:e70cbd22b76e6e111c2b86a20c5fdea469fed0313c81f73f35ed11249f79f741 harbor.moresec.cn/ksp/fileserver:2.2.0],SizeBytes:153076017,},ContainerImage{Names:[&lt;none&gt;@&lt;none&gt; &lt;none&gt;:&lt;none&gt;],SizeBytes:141498060,},ContainerImage{Names:[harbor.moresec.cn/ksp/etcd@sha256:e38d9f2facec186c09c33e28455e97156ea45d5c299d348a1b0676784c293d75 harbor.moresec.cn/ksp/etcd:3.4.15-debian-10-r43],SizeBytes:131965680,},ContainerImage{Names:[harbor.moresec.cn/ksp/webapi_srv@sha256:7de68ded9d05cdbbc9fbe03c3321f14d68569cd7d9f35921e977df8377bc7d2d],SizeBytes:129903492,},ContainerImage{Names:[harbor.moresec.cn/ksp/webapi_srv@sha256:44ac8426e7c6087593f315cf547a8426780a03ec7e102e3cadd5931f03fa5851 harbor.moresec.cn/ksp/webapi_srv:latest],SizeBytes:129800680,},ContainerImage{Names:[k8s.gcr.io/e2e-test-images/httpd:2.4.39-1],SizeBytes:126871615,},ContainerImage{Names:[docker-dev.moresec.cn:10443/ksp/envoy@sha256:1a57c0f59b9e04a83f4407c79df63f027ee620a2ee66e201438f49c9253e258a harbor.moresec.cn/ksp/envoy@sha256:1a57c0f59b9e04a83f4407c79df63f027ee620a2ee66e201438f49c9253e258a docker-dev.moresec.cn:10443/ksp/envoy:v1.20.0 harbor.moresec.cn/ksp/envoy:v1.20.0],SizeBytes:126156197,},ContainerImage{Names:[k8s.gcr.io/e2e-test-images/agnhost:2.32],SizeBytes:125910179,},ContainerImage{Names:[harbor.moresec.cn/ksp/webapi_srv@sha256:1665c65a94096bb76343e0df2fcbe6299d29d7c1b47f22c1db269ef909d895c7 harbor.moresec.cn/ksp/webapi_srv:2.2.0],SizeBytes:123778974,},ContainerImage{Names:[k8s.gcr.io/e2e-test-images/httpd:2.4.38-1],SizeBytes:123774598,},ContainerImage{Names:[k8s.gcr.io/e2e-test-images/nautilus:1.4],SizeBytes:121728153,},ContainerImage{Names:[k8s.gcr.io/e2e-test-images/kitten:1.4],SizeBytes:121721689,},ContainerImage{Names:[nginx@sha256:f7988fb6c02e0ce69257d9bd9cf37ae20a60f1df7563c3a2a6abe24160306b8d nginx:1.14.2],SizeBytes:109109325,},ContainerImage{Names:[harbor.moresec.cn/ksp/controller@sha256:be921ae314828accad9ea6bc25af4e4097027cddd44001913f983ad6f06fe948 harbor.moresec.cn/ksp/controller:latest],SizeBytes:107945283,},ContainerImage{Names:[registry.aliyuncs.com/google_containers/kube-proxy@sha256:8d0561b2e5d0ccb9c49a25e7b415bef12637a07a872703dc252c2de3b458fc4f registry.aliyuncs.com/google_containers/kube-proxy:v1.22.3],SizeBytes:103646205,},ContainerImage{Names:[k8s.gcr.io/e2e-test-images/node-perf/npb-is:1.1],SizeBytes:96376839,},ContainerImage{Names:[k8s.gcr.io/e2e-test-images/node-perf/npb-ep:1.1],SizeBytes:96375039,},ContainerImage{Names:[harbor.moresec.cn/ksp/task_center@sha256:ea75ee3c0061c1aba9fc986e49ea73dda1b977c3d5a8b8dd8e503e7f79325406 harbor.moresec.cn/ksp/task_center:2.2.0],SizeBytes:96150782,},},VolumesInUse:[],VolumesAttached:[]AttachedVolume{},Config:nil,},}&#xA;Jul 24 11:41:38.026: INFO: &#xA;Logging kubelet events for node kubernetes-node-01&#xA;Jul 24 11:41:38.054: INFO: &#xA;Logging pods the kubelet thinks is on node kubernetes-node-01&#xA;Jul 24 11:41:38.150: INFO: ksp-webapi-srv-5b59fc6b7b-qfcs4 started at 2022-07-21 02:23:19 +0000 UTC (0+1 container statuses recorded)&#xA;Jul 24 11:41:38.150: INFO: &#x9;Container webapi-srv ready: true, restart count 0&#xA;Jul 24 11:41:38.150: INFO: kube-flannel-ds-8xnv7 started at 2022-07-06 17:46:29 +0000 UTC (2+1 container statuses recorded)&#xA;Jul 24 11:41:38.150: INFO: &#x9;Init container install-cni-plugin ready: true, restart count 0&#xA;Jul 24 11:41:38.150: INFO: &#x9;Init container install-cni ready: true, restart count 0&#xA;Jul 24 11:41:38.150: INFO: &#x9;Container kube-flannel ready: true, restart count 1&#xA;Jul 24 11:41:38.150: INFO: ksp-redis-master-0 started at 2022-07-20 12:09:21 +0000 UTC (0+1 container statuses recorded)&#xA;Jul 24 11:41:38.150: INFO: &#x9;Container redis ready: true, restart count 0&#xA;Jul 24 11:41:38.150: INFO: alertmanager-main-0 started at 2022-07-20 12:09:55 +0000 UTC (0+2 container statuses recorded)&#xA;Jul 24 11:41:38.150: INFO: &#x9;Container alertmanager ready: true, restart count 0&#xA;Jul 24 11:41:38.150: INFO: &#x9;Container config-reloader ready: true, restart count 0&#xA;Jul 24 11:41:38.150: INFO: worker108-cc678945b-7rbkz started at 2022-07-21 06:39:16 +0000 UTC (0+1 container statuses recorded)&#xA;Jul 24 11:41:38.150: INFO: &#x9;Container worker108 ready: true, restart count 0&#xA;Jul 24 11:41:38.150: INFO: ss2-1 started at 2022-07-23 11:41:24 +0000 UTC (0+1 container statuses recorded)&#xA;Jul 24 11:41:38.150: INFO: &#x9;Container webserver ready: true, restart count 0&#xA;Jul 24 11:41:38.150: INFO: default-http-backend-5bf68ff9b8-hkh75 started at 2022-07-24 10:47:02 +0000 UTC (0+1 container statuses recorded)&#xA;Jul 24 11:41:38.150: INFO: &#x9;Container default-http-backend ready: true, restart count 0&#xA;Jul 24 11:41:38.150: INFO: prometheus-operator-8955bbd98-r8ftl started at 2022-07-24 10:47:02 +0000 UTC (0+2 container statuses recorded)&#xA;Jul 24 11:41:38.150: INFO: &#x9;Container kube-rbac-proxy ready: true, restart count 0&#xA;Jul 24 11:41:38.150: INFO: &#x9;Container prometheus-operator ready: true, restart count 0&#xA;Jul 24 11:41:38.150: INFO: alertmanager-main-1 started at 2022-07-24 10:47:04 +0000 UTC (0+2 container statuses recorded)&#xA;Jul 24 11:41:38.150: INFO: &#x9;Container alertmanager ready: true, restart count 0&#xA;Jul 24 11:41:38.150: INFO: &#x9;Container config-reloader ready: true, restart count 0&#xA;Jul 24 11:41:38.150: INFO: ksp-fileserver-58d849d98b-k2wt9 started at 2022-07-20 12:05:34 +0000 UTC (0+1 container statuses recorded)&#xA;Jul 24 11:41:38.150: INFO: &#x9;Container fileserver ready: true, restart count 12&#xA;Jul 24 11:41:38.150: INFO: ubuntu-deployment-docker-sock1-74c66ddf85-5fcvb started at 2022-07-24 10:47:52 +0000 UTC (0+1 container statuses recorded)&#xA;Jul 24 11:41:38.150: INFO: &#x9;Container ubuntu-docker-sock1 ready: true, restart count 0&#xA;Jul 24 11:41:38.150: INFO: gatekeeper-controller-manager-6566df6878-6sxjk started at 2022-07-24 10:47:54 +0000 UTC (0+1 container statuses recorded)&#xA;Jul 24 11:41:38.150: INFO: &#x9;Container manager ready: true, restart count 0&#xA;Jul 24 11:41:38.150: INFO: sonobuoy-systemd-logs-daemon-set-bb55de94825d4876-wwrrn started at 2022-07-24 11:15:36 +0000 UTC (0+2 container statuses recorded)&#xA;Jul 24 11:41:38.150: INFO: &#x9;Container sonobuoy-worker ready: true, restart count 0&#xA;Jul 24 11:41:38.150: INFO: &#x9;Container systemd-logs ready: true, restart count 0&#xA;Jul 24 11:41:38.150: INFO: node-exporter-mktmt started at 2022-07-08 03:28:07 +0000 UTC (0+2 container statuses recorded)&#xA;Jul 24 11:41:38.150: INFO: &#x9;Container kube-rbac-proxy ready: true, restart count 2&#xA;Jul 24 11:41:38.150: INFO: &#x9;Container node-exporter ready: true, restart count 2&#xA;Jul 24 11:41:38.150: INFO: prometheus-k8s-0 started at 2022-07-20 12:09:14 +0000 UTC (1+2 container statuses recorded)&#xA;Jul 24 11:41:38.150: INFO: &#x9;Init container init-config-reloader ready: true, restart count 0&#xA;Jul 24 11:41:38.150: INFO: &#x9;Container config-reloader ready: true, restart count 0&#xA;Jul 24 11:41:38.150: INFO: &#x9;Container prometheus ready: true, restart count 0&#xA;Jul 24 11:41:38.150: INFO: ss2-0 started at 2022-07-20 12:10:27 +0000 UTC (0+1 container statuses recorded)&#xA;Jul 24 11:41:38.150: INFO: &#x9;Container webserver ready: true, restart count 0&#xA;Jul 24 11:41:38.150: INFO: notification-manager-operator-7d44854f54-pfhvp started at 2022-07-20 12:37:15 +0000 UTC (0+2 container statuses recorded)&#xA;Jul 24 11:41:38.150: INFO: &#x9;Container kube-rbac-proxy ready: true, restart count 0&#xA;Jul 24 11:41:38.150: INFO: &#x9;Container notification-manager-operator ready: true, restart count 13&#xA;Jul 24 11:41:38.151: INFO: kubectl-admin-6dbcb94855-cwbwg started at 2022-07-24 10:47:02 +0000 UTC (0+1 container statuses recorded)&#xA;Jul 24 11:41:38.151: INFO: &#x9;Container kubectl ready: true, restart count 0&#xA;Jul 24 11:41:38.151: INFO: ks-installer-6976cf49f5-l72kw started at 2022-07-24 10:48:18 +0000 UTC (0+1 container statuses recorded)&#xA;Jul 24 11:41:38.151: INFO: &#x9;Container installer ready: true, restart count 0&#xA;Jul 24 11:41:38.151: INFO: sonobuoy started at 2022-07-24 11:15:29 +0000 UTC (0+1 container statuses recorded)&#xA;Jul 24 11:41:38.151: INFO: &#x9;Container kube-sonobuoy ready: true, restart count 0&#xA;Jul 24 11:41:38.151: INFO: kube-proxy-kkm7x started at 2022-07-05 02:22:26 +0000 UTC (0+1 container statuses recorded)&#xA;Jul 24 11:41:38.151: INFO: &#x9;Container kube-proxy ready: true, restart count 3&#xA;Jul 24 11:41:38.151: INFO: snapshot-controller-0 started at 2022-07-20 12:09:57 +0000 UTC (0+1 container statuses recorded)&#xA;Jul 24 11:41:38.151: INFO: &#x9;Container snapshot-controller ready: true, restart count 0&#xA;Jul 24 11:41:38.151: INFO: ksp-etcd-0 started at 2022-07-20 12:10:55 +0000 UTC (0+1 container statuses recorded)&#xA;Jul 24 11:41:38.151: INFO: &#x9;Container etcd ready: true, restart count 0&#xA;Jul 24 11:41:38.151: INFO: process56-59d84745d8-2wml7 started at 2022-07-24 10:47:52 +0000 UTC (0+1 container statuses recorded)&#xA;Jul 24 11:41:38.151: INFO: &#x9;Container process56 ready: true, restart count 0&#xA;Jul 24 11:41:38.151: INFO: ksp-mysql-0 started at 2022-07-20 12:09:51 +0000 UTC (0+1 container statuses recorded)&#xA;Jul 24 11:41:38.151: INFO: &#x9;Container mysql ready: true, restart count 0&#xA;Jul 24 11:41:38.151: INFO: notification-manager-deployment-78664576cb-5mm7d started at 2022-07-24 10:48:18 +0000 UTC (0+2 container statuses recorded)&#xA;Jul 24 11:41:38.151: INFO: &#x9;Container notification-manager ready: true, restart count 0&#xA;Jul 24 11:41:38.151: INFO: &#x9;Container tenant ready: true, restart count 0&#xA;Jul 24 11:41:38.151: INFO: ksp-kafka-0 started at 2022-07-20 12:06:10 +0000 UTC (0+1 container statuses recorded)&#xA;Jul 24 11:41:38.151: INFO: &#x9;Container kafka ready: true, restart count 12&#xA;Jul 24 11:41:38.364: INFO: &#xA;Latency metrics for node kubernetes-node-01&#xA;Jul 24 11:41:38.364: INFO: &#xA;Logging node info for node kubernetes-node-02&#xA;Jul 24 11:41:38.409: INFO: Node Info: &amp;Node{ObjectMeta:{kubernetes-node-02    307d2ab5-ef28-4bdd-889c-432cc026c399 5639546 0 2022-07-05 02:22:23 +0000 UTC &lt;nil&gt; &lt;nil&gt; map[beta.kubernetes.io/arch:amd64 beta.kubernetes.io/os:linux kubernetes.io/arch:amd64 kubernetes.io/hostname:kubernetes-node-02 kubernetes.io/os:linux] map[flannel.alpha.coreos.com/backend-data:{&#34;VNI&#34;:1,&#34;VtepMAC&#34;:&#34;82:d6:14:69:bd:44&#34;} flannel.alpha.coreos.com/backend-type:vxlan flannel.alpha.coreos.com/kube-subnet-manager:true flannel.alpha.coreos.com/public-ip:192.168.132.12 kubeadm.alpha.kubernetes.io/cri-socket:/var/run/dockershim.sock node.alpha.kubernetes.io/ttl:0 volumes.kubernetes.io/controller-managed-attach-detach:true] [] []  [{kubeadm Update v1 2022-07-05 02:22:23 +0000 UTC FieldsV1 {&#34;f:metadata&#34;:{&#34;f:annotations&#34;:{&#34;f:kubeadm.alpha.kubernetes.io/cri-socket&#34;:{}}}} } {kubelet Update v1 2022-07-05 02:22:23 +0000 UTC FieldsV1 {&#34;f:metadata&#34;:{&#34;f:annotations&#34;:{&#34;.&#34;:{},&#34;f:volumes.kubernetes.io/controller-managed-attach-detach&#34;:{}},&#34;f:labels&#34;:{&#34;.&#34;:{},&#34;f:beta.kubernetes.io/arch&#34;:{},&#34;f:beta.kubernetes.io/os&#34;:{},&#34;f:kubernetes.io/arch&#34;:{},&#34;f:kubernetes.io/hostname&#34;:{},&#34;f:kubernetes.io/os&#34;:{}}}} } {flanneld Update v1 2022-07-05 02:25:42 +0000 UTC FieldsV1 {&#34;f:metadata&#34;:{&#34;f:annotations&#34;:{&#34;f:flannel.alpha.coreos.com/backend-data&#34;:{},&#34;f:flannel.alpha.coreos.com/backend-type&#34;:{},&#34;f:flannel.alpha.coreos.com/kube-subnet-manager&#34;:{},&#34;f:flannel.alpha.coreos.com/public-ip&#34;:{}}},&#34;f:status&#34;:{&#34;f:conditions&#34;:{&#34;k:{\&#34;type\&#34;:\&#34;NetworkUnavailable\&#34;}&#34;:{&#34;.&#34;:{},&#34;f:lastHeartbeatTime&#34;:{},&#34;f:lastTransitionTime&#34;:{},&#34;f:message&#34;:{},&#34;f:reason&#34;:{},&#34;f:status&#34;:{},&#34;f:type&#34;:{}}}}} status} {kube-controller-manager Update v1 2022-07-20 12:10:50 +0000 UTC FieldsV1 {&#34;f:metadata&#34;:{&#34;f:annotations&#34;:{&#34;f:node.alpha.kubernetes.io/ttl&#34;:{}}},&#34;f:spec&#34;:{&#34;f:podCIDR&#34;:{},&#34;f:podCIDRs&#34;:{&#34;.&#34;:{},&#34;v:\&#34;10.244.3.0/24\&#34;&#34;:{}}}} } {e2e.test Update v1 2022-07-24 11:34:06 +0000 UTC FieldsV1 {&#34;f:status&#34;:{&#34;f:capacity&#34;:{&#34;f:example.com/fakecpu&#34;:{}}}} status} {kubelet Update v1 2022-07-24 11:34:14 +0000 UTC FieldsV1 {&#34;f:status&#34;:{&#34;f:allocatable&#34;:{&#34;f:ephemeral-storage&#34;:{},&#34;f:example.com/fakecpu&#34;:{}},&#34;f:conditions&#34;:{&#34;k:{\&#34;type\&#34;:\&#34;DiskPressure\&#34;}&#34;:{&#34;f:lastHeartbeatTime&#34;:{},&#34;f:lastTransitionTime&#34;:{},&#34;f:message&#34;:{},&#34;f:reason&#34;:{},&#34;f:status&#34;:{}},&#34;k:{\&#34;type\&#34;:\&#34;MemoryPressure\&#34;}&#34;:{&#34;f:lastHeartbeatTime&#34;:{},&#34;f:lastTransitionTime&#34;:{},&#34;f:message&#34;:{},&#34;f:reason&#34;:{},&#34;f:status&#34;:{}},&#34;k:{\&#34;type\&#34;:\&#34;PIDPressure\&#34;}&#34;:{&#34;f:lastHeartbeatTime&#34;:{},&#34;f:lastTransitionTime&#34;:{},&#34;f:message&#34;:{},&#34;f:reason&#34;:{},&#34;f:status&#34;:{}},&#34;k:{\&#34;type\&#34;:\&#34;Ready\&#34;}&#34;:{&#34;f:lastHeartbeatTime&#34;:{},&#34;f:lastTransitionTime&#34;:{},&#34;f:message&#34;:{},&#34;f:reason&#34;:{},&#34;f:status&#34;:{}}},&#34;f:images&#34;:{},&#34;f:nodeInfo&#34;:{&#34;f:bootID&#34;:{},&#34;f:containerRuntimeVersion&#34;:{}}}} status}]},Spec:NodeSpec{PodCIDR:10.244.3.0/24,DoNotUseExternalID:,ProviderID:,Unschedulable:false,Taints:[]Taint{},ConfigSource:nil,PodCIDRs:[10.244.3.0/24],},Status:NodeStatus{Capacity:ResourceList{cpu: {{8 0} {&lt;nil&gt;} 8 DecimalSI},ephemeral-storage: {{107321753600 0} {&lt;nil&gt;} 102350Mi BinarySI},example.com/fakecpu: {{1 3} {&lt;nil&gt;} 1k DecimalSI},hugepages-1Gi: {{0 0} {&lt;nil&gt;} 0 DecimalSI},hugepages-2Mi: {{0 0} {&lt;nil&gt;} 0 DecimalSI},memory: {{16363429888 0} {&lt;nil&gt;}  BinarySI},pods: {{110 0} {&lt;nil&gt;} 110 DecimalSI},},Allocatable:ResourceList{cpu: {{8 0} {&lt;nil&gt;} 8 DecimalSI},ephemeral-storage: {{96589578081 0} {&lt;nil&gt;} 96589578081 DecimalSI},example.com/fakecpu: {{1 3} {&lt;nil&gt;} 1k DecimalSI},hugepages-1Gi: {{0 0} {&lt;nil&gt;} 0 DecimalSI},hugepages-2Mi: {{0 0} {&lt;nil&gt;} 0 DecimalSI},memory: {{16258572288 0} {&lt;nil&gt;}  BinarySI},pods: {{110 0} {&lt;nil&gt;} 110 DecimalSI},},Phase:,Conditions:[]NodeCondition{NodeCondition{Type:NetworkUnavailable,Status:False,LastHeartbeatTime:2022-07-20 12:50:33 +0000 UTC,LastTransitionTime:2022-07-20 12:50:33 +0000 UTC,Reason:FlannelIsUp,Message:Flannel is running on this node,},NodeCondition{Type:MemoryPressure,Status:False,LastHeartbeatTime:2022-07-24 11:39:15 +0000 UTC,LastTransitionTime:2022-07-20 12:10:11 +0000 UTC,Reason:KubeletHasSufficientMemory,Message:kubelet has sufficient memory available,},NodeCondition{Type:DiskPressure,Status:False,LastHeartbeatTime:2022-07-24 11:39:15 +0000 UTC,LastTransitionTime:2022-07-20 12:10:11 +0000 UTC,Reason:KubeletHasNoDiskPressure,Message:kubelet has no disk pressure,},NodeCondition{Type:PIDPressure,Status:False,LastHeartbeatTime:2022-07-24 11:39:15 +0000 UTC,LastTransitionTime:2022-07-20 12:10:11 +0000 UTC,Reason:KubeletHasSufficientPID,Message:kubelet has sufficient PID available,},NodeCondition{Type:Ready,Status:True,LastHeartbeatTime:2022-07-24 11:39:15 +0000 UTC,LastTransitionTime:2022-07-20 12:39:17 +0000 UTC,Reason:KubeletReady,Message:kubelet is posting ready status,},},Addresses:[]NodeAddress{NodeAddress{Type:InternalIP,Address:192.168.132.12,},NodeAddress{Type:Hostname,Address:kubernetes-node-02,},},DaemonEndpoints:NodeDaemonEndpoints{KubeletEndpoint:DaemonEndpoint{Port:10250,},},NodeInfo:NodeSystemInfo{MachineID:c4512086a6f5493ab6d17434529f2f96,SystemUUID:dfb815d5-231e-e911-ba47-a4bf015b3e00,BootID:56b56735-cc0e-4a63-a373-c98df943e3fd,KernelVersion:5.4.132-1.el7.elrepo.x86_64,OSImage:CentOS Linux 7 (Core),ContainerRuntimeVersion:docker://20.10.7,KubeletVersion:v1.22.3,KubeProxyVersion:v1.22.3,OperatingSystem:linux,Architecture:amd64,},Images:[]ContainerImage{ContainerImage{Names:[k8s.gcr.io/e2e-test-images/cuda-vector-add:2.2],SizeBytes:2579956550,},ContainerImage{Names:[k8s.gcr.io/e2e-test-images/cuda-vector-add:1.0],SizeBytes:2047006036,},ContainerImage{Names:[k8s.gcr.io/e2e-test-images/node-perf/tf-wide-deep:1.1],SizeBytes:1631128450,},ContainerImage{Names:[harbor.moresec.cn/ksp/webshell_srv@sha256:52331f042d9b722692b7d1e7d39bad602f0755a948b8a439b4a27c4c0fae045f harbor.moresec.cn/ksp/webshell_srv:2.2.0],SizeBytes:981080070,},ContainerImage{Names:[k8s.gcr.io/e2e-test-images/perl:5.26],SizeBytes:853225645,},ContainerImage{Names:[k8s.gcr.io/e2e-test-images/volume/rbd:1.0.3],SizeBytes:751897580,},ContainerImage{Names:[192.168.132.12:85/benchmark/benchmark@sha256:59b02207ef00cbc9ae722f2ad7c0f73c60b64ca677449bd0acf5b052eb967764],SizeBytes:721364989,},ContainerImage{Names:[192.168.132.12:85/benchmark/benchmark@sha256:97b019aa0596a30858d2f114a75e4f688723cd1e63b38c2874f687ae329a408a],SizeBytes:721341182,},ContainerImage{Names:[tomcat@sha256:acbf4ace21d5a9bfca00865e615b3061c262bb216d4a44a46990af9b73a73496],SizeBytes:679943312,},ContainerImage{Names:[&lt;none&gt;@&lt;none&gt; &lt;none&gt;:&lt;none&gt;],SizeBytes:679872057,},ContainerImage{Names:[harbor.moresec.cn/ksp/ksp_init@sha256:f7d3859270f43b9d9346a387957118b97fb45e6af379359a17ab676aa566b834 harbor.moresec.cn/ksp/ksp_init:2.2.0],SizeBytes:628801675,},ContainerImage{Names:[harbor.moresec.cn/ksp/ksp_init@sha256:2ddb6771ce701f73bb447c4bacc40f22a96460c029b95ef92363d701247762d4],SizeBytes:628801606,},ContainerImage{Names:[harbor.moresec.cn/ksp/kafka@sha256:29aef30ec0742e05c84b92e35fe81bc2a933d92aa3aec2325f3947c9cbb07e2d harbor.moresec.cn/ksp/kafka:2.8.0-debian-10-r43],SizeBytes:584339677,},ContainerImage{Names:[kennethreitz/httpbin@sha256:599fe5e5073102dbb0ee3dbb65f049dab44fa9fc251f6835c9990f8fb196a72b kennethreitz/httpbin:latest],SizeBytes:533651313,},ContainerImage{Names:[harbor.moresec.cn/ksp/ksp_agent@sha256:f96a653e88fcf5b71a82e603da3ace5e774c9dd4e37dcdfc7a1db3ce87267245 harbor.moresec.cn/ksp/ksp_agent:latest],SizeBytes:495969065,},ContainerImage{Names:[harbor.moresec.cn/ksp/ksp_agent@sha256:62d75a6961ee50b7bbea1eeb9a835b8809fbf868cda8ea7e30c57a871fe36ae4],SizeBytes:495943489,},ContainerImage{Names:[harbor.moresec.cn/ksp/ksp_agent@sha256:a405dae161a236cc6b51c59e3496a423f4153fc2817c26b99bf0fca613bce6af],SizeBytes:495925185,},ContainerImage{Names:[tomcat@sha256:9edc5c51c2dec7794769eede1e88a60e77abe355b73a77e231c464a8384d3697 tomcat:latest],SizeBytes:482487907,},ContainerImage{Names:[tomcat@sha256:8ece5eebda93ab45acf77b237f5564b3c558d0ce782c2f4302796043a621662f],SizeBytes:480307454,},ContainerImage{Names:[192.168.132.114/iast/iast@sha256:36f1db7e28c0b7a6d30ee9059c98d1067ec1f6eaf3ca2d5a3145a8e734dcc853],SizeBytes:479554906,},ContainerImage{Names:[192.168.132.114/iast/iast@sha256:d8e36d06161eec5a685f3cbe45cd43fb652a94b96387d4899951ae5cf1604cae],SizeBytes:479554903,},ContainerImage{Names:[192.168.132.114/iast/iast@sha256:5f2b9418c9d15338a3d2b984d78fab1f83d9b9e08354e2a0d307eab5b7824f75 192.168.132.114/iast/iast:latest],SizeBytes:479554902,},ContainerImage{Names:[docker-dev.moresec.cn:10443/ksp/influxdb@sha256:6277fd14835bf09c33cd13dd3a92393540745949f83e1e426092a7fe9ec2d6d5 harbor.moresec.cn/ksp/influxdb@sha256:4d688fb9837fcfb84ac4cdd65215e06c2c98cac743ffbbddde8a735d4ef1f707 docker-dev.moresec.cn:10443/ksp/influxdb:2.0.9-debian-10-r5 harbor.moresec.cn/ksp/influxdb:2.0.9-debian-10-r5],SizeBytes:468207544,},ContainerImage{Names:[docker-dev.moresec.cn:10443/ksp/zookeeper@sha256:3f077ee4e6b2ff601c2344b1bd007e752ad3ca66550eaf41604e290a02bb92c7 harbor.moresec.cn/ksp/zookeeper@sha256:3f077ee4e6b2ff601c2344b1bd007e752ad3ca66550eaf41604e290a02bb92c7 harbor.moresec.cn/ksp_1.3.0/zookeeper@sha256:3f077ee4e6b2ff601c2344b1bd007e752ad3ca66550eaf41604e290a02bb92c7 docker-dev.moresec.cn:10443/ksp/zookeeper:3.7.0-debian-10-r68 harbor.moresec.cn/ksp/zookeeper:3.7.0-debian-10-r68],SizeBytes:468025553,},ContainerImage{Names:[mysql@sha256:afc453de0d675083ac00d0538521f8a9a67d1cce180d70fab9925ebcc87a0eba mysql:5.7],SizeBytes:448217556,},ContainerImage{Names:[harbor.moresec.cn/ksp/sav_service@sha256:1cded1904d167b240f4821e7bc63745478991000e7715d5c4eecc134c25bb8ad harbor.moresec.cn/ksp/sav_service:2.2.0],SizeBytes:434790033,},ContainerImage{Names:[harbor.moresec.cn/ksp/ksp_agent@sha256:0fa5495795843bd5d69156d87b2d1c8ba34758af85fcd472ec6ad0daba56fe26],SizeBytes:433527765,},ContainerImage{Names:[harbor.moresec.cn/ksp/ksp_agent@sha256:7fc828e5732309187da20a9a025a142f8229f04087601a9fad119c3724ab6e92 harbor.moresec.cn/ksp/ksp_agent:2.2.0],SizeBytes:433527765,},ContainerImage{Names:[harbor.moresec.cn/ksp/ksp_agent@sha256:b6455a0f39f08b39b5ee701bbcfb11edb8484478bfe44f30a3a48f041ea504b1],SizeBytes:433527765,},ContainerImage{Names:[harbor.moresec.cn/ksp/ksp_agent:laishang],SizeBytes:433318869,},ContainerImage{Names:[k8s.gcr.io/e2e-test-images/volume/iscsi:2.2],SizeBytes:414158129,},ContainerImage{Names:[netdata/netdata@sha256:42ba5e0b0f0efaf39f3dda3f511690d7e0a6f0fef2ccfc6d629e01aa911349cc netdata/netdata:latest],SizeBytes:392760854,},ContainerImage{Names:[k8s.gcr.io/sig-storage/nfs-provisioner:v2.2.2],SizeBytes:391702539,},ContainerImage{Names:[k8s.gcr.io/e2e-test-images/glusterdynamic-provisioner:v1.0],SizeBytes:373269502,},ContainerImage{Names:[k8s.gcr.io/e2e-test-images/volume/gluster:1.2],SizeBytes:340272046,},ContainerImage{Names:[sonobuoy/systemd-logs@sha256:0b8b2b7b43b03f7db26e7e4b99be402495b77b496f5a5b0425b3c226bc1e9cbd sonobuoy/systemd-logs:v0.4],SizeBytes:314068873,},ContainerImage{Names:[harbor.moresec.cn/ksp/mysql@sha256:1a52fad24c8d9c47d9563773bf2fd6618cab64a2e7054a32c62d7ff83047d432 harbor.moresec.cn/ksp/mysql:5.7.34],SizeBytes:296256317,},ContainerImage{Names:[192.168.132.114/revshell/revshell@sha256:9b67dba407ee84b9c44b25000faab4b15234d348853ce5e51a7eb7dcefedcc26],SizeBytes:271797518,},ContainerImage{Names:[192.168.132.114/revshell/revshell@sha256:6d8b31f77b52acd39735757cc52d138f343fc49ea76772d4fac615d6064b5978 192.168.132.114/revshell/revshell:latest],SizeBytes:271797514,},ContainerImage{Names:[192.168.132.114/revshell/revshell@sha256:de8b9f596c76971d97ae900223fa5bf95ec51e80c75e40b0e16fcc76e73390d0],SizeBytes:271797416,},ContainerImage{Names:[192.168.132.114/revshell/revshell@sha256:3bbeef8c9f89b542784e94159ddc8e0365418886b5ef37f72d0b911396cdede0],SizeBytes:271797410,},ContainerImage{Names:[192.168.132.114/revshell/listen@sha256:e51b45cdcf6314fabe93ef6b0dda4062713628b951f948aac56154c2e092bd18 192.168.132.114/revshell/listen:latest],SizeBytes:271796301,},ContainerImage{Names:[192.168.132.114/revshell/listen@sha256:4aaf5ed8166fef1252bfa2784b85a691b438f0a1bfc286c1099a42e215971f3f],SizeBytes:271796199,},ContainerImage{Names:[harbor.moresec.cn/ksp/ksp_web@sha256:e0e443f252e6bd8f090341a555d8ae5846815293106341c78f6d00249babfa4a],SizeBytes:265801442,},ContainerImage{Names:[harbor.moresec.cn/ksp/ksp_web@sha256:c3f7ad61abe56853241fb79c1c05c6b8c86b190960b1f5f97140d891515304c9],SizeBytes:264539293,},ContainerImage{Names:[harbor.moresec.cn/ksp/ksp_web@sha256:b3fdc81d10a75ebe03bd5faef73e9edf161cd7940b9b374db637c12a0cd2cfc9],SizeBytes:264539173,},ContainerImage{Names:[harbor.moresec.cn/ksp/ksp_web@sha256:7b345a16af36b51412b69aca73a67848ce3ceb81f0045b4752df355d7ca6fc6c harbor.moresec.cn/ksp/ksp_web:2.2.0],SizeBytes:264538875,},ContainerImage{Names:[harbor.moresec.cn/ksp/ksp_web@sha256:0e4b5eff8946bf4d728d8931093c90949b4bff855edb420166406da7f57a8ece harbor.moresec.cn/ksp/ksp_web:latest],SizeBytes:264537370,},ContainerImage{Names:[harbor.moresec.cn/ksp/ksp_web@sha256:5453d21ff28597046c6848026d771fb09508a63ce6ad0abd7c82d5854002bdeb],SizeBytes:264507115,},ContainerImage{Names:[k8s.gcr.io/e2e-test-images/volume/nfs:1.2],SizeBytes:263870626,},},VolumesInUse:[],VolumesAttached:[]AttachedVolume{},Config:nil,},}&#xA;Jul 24 11:41:38.410: INFO: &#xA;Logging kubelet events for node kubernetes-node-02&#xA;Jul 24 11:41:38.479: INFO: &#xA;Logging pods the kubelet thinks is on node kubernetes-node-02&#xA;Jul 24 11:41:38.849: INFO: alertmanager-main-2 started at 2022-07-20 12:54:09 +0000 UTC (0+2 container statuses recorded)&#xA;Jul 24 11:41:38.849: INFO: &#x9;Container alertmanager ready: true, restart count 0&#xA;Jul 24 11:41:38.849: INFO: &#x9;Container config-reloader ready: true, restart count 0&#xA;Jul 24 11:41:38.849: INFO: ksp-controller-85dc685ddc-drtcb started at 2022-07-21 04:07:41 +0000 UTC (0+1 container statuses recorded)&#xA;Jul 24 11:41:38.849: INFO: &#x9;Container controller ready: true, restart count 0&#xA;Jul 24 11:41:38.849: INFO: kube-proxy-pshqk started at 2022-07-05 02:22:26 +0000 UTC (0+1 container statuses recorded)&#xA;Jul 24 11:41:38.849: INFO: &#x9;Container kube-proxy ready: true, restart count 1&#xA;Jul 24 11:41:38.849: INFO: tomcat-ttt45-6c575b65c4-hbkb2 started at 2022-07-21 02:26:42 +0000 UTC (0+1 container statuses recorded)&#xA;Jul 24 11:41:38.849: INFO: &#x9;Container tomcat-ttt45 ready: true, restart count 0&#xA;Jul 24 11:41:38.849: INFO: notification-manager-deployment-78664576cb-mjvs8 started at 2022-07-24 10:48:19 +0000 UTC (0+2 container statuses recorded)&#xA;Jul 24 11:41:38.849: INFO: &#x9;Container notification-manager ready: true, restart count 0&#xA;Jul 24 11:41:38.849: INFO: &#x9;Container tenant ready: true, restart count 0&#xA;Jul 24 11:41:38.849: INFO: revlisten64-6f96b96fdd-464bk started at 2022-07-21 07:42:39 +0000 UTC (0+1 container statuses recorded)&#xA;Jul 24 11:41:38.849: INFO: &#x9;Container revlisten64 ready: true, restart count 0&#xA;Jul 24 11:41:38.849: INFO: worker104-84f6f586c6-6z7qq started at 2022-07-21 02:47:33 +0000 UTC (0+1 container statuses recorded)&#xA;Jul 24 11:41:38.849: INFO: &#x9;Container worker104 ready: true, restart count 0&#xA;Jul 24 11:41:38.849: INFO: kubectl-nibaba-b45bd6bd5-2px2p started at 2022-07-21 02:48:32 +0000 UTC (0+1 container statuses recorded)&#xA;Jul 24 11:41:38.849: INFO: &#x9;Container kubectl ready: true, restart count 0&#xA;Jul 24 11:41:38.849: INFO: process57-5dc7d9d6f8-jpd28 started at 2022-07-21 03:01:27 +0000 UTC (0+1 container statuses recorded)&#xA;Jul 24 11:41:38.849: INFO: &#x9;Container process57 ready: true, restart count 0&#xA;Jul 24 11:41:38.849: INFO: worker106-5d44cc9f84-6xqp5 started at 2022-07-21 06:07:13 +0000 UTC (0+1 container statuses recorded)&#xA;Jul 24 11:41:38.849: INFO: &#x9;Container worker106 ready: true, restart count 0&#xA;Jul 24 11:41:38.849: INFO: ksp-mentor-bfd5c4db9-t9xnv started at 2022-07-24 10:48:15 +0000 UTC (0+1 container statuses recorded)&#xA;Jul 24 11:41:38.849: INFO: &#x9;Container mentor ready: true, restart count 0&#xA;Jul 24 11:41:38.849: INFO: ksp-zookeeper-0 started at 2022-07-20 12:49:22 +0000 UTC (0+1 container statuses recorded)&#xA;Jul 24 11:41:38.849: INFO: &#x9;Container zookeeper ready: true, restart count 0&#xA;Jul 24 11:41:38.849: INFO: node-exporter-mg4n8 started at 2022-07-08 03:28:05 +0000 UTC (0+2 container statuses recorded)&#xA;Jul 24 11:41:38.849: INFO: &#x9;Container kube-rbac-proxy ready: true, restart count 1&#xA;Jul 24 11:41:38.849: INFO: &#x9;Container node-exporter ready: true, restart count 2&#xA;Jul 24 11:41:38.849: INFO: ss2-2 started at 2022-07-23 11:41:42 +0000 UTC (0+1 container statuses recorded)&#xA;Jul 24 11:41:38.849: INFO: &#x9;Container webserver ready: true, restart count 0&#xA;Jul 24 11:41:38.849: INFO: worker107-5fb776b954-m6qdt started at 2022-07-21 06:07:25 +0000 UTC (0+1 container statuses recorded)&#xA;Jul 24 11:41:38.849: INFO: &#x9;Container worker107 ready: true, restart count 0&#xA;Jul 24 11:41:38.849: INFO: revshell-7448cf7f48-b8wgr started at 2022-07-21 07:45:13 +0000 UTC (0+1 container statuses recorded)&#xA;Jul 24 11:41:38.849: INFO: &#x9;Container revshell ready: true, restart count 0&#xA;Jul 24 11:41:38.849: INFO: local-path-provisioner-cc67d8db7-99c58 started at 2022-07-24 10:47:52 +0000 UTC (0+1 container statuses recorded)&#xA;Jul 24 11:41:38.849: INFO: &#x9;Container local-path-provisioner ready: true, restart count 0&#xA;Jul 24 11:41:38.849: INFO: gatekeeper-controller-manager-6566df6878-tfs6r started at 2022-07-24 10:47:53 +0000 UTC (0+1 container statuses recorded)&#xA;Jul 24 11:41:38.849: INFO: &#x9;Container manager ready: true, restart count 0&#xA;Jul 24 11:41:38.849: INFO: ks-controller-manager-bdbb456f4-sjwqk started at 2022-07-20 12:57:11 +0000 UTC (0+1 container statuses recorded)&#xA;Jul 24 11:41:38.849: INFO: &#x9;Container ks-controller-manager ready: true, restart count 5&#xA;Jul 24 11:41:38.849: INFO: ksp-strategy-85bc47b4cd-bj6pr started at 2022-07-21 03:05:39 +0000 UTC (0+1 container statuses recorded)&#xA;Jul 24 11:41:38.849: INFO: &#x9;Container strategy ready: true, restart count 0&#xA;Jul 24 11:41:38.849: INFO: kubectl-test-7d8d6cb4fd-fbz4m started at 2022-07-21 04:00:32 +0000 UTC (0+1 container statuses recorded)&#xA;Jul 24 11:41:38.849: INFO: &#x9;Container kubectl ready: true, restart count 0&#xA;Jul 24 11:41:38.849: INFO: worker105-58b68d59d-gzrt8 started at 2022-07-21 06:07:01 +0000 UTC (0+1 container statuses recorded)&#xA;Jul 24 11:41:38.849: INFO: &#x9;Container worker105 ready: true, restart count 0&#xA;Jul 24 11:41:38.849: INFO: kube-flannel-ds-rzjfb started at 2022-07-05 02:25:29 +0000 UTC (2+1 container statuses recorded)&#xA;Jul 24 11:41:38.849: INFO: &#x9;Init container install-cni-plugin ready: true, restart count 0&#xA;Jul 24 11:41:38.849: INFO: &#x9;Init container install-cni ready: true, restart count 0&#xA;Jul 24 11:41:38.849: INFO: &#x9;Container kube-flannel ready: true, restart count 6&#xA;Jul 24 11:41:38.849: INFO: prometheus-k8s-1 started at 2022-07-20 12:39:24 +0000 UTC (1+2 container statuses recorded)&#xA;Jul 24 11:41:38.849: INFO: &#x9;Init container init-config-reloader ready: true, restart count 0&#xA;Jul 24 11:41:38.849: INFO: &#x9;Container config-reloader ready: true, restart count 0&#xA;Jul 24 11:41:38.849: INFO: &#x9;Container prometheus ready: true, restart count 0&#xA;Jul 24 11:41:38.849: INFO: ksp-minio-6c4647754d-vd5mg started at 2022-07-20 12:39:24 +0000 UTC (0+1 container statuses recorded)&#xA;Jul 24 11:41:38.849: INFO: &#x9;Container minio ready: true, restart count 0&#xA;Jul 24 11:41:38.849: INFO: sonobuoy-systemd-logs-daemon-set-bb55de94825d4876-7s4cf started at 2022-07-24 11:15:36 +0000 UTC (0+2 container statuses recorded)&#xA;Jul 24 11:41:38.849: INFO: &#x9;Container sonobuoy-worker ready: true, restart count 0&#xA;Jul 24 11:41:38.849: INFO: &#x9;Container systemd-logs ready: true, restart count 0&#xA;Jul 24 11:41:38.849: INFO: tomcat-ttt46-6b659fdf4b-xlz4s started at 2022-07-21 02:35:27 +0000 UTC (0+1 container statuses recorded)&#xA;Jul 24 11:41:38.849: INFO: &#x9;Container tomcat-ttt46 ready: true, restart count 0&#xA;Jul 24 11:41:38.849: INFO: ksp-core-5b755544c7-4dtf2 started at 2022-07-24 10:47:53 +0000 UTC (0+1 container statuses recorded)&#xA;Jul 24 11:41:38.849: INFO: &#x9;Container core ready: true, restart count 0&#xA;Jul 24 11:41:38.849: INFO: ksp-influxdb-6c4b765b68-z6pbv started at 2022-07-20 12:39:24 +0000 UTC (0+1 container statuses recorded)&#xA;Jul 24 11:41:38.849: INFO: &#x9;Container influxdb ready: true, restart count 0&#xA;Jul 24 11:41:38.849: INFO: ks-apiserver-7c8c448bbb-gqlsh started at 2022-07-20 12:57:11 +0000 UTC (0+1 container statuses recorded)&#xA;Jul 24 11:41:38.849: INFO: &#x9;Container ks-apiserver ready: true, restart count 0&#xA;Jul 24 11:41:38.849: INFO: gatekeeper-audit-8b65cf5d5-b8fkx started at 2022-07-20 13:18:58 +0000 UTC (0+1 container statuses recorded)&#xA;Jul 24 11:41:38.849: INFO: &#x9;Container manager ready: true, restart count 3&#xA;Jul 24 11:41:38.849: INFO: kube-state-metrics-7bdc7484cf-cshjj started at 2022-07-24 10:47:51 +0000 UTC (0+3 container statuses recorded)&#xA;Jul 24 11:41:38.849: INFO: &#x9;Container kube-rbac-proxy-main ready: true, restart count 0&#xA;Jul 24 11:41:38.849: INFO: &#x9;Container kube-rbac-proxy-self ready: true, restart count 0&#xA;Jul 24 11:41:38.849: INFO: &#x9;Container kube-state-metrics ready: true, restart count 0&#xA;Jul 24 11:41:39.216: INFO: &#xA;Latency metrics for node kubernetes-node-02&#xA;Jul 24 11:41:39.216: INFO: Waiting up to 3m0s for all (but 0) nodes to be ready&#xA;STEP: Destroying namespace &#34;services-4582&#34; for this suite.&#xA;[AfterEach] [sig-network] Services&#xA;  /workspace/src/k8s.io/kubernetes/_output/dockerized/go/src/k8s.io/kubernetes/test/e2e/network/service.go:753&#xA;</system-out>
      </testcase>
      <testcase name="[sig-storage] In-tree Volumes [Driver: aws] [Testpattern: Dynamic PV (ntfs)][Feature:Windows] subPath should support readOnly directory specified in the volumeMount" classname="Kubernetes e2e suite" time="0">
          <skipped></skipped>
      </testcase>
      <testcase name="[sig-storage] In-tree Volumes [Driver: hostPath] [Testpattern: Dynamic PV (default fs)] fsgroupchangepolicy (OnRootMismatch)[LinuxOnly], pod created with an initial fsgroup, volume contents ownership changed in first pod, new pod with same fsgroup skips ownership changes to the volume contents" classname="Kubernetes e2e suite" time="0">
          <skipped></skipped>
      </testcase>
      <testcase name="[sig-storage] In-tree Volumes [Driver: local][LocalVolumeType: tmpfs] [Testpattern: Pre-provisioned PV (block volmode)] disruptive[Disruptive][LinuxOnly] Should test that pv written before kubelet restart is readable after restart." classname="Kubernetes e2e suite" time="0">
          <skipped></skipped>
      </testcase>
      <testcase name="[sig-storage] In-tree Volumes [Driver: local][LocalVolumeType: gce-localssd-scsi-fs] [Serial] [Testpattern: Dynamic PV (block volmode)] multiVolume [Slow] should concurrently access the volume and restored snapshot from pods on the same node [LinuxOnly][Feature:VolumeSnapshotDataSource][Feature:VolumeSourceXFS]" classname="Kubernetes e2e suite" time="0">
          <skipped></skipped>
      </testcase>
      <testcase name="[sig-storage] In-tree Volumes [Driver: gluster] [Testpattern: Dynamic PV (default fs)] subPath should unmount if pod is force deleted while kubelet is down [Disruptive][Slow][LinuxOnly]" classname="Kubernetes e2e suite" time="0">
          <skipped></skipped>
      </testcase>
      <testcase name="[sig-storage] In-tree Volumes [Driver: local][LocalVolumeType: gce-localssd-scsi-fs] [Serial] [Testpattern: Pre-provisioned PV (filesystem volmode)] multiVolume [Slow] should access to two volumes with the same volume mode and retain data across pod recreation on the same node" classname="Kubernetes e2e suite" time="0">
          <skipped></skipped>
      </testcase>
      <testcase name="[sig-network] Networking Granular Checks: Services should function for endpoint-Service: http" classname="Kubernetes e2e suite" time="0">
          <skipped></skipped>
      </testcase>
      <testcase name="[sig-storage] In-tree Volumes [Driver: hostPath] [Testpattern: Dynamic PV (block volmode)] multiVolume [Slow] should access to two volumes with the same volume mode and retain data across pod recreation on the same node" classname="Kubernetes e2e suite" time="0">
          <skipped></skipped>
      </testcase>
      <testcase name="[sig-storage] In-tree Volumes [Driver: gcepd] [Testpattern: Pre-provisioned PV (block volmode)] disruptive[Disruptive][LinuxOnly] Should test that pv used in a pod that is deleted while the kubelet is down cleans up when the kubelet returns." classname="Kubernetes e2e suite" time="0">
          <skipped></skipped>
      </testcase>
      <testcase name="[sig-storage] In-tree Volumes [Driver: iscsi][Feature:Volumes] [Testpattern: Dynamic PV (block volmode)] disruptive[Disruptive][LinuxOnly] Should test that pv used in a pod that is deleted while the kubelet is down cleans up when the kubelet returns." classname="Kubernetes e2e suite" time="0">
          <skipped></skipped>
      </testcase>
      <testcase name="[sig-auth] Metadata Concealment should run a check-metadata-concealment job to completion" classname="Kubernetes e2e suite" time="0">
          <skipped></skipped>
      </testcase>
      <testcase name="[sig-storage] PersistentVolumes-local  [Volume type: dir] Set fsGroup for local volume should set different fsGroup for second pod if first pod is deleted" classname="Kubernetes e2e suite" time="0">
          <skipped></skipped>
      </testcase>
      <testcase name="[sig-storage] In-tree Volumes [Driver: local][LocalVolumeType: tmpfs] [Testpattern: Inline-volume (xfs)][Slow] volumes should store data" classname="Kubernetes e2e suite" time="0">
          <skipped></skipped>
      </testcase>
      <testcase name="[sig-storage] In-tree Volumes [Driver: local][LocalVolumeType: dir-link] [Testpattern: Pre-provisioned PV (default fs)] subPath should unmount if pod is gracefully deleted while kubelet is down [Disruptive][Slow][LinuxOnly]" classname="Kubernetes e2e suite" time="0">
          <skipped></skipped>
      </testcase>
      <testcase name="[sig-storage] In-tree Volumes [Driver: windows-gcepd] [Testpattern: Pre-provisioned PV (default fs)] subPath should support non-existent path" classname="Kubernetes e2e suite" time="0">
          <skipped></skipped>
      </testcase>
      <testcase name="[sig-network] [Feature:PerformanceDNS][Serial] Should answer DNS query for maximum number of services per cluster" classname="Kubernetes e2e suite" time="0">
          <skipped></skipped>
      </testcase>
      <testcase name="[sig-storage] In-tree Volumes [Driver: windows-gcepd] [Testpattern: Pre-provisioned PV (block volmode)] multiVolume [Slow] should access to two volumes with the same volume mode and retain data across pod recreation on the same node" classname="Kubernetes e2e suite" time="0">
          <skipped></skipped>
      </testcase>
      <testcase name="[sig-storage] In-tree Volumes [Driver: local][LocalVolumeType: tmpfs] [Testpattern: Dynamic PV (filesystem volmode)] multiVolume [Slow] should concurrently access the single read-only volume from pods on the same node" classname="Kubernetes e2e suite" time="0">
          <skipped></skipped>
      </testcase>
      <testcase name="[sig-network] Netpol NetworkPolicy between server and client should properly isolate pods that are selected by a policy allowing SCTP, even if the plugin doesn&#39;t support SCTP [Feature:NetworkPolicy]" classname="Kubernetes e2e suite" time="0">
          <skipped></skipped>
      </testcase>
      <testcase name="[sig-storage] In-tree Volumes [Driver: gcepd] [Testpattern: Pre-provisioned PV (default fs)] subPath should be able to unmount after the subpath directory is deleted [LinuxOnly]" classname="Kubernetes e2e suite" time="0">
          <skipped></skipped>
      </testcase>
      <testcase name="[sig-api-machinery] AdmissionWebhook [Privileged:ClusterAdmin] patching/updating a validating webhook should work [Conformance]" classname="Kubernetes e2e suite" time="13.707010912"></testcase>
      <testcase name="[sig-network] NetworkPolicy [Feature:SCTPConnectivity][LinuxOnly][Disruptive] NetworkPolicy between server and client using SCTP should support a &#39;default-deny&#39; policy [Feature:NetworkPolicy]" classname="Kubernetes e2e suite" time="0">
          <skipped></skipped>
      </testcase>
      <testcase name="[sig-storage] In-tree Volumes [Driver: hostPathSymlink] [Testpattern: Pre-provisioned PV (default fs)] subPath should fail if subpath with backstepping is outside the volume [Slow][LinuxOnly]" classname="Kubernetes e2e suite" time="0">
          <skipped></skipped>
      </testcase>
      <testcase name="[sig-storage] In-tree Volumes [Driver: rbd][Feature:Volumes][Serial] [Testpattern: Dynamic PV (block volmode)] multiVolume [Slow] should concurrently access the volume and restored snapshot from pods on the same node [LinuxOnly][Feature:VolumeSnapshotDataSource][Feature:VolumeSourceXFS]" classname="Kubernetes e2e suite" time="0">
          <skipped></skipped>
      </testcase>
      <testcase name="[sig-storage] In-tree Volumes [Driver: local][LocalVolumeType: dir-bindmounted] [Testpattern: Dynamic PV (default fs)] subPath should support restarting containers using directory as subpath [Slow]" classname="Kubernetes e2e suite" time="0">
          <skipped></skipped>
      </testcase>
      <testcase name="[sig-storage] In-tree Volumes [Driver: local][LocalVolumeType: block] [Testpattern: Dynamic PV (ext4)] multiVolume [Slow] should access to two volumes with the same volume mode and retain data across pod recreation on the same node" classname="Kubernetes e2e suite" time="0">
          <skipped></skipped>
      </testcase>
      <testcase name="[sig-storage] In-tree Volumes [Driver: nfs] [Testpattern: Dynamic PV (default fs)] subPath should support creating multiple subpath from same volumes [Slow]" classname="Kubernetes e2e suite" time="0">
          <skipped></skipped>
      </testcase>
      <testcase name="[sig-storage] In-tree Volumes [Driver: windows-gcepd] [Testpattern: Pre-provisioned PV (ext3)] volumes should store data" classname="Kubernetes e2e suite" time="0">
          <skipped></skipped>
      </testcase>
      <testcase name="[sig-storage] In-tree Volumes [Driver: aws] [Testpattern: Dynamic PV (default fs)] subPath should support readOnly directory specified in the volumeMount" classname="Kubernetes e2e suite" time="0">
          <skipped></skipped>
      </testcase>
      <testcase name="[sig-storage] In-tree Volumes [Driver: emptydir] [Testpattern: Dynamic PV (ext4)] multiVolume [Slow] should concurrently access the volume and restored snapshot from pods on the same node [LinuxOnly][Feature:VolumeSnapshotDataSource][Feature:VolumeSourceXFS]" classname="Kubernetes e2e suite" time="0">
          <skipped></skipped>
      </testcase>
      <testcase name="[sig-storage] In-tree Volumes [Driver: local][LocalVolumeType: dir] [Testpattern: Dynamic PV (block volmode)] provisioning should provision storage with pvc data source in parallel [Slow]" classname="Kubernetes e2e suite" time="0">
          <skipped></skipped>
      </testcase>
      <testcase name="[sig-storage] CSI Volumes [Driver: pd.csi.storage.gke.io][Serial] [Testpattern: Dynamic PV (xfs)][Slow] multiVolume [Slow] should concurrently access the single volume from pods on different node" classname="Kubernetes e2e suite" time="0">
          <skipped></skipped>
      </testcase>
      <testcase name="[sig-storage] In-tree Volumes [Driver: gcepd] [Testpattern: Dynamic PV (ext4)] volumes should store data" classname="Kubernetes e2e suite" time="0">
          <skipped></skipped>
      </testcase>
      <testcase name="[sig-network] Loadbalancing: L7 GCE [Slow] [Feature:NEG] [Flaky] should conform to Ingress spec" classname="Kubernetes e2e suite" time="0">
          <skipped></skipped>
      </testcase>
      <testcase name="[sig-storage] In-tree Volumes [Driver: vsphere] [Testpattern: Pre-provisioned PV (filesystem volmode)] multiVolume [Slow] should concurrently access the volume and restored snapshot from pods on the same node [LinuxOnly][Feature:VolumeSnapshotDataSource][Feature:VolumeSourceXFS]" classname="Kubernetes e2e suite" time="0">
          <skipped></skipped>
      </testcase>
      <testcase name="[sig-api-machinery] CustomResourceDefinition resources [Privileged:ClusterAdmin] Simple CustomResourceDefinition creating/deleting custom resource definition objects works  [Conformance]" classname="Kubernetes e2e suite" time="1.613571756"></testcase>
      <testcase name="[sig-storage] In-tree Volumes [Driver: iscsi][Feature:Volumes] [Testpattern: Dynamic PV (default fs)] subPath should unmount if pod is force deleted while kubelet is down [Disruptive][Slow][LinuxOnly]" classname="Kubernetes e2e suite" time="0">
          <skipped></skipped>
      </testcase>
      <testcase name="[sig-storage] In-tree Volumes [Driver: local][LocalVolumeType: dir] [Testpattern: Dynamic PV (ntfs)][Feature:Windows] volume-expand should not allow expansion of pvcs without AllowVolumeExpansion property" classname="Kubernetes e2e suite" time="0">
          <skipped></skipped>
      </testcase>
      <testcase name="[sig-storage] In-tree Volumes [Driver: ceph][Feature:Volumes][Serial] [Testpattern: Dynamic PV (filesystem volmode)] volumeLimits should support volume limits [Serial]" classname="Kubernetes e2e suite" time="0">
          <skipped></skipped>
      </testcase>
      <testcase name="[sig-storage] PersistentVolumes-local  StatefulSet with pod affinity [Slow] should use volumes on one node when pod management is parallel and pod has affinity" classname="Kubernetes e2e suite" time="0">
          <skipped></skipped>
      </testcase>
      <testcase name="[sig-storage] In-tree Volumes [Driver: gcepd] [Testpattern: Pre-provisioned PV (default fs)] subPath should fail if non-existent subpath is outside the volume [Slow][LinuxOnly]" classname="Kubernetes e2e suite" time="0">
          <skipped></skipped>
      </testcase>
      <testcase name="[sig-storage] CSI Volumes [Driver: pd.csi.storage.gke.io][Serial] [Testpattern: Dynamic PV (default fs)] subPath should support existing directories when readOnly specified in the volumeSource" classname="Kubernetes e2e suite" time="0">
          <skipped></skipped>
      </testcase>
      <testcase name="[sig-cloud-provider-gcp] Reboot [Disruptive] [Feature:Reboot] each node by switching off the network interface and ensure they function upon switch on" classname="Kubernetes e2e suite" time="0">
          <skipped></skipped>
      </testcase>
      <testcase name="[sig-storage] PersistentVolumes-local  [Volume type: blockfswithformat] Two pods mounting a local volume one after the other should be able to write from pod1 and read from pod2" classname="Kubernetes e2e suite" time="0">
          <skipped></skipped>
      </testcase>
      <testcase name="[sig-storage] In-tree Volumes [Driver: hostPathSymlink] [Testpattern: Dynamic PV (filesystem volmode)] multiVolume [Slow] should access to two volumes with the same volume mode and retain data across pod recreation on different node" classname="Kubernetes e2e suite" time="0">
          <skipped></skipped>
      </testcase>
      <testcase name="[sig-storage] In-tree Volumes [Driver: windows-gcepd] [Testpattern: Dynamic PV (default fs)] subPath should support restarting containers using directory as subpath [Slow]" classname="Kubernetes e2e suite" time="0">
          <skipped></skipped>
      </testcase>
      <testcase name="[sig-storage] In-tree Volumes [Driver: local][LocalVolumeType: blockfs] [Testpattern: Dynamic PV (delayed binding)] topology should fail to schedule a pod which has topologies that conflict with AllowedTopologies" classname="Kubernetes e2e suite" time="0">
          <skipped></skipped>
      </testcase>
      <testcase name="[sig-storage] In-tree Volumes [Driver: local][LocalVolumeType: dir] [Testpattern: Dynamic PV (ntfs)][Feature:Windows] provisioning should provision storage with pvc data source" classname="Kubernetes e2e suite" time="0">
          <skipped></skipped>
      </testcase>
      <testcase name="[sig-storage] In-tree Volumes [Driver: vsphere] [Testpattern: Inline-volume (ntfs)][Feature:Windows] volumes should allow exec of files on the volume" classname="Kubernetes e2e suite" time="0">
          <skipped></skipped>
      </testcase>
      <testcase name="[sig-storage] In-tree Volumes [Driver: gcepd] [Testpattern: Dynamic PV (filesystem volmode)] multiVolume [Slow] should concurrently access the volume and its clone from pods on the same node [LinuxOnly][Feature:VolumeSnapshotDataSource][Feature:VolumeSourceXFS]" classname="Kubernetes e2e suite" time="0">
          <skipped></skipped>
      </testcase>
      <testcase name="[sig-storage] In-tree Volumes [Driver: azure-disk] [Testpattern: Pre-provisioned PV (filesystem volmode)] multiVolume [Slow] should access to two volumes with the same volume mode and retain data across pod recreation on different node" classname="Kubernetes e2e suite" time="0">
          <skipped></skipped>
      </testcase>
      <testcase name="[sig-network] DNS should provide DNS for ExternalName services [Conformance]" classname="Kubernetes e2e suite" time="129.082217453"></testcase>
      <testcase name="[sig-storage] In-tree Volumes [Driver: local][LocalVolumeType: block] [Testpattern: Dynamic PV (ext4)] volumes should store data" classname="Kubernetes e2e suite" time="0">
          <skipped></skipped>
      </testcase>
      <testcase name="[sig-storage] In-tree Volumes [Driver: nfs] [Testpattern: Dynamic PV (default fs)] subPath should support readOnly directory specified in the volumeMount" classname="Kubernetes e2e suite" time="0">
          <skipped></skipped>
      </testcase>
      <testcase name="[sig-storage] In-tree Volumes [Driver: local][LocalVolumeType: dir-bindmounted] [Testpattern: Dynamic PV (ntfs)][Feature:Windows] provisioning should provision storage with snapshot data source [Feature:VolumeSnapshotDataSource]" classname="Kubernetes e2e suite" time="0">
          <skipped></skipped>
      </testcase>
      <testcase name="[sig-storage] In-tree Volumes [Driver: local][LocalVolumeType: dir-link] [Testpattern: Dynamic PV (block volmode)] disruptive[Disruptive][LinuxOnly] Should test that pv used in a pod that is deleted while the kubelet is down cleans up when the kubelet returns." classname="Kubernetes e2e suite" time="0">
          <skipped></skipped>
      </testcase>
      <testcase name="[sig-storage] In-tree Volumes [Driver: local][LocalVolumeType: block] [Testpattern: Dynamic PV (filesystem volmode)] volumeLimits should verify that all csinodes have volume limits" classname="Kubernetes e2e suite" time="0">
          <skipped></skipped>
      </testcase>
      <testcase name="[sig-apps] DisruptionController should create a PodDisruptionBudget [Conformance]" classname="Kubernetes e2e suite" time="4.681912205"></testcase>
      <testcase name="[sig-storage] In-tree Volumes [Driver: hostPath] [Testpattern: Dynamic PV (ext4)] multiVolume [Slow] should concurrently access the single volume from pods on the same node" classname="Kubernetes e2e suite" time="0">
          <skipped></skipped>
      </testcase>
      <testcase name="[sig-storage] In-tree Volumes [Driver: local][LocalVolumeType: block] [Testpattern: Dynamic PV (default fs)] subPath should unmount if pod is gracefully deleted while kubelet is down [Disruptive][Slow][LinuxOnly]" classname="Kubernetes e2e suite" time="0">
          <skipped></skipped>
      </testcase>
      <testcase name="[sig-auth] ServiceAccounts should guarantee kube-root-ca.crt exist in any namespace [Conformance]" classname="Kubernetes e2e suite" time="1.291988818"></testcase>
      <testcase name="[sig-storage] In-tree Volumes [Driver: ceph][Feature:Volumes][Serial] [Testpattern: Pre-provisioned PV (default fs)] subPath should support existing directory" classname="Kubernetes e2e suite" time="0">
          <skipped></skipped>
      </testcase>
      <testcase name="[sig-storage] In-tree Volumes [Driver: cinder] [Testpattern: Dynamic PV (default fs)] fsgroupchangepolicy (OnRootMismatch)[LinuxOnly], pod created with an initial fsgroup, volume contents ownership changed in first pod, new pod with different fsgroup applied to the volume contents" classname="Kubernetes e2e suite" time="0">
          <skipped></skipped>
      </testcase>
      <testcase name="[sig-storage] In-tree Volumes [Driver: windows-gcepd] [Testpattern: Pre-provisioned PV (default fs)] volumeIO should write files of various sizes, verify size, validate content [Slow][LinuxOnly]" classname="Kubernetes e2e suite" time="0">
          <skipped></skipped>
      </testcase>
      <testcase name="[sig-storage] In-tree Volumes [Driver: emptydir] [Testpattern: Dynamic PV (block volmode)] multiVolume [Slow] should concurrently access the single volume from pods on the same node" classname="Kubernetes e2e suite" time="0">
          <skipped></skipped>
      </testcase>
      <testcase name="[sig-storage] In-tree Volumes [Driver: vsphere] [Testpattern: Pre-provisioned PV (default fs)] subPath should support readOnly file specified in the volumeMount [LinuxOnly]" classname="Kubernetes e2e suite" time="0">
          <skipped></skipped>
      </testcase>
      <testcase name="[sig-storage] In-tree Volumes [Driver: ceph][Feature:Volumes][Serial] [Testpattern: Dynamic PV (xfs)][Slow] multiVolume [Slow] should access to two volumes with the same volume mode and retain data across pod recreation on different node" classname="Kubernetes e2e suite" time="0">
          <skipped></skipped>
      </testcase>
      <testcase name="[sig-storage] In-tree Volumes [Driver: local][LocalVolumeType: dir-link] [Testpattern: Pre-provisioned PV (default fs)] subPath should be able to unmount after the subpath directory is deleted [LinuxOnly]" classname="Kubernetes e2e suite" time="0">
          <skipped></skipped>
      </testcase>
      <testcase name="[sig-storage] In-tree Volumes [Driver: gcepd] [Testpattern: Dynamic PV (filesystem volmode)] multiVolume [Slow] should access to two volumes with the same volume mode and retain data across pod recreation on the same node" classname="Kubernetes e2e suite" time="0">
          <skipped></skipped>
      </testcase>
      <testcase name="[sig-storage] In-tree Volumes [Driver: local][LocalVolumeType: dir-link-bindmounted] [Testpattern: Dynamic PV (block volmode)] volumes should store data" classname="Kubernetes e2e suite" time="0">
          <skipped></skipped>
      </testcase>
      <testcase name="[sig-storage] In-tree Volumes [Driver: vsphere] [Testpattern: Pre-provisioned PV (default fs)] subPath should unmount if pod is gracefully deleted while kubelet is down [Disruptive][Slow][LinuxOnly]" classname="Kubernetes e2e suite" time="0">
          <skipped></skipped>
      </testcase>
      <testcase name="[sig-storage] HostPathType Character Device [Slow] Should fail on mounting character device &#39;achardev&#39; when HostPathType is HostPathDirectory" classname="Kubernetes e2e suite" time="0">
          <skipped></skipped>
      </testcase>
      <testcase name="[sig-storage] In-tree Volumes [Driver: iscsi][Feature:Volumes] [Testpattern: Dynamic PV (default fs)] subPath should support restarting containers using directory as subpath [Slow]" classname="Kubernetes e2e suite" time="0">
          <skipped></skipped>
      </testcase>
      <testcase name="[sig-storage] In-tree Volumes [Driver: local][LocalVolumeType: block] [Testpattern: Dynamic PV (filesystem volmode)] multiVolume [Slow] should access to two volumes with different volume mode and retain data across pod recreation on different node" classname="Kubernetes e2e suite" time="0">
          <skipped></skipped>
      </testcase>
      <testcase name="[sig-storage] In-tree Volumes [Driver: local][LocalVolumeType: blockfs] [Testpattern: Dynamic PV (default fs)] volumes should store data" classname="Kubernetes e2e suite" time="0">
          <skipped></skipped>
      </testcase>
      <testcase name="[sig-apps] Deployment Deployment should have a working scale subresource [Conformance]" classname="Kubernetes e2e suite" time="8.800524384"></testcase>
      <testcase name="[sig-storage] In-tree Volumes [Driver: windows-gcepd] [Testpattern: Pre-provisioned PV (block volmode)] disruptive[Disruptive][LinuxOnly] Should test that pv used in a pod that is force deleted while the kubelet is down cleans up when the kubelet returns." classname="Kubernetes e2e suite" time="0">
          <skipped></skipped>
      </testcase>
      <testcase name="[sig-storage] In-tree Volumes [Driver: local][LocalVolumeType: blockfs] [Testpattern: Dynamic PV (xfs)][Slow] volumes should store data" classname="Kubernetes e2e suite" time="0">
          <skipped></skipped>
      </testcase>
      <testcase name="[sig-storage] In-tree Volumes [Driver: azure-disk] [Testpattern: Pre-provisioned PV (block volmode)] multiVolume [Slow] should access to two volumes with the same volume mode and retain data across pod recreation on different node" classname="Kubernetes e2e suite" time="0">
          <skipped></skipped>
      </testcase>
      <testcase name="[sig-storage] CSI Volumes [Driver: pd.csi.storage.gke.io][Serial] [Testpattern: Dynamic PV (default fs)] volumeIO should write files of various sizes, verify size, validate content [Slow][LinuxOnly]" classname="Kubernetes e2e suite" time="0">
          <skipped></skipped>
      </testcase>
      <testcase name="[sig-storage] In-tree Volumes [Driver: iscsi][Feature:Volumes] [Testpattern: Pre-provisioned PV (default fs)] subPath should support readOnly directory specified in the volumeMount" classname="Kubernetes e2e suite" time="0">
          <skipped></skipped>
      </testcase>
      <testcase name="[sig-storage] In-tree Volumes [Driver: aws] [Testpattern: Dynamic PV (block volmode)] multiVolume [Slow] should concurrently access the single read-only volume from pods on the same node" classname="Kubernetes e2e suite" time="0">
          <skipped></skipped>
      </testcase>
      <testcase name="[sig-storage] CSI Volumes [Driver: csi-hostpath] [Testpattern: Dynamic PV (filesystem volmode)] multiVolume [Slow] should access to two volumes with different volume mode and retain data across pod recreation on different node" classname="Kubernetes e2e suite" time="0">
          <skipped></skipped>
      </testcase>
      <testcase name="[sig-storage] In-tree Volumes [Driver: nfs] [Testpattern: Pre-provisioned PV (default fs)] subPath should verify container cannot write to subpath readonly volumes [Slow]" classname="Kubernetes e2e suite" time="0">
          <skipped></skipped>
      </testcase>
      <testcase name="[sig-storage] In-tree Volumes [Driver: emptydir] [Testpattern: Dynamic PV (ntfs)][Feature:Windows] subPath should unmount if pod is gracefully deleted while kubelet is down [Disruptive][Slow][LinuxOnly]" classname="Kubernetes e2e suite" time="0">
          <skipped></skipped>
      </testcase>
      <testcase name="[sig-storage] In-tree Volumes [Driver: local][LocalVolumeType: dir-link-bindmounted] [Testpattern: Dynamic PV (immediate binding)] topology should provision a volume and schedule a pod with AllowedTopologies" classname="Kubernetes e2e suite" time="0">
          <skipped></skipped>
      </testcase>
      <testcase name="[sig-storage] In-tree Volumes [Driver: local][LocalVolumeType: dir-bindmounted] [Testpattern: Dynamic PV (default fs)] subPath should be able to unmount after the subpath directory is deleted [LinuxOnly]" classname="Kubernetes e2e suite" time="0">
          <skipped></skipped>
      </testcase>
      <testcase name="[sig-network] Netpol NetworkPolicy between server and client should deny ingress from pods on other namespaces [Feature:NetworkPolicy]" classname="Kubernetes e2e suite" time="0">
          <skipped></skipped>
      </testcase>
      <testcase name="[sig-storage] In-tree Volumes [Driver: azure-disk] [Testpattern: Inline-volume (ext4)] volumes should allow exec of files on the volume" classname="Kubernetes e2e suite" time="0">
          <skipped></skipped>
      </testcase>
      <testcase name="[sig-storage] In-tree Volumes [Driver: hostPath] [Testpattern: Dynamic PV (default fs)] subPath should unmount if pod is force deleted while kubelet is down [Disruptive][Slow][LinuxOnly]" classname="Kubernetes e2e suite" time="0">
          <skipped></skipped>
      </testcase>
      <testcase name="[sig-cli] Kubectl client Kubectl version should check is all data is printed  [Conformance]" classname="Kubernetes e2e suite" time="0.556303887"></testcase>
      <testcase name="[sig-storage] In-tree Volumes [Driver: cinder] [Testpattern: Dynamic PV (default fs)(allowExpansion)] volume-expand should resize volume when PVC is edited while pod is using it" classname="Kubernetes e2e suite" time="0">
          <skipped></skipped>
      </testcase>
      <testcase name="[sig-storage] In-tree Volumes [Driver: aws] [Testpattern: Dynamic PV (default fs)] subPath should fail if subpath file is outside the volume [Slow][LinuxOnly]" classname="Kubernetes e2e suite" time="0">
          <skipped></skipped>
      </testcase>
      <testcase name="[sig-storage] In-tree Volumes [Driver: emptydir] [Testpattern: Pre-provisioned PV (filesystem volmode)] multiVolume [Slow] should access to two volumes with the same volume mode and retain data across pod recreation on different node" classname="Kubernetes e2e suite" time="0">
          <skipped></skipped>
      </testcase>
      <testcase name="[sig-storage] In-tree Volumes [Driver: local][LocalVolumeType: blockfs] [Testpattern: Dynamic PV (default fs)(allowExpansion)] volume-expand Verify if offline PVC expansion works" classname="Kubernetes e2e suite" time="0">
          <skipped></skipped>
      </testcase>
      <testcase name="[sig-node] InitContainer [NodeConformance] should invoke init containers on a RestartAlways pod [Conformance]" classname="Kubernetes e2e suite" time="12.029893851"></testcase>
      <testcase name="[sig-storage] In-tree Volumes [Driver: local][LocalVolumeType: tmpfs] [Testpattern: Dynamic PV (block volmode)] provisioning should provision storage with pvc data source" classname="Kubernetes e2e suite" time="0">
          <skipped></skipped>
      </testcase>
      <testcase name="[sig-storage] In-tree Volumes [Driver: local][LocalVolumeType: dir-link-bindmounted] [Testpattern: Pre-provisioned PV (filesystem volmode)] multiVolume [Slow] should access to two volumes with the same volume mode and retain data across pod recreation on the same node" classname="Kubernetes e2e suite" time="0">
          <skipped></skipped>
      </testcase>
      <testcase name="[sig-storage] In-tree Volumes [Driver: hostPathSymlink] [Testpattern: Inline-volume (ext4)] volumes should store data" classname="Kubernetes e2e suite" time="0">
          <skipped></skipped>
      </testcase>
      <testcase name="[sig-storage] CSI Volumes [Driver: csi-hostpath] [Testpattern: Dynamic PV (block volmode)] disruptive[Disruptive][LinuxOnly] Should test that pv used in a pod that is deleted while the kubelet is down cleans up when the kubelet returns." classname="Kubernetes e2e suite" time="0">
          <skipped></skipped>
      </testcase>
      <testcase name="[sig-storage] In-tree Volumes [Driver: hostPathSymlink] [Testpattern: Inline-volume (default fs)] subPath should fail if subpath directory is outside the volume [Slow][LinuxOnly]" classname="Kubernetes e2e suite" time="0">
          <skipped></skipped>
      </testcase>
      <testcase name="[sig-storage] In-tree Volumes [Driver: hostPathSymlink] [Testpattern: Dynamic PV (block volmode)] provisioning should provision storage with pvc data source" classname="Kubernetes e2e suite" time="0">
          <skipped></skipped>
      </testcase>
      <testcase name="[sig-storage] In-tree Volumes [Driver: local][LocalVolumeType: tmpfs] [Testpattern: Dynamic PV (ext3)] volumes should allow exec of files on the volume" classname="Kubernetes e2e suite" time="0">
          <skipped></skipped>
      </testcase>
      <testcase name="[sig-apps] CronJob should replace jobs when ReplaceConcurrent [Conformance]" classname="Kubernetes e2e suite" time="90.299481639"></testcase>
      <testcase name="[sig-storage] In-tree Volumes [Driver: local][LocalVolumeType: dir] [Testpattern: Pre-provisioned PV (default fs)] subPath should be able to unmount after the subpath directory is deleted [LinuxOnly]" classname="Kubernetes e2e suite" time="0">
          <skipped></skipped>
      </testcase>
      <testcase name="[sig-apps] Daemon set [Serial] should verify changes to a daemon set status [Conformance]" classname="Kubernetes e2e suite" time="607.853585818"></testcase>
      <testcase name="[sig-storage] In-tree Volumes [Driver: nfs] [Testpattern: Pre-provisioned PV (block volmode)] multiVolume [Slow] should concurrently access the single volume from pods on different node" classname="Kubernetes e2e suite" time="0">
          <skipped></skipped>
      </testcase>
      <testcase name="[sig-network] Services should work after restarting kube-proxy [Disruptive]" classname="Kubernetes e2e suite" time="0">
          <skipped></skipped>
      </testcase>
      <testcase name="[sig-storage] In-tree Volumes [Driver: local][LocalVolumeType: dir] [Testpattern: Dynamic PV (xfs)][Slow] multiVolume [Slow] should concurrently access the single volume from pods on the same node" classname="Kubernetes e2e suite" time="0">
          <skipped></skipped>
      </testcase>
      <testcase name="[sig-storage] Subpath Atomic writer volumes should support subpaths with projected pod [LinuxOnly] [Conformance]" classname="Kubernetes e2e suite" time="29.273528169"></testcase>
      <testcase name="[sig-storage] In-tree Volumes [Driver: vsphere] [Testpattern: Dynamic PV (filesystem volmode)] multiVolume [Slow] should access to two volumes with different volume mode and retain data across pod recreation on the same node" classname="Kubernetes e2e suite" time="0">
          <skipped></skipped>
      </testcase>
      <testcase name="[sig-storage] In-tree Volumes [Driver: azure-disk] [Testpattern: Dynamic PV (block volmode)] volumeMode should not mount / map unused volumes in a pod [LinuxOnly]" classname="Kubernetes e2e suite" time="0">
          <skipped></skipped>
      </testcase>
      <testcase name="[sig-storage] In-tree Volumes [Driver: vsphere] [Testpattern: Dynamic PV (default fs)] subPath should support existing directories when readOnly specified in the volumeSource" classname="Kubernetes e2e suite" time="0">
          <skipped></skipped>
      </testcase>
      <testcase name="[sig-storage] In-tree Volumes [Driver: local][LocalVolumeType: dir-link] [Testpattern: Dynamic PV (block volmode)] volume-stress multiple pods should access different volumes repeatedly [Slow] [Serial]" classname="Kubernetes e2e suite" time="0">
          <skipped></skipped>
      </testcase>
      <testcase name="[sig-storage] In-tree Volumes [Driver: local][LocalVolumeType: gce-localssd-scsi-fs] [Serial] [Testpattern: Dynamic PV (default fs)] capacity provides storage capacity information" classname="Kubernetes e2e suite" time="0">
          <skipped></skipped>
      </testcase>
      <testcase name="[sig-apps] StatefulSet Deploy clustered applications [Feature:StatefulSet] [Slow] should creating a working redis cluster" classname="Kubernetes e2e suite" time="0">
          <skipped></skipped>
      </testcase>
      <testcase name="[sig-storage] In-tree Volumes [Driver: emptydir] [Testpattern: Dynamic PV (default fs)] fsgroupchangepolicy (OnRootMismatch)[LinuxOnly], pod created with an initial fsgroup, volume contents ownership changed in first pod, new pod with different fsgroup applied to the volume contents" classname="Kubernetes e2e suite" time="0">
          <skipped></skipped>
      </testcase>
      <testcase name="[sig-storage] In-tree Volumes [Driver: gcepd] [Testpattern: Dynamic PV (immediate binding)] topology should fail to schedule a pod which has topologies that conflict with AllowedTopologies" classname="Kubernetes e2e suite" time="0">
          <skipped></skipped>
      </testcase>
      <testcase name="[sig-api-machinery] AdmissionWebhook [Privileged:ClusterAdmin] should mutate custom resource with different stored version [Conformance]" classname="Kubernetes e2e suite" time="13.007045399"></testcase>
      <testcase name="[sig-storage] CSI Volumes [Driver: pd.csi.storage.gke.io][Serial] [Testpattern: Dynamic PV (filesystem volmode)] volumeLimits should verify that all csinodes have volume limits" classname="Kubernetes e2e suite" time="0">
          <skipped></skipped>
      </testcase>
      <testcase name="[sig-storage] In-tree Volumes [Driver: aws] [Testpattern: Pre-provisioned PV (xfs)][Slow] volumes should store data" classname="Kubernetes e2e suite" time="0">
          <skipped></skipped>
      </testcase>
      <testcase name="[sig-storage] In-tree Volumes [Driver: gluster] [Testpattern: Dynamic PV (default fs)] subPath should fail if subpath directory is outside the volume [Slow][LinuxOnly]" classname="Kubernetes e2e suite" time="0">
          <skipped></skipped>
      </testcase>
      <testcase name="[sig-storage] In-tree Volumes [Driver: local][LocalVolumeType: dir] [Testpattern: Dynamic PV (ext4)] multiVolume [Slow] should concurrently access the single volume from pods on the same node" classname="Kubernetes e2e suite" time="0">
          <skipped></skipped>
      </testcase>
      <testcase name="[sig-storage] In-tree Volumes [Driver: local][LocalVolumeType: dir-link-bindmounted] [Testpattern: Pre-provisioned PV (default fs)] subPath should support restarting containers using directory as subpath [Slow]" classname="Kubernetes e2e suite" time="0">
          <skipped></skipped>
      </testcase>
      <testcase name="[sig-storage] In-tree Volumes [Driver: ceph][Feature:Volumes][Serial] [Testpattern: Pre-provisioned PV (default fs)] subPath should unmount if pod is force deleted while kubelet is down [Disruptive][Slow][LinuxOnly]" classname="Kubernetes e2e suite" time="0">
          <skipped></skipped>
      </testcase>
      <testcase name="[sig-storage] In-tree Volumes [Driver: rbd][Feature:Volumes][Serial] [Testpattern: Dynamic PV (ntfs)][Feature:Windows] subPath should fail if subpath with backstepping is outside the volume [Slow][LinuxOnly]" classname="Kubernetes e2e suite" time="0">
          <skipped></skipped>
      </testcase>
      <testcase name="[sig-storage] In-tree Volumes [Driver: azure-disk] [Testpattern: Dynamic PV (default fs)] subPath should support non-existent path" classname="Kubernetes e2e suite" time="0">
          <skipped></skipped>
      </testcase>
      <testcase name="[sig-storage] In-tree Volumes [Driver: rbd][Feature:Volumes][Serial] [Testpattern: Dynamic PV (ntfs)][Feature:Windows] subPath should support existing single file [LinuxOnly]" classname="Kubernetes e2e suite" time="0">
          <skipped></skipped>
      </testcase>
      <testcase name="[sig-storage] In-tree Volumes [Driver: hostPathSymlink] [Testpattern: Pre-provisioned PV (filesystem volmode)] volumeMode should not mount / map unused volumes in a pod [LinuxOnly]" classname="Kubernetes e2e suite" time="0">
          <skipped></skipped>
      </testcase>
      <testcase name="[sig-storage] In-tree Volumes [Driver: local][LocalVolumeType: blockfs] [Testpattern: Dynamic PV (default fs)] subPath should fail if subpath with backstepping is outside the volume [Slow][LinuxOnly]" classname="Kubernetes e2e suite" time="0">
          <skipped></skipped>
      </testcase>
      <testcase name="[sig-auth] [Feature:NodeAuthorizer] Getting a non-existent secret should exit with the Forbidden error, not a NotFound error" classname="Kubernetes e2e suite" time="0">
          <skipped></skipped>
      </testcase>
      <testcase name="[sig-storage] In-tree Volumes [Driver: local][LocalVolumeType: blockfs] [Testpattern: Pre-provisioned PV (block volmode)] disruptive[Disruptive][LinuxOnly] Should test that pv used in a pod that is deleted while the kubelet is down cleans up when the kubelet returns." classname="Kubernetes e2e suite" time="0">
          <skipped></skipped>
      </testcase>
      <testcase name="[sig-storage] In-tree Volumes [Driver: gcepd] [Testpattern: Dynamic PV (default fs)] subPath should fail if non-existent subpath is outside the volume [Slow][LinuxOnly]" classname="Kubernetes e2e suite" time="0">
          <skipped></skipped>
      </testcase>
      <testcase name="[sig-storage] CSI Volumes [Driver: pd.csi.storage.gke.io][Serial] [Testpattern: Dynamic PV (ext4)] multiVolume [Slow] should concurrently access the volume and restored snapshot from pods on the same node [LinuxOnly][Feature:VolumeSnapshotDataSource][Feature:VolumeSourceXFS]" classname="Kubernetes e2e suite" time="0">
          <skipped></skipped>
      </testcase>
      <testcase name="[sig-storage] In-tree Volumes [Driver: gcepd] [Testpattern: Dynamic PV (xfs)][Slow] multiVolume [Slow] should concurrently access the volume and its clone from pods on the same node [LinuxOnly][Feature:VolumeSnapshotDataSource][Feature:VolumeSourceXFS]" classname="Kubernetes e2e suite" time="0">
          <skipped></skipped>
      </testcase>
      <testcase name="[sig-storage] In-tree Volumes [Driver: cinder] [Testpattern: Dynamic PV (xfs)][Slow] multiVolume [Slow] should access to two volumes with different volume mode and retain data across pod recreation on different node" classname="Kubernetes e2e suite" time="0">
          <skipped></skipped>
      </testcase>
      <testcase name="[sig-scheduling] SchedulerPreemption [Serial] validates basic preemption works [Conformance]" classname="Kubernetes e2e suite" time="443.366980868">
          <failure type="Failure">/workspace/src/k8s.io/kubernetes/_output/dockerized/go/src/k8s.io/kubernetes/test/e2e/framework/framework.go:630&#xA;Jul 24 12:03:28.485: Unexpected error:&#xA;    &lt;*errors.StatusError | 0xc0042b5680&gt;: {&#xA;        ErrStatus: {&#xA;            TypeMeta: {Kind: &#34;&#34;, APIVersion: &#34;&#34;},&#xA;            ListMeta: {&#xA;                SelfLink: &#34;&#34;,&#xA;                ResourceVersion: &#34;&#34;,&#xA;                Continue: &#34;&#34;,&#xA;                RemainingItemCount: nil,&#xA;            },&#xA;            Status: &#34;Failure&#34;,&#xA;            Message: &#34;pods \&#34;pod2-0-sched-preemption-medium-priority\&#34; not found&#34;,&#xA;            Reason: &#34;NotFound&#34;,&#xA;            Details: {&#xA;                Name: &#34;pod2-0-sched-preemption-medium-priority&#34;,&#xA;                Group: &#34;&#34;,&#xA;                Kind: &#34;pods&#34;,&#xA;                UID: &#34;&#34;,&#xA;                Causes: nil,&#xA;                RetryAfterSeconds: 0,&#xA;            },&#xA;            Code: 404,&#xA;        },&#xA;    }&#xA;    pods &#34;pod2-0-sched-preemption-medium-priority&#34; not found&#xA;occurred&#xA;/workspace/src/k8s.io/kubernetes/_output/dockerized/go/src/k8s.io/kubernetes/test/e2e/scheduling/preemption.go:199</failure>
          <system-out>[BeforeEach] [sig-scheduling] SchedulerPreemption [Serial]&#xA;  /workspace/src/k8s.io/kubernetes/_output/dockerized/go/src/k8s.io/kubernetes/test/e2e/framework/framework.go:185&#xA;STEP: Creating a kubernetes client&#xA;Jul 24 11:56:51.667: INFO: &gt;&gt;&gt; kubeConfig: /tmp/kubeconfig-821373319&#xA;STEP: Building a namespace api object, basename sched-preemption&#xA;STEP: Waiting for a default service account to be provisioned in namespace&#xA;[BeforeEach] [sig-scheduling] SchedulerPreemption [Serial]&#xA;  /workspace/src/k8s.io/kubernetes/_output/dockerized/go/src/k8s.io/kubernetes/test/e2e/scheduling/preemption.go:90&#xA;Jul 24 11:56:51.942: INFO: Waiting up to 1m0s for all nodes to be ready&#xA;Jul 24 11:57:52.044: INFO: Waiting for terminating namespaces to be deleted...&#xA;[It] validates basic preemption works [Conformance]&#xA;  /workspace/src/k8s.io/kubernetes/_output/dockerized/go/src/k8s.io/kubernetes/test/e2e/framework/framework.go:630&#xA;STEP: Create pods that use 4/5 of node resources.&#xA;Jul 24 11:57:52.082: INFO: Created pod: pod0-0-sched-preemption-low-priority&#xA;Jul 24 11:57:52.094: INFO: Created pod: pod0-1-sched-preemption-medium-priority&#xA;Jul 24 11:57:52.189: INFO: Created pod: pod1-0-sched-preemption-medium-priority&#xA;Jul 24 11:57:52.222: INFO: Created pod: pod1-1-sched-preemption-medium-priority&#xA;Jul 24 11:57:52.275: INFO: Created pod: pod2-0-sched-preemption-medium-priority&#xA;Jul 24 11:57:52.384: INFO: Created pod: pod2-1-sched-preemption-medium-priority&#xA;STEP: Wait for pods to be scheduled.&#xA;STEP: Run a high priority pod that has same requirements as that of lower priority pod&#xA;Jul 24 12:03:28.485: FAIL: Unexpected error:&#xA;    &lt;*errors.StatusError | 0xc0042b5680&gt;: {&#xA;        ErrStatus: {&#xA;            TypeMeta: {Kind: &#34;&#34;, APIVersion: &#34;&#34;},&#xA;            ListMeta: {&#xA;                SelfLink: &#34;&#34;,&#xA;                ResourceVersion: &#34;&#34;,&#xA;                Continue: &#34;&#34;,&#xA;                RemainingItemCount: nil,&#xA;            },&#xA;            Status: &#34;Failure&#34;,&#xA;            Message: &#34;pods \&#34;pod2-0-sched-preemption-medium-priority\&#34; not found&#34;,&#xA;            Reason: &#34;NotFound&#34;,&#xA;            Details: {&#xA;                Name: &#34;pod2-0-sched-preemption-medium-priority&#34;,&#xA;                Group: &#34;&#34;,&#xA;                Kind: &#34;pods&#34;,&#xA;                UID: &#34;&#34;,&#xA;                Causes: nil,&#xA;                RetryAfterSeconds: 0,&#xA;            },&#xA;            Code: 404,&#xA;        },&#xA;    }&#xA;    pods &#34;pod2-0-sched-preemption-medium-priority&#34; not found&#xA;occurred&#xA;&#xA;Full Stack Trace&#xA;k8s.io/kubernetes/test/e2e/scheduling.glob..func5.3()&#xA;&#x9;/workspace/src/k8s.io/kubernetes/_output/dockerized/go/src/k8s.io/kubernetes/test/e2e/scheduling/preemption.go:199 +0xf94&#xA;k8s.io/kubernetes/test/e2e.RunE2ETests(0xc0005db200)&#xA;&#x9;_output/dockerized/go/src/k8s.io/kubernetes/test/e2e/e2e.go:130 +0x36c&#xA;k8s.io/kubernetes/test/e2e.TestE2E(0xc0005db200)&#xA;&#x9;_output/dockerized/go/src/k8s.io/kubernetes/test/e2e/e2e_test.go:136 +0x2b&#xA;testing.tRunner(0xc0005db200, 0x72d52f0)&#xA;&#x9;/usr/local/go/src/testing/testing.go:1193 +0xef&#xA;created by testing.(*T).Run&#xA;&#x9;/usr/local/go/src/testing/testing.go:1238 +0x2b3&#xA;[AfterEach] [sig-scheduling] SchedulerPreemption [Serial]&#xA;  /workspace/src/k8s.io/kubernetes/_output/dockerized/go/src/k8s.io/kubernetes/test/e2e/framework/framework.go:186&#xA;STEP: Collecting events from namespace &#34;sched-preemption-5320&#34;.&#xA;STEP: Found 41 events.&#xA;Jul 24 12:03:28.489: INFO: At 2022-07-24 11:57:52 +0000 UTC - event for pod0-0-sched-preemption-low-priority: {default-scheduler } FailedScheduling: 0/4 nodes are available: 1 Insufficient scheduling.k8s.io/foo, 1 node(s) had taint {node-role.kubernetes.io/master: }, that the pod didn&#39;t tolerate, 2 node(s) didn&#39;t match Pod&#39;s node affinity/selector.&#xA;Jul 24 12:03:28.489: INFO: At 2022-07-24 11:57:52 +0000 UTC - event for pod0-1-sched-preemption-medium-priority: {default-scheduler } FailedScheduling: 0/4 nodes are available: 1 Insufficient scheduling.k8s.io/foo, 1 node(s) had taint {node-role.kubernetes.io/master: }, that the pod didn&#39;t tolerate, 2 node(s) didn&#39;t match Pod&#39;s node affinity/selector.&#xA;Jul 24 12:03:28.489: INFO: At 2022-07-24 11:57:52 +0000 UTC - event for pod1-0-sched-preemption-medium-priority: {default-scheduler } FailedScheduling: 0/4 nodes are available: 1 Insufficient scheduling.k8s.io/foo, 1 node(s) had taint {node-role.kubernetes.io/master: }, that the pod didn&#39;t tolerate, 2 node(s) didn&#39;t match Pod&#39;s node affinity/selector.&#xA;Jul 24 12:03:28.489: INFO: At 2022-07-24 11:57:52 +0000 UTC - event for pod1-1-sched-preemption-medium-priority: {default-scheduler } FailedScheduling: 0/4 nodes are available: 1 Insufficient scheduling.k8s.io/foo, 1 node(s) had taint {node-role.kubernetes.io/master: }, that the pod didn&#39;t tolerate, 2 node(s) didn&#39;t match Pod&#39;s node affinity/selector.&#xA;Jul 24 12:03:28.489: INFO: At 2022-07-24 11:57:52 +0000 UTC - event for pod2-0-sched-preemption-medium-priority: {default-scheduler } FailedScheduling: 0/4 nodes are available: 1 Insufficient scheduling.k8s.io/foo, 1 node(s) had taint {node-role.kubernetes.io/master: }, that the pod didn&#39;t tolerate, 2 node(s) didn&#39;t match Pod&#39;s node affinity/selector.&#xA;Jul 24 12:03:28.489: INFO: At 2022-07-24 11:57:52 +0000 UTC - event for pod2-1-sched-preemption-medium-priority: {default-scheduler } FailedScheduling: 0/4 nodes are available: 1 Insufficient scheduling.k8s.io/foo, 1 node(s) had taint {node-role.kubernetes.io/master: }, that the pod didn&#39;t tolerate, 2 node(s) didn&#39;t match Pod&#39;s node affinity/selector.&#xA;Jul 24 12:03:28.489: INFO: At 2022-07-24 11:57:57 +0000 UTC - event for pod1-0-sched-preemption-medium-priority: {default-scheduler } Scheduled: Successfully assigned sched-preemption-5320/pod1-0-sched-preemption-medium-priority to kubernetes-node-01&#xA;Jul 24 12:03:28.489: INFO: At 2022-07-24 11:57:57 +0000 UTC - event for pod1-1-sched-preemption-medium-priority: {default-scheduler } Scheduled: Successfully assigned sched-preemption-5320/pod1-1-sched-preemption-medium-priority to kubernetes-node-01&#xA;Jul 24 12:03:28.489: INFO: At 2022-07-24 11:57:58 +0000 UTC - event for pod0-0-sched-preemption-low-priority: {default-scheduler } Scheduled: Successfully assigned sched-preemption-5320/pod0-0-sched-preemption-low-priority to k8s-node03&#xA;Jul 24 12:03:28.489: INFO: At 2022-07-24 11:57:58 +0000 UTC - event for pod0-1-sched-preemption-medium-priority: {default-scheduler } Scheduled: Successfully assigned sched-preemption-5320/pod0-1-sched-preemption-medium-priority to k8s-node03&#xA;Jul 24 12:03:28.489: INFO: At 2022-07-24 11:58:01 +0000 UTC - event for pod1-1-sched-preemption-medium-priority: {kubelet kubernetes-node-01} Pulled: Container image &#34;k8s.gcr.io/pause:3.5&#34; already present on machine&#xA;Jul 24 12:03:28.489: INFO: At 2022-07-24 11:58:01 +0000 UTC - event for pod2-0-sched-preemption-medium-priority: {default-scheduler } Scheduled: Successfully assigned sched-preemption-5320/pod2-0-sched-preemption-medium-priority to kubernetes-node-02&#xA;Jul 24 12:03:28.489: INFO: At 2022-07-24 11:58:01 +0000 UTC - event for pod2-1-sched-preemption-medium-priority: {default-scheduler } Scheduled: Successfully assigned sched-preemption-5320/pod2-1-sched-preemption-medium-priority to kubernetes-node-02&#xA;Jul 24 12:03:28.489: INFO: At 2022-07-24 11:58:03 +0000 UTC - event for pod1-0-sched-preemption-medium-priority: {kubelet kubernetes-node-01} Pulled: Container image &#34;k8s.gcr.io/pause:3.5&#34; already present on machine&#xA;Jul 24 12:03:28.489: INFO: At 2022-07-24 11:58:04 +0000 UTC - event for pod1-1-sched-preemption-medium-priority: {kubelet kubernetes-node-01} Created: Created container pod1-1-sched-preemption-medium-priority&#xA;Jul 24 12:03:28.489: INFO: At 2022-07-24 11:58:05 +0000 UTC - event for pod2-0-sched-preemption-medium-priority: {kubelet kubernetes-node-02} Pulled: Container image &#34;k8s.gcr.io/pause:3.5&#34; already present on machine&#xA;Jul 24 12:03:28.489: INFO: At 2022-07-24 11:58:06 +0000 UTC - event for pod1-0-sched-preemption-medium-priority: {kubelet kubernetes-node-01} Created: Created container pod1-0-sched-preemption-medium-priority&#xA;Jul 24 12:03:28.489: INFO: At 2022-07-24 11:58:06 +0000 UTC - event for pod1-0-sched-preemption-medium-priority: {kubelet kubernetes-node-01} Started: Started container pod1-0-sched-preemption-medium-priority&#xA;Jul 24 12:03:28.489: INFO: At 2022-07-24 11:58:06 +0000 UTC - event for pod1-1-sched-preemption-medium-priority: {kubelet kubernetes-node-01} Started: Started container pod1-1-sched-preemption-medium-priority&#xA;Jul 24 12:03:28.489: INFO: At 2022-07-24 11:58:06 +0000 UTC - event for pod2-1-sched-preemption-medium-priority: {kubelet kubernetes-node-02} Pulled: Container image &#34;k8s.gcr.io/pause:3.5&#34; already present on machine&#xA;Jul 24 12:03:28.489: INFO: At 2022-07-24 11:58:07 +0000 UTC - event for pod2-0-sched-preemption-medium-priority: {kubelet kubernetes-node-02} Created: Created container pod2-0-sched-preemption-medium-priority&#xA;Jul 24 12:03:28.489: INFO: At 2022-07-24 11:58:08 +0000 UTC - event for pod2-0-sched-preemption-medium-priority: {kubelet kubernetes-node-02} Started: Started container pod2-0-sched-preemption-medium-priority&#xA;Jul 24 12:03:28.489: INFO: At 2022-07-24 11:58:09 +0000 UTC - event for pod2-1-sched-preemption-medium-priority: {kubelet kubernetes-node-02} Started: Started container pod2-1-sched-preemption-medium-priority&#xA;Jul 24 12:03:28.489: INFO: At 2022-07-24 11:58:09 +0000 UTC - event for pod2-1-sched-preemption-medium-priority: {kubelet kubernetes-node-02} Created: Created container pod2-1-sched-preemption-medium-priority&#xA;Jul 24 12:03:28.489: INFO: At 2022-07-24 11:59:03 +0000 UTC - event for pod0-0-sched-preemption-low-priority: {kubelet k8s-node03} Created: Created container pod0-0-sched-preemption-low-priority&#xA;Jul 24 12:03:28.489: INFO: At 2022-07-24 11:59:03 +0000 UTC - event for pod0-0-sched-preemption-low-priority: {kubelet k8s-node03} Pulled: Container image &#34;k8s.gcr.io/pause:3.5&#34; already present on machine&#xA;Jul 24 12:03:28.489: INFO: At 2022-07-24 11:59:03 +0000 UTC - event for pod0-0-sched-preemption-low-priority: {kubelet k8s-node03} Started: Started container pod0-0-sched-preemption-low-priority&#xA;Jul 24 12:03:28.489: INFO: At 2022-07-24 11:59:03 +0000 UTC - event for pod0-1-sched-preemption-medium-priority: {kubelet k8s-node03} Started: Started container pod0-1-sched-preemption-medium-priority&#xA;Jul 24 12:03:28.489: INFO: At 2022-07-24 11:59:03 +0000 UTC - event for pod0-1-sched-preemption-medium-priority: {kubelet k8s-node03} Pulled: Container image &#34;k8s.gcr.io/pause:3.5&#34; already present on machine&#xA;Jul 24 12:03:28.489: INFO: At 2022-07-24 11:59:03 +0000 UTC - event for pod0-1-sched-preemption-medium-priority: {kubelet k8s-node03} Created: Created container pod0-1-sched-preemption-medium-priority&#xA;Jul 24 12:03:28.489: INFO: At 2022-07-24 12:00:14 +0000 UTC - event for pod0-0-sched-preemption-low-priority: {taint-controller } TaintManagerEviction: Cancelling deletion of Pod sched-preemption-5320/pod0-0-sched-preemption-low-priority&#xA;Jul 24 12:03:28.489: INFO: At 2022-07-24 12:00:14 +0000 UTC - event for pod0-1-sched-preemption-medium-priority: {taint-controller } TaintManagerEviction: Cancelling deletion of Pod sched-preemption-5320/pod0-1-sched-preemption-medium-priority&#xA;Jul 24 12:03:28.489: INFO: At 2022-07-24 12:02:02 +0000 UTC - event for pod0-0-sched-preemption-low-priority: {default-scheduler } Preempted: Preempted by sched-preemption-5320/preemptor-pod on node k8s-node03&#xA;Jul 24 12:03:28.489: INFO: At 2022-07-24 12:02:02 +0000 UTC - event for preemptor-pod: {default-scheduler } FailedScheduling: 0/4 nodes are available: 1 node(s) had taint {node-role.kubernetes.io/master: }, that the pod didn&#39;t tolerate, 3 Insufficient scheduling.k8s.io/foo.&#xA;Jul 24 12:03:28.489: INFO: At 2022-07-24 12:03:12 +0000 UTC - event for pod2-0-sched-preemption-medium-priority: {default-scheduler } Preempted: Preempted by sched-preemption-5320/preemptor-pod on node kubernetes-node-02&#xA;Jul 24 12:03:28.489: INFO: At 2022-07-24 12:03:12 +0000 UTC - event for pod2-0-sched-preemption-medium-priority: {kubelet kubernetes-node-02} Killing: Stopping container pod2-0-sched-preemption-medium-priority&#xA;Jul 24 12:03:28.489: INFO: At 2022-07-24 12:03:12 +0000 UTC - event for preemptor-pod: {default-scheduler } FailedScheduling: 0/4 nodes are available: 1 node(s) had taint {node-role.kubernetes.io/master: }, that the pod didn&#39;t tolerate, 1 node(s) had taint {node.kubernetes.io/not-ready: }, that the pod didn&#39;t tolerate, 2 Insufficient scheduling.k8s.io/foo.&#xA;Jul 24 12:03:28.489: INFO: At 2022-07-24 12:03:23 +0000 UTC - event for preemptor-pod: {default-scheduler } Scheduled: Successfully assigned sched-preemption-5320/preemptor-pod to kubernetes-node-02&#xA;Jul 24 12:03:28.489: INFO: At 2022-07-24 12:03:25 +0000 UTC - event for preemptor-pod: {kubelet kubernetes-node-02} Pulled: Container image &#34;k8s.gcr.io/pause:3.5&#34; already present on machine&#xA;Jul 24 12:03:28.489: INFO: At 2022-07-24 12:03:27 +0000 UTC - event for preemptor-pod: {kubelet kubernetes-node-02} Created: Created container preemptor-pod&#xA;Jul 24 12:03:28.489: INFO: At 2022-07-24 12:03:28 +0000 UTC - event for preemptor-pod: {kubelet kubernetes-node-02} Started: Started container preemptor-pod&#xA;Jul 24 12:03:28.492: INFO: POD                                      NODE                PHASE    GRACE  CONDITIONS&#xA;Jul 24 12:03:28.492: INFO: pod0-0-sched-preemption-low-priority     k8s-node03          Running  1s     [{Initialized True 0001-01-01 00:00:00 +0000 UTC 2022-07-24 11:59:01 +0000 UTC  } {Ready True 0001-01-01 00:00:00 +0000 UTC 2022-07-24 12:03:05 +0000 UTC  } {ContainersReady True 0001-01-01 00:00:00 +0000 UTC 2022-07-24 12:03:05 +0000 UTC  } {PodScheduled True 0001-01-01 00:00:00 +0000 UTC 2022-07-24 11:57:58 +0000 UTC  }]&#xA;Jul 24 12:03:28.492: INFO: pod0-1-sched-preemption-medium-priority  k8s-node03          Running         [{Initialized True 0001-01-01 00:00:00 +0000 UTC 2022-07-24 11:59:01 +0000 UTC  } {Ready True 0001-01-01 00:00:00 +0000 UTC 2022-07-24 12:01:06 +0000 UTC  } {ContainersReady True 0001-01-01 00:00:00 +0000 UTC 2022-07-24 12:01:06 +0000 UTC  } {PodScheduled True 0001-01-01 00:00:00 +0000 UTC 2022-07-24 11:57:58 +0000 UTC  }]&#xA;Jul 24 12:03:28.492: INFO: pod1-0-sched-preemption-medium-priority  kubernetes-node-01  Running         [{Initialized True 0001-01-01 00:00:00 +0000 UTC 2022-07-24 11:57:57 +0000 UTC  } {Ready True 0001-01-01 00:00:00 +0000 UTC 2022-07-24 11:58:07 +0000 UTC  } {ContainersReady True 0001-01-01 00:00:00 +0000 UTC 2022-07-24 11:58:07 +0000 UTC  } {PodScheduled True 0001-01-01 00:00:00 +0000 UTC 2022-07-24 11:57:57 +0000 UTC  }]&#xA;Jul 24 12:03:28.492: INFO: pod1-1-sched-preemption-medium-priority  kubernetes-node-01  Running         [{Initialized True 0001-01-01 00:00:00 +0000 UTC 2022-07-24 11:57:57 +0000 UTC  } {Ready True 0001-01-01 00:00:00 +0000 UTC 2022-07-24 11:58:07 +0000 UTC  } {ContainersReady True 0001-01-01 00:00:00 +0000 UTC 2022-07-24 11:58:07 +0000 UTC  } {PodScheduled True 0001-01-01 00:00:00 +0000 UTC 2022-07-24 11:57:57 +0000 UTC  }]&#xA;Jul 24 12:03:28.492: INFO: pod2-1-sched-preemption-medium-priority  kubernetes-node-02  Running         [{Initialized True 0001-01-01 00:00:00 +0000 UTC 2022-07-24 11:58:01 +0000 UTC  } {Ready True 0001-01-01 00:00:00 +0000 UTC 2022-07-24 11:58:09 +0000 UTC  } {ContainersReady True 0001-01-01 00:00:00 +0000 UTC 2022-07-24 11:58:09 +0000 UTC  } {PodScheduled True 0001-01-01 00:00:00 +0000 UTC 2022-07-24 11:58:01 +0000 UTC  }]&#xA;Jul 24 12:03:28.492: INFO: preemptor-pod                            kubernetes-node-02  Running         [{Initialized True 0001-01-01 00:00:00 +0000 UTC 2022-07-24 12:03:23 +0000 UTC  } {Ready True 0001-01-01 00:00:00 +0000 UTC 2022-07-24 12:03:28 +0000 UTC  } {ContainersReady True 0001-01-01 00:00:00 +0000 UTC 2022-07-24 12:03:28 +0000 UTC  } {PodScheduled True 0001-01-01 00:00:00 +0000 UTC 2022-07-24 12:03:23 +0000 UTC  }]&#xA;Jul 24 12:03:28.492: INFO: &#xA;Jul 24 12:03:28.495: INFO: &#xA;Logging node info for node k8s-node03&#xA;Jul 24 12:03:28.497: INFO: Node Info: &amp;Node{ObjectMeta:{k8s-node03    f005bf71-6041-45da-927c-72c442c8be97 5659209 0 2022-07-05 02:22:15 +0000 UTC &lt;nil&gt; &lt;nil&gt; map[beta.kubernetes.io/arch:amd64 beta.kubernetes.io/os:linux kubernetes.io/arch:amd64 kubernetes.io/hostname:k8s-node03 kubernetes.io/os:linux] map[flannel.alpha.coreos.com/backend-data:{&#34;VNI&#34;:1,&#34;VtepMAC&#34;:&#34;6a:72:10:8f:24:03&#34;} flannel.alpha.coreos.com/backend-type:vxlan flannel.alpha.coreos.com/kube-subnet-manager:true flannel.alpha.coreos.com/public-ip:192.168.132.213 kubeadm.alpha.kubernetes.io/cri-socket:/var/run/dockershim.sock node.alpha.kubernetes.io/ttl:0 volumes.kubernetes.io/controller-managed-attach-detach:true] [] []  [{kubelet Update v1 2022-07-05 02:22:15 +0000 UTC FieldsV1 {&#34;f:metadata&#34;:{&#34;f:annotations&#34;:{&#34;.&#34;:{},&#34;f:volumes.kubernetes.io/controller-managed-attach-detach&#34;:{}},&#34;f:labels&#34;:{&#34;.&#34;:{},&#34;f:beta.kubernetes.io/arch&#34;:{},&#34;f:beta.kubernetes.io/os&#34;:{},&#34;f:kubernetes.io/arch&#34;:{},&#34;f:kubernetes.io/hostname&#34;:{},&#34;f:kubernetes.io/os&#34;:{}}}} } {kubeadm Update v1 2022-07-05 02:22:20 +0000 UTC FieldsV1 {&#34;f:metadata&#34;:{&#34;f:annotations&#34;:{&#34;f:kubeadm.alpha.kubernetes.io/cri-socket&#34;:{}}}} } {flanneld Update v1 2022-07-05 02:25:35 +0000 UTC FieldsV1 {&#34;f:metadata&#34;:{&#34;f:annotations&#34;:{&#34;f:flannel.alpha.coreos.com/backend-data&#34;:{},&#34;f:flannel.alpha.coreos.com/backend-type&#34;:{},&#34;f:flannel.alpha.coreos.com/kube-subnet-manager&#34;:{},&#34;f:flannel.alpha.coreos.com/public-ip&#34;:{}}},&#34;f:status&#34;:{&#34;f:conditions&#34;:{&#34;k:{\&#34;type\&#34;:\&#34;NetworkUnavailable\&#34;}&#34;:{&#34;.&#34;:{},&#34;f:lastHeartbeatTime&#34;:{},&#34;f:lastTransitionTime&#34;:{},&#34;f:message&#34;:{},&#34;f:reason&#34;:{},&#34;f:status&#34;:{},&#34;f:type&#34;:{}}}}} status} {e2e.test Update v1 2022-07-24 11:57:52 +0000 UTC FieldsV1 {&#34;f:status&#34;:{&#34;f:capacity&#34;:{&#34;f:example.com/fakecpu&#34;:{},&#34;f:scheduling.k8s.io/foo&#34;:{}}}} status} {kubelet Update v1 2022-07-24 11:57:58 +0000 UTC FieldsV1 {&#34;f:status&#34;:{&#34;f:allocatable&#34;:{&#34;f:ephemeral-storage&#34;:{},&#34;f:example.com/fakecpu&#34;:{},&#34;f:scheduling.k8s.io/foo&#34;:{}},&#34;f:capacity&#34;:{&#34;f:ephemeral-storage&#34;:{}},&#34;f:conditions&#34;:{&#34;k:{\&#34;type\&#34;:\&#34;DiskPressure\&#34;}&#34;:{&#34;f:lastHeartbeatTime&#34;:{}},&#34;k:{\&#34;type\&#34;:\&#34;MemoryPressure\&#34;}&#34;:{&#34;f:lastHeartbeatTime&#34;:{}},&#34;k:{\&#34;type\&#34;:\&#34;PIDPressure\&#34;}&#34;:{&#34;f:lastHeartbeatTime&#34;:{}},&#34;k:{\&#34;type\&#34;:\&#34;Ready\&#34;}&#34;:{&#34;f:lastHeartbeatTime&#34;:{},&#34;f:lastTransitionTime&#34;:{},&#34;f:message&#34;:{},&#34;f:reason&#34;:{},&#34;f:status&#34;:{}}},&#34;f:images&#34;:{}}} status} {kube-controller-manager Update v1 2022-07-24 12:03:10 +0000 UTC FieldsV1 {&#34;f:metadata&#34;:{&#34;f:annotations&#34;:{&#34;f:node.alpha.kubernetes.io/ttl&#34;:{}}},&#34;f:spec&#34;:{&#34;f:podCIDR&#34;:{},&#34;f:podCIDRs&#34;:{&#34;.&#34;:{},&#34;v:\&#34;10.244.1.0/24\&#34;&#34;:{}},&#34;f:taints&#34;:{}}} }]},Spec:NodeSpec{PodCIDR:10.244.1.0/24,DoNotUseExternalID:,ProviderID:,Unschedulable:false,Taints:[]Taint{Taint{Key:node.kubernetes.io/not-ready,Value:,Effect:NoSchedule,TimeAdded:2022-07-24 12:03:10 +0000 UTC,},Taint{Key:node.kubernetes.io/not-ready,Value:,Effect:NoExecute,TimeAdded:2022-07-24 12:03:14 +0000 UTC,},},ConfigSource:nil,PodCIDRs:[10.244.1.0/24],},Status:NodeStatus{Capacity:ResourceList{cpu: {{8 0} {&lt;nil&gt;} 8 DecimalSI},ephemeral-storage: {{209930366976 0} {&lt;nil&gt;} 205010124Ki BinarySI},example.com/fakecpu: {{1 3} {&lt;nil&gt;} 1k DecimalSI},hugepages-1Gi: {{0 0} {&lt;nil&gt;} 0 DecimalSI},hugepages-2Mi: {{0 0} {&lt;nil&gt;} 0 DecimalSI},memory: {{16656281600 0} {&lt;nil&gt;} 16265900Ki BinarySI},pods: {{110 0} {&lt;nil&gt;} 110 DecimalSI},scheduling.k8s.io/foo: {{5 0} {&lt;nil&gt;} 5 DecimalSI},},Allocatable:ResourceList{cpu: {{8 0} {&lt;nil&gt;} 8 DecimalSI},ephemeral-storage: {{188937329966 0} {&lt;nil&gt;} 188937329966 DecimalSI},example.com/fakecpu: {{1 3} {&lt;nil&gt;} 1k DecimalSI},hugepages-1Gi: {{0 0} {&lt;nil&gt;} 0 DecimalSI},hugepages-2Mi: {{0 0} {&lt;nil&gt;} 0 DecimalSI},memory: {{16551424000 0} {&lt;nil&gt;} 16163500Ki BinarySI},pods: {{110 0} {&lt;nil&gt;} 110 DecimalSI},scheduling.k8s.io/foo: {{5 0} {&lt;nil&gt;} 5 DecimalSI},},Phase:,Conditions:[]NodeCondition{NodeCondition{Type:NetworkUnavailable,Status:False,LastHeartbeatTime:2022-07-10 14:28:16 +0000 UTC,LastTransitionTime:2022-07-10 14:28:16 +0000 UTC,Reason:FlannelIsUp,Message:Flannel is running on this node,},NodeCondition{Type:MemoryPressure,Status:False,LastHeartbeatTime:2022-07-24 12:04:24 +0000 UTC,LastTransitionTime:2022-07-05 02:22:48 +0000 UTC,Reason:KubeletHasSufficientMemory,Message:kubelet has sufficient memory available,},NodeCondition{Type:DiskPressure,Status:False,LastHeartbeatTime:2022-07-24 12:04:24 +0000 UTC,LastTransitionTime:2022-07-05 02:22:48 +0000 UTC,Reason:KubeletHasNoDiskPressure,Message:kubelet has no disk pressure,},NodeCondition{Type:PIDPressure,Status:False,LastHeartbeatTime:2022-07-24 12:04:24 +0000 UTC,LastTransitionTime:2022-07-05 02:22:48 +0000 UTC,Reason:KubeletHasSufficientPID,Message:kubelet has sufficient PID available,},NodeCondition{Type:Ready,Status:False,LastHeartbeatTime:2022-07-24 12:04:24 +0000 UTC,LastTransitionTime:2022-07-24 12:04:14 +0000 UTC,Reason:KubeletNotReady,Message:PLEG is not healthy: pleg was last seen active 3m19.514274834s ago; threshold is 3m0s,},},Addresses:[]NodeAddress{NodeAddress{Type:InternalIP,Address:192.168.132.213,},NodeAddress{Type:Hostname,Address:k8s-node03,},},DaemonEndpoints:NodeDaemonEndpoints{KubeletEndpoint:DaemonEndpoint{Port:10250,},},NodeInfo:NodeSystemInfo{MachineID:5c4f44645c224c32b2e13018f4b1e6fe,SystemUUID:363F4D56-1C03-892D-B6DD-88BC8E04D266,BootID:cd76da84-f7b8-4e6c-b632-bf887a8547ba,KernelVersion:3.10.0-1160.el7.x86_64,OSImage:CentOS Linux 7 (Core),ContainerRuntimeVersion:docker://20.10.12,KubeletVersion:v1.22.3,KubeProxyVersion:v1.22.3,OperatingSystem:linux,Architecture:amd64,},Images:[]ContainerImage{ContainerImage{Names:[k8s.gcr.io/e2e-test-images/cuda-vector-add:2.2],SizeBytes:2579956550,},ContainerImage{Names:[k8s.gcr.io/e2e-test-images/cuda-vector-add:1.0],SizeBytes:2047006036,},ContainerImage{Names:[gcr.io/kubernetes-e2e-test-images/cuda-vector-add:1.0],SizeBytes:2016942040,},ContainerImage{Names:[registry.cn-qingdao.aliyuncs.com/metersphere/seleniarm-grid-all:4.1.4-20220519],SizeBytes:1904652549,},ContainerImage{Names:[k8s.gcr.io/e2e-test-images/node-perf/tf-wide-deep:1.1],SizeBytes:1631128450,},ContainerImage{Names:[harbor.moresec.cn/ksp/webshell_srv@sha256:52331f042d9b722692b7d1e7d39bad602f0755a948b8a439b4a27c4c0fae045f harbor.moresec.cn/ksp/webshell_srv:2.2.0 harbor.moresec.cn/ksp/webshell_srv:latest],SizeBytes:981080070,},ContainerImage{Names:[golang@sha256:e06c83493ef6d69c95018da90f2887bf337470db074d3c648b8b648d8e3c441e golang:latest],SizeBytes:940801393,},ContainerImage{Names:[k8s.gcr.io/e2e-test-images/perl:5.26],SizeBytes:853225645,},ContainerImage{Names:[k8s.gcr.io/e2e-test-images/volume/rbd:1.0.3],SizeBytes:751897580,},ContainerImage{Names:[istio/examples-bookinfo-reviews-v1@sha256:d1b8447be70549f1f7303f266d88c16112e2695cc110603fdb1c8ee432a627bf istio/examples-bookinfo-reviews-v1:1.16.2],SizeBytes:693666078,},ContainerImage{Names:[docker-dev.moresec.cn:10443/ksp/sc_worker@sha256:3a05b8285428e9559bc9cf50da00e8239dac3c86882dce41965debd7ec996362 harbor.moresec.cn/sca_k8s/sc_worker@sha256:3a05b8285428e9559bc9cf50da00e8239dac3c86882dce41965debd7ec996362 docker-dev.moresec.cn:10443/ksp/sc_worker:1.2.4 harbor.moresec.cn/sca_k8s/sc_worker:1.2.4],SizeBytes:649910709,},ContainerImage{Names:[docker-dev.moresec.cn:10443/ksp/ksp_init@sha256:9e658148b745bcc5131d6f68e0d2d7388c27faf5bc861b13e8272fdaeb4408b1 docker-dev.moresec.cn:10443/ksp/ksp_init:2.1.0],SizeBytes:628261780,},ContainerImage{Names:[registry.cn-qingdao.aliyuncs.com/metersphere/metersphere:v1.20.6-lts],SizeBytes:610265209,},ContainerImage{Names:[harbor.moresec.cn/ksp/ksp_agent@sha256:c1932469dedf0835e9ad565f029513d9c0d005811f0832bfb7b661f7483ac72c],SizeBytes:602699860,},ContainerImage{Names:[docker-dev.moresec.cn:10443/ksp/ksp_agent@sha256:5334579fdffbc7898576b6fa09dee2011dafdc9b1fc0fa3f4856fb5c4ae4930b docker-dev.moresec.cn:10443/ksp/ksp_agent:latest],SizeBytes:602398865,},ContainerImage{Names:[registry.cn-qingdao.aliyuncs.com/metersphere/kafka:2],SizeBytes:584842926,},ContainerImage{Names:[docker-dev.moresec.cn:10443/ksp/kafka@sha256:33751847bde5c37fe0f329b73ed12ee92eeb27783035d91b03ffdb93c3e6fb65 docker-dev.moresec.cn:10443/ksp/kafka:2.8.1],SizeBytes:584811800,},ContainerImage{Names:[registry.cn-qingdao.aliyuncs.com/metersphere/jmeter-master:5.4.3-ms6-jdk11],SizeBytes:575005331,},ContainerImage{Names:[kennethreitz/httpbin@sha256:599fe5e5073102dbb0ee3dbb65f049dab44fa9fc251f6835c9990f8fb196a72b kennethreitz/httpbin:latest],SizeBytes:533651313,},ContainerImage{Names:[registry.cn-qingdao.aliyuncs.com/metersphere/ms-node-controller:v1.20.6-lts],SizeBytes:530934282,},ContainerImage{Names:[bitnami/fluentd@sha256:573b98fb93057d1fd484724253d445f76dfbf1b3f68816b0414e75e07d84dfb4 harbor.moresec.cn/ksp/fluentd@sha256:573b98fb93057d1fd484724253d445f76dfbf1b3f68816b0414e75e07d84dfb4 bitnami/fluentd:1.14.2-debian-10-r9 harbor.moresec.cn/ksp/fluentd:1.14.2-debian-10-r9],SizeBytes:508732919,},ContainerImage{Names:[harbor.moresec.cn/ksp/ksp_agent@sha256:f96a653e88fcf5b71a82e603da3ace5e774c9dd4e37dcdfc7a1db3ce87267245 harbor.moresec.cn/ksp/ksp_agent:latest],SizeBytes:495969065,},ContainerImage{Names:[harbor.moresec.cn/ksp/ksp_agent@sha256:62d75a6961ee50b7bbea1eeb9a835b8809fbf868cda8ea7e30c57a871fe36ae4],SizeBytes:495943489,},ContainerImage{Names:[harbor.moresec.cn/ksp/ksp_agent@sha256:4244293c22c6871d040fd67f559b8d44a93291a5c83c8f8ebb541fdb077fbc77],SizeBytes:495920142,},ContainerImage{Names:[harbor.moresec.cn/ksp/ksp_agent@sha256:fcc1e1c17304da836dad3777e003799b77df4b754168079b43b23e7dfd8e2921],SizeBytes:495919990,},ContainerImage{Names:[docker-dev.moresec.cn:10443/ksp/ksp_agent@sha256:36abcc9dd9a4fd2ee9cc6a7332df5e906d9d785e8100e7cc252fa18880c9bf3f docker-dev.moresec.cn:10443/ksp/ksp_agent:2.1.0],SizeBytes:491617343,},ContainerImage{Names:[docker-dev.moresec.cn:10443/ksp/ksp_agent@sha256:70debd6986cfcb0361a0220aa9a3df8f74f3ab7cd097450bfedeb1d1f125021e docker-dev.moresec.cn:10443/ksp/ksp_agent:debug],SizeBytes:491553819,},ContainerImage{Names:[tomcat@sha256:8ba062f472d7dbde11458d257f3a251af89c38bf96f0b9b60683ff440491cb5c tomcat:8],SizeBytes:481266517,},ContainerImage{Names:[192.168.132.114/iast/iast@sha256:d70b9b55f733826235411c55b7da72d79ad3981653665b0fcd9cfd8c2375d795 192.168.132.114/iast/iast:latest],SizeBytes:479554901,},ContainerImage{Names:[docker-dev.moresec.cn:10443/ksp/influxdb@sha256:4d688fb9837fcfb84ac4cdd65215e06c2c98cac743ffbbddde8a735d4ef1f707 docker-dev.moresec.cn:10443/ksp/influxdb:2.0.9-debian-10-r5],SizeBytes:468207544,},ContainerImage{Names:[docker-dev.moresec.cn:10443/ksp/zookeeper@sha256:3f077ee4e6b2ff601c2344b1bd007e752ad3ca66550eaf41604e290a02bb92c7 docker-dev.moresec.cn:10443/ksp/zookeeper:3.7.0-debian-10-r68],SizeBytes:468025553,},ContainerImage{Names:[docker-dev.moresec.cn:10443/ksp/zookeeper@sha256:48d32c70549cdddb608dea0b66ce3d9472e20794cf295a6c32df0c37df3a14c1 docker-dev.moresec.cn:10443/ksp/zookeeper:3.6.3],SizeBytes:467282205,},ContainerImage{Names:[harbor.moresec.cn/ksp/mongodb@sha256:fd56fed5a87feb1a9f18e7d31362518a30b7a31fa053e0d6faca281e223d75ce harbor.moresec.cn/ksp/mongodb:4.4.5-debian-10-r0],SizeBytes:453660053,},ContainerImage{Names:[registry.cn-qingdao.aliyuncs.com/metersphere/zookeeper:3],SizeBytes:450669889,},ContainerImage{Names:[jenkins/inbound-agent@sha256:fd03ca26dbc0745eef54d0919df1f4d030d0bb5da8befaad84bd22f649f1e26b jenkins/inbound-agent:4.11-1-jdk8],SizeBytes:449034389,},ContainerImage{Names:[registry.cn-qingdao.aliyuncs.com/metersphere/mysql:5.7.33],SizeBytes:448709496,},ContainerImage{Names:[harbor.moresec.cn/ksp/sav_service@sha256:1cded1904d167b240f4821e7bc63745478991000e7715d5c4eecc134c25bb8ad harbor.moresec.cn/ksp/sav_service:2.2.0 harbor.moresec.cn/ksp/sav_service:latest],SizeBytes:434790033,},ContainerImage{Names:[harbor.moresec.cn/ksp/ksp_agent@sha256:0fa5495795843bd5d69156d87b2d1c8ba34758af85fcd472ec6ad0daba56fe26],SizeBytes:433527765,},ContainerImage{Names:[harbor.moresec.cn/ksp/ksp_agent@sha256:7fc828e5732309187da20a9a025a142f8229f04087601a9fad119c3724ab6e92 harbor.moresec.cn/ksp/ksp_agent:2.2.0],SizeBytes:433527765,},ContainerImage{Names:[harbor.moresec.cn/ksp/ksp_agent@sha256:b6455a0f39f08b39b5ee701bbcfb11edb8484478bfe44f30a3a48f041ea504b1],SizeBytes:433527765,},ContainerImage{Names:[k8s.gcr.io/e2e-test-images/volume/iscsi:2.2],SizeBytes:414158129,},ContainerImage{Names:[k8s.gcr.io/sig-storage/nfs-provisioner:v2.2.2],SizeBytes:391702539,},ContainerImage{Names:[docker-dev.moresec.cn:10443/ksp/ksp_agent@sha256:fee3f2661f343139839f62ece13d4749d6f6d03aa748ce4467c7ed97eeca36ed docker-dev.moresec.cn:10443/ksp/ksp_agent:1.4.1],SizeBytes:391574036,},ContainerImage{Names:[kubesphere/ks-installer@sha256:749f1ed10c672ae460f79932553ac5ba321b98df972b778041dc2cc7402dd478 kubesphere/ks-installer:v3.2.1],SizeBytes:383453543,},ContainerImage{Names:[k8s.gcr.io/e2e-test-images/glusterdynamic-provisioner:v1.0],SizeBytes:373269502,},ContainerImage{Names:[k8s.gcr.io/e2e-test-images/volume/gluster:1.2],SizeBytes:340272046,},ContainerImage{Names:[bitnami/fluentd@sha256:1929a66b95c98cc074242933b9367e1194724c5e7019d0c9738523ab6af8f097 bitnami/fluentd:latest],SizeBytes:339523678,},ContainerImage{Names:[sonobuoy/systemd-logs:v0.4],SizeBytes:314068873,},ContainerImage{Names:[registry.cn-qingdao.aliyuncs.com/metersphere/ms-data-streaming:v1.20.6-lts],SizeBytes:306751358,},ContainerImage{Names:[docker-dev.moresec.cn:10443/ksp/mysql@sha256:1a52fad24c8d9c47d9563773bf2fd6618cab64a2e7054a32c62d7ff83047d432 docker-dev.moresec.cn:10443/ksp/mysql:5.7.34],SizeBytes:296256317,},},VolumesInUse:[],VolumesAttached:[]AttachedVolume{},Config:nil,},}&#xA;Jul 24 12:03:28.498: INFO: &#xA;Logging kubelet events for node k8s-node03&#xA;Jul 24 12:03:28.500: INFO: &#xA;Logging pods the kubelet thinks is on node k8s-node03&#xA;Jul 24 12:03:28.539: INFO: ubuntu-deployment-docker-sock-f7dc65cf-bh4cm started at 2022-07-15 07:29:35 +0000 UTC (0+1 container statuses recorded)&#xA;Jul 24 12:03:28.539: INFO: &#x9;Container ubuntu-docker-sock ready: true, restart count 0&#xA;Jul 24 12:03:28.540: INFO: gatekeeper-controller-manager-6566df6878-tsd9p started at 2022-07-20 02:40:21 +0000 UTC (0+1 container statuses recorded)&#xA;Jul 24 12:03:28.540: INFO: &#x9;Container manager ready: true, restart count 0&#xA;Jul 24 12:03:28.540: INFO: ksp-web-6544f958bf-kg5jx started at 2022-07-20 02:40:22 +0000 UTC (0+1 container statuses recorded)&#xA;Jul 24 12:03:28.540: INFO: &#x9;Container web ready: true, restart count 0&#xA;Jul 24 12:03:28.540: INFO: mytomcat-bb7b6978b-4strb started at 2022-07-14 09:47:13 +0000 UTC (0+1 container statuses recorded)&#xA;Jul 24 12:03:28.540: INFO: &#x9;Container mytomcat ready: true, restart count 0&#xA;Jul 24 12:03:28.540: INFO: static-web started at 2022-07-12 05:43:17 +0000 UTC (0+1 container statuses recorded)&#xA;Jul 24 12:03:28.540: INFO: &#x9;Container web ready: true, restart count 0&#xA;Jul 24 12:03:28.540: INFO: ksp-cluster-agent-7fb968c996-fxb7g started at 2022-07-20 11:56:22 +0000 UTC (0+1 container statuses recorded)&#xA;Jul 24 12:03:28.540: INFO: &#x9;Container cluster-agent ready: true, restart count 11&#xA;Jul 24 12:03:28.540: INFO: mytomcat-bb7b6978b-9p9m7 started at 2022-07-14 09:47:13 +0000 UTC (0+1 container statuses recorded)&#xA;Jul 24 12:03:28.540: INFO: &#x9;Container mytomcat ready: true, restart count 0&#xA;Jul 24 12:03:28.540: INFO: mytomcat-bb7b6978b-b7mp4 started at 2022-07-14 09:47:13 +0000 UTC (0+1 container statuses recorded)&#xA;Jul 24 12:03:28.540: INFO: &#x9;Container mytomcat ready: true, restart count 0&#xA;Jul 24 12:03:28.540: INFO: mytomcat-bb7b6978b-g9tgt started at 2022-07-14 09:47:13 +0000 UTC (0+1 container statuses recorded)&#xA;Jul 24 12:03:28.540: INFO: &#x9;Container mytomcat ready: true, restart count 0&#xA;Jul 24 12:03:28.540: INFO: node-exporter-f9m2n started at 2022-07-08 03:28:45 +0000 UTC (0+2 container statuses recorded)&#xA;Jul 24 12:03:28.540: INFO: &#x9;Container kube-rbac-proxy ready: true, restart count 0&#xA;Jul 24 12:03:28.540: INFO: &#x9;Container node-exporter ready: true, restart count 0&#xA;Jul 24 12:03:28.540: INFO: mytomcat-bb7b6978b-55lfk started at 2022-07-14 09:47:13 +0000 UTC (0+1 container statuses recorded)&#xA;Jul 24 12:03:28.540: INFO: &#x9;Container mytomcat ready: true, restart count 0&#xA;Jul 24 12:03:28.540: INFO: ksp-mongodb-0 started at 2022-07-10 14:28:11 +0000 UTC (0+1 container statuses recorded)&#xA;Jul 24 12:03:28.540: INFO: &#x9;Container mongodb ready: true, restart count 0&#xA;Jul 24 12:03:28.540: INFO: sonobuoy-systemd-logs-daemon-set-bb55de94825d4876-wswjk started at 2022-07-24 11:16:54 +0000 UTC (0+2 container statuses recorded)&#xA;Jul 24 12:03:28.540: INFO: &#x9;Container sonobuoy-worker ready: true, restart count 0&#xA;Jul 24 12:03:28.540: INFO: &#x9;Container systemd-logs ready: true, restart count 0&#xA;Jul 24 12:03:28.540: INFO: kube-proxy-wr6vf started at 2022-07-05 02:22:49 +0000 UTC (0+1 container statuses recorded)&#xA;Jul 24 12:03:28.540: INFO: &#x9;Container kube-proxy ready: true, restart count 0&#xA;Jul 24 12:03:28.540: INFO: ksp-cluster-manager-67476c9b6c-7slls started at 2022-07-20 02:40:20 +0000 UTC (0+1 container statuses recorded)&#xA;Jul 24 12:03:28.540: INFO: &#x9;Container cluster-manager ready: true, restart count 8&#xA;Jul 24 12:03:28.540: INFO: nginx-deployment-66b6c48dd5-2kksf started at 2022-07-20 02:40:22 +0000 UTC (0+1 container statuses recorded)&#xA;Jul 24 12:03:28.540: INFO: &#x9;Container nginx ready: true, restart count 0&#xA;Jul 24 12:03:28.540: INFO: ksp-account-647659d74f-vq9lh started at 2022-07-20 02:40:23 +0000 UTC (0+2 container statuses recorded)&#xA;Jul 24 12:03:28.540: INFO: &#x9;Container account-gateway ready: true, restart count 0&#xA;Jul 24 12:03:28.540: INFO: &#x9;Container account-server ready: true, restart count 0&#xA;Jul 24 12:03:28.540: INFO: pod0-0-sched-preemption-low-priority started at 2022-07-24 11:59:01 +0000 UTC (0+1 container statuses recorded)&#xA;Jul 24 12:03:28.540: INFO: &#x9;Container pod0-0-sched-preemption-low-priority ready: true, restart count 0&#xA;Jul 24 12:03:28.540: INFO: kube-flannel-ds-9bdvn started at 2022-07-10 14:28:10 +0000 UTC (2+1 container statuses recorded)&#xA;Jul 24 12:03:28.540: INFO: &#x9;Init container install-cni-plugin ready: true, restart count 0&#xA;Jul 24 12:03:28.540: INFO: &#x9;Init container install-cni ready: true, restart count 0&#xA;Jul 24 12:03:28.540: INFO: &#x9;Container kube-flannel ready: true, restart count 0&#xA;Jul 24 12:03:28.540: INFO: ksp-image-scanner-855f89657c-2gr9n started at 2022-07-18 06:47:00 +0000 UTC (0+3 container statuses recorded)&#xA;Jul 24 12:03:28.540: INFO: &#x9;Container image-scanner ready: true, restart count 0&#xA;Jul 24 12:03:28.540: INFO: &#x9;Container sav-service ready: true, restart count 0&#xA;Jul 24 12:03:28.540: INFO: &#x9;Container webshell-srv ready: true, restart count 0&#xA;Jul 24 12:03:28.540: INFO: metrics-server-687cb5444-nsqpc started at 2022-07-20 02:40:22 +0000 UTC (0+1 container statuses recorded)&#xA;Jul 24 12:03:28.540: INFO: &#x9;Container metrics-server ready: true, restart count 3&#xA;Jul 24 12:03:28.540: INFO: ksp-gateway-5d5784b6ff-jdwgp started at 2022-07-20 11:56:20 +0000 UTC (0+1 container statuses recorded)&#xA;Jul 24 12:03:28.540: INFO: &#x9;Container gateway ready: true, restart count 7&#xA;Jul 24 12:03:28.540: INFO: pod0-1-sched-preemption-medium-priority started at 2022-07-24 11:59:01 +0000 UTC (0+1 container statuses recorded)&#xA;Jul 24 12:03:28.540: INFO: &#x9;Container pod0-1-sched-preemption-medium-priority ready: true, restart count 0&#xA;Jul 24 12:03:28.621: INFO: &#xA;Latency metrics for node k8s-node03&#xA;Jul 24 12:03:28.621: INFO: &#xA;Logging node info for node kubernetes-master&#xA;Jul 24 12:03:28.623: INFO: Node Info: &amp;Node{ObjectMeta:{kubernetes-master    3aced625-2825-4266-8394-8b39739b3fbd 5658305 0 2022-07-05 02:21:30 +0000 UTC &lt;nil&gt; &lt;nil&gt; map[beta.kubernetes.io/arch:amd64 beta.kubernetes.io/os:linux kubernetes.io/arch:amd64 kubernetes.io/hostname:kubernetes-master kubernetes.io/os:linux node-role.kubernetes.io/control-plane: node-role.kubernetes.io/master: node.kubernetes.io/exclude-from-external-load-balancers:] map[flannel.alpha.coreos.com/backend-data:{&#34;VNI&#34;:1,&#34;VtepMAC&#34;:&#34;5e:f9:56:8e:68:51&#34;} flannel.alpha.coreos.com/backend-type:vxlan flannel.alpha.coreos.com/kube-subnet-manager:true flannel.alpha.coreos.com/public-ip:192.168.132.10 kubeadm.alpha.kubernetes.io/cri-socket:/var/run/dockershim.sock node.alpha.kubernetes.io/ttl:0 volumes.kubernetes.io/controller-managed-attach-detach:true] [] []  [{kubelet Update v1 2022-07-05 02:21:30 +0000 UTC FieldsV1 {&#34;f:metadata&#34;:{&#34;f:annotations&#34;:{&#34;.&#34;:{},&#34;f:volumes.kubernetes.io/controller-managed-attach-detach&#34;:{}},&#34;f:labels&#34;:{&#34;.&#34;:{},&#34;f:beta.kubernetes.io/arch&#34;:{},&#34;f:beta.kubernetes.io/os&#34;:{},&#34;f:kubernetes.io/arch&#34;:{},&#34;f:kubernetes.io/hostname&#34;:{},&#34;f:kubernetes.io/os&#34;:{}}}} } {kubeadm Update v1 2022-07-05 02:21:36 +0000 UTC FieldsV1 {&#34;f:metadata&#34;:{&#34;f:annotations&#34;:{&#34;f:kubeadm.alpha.kubernetes.io/cri-socket&#34;:{}},&#34;f:labels&#34;:{&#34;f:node-role.kubernetes.io/control-plane&#34;:{},&#34;f:node-role.kubernetes.io/master&#34;:{},&#34;f:node.kubernetes.io/exclude-from-external-load-balancers&#34;:{}}}} } {flanneld Update v1 2022-07-05 02:25:44 +0000 UTC FieldsV1 {&#34;f:metadata&#34;:{&#34;f:annotations&#34;:{&#34;f:flannel.alpha.coreos.com/backend-data&#34;:{},&#34;f:flannel.alpha.coreos.com/backend-type&#34;:{},&#34;f:flannel.alpha.coreos.com/kube-subnet-manager&#34;:{},&#34;f:flannel.alpha.coreos.com/public-ip&#34;:{}}},&#34;f:status&#34;:{&#34;f:conditions&#34;:{&#34;k:{\&#34;type\&#34;:\&#34;NetworkUnavailable\&#34;}&#34;:{&#34;.&#34;:{},&#34;f:lastHeartbeatTime&#34;:{},&#34;f:lastTransitionTime&#34;:{},&#34;f:message&#34;:{},&#34;f:reason&#34;:{},&#34;f:status&#34;:{},&#34;f:type&#34;:{}}}}} status} {kube-controller-manager Update v1 2022-07-05 02:25:51 +0000 UTC FieldsV1 {&#34;f:metadata&#34;:{&#34;f:annotations&#34;:{&#34;f:node.alpha.kubernetes.io/ttl&#34;:{}}},&#34;f:spec&#34;:{&#34;f:podCIDR&#34;:{},&#34;f:podCIDRs&#34;:{&#34;.&#34;:{},&#34;v:\&#34;10.244.0.0/24\&#34;&#34;:{}},&#34;f:taints&#34;:{}}} } {kubelet Update v1 2022-07-06 11:03:09 +0000 UTC FieldsV1 {&#34;f:status&#34;:{&#34;f:allocatable&#34;:{&#34;f:ephemeral-storage&#34;:{}},&#34;f:conditions&#34;:{&#34;k:{\&#34;type\&#34;:\&#34;DiskPressure\&#34;}&#34;:{&#34;f:lastHeartbeatTime&#34;:{},&#34;f:lastTransitionTime&#34;:{},&#34;f:message&#34;:{},&#34;f:reason&#34;:{},&#34;f:status&#34;:{}},&#34;k:{\&#34;type\&#34;:\&#34;MemoryPressure\&#34;}&#34;:{&#34;f:lastHeartbeatTime&#34;:{}},&#34;k:{\&#34;type\&#34;:\&#34;PIDPressure\&#34;}&#34;:{&#34;f:lastHeartbeatTime&#34;:{}},&#34;k:{\&#34;type\&#34;:\&#34;Ready\&#34;}&#34;:{&#34;f:lastHeartbeatTime&#34;:{},&#34;f:lastTransitionTime&#34;:{},&#34;f:message&#34;:{},&#34;f:reason&#34;:{},&#34;f:status&#34;:{}}},&#34;f:images&#34;:{}}} status}]},Spec:NodeSpec{PodCIDR:10.244.0.0/24,DoNotUseExternalID:,ProviderID:,Unschedulable:false,Taints:[]Taint{Taint{Key:node-role.kubernetes.io/master,Value:,Effect:NoSchedule,TimeAdded:&lt;nil&gt;,},},ConfigSource:nil,PodCIDRs:[10.244.0.0/24],},Status:NodeStatus{Capacity:ResourceList{cpu: {{8 0} {&lt;nil&gt;} 8 DecimalSI},ephemeral-storage: {{64393052160 0} {&lt;nil&gt;} 61410Mi BinarySI},hugepages-1Gi: {{0 0} {&lt;nil&gt;} 0 DecimalSI},hugepages-2Mi: {{0 0} {&lt;nil&gt;} 0 DecimalSI},memory: {{16363429888 0} {&lt;nil&gt;}  BinarySI},pods: {{110 0} {&lt;nil&gt;} 110 DecimalSI},},Allocatable:ResourceList{cpu: {{8 0} {&lt;nil&gt;} 8 DecimalSI},ephemeral-storage: {{57953746849 0} {&lt;nil&gt;} 57953746849 DecimalSI},hugepages-1Gi: {{0 0} {&lt;nil&gt;} 0 DecimalSI},hugepages-2Mi: {{0 0} {&lt;nil&gt;} 0 DecimalSI},memory: {{16258572288 0} {&lt;nil&gt;}  BinarySI},pods: {{110 0} {&lt;nil&gt;} 110 DecimalSI},},Phase:,Conditions:[]NodeCondition{NodeCondition{Type:NetworkUnavailable,Status:False,LastHeartbeatTime:2022-07-20 13:10:37 +0000 UTC,LastTransitionTime:2022-07-20 13:10:37 +0000 UTC,Reason:FlannelIsUp,Message:Flannel is running on this node,},NodeCondition{Type:MemoryPressure,Status:False,LastHeartbeatTime:2022-07-24 12:02:10 +0000 UTC,LastTransitionTime:2022-07-05 02:21:27 +0000 UTC,Reason:KubeletHasSufficientMemory,Message:kubelet has sufficient memory available,},NodeCondition{Type:DiskPressure,Status:False,LastHeartbeatTime:2022-07-24 12:02:10 +0000 UTC,LastTransitionTime:2022-07-20 14:01:09 +0000 UTC,Reason:KubeletHasNoDiskPressure,Message:kubelet has no disk pressure,},NodeCondition{Type:PIDPressure,Status:False,LastHeartbeatTime:2022-07-24 12:02:10 +0000 UTC,LastTransitionTime:2022-07-05 02:21:27 +0000 UTC,Reason:KubeletHasSufficientPID,Message:kubelet has sufficient PID available,},NodeCondition{Type:Ready,Status:True,LastHeartbeatTime:2022-07-24 12:02:10 +0000 UTC,LastTransitionTime:2022-07-05 02:25:51 +0000 UTC,Reason:KubeletReady,Message:kubelet is posting ready status,},},Addresses:[]NodeAddress{NodeAddress{Type:InternalIP,Address:192.168.132.10,},NodeAddress{Type:Hostname,Address:kubernetes-master,},},DaemonEndpoints:NodeDaemonEndpoints{KubeletEndpoint:DaemonEndpoint{Port:10250,},},NodeInfo:NodeSystemInfo{MachineID:fb3827e59f7a404da989f5baad81fd64,SystemUUID:8b0a8320-771a-e911-ad96-a4bf015b202c,BootID:77d5ca0b-5426-4224-bce2-bf7a7e52dec4,KernelVersion:5.4.132-1.el7.elrepo.x86_64,OSImage:CentOS Linux 7 (Core),ContainerRuntimeVersion:docker://20.10.7,KubeletVersion:v1.22.3,KubeProxyVersion:v1.22.3,OperatingSystem:linux,Architecture:amd64,},Images:[]ContainerImage{ContainerImage{Names:[k8s.gcr.io/e2e-test-images/cuda-vector-add:2.2],SizeBytes:2579956550,},ContainerImage{Names:[k8s.gcr.io/e2e-test-images/cuda-vector-add:1.0],SizeBytes:2047006036,},ContainerImage{Names:[k8s.gcr.io/e2e-test-images/node-perf/tf-wide-deep:1.1],SizeBytes:1631128450,},ContainerImage{Names:[rancher/rancher@sha256:f411ee37efa38d7891c11ecdd5c60ca73eb03dcd32296678af808f6b4ecccfff rancher/rancher:latest],SizeBytes:1162893124,},ContainerImage{Names:[k8s.gcr.io/e2e-test-images/perl:5.26],SizeBytes:853225645,},ContainerImage{Names:[k8s.gcr.io/e2e-test-images/volume/rbd:1.0.3],SizeBytes:751897580,},ContainerImage{Names:[mongo@sha256:05678ae4e5e1df9f4b7d89c102fe55b1ef156bb8ba148b156ddb98549f8efe90 mongo:4.4],SizeBytes:438075000,},ContainerImage{Names:[harbor.moresec.cn/ksp/ksp_agent@sha256:430f8d70e0cb67a7925c6d7b4555344c478ab2130274b78e672c8ad9cad7bf2a harbor.moresec.cn/ksp/ksp_agent:laishang],SizeBytes:433318869,},ContainerImage{Names:[k8s.gcr.io/e2e-test-images/volume/iscsi:2.2],SizeBytes:414158129,},ContainerImage{Names:[k8s.gcr.io/sig-storage/nfs-provisioner:v2.2.2],SizeBytes:391702539,},ContainerImage{Names:[k8s.gcr.io/e2e-test-images/glusterdynamic-provisioner:v1.0],SizeBytes:373269502,},ContainerImage{Names:[k8s.gcr.io/e2e-test-images/volume/gluster:1.2],SizeBytes:340272046,},ContainerImage{Names:[sonobuoy/systemd-logs:v0.4],SizeBytes:314068873,},ContainerImage{Names:[192.168.132.114/tmp/evilubuntu@sha256:58336cde8066674f39fba51c804ab7c6c6dce71bf9f98f3f4153fd7fb83a2aaf 192.168.11.148/library/evilubuntu:0.1 192.168.132.114/tmp/evilubuntu:0.1],SizeBytes:305572424,},ContainerImage{Names:[registry.aliyuncs.com/google_containers/etcd@sha256:9ce33ba33d8e738a5b85ed50b5080ac746deceed4a7496c550927a7a19ca3b6d registry.cn-hangzhou.aliyuncs.com/google_containers/etcd@sha256:9ce33ba33d8e738a5b85ed50b5080ac746deceed4a7496c550927a7a19ca3b6d registry.aliyuncs.com/google_containers/etcd:3.5.0-0 registry.cn-hangzhou.aliyuncs.com/google_containers/etcd:3.5.0-0],SizeBytes:294520669,},ContainerImage{Names:[192.168.132.114/revshell/revshell@sha256:9b67dba407ee84b9c44b25000faab4b15234d348853ce5e51a7eb7dcefedcc26],SizeBytes:271797518,},ContainerImage{Names:[192.168.132.114/revshell/revshell@sha256:6d8b31f77b52acd39735757cc52d138f343fc49ea76772d4fac615d6064b5978 192.168.132.114/revshell/revshell:latest revshell:latest],SizeBytes:271797514,},ContainerImage{Names:[192.168.132.114/revshell/listen@sha256:e51b45cdcf6314fabe93ef6b0dda4062713628b951f948aac56154c2e092bd18 192.168.132.114/revshell/listen:latest listen:latest],SizeBytes:271796301,},ContainerImage{Names:[k8s.gcr.io/e2e-test-images/volume/nfs:1.2],SizeBytes:263870626,},ContainerImage{Names:[k8s.gcr.io/etcd:3.4.13-0],SizeBytes:253376083,},ContainerImage{Names:[k8s.gcr.io/e2e-test-images/jessie-dnsutils:1.4],SizeBytes:253346057,},ContainerImage{Names:[k8s.gcr.io/conformance:v1.22.3 registry.k8s.io/conformance:v1.22.3],SizeBytes:246064443,},ContainerImage{Names:[192.168.132.114/process/process@sha256:b08bcadd231b62eba8913d7f9b7ef6a54087fedec3a52607decd86aae014330a 192.168.132.114/process/process:latest process:latest],SizeBytes:231220584,},ContainerImage{Names:[centos@sha256:a27fd8080b517143cbbbab9dfb7c8571c40d67d534bbdee55bd6c473f432b177 centos:centos8 centos:latest],SizeBytes:231219825,},ContainerImage{Names:[192.168.132.114/escape/escape_stop_container@sha256:b6f5f4f397df6aa5efa07d7c33d10c905ed6356f4911492f4e02044727d3ee59 192.168.132.114/escape/escape_stop_container:latest escape_stop_container:latest],SizeBytes:178511418,},ContainerImage{Names:[192.168.132.114/micro/worker@sha256:0c3e148cec3fbf3f62b381f96dcb4b8dcfad7a8d4cf33a91d6c3a8484e156c4c 192.168.132.114/micro/worker:latest worker:latest],SizeBytes:178337313,},ContainerImage{Names:[registry.aliyuncs.com/google_containers/kube-apiserver@sha256:6ee1c59e9c1fb570e7958e267a6993988eaa22448beb70d99de7afb21e862e9d registry.cn-hangzhou.aliyuncs.com/google_containers/kube-apiserver@sha256:6ee1c59e9c1fb570e7958e267a6993988eaa22448beb70d99de7afb21e862e9d registry.aliyuncs.com/google_containers/kube-apiserver:v1.22.3 registry.cn-hangzhou.aliyuncs.com/google_containers/kube-apiserver:v1.22.3],SizeBytes:128278355,},ContainerImage{Names:[k8s.gcr.io/e2e-test-images/httpd:2.4.39-1],SizeBytes:126871615,},ContainerImage{Names:[k8s.gcr.io/e2e-test-images/agnhost:2.32],SizeBytes:125910179,},ContainerImage{Names:[k8s.gcr.io/e2e-test-images/httpd:2.4.38-1],SizeBytes:123774598,},ContainerImage{Names:[registry.aliyuncs.com/google_containers/kube-controller-manager@sha256:e67dbfd3796b7ce04fee80acb52876928c290224a91862c5849c3ab0fa31ca78 registry.cn-hangzhou.aliyuncs.com/google_containers/kube-controller-manager@sha256:e67dbfd3796b7ce04fee80acb52876928c290224a91862c5849c3ab0fa31ca78 registry.aliyuncs.com/google_containers/kube-controller-manager:v1.22.3 registry.cn-hangzhou.aliyuncs.com/google_containers/kube-controller-manager:v1.22.3],SizeBytes:121966693,},ContainerImage{Names:[k8s.gcr.io/e2e-test-images/nautilus:1.4],SizeBytes:121728153,},ContainerImage{Names:[k8s.gcr.io/e2e-test-images/kitten:1.4],SizeBytes:121721689,},ContainerImage{Names:[kubesphere/ks-console@sha256:6ad4af3742c3ac722405fd5749ddfda517916c4da24c50eea3049dea9e9cfeda kubesphere/ks-console:v3.3.0],SizeBytes:117049268,},ContainerImage{Names:[registry.aliyuncs.com/google_containers/kube-proxy@sha256:8d0561b2e5d0ccb9c49a25e7b415bef12637a07a872703dc252c2de3b458fc4f registry.cn-hangzhou.aliyuncs.com/google_containers/kube-proxy@sha256:8d0561b2e5d0ccb9c49a25e7b415bef12637a07a872703dc252c2de3b458fc4f registry.aliyuncs.com/google_containers/kube-proxy:v1.22.3 registry.cn-hangzhou.aliyuncs.com/google_containers/kube-proxy:v1.22.3],SizeBytes:103646205,},ContainerImage{Names:[harbor.moresec.cn/ksp/core@sha256:74f2ff732eeeadb8bf3ad19a2150a3e59657787eed4eb64e39551a8388120f84 harbor.moresec.cn/ksp/core:2.2.0-laishang],SizeBytes:98283749,},ContainerImage{Names:[k8s.gcr.io/e2e-test-images/node-perf/npb-is:1.1],SizeBytes:96376839,},ContainerImage{Names:[k8s.gcr.io/e2e-test-images/node-perf/npb-ep:1.1],SizeBytes:96375039,},ContainerImage{Names:[harbor.moresec.cn/ksp/task_center@sha256:9c3fc80c9b60765fc972d400bf5221f045ca440201d265107eb7dc719b167d1a harbor.moresec.cn/ksp/task_center:2.2.0-laishang],SizeBytes:96134087,},ContainerImage{Names:[ubuntu@sha256:b6b83d3c331794420340093eb706a6f152d9c1fa51b262d9bf34594887c2c7ac ubuntu:latest],SizeBytes:77815548,},ContainerImage{Names:[harbor.moresec.cn/ksp/license@sha256:f3393bf6bf48c974a3376b039405511d33833a13493e2ad7088ea6af9c45c4aa harbor.moresec.cn/ksp/license:2.2.0],SizeBytes:65830591,},ContainerImage{Names:[k8s.gcr.io/prometheus-dummy-exporter:v0.1.0],SizeBytes:64807703,},ContainerImage{Names:[rancher/mirrored-flannelcni-flannel@sha256:9fd7f4932b7193cc5d77a3c5ed303204c8382d3a88ca07540adbf4a3e94dd868 rancher/mirrored-flannelcni-flannel:v0.18.1],SizeBytes:62242473,},ContainerImage{Names:[harbor.moresec.cn/ksp/mentor@sha256:bb7607bd46e113f7c2ddb5a7db81862ee08e95f314f7c0529ed0b092c42bead1 harbor.moresec.cn/ksp/mentor:2.2.0-laishang],SizeBytes:61978773,},ContainerImage{Names:[k8s.gcr.io/build-image/debian-iptables:buster-v1.6.5],SizeBytes:60179159,},ContainerImage{Names:[k8s.gcr.io/sd-dummy-exporter:v0.2.0],SizeBytes:58268777,},ContainerImage{Names:[k8s.gcr.io/e2e-test-images/sample-apiserver:1.17.4],SizeBytes:58167705,},ContainerImage{Names:[registry.aliyuncs.com/google_containers/kube-scheduler@sha256:cac7ea67201a84c00f3e8d9be51877c25fb539055ac404c4a9d2dd4c79d3fdab registry.cn-hangzhou.aliyuncs.com/google_containers/kube-scheduler@sha256:cac7ea67201a84c00f3e8d9be51877c25fb539055ac404c4a9d2dd4c79d3fdab registry.aliyuncs.com/google_containers/kube-scheduler:v1.22.3 registry.cn-hangzhou.aliyuncs.com/google_containers/kube-scheduler:v1.22.3],SizeBytes:52641918,},ContainerImage{Names:[k8s.gcr.io/e2e-test-images/resource-consumer:1.9],SizeBytes:49529921,},ContainerImage{Names:[registry.aliyuncs.com/google_containers/coredns@sha256:6e5a02c21641597998b4be7cb5eb1e7b02c0d8d23cce4dd09f4682d463798890 registry.cn-hangzhou.aliyuncs.com/google_containers/coredns@sha256:6e5a02c21641597998b4be7cb5eb1e7b02c0d8d23cce4dd09f4682d463798890 registry.aliyuncs.com/google_containers/coredns:v1.8.4 registry.cn-hangzhou.aliyuncs.com/google_containers/coredns:v1.8.4],SizeBytes:47541629,},},VolumesInUse:[],VolumesAttached:[]AttachedVolume{},Config:nil,},}&#xA;Jul 24 12:03:28.624: INFO: &#xA;Logging kubelet events for node kubernetes-master&#xA;Jul 24 12:03:28.625: INFO: &#xA;Logging pods the kubelet thinks is on node kubernetes-master&#xA;Jul 24 12:03:28.640: INFO: etcd-kubernetes-master started at 2022-07-05 02:21:37 +0000 UTC (0+1 container statuses recorded)&#xA;Jul 24 12:03:28.640: INFO: &#x9;Container etcd ready: true, restart count 3&#xA;Jul 24 12:03:28.640: INFO: sonobuoy-systemd-logs-daemon-set-bb55de94825d4876-fz4gp started at 2022-07-24 11:15:36 +0000 UTC (0+2 container statuses recorded)&#xA;Jul 24 12:03:28.640: INFO: &#x9;Container sonobuoy-worker ready: true, restart count 0&#xA;Jul 24 12:03:28.640: INFO: &#x9;Container systemd-logs ready: true, restart count 0&#xA;Jul 24 12:03:28.640: INFO: ks-apiserver-7c8c448bbb-rxf55 started at 2022-07-08 03:25:11 +0000 UTC (0+1 container statuses recorded)&#xA;Jul 24 12:03:28.640: INFO: &#x9;Container ks-apiserver ready: false, restart count 0&#xA;Jul 24 12:03:28.640: INFO: coredns-7f6cbbb7b8-strff started at 2022-07-06 03:11:19 +0000 UTC (0+1 container statuses recorded)&#xA;Jul 24 12:03:28.640: INFO: &#x9;Container coredns ready: true, restart count 2&#xA;Jul 24 12:03:28.640: INFO: ks-console-54bd5bcbc6-p5cvv started at 2022-07-24 10:48:18 +0000 UTC (0+1 container statuses recorded)&#xA;Jul 24 12:03:28.640: INFO: &#x9;Container ks-console ready: true, restart count 0&#xA;Jul 24 12:03:28.640: INFO: ks-controller-manager-bdbb456f4-82fdx started at 2022-07-08 03:25:11 +0000 UTC (0+1 container statuses recorded)&#xA;Jul 24 12:03:28.640: INFO: &#x9;Container ks-controller-manager ready: false, restart count 0&#xA;Jul 24 12:03:28.640: INFO: kube-scheduler-kubernetes-master started at 2022-07-05 02:21:39 +0000 UTC (0+1 container statuses recorded)&#xA;Jul 24 12:03:28.640: INFO: &#x9;Container kube-scheduler ready: true, restart count 7&#xA;Jul 24 12:03:28.640: INFO: kube-apiserver-kubernetes-master started at 2022-07-05 10:11:17 +0000 UTC (0+1 container statuses recorded)&#xA;Jul 24 12:03:28.640: INFO: &#x9;Container kube-apiserver ready: true, restart count 8&#xA;Jul 24 12:03:28.640: INFO: ks-controller-manager-bdbb456f4-wblsj started at 2022-07-15 07:46:52 +0000 UTC (0+1 container statuses recorded)&#xA;Jul 24 12:03:28.640: INFO: &#x9;Container ks-controller-manager ready: false, restart count 1&#xA;Jul 24 12:03:28.640: INFO: coredns-7f6cbbb7b8-kjjzz started at 2022-07-06 03:11:19 +0000 UTC (0+1 container statuses recorded)&#xA;Jul 24 12:03:28.640: INFO: &#x9;Container coredns ready: true, restart count 2&#xA;Jul 24 12:03:28.640: INFO: kube-flannel-ds-7wsql started at 2022-07-05 02:25:29 +0000 UTC (2+1 container statuses recorded)&#xA;Jul 24 12:03:28.640: INFO: &#x9;Init container install-cni-plugin ready: true, restart count 2&#xA;Jul 24 12:03:28.640: INFO: &#x9;Init container install-cni ready: true, restart count 0&#xA;Jul 24 12:03:28.640: INFO: &#x9;Container kube-flannel ready: true, restart count 4&#xA;Jul 24 12:03:28.640: INFO: ks-console-54bd5bcbc6-nwfw2 started at 2022-07-15 07:46:52 +0000 UTC (0+1 container statuses recorded)&#xA;Jul 24 12:03:28.640: INFO: &#x9;Container ks-console ready: false, restart count 0&#xA;Jul 24 12:03:28.640: INFO: ks-console-54bd5bcbc6-t74kc started at 2022-07-08 03:25:11 +0000 UTC (0+1 container statuses recorded)&#xA;Jul 24 12:03:28.640: INFO: &#x9;Container ks-console ready: false, restart count 0&#xA;Jul 24 12:03:28.640: INFO: sonobuoy-e2e-job-82b0dd9ec4534543 started at 2022-07-24 11:15:35 +0000 UTC (0+2 container statuses recorded)&#xA;Jul 24 12:03:28.640: INFO: &#x9;Container e2e ready: true, restart count 0&#xA;Jul 24 12:03:28.640: INFO: &#x9;Container sonobuoy-worker ready: true, restart count 0&#xA;Jul 24 12:03:28.640: INFO: ks-apiserver-7c8c448bbb-t7h7k started at 2022-07-15 07:46:52 +0000 UTC (0+1 container statuses recorded)&#xA;Jul 24 12:03:28.640: INFO: &#x9;Container ks-apiserver ready: false, restart count 1&#xA;Jul 24 12:03:28.640: INFO: node-exporter-l9txx started at 2022-07-20 14:02:06 +0000 UTC (0+2 container statuses recorded)&#xA;Jul 24 12:03:28.640: INFO: &#x9;Container kube-rbac-proxy ready: true, restart count 0&#xA;Jul 24 12:03:28.640: INFO: &#x9;Container node-exporter ready: true, restart count 0&#xA;Jul 24 12:03:28.640: INFO: ksp-license-65cc56956f-bdj5b started at 2022-07-21 02:21:43 +0000 UTC (0+2 container statuses recorded)&#xA;Jul 24 12:03:28.640: INFO: &#x9;Container license ready: true, restart count 0&#xA;Jul 24 12:03:28.640: INFO: &#x9;Container msauth ready: true, restart count 0&#xA;Jul 24 12:03:28.640: INFO: kube-proxy-qjfdd started at 2022-07-05 02:21:49 +0000 UTC (0+1 container statuses recorded)&#xA;Jul 24 12:03:28.640: INFO: &#x9;Container kube-proxy ready: true, restart count 2&#xA;Jul 24 12:03:28.640: INFO: kube-controller-manager-kubernetes-master started at 2022-07-05 02:21:38 +0000 UTC (0+1 container statuses recorded)&#xA;Jul 24 12:03:28.640: INFO: &#x9;Container kube-controller-manager ready: true, restart count 7&#xA;Jul 24 12:03:28.668: INFO: &#xA;Latency metrics for node kubernetes-master&#xA;Jul 24 12:03:28.668: INFO: &#xA;Logging node info for node kubernetes-node-01&#xA;Jul 24 12:03:28.669: INFO: Node Info: &amp;Node{ObjectMeta:{kubernetes-node-01    3a4a3e2a-b98d-44ba-acfd-dc0ee51e00a1 5658839 0 2022-07-05 02:22:25 +0000 UTC &lt;nil&gt; &lt;nil&gt; map[beta.kubernetes.io/arch:amd64 beta.kubernetes.io/os:linux kubernetes.io/arch:amd64 kubernetes.io/hostname:kubernetes-node-01 kubernetes.io/os:linux] map[flannel.alpha.coreos.com/backend-data:{&#34;VNI&#34;:1,&#34;VtepMAC&#34;:&#34;1a:75:9b:0f:c6:8c&#34;} flannel.alpha.coreos.com/backend-type:vxlan flannel.alpha.coreos.com/kube-subnet-manager:true flannel.alpha.coreos.com/public-ip:192.168.132.11 kubeadm.alpha.kubernetes.io/cri-socket:/var/run/dockershim.sock node.alpha.kubernetes.io/ttl:0 volumes.kubernetes.io/controller-managed-attach-detach:true] [] []  [{kubelet Update v1 2022-07-05 02:22:25 +0000 UTC FieldsV1 {&#34;f:metadata&#34;:{&#34;f:annotations&#34;:{&#34;.&#34;:{},&#34;f:volumes.kubernetes.io/controller-managed-attach-detach&#34;:{}},&#34;f:labels&#34;:{&#34;.&#34;:{},&#34;f:beta.kubernetes.io/arch&#34;:{},&#34;f:beta.kubernetes.io/os&#34;:{},&#34;f:kubernetes.io/arch&#34;:{},&#34;f:kubernetes.io/hostname&#34;:{},&#34;f:kubernetes.io/os&#34;:{}}}} } {kubeadm Update v1 2022-07-05 02:22:30 +0000 UTC FieldsV1 {&#34;f:metadata&#34;:{&#34;f:annotations&#34;:{&#34;f:kubeadm.alpha.kubernetes.io/cri-socket&#34;:{}}}} } {flanneld Update v1 2022-07-05 02:25:41 +0000 UTC FieldsV1 {&#34;f:metadata&#34;:{&#34;f:annotations&#34;:{&#34;f:flannel.alpha.coreos.com/backend-data&#34;:{},&#34;f:flannel.alpha.coreos.com/backend-type&#34;:{},&#34;f:flannel.alpha.coreos.com/kube-subnet-manager&#34;:{},&#34;f:flannel.alpha.coreos.com/public-ip&#34;:{}}},&#34;f:status&#34;:{&#34;f:conditions&#34;:{&#34;k:{\&#34;type\&#34;:\&#34;NetworkUnavailable\&#34;}&#34;:{&#34;.&#34;:{},&#34;f:lastHeartbeatTime&#34;:{},&#34;f:lastTransitionTime&#34;:{},&#34;f:message&#34;:{},&#34;f:reason&#34;:{},&#34;f:status&#34;:{},&#34;f:type&#34;:{}}}}} status} {kube-controller-manager Update v1 2022-07-20 11:50:17 +0000 UTC FieldsV1 {&#34;f:metadata&#34;:{&#34;f:annotations&#34;:{&#34;f:node.alpha.kubernetes.io/ttl&#34;:{}}},&#34;f:spec&#34;:{&#34;f:podCIDR&#34;:{},&#34;f:podCIDRs&#34;:{&#34;.&#34;:{},&#34;v:\&#34;10.244.4.0/24\&#34;&#34;:{}}}} } {e2e.test Update v1 2022-07-24 11:57:52 +0000 UTC FieldsV1 {&#34;f:status&#34;:{&#34;f:capacity&#34;:{&#34;f:example.com/fakecpu&#34;:{},&#34;f:scheduling.k8s.io/foo&#34;:{}}}} status} {kubelet Update v1 2022-07-24 11:57:57 +0000 UTC FieldsV1 {&#34;f:status&#34;:{&#34;f:allocatable&#34;:{&#34;f:ephemeral-storage&#34;:{},&#34;f:example.com/fakecpu&#34;:{},&#34;f:scheduling.k8s.io/foo&#34;:{}},&#34;f:capacity&#34;:{&#34;f:ephemeral-storage&#34;:{}},&#34;f:conditions&#34;:{&#34;k:{\&#34;type\&#34;:\&#34;DiskPressure\&#34;}&#34;:{&#34;f:lastHeartbeatTime&#34;:{},&#34;f:lastTransitionTime&#34;:{},&#34;f:message&#34;:{},&#34;f:reason&#34;:{},&#34;f:status&#34;:{}},&#34;k:{\&#34;type\&#34;:\&#34;MemoryPressure\&#34;}&#34;:{&#34;f:lastHeartbeatTime&#34;:{},&#34;f:lastTransitionTime&#34;:{},&#34;f:message&#34;:{},&#34;f:reason&#34;:{},&#34;f:status&#34;:{}},&#34;k:{\&#34;type\&#34;:\&#34;PIDPressure\&#34;}&#34;:{&#34;f:lastHeartbeatTime&#34;:{},&#34;f:lastTransitionTime&#34;:{},&#34;f:message&#34;:{},&#34;f:reason&#34;:{},&#34;f:status&#34;:{}},&#34;k:{\&#34;type\&#34;:\&#34;Ready\&#34;}&#34;:{&#34;f:lastHeartbeatTime&#34;:{},&#34;f:lastTransitionTime&#34;:{},&#34;f:message&#34;:{},&#34;f:reason&#34;:{},&#34;f:status&#34;:{}}},&#34;f:images&#34;:{},&#34;f:nodeInfo&#34;:{&#34;f:containerRuntimeVersion&#34;:{}}}} status}]},Spec:NodeSpec{PodCIDR:10.244.4.0/24,DoNotUseExternalID:,ProviderID:,Unschedulable:false,Taints:[]Taint{},ConfigSource:nil,PodCIDRs:[10.244.4.0/24],},Status:NodeStatus{Capacity:ResourceList{cpu: {{8 0} {&lt;nil&gt;} 8 DecimalSI},ephemeral-storage: {{107321753600 0} {&lt;nil&gt;} 102350Mi BinarySI},example.com/fakecpu: {{1 3} {&lt;nil&gt;} 1k DecimalSI},hugepages-1Gi: {{0 0} {&lt;nil&gt;} 0 DecimalSI},hugepages-2Mi: {{0 0} {&lt;nil&gt;} 0 DecimalSI},memory: {{16363429888 0} {&lt;nil&gt;}  BinarySI},pods: {{110 0} {&lt;nil&gt;} 110 DecimalSI},scheduling.k8s.io/foo: {{5 0} {&lt;nil&gt;} 5 DecimalSI},},Allocatable:ResourceList{cpu: {{8 0} {&lt;nil&gt;} 8 DecimalSI},ephemeral-storage: {{96589578081 0} {&lt;nil&gt;} 96589578081 DecimalSI},example.com/fakecpu: {{1 3} {&lt;nil&gt;} 1k DecimalSI},hugepages-1Gi: {{0 0} {&lt;nil&gt;} 0 DecimalSI},hugepages-2Mi: {{0 0} {&lt;nil&gt;} 0 DecimalSI},memory: {{16258572288 0} {&lt;nil&gt;}  BinarySI},pods: {{110 0} {&lt;nil&gt;} 110 DecimalSI},scheduling.k8s.io/foo: {{5 0} {&lt;nil&gt;} 5 DecimalSI},},Phase:,Conditions:[]NodeCondition{NodeCondition{Type:NetworkUnavailable,Status:False,LastHeartbeatTime:2022-07-20 12:09:51 +0000 UTC,LastTransitionTime:2022-07-20 12:09:51 +0000 UTC,Reason:FlannelIsUp,Message:Flannel is running on this node,},NodeCondition{Type:MemoryPressure,Status:False,LastHeartbeatTime:2022-07-24 12:02:58 +0000 UTC,LastTransitionTime:2022-07-05 02:39:16 +0000 UTC,Reason:KubeletHasSufficientMemory,Message:kubelet has sufficient memory available,},NodeCondition{Type:DiskPressure,Status:False,LastHeartbeatTime:2022-07-24 12:02:58 +0000 UTC,LastTransitionTime:2022-07-06 11:27:51 +0000 UTC,Reason:KubeletHasNoDiskPressure,Message:kubelet has no disk pressure,},NodeCondition{Type:PIDPressure,Status:False,LastHeartbeatTime:2022-07-24 12:02:58 +0000 UTC,LastTransitionTime:2022-07-05 02:39:16 +0000 UTC,Reason:KubeletHasSufficientPID,Message:kubelet has sufficient PID available,},NodeCondition{Type:Ready,Status:True,LastHeartbeatTime:2022-07-24 12:02:58 +0000 UTC,LastTransitionTime:2022-07-20 12:05:25 +0000 UTC,Reason:KubeletReady,Message:kubelet is posting ready status,},},Addresses:[]NodeAddress{NodeAddress{Type:InternalIP,Address:192.168.132.11,},NodeAddress{Type:Hostname,Address:kubernetes-node-01,},},DaemonEndpoints:NodeDaemonEndpoints{KubeletEndpoint:DaemonEndpoint{Port:10250,},},NodeInfo:NodeSystemInfo{MachineID:ff2f0490c5bb4030ae3be22dffb6765a,SystemUUID:318642bd-e41a-e911-ad47-a4bf015b1f84,BootID:2686e27a-6243-43c4-baa2-2867206747cd,KernelVersion:5.4.132-1.el7.elrepo.x86_64,OSImage:CentOS Linux 7 (Core),ContainerRuntimeVersion:docker://20.10.7,KubeletVersion:v1.22.3,KubeProxyVersion:v1.22.3,OperatingSystem:linux,Architecture:amd64,},Images:[]ContainerImage{ContainerImage{Names:[k8s.gcr.io/e2e-test-images/cuda-vector-add:2.2],SizeBytes:2579956550,},ContainerImage{Names:[k8s.gcr.io/e2e-test-images/cuda-vector-add:1.0],SizeBytes:2047006036,},ContainerImage{Names:[k8s.gcr.io/e2e-test-images/node-perf/tf-wide-deep:1.1],SizeBytes:1631128450,},ContainerImage{Names:[k8smg:latest],SizeBytes:1398619088,},ContainerImage{Names:[k8s.gcr.io/e2e-test-images/perl:5.26],SizeBytes:853225645,},ContainerImage{Names:[k8s.gcr.io/e2e-test-images/volume/rbd:1.0.3],SizeBytes:751897580,},ContainerImage{Names:[harbor.moresec.cn/ksp/kafka@sha256:29aef30ec0742e05c84b92e35fe81bc2a933d92aa3aec2325f3947c9cbb07e2d harbor.moresec.cn/ksp/kafka:2.8.0-debian-10-r43],SizeBytes:584339677,},ContainerImage{Names:[centos-drip:7.7],SizeBytes:552218315,},ContainerImage{Names:[&lt;none&gt;@&lt;none&gt; &lt;none&gt;:&lt;none&gt;],SizeBytes:522728932,},ContainerImage{Names:[harbor.moresec.cn/ksp/ksp_agent@sha256:f96a653e88fcf5b71a82e603da3ace5e774c9dd4e37dcdfc7a1db3ce87267245 harbor.moresec.cn/ksp/ksp_agent:latest],SizeBytes:495969065,},ContainerImage{Names:[harbor.moresec.cn/ksp/ksp_agent@sha256:62d75a6961ee50b7bbea1eeb9a835b8809fbf868cda8ea7e30c57a871fe36ae4],SizeBytes:495943489,},ContainerImage{Names:[&lt;none&gt;@&lt;none&gt; &lt;none&gt;:&lt;none&gt;],SizeBytes:435344555,},ContainerImage{Names:[harbor.moresec.cn/ksp/ksp_agent@sha256:7fc828e5732309187da20a9a025a142f8229f04087601a9fad119c3724ab6e92 harbor.moresec.cn/ksp/ksp_agent:2.2.0],SizeBytes:433527765,},ContainerImage{Names:[harbor.moresec.cn/ksp/ksp_agent@sha256:b6455a0f39f08b39b5ee701bbcfb11edb8484478bfe44f30a3a48f041ea504b1],SizeBytes:433527765,},ContainerImage{Names:[harbor.moresec.cn/ksp/ksp_agent:laishang],SizeBytes:433318869,},ContainerImage{Names:[kubesphere/ks-installer@sha256:e314e12b16e556b0ce16d4c1efab0a375605936da15afa0e4fa3afa4c302cf15 kubesphere/ks-installer:v3.3.0],SizeBytes:420547354,},ContainerImage{Names:[k8s.gcr.io/e2e-test-images/volume/iscsi:2.2],SizeBytes:414158129,},ContainerImage{Names:[k8s.gcr.io/sig-storage/nfs-provisioner:v2.2.2],SizeBytes:391702539,},ContainerImage{Names:[k8s.gcr.io/e2e-test-images/glusterdynamic-provisioner:v1.0],SizeBytes:373269502,},ContainerImage{Names:[k8s.gcr.io/e2e-test-images/volume/gluster:1.2],SizeBytes:340272046,},ContainerImage{Names:[sonobuoy/systemd-logs:v0.4],SizeBytes:314068873,},ContainerImage{Names:[docker-dev.moresec.cn:10443/ksp/mysql@sha256:1a52fad24c8d9c47d9563773bf2fd6618cab64a2e7054a32c62d7ff83047d432 harbor.moresec.cn/ksp/mysql@sha256:1a52fad24c8d9c47d9563773bf2fd6618cab64a2e7054a32c62d7ff83047d432 docker-dev.moresec.cn:10443/ksp/mysql:5.7.34 harbor.moresec.cn/ksp/mysql:5.7.34],SizeBytes:296256317,},ContainerImage{Names:[k8s.gcr.io/e2e-test-images/volume/nfs:1.2],SizeBytes:263870626,},ContainerImage{Names:[k8s.gcr.io/etcd:3.4.13-0],SizeBytes:253376083,},ContainerImage{Names:[k8s.gcr.io/e2e-test-images/jessie-dnsutils:1.4],SizeBytes:253346057,},ContainerImage{Names:[k8s.gcr.io/conformance:v1.22.3],SizeBytes:246064443,},ContainerImage{Names:[192.168.132.114/process/process@sha256:b08bcadd231b62eba8913d7f9b7ef6a54087fedec3a52607decd86aae014330a 192.168.132.114/process/process:latest],SizeBytes:231220584,},ContainerImage{Names:[&lt;none&gt;@&lt;none&gt; &lt;none&gt;:&lt;none&gt;],SizeBytes:231220093,},ContainerImage{Names:[prom/prometheus@sha256:b37103e03399e90c9b7b1b2940894d3634915cf9df4aa2e5402bd85b4377808c prom/prometheus:v2.34.0],SizeBytes:204913767,},ContainerImage{Names:[centos@sha256:50752af5182c6cd5518e3e91d48f7ff0cba93d5d760a67ac140e2d63c4dd9efc centos:centos7.7.1908],SizeBytes:203602133,},ContainerImage{Names:[kubesphere/ks-apiserver@sha256:c6518655604eb6c5b67e6e5b0a11239e1b927c6ab0f947ce3c60176c70090462 kubesphere/ks-apiserver:v3.2.1],SizeBytes:190792907,},ContainerImage{Names:[192.168.132.114/micro/worker@sha256:0c3e148cec3fbf3f62b381f96dcb4b8dcfad7a8d4cf33a91d6c3a8484e156c4c 192.168.132.114/micro/worker:latest],SizeBytes:178337313,},ContainerImage{Names:[harbor.moresec.cn/ksp/fileserver@sha256:e70cbd22b76e6e111c2b86a20c5fdea469fed0313c81f73f35ed11249f79f741 harbor.moresec.cn/ksp/fileserver:2.2.0],SizeBytes:153076017,},ContainerImage{Names:[&lt;none&gt;@&lt;none&gt; &lt;none&gt;:&lt;none&gt;],SizeBytes:141498060,},ContainerImage{Names:[harbor.moresec.cn/ksp/etcd@sha256:e38d9f2facec186c09c33e28455e97156ea45d5c299d348a1b0676784c293d75 harbor.moresec.cn/ksp/etcd:3.4.15-debian-10-r43],SizeBytes:131965680,},ContainerImage{Names:[harbor.moresec.cn/ksp/webapi_srv@sha256:7de68ded9d05cdbbc9fbe03c3321f14d68569cd7d9f35921e977df8377bc7d2d],SizeBytes:129903492,},ContainerImage{Names:[harbor.moresec.cn/ksp/webapi_srv@sha256:44ac8426e7c6087593f315cf547a8426780a03ec7e102e3cadd5931f03fa5851 harbor.moresec.cn/ksp/webapi_srv:latest],SizeBytes:129800680,},ContainerImage{Names:[k8s.gcr.io/e2e-test-images/httpd:2.4.39-1],SizeBytes:126871615,},ContainerImage{Names:[docker-dev.moresec.cn:10443/ksp/envoy@sha256:1a57c0f59b9e04a83f4407c79df63f027ee620a2ee66e201438f49c9253e258a harbor.moresec.cn/ksp/envoy@sha256:1a57c0f59b9e04a83f4407c79df63f027ee620a2ee66e201438f49c9253e258a docker-dev.moresec.cn:10443/ksp/envoy:v1.20.0 harbor.moresec.cn/ksp/envoy:v1.20.0],SizeBytes:126156197,},ContainerImage{Names:[k8s.gcr.io/e2e-test-images/agnhost:2.32],SizeBytes:125910179,},ContainerImage{Names:[harbor.moresec.cn/ksp/webapi_srv@sha256:1665c65a94096bb76343e0df2fcbe6299d29d7c1b47f22c1db269ef909d895c7 harbor.moresec.cn/ksp/webapi_srv:2.2.0],SizeBytes:123778974,},ContainerImage{Names:[k8s.gcr.io/e2e-test-images/httpd:2.4.38-1],SizeBytes:123774598,},ContainerImage{Names:[k8s.gcr.io/e2e-test-images/nautilus:1.4],SizeBytes:121728153,},ContainerImage{Names:[k8s.gcr.io/e2e-test-images/kitten:1.4],SizeBytes:121721689,},ContainerImage{Names:[nginx@sha256:f7988fb6c02e0ce69257d9bd9cf37ae20a60f1df7563c3a2a6abe24160306b8d nginx:1.14.2],SizeBytes:109109325,},ContainerImage{Names:[harbor.moresec.cn/ksp/controller@sha256:be921ae314828accad9ea6bc25af4e4097027cddd44001913f983ad6f06fe948 harbor.moresec.cn/ksp/controller:latest],SizeBytes:107945283,},ContainerImage{Names:[registry.aliyuncs.com/google_containers/kube-proxy@sha256:8d0561b2e5d0ccb9c49a25e7b415bef12637a07a872703dc252c2de3b458fc4f registry.aliyuncs.com/google_containers/kube-proxy:v1.22.3],SizeBytes:103646205,},ContainerImage{Names:[k8s.gcr.io/e2e-test-images/node-perf/npb-is:1.1],SizeBytes:96376839,},ContainerImage{Names:[k8s.gcr.io/e2e-test-images/node-perf/npb-ep:1.1],SizeBytes:96375039,},ContainerImage{Names:[harbor.moresec.cn/ksp/task_center@sha256:ea75ee3c0061c1aba9fc986e49ea73dda1b977c3d5a8b8dd8e503e7f79325406 harbor.moresec.cn/ksp/task_center:2.2.0],SizeBytes:96150782,},},VolumesInUse:[],VolumesAttached:[]AttachedVolume{},Config:nil,},}&#xA;Jul 24 12:03:28.670: INFO: &#xA;Logging kubelet events for node kubernetes-node-01&#xA;Jul 24 12:03:28.671: INFO: &#xA;Logging pods the kubelet thinks is on node kubernetes-node-01&#xA;Jul 24 12:03:28.693: INFO: prometheus-operator-8955bbd98-r8ftl started at 2022-07-24 10:47:02 +0000 UTC (0+2 container statuses recorded)&#xA;Jul 24 12:03:28.693: INFO: &#x9;Container kube-rbac-proxy ready: true, restart count 0&#xA;Jul 24 12:03:28.693: INFO: &#x9;Container prometheus-operator ready: true, restart count 0&#xA;Jul 24 12:03:28.693: INFO: alertmanager-main-1 started at 2022-07-24 10:47:04 +0000 UTC (0+2 container statuses recorded)&#xA;Jul 24 12:03:28.693: INFO: &#x9;Container alertmanager ready: true, restart count 0&#xA;Jul 24 12:03:28.693: INFO: &#x9;Container config-reloader ready: true, restart count 0&#xA;Jul 24 12:03:28.693: INFO: ksp-fileserver-58d849d98b-k2wt9 started at 2022-07-20 12:05:34 +0000 UTC (0+1 container statuses recorded)&#xA;Jul 24 12:03:28.693: INFO: &#x9;Container fileserver ready: true, restart count 12&#xA;Jul 24 12:03:28.693: INFO: ubuntu-deployment-docker-sock1-74c66ddf85-5fcvb started at 2022-07-24 10:47:52 +0000 UTC (0+1 container statuses recorded)&#xA;Jul 24 12:03:28.693: INFO: &#x9;Container ubuntu-docker-sock1 ready: true, restart count 0&#xA;Jul 24 12:03:28.693: INFO: gatekeeper-controller-manager-6566df6878-6sxjk started at 2022-07-24 10:47:54 +0000 UTC (0+1 container statuses recorded)&#xA;Jul 24 12:03:28.693: INFO: &#x9;Container manager ready: true, restart count 0&#xA;Jul 24 12:03:28.693: INFO: sonobuoy-systemd-logs-daemon-set-bb55de94825d4876-wwrrn started at 2022-07-24 11:15:36 +0000 UTC (0+2 container statuses recorded)&#xA;Jul 24 12:03:28.693: INFO: &#x9;Container sonobuoy-worker ready: true, restart count 0&#xA;Jul 24 12:03:28.693: INFO: &#x9;Container systemd-logs ready: true, restart count 0&#xA;Jul 24 12:03:28.693: INFO: node-exporter-mktmt started at 2022-07-08 03:28:07 +0000 UTC (0+2 container statuses recorded)&#xA;Jul 24 12:03:28.693: INFO: &#x9;Container kube-rbac-proxy ready: true, restart count 2&#xA;Jul 24 12:03:28.693: INFO: &#x9;Container node-exporter ready: true, restart count 2&#xA;Jul 24 12:03:28.693: INFO: prometheus-k8s-0 started at 2022-07-20 12:09:14 +0000 UTC (1+2 container statuses recorded)&#xA;Jul 24 12:03:28.693: INFO: &#x9;Init container init-config-reloader ready: true, restart count 0&#xA;Jul 24 12:03:28.693: INFO: &#x9;Container config-reloader ready: true, restart count 0&#xA;Jul 24 12:03:28.693: INFO: &#x9;Container prometheus ready: true, restart count 0&#xA;Jul 24 12:03:28.693: INFO: ss2-0 started at 2022-07-20 12:10:27 +0000 UTC (0+1 container statuses recorded)&#xA;Jul 24 12:03:28.693: INFO: &#x9;Container webserver ready: true, restart count 0&#xA;Jul 24 12:03:28.693: INFO: notification-manager-operator-7d44854f54-pfhvp started at 2022-07-20 12:37:15 +0000 UTC (0+2 container statuses recorded)&#xA;Jul 24 12:03:28.693: INFO: &#x9;Container kube-rbac-proxy ready: true, restart count 0&#xA;Jul 24 12:03:28.693: INFO: &#x9;Container notification-manager-operator ready: true, restart count 13&#xA;Jul 24 12:03:28.693: INFO: kubectl-admin-6dbcb94855-cwbwg started at 2022-07-24 10:47:02 +0000 UTC (0+1 container statuses recorded)&#xA;Jul 24 12:03:28.693: INFO: &#x9;Container kubectl ready: true, restart count 0&#xA;Jul 24 12:03:28.693: INFO: ks-installer-6976cf49f5-l72kw started at 2022-07-24 10:48:18 +0000 UTC (0+1 container statuses recorded)&#xA;Jul 24 12:03:28.693: INFO: &#x9;Container installer ready: true, restart count 0&#xA;Jul 24 12:03:28.693: INFO: sonobuoy started at 2022-07-24 11:15:29 +0000 UTC (0+1 container statuses recorded)&#xA;Jul 24 12:03:28.693: INFO: &#x9;Container kube-sonobuoy ready: true, restart count 0&#xA;Jul 24 12:03:28.693: INFO: kube-proxy-kkm7x started at 2022-07-05 02:22:26 +0000 UTC (0+1 container statuses recorded)&#xA;Jul 24 12:03:28.693: INFO: &#x9;Container kube-proxy ready: true, restart count 3&#xA;Jul 24 12:03:28.693: INFO: snapshot-controller-0 started at 2022-07-20 12:09:57 +0000 UTC (0+1 container statuses recorded)&#xA;Jul 24 12:03:28.693: INFO: &#x9;Container snapshot-controller ready: true, restart count 0&#xA;Jul 24 12:03:28.693: INFO: ksp-etcd-0 started at 2022-07-20 12:10:55 +0000 UTC (0+1 container statuses recorded)&#xA;Jul 24 12:03:28.693: INFO: &#x9;Container etcd ready: true, restart count 0&#xA;Jul 24 12:03:28.693: INFO: process56-59d84745d8-2wml7 started at 2022-07-24 10:47:52 +0000 UTC (0+1 container statuses recorded)&#xA;Jul 24 12:03:28.693: INFO: &#x9;Container process56 ready: true, restart count 0&#xA;Jul 24 12:03:28.693: INFO: ksp-mysql-0 started at 2022-07-20 12:09:51 +0000 UTC (0+1 container statuses recorded)&#xA;Jul 24 12:03:28.693: INFO: &#x9;Container mysql ready: true, restart count 0&#xA;Jul 24 12:03:28.693: INFO: notification-manager-deployment-78664576cb-5mm7d started at 2022-07-24 10:48:18 +0000 UTC (0+2 container statuses recorded)&#xA;Jul 24 12:03:28.693: INFO: &#x9;Container notification-manager ready: true, restart count 0&#xA;Jul 24 12:03:28.693: INFO: &#x9;Container tenant ready: true, restart count 0&#xA;Jul 24 12:03:28.693: INFO: ksp-kafka-0 started at 2022-07-20 12:06:10 +0000 UTC (0+1 container statuses recorded)&#xA;Jul 24 12:03:28.693: INFO: &#x9;Container kafka ready: true, restart count 12&#xA;Jul 24 12:03:28.693: INFO: ksp-webapi-srv-5b59fc6b7b-qfcs4 started at 2022-07-21 02:23:19 +0000 UTC (0+1 container statuses recorded)&#xA;Jul 24 12:03:28.693: INFO: &#x9;Container webapi-srv ready: true, restart count 0&#xA;Jul 24 12:03:28.693: INFO: kube-flannel-ds-8xnv7 started at 2022-07-06 17:46:29 +0000 UTC (2+1 container statuses recorded)&#xA;Jul 24 12:03:28.693: INFO: &#x9;Init container install-cni-plugin ready: true, restart count 0&#xA;Jul 24 12:03:28.693: INFO: &#x9;Init container install-cni ready: true, restart count 0&#xA;Jul 24 12:03:28.693: INFO: &#x9;Container kube-flannel ready: true, restart count 1&#xA;Jul 24 12:03:28.693: INFO: ksp-redis-master-0 started at 2022-07-20 12:09:21 +0000 UTC (0+1 container statuses recorded)&#xA;Jul 24 12:03:28.693: INFO: &#x9;Container redis ready: true, restart count 0&#xA;Jul 24 12:03:28.693: INFO: alertmanager-main-0 started at 2022-07-20 12:09:55 +0000 UTC (0+2 container statuses recorded)&#xA;Jul 24 12:03:28.693: INFO: &#x9;Container alertmanager ready: true, restart count 0&#xA;Jul 24 12:03:28.693: INFO: &#x9;Container config-reloader ready: true, restart count 0&#xA;Jul 24 12:03:28.693: INFO: worker108-cc678945b-7rbkz started at 2022-07-21 06:39:16 +0000 UTC (0+1 container statuses recorded)&#xA;Jul 24 12:03:28.693: INFO: &#x9;Container worker108 ready: true, restart count 0&#xA;Jul 24 12:03:28.693: INFO: pod1-0-sched-preemption-medium-priority started at 2022-07-24 11:57:57 +0000 UTC (0+1 container statuses recorded)&#xA;Jul 24 12:03:28.693: INFO: &#x9;Container pod1-0-sched-preemption-medium-priority ready: true, restart count 0&#xA;Jul 24 12:03:28.693: INFO: ss2-1 started at 2022-07-23 11:41:24 +0000 UTC (0+1 container statuses recorded)&#xA;Jul 24 12:03:28.693: INFO: &#x9;Container webserver ready: true, restart count 0&#xA;Jul 24 12:03:28.693: INFO: default-http-backend-5bf68ff9b8-hkh75 started at 2022-07-24 10:47:02 +0000 UTC (0+1 container statuses recorded)&#xA;Jul 24 12:03:28.693: INFO: &#x9;Container default-http-backend ready: true, restart count 0&#xA;Jul 24 12:03:28.693: INFO: pod1-1-sched-preemption-medium-priority started at 2022-07-24 11:57:57 +0000 UTC (0+1 container statuses recorded)&#xA;Jul 24 12:03:28.693: INFO: &#x9;Container pod1-1-sched-preemption-medium-priority ready: true, restart count 0&#xA;Jul 24 12:03:28.740: INFO: &#xA;Latency metrics for node kubernetes-node-01&#xA;Jul 24 12:03:28.740: INFO: &#xA;Logging node info for node kubernetes-node-02&#xA;Jul 24 12:03:28.742: INFO: Node Info: &amp;Node{ObjectMeta:{kubernetes-node-02    307d2ab5-ef28-4bdd-889c-432cc026c399 5658871 0 2022-07-05 02:22:23 +0000 UTC &lt;nil&gt; &lt;nil&gt; map[beta.kubernetes.io/arch:amd64 beta.kubernetes.io/os:linux kubernetes.io/arch:amd64 kubernetes.io/hostname:kubernetes-node-02 kubernetes.io/os:linux] map[flannel.alpha.coreos.com/backend-data:{&#34;VNI&#34;:1,&#34;VtepMAC&#34;:&#34;82:d6:14:69:bd:44&#34;} flannel.alpha.coreos.com/backend-type:vxlan flannel.alpha.coreos.com/kube-subnet-manager:true flannel.alpha.coreos.com/public-ip:192.168.132.12 kubeadm.alpha.kubernetes.io/cri-socket:/var/run/dockershim.sock node.alpha.kubernetes.io/ttl:0 volumes.kubernetes.io/controller-managed-attach-detach:true] [] []  [{kubeadm Update v1 2022-07-05 02:22:23 +0000 UTC FieldsV1 {&#34;f:metadata&#34;:{&#34;f:annotations&#34;:{&#34;f:kubeadm.alpha.kubernetes.io/cri-socket&#34;:{}}}} } {kubelet Update v1 2022-07-05 02:22:23 +0000 UTC FieldsV1 {&#34;f:metadata&#34;:{&#34;f:annotations&#34;:{&#34;.&#34;:{},&#34;f:volumes.kubernetes.io/controller-managed-attach-detach&#34;:{}},&#34;f:labels&#34;:{&#34;.&#34;:{},&#34;f:beta.kubernetes.io/arch&#34;:{},&#34;f:beta.kubernetes.io/os&#34;:{},&#34;f:kubernetes.io/arch&#34;:{},&#34;f:kubernetes.io/hostname&#34;:{},&#34;f:kubernetes.io/os&#34;:{}}}} } {flanneld Update v1 2022-07-05 02:25:42 +0000 UTC FieldsV1 {&#34;f:metadata&#34;:{&#34;f:annotations&#34;:{&#34;f:flannel.alpha.coreos.com/backend-data&#34;:{},&#34;f:flannel.alpha.coreos.com/backend-type&#34;:{},&#34;f:flannel.alpha.coreos.com/kube-subnet-manager&#34;:{},&#34;f:flannel.alpha.coreos.com/public-ip&#34;:{}}},&#34;f:status&#34;:{&#34;f:conditions&#34;:{&#34;k:{\&#34;type\&#34;:\&#34;NetworkUnavailable\&#34;}&#34;:{&#34;.&#34;:{},&#34;f:lastHeartbeatTime&#34;:{},&#34;f:lastTransitionTime&#34;:{},&#34;f:message&#34;:{},&#34;f:reason&#34;:{},&#34;f:status&#34;:{},&#34;f:type&#34;:{}}}}} status} {kube-controller-manager Update v1 2022-07-20 12:10:50 +0000 UTC FieldsV1 {&#34;f:metadata&#34;:{&#34;f:annotations&#34;:{&#34;f:node.alpha.kubernetes.io/ttl&#34;:{}}},&#34;f:spec&#34;:{&#34;f:podCIDR&#34;:{},&#34;f:podCIDRs&#34;:{&#34;.&#34;:{},&#34;v:\&#34;10.244.3.0/24\&#34;&#34;:{}}}} } {e2e.test Update v1 2022-07-24 11:57:52 +0000 UTC FieldsV1 {&#34;f:status&#34;:{&#34;f:capacity&#34;:{&#34;f:example.com/fakecpu&#34;:{},&#34;f:scheduling.k8s.io/foo&#34;:{}}}} status} {kubelet Update v1 2022-07-24 11:58:00 +0000 UTC FieldsV1 {&#34;f:status&#34;:{&#34;f:allocatable&#34;:{&#34;f:ephemeral-storage&#34;:{},&#34;f:example.com/fakecpu&#34;:{},&#34;f:scheduling.k8s.io/foo&#34;:{}},&#34;f:conditions&#34;:{&#34;k:{\&#34;type\&#34;:\&#34;DiskPressure\&#34;}&#34;:{&#34;f:lastHeartbeatTime&#34;:{},&#34;f:lastTransitionTime&#34;:{},&#34;f:message&#34;:{},&#34;f:reason&#34;:{},&#34;f:status&#34;:{}},&#34;k:{\&#34;type\&#34;:\&#34;MemoryPressure\&#34;}&#34;:{&#34;f:lastHeartbeatTime&#34;:{},&#34;f:lastTransitionTime&#34;:{},&#34;f:message&#34;:{},&#34;f:reason&#34;:{},&#34;f:status&#34;:{}},&#34;k:{\&#34;type\&#34;:\&#34;PIDPressure\&#34;}&#34;:{&#34;f:lastHeartbeatTime&#34;:{},&#34;f:lastTransitionTime&#34;:{},&#34;f:message&#34;:{},&#34;f:reason&#34;:{},&#34;f:status&#34;:{}},&#34;k:{\&#34;type\&#34;:\&#34;Ready\&#34;}&#34;:{&#34;f:lastHeartbeatTime&#34;:{},&#34;f:lastTransitionTime&#34;:{},&#34;f:message&#34;:{},&#34;f:reason&#34;:{},&#34;f:status&#34;:{}}},&#34;f:images&#34;:{},&#34;f:nodeInfo&#34;:{&#34;f:bootID&#34;:{},&#34;f:containerRuntimeVersion&#34;:{}}}} status}]},Spec:NodeSpec{PodCIDR:10.244.3.0/24,DoNotUseExternalID:,ProviderID:,Unschedulable:false,Taints:[]Taint{},ConfigSource:nil,PodCIDRs:[10.244.3.0/24],},Status:NodeStatus{Capacity:ResourceList{cpu: {{8 0} {&lt;nil&gt;} 8 DecimalSI},ephemeral-storage: {{107321753600 0} {&lt;nil&gt;} 102350Mi BinarySI},example.com/fakecpu: {{1 3} {&lt;nil&gt;} 1k DecimalSI},hugepages-1Gi: {{0 0} {&lt;nil&gt;} 0 DecimalSI},hugepages-2Mi: {{0 0} {&lt;nil&gt;} 0 DecimalSI},memory: {{16363429888 0} {&lt;nil&gt;}  BinarySI},pods: {{110 0} {&lt;nil&gt;} 110 DecimalSI},scheduling.k8s.io/foo: {{5 0} {&lt;nil&gt;} 5 DecimalSI},},Allocatable:ResourceList{cpu: {{8 0} {&lt;nil&gt;} 8 DecimalSI},ephemeral-storage: {{96589578081 0} {&lt;nil&gt;} 96589578081 DecimalSI},example.com/fakecpu: {{1 3} {&lt;nil&gt;} 1k DecimalSI},hugepages-1Gi: {{0 0} {&lt;nil&gt;} 0 DecimalSI},hugepages-2Mi: {{0 0} {&lt;nil&gt;} 0 DecimalSI},memory: {{16258572288 0} {&lt;nil&gt;}  BinarySI},pods: {{110 0} {&lt;nil&gt;} 110 DecimalSI},scheduling.k8s.io/foo: {{5 0} {&lt;nil&gt;} 5 DecimalSI},},Phase:,Conditions:[]NodeCondition{NodeCondition{Type:NetworkUnavailable,Status:False,LastHeartbeatTime:2022-07-20 12:50:33 +0000 UTC,LastTransitionTime:2022-07-20 12:50:33 +0000 UTC,Reason:FlannelIsUp,Message:Flannel is running on this node,},NodeCondition{Type:MemoryPressure,Status:False,LastHeartbeatTime:2022-07-24 12:03:02 +0000 UTC,LastTransitionTime:2022-07-20 12:10:11 +0000 UTC,Reason:KubeletHasSufficientMemory,Message:kubelet has sufficient memory available,},NodeCondition{Type:DiskPressure,Status:False,LastHeartbeatTime:2022-07-24 12:03:02 +0000 UTC,LastTransitionTime:2022-07-20 12:10:11 +0000 UTC,Reason:KubeletHasNoDiskPressure,Message:kubelet has no disk pressure,},NodeCondition{Type:PIDPressure,Status:False,LastHeartbeatTime:2022-07-24 12:03:02 +0000 UTC,LastTransitionTime:2022-07-20 12:10:11 +0000 UTC,Reason:KubeletHasSufficientPID,Message:kubelet has sufficient PID available,},NodeCondition{Type:Ready,Status:True,LastHeartbeatTime:2022-07-24 12:03:02 +0000 UTC,LastTransitionTime:2022-07-20 12:39:17 +0000 UTC,Reason:KubeletReady,Message:kubelet is posting ready status,},},Addresses:[]NodeAddress{NodeAddress{Type:InternalIP,Address:192.168.132.12,},NodeAddress{Type:Hostname,Address:kubernetes-node-02,},},DaemonEndpoints:NodeDaemonEndpoints{KubeletEndpoint:DaemonEndpoint{Port:10250,},},NodeInfo:NodeSystemInfo{MachineID:c4512086a6f5493ab6d17434529f2f96,SystemUUID:dfb815d5-231e-e911-ba47-a4bf015b3e00,BootID:56b56735-cc0e-4a63-a373-c98df943e3fd,KernelVersion:5.4.132-1.el7.elrepo.x86_64,OSImage:CentOS Linux 7 (Core),ContainerRuntimeVersion:docker://20.10.7,KubeletVersion:v1.22.3,KubeProxyVersion:v1.22.3,OperatingSystem:linux,Architecture:amd64,},Images:[]ContainerImage{ContainerImage{Names:[k8s.gcr.io/e2e-test-images/cuda-vector-add:2.2],SizeBytes:2579956550,},ContainerImage{Names:[k8s.gcr.io/e2e-test-images/cuda-vector-add:1.0],SizeBytes:2047006036,},ContainerImage{Names:[k8s.gcr.io/e2e-test-images/node-perf/tf-wide-deep:1.1],SizeBytes:1631128450,},ContainerImage{Names:[harbor.moresec.cn/ksp/webshell_srv@sha256:52331f042d9b722692b7d1e7d39bad602f0755a948b8a439b4a27c4c0fae045f harbor.moresec.cn/ksp/webshell_srv:2.2.0],SizeBytes:981080070,},ContainerImage{Names:[k8s.gcr.io/e2e-test-images/perl:5.26],SizeBytes:853225645,},ContainerImage{Names:[k8s.gcr.io/e2e-test-images/volume/rbd:1.0.3],SizeBytes:751897580,},ContainerImage{Names:[192.168.132.12:85/benchmark/benchmark@sha256:59b02207ef00cbc9ae722f2ad7c0f73c60b64ca677449bd0acf5b052eb967764],SizeBytes:721364989,},ContainerImage{Names:[192.168.132.12:85/benchmark/benchmark@sha256:97b019aa0596a30858d2f114a75e4f688723cd1e63b38c2874f687ae329a408a],SizeBytes:721341182,},ContainerImage{Names:[tomcat@sha256:acbf4ace21d5a9bfca00865e615b3061c262bb216d4a44a46990af9b73a73496],SizeBytes:679943312,},ContainerImage{Names:[&lt;none&gt;@&lt;none&gt; &lt;none&gt;:&lt;none&gt;],SizeBytes:679872057,},ContainerImage{Names:[harbor.moresec.cn/ksp/ksp_init@sha256:f7d3859270f43b9d9346a387957118b97fb45e6af379359a17ab676aa566b834 harbor.moresec.cn/ksp/ksp_init:2.2.0],SizeBytes:628801675,},ContainerImage{Names:[harbor.moresec.cn/ksp/ksp_init@sha256:2ddb6771ce701f73bb447c4bacc40f22a96460c029b95ef92363d701247762d4],SizeBytes:628801606,},ContainerImage{Names:[harbor.moresec.cn/ksp/kafka@sha256:29aef30ec0742e05c84b92e35fe81bc2a933d92aa3aec2325f3947c9cbb07e2d harbor.moresec.cn/ksp/kafka:2.8.0-debian-10-r43],SizeBytes:584339677,},ContainerImage{Names:[kennethreitz/httpbin@sha256:599fe5e5073102dbb0ee3dbb65f049dab44fa9fc251f6835c9990f8fb196a72b kennethreitz/httpbin:latest],SizeBytes:533651313,},ContainerImage{Names:[harbor.moresec.cn/ksp/ksp_agent@sha256:f96a653e88fcf5b71a82e603da3ace5e774c9dd4e37dcdfc7a1db3ce87267245 harbor.moresec.cn/ksp/ksp_agent:latest],SizeBytes:495969065,},ContainerImage{Names:[harbor.moresec.cn/ksp/ksp_agent@sha256:62d75a6961ee50b7bbea1eeb9a835b8809fbf868cda8ea7e30c57a871fe36ae4],SizeBytes:495943489,},ContainerImage{Names:[harbor.moresec.cn/ksp/ksp_agent@sha256:a405dae161a236cc6b51c59e3496a423f4153fc2817c26b99bf0fca613bce6af],SizeBytes:495925185,},ContainerImage{Names:[tomcat@sha256:9edc5c51c2dec7794769eede1e88a60e77abe355b73a77e231c464a8384d3697 tomcat:latest],SizeBytes:482487907,},ContainerImage{Names:[tomcat@sha256:8ece5eebda93ab45acf77b237f5564b3c558d0ce782c2f4302796043a621662f],SizeBytes:480307454,},ContainerImage{Names:[192.168.132.114/iast/iast@sha256:36f1db7e28c0b7a6d30ee9059c98d1067ec1f6eaf3ca2d5a3145a8e734dcc853],SizeBytes:479554906,},ContainerImage{Names:[192.168.132.114/iast/iast@sha256:d8e36d06161eec5a685f3cbe45cd43fb652a94b96387d4899951ae5cf1604cae],SizeBytes:479554903,},ContainerImage{Names:[192.168.132.114/iast/iast@sha256:5f2b9418c9d15338a3d2b984d78fab1f83d9b9e08354e2a0d307eab5b7824f75 192.168.132.114/iast/iast:latest],SizeBytes:479554902,},ContainerImage{Names:[docker-dev.moresec.cn:10443/ksp/influxdb@sha256:6277fd14835bf09c33cd13dd3a92393540745949f83e1e426092a7fe9ec2d6d5 harbor.moresec.cn/ksp/influxdb@sha256:4d688fb9837fcfb84ac4cdd65215e06c2c98cac743ffbbddde8a735d4ef1f707 docker-dev.moresec.cn:10443/ksp/influxdb:2.0.9-debian-10-r5 harbor.moresec.cn/ksp/influxdb:2.0.9-debian-10-r5],SizeBytes:468207544,},ContainerImage{Names:[docker-dev.moresec.cn:10443/ksp/zookeeper@sha256:3f077ee4e6b2ff601c2344b1bd007e752ad3ca66550eaf41604e290a02bb92c7 harbor.moresec.cn/ksp/zookeeper@sha256:3f077ee4e6b2ff601c2344b1bd007e752ad3ca66550eaf41604e290a02bb92c7 harbor.moresec.cn/ksp_1.3.0/zookeeper@sha256:3f077ee4e6b2ff601c2344b1bd007e752ad3ca66550eaf41604e290a02bb92c7 docker-dev.moresec.cn:10443/ksp/zookeeper:3.7.0-debian-10-r68 harbor.moresec.cn/ksp/zookeeper:3.7.0-debian-10-r68],SizeBytes:468025553,},ContainerImage{Names:[mysql@sha256:afc453de0d675083ac00d0538521f8a9a67d1cce180d70fab9925ebcc87a0eba mysql:5.7],SizeBytes:448217556,},ContainerImage{Names:[harbor.moresec.cn/ksp/sav_service@sha256:1cded1904d167b240f4821e7bc63745478991000e7715d5c4eecc134c25bb8ad harbor.moresec.cn/ksp/sav_service:2.2.0],SizeBytes:434790033,},ContainerImage{Names:[harbor.moresec.cn/ksp/ksp_agent@sha256:0fa5495795843bd5d69156d87b2d1c8ba34758af85fcd472ec6ad0daba56fe26],SizeBytes:433527765,},ContainerImage{Names:[harbor.moresec.cn/ksp/ksp_agent@sha256:7fc828e5732309187da20a9a025a142f8229f04087601a9fad119c3724ab6e92 harbor.moresec.cn/ksp/ksp_agent:2.2.0],SizeBytes:433527765,},ContainerImage{Names:[harbor.moresec.cn/ksp/ksp_agent@sha256:b6455a0f39f08b39b5ee701bbcfb11edb8484478bfe44f30a3a48f041ea504b1],SizeBytes:433527765,},ContainerImage{Names:[harbor.moresec.cn/ksp/ksp_agent:laishang],SizeBytes:433318869,},ContainerImage{Names:[k8s.gcr.io/e2e-test-images/volume/iscsi:2.2],SizeBytes:414158129,},ContainerImage{Names:[netdata/netdata@sha256:42ba5e0b0f0efaf39f3dda3f511690d7e0a6f0fef2ccfc6d629e01aa911349cc netdata/netdata:latest],SizeBytes:392760854,},ContainerImage{Names:[k8s.gcr.io/sig-storage/nfs-provisioner:v2.2.2],SizeBytes:391702539,},ContainerImage{Names:[k8s.gcr.io/e2e-test-images/glusterdynamic-provisioner:v1.0],SizeBytes:373269502,},ContainerImage{Names:[k8s.gcr.io/e2e-test-images/volume/gluster:1.2],SizeBytes:340272046,},ContainerImage{Names:[sonobuoy/systemd-logs@sha256:0b8b2b7b43b03f7db26e7e4b99be402495b77b496f5a5b0425b3c226bc1e9cbd sonobuoy/systemd-logs:v0.4],SizeBytes:314068873,},ContainerImage{Names:[harbor.moresec.cn/ksp/mysql@sha256:1a52fad24c8d9c47d9563773bf2fd6618cab64a2e7054a32c62d7ff83047d432 harbor.moresec.cn/ksp/mysql:5.7.34],SizeBytes:296256317,},ContainerImage{Names:[192.168.132.114/revshell/revshell@sha256:9b67dba407ee84b9c44b25000faab4b15234d348853ce5e51a7eb7dcefedcc26],SizeBytes:271797518,},ContainerImage{Names:[192.168.132.114/revshell/revshell@sha256:6d8b31f77b52acd39735757cc52d138f343fc49ea76772d4fac615d6064b5978 192.168.132.114/revshell/revshell:latest],SizeBytes:271797514,},ContainerImage{Names:[192.168.132.114/revshell/revshell@sha256:de8b9f596c76971d97ae900223fa5bf95ec51e80c75e40b0e16fcc76e73390d0],SizeBytes:271797416,},ContainerImage{Names:[192.168.132.114/revshell/revshell@sha256:3bbeef8c9f89b542784e94159ddc8e0365418886b5ef37f72d0b911396cdede0],SizeBytes:271797410,},ContainerImage{Names:[192.168.132.114/revshell/listen@sha256:e51b45cdcf6314fabe93ef6b0dda4062713628b951f948aac56154c2e092bd18 192.168.132.114/revshell/listen:latest],SizeBytes:271796301,},ContainerImage{Names:[192.168.132.114/revshell/listen@sha256:4aaf5ed8166fef1252bfa2784b85a691b438f0a1bfc286c1099a42e215971f3f],SizeBytes:271796199,},ContainerImage{Names:[harbor.moresec.cn/ksp/ksp_web@sha256:e0e443f252e6bd8f090341a555d8ae5846815293106341c78f6d00249babfa4a],SizeBytes:265801442,},ContainerImage{Names:[harbor.moresec.cn/ksp/ksp_web@sha256:c3f7ad61abe56853241fb79c1c05c6b8c86b190960b1f5f97140d891515304c9],SizeBytes:264539293,},ContainerImage{Names:[harbor.moresec.cn/ksp/ksp_web@sha256:b3fdc81d10a75ebe03bd5faef73e9edf161cd7940b9b374db637c12a0cd2cfc9],SizeBytes:264539173,},ContainerImage{Names:[harbor.moresec.cn/ksp/ksp_web@sha256:7b345a16af36b51412b69aca73a67848ce3ceb81f0045b4752df355d7ca6fc6c harbor.moresec.cn/ksp/ksp_web:2.2.0],SizeBytes:264538875,},ContainerImage{Names:[harbor.moresec.cn/ksp/ksp_web@sha256:0e4b5eff8946bf4d728d8931093c90949b4bff855edb420166406da7f57a8ece harbor.moresec.cn/ksp/ksp_web:latest],SizeBytes:264537370,},ContainerImage{Names:[harbor.moresec.cn/ksp/ksp_web@sha256:5453d21ff28597046c6848026d771fb09508a63ce6ad0abd7c82d5854002bdeb],SizeBytes:264507115,},ContainerImage{Names:[k8s.gcr.io/e2e-test-images/volume/nfs:1.2],SizeBytes:263870626,},},VolumesInUse:[],VolumesAttached:[]AttachedVolume{},Config:nil,},}&#xA;Jul 24 12:03:28.743: INFO: &#xA;Logging kubelet events for node kubernetes-node-02&#xA;Jul 24 12:03:28.744: INFO: &#xA;Logging pods the kubelet thinks is on node kubernetes-node-02&#xA;Jul 24 12:03:28.762: INFO: worker104-84f6f586c6-6z7qq started at 2022-07-21 02:47:33 +0000 UTC (0+1 container statuses recorded)&#xA;Jul 24 12:03:28.762: INFO: &#x9;Container worker104 ready: true, restart count 0&#xA;Jul 24 12:03:28.762: INFO: kubectl-nibaba-b45bd6bd5-2px2p started at 2022-07-21 02:48:32 +0000 UTC (0+1 container statuses recorded)&#xA;Jul 24 12:03:28.762: INFO: &#x9;Container kubectl ready: true, restart count 0&#xA;Jul 24 12:03:28.762: INFO: process57-5dc7d9d6f8-jpd28 started at 2022-07-21 03:01:27 +0000 UTC (0+1 container statuses recorded)&#xA;Jul 24 12:03:28.762: INFO: &#x9;Container process57 ready: true, restart count 0&#xA;Jul 24 12:03:28.762: INFO: worker106-5d44cc9f84-6xqp5 started at 2022-07-21 06:07:13 +0000 UTC (0+1 container statuses recorded)&#xA;Jul 24 12:03:28.762: INFO: &#x9;Container worker106 ready: true, restart count 0&#xA;Jul 24 12:03:28.762: INFO: revlisten64-6f96b96fdd-464bk started at 2022-07-21 07:42:39 +0000 UTC (0+1 container statuses recorded)&#xA;Jul 24 12:03:28.762: INFO: &#x9;Container revlisten64 ready: true, restart count 0&#xA;Jul 24 12:03:28.762: INFO: ksp-mentor-bfd5c4db9-t9xnv started at 2022-07-24 10:48:15 +0000 UTC (0+1 container statuses recorded)&#xA;Jul 24 12:03:28.762: INFO: &#x9;Container mentor ready: true, restart count 0&#xA;Jul 24 12:03:28.762: INFO: ksp-zookeeper-0 started at 2022-07-20 12:49:22 +0000 UTC (0+1 container statuses recorded)&#xA;Jul 24 12:03:28.762: INFO: &#x9;Container zookeeper ready: true, restart count 0&#xA;Jul 24 12:03:28.762: INFO: node-exporter-mg4n8 started at 2022-07-08 03:28:05 +0000 UTC (0+2 container statuses recorded)&#xA;Jul 24 12:03:28.762: INFO: &#x9;Container kube-rbac-proxy ready: true, restart count 1&#xA;Jul 24 12:03:28.762: INFO: &#x9;Container node-exporter ready: true, restart count 2&#xA;Jul 24 12:03:28.762: INFO: ss2-2 started at 2022-07-23 11:41:42 +0000 UTC (0+1 container statuses recorded)&#xA;Jul 24 12:03:28.762: INFO: &#x9;Container webserver ready: true, restart count 0&#xA;Jul 24 12:03:28.762: INFO: gatekeeper-controller-manager-6566df6878-tfs6r started at 2022-07-24 10:47:53 +0000 UTC (0+1 container statuses recorded)&#xA;Jul 24 12:03:28.762: INFO: &#x9;Container manager ready: true, restart count 0&#xA;Jul 24 12:03:28.762: INFO: ks-controller-manager-bdbb456f4-sjwqk started at 2022-07-20 12:57:11 +0000 UTC (0+1 container statuses recorded)&#xA;Jul 24 12:03:28.762: INFO: &#x9;Container ks-controller-manager ready: true, restart count 5&#xA;Jul 24 12:03:28.762: INFO: ksp-strategy-85bc47b4cd-bj6pr started at 2022-07-21 03:05:39 +0000 UTC (0+1 container statuses recorded)&#xA;Jul 24 12:03:28.762: INFO: &#x9;Container strategy ready: true, restart count 0&#xA;Jul 24 12:03:28.762: INFO: kubectl-test-7d8d6cb4fd-fbz4m started at 2022-07-21 04:00:32 +0000 UTC (0+1 container statuses recorded)&#xA;Jul 24 12:03:28.762: INFO: &#x9;Container kubectl ready: true, restart count 0&#xA;Jul 24 12:03:28.762: INFO: worker105-58b68d59d-gzrt8 started at 2022-07-21 06:07:01 +0000 UTC (0+1 container statuses recorded)&#xA;Jul 24 12:03:28.762: INFO: &#x9;Container worker105 ready: true, restart count 0&#xA;Jul 24 12:03:28.762: INFO: worker107-5fb776b954-m6qdt started at 2022-07-21 06:07:25 +0000 UTC (0+1 container statuses recorded)&#xA;Jul 24 12:03:28.762: INFO: &#x9;Container worker107 ready: true, restart count 0&#xA;Jul 24 12:03:28.762: INFO: revshell-7448cf7f48-b8wgr started at 2022-07-21 07:45:13 +0000 UTC (0+1 container statuses recorded)&#xA;Jul 24 12:03:28.762: INFO: &#x9;Container revshell ready: true, restart count 0&#xA;Jul 24 12:03:28.762: INFO: local-path-provisioner-cc67d8db7-99c58 started at 2022-07-24 10:47:52 +0000 UTC (0+1 container statuses recorded)&#xA;Jul 24 12:03:28.762: INFO: &#x9;Container local-path-provisioner ready: true, restart count 0&#xA;Jul 24 12:03:28.762: INFO: kube-flannel-ds-rzjfb started at 2022-07-05 02:25:29 +0000 UTC (2+1 container statuses recorded)&#xA;Jul 24 12:03:28.762: INFO: &#x9;Init container install-cni-plugin ready: true, restart count 0&#xA;Jul 24 12:03:28.762: INFO: &#x9;Init container install-cni ready: true, restart count 0&#xA;Jul 24 12:03:28.762: INFO: &#x9;Container kube-flannel ready: true, restart count 6&#xA;Jul 24 12:03:28.762: INFO: prometheus-k8s-1 started at 2022-07-20 12:39:24 +0000 UTC (1+2 container statuses recorded)&#xA;Jul 24 12:03:28.762: INFO: &#x9;Init container init-config-reloader ready: true, restart count 0&#xA;Jul 24 12:03:28.762: INFO: &#x9;Container config-reloader ready: true, restart count 0&#xA;Jul 24 12:03:28.762: INFO: &#x9;Container prometheus ready: true, restart count 0&#xA;Jul 24 12:03:28.762: INFO: ksp-minio-6c4647754d-vd5mg started at 2022-07-20 12:39:24 +0000 UTC (0+1 container statuses recorded)&#xA;Jul 24 12:03:28.762: INFO: &#x9;Container minio ready: true, restart count 0&#xA;Jul 24 12:03:28.762: INFO: sonobuoy-systemd-logs-daemon-set-bb55de94825d4876-7s4cf started at 2022-07-24 11:15:36 +0000 UTC (0+2 container statuses recorded)&#xA;Jul 24 12:03:28.762: INFO: &#x9;Container sonobuoy-worker ready: true, restart count 0&#xA;Jul 24 12:03:28.762: INFO: &#x9;Container systemd-logs ready: true, restart count 0&#xA;Jul 24 12:03:28.762: INFO: ksp-influxdb-6c4b765b68-z6pbv started at 2022-07-20 12:39:24 +0000 UTC (0+1 container statuses recorded)&#xA;Jul 24 12:03:28.762: INFO: &#x9;Container influxdb ready: true, restart count 0&#xA;Jul 24 12:03:28.762: INFO: ks-apiserver-7c8c448bbb-gqlsh started at 2022-07-20 12:57:11 +0000 UTC (0+1 container statuses recorded)&#xA;Jul 24 12:03:28.762: INFO: &#x9;Container ks-apiserver ready: true, restart count 0&#xA;Jul 24 12:03:28.762: INFO: gatekeeper-audit-8b65cf5d5-b8fkx started at 2022-07-20 13:18:58 +0000 UTC (0+1 container statuses recorded)&#xA;Jul 24 12:03:28.762: INFO: &#x9;Container manager ready: true, restart count 3&#xA;Jul 24 12:03:28.762: INFO: kube-state-metrics-7bdc7484cf-cshjj started at 2022-07-24 10:47:51 +0000 UTC (0+3 container statuses recorded)&#xA;Jul 24 12:03:28.762: INFO: &#x9;Container kube-rbac-proxy-main ready: true, restart count 0&#xA;Jul 24 12:03:28.762: INFO: &#x9;Container kube-rbac-proxy-self ready: true, restart count 0&#xA;Jul 24 12:03:28.762: INFO: &#x9;Container kube-state-metrics ready: true, restart count 0&#xA;Jul 24 12:03:28.762: INFO: tomcat-ttt46-6b659fdf4b-xlz4s started at 2022-07-21 02:35:27 +0000 UTC (0+1 container statuses recorded)&#xA;Jul 24 12:03:28.762: INFO: &#x9;Container tomcat-ttt46 ready: true, restart count 0&#xA;Jul 24 12:03:28.762: INFO: ksp-core-5b755544c7-4dtf2 started at 2022-07-24 10:47:53 +0000 UTC (0+1 container statuses recorded)&#xA;Jul 24 12:03:28.762: INFO: &#x9;Container core ready: true, restart count 0&#xA;Jul 24 12:03:28.762: INFO: alertmanager-main-2 started at 2022-07-20 12:54:09 +0000 UTC (0+2 container statuses recorded)&#xA;Jul 24 12:03:28.762: INFO: &#x9;Container alertmanager ready: true, restart count 0&#xA;Jul 24 12:03:28.762: INFO: &#x9;Container config-reloader ready: true, restart count 0&#xA;Jul 24 12:03:28.762: INFO: ksp-controller-85dc685ddc-drtcb started at 2022-07-21 04:07:41 +0000 UTC (0+1 container statuses recorded)&#xA;Jul 24 12:03:28.762: INFO: &#x9;Container controller ready: true, restart count 0&#xA;Jul 24 12:03:28.762: INFO: preemptor-pod started at 2022-07-24 12:03:23 +0000 UTC (0+1 container statuses recorded)&#xA;Jul 24 12:03:28.762: INFO: &#x9;Container preemptor-pod ready: true, restart count 0&#xA;Jul 24 12:03:28.762: INFO: pod2-1-sched-preemption-medium-priority started at 2022-07-24 11:58:01 +0000 UTC (0+1 container statuses recorded)&#xA;Jul 24 12:03:28.762: INFO: &#x9;Container pod2-1-sched-preemption-medium-priority ready: true, restart count 0&#xA;Jul 24 12:03:28.762: INFO: kube-proxy-pshqk started at 2022-07-05 02:22:26 +0000 UTC (0+1 container statuses recorded)&#xA;Jul 24 12:03:28.762: INFO: &#x9;Container kube-proxy ready: true, restart count 1&#xA;Jul 24 12:03:28.762: INFO: tomcat-ttt45-6c575b65c4-hbkb2 started at 2022-07-21 02:26:42 +0000 UTC (0+1 container statuses recorded)&#xA;Jul 24 12:03:28.762: INFO: &#x9;Container tomcat-ttt45 ready: true, restart count 0&#xA;Jul 24 12:03:28.762: INFO: notification-manager-deployment-78664576cb-mjvs8 started at 2022-07-24 10:48:19 +0000 UTC (0+2 container statuses recorded)&#xA;Jul 24 12:03:28.762: INFO: &#x9;Container notification-manager ready: true, restart count 0&#xA;Jul 24 12:03:28.762: INFO: &#x9;Container tenant ready: true, restart count 0&#xA;Jul 24 12:03:28.796: INFO: &#xA;Latency metrics for node kubernetes-node-02&#xA;Jul 24 12:03:28.796: INFO: Waiting up to 3m0s for all (but 0) nodes to be ready&#xA;Jul 24 12:03:28.798: INFO: Condition Ready of node k8s-node03 is false, but Node is tainted by NodeController with [{node.kubernetes.io/not-ready  NoSchedule 2022-07-24 12:03:10 +0000 UTC} {node.kubernetes.io/not-ready  NoExecute 2022-07-24 12:03:14 +0000 UTC}]. Failure&#xA;Jul 24 12:03:30.813: INFO: Condition Ready of node k8s-node03 is false, but Node is tainted by NodeController with [{node.kubernetes.io/not-ready  NoSchedule 2022-07-24 12:03:10 +0000 UTC} {node.kubernetes.io/not-ready  NoExecute 2022-07-24 12:03:14 +0000 UTC}]. Failure&#xA;Jul 24 12:03:32.809: INFO: Condition Ready of node k8s-node03 is false, but Node is tainted by NodeController with [{node.kubernetes.io/not-ready  NoSchedule 2022-07-24 12:03:10 +0000 UTC} {node.kubernetes.io/not-ready  NoExecute 2022-07-24 12:03:14 +0000 UTC}]. Failure&#xA;Jul 24 12:03:34.802: INFO: Condition Ready of node k8s-node03 is false, but Node is tainted by NodeController with [{node.kubernetes.io/not-ready  NoSchedule 2022-07-24 12:03:10 +0000 UTC} {node.kubernetes.io/not-ready  NoExecute 2022-07-24 12:03:14 +0000 UTC}]. Failure&#xA;Jul 24 12:03:36.802: INFO: Condition Ready of node k8s-node03 is false, but Node is tainted by NodeController with [{node.kubernetes.io/not-ready  NoSchedule 2022-07-24 12:03:10 +0000 UTC} {node.kubernetes.io/not-ready  NoExecute 2022-07-24 12:03:14 +0000 UTC}]. Failure&#xA;Jul 24 12:03:38.803: INFO: Condition Ready of node k8s-node03 is false, but Node is tainted by NodeController with [{node.kubernetes.io/not-ready  NoSchedule 2022-07-24 12:03:10 +0000 UTC} {node.kubernetes.io/not-ready  NoExecute 2022-07-24 12:03:14 +0000 UTC}]. Failure&#xA;Jul 24 12:03:40.803: INFO: Condition Ready of node k8s-node03 is false, but Node is tainted by NodeController with [{node.kubernetes.io/not-ready  NoSchedule 2022-07-24 12:03:10 +0000 UTC} {node.kubernetes.io/not-ready  NoExecute 2022-07-24 12:03:14 +0000 UTC}]. Failure&#xA;Jul 24 12:03:42.803: INFO: Condition Ready of node k8s-node03 is false, but Node is tainted by NodeController with [{node.kubernetes.io/not-ready  NoSchedule 2022-07-24 12:03:10 +0000 UTC} {node.kubernetes.io/not-ready  NoExecute 2022-07-24 12:03:14 +0000 UTC}]. Failure&#xA;Jul 24 12:03:44.806: INFO: Condition Ready of node k8s-node03 is false, but Node is tainted by NodeController with [{node.kubernetes.io/not-ready  NoSchedule 2022-07-24 12:03:10 +0000 UTC} {node.kubernetes.io/not-ready  NoExecute 2022-07-24 12:03:14 +0000 UTC}]. Failure&#xA;Jul 24 12:03:46.802: INFO: Condition Ready of node k8s-node03 is false, but Node is tainted by NodeController with [{node.kubernetes.io/not-ready  NoSchedule 2022-07-24 12:03:10 +0000 UTC} {node.kubernetes.io/not-ready  NoExecute 2022-07-24 12:03:14 +0000 UTC}]. Failure&#xA;Jul 24 12:03:48.801: INFO: Condition Ready of node k8s-node03 is false, but Node is tainted by NodeController with [{node.kubernetes.io/not-ready  NoSchedule 2022-07-24 12:03:10 +0000 UTC} {node.kubernetes.io/not-ready  NoExecute 2022-07-24 12:03:14 +0000 UTC}]. Failure&#xA;Jul 24 12:03:50.848: INFO: Condition Ready of node k8s-node03 is false, but Node is tainted by NodeController with [{node.kubernetes.io/not-ready  NoSchedule 2022-07-24 12:03:10 +0000 UTC} {node.kubernetes.io/not-ready  NoExecute 2022-07-24 12:03:14 +0000 UTC}]. Failure&#xA;Jul 24 12:03:52.802: INFO: Condition Ready of node k8s-node03 is false, but Node is tainted by NodeController with [{node.kubernetes.io/not-ready  NoSchedule 2022-07-24 12:03:10 +0000 UTC} {node.kubernetes.io/not-ready  NoExecute 2022-07-24 12:03:14 +0000 UTC}]. Failure&#xA;Jul 24 12:03:54.804: INFO: Condition Ready of node k8s-node03 is false, but Node is tainted by NodeController with [{node.kubernetes.io/not-ready  NoSchedule 2022-07-24 12:03:10 +0000 UTC} {node.kubernetes.io/not-ready  NoExecute 2022-07-24 12:03:14 +0000 UTC}]. Failure&#xA;Jul 24 12:03:56.805: INFO: Condition Ready of node k8s-node03 is false, but Node is tainted by NodeController with [{node.kubernetes.io/not-ready  NoSchedule 2022-07-24 12:03:10 +0000 UTC} {node.kubernetes.io/not-ready  NoExecute 2022-07-24 12:03:14 +0000 UTC}]. Failure&#xA;Jul 24 12:03:58.848: INFO: Condition Ready of node k8s-node03 is false, but Node is tainted by NodeController with [{node.kubernetes.io/not-ready  NoSchedule 2022-07-24 12:03:10 +0000 UTC} {node.kubernetes.io/not-ready  NoExecute 2022-07-24 12:03:14 +0000 UTC}]. Failure&#xA;Jul 24 12:04:00.858: INFO: Condition Ready of node k8s-node03 is false, but Node is tainted by NodeController with [{node.kubernetes.io/not-ready  NoSchedule 2022-07-24 12:03:10 +0000 UTC} {node.kubernetes.io/not-ready  NoExecute 2022-07-24 12:03:14 +0000 UTC}]. Failure&#xA;Jul 24 12:04:02.802: INFO: Condition Ready of node k8s-node03 is false, but Node is tainted by NodeController with [{node.kubernetes.io/not-ready  NoSchedule 2022-07-24 12:03:10 +0000 UTC} {node.kubernetes.io/not-ready  NoExecute 2022-07-24 12:03:14 +0000 UTC}]. Failure&#xA;Jul 24 12:04:04.827: INFO: Condition Ready of node k8s-node03 is false, but Node is tainted by NodeController with [{node.kubernetes.io/not-ready  NoSchedule 2022-07-24 12:03:10 +0000 UTC} {node.kubernetes.io/not-ready  NoExecute 2022-07-24 12:03:14 +0000 UTC}]. Failure&#xA;Jul 24 12:04:06.802: INFO: Condition Ready of node k8s-node03 is false, but Node is tainted by NodeController with [{node.kubernetes.io/not-ready  NoSchedule 2022-07-24 12:03:10 +0000 UTC} {node.kubernetes.io/not-ready  NoExecute 2022-07-24 12:03:14 +0000 UTC}]. Failure&#xA;Jul 24 12:04:08.802: INFO: Condition Ready of node k8s-node03 is false, but Node is tainted by NodeController with [{node.kubernetes.io/not-ready  NoSchedule 2022-07-24 12:03:10 +0000 UTC} {node.kubernetes.io/not-ready  NoExecute 2022-07-24 12:03:14 +0000 UTC}]. Failure&#xA;Jul 24 12:04:10.803: INFO: Condition Ready of node k8s-node03 is false, but Node is tainted by NodeController with [{node.kubernetes.io/not-ready  NoSchedule 2022-07-24 12:03:10 +0000 UTC} {node.kubernetes.io/not-ready  NoExecute 2022-07-24 12:03:14 +0000 UTC}]. Failure&#xA;Jul 24 12:04:12.802: INFO: Condition Ready of node k8s-node03 is true, but Node is tainted by NodeController with [{node.kubernetes.io/not-ready  NoExecute 2022-07-24 12:03:14 +0000 UTC}]. Failure&#xA;STEP: Destroying namespace &#34;sched-preemption-5320&#34; for this suite.&#xA;[AfterEach] [sig-scheduling] SchedulerPreemption [Serial]&#xA;  /workspace/src/k8s.io/kubernetes/_output/dockerized/go/src/k8s.io/kubernetes/test/e2e/scheduling/preemption.go:78&#xA;</system-out>
      </testcase>
      <testcase name="[sig-storage] In-tree Volumes [Driver: rbd][Feature:Volumes][Serial] [Testpattern: Dynamic PV (ntfs)][Feature:Windows] subPath should support restarting containers using directory as subpath [Slow]" classname="Kubernetes e2e suite" time="0">
          <skipped></skipped>
      </testcase>
      <testcase name="[sig-network] NetworkPolicyLegacy [LinuxOnly] NetworkPolicy between server and client should enforce multiple, stacked policies with overlapping podSelectors [Feature:NetworkPolicy]" classname="Kubernetes e2e suite" time="0">
          <skipped></skipped>
      </testcase>
      <testcase name="[sig-storage] In-tree Volumes [Driver: vsphere] [Testpattern: Dynamic PV (block volmode)] multiVolume [Slow] should access to two volumes with different volume mode and retain data across pod recreation on different node" classname="Kubernetes e2e suite" time="0">
          <skipped></skipped>
      </testcase>
      <testcase name="[sig-storage] PersistentVolumes NFS with Single PV - PVC pairs should create a non-pre-bound PV and PVC: test write access " classname="Kubernetes e2e suite" time="0">
          <skipped></skipped>
      </testcase>
      <testcase name="[sig-storage] In-tree Volumes [Driver: hostPathSymlink] [Testpattern: Dynamic PV (delayed binding)] topology should fail to schedule a pod which has topologies that conflict with AllowedTopologies" classname="Kubernetes e2e suite" time="0">
          <skipped></skipped>
      </testcase>
      <testcase name="[sig-storage] Projected secret should be able to mount in a volume regardless of a different secret existing with same name in different namespace [NodeConformance]" classname="Kubernetes e2e suite" time="0">
          <skipped></skipped>
      </testcase>
      <testcase name="[sig-storage] In-tree Volumes [Driver: emptydir] [Testpattern: Inline-volume (ext4)] volumes should allow exec of files on the volume" classname="Kubernetes e2e suite" time="0">
          <skipped></skipped>
      </testcase>
      <testcase name="[sig-storage] In-tree Volumes [Driver: gluster] [Testpattern: Dynamic PV (block volmode)] provisioning should provision storage with pvc data source" classname="Kubernetes e2e suite" time="0">
          <skipped></skipped>
      </testcase>
      <testcase name="[sig-storage] In-tree Volumes [Driver: hostPath] [Testpattern: Pre-provisioned PV (ext3)] volumes should allow exec of files on the volume" classname="Kubernetes e2e suite" time="0">
          <skipped></skipped>
      </testcase>
      <testcase name="[sig-network] Loadbalancing: L7 [Slow] Nginx should conform to Ingress spec" classname="Kubernetes e2e suite" time="0">
          <skipped></skipped>
      </testcase>
      <testcase name="[sig-storage] CSI Volumes [Driver: pd.csi.storage.gke.io][Serial] [Testpattern: Dynamic PV (default fs)] fsgroupchangepolicy (Always)[LinuxOnly], pod created with an initial fsgroup, volume contents ownership changed in first pod, new pod with different fsgroup applied to the volume contents" classname="Kubernetes e2e suite" time="0">
          <skipped></skipped>
      </testcase>
      <testcase name="[sig-storage] In-tree Volumes [Driver: local][LocalVolumeType: blockfs] [Testpattern: Dynamic PV (default fs)] capacity provides storage capacity information" classname="Kubernetes e2e suite" time="0">
          <skipped></skipped>
      </testcase>
      <testcase name="[sig-storage] In-tree Volumes [Driver: rbd][Feature:Volumes][Serial] [Testpattern: Pre-provisioned PV (default fs)] subPath should support non-existent path" classname="Kubernetes e2e suite" time="0">
          <skipped></skipped>
      </testcase>
      <testcase name="[sig-storage] In-tree Volumes [Driver: gcepd] [Testpattern: Pre-provisioned PV (block volmode)] multiVolume [Slow] should access to two volumes with different volume mode and retain data across pod recreation on different node" classname="Kubernetes e2e suite" time="0">
          <skipped></skipped>
      </testcase>
      <testcase name="[sig-storage] In-tree Volumes [Driver: hostPath] [Testpattern: Pre-provisioned PV (default fs)] subPath should fail if non-existent subpath is outside the volume [Slow][LinuxOnly]" classname="Kubernetes e2e suite" time="0">
          <skipped></skipped>
      </testcase>
      <testcase name="[sig-storage] In-tree Volumes [Driver: azure-disk] [Testpattern: Dynamic PV (delayed binding)] topology should fail to schedule a pod which has topologies that conflict with AllowedTopologies" classname="Kubernetes e2e suite" time="0">
          <skipped></skipped>
      </testcase>
      <testcase name="[sig-storage] In-tree Volumes [Driver: local][LocalVolumeType: dir-link-bindmounted] [Testpattern: Dynamic PV (ntfs)(allowExpansion)][Feature:Windows] volume-expand should resize volume when PVC is edited while pod is using it" classname="Kubernetes e2e suite" time="0">
          <skipped></skipped>
      </testcase>
      <testcase name="[sig-storage] In-tree Volumes [Driver: hostPathSymlink] [Testpattern: Dynamic PV (filesystem volmode)] multiVolume [Slow] should access to two volumes with different volume mode and retain data across pod recreation on the same node" classname="Kubernetes e2e suite" time="0">
          <skipped></skipped>
      </testcase>
      <testcase name="[sig-storage] Regional PD RegionalPD should provision storage with delayed binding [Slow]" classname="Kubernetes e2e suite" time="0">
          <skipped></skipped>
      </testcase>
      <testcase name="[sig-storage] EmptyDir volumes when FSGroup is specified [LinuxOnly] [NodeFeature:FSGroup] nonexistent volume subPath should have the correct mode and owner using FSGroup" classname="Kubernetes e2e suite" time="0">
          <skipped></skipped>
      </testcase>
      <testcase name="[sig-storage] In-tree Volumes [Driver: vsphere] [Testpattern: Pre-provisioned PV (default fs)] subPath should fail if non-existent subpath is outside the volume [Slow][LinuxOnly]" classname="Kubernetes e2e suite" time="0">
          <skipped></skipped>
      </testcase>
      <testcase name="[sig-storage] In-tree Volumes [Driver: local][LocalVolumeType: dir] [Testpattern: Dynamic PV (ntfs)][Feature:Windows] subPath should support readOnly file specified in the volumeMount [LinuxOnly]" classname="Kubernetes e2e suite" time="0">
          <skipped></skipped>
      </testcase>
      <testcase name="[sig-storage] In-tree Volumes [Driver: cinder] [Testpattern: Dynamic PV (xfs)][Slow] multiVolume [Slow] should access to two volumes with the same volume mode and retain data across pod recreation on the same node" classname="Kubernetes e2e suite" time="0">
          <skipped></skipped>
      </testcase>
      <testcase name="[sig-storage] In-tree Volumes [Driver: local][LocalVolumeType: gce-localssd-scsi-fs] [Serial] [Testpattern: Dynamic PV (ntfs)][Feature:Windows] volumes should allow exec of files on the volume" classname="Kubernetes e2e suite" time="0">
          <skipped></skipped>
      </testcase>
      <testcase name="[sig-storage] In-tree Volumes [Driver: nfs] [Testpattern: Dynamic PV (ntfs)][Feature:Windows] subPath should support restarting containers using file as subpath [Slow][LinuxOnly]" classname="Kubernetes e2e suite" time="0">
          <skipped></skipped>
      </testcase>
      <testcase name="[sig-storage] In-tree Volumes [Driver: windows-gcepd] [Testpattern: Dynamic PV (filesystem volmode)] disruptive[Disruptive][LinuxOnly] Should test that pv written before kubelet restart is readable after restart." classname="Kubernetes e2e suite" time="0">
          <skipped></skipped>
      </testcase>
      <testcase name="[sig-storage] In-tree Volumes [Driver: local][LocalVolumeType: dir-link-bindmounted] [Testpattern: Pre-provisioned PV (default fs)] subPath should support file as subpath [LinuxOnly]" classname="Kubernetes e2e suite" time="0">
          <skipped></skipped>
      </testcase>
      <testcase name="[sig-storage] In-tree Volumes [Driver: hostPath] [Testpattern: Dynamic PV (filesystem volmode)] volumeMode should fail to use a volume in a pod with mismatched mode [Slow]" classname="Kubernetes e2e suite" time="0">
          <skipped></skipped>
      </testcase>
      <testcase name="[sig-storage] In-tree Volumes [Driver: hostPathSymlink] [Testpattern: Dynamic PV (ext4)] multiVolume [Slow] should access to two volumes with different volume mode and retain data across pod recreation on different node" classname="Kubernetes e2e suite" time="0">
          <skipped></skipped>
      </testcase>
      <testcase name="[sig-storage] CSI Volumes [Driver: pd.csi.storage.gke.io][Serial] [Testpattern: Pre-provisioned PV (block volmode)] multiVolume [Slow] should concurrently access the volume and its clone from pods on the same node [LinuxOnly][Feature:VolumeSnapshotDataSource][Feature:VolumeSourceXFS]" classname="Kubernetes e2e suite" time="0">
          <skipped></skipped>
      </testcase>
      <testcase name="[sig-storage] In-tree Volumes [Driver: local][LocalVolumeType: block] [Testpattern: Dynamic PV (block volmode)] disruptive[Disruptive][LinuxOnly] Should test that pv used in a pod that is force deleted while the kubelet is down cleans up when the kubelet returns." classname="Kubernetes e2e suite" time="0">
          <skipped></skipped>
      </testcase>
      <testcase name="[sig-storage] HostPathType File [Slow] Should fail on mounting file &#39;afile&#39; when HostPathType is HostPathCharDev" classname="Kubernetes e2e suite" time="0">
          <skipped></skipped>
      </testcase>
      <testcase name="[sig-storage] In-tree Volumes [Driver: aws] [Testpattern: Dynamic PV (xfs)][Slow] multiVolume [Slow] should concurrently access the single volume from pods on the same node" classname="Kubernetes e2e suite" time="0">
          <skipped></skipped>
      </testcase>
      <testcase name="[sig-storage] In-tree Volumes [Driver: windows-gcepd] [Testpattern: Pre-provisioned PV (filesystem volmode)] multiVolume [Slow] should access to two volumes with different volume mode and retain data across pod recreation on the same node" classname="Kubernetes e2e suite" time="0">
          <skipped></skipped>
      </testcase>
      <testcase name="[sig-storage] Projected downwardAPI should provide container&#39;s cpu limit [NodeConformance] [Conformance]" classname="Kubernetes e2e suite" time="9.434870437"></testcase>
      <testcase name="[sig-storage] In-tree Volumes [Driver: cinder] [Testpattern: Pre-provisioned PV (default fs)] subPath should support file as subpath [LinuxOnly]" classname="Kubernetes e2e suite" time="0">
          <skipped></skipped>
      </testcase>
      <testcase name="[sig-storage] In-tree Volumes [Driver: gluster] [Testpattern: Pre-provisioned PV (block volmode)] multiVolume [Slow] should concurrently access the single volume from pods on different node" classname="Kubernetes e2e suite" time="0">
          <skipped></skipped>
      </testcase>
      <testcase name="[sig-api-machinery] CustomResourcePublishOpenAPI [Privileged:ClusterAdmin] works for CRD preserving unknown fields in an embedded object [Conformance]" classname="Kubernetes e2e suite" time="38.197783418"></testcase>
      <testcase name="[sig-storage] In-tree Volumes [Driver: vsphere] [Testpattern: Dynamic PV (ntfs)][Feature:Windows] subPath should support restarting containers using directory as subpath [Slow]" classname="Kubernetes e2e suite" time="0">
          <skipped></skipped>
      </testcase>
      <testcase name="[sig-storage] CSI Volumes [Driver: csi-hostpath] [Testpattern: Dynamic PV (ext4)] multiVolume [Slow] should concurrently access the volume and its clone from pods on the same node [LinuxOnly][Feature:VolumeSnapshotDataSource][Feature:VolumeSourceXFS]" classname="Kubernetes e2e suite" time="0">
          <skipped></skipped>
      </testcase>
      <testcase name="[sig-storage] CSI Volumes [Driver: csi-hostpath] [Testpattern: Pre-provisioned PV (default fs)] subPath should support existing directory" classname="Kubernetes e2e suite" time="0">
          <skipped></skipped>
      </testcase>
      <testcase name="[sig-storage] In-tree Volumes [Driver: local][LocalVolumeType: tmpfs] [Testpattern: Dynamic PV (ntfs)][Feature:Windows] subPath should support existing directory" classname="Kubernetes e2e suite" time="0">
          <skipped></skipped>
      </testcase>
      <testcase name="[sig-node] Pods should support remote command execution over websockets [NodeConformance] [Conformance]" classname="Kubernetes e2e suite" time="8.680169004"></testcase>
      <testcase name="[sig-network] NetworkPolicyLegacy [LinuxOnly] NetworkPolicy between server and client should stop enforcing policies after they are deleted [Feature:NetworkPolicy]" classname="Kubernetes e2e suite" time="0">
          <skipped></skipped>
      </testcase>
      <testcase name="[sig-storage] In-tree Volumes [Driver: rbd][Feature:Volumes][Serial] [Testpattern: Dynamic PV (default fs)] subPath should support existing directory" classname="Kubernetes e2e suite" time="0">
          <skipped></skipped>
      </testcase>
      <testcase name="[sig-storage] In-tree Volumes [Driver: local][LocalVolumeType: dir-link-bindmounted] [Testpattern: Inline-volume (default fs)] subPath should fail if subpath directory is outside the volume [Slow][LinuxOnly]" classname="Kubernetes e2e suite" time="0">
          <skipped></skipped>
      </testcase>
      <testcase name="[sig-storage] In-tree Volumes [Driver: cinder] [Testpattern: Inline-volume (default fs)] volumes should allow exec of files on the volume" classname="Kubernetes e2e suite" time="0">
          <skipped></skipped>
      </testcase>
      <testcase name="[sig-storage] In-tree Volumes [Driver: local][LocalVolumeType: blockfs] [Testpattern: Inline-volume (default fs)] subPath should support readOnly file specified in the volumeMount [LinuxOnly]" classname="Kubernetes e2e suite" time="0">
          <skipped></skipped>
      </testcase>
      <testcase name="[sig-storage] In-tree Volumes [Driver: local][LocalVolumeType: block] [Testpattern: Dynamic PV (block volmode)] volumeMode should fail to use a volume in a pod with mismatched mode [Slow]" classname="Kubernetes e2e suite" time="0">
          <skipped></skipped>
      </testcase>
      <testcase name="[sig-storage] In-tree Volumes [Driver: azure-disk] [Testpattern: Inline-volume (default fs)] subPath should support creating multiple subpath from same volumes [Slow]" classname="Kubernetes e2e suite" time="0">
          <skipped></skipped>
      </testcase>
      <testcase name="[sig-storage] In-tree Volumes [Driver: local][LocalVolumeType: dir-link] [Testpattern: Pre-provisioned PV (default fs)] volumes should store data" classname="Kubernetes e2e suite" time="0">
          <skipped></skipped>
      </testcase>
      <testcase name="[sig-storage] PersistentVolumes-local  [Volume type: tmpfs] Set fsGroup for local volume should set same fsGroup for two pods simultaneously [Slow]" classname="Kubernetes e2e suite" time="0">
          <skipped></skipped>
      </testcase>
      <testcase name="[sig-storage] In-tree Volumes [Driver: local][LocalVolumeType: dir] [Testpattern: Dynamic PV (default fs)] fsgroupchangepolicy (OnRootMismatch)[LinuxOnly], pod created with an initial fsgroup, volume contents ownership changed in first pod, new pod with different fsgroup applied to the volume contents" classname="Kubernetes e2e suite" time="0">
          <skipped></skipped>
      </testcase>
      <testcase name="[sig-storage] In-tree Volumes [Driver: rbd][Feature:Volumes][Serial] [Testpattern: Dynamic PV (filesystem volmode)] multiVolume [Slow] should concurrently access the single volume from pods on different node" classname="Kubernetes e2e suite" time="0">
          <skipped></skipped>
      </testcase>
      <testcase name="[sig-storage] In-tree Volumes [Driver: hostPathSymlink] [Testpattern: Pre-provisioned PV (block volmode)] volumeMode should fail to use a volume in a pod with mismatched mode [Slow]" classname="Kubernetes e2e suite" time="0">
          <skipped></skipped>
      </testcase>
      <testcase name="[sig-storage] In-tree Volumes [Driver: local][LocalVolumeType: dir-link] [Testpattern: Pre-provisioned PV (filesystem volmode)] volumeMode should not mount / map unused volumes in a pod [LinuxOnly]" classname="Kubernetes e2e suite" time="0">
          <skipped></skipped>
      </testcase>
      <testcase name="[sig-storage] In-tree Volumes [Driver: hostPathSymlink] [Testpattern: Pre-provisioned PV (filesystem volmode)] multiVolume [Slow] should concurrently access the volume and its clone from pods on the same node [LinuxOnly][Feature:VolumeSnapshotDataSource][Feature:VolumeSourceXFS]" classname="Kubernetes e2e suite" time="0">
          <skipped></skipped>
      </testcase>
      <testcase name="[sig-cli] Kubectl client Kubectl client-side validation should create/apply a valid CR with arbitrary-extra properties for CRD with partially-specified validation schema" classname="Kubernetes e2e suite" time="0">
          <skipped></skipped>
      </testcase>
      <testcase name="[sig-storage] In-tree Volumes [Driver: local][LocalVolumeType: dir-link] [Testpattern: Dynamic PV (block volmode)] multiVolume [Slow] should concurrently access the single volume from pods on the same node" classname="Kubernetes e2e suite" time="0">
          <skipped></skipped>
      </testcase>
      <testcase name="[sig-storage] In-tree Volumes [Driver: ceph][Feature:Volumes][Serial] [Testpattern: Dynamic PV (block volmode)] multiVolume [Slow] should concurrently access the volume and restored snapshot from pods on the same node [LinuxOnly][Feature:VolumeSnapshotDataSource][Feature:VolumeSourceXFS]" classname="Kubernetes e2e suite" time="0">
          <skipped></skipped>
      </testcase>
      <testcase name="[sig-storage] In-tree Volumes [Driver: ceph][Feature:Volumes][Serial] [Testpattern: Dynamic PV (default fs)] subPath should verify container cannot write to subpath readonly volumes [Slow]" classname="Kubernetes e2e suite" time="0">
          <skipped></skipped>
      </testcase>
      <testcase name="[sig-storage] In-tree Volumes [Driver: cinder] [Testpattern: Pre-provisioned PV (filesystem volmode)] multiVolume [Slow] should access to two volumes with the same volume mode and retain data across pod recreation on the same node" classname="Kubernetes e2e suite" time="0">
          <skipped></skipped>
      </testcase>
      <testcase name="[sig-storage] In-tree Volumes [Driver: local][LocalVolumeType: dir-link-bindmounted] [Testpattern: Pre-provisioned PV (filesystem volmode)] multiVolume [Slow] should concurrently access the single volume from pods on different node" classname="Kubernetes e2e suite" time="0">
          <skipped></skipped>
      </testcase>
      <testcase name="[sig-storage] CSI Volumes [Driver: csi-hostpath] [Testpattern: CSI Ephemeral-volume (default fs)] ephemeral should support multiple inline ephemeral volumes" classname="Kubernetes e2e suite" time="0">
          <skipped></skipped>
      </testcase>
      <testcase name="[sig-storage] In-tree Volumes [Driver: hostPath] [Testpattern: Dynamic PV (default fs)] subPath should verify container cannot write to subpath readonly volumes [Slow]" classname="Kubernetes e2e suite" time="0">
          <skipped></skipped>
      </testcase>
      <testcase name="[sig-storage] PersistentVolumes-local  [Volume type: block] One pod requesting one prebound PVC should be able to mount volume and read from pod1" classname="Kubernetes e2e suite" time="0">
          <skipped></skipped>
      </testcase>
      <testcase name="[sig-storage] In-tree Volumes [Driver: iscsi][Feature:Volumes] [Testpattern: Dynamic PV (default fs)] subPath should support existing directory" classname="Kubernetes e2e suite" time="0">
          <skipped></skipped>
      </testcase>
      <testcase name="[sig-storage] In-tree Volumes [Driver: iscsi][Feature:Volumes] [Testpattern: Inline-volume (default fs)] subPath should fail if subpath directory is outside the volume [Slow][LinuxOnly]" classname="Kubernetes e2e suite" time="0">
          <skipped></skipped>
      </testcase>
      <testcase name="[sig-storage] In-tree Volumes [Driver: gcepd] [Testpattern: Dynamic PV (block volmode)] multiVolume [Slow] should access to two volumes with different volume mode and retain data across pod recreation on the same node" classname="Kubernetes e2e suite" time="0">
          <skipped></skipped>
      </testcase>
      <testcase name="[sig-storage] CSI Volumes [Driver: csi-hostpath] [Testpattern: Dynamic PV (default fs)] fsgroupchangepolicy (Always)[LinuxOnly], pod created with an initial fsgroup, volume contents ownership changed in first pod, new pod with same fsgroup applied to the volume contents" classname="Kubernetes e2e suite" time="0">
          <skipped></skipped>
      </testcase>
      <testcase name="[sig-storage] In-tree Volumes [Driver: local][LocalVolumeType: dir-link] [Testpattern: Inline-volume (ext3)] volumes should store data" classname="Kubernetes e2e suite" time="0">
          <skipped></skipped>
      </testcase>
      <testcase name="[sig-storage] In-tree Volumes [Driver: vsphere] [Testpattern: Dynamic PV (default fs)] provisioning should provision storage with pvc data source" classname="Kubernetes e2e suite" time="0">
          <skipped></skipped>
      </testcase>
      <testcase name="[sig-storage] In-tree Volumes [Driver: hostPathSymlink] [Testpattern: Dynamic PV (default fs)] subPath should support restarting containers using directory as subpath [Slow]" classname="Kubernetes e2e suite" time="0">
          <skipped></skipped>
      </testcase>
      <testcase name="[sig-storage] In-tree Volumes [Driver: local][LocalVolumeType: dir] [Testpattern: Dynamic PV (ntfs)(allowExpansion)][Feature:Windows] volume-expand Verify if offline PVC expansion works" classname="Kubernetes e2e suite" time="0">
          <skipped></skipped>
      </testcase>
      <testcase name="[sig-storage] In-tree Volumes [Driver: rbd][Feature:Volumes][Serial] [Testpattern: Dynamic PV (ntfs)][Feature:Windows] subPath should unmount if pod is force deleted while kubelet is down [Disruptive][Slow][LinuxOnly]" classname="Kubernetes e2e suite" time="0">
          <skipped></skipped>
      </testcase>
      <testcase name="[sig-storage] In-tree Volumes [Driver: gcepd] [Testpattern: Pre-provisioned PV (default fs)] subPath should verify container cannot write to subpath readonly volumes [Slow]" classname="Kubernetes e2e suite" time="0">
          <skipped></skipped>
      </testcase>
      <testcase name="[sig-storage] CSI Volumes [Driver: pd.csi.storage.gke.io][Serial] [Testpattern: Inline-volume (default fs)] subPath should fail if non-existent subpath is outside the volume [Slow][LinuxOnly]" classname="Kubernetes e2e suite" time="0">
          <skipped></skipped>
      </testcase>
      <testcase name="[sig-storage] In-tree Volumes [Driver: local][LocalVolumeType: dir-bindmounted] [Testpattern: Pre-provisioned PV (ntfs)][Feature:Windows] volumes should allow exec of files on the volume" classname="Kubernetes e2e suite" time="0">
          <skipped></skipped>
      </testcase>
      <testcase name="[sig-storage] CSI Volumes [Driver: csi-hostpath] [Testpattern: Pre-provisioned PV (block volmode)] disruptive[Disruptive][LinuxOnly] Should test that pv used in a pod that is deleted while the kubelet is down cleans up when the kubelet returns." classname="Kubernetes e2e suite" time="0">
          <skipped></skipped>
      </testcase>
      <testcase name="[sig-storage] In-tree Volumes [Driver: hostPathSymlink] [Testpattern: Pre-provisioned PV (filesystem volmode)] multiVolume [Slow] should access to two volumes with the same volume mode and retain data across pod recreation on the same node" classname="Kubernetes e2e suite" time="0">
          <skipped></skipped>
      </testcase>
      <testcase name="[sig-storage] In-tree Volumes [Driver: local][LocalVolumeType: blockfs] [Testpattern: Dynamic PV (ntfs)][Feature:Windows] subPath should fail if non-existent subpath is outside the volume [Slow][LinuxOnly]" classname="Kubernetes e2e suite" time="0">
          <skipped></skipped>
      </testcase>
      <testcase name="[sig-storage] In-tree Volumes [Driver: local][LocalVolumeType: block] [Testpattern: Pre-provisioned PV (block volmode)] disruptive[Disruptive][LinuxOnly] Should test that pv used in a pod that is force deleted while the kubelet is down cleans up when the kubelet returns." classname="Kubernetes e2e suite" time="0">
          <skipped></skipped>
      </testcase>
      <testcase name="[sig-storage] In-tree Volumes [Driver: local][LocalVolumeType: block] [Testpattern: Dynamic PV (default fs)] fsgroupchangepolicy (Always)[LinuxOnly], pod created with an initial fsgroup, new pod fsgroup applied to volume contents" classname="Kubernetes e2e suite" time="0">
          <skipped></skipped>
      </testcase>
      <testcase name="[sig-storage] PersistentVolumes-local  [Volume type: dir-link] One pod requesting one prebound PVC should be able to mount volume and read from pod1" classname="Kubernetes e2e suite" time="0">
          <skipped></skipped>
      </testcase>
      <testcase name="[sig-storage] In-tree Volumes [Driver: local][LocalVolumeType: dir-bindmounted] [Testpattern: Dynamic PV (ntfs)][Feature:Windows] subPath should fail if subpath directory is outside the volume [Slow][LinuxOnly]" classname="Kubernetes e2e suite" time="0">
          <skipped></skipped>
      </testcase>
      <testcase name="[sig-storage] In-tree Volumes [Driver: rbd][Feature:Volumes][Serial] [Testpattern: Pre-provisioned PV (block volmode)] volumes should store data" classname="Kubernetes e2e suite" time="0">
          <skipped></skipped>
      </testcase>
      <testcase name="[sig-storage] In-tree Volumes [Driver: hostPath] [Testpattern: Dynamic PV (ext4)] multiVolume [Slow] should access to two volumes with the same volume mode and retain data across pod recreation on the same node" classname="Kubernetes e2e suite" time="0">
          <skipped></skipped>
      </testcase>
      <testcase name="[sig-storage] In-tree Volumes [Driver: iscsi][Feature:Volumes] [Testpattern: Dynamic PV (block volmode)] multiVolume [Slow] should concurrently access the volume and its clone from pods on the same node [LinuxOnly][Feature:VolumeSnapshotDataSource][Feature:VolumeSourceXFS]" classname="Kubernetes e2e suite" time="0">
          <skipped></skipped>
      </testcase>
      <testcase name="[sig-storage] In-tree Volumes [Driver: local][LocalVolumeType: block] [Testpattern: Dynamic PV (block volmode)(allowExpansion)] volume-expand should resize volume when PVC is edited while pod is using it" classname="Kubernetes e2e suite" time="0">
          <skipped></skipped>
      </testcase>
      <testcase name="[sig-storage] CSI Volumes [Driver: csi-hostpath] [Testpattern: Dynamic PV (filesystem volmode)] volumeLimits should verify that all csinodes have volume limits" classname="Kubernetes e2e suite" time="0">
          <skipped></skipped>
      </testcase>
      <testcase name="[sig-api-machinery] Servers with support for API chunking should support continue listing from the last key if the original version has been compacted away, though the list is inconsistent [Slow]" classname="Kubernetes e2e suite" time="0">
          <skipped></skipped>
      </testcase>
      <testcase name="[sig-storage] In-tree Volumes [Driver: windows-gcepd] [Testpattern: Dynamic PV (xfs)][Slow] multiVolume [Slow] should access to two volumes with different volume mode and retain data across pod recreation on the same node" classname="Kubernetes e2e suite" time="0">
          <skipped></skipped>
      </testcase>
      <testcase name="[sig-storage] In-tree Volumes [Driver: gluster] [Testpattern: Dynamic PV (block volmode)] volumeMode should fail in binding dynamic provisioned PV to PVC [Slow][LinuxOnly]" classname="Kubernetes e2e suite" time="0">
          <skipped></skipped>
      </testcase>
      <testcase name="[sig-storage] In-tree Volumes [Driver: emptydir] [Testpattern: Dynamic PV (ntfs)][Feature:Windows] subPath should support readOnly file specified in the volumeMount [LinuxOnly]" classname="Kubernetes e2e suite" time="0">
          <skipped></skipped>
      </testcase>
      <testcase name="[sig-storage] In-tree Volumes [Driver: local][LocalVolumeType: gce-localssd-scsi-fs] [Serial] [Testpattern: Dynamic PV (xfs)][Slow] multiVolume [Slow] should concurrently access the single read-only volume from pods on the same node" classname="Kubernetes e2e suite" time="0">
          <skipped></skipped>
      </testcase>
      <testcase name="[sig-storage] Zone Support [Feature:vsphere] Verify dynamically created pv with allowed zones specified in storage class, shows the right zone information on its labels" classname="Kubernetes e2e suite" time="0">
          <skipped></skipped>
      </testcase>
      <testcase name="[sig-storage] In-tree Volumes [Driver: hostPath] [Testpattern: Dynamic PV (filesystem volmode)] multiVolume [Slow] should concurrently access the single read-only volume from pods on the same node" classname="Kubernetes e2e suite" time="0">
          <skipped></skipped>
      </testcase>
      <testcase name="[sig-storage] In-tree Volumes [Driver: local][LocalVolumeType: tmpfs] [Testpattern: Dynamic PV (filesystem volmode)] multiVolume [Slow] should concurrently access the volume and restored snapshot from pods on the same node [LinuxOnly][Feature:VolumeSnapshotDataSource][Feature:VolumeSourceXFS]" classname="Kubernetes e2e suite" time="0">
          <skipped></skipped>
      </testcase>
      <testcase name="[sig-storage] In-tree Volumes [Driver: nfs] [Testpattern: Pre-provisioned PV (block volmode)] multiVolume [Slow] should concurrently access the single volume from pods on the same node" classname="Kubernetes e2e suite" time="0">
          <skipped></skipped>
      </testcase>
      <testcase name="[sig-storage] In-tree Volumes [Driver: nfs] [Testpattern: Dynamic PV (block volmode)] disruptive[Disruptive][LinuxOnly] Should test that pv used in a pod that is force deleted while the kubelet is down cleans up when the kubelet returns." classname="Kubernetes e2e suite" time="0">
          <skipped></skipped>
      </testcase>
      <testcase name="[sig-storage] In-tree Volumes [Driver: local][LocalVolumeType: dir-bindmounted] [Testpattern: Pre-provisioned PV (default fs)] subPath should support existing directories when readOnly specified in the volumeSource" classname="Kubernetes e2e suite" time="0">
          <skipped></skipped>
      </testcase>
      <testcase name="[sig-storage] In-tree Volumes [Driver: hostPathSymlink] [Testpattern: Dynamic PV (default fs)] subPath should support file as subpath [LinuxOnly]" classname="Kubernetes e2e suite" time="0">
          <skipped></skipped>
      </testcase>
      <testcase name="[sig-storage] In-tree Volumes [Driver: aws] [Testpattern: Pre-provisioned PV (ext4)] volumes should store data" classname="Kubernetes e2e suite" time="0">
          <skipped></skipped>
      </testcase>
      <testcase name="[sig-storage] In-tree Volumes [Driver: aws] [Testpattern: Dynamic PV (ntfs)][Feature:Windows] subPath should verify container cannot write to subpath readonly volumes [Slow]" classname="Kubernetes e2e suite" time="0">
          <skipped></skipped>
      </testcase>
      <testcase name="[sig-storage] In-tree Volumes [Driver: local][LocalVolumeType: dir-bindmounted] [Testpattern: Inline-volume (default fs)] volumes should allow exec of files on the volume" classname="Kubernetes e2e suite" time="0">
          <skipped></skipped>
      </testcase>
      <testcase name="[sig-storage] Zone Support [Feature:vsphere] Verify a pod is created and attached to a dynamically created PV with storage policy specified in storage class in waitForFirstConsumer binding mode" classname="Kubernetes e2e suite" time="0">
          <skipped></skipped>
      </testcase>
      <testcase name="[sig-api-machinery] ResourceQuota should create a ResourceQuota and capture the life of a secret. [Conformance]" classname="Kubernetes e2e suite" time="17.939175372"></testcase>
      <testcase name="[sig-storage] In-tree Volumes [Driver: local][LocalVolumeType: blockfs] [Testpattern: Inline-volume (default fs)] subPath should support restarting containers using directory as subpath [Slow]" classname="Kubernetes e2e suite" time="0">
          <skipped></skipped>
      </testcase>
      <testcase name="[sig-apps] CronJob should be able to schedule after more than 100 missed schedule" classname="Kubernetes e2e suite" time="0">
          <skipped></skipped>
      </testcase>
      <testcase name="[sig-storage] In-tree Volumes [Driver: ceph][Feature:Volumes][Serial] [Testpattern: Dynamic PV (ext4)] multiVolume [Slow] should access to two volumes with different volume mode and retain data across pod recreation on the same node" classname="Kubernetes e2e suite" time="0">
          <skipped></skipped>
      </testcase>
      <testcase name="[sig-storage] In-tree Volumes [Driver: local][LocalVolumeType: dir-bindmounted] [Testpattern: Dynamic PV (default fs)] volume-stress multiple pods should access different volumes repeatedly [Slow] [Serial]" classname="Kubernetes e2e suite" time="0">
          <skipped></skipped>
      </testcase>
      <testcase name="[sig-storage] In-tree Volumes [Driver: gluster] [Testpattern: Pre-provisioned PV (default fs)] subPath should unmount if pod is force deleted while kubelet is down [Disruptive][Slow][LinuxOnly]" classname="Kubernetes e2e suite" time="0">
          <skipped></skipped>
      </testcase>
      <testcase name="[sig-storage] In-tree Volumes [Driver: local][LocalVolumeType: blockfs] [Testpattern: Pre-provisioned PV (default fs)] volumes should store data" classname="Kubernetes e2e suite" time="0">
          <skipped></skipped>
      </testcase>
      <testcase name="[sig-storage] PersistentVolumes-local  [Volume type: gce-localssd-scsi-fs] [Serial] One pod requesting one prebound PVC should be able to mount volume and write from pod1" classname="Kubernetes e2e suite" time="0">
          <skipped></skipped>
      </testcase>
      <testcase name="[sig-storage] In-tree Volumes [Driver: iscsi][Feature:Volumes] [Testpattern: Dynamic PV (default fs)] fsgroupchangepolicy (Always)[LinuxOnly], pod created with an initial fsgroup, volume contents ownership changed in first pod, new pod with same fsgroup applied to the volume contents" classname="Kubernetes e2e suite" time="0">
          <skipped></skipped>
      </testcase>
      <testcase name="[sig-storage] In-tree Volumes [Driver: gluster] [Testpattern: Dynamic PV (block volmode)] volumeMode should fail to use a volume in a pod with mismatched mode [Slow]" classname="Kubernetes e2e suite" time="0">
          <skipped></skipped>
      </testcase>
      <testcase name="[sig-storage] CSI Volumes [Driver: pd.csi.storage.gke.io][Serial] [Testpattern: Dynamic PV (filesystem volmode)] volumeMode should fail to use a volume in a pod with mismatched mode [Slow]" classname="Kubernetes e2e suite" time="0">
          <skipped></skipped>
      </testcase>
      <testcase name="[sig-storage] In-tree Volumes [Driver: local][LocalVolumeType: block] [Testpattern: Pre-provisioned PV (block volmode)] volumeMode should fail to use a volume in a pod with mismatched mode [Slow]" classname="Kubernetes e2e suite" time="0">
          <skipped></skipped>
      </testcase>
      <testcase name="[sig-storage] In-tree Volumes [Driver: nfs] [Testpattern: Pre-provisioned PV (filesystem volmode)] multiVolume [Slow] should access to two volumes with different volume mode and retain data across pod recreation on the same node" classname="Kubernetes e2e suite" time="0">
          <skipped></skipped>
      </testcase>
      <testcase name="[sig-storage] In-tree Volumes [Driver: cinder] [Testpattern: Dynamic PV (ntfs)][Feature:Windows] subPath should unmount if pod is force deleted while kubelet is down [Disruptive][Slow][LinuxOnly]" classname="Kubernetes e2e suite" time="0">
          <skipped></skipped>
      </testcase>
      <testcase name="[sig-storage] In-tree Volumes [Driver: local][LocalVolumeType: dir-bindmounted] [Testpattern: Inline-volume (default fs)] subPath should fail if subpath with backstepping is outside the volume [Slow][LinuxOnly]" classname="Kubernetes e2e suite" time="0">
          <skipped></skipped>
      </testcase>
      <testcase name="[sig-network] Netpol NetworkPolicy between server and client should not allow access by TCP when a policy specifies only UDP [Feature:NetworkPolicy]" classname="Kubernetes e2e suite" time="0">
          <skipped></skipped>
      </testcase>
      <testcase name="[sig-apps] ReplicaSet Replace and Patch tests [Conformance]" classname="Kubernetes e2e suite" time="13.558139952"></testcase>
      <testcase name="[sig-storage] Projected configMap should be consumable from pods in volume as non-root with defaultMode and fsGroup set [LinuxOnly] [NodeFeature:FSGroup]" classname="Kubernetes e2e suite" time="0">
          <skipped></skipped>
      </testcase>
      <testcase name="[sig-storage] In-tree Volumes [Driver: local][LocalVolumeType: dir-link] [Testpattern: Pre-provisioned PV (block volmode)] disruptive[Disruptive][LinuxOnly] Should test that pv used in a pod that is force deleted while the kubelet is down cleans up when the kubelet returns." classname="Kubernetes e2e suite" time="0">
          <skipped></skipped>
      </testcase>
      <testcase name="[sig-storage] In-tree Volumes [Driver: azure-disk] [Testpattern: Dynamic PV (filesystem volmode)] multiVolume [Slow] should access to two volumes with different volume mode and retain data across pod recreation on different node" classname="Kubernetes e2e suite" time="0">
          <skipped></skipped>
      </testcase>
      <testcase name="[sig-node] AppArmor load AppArmor profiles can disable an AppArmor profile, using unconfined" classname="Kubernetes e2e suite" time="0">
          <skipped></skipped>
      </testcase>
      <testcase name="[sig-storage] In-tree Volumes [Driver: gluster] [Testpattern: Dynamic PV (ntfs)][Feature:Windows] subPath should support non-existent path" classname="Kubernetes e2e suite" time="0">
          <skipped></skipped>
      </testcase>
      <testcase name="[sig-storage] In-tree Volumes [Driver: hostPath] [Testpattern: Dynamic PV (block volmode)] multiVolume [Slow] should access to two volumes with the same volume mode and retain data across pod recreation on different node" classname="Kubernetes e2e suite" time="0">
          <skipped></skipped>
      </testcase>
      <testcase name="[sig-storage] In-tree Volumes [Driver: vsphere] [Testpattern: Inline-volume (default fs)] subPath should be able to unmount after the subpath directory is deleted [LinuxOnly]" classname="Kubernetes e2e suite" time="0">
          <skipped></skipped>
      </testcase>
      <testcase name="[sig-storage] In-tree Volumes [Driver: ceph][Feature:Volumes][Serial] [Testpattern: Dynamic PV (default fs)] subPath should support file as subpath [LinuxOnly]" classname="Kubernetes e2e suite" time="0">
          <skipped></skipped>
      </testcase>
      <testcase name="[sig-storage] In-tree Volumes [Driver: emptydir] [Testpattern: Pre-provisioned PV (filesystem volmode)] multiVolume [Slow] should access to two volumes with different volume mode and retain data across pod recreation on the same node" classname="Kubernetes e2e suite" time="0">
          <skipped></skipped>
      </testcase>
      <testcase name="[sig-storage] In-tree Volumes [Driver: local][LocalVolumeType: gce-localssd-scsi-fs] [Serial] [Testpattern: Pre-provisioned PV (xfs)][Slow] volumes should store data" classname="Kubernetes e2e suite" time="0">
          <skipped></skipped>
      </testcase>
      <testcase name="[sig-node] Container Runtime blackbox test when running a container with a new image should not be able to pull from private registry without secret [NodeConformance]" classname="Kubernetes e2e suite" time="0">
          <skipped></skipped>
      </testcase>
      <testcase name="[sig-storage] In-tree Volumes [Driver: gcepd] [Testpattern: Dynamic PV (default fs)] subPath should support creating multiple subpath from same volumes [Slow]" classname="Kubernetes e2e suite" time="0">
          <skipped></skipped>
      </testcase>
      <testcase name="[sig-storage] In-tree Volumes [Driver: hostPathSymlink] [Testpattern: Pre-provisioned PV (filesystem volmode)] disruptive[Disruptive][LinuxOnly] Should test that pv written before kubelet restart is readable after restart." classname="Kubernetes e2e suite" time="0">
          <skipped></skipped>
      </testcase>
      <testcase name="[sig-api-machinery] ResourceQuota [Feature:PodPriority] should verify ResourceQuota&#39;s priority class scope (quota set to pod count: 1) against a pod with same priority class." classname="Kubernetes e2e suite" time="0">
          <skipped></skipped>
      </testcase>
      <testcase name="[sig-storage] In-tree Volumes [Driver: local][LocalVolumeType: dir-link-bindmounted] [Testpattern: Pre-provisioned PV (default fs)] subPath should support readOnly directory specified in the volumeMount" classname="Kubernetes e2e suite" time="0">
          <skipped></skipped>
      </testcase>
      <testcase name="[sig-storage] In-tree Volumes [Driver: local][LocalVolumeType: block] [Testpattern: Inline-volume (xfs)][Slow] volumes should store data" classname="Kubernetes e2e suite" time="0">
          <skipped></skipped>
      </testcase>
      <testcase name="[sig-network] Services should be able to change the type from ClusterIP to ExternalName [Conformance]" classname="Kubernetes e2e suite" time="32.217681"></testcase>
      <testcase name="[sig-storage] In-tree Volumes [Driver: emptydir] [Testpattern: Inline-volume (default fs)] subPath should fail if subpath directory is outside the volume [Slow][LinuxOnly]" classname="Kubernetes e2e suite" time="0">
          <skipped></skipped>
      </testcase>
      <testcase name="[sig-storage] CSI Volumes [Driver: csi-hostpath] [Testpattern: Pre-provisioned PV (filesystem volmode)] multiVolume [Slow] should concurrently access the single volume from pods on the same node" classname="Kubernetes e2e suite" time="0">
          <skipped></skipped>
      </testcase>
      <testcase name="[sig-storage] In-tree Volumes [Driver: local][LocalVolumeType: dir] [Testpattern: Dynamic PV (ntfs)][Feature:Windows] subPath should support readOnly directory specified in the volumeMount" classname="Kubernetes e2e suite" time="0">
          <skipped></skipped>
      </testcase>
      <testcase name="[sig-storage] CSI Volumes [Driver: pd.csi.storage.gke.io][Serial] [Testpattern: Inline-volume (xfs)][Slow] volumes should store data" classname="Kubernetes e2e suite" time="0">
          <skipped></skipped>
      </testcase>
      <testcase name="[sig-storage] In-tree Volumes [Driver: local][LocalVolumeType: dir-link-bindmounted] [Testpattern: Pre-provisioned PV (default fs)] subPath should fail if subpath directory is outside the volume [Slow][LinuxOnly]" classname="Kubernetes e2e suite" time="0">
          <skipped></skipped>
      </testcase>
      <testcase name="[sig-storage] In-tree Volumes [Driver: local][LocalVolumeType: dir-link-bindmounted] [Testpattern: Dynamic PV (ntfs)][Feature:Windows] subPath should support existing directory" classname="Kubernetes e2e suite" time="0">
          <skipped></skipped>
      </testcase>
      <testcase name="[sig-storage] In-tree Volumes [Driver: iscsi][Feature:Volumes] [Testpattern: Dynamic PV (ntfs)(allowExpansion)][Feature:Windows] volume-expand Verify if offline PVC expansion works" classname="Kubernetes e2e suite" time="0">
          <skipped></skipped>
      </testcase>
      <testcase name="[sig-storage] In-tree Volumes [Driver: rbd][Feature:Volumes][Serial] [Testpattern: Dynamic PV (block volmode)] multiVolume [Slow] should access to two volumes with different volume mode and retain data across pod recreation on different node" classname="Kubernetes e2e suite" time="0">
          <skipped></skipped>
      </testcase>
      <testcase name="[sig-storage] In-tree Volumes [Driver: local][LocalVolumeType: block] [Testpattern: Dynamic PV (ntfs)][Feature:Windows] subPath should support file as subpath [LinuxOnly]" classname="Kubernetes e2e suite" time="0">
          <skipped></skipped>
      </testcase>
      <testcase name="[sig-storage] In-tree Volumes [Driver: gluster] [Testpattern: Dynamic PV (xfs)][Slow] multiVolume [Slow] should concurrently access the volume and its clone from pods on the same node [LinuxOnly][Feature:VolumeSnapshotDataSource][Feature:VolumeSourceXFS]" classname="Kubernetes e2e suite" time="0">
          <skipped></skipped>
      </testcase>
      <testcase name="[sig-storage] PersistentVolumes-local  [Volume type: dir-link-bindmounted] Set fsGroup for local volume should set fsGroup for one pod [Slow]" classname="Kubernetes e2e suite" time="0">
          <skipped></skipped>
      </testcase>
      <testcase name="[sig-storage] In-tree Volumes [Driver: local][LocalVolumeType: block] [Testpattern: Dynamic PV (default fs)] subPath should be able to unmount after the subpath directory is deleted [LinuxOnly]" classname="Kubernetes e2e suite" time="0">
          <skipped></skipped>
      </testcase>
      <testcase name="[sig-storage] In-tree Volumes [Driver: local][LocalVolumeType: dir-bindmounted] [Testpattern: Inline-volume (default fs)] subPath should be able to unmount after the subpath directory is deleted [LinuxOnly]" classname="Kubernetes e2e suite" time="0">
          <skipped></skipped>
      </testcase>
      <testcase name="[sig-storage] In-tree Volumes [Driver: iscsi][Feature:Volumes] [Testpattern: Inline-volume (default fs)] subPath should support existing directories when readOnly specified in the volumeSource" classname="Kubernetes e2e suite" time="0">
          <skipped></skipped>
      </testcase>
      <testcase name="[sig-storage] Projected configMap should be consumable from pods in volume with mappings [NodeConformance] [Conformance]" classname="Kubernetes e2e suite" time="8.333435191"></testcase>
      <testcase name="[sig-apps] DisruptionController Listing PodDisruptionBudgets for all namespaces should list and delete a collection of PodDisruptionBudgets [Conformance]" classname="Kubernetes e2e suite" time="3.479468868"></testcase>
      <testcase name="[sig-network] Networking Granular Checks: Pods should function for node-pod communication: http [LinuxOnly] [NodeConformance] [Conformance]" classname="Kubernetes e2e suite" time="229.014126476"></testcase>
      <testcase name="[sig-storage] In-tree Volumes [Driver: cinder] [Testpattern: Dynamic PV (filesystem volmode)] volumeLimits should support volume limits [Serial]" classname="Kubernetes e2e suite" time="0">
          <skipped></skipped>
      </testcase>
      <testcase name="[sig-storage] In-tree Volumes [Driver: local][LocalVolumeType: dir-link-bindmounted] [Testpattern: Pre-provisioned PV (filesystem volmode)] multiVolume [Slow] should concurrently access the single read-only volume from pods on the same node" classname="Kubernetes e2e suite" time="0">
          <skipped></skipped>
      </testcase>
      <testcase name="[sig-storage] In-tree Volumes [Driver: rbd][Feature:Volumes][Serial] [Testpattern: Pre-provisioned PV (default fs)] volumes should store data" classname="Kubernetes e2e suite" time="0">
          <skipped></skipped>
      </testcase>
      <testcase name="[sig-storage] In-tree Volumes [Driver: azure-disk] [Testpattern: Dynamic PV (filesystem volmode)] multiVolume [Slow] should concurrently access the volume and its clone from pods on the same node [LinuxOnly][Feature:VolumeSnapshotDataSource][Feature:VolumeSourceXFS]" classname="Kubernetes e2e suite" time="0">
          <skipped></skipped>
      </testcase>
      <testcase name="[sig-storage] In-tree Volumes [Driver: windows-gcepd] [Testpattern: Dynamic PV (immediate binding)] topology should fail to schedule a pod which has topologies that conflict with AllowedTopologies" classname="Kubernetes e2e suite" time="0">
          <skipped></skipped>
      </testcase>
      <testcase name="[sig-storage] In-tree Volumes [Driver: aws] [Testpattern: Pre-provisioned PV (default fs)] subPath should support file as subpath [LinuxOnly]" classname="Kubernetes e2e suite" time="0">
          <skipped></skipped>
      </testcase>
      <testcase name="[sig-storage] HostPathType File [Slow] Should fail on mounting file &#39;afile&#39; when HostPathType is HostPathSocket" classname="Kubernetes e2e suite" time="0">
          <skipped></skipped>
      </testcase>
      <testcase name="[sig-storage] In-tree Volumes [Driver: local][LocalVolumeType: dir] [Testpattern: Pre-provisioned PV (ext4)] volumes should allow exec of files on the volume" classname="Kubernetes e2e suite" time="0">
          <skipped></skipped>
      </testcase>
      <testcase name="[sig-storage] In-tree Volumes [Driver: local][LocalVolumeType: dir-link-bindmounted] [Testpattern: Inline-volume (ext3)] volumes should store data" classname="Kubernetes e2e suite" time="0">
          <skipped></skipped>
      </testcase>
      <testcase name="[sig-storage] In-tree Volumes [Driver: gluster] [Testpattern: Dynamic PV (default fs)] subPath should fail if non-existent subpath is outside the volume [Slow][LinuxOnly]" classname="Kubernetes e2e suite" time="0">
          <skipped></skipped>
      </testcase>
      <testcase name="[sig-storage] In-tree Volumes [Driver: local][LocalVolumeType: dir-link] [Testpattern: Pre-provisioned PV (default fs)] subPath should unmount if pod is force deleted while kubelet is down [Disruptive][Slow][LinuxOnly]" classname="Kubernetes e2e suite" time="0">
          <skipped></skipped>
      </testcase>
      <testcase name="[sig-storage] In-tree Volumes [Driver: hostPath] [Testpattern: Dynamic PV (block volmode)] multiVolume [Slow] should concurrently access the single volume from pods on different node" classname="Kubernetes e2e suite" time="0">
          <skipped></skipped>
      </testcase>
      <testcase name="[sig-storage] In-tree Volumes [Driver: nfs] [Testpattern: Inline-volume (default fs)] subPath should support non-existent path" classname="Kubernetes e2e suite" time="0">
          <skipped></skipped>
      </testcase>
      <testcase name="[sig-storage] In-tree Volumes [Driver: local][LocalVolumeType: gce-localssd-scsi-fs] [Serial] [Testpattern: Dynamic PV (default fs)] subPath should support existing single file [LinuxOnly]" classname="Kubernetes e2e suite" time="0">
          <skipped></skipped>
      </testcase>
      <testcase name="[sig-storage] In-tree Volumes [Driver: hostPathSymlink] [Testpattern: Dynamic PV (xfs)][Slow] volumes should store data" classname="Kubernetes e2e suite" time="0">
          <skipped></skipped>
      </testcase>
      <testcase name="[sig-storage] PersistentVolumes-local  [Volume type: dir] Set fsGroup for local volume should set same fsGroup for two pods simultaneously [Slow]" classname="Kubernetes e2e suite" time="0">
          <skipped></skipped>
      </testcase>
      <testcase name="[sig-storage] In-tree Volumes [Driver: local][LocalVolumeType: tmpfs] [Testpattern: Dynamic PV (default fs)] provisioning should provision storage with mount options" classname="Kubernetes e2e suite" time="0">
          <skipped></skipped>
      </testcase>
      <testcase name="[sig-node] Pods should allow activeDeadlineSeconds to be updated [NodeConformance] [Conformance]" classname="Kubernetes e2e suite" time="8.766779125"></testcase>
      <testcase name="[sig-storage] In-tree Volumes [Driver: nfs] [Testpattern: Dynamic PV (default fs)] fsgroupchangepolicy (OnRootMismatch)[LinuxOnly], pod created with an initial fsgroup, volume contents ownership changed in first pod, new pod with same fsgroup skips ownership changes to the volume contents" classname="Kubernetes e2e suite" time="0">
          <skipped></skipped>
      </testcase>
      <testcase name="[sig-storage] EmptyDir volumes pod should support memory backed volumes of specified size" classname="Kubernetes e2e suite" time="0">
          <skipped></skipped>
      </testcase>
      <testcase name="[sig-storage] In-tree Volumes [Driver: iscsi][Feature:Volumes] [Testpattern: Pre-provisioned PV (filesystem volmode)] multiVolume [Slow] should access to two volumes with the same volume mode and retain data across pod recreation on the same node" classname="Kubernetes e2e suite" time="0">
          <skipped></skipped>
      </testcase>
      <testcase name="[sig-storage] CSI Volumes [Driver: csi-hostpath] [Testpattern: Inline-volume (ext4)] volumes should store data" classname="Kubernetes e2e suite" time="0">
          <skipped></skipped>
      </testcase>
      <testcase name="[sig-autoscaling] Cluster size autoscaling [Slow] Should scale down GPU pool from 1 [GpuType:] [Feature:ClusterSizeAutoscalingGpu]" classname="Kubernetes e2e suite" time="0">
          <skipped></skipped>
      </testcase>
      <testcase name="[sig-storage] In-tree Volumes [Driver: local][LocalVolumeType: dir-link-bindmounted] [Testpattern: Dynamic PV (block volmode)(allowExpansion)] volume-expand Verify if offline PVC expansion works" classname="Kubernetes e2e suite" time="0">
          <skipped></skipped>
      </testcase>
      <testcase name="[sig-storage] In-tree Volumes [Driver: local][LocalVolumeType: dir-link-bindmounted] [Testpattern: Dynamic PV (ntfs)][Feature:Windows] subPath should support restarting containers using file as subpath [Slow][LinuxOnly]" classname="Kubernetes e2e suite" time="0">
          <skipped></skipped>
      </testcase>
      <testcase name="[sig-node] Probing container should *not* be restarted with a tcp:8080 liveness probe [NodeConformance] [Conformance]" classname="Kubernetes e2e suite" time="248.366878154"></testcase>
      <testcase name="[sig-storage] In-tree Volumes [Driver: vsphere] [Testpattern: Dynamic PV (block volmode)(allowExpansion)] volume-expand should resize volume when PVC is edited while pod is using it" classname="Kubernetes e2e suite" time="0">
          <skipped></skipped>
      </testcase>
      <testcase name="[sig-storage] In-tree Volumes [Driver: windows-gcepd] [Testpattern: Dynamic PV (ntfs)(allowExpansion)][Feature:Windows] volume-expand should resize volume when PVC is edited while pod is using it" classname="Kubernetes e2e suite" time="0">
          <skipped></skipped>
      </testcase>
      <testcase name="[sig-storage] In-tree Volumes [Driver: gluster] [Testpattern: Inline-volume (default fs)] subPath should support existing directories when readOnly specified in the volumeSource" classname="Kubernetes e2e suite" time="0">
          <skipped></skipped>
      </testcase>
      <testcase name="[sig-storage] In-tree Volumes [Driver: local][LocalVolumeType: tmpfs] [Testpattern: Dynamic PV (block volmode)] volume-stress multiple pods should access different volumes repeatedly [Slow] [Serial]" classname="Kubernetes e2e suite" time="0">
          <skipped></skipped>
      </testcase>
      <testcase name="[sig-storage] In-tree Volumes [Driver: vsphere] [Testpattern: Dynamic PV (default fs)(allowExpansion)] volume-expand Verify if offline PVC expansion works" classname="Kubernetes e2e suite" time="0">
          <skipped></skipped>
      </testcase>
      <testcase name="[sig-storage] In-tree Volumes [Driver: local][LocalVolumeType: dir] [Testpattern: Pre-provisioned PV (filesystem volmode)] multiVolume [Slow] should access to two volumes with different volume mode and retain data across pod recreation on the same node" classname="Kubernetes e2e suite" time="0">
          <skipped></skipped>
      </testcase>
      <testcase name="[sig-storage] In-tree Volumes [Driver: vsphere] [Testpattern: Pre-provisioned PV (default fs)] subPath should support restarting containers using directory as subpath [Slow]" classname="Kubernetes e2e suite" time="0">
          <skipped></skipped>
      </testcase>
      <testcase name="[sig-storage] PersistentVolumes-local  [Volume type: dir] Two pods mounting a local volume at the same time should be able to write from pod1 and read from pod2" classname="Kubernetes e2e suite" time="0">
          <skipped></skipped>
      </testcase>
      <testcase name="[sig-storage] In-tree Volumes [Driver: local][LocalVolumeType: dir-link] [Testpattern: Dynamic PV (filesystem volmode)] multiVolume [Slow] should concurrently access the volume and restored snapshot from pods on the same node [LinuxOnly][Feature:VolumeSnapshotDataSource][Feature:VolumeSourceXFS]" classname="Kubernetes e2e suite" time="0">
          <skipped></skipped>
      </testcase>
      <testcase name="[sig-storage] PersistentVolumes NFS with multiple PVs and PVCs all in same ns should create 2 PVs and 4 PVCs: test write access" classname="Kubernetes e2e suite" time="0">
          <skipped></skipped>
      </testcase>
      <testcase name="[sig-storage] In-tree Volumes [Driver: nfs] [Testpattern: Inline-volume (xfs)][Slow] volumes should allow exec of files on the volume" classname="Kubernetes e2e suite" time="0">
          <skipped></skipped>
      </testcase>
      <testcase name="[sig-storage] In-tree Volumes [Driver: local][LocalVolumeType: tmpfs] [Testpattern: Dynamic PV (block volmode)] multiVolume [Slow] should access to two volumes with the same volume mode and retain data across pod recreation on the same node" classname="Kubernetes e2e suite" time="0">
          <skipped></skipped>
      </testcase>
      <testcase name="[sig-storage] In-tree Volumes [Driver: local][LocalVolumeType: dir] [Testpattern: Dynamic PV (ntfs)][Feature:Windows] subPath should support existing single file [LinuxOnly]" classname="Kubernetes e2e suite" time="0">
          <skipped></skipped>
      </testcase>
      <testcase name="[sig-storage] Zone Support [Feature:vsphere] Verify a pod is created and attached to a dynamically created PV, based on the allowed zones specified in storage class when the datastore under the zone is present in another datacenter" classname="Kubernetes e2e suite" time="0">
          <skipped></skipped>
      </testcase>
      <testcase name="[sig-storage] CSI Volumes [Driver: csi-hostpath] [Testpattern: Dynamic PV (ntfs)][Feature:Windows] volumes should allow exec of files on the volume" classname="Kubernetes e2e suite" time="0">
          <skipped></skipped>
      </testcase>
      <testcase name="[sig-storage] In-tree Volumes [Driver: hostPath] [Testpattern: Dynamic PV (ntfs)][Feature:Windows] provisioning should provision storage with mount options" classname="Kubernetes e2e suite" time="0">
          <skipped></skipped>
      </testcase>
      <testcase name="[sig-network] Conntrack should be able to preserve UDP traffic when server pod cycles for a NodePort service" classname="Kubernetes e2e suite" time="0">
          <skipped></skipped>
      </testcase>
      <testcase name="[sig-storage] In-tree Volumes [Driver: gcepd] [Testpattern: Inline-volume (ext4)] volumes should allow exec of files on the volume" classname="Kubernetes e2e suite" time="0">
          <skipped></skipped>
      </testcase>
      <testcase name="[sig-autoscaling] Cluster size autoscaling [Slow] should increase cluster size if pods are pending due to host port conflict [Feature:ClusterSizeAutoscalingScaleUp]" classname="Kubernetes e2e suite" time="0">
          <skipped></skipped>
      </testcase>
      <testcase name="[sig-storage] In-tree Volumes [Driver: ceph][Feature:Volumes][Serial] [Testpattern: Pre-provisioned PV (filesystem volmode)] volumeMode should fail to use a volume in a pod with mismatched mode [Slow]" classname="Kubernetes e2e suite" time="0">
          <skipped></skipped>
      </testcase>
      <testcase name="[sig-storage] In-tree Volumes [Driver: gluster] [Testpattern: Dynamic PV (ext4)] volumes should allow exec of files on the volume" classname="Kubernetes e2e suite" time="0">
          <skipped></skipped>
      </testcase>
      <testcase name="[sig-storage] In-tree Volumes [Driver: local][LocalVolumeType: dir-bindmounted] [Testpattern: Pre-provisioned PV (default fs)] subPath should support non-existent path" classname="Kubernetes e2e suite" time="0">
          <skipped></skipped>
      </testcase>
      <testcase name="[sig-node] RuntimeClass should reject a Pod requesting a deleted RuntimeClass [NodeFeature:RuntimeHandler]" classname="Kubernetes e2e suite" time="0">
          <skipped></skipped>
      </testcase>
      <testcase name="[sig-network] NetworkPolicyLegacy [LinuxOnly] NetworkPolicy between server and client should enforce policy to allow traffic from pods within server namespace based on PodSelector [Feature:NetworkPolicy]" classname="Kubernetes e2e suite" time="0">
          <skipped></skipped>
      </testcase>
      <testcase name="[sig-storage] In-tree Volumes [Driver: hostPath] [Testpattern: Pre-provisioned PV (filesystem volmode)] disruptive[Disruptive][LinuxOnly] Should test that pv written before kubelet restart is readable after restart." classname="Kubernetes e2e suite" time="0">
          <skipped></skipped>
      </testcase>
      <testcase name="[sig-storage] In-tree Volumes [Driver: vsphere] [Testpattern: Dynamic PV (block volmode)] multiVolume [Slow] should access to two volumes with the same volume mode and retain data across pod recreation on the same node" classname="Kubernetes e2e suite" time="0">
          <skipped></skipped>
      </testcase>
      <testcase name="[sig-storage] In-tree Volumes [Driver: local][LocalVolumeType: dir-link] [Testpattern: Inline-volume (xfs)][Slow] volumes should allow exec of files on the volume" classname="Kubernetes e2e suite" time="0">
          <skipped></skipped>
      </testcase>
      <testcase name="[sig-storage] In-tree Volumes [Driver: vsphere] [Testpattern: Pre-provisioned PV (default fs)] subPath should support readOnly directory specified in the volumeMount" classname="Kubernetes e2e suite" time="0">
          <skipped></skipped>
      </testcase>
      <testcase name="[sig-storage] In-tree Volumes [Driver: gluster] [Testpattern: Pre-provisioned PV (default fs)] subPath should support creating multiple subpath from same volumes [Slow]" classname="Kubernetes e2e suite" time="0">
          <skipped></skipped>
      </testcase>
      <testcase name="[sig-apps] Deployment deployment should support rollover [Conformance]" classname="Kubernetes e2e suite" time="29.535119683"></testcase>
      <testcase name="[sig-apps] StatefulSet Basic StatefulSet functionality [StatefulSetBasic] should adopt matching orphans and release non-matching pods" classname="Kubernetes e2e suite" time="0">
          <skipped></skipped>
      </testcase>
      <testcase name="[sig-storage] In-tree Volumes [Driver: local][LocalVolumeType: dir-link] [Testpattern: Dynamic PV (ntfs)][Feature:Windows] subPath should fail if subpath file is outside the volume [Slow][LinuxOnly]" classname="Kubernetes e2e suite" time="0">
          <skipped></skipped>
      </testcase>
      <testcase name="[sig-storage] In-tree Volumes [Driver: vsphere] [Testpattern: Pre-provisioned PV (default fs)] subPath should support non-existent path" classname="Kubernetes e2e suite" time="0">
          <skipped></skipped>
      </testcase>
      <testcase name="[sig-storage] In-tree Volumes [Driver: local][LocalVolumeType: dir-link-bindmounted] [Testpattern: Dynamic PV (immediate binding)] topology should fail to schedule a pod which has topologies that conflict with AllowedTopologies" classname="Kubernetes e2e suite" time="0">
          <skipped></skipped>
      </testcase>
      <testcase name="[sig-network] NetworkPolicyLegacy [LinuxOnly] NetworkPolicy between server and client should not allow access by TCP when a policy specifies only SCTP [Feature:NetworkPolicy]" classname="Kubernetes e2e suite" time="0">
          <skipped></skipped>
      </testcase>
      <testcase name="[sig-storage] In-tree Volumes [Driver: cinder] [Testpattern: Dynamic PV (block volmode)] multiVolume [Slow] should concurrently access the single volume from pods on the same node" classname="Kubernetes e2e suite" time="0">
          <skipped></skipped>
      </testcase>
      <testcase name="[sig-auth] [Feature:NodeAuthorizer] Getting an existing secret should exit with the Forbidden error" classname="Kubernetes e2e suite" time="0">
          <skipped></skipped>
      </testcase>
      <testcase name="[sig-storage] In-tree Volumes [Driver: aws] [Testpattern: Dynamic PV (default fs)] volumeIO should write files of various sizes, verify size, validate content [Slow][LinuxOnly]" classname="Kubernetes e2e suite" time="0">
          <skipped></skipped>
      </testcase>
      <testcase name="[sig-storage] In-tree Volumes [Driver: iscsi][Feature:Volumes] [Testpattern: Pre-provisioned PV (block volmode)] disruptive[Disruptive][LinuxOnly] Should test that pv used in a pod that is force deleted while the kubelet is down cleans up when the kubelet returns." classname="Kubernetes e2e suite" time="0">
          <skipped></skipped>
      </testcase>
      <testcase name="[sig-storage] In-tree Volumes [Driver: gcepd] [Testpattern: Dynamic PV (block volmode)] multiVolume [Slow] should access to two volumes with the same volume mode and retain data across pod recreation on the same node" classname="Kubernetes e2e suite" time="0">
          <skipped></skipped>
      </testcase>
      <testcase name="[sig-storage] In-tree Volumes [Driver: local][LocalVolumeType: dir-link] [Testpattern: Inline-volume (default fs)] subPath should support existing directories when readOnly specified in the volumeSource" classname="Kubernetes e2e suite" time="0">
          <skipped></skipped>
      </testcase>
      <testcase name="[sig-storage] In-tree Volumes [Driver: local][LocalVolumeType: gce-localssd-scsi-fs] [Serial] [Testpattern: Inline-volume (default fs)] subPath should support existing single file [LinuxOnly]" classname="Kubernetes e2e suite" time="0">
          <skipped></skipped>
      </testcase>
      <testcase name="[sig-cli] Kubectl client Simple pod should return command exit codes running a failing command" classname="Kubernetes e2e suite" time="0">
          <skipped></skipped>
      </testcase>
      <testcase name="[sig-storage] In-tree Volumes [Driver: local][LocalVolumeType: dir-link-bindmounted] [Testpattern: Dynamic PV (xfs)][Slow] multiVolume [Slow] should concurrently access the single volume from pods on different node" classname="Kubernetes e2e suite" time="0">
          <skipped></skipped>
      </testcase>
      <testcase name="[sig-storage] In-tree Volumes [Driver: nfs] [Testpattern: Pre-provisioned PV (default fs)] subPath should fail if subpath with backstepping is outside the volume [Slow][LinuxOnly]" classname="Kubernetes e2e suite" time="0">
          <skipped></skipped>
      </testcase>
      <testcase name="[sig-storage] In-tree Volumes [Driver: local][LocalVolumeType: dir-link-bindmounted] [Testpattern: Dynamic PV (delayed binding)] topology should provision a volume and schedule a pod with AllowedTopologies" classname="Kubernetes e2e suite" time="0">
          <skipped></skipped>
      </testcase>
      <testcase name="[sig-storage] In-tree Volumes [Driver: ceph][Feature:Volumes][Serial] [Testpattern: Inline-volume (default fs)] subPath should support readOnly file specified in the volumeMount [LinuxOnly]" classname="Kubernetes e2e suite" time="0">
          <skipped></skipped>
      </testcase>
      <testcase name="[sig-storage] CSI Volumes [Driver: csi-hostpath] [Testpattern: Dynamic PV (block volmode)] multiVolume [Slow] should access to two volumes with different volume mode and retain data across pod recreation on the same node" classname="Kubernetes e2e suite" time="0">
          <skipped></skipped>
      </testcase>
      <testcase name="[sig-storage] HostPathType File [Slow] Should fail on mounting file &#39;afile&#39; when HostPathType is HostPathBlockDev" classname="Kubernetes e2e suite" time="0">
          <skipped></skipped>
      </testcase>
      <testcase name="[sig-storage] In-tree Volumes [Driver: windows-gcepd] [Testpattern: Inline-volume (default fs)] subPath should fail if non-existent subpath is outside the volume [Slow][LinuxOnly]" classname="Kubernetes e2e suite" time="0">
          <skipped></skipped>
      </testcase>
      <testcase name="[sig-storage] In-tree Volumes [Driver: windows-gcepd] [Testpattern: Dynamic PV (ntfs)][Feature:Windows] subPath should support readOnly directory specified in the volumeMount" classname="Kubernetes e2e suite" time="0">
          <skipped></skipped>
      </testcase>
      <testcase name="[sig-storage] In-tree Volumes [Driver: local][LocalVolumeType: tmpfs] [Testpattern: Pre-provisioned PV (default fs)] subPath should support restarting containers using directory as subpath [Slow]" classname="Kubernetes e2e suite" time="0">
          <skipped></skipped>
      </testcase>
      <testcase name="[sig-storage] In-tree Volumes [Driver: nfs] [Testpattern: Dynamic PV (ext4)] multiVolume [Slow] should access to two volumes with the same volume mode and retain data across pod recreation on the same node" classname="Kubernetes e2e suite" time="0">
          <skipped></skipped>
      </testcase>
      <testcase name="[sig-storage] In-tree Volumes [Driver: gluster] [Testpattern: Dynamic PV (default fs)] provisioning should provision storage with snapshot data source [Feature:VolumeSnapshotDataSource]" classname="Kubernetes e2e suite" time="0">
          <skipped></skipped>
      </testcase>
      <testcase name="[sig-storage] In-tree Volumes [Driver: iscsi][Feature:Volumes] [Testpattern: Dynamic PV (default fs)] subPath should support creating multiple subpath from same volumes [Slow]" classname="Kubernetes e2e suite" time="0">
          <skipped></skipped>
      </testcase>
      <testcase name="[sig-storage] Verify Volume Attach Through vpxd Restart [Feature:vsphere][Serial][Disruptive] verify volume remains attached through vpxd restart" classname="Kubernetes e2e suite" time="0">
          <skipped></skipped>
      </testcase>
      <testcase name="[sig-storage] In-tree Volumes [Driver: hostPathSymlink] [Testpattern: Pre-provisioned PV (default fs)] subPath should support non-existent path" classname="Kubernetes e2e suite" time="0">
          <skipped></skipped>
      </testcase>
      <testcase name="[sig-storage] In-tree Volumes [Driver: azure-disk] [Testpattern: Pre-provisioned PV (default fs)] subPath should support restarting containers using file as subpath [Slow][LinuxOnly]" classname="Kubernetes e2e suite" time="0">
          <skipped></skipped>
      </testcase>
      <testcase name="[sig-storage] CSI Volumes [Driver: pd.csi.storage.gke.io][Serial] [Testpattern: Dynamic PV (ntfs)][Feature:Windows] subPath should support non-existent path" classname="Kubernetes e2e suite" time="0">
          <skipped></skipped>
      </testcase>
      <testcase name="[sig-storage] In-tree Volumes [Driver: local][LocalVolumeType: dir-link-bindmounted] [Testpattern: Dynamic PV (ntfs)][Feature:Windows] subPath should fail if subpath file is outside the volume [Slow][LinuxOnly]" classname="Kubernetes e2e suite" time="0">
          <skipped></skipped>
      </testcase>
      <testcase name="[sig-storage] In-tree Volumes [Driver: hostPath] [Testpattern: Pre-provisioned PV (default fs)] subPath should support readOnly directory specified in the volumeMount" classname="Kubernetes e2e suite" time="0">
          <skipped></skipped>
      </testcase>
      <testcase name="[sig-storage] In-tree Volumes [Driver: gluster] [Testpattern: Dynamic PV (default fs)] capacity provides storage capacity information" classname="Kubernetes e2e suite" time="0">
          <skipped></skipped>
      </testcase>
      <testcase name="[sig-storage] In-tree Volumes [Driver: local][LocalVolumeType: blockfs] [Testpattern: Dynamic PV (immediate binding)] topology should provision a volume and schedule a pod with AllowedTopologies" classname="Kubernetes e2e suite" time="0">
          <skipped></skipped>
      </testcase>
      <testcase name="[sig-storage] In-tree Volumes [Driver: local][LocalVolumeType: dir-link] [Testpattern: Pre-provisioned PV (block volmode)] volumeMode should fail to use a volume in a pod with mismatched mode [Slow]" classname="Kubernetes e2e suite" time="0">
          <skipped></skipped>
      </testcase>
      <testcase name="[sig-storage] In-tree Volumes [Driver: local][LocalVolumeType: tmpfs] [Testpattern: Dynamic PV (filesystem volmode)] multiVolume [Slow] should access to two volumes with the same volume mode and retain data across pod recreation on different node" classname="Kubernetes e2e suite" time="0">
          <skipped></skipped>
      </testcase>
      <testcase name="[sig-storage] In-tree Volumes [Driver: local][LocalVolumeType: dir-link] [Testpattern: Dynamic PV (default fs)] fsgroupchangepolicy (Always)[LinuxOnly], pod created with an initial fsgroup, volume contents ownership changed in first pod, new pod with same fsgroup applied to the volume contents" classname="Kubernetes e2e suite" time="0">
          <skipped></skipped>
      </testcase>
      <testcase name="[sig-storage] In-tree Volumes [Driver: hostPathSymlink] [Testpattern: Dynamic PV (default fs)] fsgroupchangepolicy (Always)[LinuxOnly], pod created with an initial fsgroup, new pod fsgroup applied to volume contents" classname="Kubernetes e2e suite" time="0">
          <skipped></skipped>
      </testcase>
      <testcase name="[sig-storage] CSI Volumes [Driver: csi-hostpath] [Testpattern: Inline-volume (default fs)] subPath should support readOnly directory specified in the volumeMount" classname="Kubernetes e2e suite" time="0">
          <skipped></skipped>
      </testcase>
      <testcase name="[sig-storage] Flexvolumes should be mountable when non-attachable" classname="Kubernetes e2e suite" time="0">
          <skipped></skipped>
      </testcase>
      <testcase name="[sig-storage] In-tree Volumes [Driver: cinder] [Testpattern: Dynamic PV (filesystem volmode)] volumeLimits should verify that all csinodes have volume limits" classname="Kubernetes e2e suite" time="0">
          <skipped></skipped>
      </testcase>
      <testcase name="[sig-storage] In-tree Volumes [Driver: local][LocalVolumeType: dir-link] [Testpattern: Pre-provisioned PV (default fs)] subPath should support readOnly file specified in the volumeMount [LinuxOnly]" classname="Kubernetes e2e suite" time="0">
          <skipped></skipped>
      </testcase>
      <testcase name="[sig-storage] [Serial] Volume metrics PVController should create unbound pv count metrics for pvc controller after creating pv only" classname="Kubernetes e2e suite" time="0">
          <skipped></skipped>
      </testcase>
      <testcase name="[sig-storage] In-tree Volumes [Driver: gluster] [Testpattern: Dynamic PV (ext4)] multiVolume [Slow] should concurrently access the single volume from pods on the same node" classname="Kubernetes e2e suite" time="0">
          <skipped></skipped>
      </testcase>
      <testcase name="[sig-storage] In-tree Volumes [Driver: local][LocalVolumeType: dir] [Testpattern: Dynamic PV (block volmode)] multiVolume [Slow] should concurrently access the volume and restored snapshot from pods on the same node [LinuxOnly][Feature:VolumeSnapshotDataSource][Feature:VolumeSourceXFS]" classname="Kubernetes e2e suite" time="0">
          <skipped></skipped>
      </testcase>
      <testcase name="[sig-storage] In-tree Volumes [Driver: rbd][Feature:Volumes][Serial] [Testpattern: Dynamic PV (default fs)(allowExpansion)] volume-expand Verify if offline PVC expansion works" classname="Kubernetes e2e suite" time="0">
          <skipped></skipped>
      </testcase>
      <testcase name="[sig-network] Loadbalancing: L7 GCE [Slow] [Feature:NEG] [Flaky] should be able to create a ClusterIP service" classname="Kubernetes e2e suite" time="0">
          <skipped></skipped>
      </testcase>
      <testcase name="[sig-storage] In-tree Volumes [Driver: local][LocalVolumeType: dir-bindmounted] [Testpattern: Dynamic PV (xfs)][Slow] multiVolume [Slow] should access to two volumes with the same volume mode and retain data across pod recreation on the same node" classname="Kubernetes e2e suite" time="0">
          <skipped></skipped>
      </testcase>
      <testcase name="[sig-storage] In-tree Volumes [Driver: ceph][Feature:Volumes][Serial] [Testpattern: Inline-volume (default fs)] volumes should store data" classname="Kubernetes e2e suite" time="0">
          <skipped></skipped>
      </testcase>
      <testcase name="[sig-storage] In-tree Volumes [Driver: rbd][Feature:Volumes][Serial] [Testpattern: Dynamic PV (default fs)] fsgroupchangepolicy (OnRootMismatch)[LinuxOnly], pod created with an initial fsgroup, new pod fsgroup applied to volume contents" classname="Kubernetes e2e suite" time="0">
          <skipped></skipped>
      </testcase>
      <testcase name="[sig-network] Netpol API should support creating NetworkPolicy API with endport field [Feature:NetworkPolicyEndPort]" classname="Kubernetes e2e suite" time="0">
          <skipped></skipped>
      </testcase>
      <testcase name="[sig-storage] In-tree Volumes [Driver: aws] [Testpattern: Dynamic PV (ext4)] multiVolume [Slow] should access to two volumes with different volume mode and retain data across pod recreation on different node" classname="Kubernetes e2e suite" time="0">
          <skipped></skipped>
      </testcase>
      <testcase name="[sig-storage] In-tree Volumes [Driver: nfs] [Testpattern: Dynamic PV (filesystem volmode)] volumeMode should fail to use a volume in a pod with mismatched mode [Slow]" classname="Kubernetes e2e suite" time="0">
          <skipped></skipped>
      </testcase>
      <testcase name="[sig-storage] In-tree Volumes [Driver: hostPathSymlink] [Testpattern: Dynamic PV (ext3)] volumes should allow exec of files on the volume" classname="Kubernetes e2e suite" time="0">
          <skipped></skipped>
      </testcase>
      <testcase name="[sig-network] DNS should provide DNS for the cluster  [Conformance]" classname="Kubernetes e2e suite" time="68.537625621"></testcase>
      <testcase name="[sig-network] NetworkPolicyLegacy [LinuxOnly] NetworkPolicy between server and client should allow ingress access from updated namespace [Feature:NetworkPolicy]" classname="Kubernetes e2e suite" time="0">
          <skipped></skipped>
      </testcase>
      <testcase name="[sig-storage] In-tree Volumes [Driver: nfs] [Testpattern: Dynamic PV (xfs)][Slow] multiVolume [Slow] should concurrently access the volume and its clone from pods on the same node [LinuxOnly][Feature:VolumeSnapshotDataSource][Feature:VolumeSourceXFS]" classname="Kubernetes e2e suite" time="0">
          <skipped></skipped>
      </testcase>
      <testcase name="[sig-storage] In-tree Volumes [Driver: hostPath] [Testpattern: Pre-provisioned PV (default fs)] volumeIO should write files of various sizes, verify size, validate content [Slow][LinuxOnly]" classname="Kubernetes e2e suite" time="0">
          <skipped></skipped>
      </testcase>
      <testcase name="[sig-storage] In-tree Volumes [Driver: local][LocalVolumeType: dir-bindmounted] [Testpattern: Dynamic PV (ntfs)][Feature:Windows] subPath should support non-existent path" classname="Kubernetes e2e suite" time="0">
          <skipped></skipped>
      </testcase>
      <testcase name="[sig-storage] EmptyDir volumes volume on default medium should have the correct mode [LinuxOnly] [NodeConformance] [Conformance]" classname="Kubernetes e2e suite" time="8.512199955"></testcase>
      <testcase name="[sig-storage] In-tree Volumes [Driver: local][LocalVolumeType: tmpfs] [Testpattern: Inline-volume (default fs)] subPath should support restarting containers using file as subpath [Slow][LinuxOnly]" classname="Kubernetes e2e suite" time="0">
          <skipped></skipped>
      </testcase>
      <testcase name="[sig-storage] In-tree Volumes [Driver: iscsi][Feature:Volumes] [Testpattern: Dynamic PV (ntfs)][Feature:Windows] subPath should be able to unmount after the subpath directory is deleted [LinuxOnly]" classname="Kubernetes e2e suite" time="0">
          <skipped></skipped>
      </testcase>
      <testcase name="[sig-api-machinery] Garbage collector should support orphan deletion of custom resources" classname="Kubernetes e2e suite" time="0">
          <skipped></skipped>
      </testcase>
      <testcase name="[sig-storage] In-tree Volumes [Driver: hostPathSymlink] [Testpattern: Dynamic PV (ext4)] multiVolume [Slow] should access to two volumes with different volume mode and retain data across pod recreation on the same node" classname="Kubernetes e2e suite" time="0">
          <skipped></skipped>
      </testcase>
      <testcase name="[sig-storage] PersistentVolumes-local  [Volume type: dir-link-bindmounted] Set fsGroup for local volume should set same fsGroup for two pods simultaneously [Slow]" classname="Kubernetes e2e suite" time="0">
          <skipped></skipped>
      </testcase>
      <testcase name="[sig-storage] In-tree Volumes [Driver: cinder] [Testpattern: Dynamic PV (default fs)] provisioning should provision storage with mount options" classname="Kubernetes e2e suite" time="0">
          <skipped></skipped>
      </testcase>
      <testcase name="[sig-storage] In-tree Volumes [Driver: ceph][Feature:Volumes][Serial] [Testpattern: Pre-provisioned PV (default fs)] volumes should allow exec of files on the volume" classname="Kubernetes e2e suite" time="0">
          <skipped></skipped>
      </testcase>
      <testcase name="[sig-storage] In-tree Volumes [Driver: local][LocalVolumeType: dir] [Testpattern: Pre-provisioned PV (block volmode)] volumeMode should fail to use a volume in a pod with mismatched mode [Slow]" classname="Kubernetes e2e suite" time="0">
          <skipped></skipped>
      </testcase>
      <testcase name="[sig-storage] In-tree Volumes [Driver: rbd][Feature:Volumes][Serial] [Testpattern: Pre-provisioned PV (default fs)] subPath should support readOnly file specified in the volumeMount [LinuxOnly]" classname="Kubernetes e2e suite" time="0">
          <skipped></skipped>
      </testcase>
      <testcase name="[sig-storage] CSI Volumes [Driver: csi-hostpath] [Testpattern: Pre-provisioned PV (default fs)] subPath should support existing single file [LinuxOnly]" classname="Kubernetes e2e suite" time="0">
          <skipped></skipped>
      </testcase>
      <testcase name="[sig-storage] In-tree Volumes [Driver: aws] [Testpattern: Dynamic PV (filesystem volmode)] volumeMode should fail to use a volume in a pod with mismatched mode [Slow]" classname="Kubernetes e2e suite" time="0">
          <skipped></skipped>
      </testcase>
      <testcase name="[sig-storage] In-tree Volumes [Driver: gluster] [Testpattern: Inline-volume (ntfs)][Feature:Windows] volumes should allow exec of files on the volume" classname="Kubernetes e2e suite" time="0">
          <skipped></skipped>
      </testcase>
      <testcase name="[sig-storage] In-tree Volumes [Driver: iscsi][Feature:Volumes] [Testpattern: Dynamic PV (default fs)] subPath should support readOnly directory specified in the volumeMount" classname="Kubernetes e2e suite" time="0">
          <skipped></skipped>
      </testcase>
      <testcase name="[sig-storage] In-tree Volumes [Driver: emptydir] [Testpattern: Pre-provisioned PV (block volmode)] disruptive[Disruptive][LinuxOnly] Should test that pv used in a pod that is force deleted while the kubelet is down cleans up when the kubelet returns." classname="Kubernetes e2e suite" time="0">
          <skipped></skipped>
      </testcase>
      <testcase name="[sig-storage] CSI Volumes [Driver: csi-hostpath] [Testpattern: Pre-provisioned PV (filesystem volmode)] multiVolume [Slow] should concurrently access the volume and its clone from pods on the same node [LinuxOnly][Feature:VolumeSnapshotDataSource][Feature:VolumeSourceXFS]" classname="Kubernetes e2e suite" time="0">
          <skipped></skipped>
      </testcase>
      <testcase name="[sig-storage] In-tree Volumes [Driver: hostPath] [Testpattern: Inline-volume (default fs)] subPath should fail if non-existent subpath is outside the volume [Slow][LinuxOnly]" classname="Kubernetes e2e suite" time="0">
          <skipped></skipped>
      </testcase>
      <testcase name="[sig-storage] In-tree Volumes [Driver: gcepd] [Testpattern: Dynamic PV (ntfs)][Feature:Windows] provisioning should provision storage with mount options" classname="Kubernetes e2e suite" time="0">
          <skipped></skipped>
      </testcase>
      <testcase name="[sig-storage] In-tree Volumes [Driver: local][LocalVolumeType: dir-link-bindmounted] [Testpattern: Dynamic PV (filesystem volmode)] volumeMode should not mount / map unused volumes in a pod [LinuxOnly]" classname="Kubernetes e2e suite" time="0">
          <skipped></skipped>
      </testcase>
      <testcase name="[sig-storage] CSI Volumes [Driver: pd.csi.storage.gke.io][Serial] [Testpattern: Dynamic PV (ext4)] multiVolume [Slow] should access to two volumes with different volume mode and retain data across pod recreation on the same node" classname="Kubernetes e2e suite" time="0">
          <skipped></skipped>
      </testcase>
      <testcase name="[sig-storage] In-tree Volumes [Driver: nfs] [Testpattern: Dynamic PV (block volmode)] multiVolume [Slow] should concurrently access the volume and its clone from pods on the same node [LinuxOnly][Feature:VolumeSnapshotDataSource][Feature:VolumeSourceXFS]" classname="Kubernetes e2e suite" time="0">
          <skipped></skipped>
      </testcase>
      <testcase name="[sig-storage] In-tree Volumes [Driver: local][LocalVolumeType: block] [Testpattern: Inline-volume (default fs)] subPath should verify container cannot write to subpath readonly volumes [Slow]" classname="Kubernetes e2e suite" time="0">
          <skipped></skipped>
      </testcase>
      <testcase name="[sig-storage] Downward API volume should provide container&#39;s cpu request [NodeConformance] [Conformance]" classname="Kubernetes e2e suite" time="8.397120862"></testcase>
      <testcase name="[sig-storage] In-tree Volumes [Driver: local][LocalVolumeType: tmpfs] [Testpattern: Pre-provisioned PV (default fs)] subPath should fail if non-existent subpath is outside the volume [Slow][LinuxOnly]" classname="Kubernetes e2e suite" time="0">
          <skipped></skipped>
      </testcase>
      <testcase name="[sig-storage] In-tree Volumes [Driver: hostPathSymlink] [Testpattern: Dynamic PV (default fs)] volumes should allow exec of files on the volume" classname="Kubernetes e2e suite" time="0">
          <skipped></skipped>
      </testcase>
      <testcase name="[sig-storage] In-tree Volumes [Driver: azure-disk] [Testpattern: Dynamic PV (ntfs)][Feature:Windows] subPath should fail if subpath with backstepping is outside the volume [Slow][LinuxOnly]" classname="Kubernetes e2e suite" time="0">
          <skipped></skipped>
      </testcase>
      <testcase name="[sig-storage] In-tree Volumes [Driver: hostPath] [Testpattern: Dynamic PV (xfs)][Slow] multiVolume [Slow] should concurrently access the single read-only volume from pods on the same node" classname="Kubernetes e2e suite" time="0">
          <skipped></skipped>
      </testcase>
      <testcase name="[sig-storage] CSI Volumes [Driver: pd.csi.storage.gke.io][Serial] [Testpattern: Dynamic PV (default fs)(allowExpansion)] volume-expand should resize volume when PVC is edited while pod is using it" classname="Kubernetes e2e suite" time="0">
          <skipped></skipped>
      </testcase>
      <testcase name="[sig-network] Netpol NetworkPolicy between server and client should enforce policies to check ingress and egress policies can be controlled independently based on PodSelector [Feature:NetworkPolicy]" classname="Kubernetes e2e suite" time="0">
          <skipped></skipped>
      </testcase>
      <testcase name="[sig-storage] CSI Volumes [Driver: pd.csi.storage.gke.io][Serial] [Testpattern: Dynamic PV (default fs)] subPath should support non-existent path" classname="Kubernetes e2e suite" time="0">
          <skipped></skipped>
      </testcase>
      <testcase name="[sig-storage] In-tree Volumes [Driver: emptydir] [Testpattern: Dynamic PV (ntfs)][Feature:Windows] provisioning should provision storage with pvc data source" classname="Kubernetes e2e suite" time="0">
          <skipped></skipped>
      </testcase>
      <testcase name="[sig-storage] In-tree Volumes [Driver: local][LocalVolumeType: tmpfs] [Testpattern: Inline-volume (default fs)] subPath should support existing single file [LinuxOnly]" classname="Kubernetes e2e suite" time="0">
          <skipped></skipped>
      </testcase>
      <testcase name="[sig-storage] In-tree Volumes [Driver: nfs] [Testpattern: Dynamic PV (default fs)] subPath should support restarting containers using directory as subpath [Slow]" classname="Kubernetes e2e suite" time="0">
          <skipped></skipped>
      </testcase>
      <testcase name="[sig-apps] Daemon set [Serial] should surge pods onto nodes when spec was updated and update strategy is RollingUpdate" classname="Kubernetes e2e suite" time="0">
          <skipped></skipped>
      </testcase>
      <testcase name="[sig-storage] In-tree Volumes [Driver: local][LocalVolumeType: blockfs] [Testpattern: Dynamic PV (default fs)] subPath should fail if subpath directory is outside the volume [Slow][LinuxOnly]" classname="Kubernetes e2e suite" time="0">
          <skipped></skipped>
      </testcase>
      <testcase name="[sig-storage] CSI Volumes [Driver: pd.csi.storage.gke.io][Serial] [Testpattern: Inline-volume (ntfs)][Feature:Windows] volumes should allow exec of files on the volume" classname="Kubernetes e2e suite" time="0">
          <skipped></skipped>
      </testcase>
      <testcase name="[sig-network] Netpol [LinuxOnly] NetworkPolicy between server and client using UDP should enforce policy based on Ports [Feature:NetworkPolicy]" classname="Kubernetes e2e suite" time="0">
          <skipped></skipped>
      </testcase>
      <testcase name="[sig-storage] In-tree Volumes [Driver: iscsi][Feature:Volumes] [Testpattern: Pre-provisioned PV (xfs)][Slow] volumes should store data" classname="Kubernetes e2e suite" time="0">
          <skipped></skipped>
      </testcase>
      <testcase name="[sig-storage] In-tree Volumes [Driver: local][LocalVolumeType: blockfs] [Testpattern: Dynamic PV (ntfs)][Feature:Windows] provisioning should provision storage with snapshot data source [Feature:VolumeSnapshotDataSource]" classname="Kubernetes e2e suite" time="0">
          <skipped></skipped>
      </testcase>
      <testcase name="[sig-apps] DisruptionController evictions: no PDB =&gt; should allow an eviction" classname="Kubernetes e2e suite" time="0">
          <skipped></skipped>
      </testcase>
      <testcase name="[sig-storage] In-tree Volumes [Driver: hostPath] [Testpattern: Pre-provisioned PV (filesystem volmode)] multiVolume [Slow] should concurrently access the single volume from pods on the same node" classname="Kubernetes e2e suite" time="0">
          <skipped></skipped>
      </testcase>
      <testcase name="[sig-storage] In-tree Volumes [Driver: emptydir] [Testpattern: Inline-volume (ext4)] volumes should store data" classname="Kubernetes e2e suite" time="0">
          <skipped></skipped>
      </testcase>
      <testcase name="[sig-storage] Storage Policy Based Volume Provisioning [Feature:vsphere] verify VSAN storage capability with invalid diskStripes value is not honored for dynamically provisioned pvc using storageclass" classname="Kubernetes e2e suite" time="0">
          <skipped></skipped>
      </testcase>
      <testcase name="[sig-storage] CSI Volumes [Driver: csi-hostpath] [Testpattern: Dynamic PV (xfs)][Slow] multiVolume [Slow] should concurrently access the volume and restored snapshot from pods on the same node [LinuxOnly][Feature:VolumeSnapshotDataSource][Feature:VolumeSourceXFS]" classname="Kubernetes e2e suite" time="0">
          <skipped></skipped>
      </testcase>
      <testcase name="[sig-storage] In-tree Volumes [Driver: local][LocalVolumeType: dir-link] [Testpattern: Pre-provisioned PV (block volmode)] multiVolume [Slow] should concurrently access the volume and its clone from pods on the same node [LinuxOnly][Feature:VolumeSnapshotDataSource][Feature:VolumeSourceXFS]" classname="Kubernetes e2e suite" time="0">
          <skipped></skipped>
      </testcase>
      <testcase name="[sig-storage] Dynamic Provisioning DynamicProvisioner Default should create and delete default persistent volumes [Slow]" classname="Kubernetes e2e suite" time="0">
          <skipped></skipped>
      </testcase>
      <testcase name="[sig-storage] CSI mock volume CSI Volume expansion should expand volume without restarting pod if nodeExpansion=off" classname="Kubernetes e2e suite" time="0">
          <skipped></skipped>
      </testcase>
      <testcase name="[sig-storage] In-tree Volumes [Driver: aws] [Testpattern: Inline-volume (default fs)] subPath should support restarting containers using directory as subpath [Slow]" classname="Kubernetes e2e suite" time="0">
          <skipped></skipped>
      </testcase>
      <testcase name="[sig-storage] CSI Volumes [Driver: csi-hostpath] [Testpattern: Dynamic PV (ntfs)][Feature:Windows] provisioning should provision storage with mount options" classname="Kubernetes e2e suite" time="0">
          <skipped></skipped>
      </testcase>
      <testcase name="[sig-storage] In-tree Volumes [Driver: gcepd] [Testpattern: Dynamic PV (delayed binding)] topology should fail to schedule a pod which has topologies that conflict with AllowedTopologies" classname="Kubernetes e2e suite" time="0">
          <skipped></skipped>
      </testcase>
      <testcase name="[sig-storage] In-tree Volumes [Driver: rbd][Feature:Volumes][Serial] [Testpattern: Inline-volume (xfs)][Slow] volumes should store data" classname="Kubernetes e2e suite" time="0">
          <skipped></skipped>
      </testcase>
      <testcase name="[sig-storage] HostPathType Socket [Slow] Should be able to mount socket &#39;asocket&#39; successfully when HostPathType is HostPathSocket" classname="Kubernetes e2e suite" time="0">
          <skipped></skipped>
      </testcase>
      <testcase name="[sig-storage] In-tree Volumes [Driver: hostPath] [Testpattern: Dynamic PV (ntfs)][Feature:Windows] subPath should support non-existent path" classname="Kubernetes e2e suite" time="0">
          <skipped></skipped>
      </testcase>
      <testcase name="[sig-storage] In-tree Volumes [Driver: nfs] [Testpattern: Pre-provisioned PV (ext4)] volumes should allow exec of files on the volume" classname="Kubernetes e2e suite" time="0">
          <skipped></skipped>
      </testcase>
      <testcase name="[sig-storage] In-tree Volumes [Driver: gluster] [Testpattern: Dynamic PV (block volmode)] disruptive[Disruptive][LinuxOnly] Should test that pv used in a pod that is deleted while the kubelet is down cleans up when the kubelet returns." classname="Kubernetes e2e suite" time="0">
          <skipped></skipped>
      </testcase>
      <testcase name="[sig-storage] In-tree Volumes [Driver: nfs] [Testpattern: Dynamic PV (ext4)] multiVolume [Slow] should concurrently access the single read-only volume from pods on the same node" classname="Kubernetes e2e suite" time="0">
          <skipped></skipped>
      </testcase>
      <testcase name="[sig-storage] CSI mock volume CSI online volume expansion should expand volume without restarting pod if attach=off, nodeExpansion=on" classname="Kubernetes e2e suite" time="0">
          <skipped></skipped>
      </testcase>
      <testcase name="[sig-storage] In-tree Volumes [Driver: local][LocalVolumeType: dir-bindmounted] [Testpattern: Dynamic PV (ext4)] multiVolume [Slow] should concurrently access the volume and its clone from pods on the same node [LinuxOnly][Feature:VolumeSnapshotDataSource][Feature:VolumeSourceXFS]" classname="Kubernetes e2e suite" time="0">
          <skipped></skipped>
      </testcase>
      <testcase name="[sig-storage] In-tree Volumes [Driver: windows-gcepd] [Testpattern: Inline-volume (ext4)] volumes should allow exec of files on the volume" classname="Kubernetes e2e suite" time="0">
          <skipped></skipped>
      </testcase>
      <testcase name="[sig-storage] CSI Volumes [Driver: csi-hostpath] [Testpattern: Dynamic PV (default fs)] provisioning should provision storage with mount options" classname="Kubernetes e2e suite" time="0">
          <skipped></skipped>
      </testcase>
      <testcase name="[sig-storage] In-tree Volumes [Driver: ceph][Feature:Volumes][Serial] [Testpattern: Dynamic PV (default fs)] subPath should support readOnly directory specified in the volumeMount" classname="Kubernetes e2e suite" time="0">
          <skipped></skipped>
      </testcase>
      <testcase name="[sig-storage] Projected downwardAPI should provide node allocatable (cpu) as default cpu limit if the limit is not set [NodeConformance] [Conformance]" classname="Kubernetes e2e suite" time="8.377793748"></testcase>
      <testcase name="[sig-storage] In-tree Volumes [Driver: azure-disk] [Testpattern: Dynamic PV (block volmode)] multiVolume [Slow] should concurrently access the single volume from pods on the same node" classname="Kubernetes e2e suite" time="0">
          <skipped></skipped>
      </testcase>
      <testcase name="[sig-network] KubeProxy should set TCP CLOSE_WAIT timeout [Privileged]" classname="Kubernetes e2e suite" time="0">
          <skipped></skipped>
      </testcase>
      <testcase name="[sig-storage] In-tree Volumes [Driver: hostPath] [Testpattern: Inline-volume (default fs)] subPath should support file as subpath [LinuxOnly]" classname="Kubernetes e2e suite" time="0">
          <skipped></skipped>
      </testcase>
      <testcase name="[sig-storage] CSI Volumes [Driver: pd.csi.storage.gke.io][Serial] [Testpattern: Dynamic PV (ntfs)][Feature:Windows] subPath should support restarting containers using directory as subpath [Slow]" classname="Kubernetes e2e suite" time="0">
          <skipped></skipped>
      </testcase>
      <testcase name="[sig-storage] In-tree Volumes [Driver: gcepd] [Testpattern: Dynamic PV (ext4)] multiVolume [Slow] should concurrently access the volume and restored snapshot from pods on the same node [LinuxOnly][Feature:VolumeSnapshotDataSource][Feature:VolumeSourceXFS]" classname="Kubernetes e2e suite" time="0">
          <skipped></skipped>
      </testcase>
      <testcase name="[sig-storage] In-tree Volumes [Driver: gluster] [Testpattern: Dynamic PV (block volmode)] multiVolume [Slow] should access to two volumes with different volume mode and retain data across pod recreation on the same node" classname="Kubernetes e2e suite" time="0">
          <skipped></skipped>
      </testcase>
      <testcase name="[sig-storage] CSI Volumes [Driver: csi-hostpath] [Testpattern: Dynamic PV (ntfs)][Feature:Windows] subPath should fail if subpath with backstepping is outside the volume [Slow][LinuxOnly]" classname="Kubernetes e2e suite" time="0">
          <skipped></skipped>
      </testcase>
      <testcase name="[sig-api-machinery] Garbage collector should orphan pods created by rc if delete options say so [Conformance]" classname="Kubernetes e2e suite" time="41.834984843"></testcase>
      <testcase name="[sig-storage] In-tree Volumes [Driver: local][LocalVolumeType: block] [Testpattern: Inline-volume (default fs)] subPath should support readOnly file specified in the volumeMount [LinuxOnly]" classname="Kubernetes e2e suite" time="0">
          <skipped></skipped>
      </testcase>
      <testcase name="[sig-storage] Storage Policy Based Volume Provisioning [Feature:vsphere] verify VSAN storage capability with invalid capability name objectSpaceReserve is not honored for dynamically provisioned pvc using storageclass" classname="Kubernetes e2e suite" time="0">
          <skipped></skipped>
      </testcase>
      <testcase name="[sig-storage] In-tree Volumes [Driver: nfs] [Testpattern: Dynamic PV (filesystem volmode)] multiVolume [Slow] should access to two volumes with the same volume mode and retain data across pod recreation on different node" classname="Kubernetes e2e suite" time="0">
          <skipped></skipped>
      </testcase>
      <testcase name="[sig-node] ConfigMap should be consumable via environment variable [NodeConformance] [Conformance]" classname="Kubernetes e2e suite" time="19.237287012"></testcase>
      <testcase name="[sig-storage] In-tree Volumes [Driver: cinder] [Testpattern: Dynamic PV (ntfs)][Feature:Windows] subPath should verify container cannot write to subpath readonly volumes [Slow]" classname="Kubernetes e2e suite" time="0">
          <skipped></skipped>
      </testcase>
      <testcase name="[sig-storage] In-tree Volumes [Driver: aws] [Testpattern: Dynamic PV (ext4)] volumes should allow exec of files on the volume" classname="Kubernetes e2e suite" time="0">
          <skipped></skipped>
      </testcase>
      <testcase name="[sig-storage] In-tree Volumes [Driver: local][LocalVolumeType: dir] [Testpattern: Inline-volume (default fs)] subPath should support creating multiple subpath from same volumes [Slow]" classname="Kubernetes e2e suite" time="0">
          <skipped></skipped>
      </testcase>
      <testcase name="[sig-storage] In-tree Volumes [Driver: nfs] [Testpattern: Dynamic PV (block volmode)] multiVolume [Slow] should access to two volumes with the same volume mode and retain data across pod recreation on the same node" classname="Kubernetes e2e suite" time="0">
          <skipped></skipped>
      </testcase>
      <testcase name="[sig-storage] CSI Volumes [Driver: csi-hostpath] [Testpattern: Pre-provisioned PV (block volmode)] disruptive[Disruptive][LinuxOnly] Should test that pv used in a pod that is force deleted while the kubelet is down cleans up when the kubelet returns." classname="Kubernetes e2e suite" time="0">
          <skipped></skipped>
      </testcase>
      <testcase name="[sig-storage] Volume Provisioning on Datastore [Feature:vsphere] verify dynamically provisioned pv using storageclass fails on an invalid datastore" classname="Kubernetes e2e suite" time="0">
          <skipped></skipped>
      </testcase>
      <testcase name="[sig-storage] In-tree Volumes [Driver: rbd][Feature:Volumes][Serial] [Testpattern: Dynamic PV (ntfs)][Feature:Windows] provisioning should provision storage with mount options" classname="Kubernetes e2e suite" time="0">
          <skipped></skipped>
      </testcase>
      <testcase name="[sig-storage] In-tree Volumes [Driver: local][LocalVolumeType: block] [Testpattern: Inline-volume (default fs)] subPath should support existing directories when readOnly specified in the volumeSource" classname="Kubernetes e2e suite" time="0">
          <skipped></skipped>
      </testcase>
      <testcase name="[sig-storage] In-tree Volumes [Driver: gluster] [Testpattern: Pre-provisioned PV (block volmode)] disruptive[Disruptive][LinuxOnly] Should test that pv written before kubelet restart is readable after restart." classname="Kubernetes e2e suite" time="0">
          <skipped></skipped>
      </testcase>
      <testcase name="[sig-storage] In-tree Volumes [Driver: aws] [Testpattern: Dynamic PV (default fs)] fsgroupchangepolicy (Always)[LinuxOnly], pod created with an initial fsgroup, new pod fsgroup applied to volume contents" classname="Kubernetes e2e suite" time="0">
          <skipped></skipped>
      </testcase>
      <testcase name="[sig-storage] In-tree Volumes [Driver: local][LocalVolumeType: block] [Testpattern: Dynamic PV (ntfs)][Feature:Windows] subPath should unmount if pod is gracefully deleted while kubelet is down [Disruptive][Slow][LinuxOnly]" classname="Kubernetes e2e suite" time="0">
          <skipped></skipped>
      </testcase>
      <testcase name="[sig-storage] In-tree Volumes [Driver: iscsi][Feature:Volumes] [Testpattern: Dynamic PV (ntfs)][Feature:Windows] subPath should support existing single file [LinuxOnly]" classname="Kubernetes e2e suite" time="0">
          <skipped></skipped>
      </testcase>
      <testcase name="[sig-storage] In-tree Volumes [Driver: gluster] [Testpattern: Dynamic PV (ntfs)][Feature:Windows] volumes should store data" classname="Kubernetes e2e suite" time="0">
          <skipped></skipped>
      </testcase>
      <testcase name="[sig-storage] In-tree Volumes [Driver: local][LocalVolumeType: dir-link-bindmounted] [Testpattern: Dynamic PV (default fs)] subPath should fail if non-existent subpath is outside the volume [Slow][LinuxOnly]" classname="Kubernetes e2e suite" time="0">
          <skipped></skipped>
      </testcase>
      <testcase name="[sig-storage] In-tree Volumes [Driver: local][LocalVolumeType: dir-bindmounted] [Testpattern: Dynamic PV (default fs)] fsgroupchangepolicy (Always)[LinuxOnly], pod created with an initial fsgroup, volume contents ownership changed in first pod, new pod with same fsgroup applied to the volume contents" classname="Kubernetes e2e suite" time="0">
          <skipped></skipped>
      </testcase>
      <testcase name="[sig-storage] In-tree Volumes [Driver: rbd][Feature:Volumes][Serial] [Testpattern: Dynamic PV (block volmode)(allowExpansion)] volume-expand should resize volume when PVC is edited while pod is using it" classname="Kubernetes e2e suite" time="0">
          <skipped></skipped>
      </testcase>
      <testcase name="[sig-storage] In-tree Volumes [Driver: hostPathSymlink] [Testpattern: Dynamic PV (immediate binding)] topology should provision a volume and schedule a pod with AllowedTopologies" classname="Kubernetes e2e suite" time="0">
          <skipped></skipped>
      </testcase>
      <testcase name="[sig-storage] In-tree Volumes [Driver: local][LocalVolumeType: gce-localssd-scsi-fs] [Serial] [Testpattern: Dynamic PV (block volmode)] multiVolume [Slow] should concurrently access the single read-only volume from pods on the same node" classname="Kubernetes e2e suite" time="0">
          <skipped></skipped>
      </testcase>
      <testcase name="[sig-storage] In-tree Volumes [Driver: vsphere] [Testpattern: Dynamic PV (xfs)][Slow] multiVolume [Slow] should access to two volumes with the same volume mode and retain data across pod recreation on different node" classname="Kubernetes e2e suite" time="0">
          <skipped></skipped>
      </testcase>
      <testcase name="[sig-storage] In-tree Volumes [Driver: gcepd] [Testpattern: Inline-volume (default fs)] volumes should allow exec of files on the volume" classname="Kubernetes e2e suite" time="0">
          <skipped></skipped>
      </testcase>
      <testcase name="[sig-storage] In-tree Volumes [Driver: local][LocalVolumeType: blockfs] [Testpattern: Dynamic PV (default fs)] subPath should be able to unmount after the subpath directory is deleted [LinuxOnly]" classname="Kubernetes e2e suite" time="0">
          <skipped></skipped>
      </testcase>
      <testcase name="[sig-storage] In-tree Volumes [Driver: ceph][Feature:Volumes][Serial] [Testpattern: Pre-provisioned PV (block volmode)] disruptive[Disruptive][LinuxOnly] Should test that pv used in a pod that is deleted while the kubelet is down cleans up when the kubelet returns." classname="Kubernetes e2e suite" time="0">
          <skipped></skipped>
      </testcase>
      <testcase name="[sig-storage] In-tree Volumes [Driver: rbd][Feature:Volumes][Serial] [Testpattern: Pre-provisioned PV (default fs)] subPath should unmount if pod is gracefully deleted while kubelet is down [Disruptive][Slow][LinuxOnly]" classname="Kubernetes e2e suite" time="0">
          <skipped></skipped>
      </testcase>
      <testcase name="[sig-network] Networking should provider Internet connection for containers using DNS [Feature:Networking-DNS]" classname="Kubernetes e2e suite" time="0">
          <skipped></skipped>
      </testcase>
      <testcase name="[sig-storage] In-tree Volumes [Driver: local][LocalVolumeType: dir-link] [Testpattern: Dynamic PV (default fs)] subPath should support readOnly directory specified in the volumeMount" classname="Kubernetes e2e suite" time="0">
          <skipped></skipped>
      </testcase>
      <testcase name="[sig-storage] In-tree Volumes [Driver: hostPathSymlink] [Testpattern: Dynamic PV (block volmode)] provisioning should provision storage with pvc data source in parallel [Slow]" classname="Kubernetes e2e suite" time="0">
          <skipped></skipped>
      </testcase>
      <testcase name="[sig-storage] In-tree Volumes [Driver: vsphere] [Testpattern: Dynamic PV (filesystem volmode)] multiVolume [Slow] should concurrently access the single volume from pods on the same node" classname="Kubernetes e2e suite" time="0">
          <skipped></skipped>
      </testcase>
      <testcase name="[sig-storage] In-tree Volumes [Driver: gcepd] [Testpattern: Dynamic PV (ext3)] volumes should allow exec of files on the volume" classname="Kubernetes e2e suite" time="0">
          <skipped></skipped>
      </testcase>
      <testcase name="[sig-storage] In-tree Volumes [Driver: gluster] [Testpattern: Dynamic PV (ntfs)][Feature:Windows] subPath should verify container cannot write to subpath readonly volumes [Slow]" classname="Kubernetes e2e suite" time="0">
          <skipped></skipped>
      </testcase>
      <testcase name="[sig-storage] In-tree Volumes [Driver: local][LocalVolumeType: gce-localssd-scsi-fs] [Serial] [Testpattern: Dynamic PV (default fs)] volume-expand should not allow expansion of pvcs without AllowVolumeExpansion property" classname="Kubernetes e2e suite" time="0">
          <skipped></skipped>
      </testcase>
      <testcase name="[sig-storage] In-tree Volumes [Driver: local][LocalVolumeType: tmpfs] [Testpattern: Dynamic PV (filesystem volmode)] multiVolume [Slow] should access to two volumes with the same volume mode and retain data across pod recreation on the same node" classname="Kubernetes e2e suite" time="0">
          <skipped></skipped>
      </testcase>
      <testcase name="[sig-storage] In-tree Volumes [Driver: cinder] [Testpattern: Pre-provisioned PV (block volmode)] disruptive[Disruptive][LinuxOnly] Should test that pv written before kubelet restart is readable after restart." classname="Kubernetes e2e suite" time="0">
          <skipped></skipped>
      </testcase>
      <testcase name="[sig-storage] CSI Volumes [Driver: csi-hostpath] [Testpattern: Dynamic PV (block volmode)] volumes should store data" classname="Kubernetes e2e suite" time="0">
          <skipped></skipped>
      </testcase>
      <testcase name="[sig-api-machinery] CustomResourcePublishOpenAPI [Privileged:ClusterAdmin] works for multiple CRDs of same group but different versions [Conformance]" classname="Kubernetes e2e suite" time="38.028507844"></testcase>
      <testcase name="[sig-storage] In-tree Volumes [Driver: hostPathSymlink] [Testpattern: Dynamic PV (block volmode)] volumeMode should fail to use a volume in a pod with mismatched mode [Slow]" classname="Kubernetes e2e suite" time="0">
          <skipped></skipped>
      </testcase>
      <testcase name="[sig-cli] Kubectl client Simple pod should support exec using resource/name" classname="Kubernetes e2e suite" time="0">
          <skipped></skipped>
      </testcase>
      <testcase name="[sig-storage] In-tree Volumes [Driver: local][LocalVolumeType: dir-bindmounted] [Testpattern: Pre-provisioned PV (default fs)] subPath should support existing single file [LinuxOnly]" classname="Kubernetes e2e suite" time="0">
          <skipped></skipped>
      </testcase>
      <testcase name="[sig-auth] ServiceAccounts should run through the lifecycle of a ServiceAccount [Conformance]" classname="Kubernetes e2e suite" time="0.589127948"></testcase>
      <testcase name="[sig-storage] In-tree Volumes [Driver: gluster] [Testpattern: Dynamic PV (default fs)] volumeIO should write files of various sizes, verify size, validate content [Slow][LinuxOnly]" classname="Kubernetes e2e suite" time="0">
          <skipped></skipped>
      </testcase>
      <testcase name="[sig-storage] CSI Volumes [Driver: pd.csi.storage.gke.io][Serial] [Testpattern: Generic Ephemeral-volume (default fs) (late-binding)] ephemeral should support multiple inline ephemeral volumes" classname="Kubernetes e2e suite" time="0">
          <skipped></skipped>
      </testcase>
      <testcase name="[sig-storage] In-tree Volumes [Driver: local][LocalVolumeType: dir-link-bindmounted] [Testpattern: Inline-volume (default fs)] subPath should support existing directories when readOnly specified in the volumeSource" classname="Kubernetes e2e suite" time="0">
          <skipped></skipped>
      </testcase>
      <testcase name="[sig-storage] In-tree Volumes [Driver: local][LocalVolumeType: tmpfs] [Testpattern: Pre-provisioned PV (filesystem volmode)] multiVolume [Slow] should access to two volumes with different volume mode and retain data across pod recreation on different node" classname="Kubernetes e2e suite" time="0">
          <skipped></skipped>
      </testcase>
      <testcase name="[sig-storage] In-tree Volumes [Driver: local][LocalVolumeType: tmpfs] [Testpattern: Dynamic PV (ntfs)][Feature:Windows] volumes should store data" classname="Kubernetes e2e suite" time="0">
          <skipped></skipped>
      </testcase>
      <testcase name="[sig-storage] In-tree Volumes [Driver: windows-gcepd] [Testpattern: Dynamic PV (ext4)] multiVolume [Slow] should concurrently access the single read-only volume from pods on the same node" classname="Kubernetes e2e suite" time="0">
          <skipped></skipped>
      </testcase>
      <testcase name="[sig-storage] In-tree Volumes [Driver: cinder] [Testpattern: Dynamic PV (block volmode)] multiVolume [Slow] should access to two volumes with the same volume mode and retain data across pod recreation on the same node" classname="Kubernetes e2e suite" time="0">
          <skipped></skipped>
      </testcase>
      <testcase name="[sig-storage] In-tree Volumes [Driver: local][LocalVolumeType: tmpfs] [Testpattern: Inline-volume (default fs)] subPath should be able to unmount after the subpath directory is deleted [LinuxOnly]" classname="Kubernetes e2e suite" time="0">
          <skipped></skipped>
      </testcase>
      <testcase name="[sig-storage] In-tree Volumes [Driver: windows-gcepd] [Testpattern: Inline-volume (default fs)] subPath should support existing directories when readOnly specified in the volumeSource" classname="Kubernetes e2e suite" time="0">
          <skipped></skipped>
      </testcase>
      <testcase name="[sig-storage] In-tree Volumes [Driver: hostPath] [Testpattern: Pre-provisioned PV (filesystem volmode)] multiVolume [Slow] should access to two volumes with different volume mode and retain data across pod recreation on the same node" classname="Kubernetes e2e suite" time="0">
          <skipped></skipped>
      </testcase>
      <testcase name="[sig-storage] In-tree Volumes [Driver: windows-gcepd] [Testpattern: Dynamic PV (default fs)] subPath should support readOnly directory specified in the volumeMount" classname="Kubernetes e2e suite" time="0">
          <skipped></skipped>
      </testcase>
      <testcase name="[sig-storage] In-tree Volumes [Driver: ceph][Feature:Volumes][Serial] [Testpattern: Dynamic PV (ext4)] volumes should allow exec of files on the volume" classname="Kubernetes e2e suite" time="0">
          <skipped></skipped>
      </testcase>
      <testcase name="[sig-storage] In-tree Volumes [Driver: local][LocalVolumeType: dir-bindmounted] [Testpattern: Dynamic PV (default fs)] provisioning should provision storage with pvc data source in parallel [Slow]" classname="Kubernetes e2e suite" time="0">
          <skipped></skipped>
      </testcase>
      <testcase name="[sig-storage] In-tree Volumes [Driver: local][LocalVolumeType: dir-link] [Testpattern: Dynamic PV (block volmode)] multiVolume [Slow] should access to two volumes with different volume mode and retain data across pod recreation on different node" classname="Kubernetes e2e suite" time="0">
          <skipped></skipped>
      </testcase>
      <testcase name="[sig-storage] In-tree Volumes [Driver: local][LocalVolumeType: dir-link] [Testpattern: Dynamic PV (default fs)] subPath should fail if subpath with backstepping is outside the volume [Slow][LinuxOnly]" classname="Kubernetes e2e suite" time="0">
          <skipped></skipped>
      </testcase>
      <testcase name="[sig-storage] In-tree Volumes [Driver: local][LocalVolumeType: tmpfs] [Testpattern: Dynamic PV (ntfs)][Feature:Windows] subPath should fail if subpath file is outside the volume [Slow][LinuxOnly]" classname="Kubernetes e2e suite" time="0">
          <skipped></skipped>
      </testcase>
      <testcase name="[sig-storage] In-tree Volumes [Driver: local][LocalVolumeType: tmpfs] [Testpattern: Dynamic PV (default fs)] fsgroupchangepolicy (Always)[LinuxOnly], pod created with an initial fsgroup, volume contents ownership changed in first pod, new pod with different fsgroup applied to the volume contents" classname="Kubernetes e2e suite" time="0">
          <skipped></skipped>
      </testcase>
      <testcase name="[sig-storage] In-tree Volumes [Driver: local][LocalVolumeType: block] [Testpattern: Inline-volume (default fs)] subPath should support non-existent path" classname="Kubernetes e2e suite" time="0">
          <skipped></skipped>
      </testcase>
      <testcase name="[sig-storage] In-tree Volumes [Driver: local][LocalVolumeType: block] [Testpattern: Pre-provisioned PV (block volmode)] multiVolume [Slow] should concurrently access the single read-only volume from pods on the same node" classname="Kubernetes e2e suite" time="0">
          <skipped></skipped>
      </testcase>
      <testcase name="[sig-storage] In-tree Volumes [Driver: local][LocalVolumeType: tmpfs] [Testpattern: Pre-provisioned PV (default fs)] subPath should fail if subpath with backstepping is outside the volume [Slow][LinuxOnly]" classname="Kubernetes e2e suite" time="0">
          <skipped></skipped>
      </testcase>
      <testcase name="[sig-storage] In-tree Volumes [Driver: iscsi][Feature:Volumes] [Testpattern: Dynamic PV (default fs)] subPath should fail if subpath with backstepping is outside the volume [Slow][LinuxOnly]" classname="Kubernetes e2e suite" time="0">
          <skipped></skipped>
      </testcase>
      <testcase name="[sig-storage] In-tree Volumes [Driver: local][LocalVolumeType: dir-link] [Testpattern: Inline-volume (default fs)] volumes should store data" classname="Kubernetes e2e suite" time="0">
          <skipped></skipped>
      </testcase>
      <testcase name="[sig-storage] In-tree Volumes [Driver: cinder] [Testpattern: Dynamic PV (ntfs)][Feature:Windows] subPath should support existing directory" classname="Kubernetes e2e suite" time="0">
          <skipped></skipped>
      </testcase>
      <testcase name="[sig-storage] In-tree Volumes [Driver: hostPath] [Testpattern: Dynamic PV (ntfs)][Feature:Windows] subPath should fail if subpath with backstepping is outside the volume [Slow][LinuxOnly]" classname="Kubernetes e2e suite" time="0">
          <skipped></skipped>
      </testcase>
      <testcase name="[sig-storage] In-tree Volumes [Driver: local][LocalVolumeType: dir-bindmounted] [Testpattern: Dynamic PV (filesystem volmode)] volumeMode should fail to use a volume in a pod with mismatched mode [Slow]" classname="Kubernetes e2e suite" time="0">
          <skipped></skipped>
      </testcase>
      <testcase name="[sig-storage] Regional PD RegionalPD should provision storage in the allowedTopologies [Slow]" classname="Kubernetes e2e suite" time="0">
          <skipped></skipped>
      </testcase>
      <testcase name="[sig-storage] In-tree Volumes [Driver: cinder] [Testpattern: Pre-provisioned PV (filesystem volmode)] multiVolume [Slow] should access to two volumes with different volume mode and retain data across pod recreation on the same node" classname="Kubernetes e2e suite" time="0">
          <skipped></skipped>
      </testcase>
      <testcase name="[sig-storage] CSI Volumes [Driver: pd.csi.storage.gke.io][Serial] [Testpattern: Inline-volume (default fs)] subPath should fail if subpath directory is outside the volume [Slow][LinuxOnly]" classname="Kubernetes e2e suite" time="0">
          <skipped></skipped>
      </testcase>
      <testcase name="[sig-storage] In-tree Volumes [Driver: hostPath] [Testpattern: Inline-volume (default fs)] subPath should unmount if pod is gracefully deleted while kubelet is down [Disruptive][Slow][LinuxOnly]" classname="Kubernetes e2e suite" time="0">
          <skipped></skipped>
      </testcase>
      <testcase name="[sig-storage] In-tree Volumes [Driver: local][LocalVolumeType: dir-bindmounted] [Testpattern: Dynamic PV (filesystem volmode)] multiVolume [Slow] should concurrently access the single volume from pods on the same node" classname="Kubernetes e2e suite" time="0">
          <skipped></skipped>
      </testcase>
      <testcase name="[sig-storage] In-tree Volumes [Driver: windows-gcepd] [Testpattern: Dynamic PV (default fs)] provisioning should provision storage with mount options" classname="Kubernetes e2e suite" time="0">
          <skipped></skipped>
      </testcase>
      <testcase name="[sig-storage] PersistentVolumes-local  [Volume type: gce-localssd-scsi-fs] [Serial] Set fsGroup for local volume should set different fsGroup for second pod if first pod is deleted" classname="Kubernetes e2e suite" time="0">
          <skipped></skipped>
      </testcase>
      <testcase name="[sig-storage] In-tree Volumes [Driver: local][LocalVolumeType: dir-link] [Testpattern: Dynamic PV (ntfs)][Feature:Windows] volume-expand should not allow expansion of pvcs without AllowVolumeExpansion property" classname="Kubernetes e2e suite" time="0">
          <skipped></skipped>
      </testcase>
      <testcase name="[sig-storage] In-tree Volumes [Driver: local][LocalVolumeType: dir-bindmounted] [Testpattern: Pre-provisioned PV (block volmode)] multiVolume [Slow] should concurrently access the single read-only volume from pods on the same node" classname="Kubernetes e2e suite" time="0">
          <skipped></skipped>
      </testcase>
      <testcase name="[sig-storage] In-tree Volumes [Driver: gluster] [Testpattern: Inline-volume (xfs)][Slow] volumes should store data" classname="Kubernetes e2e suite" time="0">
          <skipped></skipped>
      </testcase>
      <testcase name="[sig-storage] In-tree Volumes [Driver: emptydir] [Testpattern: Dynamic PV (filesystem volmode)] multiVolume [Slow] should concurrently access the volume and restored snapshot from pods on the same node [LinuxOnly][Feature:VolumeSnapshotDataSource][Feature:VolumeSourceXFS]" classname="Kubernetes e2e suite" time="0">
          <skipped></skipped>
      </testcase>
      <testcase name="[sig-storage] In-tree Volumes [Driver: gluster] [Testpattern: Dynamic PV (ntfs)][Feature:Windows] subPath should fail if subpath with backstepping is outside the volume [Slow][LinuxOnly]" classname="Kubernetes e2e suite" time="0">
          <skipped></skipped>
      </testcase>
      <testcase name="[sig-storage] In-tree Volumes [Driver: local][LocalVolumeType: gce-localssd-scsi-fs] [Serial] [Testpattern: Dynamic PV (ext4)] multiVolume [Slow] should access to two volumes with different volume mode and retain data across pod recreation on the same node" classname="Kubernetes e2e suite" time="0">
          <skipped></skipped>
      </testcase>
      <testcase name="[sig-storage] In-tree Volumes [Driver: hostPathSymlink] [Testpattern: Dynamic PV (ntfs)][Feature:Windows] provisioning should provision storage with pvc data source in parallel [Slow]" classname="Kubernetes e2e suite" time="0">
          <skipped></skipped>
      </testcase>
      <testcase name="[sig-storage] In-tree Volumes [Driver: hostPathSymlink] [Testpattern: Dynamic PV (default fs)] volumeIO should write files of various sizes, verify size, validate content [Slow][LinuxOnly]" classname="Kubernetes e2e suite" time="0">
          <skipped></skipped>
      </testcase>
      <testcase name="[sig-storage] In-tree Volumes [Driver: azure-disk] [Testpattern: Dynamic PV (filesystem volmode)] multiVolume [Slow] should access to two volumes with the same volume mode and retain data across pod recreation on the same node" classname="Kubernetes e2e suite" time="0">
          <skipped></skipped>
      </testcase>
      <testcase name="[sig-cli] Kubectl client Kubectl create quota should create a quota with scopes" classname="Kubernetes e2e suite" time="0">
          <skipped></skipped>
      </testcase>
      <testcase name="[sig-storage] In-tree Volumes [Driver: local][LocalVolumeType: dir-bindmounted] [Testpattern: Dynamic PV (ntfs)][Feature:Windows] subPath should support existing directories when readOnly specified in the volumeSource" classname="Kubernetes e2e suite" time="0">
          <skipped></skipped>
      </testcase>
      <testcase name="[sig-storage] [Serial] Volume metrics PVController should create total pv count metrics for with plugin and volume mode labels after creating pv" classname="Kubernetes e2e suite" time="0">
          <skipped></skipped>
      </testcase>
      <testcase name="[sig-storage] In-tree Volumes [Driver: emptydir] [Testpattern: Dynamic PV (ntfs)][Feature:Windows] subPath should verify container cannot write to subpath readonly volumes [Slow]" classname="Kubernetes e2e suite" time="0">
          <skipped></skipped>
      </testcase>
      <testcase name="[sig-node] NoExecuteTaintManager Multiple Pods [Serial] only evicts pods without tolerations from tainted nodes" classname="Kubernetes e2e suite" time="0">
          <skipped></skipped>
      </testcase>
      <testcase name="[sig-storage] In-tree Volumes [Driver: local][LocalVolumeType: dir-link] [Testpattern: Pre-provisioned PV (block volmode)] volumeMode should fail to create pod by failing to mount volume [Slow]" classname="Kubernetes e2e suite" time="0">
          <skipped></skipped>
      </testcase>
      <testcase name="[sig-storage] In-tree Volumes [Driver: vsphere] [Testpattern: Dynamic PV (ext3)] volumes should allow exec of files on the volume" classname="Kubernetes e2e suite" time="0">
          <skipped></skipped>
      </testcase>
      <testcase name="[sig-storage] In-tree Volumes [Driver: vsphere] [Testpattern: Dynamic PV (filesystem volmode)] multiVolume [Slow] should concurrently access the single volume from pods on different node" classname="Kubernetes e2e suite" time="0">
          <skipped></skipped>
      </testcase>
      <testcase name="[sig-storage] CSI Volumes [Driver: pd.csi.storage.gke.io][Serial] [Testpattern: Generic Ephemeral-volume (default fs) (late-binding)] ephemeral should create read-only inline ephemeral volume" classname="Kubernetes e2e suite" time="0">
          <skipped></skipped>
      </testcase>
      <testcase name="[sig-network] Netpol NetworkPolicy between server and client should enforce policy to allow traffic only from a different namespace, based on NamespaceSelector [Feature:NetworkPolicy]" classname="Kubernetes e2e suite" time="0">
          <skipped></skipped>
      </testcase>
      <testcase name="[sig-storage] In-tree Volumes [Driver: local][LocalVolumeType: tmpfs] [Testpattern: Dynamic PV (ext4)] multiVolume [Slow] should access to two volumes with different volume mode and retain data across pod recreation on the same node" classname="Kubernetes e2e suite" time="0">
          <skipped></skipped>
      </testcase>
      <testcase name="[sig-storage] In-tree Volumes [Driver: aws] [Testpattern: Dynamic PV (ext4)] multiVolume [Slow] should concurrently access the single volume from pods on the same node" classname="Kubernetes e2e suite" time="0">
          <skipped></skipped>
      </testcase>
      <testcase name="[sig-storage] In-tree Volumes [Driver: local][LocalVolumeType: block] [Testpattern: Inline-volume (default fs)] subPath should fail if subpath directory is outside the volume [Slow][LinuxOnly]" classname="Kubernetes e2e suite" time="0">
          <skipped></skipped>
      </testcase>
      <testcase name="[sig-storage] In-tree Volumes [Driver: gcepd] [Testpattern: Dynamic PV (ntfs)][Feature:Windows] volumes should allow exec of files on the volume" classname="Kubernetes e2e suite" time="0">
          <skipped></skipped>
      </testcase>
      <testcase name="[sig-storage] In-tree Volumes [Driver: ceph][Feature:Volumes][Serial] [Testpattern: Dynamic PV (default fs)] subPath should support restarting containers using file as subpath [Slow][LinuxOnly]" classname="Kubernetes e2e suite" time="0">
          <skipped></skipped>
      </testcase>
      <testcase name="[sig-apps] Daemon set [Serial] should rollback without unnecessary restarts [Conformance]" classname="Kubernetes e2e suite" time="713.122602481"></testcase>
      <testcase name="[sig-storage] In-tree Volumes [Driver: hostPathSymlink] [Testpattern: Pre-provisioned PV (default fs)] subPath should verify container cannot write to subpath readonly volumes [Slow]" classname="Kubernetes e2e suite" time="0">
          <skipped></skipped>
      </testcase>
      <testcase name="[sig-storage] In-tree Volumes [Driver: local][LocalVolumeType: dir-link] [Testpattern: Dynamic PV (default fs)] fsgroupchangepolicy (OnRootMismatch)[LinuxOnly], pod created with an initial fsgroup, volume contents ownership changed in first pod, new pod with same fsgroup skips ownership changes to the volume contents" classname="Kubernetes e2e suite" time="0">
          <skipped></skipped>
      </testcase>
      <testcase name="[sig-storage] CSI Volumes [Driver: pd.csi.storage.gke.io][Serial] [Testpattern: Inline-volume (default fs)] subPath should support restarting containers using directory as subpath [Slow]" classname="Kubernetes e2e suite" time="0">
          <skipped></skipped>
      </testcase>
      <testcase name="[sig-storage] In-tree Volumes [Driver: cinder] [Testpattern: Pre-provisioned PV (default fs)] subPath should support readOnly file specified in the volumeMount [LinuxOnly]" classname="Kubernetes e2e suite" time="0">
          <skipped></skipped>
      </testcase>
      <testcase name="[sig-storage] In-tree Volumes [Driver: hostPath] [Testpattern: Dynamic PV (ntfs)][Feature:Windows] subPath should support readOnly file specified in the volumeMount [LinuxOnly]" classname="Kubernetes e2e suite" time="0">
          <skipped></skipped>
      </testcase>
      <testcase name="[sig-storage] In-tree Volumes [Driver: hostPath] [Testpattern: Dynamic PV (delayed binding)] topology should provision a volume and schedule a pod with AllowedTopologies" classname="Kubernetes e2e suite" time="0">
          <skipped></skipped>
      </testcase>
      <testcase name="[sig-storage] In-tree Volumes [Driver: gcepd] [Testpattern: Dynamic PV (filesystem volmode)] multiVolume [Slow] should concurrently access the single volume from pods on different node" classname="Kubernetes e2e suite" time="0">
          <skipped></skipped>
      </testcase>
      <testcase name="[sig-storage] In-tree Volumes [Driver: local][LocalVolumeType: block] [Testpattern: Pre-provisioned PV (ext4)] volumes should allow exec of files on the volume" classname="Kubernetes e2e suite" time="0">
          <skipped></skipped>
      </testcase>
      <testcase name="[sig-storage] In-tree Volumes [Driver: vsphere] [Testpattern: Dynamic PV (ntfs)][Feature:Windows] subPath should support readOnly file specified in the volumeMount [LinuxOnly]" classname="Kubernetes e2e suite" time="0">
          <skipped></skipped>
      </testcase>
      <testcase name="[sig-storage] In-tree Volumes [Driver: local][LocalVolumeType: block] [Testpattern: Dynamic PV (filesystem volmode)] multiVolume [Slow] should access to two volumes with the same volume mode and retain data across pod recreation on different node" classname="Kubernetes e2e suite" time="0">
          <skipped></skipped>
      </testcase>
      <testcase name="[sig-storage] In-tree Volumes [Driver: ceph][Feature:Volumes][Serial] [Testpattern: Dynamic PV (delayed binding)] topology should provision a volume and schedule a pod with AllowedTopologies" classname="Kubernetes e2e suite" time="0">
          <skipped></skipped>
      </testcase>
      <testcase name="[sig-storage] In-tree Volumes [Driver: rbd][Feature:Volumes][Serial] [Testpattern: Dynamic PV (default fs)] subPath should unmount if pod is force deleted while kubelet is down [Disruptive][Slow][LinuxOnly]" classname="Kubernetes e2e suite" time="0">
          <skipped></skipped>
      </testcase>
      <testcase name="[sig-storage] In-tree Volumes [Driver: local][LocalVolumeType: block] [Testpattern: Dynamic PV (filesystem volmode)] multiVolume [Slow] should concurrently access the single read-only volume from pods on the same node" classname="Kubernetes e2e suite" time="0">
          <skipped></skipped>
      </testcase>
      <testcase name="[sig-storage] In-tree Volumes [Driver: cinder] [Testpattern: Pre-provisioned PV (filesystem volmode)] multiVolume [Slow] should concurrently access the single read-only volume from pods on the same node" classname="Kubernetes e2e suite" time="0">
          <skipped></skipped>
      </testcase>
      <testcase name="[sig-storage] CSI Volumes [Driver: pd.csi.storage.gke.io][Serial] [Testpattern: Pre-provisioned PV (default fs)] subPath should support existing directories when readOnly specified in the volumeSource" classname="Kubernetes e2e suite" time="0">
          <skipped></skipped>
      </testcase>
      <testcase name="[sig-storage] In-tree Volumes [Driver: local][LocalVolumeType: dir-link-bindmounted] [Testpattern: Dynamic PV (default fs)] subPath should support readOnly file specified in the volumeMount [LinuxOnly]" classname="Kubernetes e2e suite" time="0">
          <skipped></skipped>
      </testcase>
      <testcase name="[sig-storage] In-tree Volumes [Driver: ceph][Feature:Volumes][Serial] [Testpattern: Pre-provisioned PV (default fs)] subPath should support readOnly file specified in the volumeMount [LinuxOnly]" classname="Kubernetes e2e suite" time="0">
          <skipped></skipped>
      </testcase>
      <testcase name="[sig-storage] In-tree Volumes [Driver: aws] [Testpattern: Inline-volume (xfs)][Slow] volumes should allow exec of files on the volume" classname="Kubernetes e2e suite" time="0">
          <skipped></skipped>
      </testcase>
      <testcase name="[sig-storage] In-tree Volumes [Driver: rbd][Feature:Volumes][Serial] [Testpattern: Inline-volume (ext4)] volumes should allow exec of files on the volume" classname="Kubernetes e2e suite" time="0">
          <skipped></skipped>
      </testcase>
      <testcase name="[sig-storage] In-tree Volumes [Driver: local][LocalVolumeType: dir-bindmounted] [Testpattern: Dynamic PV (ntfs)][Feature:Windows] volume-expand should not allow expansion of pvcs without AllowVolumeExpansion property" classname="Kubernetes e2e suite" time="0">
          <skipped></skipped>
      </testcase>
      <testcase name="[sig-storage] In-tree Volumes [Driver: local][LocalVolumeType: tmpfs] [Testpattern: Dynamic PV (block volmode)] multiVolume [Slow] should access to two volumes with different volume mode and retain data across pod recreation on the same node" classname="Kubernetes e2e suite" time="0">
          <skipped></skipped>
      </testcase>
      <testcase name="[sig-storage] CSI Volumes [Driver: csi-hostpath] [Testpattern: Inline-volume (default fs)] subPath should unmount if pod is gracefully deleted while kubelet is down [Disruptive][Slow][LinuxOnly]" classname="Kubernetes e2e suite" time="0">
          <skipped></skipped>
      </testcase>
      <testcase name="[sig-storage] In-tree Volumes [Driver: local][LocalVolumeType: dir-link] [Testpattern: Dynamic PV (ntfs)][Feature:Windows] subPath should unmount if pod is gracefully deleted while kubelet is down [Disruptive][Slow][LinuxOnly]" classname="Kubernetes e2e suite" time="0">
          <skipped></skipped>
      </testcase>
      <testcase name="[sig-storage] In-tree Volumes [Driver: rbd][Feature:Volumes][Serial] [Testpattern: Inline-volume (default fs)] subPath should support readOnly directory specified in the volumeMount" classname="Kubernetes e2e suite" time="0">
          <skipped></skipped>
      </testcase>
      <testcase name="[sig-storage] In-tree Volumes [Driver: local][LocalVolumeType: dir-bindmounted] [Testpattern: Pre-provisioned PV (xfs)][Slow] volumes should store data" classname="Kubernetes e2e suite" time="0">
          <skipped></skipped>
      </testcase>
      <testcase name="[sig-storage] PersistentVolumes-local  [Volume type: dir-link-bindmounted] Two pods mounting a local volume at the same time should be able to write from pod1 and read from pod2" classname="Kubernetes e2e suite" time="0">
          <skipped></skipped>
      </testcase>
      <testcase name="[sig-storage] CSI Volumes [Driver: pd.csi.storage.gke.io][Serial] [Testpattern: Dynamic PV (default fs)] provisioning should provision storage with pvc data source" classname="Kubernetes e2e suite" time="0">
          <skipped></skipped>
      </testcase>
      <testcase name="[sig-storage] In-tree Volumes [Driver: gcepd] [Testpattern: Inline-volume (default fs)] subPath should fail if non-existent subpath is outside the volume [Slow][LinuxOnly]" classname="Kubernetes e2e suite" time="0">
          <skipped></skipped>
      </testcase>
      <testcase name="[sig-storage] In-tree Volumes [Driver: windows-gcepd] [Testpattern: Inline-volume (default fs)] subPath should support existing directory" classname="Kubernetes e2e suite" time="0">
          <skipped></skipped>
      </testcase>
      <testcase name="[sig-api-machinery] Server request timeout the request should be served with a default timeout if the specified timeout in the request URL exceeds maximum allowed" classname="Kubernetes e2e suite" time="0">
          <skipped></skipped>
      </testcase>
      <testcase name="[sig-storage] In-tree Volumes [Driver: cinder] [Testpattern: Dynamic PV (ntfs)(allowExpansion)][Feature:Windows] volume-expand should resize volume when PVC is edited while pod is using it" classname="Kubernetes e2e suite" time="0">
          <skipped></skipped>
      </testcase>
      <testcase name="[sig-storage] In-tree Volumes [Driver: emptydir] [Testpattern: Dynamic PV (block volmode)] provisioning should provision storage with pvc data source" classname="Kubernetes e2e suite" time="0">
          <skipped></skipped>
      </testcase>
      <testcase name="[sig-storage] In-tree Volumes [Driver: hostPathSymlink] [Testpattern: Dynamic PV (ntfs)][Feature:Windows] volume-expand should not allow expansion of pvcs without AllowVolumeExpansion property" classname="Kubernetes e2e suite" time="0">
          <skipped></skipped>
      </testcase>
      <testcase name="[sig-storage] In-tree Volumes [Driver: ceph][Feature:Volumes][Serial] [Testpattern: Inline-volume (default fs)] subPath should be able to unmount after the subpath directory is deleted [LinuxOnly]" classname="Kubernetes e2e suite" time="0">
          <skipped></skipped>
      </testcase>
      <testcase name="[sig-storage] In-tree Volumes [Driver: local][LocalVolumeType: gce-localssd-scsi-fs] [Serial] [Testpattern: Pre-provisioned PV (ext3)] volumes should allow exec of files on the volume" classname="Kubernetes e2e suite" time="0">
          <skipped></skipped>
      </testcase>
      <testcase name="[sig-storage] In-tree Volumes [Driver: local][LocalVolumeType: block] [Testpattern: Dynamic PV (ext4)] volumes should allow exec of files on the volume" classname="Kubernetes e2e suite" time="0">
          <skipped></skipped>
      </testcase>
      <testcase name="[sig-network] Netpol NetworkPolicy between server and client should stop enforcing policies after they are deleted [Feature:NetworkPolicy]" classname="Kubernetes e2e suite" time="0">
          <skipped></skipped>
      </testcase>
      <testcase name="[sig-api-machinery] ResourceQuota should create a ResourceQuota and capture the life of a configMap. [Conformance]" classname="Kubernetes e2e suite" time="28.516429089"></testcase>
      <testcase name="[sig-storage] In-tree Volumes [Driver: azure-disk] [Testpattern: Dynamic PV (default fs)] subPath should support restarting containers using file as subpath [Slow][LinuxOnly]" classname="Kubernetes e2e suite" time="0">
          <skipped></skipped>
      </testcase>
      <testcase name="[sig-storage] CSI mock volume CSIServiceAccountToken token should be plumbed down when csiServiceAccountTokenEnabled=true" classname="Kubernetes e2e suite" time="0">
          <skipped></skipped>
      </testcase>
      <testcase name="[sig-storage] In-tree Volumes [Driver: local][LocalVolumeType: dir-link-bindmounted] [Testpattern: Dynamic PV (ext3)] volumes should store data" classname="Kubernetes e2e suite" time="0">
          <skipped></skipped>
      </testcase>
      <testcase name="[sig-storage] In-tree Volumes [Driver: azure-disk] [Testpattern: Dynamic PV (default fs)] volumes should allow exec of files on the volume" classname="Kubernetes e2e suite" time="0">
          <skipped></skipped>
      </testcase>
      <testcase name="[sig-storage] In-tree Volumes [Driver: cinder] [Testpattern: Dynamic PV (block volmode)(allowExpansion)] volume-expand Verify if offline PVC expansion works" classname="Kubernetes e2e suite" time="0">
          <skipped></skipped>
      </testcase>
      <testcase name="[sig-storage] In-tree Volumes [Driver: rbd][Feature:Volumes][Serial] [Testpattern: Inline-volume (default fs)] subPath should unmount if pod is force deleted while kubelet is down [Disruptive][Slow][LinuxOnly]" classname="Kubernetes e2e suite" time="0">
          <skipped></skipped>
      </testcase>
      <testcase name="[sig-storage] Secrets should be consumable from pods in volume as non-root with defaultMode and fsGroup set [LinuxOnly] [NodeConformance] [Conformance]" classname="Kubernetes e2e suite" time="8.553570621"></testcase>
      <testcase name="[sig-storage] In-tree Volumes [Driver: local][LocalVolumeType: block] [Testpattern: Dynamic PV (block volmode)] volumeMode should not mount / map unused volumes in a pod [LinuxOnly]" classname="Kubernetes e2e suite" time="0">
          <skipped></skipped>
      </testcase>
      <testcase name="[sig-storage] In-tree Volumes [Driver: iscsi][Feature:Volumes] [Testpattern: Dynamic PV (ntfs)][Feature:Windows] provisioning should provision storage with pvc data source in parallel [Slow]" classname="Kubernetes e2e suite" time="0">
          <skipped></skipped>
      </testcase>
      <testcase name="[sig-storage] Volumes ConfigMap should be mountable" classname="Kubernetes e2e suite" time="0">
          <skipped></skipped>
      </testcase>
      <testcase name="[sig-storage] In-tree Volumes [Driver: local][LocalVolumeType: gce-localssd-scsi-fs] [Serial] [Testpattern: Dynamic PV (default fs)] fsgroupchangepolicy (OnRootMismatch)[LinuxOnly], pod created with an initial fsgroup, new pod fsgroup applied to volume contents" classname="Kubernetes e2e suite" time="0">
          <skipped></skipped>
      </testcase>
      <testcase name="[sig-storage] In-tree Volumes [Driver: aws] [Testpattern: Inline-volume (default fs)] subPath should support restarting containers using file as subpath [Slow][LinuxOnly]" classname="Kubernetes e2e suite" time="0">
          <skipped></skipped>
      </testcase>
      <testcase name="[sig-storage] In-tree Volumes [Driver: windows-gcepd] [Testpattern: Pre-provisioned PV (block volmode)] multiVolume [Slow] should access to two volumes with the same volume mode and retain data across pod recreation on different node" classname="Kubernetes e2e suite" time="0">
          <skipped></skipped>
      </testcase>
      <testcase name="[sig-storage] In-tree Volumes [Driver: local][LocalVolumeType: dir] [Testpattern: Dynamic PV (ext4)] multiVolume [Slow] should access to two volumes with different volume mode and retain data across pod recreation on different node" classname="Kubernetes e2e suite" time="0">
          <skipped></skipped>
      </testcase>
      <testcase name="[sig-apps] ReplicaSet should list and delete a collection of ReplicaSets [Conformance]" classname="Kubernetes e2e suite" time="9.343753675"></testcase>
      <testcase name="[sig-storage] In-tree Volumes [Driver: azure-disk] [Testpattern: Dynamic PV (default fs)] subPath should fail if subpath file is outside the volume [Slow][LinuxOnly]" classname="Kubernetes e2e suite" time="0">
          <skipped></skipped>
      </testcase>
      <testcase name="[sig-storage] In-tree Volumes [Driver: local][LocalVolumeType: blockfs] [Testpattern: Pre-provisioned PV (default fs)] subPath should fail if subpath with backstepping is outside the volume [Slow][LinuxOnly]" classname="Kubernetes e2e suite" time="0">
          <skipped></skipped>
      </testcase>
      <testcase name="[sig-network] Networking Granular Checks: Pods should function for node-pod communication: udp [LinuxOnly] [NodeConformance] [Conformance]" classname="Kubernetes e2e suite" time="207.86243696"></testcase>
      <testcase name="[sig-storage] CSI Volumes [Driver: csi-hostpath] [Testpattern: Pre-provisioned PV (default fs)] subPath should fail if subpath directory is outside the volume [Slow][LinuxOnly]" classname="Kubernetes e2e suite" time="0">
          <skipped></skipped>
      </testcase>
      <testcase name="[sig-storage] In-tree Volumes [Driver: gcepd] [Testpattern: Pre-provisioned PV (default fs)] volumes should store data" classname="Kubernetes e2e suite" time="0">
          <skipped></skipped>
      </testcase>
      <testcase name="[sig-storage] In-tree Volumes [Driver: gcepd] [Testpattern: Dynamic PV (ntfs)][Feature:Windows] subPath should unmount if pod is force deleted while kubelet is down [Disruptive][Slow][LinuxOnly]" classname="Kubernetes e2e suite" time="0">
          <skipped></skipped>
      </testcase>
      <testcase name="[sig-storage] Zone Support [Feature:vsphere] Verify a pod is created and attached to a dynamically created PV, based on the allowed zones and storage policy specified in storage class" classname="Kubernetes e2e suite" time="0">
          <skipped></skipped>
      </testcase>
      <testcase name="[sig-storage] In-tree Volumes [Driver: windows-gcepd] [Testpattern: Dynamic PV (default fs)(allowExpansion)] volume-expand should resize volume when PVC is edited while pod is using it" classname="Kubernetes e2e suite" time="0">
          <skipped></skipped>
      </testcase>
      <testcase name="[sig-node] Kubelet [Serial] [Slow] experimental resource usage tracking [Feature:ExperimentalResourceUsageTracking] resource tracking for 100 pods per node" classname="Kubernetes e2e suite" time="0">
          <skipped></skipped>
      </testcase>
      <testcase name="[sig-storage] CSI Volumes [Driver: csi-hostpath] [Testpattern: Dynamic PV (default fs)] subPath should be able to unmount after the subpath directory is deleted [LinuxOnly]" classname="Kubernetes e2e suite" time="0">
          <skipped></skipped>
      </testcase>
      <testcase name="[sig-network] Services should have session affinity work for NodePort service [LinuxOnly] [Conformance]" classname="Kubernetes e2e suite" time="28.631293866">
          <failure type="Failure">/workspace/src/k8s.io/kubernetes/_output/dockerized/go/src/k8s.io/kubernetes/test/e2e/framework/framework.go:630&#xA;Jul 24 12:34:45.976: Unexpected error:&#xA;    &lt;*errors.errorString | 0xc0036e9b50&gt;: {&#xA;        s: &#34;out-of-range nodePort (19857) for service&#34;,&#xA;    }&#xA;    out-of-range nodePort (19857) for service&#xA;occurred&#xA;/workspace/src/k8s.io/kubernetes/_output/dockerized/go/src/k8s.io/kubernetes/test/e2e/network/service.go:2926</failure>
          <system-out>[BeforeEach] [sig-network] Services&#xA;  /workspace/src/k8s.io/kubernetes/_output/dockerized/go/src/k8s.io/kubernetes/test/e2e/framework/framework.go:185&#xA;STEP: Creating a kubernetes client&#xA;Jul 24 12:34:23.497: INFO: &gt;&gt;&gt; kubeConfig: /tmp/kubeconfig-821373319&#xA;STEP: Building a namespace api object, basename services&#xA;STEP: Waiting for a default service account to be provisioned in namespace&#xA;[BeforeEach] [sig-network] Services&#xA;  /workspace/src/k8s.io/kubernetes/_output/dockerized/go/src/k8s.io/kubernetes/test/e2e/network/service.go:749&#xA;[It] should have session affinity work for NodePort service [LinuxOnly] [Conformance]&#xA;  /workspace/src/k8s.io/kubernetes/_output/dockerized/go/src/k8s.io/kubernetes/test/e2e/framework/framework.go:630&#xA;STEP: creating service in namespace services-9723&#xA;STEP: creating service affinity-nodeport in namespace services-9723&#xA;STEP: creating replication controller affinity-nodeport in namespace services-9723&#xA;Jul 24 12:34:35.889: INFO: Creating new exec pod&#xA;Jul 24 12:34:45.942: FAIL: Unexpected error:&#xA;    &lt;*errors.errorString | 0xc0036e9b50&gt;: {&#xA;        s: &#34;out-of-range nodePort (19857) for service&#34;,&#xA;    }&#xA;    out-of-range nodePort (19857) for service&#xA;occurred&#xA;&#xA;Full Stack Trace&#xA;k8s.io/kubernetes/test/e2e/network.execAffinityTestForNonLBServiceWithOptionalTransition(0xc000fbf4a0, 0x79ac4c8, 0xc00138e6e0, 0xc001592c80, 0x0)&#xA;&#x9;/workspace/src/k8s.io/kubernetes/_output/dockerized/go/src/k8s.io/kubernetes/test/e2e/network/service.go:2926 +0x625&#xA;k8s.io/kubernetes/test/e2e/network.execAffinityTestForNonLBService(...)&#xA;&#x9;/workspace/src/k8s.io/kubernetes/_output/dockerized/go/src/k8s.io/kubernetes/test/e2e/network/service.go:2881&#xA;k8s.io/kubernetes/test/e2e/network.glob..func24.25()&#xA;&#x9;/workspace/src/k8s.io/kubernetes/_output/dockerized/go/src/k8s.io/kubernetes/test/e2e/network/service.go:1850 +0xa5&#xA;k8s.io/kubernetes/test/e2e.RunE2ETests(0xc0005db200)&#xA;&#x9;_output/dockerized/go/src/k8s.io/kubernetes/test/e2e/e2e.go:130 +0x36c&#xA;k8s.io/kubernetes/test/e2e.TestE2E(0xc0005db200)&#xA;&#x9;_output/dockerized/go/src/k8s.io/kubernetes/test/e2e/e2e_test.go:136 +0x2b&#xA;testing.tRunner(0xc0005db200, 0x72d52f0)&#xA;&#x9;/usr/local/go/src/testing/testing.go:1193 +0xef&#xA;created by testing.(*T).Run&#xA;&#x9;/usr/local/go/src/testing/testing.go:1238 +0x2b3&#xA;Jul 24 12:34:45.977: INFO: Cleaning up the exec pod&#xA;STEP: deleting ReplicationController affinity-nodeport in namespace services-9723, will wait for the garbage collector to delete the pods&#xA;Jul 24 12:34:46.189: INFO: Deleting ReplicationController affinity-nodeport took: 6.7463ms&#xA;Jul 24 12:34:46.290: INFO: Terminating ReplicationController affinity-nodeport pods took: 101.564953ms&#xA;[AfterEach] [sig-network] Services&#xA;  /workspace/src/k8s.io/kubernetes/_output/dockerized/go/src/k8s.io/kubernetes/test/e2e/framework/framework.go:186&#xA;STEP: Collecting events from namespace &#34;services-9723&#34;.&#xA;STEP: Found 24 events.&#xA;Jul 24 12:34:51.765: INFO: At 2022-07-24 12:34:23 +0000 UTC - event for affinity-nodeport: {replication-controller } SuccessfulCreate: Created pod: affinity-nodeport-hlwqs&#xA;Jul 24 12:34:51.765: INFO: At 2022-07-24 12:34:23 +0000 UTC - event for affinity-nodeport: {replication-controller } SuccessfulCreate: Created pod: affinity-nodeport-2j2bf&#xA;Jul 24 12:34:51.765: INFO: At 2022-07-24 12:34:23 +0000 UTC - event for affinity-nodeport: {replication-controller } SuccessfulCreate: Created pod: affinity-nodeport-bnd5x&#xA;Jul 24 12:34:51.765: INFO: At 2022-07-24 12:34:23 +0000 UTC - event for affinity-nodeport-2j2bf: {default-scheduler } Scheduled: Successfully assigned services-9723/affinity-nodeport-2j2bf to kubernetes-node-02&#xA;Jul 24 12:34:51.765: INFO: At 2022-07-24 12:34:23 +0000 UTC - event for affinity-nodeport-bnd5x: {default-scheduler } Scheduled: Successfully assigned services-9723/affinity-nodeport-bnd5x to kubernetes-node-01&#xA;Jul 24 12:34:51.765: INFO: At 2022-07-24 12:34:23 +0000 UTC - event for affinity-nodeport-hlwqs: {default-scheduler } Scheduled: Successfully assigned services-9723/affinity-nodeport-hlwqs to kubernetes-node-02&#xA;Jul 24 12:34:51.765: INFO: At 2022-07-24 12:34:27 +0000 UTC - event for affinity-nodeport-bnd5x: {kubelet kubernetes-node-01} Pulled: Container image &#34;k8s.gcr.io/e2e-test-images/agnhost:2.32&#34; already present on machine&#xA;Jul 24 12:34:51.765: INFO: At 2022-07-24 12:34:28 +0000 UTC - event for affinity-nodeport-2j2bf: {kubelet kubernetes-node-02} Pulled: Container image &#34;k8s.gcr.io/e2e-test-images/agnhost:2.32&#34; already present on machine&#xA;Jul 24 12:34:51.765: INFO: At 2022-07-24 12:34:30 +0000 UTC - event for affinity-nodeport-bnd5x: {kubelet kubernetes-node-01} Created: Created container affinity-nodeport&#xA;Jul 24 12:34:51.765: INFO: At 2022-07-24 12:34:30 +0000 UTC - event for affinity-nodeport-bnd5x: {kubelet kubernetes-node-01} Started: Started container affinity-nodeport&#xA;Jul 24 12:34:51.765: INFO: At 2022-07-24 12:34:31 +0000 UTC - event for affinity-nodeport-hlwqs: {kubelet kubernetes-node-02} Pulled: Container image &#34;k8s.gcr.io/e2e-test-images/agnhost:2.32&#34; already present on machine&#xA;Jul 24 12:34:51.765: INFO: At 2022-07-24 12:34:32 +0000 UTC - event for affinity-nodeport-2j2bf: {kubelet kubernetes-node-02} Created: Created container affinity-nodeport&#xA;Jul 24 12:34:51.765: INFO: At 2022-07-24 12:34:34 +0000 UTC - event for affinity-nodeport-2j2bf: {kubelet kubernetes-node-02} Started: Started container affinity-nodeport&#xA;Jul 24 12:34:51.765: INFO: At 2022-07-24 12:34:34 +0000 UTC - event for affinity-nodeport-hlwqs: {kubelet kubernetes-node-02} Started: Started container affinity-nodeport&#xA;Jul 24 12:34:51.765: INFO: At 2022-07-24 12:34:34 +0000 UTC - event for affinity-nodeport-hlwqs: {kubelet kubernetes-node-02} Created: Created container affinity-nodeport&#xA;Jul 24 12:34:51.765: INFO: At 2022-07-24 12:34:35 +0000 UTC - event for execpod-affinityxgc2f: {default-scheduler } Scheduled: Successfully assigned services-9723/execpod-affinityxgc2f to kubernetes-node-01&#xA;Jul 24 12:34:51.765: INFO: At 2022-07-24 12:34:42 +0000 UTC - event for execpod-affinityxgc2f: {kubelet kubernetes-node-01} Pulled: Container image &#34;k8s.gcr.io/e2e-test-images/agnhost:2.32&#34; already present on machine&#xA;Jul 24 12:34:51.765: INFO: At 2022-07-24 12:34:44 +0000 UTC - event for execpod-affinityxgc2f: {kubelet kubernetes-node-01} Created: Created container agnhost-container&#xA;Jul 24 12:34:51.765: INFO: At 2022-07-24 12:34:44 +0000 UTC - event for execpod-affinityxgc2f: {kubelet kubernetes-node-01} Started: Started container agnhost-container&#xA;Jul 24 12:34:51.765: INFO: At 2022-07-24 12:34:46 +0000 UTC - event for affinity-nodeport: {endpoint-controller } FailedToUpdateEndpoint: Failed to update endpoint services-9723/affinity-nodeport: Operation cannot be fulfilled on endpoints &#34;affinity-nodeport&#34;: the object has been modified; please apply your changes to the latest version and try again&#xA;Jul 24 12:34:51.765: INFO: At 2022-07-24 12:34:46 +0000 UTC - event for affinity-nodeport-2j2bf: {kubelet kubernetes-node-02} Killing: Stopping container affinity-nodeport&#xA;Jul 24 12:34:51.765: INFO: At 2022-07-24 12:34:46 +0000 UTC - event for affinity-nodeport-bnd5x: {kubelet kubernetes-node-01} Killing: Stopping container affinity-nodeport&#xA;Jul 24 12:34:51.765: INFO: At 2022-07-24 12:34:46 +0000 UTC - event for affinity-nodeport-hlwqs: {kubelet kubernetes-node-02} Killing: Stopping container affinity-nodeport&#xA;Jul 24 12:34:51.765: INFO: At 2022-07-24 12:34:47 +0000 UTC - event for execpod-affinityxgc2f: {kubelet kubernetes-node-01} Killing: Stopping container agnhost-container&#xA;Jul 24 12:34:51.822: INFO: POD  NODE  PHASE  GRACE  CONDITIONS&#xA;Jul 24 12:34:51.822: INFO: &#xA;Jul 24 12:34:51.825: INFO: &#xA;Logging node info for node k8s-node03&#xA;Jul 24 12:34:51.827: INFO: Node Info: &amp;Node{ObjectMeta:{k8s-node03    f005bf71-6041-45da-927c-72c442c8be97 5679366 0 2022-07-05 02:22:15 +0000 UTC &lt;nil&gt; &lt;nil&gt; map[beta.kubernetes.io/arch:amd64 beta.kubernetes.io/os:linux kubernetes.io/arch:amd64 kubernetes.io/hostname:k8s-node03 kubernetes.io/os:linux] map[flannel.alpha.coreos.com/backend-data:{&#34;VNI&#34;:1,&#34;VtepMAC&#34;:&#34;6a:72:10:8f:24:03&#34;} flannel.alpha.coreos.com/backend-type:vxlan flannel.alpha.coreos.com/kube-subnet-manager:true flannel.alpha.coreos.com/public-ip:192.168.132.213 kubeadm.alpha.kubernetes.io/cri-socket:/var/run/dockershim.sock node.alpha.kubernetes.io/ttl:0 volumes.kubernetes.io/controller-managed-attach-detach:true] [] []  [{kubelet Update v1 2022-07-05 02:22:15 +0000 UTC FieldsV1 {&#34;f:metadata&#34;:{&#34;f:annotations&#34;:{&#34;.&#34;:{},&#34;f:volumes.kubernetes.io/controller-managed-attach-detach&#34;:{}},&#34;f:labels&#34;:{&#34;.&#34;:{},&#34;f:beta.kubernetes.io/arch&#34;:{},&#34;f:beta.kubernetes.io/os&#34;:{},&#34;f:kubernetes.io/arch&#34;:{},&#34;f:kubernetes.io/hostname&#34;:{},&#34;f:kubernetes.io/os&#34;:{}}}} } {kubeadm Update v1 2022-07-05 02:22:20 +0000 UTC FieldsV1 {&#34;f:metadata&#34;:{&#34;f:annotations&#34;:{&#34;f:kubeadm.alpha.kubernetes.io/cri-socket&#34;:{}}}} } {flanneld Update v1 2022-07-05 02:25:35 +0000 UTC FieldsV1 {&#34;f:metadata&#34;:{&#34;f:annotations&#34;:{&#34;f:flannel.alpha.coreos.com/backend-data&#34;:{},&#34;f:flannel.alpha.coreos.com/backend-type&#34;:{},&#34;f:flannel.alpha.coreos.com/kube-subnet-manager&#34;:{},&#34;f:flannel.alpha.coreos.com/public-ip&#34;:{}}},&#34;f:status&#34;:{&#34;f:conditions&#34;:{&#34;k:{\&#34;type\&#34;:\&#34;NetworkUnavailable\&#34;}&#34;:{&#34;.&#34;:{},&#34;f:lastHeartbeatTime&#34;:{},&#34;f:lastTransitionTime&#34;:{},&#34;f:message&#34;:{},&#34;f:reason&#34;:{},&#34;f:status&#34;:{},&#34;f:type&#34;:{}}}}} status} {e2e.test Update v1 2022-07-24 11:57:52 +0000 UTC FieldsV1 {&#34;f:status&#34;:{&#34;f:capacity&#34;:{&#34;f:example.com/fakecpu&#34;:{},&#34;f:scheduling.k8s.io/foo&#34;:{}}}} status} {kubelet Update v1 2022-07-24 11:57:58 +0000 UTC FieldsV1 {&#34;f:status&#34;:{&#34;f:allocatable&#34;:{&#34;f:ephemeral-storage&#34;:{},&#34;f:example.com/fakecpu&#34;:{},&#34;f:scheduling.k8s.io/foo&#34;:{}},&#34;f:capacity&#34;:{&#34;f:ephemeral-storage&#34;:{}},&#34;f:conditions&#34;:{&#34;k:{\&#34;type\&#34;:\&#34;DiskPressure\&#34;}&#34;:{&#34;f:lastHeartbeatTime&#34;:{}},&#34;k:{\&#34;type\&#34;:\&#34;MemoryPressure\&#34;}&#34;:{&#34;f:lastHeartbeatTime&#34;:{}},&#34;k:{\&#34;type\&#34;:\&#34;PIDPressure\&#34;}&#34;:{&#34;f:lastHeartbeatTime&#34;:{}},&#34;k:{\&#34;type\&#34;:\&#34;Ready\&#34;}&#34;:{&#34;f:lastHeartbeatTime&#34;:{},&#34;f:lastTransitionTime&#34;:{},&#34;f:message&#34;:{},&#34;f:reason&#34;:{},&#34;f:status&#34;:{}}},&#34;f:images&#34;:{}}} status} {kube-controller-manager Update v1 2022-07-24 12:31:11 +0000 UTC FieldsV1 {&#34;f:metadata&#34;:{&#34;f:annotations&#34;:{&#34;f:node.alpha.kubernetes.io/ttl&#34;:{}}},&#34;f:spec&#34;:{&#34;f:podCIDR&#34;:{},&#34;f:podCIDRs&#34;:{&#34;.&#34;:{},&#34;v:\&#34;10.244.1.0/24\&#34;&#34;:{}}}} }]},Spec:NodeSpec{PodCIDR:10.244.1.0/24,DoNotUseExternalID:,ProviderID:,Unschedulable:false,Taints:[]Taint{},ConfigSource:nil,PodCIDRs:[10.244.1.0/24],},Status:NodeStatus{Capacity:ResourceList{cpu: {{8 0} {&lt;nil&gt;} 8 DecimalSI},ephemeral-storage: {{209930366976 0} {&lt;nil&gt;} 205010124Ki BinarySI},example.com/fakecpu: {{1 3} {&lt;nil&gt;} 1k DecimalSI},hugepages-1Gi: {{0 0} {&lt;nil&gt;} 0 DecimalSI},hugepages-2Mi: {{0 0} {&lt;nil&gt;} 0 DecimalSI},memory: {{16656281600 0} {&lt;nil&gt;} 16265900Ki BinarySI},pods: {{110 0} {&lt;nil&gt;} 110 DecimalSI},scheduling.k8s.io/foo: {{5 0} {&lt;nil&gt;} 5 DecimalSI},},Allocatable:ResourceList{cpu: {{8 0} {&lt;nil&gt;} 8 DecimalSI},ephemeral-storage: {{188937329966 0} {&lt;nil&gt;} 188937329966 DecimalSI},example.com/fakecpu: {{1 3} {&lt;nil&gt;} 1k DecimalSI},hugepages-1Gi: {{0 0} {&lt;nil&gt;} 0 DecimalSI},hugepages-2Mi: {{0 0} {&lt;nil&gt;} 0 DecimalSI},memory: {{16551424000 0} {&lt;nil&gt;} 16163500Ki BinarySI},pods: {{110 0} {&lt;nil&gt;} 110 DecimalSI},scheduling.k8s.io/foo: {{5 0} {&lt;nil&gt;} 5 DecimalSI},},Phase:,Conditions:[]NodeCondition{NodeCondition{Type:NetworkUnavailable,Status:False,LastHeartbeatTime:2022-07-10 14:28:16 +0000 UTC,LastTransitionTime:2022-07-10 14:28:16 +0000 UTC,Reason:FlannelIsUp,Message:Flannel is running on this node,},NodeCondition{Type:MemoryPressure,Status:False,LastHeartbeatTime:2022-07-24 12:33:16 +0000 UTC,LastTransitionTime:2022-07-05 02:22:48 +0000 UTC,Reason:KubeletHasSufficientMemory,Message:kubelet has sufficient memory available,},NodeCondition{Type:DiskPressure,Status:False,LastHeartbeatTime:2022-07-24 12:33:16 +0000 UTC,LastTransitionTime:2022-07-05 02:22:48 +0000 UTC,Reason:KubeletHasNoDiskPressure,Message:kubelet has no disk pressure,},NodeCondition{Type:PIDPressure,Status:False,LastHeartbeatTime:2022-07-24 12:33:16 +0000 UTC,LastTransitionTime:2022-07-05 02:22:48 +0000 UTC,Reason:KubeletHasSufficientPID,Message:kubelet has sufficient PID available,},NodeCondition{Type:Ready,Status:True,LastHeartbeatTime:2022-07-24 12:33:16 +0000 UTC,LastTransitionTime:2022-07-24 12:33:16 +0000 UTC,Reason:KubeletReady,Message:kubelet is posting ready status,},},Addresses:[]NodeAddress{NodeAddress{Type:InternalIP,Address:192.168.132.213,},NodeAddress{Type:Hostname,Address:k8s-node03,},},DaemonEndpoints:NodeDaemonEndpoints{KubeletEndpoint:DaemonEndpoint{Port:10250,},},NodeInfo:NodeSystemInfo{MachineID:5c4f44645c224c32b2e13018f4b1e6fe,SystemUUID:363F4D56-1C03-892D-B6DD-88BC8E04D266,BootID:cd76da84-f7b8-4e6c-b632-bf887a8547ba,KernelVersion:3.10.0-1160.el7.x86_64,OSImage:CentOS Linux 7 (Core),ContainerRuntimeVersion:docker://20.10.12,KubeletVersion:v1.22.3,KubeProxyVersion:v1.22.3,OperatingSystem:linux,Architecture:amd64,},Images:[]ContainerImage{ContainerImage{Names:[k8s.gcr.io/e2e-test-images/cuda-vector-add:2.2],SizeBytes:2579956550,},ContainerImage{Names:[k8s.gcr.io/e2e-test-images/cuda-vector-add:1.0],SizeBytes:2047006036,},ContainerImage{Names:[gcr.io/kubernetes-e2e-test-images/cuda-vector-add:1.0],SizeBytes:2016942040,},ContainerImage{Names:[registry.cn-qingdao.aliyuncs.com/metersphere/seleniarm-grid-all:4.1.4-20220519],SizeBytes:1904652549,},ContainerImage{Names:[k8s.gcr.io/e2e-test-images/node-perf/tf-wide-deep:1.1],SizeBytes:1631128450,},ContainerImage{Names:[harbor.moresec.cn/ksp/webshell_srv@sha256:52331f042d9b722692b7d1e7d39bad602f0755a948b8a439b4a27c4c0fae045f harbor.moresec.cn/ksp/webshell_srv:2.2.0 harbor.moresec.cn/ksp/webshell_srv:latest],SizeBytes:981080070,},ContainerImage{Names:[golang@sha256:e06c83493ef6d69c95018da90f2887bf337470db074d3c648b8b648d8e3c441e golang:latest],SizeBytes:940801393,},ContainerImage{Names:[k8s.gcr.io/e2e-test-images/perl:5.26],SizeBytes:853225645,},ContainerImage{Names:[k8s.gcr.io/e2e-test-images/volume/rbd:1.0.3],SizeBytes:751897580,},ContainerImage{Names:[istio/examples-bookinfo-reviews-v1@sha256:d1b8447be70549f1f7303f266d88c16112e2695cc110603fdb1c8ee432a627bf istio/examples-bookinfo-reviews-v1:1.16.2],SizeBytes:693666078,},ContainerImage{Names:[docker-dev.moresec.cn:10443/ksp/sc_worker@sha256:3a05b8285428e9559bc9cf50da00e8239dac3c86882dce41965debd7ec996362 harbor.moresec.cn/sca_k8s/sc_worker@sha256:3a05b8285428e9559bc9cf50da00e8239dac3c86882dce41965debd7ec996362 docker-dev.moresec.cn:10443/ksp/sc_worker:1.2.4 harbor.moresec.cn/sca_k8s/sc_worker:1.2.4],SizeBytes:649910709,},ContainerImage{Names:[docker-dev.moresec.cn:10443/ksp/ksp_init@sha256:9e658148b745bcc5131d6f68e0d2d7388c27faf5bc861b13e8272fdaeb4408b1 docker-dev.moresec.cn:10443/ksp/ksp_init:2.1.0],SizeBytes:628261780,},ContainerImage{Names:[registry.cn-qingdao.aliyuncs.com/metersphere/metersphere:v1.20.6-lts],SizeBytes:610265209,},ContainerImage{Names:[harbor.moresec.cn/ksp/ksp_agent@sha256:c1932469dedf0835e9ad565f029513d9c0d005811f0832bfb7b661f7483ac72c],SizeBytes:602699860,},ContainerImage{Names:[docker-dev.moresec.cn:10443/ksp/ksp_agent@sha256:5334579fdffbc7898576b6fa09dee2011dafdc9b1fc0fa3f4856fb5c4ae4930b docker-dev.moresec.cn:10443/ksp/ksp_agent:latest],SizeBytes:602398865,},ContainerImage{Names:[registry.cn-qingdao.aliyuncs.com/metersphere/kafka:2],SizeBytes:584842926,},ContainerImage{Names:[docker-dev.moresec.cn:10443/ksp/kafka@sha256:33751847bde5c37fe0f329b73ed12ee92eeb27783035d91b03ffdb93c3e6fb65 docker-dev.moresec.cn:10443/ksp/kafka:2.8.1],SizeBytes:584811800,},ContainerImage{Names:[registry.cn-qingdao.aliyuncs.com/metersphere/jmeter-master:5.4.3-ms6-jdk11],SizeBytes:575005331,},ContainerImage{Names:[kennethreitz/httpbin@sha256:599fe5e5073102dbb0ee3dbb65f049dab44fa9fc251f6835c9990f8fb196a72b kennethreitz/httpbin:latest],SizeBytes:533651313,},ContainerImage{Names:[registry.cn-qingdao.aliyuncs.com/metersphere/ms-node-controller:v1.20.6-lts],SizeBytes:530934282,},ContainerImage{Names:[bitnami/fluentd@sha256:573b98fb93057d1fd484724253d445f76dfbf1b3f68816b0414e75e07d84dfb4 harbor.moresec.cn/ksp/fluentd@sha256:573b98fb93057d1fd484724253d445f76dfbf1b3f68816b0414e75e07d84dfb4 bitnami/fluentd:1.14.2-debian-10-r9 harbor.moresec.cn/ksp/fluentd:1.14.2-debian-10-r9],SizeBytes:508732919,},ContainerImage{Names:[harbor.moresec.cn/ksp/ksp_agent@sha256:f96a653e88fcf5b71a82e603da3ace5e774c9dd4e37dcdfc7a1db3ce87267245 harbor.moresec.cn/ksp/ksp_agent:latest],SizeBytes:495969065,},ContainerImage{Names:[harbor.moresec.cn/ksp/ksp_agent@sha256:62d75a6961ee50b7bbea1eeb9a835b8809fbf868cda8ea7e30c57a871fe36ae4],SizeBytes:495943489,},ContainerImage{Names:[harbor.moresec.cn/ksp/ksp_agent@sha256:4244293c22c6871d040fd67f559b8d44a93291a5c83c8f8ebb541fdb077fbc77],SizeBytes:495920142,},ContainerImage{Names:[harbor.moresec.cn/ksp/ksp_agent@sha256:fcc1e1c17304da836dad3777e003799b77df4b754168079b43b23e7dfd8e2921],SizeBytes:495919990,},ContainerImage{Names:[docker-dev.moresec.cn:10443/ksp/ksp_agent@sha256:36abcc9dd9a4fd2ee9cc6a7332df5e906d9d785e8100e7cc252fa18880c9bf3f docker-dev.moresec.cn:10443/ksp/ksp_agent:2.1.0],SizeBytes:491617343,},ContainerImage{Names:[docker-dev.moresec.cn:10443/ksp/ksp_agent@sha256:70debd6986cfcb0361a0220aa9a3df8f74f3ab7cd097450bfedeb1d1f125021e docker-dev.moresec.cn:10443/ksp/ksp_agent:debug],SizeBytes:491553819,},ContainerImage{Names:[tomcat@sha256:8ba062f472d7dbde11458d257f3a251af89c38bf96f0b9b60683ff440491cb5c tomcat:8],SizeBytes:481266517,},ContainerImage{Names:[192.168.132.114/iast/iast@sha256:d70b9b55f733826235411c55b7da72d79ad3981653665b0fcd9cfd8c2375d795 192.168.132.114/iast/iast:latest],SizeBytes:479554901,},ContainerImage{Names:[docker-dev.moresec.cn:10443/ksp/influxdb@sha256:4d688fb9837fcfb84ac4cdd65215e06c2c98cac743ffbbddde8a735d4ef1f707 docker-dev.moresec.cn:10443/ksp/influxdb:2.0.9-debian-10-r5],SizeBytes:468207544,},ContainerImage{Names:[docker-dev.moresec.cn:10443/ksp/zookeeper@sha256:3f077ee4e6b2ff601c2344b1bd007e752ad3ca66550eaf41604e290a02bb92c7 docker-dev.moresec.cn:10443/ksp/zookeeper:3.7.0-debian-10-r68],SizeBytes:468025553,},ContainerImage{Names:[docker-dev.moresec.cn:10443/ksp/zookeeper@sha256:48d32c70549cdddb608dea0b66ce3d9472e20794cf295a6c32df0c37df3a14c1 docker-dev.moresec.cn:10443/ksp/zookeeper:3.6.3],SizeBytes:467282205,},ContainerImage{Names:[harbor.moresec.cn/ksp/mongodb@sha256:fd56fed5a87feb1a9f18e7d31362518a30b7a31fa053e0d6faca281e223d75ce harbor.moresec.cn/ksp/mongodb:4.4.5-debian-10-r0],SizeBytes:453660053,},ContainerImage{Names:[registry.cn-qingdao.aliyuncs.com/metersphere/zookeeper:3],SizeBytes:450669889,},ContainerImage{Names:[jenkins/inbound-agent@sha256:fd03ca26dbc0745eef54d0919df1f4d030d0bb5da8befaad84bd22f649f1e26b jenkins/inbound-agent:4.11-1-jdk8],SizeBytes:449034389,},ContainerImage{Names:[registry.cn-qingdao.aliyuncs.com/metersphere/mysql:5.7.33],SizeBytes:448709496,},ContainerImage{Names:[harbor.moresec.cn/ksp/sav_service@sha256:1cded1904d167b240f4821e7bc63745478991000e7715d5c4eecc134c25bb8ad harbor.moresec.cn/ksp/sav_service:2.2.0 harbor.moresec.cn/ksp/sav_service:latest],SizeBytes:434790033,},ContainerImage{Names:[harbor.moresec.cn/ksp/ksp_agent@sha256:0fa5495795843bd5d69156d87b2d1c8ba34758af85fcd472ec6ad0daba56fe26],SizeBytes:433527765,},ContainerImage{Names:[harbor.moresec.cn/ksp/ksp_agent@sha256:7fc828e5732309187da20a9a025a142f8229f04087601a9fad119c3724ab6e92 harbor.moresec.cn/ksp/ksp_agent:2.2.0],SizeBytes:433527765,},ContainerImage{Names:[harbor.moresec.cn/ksp/ksp_agent@sha256:b6455a0f39f08b39b5ee701bbcfb11edb8484478bfe44f30a3a48f041ea504b1],SizeBytes:433527765,},ContainerImage{Names:[k8s.gcr.io/e2e-test-images/volume/iscsi:2.2],SizeBytes:414158129,},ContainerImage{Names:[k8s.gcr.io/sig-storage/nfs-provisioner:v2.2.2],SizeBytes:391702539,},ContainerImage{Names:[docker-dev.moresec.cn:10443/ksp/ksp_agent@sha256:fee3f2661f343139839f62ece13d4749d6f6d03aa748ce4467c7ed97eeca36ed docker-dev.moresec.cn:10443/ksp/ksp_agent:1.4.1],SizeBytes:391574036,},ContainerImage{Names:[kubesphere/ks-installer@sha256:749f1ed10c672ae460f79932553ac5ba321b98df972b778041dc2cc7402dd478 kubesphere/ks-installer:v3.2.1],SizeBytes:383453543,},ContainerImage{Names:[k8s.gcr.io/e2e-test-images/glusterdynamic-provisioner:v1.0],SizeBytes:373269502,},ContainerImage{Names:[k8s.gcr.io/e2e-test-images/volume/gluster:1.2],SizeBytes:340272046,},ContainerImage{Names:[bitnami/fluentd@sha256:1929a66b95c98cc074242933b9367e1194724c5e7019d0c9738523ab6af8f097 bitnami/fluentd:latest],SizeBytes:339523678,},ContainerImage{Names:[sonobuoy/systemd-logs:v0.4],SizeBytes:314068873,},ContainerImage{Names:[registry.cn-qingdao.aliyuncs.com/metersphere/ms-data-streaming:v1.20.6-lts],SizeBytes:306751358,},ContainerImage{Names:[docker-dev.moresec.cn:10443/ksp/mysql@sha256:1a52fad24c8d9c47d9563773bf2fd6618cab64a2e7054a32c62d7ff83047d432 docker-dev.moresec.cn:10443/ksp/mysql:5.7.34],SizeBytes:296256317,},},VolumesInUse:[],VolumesAttached:[]AttachedVolume{},Config:nil,},}&#xA;Jul 24 12:34:51.828: INFO: &#xA;Logging kubelet events for node k8s-node03&#xA;Jul 24 12:34:51.830: INFO: &#xA;Logging pods the kubelet thinks is on node k8s-node03&#xA;Jul 24 12:34:51.870: INFO: gatekeeper-controller-manager-6566df6878-tsd9p started at 2022-07-20 02:40:21 +0000 UTC (0+1 container statuses recorded)&#xA;Jul 24 12:34:51.870: INFO: &#x9;Container manager ready: true, restart count 0&#xA;Jul 24 12:34:51.870: INFO: ubuntu-deployment-docker-sock-f7dc65cf-bh4cm started at 2022-07-15 07:29:35 +0000 UTC (0+1 container statuses recorded)&#xA;Jul 24 12:34:51.870: INFO: &#x9;Container ubuntu-docker-sock ready: true, restart count 0&#xA;Jul 24 12:34:51.870: INFO: ksp-web-6544f958bf-kg5jx started at 2022-07-20 02:40:22 +0000 UTC (0+1 container statuses recorded)&#xA;Jul 24 12:34:51.870: INFO: &#x9;Container web ready: true, restart count 0&#xA;Jul 24 12:34:51.870: INFO: mytomcat-bb7b6978b-4strb started at 2022-07-14 09:47:13 +0000 UTC (0+1 container statuses recorded)&#xA;Jul 24 12:34:51.870: INFO: &#x9;Container mytomcat ready: true, restart count 0&#xA;Jul 24 12:34:51.870: INFO: static-web started at 2022-07-12 05:43:17 +0000 UTC (0+1 container statuses recorded)&#xA;Jul 24 12:34:51.870: INFO: &#x9;Container web ready: true, restart count 0&#xA;Jul 24 12:34:51.870: INFO: ksp-cluster-agent-7fb968c996-fxb7g started at 2022-07-20 11:56:22 +0000 UTC (0+1 container statuses recorded)&#xA;Jul 24 12:34:51.870: INFO: &#x9;Container cluster-agent ready: true, restart count 11&#xA;Jul 24 12:34:51.870: INFO: mytomcat-bb7b6978b-b7mp4 started at 2022-07-14 09:47:13 +0000 UTC (0+1 container statuses recorded)&#xA;Jul 24 12:34:51.870: INFO: &#x9;Container mytomcat ready: true, restart count 0&#xA;Jul 24 12:34:51.870: INFO: mytomcat-bb7b6978b-g9tgt started at 2022-07-14 09:47:13 +0000 UTC (0+1 container statuses recorded)&#xA;Jul 24 12:34:51.870: INFO: &#x9;Container mytomcat ready: true, restart count 0&#xA;Jul 24 12:34:51.870: INFO: mytomcat-bb7b6978b-9p9m7 started at 2022-07-14 09:47:13 +0000 UTC (0+1 container statuses recorded)&#xA;Jul 24 12:34:51.870: INFO: &#x9;Container mytomcat ready: true, restart count 0&#xA;Jul 24 12:34:51.870: INFO: ksp-mongodb-0 started at 2022-07-10 14:28:11 +0000 UTC (0+1 container statuses recorded)&#xA;Jul 24 12:34:51.870: INFO: &#x9;Container mongodb ready: true, restart count 0&#xA;Jul 24 12:34:51.870: INFO: sonobuoy-systemd-logs-daemon-set-bb55de94825d4876-wswjk started at 2022-07-24 11:16:54 +0000 UTC (0+2 container statuses recorded)&#xA;Jul 24 12:34:51.870: INFO: &#x9;Container sonobuoy-worker ready: true, restart count 0&#xA;Jul 24 12:34:51.870: INFO: &#x9;Container systemd-logs ready: true, restart count 0&#xA;Jul 24 12:34:51.870: INFO: netserver-0 started at 2022-07-24 12:31:59 +0000 UTC (0+1 container statuses recorded)&#xA;Jul 24 12:34:51.870: INFO: &#x9;Container webserver ready: true, restart count 0&#xA;Jul 24 12:34:51.870: INFO: node-exporter-f9m2n started at 2022-07-08 03:28:45 +0000 UTC (0+2 container statuses recorded)&#xA;Jul 24 12:34:51.870: INFO: &#x9;Container kube-rbac-proxy ready: true, restart count 0&#xA;Jul 24 12:34:51.870: INFO: &#x9;Container node-exporter ready: true, restart count 0&#xA;Jul 24 12:34:51.870: INFO: mytomcat-bb7b6978b-55lfk started at 2022-07-14 09:47:13 +0000 UTC (0+1 container statuses recorded)&#xA;Jul 24 12:34:51.870: INFO: &#x9;Container mytomcat ready: true, restart count 0&#xA;Jul 24 12:34:51.870: INFO: nginx-deployment-66b6c48dd5-2kksf started at 2022-07-20 02:40:22 +0000 UTC (0+1 container statuses recorded)&#xA;Jul 24 12:34:51.870: INFO: &#x9;Container nginx ready: true, restart count 0&#xA;Jul 24 12:34:51.870: INFO: ksp-account-647659d74f-vq9lh started at 2022-07-20 02:40:23 +0000 UTC (0+2 container statuses recorded)&#xA;Jul 24 12:34:51.870: INFO: &#x9;Container account-gateway ready: true, restart count 0&#xA;Jul 24 12:34:51.870: INFO: &#x9;Container account-server ready: true, restart count 0&#xA;Jul 24 12:34:51.870: INFO: kube-proxy-wr6vf started at 2022-07-05 02:22:49 +0000 UTC (0+1 container statuses recorded)&#xA;Jul 24 12:34:51.870: INFO: &#x9;Container kube-proxy ready: true, restart count 0&#xA;Jul 24 12:34:51.870: INFO: ksp-cluster-manager-67476c9b6c-7slls started at 2022-07-20 02:40:20 +0000 UTC (0+1 container statuses recorded)&#xA;Jul 24 12:34:51.870: INFO: &#x9;Container cluster-manager ready: true, restart count 8&#xA;Jul 24 12:34:51.870: INFO: metrics-server-687cb5444-nsqpc started at 2022-07-20 02:40:22 +0000 UTC (0+1 container statuses recorded)&#xA;Jul 24 12:34:51.870: INFO: &#x9;Container metrics-server ready: true, restart count 3&#xA;Jul 24 12:34:51.870: INFO: ksp-gateway-5d5784b6ff-jdwgp started at 2022-07-20 11:56:20 +0000 UTC (0+1 container statuses recorded)&#xA;Jul 24 12:34:51.870: INFO: &#x9;Container gateway ready: true, restart count 7&#xA;Jul 24 12:34:51.870: INFO: kube-flannel-ds-9bdvn started at 2022-07-10 14:28:10 +0000 UTC (2+1 container statuses recorded)&#xA;Jul 24 12:34:51.870: INFO: &#x9;Init container install-cni-plugin ready: true, restart count 0&#xA;Jul 24 12:34:51.870: INFO: &#x9;Init container install-cni ready: true, restart count 0&#xA;Jul 24 12:34:51.870: INFO: &#x9;Container kube-flannel ready: true, restart count 0&#xA;Jul 24 12:34:51.870: INFO: ksp-image-scanner-855f89657c-2gr9n started at 2022-07-18 06:47:00 +0000 UTC (0+3 container statuses recorded)&#xA;Jul 24 12:34:51.870: INFO: &#x9;Container image-scanner ready: true, restart count 0&#xA;Jul 24 12:34:51.870: INFO: &#x9;Container sav-service ready: true, restart count 0&#xA;Jul 24 12:34:51.870: INFO: &#x9;Container webshell-srv ready: true, restart count 0&#xA;Jul 24 12:34:51.932: INFO: &#xA;Latency metrics for node k8s-node03&#xA;Jul 24 12:34:51.932: INFO: &#xA;Logging node info for node kubernetes-master&#xA;Jul 24 12:34:51.935: INFO: Node Info: &amp;Node{ObjectMeta:{kubernetes-master    3aced625-2825-4266-8394-8b39739b3fbd 5679498 0 2022-07-05 02:21:30 +0000 UTC &lt;nil&gt; &lt;nil&gt; map[beta.kubernetes.io/arch:amd64 beta.kubernetes.io/os:linux kubernetes.io/arch:amd64 kubernetes.io/hostname:kubernetes-master kubernetes.io/os:linux node-role.kubernetes.io/control-plane: node-role.kubernetes.io/master: node.kubernetes.io/exclude-from-external-load-balancers:] map[flannel.alpha.coreos.com/backend-data:{&#34;VNI&#34;:1,&#34;VtepMAC&#34;:&#34;5e:f9:56:8e:68:51&#34;} flannel.alpha.coreos.com/backend-type:vxlan flannel.alpha.coreos.com/kube-subnet-manager:true flannel.alpha.coreos.com/public-ip:192.168.132.10 kubeadm.alpha.kubernetes.io/cri-socket:/var/run/dockershim.sock node.alpha.kubernetes.io/ttl:0 volumes.kubernetes.io/controller-managed-attach-detach:true] [] []  [{kubelet Update v1 2022-07-05 02:21:30 +0000 UTC FieldsV1 {&#34;f:metadata&#34;:{&#34;f:annotations&#34;:{&#34;.&#34;:{},&#34;f:volumes.kubernetes.io/controller-managed-attach-detach&#34;:{}},&#34;f:labels&#34;:{&#34;.&#34;:{},&#34;f:beta.kubernetes.io/arch&#34;:{},&#34;f:beta.kubernetes.io/os&#34;:{},&#34;f:kubernetes.io/arch&#34;:{},&#34;f:kubernetes.io/hostname&#34;:{},&#34;f:kubernetes.io/os&#34;:{}}}} } {kubeadm Update v1 2022-07-05 02:21:36 +0000 UTC FieldsV1 {&#34;f:metadata&#34;:{&#34;f:annotations&#34;:{&#34;f:kubeadm.alpha.kubernetes.io/cri-socket&#34;:{}},&#34;f:labels&#34;:{&#34;f:node-role.kubernetes.io/control-plane&#34;:{},&#34;f:node-role.kubernetes.io/master&#34;:{},&#34;f:node.kubernetes.io/exclude-from-external-load-balancers&#34;:{}}}} } {flanneld Update v1 2022-07-05 02:25:44 +0000 UTC FieldsV1 {&#34;f:metadata&#34;:{&#34;f:annotations&#34;:{&#34;f:flannel.alpha.coreos.com/backend-data&#34;:{},&#34;f:flannel.alpha.coreos.com/backend-type&#34;:{},&#34;f:flannel.alpha.coreos.com/kube-subnet-manager&#34;:{},&#34;f:flannel.alpha.coreos.com/public-ip&#34;:{}}},&#34;f:status&#34;:{&#34;f:conditions&#34;:{&#34;k:{\&#34;type\&#34;:\&#34;NetworkUnavailable\&#34;}&#34;:{&#34;.&#34;:{},&#34;f:lastHeartbeatTime&#34;:{},&#34;f:lastTransitionTime&#34;:{},&#34;f:message&#34;:{},&#34;f:reason&#34;:{},&#34;f:status&#34;:{},&#34;f:type&#34;:{}}}}} status} {kube-controller-manager Update v1 2022-07-05 02:25:51 +0000 UTC FieldsV1 {&#34;f:metadata&#34;:{&#34;f:annotations&#34;:{&#34;f:node.alpha.kubernetes.io/ttl&#34;:{}}},&#34;f:spec&#34;:{&#34;f:podCIDR&#34;:{},&#34;f:podCIDRs&#34;:{&#34;.&#34;:{},&#34;v:\&#34;10.244.0.0/24\&#34;&#34;:{}},&#34;f:taints&#34;:{}}} } {kubelet Update v1 2022-07-06 11:03:09 +0000 UTC FieldsV1 {&#34;f:status&#34;:{&#34;f:allocatable&#34;:{&#34;f:ephemeral-storage&#34;:{}},&#34;f:conditions&#34;:{&#34;k:{\&#34;type\&#34;:\&#34;DiskPressure\&#34;}&#34;:{&#34;f:lastHeartbeatTime&#34;:{},&#34;f:lastTransitionTime&#34;:{},&#34;f:message&#34;:{},&#34;f:reason&#34;:{},&#34;f:status&#34;:{}},&#34;k:{\&#34;type\&#34;:\&#34;MemoryPressure\&#34;}&#34;:{&#34;f:lastHeartbeatTime&#34;:{}},&#34;k:{\&#34;type\&#34;:\&#34;PIDPressure\&#34;}&#34;:{&#34;f:lastHeartbeatTime&#34;:{}},&#34;k:{\&#34;type\&#34;:\&#34;Ready\&#34;}&#34;:{&#34;f:lastHeartbeatTime&#34;:{},&#34;f:lastTransitionTime&#34;:{},&#34;f:message&#34;:{},&#34;f:reason&#34;:{},&#34;f:status&#34;:{}}},&#34;f:images&#34;:{}}} status}]},Spec:NodeSpec{PodCIDR:10.244.0.0/24,DoNotUseExternalID:,ProviderID:,Unschedulable:false,Taints:[]Taint{Taint{Key:node-role.kubernetes.io/master,Value:,Effect:NoSchedule,TimeAdded:&lt;nil&gt;,},},ConfigSource:nil,PodCIDRs:[10.244.0.0/24],},Status:NodeStatus{Capacity:ResourceList{cpu: {{8 0} {&lt;nil&gt;} 8 DecimalSI},ephemeral-storage: {{64393052160 0} {&lt;nil&gt;} 61410Mi BinarySI},hugepages-1Gi: {{0 0} {&lt;nil&gt;} 0 DecimalSI},hugepages-2Mi: {{0 0} {&lt;nil&gt;} 0 DecimalSI},memory: {{16363429888 0} {&lt;nil&gt;}  BinarySI},pods: {{110 0} {&lt;nil&gt;} 110 DecimalSI},},Allocatable:ResourceList{cpu: {{8 0} {&lt;nil&gt;} 8 DecimalSI},ephemeral-storage: {{57953746849 0} {&lt;nil&gt;} 57953746849 DecimalSI},hugepages-1Gi: {{0 0} {&lt;nil&gt;} 0 DecimalSI},hugepages-2Mi: {{0 0} {&lt;nil&gt;} 0 DecimalSI},memory: {{16258572288 0} {&lt;nil&gt;}  BinarySI},pods: {{110 0} {&lt;nil&gt;} 110 DecimalSI},},Phase:,Conditions:[]NodeCondition{NodeCondition{Type:NetworkUnavailable,Status:False,LastHeartbeatTime:2022-07-20 13:10:37 +0000 UTC,LastTransitionTime:2022-07-20 13:10:37 +0000 UTC,Reason:FlannelIsUp,Message:Flannel is running on this node,},NodeCondition{Type:MemoryPressure,Status:False,LastHeartbeatTime:2022-07-24 12:32:17 +0000 UTC,LastTransitionTime:2022-07-05 02:21:27 +0000 UTC,Reason:KubeletHasSufficientMemory,Message:kubelet has sufficient memory available,},NodeCondition{Type:DiskPressure,Status:False,LastHeartbeatTime:2022-07-24 12:32:17 +0000 UTC,LastTransitionTime:2022-07-20 14:01:09 +0000 UTC,Reason:KubeletHasNoDiskPressure,Message:kubelet has no disk pressure,},NodeCondition{Type:PIDPressure,Status:False,LastHeartbeatTime:2022-07-24 12:32:17 +0000 UTC,LastTransitionTime:2022-07-05 02:21:27 +0000 UTC,Reason:KubeletHasSufficientPID,Message:kubelet has sufficient PID available,},NodeCondition{Type:Ready,Status:True,LastHeartbeatTime:2022-07-24 12:32:17 +0000 UTC,LastTransitionTime:2022-07-05 02:25:51 +0000 UTC,Reason:KubeletReady,Message:kubelet is posting ready status,},},Addresses:[]NodeAddress{NodeAddress{Type:InternalIP,Address:192.168.132.10,},NodeAddress{Type:Hostname,Address:kubernetes-master,},},DaemonEndpoints:NodeDaemonEndpoints{KubeletEndpoint:DaemonEndpoint{Port:10250,},},NodeInfo:NodeSystemInfo{MachineID:fb3827e59f7a404da989f5baad81fd64,SystemUUID:8b0a8320-771a-e911-ad96-a4bf015b202c,BootID:77d5ca0b-5426-4224-bce2-bf7a7e52dec4,KernelVersion:5.4.132-1.el7.elrepo.x86_64,OSImage:CentOS Linux 7 (Core),ContainerRuntimeVersion:docker://20.10.7,KubeletVersion:v1.22.3,KubeProxyVersion:v1.22.3,OperatingSystem:linux,Architecture:amd64,},Images:[]ContainerImage{ContainerImage{Names:[k8s.gcr.io/e2e-test-images/cuda-vector-add:2.2],SizeBytes:2579956550,},ContainerImage{Names:[k8s.gcr.io/e2e-test-images/cuda-vector-add:1.0],SizeBytes:2047006036,},ContainerImage{Names:[k8s.gcr.io/e2e-test-images/node-perf/tf-wide-deep:1.1],SizeBytes:1631128450,},ContainerImage{Names:[rancher/rancher@sha256:f411ee37efa38d7891c11ecdd5c60ca73eb03dcd32296678af808f6b4ecccfff rancher/rancher:latest],SizeBytes:1162893124,},ContainerImage{Names:[k8s.gcr.io/e2e-test-images/perl:5.26],SizeBytes:853225645,},ContainerImage{Names:[k8s.gcr.io/e2e-test-images/volume/rbd:1.0.3],SizeBytes:751897580,},ContainerImage{Names:[mongo@sha256:05678ae4e5e1df9f4b7d89c102fe55b1ef156bb8ba148b156ddb98549f8efe90 mongo:4.4],SizeBytes:438075000,},ContainerImage{Names:[harbor.moresec.cn/ksp/ksp_agent@sha256:430f8d70e0cb67a7925c6d7b4555344c478ab2130274b78e672c8ad9cad7bf2a harbor.moresec.cn/ksp/ksp_agent:laishang],SizeBytes:433318869,},ContainerImage{Names:[k8s.gcr.io/e2e-test-images/volume/iscsi:2.2],SizeBytes:414158129,},ContainerImage{Names:[k8s.gcr.io/sig-storage/nfs-provisioner:v2.2.2],SizeBytes:391702539,},ContainerImage{Names:[k8s.gcr.io/e2e-test-images/glusterdynamic-provisioner:v1.0],SizeBytes:373269502,},ContainerImage{Names:[k8s.gcr.io/e2e-test-images/volume/gluster:1.2],SizeBytes:340272046,},ContainerImage{Names:[sonobuoy/systemd-logs:v0.4],SizeBytes:314068873,},ContainerImage{Names:[192.168.132.114/tmp/evilubuntu@sha256:58336cde8066674f39fba51c804ab7c6c6dce71bf9f98f3f4153fd7fb83a2aaf 192.168.11.148/library/evilubuntu:0.1 192.168.132.114/tmp/evilubuntu:0.1],SizeBytes:305572424,},ContainerImage{Names:[registry.aliyuncs.com/google_containers/etcd@sha256:9ce33ba33d8e738a5b85ed50b5080ac746deceed4a7496c550927a7a19ca3b6d registry.cn-hangzhou.aliyuncs.com/google_containers/etcd@sha256:9ce33ba33d8e738a5b85ed50b5080ac746deceed4a7496c550927a7a19ca3b6d registry.aliyuncs.com/google_containers/etcd:3.5.0-0 registry.cn-hangzhou.aliyuncs.com/google_containers/etcd:3.5.0-0],SizeBytes:294520669,},ContainerImage{Names:[192.168.132.114/revshell/revshell@sha256:9b67dba407ee84b9c44b25000faab4b15234d348853ce5e51a7eb7dcefedcc26],SizeBytes:271797518,},ContainerImage{Names:[192.168.132.114/revshell/revshell@sha256:6d8b31f77b52acd39735757cc52d138f343fc49ea76772d4fac615d6064b5978 192.168.132.114/revshell/revshell:latest revshell:latest],SizeBytes:271797514,},ContainerImage{Names:[192.168.132.114/revshell/listen@sha256:e51b45cdcf6314fabe93ef6b0dda4062713628b951f948aac56154c2e092bd18 192.168.132.114/revshell/listen:latest listen:latest],SizeBytes:271796301,},ContainerImage{Names:[k8s.gcr.io/e2e-test-images/volume/nfs:1.2],SizeBytes:263870626,},ContainerImage{Names:[k8s.gcr.io/etcd:3.4.13-0],SizeBytes:253376083,},ContainerImage{Names:[k8s.gcr.io/e2e-test-images/jessie-dnsutils:1.4],SizeBytes:253346057,},ContainerImage{Names:[k8s.gcr.io/conformance:v1.22.3 registry.k8s.io/conformance:v1.22.3],SizeBytes:246064443,},ContainerImage{Names:[192.168.132.114/process/process@sha256:b08bcadd231b62eba8913d7f9b7ef6a54087fedec3a52607decd86aae014330a 192.168.132.114/process/process:latest process:latest],SizeBytes:231220584,},ContainerImage{Names:[centos@sha256:a27fd8080b517143cbbbab9dfb7c8571c40d67d534bbdee55bd6c473f432b177 centos:centos8 centos:latest],SizeBytes:231219825,},ContainerImage{Names:[192.168.132.114/escape/escape_stop_container@sha256:b6f5f4f397df6aa5efa07d7c33d10c905ed6356f4911492f4e02044727d3ee59 192.168.132.114/escape/escape_stop_container:latest escape_stop_container:latest],SizeBytes:178511418,},ContainerImage{Names:[192.168.132.114/micro/worker@sha256:0c3e148cec3fbf3f62b381f96dcb4b8dcfad7a8d4cf33a91d6c3a8484e156c4c 192.168.132.114/micro/worker:latest worker:latest],SizeBytes:178337313,},ContainerImage{Names:[registry.aliyuncs.com/google_containers/kube-apiserver@sha256:6ee1c59e9c1fb570e7958e267a6993988eaa22448beb70d99de7afb21e862e9d registry.cn-hangzhou.aliyuncs.com/google_containers/kube-apiserver@sha256:6ee1c59e9c1fb570e7958e267a6993988eaa22448beb70d99de7afb21e862e9d registry.aliyuncs.com/google_containers/kube-apiserver:v1.22.3 registry.cn-hangzhou.aliyuncs.com/google_containers/kube-apiserver:v1.22.3],SizeBytes:128278355,},ContainerImage{Names:[k8s.gcr.io/e2e-test-images/httpd:2.4.39-1],SizeBytes:126871615,},ContainerImage{Names:[k8s.gcr.io/e2e-test-images/agnhost:2.32],SizeBytes:125910179,},ContainerImage{Names:[k8s.gcr.io/e2e-test-images/httpd:2.4.38-1],SizeBytes:123774598,},ContainerImage{Names:[registry.aliyuncs.com/google_containers/kube-controller-manager@sha256:e67dbfd3796b7ce04fee80acb52876928c290224a91862c5849c3ab0fa31ca78 registry.cn-hangzhou.aliyuncs.com/google_containers/kube-controller-manager@sha256:e67dbfd3796b7ce04fee80acb52876928c290224a91862c5849c3ab0fa31ca78 registry.aliyuncs.com/google_containers/kube-controller-manager:v1.22.3 registry.cn-hangzhou.aliyuncs.com/google_containers/kube-controller-manager:v1.22.3],SizeBytes:121966693,},ContainerImage{Names:[k8s.gcr.io/e2e-test-images/nautilus:1.4],SizeBytes:121728153,},ContainerImage{Names:[k8s.gcr.io/e2e-test-images/kitten:1.4],SizeBytes:121721689,},ContainerImage{Names:[kubesphere/ks-console@sha256:6ad4af3742c3ac722405fd5749ddfda517916c4da24c50eea3049dea9e9cfeda kubesphere/ks-console:v3.3.0],SizeBytes:117049268,},ContainerImage{Names:[registry.aliyuncs.com/google_containers/kube-proxy@sha256:8d0561b2e5d0ccb9c49a25e7b415bef12637a07a872703dc252c2de3b458fc4f registry.cn-hangzhou.aliyuncs.com/google_containers/kube-proxy@sha256:8d0561b2e5d0ccb9c49a25e7b415bef12637a07a872703dc252c2de3b458fc4f registry.aliyuncs.com/google_containers/kube-proxy:v1.22.3 registry.cn-hangzhou.aliyuncs.com/google_containers/kube-proxy:v1.22.3],SizeBytes:103646205,},ContainerImage{Names:[harbor.moresec.cn/ksp/core@sha256:74f2ff732eeeadb8bf3ad19a2150a3e59657787eed4eb64e39551a8388120f84 harbor.moresec.cn/ksp/core:2.2.0-laishang],SizeBytes:98283749,},ContainerImage{Names:[k8s.gcr.io/e2e-test-images/node-perf/npb-is:1.1],SizeBytes:96376839,},ContainerImage{Names:[k8s.gcr.io/e2e-test-images/node-perf/npb-ep:1.1],SizeBytes:96375039,},ContainerImage{Names:[harbor.moresec.cn/ksp/task_center@sha256:9c3fc80c9b60765fc972d400bf5221f045ca440201d265107eb7dc719b167d1a harbor.moresec.cn/ksp/task_center:2.2.0-laishang],SizeBytes:96134087,},ContainerImage{Names:[ubuntu@sha256:b6b83d3c331794420340093eb706a6f152d9c1fa51b262d9bf34594887c2c7ac ubuntu:latest],SizeBytes:77815548,},ContainerImage{Names:[harbor.moresec.cn/ksp/license@sha256:f3393bf6bf48c974a3376b039405511d33833a13493e2ad7088ea6af9c45c4aa harbor.moresec.cn/ksp/license:2.2.0],SizeBytes:65830591,},ContainerImage{Names:[k8s.gcr.io/prometheus-dummy-exporter:v0.1.0],SizeBytes:64807703,},ContainerImage{Names:[rancher/mirrored-flannelcni-flannel@sha256:9fd7f4932b7193cc5d77a3c5ed303204c8382d3a88ca07540adbf4a3e94dd868 rancher/mirrored-flannelcni-flannel:v0.18.1],SizeBytes:62242473,},ContainerImage{Names:[harbor.moresec.cn/ksp/mentor@sha256:bb7607bd46e113f7c2ddb5a7db81862ee08e95f314f7c0529ed0b092c42bead1 harbor.moresec.cn/ksp/mentor:2.2.0-laishang],SizeBytes:61978773,},ContainerImage{Names:[k8s.gcr.io/build-image/debian-iptables:buster-v1.6.5],SizeBytes:60179159,},ContainerImage{Names:[k8s.gcr.io/sd-dummy-exporter:v0.2.0],SizeBytes:58268777,},ContainerImage{Names:[k8s.gcr.io/e2e-test-images/sample-apiserver:1.17.4],SizeBytes:58167705,},ContainerImage{Names:[registry.aliyuncs.com/google_containers/kube-scheduler@sha256:cac7ea67201a84c00f3e8d9be51877c25fb539055ac404c4a9d2dd4c79d3fdab registry.cn-hangzhou.aliyuncs.com/google_containers/kube-scheduler@sha256:cac7ea67201a84c00f3e8d9be51877c25fb539055ac404c4a9d2dd4c79d3fdab registry.aliyuncs.com/google_containers/kube-scheduler:v1.22.3 registry.cn-hangzhou.aliyuncs.com/google_containers/kube-scheduler:v1.22.3],SizeBytes:52641918,},ContainerImage{Names:[k8s.gcr.io/e2e-test-images/resource-consumer:1.9],SizeBytes:49529921,},ContainerImage{Names:[registry.aliyuncs.com/google_containers/coredns@sha256:6e5a02c21641597998b4be7cb5eb1e7b02c0d8d23cce4dd09f4682d463798890 registry.cn-hangzhou.aliyuncs.com/google_containers/coredns@sha256:6e5a02c21641597998b4be7cb5eb1e7b02c0d8d23cce4dd09f4682d463798890 registry.aliyuncs.com/google_containers/coredns:v1.8.4 registry.cn-hangzhou.aliyuncs.com/google_containers/coredns:v1.8.4],SizeBytes:47541629,},},VolumesInUse:[],VolumesAttached:[]AttachedVolume{},Config:nil,},}&#xA;Jul 24 12:34:51.935: INFO: &#xA;Logging kubelet events for node kubernetes-master&#xA;Jul 24 12:34:51.937: INFO: &#xA;Logging pods the kubelet thinks is on node kubernetes-master&#xA;Jul 24 12:34:51.954: INFO: node-exporter-l9txx started at 2022-07-20 14:02:06 +0000 UTC (0+2 container statuses recorded)&#xA;Jul 24 12:34:51.954: INFO: &#x9;Container kube-rbac-proxy ready: true, restart count 0&#xA;Jul 24 12:34:51.954: INFO: &#x9;Container node-exporter ready: true, restart count 0&#xA;Jul 24 12:34:51.954: INFO: ksp-license-65cc56956f-bdj5b started at 2022-07-21 02:21:43 +0000 UTC (0+2 container statuses recorded)&#xA;Jul 24 12:34:51.954: INFO: &#x9;Container license ready: true, restart count 0&#xA;Jul 24 12:34:51.954: INFO: &#x9;Container msauth ready: true, restart count 0&#xA;Jul 24 12:34:51.954: INFO: kube-proxy-qjfdd started at 2022-07-05 02:21:49 +0000 UTC (0+1 container statuses recorded)&#xA;Jul 24 12:34:51.954: INFO: &#x9;Container kube-proxy ready: true, restart count 2&#xA;Jul 24 12:34:51.954: INFO: kube-controller-manager-kubernetes-master started at 2022-07-05 02:21:38 +0000 UTC (0+1 container statuses recorded)&#xA;Jul 24 12:34:51.954: INFO: &#x9;Container kube-controller-manager ready: true, restart count 7&#xA;Jul 24 12:34:51.954: INFO: etcd-kubernetes-master started at 2022-07-05 02:21:37 +0000 UTC (0+1 container statuses recorded)&#xA;Jul 24 12:34:51.954: INFO: &#x9;Container etcd ready: true, restart count 3&#xA;Jul 24 12:34:51.954: INFO: sonobuoy-systemd-logs-daemon-set-bb55de94825d4876-fz4gp started at 2022-07-24 11:15:36 +0000 UTC (0+2 container statuses recorded)&#xA;Jul 24 12:34:51.954: INFO: &#x9;Container sonobuoy-worker ready: true, restart count 0&#xA;Jul 24 12:34:51.954: INFO: &#x9;Container systemd-logs ready: true, restart count 0&#xA;Jul 24 12:34:51.954: INFO: ks-apiserver-7c8c448bbb-rxf55 started at 2022-07-08 03:25:11 +0000 UTC (0+1 container statuses recorded)&#xA;Jul 24 12:34:51.954: INFO: &#x9;Container ks-apiserver ready: false, restart count 0&#xA;Jul 24 12:34:51.954: INFO: coredns-7f6cbbb7b8-strff started at 2022-07-06 03:11:19 +0000 UTC (0+1 container statuses recorded)&#xA;Jul 24 12:34:51.954: INFO: &#x9;Container coredns ready: true, restart count 2&#xA;Jul 24 12:34:51.954: INFO: ks-console-54bd5bcbc6-p5cvv started at 2022-07-24 10:48:18 +0000 UTC (0+1 container statuses recorded)&#xA;Jul 24 12:34:51.954: INFO: &#x9;Container ks-console ready: true, restart count 0&#xA;Jul 24 12:34:51.954: INFO: ks-controller-manager-bdbb456f4-82fdx started at 2022-07-08 03:25:11 +0000 UTC (0+1 container statuses recorded)&#xA;Jul 24 12:34:51.954: INFO: &#x9;Container ks-controller-manager ready: false, restart count 0&#xA;Jul 24 12:34:51.954: INFO: kube-scheduler-kubernetes-master started at 2022-07-05 02:21:39 +0000 UTC (0+1 container statuses recorded)&#xA;Jul 24 12:34:51.954: INFO: &#x9;Container kube-scheduler ready: true, restart count 7&#xA;Jul 24 12:34:51.954: INFO: kube-apiserver-kubernetes-master started at 2022-07-05 10:11:17 +0000 UTC (0+1 container statuses recorded)&#xA;Jul 24 12:34:51.954: INFO: &#x9;Container kube-apiserver ready: true, restart count 8&#xA;Jul 24 12:34:51.954: INFO: ks-controller-manager-bdbb456f4-wblsj started at 2022-07-15 07:46:52 +0000 UTC (0+1 container statuses recorded)&#xA;Jul 24 12:34:51.954: INFO: &#x9;Container ks-controller-manager ready: false, restart count 1&#xA;Jul 24 12:34:51.954: INFO: coredns-7f6cbbb7b8-kjjzz started at 2022-07-06 03:11:19 +0000 UTC (0+1 container statuses recorded)&#xA;Jul 24 12:34:51.954: INFO: &#x9;Container coredns ready: true, restart count 2&#xA;Jul 24 12:34:51.954: INFO: kube-flannel-ds-7wsql started at 2022-07-05 02:25:29 +0000 UTC (2+1 container statuses recorded)&#xA;Jul 24 12:34:51.954: INFO: &#x9;Init container install-cni-plugin ready: true, restart count 2&#xA;Jul 24 12:34:51.954: INFO: &#x9;Init container install-cni ready: true, restart count 0&#xA;Jul 24 12:34:51.954: INFO: &#x9;Container kube-flannel ready: true, restart count 4&#xA;Jul 24 12:34:51.954: INFO: ks-console-54bd5bcbc6-nwfw2 started at 2022-07-15 07:46:52 +0000 UTC (0+1 container statuses recorded)&#xA;Jul 24 12:34:51.954: INFO: &#x9;Container ks-console ready: false, restart count 0&#xA;Jul 24 12:34:51.954: INFO: ks-console-54bd5bcbc6-t74kc started at 2022-07-08 03:25:11 +0000 UTC (0+1 container statuses recorded)&#xA;Jul 24 12:34:51.954: INFO: &#x9;Container ks-console ready: false, restart count 0&#xA;Jul 24 12:34:51.954: INFO: sonobuoy-e2e-job-82b0dd9ec4534543 started at 2022-07-24 11:15:35 +0000 UTC (0+2 container statuses recorded)&#xA;Jul 24 12:34:51.954: INFO: &#x9;Container e2e ready: true, restart count 0&#xA;Jul 24 12:34:51.954: INFO: &#x9;Container sonobuoy-worker ready: true, restart count 0&#xA;Jul 24 12:34:51.954: INFO: ks-apiserver-7c8c448bbb-t7h7k started at 2022-07-15 07:46:52 +0000 UTC (0+1 container statuses recorded)&#xA;Jul 24 12:34:51.954: INFO: &#x9;Container ks-apiserver ready: false, restart count 1&#xA;Jul 24 12:34:52.000: INFO: &#xA;Latency metrics for node kubernetes-master&#xA;Jul 24 12:34:52.000: INFO: &#xA;Logging node info for node kubernetes-node-01&#xA;Jul 24 12:34:52.002: INFO: Node Info: &amp;Node{ObjectMeta:{kubernetes-node-01    3a4a3e2a-b98d-44ba-acfd-dc0ee51e00a1 5680074 0 2022-07-05 02:22:25 +0000 UTC &lt;nil&gt; &lt;nil&gt; map[beta.kubernetes.io/arch:amd64 beta.kubernetes.io/os:linux kubernetes.io/arch:amd64 kubernetes.io/hostname:kubernetes-node-01 kubernetes.io/os:linux] map[flannel.alpha.coreos.com/backend-data:{&#34;VNI&#34;:1,&#34;VtepMAC&#34;:&#34;1a:75:9b:0f:c6:8c&#34;} flannel.alpha.coreos.com/backend-type:vxlan flannel.alpha.coreos.com/kube-subnet-manager:true flannel.alpha.coreos.com/public-ip:192.168.132.11 kubeadm.alpha.kubernetes.io/cri-socket:/var/run/dockershim.sock node.alpha.kubernetes.io/ttl:0 volumes.kubernetes.io/controller-managed-attach-detach:true] [] []  [{kubelet Update v1 2022-07-05 02:22:25 +0000 UTC FieldsV1 {&#34;f:metadata&#34;:{&#34;f:annotations&#34;:{&#34;.&#34;:{},&#34;f:volumes.kubernetes.io/controller-managed-attach-detach&#34;:{}},&#34;f:labels&#34;:{&#34;.&#34;:{},&#34;f:beta.kubernetes.io/arch&#34;:{},&#34;f:beta.kubernetes.io/os&#34;:{},&#34;f:kubernetes.io/arch&#34;:{},&#34;f:kubernetes.io/hostname&#34;:{},&#34;f:kubernetes.io/os&#34;:{}}}} } {kubeadm Update v1 2022-07-05 02:22:30 +0000 UTC FieldsV1 {&#34;f:metadata&#34;:{&#34;f:annotations&#34;:{&#34;f:kubeadm.alpha.kubernetes.io/cri-socket&#34;:{}}}} } {flanneld Update v1 2022-07-05 02:25:41 +0000 UTC FieldsV1 {&#34;f:metadata&#34;:{&#34;f:annotations&#34;:{&#34;f:flannel.alpha.coreos.com/backend-data&#34;:{},&#34;f:flannel.alpha.coreos.com/backend-type&#34;:{},&#34;f:flannel.alpha.coreos.com/kube-subnet-manager&#34;:{},&#34;f:flannel.alpha.coreos.com/public-ip&#34;:{}}},&#34;f:status&#34;:{&#34;f:conditions&#34;:{&#34;k:{\&#34;type\&#34;:\&#34;NetworkUnavailable\&#34;}&#34;:{&#34;.&#34;:{},&#34;f:lastHeartbeatTime&#34;:{},&#34;f:lastTransitionTime&#34;:{},&#34;f:message&#34;:{},&#34;f:reason&#34;:{},&#34;f:status&#34;:{},&#34;f:type&#34;:{}}}}} status} {kube-controller-manager Update v1 2022-07-20 11:50:17 +0000 UTC FieldsV1 {&#34;f:metadata&#34;:{&#34;f:annotations&#34;:{&#34;f:node.alpha.kubernetes.io/ttl&#34;:{}}},&#34;f:spec&#34;:{&#34;f:podCIDR&#34;:{},&#34;f:podCIDRs&#34;:{&#34;.&#34;:{},&#34;v:\&#34;10.244.4.0/24\&#34;&#34;:{}}}} } {e2e.test Update v1 2022-07-24 11:57:52 +0000 UTC FieldsV1 {&#34;f:status&#34;:{&#34;f:capacity&#34;:{&#34;f:example.com/fakecpu&#34;:{},&#34;f:scheduling.k8s.io/foo&#34;:{}}}} status} {kubelet Update v1 2022-07-24 11:57:57 +0000 UTC FieldsV1 {&#34;f:status&#34;:{&#34;f:allocatable&#34;:{&#34;f:ephemeral-storage&#34;:{},&#34;f:example.com/fakecpu&#34;:{},&#34;f:scheduling.k8s.io/foo&#34;:{}},&#34;f:capacity&#34;:{&#34;f:ephemeral-storage&#34;:{}},&#34;f:conditions&#34;:{&#34;k:{\&#34;type\&#34;:\&#34;DiskPressure\&#34;}&#34;:{&#34;f:lastHeartbeatTime&#34;:{},&#34;f:lastTransitionTime&#34;:{},&#34;f:message&#34;:{},&#34;f:reason&#34;:{},&#34;f:status&#34;:{}},&#34;k:{\&#34;type\&#34;:\&#34;MemoryPressure\&#34;}&#34;:{&#34;f:lastHeartbeatTime&#34;:{},&#34;f:lastTransitionTime&#34;:{},&#34;f:message&#34;:{},&#34;f:reason&#34;:{},&#34;f:status&#34;:{}},&#34;k:{\&#34;type\&#34;:\&#34;PIDPressure\&#34;}&#34;:{&#34;f:lastHeartbeatTime&#34;:{},&#34;f:lastTransitionTime&#34;:{},&#34;f:message&#34;:{},&#34;f:reason&#34;:{},&#34;f:status&#34;:{}},&#34;k:{\&#34;type\&#34;:\&#34;Ready\&#34;}&#34;:{&#34;f:lastHeartbeatTime&#34;:{},&#34;f:lastTransitionTime&#34;:{},&#34;f:message&#34;:{},&#34;f:reason&#34;:{},&#34;f:status&#34;:{}}},&#34;f:images&#34;:{},&#34;f:nodeInfo&#34;:{&#34;f:containerRuntimeVersion&#34;:{}}}} status}]},Spec:NodeSpec{PodCIDR:10.244.4.0/24,DoNotUseExternalID:,ProviderID:,Unschedulable:false,Taints:[]Taint{},ConfigSource:nil,PodCIDRs:[10.244.4.0/24],},Status:NodeStatus{Capacity:ResourceList{cpu: {{8 0} {&lt;nil&gt;} 8 DecimalSI},ephemeral-storage: {{107321753600 0} {&lt;nil&gt;} 102350Mi BinarySI},example.com/fakecpu: {{1 3} {&lt;nil&gt;} 1k DecimalSI},hugepages-1Gi: {{0 0} {&lt;nil&gt;} 0 DecimalSI},hugepages-2Mi: {{0 0} {&lt;nil&gt;} 0 DecimalSI},memory: {{16363429888 0} {&lt;nil&gt;}  BinarySI},pods: {{110 0} {&lt;nil&gt;} 110 DecimalSI},scheduling.k8s.io/foo: {{5 0} {&lt;nil&gt;} 5 DecimalSI},},Allocatable:ResourceList{cpu: {{8 0} {&lt;nil&gt;} 8 DecimalSI},ephemeral-storage: {{96589578081 0} {&lt;nil&gt;} 96589578081 DecimalSI},example.com/fakecpu: {{1 3} {&lt;nil&gt;} 1k DecimalSI},hugepages-1Gi: {{0 0} {&lt;nil&gt;} 0 DecimalSI},hugepages-2Mi: {{0 0} {&lt;nil&gt;} 0 DecimalSI},memory: {{16258572288 0} {&lt;nil&gt;}  BinarySI},pods: {{110 0} {&lt;nil&gt;} 110 DecimalSI},scheduling.k8s.io/foo: {{5 0} {&lt;nil&gt;} 5 DecimalSI},},Phase:,Conditions:[]NodeCondition{NodeCondition{Type:NetworkUnavailable,Status:False,LastHeartbeatTime:2022-07-20 12:09:51 +0000 UTC,LastTransitionTime:2022-07-20 12:09:51 +0000 UTC,Reason:FlannelIsUp,Message:Flannel is running on this node,},NodeCondition{Type:MemoryPressure,Status:False,LastHeartbeatTime:2022-07-24 12:33:06 +0000 UTC,LastTransitionTime:2022-07-05 02:39:16 +0000 UTC,Reason:KubeletHasSufficientMemory,Message:kubelet has sufficient memory available,},NodeCondition{Type:DiskPressure,Status:False,LastHeartbeatTime:2022-07-24 12:33:06 +0000 UTC,LastTransitionTime:2022-07-06 11:27:51 +0000 UTC,Reason:KubeletHasNoDiskPressure,Message:kubelet has no disk pressure,},NodeCondition{Type:PIDPressure,Status:False,LastHeartbeatTime:2022-07-24 12:33:06 +0000 UTC,LastTransitionTime:2022-07-05 02:39:16 +0000 UTC,Reason:KubeletHasSufficientPID,Message:kubelet has sufficient PID available,},NodeCondition{Type:Ready,Status:True,LastHeartbeatTime:2022-07-24 12:33:06 +0000 UTC,LastTransitionTime:2022-07-20 12:05:25 +0000 UTC,Reason:KubeletReady,Message:kubelet is posting ready status,},},Addresses:[]NodeAddress{NodeAddress{Type:InternalIP,Address:192.168.132.11,},NodeAddress{Type:Hostname,Address:kubernetes-node-01,},},DaemonEndpoints:NodeDaemonEndpoints{KubeletEndpoint:DaemonEndpoint{Port:10250,},},NodeInfo:NodeSystemInfo{MachineID:ff2f0490c5bb4030ae3be22dffb6765a,SystemUUID:318642bd-e41a-e911-ad47-a4bf015b1f84,BootID:2686e27a-6243-43c4-baa2-2867206747cd,KernelVersion:5.4.132-1.el7.elrepo.x86_64,OSImage:CentOS Linux 7 (Core),ContainerRuntimeVersion:docker://20.10.7,KubeletVersion:v1.22.3,KubeProxyVersion:v1.22.3,OperatingSystem:linux,Architecture:amd64,},Images:[]ContainerImage{ContainerImage{Names:[k8s.gcr.io/e2e-test-images/cuda-vector-add:2.2],SizeBytes:2579956550,},ContainerImage{Names:[k8s.gcr.io/e2e-test-images/cuda-vector-add:1.0],SizeBytes:2047006036,},ContainerImage{Names:[k8s.gcr.io/e2e-test-images/node-perf/tf-wide-deep:1.1],SizeBytes:1631128450,},ContainerImage{Names:[k8smg:latest],SizeBytes:1398619088,},ContainerImage{Names:[k8s.gcr.io/e2e-test-images/perl:5.26],SizeBytes:853225645,},ContainerImage{Names:[k8s.gcr.io/e2e-test-images/volume/rbd:1.0.3],SizeBytes:751897580,},ContainerImage{Names:[harbor.moresec.cn/ksp/kafka@sha256:29aef30ec0742e05c84b92e35fe81bc2a933d92aa3aec2325f3947c9cbb07e2d harbor.moresec.cn/ksp/kafka:2.8.0-debian-10-r43],SizeBytes:584339677,},ContainerImage{Names:[centos-drip:7.7],SizeBytes:552218315,},ContainerImage{Names:[&lt;none&gt;@&lt;none&gt; &lt;none&gt;:&lt;none&gt;],SizeBytes:522728932,},ContainerImage{Names:[harbor.moresec.cn/ksp/ksp_agent@sha256:f96a653e88fcf5b71a82e603da3ace5e774c9dd4e37dcdfc7a1db3ce87267245 harbor.moresec.cn/ksp/ksp_agent:latest],SizeBytes:495969065,},ContainerImage{Names:[harbor.moresec.cn/ksp/ksp_agent@sha256:62d75a6961ee50b7bbea1eeb9a835b8809fbf868cda8ea7e30c57a871fe36ae4],SizeBytes:495943489,},ContainerImage{Names:[&lt;none&gt;@&lt;none&gt; &lt;none&gt;:&lt;none&gt;],SizeBytes:435344555,},ContainerImage{Names:[harbor.moresec.cn/ksp/ksp_agent@sha256:7fc828e5732309187da20a9a025a142f8229f04087601a9fad119c3724ab6e92 harbor.moresec.cn/ksp/ksp_agent:2.2.0],SizeBytes:433527765,},ContainerImage{Names:[harbor.moresec.cn/ksp/ksp_agent@sha256:b6455a0f39f08b39b5ee701bbcfb11edb8484478bfe44f30a3a48f041ea504b1],SizeBytes:433527765,},ContainerImage{Names:[harbor.moresec.cn/ksp/ksp_agent:laishang],SizeBytes:433318869,},ContainerImage{Names:[kubesphere/ks-installer@sha256:e314e12b16e556b0ce16d4c1efab0a375605936da15afa0e4fa3afa4c302cf15 kubesphere/ks-installer:v3.3.0],SizeBytes:420547354,},ContainerImage{Names:[k8s.gcr.io/e2e-test-images/volume/iscsi:2.2],SizeBytes:414158129,},ContainerImage{Names:[k8s.gcr.io/sig-storage/nfs-provisioner:v2.2.2],SizeBytes:391702539,},ContainerImage{Names:[k8s.gcr.io/e2e-test-images/glusterdynamic-provisioner:v1.0],SizeBytes:373269502,},ContainerImage{Names:[k8s.gcr.io/e2e-test-images/volume/gluster:1.2],SizeBytes:340272046,},ContainerImage{Names:[sonobuoy/systemd-logs:v0.4],SizeBytes:314068873,},ContainerImage{Names:[docker-dev.moresec.cn:10443/ksp/mysql@sha256:1a52fad24c8d9c47d9563773bf2fd6618cab64a2e7054a32c62d7ff83047d432 harbor.moresec.cn/ksp/mysql@sha256:1a52fad24c8d9c47d9563773bf2fd6618cab64a2e7054a32c62d7ff83047d432 docker-dev.moresec.cn:10443/ksp/mysql:5.7.34 harbor.moresec.cn/ksp/mysql:5.7.34],SizeBytes:296256317,},ContainerImage{Names:[k8s.gcr.io/e2e-test-images/volume/nfs:1.2],SizeBytes:263870626,},ContainerImage{Names:[k8s.gcr.io/etcd:3.4.13-0],SizeBytes:253376083,},ContainerImage{Names:[k8s.gcr.io/e2e-test-images/jessie-dnsutils:1.4],SizeBytes:253346057,},ContainerImage{Names:[k8s.gcr.io/conformance:v1.22.3],SizeBytes:246064443,},ContainerImage{Names:[192.168.132.114/process/process@sha256:b08bcadd231b62eba8913d7f9b7ef6a54087fedec3a52607decd86aae014330a 192.168.132.114/process/process:latest],SizeBytes:231220584,},ContainerImage{Names:[&lt;none&gt;@&lt;none&gt; &lt;none&gt;:&lt;none&gt;],SizeBytes:231220093,},ContainerImage{Names:[prom/prometheus@sha256:b37103e03399e90c9b7b1b2940894d3634915cf9df4aa2e5402bd85b4377808c prom/prometheus:v2.34.0],SizeBytes:204913767,},ContainerImage{Names:[centos@sha256:50752af5182c6cd5518e3e91d48f7ff0cba93d5d760a67ac140e2d63c4dd9efc centos:centos7.7.1908],SizeBytes:203602133,},ContainerImage{Names:[kubesphere/ks-apiserver@sha256:c6518655604eb6c5b67e6e5b0a11239e1b927c6ab0f947ce3c60176c70090462 kubesphere/ks-apiserver:v3.2.1],SizeBytes:190792907,},ContainerImage{Names:[192.168.132.114/micro/worker@sha256:0c3e148cec3fbf3f62b381f96dcb4b8dcfad7a8d4cf33a91d6c3a8484e156c4c 192.168.132.114/micro/worker:latest],SizeBytes:178337313,},ContainerImage{Names:[harbor.moresec.cn/ksp/fileserver@sha256:e70cbd22b76e6e111c2b86a20c5fdea469fed0313c81f73f35ed11249f79f741 harbor.moresec.cn/ksp/fileserver:2.2.0],SizeBytes:153076017,},ContainerImage{Names:[&lt;none&gt;@&lt;none&gt; &lt;none&gt;:&lt;none&gt;],SizeBytes:141498060,},ContainerImage{Names:[harbor.moresec.cn/ksp/etcd@sha256:e38d9f2facec186c09c33e28455e97156ea45d5c299d348a1b0676784c293d75 harbor.moresec.cn/ksp/etcd:3.4.15-debian-10-r43],SizeBytes:131965680,},ContainerImage{Names:[harbor.moresec.cn/ksp/webapi_srv@sha256:7de68ded9d05cdbbc9fbe03c3321f14d68569cd7d9f35921e977df8377bc7d2d],SizeBytes:129903492,},ContainerImage{Names:[harbor.moresec.cn/ksp/webapi_srv@sha256:44ac8426e7c6087593f315cf547a8426780a03ec7e102e3cadd5931f03fa5851 harbor.moresec.cn/ksp/webapi_srv:latest],SizeBytes:129800680,},ContainerImage{Names:[k8s.gcr.io/e2e-test-images/httpd:2.4.39-1],SizeBytes:126871615,},ContainerImage{Names:[docker-dev.moresec.cn:10443/ksp/envoy@sha256:1a57c0f59b9e04a83f4407c79df63f027ee620a2ee66e201438f49c9253e258a harbor.moresec.cn/ksp/envoy@sha256:1a57c0f59b9e04a83f4407c79df63f027ee620a2ee66e201438f49c9253e258a docker-dev.moresec.cn:10443/ksp/envoy:v1.20.0 harbor.moresec.cn/ksp/envoy:v1.20.0],SizeBytes:126156197,},ContainerImage{Names:[k8s.gcr.io/e2e-test-images/agnhost:2.32],SizeBytes:125910179,},ContainerImage{Names:[harbor.moresec.cn/ksp/webapi_srv@sha256:1665c65a94096bb76343e0df2fcbe6299d29d7c1b47f22c1db269ef909d895c7 harbor.moresec.cn/ksp/webapi_srv:2.2.0],SizeBytes:123778974,},ContainerImage{Names:[k8s.gcr.io/e2e-test-images/httpd:2.4.38-1],SizeBytes:123774598,},ContainerImage{Names:[k8s.gcr.io/e2e-test-images/nautilus:1.4],SizeBytes:121728153,},ContainerImage{Names:[k8s.gcr.io/e2e-test-images/kitten:1.4],SizeBytes:121721689,},ContainerImage{Names:[nginx@sha256:f7988fb6c02e0ce69257d9bd9cf37ae20a60f1df7563c3a2a6abe24160306b8d nginx:1.14.2],SizeBytes:109109325,},ContainerImage{Names:[harbor.moresec.cn/ksp/controller@sha256:be921ae314828accad9ea6bc25af4e4097027cddd44001913f983ad6f06fe948 harbor.moresec.cn/ksp/controller:latest],SizeBytes:107945283,},ContainerImage{Names:[registry.aliyuncs.com/google_containers/kube-proxy@sha256:8d0561b2e5d0ccb9c49a25e7b415bef12637a07a872703dc252c2de3b458fc4f registry.aliyuncs.com/google_containers/kube-proxy:v1.22.3],SizeBytes:103646205,},ContainerImage{Names:[k8s.gcr.io/e2e-test-images/node-perf/npb-is:1.1],SizeBytes:96376839,},ContainerImage{Names:[k8s.gcr.io/e2e-test-images/node-perf/npb-ep:1.1],SizeBytes:96375039,},ContainerImage{Names:[harbor.moresec.cn/ksp/task_center@sha256:ea75ee3c0061c1aba9fc986e49ea73dda1b977c3d5a8b8dd8e503e7f79325406 harbor.moresec.cn/ksp/task_center:2.2.0],SizeBytes:96150782,},},VolumesInUse:[],VolumesAttached:[]AttachedVolume{},Config:nil,},}&#xA;Jul 24 12:34:52.003: INFO: &#xA;Logging kubelet events for node kubernetes-node-01&#xA;Jul 24 12:34:52.005: INFO: &#xA;Logging pods the kubelet thinks is on node kubernetes-node-01&#xA;Jul 24 12:34:52.022: INFO: ksp-mysql-0 started at 2022-07-20 12:09:51 +0000 UTC (0+1 container statuses recorded)&#xA;Jul 24 12:34:52.023: INFO: &#x9;Container mysql ready: true, restart count 0&#xA;Jul 24 12:34:52.023: INFO: notification-manager-deployment-78664576cb-5mm7d started at 2022-07-24 10:48:18 +0000 UTC (0+2 container statuses recorded)&#xA;Jul 24 12:34:52.023: INFO: &#x9;Container notification-manager ready: true, restart count 0&#xA;Jul 24 12:34:52.023: INFO: &#x9;Container tenant ready: true, restart count 0&#xA;Jul 24 12:34:52.023: INFO: ksp-kafka-0 started at 2022-07-20 12:06:10 +0000 UTC (0+1 container statuses recorded)&#xA;Jul 24 12:34:52.023: INFO: &#x9;Container kafka ready: true, restart count 12&#xA;Jul 24 12:34:52.023: INFO: ksp-webapi-srv-5b59fc6b7b-qfcs4 started at 2022-07-21 02:23:19 +0000 UTC (0+1 container statuses recorded)&#xA;Jul 24 12:34:52.023: INFO: &#x9;Container webapi-srv ready: true, restart count 0&#xA;Jul 24 12:34:52.023: INFO: kube-flannel-ds-8xnv7 started at 2022-07-06 17:46:29 +0000 UTC (2+1 container statuses recorded)&#xA;Jul 24 12:34:52.023: INFO: &#x9;Init container install-cni-plugin ready: true, restart count 0&#xA;Jul 24 12:34:52.023: INFO: &#x9;Init container install-cni ready: true, restart count 0&#xA;Jul 24 12:34:52.023: INFO: &#x9;Container kube-flannel ready: true, restart count 1&#xA;Jul 24 12:34:52.023: INFO: ksp-redis-master-0 started at 2022-07-20 12:09:21 +0000 UTC (0+1 container statuses recorded)&#xA;Jul 24 12:34:52.023: INFO: &#x9;Container redis ready: true, restart count 0&#xA;Jul 24 12:34:52.023: INFO: alertmanager-main-0 started at 2022-07-20 12:09:55 +0000 UTC (0+2 container statuses recorded)&#xA;Jul 24 12:34:52.023: INFO: &#x9;Container alertmanager ready: true, restart count 0&#xA;Jul 24 12:34:52.023: INFO: &#x9;Container config-reloader ready: true, restart count 0&#xA;Jul 24 12:34:52.023: INFO: worker108-cc678945b-7rbkz started at 2022-07-21 06:39:16 +0000 UTC (0+1 container statuses recorded)&#xA;Jul 24 12:34:52.023: INFO: &#x9;Container worker108 ready: true, restart count 0&#xA;Jul 24 12:34:52.023: INFO: ss2-1 started at 2022-07-23 11:41:24 +0000 UTC (0+1 container statuses recorded)&#xA;Jul 24 12:34:52.023: INFO: &#x9;Container webserver ready: true, restart count 0&#xA;Jul 24 12:34:52.023: INFO: default-http-backend-5bf68ff9b8-hkh75 started at 2022-07-24 10:47:02 +0000 UTC (0+1 container statuses recorded)&#xA;Jul 24 12:34:52.023: INFO: &#x9;Container default-http-backend ready: true, restart count 0&#xA;Jul 24 12:34:52.023: INFO: sonobuoy-systemd-logs-daemon-set-bb55de94825d4876-wwrrn started at 2022-07-24 11:15:36 +0000 UTC (0+2 container statuses recorded)&#xA;Jul 24 12:34:52.023: INFO: &#x9;Container sonobuoy-worker ready: true, restart count 0&#xA;Jul 24 12:34:52.023: INFO: &#x9;Container systemd-logs ready: true, restart count 0&#xA;Jul 24 12:34:52.023: INFO: prometheus-operator-8955bbd98-r8ftl started at 2022-07-24 10:47:02 +0000 UTC (0+2 container statuses recorded)&#xA;Jul 24 12:34:52.023: INFO: &#x9;Container kube-rbac-proxy ready: true, restart count 0&#xA;Jul 24 12:34:52.023: INFO: &#x9;Container prometheus-operator ready: true, restart count 0&#xA;Jul 24 12:34:52.023: INFO: alertmanager-main-1 started at 2022-07-24 10:47:04 +0000 UTC (0+2 container statuses recorded)&#xA;Jul 24 12:34:52.023: INFO: &#x9;Container alertmanager ready: true, restart count 0&#xA;Jul 24 12:34:52.023: INFO: &#x9;Container config-reloader ready: true, restart count 0&#xA;Jul 24 12:34:52.023: INFO: ksp-fileserver-58d849d98b-k2wt9 started at 2022-07-20 12:05:34 +0000 UTC (0+1 container statuses recorded)&#xA;Jul 24 12:34:52.023: INFO: &#x9;Container fileserver ready: true, restart count 12&#xA;Jul 24 12:34:52.023: INFO: ubuntu-deployment-docker-sock1-74c66ddf85-5fcvb started at 2022-07-24 10:47:52 +0000 UTC (0+1 container statuses recorded)&#xA;Jul 24 12:34:52.023: INFO: &#x9;Container ubuntu-docker-sock1 ready: true, restart count 0&#xA;Jul 24 12:34:52.023: INFO: gatekeeper-controller-manager-6566df6878-6sxjk started at 2022-07-24 10:47:54 +0000 UTC (0+1 container statuses recorded)&#xA;Jul 24 12:34:52.023: INFO: &#x9;Container manager ready: true, restart count 0&#xA;Jul 24 12:34:52.023: INFO: ks-installer-6976cf49f5-l72kw started at 2022-07-24 10:48:18 +0000 UTC (0+1 container statuses recorded)&#xA;Jul 24 12:34:52.023: INFO: &#x9;Container installer ready: true, restart count 0&#xA;Jul 24 12:34:52.023: INFO: node-exporter-mktmt started at 2022-07-08 03:28:07 +0000 UTC (0+2 container statuses recorded)&#xA;Jul 24 12:34:52.023: INFO: &#x9;Container kube-rbac-proxy ready: true, restart count 2&#xA;Jul 24 12:34:52.023: INFO: &#x9;Container node-exporter ready: true, restart count 2&#xA;Jul 24 12:34:52.023: INFO: prometheus-k8s-0 started at 2022-07-20 12:09:14 +0000 UTC (1+2 container statuses recorded)&#xA;Jul 24 12:34:52.023: INFO: &#x9;Init container init-config-reloader ready: true, restart count 0&#xA;Jul 24 12:34:52.023: INFO: &#x9;Container config-reloader ready: true, restart count 0&#xA;Jul 24 12:34:52.023: INFO: &#x9;Container prometheus ready: true, restart count 0&#xA;Jul 24 12:34:52.023: INFO: ss2-0 started at 2022-07-20 12:10:27 +0000 UTC (0+1 container statuses recorded)&#xA;Jul 24 12:34:52.023: INFO: &#x9;Container webserver ready: true, restart count 0&#xA;Jul 24 12:34:52.023: INFO: notification-manager-operator-7d44854f54-pfhvp started at 2022-07-20 12:37:15 +0000 UTC (0+2 container statuses recorded)&#xA;Jul 24 12:34:52.023: INFO: &#x9;Container kube-rbac-proxy ready: true, restart count 0&#xA;Jul 24 12:34:52.023: INFO: &#x9;Container notification-manager-operator ready: true, restart count 13&#xA;Jul 24 12:34:52.023: INFO: kubectl-admin-6dbcb94855-cwbwg started at 2022-07-24 10:47:02 +0000 UTC (0+1 container statuses recorded)&#xA;Jul 24 12:34:52.023: INFO: &#x9;Container kubectl ready: true, restart count 0&#xA;Jul 24 12:34:52.023: INFO: sonobuoy started at 2022-07-24 11:15:29 +0000 UTC (0+1 container statuses recorded)&#xA;Jul 24 12:34:52.023: INFO: &#x9;Container kube-sonobuoy ready: true, restart count 0&#xA;Jul 24 12:34:52.023: INFO: kube-proxy-kkm7x started at 2022-07-05 02:22:26 +0000 UTC (0+1 container statuses recorded)&#xA;Jul 24 12:34:52.023: INFO: &#x9;Container kube-proxy ready: true, restart count 3&#xA;Jul 24 12:34:52.023: INFO: snapshot-controller-0 started at 2022-07-20 12:09:57 +0000 UTC (0+1 container statuses recorded)&#xA;Jul 24 12:34:52.023: INFO: &#x9;Container snapshot-controller ready: true, restart count 0&#xA;Jul 24 12:34:52.023: INFO: ksp-etcd-0 started at 2022-07-20 12:10:55 +0000 UTC (0+1 container statuses recorded)&#xA;Jul 24 12:34:52.023: INFO: &#x9;Container etcd ready: true, restart count 0&#xA;Jul 24 12:34:52.023: INFO: process56-59d84745d8-2wml7 started at 2022-07-24 10:47:52 +0000 UTC (0+1 container statuses recorded)&#xA;Jul 24 12:34:52.023: INFO: &#x9;Container process56 ready: true, restart count 0&#xA;Jul 24 12:34:52.072: INFO: &#xA;Latency metrics for node kubernetes-node-01&#xA;Jul 24 12:34:52.072: INFO: &#xA;Logging node info for node kubernetes-node-02&#xA;Jul 24 12:34:52.074: INFO: Node Info: &amp;Node{ObjectMeta:{kubernetes-node-02    307d2ab5-ef28-4bdd-889c-432cc026c399 5680108 0 2022-07-05 02:22:23 +0000 UTC &lt;nil&gt; &lt;nil&gt; map[beta.kubernetes.io/arch:amd64 beta.kubernetes.io/os:linux kubernetes.io/arch:amd64 kubernetes.io/hostname:kubernetes-node-02 kubernetes.io/os:linux] map[flannel.alpha.coreos.com/backend-data:{&#34;VNI&#34;:1,&#34;VtepMAC&#34;:&#34;82:d6:14:69:bd:44&#34;} flannel.alpha.coreos.com/backend-type:vxlan flannel.alpha.coreos.com/kube-subnet-manager:true flannel.alpha.coreos.com/public-ip:192.168.132.12 kubeadm.alpha.kubernetes.io/cri-socket:/var/run/dockershim.sock node.alpha.kubernetes.io/ttl:0 volumes.kubernetes.io/controller-managed-attach-detach:true] [] []  [{kubeadm Update v1 2022-07-05 02:22:23 +0000 UTC FieldsV1 {&#34;f:metadata&#34;:{&#34;f:annotations&#34;:{&#34;f:kubeadm.alpha.kubernetes.io/cri-socket&#34;:{}}}} } {kubelet Update v1 2022-07-05 02:22:23 +0000 UTC FieldsV1 {&#34;f:metadata&#34;:{&#34;f:annotations&#34;:{&#34;.&#34;:{},&#34;f:volumes.kubernetes.io/controller-managed-attach-detach&#34;:{}},&#34;f:labels&#34;:{&#34;.&#34;:{},&#34;f:beta.kubernetes.io/arch&#34;:{},&#34;f:beta.kubernetes.io/os&#34;:{},&#34;f:kubernetes.io/arch&#34;:{},&#34;f:kubernetes.io/hostname&#34;:{},&#34;f:kubernetes.io/os&#34;:{}}}} } {flanneld Update v1 2022-07-05 02:25:42 +0000 UTC FieldsV1 {&#34;f:metadata&#34;:{&#34;f:annotations&#34;:{&#34;f:flannel.alpha.coreos.com/backend-data&#34;:{},&#34;f:flannel.alpha.coreos.com/backend-type&#34;:{},&#34;f:flannel.alpha.coreos.com/kube-subnet-manager&#34;:{},&#34;f:flannel.alpha.coreos.com/public-ip&#34;:{}}},&#34;f:status&#34;:{&#34;f:conditions&#34;:{&#34;k:{\&#34;type\&#34;:\&#34;NetworkUnavailable\&#34;}&#34;:{&#34;.&#34;:{},&#34;f:lastHeartbeatTime&#34;:{},&#34;f:lastTransitionTime&#34;:{},&#34;f:message&#34;:{},&#34;f:reason&#34;:{},&#34;f:status&#34;:{},&#34;f:type&#34;:{}}}}} status} {kube-controller-manager Update v1 2022-07-20 12:10:50 +0000 UTC FieldsV1 {&#34;f:metadata&#34;:{&#34;f:annotations&#34;:{&#34;f:node.alpha.kubernetes.io/ttl&#34;:{}}},&#34;f:spec&#34;:{&#34;f:podCIDR&#34;:{},&#34;f:podCIDRs&#34;:{&#34;.&#34;:{},&#34;v:\&#34;10.244.3.0/24\&#34;&#34;:{}}}} } {e2e.test Update v1 2022-07-24 11:57:52 +0000 UTC FieldsV1 {&#34;f:status&#34;:{&#34;f:capacity&#34;:{&#34;f:example.com/fakecpu&#34;:{},&#34;f:scheduling.k8s.io/foo&#34;:{}}}} status} {kubelet Update v1 2022-07-24 11:58:00 +0000 UTC FieldsV1 {&#34;f:status&#34;:{&#34;f:allocatable&#34;:{&#34;f:ephemeral-storage&#34;:{},&#34;f:example.com/fakecpu&#34;:{},&#34;f:scheduling.k8s.io/foo&#34;:{}},&#34;f:conditions&#34;:{&#34;k:{\&#34;type\&#34;:\&#34;DiskPressure\&#34;}&#34;:{&#34;f:lastHeartbeatTime&#34;:{},&#34;f:lastTransitionTime&#34;:{},&#34;f:message&#34;:{},&#34;f:reason&#34;:{},&#34;f:status&#34;:{}},&#34;k:{\&#34;type\&#34;:\&#34;MemoryPressure\&#34;}&#34;:{&#34;f:lastHeartbeatTime&#34;:{},&#34;f:lastTransitionTime&#34;:{},&#34;f:message&#34;:{},&#34;f:reason&#34;:{},&#34;f:status&#34;:{}},&#34;k:{\&#34;type\&#34;:\&#34;PIDPressure\&#34;}&#34;:{&#34;f:lastHeartbeatTime&#34;:{},&#34;f:lastTransitionTime&#34;:{},&#34;f:message&#34;:{},&#34;f:reason&#34;:{},&#34;f:status&#34;:{}},&#34;k:{\&#34;type\&#34;:\&#34;Ready\&#34;}&#34;:{&#34;f:lastHeartbeatTime&#34;:{},&#34;f:lastTransitionTime&#34;:{},&#34;f:message&#34;:{},&#34;f:reason&#34;:{},&#34;f:status&#34;:{}}},&#34;f:images&#34;:{},&#34;f:nodeInfo&#34;:{&#34;f:bootID&#34;:{},&#34;f:containerRuntimeVersion&#34;:{}}}} status}]},Spec:NodeSpec{PodCIDR:10.244.3.0/24,DoNotUseExternalID:,ProviderID:,Unschedulable:false,Taints:[]Taint{},ConfigSource:nil,PodCIDRs:[10.244.3.0/24],},Status:NodeStatus{Capacity:ResourceList{cpu: {{8 0} {&lt;nil&gt;} 8 DecimalSI},ephemeral-storage: {{107321753600 0} {&lt;nil&gt;} 102350Mi BinarySI},example.com/fakecpu: {{1 3} {&lt;nil&gt;} 1k DecimalSI},hugepages-1Gi: {{0 0} {&lt;nil&gt;} 0 DecimalSI},hugepages-2Mi: {{0 0} {&lt;nil&gt;} 0 DecimalSI},memory: {{16363429888 0} {&lt;nil&gt;}  BinarySI},pods: {{110 0} {&lt;nil&gt;} 110 DecimalSI},scheduling.k8s.io/foo: {{5 0} {&lt;nil&gt;} 5 DecimalSI},},Allocatable:ResourceList{cpu: {{8 0} {&lt;nil&gt;} 8 DecimalSI},ephemeral-storage: {{96589578081 0} {&lt;nil&gt;} 96589578081 DecimalSI},example.com/fakecpu: {{1 3} {&lt;nil&gt;} 1k DecimalSI},hugepages-1Gi: {{0 0} {&lt;nil&gt;} 0 DecimalSI},hugepages-2Mi: {{0 0} {&lt;nil&gt;} 0 DecimalSI},memory: {{16258572288 0} {&lt;nil&gt;}  BinarySI},pods: {{110 0} {&lt;nil&gt;} 110 DecimalSI},scheduling.k8s.io/foo: {{5 0} {&lt;nil&gt;} 5 DecimalSI},},Phase:,Conditions:[]NodeCondition{NodeCondition{Type:NetworkUnavailable,Status:False,LastHeartbeatTime:2022-07-20 12:50:33 +0000 UTC,LastTransitionTime:2022-07-20 12:50:33 +0000 UTC,Reason:FlannelIsUp,Message:Flannel is running on this node,},NodeCondition{Type:MemoryPressure,Status:False,LastHeartbeatTime:2022-07-24 12:33:10 +0000 UTC,LastTransitionTime:2022-07-20 12:10:11 +0000 UTC,Reason:KubeletHasSufficientMemory,Message:kubelet has sufficient memory available,},NodeCondition{Type:DiskPressure,Status:False,LastHeartbeatTime:2022-07-24 12:33:10 +0000 UTC,LastTransitionTime:2022-07-20 12:10:11 +0000 UTC,Reason:KubeletHasNoDiskPressure,Message:kubelet has no disk pressure,},NodeCondition{Type:PIDPressure,Status:False,LastHeartbeatTime:2022-07-24 12:33:10 +0000 UTC,LastTransitionTime:2022-07-20 12:10:11 +0000 UTC,Reason:KubeletHasSufficientPID,Message:kubelet has sufficient PID available,},NodeCondition{Type:Ready,Status:True,LastHeartbeatTime:2022-07-24 12:33:10 +0000 UTC,LastTransitionTime:2022-07-20 12:39:17 +0000 UTC,Reason:KubeletReady,Message:kubelet is posting ready status,},},Addresses:[]NodeAddress{NodeAddress{Type:InternalIP,Address:192.168.132.12,},NodeAddress{Type:Hostname,Address:kubernetes-node-02,},},DaemonEndpoints:NodeDaemonEndpoints{KubeletEndpoint:DaemonEndpoint{Port:10250,},},NodeInfo:NodeSystemInfo{MachineID:c4512086a6f5493ab6d17434529f2f96,SystemUUID:dfb815d5-231e-e911-ba47-a4bf015b3e00,BootID:56b56735-cc0e-4a63-a373-c98df943e3fd,KernelVersion:5.4.132-1.el7.elrepo.x86_64,OSImage:CentOS Linux 7 (Core),ContainerRuntimeVersion:docker://20.10.7,KubeletVersion:v1.22.3,KubeProxyVersion:v1.22.3,OperatingSystem:linux,Architecture:amd64,},Images:[]ContainerImage{ContainerImage{Names:[k8s.gcr.io/e2e-test-images/cuda-vector-add:2.2],SizeBytes:2579956550,},ContainerImage{Names:[k8s.gcr.io/e2e-test-images/cuda-vector-add:1.0],SizeBytes:2047006036,},ContainerImage{Names:[k8s.gcr.io/e2e-test-images/node-perf/tf-wide-deep:1.1],SizeBytes:1631128450,},ContainerImage{Names:[harbor.moresec.cn/ksp/webshell_srv@sha256:52331f042d9b722692b7d1e7d39bad602f0755a948b8a439b4a27c4c0fae045f harbor.moresec.cn/ksp/webshell_srv:2.2.0],SizeBytes:981080070,},ContainerImage{Names:[k8s.gcr.io/e2e-test-images/perl:5.26],SizeBytes:853225645,},ContainerImage{Names:[k8s.gcr.io/e2e-test-images/volume/rbd:1.0.3],SizeBytes:751897580,},ContainerImage{Names:[192.168.132.12:85/benchmark/benchmark@sha256:59b02207ef00cbc9ae722f2ad7c0f73c60b64ca677449bd0acf5b052eb967764],SizeBytes:721364989,},ContainerImage{Names:[192.168.132.12:85/benchmark/benchmark@sha256:97b019aa0596a30858d2f114a75e4f688723cd1e63b38c2874f687ae329a408a],SizeBytes:721341182,},ContainerImage{Names:[tomcat@sha256:acbf4ace21d5a9bfca00865e615b3061c262bb216d4a44a46990af9b73a73496],SizeBytes:679943312,},ContainerImage{Names:[&lt;none&gt;@&lt;none&gt; &lt;none&gt;:&lt;none&gt;],SizeBytes:679872057,},ContainerImage{Names:[harbor.moresec.cn/ksp/ksp_init@sha256:f7d3859270f43b9d9346a387957118b97fb45e6af379359a17ab676aa566b834 harbor.moresec.cn/ksp/ksp_init:2.2.0],SizeBytes:628801675,},ContainerImage{Names:[harbor.moresec.cn/ksp/ksp_init@sha256:2ddb6771ce701f73bb447c4bacc40f22a96460c029b95ef92363d701247762d4],SizeBytes:628801606,},ContainerImage{Names:[harbor.moresec.cn/ksp/kafka@sha256:29aef30ec0742e05c84b92e35fe81bc2a933d92aa3aec2325f3947c9cbb07e2d harbor.moresec.cn/ksp/kafka:2.8.0-debian-10-r43],SizeBytes:584339677,},ContainerImage{Names:[kennethreitz/httpbin@sha256:599fe5e5073102dbb0ee3dbb65f049dab44fa9fc251f6835c9990f8fb196a72b kennethreitz/httpbin:latest],SizeBytes:533651313,},ContainerImage{Names:[harbor.moresec.cn/ksp/ksp_agent@sha256:f96a653e88fcf5b71a82e603da3ace5e774c9dd4e37dcdfc7a1db3ce87267245 harbor.moresec.cn/ksp/ksp_agent:latest],SizeBytes:495969065,},ContainerImage{Names:[harbor.moresec.cn/ksp/ksp_agent@sha256:62d75a6961ee50b7bbea1eeb9a835b8809fbf868cda8ea7e30c57a871fe36ae4],SizeBytes:495943489,},ContainerImage{Names:[harbor.moresec.cn/ksp/ksp_agent@sha256:a405dae161a236cc6b51c59e3496a423f4153fc2817c26b99bf0fca613bce6af],SizeBytes:495925185,},ContainerImage{Names:[tomcat@sha256:9edc5c51c2dec7794769eede1e88a60e77abe355b73a77e231c464a8384d3697 tomcat:latest],SizeBytes:482487907,},ContainerImage{Names:[tomcat@sha256:8ece5eebda93ab45acf77b237f5564b3c558d0ce782c2f4302796043a621662f],SizeBytes:480307454,},ContainerImage{Names:[192.168.132.114/iast/iast@sha256:36f1db7e28c0b7a6d30ee9059c98d1067ec1f6eaf3ca2d5a3145a8e734dcc853],SizeBytes:479554906,},ContainerImage{Names:[192.168.132.114/iast/iast@sha256:d8e36d06161eec5a685f3cbe45cd43fb652a94b96387d4899951ae5cf1604cae],SizeBytes:479554903,},ContainerImage{Names:[192.168.132.114/iast/iast@sha256:5f2b9418c9d15338a3d2b984d78fab1f83d9b9e08354e2a0d307eab5b7824f75 192.168.132.114/iast/iast:latest],SizeBytes:479554902,},ContainerImage{Names:[docker-dev.moresec.cn:10443/ksp/influxdb@sha256:6277fd14835bf09c33cd13dd3a92393540745949f83e1e426092a7fe9ec2d6d5 harbor.moresec.cn/ksp/influxdb@sha256:4d688fb9837fcfb84ac4cdd65215e06c2c98cac743ffbbddde8a735d4ef1f707 docker-dev.moresec.cn:10443/ksp/influxdb:2.0.9-debian-10-r5 harbor.moresec.cn/ksp/influxdb:2.0.9-debian-10-r5],SizeBytes:468207544,},ContainerImage{Names:[docker-dev.moresec.cn:10443/ksp/zookeeper@sha256:3f077ee4e6b2ff601c2344b1bd007e752ad3ca66550eaf41604e290a02bb92c7 harbor.moresec.cn/ksp/zookeeper@sha256:3f077ee4e6b2ff601c2344b1bd007e752ad3ca66550eaf41604e290a02bb92c7 harbor.moresec.cn/ksp_1.3.0/zookeeper@sha256:3f077ee4e6b2ff601c2344b1bd007e752ad3ca66550eaf41604e290a02bb92c7 docker-dev.moresec.cn:10443/ksp/zookeeper:3.7.0-debian-10-r68 harbor.moresec.cn/ksp/zookeeper:3.7.0-debian-10-r68],SizeBytes:468025553,},ContainerImage{Names:[mysql@sha256:afc453de0d675083ac00d0538521f8a9a67d1cce180d70fab9925ebcc87a0eba mysql:5.7],SizeBytes:448217556,},ContainerImage{Names:[harbor.moresec.cn/ksp/sav_service@sha256:1cded1904d167b240f4821e7bc63745478991000e7715d5c4eecc134c25bb8ad harbor.moresec.cn/ksp/sav_service:2.2.0],SizeBytes:434790033,},ContainerImage{Names:[harbor.moresec.cn/ksp/ksp_agent@sha256:0fa5495795843bd5d69156d87b2d1c8ba34758af85fcd472ec6ad0daba56fe26],SizeBytes:433527765,},ContainerImage{Names:[harbor.moresec.cn/ksp/ksp_agent@sha256:7fc828e5732309187da20a9a025a142f8229f04087601a9fad119c3724ab6e92 harbor.moresec.cn/ksp/ksp_agent:2.2.0],SizeBytes:433527765,},ContainerImage{Names:[harbor.moresec.cn/ksp/ksp_agent@sha256:b6455a0f39f08b39b5ee701bbcfb11edb8484478bfe44f30a3a48f041ea504b1],SizeBytes:433527765,},ContainerImage{Names:[harbor.moresec.cn/ksp/ksp_agent:laishang],SizeBytes:433318869,},ContainerImage{Names:[k8s.gcr.io/e2e-test-images/volume/iscsi:2.2],SizeBytes:414158129,},ContainerImage{Names:[netdata/netdata@sha256:42ba5e0b0f0efaf39f3dda3f511690d7e0a6f0fef2ccfc6d629e01aa911349cc netdata/netdata:latest],SizeBytes:392760854,},ContainerImage{Names:[k8s.gcr.io/sig-storage/nfs-provisioner:v2.2.2],SizeBytes:391702539,},ContainerImage{Names:[k8s.gcr.io/e2e-test-images/glusterdynamic-provisioner:v1.0],SizeBytes:373269502,},ContainerImage{Names:[k8s.gcr.io/e2e-test-images/volume/gluster:1.2],SizeBytes:340272046,},ContainerImage{Names:[sonobuoy/systemd-logs@sha256:0b8b2b7b43b03f7db26e7e4b99be402495b77b496f5a5b0425b3c226bc1e9cbd sonobuoy/systemd-logs:v0.4],SizeBytes:314068873,},ContainerImage{Names:[harbor.moresec.cn/ksp/mysql@sha256:1a52fad24c8d9c47d9563773bf2fd6618cab64a2e7054a32c62d7ff83047d432 harbor.moresec.cn/ksp/mysql:5.7.34],SizeBytes:296256317,},ContainerImage{Names:[192.168.132.114/revshell/revshell@sha256:9b67dba407ee84b9c44b25000faab4b15234d348853ce5e51a7eb7dcefedcc26],SizeBytes:271797518,},ContainerImage{Names:[192.168.132.114/revshell/revshell@sha256:6d8b31f77b52acd39735757cc52d138f343fc49ea76772d4fac615d6064b5978 192.168.132.114/revshell/revshell:latest],SizeBytes:271797514,},ContainerImage{Names:[192.168.132.114/revshell/revshell@sha256:de8b9f596c76971d97ae900223fa5bf95ec51e80c75e40b0e16fcc76e73390d0],SizeBytes:271797416,},ContainerImage{Names:[192.168.132.114/revshell/revshell@sha256:3bbeef8c9f89b542784e94159ddc8e0365418886b5ef37f72d0b911396cdede0],SizeBytes:271797410,},ContainerImage{Names:[192.168.132.114/revshell/listen@sha256:e51b45cdcf6314fabe93ef6b0dda4062713628b951f948aac56154c2e092bd18 192.168.132.114/revshell/listen:latest],SizeBytes:271796301,},ContainerImage{Names:[192.168.132.114/revshell/listen@sha256:4aaf5ed8166fef1252bfa2784b85a691b438f0a1bfc286c1099a42e215971f3f],SizeBytes:271796199,},ContainerImage{Names:[harbor.moresec.cn/ksp/ksp_web@sha256:e0e443f252e6bd8f090341a555d8ae5846815293106341c78f6d00249babfa4a],SizeBytes:265801442,},ContainerImage{Names:[harbor.moresec.cn/ksp/ksp_web@sha256:c3f7ad61abe56853241fb79c1c05c6b8c86b190960b1f5f97140d891515304c9],SizeBytes:264539293,},ContainerImage{Names:[harbor.moresec.cn/ksp/ksp_web@sha256:b3fdc81d10a75ebe03bd5faef73e9edf161cd7940b9b374db637c12a0cd2cfc9],SizeBytes:264539173,},ContainerImage{Names:[harbor.moresec.cn/ksp/ksp_web@sha256:7b345a16af36b51412b69aca73a67848ce3ceb81f0045b4752df355d7ca6fc6c harbor.moresec.cn/ksp/ksp_web:2.2.0],SizeBytes:264538875,},ContainerImage{Names:[harbor.moresec.cn/ksp/ksp_web@sha256:0e4b5eff8946bf4d728d8931093c90949b4bff855edb420166406da7f57a8ece harbor.moresec.cn/ksp/ksp_web:latest],SizeBytes:264537370,},ContainerImage{Names:[harbor.moresec.cn/ksp/ksp_web@sha256:5453d21ff28597046c6848026d771fb09508a63ce6ad0abd7c82d5854002bdeb],SizeBytes:264507115,},ContainerImage{Names:[k8s.gcr.io/e2e-test-images/volume/nfs:1.2],SizeBytes:263870626,},},VolumesInUse:[],VolumesAttached:[]AttachedVolume{},Config:nil,},}&#xA;Jul 24 12:34:52.074: INFO: &#xA;Logging kubelet events for node kubernetes-node-02&#xA;Jul 24 12:34:52.075: INFO: &#xA;Logging pods the kubelet thinks is on node kubernetes-node-02&#xA;Jul 24 12:34:52.093: INFO: kube-flannel-ds-rzjfb started at 2022-07-05 02:25:29 +0000 UTC (2+1 container statuses recorded)&#xA;Jul 24 12:34:52.093: INFO: &#x9;Init container install-cni-plugin ready: true, restart count 0&#xA;Jul 24 12:34:52.093: INFO: &#x9;Init container install-cni ready: true, restart count 0&#xA;Jul 24 12:34:52.093: INFO: &#x9;Container kube-flannel ready: true, restart count 6&#xA;Jul 24 12:34:52.093: INFO: prometheus-k8s-1 started at 2022-07-20 12:39:24 +0000 UTC (1+2 container statuses recorded)&#xA;Jul 24 12:34:52.093: INFO: &#x9;Init container init-config-reloader ready: true, restart count 0&#xA;Jul 24 12:34:52.093: INFO: &#x9;Container config-reloader ready: true, restart count 0&#xA;Jul 24 12:34:52.093: INFO: &#x9;Container prometheus ready: true, restart count 0&#xA;Jul 24 12:34:52.093: INFO: ksp-minio-6c4647754d-vd5mg started at 2022-07-20 12:39:24 +0000 UTC (0+1 container statuses recorded)&#xA;Jul 24 12:34:52.093: INFO: &#x9;Container minio ready: true, restart count 0&#xA;Jul 24 12:34:52.093: INFO: sonobuoy-systemd-logs-daemon-set-bb55de94825d4876-7s4cf started at 2022-07-24 11:15:36 +0000 UTC (0+2 container statuses recorded)&#xA;Jul 24 12:34:52.093: INFO: &#x9;Container sonobuoy-worker ready: true, restart count 0&#xA;Jul 24 12:34:52.093: INFO: &#x9;Container systemd-logs ready: true, restart count 0&#xA;Jul 24 12:34:52.093: INFO: tomcat-ttt46-6b659fdf4b-xlz4s started at 2022-07-21 02:35:27 +0000 UTC (0+1 container statuses recorded)&#xA;Jul 24 12:34:52.093: INFO: &#x9;Container tomcat-ttt46 ready: true, restart count 0&#xA;Jul 24 12:34:52.093: INFO: ksp-core-5b755544c7-4dtf2 started at 2022-07-24 10:47:53 +0000 UTC (0+1 container statuses recorded)&#xA;Jul 24 12:34:52.093: INFO: &#x9;Container core ready: true, restart count 0&#xA;Jul 24 12:34:52.093: INFO: ksp-influxdb-6c4b765b68-z6pbv started at 2022-07-20 12:39:24 +0000 UTC (0+1 container statuses recorded)&#xA;Jul 24 12:34:52.093: INFO: &#x9;Container influxdb ready: true, restart count 0&#xA;Jul 24 12:34:52.093: INFO: ks-apiserver-7c8c448bbb-gqlsh started at 2022-07-20 12:57:11 +0000 UTC (0+1 container statuses recorded)&#xA;Jul 24 12:34:52.093: INFO: &#x9;Container ks-apiserver ready: true, restart count 0&#xA;Jul 24 12:34:52.093: INFO: gatekeeper-audit-8b65cf5d5-b8fkx started at 2022-07-20 13:18:58 +0000 UTC (0+1 container statuses recorded)&#xA;Jul 24 12:34:52.093: INFO: &#x9;Container manager ready: true, restart count 3&#xA;Jul 24 12:34:52.093: INFO: kube-state-metrics-7bdc7484cf-cshjj started at 2022-07-24 10:47:51 +0000 UTC (0+3 container statuses recorded)&#xA;Jul 24 12:34:52.093: INFO: &#x9;Container kube-rbac-proxy-main ready: true, restart count 0&#xA;Jul 24 12:34:52.093: INFO: &#x9;Container kube-rbac-proxy-self ready: true, restart count 0&#xA;Jul 24 12:34:52.093: INFO: &#x9;Container kube-state-metrics ready: true, restart count 0&#xA;Jul 24 12:34:52.093: INFO: alertmanager-main-2 started at 2022-07-20 12:54:09 +0000 UTC (0+2 container statuses recorded)&#xA;Jul 24 12:34:52.093: INFO: &#x9;Container alertmanager ready: true, restart count 0&#xA;Jul 24 12:34:52.093: INFO: &#x9;Container config-reloader ready: true, restart count 0&#xA;Jul 24 12:34:52.093: INFO: ksp-controller-85dc685ddc-drtcb started at 2022-07-21 04:07:41 +0000 UTC (0+1 container statuses recorded)&#xA;Jul 24 12:34:52.093: INFO: &#x9;Container controller ready: true, restart count 0&#xA;Jul 24 12:34:52.093: INFO: kube-proxy-pshqk started at 2022-07-05 02:22:26 +0000 UTC (0+1 container statuses recorded)&#xA;Jul 24 12:34:52.093: INFO: &#x9;Container kube-proxy ready: true, restart count 1&#xA;Jul 24 12:34:52.093: INFO: tomcat-ttt45-6c575b65c4-hbkb2 started at 2022-07-21 02:26:42 +0000 UTC (0+1 container statuses recorded)&#xA;Jul 24 12:34:52.093: INFO: &#x9;Container tomcat-ttt45 ready: true, restart count 0&#xA;Jul 24 12:34:52.093: INFO: notification-manager-deployment-78664576cb-mjvs8 started at 2022-07-24 10:48:19 +0000 UTC (0+2 container statuses recorded)&#xA;Jul 24 12:34:52.093: INFO: &#x9;Container notification-manager ready: true, restart count 0&#xA;Jul 24 12:34:52.093: INFO: &#x9;Container tenant ready: true, restart count 0&#xA;Jul 24 12:34:52.093: INFO: revlisten64-6f96b96fdd-464bk started at 2022-07-21 07:42:39 +0000 UTC (0+1 container statuses recorded)&#xA;Jul 24 12:34:52.093: INFO: &#x9;Container revlisten64 ready: true, restart count 0&#xA;Jul 24 12:34:52.093: INFO: worker104-84f6f586c6-6z7qq started at 2022-07-21 02:47:33 +0000 UTC (0+1 container statuses recorded)&#xA;Jul 24 12:34:52.093: INFO: &#x9;Container worker104 ready: true, restart count 0&#xA;Jul 24 12:34:52.093: INFO: kubectl-nibaba-b45bd6bd5-2px2p started at 2022-07-21 02:48:32 +0000 UTC (0+1 container statuses recorded)&#xA;Jul 24 12:34:52.093: INFO: &#x9;Container kubectl ready: true, restart count 0&#xA;Jul 24 12:34:52.093: INFO: process57-5dc7d9d6f8-jpd28 started at 2022-07-21 03:01:27 +0000 UTC (0+1 container statuses recorded)&#xA;Jul 24 12:34:52.093: INFO: &#x9;Container process57 ready: true, restart count 0&#xA;Jul 24 12:34:52.093: INFO: worker106-5d44cc9f84-6xqp5 started at 2022-07-21 06:07:13 +0000 UTC (0+1 container statuses recorded)&#xA;Jul 24 12:34:52.093: INFO: &#x9;Container worker106 ready: true, restart count 0&#xA;Jul 24 12:34:52.093: INFO: ksp-mentor-bfd5c4db9-t9xnv started at 2022-07-24 10:48:15 +0000 UTC (0+1 container statuses recorded)&#xA;Jul 24 12:34:52.093: INFO: &#x9;Container mentor ready: true, restart count 0&#xA;Jul 24 12:34:52.093: INFO: ksp-zookeeper-0 started at 2022-07-20 12:49:22 +0000 UTC (0+1 container statuses recorded)&#xA;Jul 24 12:34:52.093: INFO: &#x9;Container zookeeper ready: true, restart count 0&#xA;Jul 24 12:34:52.093: INFO: node-exporter-mg4n8 started at 2022-07-08 03:28:05 +0000 UTC (0+2 container statuses recorded)&#xA;Jul 24 12:34:52.093: INFO: &#x9;Container kube-rbac-proxy ready: true, restart count 1&#xA;Jul 24 12:34:52.093: INFO: &#x9;Container node-exporter ready: true, restart count 2&#xA;Jul 24 12:34:52.093: INFO: ss2-2 started at 2022-07-23 11:41:42 +0000 UTC (0+1 container statuses recorded)&#xA;Jul 24 12:34:52.093: INFO: &#x9;Container webserver ready: true, restart count 0&#xA;Jul 24 12:34:52.093: INFO: worker107-5fb776b954-m6qdt started at 2022-07-21 06:07:25 +0000 UTC (0+1 container statuses recorded)&#xA;Jul 24 12:34:52.093: INFO: &#x9;Container worker107 ready: true, restart count 0&#xA;Jul 24 12:34:52.093: INFO: revshell-7448cf7f48-b8wgr started at 2022-07-21 07:45:13 +0000 UTC (0+1 container statuses recorded)&#xA;Jul 24 12:34:52.093: INFO: &#x9;Container revshell ready: true, restart count 0&#xA;Jul 24 12:34:52.093: INFO: local-path-provisioner-cc67d8db7-99c58 started at 2022-07-24 10:47:52 +0000 UTC (0+1 container statuses recorded)&#xA;Jul 24 12:34:52.093: INFO: &#x9;Container local-path-provisioner ready: true, restart count 0&#xA;Jul 24 12:34:52.093: INFO: gatekeeper-controller-manager-6566df6878-tfs6r started at 2022-07-24 10:47:53 +0000 UTC (0+1 container statuses recorded)&#xA;Jul 24 12:34:52.093: INFO: &#x9;Container manager ready: true, restart count 0&#xA;Jul 24 12:34:52.093: INFO: ks-controller-manager-bdbb456f4-sjwqk started at 2022-07-20 12:57:11 +0000 UTC (0+1 container statuses recorded)&#xA;Jul 24 12:34:52.093: INFO: &#x9;Container ks-controller-manager ready: true, restart count 5&#xA;Jul 24 12:34:52.093: INFO: ksp-strategy-85bc47b4cd-bj6pr started at 2022-07-21 03:05:39 +0000 UTC (0+1 container statuses recorded)&#xA;Jul 24 12:34:52.093: INFO: &#x9;Container strategy ready: true, restart count 0&#xA;Jul 24 12:34:52.093: INFO: kubectl-test-7d8d6cb4fd-fbz4m started at 2022-07-21 04:00:32 +0000 UTC (0+1 container statuses recorded)&#xA;Jul 24 12:34:52.093: INFO: &#x9;Container kubectl ready: true, restart count 0&#xA;Jul 24 12:34:52.093: INFO: worker105-58b68d59d-gzrt8 started at 2022-07-21 06:07:01 +0000 UTC (0+1 container statuses recorded)&#xA;Jul 24 12:34:52.093: INFO: &#x9;Container worker105 ready: true, restart count 0&#xA;Jul 24 12:34:52.122: INFO: &#xA;Latency metrics for node kubernetes-node-02&#xA;Jul 24 12:34:52.122: INFO: Waiting up to 3m0s for all (but 0) nodes to be ready&#xA;STEP: Destroying namespace &#34;services-9723&#34; for this suite.&#xA;[AfterEach] [sig-network] Services&#xA;  /workspace/src/k8s.io/kubernetes/_output/dockerized/go/src/k8s.io/kubernetes/test/e2e/network/service.go:753&#xA;</system-out>
      </testcase>
      <testcase name="[sig-storage] In-tree Volumes [Driver: windows-gcepd] [Testpattern: Pre-provisioned PV (default fs)] subPath should unmount if pod is force deleted while kubelet is down [Disruptive][Slow][LinuxOnly]" classname="Kubernetes e2e suite" time="0">
          <skipped></skipped>
      </testcase>
      <testcase name="[sig-storage] In-tree Volumes [Driver: nfs] [Testpattern: Dynamic PV (delayed binding)] topology should fail to schedule a pod which has topologies that conflict with AllowedTopologies" classname="Kubernetes e2e suite" time="0">
          <skipped></skipped>
      </testcase>
      <testcase name="[sig-storage] In-tree Volumes [Driver: azure-disk] [Testpattern: Pre-provisioned PV (filesystem volmode)] volumeMode should fail to use a volume in a pod with mismatched mode [Slow]" classname="Kubernetes e2e suite" time="0">
          <skipped></skipped>
      </testcase>
      <testcase name="[sig-storage] In-tree Volumes [Driver: vsphere] [Testpattern: Dynamic PV (ntfs)][Feature:Windows] provisioning should provision storage with pvc data source" classname="Kubernetes e2e suite" time="0">
          <skipped></skipped>
      </testcase>
      <testcase name="[sig-node] Probing container should be restarted with a exec &#34;cat /tmp/health&#34; liveness probe [NodeConformance] [Conformance]" classname="Kubernetes e2e suite" time="84.73489515"></testcase>
      <testcase name="[sig-storage] In-tree Volumes [Driver: emptydir] [Testpattern: Dynamic PV (filesystem volmode)] multiVolume [Slow] should access to two volumes with the same volume mode and retain data across pod recreation on different node" classname="Kubernetes e2e suite" time="0">
          <skipped></skipped>
      </testcase>
      <testcase name="[sig-storage] In-tree Volumes [Driver: emptydir] [Testpattern: Pre-provisioned PV (block volmode)] volumeMode should fail to use a volume in a pod with mismatched mode [Slow]" classname="Kubernetes e2e suite" time="0">
          <skipped></skipped>
      </testcase>
      <testcase name="[sig-storage] In-tree Volumes [Driver: local][LocalVolumeType: tmpfs] [Testpattern: Dynamic PV (default fs)] fsgroupchangepolicy (OnRootMismatch)[LinuxOnly], pod created with an initial fsgroup, new pod fsgroup applied to volume contents" classname="Kubernetes e2e suite" time="0">
          <skipped></skipped>
      </testcase>
      <testcase name="[sig-storage] In-tree Volumes [Driver: iscsi][Feature:Volumes] [Testpattern: Dynamic PV (default fs)] subPath should support existing single file [LinuxOnly]" classname="Kubernetes e2e suite" time="0">
          <skipped></skipped>
      </testcase>
      <testcase name="[sig-storage] In-tree Volumes [Driver: local][LocalVolumeType: tmpfs] [Testpattern: Pre-provisioned PV (xfs)][Slow] volumes should store data" classname="Kubernetes e2e suite" time="0">
          <skipped></skipped>
      </testcase>
      <testcase name="[sig-storage] In-tree Volumes [Driver: ceph][Feature:Volumes][Serial] [Testpattern: Dynamic PV (default fs)] provisioning should provision storage with pvc data source" classname="Kubernetes e2e suite" time="0">
          <skipped></skipped>
      </testcase>
      <testcase name="[sig-storage] In-tree Volumes [Driver: local][LocalVolumeType: dir-bindmounted] [Testpattern: Dynamic PV (block volmode)] multiVolume [Slow] should concurrently access the volume and its clone from pods on the same node [LinuxOnly][Feature:VolumeSnapshotDataSource][Feature:VolumeSourceXFS]" classname="Kubernetes e2e suite" time="0">
          <skipped></skipped>
      </testcase>
      <testcase name="[sig-network] Loadbalancing: L7 GCE [Slow] [Feature:NEG] [Flaky] should be able to switch between IG and NEG modes" classname="Kubernetes e2e suite" time="0">
          <skipped></skipped>
      </testcase>
      <testcase name="[sig-storage] In-tree Volumes [Driver: aws] [Testpattern: Dynamic PV (default fs)] subPath should support restarting containers using file as subpath [Slow][LinuxOnly]" classname="Kubernetes e2e suite" time="0">
          <skipped></skipped>
      </testcase>
      <testcase name="[sig-storage] In-tree Volumes [Driver: cinder] [Testpattern: Dynamic PV (default fs)] fsgroupchangepolicy (Always)[LinuxOnly], pod created with an initial fsgroup, volume contents ownership changed in first pod, new pod with different fsgroup applied to the volume contents" classname="Kubernetes e2e suite" time="0">
          <skipped></skipped>
      </testcase>
      <testcase name="[sig-storage] In-tree Volumes [Driver: azure-disk] [Testpattern: Dynamic PV (xfs)][Slow] multiVolume [Slow] should concurrently access the single volume from pods on different node" classname="Kubernetes e2e suite" time="0">
          <skipped></skipped>
      </testcase>
      <testcase name="[sig-storage] In-tree Volumes [Driver: local][LocalVolumeType: dir-link-bindmounted] [Testpattern: Dynamic PV (filesystem volmode)] multiVolume [Slow] should concurrently access the volume and its clone from pods on the same node [LinuxOnly][Feature:VolumeSnapshotDataSource][Feature:VolumeSourceXFS]" classname="Kubernetes e2e suite" time="0">
          <skipped></skipped>
      </testcase>
      <testcase name="[sig-node] Container Lifecycle Hook when create a pod with lifecycle hook should execute prestop http hook properly [NodeConformance] [Conformance]" classname="Kubernetes e2e suite" time="18.445636309"></testcase>
      <testcase name="[sig-autoscaling] Cluster size autoscaling [Slow] Should scale up GPU pool from 0 [GpuType:] [Feature:ClusterSizeAutoscalingGpu]" classname="Kubernetes e2e suite" time="0">
          <skipped></skipped>
      </testcase>
      <testcase name="[sig-storage] In-tree Volumes [Driver: local][LocalVolumeType: dir-link] [Testpattern: Dynamic PV (default fs)] subPath should support file as subpath [LinuxOnly]" classname="Kubernetes e2e suite" time="0">
          <skipped></skipped>
      </testcase>
      <testcase name="[sig-storage] CSI Volumes [Driver: pd.csi.storage.gke.io][Serial] [Testpattern: Pre-provisioned PV (block volmode)] multiVolume [Slow] should access to two volumes with different volume mode and retain data across pod recreation on the same node" classname="Kubernetes e2e suite" time="0">
          <skipped></skipped>
      </testcase>
      <testcase name="[sig-storage] In-tree Volumes [Driver: cinder] [Testpattern: Pre-provisioned PV (ntfs)][Feature:Windows] volumes should store data" classname="Kubernetes e2e suite" time="0">
          <skipped></skipped>
      </testcase>
      <testcase name="[sig-storage] In-tree Volumes [Driver: local][LocalVolumeType: gce-localssd-scsi-fs] [Serial] [Testpattern: Pre-provisioned PV (default fs)] subPath should support restarting containers using directory as subpath [Slow]" classname="Kubernetes e2e suite" time="0">
          <skipped></skipped>
      </testcase>
      <testcase name="[sig-storage] In-tree Volumes [Driver: local][LocalVolumeType: blockfs] [Testpattern: Dynamic PV (block volmode)] volumeMode should not mount / map unused volumes in a pod [LinuxOnly]" classname="Kubernetes e2e suite" time="0">
          <skipped></skipped>
      </testcase>
      <testcase name="[sig-storage] In-tree Volumes [Driver: vsphere] [Testpattern: Dynamic PV (xfs)][Slow] multiVolume [Slow] should concurrently access the single volume from pods on different node" classname="Kubernetes e2e suite" time="0">
          <skipped></skipped>
      </testcase>
      <testcase name="[sig-storage] In-tree Volumes [Driver: local][LocalVolumeType: block] [Testpattern: Dynamic PV (delayed binding)] topology should fail to schedule a pod which has topologies that conflict with AllowedTopologies" classname="Kubernetes e2e suite" time="0">
          <skipped></skipped>
      </testcase>
      <testcase name="[sig-storage] In-tree Volumes [Driver: cinder] [Testpattern: Dynamic PV (default fs)] subPath should support creating multiple subpath from same volumes [Slow]" classname="Kubernetes e2e suite" time="0">
          <skipped></skipped>
      </testcase>
      <testcase name="[sig-storage] In-tree Volumes [Driver: azure-disk] [Testpattern: Dynamic PV (ext4)] volumes should store data" classname="Kubernetes e2e suite" time="0">
          <skipped></skipped>
      </testcase>
      <testcase name="[sig-storage] Zone Support [Feature:vsphere] Verify PVC creation with incompatible zone along with compatible storagePolicy and datastore combination specified in storage class fails" classname="Kubernetes e2e suite" time="0">
          <skipped></skipped>
      </testcase>
      <testcase name="[sig-storage] In-tree Volumes [Driver: local][LocalVolumeType: block] [Testpattern: Pre-provisioned PV (default fs)] subPath should support file as subpath [LinuxOnly]" classname="Kubernetes e2e suite" time="0">
          <skipped></skipped>
      </testcase>
      <testcase name="[sig-network] Netpol API should support creating NetworkPolicy API operations" classname="Kubernetes e2e suite" time="0">
          <skipped></skipped>
      </testcase>
      <testcase name="[sig-autoscaling] Cluster size autoscaling [Slow] should correctly scale down after a node is not needed when there is non autoscaled pool[Feature:ClusterSizeAutoscalingScaleDown]" classname="Kubernetes e2e suite" time="0">
          <skipped></skipped>
      </testcase>
      <testcase name="[sig-node] Probing container should be restarted with a /healthz http liveness probe [NodeConformance] [Conformance]" classname="Kubernetes e2e suite" time="24.53289676"></testcase>
      <testcase name="[sig-storage] In-tree Volumes [Driver: aws] [Testpattern: Dynamic PV (xfs)][Slow] multiVolume [Slow] should concurrently access the volume and restored snapshot from pods on the same node [LinuxOnly][Feature:VolumeSnapshotDataSource][Feature:VolumeSourceXFS]" classname="Kubernetes e2e suite" time="0">
          <skipped></skipped>
      </testcase>
      <testcase name="[sig-storage] CSI Volumes [Driver: csi-hostpath] [Testpattern: Pre-provisioned PV (default fs)] subPath should unmount if pod is force deleted while kubelet is down [Disruptive][Slow][LinuxOnly]" classname="Kubernetes e2e suite" time="0">
          <skipped></skipped>
      </testcase>
      <testcase name="[sig-node] NoExecuteTaintManager Multiple Pods [Serial] evicts pods with minTolerationSeconds [Disruptive] [Conformance]" classname="Kubernetes e2e suite" time="134.623842082"></testcase>
      <testcase name="[sig-storage] In-tree Volumes [Driver: local][LocalVolumeType: tmpfs] [Testpattern: Dynamic PV (ntfs)(allowExpansion)][Feature:Windows] volume-expand Verify if offline PVC expansion works" classname="Kubernetes e2e suite" time="0">
          <skipped></skipped>
      </testcase>
      <testcase name="[sig-storage] In-tree Volumes [Driver: aws] [Testpattern: Pre-provisioned PV (filesystem volmode)] multiVolume [Slow] should access to two volumes with different volume mode and retain data across pod recreation on the same node" classname="Kubernetes e2e suite" time="0">
          <skipped></skipped>
      </testcase>
      <testcase name="[sig-storage] In-tree Volumes [Driver: emptydir] [Testpattern: Dynamic PV (delayed binding)] topology should provision a volume and schedule a pod with AllowedTopologies" classname="Kubernetes e2e suite" time="0">
          <skipped></skipped>
      </testcase>
      <testcase name="[sig-storage] In-tree Volumes [Driver: local][LocalVolumeType: blockfs] [Testpattern: Dynamic PV (default fs)] subPath should support existing single file [LinuxOnly]" classname="Kubernetes e2e suite" time="0">
          <skipped></skipped>
      </testcase>
      <testcase name="[sig-storage] CSI Volumes [Driver: csi-hostpath] [Testpattern: Dynamic PV (block volmode)] volumeMode should fail to use a volume in a pod with mismatched mode [Slow]" classname="Kubernetes e2e suite" time="0">
          <skipped></skipped>
      </testcase>
      <testcase name="[sig-storage] PersistentVolumes-local  [Volume type: tmpfs] Two pods mounting a local volume at the same time should be able to write from pod1 and read from pod2" classname="Kubernetes e2e suite" time="0">
          <skipped></skipped>
      </testcase>
      <testcase name="[sig-storage] In-tree Volumes [Driver: emptydir] [Testpattern: Pre-provisioned PV (filesystem volmode)] disruptive[Disruptive][LinuxOnly] Should test that pv written before kubelet restart is readable after restart." classname="Kubernetes e2e suite" time="0">
          <skipped></skipped>
      </testcase>
      <testcase name="[sig-storage] In-tree Volumes [Driver: azure-disk] [Testpattern: Dynamic PV (block volmode)] multiVolume [Slow] should concurrently access the volume and restored snapshot from pods on the same node [LinuxOnly][Feature:VolumeSnapshotDataSource][Feature:VolumeSourceXFS]" classname="Kubernetes e2e suite" time="0">
          <skipped></skipped>
      </testcase>
      <testcase name="[sig-storage] In-tree Volumes [Driver: local][LocalVolumeType: dir-link-bindmounted] [Testpattern: Inline-volume (default fs)] subPath should support restarting containers using directory as subpath [Slow]" classname="Kubernetes e2e suite" time="0">
          <skipped></skipped>
      </testcase>
      <testcase name="[sig-storage] CSI Volumes [Driver: pd.csi.storage.gke.io][Serial] [Testpattern: Inline-volume (ext3)] volumes should allow exec of files on the volume" classname="Kubernetes e2e suite" time="0">
          <skipped></skipped>
      </testcase>
      <testcase name="[sig-storage] In-tree Volumes [Driver: local][LocalVolumeType: gce-localssd-scsi-fs] [Serial] [Testpattern: Dynamic PV (ntfs)][Feature:Windows] subPath should verify container cannot write to subpath readonly volumes [Slow]" classname="Kubernetes e2e suite" time="0">
          <skipped></skipped>
      </testcase>
      <testcase name="[sig-storage] CSI Volumes [Driver: csi-hostpath] [Testpattern: Generic Ephemeral-volume (default fs) (immediate-binding)] ephemeral should support multiple inline ephemeral volumes" classname="Kubernetes e2e suite" time="0">
          <skipped></skipped>
      </testcase>
      <testcase name="[sig-storage] In-tree Volumes [Driver: azure-disk] [Testpattern: Dynamic PV (default fs)] subPath should support existing single file [LinuxOnly]" classname="Kubernetes e2e suite" time="0">
          <skipped></skipped>
      </testcase>
      <testcase name="[sig-storage] In-tree Volumes [Driver: local][LocalVolumeType: tmpfs] [Testpattern: Pre-provisioned PV (block volmode)] volumes should store data" classname="Kubernetes e2e suite" time="0">
          <skipped></skipped>
      </testcase>
      <testcase name="[sig-apps] Deployment should validate Deployment Status endpoints [Conformance]" classname="Kubernetes e2e suite" time="97.22252152"></testcase>
      <testcase name="[sig-storage] In-tree Volumes [Driver: rbd][Feature:Volumes][Serial] [Testpattern: Dynamic PV (filesystem volmode)] volumeMode should fail to use a volume in a pod with mismatched mode [Slow]" classname="Kubernetes e2e suite" time="0">
          <skipped></skipped>
      </testcase>
      <testcase name="[sig-storage] In-tree Volumes [Driver: rbd][Feature:Volumes][Serial] [Testpattern: Pre-provisioned PV (filesystem volmode)] disruptive[Disruptive][LinuxOnly] Should test that pv written before kubelet restart is readable after restart." classname="Kubernetes e2e suite" time="0">
          <skipped></skipped>
      </testcase>
      <testcase name="[sig-storage] In-tree Volumes [Driver: ceph][Feature:Volumes][Serial] [Testpattern: Pre-provisioned PV (filesystem volmode)] volumeMode should not mount / map unused volumes in a pod [LinuxOnly]" classname="Kubernetes e2e suite" time="0">
          <skipped></skipped>
      </testcase>
      <testcase name="[sig-storage] In-tree Volumes [Driver: vsphere] [Testpattern: Dynamic PV (default fs)] fsgroupchangepolicy (OnRootMismatch)[LinuxOnly], pod created with an initial fsgroup, volume contents ownership changed in first pod, new pod with same fsgroup skips ownership changes to the volume contents" classname="Kubernetes e2e suite" time="0">
          <skipped></skipped>
      </testcase>
      <testcase name="[sig-storage] In-tree Volumes [Driver: gluster] [Testpattern: Dynamic PV (ext3)] volumes should allow exec of files on the volume" classname="Kubernetes e2e suite" time="0">
          <skipped></skipped>
      </testcase>
      <testcase name="[sig-storage] In-tree Volumes [Driver: local][LocalVolumeType: dir-link] [Testpattern: Inline-volume (default fs)] subPath should fail if subpath directory is outside the volume [Slow][LinuxOnly]" classname="Kubernetes e2e suite" time="0">
          <skipped></skipped>
      </testcase>
      <testcase name="[sig-storage] In-tree Volumes [Driver: cinder] [Testpattern: Dynamic PV (default fs)] volume-stress multiple pods should access different volumes repeatedly [Slow] [Serial]" classname="Kubernetes e2e suite" time="0">
          <skipped></skipped>
      </testcase>
      <testcase name="[sig-node] Docker Containers should be able to override the image&#39;s default command and arguments [NodeConformance] [Conformance]" classname="Kubernetes e2e suite" time="40.490194451"></testcase>
      <testcase name="[sig-storage] In-tree Volumes [Driver: local][LocalVolumeType: blockfs] [Testpattern: Dynamic PV (ext4)] volumes should allow exec of files on the volume" classname="Kubernetes e2e suite" time="0">
          <skipped></skipped>
      </testcase>
      <testcase name="[sig-storage] CSI Volumes [Driver: pd.csi.storage.gke.io][Serial] [Testpattern: Pre-provisioned PV (ext4)] volumes should allow exec of files on the volume" classname="Kubernetes e2e suite" time="0">
          <skipped></skipped>
      </testcase>
      <testcase name="[sig-storage] In-tree Volumes [Driver: local][LocalVolumeType: dir] [Testpattern: Dynamic PV (ext4)] multiVolume [Slow] should access to two volumes with different volume mode and retain data across pod recreation on the same node" classname="Kubernetes e2e suite" time="0">
          <skipped></skipped>
      </testcase>
      <testcase name="[sig-storage] In-tree Volumes [Driver: aws] [Testpattern: Dynamic PV (block volmode)] volumeMode should not mount / map unused volumes in a pod [LinuxOnly]" classname="Kubernetes e2e suite" time="0">
          <skipped></skipped>
      </testcase>
      <testcase name="[sig-storage] In-tree Volumes [Driver: iscsi][Feature:Volumes] [Testpattern: Inline-volume (ext4)] volumes should allow exec of files on the volume" classname="Kubernetes e2e suite" time="0">
          <skipped></skipped>
      </testcase>
      <testcase name="[sig-storage] In-tree Volumes [Driver: hostPathSymlink] [Testpattern: Dynamic PV (ntfs)][Feature:Windows] subPath should fail if subpath file is outside the volume [Slow][LinuxOnly]" classname="Kubernetes e2e suite" time="0">
          <skipped></skipped>
      </testcase>
      <testcase name="[sig-storage] In-tree Volumes [Driver: local][LocalVolumeType: dir-bindmounted] [Testpattern: Dynamic PV (filesystem volmode)] multiVolume [Slow] should concurrently access the single read-only volume from pods on the same node" classname="Kubernetes e2e suite" time="0">
          <skipped></skipped>
      </testcase>
      <testcase name="[sig-storage] In-tree Volumes [Driver: cinder] [Testpattern: Dynamic PV (default fs)] subPath should fail if subpath directory is outside the volume [Slow][LinuxOnly]" classname="Kubernetes e2e suite" time="0">
          <skipped></skipped>
      </testcase>
      <testcase name="[sig-storage] Storage Policy Based Volume Provisioning [Feature:vsphere] verify an existing and compatible SPBM policy is honored for dynamically provisioned pvc using storageclass" classname="Kubernetes e2e suite" time="0">
          <skipped></skipped>
      </testcase>
      <testcase name="[sig-storage] CSI Volumes [Driver: pd.csi.storage.gke.io][Serial] [Testpattern: Dynamic PV (ntfs)][Feature:Windows] subPath should fail if subpath with backstepping is outside the volume [Slow][LinuxOnly]" classname="Kubernetes e2e suite" time="0">
          <skipped></skipped>
      </testcase>
      <testcase name="[sig-storage] In-tree Volumes [Driver: windows-gcepd] [Testpattern: Pre-provisioned PV (block volmode)] multiVolume [Slow] should concurrently access the volume and its clone from pods on the same node [LinuxOnly][Feature:VolumeSnapshotDataSource][Feature:VolumeSourceXFS]" classname="Kubernetes e2e suite" time="0">
          <skipped></skipped>
      </testcase>
      <testcase name="[sig-storage] In-tree Volumes [Driver: rbd][Feature:Volumes][Serial] [Testpattern: Dynamic PV (ext4)] multiVolume [Slow] should concurrently access the volume and its clone from pods on the same node [LinuxOnly][Feature:VolumeSnapshotDataSource][Feature:VolumeSourceXFS]" classname="Kubernetes e2e suite" time="0">
          <skipped></skipped>
      </testcase>
      <testcase name="[sig-storage] CSI Volumes [Driver: pd.csi.storage.gke.io][Serial] [Testpattern: CSI Ephemeral-volume (default fs)] ephemeral should create read-only inline ephemeral volume" classname="Kubernetes e2e suite" time="0">
          <skipped></skipped>
      </testcase>
      <testcase name="[sig-storage] In-tree Volumes [Driver: gcepd] [Testpattern: Dynamic PV (xfs)][Slow] multiVolume [Slow] should concurrently access the single volume from pods on the same node" classname="Kubernetes e2e suite" time="0">
          <skipped></skipped>
      </testcase>
      <testcase name="[sig-storage] In-tree Volumes [Driver: nfs] [Testpattern: Pre-provisioned PV (ntfs)][Feature:Windows] volumes should store data" classname="Kubernetes e2e suite" time="0">
          <skipped></skipped>
      </testcase>
      <testcase name="[sig-storage] In-tree Volumes [Driver: azure-disk] [Testpattern: Dynamic PV (default fs)] subPath should verify container cannot write to subpath readonly volumes [Slow]" classname="Kubernetes e2e suite" time="0">
          <skipped></skipped>
      </testcase>
      <testcase name="[sig-storage] In-tree Volumes [Driver: vsphere] [Testpattern: Dynamic PV (immediate binding)] topology should provision a volume and schedule a pod with AllowedTopologies" classname="Kubernetes e2e suite" time="0">
          <skipped></skipped>
      </testcase>
      <testcase name="[sig-storage] In-tree Volumes [Driver: windows-gcepd] [Testpattern: Dynamic PV (default fs)] subPath should fail if non-existent subpath is outside the volume [Slow][LinuxOnly]" classname="Kubernetes e2e suite" time="0">
          <skipped></skipped>
      </testcase>
      <testcase name="[sig-storage] In-tree Volumes [Driver: local][LocalVolumeType: block] [Testpattern: Dynamic PV (block volmode)] multiVolume [Slow] should concurrently access the single volume from pods on the same node" classname="Kubernetes e2e suite" time="0">
          <skipped></skipped>
      </testcase>
      <testcase name="[sig-storage] In-tree Volumes [Driver: azure-disk] [Testpattern: Pre-provisioned PV (default fs)] subPath should fail if subpath file is outside the volume [Slow][LinuxOnly]" classname="Kubernetes e2e suite" time="0">
          <skipped></skipped>
      </testcase>
      <testcase name="[sig-storage] In-tree Volumes [Driver: cinder] [Testpattern: Dynamic PV (xfs)][Slow] multiVolume [Slow] should access to two volumes with the same volume mode and retain data across pod recreation on different node" classname="Kubernetes e2e suite" time="0">
          <skipped></skipped>
      </testcase>
      <testcase name="[sig-storage] In-tree Volumes [Driver: hostPathSymlink] [Testpattern: Pre-provisioned PV (filesystem volmode)] multiVolume [Slow] should concurrently access the single read-only volume from pods on the same node" classname="Kubernetes e2e suite" time="0">
          <skipped></skipped>
      </testcase>
      <testcase name="[sig-storage] In-tree Volumes [Driver: local][LocalVolumeType: dir-link-bindmounted] [Testpattern: Pre-provisioned PV (xfs)][Slow] volumes should allow exec of files on the volume" classname="Kubernetes e2e suite" time="0">
          <skipped></skipped>
      </testcase>
      <testcase name="[sig-storage] In-tree Volumes [Driver: local][LocalVolumeType: dir-bindmounted] [Testpattern: Dynamic PV (ext4)] multiVolume [Slow] should concurrently access the single read-only volume from pods on the same node" classname="Kubernetes e2e suite" time="0">
          <skipped></skipped>
      </testcase>
      <testcase name="[sig-storage] In-tree Volumes [Driver: gcepd] [Testpattern: Dynamic PV (ntfs)][Feature:Windows] subPath should be able to unmount after the subpath directory is deleted [LinuxOnly]" classname="Kubernetes e2e suite" time="0">
          <skipped></skipped>
      </testcase>
      <testcase name="[sig-storage] In-tree Volumes [Driver: local][LocalVolumeType: dir-link-bindmounted] [Testpattern: Dynamic PV (xfs)][Slow] volumes should allow exec of files on the volume" classname="Kubernetes e2e suite" time="0">
          <skipped></skipped>
      </testcase>
      <testcase name="[sig-storage] In-tree Volumes [Driver: cinder] [Testpattern: Dynamic PV (block volmode)] multiVolume [Slow] should concurrently access the single read-only volume from pods on the same node" classname="Kubernetes e2e suite" time="0">
          <skipped></skipped>
      </testcase>
      <testcase name="[sig-storage] In-tree Volumes [Driver: local][LocalVolumeType: gce-localssd-scsi-fs] [Serial] [Testpattern: Inline-volume (default fs)] subPath should support file as subpath [LinuxOnly]" classname="Kubernetes e2e suite" time="0">
          <skipped></skipped>
      </testcase>
      <testcase name="[sig-storage] In-tree Volumes [Driver: hostPath] [Testpattern: Inline-volume (default fs)] subPath should support non-existent path" classname="Kubernetes e2e suite" time="0">
          <skipped></skipped>
      </testcase>
      <testcase name="[sig-storage] In-tree Volumes [Driver: local][LocalVolumeType: block] [Testpattern: Dynamic PV (xfs)][Slow] multiVolume [Slow] should concurrently access the volume and its clone from pods on the same node [LinuxOnly][Feature:VolumeSnapshotDataSource][Feature:VolumeSourceXFS]" classname="Kubernetes e2e suite" time="0">
          <skipped></skipped>
      </testcase>
      <testcase name="[sig-storage] In-tree Volumes [Driver: nfs] [Testpattern: Pre-provisioned PV (default fs)] subPath should support readOnly directory specified in the volumeMount" classname="Kubernetes e2e suite" time="0">
          <skipped></skipped>
      </testcase>
      <testcase name="[sig-node] Security Context when creating containers with AllowPrivilegeEscalation should allow privilege escalation when true [LinuxOnly] [NodeConformance]" classname="Kubernetes e2e suite" time="0">
          <skipped></skipped>
      </testcase>
      <testcase name="[sig-storage] In-tree Volumes [Driver: hostPath] [Testpattern: Dynamic PV (ntfs)][Feature:Windows] subPath should support restarting containers using file as subpath [Slow][LinuxOnly]" classname="Kubernetes e2e suite" time="0">
          <skipped></skipped>
      </testcase>
      <testcase name="[sig-storage] In-tree Volumes [Driver: cinder] [Testpattern: Pre-provisioned PV (block volmode)] disruptive[Disruptive][LinuxOnly] Should test that pv used in a pod that is deleted while the kubelet is down cleans up when the kubelet returns." classname="Kubernetes e2e suite" time="0">
          <skipped></skipped>
      </testcase>
      <testcase name="[sig-storage] In-tree Volumes [Driver: hostPathSymlink] [Testpattern: Dynamic PV (default fs)(allowExpansion)] volume-expand Verify if offline PVC expansion works" classname="Kubernetes e2e suite" time="0">
          <skipped></skipped>
      </testcase>
      <testcase name="[sig-storage] PersistentVolumes-local  [Volume type: dir] Set fsGroup for local volume should set fsGroup for one pod [Slow]" classname="Kubernetes e2e suite" time="0">
          <skipped></skipped>
      </testcase>
      <testcase name="[sig-storage] ConfigMap binary data should be reflected in volume [NodeConformance] [Conformance]" classname="Kubernetes e2e suite" time="29.886757121"></testcase>
      <testcase name="[sig-storage] In-tree Volumes [Driver: local][LocalVolumeType: blockfs] [Testpattern: Pre-provisioned PV (block volmode)] multiVolume [Slow] should concurrently access the volume and restored snapshot from pods on the same node [LinuxOnly][Feature:VolumeSnapshotDataSource][Feature:VolumeSourceXFS]" classname="Kubernetes e2e suite" time="0">
          <skipped></skipped>
      </testcase>
      <testcase name="[sig-storage] In-tree Volumes [Driver: gcepd] [Testpattern: Dynamic PV (xfs)][Slow] multiVolume [Slow] should concurrently access the single read-only volume from pods on the same node" classname="Kubernetes e2e suite" time="0">
          <skipped></skipped>
      </testcase>
      <testcase name="[sig-storage] In-tree Volumes [Driver: hostPath] [Testpattern: Inline-volume (default fs)] subPath should support creating multiple subpath from same volumes [Slow]" classname="Kubernetes e2e suite" time="0">
          <skipped></skipped>
      </testcase>
      <testcase name="[sig-storage] CSI Volumes [Driver: pd.csi.storage.gke.io][Serial] [Testpattern: Dynamic PV (filesystem volmode)] multiVolume [Slow] should access to two volumes with different volume mode and retain data across pod recreation on the same node" classname="Kubernetes e2e suite" time="0">
          <skipped></skipped>
      </testcase>
      <testcase name="[sig-storage] In-tree Volumes [Driver: aws] [Testpattern: Pre-provisioned PV (ext3)] volumes should store data" classname="Kubernetes e2e suite" time="0">
          <skipped></skipped>
      </testcase>
      <testcase name="[sig-storage] In-tree Volumes [Driver: gluster] [Testpattern: Dynamic PV (filesystem volmode)] multiVolume [Slow] should access to two volumes with the same volume mode and retain data across pod recreation on the same node" classname="Kubernetes e2e suite" time="0">
          <skipped></skipped>
      </testcase>
      <testcase name="[sig-storage] In-tree Volumes [Driver: windows-gcepd] [Testpattern: Inline-volume (default fs)] volumes should store data" classname="Kubernetes e2e suite" time="0">
          <skipped></skipped>
      </testcase>
      <testcase name="[sig-cli] Kubectl client Kubectl client-side validation should create/apply a CR with unknown fields for CRD with no validation schema" classname="Kubernetes e2e suite" time="0">
          <skipped></skipped>
      </testcase>
      <testcase name="[sig-storage] In-tree Volumes [Driver: nfs] [Testpattern: Dynamic PV (ext4)] multiVolume [Slow] should access to two volumes with the same volume mode and retain data across pod recreation on different node" classname="Kubernetes e2e suite" time="0">
          <skipped></skipped>
      </testcase>
      <testcase name="[sig-storage] In-tree Volumes [Driver: local][LocalVolumeType: block] [Testpattern: Inline-volume (default fs)] subPath should support restarting containers using directory as subpath [Slow]" classname="Kubernetes e2e suite" time="0">
          <skipped></skipped>
      </testcase>
      <testcase name="[sig-storage] In-tree Volumes [Driver: local][LocalVolumeType: gce-localssd-scsi-fs] [Serial] [Testpattern: Pre-provisioned PV (filesystem volmode)] multiVolume [Slow] should concurrently access the single read-only volume from pods on the same node" classname="Kubernetes e2e suite" time="0">
          <skipped></skipped>
      </testcase>
      <testcase name="[sig-storage] In-tree Volumes [Driver: local][LocalVolumeType: dir-link-bindmounted] [Testpattern: Dynamic PV (block volmode)] multiVolume [Slow] should concurrently access the single read-only volume from pods on the same node" classname="Kubernetes e2e suite" time="0">
          <skipped></skipped>
      </testcase>
      <testcase name="[sig-storage] In-tree Volumes [Driver: hostPathSymlink] [Testpattern: Dynamic PV (default fs)] provisioning should provision storage with mount options" classname="Kubernetes e2e suite" time="0">
          <skipped></skipped>
      </testcase>
      <testcase name="[sig-storage] In-tree Volumes [Driver: gcepd] [Testpattern: Pre-provisioned PV (block volmode)] volumeMode should fail to use a volume in a pod with mismatched mode [Slow]" classname="Kubernetes e2e suite" time="0">
          <skipped></skipped>
      </testcase>
      <testcase name="[sig-storage] In-tree Volumes [Driver: ceph][Feature:Volumes][Serial] [Testpattern: Inline-volume (ntfs)][Feature:Windows] volumes should allow exec of files on the volume" classname="Kubernetes e2e suite" time="0">
          <skipped></skipped>
      </testcase>
      <testcase name="[sig-storage] In-tree Volumes [Driver: local][LocalVolumeType: gce-localssd-scsi-fs] [Serial] [Testpattern: Pre-provisioned PV (default fs)] subPath should verify container cannot write to subpath readonly volumes [Slow]" classname="Kubernetes e2e suite" time="0">
          <skipped></skipped>
      </testcase>
      <testcase name="[sig-storage] In-tree Volumes [Driver: rbd][Feature:Volumes][Serial] [Testpattern: Pre-provisioned PV (filesystem volmode)] volumeMode should not mount / map unused volumes in a pod [LinuxOnly]" classname="Kubernetes e2e suite" time="0">
          <skipped></skipped>
      </testcase>
      <testcase name="[sig-storage] In-tree Volumes [Driver: emptydir] [Testpattern: Dynamic PV (ntfs)][Feature:Windows] volume-expand should not allow expansion of pvcs without AllowVolumeExpansion property" classname="Kubernetes e2e suite" time="0">
          <skipped></skipped>
      </testcase>
      <testcase name="[sig-storage] In-tree Volumes [Driver: local][LocalVolumeType: dir-link] [Testpattern: Inline-volume (default fs)] volumeIO should write files of various sizes, verify size, validate content [Slow][LinuxOnly]" classname="Kubernetes e2e suite" time="0">
          <skipped></skipped>
      </testcase>
      <testcase name="[sig-storage] In-tree Volumes [Driver: local][LocalVolumeType: tmpfs] [Testpattern: Inline-volume (ext4)] volumes should store data" classname="Kubernetes e2e suite" time="0">
          <skipped></skipped>
      </testcase>
      <testcase name="[sig-storage] CSI Volumes [Driver: pd.csi.storage.gke.io][Serial] [Testpattern: Pre-provisioned PV (default fs)] subPath should unmount if pod is force deleted while kubelet is down [Disruptive][Slow][LinuxOnly]" classname="Kubernetes e2e suite" time="0">
          <skipped></skipped>
      </testcase>
      <testcase name="[sig-cli] Kubectl client Simple pod should support exec" classname="Kubernetes e2e suite" time="0">
          <skipped></skipped>
      </testcase>
      <testcase name="[sig-storage] PersistentVolumes [Feature:vsphere][Feature:LabelSelector] Selector-Label Volume Binding:vsphere [Feature:vsphere] should bind volume with claim for given label" classname="Kubernetes e2e suite" time="0">
          <skipped></skipped>
      </testcase>
      <testcase name="[sig-storage] In-tree Volumes [Driver: rbd][Feature:Volumes][Serial] [Testpattern: Inline-volume (ext3)] volumes should store data" classname="Kubernetes e2e suite" time="0">
          <skipped></skipped>
      </testcase>
      <testcase name="[sig-storage] In-tree Volumes [Driver: local][LocalVolumeType: dir-bindmounted] [Testpattern: Pre-provisioned PV (block volmode)] volumeMode should fail to use a volume in a pod with mismatched mode [Slow]" classname="Kubernetes e2e suite" time="0">
          <skipped></skipped>
      </testcase>
      <testcase name="[sig-storage] In-tree Volumes [Driver: local][LocalVolumeType: gce-localssd-scsi-fs] [Serial] [Testpattern: Pre-provisioned PV (block volmode)] volumeMode should not mount / map unused volumes in a pod [LinuxOnly]" classname="Kubernetes e2e suite" time="0">
          <skipped></skipped>
      </testcase>
      <testcase name="[sig-network] Netpol NetworkPolicy between server and client should enforce policy to allow traffic only from a pod in a different namespace based on PodSelector and NamespaceSelector [Feature:NetworkPolicy]" classname="Kubernetes e2e suite" time="0">
          <skipped></skipped>
      </testcase>
      <testcase name="[sig-storage] In-tree Volumes [Driver: emptydir] [Testpattern: Dynamic PV (ntfs)][Feature:Windows] subPath should support non-existent path" classname="Kubernetes e2e suite" time="0">
          <skipped></skipped>
      </testcase>
      <testcase name="[sig-storage] In-tree Volumes [Driver: vsphere] [Testpattern: Dynamic PV (ext4)] multiVolume [Slow] should concurrently access the volume and its clone from pods on the same node [LinuxOnly][Feature:VolumeSnapshotDataSource][Feature:VolumeSourceXFS]" classname="Kubernetes e2e suite" time="0">
          <skipped></skipped>
      </testcase>
      <testcase name="[sig-storage] In-tree Volumes [Driver: aws] [Testpattern: Dynamic PV (filesystem volmode)] multiVolume [Slow] should concurrently access the volume and restored snapshot from pods on the same node [LinuxOnly][Feature:VolumeSnapshotDataSource][Feature:VolumeSourceXFS]" classname="Kubernetes e2e suite" time="0">
          <skipped></skipped>
      </testcase>
      <testcase name="[sig-storage] [Serial] Volume metrics PVController should create none metrics for pvc controller before creating any PV or PVC" classname="Kubernetes e2e suite" time="0">
          <skipped></skipped>
      </testcase>
      <testcase name="[sig-network] Services should serve multiport endpoints from pods  [Conformance]" classname="Kubernetes e2e suite" time="69.074468747"></testcase>
      <testcase name="[sig-storage] In-tree Volumes [Driver: local][LocalVolumeType: blockfs] [Testpattern: Dynamic PV (ext3)] volumes should store data" classname="Kubernetes e2e suite" time="0">
          <skipped></skipped>
      </testcase>
      <testcase name="[sig-storage] CSI Volumes [Driver: csi-hostpath] [Testpattern: Dynamic PV (block volmode)] provisioning should provision storage with mount options" classname="Kubernetes e2e suite" time="0">
          <skipped></skipped>
      </testcase>
      <testcase name="[sig-storage] In-tree Volumes [Driver: local][LocalVolumeType: gce-localssd-scsi-fs] [Serial] [Testpattern: Dynamic PV (filesystem volmode)] multiVolume [Slow] should concurrently access the single volume from pods on different node" classname="Kubernetes e2e suite" time="0">
          <skipped></skipped>
      </testcase>
      <testcase name="[sig-storage] Storage Policy Based Volume Provisioning [Feature:vsphere] verify VSAN storage capability with non-vsan datastore is not honored for dynamically provisioned pvc using storageclass" classname="Kubernetes e2e suite" time="0">
          <skipped></skipped>
      </testcase>
      <testcase name="[sig-storage] In-tree Volumes [Driver: local][LocalVolumeType: dir-link] [Testpattern: Dynamic PV (block volmode)] disruptive[Disruptive][LinuxOnly] Should test that pv written before kubelet restart is readable after restart." classname="Kubernetes e2e suite" time="0">
          <skipped></skipped>
      </testcase>
      <testcase name="[sig-storage] In-tree Volumes [Driver: gcepd] [Testpattern: Inline-volume (default fs)] subPath should support existing single file [LinuxOnly]" classname="Kubernetes e2e suite" time="0">
          <skipped></skipped>
      </testcase>
      <testcase name="[sig-storage] CSI Volumes [Driver: csi-hostpath] [Testpattern: Pre-provisioned PV (filesystem volmode)] multiVolume [Slow] should access to two volumes with the same volume mode and retain data across pod recreation on the same node" classname="Kubernetes e2e suite" time="0">
          <skipped></skipped>
      </testcase>
      <testcase name="[sig-storage] In-tree Volumes [Driver: ceph][Feature:Volumes][Serial] [Testpattern: Pre-provisioned PV (block volmode)] multiVolume [Slow] should access to two volumes with different volume mode and retain data across pod recreation on different node" classname="Kubernetes e2e suite" time="0">
          <skipped></skipped>
      </testcase>
      <testcase name="[sig-storage] In-tree Volumes [Driver: hostPath] [Testpattern: Dynamic PV (default fs)] subPath should support readOnly file specified in the volumeMount [LinuxOnly]" classname="Kubernetes e2e suite" time="0">
          <skipped></skipped>
      </testcase>
      <testcase name="[sig-storage] In-tree Volumes [Driver: local][LocalVolumeType: dir-link] [Testpattern: Pre-provisioned PV (block volmode)] disruptive[Disruptive][LinuxOnly] Should test that pv used in a pod that is deleted while the kubelet is down cleans up when the kubelet returns." classname="Kubernetes e2e suite" time="0">
          <skipped></skipped>
      </testcase>
      <testcase name="[sig-storage] In-tree Volumes [Driver: azure-disk] [Testpattern: Dynamic PV (ntfs)][Feature:Windows] subPath should support existing directory" classname="Kubernetes e2e suite" time="0">
          <skipped></skipped>
      </testcase>
      <testcase name="[sig-storage] In-tree Volumes [Driver: azure-disk] [Testpattern: Pre-provisioned PV (filesystem volmode)] multiVolume [Slow] should access to two volumes with different volume mode and retain data across pod recreation on the same node" classname="Kubernetes e2e suite" time="0">
          <skipped></skipped>
      </testcase>
      <testcase name="[sig-storage] In-tree Volumes [Driver: hostPath] [Testpattern: Dynamic PV (ext3)] volumes should store data" classname="Kubernetes e2e suite" time="0">
          <skipped></skipped>
      </testcase>
      <testcase name="[sig-storage] HostPathType Block Device [Slow] Should fail on mounting block device &#39;ablkdev&#39; when HostPathType is HostPathSocket" classname="Kubernetes e2e suite" time="0">
          <skipped></skipped>
      </testcase>
      <testcase name="[sig-storage] In-tree Volumes [Driver: windows-gcepd] [Testpattern: Dynamic PV (xfs)][Slow] multiVolume [Slow] should concurrently access the volume and its clone from pods on the same node [LinuxOnly][Feature:VolumeSnapshotDataSource][Feature:VolumeSourceXFS]" classname="Kubernetes e2e suite" time="0">
          <skipped></skipped>
      </testcase>
      <testcase name="[sig-storage] In-tree Volumes [Driver: vsphere] [Testpattern: Dynamic PV (xfs)][Slow] multiVolume [Slow] should concurrently access the volume and its clone from pods on the same node [LinuxOnly][Feature:VolumeSnapshotDataSource][Feature:VolumeSourceXFS]" classname="Kubernetes e2e suite" time="0">
          <skipped></skipped>
      </testcase>
      <testcase name="[sig-apps] StatefulSet Basic StatefulSet functionality [StatefulSetBasic] Scaling should happen in predictable order and halt if any stateful pod is unhealthy [Slow] [Conformance]" classname="Kubernetes e2e suite" time="92.8526173"></testcase>
      <testcase name="[sig-storage] In-tree Volumes [Driver: hostPath] [Testpattern: Pre-provisioned PV (block volmode)] volumes should store data" classname="Kubernetes e2e suite" time="0">
          <skipped></skipped>
      </testcase>
      <testcase name="[sig-storage] In-tree Volumes [Driver: rbd][Feature:Volumes][Serial] [Testpattern: Dynamic PV (ntfs)][Feature:Windows] subPath should fail if non-existent subpath is outside the volume [Slow][LinuxOnly]" classname="Kubernetes e2e suite" time="0">
          <skipped></skipped>
      </testcase>
      <testcase name="[sig-storage] Projected downwardAPI should provide container&#39;s memory limit [NodeConformance] [Conformance]" classname="Kubernetes e2e suite" time="10.669685742"></testcase>
      <testcase name="[sig-storage] In-tree Volumes [Driver: ceph][Feature:Volumes][Serial] [Testpattern: Dynamic PV (default fs)] fsgroupchangepolicy (OnRootMismatch)[LinuxOnly], pod created with an initial fsgroup, volume contents ownership changed in first pod, new pod with same fsgroup skips ownership changes to the volume contents" classname="Kubernetes e2e suite" time="0">
          <skipped></skipped>
      </testcase>
      <testcase name="[sig-storage] In-tree Volumes [Driver: vsphere] [Testpattern: Pre-provisioned PV (block volmode)] multiVolume [Slow] should access to two volumes with different volume mode and retain data across pod recreation on different node" classname="Kubernetes e2e suite" time="0">
          <skipped></skipped>
      </testcase>
      <testcase name="[sig-storage] In-tree Volumes [Driver: vsphere] [Testpattern: Dynamic PV (ext4)] multiVolume [Slow] should access to two volumes with the same volume mode and retain data across pod recreation on different node" classname="Kubernetes e2e suite" time="0">
          <skipped></skipped>
      </testcase>
      <testcase name="[sig-storage] In-tree Volumes [Driver: local][LocalVolumeType: gce-localssd-scsi-fs] [Serial] [Testpattern: Dynamic PV (filesystem volmode)] disruptive[Disruptive][LinuxOnly] Should test that pv written before kubelet restart is readable after restart." classname="Kubernetes e2e suite" time="0">
          <skipped></skipped>
      </testcase>
      <testcase name="[sig-storage] In-tree Volumes [Driver: local][LocalVolumeType: tmpfs] [Testpattern: Dynamic PV (xfs)][Slow] multiVolume [Slow] should access to two volumes with the same volume mode and retain data across pod recreation on the same node" classname="Kubernetes e2e suite" time="0">
          <skipped></skipped>
      </testcase>
      <testcase name="[sig-storage] In-tree Volumes [Driver: local][LocalVolumeType: tmpfs] [Testpattern: Dynamic PV (block volmode)] multiVolume [Slow] should access to two volumes with the same volume mode and retain data across pod recreation on different node" classname="Kubernetes e2e suite" time="0">
          <skipped></skipped>
      </testcase>
      <testcase name="[sig-storage] In-tree Volumes [Driver: hostPathSymlink] [Testpattern: Dynamic PV (xfs)][Slow] multiVolume [Slow] should concurrently access the volume and its clone from pods on the same node [LinuxOnly][Feature:VolumeSnapshotDataSource][Feature:VolumeSourceXFS]" classname="Kubernetes e2e suite" time="0">
          <skipped></skipped>
      </testcase>
      <testcase name="[sig-storage] Pod Disks should be able to delete a non-existent PD without error" classname="Kubernetes e2e suite" time="0">
          <skipped></skipped>
      </testcase>
      <testcase name="[sig-storage] In-tree Volumes [Driver: iscsi][Feature:Volumes] [Testpattern: Pre-provisioned PV (block volmode)] multiVolume [Slow] should concurrently access the single read-only volume from pods on the same node" classname="Kubernetes e2e suite" time="0">
          <skipped></skipped>
      </testcase>
      <testcase name="[sig-storage] In-tree Volumes [Driver: gcepd] [Testpattern: Dynamic PV (block volmode)] disruptive[Disruptive][LinuxOnly] Should test that pv used in a pod that is force deleted while the kubelet is down cleans up when the kubelet returns." classname="Kubernetes e2e suite" time="0">
          <skipped></skipped>
      </testcase>
      <testcase name="[sig-storage] In-tree Volumes [Driver: emptydir] [Testpattern: Dynamic PV (block volmode)] multiVolume [Slow] should access to two volumes with the same volume mode and retain data across pod recreation on the same node" classname="Kubernetes e2e suite" time="0">
          <skipped></skipped>
      </testcase>
      <testcase name="[sig-storage] In-tree Volumes [Driver: gluster] [Testpattern: Dynamic PV (xfs)][Slow] multiVolume [Slow] should access to two volumes with different volume mode and retain data across pod recreation on different node" classname="Kubernetes e2e suite" time="0">
          <skipped></skipped>
      </testcase>
      <testcase name="[sig-storage] In-tree Volumes [Driver: windows-gcepd] [Testpattern: Dynamic PV (filesystem volmode)] multiVolume [Slow] should access to two volumes with the same volume mode and retain data across pod recreation on different node" classname="Kubernetes e2e suite" time="0">
          <skipped></skipped>
      </testcase>
      <testcase name="[sig-storage] In-tree Volumes [Driver: local][LocalVolumeType: tmpfs] [Testpattern: Dynamic PV (default fs)] volume-stress multiple pods should access different volumes repeatedly [Slow] [Serial]" classname="Kubernetes e2e suite" time="0">
          <skipped></skipped>
      </testcase>
      <testcase name="[sig-storage] PersistentVolumes [Feature:vsphere][Feature:ReclaimPolicy] persistentvolumereclaim:vsphere [Feature:vsphere] should retain persistent volume when reclaimPolicy set to retain when associated claim is deleted" classname="Kubernetes e2e suite" time="0">
          <skipped></skipped>
      </testcase>
      <testcase name="[sig-storage] In-tree Volumes [Driver: cinder] [Testpattern: Dynamic PV (default fs)] fsgroupchangepolicy (Always)[LinuxOnly], pod created with an initial fsgroup, volume contents ownership changed in first pod, new pod with same fsgroup applied to the volume contents" classname="Kubernetes e2e suite" time="0">
          <skipped></skipped>
      </testcase>
      <testcase name="[sig-storage] In-tree Volumes [Driver: hostPath] [Testpattern: Dynamic PV (ntfs)][Feature:Windows] provisioning should provision storage with pvc data source in parallel [Slow]" classname="Kubernetes e2e suite" time="0">
          <skipped></skipped>
      </testcase>
      <testcase name="[sig-storage] In-tree Volumes [Driver: local][LocalVolumeType: dir] [Testpattern: Dynamic PV (default fs)] subPath should be able to unmount after the subpath directory is deleted [LinuxOnly]" classname="Kubernetes e2e suite" time="0">
          <skipped></skipped>
      </testcase>
      <testcase name="[sig-storage] CSI Volumes [Driver: csi-hostpath] [Testpattern: Dynamic PV (default fs)] subPath should support existing directory" classname="Kubernetes e2e suite" time="0">
          <skipped></skipped>
      </testcase>
      <testcase name="[sig-node] Kubelet [Serial] [Slow] regular resource usage tracking [Feature:RegularResourceUsageTracking] resource tracking for 100 pods per node" classname="Kubernetes e2e suite" time="0">
          <skipped></skipped>
      </testcase>
      <testcase name="[sig-storage] In-tree Volumes [Driver: local][LocalVolumeType: dir-link] [Testpattern: Dynamic PV (ext3)] volumes should allow exec of files on the volume" classname="Kubernetes e2e suite" time="0">
          <skipped></skipped>
      </testcase>
      <testcase name="[sig-storage] In-tree Volumes [Driver: emptydir] [Testpattern: Dynamic PV (default fs)] subPath should support file as subpath [LinuxOnly]" classname="Kubernetes e2e suite" time="0">
          <skipped></skipped>
      </testcase>
      <testcase name="[sig-storage] In-tree Volumes [Driver: local][LocalVolumeType: blockfs] [Testpattern: Dynamic PV (ext4)] multiVolume [Slow] should access to two volumes with the same volume mode and retain data across pod recreation on the same node" classname="Kubernetes e2e suite" time="0">
          <skipped></skipped>
      </testcase>
      <testcase name="[sig-storage] CSI Volumes [Driver: pd.csi.storage.gke.io][Serial] [Testpattern: Dynamic PV (default fs)] subPath should unmount if pod is gracefully deleted while kubelet is down [Disruptive][Slow][LinuxOnly]" classname="Kubernetes e2e suite" time="0">
          <skipped></skipped>
      </testcase>
      <testcase name="[sig-storage] In-tree Volumes [Driver: local][LocalVolumeType: block] [Testpattern: Dynamic PV (filesystem volmode)] disruptive[Disruptive][LinuxOnly] Should test that pv written before kubelet restart is readable after restart." classname="Kubernetes e2e suite" time="0">
          <skipped></skipped>
      </testcase>
      <testcase name="[sig-storage] In-tree Volumes [Driver: cinder] [Testpattern: Dynamic PV (default fs)] subPath should be able to unmount after the subpath directory is deleted [LinuxOnly]" classname="Kubernetes e2e suite" time="0">
          <skipped></skipped>
      </testcase>
      <testcase name="[sig-storage] CSI Volumes [Driver: pd.csi.storage.gke.io][Serial] [Testpattern: Pre-provisioned PV (default fs)] subPath should support readOnly file specified in the volumeMount [LinuxOnly]" classname="Kubernetes e2e suite" time="0">
          <skipped></skipped>
      </testcase>
      <testcase name="[sig-storage] In-tree Volumes [Driver: ceph][Feature:Volumes][Serial] [Testpattern: Dynamic PV (ntfs)][Feature:Windows] subPath should verify container cannot write to subpath readonly volumes [Slow]" classname="Kubernetes e2e suite" time="0">
          <skipped></skipped>
      </testcase>
      <testcase name="[sig-storage] In-tree Volumes [Driver: nfs] [Testpattern: Dynamic PV (block volmode)] volumeMode should fail in binding dynamic provisioned PV to PVC [Slow][LinuxOnly]" classname="Kubernetes e2e suite" time="0">
          <skipped></skipped>
      </testcase>
      <testcase name="[sig-autoscaling] Cluster size autoscaling [Slow] should be able to scale down when rescheduling a pod is required and pdb allows for it[Feature:ClusterSizeAutoscalingScaleDown]" classname="Kubernetes e2e suite" time="0">
          <skipped></skipped>
      </testcase>
      <testcase name="[sig-storage] In-tree Volumes [Driver: local][LocalVolumeType: block] [Testpattern: Dynamic PV (ntfs)][Feature:Windows] volumes should store data" classname="Kubernetes e2e suite" time="0">
          <skipped></skipped>
      </testcase>
      <testcase name="[sig-storage] In-tree Volumes [Driver: local][LocalVolumeType: dir-link-bindmounted] [Testpattern: Inline-volume (default fs)] subPath should support restarting containers using file as subpath [Slow][LinuxOnly]" classname="Kubernetes e2e suite" time="0">
          <skipped></skipped>
      </testcase>
      <testcase name="[sig-storage] In-tree Volumes [Driver: vsphere] [Testpattern: Dynamic PV (default fs)] subPath should support non-existent path" classname="Kubernetes e2e suite" time="0">
          <skipped></skipped>
      </testcase>
      <testcase name="[sig-storage] In-tree Volumes [Driver: hostPath] [Testpattern: Dynamic PV (ext4)] multiVolume [Slow] should concurrently access the volume and its clone from pods on the same node [LinuxOnly][Feature:VolumeSnapshotDataSource][Feature:VolumeSourceXFS]" classname="Kubernetes e2e suite" time="0">
          <skipped></skipped>
      </testcase>
      <testcase name="[sig-windows] [Feature:WindowsHostProcessContainers] [Excluded:WindowsDocker] [MinimumKubeletVersion:1.22] HostProcess containers should run as a process on the host/node" classname="Kubernetes e2e suite" time="0">
          <skipped></skipped>
      </testcase>
      <testcase name="[sig-storage] In-tree Volumes [Driver: aws] [Testpattern: Dynamic PV (filesystem volmode)] volumeLimits should support volume limits [Serial]" classname="Kubernetes e2e suite" time="0">
          <skipped></skipped>
      </testcase>
      <testcase name="[sig-storage] In-tree Volumes [Driver: nfs] [Testpattern: Dynamic PV (ntfs)][Feature:Windows] subPath should support readOnly directory specified in the volumeMount" classname="Kubernetes e2e suite" time="0">
          <skipped></skipped>
      </testcase>
      <testcase name="[sig-storage] In-tree Volumes [Driver: nfs] [Testpattern: Dynamic PV (xfs)][Slow] multiVolume [Slow] should access to two volumes with different volume mode and retain data across pod recreation on different node" classname="Kubernetes e2e suite" time="0">
          <skipped></skipped>
      </testcase>
      <testcase name="[sig-storage] In-tree Volumes [Driver: aws] [Testpattern: Dynamic PV (default fs)] subPath should be able to unmount after the subpath directory is deleted [LinuxOnly]" classname="Kubernetes e2e suite" time="0">
          <skipped></skipped>
      </testcase>
      <testcase name="[sig-storage] In-tree Volumes [Driver: windows-gcepd] [Testpattern: Dynamic PV (block volmode)] multiVolume [Slow] should access to two volumes with different volume mode and retain data across pod recreation on different node" classname="Kubernetes e2e suite" time="0">
          <skipped></skipped>
      </testcase>
      <testcase name="[sig-storage] In-tree Volumes [Driver: windows-gcepd] [Testpattern: Dynamic PV (ntfs)][Feature:Windows] volumes should store data" classname="Kubernetes e2e suite" time="0">
          <skipped></skipped>
      </testcase>
      <testcase name="[sig-node] Security Context should support volume SELinux relabeling [Flaky] [LinuxOnly]" classname="Kubernetes e2e suite" time="0">
          <skipped></skipped>
      </testcase>
      <testcase name="[sig-storage] In-tree Volumes [Driver: hostPathSymlink] [Testpattern: Dynamic PV (ext3)] volumes should store data" classname="Kubernetes e2e suite" time="0">
          <skipped></skipped>
      </testcase>
      <testcase name="[sig-storage] In-tree Volumes [Driver: gcepd] [Testpattern: Dynamic PV (ntfs)][Feature:Windows] provisioning should provision storage with snapshot data source [Feature:VolumeSnapshotDataSource]" classname="Kubernetes e2e suite" time="0">
          <skipped></skipped>
      </testcase>
      <testcase name="[sig-node] Variable Expansion should fail substituting values in a volume subpath with backticks [Slow] [Conformance]" classname="Kubernetes e2e suite" time="8.457880923"></testcase>
      <testcase name="[sig-storage] CSI Volumes [Driver: csi-hostpath] [Testpattern: Pre-provisioned PV (block volmode)] volumes should store data" classname="Kubernetes e2e suite" time="0">
          <skipped></skipped>
      </testcase>
      <testcase name="[sig-storage] In-tree Volumes [Driver: vsphere] [Testpattern: Dynamic PV (ntfs)][Feature:Windows] provisioning should provision storage with mount options" classname="Kubernetes e2e suite" time="0">
          <skipped></skipped>
      </testcase>
      <testcase name="[sig-storage] In-tree Volumes [Driver: cinder] [Testpattern: Dynamic PV (default fs)] subPath should support file as subpath [LinuxOnly]" classname="Kubernetes e2e suite" time="0">
          <skipped></skipped>
      </testcase>
      <testcase name="[sig-storage] In-tree Volumes [Driver: vsphere] [Testpattern: Pre-provisioned PV (block volmode)] multiVolume [Slow] should concurrently access the single read-only volume from pods on the same node" classname="Kubernetes e2e suite" time="0">
          <skipped></skipped>
      </testcase>
      <testcase name="[sig-apps] Deployment deployment reaping should cascade to its replica sets and pods" classname="Kubernetes e2e suite" time="0">
          <skipped></skipped>
      </testcase>
      <testcase name="[sig-storage] In-tree Volumes [Driver: azure-disk] [Testpattern: Dynamic PV (ntfs)][Feature:Windows] provisioning should provision storage with pvc data source" classname="Kubernetes e2e suite" time="0">
          <skipped></skipped>
      </testcase>
      <testcase name="[sig-storage] In-tree Volumes [Driver: hostPathSymlink] [Testpattern: Pre-provisioned PV (ext4)] volumes should store data" classname="Kubernetes e2e suite" time="0">
          <skipped></skipped>
      </testcase>
      <testcase name="[sig-storage] In-tree Volumes [Driver: local][LocalVolumeType: dir-link-bindmounted] [Testpattern: Pre-provisioned PV (block volmode)] multiVolume [Slow] should concurrently access the volume and restored snapshot from pods on the same node [LinuxOnly][Feature:VolumeSnapshotDataSource][Feature:VolumeSourceXFS]" classname="Kubernetes e2e suite" time="0">
          <skipped></skipped>
      </testcase>
      <testcase name="[sig-storage] [Serial] Volume metrics PVController should create bound pv/pvc count metrics for pvc controller after creating both pv and pvc" classname="Kubernetes e2e suite" time="0">
          <skipped></skipped>
      </testcase>
      <testcase name="[sig-storage] PersistentVolumes:vsphere [Feature:vsphere] should test that deleting the Namespace of a PVC and Pod causes the successful detach of vsphere volume" classname="Kubernetes e2e suite" time="0">
          <skipped></skipped>
      </testcase>
      <testcase name="[sig-storage] In-tree Volumes [Driver: ceph][Feature:Volumes][Serial] [Testpattern: Pre-provisioned PV (ext4)] volumes should allow exec of files on the volume" classname="Kubernetes e2e suite" time="0">
          <skipped></skipped>
      </testcase>
      <testcase name="[sig-storage] In-tree Volumes [Driver: gcepd] [Testpattern: Pre-provisioned PV (ext4)] volumes should store data" classname="Kubernetes e2e suite" time="0">
          <skipped></skipped>
      </testcase>
      <testcase name="[sig-storage] In-tree Volumes [Driver: emptydir] [Testpattern: Dynamic PV (default fs)] subPath should verify container cannot write to subpath readonly volumes [Slow]" classname="Kubernetes e2e suite" time="0">
          <skipped></skipped>
      </testcase>
      <testcase name="[sig-network] Networking Granular Checks: Services should function for node-Service: http" classname="Kubernetes e2e suite" time="0">
          <skipped></skipped>
      </testcase>
      <testcase name="[sig-storage] In-tree Volumes [Driver: vsphere] [Testpattern: Dynamic PV (block volmode)] provisioning should provision storage with snapshot data source [Feature:VolumeSnapshotDataSource]" classname="Kubernetes e2e suite" time="0">
          <skipped></skipped>
      </testcase>
      <testcase name="[sig-storage] In-tree Volumes [Driver: local][LocalVolumeType: dir-link-bindmounted] [Testpattern: Dynamic PV (block volmode)] volume-expand should not allow expansion of pvcs without AllowVolumeExpansion property" classname="Kubernetes e2e suite" time="0">
          <skipped></skipped>
      </testcase>
      <testcase name="[sig-storage] Downward API volume should set mode on item file [LinuxOnly] [NodeConformance] [Conformance]" classname="Kubernetes e2e suite" time="8.6352337"></testcase>
      <testcase name="[sig-storage] [Serial] Volume metrics should create metrics for total time taken in volume operations in P/V Controller" classname="Kubernetes e2e suite" time="0">
          <skipped></skipped>
      </testcase>
      <testcase name="[sig-storage] In-tree Volumes [Driver: local][LocalVolumeType: dir] [Testpattern: Dynamic PV (default fs)] subPath should fail if subpath file is outside the volume [Slow][LinuxOnly]" classname="Kubernetes e2e suite" time="0">
          <skipped></skipped>
      </testcase>
      <testcase name="[sig-storage] In-tree Volumes [Driver: local][LocalVolumeType: dir] [Testpattern: Dynamic PV (block volmode)] volume-stress multiple pods should access different volumes repeatedly [Slow] [Serial]" classname="Kubernetes e2e suite" time="0">
          <skipped></skipped>
      </testcase>
      <testcase name="[sig-storage] In-tree Volumes [Driver: local][LocalVolumeType: blockfs] [Testpattern: Inline-volume (default fs)] subPath should fail if subpath directory is outside the volume [Slow][LinuxOnly]" classname="Kubernetes e2e suite" time="0">
          <skipped></skipped>
      </testcase>
      <testcase name="[sig-apps] Job should adopt matching orphans and release non-matching pods [Conformance]" classname="Kubernetes e2e suite" time="17.268706918"></testcase>
      <testcase name="[sig-storage] In-tree Volumes [Driver: local][LocalVolumeType: dir-bindmounted] [Testpattern: Dynamic PV (block volmode)] multiVolume [Slow] should concurrently access the volume and restored snapshot from pods on the same node [LinuxOnly][Feature:VolumeSnapshotDataSource][Feature:VolumeSourceXFS]" classname="Kubernetes e2e suite" time="0">
          <skipped></skipped>
      </testcase>
      <testcase name="[sig-storage] In-tree Volumes [Driver: local][LocalVolumeType: block] [Testpattern: Dynamic PV (ntfs)][Feature:Windows] subPath should support existing directory" classname="Kubernetes e2e suite" time="0">
          <skipped></skipped>
      </testcase>
      <testcase name="[sig-storage] In-tree Volumes [Driver: gluster] [Testpattern: Inline-volume (default fs)] subPath should unmount if pod is gracefully deleted while kubelet is down [Disruptive][Slow][LinuxOnly]" classname="Kubernetes e2e suite" time="0">
          <skipped></skipped>
      </testcase>
      <testcase name="[sig-storage] In-tree Volumes [Driver: local][LocalVolumeType: dir-link-bindmounted] [Testpattern: Dynamic PV (xfs)][Slow] multiVolume [Slow] should concurrently access the volume and restored snapshot from pods on the same node [LinuxOnly][Feature:VolumeSnapshotDataSource][Feature:VolumeSourceXFS]" classname="Kubernetes e2e suite" time="0">
          <skipped></skipped>
      </testcase>
      <testcase name="[sig-storage] In-tree Volumes [Driver: hostPath] [Testpattern: Pre-provisioned PV (ext3)] volumes should store data" classname="Kubernetes e2e suite" time="0">
          <skipped></skipped>
      </testcase>
      <testcase name="[sig-storage] In-tree Volumes [Driver: rbd][Feature:Volumes][Serial] [Testpattern: Dynamic PV (ntfs)][Feature:Windows] subPath should support non-existent path" classname="Kubernetes e2e suite" time="0">
          <skipped></skipped>
      </testcase>
      <testcase name="[sig-storage] In-tree Volumes [Driver: windows-gcepd] [Testpattern: Dynamic PV (default fs)] fsgroupchangepolicy (OnRootMismatch)[LinuxOnly], pod created with an initial fsgroup, new pod fsgroup applied to volume contents" classname="Kubernetes e2e suite" time="0">
          <skipped></skipped>
      </testcase>
      <testcase name="[sig-storage] In-tree Volumes [Driver: emptydir] [Testpattern: Inline-volume (default fs)] subPath should support creating multiple subpath from same volumes [Slow]" classname="Kubernetes e2e suite" time="0">
          <skipped></skipped>
      </testcase>
      <testcase name="[sig-storage] In-tree Volumes [Driver: local][LocalVolumeType: blockfs] [Testpattern: Dynamic PV (ntfs)][Feature:Windows] subPath should fail if subpath directory is outside the volume [Slow][LinuxOnly]" classname="Kubernetes e2e suite" time="0">
          <skipped></skipped>
      </testcase>
      <testcase name="[sig-cloud-provider-gcp] Nodes [Disruptive] Resize [Slow] should be able to delete nodes" classname="Kubernetes e2e suite" time="0">
          <skipped></skipped>
      </testcase>
      <testcase name="[sig-storage] In-tree Volumes [Driver: local][LocalVolumeType: block] [Testpattern: Inline-volume (ext4)] volumes should allow exec of files on the volume" classname="Kubernetes e2e suite" time="0">
          <skipped></skipped>
      </testcase>
      <testcase name="[sig-storage] In-tree Volumes [Driver: local][LocalVolumeType: dir-link] [Testpattern: Dynamic PV (block volmode)] multiVolume [Slow] should concurrently access the volume and restored snapshot from pods on the same node [LinuxOnly][Feature:VolumeSnapshotDataSource][Feature:VolumeSourceXFS]" classname="Kubernetes e2e suite" time="0">
          <skipped></skipped>
      </testcase>
      <testcase name="[sig-storage] In-tree Volumes [Driver: local][LocalVolumeType: block] [Testpattern: Inline-volume (default fs)] volumes should allow exec of files on the volume" classname="Kubernetes e2e suite" time="0">
          <skipped></skipped>
      </testcase>
      <testcase name="[sig-storage] In-tree Volumes [Driver: local][LocalVolumeType: dir-link-bindmounted] [Testpattern: Pre-provisioned PV (block volmode)] volumeMode should fail to create pod by failing to mount volume [Slow]" classname="Kubernetes e2e suite" time="0">
          <skipped></skipped>
      </testcase>
      <testcase name="[sig-storage] CSI Volumes [Driver: pd.csi.storage.gke.io][Serial] [Testpattern: Pre-provisioned PV (default fs)] volumes should allow exec of files on the volume" classname="Kubernetes e2e suite" time="0">
          <skipped></skipped>
      </testcase>
      <testcase name="[sig-storage] In-tree Volumes [Driver: local][LocalVolumeType: dir-link] [Testpattern: Dynamic PV (block volmode)] volumes should store data" classname="Kubernetes e2e suite" time="0">
          <skipped></skipped>
      </testcase>
      <testcase name="[sig-storage] In-tree Volumes [Driver: rbd][Feature:Volumes][Serial] [Testpattern: Dynamic PV (default fs)] fsgroupchangepolicy (Always)[LinuxOnly], pod created with an initial fsgroup, volume contents ownership changed in first pod, new pod with same fsgroup applied to the volume contents" classname="Kubernetes e2e suite" time="0">
          <skipped></skipped>
      </testcase>
      <testcase name="[sig-storage] In-tree Volumes [Driver: gcepd] [Testpattern: Pre-provisioned PV (filesystem volmode)] multiVolume [Slow] should concurrently access the single volume from pods on the same node" classname="Kubernetes e2e suite" time="0">
          <skipped></skipped>
      </testcase>
      <testcase name="[sig-storage] In-tree Volumes [Driver: local][LocalVolumeType: dir] [Testpattern: Dynamic PV (block volmode)] disruptive[Disruptive][LinuxOnly] Should test that pv used in a pod that is force deleted while the kubelet is down cleans up when the kubelet returns." classname="Kubernetes e2e suite" time="0">
          <skipped></skipped>
      </testcase>
      <testcase name="[sig-storage] CSI Volumes [Driver: pd.csi.storage.gke.io][Serial] [Testpattern: Dynamic PV (default fs)] fsgroupchangepolicy (OnRootMismatch)[LinuxOnly], pod created with an initial fsgroup, volume contents ownership changed in first pod, new pod with same fsgroup skips ownership changes to the volume contents" classname="Kubernetes e2e suite" time="0">
          <skipped></skipped>
      </testcase>
      <testcase name="[sig-storage] In-tree Volumes [Driver: hostPathSymlink] [Testpattern: Dynamic PV (block volmode)] multiVolume [Slow] should access to two volumes with the same volume mode and retain data across pod recreation on different node" classname="Kubernetes e2e suite" time="0">
          <skipped></skipped>
      </testcase>
      <testcase name="[sig-storage] In-tree Volumes [Driver: cinder] [Testpattern: Dynamic PV (ntfs)][Feature:Windows] volume-expand should not allow expansion of pvcs without AllowVolumeExpansion property" classname="Kubernetes e2e suite" time="0">
          <skipped></skipped>
      </testcase>
      <testcase name="[sig-storage] CSI Volumes [Driver: csi-hostpath] [Testpattern: Dynamic PV (ntfs)][Feature:Windows] subPath should unmount if pod is force deleted while kubelet is down [Disruptive][Slow][LinuxOnly]" classname="Kubernetes e2e suite" time="0">
          <skipped></skipped>
      </testcase>
      <testcase name="[sig-node] Pods should be updated [NodeConformance] [Conformance]" classname="Kubernetes e2e suite" time="10.771166492"></testcase>
      <testcase name="[sig-network] [Feature:IPv6DualStack] should create service with ipv4,v6 cluster ip" classname="Kubernetes e2e suite" time="0">
          <skipped></skipped>
      </testcase>
      <testcase name="[sig-storage] In-tree Volumes [Driver: hostPath] [Testpattern: Dynamic PV (filesystem volmode)] multiVolume [Slow] should access to two volumes with the same volume mode and retain data across pod recreation on the same node" classname="Kubernetes e2e suite" time="0">
          <skipped></skipped>
      </testcase>
      <testcase name="[sig-storage] In-tree Volumes [Driver: windows-gcepd] [Testpattern: Dynamic PV (ext4)] multiVolume [Slow] should concurrently access the volume and restored snapshot from pods on the same node [LinuxOnly][Feature:VolumeSnapshotDataSource][Feature:VolumeSourceXFS]" classname="Kubernetes e2e suite" time="0">
          <skipped></skipped>
      </testcase>
      <testcase name="[sig-storage] In-tree Volumes [Driver: local][LocalVolumeType: dir-bindmounted] [Testpattern: Pre-provisioned PV (block volmode)] multiVolume [Slow] should concurrently access the single volume from pods on different node" classname="Kubernetes e2e suite" time="0">
          <skipped></skipped>
      </testcase>
      <testcase name="[sig-storage] In-tree Volumes [Driver: rbd][Feature:Volumes][Serial] [Testpattern: Dynamic PV (ntfs)][Feature:Windows] subPath should support existing directories when readOnly specified in the volumeSource" classname="Kubernetes e2e suite" time="0">
          <skipped></skipped>
      </testcase>
      <testcase name="[sig-autoscaling] [Feature:HPA] Horizontal pod autoscaling (scale resource: CPU) ReplicationController light Should scale from 1 pod to 2 pods" classname="Kubernetes e2e suite" time="0">
          <skipped></skipped>
      </testcase>
      <testcase name="[sig-storage] CSI Volumes [Driver: pd.csi.storage.gke.io][Serial] [Testpattern: Dynamic PV (default fs)] volume-expand should not allow expansion of pvcs without AllowVolumeExpansion property" classname="Kubernetes e2e suite" time="0">
          <skipped></skipped>
      </testcase>
      <testcase name="[sig-storage] In-tree Volumes [Driver: iscsi][Feature:Volumes] [Testpattern: Pre-provisioned PV (default fs)] volumeIO should write files of various sizes, verify size, validate content [Slow][LinuxOnly]" classname="Kubernetes e2e suite" time="0">
          <skipped></skipped>
      </testcase>
      <testcase name="[sig-api-machinery] Namespaces [Serial] should always delete fast (ALL of 100 namespaces in 150 seconds) [Feature:ComprehensiveNamespaceDraining]" classname="Kubernetes e2e suite" time="0">
          <skipped></skipped>
      </testcase>
      <testcase name="[sig-storage] In-tree Volumes [Driver: aws] [Testpattern: Inline-volume (default fs)] subPath should support readOnly file specified in the volumeMount [LinuxOnly]" classname="Kubernetes e2e suite" time="0">
          <skipped></skipped>
      </testcase>
      <testcase name="[sig-network] Netpol NetworkPolicy between server and client should allow egress access to server in CIDR block [Feature:NetworkPolicy]" classname="Kubernetes e2e suite" time="0">
          <skipped></skipped>
      </testcase>
      <testcase name="[sig-node] Secrets should patch a secret [Conformance]" classname="Kubernetes e2e suite" time="0.326968803"></testcase>
      <testcase name="[sig-storage] In-tree Volumes [Driver: local][LocalVolumeType: blockfs] [Testpattern: Pre-provisioned PV (filesystem volmode)] volumeMode should fail to use a volume in a pod with mismatched mode [Slow]" classname="Kubernetes e2e suite" time="0">
          <skipped></skipped>
      </testcase>
      <testcase name="[sig-storage] In-tree Volumes [Driver: gluster] [Testpattern: Dynamic PV (ntfs)][Feature:Windows] provisioning should provision storage with pvc data source" classname="Kubernetes e2e suite" time="0">
          <skipped></skipped>
      </testcase>
      <testcase name="[sig-autoscaling] [HPA] Horizontal pod autoscaling (scale resource: Custom Metrics from Stackdriver) should scale up with two metrics of type Pod from Stackdriver [Feature:CustomMetricsAutoscaling]" classname="Kubernetes e2e suite" time="0">
          <skipped></skipped>
      </testcase>
      <testcase name="[sig-storage] In-tree Volumes [Driver: gluster] [Testpattern: Inline-volume (default fs)] volumes should store data" classname="Kubernetes e2e suite" time="0">
          <skipped></skipped>
      </testcase>
      <testcase name="[sig-storage] In-tree Volumes [Driver: gcepd] [Testpattern: Dynamic PV (ext4)] multiVolume [Slow] should access to two volumes with the same volume mode and retain data across pod recreation on different node" classname="Kubernetes e2e suite" time="0">
          <skipped></skipped>
      </testcase>
      <testcase name="[sig-storage] EmptyDir volumes pod should support shared volumes between containers [Conformance]" classname="Kubernetes e2e suite" time="12.341103707"></testcase>
      <testcase name="[sig-instrumentation] MetricsGrabber should grab all metrics from a Kubelet." classname="Kubernetes e2e suite" time="0">
          <skipped></skipped>
      </testcase>
      <testcase name="[sig-storage] In-tree Volumes [Driver: aws] [Testpattern: Pre-provisioned PV (default fs)] subPath should fail if subpath file is outside the volume [Slow][LinuxOnly]" classname="Kubernetes e2e suite" time="0">
          <skipped></skipped>
      </testcase>
      <testcase name="[sig-storage] In-tree Volumes [Driver: gcepd] [Testpattern: Pre-provisioned PV (filesystem volmode)] multiVolume [Slow] should access to two volumes with the same volume mode and retain data across pod recreation on different node" classname="Kubernetes e2e suite" time="0">
          <skipped></skipped>
      </testcase>
      <testcase name="[sig-storage] In-tree Volumes [Driver: local][LocalVolumeType: dir-bindmounted] [Testpattern: Dynamic PV (default fs)] volumeIO should write files of various sizes, verify size, validate content [Slow][LinuxOnly]" classname="Kubernetes e2e suite" time="0">
          <skipped></skipped>
      </testcase>
      <testcase name="[sig-storage] In-tree Volumes [Driver: azure-disk] [Testpattern: Dynamic PV (filesystem volmode)] multiVolume [Slow] should concurrently access the volume and restored snapshot from pods on the same node [LinuxOnly][Feature:VolumeSnapshotDataSource][Feature:VolumeSourceXFS]" classname="Kubernetes e2e suite" time="0">
          <skipped></skipped>
      </testcase>
      <testcase name="[sig-storage] CSI Volumes [Driver: pd.csi.storage.gke.io][Serial] [Testpattern: Generic Ephemeral-volume (default fs) (immediate-binding)] ephemeral should support multiple inline ephemeral volumes" classname="Kubernetes e2e suite" time="0">
          <skipped></skipped>
      </testcase>
      <testcase name="[sig-storage] In-tree Volumes [Driver: local][LocalVolumeType: blockfs] [Testpattern: Inline-volume (ext4)] volumes should store data" classname="Kubernetes e2e suite" time="0">
          <skipped></skipped>
      </testcase>
      <testcase name="[sig-storage] In-tree Volumes [Driver: rbd][Feature:Volumes][Serial] [Testpattern: Dynamic PV (default fs)] subPath should fail if subpath file is outside the volume [Slow][LinuxOnly]" classname="Kubernetes e2e suite" time="0">
          <skipped></skipped>
      </testcase>
      <testcase name="[sig-storage] In-tree Volumes [Driver: vsphere] [Testpattern: Dynamic PV (default fs)] subPath should support existing single file [LinuxOnly]" classname="Kubernetes e2e suite" time="0">
          <skipped></skipped>
      </testcase>
      <testcase name="[sig-api-machinery] Watchers should observe an object deletion if it stops meeting the requirements of the selector [Conformance]" classname="Kubernetes e2e suite" time="10.304673037"></testcase>
      <testcase name="[sig-storage] In-tree Volumes [Driver: aws] [Testpattern: Dynamic PV (default fs)] volumes should allow exec of files on the volume" classname="Kubernetes e2e suite" time="0">
          <skipped></skipped>
      </testcase>
      <testcase name="[sig-storage] In-tree Volumes [Driver: nfs] [Testpattern: Dynamic PV (ntfs)][Feature:Windows] subPath should support non-existent path" classname="Kubernetes e2e suite" time="0">
          <skipped></skipped>
      </testcase>
      <testcase name="[sig-storage] In-tree Volumes [Driver: windows-gcepd] [Testpattern: Dynamic PV (default fs)] provisioning should provision storage with pvc data source in parallel [Slow]" classname="Kubernetes e2e suite" time="0">
          <skipped></skipped>
      </testcase>
      <testcase name="[sig-api-machinery] API priority and fairness should ensure that requests can&#39;t be drowned out (fairness)" classname="Kubernetes e2e suite" time="0">
          <skipped></skipped>
      </testcase>
      <testcase name="[sig-storage] PersistentVolumes-local  [Volume type: blockfswithformat] One pod requesting one prebound PVC should be able to mount volume and read from pod1" classname="Kubernetes e2e suite" time="0">
          <skipped></skipped>
      </testcase>
      <testcase name="[sig-storage] vsphere cloud provider stress [Feature:vsphere] vsphere stress tests" classname="Kubernetes e2e suite" time="0">
          <skipped></skipped>
      </testcase>
      <testcase name="[sig-storage] In-tree Volumes [Driver: local][LocalVolumeType: dir-link] [Testpattern: Pre-provisioned PV (block volmode)] multiVolume [Slow] should access to two volumes with different volume mode and retain data across pod recreation on different node" classname="Kubernetes e2e suite" time="0">
          <skipped></skipped>
      </testcase>
      <testcase name="[sig-storage] Volume Disk Format [Feature:vsphere] verify disk format type - eagerzeroedthick is honored for dynamically provisioned pv using storageclass" classname="Kubernetes e2e suite" time="0">
          <skipped></skipped>
      </testcase>
      <testcase name="[sig-storage] In-tree Volumes [Driver: cinder] [Testpattern: Dynamic PV (immediate binding)] topology should provision a volume and schedule a pod with AllowedTopologies" classname="Kubernetes e2e suite" time="0">
          <skipped></skipped>
      </testcase>
      <testcase name="[sig-storage] In-tree Volumes [Driver: aws] [Testpattern: Inline-volume (ext3)] volumes should allow exec of files on the volume" classname="Kubernetes e2e suite" time="0">
          <skipped></skipped>
      </testcase>
      <testcase name="[sig-storage] In-tree Volumes [Driver: local][LocalVolumeType: dir-link-bindmounted] [Testpattern: Dynamic PV (default fs)] fsgroupchangepolicy (OnRootMismatch)[LinuxOnly], pod created with an initial fsgroup, volume contents ownership changed in first pod, new pod with same fsgroup skips ownership changes to the volume contents" classname="Kubernetes e2e suite" time="0">
          <skipped></skipped>
      </testcase>
      <testcase name="[sig-storage] In-tree Volumes [Driver: local][LocalVolumeType: tmpfs] [Testpattern: Dynamic PV (block volmode)] provisioning should provision storage with pvc data source in parallel [Slow]" classname="Kubernetes e2e suite" time="0">
          <skipped></skipped>
      </testcase>
      <testcase name="[sig-storage] In-tree Volumes [Driver: local][LocalVolumeType: blockfs] [Testpattern: Pre-provisioned PV (block volmode)] volumeMode should fail to use a volume in a pod with mismatched mode [Slow]" classname="Kubernetes e2e suite" time="0">
          <skipped></skipped>
      </testcase>
      <testcase name="[sig-storage] In-tree Volumes [Driver: vsphere] [Testpattern: Dynamic PV (filesystem volmode)] volumeMode should not mount / map unused volumes in a pod [LinuxOnly]" classname="Kubernetes e2e suite" time="0">
          <skipped></skipped>
      </testcase>
      <testcase name="[sig-storage] In-tree Volumes [Driver: local][LocalVolumeType: gce-localssd-scsi-fs] [Serial] [Testpattern: Inline-volume (default fs)] subPath should fail if subpath file is outside the volume [Slow][LinuxOnly]" classname="Kubernetes e2e suite" time="0">
          <skipped></skipped>
      </testcase>
      <testcase name="[sig-storage] CSI Volumes [Driver: pd.csi.storage.gke.io][Serial] [Testpattern: Dynamic PV (default fs)] subPath should support readOnly directory specified in the volumeMount" classname="Kubernetes e2e suite" time="0">
          <skipped></skipped>
      </testcase>
      <testcase name="[sig-storage] In-tree Volumes [Driver: vsphere] [Testpattern: Inline-volume (default fs)] subPath should support creating multiple subpath from same volumes [Slow]" classname="Kubernetes e2e suite" time="0">
          <skipped></skipped>
      </testcase>
      <testcase name="[sig-storage] EmptyDir wrapper volumes should not conflict [Conformance]" classname="Kubernetes e2e suite" time="16.40045634"></testcase>
      <testcase name="[sig-cli] Kubectl client Kubectl logs should be able to retrieve and filter logs  [Conformance]" classname="Kubernetes e2e suite" time="15.491501861"></testcase>
      <testcase name="[sig-storage] In-tree Volumes [Driver: azure-disk] [Testpattern: Dynamic PV (filesystem volmode)] volumeMode should fail to use a volume in a pod with mismatched mode [Slow]" classname="Kubernetes e2e suite" time="0">
          <skipped></skipped>
      </testcase>
      <testcase name="[sig-storage] In-tree Volumes [Driver: windows-gcepd] [Testpattern: Pre-provisioned PV (default fs)] subPath should be able to unmount after the subpath directory is deleted [LinuxOnly]" classname="Kubernetes e2e suite" time="0">
          <skipped></skipped>
      </testcase>
      <testcase name="[sig-storage] In-tree Volumes [Driver: gcepd] [Testpattern: Dynamic PV (xfs)][Slow] multiVolume [Slow] should concurrently access the single volume from pods on different node" classname="Kubernetes e2e suite" time="0">
          <skipped></skipped>
      </testcase>
      <testcase name="[sig-storage] In-tree Volumes [Driver: aws] [Testpattern: Inline-volume (ext4)] volumes should store data" classname="Kubernetes e2e suite" time="0">
          <skipped></skipped>
      </testcase>
      <testcase name="[sig-storage] In-tree Volumes [Driver: local][LocalVolumeType: dir-bindmounted] [Testpattern: Pre-provisioned PV (default fs)] subPath should support readOnly file specified in the volumeMount [LinuxOnly]" classname="Kubernetes e2e suite" time="0">
          <skipped></skipped>
      </testcase>
      <testcase name="[sig-storage] In-tree Volumes [Driver: aws] [Testpattern: Pre-provisioned PV (block volmode)] disruptive[Disruptive][LinuxOnly] Should test that pv used in a pod that is deleted while the kubelet is down cleans up when the kubelet returns." classname="Kubernetes e2e suite" time="0">
          <skipped></skipped>
      </testcase>
      <testcase name="[sig-storage] In-tree Volumes [Driver: local][LocalVolumeType: dir-link] [Testpattern: Pre-provisioned PV (filesystem volmode)] multiVolume [Slow] should access to two volumes with different volume mode and retain data across pod recreation on the same node" classname="Kubernetes e2e suite" time="0">
          <skipped></skipped>
      </testcase>
      <testcase name="[sig-storage] In-tree Volumes [Driver: gcepd] [Testpattern: Dynamic PV (default fs)] volume-expand should not allow expansion of pvcs without AllowVolumeExpansion property" classname="Kubernetes e2e suite" time="0">
          <skipped></skipped>
      </testcase>
      <testcase name="[sig-storage] In-tree Volumes [Driver: ceph][Feature:Volumes][Serial] [Testpattern: Dynamic PV (block volmode)] volumeMode should fail in binding dynamic provisioned PV to PVC [Slow][LinuxOnly]" classname="Kubernetes e2e suite" time="0">
          <skipped></skipped>
      </testcase>
      <testcase name="[sig-storage] In-tree Volumes [Driver: local][LocalVolumeType: dir-link-bindmounted] [Testpattern: Dynamic PV (default fs)] fsgroupchangepolicy (Always)[LinuxOnly], pod created with an initial fsgroup, volume contents ownership changed in first pod, new pod with same fsgroup applied to the volume contents" classname="Kubernetes e2e suite" time="0">
          <skipped></skipped>
      </testcase>
      <testcase name="[sig-storage] In-tree Volumes [Driver: local][LocalVolumeType: gce-localssd-scsi-fs] [Serial] [Testpattern: Pre-provisioned PV (default fs)] subPath should unmount if pod is gracefully deleted while kubelet is down [Disruptive][Slow][LinuxOnly]" classname="Kubernetes e2e suite" time="0">
          <skipped></skipped>
      </testcase>
      <testcase name="[sig-cli] Kubectl client Kubectl server-side dry-run should check if kubectl can dry-run update Pods [Conformance]" classname="Kubernetes e2e suite" time="11.839265828"></testcase>
      <testcase name="[sig-storage] In-tree Volumes [Driver: aws] [Testpattern: Dynamic PV (default fs)] fsgroupchangepolicy (Always)[LinuxOnly], pod created with an initial fsgroup, volume contents ownership changed in first pod, new pod with same fsgroup applied to the volume contents" classname="Kubernetes e2e suite" time="0">
          <skipped></skipped>
      </testcase>
      <testcase name="[sig-storage] PersistentVolumes-local  [Volume type: dir] One pod requesting one prebound PVC should be able to mount volume and read from pod1" classname="Kubernetes e2e suite" time="0">
          <skipped></skipped>
      </testcase>
      <testcase name="[sig-storage] In-tree Volumes [Driver: windows-gcepd] [Testpattern: Dynamic PV (xfs)][Slow] volumes should store data" classname="Kubernetes e2e suite" time="0">
          <skipped></skipped>
      </testcase>
      <testcase name="[sig-storage] In-tree Volumes [Driver: vsphere] [Testpattern: Pre-provisioned PV (filesystem volmode)] volumeMode should not mount / map unused volumes in a pod [LinuxOnly]" classname="Kubernetes e2e suite" time="0">
          <skipped></skipped>
      </testcase>
      <testcase name="[sig-storage] In-tree Volumes [Driver: local][LocalVolumeType: dir-link] [Testpattern: Dynamic PV (default fs)] subPath should fail if subpath directory is outside the volume [Slow][LinuxOnly]" classname="Kubernetes e2e suite" time="0">
          <skipped></skipped>
      </testcase>
      <testcase name="[sig-storage] In-tree Volumes [Driver: local][LocalVolumeType: gce-localssd-scsi-fs] [Serial] [Testpattern: Dynamic PV (block volmode)] multiVolume [Slow] should concurrently access the single volume from pods on the same node" classname="Kubernetes e2e suite" time="0">
          <skipped></skipped>
      </testcase>
      <testcase name="[sig-storage] In-tree Volumes [Driver: ceph][Feature:Volumes][Serial] [Testpattern: Dynamic PV (ext4)] multiVolume [Slow] should concurrently access the single read-only volume from pods on the same node" classname="Kubernetes e2e suite" time="0">
          <skipped></skipped>
      </testcase>
      <testcase name="[sig-storage] In-tree Volumes [Driver: iscsi][Feature:Volumes] [Testpattern: Dynamic PV (block volmode)] multiVolume [Slow] should concurrently access the volume and restored snapshot from pods on the same node [LinuxOnly][Feature:VolumeSnapshotDataSource][Feature:VolumeSourceXFS]" classname="Kubernetes e2e suite" time="0">
          <skipped></skipped>
      </testcase>
      <testcase name="[sig-storage] In-tree Volumes [Driver: azure-disk] [Testpattern: Pre-provisioned PV (xfs)][Slow] volumes should allow exec of files on the volume" classname="Kubernetes e2e suite" time="0">
          <skipped></skipped>
      </testcase>
      <testcase name="[sig-storage] Dynamic Provisioning DynamicProvisioner [Slow] deletion should be idempotent" classname="Kubernetes e2e suite" time="0">
          <skipped></skipped>
      </testcase>
      <testcase name="[sig-storage] In-tree Volumes [Driver: local][LocalVolumeType: dir-bindmounted] [Testpattern: Dynamic PV (default fs)] subPath should support readOnly file specified in the volumeMount [LinuxOnly]" classname="Kubernetes e2e suite" time="0">
          <skipped></skipped>
      </testcase>
      <testcase name="[sig-storage] In-tree Volumes [Driver: vsphere] [Testpattern: Dynamic PV (block volmode)] volume-stress multiple pods should access different volumes repeatedly [Slow] [Serial]" classname="Kubernetes e2e suite" time="0">
          <skipped></skipped>
      </testcase>
      <testcase name="[sig-storage] In-tree Volumes [Driver: local][LocalVolumeType: dir] [Testpattern: Pre-provisioned PV (xfs)][Slow] volumes should allow exec of files on the volume" classname="Kubernetes e2e suite" time="0">
          <skipped></skipped>
      </testcase>
      <testcase name="[sig-storage] Mounted volume expand Should verify mounted devices can be resized" classname="Kubernetes e2e suite" time="0">
          <skipped></skipped>
      </testcase>
      <testcase name="[sig-storage] In-tree Volumes [Driver: local][LocalVolumeType: dir] [Testpattern: Dynamic PV (default fs)] volume-expand should not allow expansion of pvcs without AllowVolumeExpansion property" classname="Kubernetes e2e suite" time="0">
          <skipped></skipped>
      </testcase>
      <testcase name="[sig-storage] In-tree Volumes [Driver: gluster] [Testpattern: Dynamic PV (ext4)] multiVolume [Slow] should concurrently access the single read-only volume from pods on the same node" classname="Kubernetes e2e suite" time="0">
          <skipped></skipped>
      </testcase>
      <testcase name="[sig-storage] In-tree Volumes [Driver: emptydir] [Testpattern: Inline-volume (default fs)] subPath should support restarting containers using directory as subpath [Slow]" classname="Kubernetes e2e suite" time="0">
          <skipped></skipped>
      </testcase>
      <testcase name="[sig-storage] In-tree Volumes [Driver: windows-gcepd] [Testpattern: Dynamic PV (block volmode)] volumeMode should fail to use a volume in a pod with mismatched mode [Slow]" classname="Kubernetes e2e suite" time="0">
          <skipped></skipped>
      </testcase>
      <testcase name="[sig-storage] In-tree Volumes [Driver: vsphere] [Testpattern: Dynamic PV (ntfs)][Feature:Windows] subPath should unmount if pod is force deleted while kubelet is down [Disruptive][Slow][LinuxOnly]" classname="Kubernetes e2e suite" time="0">
          <skipped></skipped>
      </testcase>
      <testcase name="[sig-storage] In-tree Volumes [Driver: ceph][Feature:Volumes][Serial] [Testpattern: Pre-provisioned PV (default fs)] subPath should support restarting containers using directory as subpath [Slow]" classname="Kubernetes e2e suite" time="0">
          <skipped></skipped>
      </testcase>
      <testcase name="[sig-auth] [Feature:NodeAuthorizer] Getting a secret for a workload the node has access to should succeed" classname="Kubernetes e2e suite" time="0">
          <skipped></skipped>
      </testcase>
      <testcase name="[sig-cloud-provider-gcp] HA-master [Feature:HAMaster] survive addition/removal replicas multizone workers [Serial][Disruptive]" classname="Kubernetes e2e suite" time="0">
          <skipped></skipped>
      </testcase>
      <testcase name="[sig-api-machinery] CustomResourcePublishOpenAPI [Privileged:ClusterAdmin] works for multiple CRDs of different groups [Conformance]" classname="Kubernetes e2e suite" time="23.667876235"></testcase>
      <testcase name="[sig-storage] CSI Volumes [Driver: csi-hostpath] [Testpattern: Dynamic PV (ntfs)][Feature:Windows] provisioning should provision storage with pvc data source in parallel [Slow]" classname="Kubernetes e2e suite" time="0">
          <skipped></skipped>
      </testcase>
      <testcase name="[sig-storage] In-tree Volumes [Driver: local][LocalVolumeType: dir-bindmounted] [Testpattern: Pre-provisioned PV (default fs)] volumeIO should write files of various sizes, verify size, validate content [Slow][LinuxOnly]" classname="Kubernetes e2e suite" time="0">
          <skipped></skipped>
      </testcase>
      <testcase name="[sig-autoscaling] DNS horizontal autoscaling kube-dns-autoscaler should scale kube-dns pods in both nonfaulty and faulty scenarios" classname="Kubernetes e2e suite" time="0">
          <skipped></skipped>
      </testcase>
      <testcase name="[sig-storage] In-tree Volumes [Driver: gcepd] [Testpattern: Dynamic PV (xfs)][Slow] multiVolume [Slow] should access to two volumes with different volume mode and retain data across pod recreation on the same node" classname="Kubernetes e2e suite" time="0">
          <skipped></skipped>
      </testcase>
      <testcase name="[sig-storage] Projected configMap should be consumable in multiple volumes in the same pod [NodeConformance] [Conformance]" classname="Kubernetes e2e suite" time="71.589727897"></testcase>
      <testcase name="[sig-storage] In-tree Volumes [Driver: azure-disk] [Testpattern: Pre-provisioned PV (filesystem volmode)] multiVolume [Slow] should concurrently access the volume and restored snapshot from pods on the same node [LinuxOnly][Feature:VolumeSnapshotDataSource][Feature:VolumeSourceXFS]" classname="Kubernetes e2e suite" time="0">
          <skipped></skipped>
      </testcase>
      <testcase name="[sig-storage] In-tree Volumes [Driver: iscsi][Feature:Volumes] [Testpattern: Dynamic PV (filesystem volmode)] disruptive[Disruptive][LinuxOnly] Should test that pv written before kubelet restart is readable after restart." classname="Kubernetes e2e suite" time="0">
          <skipped></skipped>
      </testcase>
      <testcase name="[sig-storage] In-tree Volumes [Driver: vsphere] [Testpattern: Pre-provisioned PV (block volmode)] multiVolume [Slow] should concurrently access the single volume from pods on the same node" classname="Kubernetes e2e suite" time="0">
          <skipped></skipped>
      </testcase>
      <testcase name="[sig-storage] In-tree Volumes [Driver: local][LocalVolumeType: blockfs] [Testpattern: Inline-volume (ext3)] volumes should store data" classname="Kubernetes e2e suite" time="0">
          <skipped></skipped>
      </testcase>
      <testcase name="[sig-cli] Kubectl client Proxy server should support proxy with --port 0  [Conformance]" classname="Kubernetes e2e suite" time="0.758595888"></testcase>
      <testcase name="[sig-storage] CSI Volumes [Driver: pd.csi.storage.gke.io][Serial] [Testpattern: Dynamic PV (default fs)] fsgroupchangepolicy (Always)[LinuxOnly], pod created with an initial fsgroup, new pod fsgroup applied to volume contents" classname="Kubernetes e2e suite" time="0">
          <skipped></skipped>
      </testcase>
      <testcase name="[sig-storage] In-tree Volumes [Driver: local][LocalVolumeType: dir-bindmounted] [Testpattern: Pre-provisioned PV (block volmode)] disruptive[Disruptive][LinuxOnly] Should test that pv written before kubelet restart is readable after restart." classname="Kubernetes e2e suite" time="0">
          <skipped></skipped>
      </testcase>
      <testcase name="[sig-storage] In-tree Volumes [Driver: gluster] [Testpattern: Dynamic PV (default fs)] subPath should support restarting containers using directory as subpath [Slow]" classname="Kubernetes e2e suite" time="0">
          <skipped></skipped>
      </testcase>
      <testcase name="[sig-storage] In-tree Volumes [Driver: vsphere] [Testpattern: Pre-provisioned PV (default fs)] subPath should support file as subpath [LinuxOnly]" classname="Kubernetes e2e suite" time="0">
          <skipped></skipped>
      </testcase>
      <testcase name="[sig-storage] In-tree Volumes [Driver: ceph][Feature:Volumes][Serial] [Testpattern: Dynamic PV (filesystem volmode)] volumeLimits should verify that all csinodes have volume limits" classname="Kubernetes e2e suite" time="0">
          <skipped></skipped>
      </testcase>
      <testcase name="[sig-storage] In-tree Volumes [Driver: vsphere] [Testpattern: Dynamic PV (ntfs)][Feature:Windows] volumes should store data" classname="Kubernetes e2e suite" time="0">
          <skipped></skipped>
      </testcase>
      <testcase name="[sig-storage] In-tree Volumes [Driver: local][LocalVolumeType: blockfs] [Testpattern: Pre-provisioned PV (block volmode)] multiVolume [Slow] should access to two volumes with different volume mode and retain data across pod recreation on the same node" classname="Kubernetes e2e suite" time="0">
          <skipped></skipped>
      </testcase>
      <testcase name="[sig-storage] In-tree Volumes [Driver: local][LocalVolumeType: gce-localssd-scsi-fs] [Serial] [Testpattern: Dynamic PV (default fs)] subPath should support restarting containers using file as subpath [Slow][LinuxOnly]" classname="Kubernetes e2e suite" time="0">
          <skipped></skipped>
      </testcase>
      <testcase name="[sig-storage] In-tree Volumes [Driver: gluster] [Testpattern: Dynamic PV (default fs)] provisioning should provision storage with mount options" classname="Kubernetes e2e suite" time="0">
          <skipped></skipped>
      </testcase>
      <testcase name="[sig-storage] In-tree Volumes [Driver: aws] [Testpattern: Dynamic PV (filesystem volmode)] multiVolume [Slow] should access to two volumes with different volume mode and retain data across pod recreation on different node" classname="Kubernetes e2e suite" time="0">
          <skipped></skipped>
      </testcase>
      <testcase name="[sig-storage] In-tree Volumes [Driver: local][LocalVolumeType: dir-link] [Testpattern: Dynamic PV (xfs)][Slow] multiVolume [Slow] should access to two volumes with different volume mode and retain data across pod recreation on different node" classname="Kubernetes e2e suite" time="0">
          <skipped></skipped>
      </testcase>
      <testcase name="[sig-storage] In-tree Volumes [Driver: local][LocalVolumeType: gce-localssd-scsi-fs] [Serial] [Testpattern: Dynamic PV (xfs)][Slow] multiVolume [Slow] should access to two volumes with different volume mode and retain data across pod recreation on different node" classname="Kubernetes e2e suite" time="0">
          <skipped></skipped>
      </testcase>
      <testcase name="[sig-apps] CronJob should schedule multiple jobs concurrently [Conformance]" classname="Kubernetes e2e suite" time="98.724698153"></testcase>
      <testcase name="[sig-storage] In-tree Volumes [Driver: local][LocalVolumeType: block] [Testpattern: Pre-provisioned PV (xfs)][Slow] volumes should allow exec of files on the volume" classname="Kubernetes e2e suite" time="0">
          <skipped></skipped>
      </testcase>
      <testcase name="[sig-storage] In-tree Volumes [Driver: emptydir] [Testpattern: Dynamic PV (ext4)] multiVolume [Slow] should access to two volumes with the same volume mode and retain data across pod recreation on different node" classname="Kubernetes e2e suite" time="0">
          <skipped></skipped>
      </testcase>
      <testcase name="[sig-storage] In-tree Volumes [Driver: local][LocalVolumeType: tmpfs] [Testpattern: Dynamic PV (block volmode)] multiVolume [Slow] should concurrently access the single read-only volume from pods on the same node" classname="Kubernetes e2e suite" time="0">
          <skipped></skipped>
      </testcase>
      <testcase name="[sig-storage] In-tree Volumes [Driver: rbd][Feature:Volumes][Serial] [Testpattern: Pre-provisioned PV (default fs)] subPath should support file as subpath [LinuxOnly]" classname="Kubernetes e2e suite" time="0">
          <skipped></skipped>
      </testcase>
      <testcase name="[sig-storage] In-tree Volumes [Driver: rbd][Feature:Volumes][Serial] [Testpattern: Dynamic PV (default fs)] subPath should fail if subpath with backstepping is outside the volume [Slow][LinuxOnly]" classname="Kubernetes e2e suite" time="0">
          <skipped></skipped>
      </testcase>
      <testcase name="[sig-storage] PersistentVolumes NFS with Single PV - PVC pairs create a PVC and a pre-bound PV: test write access" classname="Kubernetes e2e suite" time="0">
          <skipped></skipped>
      </testcase>
      <testcase name="[sig-storage] In-tree Volumes [Driver: windows-gcepd] [Testpattern: Dynamic PV (xfs)][Slow] multiVolume [Slow] should concurrently access the single volume from pods on the same node" classname="Kubernetes e2e suite" time="0">
          <skipped></skipped>
      </testcase>
      <testcase name="[sig-storage] In-tree Volumes [Driver: local][LocalVolumeType: dir-link-bindmounted] [Testpattern: Inline-volume (ext3)] volumes should allow exec of files on the volume" classname="Kubernetes e2e suite" time="0">
          <skipped></skipped>
      </testcase>
      <testcase name="[sig-storage] In-tree Volumes [Driver: ceph][Feature:Volumes][Serial] [Testpattern: Inline-volume (default fs)] subPath should support non-existent path" classname="Kubernetes e2e suite" time="0">
          <skipped></skipped>
      </testcase>
      <testcase name="[sig-storage] CSI Volumes [Driver: pd.csi.storage.gke.io][Serial] [Testpattern: Pre-provisioned PV (filesystem volmode)] multiVolume [Slow] should access to two volumes with the same volume mode and retain data across pod recreation on the same node" classname="Kubernetes e2e suite" time="0">
          <skipped></skipped>
      </testcase>
      <testcase name="[sig-network] Networking IPerf2 [Feature:Networking-Performance] should run iperf2" classname="Kubernetes e2e suite" time="0">
          <skipped></skipped>
      </testcase>
      <testcase name="[sig-storage] In-tree Volumes [Driver: local][LocalVolumeType: dir-link] [Testpattern: Dynamic PV (filesystem volmode)] multiVolume [Slow] should concurrently access the single read-only volume from pods on the same node" classname="Kubernetes e2e suite" time="0">
          <skipped></skipped>
      </testcase>
      <testcase name="[sig-storage] In-tree Volumes [Driver: gcepd] [Testpattern: Dynamic PV (block volmode)] provisioning should provision storage with pvc data source" classname="Kubernetes e2e suite" time="0">
          <skipped></skipped>
      </testcase>
      <testcase name="[sig-node] Probing container should be restarted by liveness probe after startup probe enables it" classname="Kubernetes e2e suite" time="0">
          <skipped></skipped>
      </testcase>
      <testcase name="[sig-api-machinery] AdmissionWebhook [Privileged:ClusterAdmin] listing validating webhooks should work [Conformance]" classname="Kubernetes e2e suite" time="13.299591398"></testcase>
      <testcase name="[sig-storage] In-tree Volumes [Driver: local][LocalVolumeType: block] [Testpattern: Dynamic PV (xfs)][Slow] multiVolume [Slow] should concurrently access the volume and restored snapshot from pods on the same node [LinuxOnly][Feature:VolumeSnapshotDataSource][Feature:VolumeSourceXFS]" classname="Kubernetes e2e suite" time="0">
          <skipped></skipped>
      </testcase>
      <testcase name="[sig-storage] In-tree Volumes [Driver: local][LocalVolumeType: dir-bindmounted] [Testpattern: Inline-volume (default fs)] subPath should support existing directories when readOnly specified in the volumeSource" classname="Kubernetes e2e suite" time="0">
          <skipped></skipped>
      </testcase>
      <testcase name="[sig-api-machinery] Servers with support for API chunking should return chunks of results for list calls" classname="Kubernetes e2e suite" time="0">
          <skipped></skipped>
      </testcase>
      <testcase name="[sig-storage] In-tree Volumes [Driver: local][LocalVolumeType: dir-link-bindmounted] [Testpattern: Pre-provisioned PV (ext3)] volumes should store data" classname="Kubernetes e2e suite" time="0">
          <skipped></skipped>
      </testcase>
      <testcase name="[sig-network] NetworkPolicyLegacy [LinuxOnly] NetworkPolicy between server and client should enforce except clause while egress access to server in CIDR block [Feature:NetworkPolicy]" classname="Kubernetes e2e suite" time="0">
          <skipped></skipped>
      </testcase>
      <testcase name="[sig-network] NetworkPolicyLegacy [LinuxOnly] NetworkPolicy between server and client should enforce policy based on PodSelector or NamespaceSelector [Feature:NetworkPolicy]" classname="Kubernetes e2e suite" time="0">
          <skipped></skipped>
      </testcase>
      <testcase name="[sig-storage] CSI Volumes [Driver: pd.csi.storage.gke.io][Serial] [Testpattern: Dynamic PV (filesystem volmode)] multiVolume [Slow] should access to two volumes with the same volume mode and retain data across pod recreation on the same node" classname="Kubernetes e2e suite" time="0">
          <skipped></skipped>
      </testcase>
      <testcase name="[sig-storage] In-tree Volumes [Driver: local][LocalVolumeType: dir] [Testpattern: Dynamic PV (filesystem volmode)] multiVolume [Slow] should concurrently access the single volume from pods on the same node" classname="Kubernetes e2e suite" time="0">
          <skipped></skipped>
      </testcase>
      <testcase name="[sig-storage] Zone Support [Feature:vsphere] Verify a pod is created and attached to a dynamically created PV, based on allowed zones specified in storage class " classname="Kubernetes e2e suite" time="0">
          <skipped></skipped>
      </testcase>
      <testcase name="[sig-storage] In-tree Volumes [Driver: local][LocalVolumeType: dir-link] [Testpattern: Dynamic PV (ext4)] multiVolume [Slow] should access to two volumes with different volume mode and retain data across pod recreation on different node" classname="Kubernetes e2e suite" time="0">
          <skipped></skipped>
      </testcase>
      <testcase name="[sig-storage] In-tree Volumes [Driver: ceph][Feature:Volumes][Serial] [Testpattern: Pre-provisioned PV (default fs)] subPath should support file as subpath [LinuxOnly]" classname="Kubernetes e2e suite" time="0">
          <skipped></skipped>
      </testcase>
      <testcase name="[sig-storage] In-tree Volumes [Driver: local][LocalVolumeType: tmpfs] [Testpattern: Inline-volume (default fs)] subPath should unmount if pod is gracefully deleted while kubelet is down [Disruptive][Slow][LinuxOnly]" classname="Kubernetes e2e suite" time="0">
          <skipped></skipped>
      </testcase>
      <testcase name="[sig-storage] In-tree Volumes [Driver: local][LocalVolumeType: dir] [Testpattern: Dynamic PV (default fs)] subPath should support restarting containers using directory as subpath [Slow]" classname="Kubernetes e2e suite" time="0">
          <skipped></skipped>
      </testcase>
      <testcase name="[sig-storage] EmptyDir volumes should support (root,0666,tmpfs) [LinuxOnly] [NodeConformance] [Conformance]" classname="Kubernetes e2e suite" time="8.370838187"></testcase>
      <testcase name="[sig-storage] In-tree Volumes [Driver: iscsi][Feature:Volumes] [Testpattern: Dynamic PV (ntfs)][Feature:Windows] provisioning should provision storage with mount options" classname="Kubernetes e2e suite" time="0">
          <skipped></skipped>
      </testcase>
      <testcase name="[sig-storage] In-tree Volumes [Driver: gcepd] [Testpattern: Inline-volume (default fs)] subPath should support file as subpath [LinuxOnly]" classname="Kubernetes e2e suite" time="0">
          <skipped></skipped>
      </testcase>
      <testcase name="[sig-storage] In-tree Volumes [Driver: emptydir] [Testpattern: Pre-provisioned PV (default fs)] subPath should support readOnly file specified in the volumeMount [LinuxOnly]" classname="Kubernetes e2e suite" time="0">
          <skipped></skipped>
      </testcase>
      <testcase name="[sig-storage] In-tree Volumes [Driver: local][LocalVolumeType: dir-link] [Testpattern: Pre-provisioned PV (ext4)] volumes should allow exec of files on the volume" classname="Kubernetes e2e suite" time="0">
          <skipped></skipped>
      </testcase>
      <testcase name="[sig-storage] [Serial] Volume metrics should create volume metrics in Volume Manager" classname="Kubernetes e2e suite" time="0">
          <skipped></skipped>
      </testcase>
      <testcase name="[sig-storage] CSI Volumes [Driver: csi-hostpath] [Testpattern: Pre-provisioned PV (filesystem volmode)] multiVolume [Slow] should access to two volumes with the same volume mode and retain data across pod recreation on different node" classname="Kubernetes e2e suite" time="0">
          <skipped></skipped>
      </testcase>
      <testcase name="[sig-storage] Projected secret should be consumable from pods in volume with defaultMode set [LinuxOnly] [NodeConformance] [Conformance]" classname="Kubernetes e2e suite" time="8.615942404"></testcase>
      <testcase name="[sig-storage] In-tree Volumes [Driver: windows-gcepd] [Testpattern: Dynamic PV (default fs)(allowExpansion)] volume-expand Verify if offline PVC expansion works" classname="Kubernetes e2e suite" time="0">
          <skipped></skipped>
      </testcase>
      <testcase name="[sig-storage] In-tree Volumes [Driver: azure-disk] [Testpattern: Dynamic PV (ntfs)][Feature:Windows] subPath should support restarting containers using directory as subpath [Slow]" classname="Kubernetes e2e suite" time="0">
          <skipped></skipped>
      </testcase>
      <testcase name="[sig-storage] In-tree Volumes [Driver: local][LocalVolumeType: block] [Testpattern: Dynamic PV (block volmode)] multiVolume [Slow] should access to two volumes with the same volume mode and retain data across pod recreation on the same node" classname="Kubernetes e2e suite" time="0">
          <skipped></skipped>
      </testcase>
      <testcase name="[sig-storage] In-tree Volumes [Driver: local][LocalVolumeType: gce-localssd-scsi-fs] [Serial] [Testpattern: Inline-volume (default fs)] subPath should support non-existent path" classname="Kubernetes e2e suite" time="0">
          <skipped></skipped>
      </testcase>
      <testcase name="[sig-storage] In-tree Volumes [Driver: local][LocalVolumeType: dir] [Testpattern: Dynamic PV (block volmode)(allowExpansion)] volume-expand should resize volume when PVC is edited while pod is using it" classname="Kubernetes e2e suite" time="0">
          <skipped></skipped>
      </testcase>
      <testcase name="[sig-storage] In-tree Volumes [Driver: local][LocalVolumeType: dir-link-bindmounted] [Testpattern: Dynamic PV (ntfs)][Feature:Windows] provisioning should provision storage with pvc data source in parallel [Slow]" classname="Kubernetes e2e suite" time="0">
          <skipped></skipped>
      </testcase>
      <testcase name="[sig-storage] In-tree Volumes [Driver: gcepd] [Testpattern: Pre-provisioned PV (block volmode)] multiVolume [Slow] should concurrently access the single read-only volume from pods on the same node" classname="Kubernetes e2e suite" time="0">
          <skipped></skipped>
      </testcase>
      <testcase name="[sig-storage] In-tree Volumes [Driver: local][LocalVolumeType: dir-link] [Testpattern: Pre-provisioned PV (default fs)] subPath should support restarting containers using file as subpath [Slow][LinuxOnly]" classname="Kubernetes e2e suite" time="0">
          <skipped></skipped>
      </testcase>
      <testcase name="[sig-storage] In-tree Volumes [Driver: local][LocalVolumeType: dir-bindmounted] [Testpattern: Dynamic PV (filesystem volmode)] multiVolume [Slow] should access to two volumes with different volume mode and retain data across pod recreation on the same node" classname="Kubernetes e2e suite" time="0">
          <skipped></skipped>
      </testcase>
      <testcase name="[sig-storage] In-tree Volumes [Driver: emptydir] [Testpattern: Dynamic PV (ntfs)][Feature:Windows] subPath should support readOnly directory specified in the volumeMount" classname="Kubernetes e2e suite" time="0">
          <skipped></skipped>
      </testcase>
      <testcase name="[sig-storage] CSI Volumes [Driver: pd.csi.storage.gke.io][Serial] [Testpattern: Pre-provisioned PV (default fs)] subPath should fail if non-existent subpath is outside the volume [Slow][LinuxOnly]" classname="Kubernetes e2e suite" time="0">
          <skipped></skipped>
      </testcase>
      <testcase name="[sig-storage] CSI Volumes [Driver: pd.csi.storage.gke.io][Serial] [Testpattern: Dynamic PV (block volmode)] multiVolume [Slow] should access to two volumes with different volume mode and retain data across pod recreation on the same node" classname="Kubernetes e2e suite" time="0">
          <skipped></skipped>
      </testcase>
      <testcase name="[sig-storage] In-tree Volumes [Driver: local][LocalVolumeType: gce-localssd-scsi-fs] [Serial] [Testpattern: Dynamic PV (default fs)(allowExpansion)] volume-expand Verify if offline PVC expansion works" classname="Kubernetes e2e suite" time="0">
          <skipped></skipped>
      </testcase>
      <testcase name="[sig-storage] In-tree Volumes [Driver: nfs] [Testpattern: Pre-provisioned PV (block volmode)] volumes should store data" classname="Kubernetes e2e suite" time="0">
          <skipped></skipped>
      </testcase>
      <testcase name="[sig-storage] In-tree Volumes [Driver: aws] [Testpattern: Dynamic PV (default fs)] fsgroupchangepolicy (OnRootMismatch)[LinuxOnly], pod created with an initial fsgroup, volume contents ownership changed in first pod, new pod with same fsgroup skips ownership changes to the volume contents" classname="Kubernetes e2e suite" time="0">
          <skipped></skipped>
      </testcase>
      <testcase name="[sig-network] IngressClass [Feature:Ingress] should set default value on new IngressClass [Serial]" classname="Kubernetes e2e suite" time="0">
          <skipped></skipped>
      </testcase>
      <testcase name="[sig-storage] In-tree Volumes [Driver: local][LocalVolumeType: gce-localssd-scsi-fs] [Serial] [Testpattern: Dynamic PV (default fs)] subPath should fail if subpath directory is outside the volume [Slow][LinuxOnly]" classname="Kubernetes e2e suite" time="0">
          <skipped></skipped>
      </testcase>
      <testcase name="[sig-storage] In-tree Volumes [Driver: emptydir] [Testpattern: Dynamic PV (default fs)] provisioning should provision storage with pvc data source" classname="Kubernetes e2e suite" time="0">
          <skipped></skipped>
      </testcase>
      <testcase name="[sig-storage] In-tree Volumes [Driver: local][LocalVolumeType: blockfs] [Testpattern: Inline-volume (default fs)] subPath should support existing directory" classname="Kubernetes e2e suite" time="0">
          <skipped></skipped>
      </testcase>
      <testcase name="[sig-storage] CSI Volumes [Driver: csi-hostpath] [Testpattern: Inline-volume (default fs)] subPath should fail if subpath directory is outside the volume [Slow][LinuxOnly]" classname="Kubernetes e2e suite" time="0">
          <skipped></skipped>
      </testcase>
      <testcase name="[sig-storage] ConfigMap should be consumable from pods in volume with defaultMode set [LinuxOnly] [NodeConformance] [Conformance]" classname="Kubernetes e2e suite" time="11.500037977"></testcase>
      <testcase name="[sig-network] NetworkPolicyLegacy [LinuxOnly] NetworkPolicy between server and client should enforce policy based on NamespaceSelector with MatchExpressions[Feature:NetworkPolicy]" classname="Kubernetes e2e suite" time="0">
          <skipped></skipped>
      </testcase>
      <testcase name="[sig-storage] In-tree Volumes [Driver: cinder] [Testpattern: Pre-provisioned PV (block volmode)] multiVolume [Slow] should access to two volumes with different volume mode and retain data across pod recreation on the same node" classname="Kubernetes e2e suite" time="0">
          <skipped></skipped>
      </testcase>
      <testcase name="[sig-storage] In-tree Volumes [Driver: local][LocalVolumeType: gce-localssd-scsi-fs] [Serial] [Testpattern: Inline-volume (default fs)] subPath should fail if subpath with backstepping is outside the volume [Slow][LinuxOnly]" classname="Kubernetes e2e suite" time="0">
          <skipped></skipped>
      </testcase>
      <testcase name="[sig-storage] In-tree Volumes [Driver: hostPathSymlink] [Testpattern: Inline-volume (default fs)] subPath should unmount if pod is force deleted while kubelet is down [Disruptive][Slow][LinuxOnly]" classname="Kubernetes e2e suite" time="0">
          <skipped></skipped>
      </testcase>
      <testcase name="[sig-storage] In-tree Volumes [Driver: local][LocalVolumeType: gce-localssd-scsi-fs] [Serial] [Testpattern: Dynamic PV (default fs)] volumes should allow exec of files on the volume" classname="Kubernetes e2e suite" time="0">
          <skipped></skipped>
      </testcase>
      <testcase name="[sig-storage] In-tree Volumes [Driver: local][LocalVolumeType: blockfs] [Testpattern: Dynamic PV (default fs)] fsgroupchangepolicy (OnRootMismatch)[LinuxOnly], pod created with an initial fsgroup, volume contents ownership changed in first pod, new pod with different fsgroup applied to the volume contents" classname="Kubernetes e2e suite" time="0">
          <skipped></skipped>
      </testcase>
      <testcase name="[sig-storage] Mounted flexvolume volume expand [Slow] [Feature:ExpandInUsePersistentVolumes] should be resizable when mounted" classname="Kubernetes e2e suite" time="0">
          <skipped></skipped>
      </testcase>
      <testcase name="[sig-storage] In-tree Volumes [Driver: ceph][Feature:Volumes][Serial] [Testpattern: Dynamic PV (block volmode)] multiVolume [Slow] should concurrently access the single volume from pods on the same node" classname="Kubernetes e2e suite" time="0">
          <skipped></skipped>
      </testcase>
      <testcase name="[sig-storage] In-tree Volumes [Driver: ceph][Feature:Volumes][Serial] [Testpattern: Inline-volume (default fs)] subPath should unmount if pod is gracefully deleted while kubelet is down [Disruptive][Slow][LinuxOnly]" classname="Kubernetes e2e suite" time="0">
          <skipped></skipped>
      </testcase>
      <testcase name="[sig-storage] In-tree Volumes [Driver: local][LocalVolumeType: dir] [Testpattern: Dynamic PV (ntfs)][Feature:Windows] provisioning should provision storage with pvc data source in parallel [Slow]" classname="Kubernetes e2e suite" time="0">
          <skipped></skipped>
      </testcase>
      <testcase name="[sig-storage] In-tree Volumes [Driver: emptydir] [Testpattern: Dynamic PV (ext4)] volumes should allow exec of files on the volume" classname="Kubernetes e2e suite" time="0">
          <skipped></skipped>
      </testcase>
      <testcase name="[sig-storage] CSI Volumes [Driver: csi-hostpath] [Testpattern: Dynamic PV (default fs)] subPath should verify container cannot write to subpath readonly volumes [Slow]" classname="Kubernetes e2e suite" time="0">
          <skipped></skipped>
      </testcase>
      <testcase name="[sig-storage] CSI Volumes [Driver: csi-hostpath] [Testpattern: Pre-provisioned PV (default fs)] subPath should support non-existent path" classname="Kubernetes e2e suite" time="0">
          <skipped></skipped>
      </testcase>
      <testcase name="[sig-storage] In-tree Volumes [Driver: local][LocalVolumeType: dir-link-bindmounted] [Testpattern: Dynamic PV (default fs)] subPath should support file as subpath [LinuxOnly]" classname="Kubernetes e2e suite" time="0">
          <skipped></skipped>
      </testcase>
      <testcase name="[sig-scheduling] SchedulerPreemption [Serial] validates lower priority pod preemption by critical pod [Conformance]" classname="Kubernetes e2e suite" time="103.508409711"></testcase>
      <testcase name="[sig-storage] In-tree Volumes [Driver: azure-disk] [Testpattern: Dynamic PV (block volmode)] volume-stress multiple pods should access different volumes repeatedly [Slow] [Serial]" classname="Kubernetes e2e suite" time="0">
          <skipped></skipped>
      </testcase>
      <testcase name="[sig-storage] HostPathType Character Device [Slow] Should fail on mounting character device &#39;achardev&#39; when HostPathType is HostPathFile" classname="Kubernetes e2e suite" time="0">
          <skipped></skipped>
      </testcase>
      <testcase name="[sig-storage] In-tree Volumes [Driver: ceph][Feature:Volumes][Serial] [Testpattern: Pre-provisioned PV (block volmode)] multiVolume [Slow] should access to two volumes with the same volume mode and retain data across pod recreation on different node" classname="Kubernetes e2e suite" time="0">
          <skipped></skipped>
      </testcase>
      <testcase name="[sig-storage] In-tree Volumes [Driver: local][LocalVolumeType: dir] [Testpattern: Dynamic PV (ntfs)][Feature:Windows] provisioning should provision storage with snapshot data source [Feature:VolumeSnapshotDataSource]" classname="Kubernetes e2e suite" time="0">
          <skipped></skipped>
      </testcase>
      <testcase name="[sig-storage] In-tree Volumes [Driver: ceph][Feature:Volumes][Serial] [Testpattern: Dynamic PV (block volmode)] disruptive[Disruptive][LinuxOnly] Should test that pv used in a pod that is force deleted while the kubelet is down cleans up when the kubelet returns." classname="Kubernetes e2e suite" time="0">
          <skipped></skipped>
      </testcase>
      <testcase name="[sig-storage] In-tree Volumes [Driver: local][LocalVolumeType: block] [Testpattern: Inline-volume (ntfs)][Feature:Windows] volumes should store data" classname="Kubernetes e2e suite" time="0">
          <skipped></skipped>
      </testcase>
      <testcase name="[sig-storage] In-tree Volumes [Driver: hostPathSymlink] [Testpattern: Pre-provisioned PV (block volmode)] multiVolume [Slow] should access to two volumes with the same volume mode and retain data across pod recreation on different node" classname="Kubernetes e2e suite" time="0">
          <skipped></skipped>
      </testcase>
      <testcase name="[sig-storage] In-tree Volumes [Driver: nfs] [Testpattern: Dynamic PV (default fs)(allowExpansion)] volume-expand Verify if offline PVC expansion works" classname="Kubernetes e2e suite" time="0">
          <skipped></skipped>
      </testcase>
      <testcase name="[sig-storage] In-tree Volumes [Driver: local][LocalVolumeType: dir] [Testpattern: Pre-provisioned PV (block volmode)] multiVolume [Slow] should concurrently access the single volume from pods on different node" classname="Kubernetes e2e suite" time="0">
          <skipped></skipped>
      </testcase>
      <testcase name="[sig-storage] CSI Volumes [Driver: csi-hostpath] [Testpattern: Dynamic PV (block volmode)] volumeMode should not mount / map unused volumes in a pod [LinuxOnly]" classname="Kubernetes e2e suite" time="0">
          <skipped></skipped>
      </testcase>
      <testcase name="[sig-storage] In-tree Volumes [Driver: local][LocalVolumeType: dir-link] [Testpattern: Inline-volume (ntfs)][Feature:Windows] volumes should allow exec of files on the volume" classname="Kubernetes e2e suite" time="0">
          <skipped></skipped>
      </testcase>
      <testcase name="[sig-storage] In-tree Volumes [Driver: gluster] [Testpattern: Pre-provisioned PV (default fs)] subPath should support restarting containers using directory as subpath [Slow]" classname="Kubernetes e2e suite" time="0">
          <skipped></skipped>
      </testcase>
      <testcase name="[sig-storage] In-tree Volumes [Driver: azure-disk] [Testpattern: Dynamic PV (default fs)] volume-stress multiple pods should access different volumes repeatedly [Slow] [Serial]" classname="Kubernetes e2e suite" time="0">
          <skipped></skipped>
      </testcase>
      <testcase name="[sig-storage] In-tree Volumes [Driver: local][LocalVolumeType: gce-localssd-scsi-fs] [Serial] [Testpattern: Dynamic PV (ntfs)][Feature:Windows] subPath should unmount if pod is force deleted while kubelet is down [Disruptive][Slow][LinuxOnly]" classname="Kubernetes e2e suite" time="0">
          <skipped></skipped>
      </testcase>
      <testcase name="[sig-storage] In-tree Volumes [Driver: ceph][Feature:Volumes][Serial] [Testpattern: Dynamic PV (block volmode)] multiVolume [Slow] should concurrently access the volume and its clone from pods on the same node [LinuxOnly][Feature:VolumeSnapshotDataSource][Feature:VolumeSourceXFS]" classname="Kubernetes e2e suite" time="0">
          <skipped></skipped>
      </testcase>
      <testcase name="[sig-storage] CSI Volumes [Driver: csi-hostpath] [Testpattern: Dynamic PV (default fs)] subPath should support existing directories when readOnly specified in the volumeSource" classname="Kubernetes e2e suite" time="0">
          <skipped></skipped>
      </testcase>
      <testcase name="[sig-storage] In-tree Volumes [Driver: hostPath] [Testpattern: Dynamic PV (block volmode)] provisioning should provision storage with mount options" classname="Kubernetes e2e suite" time="0">
          <skipped></skipped>
      </testcase>
      <testcase name="[sig-storage] In-tree Volumes [Driver: local][LocalVolumeType: block] [Testpattern: Dynamic PV (default fs)] subPath should fail if subpath file is outside the volume [Slow][LinuxOnly]" classname="Kubernetes e2e suite" time="0">
          <skipped></skipped>
      </testcase>
      <testcase name="[sig-storage] In-tree Volumes [Driver: local][LocalVolumeType: dir-bindmounted] [Testpattern: Dynamic PV (default fs)] volume-expand should not allow expansion of pvcs without AllowVolumeExpansion property" classname="Kubernetes e2e suite" time="0">
          <skipped></skipped>
      </testcase>
      <testcase name="[sig-storage] HostPathType Character Device [Slow] Should fail on mounting character device &#39;achardev&#39; when HostPathType is HostPathSocket" classname="Kubernetes e2e suite" time="0">
          <skipped></skipped>
      </testcase>
      <testcase name="[sig-storage] In-tree Volumes [Driver: windows-gcepd] [Testpattern: Dynamic PV (ntfs)][Feature:Windows] subPath should support non-existent path" classname="Kubernetes e2e suite" time="0">
          <skipped></skipped>
      </testcase>
      <testcase name="[sig-storage] CSI mock volume CSI workload information using mock driver should not be passed when CSIDriver does not exist" classname="Kubernetes e2e suite" time="0">
          <skipped></skipped>
      </testcase>
      <testcase name="[sig-storage] In-tree Volumes [Driver: local][LocalVolumeType: dir] [Testpattern: Pre-provisioned PV (filesystem volmode)] multiVolume [Slow] should access to two volumes with the same volume mode and retain data across pod recreation on the same node" classname="Kubernetes e2e suite" time="0">
          <skipped></skipped>
      </testcase>
      <testcase name="[sig-storage] CSI Volumes [Driver: csi-hostpath] [Testpattern: Dynamic PV (ntfs)][Feature:Windows] provisioning should provision storage with pvc data source" classname="Kubernetes e2e suite" time="0">
          <skipped></skipped>
      </testcase>
      <testcase name="[sig-scheduling] SchedulerPredicates [Serial] validates that taints-tolerations is respected if not matching" classname="Kubernetes e2e suite" time="0">
          <skipped></skipped>
      </testcase>
      <testcase name="[sig-storage] CSI Volumes [Driver: pd.csi.storage.gke.io][Serial] [Testpattern: Dynamic PV (xfs)][Slow] volumes should allow exec of files on the volume" classname="Kubernetes e2e suite" time="0">
          <skipped></skipped>
      </testcase>
      <testcase name="[sig-storage] HostPathType Socket [Slow] Should fail on mounting socket &#39;asocket&#39; when HostPathType is HostPathBlockDev" classname="Kubernetes e2e suite" time="0">
          <skipped></skipped>
      </testcase>
      <testcase name="[sig-storage] In-tree Volumes [Driver: iscsi][Feature:Volumes] [Testpattern: Dynamic PV (block volmode)] volume-stress multiple pods should access different volumes repeatedly [Slow] [Serial]" classname="Kubernetes e2e suite" time="0">
          <skipped></skipped>
      </testcase>
      <testcase name="[sig-storage] In-tree Volumes [Driver: aws] [Testpattern: Inline-volume (ntfs)][Feature:Windows] volumes should allow exec of files on the volume" classname="Kubernetes e2e suite" time="0">
          <skipped></skipped>
      </testcase>
      <testcase name="[sig-storage] In-tree Volumes [Driver: gluster] [Testpattern: Pre-provisioned PV (filesystem volmode)] volumeMode should fail to use a volume in a pod with mismatched mode [Slow]" classname="Kubernetes e2e suite" time="0">
          <skipped></skipped>
      </testcase>
      <testcase name="[sig-autoscaling] Cluster size autoscaler scalability [Slow] CA ignores unschedulable pods while scheduling schedulable pods [Feature:ClusterAutoscalerScalability6]" classname="Kubernetes e2e suite" time="0">
          <skipped></skipped>
      </testcase>
      <testcase name="[sig-storage] In-tree Volumes [Driver: nfs] [Testpattern: Dynamic PV (filesystem volmode)] volumeLimits should verify that all csinodes have volume limits" classname="Kubernetes e2e suite" time="0">
          <skipped></skipped>
      </testcase>
      <testcase name="[sig-storage] Projected downwardAPI should provide podname as non-root with fsgroup [LinuxOnly] [NodeFeature:FSGroup]" classname="Kubernetes e2e suite" time="0">
          <skipped></skipped>
      </testcase>
      <testcase name="[sig-storage] In-tree Volumes [Driver: local][LocalVolumeType: blockfs] [Testpattern: Pre-provisioned PV (ntfs)][Feature:Windows] volumes should allow exec of files on the volume" classname="Kubernetes e2e suite" time="0">
          <skipped></skipped>
      </testcase>
      <testcase name="[sig-api-machinery] AdmissionWebhook [Privileged:ClusterAdmin] should be able to deny attaching pod [Conformance]" classname="Kubernetes e2e suite" time="18.211442177"></testcase>
      <testcase name="[sig-storage] In-tree Volumes [Driver: local][LocalVolumeType: blockfs] [Testpattern: Dynamic PV (filesystem volmode)] disruptive[Disruptive][LinuxOnly] Should test that pv written before kubelet restart is readable after restart." classname="Kubernetes e2e suite" time="0">
          <skipped></skipped>
      </testcase>
      <testcase name="[sig-storage] In-tree Volumes [Driver: ceph][Feature:Volumes][Serial] [Testpattern: Inline-volume (default fs)] subPath should support creating multiple subpath from same volumes [Slow]" classname="Kubernetes e2e suite" time="0">
          <skipped></skipped>
      </testcase>
      <testcase name="[sig-storage] In-tree Volumes [Driver: local][LocalVolumeType: blockfs] [Testpattern: Dynamic PV (ext4)] multiVolume [Slow] should concurrently access the volume and its clone from pods on the same node [LinuxOnly][Feature:VolumeSnapshotDataSource][Feature:VolumeSourceXFS]" classname="Kubernetes e2e suite" time="0">
          <skipped></skipped>
      </testcase>
      <testcase name="[sig-storage] In-tree Volumes [Driver: gluster] [Testpattern: Pre-provisioned PV (filesystem volmode)] multiVolume [Slow] should access to two volumes with different volume mode and retain data across pod recreation on different node" classname="Kubernetes e2e suite" time="0">
          <skipped></skipped>
      </testcase>
      <testcase name="[sig-api-machinery] Watchers should receive events on concurrent watches in same order [Conformance]" classname="Kubernetes e2e suite" time="4.612829749"></testcase>
      <testcase name="[sig-storage] In-tree Volumes [Driver: nfs] [Testpattern: Dynamic PV (default fs)] provisioning should provision storage with mount options" classname="Kubernetes e2e suite" time="0">
          <skipped></skipped>
      </testcase>
      <testcase name="[sig-storage] In-tree Volumes [Driver: local][LocalVolumeType: dir-link-bindmounted] [Testpattern: Dynamic PV (default fs)] provisioning should provision storage with pvc data source in parallel [Slow]" classname="Kubernetes e2e suite" time="0">
          <skipped></skipped>
      </testcase>
      <testcase name="[sig-storage] In-tree Volumes [Driver: cinder] [Testpattern: Pre-provisioned PV (default fs)] subPath should support readOnly directory specified in the volumeMount" classname="Kubernetes e2e suite" time="0">
          <skipped></skipped>
      </testcase>
      <testcase name="[sig-storage] In-tree Volumes [Driver: hostPath] [Testpattern: Dynamic PV (ntfs)][Feature:Windows] subPath should fail if non-existent subpath is outside the volume [Slow][LinuxOnly]" classname="Kubernetes e2e suite" time="0">
          <skipped></skipped>
      </testcase>
      <testcase name="[sig-storage] In-tree Volumes [Driver: local][LocalVolumeType: dir-link-bindmounted] [Testpattern: Dynamic PV (xfs)][Slow] multiVolume [Slow] should access to two volumes with different volume mode and retain data across pod recreation on the same node" classname="Kubernetes e2e suite" time="0">
          <skipped></skipped>
      </testcase>
      <testcase name="[sig-api-machinery] AdmissionWebhook [Privileged:ClusterAdmin] should deny crd creation [Conformance]" classname="Kubernetes e2e suite" time="10.369593665"></testcase>
      <testcase name="[sig-storage] In-tree Volumes [Driver: ceph][Feature:Volumes][Serial] [Testpattern: Dynamic PV (default fs)] volume-stress multiple pods should access different volumes repeatedly [Slow] [Serial]" classname="Kubernetes e2e suite" time="0">
          <skipped></skipped>
      </testcase>
      <testcase name="[sig-storage] In-tree Volumes [Driver: azure-disk] [Testpattern: Dynamic PV (default fs)] subPath should unmount if pod is force deleted while kubelet is down [Disruptive][Slow][LinuxOnly]" classname="Kubernetes e2e suite" time="0">
          <skipped></skipped>
      </testcase>
      <testcase name="[sig-storage] In-tree Volumes [Driver: ceph][Feature:Volumes][Serial] [Testpattern: Pre-provisioned PV (block volmode)] multiVolume [Slow] should concurrently access the single volume from pods on the same node" classname="Kubernetes e2e suite" time="0">
          <skipped></skipped>
      </testcase>
      <testcase name="[sig-storage] In-tree Volumes [Driver: gcepd] [Testpattern: Pre-provisioned PV (block volmode)] volumes should store data" classname="Kubernetes e2e suite" time="0">
          <skipped></skipped>
      </testcase>
      <testcase name="[sig-storage] CSI Volumes [Driver: pd.csi.storage.gke.io][Serial] [Testpattern: Dynamic PV (block volmode)] multiVolume [Slow] should access to two volumes with the same volume mode and retain data across pod recreation on different node" classname="Kubernetes e2e suite" time="0">
          <skipped></skipped>
      </testcase>
      <testcase name="[sig-storage] In-tree Volumes [Driver: hostPathSymlink] [Testpattern: Dynamic PV (block volmode)(allowExpansion)] volume-expand Verify if offline PVC expansion works" classname="Kubernetes e2e suite" time="0">
          <skipped></skipped>
      </testcase>
      <testcase name="[sig-storage] In-tree Volumes [Driver: local][LocalVolumeType: dir-link] [Testpattern: Inline-volume (ext3)] volumes should allow exec of files on the volume" classname="Kubernetes e2e suite" time="0">
          <skipped></skipped>
      </testcase>
      <testcase name="[sig-autoscaling] [Feature:HPA] Horizontal pod autoscaling (scale resource: CPU) [Serial] [Slow] ReplicationController Should scale from 1 pod to 3 pods and from 3 to 5 and verify decision stability" classname="Kubernetes e2e suite" time="0">
          <skipped></skipped>
      </testcase>
      <testcase name="[sig-storage] CSI Volumes [Driver: pd.csi.storage.gke.io][Serial] [Testpattern: Pre-provisioned PV (filesystem volmode)] volumeMode should not mount / map unused volumes in a pod [LinuxOnly]" classname="Kubernetes e2e suite" time="0">
          <skipped></skipped>
      </testcase>
      <testcase name="[sig-storage] In-tree Volumes [Driver: azure-disk] [Testpattern: Dynamic PV (ntfs)][Feature:Windows] volume-expand should not allow expansion of pvcs without AllowVolumeExpansion property" classname="Kubernetes e2e suite" time="0">
          <skipped></skipped>
      </testcase>
      <testcase name="[sig-storage] PersistentVolumes NFS when invoking the Recycle reclaim policy should test that a PV becomes Available and is clean after the PVC is deleted." classname="Kubernetes e2e suite" time="0">
          <skipped></skipped>
      </testcase>
      <testcase name="[sig-storage] In-tree Volumes [Driver: windows-gcepd] [Testpattern: Dynamic PV (block volmode)] volumeMode should not mount / map unused volumes in a pod [LinuxOnly]" classname="Kubernetes e2e suite" time="0">
          <skipped></skipped>
      </testcase>
      <testcase name="[sig-storage] In-tree Volumes [Driver: local][LocalVolumeType: dir] [Testpattern: Dynamic PV (default fs)] subPath should unmount if pod is force deleted while kubelet is down [Disruptive][Slow][LinuxOnly]" classname="Kubernetes e2e suite" time="0">
          <skipped></skipped>
      </testcase>
      <testcase name="[sig-storage] In-tree Volumes [Driver: windows-gcepd] [Testpattern: Dynamic PV (default fs)] capacity provides storage capacity information" classname="Kubernetes e2e suite" time="0">
          <skipped></skipped>
      </testcase>
      <testcase name="[sig-storage] In-tree Volumes [Driver: vsphere] [Testpattern: Dynamic PV (ntfs)][Feature:Windows] subPath should support existing single file [LinuxOnly]" classname="Kubernetes e2e suite" time="0">
          <skipped></skipped>
      </testcase>
      <testcase name="[sig-storage] In-tree Volumes [Driver: local][LocalVolumeType: block] [Testpattern: Dynamic PV (filesystem volmode)] multiVolume [Slow] should concurrently access the single volume from pods on different node" classname="Kubernetes e2e suite" time="0">
          <skipped></skipped>
      </testcase>
      <testcase name="[sig-storage] In-tree Volumes [Driver: local][LocalVolumeType: block] [Testpattern: Pre-provisioned PV (default fs)] subPath should verify container cannot write to subpath readonly volumes [Slow]" classname="Kubernetes e2e suite" time="0">
          <skipped></skipped>
      </testcase>
      <testcase name="[sig-network] Networking Granular Checks: Services should be able to handle large requests: udp" classname="Kubernetes e2e suite" time="0">
          <skipped></skipped>
      </testcase>
      <testcase name="[sig-storage] In-tree Volumes [Driver: ceph][Feature:Volumes][Serial] [Testpattern: Dynamic PV (ext4)] multiVolume [Slow] should concurrently access the single volume from pods on different node" classname="Kubernetes e2e suite" time="0">
          <skipped></skipped>
      </testcase>
      <testcase name="[sig-storage] In-tree Volumes [Driver: cinder] [Testpattern: Pre-provisioned PV (default fs)] volumes should store data" classname="Kubernetes e2e suite" time="0">
          <skipped></skipped>
      </testcase>
      <testcase name="[sig-apps] CronJob should not schedule new jobs when ForbidConcurrent [Slow] [Conformance]" classname="Kubernetes e2e suite" time="302.313305973"></testcase>
      <testcase name="[sig-storage] In-tree Volumes [Driver: rbd][Feature:Volumes][Serial] [Testpattern: Dynamic PV (default fs)] subPath should fail if subpath directory is outside the volume [Slow][LinuxOnly]" classname="Kubernetes e2e suite" time="0">
          <skipped></skipped>
      </testcase>
      <testcase name="[sig-api-machinery] Servers with support for Table transformation should return chunks of table results for list calls" classname="Kubernetes e2e suite" time="0">
          <skipped></skipped>
      </testcase>
      <testcase name="[sig-storage] In-tree Volumes [Driver: local][LocalVolumeType: blockfs] [Testpattern: Dynamic PV (default fs)] subPath should fail if subpath file is outside the volume [Slow][LinuxOnly]" classname="Kubernetes e2e suite" time="0">
          <skipped></skipped>
      </testcase>
      <testcase name="[sig-storage] GenericPersistentVolume[Disruptive] When kubelet restarts Should test that a volume mounted to a pod that is force deleted while the kubelet is down unmounts when the kubelet returns." classname="Kubernetes e2e suite" time="0">
          <skipped></skipped>
      </testcase>
      <testcase name="[sig-node] Security Context should support pod.Spec.SecurityContext.SupplementalGroups [LinuxOnly]" classname="Kubernetes e2e suite" time="0">
          <skipped></skipped>
      </testcase>
      <testcase name="[sig-storage] In-tree Volumes [Driver: iscsi][Feature:Volumes] [Testpattern: Dynamic PV (default fs)] fsgroupchangepolicy (Always)[LinuxOnly], pod created with an initial fsgroup, new pod fsgroup applied to volume contents" classname="Kubernetes e2e suite" time="0">
          <skipped></skipped>
      </testcase>
      <testcase name="[sig-autoscaling] [Feature:HPA] Horizontal pod autoscaling (scale resource: CPU) ReplicationController light Should scale from 2 pods to 1 pod [Slow]" classname="Kubernetes e2e suite" time="0">
          <skipped></skipped>
      </testcase>
      <testcase name="[sig-node] Security Context When creating a pod with readOnlyRootFilesystem should run the container with writable rootfs when readOnlyRootFilesystem=false [NodeConformance] [Conformance]" classname="Kubernetes e2e suite" time="8.234412434"></testcase>
      <testcase name="[sig-storage] In-tree Volumes [Driver: vsphere] [Testpattern: Inline-volume (default fs)] volumeIO should write files of various sizes, verify size, validate content [Slow][LinuxOnly]" classname="Kubernetes e2e suite" time="0">
          <skipped></skipped>
      </testcase>
      <testcase name="[sig-storage] In-tree Volumes [Driver: azure-disk] [Testpattern: Dynamic PV (block volmode)] multiVolume [Slow] should access to two volumes with different volume mode and retain data across pod recreation on different node" classname="Kubernetes e2e suite" time="0">
          <skipped></skipped>
      </testcase>
      <testcase name="[sig-storage] In-tree Volumes [Driver: vsphere] [Testpattern: Dynamic PV (default fs)] volumes should allow exec of files on the volume" classname="Kubernetes e2e suite" time="0">
          <skipped></skipped>
      </testcase>
      <testcase name="[sig-storage] In-tree Volumes [Driver: vsphere] [Testpattern: Pre-provisioned PV (default fs)] subPath should support existing directory" classname="Kubernetes e2e suite" time="0">
          <skipped></skipped>
      </testcase>
      <testcase name="[sig-storage] CSI Volumes [Driver: csi-hostpath] [Testpattern: Dynamic PV (default fs)] subPath should unmount if pod is force deleted while kubelet is down [Disruptive][Slow][LinuxOnly]" classname="Kubernetes e2e suite" time="0">
          <skipped></skipped>
      </testcase>
      <testcase name="[sig-storage] In-tree Volumes [Driver: iscsi][Feature:Volumes] [Testpattern: Dynamic PV (block volmode)] multiVolume [Slow] should access to two volumes with different volume mode and retain data across pod recreation on the same node" classname="Kubernetes e2e suite" time="0">
          <skipped></skipped>
      </testcase>
      <testcase name="[sig-storage] In-tree Volumes [Driver: local][LocalVolumeType: block] [Testpattern: Dynamic PV (delayed binding)] topology should provision a volume and schedule a pod with AllowedTopologies" classname="Kubernetes e2e suite" time="0">
          <skipped></skipped>
      </testcase>
      <testcase name="[sig-storage] In-tree Volumes [Driver: nfs] [Testpattern: Inline-volume (default fs)] subPath should fail if subpath with backstepping is outside the volume [Slow][LinuxOnly]" classname="Kubernetes e2e suite" time="0">
          <skipped></skipped>
      </testcase>
      <testcase name="[sig-storage] In-tree Volumes [Driver: local][LocalVolumeType: dir-link] [Testpattern: Dynamic PV (ext4)] multiVolume [Slow] should concurrently access the single volume from pods on the same node" classname="Kubernetes e2e suite" time="0">
          <skipped></skipped>
      </testcase>
      <testcase name="[sig-network] LoadBalancers ESIPP [Slow] should only target nodes with endpoints" classname="Kubernetes e2e suite" time="0">
          <skipped></skipped>
      </testcase>
      <testcase name="[sig-storage] In-tree Volumes [Driver: local][LocalVolumeType: dir] [Testpattern: Dynamic PV (ext4)] multiVolume [Slow] should access to two volumes with the same volume mode and retain data across pod recreation on different node" classname="Kubernetes e2e suite" time="0">
          <skipped></skipped>
      </testcase>
      <testcase name="[sig-api-machinery] Namespaces [Serial] should ensure that all services are removed when a namespace is deleted [Conformance]" classname="Kubernetes e2e suite" time="6.599557864"></testcase>
      <testcase name="[sig-storage] In-tree Volumes [Driver: azure-disk] [Testpattern: Dynamic PV (immediate binding)] topology should provision a volume and schedule a pod with AllowedTopologies" classname="Kubernetes e2e suite" time="0">
          <skipped></skipped>
      </testcase>
      <testcase name="[sig-storage] In-tree Volumes [Driver: local][LocalVolumeType: blockfs] [Testpattern: Dynamic PV (filesystem volmode)] multiVolume [Slow] should concurrently access the single read-only volume from pods on the same node" classname="Kubernetes e2e suite" time="0">
          <skipped></skipped>
      </testcase>
      <testcase name="[sig-storage] In-tree Volumes [Driver: local][LocalVolumeType: tmpfs] [Testpattern: Dynamic PV (ntfs)][Feature:Windows] volumes should allow exec of files on the volume" classname="Kubernetes e2e suite" time="0">
          <skipped></skipped>
      </testcase>
      <testcase name="[sig-storage] In-tree Volumes [Driver: ceph][Feature:Volumes][Serial] [Testpattern: Dynamic PV (ntfs)][Feature:Windows] subPath should support existing directory" classname="Kubernetes e2e suite" time="0">
          <skipped></skipped>
      </testcase>
      <testcase name="[sig-storage] In-tree Volumes [Driver: aws] [Testpattern: Inline-volume (default fs)] subPath should support file as subpath [LinuxOnly]" classname="Kubernetes e2e suite" time="0">
          <skipped></skipped>
      </testcase>
      <testcase name="[sig-storage] In-tree Volumes [Driver: cinder] [Testpattern: Dynamic PV (block volmode)] disruptive[Disruptive][LinuxOnly] Should test that pv used in a pod that is force deleted while the kubelet is down cleans up when the kubelet returns." classname="Kubernetes e2e suite" time="0">
          <skipped></skipped>
      </testcase>
      <testcase name="[sig-storage] In-tree Volumes [Driver: iscsi][Feature:Volumes] [Testpattern: Dynamic PV (filesystem volmode)] volumeMode should not mount / map unused volumes in a pod [LinuxOnly]" classname="Kubernetes e2e suite" time="0">
          <skipped></skipped>
      </testcase>
      <testcase name="[sig-network] Services should be possible to connect to a service via ExternalIP when the external IP is not assigned to a node" classname="Kubernetes e2e suite" time="0">
          <skipped></skipped>
      </testcase>
      <testcase name="[sig-storage] In-tree Volumes [Driver: aws] [Testpattern: Pre-provisioned PV (filesystem volmode)] multiVolume [Slow] should concurrently access the volume and its clone from pods on the same node [LinuxOnly][Feature:VolumeSnapshotDataSource][Feature:VolumeSourceXFS]" classname="Kubernetes e2e suite" time="0">
          <skipped></skipped>
      </testcase>
      <testcase name="[sig-storage] In-tree Volumes [Driver: gcepd] [Testpattern: Dynamic PV (ntfs)][Feature:Windows] subPath should support restarting containers using file as subpath [Slow][LinuxOnly]" classname="Kubernetes e2e suite" time="0">
          <skipped></skipped>
      </testcase>
      <testcase name="[sig-storage] In-tree Volumes [Driver: local][LocalVolumeType: dir-link] [Testpattern: Dynamic PV (default fs)] volumes should store data" classname="Kubernetes e2e suite" time="0">
          <skipped></skipped>
      </testcase>
      <testcase name="[sig-storage] In-tree Volumes [Driver: local][LocalVolumeType: dir] [Testpattern: Dynamic PV (block volmode)(allowExpansion)] volume-expand Verify if offline PVC expansion works" classname="Kubernetes e2e suite" time="0">
          <skipped></skipped>
      </testcase>
      <testcase name="[sig-storage] In-tree Volumes [Driver: local][LocalVolumeType: blockfs] [Testpattern: Pre-provisioned PV (ext3)] volumes should store data" classname="Kubernetes e2e suite" time="0">
          <skipped></skipped>
      </testcase>
      <testcase name="[sig-storage] In-tree Volumes [Driver: local][LocalVolumeType: dir-bindmounted] [Testpattern: Pre-provisioned PV (default fs)] subPath should fail if non-existent subpath is outside the volume [Slow][LinuxOnly]" classname="Kubernetes e2e suite" time="0">
          <skipped></skipped>
      </testcase>
      <testcase name="[sig-network] kube-proxy migration [Feature:KubeProxyDaemonSetMigration] Upgrade kube-proxy from static pods to a DaemonSet should maintain a functioning cluster [Feature:KubeProxyDaemonSetUpgrade]" classname="Kubernetes e2e suite" time="0">
          <skipped></skipped>
      </testcase>
      <testcase name="[sig-storage] In-tree Volumes [Driver: local][LocalVolumeType: block] [Testpattern: Pre-provisioned PV (block volmode)] multiVolume [Slow] should access to two volumes with different volume mode and retain data across pod recreation on different node" classname="Kubernetes e2e suite" time="0">
          <skipped></skipped>
      </testcase>
      <testcase name="[sig-storage] PersistentVolumes-local  [Volume type: tmpfs] One pod requesting one prebound PVC should be able to mount volume and write from pod1" classname="Kubernetes e2e suite" time="0">
          <skipped></skipped>
      </testcase>
      <testcase name="[sig-api-machinery] CustomResourcePublishOpenAPI [Privileged:ClusterAdmin] works for CRD without validation schema [Conformance]" classname="Kubernetes e2e suite" time="29.969466293"></testcase>
      <testcase name="[sig-storage] In-tree Volumes [Driver: azure-disk] [Testpattern: Pre-provisioned PV (default fs)] volumes should allow exec of files on the volume" classname="Kubernetes e2e suite" time="0">
          <skipped></skipped>
      </testcase>
      <testcase name="[sig-storage] In-tree Volumes [Driver: rbd][Feature:Volumes][Serial] [Testpattern: Pre-provisioned PV (default fs)] subPath should support existing directory" classname="Kubernetes e2e suite" time="0">
          <skipped></skipped>
      </testcase>
      <testcase name="[sig-storage] CSI Volumes [Driver: csi-hostpath] [Testpattern: Dynamic PV (filesystem volmode)] disruptive[Disruptive][LinuxOnly] Should test that pv written before kubelet restart is readable after restart." classname="Kubernetes e2e suite" time="0">
          <skipped></skipped>
      </testcase>
      <testcase name="[sig-storage] In-tree Volumes [Driver: local][LocalVolumeType: dir-link] [Testpattern: Pre-provisioned PV (filesystem volmode)] multiVolume [Slow] should access to two volumes with the same volume mode and retain data across pod recreation on different node" classname="Kubernetes e2e suite" time="0">
          <skipped></skipped>
      </testcase>
      <testcase name="[sig-api-machinery] AdmissionWebhook [Privileged:ClusterAdmin] should include webhook resources in discovery documents [Conformance]" classname="Kubernetes e2e suite" time="11.582389814"></testcase>
      <testcase name="[sig-network] [Feature:IPv6DualStack] should create service with ipv4 cluster ip" classname="Kubernetes e2e suite" time="0">
          <skipped></skipped>
      </testcase>
      <testcase name="[sig-storage] CSI mock volume CSI FSGroupPolicy [LinuxOnly] should modify fsGroup if fsGroupPolicy=File" classname="Kubernetes e2e suite" time="0">
          <skipped></skipped>
      </testcase>
      <testcase name="[sig-storage] CSI Volumes [Driver: pd.csi.storage.gke.io][Serial] [Testpattern: Dynamic PV (ext4)] multiVolume [Slow] should concurrently access the single volume from pods on the same node" classname="Kubernetes e2e suite" time="0">
          <skipped></skipped>
      </testcase>
      <testcase name="[sig-network] Networking Granular Checks: Services should update nodePort: udp [Slow]" classname="Kubernetes e2e suite" time="0">
          <skipped></skipped>
      </testcase>
      <testcase name="[sig-storage] In-tree Volumes [Driver: azure-disk] [Testpattern: Pre-provisioned PV (filesystem volmode)] multiVolume [Slow] should access to two volumes with the same volume mode and retain data across pod recreation on the same node" classname="Kubernetes e2e suite" time="0">
          <skipped></skipped>
      </testcase>
      <testcase name="[sig-storage] CSI Volumes [Driver: csi-hostpath] [Testpattern: Dynamic PV (ntfs)][Feature:Windows] subPath should fail if subpath directory is outside the volume [Slow][LinuxOnly]" classname="Kubernetes e2e suite" time="0">
          <skipped></skipped>
      </testcase>
      <testcase name="[sig-storage] In-tree Volumes [Driver: cinder] [Testpattern: Pre-provisioned PV (block volmode)] multiVolume [Slow] should concurrently access the volume and its clone from pods on the same node [LinuxOnly][Feature:VolumeSnapshotDataSource][Feature:VolumeSourceXFS]" classname="Kubernetes e2e suite" time="0">
          <skipped></skipped>
      </testcase>
      <testcase name="[sig-cloud-provider-gcp] Restart [Disruptive] should restart all nodes and ensure all nodes and pods recover" classname="Kubernetes e2e suite" time="0">
          <skipped></skipped>
      </testcase>
      <testcase name="[sig-storage] In-tree Volumes [Driver: cinder] [Testpattern: Dynamic PV (default fs)] subPath should support existing directories when readOnly specified in the volumeSource" classname="Kubernetes e2e suite" time="0">
          <skipped></skipped>
      </testcase>
      <testcase name="[sig-storage] In-tree Volumes [Driver: windows-gcepd] [Testpattern: Dynamic PV (ntfs)][Feature:Windows] subPath should fail if subpath file is outside the volume [Slow][LinuxOnly]" classname="Kubernetes e2e suite" time="0">
          <skipped></skipped>
      </testcase>
      <testcase name="[sig-storage] In-tree Volumes [Driver: cinder] [Testpattern: Dynamic PV (xfs)][Slow] multiVolume [Slow] should concurrently access the volume and restored snapshot from pods on the same node [LinuxOnly][Feature:VolumeSnapshotDataSource][Feature:VolumeSourceXFS]" classname="Kubernetes e2e suite" time="0">
          <skipped></skipped>
      </testcase>
      <testcase name="[sig-storage] In-tree Volumes [Driver: local][LocalVolumeType: gce-localssd-scsi-fs] [Serial] [Testpattern: Pre-provisioned PV (filesystem volmode)] multiVolume [Slow] should access to two volumes with different volume mode and retain data across pod recreation on the same node" classname="Kubernetes e2e suite" time="0">
          <skipped></skipped>
      </testcase>
      <testcase name="[sig-storage] In-tree Volumes [Driver: local][LocalVolumeType: dir-link-bindmounted] [Testpattern: Pre-provisioned PV (block volmode)] multiVolume [Slow] should concurrently access the single volume from pods on different node" classname="Kubernetes e2e suite" time="0">
          <skipped></skipped>
      </testcase>
      <testcase name="[sig-storage] In-tree Volumes [Driver: azure-disk] [Testpattern: Dynamic PV (default fs)] subPath should fail if non-existent subpath is outside the volume [Slow][LinuxOnly]" classname="Kubernetes e2e suite" time="0">
          <skipped></skipped>
      </testcase>
      <testcase name="[sig-network] Netpol NetworkPolicy between server and client should support a &#39;default-deny-ingress&#39; policy [Feature:NetworkPolicy]" classname="Kubernetes e2e suite" time="0">
          <skipped></skipped>
      </testcase>
      <testcase name="[sig-network] NetworkPolicyLegacy [LinuxOnly] NetworkPolicy between server and client should support allow-all policy [Feature:NetworkPolicy]" classname="Kubernetes e2e suite" time="0">
          <skipped></skipped>
      </testcase>
      <testcase name="[sig-storage] In-tree Volumes [Driver: vsphere] [Testpattern: Dynamic PV (filesystem volmode)] multiVolume [Slow] should access to two volumes with different volume mode and retain data across pod recreation on different node" classname="Kubernetes e2e suite" time="0">
          <skipped></skipped>
      </testcase>
      <testcase name="[sig-storage] In-tree Volumes [Driver: local][LocalVolumeType: gce-localssd-scsi-fs] [Serial] [Testpattern: Dynamic PV (filesystem volmode)] multiVolume [Slow] should concurrently access the volume and its clone from pods on the same node [LinuxOnly][Feature:VolumeSnapshotDataSource][Feature:VolumeSourceXFS]" classname="Kubernetes e2e suite" time="0">
          <skipped></skipped>
      </testcase>
      <testcase name="[sig-storage] In-tree Volumes [Driver: rbd][Feature:Volumes][Serial] [Testpattern: Dynamic PV (filesystem volmode)] volumeMode should not mount / map unused volumes in a pod [LinuxOnly]" classname="Kubernetes e2e suite" time="0">
          <skipped></skipped>
      </testcase>
      <testcase name="[sig-storage] CSI Volumes [Driver: csi-hostpath] [Testpattern: Dynamic PV (block volmode)] multiVolume [Slow] should access to two volumes with the same volume mode and retain data across pod recreation on the same node" classname="Kubernetes e2e suite" time="0">
          <skipped></skipped>
      </testcase>
      <testcase name="[sig-storage] In-tree Volumes [Driver: iscsi][Feature:Volumes] [Testpattern: Dynamic PV (filesystem volmode)] multiVolume [Slow] should concurrently access the single read-only volume from pods on the same node" classname="Kubernetes e2e suite" time="0">
          <skipped></skipped>
      </testcase>
      <testcase name="[sig-storage] In-tree Volumes [Driver: vsphere] [Testpattern: Dynamic PV (ntfs)][Feature:Windows] subPath should support existing directory" classname="Kubernetes e2e suite" time="0">
          <skipped></skipped>
      </testcase>
      <testcase name="[sig-storage] In-tree Volumes [Driver: hostPath] [Testpattern: Pre-provisioned PV (ext4)] volumes should store data" classname="Kubernetes e2e suite" time="0">
          <skipped></skipped>
      </testcase>
      <testcase name="[sig-storage] In-tree Volumes [Driver: iscsi][Feature:Volumes] [Testpattern: Dynamic PV (filesystem volmode)] volumeLimits should support volume limits [Serial]" classname="Kubernetes e2e suite" time="0">
          <skipped></skipped>
      </testcase>
      <testcase name="[sig-storage] In-tree Volumes [Driver: local][LocalVolumeType: dir-link-bindmounted] [Testpattern: Pre-provisioned PV (default fs)] subPath should fail if subpath with backstepping is outside the volume [Slow][LinuxOnly]" classname="Kubernetes e2e suite" time="0">
          <skipped></skipped>
      </testcase>
      <testcase name="[sig-storage] In-tree Volumes [Driver: local][LocalVolumeType: dir-bindmounted] [Testpattern: Pre-provisioned PV (filesystem volmode)] multiVolume [Slow] should concurrently access the volume and restored snapshot from pods on the same node [LinuxOnly][Feature:VolumeSnapshotDataSource][Feature:VolumeSourceXFS]" classname="Kubernetes e2e suite" time="0">
          <skipped></skipped>
      </testcase>
      <testcase name="[sig-storage] In-tree Volumes [Driver: azure-disk] [Testpattern: Dynamic PV (ext4)] multiVolume [Slow] should concurrently access the single volume from pods on the same node" classname="Kubernetes e2e suite" time="0">
          <skipped></skipped>
      </testcase>
      <testcase name="[sig-storage] In-tree Volumes [Driver: local][LocalVolumeType: dir] [Testpattern: Dynamic PV (ntfs)][Feature:Windows] subPath should support restarting containers using directory as subpath [Slow]" classname="Kubernetes e2e suite" time="0">
          <skipped></skipped>
      </testcase>
      <testcase name="[sig-storage] CSI mock volume CSI NodeStage error cases [Slow] should retry NodeStage after NodeStage ephemeral error" classname="Kubernetes e2e suite" time="0">
          <skipped></skipped>
      </testcase>
      <testcase name="[sig-storage] In-tree Volumes [Driver: iscsi][Feature:Volumes] [Testpattern: Dynamic PV (default fs)] provisioning should provision storage with pvc data source" classname="Kubernetes e2e suite" time="0">
          <skipped></skipped>
      </testcase>
      <testcase name="[sig-storage] In-tree Volumes [Driver: azure-disk] [Testpattern: Pre-provisioned PV (filesystem volmode)] multiVolume [Slow] should concurrently access the single volume from pods on the same node" classname="Kubernetes e2e suite" time="0">
          <skipped></skipped>
      </testcase>
      <testcase name="[sig-storage] In-tree Volumes [Driver: local][LocalVolumeType: dir-link] [Testpattern: Dynamic PV (ntfs)][Feature:Windows] provisioning should provision storage with mount options" classname="Kubernetes e2e suite" time="0">
          <skipped></skipped>
      </testcase>
      <testcase name="[sig-storage] In-tree Volumes [Driver: rbd][Feature:Volumes][Serial] [Testpattern: Dynamic PV (block volmode)(allowExpansion)] volume-expand Verify if offline PVC expansion works" classname="Kubernetes e2e suite" time="0">
          <skipped></skipped>
      </testcase>
      <testcase name="[sig-storage] In-tree Volumes [Driver: local][LocalVolumeType: dir-link-bindmounted] [Testpattern: Dynamic PV (ntfs)][Feature:Windows] subPath should fail if non-existent subpath is outside the volume [Slow][LinuxOnly]" classname="Kubernetes e2e suite" time="0">
          <skipped></skipped>
      </testcase>
      <testcase name="[sig-storage] In-tree Volumes [Driver: vsphere] [Testpattern: Dynamic PV (default fs)] volume-expand should not allow expansion of pvcs without AllowVolumeExpansion property" classname="Kubernetes e2e suite" time="0">
          <skipped></skipped>
      </testcase>
      <testcase name="[sig-apps] StatefulSet Deploy clustered applications [Feature:StatefulSet] [Slow] should creating a working zookeeper cluster" classname="Kubernetes e2e suite" time="0">
          <skipped></skipped>
      </testcase>
      <testcase name="[sig-storage] In-tree Volumes [Driver: aws] [Testpattern: Inline-volume (default fs)] volumeIO should write files of various sizes, verify size, validate content [Slow][LinuxOnly]" classname="Kubernetes e2e suite" time="0">
          <skipped></skipped>
      </testcase>
      <testcase name="[sig-storage] In-tree Volumes [Driver: ceph][Feature:Volumes][Serial] [Testpattern: Dynamic PV (default fs)] fsgroupchangepolicy (Always)[LinuxOnly], pod created with an initial fsgroup, volume contents ownership changed in first pod, new pod with same fsgroup applied to the volume contents" classname="Kubernetes e2e suite" time="0">
          <skipped></skipped>
      </testcase>
      <testcase name="[sig-storage] In-tree Volumes [Driver: local][LocalVolumeType: dir-link-bindmounted] [Testpattern: Pre-provisioned PV (filesystem volmode)] multiVolume [Slow] should access to two volumes with different volume mode and retain data across pod recreation on different node" classname="Kubernetes e2e suite" time="0">
          <skipped></skipped>
      </testcase>
      <testcase name="[sig-storage] In-tree Volumes [Driver: cinder] [Testpattern: Pre-provisioned PV (default fs)] subPath should fail if subpath directory is outside the volume [Slow][LinuxOnly]" classname="Kubernetes e2e suite" time="0">
          <skipped></skipped>
      </testcase>
      <testcase name="[sig-network] Netpol NetworkPolicy between server and client should enforce policy to allow ingress traffic from pods in all namespaces [Feature:NetworkPolicy]" classname="Kubernetes e2e suite" time="0">
          <skipped></skipped>
      </testcase>
      <testcase name="[sig-storage] In-tree Volumes [Driver: local][LocalVolumeType: block] [Testpattern: Dynamic PV (xfs)][Slow] multiVolume [Slow] should concurrently access the single volume from pods on the same node" classname="Kubernetes e2e suite" time="0">
          <skipped></skipped>
      </testcase>
      <testcase name="[sig-storage] In-tree Volumes [Driver: local][LocalVolumeType: dir] [Testpattern: Dynamic PV (block volmode)] provisioning should provision storage with mount options" classname="Kubernetes e2e suite" time="0">
          <skipped></skipped>
      </testcase>
      <testcase name="[sig-storage] In-tree Volumes [Driver: vsphere] [Testpattern: Pre-provisioned PV (default fs)] subPath should be able to unmount after the subpath directory is deleted [LinuxOnly]" classname="Kubernetes e2e suite" time="0">
          <skipped></skipped>
      </testcase>
      <testcase name="[sig-storage] In-tree Volumes [Driver: local][LocalVolumeType: tmpfs] [Testpattern: Pre-provisioned PV (filesystem volmode)] disruptive[Disruptive][LinuxOnly] Should test that pv written before kubelet restart is readable after restart." classname="Kubernetes e2e suite" time="0">
          <skipped></skipped>
      </testcase>
      <testcase name="[sig-storage] In-tree Volumes [Driver: iscsi][Feature:Volumes] [Testpattern: Dynamic PV (ext4)] multiVolume [Slow] should concurrently access the single read-only volume from pods on the same node" classname="Kubernetes e2e suite" time="0">
          <skipped></skipped>
      </testcase>
      <testcase name="[sig-storage] In-tree Volumes [Driver: hostPath] [Testpattern: Dynamic PV (default fs)] capacity provides storage capacity information" classname="Kubernetes e2e suite" time="0">
          <skipped></skipped>
      </testcase>
      <testcase name="[sig-storage] Projected configMap should be consumable from pods in volume as non-root [NodeConformance] [Conformance]" classname="Kubernetes e2e suite" time="9.202037966"></testcase>
      <testcase name="[sig-storage] In-tree Volumes [Driver: emptydir] [Testpattern: Dynamic PV (filesystem volmode)] multiVolume [Slow] should concurrently access the single read-only volume from pods on the same node" classname="Kubernetes e2e suite" time="0">
          <skipped></skipped>
      </testcase>
      <testcase name="[sig-storage] In-tree Volumes [Driver: aws] [Testpattern: Inline-volume (default fs)] subPath should support creating multiple subpath from same volumes [Slow]" classname="Kubernetes e2e suite" time="0">
          <skipped></skipped>
      </testcase>
      <testcase name="[sig-storage] In-tree Volumes [Driver: iscsi][Feature:Volumes] [Testpattern: Dynamic PV (xfs)][Slow] multiVolume [Slow] should concurrently access the volume and restored snapshot from pods on the same node [LinuxOnly][Feature:VolumeSnapshotDataSource][Feature:VolumeSourceXFS]" classname="Kubernetes e2e suite" time="0">
          <skipped></skipped>
      </testcase>
      <testcase name="[sig-storage] In-tree Volumes [Driver: nfs] [Testpattern: Pre-provisioned PV (block volmode)] multiVolume [Slow] should access to two volumes with different volume mode and retain data across pod recreation on the same node" classname="Kubernetes e2e suite" time="0">
          <skipped></skipped>
      </testcase>
      <testcase name="[sig-storage] CSI Volumes [Driver: csi-hostpath] [Testpattern: Dynamic PV (block volmode)(allowExpansion)] volume-expand Verify if offline PVC expansion works" classname="Kubernetes e2e suite" time="0">
          <skipped></skipped>
      </testcase>
      <testcase name="[sig-storage] In-tree Volumes [Driver: windows-gcepd] [Testpattern: Dynamic PV (filesystem volmode)] multiVolume [Slow] should concurrently access the volume and restored snapshot from pods on the same node [LinuxOnly][Feature:VolumeSnapshotDataSource][Feature:VolumeSourceXFS]" classname="Kubernetes e2e suite" time="0">
          <skipped></skipped>
      </testcase>
      <testcase name="[sig-storage] In-tree Volumes [Driver: local][LocalVolumeType: dir] [Testpattern: Dynamic PV (block volmode)] volumeMode should fail in binding dynamic provisioned PV to PVC [Slow][LinuxOnly]" classname="Kubernetes e2e suite" time="0">
          <skipped></skipped>
      </testcase>
      <testcase name="[sig-storage] In-tree Volumes [Driver: azure-disk] [Testpattern: Dynamic PV (ext4)] multiVolume [Slow] should concurrently access the volume and its clone from pods on the same node [LinuxOnly][Feature:VolumeSnapshotDataSource][Feature:VolumeSourceXFS]" classname="Kubernetes e2e suite" time="0">
          <skipped></skipped>
      </testcase>
      <testcase name="[sig-storage] In-tree Volumes [Driver: local][LocalVolumeType: dir] [Testpattern: Dynamic PV (xfs)][Slow] multiVolume [Slow] should concurrently access the single volume from pods on different node" classname="Kubernetes e2e suite" time="0">
          <skipped></skipped>
      </testcase>
      <testcase name="[sig-storage] In-tree Volumes [Driver: local][LocalVolumeType: dir-link-bindmounted] [Testpattern: Dynamic PV (filesystem volmode)] disruptive[Disruptive][LinuxOnly] Should test that pv written before kubelet restart is readable after restart." classname="Kubernetes e2e suite" time="0">
          <skipped></skipped>
      </testcase>
      <testcase name="[sig-storage] In-tree Volumes [Driver: ceph][Feature:Volumes][Serial] [Testpattern: Dynamic PV (block volmode)] provisioning should provision storage with snapshot data source [Feature:VolumeSnapshotDataSource]" classname="Kubernetes e2e suite" time="0">
          <skipped></skipped>
      </testcase>
      <testcase name="[sig-network] Services should have session affinity work for service with type clusterIP [LinuxOnly] [Conformance]" classname="Kubernetes e2e suite" time="78.586015542"></testcase>
      <testcase name="[sig-storage] In-tree Volumes [Driver: local][LocalVolumeType: tmpfs] [Testpattern: Dynamic PV (block volmode)] disruptive[Disruptive][LinuxOnly] Should test that pv used in a pod that is deleted while the kubelet is down cleans up when the kubelet returns." classname="Kubernetes e2e suite" time="0">
          <skipped></skipped>
      </testcase>
      <testcase name="[sig-api-machinery] client-go should negotiate watch and report errors with accept &#34;application/vnd.kubernetes.protobuf&#34;" classname="Kubernetes e2e suite" time="0">
          <skipped></skipped>
      </testcase>
      <testcase name="[sig-storage] CSI mock volume CSI Snapshot Controller metrics [Feature:VolumeSnapshotDataSource] snapshot controller should emit dynamic CreateSnapshot, CreateSnapshotAndReady, and DeleteSnapshot metrics" classname="Kubernetes e2e suite" time="0">
          <skipped></skipped>
      </testcase>
      <testcase name="[sig-storage] In-tree Volumes [Driver: local][LocalVolumeType: blockfs] [Testpattern: Dynamic PV (ntfs)][Feature:Windows] subPath should unmount if pod is force deleted while kubelet is down [Disruptive][Slow][LinuxOnly]" classname="Kubernetes e2e suite" time="0">
          <skipped></skipped>
      </testcase>
      <testcase name="[sig-storage] In-tree Volumes [Driver: ceph][Feature:Volumes][Serial] [Testpattern: Dynamic PV (block volmode)] multiVolume [Slow] should access to two volumes with the same volume mode and retain data across pod recreation on different node" classname="Kubernetes e2e suite" time="0">
          <skipped></skipped>
      </testcase>
      <testcase name="[sig-storage] In-tree Volumes [Driver: local][LocalVolumeType: dir-bindmounted] [Testpattern: Dynamic PV (default fs)] subPath should fail if subpath file is outside the volume [Slow][LinuxOnly]" classname="Kubernetes e2e suite" time="0">
          <skipped></skipped>
      </testcase>
      <testcase name="[sig-storage] In-tree Volumes [Driver: aws] [Testpattern: Dynamic PV (block volmode)] provisioning should provision storage with pvc data source" classname="Kubernetes e2e suite" time="0">
          <skipped></skipped>
      </testcase>
      <testcase name="[sig-storage] In-tree Volumes [Driver: hostPath] [Testpattern: Inline-volume (default fs)] subPath should support existing single file [LinuxOnly]" classname="Kubernetes e2e suite" time="0">
          <skipped></skipped>
      </testcase>
      <testcase name="[sig-storage] In-tree Volumes [Driver: gluster] [Testpattern: Inline-volume (default fs)] subPath should support readOnly file specified in the volumeMount [LinuxOnly]" classname="Kubernetes e2e suite" time="0">
          <skipped></skipped>
      </testcase>
      <testcase name="[sig-storage] In-tree Volumes [Driver: aws] [Testpattern: Dynamic PV (xfs)][Slow] multiVolume [Slow] should access to two volumes with different volume mode and retain data across pod recreation on the same node" classname="Kubernetes e2e suite" time="0">
          <skipped></skipped>
      </testcase>
      <testcase name="[sig-storage] CSI Volumes [Driver: csi-hostpath] [Testpattern: Dynamic PV (ntfs)][Feature:Windows] subPath should fail if subpath file is outside the volume [Slow][LinuxOnly]" classname="Kubernetes e2e suite" time="0">
          <skipped></skipped>
      </testcase>
      <testcase name="[sig-storage] In-tree Volumes [Driver: azure-disk] [Testpattern: Inline-volume (default fs)] subPath should support existing single file [LinuxOnly]" classname="Kubernetes e2e suite" time="0">
          <skipped></skipped>
      </testcase>
      <testcase name="[sig-storage] In-tree Volumes [Driver: emptydir] [Testpattern: Dynamic PV (default fs)] subPath should support restarting containers using file as subpath [Slow][LinuxOnly]" classname="Kubernetes e2e suite" time="0">
          <skipped></skipped>
      </testcase>
      <testcase name="[sig-node] Probing container should be restarted startup probe fails" classname="Kubernetes e2e suite" time="0">
          <skipped></skipped>
      </testcase>
      <testcase name="[sig-storage] In-tree Volumes [Driver: gcepd] [Testpattern: Dynamic PV (block volmode)] volume-stress multiple pods should access different volumes repeatedly [Slow] [Serial]" classname="Kubernetes e2e suite" time="0">
          <skipped></skipped>
      </testcase>
      <testcase name="[sig-network] Networking Granular Checks: Services should update endpoints: http" classname="Kubernetes e2e suite" time="0">
          <skipped></skipped>
      </testcase>
      <testcase name="[sig-node] Variable Expansion should succeed in writing subpaths in container [Slow] [Conformance]" classname="Kubernetes e2e suite" time="44.945655685"></testcase>
      <testcase name="[sig-node] Probing container should *not* be restarted with a /healthz http liveness probe [NodeConformance] [Conformance]" classname="Kubernetes e2e suite" time="247.324839347"></testcase>
      <testcase name="[sig-storage] In-tree Volumes [Driver: ceph][Feature:Volumes][Serial] [Testpattern: Dynamic PV (default fs)] subPath should be able to unmount after the subpath directory is deleted [LinuxOnly]" classname="Kubernetes e2e suite" time="0">
          <skipped></skipped>
      </testcase>
      <testcase name="[sig-storage] In-tree Volumes [Driver: cinder] [Testpattern: Inline-volume (default fs)] subPath should support restarting containers using directory as subpath [Slow]" classname="Kubernetes e2e suite" time="0">
          <skipped></skipped>
      </testcase>
      <testcase name="[sig-storage] Projected downwardAPI should provide podname only [NodeConformance] [Conformance]" classname="Kubernetes e2e suite" time="8.395392049"></testcase>
      <testcase name="[sig-api-machinery] CustomResourcePublishOpenAPI [Privileged:ClusterAdmin] works for multiple CRDs of same group and version but different kinds [Conformance]" classname="Kubernetes e2e suite" time="22.149028542"></testcase>
      <testcase name="[sig-storage] In-tree Volumes [Driver: local][LocalVolumeType: dir-link-bindmounted] [Testpattern: Dynamic PV (filesystem volmode)] multiVolume [Slow] should concurrently access the single read-only volume from pods on the same node" classname="Kubernetes e2e suite" time="0">
          <skipped></skipped>
      </testcase>
      <testcase name="[sig-storage] In-tree Volumes [Driver: azure-disk] [Testpattern: Dynamic PV (ext4)] volumes should allow exec of files on the volume" classname="Kubernetes e2e suite" time="0">
          <skipped></skipped>
      </testcase>
      <testcase name="[sig-storage] In-tree Volumes [Driver: hostPathSymlink] [Testpattern: Pre-provisioned PV (filesystem volmode)] multiVolume [Slow] should access to two volumes with different volume mode and retain data across pod recreation on the same node" classname="Kubernetes e2e suite" time="0">
          <skipped></skipped>
      </testcase>
      <testcase name="[sig-storage] In-tree Volumes [Driver: gcepd] [Testpattern: Dynamic PV (default fs)(allowExpansion)] volume-expand should resize volume when PVC is edited while pod is using it" classname="Kubernetes e2e suite" time="0">
          <skipped></skipped>
      </testcase>
      <testcase name="[sig-storage] In-tree Volumes [Driver: local][LocalVolumeType: dir] [Testpattern: Dynamic PV (xfs)][Slow] multiVolume [Slow] should access to two volumes with the same volume mode and retain data across pod recreation on different node" classname="Kubernetes e2e suite" time="0">
          <skipped></skipped>
      </testcase>
      <testcase name="[sig-storage] In-tree Volumes [Driver: ceph][Feature:Volumes][Serial] [Testpattern: Pre-provisioned PV (filesystem volmode)] multiVolume [Slow] should concurrently access the volume and its clone from pods on the same node [LinuxOnly][Feature:VolumeSnapshotDataSource][Feature:VolumeSourceXFS]" classname="Kubernetes e2e suite" time="0">
          <skipped></skipped>
      </testcase>
      <testcase name="[sig-storage] In-tree Volumes [Driver: azure-disk] [Testpattern: Inline-volume (default fs)] subPath should support file as subpath [LinuxOnly]" classname="Kubernetes e2e suite" time="0">
          <skipped></skipped>
      </testcase>
      <testcase name="[sig-storage] In-tree Volumes [Driver: local][LocalVolumeType: dir] [Testpattern: Dynamic PV (ext4)] multiVolume [Slow] should concurrently access the single volume from pods on different node" classname="Kubernetes e2e suite" time="0">
          <skipped></skipped>
      </testcase>
      <testcase name="[sig-storage] In-tree Volumes [Driver: iscsi][Feature:Volumes] [Testpattern: Dynamic PV (block volmode)] volumeMode should not mount / map unused volumes in a pod [LinuxOnly]" classname="Kubernetes e2e suite" time="0">
          <skipped></skipped>
      </testcase>
      <testcase name="[sig-storage] In-tree Volumes [Driver: local][LocalVolumeType: blockfs] [Testpattern: Dynamic PV (block volmode)] disruptive[Disruptive][LinuxOnly] Should test that pv written before kubelet restart is readable after restart." classname="Kubernetes e2e suite" time="0">
          <skipped></skipped>
      </testcase>
      <testcase name="[sig-storage] EmptyDir volumes should support (non-root,0644,tmpfs) [LinuxOnly] [NodeConformance] [Conformance]" classname="Kubernetes e2e suite" time="6.349181147"></testcase>
      <testcase name="[sig-storage] In-tree Volumes [Driver: gcepd] [Testpattern: Dynamic PV (ntfs)][Feature:Windows] subPath should support non-existent path" classname="Kubernetes e2e suite" time="0">
          <skipped></skipped>
      </testcase>
      <testcase name="[sig-storage] In-tree Volumes [Driver: gcepd] [Testpattern: Pre-provisioned PV (block volmode)] multiVolume [Slow] should concurrently access the volume and its clone from pods on the same node [LinuxOnly][Feature:VolumeSnapshotDataSource][Feature:VolumeSourceXFS]" classname="Kubernetes e2e suite" time="0">
          <skipped></skipped>
      </testcase>
      <testcase name="[sig-storage] In-tree Volumes [Driver: aws] [Testpattern: Inline-volume (default fs)] subPath should support readOnly directory specified in the volumeMount" classname="Kubernetes e2e suite" time="0">
          <skipped></skipped>
      </testcase>
      <testcase name="[sig-network] DNS configMap nameserver Forward external name lookup should forward externalname lookup to upstream nameserver [Slow][Serial]" classname="Kubernetes e2e suite" time="0">
          <skipped></skipped>
      </testcase>
      <testcase name="[sig-storage] In-tree Volumes [Driver: emptydir] [Testpattern: Pre-provisioned PV (default fs)] volumeIO should write files of various sizes, verify size, validate content [Slow][LinuxOnly]" classname="Kubernetes e2e suite" time="0">
          <skipped></skipped>
      </testcase>
      <testcase name="[sig-storage] In-tree Volumes [Driver: ceph][Feature:Volumes][Serial] [Testpattern: Pre-provisioned PV (block volmode)] volumeMode should fail to create pod by failing to mount volume [Slow]" classname="Kubernetes e2e suite" time="0">
          <skipped></skipped>
      </testcase>
      <testcase name="[sig-storage] In-tree Volumes [Driver: local][LocalVolumeType: blockfs] [Testpattern: Pre-provisioned PV (filesystem volmode)] disruptive[Disruptive][LinuxOnly] Should test that pv written before kubelet restart is readable after restart." classname="Kubernetes e2e suite" time="0">
          <skipped></skipped>
      </testcase>
      <testcase name="[sig-storage] In-tree Volumes [Driver: rbd][Feature:Volumes][Serial] [Testpattern: Inline-volume (default fs)] subPath should support existing single file [LinuxOnly]" classname="Kubernetes e2e suite" time="0">
          <skipped></skipped>
      </testcase>
      <testcase name="[sig-storage] In-tree Volumes [Driver: gcepd] [Testpattern: Inline-volume (default fs)] subPath should support restarting containers using file as subpath [Slow][LinuxOnly]" classname="Kubernetes e2e suite" time="0">
          <skipped></skipped>
      </testcase>
      <testcase name="[sig-apps] [Feature:TTLAfterFinished] job should be deleted once it finishes after TTL seconds" classname="Kubernetes e2e suite" time="0">
          <skipped></skipped>
      </testcase>
      <testcase name="[sig-storage] In-tree Volumes [Driver: windows-gcepd] [Testpattern: Dynamic PV (xfs)][Slow] multiVolume [Slow] should concurrently access the single read-only volume from pods on the same node" classname="Kubernetes e2e suite" time="0">
          <skipped></skipped>
      </testcase>
      <testcase name="[sig-storage] In-tree Volumes [Driver: hostPath] [Testpattern: Dynamic PV (ext4)] multiVolume [Slow] should access to two volumes with different volume mode and retain data across pod recreation on the same node" classname="Kubernetes e2e suite" time="0">
          <skipped></skipped>
      </testcase>
      <testcase name="[sig-storage] In-tree Volumes [Driver: rbd][Feature:Volumes][Serial] [Testpattern: Dynamic PV (default fs)] fsgroupchangepolicy (OnRootMismatch)[LinuxOnly], pod created with an initial fsgroup, volume contents ownership changed in first pod, new pod with different fsgroup applied to the volume contents" classname="Kubernetes e2e suite" time="0">
          <skipped></skipped>
      </testcase>
      <testcase name="[sig-storage] In-tree Volumes [Driver: vsphere] [Testpattern: Pre-provisioned PV (ext4)] volumes should allow exec of files on the volume" classname="Kubernetes e2e suite" time="0">
          <skipped></skipped>
      </testcase>
      <testcase name="[sig-storage] In-tree Volumes [Driver: vsphere] [Testpattern: Pre-provisioned PV (block volmode)] multiVolume [Slow] should access to two volumes with different volume mode and retain data across pod recreation on the same node" classname="Kubernetes e2e suite" time="0">
          <skipped></skipped>
      </testcase>
      <testcase name="[sig-storage] In-tree Volumes [Driver: hostPathSymlink] [Testpattern: Dynamic PV (default fs)] subPath should support restarting containers using file as subpath [Slow][LinuxOnly]" classname="Kubernetes e2e suite" time="0">
          <skipped></skipped>
      </testcase>
      <testcase name="[sig-storage] In-tree Volumes [Driver: gcepd] [Testpattern: Dynamic PV (ntfs)(allowExpansion)][Feature:Windows] volume-expand Verify if offline PVC expansion works" classname="Kubernetes e2e suite" time="0">
          <skipped></skipped>
      </testcase>
      <testcase name="[sig-auth] ServiceAccounts should allow opting out of API token automount  [Conformance]" classname="Kubernetes e2e suite" time="1.13610269"></testcase>
      <testcase name="[sig-storage] In-tree Volumes [Driver: hostPath] [Testpattern: Dynamic PV (default fs)] subPath should support non-existent path" classname="Kubernetes e2e suite" time="0">
          <skipped></skipped>
      </testcase>
      <testcase name="[sig-storage] In-tree Volumes [Driver: iscsi][Feature:Volumes] [Testpattern: Dynamic PV (default fs)] provisioning should provision storage with snapshot data source [Feature:VolumeSnapshotDataSource]" classname="Kubernetes e2e suite" time="0">
          <skipped></skipped>
      </testcase>
      <testcase name="[sig-storage] In-tree Volumes [Driver: cinder] [Testpattern: Dynamic PV (ntfs)(allowExpansion)][Feature:Windows] volume-expand Verify if offline PVC expansion works" classname="Kubernetes e2e suite" time="0">
          <skipped></skipped>
      </testcase>
      <testcase name="[sig-node] Kubelet when scheduling a busybox command that always fails in a pod should have an terminated reason [NodeConformance] [Conformance]" classname="Kubernetes e2e suite" time="32.39045606"></testcase>
      <testcase name="[sig-storage] In-tree Volumes [Driver: vsphere] [Testpattern: Pre-provisioned PV (block volmode)] disruptive[Disruptive][LinuxOnly] Should test that pv used in a pod that is force deleted while the kubelet is down cleans up when the kubelet returns." classname="Kubernetes e2e suite" time="0">
          <skipped></skipped>
      </testcase>
      <testcase name="[sig-storage] CSI Volumes [Driver: csi-hostpath] [Testpattern: Pre-provisioned PV (default fs)] subPath should support restarting containers using directory as subpath [Slow]" classname="Kubernetes e2e suite" time="0">
          <skipped></skipped>
      </testcase>
      <testcase name="[sig-storage] In-tree Volumes [Driver: iscsi][Feature:Volumes] [Testpattern: Dynamic PV (default fs)] subPath should be able to unmount after the subpath directory is deleted [LinuxOnly]" classname="Kubernetes e2e suite" time="0">
          <skipped></skipped>
      </testcase>
      <testcase name="[sig-storage] In-tree Volumes [Driver: local][LocalVolumeType: dir-bindmounted] [Testpattern: Pre-provisioned PV (filesystem volmode)] multiVolume [Slow] should concurrently access the single volume from pods on the same node" classname="Kubernetes e2e suite" time="0">
          <skipped></skipped>
      </testcase>
      <testcase name="[sig-storage] In-tree Volumes [Driver: hostPathSymlink] [Testpattern: Dynamic PV (ext4)] multiVolume [Slow] should concurrently access the volume and its clone from pods on the same node [LinuxOnly][Feature:VolumeSnapshotDataSource][Feature:VolumeSourceXFS]" classname="Kubernetes e2e suite" time="0">
          <skipped></skipped>
      </testcase>
      <testcase name="[sig-storage] In-tree Volumes [Driver: local][LocalVolumeType: dir-link] [Testpattern: Dynamic PV (ntfs)][Feature:Windows] subPath should support file as subpath [LinuxOnly]" classname="Kubernetes e2e suite" time="0">
          <skipped></skipped>
      </testcase>
      <testcase name="[sig-storage] In-tree Volumes [Driver: iscsi][Feature:Volumes] [Testpattern: Dynamic PV (xfs)][Slow] multiVolume [Slow] should access to two volumes with the same volume mode and retain data across pod recreation on the same node" classname="Kubernetes e2e suite" time="0">
          <skipped></skipped>
      </testcase>
      <testcase name="[sig-storage] CSI Volumes [Driver: pd.csi.storage.gke.io][Serial] [Testpattern: Inline-volume (default fs)] subPath should support existing directories when readOnly specified in the volumeSource" classname="Kubernetes e2e suite" time="0">
          <skipped></skipped>
      </testcase>
      <testcase name="[sig-storage] In-tree Volumes [Driver: cinder] [Testpattern: Dynamic PV (ntfs)][Feature:Windows] provisioning should provision storage with mount options" classname="Kubernetes e2e suite" time="0">
          <skipped></skipped>
      </testcase>
      <testcase name="[sig-storage] In-tree Volumes [Driver: local][LocalVolumeType: dir-bindmounted] [Testpattern: Pre-provisioned PV (default fs)] subPath should support existing directory" classname="Kubernetes e2e suite" time="0">
          <skipped></skipped>
      </testcase>
      <testcase name="[sig-storage] In-tree Volumes [Driver: hostPath] [Testpattern: Pre-provisioned PV (default fs)] subPath should support existing single file [LinuxOnly]" classname="Kubernetes e2e suite" time="0">
          <skipped></skipped>
      </testcase>
      <testcase name="[sig-storage] In-tree Volumes [Driver: local][LocalVolumeType: tmpfs] [Testpattern: Inline-volume (default fs)] subPath should support readOnly file specified in the volumeMount [LinuxOnly]" classname="Kubernetes e2e suite" time="0">
          <skipped></skipped>
      </testcase>
      <testcase name="[sig-storage] In-tree Volumes [Driver: windows-gcepd] [Testpattern: Pre-provisioned PV (default fs)] subPath should support creating multiple subpath from same volumes [Slow]" classname="Kubernetes e2e suite" time="0">
          <skipped></skipped>
      </testcase>
      <testcase name="[sig-scheduling] LimitRange should create a LimitRange with defaults and ensure pod has those defaults applied. [Conformance]" classname="Kubernetes e2e suite" time="7.723090673"></testcase>
      <testcase name="[sig-storage] In-tree Volumes [Driver: iscsi][Feature:Volumes] [Testpattern: Dynamic PV (ext3)] volumes should store data" classname="Kubernetes e2e suite" time="0">
          <skipped></skipped>
      </testcase>
      <testcase name="[sig-storage] CSI Volumes [Driver: csi-hostpath] [Testpattern: Dynamic PV (ntfs)][Feature:Windows] subPath should support restarting containers using file as subpath [Slow][LinuxOnly]" classname="Kubernetes e2e suite" time="0">
          <skipped></skipped>
      </testcase>
      <testcase name="[sig-storage] CSI mock volume CSI NodeUnstage error cases [Slow] should call NodeStage after NodeUnstage success" classname="Kubernetes e2e suite" time="0">
          <skipped></skipped>
      </testcase>
      <testcase name="[sig-storage] In-tree Volumes [Driver: local][LocalVolumeType: gce-localssd-scsi-fs] [Serial] [Testpattern: Inline-volume (default fs)] subPath should fail if subpath directory is outside the volume [Slow][LinuxOnly]" classname="Kubernetes e2e suite" time="0">
          <skipped></skipped>
      </testcase>
      <testcase name="[sig-storage] In-tree Volumes [Driver: local][LocalVolumeType: dir-bindmounted] [Testpattern: Inline-volume (default fs)] subPath should fail if non-existent subpath is outside the volume [Slow][LinuxOnly]" classname="Kubernetes e2e suite" time="0">
          <skipped></skipped>
      </testcase>
      <testcase name="[sig-storage] CSI Volumes [Driver: csi-hostpath] [Testpattern: Inline-volume (default fs)] subPath should support readOnly file specified in the volumeMount [LinuxOnly]" classname="Kubernetes e2e suite" time="0">
          <skipped></skipped>
      </testcase>
      <testcase name="[sig-scheduling] SchedulerPredicates [Serial] validates local ephemeral storage resource limits of pods that are allowed to run [Feature:LocalStorageCapacityIsolation]" classname="Kubernetes e2e suite" time="0">
          <skipped></skipped>
      </testcase>
      <testcase name="[sig-storage] In-tree Volumes [Driver: local][LocalVolumeType: dir] [Testpattern: Pre-provisioned PV (block volmode)] multiVolume [Slow] should concurrently access the volume and its clone from pods on the same node [LinuxOnly][Feature:VolumeSnapshotDataSource][Feature:VolumeSourceXFS]" classname="Kubernetes e2e suite" time="0">
          <skipped></skipped>
      </testcase>
      <testcase name="[sig-storage] CSI Volumes [Driver: pd.csi.storage.gke.io][Serial] [Testpattern: Dynamic PV (ntfs)][Feature:Windows] subPath should support existing directory" classname="Kubernetes e2e suite" time="0">
          <skipped></skipped>
      </testcase>
      <testcase name="[sig-storage] CSI Volumes [Driver: csi-hostpath] [Testpattern: Dynamic PV (default fs)] provisioning should provision storage with pvc data source" classname="Kubernetes e2e suite" time="0">
          <skipped></skipped>
      </testcase>
      <testcase name="[sig-storage] In-tree Volumes [Driver: local][LocalVolumeType: dir] [Testpattern: Dynamic PV (xfs)][Slow] multiVolume [Slow] should concurrently access the volume and its clone from pods on the same node [LinuxOnly][Feature:VolumeSnapshotDataSource][Feature:VolumeSourceXFS]" classname="Kubernetes e2e suite" time="0">
          <skipped></skipped>
      </testcase>
      <testcase name="[sig-storage] In-tree Volumes [Driver: windows-gcepd] [Testpattern: Dynamic PV (default fs)] fsgroupchangepolicy (Always)[LinuxOnly], pod created with an initial fsgroup, new pod fsgroup applied to volume contents" classname="Kubernetes e2e suite" time="0">
          <skipped></skipped>
      </testcase>
      <testcase name="[sig-storage] In-tree Volumes [Driver: local][LocalVolumeType: block] [Testpattern: Dynamic PV (ext4)] multiVolume [Slow] should access to two volumes with different volume mode and retain data across pod recreation on the same node" classname="Kubernetes e2e suite" time="0">
          <skipped></skipped>
      </testcase>
      <testcase name="[sig-storage] In-tree Volumes [Driver: local][LocalVolumeType: dir] [Testpattern: Dynamic PV (default fs)] fsgroupchangepolicy (Always)[LinuxOnly], pod created with an initial fsgroup, volume contents ownership changed in first pod, new pod with different fsgroup applied to the volume contents" classname="Kubernetes e2e suite" time="0">
          <skipped></skipped>
      </testcase>
      <testcase name="[sig-storage] In-tree Volumes [Driver: local][LocalVolumeType: dir] [Testpattern: Dynamic PV (block volmode)] volume-expand should not allow expansion of pvcs without AllowVolumeExpansion property" classname="Kubernetes e2e suite" time="0">
          <skipped></skipped>
      </testcase>
      <testcase name="[sig-storage] In-tree Volumes [Driver: vsphere] [Testpattern: Dynamic PV (ntfs)][Feature:Windows] subPath should fail if non-existent subpath is outside the volume [Slow][LinuxOnly]" classname="Kubernetes e2e suite" time="0">
          <skipped></skipped>
      </testcase>
      <testcase name="[sig-storage] In-tree Volumes [Driver: local][LocalVolumeType: blockfs] [Testpattern: Dynamic PV (ntfs)][Feature:Windows] subPath should be able to unmount after the subpath directory is deleted [LinuxOnly]" classname="Kubernetes e2e suite" time="0">
          <skipped></skipped>
      </testcase>
      <testcase name="[sig-storage] In-tree Volumes [Driver: local][LocalVolumeType: dir-link] [Testpattern: Dynamic PV (ntfs)][Feature:Windows] provisioning should provision storage with pvc data source" classname="Kubernetes e2e suite" time="0">
          <skipped></skipped>
      </testcase>
      <testcase name="[sig-storage] In-tree Volumes [Driver: local][LocalVolumeType: dir-link] [Testpattern: Dynamic PV (block volmode)] provisioning should provision storage with pvc data source" classname="Kubernetes e2e suite" time="0">
          <skipped></skipped>
      </testcase>
      <testcase name="[sig-storage] In-tree Volumes [Driver: local][LocalVolumeType: dir-link] [Testpattern: Pre-provisioned PV (block volmode)] multiVolume [Slow] should concurrently access the volume and restored snapshot from pods on the same node [LinuxOnly][Feature:VolumeSnapshotDataSource][Feature:VolumeSourceXFS]" classname="Kubernetes e2e suite" time="0">
          <skipped></skipped>
      </testcase>
      <testcase name="[sig-api-machinery] CustomResourceDefinition Watch [Privileged:ClusterAdmin] CustomResourceDefinition Watch watch on custom resource definition objects [Conformance]" classname="Kubernetes e2e suite" time="115.587016922"></testcase>
      <testcase name="[sig-storage] In-tree Volumes [Driver: local][LocalVolumeType: dir-link] [Testpattern: Dynamic PV (xfs)][Slow] multiVolume [Slow] should access to two volumes with different volume mode and retain data across pod recreation on the same node" classname="Kubernetes e2e suite" time="0">
          <skipped></skipped>
      </testcase>
      <testcase name="[sig-storage] In-tree Volumes [Driver: iscsi][Feature:Volumes] [Testpattern: Dynamic PV (ntfs)][Feature:Windows] subPath should support restarting containers using file as subpath [Slow][LinuxOnly]" classname="Kubernetes e2e suite" time="0">
          <skipped></skipped>
      </testcase>
      <testcase name="[sig-storage] In-tree Volumes [Driver: local][LocalVolumeType: dir-bindmounted] [Testpattern: Dynamic PV (filesystem volmode)] disruptive[Disruptive][LinuxOnly] Should test that pv written before kubelet restart is readable after restart." classname="Kubernetes e2e suite" time="0">
          <skipped></skipped>
      </testcase>
      <testcase name="[sig-storage] In-tree Volumes [Driver: gluster] [Testpattern: Dynamic PV (ext4)] multiVolume [Slow] should access to two volumes with different volume mode and retain data across pod recreation on different node" classname="Kubernetes e2e suite" time="0">
          <skipped></skipped>
      </testcase>
      <testcase name="[sig-node] NodeProblemDetector should run without error" classname="Kubernetes e2e suite" time="0">
          <skipped></skipped>
      </testcase>
      <testcase name="[sig-storage] CSI Volumes [Driver: pd.csi.storage.gke.io][Serial] [Testpattern: Dynamic PV (filesystem volmode)] multiVolume [Slow] should concurrently access the single volume from pods on the same node" classname="Kubernetes e2e suite" time="0">
          <skipped></skipped>
      </testcase>
      <testcase name="[sig-api-machinery] AdmissionWebhook [Privileged:ClusterAdmin] patching/updating a mutating webhook should work [Conformance]" classname="Kubernetes e2e suite" time="8.612402467999999"></testcase>
      <testcase name="[sig-storage] In-tree Volumes [Driver: local][LocalVolumeType: gce-localssd-scsi-fs] [Serial] [Testpattern: Dynamic PV (ext4)] multiVolume [Slow] should access to two volumes with the same volume mode and retain data across pod recreation on the same node" classname="Kubernetes e2e suite" time="0">
          <skipped></skipped>
      </testcase>
      <testcase name="[sig-storage] In-tree Volumes [Driver: local][LocalVolumeType: dir] [Testpattern: Pre-provisioned PV (default fs)] subPath should fail if subpath directory is outside the volume [Slow][LinuxOnly]" classname="Kubernetes e2e suite" time="0">
          <skipped></skipped>
      </testcase>
      <testcase name="[sig-storage] In-tree Volumes [Driver: local][LocalVolumeType: dir] [Testpattern: Dynamic PV (default fs)] subPath should support readOnly directory specified in the volumeMount" classname="Kubernetes e2e suite" time="0">
          <skipped></skipped>
      </testcase>
      <testcase name="[sig-storage] In-tree Volumes [Driver: gluster] [Testpattern: Dynamic PV (immediate binding)] topology should provision a volume and schedule a pod with AllowedTopologies" classname="Kubernetes e2e suite" time="0">
          <skipped></skipped>
      </testcase>
      <testcase name="[sig-storage] In-tree Volumes [Driver: windows-gcepd] [Testpattern: Dynamic PV (block volmode)] provisioning should provision storage with snapshot data source [Feature:VolumeSnapshotDataSource]" classname="Kubernetes e2e suite" time="0">
          <skipped></skipped>
      </testcase>
      <testcase name="[sig-storage] In-tree Volumes [Driver: gluster] [Testpattern: Pre-provisioned PV (filesystem volmode)] multiVolume [Slow] should concurrently access the single volume from pods on the same node" classname="Kubernetes e2e suite" time="0">
          <skipped></skipped>
      </testcase>
      <testcase name="[sig-storage] In-tree Volumes [Driver: gluster] [Testpattern: Inline-volume (default fs)] subPath should support creating multiple subpath from same volumes [Slow]" classname="Kubernetes e2e suite" time="0">
          <skipped></skipped>
      </testcase>
      <testcase name="[sig-autoscaling] Cluster size autoscaling [Slow] should scale up correct target pool [Feature:ClusterSizeAutoscalingScaleUp]" classname="Kubernetes e2e suite" time="0">
          <skipped></skipped>
      </testcase>
      <testcase name="[sig-storage] CSI Volumes [Driver: csi-hostpath] [Testpattern: Dynamic PV (ntfs)(allowExpansion)][Feature:Windows] volume-expand Verify if offline PVC expansion works" classname="Kubernetes e2e suite" time="0">
          <skipped></skipped>
      </testcase>
      <testcase name="[sig-storage] In-tree Volumes [Driver: rbd][Feature:Volumes][Serial] [Testpattern: Pre-provisioned PV (default fs)] subPath should support existing single file [LinuxOnly]" classname="Kubernetes e2e suite" time="0">
          <skipped></skipped>
      </testcase>
      <testcase name="[sig-storage] In-tree Volumes [Driver: windows-gcepd] [Testpattern: Dynamic PV (filesystem volmode)] volumeLimits should support volume limits [Serial]" classname="Kubernetes e2e suite" time="0">
          <skipped></skipped>
      </testcase>
      <testcase name="[sig-storage] In-tree Volumes [Driver: gcepd] [Testpattern: Pre-provisioned PV (default fs)] subPath should fail if subpath file is outside the volume [Slow][LinuxOnly]" classname="Kubernetes e2e suite" time="0">
          <skipped></skipped>
      </testcase>
      <testcase name="[sig-storage] CSI Volumes [Driver: csi-hostpath] [Testpattern: Dynamic PV (ext4)] volumes should allow exec of files on the volume" classname="Kubernetes e2e suite" time="0">
          <skipped></skipped>
      </testcase>
      <testcase name="[sig-storage] In-tree Volumes [Driver: azure-disk] [Testpattern: Dynamic PV (ntfs)][Feature:Windows] subPath should fail if subpath directory is outside the volume [Slow][LinuxOnly]" classname="Kubernetes e2e suite" time="0">
          <skipped></skipped>
      </testcase>
      <testcase name="[sig-storage] In-tree Volumes [Driver: iscsi][Feature:Volumes] [Testpattern: Dynamic PV (block volmode)] disruptive[Disruptive][LinuxOnly] Should test that pv used in a pod that is force deleted while the kubelet is down cleans up when the kubelet returns." classname="Kubernetes e2e suite" time="0">
          <skipped></skipped>
      </testcase>
      <testcase name="[sig-storage] In-tree Volumes [Driver: vsphere] [Testpattern: Pre-provisioned PV (default fs)] subPath should support restarting containers using file as subpath [Slow][LinuxOnly]" classname="Kubernetes e2e suite" time="0">
          <skipped></skipped>
      </testcase>
      <testcase name="[sig-storage] CSI Volumes [Driver: pd.csi.storage.gke.io][Serial] [Testpattern: Dynamic PV (default fs)] subPath should fail if subpath with backstepping is outside the volume [Slow][LinuxOnly]" classname="Kubernetes e2e suite" time="0">
          <skipped></skipped>
      </testcase>
      <testcase name="[sig-storage] In-tree Volumes [Driver: gluster] [Testpattern: Dynamic PV (ntfs)][Feature:Windows] subPath should unmount if pod is force deleted while kubelet is down [Disruptive][Slow][LinuxOnly]" classname="Kubernetes e2e suite" time="0">
          <skipped></skipped>
      </testcase>
      <testcase name="[sig-storage] In-tree Volumes [Driver: gluster] [Testpattern: Dynamic PV (ntfs)][Feature:Windows] volumes should allow exec of files on the volume" classname="Kubernetes e2e suite" time="0">
          <skipped></skipped>
      </testcase>
      <testcase name="[sig-storage] In-tree Volumes [Driver: local][LocalVolumeType: dir-link] [Testpattern: Dynamic PV (ext4)] volumes should store data" classname="Kubernetes e2e suite" time="0">
          <skipped></skipped>
      </testcase>
      <testcase name="[sig-storage] In-tree Volumes [Driver: local][LocalVolumeType: dir-link-bindmounted] [Testpattern: Pre-provisioned PV (block volmode)] multiVolume [Slow] should access to two volumes with the same volume mode and retain data across pod recreation on different node" classname="Kubernetes e2e suite" time="0">
          <skipped></skipped>
      </testcase>
      <testcase name="[sig-storage] In-tree Volumes [Driver: emptydir] [Testpattern: Dynamic PV (block volmode)] volumeMode should fail to use a volume in a pod with mismatched mode [Slow]" classname="Kubernetes e2e suite" time="0">
          <skipped></skipped>
      </testcase>
      <testcase name="[sig-storage] In-tree Volumes [Driver: local][LocalVolumeType: gce-localssd-scsi-fs] [Serial] [Testpattern: Pre-provisioned PV (block volmode)] multiVolume [Slow] should concurrently access the single read-only volume from pods on the same node" classname="Kubernetes e2e suite" time="0">
          <skipped></skipped>
      </testcase>
      <testcase name="[sig-storage] CSI Volumes [Driver: csi-hostpath] [Testpattern: Dynamic PV (ntfs)][Feature:Windows] subPath should support restarting containers using directory as subpath [Slow]" classname="Kubernetes e2e suite" time="0">
          <skipped></skipped>
      </testcase>
      <testcase name="[sig-storage] In-tree Volumes [Driver: emptydir] [Testpattern: Dynamic PV (default fs)] volumeIO should write files of various sizes, verify size, validate content [Slow][LinuxOnly]" classname="Kubernetes e2e suite" time="0">
          <skipped></skipped>
      </testcase>
      <testcase name="[sig-storage] In-tree Volumes [Driver: local][LocalVolumeType: block] [Testpattern: Pre-provisioned PV (default fs)] subPath should fail if subpath with backstepping is outside the volume [Slow][LinuxOnly]" classname="Kubernetes e2e suite" time="0">
          <skipped></skipped>
      </testcase>
      <testcase name="[sig-storage] In-tree Volumes [Driver: windows-gcepd] [Testpattern: Pre-provisioned PV (filesystem volmode)] multiVolume [Slow] should access to two volumes with the same volume mode and retain data across pod recreation on different node" classname="Kubernetes e2e suite" time="0">
          <skipped></skipped>
      </testcase>
      <testcase name="[sig-storage] In-tree Volumes [Driver: local][LocalVolumeType: tmpfs] [Testpattern: Dynamic PV (immediate binding)] topology should provision a volume and schedule a pod with AllowedTopologies" classname="Kubernetes e2e suite" time="0">
          <skipped></skipped>
      </testcase>
      <testcase name="[sig-storage] In-tree Volumes [Driver: iscsi][Feature:Volumes] [Testpattern: Dynamic PV (default fs)] volumes should store data" classname="Kubernetes e2e suite" time="0">
          <skipped></skipped>
      </testcase>
      <testcase name="[sig-storage] In-tree Volumes [Driver: azure-disk] [Testpattern: Dynamic PV (default fs)] volumes should store data" classname="Kubernetes e2e suite" time="0">
          <skipped></skipped>
      </testcase>
      <testcase name="[sig-storage] In-tree Volumes [Driver: aws] [Testpattern: Dynamic PV (delayed binding)] topology should fail to schedule a pod which has topologies that conflict with AllowedTopologies" classname="Kubernetes e2e suite" time="0">
          <skipped></skipped>
      </testcase>
      <testcase name="[sig-storage] CSI Volumes [Driver: pd.csi.storage.gke.io][Serial] [Testpattern: Inline-volume (default fs)] volumes should allow exec of files on the volume" classname="Kubernetes e2e suite" time="0">
          <skipped></skipped>
      </testcase>
      <testcase name="[sig-storage] In-tree Volumes [Driver: windows-gcepd] [Testpattern: Inline-volume (default fs)] subPath should be able to unmount after the subpath directory is deleted [LinuxOnly]" classname="Kubernetes e2e suite" time="0">
          <skipped></skipped>
      </testcase>
      <testcase name="[sig-network] NetworkPolicy API should support creating NetworkPolicy API operations" classname="Kubernetes e2e suite" time="0">
          <skipped></skipped>
      </testcase>
      <testcase name="[sig-storage] In-tree Volumes [Driver: emptydir] [Testpattern: Dynamic PV (xfs)][Slow] multiVolume [Slow] should access to two volumes with the same volume mode and retain data across pod recreation on the same node" classname="Kubernetes e2e suite" time="0">
          <skipped></skipped>
      </testcase>
      <testcase name="[sig-storage] In-tree Volumes [Driver: local][LocalVolumeType: dir-link-bindmounted] [Testpattern: Dynamic PV (xfs)][Slow] multiVolume [Slow] should concurrently access the single volume from pods on the same node" classname="Kubernetes e2e suite" time="0">
          <skipped></skipped>
      </testcase>
      <testcase name="[sig-storage] In-tree Volumes [Driver: hostPathSymlink] [Testpattern: Dynamic PV (default fs)] volume-expand should not allow expansion of pvcs without AllowVolumeExpansion property" classname="Kubernetes e2e suite" time="0">
          <skipped></skipped>
      </testcase>
      <testcase name="[sig-windows] Hybrid cluster network for all supported CNIs should have stable networking for Linux and Windows pods" classname="Kubernetes e2e suite" time="0">
          <skipped></skipped>
      </testcase>
      <testcase name="[sig-scheduling] SchedulerPredicates [Serial] validates pod overhead is considered along with resource limits of pods that are allowed to run verify pod overhead is accounted for" classname="Kubernetes e2e suite" time="0">
          <skipped></skipped>
      </testcase>
      <testcase name="[sig-cloud-provider-gcp] Ports Security Check [Feature:KubeletSecurity] should not be able to proxy to cadvisor port 4194 using proxy subresource" classname="Kubernetes e2e suite" time="0">
          <skipped></skipped>
      </testcase>
      <testcase name="[sig-storage] Zone Support [Feature:vsphere] Verify PVC creation with invalid zone specified in storage class fails" classname="Kubernetes e2e suite" time="0">
          <skipped></skipped>
      </testcase>
      <testcase name="[sig-storage] In-tree Volumes [Driver: rbd][Feature:Volumes][Serial] [Testpattern: Dynamic PV (xfs)][Slow] multiVolume [Slow] should concurrently access the single volume from pods on different node" classname="Kubernetes e2e suite" time="0">
          <skipped></skipped>
      </testcase>
      <testcase name="[sig-storage] In-tree Volumes [Driver: local][LocalVolumeType: gce-localssd-scsi-fs] [Serial] [Testpattern: Pre-provisioned PV (block volmode)] multiVolume [Slow] should access to two volumes with the same volume mode and retain data across pod recreation on different node" classname="Kubernetes e2e suite" time="0">
          <skipped></skipped>
      </testcase>
      <testcase name="[sig-storage] HostPathType Character Device [Slow] Should fail on mounting non-existent character device &#39;does-not-exist-char-dev&#39; when HostPathType is HostPathCharDev" classname="Kubernetes e2e suite" time="0">
          <skipped></skipped>
      </testcase>
      <testcase name="[sig-storage] In-tree Volumes [Driver: local][LocalVolumeType: tmpfs] [Testpattern: Pre-provisioned PV (block volmode)] multiVolume [Slow] should concurrently access the volume and its clone from pods on the same node [LinuxOnly][Feature:VolumeSnapshotDataSource][Feature:VolumeSourceXFS]" classname="Kubernetes e2e suite" time="0">
          <skipped></skipped>
      </testcase>
      <testcase name="[sig-storage] In-tree Volumes [Driver: local][LocalVolumeType: dir] [Testpattern: Inline-volume (default fs)] volumeIO should write files of various sizes, verify size, validate content [Slow][LinuxOnly]" classname="Kubernetes e2e suite" time="0">
          <skipped></skipped>
      </testcase>
      <testcase name="[sig-storage] In-tree Volumes [Driver: hostPathSymlink] [Testpattern: Pre-provisioned PV (ntfs)][Feature:Windows] volumes should allow exec of files on the volume" classname="Kubernetes e2e suite" time="0">
          <skipped></skipped>
      </testcase>
      <testcase name="[sig-storage] CSI Volumes [Driver: pd.csi.storage.gke.io][Serial] [Testpattern: Dynamic PV (default fs)] fsgroupchangepolicy (OnRootMismatch)[LinuxOnly], pod created with an initial fsgroup, volume contents ownership changed in first pod, new pod with different fsgroup applied to the volume contents" classname="Kubernetes e2e suite" time="0">
          <skipped></skipped>
      </testcase>
      <testcase name="[sig-storage] In-tree Volumes [Driver: vsphere] [Testpattern: Pre-provisioned PV (block volmode)] multiVolume [Slow] should concurrently access the volume and restored snapshot from pods on the same node [LinuxOnly][Feature:VolumeSnapshotDataSource][Feature:VolumeSourceXFS]" classname="Kubernetes e2e suite" time="0">
          <skipped></skipped>
      </testcase>
      <testcase name="[sig-cli] Kubectl client kubectl wait should ignore not found error with --for=delete" classname="Kubernetes e2e suite" time="0">
          <skipped></skipped>
      </testcase>
      <testcase name="[sig-storage] In-tree Volumes [Driver: azure-disk] [Testpattern: Pre-provisioned PV (ext3)] volumes should store data" classname="Kubernetes e2e suite" time="0">
          <skipped></skipped>
      </testcase>
      <testcase name="[sig-storage] In-tree Volumes [Driver: hostPathSymlink] [Testpattern: Pre-provisioned PV (ext3)] volumes should store data" classname="Kubernetes e2e suite" time="0">
          <skipped></skipped>
      </testcase>
      <testcase name="[sig-storage] In-tree Volumes [Driver: gluster] [Testpattern: Inline-volume (default fs)] subPath should unmount if pod is force deleted while kubelet is down [Disruptive][Slow][LinuxOnly]" classname="Kubernetes e2e suite" time="0">
          <skipped></skipped>
      </testcase>
      <testcase name="[sig-storage] In-tree Volumes [Driver: hostPathSymlink] [Testpattern: Dynamic PV (filesystem volmode)] multiVolume [Slow] should access to two volumes with the same volume mode and retain data across pod recreation on the same node" classname="Kubernetes e2e suite" time="0">
          <skipped></skipped>
      </testcase>
      <testcase name="[sig-storage] CSI Volumes [Driver: pd.csi.storage.gke.io][Serial] [Testpattern: Pre-provisioned Snapshot (delete policy)] snapshottable[Feature:VolumeSnapshotDataSource] volume snapshot controller  should check snapshot fields, check restore correctly works after modifying source data, check deletion" classname="Kubernetes e2e suite" time="0">
          <skipped></skipped>
      </testcase>
      <testcase name="[sig-apps] ReplicationController should serve a basic image on each replica with a public image  [Conformance]" classname="Kubernetes e2e suite" time="16.277096112"></testcase>
      <testcase name="[sig-autoscaling] Cluster size autoscaling [Slow] should increase cluster size if pods are pending due to pod anti-affinity [Feature:ClusterSizeAutoscalingScaleUp]" classname="Kubernetes e2e suite" time="0">
          <skipped></skipped>
      </testcase>
      <testcase name="[sig-storage] Projected downwardAPI should set mode on item file [LinuxOnly] [NodeConformance] [Conformance]" classname="Kubernetes e2e suite" time="9.37334927"></testcase>
      <testcase name="[sig-storage] CSI Volumes [Driver: pd.csi.storage.gke.io][Serial] [Testpattern: Pre-provisioned PV (default fs)] subPath should fail if subpath file is outside the volume [Slow][LinuxOnly]" classname="Kubernetes e2e suite" time="0">
          <skipped></skipped>
      </testcase>
      <testcase name="[sig-storage] In-tree Volumes [Driver: local][LocalVolumeType: block] [Testpattern: Inline-volume (default fs)] subPath should support file as subpath [LinuxOnly]" classname="Kubernetes e2e suite" time="0">
          <skipped></skipped>
      </testcase>
      <testcase name="[sig-storage] In-tree Volumes [Driver: gluster] [Testpattern: Dynamic PV (block volmode)] multiVolume [Slow] should concurrently access the single volume from pods on the same node" classname="Kubernetes e2e suite" time="0">
          <skipped></skipped>
      </testcase>
      <testcase name="[sig-storage] In-tree Volumes [Driver: iscsi][Feature:Volumes] [Testpattern: Dynamic PV (ext4)] multiVolume [Slow] should access to two volumes with the same volume mode and retain data across pod recreation on different node" classname="Kubernetes e2e suite" time="0">
          <skipped></skipped>
      </testcase>
      <testcase name="[sig-storage] In-tree Volumes [Driver: cinder] [Testpattern: Dynamic PV (delayed binding)] topology should provision a volume and schedule a pod with AllowedTopologies" classname="Kubernetes e2e suite" time="0">
          <skipped></skipped>
      </testcase>
      <testcase name="[sig-storage] CSI Volumes [Driver: pd.csi.storage.gke.io][Serial] [Testpattern: Dynamic PV (xfs)][Slow] multiVolume [Slow] should access to two volumes with different volume mode and retain data across pod recreation on the same node" classname="Kubernetes e2e suite" time="0">
          <skipped></skipped>
      </testcase>
      <testcase name="[sig-storage] PersistentVolumes-local  [Volume type: gce-localssd-scsi-fs] [Serial] Two pods mounting a local volume one after the other should be able to write from pod1 and read from pod2" classname="Kubernetes e2e suite" time="0">
          <skipped></skipped>
      </testcase>
      <testcase name="[sig-storage] In-tree Volumes [Driver: local][LocalVolumeType: dir] [Testpattern: Pre-provisioned PV (block volmode)] multiVolume [Slow] should access to two volumes with the same volume mode and retain data across pod recreation on the same node" classname="Kubernetes e2e suite" time="0">
          <skipped></skipped>
      </testcase>
      <testcase name="[sig-storage] ConfigMap optional updates should be reflected in volume [NodeConformance] [Conformance]" classname="Kubernetes e2e suite" time="99.14163903"></testcase>
      <testcase name="[sig-storage] In-tree Volumes [Driver: hostPathSymlink] [Testpattern: Dynamic PV (block volmode)] volume-stress multiple pods should access different volumes repeatedly [Slow] [Serial]" classname="Kubernetes e2e suite" time="0">
          <skipped></skipped>
      </testcase>
      <testcase name="[sig-storage] In-tree Volumes [Driver: local][LocalVolumeType: tmpfs] [Testpattern: Dynamic PV (default fs)(allowExpansion)] volume-expand should resize volume when PVC is edited while pod is using it" classname="Kubernetes e2e suite" time="0">
          <skipped></skipped>
      </testcase>
      <testcase name="[sig-storage] In-tree Volumes [Driver: local][LocalVolumeType: block] [Testpattern: Dynamic PV (block volmode)] volumes should store data" classname="Kubernetes e2e suite" time="0">
          <skipped></skipped>
      </testcase>
      <testcase name="[sig-storage] CSI Volumes [Driver: csi-hostpath] [Testpattern: Dynamic PV (delayed binding)] topology should fail to schedule a pod which has topologies that conflict with AllowedTopologies" classname="Kubernetes e2e suite" time="0">
          <skipped></skipped>
      </testcase>
      <testcase name="[sig-storage] In-tree Volumes [Driver: hostPath] [Testpattern: Inline-volume (ntfs)][Feature:Windows] volumes should allow exec of files on the volume" classname="Kubernetes e2e suite" time="0">
          <skipped></skipped>
      </testcase>
      <testcase name="[sig-storage] In-tree Volumes [Driver: local][LocalVolumeType: dir-link] [Testpattern: Dynamic PV (default fs)] fsgroupchangepolicy (OnRootMismatch)[LinuxOnly], pod created with an initial fsgroup, new pod fsgroup applied to volume contents" classname="Kubernetes e2e suite" time="0">
          <skipped></skipped>
      </testcase>
      <testcase name="[sig-network] Loadbalancing: L7 GCE [Slow] [Feature:NEG] [Flaky] should create NEGs for all ports with the Ingress annotation, and NEGs for the standalone annotation otherwise" classname="Kubernetes e2e suite" time="0">
          <skipped></skipped>
      </testcase>
      <testcase name="[sig-storage] In-tree Volumes [Driver: hostPathSymlink] [Testpattern: Dynamic PV (filesystem volmode)] disruptive[Disruptive][LinuxOnly] Should test that pv written before kubelet restart is readable after restart." classname="Kubernetes e2e suite" time="0">
          <skipped></skipped>
      </testcase>
      <testcase name="[sig-storage] CSI Volumes [Driver: pd.csi.storage.gke.io][Serial] [Testpattern: Dynamic PV (block volmode)] disruptive[Disruptive][LinuxOnly] Should test that pv used in a pod that is force deleted while the kubelet is down cleans up when the kubelet returns." classname="Kubernetes e2e suite" time="0">
          <skipped></skipped>
      </testcase>
      <testcase name="[sig-storage] CSI Volumes [Driver: csi-hostpath] [Testpattern: Pre-provisioned PV (default fs)] subPath should verify container cannot write to subpath readonly volumes [Slow]" classname="Kubernetes e2e suite" time="0">
          <skipped></skipped>
      </testcase>
      <testcase name="[sig-storage] In-tree Volumes [Driver: cinder] [Testpattern: Dynamic PV (filesystem volmode)] volumeMode should not mount / map unused volumes in a pod [LinuxOnly]" classname="Kubernetes e2e suite" time="0">
          <skipped></skipped>
      </testcase>
      <testcase name="[sig-storage] In-tree Volumes [Driver: aws] [Testpattern: Inline-volume (default fs)] volumes should allow exec of files on the volume" classname="Kubernetes e2e suite" time="0">
          <skipped></skipped>
      </testcase>
      <testcase name="[sig-storage] In-tree Volumes [Driver: iscsi][Feature:Volumes] [Testpattern: Dynamic PV (filesystem volmode)] multiVolume [Slow] should concurrently access the volume and its clone from pods on the same node [LinuxOnly][Feature:VolumeSnapshotDataSource][Feature:VolumeSourceXFS]" classname="Kubernetes e2e suite" time="0">
          <skipped></skipped>
      </testcase>
      <testcase name="[sig-windows] [Feature:Windows] Kubelet-Stats [Serial] Kubelet stats collection for Windows nodes when running 10 pods should return within 10 seconds" classname="Kubernetes e2e suite" time="0">
          <skipped></skipped>
      </testcase>
      <testcase name="[sig-storage] In-tree Volumes [Driver: nfs] [Testpattern: Dynamic PV (default fs)] subPath should unmount if pod is gracefully deleted while kubelet is down [Disruptive][Slow][LinuxOnly]" classname="Kubernetes e2e suite" time="0">
          <skipped></skipped>
      </testcase>
      <testcase name="[sig-apps] DisruptionController evictions: enough pods, replicaSet, percentage =&gt; should allow an eviction" classname="Kubernetes e2e suite" time="0">
          <skipped></skipped>
      </testcase>
      <testcase name="[sig-storage] Pod Disks [Serial] attach on previously attached volumes should work" classname="Kubernetes e2e suite" time="0">
          <skipped></skipped>
      </testcase>
      <testcase name="[sig-storage] In-tree Volumes [Driver: cinder] [Testpattern: Inline-volume (default fs)] subPath should unmount if pod is gracefully deleted while kubelet is down [Disruptive][Slow][LinuxOnly]" classname="Kubernetes e2e suite" time="0">
          <skipped></skipped>
      </testcase>
      <testcase name="[sig-network] Netpol NetworkPolicy between server and client should ensure an IP overlapping both IPBlock.CIDR and IPBlock.Except is allowed [Feature:NetworkPolicy]" classname="Kubernetes e2e suite" time="0">
          <skipped></skipped>
      </testcase>
      <testcase name="[sig-storage] In-tree Volumes [Driver: local][LocalVolumeType: tmpfs] [Testpattern: Pre-provisioned PV (default fs)] subPath should support readOnly directory specified in the volumeMount" classname="Kubernetes e2e suite" time="0">
          <skipped></skipped>
      </testcase>
      <testcase name="[sig-storage] In-tree Volumes [Driver: local][LocalVolumeType: blockfs] [Testpattern: Inline-volume (default fs)] volumeIO should write files of various sizes, verify size, validate content [Slow][LinuxOnly]" classname="Kubernetes e2e suite" time="0">
          <skipped></skipped>
      </testcase>
      <testcase name="[sig-storage] In-tree Volumes [Driver: local][LocalVolumeType: dir-link-bindmounted] [Testpattern: Dynamic PV (filesystem volmode)] volumeLimits should verify that all csinodes have volume limits" classname="Kubernetes e2e suite" time="0">
          <skipped></skipped>
      </testcase>
      <testcase name="[sig-api-machinery] AdmissionWebhook [Privileged:ClusterAdmin] should be able to deny pod and configmap creation [Conformance]" classname="Kubernetes e2e suite" time="22.531255194"></testcase>
      <testcase name="[sig-storage] In-tree Volumes [Driver: local][LocalVolumeType: gce-localssd-scsi-fs] [Serial] [Testpattern: Inline-volume (default fs)] subPath should unmount if pod is gracefully deleted while kubelet is down [Disruptive][Slow][LinuxOnly]" classname="Kubernetes e2e suite" time="0">
          <skipped></skipped>
      </testcase>
      <testcase name="[sig-storage] In-tree Volumes [Driver: hostPath] [Testpattern: Dynamic PV (ntfs)][Feature:Windows] provisioning should provision storage with snapshot data source [Feature:VolumeSnapshotDataSource]" classname="Kubernetes e2e suite" time="0">
          <skipped></skipped>
      </testcase>
      <testcase name="[sig-storage] In-tree Volumes [Driver: local][LocalVolumeType: block] [Testpattern: Pre-provisioned PV (default fs)] subPath should be able to unmount after the subpath directory is deleted [LinuxOnly]" classname="Kubernetes e2e suite" time="0">
          <skipped></skipped>
      </testcase>
      <testcase name="[sig-storage] In-tree Volumes [Driver: local][LocalVolumeType: dir-link-bindmounted] [Testpattern: Dynamic PV (block volmode)] multiVolume [Slow] should concurrently access the single volume from pods on different node" classname="Kubernetes e2e suite" time="0">
          <skipped></skipped>
      </testcase>
      <testcase name="[sig-node] Downward API should provide host IP and pod IP as an env var if pod uses host network [LinuxOnly]" classname="Kubernetes e2e suite" time="0">
          <skipped></skipped>
      </testcase>
      <testcase name="[sig-storage] In-tree Volumes [Driver: hostPath] [Testpattern: Pre-provisioned PV (filesystem volmode)] volumeMode should not mount / map unused volumes in a pod [LinuxOnly]" classname="Kubernetes e2e suite" time="0">
          <skipped></skipped>
      </testcase>
      <testcase name="[sig-storage] In-tree Volumes [Driver: windows-gcepd] [Testpattern: Inline-volume (default fs)] subPath should unmount if pod is gracefully deleted while kubelet is down [Disruptive][Slow][LinuxOnly]" classname="Kubernetes e2e suite" time="0">
          <skipped></skipped>
      </testcase>
      <testcase name="[sig-storage] In-tree Volumes [Driver: local][LocalVolumeType: blockfs] [Testpattern: Dynamic PV (default fs)] subPath should support readOnly file specified in the volumeMount [LinuxOnly]" classname="Kubernetes e2e suite" time="0">
          <skipped></skipped>
      </testcase>
      <testcase name="[sig-storage] In-tree Volumes [Driver: emptydir] [Testpattern: Dynamic PV (filesystem volmode)] multiVolume [Slow] should access to two volumes with the same volume mode and retain data across pod recreation on the same node" classname="Kubernetes e2e suite" time="0">
          <skipped></skipped>
      </testcase>
      <testcase name="[sig-storage] CSI Volumes [Driver: csi-hostpath] [Testpattern: Dynamic PV (xfs)][Slow] volumes should allow exec of files on the volume" classname="Kubernetes e2e suite" time="0">
          <skipped></skipped>
      </testcase>
      <testcase name="[sig-storage] In-tree Volumes [Driver: azure-disk] [Testpattern: Inline-volume (default fs)] subPath should support existing directory" classname="Kubernetes e2e suite" time="0">
          <skipped></skipped>
      </testcase>
      <testcase name="[sig-storage] In-tree Volumes [Driver: local][LocalVolumeType: dir-bindmounted] [Testpattern: Pre-provisioned PV (block volmode)] disruptive[Disruptive][LinuxOnly] Should test that pv used in a pod that is force deleted while the kubelet is down cleans up when the kubelet returns." classname="Kubernetes e2e suite" time="0">
          <skipped></skipped>
      </testcase>
      <testcase name="[sig-api-machinery] ServerSideApply should create an applied object if it does not already exist" classname="Kubernetes e2e suite" time="0">
          <skipped></skipped>
      </testcase>
      <testcase name="[sig-storage] ConfigMap should be consumable from pods in volume [NodeConformance] [Conformance]" classname="Kubernetes e2e suite" time="11.098714309"></testcase>
      <testcase name="[sig-storage] In-tree Volumes [Driver: local][LocalVolumeType: block] [Testpattern: Pre-provisioned PV (default fs)] subPath should support existing directories when readOnly specified in the volumeSource" classname="Kubernetes e2e suite" time="0">
          <skipped></skipped>
      </testcase>
      <testcase name="[sig-storage] PersistentVolumes-local  StatefulSet with pod affinity [Slow] should use volumes spread across nodes when pod has anti-affinity" classname="Kubernetes e2e suite" time="0">
          <skipped></skipped>
      </testcase>
      <testcase name="[sig-storage] In-tree Volumes [Driver: emptydir] [Testpattern: Pre-provisioned PV (xfs)][Slow] volumes should store data" classname="Kubernetes e2e suite" time="0">
          <skipped></skipped>
      </testcase>
      <testcase name="[sig-storage] In-tree Volumes [Driver: local][LocalVolumeType: gce-localssd-scsi-fs] [Serial] [Testpattern: Pre-provisioned PV (default fs)] subPath should fail if non-existent subpath is outside the volume [Slow][LinuxOnly]" classname="Kubernetes e2e suite" time="0">
          <skipped></skipped>
      </testcase>
      <testcase name="[sig-storage] In-tree Volumes [Driver: emptydir] [Testpattern: Pre-provisioned PV (filesystem volmode)] volumeMode should fail to use a volume in a pod with mismatched mode [Slow]" classname="Kubernetes e2e suite" time="0">
          <skipped></skipped>
      </testcase>
      <testcase name="[sig-storage] In-tree Volumes [Driver: local][LocalVolumeType: tmpfs] [Testpattern: Dynamic PV (default fs)] subPath should unmount if pod is force deleted while kubelet is down [Disruptive][Slow][LinuxOnly]" classname="Kubernetes e2e suite" time="0">
          <skipped></skipped>
      </testcase>
      <testcase name="[sig-storage] In-tree Volumes [Driver: aws] [Testpattern: Dynamic PV (xfs)][Slow] volumes should store data" classname="Kubernetes e2e suite" time="0">
          <skipped></skipped>
      </testcase>
      <testcase name="[sig-storage] In-tree Volumes [Driver: local][LocalVolumeType: blockfs] [Testpattern: Pre-provisioned PV (default fs)] volumes should allow exec of files on the volume" classname="Kubernetes e2e suite" time="0">
          <skipped></skipped>
      </testcase>
      <testcase name="[sig-storage] In-tree Volumes [Driver: emptydir] [Testpattern: Dynamic PV (block volmode)] disruptive[Disruptive][LinuxOnly] Should test that pv written before kubelet restart is readable after restart." classname="Kubernetes e2e suite" time="0">
          <skipped></skipped>
      </testcase>
      <testcase name="[sig-scheduling] SchedulerPredicates [Serial] validates that taints-tolerations is respected if matching" classname="Kubernetes e2e suite" time="0">
          <skipped></skipped>
      </testcase>
      <testcase name="[sig-storage] In-tree Volumes [Driver: rbd][Feature:Volumes][Serial] [Testpattern: Dynamic PV (xfs)][Slow] multiVolume [Slow] should concurrently access the single volume from pods on the same node" classname="Kubernetes e2e suite" time="0">
          <skipped></skipped>
      </testcase>
      <testcase name="[sig-storage] HostPathType Directory [Slow] Should be able to mount directory &#39;adir&#39; successfully when HostPathType is HostPathUnset" classname="Kubernetes e2e suite" time="0">
          <skipped></skipped>
      </testcase>
      <testcase name="[sig-storage] In-tree Volumes [Driver: rbd][Feature:Volumes][Serial] [Testpattern: Inline-volume (default fs)] subPath should support restarting containers using file as subpath [Slow][LinuxOnly]" classname="Kubernetes e2e suite" time="0">
          <skipped></skipped>
      </testcase>
      <testcase name="[sig-storage] PersistentVolumes-local  Local volume that cannot be mounted [Slow] should fail due to wrong node" classname="Kubernetes e2e suite" time="0">
          <skipped></skipped>
      </testcase>
      <testcase name="[sig-storage] In-tree Volumes [Driver: gluster] [Testpattern: Dynamic PV (default fs)] volume-expand should not allow expansion of pvcs without AllowVolumeExpansion property" classname="Kubernetes e2e suite" time="0">
          <skipped></skipped>
      </testcase>
      <testcase name="[sig-storage] In-tree Volumes [Driver: local][LocalVolumeType: dir] [Testpattern: Dynamic PV (default fs)] volume-stress multiple pods should access different volumes repeatedly [Slow] [Serial]" classname="Kubernetes e2e suite" time="0">
          <skipped></skipped>
      </testcase>
      <testcase name="[sig-storage] In-tree Volumes [Driver: gluster] [Testpattern: Dynamic PV (default fs)] fsgroupchangepolicy (OnRootMismatch)[LinuxOnly], pod created with an initial fsgroup, volume contents ownership changed in first pod, new pod with same fsgroup skips ownership changes to the volume contents" classname="Kubernetes e2e suite" time="0">
          <skipped></skipped>
      </testcase>
      <testcase name="[sig-storage] In-tree Volumes [Driver: windows-gcepd] [Testpattern: Dynamic PV (filesystem volmode)] multiVolume [Slow] should concurrently access the single volume from pods on different node" classname="Kubernetes e2e suite" time="0">
          <skipped></skipped>
      </testcase>
      <testcase name="[sig-storage] In-tree Volumes [Driver: aws] [Testpattern: Inline-volume (default fs)] subPath should be able to unmount after the subpath directory is deleted [LinuxOnly]" classname="Kubernetes e2e suite" time="0">
          <skipped></skipped>
      </testcase>
      <testcase name="[sig-storage] In-tree Volumes [Driver: local][LocalVolumeType: dir-link-bindmounted] [Testpattern: Dynamic PV (ntfs)][Feature:Windows] subPath should support creating multiple subpath from same volumes [Slow]" classname="Kubernetes e2e suite" time="0">
          <skipped></skipped>
      </testcase>
      <testcase name="[sig-storage] In-tree Volumes [Driver: nfs] [Testpattern: Pre-provisioned PV (filesystem volmode)] multiVolume [Slow] should access to two volumes with different volume mode and retain data across pod recreation on different node" classname="Kubernetes e2e suite" time="0">
          <skipped></skipped>
      </testcase>
      <testcase name="[sig-storage] In-tree Volumes [Driver: rbd][Feature:Volumes][Serial] [Testpattern: Dynamic PV (filesystem volmode)] multiVolume [Slow] should concurrently access the volume and its clone from pods on the same node [LinuxOnly][Feature:VolumeSnapshotDataSource][Feature:VolumeSourceXFS]" classname="Kubernetes e2e suite" time="0">
          <skipped></skipped>
      </testcase>
      <testcase name="[sig-autoscaling] Cluster size autoscaling [Slow] Should not scale GPU pool up if pod does not require GPUs [GpuType:] [Feature:ClusterSizeAutoscalingGpu]" classname="Kubernetes e2e suite" time="0">
          <skipped></skipped>
      </testcase>
      <testcase name="[sig-storage] In-tree Volumes [Driver: local][LocalVolumeType: tmpfs] [Testpattern: Dynamic PV (ntfs)][Feature:Windows] subPath should support non-existent path" classname="Kubernetes e2e suite" time="0">
          <skipped></skipped>
      </testcase>
      <testcase name="[sig-storage] In-tree Volumes [Driver: local][LocalVolumeType: dir-bindmounted] [Testpattern: Pre-provisioned PV (ext3)] volumes should store data" classname="Kubernetes e2e suite" time="0">
          <skipped></skipped>
      </testcase>
      <testcase name="[sig-storage] In-tree Volumes [Driver: vsphere] [Testpattern: Dynamic PV (default fs)] subPath should fail if subpath with backstepping is outside the volume [Slow][LinuxOnly]" classname="Kubernetes e2e suite" time="0">
          <skipped></skipped>
      </testcase>
      <testcase name="[sig-storage] CSI Volumes [Driver: pd.csi.storage.gke.io][Serial] [Testpattern: Dynamic PV (ntfs)][Feature:Windows] subPath should support creating multiple subpath from same volumes [Slow]" classname="Kubernetes e2e suite" time="0">
          <skipped></skipped>
      </testcase>
      <testcase name="[sig-storage] CSI mock volume CSI attach test using mock driver should not require VolumeAttach for drivers without attachment" classname="Kubernetes e2e suite" time="0">
          <skipped></skipped>
      </testcase>
      <testcase name="[sig-storage] In-tree Volumes [Driver: local][LocalVolumeType: dir-link] [Testpattern: Dynamic PV (xfs)][Slow] volumes should store data" classname="Kubernetes e2e suite" time="0">
          <skipped></skipped>
      </testcase>
      <testcase name="[sig-storage] In-tree Volumes [Driver: azure-disk] [Testpattern: Inline-volume (default fs)] subPath should unmount if pod is force deleted while kubelet is down [Disruptive][Slow][LinuxOnly]" classname="Kubernetes e2e suite" time="0">
          <skipped></skipped>
      </testcase>
      <testcase name="[sig-network] Services should be able to change the type from NodePort to ExternalName [Conformance]" classname="Kubernetes e2e suite" time="1.2358300660000001">
          <failure type="Failure">/workspace/src/k8s.io/kubernetes/_output/dockerized/go/src/k8s.io/kubernetes/test/e2e/framework/framework.go:630&#xA;Jul 24 13:11:20.067: Unexpected error:&#xA;    &lt;*errors.errorString | 0xc008d58cd0&gt;: {&#xA;        s: &#34;out-of-range nodePort (41504) for service&#34;,&#xA;    }&#xA;    out-of-range nodePort (41504) for service&#xA;occurred&#xA;/workspace/src/k8s.io/kubernetes/_output/dockerized/go/src/k8s.io/kubernetes/test/e2e/network/service.go:1433</failure>
          <system-out>[BeforeEach] [sig-network] Services&#xA;  /workspace/src/k8s.io/kubernetes/_output/dockerized/go/src/k8s.io/kubernetes/test/e2e/framework/framework.go:185&#xA;STEP: Creating a kubernetes client&#xA;Jul 24 13:11:19.280: INFO: &gt;&gt;&gt; kubeConfig: /tmp/kubeconfig-821373319&#xA;STEP: Building a namespace api object, basename services&#xA;STEP: Waiting for a default service account to be provisioned in namespace&#xA;[BeforeEach] [sig-network] Services&#xA;  /workspace/src/k8s.io/kubernetes/_output/dockerized/go/src/k8s.io/kubernetes/test/e2e/network/service.go:749&#xA;[It] should be able to change the type from NodePort to ExternalName [Conformance]&#xA;  /workspace/src/k8s.io/kubernetes/_output/dockerized/go/src/k8s.io/kubernetes/test/e2e/framework/framework.go:630&#xA;STEP: creating a service nodeport-service with the type=NodePort in namespace services-9748&#xA;Jul 24 13:11:20.067: FAIL: Unexpected error:&#xA;    &lt;*errors.errorString | 0xc008d58cd0&gt;: {&#xA;        s: &#34;out-of-range nodePort (41504) for service&#34;,&#xA;    }&#xA;    out-of-range nodePort (41504) for service&#xA;occurred&#xA;&#xA;Full Stack Trace&#xA;k8s.io/kubernetes/test/e2e/network.glob..func24.17()&#xA;&#x9;/workspace/src/k8s.io/kubernetes/_output/dockerized/go/src/k8s.io/kubernetes/test/e2e/network/service.go:1433 +0x1a5&#xA;k8s.io/kubernetes/test/e2e.RunE2ETests(0xc0005db200)&#xA;&#x9;_output/dockerized/go/src/k8s.io/kubernetes/test/e2e/e2e.go:130 +0x36c&#xA;k8s.io/kubernetes/test/e2e.TestE2E(0xc0005db200)&#xA;&#x9;_output/dockerized/go/src/k8s.io/kubernetes/test/e2e/e2e_test.go:136 +0x2b&#xA;testing.tRunner(0xc0005db200, 0x72d52f0)&#xA;&#x9;/usr/local/go/src/testing/testing.go:1193 +0xef&#xA;created by testing.(*T).Run&#xA;&#x9;/usr/local/go/src/testing/testing.go:1238 +0x2b3&#xA;[AfterEach] [sig-network] Services&#xA;  /workspace/src/k8s.io/kubernetes/_output/dockerized/go/src/k8s.io/kubernetes/test/e2e/framework/framework.go:186&#xA;STEP: Collecting events from namespace &#34;services-9748&#34;.&#xA;STEP: Found 0 events.&#xA;Jul 24 13:11:20.095: INFO: POD  NODE  PHASE  GRACE  CONDITIONS&#xA;Jul 24 13:11:20.095: INFO: &#xA;Jul 24 13:11:20.102: INFO: &#xA;Logging node info for node k8s-node03&#xA;Jul 24 13:11:20.104: INFO: Node Info: &amp;Node{ObjectMeta:{k8s-node03    f005bf71-6041-45da-927c-72c442c8be97 5706589 0 2022-07-05 02:22:15 +0000 UTC &lt;nil&gt; &lt;nil&gt; map[beta.kubernetes.io/arch:amd64 beta.kubernetes.io/os:linux kubernetes.io/arch:amd64 kubernetes.io/hostname:k8s-node03 kubernetes.io/os:linux] map[flannel.alpha.coreos.com/backend-data:{&#34;VNI&#34;:1,&#34;VtepMAC&#34;:&#34;6a:72:10:8f:24:03&#34;} flannel.alpha.coreos.com/backend-type:vxlan flannel.alpha.coreos.com/kube-subnet-manager:true flannel.alpha.coreos.com/public-ip:192.168.132.213 kubeadm.alpha.kubernetes.io/cri-socket:/var/run/dockershim.sock node.alpha.kubernetes.io/ttl:0 volumes.kubernetes.io/controller-managed-attach-detach:true] [] []  [{kubelet Update v1 2022-07-05 02:22:15 +0000 UTC FieldsV1 {&#34;f:metadata&#34;:{&#34;f:annotations&#34;:{&#34;.&#34;:{},&#34;f:volumes.kubernetes.io/controller-managed-attach-detach&#34;:{}},&#34;f:labels&#34;:{&#34;.&#34;:{},&#34;f:beta.kubernetes.io/arch&#34;:{},&#34;f:beta.kubernetes.io/os&#34;:{},&#34;f:kubernetes.io/arch&#34;:{},&#34;f:kubernetes.io/hostname&#34;:{},&#34;f:kubernetes.io/os&#34;:{}}}} } {kubeadm Update v1 2022-07-05 02:22:20 +0000 UTC FieldsV1 {&#34;f:metadata&#34;:{&#34;f:annotations&#34;:{&#34;f:kubeadm.alpha.kubernetes.io/cri-socket&#34;:{}}}} } {flanneld Update v1 2022-07-05 02:25:35 +0000 UTC FieldsV1 {&#34;f:metadata&#34;:{&#34;f:annotations&#34;:{&#34;f:flannel.alpha.coreos.com/backend-data&#34;:{},&#34;f:flannel.alpha.coreos.com/backend-type&#34;:{},&#34;f:flannel.alpha.coreos.com/kube-subnet-manager&#34;:{},&#34;f:flannel.alpha.coreos.com/public-ip&#34;:{}}},&#34;f:status&#34;:{&#34;f:conditions&#34;:{&#34;k:{\&#34;type\&#34;:\&#34;NetworkUnavailable\&#34;}&#34;:{&#34;.&#34;:{},&#34;f:lastHeartbeatTime&#34;:{},&#34;f:lastTransitionTime&#34;:{},&#34;f:message&#34;:{},&#34;f:reason&#34;:{},&#34;f:status&#34;:{},&#34;f:type&#34;:{}}}}} status} {e2e.test Update v1 2022-07-24 11:57:52 +0000 UTC FieldsV1 {&#34;f:status&#34;:{&#34;f:capacity&#34;:{&#34;f:example.com/fakecpu&#34;:{},&#34;f:scheduling.k8s.io/foo&#34;:{}}}} status} {kubelet Update v1 2022-07-24 11:57:58 +0000 UTC FieldsV1 {&#34;f:status&#34;:{&#34;f:allocatable&#34;:{&#34;f:ephemeral-storage&#34;:{},&#34;f:example.com/fakecpu&#34;:{},&#34;f:scheduling.k8s.io/foo&#34;:{}},&#34;f:capacity&#34;:{&#34;f:ephemeral-storage&#34;:{}},&#34;f:conditions&#34;:{&#34;k:{\&#34;type\&#34;:\&#34;DiskPressure\&#34;}&#34;:{&#34;f:lastHeartbeatTime&#34;:{}},&#34;k:{\&#34;type\&#34;:\&#34;MemoryPressure\&#34;}&#34;:{&#34;f:lastHeartbeatTime&#34;:{}},&#34;k:{\&#34;type\&#34;:\&#34;PIDPressure\&#34;}&#34;:{&#34;f:lastHeartbeatTime&#34;:{}},&#34;k:{\&#34;type\&#34;:\&#34;Ready\&#34;}&#34;:{&#34;f:lastHeartbeatTime&#34;:{},&#34;f:lastTransitionTime&#34;:{},&#34;f:message&#34;:{},&#34;f:reason&#34;:{},&#34;f:status&#34;:{}}},&#34;f:images&#34;:{}}} status} {kube-controller-manager Update v1 2022-07-24 13:07:26 +0000 UTC FieldsV1 {&#34;f:metadata&#34;:{&#34;f:annotations&#34;:{&#34;f:node.alpha.kubernetes.io/ttl&#34;:{}}},&#34;f:spec&#34;:{&#34;f:podCIDR&#34;:{},&#34;f:podCIDRs&#34;:{&#34;.&#34;:{},&#34;v:\&#34;10.244.1.0/24\&#34;&#34;:{}}}} }]},Spec:NodeSpec{PodCIDR:10.244.1.0/24,DoNotUseExternalID:,ProviderID:,Unschedulable:false,Taints:[]Taint{},ConfigSource:nil,PodCIDRs:[10.244.1.0/24],},Status:NodeStatus{Capacity:ResourceList{cpu: {{8 0} {&lt;nil&gt;} 8 DecimalSI},ephemeral-storage: {{209930366976 0} {&lt;nil&gt;} 205010124Ki BinarySI},example.com/fakecpu: {{1 3} {&lt;nil&gt;} 1k DecimalSI},hugepages-1Gi: {{0 0} {&lt;nil&gt;} 0 DecimalSI},hugepages-2Mi: {{0 0} {&lt;nil&gt;} 0 DecimalSI},memory: {{16656281600 0} {&lt;nil&gt;} 16265900Ki BinarySI},pods: {{110 0} {&lt;nil&gt;} 110 DecimalSI},scheduling.k8s.io/foo: {{5 0} {&lt;nil&gt;} 5 DecimalSI},},Allocatable:ResourceList{cpu: {{8 0} {&lt;nil&gt;} 8 DecimalSI},ephemeral-storage: {{188937329966 0} {&lt;nil&gt;} 188937329966 DecimalSI},example.com/fakecpu: {{1 3} {&lt;nil&gt;} 1k DecimalSI},hugepages-1Gi: {{0 0} {&lt;nil&gt;} 0 DecimalSI},hugepages-2Mi: {{0 0} {&lt;nil&gt;} 0 DecimalSI},memory: {{16551424000 0} {&lt;nil&gt;} 16163500Ki BinarySI},pods: {{110 0} {&lt;nil&gt;} 110 DecimalSI},scheduling.k8s.io/foo: {{5 0} {&lt;nil&gt;} 5 DecimalSI},},Phase:,Conditions:[]NodeCondition{NodeCondition{Type:NetworkUnavailable,Status:False,LastHeartbeatTime:2022-07-10 14:28:16 +0000 UTC,LastTransitionTime:2022-07-10 14:28:16 +0000 UTC,Reason:FlannelIsUp,Message:Flannel is running on this node,},NodeCondition{Type:MemoryPressure,Status:False,LastHeartbeatTime:2022-07-24 13:09:31 +0000 UTC,LastTransitionTime:2022-07-05 02:22:48 +0000 UTC,Reason:KubeletHasSufficientMemory,Message:kubelet has sufficient memory available,},NodeCondition{Type:DiskPressure,Status:False,LastHeartbeatTime:2022-07-24 13:09:31 +0000 UTC,LastTransitionTime:2022-07-05 02:22:48 +0000 UTC,Reason:KubeletHasNoDiskPressure,Message:kubelet has no disk pressure,},NodeCondition{Type:PIDPressure,Status:False,LastHeartbeatTime:2022-07-24 13:09:31 +0000 UTC,LastTransitionTime:2022-07-05 02:22:48 +0000 UTC,Reason:KubeletHasSufficientPID,Message:kubelet has sufficient PID available,},NodeCondition{Type:Ready,Status:True,LastHeartbeatTime:2022-07-24 13:09:31 +0000 UTC,LastTransitionTime:2022-07-24 13:09:31 +0000 UTC,Reason:KubeletReady,Message:kubelet is posting ready status,},},Addresses:[]NodeAddress{NodeAddress{Type:InternalIP,Address:192.168.132.213,},NodeAddress{Type:Hostname,Address:k8s-node03,},},DaemonEndpoints:NodeDaemonEndpoints{KubeletEndpoint:DaemonEndpoint{Port:10250,},},NodeInfo:NodeSystemInfo{MachineID:5c4f44645c224c32b2e13018f4b1e6fe,SystemUUID:363F4D56-1C03-892D-B6DD-88BC8E04D266,BootID:cd76da84-f7b8-4e6c-b632-bf887a8547ba,KernelVersion:3.10.0-1160.el7.x86_64,OSImage:CentOS Linux 7 (Core),ContainerRuntimeVersion:docker://20.10.12,KubeletVersion:v1.22.3,KubeProxyVersion:v1.22.3,OperatingSystem:linux,Architecture:amd64,},Images:[]ContainerImage{ContainerImage{Names:[k8s.gcr.io/e2e-test-images/cuda-vector-add:2.2],SizeBytes:2579956550,},ContainerImage{Names:[k8s.gcr.io/e2e-test-images/cuda-vector-add:1.0],SizeBytes:2047006036,},ContainerImage{Names:[gcr.io/kubernetes-e2e-test-images/cuda-vector-add:1.0],SizeBytes:2016942040,},ContainerImage{Names:[registry.cn-qingdao.aliyuncs.com/metersphere/seleniarm-grid-all:4.1.4-20220519],SizeBytes:1904652549,},ContainerImage{Names:[k8s.gcr.io/e2e-test-images/node-perf/tf-wide-deep:1.1],SizeBytes:1631128450,},ContainerImage{Names:[harbor.moresec.cn/ksp/webshell_srv@sha256:52331f042d9b722692b7d1e7d39bad602f0755a948b8a439b4a27c4c0fae045f harbor.moresec.cn/ksp/webshell_srv:2.2.0 harbor.moresec.cn/ksp/webshell_srv:latest],SizeBytes:981080070,},ContainerImage{Names:[golang@sha256:e06c83493ef6d69c95018da90f2887bf337470db074d3c648b8b648d8e3c441e golang:latest],SizeBytes:940801393,},ContainerImage{Names:[k8s.gcr.io/e2e-test-images/perl:5.26],SizeBytes:853225645,},ContainerImage{Names:[k8s.gcr.io/e2e-test-images/volume/rbd:1.0.3],SizeBytes:751897580,},ContainerImage{Names:[istio/examples-bookinfo-reviews-v1@sha256:d1b8447be70549f1f7303f266d88c16112e2695cc110603fdb1c8ee432a627bf istio/examples-bookinfo-reviews-v1:1.16.2],SizeBytes:693666078,},ContainerImage{Names:[docker-dev.moresec.cn:10443/ksp/sc_worker@sha256:3a05b8285428e9559bc9cf50da00e8239dac3c86882dce41965debd7ec996362 harbor.moresec.cn/sca_k8s/sc_worker@sha256:3a05b8285428e9559bc9cf50da00e8239dac3c86882dce41965debd7ec996362 docker-dev.moresec.cn:10443/ksp/sc_worker:1.2.4 harbor.moresec.cn/sca_k8s/sc_worker:1.2.4],SizeBytes:649910709,},ContainerImage{Names:[docker-dev.moresec.cn:10443/ksp/ksp_init@sha256:9e658148b745bcc5131d6f68e0d2d7388c27faf5bc861b13e8272fdaeb4408b1 docker-dev.moresec.cn:10443/ksp/ksp_init:2.1.0],SizeBytes:628261780,},ContainerImage{Names:[registry.cn-qingdao.aliyuncs.com/metersphere/metersphere:v1.20.6-lts],SizeBytes:610265209,},ContainerImage{Names:[harbor.moresec.cn/ksp/ksp_agent@sha256:c1932469dedf0835e9ad565f029513d9c0d005811f0832bfb7b661f7483ac72c],SizeBytes:602699860,},ContainerImage{Names:[docker-dev.moresec.cn:10443/ksp/ksp_agent@sha256:5334579fdffbc7898576b6fa09dee2011dafdc9b1fc0fa3f4856fb5c4ae4930b docker-dev.moresec.cn:10443/ksp/ksp_agent:latest],SizeBytes:602398865,},ContainerImage{Names:[registry.cn-qingdao.aliyuncs.com/metersphere/kafka:2],SizeBytes:584842926,},ContainerImage{Names:[docker-dev.moresec.cn:10443/ksp/kafka@sha256:33751847bde5c37fe0f329b73ed12ee92eeb27783035d91b03ffdb93c3e6fb65 docker-dev.moresec.cn:10443/ksp/kafka:2.8.1],SizeBytes:584811800,},ContainerImage{Names:[registry.cn-qingdao.aliyuncs.com/metersphere/jmeter-master:5.4.3-ms6-jdk11],SizeBytes:575005331,},ContainerImage{Names:[kennethreitz/httpbin@sha256:599fe5e5073102dbb0ee3dbb65f049dab44fa9fc251f6835c9990f8fb196a72b kennethreitz/httpbin:latest],SizeBytes:533651313,},ContainerImage{Names:[registry.cn-qingdao.aliyuncs.com/metersphere/ms-node-controller:v1.20.6-lts],SizeBytes:530934282,},ContainerImage{Names:[bitnami/fluentd@sha256:573b98fb93057d1fd484724253d445f76dfbf1b3f68816b0414e75e07d84dfb4 harbor.moresec.cn/ksp/fluentd@sha256:573b98fb93057d1fd484724253d445f76dfbf1b3f68816b0414e75e07d84dfb4 bitnami/fluentd:1.14.2-debian-10-r9 harbor.moresec.cn/ksp/fluentd:1.14.2-debian-10-r9],SizeBytes:508732919,},ContainerImage{Names:[harbor.moresec.cn/ksp/ksp_agent@sha256:f96a653e88fcf5b71a82e603da3ace5e774c9dd4e37dcdfc7a1db3ce87267245 harbor.moresec.cn/ksp/ksp_agent:latest],SizeBytes:495969065,},ContainerImage{Names:[harbor.moresec.cn/ksp/ksp_agent@sha256:62d75a6961ee50b7bbea1eeb9a835b8809fbf868cda8ea7e30c57a871fe36ae4],SizeBytes:495943489,},ContainerImage{Names:[harbor.moresec.cn/ksp/ksp_agent@sha256:4244293c22c6871d040fd67f559b8d44a93291a5c83c8f8ebb541fdb077fbc77],SizeBytes:495920142,},ContainerImage{Names:[harbor.moresec.cn/ksp/ksp_agent@sha256:fcc1e1c17304da836dad3777e003799b77df4b754168079b43b23e7dfd8e2921],SizeBytes:495919990,},ContainerImage{Names:[docker-dev.moresec.cn:10443/ksp/ksp_agent@sha256:36abcc9dd9a4fd2ee9cc6a7332df5e906d9d785e8100e7cc252fa18880c9bf3f docker-dev.moresec.cn:10443/ksp/ksp_agent:2.1.0],SizeBytes:491617343,},ContainerImage{Names:[docker-dev.moresec.cn:10443/ksp/ksp_agent@sha256:70debd6986cfcb0361a0220aa9a3df8f74f3ab7cd097450bfedeb1d1f125021e docker-dev.moresec.cn:10443/ksp/ksp_agent:debug],SizeBytes:491553819,},ContainerImage{Names:[tomcat@sha256:df634a0b4a2a61069521c4681609423b3794d2a3120821b92f346710450ad344 tomcat:latest],SizeBytes:482781027,},ContainerImage{Names:[tomcat@sha256:8ba062f472d7dbde11458d257f3a251af89c38bf96f0b9b60683ff440491cb5c tomcat:8],SizeBytes:481266517,},ContainerImage{Names:[192.168.132.114/iast/iast@sha256:d70b9b55f733826235411c55b7da72d79ad3981653665b0fcd9cfd8c2375d795 192.168.132.114/iast/iast:latest],SizeBytes:479554901,},ContainerImage{Names:[docker-dev.moresec.cn:10443/ksp/influxdb@sha256:4d688fb9837fcfb84ac4cdd65215e06c2c98cac743ffbbddde8a735d4ef1f707 docker-dev.moresec.cn:10443/ksp/influxdb:2.0.9-debian-10-r5],SizeBytes:468207544,},ContainerImage{Names:[docker-dev.moresec.cn:10443/ksp/zookeeper@sha256:3f077ee4e6b2ff601c2344b1bd007e752ad3ca66550eaf41604e290a02bb92c7 docker-dev.moresec.cn:10443/ksp/zookeeper:3.7.0-debian-10-r68],SizeBytes:468025553,},ContainerImage{Names:[docker-dev.moresec.cn:10443/ksp/zookeeper@sha256:48d32c70549cdddb608dea0b66ce3d9472e20794cf295a6c32df0c37df3a14c1 docker-dev.moresec.cn:10443/ksp/zookeeper:3.6.3],SizeBytes:467282205,},ContainerImage{Names:[harbor.moresec.cn/ksp/mongodb@sha256:fd56fed5a87feb1a9f18e7d31362518a30b7a31fa053e0d6faca281e223d75ce harbor.moresec.cn/ksp/mongodb:4.4.5-debian-10-r0],SizeBytes:453660053,},ContainerImage{Names:[registry.cn-qingdao.aliyuncs.com/metersphere/zookeeper:3],SizeBytes:450669889,},ContainerImage{Names:[jenkins/inbound-agent@sha256:fd03ca26dbc0745eef54d0919df1f4d030d0bb5da8befaad84bd22f649f1e26b jenkins/inbound-agent:4.11-1-jdk8],SizeBytes:449034389,},ContainerImage{Names:[registry.cn-qingdao.aliyuncs.com/metersphere/mysql:5.7.33],SizeBytes:448709496,},ContainerImage{Names:[harbor.moresec.cn/ksp/sav_service@sha256:1cded1904d167b240f4821e7bc63745478991000e7715d5c4eecc134c25bb8ad harbor.moresec.cn/ksp/sav_service:2.2.0 harbor.moresec.cn/ksp/sav_service:latest],SizeBytes:434790033,},ContainerImage{Names:[harbor.moresec.cn/ksp/ksp_agent@sha256:0fa5495795843bd5d69156d87b2d1c8ba34758af85fcd472ec6ad0daba56fe26],SizeBytes:433527765,},ContainerImage{Names:[harbor.moresec.cn/ksp/ksp_agent@sha256:7fc828e5732309187da20a9a025a142f8229f04087601a9fad119c3724ab6e92 harbor.moresec.cn/ksp/ksp_agent:2.2.0],SizeBytes:433527765,},ContainerImage{Names:[harbor.moresec.cn/ksp/ksp_agent@sha256:b6455a0f39f08b39b5ee701bbcfb11edb8484478bfe44f30a3a48f041ea504b1],SizeBytes:433527765,},ContainerImage{Names:[k8s.gcr.io/e2e-test-images/volume/iscsi:2.2],SizeBytes:414158129,},ContainerImage{Names:[k8s.gcr.io/sig-storage/nfs-provisioner:v2.2.2],SizeBytes:391702539,},ContainerImage{Names:[docker-dev.moresec.cn:10443/ksp/ksp_agent@sha256:fee3f2661f343139839f62ece13d4749d6f6d03aa748ce4467c7ed97eeca36ed docker-dev.moresec.cn:10443/ksp/ksp_agent:1.4.1],SizeBytes:391574036,},ContainerImage{Names:[kubesphere/ks-installer@sha256:749f1ed10c672ae460f79932553ac5ba321b98df972b778041dc2cc7402dd478 kubesphere/ks-installer:v3.2.1],SizeBytes:383453543,},ContainerImage{Names:[k8s.gcr.io/e2e-test-images/glusterdynamic-provisioner:v1.0],SizeBytes:373269502,},ContainerImage{Names:[k8s.gcr.io/e2e-test-images/volume/gluster:1.2],SizeBytes:340272046,},ContainerImage{Names:[bitnami/fluentd@sha256:1929a66b95c98cc074242933b9367e1194724c5e7019d0c9738523ab6af8f097 bitnami/fluentd:latest],SizeBytes:339523678,},ContainerImage{Names:[sonobuoy/systemd-logs:v0.4],SizeBytes:314068873,},ContainerImage{Names:[registry.cn-qingdao.aliyuncs.com/metersphere/ms-data-streaming:v1.20.6-lts],SizeBytes:306751358,},},VolumesInUse:[],VolumesAttached:[]AttachedVolume{},Config:nil,},}&#xA;Jul 24 13:11:20.104: INFO: &#xA;Logging kubelet events for node k8s-node03&#xA;Jul 24 13:11:20.107: INFO: &#xA;Logging pods the kubelet thinks is on node k8s-node03&#xA;Jul 24 13:11:20.144: INFO: static-web started at 2022-07-12 05:43:17 +0000 UTC (0+1 container statuses recorded)&#xA;Jul 24 13:11:20.144: INFO: &#x9;Container web ready: true, restart count 0&#xA;Jul 24 13:11:20.144: INFO: ksp-cluster-agent-7fb968c996-fxb7g started at 2022-07-20 11:56:22 +0000 UTC (0+1 container statuses recorded)&#xA;Jul 24 13:11:20.144: INFO: &#x9;Container cluster-agent ready: true, restart count 11&#xA;Jul 24 13:11:20.144: INFO: kubectl-test-7d8d6cb4fd-bqbnm started at 2022-07-24 12:39:15 +0000 UTC (0+1 container statuses recorded)&#xA;Jul 24 13:11:20.144: INFO: &#x9;Container kubectl ready: true, restart count 0&#xA;Jul 24 13:11:20.144: INFO: kubectl-nibaba-b45bd6bd5-wwcvd started at 2022-07-24 12:39:16 +0000 UTC (0+1 container statuses recorded)&#xA;Jul 24 13:11:20.144: INFO: &#x9;Container kubectl ready: true, restart count 0&#xA;Jul 24 13:11:20.144: INFO: kube-state-metrics-7bdc7484cf-fswtg started at 2022-07-24 12:39:16 +0000 UTC (0+3 container statuses recorded)&#xA;Jul 24 13:11:20.144: INFO: &#x9;Container kube-rbac-proxy-main ready: true, restart count 0&#xA;Jul 24 13:11:20.144: INFO: &#x9;Container kube-rbac-proxy-self ready: true, restart count 0&#xA;Jul 24 13:11:20.144: INFO: &#x9;Container kube-state-metrics ready: true, restart count 0&#xA;Jul 24 13:11:20.144: INFO: mytomcat-bb7b6978b-9p9m7 started at 2022-07-14 09:47:13 +0000 UTC (0+1 container statuses recorded)&#xA;Jul 24 13:11:20.144: INFO: &#x9;Container mytomcat ready: true, restart count 0&#xA;Jul 24 13:11:20.144: INFO: mytomcat-bb7b6978b-b7mp4 started at 2022-07-14 09:47:13 +0000 UTC (0+1 container statuses recorded)&#xA;Jul 24 13:11:20.144: INFO: &#x9;Container mytomcat ready: true, restart count 0&#xA;Jul 24 13:11:20.144: INFO: mytomcat-bb7b6978b-g9tgt started at 2022-07-14 09:47:13 +0000 UTC (0+1 container statuses recorded)&#xA;Jul 24 13:11:20.144: INFO: &#x9;Container mytomcat ready: true, restart count 0&#xA;Jul 24 13:11:20.144: INFO: node-exporter-f9m2n started at 2022-07-08 03:28:45 +0000 UTC (0+2 container statuses recorded)&#xA;Jul 24 13:11:20.144: INFO: &#x9;Container kube-rbac-proxy ready: true, restart count 0&#xA;Jul 24 13:11:20.144: INFO: &#x9;Container node-exporter ready: true, restart count 0&#xA;Jul 24 13:11:20.144: INFO: mytomcat-bb7b6978b-55lfk started at 2022-07-14 09:47:13 +0000 UTC (0+1 container statuses recorded)&#xA;Jul 24 13:11:20.144: INFO: &#x9;Container mytomcat ready: true, restart count 0&#xA;Jul 24 13:11:20.144: INFO: ksp-mongodb-0 started at 2022-07-10 14:28:11 +0000 UTC (0+1 container statuses recorded)&#xA;Jul 24 13:11:20.144: INFO: &#x9;Container mongodb ready: true, restart count 0&#xA;Jul 24 13:11:20.144: INFO: sonobuoy-systemd-logs-daemon-set-bb55de94825d4876-wswjk started at 2022-07-24 11:16:54 +0000 UTC (0+2 container statuses recorded)&#xA;Jul 24 13:11:20.144: INFO: &#x9;Container sonobuoy-worker ready: true, restart count 0&#xA;Jul 24 13:11:20.144: INFO: &#x9;Container systemd-logs ready: true, restart count 0&#xA;Jul 24 13:11:20.144: INFO: tomcat-ttt45-6c575b65c4-h2fgc started at 2022-07-24 12:39:26 +0000 UTC (0+1 container statuses recorded)&#xA;Jul 24 13:11:20.144: INFO: &#x9;Container tomcat-ttt45 ready: true, restart count 0&#xA;Jul 24 13:11:20.144: INFO: pod-partial-resources started at 2022-07-24 13:07:33 +0000 UTC (0+1 container statuses recorded)&#xA;Jul 24 13:11:20.144: INFO: &#x9;Container pause ready: true, restart count 0&#xA;Jul 24 13:11:20.144: INFO: kube-proxy-wr6vf started at 2022-07-05 02:22:49 +0000 UTC (0+1 container statuses recorded)&#xA;Jul 24 13:11:20.144: INFO: &#x9;Container kube-proxy ready: true, restart count 0&#xA;Jul 24 13:11:20.144: INFO: ksp-cluster-manager-67476c9b6c-7slls started at 2022-07-20 02:40:20 +0000 UTC (0+1 container statuses recorded)&#xA;Jul 24 13:11:20.144: INFO: &#x9;Container cluster-manager ready: true, restart count 8&#xA;Jul 24 13:11:20.144: INFO: nginx-deployment-66b6c48dd5-2kksf started at 2022-07-20 02:40:22 +0000 UTC (0+1 container statuses recorded)&#xA;Jul 24 13:11:20.144: INFO: &#x9;Container nginx ready: true, restart count 0&#xA;Jul 24 13:11:20.144: INFO: ksp-account-647659d74f-vq9lh started at 2022-07-20 02:40:23 +0000 UTC (0+2 container statuses recorded)&#xA;Jul 24 13:11:20.144: INFO: &#x9;Container account-gateway ready: true, restart count 0&#xA;Jul 24 13:11:20.144: INFO: &#x9;Container account-server ready: true, restart count 0&#xA;Jul 24 13:11:20.144: INFO: gatekeeper-controller-manager-6566df6878-lqlww started at 2022-07-24 12:39:15 +0000 UTC (0+1 container statuses recorded)&#xA;Jul 24 13:11:20.144: INFO: &#x9;Container manager ready: true, restart count 0&#xA;Jul 24 13:11:20.144: INFO: ksp-controller-85dc685ddc-swvhm started at 2022-07-24 12:39:16 +0000 UTC (0+1 container statuses recorded)&#xA;Jul 24 13:11:20.144: INFO: &#x9;Container controller ready: true, restart count 0&#xA;Jul 24 13:11:20.144: INFO: kube-flannel-ds-9bdvn started at 2022-07-10 14:28:10 +0000 UTC (2+1 container statuses recorded)&#xA;Jul 24 13:11:20.144: INFO: &#x9;Init container install-cni-plugin ready: true, restart count 0&#xA;Jul 24 13:11:20.144: INFO: &#x9;Init container install-cni ready: true, restart count 0&#xA;Jul 24 13:11:20.144: INFO: &#x9;Container kube-flannel ready: true, restart count 0&#xA;Jul 24 13:11:20.144: INFO: ksp-image-scanner-855f89657c-2gr9n started at 2022-07-18 06:47:00 +0000 UTC (0+3 container statuses recorded)&#xA;Jul 24 13:11:20.144: INFO: &#x9;Container image-scanner ready: true, restart count 0&#xA;Jul 24 13:11:20.144: INFO: &#x9;Container sav-service ready: true, restart count 0&#xA;Jul 24 13:11:20.144: INFO: &#x9;Container webshell-srv ready: true, restart count 0&#xA;Jul 24 13:11:20.144: INFO: metrics-server-687cb5444-nsqpc started at 2022-07-20 02:40:22 +0000 UTC (0+1 container statuses recorded)&#xA;Jul 24 13:11:20.144: INFO: &#x9;Container metrics-server ready: true, restart count 3&#xA;Jul 24 13:11:20.144: INFO: ksp-gateway-5d5784b6ff-jdwgp started at 2022-07-20 11:56:20 +0000 UTC (0+1 container statuses recorded)&#xA;Jul 24 13:11:20.144: INFO: &#x9;Container gateway ready: true, restart count 7&#xA;Jul 24 13:11:20.144: INFO: gatekeeper-audit-8b65cf5d5-hnlqb started at 2022-07-24 12:39:15 +0000 UTC (0+1 container statuses recorded)&#xA;Jul 24 13:11:20.144: INFO: &#x9;Container manager ready: true, restart count 0&#xA;Jul 24 13:11:20.144: INFO: ubuntu-deployment-docker-sock-f7dc65cf-bh4cm started at 2022-07-15 07:29:35 +0000 UTC (0+1 container statuses recorded)&#xA;Jul 24 13:11:20.144: INFO: &#x9;Container ubuntu-docker-sock ready: true, restart count 0&#xA;Jul 24 13:11:20.144: INFO: revshell-7448cf7f48-9lrt9 started at 2022-07-24 12:39:16 +0000 UTC (0+1 container statuses recorded)&#xA;Jul 24 13:11:20.144: INFO: &#x9;Container revshell ready: true, restart count 0&#xA;Jul 24 13:11:20.144: INFO: gatekeeper-controller-manager-6566df6878-tsd9p started at 2022-07-20 02:40:21 +0000 UTC (0+1 container statuses recorded)&#xA;Jul 24 13:11:20.144: INFO: &#x9;Container manager ready: true, restart count 0&#xA;Jul 24 13:11:20.144: INFO: ksp-web-6544f958bf-kg5jx started at 2022-07-20 02:40:22 +0000 UTC (0+1 container statuses recorded)&#xA;Jul 24 13:11:20.144: INFO: &#x9;Container web ready: true, restart count 0&#xA;Jul 24 13:11:20.144: INFO: mytomcat-bb7b6978b-4strb started at 2022-07-14 09:47:13 +0000 UTC (0+1 container statuses recorded)&#xA;Jul 24 13:11:20.144: INFO: &#x9;Container mytomcat ready: true, restart count 0&#xA;Jul 24 13:11:20.217: INFO: &#xA;Latency metrics for node k8s-node03&#xA;Jul 24 13:11:20.217: INFO: &#xA;Logging node info for node kubernetes-master&#xA;Jul 24 13:11:20.246: INFO: Node Info: &amp;Node{ObjectMeta:{kubernetes-master    3aced625-2825-4266-8394-8b39739b3fbd 5708106 0 2022-07-05 02:21:30 +0000 UTC &lt;nil&gt; &lt;nil&gt; map[beta.kubernetes.io/arch:amd64 beta.kubernetes.io/os:linux kubernetes.io/arch:amd64 kubernetes.io/hostname:kubernetes-master kubernetes.io/os:linux node-role.kubernetes.io/control-plane: node-role.kubernetes.io/master: node.kubernetes.io/exclude-from-external-load-balancers:] map[flannel.alpha.coreos.com/backend-data:{&#34;VNI&#34;:1,&#34;VtepMAC&#34;:&#34;5e:f9:56:8e:68:51&#34;} flannel.alpha.coreos.com/backend-type:vxlan flannel.alpha.coreos.com/kube-subnet-manager:true flannel.alpha.coreos.com/public-ip:192.168.132.10 kubeadm.alpha.kubernetes.io/cri-socket:/var/run/dockershim.sock node.alpha.kubernetes.io/ttl:0 volumes.kubernetes.io/controller-managed-attach-detach:true] [] []  [{kubelet Update v1 2022-07-05 02:21:30 +0000 UTC FieldsV1 {&#34;f:metadata&#34;:{&#34;f:annotations&#34;:{&#34;.&#34;:{},&#34;f:volumes.kubernetes.io/controller-managed-attach-detach&#34;:{}},&#34;f:labels&#34;:{&#34;.&#34;:{},&#34;f:beta.kubernetes.io/arch&#34;:{},&#34;f:beta.kubernetes.io/os&#34;:{},&#34;f:kubernetes.io/arch&#34;:{},&#34;f:kubernetes.io/hostname&#34;:{},&#34;f:kubernetes.io/os&#34;:{}}}} } {kubeadm Update v1 2022-07-05 02:21:36 +0000 UTC FieldsV1 {&#34;f:metadata&#34;:{&#34;f:annotations&#34;:{&#34;f:kubeadm.alpha.kubernetes.io/cri-socket&#34;:{}},&#34;f:labels&#34;:{&#34;f:node-role.kubernetes.io/control-plane&#34;:{},&#34;f:node-role.kubernetes.io/master&#34;:{},&#34;f:node.kubernetes.io/exclude-from-external-load-balancers&#34;:{}}}} } {flanneld Update v1 2022-07-05 02:25:44 +0000 UTC FieldsV1 {&#34;f:metadata&#34;:{&#34;f:annotations&#34;:{&#34;f:flannel.alpha.coreos.com/backend-data&#34;:{},&#34;f:flannel.alpha.coreos.com/backend-type&#34;:{},&#34;f:flannel.alpha.coreos.com/kube-subnet-manager&#34;:{},&#34;f:flannel.alpha.coreos.com/public-ip&#34;:{}}},&#34;f:status&#34;:{&#34;f:conditions&#34;:{&#34;k:{\&#34;type\&#34;:\&#34;NetworkUnavailable\&#34;}&#34;:{&#34;.&#34;:{},&#34;f:lastHeartbeatTime&#34;:{},&#34;f:lastTransitionTime&#34;:{},&#34;f:message&#34;:{},&#34;f:reason&#34;:{},&#34;f:status&#34;:{},&#34;f:type&#34;:{}}}}} status} {kube-controller-manager Update v1 2022-07-05 02:25:51 +0000 UTC FieldsV1 {&#34;f:metadata&#34;:{&#34;f:annotations&#34;:{&#34;f:node.alpha.kubernetes.io/ttl&#34;:{}}},&#34;f:spec&#34;:{&#34;f:podCIDR&#34;:{},&#34;f:podCIDRs&#34;:{&#34;.&#34;:{},&#34;v:\&#34;10.244.0.0/24\&#34;&#34;:{}},&#34;f:taints&#34;:{}}} } {kubelet Update v1 2022-07-06 11:03:09 +0000 UTC FieldsV1 {&#34;f:status&#34;:{&#34;f:allocatable&#34;:{&#34;f:ephemeral-storage&#34;:{}},&#34;f:conditions&#34;:{&#34;k:{\&#34;type\&#34;:\&#34;DiskPressure\&#34;}&#34;:{&#34;f:lastHeartbeatTime&#34;:{},&#34;f:lastTransitionTime&#34;:{},&#34;f:message&#34;:{},&#34;f:reason&#34;:{},&#34;f:status&#34;:{}},&#34;k:{\&#34;type\&#34;:\&#34;MemoryPressure\&#34;}&#34;:{&#34;f:lastHeartbeatTime&#34;:{}},&#34;k:{\&#34;type\&#34;:\&#34;PIDPressure\&#34;}&#34;:{&#34;f:lastHeartbeatTime&#34;:{}},&#34;k:{\&#34;type\&#34;:\&#34;Ready\&#34;}&#34;:{&#34;f:lastHeartbeatTime&#34;:{},&#34;f:lastTransitionTime&#34;:{},&#34;f:message&#34;:{},&#34;f:reason&#34;:{},&#34;f:status&#34;:{}}},&#34;f:images&#34;:{}}} status}]},Spec:NodeSpec{PodCIDR:10.244.0.0/24,DoNotUseExternalID:,ProviderID:,Unschedulable:false,Taints:[]Taint{Taint{Key:node-role.kubernetes.io/master,Value:,Effect:NoSchedule,TimeAdded:&lt;nil&gt;,},},ConfigSource:nil,PodCIDRs:[10.244.0.0/24],},Status:NodeStatus{Capacity:ResourceList{cpu: {{8 0} {&lt;nil&gt;} 8 DecimalSI},ephemeral-storage: {{64393052160 0} {&lt;nil&gt;} 61410Mi BinarySI},hugepages-1Gi: {{0 0} {&lt;nil&gt;} 0 DecimalSI},hugepages-2Mi: {{0 0} {&lt;nil&gt;} 0 DecimalSI},memory: {{16363429888 0} {&lt;nil&gt;}  BinarySI},pods: {{110 0} {&lt;nil&gt;} 110 DecimalSI},},Allocatable:ResourceList{cpu: {{8 0} {&lt;nil&gt;} 8 DecimalSI},ephemeral-storage: {{57953746849 0} {&lt;nil&gt;} 57953746849 DecimalSI},hugepages-1Gi: {{0 0} {&lt;nil&gt;} 0 DecimalSI},hugepages-2Mi: {{0 0} {&lt;nil&gt;} 0 DecimalSI},memory: {{16258572288 0} {&lt;nil&gt;}  BinarySI},pods: {{110 0} {&lt;nil&gt;} 110 DecimalSI},},Phase:,Conditions:[]NodeCondition{NodeCondition{Type:NetworkUnavailable,Status:False,LastHeartbeatTime:2022-07-20 13:10:37 +0000 UTC,LastTransitionTime:2022-07-20 13:10:37 +0000 UTC,Reason:FlannelIsUp,Message:Flannel is running on this node,},NodeCondition{Type:MemoryPressure,Status:False,LastHeartbeatTime:2022-07-24 13:10:36 +0000 UTC,LastTransitionTime:2022-07-05 02:21:27 +0000 UTC,Reason:KubeletHasSufficientMemory,Message:kubelet has sufficient memory available,},NodeCondition{Type:DiskPressure,Status:False,LastHeartbeatTime:2022-07-24 13:10:36 +0000 UTC,LastTransitionTime:2022-07-20 14:01:09 +0000 UTC,Reason:KubeletHasNoDiskPressure,Message:kubelet has no disk pressure,},NodeCondition{Type:PIDPressure,Status:False,LastHeartbeatTime:2022-07-24 13:10:36 +0000 UTC,LastTransitionTime:2022-07-05 02:21:27 +0000 UTC,Reason:KubeletHasSufficientPID,Message:kubelet has sufficient PID available,},NodeCondition{Type:Ready,Status:True,LastHeartbeatTime:2022-07-24 13:10:36 +0000 UTC,LastTransitionTime:2022-07-05 02:25:51 +0000 UTC,Reason:KubeletReady,Message:kubelet is posting ready status,},},Addresses:[]NodeAddress{NodeAddress{Type:InternalIP,Address:192.168.132.10,},NodeAddress{Type:Hostname,Address:kubernetes-master,},},DaemonEndpoints:NodeDaemonEndpoints{KubeletEndpoint:DaemonEndpoint{Port:10250,},},NodeInfo:NodeSystemInfo{MachineID:fb3827e59f7a404da989f5baad81fd64,SystemUUID:8b0a8320-771a-e911-ad96-a4bf015b202c,BootID:77d5ca0b-5426-4224-bce2-bf7a7e52dec4,KernelVersion:5.4.132-1.el7.elrepo.x86_64,OSImage:CentOS Linux 7 (Core),ContainerRuntimeVersion:docker://20.10.7,KubeletVersion:v1.22.3,KubeProxyVersion:v1.22.3,OperatingSystem:linux,Architecture:amd64,},Images:[]ContainerImage{ContainerImage{Names:[k8s.gcr.io/e2e-test-images/cuda-vector-add:2.2],SizeBytes:2579956550,},ContainerImage{Names:[k8s.gcr.io/e2e-test-images/cuda-vector-add:1.0],SizeBytes:2047006036,},ContainerImage{Names:[k8s.gcr.io/e2e-test-images/node-perf/tf-wide-deep:1.1],SizeBytes:1631128450,},ContainerImage{Names:[rancher/rancher@sha256:f411ee37efa38d7891c11ecdd5c60ca73eb03dcd32296678af808f6b4ecccfff rancher/rancher:latest],SizeBytes:1162893124,},ContainerImage{Names:[k8s.gcr.io/e2e-test-images/perl:5.26],SizeBytes:853225645,},ContainerImage{Names:[k8s.gcr.io/e2e-test-images/volume/rbd:1.0.3],SizeBytes:751897580,},ContainerImage{Names:[mongo@sha256:05678ae4e5e1df9f4b7d89c102fe55b1ef156bb8ba148b156ddb98549f8efe90 mongo:4.4],SizeBytes:438075000,},ContainerImage{Names:[harbor.moresec.cn/ksp/ksp_agent@sha256:430f8d70e0cb67a7925c6d7b4555344c478ab2130274b78e672c8ad9cad7bf2a harbor.moresec.cn/ksp/ksp_agent:laishang],SizeBytes:433318869,},ContainerImage{Names:[k8s.gcr.io/e2e-test-images/volume/iscsi:2.2],SizeBytes:414158129,},ContainerImage{Names:[k8s.gcr.io/sig-storage/nfs-provisioner:v2.2.2],SizeBytes:391702539,},ContainerImage{Names:[k8s.gcr.io/e2e-test-images/glusterdynamic-provisioner:v1.0],SizeBytes:373269502,},ContainerImage{Names:[k8s.gcr.io/e2e-test-images/volume/gluster:1.2],SizeBytes:340272046,},ContainerImage{Names:[sonobuoy/systemd-logs:v0.4],SizeBytes:314068873,},ContainerImage{Names:[192.168.132.114/tmp/evilubuntu@sha256:58336cde8066674f39fba51c804ab7c6c6dce71bf9f98f3f4153fd7fb83a2aaf 192.168.11.148/library/evilubuntu:0.1 192.168.132.114/tmp/evilubuntu:0.1],SizeBytes:305572424,},ContainerImage{Names:[registry.aliyuncs.com/google_containers/etcd@sha256:9ce33ba33d8e738a5b85ed50b5080ac746deceed4a7496c550927a7a19ca3b6d registry.cn-hangzhou.aliyuncs.com/google_containers/etcd@sha256:9ce33ba33d8e738a5b85ed50b5080ac746deceed4a7496c550927a7a19ca3b6d registry.aliyuncs.com/google_containers/etcd:3.5.0-0 registry.cn-hangzhou.aliyuncs.com/google_containers/etcd:3.5.0-0],SizeBytes:294520669,},ContainerImage{Names:[192.168.132.114/revshell/revshell@sha256:9b67dba407ee84b9c44b25000faab4b15234d348853ce5e51a7eb7dcefedcc26],SizeBytes:271797518,},ContainerImage{Names:[192.168.132.114/revshell/revshell@sha256:6d8b31f77b52acd39735757cc52d138f343fc49ea76772d4fac615d6064b5978 192.168.132.114/revshell/revshell:latest revshell:latest],SizeBytes:271797514,},ContainerImage{Names:[192.168.132.114/revshell/listen@sha256:e51b45cdcf6314fabe93ef6b0dda4062713628b951f948aac56154c2e092bd18 192.168.132.114/revshell/listen:latest listen:latest],SizeBytes:271796301,},ContainerImage{Names:[k8s.gcr.io/e2e-test-images/volume/nfs:1.2],SizeBytes:263870626,},ContainerImage{Names:[k8s.gcr.io/etcd:3.4.13-0],SizeBytes:253376083,},ContainerImage{Names:[k8s.gcr.io/e2e-test-images/jessie-dnsutils:1.4],SizeBytes:253346057,},ContainerImage{Names:[k8s.gcr.io/conformance:v1.22.3 registry.k8s.io/conformance:v1.22.3],SizeBytes:246064443,},ContainerImage{Names:[192.168.132.114/process/process@sha256:b08bcadd231b62eba8913d7f9b7ef6a54087fedec3a52607decd86aae014330a 192.168.132.114/process/process:latest process:latest],SizeBytes:231220584,},ContainerImage{Names:[centos@sha256:a27fd8080b517143cbbbab9dfb7c8571c40d67d534bbdee55bd6c473f432b177 centos:centos8 centos:latest],SizeBytes:231219825,},ContainerImage{Names:[kubesphere/ks-apiserver@sha256:711485c8710e08ba70b22ab68bf7518bd794fc69e0dffbdbfafafadbdf9d8891 kubesphere/ks-apiserver:v3.3.0],SizeBytes:191238232,},ContainerImage{Names:[192.168.132.114/escape/escape_stop_container@sha256:b6f5f4f397df6aa5efa07d7c33d10c905ed6356f4911492f4e02044727d3ee59 192.168.132.114/escape/escape_stop_container:latest escape_stop_container:latest],SizeBytes:178511418,},ContainerImage{Names:[192.168.132.114/micro/worker@sha256:0c3e148cec3fbf3f62b381f96dcb4b8dcfad7a8d4cf33a91d6c3a8484e156c4c 192.168.132.114/micro/worker:latest worker:latest],SizeBytes:178337313,},ContainerImage{Names:[kubesphere/ks-controller-manager@sha256:5f5ddc90a97b5ba2e1a502e7c4cf3b1f86aa8343792c694cb48840278e2ec72c kubesphere/ks-controller-manager:v3.3.0],SizeBytes:170565253,},ContainerImage{Names:[registry.aliyuncs.com/google_containers/kube-apiserver@sha256:6ee1c59e9c1fb570e7958e267a6993988eaa22448beb70d99de7afb21e862e9d registry.cn-hangzhou.aliyuncs.com/google_containers/kube-apiserver@sha256:6ee1c59e9c1fb570e7958e267a6993988eaa22448beb70d99de7afb21e862e9d registry.aliyuncs.com/google_containers/kube-apiserver:v1.22.3 registry.cn-hangzhou.aliyuncs.com/google_containers/kube-apiserver:v1.22.3],SizeBytes:128278355,},ContainerImage{Names:[k8s.gcr.io/e2e-test-images/httpd:2.4.39-1],SizeBytes:126871615,},ContainerImage{Names:[k8s.gcr.io/e2e-test-images/agnhost:2.32],SizeBytes:125910179,},ContainerImage{Names:[k8s.gcr.io/e2e-test-images/httpd:2.4.38-1],SizeBytes:123774598,},ContainerImage{Names:[registry.aliyuncs.com/google_containers/kube-controller-manager@sha256:e67dbfd3796b7ce04fee80acb52876928c290224a91862c5849c3ab0fa31ca78 registry.cn-hangzhou.aliyuncs.com/google_containers/kube-controller-manager@sha256:e67dbfd3796b7ce04fee80acb52876928c290224a91862c5849c3ab0fa31ca78 registry.aliyuncs.com/google_containers/kube-controller-manager:v1.22.3 registry.cn-hangzhou.aliyuncs.com/google_containers/kube-controller-manager:v1.22.3],SizeBytes:121966693,},ContainerImage{Names:[k8s.gcr.io/e2e-test-images/nautilus:1.4],SizeBytes:121728153,},ContainerImage{Names:[k8s.gcr.io/e2e-test-images/kitten:1.4],SizeBytes:121721689,},ContainerImage{Names:[kubesphere/ks-console@sha256:6ad4af3742c3ac722405fd5749ddfda517916c4da24c50eea3049dea9e9cfeda kubesphere/ks-console:v3.3.0],SizeBytes:117049268,},ContainerImage{Names:[registry.aliyuncs.com/google_containers/kube-proxy@sha256:8d0561b2e5d0ccb9c49a25e7b415bef12637a07a872703dc252c2de3b458fc4f registry.cn-hangzhou.aliyuncs.com/google_containers/kube-proxy@sha256:8d0561b2e5d0ccb9c49a25e7b415bef12637a07a872703dc252c2de3b458fc4f registry.aliyuncs.com/google_containers/kube-proxy:v1.22.3 registry.cn-hangzhou.aliyuncs.com/google_containers/kube-proxy:v1.22.3],SizeBytes:103646205,},ContainerImage{Names:[harbor.moresec.cn/ksp/core@sha256:74f2ff732eeeadb8bf3ad19a2150a3e59657787eed4eb64e39551a8388120f84 harbor.moresec.cn/ksp/core:2.2.0-laishang],SizeBytes:98283749,},ContainerImage{Names:[k8s.gcr.io/e2e-test-images/node-perf/npb-is:1.1],SizeBytes:96376839,},ContainerImage{Names:[k8s.gcr.io/e2e-test-images/node-perf/npb-ep:1.1],SizeBytes:96375039,},ContainerImage{Names:[harbor.moresec.cn/ksp/task_center@sha256:9c3fc80c9b60765fc972d400bf5221f045ca440201d265107eb7dc719b167d1a harbor.moresec.cn/ksp/task_center:2.2.0-laishang],SizeBytes:96134087,},ContainerImage{Names:[ubuntu@sha256:b6b83d3c331794420340093eb706a6f152d9c1fa51b262d9bf34594887c2c7ac ubuntu:latest],SizeBytes:77815548,},ContainerImage{Names:[harbor.moresec.cn/ksp/license@sha256:f3393bf6bf48c974a3376b039405511d33833a13493e2ad7088ea6af9c45c4aa harbor.moresec.cn/ksp/license:2.2.0],SizeBytes:65830591,},ContainerImage{Names:[k8s.gcr.io/prometheus-dummy-exporter:v0.1.0],SizeBytes:64807703,},ContainerImage{Names:[rancher/mirrored-flannelcni-flannel@sha256:9fd7f4932b7193cc5d77a3c5ed303204c8382d3a88ca07540adbf4a3e94dd868 rancher/mirrored-flannelcni-flannel:v0.18.1],SizeBytes:62242473,},ContainerImage{Names:[harbor.moresec.cn/ksp/mentor@sha256:bb7607bd46e113f7c2ddb5a7db81862ee08e95f314f7c0529ed0b092c42bead1 harbor.moresec.cn/ksp/mentor:2.2.0-laishang],SizeBytes:61978773,},ContainerImage{Names:[k8s.gcr.io/build-image/debian-iptables:buster-v1.6.5],SizeBytes:60179159,},ContainerImage{Names:[k8s.gcr.io/sd-dummy-exporter:v0.2.0],SizeBytes:58268777,},ContainerImage{Names:[k8s.gcr.io/e2e-test-images/sample-apiserver:1.17.4],SizeBytes:58167705,},ContainerImage{Names:[registry.aliyuncs.com/google_containers/kube-scheduler@sha256:cac7ea67201a84c00f3e8d9be51877c25fb539055ac404c4a9d2dd4c79d3fdab registry.cn-hangzhou.aliyuncs.com/google_containers/kube-scheduler@sha256:cac7ea67201a84c00f3e8d9be51877c25fb539055ac404c4a9d2dd4c79d3fdab registry.aliyuncs.com/google_containers/kube-scheduler:v1.22.3 registry.cn-hangzhou.aliyuncs.com/google_containers/kube-scheduler:v1.22.3],SizeBytes:52641918,},},VolumesInUse:[],VolumesAttached:[]AttachedVolume{},Config:nil,},}&#xA;Jul 24 13:11:20.247: INFO: &#xA;Logging kubelet events for node kubernetes-master&#xA;Jul 24 13:11:20.248: INFO: &#xA;Logging pods the kubelet thinks is on node kubernetes-master&#xA;Jul 24 13:11:20.267: INFO: kube-controller-manager-kubernetes-master started at 2022-07-05 02:21:38 +0000 UTC (0+1 container statuses recorded)&#xA;Jul 24 13:11:20.267: INFO: &#x9;Container kube-controller-manager ready: true, restart count 7&#xA;Jul 24 13:11:20.267: INFO: etcd-kubernetes-master started at 2022-07-05 02:21:37 +0000 UTC (0+1 container statuses recorded)&#xA;Jul 24 13:11:20.267: INFO: &#x9;Container etcd ready: true, restart count 3&#xA;Jul 24 13:11:20.267: INFO: sonobuoy-systemd-logs-daemon-set-bb55de94825d4876-fz4gp started at 2022-07-24 11:15:36 +0000 UTC (0+2 container statuses recorded)&#xA;Jul 24 13:11:20.267: INFO: &#x9;Container sonobuoy-worker ready: true, restart count 0&#xA;Jul 24 13:11:20.267: INFO: &#x9;Container systemd-logs ready: true, restart count 0&#xA;Jul 24 13:11:20.267: INFO: ks-apiserver-7c8c448bbb-rxf55 started at 2022-07-08 03:25:11 +0000 UTC (0+1 container statuses recorded)&#xA;Jul 24 13:11:20.267: INFO: &#x9;Container ks-apiserver ready: false, restart count 0&#xA;Jul 24 13:11:20.267: INFO: ks-apiserver-7c8c448bbb-c4w4s started at 2022-07-24 12:38:12 +0000 UTC (0+1 container statuses recorded)&#xA;Jul 24 13:11:20.267: INFO: &#x9;Container ks-apiserver ready: true, restart count 0&#xA;Jul 24 13:11:20.267: INFO: coredns-7f6cbbb7b8-strff started at 2022-07-06 03:11:19 +0000 UTC (0+1 container statuses recorded)&#xA;Jul 24 13:11:20.267: INFO: &#x9;Container coredns ready: true, restart count 2&#xA;Jul 24 13:11:20.267: INFO: ks-console-54bd5bcbc6-p5cvv started at 2022-07-24 10:48:18 +0000 UTC (0+1 container statuses recorded)&#xA;Jul 24 13:11:20.267: INFO: &#x9;Container ks-console ready: true, restart count 0&#xA;Jul 24 13:11:20.267: INFO: ks-controller-manager-bdbb456f4-82fdx started at 2022-07-08 03:25:11 +0000 UTC (0+1 container statuses recorded)&#xA;Jul 24 13:11:20.267: INFO: &#x9;Container ks-controller-manager ready: false, restart count 0&#xA;Jul 24 13:11:20.267: INFO: kube-scheduler-kubernetes-master started at 2022-07-05 02:21:39 +0000 UTC (0+1 container statuses recorded)&#xA;Jul 24 13:11:20.267: INFO: &#x9;Container kube-scheduler ready: true, restart count 7&#xA;Jul 24 13:11:20.267: INFO: kube-apiserver-kubernetes-master started at 2022-07-05 10:11:17 +0000 UTC (0+1 container statuses recorded)&#xA;Jul 24 13:11:20.267: INFO: &#x9;Container kube-apiserver ready: true, restart count 8&#xA;Jul 24 13:11:20.267: INFO: ks-controller-manager-bdbb456f4-wblsj started at 2022-07-15 07:46:52 +0000 UTC (0+1 container statuses recorded)&#xA;Jul 24 13:11:20.267: INFO: &#x9;Container ks-controller-manager ready: false, restart count 1&#xA;Jul 24 13:11:20.267: INFO: coredns-7f6cbbb7b8-kjjzz started at 2022-07-06 03:11:19 +0000 UTC (0+1 container statuses recorded)&#xA;Jul 24 13:11:20.267: INFO: &#x9;Container coredns ready: true, restart count 2&#xA;Jul 24 13:11:20.267: INFO: kube-flannel-ds-7wsql started at 2022-07-05 02:25:29 +0000 UTC (2+1 container statuses recorded)&#xA;Jul 24 13:11:20.267: INFO: &#x9;Init container install-cni-plugin ready: true, restart count 2&#xA;Jul 24 13:11:20.267: INFO: &#x9;Init container install-cni ready: true, restart count 0&#xA;Jul 24 13:11:20.267: INFO: &#x9;Container kube-flannel ready: true, restart count 4&#xA;Jul 24 13:11:20.267: INFO: ks-console-54bd5bcbc6-nwfw2 started at 2022-07-15 07:46:52 +0000 UTC (0+1 container statuses recorded)&#xA;Jul 24 13:11:20.267: INFO: &#x9;Container ks-console ready: false, restart count 0&#xA;Jul 24 13:11:20.267: INFO: ks-console-54bd5bcbc6-t74kc started at 2022-07-08 03:25:11 +0000 UTC (0+1 container statuses recorded)&#xA;Jul 24 13:11:20.267: INFO: &#x9;Container ks-console ready: false, restart count 0&#xA;Jul 24 13:11:20.267: INFO: sonobuoy-e2e-job-82b0dd9ec4534543 started at 2022-07-24 11:15:35 +0000 UTC (0+2 container statuses recorded)&#xA;Jul 24 13:11:20.267: INFO: &#x9;Container e2e ready: true, restart count 0&#xA;Jul 24 13:11:20.267: INFO: &#x9;Container sonobuoy-worker ready: true, restart count 0&#xA;Jul 24 13:11:20.267: INFO: ks-apiserver-7c8c448bbb-t7h7k started at 2022-07-15 07:46:52 +0000 UTC (0+1 container statuses recorded)&#xA;Jul 24 13:11:20.267: INFO: &#x9;Container ks-apiserver ready: false, restart count 1&#xA;Jul 24 13:11:20.267: INFO: node-exporter-l9txx started at 2022-07-20 14:02:06 +0000 UTC (0+2 container statuses recorded)&#xA;Jul 24 13:11:20.267: INFO: &#x9;Container kube-rbac-proxy ready: true, restart count 0&#xA;Jul 24 13:11:20.267: INFO: &#x9;Container node-exporter ready: true, restart count 0&#xA;Jul 24 13:11:20.267: INFO: ks-controller-manager-bdbb456f4-gw9w9 started at 2022-07-24 12:38:12 +0000 UTC (0+1 container statuses recorded)&#xA;Jul 24 13:11:20.267: INFO: &#x9;Container ks-controller-manager ready: true, restart count 0&#xA;Jul 24 13:11:20.267: INFO: ksp-license-65cc56956f-bdj5b started at 2022-07-21 02:21:43 +0000 UTC (0+2 container statuses recorded)&#xA;Jul 24 13:11:20.267: INFO: &#x9;Container license ready: true, restart count 0&#xA;Jul 24 13:11:20.267: INFO: &#x9;Container msauth ready: true, restart count 0&#xA;Jul 24 13:11:20.267: INFO: kube-proxy-qjfdd started at 2022-07-05 02:21:49 +0000 UTC (0+1 container statuses recorded)&#xA;Jul 24 13:11:20.267: INFO: &#x9;Container kube-proxy ready: true, restart count 2&#xA;Jul 24 13:11:20.308: INFO: &#xA;Latency metrics for node kubernetes-master&#xA;Jul 24 13:11:20.308: INFO: &#xA;Logging node info for node kubernetes-node-01&#xA;Jul 24 13:11:20.309: INFO: Node Info: &amp;Node{ObjectMeta:{kubernetes-node-01    3a4a3e2a-b98d-44ba-acfd-dc0ee51e00a1 5705896 0 2022-07-05 02:22:25 +0000 UTC &lt;nil&gt; &lt;nil&gt; map[beta.kubernetes.io/arch:amd64 beta.kubernetes.io/os:linux kubernetes.io/arch:amd64 kubernetes.io/hostname:kubernetes-node-01 kubernetes.io/os:linux] map[flannel.alpha.coreos.com/backend-data:{&#34;VNI&#34;:1,&#34;VtepMAC&#34;:&#34;1a:75:9b:0f:c6:8c&#34;} flannel.alpha.coreos.com/backend-type:vxlan flannel.alpha.coreos.com/kube-subnet-manager:true flannel.alpha.coreos.com/public-ip:192.168.132.11 kubeadm.alpha.kubernetes.io/cri-socket:/var/run/dockershim.sock node.alpha.kubernetes.io/ttl:0 volumes.kubernetes.io/controller-managed-attach-detach:true] [] []  [{kubelet Update v1 2022-07-05 02:22:25 +0000 UTC FieldsV1 {&#34;f:metadata&#34;:{&#34;f:annotations&#34;:{&#34;.&#34;:{},&#34;f:volumes.kubernetes.io/controller-managed-attach-detach&#34;:{}},&#34;f:labels&#34;:{&#34;.&#34;:{},&#34;f:beta.kubernetes.io/arch&#34;:{},&#34;f:beta.kubernetes.io/os&#34;:{},&#34;f:kubernetes.io/arch&#34;:{},&#34;f:kubernetes.io/hostname&#34;:{},&#34;f:kubernetes.io/os&#34;:{}}}} } {kubeadm Update v1 2022-07-05 02:22:30 +0000 UTC FieldsV1 {&#34;f:metadata&#34;:{&#34;f:annotations&#34;:{&#34;f:kubeadm.alpha.kubernetes.io/cri-socket&#34;:{}}}} } {flanneld Update v1 2022-07-05 02:25:41 +0000 UTC FieldsV1 {&#34;f:metadata&#34;:{&#34;f:annotations&#34;:{&#34;f:flannel.alpha.coreos.com/backend-data&#34;:{},&#34;f:flannel.alpha.coreos.com/backend-type&#34;:{},&#34;f:flannel.alpha.coreos.com/kube-subnet-manager&#34;:{},&#34;f:flannel.alpha.coreos.com/public-ip&#34;:{}}},&#34;f:status&#34;:{&#34;f:conditions&#34;:{&#34;k:{\&#34;type\&#34;:\&#34;NetworkUnavailable\&#34;}&#34;:{&#34;.&#34;:{},&#34;f:lastHeartbeatTime&#34;:{},&#34;f:lastTransitionTime&#34;:{},&#34;f:message&#34;:{},&#34;f:reason&#34;:{},&#34;f:status&#34;:{},&#34;f:type&#34;:{}}}}} status} {kube-controller-manager Update v1 2022-07-20 11:50:17 +0000 UTC FieldsV1 {&#34;f:metadata&#34;:{&#34;f:annotations&#34;:{&#34;f:node.alpha.kubernetes.io/ttl&#34;:{}}},&#34;f:spec&#34;:{&#34;f:podCIDR&#34;:{},&#34;f:podCIDRs&#34;:{&#34;.&#34;:{},&#34;v:\&#34;10.244.4.0/24\&#34;&#34;:{}}}} } {e2e.test Update v1 2022-07-24 11:57:52 +0000 UTC FieldsV1 {&#34;f:status&#34;:{&#34;f:capacity&#34;:{&#34;f:example.com/fakecpu&#34;:{}}}} status} {kubelet Update v1 2022-07-24 12:52:30 +0000 UTC FieldsV1 {&#34;f:status&#34;:{&#34;f:allocatable&#34;:{&#34;f:ephemeral-storage&#34;:{},&#34;f:example.com/fakecpu&#34;:{}},&#34;f:capacity&#34;:{&#34;f:ephemeral-storage&#34;:{}},&#34;f:conditions&#34;:{&#34;k:{\&#34;type\&#34;:\&#34;DiskPressure\&#34;}&#34;:{&#34;f:lastHeartbeatTime&#34;:{},&#34;f:lastTransitionTime&#34;:{},&#34;f:message&#34;:{},&#34;f:reason&#34;:{},&#34;f:status&#34;:{}},&#34;k:{\&#34;type\&#34;:\&#34;MemoryPressure\&#34;}&#34;:{&#34;f:lastHeartbeatTime&#34;:{},&#34;f:lastTransitionTime&#34;:{},&#34;f:message&#34;:{},&#34;f:reason&#34;:{},&#34;f:status&#34;:{}},&#34;k:{\&#34;type\&#34;:\&#34;PIDPressure\&#34;}&#34;:{&#34;f:lastHeartbeatTime&#34;:{},&#34;f:lastTransitionTime&#34;:{},&#34;f:message&#34;:{},&#34;f:reason&#34;:{},&#34;f:status&#34;:{}},&#34;k:{\&#34;type\&#34;:\&#34;Ready\&#34;}&#34;:{&#34;f:lastHeartbeatTime&#34;:{},&#34;f:lastTransitionTime&#34;:{},&#34;f:message&#34;:{},&#34;f:reason&#34;:{},&#34;f:status&#34;:{}}},&#34;f:images&#34;:{},&#34;f:nodeInfo&#34;:{&#34;f:containerRuntimeVersion&#34;:{}}}} status}]},Spec:NodeSpec{PodCIDR:10.244.4.0/24,DoNotUseExternalID:,ProviderID:,Unschedulable:false,Taints:[]Taint{},ConfigSource:nil,PodCIDRs:[10.244.4.0/24],},Status:NodeStatus{Capacity:ResourceList{cpu: {{8 0} {&lt;nil&gt;} 8 DecimalSI},ephemeral-storage: {{107321753600 0} {&lt;nil&gt;} 102350Mi BinarySI},example.com/fakecpu: {{1 3} {&lt;nil&gt;} 1k DecimalSI},hugepages-1Gi: {{0 0} {&lt;nil&gt;} 0 DecimalSI},hugepages-2Mi: {{0 0} {&lt;nil&gt;} 0 DecimalSI},memory: {{16363429888 0} {&lt;nil&gt;}  BinarySI},pods: {{110 0} {&lt;nil&gt;} 110 DecimalSI},},Allocatable:ResourceList{cpu: {{8 0} {&lt;nil&gt;} 8 DecimalSI},ephemeral-storage: {{96589578081 0} {&lt;nil&gt;} 96589578081 DecimalSI},example.com/fakecpu: {{1 3} {&lt;nil&gt;} 1k DecimalSI},hugepages-1Gi: {{0 0} {&lt;nil&gt;} 0 DecimalSI},hugepages-2Mi: {{0 0} {&lt;nil&gt;} 0 DecimalSI},memory: {{16258572288 0} {&lt;nil&gt;}  BinarySI},pods: {{110 0} {&lt;nil&gt;} 110 DecimalSI},},Phase:,Conditions:[]NodeCondition{NodeCondition{Type:NetworkUnavailable,Status:False,LastHeartbeatTime:2022-07-20 12:09:51 +0000 UTC,LastTransitionTime:2022-07-20 12:09:51 +0000 UTC,Reason:FlannelIsUp,Message:Flannel is running on this node,},NodeCondition{Type:MemoryPressure,Status:False,LastHeartbeatTime:2022-07-24 13:07:34 +0000 UTC,LastTransitionTime:2022-07-05 02:39:16 +0000 UTC,Reason:KubeletHasSufficientMemory,Message:kubelet has sufficient memory available,},NodeCondition{Type:DiskPressure,Status:False,LastHeartbeatTime:2022-07-24 13:07:34 +0000 UTC,LastTransitionTime:2022-07-06 11:27:51 +0000 UTC,Reason:KubeletHasNoDiskPressure,Message:kubelet has no disk pressure,},NodeCondition{Type:PIDPressure,Status:False,LastHeartbeatTime:2022-07-24 13:07:34 +0000 UTC,LastTransitionTime:2022-07-05 02:39:16 +0000 UTC,Reason:KubeletHasSufficientPID,Message:kubelet has sufficient PID available,},NodeCondition{Type:Ready,Status:True,LastHeartbeatTime:2022-07-24 13:07:34 +0000 UTC,LastTransitionTime:2022-07-20 12:05:25 +0000 UTC,Reason:KubeletReady,Message:kubelet is posting ready status,},},Addresses:[]NodeAddress{NodeAddress{Type:InternalIP,Address:192.168.132.11,},NodeAddress{Type:Hostname,Address:kubernetes-node-01,},},DaemonEndpoints:NodeDaemonEndpoints{KubeletEndpoint:DaemonEndpoint{Port:10250,},},NodeInfo:NodeSystemInfo{MachineID:ff2f0490c5bb4030ae3be22dffb6765a,SystemUUID:318642bd-e41a-e911-ad47-a4bf015b1f84,BootID:2686e27a-6243-43c4-baa2-2867206747cd,KernelVersion:5.4.132-1.el7.elrepo.x86_64,OSImage:CentOS Linux 7 (Core),ContainerRuntimeVersion:docker://20.10.7,KubeletVersion:v1.22.3,KubeProxyVersion:v1.22.3,OperatingSystem:linux,Architecture:amd64,},Images:[]ContainerImage{ContainerImage{Names:[k8s.gcr.io/e2e-test-images/cuda-vector-add:2.2],SizeBytes:2579956550,},ContainerImage{Names:[k8s.gcr.io/e2e-test-images/cuda-vector-add:1.0],SizeBytes:2047006036,},ContainerImage{Names:[k8s.gcr.io/e2e-test-images/node-perf/tf-wide-deep:1.1],SizeBytes:1631128450,},ContainerImage{Names:[k8smg:latest],SizeBytes:1398619088,},ContainerImage{Names:[k8s.gcr.io/e2e-test-images/perl:5.26],SizeBytes:853225645,},ContainerImage{Names:[k8s.gcr.io/e2e-test-images/volume/rbd:1.0.3],SizeBytes:751897580,},ContainerImage{Names:[harbor.moresec.cn/ksp/kafka@sha256:29aef30ec0742e05c84b92e35fe81bc2a933d92aa3aec2325f3947c9cbb07e2d harbor.moresec.cn/ksp/kafka:2.8.0-debian-10-r43],SizeBytes:584339677,},ContainerImage{Names:[centos-drip:7.7],SizeBytes:552218315,},ContainerImage{Names:[&lt;none&gt;@&lt;none&gt; &lt;none&gt;:&lt;none&gt;],SizeBytes:522728932,},ContainerImage{Names:[harbor.moresec.cn/ksp/ksp_agent@sha256:f96a653e88fcf5b71a82e603da3ace5e774c9dd4e37dcdfc7a1db3ce87267245 harbor.moresec.cn/ksp/ksp_agent:latest],SizeBytes:495969065,},ContainerImage{Names:[harbor.moresec.cn/ksp/ksp_agent@sha256:62d75a6961ee50b7bbea1eeb9a835b8809fbf868cda8ea7e30c57a871fe36ae4],SizeBytes:495943489,},ContainerImage{Names:[tomcat@sha256:df634a0b4a2a61069521c4681609423b3794d2a3120821b92f346710450ad344 tomcat:latest],SizeBytes:482781027,},ContainerImage{Names:[&lt;none&gt;@&lt;none&gt; &lt;none&gt;:&lt;none&gt;],SizeBytes:435344555,},ContainerImage{Names:[harbor.moresec.cn/ksp/ksp_agent@sha256:7fc828e5732309187da20a9a025a142f8229f04087601a9fad119c3724ab6e92 harbor.moresec.cn/ksp/ksp_agent:2.2.0],SizeBytes:433527765,},ContainerImage{Names:[harbor.moresec.cn/ksp/ksp_agent@sha256:b6455a0f39f08b39b5ee701bbcfb11edb8484478bfe44f30a3a48f041ea504b1],SizeBytes:433527765,},ContainerImage{Names:[harbor.moresec.cn/ksp/ksp_agent:laishang],SizeBytes:433318869,},ContainerImage{Names:[kubesphere/ks-installer@sha256:e314e12b16e556b0ce16d4c1efab0a375605936da15afa0e4fa3afa4c302cf15 kubesphere/ks-installer:v3.3.0],SizeBytes:420547354,},ContainerImage{Names:[k8s.gcr.io/e2e-test-images/volume/iscsi:2.2],SizeBytes:414158129,},ContainerImage{Names:[k8s.gcr.io/sig-storage/nfs-provisioner:v2.2.2],SizeBytes:391702539,},ContainerImage{Names:[k8s.gcr.io/e2e-test-images/glusterdynamic-provisioner:v1.0],SizeBytes:373269502,},ContainerImage{Names:[k8s.gcr.io/e2e-test-images/volume/gluster:1.2],SizeBytes:340272046,},ContainerImage{Names:[sonobuoy/systemd-logs:v0.4],SizeBytes:314068873,},ContainerImage{Names:[docker-dev.moresec.cn:10443/ksp/mysql@sha256:1a52fad24c8d9c47d9563773bf2fd6618cab64a2e7054a32c62d7ff83047d432 harbor.moresec.cn/ksp/mysql@sha256:1a52fad24c8d9c47d9563773bf2fd6618cab64a2e7054a32c62d7ff83047d432 docker-dev.moresec.cn:10443/ksp/mysql:5.7.34 harbor.moresec.cn/ksp/mysql:5.7.34],SizeBytes:296256317,},ContainerImage{Names:[192.168.132.114/revshell/listen@sha256:e51b45cdcf6314fabe93ef6b0dda4062713628b951f948aac56154c2e092bd18 192.168.132.114/revshell/listen:latest],SizeBytes:271796301,},ContainerImage{Names:[k8s.gcr.io/e2e-test-images/volume/nfs:1.2],SizeBytes:263870626,},ContainerImage{Names:[k8s.gcr.io/etcd:3.4.13-0],SizeBytes:253376083,},ContainerImage{Names:[k8s.gcr.io/e2e-test-images/jessie-dnsutils:1.4],SizeBytes:253346057,},ContainerImage{Names:[k8s.gcr.io/conformance:v1.22.3],SizeBytes:246064443,},ContainerImage{Names:[192.168.132.114/process/process@sha256:b08bcadd231b62eba8913d7f9b7ef6a54087fedec3a52607decd86aae014330a 192.168.132.114/process/process:latest],SizeBytes:231220584,},ContainerImage{Names:[&lt;none&gt;@&lt;none&gt; &lt;none&gt;:&lt;none&gt;],SizeBytes:231220093,},ContainerImage{Names:[prom/prometheus@sha256:b37103e03399e90c9b7b1b2940894d3634915cf9df4aa2e5402bd85b4377808c prom/prometheus:v2.34.0],SizeBytes:204913767,},ContainerImage{Names:[centos@sha256:50752af5182c6cd5518e3e91d48f7ff0cba93d5d760a67ac140e2d63c4dd9efc centos:centos7.7.1908],SizeBytes:203602133,},ContainerImage{Names:[kubesphere/ks-apiserver@sha256:c6518655604eb6c5b67e6e5b0a11239e1b927c6ab0f947ce3c60176c70090462 kubesphere/ks-apiserver:v3.2.1],SizeBytes:190792907,},ContainerImage{Names:[192.168.132.114/micro/worker@sha256:0c3e148cec3fbf3f62b381f96dcb4b8dcfad7a8d4cf33a91d6c3a8484e156c4c 192.168.132.114/micro/worker:latest],SizeBytes:178337313,},ContainerImage{Names:[harbor.moresec.cn/ksp/fileserver@sha256:e70cbd22b76e6e111c2b86a20c5fdea469fed0313c81f73f35ed11249f79f741 harbor.moresec.cn/ksp/fileserver:2.2.0],SizeBytes:153076017,},ContainerImage{Names:[&lt;none&gt;@&lt;none&gt; &lt;none&gt;:&lt;none&gt;],SizeBytes:141498060,},ContainerImage{Names:[harbor.moresec.cn/ksp/etcd@sha256:e38d9f2facec186c09c33e28455e97156ea45d5c299d348a1b0676784c293d75 harbor.moresec.cn/ksp/etcd:3.4.15-debian-10-r43],SizeBytes:131965680,},ContainerImage{Names:[harbor.moresec.cn/ksp/webapi_srv@sha256:7de68ded9d05cdbbc9fbe03c3321f14d68569cd7d9f35921e977df8377bc7d2d],SizeBytes:129903492,},ContainerImage{Names:[harbor.moresec.cn/ksp/webapi_srv@sha256:44ac8426e7c6087593f315cf547a8426780a03ec7e102e3cadd5931f03fa5851 harbor.moresec.cn/ksp/webapi_srv:latest],SizeBytes:129800680,},ContainerImage{Names:[k8s.gcr.io/e2e-test-images/httpd:2.4.39-1],SizeBytes:126871615,},ContainerImage{Names:[docker-dev.moresec.cn:10443/ksp/envoy@sha256:1a57c0f59b9e04a83f4407c79df63f027ee620a2ee66e201438f49c9253e258a harbor.moresec.cn/ksp/envoy@sha256:1a57c0f59b9e04a83f4407c79df63f027ee620a2ee66e201438f49c9253e258a docker-dev.moresec.cn:10443/ksp/envoy:v1.20.0 harbor.moresec.cn/ksp/envoy:v1.20.0],SizeBytes:126156197,},ContainerImage{Names:[k8s.gcr.io/e2e-test-images/agnhost:2.32],SizeBytes:125910179,},ContainerImage{Names:[harbor.moresec.cn/ksp/webapi_srv@sha256:1665c65a94096bb76343e0df2fcbe6299d29d7c1b47f22c1db269ef909d895c7 harbor.moresec.cn/ksp/webapi_srv:2.2.0],SizeBytes:123778974,},ContainerImage{Names:[k8s.gcr.io/e2e-test-images/httpd:2.4.38-1],SizeBytes:123774598,},ContainerImage{Names:[k8s.gcr.io/e2e-test-images/nautilus:1.4],SizeBytes:121728153,},ContainerImage{Names:[k8s.gcr.io/e2e-test-images/kitten:1.4],SizeBytes:121721689,},ContainerImage{Names:[nginx@sha256:f7988fb6c02e0ce69257d9bd9cf37ae20a60f1df7563c3a2a6abe24160306b8d nginx:1.14.2],SizeBytes:109109325,},ContainerImage{Names:[harbor.moresec.cn/ksp/controller@sha256:be921ae314828accad9ea6bc25af4e4097027cddd44001913f983ad6f06fe948 harbor.moresec.cn/ksp/controller:latest],SizeBytes:107945283,},ContainerImage{Names:[registry.aliyuncs.com/google_containers/kube-proxy@sha256:8d0561b2e5d0ccb9c49a25e7b415bef12637a07a872703dc252c2de3b458fc4f registry.aliyuncs.com/google_containers/kube-proxy:v1.22.3],SizeBytes:103646205,},ContainerImage{Names:[harbor.moresec.cn/ksp/core@sha256:2a7bf382a0a02948e1946f2123314d45d632f3788bb0e70db7ba111ce2bf6ec1 harbor.moresec.cn/ksp/core:2.2.0],SizeBytes:98270332,},},VolumesInUse:[],VolumesAttached:[]AttachedVolume{},Config:nil,},}&#xA;Jul 24 13:11:20.310: INFO: &#xA;Logging kubelet events for node kubernetes-node-01&#xA;Jul 24 13:11:20.311: INFO: &#xA;Logging pods the kubelet thinks is on node kubernetes-node-01&#xA;Jul 24 13:11:20.352: INFO: ss2-1 started at 2022-07-23 11:41:24 +0000 UTC (0+1 container statuses recorded)&#xA;Jul 24 13:11:20.352: INFO: &#x9;Container webserver ready: true, restart count 0&#xA;Jul 24 13:11:20.352: INFO: default-http-backend-5bf68ff9b8-hkh75 started at 2022-07-24 10:47:02 +0000 UTC (0+1 container statuses recorded)&#xA;Jul 24 13:11:20.352: INFO: &#x9;Container default-http-backend ready: true, restart count 0&#xA;Jul 24 13:11:20.352: INFO: worker106-5d44cc9f84-thvwz started at 2022-07-24 12:38:11 +0000 UTC (0+1 container statuses recorded)&#xA;Jul 24 13:11:20.352: INFO: &#x9;Container worker106 ready: true, restart count 0&#xA;Jul 24 13:11:20.352: INFO: ubuntu-deployment-docker-sock1-74c66ddf85-5fcvb started at 2022-07-24 10:47:52 +0000 UTC (0+1 container statuses recorded)&#xA;Jul 24 13:11:20.352: INFO: &#x9;Container ubuntu-docker-sock1 ready: true, restart count 0&#xA;Jul 24 13:11:20.352: INFO: gatekeeper-controller-manager-6566df6878-6sxjk started at 2022-07-24 10:47:54 +0000 UTC (0+1 container statuses recorded)&#xA;Jul 24 13:11:20.352: INFO: &#x9;Container manager ready: true, restart count 0&#xA;Jul 24 13:11:20.352: INFO: sonobuoy-systemd-logs-daemon-set-bb55de94825d4876-wwrrn started at 2022-07-24 11:15:36 +0000 UTC (0+2 container statuses recorded)&#xA;Jul 24 13:11:20.352: INFO: &#x9;Container sonobuoy-worker ready: true, restart count 0&#xA;Jul 24 13:11:20.352: INFO: &#x9;Container systemd-logs ready: true, restart count 0&#xA;Jul 24 13:11:20.352: INFO: ksp-strategy-85bc47b4cd-hcnl4 started at 2022-07-24 12:38:11 +0000 UTC (0+1 container statuses recorded)&#xA;Jul 24 13:11:20.352: INFO: &#x9;Container strategy ready: true, restart count 0&#xA;Jul 24 13:11:20.352: INFO: worker105-58b68d59d-kzrc2 started at 2022-07-24 12:38:11 +0000 UTC (0+1 container statuses recorded)&#xA;Jul 24 13:11:20.352: INFO: &#x9;Container worker105 ready: true, restart count 0&#xA;Jul 24 13:11:20.352: INFO: prometheus-operator-8955bbd98-r8ftl started at 2022-07-24 10:47:02 +0000 UTC (0+2 container statuses recorded)&#xA;Jul 24 13:11:20.352: INFO: &#x9;Container kube-rbac-proxy ready: true, restart count 0&#xA;Jul 24 13:11:20.352: INFO: &#x9;Container prometheus-operator ready: true, restart count 0&#xA;Jul 24 13:11:20.352: INFO: alertmanager-main-1 started at 2022-07-24 10:47:04 +0000 UTC (0+2 container statuses recorded)&#xA;Jul 24 13:11:20.352: INFO: &#x9;Container alertmanager ready: true, restart count 0&#xA;Jul 24 13:11:20.352: INFO: &#x9;Container config-reloader ready: true, restart count 0&#xA;Jul 24 13:11:20.352: INFO: ksp-fileserver-58d849d98b-k2wt9 started at 2022-07-20 12:05:34 +0000 UTC (0+1 container statuses recorded)&#xA;Jul 24 13:11:20.352: INFO: &#x9;Container fileserver ready: true, restart count 12&#xA;Jul 24 13:11:20.352: INFO: revlisten64-6f96b96fdd-cnnpn started at 2022-07-24 12:38:12 +0000 UTC (0+1 container statuses recorded)&#xA;Jul 24 13:11:20.352: INFO: &#x9;Container revlisten64 ready: true, restart count 0&#xA;Jul 24 13:11:20.352: INFO: notification-manager-operator-7d44854f54-pfhvp started at 2022-07-20 12:37:15 +0000 UTC (0+2 container statuses recorded)&#xA;Jul 24 13:11:20.352: INFO: &#x9;Container kube-rbac-proxy ready: true, restart count 0&#xA;Jul 24 13:11:20.352: INFO: &#x9;Container notification-manager-operator ready: true, restart count 13&#xA;Jul 24 13:11:20.352: INFO: kubectl-admin-6dbcb94855-cwbwg started at 2022-07-24 10:47:02 +0000 UTC (0+1 container statuses recorded)&#xA;Jul 24 13:11:20.352: INFO: &#x9;Container kubectl ready: true, restart count 0&#xA;Jul 24 13:11:20.352: INFO: ks-installer-6976cf49f5-l72kw started at 2022-07-24 10:48:18 +0000 UTC (0+1 container statuses recorded)&#xA;Jul 24 13:11:20.352: INFO: &#x9;Container installer ready: true, restart count 0&#xA;Jul 24 13:11:20.352: INFO: node-exporter-mktmt started at 2022-07-08 03:28:07 +0000 UTC (0+2 container statuses recorded)&#xA;Jul 24 13:11:20.352: INFO: &#x9;Container kube-rbac-proxy ready: true, restart count 2&#xA;Jul 24 13:11:20.352: INFO: &#x9;Container node-exporter ready: true, restart count 2&#xA;Jul 24 13:11:20.352: INFO: prometheus-k8s-0 started at 2022-07-20 12:09:14 +0000 UTC (1+2 container statuses recorded)&#xA;Jul 24 13:11:20.352: INFO: &#x9;Init container init-config-reloader ready: true, restart count 0&#xA;Jul 24 13:11:20.352: INFO: &#x9;Container config-reloader ready: true, restart count 0&#xA;Jul 24 13:11:20.352: INFO: &#x9;Container prometheus ready: true, restart count 0&#xA;Jul 24 13:11:20.352: INFO: ss2-0 started at 2022-07-20 12:10:27 +0000 UTC (0+1 container statuses recorded)&#xA;Jul 24 13:11:20.352: INFO: &#x9;Container webserver ready: true, restart count 0&#xA;Jul 24 13:11:20.352: INFO: sonobuoy started at 2022-07-24 11:15:29 +0000 UTC (0+1 container statuses recorded)&#xA;Jul 24 13:11:20.352: INFO: &#x9;Container kube-sonobuoy ready: true, restart count 0&#xA;Jul 24 13:11:20.352: INFO: ksp-core-5b755544c7-vqw75 started at 2022-07-24 12:38:11 +0000 UTC (0+1 container statuses recorded)&#xA;Jul 24 13:11:20.352: INFO: &#x9;Container core ready: true, restart count 0&#xA;Jul 24 13:11:20.352: INFO: process56-59d84745d8-2wml7 started at 2022-07-24 10:47:52 +0000 UTC (0+1 container statuses recorded)&#xA;Jul 24 13:11:20.352: INFO: &#x9;Container process56 ready: true, restart count 0&#xA;Jul 24 13:11:20.352: INFO: worker107-5fb776b954-6jq7j started at 2022-07-24 12:38:12 +0000 UTC (0+1 container statuses recorded)&#xA;Jul 24 13:11:20.352: INFO: &#x9;Container worker107 ready: true, restart count 0&#xA;Jul 24 13:11:20.352: INFO: kube-proxy-kkm7x started at 2022-07-05 02:22:26 +0000 UTC (0+1 container statuses recorded)&#xA;Jul 24 13:11:20.352: INFO: &#x9;Container kube-proxy ready: true, restart count 3&#xA;Jul 24 13:11:20.352: INFO: snapshot-controller-0 started at 2022-07-20 12:09:57 +0000 UTC (0+1 container statuses recorded)&#xA;Jul 24 13:11:20.352: INFO: &#x9;Container snapshot-controller ready: true, restart count 0&#xA;Jul 24 13:11:20.352: INFO: ksp-etcd-0 started at 2022-07-20 12:10:55 +0000 UTC (0+1 container statuses recorded)&#xA;Jul 24 13:11:20.352: INFO: &#x9;Container etcd ready: true, restart count 0&#xA;Jul 24 13:11:20.352: INFO: ksp-kafka-0 started at 2022-07-20 12:06:10 +0000 UTC (0+1 container statuses recorded)&#xA;Jul 24 13:11:20.352: INFO: &#x9;Container kafka ready: true, restart count 12&#xA;Jul 24 13:11:20.352: INFO: ksp-mysql-0 started at 2022-07-20 12:09:51 +0000 UTC (0+1 container statuses recorded)&#xA;Jul 24 13:11:20.352: INFO: &#x9;Container mysql ready: true, restart count 0&#xA;Jul 24 13:11:20.352: INFO: notification-manager-deployment-78664576cb-5mm7d started at 2022-07-24 10:48:18 +0000 UTC (0+2 container statuses recorded)&#xA;Jul 24 13:11:20.352: INFO: &#x9;Container notification-manager ready: true, restart count 0&#xA;Jul 24 13:11:20.352: INFO: &#x9;Container tenant ready: true, restart count 0&#xA;Jul 24 13:11:20.352: INFO: notification-manager-deployment-78664576cb-54zgc started at 2022-07-24 12:38:12 +0000 UTC (0+2 container statuses recorded)&#xA;Jul 24 13:11:20.352: INFO: &#x9;Container notification-manager ready: true, restart count 0&#xA;Jul 24 13:11:20.352: INFO: &#x9;Container tenant ready: true, restart count 0&#xA;Jul 24 13:11:20.352: INFO: ksp-mentor-bfd5c4db9-8mk5j started at 2022-07-24 12:38:12 +0000 UTC (0+1 container statuses recorded)&#xA;Jul 24 13:11:20.352: INFO: &#x9;Container mentor ready: true, restart count 0&#xA;Jul 24 13:11:20.352: INFO: process57-5dc7d9d6f8-n5z8w started at 2022-07-24 12:38:12 +0000 UTC (0+1 container statuses recorded)&#xA;Jul 24 13:11:20.352: INFO: &#x9;Container process57 ready: true, restart count 0&#xA;Jul 24 13:11:20.352: INFO: ksp-webapi-srv-5b59fc6b7b-qfcs4 started at 2022-07-21 02:23:19 +0000 UTC (0+1 container statuses recorded)&#xA;Jul 24 13:11:20.352: INFO: &#x9;Container webapi-srv ready: true, restart count 0&#xA;Jul 24 13:11:20.352: INFO: kube-flannel-ds-8xnv7 started at 2022-07-06 17:46:29 +0000 UTC (2+1 container statuses recorded)&#xA;Jul 24 13:11:20.352: INFO: &#x9;Init container install-cni-plugin ready: true, restart count 0&#xA;Jul 24 13:11:20.352: INFO: &#x9;Init container install-cni ready: true, restart count 0&#xA;Jul 24 13:11:20.352: INFO: &#x9;Container kube-flannel ready: true, restart count 1&#xA;Jul 24 13:11:20.352: INFO: local-path-provisioner-cc67d8db7-ps624 started at 2022-07-24 12:38:11 +0000 UTC (0+1 container statuses recorded)&#xA;Jul 24 13:11:20.352: INFO: &#x9;Container local-path-provisioner ready: true, restart count 0&#xA;Jul 24 13:11:20.352: INFO: worker104-84f6f586c6-vcwd8 started at 2022-07-24 12:38:11 +0000 UTC (0+1 container statuses recorded)&#xA;Jul 24 13:11:20.352: INFO: &#x9;Container worker104 ready: true, restart count 0&#xA;Jul 24 13:11:20.352: INFO: tomcat-ttt46-6b659fdf4b-95cmr started at 2022-07-24 12:38:12 +0000 UTC (0+1 container statuses recorded)&#xA;Jul 24 13:11:20.352: INFO: &#x9;Container tomcat-ttt46 ready: true, restart count 0&#xA;Jul 24 13:11:20.352: INFO: ksp-redis-master-0 started at 2022-07-20 12:09:21 +0000 UTC (0+1 container statuses recorded)&#xA;Jul 24 13:11:20.352: INFO: &#x9;Container redis ready: true, restart count 0&#xA;Jul 24 13:11:20.352: INFO: alertmanager-main-0 started at 2022-07-20 12:09:55 +0000 UTC (0+2 container statuses recorded)&#xA;Jul 24 13:11:20.352: INFO: &#x9;Container alertmanager ready: true, restart count 0&#xA;Jul 24 13:11:20.352: INFO: &#x9;Container config-reloader ready: true, restart count 0&#xA;Jul 24 13:11:20.352: INFO: worker108-cc678945b-7rbkz started at 2022-07-21 06:39:16 +0000 UTC (0+1 container statuses recorded)&#xA;Jul 24 13:11:20.352: INFO: &#x9;Container worker108 ready: true, restart count 0&#xA;Jul 24 13:11:20.432: INFO: &#xA;Latency metrics for node kubernetes-node-01&#xA;Jul 24 13:11:20.432: INFO: &#xA;Logging node info for node kubernetes-node-02&#xA;Jul 24 13:11:20.434: INFO: Node Info: &amp;Node{ObjectMeta:{kubernetes-node-02    307d2ab5-ef28-4bdd-889c-432cc026c399 5706059 0 2022-07-05 02:22:23 +0000 UTC &lt;nil&gt; &lt;nil&gt; map[beta.kubernetes.io/arch:amd64 beta.kubernetes.io/os:linux kubernetes.io/arch:amd64 kubernetes.io/hostname:kubernetes-node-02 kubernetes.io/os:linux] map[flannel.alpha.coreos.com/backend-data:{&#34;VNI&#34;:1,&#34;VtepMAC&#34;:&#34;82:d6:14:69:bd:44&#34;} flannel.alpha.coreos.com/backend-type:vxlan flannel.alpha.coreos.com/kube-subnet-manager:true flannel.alpha.coreos.com/public-ip:192.168.132.12 kubeadm.alpha.kubernetes.io/cri-socket:/var/run/dockershim.sock node.alpha.kubernetes.io/ttl:0 volumes.kubernetes.io/controller-managed-attach-detach:true] [] []  [{kubeadm Update v1 2022-07-05 02:22:23 +0000 UTC FieldsV1 {&#34;f:metadata&#34;:{&#34;f:annotations&#34;:{&#34;f:kubeadm.alpha.kubernetes.io/cri-socket&#34;:{}}}} } {kubelet Update v1 2022-07-05 02:22:23 +0000 UTC FieldsV1 {&#34;f:metadata&#34;:{&#34;f:annotations&#34;:{&#34;.&#34;:{},&#34;f:volumes.kubernetes.io/controller-managed-attach-detach&#34;:{}},&#34;f:labels&#34;:{&#34;.&#34;:{},&#34;f:beta.kubernetes.io/arch&#34;:{},&#34;f:beta.kubernetes.io/os&#34;:{},&#34;f:kubernetes.io/arch&#34;:{},&#34;f:kubernetes.io/hostname&#34;:{},&#34;f:kubernetes.io/os&#34;:{}}}} } {flanneld Update v1 2022-07-05 02:25:42 +0000 UTC FieldsV1 {&#34;f:metadata&#34;:{&#34;f:annotations&#34;:{&#34;f:flannel.alpha.coreos.com/backend-data&#34;:{},&#34;f:flannel.alpha.coreos.com/backend-type&#34;:{},&#34;f:flannel.alpha.coreos.com/kube-subnet-manager&#34;:{},&#34;f:flannel.alpha.coreos.com/public-ip&#34;:{}}},&#34;f:status&#34;:{&#34;f:conditions&#34;:{&#34;k:{\&#34;type\&#34;:\&#34;NetworkUnavailable\&#34;}&#34;:{&#34;.&#34;:{},&#34;f:lastHeartbeatTime&#34;:{},&#34;f:lastTransitionTime&#34;:{},&#34;f:message&#34;:{},&#34;f:reason&#34;:{},&#34;f:status&#34;:{},&#34;f:type&#34;:{}}}}} status} {kube-controller-manager Update v1 2022-07-20 12:10:50 +0000 UTC FieldsV1 {&#34;f:metadata&#34;:{&#34;f:annotations&#34;:{&#34;f:node.alpha.kubernetes.io/ttl&#34;:{}}},&#34;f:spec&#34;:{&#34;f:podCIDR&#34;:{},&#34;f:podCIDRs&#34;:{&#34;.&#34;:{},&#34;v:\&#34;10.244.3.0/24\&#34;&#34;:{}}}} } {e2e.test Update v1 2022-07-24 11:57:52 +0000 UTC FieldsV1 {&#34;f:status&#34;:{&#34;f:capacity&#34;:{&#34;f:example.com/fakecpu&#34;:{}}}} status} {kubelet Update v1 2022-07-24 12:52:35 +0000 UTC FieldsV1 {&#34;f:status&#34;:{&#34;f:allocatable&#34;:{&#34;f:ephemeral-storage&#34;:{},&#34;f:example.com/fakecpu&#34;:{}},&#34;f:conditions&#34;:{&#34;k:{\&#34;type\&#34;:\&#34;DiskPressure\&#34;}&#34;:{&#34;f:lastHeartbeatTime&#34;:{},&#34;f:lastTransitionTime&#34;:{},&#34;f:message&#34;:{},&#34;f:reason&#34;:{},&#34;f:status&#34;:{}},&#34;k:{\&#34;type\&#34;:\&#34;MemoryPressure\&#34;}&#34;:{&#34;f:lastHeartbeatTime&#34;:{},&#34;f:lastTransitionTime&#34;:{},&#34;f:message&#34;:{},&#34;f:reason&#34;:{},&#34;f:status&#34;:{}},&#34;k:{\&#34;type\&#34;:\&#34;PIDPressure\&#34;}&#34;:{&#34;f:lastHeartbeatTime&#34;:{},&#34;f:lastTransitionTime&#34;:{},&#34;f:message&#34;:{},&#34;f:reason&#34;:{},&#34;f:status&#34;:{}},&#34;k:{\&#34;type\&#34;:\&#34;Ready\&#34;}&#34;:{&#34;f:lastHeartbeatTime&#34;:{},&#34;f:lastTransitionTime&#34;:{},&#34;f:message&#34;:{},&#34;f:reason&#34;:{},&#34;f:status&#34;:{}}},&#34;f:images&#34;:{},&#34;f:nodeInfo&#34;:{&#34;f:bootID&#34;:{},&#34;f:containerRuntimeVersion&#34;:{}}}} status}]},Spec:NodeSpec{PodCIDR:10.244.3.0/24,DoNotUseExternalID:,ProviderID:,Unschedulable:false,Taints:[]Taint{},ConfigSource:nil,PodCIDRs:[10.244.3.0/24],},Status:NodeStatus{Capacity:ResourceList{cpu: {{8 0} {&lt;nil&gt;} 8 DecimalSI},ephemeral-storage: {{107321753600 0} {&lt;nil&gt;} 102350Mi BinarySI},example.com/fakecpu: {{1 3} {&lt;nil&gt;} 1k DecimalSI},hugepages-1Gi: {{0 0} {&lt;nil&gt;} 0 DecimalSI},hugepages-2Mi: {{0 0} {&lt;nil&gt;} 0 DecimalSI},memory: {{16363429888 0} {&lt;nil&gt;}  BinarySI},pods: {{110 0} {&lt;nil&gt;} 110 DecimalSI},},Allocatable:ResourceList{cpu: {{8 0} {&lt;nil&gt;} 8 DecimalSI},ephemeral-storage: {{96589578081 0} {&lt;nil&gt;} 96589578081 DecimalSI},example.com/fakecpu: {{1 3} {&lt;nil&gt;} 1k DecimalSI},hugepages-1Gi: {{0 0} {&lt;nil&gt;} 0 DecimalSI},hugepages-2Mi: {{0 0} {&lt;nil&gt;} 0 DecimalSI},memory: {{16258572288 0} {&lt;nil&gt;}  BinarySI},pods: {{110 0} {&lt;nil&gt;} 110 DecimalSI},},Phase:,Conditions:[]NodeCondition{NodeCondition{Type:NetworkUnavailable,Status:False,LastHeartbeatTime:2022-07-24 12:41:23 +0000 UTC,LastTransitionTime:2022-07-24 12:41:23 +0000 UTC,Reason:FlannelIsUp,Message:Flannel is running on this node,},NodeCondition{Type:MemoryPressure,Status:False,LastHeartbeatTime:2022-07-24 13:07:39 +0000 UTC,LastTransitionTime:2022-07-20 12:10:11 +0000 UTC,Reason:KubeletHasSufficientMemory,Message:kubelet has sufficient memory available,},NodeCondition{Type:DiskPressure,Status:False,LastHeartbeatTime:2022-07-24 13:07:39 +0000 UTC,LastTransitionTime:2022-07-20 12:10:11 +0000 UTC,Reason:KubeletHasNoDiskPressure,Message:kubelet has no disk pressure,},NodeCondition{Type:PIDPressure,Status:False,LastHeartbeatTime:2022-07-24 13:07:39 +0000 UTC,LastTransitionTime:2022-07-20 12:10:11 +0000 UTC,Reason:KubeletHasSufficientPID,Message:kubelet has sufficient PID available,},NodeCondition{Type:Ready,Status:True,LastHeartbeatTime:2022-07-24 13:07:39 +0000 UTC,LastTransitionTime:2022-07-20 12:39:17 +0000 UTC,Reason:KubeletReady,Message:kubelet is posting ready status,},},Addresses:[]NodeAddress{NodeAddress{Type:InternalIP,Address:192.168.132.12,},NodeAddress{Type:Hostname,Address:kubernetes-node-02,},},DaemonEndpoints:NodeDaemonEndpoints{KubeletEndpoint:DaemonEndpoint{Port:10250,},},NodeInfo:NodeSystemInfo{MachineID:c4512086a6f5493ab6d17434529f2f96,SystemUUID:dfb815d5-231e-e911-ba47-a4bf015b3e00,BootID:56b56735-cc0e-4a63-a373-c98df943e3fd,KernelVersion:5.4.132-1.el7.elrepo.x86_64,OSImage:CentOS Linux 7 (Core),ContainerRuntimeVersion:docker://20.10.7,KubeletVersion:v1.22.3,KubeProxyVersion:v1.22.3,OperatingSystem:linux,Architecture:amd64,},Images:[]ContainerImage{ContainerImage{Names:[k8s.gcr.io/e2e-test-images/cuda-vector-add:2.2],SizeBytes:2579956550,},ContainerImage{Names:[k8s.gcr.io/e2e-test-images/cuda-vector-add:1.0],SizeBytes:2047006036,},ContainerImage{Names:[k8s.gcr.io/e2e-test-images/node-perf/tf-wide-deep:1.1],SizeBytes:1631128450,},ContainerImage{Names:[harbor.moresec.cn/ksp/webshell_srv@sha256:52331f042d9b722692b7d1e7d39bad602f0755a948b8a439b4a27c4c0fae045f harbor.moresec.cn/ksp/webshell_srv:2.2.0],SizeBytes:981080070,},ContainerImage{Names:[k8s.gcr.io/e2e-test-images/perl:5.26],SizeBytes:853225645,},ContainerImage{Names:[k8s.gcr.io/e2e-test-images/volume/rbd:1.0.3],SizeBytes:751897580,},ContainerImage{Names:[192.168.132.12:85/benchmark/benchmark@sha256:59b02207ef00cbc9ae722f2ad7c0f73c60b64ca677449bd0acf5b052eb967764],SizeBytes:721364989,},ContainerImage{Names:[192.168.132.12:85/benchmark/benchmark@sha256:97b019aa0596a30858d2f114a75e4f688723cd1e63b38c2874f687ae329a408a],SizeBytes:721341182,},ContainerImage{Names:[tomcat@sha256:acbf4ace21d5a9bfca00865e615b3061c262bb216d4a44a46990af9b73a73496],SizeBytes:679943312,},ContainerImage{Names:[&lt;none&gt;@&lt;none&gt; &lt;none&gt;:&lt;none&gt;],SizeBytes:679872057,},ContainerImage{Names:[harbor.moresec.cn/ksp/ksp_init@sha256:f7d3859270f43b9d9346a387957118b97fb45e6af379359a17ab676aa566b834 harbor.moresec.cn/ksp/ksp_init:2.2.0],SizeBytes:628801675,},ContainerImage{Names:[harbor.moresec.cn/ksp/ksp_init@sha256:2ddb6771ce701f73bb447c4bacc40f22a96460c029b95ef92363d701247762d4],SizeBytes:628801606,},ContainerImage{Names:[harbor.moresec.cn/ksp/kafka@sha256:29aef30ec0742e05c84b92e35fe81bc2a933d92aa3aec2325f3947c9cbb07e2d harbor.moresec.cn/ksp/kafka:2.8.0-debian-10-r43],SizeBytes:584339677,},ContainerImage{Names:[kennethreitz/httpbin@sha256:599fe5e5073102dbb0ee3dbb65f049dab44fa9fc251f6835c9990f8fb196a72b kennethreitz/httpbin:latest],SizeBytes:533651313,},ContainerImage{Names:[harbor.moresec.cn/ksp/ksp_agent@sha256:f96a653e88fcf5b71a82e603da3ace5e774c9dd4e37dcdfc7a1db3ce87267245 harbor.moresec.cn/ksp/ksp_agent:latest],SizeBytes:495969065,},ContainerImage{Names:[harbor.moresec.cn/ksp/ksp_agent@sha256:62d75a6961ee50b7bbea1eeb9a835b8809fbf868cda8ea7e30c57a871fe36ae4],SizeBytes:495943489,},ContainerImage{Names:[harbor.moresec.cn/ksp/ksp_agent@sha256:a405dae161a236cc6b51c59e3496a423f4153fc2817c26b99bf0fca613bce6af],SizeBytes:495925185,},ContainerImage{Names:[tomcat@sha256:9edc5c51c2dec7794769eede1e88a60e77abe355b73a77e231c464a8384d3697 tomcat:latest],SizeBytes:482487907,},ContainerImage{Names:[tomcat@sha256:8ece5eebda93ab45acf77b237f5564b3c558d0ce782c2f4302796043a621662f],SizeBytes:480307454,},ContainerImage{Names:[192.168.132.114/iast/iast@sha256:36f1db7e28c0b7a6d30ee9059c98d1067ec1f6eaf3ca2d5a3145a8e734dcc853],SizeBytes:479554906,},ContainerImage{Names:[192.168.132.114/iast/iast@sha256:d8e36d06161eec5a685f3cbe45cd43fb652a94b96387d4899951ae5cf1604cae],SizeBytes:479554903,},ContainerImage{Names:[192.168.132.114/iast/iast@sha256:5f2b9418c9d15338a3d2b984d78fab1f83d9b9e08354e2a0d307eab5b7824f75 192.168.132.114/iast/iast:latest],SizeBytes:479554902,},ContainerImage{Names:[docker-dev.moresec.cn:10443/ksp/influxdb@sha256:6277fd14835bf09c33cd13dd3a92393540745949f83e1e426092a7fe9ec2d6d5 harbor.moresec.cn/ksp/influxdb@sha256:4d688fb9837fcfb84ac4cdd65215e06c2c98cac743ffbbddde8a735d4ef1f707 docker-dev.moresec.cn:10443/ksp/influxdb:2.0.9-debian-10-r5 harbor.moresec.cn/ksp/influxdb:2.0.9-debian-10-r5],SizeBytes:468207544,},ContainerImage{Names:[docker-dev.moresec.cn:10443/ksp/zookeeper@sha256:3f077ee4e6b2ff601c2344b1bd007e752ad3ca66550eaf41604e290a02bb92c7 harbor.moresec.cn/ksp/zookeeper@sha256:3f077ee4e6b2ff601c2344b1bd007e752ad3ca66550eaf41604e290a02bb92c7 harbor.moresec.cn/ksp_1.3.0/zookeeper@sha256:3f077ee4e6b2ff601c2344b1bd007e752ad3ca66550eaf41604e290a02bb92c7 docker-dev.moresec.cn:10443/ksp/zookeeper:3.7.0-debian-10-r68 harbor.moresec.cn/ksp/zookeeper:3.7.0-debian-10-r68],SizeBytes:468025553,},ContainerImage{Names:[mysql@sha256:afc453de0d675083ac00d0538521f8a9a67d1cce180d70fab9925ebcc87a0eba mysql:5.7],SizeBytes:448217556,},ContainerImage{Names:[harbor.moresec.cn/ksp/sav_service@sha256:1cded1904d167b240f4821e7bc63745478991000e7715d5c4eecc134c25bb8ad harbor.moresec.cn/ksp/sav_service:2.2.0],SizeBytes:434790033,},ContainerImage{Names:[harbor.moresec.cn/ksp/ksp_agent@sha256:0fa5495795843bd5d69156d87b2d1c8ba34758af85fcd472ec6ad0daba56fe26],SizeBytes:433527765,},ContainerImage{Names:[harbor.moresec.cn/ksp/ksp_agent@sha256:7fc828e5732309187da20a9a025a142f8229f04087601a9fad119c3724ab6e92 harbor.moresec.cn/ksp/ksp_agent:2.2.0],SizeBytes:433527765,},ContainerImage{Names:[harbor.moresec.cn/ksp/ksp_agent@sha256:b6455a0f39f08b39b5ee701bbcfb11edb8484478bfe44f30a3a48f041ea504b1],SizeBytes:433527765,},ContainerImage{Names:[harbor.moresec.cn/ksp/ksp_agent:laishang],SizeBytes:433318869,},ContainerImage{Names:[k8s.gcr.io/e2e-test-images/volume/iscsi:2.2],SizeBytes:414158129,},ContainerImage{Names:[netdata/netdata@sha256:42ba5e0b0f0efaf39f3dda3f511690d7e0a6f0fef2ccfc6d629e01aa911349cc netdata/netdata:latest],SizeBytes:392760854,},ContainerImage{Names:[k8s.gcr.io/sig-storage/nfs-provisioner:v2.2.2],SizeBytes:391702539,},ContainerImage{Names:[k8s.gcr.io/e2e-test-images/glusterdynamic-provisioner:v1.0],SizeBytes:373269502,},ContainerImage{Names:[k8s.gcr.io/e2e-test-images/volume/gluster:1.2],SizeBytes:340272046,},ContainerImage{Names:[sonobuoy/systemd-logs@sha256:0b8b2b7b43b03f7db26e7e4b99be402495b77b496f5a5b0425b3c226bc1e9cbd sonobuoy/systemd-logs:v0.4],SizeBytes:314068873,},ContainerImage{Names:[harbor.moresec.cn/ksp/mysql@sha256:1a52fad24c8d9c47d9563773bf2fd6618cab64a2e7054a32c62d7ff83047d432 harbor.moresec.cn/ksp/mysql:5.7.34],SizeBytes:296256317,},ContainerImage{Names:[192.168.132.114/revshell/revshell@sha256:9b67dba407ee84b9c44b25000faab4b15234d348853ce5e51a7eb7dcefedcc26],SizeBytes:271797518,},ContainerImage{Names:[192.168.132.114/revshell/revshell@sha256:6d8b31f77b52acd39735757cc52d138f343fc49ea76772d4fac615d6064b5978 192.168.132.114/revshell/revshell:latest],SizeBytes:271797514,},ContainerImage{Names:[192.168.132.114/revshell/revshell@sha256:de8b9f596c76971d97ae900223fa5bf95ec51e80c75e40b0e16fcc76e73390d0],SizeBytes:271797416,},ContainerImage{Names:[192.168.132.114/revshell/revshell@sha256:3bbeef8c9f89b542784e94159ddc8e0365418886b5ef37f72d0b911396cdede0],SizeBytes:271797410,},ContainerImage{Names:[192.168.132.114/revshell/listen@sha256:e51b45cdcf6314fabe93ef6b0dda4062713628b951f948aac56154c2e092bd18 192.168.132.114/revshell/listen:latest],SizeBytes:271796301,},ContainerImage{Names:[192.168.132.114/revshell/listen@sha256:4aaf5ed8166fef1252bfa2784b85a691b438f0a1bfc286c1099a42e215971f3f],SizeBytes:271796199,},ContainerImage{Names:[harbor.moresec.cn/ksp/ksp_web@sha256:e0e443f252e6bd8f090341a555d8ae5846815293106341c78f6d00249babfa4a],SizeBytes:265801442,},ContainerImage{Names:[harbor.moresec.cn/ksp/ksp_web@sha256:c3f7ad61abe56853241fb79c1c05c6b8c86b190960b1f5f97140d891515304c9],SizeBytes:264539293,},ContainerImage{Names:[harbor.moresec.cn/ksp/ksp_web@sha256:b3fdc81d10a75ebe03bd5faef73e9edf161cd7940b9b374db637c12a0cd2cfc9],SizeBytes:264539173,},ContainerImage{Names:[harbor.moresec.cn/ksp/ksp_web@sha256:7b345a16af36b51412b69aca73a67848ce3ceb81f0045b4752df355d7ca6fc6c harbor.moresec.cn/ksp/ksp_web:2.2.0],SizeBytes:264538875,},ContainerImage{Names:[harbor.moresec.cn/ksp/ksp_web@sha256:0e4b5eff8946bf4d728d8931093c90949b4bff855edb420166406da7f57a8ece harbor.moresec.cn/ksp/ksp_web:latest],SizeBytes:264537370,},ContainerImage{Names:[harbor.moresec.cn/ksp/ksp_web@sha256:5453d21ff28597046c6848026d771fb09508a63ce6ad0abd7c82d5854002bdeb],SizeBytes:264507115,},ContainerImage{Names:[k8s.gcr.io/e2e-test-images/volume/nfs:1.2],SizeBytes:263870626,},},VolumesInUse:[],VolumesAttached:[]AttachedVolume{},Config:nil,},}&#xA;Jul 24 13:11:20.435: INFO: &#xA;Logging kubelet events for node kubernetes-node-02&#xA;Jul 24 13:11:20.436: INFO: &#xA;Logging pods the kubelet thinks is on node kubernetes-node-02&#xA;Jul 24 13:11:20.445: INFO: ksp-influxdb-6c4b765b68-mhtng started at 2022-07-24 12:39:13 +0000 UTC (0+1 container statuses recorded)&#xA;Jul 24 13:11:20.445: INFO: &#x9;Container influxdb ready: true, restart count 0&#xA;Jul 24 13:11:20.445: INFO: kube-proxy-pshqk started at 2022-07-05 02:22:26 +0000 UTC (0+1 container statuses recorded)&#xA;Jul 24 13:11:20.445: INFO: &#x9;Container kube-proxy ready: true, restart count 1&#xA;Jul 24 13:11:20.445: INFO: ksp-zookeeper-0 started at 2022-07-24 12:39:13 +0000 UTC (0+1 container statuses recorded)&#xA;Jul 24 13:11:20.445: INFO: &#x9;Container zookeeper ready: true, restart count 0&#xA;Jul 24 13:11:20.445: INFO: prometheus-k8s-1 started at 2022-07-24 12:39:13 +0000 UTC (1+2 container statuses recorded)&#xA;Jul 24 13:11:20.445: INFO: &#x9;Init container init-config-reloader ready: true, restart count 0&#xA;Jul 24 13:11:20.445: INFO: &#x9;Container config-reloader ready: true, restart count 0&#xA;Jul 24 13:11:20.445: INFO: &#x9;Container prometheus ready: true, restart count 0&#xA;Jul 24 13:11:20.445: INFO: node-exporter-mg4n8 started at 2022-07-08 03:28:05 +0000 UTC (0+2 container statuses recorded)&#xA;Jul 24 13:11:20.445: INFO: &#x9;Container kube-rbac-proxy ready: true, restart count 1&#xA;Jul 24 13:11:20.445: INFO: &#x9;Container node-exporter ready: true, restart count 2&#xA;Jul 24 13:11:20.445: INFO: alertmanager-main-2 started at 2022-07-24 12:39:35 +0000 UTC (0+2 container statuses recorded)&#xA;Jul 24 13:11:20.445: INFO: &#x9;Container alertmanager ready: true, restart count 0&#xA;Jul 24 13:11:20.445: INFO: &#x9;Container config-reloader ready: true, restart count 0&#xA;Jul 24 13:11:20.445: INFO: ksp-minio-6c4647754d-x4fzq started at 2022-07-24 12:39:13 +0000 UTC (0+1 container statuses recorded)&#xA;Jul 24 13:11:20.445: INFO: &#x9;Container minio ready: true, restart count 0&#xA;Jul 24 13:11:20.445: INFO: sonobuoy-systemd-logs-daemon-set-bb55de94825d4876-7s4cf started at 2022-07-24 11:15:36 +0000 UTC (0+2 container statuses recorded)&#xA;Jul 24 13:11:20.445: INFO: &#x9;Container sonobuoy-worker ready: true, restart count 0&#xA;Jul 24 13:11:20.445: INFO: &#x9;Container systemd-logs ready: true, restart count 0&#xA;Jul 24 13:11:20.445: INFO: ss2-2 started at 2022-07-24 12:40:05 +0000 UTC (0+1 container statuses recorded)&#xA;Jul 24 13:11:20.445: INFO: &#x9;Container webserver ready: true, restart count 0&#xA;Jul 24 13:11:20.445: INFO: kube-flannel-ds-g6brd started at 2022-07-24 12:39:23 +0000 UTC (2+1 container statuses recorded)&#xA;Jul 24 13:11:20.445: INFO: &#x9;Init container install-cni-plugin ready: true, restart count 0&#xA;Jul 24 13:11:20.445: INFO: &#x9;Init container install-cni ready: true, restart count 0&#xA;Jul 24 13:11:20.445: INFO: &#x9;Container kube-flannel ready: true, restart count 0&#xA;Jul 24 13:11:20.508: INFO: &#xA;Latency metrics for node kubernetes-node-02&#xA;Jul 24 13:11:20.508: INFO: Waiting up to 3m0s for all (but 0) nodes to be ready&#xA;STEP: Destroying namespace &#34;services-9748&#34; for this suite.&#xA;[AfterEach] [sig-network] Services&#xA;  /workspace/src/k8s.io/kubernetes/_output/dockerized/go/src/k8s.io/kubernetes/test/e2e/network/service.go:753&#xA;</system-out>
      </testcase>
      <testcase name="[sig-storage] In-tree Volumes [Driver: rbd][Feature:Volumes][Serial] [Testpattern: Pre-provisioned PV (xfs)][Slow] volumes should allow exec of files on the volume" classname="Kubernetes e2e suite" time="0">
          <skipped></skipped>
      </testcase>
      <testcase name="[sig-storage] In-tree Volumes [Driver: rbd][Feature:Volumes][Serial] [Testpattern: Inline-volume (default fs)] subPath should unmount if pod is gracefully deleted while kubelet is down [Disruptive][Slow][LinuxOnly]" classname="Kubernetes e2e suite" time="0">
          <skipped></skipped>
      </testcase>
      <testcase name="[sig-node] Container Runtime blackbox test when running a container with a new image should be able to pull image [NodeConformance]" classname="Kubernetes e2e suite" time="0">
          <skipped></skipped>
      </testcase>
      <testcase name="[sig-storage] In-tree Volumes [Driver: local][LocalVolumeType: gce-localssd-scsi-fs] [Serial] [Testpattern: Dynamic PV (default fs)] subPath should support non-existent path" classname="Kubernetes e2e suite" time="0">
          <skipped></skipped>
      </testcase>
      <testcase name="[sig-storage] In-tree Volumes [Driver: local][LocalVolumeType: tmpfs] [Testpattern: Dynamic PV (default fs)] subPath should fail if subpath directory is outside the volume [Slow][LinuxOnly]" classname="Kubernetes e2e suite" time="0">
          <skipped></skipped>
      </testcase>
      <testcase name="[sig-storage] In-tree Volumes [Driver: iscsi][Feature:Volumes] [Testpattern: Dynamic PV (ntfs)][Feature:Windows] subPath should fail if subpath with backstepping is outside the volume [Slow][LinuxOnly]" classname="Kubernetes e2e suite" time="0">
          <skipped></skipped>
      </testcase>
      <testcase name="[sig-storage] In-tree Volumes [Driver: local][LocalVolumeType: dir-bindmounted] [Testpattern: Pre-provisioned PV (default fs)] subPath should support creating multiple subpath from same volumes [Slow]" classname="Kubernetes e2e suite" time="0">
          <skipped></skipped>
      </testcase>
      <testcase name="[sig-storage] In-tree Volumes [Driver: gcepd] [Testpattern: Dynamic PV (default fs)] subPath should unmount if pod is force deleted while kubelet is down [Disruptive][Slow][LinuxOnly]" classname="Kubernetes e2e suite" time="0">
          <skipped></skipped>
      </testcase>
      <testcase name="[sig-storage] In-tree Volumes [Driver: windows-gcepd] [Testpattern: Dynamic PV (ext4)] volumes should allow exec of files on the volume" classname="Kubernetes e2e suite" time="0">
          <skipped></skipped>
      </testcase>
      <testcase name="[sig-storage] In-tree Volumes [Driver: local][LocalVolumeType: block] [Testpattern: Pre-provisioned PV (filesystem volmode)] multiVolume [Slow] should concurrently access the volume and its clone from pods on the same node [LinuxOnly][Feature:VolumeSnapshotDataSource][Feature:VolumeSourceXFS]" classname="Kubernetes e2e suite" time="0">
          <skipped></skipped>
      </testcase>
      <testcase name="[sig-storage] In-tree Volumes [Driver: local][LocalVolumeType: dir] [Testpattern: Dynamic PV (default fs)] subPath should support existing directory" classname="Kubernetes e2e suite" time="0">
          <skipped></skipped>
      </testcase>
      <testcase name="[sig-storage] CSI Volumes [Driver: pd.csi.storage.gke.io][Serial] [Testpattern: Pre-provisioned PV (ext4)] volumes should store data" classname="Kubernetes e2e suite" time="0">
          <skipped></skipped>
      </testcase>
      <testcase name="[sig-storage] In-tree Volumes [Driver: iscsi][Feature:Volumes] [Testpattern: Pre-provisioned PV (filesystem volmode)] multiVolume [Slow] should concurrently access the volume and its clone from pods on the same node [LinuxOnly][Feature:VolumeSnapshotDataSource][Feature:VolumeSourceXFS]" classname="Kubernetes e2e suite" time="0">
          <skipped></skipped>
      </testcase>
      <testcase name="[sig-network] Networking Granular Checks: Pods should function for node-pod communication: sctp [LinuxOnly][Feature:SCTPConnectivity][Disruptive]" classname="Kubernetes e2e suite" time="0">
          <skipped></skipped>
      </testcase>
      <testcase name="[sig-storage] In-tree Volumes [Driver: local][LocalVolumeType: dir-bindmounted] [Testpattern: Dynamic PV (filesystem volmode)] volumeMode should not mount / map unused volumes in a pod [LinuxOnly]" classname="Kubernetes e2e suite" time="0">
          <skipped></skipped>
      </testcase>
      <testcase name="[sig-storage] In-tree Volumes [Driver: local][LocalVolumeType: tmpfs] [Testpattern: Dynamic PV (ext4)] multiVolume [Slow] should access to two volumes with the same volume mode and retain data across pod recreation on different node" classname="Kubernetes e2e suite" time="0">
          <skipped></skipped>
      </testcase>
      <testcase name="[sig-network] Services should respect internalTrafficPolicy=Local Pod (hostNetwork: true) to Pod (hostNetwork: true) [Feature:ServiceInternalTrafficPolicy]" classname="Kubernetes e2e suite" time="0">
          <skipped></skipped>
      </testcase>
      <testcase name="[sig-storage] In-tree Volumes [Driver: iscsi][Feature:Volumes] [Testpattern: Dynamic PV (default fs)] subPath should support non-existent path" classname="Kubernetes e2e suite" time="0">
          <skipped></skipped>
      </testcase>
      <testcase name="[sig-storage] In-tree Volumes [Driver: local][LocalVolumeType: dir] [Testpattern: Inline-volume (ext3)] volumes should store data" classname="Kubernetes e2e suite" time="0">
          <skipped></skipped>
      </testcase>
      <testcase name="[sig-storage] CSI Volumes [Driver: csi-hostpath] [Testpattern: Pre-provisioned PV (default fs)] subPath should fail if subpath with backstepping is outside the volume [Slow][LinuxOnly]" classname="Kubernetes e2e suite" time="0">
          <skipped></skipped>
      </testcase>
      <testcase name="[sig-apps] Deployment deployment should delete old replica sets [Conformance]" classname="Kubernetes e2e suite" time="7.230491631"></testcase>
      <testcase name="[sig-storage] In-tree Volumes [Driver: aws] [Testpattern: Dynamic PV (ntfs)][Feature:Windows] subPath should support existing single file [LinuxOnly]" classname="Kubernetes e2e suite" time="0">
          <skipped></skipped>
      </testcase>
      <testcase name="[sig-storage] In-tree Volumes [Driver: local][LocalVolumeType: dir-bindmounted] [Testpattern: Dynamic PV (filesystem volmode)] multiVolume [Slow] should concurrently access the single volume from pods on different node" classname="Kubernetes e2e suite" time="0">
          <skipped></skipped>
      </testcase>
      <testcase name="[sig-storage] In-tree Volumes [Driver: emptydir] [Testpattern: Dynamic PV (xfs)][Slow] multiVolume [Slow] should concurrently access the single volume from pods on different node" classname="Kubernetes e2e suite" time="0">
          <skipped></skipped>
      </testcase>
      <testcase name="[sig-storage] In-tree Volumes [Driver: local][LocalVolumeType: dir-link] [Testpattern: Dynamic PV (default fs)(allowExpansion)] volume-expand Verify if offline PVC expansion works" classname="Kubernetes e2e suite" time="0">
          <skipped></skipped>
      </testcase>
      <testcase name="[sig-storage] In-tree Volumes [Driver: hostPathSymlink] [Testpattern: Pre-provisioned PV (default fs)] subPath should support readOnly directory specified in the volumeMount" classname="Kubernetes e2e suite" time="0">
          <skipped></skipped>
      </testcase>
      <testcase name="[sig-storage] In-tree Volumes [Driver: windows-gcepd] [Testpattern: Pre-provisioned PV (filesystem volmode)] multiVolume [Slow] should concurrently access the volume and restored snapshot from pods on the same node [LinuxOnly][Feature:VolumeSnapshotDataSource][Feature:VolumeSourceXFS]" classname="Kubernetes e2e suite" time="0">
          <skipped></skipped>
      </testcase>
      <testcase name="[sig-storage] In-tree Volumes [Driver: local][LocalVolumeType: blockfs] [Testpattern: Dynamic PV (block volmode)] provisioning should provision storage with pvc data source" classname="Kubernetes e2e suite" time="0">
          <skipped></skipped>
      </testcase>
      <testcase name="[sig-storage] In-tree Volumes [Driver: cinder] [Testpattern: Pre-provisioned PV (ext3)] volumes should store data" classname="Kubernetes e2e suite" time="0">
          <skipped></skipped>
      </testcase>
      <testcase name="[sig-storage] In-tree Volumes [Driver: local][LocalVolumeType: dir-link] [Testpattern: Dynamic PV (default fs)] subPath should support readOnly file specified in the volumeMount [LinuxOnly]" classname="Kubernetes e2e suite" time="0">
          <skipped></skipped>
      </testcase>
      <testcase name="[sig-storage] In-tree Volumes [Driver: local][LocalVolumeType: blockfs] [Testpattern: Dynamic PV (ext4)] multiVolume [Slow] should concurrently access the single volume from pods on the same node" classname="Kubernetes e2e suite" time="0">
          <skipped></skipped>
      </testcase>
      <testcase name="[sig-storage] In-tree Volumes [Driver: local][LocalVolumeType: dir-link-bindmounted] [Testpattern: Pre-provisioned PV (filesystem volmode)] multiVolume [Slow] should concurrently access the single volume from pods on the same node" classname="Kubernetes e2e suite" time="0">
          <skipped></skipped>
      </testcase>
      <testcase name="[sig-storage] In-tree Volumes [Driver: iscsi][Feature:Volumes] [Testpattern: Dynamic PV (default fs)] subPath should support restarting containers using file as subpath [Slow][LinuxOnly]" classname="Kubernetes e2e suite" time="0">
          <skipped></skipped>
      </testcase>
      <testcase name="[sig-storage] PersistentVolumes-local  Stress with local volumes [Serial] should be able to process many pods and reuse local volumes" classname="Kubernetes e2e suite" time="0">
          <skipped></skipped>
      </testcase>
      <testcase name="[sig-storage] In-tree Volumes [Driver: local][LocalVolumeType: dir-bindmounted] [Testpattern: Dynamic PV (default fs)(allowExpansion)] volume-expand should resize volume when PVC is edited while pod is using it" classname="Kubernetes e2e suite" time="0">
          <skipped></skipped>
      </testcase>
      <testcase name="[sig-storage] In-tree Volumes [Driver: hostPath] [Testpattern: Inline-volume (ext4)] volumes should store data" classname="Kubernetes e2e suite" time="0">
          <skipped></skipped>
      </testcase>
      <testcase name="[sig-storage] In-tree Volumes [Driver: local][LocalVolumeType: dir] [Testpattern: Inline-volume (default fs)] subPath should support readOnly file specified in the volumeMount [LinuxOnly]" classname="Kubernetes e2e suite" time="0">
          <skipped></skipped>
      </testcase>
      <testcase name="[sig-storage] In-tree Volumes [Driver: rbd][Feature:Volumes][Serial] [Testpattern: Inline-volume (ntfs)][Feature:Windows] volumes should store data" classname="Kubernetes e2e suite" time="0">
          <skipped></skipped>
      </testcase>
      <testcase name="[sig-apps] DaemonRestart [Disruptive] Scheduler should continue assigning pods to nodes across restart" classname="Kubernetes e2e suite" time="0">
          <skipped></skipped>
      </testcase>
      <testcase name="[sig-storage] In-tree Volumes [Driver: local][LocalVolumeType: dir] [Testpattern: Inline-volume (ext4)] volumes should allow exec of files on the volume" classname="Kubernetes e2e suite" time="0">
          <skipped></skipped>
      </testcase>
      <testcase name="[sig-storage] In-tree Volumes [Driver: nfs] [Testpattern: Pre-provisioned PV (default fs)] subPath should fail if non-existent subpath is outside the volume [Slow][LinuxOnly]" classname="Kubernetes e2e suite" time="0">
          <skipped></skipped>
      </testcase>
      <testcase name="[sig-storage] In-tree Volumes [Driver: iscsi][Feature:Volumes] [Testpattern: Pre-provisioned PV (default fs)] volumes should store data" classname="Kubernetes e2e suite" time="0">
          <skipped></skipped>
      </testcase>
      <testcase name="[sig-storage] In-tree Volumes [Driver: local][LocalVolumeType: dir-link-bindmounted] [Testpattern: Pre-provisioned PV (default fs)] subPath should fail if non-existent subpath is outside the volume [Slow][LinuxOnly]" classname="Kubernetes e2e suite" time="0">
          <skipped></skipped>
      </testcase>
      <testcase name="[sig-storage] In-tree Volumes [Driver: local][LocalVolumeType: dir] [Testpattern: Dynamic PV (ext4)] multiVolume [Slow] should access to two volumes with the same volume mode and retain data across pod recreation on the same node" classname="Kubernetes e2e suite" time="0">
          <skipped></skipped>
      </testcase>
      <testcase name="[sig-storage] In-tree Volumes [Driver: rbd][Feature:Volumes][Serial] [Testpattern: Dynamic PV (default fs)] subPath should support restarting containers using file as subpath [Slow][LinuxOnly]" classname="Kubernetes e2e suite" time="0">
          <skipped></skipped>
      </testcase>
      <testcase name="[sig-storage] In-tree Volumes [Driver: nfs] [Testpattern: Pre-provisioned PV (block volmode)] volumeMode should fail to create pod by failing to mount volume [Slow]" classname="Kubernetes e2e suite" time="0">
          <skipped></skipped>
      </testcase>
      <testcase name="[sig-storage] In-tree Volumes [Driver: hostPath] [Testpattern: Pre-provisioned PV (default fs)] subPath should unmount if pod is force deleted while kubelet is down [Disruptive][Slow][LinuxOnly]" classname="Kubernetes e2e suite" time="0">
          <skipped></skipped>
      </testcase>
      <testcase name="[sig-storage] CSI Volumes [Driver: pd.csi.storage.gke.io][Serial] [Testpattern: Dynamic PV (block volmode)] multiVolume [Slow] should concurrently access the volume and restored snapshot from pods on the same node [LinuxOnly][Feature:VolumeSnapshotDataSource][Feature:VolumeSourceXFS]" classname="Kubernetes e2e suite" time="0">
          <skipped></skipped>
      </testcase>
      <testcase name="[sig-storage] In-tree Volumes [Driver: ceph][Feature:Volumes][Serial] [Testpattern: Pre-provisioned PV (block volmode)] volumeMode should fail to use a volume in a pod with mismatched mode [Slow]" classname="Kubernetes e2e suite" time="0">
          <skipped></skipped>
      </testcase>
      <testcase name="[sig-storage] In-tree Volumes [Driver: local][LocalVolumeType: block] [Testpattern: Pre-provisioned PV (default fs)] subPath should support existing single file [LinuxOnly]" classname="Kubernetes e2e suite" time="0">
          <skipped></skipped>
      </testcase>
      <testcase name="[sig-network] Services should be able to update service type to NodePort listening on same port number but different protocols" classname="Kubernetes e2e suite" time="0">
          <skipped></skipped>
      </testcase>
      <testcase name="[sig-storage] CSI Volumes [Driver: pd.csi.storage.gke.io][Serial] [Testpattern: Dynamic PV (filesystem volmode)] volume-lifecycle-performance should provision volumes at scale within performance constraints [Slow] [Serial]" classname="Kubernetes e2e suite" time="0">
          <skipped></skipped>
      </testcase>
      <testcase name="[sig-storage] In-tree Volumes [Driver: local][LocalVolumeType: dir-link] [Testpattern: Inline-volume (default fs)] subPath should unmount if pod is force deleted while kubelet is down [Disruptive][Slow][LinuxOnly]" classname="Kubernetes e2e suite" time="0">
          <skipped></skipped>
      </testcase>
      <testcase name="[sig-storage] In-tree Volumes [Driver: aws] [Testpattern: Dynamic PV (xfs)][Slow] multiVolume [Slow] should concurrently access the single volume from pods on different node" classname="Kubernetes e2e suite" time="0">
          <skipped></skipped>
      </testcase>
      <testcase name="[sig-storage] In-tree Volumes [Driver: local][LocalVolumeType: dir-bindmounted] [Testpattern: Dynamic PV (default fs)] provisioning should provision storage with mount options" classname="Kubernetes e2e suite" time="0">
          <skipped></skipped>
      </testcase>
      <testcase name="[sig-storage] In-tree Volumes [Driver: local][LocalVolumeType: block] [Testpattern: Dynamic PV (ntfs)][Feature:Windows] volumes should allow exec of files on the volume" classname="Kubernetes e2e suite" time="0">
          <skipped></skipped>
      </testcase>
      <testcase name="[sig-storage] In-tree Volumes [Driver: local][LocalVolumeType: dir-bindmounted] [Testpattern: Dynamic PV (ntfs)][Feature:Windows] subPath should verify container cannot write to subpath readonly volumes [Slow]" classname="Kubernetes e2e suite" time="0">
          <skipped></skipped>
      </testcase>
      <testcase name="[sig-storage] CSI Volumes [Driver: csi-hostpath] [Testpattern: Inline-volume (default fs)] subPath should support existing directories when readOnly specified in the volumeSource" classname="Kubernetes e2e suite" time="0">
          <skipped></skipped>
      </testcase>
      <testcase name="[sig-storage] CSI Volumes [Driver: csi-hostpath] [Testpattern: Dynamic PV (filesystem volmode)] multiVolume [Slow] should concurrently access the volume and its clone from pods on the same node [LinuxOnly][Feature:VolumeSnapshotDataSource][Feature:VolumeSourceXFS]" classname="Kubernetes e2e suite" time="0">
          <skipped></skipped>
      </testcase>
      <testcase name="[sig-cli] Kubectl client Kubectl apply should apply a new configuration to an existing RC" classname="Kubernetes e2e suite" time="0">
          <skipped></skipped>
      </testcase>
      <testcase name="[sig-storage] In-tree Volumes [Driver: azure-disk] [Testpattern: Dynamic PV (filesystem volmode)] multiVolume [Slow] should concurrently access the single volume from pods on different node" classname="Kubernetes e2e suite" time="0">
          <skipped></skipped>
      </testcase>
      <testcase name="[sig-storage] CSI Volumes [Driver: pd.csi.storage.gke.io][Serial] [Testpattern: Dynamic PV (ntfs)][Feature:Windows] subPath should unmount if pod is gracefully deleted while kubelet is down [Disruptive][Slow][LinuxOnly]" classname="Kubernetes e2e suite" time="0">
          <skipped></skipped>
      </testcase>
      <testcase name="[sig-storage] In-tree Volumes [Driver: local][LocalVolumeType: gce-localssd-scsi-fs] [Serial] [Testpattern: Pre-provisioned PV (default fs)] volumes should allow exec of files on the volume" classname="Kubernetes e2e suite" time="0">
          <skipped></skipped>
      </testcase>
      <testcase name="[sig-storage] In-tree Volumes [Driver: gluster] [Testpattern: Dynamic PV (default fs)] fsgroupchangepolicy (Always)[LinuxOnly], pod created with an initial fsgroup, volume contents ownership changed in first pod, new pod with different fsgroup applied to the volume contents" classname="Kubernetes e2e suite" time="0">
          <skipped></skipped>
      </testcase>
      <testcase name="[sig-storage] In-tree Volumes [Driver: local][LocalVolumeType: dir] [Testpattern: Pre-provisioned PV (block volmode)] disruptive[Disruptive][LinuxOnly] Should test that pv used in a pod that is force deleted while the kubelet is down cleans up when the kubelet returns." classname="Kubernetes e2e suite" time="0">
          <skipped></skipped>
      </testcase>
      <testcase name="[sig-storage] In-tree Volumes [Driver: local][LocalVolumeType: dir-bindmounted] [Testpattern: Dynamic PV (default fs)] subPath should support file as subpath [LinuxOnly]" classname="Kubernetes e2e suite" time="0">
          <skipped></skipped>
      </testcase>
      <testcase name="[sig-cluster-lifecycle] [Feature:BootstrapTokens] should not delete the token secret when the secret is not expired" classname="Kubernetes e2e suite" time="0">
          <skipped></skipped>
      </testcase>
      <testcase name="[sig-storage] In-tree Volumes [Driver: gcepd] [Testpattern: Dynamic PV (ntfs)][Feature:Windows] subPath should unmount if pod is gracefully deleted while kubelet is down [Disruptive][Slow][LinuxOnly]" classname="Kubernetes e2e suite" time="0">
          <skipped></skipped>
      </testcase>
      <testcase name="[sig-storage] In-tree Volumes [Driver: local][LocalVolumeType: gce-localssd-scsi-fs] [Serial] [Testpattern: Pre-provisioned PV (block volmode)] multiVolume [Slow] should access to two volumes with different volume mode and retain data across pod recreation on different node" classname="Kubernetes e2e suite" time="0">
          <skipped></skipped>
      </testcase>
      <testcase name="[sig-storage] In-tree Volumes [Driver: local][LocalVolumeType: dir-bindmounted] [Testpattern: Pre-provisioned PV (filesystem volmode)] volumeMode should not mount / map unused volumes in a pod [LinuxOnly]" classname="Kubernetes e2e suite" time="0">
          <skipped></skipped>
      </testcase>
      <testcase name="[sig-storage] In-tree Volumes [Driver: vsphere] [Testpattern: Dynamic PV (ntfs)][Feature:Windows] subPath should fail if subpath file is outside the volume [Slow][LinuxOnly]" classname="Kubernetes e2e suite" time="0">
          <skipped></skipped>
      </testcase>
      <testcase name="[sig-storage] In-tree Volumes [Driver: hostPath] [Testpattern: Dynamic PV (block volmode)] multiVolume [Slow] should concurrently access the volume and restored snapshot from pods on the same node [LinuxOnly][Feature:VolumeSnapshotDataSource][Feature:VolumeSourceXFS]" classname="Kubernetes e2e suite" time="0">
          <skipped></skipped>
      </testcase>
      <testcase name="[sig-storage] In-tree Volumes [Driver: nfs] [Testpattern: Dynamic PV (ntfs)][Feature:Windows] subPath should be able to unmount after the subpath directory is deleted [LinuxOnly]" classname="Kubernetes e2e suite" time="0">
          <skipped></skipped>
      </testcase>
      <testcase name="[sig-storage] In-tree Volumes [Driver: local][LocalVolumeType: dir] [Testpattern: Pre-provisioned PV (ext3)] volumes should allow exec of files on the volume" classname="Kubernetes e2e suite" time="0">
          <skipped></skipped>
      </testcase>
      <testcase name="[sig-storage] In-tree Volumes [Driver: windows-gcepd] [Testpattern: Pre-provisioned PV (filesystem volmode)] multiVolume [Slow] should concurrently access the single volume from pods on the same node" classname="Kubernetes e2e suite" time="0">
          <skipped></skipped>
      </testcase>
      <testcase name="[sig-storage] In-tree Volumes [Driver: emptydir] [Testpattern: Dynamic PV (default fs)] subPath should support existing directories when readOnly specified in the volumeSource" classname="Kubernetes e2e suite" time="0">
          <skipped></skipped>
      </testcase>
      <testcase name="[sig-storage] In-tree Volumes [Driver: gluster] [Testpattern: Inline-volume (ntfs)][Feature:Windows] volumes should store data" classname="Kubernetes e2e suite" time="0">
          <skipped></skipped>
      </testcase>
      <testcase name="[sig-api-machinery] Watchers should observe add, update, and delete watch notifications on configmaps [Conformance]" classname="Kubernetes e2e suite" time="64.244738937"></testcase>
      <testcase name="[sig-storage] In-tree Volumes [Driver: hostPath] [Testpattern: Pre-provisioned PV (default fs)] subPath should fail if subpath with backstepping is outside the volume [Slow][LinuxOnly]" classname="Kubernetes e2e suite" time="0">
          <skipped></skipped>
      </testcase>
      <testcase name="[sig-storage] CSI Volumes [Driver: csi-hostpath] [Testpattern: Pre-provisioned PV (block volmode)] volumeMode should fail to use a volume in a pod with mismatched mode [Slow]" classname="Kubernetes e2e suite" time="0">
          <skipped></skipped>
      </testcase>
      <testcase name="[sig-storage] In-tree Volumes [Driver: local][LocalVolumeType: dir-link] [Testpattern: Dynamic PV (default fs)] fsgroupchangepolicy (Always)[LinuxOnly], pod created with an initial fsgroup, volume contents ownership changed in first pod, new pod with different fsgroup applied to the volume contents" classname="Kubernetes e2e suite" time="0">
          <skipped></skipped>
      </testcase>
      <testcase name="[sig-api-machinery] ResourceQuota [Feature:PodPriority] should verify ResourceQuota&#39;s priority class scope (quota set to pod count: 1) against a pod with different priority class (ScopeSelectorOpNotIn)." classname="Kubernetes e2e suite" time="0">
          <skipped></skipped>
      </testcase>
      <testcase name="[sig-storage] In-tree Volumes [Driver: local][LocalVolumeType: blockfs] [Testpattern: Dynamic PV (default fs)] volume-expand should not allow expansion of pvcs without AllowVolumeExpansion property" classname="Kubernetes e2e suite" time="0">
          <skipped></skipped>
      </testcase>
      <testcase name="[sig-storage] In-tree Volumes [Driver: ceph][Feature:Volumes][Serial] [Testpattern: Dynamic PV (xfs)][Slow] multiVolume [Slow] should concurrently access the single read-only volume from pods on the same node" classname="Kubernetes e2e suite" time="0">
          <skipped></skipped>
      </testcase>
      <testcase name="[sig-storage] In-tree Volumes [Driver: ceph][Feature:Volumes][Serial] [Testpattern: Dynamic PV (block volmode)] volumeMode should fail to use a volume in a pod with mismatched mode [Slow]" classname="Kubernetes e2e suite" time="0">
          <skipped></skipped>
      </testcase>
      <testcase name="[sig-storage] In-tree Volumes [Driver: emptydir] [Testpattern: Pre-provisioned PV (default fs)] volumes should store data" classname="Kubernetes e2e suite" time="0">
          <skipped></skipped>
      </testcase>
      <testcase name="[sig-apps] StatefulSet Basic StatefulSet functionality [StatefulSetBasic] should have a working scale subresource [Conformance]" classname="Kubernetes e2e suite" time="31.165836734"></testcase>
      <testcase name="[sig-storage] In-tree Volumes [Driver: local][LocalVolumeType: blockfs] [Testpattern: Dynamic PV (default fs)] subPath should unmount if pod is gracefully deleted while kubelet is down [Disruptive][Slow][LinuxOnly]" classname="Kubernetes e2e suite" time="0">
          <skipped></skipped>
      </testcase>
      <testcase name="[sig-storage] In-tree Volumes [Driver: nfs] [Testpattern: Pre-provisioned PV (default fs)] subPath should support existing single file [LinuxOnly]" classname="Kubernetes e2e suite" time="0">
          <skipped></skipped>
      </testcase>
      <testcase name="[sig-storage] In-tree Volumes [Driver: rbd][Feature:Volumes][Serial] [Testpattern: Pre-provisioned PV (default fs)] subPath should fail if non-existent subpath is outside the volume [Slow][LinuxOnly]" classname="Kubernetes e2e suite" time="0">
          <skipped></skipped>
      </testcase>
      <testcase name="[sig-storage] CSI Volumes [Driver: pd.csi.storage.gke.io][Serial] [Testpattern: Dynamic PV (ntfs)(allowExpansion)][Feature:Windows] volume-expand should resize volume when PVC is edited while pod is using it" classname="Kubernetes e2e suite" time="0">
          <skipped></skipped>
      </testcase>
      <testcase name="[sig-storage] Pod Disks detach in a disrupted environment [Slow] [Disruptive] when node&#39;s API object is deleted" classname="Kubernetes e2e suite" time="0">
          <skipped></skipped>
      </testcase>
      <testcase name="[sig-storage] Storage Policy Based Volume Provisioning [Feature:vsphere] verify VSAN storage capability with valid hostFailuresToTolerate and cacheReservation values is honored for dynamically provisioned pvc using storageclass" classname="Kubernetes e2e suite" time="0">
          <skipped></skipped>
      </testcase>
      <testcase name="[sig-storage] In-tree Volumes [Driver: local][LocalVolumeType: dir-link] [Testpattern: Dynamic PV (ntfs)][Feature:Windows] subPath should fail if subpath directory is outside the volume [Slow][LinuxOnly]" classname="Kubernetes e2e suite" time="0">
          <skipped></skipped>
      </testcase>
      <testcase name="[sig-storage] In-tree Volumes [Driver: rbd][Feature:Volumes][Serial] [Testpattern: Dynamic PV (ext4)] multiVolume [Slow] should access to two volumes with different volume mode and retain data across pod recreation on different node" classname="Kubernetes e2e suite" time="0">
          <skipped></skipped>
      </testcase>
      <testcase name="[sig-storage] In-tree Volumes [Driver: rbd][Feature:Volumes][Serial] [Testpattern: Dynamic PV (delayed binding)] topology should provision a volume and schedule a pod with AllowedTopologies" classname="Kubernetes e2e suite" time="0">
          <skipped></skipped>
      </testcase>
      <testcase name="[sig-storage] In-tree Volumes [Driver: aws] [Testpattern: Dynamic PV (default fs)] fsgroupchangepolicy (Always)[LinuxOnly], pod created with an initial fsgroup, volume contents ownership changed in first pod, new pod with different fsgroup applied to the volume contents" classname="Kubernetes e2e suite" time="0">
          <skipped></skipped>
      </testcase>
      <testcase name="[sig-storage] In-tree Volumes [Driver: emptydir] [Testpattern: Dynamic PV (default fs)(allowExpansion)] volume-expand Verify if offline PVC expansion works" classname="Kubernetes e2e suite" time="0">
          <skipped></skipped>
      </testcase>
      <testcase name="[sig-storage] CSI Volumes [Driver: csi-hostpath] [Testpattern: Pre-provisioned PV (filesystem volmode)] multiVolume [Slow] should concurrently access the volume and restored snapshot from pods on the same node [LinuxOnly][Feature:VolumeSnapshotDataSource][Feature:VolumeSourceXFS]" classname="Kubernetes e2e suite" time="0">
          <skipped></skipped>
      </testcase>
      <testcase name="[sig-storage] PersistentVolumes NFS with Single PV - PVC pairs create a PV and a pre-bound PVC: test write access" classname="Kubernetes e2e suite" time="0">
          <skipped></skipped>
      </testcase>
      <testcase name="[sig-storage] In-tree Volumes [Driver: local][LocalVolumeType: tmpfs] [Testpattern: Dynamic PV (default fs)] subPath should support restarting containers using file as subpath [Slow][LinuxOnly]" classname="Kubernetes e2e suite" time="0">
          <skipped></skipped>
      </testcase>
      <testcase name="[sig-storage] In-tree Volumes [Driver: rbd][Feature:Volumes][Serial] [Testpattern: Dynamic PV (xfs)][Slow] multiVolume [Slow] should concurrently access the single read-only volume from pods on the same node" classname="Kubernetes e2e suite" time="0">
          <skipped></skipped>
      </testcase>
      <testcase name="[sig-storage] PersistentVolumes:vsphere [Feature:vsphere] should test that a vsphere volume mounted to a pod that is deleted while the kubelet is down unmounts when the kubelet returns [Disruptive]" classname="Kubernetes e2e suite" time="0">
          <skipped></skipped>
      </testcase>
      <testcase name="[sig-storage] In-tree Volumes [Driver: local][LocalVolumeType: dir-link-bindmounted] [Testpattern: Dynamic PV (ext4)] multiVolume [Slow] should concurrently access the single volume from pods on the same node" classname="Kubernetes e2e suite" time="0">
          <skipped></skipped>
      </testcase>
      <testcase name="[sig-storage] In-tree Volumes [Driver: vsphere] [Testpattern: Dynamic PV (default fs)] subPath should unmount if pod is gracefully deleted while kubelet is down [Disruptive][Slow][LinuxOnly]" classname="Kubernetes e2e suite" time="0">
          <skipped></skipped>
      </testcase>
      <testcase name="[sig-scheduling] SchedulerPredicates [Serial] validates that there is no conflict between pods with same hostPort but different hostIP and protocol" classname="Kubernetes e2e suite" time="0">
          <skipped></skipped>
      </testcase>
      <testcase name="[sig-storage] In-tree Volumes [Driver: local][LocalVolumeType: dir-link-bindmounted] [Testpattern: Dynamic PV (xfs)][Slow] multiVolume [Slow] should access to two volumes with the same volume mode and retain data across pod recreation on different node" classname="Kubernetes e2e suite" time="0">
          <skipped></skipped>
      </testcase>
      <testcase name="[sig-storage] In-tree Volumes [Driver: iscsi][Feature:Volumes] [Testpattern: Inline-volume (default fs)] subPath should fail if non-existent subpath is outside the volume [Slow][LinuxOnly]" classname="Kubernetes e2e suite" time="0">
          <skipped></skipped>
      </testcase>
      <testcase name="[sig-storage] In-tree Volumes [Driver: gcepd] [Testpattern: Dynamic PV (default fs)] subPath should verify container cannot write to subpath readonly volumes [Slow]" classname="Kubernetes e2e suite" time="0">
          <skipped></skipped>
      </testcase>
      <testcase name="[sig-storage] In-tree Volumes [Driver: iscsi][Feature:Volumes] [Testpattern: Pre-provisioned PV (filesystem volmode)] disruptive[Disruptive][LinuxOnly] Should test that pv written before kubelet restart is readable after restart." classname="Kubernetes e2e suite" time="0">
          <skipped></skipped>
      </testcase>
      <testcase name="[sig-storage] In-tree Volumes [Driver: local][LocalVolumeType: dir-link] [Testpattern: Pre-provisioned PV (default fs)] subPath should fail if subpath file is outside the volume [Slow][LinuxOnly]" classname="Kubernetes e2e suite" time="0">
          <skipped></skipped>
      </testcase>
      <testcase name="[sig-storage] In-tree Volumes [Driver: azure-disk] [Testpattern: Inline-volume (default fs)] subPath should support existing directories when readOnly specified in the volumeSource" classname="Kubernetes e2e suite" time="0">
          <skipped></skipped>
      </testcase>
      <testcase name="[sig-storage] CSI Volumes [Driver: pd.csi.storage.gke.io][Serial] [Testpattern: Pre-provisioned PV (block volmode)] volumes should store data" classname="Kubernetes e2e suite" time="0">
          <skipped></skipped>
      </testcase>
      <testcase name="[sig-storage] In-tree Volumes [Driver: aws] [Testpattern: Dynamic PV (delayed binding)] topology should provision a volume and schedule a pod with AllowedTopologies" classname="Kubernetes e2e suite" time="0">
          <skipped></skipped>
      </testcase>
      <testcase name="[sig-storage] In-tree Volumes [Driver: nfs] [Testpattern: Pre-provisioned PV (ext4)] volumes should store data" classname="Kubernetes e2e suite" time="0">
          <skipped></skipped>
      </testcase>
      <testcase name="[sig-storage] In-tree Volumes [Driver: vsphere] [Testpattern: Pre-provisioned PV (block volmode)] volumeMode should fail to use a volume in a pod with mismatched mode [Slow]" classname="Kubernetes e2e suite" time="0">
          <skipped></skipped>
      </testcase>
      <testcase name="[sig-windows] [Feature:Windows] DNS should support configurable pod DNS servers" classname="Kubernetes e2e suite" time="0">
          <skipped></skipped>
      </testcase>
      <testcase name="[sig-storage] In-tree Volumes [Driver: rbd][Feature:Volumes][Serial] [Testpattern: Dynamic PV (default fs)] volume-expand should not allow expansion of pvcs without AllowVolumeExpansion property" classname="Kubernetes e2e suite" time="0">
          <skipped></skipped>
      </testcase>
      <testcase name="[sig-storage] In-tree Volumes [Driver: aws] [Testpattern: Dynamic PV (ext4)] multiVolume [Slow] should concurrently access the volume and restored snapshot from pods on the same node [LinuxOnly][Feature:VolumeSnapshotDataSource][Feature:VolumeSourceXFS]" classname="Kubernetes e2e suite" time="0">
          <skipped></skipped>
      </testcase>
      <testcase name="[sig-storage] CSI Volumes [Driver: pd.csi.storage.gke.io][Serial] [Testpattern: Dynamic PV (default fs)] volume-stress multiple pods should access different volumes repeatedly [Slow] [Serial]" classname="Kubernetes e2e suite" time="0">
          <skipped></skipped>
      </testcase>
      <testcase name="[sig-storage] In-tree Volumes [Driver: local][LocalVolumeType: tmpfs] [Testpattern: Pre-provisioned PV (default fs)] volumes should allow exec of files on the volume" classname="Kubernetes e2e suite" time="0">
          <skipped></skipped>
      </testcase>
      <testcase name="[sig-storage] In-tree Volumes [Driver: gcepd] [Testpattern: Dynamic PV (ext3)] volumes should store data" classname="Kubernetes e2e suite" time="0">
          <skipped></skipped>
      </testcase>
      <testcase name="[sig-storage] In-tree Volumes [Driver: local][LocalVolumeType: dir-bindmounted] [Testpattern: Inline-volume (default fs)] subPath should fail if subpath file is outside the volume [Slow][LinuxOnly]" classname="Kubernetes e2e suite" time="0">
          <skipped></skipped>
      </testcase>
      <testcase name="[sig-storage] CSI mock volume CSIStorageCapacity CSIStorageCapacity used, no capacity" classname="Kubernetes e2e suite" time="0">
          <skipped></skipped>
      </testcase>
      <testcase name="[sig-storage] In-tree Volumes [Driver: vsphere] [Testpattern: Dynamic PV (block volmode)] volumes should store data" classname="Kubernetes e2e suite" time="0">
          <skipped></skipped>
      </testcase>
      <testcase name="[sig-storage] In-tree Volumes [Driver: cinder] [Testpattern: Pre-provisioned PV (default fs)] volumeIO should write files of various sizes, verify size, validate content [Slow][LinuxOnly]" classname="Kubernetes e2e suite" time="0">
          <skipped></skipped>
      </testcase>
      <testcase name="[sig-storage] In-tree Volumes [Driver: azure-disk] [Testpattern: Pre-provisioned PV (block volmode)] multiVolume [Slow] should concurrently access the volume and its clone from pods on the same node [LinuxOnly][Feature:VolumeSnapshotDataSource][Feature:VolumeSourceXFS]" classname="Kubernetes e2e suite" time="0">
          <skipped></skipped>
      </testcase>
      <testcase name="[sig-storage] In-tree Volumes [Driver: windows-gcepd] [Testpattern: Dynamic PV (default fs)] subPath should support restarting containers using file as subpath [Slow][LinuxOnly]" classname="Kubernetes e2e suite" time="0">
          <skipped></skipped>
      </testcase>
      <testcase name="[sig-storage] In-tree Volumes [Driver: ceph][Feature:Volumes][Serial] [Testpattern: Dynamic PV (block volmode)] provisioning should provision storage with pvc data source" classname="Kubernetes e2e suite" time="0">
          <skipped></skipped>
      </testcase>
      <testcase name="[sig-storage] In-tree Volumes [Driver: emptydir] [Testpattern: Inline-volume (default fs)] subPath should support non-existent path" classname="Kubernetes e2e suite" time="0">
          <skipped></skipped>
      </testcase>
      <testcase name="[sig-node] Mount propagation should propagate mounts within defined scopes" classname="Kubernetes e2e suite" time="0">
          <skipped></skipped>
      </testcase>
      <testcase name="[sig-instrumentation] Stackdriver Monitoring should run Custom Metrics - Stackdriver Adapter for old resource model [Feature:StackdriverCustomMetrics]" classname="Kubernetes e2e suite" time="0">
          <skipped></skipped>
      </testcase>
      <testcase name="[sig-storage] In-tree Volumes [Driver: iscsi][Feature:Volumes] [Testpattern: Pre-provisioned PV (block volmode)] disruptive[Disruptive][LinuxOnly] Should test that pv written before kubelet restart is readable after restart." classname="Kubernetes e2e suite" time="0">
          <skipped></skipped>
      </testcase>
      <testcase name="[sig-node] Sysctls [LinuxOnly] [NodeConformance] should not launch unsafe, but not explicitly enabled sysctls on the node [MinimumKubeletVersion:1.21]" classname="Kubernetes e2e suite" time="0">
          <skipped></skipped>
      </testcase>
      <testcase name="[sig-storage] In-tree Volumes [Driver: gluster] [Testpattern: Dynamic PV (xfs)][Slow] multiVolume [Slow] should concurrently access the single read-only volume from pods on the same node" classname="Kubernetes e2e suite" time="0">
          <skipped></skipped>
      </testcase>
      <testcase name="[sig-node] Security Context should support volume SELinux relabeling when using hostPID [Flaky] [LinuxOnly]" classname="Kubernetes e2e suite" time="0">
          <skipped></skipped>
      </testcase>
      <testcase name="[sig-storage] In-tree Volumes [Driver: hostPath] [Testpattern: Dynamic PV (filesystem volmode)] volumeMode should not mount / map unused volumes in a pod [LinuxOnly]" classname="Kubernetes e2e suite" time="0">
          <skipped></skipped>
      </testcase>
      <testcase name="[sig-storage] CSI Volumes [Driver: csi-hostpath] [Testpattern: Generic Ephemeral-volume (default fs) (immediate-binding)] ephemeral should support two pods which share the same volume" classname="Kubernetes e2e suite" time="0">
          <skipped></skipped>
      </testcase>
      <testcase name="[sig-storage] In-tree Volumes [Driver: emptydir] [Testpattern: Dynamic PV (xfs)][Slow] multiVolume [Slow] should concurrently access the volume and its clone from pods on the same node [LinuxOnly][Feature:VolumeSnapshotDataSource][Feature:VolumeSourceXFS]" classname="Kubernetes e2e suite" time="0">
          <skipped></skipped>
      </testcase>
      <testcase name="[sig-storage] In-tree Volumes [Driver: nfs] [Testpattern: Dynamic PV (ext4)] multiVolume [Slow] should access to two volumes with different volume mode and retain data across pod recreation on the same node" classname="Kubernetes e2e suite" time="0">
          <skipped></skipped>
      </testcase>
      <testcase name="[sig-storage] Regional PD RegionalPD should provision storage in the allowedTopologies with delayed binding [Slow]" classname="Kubernetes e2e suite" time="0">
          <skipped></skipped>
      </testcase>
      <testcase name="[sig-storage] In-tree Volumes [Driver: local][LocalVolumeType: tmpfs] [Testpattern: Dynamic PV (default fs)(allowExpansion)] volume-expand Verify if offline PVC expansion works" classname="Kubernetes e2e suite" time="0">
          <skipped></skipped>
      </testcase>
      <testcase name="[sig-network] Services should implement service.kubernetes.io/headless" classname="Kubernetes e2e suite" time="0">
          <skipped></skipped>
      </testcase>
      <testcase name="[sig-storage] In-tree Volumes [Driver: ceph][Feature:Volumes][Serial] [Testpattern: Dynamic PV (filesystem volmode)] multiVolume [Slow] should concurrently access the single read-only volume from pods on the same node" classname="Kubernetes e2e suite" time="0">
          <skipped></skipped>
      </testcase>
      <testcase name="[sig-node] Security Context When creating a pod with privileged should run the container as privileged when true [LinuxOnly] [NodeFeature:HostAccess]" classname="Kubernetes e2e suite" time="0">
          <skipped></skipped>
      </testcase>
      <testcase name="[sig-storage] In-tree Volumes [Driver: local][LocalVolumeType: dir-link-bindmounted] [Testpattern: Dynamic PV (filesystem volmode)] multiVolume [Slow] should access to two volumes with different volume mode and retain data across pod recreation on the same node" classname="Kubernetes e2e suite" time="0">
          <skipped></skipped>
      </testcase>
      <testcase name="[sig-storage] In-tree Volumes [Driver: local][LocalVolumeType: blockfs] [Testpattern: Dynamic PV (block volmode)] multiVolume [Slow] should concurrently access the single volume from pods on different node" classname="Kubernetes e2e suite" time="0">
          <skipped></skipped>
      </testcase>
      <testcase name="[sig-storage] In-tree Volumes [Driver: windows-gcepd] [Testpattern: Inline-volume (default fs)] subPath should support non-existent path" classname="Kubernetes e2e suite" time="0">
          <skipped></skipped>
      </testcase>
      <testcase name="[sig-cli] Kubectl client Simple pod should contain last line of the log" classname="Kubernetes e2e suite" time="0">
          <skipped></skipped>
      </testcase>
      <testcase name="[sig-storage] CSI Volumes [Driver: csi-hostpath] [Testpattern: Pre-provisioned PV (block volmode)] disruptive[Disruptive][LinuxOnly] Should test that pv written before kubelet restart is readable after restart." classname="Kubernetes e2e suite" time="0">
          <skipped></skipped>
      </testcase>
      <testcase name="[sig-storage] In-tree Volumes [Driver: nfs] [Testpattern: Inline-volume (ext3)] volumes should allow exec of files on the volume" classname="Kubernetes e2e suite" time="0">
          <skipped></skipped>
      </testcase>
      <testcase name="[sig-storage] In-tree Volumes [Driver: rbd][Feature:Volumes][Serial] [Testpattern: Dynamic PV (block volmode)] volumeMode should fail to use a volume in a pod with mismatched mode [Slow]" classname="Kubernetes e2e suite" time="0">
          <skipped></skipped>
      </testcase>
      <testcase name="[sig-storage] In-tree Volumes [Driver: windows-gcepd] [Testpattern: Dynamic PV (filesystem volmode)] multiVolume [Slow] should concurrently access the volume and its clone from pods on the same node [LinuxOnly][Feature:VolumeSnapshotDataSource][Feature:VolumeSourceXFS]" classname="Kubernetes e2e suite" time="0">
          <skipped></skipped>
      </testcase>
      <testcase name="[sig-storage] In-tree Volumes [Driver: emptydir] [Testpattern: Pre-provisioned PV (default fs)] subPath should support non-existent path" classname="Kubernetes e2e suite" time="0">
          <skipped></skipped>
      </testcase>
      <testcase name="[sig-storage] In-tree Volumes [Driver: windows-gcepd] [Testpattern: Dynamic PV (default fs)] subPath should support creating multiple subpath from same volumes [Slow]" classname="Kubernetes e2e suite" time="0">
          <skipped></skipped>
      </testcase>
      <testcase name="[sig-storage] In-tree Volumes [Driver: ceph][Feature:Volumes][Serial] [Testpattern: Dynamic PV (block volmode)] volumeMode should not mount / map unused volumes in a pod [LinuxOnly]" classname="Kubernetes e2e suite" time="0">
          <skipped></skipped>
      </testcase>
      <testcase name="[sig-storage] In-tree Volumes [Driver: local][LocalVolumeType: gce-localssd-scsi-fs] [Serial] [Testpattern: Inline-volume (default fs)] subPath should support existing directories when readOnly specified in the volumeSource" classname="Kubernetes e2e suite" time="0">
          <skipped></skipped>
      </testcase>
      <testcase name="[sig-storage] In-tree Volumes [Driver: hostPath] [Testpattern: Dynamic PV (block volmode)] multiVolume [Slow] should concurrently access the single read-only volume from pods on the same node" classname="Kubernetes e2e suite" time="0">
          <skipped></skipped>
      </testcase>
      <testcase name="[sig-storage] In-tree Volumes [Driver: gluster] [Testpattern: Inline-volume (default fs)] subPath should be able to unmount after the subpath directory is deleted [LinuxOnly]" classname="Kubernetes e2e suite" time="0">
          <skipped></skipped>
      </testcase>
      <testcase name="[sig-storage] In-tree Volumes [Driver: aws] [Testpattern: Dynamic PV (default fs)] subPath should support file as subpath [LinuxOnly]" classname="Kubernetes e2e suite" time="0">
          <skipped></skipped>
      </testcase>
      <testcase name="[sig-storage] In-tree Volumes [Driver: local][LocalVolumeType: dir-bindmounted] [Testpattern: Pre-provisioned PV (block volmode)] multiVolume [Slow] should access to two volumes with different volume mode and retain data across pod recreation on different node" classname="Kubernetes e2e suite" time="0">
          <skipped></skipped>
      </testcase>
      <testcase name="[sig-storage] In-tree Volumes [Driver: emptydir] [Testpattern: Dynamic PV (block volmode)] multiVolume [Slow] should concurrently access the single read-only volume from pods on the same node" classname="Kubernetes e2e suite" time="0">
          <skipped></skipped>
      </testcase>
      <testcase name="[sig-storage] In-tree Volumes [Driver: local][LocalVolumeType: dir-link] [Testpattern: Dynamic PV (ntfs)][Feature:Windows] subPath should support existing single file [LinuxOnly]" classname="Kubernetes e2e suite" time="0">
          <skipped></skipped>
      </testcase>
      <testcase name="[sig-storage] In-tree Volumes [Driver: local][LocalVolumeType: dir-link-bindmounted] [Testpattern: Dynamic PV (default fs)] provisioning should provision storage with pvc data source" classname="Kubernetes e2e suite" time="0">
          <skipped></skipped>
      </testcase>
      <testcase name="[sig-storage] In-tree Volumes [Driver: local][LocalVolumeType: block] [Testpattern: Dynamic PV (default fs)] subPath should support existing single file [LinuxOnly]" classname="Kubernetes e2e suite" time="0">
          <skipped></skipped>
      </testcase>
      <testcase name="[sig-storage] In-tree Volumes [Driver: local][LocalVolumeType: dir-bindmounted] [Testpattern: Inline-volume (xfs)][Slow] volumes should allow exec of files on the volume" classname="Kubernetes e2e suite" time="0">
          <skipped></skipped>
      </testcase>
      <testcase name="[sig-node] Container Runtime blackbox test when running a container with a new image should be able to pull from private registry with secret [NodeConformance]" classname="Kubernetes e2e suite" time="0">
          <skipped></skipped>
      </testcase>
      <testcase name="[sig-storage] In-tree Volumes [Driver: local][LocalVolumeType: blockfs] [Testpattern: Dynamic PV (ntfs)][Feature:Windows] volumes should allow exec of files on the volume" classname="Kubernetes e2e suite" time="0">
          <skipped></skipped>
      </testcase>
      <testcase name="[sig-storage] In-tree Volumes [Driver: local][LocalVolumeType: dir-link] [Testpattern: Pre-provisioned PV (xfs)][Slow] volumes should allow exec of files on the volume" classname="Kubernetes e2e suite" time="0">
          <skipped></skipped>
      </testcase>
      <testcase name="[sig-storage] In-tree Volumes [Driver: nfs] [Testpattern: Dynamic PV (default fs)(allowExpansion)] volume-expand should resize volume when PVC is edited while pod is using it" classname="Kubernetes e2e suite" time="0">
          <skipped></skipped>
      </testcase>
      <testcase name="[sig-storage] In-tree Volumes [Driver: emptydir] [Testpattern: Dynamic PV (default fs)] provisioning should provision storage with mount options" classname="Kubernetes e2e suite" time="0">
          <skipped></skipped>
      </testcase>
      <testcase name="[sig-storage] CSI Volumes [Driver: csi-hostpath] [Testpattern: Dynamic PV (filesystem volmode)] volumeMode should not mount / map unused volumes in a pod [LinuxOnly]" classname="Kubernetes e2e suite" time="0">
          <skipped></skipped>
      </testcase>
      <testcase name="[sig-storage] In-tree Volumes [Driver: iscsi][Feature:Volumes] [Testpattern: Dynamic PV (ext4)] multiVolume [Slow] should concurrently access the volume and its clone from pods on the same node [LinuxOnly][Feature:VolumeSnapshotDataSource][Feature:VolumeSourceXFS]" classname="Kubernetes e2e suite" time="0">
          <skipped></skipped>
      </testcase>
      <testcase name="[sig-storage] In-tree Volumes [Driver: windows-gcepd] [Testpattern: Dynamic PV (ntfs)][Feature:Windows] subPath should support file as subpath [LinuxOnly]" classname="Kubernetes e2e suite" time="0">
          <skipped></skipped>
      </testcase>
      <testcase name="[sig-storage] Dynamic Provisioning DynamicProvisioner External should let an external dynamic provisioner create and delete persistent volumes [Slow]" classname="Kubernetes e2e suite" time="0">
          <skipped></skipped>
      </testcase>
      <testcase name="[sig-storage] CSI Volumes [Driver: pd.csi.storage.gke.io][Serial] [Testpattern: Pre-provisioned PV (default fs)] volumeIO should write files of various sizes, verify size, validate content [Slow][LinuxOnly]" classname="Kubernetes e2e suite" time="0">
          <skipped></skipped>
      </testcase>
      <testcase name="[sig-cli] Kubectl Port forwarding With a server listening on 0.0.0.0 that expects a client request should support a client that connects, sends NO DATA, and disconnects" classname="Kubernetes e2e suite" time="0">
          <skipped></skipped>
      </testcase>
      <testcase name="[sig-storage] CSI Volumes [Driver: pd.csi.storage.gke.io][Serial] [Testpattern: Pre-provisioned PV (filesystem volmode)] multiVolume [Slow] should concurrently access the single read-only volume from pods on the same node" classname="Kubernetes e2e suite" time="0">
          <skipped></skipped>
      </testcase>
      <testcase name="[sig-storage] In-tree Volumes [Driver: emptydir] [Testpattern: Dynamic PV (filesystem volmode)] multiVolume [Slow] should concurrently access the single volume from pods on the same node" classname="Kubernetes e2e suite" time="0">
          <skipped></skipped>
      </testcase>
      <testcase name="[sig-storage] In-tree Volumes [Driver: vsphere] [Testpattern: Pre-provisioned PV (ntfs)][Feature:Windows] volumes should store data" classname="Kubernetes e2e suite" time="0">
          <skipped></skipped>
      </testcase>
      <testcase name="[sig-storage] In-tree Volumes [Driver: local][LocalVolumeType: dir-link] [Testpattern: Dynamic PV (default fs)] provisioning should provision storage with snapshot data source [Feature:VolumeSnapshotDataSource]" classname="Kubernetes e2e suite" time="0">
          <skipped></skipped>
      </testcase>
      <testcase name="[sig-storage] In-tree Volumes [Driver: rbd][Feature:Volumes][Serial] [Testpattern: Pre-provisioned PV (filesystem volmode)] multiVolume [Slow] should concurrently access the single volume from pods on different node" classname="Kubernetes e2e suite" time="0">
          <skipped></skipped>
      </testcase>
      <testcase name="[sig-storage] In-tree Volumes [Driver: hostPath] [Testpattern: Pre-provisioned PV (filesystem volmode)] multiVolume [Slow] should access to two volumes with the same volume mode and retain data across pod recreation on different node" classname="Kubernetes e2e suite" time="0">
          <skipped></skipped>
      </testcase>
      <testcase name="[sig-network] Networking Granular Checks: Services should function for multiple endpoint-Services with same selector" classname="Kubernetes e2e suite" time="0">
          <skipped></skipped>
      </testcase>
      <testcase name="[sig-network] Services should create endpoints for unready pods" classname="Kubernetes e2e suite" time="0">
          <skipped></skipped>
      </testcase>
      <testcase name="[sig-node] Security Context should support volume SELinux relabeling when using hostIPC [Flaky] [LinuxOnly]" classname="Kubernetes e2e suite" time="0">
          <skipped></skipped>
      </testcase>
      <testcase name="[sig-storage] In-tree Volumes [Driver: local][LocalVolumeType: blockfs] [Testpattern: Dynamic PV (block volmode)] volumes should store data" classname="Kubernetes e2e suite" time="0">
          <skipped></skipped>
      </testcase>
      <testcase name="[sig-storage] In-tree Volumes [Driver: ceph][Feature:Volumes][Serial] [Testpattern: Pre-provisioned PV (ext3)] volumes should store data" classname="Kubernetes e2e suite" time="0">
          <skipped></skipped>
      </testcase>
      <testcase name="[sig-storage] In-tree Volumes [Driver: local][LocalVolumeType: block] [Testpattern: Dynamic PV (ntfs)][Feature:Windows] subPath should fail if subpath directory is outside the volume [Slow][LinuxOnly]" classname="Kubernetes e2e suite" time="0">
          <skipped></skipped>
      </testcase>
      <testcase name="[sig-storage] In-tree Volumes [Driver: local][LocalVolumeType: gce-localssd-scsi-fs] [Serial] [Testpattern: Dynamic PV (ext3)] volumes should store data" classname="Kubernetes e2e suite" time="0">
          <skipped></skipped>
      </testcase>
      <testcase name="[sig-node] Pods Extended Delete Grace Period should be submitted and removed" classname="Kubernetes e2e suite" time="0">
          <skipped></skipped>
      </testcase>
      <testcase name="[sig-storage] In-tree Volumes [Driver: gluster] [Testpattern: Dynamic PV (filesystem volmode)] multiVolume [Slow] should concurrently access the single volume from pods on different node" classname="Kubernetes e2e suite" time="0">
          <skipped></skipped>
      </testcase>
      <testcase name="[sig-storage] In-tree Volumes [Driver: local][LocalVolumeType: tmpfs] [Testpattern: Dynamic PV (xfs)][Slow] multiVolume [Slow] should concurrently access the volume and restored snapshot from pods on the same node [LinuxOnly][Feature:VolumeSnapshotDataSource][Feature:VolumeSourceXFS]" classname="Kubernetes e2e suite" time="0">
          <skipped></skipped>
      </testcase>
      <testcase name="[sig-storage] CSI Volumes [Driver: csi-hostpath] [Testpattern: Pre-provisioned PV (default fs)] subPath should support existing directories when readOnly specified in the volumeSource" classname="Kubernetes e2e suite" time="0">
          <skipped></skipped>
      </testcase>
      <testcase name="[sig-storage] In-tree Volumes [Driver: local][LocalVolumeType: dir-link-bindmounted] [Testpattern: Dynamic PV (block volmode)] volumeMode should fail to use a volume in a pod with mismatched mode [Slow]" classname="Kubernetes e2e suite" time="0">
          <skipped></skipped>
      </testcase>
      <testcase name="[sig-storage] In-tree Volumes [Driver: iscsi][Feature:Volumes] [Testpattern: Dynamic PV (filesystem volmode)] multiVolume [Slow] should access to two volumes with different volume mode and retain data across pod recreation on the same node" classname="Kubernetes e2e suite" time="0">
          <skipped></skipped>
      </testcase>
      <testcase name="[sig-storage] In-tree Volumes [Driver: ceph][Feature:Volumes][Serial] [Testpattern: Dynamic PV (block volmode)] provisioning should provision storage with pvc data source in parallel [Slow]" classname="Kubernetes e2e suite" time="0">
          <skipped></skipped>
      </testcase>
      <testcase name="[sig-storage] CSI Volumes [Driver: pd.csi.storage.gke.io][Serial] [Testpattern: Dynamic PV (default fs)] subPath should support restarting containers using file as subpath [Slow][LinuxOnly]" classname="Kubernetes e2e suite" time="0">
          <skipped></skipped>
      </testcase>
      <testcase name="[sig-storage] In-tree Volumes [Driver: rbd][Feature:Volumes][Serial] [Testpattern: Dynamic PV (default fs)] fsgroupchangepolicy (Always)[LinuxOnly], pod created with an initial fsgroup, volume contents ownership changed in first pod, new pod with different fsgroup applied to the volume contents" classname="Kubernetes e2e suite" time="0">
          <skipped></skipped>
      </testcase>
      <testcase name="[sig-autoscaling] Cluster size autoscaling [Slow] Should scale up GPU pool from 1 [GpuType:] [Feature:ClusterSizeAutoscalingGpu]" classname="Kubernetes e2e suite" time="0">
          <skipped></skipped>
      </testcase>
      <testcase name="[sig-storage] In-tree Volumes [Driver: local][LocalVolumeType: dir-link] [Testpattern: Pre-provisioned PV (default fs)] subPath should fail if subpath with backstepping is outside the volume [Slow][LinuxOnly]" classname="Kubernetes e2e suite" time="0">
          <skipped></skipped>
      </testcase>
      <testcase name="[sig-storage] In-tree Volumes [Driver: local][LocalVolumeType: gce-localssd-scsi-fs] [Serial] [Testpattern: Dynamic PV (ntfs)][Feature:Windows] volumes should store data" classname="Kubernetes e2e suite" time="0">
          <skipped></skipped>
      </testcase>
      <testcase name="[sig-storage] In-tree Volumes [Driver: aws] [Testpattern: Dynamic PV (block volmode)] multiVolume [Slow] should concurrently access the single volume from pods on the same node" classname="Kubernetes e2e suite" time="0">
          <skipped></skipped>
      </testcase>
      <testcase name="[sig-storage] In-tree Volumes [Driver: windows-gcepd] [Testpattern: Dynamic PV (ntfs)][Feature:Windows] subPath should unmount if pod is gracefully deleted while kubelet is down [Disruptive][Slow][LinuxOnly]" classname="Kubernetes e2e suite" time="0">
          <skipped></skipped>
      </testcase>
      <testcase name="[sig-storage] In-tree Volumes [Driver: azure-disk] [Testpattern: Inline-volume (default fs)] subPath should fail if subpath file is outside the volume [Slow][LinuxOnly]" classname="Kubernetes e2e suite" time="0">
          <skipped></skipped>
      </testcase>
      <testcase name="[sig-storage] In-tree Volumes [Driver: local][LocalVolumeType: gce-localssd-scsi-fs] [Serial] [Testpattern: Dynamic PV (default fs)] fsgroupchangepolicy (Always)[LinuxOnly], pod created with an initial fsgroup, volume contents ownership changed in first pod, new pod with same fsgroup applied to the volume contents" classname="Kubernetes e2e suite" time="0">
          <skipped></skipped>
      </testcase>
      <testcase name="[sig-storage] In-tree Volumes [Driver: local][LocalVolumeType: block] [Testpattern: Dynamic PV (block volmode)] multiVolume [Slow] should concurrently access the single volume from pods on different node" classname="Kubernetes e2e suite" time="0">
          <skipped></skipped>
      </testcase>
      <testcase name="[sig-storage] Regional PD RegionalPD should failover to a different zone when all nodes in one zone become unreachable [Slow] [Disruptive]" classname="Kubernetes e2e suite" time="0">
          <skipped></skipped>
      </testcase>
      <testcase name="[sig-cli] Kubectl client Simple pod should return command exit codes execing into a container with a failing command" classname="Kubernetes e2e suite" time="0">
          <skipped></skipped>
      </testcase>
      <testcase name="[sig-storage] CSI Volumes [Driver: pd.csi.storage.gke.io][Serial] [Testpattern: Dynamic PV (ntfs)][Feature:Windows] subPath should support file as subpath [LinuxOnly]" classname="Kubernetes e2e suite" time="0">
          <skipped></skipped>
      </testcase>
      <testcase name="[sig-auth] ServiceAccounts should mount an API token into pods  [Conformance]" classname="Kubernetes e2e suite" time="20.021862707"></testcase>
      <testcase name="[sig-storage] Secrets Should fail non-optional pod creation due to the key in the secret object does not exist [Slow]" classname="Kubernetes e2e suite" time="0">
          <skipped></skipped>
      </testcase>
      <testcase name="[sig-storage] In-tree Volumes [Driver: local][LocalVolumeType: tmpfs] [Testpattern: Pre-provisioned PV (xfs)][Slow] volumes should allow exec of files on the volume" classname="Kubernetes e2e suite" time="0">
          <skipped></skipped>
      </testcase>
      <testcase name="[sig-storage] In-tree Volumes [Driver: local][LocalVolumeType: blockfs] [Testpattern: Dynamic PV (ntfs)][Feature:Windows] subPath should support existing single file [LinuxOnly]" classname="Kubernetes e2e suite" time="0">
          <skipped></skipped>
      </testcase>
      <testcase name="[sig-storage] In-tree Volumes [Driver: local][LocalVolumeType: tmpfs] [Testpattern: Dynamic PV (block volmode)] volumes should store data" classname="Kubernetes e2e suite" time="0">
          <skipped></skipped>
      </testcase>
      <testcase name="[sig-storage] In-tree Volumes [Driver: local][LocalVolumeType: dir-bindmounted] [Testpattern: Dynamic PV (ext4)] multiVolume [Slow] should concurrently access the single volume from pods on the same node" classname="Kubernetes e2e suite" time="0">
          <skipped></skipped>
      </testcase>
      <testcase name="[sig-storage] In-tree Volumes [Driver: local][LocalVolumeType: blockfs] [Testpattern: Dynamic PV (filesystem volmode)] multiVolume [Slow] should concurrently access the single volume from pods on the same node" classname="Kubernetes e2e suite" time="0">
          <skipped></skipped>
      </testcase>
      <testcase name="[sig-storage] In-tree Volumes [Driver: local][LocalVolumeType: dir-link] [Testpattern: Dynamic PV (xfs)][Slow] multiVolume [Slow] should access to two volumes with the same volume mode and retain data across pod recreation on different node" classname="Kubernetes e2e suite" time="0">
          <skipped></skipped>
      </testcase>
      <testcase name="[sig-storage] In-tree Volumes [Driver: local][LocalVolumeType: gce-localssd-scsi-fs] [Serial] [Testpattern: Dynamic PV (ntfs)(allowExpansion)][Feature:Windows] volume-expand should resize volume when PVC is edited while pod is using it" classname="Kubernetes e2e suite" time="0">
          <skipped></skipped>
      </testcase>
      <testcase name="[sig-storage] In-tree Volumes [Driver: local][LocalVolumeType: dir-link-bindmounted] [Testpattern: Inline-volume (ext4)] volumes should store data" classname="Kubernetes e2e suite" time="0">
          <skipped></skipped>
      </testcase>
      <testcase name="[sig-storage] CSI Volumes [Driver: csi-hostpath] [Testpattern: Dynamic PV (block volmode)] multiVolume [Slow] should access to two volumes with different volume mode and retain data across pod recreation on different node" classname="Kubernetes e2e suite" time="0">
          <skipped></skipped>
      </testcase>
      <testcase name="[sig-storage] In-tree Volumes [Driver: hostPath] [Testpattern: Dynamic PV (ext4)] multiVolume [Slow] should concurrently access the single volume from pods on different node" classname="Kubernetes e2e suite" time="0">
          <skipped></skipped>
      </testcase>
      <testcase name="[sig-storage] In-tree Volumes [Driver: local][LocalVolumeType: tmpfs] [Testpattern: Dynamic PV (default fs)] provisioning should provision storage with snapshot data source [Feature:VolumeSnapshotDataSource]" classname="Kubernetes e2e suite" time="0">
          <skipped></skipped>
      </testcase>
      <testcase name="[sig-apps] Job should delete pods when suspended" classname="Kubernetes e2e suite" time="0">
          <skipped></skipped>
      </testcase>
      <testcase name="[sig-storage] In-tree Volumes [Driver: local][LocalVolumeType: blockfs] [Testpattern: Dynamic PV (xfs)][Slow] multiVolume [Slow] should access to two volumes with the same volume mode and retain data across pod recreation on different node" classname="Kubernetes e2e suite" time="0">
          <skipped></skipped>
      </testcase>
      <testcase name="[sig-storage] HostPathType Block Device [Slow] Should fail on mounting block device &#39;ablkdev&#39; when HostPathType is HostPathDirectory" classname="Kubernetes e2e suite" time="0">
          <skipped></skipped>
      </testcase>
      <testcase name="[sig-network] Netpol NetworkPolicy between server and client should allow egress access on one named port [Feature:NetworkPolicy]" classname="Kubernetes e2e suite" time="0">
          <skipped></skipped>
      </testcase>
      <testcase name="[sig-storage] In-tree Volumes [Driver: local][LocalVolumeType: tmpfs] [Testpattern: Dynamic PV (default fs)] fsgroupchangepolicy (OnRootMismatch)[LinuxOnly], pod created with an initial fsgroup, volume contents ownership changed in first pod, new pod with same fsgroup skips ownership changes to the volume contents" classname="Kubernetes e2e suite" time="0">
          <skipped></skipped>
      </testcase>
      <testcase name="[sig-storage] In-tree Volumes [Driver: local][LocalVolumeType: dir] [Testpattern: Dynamic PV (default fs)] subPath should support restarting containers using file as subpath [Slow][LinuxOnly]" classname="Kubernetes e2e suite" time="0">
          <skipped></skipped>
      </testcase>
      <testcase name="[sig-storage] In-tree Volumes [Driver: gluster] [Testpattern: Dynamic PV (ntfs)][Feature:Windows] subPath should support readOnly file specified in the volumeMount [LinuxOnly]" classname="Kubernetes e2e suite" time="0">
          <skipped></skipped>
      </testcase>
      <testcase name="[sig-network] Loadbalancing: L7 GCE [Slow] [Feature:NEG] [Flaky] rolling update backend pods should not cause service disruption" classname="Kubernetes e2e suite" time="0">
          <skipped></skipped>
      </testcase>
      <testcase name="[sig-storage] In-tree Volumes [Driver: azure-disk] [Testpattern: Inline-volume (default fs)] subPath should support readOnly directory specified in the volumeMount" classname="Kubernetes e2e suite" time="0">
          <skipped></skipped>
      </testcase>
      <testcase name="[sig-storage] In-tree Volumes [Driver: azure-disk] [Testpattern: Dynamic PV (ntfs)][Feature:Windows] subPath should support existing directories when readOnly specified in the volumeSource" classname="Kubernetes e2e suite" time="0">
          <skipped></skipped>
      </testcase>
      <testcase name="[sig-storage] In-tree Volumes [Driver: rbd][Feature:Volumes][Serial] [Testpattern: Pre-provisioned PV (block volmode)] multiVolume [Slow] should concurrently access the single volume from pods on different node" classname="Kubernetes e2e suite" time="0">
          <skipped></skipped>
      </testcase>
      <testcase name="[sig-storage] In-tree Volumes [Driver: gluster] [Testpattern: Inline-volume (default fs)] subPath should support existing single file [LinuxOnly]" classname="Kubernetes e2e suite" time="0">
          <skipped></skipped>
      </testcase>
      <testcase name="[sig-api-machinery] Etcd failure [Disruptive] should recover from SIGKILL" classname="Kubernetes e2e suite" time="0">
          <skipped></skipped>
      </testcase>
      <testcase name="[sig-storage] In-tree Volumes [Driver: azure-disk] [Testpattern: Pre-provisioned PV (default fs)] volumes should store data" classname="Kubernetes e2e suite" time="0">
          <skipped></skipped>
      </testcase>
      <testcase name="[sig-storage] Downward API volume should provide podname as non-root with fsgroup and defaultMode [LinuxOnly] [NodeFeature:FSGroup]" classname="Kubernetes e2e suite" time="0">
          <skipped></skipped>
      </testcase>
      <testcase name="[sig-storage] In-tree Volumes [Driver: local][LocalVolumeType: dir] [Testpattern: Pre-provisioned PV (filesystem volmode)] volumeMode should not mount / map unused volumes in a pod [LinuxOnly]" classname="Kubernetes e2e suite" time="0">
          <skipped></skipped>
      </testcase>
      <testcase name="[sig-storage] CSI Volumes [Driver: pd.csi.storage.gke.io][Serial] [Testpattern: Dynamic PV (filesystem volmode)] multiVolume [Slow] should concurrently access the single volume from pods on different node" classname="Kubernetes e2e suite" time="0">
          <skipped></skipped>
      </testcase>
      <testcase name="[sig-storage] Secrets should be consumable from pods in volume with mappings and Item Mode set [LinuxOnly] [NodeConformance] [Conformance]" classname="Kubernetes e2e suite" time="9.500823356"></testcase>
      <testcase name="[sig-storage] In-tree Volumes [Driver: aws] [Testpattern: Dynamic PV (xfs)][Slow] multiVolume [Slow] should concurrently access the single read-only volume from pods on the same node" classname="Kubernetes e2e suite" time="0">
          <skipped></skipped>
      </testcase>
      <testcase name="[sig-storage] In-tree Volumes [Driver: local][LocalVolumeType: blockfs] [Testpattern: Dynamic PV (filesystem volmode)] multiVolume [Slow] should access to two volumes with the same volume mode and retain data across pod recreation on the same node" classname="Kubernetes e2e suite" time="0">
          <skipped></skipped>
      </testcase>
      <testcase name="[sig-node] PrivilegedPod [NodeConformance] should enable privileged commands [LinuxOnly]" classname="Kubernetes e2e suite" time="0">
          <skipped></skipped>
      </testcase>
      <testcase name="[sig-storage] In-tree Volumes [Driver: local][LocalVolumeType: block] [Testpattern: Inline-volume (ext3)] volumes should allow exec of files on the volume" classname="Kubernetes e2e suite" time="0">
          <skipped></skipped>
      </testcase>
      <testcase name="[sig-storage] CSI Volumes [Driver: pd.csi.storage.gke.io][Serial] [Testpattern: CSI Ephemeral-volume (default fs)] ephemeral should support multiple inline ephemeral volumes" classname="Kubernetes e2e suite" time="0">
          <skipped></skipped>
      </testcase>
      <testcase name="[sig-storage] In-tree Volumes [Driver: hostPath] [Testpattern: Dynamic PV (filesystem volmode)] multiVolume [Slow] should access to two volumes with different volume mode and retain data across pod recreation on different node" classname="Kubernetes e2e suite" time="0">
          <skipped></skipped>
      </testcase>
      <testcase name="[sig-storage] In-tree Volumes [Driver: aws] [Testpattern: Pre-provisioned PV (filesystem volmode)] multiVolume [Slow] should concurrently access the single read-only volume from pods on the same node" classname="Kubernetes e2e suite" time="0">
          <skipped></skipped>
      </testcase>
      <testcase name="[sig-storage] In-tree Volumes [Driver: local][LocalVolumeType: block] [Testpattern: Dynamic PV (default fs)] subPath should unmount if pod is force deleted while kubelet is down [Disruptive][Slow][LinuxOnly]" classname="Kubernetes e2e suite" time="0">
          <skipped></skipped>
      </testcase>
      <testcase name="[sig-cluster-lifecycle] [Feature:BootstrapTokens] should sign the new added bootstrap tokens" classname="Kubernetes e2e suite" time="0">
          <skipped></skipped>
      </testcase>
      <testcase name="[sig-storage] In-tree Volumes [Driver: cinder] [Testpattern: Dynamic PV (xfs)][Slow] volumes should store data" classname="Kubernetes e2e suite" time="0">
          <skipped></skipped>
      </testcase>
      <testcase name="[sig-storage] In-tree Volumes [Driver: hostPathSymlink] [Testpattern: Dynamic PV (block volmode)] multiVolume [Slow] should concurrently access the single volume from pods on different node" classname="Kubernetes e2e suite" time="0">
          <skipped></skipped>
      </testcase>
      <testcase name="[sig-storage] In-tree Volumes [Driver: local][LocalVolumeType: tmpfs] [Testpattern: Dynamic PV (default fs)] subPath should support existing directories when readOnly specified in the volumeSource" classname="Kubernetes e2e suite" time="0">
          <skipped></skipped>
      </testcase>
      <testcase name="[sig-storage] In-tree Volumes [Driver: local][LocalVolumeType: dir-link-bindmounted] [Testpattern: Dynamic PV (default fs)] subPath should support existing directories when readOnly specified in the volumeSource" classname="Kubernetes e2e suite" time="0">
          <skipped></skipped>
      </testcase>
      <testcase name="[sig-storage] In-tree Volumes [Driver: vsphere] [Testpattern: Pre-provisioned PV (default fs)] subPath should support existing directories when readOnly specified in the volumeSource" classname="Kubernetes e2e suite" time="0">
          <skipped></skipped>
      </testcase>
      <testcase name="[sig-storage] In-tree Volumes [Driver: hostPathSymlink] [Testpattern: Dynamic PV (filesystem volmode)] volumeLimits should verify that all csinodes have volume limits" classname="Kubernetes e2e suite" time="0">
          <skipped></skipped>
      </testcase>
      <testcase name="[sig-storage] In-tree Volumes [Driver: gcepd] [Testpattern: Inline-volume (default fs)] subPath should unmount if pod is gracefully deleted while kubelet is down [Disruptive][Slow][LinuxOnly]" classname="Kubernetes e2e suite" time="0">
          <skipped></skipped>
      </testcase>
      <testcase name="[sig-storage] CSI Volumes [Driver: csi-hostpath] [Testpattern: Pre-provisioned Snapshot (delete policy)] snapshottable[Feature:VolumeSnapshotDataSource] volume snapshot controller  should check snapshot fields, check restore correctly works after modifying source data, check deletion" classname="Kubernetes e2e suite" time="0">
          <skipped></skipped>
      </testcase>
      <testcase name="[sig-storage] In-tree Volumes [Driver: aws] [Testpattern: Dynamic PV (ext4)] multiVolume [Slow] should access to two volumes with the same volume mode and retain data across pod recreation on the same node" classname="Kubernetes e2e suite" time="0">
          <skipped></skipped>
      </testcase>
      <testcase name="[sig-network] Services should have session affinity timeout work for NodePort service [LinuxOnly] [Conformance]" classname="Kubernetes e2e suite" time="48.27906429">
          <failure type="Failure">/workspace/src/k8s.io/kubernetes/_output/dockerized/go/src/k8s.io/kubernetes/test/e2e/framework/framework.go:630&#xA;Jul 24 13:14:12.561: Unexpected error:&#xA;    &lt;*errors.errorString | 0xc004361f10&gt;: {&#xA;        s: &#34;out-of-range nodePort (5810) for service&#34;,&#xA;    }&#xA;    out-of-range nodePort (5810) for service&#xA;occurred&#xA;/workspace/src/k8s.io/kubernetes/_output/dockerized/go/src/k8s.io/kubernetes/test/e2e/network/service.go:2843</failure>
          <system-out>[BeforeEach] [sig-network] Services&#xA;  /workspace/src/k8s.io/kubernetes/_output/dockerized/go/src/k8s.io/kubernetes/test/e2e/framework/framework.go:185&#xA;STEP: Creating a kubernetes client&#xA;Jul 24 13:13:32.684: INFO: &gt;&gt;&gt; kubeConfig: /tmp/kubeconfig-821373319&#xA;STEP: Building a namespace api object, basename services&#xA;STEP: Waiting for a default service account to be provisioned in namespace&#xA;[BeforeEach] [sig-network] Services&#xA;  /workspace/src/k8s.io/kubernetes/_output/dockerized/go/src/k8s.io/kubernetes/test/e2e/network/service.go:749&#xA;[It] should have session affinity timeout work for NodePort service [LinuxOnly] [Conformance]&#xA;  /workspace/src/k8s.io/kubernetes/_output/dockerized/go/src/k8s.io/kubernetes/test/e2e/framework/framework.go:630&#xA;STEP: creating service in namespace services-1794&#xA;Jul 24 13:13:32.927: INFO: The status of Pod kube-proxy-mode-detector is Pending, waiting for it to be Running (with Ready = true)&#xA;Jul 24 13:13:34.930: INFO: The status of Pod kube-proxy-mode-detector is Pending, waiting for it to be Running (with Ready = true)&#xA;Jul 24 13:13:36.931: INFO: The status of Pod kube-proxy-mode-detector is Pending, waiting for it to be Running (with Ready = true)&#xA;Jul 24 13:13:38.994: INFO: The status of Pod kube-proxy-mode-detector is Pending, waiting for it to be Running (with Ready = true)&#xA;Jul 24 13:13:40.964: INFO: The status of Pod kube-proxy-mode-detector is Running (Ready = true)&#xA;Jul 24 13:13:40.966: INFO: Running &#39;/usr/local/bin/kubectl --kubeconfig=/tmp/kubeconfig-821373319 --namespace=services-1794 exec kube-proxy-mode-detector -- /bin/sh -x -c curl -q -s --connect-timeout 1 http://localhost:10249/proxyMode&#39;&#xA;Jul 24 13:13:41.258: INFO: stderr: &#34;+ curl -q -s --connect-timeout 1 http://localhost:10249/proxyMode\n&#34;&#xA;Jul 24 13:13:41.258: INFO: stdout: &#34;iptables&#34;&#xA;Jul 24 13:13:41.258: INFO: proxyMode: iptables&#xA;Jul 24 13:13:41.296: INFO: Waiting for pod kube-proxy-mode-detector to disappear&#xA;Jul 24 13:13:41.302: INFO: Pod kube-proxy-mode-detector no longer exists&#xA;STEP: creating service affinity-nodeport-timeout in namespace services-1794&#xA;STEP: creating replication controller affinity-nodeport-timeout in namespace services-1794&#xA;Jul 24 13:14:02.504: INFO: Creating new exec pod&#xA;Jul 24 13:14:12.561: FAIL: Unexpected error:&#xA;    &lt;*errors.errorString | 0xc004361f10&gt;: {&#xA;        s: &#34;out-of-range nodePort (5810) for service&#34;,&#xA;    }&#xA;    out-of-range nodePort (5810) for service&#xA;occurred&#xA;&#xA;Full Stack Trace&#xA;k8s.io/kubernetes/test/e2e/network.execAffinityTestForSessionAffinityTimeout(0xc000fbf4a0, 0x79ac4c8, 0xc002ca5ce0, 0xc000830280)&#xA;&#x9;/workspace/src/k8s.io/kubernetes/_output/dockerized/go/src/k8s.io/kubernetes/test/e2e/network/service.go:2843 +0x758&#xA;k8s.io/kubernetes/test/e2e/network.glob..func24.26()&#xA;&#x9;/workspace/src/k8s.io/kubernetes/_output/dockerized/go/src/k8s.io/kubernetes/test/e2e/network/service.go:1867 +0x9c&#xA;k8s.io/kubernetes/test/e2e.RunE2ETests(0xc0005db200)&#xA;&#x9;_output/dockerized/go/src/k8s.io/kubernetes/test/e2e/e2e.go:130 +0x36c&#xA;k8s.io/kubernetes/test/e2e.TestE2E(0xc0005db200)&#xA;&#x9;_output/dockerized/go/src/k8s.io/kubernetes/test/e2e/e2e_test.go:136 +0x2b&#xA;testing.tRunner(0xc0005db200, 0x72d52f0)&#xA;&#x9;/usr/local/go/src/testing/testing.go:1193 +0xef&#xA;created by testing.(*T).Run&#xA;&#x9;/usr/local/go/src/testing/testing.go:1238 +0x2b3&#xA;Jul 24 13:14:12.562: INFO: Cleaning up the exec pod&#xA;STEP: deleting ReplicationController affinity-nodeport-timeout in namespace services-1794, will wait for the garbage collector to delete the pods&#xA;Jul 24 13:14:13.068: INFO: Deleting ReplicationController affinity-nodeport-timeout took: 178.66886ms&#xA;Jul 24 13:14:13.372: INFO: Terminating ReplicationController affinity-nodeport-timeout pods took: 303.922957ms&#xA;[AfterEach] [sig-network] Services&#xA;  /workspace/src/k8s.io/kubernetes/_output/dockerized/go/src/k8s.io/kubernetes/test/e2e/framework/framework.go:186&#xA;STEP: Collecting events from namespace &#34;services-1794&#34;.&#xA;STEP: Found 31 events.&#xA;Jul 24 13:14:20.588: INFO: At 2022-07-24 13:13:32 +0000 UTC - event for kube-proxy-mode-detector: {default-scheduler } Scheduled: Successfully assigned services-1794/kube-proxy-mode-detector to kubernetes-node-02&#xA;Jul 24 13:14:20.588: INFO: At 2022-07-24 13:13:37 +0000 UTC - event for kube-proxy-mode-detector: {kubelet kubernetes-node-02} Pulled: Container image &#34;k8s.gcr.io/e2e-test-images/agnhost:2.32&#34; already present on machine&#xA;Jul 24 13:14:20.588: INFO: At 2022-07-24 13:13:38 +0000 UTC - event for kube-proxy-mode-detector: {kubelet kubernetes-node-02} Created: Created container agnhost-container&#xA;Jul 24 13:14:20.588: INFO: At 2022-07-24 13:13:39 +0000 UTC - event for kube-proxy-mode-detector: {kubelet kubernetes-node-02} Started: Started container agnhost-container&#xA;Jul 24 13:14:20.588: INFO: At 2022-07-24 13:13:41 +0000 UTC - event for affinity-nodeport-timeout: {replication-controller } SuccessfulCreate: Created pod: affinity-nodeport-timeout-lq88l&#xA;Jul 24 13:14:20.588: INFO: At 2022-07-24 13:13:41 +0000 UTC - event for affinity-nodeport-timeout: {replication-controller } SuccessfulCreate: Created pod: affinity-nodeport-timeout-2tr8c&#xA;Jul 24 13:14:20.588: INFO: At 2022-07-24 13:13:41 +0000 UTC - event for affinity-nodeport-timeout: {replication-controller } SuccessfulCreate: Created pod: affinity-nodeport-timeout-pvlkf&#xA;Jul 24 13:14:20.588: INFO: At 2022-07-24 13:13:41 +0000 UTC - event for affinity-nodeport-timeout-2tr8c: {default-scheduler } Scheduled: Successfully assigned services-1794/affinity-nodeport-timeout-2tr8c to kubernetes-node-02&#xA;Jul 24 13:14:20.588: INFO: At 2022-07-24 13:13:41 +0000 UTC - event for affinity-nodeport-timeout-lq88l: {default-scheduler } Scheduled: Successfully assigned services-1794/affinity-nodeport-timeout-lq88l to kubernetes-node-02&#xA;Jul 24 13:14:20.588: INFO: At 2022-07-24 13:13:41 +0000 UTC - event for affinity-nodeport-timeout-pvlkf: {default-scheduler } Scheduled: Successfully assigned services-1794/affinity-nodeport-timeout-pvlkf to kubernetes-node-02&#xA;Jul 24 13:14:20.588: INFO: At 2022-07-24 13:13:42 +0000 UTC - event for affinity-nodeport-timeout-2tr8c: {kubelet kubernetes-node-02} FailedMount: MountVolume.SetUp failed for volume &#34;kube-api-access-cxqw5&#34; : failed to sync configmap cache: timed out waiting for the condition&#xA;Jul 24 13:14:20.588: INFO: At 2022-07-24 13:13:42 +0000 UTC - event for affinity-nodeport-timeout-lq88l: {kubelet kubernetes-node-02} FailedMount: MountVolume.SetUp failed for volume &#34;kube-api-access-mh9tq&#34; : failed to sync configmap cache: timed out waiting for the condition&#xA;Jul 24 13:14:20.588: INFO: At 2022-07-24 13:13:42 +0000 UTC - event for affinity-nodeport-timeout-pvlkf: {kubelet kubernetes-node-02} FailedMount: MountVolume.SetUp failed for volume &#34;kube-api-access-rvmxf&#34; : failed to sync configmap cache: timed out waiting for the condition&#xA;Jul 24 13:14:20.588: INFO: At 2022-07-24 13:13:42 +0000 UTC - event for kube-proxy-mode-detector: {kubelet kubernetes-node-02} Killing: Stopping container agnhost-container&#xA;Jul 24 13:14:20.588: INFO: At 2022-07-24 13:13:50 +0000 UTC - event for affinity-nodeport-timeout-2tr8c: {kubelet kubernetes-node-02} Pulled: Container image &#34;k8s.gcr.io/e2e-test-images/agnhost:2.32&#34; already present on machine&#xA;Jul 24 13:14:20.588: INFO: At 2022-07-24 13:13:53 +0000 UTC - event for affinity-nodeport-timeout-lq88l: {kubelet kubernetes-node-02} Pulled: Container image &#34;k8s.gcr.io/e2e-test-images/agnhost:2.32&#34; already present on machine&#xA;Jul 24 13:14:20.588: INFO: At 2022-07-24 13:13:53 +0000 UTC - event for affinity-nodeport-timeout-pvlkf: {kubelet kubernetes-node-02} Pulled: Container image &#34;k8s.gcr.io/e2e-test-images/agnhost:2.32&#34; already present on machine&#xA;Jul 24 13:14:20.588: INFO: At 2022-07-24 13:13:54 +0000 UTC - event for affinity-nodeport-timeout-2tr8c: {kubelet kubernetes-node-02} Created: Created container affinity-nodeport-timeout&#xA;Jul 24 13:14:20.588: INFO: At 2022-07-24 13:13:56 +0000 UTC - event for affinity-nodeport-timeout-2tr8c: {kubelet kubernetes-node-02} Started: Started container affinity-nodeport-timeout&#xA;Jul 24 13:14:20.588: INFO: At 2022-07-24 13:13:56 +0000 UTC - event for affinity-nodeport-timeout-lq88l: {kubelet kubernetes-node-02} Created: Created container affinity-nodeport-timeout&#xA;Jul 24 13:14:20.588: INFO: At 2022-07-24 13:13:58 +0000 UTC - event for affinity-nodeport-timeout-lq88l: {kubelet kubernetes-node-02} Started: Started container affinity-nodeport-timeout&#xA;Jul 24 13:14:20.588: INFO: At 2022-07-24 13:13:58 +0000 UTC - event for affinity-nodeport-timeout-pvlkf: {kubelet kubernetes-node-02} Started: Started container affinity-nodeport-timeout&#xA;Jul 24 13:14:20.588: INFO: At 2022-07-24 13:13:58 +0000 UTC - event for affinity-nodeport-timeout-pvlkf: {kubelet kubernetes-node-02} Created: Created container affinity-nodeport-timeout&#xA;Jul 24 13:14:20.588: INFO: At 2022-07-24 13:14:02 +0000 UTC - event for execpod-affinityfz4rx: {default-scheduler } Scheduled: Successfully assigned services-1794/execpod-affinityfz4rx to kubernetes-node-02&#xA;Jul 24 13:14:20.588: INFO: At 2022-07-24 13:14:05 +0000 UTC - event for execpod-affinityfz4rx: {kubelet kubernetes-node-02} Pulled: Container image &#34;k8s.gcr.io/e2e-test-images/agnhost:2.32&#34; already present on machine&#xA;Jul 24 13:14:20.588: INFO: At 2022-07-24 13:14:08 +0000 UTC - event for execpod-affinityfz4rx: {kubelet kubernetes-node-02} Created: Created container agnhost-container&#xA;Jul 24 13:14:20.588: INFO: At 2022-07-24 13:14:10 +0000 UTC - event for execpod-affinityfz4rx: {kubelet kubernetes-node-02} Started: Started container agnhost-container&#xA;Jul 24 13:14:20.588: INFO: At 2022-07-24 13:14:13 +0000 UTC - event for affinity-nodeport-timeout-2tr8c: {kubelet kubernetes-node-02} Killing: Stopping container affinity-nodeport-timeout&#xA;Jul 24 13:14:20.588: INFO: At 2022-07-24 13:14:13 +0000 UTC - event for affinity-nodeport-timeout-lq88l: {kubelet kubernetes-node-02} Killing: Stopping container affinity-nodeport-timeout&#xA;Jul 24 13:14:20.588: INFO: At 2022-07-24 13:14:13 +0000 UTC - event for affinity-nodeport-timeout-pvlkf: {kubelet kubernetes-node-02} Killing: Stopping container affinity-nodeport-timeout&#xA;Jul 24 13:14:20.588: INFO: At 2022-07-24 13:14:13 +0000 UTC - event for execpod-affinityfz4rx: {kubelet kubernetes-node-02} Killing: Stopping container agnhost-container&#xA;Jul 24 13:14:20.591: INFO: POD  NODE  PHASE  GRACE  CONDITIONS&#xA;Jul 24 13:14:20.591: INFO: &#xA;Jul 24 13:14:20.594: INFO: &#xA;Logging node info for node k8s-node03&#xA;Jul 24 13:14:20.602: INFO: Node Info: &amp;Node{ObjectMeta:{k8s-node03    f005bf71-6041-45da-927c-72c442c8be97 5709422 0 2022-07-05 02:22:15 +0000 UTC &lt;nil&gt; &lt;nil&gt; map[beta.kubernetes.io/arch:amd64 beta.kubernetes.io/os:linux kubernetes.io/arch:amd64 kubernetes.io/hostname:k8s-node03 kubernetes.io/os:linux] map[flannel.alpha.coreos.com/backend-data:{&#34;VNI&#34;:1,&#34;VtepMAC&#34;:&#34;6a:72:10:8f:24:03&#34;} flannel.alpha.coreos.com/backend-type:vxlan flannel.alpha.coreos.com/kube-subnet-manager:true flannel.alpha.coreos.com/public-ip:192.168.132.213 kubeadm.alpha.kubernetes.io/cri-socket:/var/run/dockershim.sock node.alpha.kubernetes.io/ttl:0 volumes.kubernetes.io/controller-managed-attach-detach:true] [] []  [{kubelet Update v1 2022-07-05 02:22:15 +0000 UTC FieldsV1 {&#34;f:metadata&#34;:{&#34;f:annotations&#34;:{&#34;.&#34;:{},&#34;f:volumes.kubernetes.io/controller-managed-attach-detach&#34;:{}},&#34;f:labels&#34;:{&#34;.&#34;:{},&#34;f:beta.kubernetes.io/arch&#34;:{},&#34;f:beta.kubernetes.io/os&#34;:{},&#34;f:kubernetes.io/arch&#34;:{},&#34;f:kubernetes.io/hostname&#34;:{},&#34;f:kubernetes.io/os&#34;:{}}}} } {kubeadm Update v1 2022-07-05 02:22:20 +0000 UTC FieldsV1 {&#34;f:metadata&#34;:{&#34;f:annotations&#34;:{&#34;f:kubeadm.alpha.kubernetes.io/cri-socket&#34;:{}}}} } {flanneld Update v1 2022-07-05 02:25:35 +0000 UTC FieldsV1 {&#34;f:metadata&#34;:{&#34;f:annotations&#34;:{&#34;f:flannel.alpha.coreos.com/backend-data&#34;:{},&#34;f:flannel.alpha.coreos.com/backend-type&#34;:{},&#34;f:flannel.alpha.coreos.com/kube-subnet-manager&#34;:{},&#34;f:flannel.alpha.coreos.com/public-ip&#34;:{}}},&#34;f:status&#34;:{&#34;f:conditions&#34;:{&#34;k:{\&#34;type\&#34;:\&#34;NetworkUnavailable\&#34;}&#34;:{&#34;.&#34;:{},&#34;f:lastHeartbeatTime&#34;:{},&#34;f:lastTransitionTime&#34;:{},&#34;f:message&#34;:{},&#34;f:reason&#34;:{},&#34;f:status&#34;:{},&#34;f:type&#34;:{}}}}} status} {e2e.test Update v1 2022-07-24 11:57:52 +0000 UTC FieldsV1 {&#34;f:status&#34;:{&#34;f:capacity&#34;:{&#34;f:example.com/fakecpu&#34;:{},&#34;f:scheduling.k8s.io/foo&#34;:{}}}} status} {kubelet Update v1 2022-07-24 11:57:58 +0000 UTC FieldsV1 {&#34;f:status&#34;:{&#34;f:allocatable&#34;:{&#34;f:ephemeral-storage&#34;:{},&#34;f:example.com/fakecpu&#34;:{},&#34;f:scheduling.k8s.io/foo&#34;:{}},&#34;f:capacity&#34;:{&#34;f:ephemeral-storage&#34;:{}},&#34;f:conditions&#34;:{&#34;k:{\&#34;type\&#34;:\&#34;DiskPressure\&#34;}&#34;:{&#34;f:lastHeartbeatTime&#34;:{}},&#34;k:{\&#34;type\&#34;:\&#34;MemoryPressure\&#34;}&#34;:{&#34;f:lastHeartbeatTime&#34;:{}},&#34;k:{\&#34;type\&#34;:\&#34;PIDPressure\&#34;}&#34;:{&#34;f:lastHeartbeatTime&#34;:{}},&#34;k:{\&#34;type\&#34;:\&#34;Ready\&#34;}&#34;:{&#34;f:lastHeartbeatTime&#34;:{},&#34;f:lastTransitionTime&#34;:{},&#34;f:message&#34;:{},&#34;f:reason&#34;:{},&#34;f:status&#34;:{}}},&#34;f:images&#34;:{}}} status} {kube-controller-manager Update v1 2022-07-24 13:11:28 +0000 UTC FieldsV1 {&#34;f:metadata&#34;:{&#34;f:annotations&#34;:{&#34;f:node.alpha.kubernetes.io/ttl&#34;:{}}},&#34;f:spec&#34;:{&#34;f:podCIDR&#34;:{},&#34;f:podCIDRs&#34;:{&#34;.&#34;:{},&#34;v:\&#34;10.244.1.0/24\&#34;&#34;:{}}}} }]},Spec:NodeSpec{PodCIDR:10.244.1.0/24,DoNotUseExternalID:,ProviderID:,Unschedulable:false,Taints:[]Taint{},ConfigSource:nil,PodCIDRs:[10.244.1.0/24],},Status:NodeStatus{Capacity:ResourceList{cpu: {{8 0} {&lt;nil&gt;} 8 DecimalSI},ephemeral-storage: {{209930366976 0} {&lt;nil&gt;} 205010124Ki BinarySI},example.com/fakecpu: {{1 3} {&lt;nil&gt;} 1k DecimalSI},hugepages-1Gi: {{0 0} {&lt;nil&gt;} 0 DecimalSI},hugepages-2Mi: {{0 0} {&lt;nil&gt;} 0 DecimalSI},memory: {{16656281600 0} {&lt;nil&gt;} 16265900Ki BinarySI},pods: {{110 0} {&lt;nil&gt;} 110 DecimalSI},scheduling.k8s.io/foo: {{5 0} {&lt;nil&gt;} 5 DecimalSI},},Allocatable:ResourceList{cpu: {{8 0} {&lt;nil&gt;} 8 DecimalSI},ephemeral-storage: {{188937329966 0} {&lt;nil&gt;} 188937329966 DecimalSI},example.com/fakecpu: {{1 3} {&lt;nil&gt;} 1k DecimalSI},hugepages-1Gi: {{0 0} {&lt;nil&gt;} 0 DecimalSI},hugepages-2Mi: {{0 0} {&lt;nil&gt;} 0 DecimalSI},memory: {{16551424000 0} {&lt;nil&gt;} 16163500Ki BinarySI},pods: {{110 0} {&lt;nil&gt;} 110 DecimalSI},scheduling.k8s.io/foo: {{5 0} {&lt;nil&gt;} 5 DecimalSI},},Phase:,Conditions:[]NodeCondition{NodeCondition{Type:NetworkUnavailable,Status:False,LastHeartbeatTime:2022-07-10 14:28:16 +0000 UTC,LastTransitionTime:2022-07-10 14:28:16 +0000 UTC,Reason:FlannelIsUp,Message:Flannel is running on this node,},NodeCondition{Type:MemoryPressure,Status:False,LastHeartbeatTime:2022-07-24 13:13:32 +0000 UTC,LastTransitionTime:2022-07-05 02:22:48 +0000 UTC,Reason:KubeletHasSufficientMemory,Message:kubelet has sufficient memory available,},NodeCondition{Type:DiskPressure,Status:False,LastHeartbeatTime:2022-07-24 13:13:32 +0000 UTC,LastTransitionTime:2022-07-05 02:22:48 +0000 UTC,Reason:KubeletHasNoDiskPressure,Message:kubelet has no disk pressure,},NodeCondition{Type:PIDPressure,Status:False,LastHeartbeatTime:2022-07-24 13:13:32 +0000 UTC,LastTransitionTime:2022-07-05 02:22:48 +0000 UTC,Reason:KubeletHasSufficientPID,Message:kubelet has sufficient PID available,},NodeCondition{Type:Ready,Status:True,LastHeartbeatTime:2022-07-24 13:13:32 +0000 UTC,LastTransitionTime:2022-07-24 13:13:32 +0000 UTC,Reason:KubeletReady,Message:kubelet is posting ready status,},},Addresses:[]NodeAddress{NodeAddress{Type:InternalIP,Address:192.168.132.213,},NodeAddress{Type:Hostname,Address:k8s-node03,},},DaemonEndpoints:NodeDaemonEndpoints{KubeletEndpoint:DaemonEndpoint{Port:10250,},},NodeInfo:NodeSystemInfo{MachineID:5c4f44645c224c32b2e13018f4b1e6fe,SystemUUID:363F4D56-1C03-892D-B6DD-88BC8E04D266,BootID:cd76da84-f7b8-4e6c-b632-bf887a8547ba,KernelVersion:3.10.0-1160.el7.x86_64,OSImage:CentOS Linux 7 (Core),ContainerRuntimeVersion:docker://20.10.12,KubeletVersion:v1.22.3,KubeProxyVersion:v1.22.3,OperatingSystem:linux,Architecture:amd64,},Images:[]ContainerImage{ContainerImage{Names:[k8s.gcr.io/e2e-test-images/cuda-vector-add:2.2],SizeBytes:2579956550,},ContainerImage{Names:[k8s.gcr.io/e2e-test-images/cuda-vector-add:1.0],SizeBytes:2047006036,},ContainerImage{Names:[gcr.io/kubernetes-e2e-test-images/cuda-vector-add:1.0],SizeBytes:2016942040,},ContainerImage{Names:[registry.cn-qingdao.aliyuncs.com/metersphere/seleniarm-grid-all:4.1.4-20220519],SizeBytes:1904652549,},ContainerImage{Names:[k8s.gcr.io/e2e-test-images/node-perf/tf-wide-deep:1.1],SizeBytes:1631128450,},ContainerImage{Names:[harbor.moresec.cn/ksp/webshell_srv@sha256:52331f042d9b722692b7d1e7d39bad602f0755a948b8a439b4a27c4c0fae045f harbor.moresec.cn/ksp/webshell_srv:2.2.0 harbor.moresec.cn/ksp/webshell_srv:latest],SizeBytes:981080070,},ContainerImage{Names:[golang@sha256:e06c83493ef6d69c95018da90f2887bf337470db074d3c648b8b648d8e3c441e golang:latest],SizeBytes:940801393,},ContainerImage{Names:[k8s.gcr.io/e2e-test-images/perl:5.26],SizeBytes:853225645,},ContainerImage{Names:[k8s.gcr.io/e2e-test-images/volume/rbd:1.0.3],SizeBytes:751897580,},ContainerImage{Names:[istio/examples-bookinfo-reviews-v1@sha256:d1b8447be70549f1f7303f266d88c16112e2695cc110603fdb1c8ee432a627bf istio/examples-bookinfo-reviews-v1:1.16.2],SizeBytes:693666078,},ContainerImage{Names:[docker-dev.moresec.cn:10443/ksp/sc_worker@sha256:3a05b8285428e9559bc9cf50da00e8239dac3c86882dce41965debd7ec996362 harbor.moresec.cn/sca_k8s/sc_worker@sha256:3a05b8285428e9559bc9cf50da00e8239dac3c86882dce41965debd7ec996362 docker-dev.moresec.cn:10443/ksp/sc_worker:1.2.4 harbor.moresec.cn/sca_k8s/sc_worker:1.2.4],SizeBytes:649910709,},ContainerImage{Names:[docker-dev.moresec.cn:10443/ksp/ksp_init@sha256:9e658148b745bcc5131d6f68e0d2d7388c27faf5bc861b13e8272fdaeb4408b1 docker-dev.moresec.cn:10443/ksp/ksp_init:2.1.0],SizeBytes:628261780,},ContainerImage{Names:[registry.cn-qingdao.aliyuncs.com/metersphere/metersphere:v1.20.6-lts],SizeBytes:610265209,},ContainerImage{Names:[harbor.moresec.cn/ksp/ksp_agent@sha256:c1932469dedf0835e9ad565f029513d9c0d005811f0832bfb7b661f7483ac72c],SizeBytes:602699860,},ContainerImage{Names:[docker-dev.moresec.cn:10443/ksp/ksp_agent@sha256:5334579fdffbc7898576b6fa09dee2011dafdc9b1fc0fa3f4856fb5c4ae4930b docker-dev.moresec.cn:10443/ksp/ksp_agent:latest],SizeBytes:602398865,},ContainerImage{Names:[registry.cn-qingdao.aliyuncs.com/metersphere/kafka:2],SizeBytes:584842926,},ContainerImage{Names:[docker-dev.moresec.cn:10443/ksp/kafka@sha256:33751847bde5c37fe0f329b73ed12ee92eeb27783035d91b03ffdb93c3e6fb65 docker-dev.moresec.cn:10443/ksp/kafka:2.8.1],SizeBytes:584811800,},ContainerImage{Names:[registry.cn-qingdao.aliyuncs.com/metersphere/jmeter-master:5.4.3-ms6-jdk11],SizeBytes:575005331,},ContainerImage{Names:[kennethreitz/httpbin@sha256:599fe5e5073102dbb0ee3dbb65f049dab44fa9fc251f6835c9990f8fb196a72b kennethreitz/httpbin:latest],SizeBytes:533651313,},ContainerImage{Names:[registry.cn-qingdao.aliyuncs.com/metersphere/ms-node-controller:v1.20.6-lts],SizeBytes:530934282,},ContainerImage{Names:[bitnami/fluentd@sha256:573b98fb93057d1fd484724253d445f76dfbf1b3f68816b0414e75e07d84dfb4 harbor.moresec.cn/ksp/fluentd@sha256:573b98fb93057d1fd484724253d445f76dfbf1b3f68816b0414e75e07d84dfb4 bitnami/fluentd:1.14.2-debian-10-r9 harbor.moresec.cn/ksp/fluentd:1.14.2-debian-10-r9],SizeBytes:508732919,},ContainerImage{Names:[harbor.moresec.cn/ksp/ksp_agent@sha256:f96a653e88fcf5b71a82e603da3ace5e774c9dd4e37dcdfc7a1db3ce87267245 harbor.moresec.cn/ksp/ksp_agent:latest],SizeBytes:495969065,},ContainerImage{Names:[harbor.moresec.cn/ksp/ksp_agent@sha256:62d75a6961ee50b7bbea1eeb9a835b8809fbf868cda8ea7e30c57a871fe36ae4],SizeBytes:495943489,},ContainerImage{Names:[harbor.moresec.cn/ksp/ksp_agent@sha256:4244293c22c6871d040fd67f559b8d44a93291a5c83c8f8ebb541fdb077fbc77],SizeBytes:495920142,},ContainerImage{Names:[harbor.moresec.cn/ksp/ksp_agent@sha256:fcc1e1c17304da836dad3777e003799b77df4b754168079b43b23e7dfd8e2921],SizeBytes:495919990,},ContainerImage{Names:[docker-dev.moresec.cn:10443/ksp/ksp_agent@sha256:36abcc9dd9a4fd2ee9cc6a7332df5e906d9d785e8100e7cc252fa18880c9bf3f docker-dev.moresec.cn:10443/ksp/ksp_agent:2.1.0],SizeBytes:491617343,},ContainerImage{Names:[docker-dev.moresec.cn:10443/ksp/ksp_agent@sha256:70debd6986cfcb0361a0220aa9a3df8f74f3ab7cd097450bfedeb1d1f125021e docker-dev.moresec.cn:10443/ksp/ksp_agent:debug],SizeBytes:491553819,},ContainerImage{Names:[tomcat@sha256:df634a0b4a2a61069521c4681609423b3794d2a3120821b92f346710450ad344 tomcat:latest],SizeBytes:482781027,},ContainerImage{Names:[tomcat@sha256:8ba062f472d7dbde11458d257f3a251af89c38bf96f0b9b60683ff440491cb5c tomcat:8],SizeBytes:481266517,},ContainerImage{Names:[192.168.132.114/iast/iast@sha256:d70b9b55f733826235411c55b7da72d79ad3981653665b0fcd9cfd8c2375d795 192.168.132.114/iast/iast:latest],SizeBytes:479554901,},ContainerImage{Names:[docker-dev.moresec.cn:10443/ksp/influxdb@sha256:4d688fb9837fcfb84ac4cdd65215e06c2c98cac743ffbbddde8a735d4ef1f707 docker-dev.moresec.cn:10443/ksp/influxdb:2.0.9-debian-10-r5],SizeBytes:468207544,},ContainerImage{Names:[docker-dev.moresec.cn:10443/ksp/zookeeper@sha256:3f077ee4e6b2ff601c2344b1bd007e752ad3ca66550eaf41604e290a02bb92c7 docker-dev.moresec.cn:10443/ksp/zookeeper:3.7.0-debian-10-r68],SizeBytes:468025553,},ContainerImage{Names:[docker-dev.moresec.cn:10443/ksp/zookeeper@sha256:48d32c70549cdddb608dea0b66ce3d9472e20794cf295a6c32df0c37df3a14c1 docker-dev.moresec.cn:10443/ksp/zookeeper:3.6.3],SizeBytes:467282205,},ContainerImage{Names:[harbor.moresec.cn/ksp/mongodb@sha256:fd56fed5a87feb1a9f18e7d31362518a30b7a31fa053e0d6faca281e223d75ce harbor.moresec.cn/ksp/mongodb:4.4.5-debian-10-r0],SizeBytes:453660053,},ContainerImage{Names:[registry.cn-qingdao.aliyuncs.com/metersphere/zookeeper:3],SizeBytes:450669889,},ContainerImage{Names:[jenkins/inbound-agent@sha256:fd03ca26dbc0745eef54d0919df1f4d030d0bb5da8befaad84bd22f649f1e26b jenkins/inbound-agent:4.11-1-jdk8],SizeBytes:449034389,},ContainerImage{Names:[registry.cn-qingdao.aliyuncs.com/metersphere/mysql:5.7.33],SizeBytes:448709496,},ContainerImage{Names:[harbor.moresec.cn/ksp/sav_service@sha256:1cded1904d167b240f4821e7bc63745478991000e7715d5c4eecc134c25bb8ad harbor.moresec.cn/ksp/sav_service:2.2.0 harbor.moresec.cn/ksp/sav_service:latest],SizeBytes:434790033,},ContainerImage{Names:[harbor.moresec.cn/ksp/ksp_agent@sha256:0fa5495795843bd5d69156d87b2d1c8ba34758af85fcd472ec6ad0daba56fe26],SizeBytes:433527765,},ContainerImage{Names:[harbor.moresec.cn/ksp/ksp_agent@sha256:7fc828e5732309187da20a9a025a142f8229f04087601a9fad119c3724ab6e92 harbor.moresec.cn/ksp/ksp_agent:2.2.0],SizeBytes:433527765,},ContainerImage{Names:[harbor.moresec.cn/ksp/ksp_agent@sha256:b6455a0f39f08b39b5ee701bbcfb11edb8484478bfe44f30a3a48f041ea504b1],SizeBytes:433527765,},ContainerImage{Names:[k8s.gcr.io/e2e-test-images/volume/iscsi:2.2],SizeBytes:414158129,},ContainerImage{Names:[k8s.gcr.io/sig-storage/nfs-provisioner:v2.2.2],SizeBytes:391702539,},ContainerImage{Names:[docker-dev.moresec.cn:10443/ksp/ksp_agent@sha256:fee3f2661f343139839f62ece13d4749d6f6d03aa748ce4467c7ed97eeca36ed docker-dev.moresec.cn:10443/ksp/ksp_agent:1.4.1],SizeBytes:391574036,},ContainerImage{Names:[kubesphere/ks-installer@sha256:749f1ed10c672ae460f79932553ac5ba321b98df972b778041dc2cc7402dd478 kubesphere/ks-installer:v3.2.1],SizeBytes:383453543,},ContainerImage{Names:[k8s.gcr.io/e2e-test-images/glusterdynamic-provisioner:v1.0],SizeBytes:373269502,},ContainerImage{Names:[k8s.gcr.io/e2e-test-images/volume/gluster:1.2],SizeBytes:340272046,},ContainerImage{Names:[bitnami/fluentd@sha256:1929a66b95c98cc074242933b9367e1194724c5e7019d0c9738523ab6af8f097 bitnami/fluentd:latest],SizeBytes:339523678,},ContainerImage{Names:[sonobuoy/systemd-logs:v0.4],SizeBytes:314068873,},ContainerImage{Names:[registry.cn-qingdao.aliyuncs.com/metersphere/ms-data-streaming:v1.20.6-lts],SizeBytes:306751358,},},VolumesInUse:[],VolumesAttached:[]AttachedVolume{},Config:nil,},}&#xA;Jul 24 13:14:20.603: INFO: &#xA;Logging kubelet events for node k8s-node03&#xA;Jul 24 13:14:20.605: INFO: &#xA;Logging pods the kubelet thinks is on node k8s-node03&#xA;Jul 24 13:14:20.640: INFO: static-web started at 2022-07-12 05:43:17 +0000 UTC (0+1 container statuses recorded)&#xA;Jul 24 13:14:20.640: INFO: &#x9;Container web ready: true, restart count 0&#xA;Jul 24 13:14:20.640: INFO: ksp-cluster-agent-7fb968c996-fxb7g started at 2022-07-20 11:56:22 +0000 UTC (0+1 container statuses recorded)&#xA;Jul 24 13:14:20.640: INFO: &#x9;Container cluster-agent ready: true, restart count 11&#xA;Jul 24 13:14:20.640: INFO: kubectl-test-7d8d6cb4fd-bqbnm started at 2022-07-24 12:39:15 +0000 UTC (0+1 container statuses recorded)&#xA;Jul 24 13:14:20.640: INFO: &#x9;Container kubectl ready: true, restart count 0&#xA;Jul 24 13:14:20.640: INFO: kubectl-nibaba-b45bd6bd5-wwcvd started at 2022-07-24 12:39:16 +0000 UTC (0+1 container statuses recorded)&#xA;Jul 24 13:14:20.640: INFO: &#x9;Container kubectl ready: true, restart count 0&#xA;Jul 24 13:14:20.640: INFO: kube-state-metrics-7bdc7484cf-fswtg started at 2022-07-24 12:39:16 +0000 UTC (0+3 container statuses recorded)&#xA;Jul 24 13:14:20.640: INFO: &#x9;Container kube-rbac-proxy-main ready: true, restart count 0&#xA;Jul 24 13:14:20.640: INFO: &#x9;Container kube-rbac-proxy-self ready: true, restart count 0&#xA;Jul 24 13:14:20.640: INFO: &#x9;Container kube-state-metrics ready: true, restart count 0&#xA;Jul 24 13:14:20.640: INFO: mytomcat-bb7b6978b-9p9m7 started at 2022-07-14 09:47:13 +0000 UTC (0+1 container statuses recorded)&#xA;Jul 24 13:14:20.640: INFO: &#x9;Container mytomcat ready: true, restart count 0&#xA;Jul 24 13:14:20.640: INFO: mytomcat-bb7b6978b-b7mp4 started at 2022-07-14 09:47:13 +0000 UTC (0+1 container statuses recorded)&#xA;Jul 24 13:14:20.640: INFO: &#x9;Container mytomcat ready: true, restart count 0&#xA;Jul 24 13:14:20.640: INFO: mytomcat-bb7b6978b-g9tgt started at 2022-07-14 09:47:13 +0000 UTC (0+1 container statuses recorded)&#xA;Jul 24 13:14:20.640: INFO: &#x9;Container mytomcat ready: true, restart count 0&#xA;Jul 24 13:14:20.640: INFO: node-exporter-f9m2n started at 2022-07-08 03:28:45 +0000 UTC (0+2 container statuses recorded)&#xA;Jul 24 13:14:20.640: INFO: &#x9;Container kube-rbac-proxy ready: true, restart count 0&#xA;Jul 24 13:14:20.640: INFO: &#x9;Container node-exporter ready: true, restart count 0&#xA;Jul 24 13:14:20.640: INFO: mytomcat-bb7b6978b-55lfk started at 2022-07-14 09:47:13 +0000 UTC (0+1 container statuses recorded)&#xA;Jul 24 13:14:20.640: INFO: &#x9;Container mytomcat ready: true, restart count 0&#xA;Jul 24 13:14:20.640: INFO: ksp-mongodb-0 started at 2022-07-10 14:28:11 +0000 UTC (0+1 container statuses recorded)&#xA;Jul 24 13:14:20.640: INFO: &#x9;Container mongodb ready: true, restart count 0&#xA;Jul 24 13:14:20.640: INFO: sonobuoy-systemd-logs-daemon-set-bb55de94825d4876-wswjk started at 2022-07-24 11:16:54 +0000 UTC (0+2 container statuses recorded)&#xA;Jul 24 13:14:20.640: INFO: &#x9;Container sonobuoy-worker ready: true, restart count 0&#xA;Jul 24 13:14:20.640: INFO: &#x9;Container systemd-logs ready: true, restart count 0&#xA;Jul 24 13:14:20.640: INFO: tomcat-ttt45-6c575b65c4-h2fgc started at 2022-07-24 12:39:26 +0000 UTC (0+1 container statuses recorded)&#xA;Jul 24 13:14:20.640: INFO: &#x9;Container tomcat-ttt45 ready: true, restart count 0&#xA;Jul 24 13:14:20.640: INFO: pod-partial-resources started at 2022-07-24 13:07:33 +0000 UTC (0+1 container statuses recorded)&#xA;Jul 24 13:14:20.640: INFO: &#x9;Container pause ready: true, restart count 0&#xA;Jul 24 13:14:20.640: INFO: kube-proxy-wr6vf started at 2022-07-05 02:22:49 +0000 UTC (0+1 container statuses recorded)&#xA;Jul 24 13:14:20.640: INFO: &#x9;Container kube-proxy ready: true, restart count 0&#xA;Jul 24 13:14:20.640: INFO: ksp-cluster-manager-67476c9b6c-7slls started at 2022-07-20 02:40:20 +0000 UTC (0+1 container statuses recorded)&#xA;Jul 24 13:14:20.640: INFO: &#x9;Container cluster-manager ready: true, restart count 8&#xA;Jul 24 13:14:20.640: INFO: nginx-deployment-66b6c48dd5-2kksf started at 2022-07-20 02:40:22 +0000 UTC (0+1 container statuses recorded)&#xA;Jul 24 13:14:20.640: INFO: &#x9;Container nginx ready: true, restart count 0&#xA;Jul 24 13:14:20.640: INFO: ksp-account-647659d74f-vq9lh started at 2022-07-20 02:40:23 +0000 UTC (0+2 container statuses recorded)&#xA;Jul 24 13:14:20.640: INFO: &#x9;Container account-gateway ready: true, restart count 0&#xA;Jul 24 13:14:20.640: INFO: &#x9;Container account-server ready: true, restart count 0&#xA;Jul 24 13:14:20.640: INFO: gatekeeper-controller-manager-6566df6878-lqlww started at 2022-07-24 12:39:15 +0000 UTC (0+1 container statuses recorded)&#xA;Jul 24 13:14:20.640: INFO: &#x9;Container manager ready: true, restart count 0&#xA;Jul 24 13:14:20.640: INFO: ksp-controller-85dc685ddc-swvhm started at 2022-07-24 12:39:16 +0000 UTC (0+1 container statuses recorded)&#xA;Jul 24 13:14:20.640: INFO: &#x9;Container controller ready: true, restart count 0&#xA;Jul 24 13:14:20.640: INFO: kube-flannel-ds-9bdvn started at 2022-07-10 14:28:10 +0000 UTC (2+1 container statuses recorded)&#xA;Jul 24 13:14:20.640: INFO: &#x9;Init container install-cni-plugin ready: true, restart count 0&#xA;Jul 24 13:14:20.640: INFO: &#x9;Init container install-cni ready: true, restart count 0&#xA;Jul 24 13:14:20.640: INFO: &#x9;Container kube-flannel ready: true, restart count 0&#xA;Jul 24 13:14:20.640: INFO: ksp-image-scanner-855f89657c-2gr9n started at 2022-07-18 06:47:00 +0000 UTC (0+3 container statuses recorded)&#xA;Jul 24 13:14:20.640: INFO: &#x9;Container image-scanner ready: true, restart count 0&#xA;Jul 24 13:14:20.640: INFO: &#x9;Container sav-service ready: true, restart count 0&#xA;Jul 24 13:14:20.640: INFO: &#x9;Container webshell-srv ready: true, restart count 0&#xA;Jul 24 13:14:20.640: INFO: metrics-server-687cb5444-nsqpc started at 2022-07-20 02:40:22 +0000 UTC (0+1 container statuses recorded)&#xA;Jul 24 13:14:20.640: INFO: &#x9;Container metrics-server ready: true, restart count 3&#xA;Jul 24 13:14:20.640: INFO: ksp-gateway-5d5784b6ff-jdwgp started at 2022-07-20 11:56:20 +0000 UTC (0+1 container statuses recorded)&#xA;Jul 24 13:14:20.640: INFO: &#x9;Container gateway ready: true, restart count 7&#xA;Jul 24 13:14:20.640: INFO: gatekeeper-audit-8b65cf5d5-hnlqb started at 2022-07-24 12:39:15 +0000 UTC (0+1 container statuses recorded)&#xA;Jul 24 13:14:20.640: INFO: &#x9;Container manager ready: true, restart count 0&#xA;Jul 24 13:14:20.640: INFO: ubuntu-deployment-docker-sock-f7dc65cf-bh4cm started at 2022-07-15 07:29:35 +0000 UTC (0+1 container statuses recorded)&#xA;Jul 24 13:14:20.640: INFO: &#x9;Container ubuntu-docker-sock ready: true, restart count 0&#xA;Jul 24 13:14:20.640: INFO: revshell-7448cf7f48-9lrt9 started at 2022-07-24 12:39:16 +0000 UTC (0+1 container statuses recorded)&#xA;Jul 24 13:14:20.640: INFO: &#x9;Container revshell ready: true, restart count 0&#xA;Jul 24 13:14:20.640: INFO: gatekeeper-controller-manager-6566df6878-tsd9p started at 2022-07-20 02:40:21 +0000 UTC (0+1 container statuses recorded)&#xA;Jul 24 13:14:20.640: INFO: &#x9;Container manager ready: true, restart count 0&#xA;Jul 24 13:14:20.640: INFO: ksp-web-6544f958bf-kg5jx started at 2022-07-20 02:40:22 +0000 UTC (0+1 container statuses recorded)&#xA;Jul 24 13:14:20.640: INFO: &#x9;Container web ready: true, restart count 0&#xA;Jul 24 13:14:20.640: INFO: mytomcat-bb7b6978b-4strb started at 2022-07-14 09:47:13 +0000 UTC (0+1 container statuses recorded)&#xA;Jul 24 13:14:20.640: INFO: &#x9;Container mytomcat ready: true, restart count 0&#xA;Jul 24 13:14:20.712: INFO: &#xA;Latency metrics for node k8s-node03&#xA;Jul 24 13:14:20.712: INFO: &#xA;Logging node info for node kubernetes-master&#xA;Jul 24 13:14:20.768: INFO: Node Info: &amp;Node{ObjectMeta:{kubernetes-master    3aced625-2825-4266-8394-8b39739b3fbd 5708106 0 2022-07-05 02:21:30 +0000 UTC &lt;nil&gt; &lt;nil&gt; map[beta.kubernetes.io/arch:amd64 beta.kubernetes.io/os:linux kubernetes.io/arch:amd64 kubernetes.io/hostname:kubernetes-master kubernetes.io/os:linux node-role.kubernetes.io/control-plane: node-role.kubernetes.io/master: node.kubernetes.io/exclude-from-external-load-balancers:] map[flannel.alpha.coreos.com/backend-data:{&#34;VNI&#34;:1,&#34;VtepMAC&#34;:&#34;5e:f9:56:8e:68:51&#34;} flannel.alpha.coreos.com/backend-type:vxlan flannel.alpha.coreos.com/kube-subnet-manager:true flannel.alpha.coreos.com/public-ip:192.168.132.10 kubeadm.alpha.kubernetes.io/cri-socket:/var/run/dockershim.sock node.alpha.kubernetes.io/ttl:0 volumes.kubernetes.io/controller-managed-attach-detach:true] [] []  [{kubelet Update v1 2022-07-05 02:21:30 +0000 UTC FieldsV1 {&#34;f:metadata&#34;:{&#34;f:annotations&#34;:{&#34;.&#34;:{},&#34;f:volumes.kubernetes.io/controller-managed-attach-detach&#34;:{}},&#34;f:labels&#34;:{&#34;.&#34;:{},&#34;f:beta.kubernetes.io/arch&#34;:{},&#34;f:beta.kubernetes.io/os&#34;:{},&#34;f:kubernetes.io/arch&#34;:{},&#34;f:kubernetes.io/hostname&#34;:{},&#34;f:kubernetes.io/os&#34;:{}}}} } {kubeadm Update v1 2022-07-05 02:21:36 +0000 UTC FieldsV1 {&#34;f:metadata&#34;:{&#34;f:annotations&#34;:{&#34;f:kubeadm.alpha.kubernetes.io/cri-socket&#34;:{}},&#34;f:labels&#34;:{&#34;f:node-role.kubernetes.io/control-plane&#34;:{},&#34;f:node-role.kubernetes.io/master&#34;:{},&#34;f:node.kubernetes.io/exclude-from-external-load-balancers&#34;:{}}}} } {flanneld Update v1 2022-07-05 02:25:44 +0000 UTC FieldsV1 {&#34;f:metadata&#34;:{&#34;f:annotations&#34;:{&#34;f:flannel.alpha.coreos.com/backend-data&#34;:{},&#34;f:flannel.alpha.coreos.com/backend-type&#34;:{},&#34;f:flannel.alpha.coreos.com/kube-subnet-manager&#34;:{},&#34;f:flannel.alpha.coreos.com/public-ip&#34;:{}}},&#34;f:status&#34;:{&#34;f:conditions&#34;:{&#34;k:{\&#34;type\&#34;:\&#34;NetworkUnavailable\&#34;}&#34;:{&#34;.&#34;:{},&#34;f:lastHeartbeatTime&#34;:{},&#34;f:lastTransitionTime&#34;:{},&#34;f:message&#34;:{},&#34;f:reason&#34;:{},&#34;f:status&#34;:{},&#34;f:type&#34;:{}}}}} status} {kube-controller-manager Update v1 2022-07-05 02:25:51 +0000 UTC FieldsV1 {&#34;f:metadata&#34;:{&#34;f:annotations&#34;:{&#34;f:node.alpha.kubernetes.io/ttl&#34;:{}}},&#34;f:spec&#34;:{&#34;f:podCIDR&#34;:{},&#34;f:podCIDRs&#34;:{&#34;.&#34;:{},&#34;v:\&#34;10.244.0.0/24\&#34;&#34;:{}},&#34;f:taints&#34;:{}}} } {kubelet Update v1 2022-07-06 11:03:09 +0000 UTC FieldsV1 {&#34;f:status&#34;:{&#34;f:allocatable&#34;:{&#34;f:ephemeral-storage&#34;:{}},&#34;f:conditions&#34;:{&#34;k:{\&#34;type\&#34;:\&#34;DiskPressure\&#34;}&#34;:{&#34;f:lastHeartbeatTime&#34;:{},&#34;f:lastTransitionTime&#34;:{},&#34;f:message&#34;:{},&#34;f:reason&#34;:{},&#34;f:status&#34;:{}},&#34;k:{\&#34;type\&#34;:\&#34;MemoryPressure\&#34;}&#34;:{&#34;f:lastHeartbeatTime&#34;:{}},&#34;k:{\&#34;type\&#34;:\&#34;PIDPressure\&#34;}&#34;:{&#34;f:lastHeartbeatTime&#34;:{}},&#34;k:{\&#34;type\&#34;:\&#34;Ready\&#34;}&#34;:{&#34;f:lastHeartbeatTime&#34;:{},&#34;f:lastTransitionTime&#34;:{},&#34;f:message&#34;:{},&#34;f:reason&#34;:{},&#34;f:status&#34;:{}}},&#34;f:images&#34;:{}}} status}]},Spec:NodeSpec{PodCIDR:10.244.0.0/24,DoNotUseExternalID:,ProviderID:,Unschedulable:false,Taints:[]Taint{Taint{Key:node-role.kubernetes.io/master,Value:,Effect:NoSchedule,TimeAdded:&lt;nil&gt;,},},ConfigSource:nil,PodCIDRs:[10.244.0.0/24],},Status:NodeStatus{Capacity:ResourceList{cpu: {{8 0} {&lt;nil&gt;} 8 DecimalSI},ephemeral-storage: {{64393052160 0} {&lt;nil&gt;} 61410Mi BinarySI},hugepages-1Gi: {{0 0} {&lt;nil&gt;} 0 DecimalSI},hugepages-2Mi: {{0 0} {&lt;nil&gt;} 0 DecimalSI},memory: {{16363429888 0} {&lt;nil&gt;}  BinarySI},pods: {{110 0} {&lt;nil&gt;} 110 DecimalSI},},Allocatable:ResourceList{cpu: {{8 0} {&lt;nil&gt;} 8 DecimalSI},ephemeral-storage: {{57953746849 0} {&lt;nil&gt;} 57953746849 DecimalSI},hugepages-1Gi: {{0 0} {&lt;nil&gt;} 0 DecimalSI},hugepages-2Mi: {{0 0} {&lt;nil&gt;} 0 DecimalSI},memory: {{16258572288 0} {&lt;nil&gt;}  BinarySI},pods: {{110 0} {&lt;nil&gt;} 110 DecimalSI},},Phase:,Conditions:[]NodeCondition{NodeCondition{Type:NetworkUnavailable,Status:False,LastHeartbeatTime:2022-07-20 13:10:37 +0000 UTC,LastTransitionTime:2022-07-20 13:10:37 +0000 UTC,Reason:FlannelIsUp,Message:Flannel is running on this node,},NodeCondition{Type:MemoryPressure,Status:False,LastHeartbeatTime:2022-07-24 13:10:36 +0000 UTC,LastTransitionTime:2022-07-05 02:21:27 +0000 UTC,Reason:KubeletHasSufficientMemory,Message:kubelet has sufficient memory available,},NodeCondition{Type:DiskPressure,Status:False,LastHeartbeatTime:2022-07-24 13:10:36 +0000 UTC,LastTransitionTime:2022-07-20 14:01:09 +0000 UTC,Reason:KubeletHasNoDiskPressure,Message:kubelet has no disk pressure,},NodeCondition{Type:PIDPressure,Status:False,LastHeartbeatTime:2022-07-24 13:10:36 +0000 UTC,LastTransitionTime:2022-07-05 02:21:27 +0000 UTC,Reason:KubeletHasSufficientPID,Message:kubelet has sufficient PID available,},NodeCondition{Type:Ready,Status:True,LastHeartbeatTime:2022-07-24 13:10:36 +0000 UTC,LastTransitionTime:2022-07-05 02:25:51 +0000 UTC,Reason:KubeletReady,Message:kubelet is posting ready status,},},Addresses:[]NodeAddress{NodeAddress{Type:InternalIP,Address:192.168.132.10,},NodeAddress{Type:Hostname,Address:kubernetes-master,},},DaemonEndpoints:NodeDaemonEndpoints{KubeletEndpoint:DaemonEndpoint{Port:10250,},},NodeInfo:NodeSystemInfo{MachineID:fb3827e59f7a404da989f5baad81fd64,SystemUUID:8b0a8320-771a-e911-ad96-a4bf015b202c,BootID:77d5ca0b-5426-4224-bce2-bf7a7e52dec4,KernelVersion:5.4.132-1.el7.elrepo.x86_64,OSImage:CentOS Linux 7 (Core),ContainerRuntimeVersion:docker://20.10.7,KubeletVersion:v1.22.3,KubeProxyVersion:v1.22.3,OperatingSystem:linux,Architecture:amd64,},Images:[]ContainerImage{ContainerImage{Names:[k8s.gcr.io/e2e-test-images/cuda-vector-add:2.2],SizeBytes:2579956550,},ContainerImage{Names:[k8s.gcr.io/e2e-test-images/cuda-vector-add:1.0],SizeBytes:2047006036,},ContainerImage{Names:[k8s.gcr.io/e2e-test-images/node-perf/tf-wide-deep:1.1],SizeBytes:1631128450,},ContainerImage{Names:[rancher/rancher@sha256:f411ee37efa38d7891c11ecdd5c60ca73eb03dcd32296678af808f6b4ecccfff rancher/rancher:latest],SizeBytes:1162893124,},ContainerImage{Names:[k8s.gcr.io/e2e-test-images/perl:5.26],SizeBytes:853225645,},ContainerImage{Names:[k8s.gcr.io/e2e-test-images/volume/rbd:1.0.3],SizeBytes:751897580,},ContainerImage{Names:[mongo@sha256:05678ae4e5e1df9f4b7d89c102fe55b1ef156bb8ba148b156ddb98549f8efe90 mongo:4.4],SizeBytes:438075000,},ContainerImage{Names:[harbor.moresec.cn/ksp/ksp_agent@sha256:430f8d70e0cb67a7925c6d7b4555344c478ab2130274b78e672c8ad9cad7bf2a harbor.moresec.cn/ksp/ksp_agent:laishang],SizeBytes:433318869,},ContainerImage{Names:[k8s.gcr.io/e2e-test-images/volume/iscsi:2.2],SizeBytes:414158129,},ContainerImage{Names:[k8s.gcr.io/sig-storage/nfs-provisioner:v2.2.2],SizeBytes:391702539,},ContainerImage{Names:[k8s.gcr.io/e2e-test-images/glusterdynamic-provisioner:v1.0],SizeBytes:373269502,},ContainerImage{Names:[k8s.gcr.io/e2e-test-images/volume/gluster:1.2],SizeBytes:340272046,},ContainerImage{Names:[sonobuoy/systemd-logs:v0.4],SizeBytes:314068873,},ContainerImage{Names:[192.168.132.114/tmp/evilubuntu@sha256:58336cde8066674f39fba51c804ab7c6c6dce71bf9f98f3f4153fd7fb83a2aaf 192.168.11.148/library/evilubuntu:0.1 192.168.132.114/tmp/evilubuntu:0.1],SizeBytes:305572424,},ContainerImage{Names:[registry.aliyuncs.com/google_containers/etcd@sha256:9ce33ba33d8e738a5b85ed50b5080ac746deceed4a7496c550927a7a19ca3b6d registry.cn-hangzhou.aliyuncs.com/google_containers/etcd@sha256:9ce33ba33d8e738a5b85ed50b5080ac746deceed4a7496c550927a7a19ca3b6d registry.aliyuncs.com/google_containers/etcd:3.5.0-0 registry.cn-hangzhou.aliyuncs.com/google_containers/etcd:3.5.0-0],SizeBytes:294520669,},ContainerImage{Names:[192.168.132.114/revshell/revshell@sha256:9b67dba407ee84b9c44b25000faab4b15234d348853ce5e51a7eb7dcefedcc26],SizeBytes:271797518,},ContainerImage{Names:[192.168.132.114/revshell/revshell@sha256:6d8b31f77b52acd39735757cc52d138f343fc49ea76772d4fac615d6064b5978 192.168.132.114/revshell/revshell:latest revshell:latest],SizeBytes:271797514,},ContainerImage{Names:[192.168.132.114/revshell/listen@sha256:e51b45cdcf6314fabe93ef6b0dda4062713628b951f948aac56154c2e092bd18 192.168.132.114/revshell/listen:latest listen:latest],SizeBytes:271796301,},ContainerImage{Names:[k8s.gcr.io/e2e-test-images/volume/nfs:1.2],SizeBytes:263870626,},ContainerImage{Names:[k8s.gcr.io/etcd:3.4.13-0],SizeBytes:253376083,},ContainerImage{Names:[k8s.gcr.io/e2e-test-images/jessie-dnsutils:1.4],SizeBytes:253346057,},ContainerImage{Names:[k8s.gcr.io/conformance:v1.22.3 registry.k8s.io/conformance:v1.22.3],SizeBytes:246064443,},ContainerImage{Names:[192.168.132.114/process/process@sha256:b08bcadd231b62eba8913d7f9b7ef6a54087fedec3a52607decd86aae014330a 192.168.132.114/process/process:latest process:latest],SizeBytes:231220584,},ContainerImage{Names:[centos@sha256:a27fd8080b517143cbbbab9dfb7c8571c40d67d534bbdee55bd6c473f432b177 centos:centos8 centos:latest],SizeBytes:231219825,},ContainerImage{Names:[kubesphere/ks-apiserver@sha256:711485c8710e08ba70b22ab68bf7518bd794fc69e0dffbdbfafafadbdf9d8891 kubesphere/ks-apiserver:v3.3.0],SizeBytes:191238232,},ContainerImage{Names:[192.168.132.114/escape/escape_stop_container@sha256:b6f5f4f397df6aa5efa07d7c33d10c905ed6356f4911492f4e02044727d3ee59 192.168.132.114/escape/escape_stop_container:latest escape_stop_container:latest],SizeBytes:178511418,},ContainerImage{Names:[192.168.132.114/micro/worker@sha256:0c3e148cec3fbf3f62b381f96dcb4b8dcfad7a8d4cf33a91d6c3a8484e156c4c 192.168.132.114/micro/worker:latest worker:latest],SizeBytes:178337313,},ContainerImage{Names:[kubesphere/ks-controller-manager@sha256:5f5ddc90a97b5ba2e1a502e7c4cf3b1f86aa8343792c694cb48840278e2ec72c kubesphere/ks-controller-manager:v3.3.0],SizeBytes:170565253,},ContainerImage{Names:[registry.aliyuncs.com/google_containers/kube-apiserver@sha256:6ee1c59e9c1fb570e7958e267a6993988eaa22448beb70d99de7afb21e862e9d registry.cn-hangzhou.aliyuncs.com/google_containers/kube-apiserver@sha256:6ee1c59e9c1fb570e7958e267a6993988eaa22448beb70d99de7afb21e862e9d registry.aliyuncs.com/google_containers/kube-apiserver:v1.22.3 registry.cn-hangzhou.aliyuncs.com/google_containers/kube-apiserver:v1.22.3],SizeBytes:128278355,},ContainerImage{Names:[k8s.gcr.io/e2e-test-images/httpd:2.4.39-1],SizeBytes:126871615,},ContainerImage{Names:[k8s.gcr.io/e2e-test-images/agnhost:2.32],SizeBytes:125910179,},ContainerImage{Names:[k8s.gcr.io/e2e-test-images/httpd:2.4.38-1],SizeBytes:123774598,},ContainerImage{Names:[registry.aliyuncs.com/google_containers/kube-controller-manager@sha256:e67dbfd3796b7ce04fee80acb52876928c290224a91862c5849c3ab0fa31ca78 registry.cn-hangzhou.aliyuncs.com/google_containers/kube-controller-manager@sha256:e67dbfd3796b7ce04fee80acb52876928c290224a91862c5849c3ab0fa31ca78 registry.aliyuncs.com/google_containers/kube-controller-manager:v1.22.3 registry.cn-hangzhou.aliyuncs.com/google_containers/kube-controller-manager:v1.22.3],SizeBytes:121966693,},ContainerImage{Names:[k8s.gcr.io/e2e-test-images/nautilus:1.4],SizeBytes:121728153,},ContainerImage{Names:[k8s.gcr.io/e2e-test-images/kitten:1.4],SizeBytes:121721689,},ContainerImage{Names:[kubesphere/ks-console@sha256:6ad4af3742c3ac722405fd5749ddfda517916c4da24c50eea3049dea9e9cfeda kubesphere/ks-console:v3.3.0],SizeBytes:117049268,},ContainerImage{Names:[registry.aliyuncs.com/google_containers/kube-proxy@sha256:8d0561b2e5d0ccb9c49a25e7b415bef12637a07a872703dc252c2de3b458fc4f registry.cn-hangzhou.aliyuncs.com/google_containers/kube-proxy@sha256:8d0561b2e5d0ccb9c49a25e7b415bef12637a07a872703dc252c2de3b458fc4f registry.aliyuncs.com/google_containers/kube-proxy:v1.22.3 registry.cn-hangzhou.aliyuncs.com/google_containers/kube-proxy:v1.22.3],SizeBytes:103646205,},ContainerImage{Names:[harbor.moresec.cn/ksp/core@sha256:74f2ff732eeeadb8bf3ad19a2150a3e59657787eed4eb64e39551a8388120f84 harbor.moresec.cn/ksp/core:2.2.0-laishang],SizeBytes:98283749,},ContainerImage{Names:[k8s.gcr.io/e2e-test-images/node-perf/npb-is:1.1],SizeBytes:96376839,},ContainerImage{Names:[k8s.gcr.io/e2e-test-images/node-perf/npb-ep:1.1],SizeBytes:96375039,},ContainerImage{Names:[harbor.moresec.cn/ksp/task_center@sha256:9c3fc80c9b60765fc972d400bf5221f045ca440201d265107eb7dc719b167d1a harbor.moresec.cn/ksp/task_center:2.2.0-laishang],SizeBytes:96134087,},ContainerImage{Names:[ubuntu@sha256:b6b83d3c331794420340093eb706a6f152d9c1fa51b262d9bf34594887c2c7ac ubuntu:latest],SizeBytes:77815548,},ContainerImage{Names:[harbor.moresec.cn/ksp/license@sha256:f3393bf6bf48c974a3376b039405511d33833a13493e2ad7088ea6af9c45c4aa harbor.moresec.cn/ksp/license:2.2.0],SizeBytes:65830591,},ContainerImage{Names:[k8s.gcr.io/prometheus-dummy-exporter:v0.1.0],SizeBytes:64807703,},ContainerImage{Names:[rancher/mirrored-flannelcni-flannel@sha256:9fd7f4932b7193cc5d77a3c5ed303204c8382d3a88ca07540adbf4a3e94dd868 rancher/mirrored-flannelcni-flannel:v0.18.1],SizeBytes:62242473,},ContainerImage{Names:[harbor.moresec.cn/ksp/mentor@sha256:bb7607bd46e113f7c2ddb5a7db81862ee08e95f314f7c0529ed0b092c42bead1 harbor.moresec.cn/ksp/mentor:2.2.0-laishang],SizeBytes:61978773,},ContainerImage{Names:[k8s.gcr.io/build-image/debian-iptables:buster-v1.6.5],SizeBytes:60179159,},ContainerImage{Names:[k8s.gcr.io/sd-dummy-exporter:v0.2.0],SizeBytes:58268777,},ContainerImage{Names:[k8s.gcr.io/e2e-test-images/sample-apiserver:1.17.4],SizeBytes:58167705,},ContainerImage{Names:[registry.aliyuncs.com/google_containers/kube-scheduler@sha256:cac7ea67201a84c00f3e8d9be51877c25fb539055ac404c4a9d2dd4c79d3fdab registry.cn-hangzhou.aliyuncs.com/google_containers/kube-scheduler@sha256:cac7ea67201a84c00f3e8d9be51877c25fb539055ac404c4a9d2dd4c79d3fdab registry.aliyuncs.com/google_containers/kube-scheduler:v1.22.3 registry.cn-hangzhou.aliyuncs.com/google_containers/kube-scheduler:v1.22.3],SizeBytes:52641918,},},VolumesInUse:[],VolumesAttached:[]AttachedVolume{},Config:nil,},}&#xA;Jul 24 13:14:20.769: INFO: &#xA;Logging kubelet events for node kubernetes-master&#xA;Jul 24 13:14:20.771: INFO: &#xA;Logging pods the kubelet thinks is on node kubernetes-master&#xA;Jul 24 13:14:20.791: INFO: etcd-kubernetes-master started at 2022-07-05 02:21:37 +0000 UTC (0+1 container statuses recorded)&#xA;Jul 24 13:14:20.791: INFO: &#x9;Container etcd ready: true, restart count 3&#xA;Jul 24 13:14:20.791: INFO: sonobuoy-systemd-logs-daemon-set-bb55de94825d4876-fz4gp started at 2022-07-24 11:15:36 +0000 UTC (0+2 container statuses recorded)&#xA;Jul 24 13:14:20.791: INFO: &#x9;Container sonobuoy-worker ready: true, restart count 0&#xA;Jul 24 13:14:20.791: INFO: &#x9;Container systemd-logs ready: true, restart count 0&#xA;Jul 24 13:14:20.791: INFO: ks-apiserver-7c8c448bbb-rxf55 started at 2022-07-08 03:25:11 +0000 UTC (0+1 container statuses recorded)&#xA;Jul 24 13:14:20.791: INFO: &#x9;Container ks-apiserver ready: false, restart count 0&#xA;Jul 24 13:14:20.791: INFO: ks-apiserver-7c8c448bbb-c4w4s started at 2022-07-24 12:38:12 +0000 UTC (0+1 container statuses recorded)&#xA;Jul 24 13:14:20.791: INFO: &#x9;Container ks-apiserver ready: true, restart count 0&#xA;Jul 24 13:14:20.791: INFO: coredns-7f6cbbb7b8-strff started at 2022-07-06 03:11:19 +0000 UTC (0+1 container statuses recorded)&#xA;Jul 24 13:14:20.791: INFO: &#x9;Container coredns ready: true, restart count 2&#xA;Jul 24 13:14:20.791: INFO: ks-console-54bd5bcbc6-p5cvv started at 2022-07-24 10:48:18 +0000 UTC (0+1 container statuses recorded)&#xA;Jul 24 13:14:20.791: INFO: &#x9;Container ks-console ready: true, restart count 0&#xA;Jul 24 13:14:20.791: INFO: ks-controller-manager-bdbb456f4-82fdx started at 2022-07-08 03:25:11 +0000 UTC (0+1 container statuses recorded)&#xA;Jul 24 13:14:20.791: INFO: &#x9;Container ks-controller-manager ready: false, restart count 0&#xA;Jul 24 13:14:20.791: INFO: kube-scheduler-kubernetes-master started at 2022-07-05 02:21:39 +0000 UTC (0+1 container statuses recorded)&#xA;Jul 24 13:14:20.791: INFO: &#x9;Container kube-scheduler ready: true, restart count 7&#xA;Jul 24 13:14:20.791: INFO: kube-apiserver-kubernetes-master started at 2022-07-05 10:11:17 +0000 UTC (0+1 container statuses recorded)&#xA;Jul 24 13:14:20.791: INFO: &#x9;Container kube-apiserver ready: true, restart count 8&#xA;Jul 24 13:14:20.791: INFO: ks-controller-manager-bdbb456f4-wblsj started at 2022-07-15 07:46:52 +0000 UTC (0+1 container statuses recorded)&#xA;Jul 24 13:14:20.791: INFO: &#x9;Container ks-controller-manager ready: false, restart count 1&#xA;Jul 24 13:14:20.791: INFO: coredns-7f6cbbb7b8-kjjzz started at 2022-07-06 03:11:19 +0000 UTC (0+1 container statuses recorded)&#xA;Jul 24 13:14:20.791: INFO: &#x9;Container coredns ready: true, restart count 2&#xA;Jul 24 13:14:20.791: INFO: kube-flannel-ds-7wsql started at 2022-07-05 02:25:29 +0000 UTC (2+1 container statuses recorded)&#xA;Jul 24 13:14:20.791: INFO: &#x9;Init container install-cni-plugin ready: true, restart count 2&#xA;Jul 24 13:14:20.791: INFO: &#x9;Init container install-cni ready: true, restart count 0&#xA;Jul 24 13:14:20.791: INFO: &#x9;Container kube-flannel ready: true, restart count 4&#xA;Jul 24 13:14:20.791: INFO: ks-console-54bd5bcbc6-nwfw2 started at 2022-07-15 07:46:52 +0000 UTC (0+1 container statuses recorded)&#xA;Jul 24 13:14:20.791: INFO: &#x9;Container ks-console ready: false, restart count 0&#xA;Jul 24 13:14:20.791: INFO: ks-console-54bd5bcbc6-t74kc started at 2022-07-08 03:25:11 +0000 UTC (0+1 container statuses recorded)&#xA;Jul 24 13:14:20.791: INFO: &#x9;Container ks-console ready: false, restart count 0&#xA;Jul 24 13:14:20.791: INFO: sonobuoy-e2e-job-82b0dd9ec4534543 started at 2022-07-24 11:15:35 +0000 UTC (0+2 container statuses recorded)&#xA;Jul 24 13:14:20.791: INFO: &#x9;Container e2e ready: true, restart count 0&#xA;Jul 24 13:14:20.791: INFO: &#x9;Container sonobuoy-worker ready: true, restart count 0&#xA;Jul 24 13:14:20.791: INFO: ks-apiserver-7c8c448bbb-t7h7k started at 2022-07-15 07:46:52 +0000 UTC (0+1 container statuses recorded)&#xA;Jul 24 13:14:20.791: INFO: &#x9;Container ks-apiserver ready: false, restart count 1&#xA;Jul 24 13:14:20.791: INFO: node-exporter-l9txx started at 2022-07-20 14:02:06 +0000 UTC (0+2 container statuses recorded)&#xA;Jul 24 13:14:20.791: INFO: &#x9;Container kube-rbac-proxy ready: true, restart count 0&#xA;Jul 24 13:14:20.791: INFO: &#x9;Container node-exporter ready: true, restart count 0&#xA;Jul 24 13:14:20.791: INFO: ks-controller-manager-bdbb456f4-gw9w9 started at 2022-07-24 12:38:12 +0000 UTC (0+1 container statuses recorded)&#xA;Jul 24 13:14:20.791: INFO: &#x9;Container ks-controller-manager ready: true, restart count 0&#xA;Jul 24 13:14:20.791: INFO: ksp-license-65cc56956f-bdj5b started at 2022-07-21 02:21:43 +0000 UTC (0+2 container statuses recorded)&#xA;Jul 24 13:14:20.791: INFO: &#x9;Container license ready: true, restart count 0&#xA;Jul 24 13:14:20.792: INFO: &#x9;Container msauth ready: true, restart count 0&#xA;Jul 24 13:14:20.792: INFO: kube-proxy-qjfdd started at 2022-07-05 02:21:49 +0000 UTC (0+1 container statuses recorded)&#xA;Jul 24 13:14:20.792: INFO: &#x9;Container kube-proxy ready: true, restart count 2&#xA;Jul 24 13:14:20.792: INFO: kube-controller-manager-kubernetes-master started at 2022-07-05 02:21:38 +0000 UTC (0+1 container statuses recorded)&#xA;Jul 24 13:14:20.792: INFO: &#x9;Container kube-controller-manager ready: true, restart count 7&#xA;Jul 24 13:14:20.837: INFO: &#xA;Latency metrics for node kubernetes-master&#xA;Jul 24 13:14:20.837: INFO: &#xA;Logging node info for node kubernetes-node-01&#xA;Jul 24 13:14:20.839: INFO: Node Info: &amp;Node{ObjectMeta:{kubernetes-node-01    3a4a3e2a-b98d-44ba-acfd-dc0ee51e00a1 5709512 0 2022-07-05 02:22:25 +0000 UTC &lt;nil&gt; &lt;nil&gt; map[beta.kubernetes.io/arch:amd64 beta.kubernetes.io/os:linux kubernetes.io/arch:amd64 kubernetes.io/hostname:kubernetes-node-01 kubernetes.io/os:linux] map[flannel.alpha.coreos.com/backend-data:{&#34;VNI&#34;:1,&#34;VtepMAC&#34;:&#34;1a:75:9b:0f:c6:8c&#34;} flannel.alpha.coreos.com/backend-type:vxlan flannel.alpha.coreos.com/kube-subnet-manager:true flannel.alpha.coreos.com/public-ip:192.168.132.11 kubeadm.alpha.kubernetes.io/cri-socket:/var/run/dockershim.sock node.alpha.kubernetes.io/ttl:0 volumes.kubernetes.io/controller-managed-attach-detach:true] [] []  [{kubelet Update v1 2022-07-05 02:22:25 +0000 UTC FieldsV1 {&#34;f:metadata&#34;:{&#34;f:annotations&#34;:{&#34;.&#34;:{},&#34;f:volumes.kubernetes.io/controller-managed-attach-detach&#34;:{}},&#34;f:labels&#34;:{&#34;.&#34;:{},&#34;f:beta.kubernetes.io/arch&#34;:{},&#34;f:beta.kubernetes.io/os&#34;:{},&#34;f:kubernetes.io/arch&#34;:{},&#34;f:kubernetes.io/hostname&#34;:{},&#34;f:kubernetes.io/os&#34;:{}}}} } {kubeadm Update v1 2022-07-05 02:22:30 +0000 UTC FieldsV1 {&#34;f:metadata&#34;:{&#34;f:annotations&#34;:{&#34;f:kubeadm.alpha.kubernetes.io/cri-socket&#34;:{}}}} } {flanneld Update v1 2022-07-05 02:25:41 +0000 UTC FieldsV1 {&#34;f:metadata&#34;:{&#34;f:annotations&#34;:{&#34;f:flannel.alpha.coreos.com/backend-data&#34;:{},&#34;f:flannel.alpha.coreos.com/backend-type&#34;:{},&#34;f:flannel.alpha.coreos.com/kube-subnet-manager&#34;:{},&#34;f:flannel.alpha.coreos.com/public-ip&#34;:{}}},&#34;f:status&#34;:{&#34;f:conditions&#34;:{&#34;k:{\&#34;type\&#34;:\&#34;NetworkUnavailable\&#34;}&#34;:{&#34;.&#34;:{},&#34;f:lastHeartbeatTime&#34;:{},&#34;f:lastTransitionTime&#34;:{},&#34;f:message&#34;:{},&#34;f:reason&#34;:{},&#34;f:status&#34;:{},&#34;f:type&#34;:{}}}}} status} {kube-controller-manager Update v1 2022-07-20 11:50:17 +0000 UTC FieldsV1 {&#34;f:metadata&#34;:{&#34;f:annotations&#34;:{&#34;f:node.alpha.kubernetes.io/ttl&#34;:{}}},&#34;f:spec&#34;:{&#34;f:podCIDR&#34;:{},&#34;f:podCIDRs&#34;:{&#34;.&#34;:{},&#34;v:\&#34;10.244.4.0/24\&#34;&#34;:{}}}} } {e2e.test Update v1 2022-07-24 11:57:52 +0000 UTC FieldsV1 {&#34;f:status&#34;:{&#34;f:capacity&#34;:{&#34;f:example.com/fakecpu&#34;:{}}}} status} {kubelet Update v1 2022-07-24 12:52:30 +0000 UTC FieldsV1 {&#34;f:status&#34;:{&#34;f:allocatable&#34;:{&#34;f:ephemeral-storage&#34;:{},&#34;f:example.com/fakecpu&#34;:{}},&#34;f:capacity&#34;:{&#34;f:ephemeral-storage&#34;:{}},&#34;f:conditions&#34;:{&#34;k:{\&#34;type\&#34;:\&#34;DiskPressure\&#34;}&#34;:{&#34;f:lastHeartbeatTime&#34;:{},&#34;f:lastTransitionTime&#34;:{},&#34;f:message&#34;:{},&#34;f:reason&#34;:{},&#34;f:status&#34;:{}},&#34;k:{\&#34;type\&#34;:\&#34;MemoryPressure\&#34;}&#34;:{&#34;f:lastHeartbeatTime&#34;:{},&#34;f:lastTransitionTime&#34;:{},&#34;f:message&#34;:{},&#34;f:reason&#34;:{},&#34;f:status&#34;:{}},&#34;k:{\&#34;type\&#34;:\&#34;PIDPressure\&#34;}&#34;:{&#34;f:lastHeartbeatTime&#34;:{},&#34;f:lastTransitionTime&#34;:{},&#34;f:message&#34;:{},&#34;f:reason&#34;:{},&#34;f:status&#34;:{}},&#34;k:{\&#34;type\&#34;:\&#34;Ready\&#34;}&#34;:{&#34;f:lastHeartbeatTime&#34;:{},&#34;f:lastTransitionTime&#34;:{},&#34;f:message&#34;:{},&#34;f:reason&#34;:{},&#34;f:status&#34;:{}}},&#34;f:images&#34;:{},&#34;f:nodeInfo&#34;:{&#34;f:containerRuntimeVersion&#34;:{}}}} status}]},Spec:NodeSpec{PodCIDR:10.244.4.0/24,DoNotUseExternalID:,ProviderID:,Unschedulable:false,Taints:[]Taint{},ConfigSource:nil,PodCIDRs:[10.244.4.0/24],},Status:NodeStatus{Capacity:ResourceList{cpu: {{8 0} {&lt;nil&gt;} 8 DecimalSI},ephemeral-storage: {{107321753600 0} {&lt;nil&gt;} 102350Mi BinarySI},example.com/fakecpu: {{1 3} {&lt;nil&gt;} 1k DecimalSI},hugepages-1Gi: {{0 0} {&lt;nil&gt;} 0 DecimalSI},hugepages-2Mi: {{0 0} {&lt;nil&gt;} 0 DecimalSI},memory: {{16363429888 0} {&lt;nil&gt;}  BinarySI},pods: {{110 0} {&lt;nil&gt;} 110 DecimalSI},},Allocatable:ResourceList{cpu: {{8 0} {&lt;nil&gt;} 8 DecimalSI},ephemeral-storage: {{96589578081 0} {&lt;nil&gt;} 96589578081 DecimalSI},example.com/fakecpu: {{1 3} {&lt;nil&gt;} 1k DecimalSI},hugepages-1Gi: {{0 0} {&lt;nil&gt;} 0 DecimalSI},hugepages-2Mi: {{0 0} {&lt;nil&gt;} 0 DecimalSI},memory: {{16258572288 0} {&lt;nil&gt;}  BinarySI},pods: {{110 0} {&lt;nil&gt;} 110 DecimalSI},},Phase:,Conditions:[]NodeCondition{NodeCondition{Type:NetworkUnavailable,Status:False,LastHeartbeatTime:2022-07-20 12:09:51 +0000 UTC,LastTransitionTime:2022-07-20 12:09:51 +0000 UTC,Reason:FlannelIsUp,Message:Flannel is running on this node,},NodeCondition{Type:MemoryPressure,Status:False,LastHeartbeatTime:2022-07-24 13:12:36 +0000 UTC,LastTransitionTime:2022-07-05 02:39:16 +0000 UTC,Reason:KubeletHasSufficientMemory,Message:kubelet has sufficient memory available,},NodeCondition{Type:DiskPressure,Status:False,LastHeartbeatTime:2022-07-24 13:12:36 +0000 UTC,LastTransitionTime:2022-07-06 11:27:51 +0000 UTC,Reason:KubeletHasNoDiskPressure,Message:kubelet has no disk pressure,},NodeCondition{Type:PIDPressure,Status:False,LastHeartbeatTime:2022-07-24 13:12:36 +0000 UTC,LastTransitionTime:2022-07-05 02:39:16 +0000 UTC,Reason:KubeletHasSufficientPID,Message:kubelet has sufficient PID available,},NodeCondition{Type:Ready,Status:True,LastHeartbeatTime:2022-07-24 13:12:36 +0000 UTC,LastTransitionTime:2022-07-20 12:05:25 +0000 UTC,Reason:KubeletReady,Message:kubelet is posting ready status,},},Addresses:[]NodeAddress{NodeAddress{Type:InternalIP,Address:192.168.132.11,},NodeAddress{Type:Hostname,Address:kubernetes-node-01,},},DaemonEndpoints:NodeDaemonEndpoints{KubeletEndpoint:DaemonEndpoint{Port:10250,},},NodeInfo:NodeSystemInfo{MachineID:ff2f0490c5bb4030ae3be22dffb6765a,SystemUUID:318642bd-e41a-e911-ad47-a4bf015b1f84,BootID:2686e27a-6243-43c4-baa2-2867206747cd,KernelVersion:5.4.132-1.el7.elrepo.x86_64,OSImage:CentOS Linux 7 (Core),ContainerRuntimeVersion:docker://20.10.7,KubeletVersion:v1.22.3,KubeProxyVersion:v1.22.3,OperatingSystem:linux,Architecture:amd64,},Images:[]ContainerImage{ContainerImage{Names:[k8s.gcr.io/e2e-test-images/cuda-vector-add:2.2],SizeBytes:2579956550,},ContainerImage{Names:[k8s.gcr.io/e2e-test-images/cuda-vector-add:1.0],SizeBytes:2047006036,},ContainerImage{Names:[k8s.gcr.io/e2e-test-images/node-perf/tf-wide-deep:1.1],SizeBytes:1631128450,},ContainerImage{Names:[k8smg:latest],SizeBytes:1398619088,},ContainerImage{Names:[k8s.gcr.io/e2e-test-images/perl:5.26],SizeBytes:853225645,},ContainerImage{Names:[k8s.gcr.io/e2e-test-images/volume/rbd:1.0.3],SizeBytes:751897580,},ContainerImage{Names:[harbor.moresec.cn/ksp/kafka@sha256:29aef30ec0742e05c84b92e35fe81bc2a933d92aa3aec2325f3947c9cbb07e2d harbor.moresec.cn/ksp/kafka:2.8.0-debian-10-r43],SizeBytes:584339677,},ContainerImage{Names:[centos-drip:7.7],SizeBytes:552218315,},ContainerImage{Names:[&lt;none&gt;@&lt;none&gt; &lt;none&gt;:&lt;none&gt;],SizeBytes:522728932,},ContainerImage{Names:[harbor.moresec.cn/ksp/ksp_agent@sha256:f96a653e88fcf5b71a82e603da3ace5e774c9dd4e37dcdfc7a1db3ce87267245 harbor.moresec.cn/ksp/ksp_agent:latest],SizeBytes:495969065,},ContainerImage{Names:[harbor.moresec.cn/ksp/ksp_agent@sha256:62d75a6961ee50b7bbea1eeb9a835b8809fbf868cda8ea7e30c57a871fe36ae4],SizeBytes:495943489,},ContainerImage{Names:[tomcat@sha256:df634a0b4a2a61069521c4681609423b3794d2a3120821b92f346710450ad344 tomcat:latest],SizeBytes:482781027,},ContainerImage{Names:[&lt;none&gt;@&lt;none&gt; &lt;none&gt;:&lt;none&gt;],SizeBytes:435344555,},ContainerImage{Names:[harbor.moresec.cn/ksp/ksp_agent@sha256:7fc828e5732309187da20a9a025a142f8229f04087601a9fad119c3724ab6e92 harbor.moresec.cn/ksp/ksp_agent:2.2.0],SizeBytes:433527765,},ContainerImage{Names:[harbor.moresec.cn/ksp/ksp_agent@sha256:b6455a0f39f08b39b5ee701bbcfb11edb8484478bfe44f30a3a48f041ea504b1],SizeBytes:433527765,},ContainerImage{Names:[harbor.moresec.cn/ksp/ksp_agent:laishang],SizeBytes:433318869,},ContainerImage{Names:[kubesphere/ks-installer@sha256:e314e12b16e556b0ce16d4c1efab0a375605936da15afa0e4fa3afa4c302cf15 kubesphere/ks-installer:v3.3.0],SizeBytes:420547354,},ContainerImage{Names:[k8s.gcr.io/e2e-test-images/volume/iscsi:2.2],SizeBytes:414158129,},ContainerImage{Names:[k8s.gcr.io/sig-storage/nfs-provisioner:v2.2.2],SizeBytes:391702539,},ContainerImage{Names:[k8s.gcr.io/e2e-test-images/glusterdynamic-provisioner:v1.0],SizeBytes:373269502,},ContainerImage{Names:[k8s.gcr.io/e2e-test-images/volume/gluster:1.2],SizeBytes:340272046,},ContainerImage{Names:[sonobuoy/systemd-logs:v0.4],SizeBytes:314068873,},ContainerImage{Names:[docker-dev.moresec.cn:10443/ksp/mysql@sha256:1a52fad24c8d9c47d9563773bf2fd6618cab64a2e7054a32c62d7ff83047d432 harbor.moresec.cn/ksp/mysql@sha256:1a52fad24c8d9c47d9563773bf2fd6618cab64a2e7054a32c62d7ff83047d432 docker-dev.moresec.cn:10443/ksp/mysql:5.7.34 harbor.moresec.cn/ksp/mysql:5.7.34],SizeBytes:296256317,},ContainerImage{Names:[192.168.132.114/revshell/listen@sha256:e51b45cdcf6314fabe93ef6b0dda4062713628b951f948aac56154c2e092bd18 192.168.132.114/revshell/listen:latest],SizeBytes:271796301,},ContainerImage{Names:[k8s.gcr.io/e2e-test-images/volume/nfs:1.2],SizeBytes:263870626,},ContainerImage{Names:[k8s.gcr.io/etcd:3.4.13-0],SizeBytes:253376083,},ContainerImage{Names:[k8s.gcr.io/e2e-test-images/jessie-dnsutils:1.4],SizeBytes:253346057,},ContainerImage{Names:[k8s.gcr.io/conformance:v1.22.3],SizeBytes:246064443,},ContainerImage{Names:[192.168.132.114/process/process@sha256:b08bcadd231b62eba8913d7f9b7ef6a54087fedec3a52607decd86aae014330a 192.168.132.114/process/process:latest],SizeBytes:231220584,},ContainerImage{Names:[&lt;none&gt;@&lt;none&gt; &lt;none&gt;:&lt;none&gt;],SizeBytes:231220093,},ContainerImage{Names:[prom/prometheus@sha256:b37103e03399e90c9b7b1b2940894d3634915cf9df4aa2e5402bd85b4377808c prom/prometheus:v2.34.0],SizeBytes:204913767,},ContainerImage{Names:[centos@sha256:50752af5182c6cd5518e3e91d48f7ff0cba93d5d760a67ac140e2d63c4dd9efc centos:centos7.7.1908],SizeBytes:203602133,},ContainerImage{Names:[kubesphere/ks-apiserver@sha256:c6518655604eb6c5b67e6e5b0a11239e1b927c6ab0f947ce3c60176c70090462 kubesphere/ks-apiserver:v3.2.1],SizeBytes:190792907,},ContainerImage{Names:[192.168.132.114/micro/worker@sha256:0c3e148cec3fbf3f62b381f96dcb4b8dcfad7a8d4cf33a91d6c3a8484e156c4c 192.168.132.114/micro/worker:latest],SizeBytes:178337313,},ContainerImage{Names:[harbor.moresec.cn/ksp/fileserver@sha256:e70cbd22b76e6e111c2b86a20c5fdea469fed0313c81f73f35ed11249f79f741 harbor.moresec.cn/ksp/fileserver:2.2.0],SizeBytes:153076017,},ContainerImage{Names:[&lt;none&gt;@&lt;none&gt; &lt;none&gt;:&lt;none&gt;],SizeBytes:141498060,},ContainerImage{Names:[harbor.moresec.cn/ksp/etcd@sha256:e38d9f2facec186c09c33e28455e97156ea45d5c299d348a1b0676784c293d75 harbor.moresec.cn/ksp/etcd:3.4.15-debian-10-r43],SizeBytes:131965680,},ContainerImage{Names:[harbor.moresec.cn/ksp/webapi_srv@sha256:7de68ded9d05cdbbc9fbe03c3321f14d68569cd7d9f35921e977df8377bc7d2d],SizeBytes:129903492,},ContainerImage{Names:[harbor.moresec.cn/ksp/webapi_srv@sha256:44ac8426e7c6087593f315cf547a8426780a03ec7e102e3cadd5931f03fa5851 harbor.moresec.cn/ksp/webapi_srv:latest],SizeBytes:129800680,},ContainerImage{Names:[k8s.gcr.io/e2e-test-images/httpd:2.4.39-1],SizeBytes:126871615,},ContainerImage{Names:[docker-dev.moresec.cn:10443/ksp/envoy@sha256:1a57c0f59b9e04a83f4407c79df63f027ee620a2ee66e201438f49c9253e258a harbor.moresec.cn/ksp/envoy@sha256:1a57c0f59b9e04a83f4407c79df63f027ee620a2ee66e201438f49c9253e258a docker-dev.moresec.cn:10443/ksp/envoy:v1.20.0 harbor.moresec.cn/ksp/envoy:v1.20.0],SizeBytes:126156197,},ContainerImage{Names:[k8s.gcr.io/e2e-test-images/agnhost:2.32],SizeBytes:125910179,},ContainerImage{Names:[harbor.moresec.cn/ksp/webapi_srv@sha256:1665c65a94096bb76343e0df2fcbe6299d29d7c1b47f22c1db269ef909d895c7 harbor.moresec.cn/ksp/webapi_srv:2.2.0],SizeBytes:123778974,},ContainerImage{Names:[k8s.gcr.io/e2e-test-images/httpd:2.4.38-1],SizeBytes:123774598,},ContainerImage{Names:[k8s.gcr.io/e2e-test-images/nautilus:1.4],SizeBytes:121728153,},ContainerImage{Names:[k8s.gcr.io/e2e-test-images/kitten:1.4],SizeBytes:121721689,},ContainerImage{Names:[nginx@sha256:f7988fb6c02e0ce69257d9bd9cf37ae20a60f1df7563c3a2a6abe24160306b8d nginx:1.14.2],SizeBytes:109109325,},ContainerImage{Names:[harbor.moresec.cn/ksp/controller@sha256:be921ae314828accad9ea6bc25af4e4097027cddd44001913f983ad6f06fe948 harbor.moresec.cn/ksp/controller:latest],SizeBytes:107945283,},ContainerImage{Names:[registry.aliyuncs.com/google_containers/kube-proxy@sha256:8d0561b2e5d0ccb9c49a25e7b415bef12637a07a872703dc252c2de3b458fc4f registry.aliyuncs.com/google_containers/kube-proxy:v1.22.3],SizeBytes:103646205,},ContainerImage{Names:[harbor.moresec.cn/ksp/core@sha256:2a7bf382a0a02948e1946f2123314d45d632f3788bb0e70db7ba111ce2bf6ec1 harbor.moresec.cn/ksp/core:2.2.0],SizeBytes:98270332,},},VolumesInUse:[],VolumesAttached:[]AttachedVolume{},Config:nil,},}&#xA;Jul 24 13:14:20.840: INFO: &#xA;Logging kubelet events for node kubernetes-node-01&#xA;Jul 24 13:14:20.842: INFO: &#xA;Logging pods the kubelet thinks is on node kubernetes-node-01&#xA;Jul 24 13:14:20.862: INFO: ss2-1 started at 2022-07-23 11:41:24 +0000 UTC (0+1 container statuses recorded)&#xA;Jul 24 13:14:20.862: INFO: &#x9;Container webserver ready: true, restart count 0&#xA;Jul 24 13:14:20.862: INFO: default-http-backend-5bf68ff9b8-hkh75 started at 2022-07-24 10:47:02 +0000 UTC (0+1 container statuses recorded)&#xA;Jul 24 13:14:20.862: INFO: &#x9;Container default-http-backend ready: true, restart count 0&#xA;Jul 24 13:14:20.862: INFO: worker106-5d44cc9f84-thvwz started at 2022-07-24 12:38:11 +0000 UTC (0+1 container statuses recorded)&#xA;Jul 24 13:14:20.862: INFO: &#x9;Container worker106 ready: true, restart count 0&#xA;Jul 24 13:14:20.862: INFO: prometheus-operator-8955bbd98-r8ftl started at 2022-07-24 10:47:02 +0000 UTC (0+2 container statuses recorded)&#xA;Jul 24 13:14:20.862: INFO: &#x9;Container kube-rbac-proxy ready: true, restart count 0&#xA;Jul 24 13:14:20.862: INFO: &#x9;Container prometheus-operator ready: true, restart count 0&#xA;Jul 24 13:14:20.862: INFO: alertmanager-main-1 started at 2022-07-24 10:47:04 +0000 UTC (0+2 container statuses recorded)&#xA;Jul 24 13:14:20.862: INFO: &#x9;Container alertmanager ready: true, restart count 0&#xA;Jul 24 13:14:20.862: INFO: &#x9;Container config-reloader ready: true, restart count 0&#xA;Jul 24 13:14:20.862: INFO: ksp-fileserver-58d849d98b-k2wt9 started at 2022-07-20 12:05:34 +0000 UTC (0+1 container statuses recorded)&#xA;Jul 24 13:14:20.862: INFO: &#x9;Container fileserver ready: true, restart count 12&#xA;Jul 24 13:14:20.862: INFO: ubuntu-deployment-docker-sock1-74c66ddf85-5fcvb started at 2022-07-24 10:47:52 +0000 UTC (0+1 container statuses recorded)&#xA;Jul 24 13:14:20.862: INFO: &#x9;Container ubuntu-docker-sock1 ready: true, restart count 0&#xA;Jul 24 13:14:20.862: INFO: gatekeeper-controller-manager-6566df6878-6sxjk started at 2022-07-24 10:47:54 +0000 UTC (0+1 container statuses recorded)&#xA;Jul 24 13:14:20.862: INFO: &#x9;Container manager ready: true, restart count 0&#xA;Jul 24 13:14:20.862: INFO: sonobuoy-systemd-logs-daemon-set-bb55de94825d4876-wwrrn started at 2022-07-24 11:15:36 +0000 UTC (0+2 container statuses recorded)&#xA;Jul 24 13:14:20.862: INFO: &#x9;Container sonobuoy-worker ready: true, restart count 0&#xA;Jul 24 13:14:20.862: INFO: &#x9;Container systemd-logs ready: true, restart count 0&#xA;Jul 24 13:14:20.862: INFO: ksp-strategy-85bc47b4cd-hcnl4 started at 2022-07-24 12:38:11 +0000 UTC (0+1 container statuses recorded)&#xA;Jul 24 13:14:20.862: INFO: &#x9;Container strategy ready: true, restart count 0&#xA;Jul 24 13:14:20.862: INFO: worker105-58b68d59d-kzrc2 started at 2022-07-24 12:38:11 +0000 UTC (0+1 container statuses recorded)&#xA;Jul 24 13:14:20.862: INFO: &#x9;Container worker105 ready: true, restart count 0&#xA;Jul 24 13:14:20.862: INFO: revlisten64-6f96b96fdd-cnnpn started at 2022-07-24 12:38:12 +0000 UTC (0+1 container statuses recorded)&#xA;Jul 24 13:14:20.862: INFO: &#x9;Container revlisten64 ready: true, restart count 0&#xA;Jul 24 13:14:20.862: INFO: node-exporter-mktmt started at 2022-07-08 03:28:07 +0000 UTC (0+2 container statuses recorded)&#xA;Jul 24 13:14:20.862: INFO: &#x9;Container kube-rbac-proxy ready: true, restart count 2&#xA;Jul 24 13:14:20.862: INFO: &#x9;Container node-exporter ready: true, restart count 2&#xA;Jul 24 13:14:20.862: INFO: prometheus-k8s-0 started at 2022-07-20 12:09:14 +0000 UTC (1+2 container statuses recorded)&#xA;Jul 24 13:14:20.862: INFO: &#x9;Init container init-config-reloader ready: true, restart count 0&#xA;Jul 24 13:14:20.862: INFO: &#x9;Container config-reloader ready: true, restart count 0&#xA;Jul 24 13:14:20.862: INFO: &#x9;Container prometheus ready: true, restart count 0&#xA;Jul 24 13:14:20.862: INFO: ss2-0 started at 2022-07-20 12:10:27 +0000 UTC (0+1 container statuses recorded)&#xA;Jul 24 13:14:20.862: INFO: &#x9;Container webserver ready: true, restart count 0&#xA;Jul 24 13:14:20.862: INFO: notification-manager-operator-7d44854f54-pfhvp started at 2022-07-20 12:37:15 +0000 UTC (0+2 container statuses recorded)&#xA;Jul 24 13:14:20.862: INFO: &#x9;Container kube-rbac-proxy ready: true, restart count 0&#xA;Jul 24 13:14:20.862: INFO: &#x9;Container notification-manager-operator ready: true, restart count 13&#xA;Jul 24 13:14:20.862: INFO: kubectl-admin-6dbcb94855-cwbwg started at 2022-07-24 10:47:02 +0000 UTC (0+1 container statuses recorded)&#xA;Jul 24 13:14:20.862: INFO: &#x9;Container kubectl ready: true, restart count 0&#xA;Jul 24 13:14:20.862: INFO: ks-installer-6976cf49f5-l72kw started at 2022-07-24 10:48:18 +0000 UTC (0+1 container statuses recorded)&#xA;Jul 24 13:14:20.862: INFO: &#x9;Container installer ready: true, restart count 0&#xA;Jul 24 13:14:20.862: INFO: sonobuoy started at 2022-07-24 11:15:29 +0000 UTC (0+1 container statuses recorded)&#xA;Jul 24 13:14:20.862: INFO: &#x9;Container kube-sonobuoy ready: true, restart count 0&#xA;Jul 24 13:14:20.862: INFO: ksp-core-5b755544c7-vqw75 started at 2022-07-24 12:38:11 +0000 UTC (0+1 container statuses recorded)&#xA;Jul 24 13:14:20.862: INFO: &#x9;Container core ready: true, restart count 0&#xA;Jul 24 13:14:20.862: INFO: kube-proxy-kkm7x started at 2022-07-05 02:22:26 +0000 UTC (0+1 container statuses recorded)&#xA;Jul 24 13:14:20.862: INFO: &#x9;Container kube-proxy ready: true, restart count 3&#xA;Jul 24 13:14:20.862: INFO: snapshot-controller-0 started at 2022-07-20 12:09:57 +0000 UTC (0+1 container statuses recorded)&#xA;Jul 24 13:14:20.862: INFO: &#x9;Container snapshot-controller ready: true, restart count 0&#xA;Jul 24 13:14:20.862: INFO: ksp-etcd-0 started at 2022-07-20 12:10:55 +0000 UTC (0+1 container statuses recorded)&#xA;Jul 24 13:14:20.862: INFO: &#x9;Container etcd ready: true, restart count 0&#xA;Jul 24 13:14:20.862: INFO: process56-59d84745d8-2wml7 started at 2022-07-24 10:47:52 +0000 UTC (0+1 container statuses recorded)&#xA;Jul 24 13:14:20.862: INFO: &#x9;Container process56 ready: true, restart count 0&#xA;Jul 24 13:14:20.862: INFO: worker107-5fb776b954-6jq7j started at 2022-07-24 12:38:12 +0000 UTC (0+1 container statuses recorded)&#xA;Jul 24 13:14:20.862: INFO: &#x9;Container worker107 ready: true, restart count 0&#xA;Jul 24 13:14:20.862: INFO: ksp-mysql-0 started at 2022-07-20 12:09:51 +0000 UTC (0+1 container statuses recorded)&#xA;Jul 24 13:14:20.862: INFO: &#x9;Container mysql ready: true, restart count 0&#xA;Jul 24 13:14:20.862: INFO: notification-manager-deployment-78664576cb-5mm7d started at 2022-07-24 10:48:18 +0000 UTC (0+2 container statuses recorded)&#xA;Jul 24 13:14:20.862: INFO: &#x9;Container notification-manager ready: true, restart count 0&#xA;Jul 24 13:14:20.862: INFO: &#x9;Container tenant ready: true, restart count 0&#xA;Jul 24 13:14:20.862: INFO: notification-manager-deployment-78664576cb-54zgc started at 2022-07-24 12:38:12 +0000 UTC (0+2 container statuses recorded)&#xA;Jul 24 13:14:20.862: INFO: &#x9;Container notification-manager ready: true, restart count 0&#xA;Jul 24 13:14:20.862: INFO: &#x9;Container tenant ready: true, restart count 0&#xA;Jul 24 13:14:20.862: INFO: ksp-kafka-0 started at 2022-07-20 12:06:10 +0000 UTC (0+1 container statuses recorded)&#xA;Jul 24 13:14:20.862: INFO: &#x9;Container kafka ready: true, restart count 12&#xA;Jul 24 13:14:20.862: INFO: ksp-webapi-srv-5b59fc6b7b-qfcs4 started at 2022-07-21 02:23:19 +0000 UTC (0+1 container statuses recorded)&#xA;Jul 24 13:14:20.862: INFO: &#x9;Container webapi-srv ready: true, restart count 0&#xA;Jul 24 13:14:20.862: INFO: kube-flannel-ds-8xnv7 started at 2022-07-06 17:46:29 +0000 UTC (2+1 container statuses recorded)&#xA;Jul 24 13:14:20.862: INFO: &#x9;Init container install-cni-plugin ready: true, restart count 0&#xA;Jul 24 13:14:20.862: INFO: &#x9;Init container install-cni ready: true, restart count 0&#xA;Jul 24 13:14:20.862: INFO: &#x9;Container kube-flannel ready: true, restart count 1&#xA;Jul 24 13:14:20.862: INFO: local-path-provisioner-cc67d8db7-ps624 started at 2022-07-24 12:38:11 +0000 UTC (0+1 container statuses recorded)&#xA;Jul 24 13:14:20.862: INFO: &#x9;Container local-path-provisioner ready: true, restart count 0&#xA;Jul 24 13:14:20.862: INFO: ksp-mentor-bfd5c4db9-8mk5j started at 2022-07-24 12:38:12 +0000 UTC (0+1 container statuses recorded)&#xA;Jul 24 13:14:20.862: INFO: &#x9;Container mentor ready: true, restart count 0&#xA;Jul 24 13:14:20.862: INFO: process57-5dc7d9d6f8-n5z8w started at 2022-07-24 12:38:12 +0000 UTC (0+1 container statuses recorded)&#xA;Jul 24 13:14:20.862: INFO: &#x9;Container process57 ready: true, restart count 0&#xA;Jul 24 13:14:20.862: INFO: ksp-redis-master-0 started at 2022-07-20 12:09:21 +0000 UTC (0+1 container statuses recorded)&#xA;Jul 24 13:14:20.862: INFO: &#x9;Container redis ready: true, restart count 0&#xA;Jul 24 13:14:20.862: INFO: alertmanager-main-0 started at 2022-07-20 12:09:55 +0000 UTC (0+2 container statuses recorded)&#xA;Jul 24 13:14:20.862: INFO: &#x9;Container alertmanager ready: true, restart count 0&#xA;Jul 24 13:14:20.862: INFO: &#x9;Container config-reloader ready: true, restart count 0&#xA;Jul 24 13:14:20.862: INFO: worker108-cc678945b-7rbkz started at 2022-07-21 06:39:16 +0000 UTC (0+1 container statuses recorded)&#xA;Jul 24 13:14:20.862: INFO: &#x9;Container worker108 ready: true, restart count 0&#xA;Jul 24 13:14:20.862: INFO: worker104-84f6f586c6-vcwd8 started at 2022-07-24 12:38:11 +0000 UTC (0+1 container statuses recorded)&#xA;Jul 24 13:14:20.862: INFO: &#x9;Container worker104 ready: true, restart count 0&#xA;Jul 24 13:14:20.862: INFO: tomcat-ttt46-6b659fdf4b-95cmr started at 2022-07-24 12:38:12 +0000 UTC (0+1 container statuses recorded)&#xA;Jul 24 13:14:20.862: INFO: &#x9;Container tomcat-ttt46 ready: true, restart count 0&#xA;Jul 24 13:14:20.907: INFO: &#xA;Latency metrics for node kubernetes-node-01&#xA;Jul 24 13:14:20.907: INFO: &#xA;Logging node info for node kubernetes-node-02&#xA;Jul 24 13:14:20.909: INFO: Node Info: &amp;Node{ObjectMeta:{kubernetes-node-02    307d2ab5-ef28-4bdd-889c-432cc026c399 5709567 0 2022-07-05 02:22:23 +0000 UTC &lt;nil&gt; &lt;nil&gt; map[beta.kubernetes.io/arch:amd64 beta.kubernetes.io/os:linux kubernetes.io/arch:amd64 kubernetes.io/hostname:kubernetes-node-02 kubernetes.io/os:linux] map[flannel.alpha.coreos.com/backend-data:{&#34;VNI&#34;:1,&#34;VtepMAC&#34;:&#34;82:d6:14:69:bd:44&#34;} flannel.alpha.coreos.com/backend-type:vxlan flannel.alpha.coreos.com/kube-subnet-manager:true flannel.alpha.coreos.com/public-ip:192.168.132.12 kubeadm.alpha.kubernetes.io/cri-socket:/var/run/dockershim.sock node.alpha.kubernetes.io/ttl:0 volumes.kubernetes.io/controller-managed-attach-detach:true] [] []  [{kubeadm Update v1 2022-07-05 02:22:23 +0000 UTC FieldsV1 {&#34;f:metadata&#34;:{&#34;f:annotations&#34;:{&#34;f:kubeadm.alpha.kubernetes.io/cri-socket&#34;:{}}}} } {kubelet Update v1 2022-07-05 02:22:23 +0000 UTC FieldsV1 {&#34;f:metadata&#34;:{&#34;f:annotations&#34;:{&#34;.&#34;:{},&#34;f:volumes.kubernetes.io/controller-managed-attach-detach&#34;:{}},&#34;f:labels&#34;:{&#34;.&#34;:{},&#34;f:beta.kubernetes.io/arch&#34;:{},&#34;f:beta.kubernetes.io/os&#34;:{},&#34;f:kubernetes.io/arch&#34;:{},&#34;f:kubernetes.io/hostname&#34;:{},&#34;f:kubernetes.io/os&#34;:{}}}} } {flanneld Update v1 2022-07-05 02:25:42 +0000 UTC FieldsV1 {&#34;f:metadata&#34;:{&#34;f:annotations&#34;:{&#34;f:flannel.alpha.coreos.com/backend-data&#34;:{},&#34;f:flannel.alpha.coreos.com/backend-type&#34;:{},&#34;f:flannel.alpha.coreos.com/kube-subnet-manager&#34;:{},&#34;f:flannel.alpha.coreos.com/public-ip&#34;:{}}},&#34;f:status&#34;:{&#34;f:conditions&#34;:{&#34;k:{\&#34;type\&#34;:\&#34;NetworkUnavailable\&#34;}&#34;:{&#34;.&#34;:{},&#34;f:lastHeartbeatTime&#34;:{},&#34;f:lastTransitionTime&#34;:{},&#34;f:message&#34;:{},&#34;f:reason&#34;:{},&#34;f:status&#34;:{},&#34;f:type&#34;:{}}}}} status} {kube-controller-manager Update v1 2022-07-20 12:10:50 +0000 UTC FieldsV1 {&#34;f:metadata&#34;:{&#34;f:annotations&#34;:{&#34;f:node.alpha.kubernetes.io/ttl&#34;:{}}},&#34;f:spec&#34;:{&#34;f:podCIDR&#34;:{},&#34;f:podCIDRs&#34;:{&#34;.&#34;:{},&#34;v:\&#34;10.244.3.0/24\&#34;&#34;:{}}}} } {e2e.test Update v1 2022-07-24 11:57:52 +0000 UTC FieldsV1 {&#34;f:status&#34;:{&#34;f:capacity&#34;:{&#34;f:example.com/fakecpu&#34;:{}}}} status} {kubelet Update v1 2022-07-24 12:52:35 +0000 UTC FieldsV1 {&#34;f:status&#34;:{&#34;f:allocatable&#34;:{&#34;f:ephemeral-storage&#34;:{},&#34;f:example.com/fakecpu&#34;:{}},&#34;f:conditions&#34;:{&#34;k:{\&#34;type\&#34;:\&#34;DiskPressure\&#34;}&#34;:{&#34;f:lastHeartbeatTime&#34;:{},&#34;f:lastTransitionTime&#34;:{},&#34;f:message&#34;:{},&#34;f:reason&#34;:{},&#34;f:status&#34;:{}},&#34;k:{\&#34;type\&#34;:\&#34;MemoryPressure\&#34;}&#34;:{&#34;f:lastHeartbeatTime&#34;:{},&#34;f:lastTransitionTime&#34;:{},&#34;f:message&#34;:{},&#34;f:reason&#34;:{},&#34;f:status&#34;:{}},&#34;k:{\&#34;type\&#34;:\&#34;PIDPressure\&#34;}&#34;:{&#34;f:lastHeartbeatTime&#34;:{},&#34;f:lastTransitionTime&#34;:{},&#34;f:message&#34;:{},&#34;f:reason&#34;:{},&#34;f:status&#34;:{}},&#34;k:{\&#34;type\&#34;:\&#34;Ready\&#34;}&#34;:{&#34;f:lastHeartbeatTime&#34;:{},&#34;f:lastTransitionTime&#34;:{},&#34;f:message&#34;:{},&#34;f:reason&#34;:{},&#34;f:status&#34;:{}}},&#34;f:images&#34;:{},&#34;f:nodeInfo&#34;:{&#34;f:bootID&#34;:{},&#34;f:containerRuntimeVersion&#34;:{}}}} status}]},Spec:NodeSpec{PodCIDR:10.244.3.0/24,DoNotUseExternalID:,ProviderID:,Unschedulable:false,Taints:[]Taint{},ConfigSource:nil,PodCIDRs:[10.244.3.0/24],},Status:NodeStatus{Capacity:ResourceList{cpu: {{8 0} {&lt;nil&gt;} 8 DecimalSI},ephemeral-storage: {{107321753600 0} {&lt;nil&gt;} 102350Mi BinarySI},example.com/fakecpu: {{1 3} {&lt;nil&gt;} 1k DecimalSI},hugepages-1Gi: {{0 0} {&lt;nil&gt;} 0 DecimalSI},hugepages-2Mi: {{0 0} {&lt;nil&gt;} 0 DecimalSI},memory: {{16363429888 0} {&lt;nil&gt;}  BinarySI},pods: {{110 0} {&lt;nil&gt;} 110 DecimalSI},},Allocatable:ResourceList{cpu: {{8 0} {&lt;nil&gt;} 8 DecimalSI},ephemeral-storage: {{96589578081 0} {&lt;nil&gt;} 96589578081 DecimalSI},example.com/fakecpu: {{1 3} {&lt;nil&gt;} 1k DecimalSI},hugepages-1Gi: {{0 0} {&lt;nil&gt;} 0 DecimalSI},hugepages-2Mi: {{0 0} {&lt;nil&gt;} 0 DecimalSI},memory: {{16258572288 0} {&lt;nil&gt;}  BinarySI},pods: {{110 0} {&lt;nil&gt;} 110 DecimalSI},},Phase:,Conditions:[]NodeCondition{NodeCondition{Type:NetworkUnavailable,Status:False,LastHeartbeatTime:2022-07-24 12:41:23 +0000 UTC,LastTransitionTime:2022-07-24 12:41:23 +0000 UTC,Reason:FlannelIsUp,Message:Flannel is running on this node,},NodeCondition{Type:MemoryPressure,Status:False,LastHeartbeatTime:2022-07-24 13:12:41 +0000 UTC,LastTransitionTime:2022-07-20 12:10:11 +0000 UTC,Reason:KubeletHasSufficientMemory,Message:kubelet has sufficient memory available,},NodeCondition{Type:DiskPressure,Status:False,LastHeartbeatTime:2022-07-24 13:12:41 +0000 UTC,LastTransitionTime:2022-07-20 12:10:11 +0000 UTC,Reason:KubeletHasNoDiskPressure,Message:kubelet has no disk pressure,},NodeCondition{Type:PIDPressure,Status:False,LastHeartbeatTime:2022-07-24 13:12:41 +0000 UTC,LastTransitionTime:2022-07-20 12:10:11 +0000 UTC,Reason:KubeletHasSufficientPID,Message:kubelet has sufficient PID available,},NodeCondition{Type:Ready,Status:True,LastHeartbeatTime:2022-07-24 13:12:41 +0000 UTC,LastTransitionTime:2022-07-20 12:39:17 +0000 UTC,Reason:KubeletReady,Message:kubelet is posting ready status,},},Addresses:[]NodeAddress{NodeAddress{Type:InternalIP,Address:192.168.132.12,},NodeAddress{Type:Hostname,Address:kubernetes-node-02,},},DaemonEndpoints:NodeDaemonEndpoints{KubeletEndpoint:DaemonEndpoint{Port:10250,},},NodeInfo:NodeSystemInfo{MachineID:c4512086a6f5493ab6d17434529f2f96,SystemUUID:dfb815d5-231e-e911-ba47-a4bf015b3e00,BootID:56b56735-cc0e-4a63-a373-c98df943e3fd,KernelVersion:5.4.132-1.el7.elrepo.x86_64,OSImage:CentOS Linux 7 (Core),ContainerRuntimeVersion:docker://20.10.7,KubeletVersion:v1.22.3,KubeProxyVersion:v1.22.3,OperatingSystem:linux,Architecture:amd64,},Images:[]ContainerImage{ContainerImage{Names:[k8s.gcr.io/e2e-test-images/cuda-vector-add:2.2],SizeBytes:2579956550,},ContainerImage{Names:[k8s.gcr.io/e2e-test-images/cuda-vector-add:1.0],SizeBytes:2047006036,},ContainerImage{Names:[k8s.gcr.io/e2e-test-images/node-perf/tf-wide-deep:1.1],SizeBytes:1631128450,},ContainerImage{Names:[harbor.moresec.cn/ksp/webshell_srv@sha256:52331f042d9b722692b7d1e7d39bad602f0755a948b8a439b4a27c4c0fae045f harbor.moresec.cn/ksp/webshell_srv:2.2.0],SizeBytes:981080070,},ContainerImage{Names:[k8s.gcr.io/e2e-test-images/perl:5.26],SizeBytes:853225645,},ContainerImage{Names:[k8s.gcr.io/e2e-test-images/volume/rbd:1.0.3],SizeBytes:751897580,},ContainerImage{Names:[192.168.132.12:85/benchmark/benchmark@sha256:59b02207ef00cbc9ae722f2ad7c0f73c60b64ca677449bd0acf5b052eb967764],SizeBytes:721364989,},ContainerImage{Names:[192.168.132.12:85/benchmark/benchmark@sha256:97b019aa0596a30858d2f114a75e4f688723cd1e63b38c2874f687ae329a408a],SizeBytes:721341182,},ContainerImage{Names:[tomcat@sha256:acbf4ace21d5a9bfca00865e615b3061c262bb216d4a44a46990af9b73a73496],SizeBytes:679943312,},ContainerImage{Names:[&lt;none&gt;@&lt;none&gt; &lt;none&gt;:&lt;none&gt;],SizeBytes:679872057,},ContainerImage{Names:[harbor.moresec.cn/ksp/ksp_init@sha256:f7d3859270f43b9d9346a387957118b97fb45e6af379359a17ab676aa566b834 harbor.moresec.cn/ksp/ksp_init:2.2.0],SizeBytes:628801675,},ContainerImage{Names:[harbor.moresec.cn/ksp/ksp_init@sha256:2ddb6771ce701f73bb447c4bacc40f22a96460c029b95ef92363d701247762d4],SizeBytes:628801606,},ContainerImage{Names:[harbor.moresec.cn/ksp/kafka@sha256:29aef30ec0742e05c84b92e35fe81bc2a933d92aa3aec2325f3947c9cbb07e2d harbor.moresec.cn/ksp/kafka:2.8.0-debian-10-r43],SizeBytes:584339677,},ContainerImage{Names:[kennethreitz/httpbin@sha256:599fe5e5073102dbb0ee3dbb65f049dab44fa9fc251f6835c9990f8fb196a72b kennethreitz/httpbin:latest],SizeBytes:533651313,},ContainerImage{Names:[harbor.moresec.cn/ksp/ksp_agent@sha256:f96a653e88fcf5b71a82e603da3ace5e774c9dd4e37dcdfc7a1db3ce87267245 harbor.moresec.cn/ksp/ksp_agent:latest],SizeBytes:495969065,},ContainerImage{Names:[harbor.moresec.cn/ksp/ksp_agent@sha256:62d75a6961ee50b7bbea1eeb9a835b8809fbf868cda8ea7e30c57a871fe36ae4],SizeBytes:495943489,},ContainerImage{Names:[harbor.moresec.cn/ksp/ksp_agent@sha256:a405dae161a236cc6b51c59e3496a423f4153fc2817c26b99bf0fca613bce6af],SizeBytes:495925185,},ContainerImage{Names:[tomcat@sha256:9edc5c51c2dec7794769eede1e88a60e77abe355b73a77e231c464a8384d3697 tomcat:latest],SizeBytes:482487907,},ContainerImage{Names:[tomcat@sha256:8ece5eebda93ab45acf77b237f5564b3c558d0ce782c2f4302796043a621662f],SizeBytes:480307454,},ContainerImage{Names:[192.168.132.114/iast/iast@sha256:36f1db7e28c0b7a6d30ee9059c98d1067ec1f6eaf3ca2d5a3145a8e734dcc853],SizeBytes:479554906,},ContainerImage{Names:[192.168.132.114/iast/iast@sha256:d8e36d06161eec5a685f3cbe45cd43fb652a94b96387d4899951ae5cf1604cae],SizeBytes:479554903,},ContainerImage{Names:[192.168.132.114/iast/iast@sha256:5f2b9418c9d15338a3d2b984d78fab1f83d9b9e08354e2a0d307eab5b7824f75 192.168.132.114/iast/iast:latest],SizeBytes:479554902,},ContainerImage{Names:[docker-dev.moresec.cn:10443/ksp/influxdb@sha256:6277fd14835bf09c33cd13dd3a92393540745949f83e1e426092a7fe9ec2d6d5 harbor.moresec.cn/ksp/influxdb@sha256:4d688fb9837fcfb84ac4cdd65215e06c2c98cac743ffbbddde8a735d4ef1f707 docker-dev.moresec.cn:10443/ksp/influxdb:2.0.9-debian-10-r5 harbor.moresec.cn/ksp/influxdb:2.0.9-debian-10-r5],SizeBytes:468207544,},ContainerImage{Names:[docker-dev.moresec.cn:10443/ksp/zookeeper@sha256:3f077ee4e6b2ff601c2344b1bd007e752ad3ca66550eaf41604e290a02bb92c7 harbor.moresec.cn/ksp/zookeeper@sha256:3f077ee4e6b2ff601c2344b1bd007e752ad3ca66550eaf41604e290a02bb92c7 harbor.moresec.cn/ksp_1.3.0/zookeeper@sha256:3f077ee4e6b2ff601c2344b1bd007e752ad3ca66550eaf41604e290a02bb92c7 docker-dev.moresec.cn:10443/ksp/zookeeper:3.7.0-debian-10-r68 harbor.moresec.cn/ksp/zookeeper:3.7.0-debian-10-r68],SizeBytes:468025553,},ContainerImage{Names:[mysql@sha256:afc453de0d675083ac00d0538521f8a9a67d1cce180d70fab9925ebcc87a0eba mysql:5.7],SizeBytes:448217556,},ContainerImage{Names:[harbor.moresec.cn/ksp/sav_service@sha256:1cded1904d167b240f4821e7bc63745478991000e7715d5c4eecc134c25bb8ad harbor.moresec.cn/ksp/sav_service:2.2.0],SizeBytes:434790033,},ContainerImage{Names:[harbor.moresec.cn/ksp/ksp_agent@sha256:0fa5495795843bd5d69156d87b2d1c8ba34758af85fcd472ec6ad0daba56fe26],SizeBytes:433527765,},ContainerImage{Names:[harbor.moresec.cn/ksp/ksp_agent@sha256:7fc828e5732309187da20a9a025a142f8229f04087601a9fad119c3724ab6e92 harbor.moresec.cn/ksp/ksp_agent:2.2.0],SizeBytes:433527765,},ContainerImage{Names:[harbor.moresec.cn/ksp/ksp_agent@sha256:b6455a0f39f08b39b5ee701bbcfb11edb8484478bfe44f30a3a48f041ea504b1],SizeBytes:433527765,},ContainerImage{Names:[harbor.moresec.cn/ksp/ksp_agent:laishang],SizeBytes:433318869,},ContainerImage{Names:[k8s.gcr.io/e2e-test-images/volume/iscsi:2.2],SizeBytes:414158129,},ContainerImage{Names:[netdata/netdata@sha256:42ba5e0b0f0efaf39f3dda3f511690d7e0a6f0fef2ccfc6d629e01aa911349cc netdata/netdata:latest],SizeBytes:392760854,},ContainerImage{Names:[k8s.gcr.io/sig-storage/nfs-provisioner:v2.2.2],SizeBytes:391702539,},ContainerImage{Names:[k8s.gcr.io/e2e-test-images/glusterdynamic-provisioner:v1.0],SizeBytes:373269502,},ContainerImage{Names:[k8s.gcr.io/e2e-test-images/volume/gluster:1.2],SizeBytes:340272046,},ContainerImage{Names:[sonobuoy/systemd-logs@sha256:0b8b2b7b43b03f7db26e7e4b99be402495b77b496f5a5b0425b3c226bc1e9cbd sonobuoy/systemd-logs:v0.4],SizeBytes:314068873,},ContainerImage{Names:[harbor.moresec.cn/ksp/mysql@sha256:1a52fad24c8d9c47d9563773bf2fd6618cab64a2e7054a32c62d7ff83047d432 harbor.moresec.cn/ksp/mysql:5.7.34],SizeBytes:296256317,},ContainerImage{Names:[192.168.132.114/revshell/revshell@sha256:9b67dba407ee84b9c44b25000faab4b15234d348853ce5e51a7eb7dcefedcc26],SizeBytes:271797518,},ContainerImage{Names:[192.168.132.114/revshell/revshell@sha256:6d8b31f77b52acd39735757cc52d138f343fc49ea76772d4fac615d6064b5978 192.168.132.114/revshell/revshell:latest],SizeBytes:271797514,},ContainerImage{Names:[192.168.132.114/revshell/revshell@sha256:de8b9f596c76971d97ae900223fa5bf95ec51e80c75e40b0e16fcc76e73390d0],SizeBytes:271797416,},ContainerImage{Names:[192.168.132.114/revshell/revshell@sha256:3bbeef8c9f89b542784e94159ddc8e0365418886b5ef37f72d0b911396cdede0],SizeBytes:271797410,},ContainerImage{Names:[192.168.132.114/revshell/listen@sha256:e51b45cdcf6314fabe93ef6b0dda4062713628b951f948aac56154c2e092bd18 192.168.132.114/revshell/listen:latest],SizeBytes:271796301,},ContainerImage{Names:[192.168.132.114/revshell/listen@sha256:4aaf5ed8166fef1252bfa2784b85a691b438f0a1bfc286c1099a42e215971f3f],SizeBytes:271796199,},ContainerImage{Names:[harbor.moresec.cn/ksp/ksp_web@sha256:e0e443f252e6bd8f090341a555d8ae5846815293106341c78f6d00249babfa4a],SizeBytes:265801442,},ContainerImage{Names:[harbor.moresec.cn/ksp/ksp_web@sha256:c3f7ad61abe56853241fb79c1c05c6b8c86b190960b1f5f97140d891515304c9],SizeBytes:264539293,},ContainerImage{Names:[harbor.moresec.cn/ksp/ksp_web@sha256:b3fdc81d10a75ebe03bd5faef73e9edf161cd7940b9b374db637c12a0cd2cfc9],SizeBytes:264539173,},ContainerImage{Names:[harbor.moresec.cn/ksp/ksp_web@sha256:7b345a16af36b51412b69aca73a67848ce3ceb81f0045b4752df355d7ca6fc6c harbor.moresec.cn/ksp/ksp_web:2.2.0],SizeBytes:264538875,},ContainerImage{Names:[harbor.moresec.cn/ksp/ksp_web@sha256:0e4b5eff8946bf4d728d8931093c90949b4bff855edb420166406da7f57a8ece harbor.moresec.cn/ksp/ksp_web:latest],SizeBytes:264537370,},ContainerImage{Names:[harbor.moresec.cn/ksp/ksp_web@sha256:5453d21ff28597046c6848026d771fb09508a63ce6ad0abd7c82d5854002bdeb],SizeBytes:264507115,},ContainerImage{Names:[k8s.gcr.io/e2e-test-images/volume/nfs:1.2],SizeBytes:263870626,},},VolumesInUse:[],VolumesAttached:[]AttachedVolume{},Config:nil,},}&#xA;Jul 24 13:14:20.909: INFO: &#xA;Logging kubelet events for node kubernetes-node-02&#xA;Jul 24 13:14:20.911: INFO: &#xA;Logging pods the kubelet thinks is on node kubernetes-node-02&#xA;Jul 24 13:14:20.917: INFO: prometheus-k8s-1 started at 2022-07-24 12:39:13 +0000 UTC (1+2 container statuses recorded)&#xA;Jul 24 13:14:20.917: INFO: &#x9;Init container init-config-reloader ready: true, restart count 0&#xA;Jul 24 13:14:20.917: INFO: &#x9;Container config-reloader ready: true, restart count 0&#xA;Jul 24 13:14:20.917: INFO: &#x9;Container prometheus ready: true, restart count 0&#xA;Jul 24 13:14:20.917: INFO: alertmanager-main-2 started at 2022-07-24 12:39:35 +0000 UTC (0+2 container statuses recorded)&#xA;Jul 24 13:14:20.917: INFO: &#x9;Container alertmanager ready: true, restart count 0&#xA;Jul 24 13:14:20.917: INFO: &#x9;Container config-reloader ready: true, restart count 0&#xA;Jul 24 13:14:20.917: INFO: node-exporter-mg4n8 started at 2022-07-08 03:28:05 +0000 UTC (0+2 container statuses recorded)&#xA;Jul 24 13:14:20.917: INFO: &#x9;Container kube-rbac-proxy ready: true, restart count 1&#xA;Jul 24 13:14:20.917: INFO: &#x9;Container node-exporter ready: true, restart count 2&#xA;Jul 24 13:14:20.917: INFO: ksp-minio-6c4647754d-x4fzq started at 2022-07-24 12:39:13 +0000 UTC (0+1 container statuses recorded)&#xA;Jul 24 13:14:20.917: INFO: &#x9;Container minio ready: true, restart count 0&#xA;Jul 24 13:14:20.917: INFO: sonobuoy-systemd-logs-daemon-set-bb55de94825d4876-7s4cf started at 2022-07-24 11:15:36 +0000 UTC (0+2 container statuses recorded)&#xA;Jul 24 13:14:20.917: INFO: &#x9;Container sonobuoy-worker ready: true, restart count 0&#xA;Jul 24 13:14:20.917: INFO: &#x9;Container systemd-logs ready: true, restart count 0&#xA;Jul 24 13:14:20.917: INFO: kube-flannel-ds-g6brd started at 2022-07-24 12:39:23 +0000 UTC (2+1 container statuses recorded)&#xA;Jul 24 13:14:20.917: INFO: &#x9;Init container install-cni-plugin ready: true, restart count 0&#xA;Jul 24 13:14:20.917: INFO: &#x9;Init container install-cni ready: true, restart count 0&#xA;Jul 24 13:14:20.917: INFO: &#x9;Container kube-flannel ready: true, restart count 0&#xA;Jul 24 13:14:20.917: INFO: ss2-2 started at 2022-07-24 12:40:05 +0000 UTC (0+1 container statuses recorded)&#xA;Jul 24 13:14:20.917: INFO: &#x9;Container webserver ready: true, restart count 0&#xA;Jul 24 13:14:20.917: INFO: ksp-influxdb-6c4b765b68-mhtng started at 2022-07-24 12:39:13 +0000 UTC (0+1 container statuses recorded)&#xA;Jul 24 13:14:20.917: INFO: &#x9;Container influxdb ready: true, restart count 0&#xA;Jul 24 13:14:20.917: INFO: kube-proxy-pshqk started at 2022-07-05 02:22:26 +0000 UTC (0+1 container statuses recorded)&#xA;Jul 24 13:14:20.917: INFO: &#x9;Container kube-proxy ready: true, restart count 1&#xA;Jul 24 13:14:20.917: INFO: ksp-zookeeper-0 started at 2022-07-24 12:39:13 +0000 UTC (0+1 container statuses recorded)&#xA;Jul 24 13:14:20.917: INFO: &#x9;Container zookeeper ready: true, restart count 0&#xA;Jul 24 13:14:20.957: INFO: &#xA;Latency metrics for node kubernetes-node-02&#xA;Jul 24 13:14:20.957: INFO: Waiting up to 3m0s for all (but 0) nodes to be ready&#xA;STEP: Destroying namespace &#34;services-1794&#34; for this suite.&#xA;[AfterEach] [sig-network] Services&#xA;  /workspace/src/k8s.io/kubernetes/_output/dockerized/go/src/k8s.io/kubernetes/test/e2e/network/service.go:753&#xA;</system-out>
      </testcase>
      <testcase name="[sig-storage] In-tree Volumes [Driver: local][LocalVolumeType: dir] [Testpattern: Pre-provisioned PV (default fs)] volumes should store data" classname="Kubernetes e2e suite" time="0">
          <skipped></skipped>
      </testcase>
      <testcase name="[sig-storage] In-tree Volumes [Driver: azure-disk] [Testpattern: Pre-provisioned PV (ntfs)][Feature:Windows] volumes should store data" classname="Kubernetes e2e suite" time="0">
          <skipped></skipped>
      </testcase>
      <testcase name="[sig-storage] In-tree Volumes [Driver: gcepd] [Testpattern: Pre-provisioned PV (default fs)] subPath should unmount if pod is gracefully deleted while kubelet is down [Disruptive][Slow][LinuxOnly]" classname="Kubernetes e2e suite" time="0">
          <skipped></skipped>
      </testcase>
      <testcase name="[sig-storage] In-tree Volumes [Driver: aws] [Testpattern: Dynamic PV (block volmode)] disruptive[Disruptive][LinuxOnly] Should test that pv used in a pod that is deleted while the kubelet is down cleans up when the kubelet returns." classname="Kubernetes e2e suite" time="0">
          <skipped></skipped>
      </testcase>
      <testcase name="[sig-storage] In-tree Volumes [Driver: local][LocalVolumeType: block] [Testpattern: Dynamic PV (ext4)] multiVolume [Slow] should access to two volumes with the same volume mode and retain data across pod recreation on different node" classname="Kubernetes e2e suite" time="0">
          <skipped></skipped>
      </testcase>
      <testcase name="[sig-storage] In-tree Volumes [Driver: local][LocalVolumeType: dir] [Testpattern: Inline-volume (default fs)] subPath should support existing directories when readOnly specified in the volumeSource" classname="Kubernetes e2e suite" time="0">
          <skipped></skipped>
      </testcase>
      <testcase name="[sig-storage] In-tree Volumes [Driver: local][LocalVolumeType: dir-bindmounted] [Testpattern: Dynamic PV (filesystem volmode)] multiVolume [Slow] should access to two volumes with the same volume mode and retain data across pod recreation on different node" classname="Kubernetes e2e suite" time="0">
          <skipped></skipped>
      </testcase>
      <testcase name="[sig-storage] In-tree Volumes [Driver: rbd][Feature:Volumes][Serial] [Testpattern: Dynamic PV (filesystem volmode)] multiVolume [Slow] should access to two volumes with the same volume mode and retain data across pod recreation on different node" classname="Kubernetes e2e suite" time="0">
          <skipped></skipped>
      </testcase>
      <testcase name="[sig-storage] In-tree Volumes [Driver: local][LocalVolumeType: gce-localssd-scsi-fs] [Serial] [Testpattern: Dynamic PV (default fs)] subPath should support existing directory" classname="Kubernetes e2e suite" time="0">
          <skipped></skipped>
      </testcase>
      <testcase name="[sig-storage] In-tree Volumes [Driver: gcepd] [Testpattern: Pre-provisioned PV (default fs)] subPath should support existing directories when readOnly specified in the volumeSource" classname="Kubernetes e2e suite" time="0">
          <skipped></skipped>
      </testcase>
      <testcase name="[sig-storage] CSI Volumes [Driver: csi-hostpath] [Testpattern: Dynamic PV (ext4)] multiVolume [Slow] should concurrently access the volume and restored snapshot from pods on the same node [LinuxOnly][Feature:VolumeSnapshotDataSource][Feature:VolumeSourceXFS]" classname="Kubernetes e2e suite" time="0">
          <skipped></skipped>
      </testcase>
      <testcase name="[sig-storage] In-tree Volumes [Driver: hostPathSymlink] [Testpattern: Pre-provisioned PV (block volmode)] multiVolume [Slow] should concurrently access the single volume from pods on different node" classname="Kubernetes e2e suite" time="0">
          <skipped></skipped>
      </testcase>
      <testcase name="[sig-storage] In-tree Volumes [Driver: emptydir] [Testpattern: Dynamic PV (filesystem volmode)] volumeMode should not mount / map unused volumes in a pod [LinuxOnly]" classname="Kubernetes e2e suite" time="0">
          <skipped></skipped>
      </testcase>
      <testcase name="[sig-storage] In-tree Volumes [Driver: local][LocalVolumeType: blockfs] [Testpattern: Pre-provisioned PV (filesystem volmode)] volumeMode should not mount / map unused volumes in a pod [LinuxOnly]" classname="Kubernetes e2e suite" time="0">
          <skipped></skipped>
      </testcase>
      <testcase name="[sig-api-machinery] Server request timeout should return HTTP status code 400 if the user specifies an invalid timeout in the request URL" classname="Kubernetes e2e suite" time="0">
          <skipped></skipped>
      </testcase>
      <testcase name="[sig-storage] In-tree Volumes [Driver: hostPathSymlink] [Testpattern: Pre-provisioned PV (default fs)] subPath should unmount if pod is gracefully deleted while kubelet is down [Disruptive][Slow][LinuxOnly]" classname="Kubernetes e2e suite" time="0">
          <skipped></skipped>
      </testcase>
      <testcase name="[sig-storage] In-tree Volumes [Driver: rbd][Feature:Volumes][Serial] [Testpattern: Pre-provisioned PV (block volmode)] multiVolume [Slow] should concurrently access the volume and its clone from pods on the same node [LinuxOnly][Feature:VolumeSnapshotDataSource][Feature:VolumeSourceXFS]" classname="Kubernetes e2e suite" time="0">
          <skipped></skipped>
      </testcase>
      <testcase name="[sig-storage] In-tree Volumes [Driver: hostPathSymlink] [Testpattern: Dynamic PV (block volmode)] disruptive[Disruptive][LinuxOnly] Should test that pv used in a pod that is deleted while the kubelet is down cleans up when the kubelet returns." classname="Kubernetes e2e suite" time="0">
          <skipped></skipped>
      </testcase>
      <testcase name="[sig-storage] CSI Volumes [Driver: pd.csi.storage.gke.io][Serial] [Testpattern: Dynamic PV (default fs)] subPath should support creating multiple subpath from same volumes [Slow]" classname="Kubernetes e2e suite" time="0">
          <skipped></skipped>
      </testcase>
      <testcase name="[sig-storage] In-tree Volumes [Driver: nfs] [Testpattern: Pre-provisioned PV (block volmode)] multiVolume [Slow] should concurrently access the volume and restored snapshot from pods on the same node [LinuxOnly][Feature:VolumeSnapshotDataSource][Feature:VolumeSourceXFS]" classname="Kubernetes e2e suite" time="0">
          <skipped></skipped>
      </testcase>
      <testcase name="[sig-storage] In-tree Volumes [Driver: gluster] [Testpattern: Dynamic PV (filesystem volmode)] multiVolume [Slow] should concurrently access the single volume from pods on the same node" classname="Kubernetes e2e suite" time="0">
          <skipped></skipped>
      </testcase>
      <testcase name="[sig-storage] In-tree Volumes [Driver: local][LocalVolumeType: dir] [Testpattern: Pre-provisioned PV (block volmode)] volumes should store data" classname="Kubernetes e2e suite" time="0">
          <skipped></skipped>
      </testcase>
      <testcase name="[sig-storage] In-tree Volumes [Driver: local][LocalVolumeType: gce-localssd-scsi-fs] [Serial] [Testpattern: Dynamic PV (xfs)][Slow] volumes should allow exec of files on the volume" classname="Kubernetes e2e suite" time="0">
          <skipped></skipped>
      </testcase>
      <testcase name="[sig-storage] In-tree Volumes [Driver: gcepd] [Testpattern: Pre-provisioned PV (default fs)] subPath should support readOnly file specified in the volumeMount [LinuxOnly]" classname="Kubernetes e2e suite" time="0">
          <skipped></skipped>
      </testcase>
      <testcase name="[sig-apps] DisruptionController evictions: maxUnavailable deny evictions, integer =&gt; should not allow an eviction [Serial]" classname="Kubernetes e2e suite" time="0">
          <skipped></skipped>
      </testcase>
      <testcase name="[sig-storage] In-tree Volumes [Driver: gluster] [Testpattern: Inline-volume (default fs)] subPath should fail if subpath directory is outside the volume [Slow][LinuxOnly]" classname="Kubernetes e2e suite" time="0">
          <skipped></skipped>
      </testcase>
      <testcase name="[sig-storage] In-tree Volumes [Driver: iscsi][Feature:Volumes] [Testpattern: Dynamic PV (default fs)] capacity provides storage capacity information" classname="Kubernetes e2e suite" time="0">
          <skipped></skipped>
      </testcase>
      <testcase name="[sig-storage] In-tree Volumes [Driver: local][LocalVolumeType: dir-link] [Testpattern: Dynamic PV (filesystem volmode)] disruptive[Disruptive][LinuxOnly] Should test that pv written before kubelet restart is readable after restart." classname="Kubernetes e2e suite" time="0">
          <skipped></skipped>
      </testcase>
      <testcase name="[sig-storage] In-tree Volumes [Driver: nfs] [Testpattern: Dynamic PV (block volmode)] disruptive[Disruptive][LinuxOnly] Should test that pv written before kubelet restart is readable after restart." classname="Kubernetes e2e suite" time="0">
          <skipped></skipped>
      </testcase>
      <testcase name="[sig-storage] In-tree Volumes [Driver: ceph][Feature:Volumes][Serial] [Testpattern: Dynamic PV (ntfs)][Feature:Windows] subPath should support file as subpath [LinuxOnly]" classname="Kubernetes e2e suite" time="0">
          <skipped></skipped>
      </testcase>
      <testcase name="[sig-node] Probing container should be restarted with a failing exec liveness probe that took longer than the timeout" classname="Kubernetes e2e suite" time="0">
          <skipped></skipped>
      </testcase>
      <testcase name="[sig-storage] In-tree Volumes [Driver: gluster] [Testpattern: Dynamic PV (block volmode)] multiVolume [Slow] should concurrently access the single volume from pods on different node" classname="Kubernetes e2e suite" time="0">
          <skipped></skipped>
      </testcase>
      <testcase name="[sig-storage] In-tree Volumes [Driver: local][LocalVolumeType: dir-bindmounted] [Testpattern: Pre-provisioned PV (default fs)] subPath should unmount if pod is gracefully deleted while kubelet is down [Disruptive][Slow][LinuxOnly]" classname="Kubernetes e2e suite" time="0">
          <skipped></skipped>
      </testcase>
      <testcase name="[sig-storage] In-tree Volumes [Driver: hostPathSymlink] [Testpattern: Dynamic PV (ntfs)][Feature:Windows] subPath should support existing directory" classname="Kubernetes e2e suite" time="0">
          <skipped></skipped>
      </testcase>
      <testcase name="[sig-storage] In-tree Volumes [Driver: gluster] [Testpattern: Dynamic PV (block volmode)] volume-expand should not allow expansion of pvcs without AllowVolumeExpansion property" classname="Kubernetes e2e suite" time="0">
          <skipped></skipped>
      </testcase>
      <testcase name="[sig-storage] In-tree Volumes [Driver: local][LocalVolumeType: dir-link-bindmounted] [Testpattern: Dynamic PV (ntfs)][Feature:Windows] volumes should allow exec of files on the volume" classname="Kubernetes e2e suite" time="0">
          <skipped></skipped>
      </testcase>
      <testcase name="[sig-api-machinery] Discovery should validate PreferredVersion for each APIGroup [Conformance]" classname="Kubernetes e2e suite" time="0.459808792"></testcase>
      <testcase name="[sig-storage] In-tree Volumes [Driver: nfs] [Testpattern: Dynamic PV (default fs)] provisioning should provision storage with pvc data source" classname="Kubernetes e2e suite" time="0">
          <skipped></skipped>
      </testcase>
      <testcase name="[sig-storage] In-tree Volumes [Driver: local][LocalVolumeType: dir-bindmounted] [Testpattern: Pre-provisioned PV (filesystem volmode)] multiVolume [Slow] should concurrently access the single volume from pods on different node" classname="Kubernetes e2e suite" time="0">
          <skipped></skipped>
      </testcase>
      <testcase name="[sig-storage] In-tree Volumes [Driver: ceph][Feature:Volumes][Serial] [Testpattern: Dynamic PV (xfs)][Slow] multiVolume [Slow] should access to two volumes with different volume mode and retain data across pod recreation on different node" classname="Kubernetes e2e suite" time="0">
          <skipped></skipped>
      </testcase>
      <testcase name="[sig-storage] In-tree Volumes [Driver: azure-disk] [Testpattern: Pre-provisioned PV (block volmode)] disruptive[Disruptive][LinuxOnly] Should test that pv used in a pod that is force deleted while the kubelet is down cleans up when the kubelet returns." classname="Kubernetes e2e suite" time="0">
          <skipped></skipped>
      </testcase>
      <testcase name="[sig-storage] In-tree Volumes [Driver: vsphere] [Testpattern: Pre-provisioned PV (block volmode)] volumeMode should not mount / map unused volumes in a pod [LinuxOnly]" classname="Kubernetes e2e suite" time="0">
          <skipped></skipped>
      </testcase>
      <testcase name="[sig-storage] In-tree Volumes [Driver: emptydir] [Testpattern: Pre-provisioned PV (filesystem volmode)] multiVolume [Slow] should access to two volumes with the same volume mode and retain data across pod recreation on the same node" classname="Kubernetes e2e suite" time="0">
          <skipped></skipped>
      </testcase>
      <testcase name="[sig-storage] In-tree Volumes [Driver: emptydir] [Testpattern: Dynamic PV (xfs)][Slow] multiVolume [Slow] should concurrently access the volume and restored snapshot from pods on the same node [LinuxOnly][Feature:VolumeSnapshotDataSource][Feature:VolumeSourceXFS]" classname="Kubernetes e2e suite" time="0">
          <skipped></skipped>
      </testcase>
      <testcase name="[sig-storage] In-tree Volumes [Driver: hostPath] [Testpattern: Dynamic PV (ext4)] multiVolume [Slow] should access to two volumes with different volume mode and retain data across pod recreation on different node" classname="Kubernetes e2e suite" time="0">
          <skipped></skipped>
      </testcase>
      <testcase name="[sig-storage] In-tree Volumes [Driver: windows-gcepd] [Testpattern: Pre-provisioned PV (ntfs)][Feature:Windows] volumes should allow exec of files on the volume" classname="Kubernetes e2e suite" time="0">
          <skipped></skipped>
      </testcase>
      <testcase name="[sig-storage] In-tree Volumes [Driver: iscsi][Feature:Volumes] [Testpattern: Pre-provisioned PV (ext4)] volumes should store data" classname="Kubernetes e2e suite" time="0">
          <skipped></skipped>
      </testcase>
      <testcase name="[sig-storage] In-tree Volumes [Driver: local][LocalVolumeType: blockfs] [Testpattern: Dynamic PV (immediate binding)] topology should fail to schedule a pod which has topologies that conflict with AllowedTopologies" classname="Kubernetes e2e suite" time="0">
          <skipped></skipped>
      </testcase>
      <testcase name="[sig-storage] In-tree Volumes [Driver: local][LocalVolumeType: dir-link-bindmounted] [Testpattern: Pre-provisioned PV (default fs)] subPath should support creating multiple subpath from same volumes [Slow]" classname="Kubernetes e2e suite" time="0">
          <skipped></skipped>
      </testcase>
      <testcase name="[sig-storage] In-tree Volumes [Driver: ceph][Feature:Volumes][Serial] [Testpattern: Dynamic PV (ntfs)][Feature:Windows] provisioning should provision storage with pvc data source" classname="Kubernetes e2e suite" time="0">
          <skipped></skipped>
      </testcase>
      <testcase name="[sig-network] Networking Granular Checks: Services should update nodePort: http [Slow]" classname="Kubernetes e2e suite" time="0">
          <skipped></skipped>
      </testcase>
      <testcase name="[sig-storage] In-tree Volumes [Driver: cinder] [Testpattern: Pre-provisioned PV (block volmode)] multiVolume [Slow] should concurrently access the volume and restored snapshot from pods on the same node [LinuxOnly][Feature:VolumeSnapshotDataSource][Feature:VolumeSourceXFS]" classname="Kubernetes e2e suite" time="0">
          <skipped></skipped>
      </testcase>
      <testcase name="[sig-storage] CSI Volumes [Driver: pd.csi.storage.gke.io][Serial] [Testpattern: Inline-volume (default fs)] subPath should support non-existent path" classname="Kubernetes e2e suite" time="0">
          <skipped></skipped>
      </testcase>
      <testcase name="[sig-storage] CSI Volumes [Driver: pd.csi.storage.gke.io][Serial] [Testpattern: Dynamic PV (immediate binding)] topology should provision a volume and schedule a pod with AllowedTopologies" classname="Kubernetes e2e suite" time="0">
          <skipped></skipped>
      </testcase>
      <testcase name="[sig-storage] In-tree Volumes [Driver: nfs] [Testpattern: Pre-provisioned PV (block volmode)] multiVolume [Slow] should concurrently access the single read-only volume from pods on the same node" classname="Kubernetes e2e suite" time="0">
          <skipped></skipped>
      </testcase>
      <testcase name="[sig-node] Pods Extended Pods Set QOS Class should be set on Pods with matching resource requests and limits for memory and cpu [Conformance]" classname="Kubernetes e2e suite" time="0.255964943"></testcase>
      <testcase name="[sig-storage] In-tree Volumes [Driver: nfs] [Testpattern: Dynamic PV (default fs)] subPath should be able to unmount after the subpath directory is deleted [LinuxOnly]" classname="Kubernetes e2e suite" time="0">
          <skipped></skipped>
      </testcase>
      <testcase name="[sig-storage] In-tree Volumes [Driver: windows-gcepd] [Testpattern: Dynamic PV (ntfs)][Feature:Windows] subPath should support readOnly file specified in the volumeMount [LinuxOnly]" classname="Kubernetes e2e suite" time="0">
          <skipped></skipped>
      </testcase>
      <testcase name="[sig-storage] In-tree Volumes [Driver: local][LocalVolumeType: dir] [Testpattern: Pre-provisioned PV (default fs)] subPath should support non-existent path" classname="Kubernetes e2e suite" time="0">
          <skipped></skipped>
      </testcase>
      <testcase name="[sig-storage] In-tree Volumes [Driver: cinder] [Testpattern: Dynamic PV (block volmode)] provisioning should provision storage with snapshot data source [Feature:VolumeSnapshotDataSource]" classname="Kubernetes e2e suite" time="0">
          <skipped></skipped>
      </testcase>
      <testcase name="[sig-storage] In-tree Volumes [Driver: local][LocalVolumeType: dir-link-bindmounted] [Testpattern: Dynamic PV (block volmode)] disruptive[Disruptive][LinuxOnly] Should test that pv used in a pod that is deleted while the kubelet is down cleans up when the kubelet returns." classname="Kubernetes e2e suite" time="0">
          <skipped></skipped>
      </testcase>
      <testcase name="[sig-storage] CSI Volumes [Driver: csi-hostpath] [Testpattern: Inline-volume (default fs)] subPath should support non-existent path" classname="Kubernetes e2e suite" time="0">
          <skipped></skipped>
      </testcase>
      <testcase name="[sig-storage] In-tree Volumes [Driver: nfs] [Testpattern: Dynamic PV (ext4)] multiVolume [Slow] should concurrently access the volume and its clone from pods on the same node [LinuxOnly][Feature:VolumeSnapshotDataSource][Feature:VolumeSourceXFS]" classname="Kubernetes e2e suite" time="0">
          <skipped></skipped>
      </testcase>
      <testcase name="[sig-storage] In-tree Volumes [Driver: gcepd] [Testpattern: Inline-volume (default fs)] subPath should fail if subpath directory is outside the volume [Slow][LinuxOnly]" classname="Kubernetes e2e suite" time="0">
          <skipped></skipped>
      </testcase>
      <testcase name="[sig-storage] In-tree Volumes [Driver: cinder] [Testpattern: Inline-volume (default fs)] volumes should store data" classname="Kubernetes e2e suite" time="0">
          <skipped></skipped>
      </testcase>
      <testcase name="[sig-storage] In-tree Volumes [Driver: gluster] [Testpattern: Pre-provisioned PV (filesystem volmode)] disruptive[Disruptive][LinuxOnly] Should test that pv written before kubelet restart is readable after restart." classname="Kubernetes e2e suite" time="0">
          <skipped></skipped>
      </testcase>
      <testcase name="[sig-network] LoadBalancers ESIPP [Slow] should handle updates to ExternalTrafficPolicy field" classname="Kubernetes e2e suite" time="0">
          <skipped></skipped>
      </testcase>
      <testcase name="[sig-storage] In-tree Volumes [Driver: nfs] [Testpattern: Dynamic PV (block volmode)(allowExpansion)] volume-expand Verify if offline PVC expansion works" classname="Kubernetes e2e suite" time="0">
          <skipped></skipped>
      </testcase>
      <testcase name="[sig-storage] In-tree Volumes [Driver: local][LocalVolumeType: gce-localssd-scsi-fs] [Serial] [Testpattern: Dynamic PV (xfs)][Slow] multiVolume [Slow] should concurrently access the volume and restored snapshot from pods on the same node [LinuxOnly][Feature:VolumeSnapshotDataSource][Feature:VolumeSourceXFS]" classname="Kubernetes e2e suite" time="0">
          <skipped></skipped>
      </testcase>
      <testcase name="[sig-storage] In-tree Volumes [Driver: vsphere] [Testpattern: Dynamic PV (block volmode)] provisioning should provision storage with mount options" classname="Kubernetes e2e suite" time="0">
          <skipped></skipped>
      </testcase>
      <testcase name="[sig-storage] CSI mock volume storage capacity exhausted, late binding, with topology" classname="Kubernetes e2e suite" time="0">
          <skipped></skipped>
      </testcase>
      <testcase name="[sig-storage] In-tree Volumes [Driver: local][LocalVolumeType: dir-link] [Testpattern: Inline-volume (default fs)] subPath should support existing directory" classname="Kubernetes e2e suite" time="0">
          <skipped></skipped>
      </testcase>
      <testcase name="[sig-storage] In-tree Volumes [Driver: windows-gcepd] [Testpattern: Dynamic PV (default fs)] subPath should support readOnly file specified in the volumeMount [LinuxOnly]" classname="Kubernetes e2e suite" time="0">
          <skipped></skipped>
      </testcase>
      <testcase name="[sig-api-machinery] ResourceQuota should create a ResourceQuota and capture the life of a custom resource." classname="Kubernetes e2e suite" time="0">
          <skipped></skipped>
      </testcase>
      <testcase name="[sig-storage] In-tree Volumes [Driver: emptydir] [Testpattern: Inline-volume (default fs)] volumes should allow exec of files on the volume" classname="Kubernetes e2e suite" time="0">
          <skipped></skipped>
      </testcase>
      <testcase name="[sig-storage] In-tree Volumes [Driver: cinder] [Testpattern: Pre-provisioned PV (block volmode)] disruptive[Disruptive][LinuxOnly] Should test that pv used in a pod that is force deleted while the kubelet is down cleans up when the kubelet returns." classname="Kubernetes e2e suite" time="0">
          <skipped></skipped>
      </testcase>
      <testcase name="[sig-node] Security Context When creating a pod with privileged should run the container as unprivileged when false [LinuxOnly] [NodeConformance] [Conformance]" classname="Kubernetes e2e suite" time="8.391036736"></testcase>
      <testcase name="[sig-storage] Zone Support [Feature:vsphere] Verify PVC creation with an invalid VSAN capability along with a compatible zone combination specified in storage class fails" classname="Kubernetes e2e suite" time="0">
          <skipped></skipped>
      </testcase>
      <testcase name="[sig-storage] In-tree Volumes [Driver: ceph][Feature:Volumes][Serial] [Testpattern: Dynamic PV (ext4)] multiVolume [Slow] should access to two volumes with the same volume mode and retain data across pod recreation on different node" classname="Kubernetes e2e suite" time="0">
          <skipped></skipped>
      </testcase>
      <testcase name="[sig-storage] In-tree Volumes [Driver: gluster] [Testpattern: Pre-provisioned PV (block volmode)] multiVolume [Slow] should concurrently access the single volume from pods on the same node" classname="Kubernetes e2e suite" time="0">
          <skipped></skipped>
      </testcase>
      <testcase name="[sig-network] Networking should check kube-proxy urls" classname="Kubernetes e2e suite" time="0">
          <skipped></skipped>
      </testcase>
      <testcase name="[sig-storage] In-tree Volumes [Driver: local][LocalVolumeType: blockfs] [Testpattern: Pre-provisioned PV (block volmode)] disruptive[Disruptive][LinuxOnly] Should test that pv written before kubelet restart is readable after restart." classname="Kubernetes e2e suite" time="0">
          <skipped></skipped>
      </testcase>
      <testcase name="[sig-storage] In-tree Volumes [Driver: hostPathSymlink] [Testpattern: Inline-volume (default fs)] subPath should support existing single file [LinuxOnly]" classname="Kubernetes e2e suite" time="0">
          <skipped></skipped>
      </testcase>
      <testcase name="[sig-storage] In-tree Volumes [Driver: nfs] [Testpattern: Pre-provisioned PV (block volmode)] multiVolume [Slow] should access to two volumes with the same volume mode and retain data across pod recreation on the same node" classname="Kubernetes e2e suite" time="0">
          <skipped></skipped>
      </testcase>
      <testcase name="[sig-storage] CSI Volumes [Driver: pd.csi.storage.gke.io][Serial] [Testpattern: Dynamic PV (filesystem volmode)] multiVolume [Slow] should access to two volumes with the same volume mode and retain data across pod recreation on different node" classname="Kubernetes e2e suite" time="0">
          <skipped></skipped>
      </testcase>
      <testcase name="[sig-instrumentation] Stackdriver Monitoring should have accelerator metrics [Feature:StackdriverAcceleratorMonitoring]" classname="Kubernetes e2e suite" time="0">
          <skipped></skipped>
      </testcase>
      <testcase name="[sig-storage] In-tree Volumes [Driver: local][LocalVolumeType: blockfs] [Testpattern: Dynamic PV (default fs)] provisioning should provision storage with pvc data source in parallel [Slow]" classname="Kubernetes e2e suite" time="0">
          <skipped></skipped>
      </testcase>
      <testcase name="[sig-storage] In-tree Volumes [Driver: local][LocalVolumeType: gce-localssd-scsi-fs] [Serial] [Testpattern: Dynamic PV (block volmode)] volumeMode should fail to use a volume in a pod with mismatched mode [Slow]" classname="Kubernetes e2e suite" time="0">
          <skipped></skipped>
      </testcase>
      <testcase name="[sig-storage] In-tree Volumes [Driver: local][LocalVolumeType: block] [Testpattern: Dynamic PV (block volmode)] multiVolume [Slow] should access to two volumes with different volume mode and retain data across pod recreation on the same node" classname="Kubernetes e2e suite" time="0">
          <skipped></skipped>
      </testcase>
      <testcase name="[sig-storage] In-tree Volumes [Driver: local][LocalVolumeType: dir] [Testpattern: Dynamic PV (block volmode)] multiVolume [Slow] should access to two volumes with different volume mode and retain data across pod recreation on different node" classname="Kubernetes e2e suite" time="0">
          <skipped></skipped>
      </testcase>
      <testcase name="[sig-storage] In-tree Volumes [Driver: local][LocalVolumeType: dir] [Testpattern: Pre-provisioned PV (default fs)] subPath should verify container cannot write to subpath readonly volumes [Slow]" classname="Kubernetes e2e suite" time="0">
          <skipped></skipped>
      </testcase>
      <testcase name="[sig-storage] In-tree Volumes [Driver: rbd][Feature:Volumes][Serial] [Testpattern: Dynamic PV (default fs)] fsgroupchangepolicy (Always)[LinuxOnly], pod created with an initial fsgroup, new pod fsgroup applied to volume contents" classname="Kubernetes e2e suite" time="0">
          <skipped></skipped>
      </testcase>
      <testcase name="[sig-storage] In-tree Volumes [Driver: local][LocalVolumeType: dir-bindmounted] [Testpattern: Dynamic PV (immediate binding)] topology should fail to schedule a pod which has topologies that conflict with AllowedTopologies" classname="Kubernetes e2e suite" time="0">
          <skipped></skipped>
      </testcase>
      <testcase name="[sig-storage] In-tree Volumes [Driver: azure-disk] [Testpattern: Pre-provisioned PV (block volmode)] volumes should store data" classname="Kubernetes e2e suite" time="0">
          <skipped></skipped>
      </testcase>
      <testcase name="[sig-storage] CSI Volumes [Driver: pd.csi.storage.gke.io][Serial] [Testpattern: Inline-volume (ext4)] volumes should allow exec of files on the volume" classname="Kubernetes e2e suite" time="0">
          <skipped></skipped>
      </testcase>
      <testcase name="[sig-api-machinery] Namespaces [Serial] should delete fast enough (90 percent of 100 namespaces in 150 seconds)" classname="Kubernetes e2e suite" time="0">
          <skipped></skipped>
      </testcase>
      <testcase name="[sig-storage] In-tree Volumes [Driver: hostPathSymlink] [Testpattern: Dynamic PV (xfs)][Slow] multiVolume [Slow] should concurrently access the single volume from pods on different node" classname="Kubernetes e2e suite" time="0">
          <skipped></skipped>
      </testcase>
      <testcase name="[sig-apps] Deployment test Deployment ReplicaSet orphaning and adoption regarding controllerRef" classname="Kubernetes e2e suite" time="0">
          <skipped></skipped>
      </testcase>
      <testcase name="[sig-storage] In-tree Volumes [Driver: local][LocalVolumeType: gce-localssd-scsi-fs] [Serial] [Testpattern: Inline-volume (default fs)] subPath should support restarting containers using file as subpath [Slow][LinuxOnly]" classname="Kubernetes e2e suite" time="0">
          <skipped></skipped>
      </testcase>
      <testcase name="[sig-storage] CSI Volumes [Driver: csi-hostpath] [Testpattern: Inline-volume (xfs)][Slow] volumes should store data" classname="Kubernetes e2e suite" time="0">
          <skipped></skipped>
      </testcase>
      <testcase name="[sig-node] Container Runtime blackbox test on terminated container should report termination message [LinuxOnly] if TerminationMessagePath is set as non-root user and at a non-default path [NodeConformance] [Conformance]" classname="Kubernetes e2e suite" time="7.12018472"></testcase>
      <testcase name="[sig-storage] In-tree Volumes [Driver: gcepd] [Testpattern: Inline-volume (default fs)] subPath should fail if subpath file is outside the volume [Slow][LinuxOnly]" classname="Kubernetes e2e suite" time="0">
          <skipped></skipped>
      </testcase>
      <testcase name="[sig-node] Downward API should provide host IP as an env var [NodeConformance] [Conformance]" classname="Kubernetes e2e suite" time="8.359622637"></testcase>
      <testcase name="[sig-node] RuntimeClass should run a Pod requesting a RuntimeClass with scheduling with taints [Serial] " classname="Kubernetes e2e suite" time="0">
          <skipped></skipped>
      </testcase>
      <testcase name="[sig-storage] In-tree Volumes [Driver: local][LocalVolumeType: gce-localssd-scsi-fs] [Serial] [Testpattern: Dynamic PV (block volmode)] multiVolume [Slow] should access to two volumes with different volume mode and retain data across pod recreation on the same node" classname="Kubernetes e2e suite" time="0">
          <skipped></skipped>
      </testcase>
      <testcase name="[sig-storage] In-tree Volumes [Driver: local][LocalVolumeType: dir-link-bindmounted] [Testpattern: Dynamic PV (ntfs)][Feature:Windows] subPath should support file as subpath [LinuxOnly]" classname="Kubernetes e2e suite" time="0">
          <skipped></skipped>
      </testcase>
      <testcase name="[sig-storage] In-tree Volumes [Driver: azure-disk] [Testpattern: Dynamic PV (ntfs)][Feature:Windows] provisioning should provision storage with pvc data source in parallel [Slow]" classname="Kubernetes e2e suite" time="0">
          <skipped></skipped>
      </testcase>
      <testcase name="[sig-network] IngressClass [Feature:Ingress] should prevent Ingress creation if more than 1 IngressClass marked as default [Serial]" classname="Kubernetes e2e suite" time="0">
          <skipped></skipped>
      </testcase>
      <testcase name="[sig-storage] In-tree Volumes [Driver: local][LocalVolumeType: blockfs] [Testpattern: Pre-provisioned PV (default fs)] subPath should support restarting containers using directory as subpath [Slow]" classname="Kubernetes e2e suite" time="0">
          <skipped></skipped>
      </testcase>
      <testcase name="[sig-storage] CSI Volumes [Driver: pd.csi.storage.gke.io][Serial] [Testpattern: Pre-provisioned PV (block volmode)] multiVolume [Slow] should concurrently access the single volume from pods on different node" classname="Kubernetes e2e suite" time="0">
          <skipped></skipped>
      </testcase>
      <testcase name="[sig-apps] ReplicaSet should serve a basic image on each replica with a private image" classname="Kubernetes e2e suite" time="0">
          <skipped></skipped>
      </testcase>
      <testcase name="[sig-storage] In-tree Volumes [Driver: local][LocalVolumeType: blockfs] [Testpattern: Dynamic PV (ext4)] volumes should store data" classname="Kubernetes e2e suite" time="0">
          <skipped></skipped>
      </testcase>
      <testcase name="[sig-storage] In-tree Volumes [Driver: local][LocalVolumeType: block] [Testpattern: Dynamic PV (filesystem volmode)] multiVolume [Slow] should concurrently access the volume and its clone from pods on the same node [LinuxOnly][Feature:VolumeSnapshotDataSource][Feature:VolumeSourceXFS]" classname="Kubernetes e2e suite" time="0">
          <skipped></skipped>
      </testcase>
      <testcase name="[sig-storage] In-tree Volumes [Driver: gluster] [Testpattern: Dynamic PV (default fs)] subPath should support existing directories when readOnly specified in the volumeSource" classname="Kubernetes e2e suite" time="0">
          <skipped></skipped>
      </testcase>
      <testcase name="[sig-node] gpu Upgrade [Feature:GPUUpgrade] cluster upgrade should be able to run gpu pod after upgrade [Feature:GPUClusterUpgrade]" classname="Kubernetes e2e suite" time="0">
          <skipped></skipped>
      </testcase>
      <testcase name="[sig-storage] In-tree Volumes [Driver: hostPath] [Testpattern: Dynamic PV (block volmode)] multiVolume [Slow] should access to two volumes with different volume mode and retain data across pod recreation on the same node" classname="Kubernetes e2e suite" time="0">
          <skipped></skipped>
      </testcase>
      <testcase name="[sig-storage] CSI Volumes [Driver: pd.csi.storage.gke.io][Serial] [Testpattern: Dynamic PV (default fs)] subPath should support readOnly file specified in the volumeMount [LinuxOnly]" classname="Kubernetes e2e suite" time="0">
          <skipped></skipped>
      </testcase>
      <testcase name="[sig-storage] Downward API volume should provide container&#39;s cpu limit [NodeConformance] [Conformance]" classname="Kubernetes e2e suite" time="8.345066725"></testcase>
      <testcase name="[sig-network] Loadbalancing: L7 GCE [Slow] [Feature:NEG] [Flaky] should sync endpoints for both Ingress-referenced NEG and standalone NEG" classname="Kubernetes e2e suite" time="0">
          <skipped></skipped>
      </testcase>
      <testcase name="[sig-storage] In-tree Volumes [Driver: local][LocalVolumeType: dir-link-bindmounted] [Testpattern: Inline-volume (ext4)] volumes should allow exec of files on the volume" classname="Kubernetes e2e suite" time="0">
          <skipped></skipped>
      </testcase>
      <testcase name="[sig-apps] Job should fail when exceeds active deadline" classname="Kubernetes e2e suite" time="0">
          <skipped></skipped>
      </testcase>
      <testcase name="[sig-storage] In-tree Volumes [Driver: hostPathSymlink] [Testpattern: Dynamic PV (default fs)(allowExpansion)] volume-expand should resize volume when PVC is edited while pod is using it" classname="Kubernetes e2e suite" time="0">
          <skipped></skipped>
      </testcase>
      <testcase name="[sig-storage] In-tree Volumes [Driver: gcepd] [Testpattern: Pre-provisioned PV (xfs)][Slow] volumes should allow exec of files on the volume" classname="Kubernetes e2e suite" time="0">
          <skipped></skipped>
      </testcase>
      <testcase name="[sig-storage] PersistentVolumes-local  [Volume type: block] Two pods mounting a local volume one after the other should be able to write from pod1 and read from pod2" classname="Kubernetes e2e suite" time="0">
          <skipped></skipped>
      </testcase>
      <testcase name="[sig-storage] In-tree Volumes [Driver: rbd][Feature:Volumes][Serial] [Testpattern: Pre-provisioned PV (filesystem volmode)] multiVolume [Slow] should access to two volumes with the same volume mode and retain data across pod recreation on the same node" classname="Kubernetes e2e suite" time="0">
          <skipped></skipped>
      </testcase>
      <testcase name="[sig-storage] In-tree Volumes [Driver: windows-gcepd] [Testpattern: Pre-provisioned PV (block volmode)] multiVolume [Slow] should access to two volumes with different volume mode and retain data across pod recreation on different node" classname="Kubernetes e2e suite" time="0">
          <skipped></skipped>
      </testcase>
      <testcase name="[sig-storage] In-tree Volumes [Driver: nfs] [Testpattern: Dynamic PV (xfs)][Slow] multiVolume [Slow] should concurrently access the single volume from pods on different node" classname="Kubernetes e2e suite" time="0">
          <skipped></skipped>
      </testcase>
      <testcase name="[sig-storage] In-tree Volumes [Driver: local][LocalVolumeType: tmpfs] [Testpattern: Dynamic PV (ntfs)][Feature:Windows] provisioning should provision storage with mount options" classname="Kubernetes e2e suite" time="0">
          <skipped></skipped>
      </testcase>
      <testcase name="[sig-storage] In-tree Volumes [Driver: local][LocalVolumeType: blockfs] [Testpattern: Pre-provisioned PV (default fs)] subPath should unmount if pod is force deleted while kubelet is down [Disruptive][Slow][LinuxOnly]" classname="Kubernetes e2e suite" time="0">
          <skipped></skipped>
      </testcase>
      <testcase name="[sig-storage] In-tree Volumes [Driver: hostPathSymlink] [Testpattern: Inline-volume (ext3)] volumes should store data" classname="Kubernetes e2e suite" time="0">
          <skipped></skipped>
      </testcase>
      <testcase name="[sig-storage] In-tree Volumes [Driver: local][LocalVolumeType: dir-bindmounted] [Testpattern: Dynamic PV (ntfs)][Feature:Windows] provisioning should provision storage with pvc data source in parallel [Slow]" classname="Kubernetes e2e suite" time="0">
          <skipped></skipped>
      </testcase>
      <testcase name="[sig-storage] PersistentVolumes [Feature:vsphere][Feature:ReclaimPolicy] persistentvolumereclaim:vsphere [Feature:vsphere] should not detach and unmount PV when associated pvc with delete as reclaimPolicy is deleted when it is in use by the pod" classname="Kubernetes e2e suite" time="0">
          <skipped></skipped>
      </testcase>
      <testcase name="[sig-network] Netpol NetworkPolicy between server and client should allow ingress access from namespace on one named port [Feature:NetworkPolicy]" classname="Kubernetes e2e suite" time="0">
          <skipped></skipped>
      </testcase>
      <testcase name="[sig-storage] In-tree Volumes [Driver: local][LocalVolumeType: dir] [Testpattern: Pre-provisioned PV (block volmode)] volumeMode should fail to create pod by failing to mount volume [Slow]" classname="Kubernetes e2e suite" time="0">
          <skipped></skipped>
      </testcase>
      <testcase name="[sig-storage] In-tree Volumes [Driver: windows-gcepd] [Testpattern: Pre-provisioned PV (default fs)] subPath should support restarting containers using directory as subpath [Slow]" classname="Kubernetes e2e suite" time="0">
          <skipped></skipped>
      </testcase>
      <testcase name="[sig-storage] In-tree Volumes [Driver: local][LocalVolumeType: block] [Testpattern: Dynamic PV (block volmode)] multiVolume [Slow] should concurrently access the single read-only volume from pods on the same node" classname="Kubernetes e2e suite" time="0">
          <skipped></skipped>
      </testcase>
      <testcase name="[sig-storage] In-tree Volumes [Driver: local][LocalVolumeType: dir-link-bindmounted] [Testpattern: Dynamic PV (block volmode)] multiVolume [Slow] should concurrently access the volume and restored snapshot from pods on the same node [LinuxOnly][Feature:VolumeSnapshotDataSource][Feature:VolumeSourceXFS]" classname="Kubernetes e2e suite" time="0">
          <skipped></skipped>
      </testcase>
      <testcase name="[sig-storage] In-tree Volumes [Driver: ceph][Feature:Volumes][Serial] [Testpattern: Dynamic PV (default fs)] subPath should unmount if pod is gracefully deleted while kubelet is down [Disruptive][Slow][LinuxOnly]" classname="Kubernetes e2e suite" time="0">
          <skipped></skipped>
      </testcase>
      <testcase name="[sig-storage] Downward API volume should provide container&#39;s memory limit [NodeConformance] [Conformance]" classname="Kubernetes e2e suite" time="8.568302027"></testcase>
      <testcase name="[sig-storage] In-tree Volumes [Driver: local][LocalVolumeType: gce-localssd-scsi-fs] [Serial] [Testpattern: Dynamic PV (filesystem volmode)] multiVolume [Slow] should access to two volumes with the same volume mode and retain data across pod recreation on different node" classname="Kubernetes e2e suite" time="0">
          <skipped></skipped>
      </testcase>
      <testcase name="[sig-storage] In-tree Volumes [Driver: cinder] [Testpattern: Dynamic PV (filesystem volmode)] multiVolume [Slow] should access to two volumes with the same volume mode and retain data across pod recreation on the same node" classname="Kubernetes e2e suite" time="0">
          <skipped></skipped>
      </testcase>
      <testcase name="[sig-storage] In-tree Volumes [Driver: local][LocalVolumeType: dir-link] [Testpattern: Dynamic PV (immediate binding)] topology should fail to schedule a pod which has topologies that conflict with AllowedTopologies" classname="Kubernetes e2e suite" time="0">
          <skipped></skipped>
      </testcase>
      <testcase name="[sig-storage] In-tree Volumes [Driver: rbd][Feature:Volumes][Serial] [Testpattern: Dynamic PV (block volmode)] multiVolume [Slow] should access to two volumes with the same volume mode and retain data across pod recreation on different node" classname="Kubernetes e2e suite" time="0">
          <skipped></skipped>
      </testcase>
      <testcase name="[sig-storage] In-tree Volumes [Driver: windows-gcepd] [Testpattern: Inline-volume (default fs)] subPath should fail if subpath file is outside the volume [Slow][LinuxOnly]" classname="Kubernetes e2e suite" time="0">
          <skipped></skipped>
      </testcase>
      <testcase name="[sig-storage] In-tree Volumes [Driver: local][LocalVolumeType: dir-bindmounted] [Testpattern: Inline-volume (default fs)] volumes should store data" classname="Kubernetes e2e suite" time="0">
          <skipped></skipped>
      </testcase>
      <testcase name="[sig-storage] In-tree Volumes [Driver: gluster] [Testpattern: Pre-provisioned PV (block volmode)] multiVolume [Slow] should concurrently access the single read-only volume from pods on the same node" classname="Kubernetes e2e suite" time="0">
          <skipped></skipped>
      </testcase>
      <testcase name="[sig-storage] PersistentVolumes:vsphere [Feature:vsphere] should test that deleting a PVC before the pod does not cause pod deletion to fail on vsphere volume detach" classname="Kubernetes e2e suite" time="0">
          <skipped></skipped>
      </testcase>
      <testcase name="[sig-storage] In-tree Volumes [Driver: ceph][Feature:Volumes][Serial] [Testpattern: Pre-provisioned PV (default fs)] subPath should support restarting containers using file as subpath [Slow][LinuxOnly]" classname="Kubernetes e2e suite" time="0">
          <skipped></skipped>
      </testcase>
      <testcase name="[sig-storage] In-tree Volumes [Driver: vsphere] [Testpattern: Pre-provisioned PV (block volmode)] disruptive[Disruptive][LinuxOnly] Should test that pv used in a pod that is deleted while the kubelet is down cleans up when the kubelet returns." classname="Kubernetes e2e suite" time="0">
          <skipped></skipped>
      </testcase>
      <testcase name="[sig-storage] In-tree Volumes [Driver: cinder] [Testpattern: Dynamic PV (xfs)][Slow] multiVolume [Slow] should concurrently access the single volume from pods on the same node" classname="Kubernetes e2e suite" time="0">
          <skipped></skipped>
      </testcase>
      <testcase name="[sig-storage] CSI Volumes [Driver: csi-hostpath] [Testpattern: Pre-provisioned PV (filesystem volmode)] multiVolume [Slow] should concurrently access the single volume from pods on different node" classname="Kubernetes e2e suite" time="0">
          <skipped></skipped>
      </testcase>
      <testcase name="[sig-storage] In-tree Volumes [Driver: iscsi][Feature:Volumes] [Testpattern: Pre-provisioned PV (block volmode)] multiVolume [Slow] should concurrently access the single volume from pods on different node" classname="Kubernetes e2e suite" time="0">
          <skipped></skipped>
      </testcase>
      <testcase name="[sig-storage] CSI Volumes [Driver: csi-hostpath] [Testpattern: Dynamic PV (ntfs)][Feature:Windows] subPath should unmount if pod is gracefully deleted while kubelet is down [Disruptive][Slow][LinuxOnly]" classname="Kubernetes e2e suite" time="0">
          <skipped></skipped>
      </testcase>
      <testcase name="[sig-storage] In-tree Volumes [Driver: hostPath] [Testpattern: Inline-volume (default fs)] subPath should fail if subpath directory is outside the volume [Slow][LinuxOnly]" classname="Kubernetes e2e suite" time="0">
          <skipped></skipped>
      </testcase>
      <testcase name="[sig-storage] In-tree Volumes [Driver: local][LocalVolumeType: dir] [Testpattern: Pre-provisioned PV (default fs)] volumeIO should write files of various sizes, verify size, validate content [Slow][LinuxOnly]" classname="Kubernetes e2e suite" time="0">
          <skipped></skipped>
      </testcase>
      <testcase name="[sig-autoscaling] Cluster size autoscaling [Slow] should increase cluster size if pending pods are small and one node is broken [Feature:ClusterSizeAutoscalingScaleUp]" classname="Kubernetes e2e suite" time="0">
          <skipped></skipped>
      </testcase>
      <testcase name="[sig-storage] CSI Volumes [Driver: csi-hostpath] [Testpattern: Dynamic PV (xfs)][Slow] multiVolume [Slow] should access to two volumes with the same volume mode and retain data across pod recreation on the same node" classname="Kubernetes e2e suite" time="0">
          <skipped></skipped>
      </testcase>
      <testcase name="[sig-storage] In-tree Volumes [Driver: local][LocalVolumeType: dir-link-bindmounted] [Testpattern: Pre-provisioned PV (block volmode)] multiVolume [Slow] should access to two volumes with different volume mode and retain data across pod recreation on different node" classname="Kubernetes e2e suite" time="0">
          <skipped></skipped>
      </testcase>
      <testcase name="[sig-storage] CSI Volumes [Driver: pd.csi.storage.gke.io][Serial] [Testpattern: Dynamic PV (default fs)] subPath should support existing single file [LinuxOnly]" classname="Kubernetes e2e suite" time="0">
          <skipped></skipped>
      </testcase>
      <testcase name="[sig-autoscaling] Cluster size autoscaler scalability [Slow] should scale down underutilized nodes [Feature:ClusterAutoscalerScalability4]" classname="Kubernetes e2e suite" time="0">
          <skipped></skipped>
      </testcase>
      <testcase name="[sig-cloud-provider-gcp] Reboot [Disruptive] [Feature:Reboot] each node by ordering unclean reboot and ensure they function upon restart" classname="Kubernetes e2e suite" time="0">
          <skipped></skipped>
      </testcase>
      <testcase name="[sig-storage] In-tree Volumes [Driver: azure-disk] [Testpattern: Dynamic PV (default fs)] capacity provides storage capacity information" classname="Kubernetes e2e suite" time="0">
          <skipped></skipped>
      </testcase>
      <testcase name="[sig-storage] In-tree Volumes [Driver: hostPathSymlink] [Testpattern: Pre-provisioned PV (default fs)] subPath should support existing directories when readOnly specified in the volumeSource" classname="Kubernetes e2e suite" time="0">
          <skipped></skipped>
      </testcase>
      <testcase name="[sig-storage] In-tree Volumes [Driver: hostPath] [Testpattern: Pre-provisioned PV (block volmode)] volumeMode should not mount / map unused volumes in a pod [LinuxOnly]" classname="Kubernetes e2e suite" time="0">
          <skipped></skipped>
      </testcase>
      <testcase name="[sig-storage] In-tree Volumes [Driver: local][LocalVolumeType: dir-link] [Testpattern: Dynamic PV (default fs)] volumeIO should write files of various sizes, verify size, validate content [Slow][LinuxOnly]" classname="Kubernetes e2e suite" time="0">
          <skipped></skipped>
      </testcase>
      <testcase name="[sig-storage] In-tree Volumes [Driver: windows-gcepd] [Testpattern: Inline-volume (default fs)] subPath should fail if subpath directory is outside the volume [Slow][LinuxOnly]" classname="Kubernetes e2e suite" time="0">
          <skipped></skipped>
      </testcase>
      <testcase name="[sig-storage] In-tree Volumes [Driver: cinder] [Testpattern: Dynamic PV (filesystem volmode)] multiVolume [Slow] should concurrently access the volume and its clone from pods on the same node [LinuxOnly][Feature:VolumeSnapshotDataSource][Feature:VolumeSourceXFS]" classname="Kubernetes e2e suite" time="0">
          <skipped></skipped>
      </testcase>
      <testcase name="[sig-storage] In-tree Volumes [Driver: azure-disk] [Testpattern: Inline-volume (default fs)] subPath should support restarting containers using file as subpath [Slow][LinuxOnly]" classname="Kubernetes e2e suite" time="0">
          <skipped></skipped>
      </testcase>
      <testcase name="[sig-storage] In-tree Volumes [Driver: local][LocalVolumeType: dir-link-bindmounted] [Testpattern: Inline-volume (default fs)] subPath should verify container cannot write to subpath readonly volumes [Slow]" classname="Kubernetes e2e suite" time="0">
          <skipped></skipped>
      </testcase>
      <testcase name="[sig-cli] Kubectl client Kubectl client-side validation should create/apply a valid CR for CRD with validation schema" classname="Kubernetes e2e suite" time="0">
          <skipped></skipped>
      </testcase>
      <testcase name="[sig-storage] PersistentVolumes-local  [Volume type: dir-link] Set fsGroup for local volume should set fsGroup for one pod [Slow]" classname="Kubernetes e2e suite" time="0">
          <skipped></skipped>
      </testcase>
      <testcase name="[sig-storage] In-tree Volumes [Driver: rbd][Feature:Volumes][Serial] [Testpattern: Pre-provisioned PV (block volmode)] multiVolume [Slow] should concurrently access the volume and restored snapshot from pods on the same node [LinuxOnly][Feature:VolumeSnapshotDataSource][Feature:VolumeSourceXFS]" classname="Kubernetes e2e suite" time="0">
          <skipped></skipped>
      </testcase>
      <testcase name="[sig-storage] In-tree Volumes [Driver: cinder] [Testpattern: Dynamic PV (ext3)] volumes should allow exec of files on the volume" classname="Kubernetes e2e suite" time="0">
          <skipped></skipped>
      </testcase>
      <testcase name="[sig-storage] In-tree Volumes [Driver: local][LocalVolumeType: dir] [Testpattern: Inline-volume (default fs)] subPath should support file as subpath [LinuxOnly]" classname="Kubernetes e2e suite" time="0">
          <skipped></skipped>
      </testcase>
      <testcase name="[sig-storage] In-tree Volumes [Driver: azure-disk] [Testpattern: Dynamic PV (filesystem volmode)] multiVolume [Slow] should concurrently access the single volume from pods on the same node" classname="Kubernetes e2e suite" time="0">
          <skipped></skipped>
      </testcase>
      <testcase name="[sig-api-machinery] Garbage collector should support cascading deletion of custom resources" classname="Kubernetes e2e suite" time="0">
          <skipped></skipped>
      </testcase>
      <testcase name="[sig-storage] In-tree Volumes [Driver: nfs] [Testpattern: Pre-provisioned PV (default fs)] subPath should support restarting containers using file as subpath [Slow][LinuxOnly]" classname="Kubernetes e2e suite" time="0">
          <skipped></skipped>
      </testcase>
      <testcase name="[sig-api-machinery] AdmissionWebhook [Privileged:ClusterAdmin] should not be able to mutate or prevent deletion of webhook configuration objects [Conformance]" classname="Kubernetes e2e suite" time="7.981048636"></testcase>
      <testcase name="[sig-storage] In-tree Volumes [Driver: gluster] [Testpattern: Dynamic PV (ntfs)][Feature:Windows] subPath should fail if non-existent subpath is outside the volume [Slow][LinuxOnly]" classname="Kubernetes e2e suite" time="0">
          <skipped></skipped>
      </testcase>
      <testcase name="[sig-storage] In-tree Volumes [Driver: local][LocalVolumeType: block] [Testpattern: Dynamic PV (default fs)] subPath should support restarting containers using directory as subpath [Slow]" classname="Kubernetes e2e suite" time="0">
          <skipped></skipped>
      </testcase>
      <testcase name="[sig-cli] Kubectl client Kubectl apply should reuse port when apply to an existing SVC" classname="Kubernetes e2e suite" time="0">
          <skipped></skipped>
      </testcase>
      <testcase name="[sig-storage] In-tree Volumes [Driver: emptydir] [Testpattern: Pre-provisioned PV (default fs)] subPath should support file as subpath [LinuxOnly]" classname="Kubernetes e2e suite" time="0">
          <skipped></skipped>
      </testcase>
      <testcase name="[sig-storage] In-tree Volumes [Driver: gluster] [Testpattern: Dynamic PV (ntfs)][Feature:Windows] provisioning should provision storage with snapshot data source [Feature:VolumeSnapshotDataSource]" classname="Kubernetes e2e suite" time="0">
          <skipped></skipped>
      </testcase>
      <testcase name="[sig-storage] In-tree Volumes [Driver: local][LocalVolumeType: gce-localssd-scsi-fs] [Serial] [Testpattern: Pre-provisioned PV (block volmode)] disruptive[Disruptive][LinuxOnly] Should test that pv used in a pod that is deleted while the kubelet is down cleans up when the kubelet returns." classname="Kubernetes e2e suite" time="0">
          <skipped></skipped>
      </testcase>
      <testcase name="[sig-storage] CSI Volumes [Driver: pd.csi.storage.gke.io][Serial] [Testpattern: Dynamic PV (ext4)] multiVolume [Slow] should access to two volumes with the same volume mode and retain data across pod recreation on different node" classname="Kubernetes e2e suite" time="0">
          <skipped></skipped>
      </testcase>
      <testcase name="[sig-scheduling] SchedulerPredicates [Serial] validates that NodeSelector is respected if matching  [Conformance]" classname="Kubernetes e2e suite" time="81.128613134"></testcase>
      <testcase name="[sig-storage] In-tree Volumes [Driver: gcepd] [Testpattern: Dynamic PV (ext4)] multiVolume [Slow] should concurrently access the single volume from pods on the same node" classname="Kubernetes e2e suite" time="0">
          <skipped></skipped>
      </testcase>
      <testcase name="[sig-storage] In-tree Volumes [Driver: emptydir] [Testpattern: Dynamic PV (ntfs)][Feature:Windows] subPath should be able to unmount after the subpath directory is deleted [LinuxOnly]" classname="Kubernetes e2e suite" time="0">
          <skipped></skipped>
      </testcase>
      <testcase name="[sig-storage] In-tree Volumes [Driver: vsphere] [Testpattern: Dynamic PV (ext3)] volumes should store data" classname="Kubernetes e2e suite" time="0">
          <skipped></skipped>
      </testcase>
      <testcase name="[sig-storage] In-tree Volumes [Driver: local][LocalVolumeType: dir-link-bindmounted] [Testpattern: Dynamic PV (xfs)][Slow] multiVolume [Slow] should concurrently access the volume and its clone from pods on the same node [LinuxOnly][Feature:VolumeSnapshotDataSource][Feature:VolumeSourceXFS]" classname="Kubernetes e2e suite" time="0">
          <skipped></skipped>
      </testcase>
      <testcase name="[sig-api-machinery] CustomResourceConversionWebhook [Privileged:ClusterAdmin] should be able to convert a non homogeneous list of CRs [Conformance]" classname="Kubernetes e2e suite" time="13.715973121"></testcase>
      <testcase name="[sig-storage] In-tree Volumes [Driver: local][LocalVolumeType: blockfs] [Testpattern: Dynamic PV (default fs)] subPath should support existing directories when readOnly specified in the volumeSource" classname="Kubernetes e2e suite" time="0">
          <skipped></skipped>
      </testcase>
      <testcase name="[sig-api-machinery] Garbage collector should orphan RS created by deployment when deleteOptions.PropagationPolicy is Orphan [Conformance]" classname="Kubernetes e2e suite" time="1.473557369"></testcase>
      <testcase name="[sig-storage] CSI Volumes [Driver: csi-hostpath] [Testpattern: Inline-volume (default fs)] subPath should support existing single file [LinuxOnly]" classname="Kubernetes e2e suite" time="0">
          <skipped></skipped>
      </testcase>
      <testcase name="[sig-storage] In-tree Volumes [Driver: local][LocalVolumeType: dir-link] [Testpattern: Dynamic PV (default fs)] fsgroupchangepolicy (Always)[LinuxOnly], pod created with an initial fsgroup, new pod fsgroup applied to volume contents" classname="Kubernetes e2e suite" time="0">
          <skipped></skipped>
      </testcase>
      <testcase name="[sig-storage] In-tree Volumes [Driver: nfs] [Testpattern: Dynamic PV (filesystem volmode)] multiVolume [Slow] should concurrently access the single volume from pods on different node" classname="Kubernetes e2e suite" time="0">
          <skipped></skipped>
      </testcase>
      <testcase name="[sig-storage] In-tree Volumes [Driver: emptydir] [Testpattern: Dynamic PV (xfs)][Slow] multiVolume [Slow] should access to two volumes with different volume mode and retain data across pod recreation on the same node" classname="Kubernetes e2e suite" time="0">
          <skipped></skipped>
      </testcase>
      <testcase name="[sig-storage] In-tree Volumes [Driver: iscsi][Feature:Volumes] [Testpattern: Dynamic PV (xfs)][Slow] volumes should store data" classname="Kubernetes e2e suite" time="0">
          <skipped></skipped>
      </testcase>
      <testcase name="[sig-storage] In-tree Volumes [Driver: local][LocalVolumeType: dir-link-bindmounted] [Testpattern: Pre-provisioned PV (default fs)] subPath should verify container cannot write to subpath readonly volumes [Slow]" classname="Kubernetes e2e suite" time="0">
          <skipped></skipped>
      </testcase>
      <testcase name="[sig-storage] In-tree Volumes [Driver: azure-disk] [Testpattern: Dynamic PV (default fs)] fsgroupchangepolicy (Always)[LinuxOnly], pod created with an initial fsgroup, new pod fsgroup applied to volume contents" classname="Kubernetes e2e suite" time="0">
          <skipped></skipped>
      </testcase>
      <testcase name="[sig-node] Probing container should *not* be restarted with a non-local redirect http liveness probe" classname="Kubernetes e2e suite" time="0">
          <skipped></skipped>
      </testcase>
      <testcase name="[sig-storage] In-tree Volumes [Driver: cinder] [Testpattern: Dynamic PV (ntfs)][Feature:Windows] subPath should be able to unmount after the subpath directory is deleted [LinuxOnly]" classname="Kubernetes e2e suite" time="0">
          <skipped></skipped>
      </testcase>
      <testcase name="[sig-storage] In-tree Volumes [Driver: vsphere] [Testpattern: Dynamic PV (block volmode)] volumeMode should fail in binding dynamic provisioned PV to PVC [Slow][LinuxOnly]" classname="Kubernetes e2e suite" time="0">
          <skipped></skipped>
      </testcase>
      <testcase name="[sig-storage] In-tree Volumes [Driver: gcepd] [Testpattern: Dynamic PV (ntfs)][Feature:Windows] subPath should support existing directory" classname="Kubernetes e2e suite" time="0">
          <skipped></skipped>
      </testcase>
      <testcase name="[sig-storage] PersistentVolumes-local  [Volume type: dir-link-bindmounted] One pod requesting one prebound PVC should be able to mount volume and read from pod1" classname="Kubernetes e2e suite" time="0">
          <skipped></skipped>
      </testcase>
      <testcase name="[sig-storage] In-tree Volumes [Driver: local][LocalVolumeType: gce-localssd-scsi-fs] [Serial] [Testpattern: Dynamic PV (default fs)] subPath should support file as subpath [LinuxOnly]" classname="Kubernetes e2e suite" time="0">
          <skipped></skipped>
      </testcase>
      <testcase name="[sig-storage] In-tree Volumes [Driver: local][LocalVolumeType: blockfs] [Testpattern: Pre-provisioned PV (filesystem volmode)] multiVolume [Slow] should access to two volumes with the same volume mode and retain data across pod recreation on the same node" classname="Kubernetes e2e suite" time="0">
          <skipped></skipped>
      </testcase>
      <testcase name="[sig-storage] In-tree Volumes [Driver: hostPath] [Testpattern: Dynamic PV (default fs)] subPath should fail if subpath directory is outside the volume [Slow][LinuxOnly]" classname="Kubernetes e2e suite" time="0">
          <skipped></skipped>
      </testcase>
      <testcase name="[sig-storage] In-tree Volumes [Driver: local][LocalVolumeType: block] [Testpattern: Inline-volume (ntfs)][Feature:Windows] volumes should allow exec of files on the volume" classname="Kubernetes e2e suite" time="0">
          <skipped></skipped>
      </testcase>
      <testcase name="[sig-storage] In-tree Volumes [Driver: rbd][Feature:Volumes][Serial] [Testpattern: Dynamic PV (default fs)] subPath should support non-existent path" classname="Kubernetes e2e suite" time="0">
          <skipped></skipped>
      </testcase>
      <testcase name="[sig-storage] In-tree Volumes [Driver: hostPath] [Testpattern: Dynamic PV (ntfs)][Feature:Windows] subPath should fail if subpath directory is outside the volume [Slow][LinuxOnly]" classname="Kubernetes e2e suite" time="0">
          <skipped></skipped>
      </testcase>
      <testcase name="[sig-storage] In-tree Volumes [Driver: hostPathSymlink] [Testpattern: Dynamic PV (default fs)] subPath should unmount if pod is gracefully deleted while kubelet is down [Disruptive][Slow][LinuxOnly]" classname="Kubernetes e2e suite" time="0">
          <skipped></skipped>
      </testcase>
      <testcase name="[sig-storage] In-tree Volumes [Driver: rbd][Feature:Volumes][Serial] [Testpattern: Inline-volume (default fs)] volumes should store data" classname="Kubernetes e2e suite" time="0">
          <skipped></skipped>
      </testcase>
      <testcase name="[sig-storage] In-tree Volumes [Driver: nfs] [Testpattern: Pre-provisioned PV (default fs)] subPath should unmount if pod is force deleted while kubelet is down [Disruptive][Slow][LinuxOnly]" classname="Kubernetes e2e suite" time="0">
          <skipped></skipped>
      </testcase>
      <testcase name="[sig-storage] In-tree Volumes [Driver: azure-disk] [Testpattern: Inline-volume (default fs)] subPath should support readOnly file specified in the volumeMount [LinuxOnly]" classname="Kubernetes e2e suite" time="0">
          <skipped></skipped>
      </testcase>
      <testcase name="[sig-autoscaling] Cluster size autoscaling [Slow] shouldn&#39;t scale up when expendable pod is preempted [Feature:ClusterSizeAutoscalingScaleUp]" classname="Kubernetes e2e suite" time="0">
          <skipped></skipped>
      </testcase>
      <testcase name="[sig-storage] In-tree Volumes [Driver: local][LocalVolumeType: dir-bindmounted] [Testpattern: Dynamic PV (ntfs)][Feature:Windows] subPath should support restarting containers using directory as subpath [Slow]" classname="Kubernetes e2e suite" time="0">
          <skipped></skipped>
      </testcase>
      <testcase name="[sig-storage] In-tree Volumes [Driver: nfs] [Testpattern: Pre-provisioned PV (default fs)] subPath should support existing directories when readOnly specified in the volumeSource" classname="Kubernetes e2e suite" time="0">
          <skipped></skipped>
      </testcase>
      <testcase name="[sig-storage] In-tree Volumes [Driver: iscsi][Feature:Volumes] [Testpattern: Pre-provisioned PV (block volmode)] volumes should store data" classname="Kubernetes e2e suite" time="0">
          <skipped></skipped>
      </testcase>
      <testcase name="[sig-storage] CSI Volumes [Driver: csi-hostpath] [Testpattern: Dynamic PV (block volmode)] multiVolume [Slow] should concurrently access the single volume from pods on the same node" classname="Kubernetes e2e suite" time="0">
          <skipped></skipped>
      </testcase>
      <testcase name="[sig-storage] In-tree Volumes [Driver: hostPathSymlink] [Testpattern: Dynamic PV (ntfs)][Feature:Windows] subPath should fail if subpath with backstepping is outside the volume [Slow][LinuxOnly]" classname="Kubernetes e2e suite" time="0">
          <skipped></skipped>
      </testcase>
      <testcase name="[sig-storage] In-tree Volumes [Driver: local][LocalVolumeType: dir-link] [Testpattern: Dynamic PV (filesystem volmode)] multiVolume [Slow] should access to two volumes with different volume mode and retain data across pod recreation on the same node" classname="Kubernetes e2e suite" time="0">
          <skipped></skipped>
      </testcase>
      <testcase name="[sig-storage] In-tree Volumes [Driver: local][LocalVolumeType: blockfs] [Testpattern: Inline-volume (default fs)] subPath should be able to unmount after the subpath directory is deleted [LinuxOnly]" classname="Kubernetes e2e suite" time="0">
          <skipped></skipped>
      </testcase>
      <testcase name="[sig-storage] In-tree Volumes [Driver: gluster] [Testpattern: Dynamic PV (xfs)][Slow] multiVolume [Slow] should access to two volumes with the same volume mode and retain data across pod recreation on the same node" classname="Kubernetes e2e suite" time="0">
          <skipped></skipped>
      </testcase>
      <testcase name="[sig-storage] In-tree Volumes [Driver: local][LocalVolumeType: gce-localssd-scsi-fs] [Serial] [Testpattern: Dynamic PV (block volmode)] disruptive[Disruptive][LinuxOnly] Should test that pv written before kubelet restart is readable after restart." classname="Kubernetes e2e suite" time="0">
          <skipped></skipped>
      </testcase>
      <testcase name="[sig-apps] CronJob should remove from active list jobs that have been deleted" classname="Kubernetes e2e suite" time="0">
          <skipped></skipped>
      </testcase>
      <testcase name="[sig-storage] In-tree Volumes [Driver: local][LocalVolumeType: dir-link] [Testpattern: Dynamic PV (filesystem volmode)] multiVolume [Slow] should concurrently access the volume and its clone from pods on the same node [LinuxOnly][Feature:VolumeSnapshotDataSource][Feature:VolumeSourceXFS]" classname="Kubernetes e2e suite" time="0">
          <skipped></skipped>
      </testcase>
      <testcase name="[sig-storage] In-tree Volumes [Driver: azure-disk] [Testpattern: Pre-provisioned PV (ext3)] volumes should allow exec of files on the volume" classname="Kubernetes e2e suite" time="0">
          <skipped></skipped>
      </testcase>
      <testcase name="[sig-storage] In-tree Volumes [Driver: hostPath] [Testpattern: Pre-provisioned PV (xfs)][Slow] volumes should allow exec of files on the volume" classname="Kubernetes e2e suite" time="0">
          <skipped></skipped>
      </testcase>
      <testcase name="[sig-storage] In-tree Volumes [Driver: emptydir] [Testpattern: Dynamic PV (ext4)] multiVolume [Slow] should concurrently access the single volume from pods on different node" classname="Kubernetes e2e suite" time="0">
          <skipped></skipped>
      </testcase>
      <testcase name="[sig-storage] In-tree Volumes [Driver: local][LocalVolumeType: dir] [Testpattern: Dynamic PV (ext4)] multiVolume [Slow] should concurrently access the volume and restored snapshot from pods on the same node [LinuxOnly][Feature:VolumeSnapshotDataSource][Feature:VolumeSourceXFS]" classname="Kubernetes e2e suite" time="0">
          <skipped></skipped>
      </testcase>
      <testcase name="[sig-storage] In-tree Volumes [Driver: local][LocalVolumeType: gce-localssd-scsi-fs] [Serial] [Testpattern: Dynamic PV (filesystem volmode)] multiVolume [Slow] should access to two volumes with different volume mode and retain data across pod recreation on the same node" classname="Kubernetes e2e suite" time="0">
          <skipped></skipped>
      </testcase>
      <testcase name="[sig-storage] In-tree Volumes [Driver: hostPath] [Testpattern: Dynamic PV (xfs)][Slow] multiVolume [Slow] should access to two volumes with the same volume mode and retain data across pod recreation on different node" classname="Kubernetes e2e suite" time="0">
          <skipped></skipped>
      </testcase>
      <testcase name="[sig-storage] In-tree Volumes [Driver: iscsi][Feature:Volumes] [Testpattern: Dynamic PV (ntfs)(allowExpansion)][Feature:Windows] volume-expand should resize volume when PVC is edited while pod is using it" classname="Kubernetes e2e suite" time="0">
          <skipped></skipped>
      </testcase>
      <testcase name="[sig-storage] CSI Volumes [Driver: pd.csi.storage.gke.io][Serial] [Testpattern: Inline-volume (default fs)] subPath should support readOnly file specified in the volumeMount [LinuxOnly]" classname="Kubernetes e2e suite" time="0">
          <skipped></skipped>
      </testcase>
      <testcase name="[sig-storage] In-tree Volumes [Driver: gluster] [Testpattern: Dynamic PV (ntfs)][Feature:Windows] subPath should support existing single file [LinuxOnly]" classname="Kubernetes e2e suite" time="0">
          <skipped></skipped>
      </testcase>
      <testcase name="[sig-storage] In-tree Volumes [Driver: local][LocalVolumeType: blockfs] [Testpattern: Inline-volume (default fs)] subPath should support existing directories when readOnly specified in the volumeSource" classname="Kubernetes e2e suite" time="0">
          <skipped></skipped>
      </testcase>
      <testcase name="[sig-node] Pods should cap back-off at MaxContainerBackOff [Slow][NodeConformance]" classname="Kubernetes e2e suite" time="0">
          <skipped></skipped>
      </testcase>
      <testcase name="[sig-storage] In-tree Volumes [Driver: hostPathSymlink] [Testpattern: Dynamic PV (filesystem volmode)] volumeMode should not mount / map unused volumes in a pod [LinuxOnly]" classname="Kubernetes e2e suite" time="0">
          <skipped></skipped>
      </testcase>
      <testcase name="[sig-storage] In-tree Volumes [Driver: gluster] [Testpattern: Pre-provisioned PV (default fs)] subPath should support existing single file [LinuxOnly]" classname="Kubernetes e2e suite" time="0">
          <skipped></skipped>
      </testcase>
      <testcase name="[sig-storage] In-tree Volumes [Driver: nfs] [Testpattern: Dynamic PV (ntfs)][Feature:Windows] volumes should store data" classname="Kubernetes e2e suite" time="0">
          <skipped></skipped>
      </testcase>
      <testcase name="[sig-storage] Secrets optional updates should be reflected in volume [NodeConformance] [Conformance]" classname="Kubernetes e2e suite" time="99.331659137"></testcase>
      <testcase name="[sig-node] Security Context should support container.SecurityContext.RunAsUser And container.SecurityContext.RunAsGroup [LinuxOnly] [Conformance]" classname="Kubernetes e2e suite" time="6.771283061"></testcase>
      <testcase name="[sig-storage] In-tree Volumes [Driver: local][LocalVolumeType: tmpfs] [Testpattern: Pre-provisioned PV (default fs)] volumes should store data" classname="Kubernetes e2e suite" time="0">
          <skipped></skipped>
      </testcase>
      <testcase name="[sig-storage] In-tree Volumes [Driver: hostPath] [Testpattern: Dynamic PV (ntfs)][Feature:Windows] subPath should unmount if pod is gracefully deleted while kubelet is down [Disruptive][Slow][LinuxOnly]" classname="Kubernetes e2e suite" time="0">
          <skipped></skipped>
      </testcase>
      <testcase name="[sig-storage] In-tree Volumes [Driver: local][LocalVolumeType: tmpfs] [Testpattern: Dynamic PV (ntfs)(allowExpansion)][Feature:Windows] volume-expand should resize volume when PVC is edited while pod is using it" classname="Kubernetes e2e suite" time="0">
          <skipped></skipped>
      </testcase>
      <testcase name="[sig-storage] In-tree Volumes [Driver: azure-disk] [Testpattern: Pre-provisioned PV (filesystem volmode)] multiVolume [Slow] should concurrently access the single read-only volume from pods on the same node" classname="Kubernetes e2e suite" time="0">
          <skipped></skipped>
      </testcase>
      <testcase name="[sig-storage] Dynamic Provisioning DynamicProvisioner [Slow] should provision storage with non-default reclaim policy Retain" classname="Kubernetes e2e suite" time="0">
          <skipped></skipped>
      </testcase>
      <testcase name="[sig-storage] In-tree Volumes [Driver: local][LocalVolumeType: dir] [Testpattern: Dynamic PV (block volmode)] multiVolume [Slow] should concurrently access the single volume from pods on the same node" classname="Kubernetes e2e suite" time="0">
          <skipped></skipped>
      </testcase>
      <testcase name="[sig-node] [Feature:Example] Liveness liveness pods should be automatically restarted" classname="Kubernetes e2e suite" time="0">
          <skipped></skipped>
      </testcase>
      <testcase name="[sig-storage] In-tree Volumes [Driver: local][LocalVolumeType: gce-localssd-scsi-fs] [Serial] [Testpattern: Pre-provisioned PV (block volmode)] disruptive[Disruptive][LinuxOnly] Should test that pv used in a pod that is force deleted while the kubelet is down cleans up when the kubelet returns." classname="Kubernetes e2e suite" time="0">
          <skipped></skipped>
      </testcase>
      <testcase name="[sig-api-machinery] Servers with support for Table transformation should return pod details" classname="Kubernetes e2e suite" time="0">
          <skipped></skipped>
      </testcase>
      <testcase name="[sig-storage] CSI Volumes [Driver: pd.csi.storage.gke.io][Serial] [Testpattern: CSI Ephemeral-volume (default fs)] ephemeral should create read/write inline ephemeral volume" classname="Kubernetes e2e suite" time="0">
          <skipped></skipped>
      </testcase>
      <testcase name="[sig-storage] In-tree Volumes [Driver: gcepd] [Testpattern: Pre-provisioned PV (block volmode)] multiVolume [Slow] should concurrently access the single volume from pods on different node" classname="Kubernetes e2e suite" time="0">
          <skipped></skipped>
      </testcase>
      <testcase name="[sig-storage] In-tree Volumes [Driver: local][LocalVolumeType: dir-bindmounted] [Testpattern: Dynamic PV (xfs)][Slow] multiVolume [Slow] should concurrently access the volume and restored snapshot from pods on the same node [LinuxOnly][Feature:VolumeSnapshotDataSource][Feature:VolumeSourceXFS]" classname="Kubernetes e2e suite" time="0">
          <skipped></skipped>
      </testcase>
      <testcase name="[sig-storage] In-tree Volumes [Driver: local][LocalVolumeType: blockfs] [Testpattern: Pre-provisioned PV (default fs)] subPath should support readOnly file specified in the volumeMount [LinuxOnly]" classname="Kubernetes e2e suite" time="0">
          <skipped></skipped>
      </testcase>
      <testcase name="[sig-storage] In-tree Volumes [Driver: nfs] [Testpattern: Dynamic PV (default fs)] subPath should fail if subpath file is outside the volume [Slow][LinuxOnly]" classname="Kubernetes e2e suite" time="0">
          <skipped></skipped>
      </testcase>
      <testcase name="[sig-storage] In-tree Volumes [Driver: local][LocalVolumeType: dir] [Testpattern: Pre-provisioned PV (block volmode)] multiVolume [Slow] should access to two volumes with the same volume mode and retain data across pod recreation on different node" classname="Kubernetes e2e suite" time="0">
          <skipped></skipped>
      </testcase>
      <testcase name="[sig-storage] In-tree Volumes [Driver: local][LocalVolumeType: dir-link-bindmounted] [Testpattern: Dynamic PV (ntfs)][Feature:Windows] subPath should be able to unmount after the subpath directory is deleted [LinuxOnly]" classname="Kubernetes e2e suite" time="0">
          <skipped></skipped>
      </testcase>
      <testcase name="[sig-storage] In-tree Volumes [Driver: ceph][Feature:Volumes][Serial] [Testpattern: Dynamic PV (ntfs)][Feature:Windows] subPath should support non-existent path" classname="Kubernetes e2e suite" time="0">
          <skipped></skipped>
      </testcase>
      <testcase name="[sig-storage] In-tree Volumes [Driver: cinder] [Testpattern: Dynamic PV (ntfs)][Feature:Windows] subPath should support restarting containers using file as subpath [Slow][LinuxOnly]" classname="Kubernetes e2e suite" time="0">
          <skipped></skipped>
      </testcase>
      <testcase name="[sig-storage] In-tree Volumes [Driver: azure-disk] [Testpattern: Pre-provisioned PV (ext4)] volumes should store data" classname="Kubernetes e2e suite" time="0">
          <skipped></skipped>
      </testcase>
      <testcase name="[sig-storage] In-tree Volumes [Driver: local][LocalVolumeType: dir] [Testpattern: Pre-provisioned PV (block volmode)] disruptive[Disruptive][LinuxOnly] Should test that pv used in a pod that is deleted while the kubelet is down cleans up when the kubelet returns." classname="Kubernetes e2e suite" time="0">
          <skipped></skipped>
      </testcase>
      <testcase name="[sig-storage] In-tree Volumes [Driver: gluster] [Testpattern: Dynamic PV (block volmode)] provisioning should provision storage with pvc data source in parallel [Slow]" classname="Kubernetes e2e suite" time="0">
          <skipped></skipped>
      </testcase>
      <testcase name="[sig-storage] In-tree Volumes [Driver: local][LocalVolumeType: dir-link-bindmounted] [Testpattern: Inline-volume (default fs)] subPath should be able to unmount after the subpath directory is deleted [LinuxOnly]" classname="Kubernetes e2e suite" time="0">
          <skipped></skipped>
      </testcase>
      <testcase name="[sig-apps] ReplicaSet should adopt matching pods on creation and release no longer matching pods [Conformance]" classname="Kubernetes e2e suite" time="9.763100635"></testcase>
      <testcase name="[sig-storage] In-tree Volumes [Driver: gcepd] [Testpattern: Pre-provisioned PV (default fs)] subPath should fail if subpath directory is outside the volume [Slow][LinuxOnly]" classname="Kubernetes e2e suite" time="0">
          <skipped></skipped>
      </testcase>
      <testcase name="[sig-storage] In-tree Volumes [Driver: local][LocalVolumeType: dir-bindmounted] [Testpattern: Dynamic PV (ext3)] volumes should allow exec of files on the volume" classname="Kubernetes e2e suite" time="0">
          <skipped></skipped>
      </testcase>
      <testcase name="[sig-storage] In-tree Volumes [Driver: local][LocalVolumeType: dir-link] [Testpattern: Inline-volume (default fs)] subPath should unmount if pod is gracefully deleted while kubelet is down [Disruptive][Slow][LinuxOnly]" classname="Kubernetes e2e suite" time="0">
          <skipped></skipped>
      </testcase>
      <testcase name="[sig-storage] In-tree Volumes [Driver: iscsi][Feature:Volumes] [Testpattern: Inline-volume (default fs)] subPath should support restarting containers using directory as subpath [Slow]" classname="Kubernetes e2e suite" time="0">
          <skipped></skipped>
      </testcase>
      <testcase name="[sig-storage] In-tree Volumes [Driver: local][LocalVolumeType: blockfs] [Testpattern: Inline-volume (ext4)] volumes should allow exec of files on the volume" classname="Kubernetes e2e suite" time="0">
          <skipped></skipped>
      </testcase>
      <testcase name="[sig-api-machinery] ResourceQuota [Feature:PodPriority] should verify ResourceQuota&#39;s priority class scope (quota set to pod count: 1) against a pod with different priority class (ScopeSelectorOpExists)." classname="Kubernetes e2e suite" time="0">
          <skipped></skipped>
      </testcase>
      <testcase name="[sig-storage] In-tree Volumes [Driver: windows-gcepd] [Testpattern: Dynamic PV (ntfs)(allowExpansion)][Feature:Windows] volume-expand Verify if offline PVC expansion works" classname="Kubernetes e2e suite" time="0">
          <skipped></skipped>
      </testcase>
      <testcase name="[sig-storage] In-tree Volumes [Driver: local][LocalVolumeType: block] [Testpattern: Dynamic PV (default fs)] subPath should support non-existent path" classname="Kubernetes e2e suite" time="0">
          <skipped></skipped>
      </testcase>
      <testcase name="[sig-storage] CSI Volumes [Driver: csi-hostpath] [Testpattern: Pre-provisioned PV (ext4)] volumes should store data" classname="Kubernetes e2e suite" time="0">
          <skipped></skipped>
      </testcase>
      <testcase name="[sig-storage] In-tree Volumes [Driver: vsphere] [Testpattern: Dynamic PV (default fs)] subPath should be able to unmount after the subpath directory is deleted [LinuxOnly]" classname="Kubernetes e2e suite" time="0">
          <skipped></skipped>
      </testcase>
      <testcase name="[sig-network] Services should provide secure master service  [Conformance]" classname="Kubernetes e2e suite" time="0.334732845"></testcase>
      <testcase name="[sig-storage] Zone Support [Feature:vsphere] Verify a PVC creation fails when multiple zones are specified in the storage class without shared datastores among the zones in waitForFirstConsumer binding mode" classname="Kubernetes e2e suite" time="0">
          <skipped></skipped>
      </testcase>
      <testcase name="[sig-storage] In-tree Volumes [Driver: windows-gcepd] [Testpattern: Pre-provisioned PV (default fs)] subPath should support existing directory" classname="Kubernetes e2e suite" time="0">
          <skipped></skipped>
      </testcase>
      <testcase name="[sig-network] LoadBalancers should be able to create an internal type load balancer [Slow]" classname="Kubernetes e2e suite" time="0">
          <skipped></skipped>
      </testcase>
      <testcase name="[sig-storage] In-tree Volumes [Driver: emptydir] [Testpattern: Dynamic PV (filesystem volmode)] volumeLimits should verify that all csinodes have volume limits" classname="Kubernetes e2e suite" time="0">
          <skipped></skipped>
      </testcase>
      <testcase name="[sig-storage] In-tree Volumes [Driver: local][LocalVolumeType: block] [Testpattern: Dynamic PV (block volmode)] provisioning should provision storage with mount options" classname="Kubernetes e2e suite" time="0">
          <skipped></skipped>
      </testcase>
      <testcase name="[sig-storage] CSI Volumes [Driver: csi-hostpath] [Testpattern: Dynamic PV (ext4)] multiVolume [Slow] should access to two volumes with different volume mode and retain data across pod recreation on different node" classname="Kubernetes e2e suite" time="0">
          <skipped></skipped>
      </testcase>
      <testcase name="[sig-storage] In-tree Volumes [Driver: local][LocalVolumeType: tmpfs] [Testpattern: Dynamic PV (ntfs)][Feature:Windows] subPath should support restarting containers using directory as subpath [Slow]" classname="Kubernetes e2e suite" time="0">
          <skipped></skipped>
      </testcase>
      <testcase name="[sig-storage] In-tree Volumes [Driver: windows-gcepd] [Testpattern: Dynamic PV (block volmode)] multiVolume [Slow] should access to two volumes with the same volume mode and retain data across pod recreation on different node" classname="Kubernetes e2e suite" time="0">
          <skipped></skipped>
      </testcase>
      <testcase name="[sig-storage] In-tree Volumes [Driver: local][LocalVolumeType: tmpfs] [Testpattern: Inline-volume (default fs)] subPath should support readOnly directory specified in the volumeMount" classname="Kubernetes e2e suite" time="0">
          <skipped></skipped>
      </testcase>
      <testcase name="[sig-storage] In-tree Volumes [Driver: iscsi][Feature:Volumes] [Testpattern: Dynamic PV (default fs)] fsgroupchangepolicy (OnRootMismatch)[LinuxOnly], pod created with an initial fsgroup, volume contents ownership changed in first pod, new pod with different fsgroup applied to the volume contents" classname="Kubernetes e2e suite" time="0">
          <skipped></skipped>
      </testcase>
      <testcase name="[sig-storage] CSI Volumes [Driver: pd.csi.storage.gke.io][Serial] [Testpattern: Dynamic PV (block volmode)] multiVolume [Slow] should concurrently access the single volume from pods on different node" classname="Kubernetes e2e suite" time="0">
          <skipped></skipped>
      </testcase>
      <testcase name="[sig-storage] In-tree Volumes [Driver: hostPathSymlink] [Testpattern: Dynamic PV (ext4)] volumes should allow exec of files on the volume" classname="Kubernetes e2e suite" time="0">
          <skipped></skipped>
      </testcase>
      <testcase name="[sig-storage] In-tree Volumes [Driver: hostPath] [Testpattern: Dynamic PV (xfs)][Slow] multiVolume [Slow] should concurrently access the single volume from pods on the same node" classname="Kubernetes e2e suite" time="0">
          <skipped></skipped>
      </testcase>
      <testcase name="[sig-storage] In-tree Volumes [Driver: local][LocalVolumeType: dir-link-bindmounted] [Testpattern: Pre-provisioned PV (default fs)] subPath should fail if subpath file is outside the volume [Slow][LinuxOnly]" classname="Kubernetes e2e suite" time="0">
          <skipped></skipped>
      </testcase>
      <testcase name="[sig-storage] In-tree Volumes [Driver: local][LocalVolumeType: dir] [Testpattern: Inline-volume (default fs)] subPath should support readOnly directory specified in the volumeMount" classname="Kubernetes e2e suite" time="0">
          <skipped></skipped>
      </testcase>
      <testcase name="[sig-storage] In-tree Volumes [Driver: hostPath] [Testpattern: Dynamic PV (block volmode)] provisioning should provision storage with pvc data source" classname="Kubernetes e2e suite" time="0">
          <skipped></skipped>
      </testcase>
      <testcase name="[sig-storage] In-tree Volumes [Driver: local][LocalVolumeType: dir] [Testpattern: Dynamic PV (ntfs)][Feature:Windows] volumes should allow exec of files on the volume" classname="Kubernetes e2e suite" time="0">
          <skipped></skipped>
      </testcase>
      <testcase name="[sig-storage] CSI Volumes [Driver: csi-hostpath] [Testpattern: Generic Ephemeral-volume (default fs) (late-binding)] ephemeral should support two pods which share the same volume" classname="Kubernetes e2e suite" time="0">
          <skipped></skipped>
      </testcase>
      <testcase name="[sig-storage] In-tree Volumes [Driver: local][LocalVolumeType: dir-link-bindmounted] [Testpattern: Dynamic PV (default fs)] fsgroupchangepolicy (Always)[LinuxOnly], pod created with an initial fsgroup, volume contents ownership changed in first pod, new pod with different fsgroup applied to the volume contents" classname="Kubernetes e2e suite" time="0">
          <skipped></skipped>
      </testcase>
      <testcase name="[sig-storage] In-tree Volumes [Driver: emptydir] [Testpattern: Dynamic PV (ext4)] multiVolume [Slow] should concurrently access the volume and its clone from pods on the same node [LinuxOnly][Feature:VolumeSnapshotDataSource][Feature:VolumeSourceXFS]" classname="Kubernetes e2e suite" time="0">
          <skipped></skipped>
      </testcase>
      <testcase name="[sig-network] NetworkPolicyLegacy [LinuxOnly] NetworkPolicy between server and client should enforce policy based on PodSelector and NamespaceSelector [Feature:NetworkPolicy]" classname="Kubernetes e2e suite" time="0">
          <skipped></skipped>
      </testcase>
      <testcase name="[sig-storage] In-tree Volumes [Driver: cinder] [Testpattern: Dynamic PV (ntfs)][Feature:Windows] subPath should fail if subpath directory is outside the volume [Slow][LinuxOnly]" classname="Kubernetes e2e suite" time="0">
          <skipped></skipped>
      </testcase>
      <testcase name="[sig-storage] In-tree Volumes [Driver: hostPathSymlink] [Testpattern: Pre-provisioned PV (default fs)] subPath should fail if non-existent subpath is outside the volume [Slow][LinuxOnly]" classname="Kubernetes e2e suite" time="0">
          <skipped></skipped>
      </testcase>
      <testcase name="[sig-storage] PersistentVolumes-local  [Volume type: dir-bindmounted] One pod requesting one prebound PVC should be able to mount volume and write from pod1" classname="Kubernetes e2e suite" time="0">
          <skipped></skipped>
      </testcase>
      <testcase name="[sig-cli] Kubectl client Kubectl diff should check if kubectl diff finds a difference for Deployments [Conformance]" classname="Kubernetes e2e suite" time="2.035454621"></testcase>
      <testcase name="[sig-storage] In-tree Volumes [Driver: local][LocalVolumeType: gce-localssd-scsi-fs] [Serial] [Testpattern: Dynamic PV (block volmode)] provisioning should provision storage with pvc data source in parallel [Slow]" classname="Kubernetes e2e suite" time="0">
          <skipped></skipped>
      </testcase>
      <testcase name="[sig-storage] In-tree Volumes [Driver: hostPathSymlink] [Testpattern: Inline-volume (ntfs)][Feature:Windows] volumes should allow exec of files on the volume" classname="Kubernetes e2e suite" time="0">
          <skipped></skipped>
      </testcase>
      <testcase name="[sig-storage] In-tree Volumes [Driver: windows-gcepd] [Testpattern: Dynamic PV (delayed binding)] topology should provision a volume and schedule a pod with AllowedTopologies" classname="Kubernetes e2e suite" time="0">
          <skipped></skipped>
      </testcase>
      <testcase name="[sig-storage] In-tree Volumes [Driver: hostPathSymlink] [Testpattern: Pre-provisioned PV (block volmode)] disruptive[Disruptive][LinuxOnly] Should test that pv written before kubelet restart is readable after restart." classname="Kubernetes e2e suite" time="0">
          <skipped></skipped>
      </testcase>
      <testcase name="[sig-storage] In-tree Volumes [Driver: local][LocalVolumeType: blockfs] [Testpattern: Dynamic PV (ntfs)][Feature:Windows] subPath should support readOnly directory specified in the volumeMount" classname="Kubernetes e2e suite" time="0">
          <skipped></skipped>
      </testcase>
      <testcase name="[sig-storage] EmptyDir volumes should support (non-root,0666,default) [LinuxOnly] [NodeConformance] [Conformance]" classname="Kubernetes e2e suite" time="21.597406123"></testcase>
      <testcase name="[sig-storage] In-tree Volumes [Driver: local][LocalVolumeType: blockfs] [Testpattern: Dynamic PV (ntfs)(allowExpansion)][Feature:Windows] volume-expand should resize volume when PVC is edited while pod is using it" classname="Kubernetes e2e suite" time="0">
          <skipped></skipped>
      </testcase>
      <testcase name="[sig-storage] CSI Volumes [Driver: pd.csi.storage.gke.io][Serial] [Testpattern: Pre-provisioned PV (default fs)] subPath should fail if subpath directory is outside the volume [Slow][LinuxOnly]" classname="Kubernetes e2e suite" time="0">
          <skipped></skipped>
      </testcase>
      <testcase name="[sig-storage] In-tree Volumes [Driver: local][LocalVolumeType: dir-bindmounted] [Testpattern: Dynamic PV (ntfs)][Feature:Windows] subPath should support file as subpath [LinuxOnly]" classname="Kubernetes e2e suite" time="0">
          <skipped></skipped>
      </testcase>
      <testcase name="[sig-storage] CSI Volumes [Driver: csi-hostpath] [Testpattern: Dynamic PV (delayed binding)] topology should provision a volume and schedule a pod with AllowedTopologies" classname="Kubernetes e2e suite" time="0">
          <skipped></skipped>
      </testcase>
      <testcase name="[sig-storage] In-tree Volumes [Driver: local][LocalVolumeType: dir-link] [Testpattern: Dynamic PV (filesystem volmode)] multiVolume [Slow] should concurrently access the single volume from pods on different node" classname="Kubernetes e2e suite" time="0">
          <skipped></skipped>
      </testcase>
      <testcase name="[sig-storage] In-tree Volumes [Driver: local][LocalVolumeType: dir-link-bindmounted] [Testpattern: Dynamic PV (block volmode)] multiVolume [Slow] should access to two volumes with different volume mode and retain data across pod recreation on different node" classname="Kubernetes e2e suite" time="0">
          <skipped></skipped>
      </testcase>
      <testcase name="[sig-storage] In-tree Volumes [Driver: emptydir] [Testpattern: Dynamic PV (default fs)] subPath should fail if subpath directory is outside the volume [Slow][LinuxOnly]" classname="Kubernetes e2e suite" time="0">
          <skipped></skipped>
      </testcase>
      <testcase name="[sig-storage] CSI Volumes [Driver: pd.csi.storage.gke.io][Serial] [Testpattern: Pre-provisioned PV (block volmode)] multiVolume [Slow] should access to two volumes with the same volume mode and retain data across pod recreation on different node" classname="Kubernetes e2e suite" time="0">
          <skipped></skipped>
      </testcase>
      <testcase name="[sig-storage] In-tree Volumes [Driver: local][LocalVolumeType: gce-localssd-scsi-fs] [Serial] [Testpattern: Inline-volume (default fs)] volumes should store data" classname="Kubernetes e2e suite" time="0">
          <skipped></skipped>
      </testcase>
      <testcase name="[sig-storage] In-tree Volumes [Driver: nfs] [Testpattern: Dynamic PV (block volmode)(allowExpansion)] volume-expand should resize volume when PVC is edited while pod is using it" classname="Kubernetes e2e suite" time="0">
          <skipped></skipped>
      </testcase>
      <testcase name="[sig-storage] Projected configMap should be consumable from pods in volume as non-root with FSGroup [LinuxOnly] [NodeFeature:FSGroup]" classname="Kubernetes e2e suite" time="0">
          <skipped></skipped>
      </testcase>
      <testcase name="[sig-storage] In-tree Volumes [Driver: local][LocalVolumeType: gce-localssd-scsi-fs] [Serial] [Testpattern: Pre-provisioned PV (default fs)] subPath should fail if subpath file is outside the volume [Slow][LinuxOnly]" classname="Kubernetes e2e suite" time="0">
          <skipped></skipped>
      </testcase>
      <testcase name="[sig-storage] In-tree Volumes [Driver: local][LocalVolumeType: dir] [Testpattern: Pre-provisioned PV (default fs)] subPath should support creating multiple subpath from same volumes [Slow]" classname="Kubernetes e2e suite" time="0">
          <skipped></skipped>
      </testcase>
      <testcase name="[sig-storage] In-tree Volumes [Driver: local][LocalVolumeType: block] [Testpattern: Pre-provisioned PV (block volmode)] multiVolume [Slow] should concurrently access the single volume from pods on the same node" classname="Kubernetes e2e suite" time="0">
          <skipped></skipped>
      </testcase>
      <testcase name="[sig-storage] In-tree Volumes [Driver: ceph][Feature:Volumes][Serial] [Testpattern: Dynamic PV (ntfs)][Feature:Windows] subPath should unmount if pod is force deleted while kubelet is down [Disruptive][Slow][LinuxOnly]" classname="Kubernetes e2e suite" time="0">
          <skipped></skipped>
      </testcase>
      <testcase name="[sig-storage] In-tree Volumes [Driver: emptydir] [Testpattern: Dynamic PV (block volmode)] volumeMode should not mount / map unused volumes in a pod [LinuxOnly]" classname="Kubernetes e2e suite" time="0">
          <skipped></skipped>
      </testcase>
      <testcase name="[sig-storage] In-tree Volumes [Driver: emptydir] [Testpattern: Dynamic PV (default fs)] capacity provides storage capacity information" classname="Kubernetes e2e suite" time="0">
          <skipped></skipped>
      </testcase>
      <testcase name="[sig-network] DNS should provide DNS for pods for Subdomain [Conformance]" classname="Kubernetes e2e suite" time="89.556076949"></testcase>
      <testcase name="[sig-storage] In-tree Volumes [Driver: rbd][Feature:Volumes][Serial] [Testpattern: Dynamic PV (block volmode)] disruptive[Disruptive][LinuxOnly] Should test that pv written before kubelet restart is readable after restart." classname="Kubernetes e2e suite" time="0">
          <skipped></skipped>
      </testcase>
      <testcase name="[sig-storage] EmptyDir volumes should support (root,0644,tmpfs) [LinuxOnly] [NodeConformance] [Conformance]" classname="Kubernetes e2e suite" time="8.435278637"></testcase>
      <testcase name="[sig-network] IngressClass [Feature:Ingress] should not set default value if no default IngressClass [Serial]" classname="Kubernetes e2e suite" time="0">
          <skipped></skipped>
      </testcase>
      <testcase name="[sig-storage] In-tree Volumes [Driver: vsphere] [Testpattern: Dynamic PV (xfs)][Slow] volumes should allow exec of files on the volume" classname="Kubernetes e2e suite" time="0">
          <skipped></skipped>
      </testcase>
      <testcase name="[sig-storage] In-tree Volumes [Driver: windows-gcepd] [Testpattern: Dynamic PV (default fs)] provisioning should provision storage with pvc data source" classname="Kubernetes e2e suite" time="0">
          <skipped></skipped>
      </testcase>
      <testcase name="[sig-storage] In-tree Volumes [Driver: gcepd] [Testpattern: Dynamic PV (default fs)] subPath should unmount if pod is gracefully deleted while kubelet is down [Disruptive][Slow][LinuxOnly]" classname="Kubernetes e2e suite" time="0">
          <skipped></skipped>
      </testcase>
      <testcase name="[sig-storage] In-tree Volumes [Driver: local][LocalVolumeType: gce-localssd-scsi-fs] [Serial] [Testpattern: Inline-volume (default fs)] subPath should verify container cannot write to subpath readonly volumes [Slow]" classname="Kubernetes e2e suite" time="0">
          <skipped></skipped>
      </testcase>
      <testcase name="[sig-cli] Kubectl client Kubectl taint [Serial] should update the taint on a node" classname="Kubernetes e2e suite" time="0">
          <skipped></skipped>
      </testcase>
      <testcase name="[sig-autoscaling] Cluster size autoscaling [Slow] should increase cluster size if pending pods are small and there is another node pool that is not autoscaled [Feature:ClusterSizeAutoscalingScaleUp]" classname="Kubernetes e2e suite" time="0">
          <skipped></skipped>
      </testcase>
      <testcase name="[sig-storage] In-tree Volumes [Driver: ceph][Feature:Volumes][Serial] [Testpattern: Dynamic PV (ntfs)][Feature:Windows] volumes should store data" classname="Kubernetes e2e suite" time="0">
          <skipped></skipped>
      </testcase>
      <testcase name="[sig-storage] In-tree Volumes [Driver: azure-disk] [Testpattern: Dynamic PV (block volmode)] provisioning should provision storage with snapshot data source [Feature:VolumeSnapshotDataSource]" classname="Kubernetes e2e suite" time="0">
          <skipped></skipped>
      </testcase>
      <testcase name="[sig-storage] [Serial] Volume metrics should create volume metrics with the correct BlockMode PVC ref" classname="Kubernetes e2e suite" time="0">
          <skipped></skipped>
      </testcase>
      <testcase name="[sig-storage] In-tree Volumes [Driver: azure-disk] [Testpattern: Pre-provisioned PV (default fs)] subPath should support existing directories when readOnly specified in the volumeSource" classname="Kubernetes e2e suite" time="0">
          <skipped></skipped>
      </testcase>
      <testcase name="[sig-storage] In-tree Volumes [Driver: local][LocalVolumeType: dir-link] [Testpattern: Dynamic PV (filesystem volmode)] multiVolume [Slow] should access to two volumes with different volume mode and retain data across pod recreation on different node" classname="Kubernetes e2e suite" time="0">
          <skipped></skipped>
      </testcase>
      <testcase name="[sig-storage] In-tree Volumes [Driver: hostPathSymlink] [Testpattern: Pre-provisioned PV (default fs)] subPath should fail if subpath file is outside the volume [Slow][LinuxOnly]" classname="Kubernetes e2e suite" time="0">
          <skipped></skipped>
      </testcase>
      <testcase name="[sig-storage] In-tree Volumes [Driver: local][LocalVolumeType: dir-link-bindmounted] [Testpattern: Inline-volume (default fs)] subPath should fail if subpath with backstepping is outside the volume [Slow][LinuxOnly]" classname="Kubernetes e2e suite" time="0">
          <skipped></skipped>
      </testcase>
      <testcase name="[sig-storage] In-tree Volumes [Driver: iscsi][Feature:Volumes] [Testpattern: Dynamic PV (delayed binding)] topology should fail to schedule a pod which has topologies that conflict with AllowedTopologies" classname="Kubernetes e2e suite" time="0">
          <skipped></skipped>
      </testcase>
      <testcase name="[sig-storage] In-tree Volumes [Driver: local][LocalVolumeType: gce-localssd-scsi-fs] [Serial] [Testpattern: Pre-provisioned PV (default fs)] subPath should support existing single file [LinuxOnly]" classname="Kubernetes e2e suite" time="0">
          <skipped></skipped>
      </testcase>
      <testcase name="[sig-storage] In-tree Volumes [Driver: gcepd] [Testpattern: Inline-volume (ntfs)][Feature:Windows] volumes should store data" classname="Kubernetes e2e suite" time="0">
          <skipped></skipped>
      </testcase>
      <testcase name="[sig-storage] In-tree Volumes [Driver: nfs] [Testpattern: Inline-volume (ntfs)][Feature:Windows] volumes should store data" classname="Kubernetes e2e suite" time="0">
          <skipped></skipped>
      </testcase>
      <testcase name="[sig-storage] CSI Volumes [Driver: pd.csi.storage.gke.io][Serial] [Testpattern: Dynamic PV (default fs)] fsgroupchangepolicy (OnRootMismatch)[LinuxOnly], pod created with an initial fsgroup, new pod fsgroup applied to volume contents" classname="Kubernetes e2e suite" time="0">
          <skipped></skipped>
      </testcase>
      <testcase name="[sig-storage] Secrets should be consumable from pods in volume with defaultMode set [LinuxOnly] [NodeConformance] [Conformance]" classname="Kubernetes e2e suite" time="8.897626586"></testcase>
      <testcase name="[sig-storage] CSI Volumes [Driver: pd.csi.storage.gke.io][Serial] [Testpattern: Dynamic PV (ntfs)][Feature:Windows] subPath should verify container cannot write to subpath readonly volumes [Slow]" classname="Kubernetes e2e suite" time="0">
          <skipped></skipped>
      </testcase>
      <testcase name="[sig-storage] CSI Volumes [Driver: pd.csi.storage.gke.io][Serial] [Testpattern: Dynamic PV (block volmode)] multiVolume [Slow] should concurrently access the volume and its clone from pods on the same node [LinuxOnly][Feature:VolumeSnapshotDataSource][Feature:VolumeSourceXFS]" classname="Kubernetes e2e suite" time="0">
          <skipped></skipped>
      </testcase>
      <testcase name="[sig-storage] NFSPersistentVolumes[Disruptive][Flaky] when kubelet restarts Should test that a volume mounted to a pod that is deleted while the kubelet is down unmounts when the kubelet returns." classname="Kubernetes e2e suite" time="0">
          <skipped></skipped>
      </testcase>
      <testcase name="[sig-storage] CSI Volumes [Driver: pd.csi.storage.gke.io][Serial] [Testpattern: Dynamic PV (block volmode)] multiVolume [Slow] should concurrently access the single read-only volume from pods on the same node" classname="Kubernetes e2e suite" time="0">
          <skipped></skipped>
      </testcase>
      <testcase name="[sig-storage] In-tree Volumes [Driver: gluster] [Testpattern: Pre-provisioned PV (default fs)] volumes should allow exec of files on the volume" classname="Kubernetes e2e suite" time="0">
          <skipped></skipped>
      </testcase>
      <testcase name="[sig-storage] In-tree Volumes [Driver: iscsi][Feature:Volumes] [Testpattern: Dynamic PV (ntfs)][Feature:Windows] subPath should support file as subpath [LinuxOnly]" classname="Kubernetes e2e suite" time="0">
          <skipped></skipped>
      </testcase>
      <testcase name="[sig-storage] In-tree Volumes [Driver: nfs] [Testpattern: Dynamic PV (default fs)] subPath should support existing directories when readOnly specified in the volumeSource" classname="Kubernetes e2e suite" time="0">
          <skipped></skipped>
      </testcase>
      <testcase name="[sig-storage] CSI mock volume CSI attach test using mock driver should require VolumeAttach for drivers with attachment" classname="Kubernetes e2e suite" time="0">
          <skipped></skipped>
      </testcase>
      <testcase name="[sig-apps] Daemon set [Serial] should run and stop complex daemon [Conformance]" classname="Kubernetes e2e suite" time="24.244574945"></testcase>
      <testcase name="[sig-storage] In-tree Volumes [Driver: rbd][Feature:Volumes][Serial] [Testpattern: Dynamic PV (default fs)] subPath should be able to unmount after the subpath directory is deleted [LinuxOnly]" classname="Kubernetes e2e suite" time="0">
          <skipped></skipped>
      </testcase>
      <testcase name="[sig-cli] Kubectl client Kubectl taint [Serial] should remove all the taints with the same key off a node" classname="Kubernetes e2e suite" time="0">
          <skipped></skipped>
      </testcase>
      <testcase name="[sig-storage] In-tree Volumes [Driver: local][LocalVolumeType: dir-link] [Testpattern: Dynamic PV (ext4)] multiVolume [Slow] should access to two volumes with the same volume mode and retain data across pod recreation on different node" classname="Kubernetes e2e suite" time="0">
          <skipped></skipped>
      </testcase>
      <testcase name="[sig-storage] In-tree Volumes [Driver: iscsi][Feature:Volumes] [Testpattern: Inline-volume (default fs)] subPath should support restarting containers using file as subpath [Slow][LinuxOnly]" classname="Kubernetes e2e suite" time="0">
          <skipped></skipped>
      </testcase>
      <testcase name="[sig-storage] In-tree Volumes [Driver: aws] [Testpattern: Dynamic PV (default fs)] subPath should support restarting containers using directory as subpath [Slow]" classname="Kubernetes e2e suite" time="0">
          <skipped></skipped>
      </testcase>
      <testcase name="[sig-storage] In-tree Volumes [Driver: gcepd] [Testpattern: Pre-provisioned PV (ntfs)][Feature:Windows] volumes should allow exec of files on the volume" classname="Kubernetes e2e suite" time="0">
          <skipped></skipped>
      </testcase>
      <testcase name="[sig-storage] In-tree Volumes [Driver: local][LocalVolumeType: dir] [Testpattern: Dynamic PV (block volmode)] volumeMode should fail to use a volume in a pod with mismatched mode [Slow]" classname="Kubernetes e2e suite" time="0">
          <skipped></skipped>
      </testcase>
      <testcase name="[sig-storage] In-tree Volumes [Driver: local][LocalVolumeType: dir-bindmounted] [Testpattern: Dynamic PV (default fs)] subPath should support non-existent path" classname="Kubernetes e2e suite" time="0">
          <skipped></skipped>
      </testcase>
      <testcase name="[sig-storage] In-tree Volumes [Driver: gluster] [Testpattern: Dynamic PV (block volmode)] multiVolume [Slow] should concurrently access the single read-only volume from pods on the same node" classname="Kubernetes e2e suite" time="0">
          <skipped></skipped>
      </testcase>
      <testcase name="[sig-cloud-provider-gcp] [Disruptive]NodeLease NodeLease deletion node lease should be deleted when corresponding node is deleted" classname="Kubernetes e2e suite" time="0">
          <skipped></skipped>
      </testcase>
      <testcase name="[sig-storage] In-tree Volumes [Driver: local][LocalVolumeType: dir] [Testpattern: Dynamic PV (default fs)] volumes should store data" classname="Kubernetes e2e suite" time="0">
          <skipped></skipped>
      </testcase>
      <testcase name="[sig-storage] In-tree Volumes [Driver: local][LocalVolumeType: dir-bindmounted] [Testpattern: Dynamic PV (ntfs)][Feature:Windows] subPath should fail if subpath with backstepping is outside the volume [Slow][LinuxOnly]" classname="Kubernetes e2e suite" time="0">
          <skipped></skipped>
      </testcase>
      <testcase name="[sig-network] Netpol NetworkPolicy between server and client should enforce multiple, stacked policies with overlapping podSelectors [Feature:NetworkPolicy]" classname="Kubernetes e2e suite" time="0">
          <skipped></skipped>
      </testcase>
      <testcase name="[sig-storage] In-tree Volumes [Driver: local][LocalVolumeType: gce-localssd-scsi-fs] [Serial] [Testpattern: Dynamic PV (ext4)] multiVolume [Slow] should concurrently access the volume and restored snapshot from pods on the same node [LinuxOnly][Feature:VolumeSnapshotDataSource][Feature:VolumeSourceXFS]" classname="Kubernetes e2e suite" time="0">
          <skipped></skipped>
      </testcase>
      <testcase name="[sig-storage] In-tree Volumes [Driver: ceph][Feature:Volumes][Serial] [Testpattern: Inline-volume (xfs)][Slow] volumes should store data" classname="Kubernetes e2e suite" time="0">
          <skipped></skipped>
      </testcase>
      <testcase name="[sig-storage] In-tree Volumes [Driver: ceph][Feature:Volumes][Serial] [Testpattern: Dynamic PV (filesystem volmode)] multiVolume [Slow] should concurrently access the volume and restored snapshot from pods on the same node [LinuxOnly][Feature:VolumeSnapshotDataSource][Feature:VolumeSourceXFS]" classname="Kubernetes e2e suite" time="0">
          <skipped></skipped>
      </testcase>
      <testcase name="[sig-apps] Daemon set [Serial] should run and stop complex daemon with node affinity" classname="Kubernetes e2e suite" time="0">
          <skipped></skipped>
      </testcase>
      <testcase name="[sig-storage] In-tree Volumes [Driver: cinder] [Testpattern: Dynamic PV (ntfs)][Feature:Windows] subPath should support existing directories when readOnly specified in the volumeSource" classname="Kubernetes e2e suite" time="0">
          <skipped></skipped>
      </testcase>
      <testcase name="[sig-storage] In-tree Volumes [Driver: ceph][Feature:Volumes][Serial] [Testpattern: Dynamic PV (default fs)] subPath should fail if non-existent subpath is outside the volume [Slow][LinuxOnly]" classname="Kubernetes e2e suite" time="0">
          <skipped></skipped>
      </testcase>
      <testcase name="[sig-storage] In-tree Volumes [Driver: ceph][Feature:Volumes][Serial] [Testpattern: Dynamic PV (ntfs)][Feature:Windows] subPath should fail if non-existent subpath is outside the volume [Slow][LinuxOnly]" classname="Kubernetes e2e suite" time="0">
          <skipped></skipped>
      </testcase>
      <testcase name="[sig-storage] Pod Disks detach in a disrupted environment [Slow] [Disruptive] when pod is evicted" classname="Kubernetes e2e suite" time="0">
          <skipped></skipped>
      </testcase>
      <testcase name="[sig-storage] In-tree Volumes [Driver: local][LocalVolumeType: block] [Testpattern: Dynamic PV (ext4)] multiVolume [Slow] should concurrently access the volume and restored snapshot from pods on the same node [LinuxOnly][Feature:VolumeSnapshotDataSource][Feature:VolumeSourceXFS]" classname="Kubernetes e2e suite" time="0">
          <skipped></skipped>
      </testcase>
      <testcase name="[sig-storage] In-tree Volumes [Driver: hostPathSymlink] [Testpattern: Inline-volume (default fs)] subPath should support file as subpath [LinuxOnly]" classname="Kubernetes e2e suite" time="0">
          <skipped></skipped>
      </testcase>
      <testcase name="[sig-storage] In-tree Volumes [Driver: hostPathSymlink] [Testpattern: Dynamic PV (default fs)] provisioning should provision storage with snapshot data source [Feature:VolumeSnapshotDataSource]" classname="Kubernetes e2e suite" time="0">
          <skipped></skipped>
      </testcase>
      <testcase name="[sig-storage] In-tree Volumes [Driver: nfs] [Testpattern: Inline-volume (default fs)] volumes should store data" classname="Kubernetes e2e suite" time="0">
          <skipped></skipped>
      </testcase>
      <testcase name="[sig-storage] In-tree Volumes [Driver: local][LocalVolumeType: tmpfs] [Testpattern: Dynamic PV (default fs)] volumes should allow exec of files on the volume" classname="Kubernetes e2e suite" time="0">
          <skipped></skipped>
      </testcase>
      <testcase name="[sig-storage] In-tree Volumes [Driver: ceph][Feature:Volumes][Serial] [Testpattern: Dynamic PV (filesystem volmode)] volumeMode should fail to use a volume in a pod with mismatched mode [Slow]" classname="Kubernetes e2e suite" time="0">
          <skipped></skipped>
      </testcase>
      <testcase name="[sig-storage] In-tree Volumes [Driver: ceph][Feature:Volumes][Serial] [Testpattern: Dynamic PV (default fs)] fsgroupchangepolicy (Always)[LinuxOnly], pod created with an initial fsgroup, volume contents ownership changed in first pod, new pod with different fsgroup applied to the volume contents" classname="Kubernetes e2e suite" time="0">
          <skipped></skipped>
      </testcase>
      <testcase name="[sig-storage] In-tree Volumes [Driver: gluster] [Testpattern: Dynamic PV (default fs)] volumes should store data" classname="Kubernetes e2e suite" time="0">
          <skipped></skipped>
      </testcase>
      <testcase name="[sig-storage] In-tree Volumes [Driver: hostPath] [Testpattern: Inline-volume (default fs)] subPath should verify container cannot write to subpath readonly volumes [Slow]" classname="Kubernetes e2e suite" time="0">
          <skipped></skipped>
      </testcase>
      <testcase name="[sig-storage] In-tree Volumes [Driver: hostPathSymlink] [Testpattern: Dynamic PV (block volmode)] multiVolume [Slow] should concurrently access the volume and its clone from pods on the same node [LinuxOnly][Feature:VolumeSnapshotDataSource][Feature:VolumeSourceXFS]" classname="Kubernetes e2e suite" time="0">
          <skipped></skipped>
      </testcase>
      <testcase name="[sig-storage] In-tree Volumes [Driver: hostPathSymlink] [Testpattern: Dynamic PV (default fs)] subPath should fail if subpath with backstepping is outside the volume [Slow][LinuxOnly]" classname="Kubernetes e2e suite" time="0">
          <skipped></skipped>
      </testcase>
      <testcase name="[sig-storage] In-tree Volumes [Driver: emptydir] [Testpattern: Inline-volume (default fs)] subPath should support readOnly file specified in the volumeMount [LinuxOnly]" classname="Kubernetes e2e suite" time="0">
          <skipped></skipped>
      </testcase>
      <testcase name="[sig-storage] In-tree Volumes [Driver: cinder] [Testpattern: Dynamic PV (ntfs)][Feature:Windows] volumes should store data" classname="Kubernetes e2e suite" time="0">
          <skipped></skipped>
      </testcase>
      <testcase name="[sig-storage] In-tree Volumes [Driver: local][LocalVolumeType: blockfs] [Testpattern: Dynamic PV (default fs)] volumeIO should write files of various sizes, verify size, validate content [Slow][LinuxOnly]" classname="Kubernetes e2e suite" time="0">
          <skipped></skipped>
      </testcase>
      <testcase name="[sig-network] Services should have session affinity timeout work for service with type clusterIP [LinuxOnly] [Conformance]" classname="Kubernetes e2e suite" time="62.123903653"></testcase>
      <testcase name="[sig-storage] In-tree Volumes [Driver: hostPath] [Testpattern: Dynamic PV (xfs)][Slow] multiVolume [Slow] should concurrently access the volume and its clone from pods on the same node [LinuxOnly][Feature:VolumeSnapshotDataSource][Feature:VolumeSourceXFS]" classname="Kubernetes e2e suite" time="0">
          <skipped></skipped>
      </testcase>
      <testcase name="[sig-windows] [Feature:Windows] Windows volume mounts  check volume mount permissions container should have readOnly permissions on hostMapPath" classname="Kubernetes e2e suite" time="0">
          <skipped></skipped>
      </testcase>
      <testcase name="[sig-storage] In-tree Volumes [Driver: vsphere] [Testpattern: Inline-volume (default fs)] subPath should support non-existent path" classname="Kubernetes e2e suite" time="0">
          <skipped></skipped>
      </testcase>
      <testcase name="[sig-storage] Projected combined should project all components that make up the projection API [Projection][NodeConformance] [Conformance]" classname="Kubernetes e2e suite" time="9.381252038"></testcase>
      <testcase name="[sig-storage] In-tree Volumes [Driver: local][LocalVolumeType: tmpfs] [Testpattern: Dynamic PV (block volmode)] volumeMode should fail in binding dynamic provisioned PV to PVC [Slow][LinuxOnly]" classname="Kubernetes e2e suite" time="0">
          <skipped></skipped>
      </testcase>
      <testcase name="[sig-storage] In-tree Volumes [Driver: local][LocalVolumeType: block] [Testpattern: Dynamic PV (ntfs)][Feature:Windows] subPath should support existing single file [LinuxOnly]" classname="Kubernetes e2e suite" time="0">
          <skipped></skipped>
      </testcase>
      <testcase name="[sig-cli] Kubectl client Update Demo should scale a replication controller  [Conformance]" classname="Kubernetes e2e suite" time="35.480937841"></testcase>
      <testcase name="[sig-storage] In-tree Volumes [Driver: nfs] [Testpattern: Dynamic PV (block volmode)] multiVolume [Slow] should access to two volumes with different volume mode and retain data across pod recreation on different node" classname="Kubernetes e2e suite" time="0">
          <skipped></skipped>
      </testcase>
      <testcase name="[sig-storage] In-tree Volumes [Driver: rbd][Feature:Volumes][Serial] [Testpattern: Dynamic PV (default fs)] volumes should allow exec of files on the volume" classname="Kubernetes e2e suite" time="0">
          <skipped></skipped>
      </testcase>
      <testcase name="[sig-storage] In-tree Volumes [Driver: hostPath] [Testpattern: Pre-provisioned PV (default fs)] subPath should support existing directories when readOnly specified in the volumeSource" classname="Kubernetes e2e suite" time="0">
          <skipped></skipped>
      </testcase>
      <testcase name="[sig-storage] In-tree Volumes [Driver: local][LocalVolumeType: dir] [Testpattern: Dynamic PV (filesystem volmode)] multiVolume [Slow] should access to two volumes with different volume mode and retain data across pod recreation on different node" classname="Kubernetes e2e suite" time="0">
          <skipped></skipped>
      </testcase>
      <testcase name="[sig-node] kubelet host cleanup with volume mounts [HostCleanup][Flaky] Host cleanup after disrupting NFS volume [NFS] after stopping the nfs-server and deleting the (sleeping) client pod, the NFS mount and the pod&#39;s UID directory should be removed." classname="Kubernetes e2e suite" time="0">
          <skipped></skipped>
      </testcase>
      <testcase name="[sig-network] Services should be able to up and down services" classname="Kubernetes e2e suite" time="0">
          <skipped></skipped>
      </testcase>
      <testcase name="[sig-storage] In-tree Volumes [Driver: local][LocalVolumeType: dir-bindmounted] [Testpattern: Pre-provisioned PV (default fs)] volumes should store data" classname="Kubernetes e2e suite" time="0">
          <skipped></skipped>
      </testcase>
      <testcase name="[sig-auth] [Feature:NodeAuthenticator] The kubelet&#39;s main port 10250 should reject requests with no credentials" classname="Kubernetes e2e suite" time="0">
          <skipped></skipped>
      </testcase>
      <testcase name="[sig-storage] In-tree Volumes [Driver: hostPathSymlink] [Testpattern: Inline-volume (default fs)] subPath should verify container cannot write to subpath readonly volumes [Slow]" classname="Kubernetes e2e suite" time="0">
          <skipped></skipped>
      </testcase>
      <testcase name="[sig-storage] In-tree Volumes [Driver: local][LocalVolumeType: gce-localssd-scsi-fs] [Serial] [Testpattern: Dynamic PV (default fs)] subPath should fail if subpath with backstepping is outside the volume [Slow][LinuxOnly]" classname="Kubernetes e2e suite" time="0">
          <skipped></skipped>
      </testcase>
      <testcase name="[sig-storage] In-tree Volumes [Driver: cinder] [Testpattern: Pre-provisioned PV (default fs)] subPath should support restarting containers using directory as subpath [Slow]" classname="Kubernetes e2e suite" time="0">
          <skipped></skipped>
      </testcase>
      <testcase name="[sig-storage] In-tree Volumes [Driver: nfs] [Testpattern: Dynamic PV (ext3)] volumes should store data" classname="Kubernetes e2e suite" time="0">
          <skipped></skipped>
      </testcase>
      <testcase name="[sig-storage] In-tree Volumes [Driver: windows-gcepd] [Testpattern: Pre-provisioned PV (default fs)] subPath should support readOnly file specified in the volumeMount [LinuxOnly]" classname="Kubernetes e2e suite" time="0">
          <skipped></skipped>
      </testcase>
      <testcase name="[sig-storage] In-tree Volumes [Driver: vsphere] [Testpattern: Dynamic PV (block volmode)] multiVolume [Slow] should concurrently access the single volume from pods on different node" classname="Kubernetes e2e suite" time="0">
          <skipped></skipped>
      </testcase>
      <testcase name="[sig-storage] Secrets should be consumable from pods in volume with mappings [NodeConformance] [Conformance]" classname="Kubernetes e2e suite" time="82.886575585"></testcase>
      <testcase name="[sig-storage] CSI mock volume storage capacity unlimited" classname="Kubernetes e2e suite" time="0">
          <skipped></skipped>
      </testcase>
      <testcase name="[sig-storage] In-tree Volumes [Driver: hostPathSymlink] [Testpattern: Dynamic PV (default fs)] fsgroupchangepolicy (Always)[LinuxOnly], pod created with an initial fsgroup, volume contents ownership changed in first pod, new pod with different fsgroup applied to the volume contents" classname="Kubernetes e2e suite" time="0">
          <skipped></skipped>
      </testcase>
      <testcase name="[sig-storage] CSI Volumes [Driver: pd.csi.storage.gke.io][Serial] [Testpattern: Dynamic PV (ntfs)][Feature:Windows] volumes should store data" classname="Kubernetes e2e suite" time="0">
          <skipped></skipped>
      </testcase>
      <testcase name="[sig-storage] In-tree Volumes [Driver: ceph][Feature:Volumes][Serial] [Testpattern: Dynamic PV (block volmode)] multiVolume [Slow] should access to two volumes with the same volume mode and retain data across pod recreation on the same node" classname="Kubernetes e2e suite" time="0">
          <skipped></skipped>
      </testcase>
      <testcase name="[sig-storage] In-tree Volumes [Driver: vsphere] [Testpattern: Dynamic PV (xfs)][Slow] multiVolume [Slow] should concurrently access the volume and restored snapshot from pods on the same node [LinuxOnly][Feature:VolumeSnapshotDataSource][Feature:VolumeSourceXFS]" classname="Kubernetes e2e suite" time="0">
          <skipped></skipped>
      </testcase>
      <testcase name="[sig-cli] Kubectl client Kubectl create quota should create a quota without scopes" classname="Kubernetes e2e suite" time="0">
          <skipped></skipped>
      </testcase>
      <testcase name="[sig-storage] Downward API [Serial] [Disruptive] [NodeFeature:EphemeralStorage] Downward API tests for local ephemeral storage should provide default limits.ephemeral-storage from node allocatable" classname="Kubernetes e2e suite" time="0">
          <skipped></skipped>
      </testcase>
      <testcase name="[sig-storage] In-tree Volumes [Driver: cinder] [Testpattern: Dynamic PV (block volmode)] multiVolume [Slow] should access to two volumes with different volume mode and retain data across pod recreation on the same node" classname="Kubernetes e2e suite" time="0">
          <skipped></skipped>
      </testcase>
      <testcase name="[sig-storage] In-tree Volumes [Driver: local][LocalVolumeType: block] [Testpattern: Dynamic PV (block volmode)] provisioning should provision storage with pvc data source in parallel [Slow]" classname="Kubernetes e2e suite" time="0">
          <skipped></skipped>
      </testcase>
      <testcase name="[sig-storage] In-tree Volumes [Driver: hostPathSymlink] [Testpattern: Dynamic PV (default fs)] subPath should fail if non-existent subpath is outside the volume [Slow][LinuxOnly]" classname="Kubernetes e2e suite" time="0">
          <skipped></skipped>
      </testcase>
      <testcase name="[sig-storage] In-tree Volumes [Driver: gluster] [Testpattern: Pre-provisioned PV (filesystem volmode)] multiVolume [Slow] should concurrently access the single read-only volume from pods on the same node" classname="Kubernetes e2e suite" time="0">
          <skipped></skipped>
      </testcase>
      <testcase name="[sig-storage] In-tree Volumes [Driver: azure-disk] [Testpattern: Inline-volume (default fs)] subPath should fail if subpath directory is outside the volume [Slow][LinuxOnly]" classname="Kubernetes e2e suite" time="0">
          <skipped></skipped>
      </testcase>
      <testcase name="[sig-storage] In-tree Volumes [Driver: gluster] [Testpattern: Pre-provisioned PV (default fs)] subPath should fail if non-existent subpath is outside the volume [Slow][LinuxOnly]" classname="Kubernetes e2e suite" time="0">
          <skipped></skipped>
      </testcase>
      <testcase name="[sig-storage] In-tree Volumes [Driver: gluster] [Testpattern: Dynamic PV (ext3)] volumes should store data" classname="Kubernetes e2e suite" time="0">
          <skipped></skipped>
      </testcase>
      <testcase name="[sig-storage] In-tree Volumes [Driver: local][LocalVolumeType: gce-localssd-scsi-fs] [Serial] [Testpattern: Pre-provisioned PV (block volmode)] multiVolume [Slow] should concurrently access the volume and restored snapshot from pods on the same node [LinuxOnly][Feature:VolumeSnapshotDataSource][Feature:VolumeSourceXFS]" classname="Kubernetes e2e suite" time="0">
          <skipped></skipped>
      </testcase>
      <testcase name="[sig-autoscaling] [HPA] Horizontal pod autoscaling (scale resource: Custom Metrics from Stackdriver) should scale down with Custom Metric of type Pod from Stackdriver [Feature:CustomMetricsAutoscaling]" classname="Kubernetes e2e suite" time="0">
          <skipped></skipped>
      </testcase>
      <testcase name="[sig-storage] In-tree Volumes [Driver: aws] [Testpattern: Dynamic PV (ntfs)][Feature:Windows] subPath should fail if subpath file is outside the volume [Slow][LinuxOnly]" classname="Kubernetes e2e suite" time="0">
          <skipped></skipped>
      </testcase>
      <testcase name="[sig-storage] In-tree Volumes [Driver: rbd][Feature:Volumes][Serial] [Testpattern: Pre-provisioned PV (ext3)] volumes should allow exec of files on the volume" classname="Kubernetes e2e suite" time="0">
          <skipped></skipped>
      </testcase>
      <testcase name="[sig-storage] In-tree Volumes [Driver: nfs] [Testpattern: Dynamic PV (ntfs)(allowExpansion)][Feature:Windows] volume-expand Verify if offline PVC expansion works" classname="Kubernetes e2e suite" time="0">
          <skipped></skipped>
      </testcase>
      <testcase name="[sig-storage] In-tree Volumes [Driver: local][LocalVolumeType: dir-bindmounted] [Testpattern: Pre-provisioned PV (default fs)] subPath should verify container cannot write to subpath readonly volumes [Slow]" classname="Kubernetes e2e suite" time="0">
          <skipped></skipped>
      </testcase>
      <testcase name="[sig-apps] Deployment should not disrupt a cloud load-balancer&#39;s connectivity during rollout" classname="Kubernetes e2e suite" time="0">
          <skipped></skipped>
      </testcase>
      <testcase name="[sig-storage] CSI Volumes [Driver: csi-hostpath] [Testpattern: Dynamic PV (block volmode)] disruptive[Disruptive][LinuxOnly] Should test that pv written before kubelet restart is readable after restart." classname="Kubernetes e2e suite" time="0">
          <skipped></skipped>
      </testcase>
      <testcase name="[sig-node] Pods should support pod readiness gates [NodeFeature:PodReadinessGate]" classname="Kubernetes e2e suite" time="0">
          <skipped></skipped>
      </testcase>
      <testcase name="[sig-storage] In-tree Volumes [Driver: vsphere] [Testpattern: Pre-provisioned PV (default fs)] subPath should verify container cannot write to subpath readonly volumes [Slow]" classname="Kubernetes e2e suite" time="0">
          <skipped></skipped>
      </testcase>
      <testcase name="[sig-apps] DaemonRestart [Disruptive] Kubelet should not restart containers across restart" classname="Kubernetes e2e suite" time="0">
          <skipped></skipped>
      </testcase>
      <testcase name="[sig-storage] CSI Volumes [Driver: csi-hostpath] [Testpattern: Pre-provisioned PV (block volmode)] multiVolume [Slow] should access to two volumes with the same volume mode and retain data across pod recreation on the same node" classname="Kubernetes e2e suite" time="0">
          <skipped></skipped>
      </testcase>
      <testcase name="[sig-storage] In-tree Volumes [Driver: local][LocalVolumeType: dir-link-bindmounted] [Testpattern: Dynamic PV (default fs)] subPath should fail if subpath with backstepping is outside the volume [Slow][LinuxOnly]" classname="Kubernetes e2e suite" time="0">
          <skipped></skipped>
      </testcase>
      <testcase name="[sig-apps] Daemon set [Serial] should run and stop simple daemon [Conformance]" classname="Kubernetes e2e suite" time="725.293976538"></testcase>
      <testcase name="[sig-storage] In-tree Volumes [Driver: local][LocalVolumeType: dir-link-bindmounted] [Testpattern: Dynamic PV (default fs)] subPath should unmount if pod is force deleted while kubelet is down [Disruptive][Slow][LinuxOnly]" classname="Kubernetes e2e suite" time="0">
          <skipped></skipped>
      </testcase>
      <testcase name="[sig-storage] Volume Disk Size [Feature:vsphere] verify dynamically provisioned pv has size rounded up correctly" classname="Kubernetes e2e suite" time="0">
          <skipped></skipped>
      </testcase>
      <testcase name="[sig-storage] In-tree Volumes [Driver: local][LocalVolumeType: tmpfs] [Testpattern: Pre-provisioned PV (default fs)] subPath should support readOnly file specified in the volumeMount [LinuxOnly]" classname="Kubernetes e2e suite" time="0">
          <skipped></skipped>
      </testcase>
      <testcase name="[sig-storage] In-tree Volumes [Driver: local][LocalVolumeType: dir] [Testpattern: Inline-volume (ntfs)][Feature:Windows] volumes should allow exec of files on the volume" classname="Kubernetes e2e suite" time="0">
          <skipped></skipped>
      </testcase>
      <testcase name="[sig-storage] In-tree Volumes [Driver: local][LocalVolumeType: dir-link-bindmounted] [Testpattern: Pre-provisioned PV (ext4)] volumes should store data" classname="Kubernetes e2e suite" time="0">
          <skipped></skipped>
      </testcase>
      <testcase name="[sig-storage] In-tree Volumes [Driver: local][LocalVolumeType: tmpfs] [Testpattern: Dynamic PV (ntfs)][Feature:Windows] subPath should fail if non-existent subpath is outside the volume [Slow][LinuxOnly]" classname="Kubernetes e2e suite" time="0">
          <skipped></skipped>
      </testcase>
      <testcase name="[sig-storage] In-tree Volumes [Driver: cinder] [Testpattern: Pre-provisioned PV (default fs)] subPath should fail if non-existent subpath is outside the volume [Slow][LinuxOnly]" classname="Kubernetes e2e suite" time="0">
          <skipped></skipped>
      </testcase>
      <testcase name="[sig-storage] ConfigMap should be consumable from pods in volume with mappings as non-root with FSGroup [LinuxOnly] [NodeFeature:FSGroup]" classname="Kubernetes e2e suite" time="0">
          <skipped></skipped>
      </testcase>
      <testcase name="[sig-storage] In-tree Volumes [Driver: iscsi][Feature:Volumes] [Testpattern: Dynamic PV (filesystem volmode)] volumeLimits should verify that all csinodes have volume limits" classname="Kubernetes e2e suite" time="0">
          <skipped></skipped>
      </testcase>
      <testcase name="[sig-storage] In-tree Volumes [Driver: gcepd] [Testpattern: Inline-volume (default fs)] subPath should support readOnly directory specified in the volumeMount" classname="Kubernetes e2e suite" time="0">
          <skipped></skipped>
      </testcase>
      <testcase name="[sig-storage] In-tree Volumes [Driver: local][LocalVolumeType: dir-bindmounted] [Testpattern: Dynamic PV (ext4)] volumes should store data" classname="Kubernetes e2e suite" time="0">
          <skipped></skipped>
      </testcase>
      <testcase name="[sig-storage] In-tree Volumes [Driver: emptydir] [Testpattern: Dynamic PV (default fs)] subPath should support existing single file [LinuxOnly]" classname="Kubernetes e2e suite" time="0">
          <skipped></skipped>
      </testcase>
      <testcase name="[sig-storage] CSI Volumes [Driver: csi-hostpath] [Testpattern: Pre-provisioned PV (xfs)][Slow] volumes should allow exec of files on the volume" classname="Kubernetes e2e suite" time="0">
          <skipped></skipped>
      </testcase>
      <testcase name="[sig-storage] In-tree Volumes [Driver: local][LocalVolumeType: dir-link-bindmounted] [Testpattern: Pre-provisioned PV (block volmode)] disruptive[Disruptive][LinuxOnly] Should test that pv used in a pod that is deleted while the kubelet is down cleans up when the kubelet returns." classname="Kubernetes e2e suite" time="0">
          <skipped></skipped>
      </testcase>
      <testcase name="[sig-storage] Dynamic Provisioning Invalid AWS KMS key should report an error and create no PV" classname="Kubernetes e2e suite" time="0">
          <skipped></skipped>
      </testcase>
      <testcase name="[sig-storage] In-tree Volumes [Driver: iscsi][Feature:Volumes] [Testpattern: Pre-provisioned PV (block volmode)] volumeMode should fail to use a volume in a pod with mismatched mode [Slow]" classname="Kubernetes e2e suite" time="0">
          <skipped></skipped>
      </testcase>
      <testcase name="[sig-network] DNS configMap nameserver Change stubDomain should be able to change stubDomain configuration [Slow][Serial]" classname="Kubernetes e2e suite" time="0">
          <skipped></skipped>
      </testcase>
      <testcase name="[sig-storage] In-tree Volumes [Driver: iscsi][Feature:Volumes] [Testpattern: Pre-provisioned PV (filesystem volmode)] multiVolume [Slow] should access to two volumes with different volume mode and retain data across pod recreation on different node" classname="Kubernetes e2e suite" time="0">
          <skipped></skipped>
      </testcase>
      <testcase name="[sig-storage] In-tree Volumes [Driver: vsphere] [Testpattern: Dynamic PV (filesystem volmode)] multiVolume [Slow] should concurrently access the single read-only volume from pods on the same node" classname="Kubernetes e2e suite" time="0">
          <skipped></skipped>
      </testcase>
      <testcase name="[sig-storage] PersistentVolumes-local  [Volume type: tmpfs] Two pods mounting a local volume one after the other should be able to write from pod1 and read from pod2" classname="Kubernetes e2e suite" time="0">
          <skipped></skipped>
      </testcase>
      <testcase name="[sig-storage] In-tree Volumes [Driver: local][LocalVolumeType: dir-bindmounted] [Testpattern: Pre-provisioned PV (block volmode)] volumes should store data" classname="Kubernetes e2e suite" time="0">
          <skipped></skipped>
      </testcase>
      <testcase name="[sig-storage] In-tree Volumes [Driver: local][LocalVolumeType: dir] [Testpattern: Dynamic PV (default fs)] provisioning should provision storage with pvc data source" classname="Kubernetes e2e suite" time="0">
          <skipped></skipped>
      </testcase>
      <testcase name="[sig-storage] In-tree Volumes [Driver: aws] [Testpattern: Dynamic PV (block volmode)] disruptive[Disruptive][LinuxOnly] Should test that pv written before kubelet restart is readable after restart." classname="Kubernetes e2e suite" time="0">
          <skipped></skipped>
      </testcase>
      <testcase name="[sig-network] LoadBalancers should reconcile LB health check interval [Slow][Serial][Disruptive]" classname="Kubernetes e2e suite" time="0">
          <skipped></skipped>
      </testcase>
      <testcase name="[sig-storage] In-tree Volumes [Driver: azure-disk] [Testpattern: Dynamic PV (ntfs)][Feature:Windows] subPath should verify container cannot write to subpath readonly volumes [Slow]" classname="Kubernetes e2e suite" time="0">
          <skipped></skipped>
      </testcase>
      <testcase name="[sig-storage] In-tree Volumes [Driver: local][LocalVolumeType: gce-localssd-scsi-fs] [Serial] [Testpattern: Pre-provisioned PV (block volmode)] volumes should store data" classname="Kubernetes e2e suite" time="0">
          <skipped></skipped>
      </testcase>
      <testcase name="[sig-storage] In-tree Volumes [Driver: gcepd] [Testpattern: Dynamic PV (default fs)] fsgroupchangepolicy (Always)[LinuxOnly], pod created with an initial fsgroup, volume contents ownership changed in first pod, new pod with different fsgroup applied to the volume contents" classname="Kubernetes e2e suite" time="0">
          <skipped></skipped>
      </testcase>
      <testcase name="[sig-storage] In-tree Volumes [Driver: gluster] [Testpattern: Dynamic PV (filesystem volmode)] multiVolume [Slow] should concurrently access the volume and restored snapshot from pods on the same node [LinuxOnly][Feature:VolumeSnapshotDataSource][Feature:VolumeSourceXFS]" classname="Kubernetes e2e suite" time="0">
          <skipped></skipped>
      </testcase>
      <testcase name="[sig-storage] In-tree Volumes [Driver: local][LocalVolumeType: tmpfs] [Testpattern: Pre-provisioned PV (block volmode)] disruptive[Disruptive][LinuxOnly] Should test that pv used in a pod that is deleted while the kubelet is down cleans up when the kubelet returns." classname="Kubernetes e2e suite" time="0">
          <skipped></skipped>
      </testcase>
      <testcase name="[sig-storage] PersistentVolumes-local  [Volume type: blockfswithoutformat] Two pods mounting a local volume at the same time should be able to write from pod1 and read from pod2" classname="Kubernetes e2e suite" time="0">
          <skipped></skipped>
      </testcase>
      <testcase name="[sig-storage] In-tree Volumes [Driver: local][LocalVolumeType: gce-localssd-scsi-fs] [Serial] [Testpattern: Dynamic PV (default fs)] provisioning should provision storage with mount options" classname="Kubernetes e2e suite" time="0">
          <skipped></skipped>
      </testcase>
      <testcase name="[sig-storage] Dynamic Provisioning DynamicProvisioner [Slow] should provision storage with different parameters" classname="Kubernetes e2e suite" time="0">
          <skipped></skipped>
      </testcase>
      <testcase name="[sig-storage] CSI Volumes [Driver: csi-hostpath] [Testpattern: Dynamic PV (xfs)][Slow] multiVolume [Slow] should access to two volumes with the same volume mode and retain data across pod recreation on different node" classname="Kubernetes e2e suite" time="0">
          <skipped></skipped>
      </testcase>
      <testcase name="[sig-network] Netpol NetworkPolicy between server and client should enforce policy based on Ports [Feature:NetworkPolicy]" classname="Kubernetes e2e suite" time="0">
          <skipped></skipped>
      </testcase>
      <testcase name="[sig-cloud-provider-gcp] Reboot [Disruptive] [Feature:Reboot] each node by dropping all inbound packets for a while and ensure they function afterwards" classname="Kubernetes e2e suite" time="0">
          <skipped></skipped>
      </testcase>
      <testcase name="[sig-storage] [Serial] Volume metrics should create prometheus metrics for volume provisioning and attach/detach" classname="Kubernetes e2e suite" time="0">
          <skipped></skipped>
      </testcase>
      <testcase name="[sig-storage] CSI Volumes [Driver: pd.csi.storage.gke.io][Serial] [Testpattern: Pre-provisioned PV (block volmode)] multiVolume [Slow] should access to two volumes with the same volume mode and retain data across pod recreation on the same node" classname="Kubernetes e2e suite" time="0">
          <skipped></skipped>
      </testcase>
      <testcase name="[sig-storage] In-tree Volumes [Driver: local][LocalVolumeType: blockfs] [Testpattern: Dynamic PV (default fs)] volume-stress multiple pods should access different volumes repeatedly [Slow] [Serial]" classname="Kubernetes e2e suite" time="0">
          <skipped></skipped>
      </testcase>
      <testcase name="[sig-storage] In-tree Volumes [Driver: local][LocalVolumeType: dir-bindmounted] [Testpattern: Dynamic PV (ntfs)][Feature:Windows] subPath should support creating multiple subpath from same volumes [Slow]" classname="Kubernetes e2e suite" time="0">
          <skipped></skipped>
      </testcase>
      <testcase name="[sig-storage] In-tree Volumes [Driver: local][LocalVolumeType: blockfs] [Testpattern: Dynamic PV (default fs)] subPath should support file as subpath [LinuxOnly]" classname="Kubernetes e2e suite" time="0">
          <skipped></skipped>
      </testcase>
      <testcase name="[sig-storage] CSI Volumes [Driver: pd.csi.storage.gke.io][Serial] [Testpattern: Pre-provisioned PV (block volmode)] volumeMode should not mount / map unused volumes in a pod [LinuxOnly]" classname="Kubernetes e2e suite" time="0">
          <skipped></skipped>
      </testcase>
      <testcase name="[sig-storage] In-tree Volumes [Driver: local][LocalVolumeType: block] [Testpattern: Pre-provisioned PV (ext3)] volumes should store data" classname="Kubernetes e2e suite" time="0">
          <skipped></skipped>
      </testcase>
      <testcase name="[sig-storage] vcp-performance [Feature:vsphere] vcp performance tests" classname="Kubernetes e2e suite" time="0">
          <skipped></skipped>
      </testcase>
      <testcase name="[sig-storage] In-tree Volumes [Driver: gcepd] [Testpattern: Dynamic PV (default fs)] fsgroupchangepolicy (OnRootMismatch)[LinuxOnly], pod created with an initial fsgroup, new pod fsgroup applied to volume contents" classname="Kubernetes e2e suite" time="0">
          <skipped></skipped>
      </testcase>
      <testcase name="[sig-storage] In-tree Volumes [Driver: local][LocalVolumeType: dir-bindmounted] [Testpattern: Dynamic PV (default fs)] fsgroupchangepolicy (Always)[LinuxOnly], pod created with an initial fsgroup, new pod fsgroup applied to volume contents" classname="Kubernetes e2e suite" time="0">
          <skipped></skipped>
      </testcase>
      <testcase name="[sig-storage] In-tree Volumes [Driver: local][LocalVolumeType: dir] [Testpattern: Dynamic PV (ext3)] volumes should allow exec of files on the volume" classname="Kubernetes e2e suite" time="0">
          <skipped></skipped>
      </testcase>
      <testcase name="[sig-storage] In-tree Volumes [Driver: vsphere] [Testpattern: Dynamic PV (delayed binding)] topology should provision a volume and schedule a pod with AllowedTopologies" classname="Kubernetes e2e suite" time="0">
          <skipped></skipped>
      </testcase>
      <testcase name="[sig-storage] In-tree Volumes [Driver: local][LocalVolumeType: dir-link] [Testpattern: Dynamic PV (ntfs)][Feature:Windows] subPath should support existing directories when readOnly specified in the volumeSource" classname="Kubernetes e2e suite" time="0">
          <skipped></skipped>
      </testcase>
      <testcase name="[sig-storage] In-tree Volumes [Driver: iscsi][Feature:Volumes] [Testpattern: Dynamic PV (block volmode)] disruptive[Disruptive][LinuxOnly] Should test that pv written before kubelet restart is readable after restart." classname="Kubernetes e2e suite" time="0">
          <skipped></skipped>
      </testcase>
      <testcase name="[sig-storage] In-tree Volumes [Driver: aws] [Testpattern: Dynamic PV (filesystem volmode)] multiVolume [Slow] should concurrently access the volume and its clone from pods on the same node [LinuxOnly][Feature:VolumeSnapshotDataSource][Feature:VolumeSourceXFS]" classname="Kubernetes e2e suite" time="0">
          <skipped></skipped>
      </testcase>
      <testcase name="[sig-storage] In-tree Volumes [Driver: nfs] [Testpattern: Dynamic PV (default fs)] subPath should fail if subpath directory is outside the volume [Slow][LinuxOnly]" classname="Kubernetes e2e suite" time="0">
          <skipped></skipped>
      </testcase>
      <testcase name="[sig-storage] In-tree Volumes [Driver: emptydir] [Testpattern: Pre-provisioned PV (block volmode)] multiVolume [Slow] should concurrently access the single read-only volume from pods on the same node" classname="Kubernetes e2e suite" time="0">
          <skipped></skipped>
      </testcase>
      <testcase name="[sig-storage] In-tree Volumes [Driver: cinder] [Testpattern: Dynamic PV (block volmode)] disruptive[Disruptive][LinuxOnly] Should test that pv written before kubelet restart is readable after restart." classname="Kubernetes e2e suite" time="0">
          <skipped></skipped>
      </testcase>
      <testcase name="[sig-storage] In-tree Volumes [Driver: iscsi][Feature:Volumes] [Testpattern: Dynamic PV (ntfs)][Feature:Windows] subPath should support readOnly file specified in the volumeMount [LinuxOnly]" classname="Kubernetes e2e suite" time="0">
          <skipped></skipped>
      </testcase>
      <testcase name="[sig-storage] In-tree Volumes [Driver: local][LocalVolumeType: dir] [Testpattern: Dynamic PV (ntfs)][Feature:Windows] subPath should fail if subpath with backstepping is outside the volume [Slow][LinuxOnly]" classname="Kubernetes e2e suite" time="0">
          <skipped></skipped>
      </testcase>
      <testcase name="[sig-network] [Feature:IPv6DualStack] should be able to reach pod on ipv4 and ipv6 ip" classname="Kubernetes e2e suite" time="0">
          <skipped></skipped>
      </testcase>
      <testcase name="[sig-storage] Ephemeralstorage When pod refers to non-existent ephemeral storage should allow deletion of pod with invalid volume : secret" classname="Kubernetes e2e suite" time="0">
          <skipped></skipped>
      </testcase>
      <testcase name="[sig-apps] Job should run a job to completion when tasks succeed" classname="Kubernetes e2e suite" time="0">
          <skipped></skipped>
      </testcase>
      <testcase name="[sig-storage] In-tree Volumes [Driver: hostPath] [Testpattern: Dynamic PV (block volmode)] volumeMode should fail to use a volume in a pod with mismatched mode [Slow]" classname="Kubernetes e2e suite" time="0">
          <skipped></skipped>
      </testcase>
      <testcase name="[sig-network] Netpol [Feature:SCTPConnectivity][LinuxOnly][Disruptive] NetworkPolicy between server and client using SCTP should enforce policy based on Ports [Feature:NetworkPolicy]" classname="Kubernetes e2e suite" time="0">
          <skipped></skipped>
      </testcase>
      <testcase name="[sig-storage] In-tree Volumes [Driver: azure-disk] [Testpattern: Dynamic PV (ntfs)][Feature:Windows] volumes should store data" classname="Kubernetes e2e suite" time="0">
          <skipped></skipped>
      </testcase>
      <testcase name="[sig-node] Kubelet when scheduling a busybox command in a pod should print the output to logs [NodeConformance] [Conformance]" classname="Kubernetes e2e suite" time="8.253373497"></testcase>
      <testcase name="[sig-storage] In-tree Volumes [Driver: local][LocalVolumeType: dir-link-bindmounted] [Testpattern: Dynamic PV (block volmode)] provisioning should provision storage with mount options" classname="Kubernetes e2e suite" time="0">
          <skipped></skipped>
      </testcase>
      <testcase name="[sig-node] Variable Expansion should allow substituting values in a volume subpath [Conformance]" classname="Kubernetes e2e suite" time="6.236841641"></testcase>
      <testcase name="[sig-storage] In-tree Volumes [Driver: iscsi][Feature:Volumes] [Testpattern: Dynamic PV (xfs)][Slow] multiVolume [Slow] should access to two volumes with different volume mode and retain data across pod recreation on different node" classname="Kubernetes e2e suite" time="0">
          <skipped></skipped>
      </testcase>
      <testcase name="[sig-node] ConfigMap should run through a ConfigMap lifecycle [Conformance]" classname="Kubernetes e2e suite" time="0.276411531"></testcase>
      <testcase name="[sig-storage] In-tree Volumes [Driver: local][LocalVolumeType: gce-localssd-scsi-fs] [Serial] [Testpattern: Dynamic PV (block volmode)(allowExpansion)] volume-expand should resize volume when PVC is edited while pod is using it" classname="Kubernetes e2e suite" time="0">
          <skipped></skipped>
      </testcase>
      <testcase name="[sig-storage] In-tree Volumes [Driver: local][LocalVolumeType: tmpfs] [Testpattern: Inline-volume (ext3)] volumes should store data" classname="Kubernetes e2e suite" time="0">
          <skipped></skipped>
      </testcase>
      <testcase name="[sig-storage] In-tree Volumes [Driver: aws] [Testpattern: Pre-provisioned PV (default fs)] subPath should verify container cannot write to subpath readonly volumes [Slow]" classname="Kubernetes e2e suite" time="0">
          <skipped></skipped>
      </testcase>
      <testcase name="[sig-scheduling] [Feature:GPUDevicePlugin] run Nvidia GPU Device Plugin tests" classname="Kubernetes e2e suite" time="0">
          <skipped></skipped>
      </testcase>
      <testcase name="[sig-storage] In-tree Volumes [Driver: local][LocalVolumeType: dir] [Testpattern: Pre-provisioned PV (block volmode)] multiVolume [Slow] should access to two volumes with different volume mode and retain data across pod recreation on different node" classname="Kubernetes e2e suite" time="0">
          <skipped></skipped>
      </testcase>
      <testcase name="[sig-storage] In-tree Volumes [Driver: local][LocalVolumeType: dir-bindmounted] [Testpattern: Dynamic PV (xfs)][Slow] multiVolume [Slow] should access to two volumes with different volume mode and retain data across pod recreation on the same node" classname="Kubernetes e2e suite" time="0">
          <skipped></skipped>
      </testcase>
      <testcase name="[sig-storage] NFSPersistentVolumes[Disruptive][Flaky] when kubelet restarts Should test that a file written to the mount before kubelet restart is readable after restart." classname="Kubernetes e2e suite" time="0">
          <skipped></skipped>
      </testcase>
      <testcase name="[sig-storage] In-tree Volumes [Driver: gcepd] [Testpattern: Pre-provisioned PV (default fs)] subPath should support readOnly directory specified in the volumeMount" classname="Kubernetes e2e suite" time="0">
          <skipped></skipped>
      </testcase>
      <testcase name="[sig-storage] In-tree Volumes [Driver: emptydir] [Testpattern: Dynamic PV (default fs)(allowExpansion)] volume-expand should resize volume when PVC is edited while pod is using it" classname="Kubernetes e2e suite" time="0">
          <skipped></skipped>
      </testcase>
      <testcase name="[sig-storage] CSI Volumes [Driver: pd.csi.storage.gke.io][Serial] [Testpattern: Pre-provisioned PV (ext3)] volumes should allow exec of files on the volume" classname="Kubernetes e2e suite" time="0">
          <skipped></skipped>
      </testcase>
      <testcase name="[sig-storage] In-tree Volumes [Driver: cinder] [Testpattern: Pre-provisioned PV (block volmode)] multiVolume [Slow] should concurrently access the single volume from pods on the same node" classname="Kubernetes e2e suite" time="0">
          <skipped></skipped>
      </testcase>
      <testcase name="[sig-storage] In-tree Volumes [Driver: local][LocalVolumeType: dir-link-bindmounted] [Testpattern: Pre-provisioned PV (block volmode)] volumeMode should not mount / map unused volumes in a pod [LinuxOnly]" classname="Kubernetes e2e suite" time="0">
          <skipped></skipped>
      </testcase>
      <testcase name="[sig-storage] In-tree Volumes [Driver: local][LocalVolumeType: dir] [Testpattern: Dynamic PV (ext4)] volumes should store data" classname="Kubernetes e2e suite" time="0">
          <skipped></skipped>
      </testcase>
      <testcase name="[sig-storage] CSI Volumes [Driver: pd.csi.storage.gke.io][Serial] [Testpattern: Dynamic PV (filesystem volmode)] multiVolume [Slow] should concurrently access the volume and its clone from pods on the same node [LinuxOnly][Feature:VolumeSnapshotDataSource][Feature:VolumeSourceXFS]" classname="Kubernetes e2e suite" time="0">
          <skipped></skipped>
      </testcase>
      <testcase name="[sig-storage] In-tree Volumes [Driver: cinder] [Testpattern: Dynamic PV (ntfs)][Feature:Windows] subPath should support existing single file [LinuxOnly]" classname="Kubernetes e2e suite" time="0">
          <skipped></skipped>
      </testcase>
      <testcase name="[sig-storage] In-tree Volumes [Driver: local][LocalVolumeType: gce-localssd-scsi-fs] [Serial] [Testpattern: Dynamic PV (block volmode)] volumes should store data" classname="Kubernetes e2e suite" time="0">
          <skipped></skipped>
      </testcase>
      <testcase name="[sig-storage] In-tree Volumes [Driver: ceph][Feature:Volumes][Serial] [Testpattern: Inline-volume (default fs)] subPath should unmount if pod is force deleted while kubelet is down [Disruptive][Slow][LinuxOnly]" classname="Kubernetes e2e suite" time="0">
          <skipped></skipped>
      </testcase>
      <testcase name="[sig-storage] In-tree Volumes [Driver: hostPathSymlink] [Testpattern: Pre-provisioned PV (filesystem volmode)] multiVolume [Slow] should concurrently access the single volume from pods on the same node" classname="Kubernetes e2e suite" time="0">
          <skipped></skipped>
      </testcase>
      <testcase name="[sig-storage] In-tree Volumes [Driver: rbd][Feature:Volumes][Serial] [Testpattern: Pre-provisioned PV (ext4)] volumes should store data" classname="Kubernetes e2e suite" time="0">
          <skipped></skipped>
      </testcase>
      <testcase name="[sig-storage] In-tree Volumes [Driver: hostPath] [Testpattern: Inline-volume (xfs)][Slow] volumes should allow exec of files on the volume" classname="Kubernetes e2e suite" time="0">
          <skipped></skipped>
      </testcase>
      <testcase name="[sig-storage] CSI Volumes [Driver: pd.csi.storage.gke.io][Serial] [Testpattern: Inline-volume (default fs)] volumes should store data" classname="Kubernetes e2e suite" time="0">
          <skipped></skipped>
      </testcase>
      <testcase name="[sig-auth] ServiceAccounts should mount projected service account token [Conformance]" classname="Kubernetes e2e suite" time="8.703703976"></testcase>
      <testcase name="[sig-storage] In-tree Volumes [Driver: local][LocalVolumeType: blockfs] [Testpattern: Dynamic PV (filesystem volmode)] volumeMode should fail to use a volume in a pod with mismatched mode [Slow]" classname="Kubernetes e2e suite" time="0">
          <skipped></skipped>
      </testcase>
      <testcase name="[sig-storage] In-tree Volumes [Driver: vsphere] [Testpattern: Dynamic PV (ext4)] multiVolume [Slow] should concurrently access the volume and restored snapshot from pods on the same node [LinuxOnly][Feature:VolumeSnapshotDataSource][Feature:VolumeSourceXFS]" classname="Kubernetes e2e suite" time="0">
          <skipped></skipped>
      </testcase>
      <testcase name="[sig-storage] In-tree Volumes [Driver: gluster] [Testpattern: Inline-volume (ext4)] volumes should store data" classname="Kubernetes e2e suite" time="0">
          <skipped></skipped>
      </testcase>
      <testcase name="[sig-storage] In-tree Volumes [Driver: aws] [Testpattern: Inline-volume (default fs)] subPath should verify container cannot write to subpath readonly volumes [Slow]" classname="Kubernetes e2e suite" time="0">
          <skipped></skipped>
      </testcase>
      <testcase name="[sig-storage] In-tree Volumes [Driver: local][LocalVolumeType: dir] [Testpattern: Dynamic PV (ntfs)][Feature:Windows] subPath should support restarting containers using file as subpath [Slow][LinuxOnly]" classname="Kubernetes e2e suite" time="0">
          <skipped></skipped>
      </testcase>
      <testcase name="[sig-storage] In-tree Volumes [Driver: iscsi][Feature:Volumes] [Testpattern: Dynamic PV (ntfs)][Feature:Windows] subPath should verify container cannot write to subpath readonly volumes [Slow]" classname="Kubernetes e2e suite" time="0">
          <skipped></skipped>
      </testcase>
      <testcase name="[sig-storage] In-tree Volumes [Driver: local][LocalVolumeType: dir] [Testpattern: Dynamic PV (xfs)][Slow] multiVolume [Slow] should concurrently access the volume and restored snapshot from pods on the same node [LinuxOnly][Feature:VolumeSnapshotDataSource][Feature:VolumeSourceXFS]" classname="Kubernetes e2e suite" time="0">
          <skipped></skipped>
      </testcase>
      <testcase name="[sig-storage] In-tree Volumes [Driver: local][LocalVolumeType: dir-bindmounted] [Testpattern: Inline-volume (default fs)] subPath should support existing single file [LinuxOnly]" classname="Kubernetes e2e suite" time="0">
          <skipped></skipped>
      </testcase>
      <testcase name="[sig-storage] In-tree Volumes [Driver: aws] [Testpattern: Dynamic PV (block volmode)(allowExpansion)] volume-expand Verify if offline PVC expansion works" classname="Kubernetes e2e suite" time="0">
          <skipped></skipped>
      </testcase>
      <testcase name="[sig-storage] In-tree Volumes [Driver: iscsi][Feature:Volumes] [Testpattern: Dynamic PV (filesystem volmode)] multiVolume [Slow] should concurrently access the volume and restored snapshot from pods on the same node [LinuxOnly][Feature:VolumeSnapshotDataSource][Feature:VolumeSourceXFS]" classname="Kubernetes e2e suite" time="0">
          <skipped></skipped>
      </testcase>
      <testcase name="[sig-storage] PersistentVolumes-local  [Volume type: dir-bindmounted] Set fsGroup for local volume should set fsGroup for one pod [Slow]" classname="Kubernetes e2e suite" time="0">
          <skipped></skipped>
      </testcase>
      <testcase name="[sig-storage] In-tree Volumes [Driver: local][LocalVolumeType: dir-link] [Testpattern: Dynamic PV (filesystem volmode)] multiVolume [Slow] should access to two volumes with the same volume mode and retain data across pod recreation on the same node" classname="Kubernetes e2e suite" time="0">
          <skipped></skipped>
      </testcase>
      <testcase name="[sig-storage] In-tree Volumes [Driver: local][LocalVolumeType: block] [Testpattern: Dynamic PV (xfs)][Slow] multiVolume [Slow] should access to two volumes with the same volume mode and retain data across pod recreation on different node" classname="Kubernetes e2e suite" time="0">
          <skipped></skipped>
      </testcase>
      <testcase name="[sig-storage] In-tree Volumes [Driver: local][LocalVolumeType: dir-bindmounted] [Testpattern: Dynamic PV (block volmode)] provisioning should provision storage with pvc data source" classname="Kubernetes e2e suite" time="0">
          <skipped></skipped>
      </testcase>
      <testcase name="[sig-storage] In-tree Volumes [Driver: iscsi][Feature:Volumes] [Testpattern: Dynamic PV (filesystem volmode)] volumeMode should fail to use a volume in a pod with mismatched mode [Slow]" classname="Kubernetes e2e suite" time="0">
          <skipped></skipped>
      </testcase>
      <testcase name="[sig-storage] In-tree Volumes [Driver: local][LocalVolumeType: dir-link] [Testpattern: Dynamic PV (delayed binding)] topology should fail to schedule a pod which has topologies that conflict with AllowedTopologies" classname="Kubernetes e2e suite" time="0">
          <skipped></skipped>
      </testcase>
      <testcase name="[sig-storage] In-tree Volumes [Driver: cinder] [Testpattern: Inline-volume (default fs)] subPath should fail if subpath file is outside the volume [Slow][LinuxOnly]" classname="Kubernetes e2e suite" time="0">
          <skipped></skipped>
      </testcase>
      <testcase name="[sig-storage] In-tree Volumes [Driver: gcepd] [Testpattern: Pre-provisioned PV (ext3)] volumes should store data" classname="Kubernetes e2e suite" time="0">
          <skipped></skipped>
      </testcase>
      <testcase name="[sig-storage] In-tree Volumes [Driver: rbd][Feature:Volumes][Serial] [Testpattern: Dynamic PV (ext4)] multiVolume [Slow] should concurrently access the single volume from pods on the same node" classname="Kubernetes e2e suite" time="0">
          <skipped></skipped>
      </testcase>
      <testcase name="[sig-storage] In-tree Volumes [Driver: hostPath] [Testpattern: Dynamic PV (ntfs)][Feature:Windows] subPath should support readOnly directory specified in the volumeMount" classname="Kubernetes e2e suite" time="0">
          <skipped></skipped>
      </testcase>
      <testcase name="[sig-storage] In-tree Volumes [Driver: local][LocalVolumeType: dir-link-bindmounted] [Testpattern: Dynamic PV (filesystem volmode)] multiVolume [Slow] should access to two volumes with different volume mode and retain data across pod recreation on different node" classname="Kubernetes e2e suite" time="0">
          <skipped></skipped>
      </testcase>
      <testcase name="[sig-storage] In-tree Volumes [Driver: hostPath] [Testpattern: Dynamic PV (filesystem volmode)] multiVolume [Slow] should access to two volumes with the same volume mode and retain data across pod recreation on different node" classname="Kubernetes e2e suite" time="0">
          <skipped></skipped>
      </testcase>
      <testcase name="[sig-storage] In-tree Volumes [Driver: aws] [Testpattern: Dynamic PV (ext4)] multiVolume [Slow] should concurrently access the single read-only volume from pods on the same node" classname="Kubernetes e2e suite" time="0">
          <skipped></skipped>
      </testcase>
      <testcase name="[sig-storage] In-tree Volumes [Driver: local][LocalVolumeType: tmpfs] [Testpattern: Pre-provisioned PV (filesystem volmode)] multiVolume [Slow] should concurrently access the volume and its clone from pods on the same node [LinuxOnly][Feature:VolumeSnapshotDataSource][Feature:VolumeSourceXFS]" classname="Kubernetes e2e suite" time="0">
          <skipped></skipped>
      </testcase>
      <testcase name="[sig-node] Docker Containers should be able to override the image&#39;s default command (docker entrypoint) [NodeConformance] [Conformance]" classname="Kubernetes e2e suite" time="6.794376948"></testcase>
      <testcase name="[sig-storage] In-tree Volumes [Driver: local][LocalVolumeType: tmpfs] [Testpattern: Dynamic PV (immediate binding)] topology should fail to schedule a pod which has topologies that conflict with AllowedTopologies" classname="Kubernetes e2e suite" time="0">
          <skipped></skipped>
      </testcase>
      <testcase name="[sig-storage] In-tree Volumes [Driver: local][LocalVolumeType: gce-localssd-scsi-fs] [Serial] [Testpattern: Pre-provisioned PV (ext3)] volumes should store data" classname="Kubernetes e2e suite" time="0">
          <skipped></skipped>
      </testcase>
      <testcase name="[sig-storage] In-tree Volumes [Driver: local][LocalVolumeType: dir] [Testpattern: Dynamic PV (default fs)] fsgroupchangepolicy (Always)[LinuxOnly], pod created with an initial fsgroup, volume contents ownership changed in first pod, new pod with same fsgroup applied to the volume contents" classname="Kubernetes e2e suite" time="0">
          <skipped></skipped>
      </testcase>
      <testcase name="[sig-storage] In-tree Volumes [Driver: local][LocalVolumeType: tmpfs] [Testpattern: Dynamic PV (ntfs)][Feature:Windows] subPath should verify container cannot write to subpath readonly volumes [Slow]" classname="Kubernetes e2e suite" time="0">
          <skipped></skipped>
      </testcase>
      <testcase name="[sig-storage] In-tree Volumes [Driver: gluster] [Testpattern: Dynamic PV (xfs)][Slow] multiVolume [Slow] should concurrently access the single volume from pods on different node" classname="Kubernetes e2e suite" time="0">
          <skipped></skipped>
      </testcase>
      <testcase name="[sig-api-machinery] CustomResourceConversionWebhook [Privileged:ClusterAdmin] should be able to convert from CR v1 to CR v2 [Conformance]" classname="Kubernetes e2e suite" time="13.212951199"></testcase>
      <testcase name="[sig-node] Docker Containers should use the image defaults if command and args are blank [NodeConformance] [Conformance]" classname="Kubernetes e2e suite" time="13.260528219"></testcase>
      <testcase name="[sig-storage] In-tree Volumes [Driver: aws] [Testpattern: Pre-provisioned PV (block volmode)] multiVolume [Slow] should concurrently access the single volume from pods on different node" classname="Kubernetes e2e suite" time="0">
          <skipped></skipped>
      </testcase>
      <testcase name="[sig-storage] In-tree Volumes [Driver: emptydir] [Testpattern: Dynamic PV (default fs)] volume-stress multiple pods should access different volumes repeatedly [Slow] [Serial]" classname="Kubernetes e2e suite" time="0">
          <skipped></skipped>
      </testcase>
      <testcase name="[sig-storage] CSI Volumes [Driver: pd.csi.storage.gke.io][Serial] [Testpattern: Pre-provisioned PV (ntfs)][Feature:Windows] volumes should allow exec of files on the volume" classname="Kubernetes e2e suite" time="0">
          <skipped></skipped>
      </testcase>
      <testcase name="[sig-storage] In-tree Volumes [Driver: nfs] [Testpattern: Dynamic PV (block volmode)] volume-stress multiple pods should access different volumes repeatedly [Slow] [Serial]" classname="Kubernetes e2e suite" time="0">
          <skipped></skipped>
      </testcase>
      <testcase name="[sig-storage] In-tree Volumes [Driver: local][LocalVolumeType: tmpfs] [Testpattern: Dynamic PV (ntfs)][Feature:Windows] subPath should be able to unmount after the subpath directory is deleted [LinuxOnly]" classname="Kubernetes e2e suite" time="0">
          <skipped></skipped>
      </testcase>
      <testcase name="[sig-network] EndpointSlice should support creating EndpointSlice API operations [Conformance]" classname="Kubernetes e2e suite" time="0.42413719"></testcase>
      <testcase name="[sig-cloud-provider-gcp] HA-master [Feature:HAMaster] survive addition/removal replicas different zones [Serial][Disruptive]" classname="Kubernetes e2e suite" time="0">
          <skipped></skipped>
      </testcase>
      <testcase name="[sig-storage] In-tree Volumes [Driver: nfs] [Testpattern: Pre-provisioned PV (ntfs)][Feature:Windows] volumes should allow exec of files on the volume" classname="Kubernetes e2e suite" time="0">
          <skipped></skipped>
      </testcase>
      <testcase name="[sig-storage] In-tree Volumes [Driver: local][LocalVolumeType: tmpfs] [Testpattern: Pre-provisioned PV (default fs)] subPath should support creating multiple subpath from same volumes [Slow]" classname="Kubernetes e2e suite" time="0">
          <skipped></skipped>
      </testcase>
      <testcase name="[sig-storage] CSI Volumes [Driver: pd.csi.storage.gke.io][Serial] [Testpattern: Inline-volume (default fs)] subPath should support file as subpath [LinuxOnly]" classname="Kubernetes e2e suite" time="0">
          <skipped></skipped>
      </testcase>
      <testcase name="[sig-storage] In-tree Volumes [Driver: cinder] [Testpattern: Inline-volume (default fs)] subPath should verify container cannot write to subpath readonly volumes [Slow]" classname="Kubernetes e2e suite" time="0">
          <skipped></skipped>
      </testcase>
      <testcase name="[sig-storage] EmptyDir volumes when FSGroup is specified [LinuxOnly] [NodeFeature:FSGroup] new files should be created with FSGroup ownership when container is non-root" classname="Kubernetes e2e suite" time="0">
          <skipped></skipped>
      </testcase>
      <testcase name="[sig-storage] EmptyDir volumes should support (root,0644,default) [LinuxOnly] [NodeConformance] [Conformance]" classname="Kubernetes e2e suite" time="16.844895449"></testcase>
      <testcase name="[sig-storage] In-tree Volumes [Driver: gluster] [Testpattern: Dynamic PV (ntfs)][Feature:Windows] volume-expand should not allow expansion of pvcs without AllowVolumeExpansion property" classname="Kubernetes e2e suite" time="0">
          <skipped></skipped>
      </testcase>
      <testcase name="[sig-storage] In-tree Volumes [Driver: iscsi][Feature:Volumes] [Testpattern: Dynamic PV (ext4)] multiVolume [Slow] should access to two volumes with different volume mode and retain data across pod recreation on different node" classname="Kubernetes e2e suite" time="0">
          <skipped></skipped>
      </testcase>
      <testcase name="[sig-storage] CSI Volumes [Driver: csi-hostpath] [Testpattern: Dynamic PV (default fs)(allowExpansion)] volume-expand Verify if offline PVC expansion works" classname="Kubernetes e2e suite" time="0">
          <skipped></skipped>
      </testcase>
      <testcase name="[sig-storage] In-tree Volumes [Driver: local][LocalVolumeType: block] [Testpattern: Dynamic PV (xfs)][Slow] multiVolume [Slow] should concurrently access the single volume from pods on different node" classname="Kubernetes e2e suite" time="0">
          <skipped></skipped>
      </testcase>
      <testcase name="[sig-storage] Pod Disks schedule a pod w/ RW PD(s) mounted to 1 or more containers, write to PD, verify content, delete pod, and repeat in rapid succession [Slow] using 1 containers and 2 PDs" classname="Kubernetes e2e suite" time="0">
          <skipped></skipped>
      </testcase>
      <testcase name="[sig-storage] In-tree Volumes [Driver: rbd][Feature:Volumes][Serial] [Testpattern: Dynamic PV (xfs)][Slow] multiVolume [Slow] should access to two volumes with different volume mode and retain data across pod recreation on the same node" classname="Kubernetes e2e suite" time="0">
          <skipped></skipped>
      </testcase>
      <testcase name="[sig-storage] CSI Volumes [Driver: pd.csi.storage.gke.io][Serial] [Testpattern: Pre-provisioned PV (default fs)] subPath should be able to unmount after the subpath directory is deleted [LinuxOnly]" classname="Kubernetes e2e suite" time="0">
          <skipped></skipped>
      </testcase>
      <testcase name="[sig-storage] In-tree Volumes [Driver: rbd][Feature:Volumes][Serial] [Testpattern: Dynamic PV (ext4)] multiVolume [Slow] should access to two volumes with the same volume mode and retain data across pod recreation on different node" classname="Kubernetes e2e suite" time="0">
          <skipped></skipped>
      </testcase>
      <testcase name="[sig-storage] In-tree Volumes [Driver: local][LocalVolumeType: blockfs] [Testpattern: Pre-provisioned PV (block volmode)] disruptive[Disruptive][LinuxOnly] Should test that pv used in a pod that is force deleted while the kubelet is down cleans up when the kubelet returns." classname="Kubernetes e2e suite" time="0">
          <skipped></skipped>
      </testcase>
      <testcase name="[sig-storage] In-tree Volumes [Driver: emptydir] [Testpattern: Dynamic PV (ext4)] multiVolume [Slow] should access to two volumes with the same volume mode and retain data across pod recreation on the same node" classname="Kubernetes e2e suite" time="0">
          <skipped></skipped>
      </testcase>
      <testcase name="[sig-storage] In-tree Volumes [Driver: windows-gcepd] [Testpattern: Dynamic PV (ntfs)][Feature:Windows] volumes should allow exec of files on the volume" classname="Kubernetes e2e suite" time="0">
          <skipped></skipped>
      </testcase>
      <testcase name="[sig-storage] [Serial] Volume metrics PVController should create unbound pvc count metrics for pvc controller after creating pvc only" classname="Kubernetes e2e suite" time="0">
          <skipped></skipped>
      </testcase>
      <testcase name="[sig-storage] In-tree Volumes [Driver: windows-gcepd] [Testpattern: Dynamic PV (xfs)][Slow] multiVolume [Slow] should concurrently access the single volume from pods on different node" classname="Kubernetes e2e suite" time="0">
          <skipped></skipped>
      </testcase>
      <testcase name="[sig-network] Loadbalancing: L7 GCE [Slow] [Feature:NEG] [Flaky] should sync endpoints to NEG" classname="Kubernetes e2e suite" time="0">
          <skipped></skipped>
      </testcase>
      <testcase name="[sig-instrumentation] Stackdriver Monitoring should run Custom Metrics - Stackdriver Adapter for external metrics [Feature:StackdriverExternalMetrics]" classname="Kubernetes e2e suite" time="0">
          <skipped></skipped>
      </testcase>
      <testcase name="[sig-storage] In-tree Volumes [Driver: local][LocalVolumeType: dir-link-bindmounted] [Testpattern: Dynamic PV (default fs)] volumes should store data" classname="Kubernetes e2e suite" time="0">
          <skipped></skipped>
      </testcase>
      <testcase name="[sig-storage] In-tree Volumes [Driver: local][LocalVolumeType: dir-link] [Testpattern: Inline-volume (xfs)][Slow] volumes should store data" classname="Kubernetes e2e suite" time="0">
          <skipped></skipped>
      </testcase>
      <testcase name="[sig-api-machinery] server version should find the server version [Conformance]" classname="Kubernetes e2e suite" time="0.30438148"></testcase>
      <testcase name="[sig-storage] ConfigMap should be consumable from pods in volume with mappings as non-root [NodeConformance] [Conformance]" classname="Kubernetes e2e suite" time="8.570967345"></testcase>
      <testcase name="[sig-storage] In-tree Volumes [Driver: local][LocalVolumeType: dir] [Testpattern: Dynamic PV (ntfs)][Feature:Windows] subPath should support non-existent path" classname="Kubernetes e2e suite" time="0">
          <skipped></skipped>
      </testcase>
      <testcase name="[sig-storage] In-tree Volumes [Driver: local][LocalVolumeType: dir-link-bindmounted] [Testpattern: Dynamic PV (ntfs)][Feature:Windows] subPath should fail if subpath with backstepping is outside the volume [Slow][LinuxOnly]" classname="Kubernetes e2e suite" time="0">
          <skipped></skipped>
      </testcase>
      <testcase name="[sig-autoscaling] [Feature:HPA] Horizontal pod autoscaling (scale resource: CPU) [Serial] [Slow] ReplicaSet Should scale from 5 pods to 3 pods and from 3 to 1" classname="Kubernetes e2e suite" time="0">
          <skipped></skipped>
      </testcase>
      <testcase name="[sig-storage] In-tree Volumes [Driver: hostPathSymlink] [Testpattern: Pre-provisioned PV (ext4)] volumes should allow exec of files on the volume" classname="Kubernetes e2e suite" time="0">
          <skipped></skipped>
      </testcase>
      <testcase name="[sig-storage] In-tree Volumes [Driver: emptydir] [Testpattern: Pre-provisioned PV (filesystem volmode)] multiVolume [Slow] should concurrently access the single volume from pods on different node" classname="Kubernetes e2e suite" time="0">
          <skipped></skipped>
      </testcase>
      <testcase name="[sig-storage] In-tree Volumes [Driver: hostPathSymlink] [Testpattern: Dynamic PV (default fs)] subPath should support non-existent path" classname="Kubernetes e2e suite" time="0">
          <skipped></skipped>
      </testcase>
      <testcase name="[sig-storage] In-tree Volumes [Driver: azure-disk] [Testpattern: Dynamic PV (block volmode)] volume-expand should not allow expansion of pvcs without AllowVolumeExpansion property" classname="Kubernetes e2e suite" time="0">
          <skipped></skipped>
      </testcase>
      <testcase name="[sig-storage] In-tree Volumes [Driver: vsphere] [Testpattern: Dynamic PV (default fs)] provisioning should provision storage with pvc data source in parallel [Slow]" classname="Kubernetes e2e suite" time="0">
          <skipped></skipped>
      </testcase>
      <testcase name="[sig-storage] In-tree Volumes [Driver: nfs] [Testpattern: Pre-provisioned PV (ext3)] volumes should allow exec of files on the volume" classname="Kubernetes e2e suite" time="0">
          <skipped></skipped>
      </testcase>
      <testcase name="[sig-storage] In-tree Volumes [Driver: local][LocalVolumeType: block] [Testpattern: Dynamic PV (xfs)][Slow] multiVolume [Slow] should access to two volumes with different volume mode and retain data across pod recreation on the same node" classname="Kubernetes e2e suite" time="0">
          <skipped></skipped>
      </testcase>
      <testcase name="[sig-storage] CSI Volumes [Driver: pd.csi.storage.gke.io][Serial] [Testpattern: Dynamic PV (block volmode)] volume-expand should not allow expansion of pvcs without AllowVolumeExpansion property" classname="Kubernetes e2e suite" time="0">
          <skipped></skipped>
      </testcase>
      <testcase name="[sig-network] Services should be able to create a functioning NodePort service [Conformance]" classname="Kubernetes e2e suite" time="0.952262804">
          <failure type="Failure">/workspace/src/k8s.io/kubernetes/_output/dockerized/go/src/k8s.io/kubernetes/test/e2e/framework/framework.go:630&#xA;Jul 24 13:37:56.191: Unexpected error:&#xA;    &lt;*errors.errorString | 0xc0021aeb70&gt;: {&#xA;        s: &#34;out-of-range nodePort (34046) for service&#34;,&#xA;    }&#xA;    out-of-range nodePort (34046) for service&#xA;occurred&#xA;/workspace/src/k8s.io/kubernetes/_output/dockerized/go/src/k8s.io/kubernetes/test/e2e/network/service.go:1185</failure>
          <system-out>[BeforeEach] [sig-network] Services&#xA;  /workspace/src/k8s.io/kubernetes/_output/dockerized/go/src/k8s.io/kubernetes/test/e2e/framework/framework.go:185&#xA;STEP: Creating a kubernetes client&#xA;Jul 24 13:37:55.793: INFO: &gt;&gt;&gt; kubeConfig: /tmp/kubeconfig-821373319&#xA;STEP: Building a namespace api object, basename services&#xA;STEP: Waiting for a default service account to be provisioned in namespace&#xA;[BeforeEach] [sig-network] Services&#xA;  /workspace/src/k8s.io/kubernetes/_output/dockerized/go/src/k8s.io/kubernetes/test/e2e/network/service.go:749&#xA;[It] should be able to create a functioning NodePort service [Conformance]&#xA;  /workspace/src/k8s.io/kubernetes/_output/dockerized/go/src/k8s.io/kubernetes/test/e2e/framework/framework.go:630&#xA;STEP: creating service nodeport-test with type=NodePort in namespace services-1538&#xA;Jul 24 13:37:56.191: FAIL: Unexpected error:&#xA;    &lt;*errors.errorString | 0xc0021aeb70&gt;: {&#xA;        s: &#34;out-of-range nodePort (34046) for service&#34;,&#xA;    }&#xA;    out-of-range nodePort (34046) for service&#xA;occurred&#xA;&#xA;Full Stack Trace&#xA;k8s.io/kubernetes/test/e2e/network.glob..func24.11()&#xA;&#x9;/workspace/src/k8s.io/kubernetes/_output/dockerized/go/src/k8s.io/kubernetes/test/e2e/network/service.go:1185 +0x179&#xA;k8s.io/kubernetes/test/e2e.RunE2ETests(0xc0005db200)&#xA;&#x9;_output/dockerized/go/src/k8s.io/kubernetes/test/e2e/e2e.go:130 +0x36c&#xA;k8s.io/kubernetes/test/e2e.TestE2E(0xc0005db200)&#xA;&#x9;_output/dockerized/go/src/k8s.io/kubernetes/test/e2e/e2e_test.go:136 +0x2b&#xA;testing.tRunner(0xc0005db200, 0x72d52f0)&#xA;&#x9;/usr/local/go/src/testing/testing.go:1193 +0xef&#xA;created by testing.(*T).Run&#xA;&#x9;/usr/local/go/src/testing/testing.go:1238 +0x2b3&#xA;[AfterEach] [sig-network] Services&#xA;  /workspace/src/k8s.io/kubernetes/_output/dockerized/go/src/k8s.io/kubernetes/test/e2e/framework/framework.go:186&#xA;STEP: Collecting events from namespace &#34;services-1538&#34;.&#xA;STEP: Found 0 events.&#xA;Jul 24 13:37:56.195: INFO: POD  NODE  PHASE  GRACE  CONDITIONS&#xA;Jul 24 13:37:56.195: INFO: &#xA;Jul 24 13:37:56.199: INFO: &#xA;Logging node info for node k8s-node03&#xA;Jul 24 13:37:56.215: INFO: Node Info: &amp;Node{ObjectMeta:{k8s-node03    f005bf71-6041-45da-927c-72c442c8be97 5727019 0 2022-07-05 02:22:15 +0000 UTC &lt;nil&gt; &lt;nil&gt; map[beta.kubernetes.io/arch:amd64 beta.kubernetes.io/os:linux kubernetes.io/arch:amd64 kubernetes.io/hostname:k8s-node03 kubernetes.io/os:linux] map[flannel.alpha.coreos.com/backend-data:{&#34;VNI&#34;:1,&#34;VtepMAC&#34;:&#34;6a:72:10:8f:24:03&#34;} flannel.alpha.coreos.com/backend-type:vxlan flannel.alpha.coreos.com/kube-subnet-manager:true flannel.alpha.coreos.com/public-ip:192.168.132.213 kubeadm.alpha.kubernetes.io/cri-socket:/var/run/dockershim.sock node.alpha.kubernetes.io/ttl:0 volumes.kubernetes.io/controller-managed-attach-detach:true] [] []  [{kubelet Update v1 2022-07-05 02:22:15 +0000 UTC FieldsV1 {&#34;f:metadata&#34;:{&#34;f:annotations&#34;:{&#34;.&#34;:{},&#34;f:volumes.kubernetes.io/controller-managed-attach-detach&#34;:{}},&#34;f:labels&#34;:{&#34;.&#34;:{},&#34;f:beta.kubernetes.io/arch&#34;:{},&#34;f:beta.kubernetes.io/os&#34;:{},&#34;f:kubernetes.io/arch&#34;:{},&#34;f:kubernetes.io/hostname&#34;:{},&#34;f:kubernetes.io/os&#34;:{}}}} } {kubeadm Update v1 2022-07-05 02:22:20 +0000 UTC FieldsV1 {&#34;f:metadata&#34;:{&#34;f:annotations&#34;:{&#34;f:kubeadm.alpha.kubernetes.io/cri-socket&#34;:{}}}} } {flanneld Update v1 2022-07-05 02:25:35 +0000 UTC FieldsV1 {&#34;f:metadata&#34;:{&#34;f:annotations&#34;:{&#34;f:flannel.alpha.coreos.com/backend-data&#34;:{},&#34;f:flannel.alpha.coreos.com/backend-type&#34;:{},&#34;f:flannel.alpha.coreos.com/kube-subnet-manager&#34;:{},&#34;f:flannel.alpha.coreos.com/public-ip&#34;:{}}},&#34;f:status&#34;:{&#34;f:conditions&#34;:{&#34;k:{\&#34;type\&#34;:\&#34;NetworkUnavailable\&#34;}&#34;:{&#34;.&#34;:{},&#34;f:lastHeartbeatTime&#34;:{},&#34;f:lastTransitionTime&#34;:{},&#34;f:message&#34;:{},&#34;f:reason&#34;:{},&#34;f:status&#34;:{},&#34;f:type&#34;:{}}}}} status} {e2e.test Update v1 2022-07-24 11:57:52 +0000 UTC FieldsV1 {&#34;f:status&#34;:{&#34;f:capacity&#34;:{&#34;f:example.com/fakecpu&#34;:{},&#34;f:scheduling.k8s.io/foo&#34;:{}}}} status} {kubelet Update v1 2022-07-24 11:57:58 +0000 UTC FieldsV1 {&#34;f:status&#34;:{&#34;f:allocatable&#34;:{&#34;f:ephemeral-storage&#34;:{},&#34;f:example.com/fakecpu&#34;:{},&#34;f:scheduling.k8s.io/foo&#34;:{}},&#34;f:capacity&#34;:{&#34;f:ephemeral-storage&#34;:{}},&#34;f:conditions&#34;:{&#34;k:{\&#34;type\&#34;:\&#34;DiskPressure\&#34;}&#34;:{&#34;f:lastHeartbeatTime&#34;:{}},&#34;k:{\&#34;type\&#34;:\&#34;MemoryPressure\&#34;}&#34;:{&#34;f:lastHeartbeatTime&#34;:{}},&#34;k:{\&#34;type\&#34;:\&#34;PIDPressure\&#34;}&#34;:{&#34;f:lastHeartbeatTime&#34;:{}},&#34;k:{\&#34;type\&#34;:\&#34;Ready\&#34;}&#34;:{&#34;f:lastHeartbeatTime&#34;:{},&#34;f:lastTransitionTime&#34;:{},&#34;f:message&#34;:{},&#34;f:reason&#34;:{},&#34;f:status&#34;:{}}},&#34;f:images&#34;:{}}} status} {kube-controller-manager Update v1 2022-07-24 13:35:27 +0000 UTC FieldsV1 {&#34;f:metadata&#34;:{&#34;f:annotations&#34;:{&#34;f:node.alpha.kubernetes.io/ttl&#34;:{}}},&#34;f:spec&#34;:{&#34;f:podCIDR&#34;:{},&#34;f:podCIDRs&#34;:{&#34;.&#34;:{},&#34;v:\&#34;10.244.1.0/24\&#34;&#34;:{}}}} }]},Spec:NodeSpec{PodCIDR:10.244.1.0/24,DoNotUseExternalID:,ProviderID:,Unschedulable:false,Taints:[]Taint{},ConfigSource:nil,PodCIDRs:[10.244.1.0/24],},Status:NodeStatus{Capacity:ResourceList{cpu: {{8 0} {&lt;nil&gt;} 8 DecimalSI},ephemeral-storage: {{209930366976 0} {&lt;nil&gt;} 205010124Ki BinarySI},example.com/fakecpu: {{1 3} {&lt;nil&gt;} 1k DecimalSI},hugepages-1Gi: {{0 0} {&lt;nil&gt;} 0 DecimalSI},hugepages-2Mi: {{0 0} {&lt;nil&gt;} 0 DecimalSI},memory: {{16656281600 0} {&lt;nil&gt;} 16265900Ki BinarySI},pods: {{110 0} {&lt;nil&gt;} 110 DecimalSI},scheduling.k8s.io/foo: {{5 0} {&lt;nil&gt;} 5 DecimalSI},},Allocatable:ResourceList{cpu: {{8 0} {&lt;nil&gt;} 8 DecimalSI},ephemeral-storage: {{188937329966 0} {&lt;nil&gt;} 188937329966 DecimalSI},example.com/fakecpu: {{1 3} {&lt;nil&gt;} 1k DecimalSI},hugepages-1Gi: {{0 0} {&lt;nil&gt;} 0 DecimalSI},hugepages-2Mi: {{0 0} {&lt;nil&gt;} 0 DecimalSI},memory: {{16551424000 0} {&lt;nil&gt;} 16163500Ki BinarySI},pods: {{110 0} {&lt;nil&gt;} 110 DecimalSI},scheduling.k8s.io/foo: {{5 0} {&lt;nil&gt;} 5 DecimalSI},},Phase:,Conditions:[]NodeCondition{NodeCondition{Type:NetworkUnavailable,Status:False,LastHeartbeatTime:2022-07-10 14:28:16 +0000 UTC,LastTransitionTime:2022-07-10 14:28:16 +0000 UTC,Reason:FlannelIsUp,Message:Flannel is running on this node,},NodeCondition{Type:MemoryPressure,Status:False,LastHeartbeatTime:2022-07-24 13:37:32 +0000 UTC,LastTransitionTime:2022-07-05 02:22:48 +0000 UTC,Reason:KubeletHasSufficientMemory,Message:kubelet has sufficient memory available,},NodeCondition{Type:DiskPressure,Status:False,LastHeartbeatTime:2022-07-24 13:37:32 +0000 UTC,LastTransitionTime:2022-07-05 02:22:48 +0000 UTC,Reason:KubeletHasNoDiskPressure,Message:kubelet has no disk pressure,},NodeCondition{Type:PIDPressure,Status:False,LastHeartbeatTime:2022-07-24 13:37:32 +0000 UTC,LastTransitionTime:2022-07-05 02:22:48 +0000 UTC,Reason:KubeletHasSufficientPID,Message:kubelet has sufficient PID available,},NodeCondition{Type:Ready,Status:True,LastHeartbeatTime:2022-07-24 13:37:32 +0000 UTC,LastTransitionTime:2022-07-24 13:37:32 +0000 UTC,Reason:KubeletReady,Message:kubelet is posting ready status,},},Addresses:[]NodeAddress{NodeAddress{Type:InternalIP,Address:192.168.132.213,},NodeAddress{Type:Hostname,Address:k8s-node03,},},DaemonEndpoints:NodeDaemonEndpoints{KubeletEndpoint:DaemonEndpoint{Port:10250,},},NodeInfo:NodeSystemInfo{MachineID:5c4f44645c224c32b2e13018f4b1e6fe,SystemUUID:363F4D56-1C03-892D-B6DD-88BC8E04D266,BootID:cd76da84-f7b8-4e6c-b632-bf887a8547ba,KernelVersion:3.10.0-1160.el7.x86_64,OSImage:CentOS Linux 7 (Core),ContainerRuntimeVersion:docker://20.10.12,KubeletVersion:v1.22.3,KubeProxyVersion:v1.22.3,OperatingSystem:linux,Architecture:amd64,},Images:[]ContainerImage{ContainerImage{Names:[k8s.gcr.io/e2e-test-images/cuda-vector-add:2.2],SizeBytes:2579956550,},ContainerImage{Names:[k8s.gcr.io/e2e-test-images/cuda-vector-add:1.0],SizeBytes:2047006036,},ContainerImage{Names:[gcr.io/kubernetes-e2e-test-images/cuda-vector-add:1.0],SizeBytes:2016942040,},ContainerImage{Names:[registry.cn-qingdao.aliyuncs.com/metersphere/seleniarm-grid-all:4.1.4-20220519],SizeBytes:1904652549,},ContainerImage{Names:[k8s.gcr.io/e2e-test-images/node-perf/tf-wide-deep:1.1],SizeBytes:1631128450,},ContainerImage{Names:[harbor.moresec.cn/ksp/webshell_srv@sha256:52331f042d9b722692b7d1e7d39bad602f0755a948b8a439b4a27c4c0fae045f harbor.moresec.cn/ksp/webshell_srv:2.2.0 harbor.moresec.cn/ksp/webshell_srv:latest],SizeBytes:981080070,},ContainerImage{Names:[golang@sha256:e06c83493ef6d69c95018da90f2887bf337470db074d3c648b8b648d8e3c441e golang:latest],SizeBytes:940801393,},ContainerImage{Names:[k8s.gcr.io/e2e-test-images/perl:5.26],SizeBytes:853225645,},ContainerImage{Names:[k8s.gcr.io/e2e-test-images/volume/rbd:1.0.3],SizeBytes:751897580,},ContainerImage{Names:[istio/examples-bookinfo-reviews-v1@sha256:d1b8447be70549f1f7303f266d88c16112e2695cc110603fdb1c8ee432a627bf istio/examples-bookinfo-reviews-v1:1.16.2],SizeBytes:693666078,},ContainerImage{Names:[docker-dev.moresec.cn:10443/ksp/sc_worker@sha256:3a05b8285428e9559bc9cf50da00e8239dac3c86882dce41965debd7ec996362 harbor.moresec.cn/sca_k8s/sc_worker@sha256:3a05b8285428e9559bc9cf50da00e8239dac3c86882dce41965debd7ec996362 docker-dev.moresec.cn:10443/ksp/sc_worker:1.2.4 harbor.moresec.cn/sca_k8s/sc_worker:1.2.4],SizeBytes:649910709,},ContainerImage{Names:[docker-dev.moresec.cn:10443/ksp/ksp_init@sha256:9e658148b745bcc5131d6f68e0d2d7388c27faf5bc861b13e8272fdaeb4408b1 docker-dev.moresec.cn:10443/ksp/ksp_init:2.1.0],SizeBytes:628261780,},ContainerImage{Names:[registry.cn-qingdao.aliyuncs.com/metersphere/metersphere:v1.20.6-lts],SizeBytes:610265209,},ContainerImage{Names:[harbor.moresec.cn/ksp/ksp_agent@sha256:c1932469dedf0835e9ad565f029513d9c0d005811f0832bfb7b661f7483ac72c],SizeBytes:602699860,},ContainerImage{Names:[docker-dev.moresec.cn:10443/ksp/ksp_agent@sha256:5334579fdffbc7898576b6fa09dee2011dafdc9b1fc0fa3f4856fb5c4ae4930b docker-dev.moresec.cn:10443/ksp/ksp_agent:latest],SizeBytes:602398865,},ContainerImage{Names:[registry.cn-qingdao.aliyuncs.com/metersphere/kafka:2],SizeBytes:584842926,},ContainerImage{Names:[docker-dev.moresec.cn:10443/ksp/kafka@sha256:33751847bde5c37fe0f329b73ed12ee92eeb27783035d91b03ffdb93c3e6fb65 docker-dev.moresec.cn:10443/ksp/kafka:2.8.1],SizeBytes:584811800,},ContainerImage{Names:[registry.cn-qingdao.aliyuncs.com/metersphere/jmeter-master:5.4.3-ms6-jdk11],SizeBytes:575005331,},ContainerImage{Names:[kennethreitz/httpbin@sha256:599fe5e5073102dbb0ee3dbb65f049dab44fa9fc251f6835c9990f8fb196a72b kennethreitz/httpbin:latest],SizeBytes:533651313,},ContainerImage{Names:[registry.cn-qingdao.aliyuncs.com/metersphere/ms-node-controller:v1.20.6-lts],SizeBytes:530934282,},ContainerImage{Names:[bitnami/fluentd@sha256:573b98fb93057d1fd484724253d445f76dfbf1b3f68816b0414e75e07d84dfb4 harbor.moresec.cn/ksp/fluentd@sha256:573b98fb93057d1fd484724253d445f76dfbf1b3f68816b0414e75e07d84dfb4 bitnami/fluentd:1.14.2-debian-10-r9 harbor.moresec.cn/ksp/fluentd:1.14.2-debian-10-r9],SizeBytes:508732919,},ContainerImage{Names:[harbor.moresec.cn/ksp/ksp_agent@sha256:f96a653e88fcf5b71a82e603da3ace5e774c9dd4e37dcdfc7a1db3ce87267245 harbor.moresec.cn/ksp/ksp_agent:latest],SizeBytes:495969065,},ContainerImage{Names:[harbor.moresec.cn/ksp/ksp_agent@sha256:62d75a6961ee50b7bbea1eeb9a835b8809fbf868cda8ea7e30c57a871fe36ae4],SizeBytes:495943489,},ContainerImage{Names:[harbor.moresec.cn/ksp/ksp_agent@sha256:4244293c22c6871d040fd67f559b8d44a93291a5c83c8f8ebb541fdb077fbc77],SizeBytes:495920142,},ContainerImage{Names:[harbor.moresec.cn/ksp/ksp_agent@sha256:fcc1e1c17304da836dad3777e003799b77df4b754168079b43b23e7dfd8e2921],SizeBytes:495919990,},ContainerImage{Names:[docker-dev.moresec.cn:10443/ksp/ksp_agent@sha256:36abcc9dd9a4fd2ee9cc6a7332df5e906d9d785e8100e7cc252fa18880c9bf3f docker-dev.moresec.cn:10443/ksp/ksp_agent:2.1.0],SizeBytes:491617343,},ContainerImage{Names:[docker-dev.moresec.cn:10443/ksp/ksp_agent@sha256:70debd6986cfcb0361a0220aa9a3df8f74f3ab7cd097450bfedeb1d1f125021e docker-dev.moresec.cn:10443/ksp/ksp_agent:debug],SizeBytes:491553819,},ContainerImage{Names:[tomcat@sha256:df634a0b4a2a61069521c4681609423b3794d2a3120821b92f346710450ad344 tomcat:latest],SizeBytes:482781027,},ContainerImage{Names:[tomcat@sha256:8ba062f472d7dbde11458d257f3a251af89c38bf96f0b9b60683ff440491cb5c tomcat:8],SizeBytes:481266517,},ContainerImage{Names:[192.168.132.114/iast/iast@sha256:d70b9b55f733826235411c55b7da72d79ad3981653665b0fcd9cfd8c2375d795 192.168.132.114/iast/iast:latest],SizeBytes:479554901,},ContainerImage{Names:[docker-dev.moresec.cn:10443/ksp/influxdb@sha256:4d688fb9837fcfb84ac4cdd65215e06c2c98cac743ffbbddde8a735d4ef1f707 docker-dev.moresec.cn:10443/ksp/influxdb:2.0.9-debian-10-r5],SizeBytes:468207544,},ContainerImage{Names:[docker-dev.moresec.cn:10443/ksp/zookeeper@sha256:3f077ee4e6b2ff601c2344b1bd007e752ad3ca66550eaf41604e290a02bb92c7 docker-dev.moresec.cn:10443/ksp/zookeeper:3.7.0-debian-10-r68],SizeBytes:468025553,},ContainerImage{Names:[docker-dev.moresec.cn:10443/ksp/zookeeper@sha256:48d32c70549cdddb608dea0b66ce3d9472e20794cf295a6c32df0c37df3a14c1 docker-dev.moresec.cn:10443/ksp/zookeeper:3.6.3],SizeBytes:467282205,},ContainerImage{Names:[harbor.moresec.cn/ksp/mongodb@sha256:fd56fed5a87feb1a9f18e7d31362518a30b7a31fa053e0d6faca281e223d75ce harbor.moresec.cn/ksp/mongodb:4.4.5-debian-10-r0],SizeBytes:453660053,},ContainerImage{Names:[registry.cn-qingdao.aliyuncs.com/metersphere/zookeeper:3],SizeBytes:450669889,},ContainerImage{Names:[jenkins/inbound-agent@sha256:fd03ca26dbc0745eef54d0919df1f4d030d0bb5da8befaad84bd22f649f1e26b jenkins/inbound-agent:4.11-1-jdk8],SizeBytes:449034389,},ContainerImage{Names:[registry.cn-qingdao.aliyuncs.com/metersphere/mysql:5.7.33],SizeBytes:448709496,},ContainerImage{Names:[harbor.moresec.cn/ksp/sav_service@sha256:1cded1904d167b240f4821e7bc63745478991000e7715d5c4eecc134c25bb8ad harbor.moresec.cn/ksp/sav_service:2.2.0 harbor.moresec.cn/ksp/sav_service:latest],SizeBytes:434790033,},ContainerImage{Names:[harbor.moresec.cn/ksp/ksp_agent@sha256:0fa5495795843bd5d69156d87b2d1c8ba34758af85fcd472ec6ad0daba56fe26],SizeBytes:433527765,},ContainerImage{Names:[harbor.moresec.cn/ksp/ksp_agent@sha256:7fc828e5732309187da20a9a025a142f8229f04087601a9fad119c3724ab6e92 harbor.moresec.cn/ksp/ksp_agent:2.2.0],SizeBytes:433527765,},ContainerImage{Names:[harbor.moresec.cn/ksp/ksp_agent@sha256:b6455a0f39f08b39b5ee701bbcfb11edb8484478bfe44f30a3a48f041ea504b1],SizeBytes:433527765,},ContainerImage{Names:[k8s.gcr.io/e2e-test-images/volume/iscsi:2.2],SizeBytes:414158129,},ContainerImage{Names:[k8s.gcr.io/sig-storage/nfs-provisioner:v2.2.2],SizeBytes:391702539,},ContainerImage{Names:[docker-dev.moresec.cn:10443/ksp/ksp_agent@sha256:fee3f2661f343139839f62ece13d4749d6f6d03aa748ce4467c7ed97eeca36ed docker-dev.moresec.cn:10443/ksp/ksp_agent:1.4.1],SizeBytes:391574036,},ContainerImage{Names:[kubesphere/ks-installer@sha256:749f1ed10c672ae460f79932553ac5ba321b98df972b778041dc2cc7402dd478 kubesphere/ks-installer:v3.2.1],SizeBytes:383453543,},ContainerImage{Names:[k8s.gcr.io/e2e-test-images/glusterdynamic-provisioner:v1.0],SizeBytes:373269502,},ContainerImage{Names:[k8s.gcr.io/e2e-test-images/volume/gluster:1.2],SizeBytes:340272046,},ContainerImage{Names:[bitnami/fluentd@sha256:1929a66b95c98cc074242933b9367e1194724c5e7019d0c9738523ab6af8f097 bitnami/fluentd:latest],SizeBytes:339523678,},ContainerImage{Names:[sonobuoy/systemd-logs:v0.4],SizeBytes:314068873,},ContainerImage{Names:[registry.cn-qingdao.aliyuncs.com/metersphere/ms-data-streaming:v1.20.6-lts],SizeBytes:306751358,},},VolumesInUse:[],VolumesAttached:[]AttachedVolume{},Config:nil,},}&#xA;Jul 24 13:37:56.216: INFO: &#xA;Logging kubelet events for node k8s-node03&#xA;Jul 24 13:37:56.227: INFO: &#xA;Logging pods the kubelet thinks is on node k8s-node03&#xA;Jul 24 13:37:56.270: INFO: node-exporter-f9m2n started at 2022-07-08 03:28:45 +0000 UTC (0+2 container statuses recorded)&#xA;Jul 24 13:37:56.270: INFO: &#x9;Container kube-rbac-proxy ready: true, restart count 0&#xA;Jul 24 13:37:56.270: INFO: &#x9;Container node-exporter ready: true, restart count 0&#xA;Jul 24 13:37:56.270: INFO: mytomcat-bb7b6978b-55lfk started at 2022-07-14 09:47:13 +0000 UTC (0+1 container statuses recorded)&#xA;Jul 24 13:37:56.270: INFO: &#x9;Container mytomcat ready: true, restart count 0&#xA;Jul 24 13:37:56.270: INFO: ksp-mongodb-0 started at 2022-07-10 14:28:11 +0000 UTC (0+1 container statuses recorded)&#xA;Jul 24 13:37:56.270: INFO: &#x9;Container mongodb ready: true, restart count 0&#xA;Jul 24 13:37:56.270: INFO: sonobuoy-systemd-logs-daemon-set-bb55de94825d4876-wswjk started at 2022-07-24 11:16:54 +0000 UTC (0+2 container statuses recorded)&#xA;Jul 24 13:37:56.270: INFO: &#x9;Container sonobuoy-worker ready: true, restart count 0&#xA;Jul 24 13:37:56.270: INFO: &#x9;Container systemd-logs ready: true, restart count 0&#xA;Jul 24 13:37:56.270: INFO: kube-proxy-wr6vf started at 2022-07-05 02:22:49 +0000 UTC (0+1 container statuses recorded)&#xA;Jul 24 13:37:56.270: INFO: &#x9;Container kube-proxy ready: true, restart count 0&#xA;Jul 24 13:37:56.270: INFO: ksp-cluster-manager-67476c9b6c-7slls started at 2022-07-20 02:40:20 +0000 UTC (0+1 container statuses recorded)&#xA;Jul 24 13:37:56.270: INFO: &#x9;Container cluster-manager ready: true, restart count 8&#xA;Jul 24 13:37:56.270: INFO: nginx-deployment-66b6c48dd5-2kksf started at 2022-07-20 02:40:22 +0000 UTC (0+1 container statuses recorded)&#xA;Jul 24 13:37:56.270: INFO: &#x9;Container nginx ready: true, restart count 0&#xA;Jul 24 13:37:56.270: INFO: ksp-account-647659d74f-vq9lh started at 2022-07-20 02:40:23 +0000 UTC (0+2 container statuses recorded)&#xA;Jul 24 13:37:56.270: INFO: &#x9;Container account-gateway ready: true, restart count 0&#xA;Jul 24 13:37:56.270: INFO: &#x9;Container account-server ready: true, restart count 0&#xA;Jul 24 13:37:56.270: INFO: gatekeeper-controller-manager-6566df6878-lqlww started at 2022-07-24 12:39:15 +0000 UTC (0+1 container statuses recorded)&#xA;Jul 24 13:37:56.270: INFO: &#x9;Container manager ready: true, restart count 0&#xA;Jul 24 13:37:56.270: INFO: ksp-controller-85dc685ddc-swvhm started at 2022-07-24 12:39:16 +0000 UTC (0+1 container statuses recorded)&#xA;Jul 24 13:37:56.270: INFO: &#x9;Container controller ready: true, restart count 0&#xA;Jul 24 13:37:56.270: INFO: tomcat-ttt45-6c575b65c4-h2fgc started at 2022-07-24 12:39:26 +0000 UTC (0+1 container statuses recorded)&#xA;Jul 24 13:37:56.270: INFO: &#x9;Container tomcat-ttt45 ready: true, restart count 0&#xA;Jul 24 13:37:56.270: INFO: kube-flannel-ds-9bdvn started at 2022-07-10 14:28:10 +0000 UTC (2+1 container statuses recorded)&#xA;Jul 24 13:37:56.270: INFO: &#x9;Init container install-cni-plugin ready: true, restart count 0&#xA;Jul 24 13:37:56.270: INFO: &#x9;Init container install-cni ready: true, restart count 0&#xA;Jul 24 13:37:56.270: INFO: &#x9;Container kube-flannel ready: true, restart count 0&#xA;Jul 24 13:37:56.270: INFO: ksp-image-scanner-855f89657c-2gr9n started at 2022-07-18 06:47:00 +0000 UTC (0+3 container statuses recorded)&#xA;Jul 24 13:37:56.270: INFO: &#x9;Container image-scanner ready: true, restart count 0&#xA;Jul 24 13:37:56.270: INFO: &#x9;Container sav-service ready: true, restart count 0&#xA;Jul 24 13:37:56.270: INFO: &#x9;Container webshell-srv ready: true, restart count 0&#xA;Jul 24 13:37:56.270: INFO: metrics-server-687cb5444-nsqpc started at 2022-07-20 02:40:22 +0000 UTC (0+1 container statuses recorded)&#xA;Jul 24 13:37:56.270: INFO: &#x9;Container metrics-server ready: true, restart count 3&#xA;Jul 24 13:37:56.270: INFO: ksp-gateway-5d5784b6ff-jdwgp started at 2022-07-20 11:56:20 +0000 UTC (0+1 container statuses recorded)&#xA;Jul 24 13:37:56.270: INFO: &#x9;Container gateway ready: true, restart count 7&#xA;Jul 24 13:37:56.270: INFO: gatekeeper-audit-8b65cf5d5-hnlqb started at 2022-07-24 12:39:15 +0000 UTC (0+1 container statuses recorded)&#xA;Jul 24 13:37:56.270: INFO: &#x9;Container manager ready: true, restart count 0&#xA;Jul 24 13:37:56.270: INFO: ubuntu-deployment-docker-sock-f7dc65cf-bh4cm started at 2022-07-15 07:29:35 +0000 UTC (0+1 container statuses recorded)&#xA;Jul 24 13:37:56.270: INFO: &#x9;Container ubuntu-docker-sock ready: true, restart count 0&#xA;Jul 24 13:37:56.270: INFO: revshell-7448cf7f48-9lrt9 started at 2022-07-24 12:39:16 +0000 UTC (0+1 container statuses recorded)&#xA;Jul 24 13:37:56.270: INFO: &#x9;Container revshell ready: true, restart count 0&#xA;Jul 24 13:37:56.270: INFO: gatekeeper-controller-manager-6566df6878-tsd9p started at 2022-07-20 02:40:21 +0000 UTC (0+1 container statuses recorded)&#xA;Jul 24 13:37:56.270: INFO: &#x9;Container manager ready: true, restart count 0&#xA;Jul 24 13:37:56.270: INFO: ksp-web-6544f958bf-kg5jx started at 2022-07-20 02:40:22 +0000 UTC (0+1 container statuses recorded)&#xA;Jul 24 13:37:56.270: INFO: &#x9;Container web ready: true, restart count 0&#xA;Jul 24 13:37:56.270: INFO: mytomcat-bb7b6978b-4strb started at 2022-07-14 09:47:13 +0000 UTC (0+1 container statuses recorded)&#xA;Jul 24 13:37:56.270: INFO: &#x9;Container mytomcat ready: true, restart count 0&#xA;Jul 24 13:37:56.270: INFO: static-web started at 2022-07-12 05:43:17 +0000 UTC (0+1 container statuses recorded)&#xA;Jul 24 13:37:56.270: INFO: &#x9;Container web ready: true, restart count 0&#xA;Jul 24 13:37:56.270: INFO: ksp-cluster-agent-7fb968c996-fxb7g started at 2022-07-20 11:56:22 +0000 UTC (0+1 container statuses recorded)&#xA;Jul 24 13:37:56.270: INFO: &#x9;Container cluster-agent ready: true, restart count 11&#xA;Jul 24 13:37:56.270: INFO: kubectl-test-7d8d6cb4fd-bqbnm started at 2022-07-24 12:39:15 +0000 UTC (0+1 container statuses recorded)&#xA;Jul 24 13:37:56.270: INFO: &#x9;Container kubectl ready: true, restart count 0&#xA;Jul 24 13:37:56.270: INFO: kubectl-nibaba-b45bd6bd5-wwcvd started at 2022-07-24 12:39:16 +0000 UTC (0+1 container statuses recorded)&#xA;Jul 24 13:37:56.270: INFO: &#x9;Container kubectl ready: true, restart count 0&#xA;Jul 24 13:37:56.270: INFO: kube-state-metrics-7bdc7484cf-fswtg started at 2022-07-24 12:39:16 +0000 UTC (0+3 container statuses recorded)&#xA;Jul 24 13:37:56.270: INFO: &#x9;Container kube-rbac-proxy-main ready: true, restart count 0&#xA;Jul 24 13:37:56.270: INFO: &#x9;Container kube-rbac-proxy-self ready: true, restart count 0&#xA;Jul 24 13:37:56.270: INFO: &#x9;Container kube-state-metrics ready: true, restart count 0&#xA;Jul 24 13:37:56.270: INFO: mytomcat-bb7b6978b-9p9m7 started at 2022-07-14 09:47:13 +0000 UTC (0+1 container statuses recorded)&#xA;Jul 24 13:37:56.270: INFO: &#x9;Container mytomcat ready: true, restart count 0&#xA;Jul 24 13:37:56.270: INFO: mytomcat-bb7b6978b-b7mp4 started at 2022-07-14 09:47:13 +0000 UTC (0+1 container statuses recorded)&#xA;Jul 24 13:37:56.270: INFO: &#x9;Container mytomcat ready: true, restart count 0&#xA;Jul 24 13:37:56.270: INFO: mytomcat-bb7b6978b-g9tgt started at 2022-07-14 09:47:13 +0000 UTC (0+1 container statuses recorded)&#xA;Jul 24 13:37:56.270: INFO: &#x9;Container mytomcat ready: true, restart count 0&#xA;Jul 24 13:37:56.357: INFO: &#xA;Latency metrics for node k8s-node03&#xA;Jul 24 13:37:56.357: INFO: &#xA;Logging node info for node kubernetes-master&#xA;Jul 24 13:37:56.512: INFO: Node Info: &amp;Node{ObjectMeta:{kubernetes-master    3aced625-2825-4266-8394-8b39739b3fbd 5726630 0 2022-07-05 02:21:30 +0000 UTC &lt;nil&gt; &lt;nil&gt; map[beta.kubernetes.io/arch:amd64 beta.kubernetes.io/os:linux kubernetes.io/arch:amd64 kubernetes.io/hostname:kubernetes-master kubernetes.io/os:linux node-role.kubernetes.io/control-plane: node-role.kubernetes.io/master: node.kubernetes.io/exclude-from-external-load-balancers:] map[flannel.alpha.coreos.com/backend-data:{&#34;VNI&#34;:1,&#34;VtepMAC&#34;:&#34;5e:f9:56:8e:68:51&#34;} flannel.alpha.coreos.com/backend-type:vxlan flannel.alpha.coreos.com/kube-subnet-manager:true flannel.alpha.coreos.com/public-ip:192.168.132.10 kubeadm.alpha.kubernetes.io/cri-socket:/var/run/dockershim.sock node.alpha.kubernetes.io/ttl:0 volumes.kubernetes.io/controller-managed-attach-detach:true] [] []  [{kubelet Update v1 2022-07-05 02:21:30 +0000 UTC FieldsV1 {&#34;f:metadata&#34;:{&#34;f:annotations&#34;:{&#34;.&#34;:{},&#34;f:volumes.kubernetes.io/controller-managed-attach-detach&#34;:{}},&#34;f:labels&#34;:{&#34;.&#34;:{},&#34;f:beta.kubernetes.io/arch&#34;:{},&#34;f:beta.kubernetes.io/os&#34;:{},&#34;f:kubernetes.io/arch&#34;:{},&#34;f:kubernetes.io/hostname&#34;:{},&#34;f:kubernetes.io/os&#34;:{}}}} } {kubeadm Update v1 2022-07-05 02:21:36 +0000 UTC FieldsV1 {&#34;f:metadata&#34;:{&#34;f:annotations&#34;:{&#34;f:kubeadm.alpha.kubernetes.io/cri-socket&#34;:{}},&#34;f:labels&#34;:{&#34;f:node-role.kubernetes.io/control-plane&#34;:{},&#34;f:node-role.kubernetes.io/master&#34;:{},&#34;f:node.kubernetes.io/exclude-from-external-load-balancers&#34;:{}}}} } {flanneld Update v1 2022-07-05 02:25:44 +0000 UTC FieldsV1 {&#34;f:metadata&#34;:{&#34;f:annotations&#34;:{&#34;f:flannel.alpha.coreos.com/backend-data&#34;:{},&#34;f:flannel.alpha.coreos.com/backend-type&#34;:{},&#34;f:flannel.alpha.coreos.com/kube-subnet-manager&#34;:{},&#34;f:flannel.alpha.coreos.com/public-ip&#34;:{}}},&#34;f:status&#34;:{&#34;f:conditions&#34;:{&#34;k:{\&#34;type\&#34;:\&#34;NetworkUnavailable\&#34;}&#34;:{&#34;.&#34;:{},&#34;f:lastHeartbeatTime&#34;:{},&#34;f:lastTransitionTime&#34;:{},&#34;f:message&#34;:{},&#34;f:reason&#34;:{},&#34;f:status&#34;:{},&#34;f:type&#34;:{}}}}} status} {kube-controller-manager Update v1 2022-07-05 02:25:51 +0000 UTC FieldsV1 {&#34;f:metadata&#34;:{&#34;f:annotations&#34;:{&#34;f:node.alpha.kubernetes.io/ttl&#34;:{}}},&#34;f:spec&#34;:{&#34;f:podCIDR&#34;:{},&#34;f:podCIDRs&#34;:{&#34;.&#34;:{},&#34;v:\&#34;10.244.0.0/24\&#34;&#34;:{}},&#34;f:taints&#34;:{}}} } {kubelet Update v1 2022-07-06 11:03:09 +0000 UTC FieldsV1 {&#34;f:status&#34;:{&#34;f:allocatable&#34;:{&#34;f:ephemeral-storage&#34;:{}},&#34;f:conditions&#34;:{&#34;k:{\&#34;type\&#34;:\&#34;DiskPressure\&#34;}&#34;:{&#34;f:lastHeartbeatTime&#34;:{},&#34;f:lastTransitionTime&#34;:{},&#34;f:message&#34;:{},&#34;f:reason&#34;:{},&#34;f:status&#34;:{}},&#34;k:{\&#34;type\&#34;:\&#34;MemoryPressure\&#34;}&#34;:{&#34;f:lastHeartbeatTime&#34;:{}},&#34;k:{\&#34;type\&#34;:\&#34;PIDPressure\&#34;}&#34;:{&#34;f:lastHeartbeatTime&#34;:{}},&#34;k:{\&#34;type\&#34;:\&#34;Ready\&#34;}&#34;:{&#34;f:lastHeartbeatTime&#34;:{},&#34;f:lastTransitionTime&#34;:{},&#34;f:message&#34;:{},&#34;f:reason&#34;:{},&#34;f:status&#34;:{}}},&#34;f:images&#34;:{}}} status}]},Spec:NodeSpec{PodCIDR:10.244.0.0/24,DoNotUseExternalID:,ProviderID:,Unschedulable:false,Taints:[]Taint{Taint{Key:node-role.kubernetes.io/master,Value:,Effect:NoSchedule,TimeAdded:&lt;nil&gt;,},},ConfigSource:nil,PodCIDRs:[10.244.0.0/24],},Status:NodeStatus{Capacity:ResourceList{cpu: {{8 0} {&lt;nil&gt;} 8 DecimalSI},ephemeral-storage: {{64393052160 0} {&lt;nil&gt;} 61410Mi BinarySI},hugepages-1Gi: {{0 0} {&lt;nil&gt;} 0 DecimalSI},hugepages-2Mi: {{0 0} {&lt;nil&gt;} 0 DecimalSI},memory: {{16363429888 0} {&lt;nil&gt;}  BinarySI},pods: {{110 0} {&lt;nil&gt;} 110 DecimalSI},},Allocatable:ResourceList{cpu: {{8 0} {&lt;nil&gt;} 8 DecimalSI},ephemeral-storage: {{57953746849 0} {&lt;nil&gt;} 57953746849 DecimalSI},hugepages-1Gi: {{0 0} {&lt;nil&gt;} 0 DecimalSI},hugepages-2Mi: {{0 0} {&lt;nil&gt;} 0 DecimalSI},memory: {{16258572288 0} {&lt;nil&gt;}  BinarySI},pods: {{110 0} {&lt;nil&gt;} 110 DecimalSI},},Phase:,Conditions:[]NodeCondition{NodeCondition{Type:NetworkUnavailable,Status:False,LastHeartbeatTime:2022-07-20 13:10:37 +0000 UTC,LastTransitionTime:2022-07-20 13:10:37 +0000 UTC,Reason:FlannelIsUp,Message:Flannel is running on this node,},NodeCondition{Type:MemoryPressure,Status:False,LastHeartbeatTime:2022-07-24 13:35:42 +0000 UTC,LastTransitionTime:2022-07-05 02:21:27 +0000 UTC,Reason:KubeletHasSufficientMemory,Message:kubelet has sufficient memory available,},NodeCondition{Type:DiskPressure,Status:False,LastHeartbeatTime:2022-07-24 13:35:42 +0000 UTC,LastTransitionTime:2022-07-20 14:01:09 +0000 UTC,Reason:KubeletHasNoDiskPressure,Message:kubelet has no disk pressure,},NodeCondition{Type:PIDPressure,Status:False,LastHeartbeatTime:2022-07-24 13:35:42 +0000 UTC,LastTransitionTime:2022-07-05 02:21:27 +0000 UTC,Reason:KubeletHasSufficientPID,Message:kubelet has sufficient PID available,},NodeCondition{Type:Ready,Status:True,LastHeartbeatTime:2022-07-24 13:35:42 +0000 UTC,LastTransitionTime:2022-07-05 02:25:51 +0000 UTC,Reason:KubeletReady,Message:kubelet is posting ready status,},},Addresses:[]NodeAddress{NodeAddress{Type:InternalIP,Address:192.168.132.10,},NodeAddress{Type:Hostname,Address:kubernetes-master,},},DaemonEndpoints:NodeDaemonEndpoints{KubeletEndpoint:DaemonEndpoint{Port:10250,},},NodeInfo:NodeSystemInfo{MachineID:fb3827e59f7a404da989f5baad81fd64,SystemUUID:8b0a8320-771a-e911-ad96-a4bf015b202c,BootID:77d5ca0b-5426-4224-bce2-bf7a7e52dec4,KernelVersion:5.4.132-1.el7.elrepo.x86_64,OSImage:CentOS Linux 7 (Core),ContainerRuntimeVersion:docker://20.10.7,KubeletVersion:v1.22.3,KubeProxyVersion:v1.22.3,OperatingSystem:linux,Architecture:amd64,},Images:[]ContainerImage{ContainerImage{Names:[k8s.gcr.io/e2e-test-images/cuda-vector-add:2.2],SizeBytes:2579956550,},ContainerImage{Names:[k8s.gcr.io/e2e-test-images/cuda-vector-add:1.0],SizeBytes:2047006036,},ContainerImage{Names:[k8s.gcr.io/e2e-test-images/node-perf/tf-wide-deep:1.1],SizeBytes:1631128450,},ContainerImage{Names:[rancher/rancher@sha256:f411ee37efa38d7891c11ecdd5c60ca73eb03dcd32296678af808f6b4ecccfff rancher/rancher:latest],SizeBytes:1162893124,},ContainerImage{Names:[k8s.gcr.io/e2e-test-images/perl:5.26],SizeBytes:853225645,},ContainerImage{Names:[k8s.gcr.io/e2e-test-images/volume/rbd:1.0.3],SizeBytes:751897580,},ContainerImage{Names:[mongo@sha256:05678ae4e5e1df9f4b7d89c102fe55b1ef156bb8ba148b156ddb98549f8efe90 mongo:4.4],SizeBytes:438075000,},ContainerImage{Names:[harbor.moresec.cn/ksp/ksp_agent@sha256:430f8d70e0cb67a7925c6d7b4555344c478ab2130274b78e672c8ad9cad7bf2a harbor.moresec.cn/ksp/ksp_agent:laishang],SizeBytes:433318869,},ContainerImage{Names:[k8s.gcr.io/e2e-test-images/volume/iscsi:2.2],SizeBytes:414158129,},ContainerImage{Names:[k8s.gcr.io/sig-storage/nfs-provisioner:v2.2.2],SizeBytes:391702539,},ContainerImage{Names:[k8s.gcr.io/e2e-test-images/glusterdynamic-provisioner:v1.0],SizeBytes:373269502,},ContainerImage{Names:[k8s.gcr.io/e2e-test-images/volume/gluster:1.2],SizeBytes:340272046,},ContainerImage{Names:[sonobuoy/systemd-logs:v0.4],SizeBytes:314068873,},ContainerImage{Names:[192.168.132.114/tmp/evilubuntu@sha256:58336cde8066674f39fba51c804ab7c6c6dce71bf9f98f3f4153fd7fb83a2aaf 192.168.11.148/library/evilubuntu:0.1 192.168.132.114/tmp/evilubuntu:0.1],SizeBytes:305572424,},ContainerImage{Names:[registry.aliyuncs.com/google_containers/etcd@sha256:9ce33ba33d8e738a5b85ed50b5080ac746deceed4a7496c550927a7a19ca3b6d registry.cn-hangzhou.aliyuncs.com/google_containers/etcd@sha256:9ce33ba33d8e738a5b85ed50b5080ac746deceed4a7496c550927a7a19ca3b6d registry.aliyuncs.com/google_containers/etcd:3.5.0-0 registry.cn-hangzhou.aliyuncs.com/google_containers/etcd:3.5.0-0],SizeBytes:294520669,},ContainerImage{Names:[192.168.132.114/revshell/revshell@sha256:9b67dba407ee84b9c44b25000faab4b15234d348853ce5e51a7eb7dcefedcc26],SizeBytes:271797518,},ContainerImage{Names:[192.168.132.114/revshell/revshell@sha256:6d8b31f77b52acd39735757cc52d138f343fc49ea76772d4fac615d6064b5978 192.168.132.114/revshell/revshell:latest revshell:latest],SizeBytes:271797514,},ContainerImage{Names:[192.168.132.114/revshell/listen@sha256:e51b45cdcf6314fabe93ef6b0dda4062713628b951f948aac56154c2e092bd18 192.168.132.114/revshell/listen:latest listen:latest],SizeBytes:271796301,},ContainerImage{Names:[k8s.gcr.io/e2e-test-images/volume/nfs:1.2],SizeBytes:263870626,},ContainerImage{Names:[k8s.gcr.io/etcd:3.4.13-0],SizeBytes:253376083,},ContainerImage{Names:[k8s.gcr.io/e2e-test-images/jessie-dnsutils:1.4],SizeBytes:253346057,},ContainerImage{Names:[k8s.gcr.io/conformance:v1.22.3 registry.k8s.io/conformance:v1.22.3],SizeBytes:246064443,},ContainerImage{Names:[192.168.132.114/process/process@sha256:b08bcadd231b62eba8913d7f9b7ef6a54087fedec3a52607decd86aae014330a 192.168.132.114/process/process:latest process:latest],SizeBytes:231220584,},ContainerImage{Names:[centos@sha256:a27fd8080b517143cbbbab9dfb7c8571c40d67d534bbdee55bd6c473f432b177 centos:centos8 centos:latest],SizeBytes:231219825,},ContainerImage{Names:[kubesphere/ks-apiserver@sha256:711485c8710e08ba70b22ab68bf7518bd794fc69e0dffbdbfafafadbdf9d8891 kubesphere/ks-apiserver:v3.3.0],SizeBytes:191238232,},ContainerImage{Names:[192.168.132.114/escape/escape_stop_container@sha256:b6f5f4f397df6aa5efa07d7c33d10c905ed6356f4911492f4e02044727d3ee59 192.168.132.114/escape/escape_stop_container:latest escape_stop_container:latest],SizeBytes:178511418,},ContainerImage{Names:[192.168.132.114/micro/worker@sha256:0c3e148cec3fbf3f62b381f96dcb4b8dcfad7a8d4cf33a91d6c3a8484e156c4c 192.168.132.114/micro/worker:latest worker:latest],SizeBytes:178337313,},ContainerImage{Names:[kubesphere/ks-controller-manager@sha256:5f5ddc90a97b5ba2e1a502e7c4cf3b1f86aa8343792c694cb48840278e2ec72c kubesphere/ks-controller-manager:v3.3.0],SizeBytes:170565253,},ContainerImage{Names:[registry.aliyuncs.com/google_containers/kube-apiserver@sha256:6ee1c59e9c1fb570e7958e267a6993988eaa22448beb70d99de7afb21e862e9d registry.cn-hangzhou.aliyuncs.com/google_containers/kube-apiserver@sha256:6ee1c59e9c1fb570e7958e267a6993988eaa22448beb70d99de7afb21e862e9d registry.aliyuncs.com/google_containers/kube-apiserver:v1.22.3 registry.cn-hangzhou.aliyuncs.com/google_containers/kube-apiserver:v1.22.3],SizeBytes:128278355,},ContainerImage{Names:[k8s.gcr.io/e2e-test-images/httpd:2.4.39-1],SizeBytes:126871615,},ContainerImage{Names:[k8s.gcr.io/e2e-test-images/agnhost:2.32],SizeBytes:125910179,},ContainerImage{Names:[k8s.gcr.io/e2e-test-images/httpd:2.4.38-1],SizeBytes:123774598,},ContainerImage{Names:[registry.aliyuncs.com/google_containers/kube-controller-manager@sha256:e67dbfd3796b7ce04fee80acb52876928c290224a91862c5849c3ab0fa31ca78 registry.cn-hangzhou.aliyuncs.com/google_containers/kube-controller-manager@sha256:e67dbfd3796b7ce04fee80acb52876928c290224a91862c5849c3ab0fa31ca78 registry.aliyuncs.com/google_containers/kube-controller-manager:v1.22.3 registry.cn-hangzhou.aliyuncs.com/google_containers/kube-controller-manager:v1.22.3],SizeBytes:121966693,},ContainerImage{Names:[k8s.gcr.io/e2e-test-images/nautilus:1.4],SizeBytes:121728153,},ContainerImage{Names:[k8s.gcr.io/e2e-test-images/kitten:1.4],SizeBytes:121721689,},ContainerImage{Names:[kubesphere/ks-console@sha256:6ad4af3742c3ac722405fd5749ddfda517916c4da24c50eea3049dea9e9cfeda kubesphere/ks-console:v3.3.0],SizeBytes:117049268,},ContainerImage{Names:[registry.aliyuncs.com/google_containers/kube-proxy@sha256:8d0561b2e5d0ccb9c49a25e7b415bef12637a07a872703dc252c2de3b458fc4f registry.cn-hangzhou.aliyuncs.com/google_containers/kube-proxy@sha256:8d0561b2e5d0ccb9c49a25e7b415bef12637a07a872703dc252c2de3b458fc4f registry.aliyuncs.com/google_containers/kube-proxy:v1.22.3 registry.cn-hangzhou.aliyuncs.com/google_containers/kube-proxy:v1.22.3],SizeBytes:103646205,},ContainerImage{Names:[harbor.moresec.cn/ksp/core@sha256:74f2ff732eeeadb8bf3ad19a2150a3e59657787eed4eb64e39551a8388120f84 harbor.moresec.cn/ksp/core:2.2.0-laishang],SizeBytes:98283749,},ContainerImage{Names:[k8s.gcr.io/e2e-test-images/node-perf/npb-is:1.1],SizeBytes:96376839,},ContainerImage{Names:[k8s.gcr.io/e2e-test-images/node-perf/npb-ep:1.1],SizeBytes:96375039,},ContainerImage{Names:[harbor.moresec.cn/ksp/task_center@sha256:9c3fc80c9b60765fc972d400bf5221f045ca440201d265107eb7dc719b167d1a harbor.moresec.cn/ksp/task_center:2.2.0-laishang],SizeBytes:96134087,},ContainerImage{Names:[ubuntu@sha256:b6b83d3c331794420340093eb706a6f152d9c1fa51b262d9bf34594887c2c7ac ubuntu:latest],SizeBytes:77815548,},ContainerImage{Names:[harbor.moresec.cn/ksp/license@sha256:f3393bf6bf48c974a3376b039405511d33833a13493e2ad7088ea6af9c45c4aa harbor.moresec.cn/ksp/license:2.2.0],SizeBytes:65830591,},ContainerImage{Names:[k8s.gcr.io/prometheus-dummy-exporter:v0.1.0],SizeBytes:64807703,},ContainerImage{Names:[rancher/mirrored-flannelcni-flannel@sha256:9fd7f4932b7193cc5d77a3c5ed303204c8382d3a88ca07540adbf4a3e94dd868 rancher/mirrored-flannelcni-flannel:v0.18.1],SizeBytes:62242473,},ContainerImage{Names:[harbor.moresec.cn/ksp/mentor@sha256:bb7607bd46e113f7c2ddb5a7db81862ee08e95f314f7c0529ed0b092c42bead1 harbor.moresec.cn/ksp/mentor:2.2.0-laishang],SizeBytes:61978773,},ContainerImage{Names:[k8s.gcr.io/build-image/debian-iptables:buster-v1.6.5],SizeBytes:60179159,},ContainerImage{Names:[k8s.gcr.io/sd-dummy-exporter:v0.2.0],SizeBytes:58268777,},ContainerImage{Names:[k8s.gcr.io/e2e-test-images/sample-apiserver:1.17.4],SizeBytes:58167705,},ContainerImage{Names:[registry.aliyuncs.com/google_containers/kube-scheduler@sha256:cac7ea67201a84c00f3e8d9be51877c25fb539055ac404c4a9d2dd4c79d3fdab registry.cn-hangzhou.aliyuncs.com/google_containers/kube-scheduler@sha256:cac7ea67201a84c00f3e8d9be51877c25fb539055ac404c4a9d2dd4c79d3fdab registry.aliyuncs.com/google_containers/kube-scheduler:v1.22.3 registry.cn-hangzhou.aliyuncs.com/google_containers/kube-scheduler:v1.22.3],SizeBytes:52641918,},},VolumesInUse:[],VolumesAttached:[]AttachedVolume{},Config:nil,},}&#xA;Jul 24 13:37:56.513: INFO: &#xA;Logging kubelet events for node kubernetes-master&#xA;Jul 24 13:37:56.515: INFO: &#xA;Logging pods the kubelet thinks is on node kubernetes-master&#xA;Jul 24 13:37:56.533: INFO: etcd-kubernetes-master started at 2022-07-05 02:21:37 +0000 UTC (0+1 container statuses recorded)&#xA;Jul 24 13:37:56.533: INFO: &#x9;Container etcd ready: true, restart count 3&#xA;Jul 24 13:37:56.533: INFO: sonobuoy-systemd-logs-daemon-set-bb55de94825d4876-fz4gp started at 2022-07-24 11:15:36 +0000 UTC (0+2 container statuses recorded)&#xA;Jul 24 13:37:56.533: INFO: &#x9;Container sonobuoy-worker ready: true, restart count 0&#xA;Jul 24 13:37:56.533: INFO: &#x9;Container systemd-logs ready: true, restart count 0&#xA;Jul 24 13:37:56.533: INFO: ks-apiserver-7c8c448bbb-rxf55 started at 2022-07-08 03:25:11 +0000 UTC (0+1 container statuses recorded)&#xA;Jul 24 13:37:56.534: INFO: &#x9;Container ks-apiserver ready: false, restart count 0&#xA;Jul 24 13:37:56.534: INFO: ks-apiserver-7c8c448bbb-c4w4s started at 2022-07-24 12:38:12 +0000 UTC (0+1 container statuses recorded)&#xA;Jul 24 13:37:56.534: INFO: &#x9;Container ks-apiserver ready: true, restart count 0&#xA;Jul 24 13:37:56.534: INFO: coredns-7f6cbbb7b8-strff started at 2022-07-06 03:11:19 +0000 UTC (0+1 container statuses recorded)&#xA;Jul 24 13:37:56.534: INFO: &#x9;Container coredns ready: true, restart count 2&#xA;Jul 24 13:37:56.534: INFO: ks-console-54bd5bcbc6-p5cvv started at 2022-07-24 10:48:18 +0000 UTC (0+1 container statuses recorded)&#xA;Jul 24 13:37:56.534: INFO: &#x9;Container ks-console ready: true, restart count 0&#xA;Jul 24 13:37:56.534: INFO: ks-controller-manager-bdbb456f4-82fdx started at 2022-07-08 03:25:11 +0000 UTC (0+1 container statuses recorded)&#xA;Jul 24 13:37:56.534: INFO: &#x9;Container ks-controller-manager ready: false, restart count 0&#xA;Jul 24 13:37:56.534: INFO: kube-scheduler-kubernetes-master started at 2022-07-05 02:21:39 +0000 UTC (0+1 container statuses recorded)&#xA;Jul 24 13:37:56.534: INFO: &#x9;Container kube-scheduler ready: true, restart count 7&#xA;Jul 24 13:37:56.534: INFO: kube-apiserver-kubernetes-master started at 2022-07-05 10:11:17 +0000 UTC (0+1 container statuses recorded)&#xA;Jul 24 13:37:56.534: INFO: &#x9;Container kube-apiserver ready: true, restart count 8&#xA;Jul 24 13:37:56.534: INFO: ks-controller-manager-bdbb456f4-wblsj started at 2022-07-15 07:46:52 +0000 UTC (0+1 container statuses recorded)&#xA;Jul 24 13:37:56.534: INFO: &#x9;Container ks-controller-manager ready: false, restart count 1&#xA;Jul 24 13:37:56.534: INFO: coredns-7f6cbbb7b8-kjjzz started at 2022-07-06 03:11:19 +0000 UTC (0+1 container statuses recorded)&#xA;Jul 24 13:37:56.534: INFO: &#x9;Container coredns ready: true, restart count 2&#xA;Jul 24 13:37:56.534: INFO: kube-flannel-ds-7wsql started at 2022-07-05 02:25:29 +0000 UTC (2+1 container statuses recorded)&#xA;Jul 24 13:37:56.534: INFO: &#x9;Init container install-cni-plugin ready: true, restart count 2&#xA;Jul 24 13:37:56.534: INFO: &#x9;Init container install-cni ready: true, restart count 0&#xA;Jul 24 13:37:56.534: INFO: &#x9;Container kube-flannel ready: true, restart count 4&#xA;Jul 24 13:37:56.534: INFO: ks-console-54bd5bcbc6-nwfw2 started at 2022-07-15 07:46:52 +0000 UTC (0+1 container statuses recorded)&#xA;Jul 24 13:37:56.534: INFO: &#x9;Container ks-console ready: false, restart count 0&#xA;Jul 24 13:37:56.534: INFO: ks-console-54bd5bcbc6-t74kc started at 2022-07-08 03:25:11 +0000 UTC (0+1 container statuses recorded)&#xA;Jul 24 13:37:56.534: INFO: &#x9;Container ks-console ready: false, restart count 0&#xA;Jul 24 13:37:56.534: INFO: sonobuoy-e2e-job-82b0dd9ec4534543 started at 2022-07-24 11:15:35 +0000 UTC (0+2 container statuses recorded)&#xA;Jul 24 13:37:56.534: INFO: &#x9;Container e2e ready: true, restart count 0&#xA;Jul 24 13:37:56.534: INFO: &#x9;Container sonobuoy-worker ready: true, restart count 0&#xA;Jul 24 13:37:56.534: INFO: ks-apiserver-7c8c448bbb-t7h7k started at 2022-07-15 07:46:52 +0000 UTC (0+1 container statuses recorded)&#xA;Jul 24 13:37:56.534: INFO: &#x9;Container ks-apiserver ready: false, restart count 1&#xA;Jul 24 13:37:56.534: INFO: node-exporter-l9txx started at 2022-07-20 14:02:06 +0000 UTC (0+2 container statuses recorded)&#xA;Jul 24 13:37:56.534: INFO: &#x9;Container kube-rbac-proxy ready: true, restart count 0&#xA;Jul 24 13:37:56.534: INFO: &#x9;Container node-exporter ready: true, restart count 0&#xA;Jul 24 13:37:56.534: INFO: ks-controller-manager-bdbb456f4-gw9w9 started at 2022-07-24 12:38:12 +0000 UTC (0+1 container statuses recorded)&#xA;Jul 24 13:37:56.534: INFO: &#x9;Container ks-controller-manager ready: true, restart count 0&#xA;Jul 24 13:37:56.534: INFO: ksp-license-65cc56956f-bdj5b started at 2022-07-21 02:21:43 +0000 UTC (0+2 container statuses recorded)&#xA;Jul 24 13:37:56.534: INFO: &#x9;Container license ready: true, restart count 0&#xA;Jul 24 13:37:56.534: INFO: &#x9;Container msauth ready: true, restart count 0&#xA;Jul 24 13:37:56.534: INFO: kube-proxy-qjfdd started at 2022-07-05 02:21:49 +0000 UTC (0+1 container statuses recorded)&#xA;Jul 24 13:37:56.534: INFO: &#x9;Container kube-proxy ready: true, restart count 2&#xA;Jul 24 13:37:56.534: INFO: kube-controller-manager-kubernetes-master started at 2022-07-05 02:21:38 +0000 UTC (0+1 container statuses recorded)&#xA;Jul 24 13:37:56.534: INFO: &#x9;Container kube-controller-manager ready: true, restart count 7&#xA;Jul 24 13:37:56.574: INFO: &#xA;Latency metrics for node kubernetes-master&#xA;Jul 24 13:37:56.574: INFO: &#xA;Logging node info for node kubernetes-node-01&#xA;Jul 24 13:37:56.576: INFO: Node Info: &amp;Node{ObjectMeta:{kubernetes-node-01    3a4a3e2a-b98d-44ba-acfd-dc0ee51e00a1 5727790 0 2022-07-05 02:22:25 +0000 UTC &lt;nil&gt; &lt;nil&gt; map[beta.kubernetes.io/arch:amd64 beta.kubernetes.io/os:linux kubernetes.io/arch:amd64 kubernetes.io/hostname:kubernetes-node-01 kubernetes.io/os:linux] map[flannel.alpha.coreos.com/backend-data:{&#34;VNI&#34;:1,&#34;VtepMAC&#34;:&#34;1a:75:9b:0f:c6:8c&#34;} flannel.alpha.coreos.com/backend-type:vxlan flannel.alpha.coreos.com/kube-subnet-manager:true flannel.alpha.coreos.com/public-ip:192.168.132.11 kubeadm.alpha.kubernetes.io/cri-socket:/var/run/dockershim.sock node.alpha.kubernetes.io/ttl:0 volumes.kubernetes.io/controller-managed-attach-detach:true] [] []  [{kubelet Update v1 2022-07-05 02:22:25 +0000 UTC FieldsV1 {&#34;f:metadata&#34;:{&#34;f:annotations&#34;:{&#34;.&#34;:{},&#34;f:volumes.kubernetes.io/controller-managed-attach-detach&#34;:{}},&#34;f:labels&#34;:{&#34;.&#34;:{},&#34;f:beta.kubernetes.io/arch&#34;:{},&#34;f:beta.kubernetes.io/os&#34;:{},&#34;f:kubernetes.io/arch&#34;:{},&#34;f:kubernetes.io/hostname&#34;:{},&#34;f:kubernetes.io/os&#34;:{}}}} } {kubeadm Update v1 2022-07-05 02:22:30 +0000 UTC FieldsV1 {&#34;f:metadata&#34;:{&#34;f:annotations&#34;:{&#34;f:kubeadm.alpha.kubernetes.io/cri-socket&#34;:{}}}} } {flanneld Update v1 2022-07-05 02:25:41 +0000 UTC FieldsV1 {&#34;f:metadata&#34;:{&#34;f:annotations&#34;:{&#34;f:flannel.alpha.coreos.com/backend-data&#34;:{},&#34;f:flannel.alpha.coreos.com/backend-type&#34;:{},&#34;f:flannel.alpha.coreos.com/kube-subnet-manager&#34;:{},&#34;f:flannel.alpha.coreos.com/public-ip&#34;:{}}},&#34;f:status&#34;:{&#34;f:conditions&#34;:{&#34;k:{\&#34;type\&#34;:\&#34;NetworkUnavailable\&#34;}&#34;:{&#34;.&#34;:{},&#34;f:lastHeartbeatTime&#34;:{},&#34;f:lastTransitionTime&#34;:{},&#34;f:message&#34;:{},&#34;f:reason&#34;:{},&#34;f:status&#34;:{},&#34;f:type&#34;:{}}}}} status} {kube-controller-manager Update v1 2022-07-20 11:50:17 +0000 UTC FieldsV1 {&#34;f:metadata&#34;:{&#34;f:annotations&#34;:{&#34;f:node.alpha.kubernetes.io/ttl&#34;:{}}},&#34;f:spec&#34;:{&#34;f:podCIDR&#34;:{},&#34;f:podCIDRs&#34;:{&#34;.&#34;:{},&#34;v:\&#34;10.244.4.0/24\&#34;&#34;:{}}}} } {e2e.test Update v1 2022-07-24 11:57:52 +0000 UTC FieldsV1 {&#34;f:status&#34;:{&#34;f:capacity&#34;:{&#34;f:example.com/fakecpu&#34;:{}}}} status} {kubelet Update v1 2022-07-24 12:52:30 +0000 UTC FieldsV1 {&#34;f:status&#34;:{&#34;f:allocatable&#34;:{&#34;f:ephemeral-storage&#34;:{},&#34;f:example.com/fakecpu&#34;:{}},&#34;f:capacity&#34;:{&#34;f:ephemeral-storage&#34;:{}},&#34;f:conditions&#34;:{&#34;k:{\&#34;type\&#34;:\&#34;DiskPressure\&#34;}&#34;:{&#34;f:lastHeartbeatTime&#34;:{},&#34;f:lastTransitionTime&#34;:{},&#34;f:message&#34;:{},&#34;f:reason&#34;:{},&#34;f:status&#34;:{}},&#34;k:{\&#34;type\&#34;:\&#34;MemoryPressure\&#34;}&#34;:{&#34;f:lastHeartbeatTime&#34;:{},&#34;f:lastTransitionTime&#34;:{},&#34;f:message&#34;:{},&#34;f:reason&#34;:{},&#34;f:status&#34;:{}},&#34;k:{\&#34;type\&#34;:\&#34;PIDPressure\&#34;}&#34;:{&#34;f:lastHeartbeatTime&#34;:{},&#34;f:lastTransitionTime&#34;:{},&#34;f:message&#34;:{},&#34;f:reason&#34;:{},&#34;f:status&#34;:{}},&#34;k:{\&#34;type\&#34;:\&#34;Ready\&#34;}&#34;:{&#34;f:lastHeartbeatTime&#34;:{},&#34;f:lastTransitionTime&#34;:{},&#34;f:message&#34;:{},&#34;f:reason&#34;:{},&#34;f:status&#34;:{}}},&#34;f:images&#34;:{},&#34;f:nodeInfo&#34;:{&#34;f:containerRuntimeVersion&#34;:{}}}} status}]},Spec:NodeSpec{PodCIDR:10.244.4.0/24,DoNotUseExternalID:,ProviderID:,Unschedulable:false,Taints:[]Taint{},ConfigSource:nil,PodCIDRs:[10.244.4.0/24],},Status:NodeStatus{Capacity:ResourceList{cpu: {{8 0} {&lt;nil&gt;} 8 DecimalSI},ephemeral-storage: {{107321753600 0} {&lt;nil&gt;} 102350Mi BinarySI},example.com/fakecpu: {{1 3} {&lt;nil&gt;} 1k DecimalSI},hugepages-1Gi: {{0 0} {&lt;nil&gt;} 0 DecimalSI},hugepages-2Mi: {{0 0} {&lt;nil&gt;} 0 DecimalSI},memory: {{16363429888 0} {&lt;nil&gt;}  BinarySI},pods: {{110 0} {&lt;nil&gt;} 110 DecimalSI},},Allocatable:ResourceList{cpu: {{8 0} {&lt;nil&gt;} 8 DecimalSI},ephemeral-storage: {{96589578081 0} {&lt;nil&gt;} 96589578081 DecimalSI},example.com/fakecpu: {{1 3} {&lt;nil&gt;} 1k DecimalSI},hugepages-1Gi: {{0 0} {&lt;nil&gt;} 0 DecimalSI},hugepages-2Mi: {{0 0} {&lt;nil&gt;} 0 DecimalSI},memory: {{16258572288 0} {&lt;nil&gt;}  BinarySI},pods: {{110 0} {&lt;nil&gt;} 110 DecimalSI},},Phase:,Conditions:[]NodeCondition{NodeCondition{Type:NetworkUnavailable,Status:False,LastHeartbeatTime:2022-07-20 12:09:51 +0000 UTC,LastTransitionTime:2022-07-20 12:09:51 +0000 UTC,Reason:FlannelIsUp,Message:Flannel is running on this node,},NodeCondition{Type:MemoryPressure,Status:False,LastHeartbeatTime:2022-07-24 13:37:42 +0000 UTC,LastTransitionTime:2022-07-05 02:39:16 +0000 UTC,Reason:KubeletHasSufficientMemory,Message:kubelet has sufficient memory available,},NodeCondition{Type:DiskPressure,Status:False,LastHeartbeatTime:2022-07-24 13:37:42 +0000 UTC,LastTransitionTime:2022-07-06 11:27:51 +0000 UTC,Reason:KubeletHasNoDiskPressure,Message:kubelet has no disk pressure,},NodeCondition{Type:PIDPressure,Status:False,LastHeartbeatTime:2022-07-24 13:37:42 +0000 UTC,LastTransitionTime:2022-07-05 02:39:16 +0000 UTC,Reason:KubeletHasSufficientPID,Message:kubelet has sufficient PID available,},NodeCondition{Type:Ready,Status:True,LastHeartbeatTime:2022-07-24 13:37:42 +0000 UTC,LastTransitionTime:2022-07-20 12:05:25 +0000 UTC,Reason:KubeletReady,Message:kubelet is posting ready status,},},Addresses:[]NodeAddress{NodeAddress{Type:InternalIP,Address:192.168.132.11,},NodeAddress{Type:Hostname,Address:kubernetes-node-01,},},DaemonEndpoints:NodeDaemonEndpoints{KubeletEndpoint:DaemonEndpoint{Port:10250,},},NodeInfo:NodeSystemInfo{MachineID:ff2f0490c5bb4030ae3be22dffb6765a,SystemUUID:318642bd-e41a-e911-ad47-a4bf015b1f84,BootID:2686e27a-6243-43c4-baa2-2867206747cd,KernelVersion:5.4.132-1.el7.elrepo.x86_64,OSImage:CentOS Linux 7 (Core),ContainerRuntimeVersion:docker://20.10.7,KubeletVersion:v1.22.3,KubeProxyVersion:v1.22.3,OperatingSystem:linux,Architecture:amd64,},Images:[]ContainerImage{ContainerImage{Names:[k8s.gcr.io/e2e-test-images/cuda-vector-add:2.2],SizeBytes:2579956550,},ContainerImage{Names:[k8s.gcr.io/e2e-test-images/cuda-vector-add:1.0],SizeBytes:2047006036,},ContainerImage{Names:[k8s.gcr.io/e2e-test-images/node-perf/tf-wide-deep:1.1],SizeBytes:1631128450,},ContainerImage{Names:[k8smg:latest],SizeBytes:1398619088,},ContainerImage{Names:[k8s.gcr.io/e2e-test-images/perl:5.26],SizeBytes:853225645,},ContainerImage{Names:[k8s.gcr.io/e2e-test-images/volume/rbd:1.0.3],SizeBytes:751897580,},ContainerImage{Names:[harbor.moresec.cn/ksp/kafka@sha256:29aef30ec0742e05c84b92e35fe81bc2a933d92aa3aec2325f3947c9cbb07e2d harbor.moresec.cn/ksp/kafka:2.8.0-debian-10-r43],SizeBytes:584339677,},ContainerImage{Names:[centos-drip:7.7],SizeBytes:552218315,},ContainerImage{Names:[&lt;none&gt;@&lt;none&gt; &lt;none&gt;:&lt;none&gt;],SizeBytes:522728932,},ContainerImage{Names:[harbor.moresec.cn/ksp/ksp_agent@sha256:f96a653e88fcf5b71a82e603da3ace5e774c9dd4e37dcdfc7a1db3ce87267245 harbor.moresec.cn/ksp/ksp_agent:latest],SizeBytes:495969065,},ContainerImage{Names:[harbor.moresec.cn/ksp/ksp_agent@sha256:62d75a6961ee50b7bbea1eeb9a835b8809fbf868cda8ea7e30c57a871fe36ae4],SizeBytes:495943489,},ContainerImage{Names:[tomcat@sha256:df634a0b4a2a61069521c4681609423b3794d2a3120821b92f346710450ad344 tomcat:latest],SizeBytes:482781027,},ContainerImage{Names:[&lt;none&gt;@&lt;none&gt; &lt;none&gt;:&lt;none&gt;],SizeBytes:435344555,},ContainerImage{Names:[harbor.moresec.cn/ksp/ksp_agent@sha256:7fc828e5732309187da20a9a025a142f8229f04087601a9fad119c3724ab6e92 harbor.moresec.cn/ksp/ksp_agent:2.2.0],SizeBytes:433527765,},ContainerImage{Names:[harbor.moresec.cn/ksp/ksp_agent@sha256:b6455a0f39f08b39b5ee701bbcfb11edb8484478bfe44f30a3a48f041ea504b1],SizeBytes:433527765,},ContainerImage{Names:[harbor.moresec.cn/ksp/ksp_agent:laishang],SizeBytes:433318869,},ContainerImage{Names:[kubesphere/ks-installer@sha256:e314e12b16e556b0ce16d4c1efab0a375605936da15afa0e4fa3afa4c302cf15 kubesphere/ks-installer:v3.3.0],SizeBytes:420547354,},ContainerImage{Names:[k8s.gcr.io/e2e-test-images/volume/iscsi:2.2],SizeBytes:414158129,},ContainerImage{Names:[k8s.gcr.io/sig-storage/nfs-provisioner:v2.2.2],SizeBytes:391702539,},ContainerImage{Names:[k8s.gcr.io/e2e-test-images/glusterdynamic-provisioner:v1.0],SizeBytes:373269502,},ContainerImage{Names:[k8s.gcr.io/e2e-test-images/volume/gluster:1.2],SizeBytes:340272046,},ContainerImage{Names:[sonobuoy/systemd-logs:v0.4],SizeBytes:314068873,},ContainerImage{Names:[docker-dev.moresec.cn:10443/ksp/mysql@sha256:1a52fad24c8d9c47d9563773bf2fd6618cab64a2e7054a32c62d7ff83047d432 harbor.moresec.cn/ksp/mysql@sha256:1a52fad24c8d9c47d9563773bf2fd6618cab64a2e7054a32c62d7ff83047d432 docker-dev.moresec.cn:10443/ksp/mysql:5.7.34 harbor.moresec.cn/ksp/mysql:5.7.34],SizeBytes:296256317,},ContainerImage{Names:[192.168.132.114/revshell/listen@sha256:e51b45cdcf6314fabe93ef6b0dda4062713628b951f948aac56154c2e092bd18 192.168.132.114/revshell/listen:latest],SizeBytes:271796301,},ContainerImage{Names:[k8s.gcr.io/e2e-test-images/volume/nfs:1.2],SizeBytes:263870626,},ContainerImage{Names:[k8s.gcr.io/etcd:3.4.13-0],SizeBytes:253376083,},ContainerImage{Names:[k8s.gcr.io/e2e-test-images/jessie-dnsutils:1.4],SizeBytes:253346057,},ContainerImage{Names:[k8s.gcr.io/conformance:v1.22.3],SizeBytes:246064443,},ContainerImage{Names:[192.168.132.114/process/process@sha256:b08bcadd231b62eba8913d7f9b7ef6a54087fedec3a52607decd86aae014330a 192.168.132.114/process/process:latest],SizeBytes:231220584,},ContainerImage{Names:[&lt;none&gt;@&lt;none&gt; &lt;none&gt;:&lt;none&gt;],SizeBytes:231220093,},ContainerImage{Names:[prom/prometheus@sha256:b37103e03399e90c9b7b1b2940894d3634915cf9df4aa2e5402bd85b4377808c prom/prometheus:v2.34.0],SizeBytes:204913767,},ContainerImage{Names:[centos@sha256:50752af5182c6cd5518e3e91d48f7ff0cba93d5d760a67ac140e2d63c4dd9efc centos:centos7.7.1908],SizeBytes:203602133,},ContainerImage{Names:[kubesphere/ks-apiserver@sha256:c6518655604eb6c5b67e6e5b0a11239e1b927c6ab0f947ce3c60176c70090462 kubesphere/ks-apiserver:v3.2.1],SizeBytes:190792907,},ContainerImage{Names:[192.168.132.114/micro/worker@sha256:0c3e148cec3fbf3f62b381f96dcb4b8dcfad7a8d4cf33a91d6c3a8484e156c4c 192.168.132.114/micro/worker:latest],SizeBytes:178337313,},ContainerImage{Names:[harbor.moresec.cn/ksp/fileserver@sha256:e70cbd22b76e6e111c2b86a20c5fdea469fed0313c81f73f35ed11249f79f741 harbor.moresec.cn/ksp/fileserver:2.2.0],SizeBytes:153076017,},ContainerImage{Names:[&lt;none&gt;@&lt;none&gt; &lt;none&gt;:&lt;none&gt;],SizeBytes:141498060,},ContainerImage{Names:[harbor.moresec.cn/ksp/etcd@sha256:e38d9f2facec186c09c33e28455e97156ea45d5c299d348a1b0676784c293d75 harbor.moresec.cn/ksp/etcd:3.4.15-debian-10-r43],SizeBytes:131965680,},ContainerImage{Names:[harbor.moresec.cn/ksp/webapi_srv@sha256:7de68ded9d05cdbbc9fbe03c3321f14d68569cd7d9f35921e977df8377bc7d2d],SizeBytes:129903492,},ContainerImage{Names:[harbor.moresec.cn/ksp/webapi_srv@sha256:44ac8426e7c6087593f315cf547a8426780a03ec7e102e3cadd5931f03fa5851 harbor.moresec.cn/ksp/webapi_srv:latest],SizeBytes:129800680,},ContainerImage{Names:[k8s.gcr.io/e2e-test-images/httpd:2.4.39-1],SizeBytes:126871615,},ContainerImage{Names:[docker-dev.moresec.cn:10443/ksp/envoy@sha256:1a57c0f59b9e04a83f4407c79df63f027ee620a2ee66e201438f49c9253e258a harbor.moresec.cn/ksp/envoy@sha256:1a57c0f59b9e04a83f4407c79df63f027ee620a2ee66e201438f49c9253e258a docker-dev.moresec.cn:10443/ksp/envoy:v1.20.0 harbor.moresec.cn/ksp/envoy:v1.20.0],SizeBytes:126156197,},ContainerImage{Names:[k8s.gcr.io/e2e-test-images/agnhost:2.32],SizeBytes:125910179,},ContainerImage{Names:[harbor.moresec.cn/ksp/webapi_srv@sha256:1665c65a94096bb76343e0df2fcbe6299d29d7c1b47f22c1db269ef909d895c7 harbor.moresec.cn/ksp/webapi_srv:2.2.0],SizeBytes:123778974,},ContainerImage{Names:[k8s.gcr.io/e2e-test-images/httpd:2.4.38-1],SizeBytes:123774598,},ContainerImage{Names:[k8s.gcr.io/e2e-test-images/nautilus:1.4],SizeBytes:121728153,},ContainerImage{Names:[k8s.gcr.io/e2e-test-images/kitten:1.4],SizeBytes:121721689,},ContainerImage{Names:[nginx@sha256:f7988fb6c02e0ce69257d9bd9cf37ae20a60f1df7563c3a2a6abe24160306b8d nginx:1.14.2],SizeBytes:109109325,},ContainerImage{Names:[harbor.moresec.cn/ksp/controller@sha256:be921ae314828accad9ea6bc25af4e4097027cddd44001913f983ad6f06fe948 harbor.moresec.cn/ksp/controller:latest],SizeBytes:107945283,},ContainerImage{Names:[registry.aliyuncs.com/google_containers/kube-proxy@sha256:8d0561b2e5d0ccb9c49a25e7b415bef12637a07a872703dc252c2de3b458fc4f registry.aliyuncs.com/google_containers/kube-proxy:v1.22.3],SizeBytes:103646205,},ContainerImage{Names:[harbor.moresec.cn/ksp/core@sha256:2a7bf382a0a02948e1946f2123314d45d632f3788bb0e70db7ba111ce2bf6ec1 harbor.moresec.cn/ksp/core:2.2.0],SizeBytes:98270332,},},VolumesInUse:[],VolumesAttached:[]AttachedVolume{},Config:nil,},}&#xA;Jul 24 13:37:56.576: INFO: &#xA;Logging kubelet events for node kubernetes-node-01&#xA;Jul 24 13:37:56.578: INFO: &#xA;Logging pods the kubelet thinks is on node kubernetes-node-01&#xA;Jul 24 13:37:56.601: INFO: ksp-redis-master-0 started at 2022-07-20 12:09:21 +0000 UTC (0+1 container statuses recorded)&#xA;Jul 24 13:37:56.601: INFO: &#x9;Container redis ready: true, restart count 0&#xA;Jul 24 13:37:56.601: INFO: alertmanager-main-0 started at 2022-07-20 12:09:55 +0000 UTC (0+2 container statuses recorded)&#xA;Jul 24 13:37:56.601: INFO: &#x9;Container alertmanager ready: true, restart count 0&#xA;Jul 24 13:37:56.601: INFO: &#x9;Container config-reloader ready: true, restart count 0&#xA;Jul 24 13:37:56.601: INFO: worker108-cc678945b-7rbkz started at 2022-07-21 06:39:16 +0000 UTC (0+1 container statuses recorded)&#xA;Jul 24 13:37:56.601: INFO: &#x9;Container worker108 ready: true, restart count 0&#xA;Jul 24 13:37:56.601: INFO: worker104-84f6f586c6-vcwd8 started at 2022-07-24 12:38:11 +0000 UTC (0+1 container statuses recorded)&#xA;Jul 24 13:37:56.601: INFO: &#x9;Container worker104 ready: true, restart count 0&#xA;Jul 24 13:37:56.601: INFO: tomcat-ttt46-6b659fdf4b-95cmr started at 2022-07-24 12:38:12 +0000 UTC (0+1 container statuses recorded)&#xA;Jul 24 13:37:56.601: INFO: &#x9;Container tomcat-ttt46 ready: true, restart count 0&#xA;Jul 24 13:37:56.601: INFO: ss2-1 started at 2022-07-23 11:41:24 +0000 UTC (0+1 container statuses recorded)&#xA;Jul 24 13:37:56.601: INFO: &#x9;Container webserver ready: true, restart count 0&#xA;Jul 24 13:37:56.601: INFO: default-http-backend-5bf68ff9b8-hkh75 started at 2022-07-24 10:47:02 +0000 UTC (0+1 container statuses recorded)&#xA;Jul 24 13:37:56.601: INFO: &#x9;Container default-http-backend ready: true, restart count 0&#xA;Jul 24 13:37:56.601: INFO: worker106-5d44cc9f84-thvwz started at 2022-07-24 12:38:11 +0000 UTC (0+1 container statuses recorded)&#xA;Jul 24 13:37:56.601: INFO: &#x9;Container worker106 ready: true, restart count 0&#xA;Jul 24 13:37:56.601: INFO: ksp-strategy-85bc47b4cd-hcnl4 started at 2022-07-24 12:38:11 +0000 UTC (0+1 container statuses recorded)&#xA;Jul 24 13:37:56.601: INFO: &#x9;Container strategy ready: true, restart count 0&#xA;Jul 24 13:37:56.601: INFO: worker105-58b68d59d-kzrc2 started at 2022-07-24 12:38:11 +0000 UTC (0+1 container statuses recorded)&#xA;Jul 24 13:37:56.601: INFO: &#x9;Container worker105 ready: true, restart count 0&#xA;Jul 24 13:37:56.601: INFO: prometheus-operator-8955bbd98-r8ftl started at 2022-07-24 10:47:02 +0000 UTC (0+2 container statuses recorded)&#xA;Jul 24 13:37:56.601: INFO: &#x9;Container kube-rbac-proxy ready: true, restart count 0&#xA;Jul 24 13:37:56.601: INFO: &#x9;Container prometheus-operator ready: true, restart count 0&#xA;Jul 24 13:37:56.601: INFO: alertmanager-main-1 started at 2022-07-24 10:47:04 +0000 UTC (0+2 container statuses recorded)&#xA;Jul 24 13:37:56.601: INFO: &#x9;Container alertmanager ready: true, restart count 0&#xA;Jul 24 13:37:56.601: INFO: &#x9;Container config-reloader ready: true, restart count 0&#xA;Jul 24 13:37:56.601: INFO: ksp-fileserver-58d849d98b-k2wt9 started at 2022-07-20 12:05:34 +0000 UTC (0+1 container statuses recorded)&#xA;Jul 24 13:37:56.601: INFO: &#x9;Container fileserver ready: true, restart count 12&#xA;Jul 24 13:37:56.601: INFO: ubuntu-deployment-docker-sock1-74c66ddf85-5fcvb started at 2022-07-24 10:47:52 +0000 UTC (0+1 container statuses recorded)&#xA;Jul 24 13:37:56.601: INFO: &#x9;Container ubuntu-docker-sock1 ready: true, restart count 0&#xA;Jul 24 13:37:56.601: INFO: gatekeeper-controller-manager-6566df6878-6sxjk started at 2022-07-24 10:47:54 +0000 UTC (0+1 container statuses recorded)&#xA;Jul 24 13:37:56.601: INFO: &#x9;Container manager ready: true, restart count 0&#xA;Jul 24 13:37:56.601: INFO: sonobuoy-systemd-logs-daemon-set-bb55de94825d4876-wwrrn started at 2022-07-24 11:15:36 +0000 UTC (0+2 container statuses recorded)&#xA;Jul 24 13:37:56.601: INFO: &#x9;Container sonobuoy-worker ready: true, restart count 0&#xA;Jul 24 13:37:56.601: INFO: &#x9;Container systemd-logs ready: true, restart count 0&#xA;Jul 24 13:37:56.601: INFO: revlisten64-6f96b96fdd-cnnpn started at 2022-07-24 12:38:12 +0000 UTC (0+1 container statuses recorded)&#xA;Jul 24 13:37:56.601: INFO: &#x9;Container revlisten64 ready: true, restart count 0&#xA;Jul 24 13:37:56.601: INFO: node-exporter-mktmt started at 2022-07-08 03:28:07 +0000 UTC (0+2 container statuses recorded)&#xA;Jul 24 13:37:56.601: INFO: &#x9;Container kube-rbac-proxy ready: true, restart count 2&#xA;Jul 24 13:37:56.601: INFO: &#x9;Container node-exporter ready: true, restart count 2&#xA;Jul 24 13:37:56.601: INFO: prometheus-k8s-0 started at 2022-07-20 12:09:14 +0000 UTC (1+2 container statuses recorded)&#xA;Jul 24 13:37:56.601: INFO: &#x9;Init container init-config-reloader ready: true, restart count 0&#xA;Jul 24 13:37:56.601: INFO: &#x9;Container config-reloader ready: true, restart count 0&#xA;Jul 24 13:37:56.601: INFO: &#x9;Container prometheus ready: true, restart count 0&#xA;Jul 24 13:37:56.601: INFO: ss2-0 started at 2022-07-20 12:10:27 +0000 UTC (0+1 container statuses recorded)&#xA;Jul 24 13:37:56.601: INFO: &#x9;Container webserver ready: true, restart count 0&#xA;Jul 24 13:37:56.601: INFO: notification-manager-operator-7d44854f54-pfhvp started at 2022-07-20 12:37:15 +0000 UTC (0+2 container statuses recorded)&#xA;Jul 24 13:37:56.601: INFO: &#x9;Container kube-rbac-proxy ready: true, restart count 0&#xA;Jul 24 13:37:56.601: INFO: &#x9;Container notification-manager-operator ready: true, restart count 13&#xA;Jul 24 13:37:56.601: INFO: kubectl-admin-6dbcb94855-cwbwg started at 2022-07-24 10:47:02 +0000 UTC (0+1 container statuses recorded)&#xA;Jul 24 13:37:56.601: INFO: &#x9;Container kubectl ready: true, restart count 0&#xA;Jul 24 13:37:56.601: INFO: ks-installer-6976cf49f5-l72kw started at 2022-07-24 10:48:18 +0000 UTC (0+1 container statuses recorded)&#xA;Jul 24 13:37:56.601: INFO: &#x9;Container installer ready: true, restart count 0&#xA;Jul 24 13:37:56.601: INFO: sonobuoy started at 2022-07-24 11:15:29 +0000 UTC (0+1 container statuses recorded)&#xA;Jul 24 13:37:56.601: INFO: &#x9;Container kube-sonobuoy ready: true, restart count 0&#xA;Jul 24 13:37:56.601: INFO: ksp-core-5b755544c7-vqw75 started at 2022-07-24 12:38:11 +0000 UTC (0+1 container statuses recorded)&#xA;Jul 24 13:37:56.601: INFO: &#x9;Container core ready: true, restart count 0&#xA;Jul 24 13:37:56.601: INFO: kube-proxy-kkm7x started at 2022-07-05 02:22:26 +0000 UTC (0+1 container statuses recorded)&#xA;Jul 24 13:37:56.601: INFO: &#x9;Container kube-proxy ready: true, restart count 3&#xA;Jul 24 13:37:56.601: INFO: snapshot-controller-0 started at 2022-07-20 12:09:57 +0000 UTC (0+1 container statuses recorded)&#xA;Jul 24 13:37:56.601: INFO: &#x9;Container snapshot-controller ready: true, restart count 0&#xA;Jul 24 13:37:56.601: INFO: ksp-etcd-0 started at 2022-07-20 12:10:55 +0000 UTC (0+1 container statuses recorded)&#xA;Jul 24 13:37:56.601: INFO: &#x9;Container etcd ready: true, restart count 0&#xA;Jul 24 13:37:56.601: INFO: process56-59d84745d8-2wml7 started at 2022-07-24 10:47:52 +0000 UTC (0+1 container statuses recorded)&#xA;Jul 24 13:37:56.601: INFO: &#x9;Container process56 ready: true, restart count 0&#xA;Jul 24 13:37:56.601: INFO: worker107-5fb776b954-6jq7j started at 2022-07-24 12:38:12 +0000 UTC (0+1 container statuses recorded)&#xA;Jul 24 13:37:56.601: INFO: &#x9;Container worker107 ready: true, restart count 0&#xA;Jul 24 13:37:56.601: INFO: ksp-mysql-0 started at 2022-07-20 12:09:51 +0000 UTC (0+1 container statuses recorded)&#xA;Jul 24 13:37:56.601: INFO: &#x9;Container mysql ready: true, restart count 0&#xA;Jul 24 13:37:56.601: INFO: notification-manager-deployment-78664576cb-5mm7d started at 2022-07-24 10:48:18 +0000 UTC (0+2 container statuses recorded)&#xA;Jul 24 13:37:56.601: INFO: &#x9;Container notification-manager ready: true, restart count 0&#xA;Jul 24 13:37:56.601: INFO: &#x9;Container tenant ready: true, restart count 0&#xA;Jul 24 13:37:56.601: INFO: notification-manager-deployment-78664576cb-54zgc started at 2022-07-24 12:38:12 +0000 UTC (0+2 container statuses recorded)&#xA;Jul 24 13:37:56.601: INFO: &#x9;Container notification-manager ready: true, restart count 0&#xA;Jul 24 13:37:56.601: INFO: &#x9;Container tenant ready: true, restart count 0&#xA;Jul 24 13:37:56.601: INFO: ksp-kafka-0 started at 2022-07-20 12:06:10 +0000 UTC (0+1 container statuses recorded)&#xA;Jul 24 13:37:56.601: INFO: &#x9;Container kafka ready: true, restart count 12&#xA;Jul 24 13:37:56.601: INFO: ksp-webapi-srv-5b59fc6b7b-qfcs4 started at 2022-07-21 02:23:19 +0000 UTC (0+1 container statuses recorded)&#xA;Jul 24 13:37:56.601: INFO: &#x9;Container webapi-srv ready: true, restart count 0&#xA;Jul 24 13:37:56.601: INFO: kube-flannel-ds-8xnv7 started at 2022-07-06 17:46:29 +0000 UTC (2+1 container statuses recorded)&#xA;Jul 24 13:37:56.601: INFO: &#x9;Init container install-cni-plugin ready: true, restart count 0&#xA;Jul 24 13:37:56.601: INFO: &#x9;Init container install-cni ready: true, restart count 0&#xA;Jul 24 13:37:56.601: INFO: &#x9;Container kube-flannel ready: true, restart count 1&#xA;Jul 24 13:37:56.601: INFO: local-path-provisioner-cc67d8db7-ps624 started at 2022-07-24 12:38:11 +0000 UTC (0+1 container statuses recorded)&#xA;Jul 24 13:37:56.601: INFO: &#x9;Container local-path-provisioner ready: true, restart count 0&#xA;Jul 24 13:37:56.601: INFO: ksp-mentor-bfd5c4db9-8mk5j started at 2022-07-24 12:38:12 +0000 UTC (0+1 container statuses recorded)&#xA;Jul 24 13:37:56.601: INFO: &#x9;Container mentor ready: true, restart count 0&#xA;Jul 24 13:37:56.601: INFO: process57-5dc7d9d6f8-n5z8w started at 2022-07-24 12:38:12 +0000 UTC (0+1 container statuses recorded)&#xA;Jul 24 13:37:56.601: INFO: &#x9;Container process57 ready: true, restart count 0&#xA;Jul 24 13:37:56.657: INFO: &#xA;Latency metrics for node kubernetes-node-01&#xA;Jul 24 13:37:56.657: INFO: &#xA;Logging node info for node kubernetes-node-02&#xA;Jul 24 13:37:56.658: INFO: Node Info: &amp;Node{ObjectMeta:{kubernetes-node-02    307d2ab5-ef28-4bdd-889c-432cc026c399 5728057 0 2022-07-05 02:22:23 +0000 UTC &lt;nil&gt; &lt;nil&gt; map[beta.kubernetes.io/arch:amd64 beta.kubernetes.io/os:linux kubernetes.io/arch:amd64 kubernetes.io/hostname:kubernetes-node-02 kubernetes.io/os:linux] map[flannel.alpha.coreos.com/backend-data:{&#34;VNI&#34;:1,&#34;VtepMAC&#34;:&#34;82:d6:14:69:bd:44&#34;} flannel.alpha.coreos.com/backend-type:vxlan flannel.alpha.coreos.com/kube-subnet-manager:true flannel.alpha.coreos.com/public-ip:192.168.132.12 kubeadm.alpha.kubernetes.io/cri-socket:/var/run/dockershim.sock node.alpha.kubernetes.io/ttl:0 volumes.kubernetes.io/controller-managed-attach-detach:true] [] []  [{kubeadm Update v1 2022-07-05 02:22:23 +0000 UTC FieldsV1 {&#34;f:metadata&#34;:{&#34;f:annotations&#34;:{&#34;f:kubeadm.alpha.kubernetes.io/cri-socket&#34;:{}}}} } {kubelet Update v1 2022-07-05 02:22:23 +0000 UTC FieldsV1 {&#34;f:metadata&#34;:{&#34;f:annotations&#34;:{&#34;.&#34;:{},&#34;f:volumes.kubernetes.io/controller-managed-attach-detach&#34;:{}},&#34;f:labels&#34;:{&#34;.&#34;:{},&#34;f:beta.kubernetes.io/arch&#34;:{},&#34;f:beta.kubernetes.io/os&#34;:{},&#34;f:kubernetes.io/arch&#34;:{},&#34;f:kubernetes.io/hostname&#34;:{},&#34;f:kubernetes.io/os&#34;:{}}}} } {flanneld Update v1 2022-07-05 02:25:42 +0000 UTC FieldsV1 {&#34;f:metadata&#34;:{&#34;f:annotations&#34;:{&#34;f:flannel.alpha.coreos.com/backend-data&#34;:{},&#34;f:flannel.alpha.coreos.com/backend-type&#34;:{},&#34;f:flannel.alpha.coreos.com/kube-subnet-manager&#34;:{},&#34;f:flannel.alpha.coreos.com/public-ip&#34;:{}}},&#34;f:status&#34;:{&#34;f:conditions&#34;:{&#34;k:{\&#34;type\&#34;:\&#34;NetworkUnavailable\&#34;}&#34;:{&#34;.&#34;:{},&#34;f:lastHeartbeatTime&#34;:{},&#34;f:lastTransitionTime&#34;:{},&#34;f:message&#34;:{},&#34;f:reason&#34;:{},&#34;f:status&#34;:{},&#34;f:type&#34;:{}}}}} status} {kube-controller-manager Update v1 2022-07-20 12:10:50 +0000 UTC FieldsV1 {&#34;f:metadata&#34;:{&#34;f:annotations&#34;:{&#34;f:node.alpha.kubernetes.io/ttl&#34;:{}}},&#34;f:spec&#34;:{&#34;f:podCIDR&#34;:{},&#34;f:podCIDRs&#34;:{&#34;.&#34;:{},&#34;v:\&#34;10.244.3.0/24\&#34;&#34;:{}}}} } {e2e.test Update v1 2022-07-24 11:57:52 +0000 UTC FieldsV1 {&#34;f:status&#34;:{&#34;f:capacity&#34;:{&#34;f:example.com/fakecpu&#34;:{}}}} status} {kubelet Update v1 2022-07-24 12:52:35 +0000 UTC FieldsV1 {&#34;f:status&#34;:{&#34;f:allocatable&#34;:{&#34;f:ephemeral-storage&#34;:{},&#34;f:example.com/fakecpu&#34;:{}},&#34;f:conditions&#34;:{&#34;k:{\&#34;type\&#34;:\&#34;DiskPressure\&#34;}&#34;:{&#34;f:lastHeartbeatTime&#34;:{},&#34;f:lastTransitionTime&#34;:{},&#34;f:message&#34;:{},&#34;f:reason&#34;:{},&#34;f:status&#34;:{}},&#34;k:{\&#34;type\&#34;:\&#34;MemoryPressure\&#34;}&#34;:{&#34;f:lastHeartbeatTime&#34;:{},&#34;f:lastTransitionTime&#34;:{},&#34;f:message&#34;:{},&#34;f:reason&#34;:{},&#34;f:status&#34;:{}},&#34;k:{\&#34;type\&#34;:\&#34;PIDPressure\&#34;}&#34;:{&#34;f:lastHeartbeatTime&#34;:{},&#34;f:lastTransitionTime&#34;:{},&#34;f:message&#34;:{},&#34;f:reason&#34;:{},&#34;f:status&#34;:{}},&#34;k:{\&#34;type\&#34;:\&#34;Ready\&#34;}&#34;:{&#34;f:lastHeartbeatTime&#34;:{},&#34;f:lastTransitionTime&#34;:{},&#34;f:message&#34;:{},&#34;f:reason&#34;:{},&#34;f:status&#34;:{}}},&#34;f:images&#34;:{},&#34;f:nodeInfo&#34;:{&#34;f:bootID&#34;:{},&#34;f:containerRuntimeVersion&#34;:{}}}} status}]},Spec:NodeSpec{PodCIDR:10.244.3.0/24,DoNotUseExternalID:,ProviderID:,Unschedulable:false,Taints:[]Taint{},ConfigSource:nil,PodCIDRs:[10.244.3.0/24],},Status:NodeStatus{Capacity:ResourceList{cpu: {{8 0} {&lt;nil&gt;} 8 DecimalSI},ephemeral-storage: {{107321753600 0} {&lt;nil&gt;} 102350Mi BinarySI},example.com/fakecpu: {{1 3} {&lt;nil&gt;} 1k DecimalSI},hugepages-1Gi: {{0 0} {&lt;nil&gt;} 0 DecimalSI},hugepages-2Mi: {{0 0} {&lt;nil&gt;} 0 DecimalSI},memory: {{16363429888 0} {&lt;nil&gt;}  BinarySI},pods: {{110 0} {&lt;nil&gt;} 110 DecimalSI},},Allocatable:ResourceList{cpu: {{8 0} {&lt;nil&gt;} 8 DecimalSI},ephemeral-storage: {{96589578081 0} {&lt;nil&gt;} 96589578081 DecimalSI},example.com/fakecpu: {{1 3} {&lt;nil&gt;} 1k DecimalSI},hugepages-1Gi: {{0 0} {&lt;nil&gt;} 0 DecimalSI},hugepages-2Mi: {{0 0} {&lt;nil&gt;} 0 DecimalSI},memory: {{16258572288 0} {&lt;nil&gt;}  BinarySI},pods: {{110 0} {&lt;nil&gt;} 110 DecimalSI},},Phase:,Conditions:[]NodeCondition{NodeCondition{Type:NetworkUnavailable,Status:False,LastHeartbeatTime:2022-07-24 12:41:23 +0000 UTC,LastTransitionTime:2022-07-24 12:41:23 +0000 UTC,Reason:FlannelIsUp,Message:Flannel is running on this node,},NodeCondition{Type:MemoryPressure,Status:False,LastHeartbeatTime:2022-07-24 13:37:48 +0000 UTC,LastTransitionTime:2022-07-20 12:10:11 +0000 UTC,Reason:KubeletHasSufficientMemory,Message:kubelet has sufficient memory available,},NodeCondition{Type:DiskPressure,Status:False,LastHeartbeatTime:2022-07-24 13:37:48 +0000 UTC,LastTransitionTime:2022-07-20 12:10:11 +0000 UTC,Reason:KubeletHasNoDiskPressure,Message:kubelet has no disk pressure,},NodeCondition{Type:PIDPressure,Status:False,LastHeartbeatTime:2022-07-24 13:37:48 +0000 UTC,LastTransitionTime:2022-07-20 12:10:11 +0000 UTC,Reason:KubeletHasSufficientPID,Message:kubelet has sufficient PID available,},NodeCondition{Type:Ready,Status:True,LastHeartbeatTime:2022-07-24 13:37:48 +0000 UTC,LastTransitionTime:2022-07-20 12:39:17 +0000 UTC,Reason:KubeletReady,Message:kubelet is posting ready status,},},Addresses:[]NodeAddress{NodeAddress{Type:InternalIP,Address:192.168.132.12,},NodeAddress{Type:Hostname,Address:kubernetes-node-02,},},DaemonEndpoints:NodeDaemonEndpoints{KubeletEndpoint:DaemonEndpoint{Port:10250,},},NodeInfo:NodeSystemInfo{MachineID:c4512086a6f5493ab6d17434529f2f96,SystemUUID:dfb815d5-231e-e911-ba47-a4bf015b3e00,BootID:56b56735-cc0e-4a63-a373-c98df943e3fd,KernelVersion:5.4.132-1.el7.elrepo.x86_64,OSImage:CentOS Linux 7 (Core),ContainerRuntimeVersion:docker://20.10.7,KubeletVersion:v1.22.3,KubeProxyVersion:v1.22.3,OperatingSystem:linux,Architecture:amd64,},Images:[]ContainerImage{ContainerImage{Names:[k8s.gcr.io/e2e-test-images/cuda-vector-add:2.2],SizeBytes:2579956550,},ContainerImage{Names:[k8s.gcr.io/e2e-test-images/cuda-vector-add:1.0],SizeBytes:2047006036,},ContainerImage{Names:[k8s.gcr.io/e2e-test-images/node-perf/tf-wide-deep:1.1],SizeBytes:1631128450,},ContainerImage{Names:[harbor.moresec.cn/ksp/webshell_srv@sha256:52331f042d9b722692b7d1e7d39bad602f0755a948b8a439b4a27c4c0fae045f harbor.moresec.cn/ksp/webshell_srv:2.2.0],SizeBytes:981080070,},ContainerImage{Names:[k8s.gcr.io/e2e-test-images/perl:5.26],SizeBytes:853225645,},ContainerImage{Names:[k8s.gcr.io/e2e-test-images/volume/rbd:1.0.3],SizeBytes:751897580,},ContainerImage{Names:[192.168.132.12:85/benchmark/benchmark@sha256:59b02207ef00cbc9ae722f2ad7c0f73c60b64ca677449bd0acf5b052eb967764],SizeBytes:721364989,},ContainerImage{Names:[192.168.132.12:85/benchmark/benchmark@sha256:97b019aa0596a30858d2f114a75e4f688723cd1e63b38c2874f687ae329a408a],SizeBytes:721341182,},ContainerImage{Names:[tomcat@sha256:acbf4ace21d5a9bfca00865e615b3061c262bb216d4a44a46990af9b73a73496],SizeBytes:679943312,},ContainerImage{Names:[&lt;none&gt;@&lt;none&gt; &lt;none&gt;:&lt;none&gt;],SizeBytes:679872057,},ContainerImage{Names:[harbor.moresec.cn/ksp/ksp_init@sha256:f7d3859270f43b9d9346a387957118b97fb45e6af379359a17ab676aa566b834 harbor.moresec.cn/ksp/ksp_init:2.2.0],SizeBytes:628801675,},ContainerImage{Names:[harbor.moresec.cn/ksp/ksp_init@sha256:2ddb6771ce701f73bb447c4bacc40f22a96460c029b95ef92363d701247762d4],SizeBytes:628801606,},ContainerImage{Names:[harbor.moresec.cn/ksp/kafka@sha256:29aef30ec0742e05c84b92e35fe81bc2a933d92aa3aec2325f3947c9cbb07e2d harbor.moresec.cn/ksp/kafka:2.8.0-debian-10-r43],SizeBytes:584339677,},ContainerImage{Names:[kennethreitz/httpbin@sha256:599fe5e5073102dbb0ee3dbb65f049dab44fa9fc251f6835c9990f8fb196a72b kennethreitz/httpbin:latest],SizeBytes:533651313,},ContainerImage{Names:[harbor.moresec.cn/ksp/ksp_agent@sha256:f96a653e88fcf5b71a82e603da3ace5e774c9dd4e37dcdfc7a1db3ce87267245 harbor.moresec.cn/ksp/ksp_agent:latest],SizeBytes:495969065,},ContainerImage{Names:[harbor.moresec.cn/ksp/ksp_agent@sha256:62d75a6961ee50b7bbea1eeb9a835b8809fbf868cda8ea7e30c57a871fe36ae4],SizeBytes:495943489,},ContainerImage{Names:[harbor.moresec.cn/ksp/ksp_agent@sha256:a405dae161a236cc6b51c59e3496a423f4153fc2817c26b99bf0fca613bce6af],SizeBytes:495925185,},ContainerImage{Names:[tomcat@sha256:9edc5c51c2dec7794769eede1e88a60e77abe355b73a77e231c464a8384d3697 tomcat:latest],SizeBytes:482487907,},ContainerImage{Names:[tomcat@sha256:8ece5eebda93ab45acf77b237f5564b3c558d0ce782c2f4302796043a621662f],SizeBytes:480307454,},ContainerImage{Names:[192.168.132.114/iast/iast@sha256:36f1db7e28c0b7a6d30ee9059c98d1067ec1f6eaf3ca2d5a3145a8e734dcc853],SizeBytes:479554906,},ContainerImage{Names:[192.168.132.114/iast/iast@sha256:d8e36d06161eec5a685f3cbe45cd43fb652a94b96387d4899951ae5cf1604cae],SizeBytes:479554903,},ContainerImage{Names:[192.168.132.114/iast/iast@sha256:5f2b9418c9d15338a3d2b984d78fab1f83d9b9e08354e2a0d307eab5b7824f75 192.168.132.114/iast/iast:latest],SizeBytes:479554902,},ContainerImage{Names:[docker-dev.moresec.cn:10443/ksp/influxdb@sha256:6277fd14835bf09c33cd13dd3a92393540745949f83e1e426092a7fe9ec2d6d5 harbor.moresec.cn/ksp/influxdb@sha256:4d688fb9837fcfb84ac4cdd65215e06c2c98cac743ffbbddde8a735d4ef1f707 docker-dev.moresec.cn:10443/ksp/influxdb:2.0.9-debian-10-r5 harbor.moresec.cn/ksp/influxdb:2.0.9-debian-10-r5],SizeBytes:468207544,},ContainerImage{Names:[docker-dev.moresec.cn:10443/ksp/zookeeper@sha256:3f077ee4e6b2ff601c2344b1bd007e752ad3ca66550eaf41604e290a02bb92c7 harbor.moresec.cn/ksp/zookeeper@sha256:3f077ee4e6b2ff601c2344b1bd007e752ad3ca66550eaf41604e290a02bb92c7 harbor.moresec.cn/ksp_1.3.0/zookeeper@sha256:3f077ee4e6b2ff601c2344b1bd007e752ad3ca66550eaf41604e290a02bb92c7 docker-dev.moresec.cn:10443/ksp/zookeeper:3.7.0-debian-10-r68 harbor.moresec.cn/ksp/zookeeper:3.7.0-debian-10-r68],SizeBytes:468025553,},ContainerImage{Names:[mysql@sha256:afc453de0d675083ac00d0538521f8a9a67d1cce180d70fab9925ebcc87a0eba mysql:5.7],SizeBytes:448217556,},ContainerImage{Names:[harbor.moresec.cn/ksp/sav_service@sha256:1cded1904d167b240f4821e7bc63745478991000e7715d5c4eecc134c25bb8ad harbor.moresec.cn/ksp/sav_service:2.2.0],SizeBytes:434790033,},ContainerImage{Names:[harbor.moresec.cn/ksp/ksp_agent@sha256:0fa5495795843bd5d69156d87b2d1c8ba34758af85fcd472ec6ad0daba56fe26],SizeBytes:433527765,},ContainerImage{Names:[harbor.moresec.cn/ksp/ksp_agent@sha256:7fc828e5732309187da20a9a025a142f8229f04087601a9fad119c3724ab6e92 harbor.moresec.cn/ksp/ksp_agent:2.2.0],SizeBytes:433527765,},ContainerImage{Names:[harbor.moresec.cn/ksp/ksp_agent@sha256:b6455a0f39f08b39b5ee701bbcfb11edb8484478bfe44f30a3a48f041ea504b1],SizeBytes:433527765,},ContainerImage{Names:[harbor.moresec.cn/ksp/ksp_agent:laishang],SizeBytes:433318869,},ContainerImage{Names:[k8s.gcr.io/e2e-test-images/volume/iscsi:2.2],SizeBytes:414158129,},ContainerImage{Names:[netdata/netdata@sha256:42ba5e0b0f0efaf39f3dda3f511690d7e0a6f0fef2ccfc6d629e01aa911349cc netdata/netdata:latest],SizeBytes:392760854,},ContainerImage{Names:[k8s.gcr.io/sig-storage/nfs-provisioner:v2.2.2],SizeBytes:391702539,},ContainerImage{Names:[k8s.gcr.io/e2e-test-images/glusterdynamic-provisioner:v1.0],SizeBytes:373269502,},ContainerImage{Names:[k8s.gcr.io/e2e-test-images/volume/gluster:1.2],SizeBytes:340272046,},ContainerImage{Names:[sonobuoy/systemd-logs@sha256:0b8b2b7b43b03f7db26e7e4b99be402495b77b496f5a5b0425b3c226bc1e9cbd sonobuoy/systemd-logs:v0.4],SizeBytes:314068873,},ContainerImage{Names:[harbor.moresec.cn/ksp/mysql@sha256:1a52fad24c8d9c47d9563773bf2fd6618cab64a2e7054a32c62d7ff83047d432 harbor.moresec.cn/ksp/mysql:5.7.34],SizeBytes:296256317,},ContainerImage{Names:[192.168.132.114/revshell/revshell@sha256:9b67dba407ee84b9c44b25000faab4b15234d348853ce5e51a7eb7dcefedcc26],SizeBytes:271797518,},ContainerImage{Names:[192.168.132.114/revshell/revshell@sha256:6d8b31f77b52acd39735757cc52d138f343fc49ea76772d4fac615d6064b5978 192.168.132.114/revshell/revshell:latest],SizeBytes:271797514,},ContainerImage{Names:[192.168.132.114/revshell/revshell@sha256:de8b9f596c76971d97ae900223fa5bf95ec51e80c75e40b0e16fcc76e73390d0],SizeBytes:271797416,},ContainerImage{Names:[192.168.132.114/revshell/revshell@sha256:3bbeef8c9f89b542784e94159ddc8e0365418886b5ef37f72d0b911396cdede0],SizeBytes:271797410,},ContainerImage{Names:[192.168.132.114/revshell/listen@sha256:e51b45cdcf6314fabe93ef6b0dda4062713628b951f948aac56154c2e092bd18 192.168.132.114/revshell/listen:latest],SizeBytes:271796301,},ContainerImage{Names:[192.168.132.114/revshell/listen@sha256:4aaf5ed8166fef1252bfa2784b85a691b438f0a1bfc286c1099a42e215971f3f],SizeBytes:271796199,},ContainerImage{Names:[harbor.moresec.cn/ksp/ksp_web@sha256:e0e443f252e6bd8f090341a555d8ae5846815293106341c78f6d00249babfa4a],SizeBytes:265801442,},ContainerImage{Names:[harbor.moresec.cn/ksp/ksp_web@sha256:c3f7ad61abe56853241fb79c1c05c6b8c86b190960b1f5f97140d891515304c9],SizeBytes:264539293,},ContainerImage{Names:[harbor.moresec.cn/ksp/ksp_web@sha256:b3fdc81d10a75ebe03bd5faef73e9edf161cd7940b9b374db637c12a0cd2cfc9],SizeBytes:264539173,},ContainerImage{Names:[harbor.moresec.cn/ksp/ksp_web@sha256:7b345a16af36b51412b69aca73a67848ce3ceb81f0045b4752df355d7ca6fc6c harbor.moresec.cn/ksp/ksp_web:2.2.0],SizeBytes:264538875,},ContainerImage{Names:[harbor.moresec.cn/ksp/ksp_web@sha256:0e4b5eff8946bf4d728d8931093c90949b4bff855edb420166406da7f57a8ece harbor.moresec.cn/ksp/ksp_web:latest],SizeBytes:264537370,},ContainerImage{Names:[harbor.moresec.cn/ksp/ksp_web@sha256:5453d21ff28597046c6848026d771fb09508a63ce6ad0abd7c82d5854002bdeb],SizeBytes:264507115,},ContainerImage{Names:[k8s.gcr.io/e2e-test-images/volume/nfs:1.2],SizeBytes:263870626,},},VolumesInUse:[],VolumesAttached:[]AttachedVolume{},Config:nil,},}&#xA;Jul 24 13:37:56.659: INFO: &#xA;Logging kubelet events for node kubernetes-node-02&#xA;Jul 24 13:37:56.660: INFO: &#xA;Logging pods the kubelet thinks is on node kubernetes-node-02&#xA;Jul 24 13:37:56.668: INFO: ksp-zookeeper-0 started at 2022-07-24 12:39:13 +0000 UTC (0+1 container statuses recorded)&#xA;Jul 24 13:37:56.668: INFO: &#x9;Container zookeeper ready: true, restart count 0&#xA;Jul 24 13:37:56.668: INFO: prometheus-k8s-1 started at 2022-07-24 12:39:13 +0000 UTC (1+2 container statuses recorded)&#xA;Jul 24 13:37:56.668: INFO: &#x9;Init container init-config-reloader ready: true, restart count 0&#xA;Jul 24 13:37:56.668: INFO: &#x9;Container config-reloader ready: true, restart count 0&#xA;Jul 24 13:37:56.668: INFO: &#x9;Container prometheus ready: true, restart count 0&#xA;Jul 24 13:37:56.668: INFO: alertmanager-main-2 started at 2022-07-24 12:39:35 +0000 UTC (0+2 container statuses recorded)&#xA;Jul 24 13:37:56.668: INFO: &#x9;Container alertmanager ready: true, restart count 0&#xA;Jul 24 13:37:56.668: INFO: &#x9;Container config-reloader ready: true, restart count 0&#xA;Jul 24 13:37:56.668: INFO: node-exporter-mg4n8 started at 2022-07-08 03:28:05 +0000 UTC (0+2 container statuses recorded)&#xA;Jul 24 13:37:56.668: INFO: &#x9;Container kube-rbac-proxy ready: true, restart count 1&#xA;Jul 24 13:37:56.668: INFO: &#x9;Container node-exporter ready: true, restart count 2&#xA;Jul 24 13:37:56.668: INFO: ksp-minio-6c4647754d-x4fzq started at 2022-07-24 12:39:13 +0000 UTC (0+1 container statuses recorded)&#xA;Jul 24 13:37:56.668: INFO: &#x9;Container minio ready: true, restart count 0&#xA;Jul 24 13:37:56.668: INFO: sonobuoy-systemd-logs-daemon-set-bb55de94825d4876-7s4cf started at 2022-07-24 11:15:36 +0000 UTC (0+2 container statuses recorded)&#xA;Jul 24 13:37:56.668: INFO: &#x9;Container sonobuoy-worker ready: true, restart count 0&#xA;Jul 24 13:37:56.668: INFO: &#x9;Container systemd-logs ready: true, restart count 0&#xA;Jul 24 13:37:56.668: INFO: kube-flannel-ds-g6brd started at 2022-07-24 12:39:23 +0000 UTC (2+1 container statuses recorded)&#xA;Jul 24 13:37:56.668: INFO: &#x9;Init container install-cni-plugin ready: true, restart count 0&#xA;Jul 24 13:37:56.668: INFO: &#x9;Init container install-cni ready: true, restart count 0&#xA;Jul 24 13:37:56.668: INFO: &#x9;Container kube-flannel ready: true, restart count 0&#xA;Jul 24 13:37:56.668: INFO: ss2-2 started at 2022-07-24 12:40:05 +0000 UTC (0+1 container statuses recorded)&#xA;Jul 24 13:37:56.668: INFO: &#x9;Container webserver ready: true, restart count 0&#xA;Jul 24 13:37:56.668: INFO: ksp-influxdb-6c4b765b68-mhtng started at 2022-07-24 12:39:13 +0000 UTC (0+1 container statuses recorded)&#xA;Jul 24 13:37:56.668: INFO: &#x9;Container influxdb ready: true, restart count 0&#xA;Jul 24 13:37:56.668: INFO: kube-proxy-pshqk started at 2022-07-05 02:22:26 +0000 UTC (0+1 container statuses recorded)&#xA;Jul 24 13:37:56.668: INFO: &#x9;Container kube-proxy ready: true, restart count 1&#xA;Jul 24 13:37:56.736: INFO: &#xA;Latency metrics for node kubernetes-node-02&#xA;Jul 24 13:37:56.736: INFO: Waiting up to 3m0s for all (but 0) nodes to be ready&#xA;STEP: Destroying namespace &#34;services-1538&#34; for this suite.&#xA;[AfterEach] [sig-network] Services&#xA;  /workspace/src/k8s.io/kubernetes/_output/dockerized/go/src/k8s.io/kubernetes/test/e2e/network/service.go:753&#xA;</system-out>
      </testcase>
      <testcase name="[sig-node] Container Runtime blackbox test on terminated container should report termination message [LinuxOnly] from file when pod succeeds and TerminationMessagePolicy FallbackToLogsOnError is set [NodeConformance] [Conformance]" classname="Kubernetes e2e suite" time="7.893918316"></testcase>
      <testcase name="[sig-network] [Feature:IPv6DualStack] Granular Checks: Services Secondary IP Family [LinuxOnly] should function for endpoint-Service: udp" classname="Kubernetes e2e suite" time="0">
          <skipped></skipped>
      </testcase>
      <testcase name="[sig-storage] In-tree Volumes [Driver: gcepd] [Testpattern: Inline-volume (default fs)] subPath should support non-existent path" classname="Kubernetes e2e suite" time="0">
          <skipped></skipped>
      </testcase>
      <testcase name="[sig-storage] In-tree Volumes [Driver: local][LocalVolumeType: tmpfs] [Testpattern: Dynamic PV (ntfs)][Feature:Windows] subPath should support readOnly directory specified in the volumeMount" classname="Kubernetes e2e suite" time="0">
          <skipped></skipped>
      </testcase>
      <testcase name="[sig-storage] In-tree Volumes [Driver: windows-gcepd] [Testpattern: Dynamic PV (ntfs)][Feature:Windows] provisioning should provision storage with mount options" classname="Kubernetes e2e suite" time="0">
          <skipped></skipped>
      </testcase>
      <testcase name="[sig-storage] In-tree Volumes [Driver: local][LocalVolumeType: dir-link] [Testpattern: Inline-volume (default fs)] subPath should fail if subpath file is outside the volume [Slow][LinuxOnly]" classname="Kubernetes e2e suite" time="0">
          <skipped></skipped>
      </testcase>
      <testcase name="[sig-storage] In-tree Volumes [Driver: vsphere] [Testpattern: Dynamic PV (ntfs)][Feature:Windows] subPath should fail if subpath with backstepping is outside the volume [Slow][LinuxOnly]" classname="Kubernetes e2e suite" time="0">
          <skipped></skipped>
      </testcase>
      <testcase name="[sig-storage] In-tree Volumes [Driver: vsphere] [Testpattern: Pre-provisioned PV (default fs)] subPath should fail if subpath directory is outside the volume [Slow][LinuxOnly]" classname="Kubernetes e2e suite" time="0">
          <skipped></skipped>
      </testcase>
      <testcase name="[sig-storage] In-tree Volumes [Driver: emptydir] [Testpattern: Inline-volume (default fs)] subPath should fail if non-existent subpath is outside the volume [Slow][LinuxOnly]" classname="Kubernetes e2e suite" time="0">
          <skipped></skipped>
      </testcase>
      <testcase name="[sig-storage] In-tree Volumes [Driver: windows-gcepd] [Testpattern: Dynamic PV (default fs)] subPath should support existing directories when readOnly specified in the volumeSource" classname="Kubernetes e2e suite" time="0">
          <skipped></skipped>
      </testcase>
      <testcase name="[sig-storage] In-tree Volumes [Driver: hostPathSymlink] [Testpattern: Pre-provisioned PV (block volmode)] multiVolume [Slow] should concurrently access the volume and its clone from pods on the same node [LinuxOnly][Feature:VolumeSnapshotDataSource][Feature:VolumeSourceXFS]" classname="Kubernetes e2e suite" time="0">
          <skipped></skipped>
      </testcase>
      <testcase name="[sig-storage] In-tree Volumes [Driver: iscsi][Feature:Volumes] [Testpattern: Inline-volume (default fs)] volumes should allow exec of files on the volume" classname="Kubernetes e2e suite" time="0">
          <skipped></skipped>
      </testcase>
      <testcase name="[sig-storage] CSI Volumes [Driver: csi-hostpath] [Testpattern: Dynamic PV (immediate binding)] topology should provision a volume and schedule a pod with AllowedTopologies" classname="Kubernetes e2e suite" time="0">
          <skipped></skipped>
      </testcase>
      <testcase name="[sig-network] Services should implement service.kubernetes.io/service-proxy-name" classname="Kubernetes e2e suite" time="0">
          <skipped></skipped>
      </testcase>
      <testcase name="[sig-storage] In-tree Volumes [Driver: windows-gcepd] [Testpattern: Pre-provisioned PV (filesystem volmode)] disruptive[Disruptive][LinuxOnly] Should test that pv written before kubelet restart is readable after restart." classname="Kubernetes e2e suite" time="0">
          <skipped></skipped>
      </testcase>
      <testcase name="[sig-storage] In-tree Volumes [Driver: vsphere] [Testpattern: Dynamic PV (default fs)] capacity provides storage capacity information" classname="Kubernetes e2e suite" time="0">
          <skipped></skipped>
      </testcase>
      <testcase name="[sig-storage] In-tree Volumes [Driver: local][LocalVolumeType: dir-bindmounted] [Testpattern: Dynamic PV (block volmode)] multiVolume [Slow] should concurrently access the single volume from pods on different node" classname="Kubernetes e2e suite" time="0">
          <skipped></skipped>
      </testcase>
      <testcase name="[sig-network] Netpol NetworkPolicy between server and client should enforce except clause while egress access to server in CIDR block [Feature:NetworkPolicy]" classname="Kubernetes e2e suite" time="0">
          <skipped></skipped>
      </testcase>
      <testcase name="[sig-network] Netpol NetworkPolicy between server and client should enforce policy to allow traffic from pods within server namespace based on PodSelector [Feature:NetworkPolicy]" classname="Kubernetes e2e suite" time="0">
          <skipped></skipped>
      </testcase>
      <testcase name="[sig-storage] In-tree Volumes [Driver: hostPath] [Testpattern: Dynamic PV (default fs)] fsgroupchangepolicy (Always)[LinuxOnly], pod created with an initial fsgroup, volume contents ownership changed in first pod, new pod with same fsgroup applied to the volume contents" classname="Kubernetes e2e suite" time="0">
          <skipped></skipped>
      </testcase>
      <testcase name="[sig-storage] In-tree Volumes [Driver: local][LocalVolumeType: dir] [Testpattern: Inline-volume (ext3)] volumes should allow exec of files on the volume" classname="Kubernetes e2e suite" time="0">
          <skipped></skipped>
      </testcase>
      <testcase name="[sig-storage] In-tree Volumes [Driver: windows-gcepd] [Testpattern: Dynamic PV (ntfs)][Feature:Windows] subPath should support restarting containers using file as subpath [Slow][LinuxOnly]" classname="Kubernetes e2e suite" time="0">
          <skipped></skipped>
      </testcase>
      <testcase name="[sig-storage] In-tree Volumes [Driver: local][LocalVolumeType: dir-bindmounted] [Testpattern: Dynamic PV (block volmode)] multiVolume [Slow] should concurrently access the single read-only volume from pods on the same node" classname="Kubernetes e2e suite" time="0">
          <skipped></skipped>
      </testcase>
      <testcase name="[sig-storage] In-tree Volumes [Driver: hostPath] [Testpattern: Inline-volume (default fs)] subPath should support readOnly file specified in the volumeMount [LinuxOnly]" classname="Kubernetes e2e suite" time="0">
          <skipped></skipped>
      </testcase>
      <testcase name="[sig-scheduling] SchedulerPreemption [Serial] PodTopologySpread Preemption validates proper pods are preempted" classname="Kubernetes e2e suite" time="0">
          <skipped></skipped>
      </testcase>
      <testcase name="[sig-storage] In-tree Volumes [Driver: hostPathSymlink] [Testpattern: Pre-provisioned PV (block volmode)] disruptive[Disruptive][LinuxOnly] Should test that pv used in a pod that is force deleted while the kubelet is down cleans up when the kubelet returns." classname="Kubernetes e2e suite" time="0">
          <skipped></skipped>
      </testcase>
      <testcase name="[sig-storage] In-tree Volumes [Driver: local][LocalVolumeType: dir-link] [Testpattern: Dynamic PV (ext4)] volumes should allow exec of files on the volume" classname="Kubernetes e2e suite" time="0">
          <skipped></skipped>
      </testcase>
      <testcase name="[sig-api-machinery] ServerSideApply should work for CRDs" classname="Kubernetes e2e suite" time="0">
          <skipped></skipped>
      </testcase>
      <testcase name="[sig-api-machinery] ServerSideApply should remove a field if it is owned but removed in the apply request" classname="Kubernetes e2e suite" time="0">
          <skipped></skipped>
      </testcase>
      <testcase name="[sig-storage] In-tree Volumes [Driver: vsphere] [Testpattern: Dynamic PV (filesystem volmode)] volumeLimits should support volume limits [Serial]" classname="Kubernetes e2e suite" time="0">
          <skipped></skipped>
      </testcase>
      <testcase name="[sig-storage] In-tree Volumes [Driver: hostPathSymlink] [Testpattern: Dynamic PV (block volmode)] volumeMode should fail in binding dynamic provisioned PV to PVC [Slow][LinuxOnly]" classname="Kubernetes e2e suite" time="0">
          <skipped></skipped>
      </testcase>
      <testcase name="[sig-storage] CSI Volumes [Driver: pd.csi.storage.gke.io][Serial] [Testpattern: Dynamic PV (block volmode)] multiVolume [Slow] should concurrently access the single volume from pods on the same node" classname="Kubernetes e2e suite" time="0">
          <skipped></skipped>
      </testcase>
      <testcase name="[sig-storage] In-tree Volumes [Driver: ceph][Feature:Volumes][Serial] [Testpattern: Pre-provisioned PV (block volmode)] multiVolume [Slow] should concurrently access the single volume from pods on different node" classname="Kubernetes e2e suite" time="0">
          <skipped></skipped>
      </testcase>
      <testcase name="[sig-storage] In-tree Volumes [Driver: local][LocalVolumeType: block] [Testpattern: Dynamic PV (ntfs)][Feature:Windows] subPath should support existing directories when readOnly specified in the volumeSource" classname="Kubernetes e2e suite" time="0">
          <skipped></skipped>
      </testcase>
      <testcase name="[sig-storage] In-tree Volumes [Driver: windows-gcepd] [Testpattern: Inline-volume (ext3)] volumes should store data" classname="Kubernetes e2e suite" time="0">
          <skipped></skipped>
      </testcase>
      <testcase name="[sig-storage] In-tree Volumes [Driver: windows-gcepd] [Testpattern: Dynamic PV (filesystem volmode)] volumeLimits should verify that all csinodes have volume limits" classname="Kubernetes e2e suite" time="0">
          <skipped></skipped>
      </testcase>
      <testcase name="[sig-storage] In-tree Volumes [Driver: cinder] [Testpattern: Inline-volume (default fs)] subPath should support existing directory" classname="Kubernetes e2e suite" time="0">
          <skipped></skipped>
      </testcase>
      <testcase name="[sig-storage] CSI Volumes [Driver: pd.csi.storage.gke.io][Serial] [Testpattern: Pre-provisioned PV (xfs)][Slow] volumes should allow exec of files on the volume" classname="Kubernetes e2e suite" time="0">
          <skipped></skipped>
      </testcase>
      <testcase name="[sig-storage] In-tree Volumes [Driver: gluster] [Testpattern: Dynamic PV (block volmode)] multiVolume [Slow] should access to two volumes with the same volume mode and retain data across pod recreation on the same node" classname="Kubernetes e2e suite" time="0">
          <skipped></skipped>
      </testcase>
      <testcase name="[sig-storage] In-tree Volumes [Driver: nfs] [Testpattern: Pre-provisioned PV (block volmode)] multiVolume [Slow] should access to two volumes with the same volume mode and retain data across pod recreation on different node" classname="Kubernetes e2e suite" time="0">
          <skipped></skipped>
      </testcase>
      <testcase name="[sig-storage] In-tree Volumes [Driver: nfs] [Testpattern: Dynamic PV (filesystem volmode)] volumeMode should not mount / map unused volumes in a pod [LinuxOnly]" classname="Kubernetes e2e suite" time="0">
          <skipped></skipped>
      </testcase>
      <testcase name="[sig-storage] In-tree Volumes [Driver: local][LocalVolumeType: tmpfs] [Testpattern: Dynamic PV (default fs)] subPath should support non-existent path" classname="Kubernetes e2e suite" time="0">
          <skipped></skipped>
      </testcase>
      <testcase name="[sig-storage] In-tree Volumes [Driver: local][LocalVolumeType: blockfs] [Testpattern: Dynamic PV (ntfs)][Feature:Windows] subPath should verify container cannot write to subpath readonly volumes [Slow]" classname="Kubernetes e2e suite" time="0">
          <skipped></skipped>
      </testcase>
      <testcase name="[sig-storage] In-tree Volumes [Driver: local][LocalVolumeType: dir-link] [Testpattern: Pre-provisioned PV (block volmode)] multiVolume [Slow] should access to two volumes with different volume mode and retain data across pod recreation on the same node" classname="Kubernetes e2e suite" time="0">
          <skipped></skipped>
      </testcase>
      <testcase name="[sig-storage] In-tree Volumes [Driver: rbd][Feature:Volumes][Serial] [Testpattern: Pre-provisioned PV (default fs)] subPath should fail if subpath file is outside the volume [Slow][LinuxOnly]" classname="Kubernetes e2e suite" time="0">
          <skipped></skipped>
      </testcase>
      <testcase name="[sig-network] Services should be able to change the type from ExternalName to ClusterIP [Conformance]" classname="Kubernetes e2e suite" time="35.188129377"></testcase>
      <testcase name="[sig-network] Netpol NetworkPolicy between server and client should enforce policy to allow ingress traffic for a target [Feature:NetworkPolicy] " classname="Kubernetes e2e suite" time="0">
          <skipped></skipped>
      </testcase>
      <testcase name="[sig-storage] In-tree Volumes [Driver: ceph][Feature:Volumes][Serial] [Testpattern: Dynamic PV (filesystem volmode)] disruptive[Disruptive][LinuxOnly] Should test that pv written before kubelet restart is readable after restart." classname="Kubernetes e2e suite" time="0">
          <skipped></skipped>
      </testcase>
      <testcase name="[sig-storage] In-tree Volumes [Driver: windows-gcepd] [Testpattern: Pre-provisioned PV (block volmode)] volumeMode should fail to use a volume in a pod with mismatched mode [Slow]" classname="Kubernetes e2e suite" time="0">
          <skipped></skipped>
      </testcase>
      <testcase name="[sig-storage] In-tree Volumes [Driver: local][LocalVolumeType: blockfs] [Testpattern: Dynamic PV (block volmode)] multiVolume [Slow] should concurrently access the single read-only volume from pods on the same node" classname="Kubernetes e2e suite" time="0">
          <skipped></skipped>
      </testcase>
      <testcase name="[sig-storage] In-tree Volumes [Driver: local][LocalVolumeType: dir] [Testpattern: Dynamic PV (default fs)] subPath should verify container cannot write to subpath readonly volumes [Slow]" classname="Kubernetes e2e suite" time="0">
          <skipped></skipped>
      </testcase>
      <testcase name="[sig-storage] HostPath should give a volume the correct mode [LinuxOnly] [NodeConformance]" classname="Kubernetes e2e suite" time="0">
          <skipped></skipped>
      </testcase>
      <testcase name="[sig-storage] In-tree Volumes [Driver: hostPathSymlink] [Testpattern: Dynamic PV (ext4)] multiVolume [Slow] should access to two volumes with the same volume mode and retain data across pod recreation on the same node" classname="Kubernetes e2e suite" time="0">
          <skipped></skipped>
      </testcase>
      <testcase name="[sig-storage] In-tree Volumes [Driver: local][LocalVolumeType: dir-link] [Testpattern: Dynamic PV (ext4)] multiVolume [Slow] should concurrently access the single read-only volume from pods on the same node" classname="Kubernetes e2e suite" time="0">
          <skipped></skipped>
      </testcase>
      <testcase name="[sig-storage] In-tree Volumes [Driver: local][LocalVolumeType: blockfs] [Testpattern: Pre-provisioned PV (filesystem volmode)] multiVolume [Slow] should access to two volumes with different volume mode and retain data across pod recreation on the same node" classname="Kubernetes e2e suite" time="0">
          <skipped></skipped>
      </testcase>
      <testcase name="[sig-storage] In-tree Volumes [Driver: vsphere] [Testpattern: Pre-provisioned PV (filesystem volmode)] disruptive[Disruptive][LinuxOnly] Should test that pv written before kubelet restart is readable after restart." classname="Kubernetes e2e suite" time="0">
          <skipped></skipped>
      </testcase>
      <testcase name="[sig-storage] CSI Volumes [Driver: csi-hostpath] [Testpattern: Pre-provisioned PV (filesystem volmode)] volumeMode should not mount / map unused volumes in a pod [LinuxOnly]" classname="Kubernetes e2e suite" time="0">
          <skipped></skipped>
      </testcase>
      <testcase name="[sig-node] Secrets should be consumable via the environment [NodeConformance] [Conformance]" classname="Kubernetes e2e suite" time="17.581218244"></testcase>
      <testcase name="[sig-storage] In-tree Volumes [Driver: gcepd] [Testpattern: Pre-provisioned PV (filesystem volmode)] volumeMode should fail to use a volume in a pod with mismatched mode [Slow]" classname="Kubernetes e2e suite" time="0">
          <skipped></skipped>
      </testcase>
      <testcase name="[sig-instrumentation] Events should ensure that an event can be fetched, patched, deleted, and listed [Conformance]" classname="Kubernetes e2e suite" time="0.44660408"></testcase>
      <testcase name="[sig-storage] CSI Volumes [Driver: pd.csi.storage.gke.io][Serial] [Testpattern: Dynamic PV (default fs)] subPath should support existing directory" classname="Kubernetes e2e suite" time="0">
          <skipped></skipped>
      </testcase>
      <testcase name="[sig-storage] CSI Volumes [Driver: pd.csi.storage.gke.io][Serial] [Testpattern: Dynamic PV (block volmode)] multiVolume [Slow] should access to two volumes with the same volume mode and retain data across pod recreation on the same node" classname="Kubernetes e2e suite" time="0">
          <skipped></skipped>
      </testcase>
      <testcase name="[sig-storage] In-tree Volumes [Driver: ceph][Feature:Volumes][Serial] [Testpattern: Dynamic PV (default fs)] subPath should fail if subpath with backstepping is outside the volume [Slow][LinuxOnly]" classname="Kubernetes e2e suite" time="0">
          <skipped></skipped>
      </testcase>
      <testcase name="[sig-storage] In-tree Volumes [Driver: local][LocalVolumeType: block] [Testpattern: Pre-provisioned PV (ext3)] volumes should allow exec of files on the volume" classname="Kubernetes e2e suite" time="0">
          <skipped></skipped>
      </testcase>
      <testcase name="[sig-storage] CSI mock volume CSI NodeStage error cases [Slow] should call NodeUnstage after NodeStage success" classname="Kubernetes e2e suite" time="0">
          <skipped></skipped>
      </testcase>
      <testcase name="[sig-storage] In-tree Volumes [Driver: azure-disk] [Testpattern: Dynamic PV (default fs)] subPath should support readOnly directory specified in the volumeMount" classname="Kubernetes e2e suite" time="0">
          <skipped></skipped>
      </testcase>
      <testcase name="[sig-storage] In-tree Volumes [Driver: ceph][Feature:Volumes][Serial] [Testpattern: Dynamic PV (ext4)] volumes should store data" classname="Kubernetes e2e suite" time="0">
          <skipped></skipped>
      </testcase>
      <testcase name="[sig-storage] In-tree Volumes [Driver: rbd][Feature:Volumes][Serial] [Testpattern: Dynamic PV (block volmode)] disruptive[Disruptive][LinuxOnly] Should test that pv used in a pod that is deleted while the kubelet is down cleans up when the kubelet returns." classname="Kubernetes e2e suite" time="0">
          <skipped></skipped>
      </testcase>
      <testcase name="[sig-storage] In-tree Volumes [Driver: local][LocalVolumeType: tmpfs] [Testpattern: Dynamic PV (ntfs)][Feature:Windows] subPath should fail if subpath directory is outside the volume [Slow][LinuxOnly]" classname="Kubernetes e2e suite" time="0">
          <skipped></skipped>
      </testcase>
      <testcase name="[sig-network] Netpol NetworkPolicy between server and client should enforce policy based on PodSelector with MatchExpressions[Feature:NetworkPolicy]" classname="Kubernetes e2e suite" time="0">
          <skipped></skipped>
      </testcase>
      <testcase name="[sig-storage] In-tree Volumes [Driver: cinder] [Testpattern: Dynamic PV (default fs)] fsgroupchangepolicy (OnRootMismatch)[LinuxOnly], pod created with an initial fsgroup, volume contents ownership changed in first pod, new pod with same fsgroup skips ownership changes to the volume contents" classname="Kubernetes e2e suite" time="0">
          <skipped></skipped>
      </testcase>
      <testcase name="[sig-cli] Kubectl client Kubectl run pod should create a pod from an image when restart is Never  [Conformance]" classname="Kubernetes e2e suite" time="10.010159297"></testcase>
      <testcase name="[sig-storage] Volume FStype [Feature:vsphere] verify invalid fstype" classname="Kubernetes e2e suite" time="0">
          <skipped></skipped>
      </testcase>
      <testcase name="[sig-storage] In-tree Volumes [Driver: ceph][Feature:Volumes][Serial] [Testpattern: Dynamic PV (ext4)] multiVolume [Slow] should access to two volumes with the same volume mode and retain data across pod recreation on the same node" classname="Kubernetes e2e suite" time="0">
          <skipped></skipped>
      </testcase>
      <testcase name="[sig-storage] In-tree Volumes [Driver: hostPathSymlink] [Testpattern: Dynamic PV (ext4)] multiVolume [Slow] should concurrently access the single volume from pods on the same node" classname="Kubernetes e2e suite" time="0">
          <skipped></skipped>
      </testcase>
      <testcase name="[sig-network] Services should find a service from listing all namespaces [Conformance]" classname="Kubernetes e2e suite" time="0.238678127"></testcase>
      <testcase name="[sig-storage] In-tree Volumes [Driver: hostPathSymlink] [Testpattern: Pre-provisioned PV (ext3)] volumes should allow exec of files on the volume" classname="Kubernetes e2e suite" time="0">
          <skipped></skipped>
      </testcase>
      <testcase name="[sig-storage] PersistentVolumes NFS with multiple PVs and PVCs all in same ns should create 4 PVs and 2 PVCs: test write access [Slow]" classname="Kubernetes e2e suite" time="0">
          <skipped></skipped>
      </testcase>
      <testcase name="[sig-storage] In-tree Volumes [Driver: emptydir] [Testpattern: Pre-provisioned PV (block volmode)] multiVolume [Slow] should concurrently access the volume and its clone from pods on the same node [LinuxOnly][Feature:VolumeSnapshotDataSource][Feature:VolumeSourceXFS]" classname="Kubernetes e2e suite" time="0">
          <skipped></skipped>
      </testcase>
      <testcase name="[sig-api-machinery] ResourceQuota [Feature:ScopeSelectors] should verify ResourceQuota with best effort scope using scope-selectors." classname="Kubernetes e2e suite" time="0">
          <skipped></skipped>
      </testcase>
      <testcase name="[sig-storage] In-tree Volumes [Driver: gcepd] [Testpattern: Dynamic PV (xfs)][Slow] multiVolume [Slow] should concurrently access the volume and restored snapshot from pods on the same node [LinuxOnly][Feature:VolumeSnapshotDataSource][Feature:VolumeSourceXFS]" classname="Kubernetes e2e suite" time="0">
          <skipped></skipped>
      </testcase>
      <testcase name="[sig-storage] HostPathType Character Device [Slow] Should be able to mount character device &#39;achardev&#39; successfully when HostPathType is HostPathUnset" classname="Kubernetes e2e suite" time="0">
          <skipped></skipped>
      </testcase>
      <testcase name="[sig-storage] In-tree Volumes [Driver: local][LocalVolumeType: dir-bindmounted] [Testpattern: Dynamic PV (block volmode)] volumeMode should fail to use a volume in a pod with mismatched mode [Slow]" classname="Kubernetes e2e suite" time="0">
          <skipped></skipped>
      </testcase>
      <testcase name="[sig-cli] Kubectl client Kubectl get componentstatuses should get componentstatuses" classname="Kubernetes e2e suite" time="0">
          <skipped></skipped>
      </testcase>
      <testcase name="[sig-storage] In-tree Volumes [Driver: local][LocalVolumeType: dir] [Testpattern: Inline-volume (default fs)] subPath should support non-existent path" classname="Kubernetes e2e suite" time="0">
          <skipped></skipped>
      </testcase>
      <testcase name="[sig-storage] In-tree Volumes [Driver: gluster] [Testpattern: Dynamic PV (block volmode)] provisioning should provision storage with mount options" classname="Kubernetes e2e suite" time="0">
          <skipped></skipped>
      </testcase>
      <testcase name="[sig-storage] In-tree Volumes [Driver: local][LocalVolumeType: blockfs] [Testpattern: Pre-provisioned PV (default fs)] subPath should verify container cannot write to subpath readonly volumes [Slow]" classname="Kubernetes e2e suite" time="0">
          <skipped></skipped>
      </testcase>
      <testcase name="[sig-storage] In-tree Volumes [Driver: hostPathSymlink] [Testpattern: Dynamic PV (ext4)] multiVolume [Slow] should concurrently access the single read-only volume from pods on the same node" classname="Kubernetes e2e suite" time="0">
          <skipped></skipped>
      </testcase>
      <testcase name="[sig-storage] In-tree Volumes [Driver: local][LocalVolumeType: dir-link-bindmounted] [Testpattern: Dynamic PV (default fs)] provisioning should provision storage with mount options" classname="Kubernetes e2e suite" time="0">
          <skipped></skipped>
      </testcase>
      <testcase name="[sig-storage] In-tree Volumes [Driver: emptydir] [Testpattern: Inline-volume (default fs)] subPath should support restarting containers using file as subpath [Slow][LinuxOnly]" classname="Kubernetes e2e suite" time="0">
          <skipped></skipped>
      </testcase>
      <testcase name="[sig-storage] In-tree Volumes [Driver: local][LocalVolumeType: dir-link-bindmounted] [Testpattern: Pre-provisioned PV (block volmode)] volumeMode should fail to use a volume in a pod with mismatched mode [Slow]" classname="Kubernetes e2e suite" time="0">
          <skipped></skipped>
      </testcase>
      <testcase name="[sig-storage] In-tree Volumes [Driver: aws] [Testpattern: Pre-provisioned PV (default fs)] subPath should fail if non-existent subpath is outside the volume [Slow][LinuxOnly]" classname="Kubernetes e2e suite" time="0">
          <skipped></skipped>
      </testcase>
      <testcase name="[sig-storage] In-tree Volumes [Driver: local][LocalVolumeType: dir-link] [Testpattern: Pre-provisioned PV (ntfs)][Feature:Windows] volumes should allow exec of files on the volume" classname="Kubernetes e2e suite" time="0">
          <skipped></skipped>
      </testcase>
      <testcase name="[sig-storage] In-tree Volumes [Driver: windows-gcepd] [Testpattern: Pre-provisioned PV (default fs)] volumes should allow exec of files on the volume" classname="Kubernetes e2e suite" time="0">
          <skipped></skipped>
      </testcase>
      <testcase name="[sig-storage] CSI Volumes [Driver: csi-hostpath] [Testpattern: Dynamic PV (ntfs)][Feature:Windows] subPath should support creating multiple subpath from same volumes [Slow]" classname="Kubernetes e2e suite" time="0">
          <skipped></skipped>
      </testcase>
      <testcase name="[sig-storage] Projected downwardAPI should provide node allocatable (memory) as default memory limit if the limit is not set [NodeConformance] [Conformance]" classname="Kubernetes e2e suite" time="8.896204404"></testcase>
      <testcase name="[sig-storage] In-tree Volumes [Driver: hostPath] [Testpattern: Pre-provisioned PV (block volmode)] disruptive[Disruptive][LinuxOnly] Should test that pv used in a pod that is deleted while the kubelet is down cleans up when the kubelet returns." classname="Kubernetes e2e suite" time="0">
          <skipped></skipped>
      </testcase>
      <testcase name="[sig-storage] In-tree Volumes [Driver: rbd][Feature:Volumes][Serial] [Testpattern: Dynamic PV (default fs)] subPath should verify container cannot write to subpath readonly volumes [Slow]" classname="Kubernetes e2e suite" time="0">
          <skipped></skipped>
      </testcase>
      <testcase name="[sig-storage] CSI Volumes [Driver: pd.csi.storage.gke.io][Serial] [Testpattern: Inline-volume (ntfs)][Feature:Windows] volumes should store data" classname="Kubernetes e2e suite" time="0">
          <skipped></skipped>
      </testcase>
      <testcase name="[sig-storage] In-tree Volumes [Driver: local][LocalVolumeType: gce-localssd-scsi-fs] [Serial] [Testpattern: Pre-provisioned PV (ext4)] volumes should allow exec of files on the volume" classname="Kubernetes e2e suite" time="0">
          <skipped></skipped>
      </testcase>
      <testcase name="[sig-storage] CSI mock volume CSI workload information using mock driver should not be passed when podInfoOnMount=nil" classname="Kubernetes e2e suite" time="0">
          <skipped></skipped>
      </testcase>
      <testcase name="[sig-node] Security Context When creating a container with runAsNonRoot should not run without a specified user ID" classname="Kubernetes e2e suite" time="0">
          <skipped></skipped>
      </testcase>
      <testcase name="[sig-storage] In-tree Volumes [Driver: hostPathSymlink] [Testpattern: Dynamic PV (xfs)][Slow] multiVolume [Slow] should access to two volumes with the same volume mode and retain data across pod recreation on different node" classname="Kubernetes e2e suite" time="0">
          <skipped></skipped>
      </testcase>
      <testcase name="[sig-storage] In-tree Volumes [Driver: hostPath] [Testpattern: Pre-provisioned PV (block volmode)] volumeMode should fail to use a volume in a pod with mismatched mode [Slow]" classname="Kubernetes e2e suite" time="0">
          <skipped></skipped>
      </testcase>
      <testcase name="[sig-storage] CSI Volumes [Driver: csi-hostpath] [Testpattern: Dynamic PV (filesystem volmode)] multiVolume [Slow] should access to two volumes with the same volume mode and retain data across pod recreation on different node" classname="Kubernetes e2e suite" time="0">
          <skipped></skipped>
      </testcase>
      <testcase name="[sig-autoscaling] Cluster size autoscaling [Slow] should add node to the particular mig [Feature:ClusterSizeAutoscalingScaleUp]" classname="Kubernetes e2e suite" time="0">
          <skipped></skipped>
      </testcase>
      <testcase name="[sig-storage] In-tree Volumes [Driver: vsphere] [Testpattern: Pre-provisioned PV (block volmode)] multiVolume [Slow] should access to two volumes with the same volume mode and retain data across pod recreation on different node" classname="Kubernetes e2e suite" time="0">
          <skipped></skipped>
      </testcase>
      <testcase name="[sig-storage] In-tree Volumes [Driver: hostPath] [Testpattern: Dynamic PV (filesystem volmode)] multiVolume [Slow] should concurrently access the volume and its clone from pods on the same node [LinuxOnly][Feature:VolumeSnapshotDataSource][Feature:VolumeSourceXFS]" classname="Kubernetes e2e suite" time="0">
          <skipped></skipped>
      </testcase>
      <testcase name="[sig-storage] In-tree Volumes [Driver: emptydir] [Testpattern: Dynamic PV (ext4)] multiVolume [Slow] should concurrently access the single volume from pods on the same node" classname="Kubernetes e2e suite" time="0">
          <skipped></skipped>
      </testcase>
      <testcase name="[sig-storage] CSI Volumes [Driver: csi-hostpath] [Testpattern: Dynamic PV (block volmode)] volume-stress multiple pods should access different volumes repeatedly [Slow] [Serial]" classname="Kubernetes e2e suite" time="0">
          <skipped></skipped>
      </testcase>
      <testcase name="[sig-storage] In-tree Volumes [Driver: local][LocalVolumeType: blockfs] [Testpattern: Pre-provisioned PV (block volmode)] multiVolume [Slow] should access to two volumes with the same volume mode and retain data across pod recreation on the same node" classname="Kubernetes e2e suite" time="0">
          <skipped></skipped>
      </testcase>
      <testcase name="[sig-storage] In-tree Volumes [Driver: hostPath] [Testpattern: Dynamic PV (default fs)] subPath should unmount if pod is gracefully deleted while kubelet is down [Disruptive][Slow][LinuxOnly]" classname="Kubernetes e2e suite" time="0">
          <skipped></skipped>
      </testcase>
      <testcase name="[sig-storage] In-tree Volumes [Driver: vsphere] [Testpattern: Dynamic PV (ntfs)][Feature:Windows] subPath should support non-existent path" classname="Kubernetes e2e suite" time="0">
          <skipped></skipped>
      </testcase>
      <testcase name="[sig-cli] Kubectl client Simple pod should return command exit codes execing into a container with a successful command" classname="Kubernetes e2e suite" time="0">
          <skipped></skipped>
      </testcase>
      <testcase name="[sig-storage] In-tree Volumes [Driver: emptydir] [Testpattern: Pre-provisioned PV (filesystem volmode)] multiVolume [Slow] should access to two volumes with different volume mode and retain data across pod recreation on different node" classname="Kubernetes e2e suite" time="0">
          <skipped></skipped>
      </testcase>
      <testcase name="[sig-node] Security Context When creating a container with runAsNonRoot should run with an image specified user ID" classname="Kubernetes e2e suite" time="0">
          <skipped></skipped>
      </testcase>
      <testcase name="[sig-storage] In-tree Volumes [Driver: local][LocalVolumeType: block] [Testpattern: Inline-volume (default fs)] subPath should be able to unmount after the subpath directory is deleted [LinuxOnly]" classname="Kubernetes e2e suite" time="0">
          <skipped></skipped>
      </testcase>
      <testcase name="[sig-storage] Volume Disk Format [Feature:vsphere] verify disk format type - thin is honored for dynamically provisioned pv using storageclass" classname="Kubernetes e2e suite" time="0">
          <skipped></skipped>
      </testcase>
      <testcase name="[sig-storage] In-tree Volumes [Driver: nfs] [Testpattern: Dynamic PV (xfs)][Slow] volumes should store data" classname="Kubernetes e2e suite" time="0">
          <skipped></skipped>
      </testcase>
      <testcase name="[sig-network] Networking Granular Checks: Services should function for client IP based session affinity: udp [LinuxOnly]" classname="Kubernetes e2e suite" time="0">
          <skipped></skipped>
      </testcase>
      <testcase name="[sig-network] Netpol NetworkPolicy between server and client should not mistakenly treat &#39;protocol: SCTP&#39; as &#39;protocol: TCP&#39;, even if the plugin doesn&#39;t support SCTP [Feature:NetworkPolicy]" classname="Kubernetes e2e suite" time="0">
          <skipped></skipped>
      </testcase>
      <testcase name="[sig-storage] In-tree Volumes [Driver: azure-disk] [Testpattern: Inline-volume (xfs)][Slow] volumes should allow exec of files on the volume" classname="Kubernetes e2e suite" time="0">
          <skipped></skipped>
      </testcase>
      <testcase name="[sig-storage] In-tree Volumes [Driver: rbd][Feature:Volumes][Serial] [Testpattern: Inline-volume (ntfs)][Feature:Windows] volumes should allow exec of files on the volume" classname="Kubernetes e2e suite" time="0">
          <skipped></skipped>
      </testcase>
      <testcase name="[sig-network] [Feature:IPv6DualStack] should have ipv4 and ipv6 node podCIDRs [LinuxOnly]" classname="Kubernetes e2e suite" time="0">
          <skipped></skipped>
      </testcase>
      <testcase name="[sig-network] DNS configMap nameserver Forward PTR lookup should forward PTR records lookup to upstream nameserver [Slow][Serial]" classname="Kubernetes e2e suite" time="0">
          <skipped></skipped>
      </testcase>
      <testcase name="[sig-storage] In-tree Volumes [Driver: local][LocalVolumeType: dir-link] [Testpattern: Dynamic PV (block volmode)] provisioning should provision storage with mount options" classname="Kubernetes e2e suite" time="0">
          <skipped></skipped>
      </testcase>
      <testcase name="[sig-storage] In-tree Volumes [Driver: windows-gcepd] [Testpattern: Pre-provisioned PV (block volmode)] multiVolume [Slow] should concurrently access the single volume from pods on the same node" classname="Kubernetes e2e suite" time="0">
          <skipped></skipped>
      </testcase>
      <testcase name="[sig-storage] CSI Volumes [Driver: csi-hostpath] [Testpattern: Dynamic Snapshot (retain policy)] snapshottable-stress[Feature:VolumeSnapshotDataSource] should support snapshotting of many volumes repeatedly [Slow] [Serial]" classname="Kubernetes e2e suite" time="0">
          <skipped></skipped>
      </testcase>
      <testcase name="[sig-cluster-lifecycle] [Feature:BootstrapTokens] should delete the token secret when the secret expired" classname="Kubernetes e2e suite" time="0">
          <skipped></skipped>
      </testcase>
      <testcase name="[sig-network] Networking Granular Checks: Pods should function for intra-pod communication: udp [NodeConformance] [Conformance]" classname="Kubernetes e2e suite" time="206.985061252"></testcase>
      <testcase name="[sig-storage] In-tree Volumes [Driver: local][LocalVolumeType: tmpfs] [Testpattern: Pre-provisioned PV (block volmode)] volumeMode should fail to use a volume in a pod with mismatched mode [Slow]" classname="Kubernetes e2e suite" time="0">
          <skipped></skipped>
      </testcase>
      <testcase name="[sig-storage] In-tree Volumes [Driver: local][LocalVolumeType: blockfs] [Testpattern: Dynamic PV (default fs)] fsgroupchangepolicy (OnRootMismatch)[LinuxOnly], pod created with an initial fsgroup, new pod fsgroup applied to volume contents" classname="Kubernetes e2e suite" time="0">
          <skipped></skipped>
      </testcase>
      <testcase name="[sig-storage] Zone Support [Feature:vsphere] Verify PVC creation fails if only datastore is specified in the storage class (No shared datastores exist among all the nodes)" classname="Kubernetes e2e suite" time="0">
          <skipped></skipped>
      </testcase>
      <testcase name="[sig-storage] CSI Volumes [Driver: pd.csi.storage.gke.io][Serial] [Testpattern: Pre-provisioned PV (default fs)] volumes should store data" classname="Kubernetes e2e suite" time="0">
          <skipped></skipped>
      </testcase>
      <testcase name="[sig-storage] In-tree Volumes [Driver: gcepd] [Testpattern: Dynamic PV (xfs)][Slow] multiVolume [Slow] should access to two volumes with the same volume mode and retain data across pod recreation on different node" classname="Kubernetes e2e suite" time="0">
          <skipped></skipped>
      </testcase>
      <testcase name="[sig-storage] CSI Volumes [Driver: pd.csi.storage.gke.io][Serial] [Testpattern: Dynamic PV (ntfs)][Feature:Windows] provisioning should provision storage with snapshot data source [Feature:VolumeSnapshotDataSource]" classname="Kubernetes e2e suite" time="0">
          <skipped></skipped>
      </testcase>
      <testcase name="[sig-storage] In-tree Volumes [Driver: local][LocalVolumeType: blockfs] [Testpattern: Dynamic PV (block volmode)] multiVolume [Slow] should concurrently access the single volume from pods on the same node" classname="Kubernetes e2e suite" time="0">
          <skipped></skipped>
      </testcase>
      <testcase name="[sig-storage] In-tree Volumes [Driver: local][LocalVolumeType: gce-localssd-scsi-fs] [Serial] [Testpattern: Dynamic PV (xfs)][Slow] multiVolume [Slow] should concurrently access the single volume from pods on different node" classname="Kubernetes e2e suite" time="0">
          <skipped></skipped>
      </testcase>
      <testcase name="[sig-storage] In-tree Volumes [Driver: hostPathSymlink] [Testpattern: Dynamic PV (ext4)] multiVolume [Slow] should concurrently access the volume and restored snapshot from pods on the same node [LinuxOnly][Feature:VolumeSnapshotDataSource][Feature:VolumeSourceXFS]" classname="Kubernetes e2e suite" time="0">
          <skipped></skipped>
      </testcase>
      <testcase name="[sig-storage] In-tree Volumes [Driver: aws] [Testpattern: Dynamic PV (ntfs)][Feature:Windows] subPath should support creating multiple subpath from same volumes [Slow]" classname="Kubernetes e2e suite" time="0">
          <skipped></skipped>
      </testcase>
      <testcase name="[sig-storage] In-tree Volumes [Driver: gluster] [Testpattern: Dynamic PV (filesystem volmode)] disruptive[Disruptive][LinuxOnly] Should test that pv written before kubelet restart is readable after restart." classname="Kubernetes e2e suite" time="0">
          <skipped></skipped>
      </testcase>
      <testcase name="[sig-storage] In-tree Volumes [Driver: ceph][Feature:Volumes][Serial] [Testpattern: Dynamic PV (block volmode)] volume-stress multiple pods should access different volumes repeatedly [Slow] [Serial]" classname="Kubernetes e2e suite" time="0">
          <skipped></skipped>
      </testcase>
      <testcase name="[sig-storage] In-tree Volumes [Driver: local][LocalVolumeType: gce-localssd-scsi-fs] [Serial] [Testpattern: Inline-volume (default fs)] volumes should allow exec of files on the volume" classname="Kubernetes e2e suite" time="0">
          <skipped></skipped>
      </testcase>
      <testcase name="[sig-storage] Dynamic Provisioning DynamicProvisioner Default should be disabled by changing the default annotation [Serial] [Disruptive]" classname="Kubernetes e2e suite" time="0">
          <skipped></skipped>
      </testcase>
      <testcase name="[sig-node] Security Context when creating containers with AllowPrivilegeEscalation should not allow privilege escalation when false [LinuxOnly] [NodeConformance] [Conformance]" classname="Kubernetes e2e suite" time="9.229088997"></testcase>
      <testcase name="[sig-storage] PersistentVolumes-local  StatefulSet with pod affinity [Slow] should use volumes on one node when pod has affinity" classname="Kubernetes e2e suite" time="0">
          <skipped></skipped>
      </testcase>
      <testcase name="[sig-storage] In-tree Volumes [Driver: iscsi][Feature:Volumes] [Testpattern: Pre-provisioned PV (filesystem volmode)] multiVolume [Slow] should access to two volumes with different volume mode and retain data across pod recreation on the same node" classname="Kubernetes e2e suite" time="0">
          <skipped></skipped>
      </testcase>
      <testcase name="[sig-storage] In-tree Volumes [Driver: cinder] [Testpattern: Dynamic PV (filesystem volmode)] multiVolume [Slow] should access to two volumes with different volume mode and retain data across pod recreation on the same node" classname="Kubernetes e2e suite" time="0">
          <skipped></skipped>
      </testcase>
      <testcase name="[sig-apps] StatefulSet Basic StatefulSet functionality [StatefulSetBasic] Should recreate evicted statefulset [Conformance]" classname="Kubernetes e2e suite" time="30.703336909"></testcase>
      <testcase name="[sig-storage] In-tree Volumes [Driver: emptydir] [Testpattern: Dynamic PV (ext4)] multiVolume [Slow] should access to two volumes with different volume mode and retain data across pod recreation on different node" classname="Kubernetes e2e suite" time="0">
          <skipped></skipped>
      </testcase>
      <testcase name="[sig-storage] In-tree Volumes [Driver: gluster] [Testpattern: Dynamic PV (block volmode)(allowExpansion)] volume-expand Verify if offline PVC expansion works" classname="Kubernetes e2e suite" time="0">
          <skipped></skipped>
      </testcase>
      <testcase name="[sig-storage] In-tree Volumes [Driver: vsphere] [Testpattern: Dynamic PV (xfs)][Slow] multiVolume [Slow] should access to two volumes with the same volume mode and retain data across pod recreation on the same node" classname="Kubernetes e2e suite" time="0">
          <skipped></skipped>
      </testcase>
      <testcase name="[sig-storage] In-tree Volumes [Driver: vsphere] [Testpattern: Pre-provisioned PV (filesystem volmode)] multiVolume [Slow] should concurrently access the volume and its clone from pods on the same node [LinuxOnly][Feature:VolumeSnapshotDataSource][Feature:VolumeSourceXFS]" classname="Kubernetes e2e suite" time="0">
          <skipped></skipped>
      </testcase>
      <testcase name="[sig-storage] In-tree Volumes [Driver: iscsi][Feature:Volumes] [Testpattern: Dynamic PV (block volmode)] volume-expand should not allow expansion of pvcs without AllowVolumeExpansion property" classname="Kubernetes e2e suite" time="0">
          <skipped></skipped>
      </testcase>
      <testcase name="[sig-storage] In-tree Volumes [Driver: local][LocalVolumeType: dir] [Testpattern: Pre-provisioned PV (default fs)] subPath should unmount if pod is gracefully deleted while kubelet is down [Disruptive][Slow][LinuxOnly]" classname="Kubernetes e2e suite" time="0">
          <skipped></skipped>
      </testcase>
      <testcase name="[sig-storage] In-tree Volumes [Driver: aws] [Testpattern: Pre-provisioned PV (filesystem volmode)] volumeMode should not mount / map unused volumes in a pod [LinuxOnly]" classname="Kubernetes e2e suite" time="0">
          <skipped></skipped>
      </testcase>
      <testcase name="[sig-storage] PersistentVolumes GCEPD should test that deleting the PV before the pod does not cause pod deletion to fail on PD detach" classname="Kubernetes e2e suite" time="0">
          <skipped></skipped>
      </testcase>
      <testcase name="[sig-storage] In-tree Volumes [Driver: emptydir] [Testpattern: Dynamic PV (default fs)] fsgroupchangepolicy (Always)[LinuxOnly], pod created with an initial fsgroup, volume contents ownership changed in first pod, new pod with different fsgroup applied to the volume contents" classname="Kubernetes e2e suite" time="0">
          <skipped></skipped>
      </testcase>
      <testcase name="[sig-storage] In-tree Volumes [Driver: local][LocalVolumeType: dir-link] [Testpattern: Pre-provisioned PV (default fs)] subPath should support readOnly directory specified in the volumeMount" classname="Kubernetes e2e suite" time="0">
          <skipped></skipped>
      </testcase>
      <testcase name="[sig-storage] In-tree Volumes [Driver: iscsi][Feature:Volumes] [Testpattern: Pre-provisioned PV (block volmode)] multiVolume [Slow] should access to two volumes with different volume mode and retain data across pod recreation on the same node" classname="Kubernetes e2e suite" time="0">
          <skipped></skipped>
      </testcase>
      <testcase name="[sig-storage] In-tree Volumes [Driver: local][LocalVolumeType: tmpfs] [Testpattern: Dynamic PV (ntfs)][Feature:Windows] subPath should support existing directories when readOnly specified in the volumeSource" classname="Kubernetes e2e suite" time="0">
          <skipped></skipped>
      </testcase>
      <testcase name="[sig-storage] CSI Volumes [Driver: csi-hostpath] [Testpattern: Dynamic PV (block volmode)(allowExpansion)] volume-expand should resize volume when PVC is edited while pod is using it" classname="Kubernetes e2e suite" time="0">
          <skipped></skipped>
      </testcase>
      <testcase name="[sig-storage] In-tree Volumes [Driver: emptydir] [Testpattern: Dynamic PV (default fs)] volumes should allow exec of files on the volume" classname="Kubernetes e2e suite" time="0">
          <skipped></skipped>
      </testcase>
      <testcase name="[sig-storage] In-tree Volumes [Driver: hostPath] [Testpattern: Dynamic PV (filesystem volmode)] multiVolume [Slow] should concurrently access the volume and restored snapshot from pods on the same node [LinuxOnly][Feature:VolumeSnapshotDataSource][Feature:VolumeSourceXFS]" classname="Kubernetes e2e suite" time="0">
          <skipped></skipped>
      </testcase>
      <testcase name="[sig-storage] In-tree Volumes [Driver: azure-disk] [Testpattern: Dynamic PV (ntfs)][Feature:Windows] subPath should support restarting containers using file as subpath [Slow][LinuxOnly]" classname="Kubernetes e2e suite" time="0">
          <skipped></skipped>
      </testcase>
      <testcase name="[sig-storage] In-tree Volumes [Driver: local][LocalVolumeType: gce-localssd-scsi-fs] [Serial] [Testpattern: Dynamic PV (filesystem volmode)] multiVolume [Slow] should concurrently access the single volume from pods on the same node" classname="Kubernetes e2e suite" time="0">
          <skipped></skipped>
      </testcase>
      <testcase name="[sig-storage] In-tree Volumes [Driver: local][LocalVolumeType: dir] [Testpattern: Dynamic PV (default fs)] subPath should support readOnly file specified in the volumeMount [LinuxOnly]" classname="Kubernetes e2e suite" time="0">
          <skipped></skipped>
      </testcase>
      <testcase name="[sig-storage] In-tree Volumes [Driver: emptydir] [Testpattern: Dynamic PV (default fs)] subPath should be able to unmount after the subpath directory is deleted [LinuxOnly]" classname="Kubernetes e2e suite" time="0">
          <skipped></skipped>
      </testcase>
      <testcase name="[sig-storage] In-tree Volumes [Driver: cinder] [Testpattern: Inline-volume (default fs)] subPath should unmount if pod is force deleted while kubelet is down [Disruptive][Slow][LinuxOnly]" classname="Kubernetes e2e suite" time="0">
          <skipped></skipped>
      </testcase>
      <testcase name="[sig-storage] In-tree Volumes [Driver: local][LocalVolumeType: tmpfs] [Testpattern: Dynamic PV (xfs)][Slow] multiVolume [Slow] should access to two volumes with different volume mode and retain data across pod recreation on the same node" classname="Kubernetes e2e suite" time="0">
          <skipped></skipped>
      </testcase>
      <testcase name="[sig-storage] Volume Provisioning On Clustered Datastore [Feature:vsphere] verify static provisioning on clustered datastore" classname="Kubernetes e2e suite" time="0">
          <skipped></skipped>
      </testcase>
      <testcase name="[sig-storage] In-tree Volumes [Driver: hostPathSymlink] [Testpattern: Inline-volume (default fs)] subPath should be able to unmount after the subpath directory is deleted [LinuxOnly]" classname="Kubernetes e2e suite" time="0">
          <skipped></skipped>
      </testcase>
      <testcase name="[sig-storage] In-tree Volumes [Driver: vsphere] [Testpattern: Dynamic PV (ntfs)(allowExpansion)][Feature:Windows] volume-expand should resize volume when PVC is edited while pod is using it" classname="Kubernetes e2e suite" time="0">
          <skipped></skipped>
      </testcase>
      <testcase name="[sig-apps] DisruptionController should observe PodDisruptionBudget status updated [Conformance]" classname="Kubernetes e2e suite" time="68.494240572"></testcase>
      <testcase name="[sig-storage] In-tree Volumes [Driver: gluster] [Testpattern: Dynamic PV (filesystem volmode)] multiVolume [Slow] should access to two volumes with the same volume mode and retain data across pod recreation on different node" classname="Kubernetes e2e suite" time="0">
          <skipped></skipped>
      </testcase>
      <testcase name="[sig-storage] In-tree Volumes [Driver: azure-disk] [Testpattern: Dynamic PV (default fs)] fsgroupchangepolicy (OnRootMismatch)[LinuxOnly], pod created with an initial fsgroup, new pod fsgroup applied to volume contents" classname="Kubernetes e2e suite" time="0">
          <skipped></skipped>
      </testcase>
      <testcase name="[sig-storage] In-tree Volumes [Driver: ceph][Feature:Volumes][Serial] [Testpattern: Pre-provisioned PV (default fs)] subPath should be able to unmount after the subpath directory is deleted [LinuxOnly]" classname="Kubernetes e2e suite" time="0">
          <skipped></skipped>
      </testcase>
      <testcase name="[sig-node] Security Context should support seccomp unconfined on the pod [LinuxOnly]" classname="Kubernetes e2e suite" time="0">
          <skipped></skipped>
      </testcase>
      <testcase name="[sig-storage] PersistentVolumes GCEPD should test that deleting the Namespace of a PVC and Pod causes the successful detach of Persistent Disk" classname="Kubernetes e2e suite" time="0">
          <skipped></skipped>
      </testcase>
      <testcase name="[sig-storage] In-tree Volumes [Driver: emptydir] [Testpattern: Pre-provisioned PV (filesystem volmode)] multiVolume [Slow] should concurrently access the volume and restored snapshot from pods on the same node [LinuxOnly][Feature:VolumeSnapshotDataSource][Feature:VolumeSourceXFS]" classname="Kubernetes e2e suite" time="0">
          <skipped></skipped>
      </testcase>
      <testcase name="[sig-autoscaling] Cluster size autoscaling [Slow] should increase cluster size if pod requesting EmptyDir volume is pending [Feature:ClusterSizeAutoscalingScaleUp]" classname="Kubernetes e2e suite" time="0">
          <skipped></skipped>
      </testcase>
      <testcase name="[sig-storage] In-tree Volumes [Driver: hostPath] [Testpattern: Inline-volume (ext4)] volumes should allow exec of files on the volume" classname="Kubernetes e2e suite" time="0">
          <skipped></skipped>
      </testcase>
      <testcase name="[sig-storage] In-tree Volumes [Driver: cinder] [Testpattern: Inline-volume (default fs)] subPath should support creating multiple subpath from same volumes [Slow]" classname="Kubernetes e2e suite" time="0">
          <skipped></skipped>
      </testcase>
      <testcase name="[sig-storage] In-tree Volumes [Driver: vsphere] [Testpattern: Pre-provisioned PV (ext3)] volumes should allow exec of files on the volume" classname="Kubernetes e2e suite" time="0">
          <skipped></skipped>
      </testcase>
      <testcase name="[sig-storage] In-tree Volumes [Driver: azure-disk] [Testpattern: Dynamic PV (default fs)] volumeIO should write files of various sizes, verify size, validate content [Slow][LinuxOnly]" classname="Kubernetes e2e suite" time="0">
          <skipped></skipped>
      </testcase>
      <testcase name="[sig-storage] CSI Volumes [Driver: pd.csi.storage.gke.io][Serial] [Testpattern: Dynamic PV (block volmode)] multiVolume [Slow] should access to two volumes with different volume mode and retain data across pod recreation on different node" classname="Kubernetes e2e suite" time="0">
          <skipped></skipped>
      </testcase>
      <testcase name="[sig-node] Downward API should provide pod name, namespace and IP address as env vars [NodeConformance] [Conformance]" classname="Kubernetes e2e suite" time="8.388936736"></testcase>
      <testcase name="[sig-storage] In-tree Volumes [Driver: emptydir] [Testpattern: Pre-provisioned PV (block volmode)] multiVolume [Slow] should access to two volumes with different volume mode and retain data across pod recreation on the same node" classname="Kubernetes e2e suite" time="0">
          <skipped></skipped>
      </testcase>
      <testcase name="[sig-storage] In-tree Volumes [Driver: local][LocalVolumeType: gce-localssd-scsi-fs] [Serial] [Testpattern: Dynamic PV (default fs)] subPath should support creating multiple subpath from same volumes [Slow]" classname="Kubernetes e2e suite" time="0">
          <skipped></skipped>
      </testcase>
      <testcase name="[sig-storage] Zone Support [Feature:vsphere] Verify PVC creation with incompatible storage policy along with compatible zone and datastore combination specified in storage class fails" classname="Kubernetes e2e suite" time="0">
          <skipped></skipped>
      </testcase>
      <testcase name="[sig-storage] In-tree Volumes [Driver: cinder] [Testpattern: Pre-provisioned PV (ntfs)][Feature:Windows] volumes should allow exec of files on the volume" classname="Kubernetes e2e suite" time="0">
          <skipped></skipped>
      </testcase>
      <testcase name="[sig-storage] In-tree Volumes [Driver: local][LocalVolumeType: dir-bindmounted] [Testpattern: Dynamic PV (block volmode)] volumes should store data" classname="Kubernetes e2e suite" time="0">
          <skipped></skipped>
      </testcase>
      <testcase name="[sig-storage] In-tree Volumes [Driver: rbd][Feature:Volumes][Serial] [Testpattern: Pre-provisioned PV (default fs)] subPath should fail if subpath directory is outside the volume [Slow][LinuxOnly]" classname="Kubernetes e2e suite" time="0">
          <skipped></skipped>
      </testcase>
      <testcase name="[sig-storage] In-tree Volumes [Driver: local][LocalVolumeType: blockfs] [Testpattern: Inline-volume (default fs)] subPath should unmount if pod is force deleted while kubelet is down [Disruptive][Slow][LinuxOnly]" classname="Kubernetes e2e suite" time="0">
          <skipped></skipped>
      </testcase>
      <testcase name="[sig-storage] In-tree Volumes [Driver: azure-disk] [Testpattern: Dynamic PV (default fs)] fsgroupchangepolicy (Always)[LinuxOnly], pod created with an initial fsgroup, volume contents ownership changed in first pod, new pod with different fsgroup applied to the volume contents" classname="Kubernetes e2e suite" time="0">
          <skipped></skipped>
      </testcase>
      <testcase name="[sig-storage] CSI mock volume CSI Volume Snapshots [Feature:VolumeSnapshotDataSource] volumesnapshotcontent and pvc in Bound state with deletion timestamp set should not get deleted while snapshot finalizer exists" classname="Kubernetes e2e suite" time="0">
          <skipped></skipped>
      </testcase>
      <testcase name="[sig-storage] In-tree Volumes [Driver: iscsi][Feature:Volumes] [Testpattern: Dynamic PV (ext4)] multiVolume [Slow] should concurrently access the volume and restored snapshot from pods on the same node [LinuxOnly][Feature:VolumeSnapshotDataSource][Feature:VolumeSourceXFS]" classname="Kubernetes e2e suite" time="0">
          <skipped></skipped>
      </testcase>
      <testcase name="[sig-storage] In-tree Volumes [Driver: windows-gcepd] [Testpattern: Dynamic PV (block volmode)] multiVolume [Slow] should concurrently access the single volume from pods on the same node" classname="Kubernetes e2e suite" time="0">
          <skipped></skipped>
      </testcase>
      <testcase name="[sig-storage] In-tree Volumes [Driver: local][LocalVolumeType: dir-link] [Testpattern: Dynamic PV (ntfs)][Feature:Windows] subPath should support restarting containers using file as subpath [Slow][LinuxOnly]" classname="Kubernetes e2e suite" time="0">
          <skipped></skipped>
      </testcase>
      <testcase name="[sig-storage] In-tree Volumes [Driver: gluster] [Testpattern: Pre-provisioned PV (default fs)] subPath should fail if subpath file is outside the volume [Slow][LinuxOnly]" classname="Kubernetes e2e suite" time="0">
          <skipped></skipped>
      </testcase>
      <testcase name="[sig-storage] In-tree Volumes [Driver: hostPathSymlink] [Testpattern: Inline-volume (ntfs)][Feature:Windows] volumes should store data" classname="Kubernetes e2e suite" time="0">
          <skipped></skipped>
      </testcase>
      <testcase name="[sig-storage] In-tree Volumes [Driver: gcepd] [Testpattern: Pre-provisioned PV (default fs)] subPath should fail if subpath with backstepping is outside the volume [Slow][LinuxOnly]" classname="Kubernetes e2e suite" time="0">
          <skipped></skipped>
      </testcase>
      <testcase name="[sig-storage] CSI Volumes [Driver: pd.csi.storage.gke.io][Serial] [Testpattern: Dynamic PV (filesystem volmode)] volumeMode should not mount / map unused volumes in a pod [LinuxOnly]" classname="Kubernetes e2e suite" time="0">
          <skipped></skipped>
      </testcase>
      <testcase name="[sig-storage] In-tree Volumes [Driver: hostPathSymlink] [Testpattern: Dynamic PV (default fs)] subPath should verify container cannot write to subpath readonly volumes [Slow]" classname="Kubernetes e2e suite" time="0">
          <skipped></skipped>
      </testcase>
      <testcase name="[sig-storage] In-tree Volumes [Driver: local][LocalVolumeType: dir-link] [Testpattern: Inline-volume (default fs)] subPath should support creating multiple subpath from same volumes [Slow]" classname="Kubernetes e2e suite" time="0">
          <skipped></skipped>
      </testcase>
      <testcase name="[sig-storage] In-tree Volumes [Driver: vsphere] [Testpattern: Dynamic PV (block volmode)] multiVolume [Slow] should concurrently access the volume and its clone from pods on the same node [LinuxOnly][Feature:VolumeSnapshotDataSource][Feature:VolumeSourceXFS]" classname="Kubernetes e2e suite" time="0">
          <skipped></skipped>
      </testcase>
      <testcase name="[sig-storage] In-tree Volumes [Driver: cinder] [Testpattern: Pre-provisioned PV (default fs)] subPath should be able to unmount after the subpath directory is deleted [LinuxOnly]" classname="Kubernetes e2e suite" time="0">
          <skipped></skipped>
      </testcase>
      <testcase name="[sig-storage] In-tree Volumes [Driver: gluster] [Testpattern: Dynamic PV (default fs)] subPath should support non-existent path" classname="Kubernetes e2e suite" time="0">
          <skipped></skipped>
      </testcase>
      <testcase name="[sig-storage] In-tree Volumes [Driver: hostPathSymlink] [Testpattern: Dynamic PV (block volmode)] multiVolume [Slow] should access to two volumes with the same volume mode and retain data across pod recreation on the same node" classname="Kubernetes e2e suite" time="0">
          <skipped></skipped>
      </testcase>
      <testcase name="[sig-storage] In-tree Volumes [Driver: nfs] [Testpattern: Dynamic PV (ntfs)][Feature:Windows] provisioning should provision storage with pvc data source" classname="Kubernetes e2e suite" time="0">
          <skipped></skipped>
      </testcase>
      <testcase name="[sig-storage] In-tree Volumes [Driver: vsphere] [Testpattern: Pre-provisioned PV (ext3)] volumes should store data" classname="Kubernetes e2e suite" time="0">
          <skipped></skipped>
      </testcase>
      <testcase name="[sig-network] [Feature:IPv6DualStack] Granular Checks: Services Secondary IP Family [LinuxOnly] should function for service endpoints using hostNetwork" classname="Kubernetes e2e suite" time="0">
          <skipped></skipped>
      </testcase>
      <testcase name="[sig-storage] In-tree Volumes [Driver: gcepd] [Testpattern: Dynamic PV (block volmode)] multiVolume [Slow] should concurrently access the single volume from pods on different node" classname="Kubernetes e2e suite" time="0">
          <skipped></skipped>
      </testcase>
      <testcase name="[sig-storage] In-tree Volumes [Driver: local][LocalVolumeType: dir] [Testpattern: Dynamic PV (ntfs)][Feature:Windows] subPath should fail if subpath file is outside the volume [Slow][LinuxOnly]" classname="Kubernetes e2e suite" time="0">
          <skipped></skipped>
      </testcase>
      <testcase name="[sig-storage] In-tree Volumes [Driver: hostPath] [Testpattern: Dynamic PV (block volmode)] volumes should store data" classname="Kubernetes e2e suite" time="0">
          <skipped></skipped>
      </testcase>
      <testcase name="[sig-storage] In-tree Volumes [Driver: windows-gcepd] [Testpattern: Dynamic PV (filesystem volmode)] multiVolume [Slow] should concurrently access the single read-only volume from pods on the same node" classname="Kubernetes e2e suite" time="0">
          <skipped></skipped>
      </testcase>
      <testcase name="[sig-storage] In-tree Volumes [Driver: local][LocalVolumeType: tmpfs] [Testpattern: Dynamic PV (xfs)][Slow] multiVolume [Slow] should concurrently access the single volume from pods on the same node" classname="Kubernetes e2e suite" time="0">
          <skipped></skipped>
      </testcase>
      <testcase name="[sig-storage] In-tree Volumes [Driver: local][LocalVolumeType: gce-localssd-scsi-fs] [Serial] [Testpattern: Inline-volume (default fs)] subPath should support existing directory" classname="Kubernetes e2e suite" time="0">
          <skipped></skipped>
      </testcase>
      <testcase name="[sig-storage] In-tree Volumes [Driver: nfs] [Testpattern: Inline-volume (default fs)] subPath should support existing single file [LinuxOnly]" classname="Kubernetes e2e suite" time="0">
          <skipped></skipped>
      </testcase>
      <testcase name="[sig-storage] In-tree Volumes [Driver: iscsi][Feature:Volumes] [Testpattern: Pre-provisioned PV (default fs)] volumes should allow exec of files on the volume" classname="Kubernetes e2e suite" time="0">
          <skipped></skipped>
      </testcase>
      <testcase name="[sig-storage] In-tree Volumes [Driver: hostPathSymlink] [Testpattern: Inline-volume (default fs)] subPath should support creating multiple subpath from same volumes [Slow]" classname="Kubernetes e2e suite" time="0">
          <skipped></skipped>
      </testcase>
      <testcase name="[sig-storage] In-tree Volumes [Driver: hostPath] [Testpattern: Pre-provisioned PV (block volmode)] multiVolume [Slow] should concurrently access the single volume from pods on the same node" classname="Kubernetes e2e suite" time="0">
          <skipped></skipped>
      </testcase>
      <testcase name="[sig-storage] In-tree Volumes [Driver: gluster] [Testpattern: Pre-provisioned PV (default fs)] subPath should fail if subpath with backstepping is outside the volume [Slow][LinuxOnly]" classname="Kubernetes e2e suite" time="0">
          <skipped></skipped>
      </testcase>
      <testcase name="[sig-storage] In-tree Volumes [Driver: aws] [Testpattern: Pre-provisioned PV (block volmode)] disruptive[Disruptive][LinuxOnly] Should test that pv written before kubelet restart is readable after restart." classname="Kubernetes e2e suite" time="0">
          <skipped></skipped>
      </testcase>
      <testcase name="[sig-storage] In-tree Volumes [Driver: aws] [Testpattern: Dynamic PV (default fs)] provisioning should provision storage with mount options" classname="Kubernetes e2e suite" time="0">
          <skipped></skipped>
      </testcase>
      <testcase name="[sig-storage] In-tree Volumes [Driver: emptydir] [Testpattern: Dynamic PV (block volmode)(allowExpansion)] volume-expand Verify if offline PVC expansion works" classname="Kubernetes e2e suite" time="0">
          <skipped></skipped>
      </testcase>
      <testcase name="[sig-autoscaling] Cluster size autoscaling [Slow] should correctly scale down after a node is not needed [Feature:ClusterSizeAutoscalingScaleDown]" classname="Kubernetes e2e suite" time="0">
          <skipped></skipped>
      </testcase>
      <testcase name="[sig-storage] Pod Disks schedule pods each with a PD, delete pod and verify detach [Slow] for read-only PD with pod delete grace period of &#34;default (30s)&#34;" classname="Kubernetes e2e suite" time="0">
          <skipped></skipped>
      </testcase>
      <testcase name="[sig-storage] In-tree Volumes [Driver: local][LocalVolumeType: dir-link-bindmounted] [Testpattern: Pre-provisioned PV (default fs)] subPath should support restarting containers using file as subpath [Slow][LinuxOnly]" classname="Kubernetes e2e suite" time="0">
          <skipped></skipped>
      </testcase>
      <testcase name="[sig-storage] In-tree Volumes [Driver: hostPathSymlink] [Testpattern: Inline-volume (ext4)] volumes should allow exec of files on the volume" classname="Kubernetes e2e suite" time="0">
          <skipped></skipped>
      </testcase>
      <testcase name="[sig-storage] In-tree Volumes [Driver: nfs] [Testpattern: Inline-volume (default fs)] subPath should fail if non-existent subpath is outside the volume [Slow][LinuxOnly]" classname="Kubernetes e2e suite" time="0">
          <skipped></skipped>
      </testcase>
      <testcase name="[sig-node] Probing container with readiness probe that fails should never be ready and never restart [NodeConformance] [Conformance]" classname="Kubernetes e2e suite" time="60.213415868"></testcase>
      <testcase name="[sig-storage] In-tree Volumes [Driver: azure-disk] [Testpattern: Dynamic PV (block volmode)] volumes should store data" classname="Kubernetes e2e suite" time="0">
          <skipped></skipped>
      </testcase>
      <testcase name="[sig-storage] In-tree Volumes [Driver: vsphere] [Testpattern: Pre-provisioned PV (block volmode)] disruptive[Disruptive][LinuxOnly] Should test that pv written before kubelet restart is readable after restart." classname="Kubernetes e2e suite" time="0">
          <skipped></skipped>
      </testcase>
      <testcase name="[sig-storage] In-tree Volumes [Driver: ceph][Feature:Volumes][Serial] [Testpattern: Dynamic PV (ntfs)][Feature:Windows] provisioning should provision storage with snapshot data source [Feature:VolumeSnapshotDataSource]" classname="Kubernetes e2e suite" time="0">
          <skipped></skipped>
      </testcase>
      <testcase name="[sig-storage] In-tree Volumes [Driver: vsphere] [Testpattern: Dynamic PV (ext4)] multiVolume [Slow] should concurrently access the single read-only volume from pods on the same node" classname="Kubernetes e2e suite" time="0">
          <skipped></skipped>
      </testcase>
      <testcase name="[sig-storage] In-tree Volumes [Driver: hostPathSymlink] [Testpattern: Dynamic PV (ntfs)][Feature:Windows] provisioning should provision storage with snapshot data source [Feature:VolumeSnapshotDataSource]" classname="Kubernetes e2e suite" time="0">
          <skipped></skipped>
      </testcase>
      <testcase name="[sig-storage] In-tree Volumes [Driver: hostPathSymlink] [Testpattern: Dynamic PV (block volmode)] volume-expand should not allow expansion of pvcs without AllowVolumeExpansion property" classname="Kubernetes e2e suite" time="0">
          <skipped></skipped>
      </testcase>
      <testcase name="[sig-storage] In-tree Volumes [Driver: local][LocalVolumeType: dir-bindmounted] [Testpattern: Inline-volume (default fs)] subPath should support restarting containers using file as subpath [Slow][LinuxOnly]" classname="Kubernetes e2e suite" time="0">
          <skipped></skipped>
      </testcase>
      <testcase name="[sig-storage] In-tree Volumes [Driver: gcepd] [Testpattern: Dynamic PV (ntfs)][Feature:Windows] subPath should fail if subpath with backstepping is outside the volume [Slow][LinuxOnly]" classname="Kubernetes e2e suite" time="0">
          <skipped></skipped>
      </testcase>
      <testcase name="[sig-storage] In-tree Volumes [Driver: local][LocalVolumeType: block] [Testpattern: Dynamic PV (ntfs)][Feature:Windows] subPath should be able to unmount after the subpath directory is deleted [LinuxOnly]" classname="Kubernetes e2e suite" time="0">
          <skipped></skipped>
      </testcase>
      <testcase name="[sig-api-machinery] client-go should negotiate watch and report errors with accept &#34;application/json,application/vnd.kubernetes.protobuf&#34;" classname="Kubernetes e2e suite" time="0">
          <skipped></skipped>
      </testcase>
      <testcase name="[sig-storage] In-tree Volumes [Driver: emptydir] [Testpattern: Dynamic PV (ext3)] volumes should store data" classname="Kubernetes e2e suite" time="0">
          <skipped></skipped>
      </testcase>
      <testcase name="[sig-storage] In-tree Volumes [Driver: hostPathSymlink] [Testpattern: Pre-provisioned PV (block volmode)] volumes should store data" classname="Kubernetes e2e suite" time="0">
          <skipped></skipped>
      </testcase>
      <testcase name="[sig-storage] In-tree Volumes [Driver: vsphere] [Testpattern: Dynamic PV (default fs)] subPath should support existing directory" classname="Kubernetes e2e suite" time="0">
          <skipped></skipped>
      </testcase>
      <testcase name="[sig-storage] In-tree Volumes [Driver: rbd][Feature:Volumes][Serial] [Testpattern: Dynamic PV (ntfs)][Feature:Windows] subPath should support creating multiple subpath from same volumes [Slow]" classname="Kubernetes e2e suite" time="0">
          <skipped></skipped>
      </testcase>
      <testcase name="[sig-storage] In-tree Volumes [Driver: azure-disk] [Testpattern: Dynamic PV (ntfs)][Feature:Windows] subPath should support creating multiple subpath from same volumes [Slow]" classname="Kubernetes e2e suite" time="0">
          <skipped></skipped>
      </testcase>
      <testcase name="[sig-cli] Kubectl client Simple pod should support exec through kubectl proxy" classname="Kubernetes e2e suite" time="0">
          <skipped></skipped>
      </testcase>
      <testcase name="[sig-storage] In-tree Volumes [Driver: local][LocalVolumeType: tmpfs] [Testpattern: Pre-provisioned PV (filesystem volmode)] multiVolume [Slow] should concurrently access the volume and restored snapshot from pods on the same node [LinuxOnly][Feature:VolumeSnapshotDataSource][Feature:VolumeSourceXFS]" classname="Kubernetes e2e suite" time="0">
          <skipped></skipped>
      </testcase>
      <testcase name="[sig-storage] In-tree Volumes [Driver: emptydir] [Testpattern: Pre-provisioned PV (default fs)] subPath should verify container cannot write to subpath readonly volumes [Slow]" classname="Kubernetes e2e suite" time="0">
          <skipped></skipped>
      </testcase>
      <testcase name="[sig-storage] In-tree Volumes [Driver: emptydir] [Testpattern: Dynamic PV (default fs)] volumes should store data" classname="Kubernetes e2e suite" time="0">
          <skipped></skipped>
      </testcase>
      <testcase name="[sig-storage] In-tree Volumes [Driver: local][LocalVolumeType: blockfs] [Testpattern: Dynamic PV (ext3)] volumes should allow exec of files on the volume" classname="Kubernetes e2e suite" time="0">
          <skipped></skipped>
      </testcase>
      <testcase name="[sig-storage] In-tree Volumes [Driver: local][LocalVolumeType: tmpfs] [Testpattern: Pre-provisioned PV (block volmode)] multiVolume [Slow] should concurrently access the single volume from pods on different node" classname="Kubernetes e2e suite" time="0">
          <skipped></skipped>
      </testcase>
      <testcase name="[sig-storage] In-tree Volumes [Driver: local][LocalVolumeType: dir-link] [Testpattern: Dynamic PV (block volmode)] multiVolume [Slow] should concurrently access the volume and its clone from pods on the same node [LinuxOnly][Feature:VolumeSnapshotDataSource][Feature:VolumeSourceXFS]" classname="Kubernetes e2e suite" time="0">
          <skipped></skipped>
      </testcase>
      <testcase name="[sig-storage] In-tree Volumes [Driver: local][LocalVolumeType: blockfs] [Testpattern: Pre-provisioned PV (ext4)] volumes should store data" classname="Kubernetes e2e suite" time="0">
          <skipped></skipped>
      </testcase>
      <testcase name="[sig-storage] In-tree Volumes [Driver: local][LocalVolumeType: dir-bindmounted] [Testpattern: Dynamic PV (default fs)] provisioning should provision storage with pvc data source" classname="Kubernetes e2e suite" time="0">
          <skipped></skipped>
      </testcase>
      <testcase name="[sig-storage] In-tree Volumes [Driver: gluster] [Testpattern: Inline-volume (ext3)] volumes should store data" classname="Kubernetes e2e suite" time="0">
          <skipped></skipped>
      </testcase>
      <testcase name="[sig-storage] Ephemeralstorage When pod refers to non-existent ephemeral storage should allow deletion of pod with invalid volume : configmap" classname="Kubernetes e2e suite" time="0">
          <skipped></skipped>
      </testcase>
      <testcase name="[sig-storage] In-tree Volumes [Driver: emptydir] [Testpattern: Dynamic PV (default fs)] provisioning should provision storage with pvc data source in parallel [Slow]" classname="Kubernetes e2e suite" time="0">
          <skipped></skipped>
      </testcase>
      <testcase name="[sig-storage] In-tree Volumes [Driver: rbd][Feature:Volumes][Serial] [Testpattern: Dynamic PV (ntfs)][Feature:Windows] provisioning should provision storage with pvc data source" classname="Kubernetes e2e suite" time="0">
          <skipped></skipped>
      </testcase>
      <testcase name="[sig-apps] DaemonRestart [Disruptive] Controller Manager should not create/delete replicas across restart" classname="Kubernetes e2e suite" time="0">
          <skipped></skipped>
      </testcase>
      <testcase name="[sig-storage] In-tree Volumes [Driver: local][LocalVolumeType: dir-link] [Testpattern: Dynamic PV (default fs)] subPath should unmount if pod is force deleted while kubelet is down [Disruptive][Slow][LinuxOnly]" classname="Kubernetes e2e suite" time="0">
          <skipped></skipped>
      </testcase>
      <testcase name="[sig-instrumentation] Stackdriver Monitoring should run Stackdriver Metadata Agent [Feature:StackdriverMetadataAgent]" classname="Kubernetes e2e suite" time="0">
          <skipped></skipped>
      </testcase>
      <testcase name="[sig-storage] In-tree Volumes [Driver: aws] [Testpattern: Dynamic PV (default fs)] capacity provides storage capacity information" classname="Kubernetes e2e suite" time="0">
          <skipped></skipped>
      </testcase>
      <testcase name="[sig-storage] HostPathType Block Device [Slow] Should fail on mounting block device &#39;ablkdev&#39; when HostPathType is HostPathCharDev" classname="Kubernetes e2e suite" time="0">
          <skipped></skipped>
      </testcase>
      <testcase name="[sig-network] LoadBalancers should have session affinity work for LoadBalancer service with ESIPP on [Slow] [DisabledForLargeClusters] [LinuxOnly]" classname="Kubernetes e2e suite" time="0">
          <skipped></skipped>
      </testcase>
      <testcase name="[sig-storage] In-tree Volumes [Driver: emptydir] [Testpattern: Pre-provisioned PV (block volmode)] multiVolume [Slow] should access to two volumes with the same volume mode and retain data across pod recreation on different node" classname="Kubernetes e2e suite" time="0">
          <skipped></skipped>
      </testcase>
      <testcase name="[sig-storage] In-tree Volumes [Driver: local][LocalVolumeType: blockfs] [Testpattern: Dynamic PV (xfs)][Slow] multiVolume [Slow] should concurrently access the single read-only volume from pods on the same node" classname="Kubernetes e2e suite" time="0">
          <skipped></skipped>
      </testcase>
      <testcase name="[sig-storage] In-tree Volumes [Driver: local][LocalVolumeType: dir-link] [Testpattern: Pre-provisioned PV (ext3)] volumes should allow exec of files on the volume" classname="Kubernetes e2e suite" time="0">
          <skipped></skipped>
      </testcase>
      <testcase name="[sig-storage] In-tree Volumes [Driver: local][LocalVolumeType: blockfs] [Testpattern: Dynamic PV (ext4)] multiVolume [Slow] should access to two volumes with the same volume mode and retain data across pod recreation on different node" classname="Kubernetes e2e suite" time="0">
          <skipped></skipped>
      </testcase>
      <testcase name="[sig-storage] CSI Volumes [Driver: csi-hostpath] [Testpattern: Dynamic PV (default fs)] capacity provides storage capacity information" classname="Kubernetes e2e suite" time="0">
          <skipped></skipped>
      </testcase>
      <testcase name="[sig-node] Events should be sent by kubelets and the scheduler about pods scheduling and running  [Conformance]" classname="Kubernetes e2e suite" time="12.848643471"></testcase>
      <testcase name="[sig-apps] StatefulSet Basic StatefulSet functionality [StatefulSetBasic] should not deadlock when a pod&#39;s predecessor fails" classname="Kubernetes e2e suite" time="0">
          <skipped></skipped>
      </testcase>
      <testcase name="[sig-storage] In-tree Volumes [Driver: azure-disk] [Testpattern: Pre-provisioned PV (default fs)] subPath should support existing directory" classname="Kubernetes e2e suite" time="0">
          <skipped></skipped>
      </testcase>
      <testcase name="[sig-storage] In-tree Volumes [Driver: local][LocalVolumeType: dir-bindmounted] [Testpattern: Dynamic PV (ext4)] multiVolume [Slow] should access to two volumes with the same volume mode and retain data across pod recreation on different node" classname="Kubernetes e2e suite" time="0">
          <skipped></skipped>
      </testcase>
      <testcase name="[sig-storage] In-tree Volumes [Driver: gluster] [Testpattern: Dynamic PV (default fs)] volumes should allow exec of files on the volume" classname="Kubernetes e2e suite" time="0">
          <skipped></skipped>
      </testcase>
      <testcase name="[sig-storage] In-tree Volumes [Driver: nfs] [Testpattern: Dynamic PV (block volmode)] provisioning should provision storage with mount options" classname="Kubernetes e2e suite" time="0">
          <skipped></skipped>
      </testcase>
      <testcase name="[sig-storage] In-tree Volumes [Driver: cinder] [Testpattern: Pre-provisioned PV (default fs)] subPath should verify container cannot write to subpath readonly volumes [Slow]" classname="Kubernetes e2e suite" time="0">
          <skipped></skipped>
      </testcase>
      <testcase name="[sig-storage] CSI Volumes [Driver: csi-hostpath] [Testpattern: Dynamic PV (default fs)] provisioning should provision storage with pvc data source in parallel [Slow]" classname="Kubernetes e2e suite" time="0">
          <skipped></skipped>
      </testcase>
      <testcase name="[sig-storage] In-tree Volumes [Driver: ceph][Feature:Volumes][Serial] [Testpattern: Dynamic PV (block volmode)(allowExpansion)] volume-expand Verify if offline PVC expansion works" classname="Kubernetes e2e suite" time="0">
          <skipped></skipped>
      </testcase>
      <testcase name="[sig-storage] CSI mock volume CSI NodeUnstage error cases [Slow] two pods: should call NodeStage after previous NodeUnstage final error" classname="Kubernetes e2e suite" time="0">
          <skipped></skipped>
      </testcase>
      <testcase name="[sig-storage] In-tree Volumes [Driver: local][LocalVolumeType: dir-link-bindmounted] [Testpattern: Dynamic PV (block volmode)] volumeMode should fail in binding dynamic provisioned PV to PVC [Slow][LinuxOnly]" classname="Kubernetes e2e suite" time="0">
          <skipped></skipped>
      </testcase>
      <testcase name="[sig-storage] In-tree Volumes [Driver: nfs] [Testpattern: Dynamic PV (block volmode)] multiVolume [Slow] should access to two volumes with different volume mode and retain data across pod recreation on the same node" classname="Kubernetes e2e suite" time="0">
          <skipped></skipped>
      </testcase>
      <testcase name="[sig-storage] In-tree Volumes [Driver: gluster] [Testpattern: Inline-volume (default fs)] subPath should support non-existent path" classname="Kubernetes e2e suite" time="0">
          <skipped></skipped>
      </testcase>
      <testcase name="[sig-storage] In-tree Volumes [Driver: local][LocalVolumeType: tmpfs] [Testpattern: Inline-volume (default fs)] subPath should support existing directories when readOnly specified in the volumeSource" classname="Kubernetes e2e suite" time="0">
          <skipped></skipped>
      </testcase>
      <testcase name="[sig-storage] In-tree Volumes [Driver: vsphere] [Testpattern: Inline-volume (default fs)] subPath should support readOnly file specified in the volumeMount [LinuxOnly]" classname="Kubernetes e2e suite" time="0">
          <skipped></skipped>
      </testcase>
      <testcase name="[sig-storage] In-tree Volumes [Driver: emptydir] [Testpattern: Pre-provisioned PV (filesystem volmode)] multiVolume [Slow] should concurrently access the volume and its clone from pods on the same node [LinuxOnly][Feature:VolumeSnapshotDataSource][Feature:VolumeSourceXFS]" classname="Kubernetes e2e suite" time="0">
          <skipped></skipped>
      </testcase>
      <testcase name="[sig-storage] In-tree Volumes [Driver: hostPath] [Testpattern: Pre-provisioned PV (block volmode)] multiVolume [Slow] should concurrently access the single volume from pods on different node" classname="Kubernetes e2e suite" time="0">
          <skipped></skipped>
      </testcase>
      <testcase name="[sig-storage] In-tree Volumes [Driver: windows-gcepd] [Testpattern: Pre-provisioned PV (xfs)][Slow] volumes should store data" classname="Kubernetes e2e suite" time="0">
          <skipped></skipped>
      </testcase>
      <testcase name="[sig-storage] In-tree Volumes [Driver: azure-disk] [Testpattern: Dynamic PV (xfs)][Slow] multiVolume [Slow] should access to two volumes with different volume mode and retain data across pod recreation on different node" classname="Kubernetes e2e suite" time="0">
          <skipped></skipped>
      </testcase>
      <testcase name="[sig-storage] In-tree Volumes [Driver: gcepd] [Testpattern: Dynamic PV (default fs)] volume-stress multiple pods should access different volumes repeatedly [Slow] [Serial]" classname="Kubernetes e2e suite" time="0">
          <skipped></skipped>
      </testcase>
      <testcase name="[sig-storage] In-tree Volumes [Driver: windows-gcepd] [Testpattern: Dynamic PV (ext4)] multiVolume [Slow] should concurrently access the single volume from pods on the same node" classname="Kubernetes e2e suite" time="0">
          <skipped></skipped>
      </testcase>
      <testcase name="[sig-storage] In-tree Volumes [Driver: local][LocalVolumeType: dir] [Testpattern: Dynamic PV (filesystem volmode)] multiVolume [Slow] should concurrently access the single read-only volume from pods on the same node" classname="Kubernetes e2e suite" time="0">
          <skipped></skipped>
      </testcase>
      <testcase name="[sig-storage] In-tree Volumes [Driver: nfs] [Testpattern: Dynamic PV (ntfs)][Feature:Windows] provisioning should provision storage with snapshot data source [Feature:VolumeSnapshotDataSource]" classname="Kubernetes e2e suite" time="0">
          <skipped></skipped>
      </testcase>
      <testcase name="[sig-storage] In-tree Volumes [Driver: local][LocalVolumeType: dir-link] [Testpattern: Inline-volume (default fs)] subPath should verify container cannot write to subpath readonly volumes [Slow]" classname="Kubernetes e2e suite" time="0">
          <skipped></skipped>
      </testcase>
      <testcase name="[sig-storage] In-tree Volumes [Driver: local][LocalVolumeType: dir-bindmounted] [Testpattern: Pre-provisioned PV (ntfs)][Feature:Windows] volumes should store data" classname="Kubernetes e2e suite" time="0">
          <skipped></skipped>
      </testcase>
      <testcase name="[sig-network] Networking Granular Checks: Services should function for node-Service: udp" classname="Kubernetes e2e suite" time="0">
          <skipped></skipped>
      </testcase>
      <testcase name="[sig-storage] In-tree Volumes [Driver: cinder] [Testpattern: Dynamic PV (ext4)] multiVolume [Slow] should access to two volumes with different volume mode and retain data across pod recreation on different node" classname="Kubernetes e2e suite" time="0">
          <skipped></skipped>
      </testcase>
      <testcase name="[sig-storage] CSI Volumes [Driver: pd.csi.storage.gke.io][Serial] [Testpattern: Dynamic PV (default fs)] subPath should support file as subpath [LinuxOnly]" classname="Kubernetes e2e suite" time="0">
          <skipped></skipped>
      </testcase>
      <testcase name="[sig-storage] In-tree Volumes [Driver: local][LocalVolumeType: block] [Testpattern: Pre-provisioned PV (ext4)] volumes should store data" classname="Kubernetes e2e suite" time="0">
          <skipped></skipped>
      </testcase>
      <testcase name="[sig-storage] In-tree Volumes [Driver: gcepd] [Testpattern: Dynamic PV (filesystem volmode)] disruptive[Disruptive][LinuxOnly] Should test that pv written before kubelet restart is readable after restart." classname="Kubernetes e2e suite" time="0">
          <skipped></skipped>
      </testcase>
      <testcase name="[sig-storage] In-tree Volumes [Driver: azure-disk] [Testpattern: Pre-provisioned PV (block volmode)] disruptive[Disruptive][LinuxOnly] Should test that pv used in a pod that is deleted while the kubelet is down cleans up when the kubelet returns." classname="Kubernetes e2e suite" time="0">
          <skipped></skipped>
      </testcase>
      <testcase name="[sig-storage] EmptyDir wrapper volumes should not cause race condition when used for configmaps [Serial] [Conformance]" classname="Kubernetes e2e suite" time="164.777524319"></testcase>
      <testcase name="[sig-storage] In-tree Volumes [Driver: local][LocalVolumeType: dir-bindmounted] [Testpattern: Dynamic PV (ext4)] volumes should allow exec of files on the volume" classname="Kubernetes e2e suite" time="0">
          <skipped></skipped>
      </testcase>
      <testcase name="[sig-storage] In-tree Volumes [Driver: local][LocalVolumeType: gce-localssd-scsi-fs] [Serial] [Testpattern: Pre-provisioned PV (filesystem volmode)] multiVolume [Slow] should access to two volumes with the same volume mode and retain data across pod recreation on different node" classname="Kubernetes e2e suite" time="0">
          <skipped></skipped>
      </testcase>
      <testcase name="[sig-api-machinery] CustomResourcePublishOpenAPI [Privileged:ClusterAdmin] works for CRD with validation schema [Conformance]" classname="Kubernetes e2e suite" time="44.194098438"></testcase>
      <testcase name="[sig-storage] In-tree Volumes [Driver: emptydir] [Testpattern: Dynamic PV (block volmode)] volume-stress multiple pods should access different volumes repeatedly [Slow] [Serial]" classname="Kubernetes e2e suite" time="0">
          <skipped></skipped>
      </testcase>
      <testcase name="[sig-storage] In-tree Volumes [Driver: iscsi][Feature:Volumes] [Testpattern: Pre-provisioned PV (ntfs)][Feature:Windows] volumes should store data" classname="Kubernetes e2e suite" time="0">
          <skipped></skipped>
      </testcase>
      <testcase name="[sig-storage] In-tree Volumes [Driver: hostPath] [Testpattern: Pre-provisioned PV (block volmode)] multiVolume [Slow] should access to two volumes with the same volume mode and retain data across pod recreation on different node" classname="Kubernetes e2e suite" time="0">
          <skipped></skipped>
      </testcase>
      <testcase name="[sig-storage] In-tree Volumes [Driver: local][LocalVolumeType: blockfs] [Testpattern: Inline-volume (default fs)] subPath should support file as subpath [LinuxOnly]" classname="Kubernetes e2e suite" time="0">
          <skipped></skipped>
      </testcase>
      <testcase name="[sig-storage] In-tree Volumes [Driver: local][LocalVolumeType: dir-link-bindmounted] [Testpattern: Dynamic PV (xfs)][Slow] multiVolume [Slow] should concurrently access the single read-only volume from pods on the same node" classname="Kubernetes e2e suite" time="0">
          <skipped></skipped>
      </testcase>
      <testcase name="[sig-storage] CSI Volumes [Driver: pd.csi.storage.gke.io][Serial] [Testpattern: Pre-provisioned PV (filesystem volmode)] multiVolume [Slow] should access to two volumes with the same volume mode and retain data across pod recreation on different node" classname="Kubernetes e2e suite" time="0">
          <skipped></skipped>
      </testcase>
      <testcase name="[sig-storage] In-tree Volumes [Driver: local][LocalVolumeType: dir-link-bindmounted] [Testpattern: Pre-provisioned PV (default fs)] subPath should support non-existent path" classname="Kubernetes e2e suite" time="0">
          <skipped></skipped>
      </testcase>
      <testcase name="[sig-storage] In-tree Volumes [Driver: vsphere] [Testpattern: Inline-volume (default fs)] subPath should support existing directory" classname="Kubernetes e2e suite" time="0">
          <skipped></skipped>
      </testcase>
      <testcase name="[sig-storage] CSI Volumes [Driver: pd.csi.storage.gke.io][Serial] [Testpattern: Dynamic PV (default fs)] subPath should be able to unmount after the subpath directory is deleted [LinuxOnly]" classname="Kubernetes e2e suite" time="0">
          <skipped></skipped>
      </testcase>
      <testcase name="[sig-node] kubelet Clean up pods on node kubelet should be able to delete 10 pods per node in 1m0s." classname="Kubernetes e2e suite" time="0">
          <skipped></skipped>
      </testcase>
      <testcase name="[sig-storage] In-tree Volumes [Driver: ceph][Feature:Volumes][Serial] [Testpattern: Pre-provisioned PV (default fs)] subPath should support existing single file [LinuxOnly]" classname="Kubernetes e2e suite" time="0">
          <skipped></skipped>
      </testcase>
      <testcase name="[sig-storage] In-tree Volumes [Driver: local][LocalVolumeType: block] [Testpattern: Dynamic PV (filesystem volmode)] multiVolume [Slow] should concurrently access the volume and restored snapshot from pods on the same node [LinuxOnly][Feature:VolumeSnapshotDataSource][Feature:VolumeSourceXFS]" classname="Kubernetes e2e suite" time="0">
          <skipped></skipped>
      </testcase>
      <testcase name="[sig-storage] In-tree Volumes [Driver: azure-disk] [Testpattern: Dynamic PV (block volmode)] multiVolume [Slow] should concurrently access the single volume from pods on different node" classname="Kubernetes e2e suite" time="0">
          <skipped></skipped>
      </testcase>
      <testcase name="[sig-autoscaling] [HPA] Horizontal pod autoscaling (scale resource: Custom Metrics from Stackdriver) should scale down with Custom Metric of type Object from Stackdriver [Feature:CustomMetricsAutoscaling]" classname="Kubernetes e2e suite" time="0">
          <skipped></skipped>
      </testcase>
      <testcase name="[sig-node] InitContainer [NodeConformance] should not start app containers if init containers fail on a RestartAlways pod [Conformance]" classname="Kubernetes e2e suite" time="58.586076141"></testcase>
      <testcase name="[sig-storage] In-tree Volumes [Driver: windows-gcepd] [Testpattern: Pre-provisioned PV (ext3)] volumes should allow exec of files on the volume" classname="Kubernetes e2e suite" time="0">
          <skipped></skipped>
      </testcase>
      <testcase name="[sig-storage] In-tree Volumes [Driver: local][LocalVolumeType: block] [Testpattern: Dynamic PV (default fs)(allowExpansion)] volume-expand should resize volume when PVC is edited while pod is using it" classname="Kubernetes e2e suite" time="0">
          <skipped></skipped>
      </testcase>
      <testcase name="[sig-storage] In-tree Volumes [Driver: hostPathSymlink] [Testpattern: Inline-volume (default fs)] subPath should support existing directory" classname="Kubernetes e2e suite" time="0">
          <skipped></skipped>
      </testcase>
      <testcase name="[sig-storage] In-tree Volumes [Driver: local][LocalVolumeType: blockfs] [Testpattern: Pre-provisioned PV (default fs)] subPath should support file as subpath [LinuxOnly]" classname="Kubernetes e2e suite" time="0">
          <skipped></skipped>
      </testcase>
      <testcase name="[sig-apps] DaemonRestart [Disruptive] Kube-proxy should recover after being killed accidentally" classname="Kubernetes e2e suite" time="0">
          <skipped></skipped>
      </testcase>
      <testcase name="[sig-storage] In-tree Volumes [Driver: windows-gcepd] [Testpattern: Dynamic PV (block volmode)] multiVolume [Slow] should concurrently access the single volume from pods on different node" classname="Kubernetes e2e suite" time="0">
          <skipped></skipped>
      </testcase>
      <testcase name="[sig-storage] In-tree Volumes [Driver: local][LocalVolumeType: dir-bindmounted] [Testpattern: Dynamic PV (block volmode)] volume-expand should not allow expansion of pvcs without AllowVolumeExpansion property" classname="Kubernetes e2e suite" time="0">
          <skipped></skipped>
      </testcase>
      <testcase name="[sig-storage] CSI Volumes [Driver: pd.csi.storage.gke.io][Serial] [Testpattern: Dynamic PV (ntfs)][Feature:Windows] subPath should fail if non-existent subpath is outside the volume [Slow][LinuxOnly]" classname="Kubernetes e2e suite" time="0">
          <skipped></skipped>
      </testcase>
      <testcase name="[sig-storage] In-tree Volumes [Driver: gcepd] [Testpattern: Inline-volume (xfs)][Slow] volumes should store data" classname="Kubernetes e2e suite" time="0">
          <skipped></skipped>
      </testcase>
      <testcase name="[sig-storage] In-tree Volumes [Driver: gcepd] [Testpattern: Dynamic PV (filesystem volmode)] multiVolume [Slow] should access to two volumes with different volume mode and retain data across pod recreation on different node" classname="Kubernetes e2e suite" time="0">
          <skipped></skipped>
      </testcase>
      <testcase name="[sig-storage] CSI Volumes [Driver: csi-hostpath] [Testpattern: Dynamic PV (filesystem volmode)] multiVolume [Slow] should access to two volumes with different volume mode and retain data across pod recreation on the same node" classname="Kubernetes e2e suite" time="0">
          <skipped></skipped>
      </testcase>
      <testcase name="[sig-storage] In-tree Volumes [Driver: local][LocalVolumeType: dir-link-bindmounted] [Testpattern: Inline-volume (default fs)] subPath should support existing single file [LinuxOnly]" classname="Kubernetes e2e suite" time="0">
          <skipped></skipped>
      </testcase>
      <testcase name="[sig-storage] In-tree Volumes [Driver: emptydir] [Testpattern: Dynamic PV (ntfs)][Feature:Windows] provisioning should provision storage with pvc data source in parallel [Slow]" classname="Kubernetes e2e suite" time="0">
          <skipped></skipped>
      </testcase>
      <testcase name="[sig-storage] In-tree Volumes [Driver: cinder] [Testpattern: Pre-provisioned PV (ext3)] volumes should allow exec of files on the volume" classname="Kubernetes e2e suite" time="0">
          <skipped></skipped>
      </testcase>
      <testcase name="[sig-storage] In-tree Volumes [Driver: local][LocalVolumeType: dir] [Testpattern: Dynamic PV (filesystem volmode)] volumeLimits should verify that all csinodes have volume limits" classname="Kubernetes e2e suite" time="0">
          <skipped></skipped>
      </testcase>
      <testcase name="[sig-storage] In-tree Volumes [Driver: nfs] [Testpattern: Dynamic PV (block volmode)] provisioning should provision storage with snapshot data source [Feature:VolumeSnapshotDataSource]" classname="Kubernetes e2e suite" time="0">
          <skipped></skipped>
      </testcase>
      <testcase name="[sig-storage] In-tree Volumes [Driver: local][LocalVolumeType: blockfs] [Testpattern: Inline-volume (ext3)] volumes should allow exec of files on the volume" classname="Kubernetes e2e suite" time="0">
          <skipped></skipped>
      </testcase>
      <testcase name="[sig-storage] In-tree Volumes [Driver: rbd][Feature:Volumes][Serial] [Testpattern: Dynamic PV (ntfs)][Feature:Windows] subPath should support readOnly directory specified in the volumeMount" classname="Kubernetes e2e suite" time="0">
          <skipped></skipped>
      </testcase>
      <testcase name="[sig-network] Services should respect internalTrafficPolicy=Local Pod to Pod [Feature:ServiceInternalTrafficPolicy]" classname="Kubernetes e2e suite" time="0">
          <skipped></skipped>
      </testcase>
      <testcase name="[sig-storage] In-tree Volumes [Driver: windows-gcepd] [Testpattern: Inline-volume (default fs)] subPath should fail if subpath with backstepping is outside the volume [Slow][LinuxOnly]" classname="Kubernetes e2e suite" time="0">
          <skipped></skipped>
      </testcase>
      <testcase name="[sig-storage] In-tree Volumes [Driver: iscsi][Feature:Volumes] [Testpattern: Dynamic PV (immediate binding)] topology should provision a volume and schedule a pod with AllowedTopologies" classname="Kubernetes e2e suite" time="0">
          <skipped></skipped>
      </testcase>
      <testcase name="[sig-network] Networking Granular Checks: Services should function for endpoint-Service: udp" classname="Kubernetes e2e suite" time="0">
          <skipped></skipped>
      </testcase>
      <testcase name="[sig-network] LoadBalancers should handle load balancer cleanup finalizer for service [Slow]" classname="Kubernetes e2e suite" time="0">
          <skipped></skipped>
      </testcase>
      <testcase name="[sig-storage] In-tree Volumes [Driver: aws] [Testpattern: Pre-provisioned PV (default fs)] volumeIO should write files of various sizes, verify size, validate content [Slow][LinuxOnly]" classname="Kubernetes e2e suite" time="0">
          <skipped></skipped>
      </testcase>
      <testcase name="[sig-storage] In-tree Volumes [Driver: nfs] [Testpattern: Dynamic PV (ntfs)][Feature:Windows] subPath should fail if subpath file is outside the volume [Slow][LinuxOnly]" classname="Kubernetes e2e suite" time="0">
          <skipped></skipped>
      </testcase>
      <testcase name="[sig-storage] CSI Volumes [Driver: pd.csi.storage.gke.io][Serial] [Testpattern: Dynamic PV (ext4)] volumes should store data" classname="Kubernetes e2e suite" time="0">
          <skipped></skipped>
      </testcase>
      <testcase name="[sig-storage] In-tree Volumes [Driver: aws] [Testpattern: Pre-provisioned PV (block volmode)] multiVolume [Slow] should concurrently access the single read-only volume from pods on the same node" classname="Kubernetes e2e suite" time="0">
          <skipped></skipped>
      </testcase>
      <testcase name="[sig-storage] In-tree Volumes [Driver: hostPathSymlink] [Testpattern: Dynamic PV (default fs)] subPath should fail if subpath file is outside the volume [Slow][LinuxOnly]" classname="Kubernetes e2e suite" time="0">
          <skipped></skipped>
      </testcase>
      <testcase name="[sig-storage] In-tree Volumes [Driver: local][LocalVolumeType: dir] [Testpattern: Dynamic PV (delayed binding)] topology should provision a volume and schedule a pod with AllowedTopologies" classname="Kubernetes e2e suite" time="0">
          <skipped></skipped>
      </testcase>
      <testcase name="[sig-storage] In-tree Volumes [Driver: local][LocalVolumeType: dir] [Testpattern: Dynamic PV (default fs)(allowExpansion)] volume-expand should resize volume when PVC is edited while pod is using it" classname="Kubernetes e2e suite" time="0">
          <skipped></skipped>
      </testcase>
      <testcase name="[sig-storage] In-tree Volumes [Driver: local][LocalVolumeType: gce-localssd-scsi-fs] [Serial] [Testpattern: Dynamic PV (default fs)] subPath should fail if non-existent subpath is outside the volume [Slow][LinuxOnly]" classname="Kubernetes e2e suite" time="0">
          <skipped></skipped>
      </testcase>
      <testcase name="[sig-storage] In-tree Volumes [Driver: local][LocalVolumeType: gce-localssd-scsi-fs] [Serial] [Testpattern: Pre-provisioned PV (xfs)][Slow] volumes should allow exec of files on the volume" classname="Kubernetes e2e suite" time="0">
          <skipped></skipped>
      </testcase>
      <testcase name="[sig-storage] In-tree Volumes [Driver: aws] [Testpattern: Dynamic PV (xfs)][Slow] volumes should allow exec of files on the volume" classname="Kubernetes e2e suite" time="0">
          <skipped></skipped>
      </testcase>
      <testcase name="[sig-node] Container Lifecycle Hook when create a pod with lifecycle hook should execute poststart exec hook properly [NodeConformance] [Conformance]" classname="Kubernetes e2e suite" time="23.004108012"></testcase>
      <testcase name="[sig-storage] In-tree Volumes [Driver: local][LocalVolumeType: gce-localssd-scsi-fs] [Serial] [Testpattern: Dynamic PV (default fs)(allowExpansion)] volume-expand should resize volume when PVC is edited while pod is using it" classname="Kubernetes e2e suite" time="0">
          <skipped></skipped>
      </testcase>
      <testcase name="[sig-storage] Dynamic Provisioning DynamicProvisioner Default should be disabled by removing the default annotation [Serial] [Disruptive]" classname="Kubernetes e2e suite" time="0">
          <skipped></skipped>
      </testcase>
      <testcase name="[sig-network] NetworkPolicyLegacy [LinuxOnly] NetworkPolicy between server and client should allow ingress access on one named port [Feature:NetworkPolicy]" classname="Kubernetes e2e suite" time="0">
          <skipped></skipped>
      </testcase>
      <testcase name="[sig-storage] In-tree Volumes [Driver: local][LocalVolumeType: tmpfs] [Testpattern: Dynamic PV (ext4)] multiVolume [Slow] should concurrently access the volume and its clone from pods on the same node [LinuxOnly][Feature:VolumeSnapshotDataSource][Feature:VolumeSourceXFS]" classname="Kubernetes e2e suite" time="0">
          <skipped></skipped>
      </testcase>
      <testcase name="[sig-storage] In-tree Volumes [Driver: windows-gcepd] [Testpattern: Pre-provisioned PV (default fs)] subPath should fail if subpath with backstepping is outside the volume [Slow][LinuxOnly]" classname="Kubernetes e2e suite" time="0">
          <skipped></skipped>
      </testcase>
      <testcase name="[sig-storage] Projected configMap Should fail non-optional pod creation due to the key in the configMap object does not exist [Slow]" classname="Kubernetes e2e suite" time="0">
          <skipped></skipped>
      </testcase>
      <testcase name="[sig-storage] In-tree Volumes [Driver: local][LocalVolumeType: tmpfs] [Testpattern: Dynamic PV (xfs)][Slow] multiVolume [Slow] should concurrently access the single volume from pods on different node" classname="Kubernetes e2e suite" time="0">
          <skipped></skipped>
      </testcase>
      <testcase name="[sig-storage] In-tree Volumes [Driver: local][LocalVolumeType: dir-link-bindmounted] [Testpattern: Dynamic PV (filesystem volmode)] volumeLimits should support volume limits [Serial]" classname="Kubernetes e2e suite" time="0">
          <skipped></skipped>
      </testcase>
      <testcase name="[sig-storage] In-tree Volumes [Driver: gluster] [Testpattern: Pre-provisioned PV (default fs)] subPath should support non-existent path" classname="Kubernetes e2e suite" time="0">
          <skipped></skipped>
      </testcase>
      <testcase name="[sig-storage] In-tree Volumes [Driver: ceph][Feature:Volumes][Serial] [Testpattern: Inline-volume (default fs)] subPath should verify container cannot write to subpath readonly volumes [Slow]" classname="Kubernetes e2e suite" time="0">
          <skipped></skipped>
      </testcase>
      <testcase name="[sig-storage] PersistentVolumes NFS with Single PV - PVC pairs create a PVC and non-pre-bound PV: test write access" classname="Kubernetes e2e suite" time="0">
          <skipped></skipped>
      </testcase>
      <testcase name="[sig-storage] In-tree Volumes [Driver: local][LocalVolumeType: tmpfs] [Testpattern: Dynamic PV (ext4)] multiVolume [Slow] should concurrently access the single read-only volume from pods on the same node" classname="Kubernetes e2e suite" time="0">
          <skipped></skipped>
      </testcase>
      <testcase name="[sig-storage] In-tree Volumes [Driver: vsphere] [Testpattern: Dynamic PV (block volmode)] disruptive[Disruptive][LinuxOnly] Should test that pv used in a pod that is force deleted while the kubelet is down cleans up when the kubelet returns." classname="Kubernetes e2e suite" time="0">
          <skipped></skipped>
      </testcase>
      <testcase name="[sig-storage] In-tree Volumes [Driver: gluster] [Testpattern: Dynamic PV (default fs)] provisioning should provision storage with pvc data source in parallel [Slow]" classname="Kubernetes e2e suite" time="0">
          <skipped></skipped>
      </testcase>
      <testcase name="[sig-storage] In-tree Volumes [Driver: local][LocalVolumeType: dir-link-bindmounted] [Testpattern: Dynamic PV (xfs)][Slow] multiVolume [Slow] should access to two volumes with different volume mode and retain data across pod recreation on different node" classname="Kubernetes e2e suite" time="0">
          <skipped></skipped>
      </testcase>
      <testcase name="[sig-storage] In-tree Volumes [Driver: emptydir] [Testpattern: Dynamic PV (filesystem volmode)] multiVolume [Slow] should concurrently access the single volume from pods on different node" classname="Kubernetes e2e suite" time="0">
          <skipped></skipped>
      </testcase>
      <testcase name="[sig-storage] In-tree Volumes [Driver: local][LocalVolumeType: block] [Testpattern: Dynamic PV (default fs)] provisioning should provision storage with pvc data source" classname="Kubernetes e2e suite" time="0">
          <skipped></skipped>
      </testcase>
      <testcase name="[sig-storage] In-tree Volumes [Driver: iscsi][Feature:Volumes] [Testpattern: Dynamic PV (xfs)][Slow] multiVolume [Slow] should concurrently access the single volume from pods on different node" classname="Kubernetes e2e suite" time="0">
          <skipped></skipped>
      </testcase>
      <testcase name="[sig-storage] In-tree Volumes [Driver: hostPath] [Testpattern: Dynamic PV (ntfs)][Feature:Windows] subPath should support file as subpath [LinuxOnly]" classname="Kubernetes e2e suite" time="0">
          <skipped></skipped>
      </testcase>
      <testcase name="[sig-storage] CSI Volumes [Driver: pd.csi.storage.gke.io][Serial] [Testpattern: Dynamic PV (default fs)] volumes should store data" classname="Kubernetes e2e suite" time="0">
          <skipped></skipped>
      </testcase>
      <testcase name="[sig-storage] In-tree Volumes [Driver: gluster] [Testpattern: Pre-provisioned PV (ext3)] volumes should allow exec of files on the volume" classname="Kubernetes e2e suite" time="0">
          <skipped></skipped>
      </testcase>
      <testcase name="[sig-storage] CSI Volumes [Driver: csi-hostpath] [Testpattern: Generic Ephemeral-volume (default fs) (late-binding)] ephemeral should create read/write inline ephemeral volume" classname="Kubernetes e2e suite" time="0">
          <skipped></skipped>
      </testcase>
      <testcase name="[sig-storage] In-tree Volumes [Driver: emptydir] [Testpattern: Dynamic PV (default fs)] subPath should support creating multiple subpath from same volumes [Slow]" classname="Kubernetes e2e suite" time="0">
          <skipped></skipped>
      </testcase>
      <testcase name="[sig-storage] In-tree Volumes [Driver: azure-disk] [Testpattern: Dynamic PV (default fs)] subPath should fail if subpath directory is outside the volume [Slow][LinuxOnly]" classname="Kubernetes e2e suite" time="0">
          <skipped></skipped>
      </testcase>
      <testcase name="[sig-network] DNS should provide DNS for services  [Conformance]" classname="Kubernetes e2e suite" time="44.957391927"></testcase>
      <testcase name="[sig-storage] HostPathType Directory [Slow] Should fail on mounting non-existent directory &#39;does-not-exist-dir&#39; when HostPathType is HostPathDirectory" classname="Kubernetes e2e suite" time="0">
          <skipped></skipped>
      </testcase>
      <testcase name="[sig-storage] In-tree Volumes [Driver: local][LocalVolumeType: dir-bindmounted] [Testpattern: Dynamic PV (ext4)] multiVolume [Slow] should access to two volumes with different volume mode and retain data across pod recreation on different node" classname="Kubernetes e2e suite" time="0">
          <skipped></skipped>
      </testcase>
      <testcase name="[sig-storage] In-tree Volumes [Driver: rbd][Feature:Volumes][Serial] [Testpattern: Dynamic PV (ntfs)][Feature:Windows] subPath should verify container cannot write to subpath readonly volumes [Slow]" classname="Kubernetes e2e suite" time="0">
          <skipped></skipped>
      </testcase>
      <testcase name="[sig-node] Container Lifecycle Hook when create a pod with lifecycle hook should execute prestop exec hook properly [NodeConformance] [Conformance]" classname="Kubernetes e2e suite" time="67.663394519"></testcase>
      <testcase name="[sig-storage] In-tree Volumes [Driver: local][LocalVolumeType: dir] [Testpattern: Inline-volume (default fs)] volumes should store data" classname="Kubernetes e2e suite" time="0">
          <skipped></skipped>
      </testcase>
      <testcase name="[sig-storage] In-tree Volumes [Driver: local][LocalVolumeType: tmpfs] [Testpattern: Dynamic PV (default fs)] subPath should unmount if pod is gracefully deleted while kubelet is down [Disruptive][Slow][LinuxOnly]" classname="Kubernetes e2e suite" time="0">
          <skipped></skipped>
      </testcase>
      <testcase name="[sig-storage] In-tree Volumes [Driver: ceph][Feature:Volumes][Serial] [Testpattern: Inline-volume (ext3)] volumes should allow exec of files on the volume" classname="Kubernetes e2e suite" time="0">
          <skipped></skipped>
      </testcase>
      <testcase name="[sig-storage] In-tree Volumes [Driver: nfs] [Testpattern: Dynamic PV (filesystem volmode)] multiVolume [Slow] should concurrently access the single volume from pods on the same node" classname="Kubernetes e2e suite" time="0">
          <skipped></skipped>
      </testcase>
      <testcase name="[sig-storage] In-tree Volumes [Driver: local][LocalVolumeType: block] [Testpattern: Pre-provisioned PV (block volmode)] multiVolume [Slow] should access to two volumes with the same volume mode and retain data across pod recreation on the same node" classname="Kubernetes e2e suite" time="0">
          <skipped></skipped>
      </testcase>
      <testcase name="[sig-storage] In-tree Volumes [Driver: ceph][Feature:Volumes][Serial] [Testpattern: Dynamic PV (block volmode)] volumes should store data" classname="Kubernetes e2e suite" time="0">
          <skipped></skipped>
      </testcase>
      <testcase name="[sig-storage] In-tree Volumes [Driver: local][LocalVolumeType: block] [Testpattern: Pre-provisioned PV (default fs)] subPath should support restarting containers using file as subpath [Slow][LinuxOnly]" classname="Kubernetes e2e suite" time="0">
          <skipped></skipped>
      </testcase>
      <testcase name="[sig-storage] In-tree Volumes [Driver: iscsi][Feature:Volumes] [Testpattern: Pre-provisioned PV (ext3)] volumes should allow exec of files on the volume" classname="Kubernetes e2e suite" time="0">
          <skipped></skipped>
      </testcase>
      <testcase name="[sig-storage] CSI Volumes [Driver: pd.csi.storage.gke.io][Serial] [Testpattern: Dynamic Snapshot (retain policy)] snapshottable[Feature:VolumeSnapshotDataSource] volume snapshot controller  should check snapshot fields, check restore correctly works after modifying source data, check deletion" classname="Kubernetes e2e suite" time="0">
          <skipped></skipped>
      </testcase>
      <testcase name="[sig-cloud-provider-gcp] Recreate [Feature:Recreate] recreate nodes and ensure they function upon restart" classname="Kubernetes e2e suite" time="0">
          <skipped></skipped>
      </testcase>
      <testcase name="[sig-storage] CSI Volumes [Driver: pd.csi.storage.gke.io][Serial] [Testpattern: Inline-volume (default fs)] subPath should be able to unmount after the subpath directory is deleted [LinuxOnly]" classname="Kubernetes e2e suite" time="0">
          <skipped></skipped>
      </testcase>
      <testcase name="[sig-storage] In-tree Volumes [Driver: gluster] [Testpattern: Inline-volume (default fs)] subPath should support existing directory" classname="Kubernetes e2e suite" time="0">
          <skipped></skipped>
      </testcase>
      <testcase name="[sig-storage] In-tree Volumes [Driver: local][LocalVolumeType: dir-link] [Testpattern: Dynamic PV (filesystem volmode)] volumeMode should not mount / map unused volumes in a pod [LinuxOnly]" classname="Kubernetes e2e suite" time="0">
          <skipped></skipped>
      </testcase>
      <testcase name="[sig-storage] In-tree Volumes [Driver: nfs] [Testpattern: Pre-provisioned PV (block volmode)] disruptive[Disruptive][LinuxOnly] Should test that pv used in a pod that is deleted while the kubelet is down cleans up when the kubelet returns." classname="Kubernetes e2e suite" time="0">
          <skipped></skipped>
      </testcase>
      <testcase name="[sig-storage] In-tree Volumes [Driver: local][LocalVolumeType: dir-bindmounted] [Testpattern: Pre-provisioned PV (default fs)] subPath should fail if subpath file is outside the volume [Slow][LinuxOnly]" classname="Kubernetes e2e suite" time="0">
          <skipped></skipped>
      </testcase>
      <testcase name="[sig-storage] In-tree Volumes [Driver: local][LocalVolumeType: blockfs] [Testpattern: Pre-provisioned PV (filesystem volmode)] multiVolume [Slow] should access to two volumes with different volume mode and retain data across pod recreation on different node" classname="Kubernetes e2e suite" time="0">
          <skipped></skipped>
      </testcase>
      <testcase name="[sig-storage] In-tree Volumes [Driver: local][LocalVolumeType: block] [Testpattern: Inline-volume (default fs)] subPath should support restarting containers using file as subpath [Slow][LinuxOnly]" classname="Kubernetes e2e suite" time="0">
          <skipped></skipped>
      </testcase>
      <testcase name="[sig-storage] In-tree Volumes [Driver: emptydir] [Testpattern: Dynamic PV (default fs)] subPath should fail if subpath with backstepping is outside the volume [Slow][LinuxOnly]" classname="Kubernetes e2e suite" time="0">
          <skipped></skipped>
      </testcase>
      <testcase name="[sig-storage] In-tree Volumes [Driver: rbd][Feature:Volumes][Serial] [Testpattern: Pre-provisioned PV (default fs)] subPath should support restarting containers using file as subpath [Slow][LinuxOnly]" classname="Kubernetes e2e suite" time="0">
          <skipped></skipped>
      </testcase>
      <testcase name="[sig-storage] In-tree Volumes [Driver: local][LocalVolumeType: tmpfs] [Testpattern: Pre-provisioned PV (block volmode)] multiVolume [Slow] should concurrently access the single volume from pods on the same node" classname="Kubernetes e2e suite" time="0">
          <skipped></skipped>
      </testcase>
      <testcase name="[sig-storage] In-tree Volumes [Driver: iscsi][Feature:Volumes] [Testpattern: Pre-provisioned PV (block volmode)] multiVolume [Slow] should access to two volumes with different volume mode and retain data across pod recreation on different node" classname="Kubernetes e2e suite" time="0">
          <skipped></skipped>
      </testcase>
      <testcase name="[sig-storage] In-tree Volumes [Driver: local][LocalVolumeType: block] [Testpattern: Pre-provisioned PV (default fs)] subPath should unmount if pod is gracefully deleted while kubelet is down [Disruptive][Slow][LinuxOnly]" classname="Kubernetes e2e suite" time="0">
          <skipped></skipped>
      </testcase>
      <testcase name="[sig-apps] StatefulSet MinReadySeconds should be honored when enabled [Feature:StatefulSetMinReadySeconds] [alpha]" classname="Kubernetes e2e suite" time="0">
          <skipped></skipped>
      </testcase>
      <testcase name="[sig-storage] In-tree Volumes [Driver: vsphere] [Testpattern: Dynamic PV (ext4)] volumes should store data" classname="Kubernetes e2e suite" time="0">
          <skipped></skipped>
      </testcase>
      <testcase name="[sig-storage] In-tree Volumes [Driver: emptydir] [Testpattern: Inline-volume (default fs)] subPath should unmount if pod is gracefully deleted while kubelet is down [Disruptive][Slow][LinuxOnly]" classname="Kubernetes e2e suite" time="0">
          <skipped></skipped>
      </testcase>
      <testcase name="[sig-storage] In-tree Volumes [Driver: local][LocalVolumeType: blockfs] [Testpattern: Dynamic PV (block volmode)] multiVolume [Slow] should concurrently access the volume and restored snapshot from pods on the same node [LinuxOnly][Feature:VolumeSnapshotDataSource][Feature:VolumeSourceXFS]" classname="Kubernetes e2e suite" time="0">
          <skipped></skipped>
      </testcase>
      <testcase name="[sig-storage] In-tree Volumes [Driver: rbd][Feature:Volumes][Serial] [Testpattern: Pre-provisioned PV (default fs)] subPath should support creating multiple subpath from same volumes [Slow]" classname="Kubernetes e2e suite" time="0">
          <skipped></skipped>
      </testcase>
      <testcase name="[sig-storage] CSI Volumes [Driver: csi-hostpath] [Testpattern: Dynamic PV (default fs)] fsgroupchangepolicy (Always)[LinuxOnly], pod created with an initial fsgroup, volume contents ownership changed in first pod, new pod with different fsgroup applied to the volume contents" classname="Kubernetes e2e suite" time="0">
          <skipped></skipped>
      </testcase>
      <testcase name="[sig-storage] In-tree Volumes [Driver: hostPathSymlink] [Testpattern: Dynamic PV (ntfs)][Feature:Windows] subPath should support creating multiple subpath from same volumes [Slow]" classname="Kubernetes e2e suite" time="0">
          <skipped></skipped>
      </testcase>
      <testcase name="[sig-storage] In-tree Volumes [Driver: local][LocalVolumeType: dir-link] [Testpattern: Pre-provisioned PV (default fs)] subPath should support existing directory" classname="Kubernetes e2e suite" time="0">
          <skipped></skipped>
      </testcase>
      <testcase name="[sig-storage] In-tree Volumes [Driver: hostPathSymlink] [Testpattern: Pre-provisioned PV (block volmode)] volumeMode should not mount / map unused volumes in a pod [LinuxOnly]" classname="Kubernetes e2e suite" time="0">
          <skipped></skipped>
      </testcase>
      <testcase name="[sig-storage] In-tree Volumes [Driver: ceph][Feature:Volumes][Serial] [Testpattern: Inline-volume (ext4)] volumes should store data" classname="Kubernetes e2e suite" time="0">
          <skipped></skipped>
      </testcase>
      <testcase name="[sig-storage] In-tree Volumes [Driver: hostPathSymlink] [Testpattern: Dynamic PV (default fs)] volume-stress multiple pods should access different volumes repeatedly [Slow] [Serial]" classname="Kubernetes e2e suite" time="0">
          <skipped></skipped>
      </testcase>
      <testcase name="[sig-storage] In-tree Volumes [Driver: rbd][Feature:Volumes][Serial] [Testpattern: Dynamic PV (ntfs)][Feature:Windows] subPath should support readOnly file specified in the volumeMount [LinuxOnly]" classname="Kubernetes e2e suite" time="0">
          <skipped></skipped>
      </testcase>
      <testcase name="[sig-network] Firewall rule control plane should not expose well-known ports" classname="Kubernetes e2e suite" time="0">
          <skipped></skipped>
      </testcase>
      <testcase name="[sig-storage] In-tree Volumes [Driver: iscsi][Feature:Volumes] [Testpattern: Dynamic PV (ntfs)][Feature:Windows] subPath should fail if non-existent subpath is outside the volume [Slow][LinuxOnly]" classname="Kubernetes e2e suite" time="0">
          <skipped></skipped>
      </testcase>
      <testcase name="[sig-storage] In-tree Volumes [Driver: local][LocalVolumeType: tmpfs] [Testpattern: Dynamic PV (block volmode)] volumeMode should fail to use a volume in a pod with mismatched mode [Slow]" classname="Kubernetes e2e suite" time="0">
          <skipped></skipped>
      </testcase>
      <testcase name="[sig-storage] In-tree Volumes [Driver: hostPathSymlink] [Testpattern: Dynamic PV (block volmode)] provisioning should provision storage with snapshot data source [Feature:VolumeSnapshotDataSource]" classname="Kubernetes e2e suite" time="0">
          <skipped></skipped>
      </testcase>
      <testcase name="[sig-node] RuntimeClass should run a Pod requesting a RuntimeClass with scheduling without taints " classname="Kubernetes e2e suite" time="0">
          <skipped></skipped>
      </testcase>
      <testcase name="[sig-node] Security Context should support pod.Spec.SecurityContext.RunAsUser And pod.Spec.SecurityContext.RunAsGroup [LinuxOnly] [Conformance]" classname="Kubernetes e2e suite" time="10.628885167"></testcase>
      <testcase name="[sig-storage] In-tree Volumes [Driver: local][LocalVolumeType: block] [Testpattern: Pre-provisioned PV (default fs)] subPath should support creating multiple subpath from same volumes [Slow]" classname="Kubernetes e2e suite" time="0">
          <skipped></skipped>
      </testcase>
      <testcase name="[sig-storage] In-tree Volumes [Driver: gluster] [Testpattern: Dynamic PV (ntfs)][Feature:Windows] subPath should support creating multiple subpath from same volumes [Slow]" classname="Kubernetes e2e suite" time="0">
          <skipped></skipped>
      </testcase>
      <testcase name="[sig-storage] In-tree Volumes [Driver: local][LocalVolumeType: block] [Testpattern: Dynamic PV (default fs)] volumes should allow exec of files on the volume" classname="Kubernetes e2e suite" time="0">
          <skipped></skipped>
      </testcase>
      <testcase name="[sig-storage] In-tree Volumes [Driver: local][LocalVolumeType: dir-link] [Testpattern: Inline-volume (default fs)] subPath should support non-existent path" classname="Kubernetes e2e suite" time="0">
          <skipped></skipped>
      </testcase>
      <testcase name="[sig-storage] In-tree Volumes [Driver: local][LocalVolumeType: blockfs] [Testpattern: Dynamic PV (ntfs)][Feature:Windows] subPath should support readOnly file specified in the volumeMount [LinuxOnly]" classname="Kubernetes e2e suite" time="0">
          <skipped></skipped>
      </testcase>
      <testcase name="[sig-storage] In-tree Volumes [Driver: hostPath] [Testpattern: Dynamic PV (ntfs)][Feature:Windows] subPath should support existing single file [LinuxOnly]" classname="Kubernetes e2e suite" time="0">
          <skipped></skipped>
      </testcase>
      <testcase name="[sig-storage] In-tree Volumes [Driver: local][LocalVolumeType: dir-link] [Testpattern: Dynamic PV (ntfs)][Feature:Windows] volumes should store data" classname="Kubernetes e2e suite" time="0">
          <skipped></skipped>
      </testcase>
      <testcase name="[sig-storage] In-tree Volumes [Driver: aws] [Testpattern: Dynamic PV (filesystem volmode)] volumeLimits should verify that all csinodes have volume limits" classname="Kubernetes e2e suite" time="0">
          <skipped></skipped>
      </testcase>
      <testcase name="[sig-api-machinery] API priority and fairness should ensure that requests can&#39;t be drowned out (priority)" classname="Kubernetes e2e suite" time="0">
          <skipped></skipped>
      </testcase>
      <testcase name="[sig-storage] In-tree Volumes [Driver: local][LocalVolumeType: blockfs] [Testpattern: Dynamic PV (block volmode)] volume-expand should not allow expansion of pvcs without AllowVolumeExpansion property" classname="Kubernetes e2e suite" time="0">
          <skipped></skipped>
      </testcase>
      <testcase name="[sig-storage] In-tree Volumes [Driver: local][LocalVolumeType: tmpfs] [Testpattern: Dynamic PV (ext4)] multiVolume [Slow] should concurrently access the single volume from pods on different node" classname="Kubernetes e2e suite" time="0">
          <skipped></skipped>
      </testcase>
      <testcase name="[sig-storage] In-tree Volumes [Driver: gluster] [Testpattern: Dynamic PV (xfs)][Slow] multiVolume [Slow] should access to two volumes with different volume mode and retain data across pod recreation on the same node" classname="Kubernetes e2e suite" time="0">
          <skipped></skipped>
      </testcase>
      <testcase name="[sig-storage] CSI Volumes [Driver: csi-hostpath] [Testpattern: Pre-provisioned PV (block volmode)] multiVolume [Slow] should concurrently access the single read-only volume from pods on the same node" classname="Kubernetes e2e suite" time="0">
          <skipped></skipped>
      </testcase>
      <testcase name="[sig-storage] CSI Volumes [Driver: pd.csi.storage.gke.io][Serial] [Testpattern: Dynamic PV (ntfs)][Feature:Windows] subPath should support readOnly file specified in the volumeMount [LinuxOnly]" classname="Kubernetes e2e suite" time="0">
          <skipped></skipped>
      </testcase>
      <testcase name="[sig-storage] In-tree Volumes [Driver: emptydir] [Testpattern: Dynamic PV (default fs)] subPath should support readOnly directory specified in the volumeMount" classname="Kubernetes e2e suite" time="0">
          <skipped></skipped>
      </testcase>
      <testcase name="[sig-storage] In-tree Volumes [Driver: cinder] [Testpattern: Dynamic PV (ntfs)][Feature:Windows] subPath should support readOnly directory specified in the volumeMount" classname="Kubernetes e2e suite" time="0">
          <skipped></skipped>
      </testcase>
      <testcase name="[sig-storage] In-tree Volumes [Driver: hostPath] [Testpattern: Dynamic PV (ntfs)][Feature:Windows] subPath should fail if subpath file is outside the volume [Slow][LinuxOnly]" classname="Kubernetes e2e suite" time="0">
          <skipped></skipped>
      </testcase>
      <testcase name="[sig-storage] In-tree Volumes [Driver: azure-disk] [Testpattern: Pre-provisioned PV (filesystem volmode)] multiVolume [Slow] should concurrently access the single volume from pods on different node" classname="Kubernetes e2e suite" time="0">
          <skipped></skipped>
      </testcase>
      <testcase name="[sig-storage] In-tree Volumes [Driver: azure-disk] [Testpattern: Dynamic PV (block volmode)] multiVolume [Slow] should access to two volumes with the same volume mode and retain data across pod recreation on different node" classname="Kubernetes e2e suite" time="0">
          <skipped></skipped>
      </testcase>
      <testcase name="[sig-cloud-provider-gcp] Reboot [Disruptive] [Feature:Reboot] each node by ordering clean reboot and ensure they function upon restart" classname="Kubernetes e2e suite" time="0">
          <skipped></skipped>
      </testcase>
      <testcase name="[sig-storage] In-tree Volumes [Driver: local][LocalVolumeType: dir-link] [Testpattern: Dynamic PV (default fs)] subPath should be able to unmount after the subpath directory is deleted [LinuxOnly]" classname="Kubernetes e2e suite" time="0">
          <skipped></skipped>
      </testcase>
      <testcase name="[sig-storage] In-tree Volumes [Driver: local][LocalVolumeType: dir-bindmounted] [Testpattern: Inline-volume (ext3)] volumes should store data" classname="Kubernetes e2e suite" time="0">
          <skipped></skipped>
      </testcase>
      <testcase name="[sig-storage] In-tree Volumes [Driver: local][LocalVolumeType: dir-link-bindmounted] [Testpattern: Dynamic PV (ext4)] volumes should allow exec of files on the volume" classname="Kubernetes e2e suite" time="0">
          <skipped></skipped>
      </testcase>
      <testcase name="[sig-storage] In-tree Volumes [Driver: nfs] [Testpattern: Inline-volume (default fs)] subPath should support restarting containers using file as subpath [Slow][LinuxOnly]" classname="Kubernetes e2e suite" time="0">
          <skipped></skipped>
      </testcase>
      <testcase name="[sig-storage] In-tree Volumes [Driver: local][LocalVolumeType: dir-link] [Testpattern: Pre-provisioned PV (ntfs)][Feature:Windows] volumes should store data" classname="Kubernetes e2e suite" time="0">
          <skipped></skipped>
      </testcase>
      <testcase name="[sig-storage] In-tree Volumes [Driver: rbd][Feature:Volumes][Serial] [Testpattern: Pre-provisioned PV (xfs)][Slow] volumes should store data" classname="Kubernetes e2e suite" time="0">
          <skipped></skipped>
      </testcase>
      <testcase name="[sig-storage] In-tree Volumes [Driver: aws] [Testpattern: Dynamic PV (ntfs)][Feature:Windows] provisioning should provision storage with mount options" classname="Kubernetes e2e suite" time="0">
          <skipped></skipped>
      </testcase>
      <testcase name="[sig-storage] In-tree Volumes [Driver: nfs] [Testpattern: Dynamic PV (filesystem volmode)] multiVolume [Slow] should access to two volumes with the same volume mode and retain data across pod recreation on the same node" classname="Kubernetes e2e suite" time="0">
          <skipped></skipped>
      </testcase>
      <testcase name="[sig-storage] CSI Volumes [Driver: pd.csi.storage.gke.io][Serial] [Testpattern: Dynamic PV (ntfs)][Feature:Windows] subPath should be able to unmount after the subpath directory is deleted [LinuxOnly]" classname="Kubernetes e2e suite" time="0">
          <skipped></skipped>
      </testcase>
      <testcase name="[sig-storage] In-tree Volumes [Driver: windows-gcepd] [Testpattern: Inline-volume (xfs)][Slow] volumes should allow exec of files on the volume" classname="Kubernetes e2e suite" time="0">
          <skipped></skipped>
      </testcase>
      <testcase name="[sig-network] Netpol NetworkPolicy between server and client should support a &#39;default-deny-all&#39; policy [Feature:NetworkPolicy]" classname="Kubernetes e2e suite" time="0">
          <skipped></skipped>
      </testcase>
      <testcase name="[sig-storage] In-tree Volumes [Driver: local][LocalVolumeType: dir-link-bindmounted] [Testpattern: Pre-provisioned PV (xfs)][Slow] volumes should store data" classname="Kubernetes e2e suite" time="0">
          <skipped></skipped>
      </testcase>
      <testcase name="[sig-storage] Zone Support [Feature:vsphere] Verify a pod is created and attached to a dynamically created PV, based on multiple zones specified in storage class " classname="Kubernetes e2e suite" time="0">
          <skipped></skipped>
      </testcase>
      <testcase name="[sig-storage] GenericPersistentVolume[Disruptive] When kubelet restarts Should test that a file written to the mount before kubelet restart is readable after restart." classname="Kubernetes e2e suite" time="0">
          <skipped></skipped>
      </testcase>
      <testcase name="[sig-storage] In-tree Volumes [Driver: azure-disk] [Testpattern: Pre-provisioned PV (default fs)] subPath should support readOnly file specified in the volumeMount [LinuxOnly]" classname="Kubernetes e2e suite" time="0">
          <skipped></skipped>
      </testcase>
      <testcase name="[sig-storage] CSI Volumes [Driver: csi-hostpath] [Testpattern: Dynamic PV (block volmode)] volume-expand should not allow expansion of pvcs without AllowVolumeExpansion property" classname="Kubernetes e2e suite" time="0">
          <skipped></skipped>
      </testcase>
      <testcase name="[sig-storage] In-tree Volumes [Driver: azure-disk] [Testpattern: Pre-provisioned PV (default fs)] subPath should fail if subpath directory is outside the volume [Slow][LinuxOnly]" classname="Kubernetes e2e suite" time="0">
          <skipped></skipped>
      </testcase>
      <testcase name="[sig-storage] In-tree Volumes [Driver: nfs] [Testpattern: Dynamic PV (ext4)] multiVolume [Slow] should concurrently access the single volume from pods on different node" classname="Kubernetes e2e suite" time="0">
          <skipped></skipped>
      </testcase>
      <testcase name="[sig-cli] Kubectl Port forwarding With a server listening on localhost that expects NO client request should support a client that connects, sends DATA, and disconnects" classname="Kubernetes e2e suite" time="0">
          <skipped></skipped>
      </testcase>
      <testcase name="[sig-storage] In-tree Volumes [Driver: ceph][Feature:Volumes][Serial] [Testpattern: Dynamic PV (ntfs)][Feature:Windows] subPath should be able to unmount after the subpath directory is deleted [LinuxOnly]" classname="Kubernetes e2e suite" time="0">
          <skipped></skipped>
      </testcase>
      <testcase name="[sig-storage] In-tree Volumes [Driver: local][LocalVolumeType: dir-bindmounted] [Testpattern: Dynamic PV (ext4)] multiVolume [Slow] should concurrently access the volume and restored snapshot from pods on the same node [LinuxOnly][Feature:VolumeSnapshotDataSource][Feature:VolumeSourceXFS]" classname="Kubernetes e2e suite" time="0">
          <skipped></skipped>
      </testcase>
      <testcase name="[sig-storage] In-tree Volumes [Driver: local][LocalVolumeType: block] [Testpattern: Pre-provisioned PV (default fs)] subPath should support existing directory" classname="Kubernetes e2e suite" time="0">
          <skipped></skipped>
      </testcase>
      <testcase name="[sig-network] Netpol NetworkPolicy between server and client should deny egress from pods based on PodSelector [Feature:NetworkPolicy] " classname="Kubernetes e2e suite" time="0">
          <skipped></skipped>
      </testcase>
      <testcase name="[sig-storage] In-tree Volumes [Driver: local][LocalVolumeType: dir] [Testpattern: Dynamic PV (block volmode)] provisioning should provision storage with snapshot data source [Feature:VolumeSnapshotDataSource]" classname="Kubernetes e2e suite" time="0">
          <skipped></skipped>
      </testcase>
      <testcase name="[sig-storage] In-tree Volumes [Driver: vsphere] [Testpattern: Dynamic PV (filesystem volmode)] disruptive[Disruptive][LinuxOnly] Should test that pv written before kubelet restart is readable after restart." classname="Kubernetes e2e suite" time="0">
          <skipped></skipped>
      </testcase>
      <testcase name="[sig-storage] In-tree Volumes [Driver: local][LocalVolumeType: gce-localssd-scsi-fs] [Serial] [Testpattern: Dynamic PV (ntfs)][Feature:Windows] provisioning should provision storage with pvc data source in parallel [Slow]" classname="Kubernetes e2e suite" time="0">
          <skipped></skipped>
      </testcase>
      <testcase name="[sig-storage] In-tree Volumes [Driver: aws] [Testpattern: Dynamic PV (filesystem volmode)] multiVolume [Slow] should access to two volumes with the same volume mode and retain data across pod recreation on the same node" classname="Kubernetes e2e suite" time="0">
          <skipped></skipped>
      </testcase>
      <testcase name="[sig-node] Docker Containers should be able to override the image&#39;s default arguments (docker cmd) [NodeConformance] [Conformance]" classname="Kubernetes e2e suite" time="8.437033494"></testcase>
      <testcase name="[sig-network] DNS should provide DNS for pods for Hostname [LinuxOnly] [Conformance]" classname="Kubernetes e2e suite" time="10.891447596"></testcase>
      <testcase name="[sig-apps] Deployment RecreateDeployment should delete old pods and create new ones [Conformance]" classname="Kubernetes e2e suite" time="12.957711106"></testcase>
      <testcase name="[sig-storage] In-tree Volumes [Driver: local][LocalVolumeType: gce-localssd-scsi-fs] [Serial] [Testpattern: Dynamic PV (ntfs)][Feature:Windows] subPath should support restarting containers using file as subpath [Slow][LinuxOnly]" classname="Kubernetes e2e suite" time="0">
          <skipped></skipped>
      </testcase>
      <testcase name="[sig-storage] In-tree Volumes [Driver: hostPathSymlink] [Testpattern: Dynamic PV (ntfs)][Feature:Windows] subPath should support non-existent path" classname="Kubernetes e2e suite" time="0">
          <skipped></skipped>
      </testcase>
      <testcase name="[sig-storage] In-tree Volumes [Driver: iscsi][Feature:Volumes] [Testpattern: Pre-provisioned PV (filesystem volmode)] multiVolume [Slow] should concurrently access the volume and restored snapshot from pods on the same node [LinuxOnly][Feature:VolumeSnapshotDataSource][Feature:VolumeSourceXFS]" classname="Kubernetes e2e suite" time="0">
          <skipped></skipped>
      </testcase>
      <testcase name="[sig-storage] In-tree Volumes [Driver: gcepd] [Testpattern: Inline-volume (xfs)][Slow] volumes should allow exec of files on the volume" classname="Kubernetes e2e suite" time="0">
          <skipped></skipped>
      </testcase>
      <testcase name="[sig-storage] In-tree Volumes [Driver: cinder] [Testpattern: Pre-provisioned PV (filesystem volmode)] multiVolume [Slow] should concurrently access the volume and its clone from pods on the same node [LinuxOnly][Feature:VolumeSnapshotDataSource][Feature:VolumeSourceXFS]" classname="Kubernetes e2e suite" time="0">
          <skipped></skipped>
      </testcase>
      <testcase name="[sig-storage] In-tree Volumes [Driver: local][LocalVolumeType: gce-localssd-scsi-fs] [Serial] [Testpattern: Inline-volume (ext4)] volumes should store data" classname="Kubernetes e2e suite" time="0">
          <skipped></skipped>
      </testcase>
      <testcase name="[sig-api-machinery] CustomResourcePublishOpenAPI [Privileged:ClusterAdmin] [Flaky] kubectl explain works for CR with the same resource name as built-in object." classname="Kubernetes e2e suite" time="0">
          <skipped></skipped>
      </testcase>
      <testcase name="[sig-storage] In-tree Volumes [Driver: hostPathSymlink] [Testpattern: Inline-volume (default fs)] subPath should support readOnly file specified in the volumeMount [LinuxOnly]" classname="Kubernetes e2e suite" time="0">
          <skipped></skipped>
      </testcase>
      <testcase name="[sig-storage] In-tree Volumes [Driver: local][LocalVolumeType: tmpfs] [Testpattern: Dynamic PV (filesystem volmode)] volumeLimits should support volume limits [Serial]" classname="Kubernetes e2e suite" time="0">
          <skipped></skipped>
      </testcase>
      <testcase name="[sig-storage] In-tree Volumes [Driver: hostPath] [Testpattern: Dynamic PV (default fs)] fsgroupchangepolicy (Always)[LinuxOnly], pod created with an initial fsgroup, new pod fsgroup applied to volume contents" classname="Kubernetes e2e suite" time="0">
          <skipped></skipped>
      </testcase>
      <testcase name="[sig-storage] In-tree Volumes [Driver: local][LocalVolumeType: tmpfs] [Testpattern: Dynamic PV (default fs)] subPath should fail if non-existent subpath is outside the volume [Slow][LinuxOnly]" classname="Kubernetes e2e suite" time="0">
          <skipped></skipped>
      </testcase>
      <testcase name="[sig-storage] In-tree Volumes [Driver: cinder] [Testpattern: Dynamic PV (default fs)] subPath should unmount if pod is gracefully deleted while kubelet is down [Disruptive][Slow][LinuxOnly]" classname="Kubernetes e2e suite" time="0">
          <skipped></skipped>
      </testcase>
      <testcase name="[sig-storage] In-tree Volumes [Driver: vsphere] [Testpattern: Dynamic PV (ntfs)][Feature:Windows] subPath should be able to unmount after the subpath directory is deleted [LinuxOnly]" classname="Kubernetes e2e suite" time="0">
          <skipped></skipped>
      </testcase>
      <testcase name="[sig-storage] In-tree Volumes [Driver: hostPath] [Testpattern: Dynamic PV (delayed binding)] topology should fail to schedule a pod which has topologies that conflict with AllowedTopologies" classname="Kubernetes e2e suite" time="0">
          <skipped></skipped>
      </testcase>
      <testcase name="[sig-storage] In-tree Volumes [Driver: gluster] [Testpattern: Inline-volume (xfs)][Slow] volumes should allow exec of files on the volume" classname="Kubernetes e2e suite" time="0">
          <skipped></skipped>
      </testcase>
      <testcase name="[sig-node] AppArmor load AppArmor profiles should enforce an AppArmor profile" classname="Kubernetes e2e suite" time="0">
          <skipped></skipped>
      </testcase>
      <testcase name="[sig-storage] CSI Volumes [Driver: pd.csi.storage.gke.io][Serial] [Testpattern: Dynamic PV (block volmode)] provisioning should provision storage with mount options" classname="Kubernetes e2e suite" time="0">
          <skipped></skipped>
      </testcase>
      <testcase name="[sig-storage] In-tree Volumes [Driver: gluster] [Testpattern: Pre-provisioned PV (default fs)] subPath should be able to unmount after the subpath directory is deleted [LinuxOnly]" classname="Kubernetes e2e suite" time="0">
          <skipped></skipped>
      </testcase>
      <testcase name="[sig-storage] In-tree Volumes [Driver: local][LocalVolumeType: block] [Testpattern: Inline-volume (default fs)] subPath should unmount if pod is force deleted while kubelet is down [Disruptive][Slow][LinuxOnly]" classname="Kubernetes e2e suite" time="0">
          <skipped></skipped>
      </testcase>
      <testcase name="[sig-storage] In-tree Volumes [Driver: emptydir] [Testpattern: Dynamic PV (default fs)] provisioning should provision storage with snapshot data source [Feature:VolumeSnapshotDataSource]" classname="Kubernetes e2e suite" time="0">
          <skipped></skipped>
      </testcase>
      <testcase name="[sig-network] LoadBalancers should have session affinity work for LoadBalancer service with ESIPP off [Slow] [DisabledForLargeClusters] [LinuxOnly]" classname="Kubernetes e2e suite" time="0">
          <skipped></skipped>
      </testcase>
      <testcase name="[sig-storage] In-tree Volumes [Driver: azure-disk] [Testpattern: Pre-provisioned PV (default fs)] subPath should verify container cannot write to subpath readonly volumes [Slow]" classname="Kubernetes e2e suite" time="0">
          <skipped></skipped>
      </testcase>
      <testcase name="[sig-storage] In-tree Volumes [Driver: vsphere] [Testpattern: Pre-provisioned PV (default fs)] subPath should support existing single file [LinuxOnly]" classname="Kubernetes e2e suite" time="0">
          <skipped></skipped>
      </testcase>
      <testcase name="[sig-storage] In-tree Volumes [Driver: hostPathSymlink] [Testpattern: Dynamic PV (xfs)][Slow] volumes should allow exec of files on the volume" classname="Kubernetes e2e suite" time="0">
          <skipped></skipped>
      </testcase>
      <testcase name="[sig-storage] In-tree Volumes [Driver: iscsi][Feature:Volumes] [Testpattern: Inline-volume (xfs)][Slow] volumes should store data" classname="Kubernetes e2e suite" time="0">
          <skipped></skipped>
      </testcase>
      <testcase name="[sig-storage] In-tree Volumes [Driver: cinder] [Testpattern: Inline-volume (default fs)] subPath should support existing single file [LinuxOnly]" classname="Kubernetes e2e suite" time="0">
          <skipped></skipped>
      </testcase>
      <testcase name="[sig-storage] In-tree Volumes [Driver: local][LocalVolumeType: dir] [Testpattern: Dynamic PV (xfs)][Slow] volumes should allow exec of files on the volume" classname="Kubernetes e2e suite" time="0">
          <skipped></skipped>
      </testcase>
      <testcase name="[sig-storage] In-tree Volumes [Driver: local][LocalVolumeType: dir-link-bindmounted] [Testpattern: Pre-provisioned PV (default fs)] volumes should store data" classname="Kubernetes e2e suite" time="0">
          <skipped></skipped>
      </testcase>
      <testcase name="[sig-storage] In-tree Volumes [Driver: gluster] [Testpattern: Dynamic PV (ext4)] volumes should store data" classname="Kubernetes e2e suite" time="0">
          <skipped></skipped>
      </testcase>
      <testcase name="[sig-storage] In-tree Volumes [Driver: hostPath] [Testpattern: Dynamic PV (default fs)(allowExpansion)] volume-expand should resize volume when PVC is edited while pod is using it" classname="Kubernetes e2e suite" time="0">
          <skipped></skipped>
      </testcase>
      <testcase name="[sig-storage] CSI Volumes [Driver: csi-hostpath] [Testpattern: Dynamic Snapshot (delete policy)] snapshottable-stress[Feature:VolumeSnapshotDataSource] should support snapshotting of many volumes repeatedly [Slow] [Serial]" classname="Kubernetes e2e suite" time="0">
          <skipped></skipped>
      </testcase>
      <testcase name="[sig-storage] In-tree Volumes [Driver: cinder] [Testpattern: Dynamic PV (filesystem volmode)] multiVolume [Slow] should concurrently access the single volume from pods on different node" classname="Kubernetes e2e suite" time="0">
          <skipped></skipped>
      </testcase>
      <testcase name="[sig-storage] CSI Volumes [Driver: pd.csi.storage.gke.io][Serial] [Testpattern: Pre-provisioned PV (filesystem volmode)] multiVolume [Slow] should concurrently access the volume and its clone from pods on the same node [LinuxOnly][Feature:VolumeSnapshotDataSource][Feature:VolumeSourceXFS]" classname="Kubernetes e2e suite" time="0">
          <skipped></skipped>
      </testcase>
      <testcase name="[sig-storage] CSI Volumes [Driver: csi-hostpath] [Testpattern: Dynamic PV (ntfs)][Feature:Windows] subPath should support non-existent path" classname="Kubernetes e2e suite" time="0">
          <skipped></skipped>
      </testcase>
      <testcase name="[sig-storage] In-tree Volumes [Driver: local][LocalVolumeType: dir] [Testpattern: Dynamic PV (filesystem volmode)] multiVolume [Slow] should access to two volumes with the same volume mode and retain data across pod recreation on different node" classname="Kubernetes e2e suite" time="0">
          <skipped></skipped>
      </testcase>
      <testcase name="[sig-storage] CSI Volumes [Driver: csi-hostpath] [Testpattern: Dynamic PV (xfs)][Slow] multiVolume [Slow] should concurrently access the volume and its clone from pods on the same node [LinuxOnly][Feature:VolumeSnapshotDataSource][Feature:VolumeSourceXFS]" classname="Kubernetes e2e suite" time="0">
          <skipped></skipped>
      </testcase>
      <testcase name="[sig-storage] In-tree Volumes [Driver: hostPathSymlink] [Testpattern: Dynamic PV (xfs)][Slow] multiVolume [Slow] should access to two volumes with different volume mode and retain data across pod recreation on different node" classname="Kubernetes e2e suite" time="0">
          <skipped></skipped>
      </testcase>
      <testcase name="[sig-storage] In-tree Volumes [Driver: nfs] [Testpattern: Pre-provisioned PV (filesystem volmode)] multiVolume [Slow] should concurrently access the single volume from pods on the same node" classname="Kubernetes e2e suite" time="0">
          <skipped></skipped>
      </testcase>
      <testcase name="[sig-node] Security Context should support seccomp default which is unconfined [LinuxOnly]" classname="Kubernetes e2e suite" time="0">
          <skipped></skipped>
      </testcase>
      <testcase name="[sig-storage] In-tree Volumes [Driver: gluster] [Testpattern: Pre-provisioned PV (default fs)] subPath should fail if subpath directory is outside the volume [Slow][LinuxOnly]" classname="Kubernetes e2e suite" time="0">
          <skipped></skipped>
      </testcase>
      <testcase name="[sig-storage] CSI Volumes [Driver: pd.csi.storage.gke.io][Serial] [Testpattern: Pre-provisioned PV (block volmode)] volumeMode should fail to use a volume in a pod with mismatched mode [Slow]" classname="Kubernetes e2e suite" time="0">
          <skipped></skipped>
      </testcase>
      <testcase name="[sig-network] Netpol NetworkPolicy between server and client should deny egress from all pods in a namespace [Feature:NetworkPolicy] " classname="Kubernetes e2e suite" time="0">
          <skipped></skipped>
      </testcase>
      <testcase name="[sig-storage] In-tree Volumes [Driver: ceph][Feature:Volumes][Serial] [Testpattern: Inline-volume (default fs)] subPath should support readOnly directory specified in the volumeMount" classname="Kubernetes e2e suite" time="0">
          <skipped></skipped>
      </testcase>
      <testcase name="[sig-storage] In-tree Volumes [Driver: ceph][Feature:Volumes][Serial] [Testpattern: Pre-provisioned PV (filesystem volmode)] multiVolume [Slow] should concurrently access the single read-only volume from pods on the same node" classname="Kubernetes e2e suite" time="0">
          <skipped></skipped>
      </testcase>
      <testcase name="[sig-storage] In-tree Volumes [Driver: local][LocalVolumeType: gce-localssd-scsi-fs] [Serial] [Testpattern: Dynamic PV (default fs)] volumes should store data" classname="Kubernetes e2e suite" time="0">
          <skipped></skipped>
      </testcase>
      <testcase name="[sig-storage] In-tree Volumes [Driver: gluster] [Testpattern: Dynamic PV (default fs)] subPath should support existing single file [LinuxOnly]" classname="Kubernetes e2e suite" time="0">
          <skipped></skipped>
      </testcase>
      <testcase name="[sig-storage] In-tree Volumes [Driver: local][LocalVolumeType: dir-bindmounted] [Testpattern: Dynamic PV (filesystem volmode)] multiVolume [Slow] should concurrently access the volume and its clone from pods on the same node [LinuxOnly][Feature:VolumeSnapshotDataSource][Feature:VolumeSourceXFS]" classname="Kubernetes e2e suite" time="0">
          <skipped></skipped>
      </testcase>
      <testcase name="[sig-storage] In-tree Volumes [Driver: hostPathSymlink] [Testpattern: Dynamic PV (filesystem volmode)] volumeLimits should support volume limits [Serial]" classname="Kubernetes e2e suite" time="0">
          <skipped></skipped>
      </testcase>
      <testcase name="[sig-storage] In-tree Volumes [Driver: windows-gcepd] [Testpattern: Dynamic PV (xfs)][Slow] multiVolume [Slow] should concurrently access the volume and restored snapshot from pods on the same node [LinuxOnly][Feature:VolumeSnapshotDataSource][Feature:VolumeSourceXFS]" classname="Kubernetes e2e suite" time="0">
          <skipped></skipped>
      </testcase>
      <testcase name="[sig-storage] In-tree Volumes [Driver: ceph][Feature:Volumes][Serial] [Testpattern: Dynamic PV (block volmode)] disruptive[Disruptive][LinuxOnly] Should test that pv used in a pod that is deleted while the kubelet is down cleans up when the kubelet returns." classname="Kubernetes e2e suite" time="0">
          <skipped></skipped>
      </testcase>
      <testcase name="[sig-storage] In-tree Volumes [Driver: gluster] [Testpattern: Dynamic PV (default fs)] fsgroupchangepolicy (OnRootMismatch)[LinuxOnly], pod created with an initial fsgroup, volume contents ownership changed in first pod, new pod with different fsgroup applied to the volume contents" classname="Kubernetes e2e suite" time="0">
          <skipped></skipped>
      </testcase>
      <testcase name="[sig-storage] In-tree Volumes [Driver: local][LocalVolumeType: dir-link] [Testpattern: Pre-provisioned PV (default fs)] subPath should fail if non-existent subpath is outside the volume [Slow][LinuxOnly]" classname="Kubernetes e2e suite" time="0">
          <skipped></skipped>
      </testcase>
      <testcase name="[sig-storage] In-tree Volumes [Driver: hostPathSymlink] [Testpattern: Dynamic PV (xfs)][Slow] multiVolume [Slow] should concurrently access the single read-only volume from pods on the same node" classname="Kubernetes e2e suite" time="0">
          <skipped></skipped>
      </testcase>
      <testcase name="[sig-storage] In-tree Volumes [Driver: local][LocalVolumeType: dir-bindmounted] [Testpattern: Pre-provisioned PV (block volmode)] multiVolume [Slow] should concurrently access the volume and its clone from pods on the same node [LinuxOnly][Feature:VolumeSnapshotDataSource][Feature:VolumeSourceXFS]" classname="Kubernetes e2e suite" time="0">
          <skipped></skipped>
      </testcase>
      <testcase name="[sig-storage] CSI Volumes [Driver: csi-hostpath] [Testpattern: Dynamic PV (default fs)] subPath should support file as subpath [LinuxOnly]" classname="Kubernetes e2e suite" time="0">
          <skipped></skipped>
      </testcase>
      <testcase name="[sig-storage] In-tree Volumes [Driver: iscsi][Feature:Volumes] [Testpattern: Inline-volume (default fs)] subPath should fail if subpath with backstepping is outside the volume [Slow][LinuxOnly]" classname="Kubernetes e2e suite" time="0">
          <skipped></skipped>
      </testcase>
      <testcase name="[sig-storage] In-tree Volumes [Driver: cinder] [Testpattern: Inline-volume (default fs)] subPath should fail if non-existent subpath is outside the volume [Slow][LinuxOnly]" classname="Kubernetes e2e suite" time="0">
          <skipped></skipped>
      </testcase>
      <testcase name="[sig-storage] In-tree Volumes [Driver: cinder] [Testpattern: Dynamic PV (ntfs)][Feature:Windows] subPath should unmount if pod is gracefully deleted while kubelet is down [Disruptive][Slow][LinuxOnly]" classname="Kubernetes e2e suite" time="0">
          <skipped></skipped>
      </testcase>
      <testcase name="[sig-storage] In-tree Volumes [Driver: vsphere] [Testpattern: Pre-provisioned PV (block volmode)] multiVolume [Slow] should concurrently access the volume and its clone from pods on the same node [LinuxOnly][Feature:VolumeSnapshotDataSource][Feature:VolumeSourceXFS]" classname="Kubernetes e2e suite" time="0">
          <skipped></skipped>
      </testcase>
      <testcase name="[sig-storage] In-tree Volumes [Driver: local][LocalVolumeType: gce-localssd-scsi-fs] [Serial] [Testpattern: Dynamic PV (default fs)] subPath should support existing directories when readOnly specified in the volumeSource" classname="Kubernetes e2e suite" time="0">
          <skipped></skipped>
      </testcase>
      <testcase name="[sig-storage] In-tree Volumes [Driver: local][LocalVolumeType: dir-link-bindmounted] [Testpattern: Dynamic PV (default fs)] subPath should be able to unmount after the subpath directory is deleted [LinuxOnly]" classname="Kubernetes e2e suite" time="0">
          <skipped></skipped>
      </testcase>
      <testcase name="[sig-storage] In-tree Volumes [Driver: hostPath] [Testpattern: Dynamic PV (filesystem volmode)] volumeLimits should support volume limits [Serial]" classname="Kubernetes e2e suite" time="0">
          <skipped></skipped>
      </testcase>
      <testcase name="[sig-storage] In-tree Volumes [Driver: iscsi][Feature:Volumes] [Testpattern: Dynamic PV (ntfs)][Feature:Windows] provisioning should provision storage with pvc data source" classname="Kubernetes e2e suite" time="0">
          <skipped></skipped>
      </testcase>
      <testcase name="[sig-storage] In-tree Volumes [Driver: windows-gcepd] [Testpattern: Dynamic PV (block volmode)] provisioning should provision storage with mount options" classname="Kubernetes e2e suite" time="0">
          <skipped></skipped>
      </testcase>
      <testcase name="[sig-storage] In-tree Volumes [Driver: ceph][Feature:Volumes][Serial] [Testpattern: Dynamic PV (ntfs)][Feature:Windows] subPath should fail if subpath directory is outside the volume [Slow][LinuxOnly]" classname="Kubernetes e2e suite" time="0">
          <skipped></skipped>
      </testcase>
      <testcase name="[sig-storage] CSI Volumes [Driver: pd.csi.storage.gke.io][Serial] [Testpattern: Dynamic PV (default fs)] fsgroupchangepolicy (Always)[LinuxOnly], pod created with an initial fsgroup, volume contents ownership changed in first pod, new pod with same fsgroup applied to the volume contents" classname="Kubernetes e2e suite" time="0">
          <skipped></skipped>
      </testcase>
      <testcase name="[sig-storage] In-tree Volumes [Driver: local][LocalVolumeType: blockfs] [Testpattern: Inline-volume (default fs)] volumes should allow exec of files on the volume" classname="Kubernetes e2e suite" time="0">
          <skipped></skipped>
      </testcase>
      <testcase name="[sig-storage] In-tree Volumes [Driver: local][LocalVolumeType: tmpfs] [Testpattern: Dynamic PV (ext4)] volumes should store data" classname="Kubernetes e2e suite" time="0">
          <skipped></skipped>
      </testcase>
      <testcase name="[sig-api-machinery] ResourceQuota should verify ResourceQuota with terminating scopes. [Conformance]" classname="Kubernetes e2e suite" time="16.661322745"></testcase>
      <testcase name="[sig-storage] In-tree Volumes [Driver: nfs] [Testpattern: Pre-provisioned PV (xfs)][Slow] volumes should allow exec of files on the volume" classname="Kubernetes e2e suite" time="0">
          <skipped></skipped>
      </testcase>
      <testcase name="[sig-storage] In-tree Volumes [Driver: local][LocalVolumeType: gce-localssd-scsi-fs] [Serial] [Testpattern: Dynamic PV (block volmode)] provisioning should provision storage with pvc data source" classname="Kubernetes e2e suite" time="0">
          <skipped></skipped>
      </testcase>
      <testcase name="[sig-storage] PersistentVolumes-local  [Volume type: dir-bindmounted] Two pods mounting a local volume one after the other should be able to write from pod1 and read from pod2" classname="Kubernetes e2e suite" time="0">
          <skipped></skipped>
      </testcase>
      <testcase name="[sig-storage] In-tree Volumes [Driver: local][LocalVolumeType: dir-link-bindmounted] [Testpattern: Dynamic PV (block volmode)] provisioning should provision storage with snapshot data source [Feature:VolumeSnapshotDataSource]" classname="Kubernetes e2e suite" time="0">
          <skipped></skipped>
      </testcase>
      <testcase name="[sig-storage] In-tree Volumes [Driver: emptydir] [Testpattern: Dynamic PV (default fs)] subPath should unmount if pod is gracefully deleted while kubelet is down [Disruptive][Slow][LinuxOnly]" classname="Kubernetes e2e suite" time="0">
          <skipped></skipped>
      </testcase>
      <testcase name="[sig-storage] In-tree Volumes [Driver: local][LocalVolumeType: dir] [Testpattern: Pre-provisioned PV (filesystem volmode)] disruptive[Disruptive][LinuxOnly] Should test that pv written before kubelet restart is readable after restart." classname="Kubernetes e2e suite" time="0">
          <skipped></skipped>
      </testcase>
      <testcase name="[sig-storage] In-tree Volumes [Driver: cinder] [Testpattern: Dynamic PV (ntfs)][Feature:Windows] subPath should fail if subpath file is outside the volume [Slow][LinuxOnly]" classname="Kubernetes e2e suite" time="0">
          <skipped></skipped>
      </testcase>
      <testcase name="[sig-storage] In-tree Volumes [Driver: vsphere] [Testpattern: Pre-provisioned PV (filesystem volmode)] multiVolume [Slow] should concurrently access the single read-only volume from pods on the same node" classname="Kubernetes e2e suite" time="0">
          <skipped></skipped>
      </testcase>
      <testcase name="[sig-storage] In-tree Volumes [Driver: gcepd] [Testpattern: Dynamic PV (default fs)] fsgroupchangepolicy (OnRootMismatch)[LinuxOnly], pod created with an initial fsgroup, volume contents ownership changed in first pod, new pod with different fsgroup applied to the volume contents" classname="Kubernetes e2e suite" time="0">
          <skipped></skipped>
      </testcase>
      <testcase name="[sig-storage] In-tree Volumes [Driver: local][LocalVolumeType: block] [Testpattern: Pre-provisioned PV (filesystem volmode)] multiVolume [Slow] should access to two volumes with the same volume mode and retain data across pod recreation on the same node" classname="Kubernetes e2e suite" time="0">
          <skipped></skipped>
      </testcase>
      <testcase name="[sig-autoscaling] [Feature:HPA] Horizontal pod autoscaling (scale resource: CPU) [Serial] [Slow] Deployment Should scale from 5 pods to 3 pods and from 3 to 1" classname="Kubernetes e2e suite" time="0">
          <skipped></skipped>
      </testcase>
      <testcase name="[sig-storage] In-tree Volumes [Driver: ceph][Feature:Volumes][Serial] [Testpattern: Dynamic PV (default fs)] volumes should store data" classname="Kubernetes e2e suite" time="0">
          <skipped></skipped>
      </testcase>
      <testcase name="[sig-storage] In-tree Volumes [Driver: nfs] [Testpattern: Pre-provisioned PV (filesystem volmode)] multiVolume [Slow] should concurrently access the volume and its clone from pods on the same node [LinuxOnly][Feature:VolumeSnapshotDataSource][Feature:VolumeSourceXFS]" classname="Kubernetes e2e suite" time="0">
          <skipped></skipped>
      </testcase>
      <testcase name="[sig-storage] In-tree Volumes [Driver: windows-gcepd] [Testpattern: Dynamic PV (ext4)] volumes should store data" classname="Kubernetes e2e suite" time="0">
          <skipped></skipped>
      </testcase>
      <testcase name="[sig-network] Loadbalancing: L7 GCE [Slow] [Feature:Ingress] should conform to Ingress spec" classname="Kubernetes e2e suite" time="0">
          <skipped></skipped>
      </testcase>
      <testcase name="[sig-storage] In-tree Volumes [Driver: emptydir] [Testpattern: Dynamic PV (block volmode)] provisioning should provision storage with snapshot data source [Feature:VolumeSnapshotDataSource]" classname="Kubernetes e2e suite" time="0">
          <skipped></skipped>
      </testcase>
      <testcase name="[sig-storage] In-tree Volumes [Driver: local][LocalVolumeType: gce-localssd-scsi-fs] [Serial] [Testpattern: Pre-provisioned PV (filesystem volmode)] disruptive[Disruptive][LinuxOnly] Should test that pv written before kubelet restart is readable after restart." classname="Kubernetes e2e suite" time="0">
          <skipped></skipped>
      </testcase>
      <testcase name="[sig-network] [Feature:IPv6DualStack] Granular Checks: Services Secondary IP Family [LinuxOnly] should function for pod-Service: http" classname="Kubernetes e2e suite" time="0">
          <skipped></skipped>
      </testcase>
      <testcase name="[sig-storage] In-tree Volumes [Driver: cinder] [Testpattern: Dynamic PV (block volmode)] multiVolume [Slow] should concurrently access the volume and restored snapshot from pods on the same node [LinuxOnly][Feature:VolumeSnapshotDataSource][Feature:VolumeSourceXFS]" classname="Kubernetes e2e suite" time="0">
          <skipped></skipped>
      </testcase>
      <testcase name="[sig-storage] In-tree Volumes [Driver: rbd][Feature:Volumes][Serial] [Testpattern: Dynamic PV (xfs)][Slow] multiVolume [Slow] should concurrently access the volume and its clone from pods on the same node [LinuxOnly][Feature:VolumeSnapshotDataSource][Feature:VolumeSourceXFS]" classname="Kubernetes e2e suite" time="0">
          <skipped></skipped>
      </testcase>
      <testcase name="[sig-storage] In-tree Volumes [Driver: aws] [Testpattern: Pre-provisioned PV (default fs)] subPath should support existing directory" classname="Kubernetes e2e suite" time="0">
          <skipped></skipped>
      </testcase>
      <testcase name="[sig-storage] In-tree Volumes [Driver: gcepd] [Testpattern: Dynamic PV (ntfs)][Feature:Windows] subPath should verify container cannot write to subpath readonly volumes [Slow]" classname="Kubernetes e2e suite" time="0">
          <skipped></skipped>
      </testcase>
      <testcase name="[sig-storage] In-tree Volumes [Driver: emptydir] [Testpattern: Pre-provisioned PV (ext4)] volumes should store data" classname="Kubernetes e2e suite" time="0">
          <skipped></skipped>
      </testcase>
      <testcase name="[sig-storage] In-tree Volumes [Driver: local][LocalVolumeType: dir-bindmounted] [Testpattern: Inline-volume (ext4)] volumes should allow exec of files on the volume" classname="Kubernetes e2e suite" time="0">
          <skipped></skipped>
      </testcase>
      <testcase name="[sig-storage] In-tree Volumes [Driver: hostPathSymlink] [Testpattern: Dynamic PV (ntfs)][Feature:Windows] subPath should be able to unmount after the subpath directory is deleted [LinuxOnly]" classname="Kubernetes e2e suite" time="0">
          <skipped></skipped>
      </testcase>
      <testcase name="[sig-storage] In-tree Volumes [Driver: windows-gcepd] [Testpattern: Pre-provisioned PV (ntfs)][Feature:Windows] volumes should store data" classname="Kubernetes e2e suite" time="0">
          <skipped></skipped>
      </testcase>
      <testcase name="[sig-storage] PersistentVolumes-local  [Volume type: dir-link-bindmounted] Set fsGroup for local volume should set different fsGroup for second pod if first pod is deleted" classname="Kubernetes e2e suite" time="0">
          <skipped></skipped>
      </testcase>
      <testcase name="[sig-storage] In-tree Volumes [Driver: nfs] [Testpattern: Inline-volume (default fs)] subPath should verify container cannot write to subpath readonly volumes [Slow]" classname="Kubernetes e2e suite" time="0">
          <skipped></skipped>
      </testcase>
      <testcase name="[sig-storage] In-tree Volumes [Driver: emptydir] [Testpattern: Inline-volume (default fs)] subPath should support existing directories when readOnly specified in the volumeSource" classname="Kubernetes e2e suite" time="0">
          <skipped></skipped>
      </testcase>
      <testcase name="[sig-storage] In-tree Volumes [Driver: gcepd] [Testpattern: Inline-volume (ext3)] volumes should store data" classname="Kubernetes e2e suite" time="0">
          <skipped></skipped>
      </testcase>
      <testcase name="[sig-storage] In-tree Volumes [Driver: local][LocalVolumeType: gce-localssd-scsi-fs] [Serial] [Testpattern: Pre-provisioned PV (filesystem volmode)] volumeMode should not mount / map unused volumes in a pod [LinuxOnly]" classname="Kubernetes e2e suite" time="0">
          <skipped></skipped>
      </testcase>
      <testcase name="[sig-storage] In-tree Volumes [Driver: ceph][Feature:Volumes][Serial] [Testpattern: Dynamic PV (immediate binding)] topology should fail to schedule a pod which has topologies that conflict with AllowedTopologies" classname="Kubernetes e2e suite" time="0">
          <skipped></skipped>
      </testcase>
      <testcase name="[sig-storage] In-tree Volumes [Driver: gcepd] [Testpattern: Pre-provisioned PV (filesystem volmode)] multiVolume [Slow] should concurrently access the single read-only volume from pods on the same node" classname="Kubernetes e2e suite" time="0">
          <skipped></skipped>
      </testcase>
      <testcase name="[sig-storage] In-tree Volumes [Driver: local][LocalVolumeType: dir-link-bindmounted] [Testpattern: Dynamic PV (ntfs)][Feature:Windows] volume-expand should not allow expansion of pvcs without AllowVolumeExpansion property" classname="Kubernetes e2e suite" time="0">
          <skipped></skipped>
      </testcase>
      <testcase name="[sig-storage] In-tree Volumes [Driver: local][LocalVolumeType: dir-link] [Testpattern: Pre-provisioned PV (default fs)] subPath should support non-existent path" classname="Kubernetes e2e suite" time="0">
          <skipped></skipped>
      </testcase>
      <testcase name="[sig-storage] In-tree Volumes [Driver: local][LocalVolumeType: dir-link] [Testpattern: Pre-provisioned PV (filesystem volmode)] multiVolume [Slow] should concurrently access the volume and restored snapshot from pods on the same node [LinuxOnly][Feature:VolumeSnapshotDataSource][Feature:VolumeSourceXFS]" classname="Kubernetes e2e suite" time="0">
          <skipped></skipped>
      </testcase>
      <testcase name="[sig-storage] In-tree Volumes [Driver: vsphere] [Testpattern: Dynamic PV (xfs)][Slow] volumes should store data" classname="Kubernetes e2e suite" time="0">
          <skipped></skipped>
      </testcase>
      <testcase name="[sig-storage] In-tree Volumes [Driver: aws] [Testpattern: Dynamic PV (default fs)] subPath should unmount if pod is gracefully deleted while kubelet is down [Disruptive][Slow][LinuxOnly]" classname="Kubernetes e2e suite" time="0">
          <skipped></skipped>
      </testcase>
      <testcase name="[sig-storage] HostPathType Directory [Slow] Should fail on mounting directory &#39;adir&#39; when HostPathType is HostPathSocket" classname="Kubernetes e2e suite" time="0">
          <skipped></skipped>
      </testcase>
      <testcase name="[sig-storage] In-tree Volumes [Driver: nfs] [Testpattern: Pre-provisioned PV (default fs)] subPath should support non-existent path" classname="Kubernetes e2e suite" time="0">
          <skipped></skipped>
      </testcase>
      <testcase name="[sig-api-machinery] ResourceQuota should create a ResourceQuota and capture the life of a replica set. [Conformance]" classname="Kubernetes e2e suite" time="11.166112008"></testcase>
      <testcase name="[sig-storage] In-tree Volumes [Driver: aws] [Testpattern: Dynamic PV (ntfs)][Feature:Windows] subPath should support file as subpath [LinuxOnly]" classname="Kubernetes e2e suite" time="0">
          <skipped></skipped>
      </testcase>
      <testcase name="[sig-storage] In-tree Volumes [Driver: gcepd] [Testpattern: Dynamic PV (default fs)] subPath should support readOnly file specified in the volumeMount [LinuxOnly]" classname="Kubernetes e2e suite" time="0">
          <skipped></skipped>
      </testcase>
      <testcase name="[sig-storage] CSI Volumes [Driver: csi-hostpath] [Testpattern: Inline-volume (ext4)] volumes should allow exec of files on the volume" classname="Kubernetes e2e suite" time="0">
          <skipped></skipped>
      </testcase>
      <testcase name="[sig-storage] In-tree Volumes [Driver: azure-disk] [Testpattern: Dynamic PV (ntfs)(allowExpansion)][Feature:Windows] volume-expand Verify if offline PVC expansion works" classname="Kubernetes e2e suite" time="0">
          <skipped></skipped>
      </testcase>
      <testcase name="[sig-storage] In-tree Volumes [Driver: windows-gcepd] [Testpattern: Dynamic PV (filesystem volmode)] volumeMode should fail to use a volume in a pod with mismatched mode [Slow]" classname="Kubernetes e2e suite" time="0">
          <skipped></skipped>
      </testcase>
      <testcase name="[sig-storage] In-tree Volumes [Driver: emptydir] [Testpattern: Inline-volume (ntfs)][Feature:Windows] volumes should store data" classname="Kubernetes e2e suite" time="0">
          <skipped></skipped>
      </testcase>
      <testcase name="[sig-storage] In-tree Volumes [Driver: nfs] [Testpattern: Dynamic PV (xfs)][Slow] multiVolume [Slow] should concurrently access the single volume from pods on the same node" classname="Kubernetes e2e suite" time="0">
          <skipped></skipped>
      </testcase>
      <testcase name="[sig-storage] PersistentVolumes-local  [Volume type: tmpfs] One pod requesting one prebound PVC should be able to mount volume and read from pod1" classname="Kubernetes e2e suite" time="0">
          <skipped></skipped>
      </testcase>
      <testcase name="[sig-storage] In-tree Volumes [Driver: iscsi][Feature:Volumes] [Testpattern: Dynamic PV (default fs)] fsgroupchangepolicy (OnRootMismatch)[LinuxOnly], pod created with an initial fsgroup, volume contents ownership changed in first pod, new pod with same fsgroup skips ownership changes to the volume contents" classname="Kubernetes e2e suite" time="0">
          <skipped></skipped>
      </testcase>
      <testcase name="[sig-storage] In-tree Volumes [Driver: hostPath] [Testpattern: Pre-provisioned PV (ext4)] volumes should allow exec of files on the volume" classname="Kubernetes e2e suite" time="0">
          <skipped></skipped>
      </testcase>
      <testcase name="[sig-storage] In-tree Volumes [Driver: local][LocalVolumeType: block] [Testpattern: Dynamic PV (ntfs)(allowExpansion)][Feature:Windows] volume-expand Verify if offline PVC expansion works" classname="Kubernetes e2e suite" time="0">
          <skipped></skipped>
      </testcase>
      <testcase name="[sig-storage] In-tree Volumes [Driver: nfs] [Testpattern: Inline-volume (default fs)] subPath should unmount if pod is force deleted while kubelet is down [Disruptive][Slow][LinuxOnly]" classname="Kubernetes e2e suite" time="0">
          <skipped></skipped>
      </testcase>
      <testcase name="[sig-storage] In-tree Volumes [Driver: local][LocalVolumeType: gce-localssd-scsi-fs] [Serial] [Testpattern: Dynamic PV (filesystem volmode)] volumeLimits should support volume limits [Serial]" classname="Kubernetes e2e suite" time="0">
          <skipped></skipped>
      </testcase>
      <testcase name="[sig-storage] In-tree Volumes [Driver: rbd][Feature:Volumes][Serial] [Testpattern: Dynamic PV (filesystem volmode)] disruptive[Disruptive][LinuxOnly] Should test that pv written before kubelet restart is readable after restart." classname="Kubernetes e2e suite" time="0">
          <skipped></skipped>
      </testcase>
      <testcase name="[sig-storage] In-tree Volumes [Driver: ceph][Feature:Volumes][Serial] [Testpattern: Dynamic PV (ntfs)(allowExpansion)][Feature:Windows] volume-expand Verify if offline PVC expansion works" classname="Kubernetes e2e suite" time="0">
          <skipped></skipped>
      </testcase>
      <testcase name="[sig-storage] In-tree Volumes [Driver: vsphere] [Testpattern: Pre-provisioned PV (default fs)] subPath should fail if subpath file is outside the volume [Slow][LinuxOnly]" classname="Kubernetes e2e suite" time="0">
          <skipped></skipped>
      </testcase>
      <testcase name="[sig-storage] In-tree Volumes [Driver: iscsi][Feature:Volumes] [Testpattern: Dynamic PV (block volmode)] volumes should store data" classname="Kubernetes e2e suite" time="0">
          <skipped></skipped>
      </testcase>
      <testcase name="[sig-storage] In-tree Volumes [Driver: hostPathSymlink] [Testpattern: Dynamic PV (block volmode)] provisioning should provision storage with mount options" classname="Kubernetes e2e suite" time="0">
          <skipped></skipped>
      </testcase>
      <testcase name="[sig-storage] In-tree Volumes [Driver: local][LocalVolumeType: dir-bindmounted] [Testpattern: Inline-volume (default fs)] subPath should unmount if pod is gracefully deleted while kubelet is down [Disruptive][Slow][LinuxOnly]" classname="Kubernetes e2e suite" time="0">
          <skipped></skipped>
      </testcase>
      <testcase name="[sig-storage] In-tree Volumes [Driver: vsphere] [Testpattern: Pre-provisioned PV (block volmode)] multiVolume [Slow] should access to two volumes with the same volume mode and retain data across pod recreation on the same node" classname="Kubernetes e2e suite" time="0">
          <skipped></skipped>
      </testcase>
      <testcase name="[sig-storage] CSI Volumes [Driver: csi-hostpath] [Testpattern: Dynamic PV (ntfs)][Feature:Windows] subPath should fail if non-existent subpath is outside the volume [Slow][LinuxOnly]" classname="Kubernetes e2e suite" time="0">
          <skipped></skipped>
      </testcase>
      <testcase name="[sig-storage] In-tree Volumes [Driver: cinder] [Testpattern: Dynamic PV (ext4)] multiVolume [Slow] should concurrently access the single read-only volume from pods on the same node" classname="Kubernetes e2e suite" time="0">
          <skipped></skipped>
      </testcase>
      <testcase name="[sig-storage] In-tree Volumes [Driver: nfs] [Testpattern: Pre-provisioned PV (filesystem volmode)] volumeMode should fail to use a volume in a pod with mismatched mode [Slow]" classname="Kubernetes e2e suite" time="0">
          <skipped></skipped>
      </testcase>
      <testcase name="[sig-storage] In-tree Volumes [Driver: local][LocalVolumeType: tmpfs] [Testpattern: Dynamic PV (default fs)] subPath should support restarting containers using directory as subpath [Slow]" classname="Kubernetes e2e suite" time="0">
          <skipped></skipped>
      </testcase>
      <testcase name="[sig-storage] Ephemeralstorage When pod refers to non-existent ephemeral storage should allow deletion of pod with invalid volume : projected" classname="Kubernetes e2e suite" time="0">
          <skipped></skipped>
      </testcase>
      <testcase name="[sig-apps] Daemon set [Serial] should list and delete a collection of DaemonSets [Conformance]" classname="Kubernetes e2e suite" time="169.594272339"></testcase>
      <testcase name="[sig-node] Probing container with readiness probe should not be ready before initial delay and never restart [NodeConformance] [Conformance]" classname="Kubernetes e2e suite" time="22.223318523"></testcase>
      <testcase name="[sig-storage] In-tree Volumes [Driver: local][LocalVolumeType: dir-link] [Testpattern: Pre-provisioned PV (default fs)] subPath should support existing directories when readOnly specified in the volumeSource" classname="Kubernetes e2e suite" time="0">
          <skipped></skipped>
      </testcase>
      <testcase name="[sig-storage] EmptyDir volumes volume on tmpfs should have the correct mode [LinuxOnly] [NodeConformance] [Conformance]" classname="Kubernetes e2e suite" time="8.484721801"></testcase>
      <testcase name="[sig-storage] In-tree Volumes [Driver: hostPath] [Testpattern: Pre-provisioned PV (default fs)] subPath should be able to unmount after the subpath directory is deleted [LinuxOnly]" classname="Kubernetes e2e suite" time="0">
          <skipped></skipped>
      </testcase>
      <testcase name="[sig-storage] In-tree Volumes [Driver: azure-disk] [Testpattern: Pre-provisioned PV (block volmode)] multiVolume [Slow] should concurrently access the single volume from pods on different node" classname="Kubernetes e2e suite" time="0">
          <skipped></skipped>
      </testcase>
      <testcase name="[sig-storage] In-tree Volumes [Driver: hostPath] [Testpattern: Dynamic PV (default fs)] subPath should support readOnly directory specified in the volumeMount" classname="Kubernetes e2e suite" time="0">
          <skipped></skipped>
      </testcase>
      <testcase name="[sig-storage] In-tree Volumes [Driver: local][LocalVolumeType: block] [Testpattern: Dynamic PV (default fs)] subPath should verify container cannot write to subpath readonly volumes [Slow]" classname="Kubernetes e2e suite" time="0">
          <skipped></skipped>
      </testcase>
      <testcase name="[sig-node] Probing container should be restarted with an exec liveness probe with timeout [MinimumKubeletVersion:1.20] [NodeConformance]" classname="Kubernetes e2e suite" time="0">
          <skipped></skipped>
      </testcase>
      <testcase name="[sig-storage] In-tree Volumes [Driver: aws] [Testpattern: Pre-provisioned PV (default fs)] volumes should allow exec of files on the volume" classname="Kubernetes e2e suite" time="0">
          <skipped></skipped>
      </testcase>
      <testcase name="[sig-storage] Secrets should be consumable from pods in volume [NodeConformance] [Conformance]" classname="Kubernetes e2e suite" time="10.604914976"></testcase>
      <testcase name="[sig-storage] Volume Attach Verify [Feature:vsphere][Serial][Disruptive] verify volume remains attached after master kubelet restart" classname="Kubernetes e2e suite" time="0">
          <skipped></skipped>
      </testcase>
      <testcase name="[sig-storage] In-tree Volumes [Driver: hostPath] [Testpattern: Dynamic PV (ntfs)(allowExpansion)][Feature:Windows] volume-expand Verify if offline PVC expansion works" classname="Kubernetes e2e suite" time="0">
          <skipped></skipped>
      </testcase>
      <testcase name="[sig-storage] Pod Disks schedule pods each with a PD, delete pod and verify detach [Slow] for read-only PD with pod delete grace period of &#34;immediate (0s)&#34;" classname="Kubernetes e2e suite" time="0">
          <skipped></skipped>
      </testcase>
      <testcase name="[sig-storage] In-tree Volumes [Driver: ceph][Feature:Volumes][Serial] [Testpattern: Pre-provisioned PV (default fs)] subPath should support existing directories when readOnly specified in the volumeSource" classname="Kubernetes e2e suite" time="0">
          <skipped></skipped>
      </testcase>
      <testcase name="[sig-storage] In-tree Volumes [Driver: hostPath] [Testpattern: Dynamic PV (filesystem volmode)] multiVolume [Slow] should concurrently access the single volume from pods on the same node" classname="Kubernetes e2e suite" time="0">
          <skipped></skipped>
      </testcase>
      <testcase name="[sig-storage] In-tree Volumes [Driver: windows-gcepd] [Testpattern: Dynamic PV (filesystem volmode)] multiVolume [Slow] should concurrently access the single volume from pods on the same node" classname="Kubernetes e2e suite" time="0">
          <skipped></skipped>
      </testcase>
      <testcase name="[sig-storage] In-tree Volumes [Driver: hostPath] [Testpattern: Pre-provisioned PV (block volmode)] volumeMode should fail to create pod by failing to mount volume [Slow]" classname="Kubernetes e2e suite" time="0">
          <skipped></skipped>
      </testcase>
      <testcase name="[sig-storage] In-tree Volumes [Driver: local][LocalVolumeType: dir-link] [Testpattern: Pre-provisioned PV (filesystem volmode)] multiVolume [Slow] should concurrently access the single volume from pods on the same node" classname="Kubernetes e2e suite" time="0">
          <skipped></skipped>
      </testcase>
      <testcase name="[sig-network] NetworkPolicy [Feature:SCTPConnectivity][LinuxOnly][Disruptive] NetworkPolicy between server and client using SCTP should enforce policy based on Ports [Feature:NetworkPolicy]" classname="Kubernetes e2e suite" time="0">
          <skipped></skipped>
      </testcase>
      <testcase name="[sig-network] [Feature:IPv6DualStack] Granular Checks: Services Secondary IP Family [LinuxOnly] should update endpoints: udp" classname="Kubernetes e2e suite" time="0">
          <skipped></skipped>
      </testcase>
      <testcase name="[sig-storage] In-tree Volumes [Driver: local][LocalVolumeType: dir-link-bindmounted] [Testpattern: Dynamic PV (ntfs)][Feature:Windows] subPath should support non-existent path" classname="Kubernetes e2e suite" time="0">
          <skipped></skipped>
      </testcase>
      <testcase name="[sig-storage] In-tree Volumes [Driver: azure-disk] [Testpattern: Dynamic PV (default fs)] fsgroupchangepolicy (OnRootMismatch)[LinuxOnly], pod created with an initial fsgroup, volume contents ownership changed in first pod, new pod with same fsgroup skips ownership changes to the volume contents" classname="Kubernetes e2e suite" time="0">
          <skipped></skipped>
      </testcase>
      <testcase name="[sig-storage] In-tree Volumes [Driver: hostPathSymlink] [Testpattern: Pre-provisioned PV (default fs)] subPath should unmount if pod is force deleted while kubelet is down [Disruptive][Slow][LinuxOnly]" classname="Kubernetes e2e suite" time="0">
          <skipped></skipped>
      </testcase>
      <testcase name="[sig-storage] CSI mock volume CSIStorageCapacity CSIStorageCapacity disabled" classname="Kubernetes e2e suite" time="0">
          <skipped></skipped>
      </testcase>
      <testcase name="[sig-storage] In-tree Volumes [Driver: local][LocalVolumeType: dir-link-bindmounted] [Testpattern: Pre-provisioned PV (block volmode)] multiVolume [Slow] should concurrently access the volume and its clone from pods on the same node [LinuxOnly][Feature:VolumeSnapshotDataSource][Feature:VolumeSourceXFS]" classname="Kubernetes e2e suite" time="0">
          <skipped></skipped>
      </testcase>
      <testcase name="[sig-storage] In-tree Volumes [Driver: aws] [Testpattern: Dynamic PV (ntfs)][Feature:Windows] volume-expand should not allow expansion of pvcs without AllowVolumeExpansion property" classname="Kubernetes e2e suite" time="0">
          <skipped></skipped>
      </testcase>
      <testcase name="[sig-storage] In-tree Volumes [Driver: ceph][Feature:Volumes][Serial] [Testpattern: Dynamic PV (ntfs)][Feature:Windows] subPath should support existing single file [LinuxOnly]" classname="Kubernetes e2e suite" time="0">
          <skipped></skipped>
      </testcase>
      <testcase name="[sig-storage] In-tree Volumes [Driver: local][LocalVolumeType: dir-link-bindmounted] [Testpattern: Dynamic PV (block volmode)] multiVolume [Slow] should access to two volumes with the same volume mode and retain data across pod recreation on different node" classname="Kubernetes e2e suite" time="0">
          <skipped></skipped>
      </testcase>
      <testcase name="[sig-storage] In-tree Volumes [Driver: gcepd] [Testpattern: Pre-provisioned PV (block volmode)] multiVolume [Slow] should concurrently access the volume and restored snapshot from pods on the same node [LinuxOnly][Feature:VolumeSnapshotDataSource][Feature:VolumeSourceXFS]" classname="Kubernetes e2e suite" time="0">
          <skipped></skipped>
      </testcase>
      <testcase name="[sig-storage] In-tree Volumes [Driver: emptydir] [Testpattern: Pre-provisioned PV (default fs)] subPath should support existing directory" classname="Kubernetes e2e suite" time="0">
          <skipped></skipped>
      </testcase>
      <testcase name="[sig-storage] In-tree Volumes [Driver: local][LocalVolumeType: blockfs] [Testpattern: Dynamic PV (ntfs)][Feature:Windows] provisioning should provision storage with pvc data source" classname="Kubernetes e2e suite" time="0">
          <skipped></skipped>
      </testcase>
      <testcase name="[sig-storage] PersistentVolumes-local  [Volume type: blockfswithformat] Set fsGroup for local volume should set same fsGroup for two pods simultaneously [Slow]" classname="Kubernetes e2e suite" time="0">
          <skipped></skipped>
      </testcase>
      <testcase name="[sig-node] RuntimeClass should reject a Pod requesting a non-existent RuntimeClass [NodeFeature:RuntimeHandler]" classname="Kubernetes e2e suite" time="0">
          <skipped></skipped>
      </testcase>
      <testcase name="[sig-storage] In-tree Volumes [Driver: nfs] [Testpattern: Dynamic PV (default fs)] capacity provides storage capacity information" classname="Kubernetes e2e suite" time="0">
          <skipped></skipped>
      </testcase>
      <testcase name="[sig-storage] In-tree Volumes [Driver: local][LocalVolumeType: dir-link-bindmounted] [Testpattern: Pre-provisioned PV (default fs)] volumes should allow exec of files on the volume" classname="Kubernetes e2e suite" time="0">
          <skipped></skipped>
      </testcase>
      <testcase name="[sig-storage] CSI Volumes [Driver: csi-hostpath] [Testpattern: Dynamic PV (default fs)] subPath should support restarting containers using directory as subpath [Slow]" classname="Kubernetes e2e suite" time="0">
          <skipped></skipped>
      </testcase>
      <testcase name="[sig-storage] In-tree Volumes [Driver: aws] [Testpattern: Dynamic PV (block volmode)] disruptive[Disruptive][LinuxOnly] Should test that pv used in a pod that is force deleted while the kubelet is down cleans up when the kubelet returns." classname="Kubernetes e2e suite" time="0">
          <skipped></skipped>
      </testcase>
      <testcase name="[sig-api-machinery] Etcd failure [Disruptive] should recover from network partition with master" classname="Kubernetes e2e suite" time="0">
          <skipped></skipped>
      </testcase>
      <testcase name="[sig-storage] In-tree Volumes [Driver: hostPath] [Testpattern: Inline-volume (ext3)] volumes should store data" classname="Kubernetes e2e suite" time="0">
          <skipped></skipped>
      </testcase>
      <testcase name="[sig-storage] In-tree Volumes [Driver: local][LocalVolumeType: dir-bindmounted] [Testpattern: Pre-provisioned PV (filesystem volmode)] multiVolume [Slow] should access to two volumes with different volume mode and retain data across pod recreation on the same node" classname="Kubernetes e2e suite" time="0">
          <skipped></skipped>
      </testcase>
      <testcase name="[sig-storage] In-tree Volumes [Driver: local][LocalVolumeType: block] [Testpattern: Pre-provisioned PV (block volmode)] disruptive[Disruptive][LinuxOnly] Should test that pv used in a pod that is deleted while the kubelet is down cleans up when the kubelet returns." classname="Kubernetes e2e suite" time="0">
          <skipped></skipped>
      </testcase>
      <testcase name="[sig-storage] In-tree Volumes [Driver: local][LocalVolumeType: blockfs] [Testpattern: Dynamic PV (default fs)] volumes should allow exec of files on the volume" classname="Kubernetes e2e suite" time="0">
          <skipped></skipped>
      </testcase>
      <testcase name="[sig-storage] In-tree Volumes [Driver: hostPathSymlink] [Testpattern: Dynamic PV (block volmode)] multiVolume [Slow] should access to two volumes with different volume mode and retain data across pod recreation on different node" classname="Kubernetes e2e suite" time="0">
          <skipped></skipped>
      </testcase>
      <testcase name="[sig-storage] In-tree Volumes [Driver: emptydir] [Testpattern: Pre-provisioned PV (default fs)] subPath should be able to unmount after the subpath directory is deleted [LinuxOnly]" classname="Kubernetes e2e suite" time="0">
          <skipped></skipped>
      </testcase>
      <testcase name="[sig-storage] In-tree Volumes [Driver: local][LocalVolumeType: block] [Testpattern: Pre-provisioned PV (filesystem volmode)] multiVolume [Slow] should access to two volumes with different volume mode and retain data across pod recreation on different node" classname="Kubernetes e2e suite" time="0">
          <skipped></skipped>
      </testcase>
      <testcase name="[sig-storage] In-tree Volumes [Driver: local][LocalVolumeType: gce-localssd-scsi-fs] [Serial] [Testpattern: Dynamic PV (ext4)] multiVolume [Slow] should concurrently access the volume and its clone from pods on the same node [LinuxOnly][Feature:VolumeSnapshotDataSource][Feature:VolumeSourceXFS]" classname="Kubernetes e2e suite" time="0">
          <skipped></skipped>
      </testcase>
      <testcase name="[sig-apps] Daemon set [Serial] should update pod when spec was updated and update strategy is RollingUpdate [Conformance]" classname="Kubernetes e2e suite" time="928.91540727">
          <failure type="Failure">/workspace/src/k8s.io/kubernetes/_output/dockerized/go/src/k8s.io/kubernetes/test/e2e/framework/framework.go:630&#xA;Jul 24 14:06:37.531: Unexpected error:&#xA;    &lt;*errors.errorString | 0xc0002c2240&gt;: {&#xA;        s: &#34;timed out waiting for the condition&#34;,&#xA;    }&#xA;    timed out waiting for the condition&#xA;occurred&#xA;/workspace/src/k8s.io/kubernetes/_output/dockerized/go/src/k8s.io/kubernetes/test/e2e/apps/daemon_set.go:406</failure>
          <system-out>[BeforeEach] [sig-apps] Daemon set [Serial]&#xA;  /workspace/src/k8s.io/kubernetes/_output/dockerized/go/src/k8s.io/kubernetes/test/e2e/framework/framework.go:185&#xA;STEP: Creating a kubernetes client&#xA;Jul 24 13:57:18.713: INFO: &gt;&gt;&gt; kubeConfig: /tmp/kubeconfig-821373319&#xA;STEP: Building a namespace api object, basename daemonsets&#xA;STEP: Waiting for a default service account to be provisioned in namespace&#xA;[BeforeEach] [sig-apps] Daemon set [Serial]&#xA;  /workspace/src/k8s.io/kubernetes/_output/dockerized/go/src/k8s.io/kubernetes/test/e2e/apps/daemon_set.go:142&#xA;[It] should update pod when spec was updated and update strategy is RollingUpdate [Conformance]&#xA;  /workspace/src/k8s.io/kubernetes/_output/dockerized/go/src/k8s.io/kubernetes/test/e2e/framework/framework.go:630&#xA;Jul 24 13:57:19.225: INFO: Creating simple daemon set daemon-set&#xA;STEP: Check that daemon pods launch on every node of the cluster.&#xA;Jul 24 13:57:19.409: INFO: DaemonSet pods can&#39;t tolerate node kubernetes-master with taints [{Key:node-role.kubernetes.io/master Value: Effect:NoSchedule TimeAdded:&lt;nil&gt;}], skip checking this node&#xA;Jul 24 13:57:19.411: INFO: Number of nodes with available pods: 0&#xA;Jul 24 13:57:19.411: INFO: Node k8s-node03 is running more than one daemon pod&#xA;Jul 24 13:57:20.415: INFO: DaemonSet pods can&#39;t tolerate node kubernetes-master with taints [{Key:node-role.kubernetes.io/master Value: Effect:NoSchedule TimeAdded:&lt;nil&gt;}], skip checking this node&#xA;Jul 24 13:57:20.418: INFO: Number of nodes with available pods: 0&#xA;Jul 24 13:57:20.418: INFO: Node k8s-node03 is running more than one daemon pod&#xA;Jul 24 13:57:21.415: INFO: DaemonSet pods can&#39;t tolerate node kubernetes-master with taints [{Key:node-role.kubernetes.io/master Value: Effect:NoSchedule TimeAdded:&lt;nil&gt;}], skip checking this node&#xA;Jul 24 13:57:21.418: INFO: Number of nodes with available pods: 0&#xA;Jul 24 13:57:21.418: INFO: Node k8s-node03 is running more than one daemon pod&#xA;Jul 24 13:57:22.416: INFO: DaemonSet pods can&#39;t tolerate node kubernetes-master with taints [{Key:node-role.kubernetes.io/master Value: Effect:NoSchedule TimeAdded:&lt;nil&gt;}], skip checking this node&#xA;Jul 24 13:57:22.420: INFO: Number of nodes with available pods: 0&#xA;Jul 24 13:57:22.420: INFO: Node k8s-node03 is running more than one daemon pod&#xA;Jul 24 13:57:23.430: INFO: DaemonSet pods can&#39;t tolerate node kubernetes-master with taints [{Key:node-role.kubernetes.io/master Value: Effect:NoSchedule TimeAdded:&lt;nil&gt;}], skip checking this node&#xA;Jul 24 13:57:23.432: INFO: Number of nodes with available pods: 0&#xA;Jul 24 13:57:23.432: INFO: Node k8s-node03 is running more than one daemon pod&#xA;Jul 24 13:57:24.425: INFO: DaemonSet pods can&#39;t tolerate node kubernetes-master with taints [{Key:node-role.kubernetes.io/master Value: Effect:NoSchedule TimeAdded:&lt;nil&gt;}], skip checking this node&#xA;Jul 24 13:57:24.428: INFO: Number of nodes with available pods: 1&#xA;Jul 24 13:57:24.428: INFO: Node k8s-node03 is running more than one daemon pod&#xA;Jul 24 13:57:25.431: INFO: DaemonSet pods can&#39;t tolerate node kubernetes-master with taints [{Key:node-role.kubernetes.io/master Value: Effect:NoSchedule TimeAdded:&lt;nil&gt;}], skip checking this node&#xA;Jul 24 13:57:25.434: INFO: Number of nodes with available pods: 2&#xA;Jul 24 13:57:25.434: INFO: Node k8s-node03 is running more than one daemon pod&#xA;Jul 24 13:57:26.415: INFO: DaemonSet pods can&#39;t tolerate node kubernetes-master with taints [{Key:node-role.kubernetes.io/master Value: Effect:NoSchedule TimeAdded:&lt;nil&gt;}], skip checking this node&#xA;Jul 24 13:57:26.416: INFO: Number of nodes with available pods: 2&#xA;Jul 24 13:57:26.416: INFO: Node k8s-node03 is running more than one daemon pod&#xA;Jul 24 13:57:27.416: INFO: DaemonSet pods can&#39;t tolerate node kubernetes-master with taints [{Key:node-role.kubernetes.io/master Value: Effect:NoSchedule TimeAdded:&lt;nil&gt;}], skip checking this node&#xA;Jul 24 13:57:27.423: INFO: Number of nodes with available pods: 2&#xA;Jul 24 13:57:27.423: INFO: Node k8s-node03 is running more than one daemon pod&#xA;Jul 24 13:57:28.415: INFO: DaemonSet pods can&#39;t tolerate node kubernetes-master with taints [{Key:node-role.kubernetes.io/master Value: Effect:NoSchedule TimeAdded:&lt;nil&gt;}], skip checking this node&#xA;Jul 24 13:57:28.418: INFO: Number of nodes with available pods: 2&#xA;Jul 24 13:57:28.418: INFO: Node k8s-node03 is running more than one daemon pod&#xA;Jul 24 13:57:29.457: INFO: DaemonSet pods can&#39;t tolerate node kubernetes-master with taints [{Key:node-role.kubernetes.io/master Value: Effect:NoSchedule TimeAdded:&lt;nil&gt;}], skip checking this node&#xA;Jul 24 13:57:29.460: INFO: Number of nodes with available pods: 2&#xA;Jul 24 13:57:29.460: INFO: Node k8s-node03 is running more than one daemon pod&#xA;Jul 24 13:57:30.414: INFO: DaemonSet pods can&#39;t tolerate node kubernetes-master with taints [{Key:node-role.kubernetes.io/master Value: Effect:NoSchedule TimeAdded:&lt;nil&gt;}], skip checking this node&#xA;Jul 24 13:57:30.415: INFO: Number of nodes with available pods: 2&#xA;Jul 24 13:57:30.415: INFO: Node k8s-node03 is running more than one daemon pod&#xA;Jul 24 13:57:31.416: INFO: DaemonSet pods can&#39;t tolerate node kubernetes-master with taints [{Key:node-role.kubernetes.io/master Value: Effect:NoSchedule TimeAdded:&lt;nil&gt;}], skip checking this node&#xA;Jul 24 13:57:31.419: INFO: Number of nodes with available pods: 2&#xA;Jul 24 13:57:31.419: INFO: Node k8s-node03 is running more than one daemon pod&#xA;Jul 24 13:57:32.416: INFO: DaemonSet pods can&#39;t tolerate node kubernetes-master with taints [{Key:node-role.kubernetes.io/master Value: Effect:NoSchedule TimeAdded:&lt;nil&gt;}], skip checking this node&#xA;Jul 24 13:57:32.418: INFO: Number of nodes with available pods: 2&#xA;Jul 24 13:57:32.418: INFO: Node k8s-node03 is running more than one daemon pod&#xA;Jul 24 13:57:33.417: INFO: DaemonSet pods can&#39;t tolerate node kubernetes-master with taints [{Key:node-role.kubernetes.io/master Value: Effect:NoSchedule TimeAdded:&lt;nil&gt;}], skip checking this node&#xA;Jul 24 13:57:33.420: INFO: Number of nodes with available pods: 2&#xA;Jul 24 13:57:33.420: INFO: Node k8s-node03 is running more than one daemon pod&#xA;Jul 24 13:57:34.415: INFO: DaemonSet pods can&#39;t tolerate node kubernetes-master with taints [{Key:node-role.kubernetes.io/master Value: Effect:NoSchedule TimeAdded:&lt;nil&gt;}], skip checking this node&#xA;Jul 24 13:57:34.418: INFO: Number of nodes with available pods: 2&#xA;Jul 24 13:57:34.418: INFO: Node k8s-node03 is running more than one daemon pod&#xA;Jul 24 13:57:35.416: INFO: DaemonSet pods can&#39;t tolerate node kubernetes-master with taints [{Key:node-role.kubernetes.io/master Value: Effect:NoSchedule TimeAdded:&lt;nil&gt;}], skip checking this node&#xA;Jul 24 13:57:35.418: INFO: Number of nodes with available pods: 2&#xA;Jul 24 13:57:35.418: INFO: Node k8s-node03 is running more than one daemon pod&#xA;Jul 24 13:57:36.416: INFO: DaemonSet pods can&#39;t tolerate node kubernetes-master with taints [{Key:node-role.kubernetes.io/master Value: Effect:NoSchedule TimeAdded:&lt;nil&gt;}], skip checking this node&#xA;Jul 24 13:57:36.419: INFO: Number of nodes with available pods: 2&#xA;Jul 24 13:57:36.419: INFO: Node k8s-node03 is running more than one daemon pod&#xA;Jul 24 13:57:37.418: INFO: DaemonSet pods can&#39;t tolerate node kubernetes-master with taints [{Key:node-role.kubernetes.io/master Value: Effect:NoSchedule TimeAdded:&lt;nil&gt;}], skip checking this node&#xA;Jul 24 13:57:37.422: INFO: Number of nodes with available pods: 2&#xA;Jul 24 13:57:37.422: INFO: Node k8s-node03 is running more than one daemon pod&#xA;Jul 24 13:57:38.417: INFO: DaemonSet pods can&#39;t tolerate node kubernetes-master with taints [{Key:node-role.kubernetes.io/master Value: Effect:NoSchedule TimeAdded:&lt;nil&gt;}], skip checking this node&#xA;Jul 24 13:57:38.420: INFO: Number of nodes with available pods: 2&#xA;Jul 24 13:57:38.420: INFO: Node k8s-node03 is running more than one daemon pod&#xA;Jul 24 13:57:39.416: INFO: DaemonSet pods can&#39;t tolerate node kubernetes-master with taints [{Key:node-role.kubernetes.io/master Value: Effect:NoSchedule TimeAdded:&lt;nil&gt;}], skip checking this node&#xA;Jul 24 13:57:39.419: INFO: Number of nodes with available pods: 2&#xA;Jul 24 13:57:39.419: INFO: Node k8s-node03 is running more than one daemon pod&#xA;Jul 24 13:57:40.416: INFO: DaemonSet pods can&#39;t tolerate node kubernetes-master with taints [{Key:node-role.kubernetes.io/master Value: Effect:NoSchedule TimeAdded:&lt;nil&gt;}], skip checking this node&#xA;Jul 24 13:57:40.419: INFO: Number of nodes with available pods: 2&#xA;Jul 24 13:57:40.419: INFO: Node k8s-node03 is running more than one daemon pod&#xA;Jul 24 13:57:41.420: INFO: DaemonSet pods can&#39;t tolerate node kubernetes-master with taints [{Key:node-role.kubernetes.io/master Value: Effect:NoSchedule TimeAdded:&lt;nil&gt;}], skip checking this node&#xA;Jul 24 13:57:41.422: INFO: Number of nodes with available pods: 2&#xA;Jul 24 13:57:41.422: INFO: Node k8s-node03 is running more than one daemon pod&#xA;Jul 24 13:57:42.415: INFO: DaemonSet pods can&#39;t tolerate node kubernetes-master with taints [{Key:node-role.kubernetes.io/master Value: Effect:NoSchedule TimeAdded:&lt;nil&gt;}], skip checking this node&#xA;Jul 24 13:57:42.417: INFO: Number of nodes with available pods: 2&#xA;Jul 24 13:57:42.418: INFO: Node k8s-node03 is running more than one daemon pod&#xA;Jul 24 13:57:43.417: INFO: DaemonSet pods can&#39;t tolerate node kubernetes-master with taints [{Key:node-role.kubernetes.io/master Value: Effect:NoSchedule TimeAdded:&lt;nil&gt;}], skip checking this node&#xA;Jul 24 13:57:43.428: INFO: Number of nodes with available pods: 2&#xA;Jul 24 13:57:43.428: INFO: Node k8s-node03 is running more than one daemon pod&#xA;Jul 24 13:57:44.415: INFO: DaemonSet pods can&#39;t tolerate node kubernetes-master with taints [{Key:node-role.kubernetes.io/master Value: Effect:NoSchedule TimeAdded:&lt;nil&gt;}], skip checking this node&#xA;Jul 24 13:57:44.418: INFO: Number of nodes with available pods: 2&#xA;Jul 24 13:57:44.418: INFO: Node k8s-node03 is running more than one daemon pod&#xA;Jul 24 13:57:45.416: INFO: DaemonSet pods can&#39;t tolerate node kubernetes-master with taints [{Key:node-role.kubernetes.io/master Value: Effect:NoSchedule TimeAdded:&lt;nil&gt;}], skip checking this node&#xA;Jul 24 13:57:45.418: INFO: Number of nodes with available pods: 2&#xA;Jul 24 13:57:45.418: INFO: Node k8s-node03 is running more than one daemon pod&#xA;Jul 24 13:57:46.417: INFO: DaemonSet pods can&#39;t tolerate node kubernetes-master with taints [{Key:node-role.kubernetes.io/master Value: Effect:NoSchedule TimeAdded:&lt;nil&gt;}], skip checking this node&#xA;Jul 24 13:57:46.419: INFO: Number of nodes with available pods: 2&#xA;Jul 24 13:57:46.419: INFO: Node k8s-node03 is running more than one daemon pod&#xA;Jul 24 13:57:47.438: INFO: DaemonSet pods can&#39;t tolerate node kubernetes-master with taints [{Key:node-role.kubernetes.io/master Value: Effect:NoSchedule TimeAdded:&lt;nil&gt;}], skip checking this node&#xA;Jul 24 13:57:47.532: INFO: Number of nodes with available pods: 2&#xA;Jul 24 13:57:47.532: INFO: Node k8s-node03 is running more than one daemon pod&#xA;Jul 24 13:57:48.552: INFO: DaemonSet pods can&#39;t tolerate node kubernetes-master with taints [{Key:node-role.kubernetes.io/master Value: Effect:NoSchedule TimeAdded:&lt;nil&gt;}], skip checking this node&#xA;Jul 24 13:57:48.583: INFO: Number of nodes with available pods: 2&#xA;Jul 24 13:57:48.583: INFO: Node k8s-node03 is running more than one daemon pod&#xA;Jul 24 13:57:49.467: INFO: DaemonSet pods can&#39;t tolerate node kubernetes-master with taints [{Key:node-role.kubernetes.io/master Value: Effect:NoSchedule TimeAdded:&lt;nil&gt;}], skip checking this node&#xA;Jul 24 13:57:49.510: INFO: Number of nodes with available pods: 2&#xA;Jul 24 13:57:49.510: INFO: Node k8s-node03 is running more than one daemon pod&#xA;Jul 24 13:57:50.609: INFO: DaemonSet pods can&#39;t tolerate node kubernetes-master with taints [{Key:node-role.kubernetes.io/master Value: Effect:NoSchedule TimeAdded:&lt;nil&gt;}], skip checking this node&#xA;Jul 24 13:57:50.643: INFO: Number of nodes with available pods: 2&#xA;Jul 24 13:57:50.643: INFO: Node k8s-node03 is running more than one daemon pod&#xA;Jul 24 13:57:51.460: INFO: DaemonSet pods can&#39;t tolerate node kubernetes-master with taints [{Key:node-role.kubernetes.io/master Value: Effect:NoSchedule TimeAdded:&lt;nil&gt;}], skip checking this node&#xA;Jul 24 13:57:51.476: INFO: Number of nodes with available pods: 2&#xA;Jul 24 13:57:51.476: INFO: Node k8s-node03 is running more than one daemon pod&#xA;Jul 24 13:57:52.415: INFO: DaemonSet pods can&#39;t tolerate node kubernetes-master with taints [{Key:node-role.kubernetes.io/master Value: Effect:NoSchedule TimeAdded:&lt;nil&gt;}], skip checking this node&#xA;Jul 24 13:57:52.417: INFO: Number of nodes with available pods: 2&#xA;Jul 24 13:57:52.417: INFO: Node k8s-node03 is running more than one daemon pod&#xA;Jul 24 13:57:53.415: INFO: DaemonSet pods can&#39;t tolerate node kubernetes-master with taints [{Key:node-role.kubernetes.io/master Value: Effect:NoSchedule TimeAdded:&lt;nil&gt;}], skip checking this node&#xA;Jul 24 13:57:53.418: INFO: Number of nodes with available pods: 2&#xA;Jul 24 13:57:53.418: INFO: Node k8s-node03 is running more than one daemon pod&#xA;Jul 24 13:57:54.418: INFO: DaemonSet pods can&#39;t tolerate node kubernetes-master with taints [{Key:node-role.kubernetes.io/master Value: Effect:NoSchedule TimeAdded:&lt;nil&gt;}], skip checking this node&#xA;Jul 24 13:57:54.420: INFO: Number of nodes with available pods: 2&#xA;Jul 24 13:57:54.420: INFO: Node k8s-node03 is running more than one daemon pod&#xA;Jul 24 13:57:55.416: INFO: DaemonSet pods can&#39;t tolerate node kubernetes-master with taints [{Key:node-role.kubernetes.io/master Value: Effect:NoSchedule TimeAdded:&lt;nil&gt;}], skip checking this node&#xA;Jul 24 13:57:55.419: INFO: Number of nodes with available pods: 2&#xA;Jul 24 13:57:55.419: INFO: Node k8s-node03 is running more than one daemon pod&#xA;Jul 24 13:57:56.417: INFO: DaemonSet pods can&#39;t tolerate node kubernetes-master with taints [{Key:node-role.kubernetes.io/master Value: Effect:NoSchedule TimeAdded:&lt;nil&gt;}], skip checking this node&#xA;Jul 24 13:57:56.420: INFO: Number of nodes with available pods: 2&#xA;Jul 24 13:57:56.420: INFO: Node k8s-node03 is running more than one daemon pod&#xA;Jul 24 13:57:57.416: INFO: DaemonSet pods can&#39;t tolerate node kubernetes-master with taints [{Key:node-role.kubernetes.io/master Value: Effect:NoSchedule TimeAdded:&lt;nil&gt;}], skip checking this node&#xA;Jul 24 13:57:57.418: INFO: Number of nodes with available pods: 2&#xA;Jul 24 13:57:57.418: INFO: Node k8s-node03 is running more than one daemon pod&#xA;Jul 24 13:57:58.415: INFO: DaemonSet pods can&#39;t tolerate node kubernetes-master with taints [{Key:node-role.kubernetes.io/master Value: Effect:NoSchedule TimeAdded:&lt;nil&gt;}], skip checking this node&#xA;Jul 24 13:57:58.418: INFO: Number of nodes with available pods: 2&#xA;Jul 24 13:57:58.418: INFO: Node k8s-node03 is running more than one daemon pod&#xA;Jul 24 13:57:59.417: INFO: DaemonSet pods can&#39;t tolerate node kubernetes-master with taints [{Key:node-role.kubernetes.io/master Value: Effect:NoSchedule TimeAdded:&lt;nil&gt;}], skip checking this node&#xA;Jul 24 13:57:59.420: INFO: Number of nodes with available pods: 2&#xA;Jul 24 13:57:59.420: INFO: Node k8s-node03 is running more than one daemon pod&#xA;Jul 24 13:58:00.417: INFO: DaemonSet pods can&#39;t tolerate node kubernetes-master with taints [{Key:node-role.kubernetes.io/master Value: Effect:NoSchedule TimeAdded:&lt;nil&gt;}], skip checking this node&#xA;Jul 24 13:58:00.419: INFO: Number of nodes with available pods: 2&#xA;Jul 24 13:58:00.419: INFO: Node k8s-node03 is running more than one daemon pod&#xA;Jul 24 13:58:01.416: INFO: DaemonSet pods can&#39;t tolerate node kubernetes-master with taints [{Key:node-role.kubernetes.io/master Value: Effect:NoSchedule TimeAdded:&lt;nil&gt;}], skip checking this node&#xA;Jul 24 13:58:01.419: INFO: Number of nodes with available pods: 2&#xA;Jul 24 13:58:01.419: INFO: Node k8s-node03 is running more than one daemon pod&#xA;Jul 24 13:58:02.415: INFO: DaemonSet pods can&#39;t tolerate node kubernetes-master with taints [{Key:node-role.kubernetes.io/master Value: Effect:NoSchedule TimeAdded:&lt;nil&gt;}], skip checking this node&#xA;Jul 24 13:58:02.418: INFO: Number of nodes with available pods: 2&#xA;Jul 24 13:58:02.418: INFO: Node k8s-node03 is running more than one daemon pod&#xA;Jul 24 13:58:03.416: INFO: DaemonSet pods can&#39;t tolerate node kubernetes-master with taints [{Key:node-role.kubernetes.io/master Value: Effect:NoSchedule TimeAdded:&lt;nil&gt;}], skip checking this node&#xA;Jul 24 13:58:03.419: INFO: Number of nodes with available pods: 2&#xA;Jul 24 13:58:03.419: INFO: Node k8s-node03 is running more than one daemon pod&#xA;Jul 24 13:58:04.417: INFO: DaemonSet pods can&#39;t tolerate node kubernetes-master with taints [{Key:node-role.kubernetes.io/master Value: Effect:NoSchedule TimeAdded:&lt;nil&gt;}], skip checking this node&#xA;Jul 24 13:58:04.420: INFO: Number of nodes with available pods: 2&#xA;Jul 24 13:58:04.420: INFO: Node k8s-node03 is running more than one daemon pod&#xA;Jul 24 13:58:05.416: INFO: DaemonSet pods can&#39;t tolerate node kubernetes-master with taints [{Key:node-role.kubernetes.io/master Value: Effect:NoSchedule TimeAdded:&lt;nil&gt;}], skip checking this node&#xA;Jul 24 13:58:05.418: INFO: Number of nodes with available pods: 2&#xA;Jul 24 13:58:05.418: INFO: Node k8s-node03 is running more than one daemon pod&#xA;Jul 24 13:58:06.416: INFO: DaemonSet pods can&#39;t tolerate node kubernetes-master with taints [{Key:node-role.kubernetes.io/master Value: Effect:NoSchedule TimeAdded:&lt;nil&gt;}], skip checking this node&#xA;Jul 24 13:58:06.418: INFO: Number of nodes with available pods: 2&#xA;Jul 24 13:58:06.418: INFO: Node k8s-node03 is running more than one daemon pod&#xA;Jul 24 13:58:07.416: INFO: DaemonSet pods can&#39;t tolerate node kubernetes-master with taints [{Key:node-role.kubernetes.io/master Value: Effect:NoSchedule TimeAdded:&lt;nil&gt;}], skip checking this node&#xA;Jul 24 13:58:07.418: INFO: Number of nodes with available pods: 2&#xA;Jul 24 13:58:07.418: INFO: Node k8s-node03 is running more than one daemon pod&#xA;Jul 24 13:58:08.460: INFO: DaemonSet pods can&#39;t tolerate node kubernetes-master with taints [{Key:node-role.kubernetes.io/master Value: Effect:NoSchedule TimeAdded:&lt;nil&gt;}], skip checking this node&#xA;Jul 24 13:58:08.463: INFO: Number of nodes with available pods: 2&#xA;Jul 24 13:58:08.463: INFO: Node k8s-node03 is running more than one daemon pod&#xA;Jul 24 13:58:09.415: INFO: DaemonSet pods can&#39;t tolerate node kubernetes-master with taints [{Key:node-role.kubernetes.io/master Value: Effect:NoSchedule TimeAdded:&lt;nil&gt;}], skip checking this node&#xA;Jul 24 13:58:09.418: INFO: Number of nodes with available pods: 2&#xA;Jul 24 13:58:09.418: INFO: Node k8s-node03 is running more than one daemon pod&#xA;Jul 24 13:58:10.417: INFO: DaemonSet pods can&#39;t tolerate node kubernetes-master with taints [{Key:node-role.kubernetes.io/master Value: Effect:NoSchedule TimeAdded:&lt;nil&gt;}], skip checking this node&#xA;Jul 24 13:58:10.419: INFO: Number of nodes with available pods: 2&#xA;Jul 24 13:58:10.419: INFO: Node k8s-node03 is running more than one daemon pod&#xA;Jul 24 13:58:11.415: INFO: DaemonSet pods can&#39;t tolerate node kubernetes-master with taints [{Key:node-role.kubernetes.io/master Value: Effect:NoSchedule TimeAdded:&lt;nil&gt;}], skip checking this node&#xA;Jul 24 13:58:11.418: INFO: Number of nodes with available pods: 2&#xA;Jul 24 13:58:11.418: INFO: Node k8s-node03 is running more than one daemon pod&#xA;Jul 24 13:58:12.416: INFO: DaemonSet pods can&#39;t tolerate node kubernetes-master with taints [{Key:node-role.kubernetes.io/master Value: Effect:NoSchedule TimeAdded:&lt;nil&gt;}], skip checking this node&#xA;Jul 24 13:58:12.418: INFO: Number of nodes with available pods: 2&#xA;Jul 24 13:58:12.418: INFO: Node k8s-node03 is running more than one daemon pod&#xA;Jul 24 13:58:13.428: INFO: DaemonSet pods can&#39;t tolerate node kubernetes-master with taints [{Key:node-role.kubernetes.io/master Value: Effect:NoSchedule TimeAdded:&lt;nil&gt;}], skip checking this node&#xA;Jul 24 13:58:13.429: INFO: Number of nodes with available pods: 2&#xA;Jul 24 13:58:13.429: INFO: Node k8s-node03 is running more than one daemon pod&#xA;Jul 24 13:58:14.454: INFO: DaemonSet pods can&#39;t tolerate node kubernetes-master with taints [{Key:node-role.kubernetes.io/master Value: Effect:NoSchedule TimeAdded:&lt;nil&gt;}], skip checking this node&#xA;Jul 24 13:58:14.456: INFO: Number of nodes with available pods: 2&#xA;Jul 24 13:58:14.456: INFO: Node k8s-node03 is running more than one daemon pod&#xA;Jul 24 13:58:15.415: INFO: DaemonSet pods can&#39;t tolerate node kubernetes-master with taints [{Key:node-role.kubernetes.io/master Value: Effect:NoSchedule TimeAdded:&lt;nil&gt;}], skip checking this node&#xA;Jul 24 13:58:15.418: INFO: Number of nodes with available pods: 2&#xA;Jul 24 13:58:15.418: INFO: Node k8s-node03 is running more than one daemon pod&#xA;Jul 24 13:58:16.416: INFO: DaemonSet pods can&#39;t tolerate node kubernetes-master with taints [{Key:node-role.kubernetes.io/master Value: Effect:NoSchedule TimeAdded:&lt;nil&gt;}], skip checking this node&#xA;Jul 24 13:58:16.418: INFO: Number of nodes with available pods: 2&#xA;Jul 24 13:58:16.418: INFO: Node k8s-node03 is running more than one daemon pod&#xA;Jul 24 13:58:17.415: INFO: DaemonSet pods can&#39;t tolerate node kubernetes-master with taints [{Key:node-role.kubernetes.io/master Value: Effect:NoSchedule TimeAdded:&lt;nil&gt;}], skip checking this node&#xA;Jul 24 13:58:17.417: INFO: Number of nodes with available pods: 2&#xA;Jul 24 13:58:17.417: INFO: Node k8s-node03 is running more than one daemon pod&#xA;Jul 24 13:58:18.414: INFO: DaemonSet pods can&#39;t tolerate node kubernetes-master with taints [{Key:node-role.kubernetes.io/master Value: Effect:NoSchedule TimeAdded:&lt;nil&gt;}], skip checking this node&#xA;Jul 24 13:58:18.416: INFO: Number of nodes with available pods: 2&#xA;Jul 24 13:58:18.416: INFO: Node k8s-node03 is running more than one daemon pod&#xA;Jul 24 13:58:19.413: INFO: DaemonSet pods can&#39;t tolerate node kubernetes-master with taints [{Key:node-role.kubernetes.io/master Value: Effect:NoSchedule TimeAdded:&lt;nil&gt;}], skip checking this node&#xA;Jul 24 13:58:19.415: INFO: Number of nodes with available pods: 2&#xA;Jul 24 13:58:19.415: INFO: Node k8s-node03 is running more than one daemon pod&#xA;Jul 24 13:58:20.415: INFO: DaemonSet pods can&#39;t tolerate node kubernetes-master with taints [{Key:node-role.kubernetes.io/master Value: Effect:NoSchedule TimeAdded:&lt;nil&gt;}], skip checking this node&#xA;Jul 24 13:58:20.418: INFO: Number of nodes with available pods: 2&#xA;Jul 24 13:58:20.418: INFO: Node k8s-node03 is running more than one daemon pod&#xA;Jul 24 13:58:21.416: INFO: DaemonSet pods can&#39;t tolerate node kubernetes-master with taints [{Key:node-role.kubernetes.io/master Value: Effect:NoSchedule TimeAdded:&lt;nil&gt;}], skip checking this node&#xA;Jul 24 13:58:21.419: INFO: Number of nodes with available pods: 2&#xA;Jul 24 13:58:21.419: INFO: Node k8s-node03 is running more than one daemon pod&#xA;Jul 24 13:58:22.418: INFO: DaemonSet pods can&#39;t tolerate node kubernetes-master with taints [{Key:node-role.kubernetes.io/master Value: Effect:NoSchedule TimeAdded:&lt;nil&gt;}], skip checking this node&#xA;Jul 24 13:58:22.422: INFO: Number of nodes with available pods: 2&#xA;Jul 24 13:58:22.422: INFO: Node k8s-node03 is running more than one daemon pod&#xA;Jul 24 13:58:23.415: INFO: DaemonSet pods can&#39;t tolerate node kubernetes-master with taints [{Key:node-role.kubernetes.io/master Value: Effect:NoSchedule TimeAdded:&lt;nil&gt;}], skip checking this node&#xA;Jul 24 13:58:23.417: INFO: Number of nodes with available pods: 2&#xA;Jul 24 13:58:23.417: INFO: Node k8s-node03 is running more than one daemon pod&#xA;Jul 24 13:58:24.418: INFO: DaemonSet pods can&#39;t tolerate node kubernetes-master with taints [{Key:node-role.kubernetes.io/master Value: Effect:NoSchedule TimeAdded:&lt;nil&gt;}], skip checking this node&#xA;Jul 24 13:58:24.421: INFO: Number of nodes with available pods: 2&#xA;Jul 24 13:58:24.421: INFO: Node k8s-node03 is running more than one daemon pod&#xA;Jul 24 13:58:25.416: INFO: DaemonSet pods can&#39;t tolerate node kubernetes-master with taints [{Key:node-role.kubernetes.io/master Value: Effect:NoSchedule TimeAdded:&lt;nil&gt;}], skip checking this node&#xA;Jul 24 13:58:25.419: INFO: Number of nodes with available pods: 2&#xA;Jul 24 13:58:25.419: INFO: Node k8s-node03 is running more than one daemon pod&#xA;Jul 24 13:58:26.416: INFO: DaemonSet pods can&#39;t tolerate node kubernetes-master with taints [{Key:node-role.kubernetes.io/master Value: Effect:NoSchedule TimeAdded:&lt;nil&gt;}], skip checking this node&#xA;Jul 24 13:58:26.419: INFO: Number of nodes with available pods: 2&#xA;Jul 24 13:58:26.419: INFO: Node k8s-node03 is running more than one daemon pod&#xA;Jul 24 13:58:27.416: INFO: DaemonSet pods can&#39;t tolerate node kubernetes-master with taints [{Key:node-role.kubernetes.io/master Value: Effect:NoSchedule TimeAdded:&lt;nil&gt;}], skip checking this node&#xA;Jul 24 13:58:27.419: INFO: Number of nodes with available pods: 2&#xA;Jul 24 13:58:27.419: INFO: Node k8s-node03 is running more than one daemon pod&#xA;Jul 24 13:58:28.416: INFO: DaemonSet pods can&#39;t tolerate node kubernetes-master with taints [{Key:node-role.kubernetes.io/master Value: Effect:NoSchedule TimeAdded:&lt;nil&gt;}], skip checking this node&#xA;Jul 24 13:58:28.418: INFO: Number of nodes with available pods: 2&#xA;Jul 24 13:58:28.418: INFO: Node k8s-node03 is running more than one daemon pod&#xA;Jul 24 13:58:29.416: INFO: DaemonSet pods can&#39;t tolerate node kubernetes-master with taints [{Key:node-role.kubernetes.io/master Value: Effect:NoSchedule TimeAdded:&lt;nil&gt;}], skip checking this node&#xA;Jul 24 13:58:29.418: INFO: Number of nodes with available pods: 2&#xA;Jul 24 13:58:29.418: INFO: Node k8s-node03 is running more than one daemon pod&#xA;Jul 24 13:58:30.416: INFO: DaemonSet pods can&#39;t tolerate node kubernetes-master with taints [{Key:node-role.kubernetes.io/master Value: Effect:NoSchedule TimeAdded:&lt;nil&gt;}], skip checking this node&#xA;Jul 24 13:58:30.418: INFO: Number of nodes with available pods: 2&#xA;Jul 24 13:58:30.418: INFO: Node k8s-node03 is running more than one daemon pod&#xA;Jul 24 13:58:31.434: INFO: DaemonSet pods can&#39;t tolerate node kubernetes-master with taints [{Key:node-role.kubernetes.io/master Value: Effect:NoSchedule TimeAdded:&lt;nil&gt;}], skip checking this node&#xA;Jul 24 13:58:31.469: INFO: Number of nodes with available pods: 2&#xA;Jul 24 13:58:31.469: INFO: Node k8s-node03 is running more than one daemon pod&#xA;Jul 24 13:58:32.452: INFO: DaemonSet pods can&#39;t tolerate node kubernetes-master with taints [{Key:node-role.kubernetes.io/master Value: Effect:NoSchedule TimeAdded:&lt;nil&gt;}], skip checking this node&#xA;Jul 24 13:58:32.574: INFO: Number of nodes with available pods: 2&#xA;Jul 24 13:58:32.574: INFO: Node k8s-node03 is running more than one daemon pod&#xA;Jul 24 13:58:33.462: INFO: DaemonSet pods can&#39;t tolerate node kubernetes-master with taints [{Key:node-role.kubernetes.io/master Value: Effect:NoSchedule TimeAdded:&lt;nil&gt;}], skip checking this node&#xA;Jul 24 13:58:33.473: INFO: Number of nodes with available pods: 2&#xA;Jul 24 13:58:33.473: INFO: Node k8s-node03 is running more than one daemon pod&#xA;Jul 24 13:58:34.417: INFO: DaemonSet pods can&#39;t tolerate node kubernetes-master with taints [{Key:node-role.kubernetes.io/master Value: Effect:NoSchedule TimeAdded:&lt;nil&gt;}], skip checking this node&#xA;Jul 24 13:58:34.419: INFO: Number of nodes with available pods: 2&#xA;Jul 24 13:58:34.419: INFO: Node k8s-node03 is running more than one daemon pod&#xA;Jul 24 13:58:35.485: INFO: DaemonSet pods can&#39;t tolerate node kubernetes-master with taints [{Key:node-role.kubernetes.io/master Value: Effect:NoSchedule TimeAdded:&lt;nil&gt;}], skip checking this node&#xA;Jul 24 13:58:35.492: INFO: Number of nodes with available pods: 2&#xA;Jul 24 13:58:35.492: INFO: Node k8s-node03 is running more than one daemon pod&#xA;Jul 24 13:58:36.416: INFO: DaemonSet pods can&#39;t tolerate node kubernetes-master with taints [{Key:node-role.kubernetes.io/master Value: Effect:NoSchedule TimeAdded:&lt;nil&gt;}], skip checking this node&#xA;Jul 24 13:58:36.419: INFO: Number of nodes with available pods: 2&#xA;Jul 24 13:58:36.419: INFO: Node k8s-node03 is running more than one daemon pod&#xA;Jul 24 13:58:37.418: INFO: DaemonSet pods can&#39;t tolerate node kubernetes-master with taints [{Key:node-role.kubernetes.io/master Value: Effect:NoSchedule TimeAdded:&lt;nil&gt;}], skip checking this node&#xA;Jul 24 13:58:37.422: INFO: Number of nodes with available pods: 2&#xA;Jul 24 13:58:37.422: INFO: Node k8s-node03 is running more than one daemon pod&#xA;Jul 24 13:58:38.417: INFO: DaemonSet pods can&#39;t tolerate node kubernetes-master with taints [{Key:node-role.kubernetes.io/master Value: Effect:NoSchedule TimeAdded:&lt;nil&gt;}], skip checking this node&#xA;Jul 24 13:58:38.419: INFO: Number of nodes with available pods: 2&#xA;Jul 24 13:58:38.419: INFO: Node k8s-node03 is running more than one daemon pod&#xA;Jul 24 13:58:39.417: INFO: DaemonSet pods can&#39;t tolerate node kubernetes-master with taints [{Key:node-role.kubernetes.io/master Value: Effect:NoSchedule TimeAdded:&lt;nil&gt;}], skip checking this node&#xA;Jul 24 13:58:39.419: INFO: Number of nodes with available pods: 2&#xA;Jul 24 13:58:39.419: INFO: Node k8s-node03 is running more than one daemon pod&#xA;Jul 24 13:58:40.416: INFO: DaemonSet pods can&#39;t tolerate node kubernetes-master with taints [{Key:node-role.kubernetes.io/master Value: Effect:NoSchedule TimeAdded:&lt;nil&gt;}], skip checking this node&#xA;Jul 24 13:58:40.419: INFO: Number of nodes with available pods: 2&#xA;Jul 24 13:58:40.419: INFO: Node k8s-node03 is running more than one daemon pod&#xA;Jul 24 13:58:41.416: INFO: DaemonSet pods can&#39;t tolerate node kubernetes-master with taints [{Key:node-role.kubernetes.io/master Value: Effect:NoSchedule TimeAdded:&lt;nil&gt;}], skip checking this node&#xA;Jul 24 13:58:41.418: INFO: Number of nodes with available pods: 2&#xA;Jul 24 13:58:41.418: INFO: Node k8s-node03 is running more than one daemon pod&#xA;Jul 24 13:58:42.415: INFO: DaemonSet pods can&#39;t tolerate node kubernetes-master with taints [{Key:node-role.kubernetes.io/master Value: Effect:NoSchedule TimeAdded:&lt;nil&gt;}], skip checking this node&#xA;Jul 24 13:58:42.418: INFO: Number of nodes with available pods: 2&#xA;Jul 24 13:58:42.418: INFO: Node k8s-node03 is running more than one daemon pod&#xA;Jul 24 13:58:43.415: INFO: DaemonSet pods can&#39;t tolerate node kubernetes-master with taints [{Key:node-role.kubernetes.io/master Value: Effect:NoSchedule TimeAdded:&lt;nil&gt;}], skip checking this node&#xA;Jul 24 13:58:43.418: INFO: Number of nodes with available pods: 2&#xA;Jul 24 13:58:43.418: INFO: Node k8s-node03 is running more than one daemon pod&#xA;Jul 24 13:58:44.416: INFO: DaemonSet pods can&#39;t tolerate node kubernetes-master with taints [{Key:node-role.kubernetes.io/master Value: Effect:NoSchedule TimeAdded:&lt;nil&gt;}], skip checking this node&#xA;Jul 24 13:58:44.419: INFO: Number of nodes with available pods: 2&#xA;Jul 24 13:58:44.419: INFO: Node k8s-node03 is running more than one daemon pod&#xA;Jul 24 13:58:45.416: INFO: DaemonSet pods can&#39;t tolerate node kubernetes-master with taints [{Key:node-role.kubernetes.io/master Value: Effect:NoSchedule TimeAdded:&lt;nil&gt;}], skip checking this node&#xA;Jul 24 13:58:45.419: INFO: Number of nodes with available pods: 2&#xA;Jul 24 13:58:45.419: INFO: Node k8s-node03 is running more than one daemon pod&#xA;Jul 24 13:58:46.416: INFO: DaemonSet pods can&#39;t tolerate node kubernetes-master with taints [{Key:node-role.kubernetes.io/master Value: Effect:NoSchedule TimeAdded:&lt;nil&gt;}], skip checking this node&#xA;Jul 24 13:58:46.418: INFO: Number of nodes with available pods: 2&#xA;Jul 24 13:58:46.418: INFO: Node k8s-node03 is running more than one daemon pod&#xA;Jul 24 13:58:47.416: INFO: DaemonSet pods can&#39;t tolerate node kubernetes-master with taints [{Key:node-role.kubernetes.io/master Value: Effect:NoSchedule TimeAdded:&lt;nil&gt;}], skip checking this node&#xA;Jul 24 13:58:47.418: INFO: Number of nodes with available pods: 2&#xA;Jul 24 13:58:47.418: INFO: Node k8s-node03 is running more than one daemon pod&#xA;Jul 24 13:58:48.417: INFO: DaemonSet pods can&#39;t tolerate node kubernetes-master with taints [{Key:node-role.kubernetes.io/master Value: Effect:NoSchedule TimeAdded:&lt;nil&gt;}], skip checking this node&#xA;Jul 24 13:58:48.420: INFO: Number of nodes with available pods: 2&#xA;Jul 24 13:58:48.420: INFO: Node k8s-node03 is running more than one daemon pod&#xA;Jul 24 13:58:49.415: INFO: DaemonSet pods can&#39;t tolerate node kubernetes-master with taints [{Key:node-role.kubernetes.io/master Value: Effect:NoSchedule TimeAdded:&lt;nil&gt;}], skip checking this node&#xA;Jul 24 13:58:49.417: INFO: Number of nodes with available pods: 2&#xA;Jul 24 13:58:49.417: INFO: Node k8s-node03 is running more than one daemon pod&#xA;Jul 24 13:58:50.424: INFO: DaemonSet pods can&#39;t tolerate node kubernetes-master with taints [{Key:node-role.kubernetes.io/master Value: Effect:NoSchedule TimeAdded:&lt;nil&gt;}], skip checking this node&#xA;Jul 24 13:58:50.428: INFO: Number of nodes with available pods: 2&#xA;Jul 24 13:58:50.428: INFO: Node k8s-node03 is running more than one daemon pod&#xA;Jul 24 13:58:51.415: INFO: DaemonSet pods can&#39;t tolerate node kubernetes-master with taints [{Key:node-role.kubernetes.io/master Value: Effect:NoSchedule TimeAdded:&lt;nil&gt;}], skip checking this node&#xA;Jul 24 13:58:51.418: INFO: Number of nodes with available pods: 2&#xA;Jul 24 13:58:51.418: INFO: Node k8s-node03 is running more than one daemon pod&#xA;Jul 24 13:58:52.417: INFO: DaemonSet pods can&#39;t tolerate node kubernetes-master with taints [{Key:node-role.kubernetes.io/master Value: Effect:NoSchedule TimeAdded:&lt;nil&gt;}], skip checking this node&#xA;Jul 24 13:58:52.420: INFO: Number of nodes with available pods: 2&#xA;Jul 24 13:58:52.420: INFO: Node k8s-node03 is running more than one daemon pod&#xA;Jul 24 13:58:53.415: INFO: DaemonSet pods can&#39;t tolerate node kubernetes-master with taints [{Key:node-role.kubernetes.io/master Value: Effect:NoSchedule TimeAdded:&lt;nil&gt;}], skip checking this node&#xA;Jul 24 13:58:53.418: INFO: Number of nodes with available pods: 2&#xA;Jul 24 13:58:53.418: INFO: Node k8s-node03 is running more than one daemon pod&#xA;Jul 24 13:58:54.415: INFO: DaemonSet pods can&#39;t tolerate node kubernetes-master with taints [{Key:node-role.kubernetes.io/master Value: Effect:NoSchedule TimeAdded:&lt;nil&gt;}], skip checking this node&#xA;Jul 24 13:58:54.457: INFO: Number of nodes with available pods: 2&#xA;Jul 24 13:58:54.457: INFO: Node k8s-node03 is running more than one daemon pod&#xA;Jul 24 13:58:55.433: INFO: DaemonSet pods can&#39;t tolerate node kubernetes-master with taints [{Key:node-role.kubernetes.io/master Value: Effect:NoSchedule TimeAdded:&lt;nil&gt;}], skip checking this node&#xA;Jul 24 13:58:55.435: INFO: Number of nodes with available pods: 2&#xA;Jul 24 13:58:55.435: INFO: Node k8s-node03 is running more than one daemon pod&#xA;Jul 24 13:58:56.415: INFO: DaemonSet pods can&#39;t tolerate node kubernetes-master with taints [{Key:node-role.kubernetes.io/master Value: Effect:NoSchedule TimeAdded:&lt;nil&gt;}], skip checking this node&#xA;Jul 24 13:58:56.418: INFO: Number of nodes with available pods: 2&#xA;Jul 24 13:58:56.418: INFO: Node k8s-node03 is running more than one daemon pod&#xA;Jul 24 13:58:57.416: INFO: DaemonSet pods can&#39;t tolerate node kubernetes-master with taints [{Key:node-role.kubernetes.io/master Value: Effect:NoSchedule TimeAdded:&lt;nil&gt;}], skip checking this node&#xA;Jul 24 13:58:57.419: INFO: Number of nodes with available pods: 2&#xA;Jul 24 13:58:57.419: INFO: Node k8s-node03 is running more than one daemon pod&#xA;Jul 24 13:58:58.467: INFO: DaemonSet pods can&#39;t tolerate node kubernetes-master with taints [{Key:node-role.kubernetes.io/master Value: Effect:NoSchedule TimeAdded:&lt;nil&gt;}], skip checking this node&#xA;Jul 24 13:58:58.473: INFO: Number of nodes with available pods: 2&#xA;Jul 24 13:58:58.473: INFO: Node k8s-node03 is running more than one daemon pod&#xA;Jul 24 13:58:59.416: INFO: DaemonSet pods can&#39;t tolerate node kubernetes-master with taints [{Key:node-role.kubernetes.io/master Value: Effect:NoSchedule TimeAdded:&lt;nil&gt;}], skip checking this node&#xA;Jul 24 13:58:59.419: INFO: Number of nodes with available pods: 2&#xA;Jul 24 13:58:59.419: INFO: Node k8s-node03 is running more than one daemon pod&#xA;Jul 24 13:59:00.416: INFO: DaemonSet pods can&#39;t tolerate node kubernetes-master with taints [{Key:node-role.kubernetes.io/master Value: Effect:NoSchedule TimeAdded:&lt;nil&gt;}], skip checking this node&#xA;Jul 24 13:59:00.419: INFO: Number of nodes with available pods: 2&#xA;Jul 24 13:59:00.419: INFO: Node k8s-node03 is running more than one daemon pod&#xA;Jul 24 13:59:01.418: INFO: DaemonSet pods can&#39;t tolerate node kubernetes-master with taints [{Key:node-role.kubernetes.io/master Value: Effect:NoSchedule TimeAdded:&lt;nil&gt;}], skip checking this node&#xA;Jul 24 13:59:01.421: INFO: Number of nodes with available pods: 2&#xA;Jul 24 13:59:01.421: INFO: Node k8s-node03 is running more than one daemon pod&#xA;Jul 24 13:59:02.426: INFO: DaemonSet pods can&#39;t tolerate node kubernetes-master with taints [{Key:node-role.kubernetes.io/master Value: Effect:NoSchedule TimeAdded:&lt;nil&gt;}], skip checking this node&#xA;Jul 24 13:59:02.428: INFO: Number of nodes with available pods: 2&#xA;Jul 24 13:59:02.428: INFO: Node k8s-node03 is running more than one daemon pod&#xA;Jul 24 13:59:03.417: INFO: DaemonSet pods can&#39;t tolerate node kubernetes-master with taints [{Key:node-role.kubernetes.io/master Value: Effect:NoSchedule TimeAdded:&lt;nil&gt;}], skip checking this node&#xA;Jul 24 13:59:03.420: INFO: Number of nodes with available pods: 2&#xA;Jul 24 13:59:03.420: INFO: Node k8s-node03 is running more than one daemon pod&#xA;Jul 24 13:59:04.419: INFO: DaemonSet pods can&#39;t tolerate node kubernetes-master with taints [{Key:node-role.kubernetes.io/master Value: Effect:NoSchedule TimeAdded:&lt;nil&gt;}], skip checking this node&#xA;Jul 24 13:59:04.422: INFO: Number of nodes with available pods: 2&#xA;Jul 24 13:59:04.422: INFO: Node k8s-node03 is running more than one daemon pod&#xA;Jul 24 13:59:05.416: INFO: DaemonSet pods can&#39;t tolerate node kubernetes-master with taints [{Key:node-role.kubernetes.io/master Value: Effect:NoSchedule TimeAdded:&lt;nil&gt;}], skip checking this node&#xA;Jul 24 13:59:05.418: INFO: Number of nodes with available pods: 2&#xA;Jul 24 13:59:05.418: INFO: Node k8s-node03 is running more than one daemon pod&#xA;Jul 24 13:59:06.415: INFO: DaemonSet pods can&#39;t tolerate node kubernetes-master with taints [{Key:node-role.kubernetes.io/master Value: Effect:NoSchedule TimeAdded:&lt;nil&gt;}], skip checking this node&#xA;Jul 24 13:59:06.417: INFO: Number of nodes with available pods: 2&#xA;Jul 24 13:59:06.417: INFO: Node k8s-node03 is running more than one daemon pod&#xA;Jul 24 13:59:07.419: INFO: DaemonSet pods can&#39;t tolerate node kubernetes-master with taints [{Key:node-role.kubernetes.io/master Value: Effect:NoSchedule TimeAdded:&lt;nil&gt;}], skip checking this node&#xA;Jul 24 13:59:07.422: INFO: Number of nodes with available pods: 2&#xA;Jul 24 13:59:07.422: INFO: Node k8s-node03 is running more than one daemon pod&#xA;Jul 24 13:59:08.417: INFO: DaemonSet pods can&#39;t tolerate node kubernetes-master with taints [{Key:node-role.kubernetes.io/master Value: Effect:NoSchedule TimeAdded:&lt;nil&gt;}], skip checking this node&#xA;Jul 24 13:59:08.419: INFO: Number of nodes with available pods: 2&#xA;Jul 24 13:59:08.419: INFO: Node k8s-node03 is running more than one daemon pod&#xA;Jul 24 13:59:09.413: INFO: DaemonSet pods can&#39;t tolerate node kubernetes-master with taints [{Key:node-role.kubernetes.io/master Value: Effect:NoSchedule TimeAdded:&lt;nil&gt;}], skip checking this node&#xA;Jul 24 13:59:09.414: INFO: Number of nodes with available pods: 2&#xA;Jul 24 13:59:09.414: INFO: Node k8s-node03 is running more than one daemon pod&#xA;Jul 24 13:59:10.445: INFO: DaemonSet pods can&#39;t tolerate node kubernetes-master with taints [{Key:node-role.kubernetes.io/master Value: Effect:NoSchedule TimeAdded:&lt;nil&gt;}], skip checking this node&#xA;Jul 24 13:59:10.448: INFO: Number of nodes with available pods: 2&#xA;Jul 24 13:59:10.448: INFO: Node k8s-node03 is running more than one daemon pod&#xA;Jul 24 13:59:11.418: INFO: DaemonSet pods can&#39;t tolerate node kubernetes-master with taints [{Key:node-role.kubernetes.io/master Value: Effect:NoSchedule TimeAdded:&lt;nil&gt;}], skip checking this node&#xA;Jul 24 13:59:11.421: INFO: Number of nodes with available pods: 2&#xA;Jul 24 13:59:11.421: INFO: Node k8s-node03 is running more than one daemon pod&#xA;Jul 24 13:59:12.422: INFO: DaemonSet pods can&#39;t tolerate node kubernetes-master with taints [{Key:node-role.kubernetes.io/master Value: Effect:NoSchedule TimeAdded:&lt;nil&gt;}], skip checking this node&#xA;Jul 24 13:59:12.425: INFO: Number of nodes with available pods: 2&#xA;Jul 24 13:59:12.425: INFO: Node k8s-node03 is running more than one daemon pod&#xA;Jul 24 13:59:13.417: INFO: DaemonSet pods can&#39;t tolerate node kubernetes-master with taints [{Key:node-role.kubernetes.io/master Value: Effect:NoSchedule TimeAdded:&lt;nil&gt;}], skip checking this node&#xA;Jul 24 13:59:13.420: INFO: Number of nodes with available pods: 2&#xA;Jul 24 13:59:13.420: INFO: Node k8s-node03 is running more than one daemon pod&#xA;Jul 24 13:59:14.467: INFO: DaemonSet pods can&#39;t tolerate node kubernetes-master with taints [{Key:node-role.kubernetes.io/master Value: Effect:NoSchedule TimeAdded:&lt;nil&gt;}], skip checking this node&#xA;Jul 24 13:59:14.508: INFO: Number of nodes with available pods: 2&#xA;Jul 24 13:59:14.508: INFO: Node k8s-node03 is running more than one daemon pod&#xA;Jul 24 13:59:15.477: INFO: DaemonSet pods can&#39;t tolerate node kubernetes-master with taints [{Key:node-role.kubernetes.io/master Value: Effect:NoSchedule TimeAdded:&lt;nil&gt;}], skip checking this node&#xA;Jul 24 13:59:15.503: INFO: Number of nodes with available pods: 2&#xA;Jul 24 13:59:15.504: INFO: Node k8s-node03 is running more than one daemon pod&#xA;Jul 24 13:59:16.458: INFO: DaemonSet pods can&#39;t tolerate node kubernetes-master with taints [{Key:node-role.kubernetes.io/master Value: Effect:NoSchedule TimeAdded:&lt;nil&gt;}], skip checking this node&#xA;Jul 24 13:59:16.490: INFO: Number of nodes with available pods: 2&#xA;Jul 24 13:59:16.490: INFO: Node k8s-node03 is running more than one daemon pod&#xA;Jul 24 13:59:17.628: INFO: DaemonSet pods can&#39;t tolerate node kubernetes-master with taints [{Key:node-role.kubernetes.io/master Value: Effect:NoSchedule TimeAdded:&lt;nil&gt;}], skip checking this node&#xA;Jul 24 13:59:17.670: INFO: Number of nodes with available pods: 2&#xA;Jul 24 13:59:17.670: INFO: Node k8s-node03 is running more than one daemon pod&#xA;Jul 24 13:59:18.415: INFO: DaemonSet pods can&#39;t tolerate node kubernetes-master with taints [{Key:node-role.kubernetes.io/master Value: Effect:NoSchedule TimeAdded:&lt;nil&gt;}], skip checking this node&#xA;Jul 24 13:59:18.418: INFO: Number of nodes with available pods: 2&#xA;Jul 24 13:59:18.418: INFO: Node k8s-node03 is running more than one daemon pod&#xA;Jul 24 13:59:19.417: INFO: DaemonSet pods can&#39;t tolerate node kubernetes-master with taints [{Key:node-role.kubernetes.io/master Value: Effect:NoSchedule TimeAdded:&lt;nil&gt;}], skip checking this node&#xA;Jul 24 13:59:19.420: INFO: Number of nodes with available pods: 2&#xA;Jul 24 13:59:19.420: INFO: Node k8s-node03 is running more than one daemon pod&#xA;Jul 24 13:59:20.415: INFO: DaemonSet pods can&#39;t tolerate node kubernetes-master with taints [{Key:node-role.kubernetes.io/master Value: Effect:NoSchedule TimeAdded:&lt;nil&gt;}], skip checking this node&#xA;Jul 24 13:59:20.418: INFO: Number of nodes with available pods: 2&#xA;Jul 24 13:59:20.418: INFO: Node k8s-node03 is running more than one daemon pod&#xA;Jul 24 13:59:21.414: INFO: DaemonSet pods can&#39;t tolerate node kubernetes-master with taints [{Key:node-role.kubernetes.io/master Value: Effect:NoSchedule TimeAdded:&lt;nil&gt;}], skip checking this node&#xA;Jul 24 13:59:21.416: INFO: Number of nodes with available pods: 2&#xA;Jul 24 13:59:21.416: INFO: Node k8s-node03 is running more than one daemon pod&#xA;Jul 24 13:59:22.417: INFO: DaemonSet pods can&#39;t tolerate node kubernetes-master with taints [{Key:node-role.kubernetes.io/master Value: Effect:NoSchedule TimeAdded:&lt;nil&gt;}], skip checking this node&#xA;Jul 24 13:59:22.420: INFO: Number of nodes with available pods: 2&#xA;Jul 24 13:59:22.420: INFO: Node k8s-node03 is running more than one daemon pod&#xA;Jul 24 13:59:23.415: INFO: DaemonSet pods can&#39;t tolerate node kubernetes-master with taints [{Key:node-role.kubernetes.io/master Value: Effect:NoSchedule TimeAdded:&lt;nil&gt;}], skip checking this node&#xA;Jul 24 13:59:23.417: INFO: Number of nodes with available pods: 2&#xA;Jul 24 13:59:23.417: INFO: Node k8s-node03 is running more than one daemon pod&#xA;Jul 24 13:59:24.416: INFO: DaemonSet pods can&#39;t tolerate node kubernetes-master with taints [{Key:node-role.kubernetes.io/master Value: Effect:NoSchedule TimeAdded:&lt;nil&gt;}], skip checking this node&#xA;Jul 24 13:59:24.418: INFO: Number of nodes with available pods: 2&#xA;Jul 24 13:59:24.418: INFO: Node k8s-node03 is running more than one daemon pod&#xA;Jul 24 13:59:25.415: INFO: DaemonSet pods can&#39;t tolerate node kubernetes-master with taints [{Key:node-role.kubernetes.io/master Value: Effect:NoSchedule TimeAdded:&lt;nil&gt;}], skip checking this node&#xA;Jul 24 13:59:25.416: INFO: Number of nodes with available pods: 2&#xA;Jul 24 13:59:25.416: INFO: Node k8s-node03 is running more than one daemon pod&#xA;Jul 24 13:59:26.443: INFO: DaemonSet pods can&#39;t tolerate node kubernetes-master with taints [{Key:node-role.kubernetes.io/master Value: Effect:NoSchedule TimeAdded:&lt;nil&gt;}], skip checking this node&#xA;Jul 24 13:59:26.445: INFO: Number of nodes with available pods: 2&#xA;Jul 24 13:59:26.445: INFO: Node k8s-node03 is running more than one daemon pod&#xA;Jul 24 13:59:27.417: INFO: DaemonSet pods can&#39;t tolerate node kubernetes-master with taints [{Key:node-role.kubernetes.io/master Value: Effect:NoSchedule TimeAdded:&lt;nil&gt;}], skip checking this node&#xA;Jul 24 13:59:27.419: INFO: Number of nodes with available pods: 2&#xA;Jul 24 13:59:27.419: INFO: Node k8s-node03 is running more than one daemon pod&#xA;Jul 24 13:59:28.417: INFO: DaemonSet pods can&#39;t tolerate node kubernetes-master with taints [{Key:node-role.kubernetes.io/master Value: Effect:NoSchedule TimeAdded:&lt;nil&gt;}], skip checking this node&#xA;Jul 24 13:59:28.419: INFO: Number of nodes with available pods: 2&#xA;Jul 24 13:59:28.419: INFO: Node k8s-node03 is running more than one daemon pod&#xA;Jul 24 13:59:29.416: INFO: DaemonSet pods can&#39;t tolerate node kubernetes-master with taints [{Key:node-role.kubernetes.io/master Value: Effect:NoSchedule TimeAdded:&lt;nil&gt;}], skip checking this node&#xA;Jul 24 13:59:29.418: INFO: Number of nodes with available pods: 2&#xA;Jul 24 13:59:29.418: INFO: Node k8s-node03 is running more than one daemon pod&#xA;Jul 24 13:59:30.414: INFO: DaemonSet pods can&#39;t tolerate node kubernetes-master with taints [{Key:node-role.kubernetes.io/master Value: Effect:NoSchedule TimeAdded:&lt;nil&gt;}], skip checking this node&#xA;Jul 24 13:59:30.416: INFO: Number of nodes with available pods: 2&#xA;Jul 24 13:59:30.416: INFO: Node k8s-node03 is running more than one daemon pod&#xA;Jul 24 13:59:31.416: INFO: DaemonSet pods can&#39;t tolerate node kubernetes-master with taints [{Key:node-role.kubernetes.io/master Value: Effect:NoSchedule TimeAdded:&lt;nil&gt;}], skip checking this node&#xA;Jul 24 13:59:31.418: INFO: Number of nodes with available pods: 2&#xA;Jul 24 13:59:31.418: INFO: Node k8s-node03 is running more than one daemon pod&#xA;Jul 24 13:59:32.415: INFO: DaemonSet pods can&#39;t tolerate node kubernetes-master with taints [{Key:node-role.kubernetes.io/master Value: Effect:NoSchedule TimeAdded:&lt;nil&gt;}], skip checking this node&#xA;Jul 24 13:59:32.418: INFO: Number of nodes with available pods: 2&#xA;Jul 24 13:59:32.418: INFO: Node k8s-node03 is running more than one daemon pod&#xA;Jul 24 13:59:33.416: INFO: DaemonSet pods can&#39;t tolerate node kubernetes-master with taints [{Key:node-role.kubernetes.io/master Value: Effect:NoSchedule TimeAdded:&lt;nil&gt;}], skip checking this node&#xA;Jul 24 13:59:33.419: INFO: Number of nodes with available pods: 2&#xA;Jul 24 13:59:33.419: INFO: Node k8s-node03 is running more than one daemon pod&#xA;Jul 24 13:59:34.418: INFO: DaemonSet pods can&#39;t tolerate node kubernetes-master with taints [{Key:node-role.kubernetes.io/master Value: Effect:NoSchedule TimeAdded:&lt;nil&gt;}], skip checking this node&#xA;Jul 24 13:59:34.428: INFO: Number of nodes with available pods: 2&#xA;Jul 24 13:59:34.428: INFO: Node k8s-node03 is running more than one daemon pod&#xA;Jul 24 13:59:35.416: INFO: DaemonSet pods can&#39;t tolerate node kubernetes-master with taints [{Key:node-role.kubernetes.io/master Value: Effect:NoSchedule TimeAdded:&lt;nil&gt;}], skip checking this node&#xA;Jul 24 13:59:35.419: INFO: Number of nodes with available pods: 2&#xA;Jul 24 13:59:35.419: INFO: Node k8s-node03 is running more than one daemon pod&#xA;Jul 24 13:59:36.415: INFO: DaemonSet pods can&#39;t tolerate node kubernetes-master with taints [{Key:node-role.kubernetes.io/master Value: Effect:NoSchedule TimeAdded:&lt;nil&gt;}], skip checking this node&#xA;Jul 24 13:59:36.417: INFO: Number of nodes with available pods: 2&#xA;Jul 24 13:59:36.417: INFO: Node k8s-node03 is running more than one daemon pod&#xA;Jul 24 13:59:37.416: INFO: DaemonSet pods can&#39;t tolerate node k8s-node03 with taints [{Key:node.kubernetes.io/not-ready Value: Effect:NoSchedule TimeAdded:2022-07-24 13:59:36 +0000 UTC}], skip checking this node&#xA;Jul 24 13:59:37.416: INFO: DaemonSet pods can&#39;t tolerate node kubernetes-master with taints [{Key:node-role.kubernetes.io/master Value: Effect:NoSchedule TimeAdded:&lt;nil&gt;}], skip checking this node&#xA;Jul 24 13:59:37.418: INFO: Number of nodes with available pods: 2&#xA;Jul 24 13:59:37.418: INFO: Number of running nodes: 2, number of available pods: 2&#xA;STEP: Update daemon pods image.&#xA;STEP: Check that daemon pods images are updated.&#xA;Jul 24 13:59:37.454: INFO: Wrong image for pod: daemon-set-2dm2m. Expected: k8s.gcr.io/e2e-test-images/agnhost:2.32, got: k8s.gcr.io/e2e-test-images/httpd:2.4.38-1.&#xA;Jul 24 13:59:37.454: INFO: Pod daemon-set-2dm2m is not available&#xA;Jul 24 13:59:37.454: INFO: Wrong image for pod: daemon-set-4ktnz. Expected: k8s.gcr.io/e2e-test-images/agnhost:2.32, got: k8s.gcr.io/e2e-test-images/httpd:2.4.38-1.&#xA;Jul 24 13:59:37.454: INFO: Wrong image for pod: daemon-set-6zdsv. Expected: k8s.gcr.io/e2e-test-images/agnhost:2.32, got: k8s.gcr.io/e2e-test-images/httpd:2.4.38-1.&#xA;Jul 24 13:59:37.457: INFO: DaemonSet pods can&#39;t tolerate node k8s-node03 with taints [{Key:node.kubernetes.io/not-ready Value: Effect:NoSchedule TimeAdded:2022-07-24 13:59:36 +0000 UTC}], skip checking this node&#xA;Jul 24 13:59:37.457: INFO: DaemonSet pods can&#39;t tolerate node kubernetes-master with taints [{Key:node-role.kubernetes.io/master Value: Effect:NoSchedule TimeAdded:&lt;nil&gt;}], skip checking this node&#xA;Jul 24 13:59:38.463: INFO: Wrong image for pod: daemon-set-6zdsv. Expected: k8s.gcr.io/e2e-test-images/agnhost:2.32, got: k8s.gcr.io/e2e-test-images/httpd:2.4.38-1.&#xA;Jul 24 13:59:38.466: INFO: DaemonSet pods can&#39;t tolerate node k8s-node03 with taints [{Key:node.kubernetes.io/not-ready Value: Effect:NoSchedule TimeAdded:2022-07-24 13:59:36 +0000 UTC}], skip checking this node&#xA;Jul 24 13:59:38.466: INFO: DaemonSet pods can&#39;t tolerate node kubernetes-master with taints [{Key:node-role.kubernetes.io/master Value: Effect:NoSchedule TimeAdded:&lt;nil&gt;}], skip checking this node&#xA;Jul 24 13:59:39.462: INFO: Wrong image for pod: daemon-set-6zdsv. Expected: k8s.gcr.io/e2e-test-images/agnhost:2.32, got: k8s.gcr.io/e2e-test-images/httpd:2.4.38-1.&#xA;Jul 24 13:59:39.462: INFO: Pod daemon-set-wvdjw is not available&#xA;Jul 24 13:59:39.465: INFO: DaemonSet pods can&#39;t tolerate node k8s-node03 with taints [{Key:node.kubernetes.io/not-ready Value: Effect:NoSchedule TimeAdded:2022-07-24 13:59:36 +0000 UTC}], skip checking this node&#xA;Jul 24 13:59:39.466: INFO: DaemonSet pods can&#39;t tolerate node kubernetes-master with taints [{Key:node-role.kubernetes.io/master Value: Effect:NoSchedule TimeAdded:&lt;nil&gt;}], skip checking this node&#xA;Jul 24 13:59:40.461: INFO: Wrong image for pod: daemon-set-6zdsv. Expected: k8s.gcr.io/e2e-test-images/agnhost:2.32, got: k8s.gcr.io/e2e-test-images/httpd:2.4.38-1.&#xA;Jul 24 13:59:40.461: INFO: Pod daemon-set-wvdjw is not available&#xA;Jul 24 13:59:40.464: INFO: DaemonSet pods can&#39;t tolerate node k8s-node03 with taints [{Key:node.kubernetes.io/not-ready Value: Effect:NoSchedule TimeAdded:2022-07-24 13:59:36 +0000 UTC}], skip checking this node&#xA;Jul 24 13:59:40.464: INFO: DaemonSet pods can&#39;t tolerate node kubernetes-master with taints [{Key:node-role.kubernetes.io/master Value: Effect:NoSchedule TimeAdded:&lt;nil&gt;}], skip checking this node&#xA;Jul 24 13:59:41.462: INFO: Wrong image for pod: daemon-set-6zdsv. Expected: k8s.gcr.io/e2e-test-images/agnhost:2.32, got: k8s.gcr.io/e2e-test-images/httpd:2.4.38-1.&#xA;Jul 24 13:59:41.462: INFO: Pod daemon-set-wvdjw is not available&#xA;Jul 24 13:59:41.465: INFO: DaemonSet pods can&#39;t tolerate node k8s-node03 with taints [{Key:node.kubernetes.io/not-ready Value: Effect:NoSchedule TimeAdded:2022-07-24 13:59:36 +0000 UTC}], skip checking this node&#xA;Jul 24 13:59:41.465: INFO: DaemonSet pods can&#39;t tolerate node kubernetes-master with taints [{Key:node-role.kubernetes.io/master Value: Effect:NoSchedule TimeAdded:&lt;nil&gt;}], skip checking this node&#xA;Jul 24 13:59:42.461: INFO: Wrong image for pod: daemon-set-6zdsv. Expected: k8s.gcr.io/e2e-test-images/agnhost:2.32, got: k8s.gcr.io/e2e-test-images/httpd:2.4.38-1.&#xA;Jul 24 13:59:42.461: INFO: Pod daemon-set-wvdjw is not available&#xA;Jul 24 13:59:42.464: INFO: DaemonSet pods can&#39;t tolerate node k8s-node03 with taints [{Key:node.kubernetes.io/not-ready Value: Effect:NoSchedule TimeAdded:2022-07-24 13:59:36 +0000 UTC} {Key:node.kubernetes.io/not-ready Value: Effect:NoExecute TimeAdded:2022-07-24 13:59:41 +0000 UTC}], skip checking this node&#xA;Jul 24 13:59:42.464: INFO: DaemonSet pods can&#39;t tolerate node kubernetes-master with taints [{Key:node-role.kubernetes.io/master Value: Effect:NoSchedule TimeAdded:&lt;nil&gt;}], skip checking this node&#xA;Jul 24 13:59:43.460: INFO: Wrong image for pod: daemon-set-6zdsv. Expected: k8s.gcr.io/e2e-test-images/agnhost:2.32, got: k8s.gcr.io/e2e-test-images/httpd:2.4.38-1.&#xA;Jul 24 13:59:43.460: INFO: Pod daemon-set-wvdjw is not available&#xA;Jul 24 13:59:43.463: INFO: DaemonSet pods can&#39;t tolerate node k8s-node03 with taints [{Key:node.kubernetes.io/not-ready Value: Effect:NoSchedule TimeAdded:2022-07-24 13:59:36 +0000 UTC} {Key:node.kubernetes.io/not-ready Value: Effect:NoExecute TimeAdded:2022-07-24 13:59:41 +0000 UTC}], skip checking this node&#xA;Jul 24 13:59:43.463: INFO: DaemonSet pods can&#39;t tolerate node kubernetes-master with taints [{Key:node-role.kubernetes.io/master Value: Effect:NoSchedule TimeAdded:&lt;nil&gt;}], skip checking this node&#xA;Jul 24 13:59:44.497: INFO: Wrong image for pod: daemon-set-6zdsv. Expected: k8s.gcr.io/e2e-test-images/agnhost:2.32, got: k8s.gcr.io/e2e-test-images/httpd:2.4.38-1.&#xA;Jul 24 13:59:44.497: INFO: Pod daemon-set-wvdjw is not available&#xA;Jul 24 13:59:44.500: INFO: DaemonSet pods can&#39;t tolerate node k8s-node03 with taints [{Key:node.kubernetes.io/not-ready Value: Effect:NoSchedule TimeAdded:2022-07-24 13:59:36 +0000 UTC} {Key:node.kubernetes.io/not-ready Value: Effect:NoExecute TimeAdded:2022-07-24 13:59:41 +0000 UTC}], skip checking this node&#xA;Jul 24 13:59:44.500: INFO: DaemonSet pods can&#39;t tolerate node kubernetes-master with taints [{Key:node-role.kubernetes.io/master Value: Effect:NoSchedule TimeAdded:&lt;nil&gt;}], skip checking this node&#xA;Jul 24 13:59:45.461: INFO: Wrong image for pod: daemon-set-6zdsv. Expected: k8s.gcr.io/e2e-test-images/agnhost:2.32, got: k8s.gcr.io/e2e-test-images/httpd:2.4.38-1.&#xA;Jul 24 13:59:45.461: INFO: Pod daemon-set-wvdjw is not available&#xA;Jul 24 13:59:45.465: INFO: DaemonSet pods can&#39;t tolerate node k8s-node03 with taints [{Key:node.kubernetes.io/not-ready Value: Effect:NoSchedule TimeAdded:2022-07-24 13:59:36 +0000 UTC} {Key:node.kubernetes.io/not-ready Value: Effect:NoExecute TimeAdded:2022-07-24 13:59:41 +0000 UTC}], skip checking this node&#xA;Jul 24 13:59:45.465: INFO: DaemonSet pods can&#39;t tolerate node kubernetes-master with taints [{Key:node-role.kubernetes.io/master Value: Effect:NoSchedule TimeAdded:&lt;nil&gt;}], skip checking this node&#xA;Jul 24 13:59:46.462: INFO: Wrong image for pod: daemon-set-6zdsv. Expected: k8s.gcr.io/e2e-test-images/agnhost:2.32, got: k8s.gcr.io/e2e-test-images/httpd:2.4.38-1.&#xA;Jul 24 13:59:46.462: INFO: Pod daemon-set-wvdjw is not available&#xA;Jul 24 13:59:46.465: INFO: DaemonSet pods can&#39;t tolerate node k8s-node03 with taints [{Key:node.kubernetes.io/not-ready Value: Effect:NoSchedule TimeAdded:2022-07-24 13:59:36 +0000 UTC} {Key:node.kubernetes.io/not-ready Value: Effect:NoExecute TimeAdded:2022-07-24 13:59:41 +0000 UTC}], skip checking this node&#xA;Jul 24 13:59:46.465: INFO: DaemonSet pods can&#39;t tolerate node kubernetes-master with taints [{Key:node-role.kubernetes.io/master Value: Effect:NoSchedule TimeAdded:&lt;nil&gt;}], skip checking this node&#xA;Jul 24 13:59:47.462: INFO: Wrong image for pod: daemon-set-6zdsv. Expected: k8s.gcr.io/e2e-test-images/agnhost:2.32, got: k8s.gcr.io/e2e-test-images/httpd:2.4.38-1.&#xA;Jul 24 13:59:47.466: INFO: DaemonSet pods can&#39;t tolerate node k8s-node03 with taints [{Key:node.kubernetes.io/not-ready Value: Effect:NoSchedule TimeAdded:2022-07-24 13:59:36 +0000 UTC} {Key:node.kubernetes.io/not-ready Value: Effect:NoExecute TimeAdded:2022-07-24 13:59:41 +0000 UTC}], skip checking this node&#xA;Jul 24 13:59:47.466: INFO: DaemonSet pods can&#39;t tolerate node kubernetes-master with taints [{Key:node-role.kubernetes.io/master Value: Effect:NoSchedule TimeAdded:&lt;nil&gt;}], skip checking this node&#xA;Jul 24 13:59:48.462: INFO: Wrong image for pod: daemon-set-6zdsv. Expected: k8s.gcr.io/e2e-test-images/agnhost:2.32, got: k8s.gcr.io/e2e-test-images/httpd:2.4.38-1.&#xA;Jul 24 13:59:48.465: INFO: DaemonSet pods can&#39;t tolerate node k8s-node03 with taints [{Key:node.kubernetes.io/not-ready Value: Effect:NoSchedule TimeAdded:2022-07-24 13:59:36 +0000 UTC} {Key:node.kubernetes.io/not-ready Value: Effect:NoExecute TimeAdded:2022-07-24 13:59:41 +0000 UTC}], skip checking this node&#xA;Jul 24 13:59:48.465: INFO: DaemonSet pods can&#39;t tolerate node kubernetes-master with taints [{Key:node-role.kubernetes.io/master Value: Effect:NoSchedule TimeAdded:&lt;nil&gt;}], skip checking this node&#xA;Jul 24 13:59:49.462: INFO: Wrong image for pod: daemon-set-6zdsv. Expected: k8s.gcr.io/e2e-test-images/agnhost:2.32, got: k8s.gcr.io/e2e-test-images/httpd:2.4.38-1.&#xA;Jul 24 13:59:49.465: INFO: DaemonSet pods can&#39;t tolerate node k8s-node03 with taints [{Key:node.kubernetes.io/not-ready Value: Effect:NoSchedule TimeAdded:2022-07-24 13:59:36 +0000 UTC} {Key:node.kubernetes.io/not-ready Value: Effect:NoExecute TimeAdded:2022-07-24 13:59:41 +0000 UTC}], skip checking this node&#xA;Jul 24 13:59:49.465: INFO: DaemonSet pods can&#39;t tolerate node kubernetes-master with taints [{Key:node-role.kubernetes.io/master Value: Effect:NoSchedule TimeAdded:&lt;nil&gt;}], skip checking this node&#xA;Jul 24 13:59:50.461: INFO: Wrong image for pod: daemon-set-6zdsv. Expected: k8s.gcr.io/e2e-test-images/agnhost:2.32, got: k8s.gcr.io/e2e-test-images/httpd:2.4.38-1.&#xA;Jul 24 13:59:50.464: INFO: DaemonSet pods can&#39;t tolerate node k8s-node03 with taints [{Key:node.kubernetes.io/not-ready Value: Effect:NoSchedule TimeAdded:2022-07-24 13:59:36 +0000 UTC} {Key:node.kubernetes.io/not-ready Value: Effect:NoExecute TimeAdded:2022-07-24 13:59:41 +0000 UTC}], skip checking this node&#xA;Jul 24 13:59:50.464: INFO: DaemonSet pods can&#39;t tolerate node kubernetes-master with taints [{Key:node-role.kubernetes.io/master Value: Effect:NoSchedule TimeAdded:&lt;nil&gt;}], skip checking this node&#xA;Jul 24 13:59:51.460: INFO: Wrong image for pod: daemon-set-6zdsv. Expected: k8s.gcr.io/e2e-test-images/agnhost:2.32, got: k8s.gcr.io/e2e-test-images/httpd:2.4.38-1.&#xA;Jul 24 13:59:51.462: INFO: DaemonSet pods can&#39;t tolerate node k8s-node03 with taints [{Key:node.kubernetes.io/not-ready Value: Effect:NoSchedule TimeAdded:2022-07-24 13:59:36 +0000 UTC} {Key:node.kubernetes.io/not-ready Value: Effect:NoExecute TimeAdded:2022-07-24 13:59:41 +0000 UTC}], skip checking this node&#xA;Jul 24 13:59:51.462: INFO: DaemonSet pods can&#39;t tolerate node kubernetes-master with taints [{Key:node-role.kubernetes.io/master Value: Effect:NoSchedule TimeAdded:&lt;nil&gt;}], skip checking this node&#xA;Jul 24 13:59:52.459: INFO: Wrong image for pod: daemon-set-6zdsv. Expected: k8s.gcr.io/e2e-test-images/agnhost:2.32, got: k8s.gcr.io/e2e-test-images/httpd:2.4.38-1.&#xA;Jul 24 13:59:52.461: INFO: DaemonSet pods can&#39;t tolerate node k8s-node03 with taints [{Key:node.kubernetes.io/not-ready Value: Effect:NoSchedule TimeAdded:2022-07-24 13:59:36 +0000 UTC} {Key:node.kubernetes.io/not-ready Value: Effect:NoExecute TimeAdded:2022-07-24 13:59:41 +0000 UTC}], skip checking this node&#xA;Jul 24 13:59:52.461: INFO: DaemonSet pods can&#39;t tolerate node kubernetes-master with taints [{Key:node-role.kubernetes.io/master Value: Effect:NoSchedule TimeAdded:&lt;nil&gt;}], skip checking this node&#xA;Jul 24 13:59:53.461: INFO: Wrong image for pod: daemon-set-6zdsv. Expected: k8s.gcr.io/e2e-test-images/agnhost:2.32, got: k8s.gcr.io/e2e-test-images/httpd:2.4.38-1.&#xA;Jul 24 13:59:53.464: INFO: DaemonSet pods can&#39;t tolerate node k8s-node03 with taints [{Key:node.kubernetes.io/not-ready Value: Effect:NoSchedule TimeAdded:2022-07-24 13:59:36 +0000 UTC} {Key:node.kubernetes.io/not-ready Value: Effect:NoExecute TimeAdded:2022-07-24 13:59:41 +0000 UTC}], skip checking this node&#xA;Jul 24 13:59:53.464: INFO: DaemonSet pods can&#39;t tolerate node kubernetes-master with taints [{Key:node-role.kubernetes.io/master Value: Effect:NoSchedule TimeAdded:&lt;nil&gt;}], skip checking this node&#xA;Jul 24 13:59:54.463: INFO: Wrong image for pod: daemon-set-6zdsv. Expected: k8s.gcr.io/e2e-test-images/agnhost:2.32, got: k8s.gcr.io/e2e-test-images/httpd:2.4.38-1.&#xA;Jul 24 13:59:54.466: INFO: DaemonSet pods can&#39;t tolerate node k8s-node03 with taints [{Key:node.kubernetes.io/not-ready Value: Effect:NoSchedule TimeAdded:2022-07-24 13:59:36 +0000 UTC} {Key:node.kubernetes.io/not-ready Value: Effect:NoExecute TimeAdded:2022-07-24 13:59:41 +0000 UTC}], skip checking this node&#xA;Jul 24 13:59:54.466: INFO: DaemonSet pods can&#39;t tolerate node kubernetes-master with taints [{Key:node-role.kubernetes.io/master Value: Effect:NoSchedule TimeAdded:&lt;nil&gt;}], skip checking this node&#xA;Jul 24 13:59:55.462: INFO: Wrong image for pod: daemon-set-6zdsv. Expected: k8s.gcr.io/e2e-test-images/agnhost:2.32, got: k8s.gcr.io/e2e-test-images/httpd:2.4.38-1.&#xA;Jul 24 13:59:55.465: INFO: DaemonSet pods can&#39;t tolerate node k8s-node03 with taints [{Key:node.kubernetes.io/not-ready Value: Effect:NoSchedule TimeAdded:2022-07-24 13:59:36 +0000 UTC} {Key:node.kubernetes.io/not-ready Value: Effect:NoExecute TimeAdded:2022-07-24 13:59:41 +0000 UTC}], skip checking this node&#xA;Jul 24 13:59:55.465: INFO: DaemonSet pods can&#39;t tolerate node kubernetes-master with taints [{Key:node-role.kubernetes.io/master Value: Effect:NoSchedule TimeAdded:&lt;nil&gt;}], skip checking this node&#xA;Jul 24 13:59:56.463: INFO: Wrong image for pod: daemon-set-6zdsv. Expected: k8s.gcr.io/e2e-test-images/agnhost:2.32, got: k8s.gcr.io/e2e-test-images/httpd:2.4.38-1.&#xA;Jul 24 13:59:56.466: INFO: DaemonSet pods can&#39;t tolerate node k8s-node03 with taints [{Key:node.kubernetes.io/not-ready Value: Effect:NoSchedule TimeAdded:2022-07-24 13:59:36 +0000 UTC} {Key:node.kubernetes.io/not-ready Value: Effect:NoExecute TimeAdded:2022-07-24 13:59:41 +0000 UTC}], skip checking this node&#xA;Jul 24 13:59:56.466: INFO: DaemonSet pods can&#39;t tolerate node kubernetes-master with taints [{Key:node-role.kubernetes.io/master Value: Effect:NoSchedule TimeAdded:&lt;nil&gt;}], skip checking this node&#xA;Jul 24 13:59:57.461: INFO: Wrong image for pod: daemon-set-6zdsv. Expected: k8s.gcr.io/e2e-test-images/agnhost:2.32, got: k8s.gcr.io/e2e-test-images/httpd:2.4.38-1.&#xA;Jul 24 13:59:57.465: INFO: DaemonSet pods can&#39;t tolerate node k8s-node03 with taints [{Key:node.kubernetes.io/not-ready Value: Effect:NoSchedule TimeAdded:2022-07-24 13:59:36 +0000 UTC} {Key:node.kubernetes.io/not-ready Value: Effect:NoExecute TimeAdded:2022-07-24 13:59:41 +0000 UTC}], skip checking this node&#xA;Jul 24 13:59:57.465: INFO: DaemonSet pods can&#39;t tolerate node kubernetes-master with taints [{Key:node-role.kubernetes.io/master Value: Effect:NoSchedule TimeAdded:&lt;nil&gt;}], skip checking this node&#xA;Jul 24 13:59:58.497: INFO: Wrong image for pod: daemon-set-6zdsv. Expected: k8s.gcr.io/e2e-test-images/agnhost:2.32, got: k8s.gcr.io/e2e-test-images/httpd:2.4.38-1.&#xA;Jul 24 13:59:58.501: INFO: DaemonSet pods can&#39;t tolerate node k8s-node03 with taints [{Key:node.kubernetes.io/not-ready Value: Effect:NoSchedule TimeAdded:2022-07-24 13:59:36 +0000 UTC} {Key:node.kubernetes.io/not-ready Value: Effect:NoExecute TimeAdded:2022-07-24 13:59:41 +0000 UTC}], skip checking this node&#xA;Jul 24 13:59:58.501: INFO: DaemonSet pods can&#39;t tolerate node kubernetes-master with taints [{Key:node-role.kubernetes.io/master Value: Effect:NoSchedule TimeAdded:&lt;nil&gt;}], skip checking this node&#xA;Jul 24 13:59:59.482: INFO: Wrong image for pod: daemon-set-6zdsv. Expected: k8s.gcr.io/e2e-test-images/agnhost:2.32, got: k8s.gcr.io/e2e-test-images/httpd:2.4.38-1.&#xA;Jul 24 13:59:59.557: INFO: DaemonSet pods can&#39;t tolerate node k8s-node03 with taints [{Key:node.kubernetes.io/not-ready Value: Effect:NoSchedule TimeAdded:2022-07-24 13:59:36 +0000 UTC} {Key:node.kubernetes.io/not-ready Value: Effect:NoExecute TimeAdded:2022-07-24 13:59:41 +0000 UTC}], skip checking this node&#xA;Jul 24 13:59:59.557: INFO: DaemonSet pods can&#39;t tolerate node kubernetes-master with taints [{Key:node-role.kubernetes.io/master Value: Effect:NoSchedule TimeAdded:&lt;nil&gt;}], skip checking this node&#xA;Jul 24 14:00:00.526: INFO: Wrong image for pod: daemon-set-6zdsv. Expected: k8s.gcr.io/e2e-test-images/agnhost:2.32, got: k8s.gcr.io/e2e-test-images/httpd:2.4.38-1.&#xA;Jul 24 14:00:00.549: INFO: DaemonSet pods can&#39;t tolerate node k8s-node03 with taints [{Key:node.kubernetes.io/not-ready Value: Effect:NoSchedule TimeAdded:2022-07-24 13:59:36 +0000 UTC} {Key:node.kubernetes.io/not-ready Value: Effect:NoExecute TimeAdded:2022-07-24 13:59:41 +0000 UTC}], skip checking this node&#xA;Jul 24 14:00:00.549: INFO: DaemonSet pods can&#39;t tolerate node kubernetes-master with taints [{Key:node-role.kubernetes.io/master Value: Effect:NoSchedule TimeAdded:&lt;nil&gt;}], skip checking this node&#xA;Jul 24 14:00:01.523: INFO: Wrong image for pod: daemon-set-6zdsv. Expected: k8s.gcr.io/e2e-test-images/agnhost:2.32, got: k8s.gcr.io/e2e-test-images/httpd:2.4.38-1.&#xA;Jul 24 14:00:01.527: INFO: DaemonSet pods can&#39;t tolerate node k8s-node03 with taints [{Key:node.kubernetes.io/not-ready Value: Effect:NoSchedule TimeAdded:2022-07-24 13:59:36 +0000 UTC} {Key:node.kubernetes.io/not-ready Value: Effect:NoExecute TimeAdded:2022-07-24 13:59:41 +0000 UTC}], skip checking this node&#xA;Jul 24 14:00:01.527: INFO: DaemonSet pods can&#39;t tolerate node kubernetes-master with taints [{Key:node-role.kubernetes.io/master Value: Effect:NoSchedule TimeAdded:&lt;nil&gt;}], skip checking this node&#xA;Jul 24 14:00:02.460: INFO: Wrong image for pod: daemon-set-6zdsv. Expected: k8s.gcr.io/e2e-test-images/agnhost:2.32, got: k8s.gcr.io/e2e-test-images/httpd:2.4.38-1.&#xA;Jul 24 14:00:02.464: INFO: DaemonSet pods can&#39;t tolerate node k8s-node03 with taints [{Key:node.kubernetes.io/not-ready Value: Effect:NoSchedule TimeAdded:2022-07-24 13:59:36 +0000 UTC} {Key:node.kubernetes.io/not-ready Value: Effect:NoExecute TimeAdded:2022-07-24 13:59:41 +0000 UTC}], skip checking this node&#xA;Jul 24 14:00:02.464: INFO: DaemonSet pods can&#39;t tolerate node kubernetes-master with taints [{Key:node-role.kubernetes.io/master Value: Effect:NoSchedule TimeAdded:&lt;nil&gt;}], skip checking this node&#xA;Jul 24 14:00:03.461: INFO: Wrong image for pod: daemon-set-6zdsv. Expected: k8s.gcr.io/e2e-test-images/agnhost:2.32, got: k8s.gcr.io/e2e-test-images/httpd:2.4.38-1.&#xA;Jul 24 14:00:03.464: INFO: DaemonSet pods can&#39;t tolerate node k8s-node03 with taints [{Key:node.kubernetes.io/not-ready Value: Effect:NoSchedule TimeAdded:2022-07-24 13:59:36 +0000 UTC} {Key:node.kubernetes.io/not-ready Value: Effect:NoExecute TimeAdded:2022-07-24 13:59:41 +0000 UTC}], skip checking this node&#xA;Jul 24 14:00:03.464: INFO: DaemonSet pods can&#39;t tolerate node kubernetes-master with taints [{Key:node-role.kubernetes.io/master Value: Effect:NoSchedule TimeAdded:&lt;nil&gt;}], skip checking this node&#xA;Jul 24 14:00:04.461: INFO: Wrong image for pod: daemon-set-6zdsv. Expected: k8s.gcr.io/e2e-test-images/agnhost:2.32, got: k8s.gcr.io/e2e-test-images/httpd:2.4.38-1.&#xA;Jul 24 14:00:04.464: INFO: DaemonSet pods can&#39;t tolerate node k8s-node03 with taints [{Key:node.kubernetes.io/not-ready Value: Effect:NoSchedule TimeAdded:2022-07-24 13:59:36 +0000 UTC} {Key:node.kubernetes.io/not-ready Value: Effect:NoExecute TimeAdded:2022-07-24 13:59:41 +0000 UTC}], skip checking this node&#xA;Jul 24 14:00:04.464: INFO: DaemonSet pods can&#39;t tolerate node kubernetes-master with taints [{Key:node-role.kubernetes.io/master Value: Effect:NoSchedule TimeAdded:&lt;nil&gt;}], skip checking this node&#xA;Jul 24 14:00:05.461: INFO: Wrong image for pod: daemon-set-6zdsv. Expected: k8s.gcr.io/e2e-test-images/agnhost:2.32, got: k8s.gcr.io/e2e-test-images/httpd:2.4.38-1.&#xA;Jul 24 14:00:05.465: INFO: DaemonSet pods can&#39;t tolerate node k8s-node03 with taints [{Key:node.kubernetes.io/not-ready Value: Effect:NoSchedule TimeAdded:2022-07-24 13:59:36 +0000 UTC} {Key:node.kubernetes.io/not-ready Value: Effect:NoExecute TimeAdded:2022-07-24 13:59:41 +0000 UTC}], skip checking this node&#xA;Jul 24 14:00:05.465: INFO: DaemonSet pods can&#39;t tolerate node kubernetes-master with taints [{Key:node-role.kubernetes.io/master Value: Effect:NoSchedule TimeAdded:&lt;nil&gt;}], skip checking this node&#xA;Jul 24 14:00:06.460: INFO: Wrong image for pod: daemon-set-6zdsv. Expected: k8s.gcr.io/e2e-test-images/agnhost:2.32, got: k8s.gcr.io/e2e-test-images/httpd:2.4.38-1.&#xA;Jul 24 14:00:06.464: INFO: DaemonSet pods can&#39;t tolerate node k8s-node03 with taints [{Key:node.kubernetes.io/not-ready Value: Effect:NoSchedule TimeAdded:2022-07-24 13:59:36 +0000 UTC} {Key:node.kubernetes.io/not-ready Value: Effect:NoExecute TimeAdded:2022-07-24 13:59:41 +0000 UTC}], skip checking this node&#xA;Jul 24 14:00:06.464: INFO: DaemonSet pods can&#39;t tolerate node kubernetes-master with taints [{Key:node-role.kubernetes.io/master Value: Effect:NoSchedule TimeAdded:&lt;nil&gt;}], skip checking this node&#xA;Jul 24 14:00:07.460: INFO: Wrong image for pod: daemon-set-6zdsv. Expected: k8s.gcr.io/e2e-test-images/agnhost:2.32, got: k8s.gcr.io/e2e-test-images/httpd:2.4.38-1.&#xA;Jul 24 14:00:07.463: INFO: DaemonSet pods can&#39;t tolerate node k8s-node03 with taints [{Key:node.kubernetes.io/not-ready Value: Effect:NoSchedule TimeAdded:2022-07-24 13:59:36 +0000 UTC} {Key:node.kubernetes.io/not-ready Value: Effect:NoExecute TimeAdded:2022-07-24 13:59:41 +0000 UTC}], skip checking this node&#xA;Jul 24 14:00:07.463: INFO: DaemonSet pods can&#39;t tolerate node kubernetes-master with taints [{Key:node-role.kubernetes.io/master Value: Effect:NoSchedule TimeAdded:&lt;nil&gt;}], skip checking this node&#xA;Jul 24 14:00:08.461: INFO: Wrong image for pod: daemon-set-6zdsv. Expected: k8s.gcr.io/e2e-test-images/agnhost:2.32, got: k8s.gcr.io/e2e-test-images/httpd:2.4.38-1.&#xA;Jul 24 14:00:08.464: INFO: DaemonSet pods can&#39;t tolerate node k8s-node03 with taints [{Key:node.kubernetes.io/not-ready Value: Effect:NoSchedule TimeAdded:2022-07-24 13:59:36 +0000 UTC} {Key:node.kubernetes.io/not-ready Value: Effect:NoExecute TimeAdded:2022-07-24 13:59:41 +0000 UTC}], skip checking this node&#xA;Jul 24 14:00:08.464: INFO: DaemonSet pods can&#39;t tolerate node kubernetes-master with taints [{Key:node-role.kubernetes.io/master Value: Effect:NoSchedule TimeAdded:&lt;nil&gt;}], skip checking this node&#xA;Jul 24 14:00:09.461: INFO: Wrong image for pod: daemon-set-6zdsv. Expected: k8s.gcr.io/e2e-test-images/agnhost:2.32, got: k8s.gcr.io/e2e-test-images/httpd:2.4.38-1.&#xA;Jul 24 14:00:09.464: INFO: DaemonSet pods can&#39;t tolerate node k8s-node03 with taints [{Key:node.kubernetes.io/not-ready Value: Effect:NoSchedule TimeAdded:2022-07-24 13:59:36 +0000 UTC} {Key:node.kubernetes.io/not-ready Value: Effect:NoExecute TimeAdded:2022-07-24 13:59:41 +0000 UTC}], skip checking this node&#xA;Jul 24 14:00:09.464: INFO: DaemonSet pods can&#39;t tolerate node kubernetes-master with taints [{Key:node-role.kubernetes.io/master Value: Effect:NoSchedule TimeAdded:&lt;nil&gt;}], skip checking this node&#xA;Jul 24 14:00:10.461: INFO: Wrong image for pod: daemon-set-6zdsv. Expected: k8s.gcr.io/e2e-test-images/agnhost:2.32, got: k8s.gcr.io/e2e-test-images/httpd:2.4.38-1.&#xA;Jul 24 14:00:10.464: INFO: DaemonSet pods can&#39;t tolerate node k8s-node03 with taints [{Key:node.kubernetes.io/not-ready Value: Effect:NoSchedule TimeAdded:2022-07-24 13:59:36 +0000 UTC} {Key:node.kubernetes.io/not-ready Value: Effect:NoExecute TimeAdded:2022-07-24 13:59:41 +0000 UTC}], skip checking this node&#xA;Jul 24 14:00:10.464: INFO: DaemonSet pods can&#39;t tolerate node kubernetes-master with taints [{Key:node-role.kubernetes.io/master Value: Effect:NoSchedule TimeAdded:&lt;nil&gt;}], skip checking this node&#xA;Jul 24 14:00:11.461: INFO: Wrong image for pod: daemon-set-6zdsv. Expected: k8s.gcr.io/e2e-test-images/agnhost:2.32, got: k8s.gcr.io/e2e-test-images/httpd:2.4.38-1.&#xA;Jul 24 14:00:11.464: INFO: DaemonSet pods can&#39;t tolerate node k8s-node03 with taints [{Key:node.kubernetes.io/not-ready Value: Effect:NoSchedule TimeAdded:2022-07-24 13:59:36 +0000 UTC} {Key:node.kubernetes.io/not-ready Value: Effect:NoExecute TimeAdded:2022-07-24 13:59:41 +0000 UTC}], skip checking this node&#xA;Jul 24 14:00:11.464: INFO: DaemonSet pods can&#39;t tolerate node kubernetes-master with taints [{Key:node-role.kubernetes.io/master Value: Effect:NoSchedule TimeAdded:&lt;nil&gt;}], skip checking this node&#xA;Jul 24 14:00:12.461: INFO: Wrong image for pod: daemon-set-6zdsv. Expected: k8s.gcr.io/e2e-test-images/agnhost:2.32, got: k8s.gcr.io/e2e-test-images/httpd:2.4.38-1.&#xA;Jul 24 14:00:12.464: INFO: DaemonSet pods can&#39;t tolerate node k8s-node03 with taints [{Key:node.kubernetes.io/not-ready Value: Effect:NoSchedule TimeAdded:2022-07-24 13:59:36 +0000 UTC} {Key:node.kubernetes.io/not-ready Value: Effect:NoExecute TimeAdded:2022-07-24 13:59:41 +0000 UTC}], skip checking this node&#xA;Jul 24 14:00:12.464: INFO: DaemonSet pods can&#39;t tolerate node kubernetes-master with taints [{Key:node-role.kubernetes.io/master Value: Effect:NoSchedule TimeAdded:&lt;nil&gt;}], skip checking this node&#xA;Jul 24 14:00:13.469: INFO: Wrong image for pod: daemon-set-6zdsv. Expected: k8s.gcr.io/e2e-test-images/agnhost:2.32, got: k8s.gcr.io/e2e-test-images/httpd:2.4.38-1.&#xA;Jul 24 14:00:13.473: INFO: DaemonSet pods can&#39;t tolerate node k8s-node03 with taints [{Key:node.kubernetes.io/not-ready Value: Effect:NoSchedule TimeAdded:2022-07-24 13:59:36 +0000 UTC} {Key:node.kubernetes.io/not-ready Value: Effect:NoExecute TimeAdded:2022-07-24 13:59:41 +0000 UTC}], skip checking this node&#xA;Jul 24 14:00:13.473: INFO: DaemonSet pods can&#39;t tolerate node kubernetes-master with taints [{Key:node-role.kubernetes.io/master Value: Effect:NoSchedule TimeAdded:&lt;nil&gt;}], skip checking this node&#xA;Jul 24 14:00:14.462: INFO: Wrong image for pod: daemon-set-6zdsv. Expected: k8s.gcr.io/e2e-test-images/agnhost:2.32, got: k8s.gcr.io/e2e-test-images/httpd:2.4.38-1.&#xA;Jul 24 14:00:14.465: INFO: DaemonSet pods can&#39;t tolerate node k8s-node03 with taints [{Key:node.kubernetes.io/not-ready Value: Effect:NoSchedule TimeAdded:2022-07-24 13:59:36 +0000 UTC} {Key:node.kubernetes.io/not-ready Value: Effect:NoExecute TimeAdded:2022-07-24 13:59:41 +0000 UTC}], skip checking this node&#xA;Jul 24 14:00:14.465: INFO: DaemonSet pods can&#39;t tolerate node kubernetes-master with taints [{Key:node-role.kubernetes.io/master Value: Effect:NoSchedule TimeAdded:&lt;nil&gt;}], skip checking this node&#xA;Jul 24 14:00:15.507: INFO: Wrong image for pod: daemon-set-6zdsv. Expected: k8s.gcr.io/e2e-test-images/agnhost:2.32, got: k8s.gcr.io/e2e-test-images/httpd:2.4.38-1.&#xA;Jul 24 14:00:15.510: INFO: DaemonSet pods can&#39;t tolerate node k8s-node03 with taints [{Key:node.kubernetes.io/not-ready Value: Effect:NoSchedule TimeAdded:2022-07-24 13:59:36 +0000 UTC} {Key:node.kubernetes.io/not-ready Value: Effect:NoExecute TimeAdded:2022-07-24 13:59:41 +0000 UTC}], skip checking this node&#xA;Jul 24 14:00:15.510: INFO: DaemonSet pods can&#39;t tolerate node kubernetes-master with taints [{Key:node-role.kubernetes.io/master Value: Effect:NoSchedule TimeAdded:&lt;nil&gt;}], skip checking this node&#xA;Jul 24 14:00:16.462: INFO: Wrong image for pod: daemon-set-6zdsv. Expected: k8s.gcr.io/e2e-test-images/agnhost:2.32, got: k8s.gcr.io/e2e-test-images/httpd:2.4.38-1.&#xA;Jul 24 14:00:16.465: INFO: DaemonSet pods can&#39;t tolerate node k8s-node03 with taints [{Key:node.kubernetes.io/not-ready Value: Effect:NoSchedule TimeAdded:2022-07-24 13:59:36 +0000 UTC} {Key:node.kubernetes.io/not-ready Value: Effect:NoExecute TimeAdded:2022-07-24 13:59:41 +0000 UTC}], skip checking this node&#xA;Jul 24 14:00:16.465: INFO: DaemonSet pods can&#39;t tolerate node kubernetes-master with taints [{Key:node-role.kubernetes.io/master Value: Effect:NoSchedule TimeAdded:&lt;nil&gt;}], skip checking this node&#xA;Jul 24 14:00:17.460: INFO: Wrong image for pod: daemon-set-6zdsv. Expected: k8s.gcr.io/e2e-test-images/agnhost:2.32, got: k8s.gcr.io/e2e-test-images/httpd:2.4.38-1.&#xA;Jul 24 14:00:17.464: INFO: DaemonSet pods can&#39;t tolerate node k8s-node03 with taints [{Key:node.kubernetes.io/not-ready Value: Effect:NoSchedule TimeAdded:2022-07-24 13:59:36 +0000 UTC} {Key:node.kubernetes.io/not-ready Value: Effect:NoExecute TimeAdded:2022-07-24 13:59:41 +0000 UTC}], skip checking this node&#xA;Jul 24 14:00:17.464: INFO: DaemonSet pods can&#39;t tolerate node kubernetes-master with taints [{Key:node-role.kubernetes.io/master Value: Effect:NoSchedule TimeAdded:&lt;nil&gt;}], skip checking this node&#xA;Jul 24 14:00:18.486: INFO: Wrong image for pod: daemon-set-6zdsv. Expected: k8s.gcr.io/e2e-test-images/agnhost:2.32, got: k8s.gcr.io/e2e-test-images/httpd:2.4.38-1.&#xA;Jul 24 14:00:18.496: INFO: DaemonSet pods can&#39;t tolerate node k8s-node03 with taints [{Key:node.kubernetes.io/not-ready Value: Effect:NoSchedule TimeAdded:2022-07-24 13:59:36 +0000 UTC} {Key:node.kubernetes.io/not-ready Value: Effect:NoExecute TimeAdded:2022-07-24 13:59:41 +0000 UTC}], skip checking this node&#xA;Jul 24 14:00:18.496: INFO: DaemonSet pods can&#39;t tolerate node kubernetes-master with taints [{Key:node-role.kubernetes.io/master Value: Effect:NoSchedule TimeAdded:&lt;nil&gt;}], skip checking this node&#xA;Jul 24 14:00:19.460: INFO: Wrong image for pod: daemon-set-6zdsv. Expected: k8s.gcr.io/e2e-test-images/agnhost:2.32, got: k8s.gcr.io/e2e-test-images/httpd:2.4.38-1.&#xA;Jul 24 14:00:19.463: INFO: DaemonSet pods can&#39;t tolerate node k8s-node03 with taints [{Key:node.kubernetes.io/not-ready Value: Effect:NoSchedule TimeAdded:2022-07-24 13:59:36 +0000 UTC} {Key:node.kubernetes.io/not-ready Value: Effect:NoExecute TimeAdded:2022-07-24 13:59:41 +0000 UTC}], skip checking this node&#xA;Jul 24 14:00:19.463: INFO: DaemonSet pods can&#39;t tolerate node kubernetes-master with taints [{Key:node-role.kubernetes.io/master Value: Effect:NoSchedule TimeAdded:&lt;nil&gt;}], skip checking this node&#xA;Jul 24 14:00:20.461: INFO: Wrong image for pod: daemon-set-6zdsv. Expected: k8s.gcr.io/e2e-test-images/agnhost:2.32, got: k8s.gcr.io/e2e-test-images/httpd:2.4.38-1.&#xA;Jul 24 14:00:20.464: INFO: DaemonSet pods can&#39;t tolerate node k8s-node03 with taints [{Key:node.kubernetes.io/not-ready Value: Effect:NoSchedule TimeAdded:2022-07-24 13:59:36 +0000 UTC} {Key:node.kubernetes.io/not-ready Value: Effect:NoExecute TimeAdded:2022-07-24 13:59:41 +0000 UTC}], skip checking this node&#xA;Jul 24 14:00:20.464: INFO: DaemonSet pods can&#39;t tolerate node kubernetes-master with taints [{Key:node-role.kubernetes.io/master Value: Effect:NoSchedule TimeAdded:&lt;nil&gt;}], skip checking this node&#xA;Jul 24 14:00:21.492: INFO: Wrong image for pod: daemon-set-6zdsv. Expected: k8s.gcr.io/e2e-test-images/agnhost:2.32, got: k8s.gcr.io/e2e-test-images/httpd:2.4.38-1.&#xA;Jul 24 14:00:21.495: INFO: DaemonSet pods can&#39;t tolerate node k8s-node03 with taints [{Key:node.kubernetes.io/not-ready Value: Effect:NoSchedule TimeAdded:2022-07-24 13:59:36 +0000 UTC} {Key:node.kubernetes.io/not-ready Value: Effect:NoExecute TimeAdded:2022-07-24 13:59:41 +0000 UTC}], skip checking this node&#xA;Jul 24 14:00:21.495: INFO: DaemonSet pods can&#39;t tolerate node kubernetes-master with taints [{Key:node-role.kubernetes.io/master Value: Effect:NoSchedule TimeAdded:&lt;nil&gt;}], skip checking this node&#xA;Jul 24 14:00:22.459: INFO: Wrong image for pod: daemon-set-6zdsv. Expected: k8s.gcr.io/e2e-test-images/agnhost:2.32, got: k8s.gcr.io/e2e-test-images/httpd:2.4.38-1.&#xA;Jul 24 14:00:22.461: INFO: DaemonSet pods can&#39;t tolerate node k8s-node03 with taints [{Key:node.kubernetes.io/not-ready Value: Effect:NoSchedule TimeAdded:2022-07-24 13:59:36 +0000 UTC} {Key:node.kubernetes.io/not-ready Value: Effect:NoExecute TimeAdded:2022-07-24 13:59:41 +0000 UTC}], skip checking this node&#xA;Jul 24 14:00:22.461: INFO: DaemonSet pods can&#39;t tolerate node kubernetes-master with taints [{Key:node-role.kubernetes.io/master Value: Effect:NoSchedule TimeAdded:&lt;nil&gt;}], skip checking this node&#xA;Jul 24 14:00:23.461: INFO: Wrong image for pod: daemon-set-6zdsv. Expected: k8s.gcr.io/e2e-test-images/agnhost:2.32, got: k8s.gcr.io/e2e-test-images/httpd:2.4.38-1.&#xA;Jul 24 14:00:23.465: INFO: DaemonSet pods can&#39;t tolerate node k8s-node03 with taints [{Key:node.kubernetes.io/not-ready Value: Effect:NoSchedule TimeAdded:2022-07-24 13:59:36 +0000 UTC} {Key:node.kubernetes.io/not-ready Value: Effect:NoExecute TimeAdded:2022-07-24 13:59:41 +0000 UTC}], skip checking this node&#xA;Jul 24 14:00:23.465: INFO: DaemonSet pods can&#39;t tolerate node kubernetes-master with taints [{Key:node-role.kubernetes.io/master Value: Effect:NoSchedule TimeAdded:&lt;nil&gt;}], skip checking this node&#xA;Jul 24 14:00:24.462: INFO: Wrong image for pod: daemon-set-6zdsv. Expected: k8s.gcr.io/e2e-test-images/agnhost:2.32, got: k8s.gcr.io/e2e-test-images/httpd:2.4.38-1.&#xA;Jul 24 14:00:24.466: INFO: DaemonSet pods can&#39;t tolerate node k8s-node03 with taints [{Key:node.kubernetes.io/not-ready Value: Effect:NoSchedule TimeAdded:2022-07-24 13:59:36 +0000 UTC} {Key:node.kubernetes.io/not-ready Value: Effect:NoExecute TimeAdded:2022-07-24 13:59:41 +0000 UTC}], skip checking this node&#xA;Jul 24 14:00:24.466: INFO: DaemonSet pods can&#39;t tolerate node kubernetes-master with taints [{Key:node-role.kubernetes.io/master Value: Effect:NoSchedule TimeAdded:&lt;nil&gt;}], skip checking this node&#xA;Jul 24 14:00:25.461: INFO: Wrong image for pod: daemon-set-6zdsv. Expected: k8s.gcr.io/e2e-test-images/agnhost:2.32, got: k8s.gcr.io/e2e-test-images/httpd:2.4.38-1.&#xA;Jul 24 14:00:25.464: INFO: DaemonSet pods can&#39;t tolerate node k8s-node03 with taints [{Key:node.kubernetes.io/not-ready Value: Effect:NoSchedule TimeAdded:2022-07-24 13:59:36 +0000 UTC} {Key:node.kubernetes.io/not-ready Value: Effect:NoExecute TimeAdded:2022-07-24 13:59:41 +0000 UTC}], skip checking this node&#xA;Jul 24 14:00:25.464: INFO: DaemonSet pods can&#39;t tolerate node kubernetes-master with taints [{Key:node-role.kubernetes.io/master Value: Effect:NoSchedule TimeAdded:&lt;nil&gt;}], skip checking this node&#xA;Jul 24 14:00:26.463: INFO: Wrong image for pod: daemon-set-6zdsv. Expected: k8s.gcr.io/e2e-test-images/agnhost:2.32, got: k8s.gcr.io/e2e-test-images/httpd:2.4.38-1.&#xA;Jul 24 14:00:26.466: INFO: DaemonSet pods can&#39;t tolerate node k8s-node03 with taints [{Key:node.kubernetes.io/not-ready Value: Effect:NoSchedule TimeAdded:2022-07-24 13:59:36 +0000 UTC} {Key:node.kubernetes.io/not-ready Value: Effect:NoExecute TimeAdded:2022-07-24 13:59:41 +0000 UTC}], skip checking this node&#xA;Jul 24 14:00:26.466: INFO: DaemonSet pods can&#39;t tolerate node kubernetes-master with taints [{Key:node-role.kubernetes.io/master Value: Effect:NoSchedule TimeAdded:&lt;nil&gt;}], skip checking this node&#xA;Jul 24 14:00:27.466: INFO: Wrong image for pod: daemon-set-6zdsv. Expected: k8s.gcr.io/e2e-test-images/agnhost:2.32, got: k8s.gcr.io/e2e-test-images/httpd:2.4.38-1.&#xA;Jul 24 14:00:27.469: INFO: DaemonSet pods can&#39;t tolerate node k8s-node03 with taints [{Key:node.kubernetes.io/not-ready Value: Effect:NoSchedule TimeAdded:2022-07-24 13:59:36 +0000 UTC} {Key:node.kubernetes.io/not-ready Value: Effect:NoExecute TimeAdded:2022-07-24 13:59:41 +0000 UTC}], skip checking this node&#xA;Jul 24 14:00:27.469: INFO: DaemonSet pods can&#39;t tolerate node kubernetes-master with taints [{Key:node-role.kubernetes.io/master Value: Effect:NoSchedule TimeAdded:&lt;nil&gt;}], skip checking this node&#xA;Jul 24 14:00:28.494: INFO: Wrong image for pod: daemon-set-6zdsv. Expected: k8s.gcr.io/e2e-test-images/agnhost:2.32, got: k8s.gcr.io/e2e-test-images/httpd:2.4.38-1.&#xA;Jul 24 14:00:28.497: INFO: DaemonSet pods can&#39;t tolerate node k8s-node03 with taints [{Key:node.kubernetes.io/not-ready Value: Effect:NoSchedule TimeAdded:2022-07-24 13:59:36 +0000 UTC} {Key:node.kubernetes.io/not-ready Value: Effect:NoExecute TimeAdded:2022-07-24 13:59:41 +0000 UTC}], skip checking this node&#xA;Jul 24 14:00:28.498: INFO: DaemonSet pods can&#39;t tolerate node kubernetes-master with taints [{Key:node-role.kubernetes.io/master Value: Effect:NoSchedule TimeAdded:&lt;nil&gt;}], skip checking this node&#xA;Jul 24 14:00:29.512: INFO: Wrong image for pod: daemon-set-6zdsv. Expected: k8s.gcr.io/e2e-test-images/agnhost:2.32, got: k8s.gcr.io/e2e-test-images/httpd:2.4.38-1.&#xA;Jul 24 14:00:29.516: INFO: DaemonSet pods can&#39;t tolerate node k8s-node03 with taints [{Key:node.kubernetes.io/not-ready Value: Effect:NoSchedule TimeAdded:2022-07-24 13:59:36 +0000 UTC} {Key:node.kubernetes.io/not-ready Value: Effect:NoExecute TimeAdded:2022-07-24 13:59:41 +0000 UTC}], skip checking this node&#xA;Jul 24 14:00:29.516: INFO: DaemonSet pods can&#39;t tolerate node kubernetes-master with taints [{Key:node-role.kubernetes.io/master Value: Effect:NoSchedule TimeAdded:&lt;nil&gt;}], skip checking this node&#xA;Jul 24 14:00:30.612: INFO: Wrong image for pod: daemon-set-6zdsv. Expected: k8s.gcr.io/e2e-test-images/agnhost:2.32, got: k8s.gcr.io/e2e-test-images/httpd:2.4.38-1.&#xA;Jul 24 14:00:30.616: INFO: DaemonSet pods can&#39;t tolerate node k8s-node03 with taints [{Key:node.kubernetes.io/not-ready Value: Effect:NoSchedule TimeAdded:2022-07-24 13:59:36 +0000 UTC} {Key:node.kubernetes.io/not-ready Value: Effect:NoExecute TimeAdded:2022-07-24 13:59:41 +0000 UTC}], skip checking this node&#xA;Jul 24 14:00:30.616: INFO: DaemonSet pods can&#39;t tolerate node kubernetes-master with taints [{Key:node-role.kubernetes.io/master Value: Effect:NoSchedule TimeAdded:&lt;nil&gt;}], skip checking this node&#xA;Jul 24 14:00:31.461: INFO: Wrong image for pod: daemon-set-6zdsv. Expected: k8s.gcr.io/e2e-test-images/agnhost:2.32, got: k8s.gcr.io/e2e-test-images/httpd:2.4.38-1.&#xA;Jul 24 14:00:31.709: INFO: DaemonSet pods can&#39;t tolerate node k8s-node03 with taints [{Key:node.kubernetes.io/not-ready Value: Effect:NoSchedule TimeAdded:2022-07-24 13:59:36 +0000 UTC} {Key:node.kubernetes.io/not-ready Value: Effect:NoExecute TimeAdded:2022-07-24 13:59:41 +0000 UTC}], skip checking this node&#xA;Jul 24 14:00:31.709: INFO: DaemonSet pods can&#39;t tolerate node kubernetes-master with taints [{Key:node-role.kubernetes.io/master Value: Effect:NoSchedule TimeAdded:&lt;nil&gt;}], skip checking this node&#xA;Jul 24 14:00:32.528: INFO: Wrong image for pod: daemon-set-6zdsv. Expected: k8s.gcr.io/e2e-test-images/agnhost:2.32, got: k8s.gcr.io/e2e-test-images/httpd:2.4.38-1.&#xA;Jul 24 14:00:32.531: INFO: DaemonSet pods can&#39;t tolerate node k8s-node03 with taints [{Key:node.kubernetes.io/not-ready Value: Effect:NoSchedule TimeAdded:2022-07-24 13:59:36 +0000 UTC} {Key:node.kubernetes.io/not-ready Value: Effect:NoExecute TimeAdded:2022-07-24 13:59:41 +0000 UTC}], skip checking this node&#xA;Jul 24 14:00:32.531: INFO: DaemonSet pods can&#39;t tolerate node kubernetes-master with taints [{Key:node-role.kubernetes.io/master Value: Effect:NoSchedule TimeAdded:&lt;nil&gt;}], skip checking this node&#xA;Jul 24 14:00:33.480: INFO: Wrong image for pod: daemon-set-6zdsv. Expected: k8s.gcr.io/e2e-test-images/agnhost:2.32, got: k8s.gcr.io/e2e-test-images/httpd:2.4.38-1.&#xA;Jul 24 14:00:33.483: INFO: DaemonSet pods can&#39;t tolerate node k8s-node03 with taints [{Key:node.kubernetes.io/not-ready Value: Effect:NoSchedule TimeAdded:2022-07-24 13:59:36 +0000 UTC} {Key:node.kubernetes.io/not-ready Value: Effect:NoExecute TimeAdded:2022-07-24 13:59:41 +0000 UTC}], skip checking this node&#xA;Jul 24 14:00:33.483: INFO: DaemonSet pods can&#39;t tolerate node kubernetes-master with taints [{Key:node-role.kubernetes.io/master Value: Effect:NoSchedule TimeAdded:&lt;nil&gt;}], skip checking this node&#xA;Jul 24 14:00:34.461: INFO: Wrong image for pod: daemon-set-6zdsv. Expected: k8s.gcr.io/e2e-test-images/agnhost:2.32, got: k8s.gcr.io/e2e-test-images/httpd:2.4.38-1.&#xA;Jul 24 14:00:34.464: INFO: DaemonSet pods can&#39;t tolerate node k8s-node03 with taints [{Key:node.kubernetes.io/not-ready Value: Effect:NoSchedule TimeAdded:2022-07-24 13:59:36 +0000 UTC} {Key:node.kubernetes.io/not-ready Value: Effect:NoExecute TimeAdded:2022-07-24 13:59:41 +0000 UTC}], skip checking this node&#xA;Jul 24 14:00:34.464: INFO: DaemonSet pods can&#39;t tolerate node kubernetes-master with taints [{Key:node-role.kubernetes.io/master Value: Effect:NoSchedule TimeAdded:&lt;nil&gt;}], skip checking this node&#xA;Jul 24 14:00:35.473: INFO: Wrong image for pod: daemon-set-6zdsv. Expected: k8s.gcr.io/e2e-test-images/agnhost:2.32, got: k8s.gcr.io/e2e-test-images/httpd:2.4.38-1.&#xA;Jul 24 14:00:35.477: INFO: DaemonSet pods can&#39;t tolerate node k8s-node03 with taints [{Key:node.kubernetes.io/not-ready Value: Effect:NoSchedule TimeAdded:2022-07-24 13:59:36 +0000 UTC} {Key:node.kubernetes.io/not-ready Value: Effect:NoExecute TimeAdded:2022-07-24 13:59:41 +0000 UTC}], skip checking this node&#xA;Jul 24 14:00:35.477: INFO: DaemonSet pods can&#39;t tolerate node kubernetes-master with taints [{Key:node-role.kubernetes.io/master Value: Effect:NoSchedule TimeAdded:&lt;nil&gt;}], skip checking this node&#xA;Jul 24 14:00:36.669: INFO: Wrong image for pod: daemon-set-6zdsv. Expected: k8s.gcr.io/e2e-test-images/agnhost:2.32, got: k8s.gcr.io/e2e-test-images/httpd:2.4.38-1.&#xA;Jul 24 14:00:36.673: INFO: DaemonSet pods can&#39;t tolerate node k8s-node03 with taints [{Key:node.kubernetes.io/not-ready Value: Effect:NoSchedule TimeAdded:2022-07-24 13:59:36 +0000 UTC} {Key:node.kubernetes.io/not-ready Value: Effect:NoExecute TimeAdded:2022-07-24 13:59:41 +0000 UTC}], skip checking this node&#xA;Jul 24 14:00:36.673: INFO: DaemonSet pods can&#39;t tolerate node kubernetes-master with taints [{Key:node-role.kubernetes.io/master Value: Effect:NoSchedule TimeAdded:&lt;nil&gt;}], skip checking this node&#xA;Jul 24 14:00:37.469: INFO: Wrong image for pod: daemon-set-6zdsv. Expected: k8s.gcr.io/e2e-test-images/agnhost:2.32, got: k8s.gcr.io/e2e-test-images/httpd:2.4.38-1.&#xA;Jul 24 14:00:37.623: INFO: DaemonSet pods can&#39;t tolerate node kubernetes-master with taints [{Key:node-role.kubernetes.io/master Value: Effect:NoSchedule TimeAdded:&lt;nil&gt;}], skip checking this node&#xA;Jul 24 14:00:38.459: INFO: Wrong image for pod: daemon-set-6zdsv. Expected: k8s.gcr.io/e2e-test-images/agnhost:2.32, got: k8s.gcr.io/e2e-test-images/httpd:2.4.38-1.&#xA;Jul 24 14:00:38.461: INFO: DaemonSet pods can&#39;t tolerate node kubernetes-master with taints [{Key:node-role.kubernetes.io/master Value: Effect:NoSchedule TimeAdded:&lt;nil&gt;}], skip checking this node&#xA;Jul 24 14:00:39.460: INFO: Wrong image for pod: daemon-set-6zdsv. Expected: k8s.gcr.io/e2e-test-images/agnhost:2.32, got: k8s.gcr.io/e2e-test-images/httpd:2.4.38-1.&#xA;Jul 24 14:00:39.463: INFO: DaemonSet pods can&#39;t tolerate node kubernetes-master with taints [{Key:node-role.kubernetes.io/master Value: Effect:NoSchedule TimeAdded:&lt;nil&gt;}], skip checking this node&#xA;Jul 24 14:00:40.461: INFO: Wrong image for pod: daemon-set-6zdsv. Expected: k8s.gcr.io/e2e-test-images/agnhost:2.32, got: k8s.gcr.io/e2e-test-images/httpd:2.4.38-1.&#xA;Jul 24 14:00:40.464: INFO: DaemonSet pods can&#39;t tolerate node kubernetes-master with taints [{Key:node-role.kubernetes.io/master Value: Effect:NoSchedule TimeAdded:&lt;nil&gt;}], skip checking this node&#xA;Jul 24 14:00:41.567: INFO: Wrong image for pod: daemon-set-6zdsv. Expected: k8s.gcr.io/e2e-test-images/agnhost:2.32, got: k8s.gcr.io/e2e-test-images/httpd:2.4.38-1.&#xA;Jul 24 14:00:41.610: INFO: DaemonSet pods can&#39;t tolerate node kubernetes-master with taints [{Key:node-role.kubernetes.io/master Value: Effect:NoSchedule TimeAdded:&lt;nil&gt;}], skip checking this node&#xA;Jul 24 14:00:42.480: INFO: Wrong image for pod: daemon-set-6zdsv. Expected: k8s.gcr.io/e2e-test-images/agnhost:2.32, got: k8s.gcr.io/e2e-test-images/httpd:2.4.38-1.&#xA;Jul 24 14:00:42.515: INFO: DaemonSet pods can&#39;t tolerate node kubernetes-master with taints [{Key:node-role.kubernetes.io/master Value: Effect:NoSchedule TimeAdded:&lt;nil&gt;}], skip checking this node&#xA;Jul 24 14:00:43.486: INFO: Wrong image for pod: daemon-set-6zdsv. Expected: k8s.gcr.io/e2e-test-images/agnhost:2.32, got: k8s.gcr.io/e2e-test-images/httpd:2.4.38-1.&#xA;Jul 24 14:00:43.625: INFO: DaemonSet pods can&#39;t tolerate node kubernetes-master with taints [{Key:node-role.kubernetes.io/master Value: Effect:NoSchedule TimeAdded:&lt;nil&gt;}], skip checking this node&#xA;Jul 24 14:00:44.466: INFO: Wrong image for pod: daemon-set-6zdsv. Expected: k8s.gcr.io/e2e-test-images/agnhost:2.32, got: k8s.gcr.io/e2e-test-images/httpd:2.4.38-1.&#xA;Jul 24 14:00:44.502: INFO: DaemonSet pods can&#39;t tolerate node kubernetes-master with taints [{Key:node-role.kubernetes.io/master Value: Effect:NoSchedule TimeAdded:&lt;nil&gt;}], skip checking this node&#xA;Jul 24 14:00:45.549: INFO: Wrong image for pod: daemon-set-6zdsv. Expected: k8s.gcr.io/e2e-test-images/agnhost:2.32, got: k8s.gcr.io/e2e-test-images/httpd:2.4.38-1.&#xA;Jul 24 14:00:45.553: INFO: DaemonSet pods can&#39;t tolerate node kubernetes-master with taints [{Key:node-role.kubernetes.io/master Value: Effect:NoSchedule TimeAdded:&lt;nil&gt;}], skip checking this node&#xA;Jul 24 14:00:46.482: INFO: Wrong image for pod: daemon-set-6zdsv. Expected: k8s.gcr.io/e2e-test-images/agnhost:2.32, got: k8s.gcr.io/e2e-test-images/httpd:2.4.38-1.&#xA;Jul 24 14:00:46.486: INFO: DaemonSet pods can&#39;t tolerate node kubernetes-master with taints [{Key:node-role.kubernetes.io/master Value: Effect:NoSchedule TimeAdded:&lt;nil&gt;}], skip checking this node&#xA;Jul 24 14:00:47.460: INFO: Wrong image for pod: daemon-set-6zdsv. Expected: k8s.gcr.io/e2e-test-images/agnhost:2.32, got: k8s.gcr.io/e2e-test-images/httpd:2.4.38-1.&#xA;Jul 24 14:00:47.464: INFO: DaemonSet pods can&#39;t tolerate node kubernetes-master with taints [{Key:node-role.kubernetes.io/master Value: Effect:NoSchedule TimeAdded:&lt;nil&gt;}], skip checking this node&#xA;Jul 24 14:00:48.461: INFO: Wrong image for pod: daemon-set-6zdsv. Expected: k8s.gcr.io/e2e-test-images/agnhost:2.32, got: k8s.gcr.io/e2e-test-images/httpd:2.4.38-1.&#xA;Jul 24 14:00:48.464: INFO: DaemonSet pods can&#39;t tolerate node kubernetes-master with taints [{Key:node-role.kubernetes.io/master Value: Effect:NoSchedule TimeAdded:&lt;nil&gt;}], skip checking this node&#xA;Jul 24 14:00:49.461: INFO: Wrong image for pod: daemon-set-6zdsv. Expected: k8s.gcr.io/e2e-test-images/agnhost:2.32, got: k8s.gcr.io/e2e-test-images/httpd:2.4.38-1.&#xA;Jul 24 14:00:49.465: INFO: DaemonSet pods can&#39;t tolerate node kubernetes-master with taints [{Key:node-role.kubernetes.io/master Value: Effect:NoSchedule TimeAdded:&lt;nil&gt;}], skip checking this node&#xA;Jul 24 14:00:50.461: INFO: Wrong image for pod: daemon-set-6zdsv. Expected: k8s.gcr.io/e2e-test-images/agnhost:2.32, got: k8s.gcr.io/e2e-test-images/httpd:2.4.38-1.&#xA;Jul 24 14:00:50.465: INFO: DaemonSet pods can&#39;t tolerate node kubernetes-master with taints [{Key:node-role.kubernetes.io/master Value: Effect:NoSchedule TimeAdded:&lt;nil&gt;}], skip checking this node&#xA;Jul 24 14:00:51.461: INFO: Wrong image for pod: daemon-set-6zdsv. Expected: k8s.gcr.io/e2e-test-images/agnhost:2.32, got: k8s.gcr.io/e2e-test-images/httpd:2.4.38-1.&#xA;Jul 24 14:00:51.464: INFO: DaemonSet pods can&#39;t tolerate node kubernetes-master with taints [{Key:node-role.kubernetes.io/master Value: Effect:NoSchedule TimeAdded:&lt;nil&gt;}], skip checking this node&#xA;Jul 24 14:00:52.460: INFO: Wrong image for pod: daemon-set-6zdsv. Expected: k8s.gcr.io/e2e-test-images/agnhost:2.32, got: k8s.gcr.io/e2e-test-images/httpd:2.4.38-1.&#xA;Jul 24 14:00:52.467: INFO: DaemonSet pods can&#39;t tolerate node kubernetes-master with taints [{Key:node-role.kubernetes.io/master Value: Effect:NoSchedule TimeAdded:&lt;nil&gt;}], skip checking this node&#xA;Jul 24 14:00:53.462: INFO: Wrong image for pod: daemon-set-6zdsv. Expected: k8s.gcr.io/e2e-test-images/agnhost:2.32, got: k8s.gcr.io/e2e-test-images/httpd:2.4.38-1.&#xA;Jul 24 14:00:53.465: INFO: DaemonSet pods can&#39;t tolerate node kubernetes-master with taints [{Key:node-role.kubernetes.io/master Value: Effect:NoSchedule TimeAdded:&lt;nil&gt;}], skip checking this node&#xA;Jul 24 14:00:54.468: INFO: Wrong image for pod: daemon-set-6zdsv. Expected: k8s.gcr.io/e2e-test-images/agnhost:2.32, got: k8s.gcr.io/e2e-test-images/httpd:2.4.38-1.&#xA;Jul 24 14:00:54.475: INFO: DaemonSet pods can&#39;t tolerate node kubernetes-master with taints [{Key:node-role.kubernetes.io/master Value: Effect:NoSchedule TimeAdded:&lt;nil&gt;}], skip checking this node&#xA;Jul 24 14:00:55.462: INFO: Wrong image for pod: daemon-set-6zdsv. Expected: k8s.gcr.io/e2e-test-images/agnhost:2.32, got: k8s.gcr.io/e2e-test-images/httpd:2.4.38-1.&#xA;Jul 24 14:00:55.465: INFO: DaemonSet pods can&#39;t tolerate node kubernetes-master with taints [{Key:node-role.kubernetes.io/master Value: Effect:NoSchedule TimeAdded:&lt;nil&gt;}], skip checking this node&#xA;Jul 24 14:00:56.500: INFO: Wrong image for pod: daemon-set-6zdsv. Expected: k8s.gcr.io/e2e-test-images/agnhost:2.32, got: k8s.gcr.io/e2e-test-images/httpd:2.4.38-1.&#xA;Jul 24 14:00:56.520: INFO: DaemonSet pods can&#39;t tolerate node kubernetes-master with taints [{Key:node-role.kubernetes.io/master Value: Effect:NoSchedule TimeAdded:&lt;nil&gt;}], skip checking this node&#xA;Jul 24 14:00:57.461: INFO: Wrong image for pod: daemon-set-6zdsv. Expected: k8s.gcr.io/e2e-test-images/agnhost:2.32, got: k8s.gcr.io/e2e-test-images/httpd:2.4.38-1.&#xA;Jul 24 14:00:57.464: INFO: DaemonSet pods can&#39;t tolerate node kubernetes-master with taints [{Key:node-role.kubernetes.io/master Value: Effect:NoSchedule TimeAdded:&lt;nil&gt;}], skip checking this node&#xA;Jul 24 14:00:58.528: INFO: Wrong image for pod: daemon-set-6zdsv. Expected: k8s.gcr.io/e2e-test-images/agnhost:2.32, got: k8s.gcr.io/e2e-test-images/httpd:2.4.38-1.&#xA;Jul 24 14:00:58.531: INFO: DaemonSet pods can&#39;t tolerate node kubernetes-master with taints [{Key:node-role.kubernetes.io/master Value: Effect:NoSchedule TimeAdded:&lt;nil&gt;}], skip checking this node&#xA;Jul 24 14:00:59.462: INFO: Wrong image for pod: daemon-set-6zdsv. Expected: k8s.gcr.io/e2e-test-images/agnhost:2.32, got: k8s.gcr.io/e2e-test-images/httpd:2.4.38-1.&#xA;Jul 24 14:00:59.465: INFO: DaemonSet pods can&#39;t tolerate node kubernetes-master with taints [{Key:node-role.kubernetes.io/master Value: Effect:NoSchedule TimeAdded:&lt;nil&gt;}], skip checking this node&#xA;Jul 24 14:01:00.495: INFO: Wrong image for pod: daemon-set-6zdsv. Expected: k8s.gcr.io/e2e-test-images/agnhost:2.32, got: k8s.gcr.io/e2e-test-images/httpd:2.4.38-1.&#xA;Jul 24 14:01:00.497: INFO: DaemonSet pods can&#39;t tolerate node kubernetes-master with taints [{Key:node-role.kubernetes.io/master Value: Effect:NoSchedule TimeAdded:&lt;nil&gt;}], skip checking this node&#xA;Jul 24 14:01:01.497: INFO: Wrong image for pod: daemon-set-6zdsv. Expected: k8s.gcr.io/e2e-test-images/agnhost:2.32, got: k8s.gcr.io/e2e-test-images/httpd:2.4.38-1.&#xA;Jul 24 14:01:01.500: INFO: DaemonSet pods can&#39;t tolerate node kubernetes-master with taints [{Key:node-role.kubernetes.io/master Value: Effect:NoSchedule TimeAdded:&lt;nil&gt;}], skip checking this node&#xA;Jul 24 14:01:02.464: INFO: Wrong image for pod: daemon-set-6zdsv. Expected: k8s.gcr.io/e2e-test-images/agnhost:2.32, got: k8s.gcr.io/e2e-test-images/httpd:2.4.38-1.&#xA;Jul 24 14:01:02.468: INFO: DaemonSet pods can&#39;t tolerate node kubernetes-master with taints [{Key:node-role.kubernetes.io/master Value: Effect:NoSchedule TimeAdded:&lt;nil&gt;}], skip checking this node&#xA;Jul 24 14:01:03.463: INFO: Wrong image for pod: daemon-set-6zdsv. Expected: k8s.gcr.io/e2e-test-images/agnhost:2.32, got: k8s.gcr.io/e2e-test-images/httpd:2.4.38-1.&#xA;Jul 24 14:01:03.466: INFO: DaemonSet pods can&#39;t tolerate node kubernetes-master with taints [{Key:node-role.kubernetes.io/master Value: Effect:NoSchedule TimeAdded:&lt;nil&gt;}], skip checking this node&#xA;Jul 24 14:01:04.462: INFO: Wrong image for pod: daemon-set-6zdsv. Expected: k8s.gcr.io/e2e-test-images/agnhost:2.32, got: k8s.gcr.io/e2e-test-images/httpd:2.4.38-1.&#xA;Jul 24 14:01:04.466: INFO: DaemonSet pods can&#39;t tolerate node kubernetes-master with taints [{Key:node-role.kubernetes.io/master Value: Effect:NoSchedule TimeAdded:&lt;nil&gt;}], skip checking this node&#xA;Jul 24 14:01:05.461: INFO: Wrong image for pod: daemon-set-6zdsv. Expected: k8s.gcr.io/e2e-test-images/agnhost:2.32, got: k8s.gcr.io/e2e-test-images/httpd:2.4.38-1.&#xA;Jul 24 14:01:05.465: INFO: DaemonSet pods can&#39;t tolerate node kubernetes-master with taints [{Key:node-role.kubernetes.io/master Value: Effect:NoSchedule TimeAdded:&lt;nil&gt;}], skip checking this node&#xA;Jul 24 14:01:06.582: INFO: Wrong image for pod: daemon-set-6zdsv. Expected: k8s.gcr.io/e2e-test-images/agnhost:2.32, got: k8s.gcr.io/e2e-test-images/httpd:2.4.38-1.&#xA;Jul 24 14:01:06.586: INFO: DaemonSet pods can&#39;t tolerate node kubernetes-master with taints [{Key:node-role.kubernetes.io/master Value: Effect:NoSchedule TimeAdded:&lt;nil&gt;}], skip checking this node&#xA;Jul 24 14:01:07.464: INFO: Wrong image for pod: daemon-set-6zdsv. Expected: k8s.gcr.io/e2e-test-images/agnhost:2.32, got: k8s.gcr.io/e2e-test-images/httpd:2.4.38-1.&#xA;Jul 24 14:01:07.466: INFO: DaemonSet pods can&#39;t tolerate node kubernetes-master with taints [{Key:node-role.kubernetes.io/master Value: Effect:NoSchedule TimeAdded:&lt;nil&gt;}], skip checking this node&#xA;Jul 24 14:01:08.461: INFO: Wrong image for pod: daemon-set-6zdsv. Expected: k8s.gcr.io/e2e-test-images/agnhost:2.32, got: k8s.gcr.io/e2e-test-images/httpd:2.4.38-1.&#xA;Jul 24 14:01:08.464: INFO: DaemonSet pods can&#39;t tolerate node kubernetes-master with taints [{Key:node-role.kubernetes.io/master Value: Effect:NoSchedule TimeAdded:&lt;nil&gt;}], skip checking this node&#xA;Jul 24 14:01:09.461: INFO: Wrong image for pod: daemon-set-6zdsv. Expected: k8s.gcr.io/e2e-test-images/agnhost:2.32, got: k8s.gcr.io/e2e-test-images/httpd:2.4.38-1.&#xA;Jul 24 14:01:09.464: INFO: DaemonSet pods can&#39;t tolerate node kubernetes-master with taints [{Key:node-role.kubernetes.io/master Value: Effect:NoSchedule TimeAdded:&lt;nil&gt;}], skip checking this node&#xA;Jul 24 14:01:10.460: INFO: Wrong image for pod: daemon-set-6zdsv. Expected: k8s.gcr.io/e2e-test-images/agnhost:2.32, got: k8s.gcr.io/e2e-test-images/httpd:2.4.38-1.&#xA;Jul 24 14:01:10.464: INFO: DaemonSet pods can&#39;t tolerate node kubernetes-master with taints [{Key:node-role.kubernetes.io/master Value: Effect:NoSchedule TimeAdded:&lt;nil&gt;}], skip checking this node&#xA;Jul 24 14:01:11.507: INFO: Wrong image for pod: daemon-set-6zdsv. Expected: k8s.gcr.io/e2e-test-images/agnhost:2.32, got: k8s.gcr.io/e2e-test-images/httpd:2.4.38-1.&#xA;Jul 24 14:01:11.513: INFO: DaemonSet pods can&#39;t tolerate node kubernetes-master with taints [{Key:node-role.kubernetes.io/master Value: Effect:NoSchedule TimeAdded:&lt;nil&gt;}], skip checking this node&#xA;Jul 24 14:01:12.461: INFO: Wrong image for pod: daemon-set-6zdsv. Expected: k8s.gcr.io/e2e-test-images/agnhost:2.32, got: k8s.gcr.io/e2e-test-images/httpd:2.4.38-1.&#xA;Jul 24 14:01:12.464: INFO: DaemonSet pods can&#39;t tolerate node kubernetes-master with taints [{Key:node-role.kubernetes.io/master Value: Effect:NoSchedule TimeAdded:&lt;nil&gt;}], skip checking this node&#xA;Jul 24 14:01:13.475: INFO: Wrong image for pod: daemon-set-6zdsv. Expected: k8s.gcr.io/e2e-test-images/agnhost:2.32, got: k8s.gcr.io/e2e-test-images/httpd:2.4.38-1.&#xA;Jul 24 14:01:13.478: INFO: DaemonSet pods can&#39;t tolerate node kubernetes-master with taints [{Key:node-role.kubernetes.io/master Value: Effect:NoSchedule TimeAdded:&lt;nil&gt;}], skip checking this node&#xA;Jul 24 14:01:14.460: INFO: Wrong image for pod: daemon-set-6zdsv. Expected: k8s.gcr.io/e2e-test-images/agnhost:2.32, got: k8s.gcr.io/e2e-test-images/httpd:2.4.38-1.&#xA;Jul 24 14:01:14.464: INFO: DaemonSet pods can&#39;t tolerate node kubernetes-master with taints [{Key:node-role.kubernetes.io/master Value: Effect:NoSchedule TimeAdded:&lt;nil&gt;}], skip checking this node&#xA;Jul 24 14:01:15.461: INFO: Wrong image for pod: daemon-set-6zdsv. Expected: k8s.gcr.io/e2e-test-images/agnhost:2.32, got: k8s.gcr.io/e2e-test-images/httpd:2.4.38-1.&#xA;Jul 24 14:01:15.465: INFO: DaemonSet pods can&#39;t tolerate node kubernetes-master with taints [{Key:node-role.kubernetes.io/master Value: Effect:NoSchedule TimeAdded:&lt;nil&gt;}], skip checking this node&#xA;Jul 24 14:01:16.462: INFO: Wrong image for pod: daemon-set-6zdsv. Expected: k8s.gcr.io/e2e-test-images/agnhost:2.32, got: k8s.gcr.io/e2e-test-images/httpd:2.4.38-1.&#xA;Jul 24 14:01:16.465: INFO: DaemonSet pods can&#39;t tolerate node kubernetes-master with taints [{Key:node-role.kubernetes.io/master Value: Effect:NoSchedule TimeAdded:&lt;nil&gt;}], skip checking this node&#xA;Jul 24 14:01:17.460: INFO: Wrong image for pod: daemon-set-6zdsv. Expected: k8s.gcr.io/e2e-test-images/agnhost:2.32, got: k8s.gcr.io/e2e-test-images/httpd:2.4.38-1.&#xA;Jul 24 14:01:17.463: INFO: DaemonSet pods can&#39;t tolerate node kubernetes-master with taints [{Key:node-role.kubernetes.io/master Value: Effect:NoSchedule TimeAdded:&lt;nil&gt;}], skip checking this node&#xA;Jul 24 14:01:18.461: INFO: Wrong image for pod: daemon-set-6zdsv. Expected: k8s.gcr.io/e2e-test-images/agnhost:2.32, got: k8s.gcr.io/e2e-test-images/httpd:2.4.38-1.&#xA;Jul 24 14:01:18.464: INFO: DaemonSet pods can&#39;t tolerate node kubernetes-master with taints [{Key:node-role.kubernetes.io/master Value: Effect:NoSchedule TimeAdded:&lt;nil&gt;}], skip checking this node&#xA;Jul 24 14:01:19.493: INFO: Wrong image for pod: daemon-set-6zdsv. Expected: k8s.gcr.io/e2e-test-images/agnhost:2.32, got: k8s.gcr.io/e2e-test-images/httpd:2.4.38-1.&#xA;Jul 24 14:01:19.496: INFO: DaemonSet pods can&#39;t tolerate node kubernetes-master with taints [{Key:node-role.kubernetes.io/master Value: Effect:NoSchedule TimeAdded:&lt;nil&gt;}], skip checking this node&#xA;Jul 24 14:01:20.460: INFO: Wrong image for pod: daemon-set-6zdsv. Expected: k8s.gcr.io/e2e-test-images/agnhost:2.32, got: k8s.gcr.io/e2e-test-images/httpd:2.4.38-1.&#xA;Jul 24 14:01:20.464: INFO: DaemonSet pods can&#39;t tolerate node kubernetes-master with taints [{Key:node-role.kubernetes.io/master Value: Effect:NoSchedule TimeAdded:&lt;nil&gt;}], skip checking this node&#xA;Jul 24 14:01:21.462: INFO: Wrong image for pod: daemon-set-6zdsv. Expected: k8s.gcr.io/e2e-test-images/agnhost:2.32, got: k8s.gcr.io/e2e-test-images/httpd:2.4.38-1.&#xA;Jul 24 14:01:21.465: INFO: DaemonSet pods can&#39;t tolerate node kubernetes-master with taints [{Key:node-role.kubernetes.io/master Value: Effect:NoSchedule TimeAdded:&lt;nil&gt;}], skip checking this node&#xA;Jul 24 14:01:22.460: INFO: Wrong image for pod: daemon-set-6zdsv. Expected: k8s.gcr.io/e2e-test-images/agnhost:2.32, got: k8s.gcr.io/e2e-test-images/httpd:2.4.38-1.&#xA;Jul 24 14:01:22.462: INFO: DaemonSet pods can&#39;t tolerate node kubernetes-master with taints [{Key:node-role.kubernetes.io/master Value: Effect:NoSchedule TimeAdded:&lt;nil&gt;}], skip checking this node&#xA;Jul 24 14:01:23.463: INFO: Wrong image for pod: daemon-set-6zdsv. Expected: k8s.gcr.io/e2e-test-images/agnhost:2.32, got: k8s.gcr.io/e2e-test-images/httpd:2.4.38-1.&#xA;Jul 24 14:01:23.466: INFO: DaemonSet pods can&#39;t tolerate node kubernetes-master with taints [{Key:node-role.kubernetes.io/master Value: Effect:NoSchedule TimeAdded:&lt;nil&gt;}], skip checking this node&#xA;Jul 24 14:01:24.461: INFO: Wrong image for pod: daemon-set-6zdsv. Expected: k8s.gcr.io/e2e-test-images/agnhost:2.32, got: k8s.gcr.io/e2e-test-images/httpd:2.4.38-1.&#xA;Jul 24 14:01:24.464: INFO: DaemonSet pods can&#39;t tolerate node kubernetes-master with taints [{Key:node-role.kubernetes.io/master Value: Effect:NoSchedule TimeAdded:&lt;nil&gt;}], skip checking this node&#xA;Jul 24 14:01:25.479: INFO: Wrong image for pod: daemon-set-6zdsv. Expected: k8s.gcr.io/e2e-test-images/agnhost:2.32, got: k8s.gcr.io/e2e-test-images/httpd:2.4.38-1.&#xA;Jul 24 14:01:25.663: INFO: DaemonSet pods can&#39;t tolerate node kubernetes-master with taints [{Key:node-role.kubernetes.io/master Value: Effect:NoSchedule TimeAdded:&lt;nil&gt;}], skip checking this node&#xA;Jul 24 14:01:26.552: INFO: Wrong image for pod: daemon-set-6zdsv. Expected: k8s.gcr.io/e2e-test-images/agnhost:2.32, got: k8s.gcr.io/e2e-test-images/httpd:2.4.38-1.&#xA;Jul 24 14:01:26.599: INFO: DaemonSet pods can&#39;t tolerate node kubernetes-master with taints [{Key:node-role.kubernetes.io/master Value: Effect:NoSchedule TimeAdded:&lt;nil&gt;}], skip checking this node&#xA;Jul 24 14:01:27.476: INFO: Wrong image for pod: daemon-set-6zdsv. Expected: k8s.gcr.io/e2e-test-images/agnhost:2.32, got: k8s.gcr.io/e2e-test-images/httpd:2.4.38-1.&#xA;Jul 24 14:01:27.501: INFO: DaemonSet pods can&#39;t tolerate node kubernetes-master with taints [{Key:node-role.kubernetes.io/master Value: Effect:NoSchedule TimeAdded:&lt;nil&gt;}], skip checking this node&#xA;Jul 24 14:01:28.460: INFO: Wrong image for pod: daemon-set-6zdsv. Expected: k8s.gcr.io/e2e-test-images/agnhost:2.32, got: k8s.gcr.io/e2e-test-images/httpd:2.4.38-1.&#xA;Jul 24 14:01:28.463: INFO: DaemonSet pods can&#39;t tolerate node kubernetes-master with taints [{Key:node-role.kubernetes.io/master Value: Effect:NoSchedule TimeAdded:&lt;nil&gt;}], skip checking this node&#xA;Jul 24 14:01:29.479: INFO: Wrong image for pod: daemon-set-6zdsv. Expected: k8s.gcr.io/e2e-test-images/agnhost:2.32, got: k8s.gcr.io/e2e-test-images/httpd:2.4.38-1.&#xA;Jul 24 14:01:29.482: INFO: DaemonSet pods can&#39;t tolerate node kubernetes-master with taints [{Key:node-role.kubernetes.io/master Value: Effect:NoSchedule TimeAdded:&lt;nil&gt;}], skip checking this node&#xA;Jul 24 14:01:30.461: INFO: Wrong image for pod: daemon-set-6zdsv. Expected: k8s.gcr.io/e2e-test-images/agnhost:2.32, got: k8s.gcr.io/e2e-test-images/httpd:2.4.38-1.&#xA;Jul 24 14:01:30.464: INFO: DaemonSet pods can&#39;t tolerate node kubernetes-master with taints [{Key:node-role.kubernetes.io/master Value: Effect:NoSchedule TimeAdded:&lt;nil&gt;}], skip checking this node&#xA;Jul 24 14:01:31.460: INFO: Wrong image for pod: daemon-set-6zdsv. Expected: k8s.gcr.io/e2e-test-images/agnhost:2.32, got: k8s.gcr.io/e2e-test-images/httpd:2.4.38-1.&#xA;Jul 24 14:01:31.463: INFO: DaemonSet pods can&#39;t tolerate node kubernetes-master with taints [{Key:node-role.kubernetes.io/master Value: Effect:NoSchedule TimeAdded:&lt;nil&gt;}], skip checking this node&#xA;Jul 24 14:01:32.460: INFO: Wrong image for pod: daemon-set-6zdsv. Expected: k8s.gcr.io/e2e-test-images/agnhost:2.32, got: k8s.gcr.io/e2e-test-images/httpd:2.4.38-1.&#xA;Jul 24 14:01:32.463: INFO: DaemonSet pods can&#39;t tolerate node kubernetes-master with taints [{Key:node-role.kubernetes.io/master Value: Effect:NoSchedule TimeAdded:&lt;nil&gt;}], skip checking this node&#xA;Jul 24 14:01:33.463: INFO: Wrong image for pod: daemon-set-6zdsv. Expected: k8s.gcr.io/e2e-test-images/agnhost:2.32, got: k8s.gcr.io/e2e-test-images/httpd:2.4.38-1.&#xA;Jul 24 14:01:33.466: INFO: DaemonSet pods can&#39;t tolerate node kubernetes-master with taints [{Key:node-role.kubernetes.io/master Value: Effect:NoSchedule TimeAdded:&lt;nil&gt;}], skip checking this node&#xA;Jul 24 14:01:34.460: INFO: Wrong image for pod: daemon-set-6zdsv. Expected: k8s.gcr.io/e2e-test-images/agnhost:2.32, got: k8s.gcr.io/e2e-test-images/httpd:2.4.38-1.&#xA;Jul 24 14:01:34.464: INFO: DaemonSet pods can&#39;t tolerate node kubernetes-master with taints [{Key:node-role.kubernetes.io/master Value: Effect:NoSchedule TimeAdded:&lt;nil&gt;}], skip checking this node&#xA;Jul 24 14:01:35.462: INFO: Wrong image for pod: daemon-set-6zdsv. Expected: k8s.gcr.io/e2e-test-images/agnhost:2.32, got: k8s.gcr.io/e2e-test-images/httpd:2.4.38-1.&#xA;Jul 24 14:01:35.465: INFO: DaemonSet pods can&#39;t tolerate node kubernetes-master with taints [{Key:node-role.kubernetes.io/master Value: Effect:NoSchedule TimeAdded:&lt;nil&gt;}], skip checking this node&#xA;Jul 24 14:01:36.461: INFO: Wrong image for pod: daemon-set-6zdsv. Expected: k8s.gcr.io/e2e-test-images/agnhost:2.32, got: k8s.gcr.io/e2e-test-images/httpd:2.4.38-1.&#xA;Jul 24 14:01:36.464: INFO: DaemonSet pods can&#39;t tolerate node kubernetes-master with taints [{Key:node-role.kubernetes.io/master Value: Effect:NoSchedule TimeAdded:&lt;nil&gt;}], skip checking this node&#xA;Jul 24 14:01:37.460: INFO: Wrong image for pod: daemon-set-6zdsv. Expected: k8s.gcr.io/e2e-test-images/agnhost:2.32, got: k8s.gcr.io/e2e-test-images/httpd:2.4.38-1.&#xA;Jul 24 14:01:37.462: INFO: DaemonSet pods can&#39;t tolerate node kubernetes-master with taints [{Key:node-role.kubernetes.io/master Value: Effect:NoSchedule TimeAdded:&lt;nil&gt;}], skip checking this node&#xA;Jul 24 14:01:38.540: INFO: Wrong image for pod: daemon-set-6zdsv. Expected: k8s.gcr.io/e2e-test-images/agnhost:2.32, got: k8s.gcr.io/e2e-test-images/httpd:2.4.38-1.&#xA;Jul 24 14:01:38.543: INFO: DaemonSet pods can&#39;t tolerate node kubernetes-master with taints [{Key:node-role.kubernetes.io/master Value: Effect:NoSchedule TimeAdded:&lt;nil&gt;}], skip checking this node&#xA;Jul 24 14:01:39.465: INFO: Wrong image for pod: daemon-set-6zdsv. Expected: k8s.gcr.io/e2e-test-images/agnhost:2.32, got: k8s.gcr.io/e2e-test-images/httpd:2.4.38-1.&#xA;Jul 24 14:01:39.469: INFO: DaemonSet pods can&#39;t tolerate node kubernetes-master with taints [{Key:node-role.kubernetes.io/master Value: Effect:NoSchedule TimeAdded:&lt;nil&gt;}], skip checking this node&#xA;Jul 24 14:01:40.500: INFO: Wrong image for pod: daemon-set-6zdsv. Expected: k8s.gcr.io/e2e-test-images/agnhost:2.32, got: k8s.gcr.io/e2e-test-images/httpd:2.4.38-1.&#xA;Jul 24 14:01:40.504: INFO: DaemonSet pods can&#39;t tolerate node kubernetes-master with taints [{Key:node-role.kubernetes.io/master Value: Effect:NoSchedule TimeAdded:&lt;nil&gt;}], skip checking this node&#xA;Jul 24 14:01:41.461: INFO: Wrong image for pod: daemon-set-6zdsv. Expected: k8s.gcr.io/e2e-test-images/agnhost:2.32, got: k8s.gcr.io/e2e-test-images/httpd:2.4.38-1.&#xA;Jul 24 14:01:41.464: INFO: DaemonSet pods can&#39;t tolerate node kubernetes-master with taints [{Key:node-role.kubernetes.io/master Value: Effect:NoSchedule TimeAdded:&lt;nil&gt;}], skip checking this node&#xA;Jul 24 14:01:42.460: INFO: Wrong image for pod: daemon-set-6zdsv. Expected: k8s.gcr.io/e2e-test-images/agnhost:2.32, got: k8s.gcr.io/e2e-test-images/httpd:2.4.38-1.&#xA;Jul 24 14:01:42.462: INFO: DaemonSet pods can&#39;t tolerate node kubernetes-master with taints [{Key:node-role.kubernetes.io/master Value: Effect:NoSchedule TimeAdded:&lt;nil&gt;}], skip checking this node&#xA;Jul 24 14:01:43.473: INFO: Wrong image for pod: daemon-set-6zdsv. Expected: k8s.gcr.io/e2e-test-images/agnhost:2.32, got: k8s.gcr.io/e2e-test-images/httpd:2.4.38-1.&#xA;Jul 24 14:01:43.476: INFO: DaemonSet pods can&#39;t tolerate node kubernetes-master with taints [{Key:node-role.kubernetes.io/master Value: Effect:NoSchedule TimeAdded:&lt;nil&gt;}], skip checking this node&#xA;Jul 24 14:01:44.492: INFO: Wrong image for pod: daemon-set-6zdsv. Expected: k8s.gcr.io/e2e-test-images/agnhost:2.32, got: k8s.gcr.io/e2e-test-images/httpd:2.4.38-1.&#xA;Jul 24 14:01:44.495: INFO: DaemonSet pods can&#39;t tolerate node kubernetes-master with taints [{Key:node-role.kubernetes.io/master Value: Effect:NoSchedule TimeAdded:&lt;nil&gt;}], skip checking this node&#xA;Jul 24 14:01:45.461: INFO: Wrong image for pod: daemon-set-6zdsv. Expected: k8s.gcr.io/e2e-test-images/agnhost:2.32, got: k8s.gcr.io/e2e-test-images/httpd:2.4.38-1.&#xA;Jul 24 14:01:45.465: INFO: DaemonSet pods can&#39;t tolerate node kubernetes-master with taints [{Key:node-role.kubernetes.io/master Value: Effect:NoSchedule TimeAdded:&lt;nil&gt;}], skip checking this node&#xA;Jul 24 14:01:46.460: INFO: Wrong image for pod: daemon-set-6zdsv. Expected: k8s.gcr.io/e2e-test-images/agnhost:2.32, got: k8s.gcr.io/e2e-test-images/httpd:2.4.38-1.&#xA;Jul 24 14:01:46.464: INFO: DaemonSet pods can&#39;t tolerate node kubernetes-master with taints [{Key:node-role.kubernetes.io/master Value: Effect:NoSchedule TimeAdded:&lt;nil&gt;}], skip checking this node&#xA;Jul 24 14:01:47.459: INFO: Wrong image for pod: daemon-set-6zdsv. Expected: k8s.gcr.io/e2e-test-images/agnhost:2.32, got: k8s.gcr.io/e2e-test-images/httpd:2.4.38-1.&#xA;Jul 24 14:01:47.461: INFO: DaemonSet pods can&#39;t tolerate node kubernetes-master with taints [{Key:node-role.kubernetes.io/master Value: Effect:NoSchedule TimeAdded:&lt;nil&gt;}], skip checking this node&#xA;Jul 24 14:01:48.501: INFO: Wrong image for pod: daemon-set-6zdsv. Expected: k8s.gcr.io/e2e-test-images/agnhost:2.32, got: k8s.gcr.io/e2e-test-images/httpd:2.4.38-1.&#xA;Jul 24 14:01:48.504: INFO: DaemonSet pods can&#39;t tolerate node kubernetes-master with taints [{Key:node-role.kubernetes.io/master Value: Effect:NoSchedule TimeAdded:&lt;nil&gt;}], skip checking this node&#xA;Jul 24 14:01:49.462: INFO: Wrong image for pod: daemon-set-6zdsv. Expected: k8s.gcr.io/e2e-test-images/agnhost:2.32, got: k8s.gcr.io/e2e-test-images/httpd:2.4.38-1.&#xA;Jul 24 14:01:49.465: INFO: DaemonSet pods can&#39;t tolerate node kubernetes-master with taints [{Key:node-role.kubernetes.io/master Value: Effect:NoSchedule TimeAdded:&lt;nil&gt;}], skip checking this node&#xA;Jul 24 14:01:50.461: INFO: Wrong image for pod: daemon-set-6zdsv. Expected: k8s.gcr.io/e2e-test-images/agnhost:2.32, got: k8s.gcr.io/e2e-test-images/httpd:2.4.38-1.&#xA;Jul 24 14:01:50.475: INFO: DaemonSet pods can&#39;t tolerate node kubernetes-master with taints [{Key:node-role.kubernetes.io/master Value: Effect:NoSchedule TimeAdded:&lt;nil&gt;}], skip checking this node&#xA;Jul 24 14:01:51.462: INFO: Wrong image for pod: daemon-set-6zdsv. Expected: k8s.gcr.io/e2e-test-images/agnhost:2.32, got: k8s.gcr.io/e2e-test-images/httpd:2.4.38-1.&#xA;Jul 24 14:01:51.466: INFO: DaemonSet pods can&#39;t tolerate node kubernetes-master with taints [{Key:node-role.kubernetes.io/master Value: Effect:NoSchedule TimeAdded:&lt;nil&gt;}], skip checking this node&#xA;Jul 24 14:01:52.459: INFO: Wrong image for pod: daemon-set-6zdsv. Expected: k8s.gcr.io/e2e-test-images/agnhost:2.32, got: k8s.gcr.io/e2e-test-images/httpd:2.4.38-1.&#xA;Jul 24 14:01:52.462: INFO: DaemonSet pods can&#39;t tolerate node kubernetes-master with taints [{Key:node-role.kubernetes.io/master Value: Effect:NoSchedule TimeAdded:&lt;nil&gt;}], skip checking this node&#xA;Jul 24 14:01:53.460: INFO: Wrong image for pod: daemon-set-6zdsv. Expected: k8s.gcr.io/e2e-test-images/agnhost:2.32, got: k8s.gcr.io/e2e-test-images/httpd:2.4.38-1.&#xA;Jul 24 14:01:53.463: INFO: DaemonSet pods can&#39;t tolerate node kubernetes-master with taints [{Key:node-role.kubernetes.io/master Value: Effect:NoSchedule TimeAdded:&lt;nil&gt;}], skip checking this node&#xA;Jul 24 14:01:54.462: INFO: Wrong image for pod: daemon-set-6zdsv. Expected: k8s.gcr.io/e2e-test-images/agnhost:2.32, got: k8s.gcr.io/e2e-test-images/httpd:2.4.38-1.&#xA;Jul 24 14:01:54.465: INFO: DaemonSet pods can&#39;t tolerate node kubernetes-master with taints [{Key:node-role.kubernetes.io/master Value: Effect:NoSchedule TimeAdded:&lt;nil&gt;}], skip checking this node&#xA;Jul 24 14:01:55.461: INFO: Wrong image for pod: daemon-set-6zdsv. Expected: k8s.gcr.io/e2e-test-images/agnhost:2.32, got: k8s.gcr.io/e2e-test-images/httpd:2.4.38-1.&#xA;Jul 24 14:01:55.465: INFO: DaemonSet pods can&#39;t tolerate node kubernetes-master with taints [{Key:node-role.kubernetes.io/master Value: Effect:NoSchedule TimeAdded:&lt;nil&gt;}], skip checking this node&#xA;Jul 24 14:01:56.460: INFO: Wrong image for pod: daemon-set-6zdsv. Expected: k8s.gcr.io/e2e-test-images/agnhost:2.32, got: k8s.gcr.io/e2e-test-images/httpd:2.4.38-1.&#xA;Jul 24 14:01:56.464: INFO: DaemonSet pods can&#39;t tolerate node kubernetes-master with taints [{Key:node-role.kubernetes.io/master Value: Effect:NoSchedule TimeAdded:&lt;nil&gt;}], skip checking this node&#xA;Jul 24 14:01:57.459: INFO: Wrong image for pod: daemon-set-6zdsv. Expected: k8s.gcr.io/e2e-test-images/agnhost:2.32, got: k8s.gcr.io/e2e-test-images/httpd:2.4.38-1.&#xA;Jul 24 14:01:57.461: INFO: DaemonSet pods can&#39;t tolerate node kubernetes-master with taints [{Key:node-role.kubernetes.io/master Value: Effect:NoSchedule TimeAdded:&lt;nil&gt;}], skip checking this node&#xA;Jul 24 14:01:58.496: INFO: Wrong image for pod: daemon-set-6zdsv. Expected: k8s.gcr.io/e2e-test-images/agnhost:2.32, got: k8s.gcr.io/e2e-test-images/httpd:2.4.38-1.&#xA;Jul 24 14:01:58.500: INFO: DaemonSet pods can&#39;t tolerate node kubernetes-master with taints [{Key:node-role.kubernetes.io/master Value: Effect:NoSchedule TimeAdded:&lt;nil&gt;}], skip checking this node&#xA;Jul 24 14:01:59.513: INFO: Wrong image for pod: daemon-set-6zdsv. Expected: k8s.gcr.io/e2e-test-images/agnhost:2.32, got: k8s.gcr.io/e2e-test-images/httpd:2.4.38-1.&#xA;Jul 24 14:01:59.516: INFO: DaemonSet pods can&#39;t tolerate node kubernetes-master with taints [{Key:node-role.kubernetes.io/master Value: Effect:NoSchedule TimeAdded:&lt;nil&gt;}], skip checking this node&#xA;Jul 24 14:02:00.497: INFO: Wrong image for pod: daemon-set-6zdsv. Expected: k8s.gcr.io/e2e-test-images/agnhost:2.32, got: k8s.gcr.io/e2e-test-images/httpd:2.4.38-1.&#xA;Jul 24 14:02:00.501: INFO: DaemonSet pods can&#39;t tolerate node kubernetes-master with taints [{Key:node-role.kubernetes.io/master Value: Effect:NoSchedule TimeAdded:&lt;nil&gt;}], skip checking this node&#xA;Jul 24 14:02:01.460: INFO: Wrong image for pod: daemon-set-6zdsv. Expected: k8s.gcr.io/e2e-test-images/agnhost:2.32, got: k8s.gcr.io/e2e-test-images/httpd:2.4.38-1.&#xA;Jul 24 14:02:01.463: INFO: DaemonSet pods can&#39;t tolerate node kubernetes-master with taints [{Key:node-role.kubernetes.io/master Value: Effect:NoSchedule TimeAdded:&lt;nil&gt;}], skip checking this node&#xA;Jul 24 14:02:02.460: INFO: Wrong image for pod: daemon-set-6zdsv. Expected: k8s.gcr.io/e2e-test-images/agnhost:2.32, got: k8s.gcr.io/e2e-test-images/httpd:2.4.38-1.&#xA;Jul 24 14:02:02.463: INFO: DaemonSet pods can&#39;t tolerate node kubernetes-master with taints [{Key:node-role.kubernetes.io/master Value: Effect:NoSchedule TimeAdded:&lt;nil&gt;}], skip checking this node&#xA;Jul 24 14:02:03.473: INFO: Wrong image for pod: daemon-set-6zdsv. Expected: k8s.gcr.io/e2e-test-images/agnhost:2.32, got: k8s.gcr.io/e2e-test-images/httpd:2.4.38-1.&#xA;Jul 24 14:02:03.477: INFO: DaemonSet pods can&#39;t tolerate node kubernetes-master with taints [{Key:node-role.kubernetes.io/master Value: Effect:NoSchedule TimeAdded:&lt;nil&gt;}], skip checking this node&#xA;Jul 24 14:02:04.473: INFO: Wrong image for pod: daemon-set-6zdsv. Expected: k8s.gcr.io/e2e-test-images/agnhost:2.32, got: k8s.gcr.io/e2e-test-images/httpd:2.4.38-1.&#xA;Jul 24 14:02:04.477: INFO: DaemonSet pods can&#39;t tolerate node kubernetes-master with taints [{Key:node-role.kubernetes.io/master Value: Effect:NoSchedule TimeAdded:&lt;nil&gt;}], skip checking this node&#xA;Jul 24 14:02:05.461: INFO: Wrong image for pod: daemon-set-6zdsv. Expected: k8s.gcr.io/e2e-test-images/agnhost:2.32, got: k8s.gcr.io/e2e-test-images/httpd:2.4.38-1.&#xA;Jul 24 14:02:05.464: INFO: DaemonSet pods can&#39;t tolerate node kubernetes-master with taints [{Key:node-role.kubernetes.io/master Value: Effect:NoSchedule TimeAdded:&lt;nil&gt;}], skip checking this node&#xA;Jul 24 14:02:06.461: INFO: Wrong image for pod: daemon-set-6zdsv. Expected: k8s.gcr.io/e2e-test-images/agnhost:2.32, got: k8s.gcr.io/e2e-test-images/httpd:2.4.38-1.&#xA;Jul 24 14:02:06.465: INFO: DaemonSet pods can&#39;t tolerate node kubernetes-master with taints [{Key:node-role.kubernetes.io/master Value: Effect:NoSchedule TimeAdded:&lt;nil&gt;}], skip checking this node&#xA;Jul 24 14:02:07.460: INFO: Wrong image for pod: daemon-set-6zdsv. Expected: k8s.gcr.io/e2e-test-images/agnhost:2.32, got: k8s.gcr.io/e2e-test-images/httpd:2.4.38-1.&#xA;Jul 24 14:02:07.462: INFO: DaemonSet pods can&#39;t tolerate node kubernetes-master with taints [{Key:node-role.kubernetes.io/master Value: Effect:NoSchedule TimeAdded:&lt;nil&gt;}], skip checking this node&#xA;Jul 24 14:02:08.466: INFO: Wrong image for pod: daemon-set-6zdsv. Expected: k8s.gcr.io/e2e-test-images/agnhost:2.32, got: k8s.gcr.io/e2e-test-images/httpd:2.4.38-1.&#xA;Jul 24 14:02:08.481: INFO: DaemonSet pods can&#39;t tolerate node kubernetes-master with taints [{Key:node-role.kubernetes.io/master Value: Effect:NoSchedule TimeAdded:&lt;nil&gt;}], skip checking this node&#xA;Jul 24 14:02:09.508: INFO: Wrong image for pod: daemon-set-6zdsv. Expected: k8s.gcr.io/e2e-test-images/agnhost:2.32, got: k8s.gcr.io/e2e-test-images/httpd:2.4.38-1.&#xA;Jul 24 14:02:09.514: INFO: DaemonSet pods can&#39;t tolerate node kubernetes-master with taints [{Key:node-role.kubernetes.io/master Value: Effect:NoSchedule TimeAdded:&lt;nil&gt;}], skip checking this node&#xA;Jul 24 14:02:10.776: INFO: Wrong image for pod: daemon-set-6zdsv. Expected: k8s.gcr.io/e2e-test-images/agnhost:2.32, got: k8s.gcr.io/e2e-test-images/httpd:2.4.38-1.&#xA;Jul 24 14:02:11.142: INFO: DaemonSet pods can&#39;t tolerate node kubernetes-master with taints [{Key:node-role.kubernetes.io/master Value: Effect:NoSchedule TimeAdded:&lt;nil&gt;}], skip checking this node&#xA;Jul 24 14:02:11.583: INFO: Wrong image for pod: daemon-set-6zdsv. Expected: k8s.gcr.io/e2e-test-images/agnhost:2.32, got: k8s.gcr.io/e2e-test-images/httpd:2.4.38-1.&#xA;Jul 24 14:02:11.619: INFO: DaemonSet pods can&#39;t tolerate node kubernetes-master with taints [{Key:node-role.kubernetes.io/master Value: Effect:NoSchedule TimeAdded:&lt;nil&gt;}], skip checking this node&#xA;Jul 24 14:02:12.560: INFO: Wrong image for pod: daemon-set-6zdsv. Expected: k8s.gcr.io/e2e-test-images/agnhost:2.32, got: k8s.gcr.io/e2e-test-images/httpd:2.4.38-1.&#xA;Jul 24 14:02:12.604: INFO: DaemonSet pods can&#39;t tolerate node kubernetes-master with taints [{Key:node-role.kubernetes.io/master Value: Effect:NoSchedule TimeAdded:&lt;nil&gt;}], skip checking this node&#xA;Jul 24 14:02:13.635: INFO: Wrong image for pod: daemon-set-6zdsv. Expected: k8s.gcr.io/e2e-test-images/agnhost:2.32, got: k8s.gcr.io/e2e-test-images/httpd:2.4.38-1.&#xA;Jul 24 14:02:13.661: INFO: DaemonSet pods can&#39;t tolerate node kubernetes-master with taints [{Key:node-role.kubernetes.io/master Value: Effect:NoSchedule TimeAdded:&lt;nil&gt;}], skip checking this node&#xA;Jul 24 14:02:14.462: INFO: Wrong image for pod: daemon-set-6zdsv. Expected: k8s.gcr.io/e2e-test-images/agnhost:2.32, got: k8s.gcr.io/e2e-test-images/httpd:2.4.38-1.&#xA;Jul 24 14:02:14.465: INFO: DaemonSet pods can&#39;t tolerate node kubernetes-master with taints [{Key:node-role.kubernetes.io/master Value: Effect:NoSchedule TimeAdded:&lt;nil&gt;}], skip checking this node&#xA;Jul 24 14:02:15.460: INFO: Wrong image for pod: daemon-set-6zdsv. Expected: k8s.gcr.io/e2e-test-images/agnhost:2.32, got: k8s.gcr.io/e2e-test-images/httpd:2.4.38-1.&#xA;Jul 24 14:02:15.463: INFO: DaemonSet pods can&#39;t tolerate node kubernetes-master with taints [{Key:node-role.kubernetes.io/master Value: Effect:NoSchedule TimeAdded:&lt;nil&gt;}], skip checking this node&#xA;Jul 24 14:02:16.462: INFO: Wrong image for pod: daemon-set-6zdsv. Expected: k8s.gcr.io/e2e-test-images/agnhost:2.32, got: k8s.gcr.io/e2e-test-images/httpd:2.4.38-1.&#xA;Jul 24 14:02:16.465: INFO: DaemonSet pods can&#39;t tolerate node kubernetes-master with taints [{Key:node-role.kubernetes.io/master Value: Effect:NoSchedule TimeAdded:&lt;nil&gt;}], skip checking this node&#xA;Jul 24 14:02:17.461: INFO: Wrong image for pod: daemon-set-6zdsv. Expected: k8s.gcr.io/e2e-test-images/agnhost:2.32, got: k8s.gcr.io/e2e-test-images/httpd:2.4.38-1.&#xA;Jul 24 14:02:17.464: INFO: DaemonSet pods can&#39;t tolerate node kubernetes-master with taints [{Key:node-role.kubernetes.io/master Value: Effect:NoSchedule TimeAdded:&lt;nil&gt;}], skip checking this node&#xA;Jul 24 14:02:18.460: INFO: Wrong image for pod: daemon-set-6zdsv. Expected: k8s.gcr.io/e2e-test-images/agnhost:2.32, got: k8s.gcr.io/e2e-test-images/httpd:2.4.38-1.&#xA;Jul 24 14:02:18.464: INFO: DaemonSet pods can&#39;t tolerate node kubernetes-master with taints [{Key:node-role.kubernetes.io/master Value: Effect:NoSchedule TimeAdded:&lt;nil&gt;}], skip checking this node&#xA;Jul 24 14:02:19.494: INFO: Wrong image for pod: daemon-set-6zdsv. Expected: k8s.gcr.io/e2e-test-images/agnhost:2.32, got: k8s.gcr.io/e2e-test-images/httpd:2.4.38-1.&#xA;Jul 24 14:02:19.497: INFO: DaemonSet pods can&#39;t tolerate node kubernetes-master with taints [{Key:node-role.kubernetes.io/master Value: Effect:NoSchedule TimeAdded:&lt;nil&gt;}], skip checking this node&#xA;Jul 24 14:02:20.461: INFO: Wrong image for pod: daemon-set-6zdsv. Expected: k8s.gcr.io/e2e-test-images/agnhost:2.32, got: k8s.gcr.io/e2e-test-images/httpd:2.4.38-1.&#xA;Jul 24 14:02:20.464: INFO: DaemonSet pods can&#39;t tolerate node kubernetes-master with taints [{Key:node-role.kubernetes.io/master Value: Effect:NoSchedule TimeAdded:&lt;nil&gt;}], skip checking this node&#xA;Jul 24 14:02:21.460: INFO: Wrong image for pod: daemon-set-6zdsv. Expected: k8s.gcr.io/e2e-test-images/agnhost:2.32, got: k8s.gcr.io/e2e-test-images/httpd:2.4.38-1.&#xA;Jul 24 14:02:21.463: INFO: DaemonSet pods can&#39;t tolerate node kubernetes-master with taints [{Key:node-role.kubernetes.io/master Value: Effect:NoSchedule TimeAdded:&lt;nil&gt;}], skip checking this node&#xA;Jul 24 14:02:22.459: INFO: Wrong image for pod: daemon-set-6zdsv. Expected: k8s.gcr.io/e2e-test-images/agnhost:2.32, got: k8s.gcr.io/e2e-test-images/httpd:2.4.38-1.&#xA;Jul 24 14:02:22.461: INFO: DaemonSet pods can&#39;t tolerate node kubernetes-master with taints [{Key:node-role.kubernetes.io/master Value: Effect:NoSchedule TimeAdded:&lt;nil&gt;}], skip checking this node&#xA;Jul 24 14:02:23.462: INFO: Wrong image for pod: daemon-set-6zdsv. Expected: k8s.gcr.io/e2e-test-images/agnhost:2.32, got: k8s.gcr.io/e2e-test-images/httpd:2.4.38-1.&#xA;Jul 24 14:02:23.465: INFO: DaemonSet pods can&#39;t tolerate node kubernetes-master with taints [{Key:node-role.kubernetes.io/master Value: Effect:NoSchedule TimeAdded:&lt;nil&gt;}], skip checking this node&#xA;Jul 24 14:02:24.471: INFO: Wrong image for pod: daemon-set-6zdsv. Expected: k8s.gcr.io/e2e-test-images/agnhost:2.32, got: k8s.gcr.io/e2e-test-images/httpd:2.4.38-1.&#xA;Jul 24 14:02:24.474: INFO: DaemonSet pods can&#39;t tolerate node kubernetes-master with taints [{Key:node-role.kubernetes.io/master Value: Effect:NoSchedule TimeAdded:&lt;nil&gt;}], skip checking this node&#xA;Jul 24 14:02:25.459: INFO: Wrong image for pod: daemon-set-6zdsv. Expected: k8s.gcr.io/e2e-test-images/agnhost:2.32, got: k8s.gcr.io/e2e-test-images/httpd:2.4.38-1.&#xA;Jul 24 14:02:25.532: INFO: DaemonSet pods can&#39;t tolerate node kubernetes-master with taints [{Key:node-role.kubernetes.io/master Value: Effect:NoSchedule TimeAdded:&lt;nil&gt;}], skip checking this node&#xA;Jul 24 14:02:26.462: INFO: Wrong image for pod: daemon-set-6zdsv. Expected: k8s.gcr.io/e2e-test-images/agnhost:2.32, got: k8s.gcr.io/e2e-test-images/httpd:2.4.38-1.&#xA;Jul 24 14:02:26.465: INFO: DaemonSet pods can&#39;t tolerate node kubernetes-master with taints [{Key:node-role.kubernetes.io/master Value: Effect:NoSchedule TimeAdded:&lt;nil&gt;}], skip checking this node&#xA;Jul 24 14:02:27.461: INFO: Wrong image for pod: daemon-set-6zdsv. Expected: k8s.gcr.io/e2e-test-images/agnhost:2.32, got: k8s.gcr.io/e2e-test-images/httpd:2.4.38-1.&#xA;Jul 24 14:02:27.465: INFO: DaemonSet pods can&#39;t tolerate node kubernetes-master with taints [{Key:node-role.kubernetes.io/master Value: Effect:NoSchedule TimeAdded:&lt;nil&gt;}], skip checking this node&#xA;Jul 24 14:02:28.463: INFO: Wrong image for pod: daemon-set-6zdsv. Expected: k8s.gcr.io/e2e-test-images/agnhost:2.32, got: k8s.gcr.io/e2e-test-images/httpd:2.4.38-1.&#xA;Jul 24 14:02:28.466: INFO: DaemonSet pods can&#39;t tolerate node kubernetes-master with taints [{Key:node-role.kubernetes.io/master Value: Effect:NoSchedule TimeAdded:&lt;nil&gt;}], skip checking this node&#xA;Jul 24 14:02:29.462: INFO: Wrong image for pod: daemon-set-6zdsv. Expected: k8s.gcr.io/e2e-test-images/agnhost:2.32, got: k8s.gcr.io/e2e-test-images/httpd:2.4.38-1.&#xA;Jul 24 14:02:29.465: INFO: DaemonSet pods can&#39;t tolerate node kubernetes-master with taints [{Key:node-role.kubernetes.io/master Value: Effect:NoSchedule TimeAdded:&lt;nil&gt;}], skip checking this node&#xA;Jul 24 14:02:30.497: INFO: Wrong image for pod: daemon-set-6zdsv. Expected: k8s.gcr.io/e2e-test-images/agnhost:2.32, got: k8s.gcr.io/e2e-test-images/httpd:2.4.38-1.&#xA;Jul 24 14:02:30.501: INFO: DaemonSet pods can&#39;t tolerate node kubernetes-master with taints [{Key:node-role.kubernetes.io/master Value: Effect:NoSchedule TimeAdded:&lt;nil&gt;}], skip checking this node&#xA;Jul 24 14:02:31.461: INFO: Wrong image for pod: daemon-set-6zdsv. Expected: k8s.gcr.io/e2e-test-images/agnhost:2.32, got: k8s.gcr.io/e2e-test-images/httpd:2.4.38-1.&#xA;Jul 24 14:02:31.464: INFO: DaemonSet pods can&#39;t tolerate node kubernetes-master with taints [{Key:node-role.kubernetes.io/master Value: Effect:NoSchedule TimeAdded:&lt;nil&gt;}], skip checking this node&#xA;Jul 24 14:02:32.460: INFO: Wrong image for pod: daemon-set-6zdsv. Expected: k8s.gcr.io/e2e-test-images/agnhost:2.32, got: k8s.gcr.io/e2e-test-images/httpd:2.4.38-1.&#xA;Jul 24 14:02:32.463: INFO: DaemonSet pods can&#39;t tolerate node kubernetes-master with taints [{Key:node-role.kubernetes.io/master Value: Effect:NoSchedule TimeAdded:&lt;nil&gt;}], skip checking this node&#xA;Jul 24 14:02:33.461: INFO: Wrong image for pod: daemon-set-6zdsv. Expected: k8s.gcr.io/e2e-test-images/agnhost:2.32, got: k8s.gcr.io/e2e-test-images/httpd:2.4.38-1.&#xA;Jul 24 14:02:33.465: INFO: DaemonSet pods can&#39;t tolerate node kubernetes-master with taints [{Key:node-role.kubernetes.io/master Value: Effect:NoSchedule TimeAdded:&lt;nil&gt;}], skip checking this node&#xA;Jul 24 14:02:34.507: INFO: Wrong image for pod: daemon-set-6zdsv. Expected: k8s.gcr.io/e2e-test-images/agnhost:2.32, got: k8s.gcr.io/e2e-test-images/httpd:2.4.38-1.&#xA;Jul 24 14:02:34.511: INFO: DaemonSet pods can&#39;t tolerate node kubernetes-master with taints [{Key:node-role.kubernetes.io/master Value: Effect:NoSchedule TimeAdded:&lt;nil&gt;}], skip checking this node&#xA;Jul 24 14:02:35.466: INFO: Wrong image for pod: daemon-set-6zdsv. Expected: k8s.gcr.io/e2e-test-images/agnhost:2.32, got: k8s.gcr.io/e2e-test-images/httpd:2.4.38-1.&#xA;Jul 24 14:02:35.469: INFO: DaemonSet pods can&#39;t tolerate node kubernetes-master with taints [{Key:node-role.kubernetes.io/master Value: Effect:NoSchedule TimeAdded:&lt;nil&gt;}], skip checking this node&#xA;Jul 24 14:02:36.463: INFO: Wrong image for pod: daemon-set-6zdsv. Expected: k8s.gcr.io/e2e-test-images/agnhost:2.32, got: k8s.gcr.io/e2e-test-images/httpd:2.4.38-1.&#xA;Jul 24 14:02:36.466: INFO: DaemonSet pods can&#39;t tolerate node kubernetes-master with taints [{Key:node-role.kubernetes.io/master Value: Effect:NoSchedule TimeAdded:&lt;nil&gt;}], skip checking this node&#xA;Jul 24 14:02:37.462: INFO: Wrong image for pod: daemon-set-6zdsv. Expected: k8s.gcr.io/e2e-test-images/agnhost:2.32, got: k8s.gcr.io/e2e-test-images/httpd:2.4.38-1.&#xA;Jul 24 14:02:37.465: INFO: DaemonSet pods can&#39;t tolerate node kubernetes-master with taints [{Key:node-role.kubernetes.io/master Value: Effect:NoSchedule TimeAdded:&lt;nil&gt;}], skip checking this node&#xA;Jul 24 14:02:38.461: INFO: Wrong image for pod: daemon-set-6zdsv. Expected: k8s.gcr.io/e2e-test-images/agnhost:2.32, got: k8s.gcr.io/e2e-test-images/httpd:2.4.38-1.&#xA;Jul 24 14:02:38.464: INFO: DaemonSet pods can&#39;t tolerate node kubernetes-master with taints [{Key:node-role.kubernetes.io/master Value: Effect:NoSchedule TimeAdded:&lt;nil&gt;}], skip checking this node&#xA;Jul 24 14:02:39.462: INFO: Wrong image for pod: daemon-set-6zdsv. Expected: k8s.gcr.io/e2e-test-images/agnhost:2.32, got: k8s.gcr.io/e2e-test-images/httpd:2.4.38-1.&#xA;Jul 24 14:02:39.465: INFO: DaemonSet pods can&#39;t tolerate node kubernetes-master with taints [{Key:node-role.kubernetes.io/master Value: Effect:NoSchedule TimeAdded:&lt;nil&gt;}], skip checking this node&#xA;Jul 24 14:02:40.461: INFO: Wrong image for pod: daemon-set-6zdsv. Expected: k8s.gcr.io/e2e-test-images/agnhost:2.32, got: k8s.gcr.io/e2e-test-images/httpd:2.4.38-1.&#xA;Jul 24 14:02:40.464: INFO: DaemonSet pods can&#39;t tolerate node kubernetes-master with taints [{Key:node-role.kubernetes.io/master Value: Effect:NoSchedule TimeAdded:&lt;nil&gt;}], skip checking this node&#xA;Jul 24 14:02:41.468: INFO: Wrong image for pod: daemon-set-6zdsv. Expected: k8s.gcr.io/e2e-test-images/agnhost:2.32, got: k8s.gcr.io/e2e-test-images/httpd:2.4.38-1.&#xA;Jul 24 14:02:41.474: INFO: DaemonSet pods can&#39;t tolerate node kubernetes-master with taints [{Key:node-role.kubernetes.io/master Value: Effect:NoSchedule TimeAdded:&lt;nil&gt;}], skip checking this node&#xA;Jul 24 14:02:42.461: INFO: Wrong image for pod: daemon-set-6zdsv. Expected: k8s.gcr.io/e2e-test-images/agnhost:2.32, got: k8s.gcr.io/e2e-test-images/httpd:2.4.38-1.&#xA;Jul 24 14:02:42.465: INFO: DaemonSet pods can&#39;t tolerate node kubernetes-master with taints [{Key:node-role.kubernetes.io/master Value: Effect:NoSchedule TimeAdded:&lt;nil&gt;}], skip checking this node&#xA;Jul 24 14:02:43.462: INFO: Wrong image for pod: daemon-set-6zdsv. Expected: k8s.gcr.io/e2e-test-images/agnhost:2.32, got: k8s.gcr.io/e2e-test-images/httpd:2.4.38-1.&#xA;Jul 24 14:02:43.465: INFO: DaemonSet pods can&#39;t tolerate node kubernetes-master with taints [{Key:node-role.kubernetes.io/master Value: Effect:NoSchedule TimeAdded:&lt;nil&gt;}], skip checking this node&#xA;Jul 24 14:02:44.462: INFO: Wrong image for pod: daemon-set-6zdsv. Expected: k8s.gcr.io/e2e-test-images/agnhost:2.32, got: k8s.gcr.io/e2e-test-images/httpd:2.4.38-1.&#xA;Jul 24 14:02:44.466: INFO: DaemonSet pods can&#39;t tolerate node kubernetes-master with taints [{Key:node-role.kubernetes.io/master Value: Effect:NoSchedule TimeAdded:&lt;nil&gt;}], skip checking this node&#xA;Jul 24 14:02:45.461: INFO: Wrong image for pod: daemon-set-6zdsv. Expected: k8s.gcr.io/e2e-test-images/agnhost:2.32, got: k8s.gcr.io/e2e-test-images/httpd:2.4.38-1.&#xA;Jul 24 14:02:45.465: INFO: DaemonSet pods can&#39;t tolerate node kubernetes-master with taints [{Key:node-role.kubernetes.io/master Value: Effect:NoSchedule TimeAdded:&lt;nil&gt;}], skip checking this node&#xA;Jul 24 14:02:46.463: INFO: Wrong image for pod: daemon-set-6zdsv. Expected: k8s.gcr.io/e2e-test-images/agnhost:2.32, got: k8s.gcr.io/e2e-test-images/httpd:2.4.38-1.&#xA;Jul 24 14:02:46.467: INFO: DaemonSet pods can&#39;t tolerate node kubernetes-master with taints [{Key:node-role.kubernetes.io/master Value: Effect:NoSchedule TimeAdded:&lt;nil&gt;}], skip checking this node&#xA;Jul 24 14:02:47.462: INFO: Wrong image for pod: daemon-set-6zdsv. Expected: k8s.gcr.io/e2e-test-images/agnhost:2.32, got: k8s.gcr.io/e2e-test-images/httpd:2.4.38-1.&#xA;Jul 24 14:02:47.466: INFO: DaemonSet pods can&#39;t tolerate node kubernetes-master with taints [{Key:node-role.kubernetes.io/master Value: Effect:NoSchedule TimeAdded:&lt;nil&gt;}], skip checking this node&#xA;Jul 24 14:02:48.461: INFO: Wrong image for pod: daemon-set-6zdsv. Expected: k8s.gcr.io/e2e-test-images/agnhost:2.32, got: k8s.gcr.io/e2e-test-images/httpd:2.4.38-1.&#xA;Jul 24 14:02:48.464: INFO: DaemonSet pods can&#39;t tolerate node kubernetes-master with taints [{Key:node-role.kubernetes.io/master Value: Effect:NoSchedule TimeAdded:&lt;nil&gt;}], skip checking this node&#xA;Jul 24 14:02:49.462: INFO: Wrong image for pod: daemon-set-6zdsv. Expected: k8s.gcr.io/e2e-test-images/agnhost:2.32, got: k8s.gcr.io/e2e-test-images/httpd:2.4.38-1.&#xA;Jul 24 14:02:49.465: INFO: DaemonSet pods can&#39;t tolerate node kubernetes-master with taints [{Key:node-role.kubernetes.io/master Value: Effect:NoSchedule TimeAdded:&lt;nil&gt;}], skip checking this node&#xA;Jul 24 14:02:50.461: INFO: Wrong image for pod: daemon-set-6zdsv. Expected: k8s.gcr.io/e2e-test-images/agnhost:2.32, got: k8s.gcr.io/e2e-test-images/httpd:2.4.38-1.&#xA;Jul 24 14:02:50.464: INFO: DaemonSet pods can&#39;t tolerate node kubernetes-master with taints [{Key:node-role.kubernetes.io/master Value: Effect:NoSchedule TimeAdded:&lt;nil&gt;}], skip checking this node&#xA;Jul 24 14:02:51.463: INFO: Wrong image for pod: daemon-set-6zdsv. Expected: k8s.gcr.io/e2e-test-images/agnhost:2.32, got: k8s.gcr.io/e2e-test-images/httpd:2.4.38-1.&#xA;Jul 24 14:02:51.466: INFO: DaemonSet pods can&#39;t tolerate node kubernetes-master with taints [{Key:node-role.kubernetes.io/master Value: Effect:NoSchedule TimeAdded:&lt;nil&gt;}], skip checking this node&#xA;Jul 24 14:02:52.459: INFO: Wrong image for pod: daemon-set-6zdsv. Expected: k8s.gcr.io/e2e-test-images/agnhost:2.32, got: k8s.gcr.io/e2e-test-images/httpd:2.4.38-1.&#xA;Jul 24 14:02:52.461: INFO: DaemonSet pods can&#39;t tolerate node kubernetes-master with taints [{Key:node-role.kubernetes.io/master Value: Effect:NoSchedule TimeAdded:&lt;nil&gt;}], skip checking this node&#xA;Jul 24 14:02:53.461: INFO: Wrong image for pod: daemon-set-6zdsv. Expected: k8s.gcr.io/e2e-test-images/agnhost:2.32, got: k8s.gcr.io/e2e-test-images/httpd:2.4.38-1.&#xA;Jul 24 14:02:53.465: INFO: DaemonSet pods can&#39;t tolerate node kubernetes-master with taints [{Key:node-role.kubernetes.io/master Value: Effect:NoSchedule TimeAdded:&lt;nil&gt;}], skip checking this node&#xA;Jul 24 14:02:54.482: INFO: Wrong image for pod: daemon-set-6zdsv. Expected: k8s.gcr.io/e2e-test-images/agnhost:2.32, got: k8s.gcr.io/e2e-test-images/httpd:2.4.38-1.&#xA;Jul 24 14:02:54.625: INFO: DaemonSet pods can&#39;t tolerate node kubernetes-master with taints [{Key:node-role.kubernetes.io/master Value: Effect:NoSchedule TimeAdded:&lt;nil&gt;}], skip checking this node&#xA;Jul 24 14:02:55.491: INFO: Wrong image for pod: daemon-set-6zdsv. Expected: k8s.gcr.io/e2e-test-images/agnhost:2.32, got: k8s.gcr.io/e2e-test-images/httpd:2.4.38-1.&#xA;Jul 24 14:02:55.525: INFO: DaemonSet pods can&#39;t tolerate node kubernetes-master with taints [{Key:node-role.kubernetes.io/master Value: Effect:NoSchedule TimeAdded:&lt;nil&gt;}], skip checking this node&#xA;Jul 24 14:02:56.500: INFO: Wrong image for pod: daemon-set-6zdsv. Expected: k8s.gcr.io/e2e-test-images/agnhost:2.32, got: k8s.gcr.io/e2e-test-images/httpd:2.4.38-1.&#xA;Jul 24 14:02:56.528: INFO: DaemonSet pods can&#39;t tolerate node kubernetes-master with taints [{Key:node-role.kubernetes.io/master Value: Effect:NoSchedule TimeAdded:&lt;nil&gt;}], skip checking this node&#xA;Jul 24 14:02:57.509: INFO: Wrong image for pod: daemon-set-6zdsv. Expected: k8s.gcr.io/e2e-test-images/agnhost:2.32, got: k8s.gcr.io/e2e-test-images/httpd:2.4.38-1.&#xA;Jul 24 14:02:57.542: INFO: DaemonSet pods can&#39;t tolerate node kubernetes-master with taints [{Key:node-role.kubernetes.io/master Value: Effect:NoSchedule TimeAdded:&lt;nil&gt;}], skip checking this node&#xA;Jul 24 14:02:58.462: INFO: Wrong image for pod: daemon-set-6zdsv. Expected: k8s.gcr.io/e2e-test-images/agnhost:2.32, got: k8s.gcr.io/e2e-test-images/httpd:2.4.38-1.&#xA;Jul 24 14:02:58.465: INFO: DaemonSet pods can&#39;t tolerate node kubernetes-master with taints [{Key:node-role.kubernetes.io/master Value: Effect:NoSchedule TimeAdded:&lt;nil&gt;}], skip checking this node&#xA;Jul 24 14:02:59.461: INFO: Wrong image for pod: daemon-set-6zdsv. Expected: k8s.gcr.io/e2e-test-images/agnhost:2.32, got: k8s.gcr.io/e2e-test-images/httpd:2.4.38-1.&#xA;Jul 24 14:02:59.464: INFO: DaemonSet pods can&#39;t tolerate node kubernetes-master with taints [{Key:node-role.kubernetes.io/master Value: Effect:NoSchedule TimeAdded:&lt;nil&gt;}], skip checking this node&#xA;Jul 24 14:03:00.461: INFO: Wrong image for pod: daemon-set-6zdsv. Expected: k8s.gcr.io/e2e-test-images/agnhost:2.32, got: k8s.gcr.io/e2e-test-images/httpd:2.4.38-1.&#xA;Jul 24 14:03:00.465: INFO: DaemonSet pods can&#39;t tolerate node kubernetes-master with taints [{Key:node-role.kubernetes.io/master Value: Effect:NoSchedule TimeAdded:&lt;nil&gt;}], skip checking this node&#xA;Jul 24 14:03:01.515: INFO: Wrong image for pod: daemon-set-6zdsv. Expected: k8s.gcr.io/e2e-test-images/agnhost:2.32, got: k8s.gcr.io/e2e-test-images/httpd:2.4.38-1.&#xA;Jul 24 14:03:01.519: INFO: DaemonSet pods can&#39;t tolerate node kubernetes-master with taints [{Key:node-role.kubernetes.io/master Value: Effect:NoSchedule TimeAdded:&lt;nil&gt;}], skip checking this node&#xA;Jul 24 14:03:02.460: INFO: Wrong image for pod: daemon-set-6zdsv. Expected: k8s.gcr.io/e2e-test-images/agnhost:2.32, got: k8s.gcr.io/e2e-test-images/httpd:2.4.38-1.&#xA;Jul 24 14:03:02.464: INFO: DaemonSet pods can&#39;t tolerate node kubernetes-master with taints [{Key:node-role.kubernetes.io/master Value: Effect:NoSchedule TimeAdded:&lt;nil&gt;}], skip checking this node&#xA;Jul 24 14:03:03.461: INFO: Wrong image for pod: daemon-set-6zdsv. Expected: k8s.gcr.io/e2e-test-images/agnhost:2.32, got: k8s.gcr.io/e2e-test-images/httpd:2.4.38-1.&#xA;Jul 24 14:03:03.465: INFO: DaemonSet pods can&#39;t tolerate node kubernetes-master with taints [{Key:node-role.kubernetes.io/master Value: Effect:NoSchedule TimeAdded:&lt;nil&gt;}], skip checking this node&#xA;Jul 24 14:03:04.517: INFO: Wrong image for pod: daemon-set-6zdsv. Expected: k8s.gcr.io/e2e-test-images/agnhost:2.32, got: k8s.gcr.io/e2e-test-images/httpd:2.4.38-1.&#xA;Jul 24 14:03:04.521: INFO: DaemonSet pods can&#39;t tolerate node kubernetes-master with taints [{Key:node-role.kubernetes.io/master Value: Effect:NoSchedule TimeAdded:&lt;nil&gt;}], skip checking this node&#xA;Jul 24 14:03:05.466: INFO: Wrong image for pod: daemon-set-6zdsv. Expected: k8s.gcr.io/e2e-test-images/agnhost:2.32, got: k8s.gcr.io/e2e-test-images/httpd:2.4.38-1.&#xA;Jul 24 14:03:05.470: INFO: DaemonSet pods can&#39;t tolerate node kubernetes-master with taints [{Key:node-role.kubernetes.io/master Value: Effect:NoSchedule TimeAdded:&lt;nil&gt;}], skip checking this node&#xA;Jul 24 14:03:06.461: INFO: Wrong image for pod: daemon-set-6zdsv. Expected: k8s.gcr.io/e2e-test-images/agnhost:2.32, got: k8s.gcr.io/e2e-test-images/httpd:2.4.38-1.&#xA;Jul 24 14:03:06.464: INFO: DaemonSet pods can&#39;t tolerate node kubernetes-master with taints [{Key:node-role.kubernetes.io/master Value: Effect:NoSchedule TimeAdded:&lt;nil&gt;}], skip checking this node&#xA;Jul 24 14:03:07.468: INFO: Wrong image for pod: daemon-set-6zdsv. Expected: k8s.gcr.io/e2e-test-images/agnhost:2.32, got: k8s.gcr.io/e2e-test-images/httpd:2.4.38-1.&#xA;Jul 24 14:03:07.470: INFO: DaemonSet pods can&#39;t tolerate node kubernetes-master with taints [{Key:node-role.kubernetes.io/master Value: Effect:NoSchedule TimeAdded:&lt;nil&gt;}], skip checking this node&#xA;Jul 24 14:03:08.461: INFO: Wrong image for pod: daemon-set-6zdsv. Expected: k8s.gcr.io/e2e-test-images/agnhost:2.32, got: k8s.gcr.io/e2e-test-images/httpd:2.4.38-1.&#xA;Jul 24 14:03:08.465: INFO: DaemonSet pods can&#39;t tolerate node kubernetes-master with taints [{Key:node-role.kubernetes.io/master Value: Effect:NoSchedule TimeAdded:&lt;nil&gt;}], skip checking this node&#xA;Jul 24 14:03:09.465: INFO: Wrong image for pod: daemon-set-6zdsv. Expected: k8s.gcr.io/e2e-test-images/agnhost:2.32, got: k8s.gcr.io/e2e-test-images/httpd:2.4.38-1.&#xA;Jul 24 14:03:09.472: INFO: DaemonSet pods can&#39;t tolerate node kubernetes-master with taints [{Key:node-role.kubernetes.io/master Value: Effect:NoSchedule TimeAdded:&lt;nil&gt;}], skip checking this node&#xA;Jul 24 14:03:10.526: INFO: Wrong image for pod: daemon-set-6zdsv. Expected: k8s.gcr.io/e2e-test-images/agnhost:2.32, got: k8s.gcr.io/e2e-test-images/httpd:2.4.38-1.&#xA;Jul 24 14:03:10.537: INFO: DaemonSet pods can&#39;t tolerate node kubernetes-master with taints [{Key:node-role.kubernetes.io/master Value: Effect:NoSchedule TimeAdded:&lt;nil&gt;}], skip checking this node&#xA;Jul 24 14:03:11.461: INFO: Wrong image for pod: daemon-set-6zdsv. Expected: k8s.gcr.io/e2e-test-images/agnhost:2.32, got: k8s.gcr.io/e2e-test-images/httpd:2.4.38-1.&#xA;Jul 24 14:03:11.464: INFO: DaemonSet pods can&#39;t tolerate node kubernetes-master with taints [{Key:node-role.kubernetes.io/master Value: Effect:NoSchedule TimeAdded:&lt;nil&gt;}], skip checking this node&#xA;Jul 24 14:03:12.460: INFO: Wrong image for pod: daemon-set-6zdsv. Expected: k8s.gcr.io/e2e-test-images/agnhost:2.32, got: k8s.gcr.io/e2e-test-images/httpd:2.4.38-1.&#xA;Jul 24 14:03:12.463: INFO: DaemonSet pods can&#39;t tolerate node kubernetes-master with taints [{Key:node-role.kubernetes.io/master Value: Effect:NoSchedule TimeAdded:&lt;nil&gt;}], skip checking this node&#xA;Jul 24 14:03:13.460: INFO: Wrong image for pod: daemon-set-6zdsv. Expected: k8s.gcr.io/e2e-test-images/agnhost:2.32, got: k8s.gcr.io/e2e-test-images/httpd:2.4.38-1.&#xA;Jul 24 14:03:13.464: INFO: DaemonSet pods can&#39;t tolerate node kubernetes-master with taints [{Key:node-role.kubernetes.io/master Value: Effect:NoSchedule TimeAdded:&lt;nil&gt;}], skip checking this node&#xA;Jul 24 14:03:14.480: INFO: Wrong image for pod: daemon-set-6zdsv. Expected: k8s.gcr.io/e2e-test-images/agnhost:2.32, got: k8s.gcr.io/e2e-test-images/httpd:2.4.38-1.&#xA;Jul 24 14:03:14.483: INFO: DaemonSet pods can&#39;t tolerate node kubernetes-master with taints [{Key:node-role.kubernetes.io/master Value: Effect:NoSchedule TimeAdded:&lt;nil&gt;}], skip checking this node&#xA;Jul 24 14:03:15.461: INFO: Wrong image for pod: daemon-set-6zdsv. Expected: k8s.gcr.io/e2e-test-images/agnhost:2.32, got: k8s.gcr.io/e2e-test-images/httpd:2.4.38-1.&#xA;Jul 24 14:03:15.464: INFO: DaemonSet pods can&#39;t tolerate node kubernetes-master with taints [{Key:node-role.kubernetes.io/master Value: Effect:NoSchedule TimeAdded:&lt;nil&gt;}], skip checking this node&#xA;Jul 24 14:03:16.461: INFO: Wrong image for pod: daemon-set-6zdsv. Expected: k8s.gcr.io/e2e-test-images/agnhost:2.32, got: k8s.gcr.io/e2e-test-images/httpd:2.4.38-1.&#xA;Jul 24 14:03:16.464: INFO: DaemonSet pods can&#39;t tolerate node kubernetes-master with taints [{Key:node-role.kubernetes.io/master Value: Effect:NoSchedule TimeAdded:&lt;nil&gt;}], skip checking this node&#xA;Jul 24 14:03:17.460: INFO: Wrong image for pod: daemon-set-6zdsv. Expected: k8s.gcr.io/e2e-test-images/agnhost:2.32, got: k8s.gcr.io/e2e-test-images/httpd:2.4.38-1.&#xA;Jul 24 14:03:17.463: INFO: DaemonSet pods can&#39;t tolerate node kubernetes-master with taints [{Key:node-role.kubernetes.io/master Value: Effect:NoSchedule TimeAdded:&lt;nil&gt;}], skip checking this node&#xA;Jul 24 14:03:18.460: INFO: Wrong image for pod: daemon-set-6zdsv. Expected: k8s.gcr.io/e2e-test-images/agnhost:2.32, got: k8s.gcr.io/e2e-test-images/httpd:2.4.38-1.&#xA;Jul 24 14:03:18.464: INFO: DaemonSet pods can&#39;t tolerate node kubernetes-master with taints [{Key:node-role.kubernetes.io/master Value: Effect:NoSchedule TimeAdded:&lt;nil&gt;}], skip checking this node&#xA;Jul 24 14:03:19.460: INFO: Wrong image for pod: daemon-set-6zdsv. Expected: k8s.gcr.io/e2e-test-images/agnhost:2.32, got: k8s.gcr.io/e2e-test-images/httpd:2.4.38-1.&#xA;Jul 24 14:03:19.463: INFO: DaemonSet pods can&#39;t tolerate node kubernetes-master with taints [{Key:node-role.kubernetes.io/master Value: Effect:NoSchedule TimeAdded:&lt;nil&gt;}], skip checking this node&#xA;Jul 24 14:03:20.461: INFO: Wrong image for pod: daemon-set-6zdsv. Expected: k8s.gcr.io/e2e-test-images/agnhost:2.32, got: k8s.gcr.io/e2e-test-images/httpd:2.4.38-1.&#xA;Jul 24 14:03:20.464: INFO: DaemonSet pods can&#39;t tolerate node kubernetes-master with taints [{Key:node-role.kubernetes.io/master Value: Effect:NoSchedule TimeAdded:&lt;nil&gt;}], skip checking this node&#xA;Jul 24 14:03:21.461: INFO: Wrong image for pod: daemon-set-6zdsv. Expected: k8s.gcr.io/e2e-test-images/agnhost:2.32, got: k8s.gcr.io/e2e-test-images/httpd:2.4.38-1.&#xA;Jul 24 14:03:21.464: INFO: DaemonSet pods can&#39;t tolerate node kubernetes-master with taints [{Key:node-role.kubernetes.io/master Value: Effect:NoSchedule TimeAdded:&lt;nil&gt;}], skip checking this node&#xA;Jul 24 14:03:22.460: INFO: Wrong image for pod: daemon-set-6zdsv. Expected: k8s.gcr.io/e2e-test-images/agnhost:2.32, got: k8s.gcr.io/e2e-test-images/httpd:2.4.38-1.&#xA;Jul 24 14:03:22.463: INFO: DaemonSet pods can&#39;t tolerate node kubernetes-master with taints [{Key:node-role.kubernetes.io/master Value: Effect:NoSchedule TimeAdded:&lt;nil&gt;}], skip checking this node&#xA;Jul 24 14:03:23.463: INFO: Wrong image for pod: daemon-set-6zdsv. Expected: k8s.gcr.io/e2e-test-images/agnhost:2.32, got: k8s.gcr.io/e2e-test-images/httpd:2.4.38-1.&#xA;Jul 24 14:03:23.466: INFO: DaemonSet pods can&#39;t tolerate node kubernetes-master with taints [{Key:node-role.kubernetes.io/master Value: Effect:NoSchedule TimeAdded:&lt;nil&gt;}], skip checking this node&#xA;Jul 24 14:03:24.461: INFO: Wrong image for pod: daemon-set-6zdsv. Expected: k8s.gcr.io/e2e-test-images/agnhost:2.32, got: k8s.gcr.io/e2e-test-images/httpd:2.4.38-1.&#xA;Jul 24 14:03:24.465: INFO: DaemonSet pods can&#39;t tolerate node kubernetes-master with taints [{Key:node-role.kubernetes.io/master Value: Effect:NoSchedule TimeAdded:&lt;nil&gt;}], skip checking this node&#xA;Jul 24 14:03:25.573: INFO: Wrong image for pod: daemon-set-6zdsv. Expected: k8s.gcr.io/e2e-test-images/agnhost:2.32, got: k8s.gcr.io/e2e-test-images/httpd:2.4.38-1.&#xA;Jul 24 14:03:25.576: INFO: DaemonSet pods can&#39;t tolerate node kubernetes-master with taints [{Key:node-role.kubernetes.io/master Value: Effect:NoSchedule TimeAdded:&lt;nil&gt;}], skip checking this node&#xA;Jul 24 14:03:26.473: INFO: Wrong image for pod: daemon-set-6zdsv. Expected: k8s.gcr.io/e2e-test-images/agnhost:2.32, got: k8s.gcr.io/e2e-test-images/httpd:2.4.38-1.&#xA;Jul 24 14:03:26.476: INFO: DaemonSet pods can&#39;t tolerate node kubernetes-master with taints [{Key:node-role.kubernetes.io/master Value: Effect:NoSchedule TimeAdded:&lt;nil&gt;}], skip checking this node&#xA;Jul 24 14:03:27.461: INFO: Wrong image for pod: daemon-set-6zdsv. Expected: k8s.gcr.io/e2e-test-images/agnhost:2.32, got: k8s.gcr.io/e2e-test-images/httpd:2.4.38-1.&#xA;Jul 24 14:03:27.464: INFO: DaemonSet pods can&#39;t tolerate node kubernetes-master with taints [{Key:node-role.kubernetes.io/master Value: Effect:NoSchedule TimeAdded:&lt;nil&gt;}], skip checking this node&#xA;Jul 24 14:03:28.466: INFO: Wrong image for pod: daemon-set-6zdsv. Expected: k8s.gcr.io/e2e-test-images/agnhost:2.32, got: k8s.gcr.io/e2e-test-images/httpd:2.4.38-1.&#xA;Jul 24 14:03:28.469: INFO: DaemonSet pods can&#39;t tolerate node kubernetes-master with taints [{Key:node-role.kubernetes.io/master Value: Effect:NoSchedule TimeAdded:&lt;nil&gt;}], skip checking this node&#xA;Jul 24 14:03:29.462: INFO: Wrong image for pod: daemon-set-6zdsv. Expected: k8s.gcr.io/e2e-test-images/agnhost:2.32, got: k8s.gcr.io/e2e-test-images/httpd:2.4.38-1.&#xA;Jul 24 14:03:29.465: INFO: DaemonSet pods can&#39;t tolerate node kubernetes-master with taints [{Key:node-role.kubernetes.io/master Value: Effect:NoSchedule TimeAdded:&lt;nil&gt;}], skip checking this node&#xA;Jul 24 14:03:30.461: INFO: Wrong image for pod: daemon-set-6zdsv. Expected: k8s.gcr.io/e2e-test-images/agnhost:2.32, got: k8s.gcr.io/e2e-test-images/httpd:2.4.38-1.&#xA;Jul 24 14:03:30.464: INFO: DaemonSet pods can&#39;t tolerate node kubernetes-master with taints [{Key:node-role.kubernetes.io/master Value: Effect:NoSchedule TimeAdded:&lt;nil&gt;}], skip checking this node&#xA;Jul 24 14:03:31.491: INFO: Wrong image for pod: daemon-set-6zdsv. Expected: k8s.gcr.io/e2e-test-images/agnhost:2.32, got: k8s.gcr.io/e2e-test-images/httpd:2.4.38-1.&#xA;Jul 24 14:03:31.494: INFO: DaemonSet pods can&#39;t tolerate node kubernetes-master with taints [{Key:node-role.kubernetes.io/master Value: Effect:NoSchedule TimeAdded:&lt;nil&gt;}], skip checking this node&#xA;Jul 24 14:03:32.460: INFO: Wrong image for pod: daemon-set-6zdsv. Expected: k8s.gcr.io/e2e-test-images/agnhost:2.32, got: k8s.gcr.io/e2e-test-images/httpd:2.4.38-1.&#xA;Jul 24 14:03:32.463: INFO: DaemonSet pods can&#39;t tolerate node kubernetes-master with taints [{Key:node-role.kubernetes.io/master Value: Effect:NoSchedule TimeAdded:&lt;nil&gt;}], skip checking this node&#xA;Jul 24 14:03:33.463: INFO: Wrong image for pod: daemon-set-6zdsv. Expected: k8s.gcr.io/e2e-test-images/agnhost:2.32, got: k8s.gcr.io/e2e-test-images/httpd:2.4.38-1.&#xA;Jul 24 14:03:33.467: INFO: DaemonSet pods can&#39;t tolerate node kubernetes-master with taints [{Key:node-role.kubernetes.io/master Value: Effect:NoSchedule TimeAdded:&lt;nil&gt;}], skip checking this node&#xA;Jul 24 14:03:34.492: INFO: Wrong image for pod: daemon-set-6zdsv. Expected: k8s.gcr.io/e2e-test-images/agnhost:2.32, got: k8s.gcr.io/e2e-test-images/httpd:2.4.38-1.&#xA;Jul 24 14:03:34.496: INFO: DaemonSet pods can&#39;t tolerate node kubernetes-master with taints [{Key:node-role.kubernetes.io/master Value: Effect:NoSchedule TimeAdded:&lt;nil&gt;}], skip checking this node&#xA;Jul 24 14:03:35.461: INFO: Wrong image for pod: daemon-set-6zdsv. Expected: k8s.gcr.io/e2e-test-images/agnhost:2.32, got: k8s.gcr.io/e2e-test-images/httpd:2.4.38-1.&#xA;Jul 24 14:03:35.482: INFO: DaemonSet pods can&#39;t tolerate node kubernetes-master with taints [{Key:node-role.kubernetes.io/master Value: Effect:NoSchedule TimeAdded:&lt;nil&gt;}], skip checking this node&#xA;Jul 24 14:03:36.461: INFO: Wrong image for pod: daemon-set-6zdsv. Expected: k8s.gcr.io/e2e-test-images/agnhost:2.32, got: k8s.gcr.io/e2e-test-images/httpd:2.4.38-1.&#xA;Jul 24 14:03:36.465: INFO: DaemonSet pods can&#39;t tolerate node kubernetes-master with taints [{Key:node-role.kubernetes.io/master Value: Effect:NoSchedule TimeAdded:&lt;nil&gt;}], skip checking this node&#xA;Jul 24 14:03:37.459: INFO: Wrong image for pod: daemon-set-6zdsv. Expected: k8s.gcr.io/e2e-test-images/agnhost:2.32, got: k8s.gcr.io/e2e-test-images/httpd:2.4.38-1.&#xA;Jul 24 14:03:37.461: INFO: DaemonSet pods can&#39;t tolerate node kubernetes-master with taints [{Key:node-role.kubernetes.io/master Value: Effect:NoSchedule TimeAdded:&lt;nil&gt;}], skip checking this node&#xA;Jul 24 14:03:38.495: INFO: Wrong image for pod: daemon-set-6zdsv. Expected: k8s.gcr.io/e2e-test-images/agnhost:2.32, got: k8s.gcr.io/e2e-test-images/httpd:2.4.38-1.&#xA;Jul 24 14:03:38.557: INFO: DaemonSet pods can&#39;t tolerate node kubernetes-master with taints [{Key:node-role.kubernetes.io/master Value: Effect:NoSchedule TimeAdded:&lt;nil&gt;}], skip checking this node&#xA;Jul 24 14:03:39.564: INFO: Wrong image for pod: daemon-set-6zdsv. Expected: k8s.gcr.io/e2e-test-images/agnhost:2.32, got: k8s.gcr.io/e2e-test-images/httpd:2.4.38-1.&#xA;Jul 24 14:03:39.571: INFO: DaemonSet pods can&#39;t tolerate node k8s-node03 with taints [{Key:node.kubernetes.io/not-ready Value: Effect:NoSchedule TimeAdded:2022-07-24 14:03:38 +0000 UTC}], skip checking this node&#xA;Jul 24 14:03:39.571: INFO: DaemonSet pods can&#39;t tolerate node kubernetes-master with taints [{Key:node-role.kubernetes.io/master Value: Effect:NoSchedule TimeAdded:&lt;nil&gt;}], skip checking this node&#xA;Jul 24 14:03:40.500: INFO: Wrong image for pod: daemon-set-6zdsv. Expected: k8s.gcr.io/e2e-test-images/agnhost:2.32, got: k8s.gcr.io/e2e-test-images/httpd:2.4.38-1.&#xA;Jul 24 14:03:40.560: INFO: DaemonSet pods can&#39;t tolerate node k8s-node03 with taints [{Key:node.kubernetes.io/not-ready Value: Effect:NoSchedule TimeAdded:2022-07-24 14:03:38 +0000 UTC}], skip checking this node&#xA;Jul 24 14:03:40.560: INFO: DaemonSet pods can&#39;t tolerate node kubernetes-master with taints [{Key:node-role.kubernetes.io/master Value: Effect:NoSchedule TimeAdded:&lt;nil&gt;}], skip checking this node&#xA;Jul 24 14:03:41.537: INFO: Wrong image for pod: daemon-set-6zdsv. Expected: k8s.gcr.io/e2e-test-images/agnhost:2.32, got: k8s.gcr.io/e2e-test-images/httpd:2.4.38-1.&#xA;Jul 24 14:03:41.595: INFO: DaemonSet pods can&#39;t tolerate node k8s-node03 with taints [{Key:node.kubernetes.io/not-ready Value: Effect:NoSchedule TimeAdded:2022-07-24 14:03:38 +0000 UTC}], skip checking this node&#xA;Jul 24 14:03:41.596: INFO: DaemonSet pods can&#39;t tolerate node kubernetes-master with taints [{Key:node-role.kubernetes.io/master Value: Effect:NoSchedule TimeAdded:&lt;nil&gt;}], skip checking this node&#xA;Jul 24 14:03:42.533: INFO: Wrong image for pod: daemon-set-6zdsv. Expected: k8s.gcr.io/e2e-test-images/agnhost:2.32, got: k8s.gcr.io/e2e-test-images/httpd:2.4.38-1.&#xA;Jul 24 14:03:42.537: INFO: DaemonSet pods can&#39;t tolerate node k8s-node03 with taints [{Key:node.kubernetes.io/not-ready Value: Effect:NoSchedule TimeAdded:2022-07-24 14:03:38 +0000 UTC} {Key:node.kubernetes.io/not-ready Value: Effect:NoExecute TimeAdded:2022-07-24 14:03:41 +0000 UTC}], skip checking this node&#xA;Jul 24 14:03:42.537: INFO: DaemonSet pods can&#39;t tolerate node kubernetes-master with taints [{Key:node-role.kubernetes.io/master Value: Effect:NoSchedule TimeAdded:&lt;nil&gt;}], skip checking this node&#xA;Jul 24 14:03:43.461: INFO: Wrong image for pod: daemon-set-6zdsv. Expected: k8s.gcr.io/e2e-test-images/agnhost:2.32, got: k8s.gcr.io/e2e-test-images/httpd:2.4.38-1.&#xA;Jul 24 14:03:43.464: INFO: DaemonSet pods can&#39;t tolerate node k8s-node03 with taints [{Key:node.kubernetes.io/not-ready Value: Effect:NoSchedule TimeAdded:2022-07-24 14:03:38 +0000 UTC} {Key:node.kubernetes.io/not-ready Value: Effect:NoExecute TimeAdded:2022-07-24 14:03:41 +0000 UTC}], skip checking this node&#xA;Jul 24 14:03:43.464: INFO: DaemonSet pods can&#39;t tolerate node kubernetes-master with taints [{Key:node-role.kubernetes.io/master Value: Effect:NoSchedule TimeAdded:&lt;nil&gt;}], skip checking this node&#xA;Jul 24 14:03:44.461: INFO: Wrong image for pod: daemon-set-6zdsv. Expected: k8s.gcr.io/e2e-test-images/agnhost:2.32, got: k8s.gcr.io/e2e-test-images/httpd:2.4.38-1.&#xA;Jul 24 14:03:44.465: INFO: DaemonSet pods can&#39;t tolerate node k8s-node03 with taints [{Key:node.kubernetes.io/not-ready Value: Effect:NoSchedule TimeAdded:2022-07-24 14:03:38 +0000 UTC} {Key:node.kubernetes.io/not-ready Value: Effect:NoExecute TimeAdded:2022-07-24 14:03:41 +0000 UTC}], skip checking this node&#xA;Jul 24 14:03:44.465: INFO: DaemonSet pods can&#39;t tolerate node kubernetes-master with taints [{Key:node-role.kubernetes.io/master Value: Effect:NoSchedule TimeAdded:&lt;nil&gt;}], skip checking this node&#xA;Jul 24 14:03:45.461: INFO: Wrong image for pod: daemon-set-6zdsv. Expected: k8s.gcr.io/e2e-test-images/agnhost:2.32, got: k8s.gcr.io/e2e-test-images/httpd:2.4.38-1.&#xA;Jul 24 14:03:45.464: INFO: DaemonSet pods can&#39;t tolerate node k8s-node03 with taints [{Key:node.kubernetes.io/not-ready Value: Effect:NoSchedule TimeAdded:2022-07-24 14:03:38 +0000 UTC} {Key:node.kubernetes.io/not-ready Value: Effect:NoExecute TimeAdded:2022-07-24 14:03:41 +0000 UTC}], skip checking this node&#xA;Jul 24 14:03:45.464: INFO: DaemonSet pods can&#39;t tolerate node kubernetes-master with taints [{Key:node-role.kubernetes.io/master Value: Effect:NoSchedule TimeAdded:&lt;nil&gt;}], skip checking this node&#xA;Jul 24 14:03:46.463: INFO: Wrong image for pod: daemon-set-6zdsv. Expected: k8s.gcr.io/e2e-test-images/agnhost:2.32, got: k8s.gcr.io/e2e-test-images/httpd:2.4.38-1.&#xA;Jul 24 14:03:46.466: INFO: DaemonSet pods can&#39;t tolerate node k8s-node03 with taints [{Key:node.kubernetes.io/not-ready Value: Effect:NoSchedule TimeAdded:2022-07-24 14:03:38 +0000 UTC} {Key:node.kubernetes.io/not-ready Value: Effect:NoExecute TimeAdded:2022-07-24 14:03:41 +0000 UTC}], skip checking this node&#xA;Jul 24 14:03:46.466: INFO: DaemonSet pods can&#39;t tolerate node kubernetes-master with taints [{Key:node-role.kubernetes.io/master Value: Effect:NoSchedule TimeAdded:&lt;nil&gt;}], skip checking this node&#xA;Jul 24 14:03:47.563: INFO: Wrong image for pod: daemon-set-6zdsv. Expected: k8s.gcr.io/e2e-test-images/agnhost:2.32, got: k8s.gcr.io/e2e-test-images/httpd:2.4.38-1.&#xA;Jul 24 14:03:47.567: INFO: DaemonSet pods can&#39;t tolerate node k8s-node03 with taints [{Key:node.kubernetes.io/not-ready Value: Effect:NoSchedule TimeAdded:2022-07-24 14:03:38 +0000 UTC} {Key:node.kubernetes.io/not-ready Value: Effect:NoExecute TimeAdded:2022-07-24 14:03:41 +0000 UTC}], skip checking this node&#xA;Jul 24 14:03:47.567: INFO: DaemonSet pods can&#39;t tolerate node kubernetes-master with taints [{Key:node-role.kubernetes.io/master Value: Effect:NoSchedule TimeAdded:&lt;nil&gt;}], skip checking this node&#xA;Jul 24 14:03:48.462: INFO: Wrong image for pod: daemon-set-6zdsv. Expected: k8s.gcr.io/e2e-test-images/agnhost:2.32, got: k8s.gcr.io/e2e-test-images/httpd:2.4.38-1.&#xA;Jul 24 14:03:48.466: INFO: DaemonSet pods can&#39;t tolerate node k8s-node03 with taints [{Key:node.kubernetes.io/not-ready Value: Effect:NoSchedule TimeAdded:2022-07-24 14:03:38 +0000 UTC} {Key:node.kubernetes.io/not-ready Value: Effect:NoExecute TimeAdded:2022-07-24 14:03:41 +0000 UTC}], skip checking this node&#xA;Jul 24 14:03:48.466: INFO: DaemonSet pods can&#39;t tolerate node kubernetes-master with taints [{Key:node-role.kubernetes.io/master Value: Effect:NoSchedule TimeAdded:&lt;nil&gt;}], skip checking this node&#xA;Jul 24 14:03:49.461: INFO: Wrong image for pod: daemon-set-6zdsv. Expected: k8s.gcr.io/e2e-test-images/agnhost:2.32, got: k8s.gcr.io/e2e-test-images/httpd:2.4.38-1.&#xA;Jul 24 14:03:49.515: INFO: DaemonSet pods can&#39;t tolerate node k8s-node03 with taints [{Key:node.kubernetes.io/not-ready Value: Effect:NoSchedule TimeAdded:2022-07-24 14:03:38 +0000 UTC} {Key:node.kubernetes.io/not-ready Value: Effect:NoExecute TimeAdded:2022-07-24 14:03:41 +0000 UTC}], skip checking this node&#xA;Jul 24 14:03:49.515: INFO: DaemonSet pods can&#39;t tolerate node kubernetes-master with taints [{Key:node-role.kubernetes.io/master Value: Effect:NoSchedule TimeAdded:&lt;nil&gt;}], skip checking this node&#xA;Jul 24 14:03:50.460: INFO: Wrong image for pod: daemon-set-6zdsv. Expected: k8s.gcr.io/e2e-test-images/agnhost:2.32, got: k8s.gcr.io/e2e-test-images/httpd:2.4.38-1.&#xA;Jul 24 14:03:50.464: INFO: DaemonSet pods can&#39;t tolerate node k8s-node03 with taints [{Key:node.kubernetes.io/not-ready Value: Effect:NoSchedule TimeAdded:2022-07-24 14:03:38 +0000 UTC} {Key:node.kubernetes.io/not-ready Value: Effect:NoExecute TimeAdded:2022-07-24 14:03:41 +0000 UTC}], skip checking this node&#xA;Jul 24 14:03:50.464: INFO: DaemonSet pods can&#39;t tolerate node kubernetes-master with taints [{Key:node-role.kubernetes.io/master Value: Effect:NoSchedule TimeAdded:&lt;nil&gt;}], skip checking this node&#xA;Jul 24 14:03:51.462: INFO: Wrong image for pod: daemon-set-6zdsv. Expected: k8s.gcr.io/e2e-test-images/agnhost:2.32, got: k8s.gcr.io/e2e-test-images/httpd:2.4.38-1.&#xA;Jul 24 14:03:51.465: INFO: DaemonSet pods can&#39;t tolerate node k8s-node03 with taints [{Key:node.kubernetes.io/not-ready Value: Effect:NoSchedule TimeAdded:2022-07-24 14:03:38 +0000 UTC} {Key:node.kubernetes.io/not-ready Value: Effect:NoExecute TimeAdded:2022-07-24 14:03:41 +0000 UTC}], skip checking this node&#xA;Jul 24 14:03:51.465: INFO: DaemonSet pods can&#39;t tolerate node kubernetes-master with taints [{Key:node-role.kubernetes.io/master Value: Effect:NoSchedule TimeAdded:&lt;nil&gt;}], skip checking this node&#xA;Jul 24 14:03:52.459: INFO: Wrong image for pod: daemon-set-6zdsv. Expected: k8s.gcr.io/e2e-test-images/agnhost:2.32, got: k8s.gcr.io/e2e-test-images/httpd:2.4.38-1.&#xA;Jul 24 14:03:52.461: INFO: DaemonSet pods can&#39;t tolerate node k8s-node03 with taints [{Key:node.kubernetes.io/not-ready Value: Effect:NoSchedule TimeAdded:2022-07-24 14:03:38 +0000 UTC} {Key:node.kubernetes.io/not-ready Value: Effect:NoExecute TimeAdded:2022-07-24 14:03:41 +0000 UTC}], skip checking this node&#xA;Jul 24 14:03:52.461: INFO: DaemonSet pods can&#39;t tolerate node kubernetes-master with taints [{Key:node-role.kubernetes.io/master Value: Effect:NoSchedule TimeAdded:&lt;nil&gt;}], skip checking this node&#xA;Jul 24 14:03:53.473: INFO: Wrong image for pod: daemon-set-6zdsv. Expected: k8s.gcr.io/e2e-test-images/agnhost:2.32, got: k8s.gcr.io/e2e-test-images/httpd:2.4.38-1.&#xA;Jul 24 14:03:53.477: INFO: DaemonSet pods can&#39;t tolerate node k8s-node03 with taints [{Key:node.kubernetes.io/not-ready Value: Effect:NoSchedule TimeAdded:2022-07-24 14:03:38 +0000 UTC} {Key:node.kubernetes.io/not-ready Value: Effect:NoExecute TimeAdded:2022-07-24 14:03:41 +0000 UTC}], skip checking this node&#xA;Jul 24 14:03:53.477: INFO: DaemonSet pods can&#39;t tolerate node kubernetes-master with taints [{Key:node-role.kubernetes.io/master Value: Effect:NoSchedule TimeAdded:&lt;nil&gt;}], skip checking this node&#xA;Jul 24 14:03:54.463: INFO: Wrong image for pod: daemon-set-6zdsv. Expected: k8s.gcr.io/e2e-test-images/agnhost:2.32, got: k8s.gcr.io/e2e-test-images/httpd:2.4.38-1.&#xA;Jul 24 14:03:54.466: INFO: DaemonSet pods can&#39;t tolerate node k8s-node03 with taints [{Key:node.kubernetes.io/not-ready Value: Effect:NoSchedule TimeAdded:2022-07-24 14:03:38 +0000 UTC} {Key:node.kubernetes.io/not-ready Value: Effect:NoExecute TimeAdded:2022-07-24 14:03:41 +0000 UTC}], skip checking this node&#xA;Jul 24 14:03:54.466: INFO: DaemonSet pods can&#39;t tolerate node kubernetes-master with taints [{Key:node-role.kubernetes.io/master Value: Effect:NoSchedule TimeAdded:&lt;nil&gt;}], skip checking this node&#xA;Jul 24 14:03:55.460: INFO: Wrong image for pod: daemon-set-6zdsv. Expected: k8s.gcr.io/e2e-test-images/agnhost:2.32, got: k8s.gcr.io/e2e-test-images/httpd:2.4.38-1.&#xA;Jul 24 14:03:55.464: INFO: DaemonSet pods can&#39;t tolerate node k8s-node03 with taints [{Key:node.kubernetes.io/not-ready Value: Effect:NoSchedule TimeAdded:2022-07-24 14:03:38 +0000 UTC} {Key:node.kubernetes.io/not-ready Value: Effect:NoExecute TimeAdded:2022-07-24 14:03:41 +0000 UTC}], skip checking this node&#xA;Jul 24 14:03:55.464: INFO: DaemonSet pods can&#39;t tolerate node kubernetes-master with taints [{Key:node-role.kubernetes.io/master Value: Effect:NoSchedule TimeAdded:&lt;nil&gt;}], skip checking this node&#xA;Jul 24 14:03:56.461: INFO: Wrong image for pod: daemon-set-6zdsv. Expected: k8s.gcr.io/e2e-test-images/agnhost:2.32, got: k8s.gcr.io/e2e-test-images/httpd:2.4.38-1.&#xA;Jul 24 14:03:56.465: INFO: DaemonSet pods can&#39;t tolerate node k8s-node03 with taints [{Key:node.kubernetes.io/not-ready Value: Effect:NoSchedule TimeAdded:2022-07-24 14:03:38 +0000 UTC} {Key:node.kubernetes.io/not-ready Value: Effect:NoExecute TimeAdded:2022-07-24 14:03:41 +0000 UTC}], skip checking this node&#xA;Jul 24 14:03:56.465: INFO: DaemonSet pods can&#39;t tolerate node kubernetes-master with taints [{Key:node-role.kubernetes.io/master Value: Effect:NoSchedule TimeAdded:&lt;nil&gt;}], skip checking this node&#xA;Jul 24 14:03:57.474: INFO: Wrong image for pod: daemon-set-6zdsv. Expected: k8s.gcr.io/e2e-test-images/agnhost:2.32, got: k8s.gcr.io/e2e-test-images/httpd:2.4.38-1.&#xA;Jul 24 14:03:57.477: INFO: DaemonSet pods can&#39;t tolerate node k8s-node03 with taints [{Key:node.kubernetes.io/not-ready Value: Effect:NoSchedule TimeAdded:2022-07-24 14:03:38 +0000 UTC} {Key:node.kubernetes.io/not-ready Value: Effect:NoExecute TimeAdded:2022-07-24 14:03:41 +0000 UTC}], skip checking this node&#xA;Jul 24 14:03:57.477: INFO: DaemonSet pods can&#39;t tolerate node kubernetes-master with taints [{Key:node-role.kubernetes.io/master Value: Effect:NoSchedule TimeAdded:&lt;nil&gt;}], skip checking this node&#xA;Jul 24 14:03:58.463: INFO: Wrong image for pod: daemon-set-6zdsv. Expected: k8s.gcr.io/e2e-test-images/agnhost:2.32, got: k8s.gcr.io/e2e-test-images/httpd:2.4.38-1.&#xA;Jul 24 14:03:58.466: INFO: DaemonSet pods can&#39;t tolerate node k8s-node03 with taints [{Key:node.kubernetes.io/not-ready Value: Effect:NoSchedule TimeAdded:2022-07-24 14:03:38 +0000 UTC} {Key:node.kubernetes.io/not-ready Value: Effect:NoExecute TimeAdded:2022-07-24 14:03:41 +0000 UTC}], skip checking this node&#xA;Jul 24 14:03:58.466: INFO: DaemonSet pods can&#39;t tolerate node kubernetes-master with taints [{Key:node-role.kubernetes.io/master Value: Effect:NoSchedule TimeAdded:&lt;nil&gt;}], skip checking this node&#xA;Jul 24 14:03:59.461: INFO: Wrong image for pod: daemon-set-6zdsv. Expected: k8s.gcr.io/e2e-test-images/agnhost:2.32, got: k8s.gcr.io/e2e-test-images/httpd:2.4.38-1.&#xA;Jul 24 14:03:59.464: INFO: DaemonSet pods can&#39;t tolerate node k8s-node03 with taints [{Key:node.kubernetes.io/not-ready Value: Effect:NoSchedule TimeAdded:2022-07-24 14:03:38 +0000 UTC} {Key:node.kubernetes.io/not-ready Value: Effect:NoExecute TimeAdded:2022-07-24 14:03:41 +0000 UTC}], skip checking this node&#xA;Jul 24 14:03:59.464: INFO: DaemonSet pods can&#39;t tolerate node kubernetes-master with taints [{Key:node-role.kubernetes.io/master Value: Effect:NoSchedule TimeAdded:&lt;nil&gt;}], skip checking this node&#xA;Jul 24 14:04:00.460: INFO: Wrong image for pod: daemon-set-6zdsv. Expected: k8s.gcr.io/e2e-test-images/agnhost:2.32, got: k8s.gcr.io/e2e-test-images/httpd:2.4.38-1.&#xA;Jul 24 14:04:00.463: INFO: DaemonSet pods can&#39;t tolerate node k8s-node03 with taints [{Key:node.kubernetes.io/not-ready Value: Effect:NoSchedule TimeAdded:2022-07-24 14:03:38 +0000 UTC} {Key:node.kubernetes.io/not-ready Value: Effect:NoExecute TimeAdded:2022-07-24 14:03:41 +0000 UTC}], skip checking this node&#xA;Jul 24 14:04:00.463: INFO: DaemonSet pods can&#39;t tolerate node kubernetes-master with taints [{Key:node-role.kubernetes.io/master Value: Effect:NoSchedule TimeAdded:&lt;nil&gt;}], skip checking this node&#xA;Jul 24 14:04:01.460: INFO: Wrong image for pod: daemon-set-6zdsv. Expected: k8s.gcr.io/e2e-test-images/agnhost:2.32, got: k8s.gcr.io/e2e-test-images/httpd:2.4.38-1.&#xA;Jul 24 14:04:01.526: INFO: DaemonSet pods can&#39;t tolerate node k8s-node03 with taints [{Key:node.kubernetes.io/not-ready Value: Effect:NoSchedule TimeAdded:2022-07-24 14:03:38 +0000 UTC} {Key:node.kubernetes.io/not-ready Value: Effect:NoExecute TimeAdded:2022-07-24 14:03:41 +0000 UTC}], skip checking this node&#xA;Jul 24 14:04:01.526: INFO: DaemonSet pods can&#39;t tolerate node kubernetes-master with taints [{Key:node-role.kubernetes.io/master Value: Effect:NoSchedule TimeAdded:&lt;nil&gt;}], skip checking this node&#xA;Jul 24 14:04:02.474: INFO: Wrong image for pod: daemon-set-6zdsv. Expected: k8s.gcr.io/e2e-test-images/agnhost:2.32, got: k8s.gcr.io/e2e-test-images/httpd:2.4.38-1.&#xA;Jul 24 14:04:02.477: INFO: DaemonSet pods can&#39;t tolerate node k8s-node03 with taints [{Key:node.kubernetes.io/not-ready Value: Effect:NoSchedule TimeAdded:2022-07-24 14:03:38 +0000 UTC} {Key:node.kubernetes.io/not-ready Value: Effect:NoExecute TimeAdded:2022-07-24 14:03:41 +0000 UTC}], skip checking this node&#xA;Jul 24 14:04:02.477: INFO: DaemonSet pods can&#39;t tolerate node kubernetes-master with taints [{Key:node-role.kubernetes.io/master Value: Effect:NoSchedule TimeAdded:&lt;nil&gt;}], skip checking this node&#xA;Jul 24 14:04:03.462: INFO: Wrong image for pod: daemon-set-6zdsv. Expected: k8s.gcr.io/e2e-test-images/agnhost:2.32, got: k8s.gcr.io/e2e-test-images/httpd:2.4.38-1.&#xA;Jul 24 14:04:03.466: INFO: DaemonSet pods can&#39;t tolerate node k8s-node03 with taints [{Key:node.kubernetes.io/not-ready Value: Effect:NoSchedule TimeAdded:2022-07-24 14:03:38 +0000 UTC} {Key:node.kubernetes.io/not-ready Value: Effect:NoExecute TimeAdded:2022-07-24 14:03:41 +0000 UTC}], skip checking this node&#xA;Jul 24 14:04:03.466: INFO: DaemonSet pods can&#39;t tolerate node kubernetes-master with taints [{Key:node-role.kubernetes.io/master Value: Effect:NoSchedule TimeAdded:&lt;nil&gt;}], skip checking this node&#xA;Jul 24 14:04:04.462: INFO: Wrong image for pod: daemon-set-6zdsv. Expected: k8s.gcr.io/e2e-test-images/agnhost:2.32, got: k8s.gcr.io/e2e-test-images/httpd:2.4.38-1.&#xA;Jul 24 14:04:04.466: INFO: DaemonSet pods can&#39;t tolerate node k8s-node03 with taints [{Key:node.kubernetes.io/not-ready Value: Effect:NoSchedule TimeAdded:2022-07-24 14:03:38 +0000 UTC} {Key:node.kubernetes.io/not-ready Value: Effect:NoExecute TimeAdded:2022-07-24 14:03:41 +0000 UTC}], skip checking this node&#xA;Jul 24 14:04:04.466: INFO: DaemonSet pods can&#39;t tolerate node kubernetes-master with taints [{Key:node-role.kubernetes.io/master Value: Effect:NoSchedule TimeAdded:&lt;nil&gt;}], skip checking this node&#xA;Jul 24 14:04:05.461: INFO: Wrong image for pod: daemon-set-6zdsv. Expected: k8s.gcr.io/e2e-test-images/agnhost:2.32, got: k8s.gcr.io/e2e-test-images/httpd:2.4.38-1.&#xA;Jul 24 14:04:05.464: INFO: DaemonSet pods can&#39;t tolerate node k8s-node03 with taints [{Key:node.kubernetes.io/not-ready Value: Effect:NoSchedule TimeAdded:2022-07-24 14:03:38 +0000 UTC} {Key:node.kubernetes.io/not-ready Value: Effect:NoExecute TimeAdded:2022-07-24 14:03:41 +0000 UTC}], skip checking this node&#xA;Jul 24 14:04:05.464: INFO: DaemonSet pods can&#39;t tolerate node kubernetes-master with taints [{Key:node-role.kubernetes.io/master Value: Effect:NoSchedule TimeAdded:&lt;nil&gt;}], skip checking this node&#xA;Jul 24 14:04:06.461: INFO: Wrong image for pod: daemon-set-6zdsv. Expected: k8s.gcr.io/e2e-test-images/agnhost:2.32, got: k8s.gcr.io/e2e-test-images/httpd:2.4.38-1.&#xA;Jul 24 14:04:06.464: INFO: DaemonSet pods can&#39;t tolerate node k8s-node03 with taints [{Key:node.kubernetes.io/not-ready Value: Effect:NoSchedule TimeAdded:2022-07-24 14:03:38 +0000 UTC} {Key:node.kubernetes.io/not-ready Value: Effect:NoExecute TimeAdded:2022-07-24 14:03:41 +0000 UTC}], skip checking this node&#xA;Jul 24 14:04:06.464: INFO: DaemonSet pods can&#39;t tolerate node kubernetes-master with taints [{Key:node-role.kubernetes.io/master Value: Effect:NoSchedule TimeAdded:&lt;nil&gt;}], skip checking this node&#xA;Jul 24 14:04:07.461: INFO: Wrong image for pod: daemon-set-6zdsv. Expected: k8s.gcr.io/e2e-test-images/agnhost:2.32, got: k8s.gcr.io/e2e-test-images/httpd:2.4.38-1.&#xA;Jul 24 14:04:07.463: INFO: DaemonSet pods can&#39;t tolerate node k8s-node03 with taints [{Key:node.kubernetes.io/not-ready Value: Effect:NoSchedule TimeAdded:2022-07-24 14:03:38 +0000 UTC} {Key:node.kubernetes.io/not-ready Value: Effect:NoExecute TimeAdded:2022-07-24 14:03:41 +0000 UTC}], skip checking this node&#xA;Jul 24 14:04:07.463: INFO: DaemonSet pods can&#39;t tolerate node kubernetes-master with taints [{Key:node-role.kubernetes.io/master Value: Effect:NoSchedule TimeAdded:&lt;nil&gt;}], skip checking this node&#xA;Jul 24 14:04:08.461: INFO: Wrong image for pod: daemon-set-6zdsv. Expected: k8s.gcr.io/e2e-test-images/agnhost:2.32, got: k8s.gcr.io/e2e-test-images/httpd:2.4.38-1.&#xA;Jul 24 14:04:08.464: INFO: DaemonSet pods can&#39;t tolerate node k8s-node03 with taints [{Key:node.kubernetes.io/not-ready Value: Effect:NoSchedule TimeAdded:2022-07-24 14:03:38 +0000 UTC} {Key:node.kubernetes.io/not-ready Value: Effect:NoExecute TimeAdded:2022-07-24 14:03:41 +0000 UTC}], skip checking this node&#xA;Jul 24 14:04:08.464: INFO: DaemonSet pods can&#39;t tolerate node kubernetes-master with taints [{Key:node-role.kubernetes.io/master Value: Effect:NoSchedule TimeAdded:&lt;nil&gt;}], skip checking this node&#xA;Jul 24 14:04:09.461: INFO: Wrong image for pod: daemon-set-6zdsv. Expected: k8s.gcr.io/e2e-test-images/agnhost:2.32, got: k8s.gcr.io/e2e-test-images/httpd:2.4.38-1.&#xA;Jul 24 14:04:09.464: INFO: DaemonSet pods can&#39;t tolerate node k8s-node03 with taints [{Key:node.kubernetes.io/not-ready Value: Effect:NoSchedule TimeAdded:2022-07-24 14:03:38 +0000 UTC} {Key:node.kubernetes.io/not-ready Value: Effect:NoExecute TimeAdded:2022-07-24 14:03:41 +0000 UTC}], skip checking this node&#xA;Jul 24 14:04:09.464: INFO: DaemonSet pods can&#39;t tolerate node kubernetes-master with taints [{Key:node-role.kubernetes.io/master Value: Effect:NoSchedule TimeAdded:&lt;nil&gt;}], skip checking this node&#xA;Jul 24 14:04:10.461: INFO: Wrong image for pod: daemon-set-6zdsv. Expected: k8s.gcr.io/e2e-test-images/agnhost:2.32, got: k8s.gcr.io/e2e-test-images/httpd:2.4.38-1.&#xA;Jul 24 14:04:10.468: INFO: DaemonSet pods can&#39;t tolerate node k8s-node03 with taints [{Key:node.kubernetes.io/not-ready Value: Effect:NoSchedule TimeAdded:2022-07-24 14:03:38 +0000 UTC} {Key:node.kubernetes.io/not-ready Value: Effect:NoExecute TimeAdded:2022-07-24 14:03:41 +0000 UTC}], skip checking this node&#xA;Jul 24 14:04:10.468: INFO: DaemonSet pods can&#39;t tolerate node kubernetes-master with taints [{Key:node-role.kubernetes.io/master Value: Effect:NoSchedule TimeAdded:&lt;nil&gt;}], skip checking this node&#xA;Jul 24 14:04:11.713: INFO: Wrong image for pod: daemon-set-6zdsv. Expected: k8s.gcr.io/e2e-test-images/agnhost:2.32, got: k8s.gcr.io/e2e-test-images/httpd:2.4.38-1.&#xA;Jul 24 14:04:11.718: INFO: DaemonSet pods can&#39;t tolerate node k8s-node03 with taints [{Key:node.kubernetes.io/not-ready Value: Effect:NoSchedule TimeAdded:2022-07-24 14:03:38 +0000 UTC} {Key:node.kubernetes.io/not-ready Value: Effect:NoExecute TimeAdded:2022-07-24 14:03:41 +0000 UTC}], skip checking this node&#xA;Jul 24 14:04:11.718: INFO: DaemonSet pods can&#39;t tolerate node kubernetes-master with taints [{Key:node-role.kubernetes.io/master Value: Effect:NoSchedule TimeAdded:&lt;nil&gt;}], skip checking this node&#xA;Jul 24 14:04:12.461: INFO: Wrong image for pod: daemon-set-6zdsv. Expected: k8s.gcr.io/e2e-test-images/agnhost:2.32, got: k8s.gcr.io/e2e-test-images/httpd:2.4.38-1.&#xA;Jul 24 14:04:12.464: INFO: DaemonSet pods can&#39;t tolerate node k8s-node03 with taints [{Key:node.kubernetes.io/not-ready Value: Effect:NoSchedule TimeAdded:2022-07-24 14:03:38 +0000 UTC} {Key:node.kubernetes.io/not-ready Value: Effect:NoExecute TimeAdded:2022-07-24 14:03:41 +0000 UTC}], skip checking this node&#xA;Jul 24 14:04:12.464: INFO: DaemonSet pods can&#39;t tolerate node kubernetes-master with taints [{Key:node-role.kubernetes.io/master Value: Effect:NoSchedule TimeAdded:&lt;nil&gt;}], skip checking this node&#xA;Jul 24 14:04:13.462: INFO: Wrong image for pod: daemon-set-6zdsv. Expected: k8s.gcr.io/e2e-test-images/agnhost:2.32, got: k8s.gcr.io/e2e-test-images/httpd:2.4.38-1.&#xA;Jul 24 14:04:13.465: INFO: DaemonSet pods can&#39;t tolerate node k8s-node03 with taints [{Key:node.kubernetes.io/not-ready Value: Effect:NoSchedule TimeAdded:2022-07-24 14:03:38 +0000 UTC} {Key:node.kubernetes.io/not-ready Value: Effect:NoExecute TimeAdded:2022-07-24 14:03:41 +0000 UTC}], skip checking this node&#xA;Jul 24 14:04:13.466: INFO: DaemonSet pods can&#39;t tolerate node kubernetes-master with taints [{Key:node-role.kubernetes.io/master Value: Effect:NoSchedule TimeAdded:&lt;nil&gt;}], skip checking this node&#xA;Jul 24 14:04:14.462: INFO: Wrong image for pod: daemon-set-6zdsv. Expected: k8s.gcr.io/e2e-test-images/agnhost:2.32, got: k8s.gcr.io/e2e-test-images/httpd:2.4.38-1.&#xA;Jul 24 14:04:14.466: INFO: DaemonSet pods can&#39;t tolerate node k8s-node03 with taints [{Key:node.kubernetes.io/not-ready Value: Effect:NoSchedule TimeAdded:2022-07-24 14:03:38 +0000 UTC} {Key:node.kubernetes.io/not-ready Value: Effect:NoExecute TimeAdded:2022-07-24 14:03:41 +0000 UTC}], skip checking this node&#xA;Jul 24 14:04:14.466: INFO: DaemonSet pods can&#39;t tolerate node kubernetes-master with taints [{Key:node-role.kubernetes.io/master Value: Effect:NoSchedule TimeAdded:&lt;nil&gt;}], skip checking this node&#xA;Jul 24 14:04:15.462: INFO: Wrong image for pod: daemon-set-6zdsv. Expected: k8s.gcr.io/e2e-test-images/agnhost:2.32, got: k8s.gcr.io/e2e-test-images/httpd:2.4.38-1.&#xA;Jul 24 14:04:15.465: INFO: DaemonSet pods can&#39;t tolerate node k8s-node03 with taints [{Key:node.kubernetes.io/not-ready Value: Effect:NoSchedule TimeAdded:2022-07-24 14:03:38 +0000 UTC} {Key:node.kubernetes.io/not-ready Value: Effect:NoExecute TimeAdded:2022-07-24 14:03:41 +0000 UTC}], skip checking this node&#xA;Jul 24 14:04:15.465: INFO: DaemonSet pods can&#39;t tolerate node kubernetes-master with taints [{Key:node-role.kubernetes.io/master Value: Effect:NoSchedule TimeAdded:&lt;nil&gt;}], skip checking this node&#xA;Jul 24 14:04:16.480: INFO: Wrong image for pod: daemon-set-6zdsv. Expected: k8s.gcr.io/e2e-test-images/agnhost:2.32, got: k8s.gcr.io/e2e-test-images/httpd:2.4.38-1.&#xA;Jul 24 14:04:16.483: INFO: DaemonSet pods can&#39;t tolerate node k8s-node03 with taints [{Key:node.kubernetes.io/not-ready Value: Effect:NoSchedule TimeAdded:2022-07-24 14:03:38 +0000 UTC} {Key:node.kubernetes.io/not-ready Value: Effect:NoExecute TimeAdded:2022-07-24 14:03:41 +0000 UTC}], skip checking this node&#xA;Jul 24 14:04:16.483: INFO: DaemonSet pods can&#39;t tolerate node kubernetes-master with taints [{Key:node-role.kubernetes.io/master Value: Effect:NoSchedule TimeAdded:&lt;nil&gt;}], skip checking this node&#xA;Jul 24 14:04:17.461: INFO: Wrong image for pod: daemon-set-6zdsv. Expected: k8s.gcr.io/e2e-test-images/agnhost:2.32, got: k8s.gcr.io/e2e-test-images/httpd:2.4.38-1.&#xA;Jul 24 14:04:17.464: INFO: DaemonSet pods can&#39;t tolerate node k8s-node03 with taints [{Key:node.kubernetes.io/not-ready Value: Effect:NoSchedule TimeAdded:2022-07-24 14:03:38 +0000 UTC} {Key:node.kubernetes.io/not-ready Value: Effect:NoExecute TimeAdded:2022-07-24 14:03:41 +0000 UTC}], skip checking this node&#xA;Jul 24 14:04:17.464: INFO: DaemonSet pods can&#39;t tolerate node kubernetes-master with taints [{Key:node-role.kubernetes.io/master Value: Effect:NoSchedule TimeAdded:&lt;nil&gt;}], skip checking this node&#xA;Jul 24 14:04:18.463: INFO: Wrong image for pod: daemon-set-6zdsv. Expected: k8s.gcr.io/e2e-test-images/agnhost:2.32, got: k8s.gcr.io/e2e-test-images/httpd:2.4.38-1.&#xA;Jul 24 14:04:18.467: INFO: DaemonSet pods can&#39;t tolerate node k8s-node03 with taints [{Key:node.kubernetes.io/not-ready Value: Effect:NoSchedule TimeAdded:2022-07-24 14:03:38 +0000 UTC} {Key:node.kubernetes.io/not-ready Value: Effect:NoExecute TimeAdded:2022-07-24 14:03:41 +0000 UTC}], skip checking this node&#xA;Jul 24 14:04:18.467: INFO: DaemonSet pods can&#39;t tolerate node kubernetes-master with taints [{Key:node-role.kubernetes.io/master Value: Effect:NoSchedule TimeAdded:&lt;nil&gt;}], skip checking this node&#xA;Jul 24 14:04:19.460: INFO: Wrong image for pod: daemon-set-6zdsv. Expected: k8s.gcr.io/e2e-test-images/agnhost:2.32, got: k8s.gcr.io/e2e-test-images/httpd:2.4.38-1.&#xA;Jul 24 14:04:19.463: INFO: DaemonSet pods can&#39;t tolerate node k8s-node03 with taints [{Key:node.kubernetes.io/not-ready Value: Effect:NoSchedule TimeAdded:2022-07-24 14:03:38 +0000 UTC} {Key:node.kubernetes.io/not-ready Value: Effect:NoExecute TimeAdded:2022-07-24 14:03:41 +0000 UTC}], skip checking this node&#xA;Jul 24 14:04:19.463: INFO: DaemonSet pods can&#39;t tolerate node kubernetes-master with taints [{Key:node-role.kubernetes.io/master Value: Effect:NoSchedule TimeAdded:&lt;nil&gt;}], skip checking this node&#xA;Jul 24 14:04:20.462: INFO: Wrong image for pod: daemon-set-6zdsv. Expected: k8s.gcr.io/e2e-test-images/agnhost:2.32, got: k8s.gcr.io/e2e-test-images/httpd:2.4.38-1.&#xA;Jul 24 14:04:20.465: INFO: DaemonSet pods can&#39;t tolerate node k8s-node03 with taints [{Key:node.kubernetes.io/not-ready Value: Effect:NoSchedule TimeAdded:2022-07-24 14:03:38 +0000 UTC} {Key:node.kubernetes.io/not-ready Value: Effect:NoExecute TimeAdded:2022-07-24 14:03:41 +0000 UTC}], skip checking this node&#xA;Jul 24 14:04:20.465: INFO: DaemonSet pods can&#39;t tolerate node kubernetes-master with taints [{Key:node-role.kubernetes.io/master Value: Effect:NoSchedule TimeAdded:&lt;nil&gt;}], skip checking this node&#xA;Jul 24 14:04:21.466: INFO: Wrong image for pod: daemon-set-6zdsv. Expected: k8s.gcr.io/e2e-test-images/agnhost:2.32, got: k8s.gcr.io/e2e-test-images/httpd:2.4.38-1.&#xA;Jul 24 14:04:21.470: INFO: DaemonSet pods can&#39;t tolerate node k8s-node03 with taints [{Key:node.kubernetes.io/not-ready Value: Effect:NoSchedule TimeAdded:2022-07-24 14:03:38 +0000 UTC} {Key:node.kubernetes.io/not-ready Value: Effect:NoExecute TimeAdded:2022-07-24 14:03:41 +0000 UTC}], skip checking this node&#xA;Jul 24 14:04:21.470: INFO: DaemonSet pods can&#39;t tolerate node kubernetes-master with taints [{Key:node-role.kubernetes.io/master Value: Effect:NoSchedule TimeAdded:&lt;nil&gt;}], skip checking this node&#xA;Jul 24 14:04:22.503: INFO: Wrong image for pod: daemon-set-6zdsv. Expected: k8s.gcr.io/e2e-test-images/agnhost:2.32, got: k8s.gcr.io/e2e-test-images/httpd:2.4.38-1.&#xA;Jul 24 14:04:22.508: INFO: DaemonSet pods can&#39;t tolerate node k8s-node03 with taints [{Key:node.kubernetes.io/not-ready Value: Effect:NoSchedule TimeAdded:2022-07-24 14:03:38 +0000 UTC} {Key:node.kubernetes.io/not-ready Value: Effect:NoExecute TimeAdded:2022-07-24 14:03:41 +0000 UTC}], skip checking this node&#xA;Jul 24 14:04:22.508: INFO: DaemonSet pods can&#39;t tolerate node kubernetes-master with taints [{Key:node-role.kubernetes.io/master Value: Effect:NoSchedule TimeAdded:&lt;nil&gt;}], skip checking this node&#xA;Jul 24 14:04:23.491: INFO: Wrong image for pod: daemon-set-6zdsv. Expected: k8s.gcr.io/e2e-test-images/agnhost:2.32, got: k8s.gcr.io/e2e-test-images/httpd:2.4.38-1.&#xA;Jul 24 14:04:23.609: INFO: DaemonSet pods can&#39;t tolerate node k8s-node03 with taints [{Key:node.kubernetes.io/not-ready Value: Effect:NoSchedule TimeAdded:2022-07-24 14:03:38 +0000 UTC} {Key:node.kubernetes.io/not-ready Value: Effect:NoExecute TimeAdded:2022-07-24 14:03:41 +0000 UTC}], skip checking this node&#xA;Jul 24 14:04:23.610: INFO: DaemonSet pods can&#39;t tolerate node kubernetes-master with taints [{Key:node-role.kubernetes.io/master Value: Effect:NoSchedule TimeAdded:&lt;nil&gt;}], skip checking this node&#xA;Jul 24 14:04:24.614: INFO: Wrong image for pod: daemon-set-6zdsv. Expected: k8s.gcr.io/e2e-test-images/agnhost:2.32, got: k8s.gcr.io/e2e-test-images/httpd:2.4.38-1.&#xA;Jul 24 14:04:24.655: INFO: DaemonSet pods can&#39;t tolerate node k8s-node03 with taints [{Key:node.kubernetes.io/not-ready Value: Effect:NoSchedule TimeAdded:2022-07-24 14:03:38 +0000 UTC} {Key:node.kubernetes.io/not-ready Value: Effect:NoExecute TimeAdded:2022-07-24 14:03:41 +0000 UTC}], skip checking this node&#xA;Jul 24 14:04:24.660: INFO: DaemonSet pods can&#39;t tolerate node kubernetes-master with taints [{Key:node-role.kubernetes.io/master Value: Effect:NoSchedule TimeAdded:&lt;nil&gt;}], skip checking this node&#xA;Jul 24 14:04:25.467: INFO: Wrong image for pod: daemon-set-6zdsv. Expected: k8s.gcr.io/e2e-test-images/agnhost:2.32, got: k8s.gcr.io/e2e-test-images/httpd:2.4.38-1.&#xA;Jul 24 14:04:25.571: INFO: DaemonSet pods can&#39;t tolerate node k8s-node03 with taints [{Key:node.kubernetes.io/not-ready Value: Effect:NoSchedule TimeAdded:2022-07-24 14:03:38 +0000 UTC} {Key:node.kubernetes.io/not-ready Value: Effect:NoExecute TimeAdded:2022-07-24 14:03:41 +0000 UTC}], skip checking this node&#xA;Jul 24 14:04:25.571: INFO: DaemonSet pods can&#39;t tolerate node kubernetes-master with taints [{Key:node-role.kubernetes.io/master Value: Effect:NoSchedule TimeAdded:&lt;nil&gt;}], skip checking this node&#xA;Jul 24 14:04:26.510: INFO: Wrong image for pod: daemon-set-6zdsv. Expected: k8s.gcr.io/e2e-test-images/agnhost:2.32, got: k8s.gcr.io/e2e-test-images/httpd:2.4.38-1.&#xA;Jul 24 14:04:26.625: INFO: DaemonSet pods can&#39;t tolerate node k8s-node03 with taints [{Key:node.kubernetes.io/not-ready Value: Effect:NoSchedule TimeAdded:2022-07-24 14:03:38 +0000 UTC} {Key:node.kubernetes.io/not-ready Value: Effect:NoExecute TimeAdded:2022-07-24 14:03:41 +0000 UTC}], skip checking this node&#xA;Jul 24 14:04:26.625: INFO: DaemonSet pods can&#39;t tolerate node kubernetes-master with taints [{Key:node-role.kubernetes.io/master Value: Effect:NoSchedule TimeAdded:&lt;nil&gt;}], skip checking this node&#xA;Jul 24 14:04:27.460: INFO: Wrong image for pod: daemon-set-6zdsv. Expected: k8s.gcr.io/e2e-test-images/agnhost:2.32, got: k8s.gcr.io/e2e-test-images/httpd:2.4.38-1.&#xA;Jul 24 14:04:27.463: INFO: DaemonSet pods can&#39;t tolerate node k8s-node03 with taints [{Key:node.kubernetes.io/not-ready Value: Effect:NoSchedule TimeAdded:2022-07-24 14:03:38 +0000 UTC} {Key:node.kubernetes.io/not-ready Value: Effect:NoExecute TimeAdded:2022-07-24 14:03:41 +0000 UTC}], skip checking this node&#xA;Jul 24 14:04:27.463: INFO: DaemonSet pods can&#39;t tolerate node kubernetes-master with taints [{Key:node-role.kubernetes.io/master Value: Effect:NoSchedule TimeAdded:&lt;nil&gt;}], skip checking this node&#xA;Jul 24 14:04:28.460: INFO: Wrong image for pod: daemon-set-6zdsv. Expected: k8s.gcr.io/e2e-test-images/agnhost:2.32, got: k8s.gcr.io/e2e-test-images/httpd:2.4.38-1.&#xA;Jul 24 14:04:28.463: INFO: DaemonSet pods can&#39;t tolerate node k8s-node03 with taints [{Key:node.kubernetes.io/not-ready Value: Effect:NoSchedule TimeAdded:2022-07-24 14:03:38 +0000 UTC} {Key:node.kubernetes.io/not-ready Value: Effect:NoExecute TimeAdded:2022-07-24 14:03:41 +0000 UTC}], skip checking this node&#xA;Jul 24 14:04:28.463: INFO: DaemonSet pods can&#39;t tolerate node kubernetes-master with taints [{Key:node-role.kubernetes.io/master Value: Effect:NoSchedule TimeAdded:&lt;nil&gt;}], skip checking this node&#xA;Jul 24 14:04:29.466: INFO: Wrong image for pod: daemon-set-6zdsv. Expected: k8s.gcr.io/e2e-test-images/agnhost:2.32, got: k8s.gcr.io/e2e-test-images/httpd:2.4.38-1.&#xA;Jul 24 14:04:29.471: INFO: DaemonSet pods can&#39;t tolerate node k8s-node03 with taints [{Key:node.kubernetes.io/not-ready Value: Effect:NoSchedule TimeAdded:2022-07-24 14:03:38 +0000 UTC} {Key:node.kubernetes.io/not-ready Value: Effect:NoExecute TimeAdded:2022-07-24 14:03:41 +0000 UTC}], skip checking this node&#xA;Jul 24 14:04:29.471: INFO: DaemonSet pods can&#39;t tolerate node kubernetes-master with taints [{Key:node-role.kubernetes.io/master Value: Effect:NoSchedule TimeAdded:&lt;nil&gt;}], skip checking this node&#xA;Jul 24 14:04:30.461: INFO: Wrong image for pod: daemon-set-6zdsv. Expected: k8s.gcr.io/e2e-test-images/agnhost:2.32, got: k8s.gcr.io/e2e-test-images/httpd:2.4.38-1.&#xA;Jul 24 14:04:30.464: INFO: DaemonSet pods can&#39;t tolerate node k8s-node03 with taints [{Key:node.kubernetes.io/not-ready Value: Effect:NoSchedule TimeAdded:2022-07-24 14:03:38 +0000 UTC} {Key:node.kubernetes.io/not-ready Value: Effect:NoExecute TimeAdded:2022-07-24 14:03:41 +0000 UTC}], skip checking this node&#xA;Jul 24 14:04:30.465: INFO: DaemonSet pods can&#39;t tolerate node kubernetes-master with taints [{Key:node-role.kubernetes.io/master Value: Effect:NoSchedule TimeAdded:&lt;nil&gt;}], skip checking this node&#xA;Jul 24 14:04:31.484: INFO: Wrong image for pod: daemon-set-6zdsv. Expected: k8s.gcr.io/e2e-test-images/agnhost:2.32, got: k8s.gcr.io/e2e-test-images/httpd:2.4.38-1.&#xA;Jul 24 14:04:31.489: INFO: DaemonSet pods can&#39;t tolerate node k8s-node03 with taints [{Key:node.kubernetes.io/not-ready Value: Effect:NoSchedule TimeAdded:2022-07-24 14:03:38 +0000 UTC} {Key:node.kubernetes.io/not-ready Value: Effect:NoExecute TimeAdded:2022-07-24 14:03:41 +0000 UTC}], skip checking this node&#xA;Jul 24 14:04:31.489: INFO: DaemonSet pods can&#39;t tolerate node kubernetes-master with taints [{Key:node-role.kubernetes.io/master Value: Effect:NoSchedule TimeAdded:&lt;nil&gt;}], skip checking this node&#xA;Jul 24 14:04:32.493: INFO: Wrong image for pod: daemon-set-6zdsv. Expected: k8s.gcr.io/e2e-test-images/agnhost:2.32, got: k8s.gcr.io/e2e-test-images/httpd:2.4.38-1.&#xA;Jul 24 14:04:32.496: INFO: DaemonSet pods can&#39;t tolerate node k8s-node03 with taints [{Key:node.kubernetes.io/not-ready Value: Effect:NoSchedule TimeAdded:2022-07-24 14:03:38 +0000 UTC} {Key:node.kubernetes.io/not-ready Value: Effect:NoExecute TimeAdded:2022-07-24 14:03:41 +0000 UTC}], skip checking this node&#xA;Jul 24 14:04:32.496: INFO: DaemonSet pods can&#39;t tolerate node kubernetes-master with taints [{Key:node-role.kubernetes.io/master Value: Effect:NoSchedule TimeAdded:&lt;nil&gt;}], skip checking this node&#xA;Jul 24 14:04:33.493: INFO: Wrong image for pod: daemon-set-6zdsv. Expected: k8s.gcr.io/e2e-test-images/agnhost:2.32, got: k8s.gcr.io/e2e-test-images/httpd:2.4.38-1.&#xA;Jul 24 14:04:33.497: INFO: DaemonSet pods can&#39;t tolerate node k8s-node03 with taints [{Key:node.kubernetes.io/not-ready Value: Effect:NoSchedule TimeAdded:2022-07-24 14:03:38 +0000 UTC} {Key:node.kubernetes.io/not-ready Value: Effect:NoExecute TimeAdded:2022-07-24 14:03:41 +0000 UTC}], skip checking this node&#xA;Jul 24 14:04:33.497: INFO: DaemonSet pods can&#39;t tolerate node kubernetes-master with taints [{Key:node-role.kubernetes.io/master Value: Effect:NoSchedule TimeAdded:&lt;nil&gt;}], skip checking this node&#xA;Jul 24 14:04:34.461: INFO: Wrong image for pod: daemon-set-6zdsv. Expected: k8s.gcr.io/e2e-test-images/agnhost:2.32, got: k8s.gcr.io/e2e-test-images/httpd:2.4.38-1.&#xA;Jul 24 14:04:34.464: INFO: DaemonSet pods can&#39;t tolerate node k8s-node03 with taints [{Key:node.kubernetes.io/not-ready Value: Effect:NoSchedule TimeAdded:2022-07-24 14:03:38 +0000 UTC} {Key:node.kubernetes.io/not-ready Value: Effect:NoExecute TimeAdded:2022-07-24 14:03:41 +0000 UTC}], skip checking this node&#xA;Jul 24 14:04:34.464: INFO: DaemonSet pods can&#39;t tolerate node kubernetes-master with taints [{Key:node-role.kubernetes.io/master Value: Effect:NoSchedule TimeAdded:&lt;nil&gt;}], skip checking this node&#xA;Jul 24 14:04:35.460: INFO: Wrong image for pod: daemon-set-6zdsv. Expected: k8s.gcr.io/e2e-test-images/agnhost:2.32, got: k8s.gcr.io/e2e-test-images/httpd:2.4.38-1.&#xA;Jul 24 14:04:35.464: INFO: DaemonSet pods can&#39;t tolerate node k8s-node03 with taints [{Key:node.kubernetes.io/not-ready Value: Effect:NoSchedule TimeAdded:2022-07-24 14:03:38 +0000 UTC} {Key:node.kubernetes.io/not-ready Value: Effect:NoExecute TimeAdded:2022-07-24 14:03:41 +0000 UTC}], skip checking this node&#xA;Jul 24 14:04:35.464: INFO: DaemonSet pods can&#39;t tolerate node kubernetes-master with taints [{Key:node-role.kubernetes.io/master Value: Effect:NoSchedule TimeAdded:&lt;nil&gt;}], skip checking this node&#xA;Jul 24 14:04:36.460: INFO: Wrong image for pod: daemon-set-6zdsv. Expected: k8s.gcr.io/e2e-test-images/agnhost:2.32, got: k8s.gcr.io/e2e-test-images/httpd:2.4.38-1.&#xA;Jul 24 14:04:36.463: INFO: DaemonSet pods can&#39;t tolerate node k8s-node03 with taints [{Key:node.kubernetes.io/not-ready Value: Effect:NoSchedule TimeAdded:2022-07-24 14:03:38 +0000 UTC} {Key:node.kubernetes.io/not-ready Value: Effect:NoExecute TimeAdded:2022-07-24 14:03:41 +0000 UTC}], skip checking this node&#xA;Jul 24 14:04:36.463: INFO: DaemonSet pods can&#39;t tolerate node kubernetes-master with taints [{Key:node-role.kubernetes.io/master Value: Effect:NoSchedule TimeAdded:&lt;nil&gt;}], skip checking this node&#xA;Jul 24 14:04:37.490: INFO: Wrong image for pod: daemon-set-6zdsv. Expected: k8s.gcr.io/e2e-test-images/agnhost:2.32, got: k8s.gcr.io/e2e-test-images/httpd:2.4.38-1.&#xA;Jul 24 14:04:37.494: INFO: DaemonSet pods can&#39;t tolerate node k8s-node03 with taints [{Key:node.kubernetes.io/not-ready Value: Effect:NoSchedule TimeAdded:2022-07-24 14:03:38 +0000 UTC} {Key:node.kubernetes.io/not-ready Value: Effect:NoExecute TimeAdded:2022-07-24 14:03:41 +0000 UTC}], skip checking this node&#xA;Jul 24 14:04:37.494: INFO: DaemonSet pods can&#39;t tolerate node kubernetes-master with taints [{Key:node-role.kubernetes.io/master Value: Effect:NoSchedule TimeAdded:&lt;nil&gt;}], skip checking this node&#xA;Jul 24 14:04:38.461: INFO: Wrong image for pod: daemon-set-6zdsv. Expected: k8s.gcr.io/e2e-test-images/agnhost:2.32, got: k8s.gcr.io/e2e-test-images/httpd:2.4.38-1.&#xA;Jul 24 14:04:38.464: INFO: DaemonSet pods can&#39;t tolerate node k8s-node03 with taints [{Key:node.kubernetes.io/not-ready Value: Effect:NoSchedule TimeAdded:2022-07-24 14:03:38 +0000 UTC} {Key:node.kubernetes.io/not-ready Value: Effect:NoExecute TimeAdded:2022-07-24 14:03:41 +0000 UTC}], skip checking this node&#xA;Jul 24 14:04:38.464: INFO: DaemonSet pods can&#39;t tolerate node kubernetes-master with taints [{Key:node-role.kubernetes.io/master Value: Effect:NoSchedule TimeAdded:&lt;nil&gt;}], skip checking this node&#xA;Jul 24 14:04:39.462: INFO: Wrong image for pod: daemon-set-6zdsv. Expected: k8s.gcr.io/e2e-test-images/agnhost:2.32, got: k8s.gcr.io/e2e-test-images/httpd:2.4.38-1.&#xA;Jul 24 14:04:39.465: INFO: DaemonSet pods can&#39;t tolerate node kubernetes-master with taints [{Key:node-role.kubernetes.io/master Value: Effect:NoSchedule TimeAdded:&lt;nil&gt;}], skip checking this node&#xA;Jul 24 14:04:40.463: INFO: Wrong image for pod: daemon-set-6zdsv. Expected: k8s.gcr.io/e2e-test-images/agnhost:2.32, got: k8s.gcr.io/e2e-test-images/httpd:2.4.38-1.&#xA;Jul 24 14:04:40.466: INFO: DaemonSet pods can&#39;t tolerate node kubernetes-master with taints [{Key:node-role.kubernetes.io/master Value: Effect:NoSchedule TimeAdded:&lt;nil&gt;}], skip checking this node&#xA;Jul 24 14:04:41.461: INFO: Wrong image for pod: daemon-set-6zdsv. Expected: k8s.gcr.io/e2e-test-images/agnhost:2.32, got: k8s.gcr.io/e2e-test-images/httpd:2.4.38-1.&#xA;Jul 24 14:04:41.464: INFO: DaemonSet pods can&#39;t tolerate node kubernetes-master with taints [{Key:node-role.kubernetes.io/master Value: Effect:NoSchedule TimeAdded:&lt;nil&gt;}], skip checking this node&#xA;Jul 24 14:04:42.497: INFO: Wrong image for pod: daemon-set-6zdsv. Expected: k8s.gcr.io/e2e-test-images/agnhost:2.32, got: k8s.gcr.io/e2e-test-images/httpd:2.4.38-1.&#xA;Jul 24 14:04:42.509: INFO: DaemonSet pods can&#39;t tolerate node kubernetes-master with taints [{Key:node-role.kubernetes.io/master Value: Effect:NoSchedule TimeAdded:&lt;nil&gt;}], skip checking this node&#xA;Jul 24 14:04:43.460: INFO: Wrong image for pod: daemon-set-6zdsv. Expected: k8s.gcr.io/e2e-test-images/agnhost:2.32, got: k8s.gcr.io/e2e-test-images/httpd:2.4.38-1.&#xA;Jul 24 14:04:43.462: INFO: DaemonSet pods can&#39;t tolerate node kubernetes-master with taints [{Key:node-role.kubernetes.io/master Value: Effect:NoSchedule TimeAdded:&lt;nil&gt;}], skip checking this node&#xA;Jul 24 14:04:44.460: INFO: Wrong image for pod: daemon-set-6zdsv. Expected: k8s.gcr.io/e2e-test-images/agnhost:2.32, got: k8s.gcr.io/e2e-test-images/httpd:2.4.38-1.&#xA;Jul 24 14:04:44.462: INFO: DaemonSet pods can&#39;t tolerate node kubernetes-master with taints [{Key:node-role.kubernetes.io/master Value: Effect:NoSchedule TimeAdded:&lt;nil&gt;}], skip checking this node&#xA;Jul 24 14:04:45.461: INFO: Wrong image for pod: daemon-set-6zdsv. Expected: k8s.gcr.io/e2e-test-images/agnhost:2.32, got: k8s.gcr.io/e2e-test-images/httpd:2.4.38-1.&#xA;Jul 24 14:04:45.464: INFO: DaemonSet pods can&#39;t tolerate node kubernetes-master with taints [{Key:node-role.kubernetes.io/master Value: Effect:NoSchedule TimeAdded:&lt;nil&gt;}], skip checking this node&#xA;Jul 24 14:04:46.461: INFO: Wrong image for pod: daemon-set-6zdsv. Expected: k8s.gcr.io/e2e-test-images/agnhost:2.32, got: k8s.gcr.io/e2e-test-images/httpd:2.4.38-1.&#xA;Jul 24 14:04:46.464: INFO: DaemonSet pods can&#39;t tolerate node kubernetes-master with taints [{Key:node-role.kubernetes.io/master Value: Effect:NoSchedule TimeAdded:&lt;nil&gt;}], skip checking this node&#xA;Jul 24 14:04:47.460: INFO: Wrong image for pod: daemon-set-6zdsv. Expected: k8s.gcr.io/e2e-test-images/agnhost:2.32, got: k8s.gcr.io/e2e-test-images/httpd:2.4.38-1.&#xA;Jul 24 14:04:47.463: INFO: DaemonSet pods can&#39;t tolerate node kubernetes-master with taints [{Key:node-role.kubernetes.io/master Value: Effect:NoSchedule TimeAdded:&lt;nil&gt;}], skip checking this node&#xA;Jul 24 14:04:48.460: INFO: Wrong image for pod: daemon-set-6zdsv. Expected: k8s.gcr.io/e2e-test-images/agnhost:2.32, got: k8s.gcr.io/e2e-test-images/httpd:2.4.38-1.&#xA;Jul 24 14:04:48.464: INFO: DaemonSet pods can&#39;t tolerate node kubernetes-master with taints [{Key:node-role.kubernetes.io/master Value: Effect:NoSchedule TimeAdded:&lt;nil&gt;}], skip checking this node&#xA;Jul 24 14:04:49.461: INFO: Wrong image for pod: daemon-set-6zdsv. Expected: k8s.gcr.io/e2e-test-images/agnhost:2.32, got: k8s.gcr.io/e2e-test-images/httpd:2.4.38-1.&#xA;Jul 24 14:04:49.464: INFO: DaemonSet pods can&#39;t tolerate node kubernetes-master with taints [{Key:node-role.kubernetes.io/master Value: Effect:NoSchedule TimeAdded:&lt;nil&gt;}], skip checking this node&#xA;Jul 24 14:04:50.465: INFO: Wrong image for pod: daemon-set-6zdsv. Expected: k8s.gcr.io/e2e-test-images/agnhost:2.32, got: k8s.gcr.io/e2e-test-images/httpd:2.4.38-1.&#xA;Jul 24 14:04:50.469: INFO: DaemonSet pods can&#39;t tolerate node kubernetes-master with taints [{Key:node-role.kubernetes.io/master Value: Effect:NoSchedule TimeAdded:&lt;nil&gt;}], skip checking this node&#xA;Jul 24 14:04:51.460: INFO: Wrong image for pod: daemon-set-6zdsv. Expected: k8s.gcr.io/e2e-test-images/agnhost:2.32, got: k8s.gcr.io/e2e-test-images/httpd:2.4.38-1.&#xA;Jul 24 14:04:51.464: INFO: DaemonSet pods can&#39;t tolerate node kubernetes-master with taints [{Key:node-role.kubernetes.io/master Value: Effect:NoSchedule TimeAdded:&lt;nil&gt;}], skip checking this node&#xA;Jul 24 14:04:52.500: INFO: Wrong image for pod: daemon-set-6zdsv. Expected: k8s.gcr.io/e2e-test-images/agnhost:2.32, got: k8s.gcr.io/e2e-test-images/httpd:2.4.38-1.&#xA;Jul 24 14:04:52.504: INFO: DaemonSet pods can&#39;t tolerate node kubernetes-master with taints [{Key:node-role.kubernetes.io/master Value: Effect:NoSchedule TimeAdded:&lt;nil&gt;}], skip checking this node&#xA;Jul 24 14:04:53.462: INFO: Wrong image for pod: daemon-set-6zdsv. Expected: k8s.gcr.io/e2e-test-images/agnhost:2.32, got: k8s.gcr.io/e2e-test-images/httpd:2.4.38-1.&#xA;Jul 24 14:04:53.466: INFO: DaemonSet pods can&#39;t tolerate node kubernetes-master with taints [{Key:node-role.kubernetes.io/master Value: Effect:NoSchedule TimeAdded:&lt;nil&gt;}], skip checking this node&#xA;Jul 24 14:04:54.533: INFO: Wrong image for pod: daemon-set-6zdsv. Expected: k8s.gcr.io/e2e-test-images/agnhost:2.32, got: k8s.gcr.io/e2e-test-images/httpd:2.4.38-1.&#xA;Jul 24 14:04:54.537: INFO: DaemonSet pods can&#39;t tolerate node kubernetes-master with taints [{Key:node-role.kubernetes.io/master Value: Effect:NoSchedule TimeAdded:&lt;nil&gt;}], skip checking this node&#xA;Jul 24 14:04:55.507: INFO: Wrong image for pod: daemon-set-6zdsv. Expected: k8s.gcr.io/e2e-test-images/agnhost:2.32, got: k8s.gcr.io/e2e-test-images/httpd:2.4.38-1.&#xA;Jul 24 14:04:55.510: INFO: DaemonSet pods can&#39;t tolerate node kubernetes-master with taints [{Key:node-role.kubernetes.io/master Value: Effect:NoSchedule TimeAdded:&lt;nil&gt;}], skip checking this node&#xA;Jul 24 14:04:56.462: INFO: Wrong image for pod: daemon-set-6zdsv. Expected: k8s.gcr.io/e2e-test-images/agnhost:2.32, got: k8s.gcr.io/e2e-test-images/httpd:2.4.38-1.&#xA;Jul 24 14:04:56.465: INFO: DaemonSet pods can&#39;t tolerate node kubernetes-master with taints [{Key:node-role.kubernetes.io/master Value: Effect:NoSchedule TimeAdded:&lt;nil&gt;}], skip checking this node&#xA;Jul 24 14:04:57.460: INFO: Wrong image for pod: daemon-set-6zdsv. Expected: k8s.gcr.io/e2e-test-images/agnhost:2.32, got: k8s.gcr.io/e2e-test-images/httpd:2.4.38-1.&#xA;Jul 24 14:04:57.463: INFO: DaemonSet pods can&#39;t tolerate node kubernetes-master with taints [{Key:node-role.kubernetes.io/master Value: Effect:NoSchedule TimeAdded:&lt;nil&gt;}], skip checking this node&#xA;Jul 24 14:04:58.501: INFO: Wrong image for pod: daemon-set-6zdsv. Expected: k8s.gcr.io/e2e-test-images/agnhost:2.32, got: k8s.gcr.io/e2e-test-images/httpd:2.4.38-1.&#xA;Jul 24 14:04:58.505: INFO: DaemonSet pods can&#39;t tolerate node kubernetes-master with taints [{Key:node-role.kubernetes.io/master Value: Effect:NoSchedule TimeAdded:&lt;nil&gt;}], skip checking this node&#xA;Jul 24 14:04:59.468: INFO: Wrong image for pod: daemon-set-6zdsv. Expected: k8s.gcr.io/e2e-test-images/agnhost:2.32, got: k8s.gcr.io/e2e-test-images/httpd:2.4.38-1.&#xA;Jul 24 14:04:59.475: INFO: DaemonSet pods can&#39;t tolerate node kubernetes-master with taints [{Key:node-role.kubernetes.io/master Value: Effect:NoSchedule TimeAdded:&lt;nil&gt;}], skip checking this node&#xA;Jul 24 14:05:00.535: INFO: Wrong image for pod: daemon-set-6zdsv. Expected: k8s.gcr.io/e2e-test-images/agnhost:2.32, got: k8s.gcr.io/e2e-test-images/httpd:2.4.38-1.&#xA;Jul 24 14:05:00.539: INFO: DaemonSet pods can&#39;t tolerate node kubernetes-master with taints [{Key:node-role.kubernetes.io/master Value: Effect:NoSchedule TimeAdded:&lt;nil&gt;}], skip checking this node&#xA;Jul 24 14:05:01.461: INFO: Wrong image for pod: daemon-set-6zdsv. Expected: k8s.gcr.io/e2e-test-images/agnhost:2.32, got: k8s.gcr.io/e2e-test-images/httpd:2.4.38-1.&#xA;Jul 24 14:05:01.464: INFO: DaemonSet pods can&#39;t tolerate node kubernetes-master with taints [{Key:node-role.kubernetes.io/master Value: Effect:NoSchedule TimeAdded:&lt;nil&gt;}], skip checking this node&#xA;Jul 24 14:05:02.460: INFO: Wrong image for pod: daemon-set-6zdsv. Expected: k8s.gcr.io/e2e-test-images/agnhost:2.32, got: k8s.gcr.io/e2e-test-images/httpd:2.4.38-1.&#xA;Jul 24 14:05:02.463: INFO: DaemonSet pods can&#39;t tolerate node kubernetes-master with taints [{Key:node-role.kubernetes.io/master Value: Effect:NoSchedule TimeAdded:&lt;nil&gt;}], skip checking this node&#xA;Jul 24 14:05:03.461: INFO: Wrong image for pod: daemon-set-6zdsv. Expected: k8s.gcr.io/e2e-test-images/agnhost:2.32, got: k8s.gcr.io/e2e-test-images/httpd:2.4.38-1.&#xA;Jul 24 14:05:03.464: INFO: DaemonSet pods can&#39;t tolerate node kubernetes-master with taints [{Key:node-role.kubernetes.io/master Value: Effect:NoSchedule TimeAdded:&lt;nil&gt;}], skip checking this node&#xA;Jul 24 14:05:04.463: INFO: Wrong image for pod: daemon-set-6zdsv. Expected: k8s.gcr.io/e2e-test-images/agnhost:2.32, got: k8s.gcr.io/e2e-test-images/httpd:2.4.38-1.&#xA;Jul 24 14:05:04.466: INFO: DaemonSet pods can&#39;t tolerate node kubernetes-master with taints [{Key:node-role.kubernetes.io/master Value: Effect:NoSchedule TimeAdded:&lt;nil&gt;}], skip checking this node&#xA;Jul 24 14:05:05.461: INFO: Wrong image for pod: daemon-set-6zdsv. Expected: k8s.gcr.io/e2e-test-images/agnhost:2.32, got: k8s.gcr.io/e2e-test-images/httpd:2.4.38-1.&#xA;Jul 24 14:05:05.464: INFO: DaemonSet pods can&#39;t tolerate node kubernetes-master with taints [{Key:node-role.kubernetes.io/master Value: Effect:NoSchedule TimeAdded:&lt;nil&gt;}], skip checking this node&#xA;Jul 24 14:05:06.473: INFO: Wrong image for pod: daemon-set-6zdsv. Expected: k8s.gcr.io/e2e-test-images/agnhost:2.32, got: k8s.gcr.io/e2e-test-images/httpd:2.4.38-1.&#xA;Jul 24 14:05:06.477: INFO: DaemonSet pods can&#39;t tolerate node kubernetes-master with taints [{Key:node-role.kubernetes.io/master Value: Effect:NoSchedule TimeAdded:&lt;nil&gt;}], skip checking this node&#xA;Jul 24 14:05:07.539: INFO: Wrong image for pod: daemon-set-6zdsv. Expected: k8s.gcr.io/e2e-test-images/agnhost:2.32, got: k8s.gcr.io/e2e-test-images/httpd:2.4.38-1.&#xA;Jul 24 14:05:07.581: INFO: DaemonSet pods can&#39;t tolerate node kubernetes-master with taints [{Key:node-role.kubernetes.io/master Value: Effect:NoSchedule TimeAdded:&lt;nil&gt;}], skip checking this node&#xA;Jul 24 14:05:08.547: INFO: Wrong image for pod: daemon-set-6zdsv. Expected: k8s.gcr.io/e2e-test-images/agnhost:2.32, got: k8s.gcr.io/e2e-test-images/httpd:2.4.38-1.&#xA;Jul 24 14:05:08.582: INFO: DaemonSet pods can&#39;t tolerate node kubernetes-master with taints [{Key:node-role.kubernetes.io/master Value: Effect:NoSchedule TimeAdded:&lt;nil&gt;}], skip checking this node&#xA;Jul 24 14:05:09.582: INFO: Wrong image for pod: daemon-set-6zdsv. Expected: k8s.gcr.io/e2e-test-images/agnhost:2.32, got: k8s.gcr.io/e2e-test-images/httpd:2.4.38-1.&#xA;Jul 24 14:05:09.586: INFO: DaemonSet pods can&#39;t tolerate node kubernetes-master with taints [{Key:node-role.kubernetes.io/master Value: Effect:NoSchedule TimeAdded:&lt;nil&gt;}], skip checking this node&#xA;Jul 24 14:05:10.478: INFO: Wrong image for pod: daemon-set-6zdsv. Expected: k8s.gcr.io/e2e-test-images/agnhost:2.32, got: k8s.gcr.io/e2e-test-images/httpd:2.4.38-1.&#xA;Jul 24 14:05:10.515: INFO: DaemonSet pods can&#39;t tolerate node kubernetes-master with taints [{Key:node-role.kubernetes.io/master Value: Effect:NoSchedule TimeAdded:&lt;nil&gt;}], skip checking this node&#xA;Jul 24 14:05:11.462: INFO: Wrong image for pod: daemon-set-6zdsv. Expected: k8s.gcr.io/e2e-test-images/agnhost:2.32, got: k8s.gcr.io/e2e-test-images/httpd:2.4.38-1.&#xA;Jul 24 14:05:11.466: INFO: DaemonSet pods can&#39;t tolerate node kubernetes-master with taints [{Key:node-role.kubernetes.io/master Value: Effect:NoSchedule TimeAdded:&lt;nil&gt;}], skip checking this node&#xA;Jul 24 14:05:12.464: INFO: Wrong image for pod: daemon-set-6zdsv. Expected: k8s.gcr.io/e2e-test-images/agnhost:2.32, got: k8s.gcr.io/e2e-test-images/httpd:2.4.38-1.&#xA;Jul 24 14:05:12.467: INFO: DaemonSet pods can&#39;t tolerate node kubernetes-master with taints [{Key:node-role.kubernetes.io/master Value: Effect:NoSchedule TimeAdded:&lt;nil&gt;}], skip checking this node&#xA;Jul 24 14:05:13.462: INFO: Wrong image for pod: daemon-set-6zdsv. Expected: k8s.gcr.io/e2e-test-images/agnhost:2.32, got: k8s.gcr.io/e2e-test-images/httpd:2.4.38-1.&#xA;Jul 24 14:05:13.473: INFO: DaemonSet pods can&#39;t tolerate node kubernetes-master with taints [{Key:node-role.kubernetes.io/master Value: Effect:NoSchedule TimeAdded:&lt;nil&gt;}], skip checking this node&#xA;Jul 24 14:05:14.462: INFO: Wrong image for pod: daemon-set-6zdsv. Expected: k8s.gcr.io/e2e-test-images/agnhost:2.32, got: k8s.gcr.io/e2e-test-images/httpd:2.4.38-1.&#xA;Jul 24 14:05:14.465: INFO: DaemonSet pods can&#39;t tolerate node kubernetes-master with taints [{Key:node-role.kubernetes.io/master Value: Effect:NoSchedule TimeAdded:&lt;nil&gt;}], skip checking this node&#xA;Jul 24 14:05:15.461: INFO: Wrong image for pod: daemon-set-6zdsv. Expected: k8s.gcr.io/e2e-test-images/agnhost:2.32, got: k8s.gcr.io/e2e-test-images/httpd:2.4.38-1.&#xA;Jul 24 14:05:15.464: INFO: DaemonSet pods can&#39;t tolerate node kubernetes-master with taints [{Key:node-role.kubernetes.io/master Value: Effect:NoSchedule TimeAdded:&lt;nil&gt;}], skip checking this node&#xA;Jul 24 14:05:16.462: INFO: Wrong image for pod: daemon-set-6zdsv. Expected: k8s.gcr.io/e2e-test-images/agnhost:2.32, got: k8s.gcr.io/e2e-test-images/httpd:2.4.38-1.&#xA;Jul 24 14:05:16.465: INFO: DaemonSet pods can&#39;t tolerate node kubernetes-master with taints [{Key:node-role.kubernetes.io/master Value: Effect:NoSchedule TimeAdded:&lt;nil&gt;}], skip checking this node&#xA;Jul 24 14:05:17.460: INFO: Wrong image for pod: daemon-set-6zdsv. Expected: k8s.gcr.io/e2e-test-images/agnhost:2.32, got: k8s.gcr.io/e2e-test-images/httpd:2.4.38-1.&#xA;Jul 24 14:05:17.464: INFO: DaemonSet pods can&#39;t tolerate node kubernetes-master with taints [{Key:node-role.kubernetes.io/master Value: Effect:NoSchedule TimeAdded:&lt;nil&gt;}], skip checking this node&#xA;Jul 24 14:05:18.476: INFO: Wrong image for pod: daemon-set-6zdsv. Expected: k8s.gcr.io/e2e-test-images/agnhost:2.32, got: k8s.gcr.io/e2e-test-images/httpd:2.4.38-1.&#xA;Jul 24 14:05:18.480: INFO: DaemonSet pods can&#39;t tolerate node kubernetes-master with taints [{Key:node-role.kubernetes.io/master Value: Effect:NoSchedule TimeAdded:&lt;nil&gt;}], skip checking this node&#xA;Jul 24 14:05:19.459: INFO: Wrong image for pod: daemon-set-6zdsv. Expected: k8s.gcr.io/e2e-test-images/agnhost:2.32, got: k8s.gcr.io/e2e-test-images/httpd:2.4.38-1.&#xA;Jul 24 14:05:19.463: INFO: DaemonSet pods can&#39;t tolerate node kubernetes-master with taints [{Key:node-role.kubernetes.io/master Value: Effect:NoSchedule TimeAdded:&lt;nil&gt;}], skip checking this node&#xA;Jul 24 14:05:20.461: INFO: Wrong image for pod: daemon-set-6zdsv. Expected: k8s.gcr.io/e2e-test-images/agnhost:2.32, got: k8s.gcr.io/e2e-test-images/httpd:2.4.38-1.&#xA;Jul 24 14:05:20.464: INFO: DaemonSet pods can&#39;t tolerate node kubernetes-master with taints [{Key:node-role.kubernetes.io/master Value: Effect:NoSchedule TimeAdded:&lt;nil&gt;}], skip checking this node&#xA;Jul 24 14:05:21.460: INFO: Wrong image for pod: daemon-set-6zdsv. Expected: k8s.gcr.io/e2e-test-images/agnhost:2.32, got: k8s.gcr.io/e2e-test-images/httpd:2.4.38-1.&#xA;Jul 24 14:05:21.463: INFO: DaemonSet pods can&#39;t tolerate node kubernetes-master with taints [{Key:node-role.kubernetes.io/master Value: Effect:NoSchedule TimeAdded:&lt;nil&gt;}], skip checking this node&#xA;Jul 24 14:05:22.459: INFO: Wrong image for pod: daemon-set-6zdsv. Expected: k8s.gcr.io/e2e-test-images/agnhost:2.32, got: k8s.gcr.io/e2e-test-images/httpd:2.4.38-1.&#xA;Jul 24 14:05:22.461: INFO: DaemonSet pods can&#39;t tolerate node kubernetes-master with taints [{Key:node-role.kubernetes.io/master Value: Effect:NoSchedule TimeAdded:&lt;nil&gt;}], skip checking this node&#xA;Jul 24 14:05:23.463: INFO: Wrong image for pod: daemon-set-6zdsv. Expected: k8s.gcr.io/e2e-test-images/agnhost:2.32, got: k8s.gcr.io/e2e-test-images/httpd:2.4.38-1.&#xA;Jul 24 14:05:23.466: INFO: DaemonSet pods can&#39;t tolerate node kubernetes-master with taints [{Key:node-role.kubernetes.io/master Value: Effect:NoSchedule TimeAdded:&lt;nil&gt;}], skip checking this node&#xA;Jul 24 14:05:24.461: INFO: Wrong image for pod: daemon-set-6zdsv. Expected: k8s.gcr.io/e2e-test-images/agnhost:2.32, got: k8s.gcr.io/e2e-test-images/httpd:2.4.38-1.&#xA;Jul 24 14:05:24.464: INFO: DaemonSet pods can&#39;t tolerate node kubernetes-master with taints [{Key:node-role.kubernetes.io/master Value: Effect:NoSchedule TimeAdded:&lt;nil&gt;}], skip checking this node&#xA;Jul 24 14:05:25.461: INFO: Wrong image for pod: daemon-set-6zdsv. Expected: k8s.gcr.io/e2e-test-images/agnhost:2.32, got: k8s.gcr.io/e2e-test-images/httpd:2.4.38-1.&#xA;Jul 24 14:05:25.464: INFO: DaemonSet pods can&#39;t tolerate node kubernetes-master with taints [{Key:node-role.kubernetes.io/master Value: Effect:NoSchedule TimeAdded:&lt;nil&gt;}], skip checking this node&#xA;Jul 24 14:05:26.462: INFO: Wrong image for pod: daemon-set-6zdsv. Expected: k8s.gcr.io/e2e-test-images/agnhost:2.32, got: k8s.gcr.io/e2e-test-images/httpd:2.4.38-1.&#xA;Jul 24 14:05:26.465: INFO: DaemonSet pods can&#39;t tolerate node kubernetes-master with taints [{Key:node-role.kubernetes.io/master Value: Effect:NoSchedule TimeAdded:&lt;nil&gt;}], skip checking this node&#xA;Jul 24 14:05:27.462: INFO: Wrong image for pod: daemon-set-6zdsv. Expected: k8s.gcr.io/e2e-test-images/agnhost:2.32, got: k8s.gcr.io/e2e-test-images/httpd:2.4.38-1.&#xA;Jul 24 14:05:27.465: INFO: DaemonSet pods can&#39;t tolerate node kubernetes-master with taints [{Key:node-role.kubernetes.io/master Value: Effect:NoSchedule TimeAdded:&lt;nil&gt;}], skip checking this node&#xA;Jul 24 14:05:28.461: INFO: Wrong image for pod: daemon-set-6zdsv. Expected: k8s.gcr.io/e2e-test-images/agnhost:2.32, got: k8s.gcr.io/e2e-test-images/httpd:2.4.38-1.&#xA;Jul 24 14:05:28.464: INFO: DaemonSet pods can&#39;t tolerate node kubernetes-master with taints [{Key:node-role.kubernetes.io/master Value: Effect:NoSchedule TimeAdded:&lt;nil&gt;}], skip checking this node&#xA;Jul 24 14:05:29.460: INFO: Wrong image for pod: daemon-set-6zdsv. Expected: k8s.gcr.io/e2e-test-images/agnhost:2.32, got: k8s.gcr.io/e2e-test-images/httpd:2.4.38-1.&#xA;Jul 24 14:05:29.463: INFO: DaemonSet pods can&#39;t tolerate node kubernetes-master with taints [{Key:node-role.kubernetes.io/master Value: Effect:NoSchedule TimeAdded:&lt;nil&gt;}], skip checking this node&#xA;Jul 24 14:05:30.462: INFO: Wrong image for pod: daemon-set-6zdsv. Expected: k8s.gcr.io/e2e-test-images/agnhost:2.32, got: k8s.gcr.io/e2e-test-images/httpd:2.4.38-1.&#xA;Jul 24 14:05:30.464: INFO: DaemonSet pods can&#39;t tolerate node kubernetes-master with taints [{Key:node-role.kubernetes.io/master Value: Effect:NoSchedule TimeAdded:&lt;nil&gt;}], skip checking this node&#xA;Jul 24 14:05:31.461: INFO: Wrong image for pod: daemon-set-6zdsv. Expected: k8s.gcr.io/e2e-test-images/agnhost:2.32, got: k8s.gcr.io/e2e-test-images/httpd:2.4.38-1.&#xA;Jul 24 14:05:31.464: INFO: DaemonSet pods can&#39;t tolerate node kubernetes-master with taints [{Key:node-role.kubernetes.io/master Value: Effect:NoSchedule TimeAdded:&lt;nil&gt;}], skip checking this node&#xA;Jul 24 14:05:32.461: INFO: Wrong image for pod: daemon-set-6zdsv. Expected: k8s.gcr.io/e2e-test-images/agnhost:2.32, got: k8s.gcr.io/e2e-test-images/httpd:2.4.38-1.&#xA;Jul 24 14:05:32.464: INFO: DaemonSet pods can&#39;t tolerate node kubernetes-master with taints [{Key:node-role.kubernetes.io/master Value: Effect:NoSchedule TimeAdded:&lt;nil&gt;}], skip checking this node&#xA;Jul 24 14:05:33.461: INFO: Wrong image for pod: daemon-set-6zdsv. Expected: k8s.gcr.io/e2e-test-images/agnhost:2.32, got: k8s.gcr.io/e2e-test-images/httpd:2.4.38-1.&#xA;Jul 24 14:05:33.464: INFO: DaemonSet pods can&#39;t tolerate node kubernetes-master with taints [{Key:node-role.kubernetes.io/master Value: Effect:NoSchedule TimeAdded:&lt;nil&gt;}], skip checking this node&#xA;Jul 24 14:05:34.481: INFO: Wrong image for pod: daemon-set-6zdsv. Expected: k8s.gcr.io/e2e-test-images/agnhost:2.32, got: k8s.gcr.io/e2e-test-images/httpd:2.4.38-1.&#xA;Jul 24 14:05:34.484: INFO: DaemonSet pods can&#39;t tolerate node kubernetes-master with taints [{Key:node-role.kubernetes.io/master Value: Effect:NoSchedule TimeAdded:&lt;nil&gt;}], skip checking this node&#xA;Jul 24 14:05:35.462: INFO: Wrong image for pod: daemon-set-6zdsv. Expected: k8s.gcr.io/e2e-test-images/agnhost:2.32, got: k8s.gcr.io/e2e-test-images/httpd:2.4.38-1.&#xA;Jul 24 14:05:35.465: INFO: DaemonSet pods can&#39;t tolerate node kubernetes-master with taints [{Key:node-role.kubernetes.io/master Value: Effect:NoSchedule TimeAdded:&lt;nil&gt;}], skip checking this node&#xA;Jul 24 14:05:36.463: INFO: Wrong image for pod: daemon-set-6zdsv. Expected: k8s.gcr.io/e2e-test-images/agnhost:2.32, got: k8s.gcr.io/e2e-test-images/httpd:2.4.38-1.&#xA;Jul 24 14:05:36.466: INFO: DaemonSet pods can&#39;t tolerate node kubernetes-master with taints [{Key:node-role.kubernetes.io/master Value: Effect:NoSchedule TimeAdded:&lt;nil&gt;}], skip checking this node&#xA;Jul 24 14:05:37.460: INFO: Wrong image for pod: daemon-set-6zdsv. Expected: k8s.gcr.io/e2e-test-images/agnhost:2.32, got: k8s.gcr.io/e2e-test-images/httpd:2.4.38-1.&#xA;Jul 24 14:05:37.463: INFO: DaemonSet pods can&#39;t tolerate node kubernetes-master with taints [{Key:node-role.kubernetes.io/master Value: Effect:NoSchedule TimeAdded:&lt;nil&gt;}], skip checking this node&#xA;Jul 24 14:05:38.460: INFO: Wrong image for pod: daemon-set-6zdsv. Expected: k8s.gcr.io/e2e-test-images/agnhost:2.32, got: k8s.gcr.io/e2e-test-images/httpd:2.4.38-1.&#xA;Jul 24 14:05:38.464: INFO: DaemonSet pods can&#39;t tolerate node kubernetes-master with taints [{Key:node-role.kubernetes.io/master Value: Effect:NoSchedule TimeAdded:&lt;nil&gt;}], skip checking this node&#xA;Jul 24 14:05:39.460: INFO: Wrong image for pod: daemon-set-6zdsv. Expected: k8s.gcr.io/e2e-test-images/agnhost:2.32, got: k8s.gcr.io/e2e-test-images/httpd:2.4.38-1.&#xA;Jul 24 14:05:39.464: INFO: DaemonSet pods can&#39;t tolerate node kubernetes-master with taints [{Key:node-role.kubernetes.io/master Value: Effect:NoSchedule TimeAdded:&lt;nil&gt;}], skip checking this node&#xA;Jul 24 14:05:40.461: INFO: Wrong image for pod: daemon-set-6zdsv. Expected: k8s.gcr.io/e2e-test-images/agnhost:2.32, got: k8s.gcr.io/e2e-test-images/httpd:2.4.38-1.&#xA;Jul 24 14:05:40.464: INFO: DaemonSet pods can&#39;t tolerate node kubernetes-master with taints [{Key:node-role.kubernetes.io/master Value: Effect:NoSchedule TimeAdded:&lt;nil&gt;}], skip checking this node&#xA;Jul 24 14:05:41.463: INFO: Wrong image for pod: daemon-set-6zdsv. Expected: k8s.gcr.io/e2e-test-images/agnhost:2.32, got: k8s.gcr.io/e2e-test-images/httpd:2.4.38-1.&#xA;Jul 24 14:05:41.466: INFO: DaemonSet pods can&#39;t tolerate node kubernetes-master with taints [{Key:node-role.kubernetes.io/master Value: Effect:NoSchedule TimeAdded:&lt;nil&gt;}], skip checking this node&#xA;Jul 24 14:05:42.461: INFO: Wrong image for pod: daemon-set-6zdsv. Expected: k8s.gcr.io/e2e-test-images/agnhost:2.32, got: k8s.gcr.io/e2e-test-images/httpd:2.4.38-1.&#xA;Jul 24 14:05:42.464: INFO: DaemonSet pods can&#39;t tolerate node kubernetes-master with taints [{Key:node-role.kubernetes.io/master Value: Effect:NoSchedule TimeAdded:&lt;nil&gt;}], skip checking this node&#xA;Jul 24 14:05:43.461: INFO: Wrong image for pod: daemon-set-6zdsv. Expected: k8s.gcr.io/e2e-test-images/agnhost:2.32, got: k8s.gcr.io/e2e-test-images/httpd:2.4.38-1.&#xA;Jul 24 14:05:43.464: INFO: DaemonSet pods can&#39;t tolerate node kubernetes-master with taints [{Key:node-role.kubernetes.io/master Value: Effect:NoSchedule TimeAdded:&lt;nil&gt;}], skip checking this node&#xA;Jul 24 14:05:44.462: INFO: Wrong image for pod: daemon-set-6zdsv. Expected: k8s.gcr.io/e2e-test-images/agnhost:2.32, got: k8s.gcr.io/e2e-test-images/httpd:2.4.38-1.&#xA;Jul 24 14:05:44.466: INFO: DaemonSet pods can&#39;t tolerate node kubernetes-master with taints [{Key:node-role.kubernetes.io/master Value: Effect:NoSchedule TimeAdded:&lt;nil&gt;}], skip checking this node&#xA;Jul 24 14:05:45.461: INFO: Wrong image for pod: daemon-set-6zdsv. Expected: k8s.gcr.io/e2e-test-images/agnhost:2.32, got: k8s.gcr.io/e2e-test-images/httpd:2.4.38-1.&#xA;Jul 24 14:05:45.464: INFO: DaemonSet pods can&#39;t tolerate node kubernetes-master with taints [{Key:node-role.kubernetes.io/master Value: Effect:NoSchedule TimeAdded:&lt;nil&gt;}], skip checking this node&#xA;Jul 24 14:05:46.462: INFO: Wrong image for pod: daemon-set-6zdsv. Expected: k8s.gcr.io/e2e-test-images/agnhost:2.32, got: k8s.gcr.io/e2e-test-images/httpd:2.4.38-1.&#xA;Jul 24 14:05:46.465: INFO: DaemonSet pods can&#39;t tolerate node kubernetes-master with taints [{Key:node-role.kubernetes.io/master Value: Effect:NoSchedule TimeAdded:&lt;nil&gt;}], skip checking this node&#xA;Jul 24 14:05:47.462: INFO: Wrong image for pod: daemon-set-6zdsv. Expected: k8s.gcr.io/e2e-test-images/agnhost:2.32, got: k8s.gcr.io/e2e-test-images/httpd:2.4.38-1.&#xA;Jul 24 14:05:47.465: INFO: DaemonSet pods can&#39;t tolerate node kubernetes-master with taints [{Key:node-role.kubernetes.io/master Value: Effect:NoSchedule TimeAdded:&lt;nil&gt;}], skip checking this node&#xA;Jul 24 14:05:48.492: INFO: Wrong image for pod: daemon-set-6zdsv. Expected: k8s.gcr.io/e2e-test-images/agnhost:2.32, got: k8s.gcr.io/e2e-test-images/httpd:2.4.38-1.&#xA;Jul 24 14:05:48.496: INFO: DaemonSet pods can&#39;t tolerate node kubernetes-master with taints [{Key:node-role.kubernetes.io/master Value: Effect:NoSchedule TimeAdded:&lt;nil&gt;}], skip checking this node&#xA;Jul 24 14:05:49.461: INFO: Wrong image for pod: daemon-set-6zdsv. Expected: k8s.gcr.io/e2e-test-images/agnhost:2.32, got: k8s.gcr.io/e2e-test-images/httpd:2.4.38-1.&#xA;Jul 24 14:05:49.464: INFO: DaemonSet pods can&#39;t tolerate node kubernetes-master with taints [{Key:node-role.kubernetes.io/master Value: Effect:NoSchedule TimeAdded:&lt;nil&gt;}], skip checking this node&#xA;Jul 24 14:05:50.460: INFO: Wrong image for pod: daemon-set-6zdsv. Expected: k8s.gcr.io/e2e-test-images/agnhost:2.32, got: k8s.gcr.io/e2e-test-images/httpd:2.4.38-1.&#xA;Jul 24 14:05:50.463: INFO: DaemonSet pods can&#39;t tolerate node kubernetes-master with taints [{Key:node-role.kubernetes.io/master Value: Effect:NoSchedule TimeAdded:&lt;nil&gt;}], skip checking this node&#xA;Jul 24 14:05:51.466: INFO: Wrong image for pod: daemon-set-6zdsv. Expected: k8s.gcr.io/e2e-test-images/agnhost:2.32, got: k8s.gcr.io/e2e-test-images/httpd:2.4.38-1.&#xA;Jul 24 14:05:51.476: INFO: DaemonSet pods can&#39;t tolerate node kubernetes-master with taints [{Key:node-role.kubernetes.io/master Value: Effect:NoSchedule TimeAdded:&lt;nil&gt;}], skip checking this node&#xA;Jul 24 14:05:52.475: INFO: Wrong image for pod: daemon-set-6zdsv. Expected: k8s.gcr.io/e2e-test-images/agnhost:2.32, got: k8s.gcr.io/e2e-test-images/httpd:2.4.38-1.&#xA;Jul 24 14:05:52.574: INFO: DaemonSet pods can&#39;t tolerate node kubernetes-master with taints [{Key:node-role.kubernetes.io/master Value: Effect:NoSchedule TimeAdded:&lt;nil&gt;}], skip checking this node&#xA;Jul 24 14:05:53.498: INFO: Wrong image for pod: daemon-set-6zdsv. Expected: k8s.gcr.io/e2e-test-images/agnhost:2.32, got: k8s.gcr.io/e2e-test-images/httpd:2.4.38-1.&#xA;Jul 24 14:05:53.638: INFO: DaemonSet pods can&#39;t tolerate node kubernetes-master with taints [{Key:node-role.kubernetes.io/master Value: Effect:NoSchedule TimeAdded:&lt;nil&gt;}], skip checking this node&#xA;Jul 24 14:05:54.475: INFO: Wrong image for pod: daemon-set-6zdsv. Expected: k8s.gcr.io/e2e-test-images/agnhost:2.32, got: k8s.gcr.io/e2e-test-images/httpd:2.4.38-1.&#xA;Jul 24 14:05:54.607: INFO: DaemonSet pods can&#39;t tolerate node kubernetes-master with taints [{Key:node-role.kubernetes.io/master Value: Effect:NoSchedule TimeAdded:&lt;nil&gt;}], skip checking this node&#xA;Jul 24 14:05:55.461: INFO: Wrong image for pod: daemon-set-6zdsv. Expected: k8s.gcr.io/e2e-test-images/agnhost:2.32, got: k8s.gcr.io/e2e-test-images/httpd:2.4.38-1.&#xA;Jul 24 14:05:55.471: INFO: DaemonSet pods can&#39;t tolerate node kubernetes-master with taints [{Key:node-role.kubernetes.io/master Value: Effect:NoSchedule TimeAdded:&lt;nil&gt;}], skip checking this node&#xA;Jul 24 14:05:56.461: INFO: Wrong image for pod: daemon-set-6zdsv. Expected: k8s.gcr.io/e2e-test-images/agnhost:2.32, got: k8s.gcr.io/e2e-test-images/httpd:2.4.38-1.&#xA;Jul 24 14:05:56.464: INFO: DaemonSet pods can&#39;t tolerate node kubernetes-master with taints [{Key:node-role.kubernetes.io/master Value: Effect:NoSchedule TimeAdded:&lt;nil&gt;}], skip checking this node&#xA;Jul 24 14:05:57.461: INFO: Wrong image for pod: daemon-set-6zdsv. Expected: k8s.gcr.io/e2e-test-images/agnhost:2.32, got: k8s.gcr.io/e2e-test-images/httpd:2.4.38-1.&#xA;Jul 24 14:05:57.464: INFO: DaemonSet pods can&#39;t tolerate node kubernetes-master with taints [{Key:node-role.kubernetes.io/master Value: Effect:NoSchedule TimeAdded:&lt;nil&gt;}], skip checking this node&#xA;Jul 24 14:05:58.545: INFO: Wrong image for pod: daemon-set-6zdsv. Expected: k8s.gcr.io/e2e-test-images/agnhost:2.32, got: k8s.gcr.io/e2e-test-images/httpd:2.4.38-1.&#xA;Jul 24 14:05:58.548: INFO: DaemonSet pods can&#39;t tolerate node kubernetes-master with taints [{Key:node-role.kubernetes.io/master Value: Effect:NoSchedule TimeAdded:&lt;nil&gt;}], skip checking this node&#xA;Jul 24 14:05:59.495: INFO: Wrong image for pod: daemon-set-6zdsv. Expected: k8s.gcr.io/e2e-test-images/agnhost:2.32, got: k8s.gcr.io/e2e-test-images/httpd:2.4.38-1.&#xA;Jul 24 14:05:59.498: INFO: DaemonSet pods can&#39;t tolerate node kubernetes-master with taints [{Key:node-role.kubernetes.io/master Value: Effect:NoSchedule TimeAdded:&lt;nil&gt;}], skip checking this node&#xA;Jul 24 14:06:00.520: INFO: Wrong image for pod: daemon-set-6zdsv. Expected: k8s.gcr.io/e2e-test-images/agnhost:2.32, got: k8s.gcr.io/e2e-test-images/httpd:2.4.38-1.&#xA;Jul 24 14:06:00.524: INFO: DaemonSet pods can&#39;t tolerate node kubernetes-master with taints [{Key:node-role.kubernetes.io/master Value: Effect:NoSchedule TimeAdded:&lt;nil&gt;}], skip checking this node&#xA;Jul 24 14:06:01.483: INFO: Wrong image for pod: daemon-set-6zdsv. Expected: k8s.gcr.io/e2e-test-images/agnhost:2.32, got: k8s.gcr.io/e2e-test-images/httpd:2.4.38-1.&#xA;Jul 24 14:06:01.486: INFO: DaemonSet pods can&#39;t tolerate node kubernetes-master with taints [{Key:node-role.kubernetes.io/master Value: Effect:NoSchedule TimeAdded:&lt;nil&gt;}], skip checking this node&#xA;Jul 24 14:06:02.479: INFO: Wrong image for pod: daemon-set-6zdsv. Expected: k8s.gcr.io/e2e-test-images/agnhost:2.32, got: k8s.gcr.io/e2e-test-images/httpd:2.4.38-1.&#xA;Jul 24 14:06:02.482: INFO: DaemonSet pods can&#39;t tolerate node kubernetes-master with taints [{Key:node-role.kubernetes.io/master Value: Effect:NoSchedule TimeAdded:&lt;nil&gt;}], skip checking this node&#xA;Jul 24 14:06:03.474: INFO: Wrong image for pod: daemon-set-6zdsv. Expected: k8s.gcr.io/e2e-test-images/agnhost:2.32, got: k8s.gcr.io/e2e-test-images/httpd:2.4.38-1.&#xA;Jul 24 14:06:03.477: INFO: DaemonSet pods can&#39;t tolerate node kubernetes-master with taints [{Key:node-role.kubernetes.io/master Value: Effect:NoSchedule TimeAdded:&lt;nil&gt;}], skip checking this node&#xA;Jul 24 14:06:04.485: INFO: Wrong image for pod: daemon-set-6zdsv. Expected: k8s.gcr.io/e2e-test-images/agnhost:2.32, got: k8s.gcr.io/e2e-test-images/httpd:2.4.38-1.&#xA;Jul 24 14:06:04.489: INFO: DaemonSet pods can&#39;t tolerate node kubernetes-master with taints [{Key:node-role.kubernetes.io/master Value: Effect:NoSchedule TimeAdded:&lt;nil&gt;}], skip checking this node&#xA;Jul 24 14:06:05.505: INFO: Wrong image for pod: daemon-set-6zdsv. Expected: k8s.gcr.io/e2e-test-images/agnhost:2.32, got: k8s.gcr.io/e2e-test-images/httpd:2.4.38-1.&#xA;Jul 24 14:06:05.507: INFO: DaemonSet pods can&#39;t tolerate node kubernetes-master with taints [{Key:node-role.kubernetes.io/master Value: Effect:NoSchedule TimeAdded:&lt;nil&gt;}], skip checking this node&#xA;Jul 24 14:06:06.460: INFO: Wrong image for pod: daemon-set-6zdsv. Expected: k8s.gcr.io/e2e-test-images/agnhost:2.32, got: k8s.gcr.io/e2e-test-images/httpd:2.4.38-1.&#xA;Jul 24 14:06:06.464: INFO: DaemonSet pods can&#39;t tolerate node kubernetes-master with taints [{Key:node-role.kubernetes.io/master Value: Effect:NoSchedule TimeAdded:&lt;nil&gt;}], skip checking this node&#xA;Jul 24 14:06:07.459: INFO: Wrong image for pod: daemon-set-6zdsv. Expected: k8s.gcr.io/e2e-test-images/agnhost:2.32, got: k8s.gcr.io/e2e-test-images/httpd:2.4.38-1.&#xA;Jul 24 14:06:07.461: INFO: DaemonSet pods can&#39;t tolerate node kubernetes-master with taints [{Key:node-role.kubernetes.io/master Value: Effect:NoSchedule TimeAdded:&lt;nil&gt;}], skip checking this node&#xA;Jul 24 14:06:08.646: INFO: Wrong image for pod: daemon-set-6zdsv. Expected: k8s.gcr.io/e2e-test-images/agnhost:2.32, got: k8s.gcr.io/e2e-test-images/httpd:2.4.38-1.&#xA;Jul 24 14:06:08.649: INFO: DaemonSet pods can&#39;t tolerate node kubernetes-master with taints [{Key:node-role.kubernetes.io/master Value: Effect:NoSchedule TimeAdded:&lt;nil&gt;}], skip checking this node&#xA;Jul 24 14:06:09.461: INFO: Wrong image for pod: daemon-set-6zdsv. Expected: k8s.gcr.io/e2e-test-images/agnhost:2.32, got: k8s.gcr.io/e2e-test-images/httpd:2.4.38-1.&#xA;Jul 24 14:06:09.465: INFO: DaemonSet pods can&#39;t tolerate node kubernetes-master with taints [{Key:node-role.kubernetes.io/master Value: Effect:NoSchedule TimeAdded:&lt;nil&gt;}], skip checking this node&#xA;Jul 24 14:06:10.460: INFO: Wrong image for pod: daemon-set-6zdsv. Expected: k8s.gcr.io/e2e-test-images/agnhost:2.32, got: k8s.gcr.io/e2e-test-images/httpd:2.4.38-1.&#xA;Jul 24 14:06:10.464: INFO: DaemonSet pods can&#39;t tolerate node kubernetes-master with taints [{Key:node-role.kubernetes.io/master Value: Effect:NoSchedule TimeAdded:&lt;nil&gt;}], skip checking this node&#xA;Jul 24 14:06:11.498: INFO: Wrong image for pod: daemon-set-6zdsv. Expected: k8s.gcr.io/e2e-test-images/agnhost:2.32, got: k8s.gcr.io/e2e-test-images/httpd:2.4.38-1.&#xA;Jul 24 14:06:11.501: INFO: DaemonSet pods can&#39;t tolerate node kubernetes-master with taints [{Key:node-role.kubernetes.io/master Value: Effect:NoSchedule TimeAdded:&lt;nil&gt;}], skip checking this node&#xA;Jul 24 14:06:12.460: INFO: Wrong image for pod: daemon-set-6zdsv. Expected: k8s.gcr.io/e2e-test-images/agnhost:2.32, got: k8s.gcr.io/e2e-test-images/httpd:2.4.38-1.&#xA;Jul 24 14:06:12.463: INFO: DaemonSet pods can&#39;t tolerate node kubernetes-master with taints [{Key:node-role.kubernetes.io/master Value: Effect:NoSchedule TimeAdded:&lt;nil&gt;}], skip checking this node&#xA;Jul 24 14:06:13.460: INFO: Wrong image for pod: daemon-set-6zdsv. Expected: k8s.gcr.io/e2e-test-images/agnhost:2.32, got: k8s.gcr.io/e2e-test-images/httpd:2.4.38-1.&#xA;Jul 24 14:06:13.464: INFO: DaemonSet pods can&#39;t tolerate node kubernetes-master with taints [{Key:node-role.kubernetes.io/master Value: Effect:NoSchedule TimeAdded:&lt;nil&gt;}], skip checking this node&#xA;Jul 24 14:06:14.468: INFO: Wrong image for pod: daemon-set-6zdsv. Expected: k8s.gcr.io/e2e-test-images/agnhost:2.32, got: k8s.gcr.io/e2e-test-images/httpd:2.4.38-1.&#xA;Jul 24 14:06:14.472: INFO: DaemonSet pods can&#39;t tolerate node kubernetes-master with taints [{Key:node-role.kubernetes.io/master Value: Effect:NoSchedule TimeAdded:&lt;nil&gt;}], skip checking this node&#xA;Jul 24 14:06:15.462: INFO: Wrong image for pod: daemon-set-6zdsv. Expected: k8s.gcr.io/e2e-test-images/agnhost:2.32, got: k8s.gcr.io/e2e-test-images/httpd:2.4.38-1.&#xA;Jul 24 14:06:15.465: INFO: DaemonSet pods can&#39;t tolerate node kubernetes-master with taints [{Key:node-role.kubernetes.io/master Value: Effect:NoSchedule TimeAdded:&lt;nil&gt;}], skip checking this node&#xA;Jul 24 14:06:16.461: INFO: Wrong image for pod: daemon-set-6zdsv. Expected: k8s.gcr.io/e2e-test-images/agnhost:2.32, got: k8s.gcr.io/e2e-test-images/httpd:2.4.38-1.&#xA;Jul 24 14:06:16.464: INFO: DaemonSet pods can&#39;t tolerate node kubernetes-master with taints [{Key:node-role.kubernetes.io/master Value: Effect:NoSchedule TimeAdded:&lt;nil&gt;}], skip checking this node&#xA;Jul 24 14:06:17.460: INFO: Wrong image for pod: daemon-set-6zdsv. Expected: k8s.gcr.io/e2e-test-images/agnhost:2.32, got: k8s.gcr.io/e2e-test-images/httpd:2.4.38-1.&#xA;Jul 24 14:06:17.463: INFO: DaemonSet pods can&#39;t tolerate node kubernetes-master with taints [{Key:node-role.kubernetes.io/master Value: Effect:NoSchedule TimeAdded:&lt;nil&gt;}], skip checking this node&#xA;Jul 24 14:06:18.460: INFO: Wrong image for pod: daemon-set-6zdsv. Expected: k8s.gcr.io/e2e-test-images/agnhost:2.32, got: k8s.gcr.io/e2e-test-images/httpd:2.4.38-1.&#xA;Jul 24 14:06:18.463: INFO: DaemonSet pods can&#39;t tolerate node kubernetes-master with taints [{Key:node-role.kubernetes.io/master Value: Effect:NoSchedule TimeAdded:&lt;nil&gt;}], skip checking this node&#xA;Jul 24 14:06:19.460: INFO: Wrong image for pod: daemon-set-6zdsv. Expected: k8s.gcr.io/e2e-test-images/agnhost:2.32, got: k8s.gcr.io/e2e-test-images/httpd:2.4.38-1.&#xA;Jul 24 14:06:19.463: INFO: DaemonSet pods can&#39;t tolerate node kubernetes-master with taints [{Key:node-role.kubernetes.io/master Value: Effect:NoSchedule TimeAdded:&lt;nil&gt;}], skip checking this node&#xA;Jul 24 14:06:20.465: INFO: Wrong image for pod: daemon-set-6zdsv. Expected: k8s.gcr.io/e2e-test-images/agnhost:2.32, got: k8s.gcr.io/e2e-test-images/httpd:2.4.38-1.&#xA;Jul 24 14:06:20.474: INFO: DaemonSet pods can&#39;t tolerate node kubernetes-master with taints [{Key:node-role.kubernetes.io/master Value: Effect:NoSchedule TimeAdded:&lt;nil&gt;}], skip checking this node&#xA;Jul 24 14:06:21.463: INFO: Wrong image for pod: daemon-set-6zdsv. Expected: k8s.gcr.io/e2e-test-images/agnhost:2.32, got: k8s.gcr.io/e2e-test-images/httpd:2.4.38-1.&#xA;Jul 24 14:06:21.466: INFO: DaemonSet pods can&#39;t tolerate node kubernetes-master with taints [{Key:node-role.kubernetes.io/master Value: Effect:NoSchedule TimeAdded:&lt;nil&gt;}], skip checking this node&#xA;Jul 24 14:06:22.460: INFO: Wrong image for pod: daemon-set-6zdsv. Expected: k8s.gcr.io/e2e-test-images/agnhost:2.32, got: k8s.gcr.io/e2e-test-images/httpd:2.4.38-1.&#xA;Jul 24 14:06:22.463: INFO: DaemonSet pods can&#39;t tolerate node kubernetes-master with taints [{Key:node-role.kubernetes.io/master Value: Effect:NoSchedule TimeAdded:&lt;nil&gt;}], skip checking this node&#xA;Jul 24 14:06:23.463: INFO: Wrong image for pod: daemon-set-6zdsv. Expected: k8s.gcr.io/e2e-test-images/agnhost:2.32, got: k8s.gcr.io/e2e-test-images/httpd:2.4.38-1.&#xA;Jul 24 14:06:23.466: INFO: DaemonSet pods can&#39;t tolerate node kubernetes-master with taints [{Key:node-role.kubernetes.io/master Value: Effect:NoSchedule TimeAdded:&lt;nil&gt;}], skip checking this node&#xA;Jul 24 14:06:24.462: INFO: Wrong image for pod: daemon-set-6zdsv. Expected: k8s.gcr.io/e2e-test-images/agnhost:2.32, got: k8s.gcr.io/e2e-test-images/httpd:2.4.38-1.&#xA;Jul 24 14:06:24.465: INFO: DaemonSet pods can&#39;t tolerate node kubernetes-master with taints [{Key:node-role.kubernetes.io/master Value: Effect:NoSchedule TimeAdded:&lt;nil&gt;}], skip checking this node&#xA;Jul 24 14:06:25.459: INFO: Wrong image for pod: daemon-set-6zdsv. Expected: k8s.gcr.io/e2e-test-images/agnhost:2.32, got: k8s.gcr.io/e2e-test-images/httpd:2.4.38-1.&#xA;Jul 24 14:06:25.461: INFO: DaemonSet pods can&#39;t tolerate node kubernetes-master with taints [{Key:node-role.kubernetes.io/master Value: Effect:NoSchedule TimeAdded:&lt;nil&gt;}], skip checking this node&#xA;Jul 24 14:06:26.464: INFO: Wrong image for pod: daemon-set-6zdsv. Expected: k8s.gcr.io/e2e-test-images/agnhost:2.32, got: k8s.gcr.io/e2e-test-images/httpd:2.4.38-1.&#xA;Jul 24 14:06:26.467: INFO: DaemonSet pods can&#39;t tolerate node kubernetes-master with taints [{Key:node-role.kubernetes.io/master Value: Effect:NoSchedule TimeAdded:&lt;nil&gt;}], skip checking this node&#xA;Jul 24 14:06:27.460: INFO: Wrong image for pod: daemon-set-6zdsv. Expected: k8s.gcr.io/e2e-test-images/agnhost:2.32, got: k8s.gcr.io/e2e-test-images/httpd:2.4.38-1.&#xA;Jul 24 14:06:27.463: INFO: DaemonSet pods can&#39;t tolerate node kubernetes-master with taints [{Key:node-role.kubernetes.io/master Value: Effect:NoSchedule TimeAdded:&lt;nil&gt;}], skip checking this node&#xA;Jul 24 14:06:28.459: INFO: Wrong image for pod: daemon-set-6zdsv. Expected: k8s.gcr.io/e2e-test-images/agnhost:2.32, got: k8s.gcr.io/e2e-test-images/httpd:2.4.38-1.&#xA;Jul 24 14:06:28.463: INFO: DaemonSet pods can&#39;t tolerate node kubernetes-master with taints [{Key:node-role.kubernetes.io/master Value: Effect:NoSchedule TimeAdded:&lt;nil&gt;}], skip checking this node&#xA;Jul 24 14:06:29.460: INFO: Wrong image for pod: daemon-set-6zdsv. Expected: k8s.gcr.io/e2e-test-images/agnhost:2.32, got: k8s.gcr.io/e2e-test-images/httpd:2.4.38-1.&#xA;Jul 24 14:06:29.463: INFO: DaemonSet pods can&#39;t tolerate node kubernetes-master with taints [{Key:node-role.kubernetes.io/master Value: Effect:NoSchedule TimeAdded:&lt;nil&gt;}], skip checking this node&#xA;Jul 24 14:06:30.461: INFO: Wrong image for pod: daemon-set-6zdsv. Expected: k8s.gcr.io/e2e-test-images/agnhost:2.32, got: k8s.gcr.io/e2e-test-images/httpd:2.4.38-1.&#xA;Jul 24 14:06:30.464: INFO: DaemonSet pods can&#39;t tolerate node kubernetes-master with taints [{Key:node-role.kubernetes.io/master Value: Effect:NoSchedule TimeAdded:&lt;nil&gt;}], skip checking this node&#xA;Jul 24 14:06:31.460: INFO: Wrong image for pod: daemon-set-6zdsv. Expected: k8s.gcr.io/e2e-test-images/agnhost:2.32, got: k8s.gcr.io/e2e-test-images/httpd:2.4.38-1.&#xA;Jul 24 14:06:31.463: INFO: DaemonSet pods can&#39;t tolerate node kubernetes-master with taints [{Key:node-role.kubernetes.io/master Value: Effect:NoSchedule TimeAdded:&lt;nil&gt;}], skip checking this node&#xA;Jul 24 14:06:32.460: INFO: Wrong image for pod: daemon-set-6zdsv. Expected: k8s.gcr.io/e2e-test-images/agnhost:2.32, got: k8s.gcr.io/e2e-test-images/httpd:2.4.38-1.&#xA;Jul 24 14:06:32.464: INFO: DaemonSet pods can&#39;t tolerate node kubernetes-master with taints [{Key:node-role.kubernetes.io/master Value: Effect:NoSchedule TimeAdded:&lt;nil&gt;}], skip checking this node&#xA;Jul 24 14:06:33.462: INFO: Wrong image for pod: daemon-set-6zdsv. Expected: k8s.gcr.io/e2e-test-images/agnhost:2.32, got: k8s.gcr.io/e2e-test-images/httpd:2.4.38-1.&#xA;Jul 24 14:06:33.465: INFO: DaemonSet pods can&#39;t tolerate node kubernetes-master with taints [{Key:node-role.kubernetes.io/master Value: Effect:NoSchedule TimeAdded:&lt;nil&gt;}], skip checking this node&#xA;Jul 24 14:06:34.474: INFO: Wrong image for pod: daemon-set-6zdsv. Expected: k8s.gcr.io/e2e-test-images/agnhost:2.32, got: k8s.gcr.io/e2e-test-images/httpd:2.4.38-1.&#xA;Jul 24 14:06:34.485: INFO: DaemonSet pods can&#39;t tolerate node kubernetes-master with taints [{Key:node-role.kubernetes.io/master Value: Effect:NoSchedule TimeAdded:&lt;nil&gt;}], skip checking this node&#xA;Jul 24 14:06:35.546: INFO: Wrong image for pod: daemon-set-6zdsv. Expected: k8s.gcr.io/e2e-test-images/agnhost:2.32, got: k8s.gcr.io/e2e-test-images/httpd:2.4.38-1.&#xA;Jul 24 14:06:35.550: INFO: DaemonSet pods can&#39;t tolerate node kubernetes-master with taints [{Key:node-role.kubernetes.io/master Value: Effect:NoSchedule TimeAdded:&lt;nil&gt;}], skip checking this node&#xA;Jul 24 14:06:36.470: INFO: Wrong image for pod: daemon-set-6zdsv. Expected: k8s.gcr.io/e2e-test-images/agnhost:2.32, got: k8s.gcr.io/e2e-test-images/httpd:2.4.38-1.&#xA;Jul 24 14:06:36.504: INFO: DaemonSet pods can&#39;t tolerate node kubernetes-master with taints [{Key:node-role.kubernetes.io/master Value: Effect:NoSchedule TimeAdded:&lt;nil&gt;}], skip checking this node&#xA;Jul 24 14:06:37.486: INFO: Wrong image for pod: daemon-set-6zdsv. Expected: k8s.gcr.io/e2e-test-images/agnhost:2.32, got: k8s.gcr.io/e2e-test-images/httpd:2.4.38-1.&#xA;Jul 24 14:06:37.489: INFO: DaemonSet pods can&#39;t tolerate node kubernetes-master with taints [{Key:node-role.kubernetes.io/master Value: Effect:NoSchedule TimeAdded:&lt;nil&gt;}], skip checking this node&#xA;Jul 24 14:06:37.505: INFO: Wrong image for pod: daemon-set-6zdsv. Expected: k8s.gcr.io/e2e-test-images/agnhost:2.32, got: k8s.gcr.io/e2e-test-images/httpd:2.4.38-1.&#xA;Jul 24 14:06:37.530: INFO: DaemonSet pods can&#39;t tolerate node kubernetes-master with taints [{Key:node-role.kubernetes.io/master Value: Effect:NoSchedule TimeAdded:&lt;nil&gt;}], skip checking this node&#xA;Jul 24 14:06:37.531: FAIL: Unexpected error:&#xA;    &lt;*errors.errorString | 0xc0002c2240&gt;: {&#xA;        s: &#34;timed out waiting for the condition&#34;,&#xA;    }&#xA;    timed out waiting for the condition&#xA;occurred&#xA;&#xA;Full Stack Trace&#xA;k8s.io/kubernetes/test/e2e/apps.glob..func3.8()&#xA;&#x9;/workspace/src/k8s.io/kubernetes/_output/dockerized/go/src/k8s.io/kubernetes/test/e2e/apps/daemon_set.go:406 +0xbf8&#xA;k8s.io/kubernetes/test/e2e.RunE2ETests(0xc0005db200)&#xA;&#x9;_output/dockerized/go/src/k8s.io/kubernetes/test/e2e/e2e.go:130 +0x36c&#xA;k8s.io/kubernetes/test/e2e.TestE2E(0xc0005db200)&#xA;&#x9;_output/dockerized/go/src/k8s.io/kubernetes/test/e2e/e2e_test.go:136 +0x2b&#xA;testing.tRunner(0xc0005db200, 0x72d52f0)&#xA;&#x9;/usr/local/go/src/testing/testing.go:1193 +0xef&#xA;created by testing.(*T).Run&#xA;&#x9;/usr/local/go/src/testing/testing.go:1238 +0x2b3&#xA;[AfterEach] [sig-apps] Daemon set [Serial]&#xA;  /workspace/src/k8s.io/kubernetes/_output/dockerized/go/src/k8s.io/kubernetes/test/e2e/apps/daemon_set.go:108&#xA;STEP: Deleting DaemonSet &#34;daemon-set&#34;&#xA;STEP: deleting DaemonSet.extensions daemon-set in namespace daemonsets-9670, will wait for the garbage collector to delete the pods&#xA;Jul 24 14:06:37.749: INFO: Deleting DaemonSet.extensions daemon-set took: 40.496011ms&#xA;Jul 24 14:06:37.950: INFO: Terminating DaemonSet.extensions daemon-set pods took: 201.233343ms&#xA;Jul 24 14:12:36.887: INFO: Number of nodes with available pods: 0&#xA;Jul 24 14:12:36.887: INFO: Number of running nodes: 0, number of available pods: 0&#xA;Jul 24 14:12:36.888: INFO: daemonset: {&#34;kind&#34;:&#34;DaemonSetList&#34;,&#34;apiVersion&#34;:&#34;apps/v1&#34;,&#34;metadata&#34;:{&#34;resourceVersion&#34;:&#34;5749245&#34;},&#34;items&#34;:null}&#xA;&#xA;Jul 24 14:12:36.890: INFO: pods: {&#34;kind&#34;:&#34;PodList&#34;,&#34;apiVersion&#34;:&#34;v1&#34;,&#34;metadata&#34;:{&#34;resourceVersion&#34;:&#34;5749245&#34;},&#34;items&#34;:null}&#xA;&#xA;Jul 24 14:12:36.893: INFO: Condition Ready of node k8s-node03 is false, but Node is tainted by NodeController with [{node.kubernetes.io/not-ready  NoSchedule 2022-07-24 14:11:41 +0000 UTC} {node.kubernetes.io/not-ready  NoExecute 2022-07-24 14:11:42 +0000 UTC}]. Failure&#xA;[AfterEach] [sig-apps] Daemon set [Serial]&#xA;  /workspace/src/k8s.io/kubernetes/_output/dockerized/go/src/k8s.io/kubernetes/test/e2e/framework/framework.go:186&#xA;STEP: Collecting events from namespace &#34;daemonsets-9670&#34;.&#xA;STEP: Found 26 events.&#xA;Jul 24 14:12:36.898: INFO: At 2022-07-24 13:57:19 +0000 UTC - event for daemon-set: {daemonset-controller } SuccessfulCreate: Created pod: daemon-set-2dm2m&#xA;Jul 24 14:12:36.898: INFO: At 2022-07-24 13:57:19 +0000 UTC - event for daemon-set: {daemonset-controller } SuccessfulCreate: Created pod: daemon-set-4ktnz&#xA;Jul 24 14:12:36.898: INFO: At 2022-07-24 13:57:19 +0000 UTC - event for daemon-set: {daemonset-controller } SuccessfulCreate: Created pod: daemon-set-6zdsv&#xA;Jul 24 14:12:36.898: INFO: At 2022-07-24 13:57:19 +0000 UTC - event for daemon-set-2dm2m: {default-scheduler } Scheduled: Successfully assigned daemonsets-9670/daemon-set-2dm2m to k8s-node03&#xA;Jul 24 14:12:36.899: INFO: At 2022-07-24 13:57:19 +0000 UTC - event for daemon-set-4ktnz: {default-scheduler } Scheduled: Successfully assigned daemonsets-9670/daemon-set-4ktnz to kubernetes-node-02&#xA;Jul 24 14:12:36.899: INFO: At 2022-07-24 13:57:19 +0000 UTC - event for daemon-set-6zdsv: {default-scheduler } Scheduled: Successfully assigned daemonsets-9670/daemon-set-6zdsv to kubernetes-node-01&#xA;Jul 24 14:12:36.899: INFO: At 2022-07-24 13:57:21 +0000 UTC - event for daemon-set-4ktnz: {kubelet kubernetes-node-02} Pulled: Container image &#34;k8s.gcr.io/e2e-test-images/httpd:2.4.38-1&#34; already present on machine&#xA;Jul 24 14:12:36.899: INFO: At 2022-07-24 13:57:22 +0000 UTC - event for daemon-set-6zdsv: {kubelet kubernetes-node-01} Pulled: Container image &#34;k8s.gcr.io/e2e-test-images/httpd:2.4.38-1&#34; already present on machine&#xA;Jul 24 14:12:36.899: INFO: At 2022-07-24 13:57:23 +0000 UTC - event for daemon-set-4ktnz: {kubelet kubernetes-node-02} Created: Created container app&#xA;Jul 24 14:12:36.899: INFO: At 2022-07-24 13:57:23 +0000 UTC - event for daemon-set-6zdsv: {kubelet kubernetes-node-01} Created: Created container app&#xA;Jul 24 14:12:36.899: INFO: At 2022-07-24 13:57:23 +0000 UTC - event for daemon-set-6zdsv: {kubelet kubernetes-node-01} Started: Started container app&#xA;Jul 24 14:12:36.899: INFO: At 2022-07-24 13:57:24 +0000 UTC - event for daemon-set-4ktnz: {kubelet kubernetes-node-02} Started: Started container app&#xA;Jul 24 14:12:36.899: INFO: At 2022-07-24 13:58:24 +0000 UTC - event for daemon-set-2dm2m: {kubelet k8s-node03} Started: Started container app&#xA;Jul 24 14:12:36.899: INFO: At 2022-07-24 13:58:24 +0000 UTC - event for daemon-set-2dm2m: {kubelet k8s-node03} Pulled: Container image &#34;k8s.gcr.io/e2e-test-images/httpd:2.4.38-1&#34; already present on machine&#xA;Jul 24 14:12:36.899: INFO: At 2022-07-24 13:58:24 +0000 UTC - event for daemon-set-2dm2m: {kubelet k8s-node03} Created: Created container app&#xA;Jul 24 14:12:36.899: INFO: At 2022-07-24 13:59:37 +0000 UTC - event for daemon-set: {daemonset-controller } SuccessfulDelete: Deleted pod: daemon-set-2dm2m&#xA;Jul 24 14:12:36.899: INFO: At 2022-07-24 13:59:37 +0000 UTC - event for daemon-set: {daemonset-controller } SuccessfulDelete: Deleted pod: daemon-set-4ktnz&#xA;Jul 24 14:12:36.899: INFO: At 2022-07-24 13:59:37 +0000 UTC - event for daemon-set-4ktnz: {kubelet kubernetes-node-02} Killing: Stopping container app&#xA;Jul 24 14:12:36.899: INFO: At 2022-07-24 13:59:39 +0000 UTC - event for daemon-set: {daemonset-controller } SuccessfulCreate: Created pod: daemon-set-wvdjw&#xA;Jul 24 14:12:36.899: INFO: At 2022-07-24 13:59:39 +0000 UTC - event for daemon-set-wvdjw: {default-scheduler } Scheduled: Successfully assigned daemonsets-9670/daemon-set-wvdjw to kubernetes-node-02&#xA;Jul 24 14:12:36.899: INFO: At 2022-07-24 13:59:42 +0000 UTC - event for daemon-set-wvdjw: {kubelet kubernetes-node-02} Pulled: Container image &#34;k8s.gcr.io/e2e-test-images/agnhost:2.32&#34; already present on machine&#xA;Jul 24 14:12:36.899: INFO: At 2022-07-24 13:59:45 +0000 UTC - event for daemon-set-wvdjw: {kubelet kubernetes-node-02} Created: Created container app&#xA;Jul 24 14:12:36.899: INFO: At 2022-07-24 13:59:46 +0000 UTC - event for daemon-set-wvdjw: {kubelet kubernetes-node-02} Started: Started container app&#xA;Jul 24 14:12:36.899: INFO: At 2022-07-24 14:06:37 +0000 UTC - event for daemon-set-6zdsv: {kubelet kubernetes-node-01} Killing: Stopping container app&#xA;Jul 24 14:12:36.899: INFO: At 2022-07-24 14:06:37 +0000 UTC - event for daemon-set-wvdjw: {kubelet kubernetes-node-02} Killing: Stopping container app&#xA;Jul 24 14:12:36.899: INFO: At 2022-07-24 14:13:39 +0000 UTC - event for daemon-set-2dm2m: {kubelet k8s-node03} Killing: Stopping container app&#xA;Jul 24 14:12:36.900: INFO: POD  NODE  PHASE  GRACE  CONDITIONS&#xA;Jul 24 14:12:36.900: INFO: &#xA;Jul 24 14:12:36.903: INFO: &#xA;Logging node info for node k8s-node03&#xA;Jul 24 14:12:36.905: INFO: Node Info: &amp;Node{ObjectMeta:{k8s-node03    f005bf71-6041-45da-927c-72c442c8be97 5749195 0 2022-07-05 02:22:15 +0000 UTC &lt;nil&gt; &lt;nil&gt; map[beta.kubernetes.io/arch:amd64 beta.kubernetes.io/os:linux kubernetes.io/arch:amd64 kubernetes.io/hostname:k8s-node03 kubernetes.io/os:linux] map[flannel.alpha.coreos.com/backend-data:{&#34;VNI&#34;:1,&#34;VtepMAC&#34;:&#34;6a:72:10:8f:24:03&#34;} flannel.alpha.coreos.com/backend-type:vxlan flannel.alpha.coreos.com/kube-subnet-manager:true flannel.alpha.coreos.com/public-ip:192.168.132.213 kubeadm.alpha.kubernetes.io/cri-socket:/var/run/dockershim.sock node.alpha.kubernetes.io/ttl:0 volumes.kubernetes.io/controller-managed-attach-detach:true] [] []  [{kubelet Update v1 2022-07-05 02:22:15 +0000 UTC FieldsV1 {&#34;f:metadata&#34;:{&#34;f:annotations&#34;:{&#34;.&#34;:{},&#34;f:volumes.kubernetes.io/controller-managed-attach-detach&#34;:{}},&#34;f:labels&#34;:{&#34;.&#34;:{},&#34;f:beta.kubernetes.io/arch&#34;:{},&#34;f:beta.kubernetes.io/os&#34;:{},&#34;f:kubernetes.io/arch&#34;:{},&#34;f:kubernetes.io/hostname&#34;:{},&#34;f:kubernetes.io/os&#34;:{}}}} } {kubeadm Update v1 2022-07-05 02:22:20 +0000 UTC FieldsV1 {&#34;f:metadata&#34;:{&#34;f:annotations&#34;:{&#34;f:kubeadm.alpha.kubernetes.io/cri-socket&#34;:{}}}} } {flanneld Update v1 2022-07-05 02:25:35 +0000 UTC FieldsV1 {&#34;f:metadata&#34;:{&#34;f:annotations&#34;:{&#34;f:flannel.alpha.coreos.com/backend-data&#34;:{},&#34;f:flannel.alpha.coreos.com/backend-type&#34;:{},&#34;f:flannel.alpha.coreos.com/kube-subnet-manager&#34;:{},&#34;f:flannel.alpha.coreos.com/public-ip&#34;:{}}},&#34;f:status&#34;:{&#34;f:conditions&#34;:{&#34;k:{\&#34;type\&#34;:\&#34;NetworkUnavailable\&#34;}&#34;:{&#34;.&#34;:{},&#34;f:lastHeartbeatTime&#34;:{},&#34;f:lastTransitionTime&#34;:{},&#34;f:message&#34;:{},&#34;f:reason&#34;:{},&#34;f:status&#34;:{},&#34;f:type&#34;:{}}}}} status} {e2e.test Update v1 2022-07-24 11:57:52 +0000 UTC FieldsV1 {&#34;f:status&#34;:{&#34;f:capacity&#34;:{&#34;f:example.com/fakecpu&#34;:{},&#34;f:scheduling.k8s.io/foo&#34;:{}}}} status} {kubelet Update v1 2022-07-24 11:57:58 +0000 UTC FieldsV1 {&#34;f:status&#34;:{&#34;f:allocatable&#34;:{&#34;f:ephemeral-storage&#34;:{},&#34;f:example.com/fakecpu&#34;:{},&#34;f:scheduling.k8s.io/foo&#34;:{}},&#34;f:capacity&#34;:{&#34;f:ephemeral-storage&#34;:{}},&#34;f:conditions&#34;:{&#34;k:{\&#34;type\&#34;:\&#34;DiskPressure\&#34;}&#34;:{&#34;f:lastHeartbeatTime&#34;:{}},&#34;k:{\&#34;type\&#34;:\&#34;MemoryPressure\&#34;}&#34;:{&#34;f:lastHeartbeatTime&#34;:{}},&#34;k:{\&#34;type\&#34;:\&#34;PIDPressure\&#34;}&#34;:{&#34;f:lastHeartbeatTime&#34;:{}},&#34;k:{\&#34;type\&#34;:\&#34;Ready\&#34;}&#34;:{&#34;f:lastHeartbeatTime&#34;:{},&#34;f:lastTransitionTime&#34;:{},&#34;f:message&#34;:{},&#34;f:reason&#34;:{},&#34;f:status&#34;:{}}},&#34;f:images&#34;:{}}} status} {kube-controller-manager Update v1 2022-07-24 14:11:41 +0000 UTC FieldsV1 {&#34;f:metadata&#34;:{&#34;f:annotations&#34;:{&#34;f:node.alpha.kubernetes.io/ttl&#34;:{}}},&#34;f:spec&#34;:{&#34;f:podCIDR&#34;:{},&#34;f:podCIDRs&#34;:{&#34;.&#34;:{},&#34;v:\&#34;10.244.1.0/24\&#34;&#34;:{}},&#34;f:taints&#34;:{}}} }]},Spec:NodeSpec{PodCIDR:10.244.1.0/24,DoNotUseExternalID:,ProviderID:,Unschedulable:false,Taints:[]Taint{Taint{Key:node.kubernetes.io/not-ready,Value:,Effect:NoSchedule,TimeAdded:2022-07-24 14:11:41 +0000 UTC,},Taint{Key:node.kubernetes.io/not-ready,Value:,Effect:NoExecute,TimeAdded:2022-07-24 14:11:42 +0000 UTC,},},ConfigSource:nil,PodCIDRs:[10.244.1.0/24],},Status:NodeStatus{Capacity:ResourceList{cpu: {{8 0} {&lt;nil&gt;} 8 DecimalSI},ephemeral-storage: {{209930366976 0} {&lt;nil&gt;} 205010124Ki BinarySI},example.com/fakecpu: {{1 3} {&lt;nil&gt;} 1k DecimalSI},hugepages-1Gi: {{0 0} {&lt;nil&gt;} 0 DecimalSI},hugepages-2Mi: {{0 0} {&lt;nil&gt;} 0 DecimalSI},memory: {{16656281600 0} {&lt;nil&gt;} 16265900Ki BinarySI},pods: {{110 0} {&lt;nil&gt;} 110 DecimalSI},scheduling.k8s.io/foo: {{5 0} {&lt;nil&gt;} 5 DecimalSI},},Allocatable:ResourceList{cpu: {{8 0} {&lt;nil&gt;} 8 DecimalSI},ephemeral-storage: {{188937329966 0} {&lt;nil&gt;} 188937329966 DecimalSI},example.com/fakecpu: {{1 3} {&lt;nil&gt;} 1k DecimalSI},hugepages-1Gi: {{0 0} {&lt;nil&gt;} 0 DecimalSI},hugepages-2Mi: {{0 0} {&lt;nil&gt;} 0 DecimalSI},memory: {{16551424000 0} {&lt;nil&gt;} 16163500Ki BinarySI},pods: {{110 0} {&lt;nil&gt;} 110 DecimalSI},scheduling.k8s.io/foo: {{5 0} {&lt;nil&gt;} 5 DecimalSI},},Phase:,Conditions:[]NodeCondition{NodeCondition{Type:NetworkUnavailable,Status:False,LastHeartbeatTime:2022-07-10 14:28:16 +0000 UTC,LastTransitionTime:2022-07-10 14:28:16 +0000 UTC,Reason:FlannelIsUp,Message:Flannel is running on this node,},NodeCondition{Type:MemoryPressure,Status:False,LastHeartbeatTime:2022-07-24 14:13:36 +0000 UTC,LastTransitionTime:2022-07-05 02:22:48 +0000 UTC,Reason:KubeletHasSufficientMemory,Message:kubelet has sufficient memory available,},NodeCondition{Type:DiskPressure,Status:False,LastHeartbeatTime:2022-07-24 14:13:36 +0000 UTC,LastTransitionTime:2022-07-05 02:22:48 +0000 UTC,Reason:KubeletHasNoDiskPressure,Message:kubelet has no disk pressure,},NodeCondition{Type:PIDPressure,Status:False,LastHeartbeatTime:2022-07-24 14:13:36 +0000 UTC,LastTransitionTime:2022-07-05 02:22:48 +0000 UTC,Reason:KubeletHasSufficientPID,Message:kubelet has sufficient PID available,},NodeCondition{Type:Ready,Status:False,LastHeartbeatTime:2022-07-24 14:13:36 +0000 UTC,LastTransitionTime:2022-07-24 14:12:45 +0000 UTC,Reason:KubeletNotReady,Message:PLEG is not healthy: pleg was last seen active 3m57.147276404s ago; threshold is 3m0s,},},Addresses:[]NodeAddress{NodeAddress{Type:InternalIP,Address:192.168.132.213,},NodeAddress{Type:Hostname,Address:k8s-node03,},},DaemonEndpoints:NodeDaemonEndpoints{KubeletEndpoint:DaemonEndpoint{Port:10250,},},NodeInfo:NodeSystemInfo{MachineID:5c4f44645c224c32b2e13018f4b1e6fe,SystemUUID:363F4D56-1C03-892D-B6DD-88BC8E04D266,BootID:cd76da84-f7b8-4e6c-b632-bf887a8547ba,KernelVersion:3.10.0-1160.el7.x86_64,OSImage:CentOS Linux 7 (Core),ContainerRuntimeVersion:docker://20.10.12,KubeletVersion:v1.22.3,KubeProxyVersion:v1.22.3,OperatingSystem:linux,Architecture:amd64,},Images:[]ContainerImage{ContainerImage{Names:[k8s.gcr.io/e2e-test-images/cuda-vector-add:2.2],SizeBytes:2579956550,},ContainerImage{Names:[k8s.gcr.io/e2e-test-images/cuda-vector-add:1.0],SizeBytes:2047006036,},ContainerImage{Names:[gcr.io/kubernetes-e2e-test-images/cuda-vector-add:1.0],SizeBytes:2016942040,},ContainerImage{Names:[registry.cn-qingdao.aliyuncs.com/metersphere/seleniarm-grid-all:4.1.4-20220519],SizeBytes:1904652549,},ContainerImage{Names:[k8s.gcr.io/e2e-test-images/node-perf/tf-wide-deep:1.1],SizeBytes:1631128450,},ContainerImage{Names:[harbor.moresec.cn/ksp/webshell_srv@sha256:52331f042d9b722692b7d1e7d39bad602f0755a948b8a439b4a27c4c0fae045f harbor.moresec.cn/ksp/webshell_srv:2.2.0 harbor.moresec.cn/ksp/webshell_srv:latest],SizeBytes:981080070,},ContainerImage{Names:[golang@sha256:e06c83493ef6d69c95018da90f2887bf337470db074d3c648b8b648d8e3c441e golang:latest],SizeBytes:940801393,},ContainerImage{Names:[k8s.gcr.io/e2e-test-images/perl:5.26],SizeBytes:853225645,},ContainerImage{Names:[k8s.gcr.io/e2e-test-images/volume/rbd:1.0.3],SizeBytes:751897580,},ContainerImage{Names:[istio/examples-bookinfo-reviews-v1@sha256:d1b8447be70549f1f7303f266d88c16112e2695cc110603fdb1c8ee432a627bf istio/examples-bookinfo-reviews-v1:1.16.2],SizeBytes:693666078,},ContainerImage{Names:[docker-dev.moresec.cn:10443/ksp/sc_worker@sha256:3a05b8285428e9559bc9cf50da00e8239dac3c86882dce41965debd7ec996362 harbor.moresec.cn/sca_k8s/sc_worker@sha256:3a05b8285428e9559bc9cf50da00e8239dac3c86882dce41965debd7ec996362 docker-dev.moresec.cn:10443/ksp/sc_worker:1.2.4 harbor.moresec.cn/sca_k8s/sc_worker:1.2.4],SizeBytes:649910709,},ContainerImage{Names:[docker-dev.moresec.cn:10443/ksp/ksp_init@sha256:9e658148b745bcc5131d6f68e0d2d7388c27faf5bc861b13e8272fdaeb4408b1 docker-dev.moresec.cn:10443/ksp/ksp_init:2.1.0],SizeBytes:628261780,},ContainerImage{Names:[registry.cn-qingdao.aliyuncs.com/metersphere/metersphere:v1.20.6-lts],SizeBytes:610265209,},ContainerImage{Names:[harbor.moresec.cn/ksp/ksp_agent@sha256:c1932469dedf0835e9ad565f029513d9c0d005811f0832bfb7b661f7483ac72c],SizeBytes:602699860,},ContainerImage{Names:[docker-dev.moresec.cn:10443/ksp/ksp_agent@sha256:5334579fdffbc7898576b6fa09dee2011dafdc9b1fc0fa3f4856fb5c4ae4930b docker-dev.moresec.cn:10443/ksp/ksp_agent:latest],SizeBytes:602398865,},ContainerImage{Names:[registry.cn-qingdao.aliyuncs.com/metersphere/kafka:2],SizeBytes:584842926,},ContainerImage{Names:[docker-dev.moresec.cn:10443/ksp/kafka@sha256:33751847bde5c37fe0f329b73ed12ee92eeb27783035d91b03ffdb93c3e6fb65 docker-dev.moresec.cn:10443/ksp/kafka:2.8.1],SizeBytes:584811800,},ContainerImage{Names:[registry.cn-qingdao.aliyuncs.com/metersphere/jmeter-master:5.4.3-ms6-jdk11],SizeBytes:575005331,},ContainerImage{Names:[kennethreitz/httpbin@sha256:599fe5e5073102dbb0ee3dbb65f049dab44fa9fc251f6835c9990f8fb196a72b kennethreitz/httpbin:latest],SizeBytes:533651313,},ContainerImage{Names:[registry.cn-qingdao.aliyuncs.com/metersphere/ms-node-controller:v1.20.6-lts],SizeBytes:530934282,},ContainerImage{Names:[bitnami/fluentd@sha256:573b98fb93057d1fd484724253d445f76dfbf1b3f68816b0414e75e07d84dfb4 harbor.moresec.cn/ksp/fluentd@sha256:573b98fb93057d1fd484724253d445f76dfbf1b3f68816b0414e75e07d84dfb4 bitnami/fluentd:1.14.2-debian-10-r9 harbor.moresec.cn/ksp/fluentd:1.14.2-debian-10-r9],SizeBytes:508732919,},ContainerImage{Names:[harbor.moresec.cn/ksp/ksp_agent@sha256:f96a653e88fcf5b71a82e603da3ace5e774c9dd4e37dcdfc7a1db3ce87267245 harbor.moresec.cn/ksp/ksp_agent:latest],SizeBytes:495969065,},ContainerImage{Names:[harbor.moresec.cn/ksp/ksp_agent@sha256:62d75a6961ee50b7bbea1eeb9a835b8809fbf868cda8ea7e30c57a871fe36ae4],SizeBytes:495943489,},ContainerImage{Names:[harbor.moresec.cn/ksp/ksp_agent@sha256:4244293c22c6871d040fd67f559b8d44a93291a5c83c8f8ebb541fdb077fbc77],SizeBytes:495920142,},ContainerImage{Names:[harbor.moresec.cn/ksp/ksp_agent@sha256:fcc1e1c17304da836dad3777e003799b77df4b754168079b43b23e7dfd8e2921],SizeBytes:495919990,},ContainerImage{Names:[docker-dev.moresec.cn:10443/ksp/ksp_agent@sha256:36abcc9dd9a4fd2ee9cc6a7332df5e906d9d785e8100e7cc252fa18880c9bf3f docker-dev.moresec.cn:10443/ksp/ksp_agent:2.1.0],SizeBytes:491617343,},ContainerImage{Names:[docker-dev.moresec.cn:10443/ksp/ksp_agent@sha256:70debd6986cfcb0361a0220aa9a3df8f74f3ab7cd097450bfedeb1d1f125021e docker-dev.moresec.cn:10443/ksp/ksp_agent:debug],SizeBytes:491553819,},ContainerImage{Names:[tomcat@sha256:df634a0b4a2a61069521c4681609423b3794d2a3120821b92f346710450ad344 tomcat:latest],SizeBytes:482781027,},ContainerImage{Names:[tomcat@sha256:8ba062f472d7dbde11458d257f3a251af89c38bf96f0b9b60683ff440491cb5c tomcat:8],SizeBytes:481266517,},ContainerImage{Names:[192.168.132.114/iast/iast@sha256:d70b9b55f733826235411c55b7da72d79ad3981653665b0fcd9cfd8c2375d795 192.168.132.114/iast/iast:latest],SizeBytes:479554901,},ContainerImage{Names:[docker-dev.moresec.cn:10443/ksp/influxdb@sha256:4d688fb9837fcfb84ac4cdd65215e06c2c98cac743ffbbddde8a735d4ef1f707 docker-dev.moresec.cn:10443/ksp/influxdb:2.0.9-debian-10-r5],SizeBytes:468207544,},ContainerImage{Names:[docker-dev.moresec.cn:10443/ksp/zookeeper@sha256:3f077ee4e6b2ff601c2344b1bd007e752ad3ca66550eaf41604e290a02bb92c7 docker-dev.moresec.cn:10443/ksp/zookeeper:3.7.0-debian-10-r68],SizeBytes:468025553,},ContainerImage{Names:[docker-dev.moresec.cn:10443/ksp/zookeeper@sha256:48d32c70549cdddb608dea0b66ce3d9472e20794cf295a6c32df0c37df3a14c1 docker-dev.moresec.cn:10443/ksp/zookeeper:3.6.3],SizeBytes:467282205,},ContainerImage{Names:[harbor.moresec.cn/ksp/mongodb@sha256:fd56fed5a87feb1a9f18e7d31362518a30b7a31fa053e0d6faca281e223d75ce harbor.moresec.cn/ksp/mongodb:4.4.5-debian-10-r0],SizeBytes:453660053,},ContainerImage{Names:[registry.cn-qingdao.aliyuncs.com/metersphere/zookeeper:3],SizeBytes:450669889,},ContainerImage{Names:[jenkins/inbound-agent@sha256:fd03ca26dbc0745eef54d0919df1f4d030d0bb5da8befaad84bd22f649f1e26b jenkins/inbound-agent:4.11-1-jdk8],SizeBytes:449034389,},ContainerImage{Names:[registry.cn-qingdao.aliyuncs.com/metersphere/mysql:5.7.33],SizeBytes:448709496,},ContainerImage{Names:[harbor.moresec.cn/ksp/sav_service@sha256:1cded1904d167b240f4821e7bc63745478991000e7715d5c4eecc134c25bb8ad harbor.moresec.cn/ksp/sav_service:2.2.0 harbor.moresec.cn/ksp/sav_service:latest],SizeBytes:434790033,},ContainerImage{Names:[harbor.moresec.cn/ksp/ksp_agent@sha256:0fa5495795843bd5d69156d87b2d1c8ba34758af85fcd472ec6ad0daba56fe26],SizeBytes:433527765,},ContainerImage{Names:[harbor.moresec.cn/ksp/ksp_agent@sha256:7fc828e5732309187da20a9a025a142f8229f04087601a9fad119c3724ab6e92 harbor.moresec.cn/ksp/ksp_agent:2.2.0],SizeBytes:433527765,},ContainerImage{Names:[harbor.moresec.cn/ksp/ksp_agent@sha256:b6455a0f39f08b39b5ee701bbcfb11edb8484478bfe44f30a3a48f041ea504b1],SizeBytes:433527765,},ContainerImage{Names:[k8s.gcr.io/e2e-test-images/volume/iscsi:2.2],SizeBytes:414158129,},ContainerImage{Names:[k8s.gcr.io/sig-storage/nfs-provisioner:v2.2.2],SizeBytes:391702539,},ContainerImage{Names:[docker-dev.moresec.cn:10443/ksp/ksp_agent@sha256:fee3f2661f343139839f62ece13d4749d6f6d03aa748ce4467c7ed97eeca36ed docker-dev.moresec.cn:10443/ksp/ksp_agent:1.4.1],SizeBytes:391574036,},ContainerImage{Names:[kubesphere/ks-installer@sha256:749f1ed10c672ae460f79932553ac5ba321b98df972b778041dc2cc7402dd478 kubesphere/ks-installer:v3.2.1],SizeBytes:383453543,},ContainerImage{Names:[k8s.gcr.io/e2e-test-images/glusterdynamic-provisioner:v1.0],SizeBytes:373269502,},ContainerImage{Names:[k8s.gcr.io/e2e-test-images/volume/gluster:1.2],SizeBytes:340272046,},ContainerImage{Names:[bitnami/fluentd@sha256:1929a66b95c98cc074242933b9367e1194724c5e7019d0c9738523ab6af8f097 bitnami/fluentd:latest],SizeBytes:339523678,},ContainerImage{Names:[sonobuoy/systemd-logs:v0.4],SizeBytes:314068873,},ContainerImage{Names:[registry.cn-qingdao.aliyuncs.com/metersphere/ms-data-streaming:v1.20.6-lts],SizeBytes:306751358,},},VolumesInUse:[],VolumesAttached:[]AttachedVolume{},Config:nil,},}&#xA;Jul 24 14:12:36.905: INFO: &#xA;Logging kubelet events for node k8s-node03&#xA;Jul 24 14:12:36.907: INFO: &#xA;Logging pods the kubelet thinks is on node k8s-node03&#xA;Jul 24 14:12:37.055: INFO: kube-flannel-ds-9bdvn started at 2022-07-10 14:28:10 +0000 UTC (2+1 container statuses recorded)&#xA;Jul 24 14:12:37.055: INFO: &#x9;Init container install-cni-plugin ready: true, restart count 0&#xA;Jul 24 14:12:37.055: INFO: &#x9;Init container install-cni ready: true, restart count 0&#xA;Jul 24 14:12:37.055: INFO: &#x9;Container kube-flannel ready: true, restart count 0&#xA;Jul 24 14:12:37.055: INFO: ksp-image-scanner-855f89657c-2gr9n started at 2022-07-18 06:47:00 +0000 UTC (0+3 container statuses recorded)&#xA;Jul 24 14:12:37.055: INFO: &#x9;Container image-scanner ready: true, restart count 0&#xA;Jul 24 14:12:37.055: INFO: &#x9;Container sav-service ready: true, restart count 0&#xA;Jul 24 14:12:37.055: INFO: &#x9;Container webshell-srv ready: true, restart count 0&#xA;Jul 24 14:12:37.055: INFO: metrics-server-687cb5444-nsqpc started at 2022-07-20 02:40:22 +0000 UTC (0+1 container statuses recorded)&#xA;Jul 24 14:12:37.055: INFO: &#x9;Container metrics-server ready: true, restart count 3&#xA;Jul 24 14:12:37.055: INFO: ksp-gateway-5d5784b6ff-jdwgp started at 2022-07-20 11:56:20 +0000 UTC (0+1 container statuses recorded)&#xA;Jul 24 14:12:37.055: INFO: &#x9;Container gateway ready: true, restart count 7&#xA;Jul 24 14:12:37.055: INFO: gatekeeper-audit-8b65cf5d5-hnlqb started at 2022-07-24 12:39:15 +0000 UTC (0+1 container statuses recorded)&#xA;Jul 24 14:12:37.055: INFO: &#x9;Container manager ready: true, restart count 0&#xA;Jul 24 14:12:37.055: INFO: ubuntu-deployment-docker-sock-f7dc65cf-bh4cm started at 2022-07-15 07:29:35 +0000 UTC (0+1 container statuses recorded)&#xA;Jul 24 14:12:37.055: INFO: &#x9;Container ubuntu-docker-sock ready: true, restart count 0&#xA;Jul 24 14:12:37.055: INFO: revshell-7448cf7f48-9lrt9 started at 2022-07-24 12:39:16 +0000 UTC (0+1 container statuses recorded)&#xA;Jul 24 14:12:37.055: INFO: &#x9;Container revshell ready: true, restart count 0&#xA;Jul 24 14:12:37.055: INFO: gatekeeper-controller-manager-6566df6878-tsd9p started at 2022-07-20 02:40:21 +0000 UTC (0+1 container statuses recorded)&#xA;Jul 24 14:12:37.055: INFO: &#x9;Container manager ready: true, restart count 0&#xA;Jul 24 14:12:37.055: INFO: ksp-web-6544f958bf-kg5jx started at 2022-07-20 02:40:22 +0000 UTC (0+1 container statuses recorded)&#xA;Jul 24 14:12:37.055: INFO: &#x9;Container web ready: true, restart count 0&#xA;Jul 24 14:12:37.055: INFO: mytomcat-bb7b6978b-4strb started at 2022-07-14 09:47:13 +0000 UTC (0+1 container statuses recorded)&#xA;Jul 24 14:12:37.055: INFO: &#x9;Container mytomcat ready: true, restart count 0&#xA;Jul 24 14:12:37.055: INFO: daemon-set-2dm2m started at 2022-07-24 13:58:23 +0000 UTC (0+1 container statuses recorded)&#xA;Jul 24 14:12:37.055: INFO: &#x9;Container app ready: true, restart count 0&#xA;Jul 24 14:12:37.055: INFO: static-web started at 2022-07-12 05:43:17 +0000 UTC (0+1 container statuses recorded)&#xA;Jul 24 14:12:37.055: INFO: &#x9;Container web ready: true, restart count 0&#xA;Jul 24 14:12:37.055: INFO: ksp-cluster-agent-7fb968c996-fxb7g started at 2022-07-20 11:56:22 +0000 UTC (0+1 container statuses recorded)&#xA;Jul 24 14:12:37.055: INFO: &#x9;Container cluster-agent ready: true, restart count 11&#xA;Jul 24 14:12:37.055: INFO: kubectl-test-7d8d6cb4fd-bqbnm started at 2022-07-24 12:39:15 +0000 UTC (0+1 container statuses recorded)&#xA;Jul 24 14:12:37.055: INFO: &#x9;Container kubectl ready: true, restart count 0&#xA;Jul 24 14:12:37.055: INFO: kubectl-nibaba-b45bd6bd5-wwcvd started at 2022-07-24 12:39:16 +0000 UTC (0+1 container statuses recorded)&#xA;Jul 24 14:12:37.055: INFO: &#x9;Container kubectl ready: true, restart count 0&#xA;Jul 24 14:12:37.055: INFO: kube-state-metrics-7bdc7484cf-fswtg started at 2022-07-24 12:39:16 +0000 UTC (0+3 container statuses recorded)&#xA;Jul 24 14:12:37.055: INFO: &#x9;Container kube-rbac-proxy-main ready: true, restart count 0&#xA;Jul 24 14:12:37.055: INFO: &#x9;Container kube-rbac-proxy-self ready: true, restart count 0&#xA;Jul 24 14:12:37.055: INFO: &#x9;Container kube-state-metrics ready: true, restart count 0&#xA;Jul 24 14:12:37.055: INFO: mytomcat-bb7b6978b-9p9m7 started at 2022-07-14 09:47:13 +0000 UTC (0+1 container statuses recorded)&#xA;Jul 24 14:12:37.055: INFO: &#x9;Container mytomcat ready: true, restart count 0&#xA;Jul 24 14:12:37.055: INFO: mytomcat-bb7b6978b-b7mp4 started at 2022-07-14 09:47:13 +0000 UTC (0+1 container statuses recorded)&#xA;Jul 24 14:12:37.055: INFO: &#x9;Container mytomcat ready: true, restart count 0&#xA;Jul 24 14:12:37.055: INFO: mytomcat-bb7b6978b-g9tgt started at 2022-07-14 09:47:13 +0000 UTC (0+1 container statuses recorded)&#xA;Jul 24 14:12:37.055: INFO: &#x9;Container mytomcat ready: true, restart count 0&#xA;Jul 24 14:12:37.055: INFO: node-exporter-f9m2n started at 2022-07-08 03:28:45 +0000 UTC (0+2 container statuses recorded)&#xA;Jul 24 14:12:37.055: INFO: &#x9;Container kube-rbac-proxy ready: true, restart count 0&#xA;Jul 24 14:12:37.055: INFO: &#x9;Container node-exporter ready: true, restart count 0&#xA;Jul 24 14:12:37.055: INFO: mytomcat-bb7b6978b-55lfk started at 2022-07-14 09:47:13 +0000 UTC (0+1 container statuses recorded)&#xA;Jul 24 14:12:37.055: INFO: &#x9;Container mytomcat ready: true, restart count 0&#xA;Jul 24 14:12:37.055: INFO: ksp-mongodb-0 started at 2022-07-10 14:28:11 +0000 UTC (0+1 container statuses recorded)&#xA;Jul 24 14:12:37.055: INFO: &#x9;Container mongodb ready: true, restart count 0&#xA;Jul 24 14:12:37.055: INFO: sonobuoy-systemd-logs-daemon-set-bb55de94825d4876-wswjk started at 2022-07-24 11:16:54 +0000 UTC (0+2 container statuses recorded)&#xA;Jul 24 14:12:37.055: INFO: &#x9;Container sonobuoy-worker ready: true, restart count 0&#xA;Jul 24 14:12:37.055: INFO: &#x9;Container systemd-logs ready: true, restart count 0&#xA;Jul 24 14:12:37.055: INFO: kube-proxy-wr6vf started at 2022-07-05 02:22:49 +0000 UTC (0+1 container statuses recorded)&#xA;Jul 24 14:12:37.055: INFO: &#x9;Container kube-proxy ready: true, restart count 0&#xA;Jul 24 14:12:37.055: INFO: ksp-cluster-manager-67476c9b6c-7slls started at 2022-07-20 02:40:20 +0000 UTC (0+1 container statuses recorded)&#xA;Jul 24 14:12:37.055: INFO: &#x9;Container cluster-manager ready: true, restart count 8&#xA;Jul 24 14:12:37.055: INFO: nginx-deployment-66b6c48dd5-2kksf started at 2022-07-20 02:40:22 +0000 UTC (0+1 container statuses recorded)&#xA;Jul 24 14:12:37.055: INFO: &#x9;Container nginx ready: true, restart count 0&#xA;Jul 24 14:12:37.055: INFO: ksp-account-647659d74f-vq9lh started at 2022-07-20 02:40:23 +0000 UTC (0+2 container statuses recorded)&#xA;Jul 24 14:12:37.055: INFO: &#x9;Container account-gateway ready: true, restart count 0&#xA;Jul 24 14:12:37.055: INFO: &#x9;Container account-server ready: true, restart count 0&#xA;Jul 24 14:12:37.055: INFO: gatekeeper-controller-manager-6566df6878-lqlww started at 2022-07-24 12:39:15 +0000 UTC (0+1 container statuses recorded)&#xA;Jul 24 14:12:37.055: INFO: &#x9;Container manager ready: true, restart count 0&#xA;Jul 24 14:12:37.055: INFO: ksp-controller-85dc685ddc-swvhm started at 2022-07-24 12:39:16 +0000 UTC (0+1 container statuses recorded)&#xA;Jul 24 14:12:37.055: INFO: &#x9;Container controller ready: true, restart count 0&#xA;Jul 24 14:12:37.055: INFO: tomcat-ttt45-6c575b65c4-h2fgc started at 2022-07-24 12:39:26 +0000 UTC (0+1 container statuses recorded)&#xA;Jul 24 14:12:37.055: INFO: &#x9;Container tomcat-ttt45 ready: true, restart count 0&#xA;Jul 24 14:12:37.114: INFO: &#xA;Latency metrics for node k8s-node03&#xA;Jul 24 14:12:37.114: INFO: &#xA;Logging node info for node kubernetes-master&#xA;Jul 24 14:12:37.193: INFO: Node Info: &amp;Node{ObjectMeta:{kubernetes-master    3aced625-2825-4266-8394-8b39739b3fbd 5748223 0 2022-07-05 02:21:30 +0000 UTC &lt;nil&gt; &lt;nil&gt; map[beta.kubernetes.io/arch:amd64 beta.kubernetes.io/os:linux kubernetes.io/arch:amd64 kubernetes.io/hostname:kubernetes-master kubernetes.io/os:linux node-role.kubernetes.io/control-plane: node-role.kubernetes.io/master: node.kubernetes.io/exclude-from-external-load-balancers:] map[flannel.alpha.coreos.com/backend-data:{&#34;VNI&#34;:1,&#34;VtepMAC&#34;:&#34;5e:f9:56:8e:68:51&#34;} flannel.alpha.coreos.com/backend-type:vxlan flannel.alpha.coreos.com/kube-subnet-manager:true flannel.alpha.coreos.com/public-ip:192.168.132.10 kubeadm.alpha.kubernetes.io/cri-socket:/var/run/dockershim.sock node.alpha.kubernetes.io/ttl:0 volumes.kubernetes.io/controller-managed-attach-detach:true] [] []  [{kubelet Update v1 2022-07-05 02:21:30 +0000 UTC FieldsV1 {&#34;f:metadata&#34;:{&#34;f:annotations&#34;:{&#34;.&#34;:{},&#34;f:volumes.kubernetes.io/controller-managed-attach-detach&#34;:{}},&#34;f:labels&#34;:{&#34;.&#34;:{},&#34;f:beta.kubernetes.io/arch&#34;:{},&#34;f:beta.kubernetes.io/os&#34;:{},&#34;f:kubernetes.io/arch&#34;:{},&#34;f:kubernetes.io/hostname&#34;:{},&#34;f:kubernetes.io/os&#34;:{}}}} } {kubeadm Update v1 2022-07-05 02:21:36 +0000 UTC FieldsV1 {&#34;f:metadata&#34;:{&#34;f:annotations&#34;:{&#34;f:kubeadm.alpha.kubernetes.io/cri-socket&#34;:{}},&#34;f:labels&#34;:{&#34;f:node-role.kubernetes.io/control-plane&#34;:{},&#34;f:node-role.kubernetes.io/master&#34;:{},&#34;f:node.kubernetes.io/exclude-from-external-load-balancers&#34;:{}}}} } {flanneld Update v1 2022-07-05 02:25:44 +0000 UTC FieldsV1 {&#34;f:metadata&#34;:{&#34;f:annotations&#34;:{&#34;f:flannel.alpha.coreos.com/backend-data&#34;:{},&#34;f:flannel.alpha.coreos.com/backend-type&#34;:{},&#34;f:flannel.alpha.coreos.com/kube-subnet-manager&#34;:{},&#34;f:flannel.alpha.coreos.com/public-ip&#34;:{}}},&#34;f:status&#34;:{&#34;f:conditions&#34;:{&#34;k:{\&#34;type\&#34;:\&#34;NetworkUnavailable\&#34;}&#34;:{&#34;.&#34;:{},&#34;f:lastHeartbeatTime&#34;:{},&#34;f:lastTransitionTime&#34;:{},&#34;f:message&#34;:{},&#34;f:reason&#34;:{},&#34;f:status&#34;:{},&#34;f:type&#34;:{}}}}} status} {kube-controller-manager Update v1 2022-07-05 02:25:51 +0000 UTC FieldsV1 {&#34;f:metadata&#34;:{&#34;f:annotations&#34;:{&#34;f:node.alpha.kubernetes.io/ttl&#34;:{}}},&#34;f:spec&#34;:{&#34;f:podCIDR&#34;:{},&#34;f:podCIDRs&#34;:{&#34;.&#34;:{},&#34;v:\&#34;10.244.0.0/24\&#34;&#34;:{}},&#34;f:taints&#34;:{}}} } {kubelet Update v1 2022-07-06 11:03:09 +0000 UTC FieldsV1 {&#34;f:status&#34;:{&#34;f:allocatable&#34;:{&#34;f:ephemeral-storage&#34;:{}},&#34;f:conditions&#34;:{&#34;k:{\&#34;type\&#34;:\&#34;DiskPressure\&#34;}&#34;:{&#34;f:lastHeartbeatTime&#34;:{},&#34;f:lastTransitionTime&#34;:{},&#34;f:message&#34;:{},&#34;f:reason&#34;:{},&#34;f:status&#34;:{}},&#34;k:{\&#34;type\&#34;:\&#34;MemoryPressure\&#34;}&#34;:{&#34;f:lastHeartbeatTime&#34;:{}},&#34;k:{\&#34;type\&#34;:\&#34;PIDPressure\&#34;}&#34;:{&#34;f:lastHeartbeatTime&#34;:{}},&#34;k:{\&#34;type\&#34;:\&#34;Ready\&#34;}&#34;:{&#34;f:lastHeartbeatTime&#34;:{},&#34;f:lastTransitionTime&#34;:{},&#34;f:message&#34;:{},&#34;f:reason&#34;:{},&#34;f:status&#34;:{}}},&#34;f:images&#34;:{}}} status}]},Spec:NodeSpec{PodCIDR:10.244.0.0/24,DoNotUseExternalID:,ProviderID:,Unschedulable:false,Taints:[]Taint{Taint{Key:node-role.kubernetes.io/master,Value:,Effect:NoSchedule,TimeAdded:&lt;nil&gt;,},},ConfigSource:nil,PodCIDRs:[10.244.0.0/24],},Status:NodeStatus{Capacity:ResourceList{cpu: {{8 0} {&lt;nil&gt;} 8 DecimalSI},ephemeral-storage: {{64393052160 0} {&lt;nil&gt;} 61410Mi BinarySI},hugepages-1Gi: {{0 0} {&lt;nil&gt;} 0 DecimalSI},hugepages-2Mi: {{0 0} {&lt;nil&gt;} 0 DecimalSI},memory: {{16363429888 0} {&lt;nil&gt;}  BinarySI},pods: {{110 0} {&lt;nil&gt;} 110 DecimalSI},},Allocatable:ResourceList{cpu: {{8 0} {&lt;nil&gt;} 8 DecimalSI},ephemeral-storage: {{57953746849 0} {&lt;nil&gt;} 57953746849 DecimalSI},hugepages-1Gi: {{0 0} {&lt;nil&gt;} 0 DecimalSI},hugepages-2Mi: {{0 0} {&lt;nil&gt;} 0 DecimalSI},memory: {{16258572288 0} {&lt;nil&gt;}  BinarySI},pods: {{110 0} {&lt;nil&gt;} 110 DecimalSI},},Phase:,Conditions:[]NodeCondition{NodeCondition{Type:NetworkUnavailable,Status:False,LastHeartbeatTime:2022-07-20 13:10:37 +0000 UTC,LastTransitionTime:2022-07-20 13:10:37 +0000 UTC,Reason:FlannelIsUp,Message:Flannel is running on this node,},NodeCondition{Type:MemoryPressure,Status:False,LastHeartbeatTime:2022-07-24 14:10:50 +0000 UTC,LastTransitionTime:2022-07-05 02:21:27 +0000 UTC,Reason:KubeletHasSufficientMemory,Message:kubelet has sufficient memory available,},NodeCondition{Type:DiskPressure,Status:False,LastHeartbeatTime:2022-07-24 14:10:50 +0000 UTC,LastTransitionTime:2022-07-20 14:01:09 +0000 UTC,Reason:KubeletHasNoDiskPressure,Message:kubelet has no disk pressure,},NodeCondition{Type:PIDPressure,Status:False,LastHeartbeatTime:2022-07-24 14:10:50 +0000 UTC,LastTransitionTime:2022-07-05 02:21:27 +0000 UTC,Reason:KubeletHasSufficientPID,Message:kubelet has sufficient PID available,},NodeCondition{Type:Ready,Status:True,LastHeartbeatTime:2022-07-24 14:10:50 +0000 UTC,LastTransitionTime:2022-07-05 02:25:51 +0000 UTC,Reason:KubeletReady,Message:kubelet is posting ready status,},},Addresses:[]NodeAddress{NodeAddress{Type:InternalIP,Address:192.168.132.10,},NodeAddress{Type:Hostname,Address:kubernetes-master,},},DaemonEndpoints:NodeDaemonEndpoints{KubeletEndpoint:DaemonEndpoint{Port:10250,},},NodeInfo:NodeSystemInfo{MachineID:fb3827e59f7a404da989f5baad81fd64,SystemUUID:8b0a8320-771a-e911-ad96-a4bf015b202c,BootID:77d5ca0b-5426-4224-bce2-bf7a7e52dec4,KernelVersion:5.4.132-1.el7.elrepo.x86_64,OSImage:CentOS Linux 7 (Core),ContainerRuntimeVersion:docker://20.10.7,KubeletVersion:v1.22.3,KubeProxyVersion:v1.22.3,OperatingSystem:linux,Architecture:amd64,},Images:[]ContainerImage{ContainerImage{Names:[k8s.gcr.io/e2e-test-images/cuda-vector-add:2.2],SizeBytes:2579956550,},ContainerImage{Names:[k8s.gcr.io/e2e-test-images/cuda-vector-add:1.0],SizeBytes:2047006036,},ContainerImage{Names:[k8s.gcr.io/e2e-test-images/node-perf/tf-wide-deep:1.1],SizeBytes:1631128450,},ContainerImage{Names:[rancher/rancher@sha256:f411ee37efa38d7891c11ecdd5c60ca73eb03dcd32296678af808f6b4ecccfff rancher/rancher:latest],SizeBytes:1162893124,},ContainerImage{Names:[k8s.gcr.io/e2e-test-images/perl:5.26],SizeBytes:853225645,},ContainerImage{Names:[k8s.gcr.io/e2e-test-images/volume/rbd:1.0.3],SizeBytes:751897580,},ContainerImage{Names:[mongo@sha256:05678ae4e5e1df9f4b7d89c102fe55b1ef156bb8ba148b156ddb98549f8efe90 mongo:4.4],SizeBytes:438075000,},ContainerImage{Names:[harbor.moresec.cn/ksp/ksp_agent@sha256:430f8d70e0cb67a7925c6d7b4555344c478ab2130274b78e672c8ad9cad7bf2a harbor.moresec.cn/ksp/ksp_agent:laishang],SizeBytes:433318869,},ContainerImage{Names:[k8s.gcr.io/e2e-test-images/volume/iscsi:2.2],SizeBytes:414158129,},ContainerImage{Names:[k8s.gcr.io/sig-storage/nfs-provisioner:v2.2.2],SizeBytes:391702539,},ContainerImage{Names:[k8s.gcr.io/e2e-test-images/glusterdynamic-provisioner:v1.0],SizeBytes:373269502,},ContainerImage{Names:[k8s.gcr.io/e2e-test-images/volume/gluster:1.2],SizeBytes:340272046,},ContainerImage{Names:[sonobuoy/systemd-logs:v0.4],SizeBytes:314068873,},ContainerImage{Names:[192.168.132.114/tmp/evilubuntu@sha256:58336cde8066674f39fba51c804ab7c6c6dce71bf9f98f3f4153fd7fb83a2aaf 192.168.11.148/library/evilubuntu:0.1 192.168.132.114/tmp/evilubuntu:0.1],SizeBytes:305572424,},ContainerImage{Names:[registry.aliyuncs.com/google_containers/etcd@sha256:9ce33ba33d8e738a5b85ed50b5080ac746deceed4a7496c550927a7a19ca3b6d registry.cn-hangzhou.aliyuncs.com/google_containers/etcd@sha256:9ce33ba33d8e738a5b85ed50b5080ac746deceed4a7496c550927a7a19ca3b6d registry.aliyuncs.com/google_containers/etcd:3.5.0-0 registry.cn-hangzhou.aliyuncs.com/google_containers/etcd:3.5.0-0],SizeBytes:294520669,},ContainerImage{Names:[192.168.132.114/revshell/revshell@sha256:9b67dba407ee84b9c44b25000faab4b15234d348853ce5e51a7eb7dcefedcc26],SizeBytes:271797518,},ContainerImage{Names:[192.168.132.114/revshell/revshell@sha256:6d8b31f77b52acd39735757cc52d138f343fc49ea76772d4fac615d6064b5978 192.168.132.114/revshell/revshell:latest revshell:latest],SizeBytes:271797514,},ContainerImage{Names:[192.168.132.114/revshell/listen@sha256:e51b45cdcf6314fabe93ef6b0dda4062713628b951f948aac56154c2e092bd18 192.168.132.114/revshell/listen:latest listen:latest],SizeBytes:271796301,},ContainerImage{Names:[k8s.gcr.io/e2e-test-images/volume/nfs:1.2],SizeBytes:263870626,},ContainerImage{Names:[k8s.gcr.io/etcd:3.4.13-0],SizeBytes:253376083,},ContainerImage{Names:[k8s.gcr.io/e2e-test-images/jessie-dnsutils:1.4],SizeBytes:253346057,},ContainerImage{Names:[k8s.gcr.io/conformance:v1.22.3 registry.k8s.io/conformance:v1.22.3],SizeBytes:246064443,},ContainerImage{Names:[192.168.132.114/process/process@sha256:b08bcadd231b62eba8913d7f9b7ef6a54087fedec3a52607decd86aae014330a 192.168.132.114/process/process:latest process:latest],SizeBytes:231220584,},ContainerImage{Names:[centos@sha256:a27fd8080b517143cbbbab9dfb7c8571c40d67d534bbdee55bd6c473f432b177 centos:centos8 centos:latest],SizeBytes:231219825,},ContainerImage{Names:[kubesphere/ks-apiserver@sha256:711485c8710e08ba70b22ab68bf7518bd794fc69e0dffbdbfafafadbdf9d8891 kubesphere/ks-apiserver:v3.3.0],SizeBytes:191238232,},ContainerImage{Names:[192.168.132.114/escape/escape_stop_container@sha256:b6f5f4f397df6aa5efa07d7c33d10c905ed6356f4911492f4e02044727d3ee59 192.168.132.114/escape/escape_stop_container:latest escape_stop_container:latest],SizeBytes:178511418,},ContainerImage{Names:[192.168.132.114/micro/worker@sha256:0c3e148cec3fbf3f62b381f96dcb4b8dcfad7a8d4cf33a91d6c3a8484e156c4c 192.168.132.114/micro/worker:latest worker:latest],SizeBytes:178337313,},ContainerImage{Names:[kubesphere/ks-controller-manager@sha256:5f5ddc90a97b5ba2e1a502e7c4cf3b1f86aa8343792c694cb48840278e2ec72c kubesphere/ks-controller-manager:v3.3.0],SizeBytes:170565253,},ContainerImage{Names:[registry.aliyuncs.com/google_containers/kube-apiserver@sha256:6ee1c59e9c1fb570e7958e267a6993988eaa22448beb70d99de7afb21e862e9d registry.cn-hangzhou.aliyuncs.com/google_containers/kube-apiserver@sha256:6ee1c59e9c1fb570e7958e267a6993988eaa22448beb70d99de7afb21e862e9d registry.aliyuncs.com/google_containers/kube-apiserver:v1.22.3 registry.cn-hangzhou.aliyuncs.com/google_containers/kube-apiserver:v1.22.3],SizeBytes:128278355,},ContainerImage{Names:[k8s.gcr.io/e2e-test-images/httpd:2.4.39-1],SizeBytes:126871615,},ContainerImage{Names:[k8s.gcr.io/e2e-test-images/agnhost:2.32],SizeBytes:125910179,},ContainerImage{Names:[k8s.gcr.io/e2e-test-images/httpd:2.4.38-1],SizeBytes:123774598,},ContainerImage{Names:[registry.aliyuncs.com/google_containers/kube-controller-manager@sha256:e67dbfd3796b7ce04fee80acb52876928c290224a91862c5849c3ab0fa31ca78 registry.cn-hangzhou.aliyuncs.com/google_containers/kube-controller-manager@sha256:e67dbfd3796b7ce04fee80acb52876928c290224a91862c5849c3ab0fa31ca78 registry.aliyuncs.com/google_containers/kube-controller-manager:v1.22.3 registry.cn-hangzhou.aliyuncs.com/google_containers/kube-controller-manager:v1.22.3],SizeBytes:121966693,},ContainerImage{Names:[k8s.gcr.io/e2e-test-images/nautilus:1.4],SizeBytes:121728153,},ContainerImage{Names:[k8s.gcr.io/e2e-test-images/kitten:1.4],SizeBytes:121721689,},ContainerImage{Names:[kubesphere/ks-console@sha256:6ad4af3742c3ac722405fd5749ddfda517916c4da24c50eea3049dea9e9cfeda kubesphere/ks-console:v3.3.0],SizeBytes:117049268,},ContainerImage{Names:[registry.aliyuncs.com/google_containers/kube-proxy@sha256:8d0561b2e5d0ccb9c49a25e7b415bef12637a07a872703dc252c2de3b458fc4f registry.cn-hangzhou.aliyuncs.com/google_containers/kube-proxy@sha256:8d0561b2e5d0ccb9c49a25e7b415bef12637a07a872703dc252c2de3b458fc4f registry.aliyuncs.com/google_containers/kube-proxy:v1.22.3 registry.cn-hangzhou.aliyuncs.com/google_containers/kube-proxy:v1.22.3],SizeBytes:103646205,},ContainerImage{Names:[harbor.moresec.cn/ksp/core@sha256:74f2ff732eeeadb8bf3ad19a2150a3e59657787eed4eb64e39551a8388120f84 harbor.moresec.cn/ksp/core:2.2.0-laishang],SizeBytes:98283749,},ContainerImage{Names:[k8s.gcr.io/e2e-test-images/node-perf/npb-is:1.1],SizeBytes:96376839,},ContainerImage{Names:[k8s.gcr.io/e2e-test-images/node-perf/npb-ep:1.1],SizeBytes:96375039,},ContainerImage{Names:[harbor.moresec.cn/ksp/task_center@sha256:9c3fc80c9b60765fc972d400bf5221f045ca440201d265107eb7dc719b167d1a harbor.moresec.cn/ksp/task_center:2.2.0-laishang],SizeBytes:96134087,},ContainerImage{Names:[ubuntu@sha256:b6b83d3c331794420340093eb706a6f152d9c1fa51b262d9bf34594887c2c7ac ubuntu:latest],SizeBytes:77815548,},ContainerImage{Names:[harbor.moresec.cn/ksp/license@sha256:f3393bf6bf48c974a3376b039405511d33833a13493e2ad7088ea6af9c45c4aa harbor.moresec.cn/ksp/license:2.2.0],SizeBytes:65830591,},ContainerImage{Names:[k8s.gcr.io/prometheus-dummy-exporter:v0.1.0],SizeBytes:64807703,},ContainerImage{Names:[rancher/mirrored-flannelcni-flannel@sha256:9fd7f4932b7193cc5d77a3c5ed303204c8382d3a88ca07540adbf4a3e94dd868 rancher/mirrored-flannelcni-flannel:v0.18.1],SizeBytes:62242473,},ContainerImage{Names:[harbor.moresec.cn/ksp/mentor@sha256:bb7607bd46e113f7c2ddb5a7db81862ee08e95f314f7c0529ed0b092c42bead1 harbor.moresec.cn/ksp/mentor:2.2.0-laishang],SizeBytes:61978773,},ContainerImage{Names:[k8s.gcr.io/build-image/debian-iptables:buster-v1.6.5],SizeBytes:60179159,},ContainerImage{Names:[k8s.gcr.io/sd-dummy-exporter:v0.2.0],SizeBytes:58268777,},ContainerImage{Names:[k8s.gcr.io/e2e-test-images/sample-apiserver:1.17.4],SizeBytes:58167705,},ContainerImage{Names:[registry.aliyuncs.com/google_containers/kube-scheduler@sha256:cac7ea67201a84c00f3e8d9be51877c25fb539055ac404c4a9d2dd4c79d3fdab registry.cn-hangzhou.aliyuncs.com/google_containers/kube-scheduler@sha256:cac7ea67201a84c00f3e8d9be51877c25fb539055ac404c4a9d2dd4c79d3fdab registry.aliyuncs.com/google_containers/kube-scheduler:v1.22.3 registry.cn-hangzhou.aliyuncs.com/google_containers/kube-scheduler:v1.22.3],SizeBytes:52641918,},},VolumesInUse:[],VolumesAttached:[]AttachedVolume{},Config:nil,},}&#xA;Jul 24 14:12:37.193: INFO: &#xA;Logging kubelet events for node kubernetes-master&#xA;Jul 24 14:12:37.195: INFO: &#xA;Logging pods the kubelet thinks is on node kubernetes-master&#xA;Jul 24 14:12:37.217: INFO: ks-apiserver-7c8c448bbb-c4w4s started at 2022-07-24 12:38:12 +0000 UTC (0+1 container statuses recorded)&#xA;Jul 24 14:12:37.218: INFO: &#x9;Container ks-apiserver ready: true, restart count 0&#xA;Jul 24 14:12:37.218: INFO: coredns-7f6cbbb7b8-strff started at 2022-07-06 03:11:19 +0000 UTC (0+1 container statuses recorded)&#xA;Jul 24 14:12:37.218: INFO: &#x9;Container coredns ready: true, restart count 2&#xA;Jul 24 14:12:37.218: INFO: ks-console-54bd5bcbc6-p5cvv started at 2022-07-24 10:48:18 +0000 UTC (0+1 container statuses recorded)&#xA;Jul 24 14:12:37.218: INFO: &#x9;Container ks-console ready: true, restart count 0&#xA;Jul 24 14:12:37.218: INFO: ks-controller-manager-bdbb456f4-82fdx started at 2022-07-08 03:25:11 +0000 UTC (0+1 container statuses recorded)&#xA;Jul 24 14:12:37.218: INFO: &#x9;Container ks-controller-manager ready: false, restart count 0&#xA;Jul 24 14:12:37.218: INFO: kube-scheduler-kubernetes-master started at 2022-07-05 02:21:39 +0000 UTC (0+1 container statuses recorded)&#xA;Jul 24 14:12:37.218: INFO: &#x9;Container kube-scheduler ready: true, restart count 7&#xA;Jul 24 14:12:37.218: INFO: kube-apiserver-kubernetes-master started at 2022-07-05 10:11:17 +0000 UTC (0+1 container statuses recorded)&#xA;Jul 24 14:12:37.218: INFO: &#x9;Container kube-apiserver ready: true, restart count 8&#xA;Jul 24 14:12:37.218: INFO: ks-controller-manager-bdbb456f4-wblsj started at 2022-07-15 07:46:52 +0000 UTC (0+1 container statuses recorded)&#xA;Jul 24 14:12:37.218: INFO: &#x9;Container ks-controller-manager ready: false, restart count 1&#xA;Jul 24 14:12:37.218: INFO: coredns-7f6cbbb7b8-kjjzz started at 2022-07-06 03:11:19 +0000 UTC (0+1 container statuses recorded)&#xA;Jul 24 14:12:37.218: INFO: &#x9;Container coredns ready: true, restart count 2&#xA;Jul 24 14:12:37.218: INFO: kube-flannel-ds-7wsql started at 2022-07-05 02:25:29 +0000 UTC (2+1 container statuses recorded)&#xA;Jul 24 14:12:37.218: INFO: &#x9;Init container install-cni-plugin ready: true, restart count 2&#xA;Jul 24 14:12:37.218: INFO: &#x9;Init container install-cni ready: true, restart count 0&#xA;Jul 24 14:12:37.218: INFO: &#x9;Container kube-flannel ready: true, restart count 4&#xA;Jul 24 14:12:37.218: INFO: ks-console-54bd5bcbc6-nwfw2 started at 2022-07-15 07:46:52 +0000 UTC (0+1 container statuses recorded)&#xA;Jul 24 14:12:37.218: INFO: &#x9;Container ks-console ready: false, restart count 0&#xA;Jul 24 14:12:37.218: INFO: ks-console-54bd5bcbc6-t74kc started at 2022-07-08 03:25:11 +0000 UTC (0+1 container statuses recorded)&#xA;Jul 24 14:12:37.218: INFO: &#x9;Container ks-console ready: false, restart count 0&#xA;Jul 24 14:12:37.218: INFO: sonobuoy-e2e-job-82b0dd9ec4534543 started at 2022-07-24 11:15:35 +0000 UTC (0+2 container statuses recorded)&#xA;Jul 24 14:12:37.218: INFO: &#x9;Container e2e ready: true, restart count 0&#xA;Jul 24 14:12:37.218: INFO: &#x9;Container sonobuoy-worker ready: true, restart count 0&#xA;Jul 24 14:12:37.218: INFO: ks-apiserver-7c8c448bbb-t7h7k started at 2022-07-15 07:46:52 +0000 UTC (0+1 container statuses recorded)&#xA;Jul 24 14:12:37.218: INFO: &#x9;Container ks-apiserver ready: false, restart count 1&#xA;Jul 24 14:12:37.218: INFO: node-exporter-l9txx started at 2022-07-20 14:02:06 +0000 UTC (0+2 container statuses recorded)&#xA;Jul 24 14:12:37.218: INFO: &#x9;Container kube-rbac-proxy ready: true, restart count 0&#xA;Jul 24 14:12:37.218: INFO: &#x9;Container node-exporter ready: true, restart count 0&#xA;Jul 24 14:12:37.218: INFO: ks-controller-manager-bdbb456f4-gw9w9 started at 2022-07-24 12:38:12 +0000 UTC (0+1 container statuses recorded)&#xA;Jul 24 14:12:37.218: INFO: &#x9;Container ks-controller-manager ready: true, restart count 0&#xA;Jul 24 14:12:37.218: INFO: ksp-license-65cc56956f-bdj5b started at 2022-07-21 02:21:43 +0000 UTC (0+2 container statuses recorded)&#xA;Jul 24 14:12:37.218: INFO: &#x9;Container license ready: true, restart count 0&#xA;Jul 24 14:12:37.218: INFO: &#x9;Container msauth ready: true, restart count 0&#xA;Jul 24 14:12:37.218: INFO: kube-proxy-qjfdd started at 2022-07-05 02:21:49 +0000 UTC (0+1 container statuses recorded)&#xA;Jul 24 14:12:37.218: INFO: &#x9;Container kube-proxy ready: true, restart count 2&#xA;Jul 24 14:12:37.218: INFO: kube-controller-manager-kubernetes-master started at 2022-07-05 02:21:38 +0000 UTC (0+1 container statuses recorded)&#xA;Jul 24 14:12:37.218: INFO: &#x9;Container kube-controller-manager ready: true, restart count 7&#xA;Jul 24 14:12:37.218: INFO: etcd-kubernetes-master started at 2022-07-05 02:21:37 +0000 UTC (0+1 container statuses recorded)&#xA;Jul 24 14:12:37.218: INFO: &#x9;Container etcd ready: true, restart count 3&#xA;Jul 24 14:12:37.218: INFO: sonobuoy-systemd-logs-daemon-set-bb55de94825d4876-fz4gp started at 2022-07-24 11:15:36 +0000 UTC (0+2 container statuses recorded)&#xA;Jul 24 14:12:37.218: INFO: &#x9;Container sonobuoy-worker ready: true, restart count 0&#xA;Jul 24 14:12:37.218: INFO: &#x9;Container systemd-logs ready: true, restart count 0&#xA;Jul 24 14:12:37.218: INFO: ks-apiserver-7c8c448bbb-rxf55 started at 2022-07-08 03:25:11 +0000 UTC (0+1 container statuses recorded)&#xA;Jul 24 14:12:37.218: INFO: &#x9;Container ks-apiserver ready: false, restart count 0&#xA;Jul 24 14:12:37.289: INFO: &#xA;Latency metrics for node kubernetes-master&#xA;Jul 24 14:12:37.289: INFO: &#xA;Logging node info for node kubernetes-node-01&#xA;Jul 24 14:12:37.323: INFO: Node Info: &amp;Node{ObjectMeta:{kubernetes-node-01    3a4a3e2a-b98d-44ba-acfd-dc0ee51e00a1 5746778 0 2022-07-05 02:22:25 +0000 UTC &lt;nil&gt; &lt;nil&gt; map[beta.kubernetes.io/arch:amd64 beta.kubernetes.io/os:linux kubernetes.io/arch:amd64 kubernetes.io/hostname:kubernetes-node-01 kubernetes.io/os:linux] map[flannel.alpha.coreos.com/backend-data:{&#34;VNI&#34;:1,&#34;VtepMAC&#34;:&#34;1a:75:9b:0f:c6:8c&#34;} flannel.alpha.coreos.com/backend-type:vxlan flannel.alpha.coreos.com/kube-subnet-manager:true flannel.alpha.coreos.com/public-ip:192.168.132.11 kubeadm.alpha.kubernetes.io/cri-socket:/var/run/dockershim.sock node.alpha.kubernetes.io/ttl:0 volumes.kubernetes.io/controller-managed-attach-detach:true] [] []  [{kubelet Update v1 2022-07-05 02:22:25 +0000 UTC FieldsV1 {&#34;f:metadata&#34;:{&#34;f:annotations&#34;:{&#34;.&#34;:{},&#34;f:volumes.kubernetes.io/controller-managed-attach-detach&#34;:{}},&#34;f:labels&#34;:{&#34;.&#34;:{},&#34;f:beta.kubernetes.io/arch&#34;:{},&#34;f:beta.kubernetes.io/os&#34;:{},&#34;f:kubernetes.io/arch&#34;:{},&#34;f:kubernetes.io/hostname&#34;:{},&#34;f:kubernetes.io/os&#34;:{}}}} } {kubeadm Update v1 2022-07-05 02:22:30 +0000 UTC FieldsV1 {&#34;f:metadata&#34;:{&#34;f:annotations&#34;:{&#34;f:kubeadm.alpha.kubernetes.io/cri-socket&#34;:{}}}} } {flanneld Update v1 2022-07-05 02:25:41 +0000 UTC FieldsV1 {&#34;f:metadata&#34;:{&#34;f:annotations&#34;:{&#34;f:flannel.alpha.coreos.com/backend-data&#34;:{},&#34;f:flannel.alpha.coreos.com/backend-type&#34;:{},&#34;f:flannel.alpha.coreos.com/kube-subnet-manager&#34;:{},&#34;f:flannel.alpha.coreos.com/public-ip&#34;:{}}},&#34;f:status&#34;:{&#34;f:conditions&#34;:{&#34;k:{\&#34;type\&#34;:\&#34;NetworkUnavailable\&#34;}&#34;:{&#34;.&#34;:{},&#34;f:lastHeartbeatTime&#34;:{},&#34;f:lastTransitionTime&#34;:{},&#34;f:message&#34;:{},&#34;f:reason&#34;:{},&#34;f:status&#34;:{},&#34;f:type&#34;:{}}}}} status} {kube-controller-manager Update v1 2022-07-20 11:50:17 +0000 UTC FieldsV1 {&#34;f:metadata&#34;:{&#34;f:annotations&#34;:{&#34;f:node.alpha.kubernetes.io/ttl&#34;:{}}},&#34;f:spec&#34;:{&#34;f:podCIDR&#34;:{},&#34;f:podCIDRs&#34;:{&#34;.&#34;:{},&#34;v:\&#34;10.244.4.0/24\&#34;&#34;:{}}}} } {e2e.test Update v1 2022-07-24 11:57:52 +0000 UTC FieldsV1 {&#34;f:status&#34;:{&#34;f:capacity&#34;:{&#34;f:example.com/fakecpu&#34;:{}}}} status} {kubelet Update v1 2022-07-24 12:52:30 +0000 UTC FieldsV1 {&#34;f:status&#34;:{&#34;f:allocatable&#34;:{&#34;f:ephemeral-storage&#34;:{},&#34;f:example.com/fakecpu&#34;:{}},&#34;f:capacity&#34;:{&#34;f:ephemeral-storage&#34;:{}},&#34;f:conditions&#34;:{&#34;k:{\&#34;type\&#34;:\&#34;DiskPressure\&#34;}&#34;:{&#34;f:lastHeartbeatTime&#34;:{},&#34;f:lastTransitionTime&#34;:{},&#34;f:message&#34;:{},&#34;f:reason&#34;:{},&#34;f:status&#34;:{}},&#34;k:{\&#34;type\&#34;:\&#34;MemoryPressure\&#34;}&#34;:{&#34;f:lastHeartbeatTime&#34;:{},&#34;f:lastTransitionTime&#34;:{},&#34;f:message&#34;:{},&#34;f:reason&#34;:{},&#34;f:status&#34;:{}},&#34;k:{\&#34;type\&#34;:\&#34;PIDPressure\&#34;}&#34;:{&#34;f:lastHeartbeatTime&#34;:{},&#34;f:lastTransitionTime&#34;:{},&#34;f:message&#34;:{},&#34;f:reason&#34;:{},&#34;f:status&#34;:{}},&#34;k:{\&#34;type\&#34;:\&#34;Ready\&#34;}&#34;:{&#34;f:lastHeartbeatTime&#34;:{},&#34;f:lastTransitionTime&#34;:{},&#34;f:message&#34;:{},&#34;f:reason&#34;:{},&#34;f:status&#34;:{}}},&#34;f:images&#34;:{},&#34;f:nodeInfo&#34;:{&#34;f:containerRuntimeVersion&#34;:{}}}} status}]},Spec:NodeSpec{PodCIDR:10.244.4.0/24,DoNotUseExternalID:,ProviderID:,Unschedulable:false,Taints:[]Taint{},ConfigSource:nil,PodCIDRs:[10.244.4.0/24],},Status:NodeStatus{Capacity:ResourceList{cpu: {{8 0} {&lt;nil&gt;} 8 DecimalSI},ephemeral-storage: {{107321753600 0} {&lt;nil&gt;} 102350Mi BinarySI},example.com/fakecpu: {{1 3} {&lt;nil&gt;} 1k DecimalSI},hugepages-1Gi: {{0 0} {&lt;nil&gt;} 0 DecimalSI},hugepages-2Mi: {{0 0} {&lt;nil&gt;} 0 DecimalSI},memory: {{16363429888 0} {&lt;nil&gt;}  BinarySI},pods: {{110 0} {&lt;nil&gt;} 110 DecimalSI},},Allocatable:ResourceList{cpu: {{8 0} {&lt;nil&gt;} 8 DecimalSI},ephemeral-storage: {{96589578081 0} {&lt;nil&gt;} 96589578081 DecimalSI},example.com/fakecpu: {{1 3} {&lt;nil&gt;} 1k DecimalSI},hugepages-1Gi: {{0 0} {&lt;nil&gt;} 0 DecimalSI},hugepages-2Mi: {{0 0} {&lt;nil&gt;} 0 DecimalSI},memory: {{16258572288 0} {&lt;nil&gt;}  BinarySI},pods: {{110 0} {&lt;nil&gt;} 110 DecimalSI},},Phase:,Conditions:[]NodeCondition{NodeCondition{Type:NetworkUnavailable,Status:False,LastHeartbeatTime:2022-07-20 12:09:51 +0000 UTC,LastTransitionTime:2022-07-20 12:09:51 +0000 UTC,Reason:FlannelIsUp,Message:Flannel is running on this node,},NodeCondition{Type:MemoryPressure,Status:False,LastHeartbeatTime:2022-07-24 14:07:50 +0000 UTC,LastTransitionTime:2022-07-05 02:39:16 +0000 UTC,Reason:KubeletHasSufficientMemory,Message:kubelet has sufficient memory available,},NodeCondition{Type:DiskPressure,Status:False,LastHeartbeatTime:2022-07-24 14:07:50 +0000 UTC,LastTransitionTime:2022-07-06 11:27:51 +0000 UTC,Reason:KubeletHasNoDiskPressure,Message:kubelet has no disk pressure,},NodeCondition{Type:PIDPressure,Status:False,LastHeartbeatTime:2022-07-24 14:07:50 +0000 UTC,LastTransitionTime:2022-07-05 02:39:16 +0000 UTC,Reason:KubeletHasSufficientPID,Message:kubelet has sufficient PID available,},NodeCondition{Type:Ready,Status:True,LastHeartbeatTime:2022-07-24 14:07:50 +0000 UTC,LastTransitionTime:2022-07-20 12:05:25 +0000 UTC,Reason:KubeletReady,Message:kubelet is posting ready status,},},Addresses:[]NodeAddress{NodeAddress{Type:InternalIP,Address:192.168.132.11,},NodeAddress{Type:Hostname,Address:kubernetes-node-01,},},DaemonEndpoints:NodeDaemonEndpoints{KubeletEndpoint:DaemonEndpoint{Port:10250,},},NodeInfo:NodeSystemInfo{MachineID:ff2f0490c5bb4030ae3be22dffb6765a,SystemUUID:318642bd-e41a-e911-ad47-a4bf015b1f84,BootID:2686e27a-6243-43c4-baa2-2867206747cd,KernelVersion:5.4.132-1.el7.elrepo.x86_64,OSImage:CentOS Linux 7 (Core),ContainerRuntimeVersion:docker://20.10.7,KubeletVersion:v1.22.3,KubeProxyVersion:v1.22.3,OperatingSystem:linux,Architecture:amd64,},Images:[]ContainerImage{ContainerImage{Names:[k8s.gcr.io/e2e-test-images/cuda-vector-add:2.2],SizeBytes:2579956550,},ContainerImage{Names:[k8s.gcr.io/e2e-test-images/cuda-vector-add:1.0],SizeBytes:2047006036,},ContainerImage{Names:[k8s.gcr.io/e2e-test-images/node-perf/tf-wide-deep:1.1],SizeBytes:1631128450,},ContainerImage{Names:[k8smg:latest],SizeBytes:1398619088,},ContainerImage{Names:[k8s.gcr.io/e2e-test-images/perl:5.26],SizeBytes:853225645,},ContainerImage{Names:[k8s.gcr.io/e2e-test-images/volume/rbd:1.0.3],SizeBytes:751897580,},ContainerImage{Names:[harbor.moresec.cn/ksp/kafka@sha256:29aef30ec0742e05c84b92e35fe81bc2a933d92aa3aec2325f3947c9cbb07e2d harbor.moresec.cn/ksp/kafka:2.8.0-debian-10-r43],SizeBytes:584339677,},ContainerImage{Names:[centos-drip:7.7],SizeBytes:552218315,},ContainerImage{Names:[&lt;none&gt;@&lt;none&gt; &lt;none&gt;:&lt;none&gt;],SizeBytes:522728932,},ContainerImage{Names:[harbor.moresec.cn/ksp/ksp_agent@sha256:f96a653e88fcf5b71a82e603da3ace5e774c9dd4e37dcdfc7a1db3ce87267245 harbor.moresec.cn/ksp/ksp_agent:latest],SizeBytes:495969065,},ContainerImage{Names:[harbor.moresec.cn/ksp/ksp_agent@sha256:62d75a6961ee50b7bbea1eeb9a835b8809fbf868cda8ea7e30c57a871fe36ae4],SizeBytes:495943489,},ContainerImage{Names:[tomcat@sha256:df634a0b4a2a61069521c4681609423b3794d2a3120821b92f346710450ad344 tomcat:latest],SizeBytes:482781027,},ContainerImage{Names:[&lt;none&gt;@&lt;none&gt; &lt;none&gt;:&lt;none&gt;],SizeBytes:435344555,},ContainerImage{Names:[harbor.moresec.cn/ksp/ksp_agent@sha256:7fc828e5732309187da20a9a025a142f8229f04087601a9fad119c3724ab6e92 harbor.moresec.cn/ksp/ksp_agent:2.2.0],SizeBytes:433527765,},ContainerImage{Names:[harbor.moresec.cn/ksp/ksp_agent@sha256:b6455a0f39f08b39b5ee701bbcfb11edb8484478bfe44f30a3a48f041ea504b1],SizeBytes:433527765,},ContainerImage{Names:[harbor.moresec.cn/ksp/ksp_agent:laishang],SizeBytes:433318869,},ContainerImage{Names:[kubesphere/ks-installer@sha256:e314e12b16e556b0ce16d4c1efab0a375605936da15afa0e4fa3afa4c302cf15 kubesphere/ks-installer:v3.3.0],SizeBytes:420547354,},ContainerImage{Names:[k8s.gcr.io/e2e-test-images/volume/iscsi:2.2],SizeBytes:414158129,},ContainerImage{Names:[k8s.gcr.io/sig-storage/nfs-provisioner:v2.2.2],SizeBytes:391702539,},ContainerImage{Names:[k8s.gcr.io/e2e-test-images/glusterdynamic-provisioner:v1.0],SizeBytes:373269502,},ContainerImage{Names:[k8s.gcr.io/e2e-test-images/volume/gluster:1.2],SizeBytes:340272046,},ContainerImage{Names:[sonobuoy/systemd-logs:v0.4],SizeBytes:314068873,},ContainerImage{Names:[docker-dev.moresec.cn:10443/ksp/mysql@sha256:1a52fad24c8d9c47d9563773bf2fd6618cab64a2e7054a32c62d7ff83047d432 harbor.moresec.cn/ksp/mysql@sha256:1a52fad24c8d9c47d9563773bf2fd6618cab64a2e7054a32c62d7ff83047d432 docker-dev.moresec.cn:10443/ksp/mysql:5.7.34 harbor.moresec.cn/ksp/mysql:5.7.34],SizeBytes:296256317,},ContainerImage{Names:[192.168.132.114/revshell/listen@sha256:e51b45cdcf6314fabe93ef6b0dda4062713628b951f948aac56154c2e092bd18 192.168.132.114/revshell/listen:latest],SizeBytes:271796301,},ContainerImage{Names:[k8s.gcr.io/e2e-test-images/volume/nfs:1.2],SizeBytes:263870626,},ContainerImage{Names:[k8s.gcr.io/etcd:3.4.13-0],SizeBytes:253376083,},ContainerImage{Names:[k8s.gcr.io/e2e-test-images/jessie-dnsutils:1.4],SizeBytes:253346057,},ContainerImage{Names:[k8s.gcr.io/conformance:v1.22.3],SizeBytes:246064443,},ContainerImage{Names:[192.168.132.114/process/process@sha256:b08bcadd231b62eba8913d7f9b7ef6a54087fedec3a52607decd86aae014330a 192.168.132.114/process/process:latest],SizeBytes:231220584,},ContainerImage{Names:[&lt;none&gt;@&lt;none&gt; &lt;none&gt;:&lt;none&gt;],SizeBytes:231220093,},ContainerImage{Names:[prom/prometheus@sha256:b37103e03399e90c9b7b1b2940894d3634915cf9df4aa2e5402bd85b4377808c prom/prometheus:v2.34.0],SizeBytes:204913767,},ContainerImage{Names:[centos@sha256:50752af5182c6cd5518e3e91d48f7ff0cba93d5d760a67ac140e2d63c4dd9efc centos:centos7.7.1908],SizeBytes:203602133,},ContainerImage{Names:[kubesphere/ks-apiserver@sha256:c6518655604eb6c5b67e6e5b0a11239e1b927c6ab0f947ce3c60176c70090462 kubesphere/ks-apiserver:v3.2.1],SizeBytes:190792907,},ContainerImage{Names:[192.168.132.114/micro/worker@sha256:0c3e148cec3fbf3f62b381f96dcb4b8dcfad7a8d4cf33a91d6c3a8484e156c4c 192.168.132.114/micro/worker:latest],SizeBytes:178337313,},ContainerImage{Names:[harbor.moresec.cn/ksp/fileserver@sha256:e70cbd22b76e6e111c2b86a20c5fdea469fed0313c81f73f35ed11249f79f741 harbor.moresec.cn/ksp/fileserver:2.2.0],SizeBytes:153076017,},ContainerImage{Names:[&lt;none&gt;@&lt;none&gt; &lt;none&gt;:&lt;none&gt;],SizeBytes:141498060,},ContainerImage{Names:[harbor.moresec.cn/ksp/etcd@sha256:e38d9f2facec186c09c33e28455e97156ea45d5c299d348a1b0676784c293d75 harbor.moresec.cn/ksp/etcd:3.4.15-debian-10-r43],SizeBytes:131965680,},ContainerImage{Names:[harbor.moresec.cn/ksp/webapi_srv@sha256:7de68ded9d05cdbbc9fbe03c3321f14d68569cd7d9f35921e977df8377bc7d2d],SizeBytes:129903492,},ContainerImage{Names:[harbor.moresec.cn/ksp/webapi_srv@sha256:44ac8426e7c6087593f315cf547a8426780a03ec7e102e3cadd5931f03fa5851 harbor.moresec.cn/ksp/webapi_srv:latest],SizeBytes:129800680,},ContainerImage{Names:[k8s.gcr.io/e2e-test-images/httpd:2.4.39-1],SizeBytes:126871615,},ContainerImage{Names:[docker-dev.moresec.cn:10443/ksp/envoy@sha256:1a57c0f59b9e04a83f4407c79df63f027ee620a2ee66e201438f49c9253e258a harbor.moresec.cn/ksp/envoy@sha256:1a57c0f59b9e04a83f4407c79df63f027ee620a2ee66e201438f49c9253e258a docker-dev.moresec.cn:10443/ksp/envoy:v1.20.0 harbor.moresec.cn/ksp/envoy:v1.20.0],SizeBytes:126156197,},ContainerImage{Names:[k8s.gcr.io/e2e-test-images/agnhost:2.32],SizeBytes:125910179,},ContainerImage{Names:[harbor.moresec.cn/ksp/webapi_srv@sha256:1665c65a94096bb76343e0df2fcbe6299d29d7c1b47f22c1db269ef909d895c7 harbor.moresec.cn/ksp/webapi_srv:2.2.0],SizeBytes:123778974,},ContainerImage{Names:[k8s.gcr.io/e2e-test-images/httpd:2.4.38-1],SizeBytes:123774598,},ContainerImage{Names:[k8s.gcr.io/e2e-test-images/nautilus:1.4],SizeBytes:121728153,},ContainerImage{Names:[k8s.gcr.io/e2e-test-images/kitten:1.4],SizeBytes:121721689,},ContainerImage{Names:[nginx@sha256:f7988fb6c02e0ce69257d9bd9cf37ae20a60f1df7563c3a2a6abe24160306b8d nginx:1.14.2],SizeBytes:109109325,},ContainerImage{Names:[harbor.moresec.cn/ksp/controller@sha256:be921ae314828accad9ea6bc25af4e4097027cddd44001913f983ad6f06fe948 harbor.moresec.cn/ksp/controller:latest],SizeBytes:107945283,},ContainerImage{Names:[registry.aliyuncs.com/google_containers/kube-proxy@sha256:8d0561b2e5d0ccb9c49a25e7b415bef12637a07a872703dc252c2de3b458fc4f registry.aliyuncs.com/google_containers/kube-proxy:v1.22.3],SizeBytes:103646205,},ContainerImage{Names:[harbor.moresec.cn/ksp/core@sha256:2a7bf382a0a02948e1946f2123314d45d632f3788bb0e70db7ba111ce2bf6ec1 harbor.moresec.cn/ksp/core:2.2.0],SizeBytes:98270332,},},VolumesInUse:[],VolumesAttached:[]AttachedVolume{},Config:nil,},}&#xA;Jul 24 14:12:37.323: INFO: &#xA;Logging kubelet events for node kubernetes-node-01&#xA;Jul 24 14:12:37.325: INFO: &#xA;Logging pods the kubelet thinks is on node kubernetes-node-01&#xA;Jul 24 14:12:37.349: INFO: ss2-1 started at 2022-07-23 11:41:24 +0000 UTC (0+1 container statuses recorded)&#xA;Jul 24 14:12:37.349: INFO: &#x9;Container webserver ready: true, restart count 0&#xA;Jul 24 14:12:37.349: INFO: default-http-backend-5bf68ff9b8-hkh75 started at 2022-07-24 10:47:02 +0000 UTC (0+1 container statuses recorded)&#xA;Jul 24 14:12:37.349: INFO: &#x9;Container default-http-backend ready: true, restart count 0&#xA;Jul 24 14:12:37.349: INFO: worker106-5d44cc9f84-thvwz started at 2022-07-24 12:38:11 +0000 UTC (0+1 container statuses recorded)&#xA;Jul 24 14:12:37.349: INFO: &#x9;Container worker106 ready: true, restart count 0&#xA;Jul 24 14:12:37.349: INFO: prometheus-operator-8955bbd98-r8ftl started at 2022-07-24 10:47:02 +0000 UTC (0+2 container statuses recorded)&#xA;Jul 24 14:12:37.349: INFO: &#x9;Container kube-rbac-proxy ready: true, restart count 0&#xA;Jul 24 14:12:37.349: INFO: &#x9;Container prometheus-operator ready: true, restart count 0&#xA;Jul 24 14:12:37.349: INFO: alertmanager-main-1 started at 2022-07-24 10:47:04 +0000 UTC (0+2 container statuses recorded)&#xA;Jul 24 14:12:37.349: INFO: &#x9;Container alertmanager ready: true, restart count 0&#xA;Jul 24 14:12:37.349: INFO: &#x9;Container config-reloader ready: true, restart count 0&#xA;Jul 24 14:12:37.349: INFO: ksp-fileserver-58d849d98b-k2wt9 started at 2022-07-20 12:05:34 +0000 UTC (0+1 container statuses recorded)&#xA;Jul 24 14:12:37.349: INFO: &#x9;Container fileserver ready: true, restart count 12&#xA;Jul 24 14:12:37.349: INFO: ubuntu-deployment-docker-sock1-74c66ddf85-5fcvb started at 2022-07-24 10:47:52 +0000 UTC (0+1 container statuses recorded)&#xA;Jul 24 14:12:37.349: INFO: &#x9;Container ubuntu-docker-sock1 ready: true, restart count 0&#xA;Jul 24 14:12:37.349: INFO: gatekeeper-controller-manager-6566df6878-6sxjk started at 2022-07-24 10:47:54 +0000 UTC (0+1 container statuses recorded)&#xA;Jul 24 14:12:37.349: INFO: &#x9;Container manager ready: true, restart count 0&#xA;Jul 24 14:12:37.349: INFO: sonobuoy-systemd-logs-daemon-set-bb55de94825d4876-wwrrn started at 2022-07-24 11:15:36 +0000 UTC (0+2 container statuses recorded)&#xA;Jul 24 14:12:37.349: INFO: &#x9;Container sonobuoy-worker ready: true, restart count 0&#xA;Jul 24 14:12:37.349: INFO: &#x9;Container systemd-logs ready: true, restart count 0&#xA;Jul 24 14:12:37.349: INFO: ksp-strategy-85bc47b4cd-hcnl4 started at 2022-07-24 12:38:11 +0000 UTC (0+1 container statuses recorded)&#xA;Jul 24 14:12:37.349: INFO: &#x9;Container strategy ready: true, restart count 0&#xA;Jul 24 14:12:37.349: INFO: worker105-58b68d59d-kzrc2 started at 2022-07-24 12:38:11 +0000 UTC (0+1 container statuses recorded)&#xA;Jul 24 14:12:37.349: INFO: &#x9;Container worker105 ready: true, restart count 0&#xA;Jul 24 14:12:37.349: INFO: revlisten64-6f96b96fdd-cnnpn started at 2022-07-24 12:38:12 +0000 UTC (0+1 container statuses recorded)&#xA;Jul 24 14:12:37.349: INFO: &#x9;Container revlisten64 ready: true, restart count 0&#xA;Jul 24 14:12:37.349: INFO: node-exporter-mktmt started at 2022-07-08 03:28:07 +0000 UTC (0+2 container statuses recorded)&#xA;Jul 24 14:12:37.349: INFO: &#x9;Container kube-rbac-proxy ready: true, restart count 2&#xA;Jul 24 14:12:37.349: INFO: &#x9;Container node-exporter ready: true, restart count 2&#xA;Jul 24 14:12:37.349: INFO: prometheus-k8s-0 started at 2022-07-20 12:09:14 +0000 UTC (1+2 container statuses recorded)&#xA;Jul 24 14:12:37.349: INFO: &#x9;Init container init-config-reloader ready: true, restart count 0&#xA;Jul 24 14:12:37.349: INFO: &#x9;Container config-reloader ready: true, restart count 0&#xA;Jul 24 14:12:37.349: INFO: &#x9;Container prometheus ready: true, restart count 0&#xA;Jul 24 14:12:37.349: INFO: ss2-0 started at 2022-07-20 12:10:27 +0000 UTC (0+1 container statuses recorded)&#xA;Jul 24 14:12:37.349: INFO: &#x9;Container webserver ready: true, restart count 0&#xA;Jul 24 14:12:37.349: INFO: notification-manager-operator-7d44854f54-pfhvp started at 2022-07-20 12:37:15 +0000 UTC (0+2 container statuses recorded)&#xA;Jul 24 14:12:37.349: INFO: &#x9;Container kube-rbac-proxy ready: true, restart count 0&#xA;Jul 24 14:12:37.349: INFO: &#x9;Container notification-manager-operator ready: true, restart count 13&#xA;Jul 24 14:12:37.349: INFO: kubectl-admin-6dbcb94855-cwbwg started at 2022-07-24 10:47:02 +0000 UTC (0+1 container statuses recorded)&#xA;Jul 24 14:12:37.349: INFO: &#x9;Container kubectl ready: true, restart count 0&#xA;Jul 24 14:12:37.349: INFO: ks-installer-6976cf49f5-l72kw started at 2022-07-24 10:48:18 +0000 UTC (0+1 container statuses recorded)&#xA;Jul 24 14:12:37.349: INFO: &#x9;Container installer ready: true, restart count 0&#xA;Jul 24 14:12:37.349: INFO: sonobuoy started at 2022-07-24 11:15:29 +0000 UTC (0+1 container statuses recorded)&#xA;Jul 24 14:12:37.349: INFO: &#x9;Container kube-sonobuoy ready: true, restart count 0&#xA;Jul 24 14:12:37.349: INFO: ksp-core-5b755544c7-vqw75 started at 2022-07-24 12:38:11 +0000 UTC (0+1 container statuses recorded)&#xA;Jul 24 14:12:37.349: INFO: &#x9;Container core ready: true, restart count 0&#xA;Jul 24 14:12:37.349: INFO: kube-proxy-kkm7x started at 2022-07-05 02:22:26 +0000 UTC (0+1 container statuses recorded)&#xA;Jul 24 14:12:37.349: INFO: &#x9;Container kube-proxy ready: true, restart count 3&#xA;Jul 24 14:12:37.349: INFO: snapshot-controller-0 started at 2022-07-20 12:09:57 +0000 UTC (0+1 container statuses recorded)&#xA;Jul 24 14:12:37.349: INFO: &#x9;Container snapshot-controller ready: true, restart count 0&#xA;Jul 24 14:12:37.349: INFO: ksp-etcd-0 started at 2022-07-20 12:10:55 +0000 UTC (0+1 container statuses recorded)&#xA;Jul 24 14:12:37.349: INFO: &#x9;Container etcd ready: true, restart count 0&#xA;Jul 24 14:12:37.349: INFO: process56-59d84745d8-2wml7 started at 2022-07-24 10:47:52 +0000 UTC (0+1 container statuses recorded)&#xA;Jul 24 14:12:37.349: INFO: &#x9;Container process56 ready: true, restart count 0&#xA;Jul 24 14:12:37.349: INFO: worker107-5fb776b954-6jq7j started at 2022-07-24 12:38:12 +0000 UTC (0+1 container statuses recorded)&#xA;Jul 24 14:12:37.349: INFO: &#x9;Container worker107 ready: true, restart count 0&#xA;Jul 24 14:12:37.349: INFO: ksp-mysql-0 started at 2022-07-20 12:09:51 +0000 UTC (0+1 container statuses recorded)&#xA;Jul 24 14:12:37.349: INFO: &#x9;Container mysql ready: true, restart count 0&#xA;Jul 24 14:12:37.349: INFO: notification-manager-deployment-78664576cb-5mm7d started at 2022-07-24 10:48:18 +0000 UTC (0+2 container statuses recorded)&#xA;Jul 24 14:12:37.349: INFO: &#x9;Container notification-manager ready: true, restart count 0&#xA;Jul 24 14:12:37.349: INFO: &#x9;Container tenant ready: true, restart count 0&#xA;Jul 24 14:12:37.349: INFO: notification-manager-deployment-78664576cb-54zgc started at 2022-07-24 12:38:12 +0000 UTC (0+2 container statuses recorded)&#xA;Jul 24 14:12:37.349: INFO: &#x9;Container notification-manager ready: true, restart count 0&#xA;Jul 24 14:12:37.349: INFO: &#x9;Container tenant ready: true, restart count 0&#xA;Jul 24 14:12:37.349: INFO: ksp-kafka-0 started at 2022-07-20 12:06:10 +0000 UTC (0+1 container statuses recorded)&#xA;Jul 24 14:12:37.349: INFO: &#x9;Container kafka ready: true, restart count 12&#xA;Jul 24 14:12:37.349: INFO: ksp-webapi-srv-5b59fc6b7b-qfcs4 started at 2022-07-21 02:23:19 +0000 UTC (0+1 container statuses recorded)&#xA;Jul 24 14:12:37.349: INFO: &#x9;Container webapi-srv ready: true, restart count 0&#xA;Jul 24 14:12:37.349: INFO: kube-flannel-ds-8xnv7 started at 2022-07-06 17:46:29 +0000 UTC (2+1 container statuses recorded)&#xA;Jul 24 14:12:37.349: INFO: &#x9;Init container install-cni-plugin ready: true, restart count 0&#xA;Jul 24 14:12:37.349: INFO: &#x9;Init container install-cni ready: true, restart count 0&#xA;Jul 24 14:12:37.349: INFO: &#x9;Container kube-flannel ready: true, restart count 1&#xA;Jul 24 14:12:37.349: INFO: local-path-provisioner-cc67d8db7-ps624 started at 2022-07-24 12:38:11 +0000 UTC (0+1 container statuses recorded)&#xA;Jul 24 14:12:37.349: INFO: &#x9;Container local-path-provisioner ready: true, restart count 0&#xA;Jul 24 14:12:37.349: INFO: ksp-mentor-bfd5c4db9-8mk5j started at 2022-07-24 12:38:12 +0000 UTC (0+1 container statuses recorded)&#xA;Jul 24 14:12:37.349: INFO: &#x9;Container mentor ready: true, restart count 0&#xA;Jul 24 14:12:37.349: INFO: process57-5dc7d9d6f8-n5z8w started at 2022-07-24 12:38:12 +0000 UTC (0+1 container statuses recorded)&#xA;Jul 24 14:12:37.349: INFO: &#x9;Container process57 ready: true, restart count 0&#xA;Jul 24 14:12:37.349: INFO: ksp-redis-master-0 started at 2022-07-20 12:09:21 +0000 UTC (0+1 container statuses recorded)&#xA;Jul 24 14:12:37.349: INFO: &#x9;Container redis ready: true, restart count 0&#xA;Jul 24 14:12:37.349: INFO: alertmanager-main-0 started at 2022-07-20 12:09:55 +0000 UTC (0+2 container statuses recorded)&#xA;Jul 24 14:12:37.349: INFO: &#x9;Container alertmanager ready: true, restart count 0&#xA;Jul 24 14:12:37.349: INFO: &#x9;Container config-reloader ready: true, restart count 0&#xA;Jul 24 14:12:37.349: INFO: worker108-cc678945b-7rbkz started at 2022-07-21 06:39:16 +0000 UTC (0+1 container statuses recorded)&#xA;Jul 24 14:12:37.349: INFO: &#x9;Container worker108 ready: true, restart count 0&#xA;Jul 24 14:12:37.349: INFO: worker104-84f6f586c6-vcwd8 started at 2022-07-24 12:38:11 +0000 UTC (0+1 container statuses recorded)&#xA;Jul 24 14:12:37.349: INFO: &#x9;Container worker104 ready: true, restart count 0&#xA;Jul 24 14:12:37.349: INFO: tomcat-ttt46-6b659fdf4b-95cmr started at 2022-07-24 12:38:12 +0000 UTC (0+1 container statuses recorded)&#xA;Jul 24 14:12:37.349: INFO: &#x9;Container tomcat-ttt46 ready: true, restart count 0&#xA;Jul 24 14:12:37.426: INFO: &#xA;Latency metrics for node kubernetes-node-01&#xA;Jul 24 14:12:37.426: INFO: &#xA;Logging node info for node kubernetes-node-02&#xA;Jul 24 14:12:37.429: INFO: Node Info: &amp;Node{ObjectMeta:{kubernetes-node-02    307d2ab5-ef28-4bdd-889c-432cc026c399 5746803 0 2022-07-05 02:22:23 +0000 UTC &lt;nil&gt; &lt;nil&gt; map[beta.kubernetes.io/arch:amd64 beta.kubernetes.io/os:linux kubernetes.io/arch:amd64 kubernetes.io/hostname:kubernetes-node-02 kubernetes.io/os:linux] map[flannel.alpha.coreos.com/backend-data:{&#34;VNI&#34;:1,&#34;VtepMAC&#34;:&#34;82:d6:14:69:bd:44&#34;} flannel.alpha.coreos.com/backend-type:vxlan flannel.alpha.coreos.com/kube-subnet-manager:true flannel.alpha.coreos.com/public-ip:192.168.132.12 kubeadm.alpha.kubernetes.io/cri-socket:/var/run/dockershim.sock node.alpha.kubernetes.io/ttl:0 volumes.kubernetes.io/controller-managed-attach-detach:true] [] []  [{kubeadm Update v1 2022-07-05 02:22:23 +0000 UTC FieldsV1 {&#34;f:metadata&#34;:{&#34;f:annotations&#34;:{&#34;f:kubeadm.alpha.kubernetes.io/cri-socket&#34;:{}}}} } {kubelet Update v1 2022-07-05 02:22:23 +0000 UTC FieldsV1 {&#34;f:metadata&#34;:{&#34;f:annotations&#34;:{&#34;.&#34;:{},&#34;f:volumes.kubernetes.io/controller-managed-attach-detach&#34;:{}},&#34;f:labels&#34;:{&#34;.&#34;:{},&#34;f:beta.kubernetes.io/arch&#34;:{},&#34;f:beta.kubernetes.io/os&#34;:{},&#34;f:kubernetes.io/arch&#34;:{},&#34;f:kubernetes.io/hostname&#34;:{},&#34;f:kubernetes.io/os&#34;:{}}}} } {flanneld Update v1 2022-07-05 02:25:42 +0000 UTC FieldsV1 {&#34;f:metadata&#34;:{&#34;f:annotations&#34;:{&#34;f:flannel.alpha.coreos.com/backend-data&#34;:{},&#34;f:flannel.alpha.coreos.com/backend-type&#34;:{},&#34;f:flannel.alpha.coreos.com/kube-subnet-manager&#34;:{},&#34;f:flannel.alpha.coreos.com/public-ip&#34;:{}}},&#34;f:status&#34;:{&#34;f:conditions&#34;:{&#34;k:{\&#34;type\&#34;:\&#34;NetworkUnavailable\&#34;}&#34;:{&#34;.&#34;:{},&#34;f:lastHeartbeatTime&#34;:{},&#34;f:lastTransitionTime&#34;:{},&#34;f:message&#34;:{},&#34;f:reason&#34;:{},&#34;f:status&#34;:{},&#34;f:type&#34;:{}}}}} status} {kube-controller-manager Update v1 2022-07-20 12:10:50 +0000 UTC FieldsV1 {&#34;f:metadata&#34;:{&#34;f:annotations&#34;:{&#34;f:node.alpha.kubernetes.io/ttl&#34;:{}}},&#34;f:spec&#34;:{&#34;f:podCIDR&#34;:{},&#34;f:podCIDRs&#34;:{&#34;.&#34;:{},&#34;v:\&#34;10.244.3.0/24\&#34;&#34;:{}}}} } {e2e.test Update v1 2022-07-24 11:57:52 +0000 UTC FieldsV1 {&#34;f:status&#34;:{&#34;f:capacity&#34;:{&#34;f:example.com/fakecpu&#34;:{}}}} status} {kubelet Update v1 2022-07-24 12:52:35 +0000 UTC FieldsV1 {&#34;f:status&#34;:{&#34;f:allocatable&#34;:{&#34;f:ephemeral-storage&#34;:{},&#34;f:example.com/fakecpu&#34;:{}},&#34;f:conditions&#34;:{&#34;k:{\&#34;type\&#34;:\&#34;DiskPressure\&#34;}&#34;:{&#34;f:lastHeartbeatTime&#34;:{},&#34;f:lastTransitionTime&#34;:{},&#34;f:message&#34;:{},&#34;f:reason&#34;:{},&#34;f:status&#34;:{}},&#34;k:{\&#34;type\&#34;:\&#34;MemoryPressure\&#34;}&#34;:{&#34;f:lastHeartbeatTime&#34;:{},&#34;f:lastTransitionTime&#34;:{},&#34;f:message&#34;:{},&#34;f:reason&#34;:{},&#34;f:status&#34;:{}},&#34;k:{\&#34;type\&#34;:\&#34;PIDPressure\&#34;}&#34;:{&#34;f:lastHeartbeatTime&#34;:{},&#34;f:lastTransitionTime&#34;:{},&#34;f:message&#34;:{},&#34;f:reason&#34;:{},&#34;f:status&#34;:{}},&#34;k:{\&#34;type\&#34;:\&#34;Ready\&#34;}&#34;:{&#34;f:lastHeartbeatTime&#34;:{},&#34;f:lastTransitionTime&#34;:{},&#34;f:message&#34;:{},&#34;f:reason&#34;:{},&#34;f:status&#34;:{}}},&#34;f:images&#34;:{},&#34;f:nodeInfo&#34;:{&#34;f:bootID&#34;:{},&#34;f:containerRuntimeVersion&#34;:{}}}} status}]},Spec:NodeSpec{PodCIDR:10.244.3.0/24,DoNotUseExternalID:,ProviderID:,Unschedulable:false,Taints:[]Taint{},ConfigSource:nil,PodCIDRs:[10.244.3.0/24],},Status:NodeStatus{Capacity:ResourceList{cpu: {{8 0} {&lt;nil&gt;} 8 DecimalSI},ephemeral-storage: {{107321753600 0} {&lt;nil&gt;} 102350Mi BinarySI},example.com/fakecpu: {{1 3} {&lt;nil&gt;} 1k DecimalSI},hugepages-1Gi: {{0 0} {&lt;nil&gt;} 0 DecimalSI},hugepages-2Mi: {{0 0} {&lt;nil&gt;} 0 DecimalSI},memory: {{16363429888 0} {&lt;nil&gt;}  BinarySI},pods: {{110 0} {&lt;nil&gt;} 110 DecimalSI},},Allocatable:ResourceList{cpu: {{8 0} {&lt;nil&gt;} 8 DecimalSI},ephemeral-storage: {{96589578081 0} {&lt;nil&gt;} 96589578081 DecimalSI},example.com/fakecpu: {{1 3} {&lt;nil&gt;} 1k DecimalSI},hugepages-1Gi: {{0 0} {&lt;nil&gt;} 0 DecimalSI},hugepages-2Mi: {{0 0} {&lt;nil&gt;} 0 DecimalSI},memory: {{16258572288 0} {&lt;nil&gt;}  BinarySI},pods: {{110 0} {&lt;nil&gt;} 110 DecimalSI},},Phase:,Conditions:[]NodeCondition{NodeCondition{Type:NetworkUnavailable,Status:False,LastHeartbeatTime:2022-07-24 12:41:23 +0000 UTC,LastTransitionTime:2022-07-24 12:41:23 +0000 UTC,Reason:FlannelIsUp,Message:Flannel is running on this node,},NodeCondition{Type:MemoryPressure,Status:False,LastHeartbeatTime:2022-07-24 14:07:57 +0000 UTC,LastTransitionTime:2022-07-20 12:10:11 +0000 UTC,Reason:KubeletHasSufficientMemory,Message:kubelet has sufficient memory available,},NodeCondition{Type:DiskPressure,Status:False,LastHeartbeatTime:2022-07-24 14:07:57 +0000 UTC,LastTransitionTime:2022-07-20 12:10:11 +0000 UTC,Reason:KubeletHasNoDiskPressure,Message:kubelet has no disk pressure,},NodeCondition{Type:PIDPressure,Status:False,LastHeartbeatTime:2022-07-24 14:07:57 +0000 UTC,LastTransitionTime:2022-07-20 12:10:11 +0000 UTC,Reason:KubeletHasSufficientPID,Message:kubelet has sufficient PID available,},NodeCondition{Type:Ready,Status:True,LastHeartbeatTime:2022-07-24 14:07:57 +0000 UTC,LastTransitionTime:2022-07-20 12:39:17 +0000 UTC,Reason:KubeletReady,Message:kubelet is posting ready status,},},Addresses:[]NodeAddress{NodeAddress{Type:InternalIP,Address:192.168.132.12,},NodeAddress{Type:Hostname,Address:kubernetes-node-02,},},DaemonEndpoints:NodeDaemonEndpoints{KubeletEndpoint:DaemonEndpoint{Port:10250,},},NodeInfo:NodeSystemInfo{MachineID:c4512086a6f5493ab6d17434529f2f96,SystemUUID:dfb815d5-231e-e911-ba47-a4bf015b3e00,BootID:56b56735-cc0e-4a63-a373-c98df943e3fd,KernelVersion:5.4.132-1.el7.elrepo.x86_64,OSImage:CentOS Linux 7 (Core),ContainerRuntimeVersion:docker://20.10.7,KubeletVersion:v1.22.3,KubeProxyVersion:v1.22.3,OperatingSystem:linux,Architecture:amd64,},Images:[]ContainerImage{ContainerImage{Names:[k8s.gcr.io/e2e-test-images/cuda-vector-add:2.2],SizeBytes:2579956550,},ContainerImage{Names:[k8s.gcr.io/e2e-test-images/cuda-vector-add:1.0],SizeBytes:2047006036,},ContainerImage{Names:[k8s.gcr.io/e2e-test-images/node-perf/tf-wide-deep:1.1],SizeBytes:1631128450,},ContainerImage{Names:[harbor.moresec.cn/ksp/webshell_srv@sha256:52331f042d9b722692b7d1e7d39bad602f0755a948b8a439b4a27c4c0fae045f harbor.moresec.cn/ksp/webshell_srv:2.2.0],SizeBytes:981080070,},ContainerImage{Names:[k8s.gcr.io/e2e-test-images/perl:5.26],SizeBytes:853225645,},ContainerImage{Names:[k8s.gcr.io/e2e-test-images/volume/rbd:1.0.3],SizeBytes:751897580,},ContainerImage{Names:[192.168.132.12:85/benchmark/benchmark@sha256:59b02207ef00cbc9ae722f2ad7c0f73c60b64ca677449bd0acf5b052eb967764],SizeBytes:721364989,},ContainerImage{Names:[192.168.132.12:85/benchmark/benchmark@sha256:97b019aa0596a30858d2f114a75e4f688723cd1e63b38c2874f687ae329a408a],SizeBytes:721341182,},ContainerImage{Names:[tomcat@sha256:acbf4ace21d5a9bfca00865e615b3061c262bb216d4a44a46990af9b73a73496],SizeBytes:679943312,},ContainerImage{Names:[&lt;none&gt;@&lt;none&gt; &lt;none&gt;:&lt;none&gt;],SizeBytes:679872057,},ContainerImage{Names:[harbor.moresec.cn/ksp/ksp_init@sha256:f7d3859270f43b9d9346a387957118b97fb45e6af379359a17ab676aa566b834 harbor.moresec.cn/ksp/ksp_init:2.2.0],SizeBytes:628801675,},ContainerImage{Names:[harbor.moresec.cn/ksp/ksp_init@sha256:2ddb6771ce701f73bb447c4bacc40f22a96460c029b95ef92363d701247762d4],SizeBytes:628801606,},ContainerImage{Names:[harbor.moresec.cn/ksp/kafka@sha256:29aef30ec0742e05c84b92e35fe81bc2a933d92aa3aec2325f3947c9cbb07e2d harbor.moresec.cn/ksp/kafka:2.8.0-debian-10-r43],SizeBytes:584339677,},ContainerImage{Names:[kennethreitz/httpbin@sha256:599fe5e5073102dbb0ee3dbb65f049dab44fa9fc251f6835c9990f8fb196a72b kennethreitz/httpbin:latest],SizeBytes:533651313,},ContainerImage{Names:[harbor.moresec.cn/ksp/ksp_agent@sha256:f96a653e88fcf5b71a82e603da3ace5e774c9dd4e37dcdfc7a1db3ce87267245 harbor.moresec.cn/ksp/ksp_agent:latest],SizeBytes:495969065,},ContainerImage{Names:[harbor.moresec.cn/ksp/ksp_agent@sha256:62d75a6961ee50b7bbea1eeb9a835b8809fbf868cda8ea7e30c57a871fe36ae4],SizeBytes:495943489,},ContainerImage{Names:[harbor.moresec.cn/ksp/ksp_agent@sha256:a405dae161a236cc6b51c59e3496a423f4153fc2817c26b99bf0fca613bce6af],SizeBytes:495925185,},ContainerImage{Names:[tomcat@sha256:9edc5c51c2dec7794769eede1e88a60e77abe355b73a77e231c464a8384d3697 tomcat:latest],SizeBytes:482487907,},ContainerImage{Names:[tomcat@sha256:8ece5eebda93ab45acf77b237f5564b3c558d0ce782c2f4302796043a621662f],SizeBytes:480307454,},ContainerImage{Names:[192.168.132.114/iast/iast@sha256:36f1db7e28c0b7a6d30ee9059c98d1067ec1f6eaf3ca2d5a3145a8e734dcc853],SizeBytes:479554906,},ContainerImage{Names:[192.168.132.114/iast/iast@sha256:d8e36d06161eec5a685f3cbe45cd43fb652a94b96387d4899951ae5cf1604cae],SizeBytes:479554903,},ContainerImage{Names:[192.168.132.114/iast/iast@sha256:5f2b9418c9d15338a3d2b984d78fab1f83d9b9e08354e2a0d307eab5b7824f75 192.168.132.114/iast/iast:latest],SizeBytes:479554902,},ContainerImage{Names:[docker-dev.moresec.cn:10443/ksp/influxdb@sha256:6277fd14835bf09c33cd13dd3a92393540745949f83e1e426092a7fe9ec2d6d5 harbor.moresec.cn/ksp/influxdb@sha256:4d688fb9837fcfb84ac4cdd65215e06c2c98cac743ffbbddde8a735d4ef1f707 docker-dev.moresec.cn:10443/ksp/influxdb:2.0.9-debian-10-r5 harbor.moresec.cn/ksp/influxdb:2.0.9-debian-10-r5],SizeBytes:468207544,},ContainerImage{Names:[docker-dev.moresec.cn:10443/ksp/zookeeper@sha256:3f077ee4e6b2ff601c2344b1bd007e752ad3ca66550eaf41604e290a02bb92c7 harbor.moresec.cn/ksp/zookeeper@sha256:3f077ee4e6b2ff601c2344b1bd007e752ad3ca66550eaf41604e290a02bb92c7 harbor.moresec.cn/ksp_1.3.0/zookeeper@sha256:3f077ee4e6b2ff601c2344b1bd007e752ad3ca66550eaf41604e290a02bb92c7 docker-dev.moresec.cn:10443/ksp/zookeeper:3.7.0-debian-10-r68 harbor.moresec.cn/ksp/zookeeper:3.7.0-debian-10-r68],SizeBytes:468025553,},ContainerImage{Names:[mysql@sha256:afc453de0d675083ac00d0538521f8a9a67d1cce180d70fab9925ebcc87a0eba mysql:5.7],SizeBytes:448217556,},ContainerImage{Names:[harbor.moresec.cn/ksp/sav_service@sha256:1cded1904d167b240f4821e7bc63745478991000e7715d5c4eecc134c25bb8ad harbor.moresec.cn/ksp/sav_service:2.2.0],SizeBytes:434790033,},ContainerImage{Names:[harbor.moresec.cn/ksp/ksp_agent@sha256:0fa5495795843bd5d69156d87b2d1c8ba34758af85fcd472ec6ad0daba56fe26],SizeBytes:433527765,},ContainerImage{Names:[harbor.moresec.cn/ksp/ksp_agent@sha256:7fc828e5732309187da20a9a025a142f8229f04087601a9fad119c3724ab6e92 harbor.moresec.cn/ksp/ksp_agent:2.2.0],SizeBytes:433527765,},ContainerImage{Names:[harbor.moresec.cn/ksp/ksp_agent@sha256:b6455a0f39f08b39b5ee701bbcfb11edb8484478bfe44f30a3a48f041ea504b1],SizeBytes:433527765,},ContainerImage{Names:[harbor.moresec.cn/ksp/ksp_agent:laishang],SizeBytes:433318869,},ContainerImage{Names:[k8s.gcr.io/e2e-test-images/volume/iscsi:2.2],SizeBytes:414158129,},ContainerImage{Names:[netdata/netdata@sha256:42ba5e0b0f0efaf39f3dda3f511690d7e0a6f0fef2ccfc6d629e01aa911349cc netdata/netdata:latest],SizeBytes:392760854,},ContainerImage{Names:[k8s.gcr.io/sig-storage/nfs-provisioner:v2.2.2],SizeBytes:391702539,},ContainerImage{Names:[k8s.gcr.io/e2e-test-images/glusterdynamic-provisioner:v1.0],SizeBytes:373269502,},ContainerImage{Names:[k8s.gcr.io/e2e-test-images/volume/gluster:1.2],SizeBytes:340272046,},ContainerImage{Names:[sonobuoy/systemd-logs@sha256:0b8b2b7b43b03f7db26e7e4b99be402495b77b496f5a5b0425b3c226bc1e9cbd sonobuoy/systemd-logs:v0.4],SizeBytes:314068873,},ContainerImage{Names:[harbor.moresec.cn/ksp/mysql@sha256:1a52fad24c8d9c47d9563773bf2fd6618cab64a2e7054a32c62d7ff83047d432 harbor.moresec.cn/ksp/mysql:5.7.34],SizeBytes:296256317,},ContainerImage{Names:[192.168.132.114/revshell/revshell@sha256:9b67dba407ee84b9c44b25000faab4b15234d348853ce5e51a7eb7dcefedcc26],SizeBytes:271797518,},ContainerImage{Names:[192.168.132.114/revshell/revshell@sha256:6d8b31f77b52acd39735757cc52d138f343fc49ea76772d4fac615d6064b5978 192.168.132.114/revshell/revshell:latest],SizeBytes:271797514,},ContainerImage{Names:[192.168.132.114/revshell/revshell@sha256:de8b9f596c76971d97ae900223fa5bf95ec51e80c75e40b0e16fcc76e73390d0],SizeBytes:271797416,},ContainerImage{Names:[192.168.132.114/revshell/revshell@sha256:3bbeef8c9f89b542784e94159ddc8e0365418886b5ef37f72d0b911396cdede0],SizeBytes:271797410,},ContainerImage{Names:[192.168.132.114/revshell/listen@sha256:e51b45cdcf6314fabe93ef6b0dda4062713628b951f948aac56154c2e092bd18 192.168.132.114/revshell/listen:latest],SizeBytes:271796301,},ContainerImage{Names:[192.168.132.114/revshell/listen@sha256:4aaf5ed8166fef1252bfa2784b85a691b438f0a1bfc286c1099a42e215971f3f],SizeBytes:271796199,},ContainerImage{Names:[harbor.moresec.cn/ksp/ksp_web@sha256:e0e443f252e6bd8f090341a555d8ae5846815293106341c78f6d00249babfa4a],SizeBytes:265801442,},ContainerImage{Names:[harbor.moresec.cn/ksp/ksp_web@sha256:c3f7ad61abe56853241fb79c1c05c6b8c86b190960b1f5f97140d891515304c9],SizeBytes:264539293,},ContainerImage{Names:[harbor.moresec.cn/ksp/ksp_web@sha256:b3fdc81d10a75ebe03bd5faef73e9edf161cd7940b9b374db637c12a0cd2cfc9],SizeBytes:264539173,},ContainerImage{Names:[harbor.moresec.cn/ksp/ksp_web@sha256:7b345a16af36b51412b69aca73a67848ce3ceb81f0045b4752df355d7ca6fc6c harbor.moresec.cn/ksp/ksp_web:2.2.0],SizeBytes:264538875,},ContainerImage{Names:[harbor.moresec.cn/ksp/ksp_web@sha256:0e4b5eff8946bf4d728d8931093c90949b4bff855edb420166406da7f57a8ece harbor.moresec.cn/ksp/ksp_web:latest],SizeBytes:264537370,},ContainerImage{Names:[harbor.moresec.cn/ksp/ksp_web@sha256:5453d21ff28597046c6848026d771fb09508a63ce6ad0abd7c82d5854002bdeb],SizeBytes:264507115,},ContainerImage{Names:[k8s.gcr.io/e2e-test-images/volume/nfs:1.2],SizeBytes:263870626,},},VolumesInUse:[],VolumesAttached:[]AttachedVolume{},Config:nil,},}&#xA;Jul 24 14:12:37.429: INFO: &#xA;Logging kubelet events for node kubernetes-node-02&#xA;Jul 24 14:12:37.431: INFO: &#xA;Logging pods the kubelet thinks is on node kubernetes-node-02&#xA;Jul 24 14:12:37.454: INFO: kube-proxy-pshqk started at 2022-07-05 02:22:26 +0000 UTC (0+1 container statuses recorded)&#xA;Jul 24 14:12:37.454: INFO: &#x9;Container kube-proxy ready: true, restart count 1&#xA;Jul 24 14:12:37.454: INFO: ksp-zookeeper-0 started at 2022-07-24 12:39:13 +0000 UTC (0+1 container statuses recorded)&#xA;Jul 24 14:12:37.454: INFO: &#x9;Container zookeeper ready: true, restart count 0&#xA;Jul 24 14:12:37.454: INFO: prometheus-k8s-1 started at 2022-07-24 12:39:13 +0000 UTC (1+2 container statuses recorded)&#xA;Jul 24 14:12:37.454: INFO: &#x9;Init container init-config-reloader ready: true, restart count 0&#xA;Jul 24 14:12:37.454: INFO: &#x9;Container config-reloader ready: true, restart count 0&#xA;Jul 24 14:12:37.454: INFO: &#x9;Container prometheus ready: true, restart count 0&#xA;Jul 24 14:12:37.454: INFO: alertmanager-main-2 started at 2022-07-24 12:39:35 +0000 UTC (0+2 container statuses recorded)&#xA;Jul 24 14:12:37.454: INFO: &#x9;Container alertmanager ready: true, restart count 0&#xA;Jul 24 14:12:37.454: INFO: &#x9;Container config-reloader ready: true, restart count 0&#xA;Jul 24 14:12:37.454: INFO: node-exporter-mg4n8 started at 2022-07-08 03:28:05 +0000 UTC (0+2 container statuses recorded)&#xA;Jul 24 14:12:37.454: INFO: &#x9;Container kube-rbac-proxy ready: true, restart count 1&#xA;Jul 24 14:12:37.454: INFO: &#x9;Container node-exporter ready: true, restart count 2&#xA;Jul 24 14:12:37.454: INFO: ksp-minio-6c4647754d-x4fzq started at 2022-07-24 12:39:13 +0000 UTC (0+1 container statuses recorded)&#xA;Jul 24 14:12:37.454: INFO: &#x9;Container minio ready: true, restart count 0&#xA;Jul 24 14:12:37.454: INFO: sonobuoy-systemd-logs-daemon-set-bb55de94825d4876-7s4cf started at 2022-07-24 11:15:36 +0000 UTC (0+2 container statuses recorded)&#xA;Jul 24 14:12:37.454: INFO: &#x9;Container sonobuoy-worker ready: true, restart count 0&#xA;Jul 24 14:12:37.454: INFO: &#x9;Container systemd-logs ready: true, restart count 0&#xA;Jul 24 14:12:37.454: INFO: kube-flannel-ds-g6brd started at 2022-07-24 12:39:23 +0000 UTC (2+1 container statuses recorded)&#xA;Jul 24 14:12:37.454: INFO: &#x9;Init container install-cni-plugin ready: true, restart count 0&#xA;Jul 24 14:12:37.454: INFO: &#x9;Init container install-cni ready: true, restart count 0&#xA;Jul 24 14:12:37.454: INFO: &#x9;Container kube-flannel ready: true, restart count 0&#xA;Jul 24 14:12:37.454: INFO: ss2-2 started at 2022-07-24 12:40:05 +0000 UTC (0+1 container statuses recorded)&#xA;Jul 24 14:12:37.454: INFO: &#x9;Container webserver ready: true, restart count 0&#xA;Jul 24 14:12:37.454: INFO: ksp-influxdb-6c4b765b68-mhtng started at 2022-07-24 12:39:13 +0000 UTC (0+1 container statuses recorded)&#xA;Jul 24 14:12:37.454: INFO: &#x9;Container influxdb ready: true, restart count 0&#xA;Jul 24 14:12:37.506: INFO: &#xA;Latency metrics for node kubernetes-node-02&#xA;Jul 24 14:12:37.506: INFO: Waiting up to 3m0s for all (but 0) nodes to be ready&#xA;Jul 24 14:12:37.509: INFO: Condition Ready of node k8s-node03 is false, but Node is tainted by NodeController with [{node.kubernetes.io/not-ready  NoSchedule 2022-07-24 14:11:41 +0000 UTC} {node.kubernetes.io/not-ready  NoExecute 2022-07-24 14:11:42 +0000 UTC}]. Failure&#xA;Jul 24 14:12:39.514: INFO: Condition Ready of node k8s-node03 is false, but Node is tainted by NodeController with [{node.kubernetes.io/not-ready  NoSchedule 2022-07-24 14:11:41 +0000 UTC} {node.kubernetes.io/not-ready  NoExecute 2022-07-24 14:11:42 +0000 UTC}]. Failure&#xA;Jul 24 14:12:41.515: INFO: Condition Ready of node k8s-node03 is false, but Node is tainted by NodeController with [{node.kubernetes.io/not-ready  NoSchedule 2022-07-24 14:11:41 +0000 UTC} {node.kubernetes.io/not-ready  NoExecute 2022-07-24 14:11:42 +0000 UTC}]. Failure&#xA;Jul 24 14:12:43.514: INFO: Condition Ready of node k8s-node03 is true, but Node is tainted by NodeController with [{node.kubernetes.io/not-ready  NoExecute 2022-07-24 14:11:42 +0000 UTC}]. Failure&#xA;Jul 24 14:12:45.514: INFO: Condition Ready of node k8s-node03 is true, but Node is tainted by NodeController with [{node.kubernetes.io/not-ready  NoExecute 2022-07-24 14:11:42 +0000 UTC}]. Failure&#xA;STEP: Destroying namespace &#34;daemonsets-9670&#34; for this suite.&#xA;</system-out>
      </testcase>
      <testcase name="[sig-node] Probing container should be ready immediately after startupProbe succeeds" classname="Kubernetes e2e suite" time="0">
          <skipped></skipped>
      </testcase>
      <testcase name="[sig-storage] In-tree Volumes [Driver: iscsi][Feature:Volumes] [Testpattern: Dynamic PV (ntfs)][Feature:Windows] subPath should fail if subpath directory is outside the volume [Slow][LinuxOnly]" classname="Kubernetes e2e suite" time="0">
          <skipped></skipped>
      </testcase>
      <testcase name="[sig-storage] CSI mock volume CSI online volume expansion should expand volume without restarting pod if attach=on, nodeExpansion=on" classname="Kubernetes e2e suite" time="0">
          <skipped></skipped>
      </testcase>
      <testcase name="[sig-storage] In-tree Volumes [Driver: vsphere] [Testpattern: Dynamic PV (immediate binding)] topology should fail to schedule a pod which has topologies that conflict with AllowedTopologies" classname="Kubernetes e2e suite" time="0">
          <skipped></skipped>
      </testcase>
      <testcase name="[sig-storage] In-tree Volumes [Driver: iscsi][Feature:Volumes] [Testpattern: Inline-volume (default fs)] volumeIO should write files of various sizes, verify size, validate content [Slow][LinuxOnly]" classname="Kubernetes e2e suite" time="0">
          <skipped></skipped>
      </testcase>
      <testcase name="[sig-storage] In-tree Volumes [Driver: local][LocalVolumeType: dir-link] [Testpattern: Pre-provisioned PV (block volmode)] multiVolume [Slow] should access to two volumes with the same volume mode and retain data across pod recreation on different node" classname="Kubernetes e2e suite" time="0">
          <skipped></skipped>
      </testcase>
      <testcase name="[sig-storage] In-tree Volumes [Driver: rbd][Feature:Volumes][Serial] [Testpattern: Dynamic PV (default fs)] fsgroupchangepolicy (OnRootMismatch)[LinuxOnly], pod created with an initial fsgroup, volume contents ownership changed in first pod, new pod with same fsgroup skips ownership changes to the volume contents" classname="Kubernetes e2e suite" time="0">
          <skipped></skipped>
      </testcase>
      <testcase name="[sig-storage] In-tree Volumes [Driver: windows-gcepd] [Testpattern: Inline-volume (default fs)] subPath should support creating multiple subpath from same volumes [Slow]" classname="Kubernetes e2e suite" time="0">
          <skipped></skipped>
      </testcase>
      <testcase name="[sig-storage] CSI Volumes [Driver: pd.csi.storage.gke.io][Serial] [Testpattern: Dynamic PV (xfs)][Slow] volumes should store data" classname="Kubernetes e2e suite" time="0">
          <skipped></skipped>
      </testcase>
      <testcase name="[sig-storage] In-tree Volumes [Driver: local][LocalVolumeType: tmpfs] [Testpattern: Dynamic PV (default fs)] volumes should store data" classname="Kubernetes e2e suite" time="0">
          <skipped></skipped>
      </testcase>
      <testcase name="[sig-apps] CronJob should not schedule jobs when suspended [Slow] [Conformance]" classname="Kubernetes e2e suite" time="300.264163363"></testcase>
      <testcase name="[sig-apps] ReplicaSet should serve a basic image on each replica with a public image  [Conformance]" classname="Kubernetes e2e suite" time="12.371922293"></testcase>
      <testcase name="[sig-storage] Secrets should be consumable in multiple volumes in a pod [NodeConformance] [Conformance]" classname="Kubernetes e2e suite" time="6.340263654"></testcase>
      <testcase name="[sig-storage] In-tree Volumes [Driver: hostPathSymlink] [Testpattern: Pre-provisioned PV (filesystem volmode)] multiVolume [Slow] should concurrently access the volume and restored snapshot from pods on the same node [LinuxOnly][Feature:VolumeSnapshotDataSource][Feature:VolumeSourceXFS]" classname="Kubernetes e2e suite" time="0">
          <skipped></skipped>
      </testcase>
      <testcase name="[sig-node] PreStop graceful pod terminated should wait until preStop hook completes the process" classname="Kubernetes e2e suite" time="0">
          <skipped></skipped>
      </testcase>
      <testcase name="[sig-storage] In-tree Volumes [Driver: gluster] [Testpattern: Pre-provisioned PV (default fs)] subPath should support readOnly file specified in the volumeMount [LinuxOnly]" classname="Kubernetes e2e suite" time="0">
          <skipped></skipped>
      </testcase>
      <testcase name="[sig-storage] In-tree Volumes [Driver: hostPath] [Testpattern: Pre-provisioned PV (default fs)] subPath should unmount if pod is gracefully deleted while kubelet is down [Disruptive][Slow][LinuxOnly]" classname="Kubernetes e2e suite" time="0">
          <skipped></skipped>
      </testcase>
      <testcase name="[sig-storage] In-tree Volumes [Driver: windows-gcepd] [Testpattern: Dynamic PV (ntfs)][Feature:Windows] volume-expand should not allow expansion of pvcs without AllowVolumeExpansion property" classname="Kubernetes e2e suite" time="0">
          <skipped></skipped>
      </testcase>
      <testcase name="[sig-storage] In-tree Volumes [Driver: vsphere] [Testpattern: Pre-provisioned PV (block volmode)] multiVolume [Slow] should concurrently access the single volume from pods on different node" classname="Kubernetes e2e suite" time="0">
          <skipped></skipped>
      </testcase>
      <testcase name="[sig-storage] In-tree Volumes [Driver: local][LocalVolumeType: gce-localssd-scsi-fs] [Serial] [Testpattern: Inline-volume (default fs)] subPath should support creating multiple subpath from same volumes [Slow]" classname="Kubernetes e2e suite" time="0">
          <skipped></skipped>
      </testcase>
      <testcase name="[sig-storage] Zone Support [Feature:vsphere] Verify PVC creation with incompatible storagePolicy and zone combination specified in storage class fails" classname="Kubernetes e2e suite" time="0">
          <skipped></skipped>
      </testcase>
      <testcase name="[sig-storage] In-tree Volumes [Driver: local][LocalVolumeType: dir-link] [Testpattern: Dynamic PV (default fs)] fsgroupchangepolicy (OnRootMismatch)[LinuxOnly], pod created with an initial fsgroup, volume contents ownership changed in first pod, new pod with different fsgroup applied to the volume contents" classname="Kubernetes e2e suite" time="0">
          <skipped></skipped>
      </testcase>
      <testcase name="[sig-storage] In-tree Volumes [Driver: iscsi][Feature:Volumes] [Testpattern: Dynamic PV (default fs)] subPath should unmount if pod is gracefully deleted while kubelet is down [Disruptive][Slow][LinuxOnly]" classname="Kubernetes e2e suite" time="0">
          <skipped></skipped>
      </testcase>
      <testcase name="[sig-storage] In-tree Volumes [Driver: rbd][Feature:Volumes][Serial] [Testpattern: Dynamic PV (ext4)] multiVolume [Slow] should access to two volumes with different volume mode and retain data across pod recreation on the same node" classname="Kubernetes e2e suite" time="0">
          <skipped></skipped>
      </testcase>
      <testcase name="[sig-storage] CSI Volumes [Driver: csi-hostpath] [Testpattern: Generic Ephemeral-volume (default fs) (immediate-binding)] ephemeral should create read-only inline ephemeral volume" classname="Kubernetes e2e suite" time="0">
          <skipped></skipped>
      </testcase>
      <testcase name="[sig-network] Services should respect internalTrafficPolicy=Local Pod to Pod (hostNetwork: true) [Feature:ServiceInternalTrafficPolicy]" classname="Kubernetes e2e suite" time="0">
          <skipped></skipped>
      </testcase>
      <testcase name="[sig-storage] In-tree Volumes [Driver: aws] [Testpattern: Dynamic PV (default fs)] subPath should fail if subpath directory is outside the volume [Slow][LinuxOnly]" classname="Kubernetes e2e suite" time="0">
          <skipped></skipped>
      </testcase>
      <testcase name="[sig-storage] In-tree Volumes [Driver: local][LocalVolumeType: blockfs] [Testpattern: Dynamic PV (delayed binding)] topology should provision a volume and schedule a pod with AllowedTopologies" classname="Kubernetes e2e suite" time="0">
          <skipped></skipped>
      </testcase>
      <testcase name="[sig-storage] In-tree Volumes [Driver: hostPath] [Testpattern: Inline-volume (default fs)] subPath should fail if subpath with backstepping is outside the volume [Slow][LinuxOnly]" classname="Kubernetes e2e suite" time="0">
          <skipped></skipped>
      </testcase>
      <testcase name="[sig-storage] In-tree Volumes [Driver: nfs] [Testpattern: Dynamic PV (ext4)] volumes should store data" classname="Kubernetes e2e suite" time="0">
          <skipped></skipped>
      </testcase>
      <testcase name="[sig-node] InitContainer [NodeConformance] should not start app containers and fail the pod if init containers fail on a RestartNever pod [Conformance]" classname="Kubernetes e2e suite" time="11.93624823"></testcase>
      <testcase name="[sig-cloud-provider-gcp] Reboot [Disruptive] [Feature:Reboot] each node by triggering kernel panic and ensure they function upon restart" classname="Kubernetes e2e suite" time="0">
          <skipped></skipped>
      </testcase>
      <testcase name="[sig-storage] EmptyDir volumes should support (root,0777,tmpfs) [LinuxOnly] [NodeConformance] [Conformance]" classname="Kubernetes e2e suite" time="8.700305206"></testcase>
      <testcase name="[sig-storage] In-tree Volumes [Driver: local][LocalVolumeType: tmpfs] [Testpattern: Inline-volume (default fs)] subPath should support creating multiple subpath from same volumes [Slow]" classname="Kubernetes e2e suite" time="0">
          <skipped></skipped>
      </testcase>
      <testcase name="[sig-storage] In-tree Volumes [Driver: local][LocalVolumeType: dir-bindmounted] [Testpattern: Dynamic PV (ntfs)][Feature:Windows] volumes should allow exec of files on the volume" classname="Kubernetes e2e suite" time="0">
          <skipped></skipped>
      </testcase>
      <testcase name="[sig-storage] In-tree Volumes [Driver: local][LocalVolumeType: gce-localssd-scsi-fs] [Serial] [Testpattern: Dynamic PV (ext4)] volumes should store data" classname="Kubernetes e2e suite" time="0">
          <skipped></skipped>
      </testcase>
      <testcase name="[sig-network] NetworkPolicyLegacy [LinuxOnly] NetworkPolicy between server and client should support a &#39;default-deny-ingress&#39; policy [Feature:NetworkPolicy]" classname="Kubernetes e2e suite" time="0">
          <skipped></skipped>
      </testcase>
      <testcase name="[sig-storage] In-tree Volumes [Driver: emptydir] [Testpattern: Pre-provisioned PV (block volmode)] multiVolume [Slow] should concurrently access the volume and restored snapshot from pods on the same node [LinuxOnly][Feature:VolumeSnapshotDataSource][Feature:VolumeSourceXFS]" classname="Kubernetes e2e suite" time="0">
          <skipped></skipped>
      </testcase>
      <testcase name="[sig-storage] In-tree Volumes [Driver: local][LocalVolumeType: dir-bindmounted] [Testpattern: Inline-volume (default fs)] subPath should support file as subpath [LinuxOnly]" classname="Kubernetes e2e suite" time="0">
          <skipped></skipped>
      </testcase>
      <testcase name="[sig-storage] Pod Disks schedule pods each with a PD, delete pod and verify detach [Slow] for RW PD with pod delete grace period of &#34;default (30s)&#34;" classname="Kubernetes e2e suite" time="0">
          <skipped></skipped>
      </testcase>
      <testcase name="[sig-storage] CSI Volumes [Driver: csi-hostpath] [Testpattern: Dynamic PV (default fs)] volume-expand should not allow expansion of pvcs without AllowVolumeExpansion property" classname="Kubernetes e2e suite" time="0">
          <skipped></skipped>
      </testcase>
      <testcase name="[sig-storage] CSI mock volume CSIServiceAccountToken token should not be plumbed down when csiServiceAccountTokenEnabled=false" classname="Kubernetes e2e suite" time="0">
          <skipped></skipped>
      </testcase>
      <testcase name="[sig-storage] In-tree Volumes [Driver: emptydir] [Testpattern: Pre-provisioned PV (default fs)] subPath should support readOnly directory specified in the volumeMount" classname="Kubernetes e2e suite" time="0">
          <skipped></skipped>
      </testcase>
      <testcase name="[sig-storage] In-tree Volumes [Driver: local][LocalVolumeType: dir-bindmounted] [Testpattern: Pre-provisioned PV (block volmode)] multiVolume [Slow] should concurrently access the single volume from pods on the same node" classname="Kubernetes e2e suite" time="0">
          <skipped></skipped>
      </testcase>
      <testcase name="[sig-storage] In-tree Volumes [Driver: iscsi][Feature:Volumes] [Testpattern: Dynamic PV (block volmode)] provisioning should provision storage with pvc data source" classname="Kubernetes e2e suite" time="0">
          <skipped></skipped>
      </testcase>
      <testcase name="[sig-storage] In-tree Volumes [Driver: local][LocalVolumeType: blockfs] [Testpattern: Inline-volume (ntfs)][Feature:Windows] volumes should allow exec of files on the volume" classname="Kubernetes e2e suite" time="0">
          <skipped></skipped>
      </testcase>
      <testcase name="[sig-storage] In-tree Volumes [Driver: nfs] [Testpattern: Dynamic PV (ntfs)][Feature:Windows] provisioning should provision storage with pvc data source in parallel [Slow]" classname="Kubernetes e2e suite" time="0">
          <skipped></skipped>
      </testcase>
      <testcase name="[sig-storage] CSI mock volume CSI Volume expansion should not expand volume if resizingOnDriver=off, resizingOnSC=on" classname="Kubernetes e2e suite" time="0">
          <skipped></skipped>
      </testcase>
      <testcase name="[sig-storage] CSI Volumes [Driver: csi-hostpath] [Testpattern: Pre-provisioned PV (block volmode)] multiVolume [Slow] should concurrently access the volume and restored snapshot from pods on the same node [LinuxOnly][Feature:VolumeSnapshotDataSource][Feature:VolumeSourceXFS]" classname="Kubernetes e2e suite" time="0">
          <skipped></skipped>
      </testcase>
      <testcase name="[sig-storage] In-tree Volumes [Driver: hostPath] [Testpattern: Dynamic PV (default fs)] subPath should support restarting containers using directory as subpath [Slow]" classname="Kubernetes e2e suite" time="0">
          <skipped></skipped>
      </testcase>
      <testcase name="[sig-storage] In-tree Volumes [Driver: nfs] [Testpattern: Dynamic PV (block volmode)] multiVolume [Slow] should concurrently access the volume and restored snapshot from pods on the same node [LinuxOnly][Feature:VolumeSnapshotDataSource][Feature:VolumeSourceXFS]" classname="Kubernetes e2e suite" time="0">
          <skipped></skipped>
      </testcase>
      <testcase name="[sig-storage] In-tree Volumes [Driver: emptydir] [Testpattern: Dynamic PV (block volmode)] volumeMode should fail in binding dynamic provisioned PV to PVC [Slow][LinuxOnly]" classname="Kubernetes e2e suite" time="0">
          <skipped></skipped>
      </testcase>
      <testcase name="[sig-storage] In-tree Volumes [Driver: local][LocalVolumeType: dir-bindmounted] [Testpattern: Dynamic PV (block volmode)] volume-stress multiple pods should access different volumes repeatedly [Slow] [Serial]" classname="Kubernetes e2e suite" time="0">
          <skipped></skipped>
      </testcase>
      <testcase name="[sig-storage] In-tree Volumes [Driver: iscsi][Feature:Volumes] [Testpattern: Dynamic PV (block volmode)] multiVolume [Slow] should access to two volumes with the same volume mode and retain data across pod recreation on the same node" classname="Kubernetes e2e suite" time="0">
          <skipped></skipped>
      </testcase>
      <testcase name="[sig-storage] In-tree Volumes [Driver: windows-gcepd] [Testpattern: Dynamic PV (default fs)] volumes should store data" classname="Kubernetes e2e suite" time="0">
          <skipped></skipped>
      </testcase>
      <testcase name="[sig-network] Ingress API should support creating Ingress API operations [Conformance]" classname="Kubernetes e2e suite" time="0.758813291"></testcase>
      <testcase name="[sig-storage] In-tree Volumes [Driver: aws] [Testpattern: Pre-provisioned PV (default fs)] subPath should support existing directories when readOnly specified in the volumeSource" classname="Kubernetes e2e suite" time="0">
          <skipped></skipped>
      </testcase>
      <testcase name="[sig-cli] Kubectl client Update Demo should create and stop a replication controller  [Conformance]" classname="Kubernetes e2e suite" time="27.213824619"></testcase>
      <testcase name="[sig-storage] In-tree Volumes [Driver: vsphere] [Testpattern: Dynamic PV (block volmode)] volumeMode should fail to use a volume in a pod with mismatched mode [Slow]" classname="Kubernetes e2e suite" time="0">
          <skipped></skipped>
      </testcase>
      <testcase name="[sig-storage] In-tree Volumes [Driver: vsphere] [Testpattern: Inline-volume (default fs)] subPath should fail if non-existent subpath is outside the volume [Slow][LinuxOnly]" classname="Kubernetes e2e suite" time="0">
          <skipped></skipped>
      </testcase>
      <testcase name="[sig-storage] In-tree Volumes [Driver: local][LocalVolumeType: dir] [Testpattern: Dynamic PV (default fs)] subPath should support creating multiple subpath from same volumes [Slow]" classname="Kubernetes e2e suite" time="0">
          <skipped></skipped>
      </testcase>
      <testcase name="[sig-storage] In-tree Volumes [Driver: aws] [Testpattern: Dynamic PV (block volmode)] provisioning should provision storage with snapshot data source [Feature:VolumeSnapshotDataSource]" classname="Kubernetes e2e suite" time="0">
          <skipped></skipped>
      </testcase>
      <testcase name="[sig-storage] In-tree Volumes [Driver: emptydir] [Testpattern: Dynamic PV (ext4)] volumes should store data" classname="Kubernetes e2e suite" time="0">
          <skipped></skipped>
      </testcase>
      <testcase name="[sig-node] Downward API [Serial] [Disruptive] [NodeFeature:DownwardAPIHugePages] Downward API tests for hugepages should provide container&#39;s limits.hugepages-&lt;pagesize&gt; and requests.hugepages-&lt;pagesize&gt; as env vars" classname="Kubernetes e2e suite" time="0">
          <skipped></skipped>
      </testcase>
      <testcase name="[sig-storage] In-tree Volumes [Driver: iscsi][Feature:Volumes] [Testpattern: Pre-provisioned PV (block volmode)] volumeMode should not mount / map unused volumes in a pod [LinuxOnly]" classname="Kubernetes e2e suite" time="0">
          <skipped></skipped>
      </testcase>
      <testcase name="[sig-storage] In-tree Volumes [Driver: vsphere] [Testpattern: Dynamic PV (ntfs)][Feature:Windows] subPath should support creating multiple subpath from same volumes [Slow]" classname="Kubernetes e2e suite" time="0">
          <skipped></skipped>
      </testcase>
      <testcase name="[sig-storage] In-tree Volumes [Driver: azure-disk] [Testpattern: Dynamic PV (filesystem volmode)] multiVolume [Slow] should access to two volumes with the same volume mode and retain data across pod recreation on different node" classname="Kubernetes e2e suite" time="0">
          <skipped></skipped>
      </testcase>
      <testcase name="[sig-storage] In-tree Volumes [Driver: cinder] [Testpattern: Inline-volume (default fs)] volumeIO should write files of various sizes, verify size, validate content [Slow][LinuxOnly]" classname="Kubernetes e2e suite" time="0">
          <skipped></skipped>
      </testcase>
      <testcase name="[sig-storage] In-tree Volumes [Driver: ceph][Feature:Volumes][Serial] [Testpattern: Dynamic PV (default fs)] capacity provides storage capacity information" classname="Kubernetes e2e suite" time="0">
          <skipped></skipped>
      </testcase>
      <testcase name="[sig-storage] In-tree Volumes [Driver: aws] [Testpattern: Dynamic PV (default fs)] provisioning should provision storage with pvc data source in parallel [Slow]" classname="Kubernetes e2e suite" time="0">
          <skipped></skipped>
      </testcase>
      <testcase name="[sig-storage] In-tree Volumes [Driver: cinder] [Testpattern: Pre-provisioned PV (block volmode)] volumeMode should fail to use a volume in a pod with mismatched mode [Slow]" classname="Kubernetes e2e suite" time="0">
          <skipped></skipped>
      </testcase>
      <testcase name="[sig-storage] In-tree Volumes [Driver: cinder] [Testpattern: Pre-provisioned PV (block volmode)] multiVolume [Slow] should concurrently access the single read-only volume from pods on the same node" classname="Kubernetes e2e suite" time="0">
          <skipped></skipped>
      </testcase>
      <testcase name="[sig-storage] In-tree Volumes [Driver: rbd][Feature:Volumes][Serial] [Testpattern: Dynamic PV (ntfs)][Feature:Windows] subPath should support file as subpath [LinuxOnly]" classname="Kubernetes e2e suite" time="0">
          <skipped></skipped>
      </testcase>
      <testcase name="[sig-storage] Projected configMap optional updates should be reflected in volume [NodeConformance] [Conformance]" classname="Kubernetes e2e suite" time="21.057381619"></testcase>
      <testcase name="[sig-storage] In-tree Volumes [Driver: local][LocalVolumeType: dir-link] [Testpattern: Pre-provisioned PV (filesystem volmode)] multiVolume [Slow] should concurrently access the single volume from pods on different node" classname="Kubernetes e2e suite" time="0">
          <skipped></skipped>
      </testcase>
      <testcase name="[sig-storage] Projected secret should be consumable from pods in volume as non-root with defaultMode and fsGroup set [LinuxOnly] [NodeConformance] [Conformance]" classname="Kubernetes e2e suite" time="14.468759608"></testcase>
      <testcase name="[sig-storage] In-tree Volumes [Driver: local][LocalVolumeType: dir] [Testpattern: Dynamic PV (ntfs)][Feature:Windows] subPath should unmount if pod is force deleted while kubelet is down [Disruptive][Slow][LinuxOnly]" classname="Kubernetes e2e suite" time="0">
          <skipped></skipped>
      </testcase>
      <testcase name="[sig-storage] In-tree Volumes [Driver: hostPathSymlink] [Testpattern: Dynamic PV (ntfs)][Feature:Windows] subPath should support existing single file [LinuxOnly]" classname="Kubernetes e2e suite" time="0">
          <skipped></skipped>
      </testcase>
      <testcase name="[sig-storage] In-tree Volumes [Driver: hostPath] [Testpattern: Dynamic PV (ntfs)][Feature:Windows] subPath should verify container cannot write to subpath readonly volumes [Slow]" classname="Kubernetes e2e suite" time="0">
          <skipped></skipped>
      </testcase>
      <testcase name="[sig-storage] In-tree Volumes [Driver: local][LocalVolumeType: dir] [Testpattern: Dynamic PV (block volmode)] provisioning should provision storage with pvc data source" classname="Kubernetes e2e suite" time="0">
          <skipped></skipped>
      </testcase>
      <testcase name="[sig-storage] In-tree Volumes [Driver: local][LocalVolumeType: dir-link-bindmounted] [Testpattern: Dynamic PV (ntfs)][Feature:Windows] subPath should support readOnly file specified in the volumeMount [LinuxOnly]" classname="Kubernetes e2e suite" time="0">
          <skipped></skipped>
      </testcase>
      <testcase name="[sig-network] Networking Granular Checks: Pods should function for intra-pod communication: sctp [LinuxOnly][Feature:SCTPConnectivity][Disruptive]" classname="Kubernetes e2e suite" time="0">
          <skipped></skipped>
      </testcase>
      <testcase name="[sig-storage] In-tree Volumes [Driver: azure-disk] [Testpattern: Dynamic PV (block volmode)] provisioning should provision storage with mount options" classname="Kubernetes e2e suite" time="0">
          <skipped></skipped>
      </testcase>
      <testcase name="[sig-storage] In-tree Volumes [Driver: gcepd] [Testpattern: Dynamic PV (immediate binding)] topology should provision a volume and schedule a pod with AllowedTopologies" classname="Kubernetes e2e suite" time="0">
          <skipped></skipped>
      </testcase>
      <testcase name="[sig-storage] In-tree Volumes [Driver: aws] [Testpattern: Dynamic PV (ext3)] volumes should store data" classname="Kubernetes e2e suite" time="0">
          <skipped></skipped>
      </testcase>
      <testcase name="[sig-storage] In-tree Volumes [Driver: local][LocalVolumeType: block] [Testpattern: Dynamic PV (default fs)] provisioning should provision storage with mount options" classname="Kubernetes e2e suite" time="0">
          <skipped></skipped>
      </testcase>
      <testcase name="[sig-storage] In-tree Volumes [Driver: vsphere] [Testpattern: Dynamic PV (ext4)] multiVolume [Slow] should concurrently access the single volume from pods on the same node" classname="Kubernetes e2e suite" time="0">
          <skipped></skipped>
      </testcase>
      <testcase name="[sig-storage] In-tree Volumes [Driver: local][LocalVolumeType: gce-localssd-scsi-fs] [Serial] [Testpattern: Dynamic PV (block volmode)] multiVolume [Slow] should concurrently access the single volume from pods on different node" classname="Kubernetes e2e suite" time="0">
          <skipped></skipped>
      </testcase>
      <testcase name="[sig-storage] CSI Volumes [Driver: csi-hostpath] [Testpattern: Inline-volume (default fs)] volumes should store data" classname="Kubernetes e2e suite" time="0">
          <skipped></skipped>
      </testcase>
      <testcase name="[sig-storage] In-tree Volumes [Driver: local][LocalVolumeType: dir-link] [Testpattern: Dynamic PV (ext4)] multiVolume [Slow] should concurrently access the volume and its clone from pods on the same node [LinuxOnly][Feature:VolumeSnapshotDataSource][Feature:VolumeSourceXFS]" classname="Kubernetes e2e suite" time="0">
          <skipped></skipped>
      </testcase>
      <testcase name="[sig-storage] In-tree Volumes [Driver: ceph][Feature:Volumes][Serial] [Testpattern: Dynamic PV (block volmode)] volume-expand should not allow expansion of pvcs without AllowVolumeExpansion property" classname="Kubernetes e2e suite" time="0">
          <skipped></skipped>
      </testcase>
      <testcase name="[sig-storage] In-tree Volumes [Driver: iscsi][Feature:Volumes] [Testpattern: Pre-provisioned PV (default fs)] subPath should support restarting containers using file as subpath [Slow][LinuxOnly]" classname="Kubernetes e2e suite" time="0">
          <skipped></skipped>
      </testcase>
      <testcase name="[sig-storage] In-tree Volumes [Driver: hostPathSymlink] [Testpattern: Pre-provisioned PV (block volmode)] multiVolume [Slow] should concurrently access the single read-only volume from pods on the same node" classname="Kubernetes e2e suite" time="0">
          <skipped></skipped>
      </testcase>
      <testcase name="[sig-storage] CSI Volumes [Driver: csi-hostpath] [Testpattern: Dynamic PV (xfs)][Slow] multiVolume [Slow] should access to two volumes with different volume mode and retain data across pod recreation on different node" classname="Kubernetes e2e suite" time="0">
          <skipped></skipped>
      </testcase>
      <testcase name="[sig-storage] In-tree Volumes [Driver: local][LocalVolumeType: block] [Testpattern: Dynamic PV (default fs)] subPath should support creating multiple subpath from same volumes [Slow]" classname="Kubernetes e2e suite" time="0">
          <skipped></skipped>
      </testcase>
      <testcase name="[sig-storage] In-tree Volumes [Driver: rbd][Feature:Volumes][Serial] [Testpattern: Dynamic PV (default fs)(allowExpansion)] volume-expand should resize volume when PVC is edited while pod is using it" classname="Kubernetes e2e suite" time="0">
          <skipped></skipped>
      </testcase>
      <testcase name="[sig-storage] In-tree Volumes [Driver: local][LocalVolumeType: dir-link-bindmounted] [Testpattern: Dynamic PV (ntfs)][Feature:Windows] subPath should support existing directories when readOnly specified in the volumeSource" classname="Kubernetes e2e suite" time="0">
          <skipped></skipped>
      </testcase>
      <testcase name="[sig-network] [Feature:IPv6DualStack] Granular Checks: Services Secondary IP Family [LinuxOnly] should be able to handle large requests: http" classname="Kubernetes e2e suite" time="0">
          <skipped></skipped>
      </testcase>
      <testcase name="[sig-storage] In-tree Volumes [Driver: nfs] [Testpattern: Dynamic PV (default fs)] volumeIO should write files of various sizes, verify size, validate content [Slow][LinuxOnly]" classname="Kubernetes e2e suite" time="0">
          <skipped></skipped>
      </testcase>
      <testcase name="[sig-storage] In-tree Volumes [Driver: local][LocalVolumeType: dir-link] [Testpattern: Inline-volume (default fs)] subPath should be able to unmount after the subpath directory is deleted [LinuxOnly]" classname="Kubernetes e2e suite" time="0">
          <skipped></skipped>
      </testcase>
      <testcase name="[sig-storage] In-tree Volumes [Driver: windows-gcepd] [Testpattern: Dynamic PV (block volmode)] volumeMode should fail in binding dynamic provisioned PV to PVC [Slow][LinuxOnly]" classname="Kubernetes e2e suite" time="0">
          <skipped></skipped>
      </testcase>
      <testcase name="[sig-storage] CSI Volumes [Driver: csi-hostpath] [Testpattern: Pre-provisioned PV (filesystem volmode)] multiVolume [Slow] should access to two volumes with different volume mode and retain data across pod recreation on the same node" classname="Kubernetes e2e suite" time="0">
          <skipped></skipped>
      </testcase>
      <testcase name="[sig-node] [Feature:Example] Secret should create a pod that reads a secret" classname="Kubernetes e2e suite" time="0">
          <skipped></skipped>
      </testcase>
      <testcase name="[sig-storage] In-tree Volumes [Driver: local][LocalVolumeType: dir-link] [Testpattern: Pre-provisioned PV (filesystem volmode)] volumeMode should fail to use a volume in a pod with mismatched mode [Slow]" classname="Kubernetes e2e suite" time="0">
          <skipped></skipped>
      </testcase>
      <testcase name="[sig-storage] In-tree Volumes [Driver: aws] [Testpattern: Dynamic PV (ntfs)][Feature:Windows] subPath should support existing directories when readOnly specified in the volumeSource" classname="Kubernetes e2e suite" time="0">
          <skipped></skipped>
      </testcase>
      <testcase name="[sig-storage] In-tree Volumes [Driver: vsphere] [Testpattern: Pre-provisioned PV (filesystem volmode)] multiVolume [Slow] should concurrently access the single volume from pods on different node" classname="Kubernetes e2e suite" time="0">
          <skipped></skipped>
      </testcase>
      <testcase name="[sig-storage] In-tree Volumes [Driver: local][LocalVolumeType: dir] [Testpattern: Dynamic PV (default fs)] fsgroupchangepolicy (Always)[LinuxOnly], pod created with an initial fsgroup, new pod fsgroup applied to volume contents" classname="Kubernetes e2e suite" time="0">
          <skipped></skipped>
      </testcase>
      <testcase name="[sig-storage] In-tree Volumes [Driver: aws] [Testpattern: Inline-volume (default fs)] subPath should support existing single file [LinuxOnly]" classname="Kubernetes e2e suite" time="0">
          <skipped></skipped>
      </testcase>
      <testcase name="[sig-storage] In-tree Volumes [Driver: local][LocalVolumeType: dir-bindmounted] [Testpattern: Dynamic PV (default fs)] subPath should support readOnly directory specified in the volumeMount" classname="Kubernetes e2e suite" time="0">
          <skipped></skipped>
      </testcase>
      <testcase name="[sig-storage] In-tree Volumes [Driver: gluster] [Testpattern: Dynamic PV (block volmode)] volumes should store data" classname="Kubernetes e2e suite" time="0">
          <skipped></skipped>
      </testcase>
      <testcase name="[sig-storage] In-tree Volumes [Driver: local][LocalVolumeType: gce-localssd-scsi-fs] [Serial] [Testpattern: Pre-provisioned PV (default fs)] subPath should be able to unmount after the subpath directory is deleted [LinuxOnly]" classname="Kubernetes e2e suite" time="0">
          <skipped></skipped>
      </testcase>
      <testcase name="[sig-storage] In-tree Volumes [Driver: local][LocalVolumeType: dir-bindmounted] [Testpattern: Dynamic PV (xfs)][Slow] multiVolume [Slow] should concurrently access the single volume from pods on the same node" classname="Kubernetes e2e suite" time="0">
          <skipped></skipped>
      </testcase>
      <testcase name="[sig-storage] In-tree Volumes [Driver: local][LocalVolumeType: dir-link-bindmounted] [Testpattern: Dynamic PV (ext4)] multiVolume [Slow] should concurrently access the volume and its clone from pods on the same node [LinuxOnly][Feature:VolumeSnapshotDataSource][Feature:VolumeSourceXFS]" classname="Kubernetes e2e suite" time="0">
          <skipped></skipped>
      </testcase>
      <testcase name="[sig-storage] CSI Volumes [Driver: pd.csi.storage.gke.io][Serial] [Testpattern: Dynamic PV (xfs)][Slow] multiVolume [Slow] should access to two volumes with the same volume mode and retain data across pod recreation on different node" classname="Kubernetes e2e suite" time="0">
          <skipped></skipped>
      </testcase>
      <testcase name="[sig-storage] In-tree Volumes [Driver: windows-gcepd] [Testpattern: Dynamic PV (xfs)][Slow] multiVolume [Slow] should access to two volumes with the same volume mode and retain data across pod recreation on different node" classname="Kubernetes e2e suite" time="0">
          <skipped></skipped>
      </testcase>
      <testcase name="[sig-storage] In-tree Volumes [Driver: local][LocalVolumeType: block] [Testpattern: Pre-provisioned PV (filesystem volmode)] multiVolume [Slow] should concurrently access the single volume from pods on the same node" classname="Kubernetes e2e suite" time="0">
          <skipped></skipped>
      </testcase>
      <testcase name="[sig-storage] In-tree Volumes [Driver: cinder] [Testpattern: Pre-provisioned PV (block volmode)] multiVolume [Slow] should concurrently access the single volume from pods on different node" classname="Kubernetes e2e suite" time="0">
          <skipped></skipped>
      </testcase>
      <testcase name="[sig-storage] In-tree Volumes [Driver: hostPath] [Testpattern: Inline-volume (default fs)] subPath should support existing directories when readOnly specified in the volumeSource" classname="Kubernetes e2e suite" time="0">
          <skipped></skipped>
      </testcase>
      <testcase name="[sig-storage] In-tree Volumes [Driver: vsphere] [Testpattern: Dynamic PV (default fs)] provisioning should provision storage with mount options" classname="Kubernetes e2e suite" time="0">
          <skipped></skipped>
      </testcase>
      <testcase name="[sig-autoscaling] Cluster size autoscaling [Slow] should increase cluster size if pod requesting volume is pending [Feature:ClusterSizeAutoscalingScaleUp]" classname="Kubernetes e2e suite" time="0">
          <skipped></skipped>
      </testcase>
      <testcase name="[sig-storage] In-tree Volumes [Driver: iscsi][Feature:Volumes] [Testpattern: Pre-provisioned PV (filesystem volmode)] multiVolume [Slow] should concurrently access the single volume from pods on the same node" classname="Kubernetes e2e suite" time="0">
          <skipped></skipped>
      </testcase>
      <testcase name="[sig-storage] In-tree Volumes [Driver: local][LocalVolumeType: dir-bindmounted] [Testpattern: Pre-provisioned PV (default fs)] subPath should fail if subpath directory is outside the volume [Slow][LinuxOnly]" classname="Kubernetes e2e suite" time="0">
          <skipped></skipped>
      </testcase>
      <testcase name="[sig-storage] vcp at scale [Feature:vsphere]  vsphere scale tests" classname="Kubernetes e2e suite" time="0">
          <skipped></skipped>
      </testcase>
      <testcase name="[sig-storage] CSI Volumes [Driver: pd.csi.storage.gke.io][Serial] [Testpattern: Dynamic PV (ntfs)][Feature:Windows] subPath should support existing single file [LinuxOnly]" classname="Kubernetes e2e suite" time="0">
          <skipped></skipped>
      </testcase>
      <testcase name="[sig-auth] PodSecurityPolicy [Feature:PodSecurityPolicy] should forbid pod creation when no PSP is available" classname="Kubernetes e2e suite" time="0">
          <skipped></skipped>
      </testcase>
      <testcase name="[sig-storage] In-tree Volumes [Driver: azure-disk] [Testpattern: Dynamic PV (xfs)][Slow] multiVolume [Slow] should access to two volumes with different volume mode and retain data across pod recreation on the same node" classname="Kubernetes e2e suite" time="0">
          <skipped></skipped>
      </testcase>
      <testcase name="[sig-storage] In-tree Volumes [Driver: cinder] [Testpattern: Dynamic PV (block volmode)] volume-expand should not allow expansion of pvcs without AllowVolumeExpansion property" classname="Kubernetes e2e suite" time="0">
          <skipped></skipped>
      </testcase>
      <testcase name="[sig-storage] In-tree Volumes [Driver: local][LocalVolumeType: gce-localssd-scsi-fs] [Serial] [Testpattern: Dynamic PV (filesystem volmode)] multiVolume [Slow] should access to two volumes with the same volume mode and retain data across pod recreation on the same node" classname="Kubernetes e2e suite" time="0">
          <skipped></skipped>
      </testcase>
      <testcase name="[sig-storage] In-tree Volumes [Driver: local][LocalVolumeType: dir-link] [Testpattern: Dynamic PV (ntfs)][Feature:Windows] provisioning should provision storage with pvc data source in parallel [Slow]" classname="Kubernetes e2e suite" time="0">
          <skipped></skipped>
      </testcase>
      <testcase name="[sig-cli] Kubectl client Kubectl cluster-info dump should check if cluster-info dump succeeds" classname="Kubernetes e2e suite" time="0">
          <skipped></skipped>
      </testcase>
      <testcase name="[sig-storage] CSI Volumes [Driver: pd.csi.storage.gke.io][Serial] [Testpattern: Dynamic PV (ntfs)][Feature:Windows] volume-expand should not allow expansion of pvcs without AllowVolumeExpansion property" classname="Kubernetes e2e suite" time="0">
          <skipped></skipped>
      </testcase>
      <testcase name="[sig-storage] In-tree Volumes [Driver: emptydir] [Testpattern: Pre-provisioned PV (ext3)] volumes should allow exec of files on the volume" classname="Kubernetes e2e suite" time="0">
          <skipped></skipped>
      </testcase>
      <testcase name="[sig-instrumentation] MetricsGrabber should grab all metrics from API server." classname="Kubernetes e2e suite" time="0">
          <skipped></skipped>
      </testcase>
      <testcase name="[sig-storage] In-tree Volumes [Driver: nfs] [Testpattern: Dynamic PV (ntfs)][Feature:Windows] volumes should allow exec of files on the volume" classname="Kubernetes e2e suite" time="0">
          <skipped></skipped>
      </testcase>
      <testcase name="[sig-storage] In-tree Volumes [Driver: azure-disk] [Testpattern: Dynamic PV (ntfs)][Feature:Windows] subPath should support readOnly file specified in the volumeMount [LinuxOnly]" classname="Kubernetes e2e suite" time="0">
          <skipped></skipped>
      </testcase>
      <testcase name="[sig-storage] In-tree Volumes [Driver: iscsi][Feature:Volumes] [Testpattern: Pre-provisioned PV (default fs)] subPath should support existing single file [LinuxOnly]" classname="Kubernetes e2e suite" time="0">
          <skipped></skipped>
      </testcase>
      <testcase name="[sig-storage] PersistentVolumes GCEPD should test that deleting a PVC before the pod does not cause pod deletion to fail on PD detach" classname="Kubernetes e2e suite" time="0">
          <skipped></skipped>
      </testcase>
      <testcase name="[sig-storage] In-tree Volumes [Driver: local][LocalVolumeType: blockfs] [Testpattern: Pre-provisioned PV (default fs)] subPath should support existing directory" classname="Kubernetes e2e suite" time="0">
          <skipped></skipped>
      </testcase>
      <testcase name="[sig-storage] In-tree Volumes [Driver: local][LocalVolumeType: blockfs] [Testpattern: Dynamic PV (block volmode)] multiVolume [Slow] should concurrently access the volume and its clone from pods on the same node [LinuxOnly][Feature:VolumeSnapshotDataSource][Feature:VolumeSourceXFS]" classname="Kubernetes e2e suite" time="0">
          <skipped></skipped>
      </testcase>
      <testcase name="[sig-storage] In-tree Volumes [Driver: hostPath] [Testpattern: Pre-provisioned PV (filesystem volmode)] multiVolume [Slow] should access to two volumes with the same volume mode and retain data across pod recreation on the same node" classname="Kubernetes e2e suite" time="0">
          <skipped></skipped>
      </testcase>
      <testcase name="[sig-storage] In-tree Volumes [Driver: local][LocalVolumeType: gce-localssd-scsi-fs] [Serial] [Testpattern: Dynamic PV (ntfs)][Feature:Windows] subPath should support restarting containers using directory as subpath [Slow]" classname="Kubernetes e2e suite" time="0">
          <skipped></skipped>
      </testcase>
      <testcase name="[sig-storage] In-tree Volumes [Driver: local][LocalVolumeType: gce-localssd-scsi-fs] [Serial] [Testpattern: Pre-provisioned PV (block volmode)] multiVolume [Slow] should concurrently access the volume and its clone from pods on the same node [LinuxOnly][Feature:VolumeSnapshotDataSource][Feature:VolumeSourceXFS]" classname="Kubernetes e2e suite" time="0">
          <skipped></skipped>
      </testcase>
      <testcase name="[sig-storage] In-tree Volumes [Driver: nfs] [Testpattern: Dynamic PV (block volmode)] provisioning should provision storage with pvc data source in parallel [Slow]" classname="Kubernetes e2e suite" time="0">
          <skipped></skipped>
      </testcase>
      <testcase name="[sig-storage] In-tree Volumes [Driver: rbd][Feature:Volumes][Serial] [Testpattern: Pre-provisioned PV (filesystem volmode)] multiVolume [Slow] should concurrently access the single volume from pods on the same node" classname="Kubernetes e2e suite" time="0">
          <skipped></skipped>
      </testcase>
      <testcase name="[sig-storage] In-tree Volumes [Driver: local][LocalVolumeType: dir] [Testpattern: Dynamic PV (immediate binding)] topology should provision a volume and schedule a pod with AllowedTopologies" classname="Kubernetes e2e suite" time="0">
          <skipped></skipped>
      </testcase>
      <testcase name="[sig-storage] ConfigMap should be consumable from pods in volume as non-root [NodeConformance] [Conformance]" classname="Kubernetes e2e suite" time="8.425687889"></testcase>
      <testcase name="[sig-storage] In-tree Volumes [Driver: rbd][Feature:Volumes][Serial] [Testpattern: Pre-provisioned PV (filesystem volmode)] multiVolume [Slow] should concurrently access the volume and restored snapshot from pods on the same node [LinuxOnly][Feature:VolumeSnapshotDataSource][Feature:VolumeSourceXFS]" classname="Kubernetes e2e suite" time="0">
          <skipped></skipped>
      </testcase>
      <testcase name="[sig-storage] In-tree Volumes [Driver: local][LocalVolumeType: dir-bindmounted] [Testpattern: Dynamic PV (ntfs)][Feature:Windows] subPath should fail if non-existent subpath is outside the volume [Slow][LinuxOnly]" classname="Kubernetes e2e suite" time="0">
          <skipped></skipped>
      </testcase>
      <testcase name="[sig-storage] In-tree Volumes [Driver: gluster] [Testpattern: Pre-provisioned PV (ext4)] volumes should store data" classname="Kubernetes e2e suite" time="0">
          <skipped></skipped>
      </testcase>
      <testcase name="[sig-storage] In-tree Volumes [Driver: local][LocalVolumeType: dir-link] [Testpattern: Dynamic PV (xfs)][Slow] volumes should allow exec of files on the volume" classname="Kubernetes e2e suite" time="0">
          <skipped></skipped>
      </testcase>
      <testcase name="[sig-storage] In-tree Volumes [Driver: local][LocalVolumeType: gce-localssd-scsi-fs] [Serial] [Testpattern: Dynamic PV (ext3)] volumes should allow exec of files on the volume" classname="Kubernetes e2e suite" time="0">
          <skipped></skipped>
      </testcase>
      <testcase name="[sig-storage] In-tree Volumes [Driver: windows-gcepd] [Testpattern: Dynamic PV (ntfs)][Feature:Windows] subPath should fail if subpath with backstepping is outside the volume [Slow][LinuxOnly]" classname="Kubernetes e2e suite" time="0">
          <skipped></skipped>
      </testcase>
      <testcase name="[sig-storage] In-tree Volumes [Driver: nfs] [Testpattern: Dynamic PV (xfs)][Slow] multiVolume [Slow] should access to two volumes with the same volume mode and retain data across pod recreation on the same node" classname="Kubernetes e2e suite" time="0">
          <skipped></skipped>
      </testcase>
      <testcase name="[sig-network] DNS should provide DNS for the cluster [Provider:GCE]" classname="Kubernetes e2e suite" time="0">
          <skipped></skipped>
      </testcase>
      <testcase name="[sig-storage] In-tree Volumes [Driver: gcepd] [Testpattern: Dynamic PV (ntfs)][Feature:Windows] provisioning should provision storage with pvc data source" classname="Kubernetes e2e suite" time="0">
          <skipped></skipped>
      </testcase>
      <testcase name="[sig-storage] In-tree Volumes [Driver: gluster] [Testpattern: Dynamic PV (block volmode)] multiVolume [Slow] should access to two volumes with the same volume mode and retain data across pod recreation on different node" classname="Kubernetes e2e suite" time="0">
          <skipped></skipped>
      </testcase>
      <testcase name="[sig-storage] In-tree Volumes [Driver: rbd][Feature:Volumes][Serial] [Testpattern: Dynamic PV (ntfs)][Feature:Windows] subPath should fail if subpath directory is outside the volume [Slow][LinuxOnly]" classname="Kubernetes e2e suite" time="0">
          <skipped></skipped>
      </testcase>
      <testcase name="[sig-storage] In-tree Volumes [Driver: ceph][Feature:Volumes][Serial] [Testpattern: Pre-provisioned PV (default fs)] volumeIO should write files of various sizes, verify size, validate content [Slow][LinuxOnly]" classname="Kubernetes e2e suite" time="0">
          <skipped></skipped>
      </testcase>
      <testcase name="[sig-storage] Zone Support [Feature:vsphere] Verify dynamically created pv with multiple zones specified in the storage class, shows both the zones on its labels" classname="Kubernetes e2e suite" time="0">
          <skipped></skipped>
      </testcase>
      <testcase name="[sig-storage] In-tree Volumes [Driver: local][LocalVolumeType: block] [Testpattern: Dynamic PV (ext3)] volumes should allow exec of files on the volume" classname="Kubernetes e2e suite" time="0">
          <skipped></skipped>
      </testcase>
      <testcase name="[sig-storage] In-tree Volumes [Driver: gluster] [Testpattern: Dynamic PV (xfs)][Slow] volumes should store data" classname="Kubernetes e2e suite" time="0">
          <skipped></skipped>
      </testcase>
      <testcase name="[sig-storage] In-tree Volumes [Driver: emptydir] [Testpattern: Pre-provisioned PV (default fs)] volumes should allow exec of files on the volume" classname="Kubernetes e2e suite" time="0">
          <skipped></skipped>
      </testcase>
      <testcase name="[sig-storage] CSI Volumes [Driver: csi-hostpath] [Testpattern: Inline-volume (default fs)] subPath should fail if subpath with backstepping is outside the volume [Slow][LinuxOnly]" classname="Kubernetes e2e suite" time="0">
          <skipped></skipped>
      </testcase>
      <testcase name="[sig-storage] In-tree Volumes [Driver: ceph][Feature:Volumes][Serial] [Testpattern: Dynamic PV (ntfs)][Feature:Windows] subPath should unmount if pod is gracefully deleted while kubelet is down [Disruptive][Slow][LinuxOnly]" classname="Kubernetes e2e suite" time="0">
          <skipped></skipped>
      </testcase>
      <testcase name="[sig-storage] In-tree Volumes [Driver: local][LocalVolumeType: dir-link-bindmounted] [Testpattern: Pre-provisioned PV (ext4)] volumes should allow exec of files on the volume" classname="Kubernetes e2e suite" time="0">
          <skipped></skipped>
      </testcase>
      <testcase name="[sig-storage] CSI Volumes [Driver: pd.csi.storage.gke.io][Serial] [Testpattern: Dynamic PV (default fs)(allowExpansion)] volume-expand Verify if offline PVC expansion works" classname="Kubernetes e2e suite" time="0">
          <skipped></skipped>
      </testcase>
      <testcase name="[sig-apps] StatefulSet Basic StatefulSet functionality [StatefulSetBasic] should provide basic identity" classname="Kubernetes e2e suite" time="0">
          <skipped></skipped>
      </testcase>
      <testcase name="[sig-storage] In-tree Volumes [Driver: iscsi][Feature:Volumes] [Testpattern: Inline-volume (default fs)] subPath should be able to unmount after the subpath directory is deleted [LinuxOnly]" classname="Kubernetes e2e suite" time="0">
          <skipped></skipped>
      </testcase>
      <testcase name="[sig-storage] In-tree Volumes [Driver: gluster] [Testpattern: Dynamic PV (ntfs)][Feature:Windows] provisioning should provision storage with pvc data source in parallel [Slow]" classname="Kubernetes e2e suite" time="0">
          <skipped></skipped>
      </testcase>
      <testcase name="[sig-storage] In-tree Volumes [Driver: emptydir] [Testpattern: Inline-volume (ntfs)][Feature:Windows] volumes should allow exec of files on the volume" classname="Kubernetes e2e suite" time="0">
          <skipped></skipped>
      </testcase>
      <testcase name="[sig-storage] In-tree Volumes [Driver: azure-disk] [Testpattern: Dynamic PV (default fs)] subPath should support creating multiple subpath from same volumes [Slow]" classname="Kubernetes e2e suite" time="0">
          <skipped></skipped>
      </testcase>
      <testcase name="[sig-storage] In-tree Volumes [Driver: local][LocalVolumeType: blockfs] [Testpattern: Pre-provisioned PV (default fs)] subPath should support creating multiple subpath from same volumes [Slow]" classname="Kubernetes e2e suite" time="0">
          <skipped></skipped>
      </testcase>
      <testcase name="[sig-storage] In-tree Volumes [Driver: gcepd] [Testpattern: Pre-provisioned PV (default fs)] subPath should support existing directory" classname="Kubernetes e2e suite" time="0">
          <skipped></skipped>
      </testcase>
      <testcase name="[sig-storage] In-tree Volumes [Driver: rbd][Feature:Volumes][Serial] [Testpattern: Inline-volume (xfs)][Slow] volumes should allow exec of files on the volume" classname="Kubernetes e2e suite" time="0">
          <skipped></skipped>
      </testcase>
      <testcase name="[sig-storage] In-tree Volumes [Driver: gcepd] [Testpattern: Dynamic PV (default fs)] subPath should fail if subpath file is outside the volume [Slow][LinuxOnly]" classname="Kubernetes e2e suite" time="0">
          <skipped></skipped>
      </testcase>
      <testcase name="[sig-storage] In-tree Volumes [Driver: gluster] [Testpattern: Inline-volume (default fs)] volumeIO should write files of various sizes, verify size, validate content [Slow][LinuxOnly]" classname="Kubernetes e2e suite" time="0">
          <skipped></skipped>
      </testcase>
      <testcase name="[sig-storage] In-tree Volumes [Driver: local][LocalVolumeType: dir-bindmounted] [Testpattern: Inline-volume (default fs)] subPath should support creating multiple subpath from same volumes [Slow]" classname="Kubernetes e2e suite" time="0">
          <skipped></skipped>
      </testcase>
      <testcase name="[sig-storage] In-tree Volumes [Driver: local][LocalVolumeType: tmpfs] [Testpattern: Inline-volume (default fs)] subPath should fail if subpath file is outside the volume [Slow][LinuxOnly]" classname="Kubernetes e2e suite" time="0">
          <skipped></skipped>
      </testcase>
      <testcase name="[sig-storage] CSI mock volume CSIStorageCapacity CSIStorageCapacity used, have capacity" classname="Kubernetes e2e suite" time="0">
          <skipped></skipped>
      </testcase>
      <testcase name="[sig-storage] In-tree Volumes [Driver: cinder] [Testpattern: Pre-provisioned PV (block volmode)] multiVolume [Slow] should access to two volumes with the same volume mode and retain data across pod recreation on different node" classname="Kubernetes e2e suite" time="0">
          <skipped></skipped>
      </testcase>
      <testcase name="[sig-node] Pods should run through the lifecycle of Pods and PodStatus [Conformance]" classname="Kubernetes e2e suite" time="68.343544498"></testcase>
      <testcase name="[sig-api-machinery] Garbage collector should not delete dependents that have both valid owner and owner that&#39;s waiting for dependents to be deleted [Conformance]" classname="Kubernetes e2e suite" time="11.359516514"></testcase>
      <testcase name="[sig-node] Lease lease API should be available [Conformance]" classname="Kubernetes e2e suite" time="0.456430452"></testcase>
      <testcase name="[sig-storage] CSI Volumes [Driver: pd.csi.storage.gke.io][Serial] [Testpattern: Dynamic PV (filesystem volmode)] multiVolume [Slow] should access to two volumes with different volume mode and retain data across pod recreation on different node" classname="Kubernetes e2e suite" time="0">
          <skipped></skipped>
      </testcase>
      <testcase name="[sig-storage] In-tree Volumes [Driver: vsphere] [Testpattern: Pre-provisioned PV (filesystem volmode)] multiVolume [Slow] should access to two volumes with the same volume mode and retain data across pod recreation on different node" classname="Kubernetes e2e suite" time="0">
          <skipped></skipped>
      </testcase>
      <testcase name="[sig-storage] In-tree Volumes [Driver: hostPath] [Testpattern: Pre-provisioned PV (default fs)] subPath should support creating multiple subpath from same volumes [Slow]" classname="Kubernetes e2e suite" time="0">
          <skipped></skipped>
      </testcase>
      <testcase name="[sig-storage] In-tree Volumes [Driver: local][LocalVolumeType: tmpfs] [Testpattern: Dynamic PV (filesystem volmode)] multiVolume [Slow] should access to two volumes with different volume mode and retain data across pod recreation on the same node" classname="Kubernetes e2e suite" time="0">
          <skipped></skipped>
      </testcase>
      <testcase name="[sig-storage] In-tree Volumes [Driver: azure-disk] [Testpattern: Dynamic PV (ntfs)][Feature:Windows] subPath should fail if subpath file is outside the volume [Slow][LinuxOnly]" classname="Kubernetes e2e suite" time="0">
          <skipped></skipped>
      </testcase>
      <testcase name="[sig-storage] In-tree Volumes [Driver: gcepd] [Testpattern: Dynamic PV (filesystem volmode)] volumeLimits should support volume limits [Serial]" classname="Kubernetes e2e suite" time="0">
          <skipped></skipped>
      </testcase>
      <testcase name="[sig-storage] In-tree Volumes [Driver: iscsi][Feature:Volumes] [Testpattern: Dynamic PV (default fs)] fsgroupchangepolicy (OnRootMismatch)[LinuxOnly], pod created with an initial fsgroup, new pod fsgroup applied to volume contents" classname="Kubernetes e2e suite" time="0">
          <skipped></skipped>
      </testcase>
      <testcase name="[sig-storage] In-tree Volumes [Driver: hostPath] [Testpattern: Dynamic PV (xfs)][Slow] volumes should allow exec of files on the volume" classname="Kubernetes e2e suite" time="0">
          <skipped></skipped>
      </testcase>
      <testcase name="[sig-storage] In-tree Volumes [Driver: local][LocalVolumeType: dir-link] [Testpattern: Dynamic PV (default fs)] volumes should allow exec of files on the volume" classname="Kubernetes e2e suite" time="0">
          <skipped></skipped>
      </testcase>
      <testcase name="[sig-storage] In-tree Volumes [Driver: local][LocalVolumeType: dir-link] [Testpattern: Pre-provisioned PV (default fs)] subPath should support creating multiple subpath from same volumes [Slow]" classname="Kubernetes e2e suite" time="0">
          <skipped></skipped>
      </testcase>
      <testcase name="[sig-storage] In-tree Volumes [Driver: local][LocalVolumeType: block] [Testpattern: Pre-provisioned PV (default fs)] subPath should fail if subpath file is outside the volume [Slow][LinuxOnly]" classname="Kubernetes e2e suite" time="0">
          <skipped></skipped>
      </testcase>
      <testcase name="[sig-storage] In-tree Volumes [Driver: ceph][Feature:Volumes][Serial] [Testpattern: Dynamic PV (default fs)] subPath should support existing directory" classname="Kubernetes e2e suite" time="0">
          <skipped></skipped>
      </testcase>
      <testcase name="[sig-storage] CSI Volumes [Driver: csi-hostpath] [Testpattern: Inline-volume (default fs)] subPath should fail if non-existent subpath is outside the volume [Slow][LinuxOnly]" classname="Kubernetes e2e suite" time="0">
          <skipped></skipped>
      </testcase>
      <testcase name="[sig-storage] In-tree Volumes [Driver: cinder] [Testpattern: Pre-provisioned PV (ext4)] volumes should allow exec of files on the volume" classname="Kubernetes e2e suite" time="0">
          <skipped></skipped>
      </testcase>
      <testcase name="[sig-node] gpu Upgrade [Feature:GPUUpgrade] cluster downgrade should be able to run gpu pod after downgrade [Feature:GPUClusterDowngrade]" classname="Kubernetes e2e suite" time="0">
          <skipped></skipped>
      </testcase>
      <testcase name="[sig-storage] In-tree Volumes [Driver: hostPath] [Testpattern: Dynamic PV (default fs)] subPath should support restarting containers using file as subpath [Slow][LinuxOnly]" classname="Kubernetes e2e suite" time="0">
          <skipped></skipped>
      </testcase>
      <testcase name="[sig-storage] In-tree Volumes [Driver: local][LocalVolumeType: dir-link] [Testpattern: Dynamic PV (default fs)] subPath should support existing single file [LinuxOnly]" classname="Kubernetes e2e suite" time="0">
          <skipped></skipped>
      </testcase>
      <testcase name="[sig-storage] In-tree Volumes [Driver: gcepd] [Testpattern: Dynamic PV (block volmode)] multiVolume [Slow] should concurrently access the volume and its clone from pods on the same node [LinuxOnly][Feature:VolumeSnapshotDataSource][Feature:VolumeSourceXFS]" classname="Kubernetes e2e suite" time="0">
          <skipped></skipped>
      </testcase>
      <testcase name="[sig-storage] In-tree Volumes [Driver: windows-gcepd] [Testpattern: Dynamic PV (block volmode)] disruptive[Disruptive][LinuxOnly] Should test that pv used in a pod that is deleted while the kubelet is down cleans up when the kubelet returns." classname="Kubernetes e2e suite" time="0">
          <skipped></skipped>
      </testcase>
      <testcase name="[sig-storage] In-tree Volumes [Driver: local][LocalVolumeType: dir-link] [Testpattern: Pre-provisioned PV (filesystem volmode)] multiVolume [Slow] should access to two volumes with different volume mode and retain data across pod recreation on different node" classname="Kubernetes e2e suite" time="0">
          <skipped></skipped>
      </testcase>
      <testcase name="[sig-storage] In-tree Volumes [Driver: local][LocalVolumeType: blockfs] [Testpattern: Inline-volume (default fs)] subPath should fail if subpath file is outside the volume [Slow][LinuxOnly]" classname="Kubernetes e2e suite" time="0">
          <skipped></skipped>
      </testcase>
      <testcase name="[sig-storage] In-tree Volumes [Driver: local][LocalVolumeType: blockfs] [Testpattern: Dynamic PV (default fs)] provisioning should provision storage with mount options" classname="Kubernetes e2e suite" time="0">
          <skipped></skipped>
      </testcase>
      <testcase name="[sig-storage] In-tree Volumes [Driver: local][LocalVolumeType: tmpfs] [Testpattern: Dynamic PV (default fs)] volumeIO should write files of various sizes, verify size, validate content [Slow][LinuxOnly]" classname="Kubernetes e2e suite" time="0">
          <skipped></skipped>
      </testcase>
      <testcase name="[sig-storage] In-tree Volumes [Driver: hostPath] [Testpattern: Dynamic PV (ntfs)(allowExpansion)][Feature:Windows] volume-expand should resize volume when PVC is edited while pod is using it" classname="Kubernetes e2e suite" time="0">
          <skipped></skipped>
      </testcase>
      <testcase name="[sig-storage] [Feature:Flexvolumes] Detaching volumes should not work when mount is in progress [Slow]" classname="Kubernetes e2e suite" time="0">
          <skipped></skipped>
      </testcase>
      <testcase name="[sig-autoscaling] Cluster size autoscaler scalability [Slow] should scale up at all [Feature:ClusterAutoscalerScalability1]" classname="Kubernetes e2e suite" time="0">
          <skipped></skipped>
      </testcase>
      <testcase name="[sig-network] NetworkPolicyLegacy [LinuxOnly] NetworkPolicy between server and client should allow egress access to server in CIDR block [Feature:NetworkPolicy]" classname="Kubernetes e2e suite" time="0">
          <skipped></skipped>
      </testcase>
      <testcase name="[sig-storage] In-tree Volumes [Driver: local][LocalVolumeType: dir-link-bindmounted] [Testpattern: Dynamic PV (default fs)] fsgroupchangepolicy (Always)[LinuxOnly], pod created with an initial fsgroup, new pod fsgroup applied to volume contents" classname="Kubernetes e2e suite" time="0">
          <skipped></skipped>
      </testcase>
      <testcase name="[sig-storage] In-tree Volumes [Driver: aws] [Testpattern: Dynamic PV (default fs)] subPath should fail if non-existent subpath is outside the volume [Slow][LinuxOnly]" classname="Kubernetes e2e suite" time="0">
          <skipped></skipped>
      </testcase>
      <testcase name="[sig-storage] In-tree Volumes [Driver: hostPathSymlink] [Testpattern: Dynamic PV (immediate binding)] topology should fail to schedule a pod which has topologies that conflict with AllowedTopologies" classname="Kubernetes e2e suite" time="0">
          <skipped></skipped>
      </testcase>
      <testcase name="[sig-storage] HostPathType Block Device [Slow] Should fail on mounting block device &#39;ablkdev&#39; when HostPathType is HostPathFile" classname="Kubernetes e2e suite" time="0">
          <skipped></skipped>
      </testcase>
      <testcase name="[sig-storage] CSI Volumes [Driver: pd.csi.storage.gke.io][Serial] [Testpattern: Dynamic PV (xfs)][Slow] multiVolume [Slow] should access to two volumes with different volume mode and retain data across pod recreation on different node" classname="Kubernetes e2e suite" time="0">
          <skipped></skipped>
      </testcase>
      <testcase name="[sig-storage] In-tree Volumes [Driver: local][LocalVolumeType: blockfs] [Testpattern: Pre-provisioned PV (default fs)] volumeIO should write files of various sizes, verify size, validate content [Slow][LinuxOnly]" classname="Kubernetes e2e suite" time="0">
          <skipped></skipped>
      </testcase>
      <testcase name="[sig-node] Variable Expansion should verify that a failing subpath expansion can be modified during the lifecycle of a container [Slow] [Conformance]" classname="Kubernetes e2e suite" time="159.366790584"></testcase>
      <testcase name="[sig-apps] ReplicaSet should surface a failure condition on a common issue like exceeded quota" classname="Kubernetes e2e suite" time="0">
          <skipped></skipped>
      </testcase>
      <testcase name="[sig-network] NetworkPolicyLegacy [LinuxOnly] NetworkPolicy between server and client should enforce egress policy allowing traffic to a server in a different namespace based on PodSelector and NamespaceSelector [Feature:NetworkPolicy]" classname="Kubernetes e2e suite" time="0">
          <skipped></skipped>
      </testcase>
      <testcase name="[sig-storage] CSI Volumes [Driver: csi-hostpath] [Testpattern: Pre-provisioned PV (default fs)] subPath should unmount if pod is gracefully deleted while kubelet is down [Disruptive][Slow][LinuxOnly]" classname="Kubernetes e2e suite" time="0">
          <skipped></skipped>
      </testcase>
      <testcase name="[sig-storage] PersistentVolumes-local  [Volume type: dir-bindmounted] Two pods mounting a local volume at the same time should be able to write from pod1 and read from pod2" classname="Kubernetes e2e suite" time="0">
          <skipped></skipped>
      </testcase>
      <testcase name="[sig-storage] In-tree Volumes [Driver: iscsi][Feature:Volumes] [Testpattern: Dynamic PV (ntfs)][Feature:Windows] subPath should fail if subpath file is outside the volume [Slow][LinuxOnly]" classname="Kubernetes e2e suite" time="0">
          <skipped></skipped>
      </testcase>
      <testcase name="[sig-storage] In-tree Volumes [Driver: nfs] [Testpattern: Pre-provisioned PV (default fs)] subPath should support creating multiple subpath from same volumes [Slow]" classname="Kubernetes e2e suite" time="0">
          <skipped></skipped>
      </testcase>
      <testcase name="[sig-api-machinery] ResourceQuota should verify ResourceQuota with cross namespace pod affinity scope using scope-selectors." classname="Kubernetes e2e suite" time="0">
          <skipped></skipped>
      </testcase>
      <testcase name="[sig-storage] In-tree Volumes [Driver: local][LocalVolumeType: dir-link] [Testpattern: Dynamic PV (ntfs)][Feature:Windows] subPath should unmount if pod is force deleted while kubelet is down [Disruptive][Slow][LinuxOnly]" classname="Kubernetes e2e suite" time="0">
          <skipped></skipped>
      </testcase>
      <testcase name="[sig-storage] In-tree Volumes [Driver: rbd][Feature:Volumes][Serial] [Testpattern: Dynamic PV (default fs)] subPath should support existing single file [LinuxOnly]" classname="Kubernetes e2e suite" time="0">
          <skipped></skipped>
      </testcase>
      <testcase name="[sig-storage] In-tree Volumes [Driver: local][LocalVolumeType: gce-localssd-scsi-fs] [Serial] [Testpattern: Dynamic PV (default fs)] fsgroupchangepolicy (Always)[LinuxOnly], pod created with an initial fsgroup, volume contents ownership changed in first pod, new pod with different fsgroup applied to the volume contents" classname="Kubernetes e2e suite" time="0">
          <skipped></skipped>
      </testcase>
      <testcase name="[sig-storage] In-tree Volumes [Driver: nfs] [Testpattern: Inline-volume (default fs)] subPath should support existing directories when readOnly specified in the volumeSource" classname="Kubernetes e2e suite" time="0">
          <skipped></skipped>
      </testcase>
      <testcase name="[sig-storage] In-tree Volumes [Driver: aws] [Testpattern: Dynamic PV (ntfs)][Feature:Windows] provisioning should provision storage with snapshot data source [Feature:VolumeSnapshotDataSource]" classname="Kubernetes e2e suite" time="0">
          <skipped></skipped>
      </testcase>
      <testcase name="[sig-storage] In-tree Volumes [Driver: emptydir] [Testpattern: Pre-provisioned PV (default fs)] subPath should support creating multiple subpath from same volumes [Slow]" classname="Kubernetes e2e suite" time="0">
          <skipped></skipped>
      </testcase>
      <testcase name="[sig-storage] CSI Volumes [Driver: csi-hostpath] [Testpattern: Dynamic PV (filesystem volmode)] multiVolume [Slow] should concurrently access the single volume from pods on the same node" classname="Kubernetes e2e suite" time="0">
          <skipped></skipped>
      </testcase>
      <testcase name="[sig-storage] In-tree Volumes [Driver: azure-disk] [Testpattern: Dynamic PV (default fs)] fsgroupchangepolicy (OnRootMismatch)[LinuxOnly], pod created with an initial fsgroup, volume contents ownership changed in first pod, new pod with different fsgroup applied to the volume contents" classname="Kubernetes e2e suite" time="0">
          <skipped></skipped>
      </testcase>
      <testcase name="[sig-storage] In-tree Volumes [Driver: hostPath] [Testpattern: Inline-volume (default fs)] subPath should support existing directory" classname="Kubernetes e2e suite" time="0">
          <skipped></skipped>
      </testcase>
      <testcase name="[sig-storage] In-tree Volumes [Driver: local][LocalVolumeType: gce-localssd-scsi-fs] [Serial] [Testpattern: Pre-provisioned PV (block volmode)] volumeMode should fail to use a volume in a pod with mismatched mode [Slow]" classname="Kubernetes e2e suite" time="0">
          <skipped></skipped>
      </testcase>
      <testcase name="[sig-storage] In-tree Volumes [Driver: local][LocalVolumeType: block] [Testpattern: Dynamic PV (ntfs)][Feature:Windows] volume-expand should not allow expansion of pvcs without AllowVolumeExpansion property" classname="Kubernetes e2e suite" time="0">
          <skipped></skipped>
      </testcase>
      <testcase name="[sig-storage] In-tree Volumes [Driver: gcepd] [Testpattern: Dynamic PV (filesystem volmode)] multiVolume [Slow] should access to two volumes with different volume mode and retain data across pod recreation on the same node" classname="Kubernetes e2e suite" time="0">
          <skipped></skipped>
      </testcase>
      <testcase name="[sig-storage] In-tree Volumes [Driver: cinder] [Testpattern: Dynamic PV (xfs)][Slow] multiVolume [Slow] should concurrently access the single volume from pods on different node" classname="Kubernetes e2e suite" time="0">
          <skipped></skipped>
      </testcase>
      <testcase name="[sig-storage] In-tree Volumes [Driver: local][LocalVolumeType: dir] [Testpattern: Dynamic PV (ntfs)][Feature:Windows] subPath should support existing directory" classname="Kubernetes e2e suite" time="0">
          <skipped></skipped>
      </testcase>
      <testcase name="[sig-storage] In-tree Volumes [Driver: local][LocalVolumeType: tmpfs] [Testpattern: Dynamic PV (default fs)] subPath should verify container cannot write to subpath readonly volumes [Slow]" classname="Kubernetes e2e suite" time="0">
          <skipped></skipped>
      </testcase>
      <testcase name="[sig-storage] In-tree Volumes [Driver: iscsi][Feature:Volumes] [Testpattern: Dynamic PV (ntfs)][Feature:Windows] subPath should support non-existent path" classname="Kubernetes e2e suite" time="0">
          <skipped></skipped>
      </testcase>
      <testcase name="[sig-storage] In-tree Volumes [Driver: ceph][Feature:Volumes][Serial] [Testpattern: Pre-provisioned PV (default fs)] subPath should unmount if pod is gracefully deleted while kubelet is down [Disruptive][Slow][LinuxOnly]" classname="Kubernetes e2e suite" time="0">
          <skipped></skipped>
      </testcase>
      <testcase name="[sig-storage] CSI Volumes [Driver: pd.csi.storage.gke.io][Serial] [Testpattern: Pre-provisioned PV (block volmode)] disruptive[Disruptive][LinuxOnly] Should test that pv used in a pod that is force deleted while the kubelet is down cleans up when the kubelet returns." classname="Kubernetes e2e suite" time="0">
          <skipped></skipped>
      </testcase>
      <testcase name="[sig-storage] In-tree Volumes [Driver: aws] [Testpattern: Pre-provisioned PV (default fs)] subPath should fail if subpath directory is outside the volume [Slow][LinuxOnly]" classname="Kubernetes e2e suite" time="0">
          <skipped></skipped>
      </testcase>
      <testcase name="[sig-storage] HostPathType Character Device [Slow] Should fail on mounting character device &#39;achardev&#39; when HostPathType is HostPathBlockDev" classname="Kubernetes e2e suite" time="0">
          <skipped></skipped>
      </testcase>
      <testcase name="[sig-storage] In-tree Volumes [Driver: gcepd] [Testpattern: Dynamic PV (default fs)] subPath should support non-existent path" classname="Kubernetes e2e suite" time="0">
          <skipped></skipped>
      </testcase>
      <testcase name="[sig-storage] CSI Volumes [Driver: pd.csi.storage.gke.io][Serial] [Testpattern: Dynamic PV (ext4)] multiVolume [Slow] should access to two volumes with different volume mode and retain data across pod recreation on different node" classname="Kubernetes e2e suite" time="0">
          <skipped></skipped>
      </testcase>
      <testcase name="[sig-storage] In-tree Volumes [Driver: emptydir] [Testpattern: Pre-provisioned PV (ext4)] volumes should allow exec of files on the volume" classname="Kubernetes e2e suite" time="0">
          <skipped></skipped>
      </testcase>
      <testcase name="[sig-storage] In-tree Volumes [Driver: ceph][Feature:Volumes][Serial] [Testpattern: Pre-provisioned PV (default fs)] subPath should support non-existent path" classname="Kubernetes e2e suite" time="0">
          <skipped></skipped>
      </testcase>
      <testcase name="[sig-storage] In-tree Volumes [Driver: local][LocalVolumeType: dir] [Testpattern: Dynamic PV (default fs)] volumes should allow exec of files on the volume" classname="Kubernetes e2e suite" time="0">
          <skipped></skipped>
      </testcase>
      <testcase name="[sig-network] Networking should provide Internet connection for containers [Feature:Networking-IPv6][Experimental][LinuxOnly]" classname="Kubernetes e2e suite" time="0">
          <skipped></skipped>
      </testcase>
      <testcase name="[sig-storage] In-tree Volumes [Driver: ceph][Feature:Volumes][Serial] [Testpattern: Dynamic PV (default fs)] fsgroupchangepolicy (OnRootMismatch)[LinuxOnly], pod created with an initial fsgroup, volume contents ownership changed in first pod, new pod with different fsgroup applied to the volume contents" classname="Kubernetes e2e suite" time="0">
          <skipped></skipped>
      </testcase>
      <testcase name="[sig-storage] In-tree Volumes [Driver: ceph][Feature:Volumes][Serial] [Testpattern: Dynamic PV (ntfs)][Feature:Windows] volume-expand should not allow expansion of pvcs without AllowVolumeExpansion property" classname="Kubernetes e2e suite" time="0">
          <skipped></skipped>
      </testcase>
      <testcase name="[sig-storage] EmptyDir volumes should support (non-root,0777,default) [LinuxOnly] [NodeConformance] [Conformance]" classname="Kubernetes e2e suite" time="75.631055274"></testcase>
      <testcase name="[sig-storage] CSI Volumes [Driver: pd.csi.storage.gke.io][Serial] [Testpattern: Pre-provisioned PV (default fs)] subPath should support file as subpath [LinuxOnly]" classname="Kubernetes e2e suite" time="0">
          <skipped></skipped>
      </testcase>
      <testcase name="[sig-storage] CSI Volumes [Driver: pd.csi.storage.gke.io][Serial] [Testpattern: Generic Ephemeral-volume (default fs) (immediate-binding)] ephemeral should support two pods which share the same volume" classname="Kubernetes e2e suite" time="0">
          <skipped></skipped>
      </testcase>
      <testcase name="[sig-storage] In-tree Volumes [Driver: local][LocalVolumeType: dir] [Testpattern: Pre-provisioned PV (block volmode)] volumeMode should not mount / map unused volumes in a pod [LinuxOnly]" classname="Kubernetes e2e suite" time="0">
          <skipped></skipped>
      </testcase>
      <testcase name="[sig-storage] In-tree Volumes [Driver: emptydir] [Testpattern: Dynamic PV (default fs)] subPath should unmount if pod is force deleted while kubelet is down [Disruptive][Slow][LinuxOnly]" classname="Kubernetes e2e suite" time="0">
          <skipped></skipped>
      </testcase>
      <testcase name="[sig-storage] In-tree Volumes [Driver: rbd][Feature:Volumes][Serial] [Testpattern: Dynamic PV (ntfs)][Feature:Windows] volumes should store data" classname="Kubernetes e2e suite" time="0">
          <skipped></skipped>
      </testcase>
      <testcase name="[sig-storage] In-tree Volumes [Driver: vsphere] [Testpattern: Dynamic PV (default fs)] fsgroupchangepolicy (Always)[LinuxOnly], pod created with an initial fsgroup, volume contents ownership changed in first pod, new pod with different fsgroup applied to the volume contents" classname="Kubernetes e2e suite" time="0">
          <skipped></skipped>
      </testcase>
      <testcase name="[sig-storage] In-tree Volumes [Driver: gcepd] [Testpattern: Dynamic PV (ntfs)][Feature:Windows] subPath should fail if non-existent subpath is outside the volume [Slow][LinuxOnly]" classname="Kubernetes e2e suite" time="0">
          <skipped></skipped>
      </testcase>
      <testcase name="[sig-storage] In-tree Volumes [Driver: azure-disk] [Testpattern: Dynamic PV (default fs)] provisioning should provision storage with mount options" classname="Kubernetes e2e suite" time="0">
          <skipped></skipped>
      </testcase>
      <testcase name="[sig-storage] In-tree Volumes [Driver: local][LocalVolumeType: blockfs] [Testpattern: Inline-volume (default fs)] subPath should support readOnly directory specified in the volumeMount" classname="Kubernetes e2e suite" time="0">
          <skipped></skipped>
      </testcase>
      <testcase name="[sig-storage] In-tree Volumes [Driver: iscsi][Feature:Volumes] [Testpattern: Dynamic PV (filesystem volmode)] multiVolume [Slow] should access to two volumes with the same volume mode and retain data across pod recreation on the same node" classname="Kubernetes e2e suite" time="0">
          <skipped></skipped>
      </testcase>
      <testcase name="[sig-storage] In-tree Volumes [Driver: nfs] [Testpattern: Dynamic PV (block volmode)] volume-expand should not allow expansion of pvcs without AllowVolumeExpansion property" classname="Kubernetes e2e suite" time="0">
          <skipped></skipped>
      </testcase>
      <testcase name="[sig-storage] In-tree Volumes [Driver: emptydir] [Testpattern: Pre-provisioned PV (default fs)] subPath should support restarting containers using directory as subpath [Slow]" classname="Kubernetes e2e suite" time="0">
          <skipped></skipped>
      </testcase>
      <testcase name="[sig-api-machinery] Garbage collector should delete jobs and pods created by cronjob" classname="Kubernetes e2e suite" time="0">
          <skipped></skipped>
      </testcase>
      <testcase name="[sig-storage] In-tree Volumes [Driver: iscsi][Feature:Volumes] [Testpattern: Dynamic PV (ntfs)][Feature:Windows] volumes should allow exec of files on the volume" classname="Kubernetes e2e suite" time="0">
          <skipped></skipped>
      </testcase>
      <testcase name="[sig-storage] In-tree Volumes [Driver: vsphere] [Testpattern: Inline-volume (default fs)] subPath should support restarting containers using directory as subpath [Slow]" classname="Kubernetes e2e suite" time="0">
          <skipped></skipped>
      </testcase>
      <testcase name="[sig-storage] In-tree Volumes [Driver: azure-disk] [Testpattern: Pre-provisioned PV (block volmode)] multiVolume [Slow] should concurrently access the single volume from pods on the same node" classname="Kubernetes e2e suite" time="0">
          <skipped></skipped>
      </testcase>
      <testcase name="[sig-storage] In-tree Volumes [Driver: cinder] [Testpattern: Pre-provisioned PV (default fs)] subPath should support creating multiple subpath from same volumes [Slow]" classname="Kubernetes e2e suite" time="0">
          <skipped></skipped>
      </testcase>
      <testcase name="[sig-storage] In-tree Volumes [Driver: local][LocalVolumeType: dir-bindmounted] [Testpattern: Dynamic PV (ntfs)][Feature:Windows] subPath should support readOnly file specified in the volumeMount [LinuxOnly]" classname="Kubernetes e2e suite" time="0">
          <skipped></skipped>
      </testcase>
      <testcase name="[sig-storage] In-tree Volumes [Driver: local][LocalVolumeType: dir-link] [Testpattern: Inline-volume (default fs)] subPath should support file as subpath [LinuxOnly]" classname="Kubernetes e2e suite" time="0">
          <skipped></skipped>
      </testcase>
      <testcase name="[sig-storage] In-tree Volumes [Driver: gcepd] [Testpattern: Dynamic PV (default fs)] provisioning should provision storage with mount options" classname="Kubernetes e2e suite" time="0">
          <skipped></skipped>
      </testcase>
      <testcase name="[sig-storage] In-tree Volumes [Driver: hostPath] [Testpattern: Dynamic PV (xfs)][Slow] multiVolume [Slow] should access to two volumes with the same volume mode and retain data across pod recreation on the same node" classname="Kubernetes e2e suite" time="0">
          <skipped></skipped>
      </testcase>
      <testcase name="[sig-storage] In-tree Volumes [Driver: local][LocalVolumeType: tmpfs] [Testpattern: Inline-volume (default fs)] subPath should unmount if pod is force deleted while kubelet is down [Disruptive][Slow][LinuxOnly]" classname="Kubernetes e2e suite" time="0">
          <skipped></skipped>
      </testcase>
      <testcase name="[sig-storage] In-tree Volumes [Driver: gcepd] [Testpattern: Dynamic PV (filesystem volmode)] multiVolume [Slow] should concurrently access the single read-only volume from pods on the same node" classname="Kubernetes e2e suite" time="0">
          <skipped></skipped>
      </testcase>
      <testcase name="[sig-storage] In-tree Volumes [Driver: local][LocalVolumeType: dir-link] [Testpattern: Pre-provisioned PV (filesystem volmode)] disruptive[Disruptive][LinuxOnly] Should test that pv written before kubelet restart is readable after restart." classname="Kubernetes e2e suite" time="0">
          <skipped></skipped>
      </testcase>
      <testcase name="[sig-cli] Kubectl client Kubectl apply apply set/view last-applied" classname="Kubernetes e2e suite" time="0">
          <skipped></skipped>
      </testcase>
      <testcase name="[sig-storage] In-tree Volumes [Driver: azure-disk] [Testpattern: Pre-provisioned PV (block volmode)] volumeMode should not mount / map unused volumes in a pod [LinuxOnly]" classname="Kubernetes e2e suite" time="0">
          <skipped></skipped>
      </testcase>
      <testcase name="[sig-storage] In-tree Volumes [Driver: vsphere] [Testpattern: Dynamic PV (ntfs)][Feature:Windows] provisioning should provision storage with pvc data source in parallel [Slow]" classname="Kubernetes e2e suite" time="0">
          <skipped></skipped>
      </testcase>
      <testcase name="[sig-storage] In-tree Volumes [Driver: azure-disk] [Testpattern: Dynamic PV (ntfs)][Feature:Windows] subPath should support existing single file [LinuxOnly]" classname="Kubernetes e2e suite" time="0">
          <skipped></skipped>
      </testcase>
      <testcase name="[sig-storage] In-tree Volumes [Driver: nfs] [Testpattern: Dynamic PV (default fs)] subPath should fail if subpath with backstepping is outside the volume [Slow][LinuxOnly]" classname="Kubernetes e2e suite" time="0">
          <skipped></skipped>
      </testcase>
      <testcase name="[sig-storage] In-tree Volumes [Driver: nfs] [Testpattern: Dynamic PV (ext4)] multiVolume [Slow] should concurrently access the volume and restored snapshot from pods on the same node [LinuxOnly][Feature:VolumeSnapshotDataSource][Feature:VolumeSourceXFS]" classname="Kubernetes e2e suite" time="0">
          <skipped></skipped>
      </testcase>
      <testcase name="[sig-storage] In-tree Volumes [Driver: local][LocalVolumeType: block] [Testpattern: Dynamic PV (ntfs)][Feature:Windows] subPath should unmount if pod is force deleted while kubelet is down [Disruptive][Slow][LinuxOnly]" classname="Kubernetes e2e suite" time="0">
          <skipped></skipped>
      </testcase>
      <testcase name="[sig-storage] In-tree Volumes [Driver: local][LocalVolumeType: gce-localssd-scsi-fs] [Serial] [Testpattern: Dynamic PV (ntfs)][Feature:Windows] subPath should be able to unmount after the subpath directory is deleted [LinuxOnly]" classname="Kubernetes e2e suite" time="0">
          <skipped></skipped>
      </testcase>
      <testcase name="[sig-storage] In-tree Volumes [Driver: windows-gcepd] [Testpattern: Pre-provisioned PV (filesystem volmode)] multiVolume [Slow] should access to two volumes with different volume mode and retain data across pod recreation on different node" classname="Kubernetes e2e suite" time="0">
          <skipped></skipped>
      </testcase>
      <testcase name="[sig-storage] In-tree Volumes [Driver: local][LocalVolumeType: dir-link] [Testpattern: Pre-provisioned PV (default fs)] volumes should allow exec of files on the volume" classname="Kubernetes e2e suite" time="0">
          <skipped></skipped>
      </testcase>
      <testcase name="[sig-storage] In-tree Volumes [Driver: local][LocalVolumeType: tmpfs] [Testpattern: Dynamic PV (block volmode)] volume-expand should not allow expansion of pvcs without AllowVolumeExpansion property" classname="Kubernetes e2e suite" time="0">
          <skipped></skipped>
      </testcase>
      <testcase name="[sig-storage] In-tree Volumes [Driver: windows-gcepd] [Testpattern: Pre-provisioned PV (block volmode)] disruptive[Disruptive][LinuxOnly] Should test that pv written before kubelet restart is readable after restart." classname="Kubernetes e2e suite" time="0">
          <skipped></skipped>
      </testcase>
      <testcase name="[sig-storage] In-tree Volumes [Driver: azure-disk] [Testpattern: Dynamic PV (block volmode)(allowExpansion)] volume-expand Verify if offline PVC expansion works" classname="Kubernetes e2e suite" time="0">
          <skipped></skipped>
      </testcase>
      <testcase name="[sig-storage] CSI mock volume CSIStorageCapacity CSIStorageCapacity used, insufficient capacity" classname="Kubernetes e2e suite" time="0">
          <skipped></skipped>
      </testcase>
      <testcase name="[sig-storage] In-tree Volumes [Driver: local][LocalVolumeType: tmpfs] [Testpattern: Pre-provisioned PV (default fs)] subPath should verify container cannot write to subpath readonly volumes [Slow]" classname="Kubernetes e2e suite" time="0">
          <skipped></skipped>
      </testcase>
      <testcase name="[sig-storage] In-tree Volumes [Driver: local][LocalVolumeType: dir] [Testpattern: Pre-provisioned PV (filesystem volmode)] multiVolume [Slow] should access to two volumes with the same volume mode and retain data across pod recreation on different node" classname="Kubernetes e2e suite" time="0">
          <skipped></skipped>
      </testcase>
      <testcase name="[sig-storage] In-tree Volumes [Driver: vsphere] [Testpattern: Dynamic PV (default fs)] subPath should fail if subpath directory is outside the volume [Slow][LinuxOnly]" classname="Kubernetes e2e suite" time="0">
          <skipped></skipped>
      </testcase>
      <testcase name="[sig-storage] In-tree Volumes [Driver: gcepd] [Testpattern: Pre-provisioned PV (filesystem volmode)] disruptive[Disruptive][LinuxOnly] Should test that pv written before kubelet restart is readable after restart." classname="Kubernetes e2e suite" time="0">
          <skipped></skipped>
      </testcase>
      <testcase name="[sig-storage] In-tree Volumes [Driver: hostPath] [Testpattern: Dynamic PV (block volmode)] multiVolume [Slow] should access to two volumes with different volume mode and retain data across pod recreation on different node" classname="Kubernetes e2e suite" time="0">
          <skipped></skipped>
      </testcase>
      <testcase name="[sig-storage] In-tree Volumes [Driver: cinder] [Testpattern: Inline-volume (ntfs)][Feature:Windows] volumes should store data" classname="Kubernetes e2e suite" time="0">
          <skipped></skipped>
      </testcase>
      <testcase name="[sig-storage] In-tree Volumes [Driver: azure-disk] [Testpattern: Dynamic PV (filesystem volmode)] volumeMode should not mount / map unused volumes in a pod [LinuxOnly]" classname="Kubernetes e2e suite" time="0">
          <skipped></skipped>
      </testcase>
      <testcase name="[sig-storage] In-tree Volumes [Driver: local][LocalVolumeType: gce-localssd-scsi-fs] [Serial] [Testpattern: Dynamic PV (immediate binding)] topology should provision a volume and schedule a pod with AllowedTopologies" classname="Kubernetes e2e suite" time="0">
          <skipped></skipped>
      </testcase>
      <testcase name="[sig-storage] CSI Volumes [Driver: csi-hostpath] [Testpattern: Dynamic PV (filesystem volmode)] multiVolume [Slow] should concurrently access the single volume from pods on different node" classname="Kubernetes e2e suite" time="0">
          <skipped></skipped>
      </testcase>
      <testcase name="[sig-storage] In-tree Volumes [Driver: local][LocalVolumeType: block] [Testpattern: Pre-provisioned PV (ntfs)][Feature:Windows] volumes should allow exec of files on the volume" classname="Kubernetes e2e suite" time="0">
          <skipped></skipped>
      </testcase>
      <testcase name="[sig-api-machinery] AdmissionWebhook [Privileged:ClusterAdmin] should be able to deny custom resource creation, update and deletion [Conformance]" classname="Kubernetes e2e suite" time="11.025987502"></testcase>
      <testcase name="[sig-storage] In-tree Volumes [Driver: local][LocalVolumeType: dir-link-bindmounted] [Testpattern: Dynamic PV (default fs)] fsgroupchangepolicy (OnRootMismatch)[LinuxOnly], pod created with an initial fsgroup, new pod fsgroup applied to volume contents" classname="Kubernetes e2e suite" time="0">
          <skipped></skipped>
      </testcase>
      <testcase name="[sig-storage] In-tree Volumes [Driver: emptydir] [Testpattern: Dynamic PV (filesystem volmode)] multiVolume [Slow] should access to two volumes with different volume mode and retain data across pod recreation on the same node" classname="Kubernetes e2e suite" time="0">
          <skipped></skipped>
      </testcase>
      <testcase name="[sig-storage] In-tree Volumes [Driver: aws] [Testpattern: Dynamic PV (ext3)] volumes should allow exec of files on the volume" classname="Kubernetes e2e suite" time="0">
          <skipped></skipped>
      </testcase>
      <testcase name="[sig-storage] In-tree Volumes [Driver: ceph][Feature:Volumes][Serial] [Testpattern: Pre-provisioned PV (ntfs)][Feature:Windows] volumes should allow exec of files on the volume" classname="Kubernetes e2e suite" time="0">
          <skipped></skipped>
      </testcase>
      <testcase name="[sig-storage] In-tree Volumes [Driver: azure-disk] [Testpattern: Pre-provisioned PV (block volmode)] multiVolume [Slow] should access to two volumes with different volume mode and retain data across pod recreation on the same node" classname="Kubernetes e2e suite" time="0">
          <skipped></skipped>
      </testcase>
      <testcase name="[sig-storage] In-tree Volumes [Driver: local][LocalVolumeType: dir-bindmounted] [Testpattern: Pre-provisioned PV (filesystem volmode)] multiVolume [Slow] should concurrently access the single read-only volume from pods on the same node" classname="Kubernetes e2e suite" time="0">
          <skipped></skipped>
      </testcase>
      <testcase name="[sig-node] NoExecuteTaintManager Single Pod [Serial] doesn&#39;t evict pod with tolerations from tainted nodes" classname="Kubernetes e2e suite" time="0">
          <skipped></skipped>
      </testcase>
      <testcase name="[sig-storage] In-tree Volumes [Driver: local][LocalVolumeType: dir] [Testpattern: Pre-provisioned PV (block volmode)] multiVolume [Slow] should access to two volumes with different volume mode and retain data across pod recreation on the same node" classname="Kubernetes e2e suite" time="0">
          <skipped></skipped>
      </testcase>
      <testcase name="[sig-storage] In-tree Volumes [Driver: hostPathSymlink] [Testpattern: Dynamic PV (ntfs)][Feature:Windows] provisioning should provision storage with mount options" classname="Kubernetes e2e suite" time="0">
          <skipped></skipped>
      </testcase>
      <testcase name="[sig-storage] In-tree Volumes [Driver: local][LocalVolumeType: blockfs] [Testpattern: Pre-provisioned PV (block volmode)] multiVolume [Slow] should concurrently access the single volume from pods on different node" classname="Kubernetes e2e suite" time="0">
          <skipped></skipped>
      </testcase>
      <testcase name="[sig-storage] In-tree Volumes [Driver: hostPath] [Testpattern: Pre-provisioned PV (block volmode)] multiVolume [Slow] should concurrently access the volume and restored snapshot from pods on the same node [LinuxOnly][Feature:VolumeSnapshotDataSource][Feature:VolumeSourceXFS]" classname="Kubernetes e2e suite" time="0">
          <skipped></skipped>
      </testcase>
      <testcase name="[sig-storage] In-tree Volumes [Driver: vsphere] [Testpattern: Dynamic PV (default fs)(allowExpansion)] volume-expand should resize volume when PVC is edited while pod is using it" classname="Kubernetes e2e suite" time="0">
          <skipped></skipped>
      </testcase>
      <testcase name="[sig-cli] Kubectl client Simple pod should return command exit codes [Slow] running a failing command without --restart=Never, but with --rm" classname="Kubernetes e2e suite" time="0">
          <skipped></skipped>
      </testcase>
      <testcase name="[sig-storage] In-tree Volumes [Driver: local][LocalVolumeType: blockfs] [Testpattern: Inline-volume (default fs)] subPath should fail if non-existent subpath is outside the volume [Slow][LinuxOnly]" classname="Kubernetes e2e suite" time="0">
          <skipped></skipped>
      </testcase>
      <testcase name="[sig-apps] StatefulSet Basic StatefulSet functionality [StatefulSetBasic] should validate Statefulset Status endpoints [Conformance]" classname="Kubernetes e2e suite" time="20.51068499"></testcase>
      <testcase name="[sig-storage] In-tree Volumes [Driver: local][LocalVolumeType: gce-localssd-scsi-fs] [Serial] [Testpattern: Dynamic PV (default fs)] subPath should support restarting containers using directory as subpath [Slow]" classname="Kubernetes e2e suite" time="0">
          <skipped></skipped>
      </testcase>
      <testcase name="[sig-storage] HostPathType File [Slow] Should fail on mounting non-existent file &#39;does-not-exist-file&#39; when HostPathType is HostPathFile" classname="Kubernetes e2e suite" time="0">
          <skipped></skipped>
      </testcase>
      <testcase name="[sig-storage] In-tree Volumes [Driver: iscsi][Feature:Volumes] [Testpattern: Pre-provisioned PV (default fs)] subPath should fail if subpath with backstepping is outside the volume [Slow][LinuxOnly]" classname="Kubernetes e2e suite" time="0">
          <skipped></skipped>
      </testcase>
      <testcase name="[sig-apps] Deployment RollingUpdateDeployment should delete old pods and create new ones [Conformance]" classname="Kubernetes e2e suite" time="17.297591659"></testcase>
      <testcase name="[sig-storage] In-tree Volumes [Driver: local][LocalVolumeType: dir] [Testpattern: Pre-provisioned PV (default fs)] subPath should support existing single file [LinuxOnly]" classname="Kubernetes e2e suite" time="0">
          <skipped></skipped>
      </testcase>
      <testcase name="[sig-storage] In-tree Volumes [Driver: gcepd] [Testpattern: Dynamic PV (xfs)][Slow] multiVolume [Slow] should access to two volumes with different volume mode and retain data across pod recreation on different node" classname="Kubernetes e2e suite" time="0">
          <skipped></skipped>
      </testcase>
      <testcase name="[sig-storage] In-tree Volumes [Driver: rbd][Feature:Volumes][Serial] [Testpattern: Dynamic PV (xfs)][Slow] multiVolume [Slow] should concurrently access the volume and restored snapshot from pods on the same node [LinuxOnly][Feature:VolumeSnapshotDataSource][Feature:VolumeSourceXFS]" classname="Kubernetes e2e suite" time="0">
          <skipped></skipped>
      </testcase>
      <testcase name="[sig-storage] In-tree Volumes [Driver: cinder] [Testpattern: Dynamic PV (ntfs)][Feature:Windows] subPath should support non-existent path" classname="Kubernetes e2e suite" time="0">
          <skipped></skipped>
      </testcase>
      <testcase name="[sig-storage] CSI mock volume CSI workload information using mock driver should not be passed when podInfoOnMount=false" classname="Kubernetes e2e suite" time="0">
          <skipped></skipped>
      </testcase>
      <testcase name="[sig-storage] In-tree Volumes [Driver: windows-gcepd] [Testpattern: Dynamic PV (xfs)][Slow] multiVolume [Slow] should access to two volumes with different volume mode and retain data across pod recreation on different node" classname="Kubernetes e2e suite" time="0">
          <skipped></skipped>
      </testcase>
      <testcase name="[sig-storage] In-tree Volumes [Driver: local][LocalVolumeType: dir-bindmounted] [Testpattern: Dynamic PV (ntfs)(allowExpansion)][Feature:Windows] volume-expand Verify if offline PVC expansion works" classname="Kubernetes e2e suite" time="0">
          <skipped></skipped>
      </testcase>
      <testcase name="[sig-storage] In-tree Volumes [Driver: nfs] [Testpattern: Pre-provisioned PV (block volmode)] volumeMode should not mount / map unused volumes in a pod [LinuxOnly]" classname="Kubernetes e2e suite" time="0">
          <skipped></skipped>
      </testcase>
      <testcase name="[sig-storage] In-tree Volumes [Driver: local][LocalVolumeType: dir-link] [Testpattern: Pre-provisioned PV (filesystem volmode)] multiVolume [Slow] should concurrently access the volume and its clone from pods on the same node [LinuxOnly][Feature:VolumeSnapshotDataSource][Feature:VolumeSourceXFS]" classname="Kubernetes e2e suite" time="0">
          <skipped></skipped>
      </testcase>
      <testcase name="[sig-storage] In-tree Volumes [Driver: hostPath] [Testpattern: Inline-volume (default fs)] subPath should support readOnly directory specified in the volumeMount" classname="Kubernetes e2e suite" time="0">
          <skipped></skipped>
      </testcase>
      <testcase name="[sig-storage] In-tree Volumes [Driver: local][LocalVolumeType: dir] [Testpattern: Pre-provisioned PV (block volmode)] multiVolume [Slow] should concurrently access the single volume from pods on the same node" classname="Kubernetes e2e suite" time="0">
          <skipped></skipped>
      </testcase>
      <testcase name="[sig-storage] In-tree Volumes [Driver: windows-gcepd] [Testpattern: Dynamic PV (default fs)] subPath should support non-existent path" classname="Kubernetes e2e suite" time="0">
          <skipped></skipped>
      </testcase>
      <testcase name="[sig-storage] In-tree Volumes [Driver: local][LocalVolumeType: gce-localssd-scsi-fs] [Serial] [Testpattern: Dynamic PV (ntfs)][Feature:Windows] subPath should support existing single file [LinuxOnly]" classname="Kubernetes e2e suite" time="0">
          <skipped></skipped>
      </testcase>
      <testcase name="[sig-instrumentation] Stackdriver Monitoring should have cluster metrics [Feature:StackdriverMonitoring]" classname="Kubernetes e2e suite" time="0">
          <skipped></skipped>
      </testcase>
      <testcase name="[sig-storage] In-tree Volumes [Driver: aws] [Testpattern: Dynamic PV (block volmode)] multiVolume [Slow] should concurrently access the volume and restored snapshot from pods on the same node [LinuxOnly][Feature:VolumeSnapshotDataSource][Feature:VolumeSourceXFS]" classname="Kubernetes e2e suite" time="0">
          <skipped></skipped>
      </testcase>
      <testcase name="[sig-storage] In-tree Volumes [Driver: local][LocalVolumeType: dir-link-bindmounted] [Testpattern: Dynamic PV (filesystem volmode)] multiVolume [Slow] should concurrently access the single volume from pods on different node" classname="Kubernetes e2e suite" time="0">
          <skipped></skipped>
      </testcase>
      <testcase name="[sig-storage] In-tree Volumes [Driver: local][LocalVolumeType: tmpfs] [Testpattern: Inline-volume (default fs)] subPath should fail if subpath with backstepping is outside the volume [Slow][LinuxOnly]" classname="Kubernetes e2e suite" time="0">
          <skipped></skipped>
      </testcase>
      <testcase name="[sig-storage] In-tree Volumes [Driver: aws] [Testpattern: Pre-provisioned PV (ntfs)][Feature:Windows] volumes should store data" classname="Kubernetes e2e suite" time="0">
          <skipped></skipped>
      </testcase>
      <testcase name="[sig-storage] In-tree Volumes [Driver: cinder] [Testpattern: Inline-volume (ext3)] volumes should store data" classname="Kubernetes e2e suite" time="0">
          <skipped></skipped>
      </testcase>
      <testcase name="[sig-storage] In-tree Volumes [Driver: local][LocalVolumeType: dir-link] [Testpattern: Pre-provisioned PV (ext4)] volumes should store data" classname="Kubernetes e2e suite" time="0">
          <skipped></skipped>
      </testcase>
      <testcase name="[sig-storage] CSI Volumes [Driver: pd.csi.storage.gke.io][Serial] [Testpattern: Pre-provisioned Snapshot (retain policy)] snapshottable[Feature:VolumeSnapshotDataSource] volume snapshot controller  should check snapshot fields, check restore correctly works after modifying source data, check deletion" classname="Kubernetes e2e suite" time="0">
          <skipped></skipped>
      </testcase>
      <testcase name="[sig-storage] In-tree Volumes [Driver: local][LocalVolumeType: dir-bindmounted] [Testpattern: Pre-provisioned PV (block volmode)] volumeMode should fail to create pod by failing to mount volume [Slow]" classname="Kubernetes e2e suite" time="0">
          <skipped></skipped>
      </testcase>
      <testcase name="[sig-node] Probing container should override timeoutGracePeriodSeconds when StartupProbe field is set [Feature:ProbeTerminationGracePeriod]" classname="Kubernetes e2e suite" time="0">
          <skipped></skipped>
      </testcase>
      <testcase name="[sig-storage] In-tree Volumes [Driver: emptydir] [Testpattern: Pre-provisioned PV (filesystem volmode)] multiVolume [Slow] should concurrently access the single volume from pods on the same node" classname="Kubernetes e2e suite" time="0">
          <skipped></skipped>
      </testcase>
      <testcase name="[sig-storage] In-tree Volumes [Driver: hostPathSymlink] [Testpattern: Dynamic PV (default fs)] subPath should support readOnly file specified in the volumeMount [LinuxOnly]" classname="Kubernetes e2e suite" time="0">
          <skipped></skipped>
      </testcase>
      <testcase name="[sig-storage] In-tree Volumes [Driver: hostPathSymlink] [Testpattern: Dynamic PV (default fs)] provisioning should provision storage with pvc data source" classname="Kubernetes e2e suite" time="0">
          <skipped></skipped>
      </testcase>
      <testcase name="[sig-storage] In-tree Volumes [Driver: azure-disk] [Testpattern: Dynamic PV (filesystem volmode)] multiVolume [Slow] should concurrently access the single read-only volume from pods on the same node" classname="Kubernetes e2e suite" time="0">
          <skipped></skipped>
      </testcase>
      <testcase name="[sig-storage] In-tree Volumes [Driver: iscsi][Feature:Volumes] [Testpattern: Dynamic PV (ntfs)][Feature:Windows] volume-expand should not allow expansion of pvcs without AllowVolumeExpansion property" classname="Kubernetes e2e suite" time="0">
          <skipped></skipped>
      </testcase>
      <testcase name="[sig-storage] In-tree Volumes [Driver: local][LocalVolumeType: gce-localssd-scsi-fs] [Serial] [Testpattern: Dynamic PV (xfs)][Slow] volumes should store data" classname="Kubernetes e2e suite" time="0">
          <skipped></skipped>
      </testcase>
      <testcase name="[sig-storage] In-tree Volumes [Driver: hostPath] [Testpattern: Dynamic PV (default fs)] volumes should allow exec of files on the volume" classname="Kubernetes e2e suite" time="0">
          <skipped></skipped>
      </testcase>
      <testcase name="[sig-storage] In-tree Volumes [Driver: local][LocalVolumeType: gce-localssd-scsi-fs] [Serial] [Testpattern: Pre-provisioned PV (filesystem volmode)] volumeMode should fail to use a volume in a pod with mismatched mode [Slow]" classname="Kubernetes e2e suite" time="0">
          <skipped></skipped>
      </testcase>
      <testcase name="[sig-storage] In-tree Volumes [Driver: azure-disk] [Testpattern: Dynamic PV (xfs)][Slow] multiVolume [Slow] should concurrently access the single volume from pods on the same node" classname="Kubernetes e2e suite" time="0">
          <skipped></skipped>
      </testcase>
      <testcase name="[sig-storage] CSI Volumes [Driver: pd.csi.storage.gke.io][Serial] [Testpattern: Dynamic PV (default fs)] subPath should verify container cannot write to subpath readonly volumes [Slow]" classname="Kubernetes e2e suite" time="0">
          <skipped></skipped>
      </testcase>
      <testcase name="[sig-storage] In-tree Volumes [Driver: local][LocalVolumeType: gce-localssd-scsi-fs] [Serial] [Testpattern: Dynamic PV (block volmode)] multiVolume [Slow] should access to two volumes with different volume mode and retain data across pod recreation on different node" classname="Kubernetes e2e suite" time="0">
          <skipped></skipped>
      </testcase>
      <testcase name="[sig-storage] In-tree Volumes [Driver: local][LocalVolumeType: dir] [Testpattern: Dynamic PV (filesystem volmode)] volumeMode should fail to use a volume in a pod with mismatched mode [Slow]" classname="Kubernetes e2e suite" time="0">
          <skipped></skipped>
      </testcase>
      <testcase name="[sig-storage] In-tree Volumes [Driver: windows-gcepd] [Testpattern: Dynamic PV (delayed binding)] topology should fail to schedule a pod which has topologies that conflict with AllowedTopologies" classname="Kubernetes e2e suite" time="0">
          <skipped></skipped>
      </testcase>
      <testcase name="[sig-storage] In-tree Volumes [Driver: local][LocalVolumeType: dir-link-bindmounted] [Testpattern: Dynamic PV (ext4)] multiVolume [Slow] should concurrently access the single read-only volume from pods on the same node" classname="Kubernetes e2e suite" time="0">
          <skipped></skipped>
      </testcase>
      <testcase name="[sig-storage] In-tree Volumes [Driver: aws] [Testpattern: Dynamic PV (default fs)] volumes should store data" classname="Kubernetes e2e suite" time="0">
          <skipped></skipped>
      </testcase>
      <testcase name="[sig-network] NetworkPolicyLegacy [LinuxOnly] NetworkPolicy between server and client should enforce policy based on Ports [Feature:NetworkPolicy]" classname="Kubernetes e2e suite" time="0">
          <skipped></skipped>
      </testcase>
      <testcase name="[sig-storage] In-tree Volumes [Driver: local][LocalVolumeType: dir-link-bindmounted] [Testpattern: Inline-volume (default fs)] subPath should support existing directory" classname="Kubernetes e2e suite" time="0">
          <skipped></skipped>
      </testcase>
      <testcase name="[sig-storage] CSI Volumes [Driver: csi-hostpath] [Testpattern: Dynamic PV (default fs)] volumeIO should write files of various sizes, verify size, validate content [Slow][LinuxOnly]" classname="Kubernetes e2e suite" time="0">
          <skipped></skipped>
      </testcase>
      <testcase name="[sig-autoscaling] [HPA] Horizontal pod autoscaling (scale resource: Custom Metrics from Stackdriver) should scale down with External Metric with target average value from Stackdriver [Feature:CustomMetricsAutoscaling]" classname="Kubernetes e2e suite" time="0">
          <skipped></skipped>
      </testcase>
      <testcase name="[sig-storage] CSI Volumes [Driver: csi-hostpath] [Testpattern: Dynamic PV (default fs)(allowExpansion)] volume-expand should resize volume when PVC is edited while pod is using it" classname="Kubernetes e2e suite" time="0">
          <skipped></skipped>
      </testcase>
      <testcase name="[sig-storage] In-tree Volumes [Driver: windows-gcepd] [Testpattern: Dynamic PV (ntfs)][Feature:Windows] subPath should verify container cannot write to subpath readonly volumes [Slow]" classname="Kubernetes e2e suite" time="0">
          <skipped></skipped>
      </testcase>
      <testcase name="[sig-storage] In-tree Volumes [Driver: local][LocalVolumeType: tmpfs] [Testpattern: Dynamic PV (xfs)][Slow] multiVolume [Slow] should access to two volumes with different volume mode and retain data across pod recreation on different node" classname="Kubernetes e2e suite" time="0">
          <skipped></skipped>
      </testcase>
      <testcase name="[sig-storage] In-tree Volumes [Driver: aws] [Testpattern: Pre-provisioned PV (block volmode)] volumes should store data" classname="Kubernetes e2e suite" time="0">
          <skipped></skipped>
      </testcase>
      <testcase name="[sig-network] [Feature:IPv6DualStack] Granular Checks: Services Secondary IP Family [LinuxOnly] should function for endpoint-Service: http" classname="Kubernetes e2e suite" time="0">
          <skipped></skipped>
      </testcase>
      <testcase name="[sig-storage] In-tree Volumes [Driver: iscsi][Feature:Volumes] [Testpattern: Dynamic PV (immediate binding)] topology should fail to schedule a pod which has topologies that conflict with AllowedTopologies" classname="Kubernetes e2e suite" time="0">
          <skipped></skipped>
      </testcase>
      <testcase name="[sig-storage] In-tree Volumes [Driver: hostPath] [Testpattern: Pre-provisioned PV (block volmode)] disruptive[Disruptive][LinuxOnly] Should test that pv written before kubelet restart is readable after restart." classname="Kubernetes e2e suite" time="0">
          <skipped></skipped>
      </testcase>
      <testcase name="[sig-storage] In-tree Volumes [Driver: local][LocalVolumeType: dir] [Testpattern: Pre-provisioned PV (block volmode)] multiVolume [Slow] should concurrently access the volume and restored snapshot from pods on the same node [LinuxOnly][Feature:VolumeSnapshotDataSource][Feature:VolumeSourceXFS]" classname="Kubernetes e2e suite" time="0">
          <skipped></skipped>
      </testcase>
      <testcase name="[sig-storage] In-tree Volumes [Driver: local][LocalVolumeType: tmpfs] [Testpattern: Pre-provisioned PV (ntfs)][Feature:Windows] volumes should store data" classname="Kubernetes e2e suite" time="0">
          <skipped></skipped>
      </testcase>
      <testcase name="[sig-storage] EmptyDir volumes should support (non-root,0644,default) [LinuxOnly] [NodeConformance] [Conformance]" classname="Kubernetes e2e suite" time="12.800335124"></testcase>
      <testcase name="[sig-storage] In-tree Volumes [Driver: gcepd] [Testpattern: Dynamic PV (default fs)] subPath should support existing single file [LinuxOnly]" classname="Kubernetes e2e suite" time="0">
          <skipped></skipped>
      </testcase>
      <testcase name="[sig-storage] In-tree Volumes [Driver: aws] [Testpattern: Dynamic PV (default fs)] subPath should support readOnly file specified in the volumeMount [LinuxOnly]" classname="Kubernetes e2e suite" time="0">
          <skipped></skipped>
      </testcase>
      <testcase name="[sig-storage] In-tree Volumes [Driver: windows-gcepd] [Testpattern: Pre-provisioned PV (filesystem volmode)] multiVolume [Slow] should concurrently access the volume and its clone from pods on the same node [LinuxOnly][Feature:VolumeSnapshotDataSource][Feature:VolumeSourceXFS]" classname="Kubernetes e2e suite" time="0">
          <skipped></skipped>
      </testcase>
      <testcase name="[sig-storage] CSI Volumes [Driver: pd.csi.storage.gke.io][Serial] [Testpattern: Dynamic PV (block volmode)] provisioning should provision storage with snapshot data source [Feature:VolumeSnapshotDataSource]" classname="Kubernetes e2e suite" time="0">
          <skipped></skipped>
      </testcase>
      <testcase name="[sig-network] Services should release NodePorts on delete" classname="Kubernetes e2e suite" time="0">
          <skipped></skipped>
      </testcase>
      <testcase name="[sig-storage] Dynamic Provisioning GlusterDynamicProvisioner should create and delete persistent volumes [fast]" classname="Kubernetes e2e suite" time="0">
          <skipped></skipped>
      </testcase>
      <testcase name="[sig-storage] In-tree Volumes [Driver: azure-disk] [Testpattern: Dynamic PV (filesystem volmode)] volumeLimits should verify that all csinodes have volume limits" classname="Kubernetes e2e suite" time="0">
          <skipped></skipped>
      </testcase>
      <testcase name="[sig-storage] In-tree Volumes [Driver: local][LocalVolumeType: blockfs] [Testpattern: Dynamic PV (ntfs)][Feature:Windows] subPath should unmount if pod is gracefully deleted while kubelet is down [Disruptive][Slow][LinuxOnly]" classname="Kubernetes e2e suite" time="0">
          <skipped></skipped>
      </testcase>
      <testcase name="[sig-storage] In-tree Volumes [Driver: vsphere] [Testpattern: Dynamic PV (default fs)] subPath should fail if subpath file is outside the volume [Slow][LinuxOnly]" classname="Kubernetes e2e suite" time="0">
          <skipped></skipped>
      </testcase>
      <testcase name="[sig-storage] In-tree Volumes [Driver: emptydir] [Testpattern: Dynamic PV (ntfs)][Feature:Windows] volumes should allow exec of files on the volume" classname="Kubernetes e2e suite" time="0">
          <skipped></skipped>
      </testcase>
      <testcase name="[sig-storage] In-tree Volumes [Driver: nfs] [Testpattern: Dynamic PV (ext3)] volumes should allow exec of files on the volume" classname="Kubernetes e2e suite" time="0">
          <skipped></skipped>
      </testcase>
      <testcase name="[sig-storage] In-tree Volumes [Driver: cinder] [Testpattern: Dynamic PV (xfs)][Slow] multiVolume [Slow] should concurrently access the single read-only volume from pods on the same node" classname="Kubernetes e2e suite" time="0">
          <skipped></skipped>
      </testcase>
      <testcase name="[sig-storage] In-tree Volumes [Driver: hostPath] [Testpattern: Dynamic PV (block volmode)] disruptive[Disruptive][LinuxOnly] Should test that pv used in a pod that is deleted while the kubelet is down cleans up when the kubelet returns." classname="Kubernetes e2e suite" time="0">
          <skipped></skipped>
      </testcase>
      <testcase name="[sig-node] Pods should delete a collection of pods [Conformance]" classname="Kubernetes e2e suite" time="17.993911454"></testcase>
      <testcase name="[sig-storage] In-tree Volumes [Driver: local][LocalVolumeType: tmpfs] [Testpattern: Pre-provisioned PV (ntfs)][Feature:Windows] volumes should allow exec of files on the volume" classname="Kubernetes e2e suite" time="0">
          <skipped></skipped>
      </testcase>
      <testcase name="[sig-storage] In-tree Volumes [Driver: cinder] [Testpattern: Pre-provisioned PV (default fs)] subPath should unmount if pod is gracefully deleted while kubelet is down [Disruptive][Slow][LinuxOnly]" classname="Kubernetes e2e suite" time="0">
          <skipped></skipped>
      </testcase>
      <testcase name="[sig-storage] In-tree Volumes [Driver: vsphere] [Testpattern: Inline-volume (default fs)] volumes should store data" classname="Kubernetes e2e suite" time="0">
          <skipped></skipped>
      </testcase>
      <testcase name="[sig-storage] In-tree Volumes [Driver: emptydir] [Testpattern: Inline-volume (default fs)] subPath should support file as subpath [LinuxOnly]" classname="Kubernetes e2e suite" time="0">
          <skipped></skipped>
      </testcase>
      <testcase name="[sig-storage] In-tree Volumes [Driver: local][LocalVolumeType: tmpfs] [Testpattern: Inline-volume (ntfs)][Feature:Windows] volumes should allow exec of files on the volume" classname="Kubernetes e2e suite" time="0">
          <skipped></skipped>
      </testcase>
      <testcase name="[sig-api-machinery] AdmissionWebhook [Privileged:ClusterAdmin] should mutate configmap [Conformance]" classname="Kubernetes e2e suite" time="10.885676514"></testcase>
      <testcase name="[sig-storage] CSI Volumes [Driver: csi-hostpath] [Testpattern: CSI Ephemeral-volume (default fs)] ephemeral should support two pods which share the same volume" classname="Kubernetes e2e suite" time="0">
          <skipped></skipped>
      </testcase>
      <testcase name="[sig-storage] In-tree Volumes [Driver: local][LocalVolumeType: blockfs] [Testpattern: Dynamic PV (default fs)] provisioning should provision storage with snapshot data source [Feature:VolumeSnapshotDataSource]" classname="Kubernetes e2e suite" time="0">
          <skipped></skipped>
      </testcase>
      <testcase name="[sig-storage] In-tree Volumes [Driver: windows-gcepd] [Testpattern: Dynamic PV (default fs)] volumeIO should write files of various sizes, verify size, validate content [Slow][LinuxOnly]" classname="Kubernetes e2e suite" time="0">
          <skipped></skipped>
      </testcase>
      <testcase name="[sig-storage] In-tree Volumes [Driver: local][LocalVolumeType: tmpfs] [Testpattern: Pre-provisioned PV (ext3)] volumes should store data" classname="Kubernetes e2e suite" time="0">
          <skipped></skipped>
      </testcase>
      <testcase name="[sig-storage] In-tree Volumes [Driver: gcepd] [Testpattern: Dynamic PV (default fs)] volumeIO should write files of various sizes, verify size, validate content [Slow][LinuxOnly]" classname="Kubernetes e2e suite" time="0">
          <skipped></skipped>
      </testcase>
      <testcase name="[sig-storage] In-tree Volumes [Driver: local][LocalVolumeType: dir-bindmounted] [Testpattern: Pre-provisioned PV (filesystem volmode)] multiVolume [Slow] should access to two volumes with the same volume mode and retain data across pod recreation on the same node" classname="Kubernetes e2e suite" time="0">
          <skipped></skipped>
      </testcase>
      <testcase name="[sig-node] PreStop should call prestop when killing a pod  [Conformance]" classname="Kubernetes e2e suite" time="25.378558899"></testcase>
      <testcase name="[sig-storage] In-tree Volumes [Driver: vsphere] [Testpattern: Inline-volume (default fs)] subPath should unmount if pod is gracefully deleted while kubelet is down [Disruptive][Slow][LinuxOnly]" classname="Kubernetes e2e suite" time="0">
          <skipped></skipped>
      </testcase>
      <testcase name="[sig-storage] In-tree Volumes [Driver: local][LocalVolumeType: blockfs] [Testpattern: Inline-volume (xfs)][Slow] volumes should store data" classname="Kubernetes e2e suite" time="0">
          <skipped></skipped>
      </testcase>
      <testcase name="[sig-storage] In-tree Volumes [Driver: emptydir] [Testpattern: Pre-provisioned PV (block volmode)] multiVolume [Slow] should concurrently access the single volume from pods on different node" classname="Kubernetes e2e suite" time="0">
          <skipped></skipped>
      </testcase>
      <testcase name="[sig-storage] In-tree Volumes [Driver: local][LocalVolumeType: block] [Testpattern: Inline-volume (ext3)] volumes should store data" classname="Kubernetes e2e suite" time="0">
          <skipped></skipped>
      </testcase>
      <testcase name="[sig-storage] In-tree Volumes [Driver: windows-gcepd] [Testpattern: Dynamic PV (default fs)] fsgroupchangepolicy (OnRootMismatch)[LinuxOnly], pod created with an initial fsgroup, volume contents ownership changed in first pod, new pod with same fsgroup skips ownership changes to the volume contents" classname="Kubernetes e2e suite" time="0">
          <skipped></skipped>
      </testcase>
      <testcase name="[sig-storage] In-tree Volumes [Driver: local][LocalVolumeType: dir-bindmounted] [Testpattern: Dynamic PV (block volmode)] multiVolume [Slow] should access to two volumes with different volume mode and retain data across pod recreation on different node" classname="Kubernetes e2e suite" time="0">
          <skipped></skipped>
      </testcase>
      <testcase name="[sig-storage] In-tree Volumes [Driver: nfs] [Testpattern: Dynamic PV (filesystem volmode)] volumeLimits should support volume limits [Serial]" classname="Kubernetes e2e suite" time="0">
          <skipped></skipped>
      </testcase>
      <testcase name="[sig-storage] In-tree Volumes [Driver: local][LocalVolumeType: dir-bindmounted] [Testpattern: Dynamic PV (default fs)] fsgroupchangepolicy (Always)[LinuxOnly], pod created with an initial fsgroup, volume contents ownership changed in first pod, new pod with different fsgroup applied to the volume contents" classname="Kubernetes e2e suite" time="0">
          <skipped></skipped>
      </testcase>
      <testcase name="[sig-storage] In-tree Volumes [Driver: local][LocalVolumeType: dir-link] [Testpattern: Dynamic PV (block volmode)] multiVolume [Slow] should access to two volumes with different volume mode and retain data across pod recreation on the same node" classname="Kubernetes e2e suite" time="0">
          <skipped></skipped>
      </testcase>
      <testcase name="[sig-storage] In-tree Volumes [Driver: emptydir] [Testpattern: Pre-provisioned PV (block volmode)] volumeMode should not mount / map unused volumes in a pod [LinuxOnly]" classname="Kubernetes e2e suite" time="0">
          <skipped></skipped>
      </testcase>
      <testcase name="[sig-storage] In-tree Volumes [Driver: nfs] [Testpattern: Dynamic PV (ntfs)][Feature:Windows] subPath should unmount if pod is force deleted while kubelet is down [Disruptive][Slow][LinuxOnly]" classname="Kubernetes e2e suite" time="0">
          <skipped></skipped>
      </testcase>
      <testcase name="[sig-storage] CSI Volumes [Driver: csi-hostpath] [Testpattern: Dynamic PV (xfs)][Slow] multiVolume [Slow] should access to two volumes with different volume mode and retain data across pod recreation on the same node" classname="Kubernetes e2e suite" time="0">
          <skipped></skipped>
      </testcase>
      <testcase name="[sig-api-machinery] Namespaces [Serial] should patch a Namespace [Conformance]" classname="Kubernetes e2e suite" time="0.760884125"></testcase>
      <testcase name="[sig-storage] In-tree Volumes [Driver: ceph][Feature:Volumes][Serial] [Testpattern: Dynamic PV (ext4)] multiVolume [Slow] should concurrently access the single volume from pods on the same node" classname="Kubernetes e2e suite" time="0">
          <skipped></skipped>
      </testcase>
      <testcase name="[sig-storage] In-tree Volumes [Driver: local][LocalVolumeType: dir-bindmounted] [Testpattern: Dynamic PV (ntfs)][Feature:Windows] subPath should unmount if pod is force deleted while kubelet is down [Disruptive][Slow][LinuxOnly]" classname="Kubernetes e2e suite" time="0">
          <skipped></skipped>
      </testcase>
      <testcase name="[sig-storage] In-tree Volumes [Driver: local][LocalVolumeType: blockfs] [Testpattern: Dynamic PV (default fs)] subPath should support restarting containers using directory as subpath [Slow]" classname="Kubernetes e2e suite" time="0">
          <skipped></skipped>
      </testcase>
      <testcase name="[sig-storage] In-tree Volumes [Driver: local][LocalVolumeType: dir-link] [Testpattern: Dynamic PV (block volmode)] provisioning should provision storage with pvc data source in parallel [Slow]" classname="Kubernetes e2e suite" time="0">
          <skipped></skipped>
      </testcase>
      <testcase name="[sig-storage] In-tree Volumes [Driver: hostPath] [Testpattern: Dynamic PV (ext4)] volumes should allow exec of files on the volume" classname="Kubernetes e2e suite" time="0">
          <skipped></skipped>
      </testcase>
      <testcase name="[sig-storage] In-tree Volumes [Driver: aws] [Testpattern: Pre-provisioned PV (default fs)] subPath should unmount if pod is force deleted while kubelet is down [Disruptive][Slow][LinuxOnly]" classname="Kubernetes e2e suite" time="0">
          <skipped></skipped>
      </testcase>
      <testcase name="[sig-storage] In-tree Volumes [Driver: gcepd] [Testpattern: Dynamic PV (default fs)] provisioning should provision storage with snapshot data source [Feature:VolumeSnapshotDataSource]" classname="Kubernetes e2e suite" time="0">
          <skipped></skipped>
      </testcase>
      <testcase name="[sig-storage] In-tree Volumes [Driver: gcepd] [Testpattern: Dynamic PV (default fs)] subPath should support existing directory" classname="Kubernetes e2e suite" time="0">
          <skipped></skipped>
      </testcase>
      <testcase name="[sig-storage] In-tree Volumes [Driver: aws] [Testpattern: Dynamic PV (default fs)] subPath should support existing directory" classname="Kubernetes e2e suite" time="0">
          <skipped></skipped>
      </testcase>
      <testcase name="[sig-storage] In-tree Volumes [Driver: cinder] [Testpattern: Dynamic PV (ext4)] multiVolume [Slow] should access to two volumes with different volume mode and retain data across pod recreation on the same node" classname="Kubernetes e2e suite" time="0">
          <skipped></skipped>
      </testcase>
      <testcase name="[sig-storage] In-tree Volumes [Driver: local][LocalVolumeType: dir-link-bindmounted] [Testpattern: Dynamic PV (block volmode)(allowExpansion)] volume-expand should resize volume when PVC is edited while pod is using it" classname="Kubernetes e2e suite" time="0">
          <skipped></skipped>
      </testcase>
      <testcase name="[sig-storage] CSI Volumes [Driver: pd.csi.storage.gke.io][Serial] [Testpattern: Pre-provisioned PV (default fs)] subPath should fail if subpath with backstepping is outside the volume [Slow][LinuxOnly]" classname="Kubernetes e2e suite" time="0">
          <skipped></skipped>
      </testcase>
      <testcase name="[sig-storage] In-tree Volumes [Driver: windows-gcepd] [Testpattern: Pre-provisioned PV (block volmode)] disruptive[Disruptive][LinuxOnly] Should test that pv used in a pod that is deleted while the kubelet is down cleans up when the kubelet returns." classname="Kubernetes e2e suite" time="0">
          <skipped></skipped>
      </testcase>
      <testcase name="[sig-api-machinery] Generated clientset should create pods, set the deletionTimestamp and deletionGracePeriodSeconds of the pod" classname="Kubernetes e2e suite" time="0">
          <skipped></skipped>
      </testcase>
      <testcase name="[sig-storage] Projected configMap should be consumable from pods in volume [NodeConformance] [Conformance]" classname="Kubernetes e2e suite" time="10.52055718"></testcase>
      <testcase name="[sig-storage] In-tree Volumes [Driver: local][LocalVolumeType: dir-link-bindmounted] [Testpattern: Inline-volume (default fs)] volumeIO should write files of various sizes, verify size, validate content [Slow][LinuxOnly]" classname="Kubernetes e2e suite" time="0">
          <skipped></skipped>
      </testcase>
      <testcase name="[sig-storage] In-tree Volumes [Driver: local][LocalVolumeType: dir-link-bindmounted] [Testpattern: Dynamic PV (block volmode)] disruptive[Disruptive][LinuxOnly] Should test that pv used in a pod that is force deleted while the kubelet is down cleans up when the kubelet returns." classname="Kubernetes e2e suite" time="0">
          <skipped></skipped>
      </testcase>
      <testcase name="[sig-storage] In-tree Volumes [Driver: gluster] [Testpattern: Dynamic PV (default fs)] subPath should support readOnly directory specified in the volumeMount" classname="Kubernetes e2e suite" time="0">
          <skipped></skipped>
      </testcase>
      <testcase name="[sig-storage] In-tree Volumes [Driver: ceph][Feature:Volumes][Serial] [Testpattern: Dynamic PV (ext3)] volumes should allow exec of files on the volume" classname="Kubernetes e2e suite" time="0">
          <skipped></skipped>
      </testcase>
      <testcase name="[sig-network] DNS should resolve DNS of partial qualified names for services [LinuxOnly] [Conformance]" classname="Kubernetes e2e suite" time="42.948028845"></testcase>
      <testcase name="[sig-storage] Projected configMap should be consumable from pods in volume with mappings as non-root with FSGroup [LinuxOnly] [NodeFeature:FSGroup]" classname="Kubernetes e2e suite" time="0">
          <skipped></skipped>
      </testcase>
      <testcase name="[sig-storage] In-tree Volumes [Driver: gluster] [Testpattern: Dynamic PV (ntfs)][Feature:Windows] subPath should support restarting containers using file as subpath [Slow][LinuxOnly]" classname="Kubernetes e2e suite" time="0">
          <skipped></skipped>
      </testcase>
      <testcase name="[sig-cli] Kubectl Port forwarding With a server listening on 0.0.0.0 should support forwarding over websockets" classname="Kubernetes e2e suite" time="0">
          <skipped></skipped>
      </testcase>
      <testcase name="[sig-storage] CSI Volumes [Driver: csi-hostpath] [Testpattern: Dynamic PV (ext4)] multiVolume [Slow] should concurrently access the single read-only volume from pods on the same node" classname="Kubernetes e2e suite" time="0">
          <skipped></skipped>
      </testcase>
      <testcase name="[sig-storage] In-tree Volumes [Driver: emptydir] [Testpattern: Dynamic PV (default fs)] fsgroupchangepolicy (Always)[LinuxOnly], pod created with an initial fsgroup, new pod fsgroup applied to volume contents" classname="Kubernetes e2e suite" time="0">
          <skipped></skipped>
      </testcase>
      <testcase name="[sig-storage] In-tree Volumes [Driver: gcepd] [Testpattern: Dynamic PV (default fs)] fsgroupchangepolicy (Always)[LinuxOnly], pod created with an initial fsgroup, new pod fsgroup applied to volume contents" classname="Kubernetes e2e suite" time="0">
          <skipped></skipped>
      </testcase>
      <testcase name="[sig-storage] HostPathType Directory [Slow] Should fail on mounting directory &#39;adir&#39; when HostPathType is HostPathBlockDev" classname="Kubernetes e2e suite" time="0">
          <skipped></skipped>
      </testcase>
      <testcase name="[sig-storage] In-tree Volumes [Driver: windows-gcepd] [Testpattern: Inline-volume (ext3)] volumes should allow exec of files on the volume" classname="Kubernetes e2e suite" time="0">
          <skipped></skipped>
      </testcase>
      <testcase name="[sig-storage] In-tree Volumes [Driver: iscsi][Feature:Volumes] [Testpattern: Pre-provisioned PV (default fs)] subPath should support existing directories when readOnly specified in the volumeSource" classname="Kubernetes e2e suite" time="0">
          <skipped></skipped>
      </testcase>
      <testcase name="[sig-storage] In-tree Volumes [Driver: aws] [Testpattern: Pre-provisioned PV (filesystem volmode)] multiVolume [Slow] should concurrently access the volume and restored snapshot from pods on the same node [LinuxOnly][Feature:VolumeSnapshotDataSource][Feature:VolumeSourceXFS]" classname="Kubernetes e2e suite" time="0">
          <skipped></skipped>
      </testcase>
      <testcase name="[sig-storage] In-tree Volumes [Driver: aws] [Testpattern: Pre-provisioned PV (block volmode)] multiVolume [Slow] should concurrently access the volume and restored snapshot from pods on the same node [LinuxOnly][Feature:VolumeSnapshotDataSource][Feature:VolumeSourceXFS]" classname="Kubernetes e2e suite" time="0">
          <skipped></skipped>
      </testcase>
      <testcase name="[sig-storage] CSI Volumes [Driver: csi-hostpath] [Testpattern: Pre-provisioned PV (block volmode)] multiVolume [Slow] should access to two volumes with different volume mode and retain data across pod recreation on different node" classname="Kubernetes e2e suite" time="0">
          <skipped></skipped>
      </testcase>
      <testcase name="[sig-storage] Flexvolumes should be mountable when attachable [Feature:Flexvolumes]" classname="Kubernetes e2e suite" time="0">
          <skipped></skipped>
      </testcase>
      <testcase name="[sig-storage] In-tree Volumes [Driver: aws] [Testpattern: Pre-provisioned PV (filesystem volmode)] disruptive[Disruptive][LinuxOnly] Should test that pv written before kubelet restart is readable after restart." classname="Kubernetes e2e suite" time="0">
          <skipped></skipped>
      </testcase>
      <testcase name="[sig-storage] In-tree Volumes [Driver: local][LocalVolumeType: dir-link-bindmounted] [Testpattern: Dynamic PV (default fs)] subPath should support existing directory" classname="Kubernetes e2e suite" time="0">
          <skipped></skipped>
      </testcase>
      <testcase name="[sig-storage] In-tree Volumes [Driver: vsphere] [Testpattern: Pre-provisioned PV (block volmode)] volumeMode should fail to create pod by failing to mount volume [Slow]" classname="Kubernetes e2e suite" time="0">
          <skipped></skipped>
      </testcase>
      <testcase name="[sig-storage] CSI Volumes [Driver: csi-hostpath] [Testpattern: Dynamic PV (filesystem volmode)] volumeLimits should support volume limits [Serial]" classname="Kubernetes e2e suite" time="0">
          <skipped></skipped>
      </testcase>
      <testcase name="[sig-storage] In-tree Volumes [Driver: local][LocalVolumeType: blockfs] [Testpattern: Dynamic PV (xfs)][Slow] multiVolume [Slow] should access to two volumes with different volume mode and retain data across pod recreation on the same node" classname="Kubernetes e2e suite" time="0">
          <skipped></skipped>
      </testcase>
      <testcase name="[sig-storage] In-tree Volumes [Driver: rbd][Feature:Volumes][Serial] [Testpattern: Dynamic PV (xfs)][Slow] multiVolume [Slow] should access to two volumes with the same volume mode and retain data across pod recreation on different node" classname="Kubernetes e2e suite" time="0">
          <skipped></skipped>
      </testcase>
      <testcase name="[sig-storage] In-tree Volumes [Driver: local][LocalVolumeType: dir] [Testpattern: Pre-provisioned PV (default fs)] subPath should unmount if pod is force deleted while kubelet is down [Disruptive][Slow][LinuxOnly]" classname="Kubernetes e2e suite" time="0">
          <skipped></skipped>
      </testcase>
      <testcase name="[sig-api-machinery] Watchers should be able to restart watching from the last resource version observed by the previous watch [Conformance]" classname="Kubernetes e2e suite" time="0.245585469"></testcase>
      <testcase name="[sig-storage] In-tree Volumes [Driver: local][LocalVolumeType: tmpfs] [Testpattern: Dynamic PV (ntfs)][Feature:Windows] volume-expand should not allow expansion of pvcs without AllowVolumeExpansion property" classname="Kubernetes e2e suite" time="0">
          <skipped></skipped>
      </testcase>
      <testcase name="[sig-storage] In-tree Volumes [Driver: hostPath] [Testpattern: Pre-provisioned PV (filesystem volmode)] multiVolume [Slow] should concurrently access the single volume from pods on different node" classname="Kubernetes e2e suite" time="0">
          <skipped></skipped>
      </testcase>
      <testcase name="[sig-storage] In-tree Volumes [Driver: local][LocalVolumeType: dir-link-bindmounted] [Testpattern: Inline-volume (ntfs)][Feature:Windows] volumes should store data" classname="Kubernetes e2e suite" time="0">
          <skipped></skipped>
      </testcase>
      <testcase name="[sig-storage] In-tree Volumes [Driver: local][LocalVolumeType: dir-bindmounted] [Testpattern: Dynamic PV (ntfs)(allowExpansion)][Feature:Windows] volume-expand should resize volume when PVC is edited while pod is using it" classname="Kubernetes e2e suite" time="0">
          <skipped></skipped>
      </testcase>
      <testcase name="[sig-storage] In-tree Volumes [Driver: local][LocalVolumeType: block] [Testpattern: Dynamic PV (default fs)(allowExpansion)] volume-expand Verify if offline PVC expansion works" classname="Kubernetes e2e suite" time="0">
          <skipped></skipped>
      </testcase>
      <testcase name="[sig-storage] In-tree Volumes [Driver: nfs] [Testpattern: Dynamic PV (default fs)] provisioning should provision storage with pvc data source in parallel [Slow]" classname="Kubernetes e2e suite" time="0">
          <skipped></skipped>
      </testcase>
      <testcase name="[sig-node] RuntimeClass should reject a Pod requesting a RuntimeClass with an unconfigured handler [NodeFeature:RuntimeHandler]" classname="Kubernetes e2e suite" time="0">
          <skipped></skipped>
      </testcase>
      <testcase name="[sig-storage] In-tree Volumes [Driver: gluster] [Testpattern: Inline-volume (default fs)] volumes should allow exec of files on the volume" classname="Kubernetes e2e suite" time="0">
          <skipped></skipped>
      </testcase>
      <testcase name="[sig-storage] In-tree Volumes [Driver: local][LocalVolumeType: block] [Testpattern: Inline-volume (default fs)] subPath should support existing directory" classname="Kubernetes e2e suite" time="0">
          <skipped></skipped>
      </testcase>
      <testcase name="[sig-network] LoadBalancers should be able to switch session affinity for LoadBalancer service with ESIPP on [Slow] [DisabledForLargeClusters] [LinuxOnly]" classname="Kubernetes e2e suite" time="0">
          <skipped></skipped>
      </testcase>
      <testcase name="[sig-windows] [Feature:Windows] Memory Limits [Serial] [Slow] Allocatable node memory should be equal to a calculated allocatable memory value" classname="Kubernetes e2e suite" time="0">
          <skipped></skipped>
      </testcase>
      <testcase name="[sig-storage] In-tree Volumes [Driver: hostPathSymlink] [Testpattern: Inline-volume (default fs)] subPath should support restarting containers using file as subpath [Slow][LinuxOnly]" classname="Kubernetes e2e suite" time="0">
          <skipped></skipped>
      </testcase>
      <testcase name="[sig-autoscaling] Cluster size autoscaling [Slow] should disable node pool autoscaling [Feature:ClusterSizeAutoscalingScaleUp]" classname="Kubernetes e2e suite" time="0">
          <skipped></skipped>
      </testcase>
      <testcase name="[sig-storage] In-tree Volumes [Driver: cinder] [Testpattern: Dynamic PV (default fs)] subPath should support existing directory" classname="Kubernetes e2e suite" time="0">
          <skipped></skipped>
      </testcase>
      <testcase name="[sig-storage] In-tree Volumes [Driver: azure-disk] [Testpattern: Pre-provisioned PV (default fs)] subPath should support existing single file [LinuxOnly]" classname="Kubernetes e2e suite" time="0">
          <skipped></skipped>
      </testcase>
      <testcase name="[sig-api-machinery] AdmissionWebhook [Privileged:ClusterAdmin] should unconditionally reject operations on fail closed webhook [Conformance]" classname="Kubernetes e2e suite" time="68.829115303"></testcase>
      <testcase name="[sig-storage] CSI Volumes [Driver: pd.csi.storage.gke.io][Serial] [Testpattern: Inline-volume (default fs)] subPath should unmount if pod is force deleted while kubelet is down [Disruptive][Slow][LinuxOnly]" classname="Kubernetes e2e suite" time="0">
          <skipped></skipped>
      </testcase>
      <testcase name="[sig-storage] In-tree Volumes [Driver: ceph][Feature:Volumes][Serial] [Testpattern: Dynamic PV (xfs)][Slow] multiVolume [Slow] should concurrently access the single volume from pods on different node" classname="Kubernetes e2e suite" time="0">
          <skipped></skipped>
      </testcase>
      <testcase name="[sig-storage] In-tree Volumes [Driver: local][LocalVolumeType: dir-bindmounted] [Testpattern: Dynamic PV (ext3)] volumes should store data" classname="Kubernetes e2e suite" time="0">
          <skipped></skipped>
      </testcase>
      <testcase name="[sig-storage] In-tree Volumes [Driver: local][LocalVolumeType: gce-localssd-scsi-fs] [Serial] [Testpattern: Dynamic PV (default fs)] subPath should unmount if pod is force deleted while kubelet is down [Disruptive][Slow][LinuxOnly]" classname="Kubernetes e2e suite" time="0">
          <skipped></skipped>
      </testcase>
      <testcase name="[sig-storage] In-tree Volumes [Driver: windows-gcepd] [Testpattern: Dynamic PV (xfs)][Slow] volumes should allow exec of files on the volume" classname="Kubernetes e2e suite" time="0">
          <skipped></skipped>
      </testcase>
      <testcase name="[sig-storage] In-tree Volumes [Driver: gluster] [Testpattern: Inline-volume (default fs)] subPath should fail if non-existent subpath is outside the volume [Slow][LinuxOnly]" classname="Kubernetes e2e suite" time="0">
          <skipped></skipped>
      </testcase>
      <testcase name="[sig-storage] Secrets should be able to mount in a volume regardless of a different secret existing with same name in different namespace [NodeConformance] [Conformance]" classname="Kubernetes e2e suite" time="10.758341934"></testcase>
      <testcase name="[sig-storage] In-tree Volumes [Driver: rbd][Feature:Volumes][Serial] [Testpattern: Inline-volume (default fs)] subPath should support non-existent path" classname="Kubernetes e2e suite" time="0">
          <skipped></skipped>
      </testcase>
      <testcase name="[sig-storage] In-tree Volumes [Driver: local][LocalVolumeType: dir] [Testpattern: Dynamic PV (block volmode)] multiVolume [Slow] should access to two volumes with different volume mode and retain data across pod recreation on the same node" classname="Kubernetes e2e suite" time="0">
          <skipped></skipped>
      </testcase>
      <testcase name="[sig-storage] In-tree Volumes [Driver: local][LocalVolumeType: dir] [Testpattern: Inline-volume (default fs)] subPath should support existing directory" classname="Kubernetes e2e suite" time="0">
          <skipped></skipped>
      </testcase>
      <testcase name="[sig-storage] In-tree Volumes [Driver: local][LocalVolumeType: dir-link] [Testpattern: Inline-volume (default fs)] subPath should support readOnly file specified in the volumeMount [LinuxOnly]" classname="Kubernetes e2e suite" time="0">
          <skipped></skipped>
      </testcase>
      <testcase name="[sig-autoscaling] Cluster size autoscaling [Slow] Shouldn&#39;t perform scale up operation and should list unhealthy status if most of the cluster is broken[Feature:ClusterSizeAutoscalingScaleUp]" classname="Kubernetes e2e suite" time="0">
          <skipped></skipped>
      </testcase>
      <testcase name="[sig-storage] In-tree Volumes [Driver: local][LocalVolumeType: gce-localssd-scsi-fs] [Serial] [Testpattern: Pre-provisioned PV (filesystem volmode)] multiVolume [Slow] should concurrently access the volume and its clone from pods on the same node [LinuxOnly][Feature:VolumeSnapshotDataSource][Feature:VolumeSourceXFS]" classname="Kubernetes e2e suite" time="0">
          <skipped></skipped>
      </testcase>
      <testcase name="[sig-storage] In-tree Volumes [Driver: local][LocalVolumeType: gce-localssd-scsi-fs] [Serial] [Testpattern: Dynamic PV (block volmode)] multiVolume [Slow] should access to two volumes with the same volume mode and retain data across pod recreation on different node" classname="Kubernetes e2e suite" time="0">
          <skipped></skipped>
      </testcase>
      <testcase name="[sig-storage] In-tree Volumes [Driver: iscsi][Feature:Volumes] [Testpattern: Pre-provisioned PV (block volmode)] multiVolume [Slow] should access to two volumes with the same volume mode and retain data across pod recreation on the same node" classname="Kubernetes e2e suite" time="0">
          <skipped></skipped>
      </testcase>
      <testcase name="[sig-storage] CSI Volumes [Driver: csi-hostpath] [Testpattern: Pre-provisioned PV (default fs)] volumes should allow exec of files on the volume" classname="Kubernetes e2e suite" time="0">
          <skipped></skipped>
      </testcase>
      <testcase name="[sig-storage] In-tree Volumes [Driver: local][LocalVolumeType: blockfs] [Testpattern: Dynamic PV (block volmode)] volumeMode should fail to use a volume in a pod with mismatched mode [Slow]" classname="Kubernetes e2e suite" time="0">
          <skipped></skipped>
      </testcase>
      <testcase name="[sig-storage] Projected downwardAPI should provide container&#39;s memory request [NodeConformance] [Conformance]" classname="Kubernetes e2e suite" time="8.287921724"></testcase>
      <testcase name="[sig-storage] CSI Volumes [Driver: csi-hostpath] [Testpattern: Dynamic PV (default fs)] volumes should allow exec of files on the volume" classname="Kubernetes e2e suite" time="0">
          <skipped></skipped>
      </testcase>
      <testcase name="[sig-storage] In-tree Volumes [Driver: gcepd] [Testpattern: Dynamic PV (xfs)][Slow] volumes should allow exec of files on the volume" classname="Kubernetes e2e suite" time="0">
          <skipped></skipped>
      </testcase>
      <testcase name="[sig-storage] CSI Volumes [Driver: csi-hostpath] [Testpattern: Pre-provisioned PV (default fs)] subPath should support file as subpath [LinuxOnly]" classname="Kubernetes e2e suite" time="0">
          <skipped></skipped>
      </testcase>
      <testcase name="[sig-storage] In-tree Volumes [Driver: ceph][Feature:Volumes][Serial] [Testpattern: Dynamic PV (default fs)] subPath should support restarting containers using directory as subpath [Slow]" classname="Kubernetes e2e suite" time="0">
          <skipped></skipped>
      </testcase>
      <testcase name="[sig-storage] In-tree Volumes [Driver: windows-gcepd] [Testpattern: Dynamic PV (ntfs)][Feature:Windows] subPath should support existing directory" classname="Kubernetes e2e suite" time="0">
          <skipped></skipped>
      </testcase>
      <testcase name="[sig-node] Variable Expansion should fail substituting values in a volume subpath with absolute path [Slow] [Conformance]" classname="Kubernetes e2e suite" time="8.275246848"></testcase>
      <testcase name="[sig-storage] In-tree Volumes [Driver: local][LocalVolumeType: dir-bindmounted] [Testpattern: Dynamic PV (ntfs)][Feature:Windows] subPath should unmount if pod is gracefully deleted while kubelet is down [Disruptive][Slow][LinuxOnly]" classname="Kubernetes e2e suite" time="0">
          <skipped></skipped>
      </testcase>
      <testcase name="[sig-storage] In-tree Volumes [Driver: rbd][Feature:Volumes][Serial] [Testpattern: Inline-volume (ext4)] volumes should store data" classname="Kubernetes e2e suite" time="0">
          <skipped></skipped>
      </testcase>
      <testcase name="[sig-storage] In-tree Volumes [Driver: nfs] [Testpattern: Dynamic PV (filesystem volmode)] multiVolume [Slow] should access to two volumes with different volume mode and retain data across pod recreation on different node" classname="Kubernetes e2e suite" time="0">
          <skipped></skipped>
      </testcase>
      <testcase name="[sig-storage] EmptyDir wrapper volumes should not cause race condition when used for git_repo [Serial] [Slow]" classname="Kubernetes e2e suite" time="0">
          <skipped></skipped>
      </testcase>
      <testcase name="[sig-api-machinery] ServerSideApply should not remove a field if an owner unsets the field but other managers still have ownership of the field" classname="Kubernetes e2e suite" time="0">
          <skipped></skipped>
      </testcase>
      <testcase name="[sig-storage] In-tree Volumes [Driver: local][LocalVolumeType: dir-link] [Testpattern: Dynamic PV (default fs)] capacity provides storage capacity information" classname="Kubernetes e2e suite" time="0">
          <skipped></skipped>
      </testcase>
      <testcase name="[sig-storage] In-tree Volumes [Driver: nfs] [Testpattern: Dynamic PV (default fs)] subPath should support existing directory" classname="Kubernetes e2e suite" time="0">
          <skipped></skipped>
      </testcase>
      <testcase name="[sig-storage] In-tree Volumes [Driver: ceph][Feature:Volumes][Serial] [Testpattern: Dynamic PV (default fs)] subPath should fail if subpath file is outside the volume [Slow][LinuxOnly]" classname="Kubernetes e2e suite" time="0">
          <skipped></skipped>
      </testcase>
      <testcase name="[sig-storage] In-tree Volumes [Driver: hostPathSymlink] [Testpattern: Inline-volume (default fs)] subPath should support restarting containers using directory as subpath [Slow]" classname="Kubernetes e2e suite" time="0">
          <skipped></skipped>
      </testcase>
      <testcase name="[sig-storage] In-tree Volumes [Driver: local][LocalVolumeType: dir] [Testpattern: Pre-provisioned PV (filesystem volmode)] multiVolume [Slow] should concurrently access the single volume from pods on the same node" classname="Kubernetes e2e suite" time="0">
          <skipped></skipped>
      </testcase>
      <testcase name="[sig-storage] In-tree Volumes [Driver: rbd][Feature:Volumes][Serial] [Testpattern: Dynamic PV (ntfs)(allowExpansion)][Feature:Windows] volume-expand Verify if offline PVC expansion works" classname="Kubernetes e2e suite" time="0">
          <skipped></skipped>
      </testcase>
      <testcase name="[sig-storage] In-tree Volumes [Driver: gluster] [Testpattern: Dynamic PV (default fs)] subPath should fail if subpath file is outside the volume [Slow][LinuxOnly]" classname="Kubernetes e2e suite" time="0">
          <skipped></skipped>
      </testcase>
      <testcase name="[sig-storage] In-tree Volumes [Driver: local][LocalVolumeType: tmpfs] [Testpattern: Pre-provisioned PV (block volmode)] multiVolume [Slow] should access to two volumes with different volume mode and retain data across pod recreation on different node" classname="Kubernetes e2e suite" time="0">
          <skipped></skipped>
      </testcase>
      <testcase name="[sig-storage] In-tree Volumes [Driver: gluster] [Testpattern: Dynamic PV (filesystem volmode)] volumeLimits should support volume limits [Serial]" classname="Kubernetes e2e suite" time="0">
          <skipped></skipped>
      </testcase>
      <testcase name="[sig-storage] In-tree Volumes [Driver: local][LocalVolumeType: blockfs] [Testpattern: Dynamic PV (filesystem volmode)] volumeLimits should support volume limits [Serial]" classname="Kubernetes e2e suite" time="0">
          <skipped></skipped>
      </testcase>
      <testcase name="[sig-storage] In-tree Volumes [Driver: gcepd] [Testpattern: Pre-provisioned PV (default fs)] subPath should support creating multiple subpath from same volumes [Slow]" classname="Kubernetes e2e suite" time="0">
          <skipped></skipped>
      </testcase>
      <testcase name="[sig-storage] In-tree Volumes [Driver: local][LocalVolumeType: dir-link] [Testpattern: Dynamic PV (default fs)] volume-stress multiple pods should access different volumes repeatedly [Slow] [Serial]" classname="Kubernetes e2e suite" time="0">
          <skipped></skipped>
      </testcase>
      <testcase name="[sig-storage] In-tree Volumes [Driver: local][LocalVolumeType: dir-bindmounted] [Testpattern: Pre-provisioned PV (filesystem volmode)] multiVolume [Slow] should concurrently access the volume and its clone from pods on the same node [LinuxOnly][Feature:VolumeSnapshotDataSource][Feature:VolumeSourceXFS]" classname="Kubernetes e2e suite" time="0">
          <skipped></skipped>
      </testcase>
      <testcase name="[sig-storage] Projected secret Should fail non-optional pod creation due to the key in the secret object does not exist [Slow]" classname="Kubernetes e2e suite" time="0">
          <skipped></skipped>
      </testcase>
      <testcase name="[sig-network] EndpointSlice should create Endpoints and EndpointSlices for Pods matching a Service [Conformance]" classname="Kubernetes e2e suite" time="35.816081426"></testcase>
      <testcase name="[sig-storage] In-tree Volumes [Driver: ceph][Feature:Volumes][Serial] [Testpattern: Pre-provisioned PV (filesystem volmode)] disruptive[Disruptive][LinuxOnly] Should test that pv written before kubelet restart is readable after restart." classname="Kubernetes e2e suite" time="0">
          <skipped></skipped>
      </testcase>
      <testcase name="[sig-storage] In-tree Volumes [Driver: emptydir] [Testpattern: Dynamic PV (xfs)][Slow] multiVolume [Slow] should access to two volumes with the same volume mode and retain data across pod recreation on different node" classname="Kubernetes e2e suite" time="0">
          <skipped></skipped>
      </testcase>
      <testcase name="[sig-storage] CSI Volumes [Driver: pd.csi.storage.gke.io][Serial] [Testpattern: Dynamic PV (delayed binding)] topology should fail to schedule a pod which has topologies that conflict with AllowedTopologies" classname="Kubernetes e2e suite" time="0">
          <skipped></skipped>
      </testcase>
      <testcase name="[sig-storage] Storage Policy Based Volume Provisioning [Feature:vsphere] verify if a SPBM policy is not honored on a non-compatible datastore for dynamically provisioned pvc using storageclass" classname="Kubernetes e2e suite" time="0">
          <skipped></skipped>
      </testcase>
      <testcase name="[sig-storage] In-tree Volumes [Driver: gluster] [Testpattern: Pre-provisioned PV (default fs)] subPath should support existing directory" classname="Kubernetes e2e suite" time="0">
          <skipped></skipped>
      </testcase>
      <testcase name="[sig-storage] In-tree Volumes [Driver: rbd][Feature:Volumes][Serial] [Testpattern: Dynamic PV (block volmode)] provisioning should provision storage with snapshot data source [Feature:VolumeSnapshotDataSource]" classname="Kubernetes e2e suite" time="0">
          <skipped></skipped>
      </testcase>
      <testcase name="[sig-storage] In-tree Volumes [Driver: windows-gcepd] [Testpattern: Dynamic PV (default fs)] volumes should allow exec of files on the volume" classname="Kubernetes e2e suite" time="0">
          <skipped></skipped>
      </testcase>
      <testcase name="[sig-storage] In-tree Volumes [Driver: nfs] [Testpattern: Dynamic PV (block volmode)] multiVolume [Slow] should access to two volumes with the same volume mode and retain data across pod recreation on different node" classname="Kubernetes e2e suite" time="0">
          <skipped></skipped>
      </testcase>
      <testcase name="[sig-network] Services should check NodePort out-of-range" classname="Kubernetes e2e suite" time="0">
          <skipped></skipped>
      </testcase>
      <testcase name="[sig-storage] In-tree Volumes [Driver: gluster] [Testpattern: Dynamic PV (block volmode)] volume-stress multiple pods should access different volumes repeatedly [Slow] [Serial]" classname="Kubernetes e2e suite" time="0">
          <skipped></skipped>
      </testcase>
      <testcase name="[sig-storage] In-tree Volumes [Driver: local][LocalVolumeType: block] [Testpattern: Dynamic PV (block volmode)] disruptive[Disruptive][LinuxOnly] Should test that pv written before kubelet restart is readable after restart." classname="Kubernetes e2e suite" time="0">
          <skipped></skipped>
      </testcase>
      <testcase name="[sig-storage] CSI Volumes [Driver: csi-hostpath] [Testpattern: Pre-provisioned PV (default fs)] volumeIO should write files of various sizes, verify size, validate content [Slow][LinuxOnly]" classname="Kubernetes e2e suite" time="0">
          <skipped></skipped>
      </testcase>
      <testcase name="[sig-network] Services should complete a service status lifecycle [Conformance]" classname="Kubernetes e2e suite" time="0.362840363"></testcase>
      <testcase name="[sig-storage] In-tree Volumes [Driver: local][LocalVolumeType: gce-localssd-scsi-fs] [Serial] [Testpattern: Pre-provisioned PV (default fs)] subPath should support existing directories when readOnly specified in the volumeSource" classname="Kubernetes e2e suite" time="0">
          <skipped></skipped>
      </testcase>
      <testcase name="[sig-cli] Kubectl client Kubectl api-versions should check if v1 is in available api versions  [Conformance]" classname="Kubernetes e2e suite" time="0.824342292"></testcase>
      <testcase name="[sig-storage] HostPathType File [Slow] Should fail on mounting file &#39;afile&#39; when HostPathType is HostPathDirectory" classname="Kubernetes e2e suite" time="0">
          <skipped></skipped>
      </testcase>
      <testcase name="[sig-storage] In-tree Volumes [Driver: gcepd] [Testpattern: Pre-provisioned PV (default fs)] subPath should support existing single file [LinuxOnly]" classname="Kubernetes e2e suite" time="0">
          <skipped></skipped>
      </testcase>
      <testcase name="[sig-autoscaling] [HPA] Horizontal pod autoscaling (scale resource: Custom Metrics from Stackdriver) should scale down with External Metric with target value from Stackdriver [Feature:CustomMetricsAutoscaling]" classname="Kubernetes e2e suite" time="0">
          <skipped></skipped>
      </testcase>
      <testcase name="[sig-storage] In-tree Volumes [Driver: aws] [Testpattern: Pre-provisioned PV (block volmode)] multiVolume [Slow] should concurrently access the single volume from pods on the same node" classname="Kubernetes e2e suite" time="0">
          <skipped></skipped>
      </testcase>
      <testcase name="[sig-network] SCTP [Feature:SCTP] [LinuxOnly] should allow creating a basic SCTP service with pod and endpoints" classname="Kubernetes e2e suite" time="0">
          <skipped></skipped>
      </testcase>
      <testcase name="[sig-storage] In-tree Volumes [Driver: windows-gcepd] [Testpattern: Pre-provisioned PV (block volmode)] multiVolume [Slow] should access to two volumes with different volume mode and retain data across pod recreation on the same node" classname="Kubernetes e2e suite" time="0">
          <skipped></skipped>
      </testcase>
      <testcase name="[sig-storage] CSI Volumes [Driver: csi-hostpath] [Testpattern: Dynamic PV (default fs)] fsgroupchangepolicy (OnRootMismatch)[LinuxOnly], pod created with an initial fsgroup, volume contents ownership changed in first pod, new pod with different fsgroup applied to the volume contents" classname="Kubernetes e2e suite" time="0">
          <skipped></skipped>
      </testcase>
      <testcase name="[sig-storage] In-tree Volumes [Driver: local][LocalVolumeType: block] [Testpattern: Dynamic PV (ntfs)][Feature:Windows] subPath should support creating multiple subpath from same volumes [Slow]" classname="Kubernetes e2e suite" time="0">
          <skipped></skipped>
      </testcase>
      <testcase name="[sig-storage] In-tree Volumes [Driver: local][LocalVolumeType: blockfs] [Testpattern: Dynamic PV (xfs)][Slow] multiVolume [Slow] should access to two volumes with the same volume mode and retain data across pod recreation on the same node" classname="Kubernetes e2e suite" time="0">
          <skipped></skipped>
      </testcase>
      <testcase name="[sig-storage] In-tree Volumes [Driver: nfs] [Testpattern: Dynamic PV (default fs)] fsgroupchangepolicy (OnRootMismatch)[LinuxOnly], pod created with an initial fsgroup, new pod fsgroup applied to volume contents" classname="Kubernetes e2e suite" time="0">
          <skipped></skipped>
      </testcase>
      <testcase name="[sig-storage] In-tree Volumes [Driver: local][LocalVolumeType: gce-localssd-scsi-fs] [Serial] [Testpattern: Dynamic PV (ntfs)][Feature:Windows] subPath should fail if subpath directory is outside the volume [Slow][LinuxOnly]" classname="Kubernetes e2e suite" time="0">
          <skipped></skipped>
      </testcase>
      <testcase name="[sig-storage] CSI Volumes [Driver: csi-hostpath] [Testpattern: Dynamic PV (default fs)] subPath should support readOnly file specified in the volumeMount [LinuxOnly]" classname="Kubernetes e2e suite" time="0">
          <skipped></skipped>
      </testcase>
      <testcase name="[sig-storage] In-tree Volumes [Driver: gluster] [Testpattern: Pre-provisioned PV (block volmode)] multiVolume [Slow] should access to two volumes with the same volume mode and retain data across pod recreation on different node" classname="Kubernetes e2e suite" time="0">
          <skipped></skipped>
      </testcase>
      <testcase name="[sig-storage] In-tree Volumes [Driver: local][LocalVolumeType: tmpfs] [Testpattern: Pre-provisioned PV (default fs)] volumeIO should write files of various sizes, verify size, validate content [Slow][LinuxOnly]" classname="Kubernetes e2e suite" time="0">
          <skipped></skipped>
      </testcase>
      <testcase name="[sig-storage] In-tree Volumes [Driver: local][LocalVolumeType: block] [Testpattern: Pre-provisioned PV (default fs)] subPath should support restarting containers using directory as subpath [Slow]" classname="Kubernetes e2e suite" time="0">
          <skipped></skipped>
      </testcase>
      <testcase name="[sig-storage] In-tree Volumes [Driver: gcepd] [Testpattern: Dynamic PV (filesystem volmode)] volumeLimits should verify that all csinodes have volume limits" classname="Kubernetes e2e suite" time="0">
          <skipped></skipped>
      </testcase>
      <testcase name="[sig-storage] In-tree Volumes [Driver: local][LocalVolumeType: dir] [Testpattern: Dynamic PV (block volmode)] multiVolume [Slow] should concurrently access the volume and its clone from pods on the same node [LinuxOnly][Feature:VolumeSnapshotDataSource][Feature:VolumeSourceXFS]" classname="Kubernetes e2e suite" time="0">
          <skipped></skipped>
      </testcase>
      <testcase name="[sig-storage] In-tree Volumes [Driver: emptydir] [Testpattern: Dynamic PV (default fs)] subPath should fail if subpath file is outside the volume [Slow][LinuxOnly]" classname="Kubernetes e2e suite" time="0">
          <skipped></skipped>
      </testcase>
      <testcase name="[sig-storage] In-tree Volumes [Driver: local][LocalVolumeType: gce-localssd-scsi-fs] [Serial] [Testpattern: Dynamic PV (ntfs)][Feature:Windows] subPath should support readOnly file specified in the volumeMount [LinuxOnly]" classname="Kubernetes e2e suite" time="0">
          <skipped></skipped>
      </testcase>
      <testcase name="[sig-storage] In-tree Volumes [Driver: azure-disk] [Testpattern: Dynamic PV (ext4)] multiVolume [Slow] should access to two volumes with different volume mode and retain data across pod recreation on different node" classname="Kubernetes e2e suite" time="0">
          <skipped></skipped>
      </testcase>
      <testcase name="[sig-storage] In-tree Volumes [Driver: local][LocalVolumeType: block] [Testpattern: Dynamic PV (xfs)][Slow] volumes should allow exec of files on the volume" classname="Kubernetes e2e suite" time="0">
          <skipped></skipped>
      </testcase>
      <testcase name="[sig-node] Downward API should provide pod UID as env vars [NodeConformance] [Conformance]" classname="Kubernetes e2e suite" time="12.647454299"></testcase>
      <testcase name="[sig-storage] In-tree Volumes [Driver: gluster] [Testpattern: Dynamic PV (filesystem volmode)] multiVolume [Slow] should concurrently access the volume and its clone from pods on the same node [LinuxOnly][Feature:VolumeSnapshotDataSource][Feature:VolumeSourceXFS]" classname="Kubernetes e2e suite" time="0">
          <skipped></skipped>
      </testcase>
      <testcase name="[sig-storage] In-tree Volumes [Driver: hostPath] [Testpattern: Pre-provisioned PV (default fs)] volumes should allow exec of files on the volume" classname="Kubernetes e2e suite" time="0">
          <skipped></skipped>
      </testcase>
      <testcase name="[sig-storage] In-tree Volumes [Driver: windows-gcepd] [Testpattern: Dynamic PV (ext4)] multiVolume [Slow] should access to two volumes with the same volume mode and retain data across pod recreation on the same node" classname="Kubernetes e2e suite" time="0">
          <skipped></skipped>
      </testcase>
      <testcase name="[sig-storage] In-tree Volumes [Driver: azure-disk] [Testpattern: Dynamic PV (default fs)] subPath should unmount if pod is gracefully deleted while kubelet is down [Disruptive][Slow][LinuxOnly]" classname="Kubernetes e2e suite" time="0">
          <skipped></skipped>
      </testcase>
      <testcase name="[sig-storage] CSI Volumes [Driver: csi-hostpath] [Testpattern: Dynamic PV (ntfs)][Feature:Windows] subPath should support readOnly directory specified in the volumeMount" classname="Kubernetes e2e suite" time="0">
          <skipped></skipped>
      </testcase>
      <testcase name="[sig-storage] In-tree Volumes [Driver: local][LocalVolumeType: blockfs] [Testpattern: Pre-provisioned PV (block volmode)] multiVolume [Slow] should concurrently access the single volume from pods on the same node" classname="Kubernetes e2e suite" time="0">
          <skipped></skipped>
      </testcase>
      <testcase name="[sig-storage] In-tree Volumes [Driver: azure-disk] [Testpattern: Dynamic PV (block volmode)(allowExpansion)] volume-expand should resize volume when PVC is edited while pod is using it" classname="Kubernetes e2e suite" time="0">
          <skipped></skipped>
      </testcase>
      <testcase name="[sig-storage] In-tree Volumes [Driver: vsphere] [Testpattern: Pre-provisioned PV (default fs)] volumeIO should write files of various sizes, verify size, validate content [Slow][LinuxOnly]" classname="Kubernetes e2e suite" time="0">
          <skipped></skipped>
      </testcase>
      <testcase name="[sig-api-machinery] ResourceQuota should be able to update and delete ResourceQuota. [Conformance]" classname="Kubernetes e2e suite" time="0.236740363"></testcase>
      <testcase name="[sig-storage] In-tree Volumes [Driver: gluster] [Testpattern: Dynamic PV (immediate binding)] topology should fail to schedule a pod which has topologies that conflict with AllowedTopologies" classname="Kubernetes e2e suite" time="0">
          <skipped></skipped>
      </testcase>
      <testcase name="[sig-storage] In-tree Volumes [Driver: ceph][Feature:Volumes][Serial] [Testpattern: Pre-provisioned PV (filesystem volmode)] multiVolume [Slow] should access to two volumes with different volume mode and retain data across pod recreation on the same node" classname="Kubernetes e2e suite" time="0">
          <skipped></skipped>
      </testcase>
      <testcase name="[sig-storage] In-tree Volumes [Driver: local][LocalVolumeType: block] [Testpattern: Pre-provisioned PV (filesystem volmode)] disruptive[Disruptive][LinuxOnly] Should test that pv written before kubelet restart is readable after restart." classname="Kubernetes e2e suite" time="0">
          <skipped></skipped>
      </testcase>
      <testcase name="[sig-storage] In-tree Volumes [Driver: emptydir] [Testpattern: Inline-volume (xfs)][Slow] volumes should allow exec of files on the volume" classname="Kubernetes e2e suite" time="0">
          <skipped></skipped>
      </testcase>
      <testcase name="[sig-node] Container Runtime blackbox test when running a container with a new image should not be able to pull image from invalid registry [NodeConformance]" classname="Kubernetes e2e suite" time="0">
          <skipped></skipped>
      </testcase>
      <testcase name="[sig-storage] In-tree Volumes [Driver: local][LocalVolumeType: dir-bindmounted] [Testpattern: Dynamic PV (block volmode)(allowExpansion)] volume-expand Verify if offline PVC expansion works" classname="Kubernetes e2e suite" time="0">
          <skipped></skipped>
      </testcase>
      <testcase name="[sig-network] NetworkPolicyLegacy [LinuxOnly] NetworkPolicy between server and client should enforce multiple ingress policies with ingress allow-all policy taking precedence [Feature:NetworkPolicy]" classname="Kubernetes e2e suite" time="0">
          <skipped></skipped>
      </testcase>
      <testcase name="[sig-storage] In-tree Volumes [Driver: iscsi][Feature:Volumes] [Testpattern: Inline-volume (default fs)] subPath should support readOnly file specified in the volumeMount [LinuxOnly]" classname="Kubernetes e2e suite" time="0">
          <skipped></skipped>
      </testcase>
      <testcase name="[sig-storage] In-tree Volumes [Driver: local][LocalVolumeType: dir-link-bindmounted] [Testpattern: Pre-provisioned PV (block volmode)] multiVolume [Slow] should access to two volumes with different volume mode and retain data across pod recreation on the same node" classname="Kubernetes e2e suite" time="0">
          <skipped></skipped>
      </testcase>
      <testcase name="[sig-storage] In-tree Volumes [Driver: local][LocalVolumeType: blockfs] [Testpattern: Pre-provisioned PV (filesystem volmode)] multiVolume [Slow] should concurrently access the volume and its clone from pods on the same node [LinuxOnly][Feature:VolumeSnapshotDataSource][Feature:VolumeSourceXFS]" classname="Kubernetes e2e suite" time="0">
          <skipped></skipped>
      </testcase>
      <testcase name="[sig-storage] In-tree Volumes [Driver: gluster] [Testpattern: Dynamic PV (ntfs)][Feature:Windows] subPath should fail if subpath directory is outside the volume [Slow][LinuxOnly]" classname="Kubernetes e2e suite" time="0">
          <skipped></skipped>
      </testcase>
      <testcase name="[sig-storage] CSI Volumes [Driver: csi-hostpath] [Testpattern: Inline-volume (default fs)] subPath should unmount if pod is force deleted while kubelet is down [Disruptive][Slow][LinuxOnly]" classname="Kubernetes e2e suite" time="0">
          <skipped></skipped>
      </testcase>
      <testcase name="[sig-storage] In-tree Volumes [Driver: local][LocalVolumeType: gce-localssd-scsi-fs] [Serial] [Testpattern: Dynamic PV (ntfs)][Feature:Windows] provisioning should provision storage with pvc data source" classname="Kubernetes e2e suite" time="0">
          <skipped></skipped>
      </testcase>
      <testcase name="[sig-storage] In-tree Volumes [Driver: emptydir] [Testpattern: Dynamic PV (block volmode)] provisioning should provision storage with pvc data source in parallel [Slow]" classname="Kubernetes e2e suite" time="0">
          <skipped></skipped>
      </testcase>
      <testcase name="[sig-storage] In-tree Volumes [Driver: local][LocalVolumeType: tmpfs] [Testpattern: Dynamic PV (ext3)] volumes should store data" classname="Kubernetes e2e suite" time="0">
          <skipped></skipped>
      </testcase>
      <testcase name="[sig-scheduling] SchedulerPredicates [Serial] validates resource limits of pods that are allowed to run  [Conformance]" classname="Kubernetes e2e suite" time="275.058463868"></testcase>
      <testcase name="[sig-storage] In-tree Volumes [Driver: local][LocalVolumeType: tmpfs] [Testpattern: Dynamic PV (ext4)] multiVolume [Slow] should concurrently access the single volume from pods on the same node" classname="Kubernetes e2e suite" time="0">
          <skipped></skipped>
      </testcase>
      <testcase name="[sig-storage] In-tree Volumes [Driver: gcepd] [Testpattern: Dynamic PV (ext4)] volumes should allow exec of files on the volume" classname="Kubernetes e2e suite" time="0">
          <skipped></skipped>
      </testcase>
      <testcase name="[sig-storage] In-tree Volumes [Driver: rbd][Feature:Volumes][Serial] [Testpattern: Dynamic PV (block volmode)] multiVolume [Slow] should access to two volumes with the same volume mode and retain data across pod recreation on the same node" classname="Kubernetes e2e suite" time="0">
          <skipped></skipped>
      </testcase>
      <testcase name="[sig-storage] In-tree Volumes [Driver: gluster] [Testpattern: Pre-provisioned PV (xfs)][Slow] volumes should store data" classname="Kubernetes e2e suite" time="0">
          <skipped></skipped>
      </testcase>
      <testcase name="[sig-storage] In-tree Volumes [Driver: hostPathSymlink] [Testpattern: Dynamic PV (filesystem volmode)] multiVolume [Slow] should concurrently access the single read-only volume from pods on the same node" classname="Kubernetes e2e suite" time="0">
          <skipped></skipped>
      </testcase>
      <testcase name="[sig-storage] In-tree Volumes [Driver: local][LocalVolumeType: dir] [Testpattern: Dynamic PV (default fs)] subPath should support existing directories when readOnly specified in the volumeSource" classname="Kubernetes e2e suite" time="0">
          <skipped></skipped>
      </testcase>
      <testcase name="[sig-storage] In-tree Volumes [Driver: aws] [Testpattern: Dynamic PV (ntfs)(allowExpansion)][Feature:Windows] volume-expand Verify if offline PVC expansion works" classname="Kubernetes e2e suite" time="0">
          <skipped></skipped>
      </testcase>
      <testcase name="[sig-storage] In-tree Volumes [Driver: cinder] [Testpattern: Dynamic PV (default fs)] subPath should fail if non-existent subpath is outside the volume [Slow][LinuxOnly]" classname="Kubernetes e2e suite" time="0">
          <skipped></skipped>
      </testcase>
      <testcase name="[sig-storage] In-tree Volumes [Driver: nfs] [Testpattern: Inline-volume (ntfs)][Feature:Windows] volumes should allow exec of files on the volume" classname="Kubernetes e2e suite" time="0">
          <skipped></skipped>
      </testcase>
      <testcase name="[sig-storage] CSI Volumes [Driver: pd.csi.storage.gke.io][Serial] [Testpattern: Pre-provisioned PV (default fs)] subPath should support readOnly directory specified in the volumeMount" classname="Kubernetes e2e suite" time="0">
          <skipped></skipped>
      </testcase>
      <testcase name="[sig-storage] In-tree Volumes [Driver: cinder] [Testpattern: Inline-volume (default fs)] subPath should fail if subpath directory is outside the volume [Slow][LinuxOnly]" classname="Kubernetes e2e suite" time="0">
          <skipped></skipped>
      </testcase>
      <testcase name="[sig-storage] In-tree Volumes [Driver: local][LocalVolumeType: dir-link] [Testpattern: Dynamic PV (block volmode)(allowExpansion)] volume-expand Verify if offline PVC expansion works" classname="Kubernetes e2e suite" time="0">
          <skipped></skipped>
      </testcase>
      <testcase name="[sig-storage] In-tree Volumes [Driver: emptydir] [Testpattern: Dynamic PV (default fs)] volume-expand should not allow expansion of pvcs without AllowVolumeExpansion property" classname="Kubernetes e2e suite" time="0">
          <skipped></skipped>
      </testcase>
      <testcase name="[sig-storage] In-tree Volumes [Driver: rbd][Feature:Volumes][Serial] [Testpattern: Dynamic PV (ntfs)][Feature:Windows] subPath should fail if subpath file is outside the volume [Slow][LinuxOnly]" classname="Kubernetes e2e suite" time="0">
          <skipped></skipped>
      </testcase>
      <testcase name="[sig-storage] In-tree Volumes [Driver: ceph][Feature:Volumes][Serial] [Testpattern: Dynamic PV (default fs)] subPath should unmount if pod is force deleted while kubelet is down [Disruptive][Slow][LinuxOnly]" classname="Kubernetes e2e suite" time="0">
          <skipped></skipped>
      </testcase>
      <testcase name="[sig-storage] In-tree Volumes [Driver: rbd][Feature:Volumes][Serial] [Testpattern: Inline-volume (default fs)] subPath should support readOnly file specified in the volumeMount [LinuxOnly]" classname="Kubernetes e2e suite" time="0">
          <skipped></skipped>
      </testcase>
      <testcase name="[sig-storage] In-tree Volumes [Driver: hostPath] [Testpattern: Dynamic PV (ntfs)][Feature:Windows] provisioning should provision storage with pvc data source" classname="Kubernetes e2e suite" time="0">
          <skipped></skipped>
      </testcase>
      <testcase name="[sig-storage] In-tree Volumes [Driver: local][LocalVolumeType: gce-localssd-scsi-fs] [Serial] [Testpattern: Dynamic PV (xfs)][Slow] multiVolume [Slow] should concurrently access the single volume from pods on the same node" classname="Kubernetes e2e suite" time="0">
          <skipped></skipped>
      </testcase>
      <testcase name="[sig-storage] In-tree Volumes [Driver: gcepd] [Testpattern: Dynamic PV (default fs)] capacity provides storage capacity information" classname="Kubernetes e2e suite" time="0">
          <skipped></skipped>
      </testcase>
      <testcase name="[sig-storage] In-tree Volumes [Driver: ceph][Feature:Volumes][Serial] [Testpattern: Dynamic PV (block volmode)] multiVolume [Slow] should access to two volumes with different volume mode and retain data across pod recreation on different node" classname="Kubernetes e2e suite" time="0">
          <skipped></skipped>
      </testcase>
      <testcase name="[sig-autoscaling] Cluster size autoscaler scalability [Slow] should scale up twice [Feature:ClusterAutoscalerScalability2]" classname="Kubernetes e2e suite" time="0">
          <skipped></skipped>
      </testcase>
      <testcase name="[sig-storage] In-tree Volumes [Driver: hostPath] [Testpattern: Dynamic PV (default fs)] fsgroupchangepolicy (OnRootMismatch)[LinuxOnly], pod created with an initial fsgroup, volume contents ownership changed in first pod, new pod with different fsgroup applied to the volume contents" classname="Kubernetes e2e suite" time="0">
          <skipped></skipped>
      </testcase>
      <testcase name="[sig-storage] In-tree Volumes [Driver: vsphere] [Testpattern: Dynamic PV (ntfs)][Feature:Windows] subPath should unmount if pod is gracefully deleted while kubelet is down [Disruptive][Slow][LinuxOnly]" classname="Kubernetes e2e suite" time="0">
          <skipped></skipped>
      </testcase>
      <testcase name="[sig-storage] In-tree Volumes [Driver: local][LocalVolumeType: dir-link] [Testpattern: Dynamic PV (ext4)] multiVolume [Slow] should concurrently access the volume and restored snapshot from pods on the same node [LinuxOnly][Feature:VolumeSnapshotDataSource][Feature:VolumeSourceXFS]" classname="Kubernetes e2e suite" time="0">
          <skipped></skipped>
      </testcase>
      <testcase name="[sig-storage] CSI Volumes [Driver: pd.csi.storage.gke.io][Serial] [Testpattern: Dynamic PV (ntfs)][Feature:Windows] subPath should fail if subpath file is outside the volume [Slow][LinuxOnly]" classname="Kubernetes e2e suite" time="0">
          <skipped></skipped>
      </testcase>
      <testcase name="[sig-storage] CSI Volumes [Driver: pd.csi.storage.gke.io][Serial] [Testpattern: Dynamic PV (default fs)] provisioning should provision storage with pvc data source in parallel [Slow]" classname="Kubernetes e2e suite" time="0">
          <skipped></skipped>
      </testcase>
      <testcase name="[sig-auth] PodSecurityPolicy [Feature:PodSecurityPolicy] should enforce the restricted policy.PodSecurityPolicy" classname="Kubernetes e2e suite" time="0">
          <skipped></skipped>
      </testcase>
      <testcase name="[sig-storage] In-tree Volumes [Driver: cinder] [Testpattern: Dynamic PV (block volmode)] disruptive[Disruptive][LinuxOnly] Should test that pv used in a pod that is deleted while the kubelet is down cleans up when the kubelet returns." classname="Kubernetes e2e suite" time="0">
          <skipped></skipped>
      </testcase>
      <testcase name="[sig-storage] In-tree Volumes [Driver: emptydir] [Testpattern: Dynamic PV (ntfs)][Feature:Windows] volumes should store data" classname="Kubernetes e2e suite" time="0">
          <skipped></skipped>
      </testcase>
      <testcase name="[sig-storage] In-tree Volumes [Driver: local][LocalVolumeType: dir] [Testpattern: Dynamic PV (ntfs)][Feature:Windows] subPath should fail if non-existent subpath is outside the volume [Slow][LinuxOnly]" classname="Kubernetes e2e suite" time="0">
          <skipped></skipped>
      </testcase>
      <testcase name="[sig-storage] In-tree Volumes [Driver: aws] [Testpattern: Pre-provisioned PV (block volmode)] volumeMode should not mount / map unused volumes in a pod [LinuxOnly]" classname="Kubernetes e2e suite" time="0">
          <skipped></skipped>
      </testcase>
      <testcase name="[sig-storage] In-tree Volumes [Driver: local][LocalVolumeType: dir-bindmounted] [Testpattern: Dynamic PV (immediate binding)] topology should provision a volume and schedule a pod with AllowedTopologies" classname="Kubernetes e2e suite" time="0">
          <skipped></skipped>
      </testcase>
      <testcase name="[sig-storage] In-tree Volumes [Driver: local][LocalVolumeType: dir-link] [Testpattern: Dynamic PV (default fs)] subPath should fail if non-existent subpath is outside the volume [Slow][LinuxOnly]" classname="Kubernetes e2e suite" time="0">
          <skipped></skipped>
      </testcase>
      <testcase name="[sig-storage] In-tree Volumes [Driver: local][LocalVolumeType: dir] [Testpattern: Dynamic PV (default fs)] provisioning should provision storage with mount options" classname="Kubernetes e2e suite" time="0">
          <skipped></skipped>
      </testcase>
      <testcase name="[sig-storage] In-tree Volumes [Driver: local][LocalVolumeType: dir-bindmounted] [Testpattern: Pre-provisioned PV (block volmode)] disruptive[Disruptive][LinuxOnly] Should test that pv used in a pod that is deleted while the kubelet is down cleans up when the kubelet returns." classname="Kubernetes e2e suite" time="0">
          <skipped></skipped>
      </testcase>
      <testcase name="[sig-storage] In-tree Volumes [Driver: windows-gcepd] [Testpattern: Pre-provisioned PV (block volmode)] multiVolume [Slow] should concurrently access the single volume from pods on different node" classname="Kubernetes e2e suite" time="0">
          <skipped></skipped>
      </testcase>
      <testcase name="[sig-storage] In-tree Volumes [Driver: ceph][Feature:Volumes][Serial] [Testpattern: Dynamic PV (ext4)] multiVolume [Slow] should concurrently access the volume and its clone from pods on the same node [LinuxOnly][Feature:VolumeSnapshotDataSource][Feature:VolumeSourceXFS]" classname="Kubernetes e2e suite" time="0">
          <skipped></skipped>
      </testcase>
      <testcase name="[sig-storage] In-tree Volumes [Driver: local][LocalVolumeType: dir-link] [Testpattern: Dynamic PV (ntfs)][Feature:Windows] subPath should fail if non-existent subpath is outside the volume [Slow][LinuxOnly]" classname="Kubernetes e2e suite" time="0">
          <skipped></skipped>
      </testcase>
      <testcase name="[sig-storage] CSI Volumes [Driver: csi-hostpath] [Testpattern: Dynamic PV (ntfs)][Feature:Windows] subPath should be able to unmount after the subpath directory is deleted [LinuxOnly]" classname="Kubernetes e2e suite" time="0">
          <skipped></skipped>
      </testcase>
      <testcase name="[sig-storage] In-tree Volumes [Driver: rbd][Feature:Volumes][Serial] [Testpattern: Pre-provisioned PV (default fs)] subPath should support restarting containers using directory as subpath [Slow]" classname="Kubernetes e2e suite" time="0">
          <skipped></skipped>
      </testcase>
      <testcase name="[sig-storage] In-tree Volumes [Driver: hostPathSymlink] [Testpattern: Dynamic PV (ntfs)(allowExpansion)][Feature:Windows] volume-expand Verify if offline PVC expansion works" classname="Kubernetes e2e suite" time="0">
          <skipped></skipped>
      </testcase>
      <testcase name="[sig-api-machinery] API priority and fairness should ensure that requests can be classified by adding FlowSchema and PriorityLevelConfiguration" classname="Kubernetes e2e suite" time="0">
          <skipped></skipped>
      </testcase>
      <testcase name="[sig-storage] In-tree Volumes [Driver: ceph][Feature:Volumes][Serial] [Testpattern: Dynamic PV (delayed binding)] topology should fail to schedule a pod which has topologies that conflict with AllowedTopologies" classname="Kubernetes e2e suite" time="0">
          <skipped></skipped>
      </testcase>
      <testcase name="[sig-storage] In-tree Volumes [Driver: cinder] [Testpattern: Dynamic PV (default fs)] subPath should support readOnly directory specified in the volumeMount" classname="Kubernetes e2e suite" time="0">
          <skipped></skipped>
      </testcase>
      <testcase name="[sig-cli] Kubectl Port forwarding With a server listening on 0.0.0.0 that expects a client request should support a client that connects, sends DATA, and disconnects" classname="Kubernetes e2e suite" time="0">
          <skipped></skipped>
      </testcase>
      <testcase name="[sig-storage] In-tree Volumes [Driver: local][LocalVolumeType: dir-bindmounted] [Testpattern: Dynamic PV (ntfs)][Feature:Windows] subPath should fail if subpath file is outside the volume [Slow][LinuxOnly]" classname="Kubernetes e2e suite" time="0">
          <skipped></skipped>
      </testcase>
      <testcase name="[sig-scheduling] SchedulerPredicates [Serial] validates that NodeSelector is respected if not matching  [Conformance]" classname="Kubernetes e2e suite" time="8.194929379"></testcase>
      <testcase name="[sig-storage] In-tree Volumes [Driver: nfs] [Testpattern: Pre-provisioned PV (filesystem volmode)] multiVolume [Slow] should concurrently access the volume and restored snapshot from pods on the same node [LinuxOnly][Feature:VolumeSnapshotDataSource][Feature:VolumeSourceXFS]" classname="Kubernetes e2e suite" time="0">
          <skipped></skipped>
      </testcase>
      <testcase name="[sig-storage] In-tree Volumes [Driver: azure-disk] [Testpattern: Dynamic PV (block volmode)] provisioning should provision storage with pvc data source in parallel [Slow]" classname="Kubernetes e2e suite" time="0">
          <skipped></skipped>
      </testcase>
      <testcase name="[sig-storage] In-tree Volumes [Driver: rbd][Feature:Volumes][Serial] [Testpattern: Dynamic PV (filesystem volmode)] volumeLimits should verify that all csinodes have volume limits" classname="Kubernetes e2e suite" time="0">
          <skipped></skipped>
      </testcase>
      <testcase name="[sig-autoscaling] Cluster size autoscaling [Slow] Should be able to scale a node group up from 0[Feature:ClusterSizeAutoscalingScaleUp]" classname="Kubernetes e2e suite" time="0">
          <skipped></skipped>
      </testcase>
      <testcase name="[sig-storage] In-tree Volumes [Driver: rbd][Feature:Volumes][Serial] [Testpattern: Dynamic PV (ext4)] multiVolume [Slow] should concurrently access the single read-only volume from pods on the same node" classname="Kubernetes e2e suite" time="0">
          <skipped></skipped>
      </testcase>
      <testcase name="[sig-storage] In-tree Volumes [Driver: local][LocalVolumeType: dir-bindmounted] [Testpattern: Dynamic PV (default fs)] subPath should support existing directory" classname="Kubernetes e2e suite" time="0">
          <skipped></skipped>
      </testcase>
      <testcase name="[sig-storage] In-tree Volumes [Driver: emptydir] [Testpattern: Dynamic PV (xfs)][Slow] multiVolume [Slow] should concurrently access the single volume from pods on the same node" classname="Kubernetes e2e suite" time="0">
          <skipped></skipped>
      </testcase>
      <testcase name="[sig-network] NetworkPolicyLegacy [LinuxOnly] NetworkPolicy between server and client should deny ingress access to updated pod [Feature:NetworkPolicy]" classname="Kubernetes e2e suite" time="0">
          <skipped></skipped>
      </testcase>
      <testcase name="[sig-network] DNS should provide /etc/hosts entries for the cluster [LinuxOnly] [Conformance]" classname="Kubernetes e2e suite" time="12.383764997"></testcase>
      <testcase name="[sig-node] Pods should support retrieving logs from the container over websockets [NodeConformance] [Conformance]" classname="Kubernetes e2e suite" time="12.281306401"></testcase>
      <testcase name="[sig-storage] In-tree Volumes [Driver: nfs] [Testpattern: Dynamic PV (ntfs)][Feature:Windows] subPath should unmount if pod is gracefully deleted while kubelet is down [Disruptive][Slow][LinuxOnly]" classname="Kubernetes e2e suite" time="0">
          <skipped></skipped>
      </testcase>
      <testcase name="[sig-network] Proxy version v1 should proxy logs on node using proxy subresource " classname="Kubernetes e2e suite" time="0">
          <skipped></skipped>
      </testcase>
      <testcase name="[sig-storage] In-tree Volumes [Driver: ceph][Feature:Volumes][Serial] [Testpattern: Dynamic PV (default fs)] provisioning should provision storage with pvc data source in parallel [Slow]" classname="Kubernetes e2e suite" time="0">
          <skipped></skipped>
      </testcase>
      <testcase name="[sig-storage] In-tree Volumes [Driver: local][LocalVolumeType: dir] [Testpattern: Dynamic PV (xfs)][Slow] multiVolume [Slow] should access to two volumes with the same volume mode and retain data across pod recreation on the same node" classname="Kubernetes e2e suite" time="0">
          <skipped></skipped>
      </testcase>
      <testcase name="[sig-storage] In-tree Volumes [Driver: azure-disk] [Testpattern: Inline-volume (default fs)] subPath should fail if non-existent subpath is outside the volume [Slow][LinuxOnly]" classname="Kubernetes e2e suite" time="0">
          <skipped></skipped>
      </testcase>
      <testcase name="[sig-storage] In-tree Volumes [Driver: rbd][Feature:Volumes][Serial] [Testpattern: Dynamic PV (ext4)] multiVolume [Slow] should concurrently access the volume and restored snapshot from pods on the same node [LinuxOnly][Feature:VolumeSnapshotDataSource][Feature:VolumeSourceXFS]" classname="Kubernetes e2e suite" time="0">
          <skipped></skipped>
      </testcase>
      <testcase name="[sig-storage] In-tree Volumes [Driver: rbd][Feature:Volumes][Serial] [Testpattern: Inline-volume (default fs)] subPath should verify container cannot write to subpath readonly volumes [Slow]" classname="Kubernetes e2e suite" time="0">
          <skipped></skipped>
      </testcase>
      <testcase name="[sig-storage] In-tree Volumes [Driver: azure-disk] [Testpattern: Dynamic PV (default fs)] provisioning should provision storage with pvc data source" classname="Kubernetes e2e suite" time="0">
          <skipped></skipped>
      </testcase>
      <testcase name="[sig-storage] In-tree Volumes [Driver: hostPathSymlink] [Testpattern: Pre-provisioned PV (default fs)] subPath should support readOnly file specified in the volumeMount [LinuxOnly]" classname="Kubernetes e2e suite" time="0">
          <skipped></skipped>
      </testcase>
      <testcase name="[sig-storage] In-tree Volumes [Driver: local][LocalVolumeType: gce-localssd-scsi-fs] [Serial] [Testpattern: Dynamic PV (filesystem volmode)] multiVolume [Slow] should access to two volumes with different volume mode and retain data across pod recreation on different node" classname="Kubernetes e2e suite" time="0">
          <skipped></skipped>
      </testcase>
      <testcase name="[sig-storage] In-tree Volumes [Driver: local][LocalVolumeType: tmpfs] [Testpattern: Dynamic PV (filesystem volmode)] volumeMode should not mount / map unused volumes in a pod [LinuxOnly]" classname="Kubernetes e2e suite" time="0">
          <skipped></skipped>
      </testcase>
      <testcase name="[sig-storage] In-tree Volumes [Driver: emptydir] [Testpattern: Dynamic PV (xfs)][Slow] multiVolume [Slow] should access to two volumes with different volume mode and retain data across pod recreation on different node" classname="Kubernetes e2e suite" time="0">
          <skipped></skipped>
      </testcase>
      <testcase name="[sig-storage] In-tree Volumes [Driver: local][LocalVolumeType: dir] [Testpattern: Pre-provisioned PV (filesystem volmode)] volumeMode should fail to use a volume in a pod with mismatched mode [Slow]" classname="Kubernetes e2e suite" time="0">
          <skipped></skipped>
      </testcase>
      <testcase name="[sig-storage] In-tree Volumes [Driver: local][LocalVolumeType: dir-link-bindmounted] [Testpattern: Dynamic PV (ntfs)][Feature:Windows] provisioning should provision storage with mount options" classname="Kubernetes e2e suite" time="0">
          <skipped></skipped>
      </testcase>
      <testcase name="[sig-network] Proxy version v1 should proxy logs on node with explicit kubelet port using proxy subresource " classname="Kubernetes e2e suite" time="0">
          <skipped></skipped>
      </testcase>
      <testcase name="[sig-storage] In-tree Volumes [Driver: windows-gcepd] [Testpattern: Inline-volume (default fs)] volumeIO should write files of various sizes, verify size, validate content [Slow][LinuxOnly]" classname="Kubernetes e2e suite" time="0">
          <skipped></skipped>
      </testcase>
      <testcase name="[sig-storage] CSI Volumes [Driver: pd.csi.storage.gke.io][Serial] [Testpattern: Dynamic PV (ext3)] volumes should store data" classname="Kubernetes e2e suite" time="0">
          <skipped></skipped>
      </testcase>
      <testcase name="[sig-storage] In-tree Volumes [Driver: cinder] [Testpattern: Dynamic PV (default fs)] subPath should unmount if pod is force deleted while kubelet is down [Disruptive][Slow][LinuxOnly]" classname="Kubernetes e2e suite" time="0">
          <skipped></skipped>
      </testcase>
      <testcase name="[sig-storage] In-tree Volumes [Driver: gluster] [Testpattern: Dynamic PV (ntfs)][Feature:Windows] subPath should support existing directory" classname="Kubernetes e2e suite" time="0">
          <skipped></skipped>
      </testcase>
      <testcase name="[sig-storage] In-tree Volumes [Driver: vsphere] [Testpattern: Inline-volume (default fs)] subPath should support readOnly directory specified in the volumeMount" classname="Kubernetes e2e suite" time="0">
          <skipped></skipped>
      </testcase>
      <testcase name="[sig-storage] In-tree Volumes [Driver: emptydir] [Testpattern: Dynamic PV (default fs)] fsgroupchangepolicy (Always)[LinuxOnly], pod created with an initial fsgroup, volume contents ownership changed in first pod, new pod with same fsgroup applied to the volume contents" classname="Kubernetes e2e suite" time="0">
          <skipped></skipped>
      </testcase>
      <testcase name="[sig-storage] In-tree Volumes [Driver: gcepd] [Testpattern: Pre-provisioned PV (filesystem volmode)] multiVolume [Slow] should access to two volumes with different volume mode and retain data across pod recreation on different node" classname="Kubernetes e2e suite" time="0">
          <skipped></skipped>
      </testcase>
      <testcase name="[sig-storage] In-tree Volumes [Driver: windows-gcepd] [Testpattern: Inline-volume (ntfs)][Feature:Windows] volumes should allow exec of files on the volume" classname="Kubernetes e2e suite" time="0">
          <skipped></skipped>
      </testcase>
      <testcase name="[sig-storage] In-tree Volumes [Driver: local][LocalVolumeType: tmpfs] [Testpattern: Pre-provisioned PV (filesystem volmode)] volumeMode should not mount / map unused volumes in a pod [LinuxOnly]" classname="Kubernetes e2e suite" time="0">
          <skipped></skipped>
      </testcase>
      <testcase name="[sig-storage] In-tree Volumes [Driver: aws] [Testpattern: Inline-volume (default fs)] subPath should fail if non-existent subpath is outside the volume [Slow][LinuxOnly]" classname="Kubernetes e2e suite" time="0">
          <skipped></skipped>
      </testcase>
      <testcase name="[sig-storage] In-tree Volumes [Driver: nfs] [Testpattern: Dynamic PV (ntfs)][Feature:Windows] subPath should support existing directory" classname="Kubernetes e2e suite" time="0">
          <skipped></skipped>
      </testcase>
      <testcase name="[sig-storage] PersistentVolumes-local  Pods sharing a single local PV [Serial] all pods should be running" classname="Kubernetes e2e suite" time="0">
          <skipped></skipped>
      </testcase>
      <testcase name="[sig-auth] PodSecurityPolicy [Feature:PodSecurityPolicy] should allow pods under the privileged policy.PodSecurityPolicy" classname="Kubernetes e2e suite" time="0">
          <skipped></skipped>
      </testcase>
      <testcase name="[sig-storage] In-tree Volumes [Driver: aws] [Testpattern: Inline-volume (default fs)] volumes should store data" classname="Kubernetes e2e suite" time="0">
          <skipped></skipped>
      </testcase>
      <testcase name="[sig-storage] In-tree Volumes [Driver: local][LocalVolumeType: gce-localssd-scsi-fs] [Serial] [Testpattern: Dynamic PV (default fs)] provisioning should provision storage with pvc data source in parallel [Slow]" classname="Kubernetes e2e suite" time="0">
          <skipped></skipped>
      </testcase>
      <testcase name="[sig-storage] In-tree Volumes [Driver: local][LocalVolumeType: block] [Testpattern: Pre-provisioned PV (block volmode)] multiVolume [Slow] should access to two volumes with different volume mode and retain data across pod recreation on the same node" classname="Kubernetes e2e suite" time="0">
          <skipped></skipped>
      </testcase>
      <testcase name="[sig-storage] In-tree Volumes [Driver: hostPath] [Testpattern: Dynamic PV (default fs)] fsgroupchangepolicy (Always)[LinuxOnly], pod created with an initial fsgroup, volume contents ownership changed in first pod, new pod with different fsgroup applied to the volume contents" classname="Kubernetes e2e suite" time="0">
          <skipped></skipped>
      </testcase>
      <testcase name="[sig-api-machinery] ResourceQuota should verify ResourceQuota with best effort scope. [Conformance]" classname="Kubernetes e2e suite" time="16.753837139"></testcase>
      <testcase name="[sig-storage] In-tree Volumes [Driver: local][LocalVolumeType: dir] [Testpattern: Pre-provisioned PV (block volmode)] multiVolume [Slow] should concurrently access the single read-only volume from pods on the same node" classname="Kubernetes e2e suite" time="0">
          <skipped></skipped>
      </testcase>
      <testcase name="[sig-storage] In-tree Volumes [Driver: hostPath] [Testpattern: Inline-volume (ntfs)][Feature:Windows] volumes should store data" classname="Kubernetes e2e suite" time="0">
          <skipped></skipped>
      </testcase>
      <testcase name="[sig-api-machinery] ServerSideApply should work for subresources" classname="Kubernetes e2e suite" time="0">
          <skipped></skipped>
      </testcase>
      <testcase name="[sig-network] Services should be able to change the type from ExternalName to NodePort [Conformance]" classname="Kubernetes e2e suite" time="0.766645198">
          <failure type="Failure">/workspace/src/k8s.io/kubernetes/_output/dockerized/go/src/k8s.io/kubernetes/test/e2e/framework/framework.go:630&#xA;Jul 24 14:35:35.635: Unexpected error:&#xA;    &lt;*errors.errorString | 0xc0030ed5a0&gt;: {&#xA;        s: &#34;out-of-range nodePort (9631) for service&#34;,&#xA;    }&#xA;    out-of-range nodePort (9631) for service&#xA;occurred&#xA;/workspace/src/k8s.io/kubernetes/_output/dockerized/go/src/k8s.io/kubernetes/test/e2e/network/service.go:1366</failure>
          <system-out>[BeforeEach] [sig-network] Services&#xA;  /workspace/src/k8s.io/kubernetes/_output/dockerized/go/src/k8s.io/kubernetes/test/e2e/framework/framework.go:185&#xA;STEP: Creating a kubernetes client&#xA;Jul 24 14:35:35.426: INFO: &gt;&gt;&gt; kubeConfig: /tmp/kubeconfig-821373319&#xA;STEP: Building a namespace api object, basename services&#xA;STEP: Waiting for a default service account to be provisioned in namespace&#xA;[BeforeEach] [sig-network] Services&#xA;  /workspace/src/k8s.io/kubernetes/_output/dockerized/go/src/k8s.io/kubernetes/test/e2e/network/service.go:749&#xA;[It] should be able to change the type from ExternalName to NodePort [Conformance]&#xA;  /workspace/src/k8s.io/kubernetes/_output/dockerized/go/src/k8s.io/kubernetes/test/e2e/framework/framework.go:630&#xA;STEP: creating a service externalname-service with the type=ExternalName in namespace services-607&#xA;STEP: changing the ExternalName service to type=NodePort&#xA;Jul 24 14:35:35.635: FAIL: Unexpected error:&#xA;    &lt;*errors.errorString | 0xc0030ed5a0&gt;: {&#xA;        s: &#34;out-of-range nodePort (9631) for service&#34;,&#xA;    }&#xA;    out-of-range nodePort (9631) for service&#xA;occurred&#xA;&#xA;Full Stack Trace&#xA;k8s.io/kubernetes/test/e2e/network.glob..func24.15()&#xA;&#x9;/workspace/src/k8s.io/kubernetes/_output/dockerized/go/src/k8s.io/kubernetes/test/e2e/network/service.go:1366 +0x265&#xA;k8s.io/kubernetes/test/e2e.RunE2ETests(0xc0005db200)&#xA;&#x9;_output/dockerized/go/src/k8s.io/kubernetes/test/e2e/e2e.go:130 +0x36c&#xA;k8s.io/kubernetes/test/e2e.TestE2E(0xc0005db200)&#xA;&#x9;_output/dockerized/go/src/k8s.io/kubernetes/test/e2e/e2e_test.go:136 +0x2b&#xA;testing.tRunner(0xc0005db200, 0x72d52f0)&#xA;&#x9;/usr/local/go/src/testing/testing.go:1193 +0xef&#xA;created by testing.(*T).Run&#xA;&#x9;/usr/local/go/src/testing/testing.go:1238 +0x2b3&#xA;Jul 24 14:35:35.636: INFO: Cleaning up the ExternalName to NodePort test service&#xA;[AfterEach] [sig-network] Services&#xA;  /workspace/src/k8s.io/kubernetes/_output/dockerized/go/src/k8s.io/kubernetes/test/e2e/framework/framework.go:186&#xA;STEP: Collecting events from namespace &#34;services-607&#34;.&#xA;STEP: Found 0 events.&#xA;Jul 24 14:35:35.810: INFO: POD  NODE  PHASE  GRACE  CONDITIONS&#xA;Jul 24 14:35:35.810: INFO: &#xA;Jul 24 14:35:35.813: INFO: &#xA;Logging node info for node k8s-node03&#xA;Jul 24 14:35:35.816: INFO: Node Info: &amp;Node{ObjectMeta:{k8s-node03    f005bf71-6041-45da-927c-72c442c8be97 5761374 0 2022-07-05 02:22:15 +0000 UTC &lt;nil&gt; &lt;nil&gt; map[beta.kubernetes.io/arch:amd64 beta.kubernetes.io/os:linux kubernetes.io/arch:amd64 kubernetes.io/hostname:k8s-node03 kubernetes.io/os:linux] map[flannel.alpha.coreos.com/backend-data:{&#34;VNI&#34;:1,&#34;VtepMAC&#34;:&#34;6a:72:10:8f:24:03&#34;} flannel.alpha.coreos.com/backend-type:vxlan flannel.alpha.coreos.com/kube-subnet-manager:true flannel.alpha.coreos.com/public-ip:192.168.132.213 kubeadm.alpha.kubernetes.io/cri-socket:/var/run/dockershim.sock node.alpha.kubernetes.io/ttl:0 volumes.kubernetes.io/controller-managed-attach-detach:true] [] []  [{kubelet Update v1 2022-07-05 02:22:15 +0000 UTC FieldsV1 {&#34;f:metadata&#34;:{&#34;f:annotations&#34;:{&#34;.&#34;:{},&#34;f:volumes.kubernetes.io/controller-managed-attach-detach&#34;:{}},&#34;f:labels&#34;:{&#34;.&#34;:{},&#34;f:beta.kubernetes.io/arch&#34;:{},&#34;f:beta.kubernetes.io/os&#34;:{},&#34;f:kubernetes.io/arch&#34;:{},&#34;f:kubernetes.io/hostname&#34;:{},&#34;f:kubernetes.io/os&#34;:{}}}} } {kubeadm Update v1 2022-07-05 02:22:20 +0000 UTC FieldsV1 {&#34;f:metadata&#34;:{&#34;f:annotations&#34;:{&#34;f:kubeadm.alpha.kubernetes.io/cri-socket&#34;:{}}}} } {flanneld Update v1 2022-07-05 02:25:35 +0000 UTC FieldsV1 {&#34;f:metadata&#34;:{&#34;f:annotations&#34;:{&#34;f:flannel.alpha.coreos.com/backend-data&#34;:{},&#34;f:flannel.alpha.coreos.com/backend-type&#34;:{},&#34;f:flannel.alpha.coreos.com/kube-subnet-manager&#34;:{},&#34;f:flannel.alpha.coreos.com/public-ip&#34;:{}}},&#34;f:status&#34;:{&#34;f:conditions&#34;:{&#34;k:{\&#34;type\&#34;:\&#34;NetworkUnavailable\&#34;}&#34;:{&#34;.&#34;:{},&#34;f:lastHeartbeatTime&#34;:{},&#34;f:lastTransitionTime&#34;:{},&#34;f:message&#34;:{},&#34;f:reason&#34;:{},&#34;f:status&#34;:{},&#34;f:type&#34;:{}}}}} status} {e2e.test Update v1 2022-07-24 11:57:52 +0000 UTC FieldsV1 {&#34;f:status&#34;:{&#34;f:capacity&#34;:{&#34;f:example.com/fakecpu&#34;:{},&#34;f:scheduling.k8s.io/foo&#34;:{}}}} status} {kubelet Update v1 2022-07-24 11:57:58 +0000 UTC FieldsV1 {&#34;f:status&#34;:{&#34;f:allocatable&#34;:{&#34;f:ephemeral-storage&#34;:{},&#34;f:example.com/fakecpu&#34;:{},&#34;f:scheduling.k8s.io/foo&#34;:{}},&#34;f:capacity&#34;:{&#34;f:ephemeral-storage&#34;:{}},&#34;f:conditions&#34;:{&#34;k:{\&#34;type\&#34;:\&#34;DiskPressure\&#34;}&#34;:{&#34;f:lastHeartbeatTime&#34;:{}},&#34;k:{\&#34;type\&#34;:\&#34;MemoryPressure\&#34;}&#34;:{&#34;f:lastHeartbeatTime&#34;:{}},&#34;k:{\&#34;type\&#34;:\&#34;PIDPressure\&#34;}&#34;:{&#34;f:lastHeartbeatTime&#34;:{}},&#34;k:{\&#34;type\&#34;:\&#34;Ready\&#34;}&#34;:{&#34;f:lastHeartbeatTime&#34;:{},&#34;f:lastTransitionTime&#34;:{},&#34;f:message&#34;:{},&#34;f:reason&#34;:{},&#34;f:status&#34;:{}}},&#34;f:images&#34;:{}}} status} {kube-controller-manager Update v1 2022-07-24 14:31:50 +0000 UTC FieldsV1 {&#34;f:metadata&#34;:{&#34;f:annotations&#34;:{&#34;f:node.alpha.kubernetes.io/ttl&#34;:{}}},&#34;f:spec&#34;:{&#34;f:podCIDR&#34;:{},&#34;f:podCIDRs&#34;:{&#34;.&#34;:{},&#34;v:\&#34;10.244.1.0/24\&#34;&#34;:{}}}} }]},Spec:NodeSpec{PodCIDR:10.244.1.0/24,DoNotUseExternalID:,ProviderID:,Unschedulable:false,Taints:[]Taint{},ConfigSource:nil,PodCIDRs:[10.244.1.0/24],},Status:NodeStatus{Capacity:ResourceList{cpu: {{8 0} {&lt;nil&gt;} 8 DecimalSI},ephemeral-storage: {{209930366976 0} {&lt;nil&gt;} 205010124Ki BinarySI},example.com/fakecpu: {{1 3} {&lt;nil&gt;} 1k DecimalSI},hugepages-1Gi: {{0 0} {&lt;nil&gt;} 0 DecimalSI},hugepages-2Mi: {{0 0} {&lt;nil&gt;} 0 DecimalSI},memory: {{16656281600 0} {&lt;nil&gt;} 16265900Ki BinarySI},pods: {{110 0} {&lt;nil&gt;} 110 DecimalSI},scheduling.k8s.io/foo: {{5 0} {&lt;nil&gt;} 5 DecimalSI},},Allocatable:ResourceList{cpu: {{8 0} {&lt;nil&gt;} 8 DecimalSI},ephemeral-storage: {{188937329966 0} {&lt;nil&gt;} 188937329966 DecimalSI},example.com/fakecpu: {{1 3} {&lt;nil&gt;} 1k DecimalSI},hugepages-1Gi: {{0 0} {&lt;nil&gt;} 0 DecimalSI},hugepages-2Mi: {{0 0} {&lt;nil&gt;} 0 DecimalSI},memory: {{16551424000 0} {&lt;nil&gt;} 16163500Ki BinarySI},pods: {{110 0} {&lt;nil&gt;} 110 DecimalSI},scheduling.k8s.io/foo: {{5 0} {&lt;nil&gt;} 5 DecimalSI},},Phase:,Conditions:[]NodeCondition{NodeCondition{Type:NetworkUnavailable,Status:False,LastHeartbeatTime:2022-07-10 14:28:16 +0000 UTC,LastTransitionTime:2022-07-10 14:28:16 +0000 UTC,Reason:FlannelIsUp,Message:Flannel is running on this node,},NodeCondition{Type:MemoryPressure,Status:False,LastHeartbeatTime:2022-07-24 14:33:54 +0000 UTC,LastTransitionTime:2022-07-05 02:22:48 +0000 UTC,Reason:KubeletHasSufficientMemory,Message:kubelet has sufficient memory available,},NodeCondition{Type:DiskPressure,Status:False,LastHeartbeatTime:2022-07-24 14:33:54 +0000 UTC,LastTransitionTime:2022-07-05 02:22:48 +0000 UTC,Reason:KubeletHasNoDiskPressure,Message:kubelet has no disk pressure,},NodeCondition{Type:PIDPressure,Status:False,LastHeartbeatTime:2022-07-24 14:33:54 +0000 UTC,LastTransitionTime:2022-07-05 02:22:48 +0000 UTC,Reason:KubeletHasSufficientPID,Message:kubelet has sufficient PID available,},NodeCondition{Type:Ready,Status:True,LastHeartbeatTime:2022-07-24 14:33:54 +0000 UTC,LastTransitionTime:2022-07-24 14:33:54 +0000 UTC,Reason:KubeletReady,Message:kubelet is posting ready status,},},Addresses:[]NodeAddress{NodeAddress{Type:InternalIP,Address:192.168.132.213,},NodeAddress{Type:Hostname,Address:k8s-node03,},},DaemonEndpoints:NodeDaemonEndpoints{KubeletEndpoint:DaemonEndpoint{Port:10250,},},NodeInfo:NodeSystemInfo{MachineID:5c4f44645c224c32b2e13018f4b1e6fe,SystemUUID:363F4D56-1C03-892D-B6DD-88BC8E04D266,BootID:cd76da84-f7b8-4e6c-b632-bf887a8547ba,KernelVersion:3.10.0-1160.el7.x86_64,OSImage:CentOS Linux 7 (Core),ContainerRuntimeVersion:docker://20.10.12,KubeletVersion:v1.22.3,KubeProxyVersion:v1.22.3,OperatingSystem:linux,Architecture:amd64,},Images:[]ContainerImage{ContainerImage{Names:[k8s.gcr.io/e2e-test-images/cuda-vector-add:2.2],SizeBytes:2579956550,},ContainerImage{Names:[k8s.gcr.io/e2e-test-images/cuda-vector-add:1.0],SizeBytes:2047006036,},ContainerImage{Names:[gcr.io/kubernetes-e2e-test-images/cuda-vector-add:1.0],SizeBytes:2016942040,},ContainerImage{Names:[registry.cn-qingdao.aliyuncs.com/metersphere/seleniarm-grid-all:4.1.4-20220519],SizeBytes:1904652549,},ContainerImage{Names:[k8s.gcr.io/e2e-test-images/node-perf/tf-wide-deep:1.1],SizeBytes:1631128450,},ContainerImage{Names:[harbor.moresec.cn/ksp/webshell_srv@sha256:52331f042d9b722692b7d1e7d39bad602f0755a948b8a439b4a27c4c0fae045f harbor.moresec.cn/ksp/webshell_srv:2.2.0 harbor.moresec.cn/ksp/webshell_srv:latest],SizeBytes:981080070,},ContainerImage{Names:[golang@sha256:e06c83493ef6d69c95018da90f2887bf337470db074d3c648b8b648d8e3c441e golang:latest],SizeBytes:940801393,},ContainerImage{Names:[k8s.gcr.io/e2e-test-images/perl:5.26],SizeBytes:853225645,},ContainerImage{Names:[k8s.gcr.io/e2e-test-images/volume/rbd:1.0.3],SizeBytes:751897580,},ContainerImage{Names:[istio/examples-bookinfo-reviews-v1@sha256:d1b8447be70549f1f7303f266d88c16112e2695cc110603fdb1c8ee432a627bf istio/examples-bookinfo-reviews-v1:1.16.2],SizeBytes:693666078,},ContainerImage{Names:[docker-dev.moresec.cn:10443/ksp/sc_worker@sha256:3a05b8285428e9559bc9cf50da00e8239dac3c86882dce41965debd7ec996362 harbor.moresec.cn/sca_k8s/sc_worker@sha256:3a05b8285428e9559bc9cf50da00e8239dac3c86882dce41965debd7ec996362 docker-dev.moresec.cn:10443/ksp/sc_worker:1.2.4 harbor.moresec.cn/sca_k8s/sc_worker:1.2.4],SizeBytes:649910709,},ContainerImage{Names:[docker-dev.moresec.cn:10443/ksp/ksp_init@sha256:9e658148b745bcc5131d6f68e0d2d7388c27faf5bc861b13e8272fdaeb4408b1 docker-dev.moresec.cn:10443/ksp/ksp_init:2.1.0],SizeBytes:628261780,},ContainerImage{Names:[registry.cn-qingdao.aliyuncs.com/metersphere/metersphere:v1.20.6-lts],SizeBytes:610265209,},ContainerImage{Names:[harbor.moresec.cn/ksp/ksp_agent@sha256:c1932469dedf0835e9ad565f029513d9c0d005811f0832bfb7b661f7483ac72c],SizeBytes:602699860,},ContainerImage{Names:[docker-dev.moresec.cn:10443/ksp/ksp_agent@sha256:5334579fdffbc7898576b6fa09dee2011dafdc9b1fc0fa3f4856fb5c4ae4930b docker-dev.moresec.cn:10443/ksp/ksp_agent:latest],SizeBytes:602398865,},ContainerImage{Names:[registry.cn-qingdao.aliyuncs.com/metersphere/kafka:2],SizeBytes:584842926,},ContainerImage{Names:[docker-dev.moresec.cn:10443/ksp/kafka@sha256:33751847bde5c37fe0f329b73ed12ee92eeb27783035d91b03ffdb93c3e6fb65 docker-dev.moresec.cn:10443/ksp/kafka:2.8.1],SizeBytes:584811800,},ContainerImage{Names:[registry.cn-qingdao.aliyuncs.com/metersphere/jmeter-master:5.4.3-ms6-jdk11],SizeBytes:575005331,},ContainerImage{Names:[kennethreitz/httpbin@sha256:599fe5e5073102dbb0ee3dbb65f049dab44fa9fc251f6835c9990f8fb196a72b kennethreitz/httpbin:latest],SizeBytes:533651313,},ContainerImage{Names:[registry.cn-qingdao.aliyuncs.com/metersphere/ms-node-controller:v1.20.6-lts],SizeBytes:530934282,},ContainerImage{Names:[bitnami/fluentd@sha256:573b98fb93057d1fd484724253d445f76dfbf1b3f68816b0414e75e07d84dfb4 harbor.moresec.cn/ksp/fluentd@sha256:573b98fb93057d1fd484724253d445f76dfbf1b3f68816b0414e75e07d84dfb4 bitnami/fluentd:1.14.2-debian-10-r9 harbor.moresec.cn/ksp/fluentd:1.14.2-debian-10-r9],SizeBytes:508732919,},ContainerImage{Names:[harbor.moresec.cn/ksp/ksp_agent@sha256:f96a653e88fcf5b71a82e603da3ace5e774c9dd4e37dcdfc7a1db3ce87267245 harbor.moresec.cn/ksp/ksp_agent:latest],SizeBytes:495969065,},ContainerImage{Names:[harbor.moresec.cn/ksp/ksp_agent@sha256:62d75a6961ee50b7bbea1eeb9a835b8809fbf868cda8ea7e30c57a871fe36ae4],SizeBytes:495943489,},ContainerImage{Names:[harbor.moresec.cn/ksp/ksp_agent@sha256:4244293c22c6871d040fd67f559b8d44a93291a5c83c8f8ebb541fdb077fbc77],SizeBytes:495920142,},ContainerImage{Names:[harbor.moresec.cn/ksp/ksp_agent@sha256:fcc1e1c17304da836dad3777e003799b77df4b754168079b43b23e7dfd8e2921],SizeBytes:495919990,},ContainerImage{Names:[docker-dev.moresec.cn:10443/ksp/ksp_agent@sha256:36abcc9dd9a4fd2ee9cc6a7332df5e906d9d785e8100e7cc252fa18880c9bf3f docker-dev.moresec.cn:10443/ksp/ksp_agent:2.1.0],SizeBytes:491617343,},ContainerImage{Names:[docker-dev.moresec.cn:10443/ksp/ksp_agent@sha256:70debd6986cfcb0361a0220aa9a3df8f74f3ab7cd097450bfedeb1d1f125021e docker-dev.moresec.cn:10443/ksp/ksp_agent:debug],SizeBytes:491553819,},ContainerImage{Names:[tomcat@sha256:df634a0b4a2a61069521c4681609423b3794d2a3120821b92f346710450ad344 tomcat:latest],SizeBytes:482781027,},ContainerImage{Names:[tomcat@sha256:8ba062f472d7dbde11458d257f3a251af89c38bf96f0b9b60683ff440491cb5c tomcat:8],SizeBytes:481266517,},ContainerImage{Names:[192.168.132.114/iast/iast@sha256:d70b9b55f733826235411c55b7da72d79ad3981653665b0fcd9cfd8c2375d795 192.168.132.114/iast/iast:latest],SizeBytes:479554901,},ContainerImage{Names:[docker-dev.moresec.cn:10443/ksp/influxdb@sha256:4d688fb9837fcfb84ac4cdd65215e06c2c98cac743ffbbddde8a735d4ef1f707 docker-dev.moresec.cn:10443/ksp/influxdb:2.0.9-debian-10-r5],SizeBytes:468207544,},ContainerImage{Names:[docker-dev.moresec.cn:10443/ksp/zookeeper@sha256:3f077ee4e6b2ff601c2344b1bd007e752ad3ca66550eaf41604e290a02bb92c7 docker-dev.moresec.cn:10443/ksp/zookeeper:3.7.0-debian-10-r68],SizeBytes:468025553,},ContainerImage{Names:[docker-dev.moresec.cn:10443/ksp/zookeeper@sha256:48d32c70549cdddb608dea0b66ce3d9472e20794cf295a6c32df0c37df3a14c1 docker-dev.moresec.cn:10443/ksp/zookeeper:3.6.3],SizeBytes:467282205,},ContainerImage{Names:[harbor.moresec.cn/ksp/mongodb@sha256:fd56fed5a87feb1a9f18e7d31362518a30b7a31fa053e0d6faca281e223d75ce harbor.moresec.cn/ksp/mongodb:4.4.5-debian-10-r0],SizeBytes:453660053,},ContainerImage{Names:[registry.cn-qingdao.aliyuncs.com/metersphere/zookeeper:3],SizeBytes:450669889,},ContainerImage{Names:[jenkins/inbound-agent@sha256:fd03ca26dbc0745eef54d0919df1f4d030d0bb5da8befaad84bd22f649f1e26b jenkins/inbound-agent:4.11-1-jdk8],SizeBytes:449034389,},ContainerImage{Names:[registry.cn-qingdao.aliyuncs.com/metersphere/mysql:5.7.33],SizeBytes:448709496,},ContainerImage{Names:[harbor.moresec.cn/ksp/sav_service@sha256:1cded1904d167b240f4821e7bc63745478991000e7715d5c4eecc134c25bb8ad harbor.moresec.cn/ksp/sav_service:2.2.0 harbor.moresec.cn/ksp/sav_service:latest],SizeBytes:434790033,},ContainerImage{Names:[harbor.moresec.cn/ksp/ksp_agent@sha256:0fa5495795843bd5d69156d87b2d1c8ba34758af85fcd472ec6ad0daba56fe26],SizeBytes:433527765,},ContainerImage{Names:[harbor.moresec.cn/ksp/ksp_agent@sha256:7fc828e5732309187da20a9a025a142f8229f04087601a9fad119c3724ab6e92 harbor.moresec.cn/ksp/ksp_agent:2.2.0],SizeBytes:433527765,},ContainerImage{Names:[harbor.moresec.cn/ksp/ksp_agent@sha256:b6455a0f39f08b39b5ee701bbcfb11edb8484478bfe44f30a3a48f041ea504b1],SizeBytes:433527765,},ContainerImage{Names:[k8s.gcr.io/e2e-test-images/volume/iscsi:2.2],SizeBytes:414158129,},ContainerImage{Names:[k8s.gcr.io/sig-storage/nfs-provisioner:v2.2.2],SizeBytes:391702539,},ContainerImage{Names:[docker-dev.moresec.cn:10443/ksp/ksp_agent@sha256:fee3f2661f343139839f62ece13d4749d6f6d03aa748ce4467c7ed97eeca36ed docker-dev.moresec.cn:10443/ksp/ksp_agent:1.4.1],SizeBytes:391574036,},ContainerImage{Names:[kubesphere/ks-installer@sha256:749f1ed10c672ae460f79932553ac5ba321b98df972b778041dc2cc7402dd478 kubesphere/ks-installer:v3.2.1],SizeBytes:383453543,},ContainerImage{Names:[k8s.gcr.io/e2e-test-images/glusterdynamic-provisioner:v1.0],SizeBytes:373269502,},ContainerImage{Names:[k8s.gcr.io/e2e-test-images/volume/gluster:1.2],SizeBytes:340272046,},ContainerImage{Names:[bitnami/fluentd@sha256:1929a66b95c98cc074242933b9367e1194724c5e7019d0c9738523ab6af8f097 bitnami/fluentd:latest],SizeBytes:339523678,},ContainerImage{Names:[sonobuoy/systemd-logs:v0.4],SizeBytes:314068873,},ContainerImage{Names:[registry.cn-qingdao.aliyuncs.com/metersphere/ms-data-streaming:v1.20.6-lts],SizeBytes:306751358,},},VolumesInUse:[],VolumesAttached:[]AttachedVolume{},Config:nil,},}&#xA;Jul 24 14:35:35.816: INFO: &#xA;Logging kubelet events for node k8s-node03&#xA;Jul 24 14:35:35.818: INFO: &#xA;Logging pods the kubelet thinks is on node k8s-node03&#xA;Jul 24 14:35:35.858: INFO: kube-flannel-ds-9bdvn started at 2022-07-10 14:28:10 +0000 UTC (2+1 container statuses recorded)&#xA;Jul 24 14:35:35.858: INFO: &#x9;Init container install-cni-plugin ready: true, restart count 0&#xA;Jul 24 14:35:35.858: INFO: &#x9;Init container install-cni ready: true, restart count 0&#xA;Jul 24 14:35:35.858: INFO: &#x9;Container kube-flannel ready: true, restart count 0&#xA;Jul 24 14:35:35.858: INFO: ksp-image-scanner-855f89657c-2gr9n started at 2022-07-18 06:47:00 +0000 UTC (0+3 container statuses recorded)&#xA;Jul 24 14:35:35.858: INFO: &#x9;Container image-scanner ready: true, restart count 0&#xA;Jul 24 14:35:35.858: INFO: &#x9;Container sav-service ready: true, restart count 0&#xA;Jul 24 14:35:35.858: INFO: &#x9;Container webshell-srv ready: true, restart count 0&#xA;Jul 24 14:35:35.858: INFO: metrics-server-687cb5444-nsqpc started at 2022-07-20 02:40:22 +0000 UTC (0+1 container statuses recorded)&#xA;Jul 24 14:35:35.858: INFO: &#x9;Container metrics-server ready: true, restart count 3&#xA;Jul 24 14:35:35.858: INFO: ksp-gateway-5d5784b6ff-jdwgp started at 2022-07-20 11:56:20 +0000 UTC (0+1 container statuses recorded)&#xA;Jul 24 14:35:35.858: INFO: &#x9;Container gateway ready: true, restart count 7&#xA;Jul 24 14:35:35.858: INFO: gatekeeper-audit-8b65cf5d5-hnlqb started at 2022-07-24 12:39:15 +0000 UTC (0+1 container statuses recorded)&#xA;Jul 24 14:35:35.858: INFO: &#x9;Container manager ready: true, restart count 0&#xA;Jul 24 14:35:35.858: INFO: ubuntu-deployment-docker-sock-f7dc65cf-bh4cm started at 2022-07-15 07:29:35 +0000 UTC (0+1 container statuses recorded)&#xA;Jul 24 14:35:35.858: INFO: &#x9;Container ubuntu-docker-sock ready: true, restart count 0&#xA;Jul 24 14:35:35.858: INFO: revshell-7448cf7f48-9lrt9 started at 2022-07-24 12:39:16 +0000 UTC (0+1 container statuses recorded)&#xA;Jul 24 14:35:35.858: INFO: &#x9;Container revshell ready: true, restart count 0&#xA;Jul 24 14:35:35.858: INFO: gatekeeper-controller-manager-6566df6878-tsd9p started at 2022-07-20 02:40:21 +0000 UTC (0+1 container statuses recorded)&#xA;Jul 24 14:35:35.858: INFO: &#x9;Container manager ready: true, restart count 0&#xA;Jul 24 14:35:35.858: INFO: ksp-web-6544f958bf-kg5jx started at 2022-07-20 02:40:22 +0000 UTC (0+1 container statuses recorded)&#xA;Jul 24 14:35:35.858: INFO: &#x9;Container web ready: true, restart count 0&#xA;Jul 24 14:35:35.858: INFO: mytomcat-bb7b6978b-4strb started at 2022-07-14 09:47:13 +0000 UTC (0+1 container statuses recorded)&#xA;Jul 24 14:35:35.858: INFO: &#x9;Container mytomcat ready: true, restart count 0&#xA;Jul 24 14:35:35.858: INFO: static-web started at 2022-07-12 05:43:17 +0000 UTC (0+1 container statuses recorded)&#xA;Jul 24 14:35:35.858: INFO: &#x9;Container web ready: true, restart count 0&#xA;Jul 24 14:35:35.858: INFO: ksp-cluster-agent-7fb968c996-fxb7g started at 2022-07-20 11:56:22 +0000 UTC (0+1 container statuses recorded)&#xA;Jul 24 14:35:35.858: INFO: &#x9;Container cluster-agent ready: true, restart count 11&#xA;Jul 24 14:35:35.858: INFO: kubectl-test-7d8d6cb4fd-bqbnm started at 2022-07-24 12:39:15 +0000 UTC (0+1 container statuses recorded)&#xA;Jul 24 14:35:35.858: INFO: &#x9;Container kubectl ready: true, restart count 0&#xA;Jul 24 14:35:35.858: INFO: kubectl-nibaba-b45bd6bd5-wwcvd started at 2022-07-24 12:39:16 +0000 UTC (0+1 container statuses recorded)&#xA;Jul 24 14:35:35.858: INFO: &#x9;Container kubectl ready: true, restart count 0&#xA;Jul 24 14:35:35.858: INFO: kube-state-metrics-7bdc7484cf-fswtg started at 2022-07-24 12:39:16 +0000 UTC (0+3 container statuses recorded)&#xA;Jul 24 14:35:35.858: INFO: &#x9;Container kube-rbac-proxy-main ready: true, restart count 0&#xA;Jul 24 14:35:35.858: INFO: &#x9;Container kube-rbac-proxy-self ready: true, restart count 0&#xA;Jul 24 14:35:35.858: INFO: &#x9;Container kube-state-metrics ready: true, restart count 0&#xA;Jul 24 14:35:35.858: INFO: mytomcat-bb7b6978b-9p9m7 started at 2022-07-14 09:47:13 +0000 UTC (0+1 container statuses recorded)&#xA;Jul 24 14:35:35.858: INFO: &#x9;Container mytomcat ready: true, restart count 0&#xA;Jul 24 14:35:35.858: INFO: mytomcat-bb7b6978b-b7mp4 started at 2022-07-14 09:47:13 +0000 UTC (0+1 container statuses recorded)&#xA;Jul 24 14:35:35.858: INFO: &#x9;Container mytomcat ready: true, restart count 0&#xA;Jul 24 14:35:35.858: INFO: mytomcat-bb7b6978b-g9tgt started at 2022-07-14 09:47:13 +0000 UTC (0+1 container statuses recorded)&#xA;Jul 24 14:35:35.858: INFO: &#x9;Container mytomcat ready: true, restart count 0&#xA;Jul 24 14:35:35.858: INFO: node-exporter-f9m2n started at 2022-07-08 03:28:45 +0000 UTC (0+2 container statuses recorded)&#xA;Jul 24 14:35:35.858: INFO: &#x9;Container kube-rbac-proxy ready: true, restart count 0&#xA;Jul 24 14:35:35.858: INFO: &#x9;Container node-exporter ready: true, restart count 0&#xA;Jul 24 14:35:35.858: INFO: mytomcat-bb7b6978b-55lfk started at 2022-07-14 09:47:13 +0000 UTC (0+1 container statuses recorded)&#xA;Jul 24 14:35:35.858: INFO: &#x9;Container mytomcat ready: true, restart count 0&#xA;Jul 24 14:35:35.858: INFO: ksp-mongodb-0 started at 2022-07-10 14:28:11 +0000 UTC (0+1 container statuses recorded)&#xA;Jul 24 14:35:35.858: INFO: &#x9;Container mongodb ready: true, restart count 0&#xA;Jul 24 14:35:35.858: INFO: sonobuoy-systemd-logs-daemon-set-bb55de94825d4876-wswjk started at 2022-07-24 11:16:54 +0000 UTC (0+2 container statuses recorded)&#xA;Jul 24 14:35:35.858: INFO: &#x9;Container sonobuoy-worker ready: true, restart count 0&#xA;Jul 24 14:35:35.858: INFO: &#x9;Container systemd-logs ready: true, restart count 0&#xA;Jul 24 14:35:35.858: INFO: filler-pod-1720d53b-93f6-4f77-9686-c2781adcb90b started at 2022-07-24 14:31:15 +0000 UTC (0+1 container statuses recorded)&#xA;Jul 24 14:35:35.858: INFO: &#x9;Container filler-pod-1720d53b-93f6-4f77-9686-c2781adcb90b ready: true, restart count 0&#xA;Jul 24 14:35:35.858: INFO: tomcat-ttt45-6c575b65c4-h2fgc started at 2022-07-24 12:39:26 +0000 UTC (0+1 container statuses recorded)&#xA;Jul 24 14:35:35.858: INFO: &#x9;Container tomcat-ttt45 ready: true, restart count 0&#xA;Jul 24 14:35:35.858: INFO: kube-proxy-wr6vf started at 2022-07-05 02:22:49 +0000 UTC (0+1 container statuses recorded)&#xA;Jul 24 14:35:35.858: INFO: &#x9;Container kube-proxy ready: true, restart count 0&#xA;Jul 24 14:35:35.858: INFO: ksp-cluster-manager-67476c9b6c-7slls started at 2022-07-20 02:40:20 +0000 UTC (0+1 container statuses recorded)&#xA;Jul 24 14:35:35.858: INFO: &#x9;Container cluster-manager ready: true, restart count 8&#xA;Jul 24 14:35:35.858: INFO: nginx-deployment-66b6c48dd5-2kksf started at 2022-07-20 02:40:22 +0000 UTC (0+1 container statuses recorded)&#xA;Jul 24 14:35:35.858: INFO: &#x9;Container nginx ready: true, restart count 0&#xA;Jul 24 14:35:35.858: INFO: ksp-account-647659d74f-vq9lh started at 2022-07-20 02:40:23 +0000 UTC (0+2 container statuses recorded)&#xA;Jul 24 14:35:35.858: INFO: &#x9;Container account-gateway ready: true, restart count 0&#xA;Jul 24 14:35:35.858: INFO: &#x9;Container account-server ready: true, restart count 0&#xA;Jul 24 14:35:35.858: INFO: gatekeeper-controller-manager-6566df6878-lqlww started at 2022-07-24 12:39:15 +0000 UTC (0+1 container statuses recorded)&#xA;Jul 24 14:35:35.858: INFO: &#x9;Container manager ready: true, restart count 0&#xA;Jul 24 14:35:35.858: INFO: ksp-controller-85dc685ddc-swvhm started at 2022-07-24 12:39:16 +0000 UTC (0+1 container statuses recorded)&#xA;Jul 24 14:35:35.858: INFO: &#x9;Container controller ready: true, restart count 0&#xA;Jul 24 14:35:35.949: INFO: &#xA;Latency metrics for node k8s-node03&#xA;Jul 24 14:35:35.949: INFO: &#xA;Logging node info for node kubernetes-master&#xA;Jul 24 14:35:35.951: INFO: Node Info: &amp;Node{ObjectMeta:{kubernetes-master    3aced625-2825-4266-8394-8b39739b3fbd 5759635 0 2022-07-05 02:21:30 +0000 UTC &lt;nil&gt; &lt;nil&gt; map[beta.kubernetes.io/arch:amd64 beta.kubernetes.io/os:linux kubernetes.io/arch:amd64 kubernetes.io/hostname:kubernetes-master kubernetes.io/os:linux node-role.kubernetes.io/control-plane: node-role.kubernetes.io/master: node.kubernetes.io/exclude-from-external-load-balancers:] map[flannel.alpha.coreos.com/backend-data:{&#34;VNI&#34;:1,&#34;VtepMAC&#34;:&#34;5e:f9:56:8e:68:51&#34;} flannel.alpha.coreos.com/backend-type:vxlan flannel.alpha.coreos.com/kube-subnet-manager:true flannel.alpha.coreos.com/public-ip:192.168.132.10 kubeadm.alpha.kubernetes.io/cri-socket:/var/run/dockershim.sock node.alpha.kubernetes.io/ttl:0 volumes.kubernetes.io/controller-managed-attach-detach:true] [] []  [{kubelet Update v1 2022-07-05 02:21:30 +0000 UTC FieldsV1 {&#34;f:metadata&#34;:{&#34;f:annotations&#34;:{&#34;.&#34;:{},&#34;f:volumes.kubernetes.io/controller-managed-attach-detach&#34;:{}},&#34;f:labels&#34;:{&#34;.&#34;:{},&#34;f:beta.kubernetes.io/arch&#34;:{},&#34;f:beta.kubernetes.io/os&#34;:{},&#34;f:kubernetes.io/arch&#34;:{},&#34;f:kubernetes.io/hostname&#34;:{},&#34;f:kubernetes.io/os&#34;:{}}}} } {kubeadm Update v1 2022-07-05 02:21:36 +0000 UTC FieldsV1 {&#34;f:metadata&#34;:{&#34;f:annotations&#34;:{&#34;f:kubeadm.alpha.kubernetes.io/cri-socket&#34;:{}},&#34;f:labels&#34;:{&#34;f:node-role.kubernetes.io/control-plane&#34;:{},&#34;f:node-role.kubernetes.io/master&#34;:{},&#34;f:node.kubernetes.io/exclude-from-external-load-balancers&#34;:{}}}} } {flanneld Update v1 2022-07-05 02:25:44 +0000 UTC FieldsV1 {&#34;f:metadata&#34;:{&#34;f:annotations&#34;:{&#34;f:flannel.alpha.coreos.com/backend-data&#34;:{},&#34;f:flannel.alpha.coreos.com/backend-type&#34;:{},&#34;f:flannel.alpha.coreos.com/kube-subnet-manager&#34;:{},&#34;f:flannel.alpha.coreos.com/public-ip&#34;:{}}},&#34;f:status&#34;:{&#34;f:conditions&#34;:{&#34;k:{\&#34;type\&#34;:\&#34;NetworkUnavailable\&#34;}&#34;:{&#34;.&#34;:{},&#34;f:lastHeartbeatTime&#34;:{},&#34;f:lastTransitionTime&#34;:{},&#34;f:message&#34;:{},&#34;f:reason&#34;:{},&#34;f:status&#34;:{},&#34;f:type&#34;:{}}}}} status} {kube-controller-manager Update v1 2022-07-05 02:25:51 +0000 UTC FieldsV1 {&#34;f:metadata&#34;:{&#34;f:annotations&#34;:{&#34;f:node.alpha.kubernetes.io/ttl&#34;:{}}},&#34;f:spec&#34;:{&#34;f:podCIDR&#34;:{},&#34;f:podCIDRs&#34;:{&#34;.&#34;:{},&#34;v:\&#34;10.244.0.0/24\&#34;&#34;:{}},&#34;f:taints&#34;:{}}} } {kubelet Update v1 2022-07-06 11:03:09 +0000 UTC FieldsV1 {&#34;f:status&#34;:{&#34;f:allocatable&#34;:{&#34;f:ephemeral-storage&#34;:{}},&#34;f:conditions&#34;:{&#34;k:{\&#34;type\&#34;:\&#34;DiskPressure\&#34;}&#34;:{&#34;f:lastHeartbeatTime&#34;:{},&#34;f:lastTransitionTime&#34;:{},&#34;f:message&#34;:{},&#34;f:reason&#34;:{},&#34;f:status&#34;:{}},&#34;k:{\&#34;type\&#34;:\&#34;MemoryPressure\&#34;}&#34;:{&#34;f:lastHeartbeatTime&#34;:{}},&#34;k:{\&#34;type\&#34;:\&#34;PIDPressure\&#34;}&#34;:{&#34;f:lastHeartbeatTime&#34;:{}},&#34;k:{\&#34;type\&#34;:\&#34;Ready\&#34;}&#34;:{&#34;f:lastHeartbeatTime&#34;:{},&#34;f:lastTransitionTime&#34;:{},&#34;f:message&#34;:{},&#34;f:reason&#34;:{},&#34;f:status&#34;:{}}},&#34;f:images&#34;:{}}} status}]},Spec:NodeSpec{PodCIDR:10.244.0.0/24,DoNotUseExternalID:,ProviderID:,Unschedulable:false,Taints:[]Taint{Taint{Key:node-role.kubernetes.io/master,Value:,Effect:NoSchedule,TimeAdded:&lt;nil&gt;,},},ConfigSource:nil,PodCIDRs:[10.244.0.0/24],},Status:NodeStatus{Capacity:ResourceList{cpu: {{8 0} {&lt;nil&gt;} 8 DecimalSI},ephemeral-storage: {{64393052160 0} {&lt;nil&gt;} 61410Mi BinarySI},hugepages-1Gi: {{0 0} {&lt;nil&gt;} 0 DecimalSI},hugepages-2Mi: {{0 0} {&lt;nil&gt;} 0 DecimalSI},memory: {{16363429888 0} {&lt;nil&gt;}  BinarySI},pods: {{110 0} {&lt;nil&gt;} 110 DecimalSI},},Allocatable:ResourceList{cpu: {{8 0} {&lt;nil&gt;} 8 DecimalSI},ephemeral-storage: {{57953746849 0} {&lt;nil&gt;} 57953746849 DecimalSI},hugepages-1Gi: {{0 0} {&lt;nil&gt;} 0 DecimalSI},hugepages-2Mi: {{0 0} {&lt;nil&gt;} 0 DecimalSI},memory: {{16258572288 0} {&lt;nil&gt;}  BinarySI},pods: {{110 0} {&lt;nil&gt;} 110 DecimalSI},},Phase:,Conditions:[]NodeCondition{NodeCondition{Type:NetworkUnavailable,Status:False,LastHeartbeatTime:2022-07-20 13:10:37 +0000 UTC,LastTransitionTime:2022-07-20 13:10:37 +0000 UTC,Reason:FlannelIsUp,Message:Flannel is running on this node,},NodeCondition{Type:MemoryPressure,Status:False,LastHeartbeatTime:2022-07-24 14:30:55 +0000 UTC,LastTransitionTime:2022-07-05 02:21:27 +0000 UTC,Reason:KubeletHasSufficientMemory,Message:kubelet has sufficient memory available,},NodeCondition{Type:DiskPressure,Status:False,LastHeartbeatTime:2022-07-24 14:30:55 +0000 UTC,LastTransitionTime:2022-07-20 14:01:09 +0000 UTC,Reason:KubeletHasNoDiskPressure,Message:kubelet has no disk pressure,},NodeCondition{Type:PIDPressure,Status:False,LastHeartbeatTime:2022-07-24 14:30:55 +0000 UTC,LastTransitionTime:2022-07-05 02:21:27 +0000 UTC,Reason:KubeletHasSufficientPID,Message:kubelet has sufficient PID available,},NodeCondition{Type:Ready,Status:True,LastHeartbeatTime:2022-07-24 14:30:55 +0000 UTC,LastTransitionTime:2022-07-05 02:25:51 +0000 UTC,Reason:KubeletReady,Message:kubelet is posting ready status,},},Addresses:[]NodeAddress{NodeAddress{Type:InternalIP,Address:192.168.132.10,},NodeAddress{Type:Hostname,Address:kubernetes-master,},},DaemonEndpoints:NodeDaemonEndpoints{KubeletEndpoint:DaemonEndpoint{Port:10250,},},NodeInfo:NodeSystemInfo{MachineID:fb3827e59f7a404da989f5baad81fd64,SystemUUID:8b0a8320-771a-e911-ad96-a4bf015b202c,BootID:77d5ca0b-5426-4224-bce2-bf7a7e52dec4,KernelVersion:5.4.132-1.el7.elrepo.x86_64,OSImage:CentOS Linux 7 (Core),ContainerRuntimeVersion:docker://20.10.7,KubeletVersion:v1.22.3,KubeProxyVersion:v1.22.3,OperatingSystem:linux,Architecture:amd64,},Images:[]ContainerImage{ContainerImage{Names:[k8s.gcr.io/e2e-test-images/cuda-vector-add:2.2],SizeBytes:2579956550,},ContainerImage{Names:[k8s.gcr.io/e2e-test-images/cuda-vector-add:1.0],SizeBytes:2047006036,},ContainerImage{Names:[k8s.gcr.io/e2e-test-images/node-perf/tf-wide-deep:1.1],SizeBytes:1631128450,},ContainerImage{Names:[rancher/rancher@sha256:f411ee37efa38d7891c11ecdd5c60ca73eb03dcd32296678af808f6b4ecccfff rancher/rancher:latest],SizeBytes:1162893124,},ContainerImage{Names:[k8s.gcr.io/e2e-test-images/perl:5.26],SizeBytes:853225645,},ContainerImage{Names:[k8s.gcr.io/e2e-test-images/volume/rbd:1.0.3],SizeBytes:751897580,},ContainerImage{Names:[mongo@sha256:05678ae4e5e1df9f4b7d89c102fe55b1ef156bb8ba148b156ddb98549f8efe90 mongo:4.4],SizeBytes:438075000,},ContainerImage{Names:[harbor.moresec.cn/ksp/ksp_agent@sha256:430f8d70e0cb67a7925c6d7b4555344c478ab2130274b78e672c8ad9cad7bf2a harbor.moresec.cn/ksp/ksp_agent:laishang],SizeBytes:433318869,},ContainerImage{Names:[k8s.gcr.io/e2e-test-images/volume/iscsi:2.2],SizeBytes:414158129,},ContainerImage{Names:[k8s.gcr.io/sig-storage/nfs-provisioner:v2.2.2],SizeBytes:391702539,},ContainerImage{Names:[k8s.gcr.io/e2e-test-images/glusterdynamic-provisioner:v1.0],SizeBytes:373269502,},ContainerImage{Names:[k8s.gcr.io/e2e-test-images/volume/gluster:1.2],SizeBytes:340272046,},ContainerImage{Names:[sonobuoy/systemd-logs:v0.4],SizeBytes:314068873,},ContainerImage{Names:[192.168.132.114/tmp/evilubuntu@sha256:58336cde8066674f39fba51c804ab7c6c6dce71bf9f98f3f4153fd7fb83a2aaf 192.168.11.148/library/evilubuntu:0.1 192.168.132.114/tmp/evilubuntu:0.1],SizeBytes:305572424,},ContainerImage{Names:[registry.aliyuncs.com/google_containers/etcd@sha256:9ce33ba33d8e738a5b85ed50b5080ac746deceed4a7496c550927a7a19ca3b6d registry.cn-hangzhou.aliyuncs.com/google_containers/etcd@sha256:9ce33ba33d8e738a5b85ed50b5080ac746deceed4a7496c550927a7a19ca3b6d registry.aliyuncs.com/google_containers/etcd:3.5.0-0 registry.cn-hangzhou.aliyuncs.com/google_containers/etcd:3.5.0-0],SizeBytes:294520669,},ContainerImage{Names:[192.168.132.114/revshell/revshell@sha256:9b67dba407ee84b9c44b25000faab4b15234d348853ce5e51a7eb7dcefedcc26],SizeBytes:271797518,},ContainerImage{Names:[192.168.132.114/revshell/revshell@sha256:6d8b31f77b52acd39735757cc52d138f343fc49ea76772d4fac615d6064b5978 192.168.132.114/revshell/revshell:latest revshell:latest],SizeBytes:271797514,},ContainerImage{Names:[192.168.132.114/revshell/listen@sha256:e51b45cdcf6314fabe93ef6b0dda4062713628b951f948aac56154c2e092bd18 192.168.132.114/revshell/listen:latest listen:latest],SizeBytes:271796301,},ContainerImage{Names:[k8s.gcr.io/e2e-test-images/volume/nfs:1.2],SizeBytes:263870626,},ContainerImage{Names:[k8s.gcr.io/etcd:3.4.13-0],SizeBytes:253376083,},ContainerImage{Names:[k8s.gcr.io/e2e-test-images/jessie-dnsutils:1.4],SizeBytes:253346057,},ContainerImage{Names:[k8s.gcr.io/conformance:v1.22.3 registry.k8s.io/conformance:v1.22.3],SizeBytes:246064443,},ContainerImage{Names:[192.168.132.114/process/process@sha256:b08bcadd231b62eba8913d7f9b7ef6a54087fedec3a52607decd86aae014330a 192.168.132.114/process/process:latest process:latest],SizeBytes:231220584,},ContainerImage{Names:[centos@sha256:a27fd8080b517143cbbbab9dfb7c8571c40d67d534bbdee55bd6c473f432b177 centos:centos8 centos:latest],SizeBytes:231219825,},ContainerImage{Names:[kubesphere/ks-apiserver@sha256:711485c8710e08ba70b22ab68bf7518bd794fc69e0dffbdbfafafadbdf9d8891 kubesphere/ks-apiserver:v3.3.0],SizeBytes:191238232,},ContainerImage{Names:[192.168.132.114/escape/escape_stop_container@sha256:b6f5f4f397df6aa5efa07d7c33d10c905ed6356f4911492f4e02044727d3ee59 192.168.132.114/escape/escape_stop_container:latest escape_stop_container:latest],SizeBytes:178511418,},ContainerImage{Names:[192.168.132.114/micro/worker@sha256:0c3e148cec3fbf3f62b381f96dcb4b8dcfad7a8d4cf33a91d6c3a8484e156c4c 192.168.132.114/micro/worker:latest worker:latest],SizeBytes:178337313,},ContainerImage{Names:[kubesphere/ks-controller-manager@sha256:5f5ddc90a97b5ba2e1a502e7c4cf3b1f86aa8343792c694cb48840278e2ec72c kubesphere/ks-controller-manager:v3.3.0],SizeBytes:170565253,},ContainerImage{Names:[registry.aliyuncs.com/google_containers/kube-apiserver@sha256:6ee1c59e9c1fb570e7958e267a6993988eaa22448beb70d99de7afb21e862e9d registry.cn-hangzhou.aliyuncs.com/google_containers/kube-apiserver@sha256:6ee1c59e9c1fb570e7958e267a6993988eaa22448beb70d99de7afb21e862e9d registry.aliyuncs.com/google_containers/kube-apiserver:v1.22.3 registry.cn-hangzhou.aliyuncs.com/google_containers/kube-apiserver:v1.22.3],SizeBytes:128278355,},ContainerImage{Names:[k8s.gcr.io/e2e-test-images/httpd:2.4.39-1],SizeBytes:126871615,},ContainerImage{Names:[k8s.gcr.io/e2e-test-images/agnhost:2.32],SizeBytes:125910179,},ContainerImage{Names:[k8s.gcr.io/e2e-test-images/httpd:2.4.38-1],SizeBytes:123774598,},ContainerImage{Names:[registry.aliyuncs.com/google_containers/kube-controller-manager@sha256:e67dbfd3796b7ce04fee80acb52876928c290224a91862c5849c3ab0fa31ca78 registry.cn-hangzhou.aliyuncs.com/google_containers/kube-controller-manager@sha256:e67dbfd3796b7ce04fee80acb52876928c290224a91862c5849c3ab0fa31ca78 registry.aliyuncs.com/google_containers/kube-controller-manager:v1.22.3 registry.cn-hangzhou.aliyuncs.com/google_containers/kube-controller-manager:v1.22.3],SizeBytes:121966693,},ContainerImage{Names:[k8s.gcr.io/e2e-test-images/nautilus:1.4],SizeBytes:121728153,},ContainerImage{Names:[k8s.gcr.io/e2e-test-images/kitten:1.4],SizeBytes:121721689,},ContainerImage{Names:[kubesphere/ks-console@sha256:6ad4af3742c3ac722405fd5749ddfda517916c4da24c50eea3049dea9e9cfeda kubesphere/ks-console:v3.3.0],SizeBytes:117049268,},ContainerImage{Names:[registry.aliyuncs.com/google_containers/kube-proxy@sha256:8d0561b2e5d0ccb9c49a25e7b415bef12637a07a872703dc252c2de3b458fc4f registry.cn-hangzhou.aliyuncs.com/google_containers/kube-proxy@sha256:8d0561b2e5d0ccb9c49a25e7b415bef12637a07a872703dc252c2de3b458fc4f registry.aliyuncs.com/google_containers/kube-proxy:v1.22.3 registry.cn-hangzhou.aliyuncs.com/google_containers/kube-proxy:v1.22.3],SizeBytes:103646205,},ContainerImage{Names:[harbor.moresec.cn/ksp/core@sha256:74f2ff732eeeadb8bf3ad19a2150a3e59657787eed4eb64e39551a8388120f84 harbor.moresec.cn/ksp/core:2.2.0-laishang],SizeBytes:98283749,},ContainerImage{Names:[k8s.gcr.io/e2e-test-images/node-perf/npb-is:1.1],SizeBytes:96376839,},ContainerImage{Names:[k8s.gcr.io/e2e-test-images/node-perf/npb-ep:1.1],SizeBytes:96375039,},ContainerImage{Names:[harbor.moresec.cn/ksp/task_center@sha256:9c3fc80c9b60765fc972d400bf5221f045ca440201d265107eb7dc719b167d1a harbor.moresec.cn/ksp/task_center:2.2.0-laishang],SizeBytes:96134087,},ContainerImage{Names:[ubuntu@sha256:b6b83d3c331794420340093eb706a6f152d9c1fa51b262d9bf34594887c2c7ac ubuntu:latest],SizeBytes:77815548,},ContainerImage{Names:[harbor.moresec.cn/ksp/license@sha256:f3393bf6bf48c974a3376b039405511d33833a13493e2ad7088ea6af9c45c4aa harbor.moresec.cn/ksp/license:2.2.0],SizeBytes:65830591,},ContainerImage{Names:[k8s.gcr.io/prometheus-dummy-exporter:v0.1.0],SizeBytes:64807703,},ContainerImage{Names:[rancher/mirrored-flannelcni-flannel@sha256:9fd7f4932b7193cc5d77a3c5ed303204c8382d3a88ca07540adbf4a3e94dd868 rancher/mirrored-flannelcni-flannel:v0.18.1],SizeBytes:62242473,},ContainerImage{Names:[harbor.moresec.cn/ksp/mentor@sha256:bb7607bd46e113f7c2ddb5a7db81862ee08e95f314f7c0529ed0b092c42bead1 harbor.moresec.cn/ksp/mentor:2.2.0-laishang],SizeBytes:61978773,},ContainerImage{Names:[k8s.gcr.io/build-image/debian-iptables:buster-v1.6.5],SizeBytes:60179159,},ContainerImage{Names:[k8s.gcr.io/sd-dummy-exporter:v0.2.0],SizeBytes:58268777,},ContainerImage{Names:[k8s.gcr.io/e2e-test-images/sample-apiserver:1.17.4],SizeBytes:58167705,},ContainerImage{Names:[registry.aliyuncs.com/google_containers/kube-scheduler@sha256:cac7ea67201a84c00f3e8d9be51877c25fb539055ac404c4a9d2dd4c79d3fdab registry.cn-hangzhou.aliyuncs.com/google_containers/kube-scheduler@sha256:cac7ea67201a84c00f3e8d9be51877c25fb539055ac404c4a9d2dd4c79d3fdab registry.aliyuncs.com/google_containers/kube-scheduler:v1.22.3 registry.cn-hangzhou.aliyuncs.com/google_containers/kube-scheduler:v1.22.3],SizeBytes:52641918,},},VolumesInUse:[],VolumesAttached:[]AttachedVolume{},Config:nil,},}&#xA;Jul 24 14:35:35.952: INFO: &#xA;Logging kubelet events for node kubernetes-master&#xA;Jul 24 14:35:35.953: INFO: &#xA;Logging pods the kubelet thinks is on node kubernetes-master&#xA;Jul 24 14:35:35.974: INFO: ks-apiserver-7c8c448bbb-c4w4s started at 2022-07-24 12:38:12 +0000 UTC (0+1 container statuses recorded)&#xA;Jul 24 14:35:35.974: INFO: &#x9;Container ks-apiserver ready: true, restart count 0&#xA;Jul 24 14:35:35.974: INFO: coredns-7f6cbbb7b8-strff started at 2022-07-06 03:11:19 +0000 UTC (0+1 container statuses recorded)&#xA;Jul 24 14:35:35.974: INFO: &#x9;Container coredns ready: true, restart count 2&#xA;Jul 24 14:35:35.974: INFO: ks-console-54bd5bcbc6-p5cvv started at 2022-07-24 10:48:18 +0000 UTC (0+1 container statuses recorded)&#xA;Jul 24 14:35:35.974: INFO: &#x9;Container ks-console ready: true, restart count 0&#xA;Jul 24 14:35:35.974: INFO: ks-controller-manager-bdbb456f4-82fdx started at 2022-07-08 03:25:11 +0000 UTC (0+1 container statuses recorded)&#xA;Jul 24 14:35:35.974: INFO: &#x9;Container ks-controller-manager ready: false, restart count 0&#xA;Jul 24 14:35:35.974: INFO: kube-scheduler-kubernetes-master started at 2022-07-05 02:21:39 +0000 UTC (0+1 container statuses recorded)&#xA;Jul 24 14:35:35.974: INFO: &#x9;Container kube-scheduler ready: true, restart count 7&#xA;Jul 24 14:35:35.974: INFO: kube-apiserver-kubernetes-master started at 2022-07-05 10:11:17 +0000 UTC (0+1 container statuses recorded)&#xA;Jul 24 14:35:35.974: INFO: &#x9;Container kube-apiserver ready: true, restart count 8&#xA;Jul 24 14:35:35.974: INFO: ks-controller-manager-bdbb456f4-wblsj started at 2022-07-15 07:46:52 +0000 UTC (0+1 container statuses recorded)&#xA;Jul 24 14:35:35.974: INFO: &#x9;Container ks-controller-manager ready: false, restart count 1&#xA;Jul 24 14:35:35.974: INFO: coredns-7f6cbbb7b8-kjjzz started at 2022-07-06 03:11:19 +0000 UTC (0+1 container statuses recorded)&#xA;Jul 24 14:35:35.974: INFO: &#x9;Container coredns ready: true, restart count 2&#xA;Jul 24 14:35:35.974: INFO: kube-flannel-ds-7wsql started at 2022-07-05 02:25:29 +0000 UTC (2+1 container statuses recorded)&#xA;Jul 24 14:35:35.974: INFO: &#x9;Init container install-cni-plugin ready: true, restart count 2&#xA;Jul 24 14:35:35.975: INFO: &#x9;Init container install-cni ready: true, restart count 0&#xA;Jul 24 14:35:35.975: INFO: &#x9;Container kube-flannel ready: true, restart count 4&#xA;Jul 24 14:35:35.975: INFO: ks-console-54bd5bcbc6-nwfw2 started at 2022-07-15 07:46:52 +0000 UTC (0+1 container statuses recorded)&#xA;Jul 24 14:35:35.975: INFO: &#x9;Container ks-console ready: false, restart count 0&#xA;Jul 24 14:35:35.975: INFO: ks-console-54bd5bcbc6-t74kc started at 2022-07-08 03:25:11 +0000 UTC (0+1 container statuses recorded)&#xA;Jul 24 14:35:35.975: INFO: &#x9;Container ks-console ready: false, restart count 0&#xA;Jul 24 14:35:35.975: INFO: sonobuoy-e2e-job-82b0dd9ec4534543 started at 2022-07-24 11:15:35 +0000 UTC (0+2 container statuses recorded)&#xA;Jul 24 14:35:35.975: INFO: &#x9;Container e2e ready: true, restart count 0&#xA;Jul 24 14:35:35.975: INFO: &#x9;Container sonobuoy-worker ready: true, restart count 0&#xA;Jul 24 14:35:35.975: INFO: ks-apiserver-7c8c448bbb-t7h7k started at 2022-07-15 07:46:52 +0000 UTC (0+1 container statuses recorded)&#xA;Jul 24 14:35:35.975: INFO: &#x9;Container ks-apiserver ready: false, restart count 1&#xA;Jul 24 14:35:35.975: INFO: node-exporter-l9txx started at 2022-07-20 14:02:06 +0000 UTC (0+2 container statuses recorded)&#xA;Jul 24 14:35:35.975: INFO: &#x9;Container kube-rbac-proxy ready: true, restart count 0&#xA;Jul 24 14:35:35.975: INFO: &#x9;Container node-exporter ready: true, restart count 0&#xA;Jul 24 14:35:35.975: INFO: ks-controller-manager-bdbb456f4-gw9w9 started at 2022-07-24 12:38:12 +0000 UTC (0+1 container statuses recorded)&#xA;Jul 24 14:35:35.975: INFO: &#x9;Container ks-controller-manager ready: true, restart count 0&#xA;Jul 24 14:35:35.975: INFO: ksp-license-65cc56956f-bdj5b started at 2022-07-21 02:21:43 +0000 UTC (0+2 container statuses recorded)&#xA;Jul 24 14:35:35.975: INFO: &#x9;Container license ready: true, restart count 0&#xA;Jul 24 14:35:35.975: INFO: &#x9;Container msauth ready: true, restart count 0&#xA;Jul 24 14:35:35.975: INFO: kube-proxy-qjfdd started at 2022-07-05 02:21:49 +0000 UTC (0+1 container statuses recorded)&#xA;Jul 24 14:35:35.975: INFO: &#x9;Container kube-proxy ready: true, restart count 2&#xA;Jul 24 14:35:35.975: INFO: kube-controller-manager-kubernetes-master started at 2022-07-05 02:21:38 +0000 UTC (0+1 container statuses recorded)&#xA;Jul 24 14:35:35.975: INFO: &#x9;Container kube-controller-manager ready: true, restart count 7&#xA;Jul 24 14:35:35.975: INFO: etcd-kubernetes-master started at 2022-07-05 02:21:37 +0000 UTC (0+1 container statuses recorded)&#xA;Jul 24 14:35:35.975: INFO: &#x9;Container etcd ready: true, restart count 3&#xA;Jul 24 14:35:35.975: INFO: sonobuoy-systemd-logs-daemon-set-bb55de94825d4876-fz4gp started at 2022-07-24 11:15:36 +0000 UTC (0+2 container statuses recorded)&#xA;Jul 24 14:35:35.975: INFO: &#x9;Container sonobuoy-worker ready: true, restart count 0&#xA;Jul 24 14:35:35.975: INFO: &#x9;Container systemd-logs ready: true, restart count 0&#xA;Jul 24 14:35:35.975: INFO: ks-apiserver-7c8c448bbb-rxf55 started at 2022-07-08 03:25:11 +0000 UTC (0+1 container statuses recorded)&#xA;Jul 24 14:35:35.975: INFO: &#x9;Container ks-apiserver ready: false, restart count 0&#xA;Jul 24 14:35:36.015: INFO: &#xA;Latency metrics for node kubernetes-master&#xA;Jul 24 14:35:36.015: INFO: &#xA;Logging node info for node kubernetes-node-01&#xA;Jul 24 14:35:36.016: INFO: Node Info: &amp;Node{ObjectMeta:{kubernetes-node-01    3a4a3e2a-b98d-44ba-acfd-dc0ee51e00a1 5761391 0 2022-07-05 02:22:25 +0000 UTC &lt;nil&gt; &lt;nil&gt; map[beta.kubernetes.io/arch:amd64 beta.kubernetes.io/os:linux kubernetes.io/arch:amd64 kubernetes.io/hostname:kubernetes-node-01 kubernetes.io/os:linux] map[flannel.alpha.coreos.com/backend-data:{&#34;VNI&#34;:1,&#34;VtepMAC&#34;:&#34;1a:75:9b:0f:c6:8c&#34;} flannel.alpha.coreos.com/backend-type:vxlan flannel.alpha.coreos.com/kube-subnet-manager:true flannel.alpha.coreos.com/public-ip:192.168.132.11 kubeadm.alpha.kubernetes.io/cri-socket:/var/run/dockershim.sock node.alpha.kubernetes.io/ttl:0 volumes.kubernetes.io/controller-managed-attach-detach:true] [] []  [{kubelet Update v1 2022-07-05 02:22:25 +0000 UTC FieldsV1 {&#34;f:metadata&#34;:{&#34;f:annotations&#34;:{&#34;.&#34;:{},&#34;f:volumes.kubernetes.io/controller-managed-attach-detach&#34;:{}},&#34;f:labels&#34;:{&#34;.&#34;:{},&#34;f:beta.kubernetes.io/arch&#34;:{},&#34;f:beta.kubernetes.io/os&#34;:{},&#34;f:kubernetes.io/arch&#34;:{},&#34;f:kubernetes.io/hostname&#34;:{},&#34;f:kubernetes.io/os&#34;:{}}}} } {kubeadm Update v1 2022-07-05 02:22:30 +0000 UTC FieldsV1 {&#34;f:metadata&#34;:{&#34;f:annotations&#34;:{&#34;f:kubeadm.alpha.kubernetes.io/cri-socket&#34;:{}}}} } {flanneld Update v1 2022-07-05 02:25:41 +0000 UTC FieldsV1 {&#34;f:metadata&#34;:{&#34;f:annotations&#34;:{&#34;f:flannel.alpha.coreos.com/backend-data&#34;:{},&#34;f:flannel.alpha.coreos.com/backend-type&#34;:{},&#34;f:flannel.alpha.coreos.com/kube-subnet-manager&#34;:{},&#34;f:flannel.alpha.coreos.com/public-ip&#34;:{}}},&#34;f:status&#34;:{&#34;f:conditions&#34;:{&#34;k:{\&#34;type\&#34;:\&#34;NetworkUnavailable\&#34;}&#34;:{&#34;.&#34;:{},&#34;f:lastHeartbeatTime&#34;:{},&#34;f:lastTransitionTime&#34;:{},&#34;f:message&#34;:{},&#34;f:reason&#34;:{},&#34;f:status&#34;:{},&#34;f:type&#34;:{}}}}} status} {kube-controller-manager Update v1 2022-07-20 11:50:17 +0000 UTC FieldsV1 {&#34;f:metadata&#34;:{&#34;f:annotations&#34;:{&#34;f:node.alpha.kubernetes.io/ttl&#34;:{}}},&#34;f:spec&#34;:{&#34;f:podCIDR&#34;:{},&#34;f:podCIDRs&#34;:{&#34;.&#34;:{},&#34;v:\&#34;10.244.4.0/24\&#34;&#34;:{}}}} } {e2e.test Update v1 2022-07-24 11:57:52 +0000 UTC FieldsV1 {&#34;f:status&#34;:{&#34;f:capacity&#34;:{&#34;f:example.com/fakecpu&#34;:{}}}} status} {kubelet Update v1 2022-07-24 12:52:30 +0000 UTC FieldsV1 {&#34;f:status&#34;:{&#34;f:allocatable&#34;:{&#34;f:ephemeral-storage&#34;:{},&#34;f:example.com/fakecpu&#34;:{}},&#34;f:capacity&#34;:{&#34;f:ephemeral-storage&#34;:{}},&#34;f:conditions&#34;:{&#34;k:{\&#34;type\&#34;:\&#34;DiskPressure\&#34;}&#34;:{&#34;f:lastHeartbeatTime&#34;:{},&#34;f:lastTransitionTime&#34;:{},&#34;f:message&#34;:{},&#34;f:reason&#34;:{},&#34;f:status&#34;:{}},&#34;k:{\&#34;type\&#34;:\&#34;MemoryPressure\&#34;}&#34;:{&#34;f:lastHeartbeatTime&#34;:{},&#34;f:lastTransitionTime&#34;:{},&#34;f:message&#34;:{},&#34;f:reason&#34;:{},&#34;f:status&#34;:{}},&#34;k:{\&#34;type\&#34;:\&#34;PIDPressure\&#34;}&#34;:{&#34;f:lastHeartbeatTime&#34;:{},&#34;f:lastTransitionTime&#34;:{},&#34;f:message&#34;:{},&#34;f:reason&#34;:{},&#34;f:status&#34;:{}},&#34;k:{\&#34;type\&#34;:\&#34;Ready\&#34;}&#34;:{&#34;f:lastHeartbeatTime&#34;:{},&#34;f:lastTransitionTime&#34;:{},&#34;f:message&#34;:{},&#34;f:reason&#34;:{},&#34;f:status&#34;:{}}},&#34;f:images&#34;:{},&#34;f:nodeInfo&#34;:{&#34;f:containerRuntimeVersion&#34;:{}}}} status}]},Spec:NodeSpec{PodCIDR:10.244.4.0/24,DoNotUseExternalID:,ProviderID:,Unschedulable:false,Taints:[]Taint{},ConfigSource:nil,PodCIDRs:[10.244.4.0/24],},Status:NodeStatus{Capacity:ResourceList{cpu: {{8 0} {&lt;nil&gt;} 8 DecimalSI},ephemeral-storage: {{107321753600 0} {&lt;nil&gt;} 102350Mi BinarySI},example.com/fakecpu: {{1 3} {&lt;nil&gt;} 1k DecimalSI},hugepages-1Gi: {{0 0} {&lt;nil&gt;} 0 DecimalSI},hugepages-2Mi: {{0 0} {&lt;nil&gt;} 0 DecimalSI},memory: {{16363429888 0} {&lt;nil&gt;}  BinarySI},pods: {{110 0} {&lt;nil&gt;} 110 DecimalSI},},Allocatable:ResourceList{cpu: {{8 0} {&lt;nil&gt;} 8 DecimalSI},ephemeral-storage: {{96589578081 0} {&lt;nil&gt;} 96589578081 DecimalSI},example.com/fakecpu: {{1 3} {&lt;nil&gt;} 1k DecimalSI},hugepages-1Gi: {{0 0} {&lt;nil&gt;} 0 DecimalSI},hugepages-2Mi: {{0 0} {&lt;nil&gt;} 0 DecimalSI},memory: {{16258572288 0} {&lt;nil&gt;}  BinarySI},pods: {{110 0} {&lt;nil&gt;} 110 DecimalSI},},Phase:,Conditions:[]NodeCondition{NodeCondition{Type:NetworkUnavailable,Status:False,LastHeartbeatTime:2022-07-20 12:09:51 +0000 UTC,LastTransitionTime:2022-07-20 12:09:51 +0000 UTC,Reason:FlannelIsUp,Message:Flannel is running on this node,},NodeCondition{Type:MemoryPressure,Status:False,LastHeartbeatTime:2022-07-24 14:32:56 +0000 UTC,LastTransitionTime:2022-07-05 02:39:16 +0000 UTC,Reason:KubeletHasSufficientMemory,Message:kubelet has sufficient memory available,},NodeCondition{Type:DiskPressure,Status:False,LastHeartbeatTime:2022-07-24 14:32:56 +0000 UTC,LastTransitionTime:2022-07-06 11:27:51 +0000 UTC,Reason:KubeletHasNoDiskPressure,Message:kubelet has no disk pressure,},NodeCondition{Type:PIDPressure,Status:False,LastHeartbeatTime:2022-07-24 14:32:56 +0000 UTC,LastTransitionTime:2022-07-05 02:39:16 +0000 UTC,Reason:KubeletHasSufficientPID,Message:kubelet has sufficient PID available,},NodeCondition{Type:Ready,Status:True,LastHeartbeatTime:2022-07-24 14:32:56 +0000 UTC,LastTransitionTime:2022-07-20 12:05:25 +0000 UTC,Reason:KubeletReady,Message:kubelet is posting ready status,},},Addresses:[]NodeAddress{NodeAddress{Type:InternalIP,Address:192.168.132.11,},NodeAddress{Type:Hostname,Address:kubernetes-node-01,},},DaemonEndpoints:NodeDaemonEndpoints{KubeletEndpoint:DaemonEndpoint{Port:10250,},},NodeInfo:NodeSystemInfo{MachineID:ff2f0490c5bb4030ae3be22dffb6765a,SystemUUID:318642bd-e41a-e911-ad47-a4bf015b1f84,BootID:2686e27a-6243-43c4-baa2-2867206747cd,KernelVersion:5.4.132-1.el7.elrepo.x86_64,OSImage:CentOS Linux 7 (Core),ContainerRuntimeVersion:docker://20.10.7,KubeletVersion:v1.22.3,KubeProxyVersion:v1.22.3,OperatingSystem:linux,Architecture:amd64,},Images:[]ContainerImage{ContainerImage{Names:[k8s.gcr.io/e2e-test-images/cuda-vector-add:2.2],SizeBytes:2579956550,},ContainerImage{Names:[k8s.gcr.io/e2e-test-images/cuda-vector-add:1.0],SizeBytes:2047006036,},ContainerImage{Names:[k8s.gcr.io/e2e-test-images/node-perf/tf-wide-deep:1.1],SizeBytes:1631128450,},ContainerImage{Names:[k8smg:latest],SizeBytes:1398619088,},ContainerImage{Names:[k8s.gcr.io/e2e-test-images/perl:5.26],SizeBytes:853225645,},ContainerImage{Names:[k8s.gcr.io/e2e-test-images/volume/rbd:1.0.3],SizeBytes:751897580,},ContainerImage{Names:[harbor.moresec.cn/ksp/kafka@sha256:29aef30ec0742e05c84b92e35fe81bc2a933d92aa3aec2325f3947c9cbb07e2d harbor.moresec.cn/ksp/kafka:2.8.0-debian-10-r43],SizeBytes:584339677,},ContainerImage{Names:[centos-drip:7.7],SizeBytes:552218315,},ContainerImage{Names:[&lt;none&gt;@&lt;none&gt; &lt;none&gt;:&lt;none&gt;],SizeBytes:522728932,},ContainerImage{Names:[harbor.moresec.cn/ksp/ksp_agent@sha256:f96a653e88fcf5b71a82e603da3ace5e774c9dd4e37dcdfc7a1db3ce87267245 harbor.moresec.cn/ksp/ksp_agent:latest],SizeBytes:495969065,},ContainerImage{Names:[harbor.moresec.cn/ksp/ksp_agent@sha256:62d75a6961ee50b7bbea1eeb9a835b8809fbf868cda8ea7e30c57a871fe36ae4],SizeBytes:495943489,},ContainerImage{Names:[tomcat@sha256:df634a0b4a2a61069521c4681609423b3794d2a3120821b92f346710450ad344 tomcat:latest],SizeBytes:482781027,},ContainerImage{Names:[&lt;none&gt;@&lt;none&gt; &lt;none&gt;:&lt;none&gt;],SizeBytes:435344555,},ContainerImage{Names:[harbor.moresec.cn/ksp/ksp_agent@sha256:7fc828e5732309187da20a9a025a142f8229f04087601a9fad119c3724ab6e92 harbor.moresec.cn/ksp/ksp_agent:2.2.0],SizeBytes:433527765,},ContainerImage{Names:[harbor.moresec.cn/ksp/ksp_agent@sha256:b6455a0f39f08b39b5ee701bbcfb11edb8484478bfe44f30a3a48f041ea504b1],SizeBytes:433527765,},ContainerImage{Names:[harbor.moresec.cn/ksp/ksp_agent:laishang],SizeBytes:433318869,},ContainerImage{Names:[kubesphere/ks-installer@sha256:e314e12b16e556b0ce16d4c1efab0a375605936da15afa0e4fa3afa4c302cf15 kubesphere/ks-installer:v3.3.0],SizeBytes:420547354,},ContainerImage{Names:[k8s.gcr.io/e2e-test-images/volume/iscsi:2.2],SizeBytes:414158129,},ContainerImage{Names:[k8s.gcr.io/sig-storage/nfs-provisioner:v2.2.2],SizeBytes:391702539,},ContainerImage{Names:[k8s.gcr.io/e2e-test-images/glusterdynamic-provisioner:v1.0],SizeBytes:373269502,},ContainerImage{Names:[k8s.gcr.io/e2e-test-images/volume/gluster:1.2],SizeBytes:340272046,},ContainerImage{Names:[sonobuoy/systemd-logs:v0.4],SizeBytes:314068873,},ContainerImage{Names:[docker-dev.moresec.cn:10443/ksp/mysql@sha256:1a52fad24c8d9c47d9563773bf2fd6618cab64a2e7054a32c62d7ff83047d432 harbor.moresec.cn/ksp/mysql@sha256:1a52fad24c8d9c47d9563773bf2fd6618cab64a2e7054a32c62d7ff83047d432 docker-dev.moresec.cn:10443/ksp/mysql:5.7.34 harbor.moresec.cn/ksp/mysql:5.7.34],SizeBytes:296256317,},ContainerImage{Names:[192.168.132.114/revshell/listen@sha256:e51b45cdcf6314fabe93ef6b0dda4062713628b951f948aac56154c2e092bd18 192.168.132.114/revshell/listen:latest],SizeBytes:271796301,},ContainerImage{Names:[k8s.gcr.io/e2e-test-images/volume/nfs:1.2],SizeBytes:263870626,},ContainerImage{Names:[k8s.gcr.io/etcd:3.4.13-0],SizeBytes:253376083,},ContainerImage{Names:[k8s.gcr.io/e2e-test-images/jessie-dnsutils:1.4],SizeBytes:253346057,},ContainerImage{Names:[k8s.gcr.io/conformance:v1.22.3],SizeBytes:246064443,},ContainerImage{Names:[192.168.132.114/process/process@sha256:b08bcadd231b62eba8913d7f9b7ef6a54087fedec3a52607decd86aae014330a 192.168.132.114/process/process:latest],SizeBytes:231220584,},ContainerImage{Names:[&lt;none&gt;@&lt;none&gt; &lt;none&gt;:&lt;none&gt;],SizeBytes:231220093,},ContainerImage{Names:[prom/prometheus@sha256:b37103e03399e90c9b7b1b2940894d3634915cf9df4aa2e5402bd85b4377808c prom/prometheus:v2.34.0],SizeBytes:204913767,},ContainerImage{Names:[centos@sha256:50752af5182c6cd5518e3e91d48f7ff0cba93d5d760a67ac140e2d63c4dd9efc centos:centos7.7.1908],SizeBytes:203602133,},ContainerImage{Names:[kubesphere/ks-apiserver@sha256:c6518655604eb6c5b67e6e5b0a11239e1b927c6ab0f947ce3c60176c70090462 kubesphere/ks-apiserver:v3.2.1],SizeBytes:190792907,},ContainerImage{Names:[192.168.132.114/micro/worker@sha256:0c3e148cec3fbf3f62b381f96dcb4b8dcfad7a8d4cf33a91d6c3a8484e156c4c 192.168.132.114/micro/worker:latest],SizeBytes:178337313,},ContainerImage{Names:[harbor.moresec.cn/ksp/fileserver@sha256:e70cbd22b76e6e111c2b86a20c5fdea469fed0313c81f73f35ed11249f79f741 harbor.moresec.cn/ksp/fileserver:2.2.0],SizeBytes:153076017,},ContainerImage{Names:[&lt;none&gt;@&lt;none&gt; &lt;none&gt;:&lt;none&gt;],SizeBytes:141498060,},ContainerImage{Names:[harbor.moresec.cn/ksp/etcd@sha256:e38d9f2facec186c09c33e28455e97156ea45d5c299d348a1b0676784c293d75 harbor.moresec.cn/ksp/etcd:3.4.15-debian-10-r43],SizeBytes:131965680,},ContainerImage{Names:[harbor.moresec.cn/ksp/webapi_srv@sha256:7de68ded9d05cdbbc9fbe03c3321f14d68569cd7d9f35921e977df8377bc7d2d],SizeBytes:129903492,},ContainerImage{Names:[harbor.moresec.cn/ksp/webapi_srv@sha256:44ac8426e7c6087593f315cf547a8426780a03ec7e102e3cadd5931f03fa5851 harbor.moresec.cn/ksp/webapi_srv:latest],SizeBytes:129800680,},ContainerImage{Names:[k8s.gcr.io/e2e-test-images/httpd:2.4.39-1],SizeBytes:126871615,},ContainerImage{Names:[docker-dev.moresec.cn:10443/ksp/envoy@sha256:1a57c0f59b9e04a83f4407c79df63f027ee620a2ee66e201438f49c9253e258a harbor.moresec.cn/ksp/envoy@sha256:1a57c0f59b9e04a83f4407c79df63f027ee620a2ee66e201438f49c9253e258a docker-dev.moresec.cn:10443/ksp/envoy:v1.20.0 harbor.moresec.cn/ksp/envoy:v1.20.0],SizeBytes:126156197,},ContainerImage{Names:[k8s.gcr.io/e2e-test-images/agnhost:2.32],SizeBytes:125910179,},ContainerImage{Names:[harbor.moresec.cn/ksp/webapi_srv@sha256:1665c65a94096bb76343e0df2fcbe6299d29d7c1b47f22c1db269ef909d895c7 harbor.moresec.cn/ksp/webapi_srv:2.2.0],SizeBytes:123778974,},ContainerImage{Names:[k8s.gcr.io/e2e-test-images/httpd:2.4.38-1],SizeBytes:123774598,},ContainerImage{Names:[k8s.gcr.io/e2e-test-images/nautilus:1.4],SizeBytes:121728153,},ContainerImage{Names:[k8s.gcr.io/e2e-test-images/kitten:1.4],SizeBytes:121721689,},ContainerImage{Names:[nginx@sha256:f7988fb6c02e0ce69257d9bd9cf37ae20a60f1df7563c3a2a6abe24160306b8d nginx:1.14.2],SizeBytes:109109325,},ContainerImage{Names:[harbor.moresec.cn/ksp/controller@sha256:be921ae314828accad9ea6bc25af4e4097027cddd44001913f983ad6f06fe948 harbor.moresec.cn/ksp/controller:latest],SizeBytes:107945283,},ContainerImage{Names:[registry.aliyuncs.com/google_containers/kube-proxy@sha256:8d0561b2e5d0ccb9c49a25e7b415bef12637a07a872703dc252c2de3b458fc4f registry.aliyuncs.com/google_containers/kube-proxy:v1.22.3],SizeBytes:103646205,},ContainerImage{Names:[harbor.moresec.cn/ksp/core@sha256:2a7bf382a0a02948e1946f2123314d45d632f3788bb0e70db7ba111ce2bf6ec1 harbor.moresec.cn/ksp/core:2.2.0],SizeBytes:98270332,},},VolumesInUse:[],VolumesAttached:[]AttachedVolume{},Config:nil,},}&#xA;Jul 24 14:35:36.017: INFO: &#xA;Logging kubelet events for node kubernetes-node-01&#xA;Jul 24 14:35:36.018: INFO: &#xA;Logging pods the kubelet thinks is on node kubernetes-node-01&#xA;Jul 24 14:35:36.046: INFO: kube-proxy-kkm7x started at 2022-07-05 02:22:26 +0000 UTC (0+1 container statuses recorded)&#xA;Jul 24 14:35:36.046: INFO: &#x9;Container kube-proxy ready: true, restart count 3&#xA;Jul 24 14:35:36.046: INFO: snapshot-controller-0 started at 2022-07-20 12:09:57 +0000 UTC (0+1 container statuses recorded)&#xA;Jul 24 14:35:36.046: INFO: &#x9;Container snapshot-controller ready: true, restart count 0&#xA;Jul 24 14:35:36.046: INFO: ksp-etcd-0 started at 2022-07-20 12:10:55 +0000 UTC (0+1 container statuses recorded)&#xA;Jul 24 14:35:36.046: INFO: &#x9;Container etcd ready: true, restart count 0&#xA;Jul 24 14:35:36.046: INFO: process56-59d84745d8-2wml7 started at 2022-07-24 10:47:52 +0000 UTC (0+1 container statuses recorded)&#xA;Jul 24 14:35:36.046: INFO: &#x9;Container process56 ready: true, restart count 0&#xA;Jul 24 14:35:36.046: INFO: worker107-5fb776b954-6jq7j started at 2022-07-24 12:38:12 +0000 UTC (0+1 container statuses recorded)&#xA;Jul 24 14:35:36.046: INFO: &#x9;Container worker107 ready: true, restart count 0&#xA;Jul 24 14:35:36.046: INFO: ksp-mysql-0 started at 2022-07-20 12:09:51 +0000 UTC (0+1 container statuses recorded)&#xA;Jul 24 14:35:36.046: INFO: &#x9;Container mysql ready: true, restart count 0&#xA;Jul 24 14:35:36.046: INFO: notification-manager-deployment-78664576cb-5mm7d started at 2022-07-24 10:48:18 +0000 UTC (0+2 container statuses recorded)&#xA;Jul 24 14:35:36.046: INFO: &#x9;Container notification-manager ready: true, restart count 0&#xA;Jul 24 14:35:36.046: INFO: &#x9;Container tenant ready: true, restart count 0&#xA;Jul 24 14:35:36.046: INFO: notification-manager-deployment-78664576cb-54zgc started at 2022-07-24 12:38:12 +0000 UTC (0+2 container statuses recorded)&#xA;Jul 24 14:35:36.046: INFO: &#x9;Container notification-manager ready: true, restart count 0&#xA;Jul 24 14:35:36.046: INFO: &#x9;Container tenant ready: true, restart count 0&#xA;Jul 24 14:35:36.046: INFO: ksp-kafka-0 started at 2022-07-20 12:06:10 +0000 UTC (0+1 container statuses recorded)&#xA;Jul 24 14:35:36.046: INFO: &#x9;Container kafka ready: true, restart count 12&#xA;Jul 24 14:35:36.046: INFO: ksp-webapi-srv-5b59fc6b7b-qfcs4 started at 2022-07-21 02:23:19 +0000 UTC (0+1 container statuses recorded)&#xA;Jul 24 14:35:36.046: INFO: &#x9;Container webapi-srv ready: true, restart count 0&#xA;Jul 24 14:35:36.046: INFO: kube-flannel-ds-8xnv7 started at 2022-07-06 17:46:29 +0000 UTC (2+1 container statuses recorded)&#xA;Jul 24 14:35:36.046: INFO: &#x9;Init container install-cni-plugin ready: true, restart count 0&#xA;Jul 24 14:35:36.046: INFO: &#x9;Init container install-cni ready: true, restart count 0&#xA;Jul 24 14:35:36.046: INFO: &#x9;Container kube-flannel ready: true, restart count 1&#xA;Jul 24 14:35:36.046: INFO: local-path-provisioner-cc67d8db7-ps624 started at 2022-07-24 12:38:11 +0000 UTC (0+1 container statuses recorded)&#xA;Jul 24 14:35:36.046: INFO: &#x9;Container local-path-provisioner ready: true, restart count 0&#xA;Jul 24 14:35:36.046: INFO: ksp-mentor-bfd5c4db9-8mk5j started at 2022-07-24 12:38:12 +0000 UTC (0+1 container statuses recorded)&#xA;Jul 24 14:35:36.046: INFO: &#x9;Container mentor ready: true, restart count 0&#xA;Jul 24 14:35:36.046: INFO: process57-5dc7d9d6f8-n5z8w started at 2022-07-24 12:38:12 +0000 UTC (0+1 container statuses recorded)&#xA;Jul 24 14:35:36.046: INFO: &#x9;Container process57 ready: true, restart count 0&#xA;Jul 24 14:35:36.046: INFO: ksp-redis-master-0 started at 2022-07-20 12:09:21 +0000 UTC (0+1 container statuses recorded)&#xA;Jul 24 14:35:36.047: INFO: &#x9;Container redis ready: true, restart count 0&#xA;Jul 24 14:35:36.047: INFO: alertmanager-main-0 started at 2022-07-20 12:09:55 +0000 UTC (0+2 container statuses recorded)&#xA;Jul 24 14:35:36.047: INFO: &#x9;Container alertmanager ready: true, restart count 0&#xA;Jul 24 14:35:36.047: INFO: &#x9;Container config-reloader ready: true, restart count 0&#xA;Jul 24 14:35:36.047: INFO: worker108-cc678945b-7rbkz started at 2022-07-21 06:39:16 +0000 UTC (0+1 container statuses recorded)&#xA;Jul 24 14:35:36.047: INFO: &#x9;Container worker108 ready: true, restart count 0&#xA;Jul 24 14:35:36.047: INFO: worker104-84f6f586c6-vcwd8 started at 2022-07-24 12:38:11 +0000 UTC (0+1 container statuses recorded)&#xA;Jul 24 14:35:36.047: INFO: &#x9;Container worker104 ready: true, restart count 0&#xA;Jul 24 14:35:36.047: INFO: tomcat-ttt46-6b659fdf4b-95cmr started at 2022-07-24 12:38:12 +0000 UTC (0+1 container statuses recorded)&#xA;Jul 24 14:35:36.047: INFO: &#x9;Container tomcat-ttt46 ready: true, restart count 0&#xA;Jul 24 14:35:36.047: INFO: ss2-1 started at 2022-07-23 11:41:24 +0000 UTC (0+1 container statuses recorded)&#xA;Jul 24 14:35:36.047: INFO: &#x9;Container webserver ready: true, restart count 0&#xA;Jul 24 14:35:36.047: INFO: default-http-backend-5bf68ff9b8-hkh75 started at 2022-07-24 10:47:02 +0000 UTC (0+1 container statuses recorded)&#xA;Jul 24 14:35:36.047: INFO: &#x9;Container default-http-backend ready: true, restart count 0&#xA;Jul 24 14:35:36.047: INFO: worker106-5d44cc9f84-thvwz started at 2022-07-24 12:38:11 +0000 UTC (0+1 container statuses recorded)&#xA;Jul 24 14:35:36.047: INFO: &#x9;Container worker106 ready: true, restart count 0&#xA;Jul 24 14:35:36.047: INFO: worker105-58b68d59d-kzrc2 started at 2022-07-24 12:38:11 +0000 UTC (0+1 container statuses recorded)&#xA;Jul 24 14:35:36.047: INFO: &#x9;Container worker105 ready: true, restart count 0&#xA;Jul 24 14:35:36.047: INFO: prometheus-operator-8955bbd98-r8ftl started at 2022-07-24 10:47:02 +0000 UTC (0+2 container statuses recorded)&#xA;Jul 24 14:35:36.047: INFO: &#x9;Container kube-rbac-proxy ready: true, restart count 0&#xA;Jul 24 14:35:36.047: INFO: &#x9;Container prometheus-operator ready: true, restart count 0&#xA;Jul 24 14:35:36.047: INFO: alertmanager-main-1 started at 2022-07-24 10:47:04 +0000 UTC (0+2 container statuses recorded)&#xA;Jul 24 14:35:36.047: INFO: &#x9;Container alertmanager ready: true, restart count 0&#xA;Jul 24 14:35:36.047: INFO: &#x9;Container config-reloader ready: true, restart count 0&#xA;Jul 24 14:35:36.047: INFO: ksp-fileserver-58d849d98b-k2wt9 started at 2022-07-20 12:05:34 +0000 UTC (0+1 container statuses recorded)&#xA;Jul 24 14:35:36.047: INFO: &#x9;Container fileserver ready: true, restart count 12&#xA;Jul 24 14:35:36.047: INFO: ubuntu-deployment-docker-sock1-74c66ddf85-5fcvb started at 2022-07-24 10:47:52 +0000 UTC (0+1 container statuses recorded)&#xA;Jul 24 14:35:36.047: INFO: &#x9;Container ubuntu-docker-sock1 ready: true, restart count 0&#xA;Jul 24 14:35:36.047: INFO: gatekeeper-controller-manager-6566df6878-6sxjk started at 2022-07-24 10:47:54 +0000 UTC (0+1 container statuses recorded)&#xA;Jul 24 14:35:36.047: INFO: &#x9;Container manager ready: true, restart count 0&#xA;Jul 24 14:35:36.047: INFO: sonobuoy-systemd-logs-daemon-set-bb55de94825d4876-wwrrn started at 2022-07-24 11:15:36 +0000 UTC (0+2 container statuses recorded)&#xA;Jul 24 14:35:36.047: INFO: &#x9;Container sonobuoy-worker ready: true, restart count 0&#xA;Jul 24 14:35:36.047: INFO: &#x9;Container systemd-logs ready: true, restart count 0&#xA;Jul 24 14:35:36.047: INFO: ksp-strategy-85bc47b4cd-hcnl4 started at 2022-07-24 12:38:11 +0000 UTC (0+1 container statuses recorded)&#xA;Jul 24 14:35:36.047: INFO: &#x9;Container strategy ready: true, restart count 0&#xA;Jul 24 14:35:36.047: INFO: revlisten64-6f96b96fdd-cnnpn started at 2022-07-24 12:38:12 +0000 UTC (0+1 container statuses recorded)&#xA;Jul 24 14:35:36.047: INFO: &#x9;Container revlisten64 ready: true, restart count 0&#xA;Jul 24 14:35:36.047: INFO: node-exporter-mktmt started at 2022-07-08 03:28:07 +0000 UTC (0+2 container statuses recorded)&#xA;Jul 24 14:35:36.047: INFO: &#x9;Container kube-rbac-proxy ready: true, restart count 2&#xA;Jul 24 14:35:36.047: INFO: &#x9;Container node-exporter ready: true, restart count 2&#xA;Jul 24 14:35:36.047: INFO: prometheus-k8s-0 started at 2022-07-20 12:09:14 +0000 UTC (1+2 container statuses recorded)&#xA;Jul 24 14:35:36.047: INFO: &#x9;Init container init-config-reloader ready: true, restart count 0&#xA;Jul 24 14:35:36.047: INFO: &#x9;Container config-reloader ready: true, restart count 0&#xA;Jul 24 14:35:36.047: INFO: &#x9;Container prometheus ready: true, restart count 0&#xA;Jul 24 14:35:36.047: INFO: ss2-0 started at 2022-07-20 12:10:27 +0000 UTC (0+1 container statuses recorded)&#xA;Jul 24 14:35:36.047: INFO: &#x9;Container webserver ready: true, restart count 0&#xA;Jul 24 14:35:36.047: INFO: notification-manager-operator-7d44854f54-pfhvp started at 2022-07-20 12:37:15 +0000 UTC (0+2 container statuses recorded)&#xA;Jul 24 14:35:36.047: INFO: &#x9;Container kube-rbac-proxy ready: true, restart count 0&#xA;Jul 24 14:35:36.047: INFO: &#x9;Container notification-manager-operator ready: true, restart count 13&#xA;Jul 24 14:35:36.047: INFO: kubectl-admin-6dbcb94855-cwbwg started at 2022-07-24 10:47:02 +0000 UTC (0+1 container statuses recorded)&#xA;Jul 24 14:35:36.047: INFO: &#x9;Container kubectl ready: true, restart count 0&#xA;Jul 24 14:35:36.047: INFO: ks-installer-6976cf49f5-l72kw started at 2022-07-24 10:48:18 +0000 UTC (0+1 container statuses recorded)&#xA;Jul 24 14:35:36.047: INFO: &#x9;Container installer ready: true, restart count 0&#xA;Jul 24 14:35:36.047: INFO: sonobuoy started at 2022-07-24 11:15:29 +0000 UTC (0+1 container statuses recorded)&#xA;Jul 24 14:35:36.047: INFO: &#x9;Container kube-sonobuoy ready: true, restart count 0&#xA;Jul 24 14:35:36.047: INFO: ksp-core-5b755544c7-vqw75 started at 2022-07-24 12:38:11 +0000 UTC (0+1 container statuses recorded)&#xA;Jul 24 14:35:36.047: INFO: &#x9;Container core ready: true, restart count 0&#xA;Jul 24 14:35:36.137: INFO: &#xA;Latency metrics for node kubernetes-node-01&#xA;Jul 24 14:35:36.137: INFO: &#xA;Logging node info for node kubernetes-node-02&#xA;Jul 24 14:35:36.139: INFO: Node Info: &amp;Node{ObjectMeta:{kubernetes-node-02    307d2ab5-ef28-4bdd-889c-432cc026c399 5761403 0 2022-07-05 02:22:23 +0000 UTC &lt;nil&gt; &lt;nil&gt; map[beta.kubernetes.io/arch:amd64 beta.kubernetes.io/os:linux kubernetes.io/arch:amd64 kubernetes.io/hostname:kubernetes-node-02 kubernetes.io/os:linux] map[flannel.alpha.coreos.com/backend-data:{&#34;VNI&#34;:1,&#34;VtepMAC&#34;:&#34;82:d6:14:69:bd:44&#34;} flannel.alpha.coreos.com/backend-type:vxlan flannel.alpha.coreos.com/kube-subnet-manager:true flannel.alpha.coreos.com/public-ip:192.168.132.12 kubeadm.alpha.kubernetes.io/cri-socket:/var/run/dockershim.sock node.alpha.kubernetes.io/ttl:0 volumes.kubernetes.io/controller-managed-attach-detach:true] [] []  [{kubeadm Update v1 2022-07-05 02:22:23 +0000 UTC FieldsV1 {&#34;f:metadata&#34;:{&#34;f:annotations&#34;:{&#34;f:kubeadm.alpha.kubernetes.io/cri-socket&#34;:{}}}} } {kubelet Update v1 2022-07-05 02:22:23 +0000 UTC FieldsV1 {&#34;f:metadata&#34;:{&#34;f:annotations&#34;:{&#34;.&#34;:{},&#34;f:volumes.kubernetes.io/controller-managed-attach-detach&#34;:{}},&#34;f:labels&#34;:{&#34;.&#34;:{},&#34;f:beta.kubernetes.io/arch&#34;:{},&#34;f:beta.kubernetes.io/os&#34;:{},&#34;f:kubernetes.io/arch&#34;:{},&#34;f:kubernetes.io/hostname&#34;:{},&#34;f:kubernetes.io/os&#34;:{}}}} } {flanneld Update v1 2022-07-05 02:25:42 +0000 UTC FieldsV1 {&#34;f:metadata&#34;:{&#34;f:annotations&#34;:{&#34;f:flannel.alpha.coreos.com/backend-data&#34;:{},&#34;f:flannel.alpha.coreos.com/backend-type&#34;:{},&#34;f:flannel.alpha.coreos.com/kube-subnet-manager&#34;:{},&#34;f:flannel.alpha.coreos.com/public-ip&#34;:{}}},&#34;f:status&#34;:{&#34;f:conditions&#34;:{&#34;k:{\&#34;type\&#34;:\&#34;NetworkUnavailable\&#34;}&#34;:{&#34;.&#34;:{},&#34;f:lastHeartbeatTime&#34;:{},&#34;f:lastTransitionTime&#34;:{},&#34;f:message&#34;:{},&#34;f:reason&#34;:{},&#34;f:status&#34;:{},&#34;f:type&#34;:{}}}}} status} {kube-controller-manager Update v1 2022-07-20 12:10:50 +0000 UTC FieldsV1 {&#34;f:metadata&#34;:{&#34;f:annotations&#34;:{&#34;f:node.alpha.kubernetes.io/ttl&#34;:{}}},&#34;f:spec&#34;:{&#34;f:podCIDR&#34;:{},&#34;f:podCIDRs&#34;:{&#34;.&#34;:{},&#34;v:\&#34;10.244.3.0/24\&#34;&#34;:{}}}} } {e2e.test Update v1 2022-07-24 11:57:52 +0000 UTC FieldsV1 {&#34;f:status&#34;:{&#34;f:capacity&#34;:{&#34;f:example.com/fakecpu&#34;:{}}}} status} {kubelet Update v1 2022-07-24 12:52:35 +0000 UTC FieldsV1 {&#34;f:status&#34;:{&#34;f:allocatable&#34;:{&#34;f:ephemeral-storage&#34;:{},&#34;f:example.com/fakecpu&#34;:{}},&#34;f:conditions&#34;:{&#34;k:{\&#34;type\&#34;:\&#34;DiskPressure\&#34;}&#34;:{&#34;f:lastHeartbeatTime&#34;:{},&#34;f:lastTransitionTime&#34;:{},&#34;f:message&#34;:{},&#34;f:reason&#34;:{},&#34;f:status&#34;:{}},&#34;k:{\&#34;type\&#34;:\&#34;MemoryPressure\&#34;}&#34;:{&#34;f:lastHeartbeatTime&#34;:{},&#34;f:lastTransitionTime&#34;:{},&#34;f:message&#34;:{},&#34;f:reason&#34;:{},&#34;f:status&#34;:{}},&#34;k:{\&#34;type\&#34;:\&#34;PIDPressure\&#34;}&#34;:{&#34;f:lastHeartbeatTime&#34;:{},&#34;f:lastTransitionTime&#34;:{},&#34;f:message&#34;:{},&#34;f:reason&#34;:{},&#34;f:status&#34;:{}},&#34;k:{\&#34;type\&#34;:\&#34;Ready\&#34;}&#34;:{&#34;f:lastHeartbeatTime&#34;:{},&#34;f:lastTransitionTime&#34;:{},&#34;f:message&#34;:{},&#34;f:reason&#34;:{},&#34;f:status&#34;:{}}},&#34;f:images&#34;:{},&#34;f:nodeInfo&#34;:{&#34;f:bootID&#34;:{},&#34;f:containerRuntimeVersion&#34;:{}}}} status}]},Spec:NodeSpec{PodCIDR:10.244.3.0/24,DoNotUseExternalID:,ProviderID:,Unschedulable:false,Taints:[]Taint{},ConfigSource:nil,PodCIDRs:[10.244.3.0/24],},Status:NodeStatus{Capacity:ResourceList{cpu: {{8 0} {&lt;nil&gt;} 8 DecimalSI},ephemeral-storage: {{107321753600 0} {&lt;nil&gt;} 102350Mi BinarySI},example.com/fakecpu: {{1 3} {&lt;nil&gt;} 1k DecimalSI},hugepages-1Gi: {{0 0} {&lt;nil&gt;} 0 DecimalSI},hugepages-2Mi: {{0 0} {&lt;nil&gt;} 0 DecimalSI},memory: {{16363429888 0} {&lt;nil&gt;}  BinarySI},pods: {{110 0} {&lt;nil&gt;} 110 DecimalSI},},Allocatable:ResourceList{cpu: {{8 0} {&lt;nil&gt;} 8 DecimalSI},ephemeral-storage: {{96589578081 0} {&lt;nil&gt;} 96589578081 DecimalSI},example.com/fakecpu: {{1 3} {&lt;nil&gt;} 1k DecimalSI},hugepages-1Gi: {{0 0} {&lt;nil&gt;} 0 DecimalSI},hugepages-2Mi: {{0 0} {&lt;nil&gt;} 0 DecimalSI},memory: {{16258572288 0} {&lt;nil&gt;}  BinarySI},pods: {{110 0} {&lt;nil&gt;} 110 DecimalSI},},Phase:,Conditions:[]NodeCondition{NodeCondition{Type:NetworkUnavailable,Status:False,LastHeartbeatTime:2022-07-24 12:41:23 +0000 UTC,LastTransitionTime:2022-07-24 12:41:23 +0000 UTC,Reason:FlannelIsUp,Message:Flannel is running on this node,},NodeCondition{Type:MemoryPressure,Status:False,LastHeartbeatTime:2022-07-24 14:33:05 +0000 UTC,LastTransitionTime:2022-07-20 12:10:11 +0000 UTC,Reason:KubeletHasSufficientMemory,Message:kubelet has sufficient memory available,},NodeCondition{Type:DiskPressure,Status:False,LastHeartbeatTime:2022-07-24 14:33:05 +0000 UTC,LastTransitionTime:2022-07-20 12:10:11 +0000 UTC,Reason:KubeletHasNoDiskPressure,Message:kubelet has no disk pressure,},NodeCondition{Type:PIDPressure,Status:False,LastHeartbeatTime:2022-07-24 14:33:05 +0000 UTC,LastTransitionTime:2022-07-20 12:10:11 +0000 UTC,Reason:KubeletHasSufficientPID,Message:kubelet has sufficient PID available,},NodeCondition{Type:Ready,Status:True,LastHeartbeatTime:2022-07-24 14:33:05 +0000 UTC,LastTransitionTime:2022-07-20 12:39:17 +0000 UTC,Reason:KubeletReady,Message:kubelet is posting ready status,},},Addresses:[]NodeAddress{NodeAddress{Type:InternalIP,Address:192.168.132.12,},NodeAddress{Type:Hostname,Address:kubernetes-node-02,},},DaemonEndpoints:NodeDaemonEndpoints{KubeletEndpoint:DaemonEndpoint{Port:10250,},},NodeInfo:NodeSystemInfo{MachineID:c4512086a6f5493ab6d17434529f2f96,SystemUUID:dfb815d5-231e-e911-ba47-a4bf015b3e00,BootID:56b56735-cc0e-4a63-a373-c98df943e3fd,KernelVersion:5.4.132-1.el7.elrepo.x86_64,OSImage:CentOS Linux 7 (Core),ContainerRuntimeVersion:docker://20.10.7,KubeletVersion:v1.22.3,KubeProxyVersion:v1.22.3,OperatingSystem:linux,Architecture:amd64,},Images:[]ContainerImage{ContainerImage{Names:[k8s.gcr.io/e2e-test-images/cuda-vector-add:2.2],SizeBytes:2579956550,},ContainerImage{Names:[k8s.gcr.io/e2e-test-images/cuda-vector-add:1.0],SizeBytes:2047006036,},ContainerImage{Names:[k8s.gcr.io/e2e-test-images/node-perf/tf-wide-deep:1.1],SizeBytes:1631128450,},ContainerImage{Names:[harbor.moresec.cn/ksp/webshell_srv@sha256:52331f042d9b722692b7d1e7d39bad602f0755a948b8a439b4a27c4c0fae045f harbor.moresec.cn/ksp/webshell_srv:2.2.0],SizeBytes:981080070,},ContainerImage{Names:[k8s.gcr.io/e2e-test-images/perl:5.26],SizeBytes:853225645,},ContainerImage{Names:[k8s.gcr.io/e2e-test-images/volume/rbd:1.0.3],SizeBytes:751897580,},ContainerImage{Names:[192.168.132.12:85/benchmark/benchmark@sha256:59b02207ef00cbc9ae722f2ad7c0f73c60b64ca677449bd0acf5b052eb967764],SizeBytes:721364989,},ContainerImage{Names:[192.168.132.12:85/benchmark/benchmark@sha256:97b019aa0596a30858d2f114a75e4f688723cd1e63b38c2874f687ae329a408a],SizeBytes:721341182,},ContainerImage{Names:[tomcat@sha256:acbf4ace21d5a9bfca00865e615b3061c262bb216d4a44a46990af9b73a73496],SizeBytes:679943312,},ContainerImage{Names:[&lt;none&gt;@&lt;none&gt; &lt;none&gt;:&lt;none&gt;],SizeBytes:679872057,},ContainerImage{Names:[harbor.moresec.cn/ksp/ksp_init@sha256:f7d3859270f43b9d9346a387957118b97fb45e6af379359a17ab676aa566b834 harbor.moresec.cn/ksp/ksp_init:2.2.0],SizeBytes:628801675,},ContainerImage{Names:[harbor.moresec.cn/ksp/ksp_init@sha256:2ddb6771ce701f73bb447c4bacc40f22a96460c029b95ef92363d701247762d4],SizeBytes:628801606,},ContainerImage{Names:[harbor.moresec.cn/ksp/kafka@sha256:29aef30ec0742e05c84b92e35fe81bc2a933d92aa3aec2325f3947c9cbb07e2d harbor.moresec.cn/ksp/kafka:2.8.0-debian-10-r43],SizeBytes:584339677,},ContainerImage{Names:[kennethreitz/httpbin@sha256:599fe5e5073102dbb0ee3dbb65f049dab44fa9fc251f6835c9990f8fb196a72b kennethreitz/httpbin:latest],SizeBytes:533651313,},ContainerImage{Names:[harbor.moresec.cn/ksp/ksp_agent@sha256:f96a653e88fcf5b71a82e603da3ace5e774c9dd4e37dcdfc7a1db3ce87267245 harbor.moresec.cn/ksp/ksp_agent:latest],SizeBytes:495969065,},ContainerImage{Names:[harbor.moresec.cn/ksp/ksp_agent@sha256:62d75a6961ee50b7bbea1eeb9a835b8809fbf868cda8ea7e30c57a871fe36ae4],SizeBytes:495943489,},ContainerImage{Names:[harbor.moresec.cn/ksp/ksp_agent@sha256:a405dae161a236cc6b51c59e3496a423f4153fc2817c26b99bf0fca613bce6af],SizeBytes:495925185,},ContainerImage{Names:[tomcat@sha256:9edc5c51c2dec7794769eede1e88a60e77abe355b73a77e231c464a8384d3697 tomcat:latest],SizeBytes:482487907,},ContainerImage{Names:[tomcat@sha256:8ece5eebda93ab45acf77b237f5564b3c558d0ce782c2f4302796043a621662f],SizeBytes:480307454,},ContainerImage{Names:[192.168.132.114/iast/iast@sha256:36f1db7e28c0b7a6d30ee9059c98d1067ec1f6eaf3ca2d5a3145a8e734dcc853],SizeBytes:479554906,},ContainerImage{Names:[192.168.132.114/iast/iast@sha256:d8e36d06161eec5a685f3cbe45cd43fb652a94b96387d4899951ae5cf1604cae],SizeBytes:479554903,},ContainerImage{Names:[192.168.132.114/iast/iast@sha256:5f2b9418c9d15338a3d2b984d78fab1f83d9b9e08354e2a0d307eab5b7824f75 192.168.132.114/iast/iast:latest],SizeBytes:479554902,},ContainerImage{Names:[docker-dev.moresec.cn:10443/ksp/influxdb@sha256:6277fd14835bf09c33cd13dd3a92393540745949f83e1e426092a7fe9ec2d6d5 harbor.moresec.cn/ksp/influxdb@sha256:4d688fb9837fcfb84ac4cdd65215e06c2c98cac743ffbbddde8a735d4ef1f707 docker-dev.moresec.cn:10443/ksp/influxdb:2.0.9-debian-10-r5 harbor.moresec.cn/ksp/influxdb:2.0.9-debian-10-r5],SizeBytes:468207544,},ContainerImage{Names:[docker-dev.moresec.cn:10443/ksp/zookeeper@sha256:3f077ee4e6b2ff601c2344b1bd007e752ad3ca66550eaf41604e290a02bb92c7 harbor.moresec.cn/ksp/zookeeper@sha256:3f077ee4e6b2ff601c2344b1bd007e752ad3ca66550eaf41604e290a02bb92c7 harbor.moresec.cn/ksp_1.3.0/zookeeper@sha256:3f077ee4e6b2ff601c2344b1bd007e752ad3ca66550eaf41604e290a02bb92c7 docker-dev.moresec.cn:10443/ksp/zookeeper:3.7.0-debian-10-r68 harbor.moresec.cn/ksp/zookeeper:3.7.0-debian-10-r68],SizeBytes:468025553,},ContainerImage{Names:[mysql@sha256:afc453de0d675083ac00d0538521f8a9a67d1cce180d70fab9925ebcc87a0eba mysql:5.7],SizeBytes:448217556,},ContainerImage{Names:[harbor.moresec.cn/ksp/sav_service@sha256:1cded1904d167b240f4821e7bc63745478991000e7715d5c4eecc134c25bb8ad harbor.moresec.cn/ksp/sav_service:2.2.0],SizeBytes:434790033,},ContainerImage{Names:[harbor.moresec.cn/ksp/ksp_agent@sha256:0fa5495795843bd5d69156d87b2d1c8ba34758af85fcd472ec6ad0daba56fe26],SizeBytes:433527765,},ContainerImage{Names:[harbor.moresec.cn/ksp/ksp_agent@sha256:7fc828e5732309187da20a9a025a142f8229f04087601a9fad119c3724ab6e92 harbor.moresec.cn/ksp/ksp_agent:2.2.0],SizeBytes:433527765,},ContainerImage{Names:[harbor.moresec.cn/ksp/ksp_agent@sha256:b6455a0f39f08b39b5ee701bbcfb11edb8484478bfe44f30a3a48f041ea504b1],SizeBytes:433527765,},ContainerImage{Names:[harbor.moresec.cn/ksp/ksp_agent:laishang],SizeBytes:433318869,},ContainerImage{Names:[k8s.gcr.io/e2e-test-images/volume/iscsi:2.2],SizeBytes:414158129,},ContainerImage{Names:[netdata/netdata@sha256:42ba5e0b0f0efaf39f3dda3f511690d7e0a6f0fef2ccfc6d629e01aa911349cc netdata/netdata:latest],SizeBytes:392760854,},ContainerImage{Names:[k8s.gcr.io/sig-storage/nfs-provisioner:v2.2.2],SizeBytes:391702539,},ContainerImage{Names:[k8s.gcr.io/e2e-test-images/glusterdynamic-provisioner:v1.0],SizeBytes:373269502,},ContainerImage{Names:[k8s.gcr.io/e2e-test-images/volume/gluster:1.2],SizeBytes:340272046,},ContainerImage{Names:[sonobuoy/systemd-logs@sha256:0b8b2b7b43b03f7db26e7e4b99be402495b77b496f5a5b0425b3c226bc1e9cbd sonobuoy/systemd-logs:v0.4],SizeBytes:314068873,},ContainerImage{Names:[harbor.moresec.cn/ksp/mysql@sha256:1a52fad24c8d9c47d9563773bf2fd6618cab64a2e7054a32c62d7ff83047d432 harbor.moresec.cn/ksp/mysql:5.7.34],SizeBytes:296256317,},ContainerImage{Names:[192.168.132.114/revshell/revshell@sha256:9b67dba407ee84b9c44b25000faab4b15234d348853ce5e51a7eb7dcefedcc26],SizeBytes:271797518,},ContainerImage{Names:[192.168.132.114/revshell/revshell@sha256:6d8b31f77b52acd39735757cc52d138f343fc49ea76772d4fac615d6064b5978 192.168.132.114/revshell/revshell:latest],SizeBytes:271797514,},ContainerImage{Names:[192.168.132.114/revshell/revshell@sha256:de8b9f596c76971d97ae900223fa5bf95ec51e80c75e40b0e16fcc76e73390d0],SizeBytes:271797416,},ContainerImage{Names:[192.168.132.114/revshell/revshell@sha256:3bbeef8c9f89b542784e94159ddc8e0365418886b5ef37f72d0b911396cdede0],SizeBytes:271797410,},ContainerImage{Names:[192.168.132.114/revshell/listen@sha256:e51b45cdcf6314fabe93ef6b0dda4062713628b951f948aac56154c2e092bd18 192.168.132.114/revshell/listen:latest],SizeBytes:271796301,},ContainerImage{Names:[192.168.132.114/revshell/listen@sha256:4aaf5ed8166fef1252bfa2784b85a691b438f0a1bfc286c1099a42e215971f3f],SizeBytes:271796199,},ContainerImage{Names:[harbor.moresec.cn/ksp/ksp_web@sha256:e0e443f252e6bd8f090341a555d8ae5846815293106341c78f6d00249babfa4a],SizeBytes:265801442,},ContainerImage{Names:[harbor.moresec.cn/ksp/ksp_web@sha256:c3f7ad61abe56853241fb79c1c05c6b8c86b190960b1f5f97140d891515304c9],SizeBytes:264539293,},ContainerImage{Names:[harbor.moresec.cn/ksp/ksp_web@sha256:b3fdc81d10a75ebe03bd5faef73e9edf161cd7940b9b374db637c12a0cd2cfc9],SizeBytes:264539173,},ContainerImage{Names:[harbor.moresec.cn/ksp/ksp_web@sha256:7b345a16af36b51412b69aca73a67848ce3ceb81f0045b4752df355d7ca6fc6c harbor.moresec.cn/ksp/ksp_web:2.2.0],SizeBytes:264538875,},ContainerImage{Names:[harbor.moresec.cn/ksp/ksp_web@sha256:0e4b5eff8946bf4d728d8931093c90949b4bff855edb420166406da7f57a8ece harbor.moresec.cn/ksp/ksp_web:latest],SizeBytes:264537370,},ContainerImage{Names:[harbor.moresec.cn/ksp/ksp_web@sha256:5453d21ff28597046c6848026d771fb09508a63ce6ad0abd7c82d5854002bdeb],SizeBytes:264507115,},ContainerImage{Names:[k8s.gcr.io/e2e-test-images/volume/nfs:1.2],SizeBytes:263870626,},},VolumesInUse:[],VolumesAttached:[]AttachedVolume{},Config:nil,},}&#xA;Jul 24 14:35:36.139: INFO: &#xA;Logging kubelet events for node kubernetes-node-02&#xA;Jul 24 14:35:36.140: INFO: &#xA;Logging pods the kubelet thinks is on node kubernetes-node-02&#xA;Jul 24 14:35:36.147: INFO: ksp-influxdb-6c4b765b68-mhtng started at 2022-07-24 12:39:13 +0000 UTC (0+1 container statuses recorded)&#xA;Jul 24 14:35:36.147: INFO: &#x9;Container influxdb ready: true, restart count 0&#xA;Jul 24 14:35:36.147: INFO: kube-proxy-pshqk started at 2022-07-05 02:22:26 +0000 UTC (0+1 container statuses recorded)&#xA;Jul 24 14:35:36.147: INFO: &#x9;Container kube-proxy ready: true, restart count 1&#xA;Jul 24 14:35:36.147: INFO: ksp-zookeeper-0 started at 2022-07-24 12:39:13 +0000 UTC (0+1 container statuses recorded)&#xA;Jul 24 14:35:36.147: INFO: &#x9;Container zookeeper ready: true, restart count 0&#xA;Jul 24 14:35:36.147: INFO: prometheus-k8s-1 started at 2022-07-24 12:39:13 +0000 UTC (1+2 container statuses recorded)&#xA;Jul 24 14:35:36.147: INFO: &#x9;Init container init-config-reloader ready: true, restart count 0&#xA;Jul 24 14:35:36.147: INFO: &#x9;Container config-reloader ready: true, restart count 0&#xA;Jul 24 14:35:36.147: INFO: &#x9;Container prometheus ready: true, restart count 0&#xA;Jul 24 14:35:36.147: INFO: pod-logs-websocket-6a65e45b-ac5b-4f46-a267-f8452565f773 started at 2022-07-24 14:35:06 +0000 UTC (0+1 container statuses recorded)&#xA;Jul 24 14:35:36.147: INFO: &#x9;Container main ready: true, restart count 0&#xA;Jul 24 14:35:36.147: INFO: alertmanager-main-2 started at 2022-07-24 12:39:35 +0000 UTC (0+2 container statuses recorded)&#xA;Jul 24 14:35:36.147: INFO: &#x9;Container alertmanager ready: true, restart count 0&#xA;Jul 24 14:35:36.147: INFO: &#x9;Container config-reloader ready: true, restart count 0&#xA;Jul 24 14:35:36.147: INFO: node-exporter-mg4n8 started at 2022-07-08 03:28:05 +0000 UTC (0+2 container statuses recorded)&#xA;Jul 24 14:35:36.147: INFO: &#x9;Container kube-rbac-proxy ready: true, restart count 1&#xA;Jul 24 14:35:36.147: INFO: &#x9;Container node-exporter ready: true, restart count 2&#xA;Jul 24 14:35:36.147: INFO: ksp-minio-6c4647754d-x4fzq started at 2022-07-24 12:39:13 +0000 UTC (0+1 container statuses recorded)&#xA;Jul 24 14:35:36.147: INFO: &#x9;Container minio ready: true, restart count 0&#xA;Jul 24 14:35:36.147: INFO: sonobuoy-systemd-logs-daemon-set-bb55de94825d4876-7s4cf started at 2022-07-24 11:15:36 +0000 UTC (0+2 container statuses recorded)&#xA;Jul 24 14:35:36.147: INFO: &#x9;Container sonobuoy-worker ready: true, restart count 0&#xA;Jul 24 14:35:36.147: INFO: &#x9;Container systemd-logs ready: true, restart count 0&#xA;Jul 24 14:35:36.147: INFO: kube-flannel-ds-g6brd started at 2022-07-24 12:39:23 +0000 UTC (2+1 container statuses recorded)&#xA;Jul 24 14:35:36.147: INFO: &#x9;Init container install-cni-plugin ready: true, restart count 0&#xA;Jul 24 14:35:36.147: INFO: &#x9;Init container install-cni ready: true, restart count 0&#xA;Jul 24 14:35:36.147: INFO: &#x9;Container kube-flannel ready: true, restart count 0&#xA;Jul 24 14:35:36.147: INFO: ss2-2 started at 2022-07-24 12:40:05 +0000 UTC (0+1 container statuses recorded)&#xA;Jul 24 14:35:36.147: INFO: &#x9;Container webserver ready: true, restart count 0&#xA;Jul 24 14:35:36.186: INFO: &#xA;Latency metrics for node kubernetes-node-02&#xA;Jul 24 14:35:36.186: INFO: Waiting up to 3m0s for all (but 0) nodes to be ready&#xA;STEP: Destroying namespace &#34;services-607&#34; for this suite.&#xA;[AfterEach] [sig-network] Services&#xA;  /workspace/src/k8s.io/kubernetes/_output/dockerized/go/src/k8s.io/kubernetes/test/e2e/network/service.go:753&#xA;</system-out>
      </testcase>
      <testcase name="[sig-network] SCTP [Feature:SCTP] [LinuxOnly] should create a ClusterIP Service with SCTP ports" classname="Kubernetes e2e suite" time="0">
          <skipped></skipped>
      </testcase>
      <testcase name="[sig-apps] Deployment iterative rollouts should eventually progress" classname="Kubernetes e2e suite" time="0">
          <skipped></skipped>
      </testcase>
      <testcase name="[sig-storage] CSI Volumes [Driver: pd.csi.storage.gke.io][Serial] [Testpattern: Inline-volume (xfs)][Slow] volumes should allow exec of files on the volume" classname="Kubernetes e2e suite" time="0">
          <skipped></skipped>
      </testcase>
      <testcase name="[sig-storage] In-tree Volumes [Driver: local][LocalVolumeType: block] [Testpattern: Dynamic PV (block volmode)] volume-expand should not allow expansion of pvcs without AllowVolumeExpansion property" classname="Kubernetes e2e suite" time="0">
          <skipped></skipped>
      </testcase>
      <testcase name="[sig-storage] NFSPersistentVolumes[Disruptive][Flaky] when kubelet restarts Should test that a volume mounted to a pod that is force deleted while the kubelet is down unmounts when the kubelet returns." classname="Kubernetes e2e suite" time="0">
          <skipped></skipped>
      </testcase>
      <testcase name="[sig-storage] PersistentVolumes-local  [Volume type: dir-link] One pod requesting one prebound PVC should be able to mount volume and write from pod1" classname="Kubernetes e2e suite" time="0">
          <skipped></skipped>
      </testcase>
      <testcase name="[sig-network] Services should work after restarting apiserver [Disruptive]" classname="Kubernetes e2e suite" time="0">
          <skipped></skipped>
      </testcase>
      <testcase name="[sig-storage] In-tree Volumes [Driver: local][LocalVolumeType: dir-bindmounted] [Testpattern: Dynamic PV (default fs)] subPath should support creating multiple subpath from same volumes [Slow]" classname="Kubernetes e2e suite" time="0">
          <skipped></skipped>
      </testcase>
      <testcase name="[sig-storage] In-tree Volumes [Driver: local][LocalVolumeType: tmpfs] [Testpattern: Pre-provisioned PV (filesystem volmode)] multiVolume [Slow] should concurrently access the single read-only volume from pods on the same node" classname="Kubernetes e2e suite" time="0">
          <skipped></skipped>
      </testcase>
      <testcase name="[sig-api-machinery] ResourceQuota should create a ResourceQuota and capture the life of a service. [Conformance]" classname="Kubernetes e2e suite" time="77.919239813"></testcase>
      <testcase name="[sig-storage] In-tree Volumes [Driver: iscsi][Feature:Volumes] [Testpattern: Dynamic PV (ntfs)][Feature:Windows] subPath should unmount if pod is gracefully deleted while kubelet is down [Disruptive][Slow][LinuxOnly]" classname="Kubernetes e2e suite" time="0">
          <skipped></skipped>
      </testcase>
      <testcase name="[sig-storage] In-tree Volumes [Driver: azure-disk] [Testpattern: Dynamic PV (block volmode)] disruptive[Disruptive][LinuxOnly] Should test that pv used in a pod that is force deleted while the kubelet is down cleans up when the kubelet returns." classname="Kubernetes e2e suite" time="0">
          <skipped></skipped>
      </testcase>
      <testcase name="[sig-storage] In-tree Volumes [Driver: local][LocalVolumeType: tmpfs] [Testpattern: Dynamic PV (xfs)][Slow] volumes should store data" classname="Kubernetes e2e suite" time="0">
          <skipped></skipped>
      </testcase>
      <testcase name="[sig-storage] In-tree Volumes [Driver: iscsi][Feature:Volumes] [Testpattern: Pre-provisioned PV (default fs)] subPath should verify container cannot write to subpath readonly volumes [Slow]" classname="Kubernetes e2e suite" time="0">
          <skipped></skipped>
      </testcase>
      <testcase name="[sig-storage] CSI Volumes [Driver: csi-hostpath] [Testpattern: Pre-provisioned PV (block volmode)] multiVolume [Slow] should concurrently access the volume and its clone from pods on the same node [LinuxOnly][Feature:VolumeSnapshotDataSource][Feature:VolumeSourceXFS]" classname="Kubernetes e2e suite" time="0">
          <skipped></skipped>
      </testcase>
      <testcase name="[sig-storage] In-tree Volumes [Driver: hostPathSymlink] [Testpattern: Dynamic PV (block volmode)(allowExpansion)] volume-expand should resize volume when PVC is edited while pod is using it" classname="Kubernetes e2e suite" time="0">
          <skipped></skipped>
      </testcase>
      <testcase name="[sig-storage] In-tree Volumes [Driver: rbd][Feature:Volumes][Serial] [Testpattern: Dynamic PV (block volmode)] multiVolume [Slow] should access to two volumes with different volume mode and retain data across pod recreation on the same node" classname="Kubernetes e2e suite" time="0">
          <skipped></skipped>
      </testcase>
      <testcase name="[sig-network] LoadBalancers should be able to switch session affinity for LoadBalancer service with ESIPP off [Slow] [DisabledForLargeClusters] [LinuxOnly]" classname="Kubernetes e2e suite" time="0">
          <skipped></skipped>
      </testcase>
      <testcase name="[sig-storage] In-tree Volumes [Driver: local][LocalVolumeType: dir-bindmounted] [Testpattern: Dynamic PV (xfs)][Slow] multiVolume [Slow] should concurrently access the volume and its clone from pods on the same node [LinuxOnly][Feature:VolumeSnapshotDataSource][Feature:VolumeSourceXFS]" classname="Kubernetes e2e suite" time="0">
          <skipped></skipped>
      </testcase>
      <testcase name="[sig-storage] CSI Volumes [Driver: csi-hostpath] [Testpattern: Inline-volume (default fs)] subPath should verify container cannot write to subpath readonly volumes [Slow]" classname="Kubernetes e2e suite" time="0">
          <skipped></skipped>
      </testcase>
      <testcase name="[sig-windows] [Feature:Windows] Windows volume mounts  check volume mount permissions container should have readOnly permissions on emptyDir" classname="Kubernetes e2e suite" time="0">
          <skipped></skipped>
      </testcase>
      <testcase name="[sig-storage] In-tree Volumes [Driver: nfs] [Testpattern: Dynamic PV (xfs)][Slow] multiVolume [Slow] should concurrently access the volume and restored snapshot from pods on the same node [LinuxOnly][Feature:VolumeSnapshotDataSource][Feature:VolumeSourceXFS]" classname="Kubernetes e2e suite" time="0">
          <skipped></skipped>
      </testcase>
      <testcase name="[sig-storage] In-tree Volumes [Driver: hostPathSymlink] [Testpattern: Dynamic PV (ntfs)][Feature:Windows] subPath should support existing directories when readOnly specified in the volumeSource" classname="Kubernetes e2e suite" time="0">
          <skipped></skipped>
      </testcase>
      <testcase name="[sig-storage] PersistentVolumes-local  [Volume type: tmpfs] Set fsGroup for local volume should set fsGroup for one pod [Slow]" classname="Kubernetes e2e suite" time="0">
          <skipped></skipped>
      </testcase>
      <testcase name="[sig-storage] In-tree Volumes [Driver: vsphere] [Testpattern: Dynamic PV (block volmode)] multiVolume [Slow] should concurrently access the single volume from pods on the same node" classname="Kubernetes e2e suite" time="0">
          <skipped></skipped>
      </testcase>
      <testcase name="[sig-storage] In-tree Volumes [Driver: iscsi][Feature:Volumes] [Testpattern: Dynamic PV (default fs)] subPath should support readOnly file specified in the volumeMount [LinuxOnly]" classname="Kubernetes e2e suite" time="0">
          <skipped></skipped>
      </testcase>
      <testcase name="[sig-storage] In-tree Volumes [Driver: windows-gcepd] [Testpattern: Dynamic PV (default fs)] fsgroupchangepolicy (Always)[LinuxOnly], pod created with an initial fsgroup, volume contents ownership changed in first pod, new pod with different fsgroup applied to the volume contents" classname="Kubernetes e2e suite" time="0">
          <skipped></skipped>
      </testcase>
      <testcase name="[sig-storage] In-tree Volumes [Driver: ceph][Feature:Volumes][Serial] [Testpattern: Inline-volume (default fs)] subPath should support restarting containers using file as subpath [Slow][LinuxOnly]" classname="Kubernetes e2e suite" time="0">
          <skipped></skipped>
      </testcase>
      <testcase name="[sig-storage] In-tree Volumes [Driver: local][LocalVolumeType: dir-link-bindmounted] [Testpattern: Pre-provisioned PV (filesystem volmode)] multiVolume [Slow] should concurrently access the volume and its clone from pods on the same node [LinuxOnly][Feature:VolumeSnapshotDataSource][Feature:VolumeSourceXFS]" classname="Kubernetes e2e suite" time="0">
          <skipped></skipped>
      </testcase>
      <testcase name="[sig-storage] In-tree Volumes [Driver: gluster] [Testpattern: Pre-provisioned PV (block volmode)] disruptive[Disruptive][LinuxOnly] Should test that pv used in a pod that is force deleted while the kubelet is down cleans up when the kubelet returns." classname="Kubernetes e2e suite" time="0">
          <skipped></skipped>
      </testcase>
      <testcase name="[sig-scheduling] SchedulerPriorities [Serial] Pod should be preferably scheduled to nodes pod can tolerate" classname="Kubernetes e2e suite" time="0">
          <skipped></skipped>
      </testcase>
      <testcase name="[sig-storage] In-tree Volumes [Driver: local][LocalVolumeType: blockfs] [Testpattern: Dynamic PV (ntfs)][Feature:Windows] volumes should store data" classname="Kubernetes e2e suite" time="0">
          <skipped></skipped>
      </testcase>
      <testcase name="[sig-node] Pod garbage collector [Feature:PodGarbageCollector] [Slow] should handle the creation of 1000 pods" classname="Kubernetes e2e suite" time="0">
          <skipped></skipped>
      </testcase>
      <testcase name="[sig-storage] In-tree Volumes [Driver: local][LocalVolumeType: dir-link-bindmounted] [Testpattern: Pre-provisioned PV (ntfs)][Feature:Windows] volumes should allow exec of files on the volume" classname="Kubernetes e2e suite" time="0">
          <skipped></skipped>
      </testcase>
      <testcase name="[sig-storage] In-tree Volumes [Driver: local][LocalVolumeType: block] [Testpattern: Pre-provisioned PV (default fs)] subPath should support non-existent path" classname="Kubernetes e2e suite" time="0">
          <skipped></skipped>
      </testcase>
      <testcase name="[sig-storage] In-tree Volumes [Driver: windows-gcepd] [Testpattern: Dynamic PV (ntfs)][Feature:Windows] provisioning should provision storage with snapshot data source [Feature:VolumeSnapshotDataSource]" classname="Kubernetes e2e suite" time="0">
          <skipped></skipped>
      </testcase>
      <testcase name="[sig-storage] In-tree Volumes [Driver: hostPath] [Testpattern: Dynamic PV (ext3)] volumes should allow exec of files on the volume" classname="Kubernetes e2e suite" time="0">
          <skipped></skipped>
      </testcase>
      <testcase name="[sig-storage] In-tree Volumes [Driver: windows-gcepd] [Testpattern: Dynamic PV (default fs)] subPath should fail if subpath file is outside the volume [Slow][LinuxOnly]" classname="Kubernetes e2e suite" time="0">
          <skipped></skipped>
      </testcase>
      <testcase name="[sig-storage] In-tree Volumes [Driver: gcepd] [Testpattern: Pre-provisioned PV (filesystem volmode)] multiVolume [Slow] should concurrently access the volume and restored snapshot from pods on the same node [LinuxOnly][Feature:VolumeSnapshotDataSource][Feature:VolumeSourceXFS]" classname="Kubernetes e2e suite" time="0">
          <skipped></skipped>
      </testcase>
      <testcase name="[sig-storage] In-tree Volumes [Driver: windows-gcepd] [Testpattern: Pre-provisioned PV (default fs)] subPath should fail if subpath file is outside the volume [Slow][LinuxOnly]" classname="Kubernetes e2e suite" time="0">
          <skipped></skipped>
      </testcase>
      <testcase name="[sig-storage] CSI mock volume storage capacity exhausted, late binding, no topology" classname="Kubernetes e2e suite" time="0">
          <skipped></skipped>
      </testcase>
      <testcase name="[sig-storage] In-tree Volumes [Driver: cinder] [Testpattern: Dynamic PV (default fs)] volumes should store data" classname="Kubernetes e2e suite" time="0">
          <skipped></skipped>
      </testcase>
      <testcase name="[sig-storage] In-tree Volumes [Driver: local][LocalVolumeType: dir-link] [Testpattern: Dynamic PV (ntfs)][Feature:Windows] subPath should support readOnly file specified in the volumeMount [LinuxOnly]" classname="Kubernetes e2e suite" time="0">
          <skipped></skipped>
      </testcase>
      <testcase name="[sig-network] [Feature:IPv6DualStack] should create service with ipv6 cluster ip" classname="Kubernetes e2e suite" time="0">
          <skipped></skipped>
      </testcase>
      <testcase name="[sig-storage] In-tree Volumes [Driver: local][LocalVolumeType: tmpfs] [Testpattern: Dynamic PV (xfs)][Slow] multiVolume [Slow] should concurrently access the volume and its clone from pods on the same node [LinuxOnly][Feature:VolumeSnapshotDataSource][Feature:VolumeSourceXFS]" classname="Kubernetes e2e suite" time="0">
          <skipped></skipped>
      </testcase>
      <testcase name="[sig-storage] In-tree Volumes [Driver: rbd][Feature:Volumes][Serial] [Testpattern: Dynamic PV (immediate binding)] topology should provision a volume and schedule a pod with AllowedTopologies" classname="Kubernetes e2e suite" time="0">
          <skipped></skipped>
      </testcase>
      <testcase name="[sig-storage] In-tree Volumes [Driver: local][LocalVolumeType: blockfs] [Testpattern: Dynamic PV (block volmode)] multiVolume [Slow] should access to two volumes with different volume mode and retain data across pod recreation on different node" classname="Kubernetes e2e suite" time="0">
          <skipped></skipped>
      </testcase>
      <testcase name="[sig-network] ClusterDns [Feature:Example] should create pod that uses dns" classname="Kubernetes e2e suite" time="0">
          <skipped></skipped>
      </testcase>
      <testcase name="[sig-network] Netpol [Feature:SCTPConnectivity][LinuxOnly][Disruptive] NetworkPolicy between server and client using SCTP should support a &#39;default-deny-ingress&#39; policy [Feature:NetworkPolicy]" classname="Kubernetes e2e suite" time="0">
          <skipped></skipped>
      </testcase>
      <testcase name="[sig-storage] CSI Volumes [Driver: pd.csi.storage.gke.io][Serial] [Testpattern: Dynamic PV (ext4)] multiVolume [Slow] should concurrently access the single volume from pods on different node" classname="Kubernetes e2e suite" time="0">
          <skipped></skipped>
      </testcase>
      <testcase name="[sig-storage] In-tree Volumes [Driver: local][LocalVolumeType: blockfs] [Testpattern: Pre-provisioned PV (default fs)] subPath should fail if subpath directory is outside the volume [Slow][LinuxOnly]" classname="Kubernetes e2e suite" time="0">
          <skipped></skipped>
      </testcase>
      <testcase name="[sig-storage] In-tree Volumes [Driver: local][LocalVolumeType: dir-link-bindmounted] [Testpattern: Pre-provisioned PV (filesystem volmode)] multiVolume [Slow] should access to two volumes with the same volume mode and retain data across pod recreation on different node" classname="Kubernetes e2e suite" time="0">
          <skipped></skipped>
      </testcase>
      <testcase name="[sig-storage] In-tree Volumes [Driver: aws] [Testpattern: Dynamic PV (ext4)] multiVolume [Slow] should access to two volumes with the same volume mode and retain data across pod recreation on different node" classname="Kubernetes e2e suite" time="0">
          <skipped></skipped>
      </testcase>
      <testcase name="[sig-storage] In-tree Volumes [Driver: emptydir] [Testpattern: Dynamic PV (block volmode)] provisioning should provision storage with mount options" classname="Kubernetes e2e suite" time="0">
          <skipped></skipped>
      </testcase>
      <testcase name="[sig-scheduling] Multi-AZ Clusters should spread the pods of a replication controller across zones [Serial]" classname="Kubernetes e2e suite" time="0">
          <skipped></skipped>
      </testcase>
      <testcase name="[sig-storage] In-tree Volumes [Driver: local][LocalVolumeType: blockfs] [Testpattern: Dynamic PV (ext4)] multiVolume [Slow] should concurrently access the single read-only volume from pods on the same node" classname="Kubernetes e2e suite" time="0">
          <skipped></skipped>
      </testcase>
      <testcase name="[sig-storage] In-tree Volumes [Driver: local][LocalVolumeType: gce-localssd-scsi-fs] [Serial] [Testpattern: Dynamic PV (ext4)] multiVolume [Slow] should access to two volumes with different volume mode and retain data across pod recreation on different node" classname="Kubernetes e2e suite" time="0">
          <skipped></skipped>
      </testcase>
      <testcase name="[sig-storage] In-tree Volumes [Driver: gluster] [Testpattern: Pre-provisioned PV (filesystem volmode)] multiVolume [Slow] should concurrently access the volume and its clone from pods on the same node [LinuxOnly][Feature:VolumeSnapshotDataSource][Feature:VolumeSourceXFS]" classname="Kubernetes e2e suite" time="0">
          <skipped></skipped>
      </testcase>
      <testcase name="[sig-storage] In-tree Volumes [Driver: local][LocalVolumeType: dir-link] [Testpattern: Dynamic PV (xfs)][Slow] multiVolume [Slow] should concurrently access the single volume from pods on the same node" classname="Kubernetes e2e suite" time="0">
          <skipped></skipped>
      </testcase>
      <testcase name="[sig-storage] CSI Volumes [Driver: pd.csi.storage.gke.io][Serial] [Testpattern: Dynamic PV (block volmode)] volumeMode should fail to use a volume in a pod with mismatched mode [Slow]" classname="Kubernetes e2e suite" time="0">
          <skipped></skipped>
      </testcase>
      <testcase name="[sig-storage] In-tree Volumes [Driver: nfs] [Testpattern: Dynamic PV (default fs)] volume-stress multiple pods should access different volumes repeatedly [Slow] [Serial]" classname="Kubernetes e2e suite" time="0">
          <skipped></skipped>
      </testcase>
      <testcase name="[sig-storage] Dynamic Provisioning DynamicProvisioner [Slow] should test that deleting a claim before the volume is provisioned deletes the volume." classname="Kubernetes e2e suite" time="0">
          <skipped></skipped>
      </testcase>
      <testcase name="[sig-storage] In-tree Volumes [Driver: local][LocalVolumeType: block] [Testpattern: Dynamic PV (default fs)] volume-stress multiple pods should access different volumes repeatedly [Slow] [Serial]" classname="Kubernetes e2e suite" time="0">
          <skipped></skipped>
      </testcase>
      <testcase name="[sig-storage] In-tree Volumes [Driver: gcepd] [Testpattern: Dynamic PV (ext4)] multiVolume [Slow] should concurrently access the single volume from pods on different node" classname="Kubernetes e2e suite" time="0">
          <skipped></skipped>
      </testcase>
      <testcase name="[sig-storage] In-tree Volumes [Driver: local][LocalVolumeType: block] [Testpattern: Dynamic PV (block volmode)] volume-stress multiple pods should access different volumes repeatedly [Slow] [Serial]" classname="Kubernetes e2e suite" time="0">
          <skipped></skipped>
      </testcase>
      <testcase name="[sig-storage] In-tree Volumes [Driver: local][LocalVolumeType: dir-link] [Testpattern: Dynamic PV (ext3)] volumes should store data" classname="Kubernetes e2e suite" time="0">
          <skipped></skipped>
      </testcase>
      <testcase name="[sig-network] [Feature:IPv6DualStack] should have ipv4 and ipv6 internal node ip" classname="Kubernetes e2e suite" time="0">
          <skipped></skipped>
      </testcase>
      <testcase name="[sig-storage] In-tree Volumes [Driver: local][LocalVolumeType: dir] [Testpattern: Inline-volume (default fs)] subPath should support existing single file [LinuxOnly]" classname="Kubernetes e2e suite" time="0">
          <skipped></skipped>
      </testcase>
      <testcase name="[sig-storage] In-tree Volumes [Driver: windows-gcepd] [Testpattern: Dynamic PV (block volmode)] disruptive[Disruptive][LinuxOnly] Should test that pv used in a pod that is force deleted while the kubelet is down cleans up when the kubelet returns." classname="Kubernetes e2e suite" time="0">
          <skipped></skipped>
      </testcase>
      <testcase name="[sig-storage] In-tree Volumes [Driver: local][LocalVolumeType: dir] [Testpattern: Dynamic PV (ntfs)][Feature:Windows] subPath should support creating multiple subpath from same volumes [Slow]" classname="Kubernetes e2e suite" time="0">
          <skipped></skipped>
      </testcase>
      <testcase name="[sig-storage] Projected configMap Should fail non-optional pod creation due to configMap object does not exist [Slow]" classname="Kubernetes e2e suite" time="0">
          <skipped></skipped>
      </testcase>
      <testcase name="[sig-storage] In-tree Volumes [Driver: local][LocalVolumeType: blockfs] [Testpattern: Dynamic PV (default fs)] fsgroupchangepolicy (Always)[LinuxOnly], pod created with an initial fsgroup, volume contents ownership changed in first pod, new pod with same fsgroup applied to the volume contents" classname="Kubernetes e2e suite" time="0">
          <skipped></skipped>
      </testcase>
      <testcase name="[sig-storage] In-tree Volumes [Driver: azure-disk] [Testpattern: Dynamic PV (xfs)][Slow] multiVolume [Slow] should access to two volumes with the same volume mode and retain data across pod recreation on the same node" classname="Kubernetes e2e suite" time="0">
          <skipped></skipped>
      </testcase>
      <testcase name="[sig-storage] In-tree Volumes [Driver: gcepd] [Testpattern: Dynamic PV (block volmode)] volumes should store data" classname="Kubernetes e2e suite" time="0">
          <skipped></skipped>
      </testcase>
      <testcase name="[sig-storage] In-tree Volumes [Driver: local][LocalVolumeType: gce-localssd-scsi-fs] [Serial] [Testpattern: Inline-volume (ext4)] volumes should allow exec of files on the volume" classname="Kubernetes e2e suite" time="0">
          <skipped></skipped>
      </testcase>
      <testcase name="[sig-storage] PersistentVolumes-local  [Volume type: block] One pod requesting one prebound PVC should be able to mount volume and write from pod1" classname="Kubernetes e2e suite" time="0">
          <skipped></skipped>
      </testcase>
      <testcase name="[sig-storage] In-tree Volumes [Driver: windows-gcepd] [Testpattern: Dynamic PV (ext4)] multiVolume [Slow] should access to two volumes with the same volume mode and retain data across pod recreation on different node" classname="Kubernetes e2e suite" time="0">
          <skipped></skipped>
      </testcase>
      <testcase name="[sig-storage] In-tree Volumes [Driver: hostPathSymlink] [Testpattern: Dynamic PV (default fs)] fsgroupchangepolicy (OnRootMismatch)[LinuxOnly], pod created with an initial fsgroup, volume contents ownership changed in first pod, new pod with same fsgroup skips ownership changes to the volume contents" classname="Kubernetes e2e suite" time="0">
          <skipped></skipped>
      </testcase>
      <testcase name="[sig-storage] In-tree Volumes [Driver: gcepd] [Testpattern: Dynamic PV (default fs)] provisioning should provision storage with pvc data source" classname="Kubernetes e2e suite" time="0">
          <skipped></skipped>
      </testcase>
      <testcase name="[sig-storage] In-tree Volumes [Driver: ceph][Feature:Volumes][Serial] [Testpattern: Dynamic PV (default fs)] subPath should support readOnly file specified in the volumeMount [LinuxOnly]" classname="Kubernetes e2e suite" time="0">
          <skipped></skipped>
      </testcase>
      <testcase name="[sig-network] NetworkPolicyLegacy [LinuxOnly] NetworkPolicy between server and client should allow egress access on one named port [Feature:NetworkPolicy]" classname="Kubernetes e2e suite" time="0">
          <skipped></skipped>
      </testcase>
      <testcase name="[sig-storage] In-tree Volumes [Driver: gcepd] [Testpattern: Dynamic PV (block volmode)] volumeMode should not mount / map unused volumes in a pod [LinuxOnly]" classname="Kubernetes e2e suite" time="0">
          <skipped></skipped>
      </testcase>
      <testcase name="[sig-storage] In-tree Volumes [Driver: local][LocalVolumeType: gce-localssd-scsi-fs] [Serial] [Testpattern: Dynamic PV (filesystem volmode)] volumeLimits should verify that all csinodes have volume limits" classname="Kubernetes e2e suite" time="0">
          <skipped></skipped>
      </testcase>
      <testcase name="[sig-storage] In-tree Volumes [Driver: local][LocalVolumeType: blockfs] [Testpattern: Dynamic PV (ntfs)][Feature:Windows] subPath should support restarting containers using directory as subpath [Slow]" classname="Kubernetes e2e suite" time="0">
          <skipped></skipped>
      </testcase>
      <testcase name="[sig-storage] In-tree Volumes [Driver: local][LocalVolumeType: dir-link-bindmounted] [Testpattern: Dynamic PV (default fs)] provisioning should provision storage with snapshot data source [Feature:VolumeSnapshotDataSource]" classname="Kubernetes e2e suite" time="0">
          <skipped></skipped>
      </testcase>
      <testcase name="[sig-storage] In-tree Volumes [Driver: local][LocalVolumeType: tmpfs] [Testpattern: Dynamic PV (block volmode)] disruptive[Disruptive][LinuxOnly] Should test that pv used in a pod that is force deleted while the kubelet is down cleans up when the kubelet returns." classname="Kubernetes e2e suite" time="0">
          <skipped></skipped>
      </testcase>
      <testcase name="[sig-storage] In-tree Volumes [Driver: local][LocalVolumeType: blockfs] [Testpattern: Dynamic PV (default fs)] fsgroupchangepolicy (Always)[LinuxOnly], pod created with an initial fsgroup, new pod fsgroup applied to volume contents" classname="Kubernetes e2e suite" time="0">
          <skipped></skipped>
      </testcase>
      <testcase name="[sig-storage] In-tree Volumes [Driver: local][LocalVolumeType: gce-localssd-scsi-fs] [Serial] [Testpattern: Dynamic PV (delayed binding)] topology should fail to schedule a pod which has topologies that conflict with AllowedTopologies" classname="Kubernetes e2e suite" time="0">
          <skipped></skipped>
      </testcase>
      <testcase name="[sig-storage] In-tree Volumes [Driver: aws] [Testpattern: Inline-volume (ext4)] volumes should allow exec of files on the volume" classname="Kubernetes e2e suite" time="0">
          <skipped></skipped>
      </testcase>
      <testcase name="[sig-network] [Feature:IPv6DualStack] should create a single stack service with cluster ip from primary service range" classname="Kubernetes e2e suite" time="0">
          <skipped></skipped>
      </testcase>
      <testcase name="[sig-storage] In-tree Volumes [Driver: azure-disk] [Testpattern: Dynamic PV (ext3)] volumes should store data" classname="Kubernetes e2e suite" time="0">
          <skipped></skipped>
      </testcase>
      <testcase name="[sig-storage] EmptyDir volumes when FSGroup is specified [LinuxOnly] [NodeFeature:FSGroup] volume on tmpfs should have the correct mode using FSGroup" classname="Kubernetes e2e suite" time="0">
          <skipped></skipped>
      </testcase>
      <testcase name="[sig-storage] In-tree Volumes [Driver: gcepd] [Testpattern: Dynamic PV (block volmode)(allowExpansion)] volume-expand should resize volume when PVC is edited while pod is using it" classname="Kubernetes e2e suite" time="0">
          <skipped></skipped>
      </testcase>
      <testcase name="[sig-storage] In-tree Volumes [Driver: iscsi][Feature:Volumes] [Testpattern: Dynamic PV (ntfs)][Feature:Windows] subPath should support existing directory" classname="Kubernetes e2e suite" time="0">
          <skipped></skipped>
      </testcase>
      <testcase name="[sig-network] [Feature:IPv6DualStack] should create service with ipv6,v4 cluster ip" classname="Kubernetes e2e suite" time="0">
          <skipped></skipped>
      </testcase>
      <testcase name="[sig-storage] In-tree Volumes [Driver: aws] [Testpattern: Dynamic PV (xfs)][Slow] multiVolume [Slow] should access to two volumes with the same volume mode and retain data across pod recreation on the same node" classname="Kubernetes e2e suite" time="0">
          <skipped></skipped>
      </testcase>
      <testcase name="[sig-storage] In-tree Volumes [Driver: gluster] [Testpattern: Pre-provisioned PV (filesystem volmode)] multiVolume [Slow] should concurrently access the single volume from pods on different node" classname="Kubernetes e2e suite" time="0">
          <skipped></skipped>
      </testcase>
      <testcase name="[sig-storage] In-tree Volumes [Driver: azure-disk] [Testpattern: Dynamic PV (ntfs)][Feature:Windows] subPath should unmount if pod is gracefully deleted while kubelet is down [Disruptive][Slow][LinuxOnly]" classname="Kubernetes e2e suite" time="0">
          <skipped></skipped>
      </testcase>
      <testcase name="[sig-network] DNS should support configurable pod DNS nameservers [Conformance]" classname="Kubernetes e2e suite" time="8.728801847"></testcase>
      <testcase name="[sig-storage] In-tree Volumes [Driver: emptydir] [Testpattern: Pre-provisioned PV (default fs)] subPath should unmount if pod is force deleted while kubelet is down [Disruptive][Slow][LinuxOnly]" classname="Kubernetes e2e suite" time="0">
          <skipped></skipped>
      </testcase>
      <testcase name="[sig-storage] In-tree Volumes [Driver: local][LocalVolumeType: dir-link] [Testpattern: Dynamic PV (default fs)] subPath should support non-existent path" classname="Kubernetes e2e suite" time="0">
          <skipped></skipped>
      </testcase>
      <testcase name="[sig-storage] In-tree Volumes [Driver: cinder] [Testpattern: Dynamic PV (ntfs)][Feature:Windows] subPath should support creating multiple subpath from same volumes [Slow]" classname="Kubernetes e2e suite" time="0">
          <skipped></skipped>
      </testcase>
      <testcase name="[sig-storage] In-tree Volumes [Driver: local][LocalVolumeType: dir-link] [Testpattern: Pre-provisioned PV (default fs)] subPath should support existing single file [LinuxOnly]" classname="Kubernetes e2e suite" time="0">
          <skipped></skipped>
      </testcase>
      <testcase name="[sig-storage] In-tree Volumes [Driver: rbd][Feature:Volumes][Serial] [Testpattern: Inline-volume (default fs)] volumeIO should write files of various sizes, verify size, validate content [Slow][LinuxOnly]" classname="Kubernetes e2e suite" time="0">
          <skipped></skipped>
      </testcase>
      <testcase name="[sig-storage] In-tree Volumes [Driver: local][LocalVolumeType: dir-bindmounted] [Testpattern: Dynamic PV (block volmode)] multiVolume [Slow] should access to two volumes with different volume mode and retain data across pod recreation on the same node" classname="Kubernetes e2e suite" time="0">
          <skipped></skipped>
      </testcase>
      <testcase name="[sig-autoscaling] Cluster size autoscaler scalability [Slow] shouldn&#39;t scale down with underutilized nodes due to host port conflicts [Feature:ClusterAutoscalerScalability5]" classname="Kubernetes e2e suite" time="0">
          <skipped></skipped>
      </testcase>
      <testcase name="[sig-storage] CSI Volumes [Driver: csi-hostpath] [Testpattern: Dynamic PV (filesystem volmode)] multiVolume [Slow] should concurrently access the volume and restored snapshot from pods on the same node [LinuxOnly][Feature:VolumeSnapshotDataSource][Feature:VolumeSourceXFS]" classname="Kubernetes e2e suite" time="0">
          <skipped></skipped>
      </testcase>
      <testcase name="[sig-storage] In-tree Volumes [Driver: gcepd] [Testpattern: Dynamic PV (default fs)] volumes should store data" classname="Kubernetes e2e suite" time="0">
          <skipped></skipped>
      </testcase>
      <testcase name="[sig-storage] In-tree Volumes [Driver: local][LocalVolumeType: blockfs] [Testpattern: Inline-volume (default fs)] subPath should support restarting containers using file as subpath [Slow][LinuxOnly]" classname="Kubernetes e2e suite" time="0">
          <skipped></skipped>
      </testcase>
      <testcase name="[sig-storage] In-tree Volumes [Driver: windows-gcepd] [Testpattern: Dynamic PV (default fs)] fsgroupchangepolicy (Always)[LinuxOnly], pod created with an initial fsgroup, volume contents ownership changed in first pod, new pod with same fsgroup applied to the volume contents" classname="Kubernetes e2e suite" time="0">
          <skipped></skipped>
      </testcase>
      <testcase name="[sig-storage] Volume Placement [Feature:vsphere] should create and delete pod with multiple volumes from same datastore" classname="Kubernetes e2e suite" time="0">
          <skipped></skipped>
      </testcase>
      <testcase name="[sig-storage] In-tree Volumes [Driver: local][LocalVolumeType: dir] [Testpattern: Dynamic PV (ntfs)][Feature:Windows] provisioning should provision storage with mount options" classname="Kubernetes e2e suite" time="0">
          <skipped></skipped>
      </testcase>
      <testcase name="[sig-storage] In-tree Volumes [Driver: gluster] [Testpattern: Dynamic PV (default fs)] subPath should support file as subpath [LinuxOnly]" classname="Kubernetes e2e suite" time="0">
          <skipped></skipped>
      </testcase>
      <testcase name="[sig-storage] In-tree Volumes [Driver: local][LocalVolumeType: blockfs] [Testpattern: Inline-volume (default fs)] subPath should unmount if pod is gracefully deleted while kubelet is down [Disruptive][Slow][LinuxOnly]" classname="Kubernetes e2e suite" time="0">
          <skipped></skipped>
      </testcase>
      <testcase name="[sig-storage] Downward API volume should provide node allocatable (memory) as default memory limit if the limit is not set [NodeConformance] [Conformance]" classname="Kubernetes e2e suite" time="8.893645486"></testcase>
      <testcase name="[sig-storage] In-tree Volumes [Driver: local][LocalVolumeType: block] [Testpattern: Dynamic PV (ext4)] multiVolume [Slow] should concurrently access the single read-only volume from pods on the same node" classname="Kubernetes e2e suite" time="0">
          <skipped></skipped>
      </testcase>
      <testcase name="[sig-network] Networking Granular Checks: Services should function for pod-Service: http" classname="Kubernetes e2e suite" time="0">
          <skipped></skipped>
      </testcase>
      <testcase name="[sig-storage] In-tree Volumes [Driver: hostPath] [Testpattern: Pre-provisioned PV (filesystem volmode)] multiVolume [Slow] should concurrently access the volume and restored snapshot from pods on the same node [LinuxOnly][Feature:VolumeSnapshotDataSource][Feature:VolumeSourceXFS]" classname="Kubernetes e2e suite" time="0">
          <skipped></skipped>
      </testcase>
      <testcase name="[sig-storage] In-tree Volumes [Driver: nfs] [Testpattern: Dynamic PV (ntfs)][Feature:Windows] subPath should support creating multiple subpath from same volumes [Slow]" classname="Kubernetes e2e suite" time="0">
          <skipped></skipped>
      </testcase>
      <testcase name="[sig-storage] In-tree Volumes [Driver: gluster] [Testpattern: Inline-volume (ext3)] volumes should allow exec of files on the volume" classname="Kubernetes e2e suite" time="0">
          <skipped></skipped>
      </testcase>
      <testcase name="[sig-storage] HostPathType Directory [Slow] Should fail on mounting directory &#39;adir&#39; when HostPathType is HostPathFile" classname="Kubernetes e2e suite" time="0">
          <skipped></skipped>
      </testcase>
      <testcase name="[sig-storage] In-tree Volumes [Driver: local][LocalVolumeType: dir] [Testpattern: Dynamic PV (xfs)][Slow] multiVolume [Slow] should concurrently access the single read-only volume from pods on the same node" classname="Kubernetes e2e suite" time="0">
          <skipped></skipped>
      </testcase>
      <testcase name="[sig-storage] In-tree Volumes [Driver: emptydir] [Testpattern: Dynamic PV (default fs)] subPath should support existing directory" classname="Kubernetes e2e suite" time="0">
          <skipped></skipped>
      </testcase>
      <testcase name="[sig-auth] Certificates API [Privileged:ClusterAdmin] should support building a client with a CSR" classname="Kubernetes e2e suite" time="0">
          <skipped></skipped>
      </testcase>
      <testcase name="[sig-storage] CSI Volumes [Driver: csi-hostpath] [Testpattern: Dynamic PV (filesystem volmode)] multiVolume [Slow] should access to two volumes with the same volume mode and retain data across pod recreation on the same node" classname="Kubernetes e2e suite" time="0">
          <skipped></skipped>
      </testcase>
      <testcase name="[sig-storage] In-tree Volumes [Driver: gluster] [Testpattern: Dynamic PV (filesystem volmode)] multiVolume [Slow] should access to two volumes with different volume mode and retain data across pod recreation on different node" classname="Kubernetes e2e suite" time="0">
          <skipped></skipped>
      </testcase>
      <testcase name="[sig-storage] In-tree Volumes [Driver: hostPath] [Testpattern: Pre-provisioned PV (default fs)] subPath should support non-existent path" classname="Kubernetes e2e suite" time="0">
          <skipped></skipped>
      </testcase>
      <testcase name="[sig-storage] In-tree Volumes [Driver: local][LocalVolumeType: blockfs] [Testpattern: Pre-provisioned PV (default fs)] subPath should fail if non-existent subpath is outside the volume [Slow][LinuxOnly]" classname="Kubernetes e2e suite" time="0">
          <skipped></skipped>
      </testcase>
      <testcase name="[sig-storage] In-tree Volumes [Driver: gcepd] [Testpattern: Dynamic PV (default fs)] subPath should be able to unmount after the subpath directory is deleted [LinuxOnly]" classname="Kubernetes e2e suite" time="0">
          <skipped></skipped>
      </testcase>
      <testcase name="[sig-storage] In-tree Volumes [Driver: windows-gcepd] [Testpattern: Dynamic PV (default fs)] subPath should unmount if pod is gracefully deleted while kubelet is down [Disruptive][Slow][LinuxOnly]" classname="Kubernetes e2e suite" time="0">
          <skipped></skipped>
      </testcase>
      <testcase name="[sig-storage] In-tree Volumes [Driver: ceph][Feature:Volumes][Serial] [Testpattern: Dynamic PV (default fs)] subPath should support existing single file [LinuxOnly]" classname="Kubernetes e2e suite" time="0">
          <skipped></skipped>
      </testcase>
      <testcase name="[sig-storage] In-tree Volumes [Driver: local][LocalVolumeType: tmpfs] [Testpattern: Dynamic PV (ntfs)][Feature:Windows] subPath should support readOnly file specified in the volumeMount [LinuxOnly]" classname="Kubernetes e2e suite" time="0">
          <skipped></skipped>
      </testcase>
      <testcase name="[sig-storage] Zone Support [Feature:vsphere] Verify a pod is created and attached to a dynamically created PV, based on the allowed zones, datastore and storage policy specified in storage class" classname="Kubernetes e2e suite" time="0">
          <skipped></skipped>
      </testcase>
      <testcase name="[sig-network] [Feature:IPv6DualStack] Granular Checks: Services Secondary IP Family [LinuxOnly] should function for pod-Service: sctp [Feature:SCTPConnectivity][Disruptive]" classname="Kubernetes e2e suite" time="0">
          <skipped></skipped>
      </testcase>
      <testcase name="[sig-storage] In-tree Volumes [Driver: gluster] [Testpattern: Dynamic PV (default fs)] fsgroupchangepolicy (OnRootMismatch)[LinuxOnly], pod created with an initial fsgroup, new pod fsgroup applied to volume contents" classname="Kubernetes e2e suite" time="0">
          <skipped></skipped>
      </testcase>
      <testcase name="[sig-storage] In-tree Volumes [Driver: rbd][Feature:Volumes][Serial] [Testpattern: Inline-volume (default fs)] subPath should fail if subpath directory is outside the volume [Slow][LinuxOnly]" classname="Kubernetes e2e suite" time="0">
          <skipped></skipped>
      </testcase>
      <testcase name="[sig-storage] In-tree Volumes [Driver: ceph][Feature:Volumes][Serial] [Testpattern: Dynamic PV (default fs)] subPath should support creating multiple subpath from same volumes [Slow]" classname="Kubernetes e2e suite" time="0">
          <skipped></skipped>
      </testcase>
      <testcase name="[sig-storage] In-tree Volumes [Driver: hostPath] [Testpattern: Pre-provisioned PV (filesystem volmode)] multiVolume [Slow] should access to two volumes with different volume mode and retain data across pod recreation on different node" classname="Kubernetes e2e suite" time="0">
          <skipped></skipped>
      </testcase>
      <testcase name="[sig-storage] CSI Volumes [Driver: pd.csi.storage.gke.io][Serial] [Testpattern: Pre-provisioned PV (filesystem volmode)] multiVolume [Slow] should access to two volumes with different volume mode and retain data across pod recreation on the same node" classname="Kubernetes e2e suite" time="0">
          <skipped></skipped>
      </testcase>
      <testcase name="[sig-storage] In-tree Volumes [Driver: aws] [Testpattern: Inline-volume (xfs)][Slow] volumes should store data" classname="Kubernetes e2e suite" time="0">
          <skipped></skipped>
      </testcase>
      <testcase name="[sig-storage] In-tree Volumes [Driver: windows-gcepd] [Testpattern: Pre-provisioned PV (default fs)] subPath should fail if subpath directory is outside the volume [Slow][LinuxOnly]" classname="Kubernetes e2e suite" time="0">
          <skipped></skipped>
      </testcase>
      <testcase name="[sig-storage] CSI Volumes [Driver: csi-hostpath] [Testpattern: Dynamic PV (xfs)][Slow] volumes should store data" classname="Kubernetes e2e suite" time="0">
          <skipped></skipped>
      </testcase>
      <testcase name="[sig-storage] In-tree Volumes [Driver: local][LocalVolumeType: dir-link-bindmounted] [Testpattern: Inline-volume (default fs)] subPath should support readOnly file specified in the volumeMount [LinuxOnly]" classname="Kubernetes e2e suite" time="0">
          <skipped></skipped>
      </testcase>
      <testcase name="[sig-network] Netpol NetworkPolicy between server and client should enforce policy based on PodSelector or NamespaceSelector [Feature:NetworkPolicy]" classname="Kubernetes e2e suite" time="0">
          <skipped></skipped>
      </testcase>
      <testcase name="[sig-storage] In-tree Volumes [Driver: hostPathSymlink] [Testpattern: Pre-provisioned PV (default fs)] subPath should support existing directory" classname="Kubernetes e2e suite" time="0">
          <skipped></skipped>
      </testcase>
      <testcase name="[sig-storage] In-tree Volumes [Driver: local][LocalVolumeType: dir-link] [Testpattern: Inline-volume (default fs)] subPath should fail if non-existent subpath is outside the volume [Slow][LinuxOnly]" classname="Kubernetes e2e suite" time="0">
          <skipped></skipped>
      </testcase>
      <testcase name="[sig-storage] In-tree Volumes [Driver: rbd][Feature:Volumes][Serial] [Testpattern: Pre-provisioned PV (block volmode)] multiVolume [Slow] should concurrently access the single read-only volume from pods on the same node" classname="Kubernetes e2e suite" time="0">
          <skipped></skipped>
      </testcase>
      <testcase name="[sig-storage] In-tree Volumes [Driver: local][LocalVolumeType: dir-bindmounted] [Testpattern: Dynamic PV (xfs)][Slow] multiVolume [Slow] should concurrently access the single read-only volume from pods on the same node" classname="Kubernetes e2e suite" time="0">
          <skipped></skipped>
      </testcase>
      <testcase name="[sig-storage] In-tree Volumes [Driver: nfs] [Testpattern: Dynamic PV (block volmode)] volumeMode should not mount / map unused volumes in a pod [LinuxOnly]" classname="Kubernetes e2e suite" time="0">
          <skipped></skipped>
      </testcase>
      <testcase name="[sig-storage] In-tree Volumes [Driver: azure-disk] [Testpattern: Pre-provisioned PV (filesystem volmode)] multiVolume [Slow] should concurrently access the volume and its clone from pods on the same node [LinuxOnly][Feature:VolumeSnapshotDataSource][Feature:VolumeSourceXFS]" classname="Kubernetes e2e suite" time="0">
          <skipped></skipped>
      </testcase>
      <testcase name="[sig-storage] In-tree Volumes [Driver: local][LocalVolumeType: tmpfs] [Testpattern: Pre-provisioned PV (block volmode)] volumeMode should fail to create pod by failing to mount volume [Slow]" classname="Kubernetes e2e suite" time="0">
          <skipped></skipped>
      </testcase>
      <testcase name="[sig-storage] CSI Volumes [Driver: pd.csi.storage.gke.io][Serial] [Testpattern: Dynamic PV (default fs)] volumes should allow exec of files on the volume" classname="Kubernetes e2e suite" time="0">
          <skipped></skipped>
      </testcase>
      <testcase name="[sig-storage] In-tree Volumes [Driver: iscsi][Feature:Volumes] [Testpattern: Dynamic PV (default fs)] subPath should fail if subpath directory is outside the volume [Slow][LinuxOnly]" classname="Kubernetes e2e suite" time="0">
          <skipped></skipped>
      </testcase>
      <testcase name="[sig-storage] In-tree Volumes [Driver: rbd][Feature:Volumes][Serial] [Testpattern: Dynamic PV (block volmode)] volumeMode should not mount / map unused volumes in a pod [LinuxOnly]" classname="Kubernetes e2e suite" time="0">
          <skipped></skipped>
      </testcase>
      <testcase name="[sig-storage] In-tree Volumes [Driver: local][LocalVolumeType: dir-link] [Testpattern: Pre-provisioned PV (block volmode)] volumes should store data" classname="Kubernetes e2e suite" time="0">
          <skipped></skipped>
      </testcase>
      <testcase name="[sig-api-machinery] Watchers should be able to start watching from a specific resource version [Conformance]" classname="Kubernetes e2e suite" time="0.8336357"></testcase>
      <testcase name="[sig-storage] Volume FStype [Feature:vsphere] verify fstype - default value should be ext4" classname="Kubernetes e2e suite" time="0">
          <skipped></skipped>
      </testcase>
      <testcase name="[sig-storage] In-tree Volumes [Driver: gcepd] [Testpattern: Dynamic PV (filesystem volmode)] multiVolume [Slow] should concurrently access the single volume from pods on the same node" classname="Kubernetes e2e suite" time="0">
          <skipped></skipped>
      </testcase>
      <testcase name="[sig-storage] In-tree Volumes [Driver: local][LocalVolumeType: dir-link-bindmounted] [Testpattern: Dynamic PV (ext4)] multiVolume [Slow] should concurrently access the volume and restored snapshot from pods on the same node [LinuxOnly][Feature:VolumeSnapshotDataSource][Feature:VolumeSourceXFS]" classname="Kubernetes e2e suite" time="0">
          <skipped></skipped>
      </testcase>
      <testcase name="[sig-storage] In-tree Volumes [Driver: local][LocalVolumeType: block] [Testpattern: Dynamic PV (filesystem volmode)] volumeMode should fail to use a volume in a pod with mismatched mode [Slow]" classname="Kubernetes e2e suite" time="0">
          <skipped></skipped>
      </testcase>
      <testcase name="[sig-storage] In-tree Volumes [Driver: hostPathSymlink] [Testpattern: Pre-provisioned PV (block volmode)] multiVolume [Slow] should access to two volumes with different volume mode and retain data across pod recreation on different node" classname="Kubernetes e2e suite" time="0">
          <skipped></skipped>
      </testcase>
      <testcase name="[sig-node] NodeLease when the NodeLease feature is enabled the kubelet should report node status infrequently" classname="Kubernetes e2e suite" time="0">
          <skipped></skipped>
      </testcase>
      <testcase name="[sig-storage] In-tree Volumes [Driver: nfs] [Testpattern: Pre-provisioned PV (default fs)] subPath should unmount if pod is gracefully deleted while kubelet is down [Disruptive][Slow][LinuxOnly]" classname="Kubernetes e2e suite" time="0">
          <skipped></skipped>
      </testcase>
      <testcase name="[sig-storage] In-tree Volumes [Driver: iscsi][Feature:Volumes] [Testpattern: Dynamic PV (default fs)] volumes should allow exec of files on the volume" classname="Kubernetes e2e suite" time="0">
          <skipped></skipped>
      </testcase>
      <testcase name="[sig-storage] In-tree Volumes [Driver: cinder] [Testpattern: Dynamic PV (block volmode)] multiVolume [Slow] should concurrently access the volume and its clone from pods on the same node [LinuxOnly][Feature:VolumeSnapshotDataSource][Feature:VolumeSourceXFS]" classname="Kubernetes e2e suite" time="0">
          <skipped></skipped>
      </testcase>
      <testcase name="[sig-storage] In-tree Volumes [Driver: ceph][Feature:Volumes][Serial] [Testpattern: Inline-volume (ext3)] volumes should store data" classname="Kubernetes e2e suite" time="0">
          <skipped></skipped>
      </testcase>
      <testcase name="[sig-storage] CSI Volumes [Driver: pd.csi.storage.gke.io][Serial] [Testpattern: Dynamic PV (ntfs)][Feature:Windows] provisioning should provision storage with pvc data source in parallel [Slow]" classname="Kubernetes e2e suite" time="0">
          <skipped></skipped>
      </testcase>
      <testcase name="[sig-storage] In-tree Volumes [Driver: local][LocalVolumeType: dir] [Testpattern: Dynamic PV (filesystem volmode)] multiVolume [Slow] should concurrently access the volume and its clone from pods on the same node [LinuxOnly][Feature:VolumeSnapshotDataSource][Feature:VolumeSourceXFS]" classname="Kubernetes e2e suite" time="0">
          <skipped></skipped>
      </testcase>
      <testcase name="[sig-storage] In-tree Volumes [Driver: gluster] [Testpattern: Dynamic PV (filesystem volmode)] volumeMode should not mount / map unused volumes in a pod [LinuxOnly]" classname="Kubernetes e2e suite" time="0">
          <skipped></skipped>
      </testcase>
      <testcase name="[sig-storage] In-tree Volumes [Driver: ceph][Feature:Volumes][Serial] [Testpattern: Dynamic PV (xfs)][Slow] volumes should allow exec of files on the volume" classname="Kubernetes e2e suite" time="0">
          <skipped></skipped>
      </testcase>
      <testcase name="[sig-storage] In-tree Volumes [Driver: nfs] [Testpattern: Dynamic PV (filesystem volmode)] multiVolume [Slow] should concurrently access the volume and restored snapshot from pods on the same node [LinuxOnly][Feature:VolumeSnapshotDataSource][Feature:VolumeSourceXFS]" classname="Kubernetes e2e suite" time="0">
          <skipped></skipped>
      </testcase>
      <testcase name="[sig-storage] In-tree Volumes [Driver: windows-gcepd] [Testpattern: Dynamic PV (filesystem volmode)] multiVolume [Slow] should access to two volumes with different volume mode and retain data across pod recreation on different node" classname="Kubernetes e2e suite" time="0">
          <skipped></skipped>
      </testcase>
      <testcase name="[sig-storage] In-tree Volumes [Driver: local][LocalVolumeType: dir-bindmounted] [Testpattern: Pre-provisioned PV (default fs)] subPath should support restarting containers using directory as subpath [Slow]" classname="Kubernetes e2e suite" time="0">
          <skipped></skipped>
      </testcase>
      <testcase name="[sig-storage] CSI Volumes [Driver: pd.csi.storage.gke.io][Serial] [Testpattern: Dynamic PV (block volmode)] disruptive[Disruptive][LinuxOnly] Should test that pv used in a pod that is deleted while the kubelet is down cleans up when the kubelet returns." classname="Kubernetes e2e suite" time="0">
          <skipped></skipped>
      </testcase>
      <testcase name="[sig-storage] In-tree Volumes [Driver: ceph][Feature:Volumes][Serial] [Testpattern: Pre-provisioned PV (block volmode)] volumes should store data" classname="Kubernetes e2e suite" time="0">
          <skipped></skipped>
      </testcase>
      <testcase name="[sig-storage] In-tree Volumes [Driver: azure-disk] [Testpattern: Dynamic PV (ntfs)][Feature:Windows] subPath should support non-existent path" classname="Kubernetes e2e suite" time="0">
          <skipped></skipped>
      </testcase>
      <testcase name="[sig-storage] In-tree Volumes [Driver: hostPath] [Testpattern: Dynamic PV (ext4)] volumes should store data" classname="Kubernetes e2e suite" time="0">
          <skipped></skipped>
      </testcase>
      <testcase name="[sig-storage] In-tree Volumes [Driver: aws] [Testpattern: Dynamic PV (ntfs)][Feature:Windows] subPath should support restarting containers using file as subpath [Slow][LinuxOnly]" classname="Kubernetes e2e suite" time="0">
          <skipped></skipped>
      </testcase>
      <testcase name="[sig-storage] In-tree Volumes [Driver: local][LocalVolumeType: dir] [Testpattern: Dynamic PV (xfs)][Slow] volumes should store data" classname="Kubernetes e2e suite" time="0">
          <skipped></skipped>
      </testcase>
      <testcase name="[sig-storage] EmptyDir volumes when FSGroup is specified [LinuxOnly] [NodeFeature:FSGroup] new files should be created with FSGroup ownership when container is root" classname="Kubernetes e2e suite" time="0">
          <skipped></skipped>
      </testcase>
      <testcase name="[sig-storage] In-tree Volumes [Driver: local][LocalVolumeType: blockfs] [Testpattern: Pre-provisioned PV (default fs)] subPath should support existing single file [LinuxOnly]" classname="Kubernetes e2e suite" time="0">
          <skipped></skipped>
      </testcase>
      <testcase name="[sig-storage] In-tree Volumes [Driver: local][LocalVolumeType: blockfs] [Testpattern: Pre-provisioned PV (ntfs)][Feature:Windows] volumes should store data" classname="Kubernetes e2e suite" time="0">
          <skipped></skipped>
      </testcase>
      <testcase name="[sig-storage] In-tree Volumes [Driver: aws] [Testpattern: Dynamic PV (block volmode)] volumes should store data" classname="Kubernetes e2e suite" time="0">
          <skipped></skipped>
      </testcase>
      <testcase name="[sig-storage] In-tree Volumes [Driver: local][LocalVolumeType: dir] [Testpattern: Pre-provisioned PV (ntfs)][Feature:Windows] volumes should allow exec of files on the volume" classname="Kubernetes e2e suite" time="0">
          <skipped></skipped>
      </testcase>
      <testcase name="[sig-storage] In-tree Volumes [Driver: gcepd] [Testpattern: Dynamic PV (ntfs)][Feature:Windows] subPath should support restarting containers using directory as subpath [Slow]" classname="Kubernetes e2e suite" time="0">
          <skipped></skipped>
      </testcase>
      <testcase name="[sig-storage] In-tree Volumes [Driver: local][LocalVolumeType: dir-link-bindmounted] [Testpattern: Dynamic PV (ntfs)][Feature:Windows] volumes should store data" classname="Kubernetes e2e suite" time="0">
          <skipped></skipped>
      </testcase>
      <testcase name="[sig-apps] StatefulSet Basic StatefulSet functionality [StatefulSetBasic] should perform rolling updates and roll backs of template modifications with PVCs" classname="Kubernetes e2e suite" time="0">
          <skipped></skipped>
      </testcase>
      <testcase name="[sig-storage] In-tree Volumes [Driver: gluster] [Testpattern: Pre-provisioned PV (ntfs)][Feature:Windows] volumes should allow exec of files on the volume" classname="Kubernetes e2e suite" time="0">
          <skipped></skipped>
      </testcase>
      <testcase name="[sig-storage] In-tree Volumes [Driver: local][LocalVolumeType: tmpfs] [Testpattern: Dynamic PV (filesystem volmode)] multiVolume [Slow] should concurrently access the single volume from pods on different node" classname="Kubernetes e2e suite" time="0">
          <skipped></skipped>
      </testcase>
      <testcase name="[sig-storage] In-tree Volumes [Driver: aws] [Testpattern: Dynamic PV (default fs)] subPath should verify container cannot write to subpath readonly volumes [Slow]" classname="Kubernetes e2e suite" time="0">
          <skipped></skipped>
      </testcase>
      <testcase name="[sig-storage] In-tree Volumes [Driver: local][LocalVolumeType: blockfs] [Testpattern: Dynamic PV (default fs)(allowExpansion)] volume-expand should resize volume when PVC is edited while pod is using it" classname="Kubernetes e2e suite" time="0">
          <skipped></skipped>
      </testcase>
      <testcase name="[sig-storage] In-tree Volumes [Driver: emptydir] [Testpattern: Dynamic PV (ntfs)][Feature:Windows] subPath should unmount if pod is force deleted while kubelet is down [Disruptive][Slow][LinuxOnly]" classname="Kubernetes e2e suite" time="0">
          <skipped></skipped>
      </testcase>
      <testcase name="[sig-storage] In-tree Volumes [Driver: local][LocalVolumeType: dir-link-bindmounted] [Testpattern: Pre-provisioned PV (block volmode)] multiVolume [Slow] should concurrently access the single read-only volume from pods on the same node" classname="Kubernetes e2e suite" time="0">
          <skipped></skipped>
      </testcase>
      <testcase name="[sig-storage] In-tree Volumes [Driver: local][LocalVolumeType: dir-link-bindmounted] [Testpattern: Dynamic PV (ntfs)(allowExpansion)][Feature:Windows] volume-expand Verify if offline PVC expansion works" classname="Kubernetes e2e suite" time="0">
          <skipped></skipped>
      </testcase>
      <testcase name="[sig-storage] In-tree Volumes [Driver: gluster] [Testpattern: Dynamic PV (ntfs)][Feature:Windows] subPath should support readOnly directory specified in the volumeMount" classname="Kubernetes e2e suite" time="0">
          <skipped></skipped>
      </testcase>
      <testcase name="[sig-storage] In-tree Volumes [Driver: hostPath] [Testpattern: Dynamic PV (default fs)] subPath should be able to unmount after the subpath directory is deleted [LinuxOnly]" classname="Kubernetes e2e suite" time="0">
          <skipped></skipped>
      </testcase>
      <testcase name="[sig-storage] In-tree Volumes [Driver: local][LocalVolumeType: gce-localssd-scsi-fs] [Serial] [Testpattern: Dynamic PV (ntfs)(allowExpansion)][Feature:Windows] volume-expand Verify if offline PVC expansion works" classname="Kubernetes e2e suite" time="0">
          <skipped></skipped>
      </testcase>
      <testcase name="[sig-storage] In-tree Volumes [Driver: nfs] [Testpattern: Pre-provisioned PV (filesystem volmode)] multiVolume [Slow] should concurrently access the single read-only volume from pods on the same node" classname="Kubernetes e2e suite" time="0">
          <skipped></skipped>
      </testcase>
      <testcase name="[sig-storage] In-tree Volumes [Driver: azure-disk] [Testpattern: Dynamic PV (ext4)] multiVolume [Slow] should access to two volumes with different volume mode and retain data across pod recreation on the same node" classname="Kubernetes e2e suite" time="0">
          <skipped></skipped>
      </testcase>
      <testcase name="[sig-storage] In-tree Volumes [Driver: local][LocalVolumeType: dir-bindmounted] [Testpattern: Dynamic PV (ext4)] multiVolume [Slow] should concurrently access the single volume from pods on different node" classname="Kubernetes e2e suite" time="0">
          <skipped></skipped>
      </testcase>
      <testcase name="[sig-storage] In-tree Volumes [Driver: gcepd] [Testpattern: Inline-volume (default fs)] subPath should verify container cannot write to subpath readonly volumes [Slow]" classname="Kubernetes e2e suite" time="0">
          <skipped></skipped>
      </testcase>
      <testcase name="[sig-storage] In-tree Volumes [Driver: cinder] [Testpattern: Dynamic PV (filesystem volmode)] multiVolume [Slow] should access to two volumes with the same volume mode and retain data across pod recreation on different node" classname="Kubernetes e2e suite" time="0">
          <skipped></skipped>
      </testcase>
      <testcase name="[sig-instrumentation] MetricsGrabber should grab all metrics from a ControllerManager." classname="Kubernetes e2e suite" time="0">
          <skipped></skipped>
      </testcase>
      <testcase name="[sig-storage] In-tree Volumes [Driver: local][LocalVolumeType: block] [Testpattern: Dynamic PV (filesystem volmode)] volumeLimits should support volume limits [Serial]" classname="Kubernetes e2e suite" time="0">
          <skipped></skipped>
      </testcase>
      <testcase name="[sig-storage] In-tree Volumes [Driver: hostPathSymlink] [Testpattern: Pre-provisioned PV (block volmode)] multiVolume [Slow] should access to two volumes with different volume mode and retain data across pod recreation on the same node" classname="Kubernetes e2e suite" time="0">
          <skipped></skipped>
      </testcase>
      <testcase name="[sig-network] Netpol NetworkPolicy between server and client should enforce updated policy [Feature:NetworkPolicy]" classname="Kubernetes e2e suite" time="0">
          <skipped></skipped>
      </testcase>
      <testcase name="[sig-storage] In-tree Volumes [Driver: nfs] [Testpattern: Inline-volume (default fs)] volumeIO should write files of various sizes, verify size, validate content [Slow][LinuxOnly]" classname="Kubernetes e2e suite" time="0">
          <skipped></skipped>
      </testcase>
      <testcase name="[sig-storage] In-tree Volumes [Driver: hostPathSymlink] [Testpattern: Dynamic PV (default fs)] fsgroupchangepolicy (OnRootMismatch)[LinuxOnly], pod created with an initial fsgroup, volume contents ownership changed in first pod, new pod with different fsgroup applied to the volume contents" classname="Kubernetes e2e suite" time="0">
          <skipped></skipped>
      </testcase>
      <testcase name="[sig-storage] CSI Volumes [Driver: pd.csi.storage.gke.io][Serial] [Testpattern: Pre-provisioned PV (filesystem volmode)] multiVolume [Slow] should concurrently access the volume and restored snapshot from pods on the same node [LinuxOnly][Feature:VolumeSnapshotDataSource][Feature:VolumeSourceXFS]" classname="Kubernetes e2e suite" time="0">
          <skipped></skipped>
      </testcase>
      <testcase name="[sig-storage] In-tree Volumes [Driver: local][LocalVolumeType: dir-link-bindmounted] [Testpattern: Dynamic PV (filesystem volmode)] multiVolume [Slow] should access to two volumes with the same volume mode and retain data across pod recreation on the same node" classname="Kubernetes e2e suite" time="0">
          <skipped></skipped>
      </testcase>
      <testcase name="[sig-storage] In-tree Volumes [Driver: ceph][Feature:Volumes][Serial] [Testpattern: Dynamic PV (block volmode)] provisioning should provision storage with mount options" classname="Kubernetes e2e suite" time="0">
          <skipped></skipped>
      </testcase>
      <testcase name="[sig-storage] In-tree Volumes [Driver: iscsi][Feature:Volumes] [Testpattern: Pre-provisioned PV (default fs)] subPath should be able to unmount after the subpath directory is deleted [LinuxOnly]" classname="Kubernetes e2e suite" time="0">
          <skipped></skipped>
      </testcase>
      <testcase name="[sig-storage] In-tree Volumes [Driver: local][LocalVolumeType: dir-bindmounted] [Testpattern: Pre-provisioned PV (default fs)] subPath should support restarting containers using file as subpath [Slow][LinuxOnly]" classname="Kubernetes e2e suite" time="0">
          <skipped></skipped>
      </testcase>
      <testcase name="[sig-storage] CSI mock volume CSI Volume expansion should expand volume by restarting pod if attach=off, nodeExpansion=on" classname="Kubernetes e2e suite" time="0">
          <skipped></skipped>
      </testcase>
      <testcase name="[sig-storage] In-tree Volumes [Driver: gcepd] [Testpattern: Pre-provisioned PV (ext3)] volumes should allow exec of files on the volume" classname="Kubernetes e2e suite" time="0">
          <skipped></skipped>
      </testcase>
      <testcase name="[sig-storage] In-tree Volumes [Driver: local][LocalVolumeType: dir-link-bindmounted] [Testpattern: Dynamic PV (block volmode)] multiVolume [Slow] should concurrently access the single volume from pods on the same node" classname="Kubernetes e2e suite" time="0">
          <skipped></skipped>
      </testcase>
      <testcase name="[sig-storage] CSI Volumes [Driver: csi-hostpath] [Testpattern: Dynamic PV (default fs)] volumes should store data" classname="Kubernetes e2e suite" time="0">
          <skipped></skipped>
      </testcase>
      <testcase name="[sig-node] Container Runtime blackbox test when starting a container that exits should run with the expected status [NodeConformance] [Conformance]" classname="Kubernetes e2e suite" time="50.814825174"></testcase>
      <testcase name="[sig-storage] In-tree Volumes [Driver: gcepd] [Testpattern: Dynamic PV (filesystem volmode)] volumeMode should not mount / map unused volumes in a pod [LinuxOnly]" classname="Kubernetes e2e suite" time="0">
          <skipped></skipped>
      </testcase>
      <testcase name="[sig-storage] CSI Volumes [Driver: pd.csi.storage.gke.io][Serial] [Testpattern: Dynamic PV (block volmode)(allowExpansion)] volume-expand Verify if offline PVC expansion works" classname="Kubernetes e2e suite" time="0">
          <skipped></skipped>
      </testcase>
      <testcase name="[sig-storage] In-tree Volumes [Driver: local][LocalVolumeType: gce-localssd-scsi-fs] [Serial] [Testpattern: Dynamic PV (xfs)][Slow] multiVolume [Slow] should access to two volumes with the same volume mode and retain data across pod recreation on different node" classname="Kubernetes e2e suite" time="0">
          <skipped></skipped>
      </testcase>
      <testcase name="[sig-storage] In-tree Volumes [Driver: azure-disk] [Testpattern: Pre-provisioned PV (block volmode)] multiVolume [Slow] should access to two volumes with different volume mode and retain data across pod recreation on different node" classname="Kubernetes e2e suite" time="0">
          <skipped></skipped>
      </testcase>
      <testcase name="[sig-storage] Volume Placement [Feature:vsphere] test back to back pod creation and deletion with different volume sources on the same worker node" classname="Kubernetes e2e suite" time="0">
          <skipped></skipped>
      </testcase>
      <testcase name="[sig-cli] Kubectl client Simple pod should return command exit codes running a successful command" classname="Kubernetes e2e suite" time="0">
          <skipped></skipped>
      </testcase>
      <testcase name="[sig-storage] In-tree Volumes [Driver: local][LocalVolumeType: blockfs] [Testpattern: Pre-provisioned PV (block volmode)] volumes should store data" classname="Kubernetes e2e suite" time="0">
          <skipped></skipped>
      </testcase>
      <testcase name="[sig-network] [Feature:IPv6DualStack] Granular Checks: Services Secondary IP Family [LinuxOnly] should function for pod-Service: udp" classname="Kubernetes e2e suite" time="0">
          <skipped></skipped>
      </testcase>
      <testcase name="[sig-storage] In-tree Volumes [Driver: local][LocalVolumeType: tmpfs] [Testpattern: Dynamic PV (ntfs)][Feature:Windows] provisioning should provision storage with pvc data source" classname="Kubernetes e2e suite" time="0">
          <skipped></skipped>
      </testcase>
      <testcase name="[sig-storage] CSI Volumes [Driver: pd.csi.storage.gke.io][Serial] [Testpattern: Pre-provisioned PV (default fs)] subPath should verify container cannot write to subpath readonly volumes [Slow]" classname="Kubernetes e2e suite" time="0">
          <skipped></skipped>
      </testcase>
      <testcase name="[sig-storage] In-tree Volumes [Driver: local][LocalVolumeType: dir] [Testpattern: Pre-provisioned PV (default fs)] subPath should fail if subpath with backstepping is outside the volume [Slow][LinuxOnly]" classname="Kubernetes e2e suite" time="0">
          <skipped></skipped>
      </testcase>
      <testcase name="[sig-storage] In-tree Volumes [Driver: azure-disk] [Testpattern: Pre-provisioned PV (default fs)] subPath should fail if non-existent subpath is outside the volume [Slow][LinuxOnly]" classname="Kubernetes e2e suite" time="0">
          <skipped></skipped>
      </testcase>
      <testcase name="[sig-storage] PersistentVolumes-local  [Volume type: blockfswithformat] Set fsGroup for local volume should set different fsGroup for second pod if first pod is deleted" classname="Kubernetes e2e suite" time="0">
          <skipped></skipped>
      </testcase>
      <testcase name="[sig-storage] In-tree Volumes [Driver: aws] [Testpattern: Dynamic PV (default fs)] provisioning should provision storage with pvc data source" classname="Kubernetes e2e suite" time="0">
          <skipped></skipped>
      </testcase>
      <testcase name="[sig-storage] In-tree Volumes [Driver: local][LocalVolumeType: dir-link-bindmounted] [Testpattern: Inline-volume (default fs)] volumes should allow exec of files on the volume" classname="Kubernetes e2e suite" time="0">
          <skipped></skipped>
      </testcase>
      <testcase name="[sig-storage] In-tree Volumes [Driver: local][LocalVolumeType: block] [Testpattern: Dynamic PV (ntfs)][Feature:Windows] subPath should support restarting containers using directory as subpath [Slow]" classname="Kubernetes e2e suite" time="0">
          <skipped></skipped>
      </testcase>
      <testcase name="[sig-storage] In-tree Volumes [Driver: gcepd] [Testpattern: Pre-provisioned PV (filesystem volmode)] volumeMode should not mount / map unused volumes in a pod [LinuxOnly]" classname="Kubernetes e2e suite" time="0">
          <skipped></skipped>
      </testcase>
      <testcase name="[sig-node] Downward API should provide default limits.cpu/memory from node allocatable [NodeConformance] [Conformance]" classname="Kubernetes e2e suite" time="6.344359951"></testcase>
      <testcase name="[sig-cli] Kubectl client Proxy server should support --unix-socket=/path  [Conformance]" classname="Kubernetes e2e suite" time="0.16046387"></testcase>
      <testcase name="[sig-windows] [Feature:Windows] SecurityContext should be able create pods and run containers with a given username" classname="Kubernetes e2e suite" time="0">
          <skipped></skipped>
      </testcase>
      <testcase name="[sig-node] Probing container should override timeoutGracePeriodSeconds when LivenessProbe field is set [Feature:ProbeTerminationGracePeriod]" classname="Kubernetes e2e suite" time="0">
          <skipped></skipped>
      </testcase>
      <testcase name="[sig-node] ConfigMap should fail to create ConfigMap with empty key [Conformance]" classname="Kubernetes e2e suite" time="0.148695745"></testcase>
      <testcase name="[sig-storage] In-tree Volumes [Driver: local][LocalVolumeType: block] [Testpattern: Pre-provisioned PV (ntfs)][Feature:Windows] volumes should store data" classname="Kubernetes e2e suite" time="0">
          <skipped></skipped>
      </testcase>
      <testcase name="[sig-storage] PersistentVolumes NFS with multiple PVs and PVCs all in same ns should create 3 PVs and 3 PVCs: test write access" classname="Kubernetes e2e suite" time="0">
          <skipped></skipped>
      </testcase>
      <testcase name="[sig-storage] In-tree Volumes [Driver: windows-gcepd] [Testpattern: Dynamic PV (ext3)] volumes should allow exec of files on the volume" classname="Kubernetes e2e suite" time="0">
          <skipped></skipped>
      </testcase>
      <testcase name="[sig-node] Pods Extended Pod Container Status should never report success for a pending container" classname="Kubernetes e2e suite" time="0">
          <skipped></skipped>
      </testcase>
      <testcase name="[sig-storage] CSI Volumes [Driver: pd.csi.storage.gke.io][Serial] [Testpattern: Pre-provisioned PV (default fs)] subPath should support restarting containers using file as subpath [Slow][LinuxOnly]" classname="Kubernetes e2e suite" time="0">
          <skipped></skipped>
      </testcase>
      <testcase name="[sig-storage] In-tree Volumes [Driver: local][LocalVolumeType: blockfs] [Testpattern: Dynamic PV (default fs)] subPath should support restarting containers using file as subpath [Slow][LinuxOnly]" classname="Kubernetes e2e suite" time="0">
          <skipped></skipped>
      </testcase>
      <testcase name="[sig-storage] In-tree Volumes [Driver: windows-gcepd] [Testpattern: Dynamic PV (block volmode)] volume-expand should not allow expansion of pvcs without AllowVolumeExpansion property" classname="Kubernetes e2e suite" time="0">
          <skipped></skipped>
      </testcase>
      <testcase name="[sig-storage] In-tree Volumes [Driver: local][LocalVolumeType: dir-link] [Testpattern: Dynamic PV (block volmode)] multiVolume [Slow] should access to two volumes with the same volume mode and retain data across pod recreation on the same node" classname="Kubernetes e2e suite" time="0">
          <skipped></skipped>
      </testcase>
      <testcase name="[sig-storage] In-tree Volumes [Driver: ceph][Feature:Volumes][Serial] [Testpattern: Dynamic PV (ext4)] multiVolume [Slow] should concurrently access the volume and restored snapshot from pods on the same node [LinuxOnly][Feature:VolumeSnapshotDataSource][Feature:VolumeSourceXFS]" classname="Kubernetes e2e suite" time="0">
          <skipped></skipped>
      </testcase>
      <testcase name="[sig-storage] In-tree Volumes [Driver: vsphere] [Testpattern: Pre-provisioned PV (filesystem volmode)] multiVolume [Slow] should access to two volumes with the same volume mode and retain data across pod recreation on the same node" classname="Kubernetes e2e suite" time="0">
          <skipped></skipped>
      </testcase>
      <testcase name="[sig-storage] In-tree Volumes [Driver: local][LocalVolumeType: dir] [Testpattern: Dynamic PV (default fs)] fsgroupchangepolicy (OnRootMismatch)[LinuxOnly], pod created with an initial fsgroup, new pod fsgroup applied to volume contents" classname="Kubernetes e2e suite" time="0">
          <skipped></skipped>
      </testcase>
      <testcase name="[sig-storage] In-tree Volumes [Driver: aws] [Testpattern: Inline-volume (default fs)] subPath should fail if subpath with backstepping is outside the volume [Slow][LinuxOnly]" classname="Kubernetes e2e suite" time="0">
          <skipped></skipped>
      </testcase>
      <testcase name="[sig-storage] In-tree Volumes [Driver: hostPath] [Testpattern: Dynamic PV (ntfs)][Feature:Windows] subPath should be able to unmount after the subpath directory is deleted [LinuxOnly]" classname="Kubernetes e2e suite" time="0">
          <skipped></skipped>
      </testcase>
      <testcase name="[sig-storage] In-tree Volumes [Driver: local][LocalVolumeType: tmpfs] [Testpattern: Dynamic PV (ntfs)][Feature:Windows] subPath should support file as subpath [LinuxOnly]" classname="Kubernetes e2e suite" time="0">
          <skipped></skipped>
      </testcase>
      <testcase name="[sig-storage] CSI Volumes [Driver: pd.csi.storage.gke.io][Serial] [Testpattern: Dynamic PV (immediate binding)] topology should fail to schedule a pod which has topologies that conflict with AllowedTopologies" classname="Kubernetes e2e suite" time="0">
          <skipped></skipped>
      </testcase>
      <testcase name="[sig-storage] In-tree Volumes [Driver: iscsi][Feature:Volumes] [Testpattern: Dynamic PV (ntfs)][Feature:Windows] subPath should support creating multiple subpath from same volumes [Slow]" classname="Kubernetes e2e suite" time="0">
          <skipped></skipped>
      </testcase>
      <testcase name="[sig-storage] In-tree Volumes [Driver: cinder] [Testpattern: Dynamic PV (ext4)] volumes should allow exec of files on the volume" classname="Kubernetes e2e suite" time="0">
          <skipped></skipped>
      </testcase>
      <testcase name="[sig-storage] In-tree Volumes [Driver: local][LocalVolumeType: dir-bindmounted] [Testpattern: Pre-provisioned PV (default fs)] subPath should support file as subpath [LinuxOnly]" classname="Kubernetes e2e suite" time="0">
          <skipped></skipped>
      </testcase>
      <testcase name="[sig-storage] In-tree Volumes [Driver: emptydir] [Testpattern: Pre-provisioned PV (default fs)] subPath should fail if subpath directory is outside the volume [Slow][LinuxOnly]" classname="Kubernetes e2e suite" time="0">
          <skipped></skipped>
      </testcase>
      <testcase name="[sig-storage] In-tree Volumes [Driver: hostPathSymlink] [Testpattern: Pre-provisioned PV (filesystem volmode)] multiVolume [Slow] should access to two volumes with the same volume mode and retain data across pod recreation on different node" classname="Kubernetes e2e suite" time="0">
          <skipped></skipped>
      </testcase>
      <testcase name="[sig-storage] Node Poweroff [Feature:vsphere] [Slow] [Disruptive] verify volume status after node power off" classname="Kubernetes e2e suite" time="0">
          <skipped></skipped>
      </testcase>
      <testcase name="[sig-storage] In-tree Volumes [Driver: vsphere] [Testpattern: Inline-volume (ext4)] volumes should allow exec of files on the volume" classname="Kubernetes e2e suite" time="0">
          <skipped></skipped>
      </testcase>
      <testcase name="[sig-storage] CSI Volumes [Driver: pd.csi.storage.gke.io][Serial] [Testpattern: Dynamic PV (delayed binding)] topology should provision a volume and schedule a pod with AllowedTopologies" classname="Kubernetes e2e suite" time="0">
          <skipped></skipped>
      </testcase>
      <testcase name="[sig-storage] PersistentVolumes-local  [Volume type: dir-link] Two pods mounting a local volume one after the other should be able to write from pod1 and read from pod2" classname="Kubernetes e2e suite" time="0">
          <skipped></skipped>
      </testcase>
      <testcase name="[sig-storage] In-tree Volumes [Driver: azure-disk] [Testpattern: Dynamic PV (xfs)][Slow] volumes should allow exec of files on the volume" classname="Kubernetes e2e suite" time="0">
          <skipped></skipped>
      </testcase>
      <testcase name="[sig-storage] In-tree Volumes [Driver: azure-disk] [Testpattern: Dynamic PV (filesystem volmode)] disruptive[Disruptive][LinuxOnly] Should test that pv written before kubelet restart is readable after restart." classname="Kubernetes e2e suite" time="0">
          <skipped></skipped>
      </testcase>
      <testcase name="[sig-storage] In-tree Volumes [Driver: local][LocalVolumeType: dir-link] [Testpattern: Dynamic PV (default fs)] provisioning should provision storage with mount options" classname="Kubernetes e2e suite" time="0">
          <skipped></skipped>
      </testcase>
      <testcase name="[sig-storage] In-tree Volumes [Driver: hostPath] [Testpattern: Pre-provisioned PV (default fs)] subPath should support file as subpath [LinuxOnly]" classname="Kubernetes e2e suite" time="0">
          <skipped></skipped>
      </testcase>
      <testcase name="[sig-storage] In-tree Volumes [Driver: nfs] [Testpattern: Dynamic PV (ext4)] multiVolume [Slow] should access to two volumes with different volume mode and retain data across pod recreation on different node" classname="Kubernetes e2e suite" time="0">
          <skipped></skipped>
      </testcase>
      <testcase name="[sig-storage] In-tree Volumes [Driver: hostPathSymlink] [Testpattern: Dynamic PV (filesystem volmode)] multiVolume [Slow] should concurrently access the volume and restored snapshot from pods on the same node [LinuxOnly][Feature:VolumeSnapshotDataSource][Feature:VolumeSourceXFS]" classname="Kubernetes e2e suite" time="0">
          <skipped></skipped>
      </testcase>
      <testcase name="[sig-storage] Zone Support [Feature:vsphere] Verify a pod is created and attached to a dynamically created PV, based on a VSAN capability, datastore and compatible zone specified in storage class" classname="Kubernetes e2e suite" time="0">
          <skipped></skipped>
      </testcase>
      <testcase name="[sig-storage] In-tree Volumes [Driver: cinder] [Testpattern: Dynamic PV (block volmode)] volumeMode should not mount / map unused volumes in a pod [LinuxOnly]" classname="Kubernetes e2e suite" time="0">
          <skipped></skipped>
      </testcase>
      <testcase name="[sig-storage] In-tree Volumes [Driver: cinder] [Testpattern: Inline-volume (ext3)] volumes should allow exec of files on the volume" classname="Kubernetes e2e suite" time="0">
          <skipped></skipped>
      </testcase>
      <testcase name="[sig-apps] Job should fail to exceed backoffLimit" classname="Kubernetes e2e suite" time="0">
          <skipped></skipped>
      </testcase>
      <testcase name="[sig-storage] In-tree Volumes [Driver: local][LocalVolumeType: block] [Testpattern: Dynamic PV (ntfs)(allowExpansion)][Feature:Windows] volume-expand should resize volume when PVC is edited while pod is using it" classname="Kubernetes e2e suite" time="0">
          <skipped></skipped>
      </testcase>
      <testcase name="[sig-windows] [Feature:GPUDevicePlugin] Device Plugin should be able to create a functioning device plugin for Windows" classname="Kubernetes e2e suite" time="0">
          <skipped></skipped>
      </testcase>
      <testcase name="[sig-storage] Zone Support [Feature:vsphere] Verify PVC creation fails if no zones are specified in the storage class (No shared datastores exist among all the nodes)" classname="Kubernetes e2e suite" time="0">
          <skipped></skipped>
      </testcase>
      <testcase name="[sig-storage] In-tree Volumes [Driver: rbd][Feature:Volumes][Serial] [Testpattern: Dynamic PV (block volmode)] provisioning should provision storage with mount options" classname="Kubernetes e2e suite" time="0">
          <skipped></skipped>
      </testcase>
      <testcase name="[sig-storage] In-tree Volumes [Driver: emptydir] [Testpattern: Pre-provisioned PV (default fs)] subPath should unmount if pod is gracefully deleted while kubelet is down [Disruptive][Slow][LinuxOnly]" classname="Kubernetes e2e suite" time="0">
          <skipped></skipped>
      </testcase>
      <testcase name="[sig-storage] CSI Volumes [Driver: csi-hostpath] [Testpattern: Pre-provisioned PV (default fs)] subPath should fail if non-existent subpath is outside the volume [Slow][LinuxOnly]" classname="Kubernetes e2e suite" time="0">
          <skipped></skipped>
      </testcase>
      <testcase name="[sig-storage] In-tree Volumes [Driver: vsphere] [Testpattern: Dynamic PV (ext4)] multiVolume [Slow] should access to two volumes with different volume mode and retain data across pod recreation on different node" classname="Kubernetes e2e suite" time="0">
          <skipped></skipped>
      </testcase>
      <testcase name="[sig-apps] ReplicationController should serve a basic image on each replica with a private image" classname="Kubernetes e2e suite" time="0">
          <skipped></skipped>
      </testcase>
      <testcase name="[sig-storage] In-tree Volumes [Driver: hostPathSymlink] [Testpattern: Dynamic PV (block volmode)] multiVolume [Slow] should concurrently access the volume and restored snapshot from pods on the same node [LinuxOnly][Feature:VolumeSnapshotDataSource][Feature:VolumeSourceXFS]" classname="Kubernetes e2e suite" time="0">
          <skipped></skipped>
      </testcase>
      <testcase name="[sig-storage] In-tree Volumes [Driver: windows-gcepd] [Testpattern: Pre-provisioned PV (default fs)] subPath should verify container cannot write to subpath readonly volumes [Slow]" classname="Kubernetes e2e suite" time="0">
          <skipped></skipped>
      </testcase>
      <testcase name="[sig-storage] In-tree Volumes [Driver: gcepd] [Testpattern: Dynamic PV (default fs)] volumes should allow exec of files on the volume" classname="Kubernetes e2e suite" time="0">
          <skipped></skipped>
      </testcase>
      <testcase name="[sig-storage] In-tree Volumes [Driver: local][LocalVolumeType: tmpfs] [Testpattern: Pre-provisioned PV (default fs)] subPath should unmount if pod is gracefully deleted while kubelet is down [Disruptive][Slow][LinuxOnly]" classname="Kubernetes e2e suite" time="0">
          <skipped></skipped>
      </testcase>
      <testcase name="[sig-network] NetworkPolicyLegacy [LinuxOnly] NetworkPolicy between server and client should enforce policy based on PodSelector with MatchExpressions[Feature:NetworkPolicy]" classname="Kubernetes e2e suite" time="0">
          <skipped></skipped>
      </testcase>
      <testcase name="[sig-storage] In-tree Volumes [Driver: emptydir] [Testpattern: Dynamic PV (delayed binding)] topology should fail to schedule a pod which has topologies that conflict with AllowedTopologies" classname="Kubernetes e2e suite" time="0">
          <skipped></skipped>
      </testcase>
      <testcase name="[sig-node] InitContainer [NodeConformance] should invoke init containers on a RestartNever pod [Conformance]" classname="Kubernetes e2e suite" time="21.182313435"></testcase>
      <testcase name="[sig-storage] In-tree Volumes [Driver: cinder] [Testpattern: Dynamic PV (ext4)] volumes should store data" classname="Kubernetes e2e suite" time="0">
          <skipped></skipped>
      </testcase>
      <testcase name="[sig-api-machinery] Discovery Custom resource should have storage version hash" classname="Kubernetes e2e suite" time="0">
          <skipped></skipped>
      </testcase>
      <testcase name="[sig-storage] In-tree Volumes [Driver: ceph][Feature:Volumes][Serial] [Testpattern: Dynamic PV (default fs)] subPath should support non-existent path" classname="Kubernetes e2e suite" time="0">
          <skipped></skipped>
      </testcase>
      <testcase name="[sig-storage] In-tree Volumes [Driver: local][LocalVolumeType: gce-localssd-scsi-fs] [Serial] [Testpattern: Pre-provisioned PV (block volmode)] multiVolume [Slow] should access to two volumes with different volume mode and retain data across pod recreation on the same node" classname="Kubernetes e2e suite" time="0">
          <skipped></skipped>
      </testcase>
      <testcase name="[sig-storage] In-tree Volumes [Driver: gcepd] [Testpattern: Dynamic PV (block volmode)] provisioning should provision storage with snapshot data source [Feature:VolumeSnapshotDataSource]" classname="Kubernetes e2e suite" time="0">
          <skipped></skipped>
      </testcase>
      <testcase name="[sig-api-machinery] health handlers should contain necessary checks" classname="Kubernetes e2e suite" time="0">
          <skipped></skipped>
      </testcase>
      <testcase name="[sig-storage] In-tree Volumes [Driver: local][LocalVolumeType: dir-bindmounted] [Testpattern: Pre-provisioned PV (block volmode)] multiVolume [Slow] should access to two volumes with the same volume mode and retain data across pod recreation on the same node" classname="Kubernetes e2e suite" time="0">
          <skipped></skipped>
      </testcase>
      <testcase name="[sig-storage] In-tree Volumes [Driver: local][LocalVolumeType: dir-link] [Testpattern: Dynamic PV (filesystem volmode)] multiVolume [Slow] should concurrently access the single volume from pods on the same node" classname="Kubernetes e2e suite" time="0">
          <skipped></skipped>
      </testcase>
      <testcase name="[sig-storage] In-tree Volumes [Driver: aws] [Testpattern: Dynamic PV (immediate binding)] topology should provision a volume and schedule a pod with AllowedTopologies" classname="Kubernetes e2e suite" time="0">
          <skipped></skipped>
      </testcase>
      <testcase name="[sig-storage] In-tree Volumes [Driver: local][LocalVolumeType: tmpfs] [Testpattern: Pre-provisioned PV (block volmode)] multiVolume [Slow] should access to two volumes with the same volume mode and retain data across pod recreation on the same node" classname="Kubernetes e2e suite" time="0">
          <skipped></skipped>
      </testcase>
      <testcase name="[sig-storage] In-tree Volumes [Driver: iscsi][Feature:Volumes] [Testpattern: Pre-provisioned PV (default fs)] subPath should fail if subpath directory is outside the volume [Slow][LinuxOnly]" classname="Kubernetes e2e suite" time="0">
          <skipped></skipped>
      </testcase>
      <testcase name="[sig-apps] DisruptionController evictions: enough pods, absolute =&gt; should allow an eviction" classname="Kubernetes e2e suite" time="0">
          <skipped></skipped>
      </testcase>
      <testcase name="[sig-storage] In-tree Volumes [Driver: windows-gcepd] [Testpattern: Dynamic PV (ext3)] volumes should store data" classname="Kubernetes e2e suite" time="0">
          <skipped></skipped>
      </testcase>
      <testcase name="[sig-storage] In-tree Volumes [Driver: local][LocalVolumeType: tmpfs] [Testpattern: Dynamic PV (default fs)] fsgroupchangepolicy (OnRootMismatch)[LinuxOnly], pod created with an initial fsgroup, volume contents ownership changed in first pod, new pod with different fsgroup applied to the volume contents" classname="Kubernetes e2e suite" time="0">
          <skipped></skipped>
      </testcase>
      <testcase name="[sig-api-machinery] StorageVersion resources [Feature:StorageVersionAPI] storage version with non-existing id should be GC&#39;ed" classname="Kubernetes e2e suite" time="0">
          <skipped></skipped>
      </testcase>
      <testcase name="[sig-storage] In-tree Volumes [Driver: aws] [Testpattern: Dynamic PV (ntfs)][Feature:Windows] subPath should fail if subpath directory is outside the volume [Slow][LinuxOnly]" classname="Kubernetes e2e suite" time="0">
          <skipped></skipped>
      </testcase>
      <testcase name="[sig-storage] In-tree Volumes [Driver: nfs] [Testpattern: Dynamic PV (ntfs)][Feature:Windows] provisioning should provision storage with mount options" classname="Kubernetes e2e suite" time="0">
          <skipped></skipped>
      </testcase>
      <testcase name="[sig-node] kubelet host cleanup with volume mounts [HostCleanup][Flaky] Host cleanup after disrupting NFS volume [NFS] after stopping the nfs-server and deleting the (active) client pod, the NFS mount and the pod&#39;s UID directory should be removed." classname="Kubernetes e2e suite" time="0">
          <skipped></skipped>
      </testcase>
      <testcase name="[sig-storage] In-tree Volumes [Driver: azure-disk] [Testpattern: Dynamic PV (delayed binding)] topology should provision a volume and schedule a pod with AllowedTopologies" classname="Kubernetes e2e suite" time="0">
          <skipped></skipped>
      </testcase>
      <testcase name="[sig-storage] In-tree Volumes [Driver: nfs] [Testpattern: Inline-volume (default fs)] subPath should support file as subpath [LinuxOnly]" classname="Kubernetes e2e suite" time="0">
          <skipped></skipped>
      </testcase>
      <testcase name="[sig-storage] In-tree Volumes [Driver: nfs] [Testpattern: Dynamic PV (default fs)] subPath should support readOnly file specified in the volumeMount [LinuxOnly]" classname="Kubernetes e2e suite" time="0">
          <skipped></skipped>
      </testcase>
      <testcase name="[sig-apps] ReplicationController should test the lifecycle of a ReplicationController [Conformance]" classname="Kubernetes e2e suite" time="12.548992855"></testcase>
      <testcase name="[sig-storage] In-tree Volumes [Driver: gluster] [Testpattern: Dynamic PV (filesystem volmode)] volumeMode should fail to use a volume in a pod with mismatched mode [Slow]" classname="Kubernetes e2e suite" time="0">
          <skipped></skipped>
      </testcase>
      <testcase name="[sig-storage] In-tree Volumes [Driver: iscsi][Feature:Volumes] [Testpattern: Inline-volume (ntfs)][Feature:Windows] volumes should store data" classname="Kubernetes e2e suite" time="0">
          <skipped></skipped>
      </testcase>
      <testcase name="[sig-storage] In-tree Volumes [Driver: hostPath] [Testpattern: Dynamic PV (default fs)] volumes should store data" classname="Kubernetes e2e suite" time="0">
          <skipped></skipped>
      </testcase>
      <testcase name="[sig-storage] In-tree Volumes [Driver: emptydir] [Testpattern: Pre-provisioned PV (block volmode)] multiVolume [Slow] should access to two volumes with different volume mode and retain data across pod recreation on different node" classname="Kubernetes e2e suite" time="0">
          <skipped></skipped>
      </testcase>
      <testcase name="[sig-storage] In-tree Volumes [Driver: nfs] [Testpattern: Dynamic PV (default fs)] volumes should allow exec of files on the volume" classname="Kubernetes e2e suite" time="0">
          <skipped></skipped>
      </testcase>
      <testcase name="[sig-storage] In-tree Volumes [Driver: azure-disk] [Testpattern: Inline-volume (ntfs)][Feature:Windows] volumes should store data" classname="Kubernetes e2e suite" time="0">
          <skipped></skipped>
      </testcase>
      <testcase name="[sig-storage] In-tree Volumes [Driver: azure-disk] [Testpattern: Pre-provisioned PV (block volmode)] disruptive[Disruptive][LinuxOnly] Should test that pv written before kubelet restart is readable after restart." classname="Kubernetes e2e suite" time="0">
          <skipped></skipped>
      </testcase>
      <testcase name="[sig-storage] In-tree Volumes [Driver: local][LocalVolumeType: dir-link-bindmounted] [Testpattern: Dynamic PV (default fs)] subPath should support restarting containers using directory as subpath [Slow]" classname="Kubernetes e2e suite" time="0">
          <skipped></skipped>
      </testcase>
      <testcase name="[sig-storage] In-tree Volumes [Driver: windows-gcepd] [Testpattern: Inline-volume (default fs)] subPath should support restarting containers using file as subpath [Slow][LinuxOnly]" classname="Kubernetes e2e suite" time="0">
          <skipped></skipped>
      </testcase>
      <testcase name="[sig-storage] In-tree Volumes [Driver: ceph][Feature:Volumes][Serial] [Testpattern: Inline-volume (default fs)] volumes should allow exec of files on the volume" classname="Kubernetes e2e suite" time="0">
          <skipped></skipped>
      </testcase>
      <testcase name="[sig-storage] HostPathType Socket [Slow] Should fail on mounting socket &#39;asocket&#39; when HostPathType is HostPathCharDev" classname="Kubernetes e2e suite" time="0">
          <skipped></skipped>
      </testcase>
      <testcase name="[sig-storage] In-tree Volumes [Driver: rbd][Feature:Volumes][Serial] [Testpattern: Dynamic PV (default fs)] capacity provides storage capacity information" classname="Kubernetes e2e suite" time="0">
          <skipped></skipped>
      </testcase>
      <testcase name="[sig-network] Loadbalancing: L7 Scalability GCE [Slow] [Serial] [Feature:IngressScale] Creating and updating ingresses should happen promptly with small/medium/large amount of ingresses" classname="Kubernetes e2e suite" time="0">
          <skipped></skipped>
      </testcase>
      <testcase name="[sig-storage] In-tree Volumes [Driver: gcepd] [Testpattern: Dynamic PV (ext4)] multiVolume [Slow] should access to two volumes with the same volume mode and retain data across pod recreation on the same node" classname="Kubernetes e2e suite" time="0">
          <skipped></skipped>
      </testcase>
      <testcase name="[sig-storage] In-tree Volumes [Driver: gcepd] [Testpattern: Inline-volume (default fs)] subPath should support existing directory" classname="Kubernetes e2e suite" time="0">
          <skipped></skipped>
      </testcase>
      <testcase name="[sig-storage] In-tree Volumes [Driver: local][LocalVolumeType: gce-localssd-scsi-fs] [Serial] [Testpattern: Dynamic PV (default fs)] subPath should verify container cannot write to subpath readonly volumes [Slow]" classname="Kubernetes e2e suite" time="0">
          <skipped></skipped>
      </testcase>
      <testcase name="[sig-storage] CSI Volumes [Driver: csi-hostpath] [Testpattern: Dynamic PV (filesystem volmode)] multiVolume [Slow] should concurrently access the single read-only volume from pods on the same node" classname="Kubernetes e2e suite" time="0">
          <skipped></skipped>
      </testcase>
      <testcase name="[sig-storage] In-tree Volumes [Driver: local][LocalVolumeType: tmpfs] [Testpattern: Inline-volume (default fs)] volumes should allow exec of files on the volume" classname="Kubernetes e2e suite" time="0">
          <skipped></skipped>
      </testcase>
      <testcase name="[sig-storage] In-tree Volumes [Driver: gcepd] [Testpattern: Dynamic PV (block volmode)] multiVolume [Slow] should concurrently access the volume and restored snapshot from pods on the same node [LinuxOnly][Feature:VolumeSnapshotDataSource][Feature:VolumeSourceXFS]" classname="Kubernetes e2e suite" time="0">
          <skipped></skipped>
      </testcase>
      <testcase name="[sig-storage] In-tree Volumes [Driver: hostPathSymlink] [Testpattern: Dynamic PV (block volmode)] volumeMode should not mount / map unused volumes in a pod [LinuxOnly]" classname="Kubernetes e2e suite" time="0">
          <skipped></skipped>
      </testcase>
      <testcase name="[sig-storage] In-tree Volumes [Driver: nfs] [Testpattern: Dynamic PV (default fs)] fsgroupchangepolicy (OnRootMismatch)[LinuxOnly], pod created with an initial fsgroup, volume contents ownership changed in first pod, new pod with different fsgroup applied to the volume contents" classname="Kubernetes e2e suite" time="0">
          <skipped></skipped>
      </testcase>
      <testcase name="[sig-storage] In-tree Volumes [Driver: aws] [Testpattern: Dynamic PV (filesystem volmode)] disruptive[Disruptive][LinuxOnly] Should test that pv written before kubelet restart is readable after restart." classname="Kubernetes e2e suite" time="0">
          <skipped></skipped>
      </testcase>
      <testcase name="[sig-storage] In-tree Volumes [Driver: rbd][Feature:Volumes][Serial] [Testpattern: Dynamic PV (xfs)][Slow] multiVolume [Slow] should access to two volumes with different volume mode and retain data across pod recreation on different node" classname="Kubernetes e2e suite" time="0">
          <skipped></skipped>
      </testcase>
      <testcase name="[sig-storage] In-tree Volumes [Driver: vsphere] [Testpattern: Pre-provisioned PV (xfs)][Slow] volumes should store data" classname="Kubernetes e2e suite" time="0">
          <skipped></skipped>
      </testcase>
      <testcase name="[sig-node] NoExecuteTaintManager Single Pod [Serial] evicts pods from tainted nodes" classname="Kubernetes e2e suite" time="0">
          <skipped></skipped>
      </testcase>
      <testcase name="[sig-autoscaling] Cluster size autoscaling [Slow] should be able to scale down by draining multiple pods one by one as dictated by pdb[Feature:ClusterSizeAutoscalingScaleDown]" classname="Kubernetes e2e suite" time="0">
          <skipped></skipped>
      </testcase>
      <testcase name="[sig-apps] DisruptionController should update/patch PodDisruptionBudget status [Conformance]" classname="Kubernetes e2e suite" time="14.410766893"></testcase>
      <testcase name="[sig-storage] In-tree Volumes [Driver: windows-gcepd] [Testpattern: Dynamic PV (filesystem volmode)] multiVolume [Slow] should access to two volumes with the same volume mode and retain data across pod recreation on the same node" classname="Kubernetes e2e suite" time="0">
          <skipped></skipped>
      </testcase>
      <testcase name="[sig-storage] CSI Volumes [Driver: csi-hostpath] [Testpattern: Dynamic PV (block volmode)] multiVolume [Slow] should access to two volumes with the same volume mode and retain data across pod recreation on different node" classname="Kubernetes e2e suite" time="0">
          <skipped></skipped>
      </testcase>
      <testcase name="[sig-storage] In-tree Volumes [Driver: nfs] [Testpattern: Dynamic PV (block volmode)] multiVolume [Slow] should concurrently access the single volume from pods on the same node" classname="Kubernetes e2e suite" time="0">
          <skipped></skipped>
      </testcase>
      <testcase name="[sig-storage] In-tree Volumes [Driver: local][LocalVolumeType: dir-link] [Testpattern: Dynamic PV (default fs)] provisioning should provision storage with pvc data source in parallel [Slow]" classname="Kubernetes e2e suite" time="0">
          <skipped></skipped>
      </testcase>
      <testcase name="[sig-storage] In-tree Volumes [Driver: local][LocalVolumeType: dir] [Testpattern: Pre-provisioned PV (ntfs)][Feature:Windows] volumes should store data" classname="Kubernetes e2e suite" time="0">
          <skipped></skipped>
      </testcase>
      <testcase name="[sig-storage] In-tree Volumes [Driver: local][LocalVolumeType: blockfs] [Testpattern: Inline-volume (default fs)] subPath should support existing single file [LinuxOnly]" classname="Kubernetes e2e suite" time="0">
          <skipped></skipped>
      </testcase>
      <testcase name="[sig-storage] CSI Volumes [Driver: pd.csi.storage.gke.io][Serial] [Testpattern: Dynamic PV (block volmode)(allowExpansion)] volume-expand should resize volume when PVC is edited while pod is using it" classname="Kubernetes e2e suite" time="0">
          <skipped></skipped>
      </testcase>
      <testcase name="[sig-storage] In-tree Volumes [Driver: local][LocalVolumeType: block] [Testpattern: Dynamic PV (ntfs)][Feature:Windows] provisioning should provision storage with snapshot data source [Feature:VolumeSnapshotDataSource]" classname="Kubernetes e2e suite" time="0">
          <skipped></skipped>
      </testcase>
      <testcase name="[sig-storage] In-tree Volumes [Driver: hostPath] [Testpattern: Dynamic PV (default fs)] provisioning should provision storage with pvc data source" classname="Kubernetes e2e suite" time="0">
          <skipped></skipped>
      </testcase>
      <testcase name="[sig-storage] CSI Volumes [Driver: pd.csi.storage.gke.io][Serial] [Testpattern: Dynamic PV (ntfs)][Feature:Windows] subPath should support readOnly directory specified in the volumeMount" classname="Kubernetes e2e suite" time="0">
          <skipped></skipped>
      </testcase>
      <testcase name="[sig-storage] In-tree Volumes [Driver: windows-gcepd] [Testpattern: Dynamic PV (block volmode)] provisioning should provision storage with pvc data source" classname="Kubernetes e2e suite" time="0">
          <skipped></skipped>
      </testcase>
      <testcase name="[sig-storage] In-tree Volumes [Driver: iscsi][Feature:Volumes] [Testpattern: Dynamic PV (block volmode)] provisioning should provision storage with mount options" classname="Kubernetes e2e suite" time="0">
          <skipped></skipped>
      </testcase>
      <testcase name="[sig-storage] In-tree Volumes [Driver: nfs] [Testpattern: Dynamic PV (default fs)] fsgroupchangepolicy (Always)[LinuxOnly], pod created with an initial fsgroup, volume contents ownership changed in first pod, new pod with different fsgroup applied to the volume contents" classname="Kubernetes e2e suite" time="0">
          <skipped></skipped>
      </testcase>
      <testcase name="[sig-storage] In-tree Volumes [Driver: ceph][Feature:Volumes][Serial] [Testpattern: Dynamic PV (ntfs)][Feature:Windows] provisioning should provision storage with mount options" classname="Kubernetes e2e suite" time="0">
          <skipped></skipped>
      </testcase>
      <testcase name="[sig-storage] In-tree Volumes [Driver: gcepd] [Testpattern: Pre-provisioned PV (xfs)][Slow] volumes should store data" classname="Kubernetes e2e suite" time="0">
          <skipped></skipped>
      </testcase>
      <testcase name="[sig-storage] In-tree Volumes [Driver: local][LocalVolumeType: tmpfs] [Testpattern: Dynamic PV (block volmode)] provisioning should provision storage with snapshot data source [Feature:VolumeSnapshotDataSource]" classname="Kubernetes e2e suite" time="0">
          <skipped></skipped>
      </testcase>
      <testcase name="[sig-api-machinery] CustomResourceDefinition resources [Privileged:ClusterAdmin] custom resource defaulting for requests and from storage works  [Conformance]" classname="Kubernetes e2e suite" time="3.304043428"></testcase>
      <testcase name="[sig-storage] In-tree Volumes [Driver: iscsi][Feature:Volumes] [Testpattern: Inline-volume (default fs)] subPath should support non-existent path" classname="Kubernetes e2e suite" time="0">
          <skipped></skipped>
      </testcase>
      <testcase name="[sig-storage] In-tree Volumes [Driver: rbd][Feature:Volumes][Serial] [Testpattern: Dynamic PV (ntfs)][Feature:Windows] volume-expand should not allow expansion of pvcs without AllowVolumeExpansion property" classname="Kubernetes e2e suite" time="0">
          <skipped></skipped>
      </testcase>
      <testcase name="[sig-storage] In-tree Volumes [Driver: local][LocalVolumeType: dir-link-bindmounted] [Testpattern: Inline-volume (default fs)] subPath should fail if non-existent subpath is outside the volume [Slow][LinuxOnly]" classname="Kubernetes e2e suite" time="0">
          <skipped></skipped>
      </testcase>
      <testcase name="[sig-storage] In-tree Volumes [Driver: local][LocalVolumeType: gce-localssd-scsi-fs] [Serial] [Testpattern: Pre-provisioned PV (default fs)] volumeIO should write files of various sizes, verify size, validate content [Slow][LinuxOnly]" classname="Kubernetes e2e suite" time="0">
          <skipped></skipped>
      </testcase>
      <testcase name="[sig-storage] In-tree Volumes [Driver: ceph][Feature:Volumes][Serial] [Testpattern: Pre-provisioned PV (xfs)][Slow] volumes should allow exec of files on the volume" classname="Kubernetes e2e suite" time="0">
          <skipped></skipped>
      </testcase>
      <testcase name="[sig-storage] In-tree Volumes [Driver: rbd][Feature:Volumes][Serial] [Testpattern: Pre-provisioned PV (block volmode)] disruptive[Disruptive][LinuxOnly] Should test that pv written before kubelet restart is readable after restart." classname="Kubernetes e2e suite" time="0">
          <skipped></skipped>
      </testcase>
      <testcase name="[sig-storage] In-tree Volumes [Driver: local][LocalVolumeType: dir-bindmounted] [Testpattern: Dynamic PV (xfs)][Slow] volumes should allow exec of files on the volume" classname="Kubernetes e2e suite" time="0">
          <skipped></skipped>
      </testcase>
      <testcase name="[sig-storage] In-tree Volumes [Driver: local][LocalVolumeType: tmpfs] [Testpattern: Dynamic PV (ext4)] multiVolume [Slow] should access to two volumes with different volume mode and retain data across pod recreation on different node" classname="Kubernetes e2e suite" time="0">
          <skipped></skipped>
      </testcase>
      <testcase name="[sig-storage] In-tree Volumes [Driver: hostPathSymlink] [Testpattern: Pre-provisioned PV (default fs)] subPath should support restarting containers using file as subpath [Slow][LinuxOnly]" classname="Kubernetes e2e suite" time="0">
          <skipped></skipped>
      </testcase>
      <testcase name="[sig-storage] CSI Volumes [Driver: pd.csi.storage.gke.io][Serial] [Testpattern: Inline-volume (default fs)] subPath should verify container cannot write to subpath readonly volumes [Slow]" classname="Kubernetes e2e suite" time="0">
          <skipped></skipped>
      </testcase>
      <testcase name="[sig-storage] In-tree Volumes [Driver: gcepd] [Testpattern: Dynamic PV (ntfs)(allowExpansion)][Feature:Windows] volume-expand should resize volume when PVC is edited while pod is using it" classname="Kubernetes e2e suite" time="0">
          <skipped></skipped>
      </testcase>
      <testcase name="[sig-storage] In-tree Volumes [Driver: local][LocalVolumeType: gce-localssd-scsi-fs] [Serial] [Testpattern: Dynamic PV (xfs)][Slow] multiVolume [Slow] should concurrently access the volume and its clone from pods on the same node [LinuxOnly][Feature:VolumeSnapshotDataSource][Feature:VolumeSourceXFS]" classname="Kubernetes e2e suite" time="0">
          <skipped></skipped>
      </testcase>
      <testcase name="[sig-storage] In-tree Volumes [Driver: ceph][Feature:Volumes][Serial] [Testpattern: Pre-provisioned PV (default fs)] subPath should fail if non-existent subpath is outside the volume [Slow][LinuxOnly]" classname="Kubernetes e2e suite" time="0">
          <skipped></skipped>
      </testcase>
      <testcase name="[sig-storage] GKE local SSD [Feature:GKELocalSSD] should write and read from node local SSD [Feature:GKELocalSSD]" classname="Kubernetes e2e suite" time="0">
          <skipped></skipped>
      </testcase>
      <testcase name="[sig-storage] HostPathType Block Device [Slow] Should be able to mount block device &#39;ablkdev&#39; successfully when HostPathType is HostPathBlockDev" classname="Kubernetes e2e suite" time="0">
          <skipped></skipped>
      </testcase>
      <testcase name="[sig-storage] In-tree Volumes [Driver: rbd][Feature:Volumes][Serial] [Testpattern: Dynamic PV (filesystem volmode)] multiVolume [Slow] should concurrently access the volume and restored snapshot from pods on the same node [LinuxOnly][Feature:VolumeSnapshotDataSource][Feature:VolumeSourceXFS]" classname="Kubernetes e2e suite" time="0">
          <skipped></skipped>
      </testcase>
      <testcase name="[sig-storage] In-tree Volumes [Driver: local][LocalVolumeType: dir-link-bindmounted] [Testpattern: Dynamic PV (ext4)] multiVolume [Slow] should access to two volumes with different volume mode and retain data across pod recreation on different node" classname="Kubernetes e2e suite" time="0">
          <skipped></skipped>
      </testcase>
      <testcase name="[sig-storage] In-tree Volumes [Driver: windows-gcepd] [Testpattern: Dynamic PV (default fs)] volume-stress multiple pods should access different volumes repeatedly [Slow] [Serial]" classname="Kubernetes e2e suite" time="0">
          <skipped></skipped>
      </testcase>
      <testcase name="[sig-network] NetworkPolicyLegacy [LinuxOnly] NetworkPolicy between server and client should enforce multiple egress policies with egress allow-all policy taking precedence [Feature:NetworkPolicy]" classname="Kubernetes e2e suite" time="0">
          <skipped></skipped>
      </testcase>
      <testcase name="[sig-storage] In-tree Volumes [Driver: nfs] [Testpattern: Pre-provisioned PV (filesystem volmode)] multiVolume [Slow] should concurrently access the single volume from pods on different node" classname="Kubernetes e2e suite" time="0">
          <skipped></skipped>
      </testcase>
      <testcase name="[sig-storage] In-tree Volumes [Driver: local][LocalVolumeType: dir] [Testpattern: Dynamic PV (block volmode)] multiVolume [Slow] should concurrently access the single read-only volume from pods on the same node" classname="Kubernetes e2e suite" time="0">
          <skipped></skipped>
      </testcase>
      <testcase name="[sig-storage] In-tree Volumes [Driver: local][LocalVolumeType: gce-localssd-scsi-fs] [Serial] [Testpattern: Dynamic PV (ntfs)][Feature:Windows] volume-expand should not allow expansion of pvcs without AllowVolumeExpansion property" classname="Kubernetes e2e suite" time="0">
          <skipped></skipped>
      </testcase>
      <testcase name="[sig-storage] In-tree Volumes [Driver: nfs] [Testpattern: Dynamic PV (ntfs)][Feature:Windows] subPath should support readOnly file specified in the volumeMount [LinuxOnly]" classname="Kubernetes e2e suite" time="0">
          <skipped></skipped>
      </testcase>
      <testcase name="[sig-storage] In-tree Volumes [Driver: cinder] [Testpattern: Dynamic PV (block volmode)] multiVolume [Slow] should concurrently access the single volume from pods on different node" classname="Kubernetes e2e suite" time="0">
          <skipped></skipped>
      </testcase>
      <testcase name="[sig-storage] In-tree Volumes [Driver: gcepd] [Testpattern: Pre-provisioned PV (block volmode)] multiVolume [Slow] should access to two volumes with the same volume mode and retain data across pod recreation on different node" classname="Kubernetes e2e suite" time="0">
          <skipped></skipped>
      </testcase>
      <testcase name="[sig-storage] In-tree Volumes [Driver: vsphere] [Testpattern: Pre-provisioned PV (ntfs)][Feature:Windows] volumes should allow exec of files on the volume" classname="Kubernetes e2e suite" time="0">
          <skipped></skipped>
      </testcase>
      <testcase name="[sig-network] Netpol NetworkPolicy between server and client should enforce policy to allow traffic based on NamespaceSelector with MatchLabels using default ns label [Feature:NetworkPolicy]" classname="Kubernetes e2e suite" time="0">
          <skipped></skipped>
      </testcase>
      <testcase name="[sig-api-machinery] AdmissionWebhook [Privileged:ClusterAdmin] should mutate pod and apply defaults after mutation [Conformance]" classname="Kubernetes e2e suite" time="10.478164305"></testcase>
      <testcase name="[sig-storage] In-tree Volumes [Driver: vsphere] [Testpattern: Dynamic PV (filesystem volmode)] multiVolume [Slow] should concurrently access the volume and its clone from pods on the same node [LinuxOnly][Feature:VolumeSnapshotDataSource][Feature:VolumeSourceXFS]" classname="Kubernetes e2e suite" time="0">
          <skipped></skipped>
      </testcase>
      <testcase name="[sig-storage] EmptyDir volumes should support (non-root,0777,tmpfs) [LinuxOnly] [NodeConformance] [Conformance]" classname="Kubernetes e2e suite" time="10.601966706"></testcase>
      <testcase name="[sig-storage] In-tree Volumes [Driver: azure-disk] [Testpattern: Dynamic PV (ntfs)(allowExpansion)][Feature:Windows] volume-expand should resize volume when PVC is edited while pod is using it" classname="Kubernetes e2e suite" time="0">
          <skipped></skipped>
      </testcase>
      <testcase name="[sig-storage] In-tree Volumes [Driver: rbd][Feature:Volumes][Serial] [Testpattern: Dynamic PV (default fs)] subPath should support readOnly file specified in the volumeMount [LinuxOnly]" classname="Kubernetes e2e suite" time="0">
          <skipped></skipped>
      </testcase>
      <testcase name="[sig-node] RuntimeClass should reject a Pod requesting a RuntimeClass with conflicting node selector" classname="Kubernetes e2e suite" time="0">
          <skipped></skipped>
      </testcase>
      <testcase name="[sig-storage] In-tree Volumes [Driver: rbd][Feature:Volumes][Serial] [Testpattern: Dynamic PV (default fs)] provisioning should provision storage with pvc data source" classname="Kubernetes e2e suite" time="0">
          <skipped></skipped>
      </testcase>
      <testcase name="[sig-cloud-provider-gcp] Ports Security Check [Feature:KubeletSecurity] should not have port 10255 open on its all public IP addresses" classname="Kubernetes e2e suite" time="0">
          <skipped></skipped>
      </testcase>
      <testcase name="[sig-storage] In-tree Volumes [Driver: gluster] [Testpattern: Dynamic PV (xfs)][Slow] volumes should allow exec of files on the volume" classname="Kubernetes e2e suite" time="0">
          <skipped></skipped>
      </testcase>
      <testcase name="[sig-storage] In-tree Volumes [Driver: nfs] [Testpattern: Pre-provisioned PV (default fs)] volumes should allow exec of files on the volume" classname="Kubernetes e2e suite" time="0">
          <skipped></skipped>
      </testcase>
      <testcase name="[sig-storage] PersistentVolumes-local  [Volume type: blockfswithoutformat] Set fsGroup for local volume should set different fsGroup for second pod if first pod is deleted" classname="Kubernetes e2e suite" time="0">
          <skipped></skipped>
      </testcase>
      <testcase name="[sig-storage] In-tree Volumes [Driver: rbd][Feature:Volumes][Serial] [Testpattern: Pre-provisioned PV (default fs)] subPath should fail if subpath with backstepping is outside the volume [Slow][LinuxOnly]" classname="Kubernetes e2e suite" time="0">
          <skipped></skipped>
      </testcase>
      <testcase name="[sig-storage] In-tree Volumes [Driver: emptydir] [Testpattern: Inline-volume (default fs)] subPath should be able to unmount after the subpath directory is deleted [LinuxOnly]" classname="Kubernetes e2e suite" time="0">
          <skipped></skipped>
      </testcase>
      <testcase name="[sig-storage] In-tree Volumes [Driver: local][LocalVolumeType: tmpfs] [Testpattern: Dynamic PV (block volmode)] disruptive[Disruptive][LinuxOnly] Should test that pv written before kubelet restart is readable after restart." classname="Kubernetes e2e suite" time="0">
          <skipped></skipped>
      </testcase>
      <testcase name="[sig-storage] In-tree Volumes [Driver: aws] [Testpattern: Dynamic PV (ext4)] multiVolume [Slow] should access to two volumes with different volume mode and retain data across pod recreation on the same node" classname="Kubernetes e2e suite" time="0">
          <skipped></skipped>
      </testcase>
      <testcase name="[sig-storage] In-tree Volumes [Driver: local][LocalVolumeType: dir] [Testpattern: Dynamic PV (default fs)] subPath should fail if non-existent subpath is outside the volume [Slow][LinuxOnly]" classname="Kubernetes e2e suite" time="0">
          <skipped></skipped>
      </testcase>
      <testcase name="[sig-storage] In-tree Volumes [Driver: emptydir] [Testpattern: Dynamic PV (default fs)] fsgroupchangepolicy (OnRootMismatch)[LinuxOnly], pod created with an initial fsgroup, new pod fsgroup applied to volume contents" classname="Kubernetes e2e suite" time="0">
          <skipped></skipped>
      </testcase>
      <testcase name="[sig-network] [Feature:IPv6DualStack] Granular Checks: Services Secondary IP Family [LinuxOnly] should function for client IP based session affinity: udp [LinuxOnly]" classname="Kubernetes e2e suite" time="0">
          <skipped></skipped>
      </testcase>
      <testcase name="[sig-storage] In-tree Volumes [Driver: rbd][Feature:Volumes][Serial] [Testpattern: Pre-provisioned PV (default fs)] subPath should support existing directories when readOnly specified in the volumeSource" classname="Kubernetes e2e suite" time="0">
          <skipped></skipped>
      </testcase>
      <testcase name="[sig-storage] In-tree Volumes [Driver: iscsi][Feature:Volumes] [Testpattern: Inline-volume (default fs)] subPath should unmount if pod is gracefully deleted while kubelet is down [Disruptive][Slow][LinuxOnly]" classname="Kubernetes e2e suite" time="0">
          <skipped></skipped>
      </testcase>
      <testcase name="[sig-storage] In-tree Volumes [Driver: cinder] [Testpattern: Pre-provisioned PV (filesystem volmode)] multiVolume [Slow] should access to two volumes with the same volume mode and retain data across pod recreation on different node" classname="Kubernetes e2e suite" time="0">
          <skipped></skipped>
      </testcase>
      <testcase name="[sig-storage] In-tree Volumes [Driver: local][LocalVolumeType: dir-link-bindmounted] [Testpattern: Inline-volume (default fs)] subPath should unmount if pod is force deleted while kubelet is down [Disruptive][Slow][LinuxOnly]" classname="Kubernetes e2e suite" time="0">
          <skipped></skipped>
      </testcase>
      <testcase name="[sig-storage] In-tree Volumes [Driver: rbd][Feature:Volumes][Serial] [Testpattern: Dynamic PV (xfs)][Slow] volumes should store data" classname="Kubernetes e2e suite" time="0">
          <skipped></skipped>
      </testcase>
      <testcase name="[sig-storage] In-tree Volumes [Driver: nfs] [Testpattern: Pre-provisioned PV (ext3)] volumes should store data" classname="Kubernetes e2e suite" time="0">
          <skipped></skipped>
      </testcase>
      <testcase name="[sig-storage] In-tree Volumes [Driver: emptydir] [Testpattern: Dynamic PV (default fs)] subPath should support restarting containers using directory as subpath [Slow]" classname="Kubernetes e2e suite" time="0">
          <skipped></skipped>
      </testcase>
      <testcase name="[sig-storage] Projected secret should be consumable from pods in volume with mappings and Item Mode set [LinuxOnly] [NodeConformance] [Conformance]" classname="Kubernetes e2e suite" time="8.526430064"></testcase>
      <testcase name="[sig-storage] In-tree Volumes [Driver: cinder] [Testpattern: Inline-volume (ext4)] volumes should allow exec of files on the volume" classname="Kubernetes e2e suite" time="0">
          <skipped></skipped>
      </testcase>
      <testcase name="[sig-storage] In-tree Volumes [Driver: local][LocalVolumeType: dir] [Testpattern: Dynamic PV (default fs)] volumeIO should write files of various sizes, verify size, validate content [Slow][LinuxOnly]" classname="Kubernetes e2e suite" time="0">
          <skipped></skipped>
      </testcase>
      <testcase name="[sig-storage] In-tree Volumes [Driver: local][LocalVolumeType: dir-link] [Testpattern: Dynamic PV (ntfs)][Feature:Windows] subPath should verify container cannot write to subpath readonly volumes [Slow]" classname="Kubernetes e2e suite" time="0">
          <skipped></skipped>
      </testcase>
      <testcase name="[sig-node] Pods Extended Pod Container lifecycle should not create extra sandbox if all containers are done" classname="Kubernetes e2e suite" time="0">
          <skipped></skipped>
      </testcase>
      <testcase name="[sig-storage] In-tree Volumes [Driver: windows-gcepd] [Testpattern: Dynamic PV (default fs)] volume-expand should not allow expansion of pvcs without AllowVolumeExpansion property" classname="Kubernetes e2e suite" time="0">
          <skipped></skipped>
      </testcase>
      <testcase name="[sig-storage] In-tree Volumes [Driver: ceph][Feature:Volumes][Serial] [Testpattern: Inline-volume (default fs)] subPath should fail if subpath file is outside the volume [Slow][LinuxOnly]" classname="Kubernetes e2e suite" time="0">
          <skipped></skipped>
      </testcase>
      <testcase name="[sig-storage] In-tree Volumes [Driver: local][LocalVolumeType: blockfs] [Testpattern: Pre-provisioned PV (block volmode)] multiVolume [Slow] should access to two volumes with different volume mode and retain data across pod recreation on different node" classname="Kubernetes e2e suite" time="0">
          <skipped></skipped>
      </testcase>
      <testcase name="[sig-storage] CSI Volumes [Driver: pd.csi.storage.gke.io][Serial] [Testpattern: Pre-provisioned PV (filesystem volmode)] disruptive[Disruptive][LinuxOnly] Should test that pv written before kubelet restart is readable after restart." classname="Kubernetes e2e suite" time="0">
          <skipped></skipped>
      </testcase>
      <testcase name="[sig-storage] In-tree Volumes [Driver: aws] [Testpattern: Dynamic PV (filesystem volmode)] volumeMode should not mount / map unused volumes in a pod [LinuxOnly]" classname="Kubernetes e2e suite" time="0">
          <skipped></skipped>
      </testcase>
      <testcase name="[sig-storage] In-tree Volumes [Driver: local][LocalVolumeType: dir-bindmounted] [Testpattern: Pre-provisioned PV (default fs)] subPath should fail if subpath with backstepping is outside the volume [Slow][LinuxOnly]" classname="Kubernetes e2e suite" time="0">
          <skipped></skipped>
      </testcase>
      <testcase name="[sig-storage] In-tree Volumes [Driver: rbd][Feature:Volumes][Serial] [Testpattern: Dynamic PV (block volmode)] multiVolume [Slow] should concurrently access the single volume from pods on the same node" classname="Kubernetes e2e suite" time="0">
          <skipped></skipped>
      </testcase>
      <testcase name="[sig-api-machinery] AdmissionWebhook [Privileged:ClusterAdmin] should honor timeout [Conformance]" classname="Kubernetes e2e suite" time="78.317107392"></testcase>
      <testcase name="[sig-storage] In-tree Volumes [Driver: local][LocalVolumeType: tmpfs] [Testpattern: Dynamic PV (default fs)] subPath should support existing single file [LinuxOnly]" classname="Kubernetes e2e suite" time="0">
          <skipped></skipped>
      </testcase>
      <testcase name="[sig-storage] In-tree Volumes [Driver: vsphere] [Testpattern: Dynamic PV (ext4)] volumes should allow exec of files on the volume" classname="Kubernetes e2e suite" time="0">
          <skipped></skipped>
      </testcase>
      <testcase name="[sig-storage] CSI Volumes [Driver: pd.csi.storage.gke.io][Serial] [Testpattern: Inline-volume (default fs)] subPath should support restarting containers using file as subpath [Slow][LinuxOnly]" classname="Kubernetes e2e suite" time="0">
          <skipped></skipped>
      </testcase>
      <testcase name="[sig-autoscaling] Cluster size autoscaling [Slow] should increase cluster size if pending pods are small [Feature:ClusterSizeAutoscalingScaleUp]" classname="Kubernetes e2e suite" time="0">
          <skipped></skipped>
      </testcase>
      <testcase name="[sig-storage] In-tree Volumes [Driver: hostPath] [Testpattern: Pre-provisioned PV (filesystem volmode)] multiVolume [Slow] should concurrently access the single read-only volume from pods on the same node" classname="Kubernetes e2e suite" time="0">
          <skipped></skipped>
      </testcase>
      <testcase name="[sig-storage] In-tree Volumes [Driver: ceph][Feature:Volumes][Serial] [Testpattern: Pre-provisioned PV (block volmode)] multiVolume [Slow] should concurrently access the volume and its clone from pods on the same node [LinuxOnly][Feature:VolumeSnapshotDataSource][Feature:VolumeSourceXFS]" classname="Kubernetes e2e suite" time="0">
          <skipped></skipped>
      </testcase>
      <testcase name="[sig-storage] In-tree Volumes [Driver: cinder] [Testpattern: Dynamic PV (ntfs)][Feature:Windows] provisioning should provision storage with snapshot data source [Feature:VolumeSnapshotDataSource]" classname="Kubernetes e2e suite" time="0">
          <skipped></skipped>
      </testcase>
      <testcase name="[sig-storage] PersistentVolumes-local  Pod with node different from PV&#39;s NodeAffinity should fail scheduling due to different NodeAffinity" classname="Kubernetes e2e suite" time="0">
          <skipped></skipped>
      </testcase>
      <testcase name="[sig-storage] In-tree Volumes [Driver: aws] [Testpattern: Pre-provisioned PV (default fs)] subPath should fail if subpath with backstepping is outside the volume [Slow][LinuxOnly]" classname="Kubernetes e2e suite" time="0">
          <skipped></skipped>
      </testcase>
      <testcase name="[sig-storage] In-tree Volumes [Driver: local][LocalVolumeType: block] [Testpattern: Pre-provisioned PV (filesystem volmode)] multiVolume [Slow] should concurrently access the volume and restored snapshot from pods on the same node [LinuxOnly][Feature:VolumeSnapshotDataSource][Feature:VolumeSourceXFS]" classname="Kubernetes e2e suite" time="0">
          <skipped></skipped>
      </testcase>
      <testcase name="[sig-storage] In-tree Volumes [Driver: gcepd] [Testpattern: Dynamic PV (filesystem volmode)] multiVolume [Slow] should access to two volumes with the same volume mode and retain data across pod recreation on different node" classname="Kubernetes e2e suite" time="0">
          <skipped></skipped>
      </testcase>
      <testcase name="[sig-storage] In-tree Volumes [Driver: hostPathSymlink] [Testpattern: Dynamic PV (filesystem volmode)] multiVolume [Slow] should concurrently access the volume and its clone from pods on the same node [LinuxOnly][Feature:VolumeSnapshotDataSource][Feature:VolumeSourceXFS]" classname="Kubernetes e2e suite" time="0">
          <skipped></skipped>
      </testcase>
      <testcase name="[sig-storage] In-tree Volumes [Driver: local][LocalVolumeType: dir-bindmounted] [Testpattern: Pre-provisioned PV (block volmode)] volumeMode should not mount / map unused volumes in a pod [LinuxOnly]" classname="Kubernetes e2e suite" time="0">
          <skipped></skipped>
      </testcase>
      <testcase name="[sig-storage] In-tree Volumes [Driver: local][LocalVolumeType: gce-localssd-scsi-fs] [Serial] [Testpattern: Dynamic PV (block volmode)] volume-expand should not allow expansion of pvcs without AllowVolumeExpansion property" classname="Kubernetes e2e suite" time="0">
          <skipped></skipped>
      </testcase>
      <testcase name="[sig-storage] In-tree Volumes [Driver: hostPath] [Testpattern: Dynamic PV (default fs)] subPath should fail if non-existent subpath is outside the volume [Slow][LinuxOnly]" classname="Kubernetes e2e suite" time="0">
          <skipped></skipped>
      </testcase>
      <testcase name="[sig-storage] In-tree Volumes [Driver: local][LocalVolumeType: block] [Testpattern: Dynamic PV (immediate binding)] topology should fail to schedule a pod which has topologies that conflict with AllowedTopologies" classname="Kubernetes e2e suite" time="0">
          <skipped></skipped>
      </testcase>
      <testcase name="[sig-autoscaling] Cluster size autoscaling [Slow] should scale up when non expendable pod is created [Feature:ClusterSizeAutoscalingScaleUp]" classname="Kubernetes e2e suite" time="0">
          <skipped></skipped>
      </testcase>
      <testcase name="[sig-storage] Zone Support [Feature:vsphere] Verify PVC creation fails if the availability zone specified in the storage class have no shared datastores under it." classname="Kubernetes e2e suite" time="0">
          <skipped></skipped>
      </testcase>
      <testcase name="[sig-storage] In-tree Volumes [Driver: hostPathSymlink] [Testpattern: Pre-provisioned PV (block volmode)] multiVolume [Slow] should concurrently access the single volume from pods on the same node" classname="Kubernetes e2e suite" time="0">
          <skipped></skipped>
      </testcase>
      <testcase name="[sig-network] Netpol NetworkPolicy between server and client should work with Ingress, Egress specified together [Feature:NetworkPolicy]" classname="Kubernetes e2e suite" time="0">
          <skipped></skipped>
      </testcase>
      <testcase name="[sig-storage] In-tree Volumes [Driver: rbd][Feature:Volumes][Serial] [Testpattern: Pre-provisioned PV (default fs)] subPath should be able to unmount after the subpath directory is deleted [LinuxOnly]" classname="Kubernetes e2e suite" time="0">
          <skipped></skipped>
      </testcase>
      <testcase name="[sig-storage] In-tree Volumes [Driver: local][LocalVolumeType: gce-localssd-scsi-fs] [Serial] [Testpattern: Inline-volume (xfs)][Slow] volumes should allow exec of files on the volume" classname="Kubernetes e2e suite" time="0">
          <skipped></skipped>
      </testcase>
      <testcase name="[sig-storage] In-tree Volumes [Driver: windows-gcepd] [Testpattern: Dynamic PV (filesystem volmode)] multiVolume [Slow] should access to two volumes with different volume mode and retain data across pod recreation on the same node" classname="Kubernetes e2e suite" time="0">
          <skipped></skipped>
      </testcase>
      <testcase name="[sig-storage] In-tree Volumes [Driver: emptydir] [Testpattern: Inline-volume (default fs)] volumeIO should write files of various sizes, verify size, validate content [Slow][LinuxOnly]" classname="Kubernetes e2e suite" time="0">
          <skipped></skipped>
      </testcase>
      <testcase name="[sig-storage] In-tree Volumes [Driver: cinder] [Testpattern: Dynamic PV (default fs)(allowExpansion)] volume-expand Verify if offline PVC expansion works" classname="Kubernetes e2e suite" time="0">
          <skipped></skipped>
      </testcase>
      <testcase name="[sig-storage] In-tree Volumes [Driver: local][LocalVolumeType: dir-link-bindmounted] [Testpattern: Inline-volume (xfs)][Slow] volumes should allow exec of files on the volume" classname="Kubernetes e2e suite" time="0">
          <skipped></skipped>
      </testcase>
      <testcase name="[sig-storage] CSI Volumes [Driver: csi-hostpath] [Testpattern: Pre-provisioned PV (ext3)] volumes should store data" classname="Kubernetes e2e suite" time="0">
          <skipped></skipped>
      </testcase>
      <testcase name="[sig-storage] In-tree Volumes [Driver: rbd][Feature:Volumes][Serial] [Testpattern: Pre-provisioned PV (filesystem volmode)] volumeMode should fail to use a volume in a pod with mismatched mode [Slow]" classname="Kubernetes e2e suite" time="0">
          <skipped></skipped>
      </testcase>
      <testcase name="[sig-storage] In-tree Volumes [Driver: cinder] [Testpattern: Pre-provisioned PV (xfs)][Slow] volumes should store data" classname="Kubernetes e2e suite" time="0">
          <skipped></skipped>
      </testcase>
      <testcase name="[sig-storage] In-tree Volumes [Driver: ceph][Feature:Volumes][Serial] [Testpattern: Pre-provisioned PV (block volmode)] multiVolume [Slow] should concurrently access the single read-only volume from pods on the same node" classname="Kubernetes e2e suite" time="0">
          <skipped></skipped>
      </testcase>
      <testcase name="[sig-storage] In-tree Volumes [Driver: rbd][Feature:Volumes][Serial] [Testpattern: Pre-provisioned PV (block volmode)] disruptive[Disruptive][LinuxOnly] Should test that pv used in a pod that is force deleted while the kubelet is down cleans up when the kubelet returns." classname="Kubernetes e2e suite" time="0">
          <skipped></skipped>
      </testcase>
      <testcase name="[sig-storage] CSI mock volume CSI volume limit information using mock driver should report attach limit when limit is bigger than 0 [Slow]" classname="Kubernetes e2e suite" time="0">
          <skipped></skipped>
      </testcase>
      <testcase name="[sig-storage] In-tree Volumes [Driver: nfs] [Testpattern: Dynamic PV (xfs)][Slow] volumes should allow exec of files on the volume" classname="Kubernetes e2e suite" time="0">
          <skipped></skipped>
      </testcase>
      <testcase name="[sig-storage] In-tree Volumes [Driver: local][LocalVolumeType: gce-localssd-scsi-fs] [Serial] [Testpattern: Inline-volume (default fs)] volumeIO should write files of various sizes, verify size, validate content [Slow][LinuxOnly]" classname="Kubernetes e2e suite" time="0">
          <skipped></skipped>
      </testcase>
      <testcase name="[sig-storage] CSI mock volume CSI Snapshot Controller metrics [Feature:VolumeSnapshotDataSource] snapshot controller should emit pre-provisioned CreateSnapshot, CreateSnapshotAndReady, and DeleteSnapshot metrics" classname="Kubernetes e2e suite" time="0">
          <skipped></skipped>
      </testcase>
      <testcase name="[sig-storage] In-tree Volumes [Driver: ceph][Feature:Volumes][Serial] [Testpattern: Dynamic PV (block volmode)] multiVolume [Slow] should concurrently access the single read-only volume from pods on the same node" classname="Kubernetes e2e suite" time="0">
          <skipped></skipped>
      </testcase>
      <testcase name="[sig-storage] CSI Volumes [Driver: csi-hostpath] [Testpattern: Inline-volume (default fs)] subPath should support restarting containers using file as subpath [Slow][LinuxOnly]" classname="Kubernetes e2e suite" time="0">
          <skipped></skipped>
      </testcase>
      <testcase name="[sig-storage] In-tree Volumes [Driver: local][LocalVolumeType: blockfs] [Testpattern: Dynamic PV (block volmode)] multiVolume [Slow] should access to two volumes with the same volume mode and retain data across pod recreation on the same node" classname="Kubernetes e2e suite" time="0">
          <skipped></skipped>
      </testcase>
      <testcase name="[sig-storage] Zone Support [Feature:vsphere] Verify a pod is created on a non-Workspace zone and attached to a dynamically created PV, based on the allowed zones and storage policy specified in storage class" classname="Kubernetes e2e suite" time="0">
          <skipped></skipped>
      </testcase>
      <testcase name="[sig-storage] In-tree Volumes [Driver: ceph][Feature:Volumes][Serial] [Testpattern: Inline-volume (ext4)] volumes should allow exec of files on the volume" classname="Kubernetes e2e suite" time="0">
          <skipped></skipped>
      </testcase>
      <testcase name="[sig-apps] Deployment should run the lifecycle of a Deployment [Conformance]" classname="Kubernetes e2e suite" time="41.825633503"></testcase>
      <testcase name="[sig-storage] In-tree Volumes [Driver: nfs] [Testpattern: Inline-volume (default fs)] subPath should fail if subpath file is outside the volume [Slow][LinuxOnly]" classname="Kubernetes e2e suite" time="0">
          <skipped></skipped>
      </testcase>
      <testcase name="[sig-storage] In-tree Volumes [Driver: local][LocalVolumeType: gce-localssd-scsi-fs] [Serial] [Testpattern: Dynamic PV (ntfs)][Feature:Windows] subPath should fail if subpath with backstepping is outside the volume [Slow][LinuxOnly]" classname="Kubernetes e2e suite" time="0">
          <skipped></skipped>
      </testcase>
      <testcase name="[sig-storage] In-tree Volumes [Driver: gcepd] [Testpattern: Dynamic PV (block volmode)] volumeMode should fail to use a volume in a pod with mismatched mode [Slow]" classname="Kubernetes e2e suite" time="0">
          <skipped></skipped>
      </testcase>
      <testcase name="[sig-storage] In-tree Volumes [Driver: local][LocalVolumeType: dir-link] [Testpattern: Dynamic PV (block volmode)] disruptive[Disruptive][LinuxOnly] Should test that pv used in a pod that is force deleted while the kubelet is down cleans up when the kubelet returns." classname="Kubernetes e2e suite" time="0">
          <skipped></skipped>
      </testcase>
      <testcase name="[sig-cloud-provider] [Feature:CloudProvider][Disruptive] Nodes should be deleted on API server if it doesn&#39;t exist in the cloud provider" classname="Kubernetes e2e suite" time="0">
          <skipped></skipped>
      </testcase>
      <testcase name="[sig-storage] In-tree Volumes [Driver: local][LocalVolumeType: dir-bindmounted] [Testpattern: Pre-provisioned PV (ext4)] volumes should store data" classname="Kubernetes e2e suite" time="0">
          <skipped></skipped>
      </testcase>
      <testcase name="[sig-storage] In-tree Volumes [Driver: hostPath] [Testpattern: Dynamic PV (default fs)] provisioning should provision storage with mount options" classname="Kubernetes e2e suite" time="0">
          <skipped></skipped>
      </testcase>
      <testcase name="[sig-network] Networking should recreate its iptables rules if they are deleted [Disruptive]" classname="Kubernetes e2e suite" time="0">
          <skipped></skipped>
      </testcase>
      <testcase name="[sig-auth] [Feature:NodeAuthorizer] A node shouldn&#39;t be able to delete another node" classname="Kubernetes e2e suite" time="0">
          <skipped></skipped>
      </testcase>
      <testcase name="[sig-storage] In-tree Volumes [Driver: local][LocalVolumeType: dir] [Testpattern: Pre-provisioned PV (default fs)] subPath should support readOnly file specified in the volumeMount [LinuxOnly]" classname="Kubernetes e2e suite" time="0">
          <skipped></skipped>
      </testcase>
      <testcase name="[sig-storage] In-tree Volumes [Driver: local][LocalVolumeType: gce-localssd-scsi-fs] [Serial] [Testpattern: Dynamic PV (filesystem volmode)] volumeMode should fail to use a volume in a pod with mismatched mode [Slow]" classname="Kubernetes e2e suite" time="0">
          <skipped></skipped>
      </testcase>
      <testcase name="[sig-storage] In-tree Volumes [Driver: local][LocalVolumeType: dir-link-bindmounted] [Testpattern: Dynamic PV (default fs)] subPath should fail if subpath file is outside the volume [Slow][LinuxOnly]" classname="Kubernetes e2e suite" time="0">
          <skipped></skipped>
      </testcase>
      <testcase name="[sig-storage] In-tree Volumes [Driver: gluster] [Testpattern: Pre-provisioned PV (block volmode)] multiVolume [Slow] should access to two volumes with different volume mode and retain data across pod recreation on different node" classname="Kubernetes e2e suite" time="0">
          <skipped></skipped>
      </testcase>
      <testcase name="[sig-storage] In-tree Volumes [Driver: local][LocalVolumeType: dir-bindmounted] [Testpattern: Dynamic PV (ntfs)][Feature:Windows] provisioning should provision storage with pvc data source" classname="Kubernetes e2e suite" time="0">
          <skipped></skipped>
      </testcase>
      <testcase name="[sig-storage] CSI Volumes [Driver: csi-hostpath] [Testpattern: Dynamic PV (ntfs)][Feature:Windows] subPath should support existing single file [LinuxOnly]" classname="Kubernetes e2e suite" time="0">
          <skipped></skipped>
      </testcase>
      <testcase name="[sig-storage] In-tree Volumes [Driver: gcepd] [Testpattern: Pre-provisioned PV (filesystem volmode)] multiVolume [Slow] should concurrently access the single volume from pods on different node" classname="Kubernetes e2e suite" time="0">
          <skipped></skipped>
      </testcase>
      <testcase name="[sig-storage] In-tree Volumes [Driver: windows-gcepd] [Testpattern: Dynamic PV (ntfs)][Feature:Windows] subPath should unmount if pod is force deleted while kubelet is down [Disruptive][Slow][LinuxOnly]" classname="Kubernetes e2e suite" time="0">
          <skipped></skipped>
      </testcase>
      <testcase name="[sig-storage] In-tree Volumes [Driver: windows-gcepd] [Testpattern: Dynamic PV (block volmode)] disruptive[Disruptive][LinuxOnly] Should test that pv written before kubelet restart is readable after restart." classname="Kubernetes e2e suite" time="0">
          <skipped></skipped>
      </testcase>
      <testcase name="[sig-storage] In-tree Volumes [Driver: local][LocalVolumeType: blockfs] [Testpattern: Dynamic PV (default fs)] subPath should fail if non-existent subpath is outside the volume [Slow][LinuxOnly]" classname="Kubernetes e2e suite" time="0">
          <skipped></skipped>
      </testcase>
      <testcase name="[sig-storage] CSI Volumes [Driver: pd.csi.storage.gke.io][Serial] [Testpattern: Dynamic PV (default fs)] subPath should fail if non-existent subpath is outside the volume [Slow][LinuxOnly]" classname="Kubernetes e2e suite" time="0">
          <skipped></skipped>
      </testcase>
      <testcase name="[sig-storage] In-tree Volumes [Driver: local][LocalVolumeType: dir-bindmounted] [Testpattern: Dynamic PV (default fs)] subPath should fail if subpath directory is outside the volume [Slow][LinuxOnly]" classname="Kubernetes e2e suite" time="0">
          <skipped></skipped>
      </testcase>
      <testcase name="[sig-cli] Kubectl Port forwarding With a server listening on localhost should support forwarding over websockets" classname="Kubernetes e2e suite" time="0">
          <skipped></skipped>
      </testcase>
      <testcase name="[sig-storage] In-tree Volumes [Driver: iscsi][Feature:Volumes] [Testpattern: Dynamic PV (filesystem volmode)] multiVolume [Slow] should access to two volumes with different volume mode and retain data across pod recreation on different node" classname="Kubernetes e2e suite" time="0">
          <skipped></skipped>
      </testcase>
      <testcase name="[sig-storage] In-tree Volumes [Driver: emptydir] [Testpattern: Dynamic PV (ntfs)][Feature:Windows] provisioning should provision storage with mount options" classname="Kubernetes e2e suite" time="0">
          <skipped></skipped>
      </testcase>
      <testcase name="[sig-storage] In-tree Volumes [Driver: local][LocalVolumeType: dir] [Testpattern: Dynamic PV (default fs)] provisioning should provision storage with pvc data source in parallel [Slow]" classname="Kubernetes e2e suite" time="0">
          <skipped></skipped>
      </testcase>
      <testcase name="[sig-storage] Multi-AZ Cluster Volumes should schedule pods in the same zones as statically provisioned PVs" classname="Kubernetes e2e suite" time="0">
          <skipped></skipped>
      </testcase>
      <testcase name="[sig-storage] In-tree Volumes [Driver: hostPathSymlink] [Testpattern: Dynamic PV (ntfs)][Feature:Windows] volumes should allow exec of files on the volume" classname="Kubernetes e2e suite" time="0">
          <skipped></skipped>
      </testcase>
      <testcase name="[sig-storage] In-tree Volumes [Driver: hostPathSymlink] [Testpattern: Inline-volume (default fs)] subPath should support existing directories when readOnly specified in the volumeSource" classname="Kubernetes e2e suite" time="0">
          <skipped></skipped>
      </testcase>
      <testcase name="[sig-storage] In-tree Volumes [Driver: aws] [Testpattern: Dynamic PV (ext4)] volumes should store data" classname="Kubernetes e2e suite" time="0">
          <skipped></skipped>
      </testcase>
      <testcase name="[sig-storage] In-tree Volumes [Driver: local][LocalVolumeType: dir-link-bindmounted] [Testpattern: Dynamic PV (default fs)] subPath should support non-existent path" classname="Kubernetes e2e suite" time="0">
          <skipped></skipped>
      </testcase>
      <testcase name="[sig-storage] CSI Volumes [Driver: pd.csi.storage.gke.io][Serial] [Testpattern: Dynamic PV (block volmode)] volumeMode should not mount / map unused volumes in a pod [LinuxOnly]" classname="Kubernetes e2e suite" time="0">
          <skipped></skipped>
      </testcase>
      <testcase name="[sig-storage] In-tree Volumes [Driver: local][LocalVolumeType: gce-localssd-scsi-fs] [Serial] [Testpattern: Pre-provisioned PV (block volmode)] multiVolume [Slow] should concurrently access the single volume from pods on the same node" classname="Kubernetes e2e suite" time="0">
          <skipped></skipped>
      </testcase>
      <testcase name="[sig-storage] In-tree Volumes [Driver: local][LocalVolumeType: dir] [Testpattern: Pre-provisioned PV (filesystem volmode)] multiVolume [Slow] should concurrently access the volume and its clone from pods on the same node [LinuxOnly][Feature:VolumeSnapshotDataSource][Feature:VolumeSourceXFS]" classname="Kubernetes e2e suite" time="0">
          <skipped></skipped>
      </testcase>
      <testcase name="[sig-storage] In-tree Volumes [Driver: local][LocalVolumeType: tmpfs] [Testpattern: Dynamic PV (default fs)] subPath should support existing directory" classname="Kubernetes e2e suite" time="0">
          <skipped></skipped>
      </testcase>
      <testcase name="[sig-storage] In-tree Volumes [Driver: local][LocalVolumeType: tmpfs] [Testpattern: Inline-volume (default fs)] subPath should support non-existent path" classname="Kubernetes e2e suite" time="0">
          <skipped></skipped>
      </testcase>
      <testcase name="[sig-storage] In-tree Volumes [Driver: hostPath] [Testpattern: Dynamic PV (xfs)][Slow] multiVolume [Slow] should access to two volumes with different volume mode and retain data across pod recreation on different node" classname="Kubernetes e2e suite" time="0">
          <skipped></skipped>
      </testcase>
      <testcase name="[sig-storage] In-tree Volumes [Driver: local][LocalVolumeType: dir] [Testpattern: Inline-volume (default fs)] subPath should fail if subpath with backstepping is outside the volume [Slow][LinuxOnly]" classname="Kubernetes e2e suite" time="0">
          <skipped></skipped>
      </testcase>
      <testcase name="[sig-storage] In-tree Volumes [Driver: local][LocalVolumeType: dir-link-bindmounted] [Testpattern: Pre-provisioned PV (default fs)] subPath should support existing single file [LinuxOnly]" classname="Kubernetes e2e suite" time="0">
          <skipped></skipped>
      </testcase>
      <testcase name="[sig-storage] In-tree Volumes [Driver: hostPathSymlink] [Testpattern: Inline-volume (default fs)] subPath should support non-existent path" classname="Kubernetes e2e suite" time="0">
          <skipped></skipped>
      </testcase>
      <testcase name="[sig-storage] In-tree Volumes [Driver: hostPath] [Testpattern: Dynamic PV (block volmode)] provisioning should provision storage with pvc data source in parallel [Slow]" classname="Kubernetes e2e suite" time="0">
          <skipped></skipped>
      </testcase>
      <testcase name="[sig-storage] In-tree Volumes [Driver: nfs] [Testpattern: Pre-provisioned PV (filesystem volmode)] volumeMode should not mount / map unused volumes in a pod [LinuxOnly]" classname="Kubernetes e2e suite" time="0">
          <skipped></skipped>
      </testcase>
      <testcase name="[sig-api-machinery] Servers with support for Table transformation should return generic metadata details across all namespaces for nodes" classname="Kubernetes e2e suite" time="0">
          <skipped></skipped>
      </testcase>
      <testcase name="[sig-storage] In-tree Volumes [Driver: hostPathSymlink] [Testpattern: Dynamic PV (block volmode)] volumes should store data" classname="Kubernetes e2e suite" time="0">
          <skipped></skipped>
      </testcase>
      <testcase name="[sig-storage] In-tree Volumes [Driver: local][LocalVolumeType: dir-link] [Testpattern: Dynamic PV (filesystem volmode)] volumeMode should fail to use a volume in a pod with mismatched mode [Slow]" classname="Kubernetes e2e suite" time="0">
          <skipped></skipped>
      </testcase>
      <testcase name="[sig-storage] [Serial] Volume metrics should create prometheus metrics for volume provisioning errors [Slow]" classname="Kubernetes e2e suite" time="0">
          <skipped></skipped>
      </testcase>
      <testcase name="[sig-storage] In-tree Volumes [Driver: gcepd] [Testpattern: Dynamic PV (ntfs)][Feature:Windows] subPath should support existing single file [LinuxOnly]" classname="Kubernetes e2e suite" time="0">
          <skipped></skipped>
      </testcase>
      <testcase name="[sig-node] crictl should be able to run crictl on the node" classname="Kubernetes e2e suite" time="0">
          <skipped></skipped>
      </testcase>
      <testcase name="[sig-storage] In-tree Volumes [Driver: nfs] [Testpattern: Dynamic PV (ntfs)][Feature:Windows] subPath should fail if non-existent subpath is outside the volume [Slow][LinuxOnly]" classname="Kubernetes e2e suite" time="0">
          <skipped></skipped>
      </testcase>
      <testcase name="[sig-node] Security Context When creating a container with runAsUser should run the container with uid 65534 [LinuxOnly] [NodeConformance] [Conformance]" classname="Kubernetes e2e suite" time="11.366614946"></testcase>
      <testcase name="[sig-storage] In-tree Volumes [Driver: cinder] [Testpattern: Pre-provisioned PV (filesystem volmode)] multiVolume [Slow] should concurrently access the single volume from pods on different node" classname="Kubernetes e2e suite" time="0">
          <skipped></skipped>
      </testcase>
      <testcase name="[sig-storage] In-tree Volumes [Driver: gcepd] [Testpattern: Dynamic PV (xfs)][Slow] volumes should store data" classname="Kubernetes e2e suite" time="0">
          <skipped></skipped>
      </testcase>
      <testcase name="[sig-storage] In-tree Volumes [Driver: rbd][Feature:Volumes][Serial] [Testpattern: Dynamic PV (ntfs)][Feature:Windows] subPath should be able to unmount after the subpath directory is deleted [LinuxOnly]" classname="Kubernetes e2e suite" time="0">
          <skipped></skipped>
      </testcase>
      <testcase name="[sig-storage] ConfigMap updates should be reflected in volume [NodeConformance] [Conformance]" classname="Kubernetes e2e suite" time="91.204274288"></testcase>
      <testcase name="[sig-storage] In-tree Volumes [Driver: vsphere] [Testpattern: Dynamic PV (default fs)] subPath should unmount if pod is force deleted while kubelet is down [Disruptive][Slow][LinuxOnly]" classname="Kubernetes e2e suite" time="0">
          <skipped></skipped>
      </testcase>
      <testcase name="[sig-storage] In-tree Volumes [Driver: hostPath] [Testpattern: Pre-provisioned PV (default fs)] subPath should support existing directory" classname="Kubernetes e2e suite" time="0">
          <skipped></skipped>
      </testcase>
      <testcase name="[sig-storage] In-tree Volumes [Driver: gcepd] [Testpattern: Dynamic PV (ntfs)][Feature:Windows] volume-expand should not allow expansion of pvcs without AllowVolumeExpansion property" classname="Kubernetes e2e suite" time="0">
          <skipped></skipped>
      </testcase>
      <testcase name="[sig-storage] In-tree Volumes [Driver: local][LocalVolumeType: gce-localssd-scsi-fs] [Serial] [Testpattern: Dynamic PV (default fs)] provisioning should provision storage with pvc data source" classname="Kubernetes e2e suite" time="0">
          <skipped></skipped>
      </testcase>
      <testcase name="[sig-storage] In-tree Volumes [Driver: local][LocalVolumeType: dir-bindmounted] [Testpattern: Dynamic PV (default fs)] volumes should allow exec of files on the volume" classname="Kubernetes e2e suite" time="0">
          <skipped></skipped>
      </testcase>
      <testcase name="[sig-storage] In-tree Volumes [Driver: aws] [Testpattern: Pre-provisioned PV (ext4)] volumes should allow exec of files on the volume" classname="Kubernetes e2e suite" time="0">
          <skipped></skipped>
      </testcase>
      <testcase name="[sig-storage] In-tree Volumes [Driver: local][LocalVolumeType: dir-bindmounted] [Testpattern: Inline-volume (default fs)] volumeIO should write files of various sizes, verify size, validate content [Slow][LinuxOnly]" classname="Kubernetes e2e suite" time="0">
          <skipped></skipped>
      </testcase>
      <testcase name="[sig-storage] In-tree Volumes [Driver: vsphere] [Testpattern: Dynamic PV (ntfs)(allowExpansion)][Feature:Windows] volume-expand Verify if offline PVC expansion works" classname="Kubernetes e2e suite" time="0">
          <skipped></skipped>
      </testcase>
      <testcase name="[sig-storage] In-tree Volumes [Driver: emptydir] [Testpattern: Pre-provisioned PV (default fs)] subPath should fail if subpath file is outside the volume [Slow][LinuxOnly]" classname="Kubernetes e2e suite" time="0">
          <skipped></skipped>
      </testcase>
      <testcase name="[sig-storage] In-tree Volumes [Driver: iscsi][Feature:Volumes] [Testpattern: Inline-volume (default fs)] subPath should support creating multiple subpath from same volumes [Slow]" classname="Kubernetes e2e suite" time="0">
          <skipped></skipped>
      </testcase>
      <testcase name="[sig-storage] In-tree Volumes [Driver: cinder] [Testpattern: Pre-provisioned PV (filesystem volmode)] volumeMode should not mount / map unused volumes in a pod [LinuxOnly]" classname="Kubernetes e2e suite" time="0">
          <skipped></skipped>
      </testcase>
      <testcase name="[sig-storage] In-tree Volumes [Driver: local][LocalVolumeType: block] [Testpattern: Dynamic PV (ext4)] multiVolume [Slow] should concurrently access the single volume from pods on different node" classname="Kubernetes e2e suite" time="0">
          <skipped></skipped>
      </testcase>
      <testcase name="[sig-storage] In-tree Volumes [Driver: gluster] [Testpattern: Dynamic PV (default fs)] fsgroupchangepolicy (Always)[LinuxOnly], pod created with an initial fsgroup, new pod fsgroup applied to volume contents" classname="Kubernetes e2e suite" time="0">
          <skipped></skipped>
      </testcase>
      <testcase name="[sig-node] Security Context When creating a pod with readOnlyRootFilesystem should run the container with readonly rootfs when readOnlyRootFilesystem=true [LinuxOnly] [NodeConformance]" classname="Kubernetes e2e suite" time="0">
          <skipped></skipped>
      </testcase>
      <testcase name="[sig-storage] In-tree Volumes [Driver: ceph][Feature:Volumes][Serial] [Testpattern: Dynamic PV (default fs)] volume-expand should not allow expansion of pvcs without AllowVolumeExpansion property" classname="Kubernetes e2e suite" time="0">
          <skipped></skipped>
      </testcase>
      <testcase name="[sig-storage] In-tree Volumes [Driver: local][LocalVolumeType: dir-link-bindmounted] [Testpattern: Dynamic PV (ext4)] multiVolume [Slow] should access to two volumes with the same volume mode and retain data across pod recreation on different node" classname="Kubernetes e2e suite" time="0">
          <skipped></skipped>
      </testcase>
      <testcase name="[sig-storage] In-tree Volumes [Driver: hostPath] [Testpattern: Dynamic PV (block volmode)] multiVolume [Slow] should concurrently access the volume and its clone from pods on the same node [LinuxOnly][Feature:VolumeSnapshotDataSource][Feature:VolumeSourceXFS]" classname="Kubernetes e2e suite" time="0">
          <skipped></skipped>
      </testcase>
      <testcase name="[sig-storage] In-tree Volumes [Driver: rbd][Feature:Volumes][Serial] [Testpattern: Dynamic PV (block volmode)] multiVolume [Slow] should concurrently access the single volume from pods on different node" classname="Kubernetes e2e suite" time="0">
          <skipped></skipped>
      </testcase>
      <testcase name="[sig-storage] In-tree Volumes [Driver: local][LocalVolumeType: dir-link] [Testpattern: Pre-provisioned PV (filesystem volmode)] multiVolume [Slow] should concurrently access the single read-only volume from pods on the same node" classname="Kubernetes e2e suite" time="0">
          <skipped></skipped>
      </testcase>
      <testcase name="[sig-storage] In-tree Volumes [Driver: gluster] [Testpattern: Dynamic PV (delayed binding)] topology should provision a volume and schedule a pod with AllowedTopologies" classname="Kubernetes e2e suite" time="0">
          <skipped></skipped>
      </testcase>
      <testcase name="[sig-storage] In-tree Volumes [Driver: iscsi][Feature:Volumes] [Testpattern: Dynamic PV (ext4)] volumes should store data" classname="Kubernetes e2e suite" time="0">
          <skipped></skipped>
      </testcase>
      <testcase name="[sig-storage] PVC Protection Verify that scheduling of a pod that uses PVC that is being deleted fails and the pod becomes Unschedulable" classname="Kubernetes e2e suite" time="0">
          <skipped></skipped>
      </testcase>
      <testcase name="[sig-storage] In-tree Volumes [Driver: local][LocalVolumeType: gce-localssd-scsi-fs] [Serial] [Testpattern: Dynamic PV (ntfs)][Feature:Windows] provisioning should provision storage with mount options" classname="Kubernetes e2e suite" time="0">
          <skipped></skipped>
      </testcase>
      <testcase name="[sig-storage] In-tree Volumes [Driver: local][LocalVolumeType: dir-link] [Testpattern: Dynamic PV (default fs)] subPath should support existing directory" classname="Kubernetes e2e suite" time="0">
          <skipped></skipped>
      </testcase>
      <testcase name="[sig-network] [Feature:IPv6DualStack] Granular Checks: Services Secondary IP Family [LinuxOnly] should function for node-Service: udp" classname="Kubernetes e2e suite" time="0">
          <skipped></skipped>
      </testcase>
      <testcase name="[sig-storage] In-tree Volumes [Driver: local][LocalVolumeType: blockfs] [Testpattern: Dynamic PV (block volmode)] provisioning should provision storage with pvc data source in parallel [Slow]" classname="Kubernetes e2e suite" time="0">
          <skipped></skipped>
      </testcase>
      <testcase name="[sig-storage] In-tree Volumes [Driver: ceph][Feature:Volumes][Serial] [Testpattern: Inline-volume (default fs)] volumeIO should write files of various sizes, verify size, validate content [Slow][LinuxOnly]" classname="Kubernetes e2e suite" time="0">
          <skipped></skipped>
      </testcase>
      <testcase name="[sig-storage] In-tree Volumes [Driver: nfs] [Testpattern: Inline-volume (default fs)] subPath should support readOnly directory specified in the volumeMount" classname="Kubernetes e2e suite" time="0">
          <skipped></skipped>
      </testcase>
      <testcase name="[sig-storage] In-tree Volumes [Driver: rbd][Feature:Volumes][Serial] [Testpattern: Pre-provisioned PV (block volmode)] multiVolume [Slow] should access to two volumes with different volume mode and retain data across pod recreation on the same node" classname="Kubernetes e2e suite" time="0">
          <skipped></skipped>
      </testcase>
      <testcase name="[sig-storage] CSI Volumes [Driver: csi-hostpath] [Testpattern: Pre-provisioned PV (filesystem volmode)] multiVolume [Slow] should concurrently access the single read-only volume from pods on the same node" classname="Kubernetes e2e suite" time="0">
          <skipped></skipped>
      </testcase>
      <testcase name="[sig-storage] CSI Volumes [Driver: pd.csi.storage.gke.io][Serial] [Testpattern: Dynamic PV (default fs)] capacity provides storage capacity information" classname="Kubernetes e2e suite" time="0">
          <skipped></skipped>
      </testcase>
      <testcase name="[sig-storage] In-tree Volumes [Driver: aws] [Testpattern: Dynamic PV (default fs)] subPath should fail if subpath with backstepping is outside the volume [Slow][LinuxOnly]" classname="Kubernetes e2e suite" time="0">
          <skipped></skipped>
      </testcase>
      <testcase name="[sig-cli] Kubectl client Simple pod should return command exit codes [Slow] running a failing command without --restart=Never" classname="Kubernetes e2e suite" time="0">
          <skipped></skipped>
      </testcase>
      <testcase name="[sig-storage] In-tree Volumes [Driver: ceph][Feature:Volumes][Serial] [Testpattern: Pre-provisioned PV (ext3)] volumes should allow exec of files on the volume" classname="Kubernetes e2e suite" time="0">
          <skipped></skipped>
      </testcase>
      <testcase name="[sig-storage] CSI mock volume CSI Volume expansion should expand volume by restarting pod if attach=on, nodeExpansion=on" classname="Kubernetes e2e suite" time="0">
          <skipped></skipped>
      </testcase>
      <testcase name="[sig-storage] In-tree Volumes [Driver: vsphere] [Testpattern: Dynamic PV (xfs)][Slow] multiVolume [Slow] should concurrently access the single read-only volume from pods on the same node" classname="Kubernetes e2e suite" time="0">
          <skipped></skipped>
      </testcase>
      <testcase name="[sig-storage] Projected downwardAPI should update labels on modification [NodeConformance] [Conformance]" classname="Kubernetes e2e suite" time="8.963830247"></testcase>
      <testcase name="[sig-storage] In-tree Volumes [Driver: hostPath] [Testpattern: Dynamic PV (block volmode)(allowExpansion)] volume-expand Verify if offline PVC expansion works" classname="Kubernetes e2e suite" time="0">
          <skipped></skipped>
      </testcase>
      <testcase name="[sig-storage] In-tree Volumes [Driver: aws] [Testpattern: Dynamic PV (default fs)] fsgroupchangepolicy (OnRootMismatch)[LinuxOnly], pod created with an initial fsgroup, volume contents ownership changed in first pod, new pod with different fsgroup applied to the volume contents" classname="Kubernetes e2e suite" time="0">
          <skipped></skipped>
      </testcase>
      <testcase name="[sig-storage] In-tree Volumes [Driver: cinder] [Testpattern: Pre-provisioned PV (default fs)] subPath should support restarting containers using file as subpath [Slow][LinuxOnly]" classname="Kubernetes e2e suite" time="0">
          <skipped></skipped>
      </testcase>
      <testcase name="[sig-storage] In-tree Volumes [Driver: local][LocalVolumeType: tmpfs] [Testpattern: Dynamic PV (ntfs)][Feature:Windows] subPath should support restarting containers using file as subpath [Slow][LinuxOnly]" classname="Kubernetes e2e suite" time="0">
          <skipped></skipped>
      </testcase>
      <testcase name="[sig-storage] In-tree Volumes [Driver: emptydir] [Testpattern: Dynamic PV (ntfs)][Feature:Windows] subPath should fail if non-existent subpath is outside the volume [Slow][LinuxOnly]" classname="Kubernetes e2e suite" time="0">
          <skipped></skipped>
      </testcase>
      <testcase name="[sig-storage] In-tree Volumes [Driver: local][LocalVolumeType: gce-localssd-scsi-fs] [Serial] [Testpattern: Dynamic PV (block volmode)] multiVolume [Slow] should concurrently access the volume and its clone from pods on the same node [LinuxOnly][Feature:VolumeSnapshotDataSource][Feature:VolumeSourceXFS]" classname="Kubernetes e2e suite" time="0">
          <skipped></skipped>
      </testcase>
      <testcase name="[sig-storage] In-tree Volumes [Driver: hostPathSymlink] [Testpattern: Pre-provisioned PV (default fs)] volumeIO should write files of various sizes, verify size, validate content [Slow][LinuxOnly]" classname="Kubernetes e2e suite" time="0">
          <skipped></skipped>
      </testcase>
      <testcase name="[sig-apps] Job should create pods for an Indexed job with completion indexes and specified hostname" classname="Kubernetes e2e suite" time="0">
          <skipped></skipped>
      </testcase>
      <testcase name="[sig-api-machinery] AdmissionWebhook [Privileged:ClusterAdmin] listing mutating webhooks should work [Conformance]" classname="Kubernetes e2e suite" time="11.357704791"></testcase>
      <testcase name="[sig-storage] In-tree Volumes [Driver: emptydir] [Testpattern: Pre-provisioned PV (block volmode)] multiVolume [Slow] should concurrently access the single volume from pods on the same node" classname="Kubernetes e2e suite" time="0">
          <skipped></skipped>
      </testcase>
      <testcase name="[sig-storage] In-tree Volumes [Driver: windows-gcepd] [Testpattern: Inline-volume (default fs)] subPath should support readOnly file specified in the volumeMount [LinuxOnly]" classname="Kubernetes e2e suite" time="0">
          <skipped></skipped>
      </testcase>
      <testcase name="[sig-storage] In-tree Volumes [Driver: gluster] [Testpattern: Dynamic PV (default fs)] subPath should support readOnly file specified in the volumeMount [LinuxOnly]" classname="Kubernetes e2e suite" time="0">
          <skipped></skipped>
      </testcase>
      <testcase name="[sig-storage] In-tree Volumes [Driver: vsphere] [Testpattern: Dynamic PV (ntfs)][Feature:Windows] subPath should support restarting containers using file as subpath [Slow][LinuxOnly]" classname="Kubernetes e2e suite" time="0">
          <skipped></skipped>
      </testcase>
      <testcase name="[sig-storage] In-tree Volumes [Driver: aws] [Testpattern: Dynamic PV (default fs)] volume-stress multiple pods should access different volumes repeatedly [Slow] [Serial]" classname="Kubernetes e2e suite" time="0">
          <skipped></skipped>
      </testcase>
      <testcase name="[sig-storage] CSI Volumes [Driver: pd.csi.storage.gke.io][Serial] [Testpattern: Pre-provisioned PV (ext3)] volumes should store data" classname="Kubernetes e2e suite" time="0">
          <skipped></skipped>
      </testcase>
      <testcase name="[sig-storage] In-tree Volumes [Driver: gluster] [Testpattern: Pre-provisioned PV (filesystem volmode)] volumeMode should not mount / map unused volumes in a pod [LinuxOnly]" classname="Kubernetes e2e suite" time="0">
          <skipped></skipped>
      </testcase>
      <testcase name="[sig-storage] In-tree Volumes [Driver: azure-disk] [Testpattern: Pre-provisioned PV (xfs)][Slow] volumes should store data" classname="Kubernetes e2e suite" time="0">
          <skipped></skipped>
      </testcase>
      <testcase name="[sig-storage] In-tree Volumes [Driver: cinder] [Testpattern: Dynamic PV (xfs)][Slow] volumes should allow exec of files on the volume" classname="Kubernetes e2e suite" time="0">
          <skipped></skipped>
      </testcase>
      <testcase name="[sig-storage] In-tree Volumes [Driver: local][LocalVolumeType: block] [Testpattern: Dynamic PV (block volmode)] provisioning should provision storage with pvc data source" classname="Kubernetes e2e suite" time="0">
          <skipped></skipped>
      </testcase>
      <testcase name="[sig-storage] CSI Volumes [Driver: csi-hostpath] [Testpattern: Dynamic PV (block volmode)] multiVolume [Slow] should concurrently access the volume and its clone from pods on the same node [LinuxOnly][Feature:VolumeSnapshotDataSource][Feature:VolumeSourceXFS]" classname="Kubernetes e2e suite" time="0">
          <skipped></skipped>
      </testcase>
      <testcase name="[sig-storage] In-tree Volumes [Driver: cinder] [Testpattern: Dynamic PV (ext4)] multiVolume [Slow] should concurrently access the single volume from pods on different node" classname="Kubernetes e2e suite" time="0">
          <skipped></skipped>
      </testcase>
      <testcase name="[sig-storage] CSI Volumes [Driver: pd.csi.storage.gke.io][Serial] [Testpattern: Pre-provisioned PV (default fs)] subPath should support creating multiple subpath from same volumes [Slow]" classname="Kubernetes e2e suite" time="0">
          <skipped></skipped>
      </testcase>
      <testcase name="[sig-storage] In-tree Volumes [Driver: hostPathSymlink] [Testpattern: Dynamic PV (ntfs)][Feature:Windows] subPath should support readOnly directory specified in the volumeMount" classname="Kubernetes e2e suite" time="0">
          <skipped></skipped>
      </testcase>
      <testcase name="[sig-storage] In-tree Volumes [Driver: windows-gcepd] [Testpattern: Pre-provisioned PV (default fs)] subPath should support existing directories when readOnly specified in the volumeSource" classname="Kubernetes e2e suite" time="0">
          <skipped></skipped>
      </testcase>
      <testcase name="[sig-storage] Subpath Atomic writer volumes should support subpaths with configmap pod [LinuxOnly] [Conformance]" classname="Kubernetes e2e suite" time="75.035800211"></testcase>
      <testcase name="[sig-storage] CSI Volumes [Driver: pd.csi.storage.gke.io][Serial] [Testpattern: Pre-provisioned PV (default fs)] subPath should unmount if pod is gracefully deleted while kubelet is down [Disruptive][Slow][LinuxOnly]" classname="Kubernetes e2e suite" time="0">
          <skipped></skipped>
      </testcase>
      <testcase name="[sig-storage] Projected configMap should be consumable from pods in volume with mappings and Item mode set [LinuxOnly] [NodeConformance] [Conformance]" classname="Kubernetes e2e suite" time="9.384087701"></testcase>
      <testcase name="[sig-storage] In-tree Volumes [Driver: local][LocalVolumeType: dir-link] [Testpattern: Inline-volume (default fs)] subPath should support readOnly directory specified in the volumeMount" classname="Kubernetes e2e suite" time="0">
          <skipped></skipped>
      </testcase>
      <testcase name="[sig-storage] In-tree Volumes [Driver: local][LocalVolumeType: tmpfs] [Testpattern: Dynamic PV (block volmode)(allowExpansion)] volume-expand should resize volume when PVC is edited while pod is using it" classname="Kubernetes e2e suite" time="0">
          <skipped></skipped>
      </testcase>
      <testcase name="[sig-storage] In-tree Volumes [Driver: vsphere] [Testpattern: Dynamic PV (block volmode)] volume-expand should not allow expansion of pvcs without AllowVolumeExpansion property" classname="Kubernetes e2e suite" time="0">
          <skipped></skipped>
      </testcase>
      <testcase name="[sig-storage] In-tree Volumes [Driver: local][LocalVolumeType: tmpfs] [Testpattern: Pre-provisioned PV (ext4)] volumes should store data" classname="Kubernetes e2e suite" time="0">
          <skipped></skipped>
      </testcase>
      <testcase name="[sig-storage] In-tree Volumes [Driver: rbd][Feature:Volumes][Serial] [Testpattern: Dynamic PV (delayed binding)] topology should fail to schedule a pod which has topologies that conflict with AllowedTopologies" classname="Kubernetes e2e suite" time="0">
          <skipped></skipped>
      </testcase>
      <testcase name="[sig-apps] Job should remove pods when job is deleted" classname="Kubernetes e2e suite" time="0">
          <skipped></skipped>
      </testcase>
      <testcase name="[sig-network] Netpol NetworkPolicy between server and client should enforce ingress policy allowing any port traffic to a server on a specific protocol [Feature:NetworkPolicy] [Feature:UDP]" classname="Kubernetes e2e suite" time="0">
          <skipped></skipped>
      </testcase>
      <testcase name="[sig-storage] In-tree Volumes [Driver: azure-disk] [Testpattern: Pre-provisioned PV (block volmode)] multiVolume [Slow] should concurrently access the single read-only volume from pods on the same node" classname="Kubernetes e2e suite" time="0">
          <skipped></skipped>
      </testcase>
      <testcase name="[sig-storage] In-tree Volumes [Driver: local][LocalVolumeType: block] [Testpattern: Dynamic PV (default fs)] fsgroupchangepolicy (OnRootMismatch)[LinuxOnly], pod created with an initial fsgroup, new pod fsgroup applied to volume contents" classname="Kubernetes e2e suite" time="0">
          <skipped></skipped>
      </testcase>
      <testcase name="[sig-storage] In-tree Volumes [Driver: hostPath] [Testpattern: Dynamic PV (default fs)] fsgroupchangepolicy (OnRootMismatch)[LinuxOnly], pod created with an initial fsgroup, new pod fsgroup applied to volume contents" classname="Kubernetes e2e suite" time="0">
          <skipped></skipped>
      </testcase>
      <testcase name="[sig-storage] In-tree Volumes [Driver: local][LocalVolumeType: dir] [Testpattern: Dynamic PV (default fs)(allowExpansion)] volume-expand Verify if offline PVC expansion works" classname="Kubernetes e2e suite" time="0">
          <skipped></skipped>
      </testcase>
      <testcase name="[sig-storage] In-tree Volumes [Driver: iscsi][Feature:Volumes] [Testpattern: Dynamic PV (block volmode)] multiVolume [Slow] should concurrently access the single volume from pods on the same node" classname="Kubernetes e2e suite" time="0">
          <skipped></skipped>
      </testcase>
      <testcase name="[sig-storage] In-tree Volumes [Driver: ceph][Feature:Volumes][Serial] [Testpattern: Inline-volume (default fs)] subPath should support restarting containers using directory as subpath [Slow]" classname="Kubernetes e2e suite" time="0">
          <skipped></skipped>
      </testcase>
      <testcase name="[sig-storage] In-tree Volumes [Driver: iscsi][Feature:Volumes] [Testpattern: Dynamic PV (ntfs)][Feature:Windows] provisioning should provision storage with snapshot data source [Feature:VolumeSnapshotDataSource]" classname="Kubernetes e2e suite" time="0">
          <skipped></skipped>
      </testcase>
      <testcase name="[sig-storage] In-tree Volumes [Driver: windows-gcepd] [Testpattern: Dynamic PV (ntfs)][Feature:Windows] provisioning should provision storage with pvc data source in parallel [Slow]" classname="Kubernetes e2e suite" time="0">
          <skipped></skipped>
      </testcase>
      <testcase name="[sig-storage] In-tree Volumes [Driver: rbd][Feature:Volumes][Serial] [Testpattern: Pre-provisioned PV (default fs)] subPath should verify container cannot write to subpath readonly volumes [Slow]" classname="Kubernetes e2e suite" time="0">
          <skipped></skipped>
      </testcase>
      <testcase name="[sig-storage] In-tree Volumes [Driver: iscsi][Feature:Volumes] [Testpattern: Dynamic PV (block volmode)] volumeMode should fail to use a volume in a pod with mismatched mode [Slow]" classname="Kubernetes e2e suite" time="0">
          <skipped></skipped>
      </testcase>
      <testcase name="[sig-storage] CSI Volumes [Driver: csi-hostpath] [Testpattern: Inline-volume (default fs)] volumeIO should write files of various sizes, verify size, validate content [Slow][LinuxOnly]" classname="Kubernetes e2e suite" time="0">
          <skipped></skipped>
      </testcase>
      <testcase name="[sig-storage] In-tree Volumes [Driver: local][LocalVolumeType: dir-bindmounted] [Testpattern: Dynamic PV (xfs)][Slow] multiVolume [Slow] should concurrently access the single volume from pods on different node" classname="Kubernetes e2e suite" time="0">
          <skipped></skipped>
      </testcase>
      <testcase name="[sig-storage] In-tree Volumes [Driver: rbd][Feature:Volumes][Serial] [Testpattern: Dynamic PV (xfs)][Slow] volumes should allow exec of files on the volume" classname="Kubernetes e2e suite" time="0">
          <skipped></skipped>
      </testcase>
      <testcase name="[sig-storage] In-tree Volumes [Driver: local][LocalVolumeType: gce-localssd-scsi-fs] [Serial] [Testpattern: Inline-volume (default fs)] subPath should support readOnly file specified in the volumeMount [LinuxOnly]" classname="Kubernetes e2e suite" time="0">
          <skipped></skipped>
      </testcase>
      <testcase name="[sig-storage] In-tree Volumes [Driver: aws] [Testpattern: Dynamic PV (default fs)] subPath should support non-existent path" classname="Kubernetes e2e suite" time="0">
          <skipped></skipped>
      </testcase>
      <testcase name="[sig-storage] In-tree Volumes [Driver: local][LocalVolumeType: tmpfs] [Testpattern: Pre-provisioned PV (default fs)] subPath should support restarting containers using file as subpath [Slow][LinuxOnly]" classname="Kubernetes e2e suite" time="0">
          <skipped></skipped>
      </testcase>
      <testcase name="[sig-storage] In-tree Volumes [Driver: local][LocalVolumeType: block] [Testpattern: Pre-provisioned PV (default fs)] subPath should unmount if pod is force deleted while kubelet is down [Disruptive][Slow][LinuxOnly]" classname="Kubernetes e2e suite" time="0">
          <skipped></skipped>
      </testcase>
      <testcase name="[sig-storage] In-tree Volumes [Driver: windows-gcepd] [Testpattern: Pre-provisioned PV (block volmode)] multiVolume [Slow] should concurrently access the single read-only volume from pods on the same node" classname="Kubernetes e2e suite" time="0">
          <skipped></skipped>
      </testcase>
      <testcase name="[sig-storage] CSI Volumes [Driver: csi-hostpath] [Testpattern: Pre-provisioned PV (default fs)] subPath should fail if subpath file is outside the volume [Slow][LinuxOnly]" classname="Kubernetes e2e suite" time="0">
          <skipped></skipped>
      </testcase>
      <testcase name="[sig-storage] In-tree Volumes [Driver: vsphere] [Testpattern: Pre-provisioned PV (default fs)] volumes should allow exec of files on the volume" classname="Kubernetes e2e suite" time="0">
          <skipped></skipped>
      </testcase>
      <testcase name="[sig-storage] In-tree Volumes [Driver: gluster] [Testpattern: Dynamic PV (ntfs)][Feature:Windows] subPath should support restarting containers using directory as subpath [Slow]" classname="Kubernetes e2e suite" time="0">
          <skipped></skipped>
      </testcase>
      <testcase name="[sig-storage] In-tree Volumes [Driver: iscsi][Feature:Volumes] [Testpattern: Dynamic PV (block volmode)] provisioning should provision storage with pvc data source in parallel [Slow]" classname="Kubernetes e2e suite" time="0">
          <skipped></skipped>
      </testcase>
      <testcase name="[sig-storage] In-tree Volumes [Driver: vsphere] [Testpattern: Dynamic PV (default fs)] fsgroupchangepolicy (OnRootMismatch)[LinuxOnly], pod created with an initial fsgroup, new pod fsgroup applied to volume contents" classname="Kubernetes e2e suite" time="0">
          <skipped></skipped>
      </testcase>
      <testcase name="[sig-storage] In-tree Volumes [Driver: iscsi][Feature:Volumes] [Testpattern: Pre-provisioned PV (ext4)] volumes should allow exec of files on the volume" classname="Kubernetes e2e suite" time="0">
          <skipped></skipped>
      </testcase>
      <testcase name="[sig-storage] In-tree Volumes [Driver: cinder] [Testpattern: Dynamic PV (xfs)][Slow] multiVolume [Slow] should access to two volumes with different volume mode and retain data across pod recreation on the same node" classname="Kubernetes e2e suite" time="0">
          <skipped></skipped>
      </testcase>
      <testcase name="[sig-storage] In-tree Volumes [Driver: local][LocalVolumeType: dir] [Testpattern: Dynamic PV (block volmode)] multiVolume [Slow] should concurrently access the single volume from pods on different node" classname="Kubernetes e2e suite" time="0">
          <skipped></skipped>
      </testcase>
      <testcase name="[sig-storage] In-tree Volumes [Driver: rbd][Feature:Volumes][Serial] [Testpattern: Dynamic PV (ntfs)][Feature:Windows] provisioning should provision storage with pvc data source in parallel [Slow]" classname="Kubernetes e2e suite" time="0">
          <skipped></skipped>
      </testcase>
      <testcase name="[sig-storage] In-tree Volumes [Driver: gluster] [Testpattern: Pre-provisioned PV (block volmode)] multiVolume [Slow] should access to two volumes with different volume mode and retain data across pod recreation on the same node" classname="Kubernetes e2e suite" time="0">
          <skipped></skipped>
      </testcase>
      <testcase name="[sig-storage] PersistentVolumes:vsphere [Feature:vsphere] should test that a file written to the vsphere volume mount before kubelet restart can be read after restart [Disruptive]" classname="Kubernetes e2e suite" time="0">
          <skipped></skipped>
      </testcase>
      <testcase name="[sig-storage] In-tree Volumes [Driver: cinder] [Testpattern: Inline-volume (xfs)][Slow] volumes should store data" classname="Kubernetes e2e suite" time="0">
          <skipped></skipped>
      </testcase>
      <testcase name="[sig-storage] CSI Volumes [Driver: csi-hostpath] [Testpattern: Inline-volume (default fs)] subPath should support creating multiple subpath from same volumes [Slow]" classname="Kubernetes e2e suite" time="0">
          <skipped></skipped>
      </testcase>
      <testcase name="[sig-apps] Job should not create pods when created in suspend state" classname="Kubernetes e2e suite" time="0">
          <skipped></skipped>
      </testcase>
      <testcase name="[sig-storage] In-tree Volumes [Driver: vsphere] [Testpattern: Inline-volume (ext3)] volumes should store data" classname="Kubernetes e2e suite" time="0">
          <skipped></skipped>
      </testcase>
      <testcase name="[sig-storage] In-tree Volumes [Driver: local][LocalVolumeType: block] [Testpattern: Dynamic PV (default fs)] volumes should store data" classname="Kubernetes e2e suite" time="0">
          <skipped></skipped>
      </testcase>
      <testcase name="[sig-cloud-provider-gcp] Downgrade [Feature:Downgrade] cluster downgrade should maintain a functioning cluster [Feature:ClusterDowngrade]" classname="Kubernetes e2e suite" time="0">
          <skipped></skipped>
      </testcase>
      <testcase name="[sig-storage] In-tree Volumes [Driver: iscsi][Feature:Volumes] [Testpattern: Dynamic PV (ntfs)][Feature:Windows] subPath should support readOnly directory specified in the volumeMount" classname="Kubernetes e2e suite" time="0">
          <skipped></skipped>
      </testcase>
      <testcase name="[sig-storage] In-tree Volumes [Driver: local][LocalVolumeType: block] [Testpattern: Dynamic PV (filesystem volmode)] volumeMode should not mount / map unused volumes in a pod [LinuxOnly]" classname="Kubernetes e2e suite" time="0">
          <skipped></skipped>
      </testcase>
      <testcase name="[sig-storage] In-tree Volumes [Driver: local][LocalVolumeType: blockfs] [Testpattern: Inline-volume (default fs)] subPath should support non-existent path" classname="Kubernetes e2e suite" time="0">
          <skipped></skipped>
      </testcase>
      <testcase name="[sig-storage] In-tree Volumes [Driver: local][LocalVolumeType: blockfs] [Testpattern: Dynamic PV (ntfs)(allowExpansion)][Feature:Windows] volume-expand Verify if offline PVC expansion works" classname="Kubernetes e2e suite" time="0">
          <skipped></skipped>
      </testcase>
      <testcase name="[sig-storage] In-tree Volumes [Driver: hostPath] [Testpattern: Dynamic PV (default fs)] volume-expand should not allow expansion of pvcs without AllowVolumeExpansion property" classname="Kubernetes e2e suite" time="0">
          <skipped></skipped>
      </testcase>
      <testcase name="[sig-storage] Volumes NFSv3 should be mountable for NFSv3" classname="Kubernetes e2e suite" time="0">
          <skipped></skipped>
      </testcase>
      <testcase name="[sig-storage] CSI Volumes [Driver: pd.csi.storage.gke.io][Serial] [Testpattern: Generic Ephemeral-volume (default fs) (immediate-binding)] ephemeral should create read/write inline ephemeral volume" classname="Kubernetes e2e suite" time="0">
          <skipped></skipped>
      </testcase>
      <testcase name="[sig-storage] In-tree Volumes [Driver: azure-disk] [Testpattern: Pre-provisioned PV (block volmode)] multiVolume [Slow] should access to two volumes with the same volume mode and retain data across pod recreation on the same node" classname="Kubernetes e2e suite" time="0">
          <skipped></skipped>
      </testcase>
      <testcase name="[sig-storage] In-tree Volumes [Driver: local][LocalVolumeType: gce-localssd-scsi-fs] [Serial] [Testpattern: Dynamic PV (default fs)] subPath should support readOnly file specified in the volumeMount [LinuxOnly]" classname="Kubernetes e2e suite" time="0">
          <skipped></skipped>
      </testcase>
      <testcase name="[sig-storage] In-tree Volumes [Driver: rbd][Feature:Volumes][Serial] [Testpattern: Dynamic PV (ntfs)][Feature:Windows] subPath should unmount if pod is gracefully deleted while kubelet is down [Disruptive][Slow][LinuxOnly]" classname="Kubernetes e2e suite" time="0">
          <skipped></skipped>
      </testcase>
      <testcase name="[sig-storage] In-tree Volumes [Driver: cinder] [Testpattern: Dynamic PV (ext4)] multiVolume [Slow] should concurrently access the volume and restored snapshot from pods on the same node [LinuxOnly][Feature:VolumeSnapshotDataSource][Feature:VolumeSourceXFS]" classname="Kubernetes e2e suite" time="0">
          <skipped></skipped>
      </testcase>
      <testcase name="[sig-node] PodTemplates should run the lifecycle of PodTemplates [Conformance]" classname="Kubernetes e2e suite" time="0.861617864"></testcase>
      <testcase name="[sig-auth] ServiceAccount admission controller migration [Feature:BoundServiceAccountTokenVolume] master upgrade should maintain a functioning cluster" classname="Kubernetes e2e suite" time="0">
          <skipped></skipped>
      </testcase>
      <testcase name="[sig-storage] In-tree Volumes [Driver: local][LocalVolumeType: blockfs] [Testpattern: Pre-provisioned PV (block volmode)] multiVolume [Slow] should concurrently access the single read-only volume from pods on the same node" classname="Kubernetes e2e suite" time="0">
          <skipped></skipped>
      </testcase>
      <testcase name="[sig-storage] CSI Volumes [Driver: pd.csi.storage.gke.io][Serial] [Testpattern: Dynamic PV (default fs)] provisioning should provision storage with snapshot data source [Feature:VolumeSnapshotDataSource]" classname="Kubernetes e2e suite" time="0">
          <skipped></skipped>
      </testcase>
      <testcase name="[sig-storage] In-tree Volumes [Driver: local][LocalVolumeType: dir-link] [Testpattern: Pre-provisioned PV (default fs)] subPath should support file as subpath [LinuxOnly]" classname="Kubernetes e2e suite" time="0">
          <skipped></skipped>
      </testcase>
      <testcase name="[sig-storage] In-tree Volumes [Driver: ceph][Feature:Volumes][Serial] [Testpattern: Pre-provisioned PV (default fs)] subPath should support creating multiple subpath from same volumes [Slow]" classname="Kubernetes e2e suite" time="0">
          <skipped></skipped>
      </testcase>
      <testcase name="[sig-storage] In-tree Volumes [Driver: ceph][Feature:Volumes][Serial] [Testpattern: Pre-provisioned PV (filesystem volmode)] multiVolume [Slow] should access to two volumes with different volume mode and retain data across pod recreation on different node" classname="Kubernetes e2e suite" time="0">
          <skipped></skipped>
      </testcase>
      <testcase name="[sig-storage] In-tree Volumes [Driver: aws] [Testpattern: Dynamic PV (default fs)] fsgroupchangepolicy (OnRootMismatch)[LinuxOnly], pod created with an initial fsgroup, new pod fsgroup applied to volume contents" classname="Kubernetes e2e suite" time="0">
          <skipped></skipped>
      </testcase>
      <testcase name="[sig-storage] In-tree Volumes [Driver: local][LocalVolumeType: dir-link] [Testpattern: Inline-volume (default fs)] subPath should support restarting containers using file as subpath [Slow][LinuxOnly]" classname="Kubernetes e2e suite" time="0">
          <skipped></skipped>
      </testcase>
      <testcase name="[sig-cli] Kubectl client Kubectl label should update the label on a resource  [Conformance]" classname="Kubernetes e2e suite" time="18.577629231"></testcase>
      <testcase name="[sig-storage] In-tree Volumes [Driver: nfs] [Testpattern: Pre-provisioned PV (default fs)] subPath should support readOnly file specified in the volumeMount [LinuxOnly]" classname="Kubernetes e2e suite" time="0">
          <skipped></skipped>
      </testcase>
      <testcase name="[sig-storage] CSI Volumes [Driver: pd.csi.storage.gke.io][Serial] [Testpattern: Pre-provisioned PV (block volmode)] disruptive[Disruptive][LinuxOnly] Should test that pv written before kubelet restart is readable after restart." classname="Kubernetes e2e suite" time="0">
          <skipped></skipped>
      </testcase>
      <testcase name="[sig-network] Networking Granular Checks: Pods should function for intra-pod communication: http [NodeConformance] [Conformance]" classname="Kubernetes e2e suite" time="214.760074432"></testcase>
      <testcase name="[sig-storage] In-tree Volumes [Driver: local][LocalVolumeType: dir] [Testpattern: Inline-volume (default fs)] subPath should fail if subpath file is outside the volume [Slow][LinuxOnly]" classname="Kubernetes e2e suite" time="0">
          <skipped></skipped>
      </testcase>
      <testcase name="[sig-storage] In-tree Volumes [Driver: azure-disk] [Testpattern: Dynamic PV (xfs)][Slow] multiVolume [Slow] should concurrently access the volume and restored snapshot from pods on the same node [LinuxOnly][Feature:VolumeSnapshotDataSource][Feature:VolumeSourceXFS]" classname="Kubernetes e2e suite" time="0">
          <skipped></skipped>
      </testcase>
      <testcase name="[sig-network] Services should be able to switch session affinity for service with type clusterIP [LinuxOnly] [Conformance]" classname="Kubernetes e2e suite" time="39.663595848"></testcase>
      <testcase name="[sig-storage] In-tree Volumes [Driver: hostPath] [Testpattern: Dynamic PV (block volmode)(allowExpansion)] volume-expand should resize volume when PVC is edited while pod is using it" classname="Kubernetes e2e suite" time="0">
          <skipped></skipped>
      </testcase>
      <testcase name="[sig-storage] In-tree Volumes [Driver: cinder] [Testpattern: Dynamic PV (default fs)] fsgroupchangepolicy (Always)[LinuxOnly], pod created with an initial fsgroup, new pod fsgroup applied to volume contents" classname="Kubernetes e2e suite" time="0">
          <skipped></skipped>
      </testcase>
      <testcase name="[sig-storage] In-tree Volumes [Driver: cinder] [Testpattern: Dynamic PV (filesystem volmode)] volumeMode should fail to use a volume in a pod with mismatched mode [Slow]" classname="Kubernetes e2e suite" time="0">
          <skipped></skipped>
      </testcase>
      <testcase name="[sig-storage] EmptyDir volumes should support (non-root,0666,tmpfs) [LinuxOnly] [NodeConformance] [Conformance]" classname="Kubernetes e2e suite" time="8.397068153"></testcase>
      <testcase name="[sig-storage] PersistentVolumes-local  [Volume type: block] Set fsGroup for local volume should set different fsGroup for second pod if first pod is deleted" classname="Kubernetes e2e suite" time="0">
          <skipped></skipped>
      </testcase>
      <testcase name="[sig-storage] In-tree Volumes [Driver: cinder] [Testpattern: Dynamic PV (default fs)] subPath should fail if subpath file is outside the volume [Slow][LinuxOnly]" classname="Kubernetes e2e suite" time="0">
          <skipped></skipped>
      </testcase>
      <testcase name="[sig-storage] In-tree Volumes [Driver: local][LocalVolumeType: dir-link-bindmounted] [Testpattern: Dynamic PV (ext4)] multiVolume [Slow] should access to two volumes with the same volume mode and retain data across pod recreation on the same node" classname="Kubernetes e2e suite" time="0">
          <skipped></skipped>
      </testcase>
      <testcase name="[sig-storage] In-tree Volumes [Driver: cinder] [Testpattern: Dynamic PV (default fs)] subPath should support restarting containers using file as subpath [Slow][LinuxOnly]" classname="Kubernetes e2e suite" time="0">
          <skipped></skipped>
      </testcase>
      <testcase name="[sig-node] Container Runtime blackbox test on terminated container should report termination message [LinuxOnly] if TerminationMessagePath is set [NodeConformance]" classname="Kubernetes e2e suite" time="0">
          <skipped></skipped>
      </testcase>
      <testcase name="[sig-network] NetworkPolicyLegacy [LinuxOnly] NetworkPolicy between server and client should enforce policy to allow traffic only from a pod in a different namespace based on PodSelector and NamespaceSelector [Feature:NetworkPolicy]" classname="Kubernetes e2e suite" time="0">
          <skipped></skipped>
      </testcase>
      <testcase name="[sig-storage] In-tree Volumes [Driver: local][LocalVolumeType: tmpfs] [Testpattern: Pre-provisioned PV (filesystem volmode)] volumeMode should fail to use a volume in a pod with mismatched mode [Slow]" classname="Kubernetes e2e suite" time="0">
          <skipped></skipped>
      </testcase>
      <testcase name="[sig-storage] In-tree Volumes [Driver: local][LocalVolumeType: block] [Testpattern: Pre-provisioned PV (filesystem volmode)] multiVolume [Slow] should access to two volumes with different volume mode and retain data across pod recreation on the same node" classname="Kubernetes e2e suite" time="0">
          <skipped></skipped>
      </testcase>
      <testcase name="[sig-storage] Downward API volume should provide node allocatable (cpu) as default cpu limit if the limit is not set [NodeConformance] [Conformance]" classname="Kubernetes e2e suite" time="6.366665445"></testcase>
      <testcase name="[sig-storage] PersistentVolumes-local  [Volume type: dir] One pod requesting one prebound PVC should be able to mount volume and write from pod1" classname="Kubernetes e2e suite" time="0">
          <skipped></skipped>
      </testcase>
      <testcase name="[sig-storage] Storage Policy Based Volume Provisioning [Feature:vsphere] verify if a non-existing SPBM policy is not honored for dynamically provisioned pvc using storageclass" classname="Kubernetes e2e suite" time="0">
          <skipped></skipped>
      </testcase>
      <testcase name="[sig-storage] In-tree Volumes [Driver: local][LocalVolumeType: dir-bindmounted] [Testpattern: Pre-provisioned PV (filesystem volmode)] multiVolume [Slow] should access to two volumes with different volume mode and retain data across pod recreation on different node" classname="Kubernetes e2e suite" time="0">
          <skipped></skipped>
      </testcase>
      <testcase name="[sig-storage] In-tree Volumes [Driver: gcepd] [Testpattern: Dynamic PV (default fs)] fsgroupchangepolicy (OnRootMismatch)[LinuxOnly], pod created with an initial fsgroup, volume contents ownership changed in first pod, new pod with same fsgroup skips ownership changes to the volume contents" classname="Kubernetes e2e suite" time="0">
          <skipped></skipped>
      </testcase>
      <testcase name="[sig-storage] In-tree Volumes [Driver: hostPath] [Testpattern: Inline-volume (default fs)] volumes should allow exec of files on the volume" classname="Kubernetes e2e suite" time="0">
          <skipped></skipped>
      </testcase>
      <testcase name="[sig-storage] CSI Volumes [Driver: csi-hostpath] [Testpattern: Dynamic PV (ext4)] multiVolume [Slow] should access to two volumes with the same volume mode and retain data across pod recreation on the same node" classname="Kubernetes e2e suite" time="0">
          <skipped></skipped>
      </testcase>
      <testcase name="[sig-storage] CSI Volumes [Driver: pd.csi.storage.gke.io][Serial] [Testpattern: Inline-volume (default fs)] subPath should support existing directory" classname="Kubernetes e2e suite" time="0">
          <skipped></skipped>
      </testcase>
      <testcase name="[sig-storage] PersistentVolumes-local  [Volume type: blockfswithformat] Two pods mounting a local volume at the same time should be able to write from pod1 and read from pod2" classname="Kubernetes e2e suite" time="0">
          <skipped></skipped>
      </testcase>
      <testcase name="[sig-storage] In-tree Volumes [Driver: hostPath] [Testpattern: Dynamic PV (ext4)] multiVolume [Slow] should access to two volumes with the same volume mode and retain data across pod recreation on different node" classname="Kubernetes e2e suite" time="0">
          <skipped></skipped>
      </testcase>
      <testcase name="[sig-storage] In-tree Volumes [Driver: nfs] [Testpattern: Inline-volume (xfs)][Slow] volumes should store data" classname="Kubernetes e2e suite" time="0">
          <skipped></skipped>
      </testcase>
      <testcase name="[sig-storage] CSI Volumes [Driver: pd.csi.storage.gke.io][Serial] [Testpattern: Pre-provisioned PV (filesystem volmode)] multiVolume [Slow] should access to two volumes with different volume mode and retain data across pod recreation on different node" classname="Kubernetes e2e suite" time="0">
          <skipped></skipped>
      </testcase>
      <testcase name="[sig-storage] In-tree Volumes [Driver: hostPathSymlink] [Testpattern: Dynamic PV (default fs)] subPath should support readOnly directory specified in the volumeMount" classname="Kubernetes e2e suite" time="0">
          <skipped></skipped>
      </testcase>
      <testcase name="[sig-storage] In-tree Volumes [Driver: vsphere] [Testpattern: Inline-volume (xfs)][Slow] volumes should allow exec of files on the volume" classname="Kubernetes e2e suite" time="0">
          <skipped></skipped>
      </testcase>
      <testcase name="[sig-storage] In-tree Volumes [Driver: local][LocalVolumeType: blockfs] [Testpattern: Dynamic PV (block volmode)] disruptive[Disruptive][LinuxOnly] Should test that pv used in a pod that is force deleted while the kubelet is down cleans up when the kubelet returns." classname="Kubernetes e2e suite" time="0">
          <skipped></skipped>
      </testcase>
      <testcase name="[sig-storage] ConfigMap should be consumable in multiple volumes in the same pod [NodeConformance] [Conformance]" classname="Kubernetes e2e suite" time="6.633892126"></testcase>
      <testcase name="[sig-storage] In-tree Volumes [Driver: local][LocalVolumeType: dir-bindmounted] [Testpattern: Dynamic PV (default fs)] provisioning should provision storage with snapshot data source [Feature:VolumeSnapshotDataSource]" classname="Kubernetes e2e suite" time="0">
          <skipped></skipped>
      </testcase>
      <testcase name="[sig-storage] In-tree Volumes [Driver: gcepd] [Testpattern: Pre-provisioned PV (default fs)] subPath should support restarting containers using directory as subpath [Slow]" classname="Kubernetes e2e suite" time="0">
          <skipped></skipped>
      </testcase>
      <testcase name="[sig-storage] In-tree Volumes [Driver: hostPathSymlink] [Testpattern: Dynamic PV (default fs)] subPath should support existing directories when readOnly specified in the volumeSource" classname="Kubernetes e2e suite" time="0">
          <skipped></skipped>
      </testcase>
      <testcase name="[sig-storage] In-tree Volumes [Driver: azure-disk] [Testpattern: Pre-provisioned PV (block volmode)] volumeMode should fail to use a volume in a pod with mismatched mode [Slow]" classname="Kubernetes e2e suite" time="0">
          <skipped></skipped>
      </testcase>
      <testcase name="[sig-api-machinery] ResourceQuota should create a ResourceQuota and ensure its status is promptly calculated. [Conformance]" classname="Kubernetes e2e suite" time="7.204747639"></testcase>
      <testcase name="[sig-storage] In-tree Volumes [Driver: hostPathSymlink] [Testpattern: Pre-provisioned PV (block volmode)] multiVolume [Slow] should concurrently access the volume and restored snapshot from pods on the same node [LinuxOnly][Feature:VolumeSnapshotDataSource][Feature:VolumeSourceXFS]" classname="Kubernetes e2e suite" time="0">
          <skipped></skipped>
      </testcase>
      <testcase name="[sig-cli] Kubectl client Simple pod should return command exit codes [Slow] running a failing command with --leave-stdin-open" classname="Kubernetes e2e suite" time="0">
          <skipped></skipped>
      </testcase>
      <testcase name="[sig-storage] In-tree Volumes [Driver: local][LocalVolumeType: dir-link-bindmounted] [Testpattern: Dynamic PV (ext4)] volumes should store data" classname="Kubernetes e2e suite" time="0">
          <skipped></skipped>
      </testcase>
      <testcase name="[sig-storage] In-tree Volumes [Driver: gcepd] [Testpattern: Dynamic PV (default fs)] subPath should support file as subpath [LinuxOnly]" classname="Kubernetes e2e suite" time="0">
          <skipped></skipped>
      </testcase>
      <testcase name="[sig-network] Services should serve a basic endpoint from pods  [Conformance]" classname="Kubernetes e2e suite" time="36.154097372"></testcase>
      <testcase name="[sig-storage] In-tree Volumes [Driver: gluster] [Testpattern: Dynamic PV (ext4)] multiVolume [Slow] should concurrently access the volume and restored snapshot from pods on the same node [LinuxOnly][Feature:VolumeSnapshotDataSource][Feature:VolumeSourceXFS]" classname="Kubernetes e2e suite" time="0">
          <skipped></skipped>
      </testcase>
      <testcase name="[sig-storage] In-tree Volumes [Driver: local][LocalVolumeType: gce-localssd-scsi-fs] [Serial] [Testpattern: Dynamic PV (block volmode)(allowExpansion)] volume-expand Verify if offline PVC expansion works" classname="Kubernetes e2e suite" time="0">
          <skipped></skipped>
      </testcase>
      <testcase name="[sig-storage] In-tree Volumes [Driver: hostPath] [Testpattern: Dynamic PV (default fs)] subPath should support file as subpath [LinuxOnly]" classname="Kubernetes e2e suite" time="0">
          <skipped></skipped>
      </testcase>
      <testcase name="[sig-storage] In-tree Volumes [Driver: local][LocalVolumeType: tmpfs] [Testpattern: Dynamic PV (default fs)] subPath should support readOnly file specified in the volumeMount [LinuxOnly]" classname="Kubernetes e2e suite" time="0">
          <skipped></skipped>
      </testcase>
      <testcase name="[sig-cloud-provider-gcp] Ports Security Check [Feature:KubeletSecurity] should not be able to proxy to the readonly kubelet port 10255 using proxy subresource" classname="Kubernetes e2e suite" time="0">
          <skipped></skipped>
      </testcase>
      <testcase name="[sig-storage] In-tree Volumes [Driver: local][LocalVolumeType: tmpfs] [Testpattern: Inline-volume (default fs)] subPath should fail if non-existent subpath is outside the volume [Slow][LinuxOnly]" classname="Kubernetes e2e suite" time="0">
          <skipped></skipped>
      </testcase>
      <testcase name="[sig-storage] CSI Volumes [Driver: csi-hostpath] [Testpattern: Pre-provisioned PV (block volmode)] multiVolume [Slow] should concurrently access the single volume from pods on the same node" classname="Kubernetes e2e suite" time="0">
          <skipped></skipped>
      </testcase>
      <testcase name="[sig-storage] In-tree Volumes [Driver: emptydir] [Testpattern: Pre-provisioned PV (default fs)] subPath should support existing single file [LinuxOnly]" classname="Kubernetes e2e suite" time="0">
          <skipped></skipped>
      </testcase>
      <testcase name="[sig-storage] In-tree Volumes [Driver: local][LocalVolumeType: block] [Testpattern: Pre-provisioned PV (block volmode)] multiVolume [Slow] should concurrently access the volume and restored snapshot from pods on the same node [LinuxOnly][Feature:VolumeSnapshotDataSource][Feature:VolumeSourceXFS]" classname="Kubernetes e2e suite" time="0">
          <skipped></skipped>
      </testcase>
      <testcase name="[sig-storage] In-tree Volumes [Driver: local][LocalVolumeType: dir-bindmounted] [Testpattern: Dynamic PV (default fs)] fsgroupchangepolicy (OnRootMismatch)[LinuxOnly], pod created with an initial fsgroup, new pod fsgroup applied to volume contents" classname="Kubernetes e2e suite" time="0">
          <skipped></skipped>
      </testcase>
      <testcase name="[sig-node] Kubelet when scheduling a busybox command that always fails in a pod should be possible to delete [NodeConformance] [Conformance]" classname="Kubernetes e2e suite" time="0.2536173"></testcase>
      <testcase name="[sig-storage] In-tree Volumes [Driver: windows-gcepd] [Testpattern: Pre-provisioned PV (filesystem volmode)] multiVolume [Slow] should access to two volumes with the same volume mode and retain data across pod recreation on the same node" classname="Kubernetes e2e suite" time="0">
          <skipped></skipped>
      </testcase>
      <testcase name="[sig-storage] CSI Volumes [Driver: pd.csi.storage.gke.io][Serial] [Testpattern: Dynamic PV (ntfs)(allowExpansion)][Feature:Windows] volume-expand Verify if offline PVC expansion works" classname="Kubernetes e2e suite" time="0">
          <skipped></skipped>
      </testcase>
      <testcase name="[sig-storage] In-tree Volumes [Driver: hostPathSymlink] [Testpattern: Dynamic PV (ntfs)][Feature:Windows] provisioning should provision storage with pvc data source" classname="Kubernetes e2e suite" time="0">
          <skipped></skipped>
      </testcase>
      <testcase name="[sig-storage] ConfigMap should be consumable from pods in volume with mappings [NodeConformance] [Conformance]" classname="Kubernetes e2e suite" time="12.983104464"></testcase>
      <testcase name="[sig-auth] [Feature:NodeAuthorizer] Getting an existing configmap should exit with the Forbidden error" classname="Kubernetes e2e suite" time="0">
          <skipped></skipped>
      </testcase>
      <testcase name="[sig-storage] In-tree Volumes [Driver: rbd][Feature:Volumes][Serial] [Testpattern: Dynamic PV (filesystem volmode)] multiVolume [Slow] should access to two volumes with different volume mode and retain data across pod recreation on the same node" classname="Kubernetes e2e suite" time="0">
          <skipped></skipped>
      </testcase>
      <testcase name="[sig-storage] In-tree Volumes [Driver: hostPathSymlink] [Testpattern: Dynamic PV (ext4)] multiVolume [Slow] should access to two volumes with the same volume mode and retain data across pod recreation on different node" classname="Kubernetes e2e suite" time="0">
          <skipped></skipped>
      </testcase>
      <testcase name="[sig-storage] In-tree Volumes [Driver: local][LocalVolumeType: dir-link-bindmounted] [Testpattern: Dynamic PV (default fs)] fsgroupchangepolicy (OnRootMismatch)[LinuxOnly], pod created with an initial fsgroup, volume contents ownership changed in first pod, new pod with different fsgroup applied to the volume contents" classname="Kubernetes e2e suite" time="0">
          <skipped></skipped>
      </testcase>
      <testcase name="[sig-autoscaling] Cluster size autoscaling [Slow] shouldn&#39;t scale down when non expendable pod is running [Feature:ClusterSizeAutoscalingScaleDown]" classname="Kubernetes e2e suite" time="0">
          <skipped></skipped>
      </testcase>
      <testcase name="[sig-storage] In-tree Volumes [Driver: aws] [Testpattern: Dynamic PV (xfs)][Slow] multiVolume [Slow] should concurrently access the volume and its clone from pods on the same node [LinuxOnly][Feature:VolumeSnapshotDataSource][Feature:VolumeSourceXFS]" classname="Kubernetes e2e suite" time="0">
          <skipped></skipped>
      </testcase>
      <testcase name="[sig-storage] In-tree Volumes [Driver: local][LocalVolumeType: blockfs] [Testpattern: Dynamic PV (ext4)] multiVolume [Slow] should access to two volumes with different volume mode and retain data across pod recreation on different node" classname="Kubernetes e2e suite" time="0">
          <skipped></skipped>
      </testcase>
      <testcase name="[sig-storage] In-tree Volumes [Driver: local][LocalVolumeType: dir-link-bindmounted] [Testpattern: Dynamic PV (block volmode)] volumeMode should not mount / map unused volumes in a pod [LinuxOnly]" classname="Kubernetes e2e suite" time="0">
          <skipped></skipped>
      </testcase>
      <testcase name="[sig-storage] CSI Volumes [Driver: pd.csi.storage.gke.io][Serial] [Testpattern: Dynamic Snapshot (delete policy)] snapshottable-stress[Feature:VolumeSnapshotDataSource] should support snapshotting of many volumes repeatedly [Slow] [Serial]" classname="Kubernetes e2e suite" time="0">
          <skipped></skipped>
      </testcase>
      <testcase name="[sig-storage] In-tree Volumes [Driver: local][LocalVolumeType: dir-bindmounted] [Testpattern: Dynamic PV (default fs)(allowExpansion)] volume-expand Verify if offline PVC expansion works" classname="Kubernetes e2e suite" time="0">
          <skipped></skipped>
      </testcase>
      <testcase name="[sig-storage] In-tree Volumes [Driver: local][LocalVolumeType: block] [Testpattern: Dynamic PV (default fs)] subPath should support readOnly file specified in the volumeMount [LinuxOnly]" classname="Kubernetes e2e suite" time="0">
          <skipped></skipped>
      </testcase>
      <testcase name="[sig-windows] [Feature:Windows] SecurityContext should override SecurityContext username if set" classname="Kubernetes e2e suite" time="0">
          <skipped></skipped>
      </testcase>
      <testcase name="[sig-network] Netpol NetworkPolicy between server and client should enforce policy based on PodSelector and NamespaceSelector [Feature:NetworkPolicy]" classname="Kubernetes e2e suite" time="0">
          <skipped></skipped>
      </testcase>
      <testcase name="[sig-storage] In-tree Volumes [Driver: iscsi][Feature:Volumes] [Testpattern: Dynamic PV (ext3)] volumes should allow exec of files on the volume" classname="Kubernetes e2e suite" time="0">
          <skipped></skipped>
      </testcase>
      <testcase name="[sig-storage] In-tree Volumes [Driver: local][LocalVolumeType: gce-localssd-scsi-fs] [Serial] [Testpattern: Pre-provisioned PV (ext4)] volumes should store data" classname="Kubernetes e2e suite" time="0">
          <skipped></skipped>
      </testcase>
      <testcase name="[sig-storage] CSI Volumes [Driver: pd.csi.storage.gke.io][Serial] [Testpattern: Inline-volume (default fs)] subPath should support readOnly directory specified in the volumeMount" classname="Kubernetes e2e suite" time="0">
          <skipped></skipped>
      </testcase>
      <testcase name="[sig-storage] In-tree Volumes [Driver: gcepd] [Testpattern: Pre-provisioned PV (default fs)] volumes should allow exec of files on the volume" classname="Kubernetes e2e suite" time="0">
          <skipped></skipped>
      </testcase>
      <testcase name="[sig-storage] In-tree Volumes [Driver: local][LocalVolumeType: gce-localssd-scsi-fs] [Serial] [Testpattern: Pre-provisioned PV (filesystem volmode)] multiVolume [Slow] should access to two volumes with different volume mode and retain data across pod recreation on different node" classname="Kubernetes e2e suite" time="0">
          <skipped></skipped>
      </testcase>
      <testcase name="[sig-storage] CSI Volumes [Driver: pd.csi.storage.gke.io][Serial] [Testpattern: Dynamic PV (ntfs)][Feature:Windows] subPath should support restarting containers using file as subpath [Slow][LinuxOnly]" classname="Kubernetes e2e suite" time="0">
          <skipped></skipped>
      </testcase>
      <testcase name="[sig-storage] In-tree Volumes [Driver: windows-gcepd] [Testpattern: Pre-provisioned PV (filesystem volmode)] multiVolume [Slow] should concurrently access the single read-only volume from pods on the same node" classname="Kubernetes e2e suite" time="0">
          <skipped></skipped>
      </testcase>
      <testcase name="[sig-storage] In-tree Volumes [Driver: vsphere] [Testpattern: Dynamic PV (block volmode)] provisioning should provision storage with pvc data source in parallel [Slow]" classname="Kubernetes e2e suite" time="0">
          <skipped></skipped>
      </testcase>
      <testcase name="[sig-storage] In-tree Volumes [Driver: emptydir] [Testpattern: Dynamic PV (block volmode)] multiVolume [Slow] should concurrently access the single volume from pods on different node" classname="Kubernetes e2e suite" time="0">
          <skipped></skipped>
      </testcase>
      <testcase name="[sig-storage] In-tree Volumes [Driver: rbd][Feature:Volumes][Serial] [Testpattern: Inline-volume (default fs)] subPath should support existing directory" classname="Kubernetes e2e suite" time="0">
          <skipped></skipped>
      </testcase>
      <testcase name="[sig-storage] In-tree Volumes [Driver: local][LocalVolumeType: block] [Testpattern: Dynamic PV (filesystem volmode)] multiVolume [Slow] should access to two volumes with the same volume mode and retain data across pod recreation on the same node" classname="Kubernetes e2e suite" time="0">
          <skipped></skipped>
      </testcase>
      <testcase name="[sig-storage] CSI Volumes [Driver: csi-hostpath] [Testpattern: Dynamic PV (block volmode)] multiVolume [Slow] should concurrently access the single volume from pods on different node" classname="Kubernetes e2e suite" time="0">
          <skipped></skipped>
      </testcase>
      <testcase name="[sig-storage] In-tree Volumes [Driver: hostPath] [Testpattern: Dynamic PV (default fs)] subPath should support existing directories when readOnly specified in the volumeSource" classname="Kubernetes e2e suite" time="0">
          <skipped></skipped>
      </testcase>
      <testcase name="[sig-storage] CSI Volumes [Driver: pd.csi.storage.gke.io][Serial] [Testpattern: Inline-volume (ext4)] volumes should store data" classname="Kubernetes e2e suite" time="0">
          <skipped></skipped>
      </testcase>
      <testcase name="[sig-storage] In-tree Volumes [Driver: local][LocalVolumeType: gce-localssd-scsi-fs] [Serial] [Testpattern: Dynamic PV (block volmode)] volumeMode should fail in binding dynamic provisioned PV to PVC [Slow][LinuxOnly]" classname="Kubernetes e2e suite" time="0">
          <skipped></skipped>
      </testcase>
      <testcase name="[sig-storage] In-tree Volumes [Driver: local][LocalVolumeType: block] [Testpattern: Inline-volume (ext4)] volumes should store data" classname="Kubernetes e2e suite" time="0">
          <skipped></skipped>
      </testcase>
      <testcase name="[sig-storage] In-tree Volumes [Driver: gcepd] [Testpattern: Pre-provisioned PV (block volmode)] multiVolume [Slow] should access to two volumes with the same volume mode and retain data across pod recreation on the same node" classname="Kubernetes e2e suite" time="0">
          <skipped></skipped>
      </testcase>
      <testcase name="[sig-storage] PersistentVolumes-local  [Volume type: dir-link] Two pods mounting a local volume at the same time should be able to write from pod1 and read from pod2" classname="Kubernetes e2e suite" time="0">
          <skipped></skipped>
      </testcase>
      <testcase name="[sig-storage] In-tree Volumes [Driver: windows-gcepd] [Testpattern: Dynamic PV (block volmode)] multiVolume [Slow] should concurrently access the single read-only volume from pods on the same node" classname="Kubernetes e2e suite" time="0">
          <skipped></skipped>
      </testcase>
      <testcase name="[sig-storage] In-tree Volumes [Driver: iscsi][Feature:Volumes] [Testpattern: Dynamic PV (ext4)] multiVolume [Slow] should concurrently access the single volume from pods on the same node" classname="Kubernetes e2e suite" time="0">
          <skipped></skipped>
      </testcase>
      <testcase name="[sig-storage] ConfigMap should be immutable if `immutable` field is set [Conformance]" classname="Kubernetes e2e suite" time="1.124803827"></testcase>
      <testcase name="[sig-storage] In-tree Volumes [Driver: nfs] [Testpattern: Pre-provisioned PV (default fs)] volumeIO should write files of various sizes, verify size, validate content [Slow][LinuxOnly]" classname="Kubernetes e2e suite" time="0">
          <skipped></skipped>
      </testcase>
      <testcase name="[sig-storage] In-tree Volumes [Driver: local][LocalVolumeType: dir-bindmounted] [Testpattern: Pre-provisioned PV (ext3)] volumes should allow exec of files on the volume" classname="Kubernetes e2e suite" time="0">
          <skipped></skipped>
      </testcase>
      <testcase name="[sig-storage] In-tree Volumes [Driver: local][LocalVolumeType: block] [Testpattern: Inline-volume (default fs)] subPath should support existing single file [LinuxOnly]" classname="Kubernetes e2e suite" time="0">
          <skipped></skipped>
      </testcase>
      <testcase name="[sig-instrumentation] Stackdriver Monitoring should run Custom Metrics - Stackdriver Adapter for new resource model [Feature:StackdriverCustomMetrics]" classname="Kubernetes e2e suite" time="0">
          <skipped></skipped>
      </testcase>
      <testcase name="[sig-storage] In-tree Volumes [Driver: aws] [Testpattern: Dynamic PV (block volmode)] multiVolume [Slow] should concurrently access the single volume from pods on different node" classname="Kubernetes e2e suite" time="0">
          <skipped></skipped>
      </testcase>
      <testcase name="[sig-storage] In-tree Volumes [Driver: cinder] [Testpattern: Inline-volume (xfs)][Slow] volumes should allow exec of files on the volume" classname="Kubernetes e2e suite" time="0">
          <skipped></skipped>
      </testcase>
      <testcase name="[sig-network] NetworkPolicyLegacy [LinuxOnly] NetworkPolicy between server and client should enforce policies to check ingress and egress policies can be controlled independently based on PodSelector [Feature:NetworkPolicy]" classname="Kubernetes e2e suite" time="0">
          <skipped></skipped>
      </testcase>
      <testcase name="[sig-storage] In-tree Volumes [Driver: gluster] [Testpattern: Pre-provisioned PV (ext4)] volumes should allow exec of files on the volume" classname="Kubernetes e2e suite" time="0">
          <skipped></skipped>
      </testcase>
      <testcase name="[sig-storage] In-tree Volumes [Driver: local][LocalVolumeType: blockfs] [Testpattern: Inline-volume (default fs)] subPath should fail if subpath with backstepping is outside the volume [Slow][LinuxOnly]" classname="Kubernetes e2e suite" time="0">
          <skipped></skipped>
      </testcase>
      <testcase name="[sig-storage] In-tree Volumes [Driver: cinder] [Testpattern: Inline-volume (default fs)] subPath should support file as subpath [LinuxOnly]" classname="Kubernetes e2e suite" time="0">
          <skipped></skipped>
      </testcase>
      <testcase name="[sig-storage] In-tree Volumes [Driver: local][LocalVolumeType: dir-link] [Testpattern: Dynamic PV (ntfs)][Feature:Windows] subPath should support non-existent path" classname="Kubernetes e2e suite" time="0">
          <skipped></skipped>
      </testcase>
      <testcase name="[sig-node] Pods should contain environment variables for services [NodeConformance] [Conformance]" classname="Kubernetes e2e suite" time="18.801131537"></testcase>
      <testcase name="[sig-storage] CSI Volumes [Driver: pd.csi.storage.gke.io][Serial] [Testpattern: Dynamic Snapshot (delete policy)] snapshottable[Feature:VolumeSnapshotDataSource] volume snapshot controller  should check snapshot fields, check restore correctly works after modifying source data, check deletion" classname="Kubernetes e2e suite" time="0">
          <skipped></skipped>
      </testcase>
      <testcase name="[sig-storage] In-tree Volumes [Driver: local][LocalVolumeType: dir-link-bindmounted] [Testpattern: Pre-provisioned PV (default fs)] subPath should support existing directory" classname="Kubernetes e2e suite" time="0">
          <skipped></skipped>
      </testcase>
      <testcase name="[sig-cloud-provider-gcp] Reboot [Disruptive] [Feature:Reboot] each node by dropping all outbound packets for a while and ensure they function afterwards" classname="Kubernetes e2e suite" time="0">
          <skipped></skipped>
      </testcase>
      <testcase name="[sig-storage] PersistentVolumes-local  [Volume type: gce-localssd-scsi-fs] [Serial] Set fsGroup for local volume should set same fsGroup for two pods simultaneously [Slow]" classname="Kubernetes e2e suite" time="0">
          <skipped></skipped>
      </testcase>
      <testcase name="[sig-storage] In-tree Volumes [Driver: azure-disk] [Testpattern: Inline-volume (default fs)] subPath should support non-existent path" classname="Kubernetes e2e suite" time="0">
          <skipped></skipped>
      </testcase>
      <testcase name="[sig-storage] In-tree Volumes [Driver: emptydir] [Testpattern: Inline-volume (default fs)] subPath should support readOnly directory specified in the volumeMount" classname="Kubernetes e2e suite" time="0">
          <skipped></skipped>
      </testcase>
      <testcase name="[sig-network] HostPort validates that there is no conflict between pods with same hostPort but different hostIP and protocol [LinuxOnly] [Conformance]" classname="Kubernetes e2e suite" time="37.65778637"></testcase>
      <testcase name="[sig-storage] In-tree Volumes [Driver: local][LocalVolumeType: tmpfs] [Testpattern: Pre-provisioned PV (default fs)] subPath should fail if subpath file is outside the volume [Slow][LinuxOnly]" classname="Kubernetes e2e suite" time="0">
          <skipped></skipped>
      </testcase>
      <testcase name="[sig-storage] In-tree Volumes [Driver: local][LocalVolumeType: gce-localssd-scsi-fs] [Serial] [Testpattern: Inline-volume (xfs)][Slow] volumes should store data" classname="Kubernetes e2e suite" time="0">
          <skipped></skipped>
      </testcase>
      <testcase name="[sig-storage] In-tree Volumes [Driver: local][LocalVolumeType: dir-link-bindmounted] [Testpattern: Pre-provisioned PV (filesystem volmode)] multiVolume [Slow] should concurrently access the volume and restored snapshot from pods on the same node [LinuxOnly][Feature:VolumeSnapshotDataSource][Feature:VolumeSourceXFS]" classname="Kubernetes e2e suite" time="0">
          <skipped></skipped>
      </testcase>
      <testcase name="[sig-storage] In-tree Volumes [Driver: cinder] [Testpattern: Pre-provisioned PV (block volmode)] volumes should store data" classname="Kubernetes e2e suite" time="0">
          <skipped></skipped>
      </testcase>
      <testcase name="[sig-storage] In-tree Volumes [Driver: local][LocalVolumeType: dir-link] [Testpattern: Dynamic PV (default fs)] subPath should support restarting containers using file as subpath [Slow][LinuxOnly]" classname="Kubernetes e2e suite" time="0">
          <skipped></skipped>
      </testcase>
      <testcase name="[sig-storage] In-tree Volumes [Driver: aws] [Testpattern: Dynamic PV (block volmode)] multiVolume [Slow] should access to two volumes with the same volume mode and retain data across pod recreation on the same node" classname="Kubernetes e2e suite" time="0">
          <skipped></skipped>
      </testcase>
      <testcase name="[sig-storage] In-tree Volumes [Driver: local][LocalVolumeType: block] [Testpattern: Inline-volume (default fs)] subPath should support creating multiple subpath from same volumes [Slow]" classname="Kubernetes e2e suite" time="0">
          <skipped></skipped>
      </testcase>
      <testcase name="[sig-storage] In-tree Volumes [Driver: cinder] [Testpattern: Dynamic PV (ext3)] volumes should store data" classname="Kubernetes e2e suite" time="0">
          <skipped></skipped>
      </testcase>
      <testcase name="[sig-storage] In-tree Volumes [Driver: local][LocalVolumeType: tmpfs] [Testpattern: Inline-volume (default fs)] subPath should support existing directory" classname="Kubernetes e2e suite" time="0">
          <skipped></skipped>
      </testcase>
      <testcase name="[sig-storage] In-tree Volumes [Driver: gluster] [Testpattern: Dynamic PV (ext4)] multiVolume [Slow] should access to two volumes with the same volume mode and retain data across pod recreation on different node" classname="Kubernetes e2e suite" time="0">
          <skipped></skipped>
      </testcase>
      <testcase name="[sig-storage] In-tree Volumes [Driver: local][LocalVolumeType: dir-link] [Testpattern: Dynamic PV (xfs)][Slow] multiVolume [Slow] should concurrently access the volume and its clone from pods on the same node [LinuxOnly][Feature:VolumeSnapshotDataSource][Feature:VolumeSourceXFS]" classname="Kubernetes e2e suite" time="0">
          <skipped></skipped>
      </testcase>
      <testcase name="[sig-storage] PersistentVolumes-local  [Volume type: blockfswithoutformat] One pod requesting one prebound PVC should be able to mount volume and read from pod1" classname="Kubernetes e2e suite" time="0">
          <skipped></skipped>
      </testcase>
      <testcase name="[sig-storage] In-tree Volumes [Driver: local][LocalVolumeType: blockfs] [Testpattern: Dynamic PV (filesystem volmode)] multiVolume [Slow] should access to two volumes with different volume mode and retain data across pod recreation on different node" classname="Kubernetes e2e suite" time="0">
          <skipped></skipped>
      </testcase>
      <testcase name="[sig-storage] In-tree Volumes [Driver: iscsi][Feature:Volumes] [Testpattern: Dynamic PV (ntfs)][Feature:Windows] volumes should store data" classname="Kubernetes e2e suite" time="0">
          <skipped></skipped>
      </testcase>
      <testcase name="[sig-storage] In-tree Volumes [Driver: local][LocalVolumeType: dir-bindmounted] [Testpattern: Pre-provisioned PV (block volmode)] multiVolume [Slow] should access to two volumes with different volume mode and retain data across pod recreation on the same node" classname="Kubernetes e2e suite" time="0">
          <skipped></skipped>
      </testcase>
      <testcase name="[sig-storage] ConfigMap Should fail non-optional pod creation due to configMap object does not exist [Slow]" classname="Kubernetes e2e suite" time="0">
          <skipped></skipped>
      </testcase>
      <testcase name="[sig-storage] In-tree Volumes [Driver: local][LocalVolumeType: block] [Testpattern: Dynamic PV (ntfs)][Feature:Windows] subPath should support non-existent path" classname="Kubernetes e2e suite" time="0">
          <skipped></skipped>
      </testcase>
      <testcase name="[sig-storage] In-tree Volumes [Driver: gluster] [Testpattern: Dynamic PV (default fs)] subPath should verify container cannot write to subpath readonly volumes [Slow]" classname="Kubernetes e2e suite" time="0">
          <skipped></skipped>
      </testcase>
      <testcase name="[sig-storage] In-tree Volumes [Driver: hostPathSymlink] [Testpattern: Inline-volume (xfs)][Slow] volumes should allow exec of files on the volume" classname="Kubernetes e2e suite" time="0">
          <skipped></skipped>
      </testcase>
      <testcase name="[sig-storage] In-tree Volumes [Driver: aws] [Testpattern: Pre-provisioned PV (filesystem volmode)] multiVolume [Slow] should access to two volumes with the same volume mode and retain data across pod recreation on the same node" classname="Kubernetes e2e suite" time="0">
          <skipped></skipped>
      </testcase>
      <testcase name="[sig-storage] In-tree Volumes [Driver: local][LocalVolumeType: dir-link] [Testpattern: Dynamic PV (ntfs)][Feature:Windows] volumes should allow exec of files on the volume" classname="Kubernetes e2e suite" time="0">
          <skipped></skipped>
      </testcase>
      <testcase name="[sig-storage] In-tree Volumes [Driver: emptydir] [Testpattern: Pre-provisioned PV (default fs)] subPath should fail if subpath with backstepping is outside the volume [Slow][LinuxOnly]" classname="Kubernetes e2e suite" time="0">
          <skipped></skipped>
      </testcase>
      <testcase name="[sig-storage] In-tree Volumes [Driver: gluster] [Testpattern: Dynamic PV (default fs)] provisioning should provision storage with pvc data source" classname="Kubernetes e2e suite" time="0">
          <skipped></skipped>
      </testcase>
      <testcase name="[sig-storage] In-tree Volumes [Driver: local][LocalVolumeType: dir-link-bindmounted] [Testpattern: Dynamic PV (default fs)] subPath should unmount if pod is gracefully deleted while kubelet is down [Disruptive][Slow][LinuxOnly]" classname="Kubernetes e2e suite" time="0">
          <skipped></skipped>
      </testcase>
      <testcase name="[sig-storage] CSI Volumes [Driver: pd.csi.storage.gke.io][Serial] [Testpattern: Dynamic PV (xfs)][Slow] multiVolume [Slow] should concurrently access the single volume from pods on the same node" classname="Kubernetes e2e suite" time="0">
          <skipped></skipped>
      </testcase>
      <testcase name="[sig-storage] In-tree Volumes [Driver: emptydir] [Testpattern: Dynamic PV (block volmode)] multiVolume [Slow] should concurrently access the volume and restored snapshot from pods on the same node [LinuxOnly][Feature:VolumeSnapshotDataSource][Feature:VolumeSourceXFS]" classname="Kubernetes e2e suite" time="0">
          <skipped></skipped>
      </testcase>
      <testcase name="[sig-storage] In-tree Volumes [Driver: gcepd] [Testpattern: Dynamic PV (block volmode)(allowExpansion)] volume-expand Verify if offline PVC expansion works" classname="Kubernetes e2e suite" time="0">
          <skipped></skipped>
      </testcase>
      <testcase name="[sig-storage] In-tree Volumes [Driver: local][LocalVolumeType: dir-link-bindmounted] [Testpattern: Inline-volume (default fs)] subPath should support non-existent path" classname="Kubernetes e2e suite" time="0">
          <skipped></skipped>
      </testcase>
      <testcase name="[sig-storage] In-tree Volumes [Driver: gcepd] [Testpattern: Inline-volume (ext4)] volumes should store data" classname="Kubernetes e2e suite" time="0">
          <skipped></skipped>
      </testcase>
      <testcase name="[sig-storage] In-tree Volumes [Driver: cinder] [Testpattern: Pre-provisioned PV (block volmode)] multiVolume [Slow] should access to two volumes with the same volume mode and retain data across pod recreation on the same node" classname="Kubernetes e2e suite" time="0">
          <skipped></skipped>
      </testcase>
      <testcase name="[sig-storage] In-tree Volumes [Driver: windows-gcepd] [Testpattern: Inline-volume (default fs)] subPath should support restarting containers using directory as subpath [Slow]" classname="Kubernetes e2e suite" time="0">
          <skipped></skipped>
      </testcase>
      <testcase name="[sig-api-machinery] ServerSideApply should give up ownership of a field if forced applied by a controller" classname="Kubernetes e2e suite" time="0">
          <skipped></skipped>
      </testcase>
      <testcase name="[sig-scheduling] SchedulerPreemption [Serial] PriorityClass endpoints verify PriorityClass endpoints can be operated with different HTTP methods [Conformance]" classname="Kubernetes e2e suite" time="66.74390639800001"></testcase>
      <testcase name="[sig-ui] Kubernetes Dashboard [Feature:Dashboard] should check that the kubernetes-dashboard instance is alive" classname="Kubernetes e2e suite" time="0">
          <skipped></skipped>
      </testcase>
      <testcase name="[sig-network] Networking Granular Checks: Services should function for node-Service: sctp [Feature:SCTPConnectivity][Disruptive]" classname="Kubernetes e2e suite" time="0">
          <skipped></skipped>
      </testcase>
      <testcase name="[sig-storage] In-tree Volumes [Driver: windows-gcepd] [Testpattern: Pre-provisioned PV (filesystem volmode)] volumeMode should not mount / map unused volumes in a pod [LinuxOnly]" classname="Kubernetes e2e suite" time="0">
          <skipped></skipped>
      </testcase>
      <testcase name="[sig-storage] In-tree Volumes [Driver: gluster] [Testpattern: Pre-provisioned PV (block volmode)] disruptive[Disruptive][LinuxOnly] Should test that pv used in a pod that is deleted while the kubelet is down cleans up when the kubelet returns." classname="Kubernetes e2e suite" time="0">
          <skipped></skipped>
      </testcase>
      <testcase name="[sig-storage] In-tree Volumes [Driver: aws] [Testpattern: Dynamic PV (default fs)] volume-expand should not allow expansion of pvcs without AllowVolumeExpansion property" classname="Kubernetes e2e suite" time="0">
          <skipped></skipped>
      </testcase>
      <testcase name="[sig-storage] In-tree Volumes [Driver: local][LocalVolumeType: dir-link] [Testpattern: Dynamic PV (default fs)] subPath should unmount if pod is gracefully deleted while kubelet is down [Disruptive][Slow][LinuxOnly]" classname="Kubernetes e2e suite" time="0">
          <skipped></skipped>
      </testcase>
      <testcase name="[sig-storage] In-tree Volumes [Driver: local][LocalVolumeType: tmpfs] [Testpattern: Pre-provisioned PV (block volmode)] multiVolume [Slow] should access to two volumes with the same volume mode and retain data across pod recreation on different node" classname="Kubernetes e2e suite" time="0">
          <skipped></skipped>
      </testcase>
      <testcase name="[sig-storage] In-tree Volumes [Driver: aws] [Testpattern: Pre-provisioned PV (filesystem volmode)] volumeMode should fail to use a volume in a pod with mismatched mode [Slow]" classname="Kubernetes e2e suite" time="0">
          <skipped></skipped>
      </testcase>
      <testcase name="[sig-storage] In-tree Volumes [Driver: iscsi][Feature:Volumes] [Testpattern: Inline-volume (default fs)] subPath should support readOnly directory specified in the volumeMount" classname="Kubernetes e2e suite" time="0">
          <skipped></skipped>
      </testcase>
      <testcase name="[sig-storage] In-tree Volumes [Driver: local][LocalVolumeType: dir-bindmounted] [Testpattern: Dynamic PV (default fs)] subPath should fail if non-existent subpath is outside the volume [Slow][LinuxOnly]" classname="Kubernetes e2e suite" time="0">
          <skipped></skipped>
      </testcase>
      <testcase name="[sig-storage] In-tree Volumes [Driver: local][LocalVolumeType: blockfs] [Testpattern: Dynamic PV (block volmode)] multiVolume [Slow] should access to two volumes with the same volume mode and retain data across pod recreation on different node" classname="Kubernetes e2e suite" time="0">
          <skipped></skipped>
      </testcase>
      <testcase name="[sig-storage] In-tree Volumes [Driver: nfs] [Testpattern: Inline-volume (default fs)] subPath should support creating multiple subpath from same volumes [Slow]" classname="Kubernetes e2e suite" time="0">
          <skipped></skipped>
      </testcase>
      <testcase name="[sig-storage] In-tree Volumes [Driver: vsphere] [Testpattern: Dynamic PV (block volmode)] provisioning should provision storage with pvc data source" classname="Kubernetes e2e suite" time="0">
          <skipped></skipped>
      </testcase>
      <testcase name="[sig-storage] In-tree Volumes [Driver: local][LocalVolumeType: block] [Testpattern: Pre-provisioned PV (default fs)] subPath should fail if subpath directory is outside the volume [Slow][LinuxOnly]" classname="Kubernetes e2e suite" time="0">
          <skipped></skipped>
      </testcase>
      <testcase name="[sig-storage] In-tree Volumes [Driver: hostPathSymlink] [Testpattern: Pre-provisioned PV (block volmode)] multiVolume [Slow] should access to two volumes with the same volume mode and retain data across pod recreation on the same node" classname="Kubernetes e2e suite" time="0">
          <skipped></skipped>
      </testcase>
      <testcase name="[sig-storage] In-tree Volumes [Driver: local][LocalVolumeType: block] [Testpattern: Inline-volume (default fs)] subPath should unmount if pod is gracefully deleted while kubelet is down [Disruptive][Slow][LinuxOnly]" classname="Kubernetes e2e suite" time="0">
          <skipped></skipped>
      </testcase>
      <testcase name="[sig-storage] In-tree Volumes [Driver: local][LocalVolumeType: tmpfs] [Testpattern: Dynamic PV (default fs)] subPath should be able to unmount after the subpath directory is deleted [LinuxOnly]" classname="Kubernetes e2e suite" time="0">
          <skipped></skipped>
      </testcase>
      <testcase name="[sig-storage] PersistentVolumes-local  [Volume type: gce-localssd-scsi-fs] [Serial] Set fsGroup for local volume should set fsGroup for one pod [Slow]" classname="Kubernetes e2e suite" time="0">
          <skipped></skipped>
      </testcase>
      <testcase name="[sig-apps] Daemon set [Serial] should not update pod when spec was updated and update strategy is OnDelete" classname="Kubernetes e2e suite" time="0">
          <skipped></skipped>
      </testcase>
      <testcase name="[sig-storage] In-tree Volumes [Driver: local][LocalVolumeType: gce-localssd-scsi-fs] [Serial] [Testpattern: Dynamic PV (ntfs)][Feature:Windows] subPath should support file as subpath [LinuxOnly]" classname="Kubernetes e2e suite" time="0">
          <skipped></skipped>
      </testcase>
      <testcase name="[sig-storage] CSI Volumes [Driver: pd.csi.storage.gke.io][Serial] [Testpattern: Dynamic PV (block volmode)] volume-stress multiple pods should access different volumes repeatedly [Slow] [Serial]" classname="Kubernetes e2e suite" time="0">
          <skipped></skipped>
      </testcase>
      <testcase name="[sig-apps] StatefulSet Deploy clustered applications [Feature:StatefulSet] [Slow] should creating a working CockroachDB cluster" classname="Kubernetes e2e suite" time="0">
          <skipped></skipped>
      </testcase>
      <testcase name="[sig-autoscaling] DNS horizontal autoscaling [Serial] [Slow] kube-dns-autoscaler should scale kube-dns pods when cluster size changed" classname="Kubernetes e2e suite" time="0">
          <skipped></skipped>
      </testcase>
      <testcase name="[sig-node] SSH should SSH to all nodes and run commands" classname="Kubernetes e2e suite" time="0">
          <skipped></skipped>
      </testcase>
      <testcase name="[sig-storage] In-tree Volumes [Driver: hostPathSymlink] [Testpattern: Inline-volume (default fs)] subPath should fail if non-existent subpath is outside the volume [Slow][LinuxOnly]" classname="Kubernetes e2e suite" time="0">
          <skipped></skipped>
      </testcase>
      <testcase name="[sig-storage] In-tree Volumes [Driver: local][LocalVolumeType: blockfs] [Testpattern: Pre-provisioned PV (xfs)][Slow] volumes should store data" classname="Kubernetes e2e suite" time="0">
          <skipped></skipped>
      </testcase>
      <testcase name="[sig-storage] In-tree Volumes [Driver: local][LocalVolumeType: tmpfs] [Testpattern: Dynamic PV (ext4)] multiVolume [Slow] should concurrently access the volume and restored snapshot from pods on the same node [LinuxOnly][Feature:VolumeSnapshotDataSource][Feature:VolumeSourceXFS]" classname="Kubernetes e2e suite" time="0">
          <skipped></skipped>
      </testcase>
      <testcase name="[sig-storage] CSI Volumes [Driver: csi-hostpath] [Testpattern: Dynamic PV (ext4)] multiVolume [Slow] should access to two volumes with different volume mode and retain data across pod recreation on the same node" classname="Kubernetes e2e suite" time="0">
          <skipped></skipped>
      </testcase>
      <testcase name="[sig-node] Variable Expansion should allow substituting values in a container&#39;s command [NodeConformance] [Conformance]" classname="Kubernetes e2e suite" time="6.939847653"></testcase>
      <testcase name="[sig-storage] In-tree Volumes [Driver: local][LocalVolumeType: tmpfs] [Testpattern: Dynamic PV (xfs)][Slow] volumes should allow exec of files on the volume" classname="Kubernetes e2e suite" time="0">
          <skipped></skipped>
      </testcase>
      <testcase name="[sig-apps] stateful Upgrade [Feature:StatefulUpgrade] stateful upgrade should maintain a functioning cluster" classname="Kubernetes e2e suite" time="0">
          <skipped></skipped>
      </testcase>
      <testcase name="[sig-node] Sysctls [LinuxOnly] [NodeConformance] should support sysctls [MinimumKubeletVersion:1.21] [Conformance]" classname="Kubernetes e2e suite" time="8.482276408"></testcase>
      <testcase name="[sig-autoscaling] Cluster size autoscaling [Slow] shouldn&#39;t be able to scale down when rescheduling a pod is required, but pdb doesn&#39;t allow drain[Feature:ClusterSizeAutoscalingScaleDown]" classname="Kubernetes e2e suite" time="0">
          <skipped></skipped>
      </testcase>
      <testcase name="[sig-storage] In-tree Volumes [Driver: emptydir] [Testpattern: Inline-volume (ext3)] volumes should allow exec of files on the volume" classname="Kubernetes e2e suite" time="0">
          <skipped></skipped>
      </testcase>
      <testcase name="[sig-storage] In-tree Volumes [Driver: emptydir] [Testpattern: Dynamic PV (xfs)][Slow] multiVolume [Slow] should concurrently access the single read-only volume from pods on the same node" classname="Kubernetes e2e suite" time="0">
          <skipped></skipped>
      </testcase>
      <testcase name="[sig-storage] In-tree Volumes [Driver: aws] [Testpattern: Dynamic PV (ntfs)][Feature:Windows] subPath should support existing directory" classname="Kubernetes e2e suite" time="0">
          <skipped></skipped>
      </testcase>
      <testcase name="[sig-storage] In-tree Volumes [Driver: gluster] [Testpattern: Inline-volume (ext4)] volumes should allow exec of files on the volume" classname="Kubernetes e2e suite" time="0">
          <skipped></skipped>
      </testcase>
      <testcase name="[sig-storage] In-tree Volumes [Driver: gluster] [Testpattern: Inline-volume (default fs)] subPath should fail if subpath file is outside the volume [Slow][LinuxOnly]" classname="Kubernetes e2e suite" time="0">
          <skipped></skipped>
      </testcase>
      <testcase name="[sig-storage] In-tree Volumes [Driver: gcepd] [Testpattern: Dynamic PV (ntfs)][Feature:Windows] subPath should fail if subpath file is outside the volume [Slow][LinuxOnly]" classname="Kubernetes e2e suite" time="0">
          <skipped></skipped>
      </testcase>
      <testcase name="[sig-storage] In-tree Volumes [Driver: local][LocalVolumeType: dir-link] [Testpattern: Inline-volume (default fs)] subPath should support restarting containers using directory as subpath [Slow]" classname="Kubernetes e2e suite" time="0">
          <skipped></skipped>
      </testcase>
      <testcase name="[sig-storage] In-tree Volumes [Driver: iscsi][Feature:Volumes] [Testpattern: Dynamic PV (default fs)] subPath should verify container cannot write to subpath readonly volumes [Slow]" classname="Kubernetes e2e suite" time="0">
          <skipped></skipped>
      </testcase>
      <testcase name="[sig-storage] In-tree Volumes [Driver: vsphere] [Testpattern: Dynamic PV (xfs)][Slow] multiVolume [Slow] should concurrently access the single volume from pods on the same node" classname="Kubernetes e2e suite" time="0">
          <skipped></skipped>
      </testcase>
      <testcase name="[sig-storage] In-tree Volumes [Driver: iscsi][Feature:Volumes] [Testpattern: Pre-provisioned PV (default fs)] subPath should support non-existent path" classname="Kubernetes e2e suite" time="0">
          <skipped></skipped>
      </testcase>
      <testcase name="[sig-storage] In-tree Volumes [Driver: windows-gcepd] [Testpattern: Dynamic PV (ntfs)][Feature:Windows] subPath should support existing directories when readOnly specified in the volumeSource" classname="Kubernetes e2e suite" time="0">
          <skipped></skipped>
      </testcase>
      <testcase name="[sig-storage] HostPathType File [Slow] Should be able to mount file &#39;afile&#39; successfully when HostPathType is HostPathFile" classname="Kubernetes e2e suite" time="0">
          <skipped></skipped>
      </testcase>
      <testcase name="[sig-storage] In-tree Volumes [Driver: local][LocalVolumeType: gce-localssd-scsi-fs] [Serial] [Testpattern: Dynamic PV (default fs)] subPath should support readOnly directory specified in the volumeMount" classname="Kubernetes e2e suite" time="0">
          <skipped></skipped>
      </testcase>
      <testcase name="[sig-storage] In-tree Volumes [Driver: cinder] [Testpattern: Pre-provisioned PV (filesystem volmode)] multiVolume [Slow] should concurrently access the volume and restored snapshot from pods on the same node [LinuxOnly][Feature:VolumeSnapshotDataSource][Feature:VolumeSourceXFS]" classname="Kubernetes e2e suite" time="0">
          <skipped></skipped>
      </testcase>
      <testcase name="[sig-storage] In-tree Volumes [Driver: rbd][Feature:Volumes][Serial] [Testpattern: Dynamic PV (block volmode)] multiVolume [Slow] should concurrently access the single read-only volume from pods on the same node" classname="Kubernetes e2e suite" time="0">
          <skipped></skipped>
      </testcase>
      <testcase name="[sig-storage] Volume FStype [Feature:vsphere] verify fstype - ext3 formatted volume" classname="Kubernetes e2e suite" time="0">
          <skipped></skipped>
      </testcase>
      <testcase name="[sig-storage] In-tree Volumes [Driver: nfs] [Testpattern: Dynamic PV (default fs)] subPath should support existing single file [LinuxOnly]" classname="Kubernetes e2e suite" time="0">
          <skipped></skipped>
      </testcase>
      <testcase name="[sig-storage] Projected secret optional updates should be reflected in volume [NodeConformance] [Conformance]" classname="Kubernetes e2e suite" time="79.649458015"></testcase>
      <testcase name="[sig-network] Netpol NetworkPolicy between server and client should enforce policy based on NamespaceSelector with MatchExpressions[Feature:NetworkPolicy]" classname="Kubernetes e2e suite" time="0">
          <skipped></skipped>
      </testcase>
      <testcase name="[sig-storage] In-tree Volumes [Driver: nfs] [Testpattern: Dynamic PV (filesystem volmode)] multiVolume [Slow] should concurrently access the single read-only volume from pods on the same node" classname="Kubernetes e2e suite" time="0">
          <skipped></skipped>
      </testcase>
      <testcase name="[sig-storage] CSI Volumes [Driver: csi-hostpath] [Testpattern: Inline-volume (ntfs)][Feature:Windows] volumes should store data" classname="Kubernetes e2e suite" time="0">
          <skipped></skipped>
      </testcase>
      <testcase name="[sig-storage] In-tree Volumes [Driver: local][LocalVolumeType: block] [Testpattern: Inline-volume (default fs)] subPath should fail if subpath with backstepping is outside the volume [Slow][LinuxOnly]" classname="Kubernetes e2e suite" time="0">
          <skipped></skipped>
      </testcase>
      <testcase name="[sig-storage] In-tree Volumes [Driver: iscsi][Feature:Volumes] [Testpattern: Dynamic PV (xfs)][Slow] volumes should allow exec of files on the volume" classname="Kubernetes e2e suite" time="0">
          <skipped></skipped>
      </testcase>
      <testcase name="[sig-cli] Kubectl Port forwarding With a server listening on localhost that expects a client request should support a client that connects, sends DATA, and disconnects" classname="Kubernetes e2e suite" time="0">
          <skipped></skipped>
      </testcase>
      <testcase name="[sig-storage] In-tree Volumes [Driver: azure-disk] [Testpattern: Dynamic PV (block volmode)] multiVolume [Slow] should access to two volumes with different volume mode and retain data across pod recreation on the same node" classname="Kubernetes e2e suite" time="0">
          <skipped></skipped>
      </testcase>
      <testcase name="[sig-storage] In-tree Volumes [Driver: windows-gcepd] [Testpattern: Pre-provisioned PV (ext4)] volumes should allow exec of files on the volume" classname="Kubernetes e2e suite" time="0">
          <skipped></skipped>
      </testcase>
      <testcase name="[sig-storage] In-tree Volumes [Driver: hostPathSymlink] [Testpattern: Dynamic PV (xfs)][Slow] multiVolume [Slow] should access to two volumes with different volume mode and retain data across pod recreation on the same node" classname="Kubernetes e2e suite" time="0">
          <skipped></skipped>
      </testcase>
      <testcase name="[sig-storage] CSI Volumes [Driver: csi-hostpath] [Testpattern: Dynamic PV (ext4)] multiVolume [Slow] should concurrently access the single volume from pods on the same node" classname="Kubernetes e2e suite" time="0">
          <skipped></skipped>
      </testcase>
      <testcase name="[sig-storage] In-tree Volumes [Driver: local][LocalVolumeType: blockfs] [Testpattern: Pre-provisioned PV (default fs)] subPath should support restarting containers using file as subpath [Slow][LinuxOnly]" classname="Kubernetes e2e suite" time="0">
          <skipped></skipped>
      </testcase>
      <testcase name="[sig-storage] In-tree Volumes [Driver: local][LocalVolumeType: block] [Testpattern: Pre-provisioned PV (default fs)] subPath should fail if non-existent subpath is outside the volume [Slow][LinuxOnly]" classname="Kubernetes e2e suite" time="0">
          <skipped></skipped>
      </testcase>
      <testcase name="[sig-storage] Zone Support [Feature:vsphere] Verify a pod fails to get scheduled when conflicting volume topology (allowedTopologies) and pod scheduling constraints(nodeSelector) are specified" classname="Kubernetes e2e suite" time="0">
          <skipped></skipped>
      </testcase>
      <testcase name="[sig-storage] In-tree Volumes [Driver: emptydir] [Testpattern: Pre-provisioned PV (block volmode)] volumes should store data" classname="Kubernetes e2e suite" time="0">
          <skipped></skipped>
      </testcase>
      <testcase name="[sig-storage] In-tree Volumes [Driver: hostPathSymlink] [Testpattern: Dynamic PV (ntfs)][Feature:Windows] subPath should support restarting containers using file as subpath [Slow][LinuxOnly]" classname="Kubernetes e2e suite" time="0">
          <skipped></skipped>
      </testcase>
      <testcase name="[sig-storage] In-tree Volumes [Driver: rbd][Feature:Volumes][Serial] [Testpattern: Pre-provisioned PV (block volmode)] multiVolume [Slow] should access to two volumes with the same volume mode and retain data across pod recreation on the same node" classname="Kubernetes e2e suite" time="0">
          <skipped></skipped>
      </testcase>
      <testcase name="[sig-storage] In-tree Volumes [Driver: local][LocalVolumeType: gce-localssd-scsi-fs] [Serial] [Testpattern: Dynamic PV (default fs)] subPath should unmount if pod is gracefully deleted while kubelet is down [Disruptive][Slow][LinuxOnly]" classname="Kubernetes e2e suite" time="0">
          <skipped></skipped>
      </testcase>
      <testcase name="[sig-storage] In-tree Volumes [Driver: local][LocalVolumeType: dir-bindmounted] [Testpattern: Inline-volume (ext4)] volumes should store data" classname="Kubernetes e2e suite" time="0">
          <skipped></skipped>
      </testcase>
      <testcase name="[sig-storage] In-tree Volumes [Driver: azure-disk] [Testpattern: Dynamic PV (default fs)(allowExpansion)] volume-expand Verify if offline PVC expansion works" classname="Kubernetes e2e suite" time="0">
          <skipped></skipped>
      </testcase>
      <testcase name="[sig-storage] In-tree Volumes [Driver: cinder] [Testpattern: Dynamic PV (delayed binding)] topology should fail to schedule a pod which has topologies that conflict with AllowedTopologies" classname="Kubernetes e2e suite" time="0">
          <skipped></skipped>
      </testcase>
      <testcase name="[sig-storage] In-tree Volumes [Driver: rbd][Feature:Volumes][Serial] [Testpattern: Pre-provisioned PV (default fs)] subPath should support readOnly directory specified in the volumeMount" classname="Kubernetes e2e suite" time="0">
          <skipped></skipped>
      </testcase>
      <testcase name="[sig-storage] In-tree Volumes [Driver: hostPathSymlink] [Testpattern: Dynamic PV (default fs)] subPath should unmount if pod is force deleted while kubelet is down [Disruptive][Slow][LinuxOnly]" classname="Kubernetes e2e suite" time="0">
          <skipped></skipped>
      </testcase>
      <testcase name="[sig-storage] In-tree Volumes [Driver: local][LocalVolumeType: blockfs] [Testpattern: Dynamic PV (block volmode)(allowExpansion)] volume-expand Verify if offline PVC expansion works" classname="Kubernetes e2e suite" time="0">
          <skipped></skipped>
      </testcase>
      <testcase name="[sig-storage] In-tree Volumes [Driver: hostPath] [Testpattern: Dynamic PV (filesystem volmode)] multiVolume [Slow] should concurrently access the single volume from pods on different node" classname="Kubernetes e2e suite" time="0">
          <skipped></skipped>
      </testcase>
      <testcase name="[sig-storage] In-tree Volumes [Driver: local][LocalVolumeType: dir-link-bindmounted] [Testpattern: Dynamic PV (block volmode)] multiVolume [Slow] should access to two volumes with the same volume mode and retain data across pod recreation on the same node" classname="Kubernetes e2e suite" time="0">
          <skipped></skipped>
      </testcase>
      <testcase name="[sig-storage] CSI Volumes [Driver: csi-hostpath] [Testpattern: Pre-provisioned PV (default fs)] subPath should support readOnly directory specified in the volumeMount" classname="Kubernetes e2e suite" time="0">
          <skipped></skipped>
      </testcase>
      <testcase name="[sig-storage] In-tree Volumes [Driver: emptydir] [Testpattern: Inline-volume (default fs)] subPath should support existing directory" classname="Kubernetes e2e suite" time="0">
          <skipped></skipped>
      </testcase>
      <testcase name="[sig-storage] In-tree Volumes [Driver: gcepd] [Testpattern: Dynamic PV (block volmode)] multiVolume [Slow] should access to two volumes with different volume mode and retain data across pod recreation on different node" classname="Kubernetes e2e suite" time="0">
          <skipped></skipped>
      </testcase>
      <testcase name="[sig-storage] In-tree Volumes [Driver: local][LocalVolumeType: dir-link] [Testpattern: Dynamic PV (block volmode)] volumeMode should not mount / map unused volumes in a pod [LinuxOnly]" classname="Kubernetes e2e suite" time="0">
          <skipped></skipped>
      </testcase>
      <testcase name="[sig-storage] In-tree Volumes [Driver: gluster] [Testpattern: Dynamic PV (xfs)][Slow] multiVolume [Slow] should access to two volumes with the same volume mode and retain data across pod recreation on different node" classname="Kubernetes e2e suite" time="0">
          <skipped></skipped>
      </testcase>
      <testcase name="[sig-storage] In-tree Volumes [Driver: gcepd] [Testpattern: Pre-provisioned PV (block volmode)] disruptive[Disruptive][LinuxOnly] Should test that pv written before kubelet restart is readable after restart." classname="Kubernetes e2e suite" time="0">
          <skipped></skipped>
      </testcase>
      <testcase name="[sig-autoscaling] [HPA] Horizontal pod autoscaling (scale resource: Custom Metrics from Stackdriver) should scale down with Custom Metric of type Pod from Stackdriver with Prometheus [Feature:CustomMetricsAutoscaling]" classname="Kubernetes e2e suite" time="0">
          <skipped></skipped>
      </testcase>
      <testcase name="[sig-network] LoadBalancers ESIPP [Slow] should work for type=LoadBalancer" classname="Kubernetes e2e suite" time="0">
          <skipped></skipped>
      </testcase>
      <testcase name="[sig-storage] In-tree Volumes [Driver: nfs] [Testpattern: Dynamic PV (block volmode)] volumes should store data" classname="Kubernetes e2e suite" time="0">
          <skipped></skipped>
      </testcase>
      <testcase name="[sig-storage] In-tree Volumes [Driver: local][LocalVolumeType: dir-link] [Testpattern: Dynamic PV (block volmode)] volumeMode should fail to use a volume in a pod with mismatched mode [Slow]" classname="Kubernetes e2e suite" time="0">
          <skipped></skipped>
      </testcase>
      <testcase name="[sig-storage] In-tree Volumes [Driver: local][LocalVolumeType: gce-localssd-scsi-fs] [Serial] [Testpattern: Dynamic PV (delayed binding)] topology should provision a volume and schedule a pod with AllowedTopologies" classname="Kubernetes e2e suite" time="0">
          <skipped></skipped>
      </testcase>
      <testcase name="[sig-storage] In-tree Volumes [Driver: windows-gcepd] [Testpattern: Pre-provisioned PV (block volmode)] volumes should store data" classname="Kubernetes e2e suite" time="0">
          <skipped></skipped>
      </testcase>
      <testcase name="[sig-storage] CSI Volumes [Driver: pd.csi.storage.gke.io][Serial] [Testpattern: Dynamic PV (filesystem volmode)] multiVolume [Slow] should concurrently access the volume and restored snapshot from pods on the same node [LinuxOnly][Feature:VolumeSnapshotDataSource][Feature:VolumeSourceXFS]" classname="Kubernetes e2e suite" time="0">
          <skipped></skipped>
      </testcase>
      <testcase name="[sig-storage] In-tree Volumes [Driver: local][LocalVolumeType: dir] [Testpattern: Pre-provisioned PV (block volmode)] disruptive[Disruptive][LinuxOnly] Should test that pv written before kubelet restart is readable after restart." classname="Kubernetes e2e suite" time="0">
          <skipped></skipped>
      </testcase>
      <testcase name="[sig-storage] In-tree Volumes [Driver: vsphere] [Testpattern: Dynamic PV (default fs)] provisioning should provision storage with snapshot data source [Feature:VolumeSnapshotDataSource]" classname="Kubernetes e2e suite" time="0">
          <skipped></skipped>
      </testcase>
      <testcase name="[sig-instrumentation] Events API should ensure that an event can be fetched, patched, deleted, and listed [Conformance]" classname="Kubernetes e2e suite" time="2.578978491"></testcase>
      <testcase name="[sig-storage] In-tree Volumes [Driver: hostPath] [Testpattern: Dynamic PV (ntfs)][Feature:Windows] subPath should support existing directory" classname="Kubernetes e2e suite" time="0">
          <skipped></skipped>
      </testcase>
      <testcase name="[sig-storage] In-tree Volumes [Driver: local][LocalVolumeType: dir-link-bindmounted] [Testpattern: Dynamic PV (ntfs)][Feature:Windows] subPath should support existing single file [LinuxOnly]" classname="Kubernetes e2e suite" time="0">
          <skipped></skipped>
      </testcase>
      <testcase name="[sig-network] Netpol NetworkPolicy between server and client should support denying of egress traffic on the client side (even if the server explicitly allows this traffic) [Feature:NetworkPolicy]" classname="Kubernetes e2e suite" time="0">
          <skipped></skipped>
      </testcase>
      <testcase name="[sig-storage] In-tree Volumes [Driver: local][LocalVolumeType: blockfs] [Testpattern: Pre-provisioned PV (ext3)] volumes should allow exec of files on the volume" classname="Kubernetes e2e suite" time="0">
          <skipped></skipped>
      </testcase>
      <testcase name="[sig-storage] In-tree Volumes [Driver: local][LocalVolumeType: tmpfs] [Testpattern: Dynamic PV (ext4)] volumes should allow exec of files on the volume" classname="Kubernetes e2e suite" time="0">
          <skipped></skipped>
      </testcase>
      <testcase name="[sig-storage] In-tree Volumes [Driver: azure-disk] [Testpattern: Pre-provisioned PV (block volmode)] multiVolume [Slow] should concurrently access the volume and restored snapshot from pods on the same node [LinuxOnly][Feature:VolumeSnapshotDataSource][Feature:VolumeSourceXFS]" classname="Kubernetes e2e suite" time="0">
          <skipped></skipped>
      </testcase>
      <testcase name="[sig-storage] In-tree Volumes [Driver: local][LocalVolumeType: gce-localssd-scsi-fs] [Serial] [Testpattern: Pre-provisioned PV (default fs)] subPath should support existing directory" classname="Kubernetes e2e suite" time="0">
          <skipped></skipped>
      </testcase>
      <testcase name="[sig-storage] In-tree Volumes [Driver: hostPath] [Testpattern: Dynamic PV (default fs)] volume-stress multiple pods should access different volumes repeatedly [Slow] [Serial]" classname="Kubernetes e2e suite" time="0">
          <skipped></skipped>
      </testcase>
      <testcase name="[sig-storage] In-tree Volumes [Driver: emptydir] [Testpattern: Dynamic PV (ntfs)][Feature:Windows] subPath should support restarting containers using directory as subpath [Slow]" classname="Kubernetes e2e suite" time="0">
          <skipped></skipped>
      </testcase>
      <testcase name="[sig-api-machinery] Aggregator Should be able to support the 1.17 Sample API Server using the current Aggregator [Conformance]" classname="Kubernetes e2e suite" time="18.515225146"></testcase>
      <testcase name="[sig-storage] In-tree Volumes [Driver: local][LocalVolumeType: dir-link-bindmounted] [Testpattern: Inline-volume (default fs)] volumes should store data" classname="Kubernetes e2e suite" time="0">
          <skipped></skipped>
      </testcase>
      <testcase name="[sig-storage] In-tree Volumes [Driver: azure-disk] [Testpattern: Inline-volume (ext3)] volumes should store data" classname="Kubernetes e2e suite" time="0">
          <skipped></skipped>
      </testcase>
      <testcase name="[sig-storage] In-tree Volumes [Driver: local][LocalVolumeType: dir-link-bindmounted] [Testpattern: Pre-provisioned PV (block volmode)] multiVolume [Slow] should concurrently access the single volume from pods on the same node" classname="Kubernetes e2e suite" time="0">
          <skipped></skipped>
      </testcase>
      <testcase name="[sig-storage] In-tree Volumes [Driver: local][LocalVolumeType: dir-link-bindmounted] [Testpattern: Dynamic PV (delayed binding)] topology should fail to schedule a pod which has topologies that conflict with AllowedTopologies" classname="Kubernetes e2e suite" time="0">
          <skipped></skipped>
      </testcase>
      <testcase name="[sig-storage] In-tree Volumes [Driver: emptydir] [Testpattern: Dynamic PV (ntfs)][Feature:Windows] subPath should support file as subpath [LinuxOnly]" classname="Kubernetes e2e suite" time="0">
          <skipped></skipped>
      </testcase>
      <testcase name="[sig-storage] In-tree Volumes [Driver: vsphere] [Testpattern: Pre-provisioned PV (ext4)] volumes should store data" classname="Kubernetes e2e suite" time="0">
          <skipped></skipped>
      </testcase>
      <testcase name="[sig-storage] In-tree Volumes [Driver: windows-gcepd] [Testpattern: Dynamic PV (block volmode)] provisioning should provision storage with pvc data source in parallel [Slow]" classname="Kubernetes e2e suite" time="0">
          <skipped></skipped>
      </testcase>
      <testcase name="[sig-storage] In-tree Volumes [Driver: local][LocalVolumeType: blockfs] [Testpattern: Dynamic PV (default fs)] subPath should unmount if pod is force deleted while kubelet is down [Disruptive][Slow][LinuxOnly]" classname="Kubernetes e2e suite" time="0">
          <skipped></skipped>
      </testcase>
      <testcase name="[sig-storage] In-tree Volumes [Driver: aws] [Testpattern: Dynamic PV (block volmode)] multiVolume [Slow] should access to two volumes with different volume mode and retain data across pod recreation on different node" classname="Kubernetes e2e suite" time="0">
          <skipped></skipped>
      </testcase>
      <testcase name="[sig-storage] In-tree Volumes [Driver: local][LocalVolumeType: blockfs] [Testpattern: Pre-provisioned PV (block volmode)] volumeMode should not mount / map unused volumes in a pod [LinuxOnly]" classname="Kubernetes e2e suite" time="0">
          <skipped></skipped>
      </testcase>
      <testcase name="[sig-storage] In-tree Volumes [Driver: vsphere] [Testpattern: Dynamic PV (ntfs)][Feature:Windows] subPath should verify container cannot write to subpath readonly volumes [Slow]" classname="Kubernetes e2e suite" time="0">
          <skipped></skipped>
      </testcase>
      <testcase name="[sig-cli] Kubectl Port forwarding With a server listening on localhost that expects a client request should support a client that connects, sends NO DATA, and disconnects" classname="Kubernetes e2e suite" time="0">
          <skipped></skipped>
      </testcase>
      <testcase name="[sig-storage] In-tree Volumes [Driver: rbd][Feature:Volumes][Serial] [Testpattern: Dynamic PV (default fs)] subPath should support creating multiple subpath from same volumes [Slow]" classname="Kubernetes e2e suite" time="0">
          <skipped></skipped>
      </testcase>
      <testcase name="[sig-storage] In-tree Volumes [Driver: windows-gcepd] [Testpattern: Dynamic PV (default fs)] subPath should support existing directory" classname="Kubernetes e2e suite" time="0">
          <skipped></skipped>
      </testcase>
      <testcase name="[sig-storage] Zone Support [Feature:vsphere] Verify a pod is created and attached to a dynamically created PV with storage policy specified in storage class in waitForFirstConsumer binding mode with multiple allowedTopologies" classname="Kubernetes e2e suite" time="0">
          <skipped></skipped>
      </testcase>
      <testcase name="[sig-storage] In-tree Volumes [Driver: local][LocalVolumeType: dir-bindmounted] [Testpattern: Dynamic PV (filesystem volmode)] volumeLimits should verify that all csinodes have volume limits" classname="Kubernetes e2e suite" time="0">
          <skipped></skipped>
      </testcase>
      <testcase name="[sig-storage] Secrets should be immutable if `immutable` field is set [Conformance]" classname="Kubernetes e2e suite" time="0.483312633"></testcase>
      <testcase name="[sig-storage] In-tree Volumes [Driver: gcepd] [Testpattern: Dynamic PV (default fs)] subPath should fail if subpath directory is outside the volume [Slow][LinuxOnly]" classname="Kubernetes e2e suite" time="0">
          <skipped></skipped>
      </testcase>
      <testcase name="[sig-storage] In-tree Volumes [Driver: local][LocalVolumeType: block] [Testpattern: Dynamic PV (ntfs)][Feature:Windows] subPath should fail if subpath with backstepping is outside the volume [Slow][LinuxOnly]" classname="Kubernetes e2e suite" time="0">
          <skipped></skipped>
      </testcase>
      <testcase name="[sig-storage] In-tree Volumes [Driver: rbd][Feature:Volumes][Serial] [Testpattern: Pre-provisioned PV (block volmode)] multiVolume [Slow] should concurrently access the single volume from pods on the same node" classname="Kubernetes e2e suite" time="0">
          <skipped></skipped>
      </testcase>
      <testcase name="[sig-node] Downward API [Serial] [Disruptive] [NodeFeature:DownwardAPIHugePages] Downward API tests for hugepages should provide default limits.hugepages-&lt;pagesize&gt; from node allocatable" classname="Kubernetes e2e suite" time="0">
          <skipped></skipped>
      </testcase>
      <testcase name="[sig-storage] In-tree Volumes [Driver: nfs] [Testpattern: Dynamic PV (default fs)] subPath should verify container cannot write to subpath readonly volumes [Slow]" classname="Kubernetes e2e suite" time="0">
          <skipped></skipped>
      </testcase>
      <testcase name="[sig-storage] In-tree Volumes [Driver: local][LocalVolumeType: dir-link-bindmounted] [Testpattern: Dynamic PV (ext3)] volumes should allow exec of files on the volume" classname="Kubernetes e2e suite" time="0">
          <skipped></skipped>
      </testcase>
      <testcase name="[sig-storage] PersistentVolumes-local  [Volume type: dir-link] Set fsGroup for local volume should set same fsGroup for two pods simultaneously [Slow]" classname="Kubernetes e2e suite" time="0">
          <skipped></skipped>
      </testcase>
      <testcase name="[sig-storage] In-tree Volumes [Driver: windows-gcepd] [Testpattern: Dynamic PV (ntfs)][Feature:Windows] subPath should fail if non-existent subpath is outside the volume [Slow][LinuxOnly]" classname="Kubernetes e2e suite" time="0">
          <skipped></skipped>
      </testcase>
      <testcase name="[sig-storage] In-tree Volumes [Driver: local][LocalVolumeType: blockfs] [Testpattern: Dynamic PV (block volmode)] multiVolume [Slow] should access to two volumes with different volume mode and retain data across pod recreation on the same node" classname="Kubernetes e2e suite" time="0">
          <skipped></skipped>
      </testcase>
      <testcase name="[sig-storage] In-tree Volumes [Driver: cinder] [Testpattern: Pre-provisioned PV (xfs)][Slow] volumes should allow exec of files on the volume" classname="Kubernetes e2e suite" time="0">
          <skipped></skipped>
      </testcase>
      <testcase name="[sig-storage] In-tree Volumes [Driver: nfs] [Testpattern: Dynamic PV (xfs)][Slow] multiVolume [Slow] should access to two volumes with the same volume mode and retain data across pod recreation on different node" classname="Kubernetes e2e suite" time="0">
          <skipped></skipped>
      </testcase>
      <testcase name="[sig-storage] In-tree Volumes [Driver: ceph][Feature:Volumes][Serial] [Testpattern: Dynamic PV (filesystem volmode)] multiVolume [Slow] should access to two volumes with the same volume mode and retain data across pod recreation on different node" classname="Kubernetes e2e suite" time="0">
          <skipped></skipped>
      </testcase>
      <testcase name="[sig-storage] In-tree Volumes [Driver: azure-disk] [Testpattern: Pre-provisioned PV (default fs)] subPath should support creating multiple subpath from same volumes [Slow]" classname="Kubernetes e2e suite" time="0">
          <skipped></skipped>
      </testcase>
      <testcase name="[sig-autoscaling] Cluster size autoscaling [Slow] should correctly scale down after a node is not needed and one node is broken [Feature:ClusterSizeAutoscalingScaleDown]" classname="Kubernetes e2e suite" time="0">
          <skipped></skipped>
      </testcase>
      <testcase name="[sig-cluster-lifecycle] [Feature:BootstrapTokens] should delete the signed bootstrap tokens from clusterInfo ConfigMap when bootstrap token is deleted" classname="Kubernetes e2e suite" time="0">
          <skipped></skipped>
      </testcase>
      <testcase name="[sig-storage] In-tree Volumes [Driver: local][LocalVolumeType: dir-link-bindmounted] [Testpattern: Dynamic PV (default fs)] volumeIO should write files of various sizes, verify size, validate content [Slow][LinuxOnly]" classname="Kubernetes e2e suite" time="0">
          <skipped></skipped>
      </testcase>
      <testcase name="[sig-storage] In-tree Volumes [Driver: ceph][Feature:Volumes][Serial] [Testpattern: Pre-provisioned PV (default fs)] subPath should support readOnly directory specified in the volumeMount" classname="Kubernetes e2e suite" time="0">
          <skipped></skipped>
      </testcase>
      <testcase name="[sig-storage] In-tree Volumes [Driver: aws] [Testpattern: Dynamic PV (ntfs)][Feature:Windows] subPath should be able to unmount after the subpath directory is deleted [LinuxOnly]" classname="Kubernetes e2e suite" time="0">
          <skipped></skipped>
      </testcase>
      <testcase name="[sig-storage] In-tree Volumes [Driver: aws] [Testpattern: Pre-provisioned PV (xfs)][Slow] volumes should allow exec of files on the volume" classname="Kubernetes e2e suite" time="0">
          <skipped></skipped>
      </testcase>
      <testcase name="[sig-storage] PersistentVolumes-local  [Volume type: block] Two pods mounting a local volume at the same time should be able to write from pod1 and read from pod2" classname="Kubernetes e2e suite" time="0">
          <skipped></skipped>
      </testcase>
      <testcase name="[sig-storage] In-tree Volumes [Driver: local][LocalVolumeType: dir] [Testpattern: Inline-volume (default fs)] subPath should be able to unmount after the subpath directory is deleted [LinuxOnly]" classname="Kubernetes e2e suite" time="0">
          <skipped></skipped>
      </testcase>
      <testcase name="[sig-storage] In-tree Volumes [Driver: iscsi][Feature:Volumes] [Testpattern: Dynamic PV (ext4)] volumes should allow exec of files on the volume" classname="Kubernetes e2e suite" time="0">
          <skipped></skipped>
      </testcase>
      <testcase name="[sig-storage] Zone Support [Feature:vsphere] Verify PVC creation with incompatible datastore and zone combination specified in storage class fails" classname="Kubernetes e2e suite" time="0">
          <skipped></skipped>
      </testcase>
      <testcase name="[sig-storage] In-tree Volumes [Driver: local][LocalVolumeType: dir-bindmounted] [Testpattern: Inline-volume (default fs)] subPath should fail if subpath directory is outside the volume [Slow][LinuxOnly]" classname="Kubernetes e2e suite" time="0">
          <skipped></skipped>
      </testcase>
      <testcase name="[sig-storage] In-tree Volumes [Driver: emptydir] [Testpattern: Pre-provisioned PV (block volmode)] volumeMode should fail to create pod by failing to mount volume [Slow]" classname="Kubernetes e2e suite" time="0">
          <skipped></skipped>
      </testcase>
      <testcase name="[sig-storage] In-tree Volumes [Driver: vsphere] [Testpattern: Inline-volume (default fs)] subPath should support existing single file [LinuxOnly]" classname="Kubernetes e2e suite" time="0">
          <skipped></skipped>
      </testcase>
      <testcase name="[sig-storage] In-tree Volumes [Driver: local][LocalVolumeType: blockfs] [Testpattern: Pre-provisioned PV (filesystem volmode)] multiVolume [Slow] should concurrently access the volume and restored snapshot from pods on the same node [LinuxOnly][Feature:VolumeSnapshotDataSource][Feature:VolumeSourceXFS]" classname="Kubernetes e2e suite" time="0">
          <skipped></skipped>
      </testcase>
      <testcase name="[sig-storage] In-tree Volumes [Driver: vsphere] [Testpattern: Inline-volume (default fs)] subPath should support file as subpath [LinuxOnly]" classname="Kubernetes e2e suite" time="0">
          <skipped></skipped>
      </testcase>
      <testcase name="[sig-storage] In-tree Volumes [Driver: gluster] [Testpattern: Dynamic PV (ext4)] multiVolume [Slow] should concurrently access the single volume from pods on different node" classname="Kubernetes e2e suite" time="0">
          <skipped></skipped>
      </testcase>
      <testcase name="[sig-storage] In-tree Volumes [Driver: azure-disk] [Testpattern: Pre-provisioned PV (default fs)] subPath should unmount if pod is gracefully deleted while kubelet is down [Disruptive][Slow][LinuxOnly]" classname="Kubernetes e2e suite" time="0">
          <skipped></skipped>
      </testcase>
      <testcase name="[sig-storage] In-tree Volumes [Driver: local][LocalVolumeType: dir-link] [Testpattern: Dynamic PV (default fs)] volume-expand should not allow expansion of pvcs without AllowVolumeExpansion property" classname="Kubernetes e2e suite" time="0">
          <skipped></skipped>
      </testcase>
      <testcase name="[sig-storage] In-tree Volumes [Driver: cinder] [Testpattern: Pre-provisioned PV (filesystem volmode)] multiVolume [Slow] should access to two volumes with different volume mode and retain data across pod recreation on different node" classname="Kubernetes e2e suite" time="0">
          <skipped></skipped>
      </testcase>
      <testcase name="[sig-storage] In-tree Volumes [Driver: aws] [Testpattern: Pre-provisioned PV (filesystem volmode)] multiVolume [Slow] should access to two volumes with different volume mode and retain data across pod recreation on different node" classname="Kubernetes e2e suite" time="0">
          <skipped></skipped>
      </testcase>
      <testcase name="[sig-storage] CSI Volumes [Driver: pd.csi.storage.gke.io][Serial] [Testpattern: Dynamic PV (default fs)] provisioning should provision storage with mount options" classname="Kubernetes e2e suite" time="0">
          <skipped></skipped>
      </testcase>
      <testcase name="[sig-storage] In-tree Volumes [Driver: local][LocalVolumeType: tmpfs] [Testpattern: Pre-provisioned PV (default fs)] subPath should support existing directories when readOnly specified in the volumeSource" classname="Kubernetes e2e suite" time="0">
          <skipped></skipped>
      </testcase>
      <testcase name="[sig-storage] CSI Volumes [Driver: pd.csi.storage.gke.io][Serial] [Testpattern: Dynamic PV (ntfs)][Feature:Windows] provisioning should provision storage with pvc data source" classname="Kubernetes e2e suite" time="0">
          <skipped></skipped>
      </testcase>
      <testcase name="[sig-storage] In-tree Volumes [Driver: local][LocalVolumeType: block] [Testpattern: Dynamic PV (default fs)] subPath should support existing directory" classname="Kubernetes e2e suite" time="0">
          <skipped></skipped>
      </testcase>
      <testcase name="[sig-storage] In-tree Volumes [Driver: local][LocalVolumeType: dir] [Testpattern: Inline-volume (default fs)] subPath should fail if subpath directory is outside the volume [Slow][LinuxOnly]" classname="Kubernetes e2e suite" time="0">
          <skipped></skipped>
      </testcase>
      <testcase name="[sig-storage] In-tree Volumes [Driver: local][LocalVolumeType: block] [Testpattern: Dynamic PV (ext4)] multiVolume [Slow] should concurrently access the volume and its clone from pods on the same node [LinuxOnly][Feature:VolumeSnapshotDataSource][Feature:VolumeSourceXFS]" classname="Kubernetes e2e suite" time="0">
          <skipped></skipped>
      </testcase>
      <testcase name="[sig-storage] In-tree Volumes [Driver: ceph][Feature:Volumes][Serial] [Testpattern: Pre-provisioned PV (default fs)] subPath should fail if subpath file is outside the volume [Slow][LinuxOnly]" classname="Kubernetes e2e suite" time="0">
          <skipped></skipped>
      </testcase>
      <testcase name="[sig-storage] In-tree Volumes [Driver: local][LocalVolumeType: dir] [Testpattern: Inline-volume (xfs)][Slow] volumes should allow exec of files on the volume" classname="Kubernetes e2e suite" time="0">
          <skipped></skipped>
      </testcase>
      <testcase name="[sig-storage] In-tree Volumes [Driver: emptydir] [Testpattern: Pre-provisioned PV (xfs)][Slow] volumes should allow exec of files on the volume" classname="Kubernetes e2e suite" time="0">
          <skipped></skipped>
      </testcase>
      <testcase name="[sig-storage] In-tree Volumes [Driver: local][LocalVolumeType: tmpfs] [Testpattern: Pre-provisioned PV (block volmode)] multiVolume [Slow] should concurrently access the single read-only volume from pods on the same node" classname="Kubernetes e2e suite" time="0">
          <skipped></skipped>
      </testcase>
      <testcase name="[sig-storage] CSI Volumes [Driver: csi-hostpath] [Testpattern: Dynamic PV (default fs)] volume-stress multiple pods should access different volumes repeatedly [Slow] [Serial]" classname="Kubernetes e2e suite" time="0">
          <skipped></skipped>
      </testcase>
      <testcase name="[sig-storage] In-tree Volumes [Driver: nfs] [Testpattern: Pre-provisioned PV (default fs)] subPath should support existing directory" classname="Kubernetes e2e suite" time="0">
          <skipped></skipped>
      </testcase>
      <testcase name="[sig-storage] In-tree Volumes [Driver: local][LocalVolumeType: block] [Testpattern: Pre-provisioned PV (block volmode)] multiVolume [Slow] should concurrently access the volume and its clone from pods on the same node [LinuxOnly][Feature:VolumeSnapshotDataSource][Feature:VolumeSourceXFS]" classname="Kubernetes e2e suite" time="0">
          <skipped></skipped>
      </testcase>
      <testcase name="[sig-storage] In-tree Volumes [Driver: emptydir] [Testpattern: Pre-provisioned PV (default fs)] subPath should support existing directories when readOnly specified in the volumeSource" classname="Kubernetes e2e suite" time="0">
          <skipped></skipped>
      </testcase>
      <testcase name="[sig-storage] In-tree Volumes [Driver: windows-gcepd] [Testpattern: Inline-volume (default fs)] subPath should support file as subpath [LinuxOnly]" classname="Kubernetes e2e suite" time="0">
          <skipped></skipped>
      </testcase>
      <testcase name="[sig-storage] Zone Support [Feature:vsphere] Verify PVC creation fails if only storage policy is specified in the storage class (No shared datastores exist among all the nodes)" classname="Kubernetes e2e suite" time="0">
          <skipped></skipped>
      </testcase>
      <testcase name="[sig-storage] CSI Volumes [Driver: pd.csi.storage.gke.io][Serial] [Testpattern: Dynamic PV (filesystem volmode)] volumeLimits should support volume limits [Serial]" classname="Kubernetes e2e suite" time="0">
          <skipped></skipped>
      </testcase>
      <testcase name="[sig-network] Netpol NetworkPolicy between server and client should enforce policy based on any PodSelectors [Feature:NetworkPolicy]" classname="Kubernetes e2e suite" time="0">
          <skipped></skipped>
      </testcase>
      <testcase name="[sig-storage] In-tree Volumes [Driver: local][LocalVolumeType: gce-localssd-scsi-fs] [Serial] [Testpattern: Dynamic PV (xfs)][Slow] multiVolume [Slow] should access to two volumes with different volume mode and retain data across pod recreation on the same node" classname="Kubernetes e2e suite" time="0">
          <skipped></skipped>
      </testcase>
      <testcase name="[sig-storage] In-tree Volumes [Driver: hostPathSymlink] [Testpattern: Dynamic PV (block volmode)] multiVolume [Slow] should access to two volumes with different volume mode and retain data across pod recreation on the same node" classname="Kubernetes e2e suite" time="0">
          <skipped></skipped>
      </testcase>
      <testcase name="[sig-storage] In-tree Volumes [Driver: rbd][Feature:Volumes][Serial] [Testpattern: Inline-volume (default fs)] subPath should fail if non-existent subpath is outside the volume [Slow][LinuxOnly]" classname="Kubernetes e2e suite" time="0">
          <skipped></skipped>
      </testcase>
      <testcase name="[sig-storage] In-tree Volumes [Driver: nfs] [Testpattern: Dynamic PV (block volmode)] provisioning should provision storage with pvc data source" classname="Kubernetes e2e suite" time="0">
          <skipped></skipped>
      </testcase>
      <testcase name="[sig-storage] In-tree Volumes [Driver: aws] [Testpattern: Dynamic PV (xfs)][Slow] multiVolume [Slow] should access to two volumes with different volume mode and retain data across pod recreation on different node" classname="Kubernetes e2e suite" time="0">
          <skipped></skipped>
      </testcase>
      <testcase name="[sig-node] NoExecuteTaintManager Single Pod [Serial] removing taint cancels eviction [Disruptive] [Conformance]" classname="Kubernetes e2e suite" time="135.833155572"></testcase>
      <testcase name="[sig-storage] In-tree Volumes [Driver: emptydir] [Testpattern: Dynamic PV (ntfs)(allowExpansion)][Feature:Windows] volume-expand Verify if offline PVC expansion works" classname="Kubernetes e2e suite" time="0">
          <skipped></skipped>
      </testcase>
      <testcase name="[sig-storage] In-tree Volumes [Driver: local][LocalVolumeType: gce-localssd-scsi-fs] [Serial] [Testpattern: Dynamic PV (block volmode)] volume-stress multiple pods should access different volumes repeatedly [Slow] [Serial]" classname="Kubernetes e2e suite" time="0">
          <skipped></skipped>
      </testcase>
      <testcase name="[sig-storage] Storage Policy Based Volume Provisioning [Feature:vsphere] verify VSAN storage capability with invalid hostFailuresToTolerate value is not honored for dynamically provisioned pvc using storageclass" classname="Kubernetes e2e suite" time="0">
          <skipped></skipped>
      </testcase>
      <testcase name="[sig-storage] In-tree Volumes [Driver: gluster] [Testpattern: Dynamic PV (default fs)] subPath should support restarting containers using file as subpath [Slow][LinuxOnly]" classname="Kubernetes e2e suite" time="0">
          <skipped></skipped>
      </testcase>
      <testcase name="[sig-storage] CSI Volumes [Driver: pd.csi.storage.gke.io][Serial] [Testpattern: Pre-provisioned PV (block volmode)] multiVolume [Slow] should access to two volumes with different volume mode and retain data across pod recreation on different node" classname="Kubernetes e2e suite" time="0">
          <skipped></skipped>
      </testcase>
      <testcase name="[sig-network] Proxy version v1 A set of valid responses are returned for both pod and service ProxyWithPath [Conformance]" classname="Kubernetes e2e suite" time="7.308693186"></testcase>
      <testcase name="[sig-storage] In-tree Volumes [Driver: local][LocalVolumeType: dir-bindmounted] [Testpattern: Pre-provisioned PV (xfs)][Slow] volumes should allow exec of files on the volume" classname="Kubernetes e2e suite" time="0">
          <skipped></skipped>
      </testcase>
      <testcase name="[sig-storage] In-tree Volumes [Driver: aws] [Testpattern: Pre-provisioned PV (filesystem volmode)] multiVolume [Slow] should concurrently access the single volume from pods on different node" classname="Kubernetes e2e suite" time="0">
          <skipped></skipped>
      </testcase>
      <testcase name="[sig-storage] In-tree Volumes [Driver: local][LocalVolumeType: gce-localssd-scsi-fs] [Serial] [Testpattern: Dynamic PV (default fs)] fsgroupchangepolicy (Always)[LinuxOnly], pod created with an initial fsgroup, new pod fsgroup applied to volume contents" classname="Kubernetes e2e suite" time="0">
          <skipped></skipped>
      </testcase>
      <testcase name="[sig-storage] In-tree Volumes [Driver: local][LocalVolumeType: dir-link] [Testpattern: Dynamic PV (filesystem volmode)] volumeLimits should verify that all csinodes have volume limits" classname="Kubernetes e2e suite" time="0">
          <skipped></skipped>
      </testcase>
      <testcase name="[sig-storage] In-tree Volumes [Driver: local][LocalVolumeType: dir-bindmounted] [Testpattern: Pre-provisioned PV (filesystem volmode)] disruptive[Disruptive][LinuxOnly] Should test that pv written before kubelet restart is readable after restart." classname="Kubernetes e2e suite" time="0">
          <skipped></skipped>
      </testcase>
      <testcase name="[sig-storage] In-tree Volumes [Driver: local][LocalVolumeType: dir] [Testpattern: Pre-provisioned PV (ext4)] volumes should store data" classname="Kubernetes e2e suite" time="0">
          <skipped></skipped>
      </testcase>
      <testcase name="[sig-storage] In-tree Volumes [Driver: emptydir] [Testpattern: Dynamic PV (default fs)] subPath should support non-existent path" classname="Kubernetes e2e suite" time="0">
          <skipped></skipped>
      </testcase>
      <testcase name="[sig-storage] Downward API [Serial] [Disruptive] [NodeFeature:EphemeralStorage] Downward API tests for local ephemeral storage should provide container&#39;s limits.ephemeral-storage and requests.ephemeral-storage as env vars" classname="Kubernetes e2e suite" time="0">
          <skipped></skipped>
      </testcase>
      <testcase name="[sig-storage] In-tree Volumes [Driver: nfs] [Testpattern: Pre-provisioned PV (filesystem volmode)] multiVolume [Slow] should access to two volumes with the same volume mode and retain data across pod recreation on different node" classname="Kubernetes e2e suite" time="0">
          <skipped></skipped>
      </testcase>
      <testcase name="[sig-storage] In-tree Volumes [Driver: local][LocalVolumeType: tmpfs] [Testpattern: Dynamic PV (xfs)][Slow] multiVolume [Slow] should concurrently access the single read-only volume from pods on the same node" classname="Kubernetes e2e suite" time="0">
          <skipped></skipped>
      </testcase>
      <testcase name="[sig-cli] Kubectl client Guestbook application should create and stop a working application  [Conformance]" classname="Kubernetes e2e suite" time="45.324850304"></testcase>
      <testcase name="[sig-storage] In-tree Volumes [Driver: aws] [Testpattern: Dynamic PV (filesystem volmode)] multiVolume [Slow] should concurrently access the single volume from pods on different node" classname="Kubernetes e2e suite" time="0">
          <skipped></skipped>
      </testcase>
      <testcase name="[sig-storage] In-tree Volumes [Driver: local][LocalVolumeType: block] [Testpattern: Inline-volume (default fs)] volumes should store data" classname="Kubernetes e2e suite" time="0">
          <skipped></skipped>
      </testcase>
      <testcase name="[sig-storage] In-tree Volumes [Driver: emptydir] [Testpattern: Dynamic PV (block volmode)] multiVolume [Slow] should access to two volumes with different volume mode and retain data across pod recreation on the same node" classname="Kubernetes e2e suite" time="0">
          <skipped></skipped>
      </testcase>
      <testcase name="[sig-storage] In-tree Volumes [Driver: nfs] [Testpattern: Dynamic PV (xfs)][Slow] multiVolume [Slow] should access to two volumes with different volume mode and retain data across pod recreation on the same node" classname="Kubernetes e2e suite" time="0">
          <skipped></skipped>
      </testcase>
      <testcase name="[sig-storage] CSI Volumes [Driver: csi-hostpath] [Testpattern: Pre-provisioned PV (block volmode)] multiVolume [Slow] should access to two volumes with different volume mode and retain data across pod recreation on the same node" classname="Kubernetes e2e suite" time="0">
          <skipped></skipped>
      </testcase>
      <testcase name="[sig-storage] In-tree Volumes [Driver: vsphere] [Testpattern: Dynamic PV (ntfs)][Feature:Windows] subPath should fail if subpath directory is outside the volume [Slow][LinuxOnly]" classname="Kubernetes e2e suite" time="0">
          <skipped></skipped>
      </testcase>
      <testcase name="[sig-node] Sysctls [LinuxOnly] [NodeConformance] should reject invalid sysctls [MinimumKubeletVersion:1.21] [Conformance]" classname="Kubernetes e2e suite" time="0.382292069"></testcase>
      <testcase name="[sig-node] Pods should be submitted and removed [NodeConformance] [Conformance]" classname="Kubernetes e2e suite" time="24.0214985"></testcase>
      <testcase name="[sig-storage] In-tree Volumes [Driver: azure-disk] [Testpattern: Pre-provisioned PV (default fs)] subPath should support restarting containers using directory as subpath [Slow]" classname="Kubernetes e2e suite" time="0">
          <skipped></skipped>
      </testcase>
      <testcase name="[sig-storage] In-tree Volumes [Driver: vsphere] [Testpattern: Pre-provisioned PV (filesystem volmode)] volumeMode should fail to use a volume in a pod with mismatched mode [Slow]" classname="Kubernetes e2e suite" time="0">
          <skipped></skipped>
      </testcase>
      <testcase name="[sig-apps] StatefulSet Basic StatefulSet functionality [StatefulSetBasic] should implement legacy replacement when the update strategy is OnDelete" classname="Kubernetes e2e suite" time="0">
          <skipped></skipped>
      </testcase>
      <testcase name="[sig-storage] In-tree Volumes [Driver: azure-disk] [Testpattern: Dynamic PV (ext4)] multiVolume [Slow] should concurrently access the single volume from pods on different node" classname="Kubernetes e2e suite" time="0">
          <skipped></skipped>
      </testcase>
      <testcase name="[sig-storage] In-tree Volumes [Driver: vsphere] [Testpattern: Dynamic PV (filesystem volmode)] volumeLimits should verify that all csinodes have volume limits" classname="Kubernetes e2e suite" time="0">
          <skipped></skipped>
      </testcase>
      <testcase name="[sig-storage] In-tree Volumes [Driver: azure-disk] [Testpattern: Inline-volume (default fs)] subPath should fail if subpath with backstepping is outside the volume [Slow][LinuxOnly]" classname="Kubernetes e2e suite" time="0">
          <skipped></skipped>
      </testcase>
      <testcase name="[sig-storage] In-tree Volumes [Driver: local][LocalVolumeType: dir-link-bindmounted] [Testpattern: Pre-provisioned PV (default fs)] subPath should unmount if pod is force deleted while kubelet is down [Disruptive][Slow][LinuxOnly]" classname="Kubernetes e2e suite" time="0">
          <skipped></skipped>
      </testcase>
      <testcase name="[sig-storage] In-tree Volumes [Driver: gcepd] [Testpattern: Dynamic PV (default fs)] subPath should support restarting containers using directory as subpath [Slow]" classname="Kubernetes e2e suite" time="0">
          <skipped></skipped>
      </testcase>
      <testcase name="[sig-storage] In-tree Volumes [Driver: azure-disk] [Testpattern: Pre-provisioned PV (default fs)] subPath should support file as subpath [LinuxOnly]" classname="Kubernetes e2e suite" time="0">
          <skipped></skipped>
      </testcase>
      <testcase name="[sig-apps] CronJob should delete successful finished jobs with limit of one successful job" classname="Kubernetes e2e suite" time="0">
          <skipped></skipped>
      </testcase>
      <testcase name="[sig-storage] In-tree Volumes [Driver: gluster] [Testpattern: Dynamic PV (ntfs)][Feature:Windows] subPath should unmount if pod is gracefully deleted while kubelet is down [Disruptive][Slow][LinuxOnly]" classname="Kubernetes e2e suite" time="0">
          <skipped></skipped>
      </testcase>
      <testcase name="[sig-storage] In-tree Volumes [Driver: local][LocalVolumeType: blockfs] [Testpattern: Pre-provisioned PV (default fs)] subPath should be able to unmount after the subpath directory is deleted [LinuxOnly]" classname="Kubernetes e2e suite" time="0">
          <skipped></skipped>
      </testcase>
      <testcase name="[sig-storage] CSI Volumes [Driver: csi-hostpath] [Testpattern: Dynamic PV (default fs)] subPath should support creating multiple subpath from same volumes [Slow]" classname="Kubernetes e2e suite" time="0">
          <skipped></skipped>
      </testcase>
      <testcase name="[sig-storage] In-tree Volumes [Driver: local][LocalVolumeType: block] [Testpattern: Dynamic PV (ntfs)][Feature:Windows] subPath should support restarting containers using file as subpath [Slow][LinuxOnly]" classname="Kubernetes e2e suite" time="0">
          <skipped></skipped>
      </testcase>
      <testcase name="[sig-storage] In-tree Volumes [Driver: hostPathSymlink] [Testpattern: Dynamic PV (default fs)] subPath should fail if subpath directory is outside the volume [Slow][LinuxOnly]" classname="Kubernetes e2e suite" time="0">
          <skipped></skipped>
      </testcase>
      <testcase name="[sig-storage] In-tree Volumes [Driver: emptydir] [Testpattern: Dynamic PV (ntfs)][Feature:Windows] subPath should support restarting containers using file as subpath [Slow][LinuxOnly]" classname="Kubernetes e2e suite" time="0">
          <skipped></skipped>
      </testcase>
      <testcase name="[sig-storage] In-tree Volumes [Driver: local][LocalVolumeType: gce-localssd-scsi-fs] [Serial] [Testpattern: Dynamic PV (default fs)] provisioning should provision storage with snapshot data source [Feature:VolumeSnapshotDataSource]" classname="Kubernetes e2e suite" time="0">
          <skipped></skipped>
      </testcase>
      <testcase name="[sig-storage] CSI Volumes [Driver: csi-hostpath] [Testpattern: Inline-volume (default fs)] subPath should fail if subpath file is outside the volume [Slow][LinuxOnly]" classname="Kubernetes e2e suite" time="0">
          <skipped></skipped>
      </testcase>
      <testcase name="[sig-node] RuntimeClass should run a Pod requesting a RuntimeClass with a configured handler [NodeFeature:RuntimeHandler]" classname="Kubernetes e2e suite" time="0">
          <skipped></skipped>
      </testcase>
      <testcase name="[sig-storage] In-tree Volumes [Driver: local][LocalVolumeType: dir-bindmounted] [Testpattern: Dynamic PV (block volmode)] multiVolume [Slow] should access to two volumes with the same volume mode and retain data across pod recreation on different node" classname="Kubernetes e2e suite" time="0">
          <skipped></skipped>
      </testcase>
      <testcase name="[sig-storage] In-tree Volumes [Driver: gluster] [Testpattern: Pre-provisioned PV (block volmode)] multiVolume [Slow] should access to two volumes with the same volume mode and retain data across pod recreation on the same node" classname="Kubernetes e2e suite" time="0">
          <skipped></skipped>
      </testcase>
      <testcase name="[sig-storage] In-tree Volumes [Driver: local][LocalVolumeType: dir] [Testpattern: Pre-provisioned PV (default fs)] subPath should fail if non-existent subpath is outside the volume [Slow][LinuxOnly]" classname="Kubernetes e2e suite" time="0">
          <skipped></skipped>
      </testcase>
      <testcase name="[sig-api-machinery] CustomResourceDefinition resources [Privileged:ClusterAdmin] should include custom resource definition resources in discovery documents [Conformance]" classname="Kubernetes e2e suite" time="0.187240427"></testcase>
      <testcase name="[sig-storage] In-tree Volumes [Driver: windows-gcepd] [Testpattern: Dynamic PV (ntfs)][Feature:Windows] subPath should be able to unmount after the subpath directory is deleted [LinuxOnly]" classname="Kubernetes e2e suite" time="0">
          <skipped></skipped>
      </testcase>
      <testcase name="[sig-storage] In-tree Volumes [Driver: iscsi][Feature:Volumes] [Testpattern: Dynamic PV (block volmode)(allowExpansion)] volume-expand Verify if offline PVC expansion works" classname="Kubernetes e2e suite" time="0">
          <skipped></skipped>
      </testcase>
      <testcase name="[sig-storage] In-tree Volumes [Driver: aws] [Testpattern: Inline-volume (ntfs)][Feature:Windows] volumes should store data" classname="Kubernetes e2e suite" time="0">
          <skipped></skipped>
      </testcase>
      <testcase name="[sig-storage] In-tree Volumes [Driver: local][LocalVolumeType: block] [Testpattern: Pre-provisioned PV (default fs)] subPath should support readOnly file specified in the volumeMount [LinuxOnly]" classname="Kubernetes e2e suite" time="0">
          <skipped></skipped>
      </testcase>
      <testcase name="[sig-storage] In-tree Volumes [Driver: local][LocalVolumeType: block] [Testpattern: Pre-provisioned PV (block volmode)] disruptive[Disruptive][LinuxOnly] Should test that pv written before kubelet restart is readable after restart." classname="Kubernetes e2e suite" time="0">
          <skipped></skipped>
      </testcase>
      <testcase name="[sig-storage] PersistentVolumes-local  [Volume type: dir-link] Set fsGroup for local volume should set different fsGroup for second pod if first pod is deleted" classname="Kubernetes e2e suite" time="0">
          <skipped></skipped>
      </testcase>
      <testcase name="[sig-storage] In-tree Volumes [Driver: gluster] [Testpattern: Dynamic PV (default fs)(allowExpansion)] volume-expand should resize volume when PVC is edited while pod is using it" classname="Kubernetes e2e suite" time="0">
          <skipped></skipped>
      </testcase>
      <testcase name="[sig-storage] In-tree Volumes [Driver: local][LocalVolumeType: dir-link-bindmounted] [Testpattern: Inline-volume (xfs)][Slow] volumes should store data" classname="Kubernetes e2e suite" time="0">
          <skipped></skipped>
      </testcase>
      <testcase name="[sig-storage] In-tree Volumes [Driver: cinder] [Testpattern: Dynamic PV (block volmode)] provisioning should provision storage with mount options" classname="Kubernetes e2e suite" time="0">
          <skipped></skipped>
      </testcase>
      <testcase name="[sig-storage] In-tree Volumes [Driver: aws] [Testpattern: Dynamic PV (default fs)(allowExpansion)] volume-expand Verify if offline PVC expansion works" classname="Kubernetes e2e suite" time="0">
          <skipped></skipped>
      </testcase>
      <testcase name="[sig-storage] PersistentVolumes-local  [Volume type: dir-link-bindmounted] Two pods mounting a local volume one after the other should be able to write from pod1 and read from pod2" classname="Kubernetes e2e suite" time="0">
          <skipped></skipped>
      </testcase>
      <testcase name="[sig-storage] In-tree Volumes [Driver: local][LocalVolumeType: blockfs] [Testpattern: Pre-provisioned PV (default fs)] subPath should fail if subpath file is outside the volume [Slow][LinuxOnly]" classname="Kubernetes e2e suite" time="0">
          <skipped></skipped>
      </testcase>
      <testcase name="[sig-network] Networking Granular Checks: Services should function for client IP based session affinity: http [LinuxOnly]" classname="Kubernetes e2e suite" time="0">
          <skipped></skipped>
      </testcase>
      <testcase name="[sig-storage] In-tree Volumes [Driver: azure-disk] [Testpattern: Pre-provisioned PV (default fs)] volumeIO should write files of various sizes, verify size, validate content [Slow][LinuxOnly]" classname="Kubernetes e2e suite" time="0">
          <skipped></skipped>
      </testcase>
      <testcase name="[sig-storage] In-tree Volumes [Driver: windows-gcepd] [Testpattern: Pre-provisioned PV (block volmode)] volumeMode should fail to create pod by failing to mount volume [Slow]" classname="Kubernetes e2e suite" time="0">
          <skipped></skipped>
      </testcase>
      <testcase name="[sig-storage] In-tree Volumes [Driver: local][LocalVolumeType: dir-bindmounted] [Testpattern: Dynamic PV (ext4)] multiVolume [Slow] should access to two volumes with the same volume mode and retain data across pod recreation on the same node" classname="Kubernetes e2e suite" time="0">
          <skipped></skipped>
      </testcase>
      <testcase name="[sig-storage] In-tree Volumes [Driver: iscsi][Feature:Volumes] [Testpattern: Pre-provisioned PV (block volmode)] multiVolume [Slow] should concurrently access the volume and its clone from pods on the same node [LinuxOnly][Feature:VolumeSnapshotDataSource][Feature:VolumeSourceXFS]" classname="Kubernetes e2e suite" time="0">
          <skipped></skipped>
      </testcase>
      <testcase name="[sig-storage] In-tree Volumes [Driver: local][LocalVolumeType: block] [Testpattern: Dynamic PV (default fs)] provisioning should provision storage with snapshot data source [Feature:VolumeSnapshotDataSource]" classname="Kubernetes e2e suite" time="0">
          <skipped></skipped>
      </testcase>
      <testcase name="[sig-storage] CSI Volumes [Driver: pd.csi.storage.gke.io][Serial] [Testpattern: Pre-provisioned PV (xfs)][Slow] volumes should store data" classname="Kubernetes e2e suite" time="0">
          <skipped></skipped>
      </testcase>
      <testcase name="[sig-storage] In-tree Volumes [Driver: local][LocalVolumeType: dir-link-bindmounted] [Testpattern: Dynamic PV (default fs)] subPath should support restarting containers using file as subpath [Slow][LinuxOnly]" classname="Kubernetes e2e suite" time="0">
          <skipped></skipped>
      </testcase>
      <testcase name="[sig-storage] In-tree Volumes [Driver: vsphere] [Testpattern: Inline-volume (ext4)] volumes should store data" classname="Kubernetes e2e suite" time="0">
          <skipped></skipped>
      </testcase>
      <testcase name="[sig-auth] ServiceAccounts should set ownership and permission when RunAsUser or FsGroup is present [LinuxOnly] [NodeFeature:FSGroup]" classname="Kubernetes e2e suite" time="0">
          <skipped></skipped>
      </testcase>
      <testcase name="[sig-storage] In-tree Volumes [Driver: rbd][Feature:Volumes][Serial] [Testpattern: Dynamic PV (ext4)] volumes should allow exec of files on the volume" classname="Kubernetes e2e suite" time="0">
          <skipped></skipped>
      </testcase>
      <testcase name="[sig-network] Netpol NetworkPolicy between server and client should enforce policy based on Multiple PodSelectors and NamespaceSelectors [Feature:NetworkPolicy]" classname="Kubernetes e2e suite" time="0">
          <skipped></skipped>
      </testcase>
      <testcase name="[sig-storage] In-tree Volumes [Driver: windows-gcepd] [Testpattern: Inline-volume (xfs)][Slow] volumes should store data" classname="Kubernetes e2e suite" time="0">
          <skipped></skipped>
      </testcase>
      <testcase name="[sig-storage] In-tree Volumes [Driver: hostPathSymlink] [Testpattern: Inline-volume (default fs)] subPath should fail if subpath file is outside the volume [Slow][LinuxOnly]" classname="Kubernetes e2e suite" time="0">
          <skipped></skipped>
      </testcase>
      <testcase name="[sig-storage] In-tree Volumes [Driver: windows-gcepd] [Testpattern: Dynamic PV (ntfs)][Feature:Windows] provisioning should provision storage with pvc data source" classname="Kubernetes e2e suite" time="0">
          <skipped></skipped>
      </testcase>
      <testcase name="[sig-storage] Projected downwardAPI should provide podname as non-root with fsgroup and defaultMode [LinuxOnly] [NodeFeature:FSGroup]" classname="Kubernetes e2e suite" time="0">
          <skipped></skipped>
      </testcase>
      <testcase name="[sig-storage] In-tree Volumes [Driver: hostPathSymlink] [Testpattern: Pre-provisioned PV (filesystem volmode)] volumeMode should fail to use a volume in a pod with mismatched mode [Slow]" classname="Kubernetes e2e suite" time="0">
          <skipped></skipped>
      </testcase>
      <testcase name="[sig-storage] CSI Volumes [Driver: csi-hostpath] [Testpattern: Dynamic PV (block volmode)] provisioning should provision storage with snapshot data source [Feature:VolumeSnapshotDataSource]" classname="Kubernetes e2e suite" time="0">
          <skipped></skipped>
      </testcase>
      <testcase name="[sig-storage] CSI Volumes [Driver: pd.csi.storage.gke.io][Serial] [Testpattern: Pre-provisioned PV (block volmode)] multiVolume [Slow] should concurrently access the volume and restored snapshot from pods on the same node [LinuxOnly][Feature:VolumeSnapshotDataSource][Feature:VolumeSourceXFS]" classname="Kubernetes e2e suite" time="0">
          <skipped></skipped>
      </testcase>
      <testcase name="[sig-storage] In-tree Volumes [Driver: vsphere] [Testpattern: Pre-provisioned PV (default fs)] volumes should store data" classname="Kubernetes e2e suite" time="0">
          <skipped></skipped>
      </testcase>
      <testcase name="[sig-storage] In-tree Volumes [Driver: cinder] [Testpattern: Pre-provisioned PV (ext4)] volumes should store data" classname="Kubernetes e2e suite" time="0">
          <skipped></skipped>
      </testcase>
      <testcase name="[sig-storage] In-tree Volumes [Driver: windows-gcepd] [Testpattern: Dynamic PV (default fs)] subPath should fail if subpath directory is outside the volume [Slow][LinuxOnly]" classname="Kubernetes e2e suite" time="0">
          <skipped></skipped>
      </testcase>
      <testcase name="[sig-storage] In-tree Volumes [Driver: windows-gcepd] [Testpattern: Dynamic PV (block volmode)] volume-stress multiple pods should access different volumes repeatedly [Slow] [Serial]" classname="Kubernetes e2e suite" time="0">
          <skipped></skipped>
      </testcase>
      <testcase name="[sig-storage] In-tree Volumes [Driver: cinder] [Testpattern: Inline-volume (default fs)] subPath should support readOnly file specified in the volumeMount [LinuxOnly]" classname="Kubernetes e2e suite" time="0">
          <skipped></skipped>
      </testcase>
      <testcase name="[sig-storage] In-tree Volumes [Driver: gcepd] [Testpattern: Dynamic PV (default fs)] subPath should fail if subpath with backstepping is outside the volume [Slow][LinuxOnly]" classname="Kubernetes e2e suite" time="0">
          <skipped></skipped>
      </testcase>
      <testcase name="[sig-storage] In-tree Volumes [Driver: local][LocalVolumeType: gce-localssd-scsi-fs] [Serial] [Testpattern: Dynamic PV (default fs)] subPath should be able to unmount after the subpath directory is deleted [LinuxOnly]" classname="Kubernetes e2e suite" time="0">
          <skipped></skipped>
      </testcase>
      <testcase name="[sig-storage] In-tree Volumes [Driver: windows-gcepd] [Testpattern: Dynamic PV (filesystem volmode)] volumeMode should not mount / map unused volumes in a pod [LinuxOnly]" classname="Kubernetes e2e suite" time="0">
          <skipped></skipped>
      </testcase>
      <testcase name="[sig-storage] In-tree Volumes [Driver: local][LocalVolumeType: dir] [Testpattern: Inline-volume (xfs)][Slow] volumes should store data" classname="Kubernetes e2e suite" time="0">
          <skipped></skipped>
      </testcase>
      <testcase name="[sig-storage] In-tree Volumes [Driver: local][LocalVolumeType: blockfs] [Testpattern: Dynamic PV (xfs)][Slow] multiVolume [Slow] should concurrently access the single volume from pods on different node" classname="Kubernetes e2e suite" time="0">
          <skipped></skipped>
      </testcase>
      <testcase name="[sig-storage] Volume Disk Format [Feature:vsphere] verify disk format type - zeroedthick is honored for dynamically provisioned pv using storageclass" classname="Kubernetes e2e suite" time="0">
          <skipped></skipped>
      </testcase>
      <testcase name="[sig-storage] In-tree Volumes [Driver: iscsi][Feature:Volumes] [Testpattern: Pre-provisioned PV (default fs)] subPath should support file as subpath [LinuxOnly]" classname="Kubernetes e2e suite" time="0">
          <skipped></skipped>
      </testcase>
      <testcase name="[sig-storage] Secrets Should fail non-optional pod creation due to secret object does not exist [Slow]" classname="Kubernetes e2e suite" time="0">
          <skipped></skipped>
      </testcase>
      <testcase name="[sig-storage] In-tree Volumes [Driver: local][LocalVolumeType: dir] [Testpattern: Dynamic PV (ntfs)(allowExpansion)][Feature:Windows] volume-expand should resize volume when PVC is edited while pod is using it" classname="Kubernetes e2e suite" time="0">
          <skipped></skipped>
      </testcase>
      <testcase name="[sig-storage] In-tree Volumes [Driver: local][LocalVolumeType: dir] [Testpattern: Dynamic PV (immediate binding)] topology should fail to schedule a pod which has topologies that conflict with AllowedTopologies" classname="Kubernetes e2e suite" time="0">
          <skipped></skipped>
      </testcase>
      <testcase name="[sig-storage] In-tree Volumes [Driver: local][LocalVolumeType: blockfs] [Testpattern: Dynamic PV (block volmode)] disruptive[Disruptive][LinuxOnly] Should test that pv used in a pod that is deleted while the kubelet is down cleans up when the kubelet returns." classname="Kubernetes e2e suite" time="0">
          <skipped></skipped>
      </testcase>
      <testcase name="[sig-storage] In-tree Volumes [Driver: local][LocalVolumeType: block] [Testpattern: Pre-provisioned PV (block volmode)] volumeMode should not mount / map unused volumes in a pod [LinuxOnly]" classname="Kubernetes e2e suite" time="0">
          <skipped></skipped>
      </testcase>
      <testcase name="[sig-storage] In-tree Volumes [Driver: local][LocalVolumeType: dir] [Testpattern: Pre-provisioned PV (default fs)] subPath should support existing directory" classname="Kubernetes e2e suite" time="0">
          <skipped></skipped>
      </testcase>
      <testcase name="[sig-storage] In-tree Volumes [Driver: local][LocalVolumeType: dir-link-bindmounted] [Testpattern: Pre-provisioned PV (default fs)] subPath should support readOnly file specified in the volumeMount [LinuxOnly]" classname="Kubernetes e2e suite" time="0">
          <skipped></skipped>
      </testcase>
      <testcase name="[sig-storage] In-tree Volumes [Driver: cinder] [Testpattern: Dynamic PV (block volmode)] provisioning should provision storage with pvc data source in parallel [Slow]" classname="Kubernetes e2e suite" time="0">
          <skipped></skipped>
      </testcase>
      <testcase name="[sig-storage] CSI Volumes [Driver: pd.csi.storage.gke.io][Serial] [Testpattern: Inline-volume (ext3)] volumes should store data" classname="Kubernetes e2e suite" time="0">
          <skipped></skipped>
      </testcase>
      <testcase name="[sig-network] Netpol NetworkPolicy between server and client should enforce multiple ingress policies with ingress allow-all policy taking precedence [Feature:NetworkPolicy]" classname="Kubernetes e2e suite" time="0">
          <skipped></skipped>
      </testcase>
      <testcase name="[sig-storage] In-tree Volumes [Driver: local][LocalVolumeType: tmpfs] [Testpattern: Inline-volume (default fs)] volumeIO should write files of various sizes, verify size, validate content [Slow][LinuxOnly]" classname="Kubernetes e2e suite" time="0">
          <skipped></skipped>
      </testcase>
      <testcase name="[sig-storage] In-tree Volumes [Driver: azure-disk] [Testpattern: Inline-volume (ntfs)][Feature:Windows] volumes should allow exec of files on the volume" classname="Kubernetes e2e suite" time="0">
          <skipped></skipped>
      </testcase>
      <testcase name="[sig-storage] In-tree Volumes [Driver: gluster] [Testpattern: Dynamic PV (default fs)] subPath should fail if subpath with backstepping is outside the volume [Slow][LinuxOnly]" classname="Kubernetes e2e suite" time="0">
          <skipped></skipped>
      </testcase>
      <testcase name="[sig-storage] In-tree Volumes [Driver: hostPathSymlink] [Testpattern: Dynamic PV (filesystem volmode)] volumeMode should fail to use a volume in a pod with mismatched mode [Slow]" classname="Kubernetes e2e suite" time="0">
          <skipped></skipped>
      </testcase>
      <testcase name="[sig-storage] In-tree Volumes [Driver: vsphere] [Testpattern: Pre-provisioned PV (default fs)] subPath should support creating multiple subpath from same volumes [Slow]" classname="Kubernetes e2e suite" time="0">
          <skipped></skipped>
      </testcase>
      <testcase name="[sig-storage] In-tree Volumes [Driver: ceph][Feature:Volumes][Serial] [Testpattern: Dynamic PV (filesystem volmode)] multiVolume [Slow] should access to two volumes with different volume mode and retain data across pod recreation on the same node" classname="Kubernetes e2e suite" time="0">
          <skipped></skipped>
      </testcase>
      <testcase name="[sig-storage] In-tree Volumes [Driver: rbd][Feature:Volumes][Serial] [Testpattern: Dynamic PV (filesystem volmode)] multiVolume [Slow] should concurrently access the single volume from pods on the same node" classname="Kubernetes e2e suite" time="0">
          <skipped></skipped>
      </testcase>
      <testcase name="[sig-storage] In-tree Volumes [Driver: local][LocalVolumeType: dir-link] [Testpattern: Inline-volume (default fs)] volumes should allow exec of files on the volume" classname="Kubernetes e2e suite" time="0">
          <skipped></skipped>
      </testcase>
      <testcase name="[sig-network] Netpol NetworkPolicy between server and client should support allow-all policy [Feature:NetworkPolicy]" classname="Kubernetes e2e suite" time="0">
          <skipped></skipped>
      </testcase>
      <testcase name="[sig-storage] In-tree Volumes [Driver: gluster] [Testpattern: Dynamic PV (ntfs)][Feature:Windows] subPath should support existing directories when readOnly specified in the volumeSource" classname="Kubernetes e2e suite" time="0">
          <skipped></skipped>
      </testcase>
      <testcase name="[sig-storage] In-tree Volumes [Driver: local][LocalVolumeType: dir-link] [Testpattern: Pre-provisioned PV (block volmode)] disruptive[Disruptive][LinuxOnly] Should test that pv written before kubelet restart is readable after restart." classname="Kubernetes e2e suite" time="0">
          <skipped></skipped>
      </testcase>
      <testcase name="[sig-storage] In-tree Volumes [Driver: azure-disk] [Testpattern: Inline-volume (ext3)] volumes should allow exec of files on the volume" classname="Kubernetes e2e suite" time="0">
          <skipped></skipped>
      </testcase>
      <testcase name="[sig-storage] In-tree Volumes [Driver: local][LocalVolumeType: dir-bindmounted] [Testpattern: Dynamic PV (block volmode)] volumeMode should not mount / map unused volumes in a pod [LinuxOnly]" classname="Kubernetes e2e suite" time="0">
          <skipped></skipped>
      </testcase>
      <testcase name="[sig-storage] In-tree Volumes [Driver: local][LocalVolumeType: gce-localssd-scsi-fs] [Serial] [Testpattern: Pre-provisioned PV (default fs)] subPath should support creating multiple subpath from same volumes [Slow]" classname="Kubernetes e2e suite" time="0">
          <skipped></skipped>
      </testcase>
      <testcase name="[sig-storage] CSI mock volume CSI Volume Snapshots secrets [Feature:VolumeSnapshotDataSource] volume snapshot create/delete with secrets" classname="Kubernetes e2e suite" time="0">
          <skipped></skipped>
      </testcase>
      <testcase name="[sig-storage] In-tree Volumes [Driver: emptydir] [Testpattern: Dynamic PV (block volmode)] multiVolume [Slow] should concurrently access the volume and its clone from pods on the same node [LinuxOnly][Feature:VolumeSnapshotDataSource][Feature:VolumeSourceXFS]" classname="Kubernetes e2e suite" time="0">
          <skipped></skipped>
      </testcase>
      <testcase name="[sig-storage] PersistentVolumes-local  [Volume type: tmpfs] Set fsGroup for local volume should set different fsGroup for second pod if first pod is deleted" classname="Kubernetes e2e suite" time="0">
          <skipped></skipped>
      </testcase>
      <testcase name="[sig-storage] PVC Protection Verify &#34;immediate&#34; deletion of a PVC that is not in active use by a pod" classname="Kubernetes e2e suite" time="0">
          <skipped></skipped>
      </testcase>
      <testcase name="[sig-windows] [Feature:Windows] GMSA Full [Serial] [Slow] GMSA support works end to end" classname="Kubernetes e2e suite" time="0">
          <skipped></skipped>
      </testcase>
      <testcase name="[sig-storage] In-tree Volumes [Driver: nfs] [Testpattern: Pre-provisioned PV (block volmode)] disruptive[Disruptive][LinuxOnly] Should test that pv used in a pod that is force deleted while the kubelet is down cleans up when the kubelet returns." classname="Kubernetes e2e suite" time="0">
          <skipped></skipped>
      </testcase>
      <testcase name="[sig-storage] In-tree Volumes [Driver: emptydir] [Testpattern: Dynamic PV (xfs)][Slow] volumes should store data" classname="Kubernetes e2e suite" time="0">
          <skipped></skipped>
      </testcase>
      <testcase name="[sig-storage] In-tree Volumes [Driver: local][LocalVolumeType: blockfs] [Testpattern: Dynamic PV (ext4)] multiVolume [Slow] should concurrently access the volume and restored snapshot from pods on the same node [LinuxOnly][Feature:VolumeSnapshotDataSource][Feature:VolumeSourceXFS]" classname="Kubernetes e2e suite" time="0">
          <skipped></skipped>
      </testcase>
      <testcase name="[sig-storage] In-tree Volumes [Driver: gluster] [Testpattern: Dynamic PV (xfs)][Slow] multiVolume [Slow] should concurrently access the single volume from pods on the same node" classname="Kubernetes e2e suite" time="0">
          <skipped></skipped>
      </testcase>
      <testcase name="[sig-storage] In-tree Volumes [Driver: ceph][Feature:Volumes][Serial] [Testpattern: Dynamic PV (ntfs)][Feature:Windows] subPath should support creating multiple subpath from same volumes [Slow]" classname="Kubernetes e2e suite" time="0">
          <skipped></skipped>
      </testcase>
      <testcase name="[sig-storage] In-tree Volumes [Driver: gcepd] [Testpattern: Pre-provisioned PV (default fs)] subPath should unmount if pod is force deleted while kubelet is down [Disruptive][Slow][LinuxOnly]" classname="Kubernetes e2e suite" time="0">
          <skipped></skipped>
      </testcase>
      <testcase name="[sig-storage] PVC Protection Verify that PVC in active use by a pod is not removed immediately" classname="Kubernetes e2e suite" time="0">
          <skipped></skipped>
      </testcase>
      <testcase name="[sig-storage] In-tree Volumes [Driver: local][LocalVolumeType: blockfs] [Testpattern: Pre-provisioned PV (filesystem volmode)] multiVolume [Slow] should concurrently access the single volume from pods on different node" classname="Kubernetes e2e suite" time="0">
          <skipped></skipped>
      </testcase>
      <testcase name="[sig-storage] In-tree Volumes [Driver: vsphere] [Testpattern: Dynamic PV (default fs)] volumeIO should write files of various sizes, verify size, validate content [Slow][LinuxOnly]" classname="Kubernetes e2e suite" time="0">
          <skipped></skipped>
      </testcase>
      <testcase name="[sig-storage] In-tree Volumes [Driver: ceph][Feature:Volumes][Serial] [Testpattern: Inline-volume (default fs)] subPath should support file as subpath [LinuxOnly]" classname="Kubernetes e2e suite" time="0">
          <skipped></skipped>
      </testcase>
      <testcase name="[sig-storage] In-tree Volumes [Driver: local][LocalVolumeType: tmpfs] [Testpattern: Dynamic PV (default fs)] fsgroupchangepolicy (Always)[LinuxOnly], pod created with an initial fsgroup, volume contents ownership changed in first pod, new pod with same fsgroup applied to the volume contents" classname="Kubernetes e2e suite" time="0">
          <skipped></skipped>
      </testcase>
      <testcase name="[sig-storage] CSI Volumes [Driver: csi-hostpath] [Testpattern: Dynamic PV (xfs)][Slow] multiVolume [Slow] should concurrently access the single volume from pods on the same node" classname="Kubernetes e2e suite" time="0">
          <skipped></skipped>
      </testcase>
      <testcase name="[sig-api-machinery] ResourceQuota [Feature:PodPriority] should verify ResourceQuota&#39;s priority class scope (cpu, memory quota set) against a pod with same priority class." classname="Kubernetes e2e suite" time="0">
          <skipped></skipped>
      </testcase>
      <testcase name="[sig-storage] In-tree Volumes [Driver: hostPathSymlink] [Testpattern: Inline-volume (default fs)] subPath should support readOnly directory specified in the volumeMount" classname="Kubernetes e2e suite" time="0">
          <skipped></skipped>
      </testcase>
      <testcase name="[sig-network] Netpol [Feature:SCTPConnectivity][LinuxOnly][Disruptive] NetworkPolicy between server and client using SCTP should enforce policy to allow traffic only from a pod in a different namespace based on PodSelector and NamespaceSelector [Feature:NetworkPolicy]" classname="Kubernetes e2e suite" time="0">
          <skipped></skipped>
      </testcase>
      <testcase name="[sig-auth] ServiceAccounts should ensure a single API token exists" classname="Kubernetes e2e suite" time="0">
          <skipped></skipped>
      </testcase>
      <testcase name="[sig-storage] In-tree Volumes [Driver: local][LocalVolumeType: tmpfs] [Testpattern: Dynamic PV (block volmode)(allowExpansion)] volume-expand Verify if offline PVC expansion works" classname="Kubernetes e2e suite" time="0">
          <skipped></skipped>
      </testcase>
      <testcase name="[sig-storage] In-tree Volumes [Driver: hostPath] [Testpattern: Dynamic PV (default fs)] subPath should fail if subpath file is outside the volume [Slow][LinuxOnly]" classname="Kubernetes e2e suite" time="0">
          <skipped></skipped>
      </testcase>
      <testcase name="[sig-storage] In-tree Volumes [Driver: vsphere] [Testpattern: Dynamic PV (block volmode)] multiVolume [Slow] should access to two volumes with different volume mode and retain data across pod recreation on the same node" classname="Kubernetes e2e suite" time="0">
          <skipped></skipped>
      </testcase>
      <testcase name="[sig-storage] In-tree Volumes [Driver: ceph][Feature:Volumes][Serial] [Testpattern: Dynamic PV (ntfs)][Feature:Windows] subPath should support readOnly directory specified in the volumeMount" classname="Kubernetes e2e suite" time="0">
          <skipped></skipped>
      </testcase>
      <testcase name="[sig-storage] In-tree Volumes [Driver: local][LocalVolumeType: dir-bindmounted] [Testpattern: Dynamic PV (default fs)] subPath should unmount if pod is force deleted while kubelet is down [Disruptive][Slow][LinuxOnly]" classname="Kubernetes e2e suite" time="0">
          <skipped></skipped>
      </testcase>
      <testcase name="[sig-storage] In-tree Volumes [Driver: rbd][Feature:Volumes][Serial] [Testpattern: Dynamic PV (default fs)] volumeIO should write files of various sizes, verify size, validate content [Slow][LinuxOnly]" classname="Kubernetes e2e suite" time="0">
          <skipped></skipped>
      </testcase>
      <testcase name="[sig-storage] In-tree Volumes [Driver: aws] [Testpattern: Dynamic PV (ntfs)][Feature:Windows] subPath should fail if non-existent subpath is outside the volume [Slow][LinuxOnly]" classname="Kubernetes e2e suite" time="0">
          <skipped></skipped>
      </testcase>
      <testcase name="[sig-storage] In-tree Volumes [Driver: hostPath] [Testpattern: Inline-volume (default fs)] volumeIO should write files of various sizes, verify size, validate content [Slow][LinuxOnly]" classname="Kubernetes e2e suite" time="0">
          <skipped></skipped>
      </testcase>
      <testcase name="[sig-node] Container Lifecycle Hook when create a pod with lifecycle hook should execute poststart http hook properly [NodeConformance] [Conformance]" classname="Kubernetes e2e suite" time="20.339612122"></testcase>
      <testcase name="[sig-storage] In-tree Volumes [Driver: iscsi][Feature:Volumes] [Testpattern: Pre-provisioned PV (xfs)][Slow] volumes should allow exec of files on the volume" classname="Kubernetes e2e suite" time="0">
          <skipped></skipped>
      </testcase>
      <testcase name="[sig-storage] In-tree Volumes [Driver: cinder] [Testpattern: Dynamic PV (default fs)] subPath should verify container cannot write to subpath readonly volumes [Slow]" classname="Kubernetes e2e suite" time="0">
          <skipped></skipped>
      </testcase>
      <testcase name="[sig-storage] In-tree Volumes [Driver: vsphere] [Testpattern: Dynamic PV (block volmode)] multiVolume [Slow] should access to two volumes with the same volume mode and retain data across pod recreation on different node" classname="Kubernetes e2e suite" time="0">
          <skipped></skipped>
      </testcase>
      <testcase name="[sig-storage] In-tree Volumes [Driver: local][LocalVolumeType: dir-bindmounted] [Testpattern: Dynamic PV (default fs)] capacity provides storage capacity information" classname="Kubernetes e2e suite" time="0">
          <skipped></skipped>
      </testcase>
      <testcase name="[sig-storage] In-tree Volumes [Driver: local][LocalVolumeType: gce-localssd-scsi-fs] [Serial] [Testpattern: Pre-provisioned PV (default fs)] subPath should fail if subpath directory is outside the volume [Slow][LinuxOnly]" classname="Kubernetes e2e suite" time="0">
          <skipped></skipped>
      </testcase>
      <testcase name="[sig-storage] In-tree Volumes [Driver: windows-gcepd] [Testpattern: Dynamic PV (block volmode)] multiVolume [Slow] should access to two volumes with the same volume mode and retain data across pod recreation on the same node" classname="Kubernetes e2e suite" time="0">
          <skipped></skipped>
      </testcase>
      <testcase name="[sig-storage] In-tree Volumes [Driver: local][LocalVolumeType: dir-link-bindmounted] [Testpattern: Dynamic PV (filesystem volmode)] volumeMode should fail to use a volume in a pod with mismatched mode [Slow]" classname="Kubernetes e2e suite" time="0">
          <skipped></skipped>
      </testcase>
      <testcase name="[sig-storage] In-tree Volumes [Driver: local][LocalVolumeType: blockfs] [Testpattern: Pre-provisioned PV (block volmode)] volumeMode should fail to create pod by failing to mount volume [Slow]" classname="Kubernetes e2e suite" time="0">
          <skipped></skipped>
      </testcase>
      <testcase name="[sig-storage] In-tree Volumes [Driver: local][LocalVolumeType: block] [Testpattern: Dynamic PV (ntfs)][Feature:Windows] subPath should fail if non-existent subpath is outside the volume [Slow][LinuxOnly]" classname="Kubernetes e2e suite" time="0">
          <skipped></skipped>
      </testcase>
      <testcase name="[sig-autoscaling] [Feature:ClusterSizeAutoscalingScaleUp] [Slow] Autoscaling Autoscaling a service from 1 pod and 3 nodes to 8 pods and &gt;=4 nodes takes less than 15 minutes" classname="Kubernetes e2e suite" time="0">
          <skipped></skipped>
      </testcase>
      <testcase name="[sig-apps] Deployment deployment should support proportional scaling [Conformance]" classname="Kubernetes e2e suite" time="61.489129679"></testcase>
      <testcase name="[sig-storage] CSI Volumes [Driver: csi-hostpath] [Testpattern: Dynamic PV (default fs)] subPath should fail if subpath with backstepping is outside the volume [Slow][LinuxOnly]" classname="Kubernetes e2e suite" time="0">
          <skipped></skipped>
      </testcase>
      <testcase name="[sig-storage] In-tree Volumes [Driver: local][LocalVolumeType: dir-bindmounted] [Testpattern: Dynamic PV (ntfs)][Feature:Windows] subPath should support existing directory" classname="Kubernetes e2e suite" time="0">
          <skipped></skipped>
      </testcase>
      <testcase name="[sig-apps] DisruptionController should block an eviction until the PDB is updated to allow it [Conformance]" classname="Kubernetes e2e suite" time="72.719920305"></testcase>
      <testcase name="[sig-api-machinery] AdmissionWebhook [Privileged:ClusterAdmin] should mutate custom resource with pruning [Conformance]" classname="Kubernetes e2e suite" time="27.261205844"></testcase>
      <testcase name="[sig-storage] In-tree Volumes [Driver: local][LocalVolumeType: dir-link-bindmounted] [Testpattern: Pre-provisioned PV (block volmode)] multiVolume [Slow] should access to two volumes with the same volume mode and retain data across pod recreation on the same node" classname="Kubernetes e2e suite" time="0">
          <skipped></skipped>
      </testcase>
      <testcase name="[sig-storage] In-tree Volumes [Driver: gcepd] [Testpattern: Dynamic PV (ext4)] multiVolume [Slow] should concurrently access the volume and its clone from pods on the same node [LinuxOnly][Feature:VolumeSnapshotDataSource][Feature:VolumeSourceXFS]" classname="Kubernetes e2e suite" time="0">
          <skipped></skipped>
      </testcase>
      <testcase name="[sig-storage] In-tree Volumes [Driver: gluster] [Testpattern: Dynamic PV (default fs)] volume-stress multiple pods should access different volumes repeatedly [Slow] [Serial]" classname="Kubernetes e2e suite" time="0">
          <skipped></skipped>
      </testcase>
      <testcase name="[sig-storage] CSI Volumes [Driver: pd.csi.storage.gke.io][Serial] [Testpattern: Dynamic PV (xfs)][Slow] multiVolume [Slow] should concurrently access the volume and restored snapshot from pods on the same node [LinuxOnly][Feature:VolumeSnapshotDataSource][Feature:VolumeSourceXFS]" classname="Kubernetes e2e suite" time="0">
          <skipped></skipped>
      </testcase>
      <testcase name="[sig-storage] PersistentVolumes-local  [Volume type: dir-bindmounted] Set fsGroup for local volume should set same fsGroup for two pods simultaneously [Slow]" classname="Kubernetes e2e suite" time="0">
          <skipped></skipped>
      </testcase>
      <testcase name="[sig-storage] In-tree Volumes [Driver: ceph][Feature:Volumes][Serial] [Testpattern: Pre-provisioned PV (default fs)] subPath should verify container cannot write to subpath readonly volumes [Slow]" classname="Kubernetes e2e suite" time="0">
          <skipped></skipped>
      </testcase>
      <testcase name="[sig-apps] CronJob should not emit unexpected warnings" classname="Kubernetes e2e suite" time="0">
          <skipped></skipped>
      </testcase>
      <testcase name="[sig-storage] In-tree Volumes [Driver: nfs] [Testpattern: Dynamic PV (default fs)] fsgroupchangepolicy (Always)[LinuxOnly], pod created with an initial fsgroup, volume contents ownership changed in first pod, new pod with same fsgroup applied to the volume contents" classname="Kubernetes e2e suite" time="0">
          <skipped></skipped>
      </testcase>
      <testcase name="[sig-storage] In-tree Volumes [Driver: gluster] [Testpattern: Inline-volume (default fs)] subPath should support restarting containers using file as subpath [Slow][LinuxOnly]" classname="Kubernetes e2e suite" time="0">
          <skipped></skipped>
      </testcase>
      <testcase name="[sig-storage] CSI mock volume CSI NodeStage error cases [Slow] should retry NodeStage after NodeStage final error" classname="Kubernetes e2e suite" time="0">
          <skipped></skipped>
      </testcase>
      <testcase name="[sig-storage] In-tree Volumes [Driver: gcepd] [Testpattern: Dynamic PV (default fs)] subPath should support readOnly directory specified in the volumeMount" classname="Kubernetes e2e suite" time="0">
          <skipped></skipped>
      </testcase>
      <testcase name="[sig-storage] In-tree Volumes [Driver: rbd][Feature:Volumes][Serial] [Testpattern: Dynamic PV (block volmode)] multiVolume [Slow] should concurrently access the volume and its clone from pods on the same node [LinuxOnly][Feature:VolumeSnapshotDataSource][Feature:VolumeSourceXFS]" classname="Kubernetes e2e suite" time="0">
          <skipped></skipped>
      </testcase>
      <testcase name="[sig-storage] In-tree Volumes [Driver: cinder] [Testpattern: Inline-volume (default fs)] subPath should support existing directories when readOnly specified in the volumeSource" classname="Kubernetes e2e suite" time="0">
          <skipped></skipped>
      </testcase>
      <testcase name="[sig-storage] In-tree Volumes [Driver: local][LocalVolumeType: dir-bindmounted] [Testpattern: Dynamic PV (ntfs)][Feature:Windows] subPath should support readOnly directory specified in the volumeMount" classname="Kubernetes e2e suite" time="0">
          <skipped></skipped>
      </testcase>
      <testcase name="[sig-storage] In-tree Volumes [Driver: local][LocalVolumeType: block] [Testpattern: Pre-provisioned PV (default fs)] subPath should support readOnly directory specified in the volumeMount" classname="Kubernetes e2e suite" time="0">
          <skipped></skipped>
      </testcase>
      <testcase name="[sig-storage] CSI Volumes [Driver: csi-hostpath] [Testpattern: Dynamic PV (default fs)] subPath should support non-existent path" classname="Kubernetes e2e suite" time="0">
          <skipped></skipped>
      </testcase>
      <testcase name="[sig-storage] In-tree Volumes [Driver: local][LocalVolumeType: blockfs] [Testpattern: Dynamic PV (default fs)] provisioning should provision storage with pvc data source" classname="Kubernetes e2e suite" time="0">
          <skipped></skipped>
      </testcase>
      <testcase name="[sig-storage] In-tree Volumes [Driver: vsphere] [Testpattern: Dynamic PV (block volmode)(allowExpansion)] volume-expand Verify if offline PVC expansion works" classname="Kubernetes e2e suite" time="0">
          <skipped></skipped>
      </testcase>
      <testcase name="[sig-cloud-provider-gcp] Upgrade [Feature:Upgrade] master upgrade should maintain a functioning cluster [Feature:MasterUpgrade]" classname="Kubernetes e2e suite" time="0">
          <skipped></skipped>
      </testcase>
      <testcase name="[sig-storage] CSI Volumes [Driver: csi-hostpath] [Testpattern: Pre-provisioned PV (xfs)][Slow] volumes should store data" classname="Kubernetes e2e suite" time="0">
          <skipped></skipped>
      </testcase>
      <testcase name="[sig-storage] In-tree Volumes [Driver: hostPath] [Testpattern: Dynamic PV (xfs)][Slow] multiVolume [Slow] should access to two volumes with different volume mode and retain data across pod recreation on the same node" classname="Kubernetes e2e suite" time="0">
          <skipped></skipped>
      </testcase>
      <testcase name="[sig-storage] In-tree Volumes [Driver: vsphere] [Testpattern: Dynamic PV (default fs)] fsgroupchangepolicy (Always)[LinuxOnly], pod created with an initial fsgroup, new pod fsgroup applied to volume contents" classname="Kubernetes e2e suite" time="0">
          <skipped></skipped>
      </testcase>
      <testcase name="[sig-storage] In-tree Volumes [Driver: local][LocalVolumeType: dir-link-bindmounted] [Testpattern: Dynamic PV (block volmode)] provisioning should provision storage with pvc data source in parallel [Slow]" classname="Kubernetes e2e suite" time="0">
          <skipped></skipped>
      </testcase>
      <testcase name="[sig-storage] In-tree Volumes [Driver: azure-disk] [Testpattern: Dynamic PV (ext4)] multiVolume [Slow] should concurrently access the volume and restored snapshot from pods on the same node [LinuxOnly][Feature:VolumeSnapshotDataSource][Feature:VolumeSourceXFS]" classname="Kubernetes e2e suite" time="0">
          <skipped></skipped>
      </testcase>
      <testcase name="[sig-storage] In-tree Volumes [Driver: local][LocalVolumeType: blockfs] [Testpattern: Dynamic PV (xfs)][Slow] multiVolume [Slow] should concurrently access the volume and restored snapshot from pods on the same node [LinuxOnly][Feature:VolumeSnapshotDataSource][Feature:VolumeSourceXFS]" classname="Kubernetes e2e suite" time="0">
          <skipped></skipped>
      </testcase>
      <testcase name="[sig-storage] CSI Volumes [Driver: pd.csi.storage.gke.io][Serial] [Testpattern: Dynamic PV (block volmode)] volumes should store data" classname="Kubernetes e2e suite" time="0">
          <skipped></skipped>
      </testcase>
      <testcase name="[sig-storage] In-tree Volumes [Driver: gluster] [Testpattern: Dynamic PV (block volmode)] provisioning should provision storage with snapshot data source [Feature:VolumeSnapshotDataSource]" classname="Kubernetes e2e suite" time="0">
          <skipped></skipped>
      </testcase>
      <testcase name="[sig-storage] In-tree Volumes [Driver: aws] [Testpattern: Dynamic PV (filesystem volmode)] multiVolume [Slow] should access to two volumes with the same volume mode and retain data across pod recreation on different node" classname="Kubernetes e2e suite" time="0">
          <skipped></skipped>
      </testcase>
      <testcase name="[sig-storage] In-tree Volumes [Driver: iscsi][Feature:Volumes] [Testpattern: Dynamic PV (delayed binding)] topology should provision a volume and schedule a pod with AllowedTopologies" classname="Kubernetes e2e suite" time="0">
          <skipped></skipped>
      </testcase>
      <testcase name="[sig-storage] In-tree Volumes [Driver: local][LocalVolumeType: block] [Testpattern: Dynamic PV (default fs)] volume-expand should not allow expansion of pvcs without AllowVolumeExpansion property" classname="Kubernetes e2e suite" time="0">
          <skipped></skipped>
      </testcase>
      <testcase name="[sig-storage] In-tree Volumes [Driver: local][LocalVolumeType: dir-link] [Testpattern: Pre-provisioned PV (block volmode)] multiVolume [Slow] should access to two volumes with the same volume mode and retain data across pod recreation on the same node" classname="Kubernetes e2e suite" time="0">
          <skipped></skipped>
      </testcase>
      <testcase name="[sig-storage] In-tree Volumes [Driver: cinder] [Testpattern: Pre-provisioned PV (default fs)] subPath should support non-existent path" classname="Kubernetes e2e suite" time="0">
          <skipped></skipped>
      </testcase>
      <testcase name="[sig-apps] DisruptionController evictions: too few pods, absolute =&gt; should not allow an eviction" classname="Kubernetes e2e suite" time="0">
          <skipped></skipped>
      </testcase>
      <testcase name="[sig-storage] Subpath Container restart should verify that container can restart successfully after configmaps modified" classname="Kubernetes e2e suite" time="0">
          <skipped></skipped>
      </testcase>
      <testcase name="[sig-storage] In-tree Volumes [Driver: windows-gcepd] [Testpattern: Inline-volume (ntfs)][Feature:Windows] volumes should store data" classname="Kubernetes e2e suite" time="0">
          <skipped></skipped>
      </testcase>
      <testcase name="[sig-storage] In-tree Volumes [Driver: cinder] [Testpattern: Dynamic PV (ntfs)][Feature:Windows] subPath should fail if non-existent subpath is outside the volume [Slow][LinuxOnly]" classname="Kubernetes e2e suite" time="0">
          <skipped></skipped>
      </testcase>
      <testcase name="[sig-storage] In-tree Volumes [Driver: iscsi][Feature:Volumes] [Testpattern: Pre-provisioned PV (block volmode)] multiVolume [Slow] should access to two volumes with the same volume mode and retain data across pod recreation on different node" classname="Kubernetes e2e suite" time="0">
          <skipped></skipped>
      </testcase>
      <testcase name="[sig-storage] In-tree Volumes [Driver: ceph][Feature:Volumes][Serial] [Testpattern: Dynamic PV (ntfs)(allowExpansion)][Feature:Windows] volume-expand should resize volume when PVC is edited while pod is using it" classname="Kubernetes e2e suite" time="0">
          <skipped></skipped>
      </testcase>
      <testcase name="[sig-node] Security Context When creating a container with runAsNonRoot should not run with an explicit root user ID [LinuxOnly]" classname="Kubernetes e2e suite" time="0">
          <skipped></skipped>
      </testcase>
      <testcase name="[sig-storage] In-tree Volumes [Driver: local][LocalVolumeType: dir-link] [Testpattern: Dynamic PV (ntfs)][Feature:Windows] subPath should fail if subpath with backstepping is outside the volume [Slow][LinuxOnly]" classname="Kubernetes e2e suite" time="0">
          <skipped></skipped>
      </testcase>
      <testcase name="[sig-node] Container Runtime blackbox test on terminated container should report termination message [LinuxOnly] from log output if TerminationMessagePolicy FallbackToLogsOnError is set [NodeConformance] [Conformance]" classname="Kubernetes e2e suite" time="10.387126284"></testcase>
      <testcase name="[sig-storage] In-tree Volumes [Driver: azure-disk] [Testpattern: Dynamic PV (default fs)] subPath should support file as subpath [LinuxOnly]" classname="Kubernetes e2e suite" time="0">
          <skipped></skipped>
      </testcase>
      <testcase name="[sig-storage] CSI Volumes [Driver: csi-hostpath] [Testpattern: Dynamic PV (ntfs)][Feature:Windows] subPath should support existing directory" classname="Kubernetes e2e suite" time="0">
          <skipped></skipped>
      </testcase>
      <testcase name="[sig-storage] In-tree Volumes [Driver: hostPathSymlink] [Testpattern: Inline-volume (default fs)] volumes should allow exec of files on the volume" classname="Kubernetes e2e suite" time="0">
          <skipped></skipped>
      </testcase>
      <testcase name="[sig-storage] In-tree Volumes [Driver: local][LocalVolumeType: dir-link-bindmounted] [Testpattern: Dynamic PV (block volmode)] multiVolume [Slow] should concurrently access the volume and its clone from pods on the same node [LinuxOnly][Feature:VolumeSnapshotDataSource][Feature:VolumeSourceXFS]" classname="Kubernetes e2e suite" time="0">
          <skipped></skipped>
      </testcase>
      <testcase name="[sig-storage] In-tree Volumes [Driver: ceph][Feature:Volumes][Serial] [Testpattern: Dynamic PV (filesystem volmode)] multiVolume [Slow] should concurrently access the single volume from pods on different node" classname="Kubernetes e2e suite" time="0">
          <skipped></skipped>
      </testcase>
      <testcase name="[sig-network] [Feature:IPv6DualStack] should create pod, add ipv6 and ipv4 ip to pod ips" classname="Kubernetes e2e suite" time="0">
          <skipped></skipped>
      </testcase>
      <testcase name="[sig-storage] In-tree Volumes [Driver: ceph][Feature:Volumes][Serial] [Testpattern: Pre-provisioned PV (ext4)] volumes should store data" classname="Kubernetes e2e suite" time="0">
          <skipped></skipped>
      </testcase>
      <testcase name="[sig-storage] In-tree Volumes [Driver: iscsi][Feature:Volumes] [Testpattern: Pre-provisioned PV (ntfs)][Feature:Windows] volumes should allow exec of files on the volume" classname="Kubernetes e2e suite" time="0">
          <skipped></skipped>
      </testcase>
      <testcase name="[sig-network] [Feature:IPv6DualStack] Granular Checks: Services Secondary IP Family [LinuxOnly] should update endpoints: http" classname="Kubernetes e2e suite" time="0">
          <skipped></skipped>
      </testcase>
      <testcase name="[sig-storage] In-tree Volumes [Driver: local][LocalVolumeType: gce-localssd-scsi-fs] [Serial] [Testpattern: Dynamic PV (default fs)] fsgroupchangepolicy (OnRootMismatch)[LinuxOnly], pod created with an initial fsgroup, volume contents ownership changed in first pod, new pod with different fsgroup applied to the volume contents" classname="Kubernetes e2e suite" time="0">
          <skipped></skipped>
      </testcase>
      <testcase name="[sig-storage] In-tree Volumes [Driver: local][LocalVolumeType: tmpfs] [Testpattern: Dynamic PV (default fs)] fsgroupchangepolicy (Always)[LinuxOnly], pod created with an initial fsgroup, new pod fsgroup applied to volume contents" classname="Kubernetes e2e suite" time="0">
          <skipped></skipped>
      </testcase>
      <testcase name="[sig-storage] In-tree Volumes [Driver: local][LocalVolumeType: dir-link] [Testpattern: Dynamic PV (default fs)] subPath should support creating multiple subpath from same volumes [Slow]" classname="Kubernetes e2e suite" time="0">
          <skipped></skipped>
      </testcase>
      <testcase name="[sig-storage] In-tree Volumes [Driver: rbd][Feature:Volumes][Serial] [Testpattern: Pre-provisioned PV (filesystem volmode)] multiVolume [Slow] should access to two volumes with different volume mode and retain data across pod recreation on the same node" classname="Kubernetes e2e suite" time="0">
          <skipped></skipped>
      </testcase>
      <testcase name="[sig-storage] In-tree Volumes [Driver: iscsi][Feature:Volumes] [Testpattern: Pre-provisioned PV (block volmode)] multiVolume [Slow] should concurrently access the single volume from pods on the same node" classname="Kubernetes e2e suite" time="0">
          <skipped></skipped>
      </testcase>
      <testcase name="[sig-storage] In-tree Volumes [Driver: local][LocalVolumeType: block] [Testpattern: Dynamic PV (filesystem volmode)] multiVolume [Slow] should concurrently access the single volume from pods on the same node" classname="Kubernetes e2e suite" time="0">
          <skipped></skipped>
      </testcase>
      <testcase name="[sig-storage] In-tree Volumes [Driver: local][LocalVolumeType: dir-bindmounted] [Testpattern: Dynamic PV (default fs)] subPath should support existing single file [LinuxOnly]" classname="Kubernetes e2e suite" time="0">
          <skipped></skipped>
      </testcase>
      <testcase name="[sig-storage] In-tree Volumes [Driver: windows-gcepd] [Testpattern: Pre-provisioned PV (default fs)] subPath should support readOnly directory specified in the volumeMount" classname="Kubernetes e2e suite" time="0">
          <skipped></skipped>
      </testcase>
      <testcase name="[sig-storage] Projected configMap updates should be reflected in volume [NodeConformance] [Conformance]" classname="Kubernetes e2e suite" time="8.282440227"></testcase>
      <testcase name="[sig-storage] In-tree Volumes [Driver: windows-gcepd] [Testpattern: Dynamic PV (ntfs)][Feature:Windows] subPath should support restarting containers using directory as subpath [Slow]" classname="Kubernetes e2e suite" time="0">
          <skipped></skipped>
      </testcase>
      <testcase name="[sig-storage] In-tree Volumes [Driver: local][LocalVolumeType: dir-link] [Testpattern: Dynamic PV (default fs)] subPath should fail if subpath file is outside the volume [Slow][LinuxOnly]" classname="Kubernetes e2e suite" time="0">
          <skipped></skipped>
      </testcase>
      <testcase name="[sig-network] Networking Granular Checks: Services should support basic nodePort: udp functionality" classname="Kubernetes e2e suite" time="0">
          <skipped></skipped>
      </testcase>
      <testcase name="[sig-storage] In-tree Volumes [Driver: gcepd] [Testpattern: Pre-provisioned PV (filesystem volmode)] multiVolume [Slow] should concurrently access the volume and its clone from pods on the same node [LinuxOnly][Feature:VolumeSnapshotDataSource][Feature:VolumeSourceXFS]" classname="Kubernetes e2e suite" time="0">
          <skipped></skipped>
      </testcase>
      <testcase name="[sig-api-machinery] CustomResourceDefinition resources [Privileged:ClusterAdmin] Simple CustomResourceDefinition getting/updating/patching custom resource definition status sub-resource works  [Conformance]" classname="Kubernetes e2e suite" time="0.794158836"></testcase>
      <testcase name="[sig-storage] Storage Policy Based Volume Provisioning [Feature:vsphere] verify VSAN storage capability with valid diskStripes and objectSpaceReservation values and a VSAN datastore is honored for dynamically provisioned pvc using storageclass" classname="Kubernetes e2e suite" time="0">
          <skipped></skipped>
      </testcase>
      <testcase name="[sig-network] NetworkPolicyLegacy [LinuxOnly] NetworkPolicy between server and client should support a &#39;default-deny-all&#39; policy [Feature:NetworkPolicy]" classname="Kubernetes e2e suite" time="0">
          <skipped></skipped>
      </testcase>
      <testcase name="[sig-storage] In-tree Volumes [Driver: local][LocalVolumeType: block] [Testpattern: Inline-volume (default fs)] subPath should fail if non-existent subpath is outside the volume [Slow][LinuxOnly]" classname="Kubernetes e2e suite" time="0">
          <skipped></skipped>
      </testcase>
      <testcase name="[sig-storage] In-tree Volumes [Driver: hostPath] [Testpattern: Dynamic PV (block volmode)] multiVolume [Slow] should concurrently access the single volume from pods on the same node" classname="Kubernetes e2e suite" time="0">
          <skipped></skipped>
      </testcase>
      <testcase name="[sig-storage] CSI Volumes [Driver: csi-hostpath] [Testpattern: Dynamic PV (default fs)] subPath should unmount if pod is gracefully deleted while kubelet is down [Disruptive][Slow][LinuxOnly]" classname="Kubernetes e2e suite" time="0">
          <skipped></skipped>
      </testcase>
      <testcase name="[sig-storage] PersistentVolumes-local  [Volume type: blockfswithoutformat] Set fsGroup for local volume should set fsGroup for one pod [Slow]" classname="Kubernetes e2e suite" time="0">
          <skipped></skipped>
      </testcase>
      <testcase name="[sig-storage] In-tree Volumes [Driver: local][LocalVolumeType: block] [Testpattern: Dynamic PV (ntfs)][Feature:Windows] provisioning should provision storage with pvc data source in parallel [Slow]" classname="Kubernetes e2e suite" time="0">
          <skipped></skipped>
      </testcase>
      <testcase name="[sig-storage] In-tree Volumes [Driver: gluster] [Testpattern: Dynamic PV (ntfs)(allowExpansion)][Feature:Windows] volume-expand Verify if offline PVC expansion works" classname="Kubernetes e2e suite" time="0">
          <skipped></skipped>
      </testcase>
      <testcase name="[sig-storage] In-tree Volumes [Driver: local][LocalVolumeType: tmpfs] [Testpattern: Dynamic PV (block volmode)] volumeMode should not mount / map unused volumes in a pod [LinuxOnly]" classname="Kubernetes e2e suite" time="0">
          <skipped></skipped>
      </testcase>
      <testcase name="[sig-storage] vsphere statefulset [Feature:vsphere] vsphere statefulset testing" classname="Kubernetes e2e suite" time="0">
          <skipped></skipped>
      </testcase>
      <testcase name="[sig-storage] In-tree Volumes [Driver: hostPath] [Testpattern: Dynamic PV (immediate binding)] topology should fail to schedule a pod which has topologies that conflict with AllowedTopologies" classname="Kubernetes e2e suite" time="0">
          <skipped></skipped>
      </testcase>
      <testcase name="[sig-storage] In-tree Volumes [Driver: local][LocalVolumeType: dir] [Testpattern: Dynamic PV (ntfs)][Feature:Windows] subPath should be able to unmount after the subpath directory is deleted [LinuxOnly]" classname="Kubernetes e2e suite" time="0">
          <skipped></skipped>
      </testcase>
      <testcase name="[sig-storage] In-tree Volumes [Driver: hostPath] [Testpattern: Inline-volume (xfs)][Slow] volumes should store data" classname="Kubernetes e2e suite" time="0">
          <skipped></skipped>
      </testcase>
      <testcase name="[sig-storage] In-tree Volumes [Driver: local][LocalVolumeType: dir] [Testpattern: Dynamic PV (xfs)][Slow] multiVolume [Slow] should access to two volumes with different volume mode and retain data across pod recreation on different node" classname="Kubernetes e2e suite" time="0">
          <skipped></skipped>
      </testcase>
      <testcase name="[sig-storage] In-tree Volumes [Driver: local][LocalVolumeType: dir-link-bindmounted] [Testpattern: Dynamic PV (ntfs)][Feature:Windows] subPath should verify container cannot write to subpath readonly volumes [Slow]" classname="Kubernetes e2e suite" time="0">
          <skipped></skipped>
      </testcase>
      <testcase name="[sig-storage] In-tree Volumes [Driver: vsphere] [Testpattern: Pre-provisioned PV (default fs)] subPath should unmount if pod is force deleted while kubelet is down [Disruptive][Slow][LinuxOnly]" classname="Kubernetes e2e suite" time="0">
          <skipped></skipped>
      </testcase>
      <testcase name="[sig-storage] In-tree Volumes [Driver: local][LocalVolumeType: gce-localssd-scsi-fs] [Serial] [Testpattern: Inline-volume (default fs)] subPath should unmount if pod is force deleted while kubelet is down [Disruptive][Slow][LinuxOnly]" classname="Kubernetes e2e suite" time="0">
          <skipped></skipped>
      </testcase>
      <testcase name="[sig-storage] CSI Volumes [Driver: pd.csi.storage.gke.io][Serial] [Testpattern: Inline-volume (default fs)] subPath should fail if subpath with backstepping is outside the volume [Slow][LinuxOnly]" classname="Kubernetes e2e suite" time="0">
          <skipped></skipped>
      </testcase>
      <testcase name="[sig-storage] In-tree Volumes [Driver: local][LocalVolumeType: dir] [Testpattern: Pre-provisioned PV (default fs)] subPath should support file as subpath [LinuxOnly]" classname="Kubernetes e2e suite" time="0">
          <skipped></skipped>
      </testcase>
      <testcase name="[sig-storage] In-tree Volumes [Driver: cinder] [Testpattern: Dynamic PV (default fs)] provisioning should provision storage with snapshot data source [Feature:VolumeSnapshotDataSource]" classname="Kubernetes e2e suite" time="0">
          <skipped></skipped>
      </testcase>
      <testcase name="[sig-network] Services should preserve source pod IP for traffic thru service cluster IP [LinuxOnly]" classname="Kubernetes e2e suite" time="0">
          <skipped></skipped>
      </testcase>
      <testcase name="[sig-storage] In-tree Volumes [Driver: aws] [Testpattern: Pre-provisioned PV (default fs)] subPath should support non-existent path" classname="Kubernetes e2e suite" time="0">
          <skipped></skipped>
      </testcase>
      <testcase name="[sig-storage] [Feature:Flexvolumes] Mounted flexvolume expand[Slow] Should verify mounted flex volumes can be resized" classname="Kubernetes e2e suite" time="0">
          <skipped></skipped>
      </testcase>
      <testcase name="[sig-storage] CSI Volumes [Driver: csi-hostpath] [Testpattern: Dynamic PV (block volmode)] provisioning should provision storage with pvc data source" classname="Kubernetes e2e suite" time="0">
          <skipped></skipped>
      </testcase>
      <testcase name="[sig-api-machinery] client-go should negotiate watch and report errors with accept &#34;application/json&#34;" classname="Kubernetes e2e suite" time="0">
          <skipped></skipped>
      </testcase>
      <testcase name="[sig-storage] Downward API volume should provide podname only [NodeConformance] [Conformance]" classname="Kubernetes e2e suite" time="18.526020597"></testcase>
      <testcase name="[sig-storage] In-tree Volumes [Driver: local][LocalVolumeType: dir-link-bindmounted] [Testpattern: Pre-provisioned PV (block volmode)] disruptive[Disruptive][LinuxOnly] Should test that pv written before kubelet restart is readable after restart." classname="Kubernetes e2e suite" time="0">
          <skipped></skipped>
      </testcase>
      <testcase name="[sig-storage] In-tree Volumes [Driver: emptydir] [Testpattern: Dynamic PV (filesystem volmode)] volumeMode should fail to use a volume in a pod with mismatched mode [Slow]" classname="Kubernetes e2e suite" time="0">
          <skipped></skipped>
      </testcase>
      <testcase name="[sig-storage] In-tree Volumes [Driver: local][LocalVolumeType: block] [Testpattern: Dynamic PV (block volmode)] disruptive[Disruptive][LinuxOnly] Should test that pv used in a pod that is deleted while the kubelet is down cleans up when the kubelet returns." classname="Kubernetes e2e suite" time="0">
          <skipped></skipped>
      </testcase>
      <testcase name="[sig-storage] EmptyDir volumes when FSGroup is specified [LinuxOnly] [NodeFeature:FSGroup] files with FSGroup ownership should support (root,0644,tmpfs)" classname="Kubernetes e2e suite" time="0">
          <skipped></skipped>
      </testcase>
      <testcase name="[sig-network] LoadBalancers should be able to change the type and ports of a UDP service [Slow]" classname="Kubernetes e2e suite" time="0">
          <skipped></skipped>
      </testcase>
      <testcase name="[sig-storage] In-tree Volumes [Driver: windows-gcepd] [Testpattern: Inline-volume (default fs)] subPath should unmount if pod is force deleted while kubelet is down [Disruptive][Slow][LinuxOnly]" classname="Kubernetes e2e suite" time="0">
          <skipped></skipped>
      </testcase>
      <testcase name="[sig-storage] In-tree Volumes [Driver: azure-disk] [Testpattern: Dynamic PV (block volmode)] volumeMode should fail to use a volume in a pod with mismatched mode [Slow]" classname="Kubernetes e2e suite" time="0">
          <skipped></skipped>
      </testcase>
      <testcase name="[sig-storage] In-tree Volumes [Driver: vsphere] [Testpattern: Dynamic PV (ntfs)][Feature:Windows] subPath should support readOnly directory specified in the volumeMount" classname="Kubernetes e2e suite" time="0">
          <skipped></skipped>
      </testcase>
      <testcase name="[sig-storage] In-tree Volumes [Driver: hostPathSymlink] [Testpattern: Inline-volume (default fs)] volumes should store data" classname="Kubernetes e2e suite" time="0">
          <skipped></skipped>
      </testcase>
      <testcase name="[sig-storage] In-tree Volumes [Driver: hostPath] [Testpattern: Pre-provisioned PV (block volmode)] multiVolume [Slow] should access to two volumes with different volume mode and retain data across pod recreation on the same node" classname="Kubernetes e2e suite" time="0">
          <skipped></skipped>
      </testcase>
      <testcase name="[sig-storage] In-tree Volumes [Driver: windows-gcepd] [Testpattern: Pre-provisioned PV (block volmode)] volumeMode should not mount / map unused volumes in a pod [LinuxOnly]" classname="Kubernetes e2e suite" time="0">
          <skipped></skipped>
      </testcase>
      <testcase name="[sig-storage] In-tree Volumes [Driver: azure-disk] [Testpattern: Pre-provisioned PV (filesystem volmode)] multiVolume [Slow] should access to two volumes with different volume mode and retain data across pod recreation on different node" classname="Kubernetes e2e suite" time="0">
          <skipped></skipped>
      </testcase>
      <testcase name="[sig-storage] In-tree Volumes [Driver: local][LocalVolumeType: dir-bindmounted] [Testpattern: Dynamic PV (default fs)] subPath should fail if subpath with backstepping is outside the volume [Slow][LinuxOnly]" classname="Kubernetes e2e suite" time="0">
          <skipped></skipped>
      </testcase>
      <testcase name="[sig-storage] In-tree Volumes [Driver: local][LocalVolumeType: dir-bindmounted] [Testpattern: Dynamic PV (default fs)] fsgroupchangepolicy (OnRootMismatch)[LinuxOnly], pod created with an initial fsgroup, volume contents ownership changed in first pod, new pod with same fsgroup skips ownership changes to the volume contents" classname="Kubernetes e2e suite" time="0">
          <skipped></skipped>
      </testcase>
      <testcase name="[sig-network] [Feature:IPv6DualStack] Granular Checks: Services Secondary IP Family [LinuxOnly] should be able to handle large requests: udp" classname="Kubernetes e2e suite" time="0">
          <skipped></skipped>
      </testcase>
      <testcase name="[sig-storage] CSI Volumes [Driver: pd.csi.storage.gke.io][Serial] [Testpattern: Dynamic PV (ntfs)][Feature:Windows] volumes should allow exec of files on the volume" classname="Kubernetes e2e suite" time="0">
          <skipped></skipped>
      </testcase>
      <testcase name="[sig-storage] In-tree Volumes [Driver: cinder] [Testpattern: Dynamic PV (default fs)] volumes should allow exec of files on the volume" classname="Kubernetes e2e suite" time="0">
          <skipped></skipped>
      </testcase>
      <testcase name="[sig-storage] CSI mock volume CSI CSIDriver deployment after pod creation using non-attachable mock driver should bringup pod after deploying CSIDriver attach=false [Slow]" classname="Kubernetes e2e suite" time="0">
          <skipped></skipped>
      </testcase>
      <testcase name="[sig-storage] In-tree Volumes [Driver: vsphere] [Testpattern: Dynamic PV (default fs)] subPath should support readOnly file specified in the volumeMount [LinuxOnly]" classname="Kubernetes e2e suite" time="0">
          <skipped></skipped>
      </testcase>
      <testcase name="[sig-storage] In-tree Volumes [Driver: local][LocalVolumeType: gce-localssd-scsi-fs] [Serial] [Testpattern: Dynamic PV (block volmode)] volumeMode should not mount / map unused volumes in a pod [LinuxOnly]" classname="Kubernetes e2e suite" time="0">
          <skipped></skipped>
      </testcase>
      <testcase name="[sig-storage] In-tree Volumes [Driver: local][LocalVolumeType: blockfs] [Testpattern: Dynamic PV (default fs)] subPath should verify container cannot write to subpath readonly volumes [Slow]" classname="Kubernetes e2e suite" time="0">
          <skipped></skipped>
      </testcase>
      <testcase name="[sig-cli] Kubectl client Simple pod should handle in-cluster config" classname="Kubernetes e2e suite" time="0">
          <skipped></skipped>
      </testcase>
      <testcase name="[sig-storage] CSI Volumes [Driver: pd.csi.storage.gke.io][Serial] [Testpattern: Dynamic PV (default fs)] subPath should fail if subpath file is outside the volume [Slow][LinuxOnly]" classname="Kubernetes e2e suite" time="0">
          <skipped></skipped>
      </testcase>
      <testcase name="[sig-network] Netpol NetworkPolicy between server and client should enforce multiple egress policies with egress allow-all policy taking precedence [Feature:NetworkPolicy]" classname="Kubernetes e2e suite" time="0">
          <skipped></skipped>
      </testcase>
      <testcase name="[sig-storage] In-tree Volumes [Driver: local][LocalVolumeType: dir-bindmounted] [Testpattern: Dynamic PV (filesystem volmode)] volumeLimits should support volume limits [Serial]" classname="Kubernetes e2e suite" time="0">
          <skipped></skipped>
      </testcase>
      <testcase name="[sig-storage] In-tree Volumes [Driver: ceph][Feature:Volumes][Serial] [Testpattern: Dynamic PV (default fs)] volumeIO should write files of various sizes, verify size, validate content [Slow][LinuxOnly]" classname="Kubernetes e2e suite" time="0">
          <skipped></skipped>
      </testcase>
      <testcase name="[sig-storage] In-tree Volumes [Driver: hostPath] [Testpattern: Inline-volume (default fs)] subPath should fail if subpath file is outside the volume [Slow][LinuxOnly]" classname="Kubernetes e2e suite" time="0">
          <skipped></skipped>
      </testcase>
      <testcase name="[sig-storage] In-tree Volumes [Driver: hostPathSymlink] [Testpattern: Pre-provisioned PV (block volmode)] disruptive[Disruptive][LinuxOnly] Should test that pv used in a pod that is deleted while the kubelet is down cleans up when the kubelet returns." classname="Kubernetes e2e suite" time="0">
          <skipped></skipped>
      </testcase>
      <testcase name="[sig-storage] In-tree Volumes [Driver: hostPath] [Testpattern: Dynamic PV (default fs)] subPath should support creating multiple subpath from same volumes [Slow]" classname="Kubernetes e2e suite" time="0">
          <skipped></skipped>
      </testcase>
      <testcase name="[sig-network] Services should respect internalTrafficPolicy=Local Pod (hostNetwork: true) to Pod [Feature:ServiceInternalTrafficPolicy]" classname="Kubernetes e2e suite" time="0">
          <skipped></skipped>
      </testcase>
      <testcase name="[sig-storage] In-tree Volumes [Driver: iscsi][Feature:Volumes] [Testpattern: Inline-volume (default fs)] volumes should store data" classname="Kubernetes e2e suite" time="0">
          <skipped></skipped>
      </testcase>
      <testcase name="[sig-storage] In-tree Volumes [Driver: local][LocalVolumeType: block] [Testpattern: Dynamic PV (block volmode)] multiVolume [Slow] should concurrently access the volume and its clone from pods on the same node [LinuxOnly][Feature:VolumeSnapshotDataSource][Feature:VolumeSourceXFS]" classname="Kubernetes e2e suite" time="0">
          <skipped></skipped>
      </testcase>
      <testcase name="[sig-storage] In-tree Volumes [Driver: local][LocalVolumeType: tmpfs] [Testpattern: Dynamic PV (block volmode)] provisioning should provision storage with mount options" classname="Kubernetes e2e suite" time="0">
          <skipped></skipped>
      </testcase>
      <testcase name="[sig-storage] In-tree Volumes [Driver: vsphere] [Testpattern: Dynamic PV (filesystem volmode)] multiVolume [Slow] should access to two volumes with the same volume mode and retain data across pod recreation on different node" classname="Kubernetes e2e suite" time="0">
          <skipped></skipped>
      </testcase>
      <testcase name="[sig-storage] In-tree Volumes [Driver: local][LocalVolumeType: dir] [Testpattern: Dynamic PV (ntfs)][Feature:Windows] subPath should support file as subpath [LinuxOnly]" classname="Kubernetes e2e suite" time="0">
          <skipped></skipped>
      </testcase>
      <testcase name="[sig-storage] In-tree Volumes [Driver: local][LocalVolumeType: blockfs] [Testpattern: Dynamic PV (xfs)][Slow] multiVolume [Slow] should concurrently access the volume and its clone from pods on the same node [LinuxOnly][Feature:VolumeSnapshotDataSource][Feature:VolumeSourceXFS]" classname="Kubernetes e2e suite" time="0">
          <skipped></skipped>
      </testcase>
      <testcase name="[sig-cli] Kubectl client Simple pod should support port-forward" classname="Kubernetes e2e suite" time="0">
          <skipped></skipped>
      </testcase>
      <testcase name="[sig-storage] In-tree Volumes [Driver: local][LocalVolumeType: tmpfs] [Testpattern: Dynamic PV (ntfs)][Feature:Windows] subPath should support creating multiple subpath from same volumes [Slow]" classname="Kubernetes e2e suite" time="0">
          <skipped></skipped>
      </testcase>
      <testcase name="[sig-network] Firewall rule [Slow] [Serial] should create valid firewall rules for LoadBalancer type service" classname="Kubernetes e2e suite" time="0">
          <skipped></skipped>
      </testcase>
      <testcase name="[sig-storage] In-tree Volumes [Driver: local][LocalVolumeType: dir-link-bindmounted] [Testpattern: Dynamic PV (default fs)(allowExpansion)] volume-expand should resize volume when PVC is edited while pod is using it" classname="Kubernetes e2e suite" time="0">
          <skipped></skipped>
      </testcase>
      <testcase name="[sig-storage] In-tree Volumes [Driver: rbd][Feature:Volumes][Serial] [Testpattern: Dynamic PV (ext3)] volumes should allow exec of files on the volume" classname="Kubernetes e2e suite" time="0">
          <skipped></skipped>
      </testcase>
      <testcase name="[sig-storage] CSI Volumes [Driver: csi-hostpath] [Testpattern: Pre-provisioned PV (ntfs)][Feature:Windows] volumes should store data" classname="Kubernetes e2e suite" time="0">
          <skipped></skipped>
      </testcase>
      <testcase name="[sig-storage] In-tree Volumes [Driver: gluster] [Testpattern: Pre-provisioned PV (default fs)] subPath should unmount if pod is gracefully deleted while kubelet is down [Disruptive][Slow][LinuxOnly]" classname="Kubernetes e2e suite" time="0">
          <skipped></skipped>
      </testcase>
      <testcase name="[sig-storage] In-tree Volumes [Driver: local][LocalVolumeType: dir-link] [Testpattern: Dynamic PV (immediate binding)] topology should provision a volume and schedule a pod with AllowedTopologies" classname="Kubernetes e2e suite" time="0">
          <skipped></skipped>
      </testcase>
      <testcase name="[sig-storage] In-tree Volumes [Driver: local][LocalVolumeType: gce-localssd-scsi-fs] [Serial] [Testpattern: Dynamic PV (ext4)] multiVolume [Slow] should concurrently access the single read-only volume from pods on the same node" classname="Kubernetes e2e suite" time="0">
          <skipped></skipped>
      </testcase>
      <testcase name="[sig-storage] CSI Volumes [Driver: csi-hostpath] [Testpattern: Dynamic PV (default fs)] provisioning should provision storage with snapshot data source [Feature:VolumeSnapshotDataSource]" classname="Kubernetes e2e suite" time="0">
          <skipped></skipped>
      </testcase>
      <testcase name="[sig-storage] In-tree Volumes [Driver: windows-gcepd] [Testpattern: Pre-provisioned PV (xfs)][Slow] volumes should allow exec of files on the volume" classname="Kubernetes e2e suite" time="0">
          <skipped></skipped>
      </testcase>
      <testcase name="[sig-storage] In-tree Volumes [Driver: local][LocalVolumeType: dir-bindmounted] [Testpattern: Dynamic PV (block volmode)] provisioning should provision storage with pvc data source in parallel [Slow]" classname="Kubernetes e2e suite" time="0">
          <skipped></skipped>
      </testcase>
      <testcase name="[sig-storage] In-tree Volumes [Driver: aws] [Testpattern: Pre-provisioned PV (default fs)] subPath should support creating multiple subpath from same volumes [Slow]" classname="Kubernetes e2e suite" time="0">
          <skipped></skipped>
      </testcase>
      <testcase name="[sig-storage] In-tree Volumes [Driver: azure-disk] [Testpattern: Dynamic PV (default fs)] provisioning should provision storage with pvc data source in parallel [Slow]" classname="Kubernetes e2e suite" time="0">
          <skipped></skipped>
      </testcase>
      <testcase name="[sig-storage] PersistentVolumes-local  Local volume that cannot be mounted [Slow] should fail due to non-existent path" classname="Kubernetes e2e suite" time="0">
          <skipped></skipped>
      </testcase>
      <testcase name="[sig-storage] In-tree Volumes [Driver: hostPath] [Testpattern: Dynamic PV (block volmode)] volumeMode should not mount / map unused volumes in a pod [LinuxOnly]" classname="Kubernetes e2e suite" time="0">
          <skipped></skipped>
      </testcase>
      <testcase name="[sig-cloud-provider-gcp] HA-master [Feature:HAMaster] survive addition/removal replicas same zone [Serial][Disruptive]" classname="Kubernetes e2e suite" time="0">
          <skipped></skipped>
      </testcase>
      <testcase name="[sig-storage] CSI Volumes [Driver: csi-hostpath] [Testpattern: Pre-provisioned PV (default fs)] volumes should store data" classname="Kubernetes e2e suite" time="0">
          <skipped></skipped>
      </testcase>
      <testcase name="[sig-storage] In-tree Volumes [Driver: windows-gcepd] [Testpattern: Dynamic PV (block volmode)] multiVolume [Slow] should access to two volumes with different volume mode and retain data across pod recreation on the same node" classname="Kubernetes e2e suite" time="0">
          <skipped></skipped>
      </testcase>
      <testcase name="[sig-storage] In-tree Volumes [Driver: vsphere] [Testpattern: Dynamic PV (default fs)] fsgroupchangepolicy (Always)[LinuxOnly], pod created with an initial fsgroup, volume contents ownership changed in first pod, new pod with same fsgroup applied to the volume contents" classname="Kubernetes e2e suite" time="0">
          <skipped></skipped>
      </testcase>
      <testcase name="[sig-storage] In-tree Volumes [Driver: local][LocalVolumeType: blockfs] [Testpattern: Pre-provisioned PV (block volmode)] multiVolume [Slow] should access to two volumes with the same volume mode and retain data across pod recreation on different node" classname="Kubernetes e2e suite" time="0">
          <skipped></skipped>
      </testcase>
      <testcase name="[sig-storage] In-tree Volumes [Driver: local][LocalVolumeType: dir-bindmounted] [Testpattern: Inline-volume (default fs)] subPath should support restarting containers using directory as subpath [Slow]" classname="Kubernetes e2e suite" time="0">
          <skipped></skipped>
      </testcase>
      <testcase name="[sig-storage] In-tree Volumes [Driver: azure-disk] [Testpattern: Dynamic PV (ntfs)][Feature:Windows] subPath should unmount if pod is force deleted while kubelet is down [Disruptive][Slow][LinuxOnly]" classname="Kubernetes e2e suite" time="0">
          <skipped></skipped>
      </testcase>
      <testcase name="[sig-storage] In-tree Volumes [Driver: local][LocalVolumeType: tmpfs] [Testpattern: Dynamic PV (block volmode)] multiVolume [Slow] should concurrently access the volume and restored snapshot from pods on the same node [LinuxOnly][Feature:VolumeSnapshotDataSource][Feature:VolumeSourceXFS]" classname="Kubernetes e2e suite" time="0">
          <skipped></skipped>
      </testcase>
      <testcase name="[sig-storage] In-tree Volumes [Driver: emptydir] [Testpattern: Inline-volume (xfs)][Slow] volumes should store data" classname="Kubernetes e2e suite" time="0">
          <skipped></skipped>
      </testcase>
      <testcase name="[sig-storage] In-tree Volumes [Driver: hostPath] [Testpattern: Pre-provisioned PV (block volmode)] multiVolume [Slow] should access to two volumes with different volume mode and retain data across pod recreation on different node" classname="Kubernetes e2e suite" time="0">
          <skipped></skipped>
      </testcase>
      <testcase name="[sig-storage] In-tree Volumes [Driver: vsphere] [Testpattern: Inline-volume (ext3)] volumes should allow exec of files on the volume" classname="Kubernetes e2e suite" time="0">
          <skipped></skipped>
      </testcase>
      <testcase name="[sig-storage] In-tree Volumes [Driver: aws] [Testpattern: Dynamic PV (ntfs)][Feature:Windows] volumes should allow exec of files on the volume" classname="Kubernetes e2e suite" time="0">
          <skipped></skipped>
      </testcase>
      <testcase name="[sig-storage] In-tree Volumes [Driver: local][LocalVolumeType: block] [Testpattern: Pre-provisioned PV (xfs)][Slow] volumes should store data" classname="Kubernetes e2e suite" time="0">
          <skipped></skipped>
      </testcase>
      <testcase name="[sig-storage] CSI Volumes [Driver: pd.csi.storage.gke.io][Serial] [Testpattern: Pre-provisioned PV (filesystem volmode)] multiVolume [Slow] should concurrently access the single volume from pods on the same node" classname="Kubernetes e2e suite" time="0">
          <skipped></skipped>
      </testcase>
      <testcase name="[sig-storage] In-tree Volumes [Driver: hostPath] [Testpattern: Pre-provisioned PV (default fs)] volumes should store data" classname="Kubernetes e2e suite" time="0">
          <skipped></skipped>
      </testcase>
      <testcase name="[sig-storage] In-tree Volumes [Driver: nfs] [Testpattern: Inline-volume (ext3)] volumes should store data" classname="Kubernetes e2e suite" time="0">
          <skipped></skipped>
      </testcase>
      <testcase name="[sig-node] Kubelet [Serial] [Slow] regular resource usage tracking [Feature:RegularResourceUsageTracking] resource tracking for 0 pods per node" classname="Kubernetes e2e suite" time="0">
          <skipped></skipped>
      </testcase>
      <testcase name="[sig-storage] In-tree Volumes [Driver: local][LocalVolumeType: blockfs] [Testpattern: Dynamic PV (block volmode)] provisioning should provision storage with mount options" classname="Kubernetes e2e suite" time="0">
          <skipped></skipped>
      </testcase>
      <testcase name="[sig-storage] In-tree Volumes [Driver: local][LocalVolumeType: blockfs] [Testpattern: Dynamic PV (default fs)] subPath should support readOnly directory specified in the volumeMount" classname="Kubernetes e2e suite" time="0">
          <skipped></skipped>
      </testcase>
      <testcase name="[sig-storage] In-tree Volumes [Driver: hostPathSymlink] [Testpattern: Dynamic PV (ntfs)][Feature:Windows] subPath should support file as subpath [LinuxOnly]" classname="Kubernetes e2e suite" time="0">
          <skipped></skipped>
      </testcase>
      <testcase name="[sig-storage] In-tree Volumes [Driver: rbd][Feature:Volumes][Serial] [Testpattern: Inline-volume (default fs)] subPath should fail if subpath file is outside the volume [Slow][LinuxOnly]" classname="Kubernetes e2e suite" time="0">
          <skipped></skipped>
      </testcase>
      <testcase name="[sig-storage] In-tree Volumes [Driver: local][LocalVolumeType: dir] [Testpattern: Dynamic PV (block volmode)] volumes should store data" classname="Kubernetes e2e suite" time="0">
          <skipped></skipped>
      </testcase>
      <testcase name="[sig-storage] In-tree Volumes [Driver: rbd][Feature:Volumes][Serial] [Testpattern: Dynamic PV (ntfs)(allowExpansion)][Feature:Windows] volume-expand should resize volume when PVC is edited while pod is using it" classname="Kubernetes e2e suite" time="0">
          <skipped></skipped>
      </testcase>
      <testcase name="[sig-storage] CSI Volumes [Driver: pd.csi.storage.gke.io][Serial] [Testpattern: Dynamic PV (ext4)] multiVolume [Slow] should concurrently access the volume and its clone from pods on the same node [LinuxOnly][Feature:VolumeSnapshotDataSource][Feature:VolumeSourceXFS]" classname="Kubernetes e2e suite" time="0">
          <skipped></skipped>
      </testcase>
      <testcase name="[sig-storage] In-tree Volumes [Driver: local][LocalVolumeType: tmpfs] [Testpattern: Dynamic PV (delayed binding)] topology should provision a volume and schedule a pod with AllowedTopologies" classname="Kubernetes e2e suite" time="0">
          <skipped></skipped>
      </testcase>
      <testcase name="[sig-storage] CSI Volumes [Driver: csi-hostpath] [Testpattern: CSI Ephemeral-volume (default fs)] ephemeral should create read/write inline ephemeral volume" classname="Kubernetes e2e suite" time="0">
          <skipped></skipped>
      </testcase>
      <testcase name="[sig-storage] PersistentVolumes-local  [Volume type: blockfswithformat] One pod requesting one prebound PVC should be able to mount volume and write from pod1" classname="Kubernetes e2e suite" time="0">
          <skipped></skipped>
      </testcase>
      <testcase name="[sig-storage] In-tree Volumes [Driver: iscsi][Feature:Volumes] [Testpattern: Pre-provisioned PV (default fs)] subPath should support creating multiple subpath from same volumes [Slow]" classname="Kubernetes e2e suite" time="0">
          <skipped></skipped>
      </testcase>
      <testcase name="[sig-storage] In-tree Volumes [Driver: azure-disk] [Testpattern: Dynamic PV (xfs)][Slow] multiVolume [Slow] should access to two volumes with the same volume mode and retain data across pod recreation on different node" classname="Kubernetes e2e suite" time="0">
          <skipped></skipped>
      </testcase>
      <testcase name="[sig-storage] In-tree Volumes [Driver: gluster] [Testpattern: Dynamic PV (ext4)] multiVolume [Slow] should access to two volumes with different volume mode and retain data across pod recreation on the same node" classname="Kubernetes e2e suite" time="0">
          <skipped></skipped>
      </testcase>
      <testcase name="[sig-storage] Subpath Atomic writer volumes should support subpaths with secret pod [LinuxOnly] [Conformance]" classname="Kubernetes e2e suite" time="29.10993309"></testcase>
      <testcase name="[sig-storage] In-tree Volumes [Driver: rbd][Feature:Volumes][Serial] [Testpattern: Dynamic PV (default fs)] subPath should fail if non-existent subpath is outside the volume [Slow][LinuxOnly]" classname="Kubernetes e2e suite" time="0">
          <skipped></skipped>
      </testcase>
      <testcase name="[sig-storage] CSI Volumes [Driver: pd.csi.storage.gke.io][Serial] [Testpattern: Dynamic PV (filesystem volmode)] multiVolume [Slow] should concurrently access the single read-only volume from pods on the same node" classname="Kubernetes e2e suite" time="0">
          <skipped></skipped>
      </testcase>
      <testcase name="[sig-storage] In-tree Volumes [Driver: hostPath] [Testpattern: Inline-volume (default fs)] volumes should store data" classname="Kubernetes e2e suite" time="0">
          <skipped></skipped>
      </testcase>
      <testcase name="[sig-network] LoadBalancers ESIPP [Slow] should work from pods" classname="Kubernetes e2e suite" time="0">
          <skipped></skipped>
      </testcase>
      <testcase name="[sig-storage] In-tree Volumes [Driver: iscsi][Feature:Volumes] [Testpattern: Dynamic PV (ntfs)][Feature:Windows] subPath should support existing directories when readOnly specified in the volumeSource" classname="Kubernetes e2e suite" time="0">
          <skipped></skipped>
      </testcase>
      <testcase name="[sig-storage] In-tree Volumes [Driver: cinder] [Testpattern: Pre-provisioned PV (filesystem volmode)] multiVolume [Slow] should concurrently access the single volume from pods on the same node" classname="Kubernetes e2e suite" time="0">
          <skipped></skipped>
      </testcase>
      <testcase name="[sig-storage] In-tree Volumes [Driver: rbd][Feature:Volumes][Serial] [Testpattern: Pre-provisioned PV (default fs)] volumes should allow exec of files on the volume" classname="Kubernetes e2e suite" time="0">
          <skipped></skipped>
      </testcase>
      <testcase name="[sig-storage] In-tree Volumes [Driver: gluster] [Testpattern: Pre-provisioned PV (filesystem volmode)] multiVolume [Slow] should access to two volumes with different volume mode and retain data across pod recreation on the same node" classname="Kubernetes e2e suite" time="0">
          <skipped></skipped>
      </testcase>
      <testcase name="[sig-storage] In-tree Volumes [Driver: local][LocalVolumeType: gce-localssd-scsi-fs] [Serial] [Testpattern: Pre-provisioned PV (filesystem volmode)] multiVolume [Slow] should concurrently access the single volume from pods on different node" classname="Kubernetes e2e suite" time="0">
          <skipped></skipped>
      </testcase>
      <testcase name="[sig-storage] In-tree Volumes [Driver: azure-disk] [Testpattern: Pre-provisioned PV (filesystem volmode)] disruptive[Disruptive][LinuxOnly] Should test that pv written before kubelet restart is readable after restart." classname="Kubernetes e2e suite" time="0">
          <skipped></skipped>
      </testcase>
      <testcase name="[sig-storage] In-tree Volumes [Driver: rbd][Feature:Volumes][Serial] [Testpattern: Dynamic PV (filesystem volmode)] multiVolume [Slow] should concurrently access the single read-only volume from pods on the same node" classname="Kubernetes e2e suite" time="0">
          <skipped></skipped>
      </testcase>
      <testcase name="[sig-storage] In-tree Volumes [Driver: iscsi][Feature:Volumes] [Testpattern: Dynamic PV (ext4)] multiVolume [Slow] should access to two volumes with the same volume mode and retain data across pod recreation on the same node" classname="Kubernetes e2e suite" time="0">
          <skipped></skipped>
      </testcase>
      <testcase name="[sig-storage] PersistentVolumes-local  [Volume type: gce-localssd-scsi-fs] [Serial] One pod requesting one prebound PVC should be able to mount volume and read from pod1" classname="Kubernetes e2e suite" time="0">
          <skipped></skipped>
      </testcase>
      <testcase name="[sig-storage] In-tree Volumes [Driver: hostPath] [Testpattern: Pre-provisioned PV (xfs)][Slow] volumes should store data" classname="Kubernetes e2e suite" time="0">
          <skipped></skipped>
      </testcase>
      <testcase name="[sig-storage] In-tree Volumes [Driver: cinder] [Testpattern: Pre-provisioned PV (default fs)] subPath should support existing single file [LinuxOnly]" classname="Kubernetes e2e suite" time="0">
          <skipped></skipped>
      </testcase>
      <testcase name="[sig-storage] In-tree Volumes [Driver: hostPathSymlink] [Testpattern: Dynamic PV (ntfs)][Feature:Windows] subPath should fail if non-existent subpath is outside the volume [Slow][LinuxOnly]" classname="Kubernetes e2e suite" time="0">
          <skipped></skipped>
      </testcase>
      <testcase name="[sig-storage] In-tree Volumes [Driver: local][LocalVolumeType: dir] [Testpattern: Inline-volume (ntfs)][Feature:Windows] volumes should store data" classname="Kubernetes e2e suite" time="0">
          <skipped></skipped>
      </testcase>
      <testcase name="[sig-storage] In-tree Volumes [Driver: hostPath] [Testpattern: Pre-provisioned PV (default fs)] subPath should support restarting containers using directory as subpath [Slow]" classname="Kubernetes e2e suite" time="0">
          <skipped></skipped>
      </testcase>
      <testcase name="[sig-storage] In-tree Volumes [Driver: hostPath] [Testpattern: Dynamic PV (ntfs)][Feature:Windows] volumes should allow exec of files on the volume" classname="Kubernetes e2e suite" time="0">
          <skipped></skipped>
      </testcase>
      <testcase name="[sig-storage] In-tree Volumes [Driver: cinder] [Testpattern: Dynamic PV (block volmode)] provisioning should provision storage with pvc data source" classname="Kubernetes e2e suite" time="0">
          <skipped></skipped>
      </testcase>
      <testcase name="[sig-instrumentation] MetricsGrabber should grab all metrics from a Scheduler." classname="Kubernetes e2e suite" time="0">
          <skipped></skipped>
      </testcase>
      <testcase name="[sig-api-machinery] ResourceQuota should create a ResourceQuota and capture the life of a persistent volume claim" classname="Kubernetes e2e suite" time="0">
          <skipped></skipped>
      </testcase>
      <testcase name="[sig-api-machinery] Garbage collector should keep the rc around until all its pods are deleted if the deleteOptions says so [Conformance]" classname="Kubernetes e2e suite" time="6.785616649"></testcase>
      <testcase name="[sig-storage] In-tree Volumes [Driver: iscsi][Feature:Volumes] [Testpattern: Dynamic PV (filesystem volmode)] multiVolume [Slow] should access to two volumes with the same volume mode and retain data across pod recreation on different node" classname="Kubernetes e2e suite" time="0">
          <skipped></skipped>
      </testcase>
      <testcase name="[sig-storage] In-tree Volumes [Driver: gcepd] [Testpattern: Inline-volume (default fs)] subPath should support existing directories when readOnly specified in the volumeSource" classname="Kubernetes e2e suite" time="0">
          <skipped></skipped>
      </testcase>
      <testcase name="[sig-storage] Pod Disks schedule a pod w/ RW PD(s) mounted to 1 or more containers, write to PD, verify content, delete pod, and repeat in rapid succession [Slow] using 4 containers and 1 PDs" classname="Kubernetes e2e suite" time="0">
          <skipped></skipped>
      </testcase>
      <testcase name="[sig-storage] In-tree Volumes [Driver: aws] [Testpattern: Inline-volume (default fs)] subPath should support existing directories when readOnly specified in the volumeSource" classname="Kubernetes e2e suite" time="0">
          <skipped></skipped>
      </testcase>
      <testcase name="[sig-storage] In-tree Volumes [Driver: local][LocalVolumeType: blockfs] [Testpattern: Dynamic PV (filesystem volmode)] multiVolume [Slow] should concurrently access the volume and restored snapshot from pods on the same node [LinuxOnly][Feature:VolumeSnapshotDataSource][Feature:VolumeSourceXFS]" classname="Kubernetes e2e suite" time="0">
          <skipped></skipped>
      </testcase>
      <testcase name="[sig-storage] In-tree Volumes [Driver: iscsi][Feature:Volumes] [Testpattern: Dynamic PV (default fs)] subPath should support existing directories when readOnly specified in the volumeSource" classname="Kubernetes e2e suite" time="0">
          <skipped></skipped>
      </testcase>
      <testcase name="[sig-storage] CSI Volumes [Driver: csi-hostpath] [Testpattern: Dynamic PV (immediate binding)] topology should fail to schedule a pod which has topologies that conflict with AllowedTopologies" classname="Kubernetes e2e suite" time="0">
          <skipped></skipped>
      </testcase>
      <testcase name="[sig-storage] CSI Volumes [Driver: pd.csi.storage.gke.io][Serial] [Testpattern: Inline-volume (default fs)] subPath should support creating multiple subpath from same volumes [Slow]" classname="Kubernetes e2e suite" time="0">
          <skipped></skipped>
      </testcase>
      <testcase name="[sig-storage] In-tree Volumes [Driver: hostPath] [Testpattern: Dynamic PV (filesystem volmode)] disruptive[Disruptive][LinuxOnly] Should test that pv written before kubelet restart is readable after restart." classname="Kubernetes e2e suite" time="0">
          <skipped></skipped>
      </testcase>
      <testcase name="[sig-storage] CSI mock volume CSI attach test using mock driver should preserve attachment policy when no CSIDriver present" classname="Kubernetes e2e suite" time="0">
          <skipped></skipped>
      </testcase>
      <testcase name="[sig-storage] In-tree Volumes [Driver: local][LocalVolumeType: dir-bindmounted] [Testpattern: Dynamic PV (xfs)][Slow] multiVolume [Slow] should access to two volumes with different volume mode and retain data across pod recreation on different node" classname="Kubernetes e2e suite" time="0">
          <skipped></skipped>
      </testcase>
      <testcase name="[sig-network] [Feature:IPv6DualStack] Granular Checks: Services Secondary IP Family [LinuxOnly] should function for client IP based session affinity: http [LinuxOnly]" classname="Kubernetes e2e suite" time="0">
          <skipped></skipped>
      </testcase>
      <testcase name="[sig-storage] In-tree Volumes [Driver: ceph][Feature:Volumes][Serial] [Testpattern: Inline-volume (default fs)] subPath should support existing directories when readOnly specified in the volumeSource" classname="Kubernetes e2e suite" time="0">
          <skipped></skipped>
      </testcase>
      <testcase name="[sig-storage] In-tree Volumes [Driver: cinder] [Testpattern: Dynamic PV (block volmode)] multiVolume [Slow] should access to two volumes with the same volume mode and retain data across pod recreation on different node" classname="Kubernetes e2e suite" time="0">
          <skipped></skipped>
      </testcase>
      <testcase name="[sig-network] Networking Granular Checks: Services should function for pod-Service: udp" classname="Kubernetes e2e suite" time="0">
          <skipped></skipped>
      </testcase>
      <testcase name="[sig-storage] CSI Volumes [Driver: pd.csi.storage.gke.io][Serial] [Testpattern: Pre-provisioned PV (block volmode)] multiVolume [Slow] should concurrently access the single volume from pods on the same node" classname="Kubernetes e2e suite" time="0">
          <skipped></skipped>
      </testcase>
      <testcase name="[sig-storage] In-tree Volumes [Driver: ceph][Feature:Volumes][Serial] [Testpattern: Dynamic PV (ntfs)][Feature:Windows] subPath should support readOnly file specified in the volumeMount [LinuxOnly]" classname="Kubernetes e2e suite" time="0">
          <skipped></skipped>
      </testcase>
      <testcase name="[sig-storage] CSI Volumes [Driver: csi-hostpath] [Testpattern: Pre-provisioned PV (filesystem volmode)] disruptive[Disruptive][LinuxOnly] Should test that pv written before kubelet restart is readable after restart." classname="Kubernetes e2e suite" time="0">
          <skipped></skipped>
      </testcase>
      <testcase name="[sig-storage] In-tree Volumes [Driver: hostPath] [Testpattern: Pre-provisioned PV (ntfs)][Feature:Windows] volumes should store data" classname="Kubernetes e2e suite" time="0">
          <skipped></skipped>
      </testcase>
      <testcase name="[sig-storage] CSI Volumes [Driver: csi-hostpath] [Testpattern: Dynamic PV (ntfs)][Feature:Windows] subPath should support existing directories when readOnly specified in the volumeSource" classname="Kubernetes e2e suite" time="0">
          <skipped></skipped>
      </testcase>
      <testcase name="[sig-storage] In-tree Volumes [Driver: iscsi][Feature:Volumes] [Testpattern: Pre-provisioned PV (filesystem volmode)] volumeMode should fail to use a volume in a pod with mismatched mode [Slow]" classname="Kubernetes e2e suite" time="0">
          <skipped></skipped>
      </testcase>
      <testcase name="[sig-storage] In-tree Volumes [Driver: gluster] [Testpattern: Pre-provisioned PV (ext3)] volumes should store data" classname="Kubernetes e2e suite" time="0">
          <skipped></skipped>
      </testcase>
      <testcase name="[sig-storage] In-tree Volumes [Driver: azure-disk] [Testpattern: Dynamic PV (default fs)] subPath should support readOnly file specified in the volumeMount [LinuxOnly]" classname="Kubernetes e2e suite" time="0">
          <skipped></skipped>
      </testcase>
      <testcase name="[sig-storage] In-tree Volumes [Driver: local][LocalVolumeType: dir-link] [Testpattern: Dynamic PV (xfs)][Slow] multiVolume [Slow] should access to two volumes with the same volume mode and retain data across pod recreation on the same node" classname="Kubernetes e2e suite" time="0">
          <skipped></skipped>
      </testcase>
      <testcase name="[sig-storage] PersistentVolumes-local  Pod with node different from PV&#39;s NodeAffinity should fail scheduling due to different NodeSelector" classname="Kubernetes e2e suite" time="0">
          <skipped></skipped>
      </testcase>
      <testcase name="[sig-storage] In-tree Volumes [Driver: local][LocalVolumeType: blockfs] [Testpattern: Dynamic PV (filesystem volmode)] multiVolume [Slow] should concurrently access the volume and its clone from pods on the same node [LinuxOnly][Feature:VolumeSnapshotDataSource][Feature:VolumeSourceXFS]" classname="Kubernetes e2e suite" time="0">
          <skipped></skipped>
      </testcase>
      <testcase name="[sig-storage] In-tree Volumes [Driver: hostPathSymlink] [Testpattern: Dynamic PV (xfs)][Slow] multiVolume [Slow] should concurrently access the single volume from pods on the same node" classname="Kubernetes e2e suite" time="0">
          <skipped></skipped>
      </testcase>
      <testcase name="[sig-storage] In-tree Volumes [Driver: iscsi][Feature:Volumes] [Testpattern: Dynamic PV (block volmode)] multiVolume [Slow] should access to two volumes with the same volume mode and retain data across pod recreation on different node" classname="Kubernetes e2e suite" time="0">
          <skipped></skipped>
      </testcase>
      <testcase name="[sig-storage] In-tree Volumes [Driver: local][LocalVolumeType: gce-localssd-scsi-fs] [Serial] [Testpattern: Dynamic PV (filesystem volmode)] volumeMode should not mount / map unused volumes in a pod [LinuxOnly]" classname="Kubernetes e2e suite" time="0">
          <skipped></skipped>
      </testcase>
      <testcase name="[sig-network] Networking Granular Checks: Services should be able to handle large requests: http" classname="Kubernetes e2e suite" time="0">
          <skipped></skipped>
      </testcase>
      <testcase name="[sig-storage] In-tree Volumes [Driver: local][LocalVolumeType: dir] [Testpattern: Dynamic PV (default fs)] subPath should fail if subpath directory is outside the volume [Slow][LinuxOnly]" classname="Kubernetes e2e suite" time="0">
          <skipped></skipped>
      </testcase>
      <testcase name="[sig-storage] In-tree Volumes [Driver: hostPathSymlink] [Testpattern: Dynamic PV (default fs)] provisioning should provision storage with pvc data source in parallel [Slow]" classname="Kubernetes e2e suite" time="0">
          <skipped></skipped>
      </testcase>
      <testcase name="[sig-storage] Projected secret should be consumable in multiple volumes in a pod [NodeConformance] [Conformance]" classname="Kubernetes e2e suite" time="50.707767847"></testcase>
      <testcase name="[sig-storage] In-tree Volumes [Driver: windows-gcepd] [Testpattern: Inline-volume (default fs)] subPath should verify container cannot write to subpath readonly volumes [Slow]" classname="Kubernetes e2e suite" time="0">
          <skipped></skipped>
      </testcase>
      <testcase name="[sig-storage] In-tree Volumes [Driver: local][LocalVolumeType: dir-link] [Testpattern: Dynamic PV (ntfs)(allowExpansion)][Feature:Windows] volume-expand Verify if offline PVC expansion works" classname="Kubernetes e2e suite" time="0">
          <skipped></skipped>
      </testcase>
      <testcase name="[sig-storage] In-tree Volumes [Driver: local][LocalVolumeType: dir-link] [Testpattern: Dynamic PV (ntfs)][Feature:Windows] subPath should support existing directory" classname="Kubernetes e2e suite" time="0">
          <skipped></skipped>
      </testcase>
      <testcase name="[sig-storage] In-tree Volumes [Driver: rbd][Feature:Volumes][Serial] [Testpattern: Inline-volume (default fs)] subPath should fail if subpath with backstepping is outside the volume [Slow][LinuxOnly]" classname="Kubernetes e2e suite" time="0">
          <skipped></skipped>
      </testcase>
      <testcase name="[sig-storage] In-tree Volumes [Driver: nfs] [Testpattern: Inline-volume (default fs)] subPath should support readOnly file specified in the volumeMount [LinuxOnly]" classname="Kubernetes e2e suite" time="0">
          <skipped></skipped>
      </testcase>
      <testcase name="[sig-storage] In-tree Volumes [Driver: local][LocalVolumeType: dir] [Testpattern: Inline-volume (default fs)] subPath should fail if non-existent subpath is outside the volume [Slow][LinuxOnly]" classname="Kubernetes e2e suite" time="0">
          <skipped></skipped>
      </testcase>
      <testcase name="[sig-storage] In-tree Volumes [Driver: nfs] [Testpattern: Inline-volume (default fs)] subPath should support restarting containers using directory as subpath [Slow]" classname="Kubernetes e2e suite" time="0">
          <skipped></skipped>
      </testcase>
      <testcase name="[sig-storage] CSI Volumes [Driver: csi-hostpath] [Testpattern: Dynamic PV (block volmode)] provisioning should provision storage with pvc data source in parallel [Slow]" classname="Kubernetes e2e suite" time="0">
          <skipped></skipped>
      </testcase>
      <testcase name="[sig-storage] In-tree Volumes [Driver: local][LocalVolumeType: block] [Testpattern: Dynamic PV (default fs)] volumeIO should write files of various sizes, verify size, validate content [Slow][LinuxOnly]" classname="Kubernetes e2e suite" time="0">
          <skipped></skipped>
      </testcase>
      <testcase name="[sig-storage] In-tree Volumes [Driver: nfs] [Testpattern: Dynamic PV (default fs)] subPath should support file as subpath [LinuxOnly]" classname="Kubernetes e2e suite" time="0">
          <skipped></skipped>
      </testcase>
      <testcase name="[sig-storage] In-tree Volumes [Driver: local][LocalVolumeType: blockfs] [Testpattern: Dynamic PV (ntfs)][Feature:Windows] subPath should support existing directories when readOnly specified in the volumeSource" classname="Kubernetes e2e suite" time="0">
          <skipped></skipped>
      </testcase>
      <testcase name="[sig-storage] CSI Volumes [Driver: pd.csi.storage.gke.io][Serial] [Testpattern: Dynamic PV (xfs)][Slow] multiVolume [Slow] should concurrently access the volume and its clone from pods on the same node [LinuxOnly][Feature:VolumeSnapshotDataSource][Feature:VolumeSourceXFS]" classname="Kubernetes e2e suite" time="0">
          <skipped></skipped>
      </testcase>
      <testcase name="[sig-storage] In-tree Volumes [Driver: aws] [Testpattern: Pre-provisioned PV (filesystem volmode)] multiVolume [Slow] should access to two volumes with the same volume mode and retain data across pod recreation on different node" classname="Kubernetes e2e suite" time="0">
          <skipped></skipped>
      </testcase>
      <testcase name="[sig-storage] In-tree Volumes [Driver: ceph][Feature:Volumes][Serial] [Testpattern: Dynamic PV (xfs)][Slow] multiVolume [Slow] should concurrently access the volume and restored snapshot from pods on the same node [LinuxOnly][Feature:VolumeSnapshotDataSource][Feature:VolumeSourceXFS]" classname="Kubernetes e2e suite" time="0">
          <skipped></skipped>
      </testcase>
      <testcase name="[sig-storage] In-tree Volumes [Driver: local][LocalVolumeType: gce-localssd-scsi-fs] [Serial] [Testpattern: Inline-volume (default fs)] subPath should fail if non-existent subpath is outside the volume [Slow][LinuxOnly]" classname="Kubernetes e2e suite" time="0">
          <skipped></skipped>
      </testcase>
      <testcase name="[sig-storage] In-tree Volumes [Driver: local][LocalVolumeType: dir-bindmounted] [Testpattern: Dynamic PV (block volmode)] multiVolume [Slow] should concurrently access the single volume from pods on the same node" classname="Kubernetes e2e suite" time="0">
          <skipped></skipped>
      </testcase>
      <testcase name="[sig-storage] In-tree Volumes [Driver: local][LocalVolumeType: blockfs] [Testpattern: Dynamic PV (filesystem volmode)] volumeMode should not mount / map unused volumes in a pod [LinuxOnly]" classname="Kubernetes e2e suite" time="0">
          <skipped></skipped>
      </testcase>
      <testcase name="[sig-storage] PersistentVolumes-local  [Volume type: blockfswithoutformat] Set fsGroup for local volume should set same fsGroup for two pods simultaneously [Slow]" classname="Kubernetes e2e suite" time="0">
          <skipped></skipped>
      </testcase>
      <testcase name="[sig-storage] In-tree Volumes [Driver: gcepd] [Testpattern: Pre-provisioned PV (filesystem volmode)] multiVolume [Slow] should access to two volumes with the same volume mode and retain data across pod recreation on the same node" classname="Kubernetes e2e suite" time="0">
          <skipped></skipped>
      </testcase>
      <testcase name="[sig-storage] In-tree Volumes [Driver: gcepd] [Testpattern: Dynamic PV (default fs)] subPath should support existing directories when readOnly specified in the volumeSource" classname="Kubernetes e2e suite" time="0">
          <skipped></skipped>
      </testcase>
      <testcase name="[sig-storage] CSI Volumes [Driver: csi-hostpath] [Testpattern: Pre-provisioned PV (default fs)] subPath should support creating multiple subpath from same volumes [Slow]" classname="Kubernetes e2e suite" time="0">
          <skipped></skipped>
      </testcase>
      <testcase name="[sig-storage] In-tree Volumes [Driver: local][LocalVolumeType: dir-bindmounted] [Testpattern: Dynamic PV (default fs)] subPath should support restarting containers using file as subpath [Slow][LinuxOnly]" classname="Kubernetes e2e suite" time="0">
          <skipped></skipped>
      </testcase>
      <testcase name="[sig-storage] In-tree Volumes [Driver: iscsi][Feature:Volumes] [Testpattern: Dynamic PV (block volmode)] provisioning should provision storage with snapshot data source [Feature:VolumeSnapshotDataSource]" classname="Kubernetes e2e suite" time="0">
          <skipped></skipped>
      </testcase>
      <testcase name="[sig-storage] In-tree Volumes [Driver: local][LocalVolumeType: tmpfs] [Testpattern: Pre-provisioned PV (ext3)] volumes should allow exec of files on the volume" classname="Kubernetes e2e suite" time="0">
          <skipped></skipped>
      </testcase>
      <testcase name="[sig-storage] In-tree Volumes [Driver: aws] [Testpattern: Pre-provisioned PV (default fs)] volumes should store data" classname="Kubernetes e2e suite" time="0">
          <skipped></skipped>
      </testcase>
      <testcase name="[sig-storage] In-tree Volumes [Driver: rbd][Feature:Volumes][Serial] [Testpattern: Dynamic PV (filesystem volmode)] multiVolume [Slow] should access to two volumes with the same volume mode and retain data across pod recreation on the same node" classname="Kubernetes e2e suite" time="0">
          <skipped></skipped>
      </testcase>
      <testcase name="[sig-storage] HostPathType Socket [Slow] Should fail on mounting socket &#39;asocket&#39; when HostPathType is HostPathDirectory" classname="Kubernetes e2e suite" time="0">
          <skipped></skipped>
      </testcase>
      <testcase name="[sig-storage] In-tree Volumes [Driver: cinder] [Testpattern: Dynamic PV (default fs)] provisioning should provision storage with pvc data source in parallel [Slow]" classname="Kubernetes e2e suite" time="0">
          <skipped></skipped>
      </testcase>
      <testcase name="[sig-storage] In-tree Volumes [Driver: local][LocalVolumeType: tmpfs] [Testpattern: Pre-provisioned PV (default fs)] subPath should unmount if pod is force deleted while kubelet is down [Disruptive][Slow][LinuxOnly]" classname="Kubernetes e2e suite" time="0">
          <skipped></skipped>
      </testcase>
      <testcase name="[sig-storage] In-tree Volumes [Driver: hostPathSymlink] [Testpattern: Dynamic PV (ntfs)][Feature:Windows] subPath should support readOnly file specified in the volumeMount [LinuxOnly]" classname="Kubernetes e2e suite" time="0">
          <skipped></skipped>
      </testcase>
      <testcase name="[sig-network] NetworkPolicyLegacy [LinuxOnly] NetworkPolicy between server and client should enforce policy to allow traffic only from a different namespace, based on NamespaceSelector [Feature:NetworkPolicy]" classname="Kubernetes e2e suite" time="0">
          <skipped></skipped>
      </testcase>
      <testcase name="[sig-storage] In-tree Volumes [Driver: rbd][Feature:Volumes][Serial] [Testpattern: Dynamic PV (block volmode)] provisioning should provision storage with pvc data source in parallel [Slow]" classname="Kubernetes e2e suite" time="0">
          <skipped></skipped>
      </testcase>
      <testcase name="[sig-node] KubeletManagedEtcHosts should test kubelet managed /etc/hosts file [LinuxOnly] [NodeConformance] [Conformance]" classname="Kubernetes e2e suite" time="89.196651634"></testcase>
      <testcase name="[sig-storage] In-tree Volumes [Driver: azure-disk] [Testpattern: Dynamic PV (ext4)] multiVolume [Slow] should access to two volumes with the same volume mode and retain data across pod recreation on the same node" classname="Kubernetes e2e suite" time="0">
          <skipped></skipped>
      </testcase>
      <testcase name="[sig-storage] In-tree Volumes [Driver: local][LocalVolumeType: tmpfs] [Testpattern: Inline-volume (default fs)] subPath should verify container cannot write to subpath readonly volumes [Slow]" classname="Kubernetes e2e suite" time="0">
          <skipped></skipped>
      </testcase>
      <testcase name="[sig-storage] In-tree Volumes [Driver: emptydir] [Testpattern: Dynamic PV (ntfs)][Feature:Windows] subPath should fail if subpath directory is outside the volume [Slow][LinuxOnly]" classname="Kubernetes e2e suite" time="0">
          <skipped></skipped>
      </testcase>
      <testcase name="[sig-apps] Job should delete a job [Conformance]" classname="Kubernetes e2e suite" time="49.195912159"></testcase>
      <testcase name="[sig-storage] In-tree Volumes [Driver: rbd][Feature:Volumes][Serial] [Testpattern: Dynamic PV (ext4)] multiVolume [Slow] should access to two volumes with the same volume mode and retain data across pod recreation on the same node" classname="Kubernetes e2e suite" time="0">
          <skipped></skipped>
      </testcase>
      <testcase name="[sig-storage] In-tree Volumes [Driver: local][LocalVolumeType: dir] [Testpattern: Pre-provisioned PV (default fs)] subPath should fail if subpath file is outside the volume [Slow][LinuxOnly]" classname="Kubernetes e2e suite" time="0">
          <skipped></skipped>
      </testcase>
      <testcase name="[sig-storage] In-tree Volumes [Driver: aws] [Testpattern: Dynamic PV (block volmode)] multiVolume [Slow] should access to two volumes with different volume mode and retain data across pod recreation on the same node" classname="Kubernetes e2e suite" time="0">
          <skipped></skipped>
      </testcase>
      <testcase name="[sig-network] Netpol [LinuxOnly] NetworkPolicy between server and client using UDP should enforce policy to allow traffic only from a pod in a different namespace based on PodSelector and NamespaceSelector [Feature:NetworkPolicy]" classname="Kubernetes e2e suite" time="0">
          <skipped></skipped>
      </testcase>
      <testcase name="[sig-storage] In-tree Volumes [Driver: rbd][Feature:Volumes][Serial] [Testpattern: Dynamic PV (block volmode)] volume-stress multiple pods should access different volumes repeatedly [Slow] [Serial]" classname="Kubernetes e2e suite" time="0">
          <skipped></skipped>
      </testcase>
      <testcase name="[sig-storage] In-tree Volumes [Driver: local][LocalVolumeType: gce-localssd-scsi-fs] [Serial] [Testpattern: Dynamic PV (block volmode)] disruptive[Disruptive][LinuxOnly] Should test that pv used in a pod that is force deleted while the kubelet is down cleans up when the kubelet returns." classname="Kubernetes e2e suite" time="0">
          <skipped></skipped>
      </testcase>
      <testcase name="[sig-storage] In-tree Volumes [Driver: iscsi][Feature:Volumes] [Testpattern: Inline-volume (ntfs)][Feature:Windows] volumes should allow exec of files on the volume" classname="Kubernetes e2e suite" time="0">
          <skipped></skipped>
      </testcase>
      <testcase name="[sig-storage] In-tree Volumes [Driver: local][LocalVolumeType: block] [Testpattern: Dynamic PV (default fs)] fsgroupchangepolicy (OnRootMismatch)[LinuxOnly], pod created with an initial fsgroup, volume contents ownership changed in first pod, new pod with same fsgroup skips ownership changes to the volume contents" classname="Kubernetes e2e suite" time="0">
          <skipped></skipped>
      </testcase>
      <testcase name="[sig-storage] In-tree Volumes [Driver: local][LocalVolumeType: blockfs] [Testpattern: Dynamic PV (ntfs)][Feature:Windows] subPath should support creating multiple subpath from same volumes [Slow]" classname="Kubernetes e2e suite" time="0">
          <skipped></skipped>
      </testcase>
      <testcase name="[sig-storage] CSI Volumes [Driver: csi-hostpath] [Testpattern: Pre-provisioned PV (filesystem volmode)] multiVolume [Slow] should access to two volumes with different volume mode and retain data across pod recreation on different node" classname="Kubernetes e2e suite" time="0">
          <skipped></skipped>
      </testcase>
      <testcase name="[sig-storage] In-tree Volumes [Driver: azure-disk] [Testpattern: Dynamic PV (ntfs)][Feature:Windows] subPath should fail if non-existent subpath is outside the volume [Slow][LinuxOnly]" classname="Kubernetes e2e suite" time="0">
          <skipped></skipped>
      </testcase>
      <testcase name="[sig-storage] CSI Volumes [Driver: pd.csi.storage.gke.io][Serial] [Testpattern: Dynamic PV (default fs)] subPath should unmount if pod is force deleted while kubelet is down [Disruptive][Slow][LinuxOnly]" classname="Kubernetes e2e suite" time="0">
          <skipped></skipped>
      </testcase>
      <testcase name="[sig-storage] In-tree Volumes [Driver: aws] [Testpattern: Pre-provisioned PV (block volmode)] volumeMode should fail to use a volume in a pod with mismatched mode [Slow]" classname="Kubernetes e2e suite" time="0">
          <skipped></skipped>
      </testcase>
      <testcase name="[sig-storage] In-tree Volumes [Driver: emptydir] [Testpattern: Dynamic PV (ntfs)(allowExpansion)][Feature:Windows] volume-expand should resize volume when PVC is edited while pod is using it" classname="Kubernetes e2e suite" time="0">
          <skipped></skipped>
      </testcase>
      <testcase name="[sig-api-machinery] Garbage collector should delete pods created by rc when not orphaning [Conformance]" classname="Kubernetes e2e suite" time="10.422395012"></testcase>
      <testcase name="[sig-storage] In-tree Volumes [Driver: emptydir] [Testpattern: Dynamic PV (block volmode)] volume-expand should not allow expansion of pvcs without AllowVolumeExpansion property" classname="Kubernetes e2e suite" time="0">
          <skipped></skipped>
      </testcase>
      <testcase name="[sig-storage] In-tree Volumes [Driver: local][LocalVolumeType: dir-link-bindmounted] [Testpattern: Pre-provisioned PV (filesystem volmode)] multiVolume [Slow] should access to two volumes with different volume mode and retain data across pod recreation on the same node" classname="Kubernetes e2e suite" time="0">
          <skipped></skipped>
      </testcase>
      <testcase name="[sig-storage] In-tree Volumes [Driver: vsphere] [Testpattern: Dynamic PV (default fs)] volume-stress multiple pods should access different volumes repeatedly [Slow] [Serial]" classname="Kubernetes e2e suite" time="0">
          <skipped></skipped>
      </testcase>
      <testcase name="[sig-storage] In-tree Volumes [Driver: local][LocalVolumeType: dir] [Testpattern: Inline-volume (default fs)] subPath should support restarting containers using file as subpath [Slow][LinuxOnly]" classname="Kubernetes e2e suite" time="0">
          <skipped></skipped>
      </testcase>
      <testcase name="[sig-storage] In-tree Volumes [Driver: vsphere] [Testpattern: Dynamic PV (default fs)] subPath should verify container cannot write to subpath readonly volumes [Slow]" classname="Kubernetes e2e suite" time="0">
          <skipped></skipped>
      </testcase>
      <testcase name="[sig-storage] In-tree Volumes [Driver: gcepd] [Testpattern: Dynamic PV (filesystem volmode)] volumeMode should fail to use a volume in a pod with mismatched mode [Slow]" classname="Kubernetes e2e suite" time="0">
          <skipped></skipped>
      </testcase>
      <testcase name="[sig-storage] In-tree Volumes [Driver: local][LocalVolumeType: blockfs] [Testpattern: Dynamic PV (block volmode)] provisioning should provision storage with snapshot data source [Feature:VolumeSnapshotDataSource]" classname="Kubernetes e2e suite" time="0">
          <skipped></skipped>
      </testcase>
      <testcase name="[sig-storage] In-tree Volumes [Driver: local][LocalVolumeType: dir-bindmounted] [Testpattern: Dynamic PV (block volmode)] multiVolume [Slow] should access to two volumes with the same volume mode and retain data across pod recreation on the same node" classname="Kubernetes e2e suite" time="0">
          <skipped></skipped>
      </testcase>
      <testcase name="[sig-storage] CSI Volumes [Driver: pd.csi.storage.gke.io][Serial] [Testpattern: Pre-provisioned PV (filesystem volmode)] multiVolume [Slow] should concurrently access the single volume from pods on different node" classname="Kubernetes e2e suite" time="0">
          <skipped></skipped>
      </testcase>
      <testcase name="[sig-storage] In-tree Volumes [Driver: iscsi][Feature:Volumes] [Testpattern: Pre-provisioned PV (filesystem volmode)] multiVolume [Slow] should access to two volumes with the same volume mode and retain data across pod recreation on different node" classname="Kubernetes e2e suite" time="0">
          <skipped></skipped>
      </testcase>
      <testcase name="[sig-storage] CSI Volumes [Driver: pd.csi.storage.gke.io][Serial] [Testpattern: Dynamic PV (ntfs)][Feature:Windows] subPath should fail if subpath directory is outside the volume [Slow][LinuxOnly]" classname="Kubernetes e2e suite" time="0">
          <skipped></skipped>
      </testcase>
      <testcase name="[sig-storage] In-tree Volumes [Driver: aws] [Testpattern: Dynamic PV (block volmode)] provisioning should provision storage with mount options" classname="Kubernetes e2e suite" time="0">
          <skipped></skipped>
      </testcase>
      <testcase name="[sig-apps] ReplicationController should surface a failure condition on a common issue like exceeded quota [Conformance]" classname="Kubernetes e2e suite" time="2.230501286"></testcase>
      <testcase name="[sig-storage] In-tree Volumes [Driver: emptydir] [Testpattern: Dynamic PV (ntfs)][Feature:Windows] subPath should support existing single file [LinuxOnly]" classname="Kubernetes e2e suite" time="0">
          <skipped></skipped>
      </testcase>
      <testcase name="[sig-storage] In-tree Volumes [Driver: gcepd] [Testpattern: Dynamic PV (block volmode)] multiVolume [Slow] should concurrently access the single read-only volume from pods on the same node" classname="Kubernetes e2e suite" time="0">
          <skipped></skipped>
      </testcase>
      <testcase name="[sig-network] EndpointSliceMirroring should mirror a custom Endpoints resource through create update and delete [Conformance]" classname="Kubernetes e2e suite" time="6.293419724"></testcase>
      <testcase name="[sig-apps] Daemon set [Serial] should retry creating failed daemon pods [Conformance]" classname="Kubernetes e2e suite" time="171.094040314"></testcase>
      <testcase name="[sig-storage] CSI Volumes [Driver: pd.csi.storage.gke.io][Serial] [Testpattern: Pre-provisioned PV (default fs)] subPath should support existing single file [LinuxOnly]" classname="Kubernetes e2e suite" time="0">
          <skipped></skipped>
      </testcase>
      <testcase name="[sig-storage] In-tree Volumes [Driver: aws] [Testpattern: Dynamic PV (filesystem volmode)] multiVolume [Slow] should access to two volumes with different volume mode and retain data across pod recreation on the same node" classname="Kubernetes e2e suite" time="0">
          <skipped></skipped>
      </testcase>
      <testcase name="[sig-storage] In-tree Volumes [Driver: local][LocalVolumeType: dir-bindmounted] [Testpattern: Inline-volume (ntfs)][Feature:Windows] volumes should store data" classname="Kubernetes e2e suite" time="0">
          <skipped></skipped>
      </testcase>
      <testcase name="[sig-storage] In-tree Volumes [Driver: iscsi][Feature:Volumes] [Testpattern: Dynamic PV (default fs)] volume-expand should not allow expansion of pvcs without AllowVolumeExpansion property" classname="Kubernetes e2e suite" time="0">
          <skipped></skipped>
      </testcase>
      <testcase name="[sig-storage] In-tree Volumes [Driver: azure-disk] [Testpattern: Inline-volume (xfs)][Slow] volumes should store data" classname="Kubernetes e2e suite" time="0">
          <skipped></skipped>
      </testcase>
      <testcase name="[sig-storage] In-tree Volumes [Driver: local][LocalVolumeType: dir-link] [Testpattern: Inline-volume (default fs)] subPath should support existing single file [LinuxOnly]" classname="Kubernetes e2e suite" time="0">
          <skipped></skipped>
      </testcase>
      <testcase name="[sig-storage] PersistentVolumes-local  [Volume type: block] Set fsGroup for local volume should set same fsGroup for two pods simultaneously [Slow]" classname="Kubernetes e2e suite" time="0">
          <skipped></skipped>
      </testcase>
      <testcase name="[sig-network] Netpol NetworkPolicy between server and client should enforce policy based on NamespaceSelector with MatchExpressions using default ns label [Feature:NetworkPolicy]" classname="Kubernetes e2e suite" time="0">
          <skipped></skipped>
      </testcase>
      <testcase name="[sig-storage] In-tree Volumes [Driver: nfs] [Testpattern: Pre-provisioned PV (filesystem volmode)] multiVolume [Slow] should access to two volumes with the same volume mode and retain data across pod recreation on the same node" classname="Kubernetes e2e suite" time="0">
          <skipped></skipped>
      </testcase>
      <testcase name="[sig-storage] In-tree Volumes [Driver: local][LocalVolumeType: block] [Testpattern: Dynamic PV (ext4)] multiVolume [Slow] should concurrently access the single volume from pods on the same node" classname="Kubernetes e2e suite" time="0">
          <skipped></skipped>
      </testcase>
      <testcase name="[sig-storage] In-tree Volumes [Driver: iscsi][Feature:Volumes] [Testpattern: Dynamic PV (block volmode)] multiVolume [Slow] should access to two volumes with different volume mode and retain data across pod recreation on different node" classname="Kubernetes e2e suite" time="0">
          <skipped></skipped>
      </testcase>
      <testcase name="[sig-network] NetworkPolicy [Feature:SCTPConnectivity][LinuxOnly][Disruptive] NetworkPolicy between server and client using SCTP should enforce policy to allow traffic only from a pod in a different namespace based on PodSelector and NamespaceSelector [Feature:NetworkPolicy]" classname="Kubernetes e2e suite" time="0">
          <skipped></skipped>
      </testcase>
      <testcase name="[sig-storage] In-tree Volumes [Driver: azure-disk] [Testpattern: Dynamic PV (default fs)(allowExpansion)] volume-expand should resize volume when PVC is edited while pod is using it" classname="Kubernetes e2e suite" time="0">
          <skipped></skipped>
      </testcase>
      <testcase name="[sig-storage] In-tree Volumes [Driver: local][LocalVolumeType: dir-link] [Testpattern: Inline-volume (ext4)] volumes should store data" classname="Kubernetes e2e suite" time="0">
          <skipped></skipped>
      </testcase>
      <testcase name="[sig-storage] In-tree Volumes [Driver: local][LocalVolumeType: dir-bindmounted] [Testpattern: Inline-volume (default fs)] subPath should unmount if pod is force deleted while kubelet is down [Disruptive][Slow][LinuxOnly]" classname="Kubernetes e2e suite" time="0">
          <skipped></skipped>
      </testcase>
      <testcase name="[sig-storage] In-tree Volumes [Driver: emptydir] [Testpattern: Dynamic PV (block volmode)] multiVolume [Slow] should access to two volumes with the same volume mode and retain data across pod recreation on different node" classname="Kubernetes e2e suite" time="0">
          <skipped></skipped>
      </testcase>
      <testcase name="[sig-storage] In-tree Volumes [Driver: azure-disk] [Testpattern: Pre-provisioned PV (ext4)] volumes should allow exec of files on the volume" classname="Kubernetes e2e suite" time="0">
          <skipped></skipped>
      </testcase>
      <testcase name="[sig-storage] In-tree Volumes [Driver: gluster] [Testpattern: Dynamic PV (default fs)] subPath should support existing directory" classname="Kubernetes e2e suite" time="0">
          <skipped></skipped>
      </testcase>
      <testcase name="[sig-storage] In-tree Volumes [Driver: ceph][Feature:Volumes][Serial] [Testpattern: Dynamic PV (default fs)(allowExpansion)] volume-expand should resize volume when PVC is edited while pod is using it" classname="Kubernetes e2e suite" time="0">
          <skipped></skipped>
      </testcase>
      <testcase name="[sig-storage] In-tree Volumes [Driver: hostPath] [Testpattern: Dynamic PV (immediate binding)] topology should provision a volume and schedule a pod with AllowedTopologies" classname="Kubernetes e2e suite" time="0">
          <skipped></skipped>
      </testcase>
      <testcase name="[sig-storage] In-tree Volumes [Driver: hostPath] [Testpattern: Dynamic PV (ntfs)][Feature:Windows] subPath should unmount if pod is force deleted while kubelet is down [Disruptive][Slow][LinuxOnly]" classname="Kubernetes e2e suite" time="0">
          <skipped></skipped>
      </testcase>
      <testcase name="[sig-storage] CSI Volumes [Driver: csi-hostpath] [Testpattern: Dynamic PV (default fs)] subPath should support existing single file [LinuxOnly]" classname="Kubernetes e2e suite" time="0">
          <skipped></skipped>
      </testcase>
      <testcase name="[sig-storage] In-tree Volumes [Driver: local][LocalVolumeType: dir-link] [Testpattern: Pre-provisioned PV (filesystem volmode)] multiVolume [Slow] should access to two volumes with the same volume mode and retain data across pod recreation on the same node" classname="Kubernetes e2e suite" time="0">
          <skipped></skipped>
      </testcase>
      <testcase name="[sig-storage] In-tree Volumes [Driver: windows-gcepd] [Testpattern: Dynamic PV (block volmode)] multiVolume [Slow] should concurrently access the volume and its clone from pods on the same node [LinuxOnly][Feature:VolumeSnapshotDataSource][Feature:VolumeSourceXFS]" classname="Kubernetes e2e suite" time="0">
          <skipped></skipped>
      </testcase>
      <testcase name="[sig-storage] In-tree Volumes [Driver: rbd][Feature:Volumes][Serial] [Testpattern: Pre-provisioned PV (ext3)] volumes should store data" classname="Kubernetes e2e suite" time="0">
          <skipped></skipped>
      </testcase>
      <testcase name="[sig-storage] CSI Volumes [Driver: pd.csi.storage.gke.io][Serial] [Testpattern: Generic Ephemeral-volume (default fs) (immediate-binding)] ephemeral should create read-only inline ephemeral volume" classname="Kubernetes e2e suite" time="0">
          <skipped></skipped>
      </testcase>
      <testcase name="[sig-scheduling] SchedulerPredicates [Serial] validates that there exists conflict between pods with same hostPort and protocol but one using 0.0.0.0 hostIP [Conformance]" classname="Kubernetes e2e suite" time="316.833521399"></testcase>
      <testcase name="[sig-storage] In-tree Volumes [Driver: local][LocalVolumeType: gce-localssd-scsi-fs] [Serial] [Testpattern: Pre-provisioned PV (filesystem volmode)] multiVolume [Slow] should concurrently access the single volume from pods on the same node" classname="Kubernetes e2e suite" time="0">
          <skipped></skipped>
      </testcase>
      <testcase name="[sig-apps] ReplicaSet Replicaset should have a working scale subresource [Conformance]" classname="Kubernetes e2e suite" time="7.730919556"></testcase>
      <testcase name="[sig-storage] In-tree Volumes [Driver: local][LocalVolumeType: gce-localssd-scsi-fs] [Serial] [Testpattern: Dynamic PV (default fs)] fsgroupchangepolicy (OnRootMismatch)[LinuxOnly], pod created with an initial fsgroup, volume contents ownership changed in first pod, new pod with same fsgroup skips ownership changes to the volume contents" classname="Kubernetes e2e suite" time="0">
          <skipped></skipped>
      </testcase>
      <testcase name="[sig-storage] In-tree Volumes [Driver: hostPathSymlink] [Testpattern: Dynamic PV (ntfs)][Feature:Windows] subPath should unmount if pod is gracefully deleted while kubelet is down [Disruptive][Slow][LinuxOnly]" classname="Kubernetes e2e suite" time="0">
          <skipped></skipped>
      </testcase>
      <testcase name="[sig-storage] In-tree Volumes [Driver: cinder] [Testpattern: Inline-volume (default fs)] subPath should fail if subpath with backstepping is outside the volume [Slow][LinuxOnly]" classname="Kubernetes e2e suite" time="0">
          <skipped></skipped>
      </testcase>
      <testcase name="[sig-storage] In-tree Volumes [Driver: ceph][Feature:Volumes][Serial] [Testpattern: Pre-provisioned PV (default fs)] subPath should fail if subpath directory is outside the volume [Slow][LinuxOnly]" classname="Kubernetes e2e suite" time="0">
          <skipped></skipped>
      </testcase>
      <testcase name="[sig-storage] In-tree Volumes [Driver: local][LocalVolumeType: dir-link-bindmounted] [Testpattern: Dynamic PV (default fs)] subPath should verify container cannot write to subpath readonly volumes [Slow]" classname="Kubernetes e2e suite" time="0">
          <skipped></skipped>
      </testcase>
      <testcase name="[sig-node] NodeLease when the NodeLease feature is enabled should have OwnerReferences set" classname="Kubernetes e2e suite" time="0">
          <skipped></skipped>
      </testcase>
      <testcase name="[sig-storage] In-tree Volumes [Driver: local][LocalVolumeType: dir] [Testpattern: Dynamic PV (filesystem volmode)] multiVolume [Slow] should access to two volumes with the same volume mode and retain data across pod recreation on the same node" classname="Kubernetes e2e suite" time="0">
          <skipped></skipped>
      </testcase>
      <testcase name="[sig-storage] In-tree Volumes [Driver: azure-disk] [Testpattern: Dynamic PV (filesystem volmode)] multiVolume [Slow] should access to two volumes with different volume mode and retain data across pod recreation on the same node" classname="Kubernetes e2e suite" time="0">
          <skipped></skipped>
      </testcase>
      <testcase name="[sig-storage] In-tree Volumes [Driver: local][LocalVolumeType: tmpfs] [Testpattern: Dynamic PV (default fs)] subPath should fail if subpath with backstepping is outside the volume [Slow][LinuxOnly]" classname="Kubernetes e2e suite" time="0">
          <skipped></skipped>
      </testcase>
      <testcase name="[sig-storage] In-tree Volumes [Driver: local][LocalVolumeType: tmpfs] [Testpattern: Dynamic PV (ntfs)][Feature:Windows] provisioning should provision storage with snapshot data source [Feature:VolumeSnapshotDataSource]" classname="Kubernetes e2e suite" time="0">
          <skipped></skipped>
      </testcase>
      <testcase name="[sig-storage] In-tree Volumes [Driver: nfs] [Testpattern: Pre-provisioned PV (block volmode)] multiVolume [Slow] should concurrently access the volume and its clone from pods on the same node [LinuxOnly][Feature:VolumeSnapshotDataSource][Feature:VolumeSourceXFS]" classname="Kubernetes e2e suite" time="0">
          <skipped></skipped>
      </testcase>
      <testcase name="[sig-apps] DisruptionController should observe that the PodDisruptionBudget status is not updated for unmanaged pods" classname="Kubernetes e2e suite" time="0">
          <skipped></skipped>
      </testcase>
      <testcase name="[sig-storage] In-tree Volumes [Driver: local][LocalVolumeType: dir-bindmounted] [Testpattern: Inline-volume (default fs)] subPath should support readOnly directory specified in the volumeMount" classname="Kubernetes e2e suite" time="0">
          <skipped></skipped>
      </testcase>
      <testcase name="[sig-storage] In-tree Volumes [Driver: gcepd] [Testpattern: Pre-provisioned PV (default fs)] volumeIO should write files of various sizes, verify size, validate content [Slow][LinuxOnly]" classname="Kubernetes e2e suite" time="0">
          <skipped></skipped>
      </testcase>
      <testcase name="[sig-storage] In-tree Volumes [Driver: vsphere] [Testpattern: Dynamic PV (filesystem volmode)] volumeMode should fail to use a volume in a pod with mismatched mode [Slow]" classname="Kubernetes e2e suite" time="0">
          <skipped></skipped>
      </testcase>
      <testcase name="[sig-windows] [Feature:Windows] Cpu Resources [Serial] Container limits should not be exceeded after waiting 2 minutes" classname="Kubernetes e2e suite" time="0">
          <skipped></skipped>
      </testcase>
      <testcase name="[sig-storage] CSI Volumes [Driver: pd.csi.storage.gke.io][Serial] [Testpattern: Pre-provisioned PV (block volmode)] disruptive[Disruptive][LinuxOnly] Should test that pv used in a pod that is deleted while the kubelet is down cleans up when the kubelet returns." classname="Kubernetes e2e suite" time="0">
          <skipped></skipped>
      </testcase>
      <testcase name="[sig-storage] In-tree Volumes [Driver: cinder] [Testpattern: Dynamic PV (immediate binding)] topology should fail to schedule a pod which has topologies that conflict with AllowedTopologies" classname="Kubernetes e2e suite" time="0">
          <skipped></skipped>
      </testcase>
      <testcase name="[sig-storage] In-tree Volumes [Driver: nfs] [Testpattern: Dynamic PV (filesystem volmode)] multiVolume [Slow] should concurrently access the volume and its clone from pods on the same node [LinuxOnly][Feature:VolumeSnapshotDataSource][Feature:VolumeSourceXFS]" classname="Kubernetes e2e suite" time="0">
          <skipped></skipped>
      </testcase>
      <testcase name="[sig-storage] In-tree Volumes [Driver: local][LocalVolumeType: dir] [Testpattern: Dynamic PV (default fs)] provisioning should provision storage with snapshot data source [Feature:VolumeSnapshotDataSource]" classname="Kubernetes e2e suite" time="0">
          <skipped></skipped>
      </testcase>
      <testcase name="[sig-storage] In-tree Volumes [Driver: windows-gcepd] [Testpattern: Dynamic PV (block volmode)] multiVolume [Slow] should concurrently access the volume and restored snapshot from pods on the same node [LinuxOnly][Feature:VolumeSnapshotDataSource][Feature:VolumeSourceXFS]" classname="Kubernetes e2e suite" time="0">
          <skipped></skipped>
      </testcase>
      <testcase name="[sig-storage] PersistentVolumes-local  [Volume type: dir-link-bindmounted] One pod requesting one prebound PVC should be able to mount volume and write from pod1" classname="Kubernetes e2e suite" time="0">
          <skipped></skipped>
      </testcase>
      <testcase name="[sig-cli] Kubectl client Kubectl copy should copy a file from a running Pod" classname="Kubernetes e2e suite" time="0">
          <skipped></skipped>
      </testcase>
      <testcase name="[sig-storage] In-tree Volumes [Driver: windows-gcepd] [Testpattern: Pre-provisioned PV (block volmode)] multiVolume [Slow] should concurrently access the volume and restored snapshot from pods on the same node [LinuxOnly][Feature:VolumeSnapshotDataSource][Feature:VolumeSourceXFS]" classname="Kubernetes e2e suite" time="0">
          <skipped></skipped>
      </testcase>
      <testcase name="[sig-storage] In-tree Volumes [Driver: ceph][Feature:Volumes][Serial] [Testpattern: Dynamic PV (xfs)][Slow] multiVolume [Slow] should concurrently access the volume and its clone from pods on the same node [LinuxOnly][Feature:VolumeSnapshotDataSource][Feature:VolumeSourceXFS]" classname="Kubernetes e2e suite" time="0">
          <skipped></skipped>
      </testcase>
      <testcase name="[sig-storage] CSI Volumes [Driver: csi-hostpath] [Testpattern: Dynamic PV (xfs)][Slow] multiVolume [Slow] should concurrently access the single read-only volume from pods on the same node" classname="Kubernetes e2e suite" time="0">
          <skipped></skipped>
      </testcase>
      <testcase name="[sig-storage] In-tree Volumes [Driver: cinder] [Testpattern: Inline-volume (default fs)] subPath should support non-existent path" classname="Kubernetes e2e suite" time="0">
          <skipped></skipped>
      </testcase>
      <testcase name="[sig-storage] In-tree Volumes [Driver: local][LocalVolumeType: dir-link-bindmounted] [Testpattern: Dynamic PV (block volmode)] volume-stress multiple pods should access different volumes repeatedly [Slow] [Serial]" classname="Kubernetes e2e suite" time="0">
          <skipped></skipped>
      </testcase>
      <testcase name="[sig-storage] In-tree Volumes [Driver: windows-gcepd] [Testpattern: Pre-provisioned PV (default fs)] volumes should store data" classname="Kubernetes e2e suite" time="0">
          <skipped></skipped>
      </testcase>
      <testcase name="[sig-storage] In-tree Volumes [Driver: local][LocalVolumeType: dir-bindmounted] [Testpattern: Inline-volume (ext3)] volumes should allow exec of files on the volume" classname="Kubernetes e2e suite" time="0">
          <skipped></skipped>
      </testcase>
      <testcase name="[sig-api-machinery] Garbage collector should delete RS created by deployment when not orphaning [Conformance]" classname="Kubernetes e2e suite" time="1.528604684"></testcase>
      <testcase name="[sig-storage] In-tree Volumes [Driver: gcepd] [Testpattern: Dynamic PV (ntfs)][Feature:Windows] subPath should support existing directories when readOnly specified in the volumeSource" classname="Kubernetes e2e suite" time="0">
          <skipped></skipped>
      </testcase>
      <testcase name="[sig-storage] Projected secret should be consumable from pods in volume [NodeConformance] [Conformance]" classname="Kubernetes e2e suite" time="16.705713015"></testcase>
      <testcase name="[sig-storage] In-tree Volumes [Driver: ceph][Feature:Volumes][Serial] [Testpattern: Inline-volume (default fs)] subPath should support existing single file [LinuxOnly]" classname="Kubernetes e2e suite" time="0">
          <skipped></skipped>
      </testcase>
      <testcase name="[sig-storage] In-tree Volumes [Driver: local][LocalVolumeType: block] [Testpattern: Pre-provisioned PV (default fs)] volumes should store data" classname="Kubernetes e2e suite" time="0">
          <skipped></skipped>
      </testcase>
      <testcase name="[sig-storage] In-tree Volumes [Driver: iscsi][Feature:Volumes] [Testpattern: Dynamic PV (default fs)] volumeIO should write files of various sizes, verify size, validate content [Slow][LinuxOnly]" classname="Kubernetes e2e suite" time="0">
          <skipped></skipped>
      </testcase>
      <testcase name="[sig-storage] In-tree Volumes [Driver: local][LocalVolumeType: dir] [Testpattern: Dynamic PV (filesystem volmode)] multiVolume [Slow] should concurrently access the volume and restored snapshot from pods on the same node [LinuxOnly][Feature:VolumeSnapshotDataSource][Feature:VolumeSourceXFS]" classname="Kubernetes e2e suite" time="0">
          <skipped></skipped>
      </testcase>
      <testcase name="[sig-storage] In-tree Volumes [Driver: aws] [Testpattern: Dynamic PV (ntfs)][Feature:Windows] volumes should store data" classname="Kubernetes e2e suite" time="0">
          <skipped></skipped>
      </testcase>
      <testcase name="[sig-storage] In-tree Volumes [Driver: cinder] [Testpattern: Dynamic PV (default fs)] subPath should support existing single file [LinuxOnly]" classname="Kubernetes e2e suite" time="0">
          <skipped></skipped>
      </testcase>
      <testcase name="[sig-storage] In-tree Volumes [Driver: local][LocalVolumeType: tmpfs] [Testpattern: Inline-volume (default fs)] subPath should support restarting containers using directory as subpath [Slow]" classname="Kubernetes e2e suite" time="0">
          <skipped></skipped>
      </testcase>
      <testcase name="[sig-autoscaling] Cluster size autoscaling [Slow] should be able to scale down by draining system pods with pdb[Feature:ClusterSizeAutoscalingScaleDown]" classname="Kubernetes e2e suite" time="0">
          <skipped></skipped>
      </testcase>
      <testcase name="[sig-storage] In-tree Volumes [Driver: local][LocalVolumeType: block] [Testpattern: Dynamic PV (ntfs)][Feature:Windows] subPath should fail if subpath file is outside the volume [Slow][LinuxOnly]" classname="Kubernetes e2e suite" time="0">
          <skipped></skipped>
      </testcase>
      <testcase name="[sig-storage] In-tree Volumes [Driver: gcepd] [Testpattern: Pre-provisioned PV (default fs)] subPath should support non-existent path" classname="Kubernetes e2e suite" time="0">
          <skipped></skipped>
      </testcase>
      <testcase name="[sig-storage] In-tree Volumes [Driver: gluster] [Testpattern: Pre-provisioned PV (default fs)] subPath should support restarting containers using file as subpath [Slow][LinuxOnly]" classname="Kubernetes e2e suite" time="0">
          <skipped></skipped>
      </testcase>
      <testcase name="[sig-storage] In-tree Volumes [Driver: local][LocalVolumeType: dir-link-bindmounted] [Testpattern: Dynamic PV (filesystem volmode)] multiVolume [Slow] should concurrently access the single volume from pods on the same node" classname="Kubernetes e2e suite" time="0">
          <skipped></skipped>
      </testcase>
      <testcase name="[sig-storage] CSI Volumes [Driver: csi-hostpath] [Testpattern: Dynamic PV (ntfs)][Feature:Windows] subPath should verify container cannot write to subpath readonly volumes [Slow]" classname="Kubernetes e2e suite" time="0">
          <skipped></skipped>
      </testcase>
      <testcase name="[sig-storage] In-tree Volumes [Driver: azure-disk] [Testpattern: Dynamic PV (ntfs)][Feature:Windows] subPath should be able to unmount after the subpath directory is deleted [LinuxOnly]" classname="Kubernetes e2e suite" time="0">
          <skipped></skipped>
      </testcase>
      <testcase name="[sig-storage] In-tree Volumes [Driver: hostPathSymlink] [Testpattern: Dynamic PV (block volmode)] multiVolume [Slow] should concurrently access the single volume from pods on the same node" classname="Kubernetes e2e suite" time="0">
          <skipped></skipped>
      </testcase>
      <testcase name="[sig-storage] CSI Volumes [Driver: csi-hostpath] [Testpattern: Dynamic PV (default fs)] subPath should support readOnly directory specified in the volumeMount" classname="Kubernetes e2e suite" time="0">
          <skipped></skipped>
      </testcase>
      <testcase name="[sig-storage] In-tree Volumes [Driver: nfs] [Testpattern: Dynamic PV (ext4)] multiVolume [Slow] should concurrently access the single volume from pods on the same node" classname="Kubernetes e2e suite" time="0">
          <skipped></skipped>
      </testcase>
      <testcase name="[sig-storage] In-tree Volumes [Driver: aws] [Testpattern: Pre-provisioned PV (ext3)] volumes should allow exec of files on the volume" classname="Kubernetes e2e suite" time="0">
          <skipped></skipped>
      </testcase>
      <testcase name="[sig-storage] In-tree Volumes [Driver: local][LocalVolumeType: tmpfs] [Testpattern: Dynamic PV (default fs)] subPath should support creating multiple subpath from same volumes [Slow]" classname="Kubernetes e2e suite" time="0">
          <skipped></skipped>
      </testcase>
      <testcase name="[sig-storage] In-tree Volumes [Driver: local][LocalVolumeType: blockfs] [Testpattern: Inline-volume (ntfs)][Feature:Windows] volumes should store data" classname="Kubernetes e2e suite" time="0">
          <skipped></skipped>
      </testcase>
      <testcase name="[sig-network] Networking should provide Internet connection for containers [Feature:Networking-IPv4]" classname="Kubernetes e2e suite" time="0">
          <skipped></skipped>
      </testcase>
      <testcase name="[sig-storage] In-tree Volumes [Driver: local][LocalVolumeType: tmpfs] [Testpattern: Pre-provisioned PV (filesystem volmode)] multiVolume [Slow] should access to two volumes with the same volume mode and retain data across pod recreation on the same node" classname="Kubernetes e2e suite" time="0">
          <skipped></skipped>
      </testcase>
      <testcase name="[sig-storage] In-tree Volumes [Driver: local][LocalVolumeType: dir] [Testpattern: Dynamic PV (filesystem volmode)] multiVolume [Slow] should access to two volumes with different volume mode and retain data across pod recreation on the same node" classname="Kubernetes e2e suite" time="0">
          <skipped></skipped>
      </testcase>
      <testcase name="[sig-storage] In-tree Volumes [Driver: local][LocalVolumeType: block] [Testpattern: Dynamic PV (ntfs)][Feature:Windows] provisioning should provision storage with mount options" classname="Kubernetes e2e suite" time="0">
          <skipped></skipped>
      </testcase>
      <testcase name="[sig-apps] StatefulSet Deploy clustered applications [Feature:StatefulSet] [Slow] should creating a working mysql cluster" classname="Kubernetes e2e suite" time="0">
          <skipped></skipped>
      </testcase>
      <testcase name="[sig-storage] In-tree Volumes [Driver: vsphere] [Testpattern: Dynamic PV (default fs)] volumes should store data" classname="Kubernetes e2e suite" time="0">
          <skipped></skipped>
      </testcase>
      <testcase name="[sig-storage] In-tree Volumes [Driver: vsphere] [Testpattern: Dynamic PV (ext4)] multiVolume [Slow] should access to two volumes with the same volume mode and retain data across pod recreation on the same node" classname="Kubernetes e2e suite" time="0">
          <skipped></skipped>
      </testcase>
      <testcase name="[sig-storage] In-tree Volumes [Driver: local][LocalVolumeType: tmpfs] [Testpattern: Inline-volume (default fs)] subPath should support file as subpath [LinuxOnly]" classname="Kubernetes e2e suite" time="0">
          <skipped></skipped>
      </testcase>
      <testcase name="[sig-storage] In-tree Volumes [Driver: gcepd] [Testpattern: Dynamic PV (default fs)] fsgroupchangepolicy (Always)[LinuxOnly], pod created with an initial fsgroup, volume contents ownership changed in first pod, new pod with same fsgroup applied to the volume contents" classname="Kubernetes e2e suite" time="0">
          <skipped></skipped>
      </testcase>
      <testcase name="[sig-storage] In-tree Volumes [Driver: emptydir] [Testpattern: Dynamic PV (ext4)] multiVolume [Slow] should concurrently access the single read-only volume from pods on the same node" classname="Kubernetes e2e suite" time="0">
          <skipped></skipped>
      </testcase>
      <testcase name="[sig-storage] In-tree Volumes [Driver: local][LocalVolumeType: blockfs] [Testpattern: Pre-provisioned PV (ext4)] volumes should allow exec of files on the volume" classname="Kubernetes e2e suite" time="0">
          <skipped></skipped>
      </testcase>
      <testcase name="[sig-storage] In-tree Volumes [Driver: local][LocalVolumeType: dir-bindmounted] [Testpattern: Pre-provisioned PV (block volmode)] multiVolume [Slow] should access to two volumes with the same volume mode and retain data across pod recreation on different node" classname="Kubernetes e2e suite" time="0">
          <skipped></skipped>
      </testcase>
      <testcase name="[sig-storage] In-tree Volumes [Driver: hostPathSymlink] [Testpattern: Inline-volume (default fs)] volumeIO should write files of various sizes, verify size, validate content [Slow][LinuxOnly]" classname="Kubernetes e2e suite" time="0">
          <skipped></skipped>
      </testcase>
      <testcase name="[sig-storage] In-tree Volumes [Driver: local][LocalVolumeType: block] [Testpattern: Dynamic PV (block volmode)(allowExpansion)] volume-expand Verify if offline PVC expansion works" classname="Kubernetes e2e suite" time="0">
          <skipped></skipped>
      </testcase>
      <testcase name="[sig-storage] PersistentVolumes-local  [Volume type: blockfswithoutformat] One pod requesting one prebound PVC should be able to mount volume and write from pod1" classname="Kubernetes e2e suite" time="0">
          <skipped></skipped>
      </testcase>
      <testcase name="[sig-storage] In-tree Volumes [Driver: local][LocalVolumeType: block] [Testpattern: Dynamic PV (xfs)][Slow] volumes should store data" classname="Kubernetes e2e suite" time="0">
          <skipped></skipped>
      </testcase>
      <testcase name="[sig-storage] In-tree Volumes [Driver: rbd][Feature:Volumes][Serial] [Testpattern: Dynamic PV (immediate binding)] topology should fail to schedule a pod which has topologies that conflict with AllowedTopologies" classname="Kubernetes e2e suite" time="0">
          <skipped></skipped>
      </testcase>
      <testcase name="[sig-storage] In-tree Volumes [Driver: azure-disk] [Testpattern: Inline-volume (default fs)] volumeIO should write files of various sizes, verify size, validate content [Slow][LinuxOnly]" classname="Kubernetes e2e suite" time="0">
          <skipped></skipped>
      </testcase>
      <testcase name="[sig-storage] In-tree Volumes [Driver: hostPathSymlink] [Testpattern: Inline-volume (default fs)] subPath should unmount if pod is gracefully deleted while kubelet is down [Disruptive][Slow][LinuxOnly]" classname="Kubernetes e2e suite" time="0">
          <skipped></skipped>
      </testcase>
      <testcase name="[sig-storage] In-tree Volumes [Driver: local][LocalVolumeType: gce-localssd-scsi-fs] [Serial] [Testpattern: Pre-provisioned PV (default fs)] subPath should fail if subpath with backstepping is outside the volume [Slow][LinuxOnly]" classname="Kubernetes e2e suite" time="0">
          <skipped></skipped>
      </testcase>
      <testcase name="[sig-storage] In-tree Volumes [Driver: local][LocalVolumeType: dir-link-bindmounted] [Testpattern: Dynamic PV (default fs)] volumes should allow exec of files on the volume" classname="Kubernetes e2e suite" time="0">
          <skipped></skipped>
      </testcase>
      <testcase name="[sig-storage] In-tree Volumes [Driver: azure-disk] [Testpattern: Dynamic PV (block volmode)] disruptive[Disruptive][LinuxOnly] Should test that pv used in a pod that is deleted while the kubelet is down cleans up when the kubelet returns." classname="Kubernetes e2e suite" time="0">
          <skipped></skipped>
      </testcase>
      <testcase name="[sig-storage] In-tree Volumes [Driver: local][LocalVolumeType: blockfs] [Testpattern: Dynamic PV (ntfs)][Feature:Windows] provisioning should provision storage with pvc data source in parallel [Slow]" classname="Kubernetes e2e suite" time="0">
          <skipped></skipped>
      </testcase>
      <testcase name="[sig-storage] In-tree Volumes [Driver: rbd][Feature:Volumes][Serial] [Testpattern: Dynamic PV (default fs)] provisioning should provision storage with mount options" classname="Kubernetes e2e suite" time="0">
          <skipped></skipped>
      </testcase>
      <testcase name="[sig-storage] In-tree Volumes [Driver: iscsi][Feature:Volumes] [Testpattern: Dynamic PV (xfs)][Slow] multiVolume [Slow] should concurrently access the single volume from pods on the same node" classname="Kubernetes e2e suite" time="0">
          <skipped></skipped>
      </testcase>
      <testcase name="[sig-storage] HostPathType Block Device [Slow] Should be able to mount block device &#39;ablkdev&#39; successfully when HostPathType is HostPathUnset" classname="Kubernetes e2e suite" time="0">
          <skipped></skipped>
      </testcase>
      <testcase name="[sig-storage] In-tree Volumes [Driver: emptydir] [Testpattern: Pre-provisioned PV (filesystem volmode)] volumeMode should not mount / map unused volumes in a pod [LinuxOnly]" classname="Kubernetes e2e suite" time="0">
          <skipped></skipped>
      </testcase>
      <testcase name="[sig-storage] ConfigMap Should fail non-optional pod creation due to the key in the configMap object does not exist [Slow]" classname="Kubernetes e2e suite" time="0">
          <skipped></skipped>
      </testcase>
      <testcase name="[sig-api-machinery] CustomResourcePublishOpenAPI [Privileged:ClusterAdmin] works for CRD preserving unknown fields at the schema root [Conformance]" classname="Kubernetes e2e suite" time="20.95769663"></testcase>
      <testcase name="[sig-storage] Volume Provisioning On Clustered Datastore [Feature:vsphere] verify dynamic provision with spbm policy on clustered datastore" classname="Kubernetes e2e suite" time="0">
          <skipped></skipped>
      </testcase>
      <testcase name="[sig-storage] In-tree Volumes [Driver: rbd][Feature:Volumes][Serial] [Testpattern: Dynamic PV (ntfs)][Feature:Windows] provisioning should provision storage with snapshot data source [Feature:VolumeSnapshotDataSource]" classname="Kubernetes e2e suite" time="0">
          <skipped></skipped>
      </testcase>
      <testcase name="[sig-storage] In-tree Volumes [Driver: hostPathSymlink] [Testpattern: Pre-provisioned PV (block volmode)] volumeMode should fail to create pod by failing to mount volume [Slow]" classname="Kubernetes e2e suite" time="0">
          <skipped></skipped>
      </testcase>
      <testcase name="[sig-storage] In-tree Volumes [Driver: iscsi][Feature:Volumes] [Testpattern: Dynamic PV (default fs)] subPath should fail if subpath file is outside the volume [Slow][LinuxOnly]" classname="Kubernetes e2e suite" time="0">
          <skipped></skipped>
      </testcase>
      <testcase name="[sig-cli] Kubectl client Kubectl create quota should reject quota with invalid scopes" classname="Kubernetes e2e suite" time="0">
          <skipped></skipped>
      </testcase>
      <testcase name="[sig-api-machinery] ResourceQuota [Feature:PodPriority] should verify ResourceQuota&#39;s priority class scope (quota set to pod count: 1) against 2 pods with different priority class." classname="Kubernetes e2e suite" time="0">
          <skipped></skipped>
      </testcase>
      <testcase name="[sig-storage] In-tree Volumes [Driver: local][LocalVolumeType: tmpfs] [Testpattern: Dynamic PV (default fs)] subPath should support file as subpath [LinuxOnly]" classname="Kubernetes e2e suite" time="0">
          <skipped></skipped>
      </testcase>
      <testcase name="[sig-storage] In-tree Volumes [Driver: azure-disk] [Testpattern: Dynamic PV (ext4)] multiVolume [Slow] should concurrently access the single read-only volume from pods on the same node" classname="Kubernetes e2e suite" time="0">
          <skipped></skipped>
      </testcase>
      <testcase name="[sig-api-machinery] client-go should negotiate watch and report errors with accept &#34;application/vnd.kubernetes.protobuf,application/json&#34;" classname="Kubernetes e2e suite" time="0">
          <skipped></skipped>
      </testcase>
      <testcase name="[sig-storage] In-tree Volumes [Driver: gluster] [Testpattern: Pre-provisioned PV (block volmode)] multiVolume [Slow] should concurrently access the volume and its clone from pods on the same node [LinuxOnly][Feature:VolumeSnapshotDataSource][Feature:VolumeSourceXFS]" classname="Kubernetes e2e suite" time="0">
          <skipped></skipped>
      </testcase>
      <testcase name="[sig-storage] In-tree Volumes [Driver: local][LocalVolumeType: dir-link-bindmounted] [Testpattern: Dynamic PV (default fs)(allowExpansion)] volume-expand Verify if offline PVC expansion works" classname="Kubernetes e2e suite" time="0">
          <skipped></skipped>
      </testcase>
      <testcase name="[sig-storage] In-tree Volumes [Driver: cinder] [Testpattern: Pre-provisioned PV (default fs)] subPath should fail if subpath file is outside the volume [Slow][LinuxOnly]" classname="Kubernetes e2e suite" time="0">
          <skipped></skipped>
      </testcase>
      <testcase name="[sig-storage] ConfigMap should be consumable from pods in volume as non-root with defaultMode and fsGroup set [LinuxOnly] [NodeFeature:FSGroup]" classname="Kubernetes e2e suite" time="0">
          <skipped></skipped>
      </testcase>
      <testcase name="[sig-storage] In-tree Volumes [Driver: vsphere] [Testpattern: Dynamic PV (ext4)] multiVolume [Slow] should access to two volumes with different volume mode and retain data across pod recreation on the same node" classname="Kubernetes e2e suite" time="0">
          <skipped></skipped>
      </testcase>
      <testcase name="[sig-storage] In-tree Volumes [Driver: local][LocalVolumeType: dir-link-bindmounted] [Testpattern: Dynamic PV (ntfs)][Feature:Windows] provisioning should provision storage with pvc data source" classname="Kubernetes e2e suite" time="0">
          <skipped></skipped>
      </testcase>
      <testcase name="[sig-storage] In-tree Volumes [Driver: local][LocalVolumeType: dir-link] [Testpattern: Pre-provisioned PV (default fs)] subPath should support restarting containers using directory as subpath [Slow]" classname="Kubernetes e2e suite" time="0">
          <skipped></skipped>
      </testcase>
      <testcase name="[sig-storage] In-tree Volumes [Driver: local][LocalVolumeType: tmpfs] [Testpattern: Dynamic PV (ntfs)][Feature:Windows] subPath should support existing single file [LinuxOnly]" classname="Kubernetes e2e suite" time="0">
          <skipped></skipped>
      </testcase>
      <testcase name="[sig-storage] In-tree Volumes [Driver: local][LocalVolumeType: blockfs] [Testpattern: Pre-provisioned PV (filesystem volmode)] multiVolume [Slow] should concurrently access the single volume from pods on the same node" classname="Kubernetes e2e suite" time="0">
          <skipped></skipped>
      </testcase>
      <testcase name="[sig-storage] In-tree Volumes [Driver: cinder] [Testpattern: Pre-provisioned PV (default fs)] subPath should unmount if pod is force deleted while kubelet is down [Disruptive][Slow][LinuxOnly]" classname="Kubernetes e2e suite" time="0">
          <skipped></skipped>
      </testcase>
      <testcase name="[sig-storage] In-tree Volumes [Driver: local][LocalVolumeType: dir-bindmounted] [Testpattern: Dynamic PV (delayed binding)] topology should provision a volume and schedule a pod with AllowedTopologies" classname="Kubernetes e2e suite" time="0">
          <skipped></skipped>
      </testcase>
      <testcase name="[sig-storage] In-tree Volumes [Driver: local][LocalVolumeType: dir-link] [Testpattern: Pre-provisioned PV (xfs)][Slow] volumes should store data" classname="Kubernetes e2e suite" time="0">
          <skipped></skipped>
      </testcase>
      <testcase name="[sig-storage] In-tree Volumes [Driver: local][LocalVolumeType: dir-bindmounted] [Testpattern: Dynamic PV (ntfs)][Feature:Windows] subPath should support restarting containers using file as subpath [Slow][LinuxOnly]" classname="Kubernetes e2e suite" time="0">
          <skipped></skipped>
      </testcase>
      <testcase name="[sig-storage] In-tree Volumes [Driver: local][LocalVolumeType: dir-link] [Testpattern: Dynamic PV (xfs)][Slow] multiVolume [Slow] should concurrently access the volume and restored snapshot from pods on the same node [LinuxOnly][Feature:VolumeSnapshotDataSource][Feature:VolumeSourceXFS]" classname="Kubernetes e2e suite" time="0">
          <skipped></skipped>
      </testcase>
      <testcase name="[sig-storage] In-tree Volumes [Driver: windows-gcepd] [Testpattern: Inline-volume (ext4)] volumes should store data" classname="Kubernetes e2e suite" time="0">
          <skipped></skipped>
      </testcase>
      <testcase name="[sig-storage] In-tree Volumes [Driver: gluster] [Testpattern: Pre-provisioned PV (default fs)] volumes should store data" classname="Kubernetes e2e suite" time="0">
          <skipped></skipped>
      </testcase>
      <testcase name="[sig-storage] In-tree Volumes [Driver: vsphere] [Testpattern: Inline-volume (default fs)] subPath should fail if subpath directory is outside the volume [Slow][LinuxOnly]" classname="Kubernetes e2e suite" time="0">
          <skipped></skipped>
      </testcase>
      <testcase name="[sig-storage] In-tree Volumes [Driver: ceph][Feature:Volumes][Serial] [Testpattern: Pre-provisioned PV (block volmode)] volumeMode should not mount / map unused volumes in a pod [LinuxOnly]" classname="Kubernetes e2e suite" time="0">
          <skipped></skipped>
      </testcase>
      <testcase name="[sig-storage] In-tree Volumes [Driver: local][LocalVolumeType: blockfs] [Testpattern: Dynamic PV (filesystem volmode)] multiVolume [Slow] should access to two volumes with the same volume mode and retain data across pod recreation on different node" classname="Kubernetes e2e suite" time="0">
          <skipped></skipped>
      </testcase>
      <testcase name="[sig-storage] In-tree Volumes [Driver: gluster] [Testpattern: Dynamic PV (default fs)(allowExpansion)] volume-expand Verify if offline PVC expansion works" classname="Kubernetes e2e suite" time="0">
          <skipped></skipped>
      </testcase>
      <testcase name="[sig-storage] In-tree Volumes [Driver: emptydir] [Testpattern: Dynamic PV (default fs)] subPath should support readOnly file specified in the volumeMount [LinuxOnly]" classname="Kubernetes e2e suite" time="0">
          <skipped></skipped>
      </testcase>
      <testcase name="[sig-storage] In-tree Volumes [Driver: gcepd] [Testpattern: Pre-provisioned PV (ntfs)][Feature:Windows] volumes should store data" classname="Kubernetes e2e suite" time="0">
          <skipped></skipped>
      </testcase>
      <testcase name="[sig-api-machinery] ResourceQuota should create a ResourceQuota and capture the life of a replication controller. [Conformance]" classname="Kubernetes e2e suite" time="11.255814003"></testcase>
      <testcase name="[sig-storage] In-tree Volumes [Driver: emptydir] [Testpattern: Pre-provisioned PV (default fs)] subPath should support restarting containers using file as subpath [Slow][LinuxOnly]" classname="Kubernetes e2e suite" time="0">
          <skipped></skipped>
      </testcase>
      <testcase name="[sig-storage] In-tree Volumes [Driver: local][LocalVolumeType: dir-bindmounted] [Testpattern: Dynamic PV (filesystem volmode)] multiVolume [Slow] should concurrently access the volume and restored snapshot from pods on the same node [LinuxOnly][Feature:VolumeSnapshotDataSource][Feature:VolumeSourceXFS]" classname="Kubernetes e2e suite" time="0">
          <skipped></skipped>
      </testcase>
      <testcase name="[sig-storage] In-tree Volumes [Driver: azure-disk] [Testpattern: Pre-provisioned PV (default fs)] subPath should be able to unmount after the subpath directory is deleted [LinuxOnly]" classname="Kubernetes e2e suite" time="0">
          <skipped></skipped>
      </testcase>
      <testcase name="[sig-network] NoSNAT [Feature:NoSNAT] [Slow] Should be able to send traffic between Pods without SNAT" classname="Kubernetes e2e suite" time="0">
          <skipped></skipped>
      </testcase>
      <testcase name="[sig-storage] In-tree Volumes [Driver: rbd][Feature:Volumes][Serial] [Testpattern: Pre-provisioned PV (ext4)] volumes should allow exec of files on the volume" classname="Kubernetes e2e suite" time="0">
          <skipped></skipped>
      </testcase>
      <testcase name="[sig-storage] CSI Volumes [Driver: pd.csi.storage.gke.io][Serial] [Testpattern: Generic Ephemeral-volume (default fs) (late-binding)] ephemeral should support two pods which share the same volume" classname="Kubernetes e2e suite" time="0">
          <skipped></skipped>
      </testcase>
      <testcase name="[sig-storage] In-tree Volumes [Driver: hostPath] [Testpattern: Dynamic PV (default fs)] subPath should support existing single file [LinuxOnly]" classname="Kubernetes e2e suite" time="0">
          <skipped></skipped>
      </testcase>
      <testcase name="[sig-storage] In-tree Volumes [Driver: local][LocalVolumeType: dir-link] [Testpattern: Pre-provisioned PV (block volmode)] volumeMode should not mount / map unused volumes in a pod [LinuxOnly]" classname="Kubernetes e2e suite" time="0">
          <skipped></skipped>
      </testcase>
      <testcase name="[sig-storage] In-tree Volumes [Driver: local][LocalVolumeType: dir] [Testpattern: Dynamic PV (default fs)] fsgroupchangepolicy (OnRootMismatch)[LinuxOnly], pod created with an initial fsgroup, volume contents ownership changed in first pod, new pod with same fsgroup skips ownership changes to the volume contents" classname="Kubernetes e2e suite" time="0">
          <skipped></skipped>
      </testcase>
      <testcase name="[sig-storage] In-tree Volumes [Driver: gluster] [Testpattern: Pre-provisioned PV (block volmode)] volumeMode should fail to create pod by failing to mount volume [Slow]" classname="Kubernetes e2e suite" time="0">
          <skipped></skipped>
      </testcase>
      <testcase name="[sig-storage] In-tree Volumes [Driver: gluster] [Testpattern: Dynamic PV (xfs)][Slow] multiVolume [Slow] should concurrently access the volume and restored snapshot from pods on the same node [LinuxOnly][Feature:VolumeSnapshotDataSource][Feature:VolumeSourceXFS]" classname="Kubernetes e2e suite" time="0">
          <skipped></skipped>
      </testcase>
      <testcase name="[sig-auth] [Feature:NodeAuthorizer] Getting a non-existent configmap should exit with the Forbidden error, not a NotFound error" classname="Kubernetes e2e suite" time="0">
          <skipped></skipped>
      </testcase>
      <testcase name="[sig-storage] In-tree Volumes [Driver: emptydir] [Testpattern: Pre-provisioned PV (block volmode)] disruptive[Disruptive][LinuxOnly] Should test that pv used in a pod that is deleted while the kubelet is down cleans up when the kubelet returns." classname="Kubernetes e2e suite" time="0">
          <skipped></skipped>
      </testcase>
      <testcase name="[sig-storage] In-tree Volumes [Driver: local][LocalVolumeType: block] [Testpattern: Pre-provisioned PV (block volmode)] volumes should store data" classname="Kubernetes e2e suite" time="0">
          <skipped></skipped>
      </testcase>
      <testcase name="[sig-storage] In-tree Volumes [Driver: local][LocalVolumeType: blockfs] [Testpattern: Pre-provisioned PV (default fs)] subPath should support non-existent path" classname="Kubernetes e2e suite" time="0">
          <skipped></skipped>
      </testcase>
      <testcase name="[sig-storage] In-tree Volumes [Driver: hostPath] [Testpattern: Dynamic PV (ntfs)][Feature:Windows] subPath should support restarting containers using directory as subpath [Slow]" classname="Kubernetes e2e suite" time="0">
          <skipped></skipped>
      </testcase>
      <testcase name="[sig-storage] In-tree Volumes [Driver: hostPathSymlink] [Testpattern: Dynamic PV (ext4)] volumes should store data" classname="Kubernetes e2e suite" time="0">
          <skipped></skipped>
      </testcase>
      <testcase name="[sig-storage] In-tree Volumes [Driver: aws] [Testpattern: Inline-volume (default fs)] subPath should support existing directory" classname="Kubernetes e2e suite" time="0">
          <skipped></skipped>
      </testcase>
      <testcase name="[sig-storage] In-tree Volumes [Driver: local][LocalVolumeType: dir] [Testpattern: Dynamic PV (default fs)] subPath should support non-existent path" classname="Kubernetes e2e suite" time="0">
          <skipped></skipped>
      </testcase>
      <testcase name="[sig-storage] In-tree Volumes [Driver: azure-disk] [Testpattern: Dynamic PV (xfs)][Slow] multiVolume [Slow] should concurrently access the single read-only volume from pods on the same node" classname="Kubernetes e2e suite" time="0">
          <skipped></skipped>
      </testcase>
      <testcase name="[sig-storage] In-tree Volumes [Driver: aws] [Testpattern: Pre-provisioned PV (filesystem volmode)] multiVolume [Slow] should concurrently access the single volume from pods on the same node" classname="Kubernetes e2e suite" time="0">
          <skipped></skipped>
      </testcase>
      <testcase name="[sig-storage] Projected configMap should be consumable from pods in volume with defaultMode set [LinuxOnly] [NodeConformance] [Conformance]" classname="Kubernetes e2e suite" time="9.022548958"></testcase>
      <testcase name="[sig-storage] CSI Volumes [Driver: csi-hostpath] [Testpattern: Inline-volume (default fs)] subPath should support existing directory" classname="Kubernetes e2e suite" time="0">
          <skipped></skipped>
      </testcase>
      <testcase name="[sig-storage] In-tree Volumes [Driver: emptydir] [Testpattern: Inline-volume (default fs)] subPath should fail if subpath file is outside the volume [Slow][LinuxOnly]" classname="Kubernetes e2e suite" time="0">
          <skipped></skipped>
      </testcase>
      <testcase name="[sig-storage] In-tree Volumes [Driver: nfs] [Testpattern: Inline-volume (default fs)] subPath should support existing directory" classname="Kubernetes e2e suite" time="0">
          <skipped></skipped>
      </testcase>
      <testcase name="[sig-storage] In-tree Volumes [Driver: hostPath] [Testpattern: Dynamic PV (default fs)] provisioning should provision storage with pvc data source in parallel [Slow]" classname="Kubernetes e2e suite" time="0">
          <skipped></skipped>
      </testcase>
      <testcase name="[sig-storage] In-tree Volumes [Driver: hostPathSymlink] [Testpattern: Inline-volume (xfs)][Slow] volumes should store data" classname="Kubernetes e2e suite" time="0">
          <skipped></skipped>
      </testcase>
      <testcase name="[sig-cloud-provider-gcp] Nodes [Disruptive] Resize [Slow] should be able to add nodes" classname="Kubernetes e2e suite" time="0">
          <skipped></skipped>
      </testcase>
      <testcase name="[sig-storage] In-tree Volumes [Driver: local][LocalVolumeType: block] [Testpattern: Dynamic PV (default fs)] subPath should fail if non-existent subpath is outside the volume [Slow][LinuxOnly]" classname="Kubernetes e2e suite" time="0">
          <skipped></skipped>
      </testcase>
      <testcase name="[sig-storage] In-tree Volumes [Driver: hostPath] [Testpattern: Pre-provisioned PV (filesystem volmode)] multiVolume [Slow] should concurrently access the volume and its clone from pods on the same node [LinuxOnly][Feature:VolumeSnapshotDataSource][Feature:VolumeSourceXFS]" classname="Kubernetes e2e suite" time="0">
          <skipped></skipped>
      </testcase>
      <testcase name="[sig-storage] In-tree Volumes [Driver: vsphere] [Testpattern: Dynamic PV (default fs)] subPath should support restarting containers using file as subpath [Slow][LinuxOnly]" classname="Kubernetes e2e suite" time="0">
          <skipped></skipped>
      </testcase>
      <testcase name="[sig-storage] In-tree Volumes [Driver: local][LocalVolumeType: tmpfs] [Testpattern: Dynamic PV (ntfs)][Feature:Windows] subPath should unmount if pod is gracefully deleted while kubelet is down [Disruptive][Slow][LinuxOnly]" classname="Kubernetes e2e suite" time="0">
          <skipped></skipped>
      </testcase>
      <testcase name="[sig-storage] In-tree Volumes [Driver: aws] [Testpattern: Dynamic PV (ext4)] multiVolume [Slow] should concurrently access the volume and its clone from pods on the same node [LinuxOnly][Feature:VolumeSnapshotDataSource][Feature:VolumeSourceXFS]" classname="Kubernetes e2e suite" time="0">
          <skipped></skipped>
      </testcase>
      <testcase name="[sig-storage] In-tree Volumes [Driver: ceph][Feature:Volumes][Serial] [Testpattern: Inline-volume (default fs)] subPath should fail if subpath directory is outside the volume [Slow][LinuxOnly]" classname="Kubernetes e2e suite" time="0">
          <skipped></skipped>
      </testcase>
      <testcase name="[sig-node] RuntimeClass  should support RuntimeClasses API operations [Conformance]" classname="Kubernetes e2e suite" time="0.438986946"></testcase>
      <testcase name="[sig-storage] CSI Volumes [Driver: csi-hostpath] [Testpattern: Inline-volume (default fs)] subPath should be able to unmount after the subpath directory is deleted [LinuxOnly]" classname="Kubernetes e2e suite" time="0">
          <skipped></skipped>
      </testcase>
      <testcase name="[sig-storage] In-tree Volumes [Driver: nfs] [Testpattern: Dynamic PV (delayed binding)] topology should provision a volume and schedule a pod with AllowedTopologies" classname="Kubernetes e2e suite" time="0">
          <skipped></skipped>
      </testcase>
      <testcase name="[sig-storage] In-tree Volumes [Driver: hostPathSymlink] [Testpattern: Pre-provisioned PV (xfs)][Slow] volumes should store data" classname="Kubernetes e2e suite" time="0">
          <skipped></skipped>
      </testcase>
      <testcase name="[sig-autoscaling] Cluster size autoscaling [Slow] shouldn&#39;t trigger additional scale-ups during processing scale-up [Feature:ClusterSizeAutoscalingScaleUp]" classname="Kubernetes e2e suite" time="0">
          <skipped></skipped>
      </testcase>
      <testcase name="[sig-storage] In-tree Volumes [Driver: local][LocalVolumeType: tmpfs] [Testpattern: Pre-provisioned PV (block volmode)] disruptive[Disruptive][LinuxOnly] Should test that pv used in a pod that is force deleted while the kubelet is down cleans up when the kubelet returns." classname="Kubernetes e2e suite" time="0">
          <skipped></skipped>
      </testcase>
      <testcase name="[sig-storage] In-tree Volumes [Driver: cinder] [Testpattern: Dynamic PV (ntfs)][Feature:Windows] volumes should allow exec of files on the volume" classname="Kubernetes e2e suite" time="0">
          <skipped></skipped>
      </testcase>
      <testcase name="[sig-storage] In-tree Volumes [Driver: local][LocalVolumeType: tmpfs] [Testpattern: Dynamic PV (ntfs)][Feature:Windows] subPath should unmount if pod is force deleted while kubelet is down [Disruptive][Slow][LinuxOnly]" classname="Kubernetes e2e suite" time="0">
          <skipped></skipped>
      </testcase>
      <testcase name="[sig-storage] In-tree Volumes [Driver: cinder] [Testpattern: Dynamic PV (ntfs)][Feature:Windows] subPath should support restarting containers using directory as subpath [Slow]" classname="Kubernetes e2e suite" time="0">
          <skipped></skipped>
      </testcase>
      <testcase name="[sig-storage] In-tree Volumes [Driver: aws] [Testpattern: Pre-provisioned PV (block volmode)] multiVolume [Slow] should access to two volumes with different volume mode and retain data across pod recreation on different node" classname="Kubernetes e2e suite" time="0">
          <skipped></skipped>
      </testcase>
      <testcase name="[sig-storage] In-tree Volumes [Driver: aws] [Testpattern: Dynamic PV (ntfs)][Feature:Windows] subPath should support restarting containers using directory as subpath [Slow]" classname="Kubernetes e2e suite" time="0">
          <skipped></skipped>
      </testcase>
      <testcase name="[sig-storage] In-tree Volumes [Driver: local][LocalVolumeType: dir-link-bindmounted] [Testpattern: Dynamic PV (default fs)] subPath should support readOnly directory specified in the volumeMount" classname="Kubernetes e2e suite" time="0">
          <skipped></skipped>
      </testcase>
      <testcase name="[sig-storage] In-tree Volumes [Driver: local][LocalVolumeType: block] [Testpattern: Dynamic PV (block volmode)] multiVolume [Slow] should access to two volumes with different volume mode and retain data across pod recreation on different node" classname="Kubernetes e2e suite" time="0">
          <skipped></skipped>
      </testcase>
      <testcase name="[sig-storage] In-tree Volumes [Driver: local][LocalVolumeType: dir-link] [Testpattern: Dynamic PV (default fs)] subPath should support restarting containers using directory as subpath [Slow]" classname="Kubernetes e2e suite" time="0">
          <skipped></skipped>
      </testcase>
      <testcase name="[sig-storage] In-tree Volumes [Driver: hostPath] [Testpattern: Dynamic PV (filesystem volmode)] multiVolume [Slow] should access to two volumes with different volume mode and retain data across pod recreation on the same node" classname="Kubernetes e2e suite" time="0">
          <skipped></skipped>
      </testcase>
      <testcase name="[sig-storage] In-tree Volumes [Driver: windows-gcepd] [Testpattern: Inline-volume (default fs)] volumes should allow exec of files on the volume" classname="Kubernetes e2e suite" time="0">
          <skipped></skipped>
      </testcase>
      <testcase name="[sig-storage] In-tree Volumes [Driver: nfs] [Testpattern: Pre-provisioned PV (block volmode)] disruptive[Disruptive][LinuxOnly] Should test that pv written before kubelet restart is readable after restart." classname="Kubernetes e2e suite" time="0">
          <skipped></skipped>
      </testcase>
      <testcase name="[sig-storage] In-tree Volumes [Driver: vsphere] [Testpattern: Dynamic PV (ntfs)][Feature:Windows] volume-expand should not allow expansion of pvcs without AllowVolumeExpansion property" classname="Kubernetes e2e suite" time="0">
          <skipped></skipped>
      </testcase>
      <testcase name="[sig-storage] In-tree Volumes [Driver: gluster] [Testpattern: Pre-provisioned PV (default fs)] volumeIO should write files of various sizes, verify size, validate content [Slow][LinuxOnly]" classname="Kubernetes e2e suite" time="0">
          <skipped></skipped>
      </testcase>
      <testcase name="[sig-network] DNS should resolve DNS of partial qualified names for the cluster [LinuxOnly]" classname="Kubernetes e2e suite" time="0">
          <skipped></skipped>
      </testcase>
      <testcase name="[sig-storage] In-tree Volumes [Driver: local][LocalVolumeType: dir-bindmounted] [Testpattern: Dynamic PV (default fs)] fsgroupchangepolicy (OnRootMismatch)[LinuxOnly], pod created with an initial fsgroup, volume contents ownership changed in first pod, new pod with different fsgroup applied to the volume contents" classname="Kubernetes e2e suite" time="0">
          <skipped></skipped>
      </testcase>
      <testcase name="[sig-network] Conntrack should drop INVALID conntrack entries" classname="Kubernetes e2e suite" time="0">
          <skipped></skipped>
      </testcase>
      <testcase name="[sig-storage] In-tree Volumes [Driver: emptydir] [Testpattern: Inline-volume (default fs)] subPath should unmount if pod is force deleted while kubelet is down [Disruptive][Slow][LinuxOnly]" classname="Kubernetes e2e suite" time="0">
          <skipped></skipped>
      </testcase>
      <testcase name="[sig-storage] In-tree Volumes [Driver: local][LocalVolumeType: dir] [Testpattern: Pre-provisioned PV (default fs)] subPath should support existing directories when readOnly specified in the volumeSource" classname="Kubernetes e2e suite" time="0">
          <skipped></skipped>
      </testcase>
      <testcase name="[sig-cli] Kubectl client Kubectl describe should check if kubectl describe prints relevant information for cronjob" classname="Kubernetes e2e suite" time="0">
          <skipped></skipped>
      </testcase>
      <testcase name="[sig-storage] In-tree Volumes [Driver: local][LocalVolumeType: tmpfs] [Testpattern: Dynamic PV (default fs)] provisioning should provision storage with pvc data source" classname="Kubernetes e2e suite" time="0">
          <skipped></skipped>
      </testcase>
      <testcase name="[sig-storage] In-tree Volumes [Driver: emptydir] [Testpattern: Pre-provisioned PV (block volmode)] multiVolume [Slow] should access to two volumes with the same volume mode and retain data across pod recreation on the same node" classname="Kubernetes e2e suite" time="0">
          <skipped></skipped>
      </testcase>
      <testcase name="[sig-storage] In-tree Volumes [Driver: vsphere] [Testpattern: Dynamic PV (delayed binding)] topology should fail to schedule a pod which has topologies that conflict with AllowedTopologies" classname="Kubernetes e2e suite" time="0">
          <skipped></skipped>
      </testcase>
      <testcase name="[sig-storage] In-tree Volumes [Driver: ceph][Feature:Volumes][Serial] [Testpattern: Dynamic PV (ntfs)][Feature:Windows] subPath should fail if subpath file is outside the volume [Slow][LinuxOnly]" classname="Kubernetes e2e suite" time="0">
          <skipped></skipped>
      </testcase>
      <testcase name="[sig-storage] In-tree Volumes [Driver: local][LocalVolumeType: dir-link-bindmounted] [Testpattern: Pre-provisioned PV (filesystem volmode)] volumeMode should fail to use a volume in a pod with mismatched mode [Slow]" classname="Kubernetes e2e suite" time="0">
          <skipped></skipped>
      </testcase>
      <testcase name="[sig-storage] In-tree Volumes [Driver: nfs] [Testpattern: Pre-provisioned PV (default fs)] subPath should support restarting containers using directory as subpath [Slow]" classname="Kubernetes e2e suite" time="0">
          <skipped></skipped>
      </testcase>
      <testcase name="[sig-storage] In-tree Volumes [Driver: local][LocalVolumeType: dir-link] [Testpattern: Dynamic PV (block volmode)] volume-expand should not allow expansion of pvcs without AllowVolumeExpansion property" classname="Kubernetes e2e suite" time="0">
          <skipped></skipped>
      </testcase>
      <testcase name="[sig-autoscaling] Cluster size autoscaling [Slow] should scale down when expendable pod is running [Feature:ClusterSizeAutoscalingScaleDown]" classname="Kubernetes e2e suite" time="0">
          <skipped></skipped>
      </testcase>
      <testcase name="[sig-storage] In-tree Volumes [Driver: local][LocalVolumeType: gce-localssd-scsi-fs] [Serial] [Testpattern: Dynamic PV (ext4)] multiVolume [Slow] should concurrently access the single volume from pods on the same node" classname="Kubernetes e2e suite" time="0">
          <skipped></skipped>
      </testcase>
      <testcase name="[sig-storage] In-tree Volumes [Driver: local][LocalVolumeType: block] [Testpattern: Dynamic PV (immediate binding)] topology should provision a volume and schedule a pod with AllowedTopologies" classname="Kubernetes e2e suite" time="0">
          <skipped></skipped>
      </testcase>
      <testcase name="[sig-storage] In-tree Volumes [Driver: local][LocalVolumeType: gce-localssd-scsi-fs] [Serial] [Testpattern: Dynamic PV (ntfs)][Feature:Windows] subPath should support existing directory" classname="Kubernetes e2e suite" time="0">
          <skipped></skipped>
      </testcase>
      <testcase name="[sig-storage] In-tree Volumes [Driver: local][LocalVolumeType: block] [Testpattern: Dynamic PV (block volmode)] multiVolume [Slow] should concurrently access the volume and restored snapshot from pods on the same node [LinuxOnly][Feature:VolumeSnapshotDataSource][Feature:VolumeSourceXFS]" classname="Kubernetes e2e suite" time="0">
          <skipped></skipped>
      </testcase>
      <testcase name="[sig-storage] HostPathType Directory [Slow] Should be able to mount directory &#39;adir&#39; successfully when HostPathType is HostPathDirectory" classname="Kubernetes e2e suite" time="0">
          <skipped></skipped>
      </testcase>
      <testcase name="[sig-storage] In-tree Volumes [Driver: local][LocalVolumeType: dir-link] [Testpattern: Dynamic PV (xfs)][Slow] multiVolume [Slow] should concurrently access the single volume from pods on different node" classname="Kubernetes e2e suite" time="0">
          <skipped></skipped>
      </testcase>
      <testcase name="[sig-autoscaling] Cluster size autoscaling [Slow] shouldn&#39;t scale up when expendable pod is created [Feature:ClusterSizeAutoscalingScaleUp]" classname="Kubernetes e2e suite" time="0">
          <skipped></skipped>
      </testcase>
      <testcase name="[sig-storage] CSI Volumes [Driver: csi-hostpath] [Testpattern: Dynamic PV (block volmode)] multiVolume [Slow] should concurrently access the volume and restored snapshot from pods on the same node [LinuxOnly][Feature:VolumeSnapshotDataSource][Feature:VolumeSourceXFS]" classname="Kubernetes e2e suite" time="0">
          <skipped></skipped>
      </testcase>
      <testcase name="[sig-storage] In-tree Volumes [Driver: rbd][Feature:Volumes][Serial] [Testpattern: Pre-provisioned PV (filesystem volmode)] multiVolume [Slow] should access to two volumes with the same volume mode and retain data across pod recreation on different node" classname="Kubernetes e2e suite" time="0">
          <skipped></skipped>
      </testcase>
      <testcase name="[sig-storage] PV Protection Verify that PV bound to a PVC is not removed immediately" classname="Kubernetes e2e suite" time="0">
          <skipped></skipped>
      </testcase>
      <testcase name="[sig-api-machinery] ResourceQuota [Feature:ScopeSelectors] should verify ResourceQuota with terminating scopes through scope selectors." classname="Kubernetes e2e suite" time="0">
          <skipped></skipped>
      </testcase>
      <testcase name="[sig-storage] In-tree Volumes [Driver: iscsi][Feature:Volumes] [Testpattern: Dynamic PV (xfs)][Slow] multiVolume [Slow] should concurrently access the volume and its clone from pods on the same node [LinuxOnly][Feature:VolumeSnapshotDataSource][Feature:VolumeSourceXFS]" classname="Kubernetes e2e suite" time="0">
          <skipped></skipped>
      </testcase>
      <testcase name="[sig-storage] In-tree Volumes [Driver: gcepd] [Testpattern: Dynamic PV (block volmode)] multiVolume [Slow] should concurrently access the single volume from pods on the same node" classname="Kubernetes e2e suite" time="0">
          <skipped></skipped>
      </testcase>
      <testcase name="[sig-storage] Subpath Atomic writer volumes should support subpaths with configmap pod with mountPath of existing file [LinuxOnly] [Conformance]" classname="Kubernetes e2e suite" time="30.498829325"></testcase>
      <testcase name="[sig-storage] In-tree Volumes [Driver: local][LocalVolumeType: gce-localssd-scsi-fs] [Serial] [Testpattern: Dynamic PV (ntfs)][Feature:Windows] subPath should support readOnly directory specified in the volumeMount" classname="Kubernetes e2e suite" time="0">
          <skipped></skipped>
      </testcase>
      <testcase name="[sig-storage] In-tree Volumes [Driver: rbd][Feature:Volumes][Serial] [Testpattern: Pre-provisioned PV (block volmode)] volumeMode should fail to use a volume in a pod with mismatched mode [Slow]" classname="Kubernetes e2e suite" time="0">
          <skipped></skipped>
      </testcase>
      <testcase name="[sig-storage] In-tree Volumes [Driver: ceph][Feature:Volumes][Serial] [Testpattern: Dynamic PV (ntfs)][Feature:Windows] volumes should allow exec of files on the volume" classname="Kubernetes e2e suite" time="0">
          <skipped></skipped>
      </testcase>
      <testcase name="[sig-storage] In-tree Volumes [Driver: local][LocalVolumeType: gce-localssd-scsi-fs] [Serial] [Testpattern: Inline-volume (ext3)] volumes should allow exec of files on the volume" classname="Kubernetes e2e suite" time="0">
          <skipped></skipped>
      </testcase>
      <testcase name="[sig-storage] In-tree Volumes [Driver: windows-gcepd] [Testpattern: Pre-provisioned PV (default fs)] subPath should support existing single file [LinuxOnly]" classname="Kubernetes e2e suite" time="0">
          <skipped></skipped>
      </testcase>
      <testcase name="[sig-storage] In-tree Volumes [Driver: local][LocalVolumeType: tmpfs] [Testpattern: Dynamic PV (filesystem volmode)] multiVolume [Slow] should concurrently access the single volume from pods on the same node" classname="Kubernetes e2e suite" time="0">
          <skipped></skipped>
      </testcase>
      <testcase name="[sig-storage] In-tree Volumes [Driver: gluster] [Testpattern: Dynamic PV (block volmode)] volumeMode should not mount / map unused volumes in a pod [LinuxOnly]" classname="Kubernetes e2e suite" time="0">
          <skipped></skipped>
      </testcase>
      <testcase name="[sig-storage] In-tree Volumes [Driver: local][LocalVolumeType: gce-localssd-scsi-fs] [Serial] [Testpattern: Inline-volume (ntfs)][Feature:Windows] volumes should allow exec of files on the volume" classname="Kubernetes e2e suite" time="0">
          <skipped></skipped>
      </testcase>
      <testcase name="[sig-storage] In-tree Volumes [Driver: nfs] [Testpattern: Pre-provisioned PV (block volmode)] multiVolume [Slow] should access to two volumes with different volume mode and retain data across pod recreation on different node" classname="Kubernetes e2e suite" time="0">
          <skipped></skipped>
      </testcase>
      <testcase name="[sig-storage] In-tree Volumes [Driver: local][LocalVolumeType: block] [Testpattern: Pre-provisioned PV (default fs)] volumes should allow exec of files on the volume" classname="Kubernetes e2e suite" time="0">
          <skipped></skipped>
      </testcase>
      <testcase name="[sig-instrumentation] Events should delete a collection of events [Conformance]" classname="Kubernetes e2e suite" time="0.313638816"></testcase>
      <testcase name="[sig-storage] In-tree Volumes [Driver: cinder] [Testpattern: Dynamic PV (ntfs)][Feature:Windows] provisioning should provision storage with pvc data source" classname="Kubernetes e2e suite" time="0">
          <skipped></skipped>
      </testcase>
      <testcase name="[sig-storage] In-tree Volumes [Driver: ceph][Feature:Volumes][Serial] [Testpattern: Dynamic PV (ext4)] multiVolume [Slow] should access to two volumes with different volume mode and retain data across pod recreation on different node" classname="Kubernetes e2e suite" time="0">
          <skipped></skipped>
      </testcase>
      <testcase name="[sig-storage] In-tree Volumes [Driver: local][LocalVolumeType: tmpfs] [Testpattern: Dynamic PV (default fs)] provisioning should provision storage with pvc data source in parallel [Slow]" classname="Kubernetes e2e suite" time="0">
          <skipped></skipped>
      </testcase>
      <testcase name="[sig-storage] In-tree Volumes [Driver: gcepd] [Testpattern: Dynamic PV (block volmode)] provisioning should provision storage with pvc data source in parallel [Slow]" classname="Kubernetes e2e suite" time="0">
          <skipped></skipped>
      </testcase>
      <testcase name="[sig-storage] In-tree Volumes [Driver: ceph][Feature:Volumes][Serial] [Testpattern: Dynamic PV (ntfs)][Feature:Windows] subPath should support restarting containers using file as subpath [Slow][LinuxOnly]" classname="Kubernetes e2e suite" time="0">
          <skipped></skipped>
      </testcase>
      <testcase name="[sig-windows] [Feature:Windows] Density [Serial] [Slow] create a batch of pods latency/resource should be within limit when create 10 pods with 0s interval" classname="Kubernetes e2e suite" time="0">
          <skipped></skipped>
      </testcase>
      <testcase name="[sig-storage] HostPathType Socket [Slow] Should be able to mount socket &#39;asocket&#39; successfully when HostPathType is HostPathUnset" classname="Kubernetes e2e suite" time="0">
          <skipped></skipped>
      </testcase>
      <testcase name="[sig-storage] In-tree Volumes [Driver: emptydir] [Testpattern: Inline-volume (default fs)] subPath should support existing single file [LinuxOnly]" classname="Kubernetes e2e suite" time="0">
          <skipped></skipped>
      </testcase>
      <testcase name="[sig-storage] In-tree Volumes [Driver: local][LocalVolumeType: dir-link-bindmounted] [Testpattern: Dynamic PV (ntfs)][Feature:Windows] subPath should unmount if pod is force deleted while kubelet is down [Disruptive][Slow][LinuxOnly]" classname="Kubernetes e2e suite" time="0">
          <skipped></skipped>
      </testcase>
      <testcase name="[sig-storage] Storage Policy Based Volume Provisioning [Feature:vsphere] verify an if a SPBM policy and VSAN capabilities cannot be honored for dynamically provisioned pvc using storageclass" classname="Kubernetes e2e suite" time="0">
          <skipped></skipped>
      </testcase>
      <testcase name="[sig-storage] In-tree Volumes [Driver: local][LocalVolumeType: dir] [Testpattern: Dynamic PV (filesystem volmode)] volumeMode should not mount / map unused volumes in a pod [LinuxOnly]" classname="Kubernetes e2e suite" time="0">
          <skipped></skipped>
      </testcase>
      <testcase name="[sig-storage] In-tree Volumes [Driver: local][LocalVolumeType: dir-link] [Testpattern: Dynamic PV (delayed binding)] topology should provision a volume and schedule a pod with AllowedTopologies" classname="Kubernetes e2e suite" time="0">
          <skipped></skipped>
      </testcase>
      <testcase name="[sig-storage] In-tree Volumes [Driver: aws] [Testpattern: Dynamic PV (ntfs)(allowExpansion)][Feature:Windows] volume-expand should resize volume when PVC is edited while pod is using it" classname="Kubernetes e2e suite" time="0">
          <skipped></skipped>
      </testcase>
      <testcase name="[sig-storage] In-tree Volumes [Driver: emptydir] [Testpattern: Dynamic PV (ext3)] volumes should allow exec of files on the volume" classname="Kubernetes e2e suite" time="0">
          <skipped></skipped>
      </testcase>
      <testcase name="[sig-storage] In-tree Volumes [Driver: nfs] [Testpattern: Inline-volume (ext4)] volumes should allow exec of files on the volume" classname="Kubernetes e2e suite" time="0">
          <skipped></skipped>
      </testcase>
      <testcase name="[sig-storage] CSI mock volume CSI workload information using mock driver should be passed when podInfoOnMount=true" classname="Kubernetes e2e suite" time="0">
          <skipped></skipped>
      </testcase>
      <testcase name="[sig-storage] In-tree Volumes [Driver: gluster] [Testpattern: Dynamic PV (default fs)] subPath should unmount if pod is gracefully deleted while kubelet is down [Disruptive][Slow][LinuxOnly]" classname="Kubernetes e2e suite" time="0">
          <skipped></skipped>
      </testcase>
      <testcase name="[sig-storage] In-tree Volumes [Driver: local][LocalVolumeType: tmpfs] [Testpattern: Dynamic PV (filesystem volmode)] multiVolume [Slow] should access to two volumes with different volume mode and retain data across pod recreation on different node" classname="Kubernetes e2e suite" time="0">
          <skipped></skipped>
      </testcase>
      <testcase name="[sig-storage] In-tree Volumes [Driver: hostPath] [Testpattern: Pre-provisioned PV (default fs)] subPath should fail if subpath directory is outside the volume [Slow][LinuxOnly]" classname="Kubernetes e2e suite" time="0">
          <skipped></skipped>
      </testcase>
      <testcase name="[sig-storage] In-tree Volumes [Driver: local][LocalVolumeType: blockfs] [Testpattern: Dynamic PV (ext4)] multiVolume [Slow] should access to two volumes with different volume mode and retain data across pod recreation on the same node" classname="Kubernetes e2e suite" time="0">
          <skipped></skipped>
      </testcase>
      <testcase name="[sig-storage] In-tree Volumes [Driver: local][LocalVolumeType: tmpfs] [Testpattern: Dynamic PV (block volmode)] multiVolume [Slow] should concurrently access the single volume from pods on the same node" classname="Kubernetes e2e suite" time="0">
          <skipped></skipped>
      </testcase>
      <testcase name="[sig-storage] Volume Placement [Feature:vsphere] should create and delete pod with multiple volumes from different datastore" classname="Kubernetes e2e suite" time="0">
          <skipped></skipped>
      </testcase>
      <testcase name="[sig-storage] In-tree Volumes [Driver: ceph][Feature:Volumes][Serial] [Testpattern: Dynamic PV (filesystem volmode)] multiVolume [Slow] should concurrently access the volume and its clone from pods on the same node [LinuxOnly][Feature:VolumeSnapshotDataSource][Feature:VolumeSourceXFS]" classname="Kubernetes e2e suite" time="0">
          <skipped></skipped>
      </testcase>
      <testcase name="[sig-storage] In-tree Volumes [Driver: local][LocalVolumeType: dir-link-bindmounted] [Testpattern: Pre-provisioned PV (ext3)] volumes should allow exec of files on the volume" classname="Kubernetes e2e suite" time="0">
          <skipped></skipped>
      </testcase>
      <testcase name="[sig-storage] In-tree Volumes [Driver: azure-disk] [Testpattern: Inline-volume (default fs)] subPath should unmount if pod is gracefully deleted while kubelet is down [Disruptive][Slow][LinuxOnly]" classname="Kubernetes e2e suite" time="0">
          <skipped></skipped>
      </testcase>
      <testcase name="[sig-node] Probing container should *not* be restarted by liveness probe because startup probe delays it" classname="Kubernetes e2e suite" time="0">
          <skipped></skipped>
      </testcase>
      <testcase name="[sig-storage] In-tree Volumes [Driver: local][LocalVolumeType: tmpfs] [Testpattern: Inline-volume (ext4)] volumes should allow exec of files on the volume" classname="Kubernetes e2e suite" time="0">
          <skipped></skipped>
      </testcase>
      <testcase name="[sig-storage] In-tree Volumes [Driver: local][LocalVolumeType: dir-bindmounted] [Testpattern: Dynamic PV (block volmode)(allowExpansion)] volume-expand should resize volume when PVC is edited while pod is using it" classname="Kubernetes e2e suite" time="0">
          <skipped></skipped>
      </testcase>
      <testcase name="[sig-storage] In-tree Volumes [Driver: windows-gcepd] [Testpattern: Pre-provisioned PV (default fs)] subPath should fail if non-existent subpath is outside the volume [Slow][LinuxOnly]" classname="Kubernetes e2e suite" time="0">
          <skipped></skipped>
      </testcase>
      <testcase name="[sig-storage] In-tree Volumes [Driver: hostPathSymlink] [Testpattern: Pre-provisioned PV (default fs)] subPath should support file as subpath [LinuxOnly]" classname="Kubernetes e2e suite" time="0">
          <skipped></skipped>
      </testcase>
      <testcase name="[sig-storage] In-tree Volumes [Driver: hostPathSymlink] [Testpattern: Dynamic PV (filesystem volmode)] multiVolume [Slow] should concurrently access the single volume from pods on the same node" classname="Kubernetes e2e suite" time="0">
          <skipped></skipped>
      </testcase>
      <testcase name="[sig-storage] In-tree Volumes [Driver: azure-disk] [Testpattern: Dynamic PV (ntfs)][Feature:Windows] provisioning should provision storage with mount options" classname="Kubernetes e2e suite" time="0">
          <skipped></skipped>
      </testcase>
      <testcase name="[sig-storage] In-tree Volumes [Driver: rbd][Feature:Volumes][Serial] [Testpattern: Pre-provisioned PV (default fs)] subPath should unmount if pod is force deleted while kubelet is down [Disruptive][Slow][LinuxOnly]" classname="Kubernetes e2e suite" time="0">
          <skipped></skipped>
      </testcase>
      <testcase name="[sig-storage] In-tree Volumes [Driver: local][LocalVolumeType: dir] [Testpattern: Inline-volume (default fs)] volumes should allow exec of files on the volume" classname="Kubernetes e2e suite" time="0">
          <skipped></skipped>
      </testcase>
      <testcase name="[sig-storage] In-tree Volumes [Driver: rbd][Feature:Volumes][Serial] [Testpattern: Pre-provisioned PV (filesystem volmode)] multiVolume [Slow] should access to two volumes with different volume mode and retain data across pod recreation on different node" classname="Kubernetes e2e suite" time="0">
          <skipped></skipped>
      </testcase>
      <testcase name="[sig-storage] In-tree Volumes [Driver: local][LocalVolumeType: dir-link-bindmounted] [Testpattern: Inline-volume (default fs)] subPath should fail if subpath file is outside the volume [Slow][LinuxOnly]" classname="Kubernetes e2e suite" time="0">
          <skipped></skipped>
      </testcase>
      <testcase name="[sig-storage] In-tree Volumes [Driver: ceph][Feature:Volumes][Serial] [Testpattern: Dynamic PV (filesystem volmode)] volumeMode should not mount / map unused volumes in a pod [LinuxOnly]" classname="Kubernetes e2e suite" time="0">
          <skipped></skipped>
      </testcase>
      <testcase name="[sig-storage] In-tree Volumes [Driver: local][LocalVolumeType: block] [Testpattern: Dynamic PV (block volmode)] multiVolume [Slow] should access to two volumes with the same volume mode and retain data across pod recreation on different node" classname="Kubernetes e2e suite" time="0">
          <skipped></skipped>
      </testcase>
      <testcase name="[sig-storage] In-tree Volumes [Driver: hostPathSymlink] [Testpattern: Dynamic PV (default fs)] fsgroupchangepolicy (Always)[LinuxOnly], pod created with an initial fsgroup, volume contents ownership changed in first pod, new pod with same fsgroup applied to the volume contents" classname="Kubernetes e2e suite" time="0">
          <skipped></skipped>
      </testcase>
      <testcase name="[sig-storage] In-tree Volumes [Driver: aws] [Testpattern: Pre-provisioned PV (default fs)] subPath should support existing single file [LinuxOnly]" classname="Kubernetes e2e suite" time="0">
          <skipped></skipped>
      </testcase>
      <testcase name="[sig-api-machinery] CustomResourcePublishOpenAPI [Privileged:ClusterAdmin] updates the published spec when one version gets renamed [Conformance]" classname="Kubernetes e2e suite" time="64.396649191"></testcase>
      <testcase name="[sig-storage] In-tree Volumes [Driver: azure-disk] [Testpattern: Dynamic PV (default fs)] provisioning should provision storage with snapshot data source [Feature:VolumeSnapshotDataSource]" classname="Kubernetes e2e suite" time="0">
          <skipped></skipped>
      </testcase>
      <testcase name="[sig-storage] CSI Volumes [Driver: csi-hostpath] [Testpattern: Inline-volume (ext3)] volumes should allow exec of files on the volume" classname="Kubernetes e2e suite" time="0">
          <skipped></skipped>
      </testcase>
      <testcase name="[sig-storage] In-tree Volumes [Driver: aws] [Testpattern: Dynamic PV (default fs)] subPath should support existing single file [LinuxOnly]" classname="Kubernetes e2e suite" time="0">
          <skipped></skipped>
      </testcase>
      <testcase name="[sig-storage] In-tree Volumes [Driver: gcepd] [Testpattern: Inline-volume (default fs)] volumeIO should write files of various sizes, verify size, validate content [Slow][LinuxOnly]" classname="Kubernetes e2e suite" time="0">
          <skipped></skipped>
      </testcase>
      <testcase name="[sig-storage] In-tree Volumes [Driver: vsphere] [Testpattern: Pre-provisioned PV (filesystem volmode)] multiVolume [Slow] should access to two volumes with different volume mode and retain data across pod recreation on the same node" classname="Kubernetes e2e suite" time="0">
          <skipped></skipped>
      </testcase>
      <testcase name="[sig-storage] In-tree Volumes [Driver: gluster] [Testpattern: Pre-provisioned PV (ntfs)][Feature:Windows] volumes should store data" classname="Kubernetes e2e suite" time="0">
          <skipped></skipped>
      </testcase>
      <testcase name="[sig-storage] In-tree Volumes [Driver: rbd][Feature:Volumes][Serial] [Testpattern: Dynamic PV (default fs)] volume-stress multiple pods should access different volumes repeatedly [Slow] [Serial]" classname="Kubernetes e2e suite" time="0">
          <skipped></skipped>
      </testcase>
      <testcase name="[sig-storage] In-tree Volumes [Driver: cinder] [Testpattern: Dynamic PV (default fs)] volumeIO should write files of various sizes, verify size, validate content [Slow][LinuxOnly]" classname="Kubernetes e2e suite" time="0">
          <skipped></skipped>
      </testcase>
      <testcase name="[sig-storage] In-tree Volumes [Driver: iscsi][Feature:Volumes] [Testpattern: Pre-provisioned PV (default fs)] subPath should unmount if pod is gracefully deleted while kubelet is down [Disruptive][Slow][LinuxOnly]" classname="Kubernetes e2e suite" time="0">
          <skipped></skipped>
      </testcase>
      <testcase name="[sig-storage] In-tree Volumes [Driver: vsphere] [Testpattern: Pre-provisioned PV (filesystem volmode)] multiVolume [Slow] should access to two volumes with different volume mode and retain data across pod recreation on different node" classname="Kubernetes e2e suite" time="0">
          <skipped></skipped>
      </testcase>
      <testcase name="[sig-storage] CSI Volumes [Driver: pd.csi.storage.gke.io][Serial] [Testpattern: Inline-volume (default fs)] subPath should fail if subpath file is outside the volume [Slow][LinuxOnly]" classname="Kubernetes e2e suite" time="0">
          <skipped></skipped>
      </testcase>
      <testcase name="[sig-storage] In-tree Volumes [Driver: rbd][Feature:Volumes][Serial] [Testpattern: Dynamic PV (default fs)] subPath should support existing directories when readOnly specified in the volumeSource" classname="Kubernetes e2e suite" time="0">
          <skipped></skipped>
      </testcase>
      <testcase name="[sig-storage] In-tree Volumes [Driver: iscsi][Feature:Volumes] [Testpattern: Dynamic PV (default fs)] volume-stress multiple pods should access different volumes repeatedly [Slow] [Serial]" classname="Kubernetes e2e suite" time="0">
          <skipped></skipped>
      </testcase>
      <testcase name="[sig-storage] In-tree Volumes [Driver: hostPath] [Testpattern: Inline-volume (ext3)] volumes should allow exec of files on the volume" classname="Kubernetes e2e suite" time="0">
          <skipped></skipped>
      </testcase>
      <testcase name="[sig-storage] CSI Volumes [Driver: csi-hostpath] [Testpattern: Pre-provisioned PV (default fs)] subPath should support restarting containers using file as subpath [Slow][LinuxOnly]" classname="Kubernetes e2e suite" time="0">
          <skipped></skipped>
      </testcase>
      <testcase name="[sig-storage] In-tree Volumes [Driver: rbd][Feature:Volumes][Serial] [Testpattern: Inline-volume (default fs)] subPath should support restarting containers using directory as subpath [Slow]" classname="Kubernetes e2e suite" time="0">
          <skipped></skipped>
      </testcase>
      <testcase name="[sig-storage] In-tree Volumes [Driver: rbd][Feature:Volumes][Serial] [Testpattern: Dynamic PV (default fs)] volumes should store data" classname="Kubernetes e2e suite" time="0">
          <skipped></skipped>
      </testcase>
      <testcase name="[sig-storage] In-tree Volumes [Driver: local][LocalVolumeType: dir-link] [Testpattern: Inline-volume (ext4)] volumes should allow exec of files on the volume" classname="Kubernetes e2e suite" time="0">
          <skipped></skipped>
      </testcase>
      <testcase name="[sig-storage] In-tree Volumes [Driver: vsphere] [Testpattern: Inline-volume (default fs)] subPath should verify container cannot write to subpath readonly volumes [Slow]" classname="Kubernetes e2e suite" time="0">
          <skipped></skipped>
      </testcase>
      <testcase name="[sig-storage] In-tree Volumes [Driver: cinder] [Testpattern: Dynamic PV (ext4)] multiVolume [Slow] should concurrently access the volume and its clone from pods on the same node [LinuxOnly][Feature:VolumeSnapshotDataSource][Feature:VolumeSourceXFS]" classname="Kubernetes e2e suite" time="0">
          <skipped></skipped>
      </testcase>
      <testcase name="[sig-storage] Volume limits should verify that all nodes have volume limits" classname="Kubernetes e2e suite" time="0">
          <skipped></skipped>
      </testcase>
      <testcase name="[sig-storage] In-tree Volumes [Driver: nfs] [Testpattern: Dynamic PV (ntfs)][Feature:Windows] volume-expand should not allow expansion of pvcs without AllowVolumeExpansion property" classname="Kubernetes e2e suite" time="0">
          <skipped></skipped>
      </testcase>
      <testcase name="[sig-storage] In-tree Volumes [Driver: nfs] [Testpattern: Dynamic PV (default fs)] provisioning should provision storage with snapshot data source [Feature:VolumeSnapshotDataSource]" classname="Kubernetes e2e suite" time="0">
          <skipped></skipped>
      </testcase>
      <testcase name="[sig-network] Services should test the lifecycle of an Endpoint [Conformance]" classname="Kubernetes e2e suite" time="0.351701266"></testcase>
      <testcase name="[sig-storage] In-tree Volumes [Driver: nfs] [Testpattern: Dynamic PV (default fs)] subPath should fail if non-existent subpath is outside the volume [Slow][LinuxOnly]" classname="Kubernetes e2e suite" time="0">
          <skipped></skipped>
      </testcase>
      <testcase name="[sig-storage] In-tree Volumes [Driver: local][LocalVolumeType: gce-localssd-scsi-fs] [Serial] [Testpattern: Dynamic PV (filesystem volmode)] multiVolume [Slow] should concurrently access the volume and restored snapshot from pods on the same node [LinuxOnly][Feature:VolumeSnapshotDataSource][Feature:VolumeSourceXFS]" classname="Kubernetes e2e suite" time="0">
          <skipped></skipped>
      </testcase>
      <testcase name="[sig-storage] Downward API volume should provide podname as non-root with fsgroup [LinuxOnly] [NodeFeature:FSGroup]" classname="Kubernetes e2e suite" time="0">
          <skipped></skipped>
      </testcase>
      <testcase name="[sig-storage] In-tree Volumes [Driver: aws] [Testpattern: Pre-provisioned PV (default fs)] subPath should support readOnly file specified in the volumeMount [LinuxOnly]" classname="Kubernetes e2e suite" time="0">
          <skipped></skipped>
      </testcase>
      <testcase name="[sig-network] Networking Granular Checks: Services should function for endpoint-Service: sctp [Feature:SCTPConnectivity][Disruptive]" classname="Kubernetes e2e suite" time="0">
          <skipped></skipped>
      </testcase>
      <testcase name="[sig-node] Secrets should fail to create secret due to empty secret key [Conformance]" classname="Kubernetes e2e suite" time="0.157262211"></testcase>
      <testcase name="[sig-storage] CSI mock volume CSI NodeStage error cases [Slow] should not call NodeUnstage after NodeStage final error" classname="Kubernetes e2e suite" time="0">
          <skipped></skipped>
      </testcase>
      <testcase name="[sig-storage] In-tree Volumes [Driver: gluster] [Testpattern: Pre-provisioned PV (default fs)] subPath should support file as subpath [LinuxOnly]" classname="Kubernetes e2e suite" time="0">
          <skipped></skipped>
      </testcase>
      <testcase name="[sig-storage] In-tree Volumes [Driver: local][LocalVolumeType: gce-localssd-scsi-fs] [Serial] [Testpattern: Pre-provisioned PV (default fs)] subPath should support file as subpath [LinuxOnly]" classname="Kubernetes e2e suite" time="0">
          <skipped></skipped>
      </testcase>
      <testcase name="[sig-storage] In-tree Volumes [Driver: emptydir] [Testpattern: Dynamic PV (immediate binding)] topology should fail to schedule a pod which has topologies that conflict with AllowedTopologies" classname="Kubernetes e2e suite" time="0">
          <skipped></skipped>
      </testcase>
      <testcase name="[sig-storage] In-tree Volumes [Driver: local][LocalVolumeType: block] [Testpattern: Pre-provisioned PV (filesystem volmode)] multiVolume [Slow] should concurrently access the single volume from pods on different node" classname="Kubernetes e2e suite" time="0">
          <skipped></skipped>
      </testcase>
      <testcase name="[sig-storage] In-tree Volumes [Driver: cinder] [Testpattern: Dynamic PV (block volmode)] volume-stress multiple pods should access different volumes repeatedly [Slow] [Serial]" classname="Kubernetes e2e suite" time="0">
          <skipped></skipped>
      </testcase>
      <testcase name="[sig-storage] In-tree Volumes [Driver: local][LocalVolumeType: block] [Testpattern: Pre-provisioned PV (filesystem volmode)] multiVolume [Slow] should access to two volumes with the same volume mode and retain data across pod recreation on different node" classname="Kubernetes e2e suite" time="0">
          <skipped></skipped>
      </testcase>
      <testcase name="[sig-apps] CronJob should support CronJob API operations [Conformance]" classname="Kubernetes e2e suite" time="0.440749721"></testcase>
      <testcase name="[sig-storage] CSI Volumes [Driver: csi-hostpath] [Testpattern: Dynamic PV (ntfs)][Feature:Windows] volume-expand should not allow expansion of pvcs without AllowVolumeExpansion property" classname="Kubernetes e2e suite" time="0">
          <skipped></skipped>
      </testcase>
      <testcase name="[sig-storage] In-tree Volumes [Driver: local][LocalVolumeType: gce-localssd-scsi-fs] [Serial] [Testpattern: Dynamic PV (ntfs)][Feature:Windows] provisioning should provision storage with snapshot data source [Feature:VolumeSnapshotDataSource]" classname="Kubernetes e2e suite" time="0">
          <skipped></skipped>
      </testcase>
      <testcase name="[sig-storage] CSI Volumes [Driver: csi-hostpath] [Testpattern: Pre-provisioned PV (ext3)] volumes should allow exec of files on the volume" classname="Kubernetes e2e suite" time="0">
          <skipped></skipped>
      </testcase>
  </testsuite>