<?xml version="1.0" encoding="UTF-8"?>
  <testsuite name="Kubernetes e2e suite" tests="64" failures="0" errors="0" time="2318.19">
      <testcase name="[sig-storage] CSI Volumes [Driver: pd.csi.storage.gke.io][Serial] [Testpattern: Dynamic PV (default fs)] provisioning should provision storage with snapshot data source [Feature:VolumeSnapshotDataSource]" classname="Kubernetes e2e suite" time="0">
          <skipped></skipped>
      </testcase>
      <testcase name="[sig-network] Services should be able to up and down services" classname="Kubernetes e2e suite" time="0">
          <skipped></skipped>
      </testcase>
      <testcase name="[sig-network] Networking should check kube-proxy urls" classname="Kubernetes e2e suite" time="0">
          <skipped></skipped>
      </testcase>
      <testcase name="[sig-storage] In-tree Volumes [Driver: gluster] [Testpattern: Inline-volume (default fs)] disruptive[Disruptive] Should test that pv written before kubelet restart is readable after restart." classname="Kubernetes e2e suite" time="0">
          <skipped></skipped>
      </testcase>
      <testcase name="[sig-storage] Downward API volume should set DefaultMode on files [LinuxOnly] [NodeConformance] [Conformance]" classname="Kubernetes e2e suite" time="18.821696208"></testcase>
      <testcase name="[sig-storage] In-tree Volumes [Driver: ceph][Feature:Volumes] [Testpattern: Pre-provisioned PV (default fs)] subPath should fail if subpath file is outside the volume [Slow][LinuxOnly]" classname="Kubernetes e2e suite" time="0">
          <skipped></skipped>
      </testcase>
      <testcase name="[sig-storage] In-tree Volumes [Driver: ceph][Feature:Volumes] [Testpattern: Dynamic PV (ntfs)][sig-windows] subPath should fail if non-existent subpath is outside the volume [Slow][LinuxOnly]" classname="Kubernetes e2e suite" time="0">
          <skipped></skipped>
      </testcase>
      <testcase name="[sig-storage] CSI mock volume CSI workload information using mock driver should be passed when podInfoOnMount=true" classname="Kubernetes e2e suite" time="0">
          <skipped></skipped>
      </testcase>
      <testcase name="[sig-storage] In-tree Volumes [Driver: hostPath] [Testpattern: Pre-provisioned PV (filesystem volmode)] disruptive[Disruptive] Should test that pv written before kubelet restart is readable after restart." classname="Kubernetes e2e suite" time="0">
          <skipped></skipped>
      </testcase>
      <testcase name="[sig-storage] In-tree Volumes [Driver: ceph][Feature:Volumes] [Testpattern: Inline-volume (default fs)] subPath should fail if subpath with backstepping is outside the volume [Slow]" classname="Kubernetes e2e suite" time="0">
          <skipped></skipped>
      </testcase>
      <testcase name="[k8s.io] [Feature:Example] [k8s.io] Liveness liveness pods should be automatically restarted" classname="Kubernetes e2e suite" time="0">
          <skipped></skipped>
      </testcase>
      <testcase name="[sig-storage] CSI Volumes [Driver: pd.csi.storage.gke.io][Serial] [Testpattern: Dynamic PV (block volmode)] multiVolume [Slow] should concurrently access the single volume from pods on different node" classname="Kubernetes e2e suite" time="0">
          <skipped></skipped>
      </testcase>
      <testcase name="[sig-storage] CSI Volumes [Driver: csi-hostpath-v0] [Testpattern: Inline-volume (default fs)] subPath should support non-existent path" classname="Kubernetes e2e suite" time="0">
          <skipped></skipped>
      </testcase>
      <testcase name="[sig-network] Services should be able to change the type from NodePort to ExternalName [Conformance]" classname="Kubernetes e2e suite" time="42.07001344"></testcase>
      <testcase name="[sig-storage] In-tree Volumes [Driver: rbd][Feature:Volumes] [Testpattern: Pre-provisioned PV (ext4)] volumes should allow exec of files on the volume" classname="Kubernetes e2e suite" time="0">
          <skipped></skipped>
      </testcase>
      <testcase name="[sig-storage] In-tree Volumes [Driver: local][LocalVolumeType: block] [Testpattern: Dynamic PV (default fs)] subPath should unmount if pod is gracefully deleted while kubelet is down [Disruptive][Slow][LinuxOnly]" classname="Kubernetes e2e suite" time="0">
          <skipped></skipped>
      </testcase>
      <testcase name="[sig-storage] Projected configMap should be consumable from pods in volume with mappings as non-root with FSGroup [LinuxOnly] [NodeFeature:FSGroup]" classname="Kubernetes e2e suite" time="0">
          <skipped></skipped>
      </testcase>
      <testcase name="[sig-storage] In-tree Volumes [Driver: local][LocalVolumeType: dir-bindmounted] [Testpattern: Dynamic PV (block volmode)(allowExpansion)] volume-expand Verify if offline PVC expansion works" classname="Kubernetes e2e suite" time="0">
          <skipped></skipped>
      </testcase>
      <testcase name="[sig-apps] Deployment test Deployment ReplicaSet orphaning and adoption regarding controllerRef" classname="Kubernetes e2e suite" time="0">
          <skipped></skipped>
      </testcase>
      <testcase name="[sig-storage] In-tree Volumes [Driver: local][LocalVolumeType: dir] [Testpattern: Dynamic PV (block volmode)(allowExpansion)] volume-expand should resize volume when PVC is edited while pod is using it" classname="Kubernetes e2e suite" time="0">
          <skipped></skipped>
      </testcase>
      <testcase name="[sig-storage] In-tree Volumes [Driver: vSphere] [Testpattern: Dynamic PV (default fs)] subPath should fail if subpath file is outside the volume [Slow][LinuxOnly]" classname="Kubernetes e2e suite" time="0">
          <skipped></skipped>
      </testcase>
      <testcase name="[sig-storage] In-tree Volumes [Driver: hostPathSymlink] [Testpattern: Dynamic PV (ntfs)][sig-windows] subPath should support restarting containers using directory as subpath [Slow]" classname="Kubernetes e2e suite" time="0">
          <skipped></skipped>
      </testcase>
      <testcase name="[sig-storage] CSI Volumes [Driver: csi-hostpath] [Testpattern: inline ephemeral CSI volume] ephemeral should create read/write inline ephemeral volume" classname="Kubernetes e2e suite" time="0">
          <skipped></skipped>
      </testcase>
      <testcase name="[sig-storage] In-tree Volumes [Driver: iscsi][Feature:Volumes] [Testpattern: Pre-provisioned PV (ntfs)][sig-windows] volumes should allow exec of files on the volume" classname="Kubernetes e2e suite" time="0">
          <skipped></skipped>
      </testcase>
      <testcase name="[sig-storage] EmptyDir wrapper volumes should not cause race condition when used for git_repo [Serial] [Slow]" classname="Kubernetes e2e suite" time="0">
          <skipped></skipped>
      </testcase>
      <testcase name="[sig-storage] In-tree Volumes [Driver: local][LocalVolumeType: tmpfs] [Testpattern: Dynamic PV (default fs)] subPath should support restarting containers using file as subpath [Slow][LinuxOnly]" classname="Kubernetes e2e suite" time="0">
          <skipped></skipped>
      </testcase>
      <testcase name="[sig-storage] Mounted flexvolume expand[Slow] Should verify mounted flex volumes can be resized" classname="Kubernetes e2e suite" time="0">
          <skipped></skipped>
      </testcase>
      <testcase name="[sig-autoscaling] Cluster size autoscaling [Slow] should increase cluster size if pod requesting volume is pending [Feature:ClusterSizeAutoscalingScaleUp]" classname="Kubernetes e2e suite" time="0">
          <skipped></skipped>
      </testcase>
      <testcase name="[sig-storage] CSI Volumes [Driver: csi-hostpath-v0] [Testpattern: Pre-provisioned PV (block volmode)] volumeMode should fail to use a volume in a pod with mismatched mode [Slow]" classname="Kubernetes e2e suite" time="0">
          <skipped></skipped>
      </testcase>
      <testcase name="[sig-storage] In-tree Volumes [Driver: gcepd] [Testpattern: Dynamic PV (ntfs)][sig-windows] volumes should allow exec of files on the volume" classname="Kubernetes e2e suite" time="0">
          <skipped></skipped>
      </testcase>
      <testcase name="[sig-cli] Kubectl Port forwarding With a server listening on 0.0.0.0 that expects a client request should support a client that connects, sends DATA, and disconnects" classname="Kubernetes e2e suite" time="0">
          <skipped></skipped>
      </testcase>
      <testcase name="[sig-storage] EmptyDir volumes should support (root,0644,default) [LinuxOnly] [NodeConformance] [Conformance]" classname="Kubernetes e2e suite" time="17.758351904"></testcase>
      <testcase name="[sig-storage] In-tree Volumes [Driver: local][LocalVolumeType: block] [Testpattern: Pre-provisioned PV (default fs)] subPath should fail if non-existent subpath is outside the volume [Slow][LinuxOnly]" classname="Kubernetes e2e suite" time="0">
          <skipped></skipped>
      </testcase>
      <testcase name="[sig-storage] CSI Volumes [Driver: csi-hostpath] [Testpattern: Inline-volume (xfs)][Slow] volumes should allow exec of files on the volume" classname="Kubernetes e2e suite" time="0">
          <skipped></skipped>
      </testcase>
      <testcase name="[sig-storage] In-tree Volumes [Driver: nfs] [Testpattern: Dynamic PV (default fs)] subPath should support restarting containers using file as subpath [Slow][LinuxOnly]" classname="Kubernetes e2e suite" time="0">
          <skipped></skipped>
      </testcase>
      <testcase name="[sig-storage] In-tree Volumes [Driver: local][LocalVolumeType: gce-localssd-scsi-fs] [Serial] [Testpattern: Dynamic PV (ntfs)][sig-windows] subPath should support existing directories when readOnly specified in the volumeSource" classname="Kubernetes e2e suite" time="0">
          <skipped></skipped>
      </testcase>
      <testcase name="[sig-storage] In-tree Volumes [Driver: vSphere] [Testpattern: Pre-provisioned PV (default fs)] subPath should support existing single file [LinuxOnly]" classname="Kubernetes e2e suite" time="0">
          <skipped></skipped>
      </testcase>
      <testcase name="[sig-storage] In-tree Volumes [Driver: local][LocalVolumeType: dir] [Testpattern: Pre-provisioned PV (filesystem volmode)] multiVolume [Slow] should concurrently access the single volume from pods on different node" classname="Kubernetes e2e suite" time="0">
          <skipped></skipped>
      </testcase>
      <testcase name="[sig-storage] In-tree Volumes [Driver: local][LocalVolumeType: blockfs] [Testpattern: Dynamic PV (block volmode)] multiVolume [Slow] should concurrently access the single volume from pods on the same node" classname="Kubernetes e2e suite" time="0">
          <skipped></skipped>
      </testcase>
      <testcase name="[sig-storage] In-tree Volumes [Driver: local][LocalVolumeType: dir-link-bindmounted] [Testpattern: Dynamic PV (ext4)] volumes should allow exec of files on the volume" classname="Kubernetes e2e suite" time="0">
          <skipped></skipped>
      </testcase>
      <testcase name="[sig-storage] In-tree Volumes [Driver: ceph][Feature:Volumes] [Testpattern: Pre-provisioned PV (block volmode)] multiVolume [Slow] should access to two volumes with different volume mode and retain data across pod recreation on the same node" classname="Kubernetes e2e suite" time="0">
          <skipped></skipped>
      </testcase>
      <testcase name="[sig-storage] In-tree Volumes [Driver: rbd][Feature:Volumes] [Testpattern: Dynamic PV (xfs)][Slow] volumes should store data" classname="Kubernetes e2e suite" time="0">
          <skipped></skipped>
      </testcase>
      <testcase name="[sig-storage] In-tree Volumes [Driver: local][LocalVolumeType: dir-bindmounted] [Testpattern: Dynamic PV (ntfs)][sig-windows] provisioning should provision storage with snapshot data source [Feature:VolumeSnapshotDataSource]" classname="Kubernetes e2e suite" time="0">
          <skipped></skipped>
      </testcase>
      <testcase name="[sig-storage] In-tree Volumes [Driver: local][LocalVolumeType: dir-link-bindmounted] [Testpattern: Pre-provisioned PV (block volmode)] volumeMode should fail to use a volume in a pod with mismatched mode [Slow]" classname="Kubernetes e2e suite" time="0">
          <skipped></skipped>
      </testcase>
      <testcase name="[sig-storage] In-tree Volumes [Driver: local][LocalVolumeType: dir-link-bindmounted] [Testpattern: Dynamic PV (ntfs)][sig-windows] subPath should support existing directories when readOnly specified in the volumeSource" classname="Kubernetes e2e suite" time="0">
          <skipped></skipped>
      </testcase>
      <testcase name="[sig-storage] In-tree Volumes [Driver: local][LocalVolumeType: blockfs] [Testpattern: Dynamic PV (block volmode)] multiVolume [Slow] should access to two volumes with the same volume mode and retain data across pod recreation on the same node" classname="Kubernetes e2e suite" time="0">
          <skipped></skipped>
      </testcase>
      <testcase name="[sig-storage] CSI Volumes [Driver: pd.csi.storage.gke.io][Serial] [Testpattern: Pre-provisioned PV (ntfs)][sig-windows] volumes should allow exec of files on the volume" classname="Kubernetes e2e suite" time="0">
          <skipped></skipped>
      </testcase>
      <testcase name="[sig-storage] In-tree Volumes [Driver: hostPathSymlink] [Testpattern: Dynamic PV (xfs)][Slow] volumes should allow exec of files on the volume" classname="Kubernetes e2e suite" time="0">
          <skipped></skipped>
      </testcase>
      <testcase name="[sig-network] ESIPP [Slow] [DisabledForLargeClusters] should work from pods" classname="Kubernetes e2e suite" time="0">
          <skipped></skipped>
      </testcase>
      <testcase name="[sig-storage] CSI mock volume CSI attach test using mock driver should not require VolumeAttach for drivers without attachment" classname="Kubernetes e2e suite" time="0">
          <skipped></skipped>
      </testcase>
      <testcase name="[sig-storage] In-tree Volumes [Driver: local][LocalVolumeType: gce-localssd-scsi-fs] [Serial] [Testpattern: Pre-provisioned PV (default fs)] volumes should store data" classname="Kubernetes e2e suite" time="0">
          <skipped></skipped>
      </testcase>
      <testcase name="[sig-api-machinery] AdmissionWebhook [Privileged:ClusterAdmin] patching/updating a mutating webhook should work [Conformance]" classname="Kubernetes e2e suite" time="33.40728796"></testcase>
      <testcase name="[sig-cli] Kubectl client Proxy server should support proxy with --port 0  [Conformance]" classname="Kubernetes e2e suite" time="9.971790653"></testcase>
      <testcase name="[sig-storage] In-tree Volumes [Driver: hostPath] [Testpattern: Dynamic PV (block volmode)] volumeMode should fail in binding dynamic provisioned PV to PVC [Slow]" classname="Kubernetes e2e suite" time="0">
          <skipped></skipped>
      </testcase>
      <testcase name="[sig-storage] In-tree Volumes [Driver: gluster] [Testpattern: Dynamic PV (default fs)] subPath should support restarting containers using directory as subpath [Slow]" classname="Kubernetes e2e suite" time="0">
          <skipped></skipped>
      </testcase>
      <testcase name="[sig-storage] PersistentVolumes [Feature:ReclaimPolicy] [sig-storage] persistentvolumereclaim:vsphere should delete persistent volume when reclaimPolicy set to delete and associated claim is deleted" classname="Kubernetes e2e suite" time="0">
          <skipped></skipped>
      </testcase>
      <testcase name="[k8s.io] InitContainer [NodeConformance] should invoke init containers on a RestartNever pod [Conformance]" classname="Kubernetes e2e suite" time="21.706751756"></testcase>
      <testcase name="[sig-storage] In-tree Volumes [Driver: vSphere] [Testpattern: Pre-provisioned PV (ntfs)][sig-windows] volumes should store data" classname="Kubernetes e2e suite" time="0">
          <skipped></skipped>
      </testcase>
      <testcase name="[sig-storage] In-tree Volumes [Driver: local][LocalVolumeType: dir] [Testpattern: Pre-provisioned PV (block volmode)] disruptive[Disruptive] Should test that pv written before kubelet restart is readable after restart." classname="Kubernetes e2e suite" time="0">
          <skipped></skipped>
      </testcase>
      <testcase name="[sig-storage] In-tree Volumes [Driver: gcepd] [Testpattern: Pre-provisioned PV (block volmode)] multiVolume [Slow] should access to two volumes with the same volume mode and retain data across pod recreation on the same node" classname="Kubernetes e2e suite" time="0">
          <skipped></skipped>
      </testcase>
      <testcase name="[sig-apps] StatefulSet [k8s.io] Deploy clustered applications [Feature:StatefulSet] [Slow] should creating a working zookeeper cluster" classname="Kubernetes e2e suite" time="0">
          <skipped></skipped>
      </testcase>
      <testcase name="[sig-scalability] Density [Feature:ManualPerformance] should allow starting 50 pods per node using ReplicationController with 0 secrets, 0 configmaps, 0 token projections, and 0 daemons" classname="Kubernetes e2e suite" time="0">
          <skipped></skipped>
      </testcase>
      <testcase name="[sig-storage] In-tree Volumes [Driver: local][LocalVolumeType: block] [Testpattern: Inline-volume (default fs)] disruptive[Disruptive] Should test that pv written before kubelet restart is readable after restart." classname="Kubernetes e2e suite" time="0">
          <skipped></skipped>
      </testcase>
      <testcase name="[sig-api-machinery] AdmissionWebhook [Privileged:ClusterAdmin] should mutate custom resource [Conformance]" classname="Kubernetes e2e suite" time="33.812469141"></testcase>
      <testcase name="[sig-storage] CSI Volumes [Driver: csi-hostpath-v0] [Testpattern: Inline-volume (xfs)][Slow] volumes should store data" classname="Kubernetes e2e suite" time="0">
          <skipped></skipped>
      </testcase>
      <testcase name="[sig-storage] Storage Policy Based Volume Provisioning [Feature:vsphere] verify if a SPBM policy is not honored on a non-compatible datastore for dynamically provisioned pvc using storageclass" classname="Kubernetes e2e suite" time="0">
          <skipped></skipped>
      </testcase>
      <testcase name="[sig-storage] PersistentVolumes-local  [Volume type: block] Set fsGroup for local volume should set same fsGroup for two pods simultaneously [Slow]" classname="Kubernetes e2e suite" time="0">
          <skipped></skipped>
      </testcase>
      <testcase name="[sig-storage] In-tree Volumes [Driver: azure] [Testpattern: Dynamic PV (filesystem volmode)] volumeMode should fail to use a volume in a pod with mismatched mode [Slow]" classname="Kubernetes e2e suite" time="0">
          <skipped></skipped>
      </testcase>
      <testcase name="[sig-storage] In-tree Volumes [Driver: gcepd] [Testpattern: Inline-volume (default fs)] subPath should support restarting containers using directory as subpath [Slow]" classname="Kubernetes e2e suite" time="0">
          <skipped></skipped>
      </testcase>
      <testcase name="[sig-storage] In-tree Volumes [Driver: emptydir] [Testpattern: Dynamic PV (default fs)] volumes should store data" classname="Kubernetes e2e suite" time="0">
          <skipped></skipped>
      </testcase>
      <testcase name="[sig-storage] In-tree Volumes [Driver: local][LocalVolumeType: dir-link-bindmounted] [Testpattern: Dynamic PV (default fs)(allowExpansion)] volume-expand Verify if offline PVC expansion works" classname="Kubernetes e2e suite" time="0">
          <skipped></skipped>
      </testcase>
      <testcase name="[sig-storage] In-tree Volumes [Driver: local][LocalVolumeType: dir-link] [Testpattern: Dynamic PV (default fs)] subPath should support restarting containers using directory as subpath [Slow]" classname="Kubernetes e2e suite" time="0">
          <skipped></skipped>
      </testcase>
      <testcase name="[sig-storage] In-tree Volumes [Driver: local][LocalVolumeType: gce-localssd-scsi-fs] [Serial] [Testpattern: Pre-provisioned PV (filesystem volmode)] multiVolume [Slow] should access to two volumes with the same volume mode and retain data across pod recreation on different node" classname="Kubernetes e2e suite" time="0">
          <skipped></skipped>
      </testcase>
      <testcase name="[sig-storage] In-tree Volumes [Driver: iscsi][Feature:Volumes] [Testpattern: Pre-provisioned PV (default fs)] subPath should support restarting containers using file as subpath [Slow][LinuxOnly]" classname="Kubernetes e2e suite" time="0">
          <skipped></skipped>
      </testcase>
      <testcase name="[sig-autoscaling] [HPA] Horizontal pod autoscaling (scale resource: Custom Metrics from Stackdriver) should scale up with two External metrics from Stackdriver [Feature:CustomMetricsAutoscaling]" classname="Kubernetes e2e suite" time="0">
          <skipped></skipped>
      </testcase>
      <testcase name="[k8s.io] Probing container should be restarted with a /healthz http liveness probe [NodeConformance] [Conformance]" classname="Kubernetes e2e suite" time="41.823071312"></testcase>
      <testcase name="[sig-storage] In-tree Volumes [Driver: ceph][Feature:Volumes] [Testpattern: Pre-provisioned PV (ext4)] volumes should store data" classname="Kubernetes e2e suite" time="0">
          <skipped></skipped>
      </testcase>
      <testcase name="[sig-cli] Kubectl client Kubectl client-side validation should create/apply a CR with unknown fields for CRD with no validation schema" classname="Kubernetes e2e suite" time="0">
          <skipped></skipped>
      </testcase>
      <testcase name="[sig-storage] In-tree Volumes [Driver: azure] [Testpattern: Dynamic PV (default fs)(allowExpansion)] volume-expand Verify if offline PVC expansion works" classname="Kubernetes e2e suite" time="0">
          <skipped></skipped>
      </testcase>
      <testcase name="[sig-storage] In-tree Volumes [Driver: gluster] [Testpattern: Inline-volume (ext4)] volumes should allow exec of files on the volume" classname="Kubernetes e2e suite" time="0">
          <skipped></skipped>
      </testcase>
      <testcase name="[sig-network] Loadbalancing: L7 GCE [Slow] [Feature:NEG] should sync endpoints for both Ingress-referenced NEG and standalone NEG" classname="Kubernetes e2e suite" time="0">
          <skipped></skipped>
      </testcase>
      <testcase name="[sig-storage] In-tree Volumes [Driver: cinder] [Testpattern: Dynamic PV (default fs)] subPath should fail if subpath directory is outside the volume [Slow]" classname="Kubernetes e2e suite" time="0">
          <skipped></skipped>
      </testcase>
      <testcase name="[k8s.io] Container Runtime blackbox test on terminated container should report termination message [LinuxOnly] as empty when pod succeeds and TerminationMessagePolicy FallbackToLogsOnError is set [NodeConformance] [Conformance]" classname="Kubernetes e2e suite" time="18.896240683"></testcase>
      <testcase name="[sig-api-machinery] CustomResourcePublishOpenAPI [Privileged:ClusterAdmin] works for multiple CRDs of same group and version but different kinds [Conformance]" classname="Kubernetes e2e suite" time="40.474735445"></testcase>
      <testcase name="[sig-storage] CSI Volumes [Driver: csi-hostpath] [Testpattern: Dynamic PV (filesystem volmode)] multiVolume [Slow] should access to two volumes with the same volume mode and retain data across pod recreation on different node" classname="Kubernetes e2e suite" time="0">
          <skipped></skipped>
      </testcase>
      <testcase name="[sig-storage] In-tree Volumes [Driver: cinder] [Testpattern: Pre-provisioned PV (block volmode)] volumes should store data" classname="Kubernetes e2e suite" time="0">
          <skipped></skipped>
      </testcase>
      <testcase name="[sig-storage] In-tree Volumes [Driver: ceph][Feature:Volumes] [Testpattern: Pre-provisioned PV (default fs)] subPath should unmount if pod is gracefully deleted while kubelet is down [Disruptive][Slow][LinuxOnly]" classname="Kubernetes e2e suite" time="0">
          <skipped></skipped>
      </testcase>
      <testcase name="[sig-storage] In-tree Volumes [Driver: local][LocalVolumeType: dir-bindmounted] [Testpattern: Pre-provisioned PV (block volmode)] multiVolume [Slow] should access to two volumes with the same volume mode and retain data across pod recreation on the same node" classname="Kubernetes e2e suite" time="0">
          <skipped></skipped>
      </testcase>
      <testcase name="[sig-storage] In-tree Volumes [Driver: hostPath] [Testpattern: Pre-provisioned PV (default fs)] subPath should support file as subpath [LinuxOnly]" classname="Kubernetes e2e suite" time="0">
          <skipped></skipped>
      </testcase>
      <testcase name="[sig-api-machinery] CustomResourceConversionWebhook [Privileged:ClusterAdmin] should be able to convert a non homogeneous list of CRs [Conformance]" classname="Kubernetes e2e suite" time="22.224580666"></testcase>
      <testcase name="[sig-cluster-lifecycle] Reboot [Disruptive] [Feature:Reboot] each node by switching off the network interface and ensure they function upon switch on" classname="Kubernetes e2e suite" time="0">
          <skipped></skipped>
      </testcase>
      <testcase name="[sig-storage] In-tree Volumes [Driver: local][LocalVolumeType: gce-localssd-scsi-fs] [Serial] [Testpattern: Pre-provisioned PV (default fs)] subPath should fail if non-existent subpath is outside the volume [Slow][LinuxOnly]" classname="Kubernetes e2e suite" time="0">
          <skipped></skipped>
      </testcase>
      <testcase name="[sig-storage] ConfigMap should be consumable from pods in volume as non-root with defaultMode and fsGroup set [LinuxOnly] [NodeFeature:FSGroup]" classname="Kubernetes e2e suite" time="0">
          <skipped></skipped>
      </testcase>
      <testcase name="[sig-storage] In-tree Volumes [Driver: gcepd] [Testpattern: Inline-volume (ntfs)][sig-windows] volumes should store data" classname="Kubernetes e2e suite" time="0">
          <skipped></skipped>
      </testcase>
      <testcase name="[sig-storage] In-tree Volumes [Driver: local][LocalVolumeType: tmpfs] [Testpattern: Dynamic PV (filesystem volmode)] multiVolume [Slow] should access to two volumes with the same volume mode and retain data across pod recreation on the same node" classname="Kubernetes e2e suite" time="0">
          <skipped></skipped>
      </testcase>
      <testcase name="[sig-storage] In-tree Volumes [Driver: hostPathSymlink] [Testpattern: Inline-volume (default fs)] subPath should fail if subpath directory is outside the volume [Slow]" classname="Kubernetes e2e suite" time="0">
          <skipped></skipped>
      </testcase>
      <testcase name="[sig-storage] In-tree Volumes [Driver: local][LocalVolumeType: dir-bindmounted] [Testpattern: Inline-volume (default fs)] subPath should fail if non-existent subpath is outside the volume [Slow][LinuxOnly]" classname="Kubernetes e2e suite" time="0">
          <skipped></skipped>
      </testcase>
      <testcase name="[sig-network] NetworkPolicy [LinuxOnly] NetworkPolicy between server and client should enforce updated policy [Feature:NetworkPolicy]" classname="Kubernetes e2e suite" time="0">
          <skipped></skipped>
      </testcase>
      <testcase name="[sig-instrumentation] Stackdriver Monitoring should run Custom Metrics - Stackdriver Adapter for external metrics [Feature:StackdriverExternalMetrics]" classname="Kubernetes e2e suite" time="0">
          <skipped></skipped>
      </testcase>
      <testcase name="[sig-storage] In-tree Volumes [Driver: local][LocalVolumeType: dir-link] [Testpattern: Dynamic PV (default fs)] volumes should allow exec of files on the volume" classname="Kubernetes e2e suite" time="0">
          <skipped></skipped>
      </testcase>
      <testcase name="[sig-storage] In-tree Volumes [Driver: local][LocalVolumeType: dir] [Testpattern: Pre-provisioned PV (default fs)] subPath should fail if non-existent subpath is outside the volume [Slow][LinuxOnly]" classname="Kubernetes e2e suite" time="0">
          <skipped></skipped>
      </testcase>
      <testcase name="[sig-storage] In-tree Volumes [Driver: emptydir] [Testpattern: Inline-volume (ext3)] volumes should store data" classname="Kubernetes e2e suite" time="0">
          <skipped></skipped>
      </testcase>
      <testcase name="[sig-storage] Node Unregister [Feature:vsphere] [Slow] [Disruptive] node unregister" classname="Kubernetes e2e suite" time="0">
          <skipped></skipped>
      </testcase>
      <testcase name="[sig-storage] In-tree Volumes [Driver: local][LocalVolumeType: dir-bindmounted] [Testpattern: Dynamic PV (block volmode)] multiVolume [Slow] should access to two volumes with the same volume mode and retain data across pod recreation on the same node" classname="Kubernetes e2e suite" time="0">
          <skipped></skipped>
      </testcase>
      <testcase name="[sig-storage] In-tree Volumes [Driver: cinder] [Testpattern: Pre-provisioned PV (filesystem volmode)] multiVolume [Slow] should concurrently access the single volume from pods on different node" classname="Kubernetes e2e suite" time="0">
          <skipped></skipped>
      </testcase>
      <testcase name="[sig-storage] In-tree Volumes [Driver: nfs] [Testpattern: Pre-provisioned PV (default fs)] subPath should support non-existent path" classname="Kubernetes e2e suite" time="0">
          <skipped></skipped>
      </testcase>
      <testcase name="[sig-storage] In-tree Volumes [Driver: hostPath] [Testpattern: Pre-provisioned PV (block volmode)] multiVolume [Slow] should access to two volumes with the same volume mode and retain data across pod recreation on the same node" classname="Kubernetes e2e suite" time="0">
          <skipped></skipped>
      </testcase>
      <testcase name="[sig-storage] In-tree Volumes [Driver: vSphere] [Testpattern: Dynamic PV (default fs)] volume-expand should not allow expansion of pvcs without AllowVolumeExpansion property" classname="Kubernetes e2e suite" time="0">
          <skipped></skipped>
      </testcase>
      <testcase name="[sig-storage] CSI Volumes [Driver: pd.csi.storage.gke.io][Serial] [Testpattern: Inline-volume (default fs)] subPath should support readOnly directory specified in the volumeMount" classname="Kubernetes e2e suite" time="0">
          <skipped></skipped>
      </testcase>
      <testcase name="[sig-storage] In-tree Volumes [Driver: local][LocalVolumeType: block] [Testpattern: Dynamic PV (default fs)] subPath should support existing single file [LinuxOnly]" classname="Kubernetes e2e suite" time="0">
          <skipped></skipped>
      </testcase>
      <testcase name="[sig-storage] In-tree Volumes [Driver: local][LocalVolumeType: dir] [Testpattern: Dynamic PV (block volmode)] volumeMode should fail to use a volume in a pod with mismatched mode [Slow]" classname="Kubernetes e2e suite" time="0">
          <skipped></skipped>
      </testcase>
      <testcase name="[sig-storage] In-tree Volumes [Driver: emptydir] [Testpattern: Dynamic PV (block volmode)] volumeMode should not mount / map unused volumes in a pod" classname="Kubernetes e2e suite" time="0">
          <skipped></skipped>
      </testcase>
      <testcase name="[sig-storage] In-tree Volumes [Driver: ceph][Feature:Volumes] [Testpattern: Dynamic PV (ext3)] volumes should allow exec of files on the volume" classname="Kubernetes e2e suite" time="0">
          <skipped></skipped>
      </testcase>
      <testcase name="[sig-storage] In-tree Volumes [Driver: cinder] [Testpattern: Dynamic PV (block volmode)] multiVolume [Slow] should access to two volumes with different volume mode and retain data across pod recreation on the same node" classname="Kubernetes e2e suite" time="0">
          <skipped></skipped>
      </testcase>
      <testcase name="[sig-storage] In-tree Volumes [Driver: gluster] [Testpattern: Dynamic PV (filesystem volmode)] multiVolume [Slow] should access to two volumes with different volume mode and retain data across pod recreation on the same node" classname="Kubernetes e2e suite" time="0">
          <skipped></skipped>
      </testcase>
      <testcase name="[sig-storage] In-tree Volumes [Driver: cinder] [Testpattern: Dynamic PV (default fs)] volume-expand should not allow expansion of pvcs without AllowVolumeExpansion property" classname="Kubernetes e2e suite" time="0">
          <skipped></skipped>
      </testcase>
      <testcase name="[sig-storage] In-tree Volumes [Driver: rbd][Feature:Volumes] [Testpattern: Dynamic PV (filesystem volmode)] multiVolume [Slow] should access to two volumes with the same volume mode and retain data across pod recreation on different node" classname="Kubernetes e2e suite" time="0">
          <skipped></skipped>
      </testcase>
      <testcase name="[sig-apps] Daemon set [Serial] should run and stop complex daemon with node affinity" classname="Kubernetes e2e suite" time="0">
          <skipped></skipped>
      </testcase>
      <testcase name="[sig-storage] In-tree Volumes [Driver: aws] [Testpattern: Dynamic PV (filesystem volmode)] multiVolume [Slow] should access to two volumes with different volume mode and retain data across pod recreation on different node" classname="Kubernetes e2e suite" time="0">
          <skipped></skipped>
      </testcase>
      <testcase name="[sig-autoscaling] Cluster size autoscaling [Slow] shouldn&#39;t increase cluster size if pending pod is too large [Feature:ClusterSizeAutoscalingScaleUp]" classname="Kubernetes e2e suite" time="0">
          <skipped></skipped>
      </testcase>
      <testcase name="[sig-storage] In-tree Volumes [Driver: local][LocalVolumeType: dir-link] [Testpattern: Pre-provisioned PV (block volmode)] volumeMode should fail to create pod by failing to mount volume [Slow]" classname="Kubernetes e2e suite" time="0">
          <skipped></skipped>
      </testcase>
      <testcase name="[sig-storage] CSI Volumes [Driver: csi-hostpath] [Testpattern: Dynamic PV (ntfs)][sig-windows] provisioning should provision storage with pvc data source" classname="Kubernetes e2e suite" time="0">
          <skipped></skipped>
      </testcase>
      <testcase name="[sig-storage] In-tree Volumes [Driver: local][LocalVolumeType: tmpfs] [Testpattern: Pre-provisioned PV (default fs)] subPath should fail if subpath directory is outside the volume [Slow]" classname="Kubernetes e2e suite" time="0">
          <skipped></skipped>
      </testcase>
      <testcase name="[sig-storage] In-tree Volumes [Driver: hostPathSymlink] [Testpattern: Dynamic PV (default fs)] volume-expand should not allow expansion of pvcs without AllowVolumeExpansion property" classname="Kubernetes e2e suite" time="0">
          <skipped></skipped>
      </testcase>
      <testcase name="[sig-storage] In-tree Volumes [Driver: rbd][Feature:Volumes] [Testpattern: Inline-volume (default fs)] volumes should allow exec of files on the volume" classname="Kubernetes e2e suite" time="0">
          <skipped></skipped>
      </testcase>
      <testcase name="[sig-cli] Kubectl client Guestbook application should create and stop a working application  [Conformance]" classname="Kubernetes e2e suite" time="50.792940754"></testcase>
      <testcase name="[sig-storage] In-tree Volumes [Driver: local][LocalVolumeType: dir-bindmounted] [Testpattern: Inline-volume (default fs)] volumeIO should write files of various sizes, verify size, validate content [Slow]" classname="Kubernetes e2e suite" time="0">
          <skipped></skipped>
      </testcase>
      <testcase name="[sig-storage] CSI Volumes [Driver: csi-hostpath-v0] [Testpattern: Dynamic PV (default fs)] subPath should fail if subpath with backstepping is outside the volume [Slow]" classname="Kubernetes e2e suite" time="0">
          <skipped></skipped>
      </testcase>
      <testcase name="[sig-storage] In-tree Volumes [Driver: azure] [Testpattern: Dynamic PV (ntfs)][sig-windows] subPath should support readOnly directory specified in the volumeMount" classname="Kubernetes e2e suite" time="0">
          <skipped></skipped>
      </testcase>
      <testcase name="[sig-storage] In-tree Volumes [Driver: local][LocalVolumeType: dir-bindmounted] [Testpattern: Inline-volume (default fs)] subPath should support readOnly file specified in the volumeMount [LinuxOnly]" classname="Kubernetes e2e suite" time="0">
          <skipped></skipped>
      </testcase>
      <testcase name="[sig-storage] EmptyDir volumes pod should support shared volumes between containers [Conformance]" classname="Kubernetes e2e suite" time="20.185494572"></testcase>
      <testcase name="[sig-storage] NFSPersistentVolumes[Disruptive][Flaky] when kubelet restarts Should test that a volume mounted to a pod that is force deleted while the kubelet is down unmounts when the kubelet returns." classname="Kubernetes e2e suite" time="0">
          <skipped></skipped>
      </testcase>
      <testcase name="[sig-storage] In-tree Volumes [Driver: local][LocalVolumeType: dir] [Testpattern: Pre-provisioned PV (default fs)] subPath should fail if subpath file is outside the volume [Slow][LinuxOnly]" classname="Kubernetes e2e suite" time="0">
          <skipped></skipped>
      </testcase>
      <testcase name="[sig-storage] In-tree Volumes [Driver: rbd][Feature:Volumes] [Testpattern: Pre-provisioned PV (filesystem volmode)] multiVolume [Slow] should concurrently access the single volume from pods on the same node" classname="Kubernetes e2e suite" time="0">
          <skipped></skipped>
      </testcase>
      <testcase name="[sig-storage] In-tree Volumes [Driver: local][LocalVolumeType: blockfs] [Testpattern: Dynamic PV (ntfs)][sig-windows] provisioning should provision storage with snapshot data source [Feature:VolumeSnapshotDataSource]" classname="Kubernetes e2e suite" time="0">
          <skipped></skipped>
      </testcase>
      <testcase name="[sig-storage] In-tree Volumes [Driver: azure] [Testpattern: Dynamic PV (ntfs)][sig-windows] subPath should be able to unmount after the subpath directory is deleted" classname="Kubernetes e2e suite" time="0">
          <skipped></skipped>
      </testcase>
      <testcase name="[sig-storage] In-tree Volumes [Driver: local][LocalVolumeType: tmpfs] [Testpattern: Dynamic PV (ntfs)][sig-windows] subPath should support restarting containers using file as subpath [Slow][LinuxOnly]" classname="Kubernetes e2e suite" time="0">
          <skipped></skipped>
      </testcase>
      <testcase name="[sig-storage] In-tree Volumes [Driver: hostPathSymlink] [Testpattern: Inline-volume (default fs)] volumes should allow exec of files on the volume" classname="Kubernetes e2e suite" time="0">
          <skipped></skipped>
      </testcase>
      <testcase name="[sig-storage] Projected secret should be consumable from pods in volume with mappings [NodeConformance] [Conformance]" classname="Kubernetes e2e suite" time="19.772008226"></testcase>
      <testcase name="[sig-storage] ConfigMap should be consumable from pods in volume with mappings as non-root [LinuxOnly] [NodeConformance] [Conformance]" classname="Kubernetes e2e suite" time="19.783554982"></testcase>
      <testcase name="[sig-storage] In-tree Volumes [Driver: emptydir] [Testpattern: Inline-volume (default fs)] subPath should be able to unmount after the subpath directory is deleted" classname="Kubernetes e2e suite" time="0">
          <skipped></skipped>
      </testcase>
      <testcase name="[sig-storage] CSI Volumes [Driver: csi-hostpath-v0] [Testpattern: Dynamic PV (block volmode)(allowExpansion)] volume-expand should resize volume when PVC is edited while pod is using it" classname="Kubernetes e2e suite" time="0">
          <skipped></skipped>
      </testcase>
      <testcase name="[sig-storage] CSI Volumes [Driver: csi-hostpath] [Testpattern: Inline-volume (default fs)] subPath should unmount if pod is gracefully deleted while kubelet is down [Disruptive][Slow][LinuxOnly]" classname="Kubernetes e2e suite" time="0">
          <skipped></skipped>
      </testcase>
      <testcase name="[sig-api-machinery] CustomResourceConversionWebhook [Privileged:ClusterAdmin] should be able to convert from CR v1 to CR v2 [Conformance]" classname="Kubernetes e2e suite" time="22.442268433"></testcase>
      <testcase name="[sig-network] Networking Granular Checks: Pods should function for node-pod communication: udp [LinuxOnly] [NodeConformance] [Conformance]" classname="Kubernetes e2e suite" time="54.503028772"></testcase>
      <testcase name="[sig-storage] PersistentVolumes NFS with multiple PVs and PVCs all in same ns should create 4 PVs and 2 PVCs: test write access [Slow]" classname="Kubernetes e2e suite" time="0">
          <skipped></skipped>
      </testcase>
      <testcase name="[sig-storage] In-tree Volumes [Driver: hostPath] [Testpattern: Inline-volume (ext3)] volumes should allow exec of files on the volume" classname="Kubernetes e2e suite" time="0">
          <skipped></skipped>
      </testcase>
      <testcase name="[sig-storage] In-tree Volumes [Driver: nfs] [Testpattern: Pre-provisioned PV (block volmode)] volumeMode should fail to create pod by failing to mount volume [Slow]" classname="Kubernetes e2e suite" time="0">
          <skipped></skipped>
      </testcase>
      <testcase name="[sig-scheduling] SchedulerPredicates [Serial] validates that NodeSelector is respected if not matching  [Conformance]" classname="Kubernetes e2e suite" time="0">
          <skipped></skipped>
      </testcase>
      <testcase name="[sig-storage] In-tree Volumes [Driver: azure] [Testpattern: Pre-provisioned PV (filesystem volmode)] multiVolume [Slow] should concurrently access the single volume from pods on different node" classname="Kubernetes e2e suite" time="0">
          <skipped></skipped>
      </testcase>
      <testcase name="[sig-instrumentation] MetricsGrabber should grab all metrics from a Kubelet." classname="Kubernetes e2e suite" time="0">
          <skipped></skipped>
      </testcase>
      <testcase name="[sig-storage] In-tree Volumes [Driver: gcepd] [Testpattern: Dynamic PV (filesystem volmode)] multiVolume [Slow] should concurrently access the single volume from pods on different node" classname="Kubernetes e2e suite" time="0">
          <skipped></skipped>
      </testcase>
      <testcase name="[sig-storage] In-tree Volumes [Driver: iscsi][Feature:Volumes] [Testpattern: Pre-provisioned PV (default fs)] subPath should support restarting containers using directory as subpath [Slow]" classname="Kubernetes e2e suite" time="0">
          <skipped></skipped>
      </testcase>
      <testcase name="[sig-storage] CSI Volumes [Driver: csi-hostpath-v0] [Testpattern: Dynamic PV (default fs)(allowExpansion)] volume-expand should resize volume when PVC is edited while pod is using it" classname="Kubernetes e2e suite" time="0">
          <skipped></skipped>
      </testcase>
      <testcase name="[sig-storage] In-tree Volumes [Driver: local][LocalVolumeType: blockfs] [Testpattern: Dynamic PV (filesystem volmode)] multiVolume [Slow] should access to two volumes with different volume mode and retain data across pod recreation on the same node" classname="Kubernetes e2e suite" time="0">
          <skipped></skipped>
      </testcase>
      <testcase name="[sig-storage] Downward API volume should provide node allocatable (memory) as default memory limit if the limit is not set [NodeConformance] [Conformance]" classname="Kubernetes e2e suite" time="17.874975459"></testcase>
      <testcase name="[sig-storage] In-tree Volumes [Driver: cinder] [Testpattern: Dynamic PV (xfs)][Slow] volumes should store data" classname="Kubernetes e2e suite" time="0">
          <skipped></skipped>
      </testcase>
      <testcase name="[sig-storage] In-tree Volumes [Driver: gluster] [Testpattern: Inline-volume (default fs)] volumes should allow exec of files on the volume" classname="Kubernetes e2e suite" time="0">
          <skipped></skipped>
      </testcase>
      <testcase name="[sig-apps] DaemonRestart [Disruptive] Scheduler should continue assigning pods to nodes across restart" classname="Kubernetes e2e suite" time="0">
          <skipped></skipped>
      </testcase>
      <testcase name="[sig-storage] In-tree Volumes [Driver: local][LocalVolumeType: dir-link-bindmounted] [Testpattern: Pre-provisioned PV (default fs)] subPath should fail if non-existent subpath is outside the volume [Slow][LinuxOnly]" classname="Kubernetes e2e suite" time="0">
          <skipped></skipped>
      </testcase>
      <testcase name="[sig-storage] In-tree Volumes [Driver: local][LocalVolumeType: dir] [Testpattern: Pre-provisioned PV (block volmode)] multiVolume [Slow] should concurrently access the single volume from pods on the same node" classname="Kubernetes e2e suite" time="0">
          <skipped></skipped>
      </testcase>
      <testcase name="[sig-storage] EmptyDir volumes volume on default medium should have the correct mode [LinuxOnly] [NodeConformance] [Conformance]" classname="Kubernetes e2e suite" time="21.719977215"></testcase>
      <testcase name="[sig-storage] In-tree Volumes [Driver: emptydir] [Testpattern: Inline-volume (default fs)] subPath should support restarting containers using directory as subpath [Slow]" classname="Kubernetes e2e suite" time="0">
          <skipped></skipped>
      </testcase>
      <testcase name="[sig-storage] In-tree Volumes [Driver: ceph][Feature:Volumes] [Testpattern: Pre-provisioned PV (block volmode)] multiVolume [Slow] should concurrently access the single volume from pods on different node" classname="Kubernetes e2e suite" time="0">
          <skipped></skipped>
      </testcase>
      <testcase name="[sig-storage] In-tree Volumes [Driver: azure] [Testpattern: Inline-volume (default fs)] subPath should support restarting containers using file as subpath [Slow][LinuxOnly]" classname="Kubernetes e2e suite" time="0">
          <skipped></skipped>
      </testcase>
      <testcase name="[k8s.io] Cluster size autoscaler scalability [Slow] should scale down empty nodes [Feature:ClusterAutoscalerScalability3]" classname="Kubernetes e2e suite" time="0">
          <skipped></skipped>
      </testcase>
      <testcase name="[sig-storage] In-tree Volumes [Driver: aws] [Testpattern: Dynamic PV (ntfs)][sig-windows] subPath should support readOnly directory specified in the volumeMount" classname="Kubernetes e2e suite" time="0">
          <skipped></skipped>
      </testcase>
      <testcase name="[sig-storage] In-tree Volumes [Driver: azure] [Testpattern: Pre-provisioned PV (filesystem volmode)] multiVolume [Slow] should access to two volumes with the same volume mode and retain data across pod recreation on the same node" classname="Kubernetes e2e suite" time="0">
          <skipped></skipped>
      </testcase>
      <testcase name="[sig-storage] In-tree Volumes [Driver: hostPathSymlink] [Testpattern: Pre-provisioned PV (filesystem volmode)] multiVolume [Slow] should access to two volumes with the same volume mode and retain data across pod recreation on different node" classname="Kubernetes e2e suite" time="0">
          <skipped></skipped>
      </testcase>
      <testcase name="[sig-storage] In-tree Volumes [Driver: iscsi][Feature:Volumes] [Testpattern: Pre-provisioned PV (block volmode)] disruptive[Disruptive] Should test that pv written before kubelet restart is readable after restart." classname="Kubernetes e2e suite" time="0">
          <skipped></skipped>
      </testcase>
      <testcase name="[k8s.io] Probing container with readiness probe that fails should never be ready and never restart [NodeConformance] [Conformance]" classname="Kubernetes e2e suite" time="91.724748649"></testcase>
      <testcase name="[sig-storage] In-tree Volumes [Driver: local][LocalVolumeType: dir] [Testpattern: Pre-provisioned PV (default fs)] subPath should support file as subpath [LinuxOnly]" classname="Kubernetes e2e suite" time="0">
          <skipped></skipped>
      </testcase>
      <testcase name="[sig-api-machinery] Servers with support for Table transformation should return chunks of table results for list calls" classname="Kubernetes e2e suite" time="0">
          <skipped></skipped>
      </testcase>
      <testcase name="[sig-storage] In-tree Volumes [Driver: local][LocalVolumeType: blockfs] [Testpattern: Pre-provisioned PV (filesystem volmode)] multiVolume [Slow] should access to two volumes with the same volume mode and retain data across pod recreation on different node" classname="Kubernetes e2e suite" time="0">
          <skipped></skipped>
      </testcase>
      <testcase name="[sig-storage] In-tree Volumes [Driver: emptydir] [Testpattern: Pre-provisioned PV (filesystem volmode)] multiVolume [Slow] should access to two volumes with the same volume mode and retain data across pod recreation on the same node" classname="Kubernetes e2e suite" time="0">
          <skipped></skipped>
      </testcase>
      <testcase name="[sig-cli] Kubectl client Kubectl create quota should create a quota with scopes" classname="Kubernetes e2e suite" time="0">
          <skipped></skipped>
      </testcase>
      <testcase name="[sig-cluster-lifecycle] [Feature:BootstrapTokens] should resign the bootstrap tokens when the clusterInfo ConfigMap updated [Serial][Disruptive]" classname="Kubernetes e2e suite" time="0">
          <skipped></skipped>
      </testcase>
      <testcase name="[sig-storage] Pod Disks detach in a disrupted environment [Slow] [Disruptive] when node&#39;s API object is deleted" classname="Kubernetes e2e suite" time="0">
          <skipped></skipped>
      </testcase>
      <testcase name="[sig-storage] Detaching volumes should not work when mount is in progress [Slow]" classname="Kubernetes e2e suite" time="0">
          <skipped></skipped>
      </testcase>
      <testcase name="[sig-storage] PersistentVolumes-local  [Volume type: gce-localssd-scsi-fs] [Serial] One pod requesting one prebound PVC should be able to mount volume and read from pod1" classname="Kubernetes e2e suite" time="0">
          <skipped></skipped>
      </testcase>
      <testcase name="[sig-storage] In-tree Volumes [Driver: local][LocalVolumeType: dir-link] [Testpattern: Dynamic PV (default fs)] volumeIO should write files of various sizes, verify size, validate content [Slow]" classname="Kubernetes e2e suite" time="0">
          <skipped></skipped>
      </testcase>
      <testcase name="[sig-storage] In-tree Volumes [Driver: aws] [Testpattern: Pre-provisioned PV (xfs)][Slow] volumes should allow exec of files on the volume" classname="Kubernetes e2e suite" time="0">
          <skipped></skipped>
      </testcase>
      <testcase name="[sig-storage] In-tree Volumes [Driver: gluster] [Testpattern: Dynamic PV (filesystem volmode)] disruptive[Disruptive] Should test that pv written before kubelet restart is readable after restart." classname="Kubernetes e2e suite" time="0">
          <skipped></skipped>
      </testcase>
      <testcase name="[sig-storage] In-tree Volumes [Driver: hostPathSymlink] [Testpattern: Inline-volume (ntfs)][sig-windows] volumes should store data" classname="Kubernetes e2e suite" time="0">
          <skipped></skipped>
      </testcase>
      <testcase name="[sig-storage] In-tree Volumes [Driver: azure] [Testpattern: Inline-volume (default fs)] subPath should support existing directories when readOnly specified in the volumeSource" classname="Kubernetes e2e suite" time="0">
          <skipped></skipped>
      </testcase>
      <testcase name="[sig-storage] CSI Volumes [Driver: csi-hostpath] [Testpattern: Dynamic PV (default fs)] volume-expand should not allow expansion of pvcs without AllowVolumeExpansion property" classname="Kubernetes e2e suite" time="0">
          <skipped></skipped>
      </testcase>
      <testcase name="[sig-storage] In-tree Volumes [Driver: local][LocalVolumeType: dir-link] [Testpattern: Pre-provisioned PV (default fs)] subPath should support existing single file [LinuxOnly]" classname="Kubernetes e2e suite" time="0">
          <skipped></skipped>
      </testcase>
      <testcase name="[sig-storage] CSI Volumes [Driver: pd.csi.storage.gke.io][Serial] [Testpattern: Dynamic PV (block volmode)] volumeMode should fail to use a volume in a pod with mismatched mode [Slow]" classname="Kubernetes e2e suite" time="0">
          <skipped></skipped>
      </testcase>
      <testcase name="[sig-storage] In-tree Volumes [Driver: gluster] [Testpattern: Pre-provisioned PV (ext3)] volumes should store data" classname="Kubernetes e2e suite" time="0">
          <skipped></skipped>
      </testcase>
      <testcase name="[sig-storage] In-tree Volumes [Driver: local][LocalVolumeType: dir-bindmounted] [Testpattern: Dynamic PV (default fs)] subPath should support existing directory" classname="Kubernetes e2e suite" time="0">
          <skipped></skipped>
      </testcase>
      <testcase name="[sig-storage] In-tree Volumes [Driver: cinder] [Testpattern: Dynamic PV (filesystem volmode)] multiVolume [Slow] should concurrently access the single volume from pods on different node" classname="Kubernetes e2e suite" time="0">
          <skipped></skipped>
      </testcase>
      <testcase name="[sig-storage] In-tree Volumes [Driver: local][LocalVolumeType: tmpfs] [Testpattern: Dynamic PV (ntfs)][sig-windows] subPath should verify container cannot write to subpath readonly volumes [Slow]" classname="Kubernetes e2e suite" time="0">
          <skipped></skipped>
      </testcase>
      <testcase name="[sig-storage] In-tree Volumes [Driver: iscsi][Feature:Volumes] [Testpattern: Pre-provisioned PV (block volmode)] multiVolume [Slow] should concurrently access the single volume from pods on the same node" classname="Kubernetes e2e suite" time="0">
          <skipped></skipped>
      </testcase>
      <testcase name="[sig-storage] CSI Volumes [Driver: pd.csi.storage.gke.io][Serial] [Testpattern: Inline-volume (default fs)] subPath should unmount if pod is force deleted while kubelet is down [Disruptive][Slow][LinuxOnly]" classname="Kubernetes e2e suite" time="0">
          <skipped></skipped>
      </testcase>
      <testcase name="[sig-network] Services should only allow access from service loadbalancer source ranges [Slow]" classname="Kubernetes e2e suite" time="0">
          <skipped></skipped>
      </testcase>
      <testcase name="[sig-storage] In-tree Volumes [Driver: local][LocalVolumeType: dir-link] [Testpattern: Pre-provisioned PV (default fs)] subPath should support restarting containers using directory as subpath [Slow]" classname="Kubernetes e2e suite" time="0">
          <skipped></skipped>
      </testcase>
      <testcase name="[sig-storage] In-tree Volumes [Driver: cinder] [Testpattern: Pre-provisioned PV (default fs)] subPath should verify container cannot write to subpath readonly volumes [Slow]" classname="Kubernetes e2e suite" time="0">
          <skipped></skipped>
      </testcase>
      <testcase name="[sig-storage] CSI Volumes [Driver: pd.csi.storage.gke.io][Serial] [Testpattern: Inline-volume (xfs)][Slow] volumes should store data" classname="Kubernetes e2e suite" time="0">
          <skipped></skipped>
      </testcase>
      <testcase name="[sig-storage] In-tree Volumes [Driver: vSphere] [Testpattern: Dynamic PV (ntfs)][sig-windows] subPath should support restarting containers using directory as subpath [Slow]" classname="Kubernetes e2e suite" time="0">
          <skipped></skipped>
      </testcase>
      <testcase name="[sig-storage] In-tree Volumes [Driver: cinder] [Testpattern: Dynamic PV (default fs)] subPath should support existing directory" classname="Kubernetes e2e suite" time="0">
          <skipped></skipped>
      </testcase>
      <testcase name="[sig-storage] In-tree Volumes [Driver: emptydir] [Testpattern: Pre-provisioned PV (block volmode)] multiVolume [Slow] should access to two volumes with different volume mode and retain data across pod recreation on the same node" classname="Kubernetes e2e suite" time="0">
          <skipped></skipped>
      </testcase>
      <testcase name="[sig-storage] In-tree Volumes [Driver: local][LocalVolumeType: tmpfs] [Testpattern: Dynamic PV (default fs)] subPath should support creating multiple subpath from same volumes [Slow]" classname="Kubernetes e2e suite" time="0">
          <skipped></skipped>
      </testcase>
      <testcase name="[sig-storage] In-tree Volumes [Driver: cinder] [Testpattern: Dynamic PV (default fs)] provisioning should provision storage with pvc data source" classname="Kubernetes e2e suite" time="0">
          <skipped></skipped>
      </testcase>
      <testcase name="[sig-storage] CSI Volumes [Driver: pd.csi.storage.gke.io][Serial] [Testpattern: Dynamic PV (default fs)] subPath should verify container cannot write to subpath readonly volumes [Slow]" classname="Kubernetes e2e suite" time="0">
          <skipped></skipped>
      </testcase>
      <testcase name="[sig-windows] [Feature:Windows] SecurityContext RunAsUserName should be able create pods and run containers with a given username" classname="Kubernetes e2e suite" time="0">
          <skipped></skipped>
      </testcase>
      <testcase name="[sig-storage] In-tree Volumes [Driver: ceph][Feature:Volumes] [Testpattern: Inline-volume (xfs)][Slow] volumes should store data" classname="Kubernetes e2e suite" time="0">
          <skipped></skipped>
      </testcase>
      <testcase name="[sig-cluster-lifecycle] Reboot [Disruptive] [Feature:Reboot] each node by triggering kernel panic and ensure they function upon restart" classname="Kubernetes e2e suite" time="0">
          <skipped></skipped>
      </testcase>
      <testcase name="[sig-storage] In-tree Volumes [Driver: aws] [Testpattern: Dynamic PV (default fs)] subPath should support existing single file [LinuxOnly]" classname="Kubernetes e2e suite" time="0">
          <skipped></skipped>
      </testcase>
      <testcase name="[sig-storage] In-tree Volumes [Driver: emptydir] [Testpattern: Pre-provisioned PV (default fs)] subPath should support existing directories when readOnly specified in the volumeSource" classname="Kubernetes e2e suite" time="0">
          <skipped></skipped>
      </testcase>
      <testcase name="[sig-storage] In-tree Volumes [Driver: rbd][Feature:Volumes] [Testpattern: Dynamic PV (ntfs)][sig-windows] subPath should unmount if pod is force deleted while kubelet is down [Disruptive][Slow][LinuxOnly]" classname="Kubernetes e2e suite" time="0">
          <skipped></skipped>
      </testcase>
      <testcase name="[sig-storage] In-tree Volumes [Driver: emptydir] [Testpattern: Dynamic PV (default fs)] subPath should unmount if pod is gracefully deleted while kubelet is down [Disruptive][Slow][LinuxOnly]" classname="Kubernetes e2e suite" time="0">
          <skipped></skipped>
      </testcase>
      <testcase name="[sig-windows] Hybrid cluster network for all supported CNIs should have stable networking for Linux and Windows pods" classname="Kubernetes e2e suite" time="0">
          <skipped></skipped>
      </testcase>
      <testcase name="[sig-storage] In-tree Volumes [Driver: local][LocalVolumeType: block] [Testpattern: Dynamic PV (ntfs)][sig-windows] provisioning should provision storage with pvc data source" classname="Kubernetes e2e suite" time="0">
          <skipped></skipped>
      </testcase>
      <testcase name="[sig-storage] In-tree Volumes [Driver: ceph][Feature:Volumes] [Testpattern: Dynamic PV (block volmode)] volumeMode should fail to use a volume in a pod with mismatched mode [Slow]" classname="Kubernetes e2e suite" time="0">
          <skipped></skipped>
      </testcase>
      <testcase name="[sig-storage] Volume Provisioning On Clustered Datastore [Feature:vsphere] verify dynamic provision with default parameter on clustered datastore" classname="Kubernetes e2e suite" time="0">
          <skipped></skipped>
      </testcase>
      <testcase name="[sig-storage] Projected downwardAPI should provide node allocatable (cpu) as default cpu limit if the limit is not set [NodeConformance] [Conformance]" classname="Kubernetes e2e suite" time="20.248310661"></testcase>
      <testcase name="[sig-storage] In-tree Volumes [Driver: iscsi][Feature:Volumes] [Testpattern: Dynamic PV (block volmode)] multiVolume [Slow] should access to two volumes with different volume mode and retain data across pod recreation on different node" classname="Kubernetes e2e suite" time="0">
          <skipped></skipped>
      </testcase>
      <testcase name="[sig-network] Services should serve multiport endpoints from pods  [Conformance]" classname="Kubernetes e2e suite" time="34.813122598"></testcase>
      <testcase name="[sig-network] [sig-windows] Networking Granular Checks: Pods should function for node-pod communication: http" classname="Kubernetes e2e suite" time="0">
          <skipped></skipped>
      </testcase>
      <testcase name="[sig-storage] In-tree Volumes [Driver: nfs] [Testpattern: Dynamic PV (block volmode)] multiVolume [Slow] should concurrently access the single volume from pods on the same node" classname="Kubernetes e2e suite" time="0">
          <skipped></skipped>
      </testcase>
      <testcase name="[sig-storage] CSI Volumes [Driver: pd.csi.storage.gke.io][Serial] [Testpattern: Pre-provisioned PV (default fs)] subPath should fail if subpath with backstepping is outside the volume [Slow]" classname="Kubernetes e2e suite" time="0">
          <skipped></skipped>
      </testcase>
      <testcase name="[sig-storage] In-tree Volumes [Driver: vSphere] [Testpattern: Pre-provisioned PV (default fs)] subPath should support restarting containers using file as subpath [Slow][LinuxOnly]" classname="Kubernetes e2e suite" time="0">
          <skipped></skipped>
      </testcase>
      <testcase name="[sig-storage] In-tree Volumes [Driver: hostPathSymlink] [Testpattern: Dynamic PV (block volmode)] volume-expand should not allow expansion of pvcs without AllowVolumeExpansion property" classname="Kubernetes e2e suite" time="0">
          <skipped></skipped>
      </testcase>
      <testcase name="[sig-storage] In-tree Volumes [Driver: local][LocalVolumeType: dir-link-bindmounted] [Testpattern: Pre-provisioned PV (block volmode)] volumes should store data" classname="Kubernetes e2e suite" time="0">
          <skipped></skipped>
      </testcase>
      <testcase name="[sig-storage] In-tree Volumes [Driver: nfs] [Testpattern: Pre-provisioned PV (default fs)] subPath should support file as subpath [LinuxOnly]" classname="Kubernetes e2e suite" time="0">
          <skipped></skipped>
      </testcase>
      <testcase name="[sig-storage] In-tree Volumes [Driver: emptydir] [Testpattern: Dynamic PV (filesystem volmode)] volumeLimits should support volume limits [Slow][Serial]" classname="Kubernetes e2e suite" time="0">
          <skipped></skipped>
      </testcase>
      <testcase name="[sig-storage] In-tree Volumes [Driver: gcepd] [Testpattern: Pre-provisioned PV (default fs)] subPath should support existing directory" classname="Kubernetes e2e suite" time="0">
          <skipped></skipped>
      </testcase>
      <testcase name="[sig-storage] In-tree Volumes [Driver: local][LocalVolumeType: gce-localssd-scsi-fs] [Serial] [Testpattern: Dynamic PV (block volmode)] volumes should store data" classname="Kubernetes e2e suite" time="0">
          <skipped></skipped>
      </testcase>
      <testcase name="[sig-storage] [Serial] Volume metrics should create metrics for total time taken in volume operations in P/V Controller" classname="Kubernetes e2e suite" time="0">
          <skipped></skipped>
      </testcase>
      <testcase name="[sig-storage] In-tree Volumes [Driver: local][LocalVolumeType: dir-link] [Testpattern: Dynamic PV (filesystem volmode)] multiVolume [Slow] should access to two volumes with the same volume mode and retain data across pod recreation on different node" classname="Kubernetes e2e suite" time="0">
          <skipped></skipped>
      </testcase>
      <testcase name="[sig-storage] In-tree Volumes [Driver: local][LocalVolumeType: blockfs] [Testpattern: Inline-volume (default fs)] volumes should store data" classname="Kubernetes e2e suite" time="0">
          <skipped></skipped>
      </testcase>
      <testcase name="[sig-storage] In-tree Volumes [Driver: local][LocalVolumeType: gce-localssd-scsi-fs] [Serial] [Testpattern: Dynamic PV (default fs)] subPath should fail if subpath file is outside the volume [Slow][LinuxOnly]" classname="Kubernetes e2e suite" time="0">
          <skipped></skipped>
      </testcase>
      <testcase name="[sig-storage] Storage Policy Based Volume Provisioning [Feature:vsphere] verify clean up of stale dummy VM for dynamically provisioned pvc using SPBM policy" classname="Kubernetes e2e suite" time="0">
          <skipped></skipped>
      </testcase>
      <testcase name="[sig-storage] In-tree Volumes [Driver: local][LocalVolumeType: dir-link] [Testpattern: Inline-volume (default fs)] disruptive[Disruptive] Should test that pv written before kubelet restart is readable after restart." classname="Kubernetes e2e suite" time="0">
          <skipped></skipped>
      </testcase>
      <testcase name="[sig-storage] In-tree Volumes [Driver: local][LocalVolumeType: dir-bindmounted] [Testpattern: Dynamic PV (filesystem volmode)] multiVolume [Slow] should access to two volumes with different volume mode and retain data across pod recreation on the same node" classname="Kubernetes e2e suite" time="0">
          <skipped></skipped>
      </testcase>
      <testcase name="[sig-storage] In-tree Volumes [Driver: local][LocalVolumeType: dir-bindmounted] [Testpattern: Dynamic PV (block volmode)] volumeMode should fail in binding dynamic provisioned PV to PVC [Slow]" classname="Kubernetes e2e suite" time="0">
          <skipped></skipped>
      </testcase>
      <testcase name="[k8s.io] Container Runtime blackbox test when running a container with a new image should be able to pull image from docker hub [NodeConformance]" classname="Kubernetes e2e suite" time="0">
          <skipped></skipped>
      </testcase>
      <testcase name="[sig-storage] In-tree Volumes [Driver: local][LocalVolumeType: block] [Testpattern: Inline-volume (default fs)] subPath should support restarting containers using file as subpath [Slow][LinuxOnly]" classname="Kubernetes e2e suite" time="0">
          <skipped></skipped>
      </testcase>
      <testcase name="[sig-storage] EmptyDir volumes should support (root,0777,tmpfs) [LinuxOnly] [NodeConformance] [Conformance]" classname="Kubernetes e2e suite" time="19.733420878"></testcase>
      <testcase name="[sig-storage] In-tree Volumes [Driver: local][LocalVolumeType: blockfs] [Testpattern: Pre-provisioned PV (filesystem volmode)] multiVolume [Slow] should concurrently access the single volume from pods on the same node" classname="Kubernetes e2e suite" time="0">
          <skipped></skipped>
      </testcase>
      <testcase name="[sig-storage] In-tree Volumes [Driver: local][LocalVolumeType: block] [Testpattern: Dynamic PV (block volmode)] multiVolume [Slow] should access to two volumes with different volume mode and retain data across pod recreation on different node" classname="Kubernetes e2e suite" time="0">
          <skipped></skipped>
      </testcase>
      <testcase name="[sig-auth] [Feature:NodeAuthorizer] Getting an existing secret should exit with the Forbidden error" classname="Kubernetes e2e suite" time="0">
          <skipped></skipped>
      </testcase>
      <testcase name="[sig-scalability] Density [Feature:ManualPerformance] should allow starting 100 pods per node using ReplicationController with 0 secrets, 0 configmaps, 0 token projections, and 0 daemons" classname="Kubernetes e2e suite" time="0">
          <skipped></skipped>
      </testcase>
      <testcase name="[sig-storage] In-tree Volumes [Driver: local][LocalVolumeType: tmpfs] [Testpattern: Dynamic PV (ntfs)][sig-windows] subPath should unmount if pod is force deleted while kubelet is down [Disruptive][Slow][LinuxOnly]" classname="Kubernetes e2e suite" time="0">
          <skipped></skipped>
      </testcase>
      <testcase name="[sig-scalability] Load capacity [Feature:ManualPerformance] should be able to handle 30 pods per node Deployment.extensions with 0 secrets, 2 configmaps and 0 daemons" classname="Kubernetes e2e suite" time="0">
          <skipped></skipped>
      </testcase>
      <testcase name="[sig-storage] In-tree Volumes [Driver: vSphere] [Testpattern: Dynamic PV (block volmode)] multiVolume [Slow] should concurrently access the single volume from pods on different node" classname="Kubernetes e2e suite" time="0">
          <skipped></skipped>
      </testcase>
      <testcase name="[sig-storage] In-tree Volumes [Driver: emptydir] [Testpattern: Dynamic PV (default fs)] volumes should allow exec of files on the volume" classname="Kubernetes e2e suite" time="0">
          <skipped></skipped>
      </testcase>
      <testcase name="[sig-storage] CSI Volumes [Driver: pd.csi.storage.gke.io][Serial] [Testpattern: Pre-provisioned PV (default fs)] subPath should unmount if pod is force deleted while kubelet is down [Disruptive][Slow][LinuxOnly]" classname="Kubernetes e2e suite" time="0">
          <skipped></skipped>
      </testcase>
      <testcase name="[sig-storage] PersistentVolumes-local  [Volume type: block] Set fsGroup for local volume should set different fsGroup for second pod if first pod is deleted" classname="Kubernetes e2e suite" time="0">
          <skipped></skipped>
      </testcase>
      <testcase name="[sig-storage] In-tree Volumes [Driver: gcepd] [Testpattern: Inline-volume (default fs)] subPath should be able to unmount after the subpath directory is deleted" classname="Kubernetes e2e suite" time="0">
          <skipped></skipped>
      </testcase>
      <testcase name="[sig-storage] In-tree Volumes [Driver: vSphere] [Testpattern: Dynamic PV (ntfs)][sig-windows] subPath should support creating multiple subpath from same volumes [Slow]" classname="Kubernetes e2e suite" time="0">
          <skipped></skipped>
      </testcase>
      <testcase name="[sig-storage] In-tree Volumes [Driver: emptydir] [Testpattern: Inline-volume (default fs)] volumeIO should write files of various sizes, verify size, validate content [Slow]" classname="Kubernetes e2e suite" time="0">
          <skipped></skipped>
      </testcase>
      <testcase name="[sig-instrumentation] Stackdriver Monitoring should run Stackdriver Metadata Agent [Feature:StackdriverMetadataAgent]" classname="Kubernetes e2e suite" time="0">
          <skipped></skipped>
      </testcase>
      <testcase name="[sig-storage] PersistentVolumes-local  [Volume type: blockfswithformat] Two pods mounting a local volume one after the other should be able to write from pod1 and read from pod2" classname="Kubernetes e2e suite" time="0">
          <skipped></skipped>
      </testcase>
      <testcase name="[sig-storage] In-tree Volumes [Driver: local][LocalVolumeType: dir-link] [Testpattern: Pre-provisioned PV (default fs)] subPath should fail if subpath directory is outside the volume [Slow]" classname="Kubernetes e2e suite" time="0">
          <skipped></skipped>
      </testcase>
      <testcase name="[sig-storage] In-tree Volumes [Driver: local][LocalVolumeType: blockfs] [Testpattern: Dynamic PV (default fs)] subPath should support file as subpath [LinuxOnly]" classname="Kubernetes e2e suite" time="0">
          <skipped></skipped>
      </testcase>
      <testcase name="[sig-storage] In-tree Volumes [Driver: local][LocalVolumeType: dir-bindmounted] [Testpattern: Dynamic PV (default fs)] subPath should support file as subpath [LinuxOnly]" classname="Kubernetes e2e suite" time="0">
          <skipped></skipped>
      </testcase>
      <testcase name="[sig-storage] In-tree Volumes [Driver: vSphere] [Testpattern: Dynamic PV (filesystem volmode)] multiVolume [Slow] should access to two volumes with the same volume mode and retain data across pod recreation on different node" classname="Kubernetes e2e suite" time="0">
          <skipped></skipped>
      </testcase>
      <testcase name="[sig-storage] Volume Provisioning On Clustered Datastore [Feature:vsphere] verify dynamic provision with spbm policy on clustered datastore" classname="Kubernetes e2e suite" time="0">
          <skipped></skipped>
      </testcase>
      <testcase name="[sig-storage] In-tree Volumes [Driver: local][LocalVolumeType: tmpfs] [Testpattern: Dynamic PV (filesystem volmode)] volumeLimits should support volume limits [Slow][Serial]" classname="Kubernetes e2e suite" time="0">
          <skipped></skipped>
      </testcase>
      <testcase name="[sig-apps] DisruptionController evictions: maxUnavailable allow single eviction, percentage =&gt; should allow an eviction" classname="Kubernetes e2e suite" time="0">
          <skipped></skipped>
      </testcase>
      <testcase name="[sig-storage] In-tree Volumes [Driver: azure] [Testpattern: Dynamic PV (default fs)(allowExpansion)] volume-expand should resize volume when PVC is edited while pod is using it" classname="Kubernetes e2e suite" time="0">
          <skipped></skipped>
      </testcase>
      <testcase name="[sig-storage] In-tree Volumes [Driver: local][LocalVolumeType: gce-localssd-scsi-fs] [Serial] [Testpattern: Dynamic PV (filesystem volmode)] multiVolume [Slow] should access to two volumes with different volume mode and retain data across pod recreation on different node" classname="Kubernetes e2e suite" time="0">
          <skipped></skipped>
      </testcase>
      <testcase name="[sig-cluster-lifecycle] kube-proxy migration [Feature:KubeProxyDaemonSetMigration] Downgrade kube-proxy from a DaemonSet to static pods should maintain a functioning cluster [Feature:KubeProxyDaemonSetDowngrade]" classname="Kubernetes e2e suite" time="0">
          <skipped></skipped>
      </testcase>
      <testcase name="[sig-storage] In-tree Volumes [Driver: local][LocalVolumeType: dir-link] [Testpattern: Inline-volume (default fs)] subPath should unmount if pod is gracefully deleted while kubelet is down [Disruptive][Slow][LinuxOnly]" classname="Kubernetes e2e suite" time="0">
          <skipped></skipped>
      </testcase>
      <testcase name="[sig-storage] In-tree Volumes [Driver: gluster] [Testpattern: Pre-provisioned PV (filesystem volmode)] multiVolume [Slow] should access to two volumes with different volume mode and retain data across pod recreation on different node" classname="Kubernetes e2e suite" time="0">
          <skipped></skipped>
      </testcase>
      <testcase name="[sig-storage] In-tree Volumes [Driver: vSphere] [Testpattern: Pre-provisioned PV (default fs)] subPath should be able to unmount after the subpath directory is deleted" classname="Kubernetes e2e suite" time="0">
          <skipped></skipped>
      </testcase>
      <testcase name="[sig-storage] In-tree Volumes [Driver: gcepd] [Testpattern: Dynamic PV (block volmode)] multiVolume [Slow] should access to two volumes with the same volume mode and retain data across pod recreation on the same node" classname="Kubernetes e2e suite" time="0">
          <skipped></skipped>
      </testcase>
      <testcase name="[sig-network] Services should be able to create an internal type load balancer [Slow] [DisabledForLargeClusters]" classname="Kubernetes e2e suite" time="0">
          <skipped></skipped>
      </testcase>
      <testcase name="[sig-service-catalog] [Feature:PodPreset] PodPreset should create a pod preset" classname="Kubernetes e2e suite" time="0">
          <skipped></skipped>
      </testcase>
      <testcase name="[sig-storage] EmptyDir volumes should support (root,0666,default) [LinuxOnly] [NodeConformance] [Conformance]" classname="Kubernetes e2e suite" time="17.746938094"></testcase>
      <testcase name="[sig-storage] In-tree Volumes [Driver: local][LocalVolumeType: blockfs] [Testpattern: Dynamic PV (ntfs)][sig-windows] subPath should support existing single file [LinuxOnly]" classname="Kubernetes e2e suite" time="0">
          <skipped></skipped>
      </testcase>
      <testcase name="[sig-storage] In-tree Volumes [Driver: hostPath] [Testpattern: Pre-provisioned PV (xfs)][Slow] volumes should allow exec of files on the volume" classname="Kubernetes e2e suite" time="0">
          <skipped></skipped>
      </testcase>
      <testcase name="[sig-storage] Pod Disks schedule a pod w/ RW PD(s) mounted to 1 or more containers, write to PD, verify content, delete pod, and repeat in rapid succession [Slow] using 1 containers and 2 PDs" classname="Kubernetes e2e suite" time="0">
          <skipped></skipped>
      </testcase>
      <testcase name="[sig-storage] In-tree Volumes [Driver: local][LocalVolumeType: dir-link] [Testpattern: Pre-provisioned PV (default fs)] subPath should support readOnly file specified in the volumeMount [LinuxOnly]" classname="Kubernetes e2e suite" time="0">
          <skipped></skipped>
      </testcase>
      <testcase name="[sig-apps] StatefulSet [k8s.io] Basic StatefulSet functionality [StatefulSetBasic] should implement legacy replacement when the update strategy is OnDelete" classname="Kubernetes e2e suite" time="0">
          <skipped></skipped>
      </testcase>
      <testcase name="[sig-storage] In-tree Volumes [Driver: azure] [Testpattern: Pre-provisioned PV (block volmode)] multiVolume [Slow] should access to two volumes with different volume mode and retain data across pod recreation on different node" classname="Kubernetes e2e suite" time="0">
          <skipped></skipped>
      </testcase>
      <testcase name="[sig-storage] In-tree Volumes [Driver: hostPath] [Testpattern: Pre-provisioned PV (default fs)] subPath should support non-existent path" classname="Kubernetes e2e suite" time="0">
          <skipped></skipped>
      </testcase>
      <testcase name="[sig-storage] In-tree Volumes [Driver: rbd][Feature:Volumes] [Testpattern: Pre-provisioned PV (default fs)] subPath should fail if subpath file is outside the volume [Slow][LinuxOnly]" classname="Kubernetes e2e suite" time="0">
          <skipped></skipped>
      </testcase>
      <testcase name="[sig-storage] In-tree Volumes [Driver: local][LocalVolumeType: block] [Testpattern: Inline-volume (xfs)][Slow] volumes should allow exec of files on the volume" classname="Kubernetes e2e suite" time="0">
          <skipped></skipped>
      </testcase>
      <testcase name="[sig-storage] In-tree Volumes [Driver: local][LocalVolumeType: tmpfs] [Testpattern: Dynamic PV (default fs)] subPath should support readOnly file specified in the volumeMount [LinuxOnly]" classname="Kubernetes e2e suite" time="0">
          <skipped></skipped>
      </testcase>
      <testcase name="[sig-storage] In-tree Volumes [Driver: aws] [Testpattern: Dynamic PV (default fs)] volume-expand should not allow expansion of pvcs without AllowVolumeExpansion property" classname="Kubernetes e2e suite" time="0">
          <skipped></skipped>
      </testcase>
      <testcase name="[sig-storage] CSI Volumes [Driver: csi-hostpath] [Testpattern: Inline-volume (ntfs)][sig-windows] volumes should allow exec of files on the volume" classname="Kubernetes e2e suite" time="0">
          <skipped></skipped>
      </testcase>
      <testcase name="[sig-storage] In-tree Volumes [Driver: local][LocalVolumeType: dir] [Testpattern: Dynamic PV (filesystem volmode)] multiVolume [Slow] should access to two volumes with the same volume mode and retain data across pod recreation on different node" classname="Kubernetes e2e suite" time="0">
          <skipped></skipped>
      </testcase>
      <testcase name="[sig-storage] In-tree Volumes [Driver: nfs] [Testpattern: Dynamic PV (default fs)] subPath should support creating multiple subpath from same volumes [Slow]" classname="Kubernetes e2e suite" time="0">
          <skipped></skipped>
      </testcase>
      <testcase name="[sig-storage] In-tree Volumes [Driver: emptydir] [Testpattern: Inline-volume (ext3)] volumes should allow exec of files on the volume" classname="Kubernetes e2e suite" time="0">
          <skipped></skipped>
      </testcase>
      <testcase name="[sig-storage] In-tree Volumes [Driver: aws] [Testpattern: Dynamic PV (ext3)] volumes should store data" classname="Kubernetes e2e suite" time="0">
          <skipped></skipped>
      </testcase>
      <testcase name="[sig-storage] CSI Volumes [Driver: csi-hostpath] [Testpattern: Dynamic PV (default fs)] subPath should unmount if pod is gracefully deleted while kubelet is down [Disruptive][Slow][LinuxOnly]" classname="Kubernetes e2e suite" time="0">
          <skipped></skipped>
      </testcase>
      <testcase name="[sig-storage] In-tree Volumes [Driver: iscsi][Feature:Volumes] [Testpattern: Dynamic PV (filesystem volmode)] multiVolume [Slow] should access to two volumes with the same volume mode and retain data across pod recreation on the same node" classname="Kubernetes e2e suite" time="0">
          <skipped></skipped>
      </testcase>
      <testcase name="[sig-storage] In-tree Volumes [Driver: local][LocalVolumeType: gce-localssd-scsi-fs] [Serial] [Testpattern: Pre-provisioned PV (ntfs)][sig-windows] volumes should allow exec of files on the volume" classname="Kubernetes e2e suite" time="0">
          <skipped></skipped>
      </testcase>
      <testcase name="[sig-storage] In-tree Volumes [Driver: nfs] [Testpattern: Dynamic PV (block volmode)] multiVolume [Slow] should access to two volumes with the same volume mode and retain data across pod recreation on different node" classname="Kubernetes e2e suite" time="0">
          <skipped></skipped>
      </testcase>
      <testcase name="[sig-storage] In-tree Volumes [Driver: local][LocalVolumeType: gce-localssd-scsi-fs] [Serial] [Testpattern: Dynamic PV (ntfs)][sig-windows] subPath should be able to unmount after the subpath directory is deleted" classname="Kubernetes e2e suite" time="0">
          <skipped></skipped>
      </testcase>
      <testcase name="[sig-network] [Feature:IPv6DualStackAlphaFeature] [LinuxOnly] should be able to reach pod on ipv4 and ipv6 ip [Feature:IPv6DualStackAlphaFeature:Phase2]" classname="Kubernetes e2e suite" time="0">
          <skipped></skipped>
      </testcase>
      <testcase name="[sig-storage] Projected downwardAPI should provide podname as non-root with fsgroup and defaultMode [LinuxOnly] [NodeFeature:FSGroup]" classname="Kubernetes e2e suite" time="0">
          <skipped></skipped>
      </testcase>
      <testcase name="[sig-storage] In-tree Volumes [Driver: hostPath] [Testpattern: Dynamic PV (default fs)] subPath should support non-existent path" classname="Kubernetes e2e suite" time="0">
          <skipped></skipped>
      </testcase>
      <testcase name="[sig-node] Downward API should provide container&#39;s limits.cpu/memory and requests.cpu/memory as env vars [NodeConformance] [Conformance]" classname="Kubernetes e2e suite" time="19.772067743"></testcase>
      <testcase name="[sig-storage] In-tree Volumes [Driver: gcepd] [Testpattern: Dynamic PV (default fs)] subPath should fail if subpath directory is outside the volume [Slow]" classname="Kubernetes e2e suite" time="0">
          <skipped></skipped>
      </testcase>
      <testcase name="[sig-storage] In-tree Volumes [Driver: iscsi][Feature:Volumes] [Testpattern: Pre-provisioned PV (xfs)][Slow] volumes should store data" classname="Kubernetes e2e suite" time="0">
          <skipped></skipped>
      </testcase>
      <testcase name="[sig-storage] In-tree Volumes [Driver: aws] [Testpattern: Pre-provisioned PV (ntfs)][sig-windows] volumes should store data" classname="Kubernetes e2e suite" time="0">
          <skipped></skipped>
      </testcase>
      <testcase name="[sig-storage] In-tree Volumes [Driver: vSphere] [Testpattern: Pre-provisioned PV (default fs)] volumes should allow exec of files on the volume" classname="Kubernetes e2e suite" time="0">
          <skipped></skipped>
      </testcase>
      <testcase name="[sig-storage] In-tree Volumes [Driver: hostPathSymlink] [Testpattern: Dynamic PV (ntfs)][sig-windows] subPath should support restarting containers using file as subpath [Slow][LinuxOnly]" classname="Kubernetes e2e suite" time="0">
          <skipped></skipped>
      </testcase>
      <testcase name="[sig-storage] In-tree Volumes [Driver: local][LocalVolumeType: blockfs] [Testpattern: Inline-volume (ntfs)][sig-windows] volumes should allow exec of files on the volume" classname="Kubernetes e2e suite" time="0">
          <skipped></skipped>
      </testcase>
      <testcase name="[sig-storage] In-tree Volumes [Driver: local][LocalVolumeType: dir] [Testpattern: Dynamic PV (filesystem volmode)] multiVolume [Slow] should concurrently access the single volume from pods on the same node" classname="Kubernetes e2e suite" time="0">
          <skipped></skipped>
      </testcase>
      <testcase name="[sig-storage] In-tree Volumes [Driver: nfs] [Testpattern: Dynamic PV (block volmode)] volumeMode should fail to use a volume in a pod with mismatched mode [Slow]" classname="Kubernetes e2e suite" time="0">
          <skipped></skipped>
      </testcase>
      <testcase name="[sig-storage] CSI Volumes [Driver: pd.csi.storage.gke.io][Serial] [Testpattern: Pre-provisioned PV (default fs)] subPath should support restarting containers using file as subpath [Slow][LinuxOnly]" classname="Kubernetes e2e suite" time="0">
          <skipped></skipped>
      </testcase>
      <testcase name="[sig-storage] CSI Volumes [Driver: csi-hostpath] [Testpattern: Pre-provisioned PV (filesystem volmode)] multiVolume [Slow] should access to two volumes with the same volume mode and retain data across pod recreation on the same node" classname="Kubernetes e2e suite" time="0">
          <skipped></skipped>
      </testcase>
      <testcase name="[sig-storage] In-tree Volumes [Driver: local][LocalVolumeType: dir-link-bindmounted] [Testpattern: Dynamic PV (block volmode)] multiVolume [Slow] should access to two volumes with different volume mode and retain data across pod recreation on the same node" classname="Kubernetes e2e suite" time="0">
          <skipped></skipped>
      </testcase>
      <testcase name="[sig-storage] In-tree Volumes [Driver: local][LocalVolumeType: dir-bindmounted] [Testpattern: Pre-provisioned PV (filesystem volmode)] multiVolume [Slow] should access to two volumes with the same volume mode and retain data across pod recreation on the same node" classname="Kubernetes e2e suite" time="0">
          <skipped></skipped>
      </testcase>
      <testcase name="[sig-storage] In-tree Volumes [Driver: local][LocalVolumeType: dir-bindmounted] [Testpattern: Pre-provisioned PV (block volmode)] volumeMode should fail to use a volume in a pod with mismatched mode [Slow]" classname="Kubernetes e2e suite" time="0">
          <skipped></skipped>
      </testcase>
      <testcase name="[sig-network] Services should be able to switch session affinity for LoadBalancer service with ESIPP off [Slow] [DisabledForLargeClusters]" classname="Kubernetes e2e suite" time="0">
          <skipped></skipped>
      </testcase>
      <testcase name="[sig-storage] PersistentVolumes NFS with Single PV - PVC pairs should create a non-pre-bound PV and PVC: test write access " classname="Kubernetes e2e suite" time="0">
          <skipped></skipped>
      </testcase>
      <testcase name="[sig-storage] In-tree Volumes [Driver: local][LocalVolumeType: dir] [Testpattern: Inline-volume (ext4)] volumes should allow exec of files on the volume" classname="Kubernetes e2e suite" time="0">
          <skipped></skipped>
      </testcase>
      <testcase name="[sig-storage] In-tree Volumes [Driver: local][LocalVolumeType: tmpfs] [Testpattern: Pre-provisioned PV (ntfs)][sig-windows] volumes should allow exec of files on the volume" classname="Kubernetes e2e suite" time="0">
          <skipped></skipped>
      </testcase>
      <testcase name="[sig-storage] In-tree Volumes [Driver: local][LocalVolumeType: block] [Testpattern: Dynamic PV (ntfs)][sig-windows] subPath should verify container cannot write to subpath readonly volumes [Slow]" classname="Kubernetes e2e suite" time="0">
          <skipped></skipped>
      </testcase>
      <testcase name="[sig-storage] In-tree Volumes [Driver: local][LocalVolumeType: dir-link] [Testpattern: Inline-volume (xfs)][Slow] volumes should store data" classname="Kubernetes e2e suite" time="0">
          <skipped></skipped>
      </testcase>
      <testcase name="[sig-storage] In-tree Volumes [Driver: gluster] [Testpattern: Dynamic PV (ext3)] volumes should allow exec of files on the volume" classname="Kubernetes e2e suite" time="0">
          <skipped></skipped>
      </testcase>
      <testcase name="[sig-storage] In-tree Volumes [Driver: local][LocalVolumeType: dir] [Testpattern: Dynamic PV (default fs)] volumes should allow exec of files on the volume" classname="Kubernetes e2e suite" time="0">
          <skipped></skipped>
      </testcase>
      <testcase name="[sig-storage] CSI Volumes [Driver: csi-hostpath-v0] [Testpattern: Pre-provisioned PV (filesystem volmode)] disruptive[Disruptive] Should test that pv written before kubelet restart is readable after restart." classname="Kubernetes e2e suite" time="0">
          <skipped></skipped>
      </testcase>
      <testcase name="[sig-storage] In-tree Volumes [Driver: nfs] [Testpattern: Pre-provisioned PV (default fs)] subPath should verify container cannot write to subpath readonly volumes [Slow]" classname="Kubernetes e2e suite" time="0">
          <skipped></skipped>
      </testcase>
      <testcase name="[sig-storage] In-tree Volumes [Driver: rbd][Feature:Volumes] [Testpattern: Dynamic PV (default fs)(allowExpansion)] volume-expand should resize volume when PVC is edited while pod is using it" classname="Kubernetes e2e suite" time="0">
          <skipped></skipped>
      </testcase>
      <testcase name="[sig-storage] In-tree Volumes [Driver: emptydir] [Testpattern: Pre-provisioned PV (xfs)][Slow] volumes should allow exec of files on the volume" classname="Kubernetes e2e suite" time="0">
          <skipped></skipped>
      </testcase>
      <testcase name="[sig-storage] In-tree Volumes [Driver: local][LocalVolumeType: dir-link] [Testpattern: Inline-volume (default fs)] subPath should fail if non-existent subpath is outside the volume [Slow][LinuxOnly]" classname="Kubernetes e2e suite" time="0">
          <skipped></skipped>
      </testcase>
      <testcase name="[sig-storage] In-tree Volumes [Driver: local][LocalVolumeType: dir-link-bindmounted] [Testpattern: Pre-provisioned PV (filesystem volmode)] multiVolume [Slow] should access to two volumes with different volume mode and retain data across pod recreation on different node" classname="Kubernetes e2e suite" time="0">
          <skipped></skipped>
      </testcase>
      <testcase name="[sig-storage] In-tree Volumes [Driver: aws] [Testpattern: Inline-volume (xfs)][Slow] volumes should allow exec of files on the volume" classname="Kubernetes e2e suite" time="0">
          <skipped></skipped>
      </testcase>
      <testcase name="[sig-storage] In-tree Volumes [Driver: hostPathSymlink] [Testpattern: Pre-provisioned PV (default fs)] subPath should support existing single file [LinuxOnly]" classname="Kubernetes e2e suite" time="0">
          <skipped></skipped>
      </testcase>
      <testcase name="[sig-storage] In-tree Volumes [Driver: gluster] [Testpattern: Dynamic PV (default fs)] subPath should support readOnly file specified in the volumeMount [LinuxOnly]" classname="Kubernetes e2e suite" time="0">
          <skipped></skipped>
      </testcase>
      <testcase name="[sig-storage] PVC Protection Verify &#34;immediate&#34; deletion of a PVC that is not in active use by a pod" classname="Kubernetes e2e suite" time="0">
          <skipped></skipped>
      </testcase>
      <testcase name="[sig-storage] In-tree Volumes [Driver: local][LocalVolumeType: dir-link-bindmounted] [Testpattern: Dynamic PV (ntfs)][sig-windows] subPath should fail if subpath directory is outside the volume [Slow]" classname="Kubernetes e2e suite" time="0">
          <skipped></skipped>
      </testcase>
      <testcase name="[sig-storage] In-tree Volumes [Driver: local][LocalVolumeType: dir] [Testpattern: Inline-volume (xfs)][Slow] volumes should store data" classname="Kubernetes e2e suite" time="0">
          <skipped></skipped>
      </testcase>
      <testcase name="[sig-storage] In-tree Volumes [Driver: local][LocalVolumeType: dir-link] [Testpattern: Inline-volume (default fs)] volumes should store data" classname="Kubernetes e2e suite" time="0">
          <skipped></skipped>
      </testcase>
      <testcase name="[sig-storage] In-tree Volumes [Driver: local][LocalVolumeType: dir] [Testpattern: Dynamic PV (block volmode)] multiVolume [Slow] should access to two volumes with the same volume mode and retain data across pod recreation on the same node" classname="Kubernetes e2e suite" time="0">
          <skipped></skipped>
      </testcase>
      <testcase name="[sig-storage] In-tree Volumes [Driver: local][LocalVolumeType: dir-link-bindmounted] [Testpattern: Inline-volume (ntfs)][sig-windows] volumes should allow exec of files on the volume" classname="Kubernetes e2e suite" time="0">
          <skipped></skipped>
      </testcase>
      <testcase name="[sig-storage] In-tree Volumes [Driver: local][LocalVolumeType: block] [Testpattern: Inline-volume (default fs)] volumeIO should write files of various sizes, verify size, validate content [Slow]" classname="Kubernetes e2e suite" time="0">
          <skipped></skipped>
      </testcase>
      <testcase name="[sig-storage] In-tree Volumes [Driver: local][LocalVolumeType: blockfs] [Testpattern: Pre-provisioned PV (default fs)] subPath should support non-existent path" classname="Kubernetes e2e suite" time="0">
          <skipped></skipped>
      </testcase>
      <testcase name="[sig-storage] CSI Volumes [Driver: csi-hostpath-v0] [Testpattern: Dynamic PV (block volmode)] multiVolume [Slow] should concurrently access the single volume from pods on the same node" classname="Kubernetes e2e suite" time="0">
          <skipped></skipped>
      </testcase>
      <testcase name="[sig-storage] In-tree Volumes [Driver: hostPathSymlink] [Testpattern: Pre-provisioned PV (default fs)] volumeIO should write files of various sizes, verify size, validate content [Slow]" classname="Kubernetes e2e suite" time="0">
          <skipped></skipped>
      </testcase>
      <testcase name="[sig-storage] PersistentVolumes [Feature:LabelSelector] [sig-storage] Selector-Label Volume Binding:vsphere should bind volume with claim for given label" classname="Kubernetes e2e suite" time="0">
          <skipped></skipped>
      </testcase>
      <testcase name="[sig-storage] CSI Volumes [Driver: csi-hostpath-v0] [Testpattern: Pre-provisioned PV (default fs)] subPath should support restarting containers using file as subpath [Slow][LinuxOnly]" classname="Kubernetes e2e suite" time="0">
          <skipped></skipped>
      </testcase>
      <testcase name="[sig-storage] In-tree Volumes [Driver: hostPath] [Testpattern: Inline-volume (default fs)] subPath should support existing directory" classname="Kubernetes e2e suite" time="0">
          <skipped></skipped>
      </testcase>
      <testcase name="[sig-storage] In-tree Volumes [Driver: gcepd] [Testpattern: Pre-provisioned PV (default fs)] subPath should support file as subpath [LinuxOnly]" classname="Kubernetes e2e suite" time="0">
          <skipped></skipped>
      </testcase>
      <testcase name="[sig-cli] Kubectl client Kubectl run rc should create an rc from an image  [Conformance]" classname="Kubernetes e2e suite" time="22.747065212"></testcase>
      <testcase name="[sig-storage] In-tree Volumes [Driver: local][LocalVolumeType: dir-link-bindmounted] [Testpattern: Dynamic PV (ext3)] volumes should allow exec of files on the volume" classname="Kubernetes e2e suite" time="0">
          <skipped></skipped>
      </testcase>
      <testcase name="[sig-storage] In-tree Volumes [Driver: nfs] [Testpattern: Inline-volume (ntfs)][sig-windows] volumes should allow exec of files on the volume" classname="Kubernetes e2e suite" time="0">
          <skipped></skipped>
      </testcase>
      <testcase name="[sig-storage] In-tree Volumes [Driver: cinder] [Testpattern: Inline-volume (xfs)][Slow] volumes should allow exec of files on the volume" classname="Kubernetes e2e suite" time="0">
          <skipped></skipped>
      </testcase>
      <testcase name="[sig-storage] PersistentVolumes-local  [Volume type: blockfswithoutformat] Set fsGroup for local volume should set different fsGroup for second pod if first pod is deleted" classname="Kubernetes e2e suite" time="0">
          <skipped></skipped>
      </testcase>
      <testcase name="[k8s.io] [sig-node] Security Context should support pod.Spec.SecurityContext.RunAsUser And pod.Spec.SecurityContext.RunAsGroup [LinuxOnly]" classname="Kubernetes e2e suite" time="0">
          <skipped></skipped>
      </testcase>
      <testcase name="[sig-storage] In-tree Volumes [Driver: local][LocalVolumeType: tmpfs] [Testpattern: Inline-volume (ext3)] volumes should store data" classname="Kubernetes e2e suite" time="0">
          <skipped></skipped>
      </testcase>
      <testcase name="[sig-storage] In-tree Volumes [Driver: iscsi][Feature:Volumes] [Testpattern: Pre-provisioned PV (block volmode)] multiVolume [Slow] should access to two volumes with the same volume mode and retain data across pod recreation on different node" classname="Kubernetes e2e suite" time="0">
          <skipped></skipped>
      </testcase>
      <testcase name="[sig-storage] In-tree Volumes [Driver: nfs] [Testpattern: Inline-volume (default fs)] subPath should support restarting containers using directory as subpath [Slow]" classname="Kubernetes e2e suite" time="0">
          <skipped></skipped>
      </testcase>
      <testcase name="[sig-storage] In-tree Volumes [Driver: gluster] [Testpattern: Inline-volume (default fs)] subPath should support existing directories when readOnly specified in the volumeSource" classname="Kubernetes e2e suite" time="0">
          <skipped></skipped>
      </testcase>
      <testcase name="[sig-storage] In-tree Volumes [Driver: hostPathSymlink] [Testpattern: Dynamic PV (block volmode)(allowExpansion)] volume-expand Verify if offline PVC expansion works" classname="Kubernetes e2e suite" time="0">
          <skipped></skipped>
      </testcase>
      <testcase name="[sig-storage] In-tree Volumes [Driver: local][LocalVolumeType: gce-localssd-scsi-fs] [Serial] [Testpattern: Pre-provisioned PV (default fs)] subPath should support restarting containers using file as subpath [Slow][LinuxOnly]" classname="Kubernetes e2e suite" time="0">
          <skipped></skipped>
      </testcase>
      <testcase name="[sig-storage] In-tree Volumes [Driver: local][LocalVolumeType: dir-link-bindmounted] [Testpattern: Dynamic PV (default fs)] subPath should support existing single file [LinuxOnly]" classname="Kubernetes e2e suite" time="0">
          <skipped></skipped>
      </testcase>
      <testcase name="[sig-storage] In-tree Volumes [Driver: local][LocalVolumeType: dir-bindmounted] [Testpattern: Pre-provisioned PV (filesystem volmode)] multiVolume [Slow] should concurrently access the single volume from pods on different node" classname="Kubernetes e2e suite" time="0">
          <skipped></skipped>
      </testcase>
      <testcase name="[sig-storage] In-tree Volumes [Driver: local][LocalVolumeType: dir-link] [Testpattern: Dynamic PV (ntfs)][sig-windows] subPath should support existing single file [LinuxOnly]" classname="Kubernetes e2e suite" time="0">
          <skipped></skipped>
      </testcase>
      <testcase name="[sig-storage] In-tree Volumes [Driver: hostPath] [Testpattern: Dynamic PV (ntfs)][sig-windows] subPath should support non-existent path" classname="Kubernetes e2e suite" time="0">
          <skipped></skipped>
      </testcase>
      <testcase name="[sig-storage] In-tree Volumes [Driver: cinder] [Testpattern: Pre-provisioned PV (block volmode)] volumeMode should fail to use a volume in a pod with mismatched mode [Slow]" classname="Kubernetes e2e suite" time="0">
          <skipped></skipped>
      </testcase>
      <testcase name="[sig-storage] In-tree Volumes [Driver: local][LocalVolumeType: gce-localssd-scsi-fs] [Serial] [Testpattern: Dynamic PV (default fs)] provisioning should provision storage with pvc data source" classname="Kubernetes e2e suite" time="0">
          <skipped></skipped>
      </testcase>
      <testcase name="[sig-storage] In-tree Volumes [Driver: local][LocalVolumeType: dir-bindmounted] [Testpattern: Inline-volume (ntfs)][sig-windows] volumes should allow exec of files on the volume" classname="Kubernetes e2e suite" time="0">
          <skipped></skipped>
      </testcase>
      <testcase name="[sig-storage] In-tree Volumes [Driver: emptydir] [Testpattern: Pre-provisioned PV (ntfs)][sig-windows] volumes should allow exec of files on the volume" classname="Kubernetes e2e suite" time="0">
          <skipped></skipped>
      </testcase>
      <testcase name="[sig-storage] In-tree Volumes [Driver: local][LocalVolumeType: blockfs] [Testpattern: Pre-provisioned PV (block volmode)] volumeMode should fail to use a volume in a pod with mismatched mode [Slow]" classname="Kubernetes e2e suite" time="0">
          <skipped></skipped>
      </testcase>
      <testcase name="[sig-storage] In-tree Volumes [Driver: local][LocalVolumeType: tmpfs] [Testpattern: Inline-volume (default fs)] subPath should verify container cannot write to subpath readonly volumes [Slow]" classname="Kubernetes e2e suite" time="0">
          <skipped></skipped>
      </testcase>
      <testcase name="[sig-storage] In-tree Volumes [Driver: nfs] [Testpattern: Inline-volume (default fs)] subPath should fail if non-existent subpath is outside the volume [Slow][LinuxOnly]" classname="Kubernetes e2e suite" time="0">
          <skipped></skipped>
      </testcase>
      <testcase name="[sig-storage] In-tree Volumes [Driver: ceph][Feature:Volumes] [Testpattern: Pre-provisioned PV (default fs)] subPath should support file as subpath [LinuxOnly]" classname="Kubernetes e2e suite" time="0">
          <skipped></skipped>
      </testcase>
      <testcase name="[sig-storage] In-tree Volumes [Driver: local][LocalVolumeType: block] [Testpattern: Dynamic PV (default fs)] subPath should verify container cannot write to subpath readonly volumes [Slow]" classname="Kubernetes e2e suite" time="0">
          <skipped></skipped>
      </testcase>
      <testcase name="[sig-storage] In-tree Volumes [Driver: local][LocalVolumeType: dir-bindmounted] [Testpattern: Dynamic PV (default fs)] subPath should verify container cannot write to subpath readonly volumes [Slow]" classname="Kubernetes e2e suite" time="0">
          <skipped></skipped>
      </testcase>
      <testcase name="[sig-storage] In-tree Volumes [Driver: local][LocalVolumeType: dir-link-bindmounted] [Testpattern: Pre-provisioned PV (default fs)] subPath should unmount if pod is gracefully deleted while kubelet is down [Disruptive][Slow][LinuxOnly]" classname="Kubernetes e2e suite" time="0">
          <skipped></skipped>
      </testcase>
      <testcase name="[sig-storage] In-tree Volumes [Driver: local][LocalVolumeType: dir-link-bindmounted] [Testpattern: Dynamic PV (filesystem volmode)] multiVolume [Slow] should access to two volumes with different volume mode and retain data across pod recreation on different node" classname="Kubernetes e2e suite" time="0">
          <skipped></skipped>
      </testcase>
      <testcase name="[sig-storage] In-tree Volumes [Driver: iscsi][Feature:Volumes] [Testpattern: Pre-provisioned PV (default fs)] subPath should be able to unmount after the subpath directory is deleted" classname="Kubernetes e2e suite" time="0">
          <skipped></skipped>
      </testcase>
      <testcase name="[sig-storage] In-tree Volumes [Driver: vSphere] [Testpattern: Dynamic PV (xfs)][Slow] volumes should store data" classname="Kubernetes e2e suite" time="0">
          <skipped></skipped>
      </testcase>
      <testcase name="[sig-storage] CSI Volumes [Driver: csi-hostpath] [Testpattern: Pre-provisioned PV (default fs)] subPath should verify container cannot write to subpath readonly volumes [Slow]" classname="Kubernetes e2e suite" time="0">
          <skipped></skipped>
      </testcase>
      <testcase name="[sig-storage] In-tree Volumes [Driver: cinder] [Testpattern: Pre-provisioned PV (ext3)] volumes should allow exec of files on the volume" classname="Kubernetes e2e suite" time="0">
          <skipped></skipped>
      </testcase>
      <testcase name="[sig-scalability] Density [Feature:ManualPerformance] should allow starting 30 pods per node using Deployment.extensions with 0 secrets, 0 configmaps, 0 token projections, and 0 daemons" classname="Kubernetes e2e suite" time="0">
          <skipped></skipped>
      </testcase>
      <testcase name="[sig-storage] In-tree Volumes [Driver: local][LocalVolumeType: dir-bindmounted] [Testpattern: Pre-provisioned PV (filesystem volmode)] multiVolume [Slow] should access to two volumes with different volume mode and retain data across pod recreation on different node" classname="Kubernetes e2e suite" time="0">
          <skipped></skipped>
      </testcase>
      <testcase name="[k8s.io] Cluster size autoscaler scalability [Slow] should scale up at all [Feature:ClusterAutoscalerScalability1]" classname="Kubernetes e2e suite" time="0">
          <skipped></skipped>
      </testcase>
      <testcase name="[sig-storage] In-tree Volumes [Driver: emptydir] [Testpattern: Dynamic PV (default fs)] provisioning should provision storage with pvc data source" classname="Kubernetes e2e suite" time="0">
          <skipped></skipped>
      </testcase>
      <testcase name="[sig-storage] In-tree Volumes [Driver: local][LocalVolumeType: block] [Testpattern: Dynamic PV (ntfs)][sig-windows] subPath should support non-existent path" classname="Kubernetes e2e suite" time="0">
          <skipped></skipped>
      </testcase>
      <testcase name="[k8s.io] Downward API [Serial] [Disruptive] [NodeFeature:EphemeralStorage] Downward API tests for local ephemeral storage should provide container&#39;s limits.ephemeral-storage and requests.ephemeral-storage as env vars" classname="Kubernetes e2e suite" time="0">
          <skipped></skipped>
      </testcase>
      <testcase name="[sig-storage] In-tree Volumes [Driver: gluster] [Testpattern: Pre-provisioned PV (xfs)][Slow] volumes should store data" classname="Kubernetes e2e suite" time="0">
          <skipped></skipped>
      </testcase>
      <testcase name="[sig-cli] Kubectl client Kubectl cluster-info should check if Kubernetes master services is included in cluster-info  [Conformance]" classname="Kubernetes e2e suite" time="9.671534045"></testcase>
      <testcase name="[sig-storage] CSI Volumes [Driver: csi-hostpath] [Testpattern: Dynamic PV (ntfs)][sig-windows] provisioning should provision storage with mount options" classname="Kubernetes e2e suite" time="0">
          <skipped></skipped>
      </testcase>
      <testcase name="[sig-storage] In-tree Volumes [Driver: hostPath] [Testpattern: Dynamic PV (filesystem volmode)] disruptive[Disruptive] Should test that pv written before kubelet restart is readable after restart." classname="Kubernetes e2e suite" time="0">
          <skipped></skipped>
      </testcase>
      <testcase name="[sig-storage] CSI Volumes [Driver: pd.csi.storage.gke.io][Serial] [Testpattern: Dynamic PV (xfs)][Slow] volumes should store data" classname="Kubernetes e2e suite" time="0">
          <skipped></skipped>
      </testcase>
      <testcase name="[sig-storage] CSI Volumes [Driver: csi-hostpath] [Testpattern: Dynamic PV (ntfs)][sig-windows] subPath should support restarting containers using file as subpath [Slow][LinuxOnly]" classname="Kubernetes e2e suite" time="0">
          <skipped></skipped>
      </testcase>
      <testcase name="[sig-storage] In-tree Volumes [Driver: local][LocalVolumeType: dir-link-bindmounted] [Testpattern: Dynamic PV (block volmode)] volumeMode should not mount / map unused volumes in a pod" classname="Kubernetes e2e suite" time="0">
          <skipped></skipped>
      </testcase>
      <testcase name="[sig-windows] [Feature:Windows] [Feature:WindowsGMSA] GMSA Kubelet [Slow] kubelet GMSA support when creating a pod with correct GMSA credential specs passes the credential specs down to the Pod&#39;s containers" classname="Kubernetes e2e suite" time="0">
          <skipped></skipped>
      </testcase>
      <testcase name="[sig-storage] PersistentVolumes NFS with multiple PVs and PVCs all in same ns should create 2 PVs and 4 PVCs: test write access" classname="Kubernetes e2e suite" time="0">
          <skipped></skipped>
      </testcase>
      <testcase name="[k8s.io] Variable Expansion should allow substituting values in a container&#39;s command [NodeConformance] [Conformance]" classname="Kubernetes e2e suite" time="19.714712006"></testcase>
      <testcase name="[sig-storage] CSI Volumes [Driver: pd.csi.storage.gke.io][Serial] [Testpattern: Inline-volume (default fs)] disruptive[Disruptive] Should test that pv written before kubelet restart is readable after restart." classname="Kubernetes e2e suite" time="0">
          <skipped></skipped>
      </testcase>
      <testcase name="[sig-storage] In-tree Volumes [Driver: local][LocalVolumeType: gce-localssd-scsi-fs] [Serial] [Testpattern: Dynamic PV (ntfs)][sig-windows] subPath should support creating multiple subpath from same volumes [Slow]" classname="Kubernetes e2e suite" time="0">
          <skipped></skipped>
      </testcase>
      <testcase name="[sig-storage] In-tree Volumes [Driver: aws] [Testpattern: Pre-provisioned PV (ntfs)][sig-windows] volumes should allow exec of files on the volume" classname="Kubernetes e2e suite" time="0">
          <skipped></skipped>
      </testcase>
      <testcase name="[sig-storage] In-tree Volumes [Driver: azure] [Testpattern: Inline-volume (default fs)] subPath should fail if non-existent subpath is outside the volume [Slow][LinuxOnly]" classname="Kubernetes e2e suite" time="0">
          <skipped></skipped>
      </testcase>
      <testcase name="[sig-storage] In-tree Volumes [Driver: local][LocalVolumeType: dir] [Testpattern: Pre-provisioned PV (default fs)] subPath should fail if subpath directory is outside the volume [Slow]" classname="Kubernetes e2e suite" time="0">
          <skipped></skipped>
      </testcase>
      <testcase name="[sig-storage] In-tree Volumes [Driver: gcepd] [Testpattern: Dynamic PV (xfs)][Slow] volumes should allow exec of files on the volume" classname="Kubernetes e2e suite" time="0">
          <skipped></skipped>
      </testcase>
      <testcase name="[sig-api-machinery] CustomResourceDefinition resources [Privileged:ClusterAdmin] Simple CustomResourceDefinition listing custom resource definition objects works  [Conformance]" classname="Kubernetes e2e suite" time="14.345781169"></testcase>
      <testcase name="[sig-autoscaling] [Feature:HPA] Horizontal pod autoscaling (scale resource: CPU) [sig-autoscaling] [Serial] [Slow] ReplicaSet Should scale from 1 pod to 3 pods and from 3 to 5" classname="Kubernetes e2e suite" time="0">
          <skipped></skipped>
      </testcase>
      <testcase name="[sig-storage] In-tree Volumes [Driver: local][LocalVolumeType: dir-bindmounted] [Testpattern: Pre-provisioned PV (block volmode)] multiVolume [Slow] should concurrently access the single volume from pods on the same node" classname="Kubernetes e2e suite" time="0">
          <skipped></skipped>
      </testcase>
      <testcase name="[sig-storage] In-tree Volumes [Driver: local][LocalVolumeType: dir-bindmounted] [Testpattern: Pre-provisioned PV (default fs)] subPath should be able to unmount after the subpath directory is deleted" classname="Kubernetes e2e suite" time="0">
          <skipped></skipped>
      </testcase>
      <testcase name="[sig-storage] In-tree Volumes [Driver: azure] [Testpattern: Inline-volume (ext3)] volumes should allow exec of files on the volume" classname="Kubernetes e2e suite" time="0">
          <skipped></skipped>
      </testcase>
      <testcase name="[sig-storage] In-tree Volumes [Driver: cinder] [Testpattern: Pre-provisioned PV (filesystem volmode)] volumeMode should not mount / map unused volumes in a pod" classname="Kubernetes e2e suite" time="0">
          <skipped></skipped>
      </testcase>
      <testcase name="[sig-storage] In-tree Volumes [Driver: azure] [Testpattern: Dynamic PV (ntfs)][sig-windows] subPath should support existing directories when readOnly specified in the volumeSource" classname="Kubernetes e2e suite" time="0">
          <skipped></skipped>
      </testcase>
      <testcase name="[sig-storage] CSI Volumes [Driver: pd.csi.storage.gke.io][Serial] [Testpattern: Inline-volume (default fs)] subPath should verify container cannot write to subpath readonly volumes [Slow]" classname="Kubernetes e2e suite" time="0">
          <skipped></skipped>
      </testcase>
      <testcase name="[sig-storage] In-tree Volumes [Driver: cinder] [Testpattern: Dynamic PV (block volmode)] volumes should store data" classname="Kubernetes e2e suite" time="0">
          <skipped></skipped>
      </testcase>
      <testcase name="[sig-storage] In-tree Volumes [Driver: local][LocalVolumeType: block] [Testpattern: Pre-provisioned PV (default fs)] subPath should unmount if pod is gracefully deleted while kubelet is down [Disruptive][Slow][LinuxOnly]" classname="Kubernetes e2e suite" time="0">
          <skipped></skipped>
      </testcase>
      <testcase name="[sig-storage] In-tree Volumes [Driver: local][LocalVolumeType: dir] [Testpattern: Dynamic PV (ntfs)][sig-windows] provisioning should provision storage with mount options" classname="Kubernetes e2e suite" time="0">
          <skipped></skipped>
      </testcase>
      <testcase name="[sig-scalability] Load capacity [Feature:ManualPerformance] should be able to handle 30 pods per node Random with 0 secrets, 0 configmaps and 0 daemons with quotas" classname="Kubernetes e2e suite" time="0">
          <skipped></skipped>
      </testcase>
      <testcase name="[sig-storage] In-tree Volumes [Driver: hostPath] [Testpattern: Pre-provisioned PV (default fs)] volumes should store data" classname="Kubernetes e2e suite" time="0">
          <skipped></skipped>
      </testcase>
      <testcase name="[sig-storage] In-tree Volumes [Driver: local][LocalVolumeType: dir] [Testpattern: Pre-provisioned PV (block volmode)] volumeMode should fail to use a volume in a pod with mismatched mode [Slow]" classname="Kubernetes e2e suite" time="0">
          <skipped></skipped>
      </testcase>
      <testcase name="[sig-storage] CSI Volumes [Driver: csi-hostpath] [Testpattern: Pre-provisioned PV (filesystem volmode)] disruptive[Disruptive] Should test that pv written before kubelet restart is readable after restart." classname="Kubernetes e2e suite" time="0">
          <skipped></skipped>
      </testcase>
      <testcase name="[sig-storage] In-tree Volumes [Driver: nfs] [Testpattern: Inline-volume (default fs)] subPath should unmount if pod is gracefully deleted while kubelet is down [Disruptive][Slow][LinuxOnly]" classname="Kubernetes e2e suite" time="0">
          <skipped></skipped>
      </testcase>
      <testcase name="[sig-storage] PersistentVolumes-local  [Volume type: block] One pod requesting one prebound PVC should be able to mount volume and write from pod1" classname="Kubernetes e2e suite" time="0">
          <skipped></skipped>
      </testcase>
      <testcase name="[sig-storage] Projected configMap should be consumable from pods in volume with mappings as non-root [LinuxOnly] [NodeConformance] [Conformance]" classname="Kubernetes e2e suite" time="19.78354958"></testcase>
      <testcase name="[sig-storage] In-tree Volumes [Driver: iscsi][Feature:Volumes] [Testpattern: Dynamic PV (filesystem volmode)] multiVolume [Slow] should access to two volumes with the same volume mode and retain data across pod recreation on different node" classname="Kubernetes e2e suite" time="0">
          <skipped></skipped>
      </testcase>
      <testcase name="[sig-storage] In-tree Volumes [Driver: local][LocalVolumeType: tmpfs] [Testpattern: Inline-volume (default fs)] subPath should support existing single file [LinuxOnly]" classname="Kubernetes e2e suite" time="0">
          <skipped></skipped>
      </testcase>
      <testcase name="[sig-storage] Downward API volume should provide podname as non-root with fsgroup [LinuxOnly] [NodeFeature:FSGroup]" classname="Kubernetes e2e suite" time="0">
          <skipped></skipped>
      </testcase>
      <testcase name="[sig-scheduling] Multi-AZ Cluster Volumes [sig-storage] should schedule pods in the same zones as statically provisioned PVs" classname="Kubernetes e2e suite" time="0">
          <skipped></skipped>
      </testcase>
      <testcase name="[sig-storage] In-tree Volumes [Driver: local][LocalVolumeType: gce-localssd-scsi-fs] [Serial] [Testpattern: Inline-volume (default fs)] subPath should support existing single file [LinuxOnly]" classname="Kubernetes e2e suite" time="0">
          <skipped></skipped>
      </testcase>
      <testcase name="[sig-apps] ReplicaSet should serve a basic image on each replica with a private image" classname="Kubernetes e2e suite" time="0">
          <skipped></skipped>
      </testcase>
      <testcase name="[sig-storage] In-tree Volumes [Driver: hostPathSymlink] [Testpattern: Dynamic PV (default fs)] subPath should support existing directory" classname="Kubernetes e2e suite" time="0">
          <skipped></skipped>
      </testcase>
      <testcase name="[sig-storage] In-tree Volumes [Driver: local][LocalVolumeType: blockfs] [Testpattern: Dynamic PV (default fs)] subPath should fail if subpath directory is outside the volume [Slow]" classname="Kubernetes e2e suite" time="0">
          <skipped></skipped>
      </testcase>
      <testcase name="[sig-storage] In-tree Volumes [Driver: rbd][Feature:Volumes] [Testpattern: Pre-provisioned PV (default fs)] subPath should support restarting containers using directory as subpath [Slow]" classname="Kubernetes e2e suite" time="0">
          <skipped></skipped>
      </testcase>
      <testcase name="[sig-storage] In-tree Volumes [Driver: local][LocalVolumeType: dir-bindmounted] [Testpattern: Inline-volume (default fs)] subPath should be able to unmount after the subpath directory is deleted" classname="Kubernetes e2e suite" time="0">
          <skipped></skipped>
      </testcase>
      <testcase name="[sig-storage] CSI Volumes [Driver: csi-hostpath] [Testpattern: Dynamic PV (default fs)] subPath should be able to unmount after the subpath directory is deleted" classname="Kubernetes e2e suite" time="0">
          <skipped></skipped>
      </testcase>
      <testcase name="[sig-storage] In-tree Volumes [Driver: rbd][Feature:Volumes] [Testpattern: Dynamic PV (block volmode)] disruptive[Disruptive] Should test that pv written before kubelet restart is readable after restart." classname="Kubernetes e2e suite" time="0">
          <skipped></skipped>
      </testcase>
      <testcase name="[sig-storage] In-tree Volumes [Driver: hostPath] [Testpattern: Dynamic PV (block volmode)] multiVolume [Slow] should concurrently access the single volume from pods on the same node" classname="Kubernetes e2e suite" time="0">
          <skipped></skipped>
      </testcase>
      <testcase name="[sig-api-machinery] CustomResourcePublishOpenAPI [Privileged:ClusterAdmin] works for CRD without validation schema [Conformance]" classname="Kubernetes e2e suite" time="28.86145324"></testcase>
      <testcase name="[sig-storage] In-tree Volumes [Driver: hostPath] [Testpattern: Dynamic PV (ntfs)][sig-windows] subPath should support readOnly directory specified in the volumeMount" classname="Kubernetes e2e suite" time="0">
          <skipped></skipped>
      </testcase>
      <testcase name="[sig-storage] In-tree Volumes [Driver: local][LocalVolumeType: dir-link-bindmounted] [Testpattern: Dynamic PV (ntfs)][sig-windows] subPath should support readOnly directory specified in the volumeMount" classname="Kubernetes e2e suite" time="0">
          <skipped></skipped>
      </testcase>
      <testcase name="[sig-storage] In-tree Volumes [Driver: local][LocalVolumeType: dir-bindmounted] [Testpattern: Inline-volume (default fs)] subPath should support file as subpath [LinuxOnly]" classname="Kubernetes e2e suite" time="0">
          <skipped></skipped>
      </testcase>
      <testcase name="[sig-storage] In-tree Volumes [Driver: hostPath] [Testpattern: Pre-provisioned PV (block volmode)] volumeMode should not mount / map unused volumes in a pod" classname="Kubernetes e2e suite" time="0">
          <skipped></skipped>
      </testcase>
      <testcase name="[sig-storage] In-tree Volumes [Driver: ceph][Feature:Volumes] [Testpattern: Dynamic PV (default fs)(allowExpansion)] volume-expand Verify if offline PVC expansion works" classname="Kubernetes e2e suite" time="0">
          <skipped></skipped>
      </testcase>
      <testcase name="[sig-storage] In-tree Volumes [Driver: hostPathSymlink] [Testpattern: Inline-volume (ext4)] volumes should allow exec of files on the volume" classname="Kubernetes e2e suite" time="0">
          <skipped></skipped>
      </testcase>
      <testcase name="[sig-storage] CSI Volumes [Driver: csi-hostpath] [Testpattern: Pre-provisioned PV (block volmode)] multiVolume [Slow] should access to two volumes with the same volume mode and retain data across pod recreation on the same node" classname="Kubernetes e2e suite" time="0">
          <skipped></skipped>
      </testcase>
      <testcase name="[sig-storage] In-tree Volumes [Driver: cinder] [Testpattern: Inline-volume (default fs)] subPath should fail if subpath file is outside the volume [Slow][LinuxOnly]" classname="Kubernetes e2e suite" time="0">
          <skipped></skipped>
      </testcase>
      <testcase name="[sig-storage] In-tree Volumes [Driver: local][LocalVolumeType: blockfs] [Testpattern: Inline-volume (default fs)] disruptive[Disruptive] Should test that pv written before kubelet restart is readable after restart." classname="Kubernetes e2e suite" time="0">
          <skipped></skipped>
      </testcase>
      <testcase name="[sig-storage] In-tree Volumes [Driver: gcepd] [Testpattern: Dynamic PV (default fs)] subPath should fail if non-existent subpath is outside the volume [Slow][LinuxOnly]" classname="Kubernetes e2e suite" time="0">
          <skipped></skipped>
      </testcase>
      <testcase name="[sig-storage] In-tree Volumes [Driver: local][LocalVolumeType: dir] [Testpattern: Inline-volume (xfs)][Slow] volumes should allow exec of files on the volume" classname="Kubernetes e2e suite" time="0">
          <skipped></skipped>
      </testcase>
      <testcase name="[sig-storage] In-tree Volumes [Driver: ceph][Feature:Volumes] [Testpattern: Pre-provisioned PV (block volmode)] disruptive[Disruptive] Should test that pv written before kubelet restart is readable after restart." classname="Kubernetes e2e suite" time="0">
          <skipped></skipped>
      </testcase>
      <testcase name="[sig-storage] [Serial] Volume metrics should create prometheus metrics for volume provisioning errors [Slow]" classname="Kubernetes e2e suite" time="0">
          <skipped></skipped>
      </testcase>
      <testcase name="[sig-storage] In-tree Volumes [Driver: nfs] [Testpattern: Dynamic PV (filesystem volmode)] multiVolume [Slow] should access to two volumes with the same volume mode and retain data across pod recreation on different node" classname="Kubernetes e2e suite" time="0">
          <skipped></skipped>
      </testcase>
      <testcase name="[sig-storage] In-tree Volumes [Driver: ceph][Feature:Volumes] [Testpattern: Pre-provisioned PV (default fs)] subPath should fail if subpath directory is outside the volume [Slow]" classname="Kubernetes e2e suite" time="0">
          <skipped></skipped>
      </testcase>
      <testcase name="[sig-apps] stateful Upgrade [Feature:StatefulUpgrade] [k8s.io] stateful upgrade should maintain a functioning cluster" classname="Kubernetes e2e suite" time="0">
          <skipped></skipped>
      </testcase>
      <testcase name="[sig-storage] In-tree Volumes [Driver: local][LocalVolumeType: block] [Testpattern: Inline-volume (default fs)] subPath should verify container cannot write to subpath readonly volumes [Slow]" classname="Kubernetes e2e suite" time="0">
          <skipped></skipped>
      </testcase>
      <testcase name="[sig-apps] DisruptionController evictions: too few pods, absolute =&gt; should not allow an eviction" classname="Kubernetes e2e suite" time="0">
          <skipped></skipped>
      </testcase>
      <testcase name="[sig-api-machinery] ResourceQuota should be able to update and delete ResourceQuota. [Conformance]" classname="Kubernetes e2e suite" time="9.611230186"></testcase>
      <testcase name="[sig-storage] In-tree Volumes [Driver: local][LocalVolumeType: blockfs] [Testpattern: Dynamic PV (ntfs)][sig-windows] subPath should fail if subpath directory is outside the volume [Slow]" classname="Kubernetes e2e suite" time="0">
          <skipped></skipped>
      </testcase>
      <testcase name="[sig-storage] In-tree Volumes [Driver: local][LocalVolumeType: gce-localssd-scsi-fs] [Serial] [Testpattern: Pre-provisioned PV (default fs)] subPath should verify container cannot write to subpath readonly volumes [Slow]" classname="Kubernetes e2e suite" time="0">
          <skipped></skipped>
      </testcase>
      <testcase name="[sig-storage] In-tree Volumes [Driver: gluster] [Testpattern: Dynamic PV (ntfs)][sig-windows] provisioning should provision storage with mount options" classname="Kubernetes e2e suite" time="0">
          <skipped></skipped>
      </testcase>
      <testcase name="[sig-storage] In-tree Volumes [Driver: local][LocalVolumeType: tmpfs] [Testpattern: Dynamic PV (default fs)] volume-expand should not allow expansion of pvcs without AllowVolumeExpansion property" classname="Kubernetes e2e suite" time="0">
          <skipped></skipped>
      </testcase>
      <testcase name="[sig-apps] Daemon set [Serial] should retry creating failed daemon pods [Conformance]" classname="Kubernetes e2e suite" time="0">
          <skipped></skipped>
      </testcase>
      <testcase name="[sig-storage] In-tree Volumes [Driver: emptydir] [Testpattern: Dynamic PV (block volmode)(allowExpansion)] volume-expand should resize volume when PVC is edited while pod is using it" classname="Kubernetes e2e suite" time="0">
          <skipped></skipped>
      </testcase>
      <testcase name="[sig-storage] In-tree Volumes [Driver: nfs] [Testpattern: Pre-provisioned PV (block volmode)] disruptive[Disruptive] Should test that pv written before kubelet restart is readable after restart." classname="Kubernetes e2e suite" time="0">
          <skipped></skipped>
      </testcase>
      <testcase name="[sig-storage] In-tree Volumes [Driver: emptydir] [Testpattern: Dynamic PV (ntfs)][sig-windows] volumes should allow exec of files on the volume" classname="Kubernetes e2e suite" time="0">
          <skipped></skipped>
      </testcase>
      <testcase name="[sig-network] ESIPP [Slow] [DisabledForLargeClusters] should only target nodes with endpoints" classname="Kubernetes e2e suite" time="0">
          <skipped></skipped>
      </testcase>
      <testcase name="[sig-storage] CSI Volumes [Driver: csi-hostpath-v0] [Testpattern: Dynamic PV (ntfs)][sig-windows] subPath should unmount if pod is gracefully deleted while kubelet is down [Disruptive][Slow][LinuxOnly]" classname="Kubernetes e2e suite" time="0">
          <skipped></skipped>
      </testcase>
      <testcase name="[sig-storage] In-tree Volumes [Driver: local][LocalVolumeType: gce-localssd-scsi-fs] [Serial] [Testpattern: Dynamic PV (block volmode)] multiVolume [Slow] should concurrently access the single volume from pods on different node" classname="Kubernetes e2e suite" time="0">
          <skipped></skipped>
      </testcase>
      <testcase name="[sig-storage] CSI Volumes [Driver: csi-hostpath] [Testpattern: Dynamic PV (default fs)] subPath should support file as subpath [LinuxOnly]" classname="Kubernetes e2e suite" time="0">
          <skipped></skipped>
      </testcase>
      <testcase name="[sig-storage] In-tree Volumes [Driver: aws] [Testpattern: Dynamic PV (default fs)] subPath should support existing directory" classname="Kubernetes e2e suite" time="0">
          <skipped></skipped>
      </testcase>
      <testcase name="[sig-storage] In-tree Volumes [Driver: cinder] [Testpattern: Pre-provisioned PV (block volmode)] multiVolume [Slow] should access to two volumes with the same volume mode and retain data across pod recreation on the same node" classname="Kubernetes e2e suite" time="0">
          <skipped></skipped>
      </testcase>
      <testcase name="[sig-storage] In-tree Volumes [Driver: local][LocalVolumeType: dir-bindmounted] [Testpattern: Dynamic PV (filesystem volmode)] multiVolume [Slow] should access to two volumes with the same volume mode and retain data across pod recreation on the same node" classname="Kubernetes e2e suite" time="0">
          <skipped></skipped>
      </testcase>
      <testcase name="[sig-storage] In-tree Volumes [Driver: local][LocalVolumeType: gce-localssd-scsi-fs] [Serial] [Testpattern: Pre-provisioned PV (xfs)][Slow] volumes should store data" classname="Kubernetes e2e suite" time="0">
          <skipped></skipped>
      </testcase>
      <testcase name="[sig-storage] In-tree Volumes [Driver: local][LocalVolumeType: dir-link] [Testpattern: Inline-volume (ext3)] volumes should allow exec of files on the volume" classname="Kubernetes e2e suite" time="0">
          <skipped></skipped>
      </testcase>
      <testcase name="[sig-storage] In-tree Volumes [Driver: local][LocalVolumeType: blockfs] [Testpattern: Dynamic PV (ntfs)][sig-windows] subPath should support existing directory" classname="Kubernetes e2e suite" time="0">
          <skipped></skipped>
      </testcase>
      <testcase name="[sig-cli] Kubectl client Simple pod should support exec through kubectl proxy" classname="Kubernetes e2e suite" time="0">
          <skipped></skipped>
      </testcase>
      <testcase name="[sig-storage] In-tree Volumes [Driver: gcepd] [Testpattern: Pre-provisioned PV (ext3)] volumes should store data" classname="Kubernetes e2e suite" time="0">
          <skipped></skipped>
      </testcase>
      <testcase name="[sig-storage] In-tree Volumes [Driver: vSphere] [Testpattern: Pre-provisioned PV (default fs)] subPath should support file as subpath [LinuxOnly]" classname="Kubernetes e2e suite" time="0">
          <skipped></skipped>
      </testcase>
      <testcase name="[sig-storage] CSI Volumes [Driver: csi-hostpath-v0] [Testpattern: Dynamic PV (filesystem volmode)] multiVolume [Slow] should concurrently access the single volume from pods on the same node" classname="Kubernetes e2e suite" time="0">
          <skipped></skipped>
      </testcase>
      <testcase name="[sig-storage] In-tree Volumes [Driver: rbd][Feature:Volumes] [Testpattern: Inline-volume (default fs)] subPath should support non-existent path" classname="Kubernetes e2e suite" time="0">
          <skipped></skipped>
      </testcase>
      <testcase name="[sig-storage] In-tree Volumes [Driver: vSphere] [Testpattern: Dynamic PV (ext4)] volumes should store data" classname="Kubernetes e2e suite" time="0">
          <skipped></skipped>
      </testcase>
      <testcase name="[sig-storage] CSI Volumes [Driver: csi-hostpath-v0] [Testpattern: Pre-provisioned PV (default fs)] volumes should allow exec of files on the volume" classname="Kubernetes e2e suite" time="0">
          <skipped></skipped>
      </testcase>
      <testcase name="[k8s.io] Security Context When creating a pod with privileged should run the container as unprivileged when false [LinuxOnly] [NodeConformance] [Conformance]" classname="Kubernetes e2e suite" time="19.725057791"></testcase>
      <testcase name="[sig-storage] In-tree Volumes [Driver: azure] [Testpattern: Inline-volume (xfs)][Slow] volumes should allow exec of files on the volume" classname="Kubernetes e2e suite" time="0">
          <skipped></skipped>
      </testcase>
      <testcase name="[sig-storage] In-tree Volumes [Driver: local][LocalVolumeType: blockfs] [Testpattern: Inline-volume (default fs)] subPath should support creating multiple subpath from same volumes [Slow]" classname="Kubernetes e2e suite" time="0">
          <skipped></skipped>
      </testcase>
      <testcase name="[sig-storage] In-tree Volumes [Driver: azure] [Testpattern: Pre-provisioned PV (default fs)] subPath should fail if subpath with backstepping is outside the volume [Slow]" classname="Kubernetes e2e suite" time="0">
          <skipped></skipped>
      </testcase>
      <testcase name="[sig-storage] In-tree Volumes [Driver: emptydir] [Testpattern: Pre-provisioned PV (block volmode)] multiVolume [Slow] should concurrently access the single volume from pods on different node" classname="Kubernetes e2e suite" time="0">
          <skipped></skipped>
      </testcase>
      <testcase name="[sig-storage] In-tree Volumes [Driver: local][LocalVolumeType: block] [Testpattern: Dynamic PV (ntfs)][sig-windows] subPath should support existing directory" classname="Kubernetes e2e suite" time="0">
          <skipped></skipped>
      </testcase>
      <testcase name="[sig-autoscaling] Cluster size autoscaling [Slow] Should be able to scale a node group up from 0[Feature:ClusterSizeAutoscalingScaleUp]" classname="Kubernetes e2e suite" time="0">
          <skipped></skipped>
      </testcase>
      <testcase name="[sig-storage] In-tree Volumes [Driver: local][LocalVolumeType: dir-link-bindmounted] [Testpattern: Inline-volume (default fs)] subPath should fail if subpath file is outside the volume [Slow][LinuxOnly]" classname="Kubernetes e2e suite" time="0">
          <skipped></skipped>
      </testcase>
      <testcase name="[sig-storage] In-tree Volumes [Driver: local][LocalVolumeType: tmpfs] [Testpattern: Pre-provisioned PV (block volmode)] multiVolume [Slow] should access to two volumes with the same volume mode and retain data across pod recreation on different node" classname="Kubernetes e2e suite" time="0">
          <skipped></skipped>
      </testcase>
      <testcase name="[sig-storage] In-tree Volumes [Driver: local][LocalVolumeType: dir-bindmounted] [Testpattern: Dynamic PV (ext3)] volumes should store data" classname="Kubernetes e2e suite" time="0">
          <skipped></skipped>
      </testcase>
      <testcase name="[sig-storage] In-tree Volumes [Driver: local][LocalVolumeType: dir-bindmounted] [Testpattern: Dynamic PV (default fs)] subPath should support readOnly file specified in the volumeMount [LinuxOnly]" classname="Kubernetes e2e suite" time="0">
          <skipped></skipped>
      </testcase>
      <testcase name="[sig-storage] In-tree Volumes [Driver: cinder] [Testpattern: Dynamic PV (filesystem volmode)] multiVolume [Slow] should concurrently access the single volume from pods on the same node" classname="Kubernetes e2e suite" time="0">
          <skipped></skipped>
      </testcase>
      <testcase name="[sig-storage] EmptyDir wrapper volumes should not cause race condition when used for configmaps [Serial] [Conformance]" classname="Kubernetes e2e suite" time="0">
          <skipped></skipped>
      </testcase>
      <testcase name="[k8s.io] Container Runtime blackbox test on terminated container should report termination message [LinuxOnly] if TerminationMessagePath is set [NodeConformance]" classname="Kubernetes e2e suite" time="0">
          <skipped></skipped>
      </testcase>
      <testcase name="[sig-storage] In-tree Volumes [Driver: iscsi][Feature:Volumes] [Testpattern: Dynamic PV (ntfs)][sig-windows] subPath should fail if subpath with backstepping is outside the volume [Slow]" classname="Kubernetes e2e suite" time="0">
          <skipped></skipped>
      </testcase>
      <testcase name="[sig-storage] In-tree Volumes [Driver: gcepd] [Testpattern: Inline-volume (default fs)] subPath should support readOnly file specified in the volumeMount [LinuxOnly]" classname="Kubernetes e2e suite" time="0">
          <skipped></skipped>
      </testcase>
      <testcase name="[sig-storage] In-tree Volumes [Driver: hostPathSymlink] [Testpattern: Inline-volume (default fs)] subPath should unmount if pod is gracefully deleted while kubelet is down [Disruptive][Slow][LinuxOnly]" classname="Kubernetes e2e suite" time="0">
          <skipped></skipped>
      </testcase>
      <testcase name="[sig-network] Networking Granular Checks: Services should function for endpoint-Service: http" classname="Kubernetes e2e suite" time="0">
          <skipped></skipped>
      </testcase>
      <testcase name="[sig-storage] PersistentVolumes-local  [Volume type: tmpfs] Two pods mounting a local volume one after the other should be able to write from pod1 and read from pod2" classname="Kubernetes e2e suite" time="0">
          <skipped></skipped>
      </testcase>
      <testcase name="[sig-storage] In-tree Volumes [Driver: aws] [Testpattern: Dynamic PV (default fs)] subPath should support file as subpath [LinuxOnly]" classname="Kubernetes e2e suite" time="0">
          <skipped></skipped>
      </testcase>
      <testcase name="[k8s.io] [sig-node] kubelet [k8s.io] [sig-node] host cleanup with volume mounts [sig-storage][HostCleanup][Flaky] Host cleanup after disrupting NFS volume [NFS] after stopping the nfs-server and deleting the (sleeping) client pod, the NFS mount and the pod&#39;s UID directory should be removed." classname="Kubernetes e2e suite" time="0">
          <skipped></skipped>
      </testcase>
      <testcase name="[sig-storage] In-tree Volumes [Driver: nfs] [Testpattern: Dynamic PV (default fs)] subPath should support file as subpath [LinuxOnly]" classname="Kubernetes e2e suite" time="0">
          <skipped></skipped>
      </testcase>
      <testcase name="[sig-storage] Secrets should be consumable from pods in volume with mappings and Item Mode set [LinuxOnly] [NodeConformance] [Conformance]" classname="Kubernetes e2e suite" time="19.742799652"></testcase>
      <testcase name="[sig-storage] In-tree Volumes [Driver: nfs] [Testpattern: Dynamic PV (ntfs)][sig-windows] subPath should fail if subpath file is outside the volume [Slow][LinuxOnly]" classname="Kubernetes e2e suite" time="0">
          <skipped></skipped>
      </testcase>
      <testcase name="[sig-cluster-lifecycle] gpu Upgrade [Feature:GPUUpgrade] cluster downgrade should be able to run gpu pod after downgrade [Feature:GPUClusterDowngrade]" classname="Kubernetes e2e suite" time="0">
          <skipped></skipped>
      </testcase>
      <testcase name="[sig-storage] In-tree Volumes [Driver: nfs] [Testpattern: Dynamic PV (ntfs)][sig-windows] subPath should fail if subpath directory is outside the volume [Slow]" classname="Kubernetes e2e suite" time="0">
          <skipped></skipped>
      </testcase>
      <testcase name="[sig-storage] In-tree Volumes [Driver: local][LocalVolumeType: dir-link-bindmounted] [Testpattern: Inline-volume (default fs)] subPath should support file as subpath [LinuxOnly]" classname="Kubernetes e2e suite" time="0">
          <skipped></skipped>
      </testcase>
      <testcase name="[sig-storage] Volume Attach Verify [Feature:vsphere][Serial][Disruptive] verify volume remains attached after master kubelet restart" classname="Kubernetes e2e suite" time="0">
          <skipped></skipped>
      </testcase>
      <testcase name="[sig-storage] In-tree Volumes [Driver: local][LocalVolumeType: dir-link] [Testpattern: Dynamic PV (ntfs)][sig-windows] subPath should fail if subpath directory is outside the volume [Slow]" classname="Kubernetes e2e suite" time="0">
          <skipped></skipped>
      </testcase>
      <testcase name="[sig-storage] CSI Volumes [Driver: csi-hostpath-v0] [Testpattern: Inline-volume (default fs)] subPath should fail if subpath file is outside the volume [Slow][LinuxOnly]" classname="Kubernetes e2e suite" time="0">
          <skipped></skipped>
      </testcase>
      <testcase name="[sig-storage] In-tree Volumes [Driver: hostPathSymlink] [Testpattern: Dynamic PV (ntfs)][sig-windows] subPath should support existing directory" classname="Kubernetes e2e suite" time="0">
          <skipped></skipped>
      </testcase>
      <testcase name="[sig-storage] In-tree Volumes [Driver: local][LocalVolumeType: block] [Testpattern: Inline-volume (default fs)] volumes should store data" classname="Kubernetes e2e suite" time="0">
          <skipped></skipped>
      </testcase>
      <testcase name="[sig-storage] PersistentVolumes-local  [Volume type: gce-localssd-scsi-fs] [Serial] Two pods mounting a local volume one after the other should be able to write from pod1 and read from pod2" classname="Kubernetes e2e suite" time="0">
          <skipped></skipped>
      </testcase>
      <testcase name="[sig-storage] In-tree Volumes [Driver: rbd][Feature:Volumes] [Testpattern: Pre-provisioned PV (block volmode)] multiVolume [Slow] should access to two volumes with different volume mode and retain data across pod recreation on different node" classname="Kubernetes e2e suite" time="0">
          <skipped></skipped>
      </testcase>
      <testcase name="[sig-storage] In-tree Volumes [Driver: hostPathSymlink] [Testpattern: Dynamic PV (filesystem volmode)] multiVolume [Slow] should access to two volumes with different volume mode and retain data across pod recreation on the same node" classname="Kubernetes e2e suite" time="0">
          <skipped></skipped>
      </testcase>
      <testcase name="[sig-storage] CSI Volumes [Driver: csi-hostpath] [Testpattern: Inline-volume (default fs)] volumes should store data" classname="Kubernetes e2e suite" time="0">
          <skipped></skipped>
      </testcase>
      <testcase name="[sig-storage] In-tree Volumes [Driver: local][LocalVolumeType: tmpfs] [Testpattern: Inline-volume (default fs)] subPath should unmount if pod is gracefully deleted while kubelet is down [Disruptive][Slow][LinuxOnly]" classname="Kubernetes e2e suite" time="0">
          <skipped></skipped>
      </testcase>
      <testcase name="[sig-storage] CSI Volumes [Driver: pd.csi.storage.gke.io][Serial] [Testpattern: Pre-provisioned PV (default fs)] subPath should fail if subpath file is outside the volume [Slow][LinuxOnly]" classname="Kubernetes e2e suite" time="0">
          <skipped></skipped>
      </testcase>
      <testcase name="[sig-storage] In-tree Volumes [Driver: local][LocalVolumeType: block] [Testpattern: Dynamic PV (ntfs)][sig-windows] subPath should unmount if pod is gracefully deleted while kubelet is down [Disruptive][Slow][LinuxOnly]" classname="Kubernetes e2e suite" time="0">
          <skipped></skipped>
      </testcase>
      <testcase name="[sig-storage] In-tree Volumes [Driver: local][LocalVolumeType: block] [Testpattern: Inline-volume (ext3)] volumes should allow exec of files on the volume" classname="Kubernetes e2e suite" time="0">
          <skipped></skipped>
      </testcase>
      <testcase name="[sig-storage] In-tree Volumes [Driver: local][LocalVolumeType: gce-localssd-scsi-fs] [Serial] [Testpattern: Dynamic PV (ntfs)][sig-windows] subPath should support restarting containers using directory as subpath [Slow]" classname="Kubernetes e2e suite" time="0">
          <skipped></skipped>
      </testcase>
      <testcase name="[sig-storage] In-tree Volumes [Driver: local][LocalVolumeType: tmpfs] [Testpattern: Dynamic PV (ntfs)][sig-windows] volumes should allow exec of files on the volume" classname="Kubernetes e2e suite" time="0">
          <skipped></skipped>
      </testcase>
      <testcase name="[sig-storage] In-tree Volumes [Driver: local][LocalVolumeType: dir-bindmounted] [Testpattern: Pre-provisioned PV (default fs)] subPath should unmount if pod is force deleted while kubelet is down [Disruptive][Slow][LinuxOnly]" classname="Kubernetes e2e suite" time="0">
          <skipped></skipped>
      </testcase>
      <testcase name="[sig-storage] In-tree Volumes [Driver: nfs] [Testpattern: Dynamic PV (default fs)(allowExpansion)] volume-expand Verify if offline PVC expansion works" classname="Kubernetes e2e suite" time="0">
          <skipped></skipped>
      </testcase>
      <testcase name="[sig-storage] CSI Volumes [Driver: pd.csi.storage.gke.io][Serial] [Testpattern: Inline-volume (ext3)] volumes should store data" classname="Kubernetes e2e suite" time="0">
          <skipped></skipped>
      </testcase>
      <testcase name="[sig-storage] CSI Volumes [Driver: pd.csi.storage.gke.io][Serial] [Testpattern: Dynamic PV (ext4)] volumes should allow exec of files on the volume" classname="Kubernetes e2e suite" time="0">
          <skipped></skipped>
      </testcase>
      <testcase name="[sig-storage] In-tree Volumes [Driver: nfs] [Testpattern: Pre-provisioned PV (ntfs)][sig-windows] volumes should store data" classname="Kubernetes e2e suite" time="0">
          <skipped></skipped>
      </testcase>
      <testcase name="[sig-api-machinery] CustomResourcePublishOpenAPI [Privileged:ClusterAdmin] works for CRD preserving unknown fields at the schema root [Conformance]" classname="Kubernetes e2e suite" time="28.779452518"></testcase>
      <testcase name="[sig-storage] In-tree Volumes [Driver: emptydir] [Testpattern: Dynamic PV (ntfs)][sig-windows] subPath should support existing directories when readOnly specified in the volumeSource" classname="Kubernetes e2e suite" time="0">
          <skipped></skipped>
      </testcase>
      <testcase name="[sig-storage] CSI Volumes [Driver: csi-hostpath] [Testpattern: Inline-volume (default fs)] subPath should be able to unmount after the subpath directory is deleted" classname="Kubernetes e2e suite" time="0">
          <skipped></skipped>
      </testcase>
      <testcase name="[sig-storage] In-tree Volumes [Driver: local][LocalVolumeType: dir-bindmounted] [Testpattern: Inline-volume (default fs)] subPath should support creating multiple subpath from same volumes [Slow]" classname="Kubernetes e2e suite" time="0">
          <skipped></skipped>
      </testcase>
      <testcase name="[sig-storage] In-tree Volumes [Driver: hostPathSymlink] [Testpattern: Dynamic PV (default fs)] subPath should be able to unmount after the subpath directory is deleted" classname="Kubernetes e2e suite" time="0">
          <skipped></skipped>
      </testcase>
      <testcase name="[sig-storage] In-tree Volumes [Driver: aws] [Testpattern: Pre-provisioned PV (default fs)] volumes should allow exec of files on the volume" classname="Kubernetes e2e suite" time="0">
          <skipped></skipped>
      </testcase>
      <testcase name="[sig-storage] In-tree Volumes [Driver: gluster] [Testpattern: Dynamic PV (default fs)] subPath should support restarting containers using file as subpath [Slow][LinuxOnly]" classname="Kubernetes e2e suite" time="0">
          <skipped></skipped>
      </testcase>
      <testcase name="[sig-storage] In-tree Volumes [Driver: local][LocalVolumeType: dir-link-bindmounted] [Testpattern: Dynamic PV (default fs)] subPath should fail if non-existent subpath is outside the volume [Slow][LinuxOnly]" classname="Kubernetes e2e suite" time="0">
          <skipped></skipped>
      </testcase>
      <testcase name="[sig-storage] In-tree Volumes [Driver: local][LocalVolumeType: blockfs] [Testpattern: Inline-volume (default fs)] subPath should unmount if pod is force deleted while kubelet is down [Disruptive][Slow][LinuxOnly]" classname="Kubernetes e2e suite" time="0">
          <skipped></skipped>
      </testcase>
      <testcase name="[sig-storage] In-tree Volumes [Driver: local][LocalVolumeType: blockfs] [Testpattern: Pre-provisioned PV (xfs)][Slow] volumes should store data" classname="Kubernetes e2e suite" time="0">
          <skipped></skipped>
      </testcase>
      <testcase name="[sig-storage] In-tree Volumes [Driver: local][LocalVolumeType: dir-bindmounted] [Testpattern: Pre-provisioned PV (default fs)] subPath should fail if non-existent subpath is outside the volume [Slow][LinuxOnly]" classname="Kubernetes e2e suite" time="0">
          <skipped></skipped>
      </testcase>
      <testcase name="[sig-storage] CSI Volumes [Driver: pd.csi.storage.gke.io][Serial] [Testpattern: Dynamic PV (default fs)] subPath should support non-existent path" classname="Kubernetes e2e suite" time="0">
          <skipped></skipped>
      </testcase>
      <testcase name="[sig-storage] CSI Volumes [Driver: csi-hostpath-v0] [Testpattern: Dynamic PV (ntfs)][sig-windows] subPath should support existing directory" classname="Kubernetes e2e suite" time="0">
          <skipped></skipped>
      </testcase>
      <testcase name="[sig-storage] In-tree Volumes [Driver: aws] [Testpattern: Pre-provisioned PV (filesystem volmode)] multiVolume [Slow] should concurrently access the single volume from pods on the same node" classname="Kubernetes e2e suite" time="0">
          <skipped></skipped>
      </testcase>
      <testcase name="[sig-api-machinery] Secrets should be consumable from pods in env vars [NodeConformance] [Conformance]" classname="Kubernetes e2e suite" time="18.024894656"></testcase>
      <testcase name="[sig-storage] In-tree Volumes [Driver: emptydir] [Testpattern: Inline-volume (ntfs)][sig-windows] volumes should store data" classname="Kubernetes e2e suite" time="0">
          <skipped></skipped>
      </testcase>
      <testcase name="[sig-storage] In-tree Volumes [Driver: azure] [Testpattern: Dynamic PV (filesystem volmode)] volumeMode should not mount / map unused volumes in a pod" classname="Kubernetes e2e suite" time="0">
          <skipped></skipped>
      </testcase>
      <testcase name="[sig-storage] In-tree Volumes [Driver: local][LocalVolumeType: dir] [Testpattern: Dynamic PV (default fs)] volumeIO should write files of various sizes, verify size, validate content [Slow]" classname="Kubernetes e2e suite" time="0">
          <skipped></skipped>
      </testcase>
      <testcase name="[sig-autoscaling] [HPA] Horizontal pod autoscaling (scale resource: Custom Metrics from Stackdriver) should scale up with two metrics of type Pod from Stackdriver [Feature:CustomMetricsAutoscaling]" classname="Kubernetes e2e suite" time="0">
          <skipped></skipped>
      </testcase>
      <testcase name="[sig-storage] In-tree Volumes [Driver: local][LocalVolumeType: dir-link] [Testpattern: Pre-provisioned PV (block volmode)] volumes should store data" classname="Kubernetes e2e suite" time="0">
          <skipped></skipped>
      </testcase>
      <testcase name="[sig-storage] In-tree Volumes [Driver: ceph][Feature:Volumes] [Testpattern: Dynamic PV (ntfs)][sig-windows] subPath should support file as subpath [LinuxOnly]" classname="Kubernetes e2e suite" time="0">
          <skipped></skipped>
      </testcase>
      <testcase name="[sig-storage] In-tree Volumes [Driver: iscsi][Feature:Volumes] [Testpattern: Pre-provisioned PV (default fs)] subPath should verify container cannot write to subpath readonly volumes [Slow]" classname="Kubernetes e2e suite" time="0">
          <skipped></skipped>
      </testcase>
      <testcase name="[sig-storage] In-tree Volumes [Driver: gluster] [Testpattern: Dynamic PV (default fs)(allowExpansion)] volume-expand should resize volume when PVC is edited while pod is using it" classname="Kubernetes e2e suite" time="0">
          <skipped></skipped>
      </testcase>
      <testcase name="[sig-storage] In-tree Volumes [Driver: ceph][Feature:Volumes] [Testpattern: Dynamic PV (block volmode)] volume-expand should not allow expansion of pvcs without AllowVolumeExpansion property" classname="Kubernetes e2e suite" time="0">
          <skipped></skipped>
      </testcase>
      <testcase name="[sig-storage] In-tree Volumes [Driver: iscsi][Feature:Volumes] [Testpattern: Pre-provisioned PV (default fs)] subPath should fail if subpath file is outside the volume [Slow][LinuxOnly]" classname="Kubernetes e2e suite" time="0">
          <skipped></skipped>
      </testcase>
      <testcase name="[sig-storage] Volume FStype [Feature:vsphere] verify invalid fstype" classname="Kubernetes e2e suite" time="0">
          <skipped></skipped>
      </testcase>
      <testcase name="[sig-storage] In-tree Volumes [Driver: local][LocalVolumeType: tmpfs] [Testpattern: Pre-provisioned PV (block volmode)] volumeMode should fail to create pod by failing to mount volume [Slow]" classname="Kubernetes e2e suite" time="0">
          <skipped></skipped>
      </testcase>
      <testcase name="[sig-cli] Kubectl Port forwarding With a server listening on localhost that expects a client request should support a client that connects, sends NO DATA, and disconnects" classname="Kubernetes e2e suite" time="0">
          <skipped></skipped>
      </testcase>
      <testcase name="[sig-storage] In-tree Volumes [Driver: local][LocalVolumeType: tmpfs] [Testpattern: Dynamic PV (default fs)] volumeIO should write files of various sizes, verify size, validate content [Slow]" classname="Kubernetes e2e suite" time="0">
          <skipped></skipped>
      </testcase>
      <testcase name="[sig-storage] In-tree Volumes [Driver: hostPathSymlink] [Testpattern: Inline-volume (default fs)] subPath should support readOnly directory specified in the volumeMount" classname="Kubernetes e2e suite" time="0">
          <skipped></skipped>
      </testcase>
      <testcase name="[sig-storage] In-tree Volumes [Driver: aws] [Testpattern: Dynamic PV (default fs)] subPath should unmount if pod is force deleted while kubelet is down [Disruptive][Slow][LinuxOnly]" classname="Kubernetes e2e suite" time="0">
          <skipped></skipped>
      </testcase>
      <testcase name="[sig-storage] In-tree Volumes [Driver: azure] [Testpattern: Inline-volume (default fs)] subPath should fail if subpath with backstepping is outside the volume [Slow]" classname="Kubernetes e2e suite" time="0">
          <skipped></skipped>
      </testcase>
      <testcase name="[sig-storage] CSI Volumes [Driver: csi-hostpath] [Testpattern: Pre-provisioned PV (default fs)] subPath should support readOnly directory specified in the volumeMount" classname="Kubernetes e2e suite" time="0">
          <skipped></skipped>
      </testcase>
      <testcase name="[sig-storage] In-tree Volumes [Driver: iscsi][Feature:Volumes] [Testpattern: Dynamic PV (ext4)] volumes should allow exec of files on the volume" classname="Kubernetes e2e suite" time="0">
          <skipped></skipped>
      </testcase>
      <testcase name="[sig-storage] In-tree Volumes [Driver: local][LocalVolumeType: gce-localssd-scsi-fs] [Serial] [Testpattern: Dynamic PV (block volmode)] multiVolume [Slow] should access to two volumes with different volume mode and retain data across pod recreation on different node" classname="Kubernetes e2e suite" time="0">
          <skipped></skipped>
      </testcase>
      <testcase name="[sig-storage] In-tree Volumes [Driver: cinder] [Testpattern: Pre-provisioned PV (filesystem volmode)] multiVolume [Slow] should access to two volumes with the same volume mode and retain data across pod recreation on the same node" classname="Kubernetes e2e suite" time="0">
          <skipped></skipped>
      </testcase>
      <testcase name="[sig-storage] In-tree Volumes [Driver: local][LocalVolumeType: dir-link-bindmounted] [Testpattern: Dynamic PV (ext4)] volumes should store data" classname="Kubernetes e2e suite" time="0">
          <skipped></skipped>
      </testcase>
      <testcase name="[sig-storage] In-tree Volumes [Driver: local][LocalVolumeType: dir-link-bindmounted] [Testpattern: Dynamic PV (filesystem volmode)] multiVolume [Slow] should concurrently access the single volume from pods on the same node" classname="Kubernetes e2e suite" time="0">
          <skipped></skipped>
      </testcase>
      <testcase name="[k8s.io] Container Lifecycle Hook when create a pod with lifecycle hook should execute poststart exec hook properly [NodeConformance] [Conformance]" classname="Kubernetes e2e suite" time="65.977785552"></testcase>
      <testcase name="[sig-storage] Downward API volume should provide container&#39;s cpu request [NodeConformance] [Conformance]" classname="Kubernetes e2e suite" time="19.94871182"></testcase>
      <testcase name="[sig-storage] In-tree Volumes [Driver: local][LocalVolumeType: block] [Testpattern: Inline-volume (default fs)] subPath should support restarting containers using directory as subpath [Slow]" classname="Kubernetes e2e suite" time="0">
          <skipped></skipped>
      </testcase>
      <testcase name="[sig-storage] Zone Support Verify PVC creation with incompatible zone along with compatible storagePolicy and datastore combination specified in storage class fails" classname="Kubernetes e2e suite" time="0">
          <skipped></skipped>
      </testcase>
      <testcase name="[sig-storage] CSI Volumes [Driver: csi-hostpath] [Testpattern: Dynamic PV (default fs)] subPath should support non-existent path" classname="Kubernetes e2e suite" time="0">
          <skipped></skipped>
      </testcase>
      <testcase name="[sig-storage] In-tree Volumes [Driver: local][LocalVolumeType: block] [Testpattern: Dynamic PV (default fs)] volume-expand should not allow expansion of pvcs without AllowVolumeExpansion property" classname="Kubernetes e2e suite" time="0">
          <skipped></skipped>
      </testcase>
      <testcase name="[sig-storage] In-tree Volumes [Driver: gcepd] [Testpattern: Inline-volume (default fs)] subPath should unmount if pod is force deleted while kubelet is down [Disruptive][Slow][LinuxOnly]" classname="Kubernetes e2e suite" time="0">
          <skipped></skipped>
      </testcase>
      <testcase name="[sig-storage] CSI Volumes [Driver: csi-hostpath-v0] [Testpattern: Dynamic PV (block volmode)] multiVolume [Slow] should access to two volumes with the same volume mode and retain data across pod recreation on different node" classname="Kubernetes e2e suite" time="0">
          <skipped></skipped>
      </testcase>
      <testcase name="[k8s.io] [sig-node] AppArmor load AppArmor profiles should enforce an AppArmor profile" classname="Kubernetes e2e suite" time="0">
          <skipped></skipped>
      </testcase>
      <testcase name="[sig-storage] In-tree Volumes [Driver: rbd][Feature:Volumes] [Testpattern: Dynamic PV (default fs)] subPath should support restarting containers using file as subpath [Slow][LinuxOnly]" classname="Kubernetes e2e suite" time="0">
          <skipped></skipped>
      </testcase>
      <testcase name="[sig-storage] CSI Volumes [Driver: csi-hostpath-v0] [Testpattern: Dynamic PV (ntfs)][sig-windows] subPath should support restarting containers using file as subpath [Slow][LinuxOnly]" classname="Kubernetes e2e suite" time="0">
          <skipped></skipped>
      </testcase>
      <testcase name="[sig-api-machinery] Namespaces [Serial] should ensure that all services are removed when a namespace is deleted [Conformance]" classname="Kubernetes e2e suite" time="0">
          <skipped></skipped>
      </testcase>
      <testcase name="[sig-storage] In-tree Volumes [Driver: local][LocalVolumeType: dir-link] [Testpattern: Pre-provisioned PV (default fs)] subPath should support readOnly directory specified in the volumeMount" classname="Kubernetes e2e suite" time="0">
          <skipped></skipped>
      </testcase>
      <testcase name="[sig-storage] In-tree Volumes [Driver: hostPathSymlink] [Testpattern: Pre-provisioned PV (block volmode)] multiVolume [Slow] should access to two volumes with the same volume mode and retain data across pod recreation on the same node" classname="Kubernetes e2e suite" time="0">
          <skipped></skipped>
      </testcase>
      <testcase name="[sig-storage] In-tree Volumes [Driver: nfs] [Testpattern: Dynamic PV (filesystem volmode)] multiVolume [Slow] should access to two volumes with the same volume mode and retain data across pod recreation on the same node" classname="Kubernetes e2e suite" time="0">
          <skipped></skipped>
      </testcase>
      <testcase name="[sig-storage] In-tree Volumes [Driver: hostPathSymlink] [Testpattern: Pre-provisioned PV (default fs)] subPath should support existing directory" classname="Kubernetes e2e suite" time="0">
          <skipped></skipped>
      </testcase>
      <testcase name="[sig-storage] In-tree Volumes [Driver: local][LocalVolumeType: tmpfs] [Testpattern: Pre-provisioned PV (default fs)] subPath should verify container cannot write to subpath readonly volumes [Slow]" classname="Kubernetes e2e suite" time="0">
          <skipped></skipped>
      </testcase>
      <testcase name="[sig-storage] CSI Volumes [Driver: csi-hostpath-v0] [Testpattern: Pre-provisioned PV (default fs)] subPath should support non-existent path" classname="Kubernetes e2e suite" time="0">
          <skipped></skipped>
      </testcase>
      <testcase name="[sig-storage] In-tree Volumes [Driver: gcepd] [Testpattern: Inline-volume (default fs)] subPath should verify container cannot write to subpath readonly volumes [Slow]" classname="Kubernetes e2e suite" time="0">
          <skipped></skipped>
      </testcase>
      <testcase name="[sig-storage] CSI Volumes [Driver: csi-hostpath] [Testpattern: Dynamic PV (ntfs)][sig-windows] subPath should support file as subpath [LinuxOnly]" classname="Kubernetes e2e suite" time="0">
          <skipped></skipped>
      </testcase>
      <testcase name="[sig-storage] In-tree Volumes [Driver: local][LocalVolumeType: tmpfs] [Testpattern: Inline-volume (default fs)] subPath should fail if subpath file is outside the volume [Slow][LinuxOnly]" classname="Kubernetes e2e suite" time="0">
          <skipped></skipped>
      </testcase>
      <testcase name="[sig-storage] In-tree Volumes [Driver: nfs] [Testpattern: Dynamic PV (ntfs)][sig-windows] provisioning should provision storage with pvc data source" classname="Kubernetes e2e suite" time="0">
          <skipped></skipped>
      </testcase>
      <testcase name="[sig-storage] In-tree Volumes [Driver: local][LocalVolumeType: tmpfs] [Testpattern: Pre-provisioned PV (filesystem volmode)] multiVolume [Slow] should concurrently access the single volume from pods on different node" classname="Kubernetes e2e suite" time="0">
          <skipped></skipped>
      </testcase>
      <testcase name="[sig-storage] In-tree Volumes [Driver: local][LocalVolumeType: gce-localssd-scsi-fs] [Serial] [Testpattern: Pre-provisioned PV (block volmode)] volumes should store data" classname="Kubernetes e2e suite" time="0">
          <skipped></skipped>
      </testcase>
      <testcase name="[sig-storage] In-tree Volumes [Driver: local][LocalVolumeType: dir-bindmounted] [Testpattern: Dynamic PV (ntfs)][sig-windows] subPath should support existing single file [LinuxOnly]" classname="Kubernetes e2e suite" time="0">
          <skipped></skipped>
      </testcase>
      <testcase name="[sig-storage] In-tree Volumes [Driver: local][LocalVolumeType: dir-link] [Testpattern: Dynamic PV (default fs)] subPath should support existing directory" classname="Kubernetes e2e suite" time="0">
          <skipped></skipped>
      </testcase>
      <testcase name="[sig-storage] In-tree Volumes [Driver: local][LocalVolumeType: dir-link] [Testpattern: Dynamic PV (default fs)] provisioning should provision storage with pvc data source" classname="Kubernetes e2e suite" time="0">
          <skipped></skipped>
      </testcase>
      <testcase name="[sig-storage] In-tree Volumes [Driver: local][LocalVolumeType: dir] [Testpattern: Pre-provisioned PV (ext3)] volumes should allow exec of files on the volume" classname="Kubernetes e2e suite" time="0">
          <skipped></skipped>
      </testcase>
      <testcase name="[sig-storage] PersistentVolumes-local  Pods sharing a single local PV [Serial] all pods should be running" classname="Kubernetes e2e suite" time="0">
          <skipped></skipped>
      </testcase>
      <testcase name="[sig-cli] Kubectl Port forwarding With a server listening on localhost that expects a client request should support a client that connects, sends DATA, and disconnects" classname="Kubernetes e2e suite" time="0">
          <skipped></skipped>
      </testcase>
      <testcase name="[sig-storage] In-tree Volumes [Driver: local][LocalVolumeType: dir-link-bindmounted] [Testpattern: Dynamic PV (ntfs)][sig-windows] subPath should fail if non-existent subpath is outside the volume [Slow][LinuxOnly]" classname="Kubernetes e2e suite" time="0">
          <skipped></skipped>
      </testcase>
      <testcase name="[sig-storage] In-tree Volumes [Driver: azure] [Testpattern: Dynamic PV (ext3)] volumes should allow exec of files on the volume" classname="Kubernetes e2e suite" time="0">
          <skipped></skipped>
      </testcase>
      <testcase name="[sig-storage] In-tree Volumes [Driver: hostPathSymlink] [Testpattern: Dynamic PV (ntfs)][sig-windows] subPath should support file as subpath [LinuxOnly]" classname="Kubernetes e2e suite" time="0">
          <skipped></skipped>
      </testcase>
      <testcase name="[sig-storage] In-tree Volumes [Driver: gcepd] [Testpattern: Pre-provisioned PV (default fs)] subPath should unmount if pod is gracefully deleted while kubelet is down [Disruptive][Slow][LinuxOnly]" classname="Kubernetes e2e suite" time="0">
          <skipped></skipped>
      </testcase>
      <testcase name="[sig-storage] In-tree Volumes [Driver: local][LocalVolumeType: tmpfs] [Testpattern: Dynamic PV (filesystem volmode)] multiVolume [Slow] should concurrently access the single volume from pods on the same node" classname="Kubernetes e2e suite" time="0">
          <skipped></skipped>
      </testcase>
      <testcase name="[sig-storage] In-tree Volumes [Driver: rbd][Feature:Volumes] [Testpattern: Dynamic PV (block volmode)(allowExpansion)] volume-expand should resize volume when PVC is edited while pod is using it" classname="Kubernetes e2e suite" time="0">
          <skipped></skipped>
      </testcase>
      <testcase name="[sig-storage] PersistentVolumes-local  [Volume type: blockfswithformat] One pod requesting one prebound PVC should be able to mount volume and write from pod1" classname="Kubernetes e2e suite" time="0">
          <skipped></skipped>
      </testcase>
      <testcase name="[sig-storage] In-tree Volumes [Driver: iscsi][Feature:Volumes] [Testpattern: Pre-provisioned PV (default fs)] subPath should fail if subpath with backstepping is outside the volume [Slow]" classname="Kubernetes e2e suite" time="0">
          <skipped></skipped>
      </testcase>
      <testcase name="[sig-storage] In-tree Volumes [Driver: gcepd] [Testpattern: Dynamic PV (block volmode)] multiVolume [Slow] should concurrently access the single volume from pods on different node" classname="Kubernetes e2e suite" time="0">
          <skipped></skipped>
      </testcase>
      <testcase name="[sig-storage] CSI Volumes [Driver: csi-hostpath] [Testpattern: Dynamic PV (default fs)] subPath should support creating multiple subpath from same volumes [Slow]" classname="Kubernetes e2e suite" time="0">
          <skipped></skipped>
      </testcase>
      <testcase name="[sig-storage] In-tree Volumes [Driver: nfs] [Testpattern: Dynamic PV (default fs)] subPath should support readOnly file specified in the volumeMount [LinuxOnly]" classname="Kubernetes e2e suite" time="0">
          <skipped></skipped>
      </testcase>
      <testcase name="[sig-storage] In-tree Volumes [Driver: gcepd] [Testpattern: Dynamic PV (block volmode)] multiVolume [Slow] should access to two volumes with the same volume mode and retain data across pod recreation on different node" classname="Kubernetes e2e suite" time="0">
          <skipped></skipped>
      </testcase>
      <testcase name="[sig-storage] In-tree Volumes [Driver: vSphere] [Testpattern: Dynamic PV (default fs)] subPath should support readOnly file specified in the volumeMount [LinuxOnly]" classname="Kubernetes e2e suite" time="0">
          <skipped></skipped>
      </testcase>
      <testcase name="[sig-storage] CSI Volumes [Driver: csi-hostpath] [Testpattern: Dynamic PV (ntfs)][sig-windows] subPath should unmount if pod is gracefully deleted while kubelet is down [Disruptive][Slow][LinuxOnly]" classname="Kubernetes e2e suite" time="0">
          <skipped></skipped>
      </testcase>
      <testcase name="[sig-storage] In-tree Volumes [Driver: nfs] [Testpattern: Dynamic PV (filesystem volmode)] multiVolume [Slow] should concurrently access the single volume from pods on the same node" classname="Kubernetes e2e suite" time="0">
          <skipped></skipped>
      </testcase>
      <testcase name="[sig-storage] In-tree Volumes [Driver: nfs] [Testpattern: Dynamic PV (block volmode)] disruptive[Disruptive] Should test that pv written before kubelet restart is readable after restart." classname="Kubernetes e2e suite" time="0">
          <skipped></skipped>
      </testcase>
      <testcase name="[k8s.io] Probing container should have monotonically increasing restart count [NodeConformance] [Conformance]" classname="Kubernetes e2e suite" time="163.21995895"></testcase>
      <testcase name="[sig-storage] In-tree Volumes [Driver: local][LocalVolumeType: blockfs] [Testpattern: Dynamic PV (xfs)][Slow] volumes should store data" classname="Kubernetes e2e suite" time="0">
          <skipped></skipped>
      </testcase>
      <testcase name="[sig-storage] In-tree Volumes [Driver: ceph][Feature:Volumes] [Testpattern: Inline-volume (ext4)] volumes should store data" classname="Kubernetes e2e suite" time="0">
          <skipped></skipped>
      </testcase>
      <testcase name="[sig-storage] CSI Volumes [Driver: pd.csi.storage.gke.io][Serial] [Testpattern: inline ephemeral CSI volume] ephemeral should create read/write inline ephemeral volume" classname="Kubernetes e2e suite" time="0">
          <skipped></skipped>
      </testcase>
      <testcase name="[sig-storage] CSI Volumes [Driver: pd.csi.storage.gke.io][Serial] [Testpattern: Inline-volume (default fs)] subPath should fail if subpath with backstepping is outside the volume [Slow]" classname="Kubernetes e2e suite" time="0">
          <skipped></skipped>
      </testcase>
      <testcase name="[sig-storage] In-tree Volumes [Driver: cinder] [Testpattern: Inline-volume (default fs)] subPath should verify container cannot write to subpath readonly volumes [Slow]" classname="Kubernetes e2e suite" time="0">
          <skipped></skipped>
      </testcase>
      <testcase name="[sig-storage] In-tree Volumes [Driver: azure] [Testpattern: Pre-provisioned PV (default fs)] volumeIO should write files of various sizes, verify size, validate content [Slow]" classname="Kubernetes e2e suite" time="0">
          <skipped></skipped>
      </testcase>
      <testcase name="[sig-storage] CSI Volumes [Driver: csi-hostpath-v0] [Testpattern: Inline-volume (xfs)][Slow] volumes should allow exec of files on the volume" classname="Kubernetes e2e suite" time="0">
          <skipped></skipped>
      </testcase>
      <testcase name="[sig-storage] In-tree Volumes [Driver: local][LocalVolumeType: dir-bindmounted] [Testpattern: Dynamic PV (ntfs)][sig-windows] volumes should allow exec of files on the volume" classname="Kubernetes e2e suite" time="0">
          <skipped></skipped>
      </testcase>
      <testcase name="[sig-storage] In-tree Volumes [Driver: rbd][Feature:Volumes] [Testpattern: Dynamic PV (default fs)] subPath should be able to unmount after the subpath directory is deleted" classname="Kubernetes e2e suite" time="0">
          <skipped></skipped>
      </testcase>
      <testcase name="[sig-storage] In-tree Volumes [Driver: local][LocalVolumeType: tmpfs] [Testpattern: Inline-volume (ext3)] volumes should allow exec of files on the volume" classname="Kubernetes e2e suite" time="0">
          <skipped></skipped>
      </testcase>
      <testcase name="[sig-storage] In-tree Volumes [Driver: cinder] [Testpattern: Dynamic PV (default fs)] provisioning should provision storage with snapshot data source [Feature:VolumeSnapshotDataSource]" classname="Kubernetes e2e suite" time="0">
          <skipped></skipped>
      </testcase>
      <testcase name="[sig-scheduling] Multi-AZ Clusters should spread the pods of a replication controller across zones" classname="Kubernetes e2e suite" time="0">
          <skipped></skipped>
      </testcase>
      <testcase name="[sig-storage] In-tree Volumes [Driver: gcepd] [Testpattern: Dynamic PV (filesystem volmode)] multiVolume [Slow] should access to two volumes with different volume mode and retain data across pod recreation on different node" classname="Kubernetes e2e suite" time="0">
          <skipped></skipped>
      </testcase>
      <testcase name="[sig-network] Loadbalancing: L7 GCE [Slow] [Feature:Ingress] should support multiple TLS certs" classname="Kubernetes e2e suite" time="0">
          <skipped></skipped>
      </testcase>
      <testcase name="[sig-storage] In-tree Volumes [Driver: hostPathSymlink] [Testpattern: Pre-provisioned PV (default fs)] subPath should support existing directories when readOnly specified in the volumeSource" classname="Kubernetes e2e suite" time="0">
          <skipped></skipped>
      </testcase>
      <testcase name="[sig-network] Networking Granular Checks: Services should function for node-Service: http" classname="Kubernetes e2e suite" time="0">
          <skipped></skipped>
      </testcase>
      <testcase name="[sig-storage] In-tree Volumes [Driver: gluster] [Testpattern: Pre-provisioned PV (default fs)] subPath should support restarting containers using directory as subpath [Slow]" classname="Kubernetes e2e suite" time="0">
          <skipped></skipped>
      </testcase>
      <testcase name="[sig-storage] CSI Volumes [Driver: csi-hostpath-v0] [Testpattern: Pre-provisioned PV (default fs)] subPath should fail if subpath directory is outside the volume [Slow]" classname="Kubernetes e2e suite" time="0">
          <skipped></skipped>
      </testcase>
      <testcase name="[sig-api-machinery] ResourceQuota should verify ResourceQuota with terminating scopes. [Conformance]" classname="Kubernetes e2e suite" time="25.968783607"></testcase>
      <testcase name="[sig-storage] In-tree Volumes [Driver: local][LocalVolumeType: dir-bindmounted] [Testpattern: Dynamic PV (block volmode)] volume-expand should not allow expansion of pvcs without AllowVolumeExpansion property" classname="Kubernetes e2e suite" time="0">
          <skipped></skipped>
      </testcase>
      <testcase name="[sig-storage] In-tree Volumes [Driver: gcepd] [Testpattern: Pre-provisioned PV (default fs)] volumes should store data" classname="Kubernetes e2e suite" time="0">
          <skipped></skipped>
      </testcase>
      <testcase name="[sig-storage] In-tree Volumes [Driver: local][LocalVolumeType: dir-link] [Testpattern: Inline-volume (default fs)] subPath should support restarting containers using file as subpath [Slow][LinuxOnly]" classname="Kubernetes e2e suite" time="0">
          <skipped></skipped>
      </testcase>
      <testcase name="[sig-storage] In-tree Volumes [Driver: cinder] [Testpattern: Dynamic PV (block volmode)] multiVolume [Slow] should access to two volumes with different volume mode and retain data across pod recreation on different node" classname="Kubernetes e2e suite" time="0">
          <skipped></skipped>
      </testcase>
      <testcase name="[sig-storage] In-tree Volumes [Driver: gcepd] [Testpattern: Inline-volume (default fs)] subPath should support existing directories when readOnly specified in the volumeSource" classname="Kubernetes e2e suite" time="0">
          <skipped></skipped>
      </testcase>
      <testcase name="[sig-storage] In-tree Volumes [Driver: aws] [Testpattern: Pre-provisioned PV (default fs)] subPath should unmount if pod is force deleted while kubelet is down [Disruptive][Slow][LinuxOnly]" classname="Kubernetes e2e suite" time="0">
          <skipped></skipped>
      </testcase>
      <testcase name="[sig-storage] In-tree Volumes [Driver: vSphere] [Testpattern: Dynamic PV (ext3)] volumes should store data" classname="Kubernetes e2e suite" time="0">
          <skipped></skipped>
      </testcase>
      <testcase name="[sig-storage] In-tree Volumes [Driver: local][LocalVolumeType: dir-bindmounted] [Testpattern: Dynamic PV (default fs)] volumes should store data" classname="Kubernetes e2e suite" time="0">
          <skipped></skipped>
      </testcase>
      <testcase name="[sig-storage] In-tree Volumes [Driver: rbd][Feature:Volumes] [Testpattern: Dynamic PV (block volmode)] volumeMode should fail to use a volume in a pod with mismatched mode [Slow]" classname="Kubernetes e2e suite" time="0">
          <skipped></skipped>
      </testcase>
      <testcase name="[sig-storage] In-tree Volumes [Driver: gcepd] [Testpattern: Dynamic PV (ntfs)][sig-windows] subPath should support file as subpath [LinuxOnly]" classname="Kubernetes e2e suite" time="0">
          <skipped></skipped>
      </testcase>
      <testcase name="[sig-storage] In-tree Volumes [Driver: hostPath] [Testpattern: Dynamic PV (default fs)] subPath should support restarting containers using directory as subpath [Slow]" classname="Kubernetes e2e suite" time="0">
          <skipped></skipped>
      </testcase>
      <testcase name="[sig-storage] In-tree Volumes [Driver: nfs] [Testpattern: Pre-provisioned PV (filesystem volmode)] volumeMode should not mount / map unused volumes in a pod" classname="Kubernetes e2e suite" time="0">
          <skipped></skipped>
      </testcase>
      <testcase name="[sig-apps] Network Partition [Disruptive] [Slow] [k8s.io] Pods should be evicted from unready Node [Feature:TaintEviction] All pods on the unreachable node should be marked as NotReady upon the node turn NotReady AND all pods should be evicted after eviction timeout passes" classname="Kubernetes e2e suite" time="0">
          <skipped></skipped>
      </testcase>
      <testcase name="[sig-storage] In-tree Volumes [Driver: gluster] [Testpattern: Pre-provisioned PV (ext3)] volumes should allow exec of files on the volume" classname="Kubernetes e2e suite" time="0">
          <skipped></skipped>
      </testcase>
      <testcase name="[sig-storage] CSI Volumes [Driver: pd.csi.storage.gke.io][Serial] [Testpattern: Dynamic PV (default fs)] volumes should store data" classname="Kubernetes e2e suite" time="0">
          <skipped></skipped>
      </testcase>
      <testcase name="[sig-storage] Projected secret should be consumable from pods in volume [NodeConformance] [Conformance]" classname="Kubernetes e2e suite" time="19.890141166"></testcase>
      <testcase name="[sig-storage] In-tree Volumes [Driver: local][LocalVolumeType: gce-localssd-scsi-fs] [Serial] [Testpattern: Inline-volume (default fs)] subPath should fail if subpath with backstepping is outside the volume [Slow]" classname="Kubernetes e2e suite" time="0">
          <skipped></skipped>
      </testcase>
      <testcase name="[sig-storage] In-tree Volumes [Driver: nfs] [Testpattern: Dynamic PV (default fs)] subPath should fail if subpath directory is outside the volume [Slow]" classname="Kubernetes e2e suite" time="0">
          <skipped></skipped>
      </testcase>
      <testcase name="[sig-storage] In-tree Volumes [Driver: ceph][Feature:Volumes] [Testpattern: Pre-provisioned PV (xfs)][Slow] volumes should store data" classname="Kubernetes e2e suite" time="0">
          <skipped></skipped>
      </testcase>
      <testcase name="[sig-storage] CSI Volumes [Driver: csi-hostpath] [Testpattern: Dynamic PV (filesystem volmode)] multiVolume [Slow] should access to two volumes with different volume mode and retain data across pod recreation on the same node" classname="Kubernetes e2e suite" time="0">
          <skipped></skipped>
      </testcase>
      <testcase name="[sig-storage] CSI Volumes [Driver: csi-hostpath-v0] [Testpattern: Dynamic PV (ntfs)][sig-windows] provisioning should provision storage with mount options" classname="Kubernetes e2e suite" time="0">
          <skipped></skipped>
      </testcase>
      <testcase name="[sig-storage] In-tree Volumes [Driver: iscsi][Feature:Volumes] [Testpattern: Inline-volume (default fs)] subPath should support existing directories when readOnly specified in the volumeSource" classname="Kubernetes e2e suite" time="0">
          <skipped></skipped>
      </testcase>
      <testcase name="[sig-storage] In-tree Volumes [Driver: local][LocalVolumeType: block] [Testpattern: Dynamic PV (default fs)(allowExpansion)] volume-expand Verify if offline PVC expansion works" classname="Kubernetes e2e suite" time="0">
          <skipped></skipped>
      </testcase>
      <testcase name="[sig-storage] In-tree Volumes [Driver: local][LocalVolumeType: dir-link-bindmounted] [Testpattern: Pre-provisioned PV (default fs)] subPath should support restarting containers using directory as subpath [Slow]" classname="Kubernetes e2e suite" time="0">
          <skipped></skipped>
      </testcase>
      <testcase name="[sig-storage] In-tree Volumes [Driver: local][LocalVolumeType: dir-bindmounted] [Testpattern: Dynamic PV (ext4)] volumes should allow exec of files on the volume" classname="Kubernetes e2e suite" time="0">
          <skipped></skipped>
      </testcase>
      <testcase name="[sig-storage] In-tree Volumes [Driver: gcepd] [Testpattern: Inline-volume (default fs)] subPath should fail if subpath with backstepping is outside the volume [Slow]" classname="Kubernetes e2e suite" time="0">
          <skipped></skipped>
      </testcase>
      <testcase name="[sig-storage] In-tree Volumes [Driver: emptydir] [Testpattern: Pre-provisioned PV (default fs)] subPath should support restarting containers using directory as subpath [Slow]" classname="Kubernetes e2e suite" time="0">
          <skipped></skipped>
      </testcase>
      <testcase name="[sig-storage] In-tree Volumes [Driver: local][LocalVolumeType: dir-link-bindmounted] [Testpattern: Inline-volume (default fs)] subPath should fail if non-existent subpath is outside the volume [Slow][LinuxOnly]" classname="Kubernetes e2e suite" time="0">
          <skipped></skipped>
      </testcase>
      <testcase name="[sig-storage] In-tree Volumes [Driver: local][LocalVolumeType: tmpfs] [Testpattern: Pre-provisioned PV (block volmode)] multiVolume [Slow] should access to two volumes with different volume mode and retain data across pod recreation on different node" classname="Kubernetes e2e suite" time="0">
          <skipped></skipped>
      </testcase>
      <testcase name="[sig-storage] CSI Volumes [Driver: csi-hostpath] [Testpattern: Pre-provisioned PV (default fs)] subPath should unmount if pod is gracefully deleted while kubelet is down [Disruptive][Slow][LinuxOnly]" classname="Kubernetes e2e suite" time="0">
          <skipped></skipped>
      </testcase>
      <testcase name="[sig-instrumentation] Cadvisor should be healthy on every node." classname="Kubernetes e2e suite" time="0">
          <skipped></skipped>
      </testcase>
      <testcase name="[sig-scalability] Density [Feature:ManualPerformance] should allow starting 30 pods per node using Deployment.extensions with 0 secrets, 2 configmaps, 0 token projections, and 0 daemons" classname="Kubernetes e2e suite" time="0">
          <skipped></skipped>
      </testcase>
      <testcase name="[sig-storage] In-tree Volumes [Driver: hostPath] [Testpattern: Pre-provisioned PV (filesystem volmode)] volumeMode should fail to use a volume in a pod with mismatched mode [Slow]" classname="Kubernetes e2e suite" time="0">
          <skipped></skipped>
      </testcase>
      <testcase name="[sig-storage] In-tree Volumes [Driver: local][LocalVolumeType: gce-localssd-scsi-fs] [Serial] [Testpattern: Pre-provisioned PV (ext4)] volumes should allow exec of files on the volume" classname="Kubernetes e2e suite" time="0">
          <skipped></skipped>
      </testcase>
      <testcase name="[sig-autoscaling] Cluster size autoscaling [Slow] Shouldn&#39;t perform scale up operation and should list unhealthy status if most of the cluster is broken[Feature:ClusterSizeAutoscalingScaleUp]" classname="Kubernetes e2e suite" time="0">
          <skipped></skipped>
      </testcase>
      <testcase name="[sig-storage] In-tree Volumes [Driver: local][LocalVolumeType: tmpfs] [Testpattern: Pre-provisioned PV (filesystem volmode)] volumeMode should fail to use a volume in a pod with mismatched mode [Slow]" classname="Kubernetes e2e suite" time="0">
          <skipped></skipped>
      </testcase>
      <testcase name="[sig-storage] Downward API volume should provide container&#39;s memory limit [NodeConformance] [Conformance]" classname="Kubernetes e2e suite" time="17.876805591"></testcase>
      <testcase name="[k8s.io] Kubelet when scheduling a busybox command that always fails in a pod should have an terminated reason [NodeConformance] [Conformance]" classname="Kubernetes e2e suite" time="18.577192493"></testcase>
      <testcase name="[k8s.io] Container Runtime blackbox test on terminated container should report termination message [LinuxOnly] from log output if TerminationMessagePolicy FallbackToLogsOnError is set [NodeConformance] [Conformance]" classname="Kubernetes e2e suite" time="19.094434057"></testcase>
      <testcase name="[sig-storage] CSI Volumes [Driver: csi-hostpath] [Testpattern: Dynamic PV (default fs)] subPath should fail if subpath file is outside the volume [Slow][LinuxOnly]" classname="Kubernetes e2e suite" time="0">
          <skipped></skipped>
      </testcase>
      <testcase name="[sig-storage] In-tree Volumes [Driver: iscsi][Feature:Volumes] [Testpattern: Pre-provisioned PV (filesystem volmode)] multiVolume [Slow] should access to two volumes with different volume mode and retain data across pod recreation on different node" classname="Kubernetes e2e suite" time="0">
          <skipped></skipped>
      </testcase>
      <testcase name="[sig-storage] In-tree Volumes [Driver: ceph][Feature:Volumes] [Testpattern: Pre-provisioned PV (default fs)] volumeIO should write files of various sizes, verify size, validate content [Slow]" classname="Kubernetes e2e suite" time="0">
          <skipped></skipped>
      </testcase>
      <testcase name="[sig-storage] Projected configMap should be consumable from pods in volume [NodeConformance] [Conformance]" classname="Kubernetes e2e suite" time="21.868392566"></testcase>
      <testcase name="[sig-storage] In-tree Volumes [Driver: local][LocalVolumeType: dir] [Testpattern: Pre-provisioned PV (filesystem volmode)] multiVolume [Slow] should access to two volumes with different volume mode and retain data across pod recreation on the same node" classname="Kubernetes e2e suite" time="0">
          <skipped></skipped>
      </testcase>
      <testcase name="[sig-storage] CSI Volumes [Driver: csi-hostpath] [Testpattern: Inline-volume (ntfs)][sig-windows] volumes should store data" classname="Kubernetes e2e suite" time="0">
          <skipped></skipped>
      </testcase>
      <testcase name="[sig-storage] In-tree Volumes [Driver: local][LocalVolumeType: block] [Testpattern: Dynamic PV (default fs)] subPath should fail if non-existent subpath is outside the volume [Slow][LinuxOnly]" classname="Kubernetes e2e suite" time="0">
          <skipped></skipped>
      </testcase>
      <testcase name="[sig-storage] In-tree Volumes [Driver: nfs] [Testpattern: Dynamic PV (default fs)] volumeIO should write files of various sizes, verify size, validate content [Slow]" classname="Kubernetes e2e suite" time="0">
          <skipped></skipped>
      </testcase>
      <testcase name="[sig-storage] In-tree Volumes [Driver: hostPathSymlink] [Testpattern: Dynamic PV (block volmode)] multiVolume [Slow] should access to two volumes with different volume mode and retain data across pod recreation on different node" classname="Kubernetes e2e suite" time="0">
          <skipped></skipped>
      </testcase>
      <testcase name="[sig-storage] In-tree Volumes [Driver: ceph][Feature:Volumes] [Testpattern: Pre-provisioned PV (block volmode)] volumeMode should fail to use a volume in a pod with mismatched mode [Slow]" classname="Kubernetes e2e suite" time="0">
          <skipped></skipped>
      </testcase>
      <testcase name="[sig-storage] In-tree Volumes [Driver: aws] [Testpattern: Dynamic PV (filesystem volmode)] volumeMode should fail to use a volume in a pod with mismatched mode [Slow]" classname="Kubernetes e2e suite" time="0">
          <skipped></skipped>
      </testcase>
      <testcase name="[sig-storage] In-tree Volumes [Driver: gcepd] [Testpattern: Pre-provisioned PV (default fs)] volumeIO should write files of various sizes, verify size, validate content [Slow]" classname="Kubernetes e2e suite" time="0">
          <skipped></skipped>
      </testcase>
      <testcase name="[sig-storage] CSI Volumes [Driver: pd.csi.storage.gke.io][Serial] [Testpattern: Dynamic PV (default fs)] subPath should support file as subpath [LinuxOnly]" classname="Kubernetes e2e suite" time="0">
          <skipped></skipped>
      </testcase>
      <testcase name="[sig-storage] In-tree Volumes [Driver: hostPath] [Testpattern: Pre-provisioned PV (default fs)] subPath should fail if subpath file is outside the volume [Slow][LinuxOnly]" classname="Kubernetes e2e suite" time="0">
          <skipped></skipped>
      </testcase>
      <testcase name="[sig-storage] In-tree Volumes [Driver: azure] [Testpattern: Inline-volume (default fs)] subPath should verify container cannot write to subpath readonly volumes [Slow]" classname="Kubernetes e2e suite" time="0">
          <skipped></skipped>
      </testcase>
      <testcase name="[sig-auth] [Feature:NodeAuthorizer] A node shouldn&#39;t be able to create another node" classname="Kubernetes e2e suite" time="0">
          <skipped></skipped>
      </testcase>
      <testcase name="[sig-storage] In-tree Volumes [Driver: local][LocalVolumeType: dir-link-bindmounted] [Testpattern: Pre-provisioned PV (default fs)] subPath should fail if subpath directory is outside the volume [Slow]" classname="Kubernetes e2e suite" time="0">
          <skipped></skipped>
      </testcase>
      <testcase name="[sig-storage] In-tree Volumes [Driver: emptydir] [Testpattern: Dynamic PV (filesystem volmode)] multiVolume [Slow] should concurrently access the single volume from pods on the same node" classname="Kubernetes e2e suite" time="0">
          <skipped></skipped>
      </testcase>
      <testcase name="[sig-storage] CSI Volumes [Driver: csi-hostpath-v0] [Testpattern: Dynamic PV (ext3)] volumes should allow exec of files on the volume" classname="Kubernetes e2e suite" time="0">
          <skipped></skipped>
      </testcase>
      <testcase name="[sig-storage] In-tree Volumes [Driver: azure] [Testpattern: Dynamic PV (ntfs)][sig-windows] subPath should fail if subpath with backstepping is outside the volume [Slow]" classname="Kubernetes e2e suite" time="0">
          <skipped></skipped>
      </testcase>
      <testcase name="[sig-storage] In-tree Volumes [Driver: vSphere] [Testpattern: Dynamic PV (filesystem volmode)] multiVolume [Slow] should access to two volumes with different volume mode and retain data across pod recreation on different node" classname="Kubernetes e2e suite" time="0">
          <skipped></skipped>
      </testcase>
      <testcase name="[k8s.io] Docker Containers should be able to override the image&#39;s default arguments (docker cmd) [NodeConformance] [Conformance]" classname="Kubernetes e2e suite" time="19.844304421"></testcase>
      <testcase name="[sig-storage] In-tree Volumes [Driver: hostPathSymlink] [Testpattern: Dynamic PV (filesystem volmode)] multiVolume [Slow] should access to two volumes with different volume mode and retain data across pod recreation on different node" classname="Kubernetes e2e suite" time="0">
          <skipped></skipped>
      </testcase>
      <testcase name="[sig-storage] In-tree Volumes [Driver: ceph][Feature:Volumes] [Testpattern: Pre-provisioned PV (default fs)] subPath should support existing directory" classname="Kubernetes e2e suite" time="0">
          <skipped></skipped>
      </testcase>
      <testcase name="[sig-storage] In-tree Volumes [Driver: iscsi][Feature:Volumes] [Testpattern: Dynamic PV (default fs)] subPath should support non-existent path" classname="Kubernetes e2e suite" time="0">
          <skipped></skipped>
      </testcase>
      <testcase name="[sig-storage] In-tree Volumes [Driver: hostPath] [Testpattern: Inline-volume (default fs)] volumes should store data" classname="Kubernetes e2e suite" time="0">
          <skipped></skipped>
      </testcase>
      <testcase name="[sig-storage] In-tree Volumes [Driver: ceph][Feature:Volumes] [Testpattern: Pre-provisioned PV (filesystem volmode)] multiVolume [Slow] should concurrently access the single volume from pods on the same node" classname="Kubernetes e2e suite" time="0">
          <skipped></skipped>
      </testcase>
      <testcase name="[sig-storage] In-tree Volumes [Driver: gluster] [Testpattern: Pre-provisioned PV (default fs)] subPath should support restarting containers using file as subpath [Slow][LinuxOnly]" classname="Kubernetes e2e suite" time="0">
          <skipped></skipped>
      </testcase>
      <testcase name="[sig-network] DNS should resolve DNS of partial qualified names for the cluster [LinuxOnly]" classname="Kubernetes e2e suite" time="0">
          <skipped></skipped>
      </testcase>
      <testcase name="[sig-storage] In-tree Volumes [Driver: iscsi][Feature:Volumes] [Testpattern: Pre-provisioned PV (filesystem volmode)] multiVolume [Slow] should concurrently access the single volume from pods on the same node" classname="Kubernetes e2e suite" time="0">
          <skipped></skipped>
      </testcase>
      <testcase name="[sig-storage] In-tree Volumes [Driver: local][LocalVolumeType: dir-link-bindmounted] [Testpattern: Pre-provisioned PV (block volmode)] multiVolume [Slow] should concurrently access the single volume from pods on different node" classname="Kubernetes e2e suite" time="0">
          <skipped></skipped>
      </testcase>
      <testcase name="[sig-storage] In-tree Volumes [Driver: aws] [Testpattern: Pre-provisioned PV (default fs)] subPath should fail if subpath directory is outside the volume [Slow]" classname="Kubernetes e2e suite" time="0">
          <skipped></skipped>
      </testcase>
      <testcase name="[sig-storage] In-tree Volumes [Driver: azure] [Testpattern: Pre-provisioned PV (default fs)] subPath should fail if subpath file is outside the volume [Slow][LinuxOnly]" classname="Kubernetes e2e suite" time="0">
          <skipped></skipped>
      </testcase>
      <testcase name="[sig-api-machinery] Garbage collector should orphan RS created by deployment when deleteOptions.PropagationPolicy is Orphan [Conformance]" classname="Kubernetes e2e suite" time="41.901475827"></testcase>
      <testcase name="[sig-apps] ReplicaSet should surface a failure condition on a common issue like exceeded quota" classname="Kubernetes e2e suite" time="0">
          <skipped></skipped>
      </testcase>
      <testcase name="[sig-storage] In-tree Volumes [Driver: local][LocalVolumeType: dir-link] [Testpattern: Pre-provisioned PV (ext4)] volumes should allow exec of files on the volume" classname="Kubernetes e2e suite" time="0">
          <skipped></skipped>
      </testcase>
      <testcase name="[sig-storage] In-tree Volumes [Driver: local][LocalVolumeType: blockfs] [Testpattern: Pre-provisioned PV (ntfs)][sig-windows] volumes should store data" classname="Kubernetes e2e suite" time="0">
          <skipped></skipped>
      </testcase>
      <testcase name="[sig-storage] In-tree Volumes [Driver: rbd][Feature:Volumes] [Testpattern: Dynamic PV (default fs)] subPath should support file as subpath [LinuxOnly]" classname="Kubernetes e2e suite" time="0">
          <skipped></skipped>
      </testcase>
      <testcase name="[sig-storage] In-tree Volumes [Driver: rbd][Feature:Volumes] [Testpattern: Dynamic PV (ext3)] volumes should allow exec of files on the volume" classname="Kubernetes e2e suite" time="0">
          <skipped></skipped>
      </testcase>
      <testcase name="[sig-storage] In-tree Volumes [Driver: gcepd] [Testpattern: Dynamic PV (default fs)] subPath should support readOnly directory specified in the volumeMount" classname="Kubernetes e2e suite" time="0">
          <skipped></skipped>
      </testcase>
      <testcase name="[sig-api-machinery] ResourceQuota [Feature:PodPriority] should verify ResourceQuota&#39;s priority class scope (cpu, memory quota set) against a pod with same priority class." classname="Kubernetes e2e suite" time="0">
          <skipped></skipped>
      </testcase>
      <testcase name="[sig-cluster-lifecycle] Nodes [Disruptive] Resize [Slow] should be able to delete nodes" classname="Kubernetes e2e suite" time="0">
          <skipped></skipped>
      </testcase>
      <testcase name="[sig-storage] In-tree Volumes [Driver: cinder] [Testpattern: Dynamic PV (default fs)] subPath should support existing directories when readOnly specified in the volumeSource" classname="Kubernetes e2e suite" time="0">
          <skipped></skipped>
      </testcase>
      <testcase name="[sig-storage] In-tree Volumes [Driver: aws] [Testpattern: Pre-provisioned PV (default fs)] subPath should support restarting containers using file as subpath [Slow][LinuxOnly]" classname="Kubernetes e2e suite" time="0">
          <skipped></skipped>
      </testcase>
      <testcase name="[sig-storage] Pod Disks schedule pods each with a PD, delete pod and verify detach [Slow] for read-only PD with pod delete grace period of &#34;immediate (0s)&#34;" classname="Kubernetes e2e suite" time="0">
          <skipped></skipped>
      </testcase>
      <testcase name="[sig-storage] In-tree Volumes [Driver: ceph][Feature:Volumes] [Testpattern: Dynamic PV (default fs)] subPath should support restarting containers using file as subpath [Slow][LinuxOnly]" classname="Kubernetes e2e suite" time="0">
          <skipped></skipped>
      </testcase>
      <testcase name="[sig-storage] In-tree Volumes [Driver: nfs] [Testpattern: Pre-provisioned PV (block volmode)] multiVolume [Slow] should access to two volumes with the same volume mode and retain data across pod recreation on different node" classname="Kubernetes e2e suite" time="0">
          <skipped></skipped>
      </testcase>
      <testcase name="[sig-storage] CSI Volumes [Driver: csi-hostpath] [Testpattern: Pre-provisioned PV (ntfs)][sig-windows] volumes should store data" classname="Kubernetes e2e suite" time="0">
          <skipped></skipped>
      </testcase>
      <testcase name="[sig-storage] Secrets should be consumable from pods in volume with mappings [NodeConformance] [Conformance]" classname="Kubernetes e2e suite" time="19.884716417"></testcase>
      <testcase name="[sig-storage] In-tree Volumes [Driver: gcepd] [Testpattern: Inline-volume (default fs)] subPath should fail if subpath file is outside the volume [Slow][LinuxOnly]" classname="Kubernetes e2e suite" time="0">
          <skipped></skipped>
      </testcase>
      <testcase name="[sig-storage] In-tree Volumes [Driver: local][LocalVolumeType: block] [Testpattern: Dynamic PV (ntfs)][sig-windows] subPath should fail if subpath directory is outside the volume [Slow]" classname="Kubernetes e2e suite" time="0">
          <skipped></skipped>
      </testcase>
      <testcase name="[sig-storage] In-tree Volumes [Driver: local][LocalVolumeType: dir] [Testpattern: Pre-provisioned PV (ext3)] volumes should store data" classname="Kubernetes e2e suite" time="0">
          <skipped></skipped>
      </testcase>
      <testcase name="[sig-storage] In-tree Volumes [Driver: cinder] [Testpattern: Inline-volume (default fs)] subPath should fail if subpath directory is outside the volume [Slow]" classname="Kubernetes e2e suite" time="0">
          <skipped></skipped>
      </testcase>
      <testcase name="[sig-storage] In-tree Volumes [Driver: local][LocalVolumeType: dir] [Testpattern: Pre-provisioned PV (default fs)] subPath should support restarting containers using file as subpath [Slow][LinuxOnly]" classname="Kubernetes e2e suite" time="0">
          <skipped></skipped>
      </testcase>
      <testcase name="[sig-storage] CSI Volumes [Driver: csi-hostpath] [Testpattern: Dynamic PV (default fs)] subPath should fail if subpath directory is outside the volume [Slow]" classname="Kubernetes e2e suite" time="0">
          <skipped></skipped>
      </testcase>
      <testcase name="[sig-storage] In-tree Volumes [Driver: local][LocalVolumeType: gce-localssd-scsi-fs] [Serial] [Testpattern: Pre-provisioned PV (ext4)] volumes should store data" classname="Kubernetes e2e suite" time="0">
          <skipped></skipped>
      </testcase>
      <testcase name="[sig-storage] Projected downwardAPI should provide node allocatable (memory) as default memory limit if the limit is not set [NodeConformance] [Conformance]" classname="Kubernetes e2e suite" time="19.9335088"></testcase>
      <testcase name="[sig-storage] In-tree Volumes [Driver: hostPath] [Testpattern: Pre-provisioned PV (filesystem volmode)] volumeMode should not mount / map unused volumes in a pod" classname="Kubernetes e2e suite" time="0">
          <skipped></skipped>
      </testcase>
      <testcase name="[sig-storage] In-tree Volumes [Driver: local][LocalVolumeType: dir-link-bindmounted] [Testpattern: Pre-provisioned PV (default fs)] volumes should allow exec of files on the volume" classname="Kubernetes e2e suite" time="0">
          <skipped></skipped>
      </testcase>
      <testcase name="[sig-storage] In-tree Volumes [Driver: nfs] [Testpattern: Pre-provisioned PV (ext3)] volumes should store data" classname="Kubernetes e2e suite" time="0">
          <skipped></skipped>
      </testcase>
      <testcase name="[sig-storage] In-tree Volumes [Driver: local][LocalVolumeType: block] [Testpattern: Dynamic PV (block volmode)] volumeMode should not mount / map unused volumes in a pod" classname="Kubernetes e2e suite" time="0">
          <skipped></skipped>
      </testcase>
      <testcase name="[sig-storage] In-tree Volumes [Driver: local][LocalVolumeType: tmpfs] [Testpattern: Dynamic PV (ntfs)][sig-windows] subPath should support creating multiple subpath from same volumes [Slow]" classname="Kubernetes e2e suite" time="0">
          <skipped></skipped>
      </testcase>
      <testcase name="[sig-storage] In-tree Volumes [Driver: local][LocalVolumeType: tmpfs] [Testpattern: Pre-provisioned PV (ext3)] volumes should allow exec of files on the volume" classname="Kubernetes e2e suite" time="0">
          <skipped></skipped>
      </testcase>
      <testcase name="[sig-storage] In-tree Volumes [Driver: emptydir] [Testpattern: Inline-volume (default fs)] subPath should fail if subpath with backstepping is outside the volume [Slow]" classname="Kubernetes e2e suite" time="0">
          <skipped></skipped>
      </testcase>
      <testcase name="[sig-storage] In-tree Volumes [Driver: local][LocalVolumeType: block] [Testpattern: Inline-volume (default fs)] subPath should unmount if pod is gracefully deleted while kubelet is down [Disruptive][Slow][LinuxOnly]" classname="Kubernetes e2e suite" time="0">
          <skipped></skipped>
      </testcase>
      <testcase name="[sig-storage] EmptyDir volumes should support (non-root,0777,tmpfs) [LinuxOnly] [NodeConformance] [Conformance]" classname="Kubernetes e2e suite" time="17.92467997"></testcase>
      <testcase name="[sig-storage] In-tree Volumes [Driver: local][LocalVolumeType: block] [Testpattern: Pre-provisioned PV (default fs)] volumeIO should write files of various sizes, verify size, validate content [Slow]" classname="Kubernetes e2e suite" time="0">
          <skipped></skipped>
      </testcase>
      <testcase name="[sig-storage] In-tree Volumes [Driver: vSphere] [Testpattern: Dynamic PV (ntfs)][sig-windows] provisioning should provision storage with pvc data source" classname="Kubernetes e2e suite" time="0">
          <skipped></skipped>
      </testcase>
      <testcase name="[sig-storage] Projected secret should be consumable from pods in volume with mappings and Item Mode set [LinuxOnly] [NodeConformance] [Conformance]" classname="Kubernetes e2e suite" time="19.87083677"></testcase>
      <testcase name="[sig-storage] In-tree Volumes [Driver: gcepd] [Testpattern: Pre-provisioned PV (default fs)] subPath should support creating multiple subpath from same volumes [Slow]" classname="Kubernetes e2e suite" time="0">
          <skipped></skipped>
      </testcase>
      <testcase name="[sig-storage] PersistentVolumes-local  [Volume type: tmpfs] Set fsGroup for local volume should set same fsGroup for two pods simultaneously [Slow]" classname="Kubernetes e2e suite" time="0">
          <skipped></skipped>
      </testcase>
      <testcase name="[sig-storage] In-tree Volumes [Driver: local][LocalVolumeType: dir-link-bindmounted] [Testpattern: Dynamic PV (default fs)] subPath should unmount if pod is gracefully deleted while kubelet is down [Disruptive][Slow][LinuxOnly]" classname="Kubernetes e2e suite" time="0">
          <skipped></skipped>
      </testcase>
      <testcase name="[sig-storage] In-tree Volumes [Driver: gcepd] [Testpattern: Pre-provisioned PV (default fs)] subPath should be able to unmount after the subpath directory is deleted" classname="Kubernetes e2e suite" time="0">
          <skipped></skipped>
      </testcase>
      <testcase name="[sig-storage] In-tree Volumes [Driver: vSphere] [Testpattern: Pre-provisioned PV (filesystem volmode)] multiVolume [Slow] should access to two volumes with the same volume mode and retain data across pod recreation on the same node" classname="Kubernetes e2e suite" time="0">
          <skipped></skipped>
      </testcase>
      <testcase name="[sig-storage] In-tree Volumes [Driver: local][LocalVolumeType: dir-link-bindmounted] [Testpattern: Pre-provisioned PV (default fs)] subPath should fail if subpath with backstepping is outside the volume [Slow]" classname="Kubernetes e2e suite" time="0">
          <skipped></skipped>
      </testcase>
      <testcase name="[sig-storage] In-tree Volumes [Driver: cinder] [Testpattern: Dynamic PV (filesystem volmode)] multiVolume [Slow] should access to two volumes with the same volume mode and retain data across pod recreation on the same node" classname="Kubernetes e2e suite" time="0">
          <skipped></skipped>
      </testcase>
      <testcase name="[sig-storage] Dynamic Provisioning Invalid AWS KMS key should report an error and create no PV" classname="Kubernetes e2e suite" time="0">
          <skipped></skipped>
      </testcase>
      <testcase name="[sig-storage] Downward API volume should update labels on modification [NodeConformance] [Conformance]" classname="Kubernetes e2e suite" time="30.375080045"></testcase>
      <testcase name="[sig-storage] In-tree Volumes [Driver: azure] [Testpattern: Dynamic PV (ntfs)][sig-windows] subPath should support creating multiple subpath from same volumes [Slow]" classname="Kubernetes e2e suite" time="0">
          <skipped></skipped>
      </testcase>
      <testcase name="[sig-storage] In-tree Volumes [Driver: local][LocalVolumeType: dir-link] [Testpattern: Dynamic PV (block volmode)] multiVolume [Slow] should access to two volumes with different volume mode and retain data across pod recreation on the same node" classname="Kubernetes e2e suite" time="0">
          <skipped></skipped>
      </testcase>
      <testcase name="[sig-storage] In-tree Volumes [Driver: aws] [Testpattern: Pre-provisioned PV (default fs)] subPath should support file as subpath [LinuxOnly]" classname="Kubernetes e2e suite" time="0">
          <skipped></skipped>
      </testcase>
      <testcase name="[sig-storage] CSI Volumes [Driver: csi-hostpath] [Testpattern: Inline-volume (default fs)] volumeIO should write files of various sizes, verify size, validate content [Slow]" classname="Kubernetes e2e suite" time="0">
          <skipped></skipped>
      </testcase>
      <testcase name="[sig-storage] In-tree Volumes [Driver: local][LocalVolumeType: blockfs] [Testpattern: Dynamic PV (filesystem volmode)] multiVolume [Slow] should access to two volumes with different volume mode and retain data across pod recreation on different node" classname="Kubernetes e2e suite" time="0">
          <skipped></skipped>
      </testcase>
      <testcase name="[sig-storage] In-tree Volumes [Driver: rbd][Feature:Volumes] [Testpattern: Dynamic PV (ntfs)][sig-windows] subPath should verify container cannot write to subpath readonly volumes [Slow]" classname="Kubernetes e2e suite" time="0">
          <skipped></skipped>
      </testcase>
      <testcase name="[sig-storage] EmptyDir volumes when FSGroup is specified [LinuxOnly] [NodeFeature:FSGroup] volume on default medium should have the correct mode using FSGroup" classname="Kubernetes e2e suite" time="0">
          <skipped></skipped>
      </testcase>
      <testcase name="[sig-storage] In-tree Volumes [Driver: aws] [Testpattern: Dynamic PV (block volmode)] volumeMode should fail to use a volume in a pod with mismatched mode [Slow]" classname="Kubernetes e2e suite" time="0">
          <skipped></skipped>
      </testcase>
      <testcase name="[sig-storage] In-tree Volumes [Driver: local][LocalVolumeType: dir-link-bindmounted] [Testpattern: Pre-provisioned PV (default fs)] subPath should support existing directory" classname="Kubernetes e2e suite" time="0">
          <skipped></skipped>
      </testcase>
      <testcase name="[sig-storage] In-tree Volumes [Driver: vSphere] [Testpattern: Dynamic PV (filesystem volmode)] multiVolume [Slow] should access to two volumes with the same volume mode and retain data across pod recreation on the same node" classname="Kubernetes e2e suite" time="0">
          <skipped></skipped>
      </testcase>
      <testcase name="[sig-storage] In-tree Volumes [Driver: gluster] [Testpattern: Dynamic PV (ext4)] volumes should store data" classname="Kubernetes e2e suite" time="0">
          <skipped></skipped>
      </testcase>
      <testcase name="[sig-storage] In-tree Volumes [Driver: local][LocalVolumeType: dir-link] [Testpattern: Inline-volume (default fs)] subPath should support existing directories when readOnly specified in the volumeSource" classname="Kubernetes e2e suite" time="0">
          <skipped></skipped>
      </testcase>
      <testcase name="[sig-storage] In-tree Volumes [Driver: aws] [Testpattern: Inline-volume (ntfs)][sig-windows] volumes should store data" classname="Kubernetes e2e suite" time="0">
          <skipped></skipped>
      </testcase>
      <testcase name="[sig-storage] PersistentVolumes-local  [Volume type: dir] Two pods mounting a local volume one after the other should be able to write from pod1 and read from pod2" classname="Kubernetes e2e suite" time="0">
          <skipped></skipped>
      </testcase>
      <testcase name="[sig-storage] CSI Volumes [Driver: csi-hostpath-v0] [Testpattern: Pre-provisioned PV (filesystem volmode)] multiVolume [Slow] should concurrently access the single volume from pods on the same node" classname="Kubernetes e2e suite" time="0">
          <skipped></skipped>
      </testcase>
      <testcase name="[sig-windows] [Feature:Windows] Memory Limits [Serial] [Slow] Allocatable node memory should be equal to a calculated allocatable memory value" classname="Kubernetes e2e suite" time="0">
          <skipped></skipped>
      </testcase>
      <testcase name="[sig-storage] In-tree Volumes [Driver: gcepd] [Testpattern: Inline-volume (default fs)] subPath should support file as subpath [LinuxOnly]" classname="Kubernetes e2e suite" time="0">
          <skipped></skipped>
      </testcase>
      <testcase name="[sig-storage] In-tree Volumes [Driver: cinder] [Testpattern: Inline-volume (default fs)] volumeIO should write files of various sizes, verify size, validate content [Slow]" classname="Kubernetes e2e suite" time="0">
          <skipped></skipped>
      </testcase>
      <testcase name="[sig-storage] In-tree Volumes [Driver: vSphere] [Testpattern: Pre-provisioned PV (default fs)] subPath should fail if non-existent subpath is outside the volume [Slow][LinuxOnly]" classname="Kubernetes e2e suite" time="0">
          <skipped></skipped>
      </testcase>
      <testcase name="[sig-storage] In-tree Volumes [Driver: local][LocalVolumeType: tmpfs] [Testpattern: Inline-volume (default fs)] volumes should store data" classname="Kubernetes e2e suite" time="0">
          <skipped></skipped>
      </testcase>
      <testcase name="[sig-storage] CSI Volumes [Driver: csi-hostpath] [Testpattern: Pre-provisioned PV (filesystem volmode)] volumeMode should not mount / map unused volumes in a pod" classname="Kubernetes e2e suite" time="0">
          <skipped></skipped>
      </testcase>
      <testcase name="[k8s.io] Container Runtime blackbox test when running a container with a new image should not be able to pull image from invalid registry [NodeConformance]" classname="Kubernetes e2e suite" time="0">
          <skipped></skipped>
      </testcase>
      <testcase name="[sig-storage] In-tree Volumes [Driver: gcepd] [Testpattern: Inline-volume (ext4)] volumes should allow exec of files on the volume" classname="Kubernetes e2e suite" time="0">
          <skipped></skipped>
      </testcase>
      <testcase name="[sig-storage] CSI Volumes [Driver: pd.csi.storage.gke.io][Serial] [Testpattern: Dynamic PV (filesystem volmode)] multiVolume [Slow] should access to two volumes with the same volume mode and retain data across pod recreation on the same node" classname="Kubernetes e2e suite" time="0">
          <skipped></skipped>
      </testcase>
      <testcase name="[sig-storage] In-tree Volumes [Driver: azure] [Testpattern: Pre-provisioned PV (default fs)] subPath should support restarting containers using file as subpath [Slow][LinuxOnly]" classname="Kubernetes e2e suite" time="0">
          <skipped></skipped>
      </testcase>
      <testcase name="[sig-storage] In-tree Volumes [Driver: azure] [Testpattern: Dynamic PV (ntfs)][sig-windows] subPath should fail if non-existent subpath is outside the volume [Slow][LinuxOnly]" classname="Kubernetes e2e suite" time="0">
          <skipped></skipped>
      </testcase>
      <testcase name="[sig-network] Networking Granular Checks: Services should function for pod-Service: http" classname="Kubernetes e2e suite" time="0">
          <skipped></skipped>
      </testcase>
      <testcase name="[sig-storage] In-tree Volumes [Driver: local][LocalVolumeType: blockfs] [Testpattern: Dynamic PV (default fs)] subPath should be able to unmount after the subpath directory is deleted" classname="Kubernetes e2e suite" time="0">
          <skipped></skipped>
      </testcase>
      <testcase name="[sig-storage] In-tree Volumes [Driver: nfs] [Testpattern: Inline-volume (default fs)] subPath should verify container cannot write to subpath readonly volumes [Slow]" classname="Kubernetes e2e suite" time="0">
          <skipped></skipped>
      </testcase>
      <testcase name="[sig-storage] CSI Volumes [Driver: pd.csi.storage.gke.io][Serial] [Testpattern: Dynamic PV (default fs)] subPath should unmount if pod is force deleted while kubelet is down [Disruptive][Slow][LinuxOnly]" classname="Kubernetes e2e suite" time="0">
          <skipped></skipped>
      </testcase>
      <testcase name="[sig-storage] In-tree Volumes [Driver: nfs] [Testpattern: Pre-provisioned PV (block volmode)] volumeMode should fail to use a volume in a pod with mismatched mode [Slow]" classname="Kubernetes e2e suite" time="0">
          <skipped></skipped>
      </testcase>
      <testcase name="[sig-autoscaling] Cluster size autoscaling [Slow] shouldn&#39;t scale down when non expendable pod is running [Feature:ClusterSizeAutoscalingScaleDown]" classname="Kubernetes e2e suite" time="0">
          <skipped></skipped>
      </testcase>
      <testcase name="[sig-storage] In-tree Volumes [Driver: aws] [Testpattern: Inline-volume (default fs)] subPath should support file as subpath [LinuxOnly]" classname="Kubernetes e2e suite" time="0">
          <skipped></skipped>
      </testcase>
      <testcase name="[sig-storage] In-tree Volumes [Driver: gluster] [Testpattern: Inline-volume (default fs)] subPath should support readOnly file specified in the volumeMount [LinuxOnly]" classname="Kubernetes e2e suite" time="0">
          <skipped></skipped>
      </testcase>
      <testcase name="[sig-autoscaling] Cluster size autoscaling [Slow] Should not scale GPU pool up if pod does not require GPUs [GpuType:] [Feature:ClusterSizeAutoscalingGpu]" classname="Kubernetes e2e suite" time="0">
          <skipped></skipped>
      </testcase>
      <testcase name="[sig-storage] In-tree Volumes [Driver: local][LocalVolumeType: tmpfs] [Testpattern: Inline-volume (default fs)] subPath should unmount if pod is force deleted while kubelet is down [Disruptive][Slow][LinuxOnly]" classname="Kubernetes e2e suite" time="0">
          <skipped></skipped>
      </testcase>
      <testcase name="[sig-storage] In-tree Volumes [Driver: local][LocalVolumeType: dir-link] [Testpattern: Inline-volume (default fs)] subPath should support existing single file [LinuxOnly]" classname="Kubernetes e2e suite" time="0">
          <skipped></skipped>
      </testcase>
      <testcase name="[sig-storage] In-tree Volumes [Driver: gcepd] [Testpattern: Dynamic PV (filesystem volmode)] volumeMode should fail to use a volume in a pod with mismatched mode [Slow]" classname="Kubernetes e2e suite" time="0">
          <skipped></skipped>
      </testcase>
      <testcase name="[sig-storage] In-tree Volumes [Driver: gluster] [Testpattern: Dynamic PV (default fs)(allowExpansion)] volume-expand Verify if offline PVC expansion works" classname="Kubernetes e2e suite" time="0">
          <skipped></skipped>
      </testcase>
      <testcase name="[sig-storage] In-tree Volumes [Driver: aws] [Testpattern: Dynamic PV (ext3)] volumes should allow exec of files on the volume" classname="Kubernetes e2e suite" time="0">
          <skipped></skipped>
      </testcase>
      <testcase name="[sig-storage] [Serial] Volume metrics should create volume metrics in Volume Manager" classname="Kubernetes e2e suite" time="0">
          <skipped></skipped>
      </testcase>
      <testcase name="[sig-storage] CSI Volumes [Driver: pd.csi.storage.gke.io][Serial] [Testpattern: Dynamic PV (ntfs)][sig-windows] subPath should support file as subpath [LinuxOnly]" classname="Kubernetes e2e suite" time="0">
          <skipped></skipped>
      </testcase>
      <testcase name="[sig-storage] In-tree Volumes [Driver: emptydir] [Testpattern: Pre-provisioned PV (block volmode)] disruptive[Disruptive] Should test that pv written before kubelet restart is readable after restart." classname="Kubernetes e2e suite" time="0">
          <skipped></skipped>
      </testcase>
      <testcase name="[sig-api-machinery] Watchers should observe add, update, and delete watch notifications on configmaps [Conformance]" classname="Kubernetes e2e suite" time="70.080694839"></testcase>
      <testcase name="[sig-storage] CSI Volumes [Driver: pd.csi.storage.gke.io][Serial] [Testpattern: Inline-volume (default fs)] subPath should support existing single file [LinuxOnly]" classname="Kubernetes e2e suite" time="0">
          <skipped></skipped>
      </testcase>
      <testcase name="[sig-storage] In-tree Volumes [Driver: gcepd] [Testpattern: Pre-provisioned PV (ext4)] volumes should allow exec of files on the volume" classname="Kubernetes e2e suite" time="0">
          <skipped></skipped>
      </testcase>
      <testcase name="[k8s.io] InitContainer [NodeConformance] should invoke init containers on a RestartAlways pod [Conformance]" classname="Kubernetes e2e suite" time="43.385930467"></testcase>
      <testcase name="[sig-storage] In-tree Volumes [Driver: rbd][Feature:Volumes] [Testpattern: Inline-volume (default fs)] subPath should support existing directories when readOnly specified in the volumeSource" classname="Kubernetes e2e suite" time="0">
          <skipped></skipped>
      </testcase>
      <testcase name="[sig-storage] In-tree Volumes [Driver: local][LocalVolumeType: dir-link] [Testpattern: Dynamic PV (filesystem volmode)] volumeMode should not mount / map unused volumes in a pod" classname="Kubernetes e2e suite" time="0">
          <skipped></skipped>
      </testcase>
      <testcase name="[sig-storage] In-tree Volumes [Driver: nfs] [Testpattern: Dynamic PV (ntfs)][sig-windows] subPath should support creating multiple subpath from same volumes [Slow]" classname="Kubernetes e2e suite" time="0">
          <skipped></skipped>
      </testcase>
      <testcase name="[sig-network] Services should release NodePorts on delete" classname="Kubernetes e2e suite" time="0">
          <skipped></skipped>
      </testcase>
      <testcase name="[sig-storage] In-tree Volumes [Driver: local][LocalVolumeType: dir-link] [Testpattern: Pre-provisioned PV (filesystem volmode)] multiVolume [Slow] should concurrently access the single volume from pods on different node" classname="Kubernetes e2e suite" time="0">
          <skipped></skipped>
      </testcase>
      <testcase name="[sig-storage] In-tree Volumes [Driver: hostPathSymlink] [Testpattern: Dynamic PV (default fs)] volumes should allow exec of files on the volume" classname="Kubernetes e2e suite" time="0">
          <skipped></skipped>
      </testcase>
      <testcase name="[sig-storage] In-tree Volumes [Driver: nfs] [Testpattern: Dynamic PV (default fs)] subPath should be able to unmount after the subpath directory is deleted" classname="Kubernetes e2e suite" time="0">
          <skipped></skipped>
      </testcase>
      <testcase name="[sig-network] Services should be able to change the type from ExternalName to NodePort [Conformance]" classname="Kubernetes e2e suite" time="33.913173137"></testcase>
      <testcase name="[sig-storage] In-tree Volumes [Driver: vSphere] [Testpattern: Dynamic PV (filesystem volmode)] volumeMode should fail to use a volume in a pod with mismatched mode [Slow]" classname="Kubernetes e2e suite" time="0">
          <skipped></skipped>
      </testcase>
      <testcase name="[sig-storage] In-tree Volumes [Driver: local][LocalVolumeType: tmpfs] [Testpattern: Pre-provisioned PV (default fs)] subPath should support existing directories when readOnly specified in the volumeSource" classname="Kubernetes e2e suite" time="0">
          <skipped></skipped>
      </testcase>
      <testcase name="[sig-storage] In-tree Volumes [Driver: local][LocalVolumeType: gce-localssd-scsi-fs] [Serial] [Testpattern: Pre-provisioned PV (default fs)] subPath should support readOnly file specified in the volumeMount [LinuxOnly]" classname="Kubernetes e2e suite" time="0">
          <skipped></skipped>
      </testcase>
      <testcase name="[sig-storage] In-tree Volumes [Driver: rbd][Feature:Volumes] [Testpattern: Pre-provisioned PV (block volmode)] volumeMode should not mount / map unused volumes in a pod" classname="Kubernetes e2e suite" time="0">
          <skipped></skipped>
      </testcase>
      <testcase name="[sig-storage] In-tree Volumes [Driver: iscsi][Feature:Volumes] [Testpattern: Dynamic PV (block volmode)] volumeMode should not mount / map unused volumes in a pod" classname="Kubernetes e2e suite" time="0">
          <skipped></skipped>
      </testcase>
      <testcase name="[sig-storage] In-tree Volumes [Driver: vSphere] [Testpattern: Dynamic PV (ntfs)][sig-windows] subPath should support non-existent path" classname="Kubernetes e2e suite" time="0">
          <skipped></skipped>
      </testcase>
      <testcase name="[sig-storage] In-tree Volumes [Driver: local][LocalVolumeType: dir-link] [Testpattern: Pre-provisioned PV (default fs)] subPath should fail if subpath file is outside the volume [Slow][LinuxOnly]" classname="Kubernetes e2e suite" time="0">
          <skipped></skipped>
      </testcase>
      <testcase name="[sig-storage] In-tree Volumes [Driver: local][LocalVolumeType: block] [Testpattern: Inline-volume (default fs)] subPath should unmount if pod is force deleted while kubelet is down [Disruptive][Slow][LinuxOnly]" classname="Kubernetes e2e suite" time="0">
          <skipped></skipped>
      </testcase>
      <testcase name="[sig-storage] In-tree Volumes [Driver: local][LocalVolumeType: blockfs] [Testpattern: Pre-provisioned PV (default fs)] subPath should support readOnly directory specified in the volumeMount" classname="Kubernetes e2e suite" time="0">
          <skipped></skipped>
      </testcase>
      <testcase name="[sig-storage] CSI Volumes [Driver: pd.csi.storage.gke.io][Serial] [Testpattern: Dynamic PV (ext3)] volumes should store data" classname="Kubernetes e2e suite" time="0">
          <skipped></skipped>
      </testcase>
      <testcase name="[sig-auth] [Feature:NodeAuthorizer] Getting an existing configmap should exit with the Forbidden error" classname="Kubernetes e2e suite" time="0">
          <skipped></skipped>
      </testcase>
      <testcase name="[sig-scheduling] SchedulerPredicates [Serial] validates local ephemeral storage resource limits of pods that are allowed to run [Feature:LocalStorageCapacityIsolation]" classname="Kubernetes e2e suite" time="0">
          <skipped></skipped>
      </testcase>
      <testcase name="[sig-storage] In-tree Volumes [Driver: local][LocalVolumeType: block] [Testpattern: Dynamic PV (default fs)] volumes should store data" classname="Kubernetes e2e suite" time="0">
          <skipped></skipped>
      </testcase>
      <testcase name="[sig-storage] In-tree Volumes [Driver: cinder] [Testpattern: Dynamic PV (ntfs)][sig-windows] subPath should support existing directory" classname="Kubernetes e2e suite" time="0">
          <skipped></skipped>
      </testcase>
      <testcase name="[sig-storage] In-tree Volumes [Driver: local][LocalVolumeType: dir-link] [Testpattern: Inline-volume (default fs)] subPath should be able to unmount after the subpath directory is deleted" classname="Kubernetes e2e suite" time="0">
          <skipped></skipped>
      </testcase>
      <testcase name="[sig-storage] In-tree Volumes [Driver: nfs] [Testpattern: Dynamic PV (filesystem volmode)] multiVolume [Slow] should access to two volumes with different volume mode and retain data across pod recreation on the same node" classname="Kubernetes e2e suite" time="0">
          <skipped></skipped>
      </testcase>
      <testcase name="[sig-storage] PersistentVolumes-local  [Volume type: block] One pod requesting one prebound PVC should be able to mount volume and read from pod1" classname="Kubernetes e2e suite" time="0">
          <skipped></skipped>
      </testcase>
      <testcase name="[sig-storage] In-tree Volumes [Driver: emptydir] [Testpattern: Dynamic PV (filesystem volmode)] multiVolume [Slow] should concurrently access the single volume from pods on different node" classname="Kubernetes e2e suite" time="0">
          <skipped></skipped>
      </testcase>
      <testcase name="[sig-storage] In-tree Volumes [Driver: rbd][Feature:Volumes] [Testpattern: Pre-provisioned PV (filesystem volmode)] multiVolume [Slow] should access to two volumes with the same volume mode and retain data across pod recreation on the same node" classname="Kubernetes e2e suite" time="0">
          <skipped></skipped>
      </testcase>
      <testcase name="[sig-storage] In-tree Volumes [Driver: hostPath] [Testpattern: Dynamic PV (filesystem volmode)] multiVolume [Slow] should access to two volumes with the same volume mode and retain data across pod recreation on the same node" classname="Kubernetes e2e suite" time="0">
          <skipped></skipped>
      </testcase>
      <testcase name="[sig-storage] In-tree Volumes [Driver: emptydir] [Testpattern: Dynamic PV (default fs)] subPath should support restarting containers using directory as subpath [Slow]" classname="Kubernetes e2e suite" time="0">
          <skipped></skipped>
      </testcase>
      <testcase name="[sig-storage] In-tree Volumes [Driver: cinder] [Testpattern: Inline-volume (default fs)] subPath should unmount if pod is gracefully deleted while kubelet is down [Disruptive][Slow][LinuxOnly]" classname="Kubernetes e2e suite" time="0">
          <skipped></skipped>
      </testcase>
      <testcase name="[sig-storage] In-tree Volumes [Driver: aws] [Testpattern: Dynamic PV (ntfs)][sig-windows] subPath should support existing directory" classname="Kubernetes e2e suite" time="0">
          <skipped></skipped>
      </testcase>
      <testcase name="[sig-storage] In-tree Volumes [Driver: local][LocalVolumeType: dir] [Testpattern: Pre-provisioned PV (default fs)] volumes should allow exec of files on the volume" classname="Kubernetes e2e suite" time="0">
          <skipped></skipped>
      </testcase>
      <testcase name="[sig-storage] In-tree Volumes [Driver: hostPathSymlink] [Testpattern: Dynamic PV (ntfs)][sig-windows] volumes should allow exec of files on the volume" classname="Kubernetes e2e suite" time="0">
          <skipped></skipped>
      </testcase>
      <testcase name="[sig-storage] In-tree Volumes [Driver: iscsi][Feature:Volumes] [Testpattern: Dynamic PV (default fs)] provisioning should provision storage with pvc data source" classname="Kubernetes e2e suite" time="0">
          <skipped></skipped>
      </testcase>
      <testcase name="[sig-storage] PersistentVolumes NFS with Single PV - PVC pairs create a PV and a pre-bound PVC: test write access" classname="Kubernetes e2e suite" time="0">
          <skipped></skipped>
      </testcase>
      <testcase name="[sig-storage] In-tree Volumes [Driver: hostPath] [Testpattern: Dynamic PV (block volmode)] volumeMode should fail to use a volume in a pod with mismatched mode [Slow]" classname="Kubernetes e2e suite" time="0">
          <skipped></skipped>
      </testcase>
      <testcase name="[sig-storage] In-tree Volumes [Driver: local][LocalVolumeType: dir-bindmounted] [Testpattern: Inline-volume (default fs)] subPath should verify container cannot write to subpath readonly volumes [Slow]" classname="Kubernetes e2e suite" time="0">
          <skipped></skipped>
      </testcase>
      <testcase name="[sig-storage] CSI Volumes [Driver: pd.csi.storage.gke.io][Serial] [Testpattern: inline ephemeral CSI volume] ephemeral should support two pods which share the same volume" classname="Kubernetes e2e suite" time="0">
          <skipped></skipped>
      </testcase>
      <testcase name="[sig-storage] In-tree Volumes [Driver: local][LocalVolumeType: dir-link] [Testpattern: Dynamic PV (filesystem volmode)] disruptive[Disruptive] Should test that pv written before kubelet restart is readable after restart." classname="Kubernetes e2e suite" time="0">
          <skipped></skipped>
      </testcase>
      <testcase name="[sig-scheduling] SchedulerPriorities [Serial] Pod should be preferably scheduled to nodes pod can tolerate" classname="Kubernetes e2e suite" time="0">
          <skipped></skipped>
      </testcase>
      <testcase name="[sig-storage] In-tree Volumes [Driver: rbd][Feature:Volumes] [Testpattern: Dynamic PV (ntfs)][sig-windows] provisioning should provision storage with mount options" classname="Kubernetes e2e suite" time="0">
          <skipped></skipped>
      </testcase>
      <testcase name="[sig-storage] In-tree Volumes [Driver: gluster] [Testpattern: Dynamic PV (block volmode)(allowExpansion)] volume-expand Verify if offline PVC expansion works" classname="Kubernetes e2e suite" time="0">
          <skipped></skipped>
      </testcase>
      <testcase name="[sig-storage] In-tree Volumes [Driver: azure] [Testpattern: Inline-volume (default fs)] subPath should support file as subpath [LinuxOnly]" classname="Kubernetes e2e suite" time="0">
          <skipped></skipped>
      </testcase>
      <testcase name="[sig-storage] In-tree Volumes [Driver: aws] [Testpattern: Inline-volume (default fs)] disruptive[Disruptive] Should test that pv written before kubelet restart is readable after restart." classname="Kubernetes e2e suite" time="0">
          <skipped></skipped>
      </testcase>
      <testcase name="[sig-storage] CSI Volumes [Driver: csi-hostpath-v0] [Testpattern: Pre-provisioned PV (filesystem volmode)] volumeMode should not mount / map unused volumes in a pod" classname="Kubernetes e2e suite" time="0">
          <skipped></skipped>
      </testcase>
      <testcase name="[sig-storage] In-tree Volumes [Driver: rbd][Feature:Volumes] [Testpattern: Inline-volume (default fs)] subPath should fail if non-existent subpath is outside the volume [Slow][LinuxOnly]" classname="Kubernetes e2e suite" time="0">
          <skipped></skipped>
      </testcase>
      <testcase name="[sig-storage] In-tree Volumes [Driver: emptydir] [Testpattern: Inline-volume (default fs)] subPath should support creating multiple subpath from same volumes [Slow]" classname="Kubernetes e2e suite" time="0">
          <skipped></skipped>
      </testcase>
      <testcase name="[sig-auth] Advanced Audit [DisabledForLargeClusters][Flaky] should audit API calls to create, get, update, patch, delete, list, watch deployments." classname="Kubernetes e2e suite" time="0">
          <skipped></skipped>
      </testcase>
      <testcase name="[sig-storage] In-tree Volumes [Driver: local][LocalVolumeType: dir-link] [Testpattern: Inline-volume (default fs)] subPath should unmount if pod is force deleted while kubelet is down [Disruptive][Slow][LinuxOnly]" classname="Kubernetes e2e suite" time="0">
          <skipped></skipped>
      </testcase>
      <testcase name="[sig-storage] In-tree Volumes [Driver: local][LocalVolumeType: dir-bindmounted] [Testpattern: Pre-provisioned PV (default fs)] subPath should support non-existent path" classname="Kubernetes e2e suite" time="0">
          <skipped></skipped>
      </testcase>
      <testcase name="[sig-storage] In-tree Volumes [Driver: iscsi][Feature:Volumes] [Testpattern: Dynamic PV (default fs)] subPath should support file as subpath [LinuxOnly]" classname="Kubernetes e2e suite" time="0">
          <skipped></skipped>
      </testcase>
      <testcase name="[sig-storage] In-tree Volumes [Driver: hostPathSymlink] [Testpattern: Inline-volume (default fs)] volumeIO should write files of various sizes, verify size, validate content [Slow]" classname="Kubernetes e2e suite" time="0">
          <skipped></skipped>
      </testcase>
      <testcase name="[sig-storage] In-tree Volumes [Driver: local][LocalVolumeType: gce-localssd-scsi-fs] [Serial] [Testpattern: Pre-provisioned PV (default fs)] subPath should support existing single file [LinuxOnly]" classname="Kubernetes e2e suite" time="0">
          <skipped></skipped>
      </testcase>
      <testcase name="[sig-storage] CSI mock volume CSI Volume expansion should expand volume by restarting pod if attach=on, nodeExpansion=on" classname="Kubernetes e2e suite" time="0">
          <skipped></skipped>
      </testcase>
      <testcase name="[sig-storage] In-tree Volumes [Driver: local][LocalVolumeType: tmpfs] [Testpattern: Inline-volume (default fs)] subPath should support existing directory" classname="Kubernetes e2e suite" time="0">
          <skipped></skipped>
      </testcase>
      <testcase name="[sig-storage] In-tree Volumes [Driver: local][LocalVolumeType: dir-bindmounted] [Testpattern: Dynamic PV (default fs)] subPath should support restarting containers using file as subpath [Slow][LinuxOnly]" classname="Kubernetes e2e suite" time="0">
          <skipped></skipped>
      </testcase>
      <testcase name="[sig-storage] CSI Volumes [Driver: csi-hostpath-v0] [Testpattern: Pre-provisioned PV (ntfs)][sig-windows] volumes should store data" classname="Kubernetes e2e suite" time="0">
          <skipped></skipped>
      </testcase>
      <testcase name="[sig-storage] In-tree Volumes [Driver: local][LocalVolumeType: gce-localssd-scsi-fs] [Serial] [Testpattern: Dynamic PV (filesystem volmode)] volumeMode should fail to use a volume in a pod with mismatched mode [Slow]" classname="Kubernetes e2e suite" time="0">
          <skipped></skipped>
      </testcase>
      <testcase name="[sig-storage] In-tree Volumes [Driver: iscsi][Feature:Volumes] [Testpattern: Inline-volume (default fs)] disruptive[Disruptive] Should test that pv written before kubelet restart is readable after restart." classname="Kubernetes e2e suite" time="0">
          <skipped></skipped>
      </testcase>
      <testcase name="[sig-storage] PersistentVolumes-local  [Volume type: dir] Set fsGroup for local volume should set fsGroup for one pod [Slow]" classname="Kubernetes e2e suite" time="0">
          <skipped></skipped>
      </testcase>
      <testcase name="[sig-storage] In-tree Volumes [Driver: nfs] [Testpattern: Dynamic PV (block volmode)] volumeMode should not mount / map unused volumes in a pod" classname="Kubernetes e2e suite" time="0">
          <skipped></skipped>
      </testcase>
      <testcase name="[sig-storage] In-tree Volumes [Driver: local][LocalVolumeType: blockfs] [Testpattern: Pre-provisioned PV (default fs)] subPath should support restarting containers using file as subpath [Slow][LinuxOnly]" classname="Kubernetes e2e suite" time="0">
          <skipped></skipped>
      </testcase>
      <testcase name="[sig-storage] In-tree Volumes [Driver: gluster] [Testpattern: Dynamic PV (default fs)] subPath should unmount if pod is gracefully deleted while kubelet is down [Disruptive][Slow][LinuxOnly]" classname="Kubernetes e2e suite" time="0">
          <skipped></skipped>
      </testcase>
      <testcase name="[sig-storage] CSI Volumes CSI Topology test using GCE PD driver [Serial] should provision zonal PD with immediate volume binding and AllowedTopologies set and mount the volume to a pod" classname="Kubernetes e2e suite" time="0">
          <skipped></skipped>
      </testcase>
      <testcase name="[sig-storage] In-tree Volumes [Driver: aws] [Testpattern: Inline-volume (default fs)] subPath should support restarting containers using directory as subpath [Slow]" classname="Kubernetes e2e suite" time="0">
          <skipped></skipped>
      </testcase>
      <testcase name="[k8s.io] Security Context When creating a container with runAsUser should run the container with uid 65534 [LinuxOnly] [NodeConformance] [Conformance]" classname="Kubernetes e2e suite" time="17.753308316000002"></testcase>
      <testcase name="[sig-storage] In-tree Volumes [Driver: local][LocalVolumeType: dir] [Testpattern: Inline-volume (default fs)] subPath should be able to unmount after the subpath directory is deleted" classname="Kubernetes e2e suite" time="0">
          <skipped></skipped>
      </testcase>
      <testcase name="[sig-storage] In-tree Volumes [Driver: local][LocalVolumeType: block] [Testpattern: Dynamic PV (block volmode)] multiVolume [Slow] should concurrently access the single volume from pods on the same node" classname="Kubernetes e2e suite" time="0">
          <skipped></skipped>
      </testcase>
      <testcase name="[sig-network] NetworkPolicy [LinuxOnly] NetworkPolicy between server and client should support allow-all policy [Feature:NetworkPolicy]" classname="Kubernetes e2e suite" time="0">
          <skipped></skipped>
      </testcase>
      <testcase name="[sig-storage] In-tree Volumes [Driver: hostPathSymlink] [Testpattern: Dynamic PV (ntfs)][sig-windows] subPath should support existing directories when readOnly specified in the volumeSource" classname="Kubernetes e2e suite" time="0">
          <skipped></skipped>
      </testcase>
      <testcase name="[sig-storage] Projected configMap should be consumable from pods in volume with mappings [NodeConformance] [Conformance]" classname="Kubernetes e2e suite" time="19.903345717"></testcase>
      <testcase name="[sig-storage] In-tree Volumes [Driver: hostPath] [Testpattern: Pre-provisioned PV (block volmode)] multiVolume [Slow] should concurrently access the single volume from pods on different node" classname="Kubernetes e2e suite" time="0">
          <skipped></skipped>
      </testcase>
      <testcase name="[sig-storage] In-tree Volumes [Driver: emptydir] [Testpattern: Dynamic PV (default fs)] subPath should verify container cannot write to subpath readonly volumes [Slow]" classname="Kubernetes e2e suite" time="0">
          <skipped></skipped>
      </testcase>
      <testcase name="[sig-storage] In-tree Volumes [Driver: iscsi][Feature:Volumes] [Testpattern: Inline-volume (default fs)] volumeIO should write files of various sizes, verify size, validate content [Slow]" classname="Kubernetes e2e suite" time="0">
          <skipped></skipped>
      </testcase>
      <testcase name="[sig-storage] In-tree Volumes [Driver: ceph][Feature:Volumes] [Testpattern: Pre-provisioned PV (default fs)] subPath should support creating multiple subpath from same volumes [Slow]" classname="Kubernetes e2e suite" time="0">
          <skipped></skipped>
      </testcase>
      <testcase name="[k8s.io] [sig-node] SSH should SSH to all nodes and run commands" classname="Kubernetes e2e suite" time="0">
          <skipped></skipped>
      </testcase>
      <testcase name="[sig-storage] In-tree Volumes [Driver: local][LocalVolumeType: gce-localssd-scsi-fs] [Serial] [Testpattern: Pre-provisioned PV (ntfs)][sig-windows] volumes should store data" classname="Kubernetes e2e suite" time="0">
          <skipped></skipped>
      </testcase>
      <testcase name="[sig-storage] EmptyDir volumes when FSGroup is specified [LinuxOnly] [NodeFeature:FSGroup] new files should be created with FSGroup ownership when container is non-root" classname="Kubernetes e2e suite" time="0">
          <skipped></skipped>
      </testcase>
      <testcase name="[sig-storage] PersistentVolumes NFS when invoking the Recycle reclaim policy should test that a PV becomes Available and is clean after the PVC is deleted." classname="Kubernetes e2e suite" time="0">
          <skipped></skipped>
      </testcase>
      <testcase name="[sig-storage] In-tree Volumes [Driver: local][LocalVolumeType: block] [Testpattern: Pre-provisioned PV (filesystem volmode)] multiVolume [Slow] should concurrently access the single volume from pods on the same node" classname="Kubernetes e2e suite" time="0">
          <skipped></skipped>
      </testcase>
      <testcase name="[sig-storage] In-tree Volumes [Driver: local][LocalVolumeType: block] [Testpattern: Dynamic PV (default fs)] subPath should fail if subpath directory is outside the volume [Slow]" classname="Kubernetes e2e suite" time="0">
          <skipped></skipped>
      </testcase>
      <testcase name="[sig-storage] In-tree Volumes [Driver: local][LocalVolumeType: tmpfs] [Testpattern: Dynamic PV (ntfs)][sig-windows] subPath should support file as subpath [LinuxOnly]" classname="Kubernetes e2e suite" time="0">
          <skipped></skipped>
      </testcase>
      <testcase name="[sig-storage] In-tree Volumes [Driver: hostPath] [Testpattern: Inline-volume (default fs)] volumeIO should write files of various sizes, verify size, validate content [Slow]" classname="Kubernetes e2e suite" time="0">
          <skipped></skipped>
      </testcase>
      <testcase name="[sig-storage] In-tree Volumes [Driver: hostPath] [Testpattern: Dynamic PV (default fs)(allowExpansion)] volume-expand should resize volume when PVC is edited while pod is using it" classname="Kubernetes e2e suite" time="0">
          <skipped></skipped>
      </testcase>
      <testcase name="[sig-storage] CSI Volumes [Driver: csi-hostpath-v0] [Testpattern: Dynamic PV (ntfs)][sig-windows] subPath should fail if subpath directory is outside the volume [Slow]" classname="Kubernetes e2e suite" time="0">
          <skipped></skipped>
      </testcase>
      <testcase name="[sig-storage] CSI mock volume CSI Volume expansion should expand volume without restarting pod if nodeExpansion=off" classname="Kubernetes e2e suite" time="0">
          <skipped></skipped>
      </testcase>
      <testcase name="[sig-network] Networking Granular Checks: Services should update endpoints: http" classname="Kubernetes e2e suite" time="0">
          <skipped></skipped>
      </testcase>
      <testcase name="[sig-storage] In-tree Volumes [Driver: local][LocalVolumeType: dir-bindmounted] [Testpattern: Dynamic PV (ntfs)][sig-windows] subPath should support restarting containers using directory as subpath [Slow]" classname="Kubernetes e2e suite" time="0">
          <skipped></skipped>
      </testcase>
      <testcase name="[sig-storage] In-tree Volumes [Driver: aws] [Testpattern: Dynamic PV (default fs)] subPath should fail if subpath with backstepping is outside the volume [Slow]" classname="Kubernetes e2e suite" time="0">
          <skipped></skipped>
      </testcase>
      <testcase name="[sig-storage] In-tree Volumes [Driver: local][LocalVolumeType: dir-link-bindmounted] [Testpattern: Dynamic PV (block volmode)] volumes should store data" classname="Kubernetes e2e suite" time="0">
          <skipped></skipped>
      </testcase>
      <testcase name="[sig-storage] In-tree Volumes [Driver: gluster] [Testpattern: Dynamic PV (default fs)] provisioning should provision storage with mount options" classname="Kubernetes e2e suite" time="0">
          <skipped></skipped>
      </testcase>
      <testcase name="[sig-instrumentation] Stackdriver Monitoring should have accelerator metrics [Feature:StackdriverAcceleratorMonitoring]" classname="Kubernetes e2e suite" time="0">
          <skipped></skipped>
      </testcase>
      <testcase name="[sig-storage] In-tree Volumes [Driver: hostPath] [Testpattern: Inline-volume (default fs)] subPath should support non-existent path" classname="Kubernetes e2e suite" time="0">
          <skipped></skipped>
      </testcase>
      <testcase name="[sig-storage] In-tree Volumes [Driver: gluster] [Testpattern: Pre-provisioned PV (block volmode)] disruptive[Disruptive] Should test that pv written before kubelet restart is readable after restart." classname="Kubernetes e2e suite" time="0">
          <skipped></skipped>
      </testcase>
      <testcase name="[sig-storage] In-tree Volumes [Driver: local][LocalVolumeType: dir-link] [Testpattern: Pre-provisioned PV (block volmode)] disruptive[Disruptive] Should test that pv written before kubelet restart is readable after restart." classname="Kubernetes e2e suite" time="0">
          <skipped></skipped>
      </testcase>
      <testcase name="[sig-storage] In-tree Volumes [Driver: local][LocalVolumeType: dir-link] [Testpattern: Dynamic PV (filesystem volmode)] multiVolume [Slow] should access to two volumes with the same volume mode and retain data across pod recreation on the same node" classname="Kubernetes e2e suite" time="0">
          <skipped></skipped>
      </testcase>
      <testcase name="[sig-storage] CSI Volumes [Driver: csi-hostpath] [Testpattern: Dynamic PV (ntfs)][sig-windows] subPath should fail if non-existent subpath is outside the volume [Slow][LinuxOnly]" classname="Kubernetes e2e suite" time="0">
          <skipped></skipped>
      </testcase>
      <testcase name="[sig-storage] In-tree Volumes [Driver: local][LocalVolumeType: block] [Testpattern: Dynamic PV (filesystem volmode)] multiVolume [Slow] should access to two volumes with different volume mode and retain data across pod recreation on the same node" classname="Kubernetes e2e suite" time="0">
          <skipped></skipped>
      </testcase>
      <testcase name="[sig-storage] In-tree Volumes [Driver: local][LocalVolumeType: dir-bindmounted] [Testpattern: Pre-provisioned PV (default fs)] subPath should support readOnly directory specified in the volumeMount" classname="Kubernetes e2e suite" time="0">
          <skipped></skipped>
      </testcase>
      <testcase name="[sig-storage] CSI Volumes [Driver: csi-hostpath-v0] [Testpattern: Pre-provisioned PV (block volmode)] multiVolume [Slow] should access to two volumes with the same volume mode and retain data across pod recreation on different node" classname="Kubernetes e2e suite" time="0">
          <skipped></skipped>
      </testcase>
      <testcase name="[sig-storage] In-tree Volumes [Driver: hostPathSymlink] [Testpattern: Dynamic PV (filesystem volmode)] volumeLimits should support volume limits [Slow][Serial]" classname="Kubernetes e2e suite" time="0">
          <skipped></skipped>
      </testcase>
      <testcase name="[sig-storage] CSI Volumes [Driver: csi-hostpath-v0] [Testpattern: Dynamic PV (ntfs)][sig-windows] subPath should unmount if pod is force deleted while kubelet is down [Disruptive][Slow][LinuxOnly]" classname="Kubernetes e2e suite" time="0">
          <skipped></skipped>
      </testcase>
      <testcase name="[sig-network] [sig-windows] Networking Granular Checks: Pods should function for intra-pod communication: http" classname="Kubernetes e2e suite" time="0">
          <skipped></skipped>
      </testcase>
      <testcase name="[sig-storage] In-tree Volumes [Driver: cinder] [Testpattern: Inline-volume (default fs)] subPath should be able to unmount after the subpath directory is deleted" classname="Kubernetes e2e suite" time="0">
          <skipped></skipped>
      </testcase>
      <testcase name="[k8s.io] Kubelet when scheduling a busybox command in a pod should print the output to logs [NodeConformance] [Conformance]" classname="Kubernetes e2e suite" time="59.711195505"></testcase>
      <testcase name="[sig-storage] In-tree Volumes [Driver: local][LocalVolumeType: dir-bindmounted] [Testpattern: Pre-provisioned PV (filesystem volmode)] disruptive[Disruptive] Should test that pv written before kubelet restart is readable after restart." classname="Kubernetes e2e suite" time="0">
          <skipped></skipped>
      </testcase>
      <testcase name="[sig-storage] In-tree Volumes [Driver: gcepd] [Testpattern: Dynamic PV (ext3)] volumes should store data" classname="Kubernetes e2e suite" time="0">
          <skipped></skipped>
      </testcase>
      <testcase name="[sig-auth] Advanced Audit [DisabledForLargeClusters][Flaky] should audit API calls to create, get, update, patch, delete, list, watch pods." classname="Kubernetes e2e suite" time="0">
          <skipped></skipped>
      </testcase>
      <testcase name="[sig-storage] In-tree Volumes [Driver: hostPath] [Testpattern: Dynamic PV (ntfs)][sig-windows] subPath should support existing single file [LinuxOnly]" classname="Kubernetes e2e suite" time="0">
          <skipped></skipped>
      </testcase>
      <testcase name="[sig-storage] In-tree Volumes [Driver: gcepd] [Testpattern: Dynamic PV (default fs)] provisioning should provision storage with pvc data source" classname="Kubernetes e2e suite" time="0">
          <skipped></skipped>
      </testcase>
      <testcase name="[sig-storage] CSI Volumes [Driver: pd.csi.storage.gke.io][Serial] [Testpattern: Inline-volume (default fs)] subPath should support existing directories when readOnly specified in the volumeSource" classname="Kubernetes e2e suite" time="0">
          <skipped></skipped>
      </testcase>
      <testcase name="[sig-storage] In-tree Volumes [Driver: local][LocalVolumeType: dir-link-bindmounted] [Testpattern: Inline-volume (xfs)][Slow] volumes should store data" classname="Kubernetes e2e suite" time="0">
          <skipped></skipped>
      </testcase>
      <testcase name="[sig-storage] In-tree Volumes [Driver: azure] [Testpattern: Inline-volume (default fs)] subPath should be able to unmount after the subpath directory is deleted" classname="Kubernetes e2e suite" time="0">
          <skipped></skipped>
      </testcase>
      <testcase name="[sig-storage] In-tree Volumes [Driver: local][LocalVolumeType: dir-link] [Testpattern: Dynamic PV (block volmode)] multiVolume [Slow] should access to two volumes with different volume mode and retain data across pod recreation on different node" classname="Kubernetes e2e suite" time="0">
          <skipped></skipped>
      </testcase>
      <testcase name="[sig-storage] In-tree Volumes [Driver: local][LocalVolumeType: block] [Testpattern: Pre-provisioned PV (block volmode)] disruptive[Disruptive] Should test that pv written before kubelet restart is readable after restart." classname="Kubernetes e2e suite" time="0">
          <skipped></skipped>
      </testcase>
      <testcase name="[sig-storage] In-tree Volumes [Driver: iscsi][Feature:Volumes] [Testpattern: Pre-provisioned PV (block volmode)] disruptive[Disruptive] Should test that pv written before kubelet restart is readable after restart." classname="Kubernetes e2e suite" time="0">
          <skipped></skipped>
      </testcase>
      <testcase name="[sig-storage] CSI Volumes [Driver: csi-hostpath-v0] [Testpattern: Dynamic PV (default fs)] subPath should support readOnly directory specified in the volumeMount" classname="Kubernetes e2e suite" time="0">
          <skipped></skipped>
      </testcase>
      <testcase name="[sig-storage] In-tree Volumes [Driver: hostPathSymlink] [Testpattern: Dynamic PV (ntfs)][sig-windows] subPath should unmount if pod is force deleted while kubelet is down [Disruptive][Slow][LinuxOnly]" classname="Kubernetes e2e suite" time="0">
          <skipped></skipped>
      </testcase>
      <testcase name="[sig-storage] In-tree Volumes [Driver: cinder] [Testpattern: Pre-provisioned PV (default fs)] subPath should support non-existent path" classname="Kubernetes e2e suite" time="0">
          <skipped></skipped>
      </testcase>
      <testcase name="[sig-api-machinery] Etcd failure [Disruptive] should recover from network partition with master" classname="Kubernetes e2e suite" time="0">
          <skipped></skipped>
      </testcase>
      <testcase name="[sig-storage] In-tree Volumes [Driver: nfs] [Testpattern: Pre-provisioned PV (filesystem volmode)] multiVolume [Slow] should access to two volumes with the same volume mode and retain data across pod recreation on the same node" classname="Kubernetes e2e suite" time="0">
          <skipped></skipped>
      </testcase>
      <testcase name="[sig-scheduling] SchedulerPredicates [Serial] validates that NodeAffinity is respected if not matching" classname="Kubernetes e2e suite" time="0">
          <skipped></skipped>
      </testcase>
      <testcase name="[sig-storage] In-tree Volumes [Driver: local][LocalVolumeType: dir] [Testpattern: Dynamic PV (ntfs)][sig-windows] subPath should fail if subpath directory is outside the volume [Slow]" classname="Kubernetes e2e suite" time="0">
          <skipped></skipped>
      </testcase>
      <testcase name="[sig-storage] In-tree Volumes [Driver: local][LocalVolumeType: tmpfs] [Testpattern: Dynamic PV (ntfs)][sig-windows] provisioning should provision storage with snapshot data source [Feature:VolumeSnapshotDataSource]" classname="Kubernetes e2e suite" time="0">
          <skipped></skipped>
      </testcase>
      <testcase name="[sig-storage] CSI mock volume CSI Volume expansion should expand volume by restarting pod if attach=off, nodeExpansion=on" classname="Kubernetes e2e suite" time="0">
          <skipped></skipped>
      </testcase>
      <testcase name="[sig-storage] CSI Volumes [Driver: pd.csi.storage.gke.io][Serial] [Testpattern: Dynamic PV (default fs)] subPath should support readOnly file specified in the volumeMount [LinuxOnly]" classname="Kubernetes e2e suite" time="0">
          <skipped></skipped>
      </testcase>
      <testcase name="[sig-storage] In-tree Volumes [Driver: iscsi][Feature:Volumes] [Testpattern: Dynamic PV (default fs)] subPath should fail if subpath with backstepping is outside the volume [Slow]" classname="Kubernetes e2e suite" time="0">
          <skipped></skipped>
      </testcase>
      <testcase name="[sig-storage] In-tree Volumes [Driver: hostPathSymlink] [Testpattern: Dynamic PV (ntfs)][sig-windows] provisioning should provision storage with mount options" classname="Kubernetes e2e suite" time="0">
          <skipped></skipped>
      </testcase>
      <testcase name="[sig-storage] In-tree Volumes [Driver: hostPathSymlink] [Testpattern: Dynamic PV (ntfs)][sig-windows] volumes should store data" classname="Kubernetes e2e suite" time="0">
          <skipped></skipped>
      </testcase>
      <testcase name="[sig-storage] Projected downwardAPI should provide container&#39;s cpu limit [NodeConformance] [Conformance]" classname="Kubernetes e2e suite" time="17.97322672"></testcase>
      <testcase name="[sig-storage] In-tree Volumes [Driver: vSphere] [Testpattern: Dynamic PV (default fs)] subPath should support readOnly directory specified in the volumeMount" classname="Kubernetes e2e suite" time="0">
          <skipped></skipped>
      </testcase>
      <testcase name="[sig-storage] In-tree Volumes [Driver: rbd][Feature:Volumes] [Testpattern: Pre-provisioned PV (default fs)] volumeIO should write files of various sizes, verify size, validate content [Slow]" classname="Kubernetes e2e suite" time="0">
          <skipped></skipped>
      </testcase>
      <testcase name="[sig-apps] Job should run a job to completion when tasks sometimes fail and are not locally restarted" classname="Kubernetes e2e suite" time="0">
          <skipped></skipped>
      </testcase>
      <testcase name="[sig-storage] In-tree Volumes [Driver: local][LocalVolumeType: blockfs] [Testpattern: Dynamic PV (default fs)] subPath should support restarting containers using file as subpath [Slow][LinuxOnly]" classname="Kubernetes e2e suite" time="0">
          <skipped></skipped>
      </testcase>
      <testcase name="[sig-storage] In-tree Volumes [Driver: emptydir] [Testpattern: Dynamic PV (ext4)] volumes should allow exec of files on the volume" classname="Kubernetes e2e suite" time="0">
          <skipped></skipped>
      </testcase>
      <testcase name="[sig-storage] In-tree Volumes [Driver: aws] [Testpattern: Pre-provisioned PV (default fs)] subPath should verify container cannot write to subpath readonly volumes [Slow]" classname="Kubernetes e2e suite" time="0">
          <skipped></skipped>
      </testcase>
      <testcase name="[sig-storage] In-tree Volumes [Driver: local][LocalVolumeType: blockfs] [Testpattern: Pre-provisioned PV (filesystem volmode)] multiVolume [Slow] should access to two volumes with the same volume mode and retain data across pod recreation on the same node" classname="Kubernetes e2e suite" time="0">
          <skipped></skipped>
      </testcase>
      <testcase name="[sig-storage] In-tree Volumes [Driver: azure] [Testpattern: Pre-provisioned PV (block volmode)] volumes should store data" classname="Kubernetes e2e suite" time="0">
          <skipped></skipped>
      </testcase>
      <testcase name="[sig-storage] In-tree Volumes [Driver: nfs] [Testpattern: Dynamic PV (default fs)] provisioning should provision storage with pvc data source" classname="Kubernetes e2e suite" time="0">
          <skipped></skipped>
      </testcase>
      <testcase name="[sig-storage] In-tree Volumes [Driver: iscsi][Feature:Volumes] [Testpattern: Inline-volume (default fs)] subPath should support creating multiple subpath from same volumes [Slow]" classname="Kubernetes e2e suite" time="0">
          <skipped></skipped>
      </testcase>
      <testcase name="[sig-storage] In-tree Volumes [Driver: local][LocalVolumeType: dir-link] [Testpattern: Dynamic PV (block volmode)] multiVolume [Slow] should access to two volumes with the same volume mode and retain data across pod recreation on the same node" classname="Kubernetes e2e suite" time="0">
          <skipped></skipped>
      </testcase>
      <testcase name="[k8s.io] Security Context when creating containers with AllowPrivilegeEscalation should allow privilege escalation when not explicitly set and uid != 0 [LinuxOnly] [NodeConformance]" classname="Kubernetes e2e suite" time="0">
          <skipped></skipped>
      </testcase>
      <testcase name="[sig-autoscaling] Cluster size autoscaling [Slow] should increase cluster size if pod requesting EmptyDir volume is pending [Feature:ClusterSizeAutoscalingScaleUp]" classname="Kubernetes e2e suite" time="0">
          <skipped></skipped>
      </testcase>
      <testcase name="[sig-apps] Network Partition [Disruptive] [Slow] [k8s.io] [StatefulSet] should not reschedule stateful pods if there is a network partition [Slow] [Disruptive]" classname="Kubernetes e2e suite" time="0">
          <skipped></skipped>
      </testcase>
      <testcase name="[sig-storage] In-tree Volumes [Driver: cinder] [Testpattern: Dynamic PV (default fs)] subPath should support restarting containers using directory as subpath [Slow]" classname="Kubernetes e2e suite" time="0">
          <skipped></skipped>
      </testcase>
      <testcase name="[sig-storage] Volume limits should verify that all nodes have volume limits" classname="Kubernetes e2e suite" time="0">
          <skipped></skipped>
      </testcase>
      <testcase name="[sig-apps] CronJob should not schedule new jobs when ForbidConcurrent [Slow]" classname="Kubernetes e2e suite" time="0">
          <skipped></skipped>
      </testcase>
      <testcase name="[sig-storage] CSI Volumes [Driver: csi-hostpath] [Testpattern: Pre-provisioned PV (default fs)] subPath should fail if non-existent subpath is outside the volume [Slow][LinuxOnly]" classname="Kubernetes e2e suite" time="0">
          <skipped></skipped>
      </testcase>
      <testcase name="[sig-storage] In-tree Volumes [Driver: local][LocalVolumeType: gce-localssd-scsi-fs] [Serial] [Testpattern: Dynamic PV (block volmode)] disruptive[Disruptive] Should test that pv written before kubelet restart is readable after restart." classname="Kubernetes e2e suite" time="0">
          <skipped></skipped>
      </testcase>
      <testcase name="[sig-storage] In-tree Volumes [Driver: hostPath] [Testpattern: Dynamic PV (xfs)][Slow] volumes should allow exec of files on the volume" classname="Kubernetes e2e suite" time="0">
          <skipped></skipped>
      </testcase>
      <testcase name="[sig-storage] In-tree Volumes [Driver: vSphere] [Testpattern: Dynamic PV (default fs)] subPath should fail if subpath directory is outside the volume [Slow]" classname="Kubernetes e2e suite" time="0">
          <skipped></skipped>
      </testcase>
      <testcase name="[sig-storage] Projected combined should project all components that make up the projection API [Projection][NodeConformance] [Conformance]" classname="Kubernetes e2e suite" time="20.202244589"></testcase>
      <testcase name="[sig-storage] CSI Volumes [Driver: pd.csi.storage.gke.io][Serial] [Testpattern: Pre-provisioned PV (block volmode)] multiVolume [Slow] should access to two volumes with different volume mode and retain data across pod recreation on different node" classname="Kubernetes e2e suite" time="0">
          <skipped></skipped>
      </testcase>
      <testcase name="[sig-apps] StatefulSet [k8s.io] Basic StatefulSet functionality [StatefulSetBasic] should perform rolling updates and roll backs of template modifications with PVCs" classname="Kubernetes e2e suite" time="0">
          <skipped></skipped>
      </testcase>
      <testcase name="[sig-storage] In-tree Volumes [Driver: local][LocalVolumeType: gce-localssd-scsi-fs] [Serial] [Testpattern: Dynamic PV (default fs)] subPath should support restarting containers using directory as subpath [Slow]" classname="Kubernetes e2e suite" time="0">
          <skipped></skipped>
      </testcase>
      <testcase name="[sig-network] Loadbalancing: L7 GCE [Slow] [Feature:kubemci] should support https-only annotation" classname="Kubernetes e2e suite" time="0">
          <skipped></skipped>
      </testcase>
      <testcase name="[sig-api-machinery] AdmissionWebhook [Privileged:ClusterAdmin] listing mutating webhooks should work [Conformance]" classname="Kubernetes e2e suite" time="31.671117786"></testcase>
      <testcase name="[sig-storage] In-tree Volumes [Driver: nfs] [Testpattern: Inline-volume (default fs)] subPath should support file as subpath [LinuxOnly]" classname="Kubernetes e2e suite" time="0">
          <skipped></skipped>
      </testcase>
      <testcase name="[sig-storage] In-tree Volumes [Driver: gcepd] [Testpattern: Pre-provisioned PV (block volmode)] multiVolume [Slow] should access to two volumes with different volume mode and retain data across pod recreation on different node" classname="Kubernetes e2e suite" time="0">
          <skipped></skipped>
      </testcase>
      <testcase name="[sig-storage] In-tree Volumes [Driver: local][LocalVolumeType: blockfs] [Testpattern: Dynamic PV (ext3)] volumes should store data" classname="Kubernetes e2e suite" time="0">
          <skipped></skipped>
      </testcase>
      <testcase name="[sig-storage] In-tree Volumes [Driver: emptydir] [Testpattern: Dynamic PV (block volmode)] volumeMode should fail to use a volume in a pod with mismatched mode [Slow]" classname="Kubernetes e2e suite" time="0">
          <skipped></skipped>
      </testcase>
      <testcase name="[sig-storage] Volume Disk Format [Feature:vsphere] verify disk format type - eagerzeroedthick is honored for dynamically provisioned pv using storageclass" classname="Kubernetes e2e suite" time="0">
          <skipped></skipped>
      </testcase>
      <testcase name="[sig-scheduling] SchedulerPreemption [Serial] validates lower priority pod preemption by critical pod" classname="Kubernetes e2e suite" time="0">
          <skipped></skipped>
      </testcase>
      <testcase name="[sig-auth] Metadata Concealment should run a check-metadata-concealment job to completion" classname="Kubernetes e2e suite" time="0">
          <skipped></skipped>
      </testcase>
      <testcase name="[sig-storage] PersistentVolumes-local  [Volume type: dir-bindmounted] Set fsGroup for local volume should set fsGroup for one pod [Slow]" classname="Kubernetes e2e suite" time="0">
          <skipped></skipped>
      </testcase>
      <testcase name="[sig-storage] In-tree Volumes [Driver: local][LocalVolumeType: tmpfs] [Testpattern: Pre-provisioned PV (xfs)][Slow] volumes should store data" classname="Kubernetes e2e suite" time="0">
          <skipped></skipped>
      </testcase>
      <testcase name="[sig-apps] CronJob should remove from active list jobs that have been deleted" classname="Kubernetes e2e suite" time="0">
          <skipped></skipped>
      </testcase>
      <testcase name="[sig-storage] In-tree Volumes [Driver: local][LocalVolumeType: dir] [Testpattern: Pre-provisioned PV (default fs)] subPath should be able to unmount after the subpath directory is deleted" classname="Kubernetes e2e suite" time="0">
          <skipped></skipped>
      </testcase>
      <testcase name="[sig-storage] In-tree Volumes [Driver: emptydir] [Testpattern: Pre-provisioned PV (ntfs)][sig-windows] volumes should store data" classname="Kubernetes e2e suite" time="0">
          <skipped></skipped>
      </testcase>
      <testcase name="[sig-storage] CSI Volumes [Driver: csi-hostpath] [Testpattern: Dynamic PV (block volmode)(allowExpansion)] volume-expand should resize volume when PVC is edited while pod is using it" classname="Kubernetes e2e suite" time="0">
          <skipped></skipped>
      </testcase>
      <testcase name="[sig-storage] In-tree Volumes [Driver: ceph][Feature:Volumes] [Testpattern: Inline-volume (default fs)] subPath should support creating multiple subpath from same volumes [Slow]" classname="Kubernetes e2e suite" time="0">
          <skipped></skipped>
      </testcase>
      <testcase name="[sig-storage] In-tree Volumes [Driver: gcepd] [Testpattern: Dynamic PV (filesystem volmode)] multiVolume [Slow] should access to two volumes with the same volume mode and retain data across pod recreation on the same node" classname="Kubernetes e2e suite" time="0">
          <skipped></skipped>
      </testcase>
      <testcase name="[sig-storage] In-tree Volumes [Driver: local][LocalVolumeType: dir-link-bindmounted] [Testpattern: Dynamic PV (xfs)][Slow] volumes should allow exec of files on the volume" classname="Kubernetes e2e suite" time="0">
          <skipped></skipped>
      </testcase>
      <testcase name="[sig-network] Loadbalancing: L7 GCE [Slow] [Feature:NEG] should be able to switch between IG and NEG modes" classname="Kubernetes e2e suite" time="0">
          <skipped></skipped>
      </testcase>
      <testcase name="[sig-storage] In-tree Volumes [Driver: rbd][Feature:Volumes] [Testpattern: Inline-volume (default fs)] subPath should be able to unmount after the subpath directory is deleted" classname="Kubernetes e2e suite" time="0">
          <skipped></skipped>
      </testcase>
      <testcase name="[sig-storage] In-tree Volumes [Driver: hostPathSymlink] [Testpattern: Dynamic PV (block volmode)] disruptive[Disruptive] Should test that pv written before kubelet restart is readable after restart." classname="Kubernetes e2e suite" time="0">
          <skipped></skipped>
      </testcase>
      <testcase name="[sig-storage] CSI Volumes [Driver: csi-hostpath-v0] [Testpattern: Dynamic PV (ntfs)][sig-windows] provisioning should provision storage with snapshot data source [Feature:VolumeSnapshotDataSource]" classname="Kubernetes e2e suite" time="0">
          <skipped></skipped>
      </testcase>
      <testcase name="[sig-storage] In-tree Volumes [Driver: local][LocalVolumeType: gce-localssd-scsi-fs] [Serial] [Testpattern: Dynamic PV (ntfs)][sig-windows] subPath should fail if subpath with backstepping is outside the volume [Slow]" classname="Kubernetes e2e suite" time="0">
          <skipped></skipped>
      </testcase>
      <testcase name="[sig-node] Downward API should provide pod UID as env vars [NodeConformance] [Conformance]" classname="Kubernetes e2e suite" time="21.212459238"></testcase>
      <testcase name="[sig-storage] CSI Volumes [Driver: csi-hostpath] [Testpattern: Dynamic PV (ntfs)][sig-windows] volumes should allow exec of files on the volume" classname="Kubernetes e2e suite" time="0">
          <skipped></skipped>
      </testcase>
      <testcase name="[sig-storage] In-tree Volumes [Driver: azure] [Testpattern: Pre-provisioned PV (block volmode)] disruptive[Disruptive] Should test that pv written before kubelet restart is readable after restart." classname="Kubernetes e2e suite" time="0">
          <skipped></skipped>
      </testcase>
      <testcase name="[sig-storage] In-tree Volumes [Driver: local][LocalVolumeType: dir-link] [Testpattern: Dynamic PV (default fs)] subPath should support creating multiple subpath from same volumes [Slow]" classname="Kubernetes e2e suite" time="0">
          <skipped></skipped>
      </testcase>
      <testcase name="[sig-storage] In-tree Volumes [Driver: cinder] [Testpattern: Dynamic PV (block volmode)] volumeMode should not mount / map unused volumes in a pod" classname="Kubernetes e2e suite" time="0">
          <skipped></skipped>
      </testcase>
      <testcase name="[sig-scheduling] NoExecuteTaintManager Multiple Pods [Serial] evicts pods with minTolerationSeconds [Conformance]" classname="Kubernetes e2e suite" time="0">
          <skipped></skipped>
      </testcase>
      <testcase name="[sig-storage] In-tree Volumes [Driver: local][LocalVolumeType: dir-link] [Testpattern: Inline-volume (ext3)] volumes should store data" classname="Kubernetes e2e suite" time="0">
          <skipped></skipped>
      </testcase>
      <testcase name="[sig-storage] In-tree Volumes [Driver: ceph][Feature:Volumes] [Testpattern: Inline-volume (default fs)] subPath should support existing directories when readOnly specified in the volumeSource" classname="Kubernetes e2e suite" time="0">
          <skipped></skipped>
      </testcase>
      <testcase name="[sig-cli] Kubectl client Kubectl taint [Serial] should update the taint on a node" classname="Kubernetes e2e suite" time="0">
          <skipped></skipped>
      </testcase>
      <testcase name="[sig-storage] In-tree Volumes [Driver: hostPath] [Testpattern: Dynamic PV (default fs)] subPath should fail if subpath with backstepping is outside the volume [Slow]" classname="Kubernetes e2e suite" time="0">
          <skipped></skipped>
      </testcase>
      <testcase name="[sig-storage] In-tree Volumes [Driver: cinder] [Testpattern: Pre-provisioned PV (block volmode)] volumeMode should not mount / map unused volumes in a pod" classname="Kubernetes e2e suite" time="0">
          <skipped></skipped>
      </testcase>
      <testcase name="[sig-storage] In-tree Volumes [Driver: local][LocalVolumeType: blockfs] [Testpattern: Dynamic PV (ext3)] volumes should allow exec of files on the volume" classname="Kubernetes e2e suite" time="0">
          <skipped></skipped>
      </testcase>
      <testcase name="[sig-storage] In-tree Volumes [Driver: local][LocalVolumeType: tmpfs] [Testpattern: Inline-volume (default fs)] volumeIO should write files of various sizes, verify size, validate content [Slow]" classname="Kubernetes e2e suite" time="0">
          <skipped></skipped>
      </testcase>
      <testcase name="[sig-storage] In-tree Volumes [Driver: local][LocalVolumeType: blockfs] [Testpattern: Dynamic PV (default fs)] volume-expand should not allow expansion of pvcs without AllowVolumeExpansion property" classname="Kubernetes e2e suite" time="0">
          <skipped></skipped>
      </testcase>
      <testcase name="[sig-storage] PersistentVolumes-local  Pod with node different from PV&#39;s NodeAffinity should fail scheduling due to different NodeSelector" classname="Kubernetes e2e suite" time="0">
          <skipped></skipped>
      </testcase>
      <testcase name="[sig-storage] In-tree Volumes [Driver: local][LocalVolumeType: dir] [Testpattern: Pre-provisioned PV (default fs)] subPath should fail if subpath with backstepping is outside the volume [Slow]" classname="Kubernetes e2e suite" time="0">
          <skipped></skipped>
      </testcase>
      <testcase name="[sig-autoscaling] [Feature:HPA] Horizontal pod autoscaling (scale resource: CPU) [sig-autoscaling] [Serial] [Slow] ReplicationController Should scale from 1 pod to 3 pods and from 3 to 5 and verify decision stability" classname="Kubernetes e2e suite" time="0">
          <skipped></skipped>
      </testcase>
      <testcase name="[sig-storage] In-tree Volumes [Driver: nfs] [Testpattern: Dynamic PV (ntfs)][sig-windows] volumes should store data" classname="Kubernetes e2e suite" time="0">
          <skipped></skipped>
      </testcase>
      <testcase name="[sig-storage] Projected secret optional updates should be reflected in volume [NodeConformance] [Conformance]" classname="Kubernetes e2e suite" time="102.92941659"></testcase>
      <testcase name="[sig-apps] CronJob should not schedule jobs when suspended [Slow]" classname="Kubernetes e2e suite" time="0">
          <skipped></skipped>
      </testcase>
      <testcase name="[sig-storage] CSI Volumes [Driver: csi-hostpath-v0] [Testpattern: Pre-provisioned PV (default fs)] subPath should fail if subpath file is outside the volume [Slow][LinuxOnly]" classname="Kubernetes e2e suite" time="0">
          <skipped></skipped>
      </testcase>
      <testcase name="[sig-storage] In-tree Volumes [Driver: ceph][Feature:Volumes] [Testpattern: Dynamic PV (ext3)] volumes should store data" classname="Kubernetes e2e suite" time="0">
          <skipped></skipped>
      </testcase>
      <testcase name="[sig-storage] In-tree Volumes [Driver: vSphere] [Testpattern: Pre-provisioned PV (filesystem volmode)] multiVolume [Slow] should access to two volumes with different volume mode and retain data across pod recreation on different node" classname="Kubernetes e2e suite" time="0">
          <skipped></skipped>
      </testcase>
      <testcase name="[sig-storage] In-tree Volumes [Driver: local][LocalVolumeType: block] [Testpattern: Dynamic PV (block volmode)] multiVolume [Slow] should concurrently access the single volume from pods on different node" classname="Kubernetes e2e suite" time="0">
          <skipped></skipped>
      </testcase>
      <testcase name="[sig-storage] In-tree Volumes [Driver: local][LocalVolumeType: tmpfs] [Testpattern: Dynamic PV (ntfs)][sig-windows] subPath should fail if subpath file is outside the volume [Slow][LinuxOnly]" classname="Kubernetes e2e suite" time="0">
          <skipped></skipped>
      </testcase>
      <testcase name="[sig-storage] CSI Volumes [Driver: csi-hostpath] [Testpattern: Dynamic PV (filesystem volmode)] multiVolume [Slow] should access to two volumes with the same volume mode and retain data across pod recreation on the same node" classname="Kubernetes e2e suite" time="0">
          <skipped></skipped>
      </testcase>
      <testcase name="[sig-storage] In-tree Volumes [Driver: aws] [Testpattern: Dynamic PV (xfs)][Slow] volumes should store data" classname="Kubernetes e2e suite" time="0">
          <skipped></skipped>
      </testcase>
      <testcase name="[sig-storage] Zone Support Verify a pod is created on a non-Workspace zone and attached to a dynamically created PV, based on the allowed zones and storage policy specified in storage class" classname="Kubernetes e2e suite" time="0">
          <skipped></skipped>
      </testcase>
      <testcase name="[sig-api-machinery] Generated clientset should create pods, set the deletionTimestamp and deletionGracePeriodSeconds of the pod" classname="Kubernetes e2e suite" time="0">
          <skipped></skipped>
      </testcase>
      <testcase name="[sig-storage] In-tree Volumes [Driver: vSphere] [Testpattern: Pre-provisioned PV (default fs)] subPath should unmount if pod is gracefully deleted while kubelet is down [Disruptive][Slow][LinuxOnly]" classname="Kubernetes e2e suite" time="0">
          <skipped></skipped>
      </testcase>
      <testcase name="[sig-storage] In-tree Volumes [Driver: vSphere] [Testpattern: Pre-provisioned PV (default fs)] subPath should support restarting containers using directory as subpath [Slow]" classname="Kubernetes e2e suite" time="0">
          <skipped></skipped>
      </testcase>
      <testcase name="[sig-storage] In-tree Volumes [Driver: gluster] [Testpattern: Dynamic PV (default fs)] subPath should fail if subpath file is outside the volume [Slow][LinuxOnly]" classname="Kubernetes e2e suite" time="0">
          <skipped></skipped>
      </testcase>
      <testcase name="[sig-storage] CSI Volumes [Driver: pd.csi.storage.gke.io][Serial] [Testpattern: Inline-volume (default fs)] volumes should store data" classname="Kubernetes e2e suite" time="0">
          <skipped></skipped>
      </testcase>
      <testcase name="[sig-storage] In-tree Volumes [Driver: aws] [Testpattern: Dynamic PV (ntfs)][sig-windows] subPath should support creating multiple subpath from same volumes [Slow]" classname="Kubernetes e2e suite" time="0">
          <skipped></skipped>
      </testcase>
      <testcase name="[sig-storage] In-tree Volumes [Driver: local][LocalVolumeType: dir] [Testpattern: Inline-volume (default fs)] subPath should support creating multiple subpath from same volumes [Slow]" classname="Kubernetes e2e suite" time="0">
          <skipped></skipped>
      </testcase>
      <testcase name="[sig-storage] In-tree Volumes [Driver: local][LocalVolumeType: tmpfs] [Testpattern: Dynamic PV (default fs)] subPath should support existing directories when readOnly specified in the volumeSource" classname="Kubernetes e2e suite" time="0">
          <skipped></skipped>
      </testcase>
      <testcase name="[sig-storage] In-tree Volumes [Driver: local][LocalVolumeType: dir-link-bindmounted] [Testpattern: Dynamic PV (block volmode)] volume-expand should not allow expansion of pvcs without AllowVolumeExpansion property" classname="Kubernetes e2e suite" time="0">
          <skipped></skipped>
      </testcase>
      <testcase name="[sig-storage] In-tree Volumes [Driver: aws] [Testpattern: Inline-volume (default fs)] subPath should fail if subpath with backstepping is outside the volume [Slow]" classname="Kubernetes e2e suite" time="0">
          <skipped></skipped>
      </testcase>
      <testcase name="[sig-storage] In-tree Volumes [Driver: azure] [Testpattern: Pre-provisioned PV (xfs)][Slow] volumes should store data" classname="Kubernetes e2e suite" time="0">
          <skipped></skipped>
      </testcase>
      <testcase name="[sig-storage] In-tree Volumes [Driver: gcepd] [Testpattern: Dynamic PV (block volmode)] volumeMode should not mount / map unused volumes in a pod" classname="Kubernetes e2e suite" time="0">
          <skipped></skipped>
      </testcase>
      <testcase name="[sig-storage] In-tree Volumes [Driver: gluster] [Testpattern: Pre-provisioned PV (filesystem volmode)] disruptive[Disruptive] Should test that pv written before kubelet restart is readable after restart." classname="Kubernetes e2e suite" time="0">
          <skipped></skipped>
      </testcase>
      <testcase name="[sig-storage] CSI Volumes [Driver: csi-hostpath] [Testpattern: Dynamic PV (block volmode)] multiVolume [Slow] should concurrently access the single volume from pods on different node" classname="Kubernetes e2e suite" time="0">
          <skipped></skipped>
      </testcase>
      <testcase name="[sig-storage] In-tree Volumes [Driver: cinder] [Testpattern: Dynamic PV (ext3)] volumes should store data" classname="Kubernetes e2e suite" time="0">
          <skipped></skipped>
      </testcase>
      <testcase name="[sig-storage] In-tree Volumes [Driver: gluster] [Testpattern: Dynamic PV (block volmode)] volumeMode should fail in binding dynamic provisioned PV to PVC [Slow]" classname="Kubernetes e2e suite" time="0">
          <skipped></skipped>
      </testcase>
      <testcase name="[sig-storage] In-tree Volumes [Driver: hostPath] [Testpattern: Dynamic PV (xfs)][Slow] volumes should store data" classname="Kubernetes e2e suite" time="0">
          <skipped></skipped>
      </testcase>
      <testcase name="[sig-scalability] Density [Feature:Performance] should allow starting 30 pods per node using ReplicationController with 0 secrets, 0 configmaps, 0 token projections, and 0 daemons" classname="Kubernetes e2e suite" time="0">
          <skipped></skipped>
      </testcase>
      <testcase name="[sig-autoscaling] Cluster size autoscaling [Slow] should increase cluster size if pending pods are small [Feature:ClusterSizeAutoscalingScaleUp]" classname="Kubernetes e2e suite" time="0">
          <skipped></skipped>
      </testcase>
      <testcase name="[sig-storage] PersistentVolumes-local  [Volume type: gce-localssd-scsi-fs] [Serial] Set fsGroup for local volume should set same fsGroup for two pods simultaneously [Slow]" classname="Kubernetes e2e suite" time="0">
          <skipped></skipped>
      </testcase>
      <testcase name="[sig-storage] In-tree Volumes [Driver: gluster] [Testpattern: Pre-provisioned PV (default fs)] volumeIO should write files of various sizes, verify size, validate content [Slow]" classname="Kubernetes e2e suite" time="0">
          <skipped></skipped>
      </testcase>
      <testcase name="[sig-storage] In-tree Volumes [Driver: local][LocalVolumeType: dir-link] [Testpattern: Dynamic PV (ntfs)][sig-windows] provisioning should provision storage with mount options" classname="Kubernetes e2e suite" time="0">
          <skipped></skipped>
      </testcase>
      <testcase name="[sig-storage] Storage Policy Based Volume Provisioning [Feature:vsphere] verify VSAN storage capability with non-vsan datastore is not honored for dynamically provisioned pvc using storageclass" classname="Kubernetes e2e suite" time="0">
          <skipped></skipped>
      </testcase>
      <testcase name="[sig-storage] In-tree Volumes [Driver: azure] [Testpattern: Inline-volume (default fs)] subPath should support existing directory" classname="Kubernetes e2e suite" time="0">
          <skipped></skipped>
      </testcase>
      <testcase name="[sig-storage] In-tree Volumes [Driver: local][LocalVolumeType: dir-link] [Testpattern: Dynamic PV (default fs)] subPath should support readOnly directory specified in the volumeMount" classname="Kubernetes e2e suite" time="0">
          <skipped></skipped>
      </testcase>
      <testcase name="[sig-storage] In-tree Volumes [Driver: hostPath] [Testpattern: Pre-provisioned PV (default fs)] subPath should unmount if pod is gracefully deleted while kubelet is down [Disruptive][Slow][LinuxOnly]" classname="Kubernetes e2e suite" time="0">
          <skipped></skipped>
      </testcase>
      <testcase name="[sig-storage] In-tree Volumes [Driver: vSphere] [Testpattern: Dynamic PV (default fs)] volumes should allow exec of files on the volume" classname="Kubernetes e2e suite" time="0">
          <skipped></skipped>
      </testcase>
      <testcase name="[sig-apps] StatefulSet [k8s.io] Basic StatefulSet functionality [StatefulSetBasic] Scaling should happen in predictable order and halt if any stateful pod is unhealthy [Slow] [Conformance]" classname="Kubernetes e2e suite" time="392.32565428"></testcase>
  </testsuite>