<?xml version="1.0" encoding="UTF-8"?>

-<testsuite time="5878.428401351" failures="1" tests="199">


-<testcase time="0" classname="Kubernetes e2e suite" name="[sig-storage] In-tree Volumes [Driver: hostPathSymlink] [Testpattern: Dynamic PV (default fs)] provisioning should provision storage with mount options">

<skipped/>

</testcase>


-<testcase time="0" classname="Kubernetes e2e suite" name="[sig-apps] Network Partition [Disruptive] [Slow] [k8s.io] Pods should be evicted from unready Node [Feature:TaintEviction] All pods on the unreachable node should be marked as NotReady upon the node turn NotReady AND all pods should be evicted after eviction timeout passes">

<skipped/>

</testcase>


-<testcase time="0" classname="Kubernetes e2e suite" name="[sig-apps] Network Partition [Disruptive] [Slow] [k8s.io] Pods should return to running and ready state after network partition is healed All pods on the unreachable node should be marked as NotReady upon the node turn NotReady AND all pods should be mark back to Ready when the node get back to Ready before pod eviction timeout">

<skipped/>

</testcase>


-<testcase time="0" classname="Kubernetes e2e suite" name="[sig-api-machinery] CustomResourceConversionWebhook [Feature:CustomResourceWebhookConversion] Should be able to convert a non homogeneous list of CRs">

<skipped/>

</testcase>


-<testcase time="0" classname="Kubernetes e2e suite" name="[sig-storage] In-tree Volumes [Driver: cinder] [Testpattern: Dynamic PV (default fs)] provisioning should provision storage with defaults">

<skipped/>

</testcase>


-<testcase time="0" classname="Kubernetes e2e suite" name="[sig-storage] In-tree Volumes [Driver: gluster] [Testpattern: Dynamic PV (default fs)] subPath should support restarting containers using directory as subpath [Slow]">

<skipped/>

</testcase>


-<testcase time="0" classname="Kubernetes e2e suite" name="[sig-storage] In-tree Volumes [Driver: aws] [Testpattern: Pre-provisioned PV (default fs)] subPath should support existing directory">

<skipped/>

</testcase>


-<testcase time="0" classname="Kubernetes e2e suite" name="[sig-cluster-lifecycle] [Feature:BootstrapTokens] should delete the signed bootstrap tokens from clusterInfo ConfigMap when bootstrap token is deleted">

<skipped/>

</testcase>


-<testcase time="0" classname="Kubernetes e2e suite" name="[sig-storage] In-tree Volumes [Driver: nfs] [Testpattern: Pre-provisioned PV (default fs)] subPath should unmount if pod is force deleted while kubelet is down [Disruptive][Slow]">

<skipped/>

</testcase>


-<testcase time="0" classname="Kubernetes e2e suite" name="[sig-storage] In-tree Volumes [Driver: gcepd] [Testpattern: Pre-provisioned PV (default fs)] subPath should support existing directories when readOnly specified in the volumeSource">

<skipped/>

</testcase>


-<testcase time="0" classname="Kubernetes e2e suite" name="[sig-storage] In-tree Volumes [Driver: iscsi][Feature:Volumes] [Testpattern: Dynamic PV (default fs)] subPath should support existing directories when readOnly specified in the volumeSource">

<skipped/>

</testcase>


-<testcase time="0" classname="Kubernetes e2e suite" name="[sig-storage] In-tree Volumes [Driver: gluster] [Testpattern: Dynamic PV (default fs)] subPath should unmount if pod is force deleted while kubelet is down [Disruptive][Slow]">

<skipped/>

</testcase>


-<testcase time="0" classname="Kubernetes e2e suite" name="[sig-autoscaling] Cluster size autoscaling [Slow] should increase cluster size if pending pods are small [Feature:ClusterSizeAutoscalingScaleUp]">

<skipped/>

</testcase>


-<testcase time="0" classname="Kubernetes e2e suite" name="[sig-storage] In-tree Volumes [Driver: cinder] [Testpattern: Inline-volume (default fs)] subPath should unmount if pod is gracefully deleted while kubelet is down [Disruptive][Slow]">

<skipped/>

</testcase>


-<testcase time="0" classname="Kubernetes e2e suite" name="[sig-storage] In-tree Volumes [Driver: rbd][Feature:Volumes] [Testpattern: Dynamic PV (default fs)] subPath should support readOnly directory specified in the volumeMount">

<skipped/>

</testcase>


-<testcase time="0" classname="Kubernetes e2e suite" name="[sig-storage] In-tree Volumes [Driver: vSphere] [Testpattern: Dynamic PV (default fs)] subPath should fail if subpath file is outside the volume [Slow]">

<skipped/>

</testcase>


-<testcase time="0" classname="Kubernetes e2e suite" name="[sig-storage] In-tree Volumes [Driver: cinder] [Testpattern: Inline-volume (default fs)] subPath should fail if subpath file is outside the volume [Slow]">

<skipped/>

</testcase>


-<testcase time="0" classname="Kubernetes e2e suite" name="[sig-storage] PersistentVolumes-local [Volume type: gce-localssd-scsi-fs] [Serial] Two pods mounting a local volume one after the other should be able to write from pod1 and read from pod2">

<skipped/>

</testcase>


-<testcase time="0" classname="Kubernetes e2e suite" name="[sig-storage] In-tree Volumes [Driver: gluster] [Testpattern: Pre-provisioned PV (ext4)] volumes should be mountable">

<skipped/>

</testcase>


-<testcase time="0" classname="Kubernetes e2e suite" name="[sig-storage] Dynamic Provisioning DynamicProvisioner [Slow] should provision storage with different parameters">

<skipped/>

</testcase>


-<testcase time="0" classname="Kubernetes e2e suite" name="[sig-api-machinery] Garbage collector should orphan pods created by rc if deleteOptions.OrphanDependents is nil">

<skipped/>

</testcase>


-<testcase time="0" classname="Kubernetes e2e suite" name="[sig-storage] In-tree Volumes [Driver: vSphere] [Testpattern: Dynamic PV (xfs)] volumes should be mountable">

<skipped/>

</testcase>


-<testcase time="0" classname="Kubernetes e2e suite" name="[sig-storage] In-tree Volumes [Driver: iscsi][Feature:Volumes] [Testpattern: Pre-provisioned PV (default fs)] subPath should support creating multiple subpath from same volumes [Slow]">

<skipped/>

</testcase>


-<testcase time="0" classname="Kubernetes e2e suite" name="[sig-storage] In-tree Volumes [Driver: gcepd] [Testpattern: Dynamic PV (default fs)] subPath should support existing directories when readOnly specified in the volumeSource">

<skipped/>

</testcase>

<testcase time="46.310850895" classname="Kubernetes e2e suite" name="[k8s.io] Pods should contain environment variables for services [NodeConformance] [Conformance]"/>


-<testcase time="0" classname="Kubernetes e2e suite" name="[sig-storage] In-tree Volumes [Driver: iscsi][Feature:Volumes] [Testpattern: Inline-volume (default fs)] subPath should fail if non-existent subpath is outside the volume [Slow]">

<skipped/>

</testcase>


-<testcase time="0" classname="Kubernetes e2e suite" name="[sig-apps] Network Partition [Disruptive] [Slow] [k8s.io] [ReplicationController] should recreate pods scheduled on the unreachable node AND allow scheduling of pods on a node after it rejoins the cluster">

<skipped/>

</testcase>


-<testcase time="0" classname="Kubernetes e2e suite" name="[sig-storage] In-tree Volumes [Driver: ceph][Feature:Volumes] [Testpattern: Inline-volume (xfs)] volumes should be mountable">

<skipped/>

</testcase>


-<testcase time="0" classname="Kubernetes e2e suite" name="[sig-storage] Volume Provisioning On Clustered Datastore [Feature:vsphere] verify static provisioning on clustered datastore">

<skipped/>

</testcase>


-<testcase time="0" classname="Kubernetes e2e suite" name="[sig-storage] In-tree Volumes [Driver: azure] [Testpattern: Dynamic PV (default fs)] subPath should support existing single file">

<skipped/>

</testcase>


-<testcase time="0" classname="Kubernetes e2e suite" name="[sig-storage] CSI Volumes [Driver: csi-hostpath] [Testpattern: Dynamic PV (filesystem volmode)] volumeMode should create sc, pod, pv, and pvc, read/write to the pv, and delete all created resources">

<skipped/>

</testcase>


-<testcase time="0" classname="Kubernetes e2e suite" name="[sig-storage] In-tree Volumes [Driver: cinder] [Testpattern: Pre-provisioned PV (default fs)] subPath should fail if non-existent subpath is outside the volume [Slow]">

<skipped/>

</testcase>


-<testcase time="0" classname="Kubernetes e2e suite" name="[sig-storage] In-tree Volumes [Driver: vSphere] [Testpattern: Inline-volume (default fs)] subPath should support existing directory">

<skipped/>

</testcase>


-<testcase time="0" classname="Kubernetes e2e suite" name="[k8s.io] [sig-node] Security Context [Feature:SecurityContext] should support container.SecurityContext.RunAsUser">

<skipped/>

</testcase>


-<testcase time="0" classname="Kubernetes e2e suite" name="[sig-storage] PersistentVolumes-local [Volume type: gce-localssd-scsi-fs] [Serial] Set fsGroup for local volume should set different fsGroup for second pod if first pod is deleted">

<skipped/>

</testcase>


-<testcase time="0" classname="Kubernetes e2e suite" name="[sig-storage] In-tree Volumes [Driver: nfs] [Testpattern: Dynamic PV (default fs)] volumeIO should write files of various sizes, verify size, validate content [Slow]">

<skipped/>

</testcase>


-<testcase time="0" classname="Kubernetes e2e suite" name="[sig-storage] In-tree Volumes [Driver: nfs] [Testpattern: Inline-volume (default fs)] subPath should fail if subpath file is outside the volume [Slow]">

<skipped/>

</testcase>


-<testcase time="0" classname="Kubernetes e2e suite" name="[sig-storage] In-tree Volumes [Driver: azure] [Testpattern: Inline-volume (ext4)] volumes should be mountable">

<skipped/>

</testcase>


-<testcase time="0" classname="Kubernetes e2e suite" name="[sig-storage] In-tree Volumes [Driver: aws] [Testpattern: Pre-provisioned PV (default fs)] subPath should unmount if pod is force deleted while kubelet is down [Disruptive][Slow]">

<skipped/>

</testcase>


-<testcase time="0" classname="Kubernetes e2e suite" name="[k8s.io] Sysctls [NodeFeature:Sysctls] should reject invalid sysctls">

<skipped/>

</testcase>


-<testcase time="0" classname="Kubernetes e2e suite" name="[sig-apps] stateful Upgrade [Feature:StatefulUpgrade] [k8s.io] stateful upgrade should maintain a functioning cluster">

<skipped/>

</testcase>

<testcase time="30.247278858" classname="Kubernetes e2e suite" name="[sig-apps] ReplicaSet should adopt matching pods on creation and release no longer matching pods [Conformance]"/>


-<testcase time="0" classname="Kubernetes e2e suite" name="[sig-storage] In-tree Volumes [Driver: ceph][Feature:Volumes] [Testpattern: Pre-provisioned PV (default fs)] subPath should unmount if pod is gracefully deleted while kubelet is down [Disruptive][Slow]">

<skipped/>

</testcase>


-<testcase time="0" classname="Kubernetes e2e suite" name="[sig-network] Loadbalancing: L7 GCE [Slow] [Feature:Ingress] should create ingress with given static-ip">

<skipped/>

</testcase>


-<testcase time="0" classname="Kubernetes e2e suite" name="[sig-storage] In-tree Volumes [Driver: iscsi][Feature:Volumes] [Testpattern: Pre-provisioned PV (default fs)] subPath should support file as subpath">

<skipped/>

</testcase>


-<testcase time="0" classname="Kubernetes e2e suite" name="[sig-storage] In-tree Volumes [Driver: emptydir] [Testpattern: Pre-provisioned PV (filesystem volmode)] volumeMode should create sc, pod, pv, and pvc, read/write to the pv, and delete all created resources">

<skipped/>

</testcase>


-<testcase time="0" classname="Kubernetes e2e suite" name="[k8s.io] [sig-node] Security Context [Feature:SecurityContext] should support seccomp alpha runtime/default annotation [Feature:Seccomp]">

<skipped/>

</testcase>


-<testcase time="0" classname="Kubernetes e2e suite" name="[sig-storage] In-tree Volumes [Driver: vSphere] [Testpattern: Pre-provisioned PV (default fs)] subPath should support restarting containers using file as subpath [Slow]">

<skipped/>

</testcase>


-<testcase time="0" classname="Kubernetes e2e suite" name="[sig-storage] In-tree Volumes [Driver: ceph][Feature:Volumes] [Testpattern: Pre-provisioned PV (default fs)] subPath should unmount if pod is force deleted while kubelet is down [Disruptive][Slow]">

<skipped/>

</testcase>


-<testcase time="0" classname="Kubernetes e2e suite" name="[sig-storage] In-tree Volumes [Driver: iscsi][Feature:Volumes] [Testpattern: Dynamic PV (filesystem volmode)] volumeMode should create sc, pod, pv, and pvc, read/write to the pv, and delete all created resources">

<skipped/>

</testcase>


-<testcase time="0" classname="Kubernetes e2e suite" name="[sig-network] Services should be able to change the type from NodePort to ExternalName">

<skipped/>

</testcase>


-<testcase time="0" classname="Kubernetes e2e suite" name="[sig-storage] In-tree Volumes [Driver: cinder] [Testpattern: Dynamic PV (default fs)] subPath should fail if subpath file is outside the volume [Slow]">

<skipped/>

</testcase>


-<testcase time="0" classname="Kubernetes e2e suite" name="[sig-cli] Kubectl client [k8s.io] Kubectl copy should copy a file from a running Pod">

<skipped/>

</testcase>


-<testcase time="0" classname="Kubernetes e2e suite" name="[sig-storage] Dynamic Provisioning DynamicProvisioner Default should be disabled by changing the default annotation [Serial] [Disruptive]">

<skipped/>

</testcase>


-<testcase time="0" classname="Kubernetes e2e suite" name="[sig-storage] In-tree Volumes [Driver: rbd][Feature:Volumes] [Testpattern: Pre-provisioned PV (filesystem volmode)] volumeMode should create sc, pod, pv, and pvc, read/write to the pv, and delete all created resources">

<skipped/>

</testcase>


-<testcase time="0" classname="Kubernetes e2e suite" name="[sig-storage] In-tree Volumes [Driver: nfs] [Testpattern: Pre-provisioned PV (default fs)] subPath should fail if subpath directory is outside the volume [Slow]">

<skipped/>

</testcase>


-<testcase time="0" classname="Kubernetes e2e suite" name="[sig-network] NetworkPolicy NetworkPolicy between server and client should enforce policy based on PodSelector [Feature:NetworkPolicy]">

<skipped/>

</testcase>


-<testcase time="0" classname="Kubernetes e2e suite" name="[sig-storage] In-tree Volumes [Driver: vSphere] [Testpattern: Dynamic PV (default fs)] subPath should support readOnly file specified in the volumeMount">

<skipped/>

</testcase>


-<testcase time="0" classname="Kubernetes e2e suite" name="[sig-network] Loadbalancing: L7 GCE [Slow] [Feature:NEG] should create NEGs for all ports with the Ingress annotation, and NEGs for the standalone annotation otherwise">

<skipped/>

</testcase>


-<testcase time="0" classname="Kubernetes e2e suite" name="[sig-storage] In-tree Volumes [Driver: cinder] [Testpattern: Inline-volume (default fs)] subPath should fail if non-existent subpath is outside the volume [Slow]">

<skipped/>

</testcase>

<testcase time="28.746267289" classname="Kubernetes e2e suite" name="[sig-storage] Projected downwardAPI should update annotations on modification [NodeConformance] [Conformance]"/>


-<testcase time="0" classname="Kubernetes e2e suite" name="[sig-scheduling] ResourceQuota [Feature:PodPriority] should verify ResourceQuota's priority class scope (cpu, memory quota set) against a pod with same priority class.">

<skipped/>

</testcase>


-<testcase time="0" classname="Kubernetes e2e suite" name="[sig-storage] In-tree Volumes [Driver: rbd][Feature:Volumes] [Testpattern: Pre-provisioned PV (default fs)] subPath should fail if subpath file is outside the volume [Slow]">

<skipped/>

</testcase>


-<testcase time="0" classname="Kubernetes e2e suite" name="[sig-storage] In-tree Volumes [Driver: aws] [Testpattern: Inline-volume (default fs)] subPath should fail if subpath file is outside the volume [Slow]">

<skipped/>

</testcase>


-<testcase time="0" classname="Kubernetes e2e suite" name="[sig-storage] In-tree Volumes [Driver: ceph][Feature:Volumes] [Testpattern: Inline-volume (default fs)] subPath should support restarting containers using file as subpath [Slow]">

<skipped/>

</testcase>


-<testcase time="0" classname="Kubernetes e2e suite" name="[sig-storage] In-tree Volumes [Driver: emptydir] [Testpattern: Pre-provisioned PV (default fs)] subPath should support restarting containers using directory as subpath [Slow]">

<skipped/>

</testcase>


-<testcase time="6.23966236" classname="Kubernetes e2e suite" name="[sig-cli] Kubectl client [k8s.io] Kubectl describe should check if kubectl describe prints relevant information for rc and pods [Conformance]">

<skipped/>

</testcase>


-<testcase time="0" classname="Kubernetes e2e suite" name="[sig-scheduling] NoExecuteTaintManager Multiple Pods [Serial] evicts pods with minTolerationSeconds">

<skipped/>

</testcase>


-<testcase time="0" classname="Kubernetes e2e suite" name="[sig-storage] In-tree Volumes [Driver: aws] [Testpattern: Dynamic PV (default fs)] subPath should fail if subpath with backstepping is outside the volume [Slow]">

<skipped/>

</testcase>


-<testcase time="0" classname="Kubernetes e2e suite" name="[sig-cluster-lifecycle] [Feature:BootstrapTokens] should sign the new added bootstrap tokens">

<skipped/>

</testcase>


-<testcase time="0" classname="Kubernetes e2e suite" name="[sig-scalability] Density [Feature:ManualPerformance] should allow starting 3 pods per node using ReplicationController with 0 secrets, 0 configmaps, 0 token projections, and 0 daemons">

<skipped/>

</testcase>


-<testcase time="0" classname="Kubernetes e2e suite" name="[sig-network] Firewall rule [Slow] [Serial] should create valid firewall rules for LoadBalancer type service">

<skipped/>

</testcase>

<testcase time="6.826755761" classname="Kubernetes e2e suite" name="[sig-auth] ServiceAccounts should allow opting out of API token automount [Conformance]"/>


-<testcase time="0" classname="Kubernetes e2e suite" name="[k8s.io] [sig-node] Security Context [Feature:SecurityContext] should support seccomp alpha unconfined annotation on the pod [Feature:Seccomp]">

<skipped/>

</testcase>


-<testcase time="0" classname="Kubernetes e2e suite" name="[sig-storage] CSI Volumes [Driver: csi-hostpath-v0] [Testpattern: Dynamic PV (default fs)] subPath should fail if subpath file is outside the volume [Slow]">

<skipped/>

</testcase>


-<testcase time="0" classname="Kubernetes e2e suite" name="[sig-storage] In-tree Volumes [Driver: gcepd] [Testpattern: Pre-provisioned PV (ext3)] volumes should be mountable">

<skipped/>

</testcase>


-<testcase time="0" classname="Kubernetes e2e suite" name="[sig-storage] In-tree Volumes [Driver: cinder] [Testpattern: Dynamic PV (default fs)] subPath should unmount if pod is gracefully deleted while kubelet is down [Disruptive][Slow]">

<skipped/>

</testcase>


-<testcase time="0" classname="Kubernetes e2e suite" name="[sig-storage] In-tree Volumes [Driver: emptydir] [Testpattern: Pre-provisioned PV (default fs)] subPath should fail if non-existent subpath is outside the volume [Slow]">

<skipped/>

</testcase>


-<testcase time="0" classname="Kubernetes e2e suite" name="[sig-network] NetworkPolicy NetworkPolicy between server and client should allow egress access on one named port [Feature:NetworkPolicy]">

<skipped/>

</testcase>


-<testcase time="0" classname="Kubernetes e2e suite" name="[sig-storage] CSI Volumes [Driver: csi-hostpath] [Testpattern: Dynamic PV (default fs)] volumes should be mountable">

<skipped/>

</testcase>


-<testcase time="0" classname="Kubernetes e2e suite" name="[sig-storage] PersistentVolumes-local [Volume type: dir-link-bindmounted] Set fsGroup for local volume should set different fsGroup for second pod if first pod is deleted">

<skipped/>

</testcase>


-<testcase time="0" classname="Kubernetes e2e suite" name="[sig-autoscaling] Cluster size autoscaling [Slow] Should scale up GPU pool from 0 [GpuType:] [Feature:ClusterSizeAutoscalingGpu]">

<skipped/>

</testcase>

<testcase time="10.241189526" classname="Kubernetes e2e suite" name="[k8s.io] Variable Expansion should allow substituting values in a container's command [NodeConformance] [Conformance]"/>


-<testcase time="0" classname="Kubernetes e2e suite" name="[sig-storage] In-tree Volumes [Driver: gluster] [Testpattern: Pre-provisioned PV (default fs)] volumeIO should write files of various sizes, verify size, validate content [Slow]">

<skipped/>

</testcase>


-<testcase time="0" classname="Kubernetes e2e suite" name="[sig-storage] In-tree Volumes [Driver: azure] [Testpattern: Inline-volume (default fs)] subPath should support existing directory">

<skipped/>

</testcase>


-<testcase time="0" classname="Kubernetes e2e suite" name="[sig-network] Loadbalancing: L7 GCE [Slow] [Feature:kubemci] should conform to Ingress spec">

<skipped/>

</testcase>


-<testcase time="0" classname="Kubernetes e2e suite" name="[sig-storage] In-tree Volumes [Driver: aws] [Testpattern: Pre-provisioned PV (default fs)] subPath should support existing directories when readOnly specified in the volumeSource">

<skipped/>

</testcase>

<testcase time="21.507637896" classname="Kubernetes e2e suite" name="[sig-network] DNS should provide DNS for services [Conformance]"/>


-<testcase time="0" classname="Kubernetes e2e suite" name="[sig-storage] In-tree Volumes [Driver: rbd][Feature:Volumes] [Testpattern: Pre-provisioned PV (default fs)] subPath should unmount if pod is force deleted while kubelet is down [Disruptive][Slow]">

<skipped/>

</testcase>


-<testcase time="0" classname="Kubernetes e2e suite" name="[sig-scheduling] SchedulerPredicates [Serial] validates local ephemeral storage resource limits of pods that are allowed to run [Feature:LocalStorageCapacityIsolation]">

<skipped/>

</testcase>


-<testcase time="0" classname="Kubernetes e2e suite" name="[sig-apps] Job should exceed active deadline">

<skipped/>

</testcase>


-<testcase time="0" classname="Kubernetes e2e suite" name="[sig-storage] Storage Policy Based Volume Provisioning [Feature:vsphere] verify VSAN storage capability with invalid diskStripes value is not honored for dynamically provisioned pvc using storageclass">

<skipped/>

</testcase>

<testcase time="8.242314504" classname="Kubernetes e2e suite" name="[sig-storage] Downward API volume should provide node allocatable (memory) as default memory limit if the limit is not set [NodeConformance] [Conformance]"/>


-<testcase time="0" classname="Kubernetes e2e suite" name="[sig-storage] In-tree Volumes [Driver: iscsi][Feature:Volumes] [Testpattern: Pre-provisioned PV (default fs)] subPath should unmount if pod is force deleted while kubelet is down [Disruptive][Slow]">

<skipped/>

</testcase>


-<testcase time="0" classname="Kubernetes e2e suite" name="[sig-storage] In-tree Volumes [Driver: nfs] [Testpattern: Inline-volume (ext3)] volumes should be mountable">

<skipped/>

</testcase>


-<testcase time="0" classname="Kubernetes e2e suite" name="[sig-storage] In-tree Volumes [Driver: nfs] [Testpattern: Pre-provisioned PV (default fs)] subPath should support restarting containers using file as subpath [Slow]">

<skipped/>

</testcase>


-<testcase time="0" classname="Kubernetes e2e suite" name="[sig-auth] Metadata Concealment should run a check-metadata-concealment job to completion">

<skipped/>

</testcase>


-<testcase time="0" classname="Kubernetes e2e suite" name="[sig-storage] In-tree Volumes [Driver: gcepd] [Testpattern: Inline-volume (default fs)] subPath should support non-existent path">

<skipped/>

</testcase>


-<testcase time="0" classname="Kubernetes e2e suite" name="[sig-autoscaling] [HPA] Horizontal pod autoscaling (scale resource: CPU) [sig-autoscaling] [Serial] [Slow] ReplicationController Should scale from 1 pod to 3 pods and from 3 to 5 and verify decision stability">

<skipped/>

</testcase>


-<testcase time="0" classname="Kubernetes e2e suite" name="[sig-storage] PersistentVolumes-local [Volume type: dir-bindmounted] One pod requesting one prebound PVC should be able to mount volume and read from pod1">

<skipped/>

</testcase>


-<testcase time="0" classname="Kubernetes e2e suite" name="[sig-scalability] Load capacity [Feature:ManualPerformance] should be able to handle 30 pods per node Deployment.extensions with 2 secrets, 0 configmaps and 0 daemons">

<skipped/>

</testcase>


-<testcase time="0" classname="Kubernetes e2e suite" name="[sig-apps] DisruptionController evictions: maxUnavailable allow single eviction, percentage => should allow an eviction">

<skipped/>

</testcase>


-<testcase time="0" classname="Kubernetes e2e suite" name="[sig-storage] In-tree Volumes [Driver: rbd][Feature:Volumes] [Testpattern: Dynamic PV (default fs)] subPath should fail if subpath file is outside the volume [Slow]">

<skipped/>

</testcase>


-<testcase time="0" classname="Kubernetes e2e suite" name="[sig-scheduling] SchedulerPredicates [Serial] validates MaxPods limit number of pods that are allowed to run [Slow]">

<skipped/>

</testcase>


-<testcase time="0" classname="Kubernetes e2e suite" name="[k8s.io] Container Runtime blackbox test when running a container with a new image should be able to pull from private registry with secret [NodeConformance]">

<skipped/>

</testcase>


-<testcase time="0" classname="Kubernetes e2e suite" name="[sig-storage] In-tree Volumes [Driver: gluster] [Testpattern: Inline-volume (default fs)] subPath should fail if subpath file is outside the volume [Slow]">

<skipped/>

</testcase>


-<testcase time="0" classname="Kubernetes e2e suite" name="[sig-scalability] Density [Feature:Performance] should allow starting 30 pods per node using ReplicationController with 0 secrets, 0 configmaps, 0 token projections, and 0 daemons">

<skipped/>

</testcase>


-<testcase time="0" classname="Kubernetes e2e suite" name="[sig-storage] In-tree Volumes [Driver: rbd][Feature:Volumes] [Testpattern: Dynamic PV (ext3)] volumes should be mountable">

<skipped/>

</testcase>


-<testcase time="0" classname="Kubernetes e2e suite" name="[sig-storage] Ephemeralstorage When pod refers to non-existent ephemeral storage should allow deletion of pod with invalid volume : configmap">

<skipped/>

</testcase>


-<testcase time="0" classname="Kubernetes e2e suite" name="[sig-storage] In-tree Volumes [Driver: gluster] [Testpattern: Inline-volume (default fs)] subPath should support creating multiple subpath from same volumes [Slow]">

<skipped/>

</testcase>


-<testcase time="0" classname="Kubernetes e2e suite" name="[sig-storage] In-tree Volumes [Driver: ceph][Feature:Volumes] [Testpattern: Dynamic PV (default fs)] subPath should support creating multiple subpath from same volumes [Slow]">

<skipped/>

</testcase>


-<testcase time="0" classname="Kubernetes e2e suite" name="[sig-storage] In-tree Volumes [Driver: gluster] [Testpattern: Pre-provisioned PV (default fs)] subPath should support existing single file">

<skipped/>

</testcase>


-<testcase time="0" classname="Kubernetes e2e suite" name="[sig-storage] In-tree Volumes [Driver: iscsi][Feature:Volumes] [Testpattern: Dynamic PV (default fs)] subPath should support readOnly directory specified in the volumeMount">

<skipped/>

</testcase>


-<testcase time="0" classname="Kubernetes e2e suite" name="[k8s.io] Cluster size autoscaler scalability [Slow] CA ignores unschedulable pods while scheduling schedulable pods [Feature:ClusterAutoscalerScalability6]">

<skipped/>

</testcase>

<testcase time="8.236988929" classname="Kubernetes e2e suite" name="[sig-node] Downward API should provide container's limits.cpu/memory and requests.cpu/memory as env vars [NodeConformance] [Conformance]"/>

<testcase time="49.250653472" classname="Kubernetes e2e suite" name="[k8s.io] [sig-node] PreStop should call prestop when killing a pod [Conformance]"/>


-<testcase time="0" classname="Kubernetes e2e suite" name="[sig-storage] CSI Volumes CSI attach test using HostPath driver [Feature:CSIDriverRegistry] attachable volume needs VolumeAttachment">

<skipped/>

</testcase>


-<testcase time="0" classname="Kubernetes e2e suite" name="[sig-storage] In-tree Volumes [Driver: gluster] [Testpattern: Pre-provisioned PV (default fs)] subPath should unmount if pod is force deleted while kubelet is down [Disruptive][Slow]">

<skipped/>

</testcase>

<testcase time="9.487236992" classname="Kubernetes e2e suite" name="[k8s.io] InitContainer [NodeConformance] should invoke init containers on a RestartNever pod [Conformance]"/>


-<testcase time="0" classname="Kubernetes e2e suite" name="[sig-storage] In-tree Volumes [Driver: gluster] [Testpattern: Pre-provisioned PV (default fs)] subPath should fail if non-existent subpath is outside the volume [Slow]">

<skipped/>

</testcase>


-<testcase time="0" classname="Kubernetes e2e suite" name="[sig-storage] PersistentVolumes-local Local volume that cannot be mounted [Slow] should fail due to non-existent path">

<skipped/>

</testcase>


-<testcase time="0" classname="Kubernetes e2e suite" name="[sig-storage] PersistentVolumes-local StatefulSet with pod affinity [Slow] should use volumes spread across nodes when pod management is parallel and pod has anti-affinity">

<skipped/>

</testcase>


-<testcase time="0" classname="Kubernetes e2e suite" name="[sig-storage] In-tree Volumes [Driver: iscsi][Feature:Volumes] [Testpattern: Pre-provisioned PV (default fs)] subPath should support restarting containers using file as subpath [Slow]">

<skipped/>

</testcase>


-<testcase time="0" classname="Kubernetes e2e suite" name="[sig-storage] GCP Volumes GlusterFS should be mountable">

<skipped/>

</testcase>


-<testcase time="0" classname="Kubernetes e2e suite" name="[sig-cluster-lifecycle] Addon update should propagate add-on file changes [Slow]">

<skipped/>

</testcase>

<testcase time="11.28783313" classname="Kubernetes e2e suite" name="[sig-api-machinery] Garbage collector should not be blocked by dependency circle [Conformance]"/>


-<testcase time="0" classname="Kubernetes e2e suite" name="[sig-network] Loadbalancing: L7 GCE [Slow] [Feature:kubemci] should create ingress with pre-shared certificate">

<skipped/>

</testcase>


-<testcase time="0" classname="Kubernetes e2e suite" name="[sig-storage] Storage Policy Based Volume Provisioning [Feature:vsphere] verify if a non-existing SPBM policy is not honored for dynamically provisioned pvc using storageclass">

<skipped/>

</testcase>


-<testcase time="0" classname="Kubernetes e2e suite" name="[sig-storage] Projected secret Should fail non-optional pod creation due to secret object does not exist [Slow]">

<skipped/>

</testcase>


-<testcase time="0" classname="Kubernetes e2e suite" name="[sig-storage] In-tree Volumes [Driver: hostPath] [Testpattern: Inline-volume (default fs)] subPath should support readOnly file specified in the volumeMount">

<skipped/>

</testcase>


-<testcase time="0" classname="Kubernetes e2e suite" name="[sig-autoscaling] [Feature:ClusterSizeAutoscalingScaleUp] [Slow] Autoscaling [sig-autoscaling] Autoscaling a service from 1 pod and 3 nodes to 8 pods and >=4 nodes takes less than 15 minutes">

<skipped/>

</testcase>


-<testcase time="0" classname="Kubernetes e2e suite" name="[k8s.io] Container Runtime blackbox test when starting a container that exits should report termination message if TerminationMessagePath is set as non-root user and at a non-default path [NodeConformance]">

<skipped/>

</testcase>


-<testcase time="0" classname="Kubernetes e2e suite" name="[sig-storage] In-tree Volumes [Driver: ceph][Feature:Volumes] [Testpattern: Pre-provisioned PV (default fs)] subPath should support existing directory">

<skipped/>

</testcase>


-<testcase time="0" classname="Kubernetes e2e suite" name="[sig-storage] CSI Volumes [Driver: csi-hostpath] [Testpattern: Dynamic PV (default fs)] provisioning should provision storage with mount options">

<skipped/>

</testcase>


-<testcase time="0" classname="Kubernetes e2e suite" name="[sig-storage] CSI Volumes [Driver: pd.csi.storage.gke.io][Serial] [Testpattern: Dynamic PV (default fs)] subPath should support existing directory">

<skipped/>

</testcase>


-<testcase time="0" classname="Kubernetes e2e suite" name="[sig-storage] In-tree Volumes [Driver: iscsi][Feature:Volumes] [Testpattern: Pre-provisioned PV (default fs)] subPath should support existing directories when readOnly specified in the volumeSource">

<skipped/>

</testcase>


-<testcase time="0" classname="Kubernetes e2e suite" name="[sig-storage] In-tree Volumes [Driver: hostPathSymlink] [Testpattern: Pre-provisioned PV (ext3)] volumes should be mountable">

<skipped/>

</testcase>


-<testcase time="0" classname="Kubernetes e2e suite" name="[sig-network] Loadbalancing: L7 GCE [Slow] [Feature:kubemci] should create ingress with backend HTTPS">

<skipped/>

</testcase>


-<testcase time="0" classname="Kubernetes e2e suite" name="[sig-storage] In-tree Volumes [Driver: vSphere] [Testpattern: Pre-provisioned PV (default fs)] subPath should support existing directory">

<skipped/>

</testcase>


-<testcase time="0" classname="Kubernetes e2e suite" name="[sig-autoscaling] DNS horizontal autoscaling [DisabledForLargeClusters] kube-dns-autoscaler should scale kube-dns pods in both nonfaulty and faulty scenarios">

<skipped/>

</testcase>


-<testcase time="0" classname="Kubernetes e2e suite" name="[sig-scalability] Load capacity [Feature:ManualPerformance] should be able to handle 30 pods per node Job.batch with 0 secrets, 0 configmaps and 0 daemons">

<skipped/>

</testcase>


-<testcase time="0" classname="Kubernetes e2e suite" name="[sig-autoscaling] Cluster size autoscaling [Slow] should correctly scale down after a node is not needed and one node is broken [Feature:ClusterSizeAutoscalingScaleDown]">

<skipped/>

</testcase>


-<testcase time="0" classname="Kubernetes e2e suite" name="[sig-storage] In-tree Volumes [Driver: emptydir] [Testpattern: Pre-provisioned PV (default fs)] subPath should support readOnly directory specified in the volumeMount">

<skipped/>

</testcase>


-<testcase time="0" classname="Kubernetes e2e suite" name="[sig-storage] PersistentVolumes [Feature:ReclaimPolicy] [sig-storage] persistentvolumereclaim:vsphere should delete persistent volume when reclaimPolicy set to delete and associated claim is deleted">

<skipped/>

</testcase>


-<testcase time="0" classname="Kubernetes e2e suite" name="[sig-storage] PersistentVolumes-local [Volume type: dir-bindmounted] One pod requesting one prebound PVC should be able to mount volume and write from pod1">

<skipped/>

</testcase>


-<testcase time="0" classname="Kubernetes e2e suite" name="[sig-storage] In-tree Volumes [Driver: hostPathSymlink] [Testpattern: Inline-volume (default fs)] subPath should support creating multiple subpath from same volumes [Slow]">

<skipped/>

</testcase>


-<testcase time="0" classname="Kubernetes e2e suite" name="[sig-storage] PersistentVolumes-local [Volume type: gce-localssd-scsi-fs] [Serial] Set fsGroup for local volume should set fsGroup for one pod">

<skipped/>

</testcase>


-<testcase time="0" classname="Kubernetes e2e suite" name="[sig-instrumentation] Kibana Logging Instances Is Alive [Feature:Elasticsearch] should check that the Kibana logging instance is alive">

<skipped/>

</testcase>


-<testcase time="0" classname="Kubernetes e2e suite" name="[sig-storage] CSI Volumes [Driver: csi-hostpath] [Testpattern: Dynamic PV (ext4)] volumes should be mountable">

<skipped/>

</testcase>


-<testcase time="0" classname="Kubernetes e2e suite" name="[sig-storage] In-tree Volumes [Driver: nfs] [Testpattern: Inline-volume (ext4)] volumes should be mountable">

<skipped/>

</testcase>


-<testcase time="0" classname="Kubernetes e2e suite" name="[sig-storage] In-tree Volumes [Driver: hostPathSymlink] [Testpattern: Inline-volume (xfs)] volumes should be mountable">

<skipped/>

</testcase>


-<testcase time="0" classname="Kubernetes e2e suite" name="[sig-storage] In-tree Volumes [Driver: emptydir] [Testpattern: Dynamic PV (default fs)] subPath should support readOnly file specified in the volumeMount">

<skipped/>

</testcase>


-<testcase time="0" classname="Kubernetes e2e suite" name="[sig-storage] In-tree Volumes [Driver: hostPath] [Testpattern: Pre-provisioned PV (ext4)] volumes should be mountable">

<skipped/>

</testcase>


-<testcase time="0" classname="Kubernetes e2e suite" name="[sig-storage] In-tree Volumes [Driver: rbd][Feature:Volumes] [Testpattern: Dynamic PV (ext4)] volumes should be mountable">

<skipped/>

</testcase>


-<testcase time="0" classname="Kubernetes e2e suite" name="[sig-storage] PersistentVolumes-local [Volume type: dir] Set fsGroup for local volume should set same fsGroup for two pods simultaneously">

<skipped/>

</testcase>


-<testcase time="0" classname="Kubernetes e2e suite" name="[sig-storage] In-tree Volumes [Driver: azure] [Testpattern: Pre-provisioned PV (default fs)] subPath should unmount if pod is force deleted while kubelet is down [Disruptive][Slow]">

<skipped/>

</testcase>


-<testcase time="0" classname="Kubernetes e2e suite" name="[sig-storage] In-tree Volumes [Driver: gluster] [Testpattern: Pre-provisioned PV (default fs)] subPath should support non-existent path">

<skipped/>

</testcase>


-<testcase time="0" classname="Kubernetes e2e suite" name="[sig-storage] In-tree Volumes [Driver: emptydir] [Testpattern: Inline-volume (xfs)] volumes should be mountable">

<skipped/>

</testcase>


-<testcase time="0" classname="Kubernetes e2e suite" name="[sig-storage] In-tree Volumes [Driver: emptydir] [Testpattern: Dynamic PV (default fs)] subPath should support existing single file">

<skipped/>

</testcase>


-<testcase time="0" classname="Kubernetes e2e suite" name="[sig-storage] In-tree Volumes [Driver: emptydir] [Testpattern: Dynamic PV (default fs)] subPath should support non-existent path">

<skipped/>

</testcase>


-<testcase time="0" classname="Kubernetes e2e suite" name="[sig-storage] CSI Volumes [Driver: csi-hostpath] [Testpattern: Dynamic PV (default fs)] subPath should fail if subpath file is outside the volume [Slow]">

<skipped/>

</testcase>


-<testcase time="0" classname="Kubernetes e2e suite" name="[sig-storage] In-tree Volumes [Driver: hostPathSymlink] [Testpattern: Dynamic PV (default fs)] subPath should fail if subpath with backstepping is outside the volume [Slow]">

<skipped/>

</testcase>


-<testcase time="0" classname="Kubernetes e2e suite" name="[sig-storage] In-tree Volumes [Driver: gluster] [Testpattern: Inline-volume (default fs)] subPath should support restarting containers using file as subpath [Slow]">

<skipped/>

</testcase>


-<testcase time="0" classname="Kubernetes e2e suite" name="[sig-storage] CSI Volumes [Driver: pd.csi.storage.gke.io][Feature: gcePD-external] [Testpattern: Dynamic PV (default fs)] subPath should support file as subpath">

<skipped/>

</testcase>


-<testcase time="0" classname="Kubernetes e2e suite" name="[k8s.io] [sig-node] kubelet [k8s.io] [sig-node] host cleanup with volume mounts [sig-storage][HostCleanup][Flaky] Host cleanup after disrupting NFS volume [NFS] after stopping the nfs-server and deleting the (active) client pod, the NFS mount and the pod's UID directory should be removed.">

<skipped/>

</testcase>


-<testcase time="0" classname="Kubernetes e2e suite" name="[sig-storage] [Serial] Volume metrics PVController should create bound pv/pvc count metrics for pvc controller after creating both pv and pvc">

<skipped/>

</testcase>


-<testcase time="0" classname="Kubernetes e2e suite" name="[sig-storage] In-tree Volumes [Driver: emptydir] [Testpattern: Pre-provisioned PV (default fs)] subPath should support restarting containers using file as subpath [Slow]">

<skipped/>

</testcase>

<testcase time="12.551595804" classname="Kubernetes e2e suite" name="[sig-cli] Kubectl client [k8s.io] Kubectl logs should be able to retrieve and filter logs [Conformance]"/>


-<testcase time="0" classname="Kubernetes e2e suite" name="[sig-api-machinery] Garbage collector should support orphan deletion of custom resources">

<skipped/>

</testcase>


-<testcase time="0" classname="Kubernetes e2e suite" name="[sig-storage] In-tree Volumes [Driver: emptydir] [Testpattern: Pre-provisioned PV (ext4)] volumes should be mountable">

<skipped/>

</testcase>

<testcase time="6.262817213" classname="Kubernetes e2e suite" name="[sig-network] Proxy version v1 should proxy logs on node with explicit kubelet port using proxy subresource [Conformance]"/>


-<testcase time="0" classname="Kubernetes e2e suite" name="[sig-storage] CSI Volumes [Driver: pd.csi.storage.gke.io][Feature: gcePD-external] [Testpattern: Dynamic PV (default fs)] provisioning should create and delete block persistent volumes">

<skipped/>

</testcase>


-<testcase time="0" classname="Kubernetes e2e suite" name="[sig-scheduling] SchedulerPredicates [Serial] validates that NodeAffinity is respected if not matching">

<skipped/>

</testcase>


-<testcase time="0" classname="Kubernetes e2e suite" name="[sig-network] Services should check NodePort out-of-range">

<skipped/>

</testcase>


-<testcase time="0" classname="Kubernetes e2e suite" name="[sig-storage] CSI Volumes [Driver: pd.csi.storage.gke.io][Serial] [Testpattern: Dynamic PV (default fs)] subPath should support existing single file">

<skipped/>

</testcase>


-<testcase time="0" classname="Kubernetes e2e suite" name="[sig-storage] In-tree Volumes [Driver: ceph][Feature:Volumes] [Testpattern: Inline-volume (default fs)] subPath should fail if subpath with backstepping is outside the volume [Slow]">

<skipped/>

</testcase>


-<testcase time="0" classname="Kubernetes e2e suite" name="[sig-storage] In-tree Volumes [Driver: gcepd] [Testpattern: Inline-volume (default fs)] subPath should support restarting containers using directory as subpath [Slow]">

<skipped/>

</testcase>


-<testcase time="0" classname="Kubernetes e2e suite" name="[sig-api-machinery] Servers with support for API chunking should support continue listing from the last key if the original version has been compacted away, though the list is inconsistent">

<skipped/>

</testcase>


-<testcase time="0" classname="Kubernetes e2e suite" name="[sig-storage] In-tree Volumes [Driver: hostPathSymlink] [Testpattern: Pre-provisioned PV (default fs)] subPath should unmount if pod is force deleted while kubelet is down [Disruptive][Slow]">

<skipped/>

</testcase>


-<testcase time="0" classname="Kubernetes e2e suite" name="[sig-storage] In-tree Volumes [Driver: ceph][Feature:Volumes] [Testpattern: Dynamic PV (default fs)] subPath should fail if subpath directory is outside the volume [Slow]">

<skipped/>

</testcase>

<testcase time="30.292927266" classname="Kubernetes e2e suite" name="[sig-storage] Subpath Atomic writer volumes should support subpaths with secret pod [Conformance]"/>

<testcase time="11.228508875" classname="Kubernetes e2e suite" name="[sig-apps] Deployment deployment should delete old replica sets [Conformance]"/>


-<testcase time="0" classname="Kubernetes e2e suite" name="[sig-storage] In-tree Volumes [Driver: hostPath] [Testpattern: Dynamic PV (default fs)] subPath should support existing directories when readOnly specified in the volumeSource">

<skipped/>

</testcase>


-<testcase time="0" classname="Kubernetes e2e suite" name="[sig-storage] Pod Disks schedule a pod w/ RW PD(s) mounted to 1 or more containers, write to PD, verify content, delete pod, and repeat in rapid succession [Slow] using 1 containers and 2 PDs">

<skipped/>

</testcase>


-<testcase time="0" classname="Kubernetes e2e suite" name="[sig-storage] In-tree Volumes [Driver: gcepd] [Testpattern: Dynamic PV (default fs)] subPath should support restarting containers using directory as subpath [Slow]">

<skipped/>

</testcase>


-<testcase time="0" classname="Kubernetes e2e suite" name="[sig-storage] In-tree Volumes [Driver: nfs] [Testpattern: Pre-provisioned PV (default fs)] subPath should support non-existent path">

<skipped/>

</testcase>


-<testcase time="0" classname="Kubernetes e2e suite" name="[sig-storage] CSI Volumes [Driver: csi-hostpath] [Testpattern: Dynamic PV (default fs)] subPath should support restarting containers using directory as subpath [Slow]">

<skipped/>

</testcase>


-<testcase time="0" classname="Kubernetes e2e suite" name="[sig-scheduling] TaintBasedEvictions [Serial] Checks that the node becomes unreachable">

<skipped/>

</testcase>


-<testcase time="0" classname="Kubernetes e2e suite" name="[sig-storage] In-tree Volumes [Driver: rbd][Feature:Volumes] [Testpattern: Inline-volume (ext3)] volumes should be mountable">

<skipped/>

</testcase>


-<testcase time="0" classname="Kubernetes e2e suite" name="[sig-storage] In-tree Volumes [Driver: aws] [Testpattern: Inline-volume (default fs)] subPath should support existing directories when readOnly specified in the volumeSource">

<skipped/>

</testcase>


-<testcase time="0" classname="Kubernetes e2e suite" name="[sig-storage] In-tree Volumes [Driver: hostPathSymlink] [Testpattern: Inline-volume (default fs)] subPath should fail if non-existent subpath is outside the volume [Slow]">

<skipped/>

</testcase>

<testcase time="636.595086938" classname="Kubernetes e2e suite" name="[sig-storage] EmptyDir wrapper volumes should not cause race condition when used for configmaps [Serial] [Slow] [Conformance]"/>


-<testcase time="0" classname="Kubernetes e2e suite" name="[k8s.io] [sig-node] AppArmor load AppArmor profiles can disable an AppArmor profile, using unconfined">

<skipped/>

</testcase>


-<testcase time="0" classname="Kubernetes e2e suite" name="[sig-storage] In-tree Volumes [Driver: hostPathSymlink] [Testpattern: Pre-provisioned PV (default fs)] subPath should support existing single file">

<skipped/>

</testcase>


-<testcase time="0" classname="Kubernetes e2e suite" name="[sig-network] NoSNAT [Feature:NoSNAT] [Slow] Should be able to send traffic between Pods without SNAT">

<skipped/>

</testcase>


-<testcase time="0" classname="Kubernetes e2e suite" name="[sig-storage] In-tree Volumes [Driver: emptydir] [Testpattern: Dynamic PV (default fs)] subPath should support restarting containers using directory as subpath [Slow]">

<skipped/>

</testcase>


-<testcase time="0" classname="Kubernetes e2e suite" name="[sig-storage] In-tree Volumes [Driver: azure] [Testpattern: Pre-provisioned PV (default fs)] subPath should fail if non-existent subpath is outside the volume [Slow]">

<skipped/>

</testcase>


-<testcase time="0" classname="Kubernetes e2e suite" name="[sig-cluster-lifecycle] ingress Downgrade [Feature:IngressDowngrade] ingress downgrade should maintain a functioning ingress">

<skipped/>

</testcase>


-<testcase time="0" classname="Kubernetes e2e suite" name="[sig-storage] In-tree Volumes [Driver: azure] [Testpattern: Pre-provisioned PV (default fs)] volumeIO should write files of various sizes, verify size, validate content [Slow]">

<skipped/>

</testcase>


-<testcase time="0" classname="Kubernetes e2e suite" name="[sig-storage] In-tree Volumes [Driver: rbd][Feature:Volumes] [Testpattern: Pre-provisioned PV (default fs)] subPath should support file as subpath">

<skipped/>

</testcase>

<testcase time="42.528797363" classname="Kubernetes e2e suite" name="[sig-network] Networking Granular Checks: Pods should function for intra-pod communication: udp [NodeConformance] [Conformance]"/>


-<testcase time="0" classname="Kubernetes e2e suite" name="[sig-network] Networking should check kube-proxy urls">

<skipped/>

</testcase>


-<testcase time="0" classname="Kubernetes e2e suite" name="[sig-storage] Volume FStype [Feature:vsphere] verify invalid fstype">

<skipped/>

</testcase>


-<testcase time="0" classname="Kubernetes e2e suite" name="[sig-cluster-lifecycle] ingress Upgrade [Feature:IngressUpgrade] ingress upgrade should maintain a functioning ingress">

<skipped/>

</testcase>


-<testcase time="0" classname="Kubernetes e2e suite" name="[sig-network] Loadbalancing: L7 GCE [Slow] [Feature:Ingress] should create ingress with backend HTTPS">

<skipped/>

</testcase>


-<testcase time="0" classname="Kubernetes e2e suite" name="[sig-storage] In-tree Volumes [Driver: iscsi][Feature:Volumes] [Testpattern: Dynamic PV (default fs)] volumes should be mountable">

<skipped/>

</testcase>


-<testcase time="0" classname="Kubernetes e2e suite" name="[sig-api-machinery] Garbage collector should support cascading deletion of custom resources">

<skipped/>

</testcase>


-<testcase time="0" classname="Kubernetes e2e suite" name="[sig-instrumentation] Cluster level logging implemented by Stackdriver should ingest events [Feature:StackdriverLogging]">

<skipped/>

</testcase>


-<testcase time="0" classname="Kubernetes e2e suite" name="[sig-scheduling] SchedulerPreemption [Serial] validates lower priority pod preemption by critical pod">

<skipped/>

</testcase>


-<testcase time="0" classname="Kubernetes e2e suite" name="[sig-storage] In-tree Volumes [Driver: cinder] [Testpattern: Inline-volume (default fs)] subPath should support existing directory">

<skipped/>

</testcase>


-<testcase time="0" classname="Kubernetes e2e suite" name="[sig-api-machinery] Garbage collector should delete jobs and pods created by cronjob">

<skipped/>

</testcase>


-<testcase time="0" classname="Kubernetes e2e suite" name="[sig-storage] In-tree Volumes [Driver: azure] [Testpattern: Pre-provisioned PV (ext4)] volumes should be mountable">

<skipped/>

</testcase>


-<testcase time="0" classname="Kubernetes e2e suite" name="[sig-storage] In-tree Volumes [Driver: azure] [Testpattern: Pre-provisioned PV (ext3)] volumes should be mountable">

<skipped/>

</testcase>


-<testcase time="0" classname="Kubernetes e2e suite" name="[k8s.io] Variable Expansion should fail substituting values in a volume subpath with backticks [Feature:VolumeSubpathEnvExpansion][NodeAlphaFeature:VolumeSubpathEnvExpansion][Slow]">

<skipped/>

</testcase>


-<testcase time="0" classname="Kubernetes e2e suite" name="[k8s.io] Security Context When creating a pod with privileged should run the container as unprivileged when false [NodeConformance]">

<skipped/>

</testcase>


-<testcase time="0" classname="Kubernetes e2e suite" name="[sig-storage] In-tree Volumes [Driver: emptydir] [Testpattern: Inline-volume (default fs)] subPath should unmount if pod is gracefully deleted while kubelet is down [Disruptive][Slow]">

<skipped/>

</testcase>


-<testcase time="0" classname="Kubernetes e2e suite" name="[sig-storage] In-tree Volumes [Driver: gluster] [Testpattern: Inline-volume (default fs)] subPath should unmount if pod is force deleted while kubelet is down [Disruptive][Slow]">

<skipped/>

</testcase>


-<testcase time="0" classname="Kubernetes e2e suite" name="[sig-autoscaling] [HPA] Horizontal pod autoscaling (scale resource: Custom Metrics from Stackdriver) should scale up with two metrics of type Pod from Stackdriver [Feature:CustomMetricsAutoscaling]">

<skipped/>

</testcase>


-<testcase time="0" classname="Kubernetes e2e suite" name="[sig-storage] In-tree Volumes [Driver: vSphere] [Testpattern: Inline-volume (default fs)] subPath should unmount if pod is force deleted while kubelet is down [Disruptive][Slow]">

<skipped/>

</testcase>


-<testcase time="0" classname="Kubernetes e2e suite" name="[sig-storage] In-tree Volumes [Driver: cinder] [Testpattern: Inline-volume (default fs)] subPath should support existing directories when readOnly specified in the volumeSource">

<skipped/>

</testcase>


-<testcase time="0" classname="Kubernetes e2e suite" name="[k8s.io] Variable Expansion should fail substituting values in a volume subpath with absolute path [Feature:VolumeSubpathEnvExpansion][NodeAlphaFeature:VolumeSubpathEnvExpansion][Slow]">

<skipped/>

</testcase>


-<testcase time="0" classname="Kubernetes e2e suite" name="[sig-storage] PersistentVolumes-local [Volume type: block] Set fsGroup for local volume should set fsGroup for one pod">

<skipped/>

</testcase>


-<testcase time="0" classname="Kubernetes e2e suite" name="[sig-storage] PersistentVolumes NFS with multiple PVs and PVCs all in same ns should create 3 PVs and 3 PVCs: test write access">

<skipped/>

</testcase>


-<testcase time="0" classname="Kubernetes e2e suite" name="[sig-storage] ConfigMap should be consumable from pods in volume with mappings as non-root with FSGroup [NodeFeature:FSGroup]">

<skipped/>

</testcase>

<testcase time="45.518997174" classname="Kubernetes e2e suite" name="[sig-network] Networking Granular Checks: Pods should function for node-pod communication: udp [NodeConformance] [Conformance]"/>


-<testcase time="0" classname="Kubernetes e2e suite" name="[k8s.io] PrivilegedPod [NodeConformance] should enable privileged commands">

<skipped/>

</testcase>


-<testcase time="0" classname="Kubernetes e2e suite" name="[sig-storage] In-tree Volumes [Driver: cinder] [Testpattern: Inline-volume (ext3)] volumes should be mountable">

<skipped/>

</testcase>

<testcase time="10.238070142" classname="Kubernetes e2e suite" name="[sig-storage] EmptyDir volumes should support (non-root,0777,default) [NodeConformance] [Conformance]"/>


-<testcase time="0" classname="Kubernetes e2e suite" name="[sig-storage] In-tree Volumes [Driver: nfs] [Testpattern: Inline-volume (default fs)] subPath should support restarting containers using file as subpath [Slow]">

<skipped/>

</testcase>


-<testcase time="0" classname="Kubernetes e2e suite" name="[sig-cluster-lifecycle] Reboot [Disruptive] [Feature:Reboot] each node by dropping all outbound packets for a while and ensure they function afterwards">

<skipped/>

</testcase>

<testcase time="8.250343344000001" classname="Kubernetes e2e suite" name="[sig-storage] Projected secret should be consumable from pods in volume with mappings and Item Mode set [NodeConformance] [Conformance]"/>


-<testcase time="0" classname="Kubernetes e2e suite" name="[sig-storage] In-tree Volumes [Driver: hostPath] [Testpattern: Pre-provisioned PV (default fs)] subPath should support existing directory">

<skipped/>

</testcase>


-<testcase time="0" classname="Kubernetes e2e suite" name="[sig-storage] Pod Disks schedule pods each with a PD, delete pod and verify detach [Slow] for RW PD with pod delete grace period of "default (30s)"">

<skipped/>

</testcase>


-<testcase time="0" classname="Kubernetes e2e suite" name="[sig-storage] In-tree Volumes [Driver: hostPath] [Testpattern: Pre-provisioned PV (ext3)] volumes should be mountable">

<skipped/>

</testcase>


-<testcase time="0" classname="Kubernetes e2e suite" name="[sig-scheduling] NoExecuteTaintManager Single Pod [Serial] evicts pods from tainted nodes">

<skipped/>

</testcase>


-<testcase time="0" classname="Kubernetes e2e suite" name="[sig-storage] In-tree Volumes [Driver: nfs] [Testpattern: Inline-volume (default fs)] subPath should support file as subpath">

<skipped/>

</testcase>


-<testcase time="0" classname="Kubernetes e2e suite" name="[sig-storage] In-tree Volumes [Driver: emptydir] [Testpattern: Pre-provisioned PV (default fs)] subPath should unmount if pod is force deleted while kubelet is down [Disruptive][Slow]">

<skipped/>

</testcase>


-<testcase time="0" classname="Kubernetes e2e suite" name="[sig-storage] In-tree Volumes [Driver: emptydir] [Testpattern: Dynamic PV (xfs)] volumes should be mountable">

<skipped/>

</testcase>


-<testcase time="0" classname="Kubernetes e2e suite" name="[sig-storage] CSI Volumes [Driver: pd.csi.storage.gke.io][Feature: gcePD-external] [Testpattern: Dynamic PV (block volmode)] volumeMode should fail in binding dynamic provisioned PV to PVC">

<skipped/>

</testcase>


-<testcase time="0" classname="Kubernetes e2e suite" name="[sig-storage] In-tree Volumes [Driver: rbd][Feature:Volumes] [Testpattern: Dynamic PV (default fs)] subPath should fail if non-existent subpath is outside the volume [Slow]">

<skipped/>

</testcase>


-<testcase time="0" classname="Kubernetes e2e suite" name="[k8s.io] Cluster size autoscaler scalability [Slow] should scale up at all [Feature:ClusterAutoscalerScalability1]">

<skipped/>

</testcase>


-<testcase time="0" classname="Kubernetes e2e suite" name="[sig-scalability] Density [Feature:ManualPerformance] should allow starting 30 pods per node using Deployment.extensions with 2 secrets, 0 configmaps, 0 token projections, and 0 daemons">

<skipped/>

</testcase>


-<testcase time="0" classname="Kubernetes e2e suite" name="[sig-api-machinery] AdmissionWebhook Should be able to deny attaching pod">

<skipped/>

</testcase>


-<testcase time="0" classname="Kubernetes e2e suite" name="[sig-storage] PersistentVolumes-local [Volume type: dir-link] Two pods mounting a local volume one after the other should be able to write from pod1 and read from pod2">

<skipped/>

</testcase>


-<testcase time="0" classname="Kubernetes e2e suite" name="[sig-storage] [Serial] Volume metrics PVController should create unbound pv count metrics for pvc controller after creating pv only">

<skipped/>

</testcase>


-<testcase time="0" classname="Kubernetes e2e suite" name="[sig-storage] CSI Volumes [Driver: pd.csi.storage.gke.io][Serial] [Testpattern: Dynamic PV (default fs)] subPath should support file as subpath">

<skipped/>

</testcase>


-<testcase time="0" classname="Kubernetes e2e suite" name="[sig-storage] In-tree Volumes [Driver: aws] [Testpattern: Dynamic PV (default fs)] subPath should support file as subpath">

<skipped/>

</testcase>


-<testcase time="0" classname="Kubernetes e2e suite" name="[sig-network] Networking should provide Internet connection for containers [Feature:Networking-IPv6][Experimental]">

<skipped/>

</testcase>


-<testcase time="0" classname="Kubernetes e2e suite" name="[k8s.io] [sig-node] Pod garbage collector [Feature:PodGarbageCollector] [Slow] should handle the creation of 1000 pods">

<skipped/>

</testcase>


-<testcase time="0" classname="Kubernetes e2e suite" name="[sig-api-machinery] Initializers [Feature:Initializers] should be invisible to controllers by default">

<skipped/>

</testcase>


-<testcase time="0" classname="Kubernetes e2e suite" name="[sig-autoscaling] [HPA] Horizontal pod autoscaling (scale resource: Custom Metrics from Stackdriver) should scale down with Custom Metric of type Pod from Stackdriver with Prometheus [Feature:CustomMetricsAutoscaling]">

<skipped/>

</testcase>


-<testcase time="0" classname="Kubernetes e2e suite" name="[sig-autoscaling] Cluster size autoscaling [Slow] Should not scale GPU pool up if pod does not require GPUs [GpuType:] [Feature:ClusterSizeAutoscalingGpu]">

<skipped/>

</testcase>


-<testcase time="0" classname="Kubernetes e2e suite" name="[sig-network] DNS configMap nameserver [Feature:Networking-IPv6] Forward external name lookup should forward externalname lookup to upstream nameserver [Slow][Serial]">

<skipped/>

</testcase>


-<testcase time="0" classname="Kubernetes e2e suite" name="[sig-storage] In-tree Volumes [Driver: rbd][Feature:Volumes] [Testpattern: Pre-provisioned PV (default fs)] subPath should support non-existent path">

<skipped/>

</testcase>


-<testcase time="0" classname="Kubernetes e2e suite" name="[sig-storage] In-tree Volumes [Driver: rbd][Feature:Volumes] [Testpattern: Inline-volume (default fs)] subPath should support existing single file">

<skipped/>

</testcase>


-<testcase time="0" classname="Kubernetes e2e suite" name="[sig-storage] In-tree Volumes [Driver: nfs] [Testpattern: Inline-volume (default fs)] volumes should be mountable">

<skipped/>

</testcase>


-<testcase time="0" classname="Kubernetes e2e suite" name="[sig-storage] In-tree Volumes [Driver: azure] [Testpattern: Dynamic PV (xfs)] volumes should be mountable">

<skipped/>

</testcase>


-<testcase time="0" classname="Kubernetes e2e suite" name="[sig-apps] Job should run a job to completion when tasks succeed">

<skipped/>

</testcase>


-<testcase time="0" classname="Kubernetes e2e suite" name="[sig-storage] Volume Placement test back to back pod creation and deletion with different volume sources on the same worker node">

<skipped/>

</testcase>


-<testcase time="0" classname="Kubernetes e2e suite" name="[sig-storage] Volume Provisioning on Datastore [Feature:vsphere] verify dynamically provisioned pv using storageclass fails on an invalid datastore">

<skipped/>

</testcase>


-<testcase time="0" classname="Kubernetes e2e suite" name="[sig-autoscaling] Cluster size autoscaling [Slow] should increase cluster size if pod requesting volume is pending [Feature:ClusterSizeAutoscalingScaleUp]">

<skipped/>

</testcase>


-<testcase time="0" classname="Kubernetes e2e suite" name="[sig-apps] CronJob should schedule multiple jobs concurrently">

<skipped/>

</testcase>


-<testcase time="0" classname="Kubernetes e2e suite" name="[sig-network] ESIPP [Slow] [DisabledForLargeClusters] should only target nodes with endpoints">

<skipped/>

</testcase>


-<testcase time="0" classname="Kubernetes e2e suite" name="[sig-storage] In-tree Volumes [Driver: gluster] [Testpattern: Inline-volume (ext4)] volumes should be mountable">

<skipped/>

</testcase>


-<testcase time="0" classname="Kubernetes e2e suite" name="[sig-storage] In-tree Volumes [Driver: gluster] [Testpattern: Pre-provisioned PV (default fs)] subPath should fail if subpath with backstepping is outside the volume [Slow]">

<skipped/>

</testcase>


-<testcase time="0" classname="Kubernetes e2e suite" name="[sig-network] ESIPP [Slow] [DisabledForLargeClusters] should work for type=LoadBalancer">

<skipped/>

</testcase>


-<testcase time="0" classname="Kubernetes e2e suite" name="[sig-storage] In-tree Volumes [Driver: gcepd] [Testpattern: Dynamic PV (default fs)] subPath should fail if subpath directory is outside the volume [Slow]">

<skipped/>

</testcase>

<testcase time="8.251521855" classname="Kubernetes e2e suite" name="[sig-storage] Projected secret should be consumable from pods in volume with defaultMode set [NodeConformance] [Conformance]"/>


-<testcase time="0" classname="Kubernetes e2e suite" name="[k8s.io] [sig-node] crictl should be able to run crictl on the node">

<skipped/>

</testcase>


-<testcase time="0" classname="Kubernetes e2e suite" name="[sig-storage] In-tree Volumes [Driver: gluster] [Testpattern: Pre-provisioned PV (default fs)] subPath should support existing directory">

<skipped/>

</testcase>


-<testcase time="0" classname="Kubernetes e2e suite" name="[sig-storage] In-tree Volumes [Driver: rbd][Feature:Volumes] [Testpattern: Pre-provisioned PV (default fs)] subPath should fail if non-existent subpath is outside the volume [Slow]">

<skipped/>

</testcase>


-<testcase time="0" classname="Kubernetes e2e suite" name="[sig-storage] In-tree Volumes [Driver: emptydir] [Testpattern: Pre-provisioned PV (ext3)] volumes should be mountable">

<skipped/>

</testcase>


-<testcase time="0" classname="Kubernetes e2e suite" name="[sig-storage] Dynamic Provisioning DynamicProvisioner Default should create and delete default persistent volumes [Slow]">

<skipped/>

</testcase>

<testcase time="8.252380526" classname="Kubernetes e2e suite" name="[sig-storage] Projected secret should be consumable from pods in volume with mappings [NodeConformance] [Conformance]"/>


-<testcase time="0" classname="Kubernetes e2e suite" name="[sig-apps] Daemon set [Serial] should run and stop complex daemon with node affinity">

<skipped/>

</testcase>


-<testcase time="0" classname="Kubernetes e2e suite" name="[sig-storage] In-tree Volumes [Driver: rbd][Feature:Volumes] [Testpattern: Pre-provisioned PV (default fs)] subPath should support existing single file">

<skipped/>

</testcase>


-<testcase time="0" classname="Kubernetes e2e suite" name="[sig-scheduling] ResourceQuota should create a ResourceQuota and capture the life of a replica set.">

<skipped/>

</testcase>


-<testcase time="0" classname="Kubernetes e2e suite" name="[sig-storage] In-tree Volumes [Driver: hostPath] [Testpattern: Dynamic PV (ext3)] volumes should be mountable">

<skipped/>

</testcase>

<testcase time="29.732500467" classname="Kubernetes e2e suite" name="[sig-cli] Kubectl client [k8s.io] Kubectl expose should create services for rc [Conformance]"/>


-<testcase time="0" classname="Kubernetes e2e suite" name="[sig-storage] In-tree Volumes [Driver: nfs] [Testpattern: Inline-volume (default fs)] volumeIO should write files of various sizes, verify size, validate content [Slow]">

<skipped/>

</testcase>


-<testcase time="0" classname="Kubernetes e2e suite" name="[sig-storage] In-tree Volumes [Driver: cinder] [Testpattern: Pre-provisioned PV (default fs)] subPath should support creating multiple subpath from same volumes [Slow]">

<skipped/>

</testcase>


-<testcase time="0" classname="Kubernetes e2e suite" name="[sig-storage] In-tree Volumes [Driver: nfs] [Testpattern: Dynamic PV (ext4)] volumes should be mountable">

<skipped/>

</testcase>


-<testcase time="0" classname="Kubernetes e2e suite" name="[sig-storage] CSI Volumes [Driver: csi-hostpath] [Testpattern: Dynamic PV (default fs)] subPath should support readOnly directory specified in the volumeMount">

<skipped/>

</testcase>


-<testcase time="0" classname="Kubernetes e2e suite" name="[sig-network] Networking IPerf IPv4 [Experimental] [Feature:Networking-IPv4] [Slow] [Feature:Networking-Performance] should transfer ~ 1GB onto the service endpoint 1 servers (maximum of 1 clients)">

<skipped/>

</testcase>


-<testcase time="0" classname="Kubernetes e2e suite" name="[sig-storage] In-tree Volumes [Driver: hostPathSymlink] [Testpattern: Inline-volume (default fs)] subPath should fail if subpath with backstepping is outside the volume [Slow]">

<skipped/>

</testcase>


-<testcase time="0" classname="Kubernetes e2e suite" name="[sig-storage] In-tree Volumes [Driver: aws] [Testpattern: Inline-volume (default fs)] subPath should support file as subpath">

<skipped/>

</testcase>

<testcase time="8.353952854" classname="Kubernetes e2e suite" name="[sig-apps] Deployment RecreateDeployment should delete old pods and create new ones [Conformance]"/>


-<testcase time="0" classname="Kubernetes e2e suite" name="[sig-storage] Node Unregister [Feature:vsphere] [Slow] [Disruptive] node unregister">

<skipped/>

</testcase>


-<testcase time="0" classname="Kubernetes e2e suite" name="[sig-storage] In-tree Volumes [Driver: vSphere] [Testpattern: Pre-provisioned PV (default fs)] volumes should be mountable">

<skipped/>

</testcase>


-<testcase time="0" classname="Kubernetes e2e suite" name="[sig-storage] In-tree Volumes [Driver: rbd][Feature:Volumes] [Testpattern: Pre-provisioned PV (default fs)] volumes should be mountable">

<skipped/>

</testcase>


-<testcase time="0" classname="Kubernetes e2e suite" name="[sig-autoscaling] Cluster size autoscaling [Slow] Should scale up GPU pool from 1 [GpuType:] [Feature:ClusterSizeAutoscalingGpu]">

<skipped/>

</testcase>


-<testcase time="0" classname="Kubernetes e2e suite" name="[sig-storage] In-tree Volumes [Driver: gluster] [Testpattern: Pre-provisioned PV (default fs)] subPath should fail if subpath directory is outside the volume [Slow]">

<skipped/>

</testcase>


-<testcase time="0" classname="Kubernetes e2e suite" name="[sig-storage] In-tree Volumes [Driver: ceph][Feature:Volumes] [Testpattern: Pre-provisioned PV (default fs)] subPath should support restarting containers using file as subpath [Slow]">

<skipped/>

</testcase>


-<testcase time="0" classname="Kubernetes e2e suite" name="[sig-storage] In-tree Volumes [Driver: gluster] [Testpattern: Inline-volume (default fs)] subPath should fail if subpath with backstepping is outside the volume [Slow]">

<skipped/>

</testcase>


-<testcase time="0" classname="Kubernetes e2e suite" name="[sig-network] Services should be able to create a functioning NodePort service">

<skipped/>

</testcase>


-<testcase time="0" classname="Kubernetes e2e suite" name="[sig-storage] PersistentVolumes-local [Volume type: dir-link] Two pods mounting a local volume at the same time should be able to write from pod1 and read from pod2">

<skipped/>

</testcase>


-<testcase time="0" classname="Kubernetes e2e suite" name="[sig-storage] In-tree Volumes [Driver: iscsi][Feature:Volumes] [Testpattern: Inline-volume (default fs)] subPath should support restarting containers using file as subpath [Slow]">

<skipped/>

</testcase>

<testcase time="31.382113521" classname="Kubernetes e2e suite" name="[sig-network] Services should serve a basic endpoint from pods [Conformance]"/>


-<testcase time="0" classname="Kubernetes e2e suite" name="[sig-storage] In-tree Volumes [Driver: hostPath] [Testpattern: Inline-volume (default fs)] subPath should fail if non-existent subpath is outside the volume [Slow]">

<skipped/>

</testcase>


-<testcase time="0" classname="Kubernetes e2e suite" name="[sig-storage] PersistentVolumes-local [Volume type: dir-bindmounted] Set fsGroup for local volume should not set different fsGroups for two pods simultaneously">

<skipped/>

</testcase>

<testcase time="8.243111871" classname="Kubernetes e2e suite" name="[sig-storage] EmptyDir volumes should support (root,0777,default) [NodeConformance] [Conformance]"/>


-<testcase time="0" classname="Kubernetes e2e suite" name="[sig-storage] In-tree Volumes [Driver: iscsi][Feature:Volumes] [Testpattern: Inline-volume (default fs)] volumes should be mountable">

<skipped/>

</testcase>


-<testcase time="0" classname="Kubernetes e2e suite" name="[sig-storage] In-tree Volumes [Driver: ceph][Feature:Volumes] [Testpattern: Pre-provisioned PV (default fs)] subPath should fail if subpath file is outside the volume [Slow]">

<skipped/>

</testcase>


-<testcase time="0" classname="Kubernetes e2e suite" name="[sig-apps] DaemonRestart [Disruptive] Controller Manager should not create/delete replicas across restart">

<skipped/>

</testcase>


-<testcase time="0" classname="Kubernetes e2e suite" name="[sig-storage] In-tree Volumes [Driver: azure] [Testpattern: Pre-provisioned PV (block volmode)] volumeMode should create sc, pod, pv, and pvc, read/write to the pv, and delete all created resources">

<skipped/>

</testcase>


-<testcase time="0" classname="Kubernetes e2e suite" name="[sig-autoscaling] Cluster size autoscaling [Slow] shouldn't increase cluster size if pending pod is too large [Feature:ClusterSizeAutoscalingScaleUp]">

<skipped/>

</testcase>


-<testcase time="0" classname="Kubernetes e2e suite" name="[sig-storage] CSI Volumes [Driver: pd.csi.storage.gke.io][Serial] [Testpattern: Dynamic PV (default fs)] subPath should unmount if pod is force deleted while kubelet is down [Disruptive][Slow]">

<skipped/>

</testcase>


-<testcase time="0" classname="Kubernetes e2e suite" name="[sig-storage] In-tree Volumes [Driver: gluster] [Testpattern: Pre-provisioned PV (default fs)] subPath should support restarting containers using file as subpath [Slow]">

<skipped/>

</testcase>


-<testcase time="0" classname="Kubernetes e2e suite" name="[sig-storage] CSI Volumes [Driver: csi-hostpath-v0] [Testpattern: Dynamic PV (default fs)] subPath should support readOnly file specified in the volumeMount">

<skipped/>

</testcase>


-<testcase time="0" classname="Kubernetes e2e suite" name="[sig-instrumentation] Cadvisor should be healthy on every node.">

<skipped/>

</testcase>

<testcase time="30.29732187" classname="Kubernetes e2e suite" name="[sig-storage] Subpath Atomic writer volumes should support subpaths with configmap pod with mountPath of existing file [Conformance]"/>

<testcase time="16.314931579" classname="Kubernetes e2e suite" name="[sig-api-machinery] Watchers should observe an object deletion if it stops meeting the requirements of the selector [Conformance]"/>

<testcase time="8.250780146" classname="Kubernetes e2e suite" name="[sig-storage] HostPath should give a volume the correct mode [NodeConformance] [Conformance]"/>


-<testcase time="0" classname="Kubernetes e2e suite" name="[sig-autoscaling] [HPA] Horizontal pod autoscaling (scale resource: CPU) [sig-autoscaling] [Serial] [Slow] Deployment Should scale from 1 pod to 3 pods and from 3 to 5">

<skipped/>

</testcase>


-<testcase time="0" classname="Kubernetes e2e suite" name="[sig-storage] In-tree Volumes [Driver: ceph][Feature:Volumes] [Testpattern: Inline-volume (default fs)] volumeIO should write files of various sizes, verify size, validate content [Slow]">

<skipped/>

</testcase>


-<testcase time="0" classname="Kubernetes e2e suite" name="[sig-storage] PersistentVolumes-local [Volume type: block] Set fsGroup for local volume should set same fsGroup for two pods simultaneously">

<skipped/>

</testcase>


-<testcase time="0" classname="Kubernetes e2e suite" name="[sig-network] Networking Granular Checks: Services [Slow] should function for client IP based session affinity: udp">

<skipped/>

</testcase>


-<testcase time="0" classname="Kubernetes e2e suite" name="[sig-storage] In-tree Volumes [Driver: vSphere] [Testpattern: Pre-provisioned PV (default fs)] subPath should fail if subpath with backstepping is outside the volume [Slow]">

<skipped/>

</testcase>


-<testcase time="0" classname="Kubernetes e2e suite" name="[sig-storage] In-tree Volumes [Driver: gluster] [Testpattern: Dynamic PV (default fs)] volumeIO should write files of various sizes, verify size, validate content [Slow]">

<skipped/>

</testcase>


-<testcase time="0" classname="Kubernetes e2e suite" name="[sig-scheduling] SchedulerPriorities [Serial] Pod should avoid nodes that have avoidPod annotation">

<skipped/>

</testcase>


-<testcase time="0" classname="Kubernetes e2e suite" name="[sig-apps] StatefulSet [k8s.io] Deploy clustered applications [Feature:StatefulSet] [Slow] should creating a working CockroachDB cluster">

<skipped/>

</testcase>


-<testcase time="0" classname="Kubernetes e2e suite" name="[sig-storage] In-tree Volumes [Driver: nfs] [Testpattern: Dynamic PV (xfs)] volumes should be mountable">

<skipped/>

</testcase>


-<testcase time="0" classname="Kubernetes e2e suite" name="[sig-storage] In-tree Volumes [Driver: emptydir] [Testpattern: Dynamic PV (default fs)] subPath should unmount if pod is force deleted while kubelet is down [Disruptive][Slow]">

<skipped/>

</testcase>


-<testcase time="0" classname="Kubernetes e2e suite" name="[sig-apps] Job should delete a job">

<skipped/>

</testcase>

<testcase time="6.187876593" classname="Kubernetes e2e suite" name="[sig-network] Services should provide secure master service [Conformance]"/>


-<testcase time="0" classname="Kubernetes e2e suite" name="[sig-storage] EmptyDir volumes when FSGroup is specified [NodeFeature:FSGroup] files with FSGroup ownership should support (root,0644,tmpfs)">

<skipped/>

</testcase>


-<testcase time="0" classname="Kubernetes e2e suite" name="[sig-storage] EmptyDir volumes when FSGroup is specified [NodeFeature:FSGroup] new files should be created with FSGroup ownership when container is non-root">

<skipped/>

</testcase>


-<testcase time="0" classname="Kubernetes e2e suite" name="[sig-storage] CSI Volumes [Driver: csi-hostpath] [Testpattern: Dynamic PV (default fs)] subPath should unmount if pod is force deleted while kubelet is down [Disruptive][Slow]">

<skipped/>

</testcase>


-<testcase time="0" classname="Kubernetes e2e suite" name="[sig-storage] In-tree Volumes [Driver: ceph][Feature:Volumes] [Testpattern: Dynamic PV (xfs)] volumes should be mountable">

<skipped/>

</testcase>


-<testcase time="0" classname="Kubernetes e2e suite" name="[sig-storage] In-tree Volumes [Driver: hostPath] [Testpattern: Dynamic PV (default fs)] subPath should support existing directory">

<skipped/>

</testcase>


-<testcase time="0" classname="Kubernetes e2e suite" name="[sig-storage] In-tree Volumes [Driver: cinder] [Testpattern: Inline-volume (ext4)] volumes should be mountable">

<skipped/>

</testcase>


-<testcase time="0" classname="Kubernetes e2e suite" name="[sig-storage] Storage Policy Based Volume Provisioning [Feature:vsphere] verify clean up of stale dummy VM for dynamically provisioned pvc using SPBM policy">

<skipped/>

</testcase>


-<testcase time="0" classname="Kubernetes e2e suite" name="[sig-scalability] Load capacity [Feature:Performance] should be able to handle 30 pods per node ReplicationController with 0 secrets, 0 configmaps and 0 daemons">

<skipped/>

</testcase>


-<testcase time="0" classname="Kubernetes e2e suite" name="[sig-storage] In-tree Volumes [Driver: aws] [Testpattern: Dynamic PV (default fs)] subPath should support creating multiple subpath from same volumes [Slow]">

<skipped/>

</testcase>


-<testcase time="0" classname="Kubernetes e2e suite" name="[sig-storage] In-tree Volumes [Driver: vSphere] [Testpattern: Inline-volume (ext4)] volumes should be mountable">

<skipped/>

</testcase>


-<testcase time="0" classname="Kubernetes e2e suite" name="[sig-api-machinery] Generated clientset should create pods, set the deletionTimestamp and deletionGracePeriodSeconds of the pod">

<skipped/>

</testcase>


-<testcase time="0" classname="Kubernetes e2e suite" name="[sig-storage] In-tree Volumes [Driver: ceph][Feature:Volumes] [Testpattern: Pre-provisioned PV (block volmode)] volumeMode should fail to create pod by failing to mount volume">

<skipped/>

</testcase>

<testcase time="46.221907915" classname="Kubernetes e2e suite" name="[sig-api-machinery] Garbage collector should orphan pods created by rc if delete options say so [Conformance]"/>


-<testcase time="0" classname="Kubernetes e2e suite" name="[sig-storage] In-tree Volumes [Driver: vSphere] [Testpattern: Dynamic PV (default fs)] provisioning should create and delete block persistent volumes">

<skipped/>

</testcase>


-<testcase time="0" classname="Kubernetes e2e suite" name="[sig-storage] In-tree Volumes [Driver: hostPath] [Testpattern: Inline-volume (default fs)] volumes should be mountable">

<skipped/>

</testcase>


-<testcase time="0" classname="Kubernetes e2e suite" name="[sig-network] Loadbalancing: L7 GCE [Slow] [Feature:NEG] should sync endpoints for both Ingress-referenced NEG and standalone NEG">

<skipped/>

</testcase>


-<testcase time="0" classname="Kubernetes e2e suite" name="[sig-storage] PersistentVolumes-local [Volume type: dir-link-bindmounted] Set fsGroup for local volume should set same fsGroup for two pods simultaneously">

<skipped/>

</testcase>

<testcase time="10.242485211" classname="Kubernetes e2e suite" name="[sig-storage] EmptyDir volumes should support (non-root,0644,default) [NodeConformance] [Conformance]"/>


-<testcase time="0" classname="Kubernetes e2e suite" name="[sig-storage] CSI Volumes [Driver: pd.csi.storage.gke.io][Feature: gcePD-external] [Testpattern: Dynamic PV (default fs)] subPath should support restarting containers using directory as subpath [Slow]">

<skipped/>

</testcase>


-<testcase time="0" classname="Kubernetes e2e suite" name="[sig-storage] In-tree Volumes [Driver: rbd][Feature:Volumes] [Testpattern: Inline-volume (default fs)] subPath should support readOnly file specified in the volumeMount">

<skipped/>

</testcase>


-<testcase time="0" classname="Kubernetes e2e suite" name="[sig-scheduling] ResourceQuota [Feature:ScopeSelectors] should verify ResourceQuota with terminating scopes through scope selectors.">

<skipped/>

</testcase>


-<testcase time="0" classname="Kubernetes e2e suite" name="[sig-storage] In-tree Volumes [Driver: nfs] [Testpattern: Dynamic PV (default fs)] subPath should support readOnly file specified in the volumeMount">

<skipped/>

</testcase>


-<testcase time="0" classname="Kubernetes e2e suite" name="[sig-storage] In-tree Volumes [Driver: ceph][Feature:Volumes] [Testpattern: Pre-provisioned PV (ext4)] volumes should be mountable">

<skipped/>

</testcase>


-<testcase time="0" classname="Kubernetes e2e suite" name="[sig-storage] In-tree Volumes [Driver: gcepd] [Testpattern: Pre-provisioned PV (default fs)] subPath should support existing directory">

<skipped/>

</testcase>


-<testcase time="0" classname="Kubernetes e2e suite" name="[sig-scheduling] ResourceQuota should create a ResourceQuota and capture the life of a persistent volume claim. [sig-storage]">

<skipped/>

</testcase>


-<testcase time="0" classname="Kubernetes e2e suite" name="[sig-storage] In-tree Volumes [Driver: rbd][Feature:Volumes] [Testpattern: Pre-provisioned PV (default fs)] subPath should support readOnly file specified in the volumeMount">

<skipped/>

</testcase>


-<testcase time="0" classname="Kubernetes e2e suite" name="[sig-storage] In-tree Volumes [Driver: vSphere] [Testpattern: Pre-provisioned PV (default fs)] subPath should support file as subpath">

<skipped/>

</testcase>


-<testcase time="0" classname="Kubernetes e2e suite" name="[sig-storage] Storage Policy Based Volume Provisioning [Feature:vsphere] verify an existing and compatible SPBM policy is honored for dynamically provisioned pvc using storageclass">

<skipped/>

</testcase>


-<testcase time="0" classname="Kubernetes e2e suite" name="[sig-storage] In-tree Volumes [Driver: gcepd] [Testpattern: Pre-provisioned PV (block volmode)] volumeMode should create sc, pod, pv, and pvc, read/write to the pv, and delete all created resources">

<skipped/>

</testcase>


-<testcase time="0" classname="Kubernetes e2e suite" name="[sig-storage] In-tree Volumes [Driver: iscsi][Feature:Volumes] [Testpattern: Dynamic PV (default fs)] subPath should support existing directory">

<skipped/>

</testcase>


-<testcase time="0" classname="Kubernetes e2e suite" name="[sig-storage] Projected configMap should be consumable from pods in volume with mappings as non-root with FSGroup [NodeFeature:FSGroup]">

<skipped/>

</testcase>


-<testcase time="0" classname="Kubernetes e2e suite" name="[sig-storage] In-tree Volumes [Driver: emptydir] [Testpattern: Inline-volume (default fs)] subPath should fail if non-existent subpath is outside the volume [Slow]">

<skipped/>

</testcase>


-<testcase time="0" classname="Kubernetes e2e suite" name="[sig-storage] In-tree Volumes [Driver: emptydir] [Testpattern: Pre-provisioned PV (default fs)] volumeIO should write files of various sizes, verify size, validate content [Slow]">

<skipped/>

</testcase>


-<testcase time="0" classname="Kubernetes e2e suite" name="[sig-storage] In-tree Volumes [Driver: hostPath] [Testpattern: Dynamic PV (default fs)] subPath should support creating multiple subpath from same volumes [Slow]">

<skipped/>

</testcase>


-<testcase time="0" classname="Kubernetes e2e suite" name="[sig-storage] In-tree Volumes [Driver: ceph][Feature:Volumes] [Testpattern: Dynamic PV (default fs)] subPath should support restarting containers using file as subpath [Slow]">

<skipped/>

</testcase>


-<testcase time="0" classname="Kubernetes e2e suite" name="[sig-storage] In-tree Volumes [Driver: hostPath] [Testpattern: Dynamic PV (default fs)] subPath should support readOnly file specified in the volumeMount">

<skipped/>

</testcase>


-<testcase time="0" classname="Kubernetes e2e suite" name="[sig-storage] In-tree Volumes [Driver: vSphere] [Testpattern: Dynamic PV (default fs)] subPath should unmount if pod is force deleted while kubelet is down [Disruptive][Slow]">

<skipped/>

</testcase>


-<testcase time="0" classname="Kubernetes e2e suite" name="[sig-storage] PersistentVolumes-local [Volume type: dir-link-bindmounted] Set fsGroup for local volume should set fsGroup for one pod">

<skipped/>

</testcase>


-<testcase time="0" classname="Kubernetes e2e suite" name="[sig-network] Services should be able to update NodePorts with two same port numbers but different protocols">

<skipped/>

</testcase>

<testcase time="8.242282609" classname="Kubernetes e2e suite" name="[sig-storage] ConfigMap should be consumable from pods in volume as non-root [NodeConformance] [Conformance]"/>


-<testcase time="0" classname="Kubernetes e2e suite" name="[sig-storage] PersistentVolumes-local [Volume type: blockfswithoutformat] Set fsGroup for local volume should set fsGroup for one pod">

<skipped/>

</testcase>


-<testcase time="0" classname="Kubernetes e2e suite" name="[sig-storage] PersistentVolumes-local [Volume type: blockfswithformat] Two pods mounting a local volume one after the other should be able to write from pod1 and read from pod2">

<skipped/>

</testcase>


-<testcase time="0" classname="Kubernetes e2e suite" name="[sig-scheduling] SchedulerPreemption [Serial] validates pod anti-affinity works in preemption">

<skipped/>

</testcase>


-<testcase time="0" classname="Kubernetes e2e suite" name="[sig-storage] PersistentVolumes NFS with Single PV - PVC pairs create a PVC and a pre-bound PV: test write access">

<skipped/>

</testcase>


-<testcase time="0" classname="Kubernetes e2e suite" name="[sig-service-catalog] [Feature:PodPreset] PodPreset should create a pod preset">

<skipped/>

</testcase>


-<testcase time="0" classname="Kubernetes e2e suite" name="[sig-storage] In-tree Volumes [Driver: cinder] [Testpattern: Inline-volume (default fs)] subPath should support restarting containers using file as subpath [Slow]">

<skipped/>

</testcase>


-<testcase time="0" classname="Kubernetes e2e suite" name="[sig-storage] In-tree Volumes [Driver: ceph][Feature:Volumes] [Testpattern: Dynamic PV (default fs)] subPath should support existing single file">

<skipped/>

</testcase>


-<testcase time="0" classname="Kubernetes e2e suite" name="[sig-storage] In-tree Volumes [Driver: nfs] [Testpattern: Dynamic PV (default fs)] provisioning should provision storage with defaults">

<skipped/>

</testcase>


-<testcase time="0" classname="Kubernetes e2e suite" name="[sig-storage] EmptyDir wrapper volumes should not cause race condition when used for git_repo [Serial] [Slow]">

<skipped/>

</testcase>


-<testcase time="0" classname="Kubernetes e2e suite" name="[sig-storage] In-tree Volumes [Driver: gcepd] [Testpattern: Pre-provisioned PV (default fs)] subPath should support file as subpath">

<skipped/>

</testcase>


-<testcase time="0" classname="Kubernetes e2e suite" name="[sig-storage] CSI Volumes [Driver: pd.csi.storage.gke.io][Serial] [Testpattern: Dynamic PV (default fs)] subPath should unmount if pod is gracefully deleted while kubelet is down [Disruptive][Slow]">

<skipped/>

</testcase>


-<testcase time="0" classname="Kubernetes e2e suite" name="[sig-storage] In-tree Volumes [Driver: hostPath] [Testpattern: Dynamic PV (default fs)] provisioning should provision storage with defaults">

<skipped/>

</testcase>


-<testcase time="0" classname="Kubernetes e2e suite" name="[sig-storage] In-tree Volumes [Driver: emptydir] [Testpattern: Pre-provisioned PV (default fs)] subPath should support existing directory">

<skipped/>

</testcase>


-<testcase time="0" classname="Kubernetes e2e suite" name="[sig-storage] In-tree Volumes [Driver: azure] [Testpattern: Dynamic PV (default fs)] subPath should support non-existent path">

<skipped/>

</testcase>


-<testcase time="0" classname="Kubernetes e2e suite" name="[sig-storage] In-tree Volumes [Driver: vSphere] [Testpattern: Dynamic PV (default fs)] provisioning should provision storage with mount options">

<skipped/>

</testcase>


-<testcase time="0" classname="Kubernetes e2e suite" name="[k8s.io] Container Runtime blackbox test when starting a container that exits should report termination message if TerminationMessagePath is set [NodeConformance]">

<skipped/>

</testcase>

<testcase time="8.235362745" classname="Kubernetes e2e suite" name="[sig-storage] Downward API volume should provide container's memory limit [NodeConformance] [Conformance]"/>


-<testcase time="0" classname="Kubernetes e2e suite" name="[sig-storage] In-tree Volumes [Driver: aws] [Testpattern: Pre-provisioned PV (default fs)] subPath should fail if subpath file is outside the volume [Slow]">

<skipped/>

</testcase>


-<testcase time="0" classname="Kubernetes e2e suite" name="[sig-storage] In-tree Volumes [Driver: ceph][Feature:Volumes] [Testpattern: Inline-volume (default fs)] subPath should support non-existent path">

<skipped/>

</testcase>


-<testcase time="0" classname="Kubernetes e2e suite" name="[sig-storage] CSI Volumes [Driver: pd.csi.storage.gke.io][Feature: gcePD-external] [Testpattern: Dynamic PV (default fs)] subPath should unmount if pod is gracefully deleted while kubelet is down [Disruptive][Slow]">

<skipped/>

</testcase>


-<testcase time="0" classname="Kubernetes e2e suite" name="[sig-storage] CSI Volumes [Driver: pd.csi.storage.gke.io][Serial] [Testpattern: Dynamic PV (default fs)] subPath should support restarting containers using directory as subpath [Slow]">

<skipped/>

</testcase>

<testcase time="24.33920715" classname="Kubernetes e2e suite" name="[sig-cli] Kubectl client [k8s.io] Kubectl run default should create an rc or deployment from an image [Conformance]"/>


-<testcase time="0" classname="Kubernetes e2e suite" name="[k8s.io] [sig-node] Security Context [Feature:SecurityContext] should support volume SELinux relabeling when using hostIPC">

<skipped/>

</testcase>


-<testcase time="0" classname="Kubernetes e2e suite" name="[sig-storage] In-tree Volumes [Driver: gluster] [Testpattern: Dynamic PV (xfs)] volumes should be mountable">

<skipped/>

</testcase>


-<testcase time="0" classname="Kubernetes e2e suite" name="[sig-storage] In-tree Volumes [Driver: rbd][Feature:Volumes] [Testpattern: Dynamic PV (default fs)] subPath should support existing directories when readOnly specified in the volumeSource">

<skipped/>

</testcase>


-<testcase time="0" classname="Kubernetes e2e suite" name="[sig-storage] In-tree Volumes [Driver: cinder] [Testpattern: Inline-volume (default fs)] subPath should fail if subpath with backstepping is outside the volume [Slow]">

<skipped/>

</testcase>


-<testcase time="0" classname="Kubernetes e2e suite" name="[sig-storage] Volume Provisioning On Clustered Datastore [Feature:vsphere] verify dynamic provision with spbm policy on clustered datastore">

<skipped/>

</testcase>


-<testcase time="0" classname="Kubernetes e2e suite" name="[sig-storage] Projected configMap Should fail non-optional pod creation due to configMap object does not exist [Slow]">

<skipped/>

</testcase>


-<testcase time="0" classname="Kubernetes e2e suite" name="[k8s.io] [Feature:Example] [k8s.io] Secret should create a pod that reads a secret">

<skipped/>

</testcase>


-<testcase time="0" classname="Kubernetes e2e suite" name="[sig-auth] [Feature:NodeAuthorizer] Getting an existing configmap should exit with the Forbidden error">

<skipped/>

</testcase>

<testcase time="24.734263039" classname="Kubernetes e2e suite" name="[k8s.io] Pods should be updated [NodeConformance] [Conformance]"/>


-<testcase time="0" classname="Kubernetes e2e suite" name="[sig-network] Networking Granular Checks: Services [Slow] should update endpoints: http">

<skipped/>

</testcase>


-<testcase time="0" classname="Kubernetes e2e suite" name="[sig-storage] In-tree Volumes [Driver: hostPath] [Testpattern: Pre-provisioned PV (block volmode)] volumeMode should fail to create pod by failing to mount volume">

<skipped/>

</testcase>


-<testcase time="0" classname="Kubernetes e2e suite" name="[sig-storage] In-tree Volumes [Driver: cinder] [Testpattern: Pre-provisioned PV (default fs)] subPath should support readOnly file specified in the volumeMount">

<skipped/>

</testcase>


-<testcase time="0" classname="Kubernetes e2e suite" name="[sig-storage] PersistentVolumes-local [Volume type: dir-link-bindmounted] One pod requesting one prebound PVC should be able to mount volume and write from pod1">

<skipped/>

</testcase>


-<testcase time="0" classname="Kubernetes e2e suite" name="[sig-storage] PersistentVolumes-local [Volume type: blockfswithformat] Set fsGroup for local volume should not set different fsGroups for two pods simultaneously">

<skipped/>

</testcase>


-<testcase time="0" classname="Kubernetes e2e suite" name="[sig-storage] CSI Volumes [Driver: csi-hostpath-v0] [Testpattern: Dynamic PV (ext4)] volumes should be mountable">

<skipped/>

</testcase>


-<testcase time="0" classname="Kubernetes e2e suite" name="[sig-storage] CSI Volumes [Driver: pd.csi.storage.gke.io][Feature: gcePD-external] [Testpattern: Dynamic PV (default fs)] subPath should support restarting containers using file as subpath [Slow]">

<skipped/>

</testcase>


-<testcase time="0" classname="Kubernetes e2e suite" name="[sig-storage] CSI Volumes [Driver: csi-hostpath] [Testpattern: Dynamic PV (block volmode)] volumeMode should fail in binding dynamic provisioned PV to PVC">

<skipped/>

</testcase>


-<testcase time="0" classname="Kubernetes e2e suite" name="[sig-storage] In-tree Volumes [Driver: vSphere] [Testpattern: Dynamic PV (default fs)] volumeIO should write files of various sizes, verify size, validate content [Slow]">

<skipped/>

</testcase>


-<testcase time="0" classname="Kubernetes e2e suite" name="[sig-storage] In-tree Volumes [Driver: vSphere] [Testpattern: Dynamic PV (default fs)] subPath should support existing directory">

<skipped/>

</testcase>


-<testcase time="0" classname="Kubernetes e2e suite" name="[sig-storage] PersistentVolumes-local [Volume type: gce-localssd-scsi-fs] [Serial] Set fsGroup for local volume should set same fsGroup for two pods simultaneously">

<skipped/>

</testcase>


-<testcase time="0" classname="Kubernetes e2e suite" name="[sig-scalability] Load capacity [Feature:ManualPerformance] should be able to handle 30 pods per node Deployment.extensions with 0 secrets, 0 configmaps and 0 daemons">

<skipped/>

</testcase>


-<testcase time="0" classname="Kubernetes e2e suite" name="[k8s.io] GKE node pools [Feature:GKENodePool] should create a cluster with multiple node pools [Feature:GKENodePool]">

<skipped/>

</testcase>


-<testcase time="0" classname="Kubernetes e2e suite" name="[sig-storage] In-tree Volumes [Driver: nfs] [Testpattern: Dynamic PV (default fs)] provisioning should provision storage with mount options">

<skipped/>

</testcase>


-<testcase time="0" classname="Kubernetes e2e suite" name="[sig-storage] PersistentVolumes-local [Volume type: dir-link] Set fsGroup for local volume should not set different fsGroups for two pods simultaneously">

<skipped/>

</testcase>


-<testcase time="0" classname="Kubernetes e2e suite" name="[sig-network] Services should only allow access from service loadbalancer source ranges [Slow]">

<skipped/>

</testcase>


-<testcase time="0" classname="Kubernetes e2e suite" name="[sig-autoscaling] Cluster size autoscaling [Slow] should increase cluster size if pending pods are small and there is another node pool that is not autoscaled [Feature:ClusterSizeAutoscalingScaleUp]">

<skipped/>

</testcase>


-<testcase time="0" classname="Kubernetes e2e suite" name="[sig-storage] ConfigMap should be consumable from pods in volume as non-root with defaultMode and fsGroup set [NodeFeature:FSGroup]">

<skipped/>

</testcase>

<testcase time="26.337544531" classname="Kubernetes e2e suite" name="[sig-cli] Kubectl client [k8s.io] Kubectl run deployment should create a deployment from an image [Conformance]"/>


-<testcase time="0" classname="Kubernetes e2e suite" name="[sig-storage] PersistentVolumes:vsphere should test that a vspehre volume mounted to a pod that is deleted while the kubelet is down unmounts when the kubelet returns [Disruptive]">

<skipped/>

</testcase>


-<testcase time="0" classname="Kubernetes e2e suite" name="[sig-storage] In-tree Volumes [Driver: azure] [Testpattern: Dynamic PV (block volmode)] volumeMode should create sc, pod, pv, and pvc, read/write to the pv, and delete all created resources">

<skipped/>

</testcase>


-<testcase time="0" classname="Kubernetes e2e suite" name="[sig-storage] In-tree Volumes [Driver: aws] [Testpattern: Dynamic PV (default fs)] subPath should support existing directory">

<skipped/>

</testcase>


-<testcase time="0" classname="Kubernetes e2e suite" name="[sig-apps] StatefulSet [k8s.io] Deploy clustered applications [Feature:StatefulSet] [Slow] should creating a working redis cluster">

<skipped/>

</testcase>


-<testcase time="0" classname="Kubernetes e2e suite" name="[sig-storage] In-tree Volumes [Driver: aws] [Testpattern: Dynamic PV (xfs)] volumes should be mountable">

<skipped/>

</testcase>


-<testcase time="0" classname="Kubernetes e2e suite" name="[sig-storage] In-tree Volumes [Driver: azure] [Testpattern: Dynamic PV (default fs)] subPath should support restarting containers using file as subpath [Slow]">

<skipped/>

</testcase>

<testcase time="16.212245665" classname="Kubernetes e2e suite" name="[sig-apps] ReplicaSet should serve a basic image on each replica with a public image [Conformance]"/>


-<testcase time="0" classname="Kubernetes e2e suite" name="[sig-cluster-lifecycle] Nodes [Disruptive] Resize [Slow] should be able to delete nodes">

<skipped/>

</testcase>

<testcase time="8.252221097" classname="Kubernetes e2e suite" name="[sig-storage] Projected configMap should be consumable from pods in volume with mappings as non-root [NodeConformance] [Conformance]"/>


-<testcase time="0" classname="Kubernetes e2e suite" name="[sig-storage] In-tree Volumes [Driver: iscsi][Feature:Volumes] [Testpattern: Pre-provisioned PV (ext4)] volumes should be mountable">

<skipped/>

</testcase>


-<testcase time="0" classname="Kubernetes e2e suite" name="[sig-storage] In-tree Volumes [Driver: azure] [Testpattern: Pre-provisioned PV (default fs)] subPath should support readOnly file specified in the volumeMount">

<skipped/>

</testcase>


-<testcase time="0" classname="Kubernetes e2e suite" name="[sig-storage] In-tree Volumes [Driver: hostPath] [Testpattern: Inline-volume (default fs)] subPath should fail if subpath file is outside the volume [Slow]">

<skipped/>

</testcase>


-<testcase time="0" classname="Kubernetes e2e suite" name="[sig-storage] In-tree Volumes [Driver: hostPath] [Testpattern: Inline-volume (default fs)] subPath should fail if subpath directory is outside the volume [Slow]">

<skipped/>

</testcase>


-<testcase time="0" classname="Kubernetes e2e suite" name="[sig-storage] In-tree Volumes [Driver: vSphere] [Testpattern: Dynamic PV (filesystem volmode)] volumeMode should create sc, pod, pv, and pvc, read/write to the pv, and delete all created resources">

<skipped/>

</testcase>

<testcase time="8.24733673" classname="Kubernetes e2e suite" name="[sig-storage] ConfigMap should be consumable from pods in volume with defaultMode set [NodeConformance] [Conformance]"/>


-<testcase time="0" classname="Kubernetes e2e suite" name="[sig-storage] Volume Disk Format [Feature:vsphere] verify disk format type - thin is honored for dynamically provisioned pv using storageclass">

<skipped/>

</testcase>


-<testcase time="0" classname="Kubernetes e2e suite" name="[sig-storage] In-tree Volumes [Driver: emptydir] [Testpattern: Pre-provisioned PV (default fs)] subPath should fail if subpath directory is outside the volume [Slow]">

<skipped/>

</testcase>


-<testcase time="0" classname="Kubernetes e2e suite" name="[sig-scheduling] ResourceQuota [Feature:PodPriority] should verify ResourceQuota's priority class scope (quota set to pod count: 1) against a pod with different priority class (ScopeSelectorOpExists).">

<skipped/>

</testcase>


-<testcase time="0" classname="Kubernetes e2e suite" name="[sig-cluster-lifecycle] Reboot [Disruptive] [Feature:Reboot] each node by switching off the network interface and ensure they function upon switch on">

<skipped/>

</testcase>

<testcase time="46.259363193" classname="Kubernetes e2e suite" name="[k8s.io] Container Lifecycle Hook when create a pod with lifecycle hook should execute prestop exec hook properly [NodeConformance] [Conformance]"/>


-<testcase time="0" classname="Kubernetes e2e suite" name="[sig-storage] In-tree Volumes [Driver: iscsi][Feature:Volumes] [Testpattern: Pre-provisioned PV (default fs)] subPath should fail if subpath directory is outside the volume [Slow]">

<skipped/>

</testcase>


-<testcase time="0" classname="Kubernetes e2e suite" name="[sig-storage] In-tree Volumes [Driver: hostPathSymlink] [Testpattern: Pre-provisioned PV (default fs)] subPath should unmount if pod is gracefully deleted while kubelet is down [Disruptive][Slow]">

<skipped/>

</testcase>


-<testcase time="0" classname="Kubernetes e2e suite" name="[sig-storage] In-tree Volumes [Driver: hostPath] [Testpattern: Pre-provisioned PV (default fs)] subPath should support existing single file">

<skipped/>

</testcase>


-<testcase time="0" classname="Kubernetes e2e suite" name="[sig-storage] In-tree Volumes [Driver: hostPath] [Testpattern: Dynamic PV (default fs)] volumes should be mountable">

<skipped/>

</testcase>


-<testcase time="0" classname="Kubernetes e2e suite" name="[sig-storage] In-tree Volumes [Driver: ceph][Feature:Volumes] [Testpattern: Pre-provisioned PV (default fs)] subPath should support readOnly directory specified in the volumeMount">

<skipped/>

</testcase>


-<testcase time="0" classname="Kubernetes e2e suite" name="[sig-storage] In-tree Volumes [Driver: gluster] [Testpattern: Dynamic PV (default fs)] subPath should support existing directory">

<skipped/>

</testcase>


-<testcase time="0" classname="Kubernetes e2e suite" name="[sig-storage] In-tree Volumes [Driver: ceph][Feature:Volumes] [Testpattern: Dynamic PV (default fs)] subPath should support readOnly file specified in the volumeMount">

<skipped/>

</testcase>


-<testcase time="0" classname="Kubernetes e2e suite" name="[sig-storage] In-tree Volumes [Driver: vSphere] [Testpattern: Dynamic PV (default fs)] subPath should support existing single file">

<skipped/>

</testcase>


-<testcase time="0" classname="Kubernetes e2e suite" name="[sig-storage] In-tree Volumes [Driver: cinder] [Testpattern: Dynamic PV (default fs)] provisioning should create and delete block persistent volumes">

<skipped/>

</testcase>

<testcase time="8.256322804" classname="Kubernetes e2e suite" name="[sig-storage] Projected downwardAPI should provide container's cpu limit [NodeConformance] [Conformance]"/>

<testcase time="8.240144924" classname="Kubernetes e2e suite" name="[sig-storage] Projected downwardAPI should provide podname only [NodeConformance] [Conformance]"/>


-<testcase time="0" classname="Kubernetes e2e suite" name="[sig-storage] In-tree Volumes [Driver: iscsi][Feature:Volumes] [Testpattern: Dynamic PV (xfs)] volumes should be mountable">

<skipped/>

</testcase>


-<testcase time="0" classname="Kubernetes e2e suite" name="[sig-storage] PersistentVolumes-local [Volume type: block] Set fsGroup for local volume should set different fsGroup for second pod if first pod is deleted">

<skipped/>

</testcase>

<testcase time="36.73028609" classname="Kubernetes e2e suite" name="[sig-api-machinery] Garbage collector should orphan RS created by deployment when deleteOptions.PropagationPolicy is Orphan [Conformance]"/>


-<testcase time="0" classname="Kubernetes e2e suite" name="[sig-storage] In-tree Volumes [Driver: hostPathSymlink] [Testpattern: Pre-provisioned PV (filesystem volmode)] volumeMode should create sc, pod, pv, and pvc, read/write to the pv, and delete all created resources">

<skipped/>

</testcase>


-<testcase time="0" classname="Kubernetes e2e suite" name="[sig-storage] PersistentVolumes-local [Volume type: block] Two pods mounting a local volume at the same time should be able to write from pod1 and read from pod2">

<skipped/>

</testcase>


-<testcase time="0" classname="Kubernetes e2e suite" name="[sig-storage] In-tree Volumes [Driver: nfs] [Testpattern: Pre-provisioned PV (ext4)] volumes should be mountable">

<skipped/>

</testcase>


-<testcase time="0" classname="Kubernetes e2e suite" name="[sig-storage] In-tree Volumes [Driver: rbd][Feature:Volumes] [Testpattern: Dynamic PV (default fs)] subPath should unmount if pod is force deleted while kubelet is down [Disruptive][Slow]">

<skipped/>

</testcase>


-<testcase time="0" classname="Kubernetes e2e suite" name="[sig-network] Loadbalancing: L7 GCE [Slow] [Feature:Ingress] should conform to Ingress spec">

<skipped/>

</testcase>


-<testcase time="0" classname="Kubernetes e2e suite" name="[sig-storage] Projected downwardAPI should provide podname as non-root with fsgroup [NodeFeature:FSGroup]">

<skipped/>

</testcase>


-<testcase time="0" classname="Kubernetes e2e suite" name="[sig-storage] Volume FStype [Feature:vsphere] verify fstype - ext3 formatted volume">

<skipped/>

</testcase>


-<testcase time="0" classname="Kubernetes e2e suite" name="[sig-storage] In-tree Volumes [Driver: emptydir] [Testpattern: Inline-volume (default fs)] subPath should support existing single file">

<skipped/>

</testcase>


-<testcase time="0" classname="Kubernetes e2e suite" name="[sig-storage] PersistentVolumes-local [Volume type: dir-link-bindmounted] Two pods mounting a local volume one after the other should be able to write from pod1 and read from pod2">

<skipped/>

</testcase>


-<testcase time="0" classname="Kubernetes e2e suite" name="[sig-storage] In-tree Volumes [Driver: hostPath] [Testpattern: Inline-volume (default fs)] subPath should unmount if pod is force deleted while kubelet is down [Disruptive][Slow]">

<skipped/>

</testcase>


-<testcase time="0" classname="Kubernetes e2e suite" name="[sig-autoscaling] Cluster size autoscaling [Slow] Should be able to scale a node group down to 0[Feature:ClusterSizeAutoscalingScaleDown]">

<skipped/>

</testcase>


-<testcase time="0" classname="Kubernetes e2e suite" name="[sig-api-machinery] CustomResourceConversionWebhook [Feature:CustomResourceWebhookConversion] Should be able to convert from CR v1 to CR v2">

<skipped/>

</testcase>


-<testcase time="0" classname="Kubernetes e2e suite" name="[sig-storage] In-tree Volumes [Driver: gcepd] [Testpattern: Dynamic PV (xfs)] volumes should be mountable">

<skipped/>

</testcase>


-<testcase time="0" classname="Kubernetes e2e suite" name="[sig-storage] In-tree Volumes [Driver: gcepd] [Testpattern: Inline-volume (default fs)] subPath should support readOnly directory specified in the volumeMount">

<skipped/>

</testcase>


-<testcase time="0" classname="Kubernetes e2e suite" name="[sig-storage] In-tree Volumes [Driver: emptydir] [Testpattern: Pre-provisioned PV (xfs)] volumes should be mountable">

<skipped/>

</testcase>


-<testcase time="0" classname="Kubernetes e2e suite" name="[k8s.io] [sig-node] Security Context [Feature:SecurityContext] should support volume SELinux relabeling when using hostPID">

<skipped/>

</testcase>


-<testcase time="0" classname="Kubernetes e2e suite" name="[sig-cli] Kubectl Port forwarding [k8s.io] With a server listening on 0.0.0.0 [k8s.io] that expects NO client request should support a client that connects, sends DATA, and disconnects">

<skipped/>

</testcase>


-<testcase time="0" classname="Kubernetes e2e suite" name="[sig-storage] In-tree Volumes [Driver: gluster] [Testpattern: Inline-volume (default fs)] subPath should unmount if pod is gracefully deleted while kubelet is down [Disruptive][Slow]">

<skipped/>

</testcase>


-<testcase time="0" classname="Kubernetes e2e suite" name="[sig-storage] In-tree Volumes [Driver: cinder] [Testpattern: Pre-provisioned PV (default fs)] subPath should support non-existent path">

<skipped/>

</testcase>


-<testcase time="0" classname="Kubernetes e2e suite" name="[sig-storage] In-tree Volumes [Driver: vSphere] [Testpattern: Pre-provisioned PV (default fs)] subPath should fail if subpath directory is outside the volume [Slow]">

<skipped/>

</testcase>


-<testcase time="0" classname="Kubernetes e2e suite" name="[sig-storage] PersistentVolumes:vsphere should test that deleting a PVC before the pod does not cause pod deletion to fail on vsphere volume detach">

<skipped/>

</testcase>


-<testcase time="0" classname="Kubernetes e2e suite" name="[sig-storage] In-tree Volumes [Driver: cinder] [Testpattern: Inline-volume (xfs)] volumes should be mountable">

<skipped/>

</testcase>


-<testcase time="0" classname="Kubernetes e2e suite" name="[sig-storage] In-tree Volumes [Driver: emptydir] [Testpattern: Pre-provisioned PV (default fs)] subPath should support creating multiple subpath from same volumes [Slow]">

<skipped/>

</testcase>


-<testcase time="0" classname="Kubernetes e2e suite" name="[sig-instrumentation] [Feature:PrometheusMonitoring] Prometheus should scrape container metrics from all nodes.">

<skipped/>

</testcase>


-<testcase time="0" classname="Kubernetes e2e suite" name="[sig-autoscaling] Cluster size autoscaling [Slow] should correctly scale down after a node is not needed [Feature:ClusterSizeAutoscalingScaleDown]">

<skipped/>

</testcase>


-<testcase time="0" classname="Kubernetes e2e suite" name="[sig-scheduling] ResourceQuota should verify ResourceQuota with best effort scope.">

<skipped/>

</testcase>


-<testcase time="0" classname="Kubernetes e2e suite" name="[sig-apps] StatefulSet [k8s.io] Basic StatefulSet functionality [StatefulSetBasic] should perform rolling updates and roll backs of template modifications with PVCs">

<skipped/>

</testcase>


-<testcase time="0" classname="Kubernetes e2e suite" name="[sig-storage] In-tree Volumes [Driver: rbd][Feature:Volumes] [Testpattern: Dynamic PV (default fs)] subPath should support existing directory">

<skipped/>

</testcase>


-<testcase time="0" classname="Kubernetes e2e suite" name="[sig-autoscaling] Cluster size autoscaling [Slow] should increase cluster size if pods are pending due to pod anti-affinity [Feature:ClusterSizeAutoscalingScaleUp]">

<skipped/>

</testcase>


-<testcase time="0" classname="Kubernetes e2e suite" name="[sig-scalability] Load capacity [Feature:ManualPerformance] should be able to handle 30 pods per node Deployment.extensions with 0 secrets, 2 configmaps and 0 daemons">

<skipped/>

</testcase>


-<testcase time="0" classname="Kubernetes e2e suite" name="[sig-storage] In-tree Volumes [Driver: cinder] [Testpattern: Inline-volume (default fs)] subPath should support creating multiple subpath from same volumes [Slow]">

<skipped/>

</testcase>


-<testcase time="0" classname="Kubernetes e2e suite" name="[sig-storage] In-tree Volumes [Driver: nfs] [Testpattern: Dynamic PV (default fs)] subPath should support readOnly directory specified in the volumeMount">

<skipped/>

</testcase>


-<testcase time="0" classname="Kubernetes e2e suite" name="[sig-network] Services should use same NodePort with same port but different protocols">

<skipped/>

</testcase>


-<testcase time="0" classname="Kubernetes e2e suite" name="[sig-storage] CSI Volumes [Driver: csi-hostpath-v0] [Testpattern: Dynamic PV (default fs)] subPath should support readOnly directory specified in the volumeMount">

<skipped/>

</testcase>


-<testcase time="0" classname="Kubernetes e2e suite" name="[sig-storage] CSI Volumes [Driver: pd.csi.storage.gke.io][Feature: gcePD-external] [Testpattern: Dynamic PV (default fs)] provisioning should provision storage with defaults">

<skipped/>

</testcase>


-<testcase time="0" classname="Kubernetes e2e suite" name="[sig-storage] In-tree Volumes [Driver: vSphere] [Testpattern: Pre-provisioned PV (default fs)] volumeIO should write files of various sizes, verify size, validate content [Slow]">

<skipped/>

</testcase>


-<testcase time="0" classname="Kubernetes e2e suite" name="[sig-storage] CSI Volumes [Driver: pd.csi.storage.gke.io][Feature: gcePD-external] [Testpattern: Dynamic PV (default fs)] subPath should support creating multiple subpath from same volumes [Slow]">

<skipped/>

</testcase>


-<testcase time="0" classname="Kubernetes e2e suite" name="[sig-storage] In-tree Volumes [Driver: hostPath] [Testpattern: Pre-provisioned PV (default fs)] subPath should fail if subpath file is outside the volume [Slow]">

<skipped/>

</testcase>


-<testcase time="0" classname="Kubernetes e2e suite" name="[sig-storage] In-tree Volumes [Driver: vSphere] [Testpattern: Dynamic PV (default fs)] subPath should support restarting containers using directory as subpath [Slow]">

<skipped/>

</testcase>


-<testcase time="0" classname="Kubernetes e2e suite" name="[sig-network] DNS should provide DNS for pods for Hostname and Subdomain">

<skipped/>

</testcase>


-<testcase time="0" classname="Kubernetes e2e suite" name="[sig-autoscaling] Cluster size autoscaling [Slow] should increase cluster size if pod requesting EmptyDir volume is pending [Feature:ClusterSizeAutoscalingScaleUp]">

<skipped/>

</testcase>


-<testcase time="0" classname="Kubernetes e2e suite" name="[sig-storage] In-tree Volumes [Driver: hostPathSymlink] [Testpattern: Inline-volume (default fs)] subPath should support non-existent path">

<skipped/>

</testcase>


-<testcase time="0" classname="Kubernetes e2e suite" name="[sig-storage] In-tree Volumes [Driver: azure] [Testpattern: Dynamic PV (default fs)] volumes should be mountable">

<skipped/>

</testcase>


-<testcase time="0" classname="Kubernetes e2e suite" name="[sig-network] Networking Granular Checks: Services [Slow] should function for node-Service: udp">

<skipped/>

</testcase>


-<testcase time="0" classname="Kubernetes e2e suite" name="[sig-storage] In-tree Volumes [Driver: hostPathSymlink] [Testpattern: Pre-provisioned PV (block volmode)] volumeMode should fail to create pod by failing to mount volume">

<skipped/>

</testcase>


-<testcase time="0" classname="Kubernetes e2e suite" name="[sig-cli] Kubectl client [k8s.io] Kubectl run CronJob should create a CronJob">

<skipped/>

</testcase>


-<testcase time="0" classname="Kubernetes e2e suite" name="[sig-storage] In-tree Volumes [Driver: emptydir] [Testpattern: Inline-volume (ext4)] volumes should be mountable">

<skipped/>

</testcase>


-<testcase time="0" classname="Kubernetes e2e suite" name="[sig-storage] In-tree Volumes [Driver: hostPath] [Testpattern: Pre-provisioned PV (default fs)] subPath should support existing directories when readOnly specified in the volumeSource">

<skipped/>

</testcase>


-<testcase time="0" classname="Kubernetes e2e suite" name="[sig-storage] PersistentVolumes-local [Volume type: dir] Set fsGroup for local volume should set different fsGroup for second pod if first pod is deleted">

<skipped/>

</testcase>


-<testcase time="0" classname="Kubernetes e2e suite" name="[sig-storage] In-tree Volumes [Driver: ceph][Feature:Volumes] [Testpattern: Pre-provisioned PV (default fs)] subPath should support file as subpath">

<skipped/>

</testcase>


-<testcase time="0" classname="Kubernetes e2e suite" name="[sig-storage] Mounted flexvolume volume expand [Slow] [Feature:ExpandInUsePersistentVolumes] should be resizable when mounted">

<skipped/>

</testcase>


-<testcase time="0" classname="Kubernetes e2e suite" name="[sig-storage] Pod Disks schedule pods each with a PD, delete pod and verify detach [Slow] for RW PD with pod delete grace period of "immediate (0s)"">

<skipped/>

</testcase>


-<testcase time="0" classname="Kubernetes e2e suite" name="[sig-storage] CSI Volumes [Driver: pd.csi.storage.gke.io][Serial] [Testpattern: Dynamic PV (default fs)] provisioning should create and delete block persistent volumes">

<skipped/>

</testcase>


-<testcase time="0" classname="Kubernetes e2e suite" name="[sig-storage] Regional PD RegionalPD should provision storage [Slow]">

<skipped/>

</testcase>

<testcase time="10.235172983" classname="Kubernetes e2e suite" name="[k8s.io] Docker Containers should be able to override the image's default arguments (docker cmd) [NodeConformance] [Conformance]"/>

<testcase time="8.292101573" classname="Kubernetes e2e suite" name="[sig-network] DNS should provide DNS for the cluster [Conformance]"/>


-<testcase time="0" classname="Kubernetes e2e suite" name="[sig-storage] In-tree Volumes [Driver: hostPathSymlink] [Testpattern: Dynamic PV (default fs)] volumes should be mountable">

<skipped/>

</testcase>


-<testcase time="0" classname="Kubernetes e2e suite" name="[sig-storage] PersistentVolumes-local [Volume type: tmpfs] One pod requesting one prebound PVC should be able to mount volume and write from pod1">

<skipped/>

</testcase>


-<testcase time="0" classname="Kubernetes e2e suite" name="[sig-storage] Volume Placement should create and delete pod with the same volume source on the same worker node">

<skipped/>

</testcase>


-<testcase time="0" classname="Kubernetes e2e suite" name="[sig-storage] In-tree Volumes [Driver: rbd][Feature:Volumes] [Testpattern: Inline-volume (default fs)] subPath should support non-existent path">

<skipped/>

</testcase>


-<testcase time="0" classname="Kubernetes e2e suite" name="[sig-storage] PersistentVolumes Default StorageClass pods that use multiple volumes should be reschedulable [Slow]">

<skipped/>

</testcase>

<testcase time="8.230156119" classname="Kubernetes e2e suite" name="[sig-storage] Downward API volume should provide container's memory request [NodeConformance] [Conformance]"/>


-<testcase time="0" classname="Kubernetes e2e suite" name="[sig-apps] ReplicaSet should serve a basic image on each replica with a private image">

<skipped/>

</testcase>


-<testcase time="0" classname="Kubernetes e2e suite" name="[sig-storage] CSI Volumes [Driver: csi-hostpath] [Testpattern: Dynamic PV (default fs)] subPath should unmount if pod is gracefully deleted while kubelet is down [Disruptive][Slow]">

<skipped/>

</testcase>


-<testcase time="0" classname="Kubernetes e2e suite" name="[k8s.io] EquivalenceCache [Serial] validates pod affinity works properly when new replica pod is scheduled">

<skipped/>

</testcase>


-<testcase time="0" classname="Kubernetes e2e suite" name="[sig-apps] Job should adopt matching orphans and release non-matching pods">

<skipped/>

</testcase>


-<testcase time="0" classname="Kubernetes e2e suite" name="[sig-storage] CSI Volumes [Driver: pd.csi.storage.gke.io][Feature: gcePD-external] [Testpattern: Dynamic PV (default fs)] subPath should support readOnly directory specified in the volumeMount">

<skipped/>

</testcase>


-<testcase time="0" classname="Kubernetes e2e suite" name="[sig-storage] In-tree Volumes [Driver: vSphere] [Testpattern: Inline-volume (default fs)] subPath should support readOnly file specified in the volumeMount">

<skipped/>

</testcase>


-<testcase time="0" classname="Kubernetes e2e suite" name="[sig-storage] Pod Disks detach in a disrupted environment [Slow] [Disruptive] when node's API object is deleted">

<skipped/>

</testcase>


-<testcase time="0" classname="Kubernetes e2e suite" name="[sig-storage] In-tree Volumes [Driver: emptydir] [Testpattern: Pre-provisioned PV (block volmode)] volumeMode should fail to create pod by failing to mount volume">

<skipped/>

</testcase>

<testcase time="34.250122584" classname="Kubernetes e2e suite" name="[k8s.io] Container Lifecycle Hook when create a pod with lifecycle hook should execute prestop http hook properly [NodeConformance] [Conformance]"/>


-<testcase time="0" classname="Kubernetes e2e suite" name="[sig-storage] In-tree Volumes [Driver: iscsi][Feature:Volumes] [Testpattern: Pre-provisioned PV (ext3)] volumes should be mountable">

<skipped/>

</testcase>


-<testcase time="0" classname="Kubernetes e2e suite" name="[sig-storage] Dynamic Provisioning [k8s.io] GlusterDynamicProvisioner should create and delete persistent volumes [fast]">

<skipped/>

</testcase>

<testcase time="8.240489597" classname="Kubernetes e2e suite" name="[sig-storage] Downward API volume should provide podname only [NodeConformance] [Conformance]"/>

<testcase time="16.220549576" classname="Kubernetes e2e suite" name="[sig-api-machinery] Garbage collector should delete pods created by rc when not orphaning [Conformance]"/>


-<testcase time="0" classname="Kubernetes e2e suite" name="[sig-storage] In-tree Volumes [Driver: nfs] [Testpattern: Pre-provisioned PV (default fs)] subPath should support creating multiple subpath from same volumes [Slow]">

<skipped/>

</testcase>

<testcase time="16.322528036" classname="Kubernetes e2e suite" name="[sig-api-machinery] Garbage collector should not delete dependents that have both valid owner and owner that's waiting for dependents to be deleted [Conformance]"/>


-<testcase time="0" classname="Kubernetes e2e suite" name="[sig-storage] In-tree Volumes [Driver: vSphere] [Testpattern: Dynamic PV (default fs)] subPath should support non-existent path">

<skipped/>

</testcase>


-<testcase time="0" classname="Kubernetes e2e suite" name="[sig-storage] In-tree Volumes [Driver: iscsi][Feature:Volumes] [Testpattern: Dynamic PV (default fs)] provisioning should create and delete block persistent volumes">

<skipped/>

</testcase>

<testcase time="10.249360052" classname="Kubernetes e2e suite" name="[sig-storage] EmptyDir volumes should support (root,0644,tmpfs) [NodeConformance] [Conformance]"/>


-<testcase time="0" classname="Kubernetes e2e suite" name="[sig-storage] In-tree Volumes [Driver: rbd][Feature:Volumes] [Testpattern: Inline-volume (default fs)] subPath should support file as subpath">

<skipped/>

</testcase>


-<testcase time="0" classname="Kubernetes e2e suite" name="[sig-storage] In-tree Volumes [Driver: gcepd] [Testpattern: Inline-volume (default fs)] subPath should fail if subpath directory is outside the volume [Slow]">

<skipped/>

</testcase>


-<testcase time="0" classname="Kubernetes e2e suite" name="[sig-storage] [Serial] Volume metrics should create prometheus metrics for volume provisioning and attach/detach">

<skipped/>

</testcase>


-<testcase time="0" classname="Kubernetes e2e suite" name="[sig-storage] In-tree Volumes [Driver: azure] [Testpattern: Inline-volume (xfs)] volumes should be mountable">

<skipped/>

</testcase>


-<testcase time="0" classname="Kubernetes e2e suite" name="[sig-storage] In-tree Volumes [Driver: nfs] [Testpattern: Dynamic PV (default fs)] provisioning should create and delete block persistent volumes">

<skipped/>

</testcase>


-<testcase time="0" classname="Kubernetes e2e suite" name="[sig-instrumentation] Logging soak [Performance] [Slow] [Disruptive] should survive logging 1KB every 1s seconds, for a duration of 2m0s">

<skipped/>

</testcase>


-<testcase time="0" classname="Kubernetes e2e suite" name="[sig-auth] PodSecurityPolicy should forbid pod creation when no PSP is available">

<skipped/>

</testcase>


-<testcase time="0" classname="Kubernetes e2e suite" name="[sig-network] Loadbalancing: L7 GCE [Slow] [Feature:NEG] should conform to Ingress spec">

<skipped/>

</testcase>


-<testcase time="0" classname="Kubernetes e2e suite" name="[sig-storage] In-tree Volumes [Driver: nfs] [Testpattern: Pre-provisioned PV (default fs)] subPath should support readOnly file specified in the volumeMount">

<skipped/>

</testcase>


-<testcase time="0" classname="Kubernetes e2e suite" name="[sig-cli] Kubectl client [k8s.io] Kubectl apply should reuse port when apply to an existing SVC">

<skipped/>

</testcase>

<testcase time="14.363490538" classname="Kubernetes e2e suite" name="[sig-network] Services should serve multiport endpoints from pods [Conformance]"/>


-<testcase time="0" classname="Kubernetes e2e suite" name="[sig-storage] In-tree Volumes [Driver: nfs] [Testpattern: Inline-volume (default fs)] subPath should support existing directories when readOnly specified in the volumeSource">

<skipped/>

</testcase>


-<testcase time="0" classname="Kubernetes e2e suite" name="[sig-storage] In-tree Volumes [Driver: hostPath] [Testpattern: Dynamic PV (xfs)] volumes should be mountable">

<skipped/>

</testcase>


-<testcase time="0" classname="Kubernetes e2e suite" name="[sig-auth] [Feature:NodeAuthorizer] A node shouldn't be able to delete another node">

<skipped/>

</testcase>


-<testcase time="0" classname="Kubernetes e2e suite" name="[sig-storage] In-tree Volumes [Driver: gcepd] [Testpattern: Dynamic PV (default fs)] subPath should fail if non-existent subpath is outside the volume [Slow]">

<skipped/>

</testcase>


-<testcase time="0" classname="Kubernetes e2e suite" name="[sig-storage] In-tree Volumes [Driver: cinder] [Testpattern: Inline-volume (default fs)] volumeIO should write files of various sizes, verify size, validate content [Slow]">

<skipped/>

</testcase>


-<testcase time="0" classname="Kubernetes e2e suite" name="[sig-storage] In-tree Volumes [Driver: hostPathSymlink] [Testpattern: Inline-volume (default fs)] subPath should support restarting containers using file as subpath [Slow]">

<skipped/>

</testcase>


-<testcase time="0" classname="Kubernetes e2e suite" name="[sig-storage] In-tree Volumes [Driver: hostPath] [Testpattern: Pre-provisioned PV (default fs)] subPath should fail if subpath with backstepping is outside the volume [Slow]">

<skipped/>

</testcase>


-<testcase time="0" classname="Kubernetes e2e suite" name="[sig-storage] In-tree Volumes [Driver: hostPathSymlink] [Testpattern: Dynamic PV (default fs)] subPath should unmount if pod is force deleted while kubelet is down [Disruptive][Slow]">

<skipped/>

</testcase>


-<testcase time="0" classname="Kubernetes e2e suite" name="[sig-storage] In-tree Volumes [Driver: aws] [Testpattern: Pre-provisioned PV (xfs)] volumes should be mountable">

<skipped/>

</testcase>


-<testcase time="0" classname="Kubernetes e2e suite" name="[sig-storage] [Serial] Volume metrics should create metrics for total number of volumes in A/D Controller">

<skipped/>

</testcase>


-<testcase time="0" classname="Kubernetes e2e suite" name="[sig-storage] In-tree Volumes [Driver: rbd][Feature:Volumes] [Testpattern: Pre-provisioned PV (ext4)] volumes should be mountable">

<skipped/>

</testcase>


-<testcase time="0" classname="Kubernetes e2e suite" name="[sig-storage] In-tree Volumes [Driver: iscsi][Feature:Volumes] [Testpattern: Dynamic PV (default fs)] provisioning should provision storage with mount options">

<skipped/>

</testcase>


-<testcase time="0" classname="Kubernetes e2e suite" name="[sig-storage] CSI Volumes [Driver: csi-hostpath-v0] [Testpattern: Dynamic PV (default fs)] volumeIO should write files of various sizes, verify size, validate content [Slow]">

<skipped/>

</testcase>


-<testcase time="0" classname="Kubernetes e2e suite" name="[sig-storage] In-tree Volumes [Driver: rbd][Feature:Volumes] [Testpattern: Inline-volume (default fs)] subPath should unmount if pod is gracefully deleted while kubelet is down [Disruptive][Slow]">

<skipped/>

</testcase>


-<testcase time="0" classname="Kubernetes e2e suite" name="[sig-storage] PersistentVolumes-local [Volume type: tmpfs] One pod requesting one prebound PVC should be able to mount volume and read from pod1">

<skipped/>

</testcase>


-<testcase time="0" classname="Kubernetes e2e suite" name="[sig-instrumentation] MetricsGrabber should grab all metrics from API server.">

<skipped/>

</testcase>

<testcase time="6.256885807" classname="Kubernetes e2e suite" name="[sig-cli] Kubectl client [k8s.io] Proxy server should support proxy with --port 0 [Conformance]"/>


-<testcase time="0" classname="Kubernetes e2e suite" name="[sig-storage] In-tree Volumes [Driver: cinder] [Testpattern: Pre-provisioned PV (default fs)] subPath should support file as subpath">

<skipped/>

</testcase>

<testcase time="10.207539014" classname="Kubernetes e2e suite" name="[k8s.io] Kubelet when scheduling a busybox command that always fails in a pod should have an terminated reason [NodeConformance] [Conformance]"/>


-<testcase time="0" classname="Kubernetes e2e suite" name="[sig-storage] ConfigMap Should fail non-optional pod creation due to configMap object does not exist [Slow]">

<skipped/>

</testcase>


-<testcase time="0" classname="Kubernetes e2e suite" name="[sig-api-machinery] AdmissionWebhook Should mutate custom resource">

<skipped/>

</testcase>


-<testcase time="0" classname="Kubernetes e2e suite" name="[sig-storage] In-tree Volumes [Driver: aws] [Testpattern: Dynamic PV (default fs)] subPath should fail if subpath file is outside the volume [Slow]">

<skipped/>

</testcase>


-<testcase time="0" classname="Kubernetes e2e suite" name="[sig-storage] In-tree Volumes [Driver: hostPathSymlink] [Testpattern: Dynamic PV (default fs)] subPath should support file as subpath">

<skipped/>

</testcase>


-<testcase time="0" classname="Kubernetes e2e suite" name="[sig-storage] In-tree Volumes [Driver: rbd][Feature:Volumes] [Testpattern: Dynamic PV (default fs)] subPath should fail if subpath directory is outside the volume [Slow]">

<skipped/>

</testcase>


-<testcase time="0" classname="Kubernetes e2e suite" name="[sig-storage] In-tree Volumes [Driver: cinder] [Testpattern: Pre-provisioned PV (default fs)] subPath should support restarting containers using file as subpath [Slow]">

<skipped/>

</testcase>


-<testcase time="0" classname="Kubernetes e2e suite" name="[sig-storage] In-tree Volumes [Driver: vSphere] [Testpattern: Dynamic PV (block volmode)] volumeMode should fail in binding dynamic provisioned PV to PVC">

<skipped/>

</testcase>


-<testcase time="0" classname="Kubernetes e2e suite" name="[sig-storage] In-tree Volumes [Driver: rbd][Feature:Volumes] [Testpattern: Inline-volume (default fs)] subPath should support existing directory">

<skipped/>

</testcase>


-<testcase time="0" classname="Kubernetes e2e suite" name="[sig-autoscaling] Cluster size autoscaling [Slow] should disable node pool autoscaling [Feature:ClusterSizeAutoscalingScaleUp]">

<skipped/>

</testcase>


-<testcase time="0" classname="Kubernetes e2e suite" name="[sig-storage] Volume Disk Size [Feature:vsphere] verify dynamically provisioned pv using storageclass with an invalid disk size fails">

<skipped/>

</testcase>

<testcase time="32.157288116" classname="Kubernetes e2e suite" name="[sig-network] Proxy version v1 should proxy through a service and a pod [Conformance]"/>

<testcase time="8.249352344" classname="Kubernetes e2e suite" name="[sig-storage] Secrets should be consumable from pods in volume with mappings and Item Mode set [NodeConformance] [Conformance]"/>


-<testcase time="0" classname="Kubernetes e2e suite" name="[sig-storage] In-tree Volumes [Driver: ceph][Feature:Volumes] [Testpattern: Pre-provisioned PV (default fs)] subPath should support existing single file">

<skipped/>

</testcase>


-<testcase time="0" classname="Kubernetes e2e suite" name="[sig-storage] In-tree Volumes [Driver: gcepd] [Testpattern: Dynamic PV (default fs)] subPath should fail if subpath with backstepping is outside the volume [Slow]">

<skipped/>

</testcase>


-<testcase time="0" classname="Kubernetes e2e suite" name="[sig-storage] In-tree Volumes [Driver: aws] [Testpattern: Inline-volume (default fs)] subPath should unmount if pod is gracefully deleted while kubelet is down [Disruptive][Slow]">

<skipped/>

</testcase>

<testcase time="30.295057928" classname="Kubernetes e2e suite" name="[sig-storage] Subpath Atomic writer volumes should support subpaths with projected pod [Conformance]"/>


-<testcase time="0" classname="Kubernetes e2e suite" name="[sig-storage] In-tree Volumes [Driver: gluster] [Testpattern: Dynamic PV (default fs)] subPath should support creating multiple subpath from same volumes [Slow]">

<skipped/>

</testcase>


-<testcase time="0" classname="Kubernetes e2e suite" name="[sig-network] Services should preserve source pod IP for traffic thru service cluster IP">

<skipped/>

</testcase>


-<testcase time="0" classname="Kubernetes e2e suite" name="[k8s.io] [sig-node] RuntimeClass [Feature:RuntimeClass] should recover when the RuntimeClass CRD is deleted [Slow]">

<skipped/>

</testcase>


-<testcase time="0" classname="Kubernetes e2e suite" name="[sig-storage] In-tree Volumes [Driver: hostPath] [Testpattern: Pre-provisioned PV (default fs)] subPath should support readOnly directory specified in the volumeMount">

<skipped/>

</testcase>


-<testcase time="0" classname="Kubernetes e2e suite" name="[sig-storage] CSI Volumes [Driver: csi-hostpath-v0] [Testpattern: Dynamic PV (filesystem volmode)] volumeMode should create sc, pod, pv, and pvc, read/write to the pv, and delete all created resources">

<skipped/>

</testcase>


-<testcase time="0" classname="Kubernetes e2e suite" name="[sig-storage] In-tree Volumes [Driver: hostPathSymlink] [Testpattern: Dynamic PV (ext3)] volumes should be mountable">

<skipped/>

</testcase>

<testcase time="8.249053356" classname="Kubernetes e2e suite" name="[sig-api-machinery] Secrets should be consumable via the environment [NodeConformance] [Conformance]"/>


-<testcase time="0" classname="Kubernetes e2e suite" name="[sig-storage] Volume Attach Verify [Feature:vsphere][Serial][Disruptive] verify volume remains attached after master kubelet restart">

<skipped/>

</testcase>


-<testcase time="0" classname="Kubernetes e2e suite" name="[sig-storage] In-tree Volumes [Driver: rbd][Feature:Volumes] [Testpattern: Dynamic PV (xfs)] volumes should be mountable">

<skipped/>

</testcase>


-<testcase time="0" classname="Kubernetes e2e suite" name="[sig-storage] In-tree Volumes [Driver: hostPath] [Testpattern: Pre-provisioned PV (default fs)] subPath should support restarting containers using file as subpath [Slow]">

<skipped/>

</testcase>

<testcase time="18.428932469" classname="Kubernetes e2e suite" name="[sig-api-machinery] Namespaces [Serial] should ensure that all services are removed when a namespace is deleted [Conformance]"/>


-<testcase time="0" classname="Kubernetes e2e suite" name="[sig-storage] In-tree Volumes [Driver: hostPath] [Testpattern: Inline-volume (default fs)] subPath should support creating multiple subpath from same volumes [Slow]">

<skipped/>

</testcase>


-<testcase time="0" classname="Kubernetes e2e suite" name="[sig-storage] In-tree Volumes [Driver: emptydir] [Testpattern: Dynamic PV (default fs)] subPath should fail if subpath with backstepping is outside the volume [Slow]">

<skipped/>

</testcase>


-<testcase time="0" classname="Kubernetes e2e suite" name="[sig-storage] In-tree Volumes [Driver: rbd][Feature:Volumes] [Testpattern: Inline-volume (default fs)] subPath should support creating multiple subpath from same volumes [Slow]">

<skipped/>

</testcase>


-<testcase time="0" classname="Kubernetes e2e suite" name="[sig-apps] DisruptionController evictions: maxUnavailable deny evictions, integer => should not allow an eviction">

<skipped/>

</testcase>


-<testcase time="0" classname="Kubernetes e2e suite" name="[sig-network] Loadbalancing: L7 GCE [Slow] [Feature:kubemci] single and multi-cluster ingresses should be able to exist together">

<skipped/>

</testcase>


-<testcase time="0" classname="Kubernetes e2e suite" name="[sig-instrumentation] Cluster level logging using Elasticsearch [Feature:Elasticsearch] should check that logs from containers are ingested into Elasticsearch">

<skipped/>

</testcase>


-<testcase time="0" classname="Kubernetes e2e suite" name="[sig-storage] In-tree Volumes [Driver: emptydir] [Testpattern: Pre-provisioned PV (default fs)] subPath should support file as subpath">

<skipped/>

</testcase>


-<testcase time="0" classname="Kubernetes e2e suite" name="[sig-storage] In-tree Volumes [Driver: aws] [Testpattern: Pre-provisioned PV (ext3)] volumes should be mountable">

<skipped/>

</testcase>


-<testcase time="0" classname="Kubernetes e2e suite" name="[sig-storage] Volume Provisioning On Clustered Datastore [Feature:vsphere] verify dynamic provision with default parameter on clustered datastore">

<skipped/>

</testcase>


-<testcase time="0" classname="Kubernetes e2e suite" name="[sig-storage] In-tree Volumes [Driver: rbd][Feature:Volumes] [Testpattern: Inline-volume (ext4)] volumes should be mountable">

<skipped/>

</testcase>


-<testcase time="0" classname="Kubernetes e2e suite" name="[sig-storage] In-tree Volumes [Driver: nfs] [Testpattern: Inline-volume (default fs)] subPath should fail if subpath directory is outside the volume [Slow]">

<skipped/>

</testcase>


-<testcase time="0" classname="Kubernetes e2e suite" name="[sig-storage] CSI Volumes CSI attach test using HostPath driver [Feature:CSIDriverRegistry] volume with no CSI driver needs VolumeAttachment">

<skipped/>

</testcase>


-<testcase time="0" classname="Kubernetes e2e suite" name="[sig-storage] In-tree Volumes [Driver: ceph][Feature:Volumes] [Testpattern: Pre-provisioned PV (xfs)] volumes should be mountable">

<skipped/>

</testcase>

<testcase time="6.237199153" classname="Kubernetes e2e suite" name="[k8s.io] Kubelet when scheduling a busybox command that always fails in a pod should be possible to delete [NodeConformance] [Conformance]"/>


-<testcase time="0" classname="Kubernetes e2e suite" name="[sig-storage] vsphere cloud provider stress [Feature:vsphere] vsphere stress tests">

<skipped/>

</testcase>


-<testcase time="0" classname="Kubernetes e2e suite" name="[sig-cli] Kubectl Port forwarding [k8s.io] With a server listening on 0.0.0.0 [k8s.io] that expects a client request should support a client that connects, sends NO DATA, and disconnects">

<skipped/>

</testcase>


-<testcase time="0" classname="Kubernetes e2e suite" name="[sig-storage] CSI Volumes [Driver: pd.csi.storage.gke.io][Serial] [Testpattern: Dynamic PV (default fs)] subPath should support non-existent path">

<skipped/>

</testcase>


-<testcase time="0" classname="Kubernetes e2e suite" name="[sig-storage] In-tree Volumes [Driver: vSphere] [Testpattern: Dynamic PV (default fs)] provisioning should provision storage with defaults">

<skipped/>

</testcase>


-<testcase time="0" classname="Kubernetes e2e suite" name="[sig-cluster-lifecycle] HA-master [Feature:HAMaster] survive addition/removal replicas different zones [Serial][Disruptive]">

<skipped/>

</testcase>


-<testcase time="0" classname="Kubernetes e2e suite" name="[sig-storage] CSI Volumes [Driver: pd.csi.storage.gke.io][Feature: gcePD-external] [Testpattern: Dynamic PV (default fs)] subPath should support non-existent path">

<skipped/>

</testcase>


-<testcase time="0" classname="Kubernetes e2e suite" name="[sig-scheduling] ResourceQuota [Feature:Initializers] should create a ResourceQuota and capture the life of an uninitialized pod.">

<skipped/>

</testcase>


-<testcase time="0" classname="Kubernetes e2e suite" name="[sig-autoscaling] Cluster size autoscaling [Slow] should increase cluster size if pending pods are small and one node is broken [Feature:ClusterSizeAutoscalingScaleUp]">

<skipped/>

</testcase>


-<testcase time="0" classname="Kubernetes e2e suite" name="[sig-storage] In-tree Volumes [Driver: gcepd] [Testpattern: Pre-provisioned PV (default fs)] subPath should support readOnly file specified in the volumeMount">

<skipped/>

</testcase>


-<testcase time="0" classname="Kubernetes e2e suite" name="[sig-scheduling] SchedulerPredicates [Serial] validates that there exists conflict between pods with same hostPort and protocol but one using 0.0.0.0 hostIP">

<skipped/>

</testcase>

<testcase time="26.296321343" classname="Kubernetes e2e suite" name="[sig-storage] Projected secret optional updates should be reflected in volume [NodeConformance] [Conformance]"/>


-<testcase time="0" classname="Kubernetes e2e suite" name="[sig-storage] In-tree Volumes [Driver: cinder] [Testpattern: Pre-provisioned PV (default fs)] subPath should support existing directories when readOnly specified in the volumeSource">

<skipped/>

</testcase>


-<testcase time="0" classname="Kubernetes e2e suite" name="[sig-storage] In-tree Volumes [Driver: cinder] [Testpattern: Dynamic PV (filesystem volmode)] volumeMode should create sc, pod, pv, and pvc, read/write to the pv, and delete all created resources">

<skipped/>

</testcase>


-<testcase time="0" classname="Kubernetes e2e suite" name="[k8s.io] [Feature:Example] [k8s.io] Liveness liveness pods should be automatically restarted">

<skipped/>

</testcase>


-<testcase time="0" classname="Kubernetes e2e suite" name="[k8s.io] [sig-node] Mount propagation should propagate mounts to the host">

<skipped/>

</testcase>


-<testcase time="0" classname="Kubernetes e2e suite" name="[sig-storage] In-tree Volumes [Driver: hostPathSymlink] [Testpattern: Dynamic PV (default fs)] subPath should fail if subpath file is outside the volume [Slow]">

<skipped/>

</testcase>


-<testcase time="0" classname="Kubernetes e2e suite" name="[sig-storage] In-tree Volumes [Driver: nfs] [Testpattern: Pre-provisioned PV (xfs)] volumes should be mountable">

<skipped/>

</testcase>


-<testcase time="0" classname="Kubernetes e2e suite" name="[sig-storage] In-tree Volumes [Driver: ceph][Feature:Volumes] [Testpattern: Inline-volume (ext3)] volumes should be mountable">

<skipped/>

</testcase>


-<testcase time="0" classname="Kubernetes e2e suite" name="[sig-storage] In-tree Volumes [Driver: azure] [Testpattern: Dynamic PV (default fs)] provisioning should provision storage with defaults">

<skipped/>

</testcase>


-<testcase time="0" classname="Kubernetes e2e suite" name="[sig-storage] In-tree Volumes [Driver: rbd][Feature:Volumes] [Testpattern: Inline-volume (default fs)] volumeIO should write files of various sizes, verify size, validate content [Slow]">

<skipped/>

</testcase>


-<testcase time="0" classname="Kubernetes e2e suite" name="[sig-storage] In-tree Volumes [Driver: gcepd] [Testpattern: Dynamic PV (default fs)] subPath should support creating multiple subpath from same volumes [Slow]">

<skipped/>

</testcase>


-<testcase time="0" classname="Kubernetes e2e suite" name="[sig-storage] In-tree Volumes [Driver: azure] [Testpattern: Dynamic PV (filesystem volmode)] volumeMode should create sc, pod, pv, and pvc, read/write to the pv, and delete all created resources">

<skipped/>

</testcase>


-<testcase time="0" classname="Kubernetes e2e suite" name="[sig-storage] In-tree Volumes [Driver: cinder] [Testpattern: Inline-volume (default fs)] subPath should support readOnly file specified in the volumeMount">

<skipped/>

</testcase>


-<testcase time="0" classname="Kubernetes e2e suite" name="[sig-storage] In-tree Volumes [Driver: hostPath] [Testpattern: Inline-volume (default fs)] subPath should support readOnly directory specified in the volumeMount">

<skipped/>

</testcase>


-<testcase time="0" classname="Kubernetes e2e suite" name="[sig-apps] Job should run a job to completion when tasks sometimes fail and are locally restarted">

<skipped/>

</testcase>

<testcase time="66.283675586" classname="Kubernetes e2e suite" name="[sig-api-machinery] Watchers should observe add, update, and delete watch notifications on configmaps [Conformance]"/>


-<testcase time="0" classname="Kubernetes e2e suite" name="[sig-storage] In-tree Volumes [Driver: vSphere] [Testpattern: Pre-provisioned PV (default fs)] subPath should support creating multiple subpath from same volumes [Slow]">

<skipped/>

</testcase>


-<testcase time="0" classname="Kubernetes e2e suite" name="[sig-storage] CSI Volumes [Driver: csi-hostpath-v0] [Testpattern: Dynamic PV (default fs)] subPath should support file as subpath">

<skipped/>

</testcase>


-<testcase time="0" classname="Kubernetes e2e suite" name="[sig-apps] CronJob should not schedule jobs when suspended [Slow]">

<skipped/>

</testcase>


-<testcase time="0" classname="Kubernetes e2e suite" name="[sig-storage] In-tree Volumes [Driver: azure] [Testpattern: Inline-volume (default fs)] subPath should fail if subpath directory is outside the volume [Slow]">

<skipped/>

</testcase>


-<testcase time="0" classname="Kubernetes e2e suite" name="[k8s.io] [sig-node] RuntimeClass [Feature:RuntimeClass] should reject a Pod requesting a deleted RuntimeClass">

<skipped/>

</testcase>


-<testcase time="0" classname="Kubernetes e2e suite" name="[sig-storage] PersistentVolumes-local [Volume type: dir-link] One pod requesting one prebound PVC should be able to mount volume and read from pod1">

<skipped/>

</testcase>


-<testcase time="0" classname="Kubernetes e2e suite" name="[sig-storage] In-tree Volumes [Driver: vSphere] [Testpattern: Dynamic PV (default fs)] subPath should fail if non-existent subpath is outside the volume [Slow]">

<skipped/>

</testcase>


-<testcase time="0" classname="Kubernetes e2e suite" name="[sig-storage] PersistentVolumes-local [Volume type: blockfswithformat] Set fsGroup for local volume should set same fsGroup for two pods simultaneously">

<skipped/>

</testcase>


-<testcase time="0" classname="Kubernetes e2e suite" name="[sig-storage] In-tree Volumes [Driver: gcepd] [Testpattern: Pre-provisioned PV (default fs)] subPath should unmount if pod is force deleted while kubelet is down [Disruptive][Slow]">

<skipped/>

</testcase>


-<testcase time="0" classname="Kubernetes e2e suite" name="[sig-scalability] Density [Feature:ManualPerformance] should allow starting 50 pods per node using ReplicationController with 0 secrets, 0 configmaps, 0 token projections, and 0 daemons">

<skipped/>

</testcase>


-<testcase time="0" classname="Kubernetes e2e suite" name="[sig-auth] [Feature:NodeAuthorizer] Getting an existing secret should exit with the Forbidden error">

<skipped/>

</testcase>


-<testcase time="0" classname="Kubernetes e2e suite" name="[sig-storage] In-tree Volumes [Driver: ceph][Feature:Volumes] [Testpattern: Pre-provisioned PV (default fs)] volumes should be mountable">

<skipped/>

</testcase>


-<testcase time="0" classname="Kubernetes e2e suite" name="[sig-storage] In-tree Volumes [Driver: nfs] [Testpattern: Pre-provisioned PV (default fs)] subPath should fail if subpath with backstepping is outside the volume [Slow]">

<skipped/>

</testcase>


-<testcase time="0" classname="Kubernetes e2e suite" name="[sig-storage] In-tree Volumes [Driver: cinder] [Testpattern: Inline-volume (default fs)] subPath should support file as subpath">

<skipped/>

</testcase>


-<testcase time="0" classname="Kubernetes e2e suite" name="[sig-storage] In-tree Volumes [Driver: hostPath] [Testpattern: Inline-volume (default fs)] subPath should support existing directories when readOnly specified in the volumeSource">

<skipped/>

</testcase>


-<testcase time="0" classname="Kubernetes e2e suite" name="[sig-storage] In-tree Volumes [Driver: azure] [Testpattern: Inline-volume (default fs)] subPath should unmount if pod is gracefully deleted while kubelet is down [Disruptive][Slow]">

<skipped/>

</testcase>


-<testcase time="0" classname="Kubernetes e2e suite" name="[sig-storage] In-tree Volumes [Driver: nfs] [Testpattern: Inline-volume (default fs)] subPath should support readOnly file specified in the volumeMount">

<skipped/>

</testcase>

<testcase time="156.464612738" classname="Kubernetes e2e suite" name="[k8s.io] Probing container should have monotonically increasing restart count [Slow][NodeConformance] [Conformance]"/>


-<testcase time="0" classname="Kubernetes e2e suite" name="[sig-storage] NFSPersistentVolumes[Disruptive][Flaky] when kubelet restarts Should test that a file written to the mount before kubelet restart is readable after restart.">

<skipped/>

</testcase>


-<testcase time="0" classname="Kubernetes e2e suite" name="[sig-api-machinery] AdmissionWebhook Should deny crd creation">

<skipped/>

</testcase>

<testcase time="8.250908611" classname="Kubernetes e2e suite" name="[sig-storage] ConfigMap should be consumable from pods in volume with mappings and Item mode set [NodeConformance] [Conformance]"/>


-<testcase time="0" classname="Kubernetes e2e suite" name="[sig-apps] DisruptionController evictions: enough pods, absolute => should allow an eviction">

<skipped/>

</testcase>


-<testcase time="0" classname="Kubernetes e2e suite" name="[sig-api-machinery] Namespaces [Serial] should delete fast enough (90 percent of 100 namespaces in 150 seconds)">

<skipped/>

</testcase>


-<testcase time="0" classname="Kubernetes e2e suite" name="[sig-storage] PersistentVolumes-local [Volume type: blockfswithformat] One pod requesting one prebound PVC should be able to mount volume and read from pod1">

<skipped/>

</testcase>


-<testcase time="0" classname="Kubernetes e2e suite" name="[sig-storage] In-tree Volumes [Driver: rbd][Feature:Volumes] [Testpattern: Dynamic PV (default fs)] provisioning should provision storage with defaults">

<skipped/>

</testcase>


-<testcase time="0" classname="Kubernetes e2e suite" name="[sig-storage] PersistentVolumes-local StatefulSet with pod affinity [Slow] should use volumes on one node when pod has affinity">

<skipped/>

</testcase>


-<testcase time="0" classname="Kubernetes e2e suite" name="[sig-storage] In-tree Volumes [Driver: ceph][Feature:Volumes] [Testpattern: Inline-volume (default fs)] subPath should support file as subpath">

<skipped/>

</testcase>


-<testcase time="0" classname="Kubernetes e2e suite" name="[sig-storage] In-tree Volumes [Driver: hostPathSymlink] [Testpattern: Pre-provisioned PV (default fs)] subPath should support readOnly directory specified in the volumeMount">

<skipped/>

</testcase>


-<testcase time="0" classname="Kubernetes e2e suite" name="[sig-storage] In-tree Volumes [Driver: gluster] [Testpattern: Pre-provisioned PV (xfs)] volumes should be mountable">

<skipped/>

</testcase>


-<testcase time="0" classname="Kubernetes e2e suite" name="[sig-storage] PersistentVolumes-local [Volume type: gce-localssd-scsi-fs] [Serial] One pod requesting one prebound PVC should be able to mount volume and read from pod1">

<skipped/>

</testcase>


-<testcase time="0" classname="Kubernetes e2e suite" name="[sig-storage] In-tree Volumes [Driver: nfs] [Testpattern: Pre-provisioned PV (filesystem volmode)] volumeMode should create sc, pod, pv, and pvc, read/write to the pv, and delete all created resources">

<skipped/>

</testcase>


-<testcase time="0" classname="Kubernetes e2e suite" name="[sig-storage] In-tree Volumes [Driver: ceph][Feature:Volumes] [Testpattern: Dynamic PV (default fs)] subPath should support restarting containers using directory as subpath [Slow]">

<skipped/>

</testcase>


-<testcase time="0" classname="Kubernetes e2e suite" name="[sig-cluster-lifecycle] Nodes [Disruptive] Resize [Slow] should be able to add nodes">

<skipped/>

</testcase>


-<testcase time="0" classname="Kubernetes e2e suite" name="[sig-apps] Deployment test Deployment ReplicaSet orphaning and adoption regarding controllerRef">

<skipped/>

</testcase>


-<testcase time="0" classname="Kubernetes e2e suite" name="[sig-scheduling] ResourceQuota [Feature:PodPriority] should verify ResourceQuota's priority class scope (quota set to pod count: 1) against 2 pods with different priority class.">

<skipped/>

</testcase>


-<testcase time="0" classname="Kubernetes e2e suite" name="[sig-scheduling] PodPriorityResolution [Serial] validates critical system priorities are created and resolved">

<skipped/>

</testcase>


-<testcase time="0" classname="Kubernetes e2e suite" name="[sig-storage] In-tree Volumes [Driver: iscsi][Feature:Volumes] [Testpattern: Pre-provisioned PV (default fs)] volumeIO should write files of various sizes, verify size, validate content [Slow]">

<skipped/>

</testcase>


-<testcase time="0" classname="Kubernetes e2e suite" name="[sig-storage] PersistentVolumes NFS with Single PV - PVC pairs should create a non-pre-bound PV and PVC: test write access ">

<skipped/>

</testcase>


-<testcase time="0" classname="Kubernetes e2e suite" name="[sig-storage] In-tree Volumes [Driver: rbd][Feature:Volumes] [Testpattern: Pre-provisioned PV (default fs)] subPath should support existing directories when readOnly specified in the volumeSource">

<skipped/>

</testcase>


-<testcase time="0" classname="Kubernetes e2e suite" name="[sig-storage] PersistentVolumes-local [Volume type: blockfswithoutformat] Two pods mounting a local volume one after the other should be able to write from pod1 and read from pod2">

<skipped/>

</testcase>


-<testcase time="0" classname="Kubernetes e2e suite" name="[sig-storage] In-tree Volumes [Driver: rbd][Feature:Volumes] [Testpattern: Pre-provisioned PV (default fs)] subPath should support restarting containers using file as subpath [Slow]">

<skipped/>

</testcase>


-<testcase time="0" classname="Kubernetes e2e suite" name="[sig-apps] ReplicationController should surface a failure condition on a common issue like exceeded quota">

<skipped/>

</testcase>


-<testcase time="0" classname="Kubernetes e2e suite" name="[sig-storage] In-tree Volumes [Driver: ceph][Feature:Volumes] [Testpattern: Inline-volume (default fs)] subPath should support existing single file">

<skipped/>

</testcase>

<testcase time="9.463747972" classname="Kubernetes e2e suite" name="[sig-scheduling] SchedulerPredicates [Serial] validates resource limits of pods that are allowed to run [Conformance]"/>


-<testcase time="0" classname="Kubernetes e2e suite" name="[sig-storage] Dynamic Provisioning DynamicProvisioner [Slow] should not provision a volume in an unmanaged GCE zone.">

<skipped/>

</testcase>


-<testcase time="0" classname="Kubernetes e2e suite" name="[sig-network] [Feature:PerformanceDNS][Serial] Should answer DNS query for maximum number of services per cluster">

<skipped/>

</testcase>

<testcase time="8.242571538" classname="Kubernetes e2e suite" name="[k8s.io] Variable Expansion should allow substituting values in a container's args [NodeConformance] [Conformance]"/>

<testcase time="8.257003776" classname="Kubernetes e2e suite" name="[sig-storage] Secrets should be consumable from pods in volume as non-root with defaultMode and fsGroup set [NodeConformance] [Conformance]"/>


-<testcase time="0" classname="Kubernetes e2e suite" name="[sig-cluster-lifecycle] gpu Upgrade [Feature:GPUUpgrade] cluster downgrade should be able to run gpu pod after downgrade [Feature:GPUClusterDowngrade]">

<skipped/>

</testcase>


-<testcase time="0" classname="Kubernetes e2e suite" name="[sig-storage] In-tree Volumes [Driver: hostPath] [Testpattern: Dynamic PV (default fs)] provisioning should create and delete block persistent volumes">

<skipped/>

</testcase>


-<testcase time="0" classname="Kubernetes e2e suite" name="[sig-storage] In-tree Volumes [Driver: hostPathSymlink] [Testpattern: Inline-volume (default fs)] subPath should support file as subpath">

<skipped/>

</testcase>


-<testcase time="0" classname="Kubernetes e2e suite" name="[sig-storage] In-tree Volumes [Driver: azure] [Testpattern: Inline-volume (default fs)] subPath should support readOnly directory specified in the volumeMount">

<skipped/>

</testcase>


-<testcase time="0" classname="Kubernetes e2e suite" name="[sig-auth] PodSecurityPolicy should allow pods under the privileged policy.PodSecurityPolicy">

<skipped/>

</testcase>


-<testcase time="0" classname="Kubernetes e2e suite" name="[k8s.io] Container Runtime blackbox test when starting a container that exits should report termination message from file when pod succeeds and TerminationMessagePolicy FallbackToLogOnError is set [NodeConformance]">

<skipped/>

</testcase>


-<testcase time="0" classname="Kubernetes e2e suite" name="[sig-storage] In-tree Volumes [Driver: vSphere] [Testpattern: Pre-provisioned PV (default fs)] subPath should fail if subpath file is outside the volume [Slow]">

<skipped/>

</testcase>


-<testcase time="0" classname="Kubernetes e2e suite" name="[sig-storage] In-tree Volumes [Driver: hostPathSymlink] [Testpattern: Dynamic PV (default fs)] subPath should support existing single file">

<skipped/>

</testcase>


-<testcase time="0" classname="Kubernetes e2e suite" name="[sig-storage] In-tree Volumes [Driver: aws] [Testpattern: Inline-volume (ext3)] volumes should be mountable">

<skipped/>

</testcase>


-<testcase time="0" classname="Kubernetes e2e suite" name="[sig-storage] In-tree Volumes [Driver: iscsi][Feature:Volumes] [Testpattern: Inline-volume (default fs)] subPath should fail if subpath directory is outside the volume [Slow]">

<skipped/>

</testcase>


-<testcase time="0" classname="Kubernetes e2e suite" name="[sig-storage] In-tree Volumes [Driver: hostPathSymlink] [Testpattern: Inline-volume (default fs)] subPath should support readOnly directory specified in the volumeMount">

<skipped/>

</testcase>


-<testcase time="0" classname="Kubernetes e2e suite" name="[sig-storage] In-tree Volumes [Driver: azure] [Testpattern: Dynamic PV (default fs)] subPath should support restarting containers using directory as subpath [Slow]">

<skipped/>

</testcase>

<testcase time="135.28238455" classname="Kubernetes e2e suite" name="[sig-apps] Daemon set [Serial] should update pod when spec was updated and update strategy is RollingUpdate [Conformance]"/>


-<testcase time="0" classname="Kubernetes e2e suite" name="[sig-storage] In-tree Volumes [Driver: aws] [Testpattern: Pre-provisioned PV (default fs)] subPath should support readOnly file specified in the volumeMount">

<skipped/>

</testcase>


-<testcase time="0" classname="Kubernetes e2e suite" name="[sig-api-machinery] Servers with support for Table transformation should return a 406 for a backend which does not implement metadata">

<skipped/>

</testcase>


-<testcase time="0" classname="Kubernetes e2e suite" name="[sig-scalability] Density [Feature:HighDensityPerformance] should allow starting 95 pods per node using ReplicationController with 0 secrets, 0 configmaps, 0 token projections, and 0 daemons">

<skipped/>

</testcase>


-<testcase time="0" classname="Kubernetes e2e suite" name="[sig-storage] In-tree Volumes [Driver: gluster] [Testpattern: Dynamic PV (default fs)] subPath should fail if subpath file is outside the volume [Slow]">

<skipped/>

</testcase>


-<testcase time="0" classname="Kubernetes e2e suite" name="[sig-storage] In-tree Volumes [Driver: iscsi][Feature:Volumes] [Testpattern: Dynamic PV (default fs)] subPath should fail if subpath with backstepping is outside the volume [Slow]">

<skipped/>

</testcase>


-<testcase time="0" classname="Kubernetes e2e suite" name="[sig-storage] PersistentVolumes-local [Volume type: blockfswithformat] Set fsGroup for local volume should set fsGroup for one pod">

<skipped/>

</testcase>


-<testcase time="0" classname="Kubernetes e2e suite" name="[sig-storage] In-tree Volumes [Driver: rbd][Feature:Volumes] [Testpattern: Pre-provisioned PV (ext3)] volumes should be mountable">

<skipped/>

</testcase>


-<testcase time="0" classname="Kubernetes e2e suite" name="[sig-storage] PersistentVolumes-local StatefulSet with pod affinity [Slow] should use volumes on one node when pod management is parallel and pod has affinity">

<skipped/>

</testcase>


-<testcase time="0" classname="Kubernetes e2e suite" name="[sig-cluster-lifecycle] HA-master [Feature:HAMaster] survive addition/removal replicas same zone [Serial][Disruptive]">

<skipped/>

</testcase>


-<testcase time="0" classname="Kubernetes e2e suite" name="[sig-autoscaling] [HPA] Horizontal pod autoscaling (scale resource: CPU) [sig-autoscaling] [Serial] [Slow] ReplicaSet Should scale from 1 pod to 3 pods and from 3 to 5">

<skipped/>

</testcase>


-<testcase time="0" classname="Kubernetes e2e suite" name="[sig-network] Loadbalancing: L7 Scalability GCE [Slow] [Serial] [Feature:IngressScale] Creating and updating ingresses should happen promptly with small/medium/large amount of ingresses">

<skipped/>

</testcase>

<testcase time="50.4719232" classname="Kubernetes e2e suite" name="[sig-cli] Kubectl client [k8s.io] Update Demo should do a rolling update of a replication controller [Conformance]"/>

<testcase time="14.054817948" classname="Kubernetes e2e suite" name="[sig-cli] Kubectl client [k8s.io] Kubectl replace should update a single-container pod's image [Conformance]"/>


-<testcase time="0" classname="Kubernetes e2e suite" name="[sig-storage] In-tree Volumes [Driver: gcepd] [Testpattern: Dynamic PV (default fs)] provisioning should create and delete block persistent volumes">

<skipped/>

</testcase>


-<testcase time="0" classname="Kubernetes e2e suite" name="[sig-storage] In-tree Volumes [Driver: azure] [Testpattern: Inline-volume (default fs)] subPath should fail if subpath file is outside the volume [Slow]">

<skipped/>

</testcase>


-<testcase time="0" classname="Kubernetes e2e suite" name="[sig-apps] DisruptionController evictions: too few pods, absolute => should not allow an eviction">

<skipped/>

</testcase>


-<testcase time="0" classname="Kubernetes e2e suite" name="[sig-cli] Kubectl Port forwarding [k8s.io] With a server listening on localhost [k8s.io] that expects NO client request should support a client that connects, sends DATA, and disconnects">

<skipped/>

</testcase>


-<testcase time="0" classname="Kubernetes e2e suite" name="[sig-scalability] Density [Feature:ManualPerformance] should allow starting 30 pods per node using ReplicationController with 0 secrets, 0 configmaps, 0 token projections, and 0 daemons with quotas">

<skipped/>

</testcase>


-<testcase time="0" classname="Kubernetes e2e suite" name="[sig-storage] In-tree Volumes [Driver: aws] [Testpattern: Dynamic PV (default fs)] subPath should unmount if pod is force deleted while kubelet is down [Disruptive][Slow]">

<skipped/>

</testcase>


-<testcase time="0" classname="Kubernetes e2e suite" name="[sig-storage] In-tree Volumes [Driver: ceph][Feature:Volumes] [Testpattern: Pre-provisioned PV (default fs)] subPath should fail if subpath with backstepping is outside the volume [Slow]">

<skipped/>

</testcase>


-<testcase time="0" classname="Kubernetes e2e suite" name="[sig-scalability] Density [Feature:ManualPerformance] should allow starting 30 pods per node using Deployment.extensions with 0 secrets, 2 configmaps, 0 token projections, and 0 daemons">

<skipped/>

</testcase>


-<testcase time="0" classname="Kubernetes e2e suite" name="[sig-storage] In-tree Volumes [Driver: gcepd] [Testpattern: Dynamic PV (default fs)] subPath should unmount if pod is force deleted while kubelet is down [Disruptive][Slow]">

<skipped/>

</testcase>


-<testcase time="0" classname="Kubernetes e2e suite" name="[sig-storage] Regional PD RegionalPD should provision storage with delayed binding [Slow]">

<skipped/>

</testcase>

<testcase time="57.33827822" classname="Kubernetes e2e suite" name="[sig-apps] StatefulSet [k8s.io] Basic StatefulSet functionality [StatefulSetBasic] Burst scaling should run to completion even with unhealthy pods [Conformance]"/>


-<testcase time="0" classname="Kubernetes e2e suite" name="[sig-scheduling] LimitRange should create a LimitRange with defaults and ensure pod has those defaults applied.">

<skipped/>

</testcase>


-<testcase time="0" classname="Kubernetes e2e suite" name="[sig-storage] In-tree Volumes [Driver: cinder] [Testpattern: Dynamic PV (block volmode)] volumeMode should fail in binding dynamic provisioned PV to PVC">

<skipped/>

</testcase>


-<testcase time="0" classname="Kubernetes e2e suite" name="[sig-storage] In-tree Volumes [Driver: iscsi][Feature:Volumes] [Testpattern: Dynamic PV (default fs)] subPath should fail if subpath directory is outside the volume [Slow]">

<skipped/>

</testcase>

<testcase time="8.248922319" classname="Kubernetes e2e suite" name="[sig-storage] Projected downwardAPI should set mode on item file [NodeConformance] [Conformance]"/>


-<testcase time="0" classname="Kubernetes e2e suite" name="[sig-storage] In-tree Volumes [Driver: hostPathSymlink] [Testpattern: Dynamic PV (default fs)] subPath should support existing directories when readOnly specified in the volumeSource">

<skipped/>

</testcase>


-<testcase time="0" classname="Kubernetes e2e suite" name="[sig-storage] In-tree Volumes [Driver: nfs] [Testpattern: Pre-provisioned PV (default fs)] subPath should fail if non-existent subpath is outside the volume [Slow]">

<skipped/>

</testcase>


-<testcase time="0" classname="Kubernetes e2e suite" name="[sig-storage] CSI Volumes [Driver: csi-hostpath-v0] [Testpattern: Dynamic PV (default fs)] subPath should support existing single file">

<skipped/>

</testcase>


-<testcase time="0" classname="Kubernetes e2e suite" name="[sig-storage] In-tree Volumes [Driver: ceph][Feature:Volumes] [Testpattern: Dynamic PV (block volmode)] volumeMode should fail in binding dynamic provisioned PV to PVC">

<skipped/>

</testcase>


-<testcase time="0" classname="Kubernetes e2e suite" name="[sig-storage] In-tree Volumes [Driver: rbd][Feature:Volumes] [Testpattern: Pre-provisioned PV (block volmode)] volumeMode should create sc, pod, pv, and pvc, read/write to the pv, and delete all created resources">

<skipped/>

</testcase>


-<testcase time="0" classname="Kubernetes e2e suite" name="[sig-storage] In-tree Volumes [Driver: nfs] [Testpattern: Dynamic PV (default fs)] subPath should fail if subpath directory is outside the volume [Slow]">

<skipped/>

</testcase>


-<testcase time="0" classname="Kubernetes e2e suite" name="[sig-storage] In-tree Volumes [Driver: cinder] [Testpattern: Pre-provisioned PV (default fs)] volumes should be mountable">

<skipped/>

</testcase>


-<testcase time="0" classname="Kubernetes e2e suite" name="[sig-storage] In-tree Volumes [Driver: cinder] [Testpattern: Pre-provisioned PV (default fs)] volumeIO should write files of various sizes, verify size, validate content [Slow]">

<skipped/>

</testcase>


-<testcase time="0" classname="Kubernetes e2e suite" name="[sig-cli] Kubectl client [k8s.io] Kubectl apply apply set/view last-applied">

<skipped/>

</testcase>


-<testcase time="0" classname="Kubernetes e2e suite" name="[sig-storage] PersistentVolumes-local [Volume type: dir] Two pods mounting a local volume one after the other should be able to write from pod1 and read from pod2">

<skipped/>

</testcase>


-<testcase time="0" classname="Kubernetes e2e suite" name="[sig-storage] In-tree Volumes [Driver: azure] [Testpattern: Pre-provisioned PV (default fs)] subPath should fail if subpath with backstepping is outside the volume [Slow]">

<skipped/>

</testcase>


-<testcase time="0" classname="Kubernetes e2e suite" name="[sig-cluster-lifecycle] gpu Upgrade [Feature:GPUUpgrade] master upgrade should NOT disrupt gpu pod [Feature:GPUMasterUpgrade]">

<skipped/>

</testcase>


-<testcase time="0" classname="Kubernetes e2e suite" name="[sig-storage] HostPath should support r/w [NodeConformance]">

<skipped/>

</testcase>

<testcase time="29.299163921" classname="Kubernetes e2e suite" name="[sig-apps] Deployment deployment should support rollover [Conformance]"/>


-<testcase time="0" classname="Kubernetes e2e suite" name="[sig-storage] In-tree Volumes [Driver: cinder] [Testpattern: Inline-volume (default fs)] volumes should be mountable">

<skipped/>

</testcase>


-<testcase time="0" classname="Kubernetes e2e suite" name="[k8s.io] [sig-node] Pods Extended [k8s.io] Delete Grace Period should be submitted and removed [Flaky]">

<skipped/>

</testcase>


-<testcase time="0" classname="Kubernetes e2e suite" name="[sig-storage] Storage Policy Based Volume Provisioning [Feature:vsphere] verify VSAN storage capability with invalid hostFailuresToTolerate value is not honored for dynamically provisioned pvc using storageclass">

<skipped/>

</testcase>


-<testcase time="0" classname="Kubernetes e2e suite" name="[sig-storage] CSI Volumes [Driver: pd.csi.storage.gke.io][Feature: gcePD-external] [Testpattern: Dynamic PV (default fs)] subPath should fail if subpath with backstepping is outside the volume [Slow]">

<skipped/>

</testcase>


-<testcase time="0" classname="Kubernetes e2e suite" name="[sig-apps] CronJob should remove from active list jobs that have been deleted">

<skipped/>

</testcase>


-<testcase time="0" classname="Kubernetes e2e suite" name="[sig-storage] In-tree Volumes [Driver: hostPathSymlink] [Testpattern: Dynamic PV (default fs)] subPath should fail if subpath directory is outside the volume [Slow]">

<skipped/>

</testcase>

<testcase time="90.652576001" classname="Kubernetes e2e suite" name="[sig-apps] Daemon set [Serial] should run and stop simple daemon [Conformance]"/>


-<testcase time="0" classname="Kubernetes e2e suite" name="[k8s.io] [Feature:NodeLease][NodeAlphaFeature:NodeLease] when the NodeLease feature is enabled the kubelet should create and update a lease in the kube-node-lease namespace">

<skipped/>

</testcase>


-<testcase time="0" classname="Kubernetes e2e suite" name="[sig-storage] In-tree Volumes [Driver: hostPathSymlink] [Testpattern: Pre-provisioned PV (default fs)] subPath should support existing directories when readOnly specified in the volumeSource">

<skipped/>

</testcase>


-<testcase time="0" classname="Kubernetes e2e suite" name="[sig-node] ConfigMap should fail to create configMap in volume due to empty configmap key">

<skipped/>

</testcase>


-<testcase time="0" classname="Kubernetes e2e suite" name="[sig-storage] In-tree Volumes [Driver: ceph][Feature:Volumes] [Testpattern: Dynamic PV (ext3)] volumes should be mountable">

<skipped/>

</testcase>


-<testcase time="0" classname="Kubernetes e2e suite" name="[sig-storage] In-tree Volumes [Driver: hostPath] [Testpattern: Pre-provisioned PV (default fs)] subPath should support file as subpath">

<skipped/>

</testcase>


-<testcase time="0" classname="Kubernetes e2e suite" name="[sig-storage] CSI Volumes [Driver: csi-hostpath-v0] [Testpattern: Dynamic PV (default fs)] subPath should support creating multiple subpath from same volumes [Slow]">

<skipped/>

</testcase>


-<testcase time="0" classname="Kubernetes e2e suite" name="[sig-scalability] Load capacity [Feature:ManualPerformance] should be able to handle 30 pods per node ReplicationController with 0 secrets, 0 configmaps and 0 daemons with quotas">

<skipped/>

</testcase>


-<testcase time="0" classname="Kubernetes e2e suite" name="[sig-storage] In-tree Volumes [Driver: nfs] [Testpattern: Pre-provisioned PV (default fs)] subPath should unmount if pod is gracefully deleted while kubelet is down [Disruptive][Slow]">

<skipped/>

</testcase>


-<testcase time="0" classname="Kubernetes e2e suite" name="[sig-network] DNS configMap nameserver [IPv4] Forward external name lookup should forward externalname lookup to upstream nameserver [Slow][Serial]">

<skipped/>

</testcase>


-<testcase time="0" classname="Kubernetes e2e suite" name="[sig-storage] In-tree Volumes [Driver: cinder] [Testpattern: Dynamic PV (ext4)] volumes should be mountable">

<skipped/>

</testcase>


-<testcase time="0" classname="Kubernetes e2e suite" name="[sig-cli] Kubectl client [k8s.io] Simple pod should support exec through an HTTP proxy">

<skipped/>

</testcase>


-<testcase time="0" classname="Kubernetes e2e suite" name="[sig-storage] In-tree Volumes [Driver: rbd][Feature:Volumes] [Testpattern: Dynamic PV (default fs)] subPath should fail if subpath with backstepping is outside the volume [Slow]">

<skipped/>

</testcase>


-<testcase time="0" classname="Kubernetes e2e suite" name="[sig-storage] GCP Volumes NFSv4 should be mountable for NFSv4">

<skipped/>

</testcase>


-<testcase time="0" classname="Kubernetes e2e suite" name="[sig-storage] In-tree Volumes [Driver: hostPathSymlink] [Testpattern: Inline-volume (default fs)] subPath should unmount if pod is gracefully deleted while kubelet is down [Disruptive][Slow]">

<skipped/>

</testcase>


-<testcase time="0" classname="Kubernetes e2e suite" name="[sig-storage] In-tree Volumes [Driver: iscsi][Feature:Volumes] [Testpattern: Inline-volume (default fs)] subPath should support creating multiple subpath from same volumes [Slow]">

<skipped/>

</testcase>


-<testcase time="0" classname="Kubernetes e2e suite" name="[sig-storage] NFSPersistentVolumes[Disruptive][Flaky] when kube-controller-manager restarts should delete a bound PVC from a clientPod, restart the kube-control-manager, and ensure the kube-controller-manager does not crash">

<skipped/>

</testcase>


-<testcase time="0" classname="Kubernetes e2e suite" name="[k8s.io] Container Runtime blackbox test when starting a container that exits should report termination message as empty when pod succeeds and TerminationMessagePolicy FallbackToLogOnError is set [NodeConformance]">

<skipped/>

</testcase>


-<testcase time="0" classname="Kubernetes e2e suite" name="[sig-storage] CSI Volumes [Driver: pd.csi.storage.gke.io][Serial] [Testpattern: Dynamic PV (default fs)] subPath should support restarting containers using file as subpath [Slow]">

<skipped/>

</testcase>


-<testcase time="0" classname="Kubernetes e2e suite" name="[k8s.io] [sig-node] Security Context [Feature:SecurityContext] should support seccomp default which is unconfined [Feature:Seccomp]">

<skipped/>

</testcase>


-<testcase time="0" classname="Kubernetes e2e suite" name="[sig-storage] Storage Policy Based Volume Provisioning [Feature:vsphere] verify VSAN storage capability with valid diskStripes and objectSpaceReservation values and a VSAN datastore is honored for dynamically provisioned pvc using storageclass">

<skipped/>

</testcase>

<testcase time="10.252768373" classname="Kubernetes e2e suite" name="[sig-storage] EmptyDir volumes should support (non-root,0777,tmpfs) [NodeConformance] [Conformance]"/>

<testcase time="8.247403487" classname="Kubernetes e2e suite" name="[sig-storage] Projected downwardAPI should provide node allocatable (cpu) as default cpu limit if the limit is not set [NodeConformance] [Conformance]"/>

<testcase time="8.247726066" classname="Kubernetes e2e suite" name="[sig-storage] Projected downwardAPI should provide container's memory request [NodeConformance] [Conformance]"/>


-<testcase time="0" classname="Kubernetes e2e suite" name="[sig-storage] In-tree Volumes [Driver: cinder] [Testpattern: Inline-volume (default fs)] subPath should unmount if pod is force deleted while kubelet is down [Disruptive][Slow]">

<skipped/>

</testcase>


-<testcase time="0" classname="Kubernetes e2e suite" name="[sig-cluster-lifecycle] Upgrade [Feature:Upgrade] node upgrade should maintain a functioning cluster [Feature:NodeUpgrade]">

<skipped/>

</testcase>


-<testcase time="0" classname="Kubernetes e2e suite" name="[sig-storage] In-tree Volumes [Driver: vSphere] [Testpattern: Inline-volume (default fs)] subPath should support file as subpath">

<skipped/>

</testcase>


-<testcase time="0" classname="Kubernetes e2e suite" name="[sig-storage] In-tree Volumes [Driver: gluster] [Testpattern: Dynamic PV (default fs)] subPath should fail if non-existent subpath is outside the volume [Slow]">

<skipped/>

</testcase>


-<testcase time="0" classname="Kubernetes e2e suite" name="[sig-storage] In-tree Volumes [Driver: vSphere] [Testpattern: Dynamic PV (default fs)] subPath should fail if subpath directory is outside the volume [Slow]">

<skipped/>

</testcase>


-<testcase time="0" classname="Kubernetes e2e suite" name="[sig-storage] In-tree Volumes [Driver: gluster] [Testpattern: Pre-provisioned PV (default fs)] volumes should be mountable">

<skipped/>

</testcase>


-<testcase time="0" classname="Kubernetes e2e suite" name="[sig-storage] CSI Volumes CSI attach test using HostPath driver [Feature:CSIDriverRegistry] non-attachable volume does not need VolumeAttachment">

<skipped/>

</testcase>


-<testcase time="0" classname="Kubernetes e2e suite" name="[sig-network] Networking Granular Checks: Services [Slow] should function for pod-Service: http">

<skipped/>

</testcase>


-<testcase time="0" classname="Kubernetes e2e suite" name="[k8s.io] Variable Expansion should allow substituting values in a volume subpath [Feature:VolumeSubpathEnvExpansion][NodeAlphaFeature:VolumeSubpathEnvExpansion]">

<skipped/>

</testcase>


-<testcase time="0" classname="Kubernetes e2e suite" name="[sig-storage] GCP Volumes NFSv3 should be mountable for NFSv3">

<skipped/>

</testcase>


-<testcase time="0" classname="Kubernetes e2e suite" name="[sig-storage] Projected secret should be able to mount in a volume regardless of a different secret existing with same name in different namespace [NodeConformance]">

<skipped/>

</testcase>


-<testcase time="0" classname="Kubernetes e2e suite" name="[sig-storage] CSI Volumes [Driver: pd.csi.storage.gke.io][Feature: gcePD-external] [Testpattern: Dynamic PV (default fs)] subPath should support existing single file">

<skipped/>

</testcase>


-<testcase time="0" classname="Kubernetes e2e suite" name="[sig-apps] DaemonRestart [Disruptive] Scheduler should continue assigning pods to nodes across restart">

<skipped/>

</testcase>


-<testcase time="0" classname="Kubernetes e2e suite" name="[sig-storage] In-tree Volumes [Driver: nfs] [Testpattern: Dynamic PV (default fs)] subPath should support restarting containers using file as subpath [Slow]">

<skipped/>

</testcase>


-<testcase time="0" classname="Kubernetes e2e suite" name="[sig-network] Services should have session affinity work for service with type clusterIP">

<skipped/>

</testcase>


-<testcase time="0" classname="Kubernetes e2e suite" name="[sig-storage] In-tree Volumes [Driver: emptydir] [Testpattern: Dynamic PV (default fs)] provisioning should create and delete block persistent volumes">

<skipped/>

</testcase>


-<testcase time="0" classname="Kubernetes e2e suite" name="[sig-storage] In-tree Volumes [Driver: azure] [Testpattern: Inline-volume (default fs)] subPath should fail if non-existent subpath is outside the volume [Slow]">

<skipped/>

</testcase>


-<testcase time="0" classname="Kubernetes e2e suite" name="[sig-apps] ReplicationController should serve a basic image on each replica with a private image">

<skipped/>

</testcase>


-<testcase time="0" classname="Kubernetes e2e suite" name="[sig-instrumentation] Stackdriver Monitoring should run Custom Metrics - Stackdriver Adapter for new resource model [Feature:StackdriverCustomMetrics]">

<skipped/>

</testcase>

<testcase time="8.26007889" classname="Kubernetes e2e suite" name="[sig-storage] ConfigMap should be consumable from pods in volume with mappings [NodeConformance] [Conformance]"/>


-<testcase time="0" classname="Kubernetes e2e suite" name="[sig-storage] In-tree Volumes [Driver: ceph][Feature:Volumes] [Testpattern: Dynamic PV (default fs)] subPath should support non-existent path">

<skipped/>

</testcase>


-<testcase time="0" classname="Kubernetes e2e suite" name="[sig-storage] In-tree Volumes [Driver: cinder] [Testpattern: Dynamic PV (default fs)] subPath should fail if subpath directory is outside the volume [Slow]">

<skipped/>

</testcase>


-<testcase time="0" classname="Kubernetes e2e suite" name="[sig-storage] Storage Policy Based Volume Provisioning [Feature:vsphere] verify VSAN storage capability with non-vsan datastore is not honored for dynamically provisioned pvc using storageclass">

<skipped/>

</testcase>


-<testcase time="0" classname="Kubernetes e2e suite" name="[sig-storage] In-tree Volumes [Driver: aws] [Testpattern: Pre-provisioned PV (default fs)] subPath should fail if subpath with backstepping is outside the volume [Slow]">

<skipped/>

</testcase>


-<testcase time="0" classname="Kubernetes e2e suite" name="[sig-storage] In-tree Volumes [Driver: emptydir] [Testpattern: Dynamic PV (default fs)] subPath should support restarting containers using file as subpath [Slow]">

<skipped/>

</testcase>


-<testcase time="0" classname="Kubernetes e2e suite" name="[sig-storage] PersistentVolumes [Feature:ReclaimPolicy] [sig-storage] persistentvolumereclaim:vsphere should not detach and unmount PV when associated pvc with delete as reclaimPolicy is deleted when it is in use by the pod">

<skipped/>

</testcase>

<testcase time="56.220874311" classname="Kubernetes e2e suite" name="[k8s.io] Kubelet when scheduling a busybox command in a pod should print the output to logs [NodeConformance] [Conformance]"/>


-<testcase time="0" classname="Kubernetes e2e suite" name="[sig-storage] In-tree Volumes [Driver: gcepd] [Testpattern: Dynamic PV (block volmode)] volumeMode should create sc, pod, pv, and pvc, read/write to the pv, and delete all created resources">

<skipped/>

</testcase>


-<testcase time="0" classname="Kubernetes e2e suite" name="[sig-storage] In-tree Volumes [Driver: gluster] [Testpattern: Inline-volume (default fs)] subPath should support existing directories when readOnly specified in the volumeSource">

<skipped/>

</testcase>


-<testcase time="0" classname="Kubernetes e2e suite" name="[sig-storage] In-tree Volumes [Driver: aws] [Testpattern: Inline-volume (default fs)] volumeIO should write files of various sizes, verify size, validate content [Slow]">

<skipped/>

</testcase>


-<testcase time="0" classname="Kubernetes e2e suite" name="[sig-network] Networking Granular Checks: Services [Slow] should function for pod-Service: udp">

<skipped/>

</testcase>


-<testcase time="0" classname="Kubernetes e2e suite" name="[sig-storage] In-tree Volumes [Driver: gluster] [Testpattern: Pre-provisioned PV (block volmode)] volumeMode should fail to create pod by failing to mount volume">

<skipped/>

</testcase>


-<testcase time="0" classname="Kubernetes e2e suite" name="[sig-storage] PersistentVolumes-local Local volume provisioner [Serial] should discover dynamically created local persistent volume mountpoint in discovery directory">

<skipped/>

</testcase>


-<testcase time="0" classname="Kubernetes e2e suite" name="[sig-storage] GenericPersistentVolume[Disruptive] When kubelet restarts Should test that a file written to the mount before kubelet restart is readable after restart.">

<skipped/>

</testcase>


-<testcase time="0" classname="Kubernetes e2e suite" name="[sig-storage] In-tree Volumes [Driver: hostPath] [Testpattern: Pre-provisioned PV (default fs)] subPath should fail if non-existent subpath is outside the volume [Slow]">

<skipped/>

</testcase>


-<testcase time="0" classname="Kubernetes e2e suite" name="[sig-storage] In-tree Volumes [Driver: vSphere] [Testpattern: Pre-provisioned PV (block volmode)] volumeMode should fail to create pod by failing to mount volume">

<skipped/>

</testcase>


-<testcase time="0" classname="Kubernetes e2e suite" name="[sig-storage] In-tree Volumes [Driver: rbd][Feature:Volumes] [Testpattern: Dynamic PV (default fs)] volumes should be mountable">

<skipped/>

</testcase>


-<testcase time="0" classname="Kubernetes e2e suite" name="[sig-storage] PersistentVolumes-local [Volume type: gce-localssd-scsi-fs] [Serial] One pod requesting one prebound PVC should be able to mount volume and write from pod1">

<skipped/>

</testcase>


-<testcase time="0" classname="Kubernetes e2e suite" name="[sig-storage] In-tree Volumes [Driver: iscsi][Feature:Volumes] [Testpattern: Inline-volume (xfs)] volumes should be mountable">

<skipped/>

</testcase>


-<testcase time="0" classname="Kubernetes e2e suite" name="[sig-apps] DisruptionController evictions: too few pods, replicaSet, percentage => should not allow an eviction">

<skipped/>

</testcase>


-<testcase time="0" classname="Kubernetes e2e suite" name="[sig-storage] In-tree Volumes [Driver: aws] [Testpattern: Pre-provisioned PV (default fs)] subPath should support existing single file">

<skipped/>

</testcase>


-<testcase time="0" classname="Kubernetes e2e suite" name="[sig-storage] In-tree Volumes [Driver: emptydir] [Testpattern: Pre-provisioned PV (default fs)] subPath should support existing single file">

<skipped/>

</testcase>


-<testcase time="0" classname="Kubernetes e2e suite" name="[sig-storage] In-tree Volumes [Driver: emptydir] [Testpattern: Dynamic PV (ext4)] volumes should be mountable">

<skipped/>

</testcase>


-<testcase time="0" classname="Kubernetes e2e suite" name="[sig-storage] In-tree Volumes [Driver: hostPath] [Testpattern: Inline-volume (default fs)] subPath should support existing single file">

<skipped/>

</testcase>


-<testcase time="0" classname="Kubernetes e2e suite" name="[sig-storage] In-tree Volumes [Driver: gluster] [Testpattern: Dynamic PV (default fs)] provisioning should provision storage with mount options">

<skipped/>

</testcase>


-<testcase time="0" classname="Kubernetes e2e suite" name="[sig-storage] In-tree Volumes [Driver: azure] [Testpattern: Pre-provisioned PV (default fs)] subPath should support restarting containers using file as subpath [Slow]">

<skipped/>

</testcase>


-<testcase time="0" classname="Kubernetes e2e suite" name="[sig-storage] CSI Volumes [Driver: csi-hostpath] [Testpattern: Dynamic PV (default fs)] subPath should support creating multiple subpath from same volumes [Slow]">

<skipped/>

</testcase>


-<testcase time="0" classname="Kubernetes e2e suite" name="[sig-network] NetworkPolicy NetworkPolicy between server and client should support a 'default-deny' policy [Feature:NetworkPolicy]">

<skipped/>

</testcase>


-<testcase time="0" classname="Kubernetes e2e suite" name="[sig-scheduling] NoExecuteTaintManager Single Pod [Serial] removing taint cancels eviction">

<skipped/>

</testcase>

<testcase time="26.517512069" classname="Kubernetes e2e suite" name="[sig-apps] StatefulSet [k8s.io] Basic StatefulSet functionality [StatefulSetBasic] Should recreate evicted statefulset [Conformance]"/>


-<testcase time="0" classname="Kubernetes e2e suite" name="[sig-storage] PersistentVolumes-local [Volume type: dir-link] One pod requesting one prebound PVC should be able to mount volume and write from pod1">

<skipped/>

</testcase>


-<testcase time="0" classname="Kubernetes e2e suite" name="[k8s.io] [sig-node] Security Context [Feature:SecurityContext] should support volume SELinux relabeling">

<skipped/>

</testcase>


-<testcase time="0" classname="Kubernetes e2e suite" name="[sig-cluster-lifecycle] Ports Security Check [Feature:KubeletSecurity] should not be able to proxy to cadvisor port 4194 using proxy subresource">

<skipped/>

</testcase>


-<testcase time="0" classname="Kubernetes e2e suite" name="[sig-scheduling] ResourceQuota should create a ResourceQuota and capture the life of a configMap.">

<skipped/>

</testcase>


-<testcase time="0" classname="Kubernetes e2e suite" name="[sig-storage] In-tree Volumes [Driver: iscsi][Feature:Volumes] [Testpattern: Dynamic PV (default fs)] volumeIO should write files of various sizes, verify size, validate content [Slow]">

<skipped/>

</testcase>


-<testcase time="0" classname="Kubernetes e2e suite" name="[sig-storage] In-tree Volumes [Driver: emptydir] [Testpattern: Inline-volume (default fs)] subPath should support existing directory">

<skipped/>

</testcase>


-<testcase time="0" classname="Kubernetes e2e suite" name="[sig-scheduling] Multi-AZ Cluster Volumes [sig-storage] should only be allowed to provision PDs in zones where nodes exist">

<skipped/>

</testcase>


-<testcase time="0" classname="Kubernetes e2e suite" name="[sig-cli] Kubectl alpha client [k8s.io] Kubectl run CronJob should create a CronJob">

<skipped/>

</testcase>


-<testcase time="0" classname="Kubernetes e2e suite" name="[sig-storage] CSI Volumes [Driver: pd.csi.storage.gke.io][Feature: gcePD-external] [Testpattern: Dynamic PV (default fs)] volumeIO should write files of various sizes, verify size, validate content [Slow]">

<skipped/>

</testcase>


-<testcase time="0" classname="Kubernetes e2e suite" name="[sig-storage] In-tree Volumes [Driver: vSphere] [Testpattern: Inline-volume (default fs)] subPath should support readOnly directory specified in the volumeMount">

<skipped/>

</testcase>


-<testcase time="0" classname="Kubernetes e2e suite" name="[sig-storage] Mounted flexvolume expand[Slow] Should verify mounted flex volumes can be resized">

<skipped/>

</testcase>


-<testcase time="0" classname="Kubernetes e2e suite" name="[sig-storage] In-tree Volumes [Driver: gcepd] [Testpattern: Dynamic PV (default fs)] subPath should support restarting containers using file as subpath [Slow]">

<skipped/>

</testcase>


-<testcase time="0" classname="Kubernetes e2e suite" name="[sig-storage] In-tree Volumes [Driver: iscsi][Feature:Volumes] [Testpattern: Inline-volume (default fs)] subPath should support existing directory">

<skipped/>

</testcase>


-<testcase time="0" classname="Kubernetes e2e suite" name="[sig-cli] Kubectl client [k8s.io] Kubectl taint [Serial] should update the taint on a node">

<skipped/>

</testcase>


-<testcase time="0" classname="Kubernetes e2e suite" name="[sig-scalability] Load capacity [Feature:ManualPerformance] should be able to handle 3 pods per node ReplicationController with 0 secrets, 0 configmaps and 0 daemons">

<skipped/>

</testcase>


-<testcase time="0" classname="Kubernetes e2e suite" name="[sig-storage] Verify Volume Attach Through vpxd Restart [Feature:vsphere][Serial][Disruptive] verify volume remains attached through vpxd restart">

<skipped/>

</testcase>


-<testcase time="0" classname="Kubernetes e2e suite" name="[sig-storage] In-tree Volumes [Driver: azure] [Testpattern: Dynamic PV (default fs)] subPath should support existing directories when readOnly specified in the volumeSource">

<skipped/>

</testcase>


-<testcase time="0" classname="Kubernetes e2e suite" name="[sig-storage] In-tree Volumes [Driver: emptydir] [Testpattern: Pre-provisioned PV (default fs)] subPath should support readOnly file specified in the volumeMount">

<skipped/>

</testcase>


-<testcase time="0" classname="Kubernetes e2e suite" name="[sig-network] Networking should provide unchanging, static URL paths for kubernetes api services">

<skipped/>

</testcase>


-<testcase time="0" classname="Kubernetes e2e suite" name="[sig-storage] In-tree Volumes [Driver: cinder] [Testpattern: Dynamic PV (default fs)] subPath should support creating multiple subpath from same volumes [Slow]">

<skipped/>

</testcase>


-<testcase time="0" classname="Kubernetes e2e suite" name="[sig-storage] In-tree Volumes [Driver: ceph][Feature:Volumes] [Testpattern: Dynamic PV (default fs)] subPath should fail if subpath file is outside the volume [Slow]">

<skipped/>

</testcase>


-<testcase time="0" classname="Kubernetes e2e suite" name="[k8s.io] Cluster size autoscaler scalability [Slow] should scale down underutilized nodes [Feature:ClusterAutoscalerScalability4]">

<skipped/>

</testcase>


-<testcase time="106.525736479" classname="Kubernetes e2e suite" name="[k8s.io] Kubelet when scheduling a busybox Pod with hostAliases should write entries to /etc/hosts [NodeConformance] [Conformance]">

<failure type="Failure">/workspace/anago-v1.13.0-rc.2.1+ddf47ac13c1a94/src/k8s.io/kubernetes/_output/dockerized/go/src/k8s.io/kubernetes/test/e2e/framework/framework.go:699 Timed out after 60.000s. Expected <*errors.errorString | 0xc00200c2e0>: { s: "expected hosts file to contain entries from HostAliases. Got:\n# Kubernetes-managed hosts file.\n127.0.0.1\tlocalhost\n::1\tlocalhost ip6-localhost ip6-loopback\nfe00::0\tip6-localnet\nfe00::0\tip6-mcastprefix\nfe00::1\tip6-allnodes\nfe00::2\tip6-allrouters\n100.111.88.41\tbusybox-host-aliasese1ff809a-fd24-11e8-897d-5ac57959ef46\n\n# Entries added by HostAliases.\n123.45.67.89\tfoo\n123.45.67.89\tbar\n", } to be nil /workspace/anago-v1.13.0-rc.2.1+ddf47ac13c1a94/src/k8s.io/kubernetes/_output/dockerized/go/src/k8s.io/kubernetes/test/e2e/common/kubelet.go:183</failure>

<system-out>[BeforeEach] [k8s.io] Kubelet /workspace/anago-v1.13.0-rc.2.1+ddf47ac13c1a94/src/k8s.io/kubernetes/_output/dockerized/go/src/k8s.io/kubernetes/test/e2e/framework/framework.go:153 STEP: Creating a kubernetes client Dec 11 09:54:18.013: INFO: >>> kubeConfig: /tmp/kubeconfig-357251099 STEP: Building a namespace api object, basename kubelet-test STEP: Waiting for a default service account to be provisioned in namespace [BeforeEach] [k8s.io] Kubelet /workspace/anago-v1.13.0-rc.2.1+ddf47ac13c1a94/src/k8s.io/kubernetes/_output/dockerized/go/src/k8s.io/kubernetes/test/e2e/common/kubelet.go:37 [It] should write entries to /etc/hosts [NodeConformance] [Conformance] /workspace/anago-v1.13.0-rc.2.1+ddf47ac13c1a94/src/k8s.io/kubernetes/_output/dockerized/go/src/k8s.io/kubernetes/test/e2e/framework/framework.go:699 [AfterEach] [k8s.io] Kubelet /workspace/anago-v1.13.0-rc.2.1+ddf47ac13c1a94/src/k8s.io/kubernetes/_output/dockerized/go/src/k8s.io/kubernetes/test/e2e/framework/framework.go:154 STEP: Collecting events from namespace "e2e-tests-kubelet-test-lgml9". STEP: Found 5 events. Dec 11 09:55:20.139: INFO: At 2018-12-11 09:54:18 +0000 UTC - event for busybox-host-aliasese1ff809a-fd24-11e8-897d-5ac57959ef46: {default-scheduler } Scheduled: Successfully assigned busybox-host-aliasese1ff809a-fd24-11e8-897d-5ac57959ef46 to ip-172-25-62-1.us-west-1.compute.internal Dec 11 09:55:20.139: INFO: At 2018-12-11 09:54:18 +0000 UTC - event for busybox-host-aliasese1ff809a-fd24-11e8-897d-5ac57959ef46: {kubelet ip-172-25-62-1.us-west-1.compute.internal} SuccessfulMountVolume: MountVolume.SetUp succeeded for volume "default-token-dj6x2" Dec 11 09:55:20.139: INFO: At 2018-12-11 09:54:18 +0000 UTC - event for busybox-host-aliasese1ff809a-fd24-11e8-897d-5ac57959ef46: {kubelet ip-172-25-62-1.us-west-1.compute.internal} Pulled: Container image "docker.io/library/busybox:1.29" already present on machine Dec 11 09:55:20.139: INFO: At 2018-12-11 09:54:18 +0000 UTC - event for busybox-host-aliasese1ff809a-fd24-11e8-897d-5ac57959ef46: {kubelet ip-172-25-62-1.us-west-1.compute.internal} Created: Created container Dec 11 09:55:20.139: INFO: At 2018-12-11 09:54:18 +0000 UTC - event for busybox-host-aliasese1ff809a-fd24-11e8-897d-5ac57959ef46: {kubelet ip-172-25-62-1.us-west-1.compute.internal} Started: Started container Dec 11 09:55:20.167: INFO: POD NODE PHASE GRACE CONDITIONS Dec 11 09:55:20.167: INFO: prd-ai-sentiment-eng-svc-ai-sentiment-svc-69bd5d994b-7wcr2 ip-172-25-62-1.us-west-1.compute.internal Running [{Initialized True 0001-01-01 00:00:00 +0000 UTC 2018-11-20 13:34:13 +0000 UTC } {Ready True 0001-01-01 00:00:00 +0000 UTC 2018-11-20 13:34:29 +0000 UTC } {PodScheduled True 0001-01-01 00:00:00 +0000 UTC 2018-11-20 13:34:13 +0000 UTC }] Dec 11 09:55:20.167: INFO: prd-ai-sentiment-eng-svc-ai-sentiment-svc-69bd5d994b-vn2sr ip-172-25-93-75.us-west-1.compute.internal Running [{Initialized True 0001-01-01 00:00:00 +0000 UTC 2018-11-20 13:34:13 +0000 UTC } {Ready True 0001-01-01 00:00:00 +0000 UTC 2018-11-20 13:34:28 +0000 UTC } {PodScheduled True 0001-01-01 00:00:00 +0000 UTC 2018-11-20 13:34:13 +0000 UTC }] Dec 11 09:55:20.167: INFO: busybox-host-aliasese1ff809a-fd24-11e8-897d-5ac57959ef46 ip-172-25-62-1.us-west-1.compute.internal Running [{Initialized True 0001-01-01 00:00:00 +0000 UTC 2018-12-11 09:54:18 +0000 UTC } {Ready True 0001-01-01 00:00:00 +0000 UTC 2018-12-11 09:54:19 +0000 UTC } {PodScheduled True 0001-01-01 00:00:00 +0000 UTC 2018-12-11 09:54:18 +0000 UTC }] Dec 11 09:55:20.167: INFO: sonobuoy ip-172-25-62-1.us-west-1.compute.internal Running [{Initialized True 0001-01-01 00:00:00 +0000 UTC 2018-12-11 09:12:13 +0000 UTC } {Ready True 0001-01-01 00:00:00 +0000 UTC 2018-12-11 09:12:19 +0000 UTC } {PodScheduled True 0001-01-01 00:00:00 +0000 UTC 2018-12-11 09:12:13 +0000 UTC }] Dec 11 09:55:20.167: INFO: sonobuoy-e2e-job-20dd198901204d4d ip-172-25-84-67.us-west-1.compute.internal Running [{Initialized True 0001-01-01 00:00:00 +0000 UTC 2018-12-11 09:12:16 +0000 UTC } {Ready True 0001-01-01 00:00:00 +0000 UTC 2018-12-11 09:12:31 +0000 UTC } {PodScheduled True 0001-01-01 00:00:00 +0000 UTC 2018-12-11 09:12:16 +0000 UTC }] Dec 11 09:55:20.167: INFO: datadog-datadog-5m28x ip-172-25-45-107.us-west-1.compute.internal Running [{Initialized True 0001-01-01 00:00:00 +0000 UTC 2018-11-19 14:57:43 +0000 UTC } {Ready True 0001-01-01 00:00:00 +0000 UTC 2018-11-21 08:09:59 +0000 UTC } {PodScheduled True 0001-01-01 00:00:00 +0000 UTC 2018-11-19 14:57:43 +0000 UTC }] Dec 11 09:55:20.167: INFO: datadog-datadog-lqmmz ip-172-25-62-1.us-west-1.compute.internal Running [{Initialized True 0001-01-01 00:00:00 +0000 UTC 2018-11-19 17:03:43 +0000 UTC } {Ready True 0001-01-01 00:00:00 +0000 UTC 2018-11-19 17:04:05 +0000 UTC } {PodScheduled True 0001-01-01 00:00:00 +0000 UTC 2018-11-19 17:03:43 +0000 UTC }] Dec 11 09:55:20.167: INFO: datadog-datadog-r4px7 ip-172-25-93-75.us-west-1.compute.internal Running [{Initialized True 0001-01-01 00:00:00 +0000 UTC 2018-11-19 16:53:44 +0000 UTC } {Ready True 0001-01-01 00:00:00 +0000 UTC 2018-11-19 16:54:41 +0000 UTC } {PodScheduled True 0001-01-01 00:00:00 +0000 UTC 2018-11-19 16:53:44 +0000 UTC }] Dec 11 09:55:20.167: INFO: datadog-kube-state-metrics-7d48b4db57-9245w ip-172-25-45-107.us-west-1.compute.internal Running [{Initialized True 0001-01-01 00:00:00 +0000 UTC 2018-11-19 14:59:40 +0000 UTC } {Ready True 0001-01-01 00:00:00 +0000 UTC 2018-11-19 15:00:10 +0000 UTC } {PodScheduled True 0001-01-01 00:00:00 +0000 UTC 2018-11-19 14:59:40 +0000 UTC }] Dec 11 09:55:20.167: INFO: prd-efk-elasticsearch-client-8655b8d9b9-5fmbv ip-172-25-93-75.us-west-1.compute.internal Pending 30s [{Initialized True 0001-01-01 00:00:00 +0000 UTC 2018-11-19 16:59:49 +0000 UTC } {Ready False 0001-01-01 00:00:00 +0000 UTC 2018-12-11 09:54:56 +0000 UTC ContainersNotReady containers with unready status: [es-client]} {PodScheduled True 0001-01-01 00:00:00 +0000 UTC 2018-11-19 16:59:30 +0000 UTC }] Dec 11 09:55:20.167: INFO: prd-efk-elasticsearch-client-8655b8d9b9-jt8zw ip-172-25-45-107.us-west-1.compute.internal Pending 30s [{Initialized True 0001-01-01 00:00:00 +0000 UTC 2018-11-19 14:59:43 +0000 UTC } {Ready False 0001-01-01 00:00:00 +0000 UTC 2018-12-11 09:54:55 +0000 UTC ContainersNotReady containers with unready status: [es-client]} {PodScheduled True 0001-01-01 00:00:00 +0000 UTC 2018-11-19 14:59:40 +0000 UTC }] Dec 11 09:55:20.167: INFO: prd-efk-elasticsearch-client-8655b8d9b9-t4lvs ip-172-25-93-75.us-west-1.compute.internal Running [{Initialized True 0001-01-01 00:00:00 +0000 UTC 2018-12-11 09:54:55 +0000 UTC } {Ready False 0001-01-01 00:00:00 +0000 UTC 2018-12-11 09:54:52 +0000 UTC ContainersNotReady containers with unready status: [es-client]} {PodScheduled True 0001-01-01 00:00:00 +0000 UTC 2018-12-11 09:54:52 +0000 UTC }] Dec 11 09:55:20.167: INFO: prd-efk-elasticsearch-client-8655b8d9b9-vbpbh ip-172-25-62-1.us-west-1.compute.internal Pending [{Initialized True 0001-01-01 00:00:00 +0000 UTC 2018-12-11 09:54:55 +0000 UTC } {Ready False 0001-01-01 00:00:00 +0000 UTC 2018-12-11 09:54:52 +0000 UTC ContainersNotReady containers with unready status: [es-client]} {PodScheduled True 0001-01-01 00:00:00 +0000 UTC 2018-12-11 09:54:52 +0000 UTC }] Dec 11 09:55:20.167: INFO: prd-efk-elasticsearch-curator-1544317200-qxdt5 ip-172-25-62-1.us-west-1.compute.internal Succeeded [{Initialized True 0001-01-01 00:00:00 +0000 UTC 2018-12-09 01:00:06 +0000 UTC PodCompleted } {Ready False 0001-01-01 00:00:00 +0000 UTC 2018-12-09 01:00:10 +0000 UTC PodCompleted } {PodScheduled True 0001-01-01 00:00:00 +0000 UTC 2018-12-09 01:00:06 +0000 UTC }] Dec 11 09:55:20.167: INFO: prd-efk-elasticsearch-curator-1544403600-dgbl8 ip-172-25-62-1.us-west-1.compute.internal Succeeded [{Initialized True 0001-01-01 00:00:00 +0000 UTC 2018-12-10 01:00:08 +0000 UTC PodCompleted } {Ready False 0001-01-01 00:00:00 +0000 UTC 2018-12-10 01:00:12 +0000 UTC PodCompleted } {PodScheduled True 0001-01-01 00:00:00 +0000 UTC 2018-12-10 01:00:08 +0000 UTC }] Dec 11 09:55:20.167: INFO: prd-efk-elasticsearch-curator-1544490000-4wpv9 ip-172-25-62-1.us-west-1.compute.internal Succeeded [{Initialized True 0001-01-01 00:00:00 +0000 UTC 2018-12-11 01:00:07 +0000 UTC PodCompleted } {Ready False 0001-01-01 00:00:00 +0000 UTC 2018-12-11 01:00:12 +0000 UTC PodCompleted } {PodScheduled True 0001-01-01 00:00:00 +0000 UTC 2018-12-11 01:00:07 +0000 UTC }] Dec 11 09:55:20.167: INFO: prd-efk-elasticsearch-data-0 ip-172-25-93-75.us-west-1.compute.internal Running 30s [{Initialized True 0001-01-01 00:00:00 +0000 UTC 2018-11-19 17:03:43 +0000 UTC } {Ready False 0001-01-01 00:00:00 +0000 UTC 2018-12-11 09:54:55 +0000 UTC ContainersNotReady containers with unready status: [es-data]} {PodScheduled True 0001-01-01 00:00:00 +0000 UTC 2018-11-19 16:59:28 +0000 UTC }] Dec 11 09:55:20.167: INFO: prd-efk-elasticsearch-data-1 ip-172-25-45-107.us-west-1.compute.internal Running 30s [{Initialized True 0001-01-01 00:00:00 +0000 UTC 2018-11-19 14:59:29 +0000 UTC } {Ready False 0001-01-01 00:00:00 +0000 UTC 2018-12-11 09:54:55 +0000 UTC ContainersNotReady containers with unready status: [es-data]} {PodScheduled True 0001-01-01 00:00:00 +0000 UTC 2018-11-19 14:59:19 +0000 UTC }] Dec 11 09:55:20.167: INFO: prd-efk-elasticsearch-fluentd-78wvq ip-172-25-45-107.us-west-1.compute.internal Pending 30s [{Initialized True 0001-01-01 00:00:00 +0000 UTC 2018-11-19 15:04:24 +0000 UTC } {Ready False 0001-01-01 00:00:00 +0000 UTC 2018-12-11 09:54:55 +0000 UTC ContainersNotReady containers with unready status: [fluentd]} {PodScheduled True 0001-01-01 00:00:00 +0000 UTC 2018-11-19 14:57:43 +0000 UTC }] Dec 11 09:55:20.167: INFO: prd-efk-elasticsearch-fluentd-d8gqp ip-172-25-62-180.us-west-1.compute.internal Running 30s [{Initialized True 0001-01-01 00:00:00 +0000 UTC 2018-11-19 14:18:02 +0000 UTC } {Ready False 0001-01-01 00:00:00 +0000 UTC 2018-12-11 09:54:53 +0000 UTC ContainersNotReady containers with unready status: [fluentd]} {PodScheduled True 0001-01-01 00:00:00 +0000 UTC 2018-11-19 14:13:47 +0000 UTC }] Dec 11 09:55:20.167: INFO: prd-efk-elasticsearch-fluentd-gv7g8 ip-172-25-93-75.us-west-1.compute.internal Pending 30s [{Initialized True 0001-01-01 00:00:00 +0000 UTC 2018-11-19 16:58:37 +0000 UTC } {Ready False 0001-01-01 00:00:00 +0000 UTC 2018-12-11 09:54:55 +0000 UTC ContainersNotReady containers with unready status: [fluentd]} {PodScheduled True 0001-01-01 00:00:00 +0000 UTC 2018-11-19 16:53:44 +0000 UTC }] Dec 11 09:55:20.167: INFO: prd-efk-elasticsearch-fluentd-jhbrx ip-172-25-84-67.us-west-1.compute.internal Running 30s [{Initialized True 0001-01-01 00:00:00 +0000 UTC 2018-11-19 14:53:56 +0000 UTC } {Ready True 0001-01-01 00:00:00 +0000 UTC 2018-11-19 14:54:06 +0000 UTC } {PodScheduled True 0001-01-01 00:00:00 +0000 UTC 2018-11-19 14:49:41 +0000 UTC }] Dec 11 09:55:20.167: INFO: prd-efk-elasticsearch-fluentd-mk4n2 ip-172-25-61-224.us-west-1.compute.internal Pending 30s [{Initialized True 0001-01-01 00:00:00 +0000 UTC 2018-11-19 14:32:53 +0000 UTC } {Ready False 0001-01-01 00:00:00 +0000 UTC 2018-12-11 09:54:54 +0000 UTC ContainersNotReady containers with unready status: [fluentd]} {PodScheduled True 0001-01-01 00:00:00 +0000 UTC 2018-11-19 14:28:42 +0000 UTC }] Dec 11 09:55:20.167: INFO: prd-efk-elasticsearch-fluentd-t6bxk ip-172-25-62-1.us-west-1.compute.internal Running 30s [{Initialized True 0001-01-01 00:00:00 +0000 UTC 2018-11-19 17:08:08 +0000 UTC } {Ready True 0001-01-01 00:00:00 +0000 UTC 2018-11-19 17:08:21 +0000 UTC } {PodScheduled True 0001-01-01 00:00:00 +0000 UTC 2018-11-19 17:03:43 +0000 UTC }] Dec 11 09:55:20.167: INFO: prd-efk-elasticsearch-kibana-654b6d5965-9qdfj ip-172-25-62-1.us-west-1.compute.internal Running [{Initialized True 0001-01-01 00:00:00 +0000 UTC 2018-12-11 09:54:52 +0000 UTC } {Ready True 0001-01-01 00:00:00 +0000 UTC 2018-12-11 09:55:14 +0000 UTC } {PodScheduled True 0001-01-01 00:00:00 +0000 UTC 2018-12-11 09:54:52 +0000 UTC }] Dec 11 09:55:20.167: INFO: prd-efk-elasticsearch-kibana-654b6d5965-xfvj2 ip-172-25-45-107.us-west-1.compute.internal Running 30s [{Initialized True 0001-01-01 00:00:00 +0000 UTC 2018-11-19 14:59:41 +0000 UTC } {Ready True 0001-01-01 00:00:00 +0000 UTC 2018-11-19 15:00:26 +0000 UTC } {PodScheduled True 0001-01-01 00:00:00 +0000 UTC 2018-11-19 14:59:41 +0000 UTC }] Dec 11 09:55:20.167: INFO: prd-efk-elasticsearch-master-0 ip-172-25-93-75.us-west-1.compute.internal Running 30s [{Initialized True 0001-01-01 00:00:00 +0000 UTC 2018-11-19 17:03:46 +0000 UTC } {Ready False 0001-01-01 00:00:00 +0000 UTC 2018-12-11 09:54:56 +0000 UTC ContainersNotReady containers with unready status: [es-master]} {PodScheduled True 0001-01-01 00:00:00 +0000 UTC 2018-11-19 16:59:28 +0000 UTC }] Dec 11 09:55:20.167: INFO: prd-efk-elasticsearch-master-1 ip-172-25-45-107.us-west-1.compute.internal Pending 30s [{Initialized True 0001-01-01 00:00:00 +0000 UTC 2018-11-19 14:59:28 +0000 UTC } {Ready False 0001-01-01 00:00:00 +0000 UTC 2018-12-11 09:54:55 +0000 UTC ContainersNotReady containers with unready status: [es-master]} {PodScheduled True 0001-01-01 00:00:00 +0000 UTC 2018-11-19 14:59:16 +0000 UTC }] Dec 11 09:55:20.167: INFO: prd-efk-elasticsearch-master-2 ip-172-25-93-75.us-west-1.compute.internal Running 30s [{Initialized True 0001-01-01 00:00:00 +0000 UTC 2018-11-19 17:04:00 +0000 UTC } {Ready False 0001-01-01 00:00:00 +0000 UTC 2018-12-11 09:54:55 +0000 UTC ContainersNotReady containers with unready status: [es-master]} {PodScheduled True 0001-01-01 00:00:00 +0000 UTC 2018-11-19 17:03:49 +0000 UTC }] Dec 11 09:55:20.167: INFO: default-http-backend-66b447d9cf-cvp7c ip-172-25-45-107.us-west-1.compute.internal Running [{Initialized True 0001-01-01 00:00:00 +0000 UTC 2018-11-19 14:59:42 +0000 UTC } {Ready True 0001-01-01 00:00:00 +0000 UTC 2018-11-19 15:00:50 +0000 UTC } {PodScheduled True 0001-01-01 00:00:00 +0000 UTC 2018-11-19 14:59:42 +0000 UTC }] Dec 11 09:55:20.167: INFO: nginx-ingress-controller-5ccb96dd7b-ldrbm ip-172-25-93-75.us-west-1.compute.internal Running [{Initialized True 0001-01-01 00:00:00 +0000 UTC 2018-11-19 17:11:11 +0000 UTC } {Ready True 0001-01-01 00:00:00 +0000 UTC 2018-11-19 17:12:27 +0000 UTC } {PodScheduled True 0001-01-01 00:00:00 +0000 UTC 2018-11-19 17:11:11 +0000 UTC }] Dec 11 09:55:20.167: INFO: calico-kube-controllers-d97b7c4c8-wnnjq ip-172-25-61-224.us-west-1.compute.internal Running [{Initialized True 0001-01-01 00:00:00 +0000 UTC 2018-11-19 14:52:24 +0000 UTC } {Ready True 0001-01-01 00:00:00 +0000 UTC 2018-11-19 14:52:28 +0000 UTC } {PodScheduled True 0001-01-01 00:00:00 +0000 UTC 2018-11-19 14:52:24 +0000 UTC }] Dec 11 09:55:20.167: INFO: calico-node-27rw4 ip-172-25-84-67.us-west-1.compute.internal Running [{Initialized True 0001-01-01 00:00:00 +0000 UTC 2018-11-19 14:49:41 +0000 UTC } {Ready True 0001-01-01 00:00:00 +0000 UTC 2018-11-19 14:49:56 +0000 UTC } {PodScheduled True 0001-01-01 00:00:00 +0000 UTC 2018-11-19 14:49:41 +0000 UTC }] Dec 11 09:55:20.167: INFO: calico-node-7px7g ip-172-25-61-224.us-west-1.compute.internal Running [{Initialized True 0001-01-01 00:00:00 +0000 UTC 2018-11-19 14:28:42 +0000 UTC } {Ready True 0001-01-01 00:00:00 +0000 UTC 2018-11-19 14:28:54 +0000 UTC } {PodScheduled True 0001-01-01 00:00:00 +0000 UTC 2018-11-19 14:28:42 +0000 UTC }] Dec 11 09:55:20.167: INFO: calico-node-j87ww ip-172-25-45-107.us-west-1.compute.internal Running [{Initialized True 0001-01-01 00:00:00 +0000 UTC 2018-11-19 14:57:43 +0000 UTC } {Ready True 0001-01-01 00:00:00 +0000 UTC 2018-11-19 14:58:11 +0000 UTC } {PodScheduled True 0001-01-01 00:00:00 +0000 UTC 2018-11-19 14:57:43 +0000 UTC }] Dec 11 09:55:20.167: INFO: calico-node-p7n2j ip-172-25-93-75.us-west-1.compute.internal Running [{Initialized True 0001-01-01 00:00:00 +0000 UTC 2018-11-19 16:53:44 +0000 UTC } {Ready True 0001-01-01 00:00:00 +0000 UTC 2018-11-19 16:54:46 +0000 UTC } {PodScheduled True 0001-01-01 00:00:00 +0000 UTC 2018-11-19 16:53:44 +0000 UTC }] Dec 11 09:55:20.167: INFO: calico-node-trxzw ip-172-25-62-1.us-west-1.compute.internal Running [{Initialized True 0001-01-01 00:00:00 +0000 UTC 2018-11-19 17:03:43 +0000 UTC } {Ready True 0001-01-01 00:00:00 +0000 UTC 2018-11-19 17:04:10 +0000 UTC } {PodScheduled True 0001-01-01 00:00:00 +0000 UTC 2018-11-19 17:03:43 +0000 UTC }] Dec 11 09:55:20.167: INFO: calico-node-z2gn6 ip-172-25-62-180.us-west-1.compute.internal Running [{Initialized True 0001-01-01 00:00:00 +0000 UTC 2018-11-19 14:13:47 +0000 UTC } {Ready True 0001-01-01 00:00:00 +0000 UTC 2018-11-19 14:13:59 +0000 UTC } {PodScheduled True 0001-01-01 00:00:00 +0000 UTC 2018-11-19 14:13:47 +0000 UTC }] Dec 11 09:55:20.167: INFO: dns-controller-55fb5dcc77-5nz8k ip-172-25-61-224.us-west-1.compute.internal Running [{Initialized True 0001-01-01 00:00:00 +0000 UTC 2018-11-19 14:31:24 +0000 UTC } {Ready True 0001-01-01 00:00:00 +0000 UTC 2018-11-19 14:31:29 +0000 UTC } {PodScheduled True 0001-01-01 00:00:00 +0000 UTC 2018-11-19 14:31:24 +0000 UTC }] Dec 11 09:55:20.167: INFO: etcd-server-events-ip-172-25-61-224.us-west-1.compute.internal ip-172-25-61-224.us-west-1.compute.internal Running [{Initialized True 0001-01-01 00:00:00 +0000 UTC 2018-11-19 14:28:21 +0000 UTC } {Ready True 0001-01-01 00:00:00 +0000 UTC 2018-11-19 14:28:34 +0000 UTC } {PodScheduled True 0001-01-01 00:00:00 +0000 UTC 2018-11-19 14:28:21 +0000 UTC }] Dec 11 09:55:20.167: INFO: etcd-server-events-ip-172-25-62-180.us-west-1.compute.internal ip-172-25-62-180.us-west-1.compute.internal Running [{Initialized True 0001-01-01 00:00:00 +0000 UTC 2018-11-19 14:13:26 +0000 UTC } {Ready True 0001-01-01 00:00:00 +0000 UTC 2018-11-19 14:13:29 +0000 UTC } {PodScheduled True 0001-01-01 00:00:00 +0000 UTC 2018-11-19 14:13:26 +0000 UTC }] Dec 11 09:55:20.167: INFO: etcd-server-events-ip-172-25-84-67.us-west-1.compute.internal ip-172-25-84-67.us-west-1.compute.internal Running [{Initialized True 0001-01-01 00:00:00 +0000 UTC 2018-11-19 14:49:27 +0000 UTC } {Ready True 0001-01-01 00:00:00 +0000 UTC 2018-11-19 14:49:37 +0000 UTC } {PodScheduled True 0001-01-01 00:00:00 +0000 UTC 2018-11-19 14:49:27 +0000 UTC }] Dec 11 09:55:20.167: INFO: etcd-server-ip-172-25-61-224.us-west-1.compute.internal ip-172-25-61-224.us-west-1.compute.internal Running [{Initialized True 0001-01-01 00:00:00 +0000 UTC 2018-11-19 14:28:21 +0000 UTC } {Ready True 0001-01-01 00:00:00 +0000 UTC 2018-11-19 14:28:24 +0000 UTC } {PodScheduled True 0001-01-01 00:00:00 +0000 UTC 2018-11-19 14:28:21 +0000 UTC }] Dec 11 09:55:20.167: INFO: etcd-server-ip-172-25-62-180.us-west-1.compute.internal ip-172-25-62-180.us-west-1.compute.internal Running [{Initialized True 0001-01-01 00:00:00 +0000 UTC 2018-11-19 14:13:26 +0000 UTC } {Ready True 0001-01-01 00:00:00 +0000 UTC 2018-11-19 14:13:37 +0000 UTC } {PodScheduled True 0001-01-01 00:00:00 +0000 UTC 2018-11-19 14:13:26 +0000 UTC }] Dec 11 09:55:20.167: INFO: etcd-server-ip-172-25-84-67.us-west-1.compute.internal ip-172-25-84-67.us-west-1.compute.internal Running [{Initialized True 0001-01-01 00:00:00 +0000 UTC 2018-11-19 14:49:27 +0000 UTC } {Ready True 0001-01-01 00:00:00 +0000 UTC 2018-11-19 14:49:34 +0000 UTC } {PodScheduled True 0001-01-01 00:00:00 +0000 UTC 2018-11-19 14:49:27 +0000 UTC }] Dec 11 09:55:20.167: INFO: heapster-6d9d49d496-zxs9t ip-172-25-93-75.us-west-1.compute.internal Running [{Initialized True 0001-01-01 00:00:00 +0000 UTC 2018-11-19 16:59:28 +0000 UTC } {Ready True 0001-01-01 00:00:00 +0000 UTC 2018-11-19 16:59:43 +0000 UTC } {PodScheduled True 0001-01-01 00:00:00 +0000 UTC 2018-11-19 16:59:28 +0000 UTC }] Dec 11 09:55:20.167: INFO: kube-apiserver-ip-172-25-61-224.us-west-1.compute.internal ip-172-25-61-224.us-west-1.compute.internal Running [{Initialized True 0001-01-01 00:00:00 +0000 UTC 2018-11-19 14:28:21 +0000 UTC } {Ready True 0001-01-01 00:00:00 +0000 UTC 2018-11-19 14:28:31 +0000 UTC } {PodScheduled True 0001-01-01 00:00:00 +0000 UTC 2018-11-19 14:28:21 +0000 UTC }] Dec 11 09:55:20.167: INFO: kube-apiserver-ip-172-25-62-180.us-west-1.compute.internal ip-172-25-62-180.us-west-1.compute.internal Running [{Initialized True 0001-01-01 00:00:00 +0000 UTC 2018-11-19 14:13:26 +0000 UTC } {Ready True 0001-01-01 00:00:00 +0000 UTC 2018-11-19 14:13:37 +0000 UTC } {PodScheduled True 0001-01-01 00:00:00 +0000 UTC 2018-11-19 14:13:26 +0000 UTC }] Dec 11 09:55:20.167: INFO: kube-apiserver-ip-172-25-84-67.us-west-1.compute.internal ip-172-25-84-67.us-west-1.compute.internal Running [{Initialized True 0001-01-01 00:00:00 +0000 UTC 2018-11-19 14:49:28 +0000 UTC } {Ready True 0001-01-01 00:00:00 +0000 UTC 2018-11-19 14:49:32 +0000 UTC } {PodScheduled True 0001-01-01 00:00:00 +0000 UTC 2018-11-19 14:49:28 +0000 UTC }] Dec 11 09:55:20.167: INFO: kube-controller-manager-ip-172-25-61-224.us-west-1.compute.internal ip-172-25-61-224.us-west-1.compute.internal Running [{Initialized True 0001-01-01 00:00:00 +0000 UTC 2018-11-19 14:28:21 +0000 UTC } {Ready True 0001-01-01 00:00:00 +0000 UTC 2018-11-19 14:28:34 +0000 UTC } {PodScheduled True 0001-01-01 00:00:00 +0000 UTC 2018-11-19 14:28:21 +0000 UTC }] Dec 11 09:55:20.167: INFO: kube-controller-manager-ip-172-25-62-180.us-west-1.compute.internal ip-172-25-62-180.us-west-1.compute.internal Running [{Initialized True 0001-01-01 00:00:00 +0000 UTC 2018-11-19 14:13:26 +0000 UTC } {Ready True 0001-01-01 00:00:00 +0000 UTC 2018-11-19 14:13:34 +0000 UTC } {PodScheduled True 0001-01-01 00:00:00 +0000 UTC 2018-11-19 14:13:26 +0000 UTC }] Dec 11 09:55:20.167: INFO: kube-controller-manager-ip-172-25-84-67.us-west-1.compute.internal ip-172-25-84-67.us-west-1.compute.internal Running [{Initialized True 0001-01-01 00:00:00 +0000 UTC 2018-11-19 14:49:28 +0000 UTC } {Ready True 0001-01-01 00:00:00 +0000 UTC 2018-11-19 14:49:41 +0000 UTC } {PodScheduled True 0001-01-01 00:00:00 +0000 UTC 2018-11-19 14:49:28 +0000 UTC }] Dec 11 09:55:20.167: INFO: kube-dns-7c4d8456dd-k6dkm ip-172-25-45-107.us-west-1.compute.internal Running [{Initialized True 0001-01-01 00:00:00 +0000 UTC 2018-11-19 14:59:40 +0000 UTC } {Ready True 0001-01-01 00:00:00 +0000 UTC 2018-11-19 15:04:05 +0000 UTC } {PodScheduled True 0001-01-01 00:00:00 +0000 UTC 2018-11-19 14:59:40 +0000 UTC }] Dec 11 09:55:20.167: INFO: kube-dns-7c4d8456dd-np757 ip-172-25-93-75.us-west-1.compute.internal Running [{Initialized True 0001-01-01 00:00:00 +0000 UTC 2018-11-19 16:59:29 +0000 UTC } {Ready True 0001-01-01 00:00:00 +0000 UTC 2018-11-19 17:03:05 +0000 UTC } {PodScheduled True 0001-01-01 00:00:00 +0000 UTC 2018-11-19 16:59:29 +0000 UTC }] Dec 11 09:55:20.167: INFO: kube-dns-autoscaler-f4c47db64-rwllv ip-172-25-45-107.us-west-1.compute.internal Running [{Initialized True 0001-01-01 00:00:00 +0000 UTC 2018-11-19 14:59:40 +0000 UTC } {Ready True 0001-01-01 00:00:00 +0000 UTC 2018-11-19 14:59:43 +0000 UTC } {PodScheduled True 0001-01-01 00:00:00 +0000 UTC 2018-11-19 14:59:40 +0000 UTC }] Dec 11 09:55:20.167: INFO: kube-proxy-ip-172-25-45-107.us-west-1.compute.internal ip-172-25-45-107.us-west-1.compute.internal Running [{Initialized True 0001-01-01 00:00:00 +0000 UTC 2018-11-19 14:57:27 +0000 UTC } {Ready True 0001-01-01 00:00:00 +0000 UTC 2018-11-19 14:57:32 +0000 UTC } {PodScheduled True 0001-01-01 00:00:00 +0000 UTC 2018-11-19 14:57:27 +0000 UTC }] Dec 11 09:55:20.167: INFO: kube-proxy-ip-172-25-61-224.us-west-1.compute.internal ip-172-25-61-224.us-west-1.compute.internal Running [{Initialized True 0001-01-01 00:00:00 +0000 UTC 2018-11-19 14:28:21 +0000 UTC } {Ready True 0001-01-01 00:00:00 +0000 UTC 2018-11-19 14:28:28 +0000 UTC } {PodScheduled True 0001-01-01 00:00:00 +0000 UTC 2018-11-19 14:28:21 +0000 UTC }] Dec 11 09:55:20.167: INFO: kube-proxy-ip-172-25-62-1.us-west-1.compute.internal ip-172-25-62-1.us-west-1.compute.internal Running [{Initialized True 0001-01-01 00:00:00 +0000 UTC 2018-11-19 17:03:26 +0000 UTC } {Ready True 0001-01-01 00:00:00 +0000 UTC 2018-11-19 17:03:31 +0000 UTC } {PodScheduled True 0001-01-01 00:00:00 +0000 UTC 2018-11-19 17:03:26 +0000 UTC }] Dec 11 09:55:20.167: INFO: kube-proxy-ip-172-25-62-180.us-west-1.compute.internal ip-172-25-62-180.us-west-1.compute.internal Running [{Initialized True 0001-01-01 00:00:00 +0000 UTC 2018-11-19 14:13:26 +0000 UTC } {Ready True 0001-01-01 00:00:00 +0000 UTC 2018-11-19 14:13:41 +0000 UTC } {PodScheduled True 0001-01-01 00:00:00 +0000 UTC 2018-11-19 14:13:26 +0000 UTC }] Dec 11 09:55:20.167: INFO: kube-proxy-ip-172-25-84-67.us-west-1.compute.internal ip-172-25-84-67.us-west-1.compute.internal Running [{Initialized True 0001-01-01 00:00:00 +0000 UTC 2018-11-19 14:49:28 +0000 UTC } {Ready True 0001-01-01 00:00:00 +0000 UTC 2018-11-19 14:49:37 +0000 UTC } {PodScheduled True 0001-01-01 00:00:00 +0000 UTC 2018-11-19 14:49:28 +0000 UTC }] Dec 11 09:55:20.167: INFO: kube-proxy-ip-172-25-93-75.us-west-1.compute.internal ip-172-25-93-75.us-west-1.compute.internal Running [{Initialized True 0001-01-01 00:00:00 +0000 UTC 2018-11-19 16:53:28 +0000 UTC } {Ready True 0001-01-01 00:00:00 +0000 UTC 2018-11-19 16:53:32 +0000 UTC } {PodScheduled True 0001-01-01 00:00:00 +0000 UTC 2018-11-19 16:53:28 +0000 UTC }] Dec 11 09:55:20.167: INFO: kube-scheduler-ip-172-25-61-224.us-west-1.compute.internal ip-172-25-61-224.us-west-1.compute.internal Running [{Initialized True 0001-01-01 00:00:00 +0000 UTC 2018-11-19 14:28:21 +0000 UTC } {Ready True 0001-01-01 00:00:00 +0000 UTC 2018-11-19 14:28:25 +0000 UTC } {PodScheduled True 0001-01-01 00:00:00 +0000 UTC 2018-11-19 14:28:21 +0000 UTC }] Dec 11 09:55:20.167: INFO: kube-scheduler-ip-172-25-62-180.us-west-1.compute.internal ip-172-25-62-180.us-west-1.compute.internal Running [{Initialized True 0001-01-01 00:00:00 +0000 UTC 2018-11-19 14:13:26 +0000 UTC } {Ready True 0001-01-01 00:00:00 +0000 UTC 2018-11-19 14:13:31 +0000 UTC } {PodScheduled True 0001-01-01 00:00:00 +0000 UTC 2018-11-19 14:13:26 +0000 UTC }] Dec 11 09:55:20.167: INFO: kube-scheduler-ip-172-25-84-67.us-west-1.compute.internal ip-172-25-84-67.us-west-1.compute.internal Running [{Initialized True 0001-01-01 00:00:00 +0000 UTC 2018-11-19 14:49:28 +0000 UTC } {Ready True 0001-01-01 00:00:00 +0000 UTC 2018-11-19 14:49:33 +0000 UTC } {PodScheduled True 0001-01-01 00:00:00 +0000 UTC 2018-11-19 14:49:28 +0000 UTC }] Dec 11 09:55:20.167: INFO: metrics-server-8555b5f58f-7qjkk ip-172-25-45-107.us-west-1.compute.internal Running [{Initialized True 0001-01-01 00:00:00 +0000 UTC 2018-11-19 14:59:40 +0000 UTC } {Ready True 0001-01-01 00:00:00 +0000 UTC 2018-11-19 14:59:53 +0000 UTC } {PodScheduled True 0001-01-01 00:00:00 +0000 UTC 2018-11-19 14:59:40 +0000 UTC }] Dec 11 09:55:20.167: INFO: tiller-deploy-f55c64689-4jfg5 ip-172-25-45-107.us-west-1.compute.internal Running [{Initialized True 0001-01-01 00:00:00 +0000 UTC 2018-11-19 14:59:40 +0000 UTC } {Ready True 0001-01-01 00:00:00 +0000 UTC 2018-11-19 15:00:10 +0000 UTC } {PodScheduled True 0001-01-01 00:00:00 +0000 UTC 2018-11-19 14:59:40 +0000 UTC }] Dec 11 09:55:20.167: INFO: dr-kong-kong-55df5b9f69-tn88c ip-172-25-45-107.us-west-1.compute.internal Running [{Initialized True 0001-01-01 00:00:00 +0000 UTC 2018-11-19 14:59:40 +0000 UTC } {Ready True 0001-01-01 00:00:00 +0000 UTC 2018-11-19 15:02:26 +0000 UTC } {PodScheduled True 0001-01-01 00:00:00 +0000 UTC 2018-11-19 14:59:40 +0000 UTC }] Dec 11 09:55:20.167: INFO: platform-utils-svc-5bb47f77bd-jjdgj ip-172-25-45-107.us-west-1.compute.internal Running [{Initialized True 0001-01-01 00:00:00 +0000 UTC 2018-11-19 14:59:40 +0000 UTC } {Ready True 0001-01-01 00:00:00 +0000 UTC 2018-11-19 15:00:36 +0000 UTC } {PodScheduled True 0001-01-01 00:00:00 +0000 UTC 2018-11-19 14:59:40 +0000 UTC }] Dec 11 09:55:20.167: INFO: prd-botfactory-chatbot-ui-pfm-botfactory-chatbot-ui-7bd798cnb8c ip-172-25-93-75.us-west-1.compute.internal Running [{Initialized True 0001-01-01 00:00:00 +0000 UTC 2018-11-21 10:41:40 +0000 UTC } {Ready True 0001-01-01 00:00:00 +0000 UTC 2018-11-21 10:41:45 +0000 UTC } {PodScheduled True 0001-01-01 00:00:00 +0000 UTC 2018-11-21 10:41:40 +0000 UTC }] Dec 11 09:55:20.167: INFO: prd-botfactory-chatbot-ui-pfm-botfactory-chatbot-ui-7bd798pjt9m ip-172-25-45-107.us-west-1.compute.internal Running [{Initialized True 0001-01-01 00:00:00 +0000 UTC 2018-11-21 10:41:40 +0000 UTC } {Ready True 0001-01-01 00:00:00 +0000 UTC 2018-11-21 10:41:44 +0000 UTC } {PodScheduled True 0001-01-01 00:00:00 +0000 UTC 2018-11-21 10:41:40 +0000 UTC }] Dec 11 09:55:20.167: INFO: prd-botfactory-ui-pfm-botfactory-ui-7ff78b89f7-ljt45 ip-172-25-93-75.us-west-1.compute.internal Running [{Initialized True 0001-01-01 00:00:00 +0000 UTC 2018-11-21 11:30:22 +0000 UTC } {Ready True 0001-01-01 00:00:00 +0000 UTC 2018-11-21 11:30:26 +0000 UTC } {PodScheduled True 0001-01-01 00:00:00 +0000 UTC 2018-11-21 11:30:22 +0000 UTC }] Dec 11 09:55:20.167: INFO: prd-botfactory-ui-pfm-botfactory-ui-7ff78b89f7-xnmkr ip-172-25-62-1.us-west-1.compute.internal Running [{Initialized True 0001-01-01 00:00:00 +0000 UTC 2018-11-21 11:30:22 +0000 UTC } {Ready True 0001-01-01 00:00:00 +0000 UTC 2018-11-21 11:30:27 +0000 UTC } {PodScheduled True 0001-01-01 00:00:00 +0000 UTC 2018-11-21 11:30:22 +0000 UTC }] Dec 11 09:55:20.167: INFO: prd-dss-lc-svc-dss-lc-service-6c8748f77b-7sj75 ip-172-25-62-1.us-west-1.compute.internal Running [{Initialized True 0001-01-01 00:00:00 +0000 UTC 2018-11-20 13:24:04 +0000 UTC } {Ready True 0001-01-01 00:00:00 +0000 UTC 2018-11-20 13:24:07 +0000 UTC } {PodScheduled True 0001-01-01 00:00:00 +0000 UTC 2018-11-20 13:24:04 +0000 UTC }] Dec 11 09:55:20.167: INFO: prd-dss-lc-svc-dss-lc-service-6c8748f77b-tffh5 ip-172-25-93-75.us-west-1.compute.internal Running [{Initialized True 0001-01-01 00:00:00 +0000 UTC 2018-11-20 13:24:04 +0000 UTC } {Ready True 0001-01-01 00:00:00 +0000 UTC 2018-11-20 13:24:07 +0000 UTC } {PodScheduled True 0001-01-01 00:00:00 +0000 UTC 2018-11-20 13:24:04 +0000 UTC }] Dec 11 09:55:20.168: INFO: prd-dss-lcbulk-svc-dss-lcbulk-service-77b5449544-6nkdr ip-172-25-93-75.us-west-1.compute.internal Running [{Initialized True 0001-01-01 00:00:00 +0000 UTC 2018-11-19 16:59:28 +0000 UTC } {Ready True 0001-01-01 00:00:00 +0000 UTC 2018-11-19 17:00:02 +0000 UTC } {PodScheduled True 0001-01-01 00:00:00 +0000 UTC 2018-11-19 16:59:27 +0000 UTC }] Dec 11 09:55:20.168: INFO: prd-dss-leadcloser-ui-658768bd4b-84zb9 ip-172-25-45-107.us-west-1.compute.internal Running [{Initialized True 0001-01-01 00:00:00 +0000 UTC 2018-11-20 12:27:09 +0000 UTC } {Ready True 0001-01-01 00:00:00 +0000 UTC 2018-11-20 12:27:13 +0000 UTC } {PodScheduled True 0001-01-01 00:00:00 +0000 UTC 2018-11-20 12:27:09 +0000 UTC }] Dec 11 09:55:20.168: INFO: prd-dss-leadcloser-ui-658768bd4b-zbbdr ip-172-25-62-1.us-west-1.compute.internal Running [{Initialized True 0001-01-01 00:00:00 +0000 UTC 2018-11-20 12:27:05 +0000 UTC } {Ready True 0001-01-01 00:00:00 +0000 UTC 2018-11-20 12:27:09 +0000 UTC } {PodScheduled True 0001-01-01 00:00:00 +0000 UTC 2018-11-20 12:27:05 +0000 UTC }] Dec 11 09:55:20.168: INFO: prd-dss-pm-profile-svc-dss-pm-profile-service-556b68d65-qmntq ip-172-25-93-75.us-west-1.compute.internal Running [{Initialized True 0001-01-01 00:00:00 +0000 UTC 2018-11-19 16:59:31 +0000 UTC } {Ready True 0001-01-01 00:00:00 +0000 UTC 2018-11-19 17:02:21 +0000 UTC } {PodScheduled True 0001-01-01 00:00:00 +0000 UTC 2018-11-19 16:59:31 +0000 UTC }] Dec 11 09:55:20.168: INFO: prd-dss-pm-profile-svc-dss-pm-profile-service-556b68d65-rlqgv ip-172-25-45-107.us-west-1.compute.internal Running [{Initialized True 0001-01-01 00:00:00 +0000 UTC 2018-11-19 14:59:42 +0000 UTC } {Ready True 0001-01-01 00:00:00 +0000 UTC 2018-11-19 15:02:15 +0000 UTC } {PodScheduled True 0001-01-01 00:00:00 +0000 UTC 2018-11-19 14:59:42 +0000 UTC }] Dec 11 09:55:20.168: INFO: prd-dss-ppc-masterdata-ppc-svc-7d8577dd7c-pb92m ip-172-25-62-1.us-west-1.compute.internal Running [{Initialized True 0001-01-01 00:00:00 +0000 UTC 2018-11-26 11:42:41 +0000 UTC } {Ready True 0001-01-01 00:00:00 +0000 UTC 2018-11-26 11:42:44 +0000 UTC } {PodScheduled True 0001-01-01 00:00:00 +0000 UTC 2018-11-26 11:42:41 +0000 UTC }] Dec 11 09:55:20.168: INFO: prd-dss-ppc-ratetables-ppc-svc-cfb7cd6b9-6qcrh ip-172-25-62-1.us-west-1.compute.internal Running [{Initialized True 0001-01-01 00:00:00 +0000 UTC 2018-11-26 11:48:21 +0000 UTC } {Ready True 0001-01-01 00:00:00 +0000 UTC 2018-11-26 11:48:25 +0000 UTC } {PodScheduled True 0001-01-01 00:00:00 +0000 UTC 2018-11-26 11:48:21 +0000 UTC }] Dec 11 09:55:20.168: INFO: prd-dss-ppc-svc-ppc-svc-58f5d567d-8msxj ip-172-25-62-1.us-west-1.compute.internal Running [{Initialized True 0001-01-01 00:00:00 +0000 UTC 2018-11-26 11:36:47 +0000 UTC } {Ready True 0001-01-01 00:00:00 +0000 UTC 2018-11-26 11:36:50 +0000 UTC } {PodScheduled True 0001-01-01 00:00:00 +0000 UTC 2018-11-26 11:36:47 +0000 UTC }] Dec 11 09:55:20.168: INFO: prd-dss-ppc-ui-64f9cf489c-r64qn ip-172-25-93-75.us-west-1.compute.internal Running [{Initialized True 0001-01-01 00:00:00 +0000 UTC 2018-11-20 14:04:47 +0000 UTC } {Ready True 0001-01-01 00:00:00 +0000 UTC 2018-11-20 14:04:52 +0000 UTC } {PodScheduled True 0001-01-01 00:00:00 +0000 UTC 2018-11-20 14:04:47 +0000 UTC }] Dec 11 09:55:20.168: INFO: prd-dss-ppc-ui-64f9cf489c-zj4pk ip-172-25-62-1.us-west-1.compute.internal Running [{Initialized True 0001-01-01 00:00:00 +0000 UTC 2018-11-20 14:04:47 +0000 UTC } {Ready True 0001-01-01 00:00:00 +0000 UTC 2018-11-20 14:04:52 +0000 UTC } {PodScheduled True 0001-01-01 00:00:00 +0000 UTC 2018-11-20 14:04:47 +0000 UTC }] Dec 11 09:55:20.168: INFO: prd-dss-qni-illustration-svc-dss-qni-illustration-service-r2rhd ip-172-25-93-75.us-west-1.compute.internal Running [{Initialized True 0001-01-01 00:00:00 +0000 UTC 2018-11-26 11:18:56 +0000 UTC } {Ready True 0001-01-01 00:00:00 +0000 UTC 2018-11-26 11:18:59 +0000 UTC } {PodScheduled True 0001-01-01 00:00:00 +0000 UTC 2018-11-26 11:18:56 +0000 UTC }] Dec 11 09:55:20.168: INFO: prd-dss-qni-illustration-svc-dss-qni-illustration-service-tjbw9 ip-172-25-45-107.us-west-1.compute.internal Running [{Initialized True 0001-01-01 00:00:00 +0000 UTC 2018-11-26 11:18:56 +0000 UTC } {Ready True 0001-01-01 00:00:00 +0000 UTC 2018-11-26 11:19:07 +0000 UTC } {PodScheduled True 0001-01-01 00:00:00 +0000 UTC 2018-11-26 11:18:56 +0000 UTC }] Dec 11 09:55:20.168: INFO: prd-dss-qni-quote-svc-dss-qni-quote-service-84cbc8c6c8-qm5jw ip-172-25-62-1.us-west-1.compute.internal Running [{Initialized True 0001-01-01 00:00:00 +0000 UTC 2018-11-26 11:13:14 +0000 UTC } {Ready True 0001-01-01 00:00:00 +0000 UTC 2018-11-26 11:13:26 +0000 UTC } {PodScheduled True 0001-01-01 00:00:00 +0000 UTC 2018-11-26 11:13:14 +0000 UTC }] Dec 11 09:55:20.168: INFO: prd-dss-quote-ui-7475c4bdc-lg6c6 ip-172-25-62-1.us-west-1.compute.internal Running [{Initialized True 0001-01-01 00:00:00 +0000 UTC 2018-11-21 10:07:09 +0000 UTC } {Ready True 0001-01-01 00:00:00 +0000 UTC 2018-11-21 10:07:13 +0000 UTC } {PodScheduled True 0001-01-01 00:00:00 +0000 UTC 2018-11-21 10:07:09 +0000 UTC }] Dec 11 09:55:20.168: INFO: prd-ibf-botfactory-adapter-svc-botfactory-adapter-service-p5vcf ip-172-25-62-1.us-west-1.compute.internal Running [{Initialized True 0001-01-01 00:00:00 +0000 UTC 2018-11-21 11:11:42 +0000 UTC } {Ready True 0001-01-01 00:00:00 +0000 UTC 2018-11-21 11:11:49 +0000 UTC } {PodScheduled True 0001-01-01 00:00:00 +0000 UTC 2018-11-21 11:11:42 +0000 UTC }] Dec 11 09:55:20.168: INFO: prd-ibf-botfactory-admin-svc-botfactory-admin-service-59f4n5m5f ip-172-25-45-107.us-west-1.compute.internal Running [{Initialized True 0001-01-01 00:00:00 +0000 UTC 2018-11-21 11:08:42 +0000 UTC } {Ready True 0001-01-01 00:00:00 +0000 UTC 2018-11-21 11:08:50 +0000 UTC } {PodScheduled True 0001-01-01 00:00:00 +0000 UTC 2018-11-21 11:08:42 +0000 UTC }] Dec 11 09:55:20.168: INFO: prd-ibf-botfactory-agent-svc-botfactory-agent-service-56f5mkg6f ip-172-25-45-107.us-west-1.compute.internal Running [{Initialized True 0001-01-01 00:00:00 +0000 UTC 2018-11-21 10:57:49 +0000 UTC } {Ready True 0001-01-01 00:00:00 +0000 UTC 2018-11-21 10:57:58 +0000 UTC } {PodScheduled True 0001-01-01 00:00:00 +0000 UTC 2018-11-21 10:57:49 +0000 UTC }] Dec 11 09:55:20.168: INFO: prd-ibf-botfactory-platform-svc-botfactory-platform-servicszx9g ip-172-25-62-1.us-west-1.compute.internal Running [{Initialized True 0001-01-01 00:00:00 +0000 UTC 2018-11-21 11:04:39 +0000 UTC } {Ready True 0001-01-01 00:00:00 +0000 UTC 2018-11-21 11:04:47 +0000 UTC } {PodScheduled True 0001-01-01 00:00:00 +0000 UTC 2018-11-21 11:04:39 +0000 UTC }] Dec 11 09:55:20.168: INFO: prd-keycloak-keycloak-78d64cbc4f-scj6l ip-172-25-93-75.us-west-1.compute.internal Running [{Initialized True 0001-01-01 00:00:00 +0000 UTC 2018-11-19 16:59:29 +0000 UTC } {Ready True 0001-01-01 00:00:00 +0000 UTC 2018-11-19 17:01:14 +0000 UTC } {PodScheduled True 0001-01-01 00:00:00 +0000 UTC 2018-11-19 16:59:29 +0000 UTC }] Dec 11 09:55:20.168: INFO: prd-keycloak-pgpool-58b949979d-ndwgn ip-172-25-93-75.us-west-1.compute.internal Running [{Initialized True 0001-01-01 00:00:00 +0000 UTC 2018-11-19 16:59:30 +0000 UTC } {Ready True 0001-01-01 00:00:00 +0000 UTC 2018-11-19 17:01:36 +0000 UTC } {PodScheduled True 0001-01-01 00:00:00 +0000 UTC 2018-11-19 16:59:30 +0000 UTC }] Dec 11 09:55:20.168: INFO: prd-keycloak-pgpool-58b949979d-wllt4 ip-172-25-45-107.us-west-1.compute.internal Running [{Initialized True 0001-01-01 00:00:00 +0000 UTC 2018-11-19 14:59:42 +0000 UTC } {Ready True 0001-01-01 00:00:00 +0000 UTC 2018-11-19 15:01:09 +0000 UTC } {PodScheduled True 0001-01-01 00:00:00 +0000 UTC 2018-11-19 14:59:42 +0000 UTC }] Dec 11 09:55:20.168: INFO: prd-pf-acc-svc-platform-acc-svc-56c66dc6bc-c76pd ip-172-25-93-75.us-west-1.compute.internal Running [{Initialized True 0001-01-01 00:00:00 +0000 UTC 2018-11-20 08:35:58 +0000 UTC } {Ready True 0001-01-01 00:00:00 +0000 UTC 2018-11-20 08:36:02 +0000 UTC } {PodScheduled True 0001-01-01 00:00:00 +0000 UTC 2018-11-20 08:35:58 +0000 UTC }] Dec 11 09:55:20.168: INFO: prd-pf-acc-svc-platform-acc-svc-56c66dc6bc-jl2qm ip-172-25-62-1.us-west-1.compute.internal Running [{Initialized True 0001-01-01 00:00:00 +0000 UTC 2018-11-20 08:35:58 +0000 UTC } {Ready True 0001-01-01 00:00:00 +0000 UTC 2018-11-20 08:36:08 +0000 UTC } {PodScheduled True 0001-01-01 00:00:00 +0000 UTC 2018-11-20 08:35:58 +0000 UTC }] Dec 11 09:55:20.168: INFO: prd-pf-accmgmt-ui-platform-accmgmt-ui-5cbc4c9d66-g4wqj ip-172-25-93-75.us-west-1.compute.internal Running [{Initialized True 0001-01-01 00:00:00 +0000 UTC 2018-11-20 11:49:59 +0000 UTC } {Ready True 0001-01-01 00:00:00 +0000 UTC 2018-11-20 11:50:03 +0000 UTC } {PodScheduled True 0001-01-01 00:00:00 +0000 UTC 2018-11-20 11:49:59 +0000 UTC }] Dec 11 09:55:20.168: INFO: prd-pf-accmgmt-ui-platform-accmgmt-ui-5cbc4c9d66-krr5g ip-172-25-62-1.us-west-1.compute.internal Running [{Initialized True 0001-01-01 00:00:00 +0000 UTC 2018-11-20 11:50:04 +0000 UTC } {Ready True 0001-01-01 00:00:00 +0000 UTC 2018-11-20 11:50:06 +0000 UTC } {PodScheduled True 0001-01-01 00:00:00 +0000 UTC 2018-11-20 11:50:03 +0000 UTC }] Dec 11 09:55:20.168: INFO: prd-pf-activity-svc-platform-activity-svc-855df677b4-htnqk ip-172-25-93-75.us-west-1.compute.internal Running [{Initialized True 0001-01-01 00:00:00 +0000 UTC 2018-11-19 16:59:30 +0000 UTC } {Ready True 0001-01-01 00:00:00 +0000 UTC 2018-11-19 17:02:13 +0000 UTC } {PodScheduled True 0001-01-01 00:00:00 +0000 UTC 2018-11-19 16:59:30 +0000 UTC }] Dec 11 09:55:20.168: INFO: prd-pf-activity-svc-platform-activity-svc-855df677b4-s5r9p ip-172-25-45-107.us-west-1.compute.internal Running [{Initialized True 0001-01-01 00:00:00 +0000 UTC 2018-11-19 14:59:43 +0000 UTC } {Ready True 0001-01-01 00:00:00 +0000 UTC 2018-11-19 15:03:42 +0000 UTC } {PodScheduled True 0001-01-01 00:00:00 +0000 UTC 2018-11-19 14:59:43 +0000 UTC }] Dec 11 09:55:20.168: INFO: prd-pf-admin-ui-platform-admin-ui-85c98dcc66-9vj7s ip-172-25-62-1.us-west-1.compute.internal Running [{Initialized True 0001-01-01 00:00:00 +0000 UTC 2018-11-20 11:40:28 +0000 UTC } {Ready True 0001-01-01 00:00:00 +0000 UTC 2018-11-20 11:40:33 +0000 UTC } {PodScheduled True 0001-01-01 00:00:00 +0000 UTC 2018-11-20 11:40:28 +0000 UTC }] Dec 11 09:55:20.168: INFO: prd-pf-admin-ui-platform-admin-ui-85c98dcc66-rbgt5 ip-172-25-93-75.us-west-1.compute.internal Running [{Initialized True 0001-01-01 00:00:00 +0000 UTC 2018-11-20 11:40:24 +0000 UTC } {Ready True 0001-01-01 00:00:00 +0000 UTC 2018-11-20 11:40:28 +0000 UTC } {PodScheduled True 0001-01-01 00:00:00 +0000 UTC 2018-11-20 11:40:24 +0000 UTC }] Dec 11 09:55:20.168: INFO: prd-pf-apimgmt-ui-platform-apimgmt-ui-699d4df9d-cd7lv ip-172-25-93-75.us-west-1.compute.internal Running [{Initialized True 0001-01-01 00:00:00 +0000 UTC 2018-11-20 11:37:33 +0000 UTC } {Ready True 0001-01-01 00:00:00 +0000 UTC 2018-11-20 11:37:38 +0000 UTC } {PodScheduled True 0001-01-01 00:00:00 +0000 UTC 2018-11-20 11:37:33 +0000 UTC }] Dec 11 09:55:20.168: INFO: prd-pf-apimgmt-ui-platform-apimgmt-ui-699d4df9d-nb79x ip-172-25-62-1.us-west-1.compute.internal Running [{Initialized True 0001-01-01 00:00:00 +0000 UTC 2018-11-20 11:37:39 +0000 UTC } {Ready True 0001-01-01 00:00:00 +0000 UTC 2018-11-20 11:37:42 +0000 UTC } {PodScheduled True 0001-01-01 00:00:00 +0000 UTC 2018-11-20 11:37:39 +0000 UTC }] Dec 11 09:55:20.168: INFO: prd-pf-audit-svc-platform-audit-svc-78f5998486-2rmn5 ip-172-25-45-107.us-west-1.compute.internal Running [{Initialized True 0001-01-01 00:00:00 +0000 UTC 2018-11-19 14:59:44 +0000 UTC } {Ready True 0001-01-01 00:00:00 +0000 UTC 2018-11-19 15:04:21 +0000 UTC } {PodScheduled True 0001-01-01 00:00:00 +0000 UTC 2018-11-19 14:59:44 +0000 UTC }] Dec 11 09:55:20.168: INFO: prd-pf-audit-svc-platform-audit-svc-78f5998486-4vlp5 ip-172-25-93-75.us-west-1.compute.internal Running [{Initialized True 0001-01-01 00:00:00 +0000 UTC 2018-11-19 16:59:29 +0000 UTC } {Ready True 0001-01-01 00:00:00 +0000 UTC 2018-11-19 17:03:01 +0000 UTC } {PodScheduled True 0001-01-01 00:00:00 +0000 UTC 2018-11-19 16:59:29 +0000 UTC }] Dec 11 09:55:20.168: INFO: prd-pf-blkusrimp-svc-platform-blkusrimp-svc-7d8d5c459f-78l6p ip-172-25-45-107.us-west-1.compute.internal Running [{Initialized True 0001-01-01 00:00:00 +0000 UTC 2018-11-19 14:59:44 +0000 UTC } {Ready True 0001-01-01 00:00:00 +0000 UTC 2018-11-19 15:02:40 +0000 UTC } {PodScheduled True 0001-01-01 00:00:00 +0000 UTC 2018-11-19 14:59:44 +0000 UTC }] Dec 11 09:55:20.168: INFO: prd-pf-blkusrimp-svc-platform-blkusrimp-svc-7d8d5c459f-q24h8 ip-172-25-93-75.us-west-1.compute.internal Running [{Initialized True 0001-01-01 00:00:00 +0000 UTC 2018-11-19 16:59:28 +0000 UTC } {Ready True 0001-01-01 00:00:00 +0000 UTC 2018-11-19 17:00:19 +0000 UTC } {PodScheduled True 0001-01-01 00:00:00 +0000 UTC 2018-11-19 16:59:28 +0000 UTC }] Dec 11 09:55:20.168: INFO: prd-pf-calen-svc-platform-calen-svc-59dc958758-gq7dn ip-172-25-93-75.us-west-1.compute.internal Running [{Initialized True 0001-01-01 00:00:00 +0000 UTC 2018-11-19 16:59:29 +0000 UTC } {Ready True 0001-01-01 00:00:00 +0000 UTC 2018-11-19 17:03:22 +0000 UTC } {PodScheduled True 0001-01-01 00:00:00 +0000 UTC 2018-11-19 16:59:29 +0000 UTC }] Dec 11 09:55:20.168: INFO: prd-pf-calen-svc-platform-calen-svc-59dc958758-kgjtc ip-172-25-45-107.us-west-1.compute.internal Running [{Initialized True 0001-01-01 00:00:00 +0000 UTC 2018-11-19 14:59:44 +0000 UTC } {Ready True 0001-01-01 00:00:00 +0000 UTC 2018-11-19 15:02:47 +0000 UTC } {PodScheduled True 0001-01-01 00:00:00 +0000 UTC 2018-11-19 14:59:44 +0000 UTC }] Dec 11 09:55:20.168: INFO: prd-pf-conf-svc-platform-conf-svc-6f8c9c5649-hrx2v ip-172-25-62-1.us-west-1.compute.internal Running [{Initialized True 0001-01-01 00:00:00 +0000 UTC 2018-11-20 08:43:48 +0000 UTC } {Ready True 0001-01-01 00:00:00 +0000 UTC 2018-11-20 08:43:56 +0000 UTC } {PodScheduled True 0001-01-01 00:00:00 +0000 UTC 2018-11-20 08:43:48 +0000 UTC }] Dec 11 09:55:20.168: INFO: prd-pf-conf-svc-platform-conf-svc-6f8c9c5649-js8zv ip-172-25-93-75.us-west-1.compute.internal Running [{Initialized True 0001-01-01 00:00:00 +0000 UTC 2018-11-20 08:43:48 +0000 UTC } {Ready True 0001-01-01 00:00:00 +0000 UTC 2018-11-20 08:43:52 +0000 UTC } {PodScheduled True 0001-01-01 00:00:00 +0000 UTC 2018-11-20 08:43:48 +0000 UTC }] Dec 11 09:55:20.168: INFO: prd-pf-contact-svc-platform-contact-svc-7fdb7698d8-6s89f ip-172-25-93-75.us-west-1.compute.internal Running [{Initialized True 0001-01-01 00:00:00 +0000 UTC 2018-11-19 16:59:28 +0000 UTC } {Ready True 0001-01-01 00:00:00 +0000 UTC 2018-11-19 17:03:14 +0000 UTC } {PodScheduled True 0001-01-01 00:00:00 +0000 UTC 2018-11-19 16:59:28 +0000 UTC }] Dec 11 09:55:20.168: INFO: prd-pf-contact-svc-platform-contact-svc-7fdb7698d8-ksnzv ip-172-25-45-107.us-west-1.compute.internal Running [{Initialized True 0001-01-01 00:00:00 +0000 UTC 2018-11-19 14:59:45 +0000 UTC } {Ready True 0001-01-01 00:00:00 +0000 UTC 2018-11-19 15:03:02 +0000 UTC } {PodScheduled True 0001-01-01 00:00:00 +0000 UTC 2018-11-19 14:59:45 +0000 UTC }] Dec 11 09:55:20.168: INFO: prd-pf-dashboard-ui-platform-dashboard-ui-859cf5d999-9qp8v ip-172-25-62-1.us-west-1.compute.internal Running [{Initialized True 0001-01-01 00:00:00 +0000 UTC 2018-11-20 11:23:38 +0000 UTC } {Ready True 0001-01-01 00:00:00 +0000 UTC 2018-11-20 11:23:44 +0000 UTC } {PodScheduled True 0001-01-01 00:00:00 +0000 UTC 2018-11-20 11:23:38 +0000 UTC }] Dec 11 09:55:20.168: INFO: prd-pf-dashboard-ui-platform-dashboard-ui-859cf5d999-mwwgd ip-172-25-62-1.us-west-1.compute.internal Running [{Initialized True 0001-01-01 00:00:00 +0000 UTC 2018-11-20 11:23:32 +0000 UTC } {Ready True 0001-01-01 00:00:00 +0000 UTC 2018-11-20 11:23:38 +0000 UTC } {PodScheduled True 0001-01-01 00:00:00 +0000 UTC 2018-11-20 11:23:32 +0000 UTC }] Dec 11 09:55:20.168: INFO: prd-pf-doc-svc-platform-doc-svc-6bc8488db8-b6mbr ip-172-25-93-75.us-west-1.compute.internal Running [{Initialized True 0001-01-01 00:00:00 +0000 UTC 2018-11-19 16:59:28 +0000 UTC } {Ready True 0001-01-01 00:00:00 +0000 UTC 2018-11-19 17:01:25 +0000 UTC } {PodScheduled True 0001-01-01 00:00:00 +0000 UTC 2018-11-19 16:59:28 +0000 UTC }] Dec 11 09:55:20.168: INFO: prd-pf-doc-svc-platform-doc-svc-6bc8488db8-cncz8 ip-172-25-45-107.us-west-1.compute.internal Running [{Initialized True 0001-01-01 00:00:00 +0000 UTC 2018-11-19 14:59:45 +0000 UTC } {Ready True 0001-01-01 00:00:00 +0000 UTC 2018-11-19 15:04:52 +0000 UTC } {PodScheduled True 0001-01-01 00:00:00 +0000 UTC 2018-11-19 14:59:45 +0000 UTC }] Dec 11 09:55:20.168: INFO: prd-pf-email-svc-platform-email-svc-8696f76496-9gbn5 ip-172-25-45-107.us-west-1.compute.internal Running [{Initialized True 0001-01-01 00:00:00 +0000 UTC 2018-11-19 14:59:45 +0000 UTC } {Ready True 0001-01-01 00:00:00 +0000 UTC 2018-11-19 15:03:11 +0000 UTC } {PodScheduled True 0001-01-01 00:00:00 +0000 UTC 2018-11-19 14:59:45 +0000 UTC }] Dec 11 09:55:20.168: INFO: prd-pf-email-svc-platform-email-svc-8696f76496-wkzqt ip-172-25-93-75.us-west-1.compute.internal Running [{Initialized True 0001-01-01 00:00:00 +0000 UTC 2018-11-19 16:59:31 +0000 UTC } {Ready True 0001-01-01 00:00:00 +0000 UTC 2018-11-19 17:02:28 +0000 UTC } {PodScheduled True 0001-01-01 00:00:00 +0000 UTC 2018-11-19 16:59:31 +0000 UTC }] Dec 11 09:55:20.168: INFO: prd-pf-iam-svc-platform-iam-svc-5d57975b5-b8fcg ip-172-25-93-75.us-west-1.compute.internal Running [{Initialized True 0001-01-01 00:00:00 +0000 UTC 2018-11-19 16:59:28 +0000 UTC } {Ready True 0001-01-01 00:00:00 +0000 UTC 2018-11-19 17:00:37 +0000 UTC } {PodScheduled True 0001-01-01 00:00:00 +0000 UTC 2018-11-19 16:59:28 +0000 UTC }] Dec 11 09:55:20.168: INFO: prd-pf-iam-svc-platform-iam-svc-5d57975b5-vjrk6 ip-172-25-45-107.us-west-1.compute.internal Running [{Initialized True 0001-01-01 00:00:00 +0000 UTC 2018-11-19 14:59:47 +0000 UTC } {Ready True 0001-01-01 00:00:00 +0000 UTC 2018-11-19 15:03:58 +0000 UTC } {PodScheduled True 0001-01-01 00:00:00 +0000 UTC 2018-11-19 14:59:46 +0000 UTC }] Dec 11 09:55:20.168: INFO: prd-pf-notes-svc-platform-notes-svc-5c99df689c-bdfww ip-172-25-45-107.us-west-1.compute.internal Running [{Initialized True 0001-01-01 00:00:00 +0000 UTC 2018-11-19 14:59:47 +0000 UTC } {Ready True 0001-01-01 00:00:00 +0000 UTC 2018-11-19 15:05:11 +0000 UTC } {PodScheduled True 0001-01-01 00:00:00 +0000 UTC 2018-11-19 14:59:46 +0000 UTC }] Dec 11 09:55:20.168: INFO: prd-pf-notes-svc-platform-notes-svc-5c99df689c-vs8g5 ip-172-25-93-75.us-west-1.compute.internal Running [{Initialized True 0001-01-01 00:00:00 +0000 UTC 2018-11-19 16:59:28 +0000 UTC } {Ready True 0001-01-01 00:00:00 +0000 UTC 2018-11-19 17:02:42 +0000 UTC } {PodScheduled True 0001-01-01 00:00:00 +0000 UTC 2018-11-19 16:59:28 +0000 UTC }] Dec 11 09:55:20.168: INFO: prd-pf-notif-svc-platform-notif-svc-84dd77bbd8-74825 ip-172-25-45-107.us-west-1.compute.internal Running [{Initialized True 0001-01-01 00:00:00 +0000 UTC 2018-11-19 14:59:47 +0000 UTC } {Ready True 0001-01-01 00:00:00 +0000 UTC 2018-11-19 15:03:33 +0000 UTC } {PodScheduled True 0001-01-01 00:00:00 +0000 UTC 2018-11-19 14:59:46 +0000 UTC }] Dec 11 09:55:20.168: INFO: prd-pf-notif-svc-platform-notif-svc-84dd77bbd8-qhxw5 ip-172-25-93-75.us-west-1.compute.internal Running [{Initialized True 0001-01-01 00:00:00 +0000 UTC 2018-11-19 16:59:29 +0000 UTC } {Ready True 0001-01-01 00:00:00 +0000 UTC 2018-11-19 17:03:37 +0000 UTC } {PodScheduled True 0001-01-01 00:00:00 +0000 UTC 2018-11-19 16:59:29 +0000 UTC }] Dec 11 09:55:20.168: INFO: prd-pf-prflmgmt-ui-platform-prflmgmt-ui-654ff59c99-mntgc ip-172-25-93-75.us-west-1.compute.internal Running [{Initialized True 0001-01-01 00:00:00 +0000 UTC 2018-11-20 11:46:36 +0000 UTC } {Ready True 0001-01-01 00:00:00 +0000 UTC 2018-11-20 11:46:40 +0000 UTC } {PodScheduled True 0001-01-01 00:00:00 +0000 UTC 2018-11-20 11:46:36 +0000 UTC }] Dec 11 09:55:20.168: INFO: prd-pf-prflmgmt-ui-platform-prflmgmt-ui-654ff59c99-tl62p ip-172-25-62-1.us-west-1.compute.internal Running [{Initialized True 0001-01-01 00:00:00 +0000 UTC 2018-11-20 11:46:41 +0000 UTC } {Ready True 0001-01-01 00:00:00 +0000 UTC 2018-11-20 11:46:44 +0000 UTC } {PodScheduled True 0001-01-01 00:00:00 +0000 UTC 2018-11-20 11:46:41 +0000 UTC }] Dec 11 09:55:20.168: INFO: prd-pf-sign-svc-platform-signup-svc-7dcfdd559-c26zr ip-172-25-93-75.us-west-1.compute.internal Running [{Initialized True 0001-01-01 00:00:00 +0000 UTC 2018-11-19 16:59:30 +0000 UTC } {Ready True 0001-01-01 00:00:00 +0000 UTC 2018-11-19 17:03:08 +0000 UTC } {PodScheduled True 0001-01-01 00:00:00 +0000 UTC 2018-11-19 16:59:30 +0000 UTC }] Dec 11 09:55:20.168: INFO: prd-pf-sign-svc-platform-signup-svc-7dcfdd559-llx49 ip-172-25-45-107.us-west-1.compute.internal Running [{Initialized True 0001-01-01 00:00:00 +0000 UTC 2018-11-19 14:59:48 +0000 UTC } {Ready True 0001-01-01 00:00:00 +0000 UTC 2018-11-19 15:05:04 +0000 UTC } {PodScheduled True 0001-01-01 00:00:00 +0000 UTC 2018-11-19 14:59:47 +0000 UTC }] Dec 11 09:55:20.168: INFO: prd-pf-signup-ui-platform-signup-ui-54ffdd6f94-62xr7 ip-172-25-93-75.us-west-1.compute.internal Running [{Initialized True 0001-01-01 00:00:00 +0000 UTC 2018-11-20 11:30:50 +0000 UTC } {Ready True 0001-01-01 00:00:00 +0000 UTC 2018-11-20 11:30:55 +0000 UTC } {PodScheduled True 0001-01-01 00:00:00 +0000 UTC 2018-11-20 11:30:50 +0000 UTC }] Dec 11 09:55:20.168: INFO: prd-pf-signup-ui-platform-signup-ui-54ffdd6f94-pzb82 ip-172-25-62-1.us-west-1.compute.internal Running [{Initialized True 0001-01-01 00:00:00 +0000 UTC 2018-11-20 11:30:55 +0000 UTC } {Ready True 0001-01-01 00:00:00 +0000 UTC 2018-11-20 11:30:58 +0000 UTC } {PodScheduled True 0001-01-01 00:00:00 +0000 UTC 2018-11-20 11:30:55 +0000 UTC }] Dec 11 09:55:20.168: INFO: prd-pfm-svc-data-6448cbb64-djfdf ip-172-25-93-75.us-west-1.compute.internal Running [{Initialized True 0001-01-01 00:00:00 +0000 UTC 2018-11-19 16:59:30 +0000 UTC } {Ready True 0001-01-01 00:00:00 +0000 UTC 2018-11-19 17:03:30 +0000 UTC } {PodScheduled True 0001-01-01 00:00:00 +0000 UTC 2018-11-19 16:59:30 +0000 UTC }] Dec 11 09:55:20.168: INFO: prd-pfm-svc-data-6448cbb64-w464d ip-172-25-45-107.us-west-1.compute.internal Running [{Initialized True 0001-01-01 00:00:00 +0000 UTC 2018-11-19 14:59:48 +0000 UTC } {Ready True 0001-01-01 00:00:00 +0000 UTC 2018-11-19 15:04:33 +0000 UTC } {PodScheduled True 0001-01-01 00:00:00 +0000 UTC 2018-11-19 14:59:46 +0000 UTC }] Dec 11 09:55:20.168: INFO: prd-pfm-svc-telephony-55658c585-l2cmb ip-172-25-93-75.us-west-1.compute.internal Running [{Initialized True 0001-01-01 00:00:00 +0000 UTC 2018-11-20 08:24:26 +0000 UTC } {Ready True 0001-01-01 00:00:00 +0000 UTC 2018-11-20 08:24:30 +0000 UTC } {PodScheduled True 0001-01-01 00:00:00 +0000 UTC 2018-11-20 08:24:26 +0000 UTC }] Dec 11 09:55:20.168: INFO: prd-pfm-svc-telephony-55658c585-sp22g ip-172-25-62-1.us-west-1.compute.internal Running [{Initialized True 0001-01-01 00:00:00 +0000 UTC 2018-11-20 08:24:26 +0000 UTC } {Ready True 0001-01-01 00:00:00 +0000 UTC 2018-11-20 08:24:45 +0000 UTC } {PodScheduled True 0001-01-01 00:00:00 +0000 UTC 2018-11-20 08:24:26 +0000 UTC }] Dec 11 09:55:20.168: INFO: ubuntu-5f89d47d59-pz2h8 ip-172-25-45-107.us-west-1.compute.internal Running [{Initialized True 0001-01-01 00:00:00 +0000 UTC 2018-11-19 14:59:40 +0000 UTC } {Ready True 0001-01-01 00:00:00 +0000 UTC 2018-11-19 14:59:59 +0000 UTC } {PodScheduled True 0001-01-01 00:00:00 +0000 UTC 2018-11-19 14:59:40 +0000 UTC }] Dec 11 09:55:20.168: INFO: Dec 11 09:55:20.172: INFO: Logging node info for node ip-172-25-45-107.us-west-1.compute.internal Dec 11 09:55:20.174: INFO: Node Info: &Node{ObjectMeta:k8s_io_apimachinery_pkg_apis_meta_v1.ObjectMeta{Name:ip-172-25-45-107.us-west-1.compute.internal,GenerateName:,Namespace:,SelfLink:/api/v1/nodes/ip-172-25-45-107.us-west-1.compute.internal,UID:7812d1fe-ec0b-11e8-a743-0611d656c330,ResourceVersion:21960783,Generation:0,CreationTimestamp:2018-11-19 14:57:43 +0000 UTC,DeletionTimestamp:<nil>,DeletionGracePeriodSeconds:nil,Labels:map[string]string{beta.kubernetes.io/arch: amd64,beta.kubernetes.io/instance-type: r4.4xlarge,beta.kubernetes.io/os: linux,failure-domain.beta.kubernetes.io/region: us-west-1,failure-domain.beta.kubernetes.io/zone: us-west-1a,kops.k8s.io/instancegroup: nodes,kubernetes.io/hostname: ip-172-25-45-107.us-west-1.compute.internal,kubernetes.io/role: node,node-role.kubernetes.io/node: ,},Annotations:map[string]string{node.alpha.kubernetes.io/ttl: 0,volumes.kubernetes.io/controller-managed-attach-detach: true,},OwnerReferences:[],Finalizers:[],ClusterName:,Initializers:nil,},Spec:NodeSpec{PodCIDR:100.96.1.0/24,DoNotUse_ExternalID:i-0cc3be3047d7c585d,ProviderID:aws:///us-west-1a/i-0cc3be3047d7c585d,Unschedulable:false,Taints:[],ConfigSource:nil,},Status:NodeStatus{Capacity:ResourceList{cpu: {{16 0} {<nil>} 16 DecimalSI},ephemeral-storage: {{137426350080 0} {<nil>} 134205420Ki BinarySI},hugepages-1Gi: {{0 0} {<nil>} 0 DecimalSI},hugepages-2Mi: {{0 0} {<nil>} 0 DecimalSI},memory: {{128672694272 0} {<nil>} BinarySI},pods: {{110 0} {<nil>} 110 DecimalSI},},Allocatable:ResourceList{cpu: {{16 0} {<nil>} 16 DecimalSI},ephemeral-storage: {{123683714868 0} {<nil>} 123683714868 DecimalSI},hugepages-1Gi: {{0 0} {<nil>} 0 DecimalSI},hugepages-2Mi: {{0 0} {<nil>} 0 DecimalSI},memory: {{128567836672 0} {<nil>} BinarySI},pods: {{110 0} {<nil>} 110 DecimalSI},},Phase:,Conditions:[{OutOfDisk False 2018-12-11 09:55:15 +0000 UTC 2018-11-19 14:57:43 +0000 UTC KubeletHasSufficientDisk kubelet has sufficient disk space available} {MemoryPressure False 2018-12-11 09:55:15 +0000 UTC 2018-11-19 14:57:43 +0000 UTC KubeletHasSufficientMemory kubelet has sufficient memory available} {DiskPressure False 2018-12-11 09:55:15 +0000 UTC 2018-11-19 14:57:43 +0000 UTC KubeletHasNoDiskPressure kubelet has no disk pressure} {PIDPressure False 2018-12-11 09:55:15 +0000 UTC 2018-11-19 14:57:43 +0000 UTC KubeletHasSufficientPID kubelet has sufficient PID available} {Ready True 2018-12-11 09:55:15 +0000 UTC 2018-11-19 14:58:23 +0000 UTC KubeletReady kubelet is posting ready status}],Addresses:[{InternalIP 172.25.45.107} {InternalDNS ip-172-25-45-107.us-west-1.compute.internal} {Hostname ip-172-25-45-107.us-west-1.compute.internal}],DaemonEndpoints:NodeDaemonEndpoints{KubeletEndpoint:DaemonEndpoint{Port:10250,},},NodeInfo:NodeSystemInfo{MachineID:79dd2393d78d4cb6b03c148a802b0382,SystemUUID:EC2B69A7-51A3-EB61-086A-3D25FC12079E,BootID:a1cc580d-2b49-49b9-be53-28fe04707b1a,KernelVersion:3.10.0-693.el7.x86_64,OSImage:Red Hat Enterprise Linux Server 7.4 (Maipo),ContainerRuntimeVersion:docker://17.3.2,KubeletVersion:v1.10.6,KubeProxyVersion:v1.10.6,OperatingSystem:linux,Architecture:amd64,},Images:[{[docker.elastic.co/kibana/kibana-oss@sha256:967a599383a02ad3d5c03a923cc620e33da6d9fd6aee41163943690cba278c4f docker.elastic.co/kibana/kibana-oss:6.0.0] 476707342} {[intellectdesigndevteam/platform-document-service@sha256:f03450a8ad1d44a2398de68a4e74211ed3f6206bff7d54c7c0430c9ae43e925f intellectdesigndevteam/platform-document-service:qa-18.3.1.19] 382667587} {[intellectdesigndevteam/qni-illustration-service@sha256:2dbc0c4bddb98df953dae7e1f07ac6eb974b2c69e29581ae14e39dd51ff6a7c1 intellectdesigndevteam/qni-illustration-service:18.4.0-dev] 363345689} {[datadog/agent@sha256:f3427a04d93b0f0b82674be9b7217aba03e064898e2a6c59e94897b8be293823 datadog/agent:6.0.0] 337278068} {[intellectdevcloud/platform-filebeat@sha256:393f2e866d3511565997e464359984fa8949c885fc3998c095963325daef20da intellectdevcloud/platform-filebeat:latest] 318649904} {[intellectdesigndevteam/platform-bulkuserimport-service@sha256:3cc549cb89e2987f129157d3706d2f36abe0ca63e1cc5e14751134968724c9f5 intellectdesigndevteam/platform-bulkuserimport-service:qa-18.3.1.19] 315312535} {[intellectdesigndevteam/qni-quote-service@sha256:c8d1e58b2a60d495304e765ba0227220f70eae50ab8bcb42ee6ad13950859769 intellectdesigndevteam/qni-quote-service:18.4.0-dev] 305213621} {[intellectdesigndevteam/platform-data-service@sha256:b11e43b1a1dc43060d9633936625e934e3e0d37bc4f021c5e2d0719933d67250 intellectdesigndevteam/platform-data-service:qa-18.3.1.6] 297525539} {[quay.io/calico/node@sha256:7758c25549fcfe677699bbcd3c279b3a174e7cbbbf9d16f3d71713d68f695dfb quay.io/calico/node:v2.6.7] 281572001} {[protokube:1.10.0] 278482183} {[intellectdesigndevteam/platform-signup-service@sha256:c47bdd7deef21a19e3165e2d144c562794e994320d74276839e8455e04e83643 intellectdesigndevteam/platform-signup-service:qa-18.3.1.16] 270601639} {[intellectdesigndevteam/platform-iam-service@sha256:d8d4429e9b83213cd7597411359575b9999dc32f8b911aecedd7d74ec574e7ee intellectdesigndevteam/platform-iam-service:qa-18.3.1.26] 265195612} {[intellectdevcloud/pm-profile-service@sha256:f0e96b993041268fab1cb2ea9b0822135c0580c65d1260e865491639f044ecbd intellectdevcloud/pm-profile-service:18.2.0.1-150618-k8s] 263694180} {[intellectdesigndevteam/platform-telephony-service@sha256:71d6f3e29872035c89a8bd3f2bf672d069f2711e3bc50a7a1a8e007f96f2fe8b intellectdesigndevteam/platform-telephony-service:qa-18.3.1.1] 255496670} {[intellectdesigndevteam/platform-calendar-service@sha256:e77b861007c53296e66fb457c5e5578906a25f8b4cfd2161d1895509f3c5a8bc intellectdesigndevteam/platform-calendar-service:qa-18.3.1.20] 253851461} {[intellectdesigndevteam/platform-contact-service@sha256:feaac96a8e27ed41579d61aee99676d6e0bf5a211b9f952b90fae829dfceaa67 intellectdesigndevteam/platform-contact-service:qa-18.3.1.16] 253833597} {[intellectdesigndevteam/platform-notification-service@sha256:7d5d03a40c32661827903b5f6f616a252311d59b0297e24ef4d8da5974d588b5 intellectdesigndevteam/platform-notification-service:qa-18.3.1.19] 250643389} {[intellectdesigndevteam/platform-config-service@sha256:06b65c100e8716cab80d1eb18a0884d2d9fd4bfd5eefb680c3a7dc484fd27e33 intellectdesigndevteam/platform-config-service:stag-18.3.1.17.1] 250153994} {[intellectdesigndevteam/platform-activity-service@sha256:09d1fdad637da213bc1d9fac6ebc696d4f279677fe7a87b7c683f8043c2dd15b intellectdesigndevteam/platform-activity-service:qa-18.3.1.18] 249015063} {[intellectdesigndevteam/platform-account-service@sha256:b93f93ee912665999b662494989d8cb0af5c46e6e87d0aaed81a4040c43c1942 intellectdesigndevteam/platform-account-service:stag-18.3.1.22.1] 247829302} {[intellectdesigndevteam/platform-audit-service@sha256:6fd07e5804be5f2c50f171440cfcd683c8a0fc5462cc658e76e147a69aabc1ef intellectdesigndevteam/platform-audit-service:qa-18.3.1.20] 244793295} {[intellectdesigndevteam/platform-notes-service@sha256:fe7a79441bbfc780ba0e120dce6b3a3745f39f07bf8549abec7211f1fecdcdbb intellectdesigndevteam/platform-notes-service:qa-18.3.1.15] 242664197} {[intellectdesigndevteam/platform-email-service@sha256:9e56b9b3b9a57d070a36a218cd0d701313c961dc618e0cdd0666345c40adc5b7 intellectdesigndevteam/platform-email-service:qa-18.3.1.14] 241218721} {[intellectdesigndevteam/leadcloser-service@sha256:3ec1f000c589dff6cec4ac74e3b2af778195f61aeed034f652d30727acef6323 intellectdesigndevteam/leadcloser-service:dev-18.3.1.57] 237593029} {[intellectdesigndevteam/pgpool@sha256:672d1b41d58c9b7c849de2d8d0c042b3a913b358a7b38f042e83d44cd46e3a0c intellectdesigndevteam/pgpool:HEAD.138] 228082404} {[fluent/fluentd-kubernetes-daemonset@sha256:752aed38ede9b0bbf7ae411761672d83d60ecc54bfa567972f7c6076713bec9f fluent/fluentd-kubernetes-daemonset:v0.12-debian-elasticsearch] 228009678} {[intellectdesigndevteam/botfactory-agent-service@sha256:4d3e8c2c17342dece71a4637f02e5576489c9f6b1b7f519e5f4207457c5285fd intellectdesigndevteam/botfactory-agent-service:qa-1.0.3] 193293720} {[intellectdevcloud/platform-util-service@sha256:ce2cb2047a82af3cb824daba46ffdb32005efb7986abee527c41bcd80f49e4bc intellectdevcloud/platform-util-service:qa-18.3.1.2] 190629400} {[quay.io/kubernetes-ingress-controller/nginx-ingress-controller@sha256:39cc6ce23e5bcdf8aa78bc28bbcfe0999e449bf99fe2e8d60984b417facc5cd4 quay.io/kubernetes-ingress-controller/nginx-ingress-controller:0.9.0] 189866039} {[intellectdesigndevteam/botfactory-admin-service@sha256:2435ae71c0f75f8dec9d2cb17c50f56f34a1691571154a5eb7d8a8c6ea9459d8 intellectdesigndevteam/botfactory-admin-service:qa-1.0.2] 182201474} {[prasadg193/test@sha256:1090dbb139c4f7cdbc154dfad21ae3bde42f1cb868ca614351127d4c14dc5c61 prasadg193/test:ubuntu] 138544282} {[quay.io/pires/docker-elasticsearch-kubernetes@sha256:62d1dbf7b7c0a47a560b97a53753c980be62c719db55c3fc9128d7a9315daa1e quay.io/pires/docker-elasticsearch-kubernetes:6.0.0] 122667485} {[intellectdesigndevteam/platform-api-management-ui@sha256:a8d9bfb0f90d06774795d901b98f2c373d0bb6d1fb69d422cfc471a85a2f186a intellectdesigndevteam/platform-api-management-ui:qa-18.3.1.5] 113907865} {[intellectdesigndevteam/platform-admin-ui@sha256:168bcbf6a6cbfe14cac6c975d5b6563af06a606cb0646f9d1f03157acab8ca99 intellectdesigndevteam/platform-admin-ui:qa-18.3.1.5] 109695063} {[nginx@sha256:5d32f60db294b5deb55d078cd4feb410ad88e6fe77500c87d3970eca97f54dba nginx:latest] 109096776} {[intellectdesigndevteam/dss-leadcloser-ui@sha256:876da18e3d331956a4a032dd9b6de6e6d795a8fc68b537d270a228e4554c51aa intellectdesigndevteam/dss-leadcloser-ui:INFRA-3185] 103175252} {[intellectdesigndevteam/dss-leadcloser-ui@sha256:ebefb74aff30c289ba5a83a715a5ac732ae6c64686d003550aae247f1bf8eba2 intellectdesigndevteam/dss-leadcloser-ui:18.3.1] 102985492} {[k8s.gcr.io/kube-proxy@sha256:99a9e5ce663a27603a297981156cef2163cb6eee3a2e4fcf958063ec09a4cfc0 k8s.gcr.io/kube-proxy:v1.10.6] 97861102} {[intellectdevcloud/kong@sha256:2bca3a827d648ab8a7a6ff8c6881037c83db64ec912b5c018b1faf527a2e0bd2 intellectdevcloud/kong:0.13.1] 96512701} {[intellectdesigndevteam/platform-dashboard-ui@sha256:39ca7d2277802e3bfe87a6b779d049143b8543aa1bef5fc4a38db93de75789bf intellectdesigndevteam/platform-dashboard-ui:qa-18.3.1.5] 92532926} {[intellectdesigndevteam/platform-account-management-ui@sha256:38b6bac1384c0d3140483e3c6045d0ea7d5acf5bc962ef76ad1c76689ccc5131 intellectdesigndevteam/platform-account-management-ui:qa-18.3.1.5] 88970310} {[intellectdesigndevteam/platform-profile-management-ui@sha256:15ae94ffb55848026ce69c904695ab8c02838758b8b0755f59226500e459d144 intellectdesigndevteam/platform-profile-management-ui:qa-18.3.1.5] 87805996} {[intellectdesigndevteam/platform-signup-ui@sha256:0ff2d304f36a12e7d66beaf2313993c558155deaacbc58e9c6a5a5cbb5416371 intellectdesigndevteam/platform-signup-ui:qa-18.3.1.5] 86564054} {[intellectdesigndevteam/botfactory-chatbot-ui@sha256:1a5c90b58acce17dc85806214db90edbcf567c5ffc3dc7442da22f5c7440cdd5 intellectdesigndevteam/botfactory-chatbot-ui:qa-1.0.4] 71259465} {[quay.io/calico/cni@sha256:3a23e093b1e98cf232a226fedff591d33919f5297f016a41d8012efc83b23a84 quay.io/calico/cni:v1.11.2] 70781000} {[gcr.io/google_containers/cluster-proportional-autoscaler-amd64@sha256:003f98d9f411ddfa6ff6d539196355e03ddd69fa4ed38c7ffb8fec6f729afe2d gcr.io/google_containers/cluster-proportional-autoscaler-amd64:1.1.2-r2] 49644153} {[gcr.io/google_containers/k8s-dns-kube-dns-amd64@sha256:b99fc3eee2a9f052f7eb4cc00f15eb12fc405fa41019baa2d6b79847ae7284a8 gcr.io/google_containers/k8s-dns-kube-dns-amd64:1.14.10] 49545125} {[gcr.io/google_containers/metrics-server-amd64@sha256:49a9f12f7067d11f42c803dbe61ed2c1299959ad85cb315b25ff7eef8e6b8892 gcr.io/google_containers/metrics-server-amd64:v0.2.1] 42541759} {[gcr.io/google_containers/k8s-dns-sidecar-amd64@sha256:4f1ab957f87b94a5ec1edc26fae50da2175461f00afecf68940c4aa079bd08a4 gcr.io/google_containers/k8s-dns-sidecar-amd64:1.14.10] 41630977} {[gcr.io/google_containers/k8s-dns-dnsmasq-nanny-amd64@sha256:bbb2a290a568125b3b996028958eb773f33b5b87a6b37bf38a28f8b62dddb3c8 gcr.io/google_containers/k8s-dns-dnsmasq-nanny-amd64:1.14.10] 40367821}],VolumesInUse:[kubernetes.io/aws-ebs/aws://us-west-1a/vol-05c8a76c15a0fd0da kubernetes.io/aws-ebs/aws://us-west-1a/vol-0ee3f666256321c29],VolumesAttached:[{kubernetes.io/aws-ebs/aws://us-west-1a/vol-05c8a76c15a0fd0da /dev/xvdby} {kubernetes.io/aws-ebs/aws://us-west-1a/vol-0ee3f666256321c29 /dev/xvdcz}],Config:nil,},} Dec 11 09:55:20.175: INFO: Logging kubelet events for node ip-172-25-45-107.us-west-1.compute.internal Dec 11 09:55:20.177: INFO: Logging pods the kubelet thinks is on node ip-172-25-45-107.us-west-1.compute.internal Dec 11 09:55:20.188: INFO: prd-efk-elasticsearch-master-1 started at 2018-11-19 14:59:16 +0000 UTC (1+1 container statuses recorded) Dec 11 09:55:20.188: INFO: Init container init-sysctl ready: true, restart count 0 Dec 11 09:55:20.188: INFO: Container es-master ready: false, restart count 0 Dec 11 09:55:20.188: INFO: platform-utils-svc-5bb47f77bd-jjdgj started at 2018-11-19 14:59:40 +0000 UTC (0+1 container statuses recorded) Dec 11 09:55:20.188: INFO: Container platform-utils-svc ready: true, restart count 0 Dec 11 09:55:20.188: INFO: prd-pf-calen-svc-platform-calen-svc-59dc958758-kgjtc started at 2018-11-19 14:59:44 +0000 UTC (0+2 container statuses recorded) Dec 11 09:55:20.188: INFO: Container filebeat ready: true, restart count 0 Dec 11 09:55:20.188: INFO: Container prd-pf-calen-svc-platform-calen-svc ready: true, restart count 0 Dec 11 09:55:20.188: INFO: prd-pf-blkusrimp-svc-platform-blkusrimp-svc-7d8d5c459f-78l6p started at 2018-11-19 14:59:44 +0000 UTC (0+2 container statuses recorded) Dec 11 09:55:20.188: INFO: Container filebeat ready: true, restart count 0 Dec 11 09:55:20.188: INFO: Container prd-pf-blkusrimp-svc-platform-blkusrimp-svc ready: true, restart count 0 Dec 11 09:55:20.188: INFO: kube-proxy-ip-172-25-45-107.us-west-1.compute.internal started at <nil> (0+0 container statuses recorded) Dec 11 09:55:20.188: INFO: datadog-datadog-5m28x started at 2018-11-19 14:57:43 +0000 UTC (0+1 container statuses recorded) Dec 11 09:55:20.188: INFO: Container datadog ready: true, restart count 2 Dec 11 09:55:20.188: INFO: calico-node-j87ww started at 2018-11-19 14:57:43 +0000 UTC (0+2 container statuses recorded) Dec 11 09:55:20.188: INFO: Container calico-node ready: true, restart count 0 Dec 11 09:55:20.188: INFO: Container install-cni ready: true, restart count 0 Dec 11 09:55:20.188: INFO: kube-dns-autoscaler-f4c47db64-rwllv started at 2018-11-19 14:59:40 +0000 UTC (0+1 container statuses recorded) Dec 11 09:55:20.188: INFO: Container autoscaler ready: true, restart count 0 Dec 11 09:55:20.188: INFO: ubuntu-5f89d47d59-pz2h8 started at 2018-11-19 14:59:40 +0000 UTC (0+1 container statuses recorded) Dec 11 09:55:20.188: INFO: Container ubuntu ready: true, restart count 0 Dec 11 09:55:20.188: INFO: kube-dns-7c4d8456dd-k6dkm started at 2018-11-19 14:59:40 +0000 UTC (0+3 container statuses recorded) Dec 11 09:55:20.188: INFO: Container dnsmasq ready: true, restart count 0 Dec 11 09:55:20.188: INFO: Container kubedns ready: true, restart count 0 Dec 11 09:55:20.188: INFO: Container sidecar ready: true, restart count 0 Dec 11 09:55:20.188: INFO: prd-pf-contact-svc-platform-contact-svc-7fdb7698d8-ksnzv started at 2018-11-19 14:59:45 +0000 UTC (0+2 container statuses recorded) Dec 11 09:55:20.188: INFO: Container filebeat ready: true, restart count 0 Dec 11 09:55:20.188: INFO: Container prd-pf-contact-svc-platform-contact-svc ready: true, restart count 0 Dec 11 09:55:20.188: INFO: prd-pf-email-svc-platform-email-svc-8696f76496-9gbn5 started at 2018-11-19 14:59:45 +0000 UTC (0+2 container statuses recorded) Dec 11 09:55:20.188: INFO: Container filebeat ready: true, restart count 0 Dec 11 09:55:20.188: INFO: Container prd-pf-email-svc-platform-email-svc ready: true, restart count 0 Dec 11 09:55:20.188: INFO: prd-pf-notif-svc-platform-notif-svc-84dd77bbd8-74825 started at 2018-11-19 14:59:47 +0000 UTC (0+2 container statuses recorded) Dec 11 09:55:20.188: INFO: Container filebeat ready: true, restart count 0 Dec 11 09:55:20.188: INFO: Container prd-pf-notif-svc-platform-notif-svc ready: true, restart count 0 Dec 11 09:55:20.188: INFO: prd-pfm-svc-data-6448cbb64-w464d started at 2018-11-19 14:59:48 +0000 UTC (0+2 container statuses recorded) Dec 11 09:55:20.188: INFO: Container filebeat ready: true, restart count 0 Dec 11 09:55:20.188: INFO: Container prd-pf-data-svc-prd-pfm-svc-data ready: true, restart count 0 Dec 11 09:55:20.188: INFO: prd-pf-activity-svc-platform-activity-svc-855df677b4-s5r9p started at 2018-11-19 14:59:43 +0000 UTC (0+2 container statuses recorded) Dec 11 09:55:20.188: INFO: Container filebeat ready: true, restart count 0 Dec 11 09:55:20.188: INFO: Container prd-pf-activity-svc-platform-activity-svc ready: true, restart count 0 Dec 11 09:55:20.188: INFO: prd-pf-audit-svc-platform-audit-svc-78f5998486-2rmn5 started at 2018-11-19 14:59:44 +0000 UTC (0+2 container statuses recorded) Dec 11 09:55:20.188: INFO: Container filebeat ready: true, restart count 0 Dec 11 09:55:20.188: INFO: Container prd-pf-audit-svc-platform-audit-svc ready: true, restart count 0 Dec 11 09:55:20.188: INFO: prd-dss-qni-illustration-svc-dss-qni-illustration-service-tjbw9 started at 2018-11-26 11:18:56 +0000 UTC (0+2 container statuses recorded) Dec 11 09:55:20.188: INFO: Container filebeat ready: true, restart count 0 Dec 11 09:55:20.188: INFO: Container prd-dss-qni-illustration-svc-dss-qni-illustration-service ready: true, restart count 0 Dec 11 09:55:20.188: INFO: prd-keycloak-pgpool-58b949979d-wllt4 started at 2018-11-19 14:59:42 +0000 UTC (0+1 container statuses recorded) Dec 11 09:55:20.188: INFO: Container prd-keycloak-pgpool ready: true, restart count 2 Dec 11 09:55:20.188: INFO: prd-pf-sign-svc-platform-signup-svc-7dcfdd559-llx49 started at 2018-11-19 14:59:48 +0000 UTC (0+2 container statuses recorded) Dec 11 09:55:20.188: INFO: Container filebeat ready: true, restart count 0 Dec 11 09:55:20.188: INFO: Container prd-pf-sign-svc-platform-signup-svc ready: true, restart count 0 Dec 11 09:55:20.188: INFO: prd-botfactory-chatbot-ui-pfm-botfactory-chatbot-ui-7bd798pjt9m started at 2018-11-21 10:41:40 +0000 UTC (0+1 container statuses recorded) Dec 11 09:55:20.188: INFO: Container pfm-botfactory-chatbot-ui ready: true, restart count 0 Dec 11 09:55:20.188: INFO: datadog-kube-state-metrics-7d48b4db57-9245w started at 2018-11-19 14:59:40 +0000 UTC (0+1 container statuses recorded) Dec 11 09:55:20.188: INFO: Container kube-state-metrics ready: true, restart count 0 Dec 11 09:55:20.188: INFO: prd-efk-elasticsearch-client-8655b8d9b9-jt8zw started at 2018-11-19 14:59:40 +0000 UTC (1+1 container statuses recorded) Dec 11 09:55:20.188: INFO: Init container init-sysctl ready: true, restart count 0 Dec 11 09:55:20.188: INFO: Container es-client ready: false, restart count 0 Dec 11 09:55:20.188: INFO: prd-dss-leadcloser-ui-658768bd4b-84zb9 started at 2018-11-20 12:27:09 +0000 UTC (0+1 container statuses recorded) Dec 11 09:55:20.188: INFO: Container dss-leadcloser-ui ready: true, restart count 0 Dec 11 09:55:20.188: INFO: prd-ibf-botfactory-admin-svc-botfactory-admin-service-59f4n5m5f started at 2018-11-21 11:08:42 +0000 UTC (0+1 container statuses recorded) Dec 11 09:55:20.188: INFO: Container botfactory-admin-service ready: true, restart count 0 Dec 11 09:55:20.188: INFO: tiller-deploy-f55c64689-4jfg5 started at 2018-11-19 14:59:40 +0000 UTC (0+1 container statuses recorded) Dec 11 09:55:20.188: INFO: Container tiller ready: true, restart count 0 Dec 11 09:55:20.188: INFO: prd-efk-elasticsearch-kibana-654b6d5965-xfvj2 started at 2018-11-19 14:59:41 +0000 UTC (0+1 container statuses recorded) Dec 11 09:55:20.188: INFO: Container kibana ready: true, restart count 0 Dec 11 09:55:20.188: INFO: prd-dss-pm-profile-svc-dss-pm-profile-service-556b68d65-rlqgv started at 2018-11-19 14:59:42 +0000 UTC (0+2 container statuses recorded) Dec 11 09:55:20.188: INFO: Container dss-pm-profile-service ready: true, restart count 0 Dec 11 09:55:20.188: INFO: Container filebeat ready: true, restart count 0 Dec 11 09:55:20.188: INFO: default-http-backend-66b447d9cf-cvp7c started at 2018-11-19 14:59:42 +0000 UTC (0+1 container statuses recorded) Dec 11 09:55:20.188: INFO: Container default-http-backend ready: true, restart count 0 Dec 11 09:55:20.188: INFO: prd-pf-doc-svc-platform-doc-svc-6bc8488db8-cncz8 started at 2018-11-19 14:59:45 +0000 UTC (0+2 container statuses recorded) Dec 11 09:55:20.188: INFO: Container filebeat ready: true, restart count 0 Dec 11 09:55:20.188: INFO: Container prd-pf-doc-svc-platform-doc-svc ready: true, restart count 0 Dec 11 09:55:20.188: INFO: prd-efk-elasticsearch-fluentd-78wvq started at 2018-11-19 14:57:43 +0000 UTC (1+1 container statuses recorded) Dec 11 09:55:20.188: INFO: Init container init-fluentd ready: true, restart count 0 Dec 11 09:55:20.188: INFO: Container fluentd ready: false, restart count 0 Dec 11 09:55:20.188: INFO: metrics-server-8555b5f58f-7qjkk started at 2018-11-19 14:59:40 +0000 UTC (0+1 container statuses recorded) Dec 11 09:55:20.188: INFO: Container metrics-server ready: true, restart count 0 Dec 11 09:55:20.188: INFO: prd-ibf-botfactory-agent-svc-botfactory-agent-service-56f5mkg6f started at 2018-11-21 10:57:49 +0000 UTC (0+1 container statuses recorded) Dec 11 09:55:20.188: INFO: Container botfactory-agent-service ready: true, restart count 0 Dec 11 09:55:20.188: INFO: prd-pf-iam-svc-platform-iam-svc-5d57975b5-vjrk6 started at 2018-11-19 14:59:47 +0000 UTC (0+2 container statuses recorded) Dec 11 09:55:20.188: INFO: Container filebeat ready: true, restart count 0 Dec 11 09:55:20.188: INFO: Container prd-pf-iam-svc-platform-iam-svc ready: true, restart count 0 Dec 11 09:55:20.188: INFO: prd-efk-elasticsearch-data-1 started at 2018-11-19 14:59:19 +0000 UTC (1+1 container statuses recorded) Dec 11 09:55:20.188: INFO: Init container init-sysctl ready: true, restart count 0 Dec 11 09:55:20.188: INFO: Container es-data ready: false, restart count 0 Dec 11 09:55:20.188: INFO: dr-kong-kong-55df5b9f69-tn88c started at 2018-11-19 14:59:40 +0000 UTC (0+1 container statuses recorded) Dec 11 09:55:20.188: INFO: Container dr-kong-kong ready: true, restart count 1 Dec 11 09:55:20.188: INFO: prd-pf-notes-svc-platform-notes-svc-5c99df689c-bdfww started at 2018-11-19 14:59:47 +0000 UTC (0+2 container statuses recorded) Dec 11 09:55:20.188: INFO: Container filebeat ready: true, restart count 0 Dec 11 09:55:20.188: INFO: Container prd-pf-notes-svc-platform-notes-svc ready: true, restart count 0 Dec 11 09:55:20.214: INFO: Latency metrics for node ip-172-25-45-107.us-west-1.compute.internal Dec 11 09:55:20.214: INFO: {Operation:stop_container Method:docker_operations_latency_microseconds Quantile:0.99 Latency:30.055902s} Dec 11 09:55:20.214: INFO: Logging node info for node ip-172-25-61-224.us-west-1.compute.internal Dec 11 09:55:20.216: INFO: Node Info: &Node{ObjectMeta:k8s_io_apimachinery_pkg_apis_meta_v1.ObjectMeta{Name:ip-172-25-61-224.us-west-1.compute.internal,GenerateName:,Namespace:,SelfLink:/api/v1/nodes/ip-172-25-61-224.us-west-1.compute.internal,UID:69ee6d0c-ec07-11e8-a743-0611d656c330,ResourceVersion:21960769,Generation:0,CreationTimestamp:2018-11-19 14:28:42 +0000 UTC,DeletionTimestamp:<nil>,DeletionGracePeriodSeconds:nil,Labels:map[string]string{beta.kubernetes.io/arch: amd64,beta.kubernetes.io/instance-type: c4.2xlarge,beta.kubernetes.io/os: linux,failure-domain.beta.kubernetes.io/region: us-west-1,failure-domain.beta.kubernetes.io/zone: us-west-1a,kops.k8s.io/instancegroup: master-us-west-1a-2,kubernetes.io/hostname: ip-172-25-61-224.us-west-1.compute.internal,kubernetes.io/role: master,node-role.kubernetes.io/master: ,},Annotations:map[string]string{node.alpha.kubernetes.io/ttl: 0,volumes.kubernetes.io/controller-managed-attach-detach: true,},OwnerReferences:[],Finalizers:[],ClusterName:,Initializers:nil,},Spec:NodeSpec{PodCIDR:100.96.10.0/24,DoNotUse_ExternalID:i-0831ee6a3ab37a8e2,ProviderID:aws:///us-west-1a/i-0831ee6a3ab37a8e2,Unschedulable:false,Taints:[{node-role.kubernetes.io/master NoSchedule <nil>}],ConfigSource:nil,},Status:NodeStatus{Capacity:ResourceList{cpu: {{8 0} {<nil>} 8 DecimalSI},ephemeral-storage: {{68706873344 0} {<nil>} 67096556Ki BinarySI},hugepages-1Gi: {{0 0} {<nil>} 0 DecimalSI},hugepages-2Mi: {{0 0} {<nil>} 0 DecimalSI},memory: {{15600160768 0} {<nil>} 15234532Ki BinarySI},pods: {{110 0} {<nil>} 110 DecimalSI},},Allocatable:ResourceList{cpu: {{8 0} {<nil>} 8 DecimalSI},ephemeral-storage: {{61836185908 0} {<nil>} 61836185908 DecimalSI},hugepages-1Gi: {{0 0} {<nil>} 0 DecimalSI},hugepages-2Mi: {{0 0} {<nil>} 0 DecimalSI},memory: {{15495303168 0} {<nil>} 15132132Ki BinarySI},pods: {{110 0} {<nil>} 110 DecimalSI},},Phase:,Conditions:[{OutOfDisk False 2018-12-11 09:55:10 +0000 UTC 2018-11-19 14:28:38 +0000 UTC KubeletHasSufficientDisk kubelet has sufficient disk space available} {MemoryPressure False 2018-12-11 09:55:10 +0000 UTC 2018-11-19 14:28:38 +0000 UTC KubeletHasSufficientMemory kubelet has sufficient memory available} {DiskPressure False 2018-12-11 09:55:10 +0000 UTC 2018-11-19 14:28:38 +0000 UTC KubeletHasNoDiskPressure kubelet has no disk pressure} {PIDPressure False 2018-12-11 09:55:10 +0000 UTC 2018-11-19 14:28:38 +0000 UTC KubeletHasSufficientPID kubelet has sufficient PID available} {Ready True 2018-12-11 09:55:10 +0000 UTC 2018-11-19 14:29:02 +0000 UTC KubeletReady kubelet is posting ready status}],Addresses:[{InternalIP 172.25.61.224} {InternalDNS ip-172-25-61-224.us-west-1.compute.internal} {Hostname ip-172-25-61-224.us-west-1.compute.internal}],DaemonEndpoints:NodeDaemonEndpoints{KubeletEndpoint:DaemonEndpoint{Port:10250,},},NodeInfo:NodeSystemInfo{MachineID:fc8760606d444502a6a6a294d85f3281,SystemUUID:EC25D84B-7F02-C042-2481-19927513E1F1,BootID:f365974b-7772-4005-a12e-818b84eb4fd4,KernelVersion:3.10.0-693.el7.x86_64,OSImage:Red Hat Enterprise Linux Server 7.4 (Maipo),ContainerRuntimeVersion:docker://17.3.2,KubeletVersion:v1.10.6,KubeProxyVersion:v1.10.6,OperatingSystem:linux,Architecture:amd64,},Images:[{[quay.io/calico/node@sha256:7758c25549fcfe677699bbcd3c279b3a174e7cbbbf9d16f3d71713d68f695dfb quay.io/calico/node:v2.6.7] 281572001} {[protokube:1.10.0] 278482183} {[k8s.gcr.io/kube-apiserver@sha256:3283c534aab386bc678986c74c2fc855db46b3f424884d547641c82dba6ec5de k8s.gcr.io/kube-apiserver:v1.10.6] 228066280} {[fluent/fluentd-kubernetes-daemonset@sha256:752aed38ede9b0bbf7ae411761672d83d60ecc54bfa567972f7c6076713bec9f fluent/fluentd-kubernetes-daemonset:v0.12-debian-elasticsearch] 228009678} {[k8s.gcr.io/kube-controller-manager@sha256:93bbd2218a04253db98438ee49d9512359ee9d2a89e2a4247d520b21296acfd6 k8s.gcr.io/kube-controller-manager:v1.10.6] 150824264} {[kope/dns-controller@sha256:a4f5c5490b23e6bad32028d223b172f3fc9a6d4251cc5eea6e5e389c8dc12024 kope/dns-controller:1.10.0] 119435348} {[k8s.gcr.io/kube-proxy@sha256:99a9e5ce663a27603a297981156cef2163cb6eee3a2e4fcf958063ec09a4cfc0 k8s.gcr.io/kube-proxy:v1.10.6] 97861102} {[quay.io/calico/cni@sha256:3a23e093b1e98cf232a226fedff591d33919f5297f016a41d8012efc83b23a84 quay.io/calico/cni:v1.11.2] 70781000} {[quay.io/calico/kube-controllers@sha256:e60bdbab2f57540e68f9e8b1a585913e14f0e8ff0628f1e42ad69e4bfb706840 quay.io/calico/kube-controllers:v1.0.3] 52247098} {[k8s.gcr.io/kube-scheduler@sha256:83eb7da923c75ef02fd0f8665b2411d6f3bf5e2df0de35849890c65a3d667d7a k8s.gcr.io/kube-scheduler:v1.10.6] 51215735} {[k8s.gcr.io/etcd@sha256:19544a655157fb089b62d4dac02bbd095f82ca245dd5e31dd1684d175b109947 k8s.gcr.io/etcd:2.2.1] 28191895} {[odise/busybox-curl@sha256:815ad8389785898c19a63afcaca0df0026a6574731ffd44daf2ae0f885c21fda odise/busybox-curl:stable] 7070717} {[k8s.gcr.io/pause-amd64@sha256:163ac025575b775d1c0f9bf0bdd0f086883171eb475b5068e7defa4ca9e76516 k8s.gcr.io/pause-amd64:3.0] 746888}],VolumesInUse:[],VolumesAttached:[],Config:nil,},} Dec 11 09:55:20.217: INFO: Logging kubelet events for node ip-172-25-61-224.us-west-1.compute.internal Dec 11 09:55:20.219: INFO: Logging pods the kubelet thinks is on node ip-172-25-61-224.us-west-1.compute.internal Dec 11 09:55:20.230: INFO: kube-apiserver-ip-172-25-61-224.us-west-1.compute.internal started at <nil> (0+0 container statuses recorded) Dec 11 09:55:20.230: INFO: kube-proxy-ip-172-25-61-224.us-west-1.compute.internal started at <nil> (0+0 container statuses recorded) Dec 11 09:55:20.230: INFO: kube-controller-manager-ip-172-25-61-224.us-west-1.compute.internal started at <nil> (0+0 container statuses recorded) Dec 11 09:55:20.230: INFO: kube-scheduler-ip-172-25-61-224.us-west-1.compute.internal started at <nil> (0+0 container statuses recorded) Dec 11 09:55:20.230: INFO: prd-efk-elasticsearch-fluentd-mk4n2 started at 2018-11-19 14:28:42 +0000 UTC (1+1 container statuses recorded) Dec 11 09:55:20.230: INFO: Init container init-fluentd ready: true, restart count 0 Dec 11 09:55:20.230: INFO: Container fluentd ready: false, restart count 0 Dec 11 09:55:20.230: INFO: calico-node-7px7g started at 2018-11-19 14:28:42 +0000 UTC (0+2 container statuses recorded) Dec 11 09:55:20.230: INFO: Container calico-node ready: true, restart count 0 Dec 11 09:55:20.230: INFO: Container install-cni ready: true, restart count 0 Dec 11 09:55:20.230: INFO: dns-controller-55fb5dcc77-5nz8k started at 2018-11-19 14:31:24 +0000 UTC (0+1 container statuses recorded) Dec 11 09:55:20.230: INFO: Container dns-controller ready: true, restart count 0 Dec 11 09:55:20.230: INFO: calico-kube-controllers-d97b7c4c8-wnnjq started at 2018-11-19 14:52:24 +0000 UTC (0+1 container statuses recorded) Dec 11 09:55:20.230: INFO: Container calico-kube-controllers ready: true, restart count 0 Dec 11 09:55:20.230: INFO: etcd-server-events-ip-172-25-61-224.us-west-1.compute.internal started at <nil> (0+0 container statuses recorded) Dec 11 09:55:20.230: INFO: etcd-server-ip-172-25-61-224.us-west-1.compute.internal started at <nil> (0+0 container statuses recorded) Dec 11 09:55:20.257: INFO: Latency metrics for node ip-172-25-61-224.us-west-1.compute.internal Dec 11 09:55:20.257: INFO: Logging node info for node ip-172-25-62-1.us-west-1.compute.internal Dec 11 09:55:20.259: INFO: Node Info: &Node{ObjectMeta:k8s_io_apimachinery_pkg_apis_meta_v1.ObjectMeta{Name:ip-172-25-62-1.us-west-1.compute.internal,GenerateName:,Namespace:,SelfLink:/api/v1/nodes/ip-172-25-62-1.us-west-1.compute.internal,UID:119fa5b1-ec1d-11e8-8e03-0681e6464a68,ResourceVersion:21960773,Generation:0,CreationTimestamp:2018-11-19 17:03:42 +0000 UTC,DeletionTimestamp:<nil>,DeletionGracePeriodSeconds:nil,Labels:map[string]string{beta.kubernetes.io/arch: amd64,beta.kubernetes.io/instance-type: r4.4xlarge,beta.kubernetes.io/os: linux,failure-domain.beta.kubernetes.io/region: us-west-1,failure-domain.beta.kubernetes.io/zone: us-west-1a,kops.k8s.io/instancegroup: nodes,kubernetes.io/hostname: ip-172-25-62-1.us-west-1.compute.internal,kubernetes.io/role: node,node-role.kubernetes.io/node: ,},Annotations:map[string]string{node.alpha.kubernetes.io/ttl: 0,volumes.kubernetes.io/controller-managed-attach-detach: true,},OwnerReferences:[],Finalizers:[],ClusterName:,Initializers:nil,},Spec:NodeSpec{PodCIDR:100.96.3.0/24,DoNotUse_ExternalID:i-035f158a49803b8b9,ProviderID:aws:///us-west-1a/i-035f158a49803b8b9,Unschedulable:false,Taints:[],ConfigSource:nil,},Status:NodeStatus{Capacity:ResourceList{cpu: {{16 0} {<nil>} 16 DecimalSI},ephemeral-storage: {{137426350080 0} {<nil>} 134205420Ki BinarySI},hugepages-1Gi: {{0 0} {<nil>} 0 DecimalSI},hugepages-2Mi: {{0 0} {<nil>} 0 DecimalSI},memory: {{128672694272 0} {<nil>} BinarySI},pods: {{110 0} {<nil>} 110 DecimalSI},},Allocatable:ResourceList{cpu: {{16 0} {<nil>} 16 DecimalSI},ephemeral-storage: {{123683714868 0} {<nil>} 123683714868 DecimalSI},hugepages-1Gi: {{0 0} {<nil>} 0 DecimalSI},hugepages-2Mi: {{0 0} {<nil>} 0 DecimalSI},memory: {{128567836672 0} {<nil>} BinarySI},pods: {{110 0} {<nil>} 110 DecimalSI},},Phase:,Conditions:[{OutOfDisk False 2018-12-11 09:55:12 +0000 UTC 2018-11-19 17:03:42 +0000 UTC KubeletHasSufficientDisk kubelet has sufficient disk space available} {MemoryPressure False 2018-12-11 09:55:12 +0000 UTC 2018-11-19 17:03:42 +0000 UTC KubeletHasSufficientMemory kubelet has sufficient memory available} {DiskPressure False 2018-12-11 09:55:12 +0000 UTC 2018-11-19 17:03:42 +0000 UTC KubeletHasNoDiskPressure kubelet has no disk pressure} {PIDPressure False 2018-12-11 09:55:12 +0000 UTC 2018-11-19 17:03:42 +0000 UTC KubeletHasSufficientPID kubelet has sufficient PID available} {Ready True 2018-12-11 09:55:12 +0000 UTC 2018-11-19 17:04:12 +0000 UTC KubeletReady kubelet is posting ready status}],Addresses:[{InternalIP 172.25.62.1} {InternalDNS ip-172-25-62-1.us-west-1.compute.internal} {Hostname ip-172-25-62-1.us-west-1.compute.internal}],DaemonEndpoints:NodeDaemonEndpoints{KubeletEndpoint:DaemonEndpoint{Port:10250,},},NodeInfo:NodeSystemInfo{MachineID:18f25f6ad76748408343b1c33636edf6,SystemUUID:EC2ED1E3-2AFA-BCA8-329C-8DA86B043F95,BootID:d4d18c7a-3d50-49ea-a1f8-223c7974d123,KernelVersion:3.10.0-693.el7.x86_64,OSImage:Red Hat Enterprise Linux Server 7.4 (Maipo),ContainerRuntimeVersion:docker://17.3.2,KubeletVersion:v1.10.6,KubeProxyVersion:v1.10.6,OperatingSystem:linux,Architecture:amd64,},Images:[{[intellectdesigndevteam/qni-illustration-service@sha256:2dbc0c4bddb98df953dae7e1f07ac6eb974b2c69e29581ae14e39dd51ff6a7c1 intellectdesigndevteam/qni-illustration-service:18.4.0-dev] 363345689} {[datadog/agent@sha256:f3427a04d93b0f0b82674be9b7217aba03e064898e2a6c59e94897b8be293823 datadog/agent:6.0.0] 337278068} {[intellectdesigndevteam/ai-sentiment-service@sha256:1b826b7681ae487b5f981e2bdf9b89c87b3bae67faa8e1328c097dc2e4eca363 intellectdesigndevteam/ai-sentiment-service:v18.4.1.1] 336713753} {[intellectdevcloud/platform-filebeat@sha256:393f2e866d3511565997e464359984fa8949c885fc3998c095963325daef20da intellectdevcloud/platform-filebeat:latest] 318649904} {[intellectdesigndevteam/ppc-service@sha256:fb0ee174d747b88899c53b718eb9b58940dd87f842d74b5ac59bcb3dc8b7754b intellectdesigndevteam/ppc-service:dev-18.3.1.78] 317682270} {[intellectdesigndevteam/ppc-ratetables@sha256:830e3145284e3909f7dc3f2a5117719c0700385552eabf54bbd2973e070f356d intellectdesigndevteam/ppc-ratetables:dev-18.3.1.90] 317600861} {[intellectdesigndevteam/ppc-masterdata@sha256:ee86166f586d21bfc6d3af50d9358a1b3aaaad57062b3be090ce172de6a4f0aa intellectdesigndevteam/ppc-masterdata:dev-18.3.1.32] 317132416} {[intellectdesigndevteam/qni-quote-service@sha256:c8d1e58b2a60d495304e765ba0227220f70eae50ab8bcb42ee6ad13950859769 intellectdesigndevteam/qni-quote-service:18.4.0-dev] 305213621} {[quay.io/calico/node@sha256:7758c25549fcfe677699bbcd3c279b3a174e7cbbbf9d16f3d71713d68f695dfb quay.io/calico/node:v2.6.7] 281572001} {[protokube:1.10.0] 278482183} {[intellectdesigndevteam/platform-telephony-service@sha256:71d6f3e29872035c89a8bd3f2bf672d069f2711e3bc50a7a1a8e007f96f2fe8b intellectdesigndevteam/platform-telephony-service:qa-18.3.1.1] 255496670} {[intellectdesigndevteam/platform-config-service@sha256:06b65c100e8716cab80d1eb18a0884d2d9fd4bfd5eefb680c3a7dc484fd27e33 intellectdesigndevteam/platform-config-service:stag-18.3.1.17.1] 250153994} {[intellectdesigndevteam/platform-account-service@sha256:b93f93ee912665999b662494989d8cb0af5c46e6e87d0aaed81a4040c43c1942 intellectdesigndevteam/platform-account-service:stag-18.3.1.22.1] 247829302} {[intellectdesigndevteam/leadcloser-service@sha256:3ec1f000c589dff6cec4ac74e3b2af778195f61aeed034f652d30727acef6323 intellectdesigndevteam/leadcloser-service:dev-18.3.1.57] 237593029} {[intellectdesigndevteam/leadcloser-service@sha256:8ecf7a2a2728badce272f97649ca8874fd8db1646e9a5a60dcfbd6013ad465d9 intellectdesigndevteam/leadcloser-service:dev-18.3.1.86] 237242743} {[fluent/fluentd-kubernetes-daemonset@sha256:752aed38ede9b0bbf7ae411761672d83d60ecc54bfa567972f7c6076713bec9f fluent/fluentd-kubernetes-daemonset:v0.12-debian-elasticsearch] 228009678} {[gcr.io/kubernetes-e2e-test-images/jessie-dnsutils@sha256:ad583e33cb284f7ef046673809b146ec4053cda19b54a85d2b180a86169715eb gcr.io/kubernetes-e2e-test-images/jessie-dnsutils:1.0] 195633300} {[intellectdesigndevteam/botfactory-platform-service@sha256:18883ea4625302ae13d58e151a33cbcbefeaf438f14f5518889573428212f34b intellectdesigndevteam/botfactory-platform-service:qa-1.0.4] 189961031} {[intellectdesigndevteam/botfactory-adapter-service@sha256:ecea13507bb26cb7e90f56ba1d886ae9f9f9b0dce52842fa812fee4813046890 intellectdesigndevteam/botfactory-adapter-service:qa-1.0.2] 179133038} {[intellectdesigndevteam/platform-api-management-ui@sha256:6f6046562ccdde80afd488baa69e90521f8a831a14f3386ddca93ce71aaac285 intellectdesigndevteam/platform-api-management-ui:qa-18.3.1.6] 125219964} {[intellectdesigndevteam/platform-admin-ui@sha256:2c09773e964ca577d3a6ea9159dfef15bff34f2d7f1c6e8ef22a2cff919d3b01 intellectdesigndevteam/platform-admin-ui:qa-18.3.1.6] 121019110} {[intellectdesigndevteam/platform-api-management-ui@sha256:a8d9bfb0f90d06774795d901b98f2c373d0bb6d1fb69d422cfc471a85a2f186a intellectdesigndevteam/platform-api-management-ui:qa-18.3.1.5] 113907865} {[intellectdesigndevteam/platform-admin-ui@sha256:168bcbf6a6cbfe14cac6c975d5b6563af06a606cb0646f9d1f03157acab8ca99 intellectdesigndevteam/platform-admin-ui:qa-18.3.1.5] 109695063} {[nginx@sha256:5d32f60db294b5deb55d078cd4feb410ad88e6fe77500c87d3970eca97f54dba nginx:latest] 109096776} {[bobrik/curator@sha256:8ce8af15b1004da7e977e4a8eba74e338fd8686d705708e7e02db0562b686be9 bobrik/curator:latest] 108526735} {[intellectdesigndevteam/platform-dashboard-ui@sha256:9857882525b36edd28af322684b4a56838a69cfb2316fcfa9021eaf474716edc intellectdesigndevteam/platform-dashboard-ui:qa-18.3.1.6] 103845025} {[intellectdesigndevteam/dss-leadcloser-ui@sha256:876da18e3d331956a4a032dd9b6de6e6d795a8fc68b537d270a228e4554c51aa intellectdesigndevteam/dss-leadcloser-ui:INFRA-3185] 103175252} {[intellectdesigndevteam/dss-ppc-ui@sha256:bca0a9321b60817564383baf99cf1e9b1b0ff784d364373102c6b25e29113de0 intellectdesigndevteam/dss-ppc-ui:18.3.1] 102355561} {[intellectdesigndevteam/platform-account-management-ui@sha256:d2494446e3133ec5e8b2da0ea464e27dd3b60eda41a4accbf9141d4724fb5a41 intellectdesigndevteam/platform-account-management-ui:qa-18.3.1.6] 100282409} {[intellectdesigndevteam/botfactory-ui@sha256:e9c763ac3dd601e9ff9f965390fc3b236f2e85bf20bbbcc4f5f3b7ae930ecdc3 intellectdesigndevteam/botfactory-ui:qa-1.0.3] 99649323} {[intellectdesigndevteam/platform-profile-management-ui@sha256:92ec762dd3287b4d2e6e494ab3ce870f876934c8a970f52e33c496ab471088cc intellectdesigndevteam/platform-profile-management-ui:qa-18.3.1.6] 99094508} {[intellectdesigndevteam/dss-quote-ui@sha256:92e610e927192613435b9420693c9720a1755397e1cc1f8dd60b261abb8e9d0f intellectdesigndevteam/dss-quote-ui:18.4.0] 98515373} {[intellectdesigndevteam/platform-signup-ui@sha256:f0ea5b4fdbc4c6bc312539b4aa4384b2fdae1d3e8cc23aaa707f2f85fb40a025 intellectdesigndevteam/platform-signup-ui:qa-18.3.1.6] 97876153} {[k8s.gcr.io/kube-proxy@sha256:99a9e5ce663a27603a297981156cef2163cb6eee3a2e4fcf958063ec09a4cfc0 k8s.gcr.io/kube-proxy:v1.10.6] 97861102} {[intellectdesigndevteam/platform-dashboard-ui@sha256:39ca7d2277802e3bfe87a6b779d049143b8543aa1bef5fc4a38db93de75789bf intellectdesigndevteam/platform-dashboard-ui:qa-18.3.1.5] 92532926} {[intellectdesigndevteam/platform-account-management-ui@sha256:38b6bac1384c0d3140483e3c6045d0ea7d5acf5bc962ef76ad1c76689ccc5131 intellectdesigndevteam/platform-account-management-ui:qa-18.3.1.5] 88970310} {[intellectdesigndevteam/platform-profile-management-ui@sha256:15ae94ffb55848026ce69c904695ab8c02838758b8b0755f59226500e459d144 intellectdesigndevteam/platform-profile-management-ui:qa-18.3.1.5] 87805996} {[intellectdesigndevteam/platform-signup-ui@sha256:0ff2d304f36a12e7d66beaf2313993c558155deaacbc58e9c6a5a5cbb5416371 intellectdesigndevteam/platform-signup-ui:qa-18.3.1.5] 86564054} {[quay.io/calico/cni@sha256:3a23e093b1e98cf232a226fedff591d33919f5297f016a41d8012efc83b23a84 quay.io/calico/cni:v1.11.2] 70781000} {[gcr.io/heptio-images/namespace-deleter@sha256:3ae93c027111ac894a5093663572e1afd5872597d7ecc6af0a2a75d6e6be8b3d gcr.io/heptio-images/namespace-deleter:v0.0.1] 43012728} {[gcr.io/heptio-images/sonobuoy@sha256:11d129bc56862d008e3351a458faa3ca36a0780cb25efa38a54d163ebc150c77 gcr.io/heptio-images/sonobuoy:v0.13] 33389023} {[nginx@sha256:2abeba7cab34eb197ff7363486a2aa590027388eafd8e740efae7aae1bed28b6 nginx:1.14-alpine] 17719543} {[gcr.io/heptio-images/scanner-forwarder@sha256:a4a1761a4cb5c6aed71302e8a605926cc297c58907018fefe5436a65aaaf884f gcr.io/heptio-images/scanner-forwarder:v0.0.4] 10882452} {[gcr.io/kubernetes-e2e-test-images/dnsutils@sha256:2abeee84efb79c14d731966e034af33bf324d3b26ca28497555511ff094b3ddd gcr.io/kubernetes-e2e-test-images/dnsutils:1.1] 9345437} {[gcr.io/kubernetes-e2e-test-images/hostexec@sha256:90dfe59da029f9e536385037bc64e86cd3d6e55bae613ddbe69e554d79b0639d gcr.io/kubernetes-e2e-test-images/hostexec:1.1] 8467158} {[odise/busybox-curl@sha256:815ad8389785898c19a63afcaca0df0026a6574731ffd44daf2ae0f885c21fda odise/busybox-curl:stable] 7070717} {[gcr.io/kubernetes-e2e-test-images/netexec@sha256:203f0e11dde4baf4b08e27de094890eb3447d807c8b3e990b764b799d3a9e8b7 gcr.io/kubernetes-e2e-test-images/netexec:1.1] 6705349} {[gcr.io/kubernetes-e2e-test-images/redis@sha256:af4748d1655c08dc54d4be5182135395db9ce87aba2d4699b26b14ae197c5830 gcr.io/kubernetes-e2e-test-images/redis:1.0] 5901328} {[gcr.io/kubernetes-e2e-test-images/serve-hostname@sha256:bab70473a6d8ef65a22625dc9a1b0f0452e811530fdbe77e4408523460177ff1 gcr.io/kubernetes-e2e-test-images/serve-hostname:1.1] 5851985} {[gcr.io/kubernetes-e2e-test-images/test-webserver@sha256:7f93d6e32798ff28bc6289254d0c2867fe2c849c8e46edc50f8624734309812e gcr.io/kubernetes-e2e-test-images/test-webserver:1.0] 4732240}],VolumesInUse:[],VolumesAttached:[],Config:nil,},} Dec 11 09:55:20.259: INFO: Logging kubelet events for node ip-172-25-62-1.us-west-1.compute.internal Dec 11 09:55:20.261: INFO: Logging pods the kubelet thinks is on node ip-172-25-62-1.us-west-1.compute.internal Dec 11 09:55:20.271: INFO: prd-dss-quote-ui-7475c4bdc-lg6c6 started at 2018-11-21 10:07:09 +0000 UTC (0+1 container statuses recorded) Dec 11 09:55:20.271: INFO: Container dss-quote-ui ready: true, restart count 0 Dec 11 09:55:20.271: INFO: prd-botfactory-ui-pfm-botfactory-ui-7ff78b89f7-xnmkr started at 2018-11-21 11:30:22 +0000 UTC (0+1 container statuses recorded) Dec 11 09:55:20.271: INFO: Container pfm-botfactory-ui ready: true, restart count 0 Dec 11 09:55:20.271: INFO: prd-dss-qni-quote-svc-dss-qni-quote-service-84cbc8c6c8-qm5jw started at 2018-11-26 11:13:14 +0000 UTC (0+2 container statuses recorded) Dec 11 09:55:20.271: INFO: Container dss-qni-quote-service ready: true, restart count 0 Dec 11 09:55:20.271: INFO: Container filebeat ready: true, restart count 0 Dec 11 09:55:20.271: INFO: datadog-datadog-lqmmz started at 2018-11-19 17:03:43 +0000 UTC (0+1 container statuses recorded) Dec 11 09:55:20.271: INFO: Container datadog ready: true, restart count 0 Dec 11 09:55:20.271: INFO: calico-node-trxzw started at 2018-11-19 17:03:43 +0000 UTC (0+2 container statuses recorded) Dec 11 09:55:20.271: INFO: Container calico-node ready: true, restart count 0 Dec 11 09:55:20.271: INFO: Container install-cni ready: true, restart count 0 Dec 11 09:55:20.271: INFO: prd-efk-elasticsearch-client-8655b8d9b9-vbpbh started at 2018-12-11 09:54:52 +0000 UTC (1+1 container statuses recorded) Dec 11 09:55:20.271: INFO: Init container init-sysctl ready: true, restart count 0 Dec 11 09:55:20.271: INFO: Container es-client ready: false, restart count 0 Dec 11 09:55:20.271: INFO: prd-dss-lc-svc-dss-lc-service-6c8748f77b-7sj75 started at 2018-11-20 13:24:04 +0000 UTC (0+2 container statuses recorded) Dec 11 09:55:20.271: INFO: Container dss-lc-service ready: true, restart count 0 Dec 11 09:55:20.271: INFO: Container filebeat ready: true, restart count 0 Dec 11 09:55:20.271: INFO: prd-ibf-botfactory-platform-svc-botfactory-platform-servicszx9g started at 2018-11-21 11:04:39 +0000 UTC (0+1 container statuses recorded) Dec 11 09:55:20.271: INFO: Container botfactory-platform-service ready: true, restart count 0 Dec 11 09:55:20.271: INFO: sonobuoy started at 2018-12-11 09:12:13 +0000 UTC (0+3 container statuses recorded) Dec 11 09:55:20.271: INFO: Container cleanup ready: true, restart count 0 Dec 11 09:55:20.271: INFO: Container forwarder ready: true, restart count 0 Dec 11 09:55:20.271: INFO: Container kube-sonobuoy ready: true, restart count 0 Dec 11 09:55:20.271: INFO: prd-efk-elasticsearch-curator-1544317200-qxdt5 started at 2018-12-09 01:00:06 +0000 UTC (0+1 container statuses recorded) Dec 11 09:55:20.271: INFO: Container curator ready: false, restart count 0 Dec 11 09:55:20.271: INFO: prd-dss-leadcloser-ui-658768bd4b-zbbdr started at 2018-11-20 12:27:05 +0000 UTC (0+1 container statuses recorded) Dec 11 09:55:20.271: INFO: Container dss-leadcloser-ui ready: true, restart count 0 Dec 11 09:55:20.271: INFO: prd-dss-ppc-ratetables-ppc-svc-cfb7cd6b9-6qcrh started at 2018-11-26 11:48:21 +0000 UTC (0+2 container statuses recorded) Dec 11 09:55:20.271: INFO: Container filebeat ready: true, restart count 0 Dec 11 09:55:20.271: INFO: Container ppc-svc ready: true, restart count 0 Dec 11 09:55:20.271: INFO: prd-pf-apimgmt-ui-platform-apimgmt-ui-699d4df9d-nb79x started at 2018-11-20 11:37:39 +0000 UTC (0+1 container statuses recorded) Dec 11 09:55:20.271: INFO: Container platform-apimgmt-ui ready: true, restart count 0 Dec 11 09:55:20.271: INFO: prd-efk-elasticsearch-curator-1544403600-dgbl8 started at 2018-12-10 01:00:08 +0000 UTC (0+1 container statuses recorded) Dec 11 09:55:20.271: INFO: Container curator ready: false, restart count 0 Dec 11 09:55:20.271: INFO: prd-pf-signup-ui-platform-signup-ui-54ffdd6f94-pzb82 started at 2018-11-20 11:30:55 +0000 UTC (0+1 container statuses recorded) Dec 11 09:55:20.271: INFO: Container platform-signup-ui ready: true, restart count 0 Dec 11 09:55:20.271: INFO: prd-efk-elasticsearch-curator-1544490000-4wpv9 started at 2018-12-11 01:00:07 +0000 UTC (0+1 container statuses recorded) Dec 11 09:55:20.271: INFO: Container curator ready: false, restart count 0 Dec 11 09:55:20.271: INFO: prd-dss-ppc-ui-64f9cf489c-zj4pk started at 2018-11-20 14:04:47 +0000 UTC (0+1 container statuses recorded) Dec 11 09:55:20.271: INFO: Container dss-ppc-ui ready: true, restart count 0 Dec 11 09:55:20.271: INFO: prd-dss-ppc-masterdata-ppc-svc-7d8577dd7c-pb92m started at 2018-11-26 11:42:41 +0000 UTC (0+2 container statuses recorded) Dec 11 09:55:20.271: INFO: Container filebeat ready: true, restart count 0 Dec 11 09:55:20.271: INFO: Container ppc-svc ready: true, restart count 0 Dec 11 09:55:20.271: INFO: prd-ai-sentiment-eng-svc-ai-sentiment-svc-69bd5d994b-7wcr2 started at 2018-11-20 13:34:13 +0000 UTC (0+1 container statuses recorded) Dec 11 09:55:20.271: INFO: Container prd-ai-sentiment-eng-svc-ai-sentiment-svc ready: true, restart count 0 Dec 11 09:55:20.271: INFO: prd-ibf-botfactory-adapter-svc-botfactory-adapter-service-p5vcf started at 2018-11-21 11:11:42 +0000 UTC (0+1 container statuses recorded) Dec 11 09:55:20.271: INFO: Container botfactory-adapter-service ready: true, restart count 0 Dec 11 09:55:20.271: INFO: prd-efk-elasticsearch-kibana-654b6d5965-9qdfj started at 2018-12-11 09:54:52 +0000 UTC (0+1 container statuses recorded) Dec 11 09:55:20.271: INFO: Container kibana ready: true, restart count 0 Dec 11 09:55:20.271: INFO: prd-pf-acc-svc-platform-acc-svc-56c66dc6bc-jl2qm started at 2018-11-20 08:35:58 +0000 UTC (0+2 container statuses recorded) Dec 11 09:55:20.271: INFO: Container filebeat ready: true, restart count 0 Dec 11 09:55:20.271: INFO: Container prd-pf-acc-svc-platform-acc-svc ready: true, restart count 0 Dec 11 09:55:20.271: INFO: kube-proxy-ip-172-25-62-1.us-west-1.compute.internal started at <nil> (0+0 container statuses recorded) Dec 11 09:55:20.271: INFO: prd-pfm-svc-telephony-55658c585-sp22g started at 2018-11-20 08:24:26 +0000 UTC (0+2 container statuses recorded) Dec 11 09:55:20.271: INFO: Container filebeat ready: true, restart count 0 Dec 11 09:55:20.271: INFO: Container prd-pf-telephony-svc-prd-pfm-svc-telephony ready: true, restart count 0 Dec 11 09:55:20.271: INFO: busybox-host-aliasese1ff809a-fd24-11e8-897d-5ac57959ef46 started at 2018-12-11 09:54:18 +0000 UTC (0+1 container statuses recorded) Dec 11 09:55:20.271: INFO: Container busybox-host-aliasese1ff809a-fd24-11e8-897d-5ac57959ef46 ready: true, restart count 0 Dec 11 09:55:20.271: INFO: prd-pf-admin-ui-platform-admin-ui-85c98dcc66-9vj7s started at 2018-11-20 11:40:28 +0000 UTC (0+1 container statuses recorded) Dec 11 09:55:20.272: INFO: Container platform-admin-ui ready: true, restart count 0 Dec 11 09:55:20.272: INFO: prd-pf-prflmgmt-ui-platform-prflmgmt-ui-654ff59c99-tl62p started at 2018-11-20 11:46:41 +0000 UTC (0+1 container statuses recorded) Dec 11 09:55:20.272: INFO: Container platform-prflmgmt-ui ready: true, restart count 0 Dec 11 09:55:20.272: INFO: prd-dss-ppc-svc-ppc-svc-58f5d567d-8msxj started at 2018-11-26 11:36:47 +0000 UTC (0+2 container statuses recorded) Dec 11 09:55:20.272: INFO: Container filebeat ready: true, restart count 0 Dec 11 09:55:20.272: INFO: Container ppc-svc ready: true, restart count 0 Dec 11 09:55:20.272: INFO: prd-efk-elasticsearch-fluentd-t6bxk started at 2018-11-19 17:03:43 +0000 UTC (1+1 container statuses recorded) Dec 11 09:55:20.272: INFO: Init container init-fluentd ready: true, restart count 0 Dec 11 09:55:20.272: INFO: Container fluentd ready: true, restart count 0 Dec 11 09:55:20.272: INFO: prd-pf-conf-svc-platform-conf-svc-6f8c9c5649-hrx2v started at 2018-11-20 08:43:48 +0000 UTC (0+2 container statuses recorded) Dec 11 09:55:20.272: INFO: Container filebeat ready: true, restart count 0 Dec 11 09:55:20.272: INFO: Container prd-pf-conf-svc-platform-conf-svc ready: true, restart count 0 Dec 11 09:55:20.272: INFO: prd-pf-dashboard-ui-platform-dashboard-ui-859cf5d999-9qp8v started at 2018-11-20 11:23:38 +0000 UTC (0+1 container statuses recorded) Dec 11 09:55:20.272: INFO: Container platform-dashboard-ui ready: true, restart count 0 Dec 11 09:55:20.272: INFO: prd-pf-dashboard-ui-platform-dashboard-ui-859cf5d999-mwwgd started at 2018-11-20 11:23:32 +0000 UTC (0+1 container statuses recorded) Dec 11 09:55:20.272: INFO: Container platform-dashboard-ui ready: true, restart count 0 Dec 11 09:55:20.272: INFO: prd-pf-accmgmt-ui-platform-accmgmt-ui-5cbc4c9d66-krr5g started at 2018-11-20 11:50:04 +0000 UTC (0+1 container statuses recorded) Dec 11 09:55:20.272: INFO: Container platform-accmgmt-ui ready: true, restart count 0 Dec 11 09:55:20.309: INFO: Latency metrics for node ip-172-25-62-1.us-west-1.compute.internal Dec 11 09:55:20.309: INFO: {Operation:stop_container Method:docker_operations_latency_microseconds Quantile:0.99 Latency:30.04662s} Dec 11 09:55:20.309: INFO: Logging node info for node ip-172-25-62-180.us-west-1.compute.internal Dec 11 09:55:20.311: INFO: Node Info: &Node{ObjectMeta:k8s_io_apimachinery_pkg_apis_meta_v1.ObjectMeta{Name:ip-172-25-62-180.us-west-1.compute.internal,GenerateName:,Namespace:,SelfLink:/api/v1/nodes/ip-172-25-62-180.us-west-1.compute.internal,UID:5489cb6c-ec05-11e8-8e03-0681e6464a68,ResourceVersion:21960780,Generation:0,CreationTimestamp:2018-11-19 14:13:47 +0000 UTC,DeletionTimestamp:<nil>,DeletionGracePeriodSeconds:nil,Labels:map[string]string{beta.kubernetes.io/arch: amd64,beta.kubernetes.io/instance-type: c4.2xlarge,beta.kubernetes.io/os: linux,failure-domain.beta.kubernetes.io/region: us-west-1,failure-domain.beta.kubernetes.io/zone: us-west-1a,kops.k8s.io/instancegroup: master-us-west-1a-1,kubernetes.io/hostname: ip-172-25-62-180.us-west-1.compute.internal,kubernetes.io/role: master,node-role.kubernetes.io/master: ,},Annotations:map[string]string{node.alpha.kubernetes.io/ttl: 0,volumes.kubernetes.io/controller-managed-attach-detach: true,},OwnerReferences:[],Finalizers:[],ClusterName:,Initializers:nil,},Spec:NodeSpec{PodCIDR:100.96.9.0/24,DoNotUse_ExternalID:i-07ea9375fa375b708,ProviderID:aws:///us-west-1a/i-07ea9375fa375b708,Unschedulable:false,Taints:[{node-role.kubernetes.io/master NoSchedule <nil>}],ConfigSource:nil,},Status:NodeStatus{Capacity:ResourceList{cpu: {{8 0} {<nil>} 8 DecimalSI},ephemeral-storage: {{68706873344 0} {<nil>} 67096556Ki BinarySI},hugepages-1Gi: {{0 0} {<nil>} 0 DecimalSI},hugepages-2Mi: {{0 0} {<nil>} 0 DecimalSI},memory: {{15600160768 0} {<nil>} 15234532Ki BinarySI},pods: {{110 0} {<nil>} 110 DecimalSI},},Allocatable:ResourceList{cpu: {{8 0} {<nil>} 8 DecimalSI},ephemeral-storage: {{61836185908 0} {<nil>} 61836185908 DecimalSI},hugepages-1Gi: {{0 0} {<nil>} 0 DecimalSI},hugepages-2Mi: {{0 0} {<nil>} 0 DecimalSI},memory: {{15495303168 0} {<nil>} 15132132Ki BinarySI},pods: {{110 0} {<nil>} 110 DecimalSI},},Phase:,Conditions:[{OutOfDisk False 2018-12-11 09:55:14 +0000 UTC 2018-11-19 14:13:43 +0000 UTC KubeletHasSufficientDisk kubelet has sufficient disk space available} {MemoryPressure False 2018-12-11 09:55:14 +0000 UTC 2018-11-19 14:13:43 +0000 UTC KubeletHasSufficientMemory kubelet has sufficient memory available} {DiskPressure False 2018-12-11 09:55:14 +0000 UTC 2018-11-19 14:13:43 +0000 UTC KubeletHasNoDiskPressure kubelet has no disk pressure} {PIDPressure False 2018-12-11 09:55:14 +0000 UTC 2018-11-19 14:13:43 +0000 UTC KubeletHasSufficientPID kubelet has sufficient PID available} {Ready True 2018-12-11 09:55:14 +0000 UTC 2018-11-19 14:14:07 +0000 UTC KubeletReady kubelet is posting ready status}],Addresses:[{InternalIP 172.25.62.180} {InternalDNS ip-172-25-62-180.us-west-1.compute.internal} {Hostname ip-172-25-62-180.us-west-1.compute.internal}],DaemonEndpoints:NodeDaemonEndpoints{KubeletEndpoint:DaemonEndpoint{Port:10250,},},NodeInfo:NodeSystemInfo{MachineID:3fae03a9ff024c86b61fd4f52ad2438f,SystemUUID:EC27A1F3-97F8-95F3-8C9F-E5C62C1C4E85,BootID:7bcb3bd8-237e-4f14-93db-4adafd1289bb,KernelVersion:3.10.0-693.el7.x86_64,OSImage:Red Hat Enterprise Linux Server 7.4 (Maipo),ContainerRuntimeVersion:docker://17.3.2,KubeletVersion:v1.10.6,KubeProxyVersion:v1.10.6,OperatingSystem:linux,Architecture:amd64,},Images:[{[quay.io/calico/node@sha256:7758c25549fcfe677699bbcd3c279b3a174e7cbbbf9d16f3d71713d68f695dfb quay.io/calico/node:v2.6.7] 281572001} {[protokube:1.10.0] 278482183} {[k8s.gcr.io/kube-apiserver@sha256:3283c534aab386bc678986c74c2fc855db46b3f424884d547641c82dba6ec5de k8s.gcr.io/kube-apiserver:v1.10.6] 228066280} {[fluent/fluentd-kubernetes-daemonset@sha256:752aed38ede9b0bbf7ae411761672d83d60ecc54bfa567972f7c6076713bec9f fluent/fluentd-kubernetes-daemonset:v0.12-debian-elasticsearch] 228009678} {[k8s.gcr.io/kube-controller-manager@sha256:93bbd2218a04253db98438ee49d9512359ee9d2a89e2a4247d520b21296acfd6 k8s.gcr.io/kube-controller-manager:v1.10.6] 150824264} {[k8s.gcr.io/kube-proxy@sha256:99a9e5ce663a27603a297981156cef2163cb6eee3a2e4fcf958063ec09a4cfc0 k8s.gcr.io/kube-proxy:v1.10.6] 97861102} {[quay.io/calico/cni@sha256:3a23e093b1e98cf232a226fedff591d33919f5297f016a41d8012efc83b23a84 quay.io/calico/cni:v1.11.2] 70781000} {[k8s.gcr.io/kube-scheduler@sha256:83eb7da923c75ef02fd0f8665b2411d6f3bf5e2df0de35849890c65a3d667d7a k8s.gcr.io/kube-scheduler:v1.10.6] 51215735} {[k8s.gcr.io/etcd@sha256:19544a655157fb089b62d4dac02bbd095f82ca245dd5e31dd1684d175b109947 k8s.gcr.io/etcd:2.2.1] 28191895} {[odise/busybox-curl@sha256:815ad8389785898c19a63afcaca0df0026a6574731ffd44daf2ae0f885c21fda odise/busybox-curl:stable] 7070717} {[k8s.gcr.io/pause-amd64@sha256:163ac025575b775d1c0f9bf0bdd0f086883171eb475b5068e7defa4ca9e76516 k8s.gcr.io/pause-amd64:3.0] 746888}],VolumesInUse:[],VolumesAttached:[],Config:nil,},} Dec 11 09:55:20.311: INFO: Logging kubelet events for node ip-172-25-62-180.us-west-1.compute.internal Dec 11 09:55:20.313: INFO: Logging pods the kubelet thinks is on node ip-172-25-62-180.us-west-1.compute.internal Dec 11 09:55:20.323: INFO: calico-node-z2gn6 started at 2018-11-19 14:13:47 +0000 UTC (0+2 container statuses recorded) Dec 11 09:55:20.323: INFO: Container calico-node ready: true, restart count 0 Dec 11 09:55:20.323: INFO: Container install-cni ready: true, restart count 0 Dec 11 09:55:20.323: INFO: etcd-server-events-ip-172-25-62-180.us-west-1.compute.internal started at <nil> (0+0 container statuses recorded) Dec 11 09:55:20.323: INFO: etcd-server-ip-172-25-62-180.us-west-1.compute.internal started at <nil> (0+0 container statuses recorded) Dec 11 09:55:20.323: INFO: kube-apiserver-ip-172-25-62-180.us-west-1.compute.internal started at <nil> (0+0 container statuses recorded) Dec 11 09:55:20.323: INFO: kube-controller-manager-ip-172-25-62-180.us-west-1.compute.internal started at <nil> (0+0 container statuses recorded) Dec 11 09:55:20.323: INFO: kube-proxy-ip-172-25-62-180.us-west-1.compute.internal started at <nil> (0+0 container statuses recorded) Dec 11 09:55:20.323: INFO: kube-scheduler-ip-172-25-62-180.us-west-1.compute.internal started at <nil> (0+0 container statuses recorded) Dec 11 09:55:20.323: INFO: prd-efk-elasticsearch-fluentd-d8gqp started at 2018-11-19 14:13:47 +0000 UTC (1+1 container statuses recorded) Dec 11 09:55:20.323: INFO: Init container init-fluentd ready: true, restart count 0 Dec 11 09:55:20.323: INFO: Container fluentd ready: false, restart count 0 Dec 11 09:55:20.350: INFO: Latency metrics for node ip-172-25-62-180.us-west-1.compute.internal Dec 11 09:55:20.350: INFO: Logging node info for node ip-172-25-84-67.us-west-1.compute.internal Dec 11 09:55:20.352: INFO: Node Info: &Node{ObjectMeta:k8s_io_apimachinery_pkg_apis_meta_v1.ObjectMeta{Name:ip-172-25-84-67.us-west-1.compute.internal,GenerateName:,Namespace:,SelfLink:/api/v1/nodes/ip-172-25-84-67.us-west-1.compute.internal,UID:58aa1dd3-ec0a-11e8-b4a2-0219198c6576,ResourceVersion:21960772,Generation:0,CreationTimestamp:2018-11-19 14:49:41 +0000 UTC,DeletionTimestamp:<nil>,DeletionGracePeriodSeconds:nil,Labels:map[string]string{beta.kubernetes.io/arch: amd64,beta.kubernetes.io/instance-type: c4.2xlarge,beta.kubernetes.io/os: linux,failure-domain.beta.kubernetes.io/region: us-west-1,failure-domain.beta.kubernetes.io/zone: us-west-1b,kops.k8s.io/instancegroup: master-us-west-1b-1,kubernetes.io/hostname: ip-172-25-84-67.us-west-1.compute.internal,kubernetes.io/role: master,node-role.kubernetes.io/master: ,},Annotations:map[string]string{node.alpha.kubernetes.io/ttl: 0,volumes.kubernetes.io/controller-managed-attach-detach: true,},OwnerReferences:[],Finalizers:[],ClusterName:,Initializers:nil,},Spec:NodeSpec{PodCIDR:100.96.0.0/24,DoNotUse_ExternalID:i-07f6eec792b90de36,ProviderID:aws:///us-west-1b/i-07f6eec792b90de36,Unschedulable:false,Taints:[{node-role.kubernetes.io/master NoSchedule <nil>}],ConfigSource:nil,},Status:NodeStatus{Capacity:ResourceList{cpu: {{8 0} {<nil>} 8 DecimalSI},ephemeral-storage: {{68706873344 0} {<nil>} 67096556Ki BinarySI},hugepages-1Gi: {{0 0} {<nil>} 0 DecimalSI},hugepages-2Mi: {{0 0} {<nil>} 0 DecimalSI},memory: {{15600160768 0} {<nil>} 15234532Ki BinarySI},pods: {{110 0} {<nil>} 110 DecimalSI},},Allocatable:ResourceList{cpu: {{8 0} {<nil>} 8 DecimalSI},ephemeral-storage: {{61836185908 0} {<nil>} 61836185908 DecimalSI},hugepages-1Gi: {{0 0} {<nil>} 0 DecimalSI},hugepages-2Mi: {{0 0} {<nil>} 0 DecimalSI},memory: {{15495303168 0} {<nil>} 15132132Ki BinarySI},pods: {{110 0} {<nil>} 110 DecimalSI},},Phase:,Conditions:[{OutOfDisk False 2018-12-11 09:55:12 +0000 UTC 2018-11-19 14:49:37 +0000 UTC KubeletHasSufficientDisk kubelet has sufficient disk space available} {MemoryPressure False 2018-12-11 09:55:12 +0000 UTC 2018-11-19 14:49:37 +0000 UTC KubeletHasSufficientMemory kubelet has sufficient memory available} {DiskPressure False 2018-12-11 09:55:12 +0000 UTC 2018-11-19 14:49:37 +0000 UTC KubeletHasNoDiskPressure kubelet has no disk pressure} {PIDPressure False 2018-12-11 09:55:12 +0000 UTC 2018-11-19 14:49:37 +0000 UTC KubeletHasSufficientPID kubelet has sufficient PID available} {Ready True 2018-12-11 09:55:12 +0000 UTC 2018-11-19 14:50:01 +0000 UTC KubeletReady kubelet is posting ready status}],Addresses:[{InternalIP 172.25.84.67} {InternalDNS ip-172-25-84-67.us-west-1.compute.internal} {Hostname ip-172-25-84-67.us-west-1.compute.internal}],DaemonEndpoints:NodeDaemonEndpoints{KubeletEndpoint:DaemonEndpoint{Port:10250,},},NodeInfo:NodeSystemInfo{MachineID:596fc367b0d54f6789a3d8658dc51e41,SystemUUID:EC2BB0A6-71A0-1568-83CD-30B2523805CE,BootID:a7474875-0e03-47fc-853d-d1990ff96a49,KernelVersion:3.10.0-693.el7.x86_64,OSImage:Red Hat Enterprise Linux Server 7.4 (Maipo),ContainerRuntimeVersion:docker://17.3.2,KubeletVersion:v1.10.6,KubeProxyVersion:v1.10.6,OperatingSystem:linux,Architecture:amd64,},Images:[{[gcr.io/heptio-images/kube-conformance@sha256:ad05dd6563350277db4706010fbc237a4f25c558caa9d27a12be266055a48801 gcr.io/heptio-images/kube-conformance:latest] 462484279} {[quay.io/calico/node@sha256:7758c25549fcfe677699bbcd3c279b3a174e7cbbbf9d16f3d71713d68f695dfb quay.io/calico/node:v2.6.7] 281572001} {[protokube:1.10.0] 278482183} {[k8s.gcr.io/kube-apiserver@sha256:3283c534aab386bc678986c74c2fc855db46b3f424884d547641c82dba6ec5de k8s.gcr.io/kube-apiserver:v1.10.6] 228066280} {[fluent/fluentd-kubernetes-daemonset@sha256:752aed38ede9b0bbf7ae411761672d83d60ecc54bfa567972f7c6076713bec9f fluent/fluentd-kubernetes-daemonset:v0.12-debian-elasticsearch] 228009678} {[k8s.gcr.io/kube-controller-manager@sha256:93bbd2218a04253db98438ee49d9512359ee9d2a89e2a4247d520b21296acfd6 k8s.gcr.io/kube-controller-manager:v1.10.6] 150824264} {[k8s.gcr.io/kube-proxy@sha256:99a9e5ce663a27603a297981156cef2163cb6eee3a2e4fcf958063ec09a4cfc0 k8s.gcr.io/kube-proxy:v1.10.6] 97861102} {[quay.io/calico/cni@sha256:3a23e093b1e98cf232a226fedff591d33919f5297f016a41d8012efc83b23a84 quay.io/calico/cni:v1.11.2] 70781000} {[k8s.gcr.io/kube-scheduler@sha256:83eb7da923c75ef02fd0f8665b2411d6f3bf5e2df0de35849890c65a3d667d7a k8s.gcr.io/kube-scheduler:v1.10.6] 51215735} {[gcr.io/heptio-images/sonobuoy@sha256:11d129bc56862d008e3351a458faa3ca36a0780cb25efa38a54d163ebc150c77 gcr.io/heptio-images/sonobuoy:v0.13] 33389023} {[k8s.gcr.io/etcd@sha256:19544a655157fb089b62d4dac02bbd095f82ca245dd5e31dd1684d175b109947 k8s.gcr.io/etcd:2.2.1] 28191895} {[odise/busybox-curl@sha256:815ad8389785898c19a63afcaca0df0026a6574731ffd44daf2ae0f885c21fda odise/busybox-curl:stable] 7070717} {[k8s.gcr.io/pause-amd64@sha256:163ac025575b775d1c0f9bf0bdd0f086883171eb475b5068e7defa4ca9e76516 k8s.gcr.io/pause-amd64:3.0] 746888}],VolumesInUse:[],VolumesAttached:[],Config:nil,},} Dec 11 09:55:20.353: INFO: Logging kubelet events for node ip-172-25-84-67.us-west-1.compute.internal Dec 11 09:55:20.355: INFO: Logging pods the kubelet thinks is on node ip-172-25-84-67.us-west-1.compute.internal Dec 11 09:55:20.374: INFO: etcd-server-events-ip-172-25-84-67.us-west-1.compute.internal started at <nil> (0+0 container statuses recorded) Dec 11 09:55:20.374: INFO: etcd-server-ip-172-25-84-67.us-west-1.compute.internal started at <nil> (0+0 container statuses recorded) Dec 11 09:55:20.374: INFO: kube-apiserver-ip-172-25-84-67.us-west-1.compute.internal started at <nil> (0+0 container statuses recorded) Dec 11 09:55:20.374: INFO: kube-proxy-ip-172-25-84-67.us-west-1.compute.internal started at <nil> (0+0 container statuses recorded) Dec 11 09:55:20.374: INFO: calico-node-27rw4 started at 2018-11-19 14:49:41 +0000 UTC (0+2 container statuses recorded) Dec 11 09:55:20.374: INFO: Container calico-node ready: true, restart count 0 Dec 11 09:55:20.374: INFO: Container install-cni ready: true, restart count 0 Dec 11 09:55:20.374: INFO: prd-efk-elasticsearch-fluentd-jhbrx started at 2018-11-19 14:49:41 +0000 UTC (1+1 container statuses recorded) Dec 11 09:55:20.374: INFO: Init container init-fluentd ready: true, restart count 0 Dec 11 09:55:20.374: INFO: Container fluentd ready: true, restart count 0 Dec 11 09:55:20.374: INFO: kube-controller-manager-ip-172-25-84-67.us-west-1.compute.internal started at <nil> (0+0 container statuses recorded) Dec 11 09:55:20.374: INFO: kube-scheduler-ip-172-25-84-67.us-west-1.compute.internal started at <nil> (0+0 container statuses recorded) Dec 11 09:55:20.374: INFO: sonobuoy-e2e-job-20dd198901204d4d started at 2018-12-11 09:12:16 +0000 UTC (0+2 container statuses recorded) Dec 11 09:55:20.374: INFO: Container e2e ready: true, restart count 0 Dec 11 09:55:20.374: INFO: Container sonobuoy-worker ready: true, restart count 0 Dec 11 09:55:20.396: INFO: Latency metrics for node ip-172-25-84-67.us-west-1.compute.internal Dec 11 09:55:20.396: INFO: Logging node info for node ip-172-25-93-75.us-west-1.compute.internal Dec 11 09:55:20.399: INFO: Node Info: &Node{ObjectMeta:k8s_io_apimachinery_pkg_apis_meta_v1.ObjectMeta{Name:ip-172-25-93-75.us-west-1.compute.internal,GenerateName:,Namespace:,SelfLink:/api/v1/nodes/ip-172-25-93-75.us-west-1.compute.internal,UID:ad10fac3-ec1b-11e8-b4a2-0219198c6576,ResourceVersion:21960788,Generation:0,CreationTimestamp:2018-11-19 16:53:44 +0000 UTC,DeletionTimestamp:<nil>,DeletionGracePeriodSeconds:nil,Labels:map[string]string{beta.kubernetes.io/arch: amd64,beta.kubernetes.io/instance-type: r4.4xlarge,beta.kubernetes.io/os: linux,failure-domain.beta.kubernetes.io/region: us-west-1,failure-domain.beta.kubernetes.io/zone: us-west-1b,kops.k8s.io/instancegroup: nodes,kubernetes.io/hostname: ip-172-25-93-75.us-west-1.compute.internal,kubernetes.io/role: node,node-role.kubernetes.io/node: ,},Annotations:map[string]string{node.alpha.kubernetes.io/ttl: 0,volumes.kubernetes.io/controller-managed-attach-detach: true,},OwnerReferences:[],Finalizers:[],ClusterName:,Initializers:nil,},Spec:NodeSpec{PodCIDR:100.96.2.0/24,DoNotUse_ExternalID:i-00c94fcff533a9f28,ProviderID:aws:///us-west-1b/i-00c94fcff533a9f28,Unschedulable:false,Taints:[],ConfigSource:nil,},Status:NodeStatus{Capacity:ResourceList{cpu: {{16 0} {<nil>} 16 DecimalSI},ephemeral-storage: {{137426350080 0} {<nil>} 134205420Ki BinarySI},hugepages-1Gi: {{0 0} {<nil>} 0 DecimalSI},hugepages-2Mi: {{0 0} {<nil>} 0 DecimalSI},memory: {{128672694272 0} {<nil>} BinarySI},pods: {{110 0} {<nil>} 110 DecimalSI},},Allocatable:ResourceList{cpu: {{16 0} {<nil>} 16 DecimalSI},ephemeral-storage: {{123683714868 0} {<nil>} 123683714868 DecimalSI},hugepages-1Gi: {{0 0} {<nil>} 0 DecimalSI},hugepages-2Mi: {{0 0} {<nil>} 0 DecimalSI},memory: {{128567836672 0} {<nil>} BinarySI},pods: {{110 0} {<nil>} 110 DecimalSI},},Phase:,Conditions:[{OutOfDisk False 2018-12-11 09:55:19 +0000 UTC 2018-11-19 16:53:44 +0000 UTC KubeletHasSufficientDisk kubelet has sufficient disk space available} {MemoryPressure False 2018-12-11 09:55:19 +0000 UTC 2018-11-19 16:53:44 +0000 UTC KubeletHasSufficientMemory kubelet has sufficient memory available} {DiskPressure False 2018-12-11 09:55:19 +0000 UTC 2018-11-19 16:53:44 +0000 UTC KubeletHasNoDiskPressure kubelet has no disk pressure} {PIDPressure False 2018-12-11 09:55:19 +0000 UTC 2018-11-19 16:53:44 +0000 UTC KubeletHasSufficientPID kubelet has sufficient PID available} {Ready True 2018-12-11 09:55:19 +0000 UTC 2018-11-19 16:54:54 +0000 UTC KubeletReady kubelet is posting ready status}],Addresses:[{InternalIP 172.25.93.75} {InternalDNS ip-172-25-93-75.us-west-1.compute.internal} {Hostname ip-172-25-93-75.us-west-1.compute.internal}],DaemonEndpoints:NodeDaemonEndpoints{KubeletEndpoint:DaemonEndpoint{Port:10250,},},NodeInfo:NodeSystemInfo{MachineID:fc3eb768d0ac4f9fa0110e149402c00e,SystemUUID:EC206936-51AD-2905-BD22-C891A7CEAC94,BootID:8f0e5b68-6543-4555-a555-6d2803b61eee,KernelVersion:3.10.0-693.el7.x86_64,OSImage:Red Hat Enterprise Linux Server 7.4 (Maipo),ContainerRuntimeVersion:docker://17.3.2,KubeletVersion:v1.10.6,KubeProxyVersion:v1.10.6,OperatingSystem:linux,Architecture:amd64,},Images:[{[intellectdesigndevteam/keycloak@sha256:04745df1a705938a69a680ef1f218fa05acd3ddeae05ed0b27059cac77d079bd intellectdesigndevteam/keycloak:HEAD.138] 776327486} {[quay.io/kubernetes-ingress-controller/nginx-ingress-controller@sha256:f6180c5397d2361c317aff1314dc192ab0f9f515346a5319422cdc264f05d2d9 quay.io/kubernetes-ingress-controller/nginx-ingress-controller:0.20.0] 513053329} {[intellectdesigndevteam/platform-document-service@sha256:f03450a8ad1d44a2398de68a4e74211ed3f6206bff7d54c7c0430c9ae43e925f intellectdesigndevteam/platform-document-service:qa-18.3.1.19] 382667587} {[intellectdesigndevteam/qni-illustration-service@sha256:2dbc0c4bddb98df953dae7e1f07ac6eb974b2c69e29581ae14e39dd51ff6a7c1 intellectdesigndevteam/qni-illustration-service:18.4.0-dev] 363345689} {[datadog/agent@sha256:f3427a04d93b0f0b82674be9b7217aba03e064898e2a6c59e94897b8be293823 datadog/agent:6.0.0] 337278068} {[intellectdesigndevteam/ai-sentiment-service@sha256:1b826b7681ae487b5f981e2bdf9b89c87b3bae67faa8e1328c097dc2e4eca363 intellectdesigndevteam/ai-sentiment-service:v18.4.1.1] 336713753} {[intellectdevcloud/platform-filebeat@sha256:393f2e866d3511565997e464359984fa8949c885fc3998c095963325daef20da intellectdevcloud/platform-filebeat:latest] 318649904} {[intellectdesigndevteam/platform-bulkuserimport-service@sha256:3cc549cb89e2987f129157d3706d2f36abe0ca63e1cc5e14751134968724c9f5 intellectdesigndevteam/platform-bulkuserimport-service:qa-18.3.1.19] 315312535} {[intellectdesigndevteam/platform-data-service@sha256:b11e43b1a1dc43060d9633936625e934e3e0d37bc4f021c5e2d0719933d67250 intellectdesigndevteam/platform-data-service:qa-18.3.1.6] 297525539} {[quay.io/calico/node@sha256:7758c25549fcfe677699bbcd3c279b3a174e7cbbbf9d16f3d71713d68f695dfb quay.io/calico/node:v2.6.7] 281572001} {[protokube:1.10.0] 278482183} {[intellectdesigndevteam/platform-signup-service@sha256:c47bdd7deef21a19e3165e2d144c562794e994320d74276839e8455e04e83643 intellectdesigndevteam/platform-signup-service:qa-18.3.1.16] 270601639} {[intellectdesigndevteam/platform-iam-service@sha256:d8d4429e9b83213cd7597411359575b9999dc32f8b911aecedd7d74ec574e7ee intellectdesigndevteam/platform-iam-service:qa-18.3.1.26] 265195612} {[intellectdevcloud/pm-profile-service@sha256:f0e96b993041268fab1cb2ea9b0822135c0580c65d1260e865491639f044ecbd intellectdevcloud/pm-profile-service:18.2.0.1-150618-k8s] 263694180} {[intellectdesigndevteam/platform-telephony-service@sha256:71d6f3e29872035c89a8bd3f2bf672d069f2711e3bc50a7a1a8e007f96f2fe8b intellectdesigndevteam/platform-telephony-service:qa-18.3.1.1] 255496670} {[intellectdesigndevteam/platform-calendar-service@sha256:e77b861007c53296e66fb457c5e5578906a25f8b4cfd2161d1895509f3c5a8bc intellectdesigndevteam/platform-calendar-service:qa-18.3.1.20] 253851461} {[intellectdesigndevteam/platform-contact-service@sha256:feaac96a8e27ed41579d61aee99676d6e0bf5a211b9f952b90fae829dfceaa67 intellectdesigndevteam/platform-contact-service:qa-18.3.1.16] 253833597} {[intellectdesigndevteam/platform-notification-service@sha256:7d5d03a40c32661827903b5f6f616a252311d59b0297e24ef4d8da5974d588b5 intellectdesigndevteam/platform-notification-service:qa-18.3.1.19] 250643389} {[intellectdesigndevteam/platform-config-service@sha256:06b65c100e8716cab80d1eb18a0884d2d9fd4bfd5eefb680c3a7dc484fd27e33 intellectdesigndevteam/platform-config-service:stag-18.3.1.17.1] 250153994} {[intellectdesigndevteam/platform-activity-service@sha256:09d1fdad637da213bc1d9fac6ebc696d4f279677fe7a87b7c683f8043c2dd15b intellectdesigndevteam/platform-activity-service:qa-18.3.1.18] 249015063} {[intellectdesigndevteam/platform-account-service@sha256:b93f93ee912665999b662494989d8cb0af5c46e6e87d0aaed81a4040c43c1942 intellectdesigndevteam/platform-account-service:stag-18.3.1.22.1] 247829302} {[intellectdesigndevteam/platform-audit-service@sha256:6fd07e5804be5f2c50f171440cfcd683c8a0fc5462cc658e76e147a69aabc1ef intellectdesigndevteam/platform-audit-service:qa-18.3.1.20] 244793295} {[intellectdesigndevteam/platform-notes-service@sha256:fe7a79441bbfc780ba0e120dce6b3a3745f39f07bf8549abec7211f1fecdcdbb intellectdesigndevteam/platform-notes-service:qa-18.3.1.15] 242664197} {[intellectdesigndevteam/platform-email-service@sha256:9e56b9b3b9a57d070a36a218cd0d701313c961dc618e0cdd0666345c40adc5b7 intellectdesigndevteam/platform-email-service:qa-18.3.1.14] 241218721} {[intellectdesigndevteam/leadcloser-service@sha256:3ec1f000c589dff6cec4ac74e3b2af778195f61aeed034f652d30727acef6323 intellectdesigndevteam/leadcloser-service:dev-18.3.1.57] 237593029} {[intellectdesigndevteam/leadcloser-service@sha256:8ecf7a2a2728badce272f97649ca8874fd8db1646e9a5a60dcfbd6013ad465d9 intellectdesigndevteam/leadcloser-service:dev-18.3.1.86] 237242743} {[intellectdesigndevteam/pgpool@sha256:672d1b41d58c9b7c849de2d8d0c042b3a913b358a7b38f042e83d44cd46e3a0c intellectdesigndevteam/pgpool:HEAD.138] 228082404} {[fluent/fluentd-kubernetes-daemonset@sha256:752aed38ede9b0bbf7ae411761672d83d60ecc54bfa567972f7c6076713bec9f fluent/fluentd-kubernetes-daemonset:v0.12-debian-elasticsearch] 228009678} {[intellectdesigndevteam/leadcloser-bulkupload-service@sha256:106f3c3aee6b5c5bb7c1304bf379aaad673de259965a29b8a588cdd40f45f51e intellectdesigndevteam/leadcloser-bulkupload-service:dev-18.3.1.32] 216168459} {[intellectdesigndevteam/platform-api-management-ui@sha256:6f6046562ccdde80afd488baa69e90521f8a831a14f3386ddca93ce71aaac285 intellectdesigndevteam/platform-api-management-ui:qa-18.3.1.6] 125219964} {[quay.io/pires/docker-elasticsearch-kubernetes@sha256:62d1dbf7b7c0a47a560b97a53753c980be62c719db55c3fc9128d7a9315daa1e quay.io/pires/docker-elasticsearch-kubernetes:6.0.0] 122667485} {[intellectdesigndevteam/platform-admin-ui@sha256:2c09773e964ca577d3a6ea9159dfef15bff34f2d7f1c6e8ef22a2cff919d3b01 intellectdesigndevteam/platform-admin-ui:qa-18.3.1.6] 121019110} {[intellectdesigndevteam/platform-api-management-ui@sha256:a8d9bfb0f90d06774795d901b98f2c373d0bb6d1fb69d422cfc471a85a2f186a intellectdesigndevteam/platform-api-management-ui:qa-18.3.1.5] 113907865} {[intellectdesigndevteam/platform-admin-ui@sha256:168bcbf6a6cbfe14cac6c975d5b6563af06a606cb0646f9d1f03157acab8ca99 intellectdesigndevteam/platform-admin-ui:qa-18.3.1.5] 109695063} {[intellectdesigndevteam/dss-leadcloser-ui@sha256:ebefb74aff30c289ba5a83a715a5ac732ae6c64686d003550aae247f1bf8eba2 intellectdesigndevteam/dss-leadcloser-ui:18.3.1] 102985492} {[intellectdesigndevteam/dss-ppc-ui@sha256:bca0a9321b60817564383baf99cf1e9b1b0ff784d364373102c6b25e29113de0 intellectdesigndevteam/dss-ppc-ui:18.3.1] 102355561} {[intellectdesigndevteam/platform-account-management-ui@sha256:d2494446e3133ec5e8b2da0ea464e27dd3b60eda41a4accbf9141d4724fb5a41 intellectdesigndevteam/platform-account-management-ui:qa-18.3.1.6] 100282409} {[intellectdesigndevteam/botfactory-ui@sha256:e9c763ac3dd601e9ff9f965390fc3b236f2e85bf20bbbcc4f5f3b7ae930ecdc3 intellectdesigndevteam/botfactory-ui:qa-1.0.3] 99649323} {[intellectdesigndevteam/platform-profile-management-ui@sha256:92ec762dd3287b4d2e6e494ab3ce870f876934c8a970f52e33c496ab471088cc intellectdesigndevteam/platform-profile-management-ui:qa-18.3.1.6] 99094508} {[intellectdesigndevteam/platform-signup-ui@sha256:f0ea5b4fdbc4c6bc312539b4aa4384b2fdae1d3e8cc23aaa707f2f85fb40a025 intellectdesigndevteam/platform-signup-ui:qa-18.3.1.6] 97876153} {[k8s.gcr.io/kube-proxy@sha256:99a9e5ce663a27603a297981156cef2163cb6eee3a2e4fcf958063ec09a4cfc0 k8s.gcr.io/kube-proxy:v1.10.6] 97861102} {[intellectdesigndevteam/platform-dashboard-ui@sha256:39ca7d2277802e3bfe87a6b779d049143b8543aa1bef5fc4a38db93de75789bf intellectdesigndevteam/platform-dashboard-ui:qa-18.3.1.5] 92532926} {[intellectdesigndevteam/platform-account-management-ui@sha256:38b6bac1384c0d3140483e3c6045d0ea7d5acf5bc962ef76ad1c76689ccc5131 intellectdesigndevteam/platform-account-management-ui:qa-18.3.1.5] 88970310} {[intellectdesigndevteam/platform-profile-management-ui@sha256:15ae94ffb55848026ce69c904695ab8c02838758b8b0755f59226500e459d144 intellectdesigndevteam/platform-profile-management-ui:qa-18.3.1.5] 87805996} {[intellectdesigndevteam/platform-signup-ui@sha256:0ff2d304f36a12e7d66beaf2313993c558155deaacbc58e9c6a5a5cbb5416371 intellectdesigndevteam/platform-signup-ui:qa-18.3.1.5] 86564054} {[k8s.gcr.io/heapster@sha256:b77cebeff2180d03e21cc9f9c6b69a0d9710caa9f6263e675eab7938019631ef k8s.gcr.io/heapster:v1.4.0] 73395475} {[intellectdesigndevteam/botfactory-chatbot-ui@sha256:1a5c90b58acce17dc85806214db90edbcf567c5ffc3dc7442da22f5c7440cdd5 intellectdesigndevteam/botfactory-chatbot-ui:qa-1.0.4] 71259465} {[quay.io/calico/cni@sha256:3a23e093b1e98cf232a226fedff591d33919f5297f016a41d8012efc83b23a84 quay.io/calico/cni:v1.11.2] 70781000} {[gcr.io/google_containers/k8s-dns-kube-dns-amd64@sha256:b99fc3eee2a9f052f7eb4cc00f15eb12fc405fa41019baa2d6b79847ae7284a8 gcr.io/google_containers/k8s-dns-kube-dns-amd64:1.14.10] 49545125} {[gcr.io/google_containers/k8s-dns-sidecar-amd64@sha256:4f1ab957f87b94a5ec1edc26fae50da2175461f00afecf68940c4aa079bd08a4 gcr.io/google_containers/k8s-dns-sidecar-amd64:1.14.10] 41630977}],VolumesInUse:[kubernetes.io/aws-ebs/aws://us-west-1b/vol-05e233cba14fdde4c kubernetes.io/aws-ebs/aws://us-west-1b/vol-06c2933258576513b kubernetes.io/aws-ebs/aws://us-west-1b/vol-0af80a01aa34cfa2c],VolumesAttached:[{kubernetes.io/aws-ebs/aws://us-west-1b/vol-0af80a01aa34cfa2c /dev/xvdcq} {kubernetes.io/aws-ebs/aws://us-west-1b/vol-05e233cba14fdde4c /dev/xvdbe} {kubernetes.io/aws-ebs/aws://us-west-1b/vol-06c2933258576513b /dev/xvdbt}],Config:nil,},} Dec 11 09:55:20.399: INFO: Logging kubelet events for node ip-172-25-93-75.us-west-1.compute.internal Dec 11 09:55:20.401: INFO: Logging pods the kubelet thinks is on node ip-172-25-93-75.us-west-1.compute.internal Dec 11 09:55:20.414: INFO: prd-efk-elasticsearch-data-0 started at 2018-11-19 16:59:28 +0000 UTC (1+1 container statuses recorded) Dec 11 09:55:20.414: INFO: Init container init-sysctl ready: true, restart count 0 Dec 11 09:55:20.414: INFO: Container es-data ready: false, restart count 0 Dec 11 09:55:20.414: INFO: prd-pf-apimgmt-ui-platform-apimgmt-ui-699d4df9d-cd7lv started at 2018-11-20 11:37:33 +0000 UTC (0+1 container statuses recorded) Dec 11 09:55:20.414: INFO: Container platform-apimgmt-ui ready: true, restart count 0 Dec 11 09:55:20.414: INFO: prd-pf-contact-svc-platform-contact-svc-7fdb7698d8-6s89f started at 2018-11-19 16:59:28 +0000 UTC (0+2 container statuses recorded) Dec 11 09:55:20.414: INFO: Container filebeat ready: true, restart count 0 Dec 11 09:55:20.414: INFO: Container prd-pf-contact-svc-platform-contact-svc ready: true, restart count 0 Dec 11 09:55:20.414: INFO: prd-dss-ppc-ui-64f9cf489c-r64qn started at 2018-11-20 14:04:47 +0000 UTC (0+1 container statuses recorded) Dec 11 09:55:20.414: INFO: Container dss-ppc-ui ready: true, restart count 0 Dec 11 09:55:20.414: INFO: prd-pf-calen-svc-platform-calen-svc-59dc958758-gq7dn started at 2018-11-19 16:59:29 +0000 UTC (0+2 container statuses recorded) Dec 11 09:55:20.414: INFO: Container filebeat ready: true, restart count 0 Dec 11 09:55:20.414: INFO: Container prd-pf-calen-svc-platform-calen-svc ready: true, restart count 0 Dec 11 09:55:20.414: INFO: prd-pf-sign-svc-platform-signup-svc-7dcfdd559-c26zr started at 2018-11-19 16:59:30 +0000 UTC (0+2 container statuses recorded) Dec 11 09:55:20.414: INFO: Container filebeat ready: true, restart count 0 Dec 11 09:55:20.414: INFO: Container prd-pf-sign-svc-platform-signup-svc ready: true, restart count 0 Dec 11 09:55:20.414: INFO: prd-efk-elasticsearch-fluentd-gv7g8 started at 2018-11-19 16:53:44 +0000 UTC (1+1 container statuses recorded) Dec 11 09:55:20.414: INFO: Init container init-fluentd ready: true, restart count 0 Dec 11 09:55:20.414: INFO: Container fluentd ready: false, restart count 0 Dec 11 09:55:20.414: INFO: prd-pf-doc-svc-platform-doc-svc-6bc8488db8-b6mbr started at 2018-11-19 16:59:28 +0000 UTC (0+2 container statuses recorded) Dec 11 09:55:20.414: INFO: Container filebeat ready: true, restart count 0 Dec 11 09:55:20.414: INFO: Container prd-pf-doc-svc-platform-doc-svc ready: true, restart count 0 Dec 11 09:55:20.414: INFO: prd-pf-prflmgmt-ui-platform-prflmgmt-ui-654ff59c99-mntgc started at 2018-11-20 11:46:36 +0000 UTC (0+1 container statuses recorded) Dec 11 09:55:20.414: INFO: Container platform-prflmgmt-ui ready: true, restart count 0 Dec 11 09:55:20.414: INFO: prd-pfm-svc-telephony-55658c585-l2cmb started at 2018-11-20 08:24:26 +0000 UTC (0+2 container statuses recorded) Dec 11 09:55:20.414: INFO: Container filebeat ready: true, restart count 0 Dec 11 09:55:20.414: INFO: Container prd-pf-telephony-svc-prd-pfm-svc-telephony ready: true, restart count 0 Dec 11 09:55:20.414: INFO: prd-pf-acc-svc-platform-acc-svc-56c66dc6bc-c76pd started at 2018-11-20 08:35:58 +0000 UTC (0+2 container statuses recorded) Dec 11 09:55:20.414: INFO: Container filebeat ready: true, restart count 0 Dec 11 09:55:20.414: INFO: Container prd-pf-acc-svc-platform-acc-svc ready: true, restart count 0 Dec 11 09:55:20.414: INFO: prd-pf-conf-svc-platform-conf-svc-6f8c9c5649-js8zv started at 2018-11-20 08:43:48 +0000 UTC (0+2 container statuses recorded) Dec 11 09:55:20.414: INFO: Container filebeat ready: true, restart count 0 Dec 11 09:55:20.414: INFO: Container prd-pf-conf-svc-platform-conf-svc ready: true, restart count 0 Dec 11 09:55:20.414: INFO: prd-dss-lc-svc-dss-lc-service-6c8748f77b-tffh5 started at 2018-11-20 13:24:04 +0000 UTC (0+2 container statuses recorded) Dec 11 09:55:20.414: INFO: Container dss-lc-service ready: true, restart count 0 Dec 11 09:55:20.414: INFO: Container filebeat ready: true, restart count 0 Dec 11 09:55:20.414: INFO: heapster-6d9d49d496-zxs9t started at 2018-11-19 16:59:28 +0000 UTC (0+2 container statuses recorded) Dec 11 09:55:20.414: INFO: Container heapster ready: true, restart count 0 Dec 11 09:55:20.414: INFO: Container heapster-nanny ready: true, restart count 0 Dec 11 09:55:20.414: INFO: prd-pf-iam-svc-platform-iam-svc-5d57975b5-b8fcg started at 2018-11-19 16:59:28 +0000 UTC (0+2 container statuses recorded) Dec 11 09:55:20.414: INFO: Container filebeat ready: true, restart count 0 Dec 11 09:55:20.414: INFO: Container prd-pf-iam-svc-platform-iam-svc ready: true, restart count 0 Dec 11 09:55:20.414: INFO: prd-pfm-svc-data-6448cbb64-djfdf started at 2018-11-19 16:59:30 +0000 UTC (0+2 container statuses recorded) Dec 11 09:55:20.414: INFO: Container filebeat ready: true, restart count 0 Dec 11 09:55:20.414: INFO: Container prd-pf-data-svc-prd-pfm-svc-data ready: true, restart count 0 Dec 11 09:55:20.414: INFO: prd-dss-lcbulk-svc-dss-lcbulk-service-77b5449544-6nkdr started at 2018-11-19 16:59:28 +0000 UTC (0+2 container statuses recorded) Dec 11 09:55:20.414: INFO: Container dss-lcbulk-service ready: true, restart count 0 Dec 11 09:55:20.414: INFO: Container filebeat ready: true, restart count 0 Dec 11 09:55:20.414: INFO: prd-pf-notif-svc-platform-notif-svc-84dd77bbd8-qhxw5 started at 2018-11-19 16:59:29 +0000 UTC (0+2 container statuses recorded) Dec 11 09:55:20.414: INFO: Container filebeat ready: true, restart count 0 Dec 11 09:55:20.414: INFO: Container prd-pf-notif-svc-platform-notif-svc ready: true, restart count 0 Dec 11 09:55:20.414: INFO: kube-dns-7c4d8456dd-np757 started at 2018-11-19 16:59:29 +0000 UTC (0+3 container statuses recorded) Dec 11 09:55:20.414: INFO: Container dnsmasq ready: true, restart count 0 Dec 11 09:55:20.414: INFO: Container kubedns ready: true, restart count 0 Dec 11 09:55:20.414: INFO: Container sidecar ready: true, restart count 0 Dec 11 09:55:20.414: INFO: prd-pf-audit-svc-platform-audit-svc-78f5998486-4vlp5 started at 2018-11-19 16:59:29 +0000 UTC (0+2 container statuses recorded) Dec 11 09:55:20.414: INFO: Container filebeat ready: true, restart count 0 Dec 11 09:55:20.414: INFO: Container prd-pf-audit-svc-platform-audit-svc ready: true, restart count 0 Dec 11 09:55:20.414: INFO: prd-keycloak-pgpool-58b949979d-ndwgn started at 2018-11-19 16:59:30 +0000 UTC (0+1 container statuses recorded) Dec 11 09:55:20.414: INFO: Container prd-keycloak-pgpool ready: true, restart count 0 Dec 11 09:55:20.414: INFO: prd-efk-elasticsearch-client-8655b8d9b9-5fmbv started at 2018-11-19 16:59:30 +0000 UTC (1+1 container statuses recorded) Dec 11 09:55:20.414: INFO: Init container init-sysctl ready: true, restart count 0 Dec 11 09:55:20.414: INFO: Container es-client ready: false, restart count 0 Dec 11 09:55:20.414: INFO: prd-pf-signup-ui-platform-signup-ui-54ffdd6f94-62xr7 started at 2018-11-20 11:30:50 +0000 UTC (0+1 container statuses recorded) Dec 11 09:55:20.414: INFO: Container platform-signup-ui ready: true, restart count 0 Dec 11 09:55:20.414: INFO: prd-pf-blkusrimp-svc-platform-blkusrimp-svc-7d8d5c459f-q24h8 started at 2018-11-19 16:59:28 +0000 UTC (0+2 container statuses recorded) Dec 11 09:55:20.414: INFO: Container filebeat ready: true, restart count 0 Dec 11 09:55:20.414: INFO: Container prd-pf-blkusrimp-svc-platform-blkusrimp-svc ready: true, restart count 0 Dec 11 09:55:20.414: INFO: prd-botfactory-chatbot-ui-pfm-botfactory-chatbot-ui-7bd798cnb8c started at 2018-11-21 10:41:40 +0000 UTC (0+1 container statuses recorded) Dec 11 09:55:20.414: INFO: Container pfm-botfactory-chatbot-ui ready: true, restart count 0 Dec 11 09:55:20.414: INFO: prd-pf-admin-ui-platform-admin-ui-85c98dcc66-rbgt5 started at 2018-11-20 11:40:24 +0000 UTC (0+1 container statuses recorded) Dec 11 09:55:20.414: INFO: Container platform-admin-ui ready: true, restart count 0 Dec 11 09:55:20.414: INFO: datadog-datadog-r4px7 started at 2018-11-19 16:53:44 +0000 UTC (0+1 container statuses recorded) Dec 11 09:55:20.414: INFO: Container datadog ready: true, restart count 0 Dec 11 09:55:20.414: INFO: prd-dss-pm-profile-svc-dss-pm-profile-service-556b68d65-qmntq started at 2018-11-19 16:59:31 +0000 UTC (0+2 container statuses recorded) Dec 11 09:55:20.414: INFO: Container dss-pm-profile-service ready: true, restart count 0 Dec 11 09:55:20.414: INFO: Container filebeat ready: true, restart count 0 Dec 11 09:55:20.414: INFO: prd-pf-email-svc-platform-email-svc-8696f76496-wkzqt started at 2018-11-19 16:59:31 +0000 UTC (0+2 container statuses recorded) Dec 11 09:55:20.414: INFO: Container filebeat ready: true, restart count 0 Dec 11 09:55:20.414: INFO: Container prd-pf-email-svc-platform-email-svc ready: true, restart count 0 Dec 11 09:55:20.414: INFO: prd-efk-elasticsearch-master-2 started at 2018-11-19 17:03:49 +0000 UTC (1+1 container statuses recorded) Dec 11 09:55:20.414: INFO: Init container init-sysctl ready: true, restart count 0 Dec 11 09:55:20.414: INFO: Container es-master ready: false, restart count 0 Dec 11 09:55:20.414: INFO: prd-dss-qni-illustration-svc-dss-qni-illustration-service-r2rhd started at 2018-11-26 11:18:56 +0000 UTC (0+2 container statuses recorded) Dec 11 09:55:20.414: INFO: Container filebeat ready: true, restart count 0 Dec 11 09:55:20.414: INFO: Container prd-dss-qni-illustration-svc-dss-qni-illustration-service ready: true, restart count 0 Dec 11 09:55:20.414: INFO: calico-node-p7n2j started at 2018-11-19 16:53:44 +0000 UTC (0+2 container statuses recorded) Dec 11 09:55:20.414: INFO: Container calico-node ready: true, restart count 0 Dec 11 09:55:20.414: INFO: Container install-cni ready: true, restart count 0 Dec 11 09:55:20.414: INFO: prd-efk-elasticsearch-master-0 started at 2018-11-19 16:59:28 +0000 UTC (1+1 container statuses recorded) Dec 11 09:55:20.414: INFO: Init container init-sysctl ready: true, restart count 0 Dec 11 09:55:20.414: INFO: Container es-master ready: false, restart count 0 Dec 11 09:55:20.414: INFO: prd-pf-notes-svc-platform-notes-svc-5c99df689c-vs8g5 started at 2018-11-19 16:59:28 +0000 UTC (0+2 container statuses recorded) Dec 11 09:55:20.414: INFO: Container filebeat ready: true, restart count 0 Dec 11 09:55:20.414: INFO: Container prd-pf-notes-svc-platform-notes-svc ready: true, restart count 0 Dec 11 09:55:20.414: INFO: prd-keycloak-keycloak-78d64cbc4f-scj6l started at 2018-11-19 16:59:29 +0000 UTC (0+1 container statuses recorded) Dec 11 09:55:20.414: INFO: Container prd-keycloak-keycloak ready: true, restart count 0 Dec 11 09:55:20.414: INFO: prd-ai-sentiment-eng-svc-ai-sentiment-svc-69bd5d994b-vn2sr started at 2018-11-20 13:34:13 +0000 UTC (0+1 container statuses recorded) Dec 11 09:55:20.414: INFO: Container prd-ai-sentiment-eng-svc-ai-sentiment-svc ready: true, restart count 0 Dec 11 09:55:20.414: INFO: prd-botfactory-ui-pfm-botfactory-ui-7ff78b89f7-ljt45 started at 2018-11-21 11:30:22 +0000 UTC (0+1 container statuses recorded) Dec 11 09:55:20.414: INFO: Container pfm-botfactory-ui ready: true, restart count 0 Dec 11 09:55:20.414: INFO: prd-efk-elasticsearch-client-8655b8d9b9-t4lvs started at 2018-12-11 09:54:52 +0000 UTC (1+1 container statuses recorded) Dec 11 09:55:20.414: INFO: Init container init-sysctl ready: true, restart count 0 Dec 11 09:55:20.414: INFO: Container es-client ready: false, restart count 0 Dec 11 09:55:20.414: INFO: kube-proxy-ip-172-25-93-75.us-west-1.compute.internal started at <nil> (0+0 container statuses recorded) Dec 11 09:55:20.414: INFO: prd-pf-activity-svc-platform-activity-svc-855df677b4-htnqk started at 2018-11-19 16:59:30 +0000 UTC (0+2 container statuses recorded) Dec 11 09:55:20.414: INFO: Container filebeat ready: true, restart count 0 Dec 11 09:55:20.414: INFO: Container prd-pf-activity-svc-platform-activity-svc ready: true, restart count 0 Dec 11 09:55:20.414: INFO: nginx-ingress-controller-5ccb96dd7b-ldrbm started at 2018-11-19 17:11:11 +0000 UTC (0+1 container statuses recorded) Dec 11 09:55:20.414: INFO: Container nginx-ingress-controller ready: true, restart count 0 Dec 11 09:55:20.414: INFO: prd-pf-accmgmt-ui-platform-accmgmt-ui-5cbc4c9d66-g4wqj started at 2018-11-20 11:49:59 +0000 UTC (0+1 container statuses recorded) Dec 11 09:55:20.414: INFO: Container platform-accmgmt-ui ready: true, restart count 0 Dec 11 09:55:20.445: INFO: Latency metrics for node ip-172-25-93-75.us-west-1.compute.internal Dec 11 09:55:20.445: INFO: {Operation:stop_container Method:docker_operations_latency_microseconds Quantile:0.99 Latency:30.050199s} Dec 11 09:55:20.445: INFO: Waiting up to 3m0s for all (but 0) nodes to be ready STEP: Destroying namespace "e2e-tests-kubelet-test-lgml9" for this suite. Dec 11 09:56:04.463: INFO: Waiting up to 30s for server preferred namespaced resources to be successfully discovered Dec 11 09:56:04.522: INFO: namespace: e2e-tests-kubelet-test-lgml9, resource: bindings, ignored listing per whitelist Dec 11 09:56:04.539: INFO: namespace e2e-tests-kubelet-test-lgml9 deletion completed in 44.090700763s </system-out>

</testcase>


-<testcase time="0" classname="Kubernetes e2e suite" name="[sig-storage] In-tree Volumes [Driver: rbd][Feature:Volumes] [Testpattern: Dynamic PV (filesystem volmode)] volumeMode should create sc, pod, pv, and pvc, read/write to the pv, and delete all created resources">

<skipped/>

</testcase>


-<testcase time="0" classname="Kubernetes e2e suite" name="[sig-cluster-lifecycle] [Feature:NodeLease][NodeAlphaFeature:NodeLease][Disruptive] NodeLease deletion node lease should be deleted when corresponding node is deleted">

<skipped/>

</testcase>


-<testcase time="0" classname="Kubernetes e2e suite" name="[sig-storage] In-tree Volumes [Driver: iscsi][Feature:Volumes] [Testpattern: Pre-provisioned PV (default fs)] subPath should support readOnly directory specified in the volumeMount">

<skipped/>

</testcase>


-<testcase time="0" classname="Kubernetes e2e suite" name="[sig-storage] In-tree Volumes [Driver: azure] [Testpattern: Dynamic PV (default fs)] provisioning should provision storage with mount options">

<skipped/>

</testcase>


-<testcase time="0" classname="Kubernetes e2e suite" name="[sig-storage] In-tree Volumes [Driver: iscsi][Feature:Volumes] [Testpattern: Pre-provisioned PV (default fs)] subPath should fail if subpath file is outside the volume [Slow]">

<skipped/>

</testcase>


-<testcase time="0" classname="Kubernetes e2e suite" name="[sig-storage] In-tree Volumes [Driver: iscsi][Feature:Volumes] [Testpattern: Dynamic PV (default fs)] subPath should unmount if pod is gracefully deleted while kubelet is down [Disruptive][Slow]">

<skipped/>

</testcase>


-<testcase time="0" classname="Kubernetes e2e suite" name="[sig-storage] In-tree Volumes [Driver: hostPath] [Testpattern: Inline-volume (default fs)] volumeIO should write files of various sizes, verify size, validate content [Slow]">

<skipped/>

</testcase>


-<testcase time="0" classname="Kubernetes e2e suite" name="[sig-storage] In-tree Volumes [Driver: nfs] [Testpattern: Dynamic PV (default fs)] subPath should fail if non-existent subpath is outside the volume [Slow]">

<skipped/>

</testcase>


-<testcase time="0" classname="Kubernetes e2e suite" name="[sig-storage] In-tree Volumes [Driver: hostPath] [Testpattern: Dynamic PV (default fs)] volumeIO should write files of various sizes, verify size, validate content [Slow]">

<skipped/>

</testcase>


-<testcase time="0" classname="Kubernetes e2e suite" name="[sig-storage] In-tree Volumes [Driver: azure] [Testpattern: Dynamic PV (ext4)] volumes should be mountable">

<skipped/>

</testcase>


-<testcase time="0" classname="Kubernetes e2e suite" name="[sig-storage] In-tree Volumes [Driver: hostPathSymlink] [Testpattern: Pre-provisioned PV (default fs)] subPath should fail if subpath with backstepping is outside the volume [Slow]">

<skipped/>

</testcase>

<testcase time="38.422069829" classname="Kubernetes e2e suite" name="[sig-api-machinery] Namespaces [Serial] should ensure that all pods are removed when a namespace is deleted [Conformance]"/>


-<testcase time="0" classname="Kubernetes e2e suite" name="[sig-auth] [Feature:NodeAuthenticator] The kubelet's main port 10250 should reject requests with no credentials">

<skipped/>

</testcase>


-<testcase time="0" classname="Kubernetes e2e suite" name="[sig-storage] In-tree Volumes [Driver: cinder] [Testpattern: Pre-provisioned PV (default fs)] subPath should support existing single file">

<skipped/>

</testcase>


-<testcase time="0" classname="Kubernetes e2e suite" name="[sig-cluster-lifecycle] Ports Security Check [Feature:KubeletSecurity] should not be able to proxy to the readonly kubelet port 10255 using proxy subresource">

<skipped/>

</testcase>


-<testcase time="0" classname="Kubernetes e2e suite" name="[sig-network] DNS configMap nameserver [IPv4] Change stubDomain should be able to change stubDomain configuration [Slow][Serial]">

<skipped/>

</testcase>

<testcase time="24.377515233" classname="Kubernetes e2e suite" name="[sig-cli] Kubectl client [k8s.io] Kubectl patch should add annotations for pods in rc [Conformance]"/>


-<testcase time="0" classname="Kubernetes e2e suite" name="[sig-storage] In-tree Volumes [Driver: ceph][Feature:Volumes] [Testpattern: Pre-provisioned PV (ext3)] volumes should be mountable">

<skipped/>

</testcase>


-<testcase time="0" classname="Kubernetes e2e suite" name="[sig-storage] In-tree Volumes [Driver: aws] [Testpattern: Pre-provisioned PV (default fs)] subPath should fail if subpath directory is outside the volume [Slow]">

<skipped/>

</testcase>


-<testcase time="0" classname="Kubernetes e2e suite" name="[sig-storage] In-tree Volumes [Driver: vSphere] [Testpattern: Pre-provisioned PV (default fs)] subPath should unmount if pod is force deleted while kubelet is down [Disruptive][Slow]">

<skipped/>

</testcase>


-<testcase time="0" classname="Kubernetes e2e suite" name="[sig-cli] Kubectl Port forwarding [k8s.io] With a server listening on localhost [k8s.io] that expects a client request should support a client that connects, sends NO DATA, and disconnects">

<skipped/>

</testcase>

<testcase time="32.244304459" classname="Kubernetes e2e suite" name="[k8s.io] Container Lifecycle Hook when create a pod with lifecycle hook should execute poststart http hook properly [NodeConformance] [Conformance]"/>

<testcase time="8.23269859" classname="Kubernetes e2e suite" name="[sig-storage] EmptyDir volumes volume on default medium should have the correct mode [NodeConformance] [Conformance]"/>


-<testcase time="0" classname="Kubernetes e2e suite" name="[sig-storage] In-tree Volumes [Driver: aws] [Testpattern: Pre-provisioned PV (default fs)] subPath should support restarting containers using file as subpath [Slow]">

<skipped/>

</testcase>


-<testcase time="0" classname="Kubernetes e2e suite" name="[sig-scheduling] NoExecuteTaintManager Single Pod [Serial] doesn't evict pod with tolerations from tainted nodes">

<skipped/>

</testcase>

<testcase time="28.254591955" classname="Kubernetes e2e suite" name="[k8s.io] Probing container should be restarted with a /healthz http liveness probe [NodeConformance] [Conformance]"/>


-<testcase time="0" classname="Kubernetes e2e suite" name="[sig-storage] In-tree Volumes [Driver: iscsi][Feature:Volumes] [Testpattern: Pre-provisioned PV (default fs)] subPath should fail if non-existent subpath is outside the volume [Slow]">

<skipped/>

</testcase>


-<testcase time="0" classname="Kubernetes e2e suite" name="[sig-autoscaling] [HPA] Horizontal pod autoscaling (scale resource: Custom Metrics from Stackdriver) should scale up with two External metrics from Stackdriver [Feature:CustomMetricsAutoscaling]">

<skipped/>

</testcase>


-<testcase time="0" classname="Kubernetes e2e suite" name="[sig-storage] CSI Volumes [Driver: csi-hostpath] [Testpattern: Dynamic PV (default fs)] subPath should fail if subpath with backstepping is outside the volume [Slow]">

<skipped/>

</testcase>


-<testcase time="0" classname="Kubernetes e2e suite" name="[sig-storage] In-tree Volumes [Driver: azure] [Testpattern: Dynamic PV (default fs)] subPath should unmount if pod is force deleted while kubelet is down [Disruptive][Slow]">

<skipped/>

</testcase>


-<testcase time="0" classname="Kubernetes e2e suite" name="[sig-storage] CSI Volumes [Driver: pd.csi.storage.gke.io][Serial] [Testpattern: Dynamic PV (default fs)] subPath should support creating multiple subpath from same volumes [Slow]">

<skipped/>

</testcase>

<testcase time="87.494387701" classname="Kubernetes e2e suite" name="[sig-apps] StatefulSet [k8s.io] Basic StatefulSet functionality [StatefulSetBasic] Scaling should happen in predictable order and halt if any stateful pod is unhealthy [Conformance]"/>


-<testcase time="0" classname="Kubernetes e2e suite" name="[sig-scheduling] ResourceQuota should create a ResourceQuota and capture the life of a secret.">

<skipped/>

</testcase>


-<testcase time="0" classname="Kubernetes e2e suite" name="[sig-storage] In-tree Volumes [Driver: azure] [Testpattern: Inline-volume (default fs)] subPath should support non-existent path">

<skipped/>

</testcase>


-<testcase time="0" classname="Kubernetes e2e suite" name="[sig-autoscaling] Cluster size autoscaling [Slow] should be able to scale down by draining multiple pods one by one as dictated by pdb[Feature:ClusterSizeAutoscalingScaleDown]">

<skipped/>

</testcase>


-<testcase time="0" classname="Kubernetes e2e suite" name="[sig-storage] In-tree Volumes [Driver: hostPath] [Testpattern: Dynamic PV (filesystem volmode)] volumeMode should create sc, pod, pv, and pvc, read/write to the pv, and delete all created resources">

<skipped/>

</testcase>


-<testcase time="0" classname="Kubernetes e2e suite" name="[sig-storage] PersistentVolumes-local Local volume provisioner [Serial] should not create local persistent volume for filesystem volume that was not bind mounted">

<skipped/>

</testcase>


-<testcase time="0" classname="Kubernetes e2e suite" name="[sig-storage] In-tree Volumes [Driver: vSphere] [Testpattern: Inline-volume (default fs)] subPath should fail if subpath file is outside the volume [Slow]">

<skipped/>

</testcase>


-<testcase time="0" classname="Kubernetes e2e suite" name="[sig-storage] In-tree Volumes [Driver: iscsi][Feature:Volumes] [Testpattern: Inline-volume (default fs)] subPath should support existing single file">

<skipped/>

</testcase>


-<testcase time="0" classname="Kubernetes e2e suite" name="[sig-storage] In-tree Volumes [Driver: gluster] [Testpattern: Dynamic PV (block volmode)] volumeMode should fail in binding dynamic provisioned PV to PVC">

<skipped/>

</testcase>


-<testcase time="0" classname="Kubernetes e2e suite" name="[sig-storage] PersistentVolumes-local [Volume type: dir-bindmounted] Set fsGroup for local volume should set fsGroup for one pod">

<skipped/>

</testcase>


-<testcase time="0" classname="Kubernetes e2e suite" name="[sig-cli] Kubectl client [k8s.io] Kubectl create quota should create a quota with scopes">

<skipped/>

</testcase>

<testcase time="26.252628456" classname="Kubernetes e2e suite" name="[sig-storage] Projected configMap updates should be reflected in volume [NodeConformance] [Conformance]"/>


-<testcase time="0" classname="Kubernetes e2e suite" name="[sig-storage] Dynamic Provisioning DynamicProvisioner External should let an external dynamic provisioner create and delete persistent volumes [Slow]">

<skipped/>

</testcase>


-<testcase time="0" classname="Kubernetes e2e suite" name="[sig-storage] In-tree Volumes [Driver: ceph][Feature:Volumes] [Testpattern: Pre-provisioned PV (default fs)] subPath should support restarting containers using directory as subpath [Slow]">

<skipped/>

</testcase>


-<testcase time="0" classname="Kubernetes e2e suite" name="[sig-scheduling] ResourceQuota [Feature:ScopeSelectors] should verify ResourceQuota with best effort scope using scope-selectors.">

<skipped/>

</testcase>


-<testcase time="0" classname="Kubernetes e2e suite" name="[sig-storage] In-tree Volumes [Driver: emptydir] [Testpattern: Inline-volume (default fs)] subPath should fail if subpath file is outside the volume [Slow]">

<skipped/>

</testcase>


-<testcase time="0" classname="Kubernetes e2e suite" name="[sig-storage] CSI Volumes [Driver: csi-hostpath] [Testpattern: Dynamic PV (default fs)] subPath should support file as subpath">

<skipped/>

</testcase>


-<testcase time="0" classname="Kubernetes e2e suite" name="[sig-storage] In-tree Volumes [Driver: rbd][Feature:Volumes] [Testpattern: Dynamic PV (default fs)] subPath should support file as subpath">

<skipped/>

</testcase>


-<testcase time="0" classname="Kubernetes e2e suite" name="[sig-network] Loadbalancing: L7 GCE [Slow] [Feature:Ingress] should not reconcile manually modified health check for ingress">

<skipped/>

</testcase>

<testcase time="166.990751934" classname="Kubernetes e2e suite" name="[sig-apps] StatefulSet [k8s.io] Basic StatefulSet functionality [StatefulSetBasic] should perform rolling updates and roll backs of template modifications [Conformance]"/>


-<testcase time="0" classname="Kubernetes e2e suite" name="[sig-storage] In-tree Volumes [Driver: emptydir] [Testpattern: Dynamic PV (default fs)] volumeIO should write files of various sizes, verify size, validate content [Slow]">

<skipped/>

</testcase>


-<testcase time="0" classname="Kubernetes e2e suite" name="[sig-instrumentation] [Feature:PrometheusMonitoring] Prometheus should scrape metrics from annotated pods.">

<skipped/>

</testcase>


-<testcase time="0" classname="Kubernetes e2e suite" name="[sig-instrumentation] Cluster level logging implemented by Stackdriver should ingest system logs from all nodes [Feature:StackdriverLogging]">

<skipped/>

</testcase>


-<testcase time="0" classname="Kubernetes e2e suite" name="[sig-storage] In-tree Volumes [Driver: azure] [Testpattern: Pre-provisioned PV (default fs)] subPath should support existing single file">

<skipped/>

</testcase>


-<testcase time="0" classname="Kubernetes e2e suite" name="[sig-storage] In-tree Volumes [Driver: azure] [Testpattern: Inline-volume (default fs)] volumes should be mountable">

<skipped/>

</testcase>


-<testcase time="0" classname="Kubernetes e2e suite" name="[sig-storage] In-tree Volumes [Driver: cinder] [Testpattern: Pre-provisioned PV (default fs)] subPath should unmount if pod is force deleted while kubelet is down [Disruptive][Slow]">

<skipped/>

</testcase>

<testcase time="17.285993846" classname="Kubernetes e2e suite" name="[sig-apps] Deployment RollingUpdateDeployment should delete old pods and create new ones [Conformance]"/>

<testcase time="8.244236811" classname="Kubernetes e2e suite" name="[sig-storage] EmptyDir volumes should support (root,0644,default) [NodeConformance] [Conformance]"/>


-<testcase time="0" classname="Kubernetes e2e suite" name="[sig-storage] In-tree Volumes [Driver: vSphere] [Testpattern: Pre-provisioned PV (default fs)] subPath should support existing single file">

<skipped/>

</testcase>


-<testcase time="0" classname="Kubernetes e2e suite" name="[sig-storage] In-tree Volumes [Driver: cinder] [Testpattern: Dynamic PV (default fs)] subPath should support existing directory">

<skipped/>

</testcase>


-<testcase time="0" classname="Kubernetes e2e suite" name="[sig-storage] In-tree Volumes [Driver: ceph][Feature:Volumes] [Testpattern: Dynamic PV (default fs)] subPath should support existing directories when readOnly specified in the volumeSource">

<skipped/>

</testcase>


-<testcase time="0" classname="Kubernetes e2e suite" name="[sig-storage] In-tree Volumes [Driver: gcepd] [Testpattern: Inline-volume (ext3)] volumes should be mountable">

<skipped/>

</testcase>


-<testcase time="0" classname="Kubernetes e2e suite" name="[sig-storage] In-tree Volumes [Driver: nfs] [Testpattern: Pre-provisioned PV (block volmode)] volumeMode should fail to create pod by failing to mount volume">

<skipped/>

</testcase>


-<testcase time="0" classname="Kubernetes e2e suite" name="[sig-storage] In-tree Volumes [Driver: iscsi][Feature:Volumes] [Testpattern: Pre-provisioned PV (block volmode)] volumeMode should create sc, pod, pv, and pvc, read/write to the pv, and delete all created resources">

<skipped/>

</testcase>


-<testcase time="0" classname="Kubernetes e2e suite" name="[sig-storage] In-tree Volumes [Driver: hostPath] [Testpattern: Inline-volume (xfs)] volumes should be mountable">

<skipped/>

</testcase>


-<testcase time="0" classname="Kubernetes e2e suite" name="[sig-storage] In-tree Volumes [Driver: emptydir] [Testpattern: Dynamic PV (default fs)] subPath should support readOnly directory specified in the volumeMount">

<skipped/>

</testcase>


-<testcase time="0" classname="Kubernetes e2e suite" name="[k8s.io] Sysctls [NodeFeature:Sysctls] should support sysctls">

<skipped/>

</testcase>


-<testcase time="0" classname="Kubernetes e2e suite" name="[sig-storage] In-tree Volumes [Driver: aws] [Testpattern: Dynamic PV (default fs)] provisioning should create and delete block persistent volumes">

<skipped/>

</testcase>


-<testcase time="0" classname="Kubernetes e2e suite" name="[sig-scalability] Load capacity [Feature:ManualPerformance] should be able to handle 30 pods per node Random with 0 secrets, 0 configmaps and 0 daemons">

<skipped/>

</testcase>


-<testcase time="0" classname="Kubernetes e2e suite" name="[sig-storage] In-tree Volumes [Driver: azure] [Testpattern: Pre-provisioned PV (default fs)] subPath should support existing directories when readOnly specified in the volumeSource">

<skipped/>

</testcase>


-<testcase time="0" classname="Kubernetes e2e suite" name="[sig-autoscaling] Cluster size autoscaling [Slow] shouldn't scale up when expendable pod is preempted [Feature:ClusterSizeAutoscalingScaleUp]">

<skipped/>

</testcase>


-<testcase time="0" classname="Kubernetes e2e suite" name="[sig-instrumentation] Cluster level logging implemented by Stackdriver [Feature:StackdriverLogging] [Soak] should ingest logs from applications running for a prolonged amount of time">

<skipped/>

</testcase>


-<testcase time="0" classname="Kubernetes e2e suite" name="[sig-storage] In-tree Volumes [Driver: hostPathSymlink] [Testpattern: Inline-volume (default fs)] subPath should fail if subpath directory is outside the volume [Slow]">

<skipped/>

</testcase>


-<testcase time="0" classname="Kubernetes e2e suite" name="[sig-apps] Job should exceed backoffLimit">

<skipped/>

</testcase>


-<testcase time="0" classname="Kubernetes e2e suite" name="[sig-instrumentation] Stackdriver Monitoring should run Stackdriver Metadata Agent [Feature:StackdriverMetadataAgent]">

<skipped/>

</testcase>


-<testcase time="0" classname="Kubernetes e2e suite" name="[sig-storage] Dynamic Provisioning DynamicProvisioner allowedTopologies should create persistent volume in the zone specified in allowedTopologies of storageclass">

<skipped/>

</testcase>


-<testcase time="0" classname="Kubernetes e2e suite" name="[sig-apps] StatefulSet [k8s.io] Basic StatefulSet functionality [StatefulSetBasic] should adopt matching orphans and release non-matching pods">

<skipped/>

</testcase>

<testcase time="8.236857186" classname="Kubernetes e2e suite" name="[sig-storage] EmptyDir volumes should support (non-root,0644,tmpfs) [NodeConformance] [Conformance]"/>


-<testcase time="0" classname="Kubernetes e2e suite" name="[sig-autoscaling] Cluster size autoscaling [Slow] shouldn't scale up when expendable pod is created [Feature:ClusterSizeAutoscalingScaleUp]">

<skipped/>

</testcase>


-<testcase time="0" classname="Kubernetes e2e suite" name="[sig-storage] PersistentVolumes [Feature:ReclaimPolicy] [sig-storage] persistentvolumereclaim:vsphere should retain persistent volume when reclaimPolicy set to retain when associated claim is deleted">

<skipped/>

</testcase>


-<testcase time="0" classname="Kubernetes e2e suite" name="[sig-storage] In-tree Volumes [Driver: iscsi][Feature:Volumes] [Testpattern: Pre-provisioned PV (default fs)] subPath should fail if subpath with backstepping is outside the volume [Slow]">

<skipped/>

</testcase>

<testcase time="28.946405177" classname="Kubernetes e2e suite" name="[sig-network] Service endpoints latency should not be very high [Conformance]"/>


-<testcase time="0" classname="Kubernetes e2e suite" name="[sig-storage] In-tree Volumes [Driver: emptydir] [Testpattern: Dynamic PV (ext3)] volumes should be mountable">

<skipped/>

</testcase>


-<testcase time="0" classname="Kubernetes e2e suite" name="[sig-storage] In-tree Volumes [Driver: gcepd] [Testpattern: Inline-volume (default fs)] subPath should support restarting containers using file as subpath [Slow]">

<skipped/>

</testcase>

<testcase time="8.250793112" classname="Kubernetes e2e suite" name="[sig-storage] Projected configMap should be consumable in multiple volumes in the same pod [NodeConformance] [Conformance]"/>


-<testcase time="0" classname="Kubernetes e2e suite" name="[sig-auth] Advanced Audit should audit API calls [DisabledForLargeClusters]">

<skipped/>

</testcase>


-<testcase time="0" classname="Kubernetes e2e suite" name="[sig-storage] PersistentVolumes-local [Volume type: blockfswithoutformat] One pod requesting one prebound PVC should be able to mount volume and write from pod1">

<skipped/>

</testcase>


-<testcase time="0" classname="Kubernetes e2e suite" name="[sig-scheduling] ResourceQuota should create a ResourceQuota and capture the life of a pod.">

<skipped/>

</testcase>


-<testcase time="0" classname="Kubernetes e2e suite" name="[sig-storage] CSI Volumes [Driver: csi-hostpath] [Testpattern: Dynamic PV (xfs)] volumes should be mountable">

<skipped/>

</testcase>


-<testcase time="0" classname="Kubernetes e2e suite" name="[sig-cluster-lifecycle] kube-proxy migration [Feature:KubeProxyDaemonSetMigration] Downgrade kube-proxy from a DaemonSet to static pods should maintain a functioning cluster [Feature:KubeProxyDaemonSetDowngrade]">

<skipped/>

</testcase>


-<testcase time="0" classname="Kubernetes e2e suite" name="[sig-storage] In-tree Volumes [Driver: emptydir] [Testpattern: Dynamic PV (default fs)] subPath should fail if subpath file is outside the volume [Slow]">

<skipped/>

</testcase>


-<testcase time="0" classname="Kubernetes e2e suite" name="[sig-storage] In-tree Volumes [Driver: hostPathSymlink] [Testpattern: Inline-volume (default fs)] subPath should support restarting containers using directory as subpath [Slow]">

<skipped/>

</testcase>


-<testcase time="0" classname="Kubernetes e2e suite" name="[k8s.io] Container Runtime blackbox test when running a container with a new image should not be able to pull non-existing image from gcr.io [NodeConformance]">

<skipped/>

</testcase>

<testcase time="8.237555578" classname="Kubernetes e2e suite" name="[k8s.io] Variable Expansion should allow composing env vars into new env vars [NodeConformance] [Conformance]"/>


-<testcase time="0" classname="Kubernetes e2e suite" name="[sig-storage] In-tree Volumes [Driver: gcepd] [Testpattern: Pre-provisioned PV (default fs)] subPath should support readOnly directory specified in the volumeMount">

<skipped/>

</testcase>


-<testcase time="0" classname="Kubernetes e2e suite" name="[sig-storage] In-tree Volumes [Driver: emptydir] [Testpattern: Dynamic PV (default fs)] provisioning should provision storage with mount options">

<skipped/>

</testcase>


-<testcase time="0" classname="Kubernetes e2e suite" name="[sig-cluster-lifecycle] [Feature:BootstrapTokens] should resign the bootstrap tokens when the clusterInfo ConfigMap updated [Serial][Disruptive]">

<skipped/>

</testcase>


-<testcase time="0" classname="Kubernetes e2e suite" name="[sig-storage] In-tree Volumes [Driver: ceph][Feature:Volumes] [Testpattern: Dynamic PV (default fs)] provisioning should create and delete block persistent volumes">

<skipped/>

</testcase>


-<testcase time="0" classname="Kubernetes e2e suite" name="[sig-storage] In-tree Volumes [Driver: azure] [Testpattern: Pre-provisioned PV (default fs)] subPath should unmount if pod is gracefully deleted while kubelet is down [Disruptive][Slow]">

<skipped/>

</testcase>


-<testcase time="0" classname="Kubernetes e2e suite" name="[sig-storage] In-tree Volumes [Driver: emptydir] [Testpattern: Dynamic PV (default fs)] subPath should support existing directories when readOnly specified in the volumeSource">

<skipped/>

</testcase>


-<testcase time="0" classname="Kubernetes e2e suite" name="[sig-storage] PersistentVolumes NFS with multiple PVs and PVCs all in same ns should create 2 PVs and 4 PVCs: test write access">

<skipped/>

</testcase>


-<testcase time="0" classname="Kubernetes e2e suite" name="[sig-service-catalog] [Feature:PodPreset] PodPreset should not modify the pod on conflict">

<skipped/>

</testcase>

<testcase time="44.531643127" classname="Kubernetes e2e suite" name="[sig-network] Networking Granular Checks: Pods should function for intra-pod communication: http [NodeConformance] [Conformance]"/>

<testcase time="8.252312974" classname="Kubernetes e2e suite" name="[sig-node] ConfigMap should be consumable via the environment [NodeConformance] [Conformance]"/>


-<testcase time="0" classname="Kubernetes e2e suite" name="[sig-storage] In-tree Volumes [Driver: iscsi][Feature:Volumes] [Testpattern: Dynamic PV (default fs)] subPath should support restarting containers using directory as subpath [Slow]">

<skipped/>

</testcase>


-<testcase time="0" classname="Kubernetes e2e suite" name="[sig-storage] PersistentVolumes-local Pod with node different from PV's NodeAffinity should fail scheduling due to different NodeSelector">

<skipped/>

</testcase>


-<testcase time="0" classname="Kubernetes e2e suite" name="[sig-network] Loadbalancing: L7 GCE [Slow] [Feature:NEG] should be able to switch between IG and NEG modes">

<skipped/>

</testcase>


-<testcase time="0" classname="Kubernetes e2e suite" name="[sig-network] Loadbalancing: L7 GCE [Slow] [Feature:kubemci] should remove clusters as expected">

<skipped/>

</testcase>


-<testcase time="0" classname="Kubernetes e2e suite" name="[sig-storage] In-tree Volumes [Driver: cinder] [Testpattern: Dynamic PV (default fs)] subPath should support existing single file">

<skipped/>

</testcase>


-<testcase time="0" classname="Kubernetes e2e suite" name="[sig-storage] In-tree Volumes [Driver: hostPath] [Testpattern: Inline-volume (default fs)] subPath should fail if subpath with backstepping is outside the volume [Slow]">

<skipped/>

</testcase>


-<testcase time="0" classname="Kubernetes e2e suite" name="[sig-storage] In-tree Volumes [Driver: nfs] [Testpattern: Dynamic PV (ext3)] volumes should be mountable">

<skipped/>

</testcase>


-<testcase time="0" classname="Kubernetes e2e suite" name="[sig-autoscaling] Cluster size autoscaling [Slow] Shouldn't perform scale up operation and should list unhealthy status if most of the cluster is broken[Feature:ClusterSizeAutoscalingScaleUp]">

<skipped/>

</testcase>

<testcase time="8.277207083" classname="Kubernetes e2e suite" name="[sig-storage] EmptyDir wrapper volumes should not conflict [Conformance]"/>


-<testcase time="0" classname="Kubernetes e2e suite" name="[sig-storage] In-tree Volumes [Driver: nfs] [Testpattern: Dynamic PV (default fs)] subPath should support file as subpath">

<skipped/>

</testcase>

<testcase time="8.289232856" classname="Kubernetes e2e suite" name="[sig-storage] ConfigMap should be consumable in multiple volumes in the same pod [NodeConformance] [Conformance]"/>


-<testcase time="0" classname="Kubernetes e2e suite" name="[sig-storage] In-tree Volumes [Driver: cinder] [Testpattern: Pre-provisioned PV (default fs)] subPath should fail if subpath with backstepping is outside the volume [Slow]">

<skipped/>

</testcase>


-<testcase time="0" classname="Kubernetes e2e suite" name="[sig-storage] CSI Volumes [Driver: pd.csi.storage.gke.io][Feature: gcePD-external] [Testpattern: Dynamic PV (default fs)] subPath should fail if subpath file is outside the volume [Slow]">

<skipped/>

</testcase>


-<testcase time="0" classname="Kubernetes e2e suite" name="[sig-storage] In-tree Volumes [Driver: cinder] [Testpattern: Inline-volume (default fs)] subPath should support non-existent path">

<skipped/>

</testcase>


-<testcase time="0" classname="Kubernetes e2e suite" name="[sig-storage] GenericPersistentVolume[Disruptive] When kubelet restarts Should test that a volume mounted to a pod that is force deleted while the kubelet is down unmounts when the kubelet returns.">

<skipped/>

</testcase>

<testcase time="8.235674632" classname="Kubernetes e2e suite" name="[sig-storage] Projected downwardAPI should provide container's memory limit [NodeConformance] [Conformance]"/>


-<testcase time="0" classname="Kubernetes e2e suite" name="[sig-storage] In-tree Volumes [Driver: iscsi][Feature:Volumes] [Testpattern: Inline-volume (default fs)] subPath should fail if subpath file is outside the volume [Slow]">

<skipped/>

</testcase>


-<testcase time="0" classname="Kubernetes e2e suite" name="[sig-storage] CSI Volumes [Driver: csi-hostpath] [Testpattern: Dynamic PV (default fs)] provisioning should create and delete block persistent volumes">

<skipped/>

</testcase>


-<testcase time="0" classname="Kubernetes e2e suite" name="[sig-autoscaling] Cluster size autoscaling [Slow] should add node to the particular mig [Feature:ClusterSizeAutoscalingScaleUp]">

<skipped/>

</testcase>


-<testcase time="0" classname="Kubernetes e2e suite" name="[sig-storage] In-tree Volumes [Driver: hostPath] [Testpattern: Inline-volume (default fs)] subPath should support file as subpath">

<skipped/>

</testcase>


-<testcase time="0" classname="Kubernetes e2e suite" name="[sig-storage] PersistentVolumes:vsphere should test that deleting the PV before the pod does not cause pod deletion to fail on vspehre volume detach">

<skipped/>

</testcase>


-<testcase time="0" classname="Kubernetes e2e suite" name="[sig-network] Networking IPerf IPv6 [Experimental] [Feature:Networking-IPv6] [Slow] [Feature:Networking-Performance] should transfer ~ 1GB onto the service endpoint 1 servers (maximum of 1 clients)">

<skipped/>

</testcase>


-<testcase time="0" classname="Kubernetes e2e suite" name="[sig-storage] In-tree Volumes [Driver: gcepd] [Testpattern: Pre-provisioned PV (default fs)] volumeIO should write files of various sizes, verify size, validate content [Slow]">

<skipped/>

</testcase>


-<testcase time="0" classname="Kubernetes e2e suite" name="[sig-storage] In-tree Volumes [Driver: emptydir] [Testpattern: Inline-volume (default fs)] subPath should fail if subpath directory is outside the volume [Slow]">

<skipped/>

</testcase>


-<testcase time="0" classname="Kubernetes e2e suite" name="[sig-storage] In-tree Volumes [Driver: rbd][Feature:Volumes] [Testpattern: Dynamic PV (default fs)] subPath should support restarting containers using directory as subpath [Slow]">

<skipped/>

</testcase>


-<testcase time="0" classname="Kubernetes e2e suite" name="[sig-storage] In-tree Volumes [Driver: aws] [Testpattern: Dynamic PV (default fs)] subPath should support restarting containers using file as subpath [Slow]">

<skipped/>

</testcase>


-<testcase time="0" classname="Kubernetes e2e suite" name="[sig-storage] In-tree Volumes [Driver: hostPathSymlink] [Testpattern: Inline-volume (ext4)] volumes should be mountable">

<skipped/>

</testcase>


-<testcase time="0" classname="Kubernetes e2e suite" name="[sig-api-machinery] AdmissionWebhook Should mutate pod and apply defaults after mutation">

<skipped/>

</testcase>


-<testcase time="0" classname="Kubernetes e2e suite" name="[sig-storage] Dynamic Provisioning DynamicProvisioner delayed binding with allowedTopologies [Slow] should create persistent volumes in the same zone as specified in allowedTopologies after a pod mounting the claims is started">

<skipped/>

</testcase>


-<testcase time="0" classname="Kubernetes e2e suite" name="[sig-storage] In-tree Volumes [Driver: cinder] [Testpattern: Inline-volume (default fs)] subPath should support readOnly directory specified in the volumeMount">

<skipped/>

</testcase>


-<testcase time="0" classname="Kubernetes e2e suite" name="[sig-storage] In-tree Volumes [Driver: gcepd] [Testpattern: Pre-provisioned PV (default fs)] subPath should support existing single file">

<skipped/>

</testcase>


-<testcase time="0" classname="Kubernetes e2e suite" name="[sig-storage] In-tree Volumes [Driver: gluster] [Testpattern: Dynamic PV (default fs)] subPath should support non-existent path">

<skipped/>

</testcase>


-<testcase time="0" classname="Kubernetes e2e suite" name="[sig-storage] In-tree Volumes [Driver: hostPathSymlink] [Testpattern: Inline-volume (default fs)] subPath should unmount if pod is force deleted while kubelet is down [Disruptive][Slow]">

<skipped/>

</testcase>


-<testcase time="0" classname="Kubernetes e2e suite" name="[sig-storage] In-tree Volumes [Driver: gcepd] [Testpattern: Dynamic PV (default fs)] subPath should support existing directory">

<skipped/>

</testcase>


-<testcase time="0" classname="Kubernetes e2e suite" name="[sig-storage] In-tree Volumes [Driver: iscsi][Feature:Volumes] [Testpattern: Pre-provisioned PV (filesystem volmode)] volumeMode should create sc, pod, pv, and pvc, read/write to the pv, and delete all created resources">

<skipped/>

</testcase>


-<testcase time="0" classname="Kubernetes e2e suite" name="[sig-scheduling] SchedulerPredicates [Serial] validates that taints-tolerations is respected if not matching">

<skipped/>

</testcase>


-<testcase time="0" classname="Kubernetes e2e suite" name="[sig-storage] In-tree Volumes [Driver: nfs] [Testpattern: Pre-provisioned PV (default fs)] subPath should support readOnly directory specified in the volumeMount">

<skipped/>

</testcase>


-<testcase time="0" classname="Kubernetes e2e suite" name="[sig-storage] In-tree Volumes [Driver: hostPathSymlink] [Testpattern: Dynamic PV (default fs)] subPath should support readOnly directory specified in the volumeMount">

<skipped/>

</testcase>


-<testcase time="0" classname="Kubernetes e2e suite" name="[sig-storage] In-tree Volumes [Driver: cinder] [Testpattern: Pre-provisioned PV (block volmode)] volumeMode should fail to create pod by failing to mount volume">

<skipped/>

</testcase>


-<testcase time="0" classname="Kubernetes e2e suite" name="[sig-storage] In-tree Volumes [Driver: gluster] [Testpattern: Dynamic PV (filesystem volmode)] volumeMode should create sc, pod, pv, and pvc, read/write to the pv, and delete all created resources">

<skipped/>

</testcase>


-<testcase time="0" classname="Kubernetes e2e suite" name="[sig-storage] In-tree Volumes [Driver: nfs] [Testpattern: Inline-volume (default fs)] subPath should unmount if pod is force deleted while kubelet is down [Disruptive][Slow]">

<skipped/>

</testcase>


-<testcase time="0" classname="Kubernetes e2e suite" name="[sig-scheduling] ResourceQuota [Feature:PodPriority] should verify ResourceQuota's multiple priority class scope (quota set to pod count: 2) against 2 pods with same priority classes.">

<skipped/>

</testcase>


-<testcase time="0" classname="Kubernetes e2e suite" name="[sig-storage] In-tree Volumes [Driver: iscsi][Feature:Volumes] [Testpattern: Dynamic PV (default fs)] provisioning should provision storage with defaults">

<skipped/>

</testcase>


-<testcase time="0" classname="Kubernetes e2e suite" name="[sig-storage] In-tree Volumes [Driver: gcepd] [Testpattern: Pre-provisioned PV (default fs)] subPath should fail if subpath file is outside the volume [Slow]">

<skipped/>

</testcase>

<testcase time="8.831667589" classname="Kubernetes e2e suite" name="[k8s.io] InitContainer [NodeConformance] should not start app containers and fail the pod if init containers fail on a RestartNever pod [Conformance]"/>


-<testcase time="0" classname="Kubernetes e2e suite" name="[sig-storage] In-tree Volumes [Driver: aws] [Testpattern: Inline-volume (default fs)] subPath should support existing single file">

<skipped/>

</testcase>


-<testcase time="0" classname="Kubernetes e2e suite" name="[sig-storage] In-tree Volumes [Driver: cinder] [Testpattern: Dynamic PV (default fs)] provisioning should provision storage with mount options">

<skipped/>

</testcase>


-<testcase time="0" classname="Kubernetes e2e suite" name="[sig-storage] In-tree Volumes [Driver: nfs] [Testpattern: Dynamic PV (default fs)] subPath should fail if subpath file is outside the volume [Slow]">

<skipped/>

</testcase>


-<testcase time="0" classname="Kubernetes e2e suite" name="[sig-storage] In-tree Volumes [Driver: rbd][Feature:Volumes] [Testpattern: Inline-volume (default fs)] subPath should fail if subpath file is outside the volume [Slow]">

<skipped/>

</testcase>


-<testcase time="0" classname="Kubernetes e2e suite" name="[sig-storage] Downward API volume should provide podname as non-root with fsgroup and defaultMode [NodeFeature:FSGroup]">

<skipped/>

</testcase>


-<testcase time="0" classname="Kubernetes e2e suite" name="[sig-storage] In-tree Volumes [Driver: gcepd] [Testpattern: Inline-volume (default fs)] subPath should support file as subpath">

<skipped/>

</testcase>


-<testcase time="0" classname="Kubernetes e2e suite" name="[sig-storage] In-tree Volumes [Driver: aws] [Testpattern: Pre-provisioned PV (filesystem volmode)] volumeMode should create sc, pod, pv, and pvc, read/write to the pv, and delete all created resources">

<skipped/>

</testcase>

<testcase time="12.833240282" classname="Kubernetes e2e suite" name="[sig-auth] ServiceAccounts should mount an API token into pods [Conformance]"/>


-<testcase time="0" classname="Kubernetes e2e suite" name="[sig-storage] In-tree Volumes [Driver: emptydir] [Testpattern: Dynamic PV (default fs)] volumes should be mountable">

<skipped/>

</testcase>


-<testcase time="0" classname="Kubernetes e2e suite" name="[sig-apps] Daemon set [Serial] should not update pod when spec was updated and update strategy is OnDelete">

<skipped/>

</testcase>


-<testcase time="0" classname="Kubernetes e2e suite" name="[sig-api-machinery] Namespaces [Serial] should always delete fast (ALL of 100 namespaces in 150 seconds) [Feature:ComprehensiveNamespaceDraining]">

<skipped/>

</testcase>


-<testcase time="0" classname="Kubernetes e2e suite" name="[sig-storage] In-tree Volumes [Driver: gluster] [Testpattern: Dynamic PV (ext3)] volumes should be mountable">

<skipped/>

</testcase>


-<testcase time="0" classname="Kubernetes e2e suite" name="[sig-storage] In-tree Volumes [Driver: rbd][Feature:Volumes] [Testpattern: Inline-volume (default fs)] volumes should be mountable">

<skipped/>

</testcase>


-<testcase time="0" classname="Kubernetes e2e suite" name="[sig-network] Network should set TCP CLOSE_WAIT timeout">

<skipped/>

</testcase>


-<testcase time="0" classname="Kubernetes e2e suite" name="[sig-cli] Kubectl Port forwarding [k8s.io] With a server listening on 0.0.0.0 [k8s.io] that expects a client request should support a client that connects, sends DATA, and disconnects">

<skipped/>

</testcase>

<testcase time="52.225768606" classname="Kubernetes e2e suite" name="[k8s.io] Pods should support retrieving logs from the container over websockets [NodeConformance] [Conformance]"/>


-<testcase time="0" classname="Kubernetes e2e suite" name="[sig-cluster-lifecycle] Reboot [Disruptive] [Feature:Reboot] each node by ordering unclean reboot and ensure they function upon restart">

<skipped/>

</testcase>


-<testcase time="0" classname="Kubernetes e2e suite" name="[sig-storage] CSI Volumes [Driver: pd.csi.storage.gke.io][Serial] [Testpattern: Dynamic PV (default fs)] subPath should fail if subpath with backstepping is outside the volume [Slow]">

<skipped/>

</testcase>


-<testcase time="0" classname="Kubernetes e2e suite" name="[sig-apps] CronJob should not schedule new jobs when ForbidConcurrent [Slow]">

<skipped/>

</testcase>


-<testcase time="0" classname="Kubernetes e2e suite" name="[sig-storage] In-tree Volumes [Driver: aws] [Testpattern: Dynamic PV (default fs)] subPath should support non-existent path">

<skipped/>

</testcase>


-<testcase time="0" classname="Kubernetes e2e suite" name="[sig-storage] PersistentVolumes-local [Volume type: dir-link] Set fsGroup for local volume should set different fsGroup for second pod if first pod is deleted">

<skipped/>

</testcase>


-<testcase time="0" classname="Kubernetes e2e suite" name="[sig-storage] CSI Volumes [Driver: pd.csi.storage.gke.io][Serial] [Testpattern: Dynamic PV (xfs)] volumes should be mountable">

<skipped/>

</testcase>


-<testcase time="0" classname="Kubernetes e2e suite" name="[sig-network] Services should release NodePorts on delete">

<skipped/>

</testcase>


-<testcase time="0" classname="Kubernetes e2e suite" name="[sig-autoscaling] Cluster size autoscaling [Slow] shouldn't trigger additional scale-ups during processing scale-up [Feature:ClusterSizeAutoscalingScaleUp]">

<skipped/>

</testcase>


-<testcase time="0" classname="Kubernetes e2e suite" name="[sig-storage] In-tree Volumes [Driver: rbd][Feature:Volumes] [Testpattern: Inline-volume (default fs)] subPath should unmount if pod is force deleted while kubelet is down [Disruptive][Slow]">

<skipped/>

</testcase>

<testcase time="8.253673177" classname="Kubernetes e2e suite" name="[sig-node] Downward API should provide pod UID as env vars [NodeConformance] [Conformance]"/>


-<testcase time="0" classname="Kubernetes e2e suite" name="[sig-storage] In-tree Volumes [Driver: nfs] [Testpattern: Inline-volume (default fs)] subPath should support creating multiple subpath from same volumes [Slow]">

<skipped/>

</testcase>


-<testcase time="0" classname="Kubernetes e2e suite" name="[sig-storage] In-tree Volumes [Driver: rbd][Feature:Volumes] [Testpattern: Dynamic PV (default fs)] subPath should support creating multiple subpath from same volumes [Slow]">

<skipped/>

</testcase>


-<testcase time="0" classname="Kubernetes e2e suite" name="[sig-auth] [Feature:NodeAuthorizer] A node shouldn't be able to create another node">

<skipped/>

</testcase>


-<testcase time="0" classname="Kubernetes e2e suite" name="[sig-storage] Volume Disk Format [Feature:vsphere] verify disk format type - eagerzeroedthick is honored for dynamically provisioned pv using storageclass">

<skipped/>

</testcase>


-<testcase time="0" classname="Kubernetes e2e suite" name="[sig-storage] In-tree Volumes [Driver: gluster] [Testpattern: Pre-provisioned PV (default fs)] subPath should support file as subpath">

<skipped/>

</testcase>


-<testcase time="0" classname="Kubernetes e2e suite" name="[sig-storage] In-tree Volumes [Driver: aws] [Testpattern: Dynamic PV (default fs)] subPath should support readOnly directory specified in the volumeMount">

<skipped/>

</testcase>


-<testcase time="0" classname="Kubernetes e2e suite" name="[sig-storage] PersistentVolumes-local [Volume type: tmpfs] Set fsGroup for local volume should set fsGroup for one pod">

<skipped/>

</testcase>


-<testcase time="0" classname="Kubernetes e2e suite" name="[sig-scheduling] Multi-AZ Clusters should spread the pods of a service across zones">

<skipped/>

</testcase>


-<testcase time="0" classname="Kubernetes e2e suite" name="[sig-storage] In-tree Volumes [Driver: hostPathSymlink] [Testpattern: Pre-provisioned PV (default fs)] subPath should support non-existent path">

<skipped/>

</testcase>


-<testcase time="0" classname="Kubernetes e2e suite" name="[sig-storage] In-tree Volumes [Driver: iscsi][Feature:Volumes] [Testpattern: Pre-provisioned PV (default fs)] subPath should support restarting containers using directory as subpath [Slow]">

<skipped/>

</testcase>

<testcase time="6.336205992" classname="Kubernetes e2e suite" name="[sig-cli] Kubectl client [k8s.io] Kubectl cluster-info should check if Kubernetes master services is included in cluster-info [Conformance]"/>


-<testcase time="0" classname="Kubernetes e2e suite" name="[sig-network] Services should be able to change the type from ExternalName to ClusterIP">

<skipped/>

</testcase>


-<testcase time="0" classname="Kubernetes e2e suite" name="[sig-storage] In-tree Volumes [Driver: rbd][Feature:Volumes] [Testpattern: Inline-volume (default fs)] subPath should fail if subpath with backstepping is outside the volume [Slow]">

<skipped/>

</testcase>


-<testcase time="0" classname="Kubernetes e2e suite" name="[sig-cluster-lifecycle] Reboot [Disruptive] [Feature:Reboot] each node by triggering kernel panic and ensure they function upon restart">

<skipped/>

</testcase>


-<testcase time="0" classname="Kubernetes e2e suite" name="[sig-storage] In-tree Volumes [Driver: emptydir] [Testpattern: Inline-volume (default fs)] subPath should support existing directories when readOnly specified in the volumeSource">

<skipped/>

</testcase>


-<testcase time="0" classname="Kubernetes e2e suite" name="[sig-storage] In-tree Volumes [Driver: gluster] [Testpattern: Inline-volume (default fs)] subPath should fail if non-existent subpath is outside the volume [Slow]">

<skipped/>

</testcase>


-<testcase time="0" classname="Kubernetes e2e suite" name="[sig-storage] In-tree Volumes [Driver: aws] [Testpattern: Dynamic PV (ext3)] volumes should be mountable">

<skipped/>

</testcase>


-<testcase time="0" classname="Kubernetes e2e suite" name="[sig-storage] In-tree Volumes [Driver: ceph][Feature:Volumes] [Testpattern: Dynamic PV (default fs)] subPath should unmount if pod is gracefully deleted while kubelet is down [Disruptive][Slow]">

<skipped/>

</testcase>


-<testcase time="0" classname="Kubernetes e2e suite" name="[sig-storage] In-tree Volumes [Driver: vSphere] [Testpattern: Dynamic PV (default fs)] subPath should support file as subpath">

<skipped/>

</testcase>


-<testcase time="0" classname="Kubernetes e2e suite" name="[sig-storage] In-tree Volumes [Driver: aws] [Testpattern: Pre-provisioned PV (default fs)] volumeIO should write files of various sizes, verify size, validate content [Slow]">

<skipped/>

</testcase>


-<testcase time="0" classname="Kubernetes e2e suite" name="[sig-storage] In-tree Volumes [Driver: vSphere] [Testpattern: Inline-volume (ext3)] volumes should be mountable">

<skipped/>

</testcase>


-<testcase time="0" classname="Kubernetes e2e suite" name="[sig-cluster-lifecycle] gpu Upgrade [Feature:GPUUpgrade] cluster upgrade should be able to run gpu pod after upgrade [Feature:GPUClusterUpgrade]">

<skipped/>

</testcase>


-<testcase time="0" classname="Kubernetes e2e suite" name="[k8s.io] [Feature:Example] [k8s.io] Downward API should create a pod that prints his name and namespace">

<skipped/>

</testcase>


-<testcase time="0" classname="Kubernetes e2e suite" name="[k8s.io] EquivalenceCache [Serial] validates GeneralPredicates is properly invalidated when a pod is scheduled [Slow]">

<skipped/>

</testcase>


-<testcase time="0" classname="Kubernetes e2e suite" name="[sig-storage] In-tree Volumes [Driver: aws] [Testpattern: Dynamic PV (default fs)] subPath should fail if subpath directory is outside the volume [Slow]">

<skipped/>

</testcase>


-<testcase time="0" classname="Kubernetes e2e suite" name="[sig-api-machinery] Aggregator Should be able to support the 1.10 Sample API Server using the current Aggregator">

<skipped/>

</testcase>


-<testcase time="0" classname="Kubernetes e2e suite" name="[sig-storage] Volume limits should verify that all nodes have volume limits">

<skipped/>

</testcase>

<testcase time="8.239686572" classname="Kubernetes e2e suite" name="[sig-node] Downward API should provide pod name, namespace and IP address as env vars [NodeConformance] [Conformance]"/>


-<testcase time="0" classname="Kubernetes e2e suite" name="[sig-storage] In-tree Volumes [Driver: gcepd] [Testpattern: Dynamic PV (default fs)] subPath should fail if subpath file is outside the volume [Slow]">

<skipped/>

</testcase>


-<testcase time="0" classname="Kubernetes e2e suite" name="[k8s.io] [sig-node] Kubelet [Serial] [Slow] [k8s.io] [sig-node] regular resource usage tracking resource tracking for 0 pods per node">

<skipped/>

</testcase>


-<testcase time="0" classname="Kubernetes e2e suite" name="[k8s.io] TTLAfterFinished Job should be deleted once it finishes after TTL seconds [Feature:TTLAfterFinished]">

<skipped/>

</testcase>


-<testcase time="0" classname="Kubernetes e2e suite" name="[sig-storage] CSI Volumes [Driver: pd.csi.storage.gke.io][Serial] [Testpattern: Dynamic PV (default fs)] subPath should support readOnly directory specified in the volumeMount">

<skipped/>

</testcase>

<testcase time="9.347777344" classname="Kubernetes e2e suite" name="[sig-cli] Kubectl client [k8s.io] Kubectl run --rm job should create a job from an image, then delete the job [Conformance]"/>


-<testcase time="0" classname="Kubernetes e2e suite" name="[sig-storage] vcp-performance [Feature:vsphere] vcp performance tests">

<skipped/>

</testcase>


-<testcase time="0" classname="Kubernetes e2e suite" name="[sig-storage] In-tree Volumes [Driver: nfs] [Testpattern: Dynamic PV (default fs)] subPath should support creating multiple subpath from same volumes [Slow]">

<skipped/>

</testcase>


-<testcase time="0" classname="Kubernetes e2e suite" name="[sig-autoscaling] [HPA] Horizontal pod autoscaling (scale resource: CPU) [sig-autoscaling] ReplicationController light Should scale from 2 pods to 1 pod">

<skipped/>

</testcase>


-<testcase time="0" classname="Kubernetes e2e suite" name="[sig-autoscaling] Cluster size autoscaling [Slow] should be able to scale down by draining system pods with pdb[Feature:ClusterSizeAutoscalingScaleDown]">

<skipped/>

</testcase>


-<testcase time="0" classname="Kubernetes e2e suite" name="[sig-cluster-lifecycle] Upgrade [Feature:Upgrade] cluster upgrade should maintain a functioning cluster [Feature:ClusterUpgrade]">

<skipped/>

</testcase>


-<testcase time="0" classname="Kubernetes e2e suite" name="[sig-storage] In-tree Volumes [Driver: gluster] [Testpattern: Pre-provisioned PV (default fs)] subPath should support creating multiple subpath from same volumes [Slow]">

<skipped/>

</testcase>


-<testcase time="0" classname="Kubernetes e2e suite" name="[sig-storage] In-tree Volumes [Driver: gluster] [Testpattern: Inline-volume (default fs)] subPath should support readOnly file specified in the volumeMount">

<skipped/>

</testcase>


-<testcase time="0" classname="Kubernetes e2e suite" name="[sig-storage] CSI Volumes [Driver: pd.csi.storage.gke.io][Feature: gcePD-external] [Testpattern: Dynamic PV (default fs)] provisioning should provision storage with mount options">

<skipped/>

</testcase>


-<testcase time="0" classname="Kubernetes e2e suite" name="[sig-instrumentation] [Feature:PrometheusMonitoring] Prometheus should successfully scrape all targets">

<skipped/>

</testcase>


-<testcase time="0" classname="Kubernetes e2e suite" name="[sig-storage] In-tree Volumes [Driver: hostPathSymlink] [Testpattern: Dynamic PV (default fs)] provisioning should create and delete block persistent volumes">

<skipped/>

</testcase>


-<testcase time="0" classname="Kubernetes e2e suite" name="[sig-storage] In-tree Volumes [Driver: iscsi][Feature:Volumes] [Testpattern: Dynamic PV (default fs)] subPath should support restarting containers using file as subpath [Slow]">

<skipped/>

</testcase>


-<testcase time="0" classname="Kubernetes e2e suite" name="[sig-network] DNS should provide DNS for ExternalName services">

<skipped/>

</testcase>


-<testcase time="0" classname="Kubernetes e2e suite" name="[sig-storage] In-tree Volumes [Driver: gcepd] [Testpattern: Pre-provisioned PV (ext4)] volumes should be mountable">

<skipped/>

</testcase>

<testcase time="10.251979365" classname="Kubernetes e2e suite" name="[k8s.io] Docker Containers should be able to override the image's default command and arguments [NodeConformance] [Conformance]"/>


-<testcase time="0" classname="Kubernetes e2e suite" name="[sig-storage] In-tree Volumes [Driver: gluster] [Testpattern: Dynamic PV (default fs)] provisioning should create and delete block persistent volumes">

<skipped/>

</testcase>

<testcase time="8.243621518" classname="Kubernetes e2e suite" name="[sig-node] Downward API should provide host IP as an env var [NodeConformance] [Conformance]"/>


-<testcase time="0" classname="Kubernetes e2e suite" name="[sig-storage] In-tree Volumes [Driver: aws] [Testpattern: Dynamic PV (default fs)] subPath should support existing single file">

<skipped/>

</testcase>

<testcase time="8.251434802" classname="Kubernetes e2e suite" name="[sig-storage] Projected configMap should be consumable from pods in volume [NodeConformance] [Conformance]"/>


-<testcase time="0" classname="Kubernetes e2e suite" name="[sig-storage] In-tree Volumes [Driver: azure] [Testpattern: Pre-provisioned PV (default fs)] volumes should be mountable">

<skipped/>

</testcase>


-<testcase time="0" classname="Kubernetes e2e suite" name="[sig-apps] Network Partition [Disruptive] [Slow] [k8s.io] [StatefulSet] should not reschedule stateful pods if there is a network partition [Slow] [Disruptive]">

<skipped/>

</testcase>


-<testcase time="0" classname="Kubernetes e2e suite" name="[sig-storage] In-tree Volumes [Driver: cinder] [Testpattern: Dynamic PV (default fs)] volumes should be mountable">

<skipped/>

</testcase>


-<testcase time="0" classname="Kubernetes e2e suite" name="[sig-storage] In-tree Volumes [Driver: cinder] [Testpattern: Dynamic PV (xfs)] volumes should be mountable">

<skipped/>

</testcase>


-<testcase time="0" classname="Kubernetes e2e suite" name="[sig-instrumentation] MetricsGrabber should grab all metrics from a Kubelet.">

<skipped/>

</testcase>


-<testcase time="0" classname="Kubernetes e2e suite" name="[sig-storage] Secrets Should fail non-optional pod creation due to the key in the secret object does not exist [Slow]">

<skipped/>

</testcase>


-<testcase time="0" classname="Kubernetes e2e suite" name="[sig-autoscaling] Cluster size autoscaling [Slow] should scale down when expendable pod is running [Feature:ClusterSizeAutoscalingScaleDown]">

<skipped/>

</testcase>

<testcase time="107.369924766" classname="Kubernetes e2e suite" name="[k8s.io] InitContainer [NodeConformance] should not start app containers if init containers fail on a RestartAlways pod [Conformance]"/>

<testcase time="22.330106261" classname="Kubernetes e2e suite" name="[sig-scheduling] SchedulerPredicates [Serial] validates that NodeSelector is respected if matching [Conformance]"/>


-<testcase time="0" classname="Kubernetes e2e suite" name="[sig-storage] CSI Volumes [Driver: pd.csi.storage.gke.io][Serial] [Testpattern: Dynamic PV (default fs)] provisioning should provision storage with defaults">

<skipped/>

</testcase>


-<testcase time="0" classname="Kubernetes e2e suite" name="[sig-cli] Kubectl client [k8s.io] Simple pod should support exec">

<skipped/>

</testcase>


-<testcase time="0" classname="Kubernetes e2e suite" name="[sig-network] ESIPP [Slow] [DisabledForLargeClusters] should work for type=NodePort">

<skipped/>

</testcase>


-<testcase time="0" classname="Kubernetes e2e suite" name="[sig-storage] In-tree Volumes [Driver: hostPath] [Testpattern: Pre-provisioned PV (default fs)] subPath should support readOnly file specified in the volumeMount">

<skipped/>

</testcase>


-<testcase time="0" classname="Kubernetes e2e suite" name="[sig-storage] In-tree Volumes [Driver: nfs] [Testpattern: Dynamic PV (default fs)] subPath should support existing single file">

<skipped/>

</testcase>


-<testcase time="0" classname="Kubernetes e2e suite" name="[sig-storage] In-tree Volumes [Driver: iscsi][Feature:Volumes] [Testpattern: Inline-volume (default fs)] subPath should support file as subpath">

<skipped/>

</testcase>


-<testcase time="0" classname="Kubernetes e2e suite" name="[sig-storage] In-tree Volumes [Driver: hostPathSymlink] [Testpattern: Dynamic PV (default fs)] provisioning should provision storage with defaults">

<skipped/>

</testcase>


-<testcase time="0" classname="Kubernetes e2e suite" name="[sig-cli] Kubectl client [k8s.io] Simple pod should return command exit codes">

<skipped/>

</testcase>


-<testcase time="0" classname="Kubernetes e2e suite" name="[k8s.io] Security Context when creating containers with AllowPrivilegeEscalation should allow privilege escalation when true [NodeConformance]">

<skipped/>

</testcase>

<testcase time="30.333116829" classname="Kubernetes e2e suite" name="[sig-storage] Subpath Atomic writer volumes should support subpaths with downward pod [Conformance]"/>


-<testcase time="0" classname="Kubernetes e2e suite" name="[sig-storage] In-tree Volumes [Driver: aws] [Testpattern: Dynamic PV (default fs)] volumes should be mountable">

<skipped/>

</testcase>


-<testcase time="0" classname="Kubernetes e2e suite" name="[sig-cli] Kubectl client [k8s.io] Kubectl create quota should reject quota with invalid scopes">

<skipped/>

</testcase>


-<testcase time="0" classname="Kubernetes e2e suite" name="[k8s.io] Container Runtime blackbox test when starting a container that exits should report termination message from log output if TerminationMessagePolicy FallbackToLogOnError is set [NodeConformance]">

<skipped/>

</testcase>


-<testcase time="0" classname="Kubernetes e2e suite" name="[k8s.io] Container Runtime blackbox test when running a container with a new image should be able to pull image from gcr.io [NodeConformance]">

<skipped/>

</testcase>

<testcase time="26.311529666" classname="Kubernetes e2e suite" name="[sig-storage] Secrets optional updates should be reflected in volume [NodeConformance] [Conformance]"/>

<testcase time="8.272145211" classname="Kubernetes e2e suite" name="[k8s.io] Docker Containers should be able to override the image's default command (docker entrypoint) [NodeConformance] [Conformance]"/>

<testcase time="8.243430241" classname="Kubernetes e2e suite" name="[sig-api-machinery] Secrets should be consumable from pods in env vars [NodeConformance] [Conformance]"/>


-<testcase time="0" classname="Kubernetes e2e suite" name="[sig-storage] PV Protection Verify "immediate" deletion of a PV that is not bound to a PVC">

<skipped/>

</testcase>


-<testcase time="0" classname="Kubernetes e2e suite" name="[sig-storage] In-tree Volumes [Driver: iscsi][Feature:Volumes] [Testpattern: Dynamic PV (default fs)] subPath should unmount if pod is force deleted while kubelet is down [Disruptive][Slow]">

<skipped/>

</testcase>


-<testcase time="0" classname="Kubernetes e2e suite" name="[sig-storage] CSI Volumes [Driver: pd.csi.storage.gke.io][Feature: gcePD-external] [Testpattern: Dynamic PV (xfs)] volumes should be mountable">

<skipped/>

</testcase>


-<testcase time="0" classname="Kubernetes e2e suite" name="[sig-instrumentation] Stackdriver Monitoring should run Custom Metrics - Stackdriver Adapter for external metrics [Feature:StackdriverExternalMetrics]">

<skipped/>

</testcase>


-<testcase time="0" classname="Kubernetes e2e suite" name="[sig-storage] In-tree Volumes [Driver: gcepd] [Testpattern: Inline-volume (ext4)] volumes should be mountable">

<skipped/>

</testcase>


-<testcase time="0" classname="Kubernetes e2e suite" name="[sig-storage] In-tree Volumes [Driver: cinder] [Testpattern: Pre-provisioned PV (default fs)] subPath should fail if subpath directory is outside the volume [Slow]">

<skipped/>

</testcase>


-<testcase time="0" classname="Kubernetes e2e suite" name="[sig-network] Services should be able to switch session affinity for LoadBalancer service with ESIPP off [Slow] [DisabledForLargeClusters]">

<skipped/>

</testcase>

<testcase time="6.232829596" classname="Kubernetes e2e suite" name="[sig-cli] Kubectl client [k8s.io] Proxy server should support --unix-socket=/path [Conformance]"/>


-<testcase time="0" classname="Kubernetes e2e suite" name="[sig-api-machinery] Secrets should fail to create secret in volume due to empty secret key">

<skipped/>

</testcase>


-<testcase time="0" classname="Kubernetes e2e suite" name="[k8s.io] [sig-node] SSH should SSH to all nodes and run commands">

<skipped/>

</testcase>


-<testcase time="0" classname="Kubernetes e2e suite" name="[sig-storage] In-tree Volumes [Driver: aws] [Testpattern: Dynamic PV (default fs)] subPath should support restarting containers using directory as subpath [Slow]">

<skipped/>

</testcase>


-<testcase time="0" classname="Kubernetes e2e suite" name="[sig-api-machinery] Initializers [Feature:Initializers] don't cause replicaset controller creating extra pods if the initializer is not handled [Serial]">

<skipped/>

</testcase>


-<testcase time="0" classname="Kubernetes e2e suite" name="[sig-storage] In-tree Volumes [Driver: gluster] [Testpattern: Dynamic PV (ext4)] volumes should be mountable">

<skipped/>

</testcase>


-<testcase time="0" classname="Kubernetes e2e suite" name="[sig-cluster-lifecycle] Restart [Disruptive] should restart all nodes and ensure all nodes and pods recover">

<skipped/>

</testcase>


-<testcase time="0" classname="Kubernetes e2e suite" name="[sig-api-machinery] Servers with support for Table transformation should return pod details">

<skipped/>

</testcase>


-<testcase time="0" classname="Kubernetes e2e suite" name="[sig-network] Services should be able to switch session affinity for service with type clusterIP">

<skipped/>

</testcase>


-<testcase time="0" classname="Kubernetes e2e suite" name="[sig-storage] NFSPersistentVolumes[Disruptive][Flaky] when kubelet restarts Should test that a volume mounted to a pod that is force deleted while the kubelet is down unmounts when the kubelet returns.">

<skipped/>

</testcase>


-<testcase time="0" classname="Kubernetes e2e suite" name="[sig-storage] In-tree Volumes [Driver: ceph][Feature:Volumes] [Testpattern: Inline-volume (default fs)] subPath should support readOnly directory specified in the volumeMount">

<skipped/>

</testcase>


-<testcase time="0" classname="Kubernetes e2e suite" name="[sig-storage] In-tree Volumes [Driver: nfs] [Testpattern: Dynamic PV (default fs)] subPath should unmount if pod is force deleted while kubelet is down [Disruptive][Slow]">

<skipped/>

</testcase>


-<testcase time="0" classname="Kubernetes e2e suite" name="[sig-scheduling] ResourceQuota [Feature:PodPriority] should verify ResourceQuota's priority class scope (quota set to pod count: 1) against a pod with same priority class.">

<skipped/>

</testcase>


-<testcase time="0" classname="Kubernetes e2e suite" name="[k8s.io] [sig-node] RuntimeClass [Feature:RuntimeClass] should reject a Pod requesting a non-existent RuntimeClass">

<skipped/>

</testcase>


-<testcase time="0" classname="Kubernetes e2e suite" name="[sig-storage] In-tree Volumes [Driver: gluster] [Testpattern: Dynamic PV (default fs)] subPath should support restarting containers using file as subpath [Slow]">

<skipped/>

</testcase>


-<testcase time="0" classname="Kubernetes e2e suite" name="[sig-apps] StatefulSet [k8s.io] Basic StatefulSet functionality [StatefulSetBasic] should implement legacy replacement when the update strategy is OnDelete">

<skipped/>

</testcase>

<testcase time="8.248658927" classname="Kubernetes e2e suite" name="[sig-storage] ConfigMap should be consumable from pods in volume with mappings as non-root [NodeConformance] [Conformance]"/>


-<testcase time="0" classname="Kubernetes e2e suite" name="[sig-storage] In-tree Volumes [Driver: hostPathSymlink] [Testpattern: Inline-volume (default fs)] subPath should support existing single file">

<skipped/>

</testcase>

<testcase time="8.23038662" classname="Kubernetes e2e suite" name="[sig-node] Downward API should provide default limits.cpu/memory from node allocatable [NodeConformance] [Conformance]"/>


-<testcase time="0" classname="Kubernetes e2e suite" name="[sig-storage] In-tree Volumes [Driver: azure] [Testpattern: Dynamic PV (default fs)] subPath should support file as subpath">

<skipped/>

</testcase>


-<testcase time="0" classname="Kubernetes e2e suite" name="[sig-storage] In-tree Volumes [Driver: gluster] [Testpattern: Pre-provisioned PV (default fs)] subPath should unmount if pod is gracefully deleted while kubelet is down [Disruptive][Slow]">

<skipped/>

</testcase>


-<testcase time="0" classname="Kubernetes e2e suite" name="[sig-storage] In-tree Volumes [Driver: azure] [Testpattern: Dynamic PV (default fs)] provisioning should create and delete block persistent volumes">

<skipped/>

</testcase>


-<testcase time="0" classname="Kubernetes e2e suite" name="[sig-instrumentation] MetricsGrabber should grab all metrics from a ControllerManager.">

<skipped/>

</testcase>


-<testcase time="0" classname="Kubernetes e2e suite" name="[sig-storage] In-tree Volumes [Driver: aws] [Testpattern: Pre-provisioned PV (default fs)] subPath should support non-existent path">

<skipped/>

</testcase>


-<testcase time="0" classname="Kubernetes e2e suite" name="[sig-storage] In-tree Volumes [Driver: gluster] [Testpattern: Dynamic PV (default fs)] subPath should support readOnly directory specified in the volumeMount">

<skipped/>

</testcase>


-<testcase time="0" classname="Kubernetes e2e suite" name="[sig-storage] PersistentVolumes-local [Volume type: dir-bindmounted] Set fsGroup for local volume should set different fsGroup for second pod if first pod is deleted">

<skipped/>

</testcase>


-<testcase time="0" classname="Kubernetes e2e suite" name="[sig-storage] In-tree Volumes [Driver: emptydir] [Testpattern: Inline-volume (default fs)] subPath should support readOnly directory specified in the volumeMount">

<skipped/>

</testcase>


-<testcase time="0" classname="Kubernetes e2e suite" name="[sig-storage] In-tree Volumes [Driver: cinder] [Testpattern: Pre-provisioned PV (ext4)] volumes should be mountable">

<skipped/>

</testcase>


-<testcase time="0" classname="Kubernetes e2e suite" name="[sig-storage] [Serial] Volume metrics PVController should create unbound pvc count metrics for pvc controller after creating pvc only">

<skipped/>

</testcase>


-<testcase time="0" classname="Kubernetes e2e suite" name="[sig-storage] In-tree Volumes [Driver: azure] [Testpattern: Dynamic PV (default fs)] subPath should fail if subpath file is outside the volume [Slow]">

<skipped/>

</testcase>


-<testcase time="0" classname="Kubernetes e2e suite" name="[sig-storage] Volume Operations Storm [Feature:vsphere] should create pod with many volumes and verify no attach call fails">

<skipped/>

</testcase>


-<testcase time="0" classname="Kubernetes e2e suite" name="[sig-storage] In-tree Volumes [Driver: nfs] [Testpattern: Pre-provisioned PV (default fs)] subPath should support restarting containers using directory as subpath [Slow]">

<skipped/>

</testcase>


-<testcase time="0" classname="Kubernetes e2e suite" name="[sig-storage] CSI Volumes [Driver: csi-hostpath] [Testpattern: Dynamic PV (default fs)] subPath should support existing directories when readOnly specified in the volumeSource">

<skipped/>

</testcase>


-<testcase time="0" classname="Kubernetes e2e suite" name="[sig-storage] In-tree Volumes [Driver: nfs] [Testpattern: Inline-volume (default fs)] subPath should fail if subpath with backstepping is outside the volume [Slow]">

<skipped/>

</testcase>


-<testcase time="0" classname="Kubernetes e2e suite" name="[sig-storage] In-tree Volumes [Driver: gcepd] [Testpattern: Inline-volume (default fs)] subPath should fail if subpath file is outside the volume [Slow]">

<skipped/>

</testcase>


-<testcase time="0" classname="Kubernetes e2e suite" name="[sig-storage] In-tree Volumes [Driver: rbd][Feature:Volumes] [Testpattern: Dynamic PV (default fs)] volumeIO should write files of various sizes, verify size, validate content [Slow]">

<skipped/>

</testcase>


-<testcase time="0" classname="Kubernetes e2e suite" name="[sig-cluster-lifecycle] HA-master [Feature:HAMaster] survive addition/removal replicas multizone workers [Serial][Disruptive]">

<skipped/>

</testcase>


-<testcase time="0" classname="Kubernetes e2e suite" name="[sig-storage] Flexvolumes should be mountable when attachable">

<skipped/>

</testcase>


-<testcase time="0" classname="Kubernetes e2e suite" name="[sig-storage] PVC Protection Verify that scheduling of a pod that uses PVC that is being deleted fails and the pod becomes Unschedulable">

<skipped/>

</testcase>


-<testcase time="0" classname="Kubernetes e2e suite" name="[sig-storage] In-tree Volumes [Driver: azure] [Testpattern: Inline-volume (default fs)] subPath should support restarting containers using file as subpath [Slow]">

<skipped/>

</testcase>


-<testcase time="0" classname="Kubernetes e2e suite" name="[sig-storage] In-tree Volumes [Driver: aws] [Testpattern: Inline-volume (default fs)] subPath should support readOnly file specified in the volumeMount">

<skipped/>

</testcase>


-<testcase time="0" classname="Kubernetes e2e suite" name="[sig-network] Networking Granular Checks: Services [Slow] should function for endpoint-Service: http">

<skipped/>

</testcase>

<testcase time="16.213478372" classname="Kubernetes e2e suite" name="[sig-apps] ReplicationController should serve a basic image on each replica with a public image [Conformance]"/>


-<testcase time="0" classname="Kubernetes e2e suite" name="[sig-storage] In-tree Volumes [Driver: hostPathSymlink] [Testpattern: Dynamic PV (default fs)] subPath should fail if non-existent subpath is outside the volume [Slow]">

<skipped/>

</testcase>


-<testcase time="6.226067351" classname="Kubernetes e2e suite" name="[sig-apps] Daemon set [Serial] should rollback without unnecessary restarts [Conformance]">

<skipped/>

</testcase>


-<testcase time="0" classname="Kubernetes e2e suite" name="[sig-cli] Kubectl client [k8s.io] Simple pod should support exec through kubectl proxy">

<skipped/>

</testcase>


-<testcase time="0" classname="Kubernetes e2e suite" name="[sig-storage] In-tree Volumes [Driver: azure] [Testpattern: Pre-provisioned PV (default fs)] subPath should support non-existent path">

<skipped/>

</testcase>


-<testcase time="0" classname="Kubernetes e2e suite" name="[k8s.io] [sig-node] Kubelet [Serial] [Slow] [k8s.io] [sig-node] experimental resource usage tracking [Feature:ExperimentalResourceUsageTracking] resource tracking for 100 pods per node">

<skipped/>

</testcase>


-<testcase time="0" classname="Kubernetes e2e suite" name="[sig-storage] In-tree Volumes [Driver: azure] [Testpattern: Pre-provisioned PV (default fs)] subPath should fail if subpath file is outside the volume [Slow]">

<skipped/>

</testcase>


-<testcase time="0" classname="Kubernetes e2e suite" name="[sig-cluster-lifecycle] kube-proxy migration [Feature:KubeProxyDaemonSetMigration] Upgrade kube-proxy from static pods to a DaemonSet should maintain a functioning cluster [Feature:KubeProxyDaemonSetUpgrade]">

<skipped/>

</testcase>


-<testcase time="0" classname="Kubernetes e2e suite" name="[sig-storage] Ephemeralstorage When pod refers to non-existent ephemeral storage should allow deletion of pod with invalid volume : secret">

<skipped/>

</testcase>


-<testcase time="0" classname="Kubernetes e2e suite" name="[sig-storage] In-tree Volumes [Driver: aws] [Testpattern: Pre-provisioned PV (default fs)] subPath should fail if non-existent subpath is outside the volume [Slow]">

<skipped/>

</testcase>


-<testcase time="0" classname="Kubernetes e2e suite" name="[sig-storage] In-tree Volumes [Driver: emptydir] [Testpattern: Inline-volume (default fs)] subPath should support non-existent path">

<skipped/>

</testcase>


-<testcase time="0" classname="Kubernetes e2e suite" name="[sig-instrumentation] MetricsGrabber should grab all metrics from a Scheduler.">

<skipped/>

</testcase>


-<testcase time="0" classname="Kubernetes e2e suite" name="[sig-storage] In-tree Volumes [Driver: iscsi][Feature:Volumes] [Testpattern: Dynamic PV (default fs)] subPath should fail if subpath file is outside the volume [Slow]">

<skipped/>

</testcase>


-<testcase time="0" classname="Kubernetes e2e suite" name="[sig-storage] In-tree Volumes [Driver: aws] [Testpattern: Inline-volume (default fs)] subPath should support existing directory">

<skipped/>

</testcase>


-<testcase time="0" classname="Kubernetes e2e suite" name="[sig-autoscaling] Cluster size autoscaling [Slow] should correctly scale down after a node is not needed when there is non autoscaled pool[Feature:ClusterSizeAutoscalingScaleDown]">

<skipped/>

</testcase>


-<testcase time="0" classname="Kubernetes e2e suite" name="[sig-storage] Projected configMap should be consumable from pods in volume as non-root with defaultMode and fsGroup set [NodeFeature:FSGroup]">

<skipped/>

</testcase>


-<testcase time="0" classname="Kubernetes e2e suite" name="[sig-storage] In-tree Volumes [Driver: azure] [Testpattern: Dynamic PV (ext3)] volumes should be mountable">

<skipped/>

</testcase>


-<testcase time="0" classname="Kubernetes e2e suite" name="[sig-storage] PersistentVolumes-local Pod with node different from PV's NodeAffinity should fail scheduling due to different NodeAffinity">

<skipped/>

</testcase>


-<testcase time="0" classname="Kubernetes e2e suite" name="[sig-cli] Kubectl Port forwarding [k8s.io] With a server listening on localhost [k8s.io] that expects a client request should support a client that connects, sends DATA, and disconnects">

<skipped/>

</testcase>


-<testcase time="0" classname="Kubernetes e2e suite" name="[sig-storage] In-tree Volumes [Driver: azure] [Testpattern: Dynamic PV (default fs)] subPath should support existing directory">

<skipped/>

</testcase>


-<testcase time="0" classname="Kubernetes e2e suite" name="[sig-storage] CSI Volumes [Driver: pd.csi.storage.gke.io][Serial] [Testpattern: Dynamic PV (default fs)] subPath should fail if subpath directory is outside the volume [Slow]">

<skipped/>

</testcase>


-<testcase time="0" classname="Kubernetes e2e suite" name="[sig-network] Services should be able to create an internal type load balancer [Slow] [DisabledForLargeClusters]">

<skipped/>

</testcase>


-<testcase time="0" classname="Kubernetes e2e suite" name="[sig-storage] In-tree Volumes [Driver: ceph][Feature:Volumes] [Testpattern: Pre-provisioned PV (filesystem volmode)] volumeMode should create sc, pod, pv, and pvc, read/write to the pv, and delete all created resources">

<skipped/>

</testcase>


-<testcase time="0" classname="Kubernetes e2e suite" name="[sig-storage] In-tree Volumes [Driver: gcepd] [Testpattern: Dynamic PV (default fs)] subPath should support non-existent path">

<skipped/>

</testcase>


-<testcase time="0" classname="Kubernetes e2e suite" name="[sig-storage] In-tree Volumes [Driver: nfs] [Testpattern: Dynamic PV (default fs)] subPath should fail if subpath with backstepping is outside the volume [Slow]">

<skipped/>

</testcase>


-<testcase time="0" classname="Kubernetes e2e suite" name="[sig-network] Loadbalancing: L7 GCE [Slow] [Feature:Ingress] should support multiple TLS certs">

<skipped/>

</testcase>

<testcase time="6.243150576" classname="Kubernetes e2e suite" name="[sig-cli] Kubectl client [k8s.io] Kubectl api-versions should check if v1 is in available api versions [Conformance]"/>


-<testcase time="0" classname="Kubernetes e2e suite" name="[sig-storage] Storage Policy Based Volume Provisioning [Feature:vsphere] verify VSAN storage capability with invalid capability name objectSpaceReserve is not honored for dynamically provisioned pvc using storageclass">

<skipped/>

</testcase>


-<testcase time="0" classname="Kubernetes e2e suite" name="[sig-storage] In-tree Volumes [Driver: gcepd] [Testpattern: Pre-provisioned PV (default fs)] subPath should fail if non-existent subpath is outside the volume [Slow]">

<skipped/>

</testcase>


-<testcase time="0" classname="Kubernetes e2e suite" name="[k8s.io] [sig-node] Security Context [Feature:SecurityContext] should support pod.Spec.SecurityContext.SupplementalGroups">

<skipped/>

</testcase>


-<testcase time="0" classname="Kubernetes e2e suite" name="[sig-storage] In-tree Volumes [Driver: ceph][Feature:Volumes] [Testpattern: Inline-volume (default fs)] subPath should fail if subpath file is outside the volume [Slow]">

<skipped/>

</testcase>


-<testcase time="0" classname="Kubernetes e2e suite" name="[sig-storage] In-tree Volumes [Driver: rbd][Feature:Volumes] [Testpattern: Pre-provisioned PV (default fs)] subPath should support creating multiple subpath from same volumes [Slow]">

<skipped/>

</testcase>


-<testcase time="0" classname="Kubernetes e2e suite" name="[sig-storage] In-tree Volumes [Driver: rbd][Feature:Volumes] [Testpattern: Inline-volume (default fs)] subPath should support existing directories when readOnly specified in the volumeSource">

<skipped/>

</testcase>


-<testcase time="0" classname="Kubernetes e2e suite" name="[sig-storage] CSI Volumes [Driver: csi-hostpath-v0] [Testpattern: Dynamic PV (default fs)] provisioning should provision storage with mount options">

<skipped/>

</testcase>


-<testcase time="0" classname="Kubernetes e2e suite" name="[sig-cli] Kubectl client [k8s.io] Simple pod should support port-forward">

<skipped/>

</testcase>


-<testcase time="0" classname="Kubernetes e2e suite" name="[sig-storage] In-tree Volumes [Driver: rbd][Feature:Volumes] [Testpattern: Inline-volume (default fs)] subPath should support restarting containers using directory as subpath [Slow]">

<skipped/>

</testcase>


-<testcase time="0" classname="Kubernetes e2e suite" name="[sig-apps] Deployment deployment should support rollback">

<skipped/>

</testcase>


-<testcase time="0" classname="Kubernetes e2e suite" name="[sig-storage] In-tree Volumes [Driver: gcepd] [Testpattern: Dynamic PV (default fs)] subPath should support readOnly directory specified in the volumeMount">

<skipped/>

</testcase>


-<testcase time="0" classname="Kubernetes e2e suite" name="[sig-cluster-lifecycle] [Feature:BootstrapTokens] should not delete the token secret when the secret is not expired">

<skipped/>

</testcase>


-<testcase time="0" classname="Kubernetes e2e suite" name="[sig-scheduling] ResourceQuota should create a ResourceQuota and ensure its status is promptly calculated.">

<skipped/>

</testcase>


-<testcase time="0" classname="Kubernetes e2e suite" name="[sig-storage] In-tree Volumes [Driver: vSphere] [Testpattern: Pre-provisioned PV (default fs)] subPath should support existing directories when readOnly specified in the volumeSource">

<skipped/>

</testcase>


-<testcase time="0" classname="Kubernetes e2e suite" name="[sig-storage] In-tree Volumes [Driver: rbd][Feature:Volumes] [Testpattern: Inline-volume (default fs)] subPath should fail if non-existent subpath is outside the volume [Slow]">

<skipped/>

</testcase>


-<testcase time="0" classname="Kubernetes e2e suite" name="[sig-storage] CSI Volumes [Driver: csi-hostpath] [Testpattern: Dynamic PV (default fs)] volumeIO should write files of various sizes, verify size, validate content [Slow]">

<skipped/>

</testcase>

<testcase time="8.242222393" classname="Kubernetes e2e suite" name="[sig-storage] Projected secret should be consumable from pods in volume as non-root with defaultMode and fsGroup set [NodeConformance] [Conformance]"/>


-<testcase time="0" classname="Kubernetes e2e suite" name="[sig-storage] In-tree Volumes [Driver: rbd][Feature:Volumes] [Testpattern: Pre-provisioned PV (default fs)] subPath should fail if subpath with backstepping is outside the volume [Slow]">

<skipped/>

</testcase>

<testcase time="8.236270232" classname="Kubernetes e2e suite" name="[sig-storage] Projected downwardAPI should provide container's cpu request [NodeConformance] [Conformance]"/>


-<testcase time="0" classname="Kubernetes e2e suite" name="[sig-scalability] Density [Feature:ManualPerformance] should allow starting 100 pods per node using ReplicationController with 0 secrets, 0 configmaps, 0 token projections, and 0 daemons">

<skipped/>

</testcase>


-<testcase time="0" classname="Kubernetes e2e suite" name="[sig-storage] In-tree Volumes [Driver: gcepd] [Testpattern: Pre-provisioned PV (xfs)] volumes should be mountable">

<skipped/>

</testcase>


-<testcase time="0" classname="Kubernetes e2e suite" name="[sig-storage] In-tree Volumes [Driver: azure] [Testpattern: Inline-volume (default fs)] volumeIO should write files of various sizes, verify size, validate content [Slow]">

<skipped/>

</testcase>


-<testcase time="0" classname="Kubernetes e2e suite" name="[sig-storage] In-tree Volumes [Driver: vSphere] [Testpattern: Inline-volume (default fs)] volumeIO should write files of various sizes, verify size, validate content [Slow]">

<skipped/>

</testcase>


-<testcase time="0" classname="Kubernetes e2e suite" name="[sig-network] DNS configMap nameserver [IPv4] Forward PTR lookup should forward PTR records lookup to upstream nameserver [Slow][Serial]">

<skipped/>

</testcase>

<testcase time="8.233411752" classname="Kubernetes e2e suite" name="[sig-storage] EmptyDir volumes should support (non-root,0666,default) [NodeConformance] [Conformance]"/>


-<testcase time="0" classname="Kubernetes e2e suite" name="[sig-network] Loadbalancing: L7 GCE [Slow] [Feature:NEG] rolling update backend pods should not cause service disruption">

<skipped/>

</testcase>


-<testcase time="0" classname="Kubernetes e2e suite" name="[k8s.io] [sig-node] RuntimeClass [Feature:RuntimeClass] should run a Pod requesting a RuntimeClass with an empty handler">

<skipped/>

</testcase>


-<testcase time="0" classname="Kubernetes e2e suite" name="[sig-storage] In-tree Volumes [Driver: azure] [Testpattern: Pre-provisioned PV (default fs)] subPath should fail if subpath directory is outside the volume [Slow]">

<skipped/>

</testcase>


-<testcase time="0" classname="Kubernetes e2e suite" name="[sig-api-machinery] Servers with support for Table transformation should return chunks of table results for list calls">

<skipped/>

</testcase>


-<testcase time="0" classname="Kubernetes e2e suite" name="[sig-network] Networking Granular Checks: Services [Slow] should update endpoints: udp">

<skipped/>

</testcase>


-<testcase time="0" classname="Kubernetes e2e suite" name="[sig-storage] CSI Volumes [Driver: pd.csi.storage.gke.io][Feature: gcePD-external] [Testpattern: Dynamic PV (ext4)] volumes should be mountable">

<skipped/>

</testcase>

<testcase time="27.906278417" classname="Kubernetes e2e suite" name="[sig-cli] Kubectl client [k8s.io] Update Demo should create and stop a replication controller [Conformance]"/>


-<testcase time="0" classname="Kubernetes e2e suite" name="[sig-storage] Storage Policy Based Volume Provisioning [Feature:vsphere] verify VSAN storage capability with valid hostFailuresToTolerate and cacheReservation values is honored for dynamically provisioned pvc using storageclass">

<skipped/>

</testcase>


-<testcase time="0" classname="Kubernetes e2e suite" name="[sig-storage] In-tree Volumes [Driver: cinder] [Testpattern: Dynamic PV (default fs)] subPath should support restarting containers using file as subpath [Slow]">

<skipped/>

</testcase>


-<testcase time="0" classname="Kubernetes e2e suite" name="[k8s.io] Container Runtime blackbox test when running a container with a new image should not be able to pull image from invalid registry [NodeConformance]">

<skipped/>

</testcase>


-<testcase time="0" classname="Kubernetes e2e suite" name="[sig-storage] In-tree Volumes [Driver: aws] [Testpattern: Dynamic PV (default fs)] volumeIO should write files of various sizes, verify size, validate content [Slow]">

<skipped/>

</testcase>


-<testcase time="0" classname="Kubernetes e2e suite" name="[sig-storage] In-tree Volumes [Driver: iscsi][Feature:Volumes] [Testpattern: Inline-volume (default fs)] subPath should support existing directories when readOnly specified in the volumeSource">

<skipped/>

</testcase>


-<testcase time="0" classname="Kubernetes e2e suite" name="[sig-storage] In-tree Volumes [Driver: iscsi][Feature:Volumes] [Testpattern: Inline-volume (ext3)] volumes should be mountable">

<skipped/>

</testcase>


-<testcase time="0" classname="Kubernetes e2e suite" name="[sig-storage] In-tree Volumes [Driver: rbd][Feature:Volumes] [Testpattern: Dynamic PV (default fs)] subPath should support readOnly file specified in the volumeMount">

<skipped/>

</testcase>


-<testcase time="0" classname="Kubernetes e2e suite" name="[k8s.io] Pods should support pod readiness gates [NodeFeature:PodReadinessGate]">

<skipped/>

</testcase>


-<testcase time="0" classname="Kubernetes e2e suite" name="[sig-cluster-lifecycle] Upgrade [Feature:Upgrade] master upgrade should maintain a functioning cluster [Feature:MasterUpgrade]">

<skipped/>

</testcase>


-<testcase time="0" classname="Kubernetes e2e suite" name="[sig-storage] In-tree Volumes [Driver: gcepd] [Testpattern: Inline-volume (default fs)] subPath should fail if non-existent subpath is outside the volume [Slow]">

<skipped/>

</testcase>


-<testcase time="0" classname="Kubernetes e2e suite" name="[sig-storage] In-tree Volumes [Driver: ceph][Feature:Volumes] [Testpattern: Inline-volume (default fs)] subPath should support restarting containers using directory as subpath [Slow]">

<skipped/>

</testcase>


-<testcase time="0" classname="Kubernetes e2e suite" name="[sig-cluster-lifecycle] Reboot [Disruptive] [Feature:Reboot] each node by ordering clean reboot and ensure they function upon restart">

<skipped/>

</testcase>


-<testcase time="0" classname="Kubernetes e2e suite" name="[sig-storage] In-tree Volumes [Driver: rbd][Feature:Volumes] [Testpattern: Dynamic PV (default fs)] provisioning should provision storage with mount options">

<skipped/>

</testcase>


-<testcase time="0" classname="Kubernetes e2e suite" name="[sig-storage] CSI Volumes [Driver: pd.csi.storage.gke.io][Serial] [Testpattern: Dynamic PV (default fs)] subPath should fail if subpath file is outside the volume [Slow]">

<skipped/>

</testcase>


-<testcase time="0" classname="Kubernetes e2e suite" name="[sig-scheduling] SchedulerPriorities [Serial] Pod should be preferably scheduled to nodes pod can tolerate">

<skipped/>

</testcase>


-<testcase time="0" classname="Kubernetes e2e suite" name="[sig-storage] In-tree Volumes [Driver: aws] [Testpattern: Dynamic PV (default fs)] subPath should support existing directories when readOnly specified in the volumeSource">

<skipped/>

</testcase>


-<testcase time="0" classname="Kubernetes e2e suite" name="[sig-storage] CSI Volumes [Driver: pd.csi.storage.gke.io][Serial] [Testpattern: Dynamic PV (ext4)] volumes should be mountable">

<skipped/>

</testcase>


-<testcase time="0" classname="Kubernetes e2e suite" name="[sig-storage] PersistentVolumes GCEPD should test that deleting the Namespace of a PVC and Pod causes the successful detach of Persistent Disk">

<skipped/>

</testcase>

<testcase time="20.755566242" classname="Kubernetes e2e suite" name="[sig-storage] Downward API volume should update annotations on modification [NodeConformance] [Conformance]"/>


-<testcase time="0" classname="Kubernetes e2e suite" name="[sig-scalability] Density [Feature:ManualPerformance] should allow starting 30 pods per node using Deployment.extensions with 0 secrets, 0 configmaps, 2 token projections, and 0 daemons">

<skipped/>

</testcase>


-<testcase time="0" classname="Kubernetes e2e suite" name="[sig-storage] In-tree Volumes [Driver: iscsi][Feature:Volumes] [Testpattern: Dynamic PV (default fs)] subPath should support creating multiple subpath from same volumes [Slow]">

<skipped/>

</testcase>


-<testcase time="0" classname="Kubernetes e2e suite" name="[k8s.io] [sig-node] Security Context [Feature:SecurityContext] should support pod.Spec.SecurityContext.RunAsUser">

<skipped/>

</testcase>


-<testcase time="0" classname="Kubernetes e2e suite" name="[k8s.io] Cluster size autoscaler scalability [Slow] shouldn't scale down with underutilized nodes due to host port conflicts [Feature:ClusterAutoscalerScalability5]">

<skipped/>

</testcase>


-<testcase time="0" classname="Kubernetes e2e suite" name="[sig-storage] In-tree Volumes [Driver: hostPathSymlink] [Testpattern: Pre-provisioned PV (default fs)] subPath should fail if subpath directory is outside the volume [Slow]">

<skipped/>

</testcase>


-<testcase time="0" classname="Kubernetes e2e suite" name="[sig-storage] CSI Volumes [Driver: csi-hostpath-v0] [Testpattern: Dynamic PV (default fs)] subPath should fail if subpath with backstepping is outside the volume [Slow]">

<skipped/>

</testcase>


-<testcase time="0" classname="Kubernetes e2e suite" name="[sig-storage] In-tree Volumes [Driver: nfs] [Testpattern: Pre-provisioned PV (default fs)] subPath should support existing directory">

<skipped/>

</testcase>


-<testcase time="0" classname="Kubernetes e2e suite" name="[sig-storage] In-tree Volumes [Driver: hostPath] [Testpattern: Dynamic PV (default fs)] subPath should unmount if pod is gracefully deleted while kubelet is down [Disruptive][Slow]">

<skipped/>

</testcase>


-<testcase time="0" classname="Kubernetes e2e suite" name="[sig-storage] In-tree Volumes [Driver: hostPath] [Testpattern: Inline-volume (ext3)] volumes should be mountable">

<skipped/>

</testcase>


-<testcase time="0" classname="Kubernetes e2e suite" name="[sig-storage] In-tree Volumes [Driver: vSphere] [Testpattern: Inline-volume (default fs)] subPath should support non-existent path">

<skipped/>

</testcase>


-<testcase time="0" classname="Kubernetes e2e suite" name="[sig-storage] In-tree Volumes [Driver: aws] [Testpattern: Pre-provisioned PV (ext4)] volumes should be mountable">

<skipped/>

</testcase>


-<testcase time="0" classname="Kubernetes e2e suite" name="[sig-storage] Dynamic Provisioning Invalid AWS KMS key should report an error and create no PV">

<skipped/>

</testcase>


-<testcase time="0" classname="Kubernetes e2e suite" name="[sig-storage] In-tree Volumes [Driver: vSphere] [Testpattern: Dynamic PV (default fs)] subPath should fail if subpath with backstepping is outside the volume [Slow]">

<skipped/>

</testcase>


-<testcase time="0" classname="Kubernetes e2e suite" name="[sig-storage] In-tree Volumes [Driver: gcepd] [Testpattern: Inline-volume (default fs)] subPath should support existing single file">

<skipped/>

</testcase>


-<testcase time="0" classname="Kubernetes e2e suite" name="[sig-storage] Storage Policy Based Volume Provisioning [Feature:vsphere] verify an if a SPBM policy and VSAN capabilities cannot be honored for dynamically provisioned pvc using storageclass">

<skipped/>

</testcase>


-<testcase time="0" classname="Kubernetes e2e suite" name="[sig-storage] In-tree Volumes [Driver: hostPathSymlink] [Testpattern: Dynamic PV (block volmode)] volumeMode should fail in binding dynamic provisioned PV to PVC">

<skipped/>

</testcase>


-<testcase time="0" classname="Kubernetes e2e suite" name="[sig-storage] In-tree Volumes [Driver: aws] [Testpattern: Dynamic PV (ext4)] volumes should be mountable">

<skipped/>

</testcase>


-<testcase time="0" classname="Kubernetes e2e suite" name="[sig-storage] Ephemeralstorage When pod refers to non-existent ephemeral storage should allow deletion of pod with invalid volume : projected">

<skipped/>

</testcase>


-<testcase time="0" classname="Kubernetes e2e suite" name="[sig-storage] In-tree Volumes [Driver: azure] [Testpattern: Dynamic PV (default fs)] subPath should unmount if pod is gracefully deleted while kubelet is down [Disruptive][Slow]">

<skipped/>

</testcase>


-<testcase time="0" classname="Kubernetes e2e suite" name="[sig-storage] In-tree Volumes [Driver: gcepd] [Testpattern: Inline-volume (default fs)] subPath should support existing directories when readOnly specified in the volumeSource">

<skipped/>

</testcase>

<testcase time="82.243011985" classname="Kubernetes e2e suite" name="[sig-storage] ConfigMap binary data should be reflected in volume [NodeConformance] [Conformance]"/>


-<testcase time="0" classname="Kubernetes e2e suite" name="[sig-storage] In-tree Volumes [Driver: hostPath] [Testpattern: Pre-provisioned PV (default fs)] volumeIO should write files of various sizes, verify size, validate content [Slow]">

<skipped/>

</testcase>


-<testcase time="0" classname="Kubernetes e2e suite" name="[sig-storage] In-tree Volumes [Driver: iscsi][Feature:Volumes] [Testpattern: Dynamic PV (default fs)] subPath should support readOnly file specified in the volumeMount">

<skipped/>

</testcase>


-<testcase time="0" classname="Kubernetes e2e suite" name="[sig-storage] In-tree Volumes [Driver: emptydir] [Testpattern: Pre-provisioned PV (default fs)] subPath should support non-existent path">

<skipped/>

</testcase>


-<testcase time="0" classname="Kubernetes e2e suite" name="[sig-storage] In-tree Volumes [Driver: ceph][Feature:Volumes] [Testpattern: Inline-volume (default fs)] subPath should support creating multiple subpath from same volumes [Slow]">

<skipped/>

</testcase>


-<testcase time="0" classname="Kubernetes e2e suite" name="[sig-storage] In-tree Volumes [Driver: cinder] [Testpattern: Pre-provisioned PV (default fs)] subPath should unmount if pod is gracefully deleted while kubelet is down [Disruptive][Slow]">

<skipped/>

</testcase>


-<testcase time="0" classname="Kubernetes e2e suite" name="[sig-storage] In-tree Volumes [Driver: azure] [Testpattern: Dynamic PV (default fs)] subPath should support readOnly file specified in the volumeMount">

<skipped/>

</testcase>


-<testcase time="0" classname="Kubernetes e2e suite" name="[sig-api-machinery] AdmissionWebhook Should be able to deny custom resource creation">

<skipped/>

</testcase>


-<testcase time="0" classname="Kubernetes e2e suite" name="[sig-instrumentation] [Feature:PrometheusMonitoring] Prometheus should contain correct container CPU metric.">

<skipped/>

</testcase>


-<testcase time="0" classname="Kubernetes e2e suite" name="[sig-storage] PersistentVolumes-local [Volume type: dir] One pod requesting one prebound PVC should be able to mount volume and write from pod1">

<skipped/>

</testcase>


-<testcase time="0" classname="Kubernetes e2e suite" name="[sig-storage] In-tree Volumes [Driver: aws] [Testpattern: Pre-provisioned PV (block volmode)] volumeMode should create sc, pod, pv, and pvc, read/write to the pv, and delete all created resources">

<skipped/>

</testcase>

<testcase time="15.251620177" classname="Kubernetes e2e suite" name="[sig-api-machinery] CustomResourceDefinition resources Simple CustomResourceDefinition creating/deleting custom resource definition objects works [Conformance]"/>


-<testcase time="0" classname="Kubernetes e2e suite" name="[sig-storage] In-tree Volumes [Driver: hostPath] [Testpattern: Inline-volume (default fs)] subPath should unmount if pod is gracefully deleted while kubelet is down [Disruptive][Slow]">

<skipped/>

</testcase>


-<testcase time="0" classname="Kubernetes e2e suite" name="[sig-storage] In-tree Volumes [Driver: aws] [Testpattern: Pre-provisioned PV (default fs)] subPath should support creating multiple subpath from same volumes [Slow]">

<skipped/>

</testcase>


-<testcase time="0" classname="Kubernetes e2e suite" name="[sig-instrumentation] Stackdriver Monitoring should have cluster metrics [Feature:StackdriverMonitoring]">

<skipped/>

</testcase>


-<testcase time="0" classname="Kubernetes e2e suite" name="[sig-storage] In-tree Volumes [Driver: emptydir] [Testpattern: Inline-volume (default fs)] subPath should support restarting containers using directory as subpath [Slow]">

<skipped/>

</testcase>


-<testcase time="0" classname="Kubernetes e2e suite" name="[sig-storage] In-tree Volumes [Driver: aws] [Testpattern: Dynamic PV (default fs)] provisioning should provision storage with mount options">

<skipped/>

</testcase>


-<testcase time="0" classname="Kubernetes e2e suite" name="[sig-storage] In-tree Volumes [Driver: hostPathSymlink] [Testpattern: Dynamic PV (default fs)] subPath should support readOnly file specified in the volumeMount">

<skipped/>

</testcase>


-<testcase time="0" classname="Kubernetes e2e suite" name="[sig-network] Loadbalancing: L7 [Slow] Nginx should conform to Ingress spec">

<skipped/>

</testcase>


-<testcase time="0" classname="Kubernetes e2e suite" name="[sig-storage] In-tree Volumes [Driver: nfs] [Testpattern: Inline-volume (default fs)] subPath should support existing directory">

<skipped/>

</testcase>


-<testcase time="0" classname="Kubernetes e2e suite" name="[sig-storage] In-tree Volumes [Driver: gluster] [Testpattern: Dynamic PV (default fs)] subPath should fail if subpath with backstepping is outside the volume [Slow]">

<skipped/>

</testcase>


-<testcase time="0" classname="Kubernetes e2e suite" name="[sig-storage] In-tree Volumes [Driver: cinder] [Testpattern: Pre-provisioned PV (ext3)] volumes should be mountable">

<skipped/>

</testcase>


-<testcase time="0" classname="Kubernetes e2e suite" name="[sig-api-machinery] Initializers [Feature:Initializers] will be set to nil if a patch removes the last pending initializer">

<skipped/>

</testcase>


-<testcase time="0" classname="Kubernetes e2e suite" name="[sig-cli] Kubectl client [k8s.io] Kubectl taint [Serial] should remove all the taints with the same key off a node">

<skipped/>

</testcase>


-<testcase time="0" classname="Kubernetes e2e suite" name="[sig-api-machinery] Generated clientset should create v1beta1 cronJobs, delete cronJobs, watch cronJobs">

<skipped/>

</testcase>


-<testcase time="0" classname="Kubernetes e2e suite" name="[sig-network] Networking Granular Checks: Services [Slow] should function for endpoint-Service: udp">

<skipped/>

</testcase>


-<testcase time="0" classname="Kubernetes e2e suite" name="[sig-network] ESIPP [Slow] [DisabledForLargeClusters] should handle updates to ExternalTrafficPolicy field">

<skipped/>

</testcase>


-<testcase time="0" classname="Kubernetes e2e suite" name="[sig-network] Loadbalancing: L7 GCE [Slow] [Feature:kubemci] should support https-only annotation">

<skipped/>

</testcase>


-<testcase time="0" classname="Kubernetes e2e suite" name="[sig-storage] EmptyDir volumes when FSGroup is specified [NodeFeature:FSGroup] new files should be created with FSGroup ownership when container is root">

<skipped/>

</testcase>


-<testcase time="0" classname="Kubernetes e2e suite" name="[sig-storage] In-tree Volumes [Driver: gluster] [Testpattern: Dynamic PV (default fs)] subPath should support file as subpath">

<skipped/>

</testcase>


-<testcase time="0" classname="Kubernetes e2e suite" name="[sig-storage] In-tree Volumes [Driver: gcepd] [Testpattern: Inline-volume (default fs)] subPath should support existing directory">

<skipped/>

</testcase>


-<testcase time="0" classname="Kubernetes e2e suite" name="[sig-network] Loadbalancing: L7 GCE [Slow] [Feature:Ingress] should update ingress while sync failures occur on other ingresses">

<skipped/>

</testcase>


-<testcase time="0" classname="Kubernetes e2e suite" name="[sig-network] Services should reconcile LB health check interval [Slow][Serial]">

<skipped/>

</testcase>


-<testcase time="0" classname="Kubernetes e2e suite" name="[sig-storage] In-tree Volumes [Driver: aws] [Testpattern: Inline-volume (ext4)] volumes should be mountable">

<skipped/>

</testcase>


-<testcase time="0" classname="Kubernetes e2e suite" name="[sig-scheduling] ResourceQuota [Feature:PodPriority] should verify ResourceQuota's priority class scope (quota set to pod count: 1) against a pod with different priority class (ScopeSelectorOpNotIn).">

<skipped/>

</testcase>


-<testcase time="0" classname="Kubernetes e2e suite" name="[sig-network] NetworkPolicy NetworkPolicy between server and client should allow ingress access on one named port [Feature:NetworkPolicy]">

<skipped/>

</testcase>


-<testcase time="0" classname="Kubernetes e2e suite" name="[sig-storage] In-tree Volumes [Driver: gluster] [Testpattern: Inline-volume (default fs)] subPath should fail if subpath directory is outside the volume [Slow]">

<skipped/>

</testcase>


-<testcase time="0" classname="Kubernetes e2e suite" name="[sig-apps] CronJob should delete successful finished jobs with limit of one successful job">

<skipped/>

</testcase>


-<testcase time="0" classname="Kubernetes e2e suite" name="[sig-network] Services should be able to change the type from ClusterIP to ExternalName">

<skipped/>

</testcase>


-<testcase time="0" classname="Kubernetes e2e suite" name="[sig-storage] In-tree Volumes [Driver: emptydir] [Testpattern: Dynamic PV (default fs)] subPath should unmount if pod is gracefully deleted while kubelet is down [Disruptive][Slow]">

<skipped/>

</testcase>


-<testcase time="0" classname="Kubernetes e2e suite" name="[sig-storage] In-tree Volumes [Driver: cinder] [Testpattern: Pre-provisioned PV (default fs)] subPath should support readOnly directory specified in the volumeMount">

<skipped/>

</testcase>


-<testcase time="0" classname="Kubernetes e2e suite" name="[sig-network] Loadbalancing: L7 GCE [Slow] [Feature:NEG] should be able to create a ClusterIP service">

<skipped/>

</testcase>


-<testcase time="0" classname="Kubernetes e2e suite" name="[sig-storage] Projected downwardAPI should provide podname as non-root with fsgroup and defaultMode [NodeFeature:FSGroup]">

<skipped/>

</testcase>


-<testcase time="0" classname="Kubernetes e2e suite" name="[sig-storage] Regional PD RegionalPD should provision storage in the allowedTopologies with delayed binding [Slow]">

<skipped/>

</testcase>


-<testcase time="0" classname="Kubernetes e2e suite" name="[sig-storage] Projected configMap Should fail non-optional pod creation due to the key in the configMap object does not exist [Slow]">

<skipped/>

</testcase>

<testcase time="8.253090628" classname="Kubernetes e2e suite" name="[sig-storage] Downward API volume should provide container's cpu limit [NodeConformance] [Conformance]"/>


-<testcase time="0" classname="Kubernetes e2e suite" name="[k8s.io] [sig-node] kubelet [k8s.io] [sig-node] Clean up pods on node kubelet should be able to delete 10 pods per node in 1m0s.">

<skipped/>

</testcase>

<testcase time="40.274567925" classname="Kubernetes e2e suite" name="[k8s.io] Pods should support remote command execution over websockets [NodeConformance] [Conformance]"/>


-<testcase time="0" classname="Kubernetes e2e suite" name="[sig-storage] In-tree Volumes [Driver: gluster] [Testpattern: Pre-provisioned PV (filesystem volmode)] volumeMode should create sc, pod, pv, and pvc, read/write to the pv, and delete all created resources">

<skipped/>

</testcase>


-<testcase time="0" classname="Kubernetes e2e suite" name="[sig-network] Services should be able to change the type and ports of a service [Slow] [DisabledForLargeClusters]">

<skipped/>

</testcase>

<testcase time="8.242340436" classname="Kubernetes e2e suite" name="[sig-storage] EmptyDir volumes should support (root,0666,default) [NodeConformance] [Conformance]"/>


-<testcase time="0" classname="Kubernetes e2e suite" name="[sig-storage] EmptyDir volumes when FSGroup is specified [NodeFeature:FSGroup] volume on tmpfs should have the correct mode using FSGroup">

<skipped/>

</testcase>


-<testcase time="0" classname="Kubernetes e2e suite" name="[sig-storage] In-tree Volumes [Driver: hostPathSymlink] [Testpattern: Pre-provisioned PV (default fs)] subPath should support readOnly file specified in the volumeMount">

<skipped/>

</testcase>


-<testcase time="0" classname="Kubernetes e2e suite" name="[k8s.io] Sysctls [NodeFeature:Sysctls] should support unsafe sysctls which are actually whitelisted">

<skipped/>

</testcase>


-<testcase time="0" classname="Kubernetes e2e suite" name="[sig-storage] Secrets Should fail non-optional pod creation due to secret object does not exist [Slow]">

<skipped/>

</testcase>


-<testcase time="0" classname="Kubernetes e2e suite" name="[sig-storage] In-tree Volumes [Driver: ceph][Feature:Volumes] [Testpattern: Dynamic PV (filesystem volmode)] volumeMode should create sc, pod, pv, and pvc, read/write to the pv, and delete all created resources">

<skipped/>

</testcase>


-<testcase time="0" classname="Kubernetes e2e suite" name="[sig-network] Services should be able to up and down services">

<skipped/>

</testcase>


-<testcase time="0" classname="Kubernetes e2e suite" name="[sig-storage] In-tree Volumes [Driver: gcepd] [Testpattern: Dynamic PV (default fs)] subPath should unmount if pod is gracefully deleted while kubelet is down [Disruptive][Slow]">

<skipped/>

</testcase>


-<testcase time="0" classname="Kubernetes e2e suite" name="[sig-storage] In-tree Volumes [Driver: gcepd] [Testpattern: Pre-provisioned PV (default fs)] volumes should be mountable">

<skipped/>

</testcase>


-<testcase time="0" classname="Kubernetes e2e suite" name="[sig-storage] In-tree Volumes [Driver: cinder] [Testpattern: Dynamic PV (default fs)] volumeIO should write files of various sizes, verify size, validate content [Slow]">

<skipped/>

</testcase>


-<testcase time="0" classname="Kubernetes e2e suite" name="[sig-storage] In-tree Volumes [Driver: ceph][Feature:Volumes] [Testpattern: Pre-provisioned PV (default fs)] subPath should support existing directories when readOnly specified in the volumeSource">

<skipped/>

</testcase>


-<testcase time="0" classname="Kubernetes e2e suite" name="[sig-storage] In-tree Volumes [Driver: hostPathSymlink] [Testpattern: Dynamic PV (xfs)] volumes should be mountable">

<skipped/>

</testcase>


-<testcase time="0" classname="Kubernetes e2e suite" name="[sig-storage] PersistentVolumes GCEPD should test that deleting a PVC before the pod does not cause pod deletion to fail on PD detach">

<skipped/>

</testcase>


-<testcase time="0" classname="Kubernetes e2e suite" name="[sig-storage] PersistentVolumes-local [Volume type: tmpfs] Set fsGroup for local volume should set same fsGroup for two pods simultaneously">

<skipped/>

</testcase>


-<testcase time="0" classname="Kubernetes e2e suite" name="[sig-storage] Pod Disks detach in a disrupted environment [Slow] [Disruptive] when node is deleted">

<skipped/>

</testcase>


-<testcase time="0" classname="Kubernetes e2e suite" name="[sig-storage] In-tree Volumes [Driver: emptydir] [Testpattern: Inline-volume (default fs)] subPath should support creating multiple subpath from same volumes [Slow]">

<skipped/>

</testcase>


-<testcase time="0" classname="Kubernetes e2e suite" name="[sig-storage] In-tree Volumes [Driver: gluster] [Testpattern: Pre-provisioned PV (default fs)] subPath should fail if subpath file is outside the volume [Slow]">

<skipped/>

</testcase>


-<testcase time="0" classname="Kubernetes e2e suite" name="[sig-instrumentation] Stackdriver Monitoring should have accelerator metrics [Feature:StackdriverAcceleratorMonitoring]">

<skipped/>

</testcase>


-<testcase time="0" classname="Kubernetes e2e suite" name="[sig-api-machinery] Servers with support for Table transformation should return generic metadata details across all namespaces for nodes">

<skipped/>

</testcase>


-<testcase time="0" classname="Kubernetes e2e suite" name="[sig-storage] In-tree Volumes [Driver: vSphere] [Testpattern: Dynamic PV (default fs)] subPath should unmount if pod is gracefully deleted while kubelet is down [Disruptive][Slow]">

<skipped/>

</testcase>


-<testcase time="0" classname="Kubernetes e2e suite" name="[sig-storage] In-tree Volumes [Driver: rbd][Feature:Volumes] [Testpattern: Inline-volume (default fs)] subPath should fail if subpath directory is outside the volume [Slow]">

<skipped/>

</testcase>

<testcase time="248.573823784" classname="Kubernetes e2e suite" name="[k8s.io] Probing container should *not* be restarted with a /healthz http liveness probe [NodeConformance] [Conformance]"/>

<testcase time="8.288115433" classname="Kubernetes e2e suite" name="[sig-storage] Projected configMap should be consumable from pods in volume with mappings and Item mode set [NodeConformance] [Conformance]"/>


-<testcase time="0" classname="Kubernetes e2e suite" name="[sig-storage] PersistentVolumes-local StatefulSet with pod affinity [Slow] should use volumes spread across nodes when pod has anti-affinity">

<skipped/>

</testcase>


-<testcase time="0" classname="Kubernetes e2e suite" name="[sig-scalability] Density [Feature:ManualPerformance] should allow starting 30 pods per node using Deployment.extensions with 0 secrets, 0 configmaps, 0 token projections, and 0 daemons">

<skipped/>

</testcase>


-<testcase time="0" classname="Kubernetes e2e suite" name="[sig-apps] ReplicaSet should surface a failure condition on a common issue like exceeded quota">

<skipped/>

</testcase>

<testcase time="27.218915418999998" classname="Kubernetes e2e suite" name="[sig-apps] ReplicationController should adopt matching pods on creation [Conformance]"/>


-<testcase time="0" classname="Kubernetes e2e suite" name="[sig-network] Services should have session affinity work for LoadBalancer service with ESIPP off [Slow] [DisabledForLargeClusters]">

<skipped/>

</testcase>

<testcase time="75.711434422" classname="Kubernetes e2e suite" name="[sig-cli] Kubectl client [k8s.io] Guestbook application should create and stop a working application [Conformance]"/>

<testcase time="48.276288799" classname="Kubernetes e2e suite" name="[k8s.io] Container Lifecycle Hook when create a pod with lifecycle hook should execute poststart exec hook properly [NodeConformance] [Conformance]"/>


-<testcase time="0" classname="Kubernetes e2e suite" name="[sig-network] DNS should support configurable pod resolv.conf">

<skipped/>

</testcase>

<testcase time="12.852369434" classname="Kubernetes e2e suite" name="[sig-cli] Kubectl client [k8s.io] Kubectl run pod should create a pod from an image when restart is Never [Conformance]"/>


-<testcase time="0" classname="Kubernetes e2e suite" name="[sig-storage] Volume expand [Slow] Verify if editing PVC allows resize">

<skipped/>

</testcase>


-<testcase time="0" classname="Kubernetes e2e suite" name="[sig-auth] [Feature:NodeAuthorizer] Getting a non-existent secret should exit with the Forbidden error, not a NotFound error">

<skipped/>

</testcase>


-<testcase time="0" classname="Kubernetes e2e suite" name="[sig-scheduling] SchedulerPredicates [Serial] validates that required NodeAffinity setting is respected if matching">

<skipped/>

</testcase>


-<testcase time="0" classname="Kubernetes e2e suite" name="[sig-storage] In-tree Volumes [Driver: emptydir] [Testpattern: Dynamic PV (block volmode)] volumeMode should fail in binding dynamic provisioned PV to PVC">

<skipped/>

</testcase>


-<testcase time="0" classname="Kubernetes e2e suite" name="[sig-storage] In-tree Volumes [Driver: cinder] [Testpattern: Dynamic PV (default fs)] subPath should support existing directories when readOnly specified in the volumeSource">

<skipped/>

</testcase>


-<testcase time="0" classname="Kubernetes e2e suite" name="[sig-storage] GenericPersistentVolume[Disruptive] When kubelet restarts Should test that a volume mounted to a pod that is deleted while the kubelet is down unmounts when the kubelet returns.">

<skipped/>

</testcase>


-<testcase time="0" classname="Kubernetes e2e suite" name="[sig-storage] In-tree Volumes [Driver: hostPathSymlink] [Testpattern: Pre-provisioned PV (ext4)] volumes should be mountable">

<skipped/>

</testcase>


-<testcase time="0" classname="Kubernetes e2e suite" name="[sig-cluster-lifecycle] Ports Security Check [Feature:KubeletSecurity] should not have port 10255 open on its all public IP addresses">

<skipped/>

</testcase>


-<testcase time="0" classname="Kubernetes e2e suite" name="[sig-network] NetworkPolicy NetworkPolicy between server and client should support allow-all policy [Feature:NetworkPolicy]">

<skipped/>

</testcase>


-<testcase time="0" classname="Kubernetes e2e suite" name="[sig-storage] In-tree Volumes [Driver: aws] [Testpattern: Dynamic PV (filesystem volmode)] volumeMode should create sc, pod, pv, and pvc, read/write to the pv, and delete all created resources">

<skipped/>

</testcase>


-<testcase time="0" classname="Kubernetes e2e suite" name="[sig-apps] CronJob should not emit unexpected warnings">

<skipped/>

</testcase>


-<testcase time="0" classname="Kubernetes e2e suite" name="[sig-scheduling] Multi-AZ Cluster Volumes [sig-storage] should schedule pods in the same zones as statically provisioned PVs">

<skipped/>

</testcase>


-<testcase time="0" classname="Kubernetes e2e suite" name="[sig-storage] In-tree Volumes [Driver: aws] [Testpattern: Dynamic PV (default fs)] provisioning should provision storage with defaults">

<skipped/>

</testcase>


-<testcase time="0" classname="Kubernetes e2e suite" name="[sig-storage] In-tree Volumes [Driver: cinder] [Testpattern: Inline-volume (default fs)] subPath should support existing single file">

<skipped/>

</testcase>


-<testcase time="0" classname="Kubernetes e2e suite" name="[sig-scheduling] SchedulerPredicates [Serial] validates that there is no conflict between pods with same hostPort but different hostIP and protocol">

<skipped/>

</testcase>


-<testcase time="0" classname="Kubernetes e2e suite" name="[sig-storage] In-tree Volumes [Driver: hostPathSymlink] [Testpattern: Pre-provisioned PV (default fs)] subPath should support creating multiple subpath from same volumes [Slow]">

<skipped/>

</testcase>


-<testcase time="0" classname="Kubernetes e2e suite" name="[sig-storage] PersistentVolumes NFS when invoking the Recycle reclaim policy should test that a PV becomes Available and is clean after the PVC is deleted.">

<skipped/>

</testcase>


-<testcase time="0" classname="Kubernetes e2e suite" name="[k8s.io] Security Context When creating a pod with readOnlyRootFilesystem should run the container with readonly rootfs when readOnlyRootFilesystem=true [NodeConformance]">

<skipped/>

</testcase>


-<testcase time="0" classname="Kubernetes e2e suite" name="[sig-auth] PodSecurityPolicy should enforce the restricted policy.PodSecurityPolicy">

<skipped/>

</testcase>


-<testcase time="0" classname="Kubernetes e2e suite" name="[sig-storage] In-tree Volumes [Driver: vSphere] [Testpattern: Dynamic PV (ext3)] volumes should be mountable">

<skipped/>

</testcase>

<testcase time="8.250548754" classname="Kubernetes e2e suite" name="[sig-storage] Secrets should be consumable from pods in volume with defaultMode set [NodeConformance] [Conformance]"/>


-<testcase time="0" classname="Kubernetes e2e suite" name="[k8s.io] Sysctls [NodeFeature:Sysctls] should not launch unsafe, but not explicitly enabled sysctls on the node">

<skipped/>

</testcase>


-<testcase time="0" classname="Kubernetes e2e suite" name="[sig-storage] In-tree Volumes [Driver: gluster] [Testpattern: Inline-volume (default fs)] volumeIO should write files of various sizes, verify size, validate content [Slow]">

<skipped/>

</testcase>


-<testcase time="0" classname="Kubernetes e2e suite" name="[sig-storage] In-tree Volumes [Driver: hostPathSymlink] [Testpattern: Pre-provisioned PV (default fs)] subPath should support file as subpath">

<skipped/>

</testcase>


-<testcase time="0" classname="Kubernetes e2e suite" name="[sig-storage] In-tree Volumes [Driver: azure] [Testpattern: Dynamic PV (default fs)] subPath should support creating multiple subpath from same volumes [Slow]">

<skipped/>

</testcase>


-<testcase time="0" classname="Kubernetes e2e suite" name="[sig-network] DNS configMap nameserver [Feature:Networking-IPv6] Forward PTR lookup should forward PTR records lookup to upstream nameserver [Slow][Serial]">

<skipped/>

</testcase>


-<testcase time="0" classname="Kubernetes e2e suite" name="[sig-storage] In-tree Volumes [Driver: azure] [Testpattern: Inline-volume (default fs)] subPath should unmount if pod is force deleted while kubelet is down [Disruptive][Slow]">

<skipped/>

</testcase>

<testcase time="8.263257206" classname="Kubernetes e2e suite" name="[sig-storage] EmptyDir volumes should support (non-root,0666,tmpfs) [NodeConformance] [Conformance]"/>


-<testcase time="0" classname="Kubernetes e2e suite" name="[sig-storage] In-tree Volumes [Driver: ceph][Feature:Volumes] [Testpattern: Dynamic PV (default fs)] subPath should support file as subpath">

<skipped/>

</testcase>


-<testcase time="0" classname="Kubernetes e2e suite" name="[sig-storage] In-tree Volumes [Driver: hostPath] [Testpattern: Dynamic PV (default fs)] subPath should fail if subpath file is outside the volume [Slow]">

<skipped/>

</testcase>


-<testcase time="0" classname="Kubernetes e2e suite" name="[sig-storage] In-tree Volumes [Driver: iscsi][Feature:Volumes] [Testpattern: Pre-provisioned PV (default fs)] volumes should be mountable">

<skipped/>

</testcase>


-<testcase time="0" classname="Kubernetes e2e suite" name="[sig-network] Services should prevent NodePort collisions">

<skipped/>

</testcase>


-<testcase time="0" classname="Kubernetes e2e suite" name="[sig-storage] CSI Volumes [Driver: csi-hostpath-v0] [Testpattern: Dynamic PV (xfs)] volumes should be mountable">

<skipped/>

</testcase>


-<testcase time="0" classname="Kubernetes e2e suite" name="[sig-storage] In-tree Volumes [Driver: aws] [Testpattern: Pre-provisioned PV (default fs)] subPath should support readOnly directory specified in the volumeMount">

<skipped/>

</testcase>


-<testcase time="0" classname="Kubernetes e2e suite" name="[sig-autoscaling] [HPA] Horizontal pod autoscaling (scale resource: CPU) [sig-autoscaling] [Serial] [Slow] Deployment Should scale from 5 pods to 3 pods and from 3 to 1">

<skipped/>

</testcase>


-<testcase time="0" classname="Kubernetes e2e suite" name="[sig-storage] CSI Volumes [Driver: csi-hostpath-v0] [Testpattern: Dynamic PV (default fs)] subPath should unmount if pod is gracefully deleted while kubelet is down [Disruptive][Slow]">

<skipped/>

</testcase>


-<testcase time="0" classname="Kubernetes e2e suite" name="[sig-autoscaling] Cluster size autoscaling [Slow] should increase cluster size if pods are pending due to host port conflict [Feature:ClusterSizeAutoscalingScaleUp]">

<skipped/>

</testcase>


-<testcase time="0" classname="Kubernetes e2e suite" name="[sig-storage] In-tree Volumes [Driver: aws] [Testpattern: Inline-volume (default fs)] subPath should fail if subpath directory is outside the volume [Slow]">

<skipped/>

</testcase>


-<testcase time="0" classname="Kubernetes e2e suite" name="[sig-storage] CSI Volumes [Driver: csi-hostpath] [Testpattern: Dynamic PV (default fs)] subPath should fail if subpath directory is outside the volume [Slow]">

<skipped/>

</testcase>


-<testcase time="0" classname="Kubernetes e2e suite" name="[sig-storage] In-tree Volumes [Driver: cinder] [Testpattern: Pre-provisioned PV (default fs)] subPath should support existing directory">

<skipped/>

</testcase>


-<testcase time="0" classname="Kubernetes e2e suite" name="[sig-storage] CSI Volumes [Driver: pd.csi.storage.gke.io][Feature: gcePD-external] [Testpattern: Dynamic PV (default fs)] subPath should fail if non-existent subpath is outside the volume [Slow]">

<skipped/>

</testcase>


-<testcase time="0" classname="Kubernetes e2e suite" name="[k8s.io] Security Context When creating a pod with readOnlyRootFilesystem should run the container with writable rootfs when readOnlyRootFilesystem=false [NodeConformance]">

<skipped/>

</testcase>


-<testcase time="0" classname="Kubernetes e2e suite" name="[sig-storage] In-tree Volumes [Driver: iscsi][Feature:Volumes] [Testpattern: Pre-provisioned PV (default fs)] subPath should support existing single file">

<skipped/>

</testcase>

<testcase time="6.255824848" classname="Kubernetes e2e suite" name="[sig-api-machinery] Watchers should be able to start watching from a specific resource version [Conformance]"/>


-<testcase time="0" classname="Kubernetes e2e suite" name="[sig-storage] Storage Policy Based Volume Provisioning [Feature:vsphere] verify VSAN storage capability with valid diskStripes and objectSpaceReservation values is honored for dynamically provisioned pvc using storageclass">

<skipped/>

</testcase>


-<testcase time="0" classname="Kubernetes e2e suite" name="[sig-storage] CSI Volumes [Driver: pd.csi.storage.gke.io][Serial] [Testpattern: Dynamic PV (filesystem volmode)] volumeMode should create sc, pod, pv, and pvc, read/write to the pv, and delete all created resources">

<skipped/>

</testcase>

<testcase time="8.227534319" classname="Kubernetes e2e suite" name="[sig-storage] EmptyDir volumes volume on tmpfs should have the correct mode [NodeConformance] [Conformance]"/>


-<testcase time="0" classname="Kubernetes e2e suite" name="[sig-autoscaling] Cluster size autoscaling [Slow] shouldn't be able to scale down when rescheduling a pod is required, but pdb doesn't allow drain[Feature:ClusterSizeAutoscalingScaleDown]">

<skipped/>

</testcase>


-<testcase time="0" classname="Kubernetes e2e suite" name="[sig-storage] In-tree Volumes [Driver: vSphere] [Testpattern: Pre-provisioned PV (default fs)] subPath should support readOnly directory specified in the volumeMount">

<skipped/>

</testcase>


-<testcase time="0" classname="Kubernetes e2e suite" name="[sig-storage] PersistentVolumes GCEPD should test that deleting the PV before the pod does not cause pod deletion to fail on PD detach">

<skipped/>

</testcase>


-<testcase time="0" classname="Kubernetes e2e suite" name="[sig-storage] In-tree Volumes [Driver: gluster] [Testpattern: Inline-volume (default fs)] subPath should support existing single file">

<skipped/>

</testcase>


-<testcase time="0" classname="Kubernetes e2e suite" name="[sig-storage] In-tree Volumes [Driver: gcepd] [Testpattern: Pre-provisioned PV (filesystem volmode)] volumeMode should create sc, pod, pv, and pvc, read/write to the pv, and delete all created resources">

<skipped/>

</testcase>


-<testcase time="0" classname="Kubernetes e2e suite" name="[sig-storage] In-tree Volumes [Driver: azure] [Testpattern: Pre-provisioned PV (filesystem volmode)] volumeMode should create sc, pod, pv, and pvc, read/write to the pv, and delete all created resources">

<skipped/>

</testcase>


-<testcase time="0" classname="Kubernetes e2e suite" name="[sig-api-machinery] AdmissionWebhook Should be able to deny pod and configmap creation">

<skipped/>

</testcase>


-<testcase time="0" classname="Kubernetes e2e suite" name="[sig-storage] In-tree Volumes [Driver: emptydir] [Testpattern: Inline-volume (default fs)] subPath should fail if subpath with backstepping is outside the volume [Slow]">

<skipped/>

</testcase>

<testcase time="6.238619396" classname="Kubernetes e2e suite" name="[sig-cli] Kubectl client [k8s.io] Kubectl version should check is all data is printed [Conformance]"/>


-<testcase time="0" classname="Kubernetes e2e suite" name="[sig-storage] In-tree Volumes [Driver: hostPath] [Testpattern: Pre-provisioned PV (default fs)] subPath should support restarting containers using directory as subpath [Slow]">

<skipped/>

</testcase>


-<testcase time="0" classname="Kubernetes e2e suite" name="[sig-scheduling] [Feature:GPUDevicePlugin] run Nvidia GPU Device Plugin tests">

<skipped/>

</testcase>


-<testcase time="0" classname="Kubernetes e2e suite" name="[sig-storage] ConfigMap should be consumable from pods in volume as non-root with FSGroup [NodeFeature:FSGroup]">

<skipped/>

</testcase>


-<testcase time="0" classname="Kubernetes e2e suite" name="[sig-storage] In-tree Volumes [Driver: iscsi][Feature:Volumes] [Testpattern: Inline-volume (default fs)] subPath should support non-existent path">

<skipped/>

</testcase>

<testcase time="8.250406792" classname="Kubernetes e2e suite" name="[sig-storage] Projected secret should be consumable from pods in volume [NodeConformance] [Conformance]"/>


-<testcase time="0" classname="Kubernetes e2e suite" name="[sig-storage] In-tree Volumes [Driver: hostPath] [Testpattern: Pre-provisioned PV (default fs)] subPath should support non-existent path">

<skipped/>

</testcase>


-<testcase time="0" classname="Kubernetes e2e suite" name="[sig-storage] In-tree Volumes [Driver: azure] [Testpattern: Pre-provisioned PV (default fs)] subPath should support file as subpath">

<skipped/>

</testcase>


-<testcase time="0" classname="Kubernetes e2e suite" name="[sig-storage] In-tree Volumes [Driver: gcepd] [Testpattern: Dynamic PV (default fs)] volumes should be mountable">

<skipped/>

</testcase>


-<testcase time="0" classname="Kubernetes e2e suite" name="[sig-storage] In-tree Volumes [Driver: hostPathSymlink] [Testpattern: Dynamic PV (default fs)] volumeIO should write files of various sizes, verify size, validate content [Slow]">

<skipped/>

</testcase>


-<testcase time="0" classname="Kubernetes e2e suite" name="[sig-storage] In-tree Volumes [Driver: gcepd] [Testpattern: Inline-volume (default fs)] subPath should support readOnly file specified in the volumeMount">

<skipped/>

</testcase>


-<testcase time="0" classname="Kubernetes e2e suite" name="[sig-storage] In-tree Volumes [Driver: gcepd] [Testpattern: Dynamic PV (default fs)] provisioning should provision storage with defaults">

<skipped/>

</testcase>


-<testcase time="0" classname="Kubernetes e2e suite" name="[sig-storage] Volume FStype [Feature:vsphere] verify fstype - default value should be ext4">

<skipped/>

</testcase>


-<testcase time="0" classname="Kubernetes e2e suite" name="[k8s.io] Pods should have their auto-restart back-off timer reset on image update [Slow][NodeConformance]">

<skipped/>

</testcase>


-<testcase time="0" classname="Kubernetes e2e suite" name="[sig-storage] In-tree Volumes [Driver: nfs] [Testpattern: Inline-volume (default fs)] subPath should support restarting containers using directory as subpath [Slow]">

<skipped/>

</testcase>

<testcase time="8.251719258" classname="Kubernetes e2e suite" name="[sig-storage] Projected combined should project all components that make up the projection API [Projection][NodeConformance] [Conformance]"/>


-<testcase time="0" classname="Kubernetes e2e suite" name="[sig-apps] Deployment deployment reaping should cascade to its replica sets and pods">

<skipped/>

</testcase>


-<testcase time="0" classname="Kubernetes e2e suite" name="[sig-autoscaling] Cluster size autoscaling [Slow] Should scale down GPU pool from 1 [GpuType:] [Feature:ClusterSizeAutoscalingGpu]">

<skipped/>

</testcase>


-<testcase time="0" classname="Kubernetes e2e suite" name="[sig-autoscaling] Cluster size autoscaling [Slow] Should be able to scale a node group up from 0[Feature:ClusterSizeAutoscalingScaleUp]">

<skipped/>

</testcase>


-<testcase time="0" classname="Kubernetes e2e suite" name="[sig-storage] In-tree Volumes [Driver: hostPathSymlink] [Testpattern: Dynamic PV (filesystem volmode)] volumeMode should create sc, pod, pv, and pvc, read/write to the pv, and delete all created resources">

<skipped/>

</testcase>


-<testcase time="0" classname="Kubernetes e2e suite" name="[sig-network] Networking should provide Internet connection for containers [Feature:Networking-IPv4]">

<skipped/>

</testcase>


-<testcase time="0" classname="Kubernetes e2e suite" name="[sig-storage] In-tree Volumes [Driver: gcepd] [Testpattern: Pre-provisioned PV (default fs)] subPath should support non-existent path">

<skipped/>

</testcase>


-<testcase time="0" classname="Kubernetes e2e suite" name="[sig-autoscaling] DNS horizontal autoscaling [Serial] [Slow] kube-dns-autoscaler should scale kube-dns pods when cluster size changed">

<skipped/>

</testcase>


-<testcase time="0" classname="Kubernetes e2e suite" name="[sig-storage] In-tree Volumes [Driver: ceph][Feature:Volumes] [Testpattern: Pre-provisioned PV (default fs)] volumeIO should write files of various sizes, verify size, validate content [Slow]">

<skipped/>

</testcase>


-<testcase time="0" classname="Kubernetes e2e suite" name="[sig-storage] In-tree Volumes [Driver: ceph][Feature:Volumes] [Testpattern: Dynamic PV (default fs)] subPath should unmount if pod is force deleted while kubelet is down [Disruptive][Slow]">

<skipped/>

</testcase>


-<testcase time="0" classname="Kubernetes e2e suite" name="[sig-storage] In-tree Volumes [Driver: vSphere] [Testpattern: Inline-volume (default fs)] volumes should be mountable">

<skipped/>

</testcase>


-<testcase time="0" classname="Kubernetes e2e suite" name="[sig-storage] In-tree Volumes [Driver: cinder] [Testpattern: Pre-provisioned PV (filesystem volmode)] volumeMode should create sc, pod, pv, and pvc, read/write to the pv, and delete all created resources">

<skipped/>

</testcase>


-<testcase time="0" classname="Kubernetes e2e suite" name="[sig-api-machinery] Servers with support for API chunking should return chunks of results for list calls">

<skipped/>

</testcase>


-<testcase time="0" classname="Kubernetes e2e suite" name="[sig-storage] In-tree Volumes [Driver: nfs] [Testpattern: Pre-provisioned PV (ext3)] volumes should be mountable">

<skipped/>

</testcase>


-<testcase time="0" classname="Kubernetes e2e suite" name="[sig-storage] In-tree Volumes [Driver: nfs] [Testpattern: Pre-provisioned PV (default fs)] subPath should fail if subpath file is outside the volume [Slow]">

<skipped/>

</testcase>


-<testcase time="0" classname="Kubernetes e2e suite" name="[sig-storage] In-tree Volumes [Driver: hostPath] [Testpattern: Dynamic PV (default fs)] subPath should support file as subpath">

<skipped/>

</testcase>


-<testcase time="0" classname="Kubernetes e2e suite" name="[sig-storage] In-tree Volumes [Driver: vSphere] [Testpattern: Pre-provisioned PV (filesystem volmode)] volumeMode should create sc, pod, pv, and pvc, read/write to the pv, and delete all created resources">

<skipped/>

</testcase>


-<testcase time="0" classname="Kubernetes e2e suite" name="[sig-storage] [Serial] Volume metrics should create metrics for total time taken in volume operations in P/V Controller">

<skipped/>

</testcase>


-<testcase time="0" classname="Kubernetes e2e suite" name="[sig-autoscaling] [HPA] Horizontal pod autoscaling (scale resource: CPU) [sig-autoscaling] [Serial] [Slow] ReplicationController Should scale from 5 pods to 3 pods and from 3 to 1 and verify decision stability">

<skipped/>

</testcase>


-<testcase time="0" classname="Kubernetes e2e suite" name="[sig-storage] In-tree Volumes [Driver: hostPath] [Testpattern: Dynamic PV (default fs)] subPath should support readOnly directory specified in the volumeMount">

<skipped/>

</testcase>


-<testcase time="0" classname="Kubernetes e2e suite" name="[sig-storage] PersistentVolumes-local [Volume type: tmpfs] Set fsGroup for local volume should set different fsGroup for second pod if first pod is deleted">

<skipped/>

</testcase>


-<testcase time="0" classname="Kubernetes e2e suite" name="[sig-storage] In-tree Volumes [Driver: azure] [Testpattern: Pre-provisioned PV (xfs)] volumes should be mountable">

<skipped/>

</testcase>


-<testcase time="0" classname="Kubernetes e2e suite" name="[sig-api-machinery] Initializers [Feature:Initializers] should dynamically register and apply initializers to pods [Serial]">

<skipped/>

</testcase>


-<testcase time="0" classname="Kubernetes e2e suite" name="[sig-auth] [Feature:NodeAuthorizer] Getting a secret for a workload the node has access to should succeed">

<skipped/>

</testcase>


-<testcase time="0" classname="Kubernetes e2e suite" name="[sig-storage] In-tree Volumes [Driver: emptydir] [Testpattern: Inline-volume (default fs)] subPath should support file as subpath">

<skipped/>

</testcase>


-<testcase time="0" classname="Kubernetes e2e suite" name="[sig-storage] In-tree Volumes [Driver: cinder] [Testpattern: Dynamic PV (default fs)] subPath should support restarting containers using directory as subpath [Slow]">

<skipped/>

</testcase>


-<testcase time="0" classname="Kubernetes e2e suite" name="[sig-storage] In-tree Volumes [Driver: gluster] [Testpattern: Inline-volume (default fs)] subPath should support existing directory">

<skipped/>

</testcase>


-<testcase time="0" classname="Kubernetes e2e suite" name="[sig-storage] In-tree Volumes [Driver: ceph][Feature:Volumes] [Testpattern: Inline-volume (default fs)] subPath should fail if non-existent subpath is outside the volume [Slow]">

<skipped/>

</testcase>


-<testcase time="0" classname="Kubernetes e2e suite" name="[sig-storage] PersistentVolumes NFS with multiple PVs and PVCs all in same ns should create 4 PVs and 2 PVCs: test write access [Slow]">

<skipped/>

</testcase>

<testcase time="8.264526281" classname="Kubernetes e2e suite" name="[sig-storage] Projected configMap should be consumable from pods in volume with mappings [NodeConformance] [Conformance]"/>

<testcase time="8.237462148" classname="Kubernetes e2e suite" name="[sig-storage] Projected downwardAPI should set DefaultMode on files [NodeConformance] [Conformance]"/>


-<testcase time="0" classname="Kubernetes e2e suite" name="[sig-storage] In-tree Volumes [Driver: hostPathSymlink] [Testpattern: Inline-volume (default fs)] subPath should support readOnly file specified in the volumeMount">

<skipped/>

</testcase>


-<testcase time="0" classname="Kubernetes e2e suite" name="[sig-storage] PersistentVolumes-local [Volume type: block] Two pods mounting a local volume one after the other should be able to write from pod1 and read from pod2">

<skipped/>

</testcase>


-<testcase time="0" classname="Kubernetes e2e suite" name="[sig-apps] Deployment iterative rollouts should eventually progress">

<skipped/>

</testcase>


-<testcase time="0" classname="Kubernetes e2e suite" name="[sig-storage] In-tree Volumes [Driver: azure] [Testpattern: Dynamic PV (default fs)] subPath should fail if non-existent subpath is outside the volume [Slow]">

<skipped/>

</testcase>


-<testcase time="0" classname="Kubernetes e2e suite" name="[sig-storage] In-tree Volumes [Driver: ceph][Feature:Volumes] [Testpattern: Inline-volume (default fs)] subPath should support existing directories when readOnly specified in the volumeSource">

<skipped/>

</testcase>


-<testcase time="0" classname="Kubernetes e2e suite" name="[sig-autoscaling] [HPA] Horizontal pod autoscaling (scale resource: Custom Metrics from Stackdriver) should scale down with External Metric with target value from Stackdriver [Feature:CustomMetricsAutoscaling]">

<skipped/>

</testcase>


-<testcase time="0" classname="Kubernetes e2e suite" name="[k8s.io] Security Context When creating a container with runAsUser should run the container with uid 0 [NodeConformance]">

<skipped/>

</testcase>


-<testcase time="0" classname="Kubernetes e2e suite" name="[sig-storage] In-tree Volumes [Driver: rbd][Feature:Volumes] [Testpattern: Pre-provisioned PV (default fs)] subPath should support existing directory">

<skipped/>

</testcase>


-<testcase time="0" classname="Kubernetes e2e suite" name="[sig-storage] PersistentVolumes-local [Volume type: blockfswithoutformat] Set fsGroup for local volume should set same fsGroup for two pods simultaneously">

<skipped/>

</testcase>


-<testcase time="0" classname="Kubernetes e2e suite" name="[sig-storage] In-tree Volumes [Driver: aws] [Testpattern: Inline-volume (default fs)] subPath should fail if non-existent subpath is outside the volume [Slow]">

<skipped/>

</testcase>


-<testcase time="0" classname="Kubernetes e2e suite" name="[sig-cluster-lifecycle] [Feature:BootstrapTokens] should delete the token secret when the secret expired">

<skipped/>

</testcase>


-<testcase time="0" classname="Kubernetes e2e suite" name="[sig-storage] In-tree Volumes [Driver: aws] [Testpattern: Inline-volume (default fs)] subPath should support creating multiple subpath from same volumes [Slow]">

<skipped/>

</testcase>

<testcase time="56.303330968" classname="Kubernetes e2e suite" name="[k8s.io] Probing container should be restarted with a exec "cat /tmp/health" liveness probe [NodeConformance] [Conformance]"/>


-<testcase time="0" classname="Kubernetes e2e suite" name="[sig-storage] In-tree Volumes [Driver: gluster] [Testpattern: Inline-volume (default fs)] volumes should be mountable">

<skipped/>

</testcase>

<testcase time="8.254855589" classname="Kubernetes e2e suite" name="[sig-storage] Secrets should be consumable in multiple volumes in a pod [NodeConformance] [Conformance]"/>


-<testcase time="0" classname="Kubernetes e2e suite" name="[sig-storage] In-tree Volumes [Driver: rbd][Feature:Volumes] [Testpattern: Dynamic PV (default fs)] subPath should support non-existent path">

<skipped/>

</testcase>


-<testcase time="0" classname="Kubernetes e2e suite" name="[sig-storage] In-tree Volumes [Driver: azure] [Testpattern: Inline-volume (default fs)] subPath should support existing single file">

<skipped/>

</testcase>


-<testcase time="0" classname="Kubernetes e2e suite" name="[sig-apps] Job should run a job to completion when tasks sometimes fail and are not locally restarted">

<skipped/>

</testcase>


-<testcase time="0" classname="Kubernetes e2e suite" name="[sig-storage] In-tree Volumes [Driver: ceph][Feature:Volumes] [Testpattern: Dynamic PV (default fs)] volumeIO should write files of various sizes, verify size, validate content [Slow]">

<skipped/>

</testcase>


-<testcase time="0" classname="Kubernetes e2e suite" name="[sig-storage] CSI Volumes [Driver: pd.csi.storage.gke.io][Feature: gcePD-external] [Testpattern: Dynamic PV (default fs)] subPath should unmount if pod is force deleted while kubelet is down [Disruptive][Slow]">

<skipped/>

</testcase>

<testcase time="8.248905346" classname="Kubernetes e2e suite" name="[k8s.io] Docker Containers should use the image defaults if command and args are blank [NodeConformance] [Conformance]"/>


-<testcase time="0" classname="Kubernetes e2e suite" name="[sig-api-machinery] AdmissionWebhook Should mutate configmap">

<skipped/>

</testcase>


-<testcase time="0" classname="Kubernetes e2e suite" name="[k8s.io] [sig-node] kubelet [k8s.io] [sig-node] host cleanup with volume mounts [sig-storage][HostCleanup][Flaky] Host cleanup after disrupting NFS volume [NFS] after stopping the nfs-server and deleting the (sleeping) client pod, the NFS mount and the pod's UID directory should be removed.">

<skipped/>

</testcase>


-<testcase time="0" classname="Kubernetes e2e suite" name="[sig-api-machinery] Watchers should receive events on concurrent watches in same order">

<skipped/>

</testcase>


-<testcase time="0" classname="Kubernetes e2e suite" name="[sig-storage] In-tree Volumes [Driver: rbd][Feature:Volumes] [Testpattern: Pre-provisioned PV (xfs)] volumes should be mountable">

<skipped/>

</testcase>


-<testcase time="0" classname="Kubernetes e2e suite" name="[sig-storage] In-tree Volumes [Driver: cinder] [Testpattern: Dynamic PV (default fs)] subPath should unmount if pod is force deleted while kubelet is down [Disruptive][Slow]">

<skipped/>

</testcase>


-<testcase time="0" classname="Kubernetes e2e suite" name="[sig-storage] Dynamic Provisioning DynamicProvisioner [Slow] deletion should be idempotent">

<skipped/>

</testcase>


-<testcase time="0" classname="Kubernetes e2e suite" name="[sig-storage] In-tree Volumes [Driver: gcepd] [Testpattern: Dynamic PV (ext3)] volumes should be mountable">

<skipped/>

</testcase>


-<testcase time="0" classname="Kubernetes e2e suite" name="[k8s.io] Downward API [Serial] [Disruptive] [NodeFeature:EphemeralStorage] Downward API tests for local ephemeral storage should provide container's limits.ephemeral-storage and requests.ephemeral-storage as env vars">

<skipped/>

</testcase>


-<testcase time="0" classname="Kubernetes e2e suite" name="[sig-storage] In-tree Volumes [Driver: aws] [Testpattern: Inline-volume (default fs)] subPath should support non-existent path">

<skipped/>

</testcase>


-<testcase time="0" classname="Kubernetes e2e suite" name="[sig-storage] In-tree Volumes [Driver: aws] [Testpattern: Dynamic PV (default fs)] subPath should support readOnly file specified in the volumeMount">

<skipped/>

</testcase>


-<testcase time="0" classname="Kubernetes e2e suite" name="[sig-storage] In-tree Volumes [Driver: rbd][Feature:Volumes] [Testpattern: Pre-provisioned PV (default fs)] volumeIO should write files of various sizes, verify size, validate content [Slow]">

<skipped/>

</testcase>


-<testcase time="0" classname="Kubernetes e2e suite" name="[sig-storage] PV Protection Verify that PV bound to a PVC is not removed immediately">

<skipped/>

</testcase>

<testcase time="8.249170019" classname="Kubernetes e2e suite" name="[sig-storage] Downward API volume should provide node allocatable (cpu) as default cpu limit if the limit is not set [NodeConformance] [Conformance]"/>


-<testcase time="0" classname="Kubernetes e2e suite" name="[sig-storage] In-tree Volumes [Driver: rbd][Feature:Volumes] [Testpattern: Inline-volume (xfs)] volumes should be mountable">

<skipped/>

</testcase>


-<testcase time="0" classname="Kubernetes e2e suite" name="[sig-auth] Certificates API should support building a client with a CSR">

<skipped/>

</testcase>


-<testcase time="0" classname="Kubernetes e2e suite" name="[sig-storage] In-tree Volumes [Driver: gcepd] [Testpattern: Pre-provisioned PV (default fs)] subPath should support restarting containers using file as subpath [Slow]">

<skipped/>

</testcase>


-<testcase time="0" classname="Kubernetes e2e suite" name="[sig-storage] In-tree Volumes [Driver: azure] [Testpattern: Inline-volume (default fs)] subPath should support existing directories when readOnly specified in the volumeSource">

<skipped/>

</testcase>


-<testcase time="0" classname="Kubernetes e2e suite" name="[sig-storage] ConfigMap Should fail non-optional pod creation due to the key in the configMap object does not exist [Slow]">

<skipped/>

</testcase>

<testcase time="56.969733349" classname="Kubernetes e2e suite" name="[k8s.io] KubeletManagedEtcHosts should test kubelet managed /etc/hosts file [NodeConformance] [Conformance]"/>


-<testcase time="0" classname="Kubernetes e2e suite" name="[sig-storage] In-tree Volumes [Driver: vSphere] [Testpattern: Inline-volume (default fs)] subPath should support existing directories when readOnly specified in the volumeSource">

<skipped/>

</testcase>


-<testcase time="0" classname="Kubernetes e2e suite" name="[sig-storage] In-tree Volumes [Driver: iscsi][Feature:Volumes] [Testpattern: Dynamic PV (default fs)] subPath should support existing single file">

<skipped/>

</testcase>


-<testcase time="0" classname="Kubernetes e2e suite" name="[sig-cluster-lifecycle] Ports Security Check [Feature:KubeletSecurity] should not have port 4194 open on its all public IP addresses">

<skipped/>

</testcase>

<testcase time="8.773617879" classname="Kubernetes e2e suite" name="[sig-cli] Kubectl client [k8s.io] Kubectl label should update the label on a resource [Conformance]"/>


-<testcase time="0" classname="Kubernetes e2e suite" name="[sig-storage] In-tree Volumes [Driver: gluster] [Testpattern: Dynamic PV (default fs)] volumes should be mountable">

<skipped/>

</testcase>


-<testcase time="0" classname="Kubernetes e2e suite" name="[sig-network] DNS configMap nameserver [Feature:Networking-IPv6] Change stubDomain should be able to change stubDomain configuration [Slow][Serial]">

<skipped/>

</testcase>


-<testcase time="0" classname="Kubernetes e2e suite" name="[sig-storage] In-tree Volumes [Driver: gcepd] [Testpattern: Dynamic PV (default fs)] subPath should support readOnly file specified in the volumeMount">

<skipped/>

</testcase>


-<testcase time="0" classname="Kubernetes e2e suite" name="[sig-storage] In-tree Volumes [Driver: azure] [Testpattern: Inline-volume (ext3)] volumes should be mountable">

<skipped/>

</testcase>


-<testcase time="0" classname="Kubernetes e2e suite" name="[sig-storage] EmptyDir volumes when FSGroup is specified [NodeFeature:FSGroup] nonexistent volume subPath should have the correct mode and owner using FSGroup">

<skipped/>

</testcase>


-<testcase time="0" classname="Kubernetes e2e suite" name="[sig-network] Networking Granular Checks: Services [Slow] should update nodePort: http [Slow]">

<skipped/>

</testcase>


-<testcase time="0" classname="Kubernetes e2e suite" name="[sig-storage] CSI Volumes [Driver: csi-hostpath] [Testpattern: Dynamic PV (default fs)] subPath should support existing directory">

<skipped/>

</testcase>


-<testcase time="0" classname="Kubernetes e2e suite" name="[sig-storage] In-tree Volumes [Driver: gcepd] [Testpattern: Dynamic PV (default fs)] subPath should support file as subpath">

<skipped/>

</testcase>


-<testcase time="0" classname="Kubernetes e2e suite" name="[sig-storage] PersistentVolumes-local [Volume type: dir-link-bindmounted] Set fsGroup for local volume should not set different fsGroups for two pods simultaneously">

<skipped/>

</testcase>


-<testcase time="0" classname="Kubernetes e2e suite" name="[sig-storage] [Serial] Volume metrics should create volume metrics with the correct PVC ref">

<skipped/>

</testcase>


-<testcase time="0" classname="Kubernetes e2e suite" name="[sig-storage] PersistentVolumes-local [Volume type: dir-bindmounted] Set fsGroup for local volume should set same fsGroup for two pods simultaneously">

<skipped/>

</testcase>


-<testcase time="0" classname="Kubernetes e2e suite" name="[sig-storage] PersistentVolumes NFS with Single PV - PVC pairs create a PVC and non-pre-bound PV: test write access">

<skipped/>

</testcase>


-<testcase time="0" classname="Kubernetes e2e suite" name="[sig-storage] In-tree Volumes [Driver: emptydir] [Testpattern: Dynamic PV (default fs)] provisioning should provision storage with defaults">

<skipped/>

</testcase>


-<testcase time="0" classname="Kubernetes e2e suite" name="[sig-cli] Kubectl Port forwarding [k8s.io] With a server listening on 0.0.0.0 should support forwarding over websockets">

<skipped/>

</testcase>


-<testcase time="0" classname="Kubernetes e2e suite" name="[sig-network] Loadbalancing: L7 GCE [Slow] [Feature:Ingress] should create ingress with pre-shared certificate">

<skipped/>

</testcase>


-<testcase time="0" classname="Kubernetes e2e suite" name="[sig-storage] In-tree Volumes [Driver: rbd][Feature:Volumes] [Testpattern: Dynamic PV (default fs)] provisioning should create and delete block persistent volumes">

<skipped/>

</testcase>


-<testcase time="0" classname="Kubernetes e2e suite" name="[sig-network] Services should create endpoints for unready pods">

<skipped/>

</testcase>


-<testcase time="0" classname="Kubernetes e2e suite" name="[sig-storage] In-tree Volumes [Driver: gcepd] [Testpattern: Inline-volume (default fs)] subPath should fail if subpath with backstepping is outside the volume [Slow]">

<skipped/>

</testcase>

<testcase time="50.841921312" classname="Kubernetes e2e suite" name="[sig-cli] Kubectl client [k8s.io] Update Demo should scale a replication controller [Conformance]"/>


-<testcase time="0" classname="Kubernetes e2e suite" name="[sig-storage] In-tree Volumes [Driver: rbd][Feature:Volumes] [Testpattern: Dynamic PV (default fs)] subPath should support existing single file">

<skipped/>

</testcase>


-<testcase time="0" classname="Kubernetes e2e suite" name="[sig-storage] CSI Volumes [Driver: pd.csi.storage.gke.io][Feature: gcePD-external] [Testpattern: Dynamic PV (default fs)] subPath should support existing directories when readOnly specified in the volumeSource">

<skipped/>

</testcase>


-<testcase time="0" classname="Kubernetes e2e suite" name="[sig-storage] In-tree Volumes [Driver: gcepd] [Testpattern: Inline-volume (default fs)] volumeIO should write files of various sizes, verify size, validate content [Slow]">

<skipped/>

</testcase>


-<testcase time="0" classname="Kubernetes e2e suite" name="[k8s.io] Security Context When creating a container with runAsUser should run the container with uid 65534 [NodeConformance]">

<skipped/>

</testcase>


-<testcase time="0" classname="Kubernetes e2e suite" name="[sig-storage] In-tree Volumes [Driver: azure] [Testpattern: Inline-volume (default fs)] subPath should support creating multiple subpath from same volumes [Slow]">

<skipped/>

</testcase>


-<testcase time="0" classname="Kubernetes e2e suite" name="[sig-storage] In-tree Volumes [Driver: hostPath] [Testpattern: Pre-provisioned PV (default fs)] subPath should unmount if pod is gracefully deleted while kubelet is down [Disruptive][Slow]">

<skipped/>

</testcase>


-<testcase time="0" classname="Kubernetes e2e suite" name="[sig-storage] In-tree Volumes [Driver: emptydir] [Testpattern: Dynamic PV (default fs)] subPath should fail if subpath directory is outside the volume [Slow]">

<skipped/>

</testcase>


-<testcase time="0" classname="Kubernetes e2e suite" name="[k8s.io] [sig-node] Security Context [Feature:SecurityContext] should support container.SecurityContext.RunAsUser And container.SecurityContext.RunAsGroup [Feature:RunAsGroup]">

<skipped/>

</testcase>


-<testcase time="0" classname="Kubernetes e2e suite" name="[sig-storage] In-tree Volumes [Driver: hostPathSymlink] [Testpattern: Pre-provisioned PV (default fs)] subPath should fail if subpath file is outside the volume [Slow]">

<skipped/>

</testcase>


-<testcase time="0" classname="Kubernetes e2e suite" name="[sig-storage] In-tree Volumes [Driver: rbd][Feature:Volumes] [Testpattern: Pre-provisioned PV (default fs)] subPath should fail if subpath directory is outside the volume [Slow]">

<skipped/>

</testcase>

<testcase time="8.249775727" classname="Kubernetes e2e suite" name="[sig-storage] Projected configMap should be consumable from pods in volume as non-root [NodeConformance] [Conformance]"/>


-<testcase time="0" classname="Kubernetes e2e suite" name="[sig-storage] Downward API volume should provide podname as non-root with fsgroup [NodeFeature:FSGroup]">

<skipped/>

</testcase>


-<testcase time="0" classname="Kubernetes e2e suite" name="[sig-storage] Volume Disk Format [Feature:vsphere] verify disk format type - zeroedthick is honored for dynamically provisioned pv using storageclass">

<skipped/>

</testcase>


-<testcase time="0" classname="Kubernetes e2e suite" name="[sig-storage] CSI Volumes [Driver: csi-hostpath] [Testpattern: Dynamic PV (default fs)] subPath should support existing single file">

<skipped/>

</testcase>


-<testcase time="0" classname="Kubernetes e2e suite" name="[sig-storage] In-tree Volumes [Driver: iscsi][Feature:Volumes] [Testpattern: Dynamic PV (default fs)] subPath should fail if non-existent subpath is outside the volume [Slow]">

<skipped/>

</testcase>


-<testcase time="0" classname="Kubernetes e2e suite" name="[sig-storage] In-tree Volumes [Driver: emptydir] [Testpattern: Inline-volume (default fs)] volumes should be mountable">

<skipped/>

</testcase>


-<testcase time="0" classname="Kubernetes e2e suite" name="[sig-storage] In-tree Volumes [Driver: emptydir] [Testpattern: Inline-volume (default fs)] volumeIO should write files of various sizes, verify size, validate content [Slow]">

<skipped/>

</testcase>

<testcase time="7.22475823" classname="Kubernetes e2e suite" name="[sig-api-machinery] Garbage collector should delete RS created by deployment when not orphaning [Conformance]"/>


-<testcase time="0" classname="Kubernetes e2e suite" name="[sig-storage] In-tree Volumes [Driver: gcepd] [Testpattern: Dynamic PV (ext4)] volumes should be mountable">

<skipped/>

</testcase>

<testcase time="26.308363479" classname="Kubernetes e2e suite" name="[sig-storage] ConfigMap optional updates should be reflected in volume [NodeConformance] [Conformance]"/>


-<testcase time="0" classname="Kubernetes e2e suite" name="[sig-storage] CSI Volumes [Driver: pd.csi.storage.gke.io][Feature: gcePD-external] [Testpattern: Dynamic PV (default fs)] subPath should support existing directory">

<skipped/>

</testcase>


-<testcase time="0" classname="Kubernetes e2e suite" name="[sig-storage] PersistentVolumes-local [Volume type: dir-bindmounted] Two pods mounting a local volume one after the other should be able to write from pod1 and read from pod2">

<skipped/>

</testcase>


-<testcase time="0" classname="Kubernetes e2e suite" name="[sig-storage] In-tree Volumes [Driver: hostPath] [Testpattern: Dynamic PV (block volmode)] volumeMode should fail in binding dynamic provisioned PV to PVC">

<skipped/>

</testcase>


-<testcase time="0" classname="Kubernetes e2e suite" name="[sig-storage] In-tree Volumes [Driver: azure] [Testpattern: Pre-provisioned PV (default fs)] subPath should support creating multiple subpath from same volumes [Slow]">

<skipped/>

</testcase>


-<testcase time="0" classname="Kubernetes e2e suite" name="[sig-network] NetworkPolicy NetworkPolicy between server and client should enforce policy based on NamespaceSelector [Feature:NetworkPolicy]">

<skipped/>

</testcase>


-<testcase time="0" classname="Kubernetes e2e suite" name="[sig-storage] In-tree Volumes [Driver: azure] [Testpattern: Inline-volume (default fs)] subPath should support file as subpath">

<skipped/>

</testcase>


-<testcase time="0" classname="Kubernetes e2e suite" name="[sig-storage] In-tree Volumes [Driver: nfs] [Testpattern: Dynamic PV (default fs)] subPath should support existing directory">

<skipped/>

</testcase>


-<testcase time="0" classname="Kubernetes e2e suite" name="[sig-storage] PersistentVolumes-local [Volume type: dir-link] Set fsGroup for local volume should set fsGroup for one pod">

<skipped/>

</testcase>


-<testcase time="0" classname="Kubernetes e2e suite" name="[sig-cluster-lifecycle] etcd Upgrade [Feature:EtcdUpgrade] etcd upgrade should maintain a functioning cluster">

<skipped/>

</testcase>


-<testcase time="0" classname="Kubernetes e2e suite" name="[sig-storage] In-tree Volumes [Driver: emptydir] [Testpattern: Pre-provisioned PV (default fs)] volumes should be mountable">

<skipped/>

</testcase>


-<testcase time="0" classname="Kubernetes e2e suite" name="[sig-storage] CSI Volumes [Driver: csi-hostpath-v0] [Testpattern: Dynamic PV (default fs)] subPath should support existing directories when readOnly specified in the volumeSource">

<skipped/>

</testcase>


-<testcase time="0" classname="Kubernetes e2e suite" name="[sig-storage] In-tree Volumes [Driver: ceph][Feature:Volumes] [Testpattern: Pre-provisioned PV (default fs)] subPath should support non-existent path">

<skipped/>

</testcase>


-<testcase time="0" classname="Kubernetes e2e suite" name="[sig-cluster-lifecycle] Downgrade [Feature:Downgrade] cluster downgrade should maintain a functioning cluster [Feature:ClusterDowngrade]">

<skipped/>

</testcase>

<testcase time="44.524539515" classname="Kubernetes e2e suite" name="[sig-network] Networking Granular Checks: Pods should function for node-pod communication: http [NodeConformance] [Conformance]"/>


-<testcase time="0" classname="Kubernetes e2e suite" name="[sig-scheduling] ResourceQuota should create a ResourceQuota and capture the life of a persistent volume claim with a storage class. [sig-storage]">

<skipped/>

</testcase>

<testcase time="22.338682137" classname="Kubernetes e2e suite" name="[sig-cli] Kubectl client [k8s.io] Kubectl run job should create a job from an image when restart is OnFailure [Conformance]"/>

<testcase time="52.21918667" classname="Kubernetes e2e suite" name="[k8s.io] Kubelet when scheduling a read only busybox container should not write to root filesystem [NodeConformance] [Conformance]"/>


-<testcase time="0" classname="Kubernetes e2e suite" name="[sig-apps] DisruptionController evictions: enough pods, replicaSet, percentage => should allow an eviction">

<skipped/>

</testcase>

<testcase time="8.242083082" classname="Kubernetes e2e suite" name="[sig-storage] EmptyDir volumes should support (root,0777,tmpfs) [NodeConformance] [Conformance]"/>

<testcase time="78.086325112" classname="Kubernetes e2e suite" name="[sig-apps] Daemon set [Serial] should run and stop complex daemon [Conformance]"/>


-<testcase time="0" classname="Kubernetes e2e suite" name="[sig-storage] PersistentVolumes-local [Volume type: dir-link] Set fsGroup for local volume should set same fsGroup for two pods simultaneously">

<skipped/>

</testcase>


-<testcase time="0" classname="Kubernetes e2e suite" name="[sig-storage] In-tree Volumes [Driver: nfs] [Testpattern: Dynamic PV (default fs)] subPath should support restarting containers using directory as subpath [Slow]">

<skipped/>

</testcase>


-<testcase time="0" classname="Kubernetes e2e suite" name="[sig-apps] StatefulSet [k8s.io] Basic StatefulSet functionality [StatefulSetBasic] should provide basic identity">

<skipped/>

</testcase>


-<testcase time="0" classname="Kubernetes e2e suite" name="[sig-autoscaling] Cluster size autoscaling [Slow] should scale up correct target pool [Feature:ClusterSizeAutoscalingScaleUp]">

<skipped/>

</testcase>

<testcase time="30.295188424" classname="Kubernetes e2e suite" name="[sig-storage] Subpath Atomic writer volumes should support subpaths with configmap pod [Conformance]"/>


-<testcase time="0" classname="Kubernetes e2e suite" name="[sig-storage] In-tree Volumes [Driver: vSphere] [Testpattern: Inline-volume (default fs)] subPath should fail if non-existent subpath is outside the volume [Slow]">

<skipped/>

</testcase>


-<testcase time="0" classname="Kubernetes e2e suite" name="[sig-storage] CSI Volumes [Driver: pd.csi.storage.gke.io][Serial] [Testpattern: Dynamic PV (ext3)] volumes should be mountable">

<skipped/>

</testcase>


-<testcase time="0" classname="Kubernetes e2e suite" name="[sig-storage] In-tree Volumes [Driver: hostPathSymlink] [Testpattern: Dynamic PV (default fs)] subPath should support creating multiple subpath from same volumes [Slow]">

<skipped/>

</testcase>


-<testcase time="0" classname="Kubernetes e2e suite" name="[sig-storage] Storage Policy Based Volume Provisioning [Feature:vsphere] verify VSAN storage capability with valid objectSpaceReservation and iopsLimit values is honored for dynamically provisioned pvc using storageclass">

<skipped/>

</testcase>


-<testcase time="0" classname="Kubernetes e2e suite" name="[sig-storage] In-tree Volumes [Driver: nfs] [Testpattern: Pre-provisioned PV (default fs)] subPath should support file as subpath">

<skipped/>

</testcase>

<testcase time="8.235461957" classname="Kubernetes e2e suite" name="[sig-storage] Projected downwardAPI should provide node allocatable (memory) as default memory limit if the limit is not set [NodeConformance] [Conformance]"/>


-<testcase time="0" classname="Kubernetes e2e suite" name="[sig-storage] PersistentVolumes-local Local volume that cannot be mounted [Slow] should fail due to wrong node">

<skipped/>

</testcase>


-<testcase time="0" classname="Kubernetes e2e suite" name="[sig-storage] In-tree Volumes [Driver: gluster] [Testpattern: Pre-provisioned PV (default fs)] subPath should support restarting containers using directory as subpath [Slow]">

<skipped/>

</testcase>


-<testcase time="0" classname="Kubernetes e2e suite" name="[sig-storage] CSI Volumes [Driver: csi-hostpath] [Testpattern: Dynamic PV (default fs)] subPath should support readOnly file specified in the volumeMount">

<skipped/>

</testcase>


-<testcase time="0" classname="Kubernetes e2e suite" name="[sig-storage] In-tree Volumes [Driver: hostPathSymlink] [Testpattern: Pre-provisioned PV (default fs)] volumes should be mountable">

<skipped/>

</testcase>


-<testcase time="0" classname="Kubernetes e2e suite" name="[sig-storage] In-tree Volumes [Driver: ceph][Feature:Volumes] [Testpattern: Dynamic PV (default fs)] volumes should be mountable">

<skipped/>

</testcase>


-<testcase time="0" classname="Kubernetes e2e suite" name="[sig-api-machinery] Etcd failure [Disruptive] should recover from SIGKILL">

<skipped/>

</testcase>


-<testcase time="0" classname="Kubernetes e2e suite" name="[sig-storage] In-tree Volumes [Driver: azure] [Testpattern: Pre-provisioned PV (default fs)] subPath should support existing directory">

<skipped/>

</testcase>


-<testcase time="0" classname="Kubernetes e2e suite" name="[sig-storage] CSI Volumes [Driver: pd.csi.storage.gke.io][Feature: gcePD-external] [Testpattern: Dynamic PV (ext3)] volumes should be mountable">

<skipped/>

</testcase>


-<testcase time="0" classname="Kubernetes e2e suite" name="[sig-storage] In-tree Volumes [Driver: vSphere] [Testpattern: Inline-volume (default fs)] subPath should unmount if pod is gracefully deleted while kubelet is down [Disruptive][Slow]">

<skipped/>

</testcase>


-<testcase time="0" classname="Kubernetes e2e suite" name="[sig-storage] In-tree Volumes [Driver: hostPath] [Testpattern: Dynamic PV (default fs)] subPath should fail if non-existent subpath is outside the volume [Slow]">

<skipped/>

</testcase>


-<testcase time="0" classname="Kubernetes e2e suite" name="[sig-storage] In-tree Volumes [Driver: vSphere] [Testpattern: Inline-volume (default fs)] subPath should support restarting containers using directory as subpath [Slow]">

<skipped/>

</testcase>


-<testcase time="0" classname="Kubernetes e2e suite" name="[sig-api-machinery] AdmissionWebhook Should not be able to mutate or prevent deletion of webhook configuration objects">

<skipped/>

</testcase>


-<testcase time="0" classname="Kubernetes e2e suite" name="[sig-storage] In-tree Volumes [Driver: gluster] [Testpattern: Dynamic PV (default fs)] subPath should support existing single file">

<skipped/>

</testcase>


-<testcase time="0" classname="Kubernetes e2e suite" name="[sig-storage] In-tree Volumes [Driver: aws] [Testpattern: Inline-volume (default fs)] subPath should fail if subpath with backstepping is outside the volume [Slow]">

<skipped/>

</testcase>


-<testcase time="0" classname="Kubernetes e2e suite" name="[sig-storage] In-tree Volumes [Driver: gluster] [Testpattern: Pre-provisioned PV (default fs)] subPath should support existing directories when readOnly specified in the volumeSource">

<skipped/>

</testcase>


-<testcase time="0" classname="Kubernetes e2e suite" name="[sig-storage] In-tree Volumes [Driver: emptydir] [Testpattern: Inline-volume (default fs)] subPath should support readOnly file specified in the volumeMount">

<skipped/>

</testcase>


-<testcase time="0" classname="Kubernetes e2e suite" name="[sig-storage] In-tree Volumes [Driver: iscsi][Feature:Volumes] [Testpattern: Inline-volume (default fs)] subPath should unmount if pod is gracefully deleted while kubelet is down [Disruptive][Slow]">

<skipped/>

</testcase>


-<testcase time="0" classname="Kubernetes e2e suite" name="[sig-scheduling] NoExecuteTaintManager Single Pod [Serial] eventually evict pod with finite tolerations from tainted nodes">

<skipped/>

</testcase>


-<testcase time="0" classname="Kubernetes e2e suite" name="[sig-storage] In-tree Volumes [Driver: hostPathSymlink] [Testpattern: Pre-provisioned PV (default fs)] subPath should support existing directory">

<skipped/>

</testcase>


-<testcase time="0" classname="Kubernetes e2e suite" name="[sig-storage] In-tree Volumes [Driver: vSphere] [Testpattern: Pre-provisioned PV (default fs)] subPath should support non-existent path">

<skipped/>

</testcase>


-<testcase time="0" classname="Kubernetes e2e suite" name="[sig-storage] In-tree Volumes [Driver: hostPath] [Testpattern: Pre-provisioned PV (filesystem volmode)] volumeMode should create sc, pod, pv, and pvc, read/write to the pv, and delete all created resources">

<skipped/>

</testcase>


-<testcase time="0" classname="Kubernetes e2e suite" name="[sig-storage] Storage Policy Based Volume Provisioning [Feature:vsphere] verify if a SPBM policy is not honored on a non-compatible datastore for dynamically provisioned pvc using storageclass">

<skipped/>

</testcase>


-<testcase time="0" classname="Kubernetes e2e suite" name="[sig-storage] PersistentVolumes-local [Volume type: tmpfs] Two pods mounting a local volume at the same time should be able to write from pod1 and read from pod2">

<skipped/>

</testcase>


-<testcase time="0" classname="Kubernetes e2e suite" name="[sig-cli] Kubectl client [k8s.io] Kubectl create quota should create a quota without scopes">

<skipped/>

</testcase>


-<testcase time="0" classname="Kubernetes e2e suite" name="[sig-storage] In-tree Volumes [Driver: vSphere] [Testpattern: Dynamic PV (default fs)] volumes should be mountable">

<skipped/>

</testcase>


-<testcase time="0" classname="Kubernetes e2e suite" name="[sig-storage] In-tree Volumes [Driver: gluster] [Testpattern: Dynamic PV (default fs)] subPath should support readOnly file specified in the volumeMount">

<skipped/>

</testcase>


-<testcase time="0" classname="Kubernetes e2e suite" name="[sig-storage] In-tree Volumes [Driver: ceph][Feature:Volumes] [Testpattern: Dynamic PV (ext4)] volumes should be mountable">

<skipped/>

</testcase>


-<testcase time="0" classname="Kubernetes e2e suite" name="[sig-storage] PersistentVolumes-local [Volume type: dir] Set fsGroup for local volume should not set different fsGroups for two pods simultaneously">

<skipped/>

</testcase>


-<testcase time="0" classname="Kubernetes e2e suite" name="[sig-autoscaling] [HPA] Horizontal pod autoscaling (scale resource: Custom Metrics from Stackdriver) should scale down with Custom Metric of type Pod from Stackdriver [Feature:CustomMetricsAutoscaling]">

<skipped/>

</testcase>


-<testcase time="0" classname="Kubernetes e2e suite" name="[sig-storage] In-tree Volumes [Driver: ceph][Feature:Volumes] [Testpattern: Inline-volume (ext4)] volumes should be mountable">

<skipped/>

</testcase>


-<testcase time="0" classname="Kubernetes e2e suite" name="[sig-storage] PersistentVolumes-local [Volume type: tmpfs] Set fsGroup for local volume should not set different fsGroups for two pods simultaneously">

<skipped/>

</testcase>


-<testcase time="0" classname="Kubernetes e2e suite" name="[sig-storage] CSI Volumes [Driver: csi-hostpath-v0] [Testpattern: Dynamic PV (block volmode)] volumeMode should fail in binding dynamic provisioned PV to PVC">

<skipped/>

</testcase>


-<testcase time="0" classname="Kubernetes e2e suite" name="[sig-apps] StatefulSet [k8s.io] Deploy clustered applications [Feature:StatefulSet] [Slow] should creating a working zookeeper cluster">

<skipped/>

</testcase>


-<testcase time="0" classname="Kubernetes e2e suite" name="[sig-storage] In-tree Volumes [Driver: hostPath] [Testpattern: Inline-volume (default fs)] subPath should support non-existent path">

<skipped/>

</testcase>


-<testcase time="0" classname="Kubernetes e2e suite" name="[sig-autoscaling] [HPA] Horizontal pod autoscaling (scale resource: CPU) [sig-autoscaling] [Serial] [Slow] ReplicaSet Should scale from 5 pods to 3 pods and from 3 to 1">

<skipped/>

</testcase>


-<testcase time="0" classname="Kubernetes e2e suite" name="[sig-storage] In-tree Volumes [Driver: cinder] [Testpattern: Dynamic PV (ext3)] volumes should be mountable">

<skipped/>

</testcase>


-<testcase time="0" classname="Kubernetes e2e suite" name="[sig-storage] CSI Volumes [Driver: csi-hostpath-v0] [Testpattern: Dynamic PV (ext3)] volumes should be mountable">

<skipped/>

</testcase>


-<testcase time="0" classname="Kubernetes e2e suite" name="[sig-storage] In-tree Volumes [Driver: hostPath] [Testpattern: Inline-volume (default fs)] subPath should support restarting containers using file as subpath [Slow]">

<skipped/>

</testcase>


-<testcase time="0" classname="Kubernetes e2e suite" name="[sig-storage] In-tree Volumes [Driver: hostPathSymlink] [Testpattern: Pre-provisioned PV (default fs)] subPath should support restarting containers using file as subpath [Slow]">

<skipped/>

</testcase>


-<testcase time="0" classname="Kubernetes e2e suite" name="[sig-network] Services should work after restarting kube-proxy [Disruptive]">

<skipped/>

</testcase>


-<testcase time="0" classname="Kubernetes e2e suite" name="[sig-storage] CSI Volumes [Driver: pd.csi.storage.gke.io][Feature: gcePD-external] [Testpattern: Dynamic PV (default fs)] subPath should support readOnly file specified in the volumeMount">

<skipped/>

</testcase>


-<testcase time="0" classname="Kubernetes e2e suite" name="[sig-storage] CSI Volumes [Driver: pd.csi.storage.gke.io][Serial] [Testpattern: Dynamic PV (default fs)] volumeIO should write files of various sizes, verify size, validate content [Slow]">

<skipped/>

</testcase>


-<testcase time="0" classname="Kubernetes e2e suite" name="[sig-storage] In-tree Volumes [Driver: hostPathSymlink] [Testpattern: Inline-volume (default fs)] volumeIO should write files of various sizes, verify size, validate content [Slow]">

<skipped/>

</testcase>

<testcase time="24.207948123" classname="Kubernetes e2e suite" name="[k8s.io] Pods should get a host IP [NodeConformance] [Conformance]"/>


-<testcase time="0" classname="Kubernetes e2e suite" name="[sig-network] Services should be able to switch session affinity for NodePort service">

<skipped/>

</testcase>


-<testcase time="0" classname="Kubernetes e2e suite" name="[sig-api-machinery] CustomResourceDefinition Watch CustomResourceDefinition Watch watch on custom resource definition objects">

<skipped/>

</testcase>


-<testcase time="0" classname="Kubernetes e2e suite" name="[sig-storage] In-tree Volumes [Driver: hostPath] [Testpattern: Dynamic PV (default fs)] subPath should fail if subpath directory is outside the volume [Slow]">

<skipped/>

</testcase>


-<testcase time="0" classname="Kubernetes e2e suite" name="[sig-storage] NFSPersistentVolumes[Disruptive][Flaky] when kubelet restarts Should test that a volume mounted to a pod that is deleted while the kubelet is down unmounts when the kubelet returns.">

<skipped/>

</testcase>


-<testcase time="0" classname="Kubernetes e2e suite" name="[k8s.io] [sig-node] Kubelet [Serial] [Slow] [k8s.io] [sig-node] regular resource usage tracking resource tracking for 100 pods per node">

<skipped/>

</testcase>


-<testcase time="0" classname="Kubernetes e2e suite" name="[sig-storage] PersistentVolumes-local [Volume type: dir] One pod requesting one prebound PVC should be able to mount volume and read from pod1">

<skipped/>

</testcase>


-<testcase time="0" classname="Kubernetes e2e suite" name="[sig-autoscaling] Cluster size autoscaling [Slow] should scale up when non expendable pod is created [Feature:ClusterSizeAutoscalingScaleUp]">

<skipped/>

</testcase>


-<testcase time="0" classname="Kubernetes e2e suite" name="[sig-storage] In-tree Volumes [Driver: vSphere] [Testpattern: Dynamic PV (default fs)] subPath should support creating multiple subpath from same volumes [Slow]">

<skipped/>

</testcase>


-<testcase time="0" classname="Kubernetes e2e suite" name="[sig-storage] PersistentVolumes-local [Volume type: block] One pod requesting one prebound PVC should be able to mount volume and write from pod1">

<skipped/>

</testcase>

<testcase time="40.20739672" classname="Kubernetes e2e suite" name="[k8s.io] Probing container with readiness probe should not be ready before initial delay and never restart [NodeConformance] [Conformance]"/>


-<testcase time="0" classname="Kubernetes e2e suite" name="[sig-storage] In-tree Volumes [Driver: hostPath] [Testpattern: Inline-volume (default fs)] subPath should support existing directory">

<skipped/>

</testcase>


-<testcase time="0" classname="Kubernetes e2e suite" name="[sig-storage] CSI Volumes [Driver: csi-hostpath-v0] [Testpattern: Dynamic PV (default fs)] subPath should unmount if pod is force deleted while kubelet is down [Disruptive][Slow]">

<skipped/>

</testcase>


-<testcase time="0" classname="Kubernetes e2e suite" name="[sig-storage] In-tree Volumes [Driver: vSphere] [Testpattern: Pre-provisioned PV (default fs)] subPath should support restarting containers using directory as subpath [Slow]">

<skipped/>

</testcase>


-<testcase time="0" classname="Kubernetes e2e suite" name="[sig-storage] Projected secret Should fail non-optional pod creation due to the key in the secret object does not exist [Slow]">

<skipped/>

</testcase>


-<testcase time="0" classname="Kubernetes e2e suite" name="[sig-storage] In-tree Volumes [Driver: iscsi][Feature:Volumes] [Testpattern: Dynamic PV (block volmode)] volumeMode should create sc, pod, pv, and pvc, read/write to the pv, and delete all created resources">

<skipped/>

</testcase>


-<testcase time="0" classname="Kubernetes e2e suite" name="[sig-storage] In-tree Volumes [Driver: emptydir] [Testpattern: Dynamic PV (default fs)] subPath should support file as subpath">

<skipped/>

</testcase>


-<testcase time="0" classname="Kubernetes e2e suite" name="[sig-storage] In-tree Volumes [Driver: vSphere] [Testpattern: Inline-volume (default fs)] subPath should support creating multiple subpath from same volumes [Slow]">

<skipped/>

</testcase>


-<testcase time="0" classname="Kubernetes e2e suite" name="[sig-storage] In-tree Volumes [Driver: iscsi][Feature:Volumes] [Testpattern: Inline-volume (default fs)] subPath should support restarting containers using directory as subpath [Slow]">

<skipped/>

</testcase>


-<testcase time="0" classname="Kubernetes e2e suite" name="[sig-storage] In-tree Volumes [Driver: nfs] [Testpattern: Pre-provisioned PV (default fs)] subPath should support existing single file">

<skipped/>

</testcase>


-<testcase time="0" classname="Kubernetes e2e suite" name="[sig-storage] PersistentVolumes-local [Volume type: blockfswithoutformat] One pod requesting one prebound PVC should be able to mount volume and read from pod1">

<skipped/>

</testcase>


-<testcase time="0" classname="Kubernetes e2e suite" name="[sig-storage] In-tree Volumes [Driver: hostPath] [Testpattern: Dynamic PV (default fs)] subPath should support non-existent path">

<skipped/>

</testcase>


-<testcase time="0" classname="Kubernetes e2e suite" name="[sig-storage] In-tree Volumes [Driver: gluster] [Testpattern: Inline-volume (xfs)] volumes should be mountable">

<skipped/>

</testcase>

<testcase time="8.284217536" classname="Kubernetes e2e suite" name="[sig-storage] Downward API volume should set DefaultMode on files [NodeConformance] [Conformance]"/>


-<testcase time="0" classname="Kubernetes e2e suite" name="[sig-storage] [Serial] Volume metrics should create volume metrics in Volume Manager">

<skipped/>

</testcase>


-<testcase time="0" classname="Kubernetes e2e suite" name="[sig-storage] In-tree Volumes [Driver: hostPath] [Testpattern: Dynamic PV (default fs)] subPath should unmount if pod is force deleted while kubelet is down [Disruptive][Slow]">

<skipped/>

</testcase>


-<testcase time="0" classname="Kubernetes e2e suite" name="[sig-cli] Kubectl Port forwarding [k8s.io] With a server listening on localhost should support forwarding over websockets">

<skipped/>

</testcase>


-<testcase time="0" classname="Kubernetes e2e suite" name="[sig-storage] PersistentVolumes-local [Volume type: gce-localssd-scsi-fs] [Serial] Two pods mounting a local volume at the same time should be able to write from pod1 and read from pod2">

<skipped/>

</testcase>


-<testcase time="0" classname="Kubernetes e2e suite" name="[sig-storage] Pod Disks schedule a pod w/ RW PD(s) mounted to 1 or more containers, write to PD, verify content, delete pod, and repeat in rapid succession [Slow] using 4 containers and 1 PDs">

<skipped/>

</testcase>


-<testcase time="0" classname="Kubernetes e2e suite" name="[sig-scheduling] SchedulerPreemption [Serial] validates basic preemption works">

<skipped/>

</testcase>

<testcase time="44.223410087" classname="Kubernetes e2e suite" name="[k8s.io] [sig-node] Events should be sent by kubelets and the scheduler about pods scheduling and running [Conformance]"/>


-<testcase time="0" classname="Kubernetes e2e suite" name="[sig-storage] In-tree Volumes [Driver: vSphere] [Testpattern: Inline-volume (default fs)] subPath should support restarting containers using file as subpath [Slow]">

<skipped/>

</testcase>


-<testcase time="0" classname="Kubernetes e2e suite" name="[sig-storage] In-tree Volumes [Driver: nfs] [Testpattern: Dynamic PV (default fs)] subPath should support existing directories when readOnly specified in the volumeSource">

<skipped/>

</testcase>


-<testcase time="0" classname="Kubernetes e2e suite" name="[sig-storage] In-tree Volumes [Driver: iscsi][Feature:Volumes] [Testpattern: Pre-provisioned PV (default fs)] subPath should support non-existent path">

<skipped/>

</testcase>


-<testcase time="0" classname="Kubernetes e2e suite" name="[sig-storage] In-tree Volumes [Driver: gcepd] [Testpattern: Dynamic PV (default fs)] volumeIO should write files of various sizes, verify size, validate content [Slow]">

<skipped/>

</testcase>


-<testcase time="0" classname="Kubernetes e2e suite" name="[sig-storage] In-tree Volumes [Driver: emptydir] [Testpattern: Dynamic PV (filesystem volmode)] volumeMode should create sc, pod, pv, and pvc, read/write to the pv, and delete all created resources">

<skipped/>

</testcase>


-<testcase time="0" classname="Kubernetes e2e suite" name="[sig-cli] Kubectl client [k8s.io] Simple pod should handle in-cluster config">

<skipped/>

</testcase>

<testcase time="31.396571359" classname="Kubernetes e2e suite" name="[k8s.io] Container Runtime blackbox test when starting a container that exits should run with the expected status [NodeConformance] [Conformance]"/>


-<testcase time="0" classname="Kubernetes e2e suite" name="[sig-storage] In-tree Volumes [Driver: gluster] [Testpattern: Inline-volume (default fs)] subPath should support readOnly directory specified in the volumeMount">

<skipped/>

</testcase>


-<testcase time="0" classname="Kubernetes e2e suite" name="[sig-apps] DisruptionController should create a PodDisruptionBudget">

<skipped/>

</testcase>

<testcase time="114.575500688" classname="Kubernetes e2e suite" name="[sig-storage] Projected configMap optional updates should be reflected in volume [NodeConformance] [Conformance]"/>


-<testcase time="0" classname="Kubernetes e2e suite" name="[sig-storage] In-tree Volumes [Driver: aws] [Testpattern: Pre-provisioned PV (default fs)] subPath should unmount if pod is gracefully deleted while kubelet is down [Disruptive][Slow]">

<skipped/>

</testcase>


-<testcase time="0" classname="Kubernetes e2e suite" name="[sig-storage] Regional PD RegionalPD should failover to a different zone when all nodes in one zone become unreachable [Slow] [Disruptive]">

<skipped/>

</testcase>


-<testcase time="0" classname="Kubernetes e2e suite" name="[sig-storage] Mounted volume expand[Slow] Should verify mounted devices can be resized">

<skipped/>

</testcase>


-<testcase time="0" classname="Kubernetes e2e suite" name="[sig-storage] In-tree Volumes [Driver: rbd][Feature:Volumes] [Testpattern: Pre-provisioned PV (default fs)] subPath should support readOnly directory specified in the volumeMount">

<skipped/>

</testcase>


-<testcase time="0" classname="Kubernetes e2e suite" name="[sig-storage] In-tree Volumes [Driver: hostPath] [Testpattern: Pre-provisioned PV (default fs)] volumes should be mountable">

<skipped/>

</testcase>


-<testcase time="0" classname="Kubernetes e2e suite" name="[sig-storage] CSI Volumes [Driver: csi-hostpath] [Testpattern: Dynamic PV (default fs)] subPath should support restarting containers using file as subpath [Slow]">

<skipped/>

</testcase>


-<testcase time="0" classname="Kubernetes e2e suite" name="[sig-storage] In-tree Volumes [Driver: aws] [Testpattern: Pre-provisioned PV (default fs)] subPath should support file as subpath">

<skipped/>

</testcase>


-<testcase time="0" classname="Kubernetes e2e suite" name="[sig-storage] In-tree Volumes [Driver: gcepd] [Testpattern: Pre-provisioned PV (default fs)] subPath should support restarting containers using directory as subpath [Slow]">

<skipped/>

</testcase>


-<testcase time="0" classname="Kubernetes e2e suite" name="[k8s.io] Downward API [Serial] [Disruptive] [NodeFeature:EphemeralStorage] Downward API tests for local ephemeral storage should provide default limits.ephemeral-storage from node allocatable">

<skipped/>

</testcase>


-<testcase time="0" classname="Kubernetes e2e suite" name="[sig-storage] PersistentVolumes NFS with Single PV - PVC pairs create a PV and a pre-bound PVC: test write access">

<skipped/>

</testcase>


-<testcase time="0" classname="Kubernetes e2e suite" name="[sig-cluster-lifecycle] Reboot [Disruptive] [Feature:Reboot] each node by dropping all inbound packets for a while and ensure they function afterwards">

<skipped/>

</testcase>


-<testcase time="0" classname="Kubernetes e2e suite" name="[sig-storage] In-tree Volumes [Driver: emptydir] [Testpattern: Inline-volume (default fs)] subPath should unmount if pod is force deleted while kubelet is down [Disruptive][Slow]">

<skipped/>

</testcase>


-<testcase time="0" classname="Kubernetes e2e suite" name="[k8s.io] [sig-node] Security Context [Feature:SecurityContext] should support seccomp alpha unconfined annotation on the container [Feature:Seccomp]">

<skipped/>

</testcase>


-<testcase time="0" classname="Kubernetes e2e suite" name="[sig-storage] In-tree Volumes [Driver: aws] [Testpattern: Inline-volume (default fs)] subPath should support restarting containers using file as subpath [Slow]">

<skipped/>

</testcase>


-<testcase time="0" classname="Kubernetes e2e suite" name="[sig-scheduling] ResourceQuota [Feature:PodPriority] should verify ResourceQuota's priority class scope (quota set to pod count: 1) against 2 pods with same priority class.">

<skipped/>

</testcase>


-<testcase time="0" classname="Kubernetes e2e suite" name="[sig-apps] StatefulSet [k8s.io] Basic StatefulSet functionality [StatefulSetBasic] should not deadlock when a pod's predecessor fails">

<skipped/>

</testcase>


-<testcase time="0" classname="Kubernetes e2e suite" name="[sig-storage] PersistentVolumes-local [Volume type: blockfswithformat] Two pods mounting a local volume at the same time should be able to write from pod1 and read from pod2">

<skipped/>

</testcase>


-<testcase time="0" classname="Kubernetes e2e suite" name="[sig-storage] In-tree Volumes [Driver: emptydir] [Testpattern: Inline-volume (ext3)] volumes should be mountable">

<skipped/>

</testcase>


-<testcase time="0" classname="Kubernetes e2e suite" name="[sig-storage] In-tree Volumes [Driver: hostPath] [Testpattern: Pre-provisioned PV (default fs)] subPath should support creating multiple subpath from same volumes [Slow]">

<skipped/>

</testcase>


-<testcase time="0" classname="Kubernetes e2e suite" name="[sig-storage] In-tree Volumes [Driver: azure] [Testpattern: Dynamic PV (default fs)] subPath should support readOnly directory specified in the volumeMount">

<skipped/>

</testcase>


-<testcase time="0" classname="Kubernetes e2e suite" name="[sig-storage] In-tree Volumes [Driver: hostPathSymlink] [Testpattern: Dynamic PV (default fs)] subPath should support restarting containers using file as subpath [Slow]">

<skipped/>

</testcase>


-<testcase time="0" classname="Kubernetes e2e suite" name="[sig-storage] In-tree Volumes [Driver: hostPathSymlink] [Testpattern: Dynamic PV (default fs)] subPath should unmount if pod is gracefully deleted while kubelet is down [Disruptive][Slow]">

<skipped/>

</testcase>


-<testcase time="0" classname="Kubernetes e2e suite" name="[sig-storage] In-tree Volumes [Driver: gcepd] [Testpattern: Dynamic PV (filesystem volmode)] volumeMode should create sc, pod, pv, and pvc, read/write to the pv, and delete all created resources">

<skipped/>

</testcase>


-<testcase time="0" classname="Kubernetes e2e suite" name="[sig-storage] In-tree Volumes [Driver: vSphere] [Testpattern: Pre-provisioned PV (ext3)] volumes should be mountable">

<skipped/>

</testcase>


-<testcase time="0" classname="Kubernetes e2e suite" name="[sig-storage] In-tree Volumes [Driver: aws] [Testpattern: Inline-volume (default fs)] volumes should be mountable">

<skipped/>

</testcase>


-<testcase time="0" classname="Kubernetes e2e suite" name="[sig-storage] In-tree Volumes [Driver: hostPath] [Testpattern: Dynamic PV (default fs)] subPath should fail if subpath with backstepping is outside the volume [Slow]">

<skipped/>

</testcase>


-<testcase time="0" classname="Kubernetes e2e suite" name="[sig-storage] Flexvolumes should be mountable when non-attachable">

<skipped/>

</testcase>


-<testcase time="0" classname="Kubernetes e2e suite" name="[sig-storage] Pod Disks schedule pods each with a PD, delete pod and verify detach [Slow] for read-only PD with pod delete grace period of "default (30s)"">

<skipped/>

</testcase>


-<testcase time="0" classname="Kubernetes e2e suite" name="[sig-storage] In-tree Volumes [Driver: cinder] [Testpattern: Pre-provisioned PV (default fs)] subPath should support restarting containers using directory as subpath [Slow]">

<skipped/>

</testcase>


-<testcase time="0" classname="Kubernetes e2e suite" name="[k8s.io] Cluster size autoscaler scalability [Slow] should scale down empty nodes [Feature:ClusterAutoscalerScalability3]">

<skipped/>

</testcase>


-<testcase time="0" classname="Kubernetes e2e suite" name="[sig-network] ESIPP [Slow] [DisabledForLargeClusters] should work from pods">

<skipped/>

</testcase>


-<testcase time="0" classname="Kubernetes e2e suite" name="[sig-storage] PersistentVolumes-local Stress with local volume provisioner [Serial] should use be able to process many pods and reuse local volumes">

<skipped/>

</testcase>


-<testcase time="0" classname="Kubernetes e2e suite" name="[sig-storage] Dynamic Provisioning DynamicProvisioner [Slow] should test that deleting a claim before the volume is provisioned deletes the volume.">

<skipped/>

</testcase>


-<testcase time="0" classname="Kubernetes e2e suite" name="[k8s.io] Cluster size autoscaler scalability [Slow] should scale up twice [Feature:ClusterAutoscalerScalability2]">

<skipped/>

</testcase>


-<testcase time="0" classname="Kubernetes e2e suite" name="[sig-storage] In-tree Volumes [Driver: cinder] [Testpattern: Dynamic PV (default fs)] subPath should fail if non-existent subpath is outside the volume [Slow]">

<skipped/>

</testcase>


-<testcase time="0" classname="Kubernetes e2e suite" name="[k8s.io] Container Runtime blackbox test when running a container with a new image should not be able to pull from private registry without secret [NodeConformance]">

<skipped/>

</testcase>


-<testcase time="0" classname="Kubernetes e2e suite" name="[sig-storage] In-tree Volumes [Driver: vSphere] [Testpattern: Inline-volume (default fs)] subPath should fail if subpath with backstepping is outside the volume [Slow]">

<skipped/>

</testcase>


-<testcase time="0" classname="Kubernetes e2e suite" name="[sig-storage] In-tree Volumes [Driver: emptydir] [Testpattern: Dynamic PV (default fs)] subPath should fail if non-existent subpath is outside the volume [Slow]">

<skipped/>

</testcase>

<testcase time="8.535444181" classname="Kubernetes e2e suite" name="[sig-cli] Kubectl client [k8s.io] Kubectl run rc should create an rc from an image [Conformance]"/>


-<testcase time="0" classname="Kubernetes e2e suite" name="[sig-storage] In-tree Volumes [Driver: emptydir] [Testpattern: Pre-provisioned PV (default fs)] subPath should fail if subpath file is outside the volume [Slow]">

<skipped/>

</testcase>


-<testcase time="0" classname="Kubernetes e2e suite" name="[sig-storage] CSI Volumes [Driver: csi-hostpath-v0] [Testpattern: Dynamic PV (default fs)] subPath should support non-existent path">

<skipped/>

</testcase>


-<testcase time="0" classname="Kubernetes e2e suite" name="[sig-storage] Regional PD RegionalPD should provision storage in the allowedTopologies [Slow]">

<skipped/>

</testcase>


-<testcase time="0" classname="Kubernetes e2e suite" name="[sig-storage] In-tree Volumes [Driver: nfs] [Testpattern: Dynamic PV (default fs)] subPath should support non-existent path">

<skipped/>

</testcase>


-<testcase time="0" classname="Kubernetes e2e suite" name="[sig-storage] In-tree Volumes [Driver: rbd][Feature:Volumes] [Testpattern: Dynamic PV (default fs)] subPath should unmount if pod is gracefully deleted while kubelet is down [Disruptive][Slow]">

<skipped/>

</testcase>


-<testcase time="0" classname="Kubernetes e2e suite" name="[sig-storage] In-tree Volumes [Driver: vSphere] [Testpattern: Inline-volume (xfs)] volumes should be mountable">

<skipped/>

</testcase>


-<testcase time="0" classname="Kubernetes e2e suite" name="[sig-storage] In-tree Volumes [Driver: iscsi][Feature:Volumes] [Testpattern: Pre-provisioned PV (default fs)] subPath should support existing directory">

<skipped/>

</testcase>


-<testcase time="0" classname="Kubernetes e2e suite" name="[sig-network] Services should have session affinity work for NodePort service">

<skipped/>

</testcase>


-<testcase time="0" classname="Kubernetes e2e suite" name="[sig-storage] In-tree Volumes [Driver: gcepd] [Testpattern: Inline-volume (default fs)] subPath should unmount if pod is gracefully deleted while kubelet is down [Disruptive][Slow]">

<skipped/>

</testcase>


-<testcase time="0" classname="Kubernetes e2e suite" name="[sig-storage] In-tree Volumes [Driver: cinder] [Testpattern: Dynamic PV (default fs)] subPath should support readOnly file specified in the volumeMount">

<skipped/>

</testcase>


-<testcase time="0" classname="Kubernetes e2e suite" name="[sig-storage] In-tree Volumes [Driver: azure] [Testpattern: Inline-volume (default fs)] subPath should support restarting containers using directory as subpath [Slow]">

<skipped/>

</testcase>


-<testcase time="0" classname="Kubernetes e2e suite" name="[sig-storage] In-tree Volumes [Driver: cinder] [Testpattern: Dynamic PV (default fs)] subPath should support readOnly directory specified in the volumeMount">

<skipped/>

</testcase>


-<testcase time="0" classname="Kubernetes e2e suite" name="[sig-storage] In-tree Volumes [Driver: hostPath] [Testpattern: Dynamic PV (default fs)] subPath should support restarting containers using directory as subpath [Slow]">

<skipped/>

</testcase>


-<testcase time="0" classname="Kubernetes e2e suite" name="[sig-network] Loadbalancing: L7 GCE [Slow] [Feature:NEG] should sync endpoints to NEG">

<skipped/>

</testcase>


-<testcase time="0" classname="Kubernetes e2e suite" name="[k8s.io] Security Context when creating containers with AllowPrivilegeEscalation should allow privilege escalation when not explicitly set and uid != 0 [NodeConformance]">

<skipped/>

</testcase>


-<testcase time="0" classname="Kubernetes e2e suite" name="[sig-storage] In-tree Volumes [Driver: rbd][Feature:Volumes] [Testpattern: Inline-volume (default fs)] subPath should support restarting containers using file as subpath [Slow]">

<skipped/>

</testcase>


-<testcase time="0" classname="Kubernetes e2e suite" name="[sig-storage] In-tree Volumes [Driver: emptydir] [Testpattern: Inline-volume (default fs)] subPath should support restarting containers using file as subpath [Slow]">

<skipped/>

</testcase>


-<testcase time="0" classname="Kubernetes e2e suite" name="[sig-storage] Pod Disks should be able to delete a non-existent PD without error">

<skipped/>

</testcase>


-<testcase time="0" classname="Kubernetes e2e suite" name="[sig-api-machinery] AdmissionWebhook Should unconditionally reject operations on fail closed webhook">

<skipped/>

</testcase>


-<testcase time="0" classname="Kubernetes e2e suite" name="[sig-storage] In-tree Volumes [Driver: azure] [Testpattern: Pre-provisioned PV (default fs)] subPath should support readOnly directory specified in the volumeMount">

<skipped/>

</testcase>


-<testcase time="0" classname="Kubernetes e2e suite" name="[sig-storage] CSI Volumes [Driver: csi-hostpath-v0] [Testpattern: Dynamic PV (default fs)] subPath should support restarting containers using file as subpath [Slow]">

<skipped/>

</testcase>


-<testcase time="0" classname="Kubernetes e2e suite" name="[sig-storage] In-tree Volumes [Driver: gcepd] [Testpattern: Pre-provisioned PV (default fs)] subPath should unmount if pod is gracefully deleted while kubelet is down [Disruptive][Slow]">

<skipped/>

</testcase>


-<testcase time="0" classname="Kubernetes e2e suite" name="[sig-autoscaling] [HPA] Horizontal pod autoscaling (scale resource: Custom Metrics from Stackdriver) should scale down with External Metric with target average value from Stackdriver [Feature:CustomMetricsAutoscaling]">

<skipped/>

</testcase>


-<testcase time="0" classname="Kubernetes e2e suite" name="[sig-storage] PersistentVolumes-local [Volume type: blockfswithformat] Set fsGroup for local volume should set different fsGroup for second pod if first pod is deleted">

<skipped/>

</testcase>


-<testcase time="0" classname="Kubernetes e2e suite" name="[sig-storage] vcp at scale [Feature:vsphere] vsphere scale tests">

<skipped/>

</testcase>


-<testcase time="0" classname="Kubernetes e2e suite" name="[sig-storage] In-tree Volumes [Driver: hostPathSymlink] [Testpattern: Inline-volume (default fs)] subPath should fail if subpath file is outside the volume [Slow]">

<skipped/>

</testcase>


-<testcase time="0" classname="Kubernetes e2e suite" name="[sig-storage] In-tree Volumes [Driver: vSphere] [Testpattern: Pre-provisioned PV (default fs)] subPath should fail if non-existent subpath is outside the volume [Slow]">

<skipped/>

</testcase>


-<testcase time="0" classname="Kubernetes e2e suite" name="[sig-storage] In-tree Volumes [Driver: aws] [Testpattern: Pre-provisioned PV (default fs)] volumes should be mountable">

<skipped/>

</testcase>


-<testcase time="0" classname="Kubernetes e2e suite" name="[sig-storage] Volumes ConfigMap should be mountable">

<skipped/>

</testcase>


-<testcase time="0" classname="Kubernetes e2e suite" name="[sig-storage] In-tree Volumes [Driver: vSphere] [Testpattern: Dynamic PV (ext4)] volumes should be mountable">

<skipped/>

</testcase>


-<testcase time="0" classname="Kubernetes e2e suite" name="[sig-storage] CSI Volumes [Driver: pd.csi.storage.gke.io][Serial] [Testpattern: Dynamic PV (default fs)] provisioning should provision storage with mount options">

<skipped/>

</testcase>

<testcase time="8.244703355" classname="Kubernetes e2e suite" name="[sig-storage] Projected secret should be consumable in multiple volumes in a pod [NodeConformance] [Conformance]"/>


-<testcase time="0" classname="Kubernetes e2e suite" name="[sig-instrumentation] [Feature:PrometheusMonitoring] Prometheus should scrape metrics from annotated services.">

<skipped/>

</testcase>


-<testcase time="0" classname="Kubernetes e2e suite" name="[sig-storage] In-tree Volumes [Driver: iscsi][Feature:Volumes] [Testpattern: Inline-volume (default fs)] subPath should support readOnly file specified in the volumeMount">

<skipped/>

</testcase>

<testcase time="82.199522289" classname="Kubernetes e2e suite" name="[k8s.io] Probing container with readiness probe that fails should never be ready and never restart [NodeConformance] [Conformance]"/>


-<testcase time="0" classname="Kubernetes e2e suite" name="[sig-auth] ServiceAccounts should ensure a single API token exists">

<skipped/>

</testcase>


-<testcase time="0" classname="Kubernetes e2e suite" name="[sig-apps] DisruptionController evictions: no PDB => should allow an eviction">

<skipped/>

</testcase>









































































































































































































































































































































































































































































































</testsuite>
