<?xml version="1.0" encoding="UTF-8"?>
  <testsuite tests="200" failures="0" time="7426.453667236">
      <testcase name="[sig-storage] CSI Volumes [Driver: csi-hostpath-v0] [Testpattern: Dynamic PV (xfs)] volumes should allow exec of files on the volume" classname="Kubernetes e2e suite" time="0">
          <skipped></skipped>
      </testcase>
      <testcase name="[k8s.io] Pods should support retrieving logs from the container over websockets [NodeConformance] [Conformance]" classname="Kubernetes e2e suite" time="48.574810563"></testcase>
      <testcase name="[k8s.io] Container Lifecycle Hook when create a pod with lifecycle hook should execute prestop http hook properly [NodeConformance] [Conformance]" classname="Kubernetes e2e suite" time="40.337884958"></testcase>
      <testcase name="[sig-storage] In-tree Volumes [Driver: iscsi][Feature:Volumes] [Testpattern: Dynamic PV (default fs)] provisioning should provision storage with mount options" classname="Kubernetes e2e suite" time="0">
          <skipped></skipped>
      </testcase>
      <testcase name="[sig-service-catalog] [Feature:PodPreset] PodPreset should not modify the pod on conflict" classname="Kubernetes e2e suite" time="0">
          <skipped></skipped>
      </testcase>
      <testcase name="[k8s.io] Container Runtime blackbox test when running a container with a new image should not be able to pull from private registry without secret [NodeConformance]" classname="Kubernetes e2e suite" time="0">
          <skipped></skipped>
      </testcase>
      <testcase name="[sig-storage] In-tree Volumes [Driver: rbd][Feature:Volumes] [Testpattern: Inline-volume (default fs)] volumes should be mountable" classname="Kubernetes e2e suite" time="0">
          <skipped></skipped>
      </testcase>
      <testcase name="[sig-storage] In-tree Volumes [Driver: azure] [Testpattern: Dynamic PV (filesystem volmode)] volumeMode should create sc, pod, pv, and pvc, read/write to the pv, and delete all created resources" classname="Kubernetes e2e suite" time="0">
          <skipped></skipped>
      </testcase>
      <testcase name="[sig-api-machinery] Namespaces [Serial] should always delete fast (ALL of 100 namespaces in 150 seconds) [Feature:ComprehensiveNamespaceDraining]" classname="Kubernetes e2e suite" time="0">
          <skipped></skipped>
      </testcase>
      <testcase name="[sig-storage] In-tree Volumes [Driver: hostPath] [Testpattern: Pre-provisioned PV (ext3)] volumes should be mountable" classname="Kubernetes e2e suite" time="0">
          <skipped></skipped>
      </testcase>
      <testcase name="[sig-cluster-lifecycle] [Feature:BootstrapTokens] should not delete the token secret when the secret is not expired" classname="Kubernetes e2e suite" time="0">
          <skipped></skipped>
      </testcase>
      <testcase name="[sig-storage] Secrets should be consumable from pods in volume [NodeConformance] [Conformance]" classname="Kubernetes e2e suite" time="14.161957379"></testcase>
      <testcase name="[sig-storage] PersistentVolumes-local  [Volume type: blockfswithformat] Two pods mounting a local volume at the same time should be able to write from pod1 and read from pod2" classname="Kubernetes e2e suite" time="0">
          <skipped></skipped>
      </testcase>
      <testcase name="[sig-storage] Secrets should be consumable from pods in volume with mappings and Item Mode set [NodeConformance] [Conformance]" classname="Kubernetes e2e suite" time="12.271817823"></testcase>
      <testcase name="[sig-storage] CSI Volumes [Driver: csi-hostpath] [Testpattern: Dynamic PV (default fs)] subPath should support existing directory" classname="Kubernetes e2e suite" time="0">
          <skipped></skipped>
      </testcase>
      <testcase name="[sig-storage] Secrets should be consumable from pods in volume with defaultMode set [NodeConformance] [Conformance]" classname="Kubernetes e2e suite" time="12.097959657"></testcase>
      <testcase name="[sig-storage] CSI Volumes [Driver: csi-hostpath] [Testpattern: Dynamic PV (default fs)] volumeIO should write files of various sizes, verify size, validate content [Slow]" classname="Kubernetes e2e suite" time="0">
          <skipped></skipped>
      </testcase>
      <testcase name="[sig-storage] In-tree Volumes [Driver: emptydir] [Testpattern: Pre-provisioned PV (default fs)] subPath should support non-existent path" classname="Kubernetes e2e suite" time="0">
          <skipped></skipped>
      </testcase>
      <testcase name="[sig-storage] In-tree Volumes [Driver: gluster] [Testpattern: Inline-volume (default fs)] volumeIO should write files of various sizes, verify size, validate content [Slow]" classname="Kubernetes e2e suite" time="0">
          <skipped></skipped>
      </testcase>
      <testcase name="[sig-storage] In-tree Volumes [Driver: iscsi][Feature:Volumes] [Testpattern: Inline-volume (default fs)] subPath should fail if subpath directory is outside the volume [Slow]" classname="Kubernetes e2e suite" time="0">
          <skipped></skipped>
      </testcase>
      <testcase name="[sig-storage] Pod Disks schedule pods each with a PD, delete pod and verify detach [Slow] for RW PD with pod delete grace period of &#34;immediate (0s)&#34;" classname="Kubernetes e2e suite" time="0">
          <skipped></skipped>
      </testcase>
      <testcase name="[sig-apps] ReplicaSet should serve a basic image on each replica with a public image  [Conformance]" classname="Kubernetes e2e suite" time="18.140453345"></testcase>
      <testcase name="[sig-storage] In-tree Volumes [Driver: emptydir] [Testpattern: Dynamic PV (default fs)] volumeIO should write files of various sizes, verify size, validate content [Slow]" classname="Kubernetes e2e suite" time="0">
          <skipped></skipped>
      </testcase>
      <testcase name="[sig-storage] In-tree Volumes [Driver: hostPath] [Testpattern: Dynamic PV (default fs)] volumeIO should write files of various sizes, verify size, validate content [Slow]" classname="Kubernetes e2e suite" time="0">
          <skipped></skipped>
      </testcase>
      <testcase name="[sig-apps] CronJob should remove from active list jobs that have been deleted" classname="Kubernetes e2e suite" time="0">
          <skipped></skipped>
      </testcase>
      <testcase name="[k8s.io] [sig-node] RuntimeClass [Feature:RuntimeClass] should reject a Pod requesting a non-existent RuntimeClass" classname="Kubernetes e2e suite" time="0">
          <skipped></skipped>
      </testcase>
      <testcase name="[sig-storage] In-tree Volumes [Driver: emptydir] [Testpattern: Inline-volume (default fs)] subPath should support existing directory" classname="Kubernetes e2e suite" time="0">
          <skipped></skipped>
      </testcase>
      <testcase name="[sig-storage] PersistentVolumes-local  [Volume type: blockfswithoutformat] One pod requesting one prebound PVC should be able to mount volume and write from pod1" classname="Kubernetes e2e suite" time="0">
          <skipped></skipped>
      </testcase>
      <testcase name="[sig-storage] In-tree Volumes [Driver: rbd][Feature:Volumes] [Testpattern: Pre-provisioned PV (default fs)] subPath should support restarting containers using file as subpath [Slow]" classname="Kubernetes e2e suite" time="0">
          <skipped></skipped>
      </testcase>
      <testcase name="[sig-storage] GCP Volumes NFSv4 should be mountable for NFSv4" classname="Kubernetes e2e suite" time="0">
          <skipped></skipped>
      </testcase>
      <testcase name="[sig-node] ConfigMap should be consumable via environment variable [NodeConformance] [Conformance]" classname="Kubernetes e2e suite" time="12.179391443"></testcase>
      <testcase name="[sig-storage] In-tree Volumes [Driver: aws] [Testpattern: Dynamic PV (ext4)] volumes should allow exec of files on the volume" classname="Kubernetes e2e suite" time="0">
          <skipped></skipped>
      </testcase>
      <testcase name="[sig-storage] In-tree Volumes [Driver: vSphere] [Testpattern: Dynamic PV (ext3)] volumes should be mountable" classname="Kubernetes e2e suite" time="0">
          <skipped></skipped>
      </testcase>
      <testcase name="[sig-storage] In-tree Volumes [Driver: cinder] [Testpattern: Dynamic PV (default fs)] subPath should fail if non-existent subpath is outside the volume [Slow]" classname="Kubernetes e2e suite" time="0">
          <skipped></skipped>
      </testcase>
      <testcase name="[sig-storage] In-tree Volumes [Driver: gluster] [Testpattern: Pre-provisioned PV (default fs)] subPath should support creating multiple subpath from same volumes [Slow]" classname="Kubernetes e2e suite" time="0">
          <skipped></skipped>
      </testcase>
      <testcase name="[sig-storage] In-tree Volumes [Driver: azure] [Testpattern: Inline-volume (xfs)] volumes should be mountable" classname="Kubernetes e2e suite" time="0">
          <skipped></skipped>
      </testcase>
      <testcase name="[sig-storage] CSI Volumes [Driver: csi-hostpath-v0] [Testpattern: Dynamic PV (default fs)] provisioning should create and delete block persistent volumes" classname="Kubernetes e2e suite" time="0">
          <skipped></skipped>
      </testcase>
      <testcase name="[sig-storage] GenericPersistentVolume[Disruptive] When kubelet restarts Should test that a file written to the mount before kubelet restart is readable after restart." classname="Kubernetes e2e suite" time="0">
          <skipped></skipped>
      </testcase>
      <testcase name="[sig-storage] In-tree Volumes [Driver: hostPath] [Testpattern: Dynamic PV (default fs)] subPath should support non-existent path" classname="Kubernetes e2e suite" time="0">
          <skipped></skipped>
      </testcase>
      <testcase name="[sig-storage] In-tree Volumes [Driver: vSphere] [Testpattern: Dynamic PV (default fs)] volumeIO should write files of various sizes, verify size, validate content [Slow]" classname="Kubernetes e2e suite" time="0">
          <skipped></skipped>
      </testcase>
      <testcase name="[k8s.io] Security Context When creating a pod with readOnlyRootFilesystem should run the container with readonly rootfs when readOnlyRootFilesystem=true [NodeConformance]" classname="Kubernetes e2e suite" time="0">
          <skipped></skipped>
      </testcase>
      <testcase name="[sig-storage] EmptyDir wrapper volumes should not cause race condition when used for configmaps [Serial] [Slow] [Conformance]" classname="Kubernetes e2e suite" time="234.390366627"></testcase>
      <testcase name="[sig-storage] In-tree Volumes [Driver: gluster] [Testpattern: Inline-volume (default fs)] subPath should support restarting containers using directory as subpath [Slow]" classname="Kubernetes e2e suite" time="0">
          <skipped></skipped>
      </testcase>
      <testcase name="[sig-storage] In-tree Volumes [Driver: nfs] [Testpattern: Pre-provisioned PV (default fs)] subPath should support file as subpath" classname="Kubernetes e2e suite" time="0">
          <skipped></skipped>
      </testcase>
      <testcase name="[sig-storage] In-tree Volumes [Driver: cinder] [Testpattern: Pre-provisioned PV (default fs)] subPath should support existing directory" classname="Kubernetes e2e suite" time="0">
          <skipped></skipped>
      </testcase>
      <testcase name="[sig-storage] CSI Volumes [Driver: csi-hostpath-v0] [Testpattern: Dynamic PV (filesystem volmode)] volumeMode should create sc, pod, pv, and pvc, read/write to the pv, and delete all created resources" classname="Kubernetes e2e suite" time="0">
          <skipped></skipped>
      </testcase>
      <testcase name="[sig-storage] In-tree Volumes [Driver: nfs] [Testpattern: Dynamic PV (default fs)] subPath should support existing directory" classname="Kubernetes e2e suite" time="0">
          <skipped></skipped>
      </testcase>
      <testcase name="[sig-storage] In-tree Volumes [Driver: hostPath] [Testpattern: Pre-provisioned PV (default fs)] subPath should support existing single file" classname="Kubernetes e2e suite" time="0">
          <skipped></skipped>
      </testcase>
      <testcase name="[sig-scalability] Density [Feature:ManualPerformance] should allow starting 30 pods per node using Deployment.extensions with 0 secrets, 0 configmaps, 0 token projections, and 0 daemons" classname="Kubernetes e2e suite" time="0">
          <skipped></skipped>
      </testcase>
      <testcase name="[sig-storage] In-tree Volumes [Driver: cinder] [Testpattern: Dynamic PV (default fs)] subPath should support restarting containers using directory as subpath [Slow]" classname="Kubernetes e2e suite" time="0">
          <skipped></skipped>
      </testcase>
      <testcase name="[sig-storage] In-tree Volumes [Driver: rbd][Feature:Volumes] [Testpattern: Pre-provisioned PV (default fs)] subPath should support non-existent path" classname="Kubernetes e2e suite" time="0">
          <skipped></skipped>
      </testcase>
      <testcase name="[sig-network] Services should be able to switch session affinity for LoadBalancer service with ESIPP off [Slow] [DisabledForLargeClusters]" classname="Kubernetes e2e suite" time="0">
          <skipped></skipped>
      </testcase>
      <testcase name="[sig-network] Services should have session affinity work for NodePort service" classname="Kubernetes e2e suite" time="0">
          <skipped></skipped>
      </testcase>
      <testcase name="[sig-storage] In-tree Volumes [Driver: hostPath] [Testpattern: Dynamic PV (xfs)] volumes should be mountable" classname="Kubernetes e2e suite" time="0">
          <skipped></skipped>
      </testcase>
      <testcase name="[sig-storage] In-tree Volumes [Driver: iscsi][Feature:Volumes] [Testpattern: Dynamic PV (default fs)] subPath should fail if subpath with backstepping is outside the volume [Slow]" classname="Kubernetes e2e suite" time="0">
          <skipped></skipped>
      </testcase>
      <testcase name="[sig-storage] In-tree Volumes [Driver: azure] [Testpattern: Dynamic PV (default fs)] provisioning should create and delete block persistent volumes" classname="Kubernetes e2e suite" time="0">
          <skipped></skipped>
      </testcase>
      <testcase name="[sig-autoscaling] [HPA] Horizontal pod autoscaling (scale resource: Custom Metrics from Stackdriver) should scale up with two metrics of type Pod from Stackdriver [Feature:CustomMetricsAutoscaling]" classname="Kubernetes e2e suite" time="0">
          <skipped></skipped>
      </testcase>
      <testcase name="[sig-storage] In-tree Volumes [Driver: gluster] [Testpattern: Inline-volume (default fs)] subPath should support non-existent path" classname="Kubernetes e2e suite" time="0">
          <skipped></skipped>
      </testcase>
      <testcase name="[sig-storage] PersistentVolumes NFS with Single PV - PVC pairs create a PVC and a pre-bound PV: test write access" classname="Kubernetes e2e suite" time="0">
          <skipped></skipped>
      </testcase>
      <testcase name="[sig-storage] In-tree Volumes [Driver: rbd][Feature:Volumes] [Testpattern: Inline-volume (default fs)] volumes should allow exec of files on the volume" classname="Kubernetes e2e suite" time="0">
          <skipped></skipped>
      </testcase>
      <testcase name="[sig-autoscaling] Cluster size autoscaling [Slow] should increase cluster size if pods are pending due to host port conflict [Feature:ClusterSizeAutoscalingScaleUp]" classname="Kubernetes e2e suite" time="0">
          <skipped></skipped>
      </testcase>
      <testcase name="[sig-storage] In-tree Volumes [Driver: emptydir] [Testpattern: Inline-volume (default fs)] subPath should support restarting containers using file as subpath [Slow]" classname="Kubernetes e2e suite" time="0">
          <skipped></skipped>
      </testcase>
      <testcase name="[sig-storage] CSI Volumes [Driver: csi-hostpath] [Testpattern: Dynamic PV (default fs)] provisioning should create and delete block persistent volumes" classname="Kubernetes e2e suite" time="0">
          <skipped></skipped>
      </testcase>
      <testcase name="[sig-storage] In-tree Volumes [Driver: gcepd] [Testpattern: Dynamic PV (default fs)] subPath should fail if subpath directory is outside the volume [Slow]" classname="Kubernetes e2e suite" time="0">
          <skipped></skipped>
      </testcase>
      <testcase name="[sig-instrumentation] MetricsGrabber should grab all metrics from API server." classname="Kubernetes e2e suite" time="0">
          <skipped></skipped>
      </testcase>
      <testcase name="[sig-autoscaling] Cluster size autoscaling [Slow] shouldn&#39;t scale up when expendable pod is preempted [Feature:ClusterSizeAutoscalingScaleUp]" classname="Kubernetes e2e suite" time="0">
          <skipped></skipped>
      </testcase>
      <testcase name="[sig-scheduling] ResourceQuota [Feature:PodPriority] should verify ResourceQuota&#39;s priority class scope (quota set to pod count: 1) against a pod with different priority class (ScopeSelectorOpExists)." classname="Kubernetes e2e suite" time="0">
          <skipped></skipped>
      </testcase>
      <testcase name="[sig-storage] In-tree Volumes [Driver: aws] [Testpattern: Pre-provisioned PV (ext3)] volumes should allow exec of files on the volume" classname="Kubernetes e2e suite" time="0">
          <skipped></skipped>
      </testcase>
      <testcase name="[sig-storage] CSI Volumes [Driver: pd.csi.storage.gke.io][Serial] [Testpattern: Dynamic PV (default fs)] subPath should support readOnly directory specified in the volumeMount" classname="Kubernetes e2e suite" time="0">
          <skipped></skipped>
      </testcase>
      <testcase name="[sig-storage] In-tree Volumes [Driver: emptydir] [Testpattern: Inline-volume (default fs)] subPath should unmount if pod is force deleted while kubelet is down [Disruptive][Slow]" classname="Kubernetes e2e suite" time="0">
          <skipped></skipped>
      </testcase>
      <testcase name="[sig-storage] In-tree Volumes [Driver: vSphere] [Testpattern: Pre-provisioned PV (xfs)] volumes should be mountable" classname="Kubernetes e2e suite" time="0">
          <skipped></skipped>
      </testcase>
      <testcase name="[sig-storage] EmptyDir volumes when FSGroup is specified [NodeFeature:FSGroup] volume on tmpfs should have the correct mode using FSGroup" classname="Kubernetes e2e suite" time="0">
          <skipped></skipped>
      </testcase>
      <testcase name="[sig-storage] In-tree Volumes [Driver: hostPath] [Testpattern: Pre-provisioned PV (filesystem volmode)] volumeMode should create sc, pod, pv, and pvc, read/write to the pv, and delete all created resources" classname="Kubernetes e2e suite" time="0">
          <skipped></skipped>
      </testcase>
      <testcase name="[sig-storage] In-tree Volumes [Driver: iscsi][Feature:Volumes] [Testpattern: Inline-volume (default fs)] subPath should support readOnly file specified in the volumeMount" classname="Kubernetes e2e suite" time="0">
          <skipped></skipped>
      </testcase>
      <testcase name="[sig-storage] In-tree Volumes [Driver: hostPath] [Testpattern: Pre-provisioned PV (default fs)] subPath should support existing directories when readOnly specified in the volumeSource" classname="Kubernetes e2e suite" time="0">
          <skipped></skipped>
      </testcase>
      <testcase name="[sig-storage] CSI Volumes [Driver: csi-hostpath] [Testpattern: Dynamic PV (default fs)] subPath should fail if non-existent subpath is outside the volume [Slow]" classname="Kubernetes e2e suite" time="0">
          <skipped></skipped>
      </testcase>
      <testcase name="[k8s.io] Container Runtime blackbox test when starting a container that exits should report termination message as empty when pod succeeds and TerminationMessagePolicy FallbackToLogOnError is set [NodeConformance]" classname="Kubernetes e2e suite" time="0">
          <skipped></skipped>
      </testcase>
      <testcase name="[sig-storage] EmptyDir volumes volume on tmpfs should have the correct mode [NodeConformance] [Conformance]" classname="Kubernetes e2e suite" time="14.219358048"></testcase>
      <testcase name="[sig-storage] In-tree Volumes [Driver: nfs] [Testpattern: Pre-provisioned PV (default fs)] subPath should support non-existent path" classname="Kubernetes e2e suite" time="0">
          <skipped></skipped>
      </testcase>
      <testcase name="[k8s.io] [Feature:NodeLease][NodeAlphaFeature:NodeLease] when the NodeLease feature is enabled the kubelet should create and update a lease in the kube-node-lease namespace" classname="Kubernetes e2e suite" time="0">
          <skipped></skipped>
      </testcase>
      <testcase name="[sig-api-machinery] AdmissionWebhook Should unconditionally reject operations on fail closed webhook" classname="Kubernetes e2e suite" time="0">
          <skipped></skipped>
      </testcase>
      <testcase name="[sig-storage] In-tree Volumes [Driver: gcepd] [Testpattern: Inline-volume (default fs)] subPath should support non-existent path" classname="Kubernetes e2e suite" time="0">
          <skipped></skipped>
      </testcase>
      <testcase name="[sig-storage] CSI Volumes [Driver: csi-hostpath-v0] [Testpattern: Dynamic PV (default fs)] subPath should support restarting containers using file as subpath [Slow]" classname="Kubernetes e2e suite" time="0">
          <skipped></skipped>
      </testcase>
      <testcase name="[sig-network] NetworkPolicy NetworkPolicy between server and client should support allow-all policy [Feature:NetworkPolicy]" classname="Kubernetes e2e suite" time="0">
          <skipped></skipped>
      </testcase>
      <testcase name="[sig-storage] In-tree Volumes [Driver: aws] [Testpattern: Dynamic PV (default fs)] subPath should support readOnly directory specified in the volumeMount" classname="Kubernetes e2e suite" time="0">
          <skipped></skipped>
      </testcase>
      <testcase name="[sig-auth] ServiceAccounts should ensure a single API token exists" classname="Kubernetes e2e suite" time="0">
          <skipped></skipped>
      </testcase>
      <testcase name="[k8s.io] [sig-node] Security Context [Feature:SecurityContext] should support seccomp alpha unconfined annotation on the pod [Feature:Seccomp]" classname="Kubernetes e2e suite" time="0">
          <skipped></skipped>
      </testcase>
      <testcase name="[sig-storage] PersistentVolumes-local  [Volume type: gce-localssd-scsi-fs] [Serial] Set fsGroup for local volume should set same fsGroup for two pods simultaneously" classname="Kubernetes e2e suite" time="0">
          <skipped></skipped>
      </testcase>
      <testcase name="[sig-storage] In-tree Volumes [Driver: hostPath] [Testpattern: Pre-provisioned PV (default fs)] volumes should allow exec of files on the volume" classname="Kubernetes e2e suite" time="0">
          <skipped></skipped>
      </testcase>
      <testcase name="[sig-storage] In-tree Volumes [Driver: aws] [Testpattern: Pre-provisioned PV (default fs)] volumes should allow exec of files on the volume" classname="Kubernetes e2e suite" time="0">
          <skipped></skipped>
      </testcase>
      <testcase name="[sig-storage] In-tree Volumes [Driver: vSphere] [Testpattern: Pre-provisioned PV (default fs)] subPath should support existing directory" classname="Kubernetes e2e suite" time="0">
          <skipped></skipped>
      </testcase>
      <testcase name="[sig-apps] Network Partition [Disruptive] [Slow] [k8s.io] [ReplicationController] should eagerly create replacement pod during network partition when termination grace is non-zero" classname="Kubernetes e2e suite" time="0">
          <skipped></skipped>
      </testcase>
      <testcase name="[sig-storage] Storage Policy Based Volume Provisioning [Feature:vsphere] verify VSAN storage capability with valid diskStripes and objectSpaceReservation values is honored for dynamically provisioned pvc using storageclass" classname="Kubernetes e2e suite" time="0">
          <skipped></skipped>
      </testcase>
      <testcase name="[sig-storage] In-tree Volumes [Driver: hostPathSymlink] [Testpattern: Dynamic PV (default fs)] subPath should fail if subpath file is outside the volume [Slow]" classname="Kubernetes e2e suite" time="0">
          <skipped></skipped>
      </testcase>
      <testcase name="[sig-storage] In-tree Volumes [Driver: vSphere] [Testpattern: Inline-volume (ext4)] volumes should allow exec of files on the volume" classname="Kubernetes e2e suite" time="0">
          <skipped></skipped>
      </testcase>
      <testcase name="[sig-storage] In-tree Volumes [Driver: rbd][Feature:Volumes] [Testpattern: Dynamic PV (block volmode)] volumeMode should create sc, pod, pv, and pvc, read/write to the pv, and delete all created resources" classname="Kubernetes e2e suite" time="0">
          <skipped></skipped>
      </testcase>
      <testcase name="[sig-storage] In-tree Volumes [Driver: vSphere] [Testpattern: Pre-provisioned PV (default fs)] subPath should fail if non-existent subpath is outside the volume [Slow]" classname="Kubernetes e2e suite" time="0">
          <skipped></skipped>
      </testcase>
      <testcase name="[sig-storage] In-tree Volumes [Driver: nfs] [Testpattern: Dynamic PV (block volmode)] volumeMode should fail in binding dynamic provisioned PV to PVC" classname="Kubernetes e2e suite" time="0">
          <skipped></skipped>
      </testcase>
      <testcase name="[sig-storage] In-tree Volumes [Driver: gcepd] [Testpattern: Pre-provisioned PV (default fs)] subPath should fail if non-existent subpath is outside the volume [Slow]" classname="Kubernetes e2e suite" time="0">
          <skipped></skipped>
      </testcase>
      <testcase name="[k8s.io] Container Lifecycle Hook when create a pod with lifecycle hook should execute poststart exec hook properly [NodeConformance] [Conformance]" classname="Kubernetes e2e suite" time="56.195398049"></testcase>
      <testcase name="[sig-autoscaling] [HPA] Horizontal pod autoscaling (scale resource: CPU) [sig-autoscaling] ReplicationController light Should scale from 1 pod to 2 pods" classname="Kubernetes e2e suite" time="0">
          <skipped></skipped>
      </testcase>
      <testcase name="[sig-storage] In-tree Volumes [Driver: gluster] [Testpattern: Dynamic PV (default fs)] subPath should fail if subpath directory is outside the volume [Slow]" classname="Kubernetes e2e suite" time="0">
          <skipped></skipped>
      </testcase>
      <testcase name="[sig-storage] In-tree Volumes [Driver: emptydir] [Testpattern: Inline-volume (ext4)] volumes should allow exec of files on the volume" classname="Kubernetes e2e suite" time="0">
          <skipped></skipped>
      </testcase>
      <testcase name="[sig-storage] In-tree Volumes [Driver: ceph][Feature:Volumes] [Testpattern: Dynamic PV (default fs)] provisioning should create and delete block persistent volumes" classname="Kubernetes e2e suite" time="0">
          <skipped></skipped>
      </testcase>
      <testcase name="[sig-api-machinery] AdmissionWebhook Should be able to deny attaching pod" classname="Kubernetes e2e suite" time="0">
          <skipped></skipped>
      </testcase>
      <testcase name="[sig-storage] Projected downwardAPI should set DefaultMode on files [NodeConformance] [Conformance]" classname="Kubernetes e2e suite" time="12.146426845"></testcase>
      <testcase name="[sig-storage] In-tree Volumes [Driver: hostPath] [Testpattern: Inline-volume (default fs)] subPath should support readOnly directory specified in the volumeMount" classname="Kubernetes e2e suite" time="0">
          <skipped></skipped>
      </testcase>
      <testcase name="[sig-storage] In-tree Volumes [Driver: gluster] [Testpattern: Inline-volume (default fs)] volumes should be mountable" classname="Kubernetes e2e suite" time="0">
          <skipped></skipped>
      </testcase>
      <testcase name="[sig-scheduling] ResourceQuota [Feature:PodPriority] should verify ResourceQuota&#39;s priority class scope (quota set to pod count: 1) against 2 pods with same priority class." classname="Kubernetes e2e suite" time="0">
          <skipped></skipped>
      </testcase>
      <testcase name="[sig-storage] In-tree Volumes [Driver: cinder] [Testpattern: Inline-volume (ext3)] volumes should be mountable" classname="Kubernetes e2e suite" time="0">
          <skipped></skipped>
      </testcase>
      <testcase name="[sig-storage] In-tree Volumes [Driver: hostPath] [Testpattern: Inline-volume (default fs)] volumes should be mountable" classname="Kubernetes e2e suite" time="0">
          <skipped></skipped>
      </testcase>
      <testcase name="[sig-storage] Dynamic Provisioning DynamicProvisioner Default should create and delete default persistent volumes [Slow]" classname="Kubernetes e2e suite" time="0">
          <skipped></skipped>
      </testcase>
      <testcase name="[sig-storage] In-tree Volumes [Driver: cinder] [Testpattern: Dynamic PV (default fs)] subPath should support existing single file" classname="Kubernetes e2e suite" time="0">
          <skipped></skipped>
      </testcase>
      <testcase name="[sig-storage] CSI Volumes [Driver: pd.csi.storage.gke.io][Feature: gcePD-external] [Testpattern: Dynamic PV (default fs)] volumes should be mountable" classname="Kubernetes e2e suite" time="0">
          <skipped></skipped>
      </testcase>
      <testcase name="[sig-storage] PersistentVolumes NFS with multiple PVs and PVCs all in same ns should create 2 PVs and 4 PVCs: test write access" classname="Kubernetes e2e suite" time="0">
          <skipped></skipped>
      </testcase>
      <testcase name="[sig-scalability] Density [Feature:ManualPerformance] should allow starting 30 pods per node using Deployment.extensions with 0 secrets, 2 configmaps, 0 token projections, and 0 daemons" classname="Kubernetes e2e suite" time="0">
          <skipped></skipped>
      </testcase>
      <testcase name="[sig-storage] In-tree Volumes [Driver: emptydir] [Testpattern: Pre-provisioned PV (default fs)] subPath should unmount if pod is gracefully deleted while kubelet is down [Disruptive][Slow]" classname="Kubernetes e2e suite" time="0">
          <skipped></skipped>
      </testcase>
      <testcase name="[sig-storage] In-tree Volumes [Driver: aws] [Testpattern: Pre-provisioned PV (xfs)] volumes should be mountable" classname="Kubernetes e2e suite" time="0">
          <skipped></skipped>
      </testcase>
      <testcase name="[sig-storage] In-tree Volumes [Driver: hostPathSymlink] [Testpattern: Pre-provisioned PV (default fs)] subPath should support existing directories when readOnly specified in the volumeSource" classname="Kubernetes e2e suite" time="0">
          <skipped></skipped>
      </testcase>
      <testcase name="[sig-network] Networking Granular Checks: Services [Slow] should function for node-Service: http" classname="Kubernetes e2e suite" time="0">
          <skipped></skipped>
      </testcase>
      <testcase name="[sig-storage] In-tree Volumes [Driver: hostPathSymlink] [Testpattern: Inline-volume (default fs)] volumeIO should write files of various sizes, verify size, validate content [Slow]" classname="Kubernetes e2e suite" time="0">
          <skipped></skipped>
      </testcase>
      <testcase name="[sig-storage] In-tree Volumes [Driver: emptydir] [Testpattern: Dynamic PV (default fs)] volumes should allow exec of files on the volume" classname="Kubernetes e2e suite" time="0">
          <skipped></skipped>
      </testcase>
      <testcase name="[sig-cli] Kubectl client [k8s.io] Guestbook application should create and stop a working application  [Conformance]" classname="Kubernetes e2e suite" time="166.166044634"></testcase>
      <testcase name="[sig-api-machinery] Watchers should be able to restart watching from the last resource version observed by the previous watch [Conformance]" classname="Kubernetes e2e suite" time="8.19058239"></testcase>
      <testcase name="[sig-storage] CSI Volumes [Driver: csi-hostpath] [Testpattern: Dynamic PV (default fs)] volumes should be mountable" classname="Kubernetes e2e suite" time="0">
          <skipped></skipped>
      </testcase>
      <testcase name="[sig-storage] In-tree Volumes [Driver: aws] [Testpattern: Pre-provisioned PV (default fs)] subPath should support creating multiple subpath from same volumes [Slow]" classname="Kubernetes e2e suite" time="0">
          <skipped></skipped>
      </testcase>
      <testcase name="[sig-network] Loadbalancing: L7 GCE [Slow] [Feature:Ingress] should conform to Ingress spec" classname="Kubernetes e2e suite" time="0">
          <skipped></skipped>
      </testcase>
      <testcase name="[sig-api-machinery] Servers with support for Table transformation should return generic metadata details across all namespaces for nodes" classname="Kubernetes e2e suite" time="0">
          <skipped></skipped>
      </testcase>
      <testcase name="[sig-storage] PersistentVolumes-local  [Volume type: dir-link-bindmounted] Set fsGroup for local volume should set fsGroup for one pod" classname="Kubernetes e2e suite" time="0">
          <skipped></skipped>
      </testcase>
      <testcase name="[sig-storage] In-tree Volumes [Driver: ceph][Feature:Volumes] [Testpattern: Inline-volume (default fs)] subPath should fail if subpath directory is outside the volume [Slow]" classname="Kubernetes e2e suite" time="0">
          <skipped></skipped>
      </testcase>
      <testcase name="[sig-auth] Advanced Audit should audit API calls [DisabledForLargeClusters]" classname="Kubernetes e2e suite" time="0">
          <skipped></skipped>
      </testcase>
      <testcase name="[sig-storage] Secrets should be consumable from pods in volume as non-root with defaultMode and fsGroup set [NodeConformance] [Conformance]" classname="Kubernetes e2e suite" time="12.199817699"></testcase>
      <testcase name="[sig-storage] In-tree Volumes [Driver: aws] [Testpattern: Dynamic PV (default fs)] subPath should support restarting containers using directory as subpath [Slow]" classname="Kubernetes e2e suite" time="0">
          <skipped></skipped>
      </testcase>
      <testcase name="[sig-storage] In-tree Volumes [Driver: ceph][Feature:Volumes] [Testpattern: Inline-volume (ext3)] volumes should allow exec of files on the volume" classname="Kubernetes e2e suite" time="0">
          <skipped></skipped>
      </testcase>
      <testcase name="[sig-auth] [Feature:NodeAuthorizer] A node shouldn&#39;t be able to create another node" classname="Kubernetes e2e suite" time="0">
          <skipped></skipped>
      </testcase>
      <testcase name="[sig-storage] In-tree Volumes [Driver: rbd][Feature:Volumes] [Testpattern: Pre-provisioned PV (default fs)] subPath should unmount if pod is gracefully deleted while kubelet is down [Disruptive][Slow]" classname="Kubernetes e2e suite" time="0">
          <skipped></skipped>
      </testcase>
      <testcase name="[sig-storage] In-tree Volumes [Driver: ceph][Feature:Volumes] [Testpattern: Pre-provisioned PV (default fs)] subPath should support existing directory" classname="Kubernetes e2e suite" time="0">
          <skipped></skipped>
      </testcase>
      <testcase name="[sig-network] Services should release NodePorts on delete" classname="Kubernetes e2e suite" time="0">
          <skipped></skipped>
      </testcase>
      <testcase name="[sig-storage] In-tree Volumes [Driver: vSphere] [Testpattern: Dynamic PV (default fs)] subPath should unmount if pod is gracefully deleted while kubelet is down [Disruptive][Slow]" classname="Kubernetes e2e suite" time="0">
          <skipped></skipped>
      </testcase>
      <testcase name="[sig-storage] In-tree Volumes [Driver: vSphere] [Testpattern: Pre-provisioned PV (default fs)] subPath should support creating multiple subpath from same volumes [Slow]" classname="Kubernetes e2e suite" time="0">
          <skipped></skipped>
      </testcase>
      <testcase name="[sig-scalability] Load capacity [Feature:Performance] should be able to handle 30 pods per node ReplicationController with 0 secrets, 0 configmaps and 0 daemons" classname="Kubernetes e2e suite" time="0">
          <skipped></skipped>
      </testcase>
      <testcase name="[sig-storage] PersistentVolumes-local  [Volume type: tmpfs] Set fsGroup for local volume should set fsGroup for one pod" classname="Kubernetes e2e suite" time="0">
          <skipped></skipped>
      </testcase>
      <testcase name="[sig-scheduling] ResourceQuota should create a ResourceQuota and capture the life of a replica set." classname="Kubernetes e2e suite" time="0">
          <skipped></skipped>
      </testcase>
      <testcase name="[sig-storage] Dynamic Provisioning DynamicProvisioner allowedTopologies should create persistent volume in the zone specified in allowedTopologies of storageclass" classname="Kubernetes e2e suite" time="0">
          <skipped></skipped>
      </testcase>
      <testcase name="[sig-storage] In-tree Volumes [Driver: gluster] [Testpattern: Dynamic PV (default fs)] provisioning should provision storage with defaults" classname="Kubernetes e2e suite" time="0">
          <skipped></skipped>
      </testcase>
      <testcase name="[sig-storage] In-tree Volumes [Driver: nfs] [Testpattern: Inline-volume (default fs)] subPath should fail if non-existent subpath is outside the volume [Slow]" classname="Kubernetes e2e suite" time="0">
          <skipped></skipped>
      </testcase>
      <testcase name="[sig-storage] In-tree Volumes [Driver: nfs] [Testpattern: Dynamic PV (default fs)] subPath should be able to unmount after the subpath directory is deleted" classname="Kubernetes e2e suite" time="0">
          <skipped></skipped>
      </testcase>
      <testcase name="[sig-storage] In-tree Volumes [Driver: vSphere] [Testpattern: Dynamic PV (default fs)] subPath should support existing single file" classname="Kubernetes e2e suite" time="0">
          <skipped></skipped>
      </testcase>
      <testcase name="[sig-autoscaling] Cluster size autoscaling [Slow] should be able to scale down by draining multiple pods one by one as dictated by pdb[Feature:ClusterSizeAutoscalingScaleDown]" classname="Kubernetes e2e suite" time="0">
          <skipped></skipped>
      </testcase>
      <testcase name="[sig-storage] In-tree Volumes [Driver: ceph][Feature:Volumes] [Testpattern: Inline-volume (default fs)] subPath should support creating multiple subpath from same volumes [Slow]" classname="Kubernetes e2e suite" time="0">
          <skipped></skipped>
      </testcase>
      <testcase name="[sig-storage] In-tree Volumes [Driver: ceph][Feature:Volumes] [Testpattern: Pre-provisioned PV (default fs)] subPath should support readOnly file specified in the volumeMount" classname="Kubernetes e2e suite" time="0">
          <skipped></skipped>
      </testcase>
      <testcase name="[sig-storage] PersistentVolumes-local  [Volume type: dir] Set fsGroup for local volume should set same fsGroup for two pods simultaneously" classname="Kubernetes e2e suite" time="0">
          <skipped></skipped>
      </testcase>
      <testcase name="[sig-storage] In-tree Volumes [Driver: hostPathSymlink] [Testpattern: Inline-volume (default fs)] subPath should support restarting containers using file as subpath [Slow]" classname="Kubernetes e2e suite" time="0">
          <skipped></skipped>
      </testcase>
      <testcase name="[k8s.io] InitContainer [NodeConformance] should invoke init containers on a RestartNever pod [Conformance]" classname="Kubernetes e2e suite" time="12.169224094"></testcase>
      <testcase name="[sig-storage] In-tree Volumes [Driver: aws] [Testpattern: Dynamic PV (default fs)] volumes should allow exec of files on the volume" classname="Kubernetes e2e suite" time="0">
          <skipped></skipped>
      </testcase>
      <testcase name="[sig-storage] In-tree Volumes [Driver: vSphere] [Testpattern: Dynamic PV (default fs)] subPath should support file as subpath" classname="Kubernetes e2e suite" time="0">
          <skipped></skipped>
      </testcase>
      <testcase name="[sig-storage] In-tree Volumes [Driver: cinder] [Testpattern: Dynamic PV (default fs)] subPath should support existing directories when readOnly specified in the volumeSource" classname="Kubernetes e2e suite" time="0">
          <skipped></skipped>
      </testcase>
      <testcase name="[sig-apps] Daemon set [Serial] should rollback without unnecessary restarts [Conformance]" classname="Kubernetes e2e suite" time="8.180670005">
          <skipped></skipped>
      </testcase>
      <testcase name="[sig-storage] In-tree Volumes [Driver: iscsi][Feature:Volumes] [Testpattern: Inline-volume (default fs)] subPath should support restarting containers using directory as subpath [Slow]" classname="Kubernetes e2e suite" time="0">
          <skipped></skipped>
      </testcase>
      <testcase name="[sig-apps] Job should adopt matching orphans and release non-matching pods" classname="Kubernetes e2e suite" time="0">
          <skipped></skipped>
      </testcase>
      <testcase name="[sig-storage] Projected combined should project all components that make up the projection API [Projection][NodeConformance] [Conformance]" classname="Kubernetes e2e suite" time="12.219164607"></testcase>
      <testcase name="[sig-storage] In-tree Volumes [Driver: rbd][Feature:Volumes] [Testpattern: Inline-volume (ext4)] volumes should allow exec of files on the volume" classname="Kubernetes e2e suite" time="0">
          <skipped></skipped>
      </testcase>
      <testcase name="[sig-cluster-lifecycle] ingress Downgrade [Feature:IngressDowngrade] ingress downgrade should maintain a functioning ingress" classname="Kubernetes e2e suite" time="0">
          <skipped></skipped>
      </testcase>
      <testcase name="[sig-storage] CSI Volumes [Driver: pd.csi.storage.gke.io][Feature: gcePD-external] [Testpattern: Dynamic PV (block volmode)] volumeMode should fail in binding dynamic provisioned PV to PVC" classname="Kubernetes e2e suite" time="0">
          <skipped></skipped>
      </testcase>
      <testcase name="[sig-storage] Volume Placement test back to back pod creation and deletion with different volume sources on the same worker node" classname="Kubernetes e2e suite" time="0">
          <skipped></skipped>
      </testcase>
      <testcase name="[sig-cli] Kubectl client [k8s.io] Kubectl cluster-info dump should check if cluster-info dump succeeds" classname="Kubernetes e2e suite" time="0">
          <skipped></skipped>
      </testcase>
      <testcase name="[sig-cluster-lifecycle] Upgrade [Feature:Upgrade] node upgrade should maintain a functioning cluster [Feature:NodeUpgrade]" classname="Kubernetes e2e suite" time="0">
          <skipped></skipped>
      </testcase>
      <testcase name="[sig-storage] vcp at scale [Feature:vsphere]  vsphere scale tests" classname="Kubernetes e2e suite" time="0">
          <skipped></skipped>
      </testcase>
      <testcase name="[sig-storage] In-tree Volumes [Driver: azure] [Testpattern: Inline-volume (default fs)] subPath should support creating multiple subpath from same volumes [Slow]" classname="Kubernetes e2e suite" time="0">
          <skipped></skipped>
      </testcase>
      <testcase name="[sig-storage] In-tree Volumes [Driver: iscsi][Feature:Volumes] [Testpattern: Dynamic PV (default fs)] subPath should fail if non-existent subpath is outside the volume [Slow]" classname="Kubernetes e2e suite" time="0">
          <skipped></skipped>
      </testcase>
      <testcase name="[sig-storage] CSI Volumes [Driver: pd.csi.storage.gke.io][Serial] [Testpattern: Dynamic PV (default fs)] subPath should fail if subpath directory is outside the volume [Slow]" classname="Kubernetes e2e suite" time="0">
          <skipped></skipped>
      </testcase>
      <testcase name="[sig-storage] PersistentVolumes NFS with Single PV - PVC pairs create a PVC and non-pre-bound PV: test write access" classname="Kubernetes e2e suite" time="0">
          <skipped></skipped>
      </testcase>
      <testcase name="[sig-api-machinery] Namespaces [Serial] should ensure that all services are removed when a namespace is deleted [Conformance]" classname="Kubernetes e2e suite" time="21.660172492"></testcase>
      <testcase name="[k8s.io] InitContainer [NodeConformance] should not start app containers and fail the pod if init containers fail on a RestartNever pod [Conformance]" classname="Kubernetes e2e suite" time="11.524965323"></testcase>
      <testcase name="[sig-storage] In-tree Volumes [Driver: gcepd] [Testpattern: Inline-volume (default fs)] subPath should unmount if pod is gracefully deleted while kubelet is down [Disruptive][Slow]" classname="Kubernetes e2e suite" time="0">
          <skipped></skipped>
      </testcase>
      <testcase name="[sig-storage] In-tree Volumes [Driver: vSphere] [Testpattern: Dynamic PV (default fs)] provisioning should create and delete block persistent volumes" classname="Kubernetes e2e suite" time="0">
          <skipped></skipped>
      </testcase>
      <testcase name="[sig-storage] In-tree Volumes [Driver: gluster] [Testpattern: Inline-volume (default fs)] subPath should support existing directory" classname="Kubernetes e2e suite" time="0">
          <skipped></skipped>
      </testcase>
      <testcase name="[sig-storage] In-tree Volumes [Driver: gcepd] [Testpattern: Pre-provisioned PV (ext4)] volumes should be mountable" classname="Kubernetes e2e suite" time="0">
          <skipped></skipped>
      </testcase>
      <testcase name="[sig-storage] In-tree Volumes [Driver: gluster] [Testpattern: Inline-volume (default fs)] volumes should allow exec of files on the volume" classname="Kubernetes e2e suite" time="0">
          <skipped></skipped>
      </testcase>
      <testcase name="[sig-storage] In-tree Volumes [Driver: vSphere] [Testpattern: Dynamic PV (default fs)] subPath should fail if subpath with backstepping is outside the volume [Slow]" classname="Kubernetes e2e suite" time="0">
          <skipped></skipped>
      </testcase>
      <testcase name="[sig-auth] ServiceAccounts should mount an API token into pods  [Conformance]" classname="Kubernetes e2e suite" time="27.301470299"></testcase>
      <testcase name="[sig-storage] Secrets should be able to mount in a volume regardless of a different secret existing with same name in different namespace [NodeConformance] [Conformance]" classname="Kubernetes e2e suite" time="21.451251937"></testcase>
      <testcase name="[sig-storage] In-tree Volumes [Driver: nfs] [Testpattern: Pre-provisioned PV (xfs)] volumes should allow exec of files on the volume" classname="Kubernetes e2e suite" time="0">
          <skipped></skipped>
      </testcase>
      <testcase name="[k8s.io] [sig-node] RuntimeClass [Feature:RuntimeClass] should run a Pod requesting a RuntimeClass with an empty handler" classname="Kubernetes e2e suite" time="0">
          <skipped></skipped>
      </testcase>
      <testcase name="[sig-api-machinery] CustomResourceDefinition resources Simple CustomResourceDefinition creating/deleting custom resource definition objects works  [Conformance]" classname="Kubernetes e2e suite" time="8.78599783"></testcase>
      <testcase name="[sig-instrumentation] Logging soak [Performance] [Slow] [Disruptive] should survive logging 1KB every 1s seconds, for a duration of 2m0s" classname="Kubernetes e2e suite" time="0">
          <skipped></skipped>
      </testcase>
      <testcase name="[sig-storage] CSI Volumes [Driver: pd.csi.storage.gke.io][Feature: gcePD-external] [Testpattern: Dynamic PV (default fs)] subPath should support existing directories when readOnly specified in the volumeSource" classname="Kubernetes e2e suite" time="0">
          <skipped></skipped>
      </testcase>
      <testcase name="[sig-cli] Kubectl client [k8s.io] Simple pod should support exec through an HTTP proxy" classname="Kubernetes e2e suite" time="0">
          <skipped></skipped>
      </testcase>
      <testcase name="[sig-storage] In-tree Volumes [Driver: nfs] [Testpattern: Pre-provisioned PV (default fs)] subPath should fail if subpath file is outside the volume [Slow]" classname="Kubernetes e2e suite" time="0">
          <skipped></skipped>
      </testcase>
      <testcase name="[sig-storage] Downward API volume should provide container&#39;s cpu limit [NodeConformance] [Conformance]" classname="Kubernetes e2e suite" time="12.243730667"></testcase>
      <testcase name="[sig-auth] [Feature:NodeAuthenticator] The kubelet&#39;s main port 10250 should reject requests with no credentials" classname="Kubernetes e2e suite" time="0">
          <skipped></skipped>
      </testcase>
      <testcase name="[k8s.io] Container Runtime blackbox test when starting a container that exits should report termination message from log output if TerminationMessagePolicy FallbackToLogOnError is set [NodeConformance]" classname="Kubernetes e2e suite" time="0">
          <skipped></skipped>
      </testcase>
      <testcase name="[sig-storage] In-tree Volumes [Driver: hostPath] [Testpattern: Pre-provisioned PV (default fs)] subPath should fail if subpath with backstepping is outside the volume [Slow]" classname="Kubernetes e2e suite" time="0">
          <skipped></skipped>
      </testcase>
      <testcase name="[sig-storage] CSI Volumes [Driver: csi-hostpath-v0] [Testpattern: Dynamic PV (default fs)] subPath should support existing directories when readOnly specified in the volumeSource" classname="Kubernetes e2e suite" time="0">
          <skipped></skipped>
      </testcase>
      <testcase name="[sig-cli] Kubectl client [k8s.io] Kubectl expose should create services for rc  [Conformance]" classname="Kubernetes e2e suite" time="36.604120273"></testcase>
      <testcase name="[sig-network] Services should be able to create a functioning NodePort service" classname="Kubernetes e2e suite" time="0">
          <skipped></skipped>
      </testcase>
      <testcase name="[sig-storage] In-tree Volumes [Driver: hostPath] [Testpattern: Dynamic PV (default fs)] subPath should support existing single file" classname="Kubernetes e2e suite" time="0">
          <skipped></skipped>
      </testcase>
      <testcase name="[sig-storage] In-tree Volumes [Driver: azure] [Testpattern: Inline-volume (default fs)] subPath should support existing single file" classname="Kubernetes e2e suite" time="0">
          <skipped></skipped>
      </testcase>
      <testcase name="[sig-storage] Projected secret should be consumable from pods in volume with mappings [NodeConformance] [Conformance]" classname="Kubernetes e2e suite" time="14.343213797"></testcase>
      <testcase name="[sig-network] Services should be able to change the type from ClusterIP to ExternalName" classname="Kubernetes e2e suite" time="0">
          <skipped></skipped>
      </testcase>
      <testcase name="[sig-instrumentation] Cluster level logging implemented by Stackdriver [Feature:StackdriverLogging] [Soak] should ingest logs from applications running for a prolonged amount of time" classname="Kubernetes e2e suite" time="0">
          <skipped></skipped>
      </testcase>
      <testcase name="[sig-storage] CSI Volumes [Driver: pd.csi.storage.gke.io][Serial] [Testpattern: Dynamic PV (default fs)] volumes should allow exec of files on the volume" classname="Kubernetes e2e suite" time="0">
          <skipped></skipped>
      </testcase>
      <testcase name="[sig-cli] Kubectl client [k8s.io] Kubectl create quota should reject quota with invalid scopes" classname="Kubernetes e2e suite" time="0">
          <skipped></skipped>
      </testcase>
      <testcase name="[sig-api-machinery] CustomResourceDefinition Watch CustomResourceDefinition Watch watch on custom resource definition objects" classname="Kubernetes e2e suite" time="0">
          <skipped></skipped>
      </testcase>
      <testcase name="[sig-storage] ConfigMap should be consumable from pods in volume with mappings and Item mode set [NodeConformance] [Conformance]" classname="Kubernetes e2e suite" time="12.264640258"></testcase>
      <testcase name="[sig-storage] In-tree Volumes [Driver: cinder] [Testpattern: Dynamic PV (default fs)] subPath should support readOnly directory specified in the volumeMount" classname="Kubernetes e2e suite" time="0">
          <skipped></skipped>
      </testcase>
      <testcase name="[sig-api-machinery] AdmissionWebhook Should mutate custom resource" classname="Kubernetes e2e suite" time="0">
          <skipped></skipped>
      </testcase>
      <testcase name="[sig-storage] Secrets Should fail non-optional pod creation due to the key in the secret object does not exist [Slow]" classname="Kubernetes e2e suite" time="0">
          <skipped></skipped>
      </testcase>
      <testcase name="[sig-storage] vsphere cloud provider stress [Feature:vsphere] vsphere stress tests" classname="Kubernetes e2e suite" time="0">
          <skipped></skipped>
      </testcase>
      <testcase name="[sig-storage] In-tree Volumes [Driver: hostPathSymlink] [Testpattern: Pre-provisioned PV (default fs)] subPath should unmount if pod is gracefully deleted while kubelet is down [Disruptive][Slow]" classname="Kubernetes e2e suite" time="0">
          <skipped></skipped>
      </testcase>
      <testcase name="[sig-storage] Dynamic Provisioning DynamicProvisioner [Slow] should provision storage with different parameters" classname="Kubernetes e2e suite" time="0">
          <skipped></skipped>
      </testcase>
      <testcase name="[sig-network] Services should preserve source pod IP for traffic thru service cluster IP" classname="Kubernetes e2e suite" time="0">
          <skipped></skipped>
      </testcase>
      <testcase name="[sig-storage] Volume Attach Verify [Feature:vsphere][Serial][Disruptive] verify volume remains attached after master kubelet restart" classname="Kubernetes e2e suite" time="0">
          <skipped></skipped>
      </testcase>
      <testcase name="[sig-storage] In-tree Volumes [Driver: ceph][Feature:Volumes] [Testpattern: Inline-volume (default fs)] volumes should allow exec of files on the volume" classname="Kubernetes e2e suite" time="0">
          <skipped></skipped>
      </testcase>
      <testcase name="[sig-storage] In-tree Volumes [Driver: azure] [Testpattern: Dynamic PV (default fs)] subPath should fail if subpath with backstepping is outside the volume [Slow]" classname="Kubernetes e2e suite" time="0">
          <skipped></skipped>
      </testcase>
      <testcase name="[sig-storage] In-tree Volumes [Driver: vSphere] [Testpattern: Dynamic PV (default fs)] volumes should be mountable" classname="Kubernetes e2e suite" time="0">
          <skipped></skipped>
      </testcase>
      <testcase name="[sig-storage] In-tree Volumes [Driver: hostPathSymlink] [Testpattern: Pre-provisioned PV (default fs)] volumes should be mountable" classname="Kubernetes e2e suite" time="0">
          <skipped></skipped>
      </testcase>
      <testcase name="[sig-network] Networking IPerf IPv6 [Experimental] [Feature:Networking-IPv6] [Slow] [Feature:Networking-Performance] should transfer ~ 1GB onto the service endpoint 1 servers (maximum of 1 clients)" classname="Kubernetes e2e suite" time="0">
          <skipped></skipped>
      </testcase>
      <testcase name="[sig-storage] In-tree Volumes [Driver: emptydir] [Testpattern: Inline-volume (default fs)] subPath should support non-existent path" classname="Kubernetes e2e suite" time="0">
          <skipped></skipped>
      </testcase>
      <testcase name="[sig-storage] PersistentVolumes-local  StatefulSet with pod affinity [Slow] should use volumes spread across nodes when pod has anti-affinity" classname="Kubernetes e2e suite" time="0">
          <skipped></skipped>
      </testcase>
      <testcase name="[sig-storage] In-tree Volumes [Driver: rbd][Feature:Volumes] [Testpattern: Pre-provisioned PV (default fs)] subPath should support creating multiple subpath from same volumes [Slow]" classname="Kubernetes e2e suite" time="0">
          <skipped></skipped>
      </testcase>
      <testcase name="[sig-storage] In-tree Volumes [Driver: hostPathSymlink] [Testpattern: Inline-volume (ext4)] volumes should be mountable" classname="Kubernetes e2e suite" time="0">
          <skipped></skipped>
      </testcase>
      <testcase name="[sig-storage] In-tree Volumes [Driver: emptydir] [Testpattern: Pre-provisioned PV (default fs)] subPath should support creating multiple subpath from same volumes [Slow]" classname="Kubernetes e2e suite" time="0">
          <skipped></skipped>
      </testcase>
      <testcase name="[sig-storage] In-tree Volumes [Driver: rbd][Feature:Volumes] [Testpattern: Dynamic PV (ext4)] volumes should be mountable" classname="Kubernetes e2e suite" time="0">
          <skipped></skipped>
      </testcase>
      <testcase name="[sig-storage] In-tree Volumes [Driver: azure] [Testpattern: Pre-provisioned PV (default fs)] subPath should fail if subpath with backstepping is outside the volume [Slow]" classname="Kubernetes e2e suite" time="0">
          <skipped></skipped>
      </testcase>
      <testcase name="[sig-scalability] Density [Feature:Performance] should allow starting 30 pods per node using ReplicationController with 0 secrets, 0 configmaps, 0 token projections, and 0 daemons" classname="Kubernetes e2e suite" time="0">
          <skipped></skipped>
      </testcase>
      <testcase name="[sig-api-machinery] Servers with support for Table transformation should return a 406 for a backend which does not implement metadata" classname="Kubernetes e2e suite" time="0">
          <skipped></skipped>
      </testcase>
      <testcase name="[sig-instrumentation] Cluster level logging using Elasticsearch [Feature:Elasticsearch] should check that logs from containers are ingested into Elasticsearch" classname="Kubernetes e2e suite" time="0">
          <skipped></skipped>
      </testcase>
      <testcase name="[sig-scheduling] SchedulerPredicates [Serial] validates local ephemeral storage resource limits of pods that are allowed to run [Feature:LocalStorageCapacityIsolation]" classname="Kubernetes e2e suite" time="0">
          <skipped></skipped>
      </testcase>
      <testcase name="[sig-storage] In-tree Volumes [Driver: rbd][Feature:Volumes] [Testpattern: Inline-volume (xfs)] volumes should be mountable" classname="Kubernetes e2e suite" time="0">
          <skipped></skipped>
      </testcase>
      <testcase name="[sig-storage] In-tree Volumes [Driver: cinder] [Testpattern: Dynamic PV (default fs)] volumes should allow exec of files on the volume" classname="Kubernetes e2e suite" time="0">
          <skipped></skipped>
      </testcase>
      <testcase name="[sig-storage] In-tree Volumes [Driver: gcepd] [Testpattern: Pre-provisioned PV (default fs)] subPath should unmount if pod is force deleted while kubelet is down [Disruptive][Slow]" classname="Kubernetes e2e suite" time="0">
          <skipped></skipped>
      </testcase>
      <testcase name="[sig-network] Networking Granular Checks: Services [Slow] should function for client IP based session affinity: udp" classname="Kubernetes e2e suite" time="0">
          <skipped></skipped>
      </testcase>
      <testcase name="[sig-network] Networking Granular Checks: Pods should function for intra-pod communication: udp [NodeConformance] [Conformance]" classname="Kubernetes e2e suite" time="53.533138341"></testcase>
      <testcase name="[sig-storage] In-tree Volumes [Driver: nfs] [Testpattern: Pre-provisioned PV (xfs)] volumes should be mountable" classname="Kubernetes e2e suite" time="0">
          <skipped></skipped>
      </testcase>
      <testcase name="[sig-storage] In-tree Volumes [Driver: hostPathSymlink] [Testpattern: Inline-volume (default fs)] subPath should unmount if pod is gracefully deleted while kubelet is down [Disruptive][Slow]" classname="Kubernetes e2e suite" time="0">
          <skipped></skipped>
      </testcase>
      <testcase name="[sig-storage] Ephemeralstorage When pod refers to non-existent ephemeral storage should allow deletion of pod with invalid volume : configmap" classname="Kubernetes e2e suite" time="0">
          <skipped></skipped>
      </testcase>
      <testcase name="[sig-scheduling] SchedulerPredicates [Serial] validates that NodeSelector is respected if not matching  [Conformance]" classname="Kubernetes e2e suite" time="9.267775468"></testcase>
      <testcase name="[sig-storage] In-tree Volumes [Driver: hostPathSymlink] [Testpattern: Inline-volume (default fs)] subPath should fail if subpath directory is outside the volume [Slow]" classname="Kubernetes e2e suite" time="0">
          <skipped></skipped>
      </testcase>
      <testcase name="[sig-storage] Projected downwardAPI should provide container&#39;s memory limit [NodeConformance] [Conformance]" classname="Kubernetes e2e suite" time="12.201156688"></testcase>
      <testcase name="[sig-storage] In-tree Volumes [Driver: azure] [Testpattern: Pre-provisioned PV (block volmode)] volumeMode should create sc, pod, pv, and pvc, read/write to the pv, and delete all created resources" classname="Kubernetes e2e suite" time="0">
          <skipped></skipped>
      </testcase>
      <testcase name="[sig-storage] In-tree Volumes [Driver: cinder] [Testpattern: Pre-provisioned PV (default fs)] subPath should support existing single file" classname="Kubernetes e2e suite" time="0">
          <skipped></skipped>
      </testcase>
      <testcase name="[sig-storage] Volume Disk Format [Feature:vsphere] verify disk format type - zeroedthick is honored for dynamically provisioned pv using storageclass" classname="Kubernetes e2e suite" time="0">
          <skipped></skipped>
      </testcase>
      <testcase name="[sig-storage] Dynamic Provisioning DynamicProvisioner [Slow] should provision storage with non-default reclaim policy Retain" classname="Kubernetes e2e suite" time="0">
          <skipped></skipped>
      </testcase>
      <testcase name="[sig-storage] CSI Volumes [Driver: pd.csi.storage.gke.io][Serial] [Testpattern: Dynamic PV (default fs)] subPath should support non-existent path" classname="Kubernetes e2e suite" time="0">
          <skipped></skipped>
      </testcase>
      <testcase name="[sig-autoscaling] Cluster size autoscaling [Slow] shouldn&#39;t scale down when non expendable pod is running [Feature:ClusterSizeAutoscalingScaleDown]" classname="Kubernetes e2e suite" time="0">
          <skipped></skipped>
      </testcase>
      <testcase name="[sig-storage] In-tree Volumes [Driver: iscsi][Feature:Volumes] [Testpattern: Inline-volume (default fs)] subPath should support creating multiple subpath from same volumes [Slow]" classname="Kubernetes e2e suite" time="0">
          <skipped></skipped>
      </testcase>
      <testcase name="[sig-storage] In-tree Volumes [Driver: aws] [Testpattern: Inline-volume (default fs)] subPath should support restarting containers using directory as subpath [Slow]" classname="Kubernetes e2e suite" time="0">
          <skipped></skipped>
      </testcase>
      <testcase name="[sig-storage] In-tree Volumes [Driver: aws] [Testpattern: Pre-provisioned PV (default fs)] volumes should be mountable" classname="Kubernetes e2e suite" time="0">
          <skipped></skipped>
      </testcase>
      <testcase name="[k8s.io] InitContainer [NodeConformance] should invoke init containers on a RestartAlways pod [Conformance]" classname="Kubernetes e2e suite" time="34.793921365"></testcase>
      <testcase name="[sig-storage] EmptyDir volumes when FSGroup is specified [NodeFeature:FSGroup] nonexistent volume subPath should have the correct mode and owner using FSGroup" classname="Kubernetes e2e suite" time="0">
          <skipped></skipped>
      </testcase>
      <testcase name="[sig-scheduling] ResourceQuota [Feature:PodPriority] should verify ResourceQuota&#39;s priority class scope (quota set to pod count: 1) against a pod with same priority class." classname="Kubernetes e2e suite" time="0">
          <skipped></skipped>
      </testcase>
      <testcase name="[sig-storage] In-tree Volumes [Driver: azure] [Testpattern: Dynamic PV (default fs)] subPath should unmount if pod is force deleted while kubelet is down [Disruptive][Slow]" classname="Kubernetes e2e suite" time="0">
          <skipped></skipped>
      </testcase>
      <testcase name="[sig-scheduling] SchedulerPredicates [Serial] validates that there exists conflict between pods with same hostPort and protocol but one using 0.0.0.0 hostIP" classname="Kubernetes e2e suite" time="0">
          <skipped></skipped>
      </testcase>
      <testcase name="[sig-storage] In-tree Volumes [Driver: nfs] [Testpattern: Inline-volume (default fs)] subPath should unmount if pod is gracefully deleted while kubelet is down [Disruptive][Slow]" classname="Kubernetes e2e suite" time="0">
          <skipped></skipped>
      </testcase>
      <testcase name="[sig-autoscaling] Cluster size autoscaling [Slow] shouldn&#39;t scale up when expendable pod is created [Feature:ClusterSizeAutoscalingScaleUp]" classname="Kubernetes e2e suite" time="0">
          <skipped></skipped>
      </testcase>
      <testcase name="[sig-storage] In-tree Volumes [Driver: nfs] [Testpattern: Pre-provisioned PV (ext3)] volumes should be mountable" classname="Kubernetes e2e suite" time="0">
          <skipped></skipped>
      </testcase>
      <testcase name="[sig-storage] PersistentVolumes-local  [Volume type: blockfswithoutformat] Set fsGroup for local volume should set same fsGroup for two pods simultaneously" classname="Kubernetes e2e suite" time="0">
          <skipped></skipped>
      </testcase>
      <testcase name="[sig-storage] In-tree Volumes [Driver: emptydir] [Testpattern: Dynamic PV (default fs)] subPath should support existing directories when readOnly specified in the volumeSource" classname="Kubernetes e2e suite" time="0">
          <skipped></skipped>
      </testcase>
      <testcase name="[sig-storage] In-tree Volumes [Driver: ceph][Feature:Volumes] [Testpattern: Pre-provisioned PV (default fs)] subPath should fail if non-existent subpath is outside the volume [Slow]" classname="Kubernetes e2e suite" time="0">
          <skipped></skipped>
      </testcase>
      <testcase name="[sig-storage] In-tree Volumes [Driver: gluster] [Testpattern: Pre-provisioned PV (default fs)] subPath should fail if non-existent subpath is outside the volume [Slow]" classname="Kubernetes e2e suite" time="0">
          <skipped></skipped>
      </testcase>
      <testcase name="[sig-storage] Volume Placement should create and delete pod with the same volume source attach/detach to different worker nodes" classname="Kubernetes e2e suite" time="0">
          <skipped></skipped>
      </testcase>
      <testcase name="[sig-storage] CSI Volumes [Driver: csi-hostpath-v0] [Testpattern: Dynamic PV (default fs)] volumes should be mountable" classname="Kubernetes e2e suite" time="0">
          <skipped></skipped>
      </testcase>
      <testcase name="[sig-storage] In-tree Volumes [Driver: emptydir] [Testpattern: Pre-provisioned PV (default fs)] subPath should fail if non-existent subpath is outside the volume [Slow]" classname="Kubernetes e2e suite" time="0">
          <skipped></skipped>
      </testcase>
      <testcase name="[sig-storage] Downward API volume should provide podname only [NodeConformance] [Conformance]" classname="Kubernetes e2e suite" time="12.546858231"></testcase>
      <testcase name="[sig-storage] In-tree Volumes [Driver: aws] [Testpattern: Inline-volume (default fs)] subPath should support existing single file" classname="Kubernetes e2e suite" time="0">
          <skipped></skipped>
      </testcase>
      <testcase name="[sig-storage] Projected configMap Should fail non-optional pod creation due to configMap object does not exist [Slow]" classname="Kubernetes e2e suite" time="0">
          <skipped></skipped>
      </testcase>
      <testcase name="[sig-network] Networking should provide unchanging, static URL paths for kubernetes api services" classname="Kubernetes e2e suite" time="0">
          <skipped></skipped>
      </testcase>
      <testcase name="[sig-scheduling] SchedulerPriorities [Serial] Pod should avoid nodes that have avoidPod annotation" classname="Kubernetes e2e suite" time="0">
          <skipped></skipped>
      </testcase>
      <testcase name="[sig-storage] In-tree Volumes [Driver: rbd][Feature:Volumes] [Testpattern: Pre-provisioned PV (ext3)] volumes should allow exec of files on the volume" classname="Kubernetes e2e suite" time="0">
          <skipped></skipped>
      </testcase>
      <testcase name="[sig-storage] In-tree Volumes [Driver: hostPath] [Testpattern: Dynamic PV (ext4)] volumes should allow exec of files on the volume" classname="Kubernetes e2e suite" time="0">
          <skipped></skipped>
      </testcase>
      <testcase name="[sig-storage] In-tree Volumes [Driver: vSphere] [Testpattern: Inline-volume (default fs)] subPath should support readOnly file specified in the volumeMount" classname="Kubernetes e2e suite" time="0">
          <skipped></skipped>
      </testcase>
      <testcase name="[sig-storage] In-tree Volumes [Driver: cinder] [Testpattern: Pre-provisioned PV (ext4)] volumes should be mountable" classname="Kubernetes e2e suite" time="0">
          <skipped></skipped>
      </testcase>
      <testcase name="[sig-storage] In-tree Volumes [Driver: ceph][Feature:Volumes] [Testpattern: Dynamic PV (default fs)] subPath should support existing single file" classname="Kubernetes e2e suite" time="0">
          <skipped></skipped>
      </testcase>
      <testcase name="[sig-storage] Projected configMap should be consumable from pods in volume as non-root with FSGroup [NodeFeature:FSGroup]" classname="Kubernetes e2e suite" time="0">
          <skipped></skipped>
      </testcase>
      <testcase name="[sig-storage] In-tree Volumes [Driver: cinder] [Testpattern: Pre-provisioned PV (ext3)] volumes should allow exec of files on the volume" classname="Kubernetes e2e suite" time="0">
          <skipped></skipped>
      </testcase>
      <testcase name="[sig-storage] In-tree Volumes [Driver: gcepd] [Testpattern: Dynamic PV (default fs)] provisioning should create and delete block persistent volumes" classname="Kubernetes e2e suite" time="0">
          <skipped></skipped>
      </testcase>
      <testcase name="[sig-storage] In-tree Volumes [Driver: nfs] [Testpattern: Inline-volume (default fs)] subPath should fail if subpath file is outside the volume [Slow]" classname="Kubernetes e2e suite" time="0">
          <skipped></skipped>
      </testcase>
      <testcase name="[sig-autoscaling] [Feature:ClusterSizeAutoscalingScaleUp] [Slow] Autoscaling [sig-autoscaling] Autoscaling a service from 1 pod and 3 nodes to 8 pods and &gt;=4 nodes takes less than 15 minutes" classname="Kubernetes e2e suite" time="0">
          <skipped></skipped>
      </testcase>
      <testcase name="[sig-autoscaling] Cluster size autoscaling [Slow] Should not scale GPU pool up if pod does not require GPUs [GpuType:] [Feature:ClusterSizeAutoscalingGpu]" classname="Kubernetes e2e suite" time="0">
          <skipped></skipped>
      </testcase>
      <testcase name="[sig-instrumentation] Cadvisor should be healthy on every node." classname="Kubernetes e2e suite" time="0">
          <skipped></skipped>
      </testcase>
      <testcase name="[sig-storage] In-tree Volumes [Driver: emptydir] [Testpattern: Dynamic PV (default fs)] subPath should support non-existent path" classname="Kubernetes e2e suite" time="0">
          <skipped></skipped>
      </testcase>
      <testcase name="[sig-storage] In-tree Volumes [Driver: azure] [Testpattern: Pre-provisioned PV (ext4)] volumes should allow exec of files on the volume" classname="Kubernetes e2e suite" time="0">
          <skipped></skipped>
      </testcase>
      <testcase name="[sig-storage] In-tree Volumes [Driver: hostPath] [Testpattern: Inline-volume (default fs)] subPath should fail if subpath directory is outside the volume [Slow]" classname="Kubernetes e2e suite" time="0">
          <skipped></skipped>
      </testcase>
      <testcase name="[sig-storage] In-tree Volumes [Driver: nfs] [Testpattern: Dynamic PV (default fs)] volumes should allow exec of files on the volume" classname="Kubernetes e2e suite" time="0">
          <skipped></skipped>
      </testcase>
      <testcase name="[sig-storage] In-tree Volumes [Driver: hostPathSymlink] [Testpattern: Dynamic PV (default fs)] subPath should unmount if pod is gracefully deleted while kubelet is down [Disruptive][Slow]" classname="Kubernetes e2e suite" time="0">
          <skipped></skipped>
      </testcase>
      <testcase name="[sig-storage] In-tree Volumes [Driver: hostPathSymlink] [Testpattern: Pre-provisioned PV (xfs)] volumes should allow exec of files on the volume" classname="Kubernetes e2e suite" time="0">
          <skipped></skipped>
      </testcase>
      <testcase name="[sig-storage] Volume Provisioning On Clustered Datastore [Feature:vsphere] verify dynamic provision with default parameter on clustered datastore" classname="Kubernetes e2e suite" time="0">
          <skipped></skipped>
      </testcase>
      <testcase name="[sig-cluster-lifecycle] HA-master [Feature:HAMaster] survive addition/removal replicas same zone [Serial][Disruptive]" classname="Kubernetes e2e suite" time="0">
          <skipped></skipped>
      </testcase>
      <testcase name="[sig-storage] CSI Volumes [Driver: pd.csi.storage.gke.io][Serial] [Testpattern: Dynamic PV (default fs)] subPath should support restarting containers using directory as subpath [Slow]" classname="Kubernetes e2e suite" time="0">
          <skipped></skipped>
      </testcase>
      <testcase name="[sig-network] Loadbalancing: L7 GCE [Slow] [Feature:kubemci] should create ingress with backend HTTPS" classname="Kubernetes e2e suite" time="0">
          <skipped></skipped>
      </testcase>
      <testcase name="[sig-storage] In-tree Volumes [Driver: azure] [Testpattern: Pre-provisioned PV (filesystem volmode)] volumeMode should create sc, pod, pv, and pvc, read/write to the pv, and delete all created resources" classname="Kubernetes e2e suite" time="0">
          <skipped></skipped>
      </testcase>
      <testcase name="[sig-storage] In-tree Volumes [Driver: azure] [Testpattern: Dynamic PV (ext4)] volumes should allow exec of files on the volume" classname="Kubernetes e2e suite" time="0">
          <skipped></skipped>
      </testcase>
      <testcase name="[sig-autoscaling] DNS horizontal autoscaling [Serial] [Slow] kube-dns-autoscaler should scale kube-dns pods when cluster size changed" classname="Kubernetes e2e suite" time="0">
          <skipped></skipped>
      </testcase>
      <testcase name="[sig-storage] In-tree Volumes [Driver: vSphere] [Testpattern: Dynamic PV (ext3)] volumes should allow exec of files on the volume" classname="Kubernetes e2e suite" time="0">
          <skipped></skipped>
      </testcase>
      <testcase name="[sig-storage] CSI Volumes [Driver: csi-hostpath] [Testpattern: Dynamic PV (default fs)] subPath should fail if subpath with backstepping is outside the volume [Slow]" classname="Kubernetes e2e suite" time="0">
          <skipped></skipped>
      </testcase>
      <testcase name="[sig-ui] Kubernetes Dashboard should check that the kubernetes-dashboard instance is alive" classname="Kubernetes e2e suite" time="0">
          <skipped></skipped>
      </testcase>
      <testcase name="[sig-storage] In-tree Volumes [Driver: gluster] [Testpattern: Dynamic PV (default fs)] volumes should be mountable" classname="Kubernetes e2e suite" time="0">
          <skipped></skipped>
      </testcase>
      <testcase name="[sig-apps] CronJob should not emit unexpected warnings" classname="Kubernetes e2e suite" time="0">
          <skipped></skipped>
      </testcase>
      <testcase name="[sig-storage] Pod Disks schedule pods each with a PD, delete pod and verify detach [Slow] for read-only PD with pod delete grace period of &#34;default (30s)&#34;" classname="Kubernetes e2e suite" time="0">
          <skipped></skipped>
      </testcase>
      <testcase name="[sig-storage] In-tree Volumes [Driver: iscsi][Feature:Volumes] [Testpattern: Dynamic PV (default fs)] subPath should support creating multiple subpath from same volumes [Slow]" classname="Kubernetes e2e suite" time="0">
          <skipped></skipped>
      </testcase>
      <testcase name="[sig-storage] CSI Volumes [Driver: pd.csi.storage.gke.io][Serial] [Testpattern: Dynamic PV (default fs)] subPath should support restarting containers using file as subpath [Slow]" classname="Kubernetes e2e suite" time="0">
          <skipped></skipped>
      </testcase>
      <testcase name="[sig-storage] In-tree Volumes [Driver: vSphere] [Testpattern: Dynamic PV (default fs)] subPath should support existing directory" classname="Kubernetes e2e suite" time="0">
          <skipped></skipped>
      </testcase>
      <testcase name="[sig-storage] In-tree Volumes [Driver: ceph][Feature:Volumes] [Testpattern: Dynamic PV (default fs)] subPath should unmount if pod is force deleted while kubelet is down [Disruptive][Slow]" classname="Kubernetes e2e suite" time="0">
          <skipped></skipped>
      </testcase>
      <testcase name="[sig-storage] In-tree Volumes [Driver: cinder] [Testpattern: Dynamic PV (xfs)] volumes should allow exec of files on the volume" classname="Kubernetes e2e suite" time="0">
          <skipped></skipped>
      </testcase>
      <testcase name="[sig-network] DNS configMap nameserver [Feature:Networking-IPv6] Forward PTR lookup should forward PTR records lookup to upstream nameserver [Slow][Serial]" classname="Kubernetes e2e suite" time="0">
          <skipped></skipped>
      </testcase>
      <testcase name="[sig-storage] In-tree Volumes [Driver: vSphere] [Testpattern: Pre-provisioned PV (default fs)] subPath should support readOnly directory specified in the volumeMount" classname="Kubernetes e2e suite" time="0">
          <skipped></skipped>
      </testcase>
      <testcase name="[k8s.io] Container Runtime blackbox test when starting a container that exits should run with the expected status [NodeConformance] [Conformance]" classname="Kubernetes e2e suite" time="40.170212953"></testcase>
      <testcase name="[sig-storage] In-tree Volumes [Driver: azure] [Testpattern: Pre-provisioned PV (default fs)] subPath should fail if subpath directory is outside the volume [Slow]" classname="Kubernetes e2e suite" time="0">
          <skipped></skipped>
      </testcase>
      <testcase name="[k8s.io] Kubelet when scheduling a read only busybox container should not write to root filesystem [NodeConformance] [Conformance]" classname="Kubernetes e2e suite" time="324.532676525">
          <failure type="Failure">/go/src/k8s.io/kubernetes/_output/local/go/src/k8s.io/kubernetes/test/e2e/framework/framework.go:699&#xA;Expected error:&#xA;    &lt;*errors.errorString | 0xc0000c5850&gt;: {&#xA;        s: &#34;timed out waiting for the condition&#34;,&#xA;    }&#xA;    timed out waiting for the condition&#xA;not to have occurred&#xA;/go/src/k8s.io/kubernetes/_output/local/go/src/k8s.io/kubernetes/test/e2e/framework/pods.go:110</failure>
          <system-out>[BeforeEach] [k8s.io] Kubelet&#xA;  /go/src/k8s.io/kubernetes/_output/local/go/src/k8s.io/kubernetes/test/e2e/framework/framework.go:153&#xA;STEP: Creating a kubernetes client&#xA;Feb 13 22:48:16.014: INFO: &gt;&gt;&gt; kubeConfig: /tmp/build/3ab43379/git-kubernetes_publish_conf_test_results-master_master/scripts/azure_kubeconfig.yaml&#xA;STEP: Building a namespace api object, basename kubelet-test&#xA;STEP: Binding the e2e-test-privileged-psp PodSecurityPolicy to the default service account in e2e-tests-kubelet-test-zg562&#xA;STEP: Waiting for a default service account to be provisioned in namespace&#xA;[BeforeEach] [k8s.io] Kubelet&#xA;  /go/src/k8s.io/kubernetes/_output/local/go/src/k8s.io/kubernetes/test/e2e/common/kubelet.go:37&#xA;[It] should not write to root filesystem [NodeConformance] [Conformance]&#xA;  /go/src/k8s.io/kubernetes/_output/local/go/src/k8s.io/kubernetes/test/e2e/framework/framework.go:699&#xA;Feb 13 22:53:17.099: INFO: Unexpected error occurred: timed out waiting for the condition&#xA;[AfterEach] [k8s.io] Kubelet&#xA;  /go/src/k8s.io/kubernetes/_output/local/go/src/k8s.io/kubernetes/test/e2e/framework/framework.go:154&#xA;STEP: Collecting events from namespace &#34;e2e-tests-kubelet-test-zg562&#34;.&#xA;STEP: Found 2 events.&#xA;Feb 13 22:53:17.122: INFO: At 2019-02-13 22:48:17 +0000 UTC - event for busybox-readonly-fs111e4dc4-2fdf-11e9-9de3-466a6591423c: {default-scheduler } Scheduled: Successfully assigned e2e-tests-kubelet-test-zg562/busybox-readonly-fs111e4dc4-2fdf-11e9-9de3-466a6591423c to shoot--it--pub-az-7eoqa-cpu-worker-7f75855789-nrfjx&#xA;Feb 13 22:53:17.122: INFO: At 2019-02-13 22:48:48 +0000 UTC - event for busybox-readonly-fs111e4dc4-2fdf-11e9-9de3-466a6591423c: {kubelet shoot--it--pub-az-7eoqa-cpu-worker-7f75855789-nrfjx} FailedCreatePodSandBox: Failed create pod sandbox: rpc error: code = Unknown desc = failed to set up sandbox container &#34;21832db3106e8af072cf8b786d0f7af5a66d6b04f47b3af1b5e5e9c8ec623a94&#34; network for pod &#34;busybox-readonly-fs111e4dc4-2fdf-11e9-9de3-466a6591423c&#34;: NetworkPlugin cni failed to set up pod &#34;busybox-readonly-fs111e4dc4-2fdf-11e9-9de3-466a6591423c_e2e-tests-kubelet-test-zg562&#34; network: error getting ClusterInformation: Get https://[100.64.0.1]:443/apis/crd.projectcalico.org/v1/clusterinformations/default: dial tcp 100.64.0.1:443: i/o timeout&#xA;Feb 13 22:53:17.168: INFO: POD                                                             NODE                                                 PHASE    GRACE  CONDITIONS&#xA;Feb 13 22:53:17.168: INFO: busybox-readonly-fs111e4dc4-2fdf-11e9-9de3-466a6591423c         shoot--it--pub-az-7eoqa-cpu-worker-7f75855789-nrfjx  Pending         [{Initialized True 0001-01-01 00:00:00 +0000 UTC 2019-02-13 22:48:17 +0000 UTC  } {Ready False 0001-01-01 00:00:00 +0000 UTC 2019-02-13 22:48:17 +0000 UTC ContainersNotReady containers with unready status: [busybox-readonly-fs111e4dc4-2fdf-11e9-9de3-466a6591423c]} {ContainersReady False 0001-01-01 00:00:00 +0000 UTC 2019-02-13 22:48:17 +0000 UTC ContainersNotReady containers with unready status: [busybox-readonly-fs111e4dc4-2fdf-11e9-9de3-466a6591423c]} {PodScheduled True 0001-01-01 00:00:00 +0000 UTC 2019-02-13 22:48:17 +0000 UTC  }]&#xA;Feb 13 22:53:17.168: INFO: addons-kube-lego-69bbdc96b6-6m8wg                               shoot--it--pub-az-7eoqa-cpu-worker-7f75855789-z8sbp  Running         [{Initialized True 0001-01-01 00:00:00 +0000 UTC 2019-02-13 22:04:02 +0000 UTC  } {Ready True 0001-01-01 00:00:00 +0000 UTC 2019-02-13 22:05:06 +0000 UTC  } {ContainersReady True 0001-01-01 00:00:00 +0000 UTC 2019-02-13 22:05:06 +0000 UTC  } {PodScheduled True 0001-01-01 00:00:00 +0000 UTC 2019-02-13 22:04:02 +0000 UTC  }]&#xA;Feb 13 22:53:17.168: INFO: addons-kubernetes-dashboard-6579b646c5-g48vq                    shoot--it--pub-az-7eoqa-cpu-worker-7f75855789-z8sbp  Running         [{Initialized True 0001-01-01 00:00:00 +0000 UTC 2019-02-13 22:04:02 +0000 UTC  } {Ready True 0001-01-01 00:00:00 +0000 UTC 2019-02-13 22:05:02 +0000 UTC  } {ContainersReady True 0001-01-01 00:00:00 +0000 UTC 2019-02-13 22:05:02 +0000 UTC  } {PodScheduled True 0001-01-01 00:00:00 +0000 UTC 2019-02-13 22:04:02 +0000 UTC  }]&#xA;Feb 13 22:53:17.168: INFO: addons-nginx-ingress-controller-d74bfff57-87jx9                 shoot--it--pub-az-7eoqa-cpu-worker-7f75855789-z8sbp  Running         [{Initialized True 0001-01-01 00:00:00 +0000 UTC 2019-02-13 22:04:02 +0000 UTC  } {Ready True 0001-01-01 00:00:00 +0000 UTC 2019-02-13 22:04:58 +0000 UTC  } {ContainersReady True 0001-01-01 00:00:00 +0000 UTC 2019-02-13 22:04:58 +0000 UTC  } {PodScheduled True 0001-01-01 00:00:00 +0000 UTC 2019-02-13 22:04:02 +0000 UTC  }]&#xA;Feb 13 22:53:17.168: INFO: addons-nginx-ingress-nginx-ingress-k8s-backend-74b5975d7-kj5ch  shoot--it--pub-az-7eoqa-cpu-worker-7f75855789-z8sbp  Running         [{Initialized True 0001-01-01 00:00:00 +0000 UTC 2019-02-13 22:04:02 +0000 UTC  } {Ready True 0001-01-01 00:00:00 +0000 UTC 2019-02-13 22:04:17 +0000 UTC  } {ContainersReady True 0001-01-01 00:00:00 +0000 UTC 2019-02-13 22:04:17 +0000 UTC  } {PodScheduled True 0001-01-01 00:00:00 +0000 UTC 2019-02-13 22:04:02 +0000 UTC  }]&#xA;Feb 13 22:53:17.168: INFO: blackbox-exporter-d6c46f9fc-5xt9g                               shoot--it--pub-az-7eoqa-cpu-worker-7f75855789-z8sbp  Running         [{Initialized True 0001-01-01 00:00:00 +0000 UTC 2019-02-13 22:04:02 +0000 UTC  } {Ready True 0001-01-01 00:00:00 +0000 UTC 2019-02-13 22:05:07 +0000 UTC  } {ContainersReady True 0001-01-01 00:00:00 +0000 UTC 2019-02-13 22:05:07 +0000 UTC  } {PodScheduled True 0001-01-01 00:00:00 +0000 UTC 2019-02-13 22:04:02 +0000 UTC  }]&#xA;Feb 13 22:53:17.168: INFO: calico-node-psbns                                               shoot--it--pub-az-7eoqa-cpu-worker-7f75855789-z8sbp  Running         [{Initialized True 0001-01-01 00:00:00 +0000 UTC 2019-02-13 22:03:54 +0000 UTC  } {Ready True 0001-01-01 00:00:00 +0000 UTC 2019-02-13 22:04:06 +0000 UTC  } {ContainersReady True 0001-01-01 00:00:00 +0000 UTC 2019-02-13 22:04:06 +0000 UTC  } {PodScheduled True 0001-01-01 00:00:00 +0000 UTC 2019-02-13 22:03:42 +0000 UTC  }]&#xA;Feb 13 22:53:17.168: INFO: calico-node-skgqz                                               shoot--it--pub-az-7eoqa-cpu-worker-7f75855789-nrfjx  Running         [{Initialized True 0001-01-01 00:00:00 +0000 UTC 2019-02-13 22:04:00 +0000 UTC  } {Ready True 0001-01-01 00:00:00 +0000 UTC 2019-02-13 22:04:12 +0000 UTC  } {ContainersReady True 0001-01-01 00:00:00 +0000 UTC 2019-02-13 22:04:12 +0000 UTC  } {PodScheduled True 0001-01-01 00:00:00 +0000 UTC 2019-02-13 22:03:50 +0000 UTC  }]&#xA;Feb 13 22:53:17.168: INFO: coredns-67df79bbdd-96tpz                                        shoot--it--pub-az-7eoqa-cpu-worker-7f75855789-z8sbp  Running         [{Initialized True 0001-01-01 00:00:00 +0000 UTC 2019-02-13 22:04:02 +0000 UTC  } {Ready True 0001-01-01 00:00:00 +0000 UTC 2019-02-13 22:04:59 +0000 UTC  } {ContainersReady True 0001-01-01 00:00:00 +0000 UTC 2019-02-13 22:04:59 +0000 UTC  } {PodScheduled True 0001-01-01 00:00:00 +0000 UTC 2019-02-13 22:04:02 +0000 UTC  }]&#xA;Feb 13 22:53:17.169: INFO: kube-proxy-6688x                                                shoot--it--pub-az-7eoqa-cpu-worker-7f75855789-z8sbp  Running         [{Initialized True 0001-01-01 00:00:00 +0000 UTC 2019-02-13 22:03:43 +0000 UTC  } {Ready True 0001-01-01 00:00:00 +0000 UTC 2019-02-13 22:03:48 +0000 UTC  } {ContainersReady True 0001-01-01 00:00:00 +0000 UTC 2019-02-13 22:03:48 +0000 UTC  } {PodScheduled True 0001-01-01 00:00:00 +0000 UTC 2019-02-13 22:03:42 +0000 UTC  }]&#xA;Feb 13 22:53:17.169: INFO: kube-proxy-n2tgw                                                shoot--it--pub-az-7eoqa-cpu-worker-7f75855789-nrfjx  Running         [{Initialized True 0001-01-01 00:00:00 +0000 UTC 2019-02-13 22:03:50 +0000 UTC  } {Ready True 0001-01-01 00:00:00 +0000 UTC 2019-02-13 22:03:55 +0000 UTC  } {ContainersReady True 0001-01-01 00:00:00 +0000 UTC 2019-02-13 22:03:55 +0000 UTC  } {PodScheduled True 0001-01-01 00:00:00 +0000 UTC 2019-02-13 22:03:50 +0000 UTC  }]&#xA;Feb 13 22:53:17.169: INFO: metrics-server-65cc55bd79-8kjg8                                 shoot--it--pub-az-7eoqa-cpu-worker-7f75855789-z8sbp  Running         [{Initialized True 0001-01-01 00:00:00 +0000 UTC 2019-02-13 22:04:02 +0000 UTC  } {Ready True 0001-01-01 00:00:00 +0000 UTC 2019-02-13 22:04:21 +0000 UTC  } {ContainersReady True 0001-01-01 00:00:00 +0000 UTC 2019-02-13 22:04:21 +0000 UTC  } {PodScheduled True 0001-01-01 00:00:00 +0000 UTC 2019-02-13 22:04:02 +0000 UTC  }]&#xA;Feb 13 22:53:17.169: INFO: node-exporter-clvlv                                             shoot--it--pub-az-7eoqa-cpu-worker-7f75855789-nrfjx  Running         [{Initialized True 0001-01-01 00:00:00 +0000 UTC 2019-02-13 22:03:50 +0000 UTC  } {Ready True 0001-01-01 00:00:00 +0000 UTC 2019-02-13 22:04:15 +0000 UTC  } {ContainersReady True 0001-01-01 00:00:00 +0000 UTC 2019-02-13 22:04:15 +0000 UTC  } {PodScheduled True 0001-01-01 00:00:00 +0000 UTC 2019-02-13 22:03:50 +0000 UTC  }]&#xA;Feb 13 22:53:17.169: INFO: node-exporter-tmhn5                                             shoot--it--pub-az-7eoqa-cpu-worker-7f75855789-z8sbp  Running         [{Initialized True 0001-01-01 00:00:00 +0000 UTC 2019-02-13 22:03:43 +0000 UTC  } {Ready True 0001-01-01 00:00:00 +0000 UTC 2019-02-13 22:04:07 +0000 UTC  } {ContainersReady True 0001-01-01 00:00:00 +0000 UTC 2019-02-13 22:04:07 +0000 UTC  } {PodScheduled True 0001-01-01 00:00:00 +0000 UTC 2019-02-13 22:03:42 +0000 UTC  }]&#xA;Feb 13 22:53:17.169: INFO: vpn-shoot-c76596df-6nsrb                                        shoot--it--pub-az-7eoqa-cpu-worker-7f75855789-z8sbp  Running         [{Initialized True 0001-01-01 00:00:00 +0000 UTC 2019-02-13 22:04:02 +0000 UTC  } {Ready True 0001-01-01 00:00:00 +0000 UTC 2019-02-13 22:04:19 +0000 UTC  } {ContainersReady True 0001-01-01 00:00:00 +0000 UTC 2019-02-13 22:04:19 +0000 UTC  } {PodScheduled True 0001-01-01 00:00:00 +0000 UTC 2019-02-13 22:04:02 +0000 UTC  }]&#xA;Feb 13 22:53:17.169: INFO: &#xA;Feb 13 22:53:17.190: INFO: &#xA;Logging node info for node shoot--it--pub-az-7eoqa-cpu-worker-7f75855789-nrfjx&#xA;Feb 13 22:53:17.212: INFO: Node Info: &amp;Node{ObjectMeta:k8s_io_apimachinery_pkg_apis_meta_v1.ObjectMeta{Name:shoot--it--pub-az-7eoqa-cpu-worker-7f75855789-nrfjx,GenerateName:,Namespace:,SelfLink:/api/v1/nodes/shoot--it--pub-az-7eoqa-cpu-worker-7f75855789-nrfjx,UID:3e65adb9-2fdb-11e9-9f3f-da917295d151,ResourceVersion:7942,Generation:0,CreationTimestamp:2019-02-13 22:03:50 +0000 UTC,DeletionTimestamp:&lt;nil&gt;,DeletionGracePeriodSeconds:nil,Labels:map[string]string{beta.kubernetes.io/arch: amd64,beta.kubernetes.io/instance-type: Standard_DS2_v2,beta.kubernetes.io/os: linux,failure-domain.beta.kubernetes.io/region: westeurope,failure-domain.beta.kubernetes.io/zone: 1,kubernetes.io/hostname: shoot--it--pub-az-7eoqa-cpu-worker-7f75855789-nrfjx,kubernetes.io/role: node,node-role.kubernetes.io/node: ,worker.garden.sapcloud.io/group: cpu-worker,},Annotations:map[string]string{node.alpha.kubernetes.io/ttl: 0,projectcalico.org/IPv4Address: 10.250.0.5/19,volumes.kubernetes.io/controller-managed-attach-detach: true,},OwnerReferences:[],Finalizers:[],ClusterName:,Initializers:nil,},Spec:NodeSpec{PodCIDR:100.96.1.0/24,DoNotUse_ExternalID:,ProviderID:azure:///subscriptions/00d2caa5-cd29-46f7-845a-2f8ee0360ef5/resourceGroups/shoot--it--pub-az-7eoqa/providers/Microsoft.Compute/virtualMachines/shoot--it--pub-az-7eoqa-cpu-worker-7f75855789-nrfjx,Unschedulable:false,Taints:[],ConfigSource:nil,},Status:NodeStatus{Capacity:ResourceList{attachable-volumes-azure-disk: {{8 0} {&lt;nil&gt;} 8 DecimalSI},cpu: {{2 0} {&lt;nil&gt;} 2 DecimalSI},ephemeral-storage: {{33931702272 0} {&lt;nil&gt;} 33136428Ki BinarySI},hugepages-1Gi: {{0 0} {&lt;nil&gt;} 0 DecimalSI},hugepages-2Mi: {{0 0} {&lt;nil&gt;} 0 DecimalSI},memory: {{7286583296 0} {&lt;nil&gt;} 7115804Ki BinarySI},pods: {{110 0} {&lt;nil&gt;} 110 DecimalSI},},Allocatable:ResourceList{attachable-volumes-azure-disk: {{8 0} {&lt;nil&gt;} 8 DecimalSI},cpu: {{1920 -3} {&lt;nil&gt;} 1920m DecimalSI},ephemeral-storage: {{32235117134 0} {&lt;nil&gt;} 32235117134 DecimalSI},hugepages-1Gi: {{0 0} {&lt;nil&gt;} 0 DecimalSI},hugepages-2Mi: {{0 0} {&lt;nil&gt;} 0 DecimalSI},memory: {{5848512302 0} {&lt;nil&gt;} 5848512302 DecimalSI},pods: {{110 0} {&lt;nil&gt;} 110 DecimalSI},},Phase:,Conditions:[{NetworkUnavailable False 2019-02-13 22:04:14 +0000 UTC 2019-02-13 22:04:14 +0000 UTC RouteCreated RouteController created a route} {MemoryPressure False 2019-02-13 22:53:09 +0000 UTC 2019-02-13 22:03:50 +0000 UTC KubeletHasSufficientMemory kubelet has sufficient memory available} {DiskPressure False 2019-02-13 22:53:09 +0000 UTC 2019-02-13 22:03:50 +0000 UTC KubeletHasNoDiskPressure kubelet has no disk pressure} {PIDPressure False 2019-02-13 22:53:09 +0000 UTC 2019-02-13 22:03:50 +0000 UTC KubeletHasSufficientPID kubelet has sufficient PID available} {Ready True 2019-02-13 22:53:09 +0000 UTC 2019-02-13 22:04:10 +0000 UTC KubeletReady kubelet is posting ready status}],Addresses:[{InternalIP 10.250.0.5} {Hostname shoot--it--pub-az-7eoqa-cpu-worker-7f75855789-nrfjx}],DaemonEndpoints:NodeDaemonEndpoints{KubeletEndpoint:DaemonEndpoint{Port:10250,},},NodeInfo:NodeSystemInfo{MachineID:c6a974bd9e9a471f9985af77c270be63,SystemUUID:485BC509-BC48-AC4D-A484-A78B36A6CFF6,BootID:e730366f-e2e0-4aff-bae0-eb62accbb532,KernelVersion:4.14.96-coreos,OSImage:Container Linux by CoreOS 1967.5.0 (Rhyolite),ContainerRuntimeVersion:docker://18.6.1,KubeletVersion:v1.13.3,KubeProxyVersion:v1.13.3,OperatingSystem:linux,Architecture:amd64,},Images:[{[k8s.gcr.io/hyperkube@sha256:a36f9497dacfac277ca706ef245a04682ec9f5a7afa0ad27036d08e7c108d57b k8s.gcr.io/hyperkube:v1.12.3] 635332234} {[k8s.gcr.io/hyperkube@sha256:388312116707c0420c492accc15ad3ba400911c2c337c8b33049f8d92f9c7bb9 k8s.gcr.io/hyperkube:v1.13.3] 564951434} {[gcr.io/google-samples/gb-frontend@sha256:35cb427341429fac3df10ff74600ea73e8ec0754d78f9ce89e0b4f3d70d53ba6 gcr.io/google-samples/gb-frontend:v6] 373099368} {[gcr.io/google-samples/gb-redisslave@sha256:57730a481f97b3321138161ba2c8c9ca3b32df32ce9180e4029e6940446800ec gcr.io/google-samples/gb-redisslave:v3] 98945667} {[quay.io/calico/node@sha256:264d7de573a956f8914de93fbade66bdc7fd86f22a8f4e9a99ebdbb9e45b66f7 quay.io/calico/node:v3.4.0] 75919845} {[quay.io/calico/cni@sha256:526f0c585f66fc70d79062463d78a324f053c406b69a600fc282c2aaa74c4428 quay.io/calico/cni:v3.4.0] 75434816} {[ruby@sha256:83eebc6b30281ff43dc919cdd361803fb296f74f3d4f1cc42036860a49de9caf ruby:2.5.3-alpine] 50827145} {[quay.io/prometheus/node-exporter@sha256:1b129a3801a0440f9c5b2afb20082dfdb31bf6092b561f5f249531130000cb83 quay.io/prometheus/node-exporter:v0.17.0] 20982005} {[gcr.io/kubernetes-e2e-test-images/hostexec@sha256:90dfe59da029f9e536385037bc64e86cd3d6e55bae613ddbe69e554d79b0639d gcr.io/kubernetes-e2e-test-images/hostexec:1.1] 8490662} {[gcr.io/kubernetes-e2e-test-images/netexec@sha256:203f0e11dde4baf4b08e27de094890eb3447d807c8b3e990b764b799d3a9e8b7 gcr.io/kubernetes-e2e-test-images/netexec:1.1] 6705349} {[gcr.io/kubernetes-e2e-test-images/redis@sha256:af4748d1655c08dc54d4be5182135395db9ce87aba2d4699b26b14ae197c5830 gcr.io/kubernetes-e2e-test-images/redis:1.0] 5905732} {[gcr.io/kubernetes-e2e-test-images/serve-hostname@sha256:bab70473a6d8ef65a22625dc9a1b0f0452e811530fdbe77e4408523460177ff1 gcr.io/kubernetes-e2e-test-images/serve-hostname:1.1] 5851985} {[gcr.io/kubernetes-e2e-test-images/mounttest@sha256:c0bd6f0755f42af09a68c9a47fb993136588a76b3200ec305796b60d629d85d2 gcr.io/kubernetes-e2e-test-images/mounttest:1.0] 1563521} {[busybox@sha256:8ccbac733d19c0dd4d70b4f0c1e12245b5fa3ad24758a11035ee505c629c0796 busybox:1.29] 1154361} {[gcr.io/google_containers/pause-amd64@sha256:59eec8837a4d942cc19a52b8c09ea75121acc38114a2c68b98983ce9356b8610 k8s.gcr.io/pause@sha256:f78411e19d84a252e53bff71a4407a5686c46983a2c2eeed83929b888179acea gcr.io/google_containers/pause-amd64:3.1 k8s.gcr.io/pause:3.1] 742472}],VolumesInUse:[],VolumesAttached:[],Config:nil,},}&#xA;Feb 13 22:53:17.213: INFO: &#xA;Logging kubelet events for node shoot--it--pub-az-7eoqa-cpu-worker-7f75855789-nrfjx&#xA;Feb 13 22:53:17.238: INFO: &#xA;Logging pods the kubelet thinks is on node shoot--it--pub-az-7eoqa-cpu-worker-7f75855789-nrfjx&#xA;Feb 13 22:53:17.272: INFO: calico-node-skgqz started at 2019-02-13 22:03:50 +0000 UTC (1+1 container statuses recorded)&#xA;Feb 13 22:53:17.272: INFO: &#x9;Init container install-cni ready: true, restart count 0&#xA;Feb 13 22:53:17.272: INFO: &#x9;Container calico-node ready: true, restart count 0&#xA;Feb 13 22:53:17.272: INFO: node-exporter-clvlv started at 2019-02-13 22:03:50 +0000 UTC (0+1 container statuses recorded)&#xA;Feb 13 22:53:17.272: INFO: &#x9;Container node-exporter ready: true, restart count 0&#xA;Feb 13 22:53:17.272: INFO: kube-proxy-n2tgw started at 2019-02-13 22:03:50 +0000 UTC (0+1 container statuses recorded)&#xA;Feb 13 22:53:17.272: INFO: &#x9;Container kube-proxy ready: true, restart count 0&#xA;Feb 13 22:53:17.272: INFO: busybox-readonly-fs111e4dc4-2fdf-11e9-9de3-466a6591423c started at 2019-02-13 22:48:17 +0000 UTC (0+1 container statuses recorded)&#xA;Feb 13 22:53:17.272: INFO: &#x9;Container busybox-readonly-fs111e4dc4-2fdf-11e9-9de3-466a6591423c ready: false, restart count 0&#xA;Feb 13 22:53:17.424: INFO: &#xA;Latency metrics for node shoot--it--pub-az-7eoqa-cpu-worker-7f75855789-nrfjx&#xA;Feb 13 22:53:17.424: INFO: {Operation:create Method:pod_worker_latency_microseconds Quantile:0.5 Latency:31.526587s}&#xA;Feb 13 22:53:17.424: INFO: {Operation:create Method:pod_worker_latency_microseconds Quantile:0.9 Latency:31.526587s}&#xA;Feb 13 22:53:17.424: INFO: {Operation:create Method:pod_worker_latency_microseconds Quantile:0.99 Latency:31.526587s}&#xA;Feb 13 22:53:17.424: INFO: &#xA;Logging node info for node shoot--it--pub-az-7eoqa-cpu-worker-7f75855789-z8sbp&#xA;Feb 13 22:53:17.446: INFO: Node Info: &amp;Node{ObjectMeta:k8s_io_apimachinery_pkg_apis_meta_v1.ObjectMeta{Name:shoot--it--pub-az-7eoqa-cpu-worker-7f75855789-z8sbp,GenerateName:,Namespace:,SelfLink:/api/v1/nodes/shoot--it--pub-az-7eoqa-cpu-worker-7f75855789-z8sbp,UID:396631bc-2fdb-11e9-9f3f-da917295d151,ResourceVersion:7950,Generation:0,CreationTimestamp:2019-02-13 22:03:41 +0000 UTC,DeletionTimestamp:&lt;nil&gt;,DeletionGracePeriodSeconds:nil,Labels:map[string]string{beta.kubernetes.io/arch: amd64,beta.kubernetes.io/instance-type: Standard_DS2_v2,beta.kubernetes.io/os: linux,failure-domain.beta.kubernetes.io/region: westeurope,failure-domain.beta.kubernetes.io/zone: 0,kubernetes.io/hostname: shoot--it--pub-az-7eoqa-cpu-worker-7f75855789-z8sbp,kubernetes.io/role: node,node-role.kubernetes.io/node: ,worker.garden.sapcloud.io/group: cpu-worker,},Annotations:map[string]string{node.alpha.kubernetes.io/ttl: 0,projectcalico.org/IPv4Address: 10.250.0.4/19,volumes.kubernetes.io/controller-managed-attach-detach: true,},OwnerReferences:[],Finalizers:[],ClusterName:,Initializers:nil,},Spec:NodeSpec{PodCIDR:100.96.0.0/24,DoNotUse_ExternalID:,ProviderID:azure:///subscriptions/00d2caa5-cd29-46f7-845a-2f8ee0360ef5/resourceGroups/shoot--it--pub-az-7eoqa/providers/Microsoft.Compute/virtualMachines/shoot--it--pub-az-7eoqa-cpu-worker-7f75855789-z8sbp,Unschedulable:false,Taints:[],ConfigSource:nil,},Status:NodeStatus{Capacity:ResourceList{attachable-volumes-azure-disk: {{8 0} {&lt;nil&gt;} 8 DecimalSI},cpu: {{2 0} {&lt;nil&gt;} 2 DecimalSI},ephemeral-storage: {{33931702272 0} {&lt;nil&gt;} 33136428Ki BinarySI},hugepages-1Gi: {{0 0} {&lt;nil&gt;} 0 DecimalSI},hugepages-2Mi: {{0 0} {&lt;nil&gt;} 0 DecimalSI},memory: {{7286583296 0} {&lt;nil&gt;} 7115804Ki BinarySI},pods: {{110 0} {&lt;nil&gt;} 110 DecimalSI},},Allocatable:ResourceList{attachable-volumes-azure-disk: {{8 0} {&lt;nil&gt;} 8 DecimalSI},cpu: {{1920 -3} {&lt;nil&gt;} 1920m DecimalSI},ephemeral-storage: {{32235117134 0} {&lt;nil&gt;} 32235117134 DecimalSI},hugepages-1Gi: {{0 0} {&lt;nil&gt;} 0 DecimalSI},hugepages-2Mi: {{0 0} {&lt;nil&gt;} 0 DecimalSI},memory: {{5848512302 0} {&lt;nil&gt;} 5848512302 DecimalSI},pods: {{110 0} {&lt;nil&gt;} 110 DecimalSI},},Phase:,Conditions:[{NetworkUnavailable False 2019-02-13 22:04:31 +0000 UTC 2019-02-13 22:04:31 +0000 UTC RouteCreated RouteController created a route} {MemoryPressure False 2019-02-13 22:53:13 +0000 UTC 2019-02-13 22:03:41 +0000 UTC KubeletHasSufficientMemory kubelet has sufficient memory available} {DiskPressure False 2019-02-13 22:53:13 +0000 UTC 2019-02-13 22:03:41 +0000 UTC KubeletHasNoDiskPressure kubelet has no disk pressure} {PIDPressure False 2019-02-13 22:53:13 +0000 UTC 2019-02-13 22:03:41 +0000 UTC KubeletHasSufficientPID kubelet has sufficient PID available} {Ready True 2019-02-13 22:53:13 +0000 UTC 2019-02-13 22:04:02 +0000 UTC KubeletReady kubelet is posting ready status}],Addresses:[{InternalIP 10.250.0.4} {Hostname shoot--it--pub-az-7eoqa-cpu-worker-7f75855789-z8sbp}],DaemonEndpoints:NodeDaemonEndpoints{KubeletEndpoint:DaemonEndpoint{Port:10250,},},NodeInfo:NodeSystemInfo{MachineID:6c8c7e4d4c77480683bae4659ecfe2c8,SystemUUID:ACBA3163-164E-654B-A3CA-359ACDA743E9,BootID:6655f8f9-c370-4c96-b50d-24dd05e8cb6f,KernelVersion:4.14.96-coreos,OSImage:Container Linux by CoreOS 1967.5.0 (Rhyolite),ContainerRuntimeVersion:docker://18.6.1,KubeletVersion:v1.13.3,KubeProxyVersion:v1.13.3,OperatingSystem:linux,Architecture:amd64,},Images:[{[k8s.gcr.io/hyperkube@sha256:a36f9497dacfac277ca706ef245a04682ec9f5a7afa0ad27036d08e7c108d57b k8s.gcr.io/hyperkube:v1.12.3] 635332234} {[quay.io/kubernetes-ingress-controller/nginx-ingress-controller@sha256:617076c3e3d4d0638a4927702530d8456bda64c67194f6daed272a59e93b992f quay.io/kubernetes-ingress-controller/nginx-ingress-controller:0.21.0] 568075227} {[k8s.gcr.io/hyperkube@sha256:388312116707c0420c492accc15ad3ba400911c2c337c8b33049f8d92f9c7bb9 k8s.gcr.io/hyperkube:v1.13.3] 564951434} {[gcr.io/google-samples/gb-frontend@sha256:35cb427341429fac3df10ff74600ea73e8ec0754d78f9ce89e0b4f3d70d53ba6 gcr.io/google-samples/gb-frontend:v6] 373099368} {[k8s.gcr.io/kubernetes-dashboard-amd64@sha256:0ae6b69432e78069c5ce2bcde0fe409c5c4d6f0f4d9cd50a17974fea38898747 k8s.gcr.io/kubernetes-dashboard-amd64:v1.10.1] 121711221} {[gcr.io/google-samples/gb-redisslave@sha256:57730a481f97b3321138161ba2c8c9ca3b32df32ce9180e4029e6940446800ec gcr.io/google-samples/gb-redisslave:v3] 98945667} {[quay.io/calico/node@sha256:264d7de573a956f8914de93fbade66bdc7fd86f22a8f4e9a99ebdbb9e45b66f7 quay.io/calico/node:v3.4.0] 75919845} {[quay.io/calico/cni@sha256:526f0c585f66fc70d79062463d78a324f053c406b69a600fc282c2aaa74c4428 quay.io/calico/cni:v3.4.0] 75434816} {[eu.gcr.io/gardener-project/gardener/ingress-default-backend@sha256:17b68928ead12cc9df88ee60d9c638d3fd642a7e122c2bb7586da1a21eb2de45 eu.gcr.io/gardener-project/gardener/ingress-default-backend:0.7.0] 69546830} {[ruby@sha256:83eebc6b30281ff43dc919cdd361803fb296f74f3d4f1cc42036860a49de9caf ruby:2.5.3-alpine] 50827145} {[jetstack/kube-lego@sha256:7824e0c58ee4403364227453dda6c2b0bc88ea6159e521973e5d8b2b7a64851b jetstack/kube-lego:0.1.7] 48639481} {[k8s.gcr.io/metrics-server-amd64@sha256:78938f933822856f443e6827fe5b37d6cc2f74ae888ac8b33d06fdbe5f8c658b k8s.gcr.io/metrics-server-amd64:v0.3.1] 40767713} {[coredns/coredns@sha256:e030773c7fee285435ed7fc7623532ee54c4c1c4911fb24d95cd0170a8a768bc coredns/coredns:1.3.0] 40415528} {[quay.io/prometheus/node-exporter@sha256:1b129a3801a0440f9c5b2afb20082dfdb31bf6092b561f5f249531130000cb83 quay.io/prometheus/node-exporter:v0.17.0] 20982005} {[quay.io/prometheus/blackbox-exporter@sha256:0958c966dca13db9880a55e03221f507a2cf72ccf401b34642bdb0ba739d056f quay.io/prometheus/blackbox-exporter:v0.13.0] 17490231} {[eu.gcr.io/gardener-project/gardener/vpn-shoot@sha256:411918b22b7e3dbfee1838bed73b621777cb28896410e06b53ed4cdaa4aa1c1d eu.gcr.io/gardener-project/gardener/vpn-shoot:0.13.0] 13638102} {[gcr.io/kubernetes-e2e-test-images/netexec@sha256:203f0e11dde4baf4b08e27de094890eb3447d807c8b3e990b764b799d3a9e8b7 gcr.io/kubernetes-e2e-test-images/netexec:1.1] 6705349} {[gcr.io/google_containers/pause-amd64@sha256:59eec8837a4d942cc19a52b8c09ea75121acc38114a2c68b98983ce9356b8610 gcr.io/google_containers/pause-amd64:3.1] 742472}],VolumesInUse:[],VolumesAttached:[],Config:nil,},}&#xA;Feb 13 22:53:17.446: INFO: &#xA;Logging kubelet events for node shoot--it--pub-az-7eoqa-cpu-worker-7f75855789-z8sbp&#xA;Feb 13 22:53:17.472: INFO: &#xA;Logging pods the kubelet thinks is on node shoot--it--pub-az-7eoqa-cpu-worker-7f75855789-z8sbp&#xA;Feb 13 22:53:17.514: INFO: metrics-server-65cc55bd79-8kjg8 started at 2019-02-13 22:04:02 +0000 UTC (0+1 container statuses recorded)&#xA;Feb 13 22:53:17.514: INFO: &#x9;Container metrics-server ready: true, restart count 0&#xA;Feb 13 22:53:17.514: INFO: coredns-67df79bbdd-96tpz started at 2019-02-13 22:04:02 +0000 UTC (0+1 container statuses recorded)&#xA;Feb 13 22:53:17.514: INFO: &#x9;Container coredns ready: true, restart count 0&#xA;Feb 13 22:53:17.514: INFO: addons-kubernetes-dashboard-6579b646c5-g48vq started at 2019-02-13 22:04:02 +0000 UTC (0+1 container statuses recorded)&#xA;Feb 13 22:53:17.514: INFO: &#x9;Container kubernetes-dashboard ready: true, restart count 0&#xA;Feb 13 22:53:17.514: INFO: addons-kube-lego-69bbdc96b6-6m8wg started at 2019-02-13 22:04:02 +0000 UTC (0+1 container statuses recorded)&#xA;Feb 13 22:53:17.514: INFO: &#x9;Container kube-lego ready: true, restart count 0&#xA;Feb 13 22:53:17.514: INFO: vpn-shoot-c76596df-6nsrb started at 2019-02-13 22:04:02 +0000 UTC (0+1 container statuses recorded)&#xA;Feb 13 22:53:17.514: INFO: &#x9;Container vpn-shoot ready: true, restart count 0&#xA;Feb 13 22:53:17.514: INFO: node-exporter-tmhn5 started at 2019-02-13 22:03:43 +0000 UTC (0+1 container statuses recorded)&#xA;Feb 13 22:53:17.514: INFO: &#x9;Container node-exporter ready: true, restart count 0&#xA;Feb 13 22:53:17.514: INFO: addons-nginx-ingress-nginx-ingress-k8s-backend-74b5975d7-kj5ch started at 2019-02-13 22:04:02 +0000 UTC (0+1 container statuses recorded)&#xA;Feb 13 22:53:17.514: INFO: &#x9;Container nginx-ingress-nginx-ingress-k8s-backend ready: true, restart count 0&#xA;Feb 13 22:53:17.514: INFO: addons-nginx-ingress-controller-d74bfff57-87jx9 started at 2019-02-13 22:04:02 +0000 UTC (0+1 container statuses recorded)&#xA;Feb 13 22:53:17.514: INFO: &#x9;Container nginx-ingress-controller ready: true, restart count 0&#xA;Feb 13 22:53:17.514: INFO: blackbox-exporter-d6c46f9fc-5xt9g started at 2019-02-13 22:04:02 +0000 UTC (0+1 container statuses recorded)&#xA;Feb 13 22:53:17.514: INFO: &#x9;Container blackbox-exporter ready: true, restart count 0&#xA;Feb 13 22:53:17.514: INFO: kube-proxy-6688x started at 2019-02-13 22:03:43 +0000 UTC (0+1 container statuses recorded)&#xA;Feb 13 22:53:17.514: INFO: &#x9;Container kube-proxy ready: true, restart count 0&#xA;Feb 13 22:53:17.514: INFO: calico-node-psbns started at 2019-02-13 22:03:43 +0000 UTC (1+1 container statuses recorded)&#xA;Feb 13 22:53:17.514: INFO: &#x9;Init container install-cni ready: true, restart count 0&#xA;Feb 13 22:53:17.514: INFO: &#x9;Container calico-node ready: true, restart count 0&#xA;Feb 13 22:53:17.623: INFO: &#xA;Latency metrics for node shoot--it--pub-az-7eoqa-cpu-worker-7f75855789-z8sbp&#xA;Feb 13 22:53:17.623: INFO: Waiting up to 3m0s for all (but 0) nodes to be ready&#xA;STEP: Destroying namespace &#34;e2e-tests-kubelet-test-zg562&#34; for this suite.&#xA;Feb 13 22:53:39.717: INFO: Waiting up to 30s for server preferred namespaced resources to be successfully discovered&#xA;Feb 13 22:53:40.207: INFO: namespace: e2e-tests-kubelet-test-zg562, resource: bindings, ignored listing per whitelist&#xA;Feb 13 22:53:40.547: INFO: namespace e2e-tests-kubelet-test-zg562 deletion completed in 22.901230874s&#xA;</system-out>
      </testcase>
      <testcase name="[k8s.io] Kubelet when scheduling a read only busybox container should not write to root filesystem [NodeConformance] [Conformance]" classname="Kubernetes e2e suite" time="60.108546688"></testcase>
      <testcase name="[sig-storage] In-tree Volumes [Driver: emptydir] [Testpattern: Inline-volume (default fs)] volumes should allow exec of files on the volume" classname="Kubernetes e2e suite" time="0">
          <skipped></skipped>
      </testcase>
      <testcase name="[sig-storage] Projected secret should be consumable in multiple volumes in a pod [NodeConformance] [Conformance]" classname="Kubernetes e2e suite" time="12.21218444"></testcase>
      <testcase name="[sig-storage] In-tree Volumes [Driver: gcepd] [Testpattern: Dynamic PV (ext3)] volumes should allow exec of files on the volume" classname="Kubernetes e2e suite" time="0">
          <skipped></skipped>
      </testcase>
      <testcase name="[sig-scalability] Density [Feature:ManualPerformance] should allow starting 30 pods per node using ReplicationController with 0 secrets, 0 configmaps, 0 token projections, and 2 daemons" classname="Kubernetes e2e suite" time="0">
          <skipped></skipped>
      </testcase>
      <testcase name="[sig-storage] PersistentVolumes-local  [Volume type: tmpfs] Two pods mounting a local volume at the same time should be able to write from pod1 and read from pod2" classname="Kubernetes e2e suite" time="0">
          <skipped></skipped>
      </testcase>
      <testcase name="[sig-storage] In-tree Volumes [Driver: aws] [Testpattern: Inline-volume (default fs)] subPath should fail if subpath directory is outside the volume [Slow]" classname="Kubernetes e2e suite" time="0">
          <skipped></skipped>
      </testcase>
      <testcase name="[sig-storage] In-tree Volumes [Driver: rbd][Feature:Volumes] [Testpattern: Inline-volume (ext3)] volumes should allow exec of files on the volume" classname="Kubernetes e2e suite" time="0">
          <skipped></skipped>
      </testcase>
      <testcase name="[sig-storage] In-tree Volumes [Driver: hostPathSymlink] [Testpattern: Dynamic PV (default fs)] subPath should support existing directories when readOnly specified in the volumeSource" classname="Kubernetes e2e suite" time="0">
          <skipped></skipped>
      </testcase>
      <testcase name="[sig-storage] Regional PD RegionalPD should provision storage with delayed binding [Slow]" classname="Kubernetes e2e suite" time="0">
          <skipped></skipped>
      </testcase>
      <testcase name="[k8s.io] TTLAfterFinished Job should be deleted once it finishes after TTL seconds [Feature:TTLAfterFinished]" classname="Kubernetes e2e suite" time="0">
          <skipped></skipped>
      </testcase>
      <testcase name="[sig-storage] In-tree Volumes [Driver: hostPathSymlink] [Testpattern: Pre-provisioned PV (default fs)] subPath should fail if subpath directory is outside the volume [Slow]" classname="Kubernetes e2e suite" time="0">
          <skipped></skipped>
      </testcase>
      <testcase name="[sig-api-machinery] CustomResourceConversionWebhook [Feature:CustomResourceWebhookConversion] Should be able to convert from CR v1 to CR v2" classname="Kubernetes e2e suite" time="0">
          <skipped></skipped>
      </testcase>
      <testcase name="[sig-storage] In-tree Volumes [Driver: gcepd] [Testpattern: Inline-volume (xfs)] volumes should be mountable" classname="Kubernetes e2e suite" time="0">
          <skipped></skipped>
      </testcase>
      <testcase name="[k8s.io] [sig-node] Events should be sent by kubelets and the scheduler about pods scheduling and running  [Conformance]" classname="Kubernetes e2e suite" time="54.308182763"></testcase>
      <testcase name="[sig-apps] ReplicaSet should surface a failure condition on a common issue like exceeded quota" classname="Kubernetes e2e suite" time="0">
          <skipped></skipped>
      </testcase>
      <testcase name="[sig-storage] Downward API volume should set mode on item file [NodeConformance] [Conformance]" classname="Kubernetes e2e suite" time="37.083443866"></testcase>
      <testcase name="[sig-network] Loadbalancing: L7 [Slow] Nginx should conform to Ingress spec" classname="Kubernetes e2e suite" time="0">
          <skipped></skipped>
      </testcase>
      <testcase name="[sig-storage] EmptyDir volumes should support (root,0644,tmpfs) [NodeConformance] [Conformance]" classname="Kubernetes e2e suite" time="12.157783554"></testcase>
      <testcase name="[sig-storage] In-tree Volumes [Driver: azure] [Testpattern: Pre-provisioned PV (default fs)] subPath should support non-existent path" classname="Kubernetes e2e suite" time="0">
          <skipped></skipped>
      </testcase>
      <testcase name="[k8s.io] Cluster size autoscaler scalability [Slow] CA ignores unschedulable pods while scheduling schedulable pods [Feature:ClusterAutoscalerScalability6]" classname="Kubernetes e2e suite" time="0">
          <skipped></skipped>
      </testcase>
      <testcase name="[sig-storage] PersistentVolumes-local  [Volume type: blockfswithoutformat] Set fsGroup for local volume should set fsGroup for one pod" classname="Kubernetes e2e suite" time="0">
          <skipped></skipped>
      </testcase>
      <testcase name="[sig-storage] In-tree Volumes [Driver: emptydir] [Testpattern: Pre-provisioned PV (default fs)] subPath should support existing directories when readOnly specified in the volumeSource" classname="Kubernetes e2e suite" time="0">
          <skipped></skipped>
      </testcase>
      <testcase name="[sig-storage] ConfigMap Should fail non-optional pod creation due to configMap object does not exist [Slow]" classname="Kubernetes e2e suite" time="0">
          <skipped></skipped>
      </testcase>
      <testcase name="[sig-network] Services should provide secure master service  [Conformance]" classname="Kubernetes e2e suite" time="8.009015692"></testcase>
      <testcase name="[sig-storage] In-tree Volumes [Driver: nfs] [Testpattern: Inline-volume (default fs)] subPath should fail if subpath with backstepping is outside the volume [Slow]" classname="Kubernetes e2e suite" time="0">
          <skipped></skipped>
      </testcase>
      <testcase name="[sig-storage] In-tree Volumes [Driver: vSphere] [Testpattern: Inline-volume (default fs)] subPath should fail if subpath file is outside the volume [Slow]" classname="Kubernetes e2e suite" time="0">
          <skipped></skipped>
      </testcase>
      <testcase name="[sig-storage] In-tree Volumes [Driver: hostPath] [Testpattern: Pre-provisioned PV (default fs)] subPath should support creating multiple subpath from same volumes [Slow]" classname="Kubernetes e2e suite" time="0">
          <skipped></skipped>
      </testcase>
      <testcase name="[sig-storage] In-tree Volumes [Driver: hostPathSymlink] [Testpattern: Inline-volume (default fs)] subPath should unmount if pod is force deleted while kubelet is down [Disruptive][Slow]" classname="Kubernetes e2e suite" time="0">
          <skipped></skipped>
      </testcase>
      <testcase name="[sig-storage] CSI Volumes [Driver: pd.csi.storage.gke.io][Serial] [Testpattern: Dynamic PV (default fs)] provisioning should provision storage with mount options" classname="Kubernetes e2e suite" time="0">
          <skipped></skipped>
      </testcase>
      <testcase name="[sig-storage] In-tree Volumes [Driver: rbd][Feature:Volumes] [Testpattern: Pre-provisioned PV (default fs)] volumes should be mountable" classname="Kubernetes e2e suite" time="0">
          <skipped></skipped>
      </testcase>
      <testcase name="[sig-storage] In-tree Volumes [Driver: ceph][Feature:Volumes] [Testpattern: Pre-provisioned PV (default fs)] volumeIO should write files of various sizes, verify size, validate content [Slow]" classname="Kubernetes e2e suite" time="0">
          <skipped></skipped>
      </testcase>
      <testcase name="[sig-storage] In-tree Volumes [Driver: vSphere] [Testpattern: Dynamic PV (default fs)] subPath should support readOnly file specified in the volumeMount" classname="Kubernetes e2e suite" time="0">
          <skipped></skipped>
      </testcase>
      <testcase name="[sig-storage] In-tree Volumes [Driver: iscsi][Feature:Volumes] [Testpattern: Pre-provisioned PV (default fs)] subPath should support creating multiple subpath from same volumes [Slow]" classname="Kubernetes e2e suite" time="0">
          <skipped></skipped>
      </testcase>
      <testcase name="[sig-storage] In-tree Volumes [Driver: aws] [Testpattern: Pre-provisioned PV (default fs)] subPath should support restarting containers using directory as subpath [Slow]" classname="Kubernetes e2e suite" time="0">
          <skipped></skipped>
      </testcase>
      <testcase name="[sig-apps] ReplicationController should release no longer matching pods [Conformance]" classname="Kubernetes e2e suite" time="9.353711897"></testcase>
      <testcase name="[sig-storage] In-tree Volumes [Driver: hostPath] [Testpattern: Inline-volume (default fs)] volumes should allow exec of files on the volume" classname="Kubernetes e2e suite" time="0">
          <skipped></skipped>
      </testcase>
      <testcase name="[sig-storage] In-tree Volumes [Driver: ceph][Feature:Volumes] [Testpattern: Inline-volume (default fs)] subPath should fail if non-existent subpath is outside the volume [Slow]" classname="Kubernetes e2e suite" time="0">
          <skipped></skipped>
      </testcase>
      <testcase name="[sig-storage] In-tree Volumes [Driver: nfs] [Testpattern: Pre-provisioned PV (default fs)] subPath should support restarting containers using file as subpath [Slow]" classname="Kubernetes e2e suite" time="0">
          <skipped></skipped>
      </testcase>
      <testcase name="[k8s.io] EquivalenceCache [Serial] validates GeneralPredicates is properly invalidated when a pod is scheduled [Slow]" classname="Kubernetes e2e suite" time="0">
          <skipped></skipped>
      </testcase>
      <testcase name="[sig-storage] In-tree Volumes [Driver: vSphere] [Testpattern: Pre-provisioned PV (default fs)] subPath should be able to unmount after the subpath directory is deleted" classname="Kubernetes e2e suite" time="0">
          <skipped></skipped>
      </testcase>
      <testcase name="[sig-storage] In-tree Volumes [Driver: hostPath] [Testpattern: Dynamic PV (default fs)] subPath should support readOnly file specified in the volumeMount" classname="Kubernetes e2e suite" time="0">
          <skipped></skipped>
      </testcase>
      <testcase name="[sig-storage] PersistentVolumes-local  [Volume type: dir-link] Set fsGroup for local volume should set same fsGroup for two pods simultaneously" classname="Kubernetes e2e suite" time="0">
          <skipped></skipped>
      </testcase>
      <testcase name="[sig-scheduling] Multi-AZ Cluster Volumes [sig-storage] should only be allowed to provision PDs in zones where nodes exist" classname="Kubernetes e2e suite" time="0">
          <skipped></skipped>
      </testcase>
      <testcase name="[sig-storage] In-tree Volumes [Driver: iscsi][Feature:Volumes] [Testpattern: Pre-provisioned PV (default fs)] subPath should support existing directories when readOnly specified in the volumeSource" classname="Kubernetes e2e suite" time="0">
          <skipped></skipped>
      </testcase>
      <testcase name="[sig-storage] CSI Volumes [Driver: pd.csi.storage.gke.io][Feature: gcePD-external] [Testpattern: Dynamic PV (default fs)] subPath should fail if subpath with backstepping is outside the volume [Slow]" classname="Kubernetes e2e suite" time="0">
          <skipped></skipped>
      </testcase>
      <testcase name="[sig-storage] In-tree Volumes [Driver: emptydir] [Testpattern: Dynamic PV (xfs)] volumes should allow exec of files on the volume" classname="Kubernetes e2e suite" time="0">
          <skipped></skipped>
      </testcase>
      <testcase name="[sig-apps] StatefulSet [k8s.io] Basic StatefulSet functionality [StatefulSetBasic] Burst scaling should run to completion even with unhealthy pods [Conformance]" classname="Kubernetes e2e suite" time="379.884504637"></testcase>
      <testcase name="[k8s.io] Probing container should *not* be restarted with a exec &#34;cat /tmp/health&#34; liveness probe [NodeConformance] [Conformance]" classname="Kubernetes e2e suite" time="252.86395677"></testcase>
      <testcase name="[sig-auth] [Feature:NodeAuthorizer] Getting a non-existent configmap should exit with the Forbidden error, not a NotFound error" classname="Kubernetes e2e suite" time="0">
          <skipped></skipped>
      </testcase>
      <testcase name="[sig-autoscaling] Cluster size autoscaling [Slow] Should scale up GPU pool from 0 [GpuType:] [Feature:ClusterSizeAutoscalingGpu]" classname="Kubernetes e2e suite" time="0">
          <skipped></skipped>
      </testcase>
      <testcase name="[sig-storage] In-tree Volumes [Driver: rbd][Feature:Volumes] [Testpattern: Dynamic PV (default fs)] subPath should fail if subpath with backstepping is outside the volume [Slow]" classname="Kubernetes e2e suite" time="0">
          <skipped></skipped>
      </testcase>
      <testcase name="[sig-storage] PersistentVolumes-local  [Volume type: dir-bindmounted] Set fsGroup for local volume should set same fsGroup for two pods simultaneously" classname="Kubernetes e2e suite" time="0">
          <skipped></skipped>
      </testcase>
      <testcase name="[sig-storage] Projected configMap should be consumable from pods in volume with mappings [NodeConformance] [Conformance]" classname="Kubernetes e2e suite" time="12.348954915"></testcase>
      <testcase name="[sig-storage] Projected configMap should be consumable from pods in volume with mappings as non-root [NodeConformance] [Conformance]" classname="Kubernetes e2e suite" time="12.311240148"></testcase>
      <testcase name="[sig-storage] In-tree Volumes [Driver: iscsi][Feature:Volumes] [Testpattern: Inline-volume (ext3)] volumes should allow exec of files on the volume" classname="Kubernetes e2e suite" time="0">
          <skipped></skipped>
      </testcase>
      <testcase name="[sig-storage] CSI Volumes [Driver: csi-hostpath] [Testpattern: Dynamic PV (default fs)] subPath should support restarting containers using file as subpath [Slow]" classname="Kubernetes e2e suite" time="0">
          <skipped></skipped>
      </testcase>
      <testcase name="[sig-storage] In-tree Volumes [Driver: iscsi][Feature:Volumes] [Testpattern: Pre-provisioned PV (filesystem volmode)] volumeMode should create sc, pod, pv, and pvc, read/write to the pv, and delete all created resources" classname="Kubernetes e2e suite" time="0">
          <skipped></skipped>
      </testcase>
      <testcase name="[sig-storage] NFSPersistentVolumes[Disruptive][Flaky] when kubelet restarts Should test that a volume mounted to a pod that is deleted while the kubelet is down unmounts when the kubelet returns." classname="Kubernetes e2e suite" time="0">
          <skipped></skipped>
      </testcase>
      <testcase name="[sig-network] Loadbalancing: L7 GCE [Slow] [Feature:NEG] should conform to Ingress spec" classname="Kubernetes e2e suite" time="0">
          <skipped></skipped>
      </testcase>
      <testcase name="[sig-storage] In-tree Volumes [Driver: gluster] [Testpattern: Dynamic PV (default fs)] subPath should support restarting containers using file as subpath [Slow]" classname="Kubernetes e2e suite" time="0">
          <skipped></skipped>
      </testcase>
      <testcase name="[sig-storage] In-tree Volumes [Driver: vSphere] [Testpattern: Inline-volume (default fs)] volumes should allow exec of files on the volume" classname="Kubernetes e2e suite" time="0">
          <skipped></skipped>
      </testcase>
      <testcase name="[sig-storage] In-tree Volumes [Driver: ceph][Feature:Volumes] [Testpattern: Dynamic PV (default fs)] subPath should support existing directory" classname="Kubernetes e2e suite" time="0">
          <skipped></skipped>
      </testcase>
      <testcase name="[sig-storage] In-tree Volumes [Driver: gcepd] [Testpattern: Inline-volume (default fs)] subPath should fail if subpath directory is outside the volume [Slow]" classname="Kubernetes e2e suite" time="0">
          <skipped></skipped>
      </testcase>
      <testcase name="[sig-apps] Deployment deployment should support rollover [Conformance]" classname="Kubernetes e2e suite" time="32.529194415"></testcase>
      <testcase name="[sig-storage] PersistentVolumes-local  [Volume type: blockfswithoutformat] Two pods mounting a local volume one after the other should be able to write from pod1 and read from pod2" classname="Kubernetes e2e suite" time="0">
          <skipped></skipped>
      </testcase>
      <testcase name="[sig-storage] In-tree Volumes [Driver: nfs] [Testpattern: Dynamic PV (default fs)] provisioning should provision storage with mount options" classname="Kubernetes e2e suite" time="0">
          <skipped></skipped>
      </testcase>
      <testcase name="[sig-storage] In-tree Volumes [Driver: cinder] [Testpattern: Pre-provisioned PV (default fs)] subPath should support file as subpath" classname="Kubernetes e2e suite" time="0">
          <skipped></skipped>
      </testcase>
      <testcase name="[sig-autoscaling] Cluster size autoscaling [Slow] shouldn&#39;t increase cluster size if pending pod is too large [Feature:ClusterSizeAutoscalingScaleUp]" classname="Kubernetes e2e suite" time="0">
          <skipped></skipped>
      </testcase>
      <testcase name="[sig-storage] In-tree Volumes [Driver: gluster] [Testpattern: Dynamic PV (default fs)] subPath should support restarting containers using directory as subpath [Slow]" classname="Kubernetes e2e suite" time="0">
          <skipped></skipped>
      </testcase>
      <testcase name="[sig-storage] In-tree Volumes [Driver: ceph][Feature:Volumes] [Testpattern: Dynamic PV (default fs)] provisioning should provision storage with mount options" classname="Kubernetes e2e suite" time="0">
          <skipped></skipped>
      </testcase>
      <testcase name="[sig-storage] PersistentVolumes-local  Local volume provisioner [Serial] should create and recreate local persistent volume" classname="Kubernetes e2e suite" time="0">
          <skipped></skipped>
      </testcase>
      <testcase name="[sig-storage] In-tree Volumes [Driver: ceph][Feature:Volumes] [Testpattern: Dynamic PV (default fs)] subPath should unmount if pod is gracefully deleted while kubelet is down [Disruptive][Slow]" classname="Kubernetes e2e suite" time="0">
          <skipped></skipped>
      </testcase>
      <testcase name="[sig-storage] PersistentVolumes-local  [Volume type: block] Set fsGroup for local volume should set same fsGroup for two pods simultaneously" classname="Kubernetes e2e suite" time="0">
          <skipped></skipped>
      </testcase>
      <testcase name="[sig-storage] In-tree Volumes [Driver: emptydir] [Testpattern: Dynamic PV (default fs)] provisioning should provision storage with defaults" classname="Kubernetes e2e suite" time="0">
          <skipped></skipped>
      </testcase>
      <testcase name="[sig-storage] In-tree Volumes [Driver: hostPathSymlink] [Testpattern: Pre-provisioned PV (default fs)] subPath should fail if subpath with backstepping is outside the volume [Slow]" classname="Kubernetes e2e suite" time="0">
          <skipped></skipped>
      </testcase>
      <testcase name="[sig-apps] CronJob should not schedule new jobs when ForbidConcurrent [Slow]" classname="Kubernetes e2e suite" time="0">
          <skipped></skipped>
      </testcase>
      <testcase name="[sig-storage] In-tree Volumes [Driver: hostPath] [Testpattern: Pre-provisioned PV (default fs)] subPath should support readOnly file specified in the volumeMount" classname="Kubernetes e2e suite" time="0">
          <skipped></skipped>
      </testcase>
      <testcase name="[sig-storage] In-tree Volumes [Driver: aws] [Testpattern: Pre-provisioned PV (default fs)] subPath should support readOnly file specified in the volumeMount" classname="Kubernetes e2e suite" time="0">
          <skipped></skipped>
      </testcase>
      <testcase name="[sig-storage] Downward API volume should provide node allocatable (cpu) as default cpu limit if the limit is not set [NodeConformance] [Conformance]" classname="Kubernetes e2e suite" time="12.162208967"></testcase>
      <testcase name="[sig-api-machinery] Garbage collector should orphan pods created by rc if delete options say so [Conformance]" classname="Kubernetes e2e suite" time="48.142672379"></testcase>
      <testcase name="[sig-storage] PersistentVolumes-local  [Volume type: dir-bindmounted] Two pods mounting a local volume at the same time should be able to write from pod1 and read from pod2" classname="Kubernetes e2e suite" time="0">
          <skipped></skipped>
      </testcase>
      <testcase name="[sig-storage] In-tree Volumes [Driver: rbd][Feature:Volumes] [Testpattern: Pre-provisioned PV (default fs)] subPath should support file as subpath" classname="Kubernetes e2e suite" time="0">
          <skipped></skipped>
      </testcase>
      <testcase name="[sig-storage] In-tree Volumes [Driver: iscsi][Feature:Volumes] [Testpattern: Dynamic PV (default fs)] subPath should support readOnly file specified in the volumeMount" classname="Kubernetes e2e suite" time="0">
          <skipped></skipped>
      </testcase>
      <testcase name="[sig-storage] In-tree Volumes [Driver: azure] [Testpattern: Dynamic PV (block volmode)] volumeMode should create sc, pod, pv, and pvc, read/write to the pv, and delete all created resources" classname="Kubernetes e2e suite" time="0">
          <skipped></skipped>
      </testcase>
      <testcase name="[sig-apps] Deployment deployment should delete old replica sets [Conformance]" classname="Kubernetes e2e suite" time="16.429498076"></testcase>
      <testcase name="[sig-storage] In-tree Volumes [Driver: azure] [Testpattern: Pre-provisioned PV (default fs)] subPath should fail if non-existent subpath is outside the volume [Slow]" classname="Kubernetes e2e suite" time="0">
          <skipped></skipped>
      </testcase>
      <testcase name="[sig-cluster-lifecycle] Nodes [Disruptive] Resize [Slow] should be able to delete nodes" classname="Kubernetes e2e suite" time="0">
          <skipped></skipped>
      </testcase>
      <testcase name="[sig-storage] In-tree Volumes [Driver: azure] [Testpattern: Dynamic PV (default fs)] subPath should support existing directory" classname="Kubernetes e2e suite" time="0">
          <skipped></skipped>
      </testcase>
      <testcase name="[sig-storage] Projected downwardAPI should provide node allocatable (cpu) as default cpu limit if the limit is not set [NodeConformance] [Conformance]" classname="Kubernetes e2e suite" time="12.251216802"></testcase>
      <testcase name="[sig-storage] CSI Volumes [Driver: pd.csi.storage.gke.io][Feature: gcePD-external] [Testpattern: Dynamic PV (xfs)] volumes should be mountable" classname="Kubernetes e2e suite" time="0">
          <skipped></skipped>
      </testcase>
      <testcase name="[sig-storage] In-tree Volumes [Driver: aws] [Testpattern: Pre-provisioned PV (default fs)] subPath should support existing directory" classname="Kubernetes e2e suite" time="0">
          <skipped></skipped>
      </testcase>
      <testcase name="[sig-storage] CSI Volumes [Driver: pd.csi.storage.gke.io][Serial] [Testpattern: Dynamic PV (default fs)] subPath should support existing directory" classname="Kubernetes e2e suite" time="0">
          <skipped></skipped>
      </testcase>
      <testcase name="[sig-storage] In-tree Volumes [Driver: rbd][Feature:Volumes] [Testpattern: Pre-provisioned PV (default fs)] subPath should support existing directory" classname="Kubernetes e2e suite" time="0">
          <skipped></skipped>
      </testcase>
      <testcase name="[sig-storage] In-tree Volumes [Driver: azure] [Testpattern: Inline-volume (default fs)] subPath should be able to unmount after the subpath directory is deleted" classname="Kubernetes e2e suite" time="0">
          <skipped></skipped>
      </testcase>
      <testcase name="[sig-network] Networking Granular Checks: Services [Slow] should function for client IP based session affinity: http" classname="Kubernetes e2e suite" time="0">
          <skipped></skipped>
      </testcase>
      <testcase name="[sig-storage] CSI Volumes [Driver: csi-hostpath-v0] [Testpattern: Dynamic PV (default fs)] subPath should support readOnly directory specified in the volumeMount" classname="Kubernetes e2e suite" time="0">
          <skipped></skipped>
      </testcase>
      <testcase name="[sig-cli] Kubectl client [k8s.io] Kubectl run job should create a job from an image when restart is OnFailure  [Conformance]" classname="Kubernetes e2e suite" time="9.687507015"></testcase>
      <testcase name="[sig-storage] In-tree Volumes [Driver: iscsi][Feature:Volumes] [Testpattern: Dynamic PV (block volmode)] volumeMode should create sc, pod, pv, and pvc, read/write to the pv, and delete all created resources" classname="Kubernetes e2e suite" time="0">
          <skipped></skipped>
      </testcase>
      <testcase name="[sig-autoscaling] Cluster size autoscaling [Slow] shouldn&#39;t trigger additional scale-ups during processing scale-up [Feature:ClusterSizeAutoscalingScaleUp]" classname="Kubernetes e2e suite" time="0">
          <skipped></skipped>
      </testcase>
      <testcase name="[sig-storage] In-tree Volumes [Driver: emptydir] [Testpattern: Dynamic PV (ext4)] volumes should allow exec of files on the volume" classname="Kubernetes e2e suite" time="0">
          <skipped></skipped>
      </testcase>
      <testcase name="[sig-storage] In-tree Volumes [Driver: emptydir] [Testpattern: Inline-volume (default fs)] subPath should support existing directories when readOnly specified in the volumeSource" classname="Kubernetes e2e suite" time="0">
          <skipped></skipped>
      </testcase>
      <testcase name="[sig-storage] In-tree Volumes [Driver: rbd][Feature:Volumes] [Testpattern: Inline-volume (default fs)] subPath should support existing directory" classname="Kubernetes e2e suite" time="0">
          <skipped></skipped>
      </testcase>
      <testcase name="[sig-apps] DisruptionController evictions: enough pods, replicaSet, percentage =&gt; should allow an eviction" classname="Kubernetes e2e suite" time="0">
          <skipped></skipped>
      </testcase>
      <testcase name="[sig-storage] In-tree Volumes [Driver: cinder] [Testpattern: Inline-volume (default fs)] subPath should fail if non-existent subpath is outside the volume [Slow]" classname="Kubernetes e2e suite" time="0">
          <skipped></skipped>
      </testcase>
      <testcase name="[sig-network] Loadbalancing: L7 GCE [Slow] [Feature:NEG] rolling update backend pods should not cause service disruption" classname="Kubernetes e2e suite" time="0">
          <skipped></skipped>
      </testcase>
      <testcase name="[k8s.io] GKE local SSD [Feature:GKELocalSSD] should write and read from node local SSD [Feature:GKELocalSSD]" classname="Kubernetes e2e suite" time="0">
          <skipped></skipped>
      </testcase>
      <testcase name="[sig-storage] In-tree Volumes [Driver: aws] [Testpattern: Pre-provisioned PV (xfs)] volumes should allow exec of files on the volume" classname="Kubernetes e2e suite" time="0">
          <skipped></skipped>
      </testcase>
      <testcase name="[sig-storage] In-tree Volumes [Driver: aws] [Testpattern: Pre-provisioned PV (default fs)] subPath should support readOnly directory specified in the volumeMount" classname="Kubernetes e2e suite" time="0">
          <skipped></skipped>
      </testcase>
      <testcase name="[sig-storage] In-tree Volumes [Driver: iscsi][Feature:Volumes] [Testpattern: Dynamic PV (default fs)] subPath should unmount if pod is gracefully deleted while kubelet is down [Disruptive][Slow]" classname="Kubernetes e2e suite" time="0">
          <skipped></skipped>
      </testcase>
      <testcase name="[sig-storage] PersistentVolumes-local  [Volume type: dir-bindmounted] Set fsGroup for local volume should not set different fsGroups for two pods simultaneously" classname="Kubernetes e2e suite" time="0">
          <skipped></skipped>
      </testcase>
      <testcase name="[sig-scalability] Density [Feature:ManualPerformance] should allow starting 30 pods per node using Deployment.extensions with 0 secrets, 0 configmaps, 2 token projections, and 0 daemons" classname="Kubernetes e2e suite" time="0">
          <skipped></skipped>
      </testcase>
      <testcase name="[sig-storage] In-tree Volumes [Driver: hostPath] [Testpattern: Dynamic PV (default fs)] subPath should support readOnly directory specified in the volumeMount" classname="Kubernetes e2e suite" time="0">
          <skipped></skipped>
      </testcase>
      <testcase name="[sig-network] Firewall rule should have correct firewall rules for e2e cluster" classname="Kubernetes e2e suite" time="0">
          <skipped></skipped>
      </testcase>
      <testcase name="[sig-storage] In-tree Volumes [Driver: rbd][Feature:Volumes] [Testpattern: Dynamic PV (default fs)] subPath should be able to unmount after the subpath directory is deleted" classname="Kubernetes e2e suite" time="0">
          <skipped></skipped>
      </testcase>
      <testcase name="[sig-api-machinery] Servers with support for API chunking should return chunks of results for list calls" classname="Kubernetes e2e suite" time="0">
          <skipped></skipped>
      </testcase>
      <testcase name="[sig-storage] In-tree Volumes [Driver: nfs] [Testpattern: Dynamic PV (default fs)] subPath should fail if non-existent subpath is outside the volume [Slow]" classname="Kubernetes e2e suite" time="0">
          <skipped></skipped>
      </testcase>
      <testcase name="[sig-storage] In-tree Volumes [Driver: azure] [Testpattern: Dynamic PV (default fs)] provisioning should provision storage with mount options" classname="Kubernetes e2e suite" time="0">
          <skipped></skipped>
      </testcase>
      <testcase name="[sig-storage] In-tree Volumes [Driver: emptydir] [Testpattern: Dynamic PV (default fs)] subPath should support file as subpath" classname="Kubernetes e2e suite" time="0">
          <skipped></skipped>
      </testcase>
      <testcase name="[sig-storage] PersistentVolumes-local  [Volume type: tmpfs] Two pods mounting a local volume one after the other should be able to write from pod1 and read from pod2" classname="Kubernetes e2e suite" time="0">
          <skipped></skipped>
      </testcase>
      <testcase name="[sig-storage] In-tree Volumes [Driver: aws] [Testpattern: Dynamic PV (xfs)] volumes should be mountable" classname="Kubernetes e2e suite" time="0">
          <skipped></skipped>
      </testcase>
      <testcase name="[sig-storage] In-tree Volumes [Driver: nfs] [Testpattern: Inline-volume (ext4)] volumes should allow exec of files on the volume" classname="Kubernetes e2e suite" time="0">
          <skipped></skipped>
      </testcase>
      <testcase name="[sig-instrumentation] MetricsGrabber should grab all metrics from a Scheduler." classname="Kubernetes e2e suite" time="0">
          <skipped></skipped>
      </testcase>
      <testcase name="[sig-storage] In-tree Volumes [Driver: rbd][Feature:Volumes] [Testpattern: Dynamic PV (default fs)] subPath should fail if subpath file is outside the volume [Slow]" classname="Kubernetes e2e suite" time="0">
          <skipped></skipped>
      </testcase>
      <testcase name="[sig-storage] In-tree Volumes [Driver: nfs] [Testpattern: Pre-provisioned PV (ext3)] volumes should allow exec of files on the volume" classname="Kubernetes e2e suite" time="0">
          <skipped></skipped>
      </testcase>
      <testcase name="[sig-scheduling] ResourceQuota should create a ResourceQuota and capture the life of a persistent volume claim. [sig-storage]" classname="Kubernetes e2e suite" time="0">
          <skipped></skipped>
      </testcase>
      <testcase name="[sig-storage] In-tree Volumes [Driver: cinder] [Testpattern: Dynamic PV (default fs)] subPath should fail if subpath with backstepping is outside the volume [Slow]" classname="Kubernetes e2e suite" time="0">
          <skipped></skipped>
      </testcase>
      <testcase name="[sig-storage] In-tree Volumes [Driver: azure] [Testpattern: Dynamic PV (default fs)] subPath should support existing directories when readOnly specified in the volumeSource" classname="Kubernetes e2e suite" time="0">
          <skipped></skipped>
      </testcase>
      <testcase name="[sig-storage] CSI Volumes [Driver: pd.csi.storage.gke.io][Serial] [Testpattern: Dynamic PV (default fs)] subPath should support file as subpath" classname="Kubernetes e2e suite" time="0">
          <skipped></skipped>
      </testcase>
      <testcase name="[sig-storage] In-tree Volumes [Driver: vSphere] [Testpattern: Dynamic PV (default fs)] volumes should allow exec of files on the volume" classname="Kubernetes e2e suite" time="0">
          <skipped></skipped>
      </testcase>
      <testcase name="[sig-api-machinery] Initializers [Feature:Initializers] don&#39;t cause replicaset controller creating extra pods if the initializer is not handled [Serial]" classname="Kubernetes e2e suite" time="0">
          <skipped></skipped>
      </testcase>
      <testcase name="[sig-storage] In-tree Volumes [Driver: rbd][Feature:Volumes] [Testpattern: Pre-provisioned PV (default fs)] subPath should fail if subpath file is outside the volume [Slow]" classname="Kubernetes e2e suite" time="0">
          <skipped></skipped>
      </testcase>
      <testcase name="[sig-storage] Dynamic Provisioning Invalid AWS KMS key should report an error and create no PV" classname="Kubernetes e2e suite" time="0">
          <skipped></skipped>
      </testcase>
      <testcase name="[sig-network] Services should have session affinity work for LoadBalancer service with ESIPP on [Slow] [DisabledForLargeClusters]" classname="Kubernetes e2e suite" time="0">
          <skipped></skipped>
      </testcase>
      <testcase name="[k8s.io] Container Runtime blackbox test when starting a container that exits should report termination message if TerminationMessagePath is set as non-root user and at a non-default path [NodeConformance]" classname="Kubernetes e2e suite" time="0">
          <skipped></skipped>
      </testcase>
      <testcase name="[sig-storage] In-tree Volumes [Driver: gcepd] [Testpattern: Pre-provisioned PV (xfs)] volumes should be mountable" classname="Kubernetes e2e suite" time="0">
          <skipped></skipped>
      </testcase>
      <testcase name="[sig-storage] In-tree Volumes [Driver: aws] [Testpattern: Inline-volume (default fs)] subPath should support file as subpath" classname="Kubernetes e2e suite" time="0">
          <skipped></skipped>
      </testcase>
      <testcase name="[sig-storage] In-tree Volumes [Driver: emptydir] [Testpattern: Dynamic PV (default fs)] volumes should be mountable" classname="Kubernetes e2e suite" time="0">
          <skipped></skipped>
      </testcase>
      <testcase name="[sig-storage] Downward API volume should provide container&#39;s memory limit [NodeConformance] [Conformance]" classname="Kubernetes e2e suite" time="12.214762374"></testcase>
      <testcase name="[sig-storage] In-tree Volumes [Driver: ceph][Feature:Volumes] [Testpattern: Dynamic PV (default fs)] subPath should support restarting containers using file as subpath [Slow]" classname="Kubernetes e2e suite" time="0">
          <skipped></skipped>
      </testcase>
      <testcase name="[sig-storage] In-tree Volumes [Driver: emptydir] [Testpattern: Inline-volume (default fs)] subPath should be able to unmount after the subpath directory is deleted" classname="Kubernetes e2e suite" time="0">
          <skipped></skipped>
      </testcase>
      <testcase name="[sig-storage] In-tree Volumes [Driver: aws] [Testpattern: Pre-provisioned PV (ext4)] volumes should allow exec of files on the volume" classname="Kubernetes e2e suite" time="0">
          <skipped></skipped>
      </testcase>
      <testcase name="[sig-storage] In-tree Volumes [Driver: gluster] [Testpattern: Dynamic PV (default fs)] subPath should support non-existent path" classname="Kubernetes e2e suite" time="0">
          <skipped></skipped>
      </testcase>
      <testcase name="[sig-scalability] Density [Feature:ManualPerformance] should allow starting 30 pods per node using Job.batch with 0 secrets, 0 configmaps, 0 token projections, and 0 daemons" classname="Kubernetes e2e suite" time="0">
          <skipped></skipped>
      </testcase>
      <testcase name="[sig-network] Services should be able to switch session affinity for service with type clusterIP" classname="Kubernetes e2e suite" time="0">
          <skipped></skipped>
      </testcase>
      <testcase name="[sig-storage] In-tree Volumes [Driver: rbd][Feature:Volumes] [Testpattern: Dynamic PV (filesystem volmode)] volumeMode should create sc, pod, pv, and pvc, read/write to the pv, and delete all created resources" classname="Kubernetes e2e suite" time="0">
          <skipped></skipped>
      </testcase>
      <testcase name="[sig-autoscaling] Cluster size autoscaling [Slow] Should scale down GPU pool from 1 [GpuType:] [Feature:ClusterSizeAutoscalingGpu]" classname="Kubernetes e2e suite" time="0">
          <skipped></skipped>
      </testcase>
      <testcase name="[sig-storage] In-tree Volumes [Driver: hostPathSymlink] [Testpattern: Dynamic PV (default fs)] subPath should support existing single file" classname="Kubernetes e2e suite" time="0">
          <skipped></skipped>
      </testcase>
      <testcase name="[sig-storage] PersistentVolumes NFS with Single PV - PVC pairs should create a non-pre-bound PV and PVC: test write access " classname="Kubernetes e2e suite" time="0">
          <skipped></skipped>
      </testcase>
      <testcase name="[sig-storage] CSI Volumes [Driver: pd.csi.storage.gke.io][Feature: gcePD-external] [Testpattern: Dynamic PV (default fs)] provisioning should provision storage with mount options" classname="Kubernetes e2e suite" time="0">
          <skipped></skipped>
      </testcase>
      <testcase name="[sig-cli] Kubectl client [k8s.io] Simple pod should support port-forward" classname="Kubernetes e2e suite" time="0">
          <skipped></skipped>
      </testcase>
      <testcase name="[k8s.io] Pods should be updated [NodeConformance] [Conformance]" classname="Kubernetes e2e suite" time="28.751996993"></testcase>
      <testcase name="[sig-storage] In-tree Volumes [Driver: nfs] [Testpattern: Inline-volume (default fs)] subPath should support restarting containers using file as subpath [Slow]" classname="Kubernetes e2e suite" time="0">
          <skipped></skipped>
      </testcase>
      <testcase name="[sig-storage] In-tree Volumes [Driver: ceph][Feature:Volumes] [Testpattern: Pre-provisioned PV (default fs)] subPath should support restarting containers using file as subpath [Slow]" classname="Kubernetes e2e suite" time="0">
          <skipped></skipped>
      </testcase>
      <testcase name="[sig-storage] In-tree Volumes [Driver: vSphere] [Testpattern: Inline-volume (xfs)] volumes should be mountable" classname="Kubernetes e2e suite" time="0">
          <skipped></skipped>
      </testcase>
      <testcase name="[sig-storage] Volume FStype [Feature:vsphere] verify fstype - ext3 formatted volume" classname="Kubernetes e2e suite" time="0">
          <skipped></skipped>
      </testcase>
      <testcase name="[sig-storage] In-tree Volumes [Driver: hostPathSymlink] [Testpattern: Dynamic PV (ext4)] volumes should be mountable" classname="Kubernetes e2e suite" time="0">
          <skipped></skipped>
      </testcase>
      <testcase name="[sig-storage] In-tree Volumes [Driver: cinder] [Testpattern: Pre-provisioned PV (default fs)] subPath should support non-existent path" classname="Kubernetes e2e suite" time="0">
          <skipped></skipped>
      </testcase>
      <testcase name="[sig-api-machinery] Garbage collector should delete jobs and pods created by cronjob" classname="Kubernetes e2e suite" time="0">
          <skipped></skipped>
      </testcase>
      <testcase name="[sig-network] Networking Granular Checks: Services [Slow] should update endpoints: http" classname="Kubernetes e2e suite" time="0">
          <skipped></skipped>
      </testcase>
      <testcase name="[sig-storage] In-tree Volumes [Driver: cinder] [Testpattern: Inline-volume (default fs)] volumes should allow exec of files on the volume" classname="Kubernetes e2e suite" time="0">
          <skipped></skipped>
      </testcase>
      <testcase name="[sig-apps] StatefulSet [k8s.io] Deploy clustered applications [Feature:StatefulSet] [Slow] should creating a working zookeeper cluster" classname="Kubernetes e2e suite" time="0">
          <skipped></skipped>
      </testcase>
      <testcase name="[sig-storage] In-tree Volumes [Driver: ceph][Feature:Volumes] [Testpattern: Pre-provisioned PV (xfs)] volumes should allow exec of files on the volume" classname="Kubernetes e2e suite" time="0">
          <skipped></skipped>
      </testcase>
      <testcase name="[sig-storage] In-tree Volumes [Driver: rbd][Feature:Volumes] [Testpattern: Dynamic PV (default fs)] provisioning should provision storage with mount options" classname="Kubernetes e2e suite" time="0">
          <skipped></skipped>
      </testcase>
      <testcase name="[sig-storage] In-tree Volumes [Driver: aws] [Testpattern: Dynamic PV (default fs)] subPath should support existing single file" classname="Kubernetes e2e suite" time="0">
          <skipped></skipped>
      </testcase>
      <testcase name="[sig-storage] In-tree Volumes [Driver: nfs] [Testpattern: Dynamic PV (default fs)] subPath should fail if subpath with backstepping is outside the volume [Slow]" classname="Kubernetes e2e suite" time="0">
          <skipped></skipped>
      </testcase>
      <testcase name="[sig-storage] In-tree Volumes [Driver: nfs] [Testpattern: Pre-provisioned PV (default fs)] subPath should be able to unmount after the subpath directory is deleted" classname="Kubernetes e2e suite" time="0">
          <skipped></skipped>
      </testcase>
      <testcase name="[sig-storage] In-tree Volumes [Driver: emptydir] [Testpattern: Pre-provisioned PV (default fs)] subPath should support readOnly directory specified in the volumeMount" classname="Kubernetes e2e suite" time="0">
          <skipped></skipped>
      </testcase>
      <testcase name="[sig-api-machinery] Garbage collector should support orphan deletion of custom resources" classname="Kubernetes e2e suite" time="0">
          <skipped></skipped>
      </testcase>
      <testcase name="[sig-instrumentation] [Feature:PrometheusMonitoring] Prometheus should scrape container metrics from all nodes." classname="Kubernetes e2e suite" time="0">
          <skipped></skipped>
      </testcase>
      <testcase name="[sig-storage] PersistentVolumes-local  [Volume type: tmpfs] Set fsGroup for local volume should set different fsGroup for second pod if first pod is deleted" classname="Kubernetes e2e suite" time="0">
          <skipped></skipped>
      </testcase>
      <testcase name="[sig-storage] ConfigMap should be consumable in multiple volumes in the same pod [NodeConformance] [Conformance]" classname="Kubernetes e2e suite" time="12.244957157"></testcase>
      <testcase name="[sig-storage] In-tree Volumes [Driver: cinder] [Testpattern: Inline-volume (default fs)] subPath should support existing directories when readOnly specified in the volumeSource" classname="Kubernetes e2e suite" time="0">
          <skipped></skipped>
      </testcase>
      <testcase name="[sig-storage] In-tree Volumes [Driver: azure] [Testpattern: Pre-provisioned PV (default fs)] subPath should support readOnly file specified in the volumeMount" classname="Kubernetes e2e suite" time="0">
          <skipped></skipped>
      </testcase>
      <testcase name="[sig-storage] In-tree Volumes [Driver: azure] [Testpattern: Inline-volume (default fs)] subPath should support readOnly directory specified in the volumeMount" classname="Kubernetes e2e suite" time="0">
          <skipped></skipped>
      </testcase>
      <testcase name="[sig-storage] In-tree Volumes [Driver: cinder] [Testpattern: Inline-volume (default fs)] subPath should support non-existent path" classname="Kubernetes e2e suite" time="0">
          <skipped></skipped>
      </testcase>
      <testcase name="[sig-cluster-lifecycle] Reboot [Disruptive] [Feature:Reboot] each node by ordering unclean reboot and ensure they function upon restart" classname="Kubernetes e2e suite" time="0">
          <skipped></skipped>
      </testcase>
      <testcase name="[sig-storage] In-tree Volumes [Driver: nfs] [Testpattern: Inline-volume (default fs)] subPath should be able to unmount after the subpath directory is deleted" classname="Kubernetes e2e suite" time="0">
          <skipped></skipped>
      </testcase>
      <testcase name="[sig-storage] In-tree Volumes [Driver: rbd][Feature:Volumes] [Testpattern: Dynamic PV (default fs)] subPath should support restarting containers using directory as subpath [Slow]" classname="Kubernetes e2e suite" time="0">
          <skipped></skipped>
      </testcase>
      <testcase name="[sig-network] Loadbalancing: L7 GCE [Slow] [Feature:Ingress] should create ingress with given static-ip" classname="Kubernetes e2e suite" time="0">
          <skipped></skipped>
      </testcase>
      <testcase name="[sig-scalability] Density [Feature:ManualPerformance] should allow starting 100 pods per node using ReplicationController with 0 secrets, 0 configmaps, 0 token projections, and 0 daemons" classname="Kubernetes e2e suite" time="0">
          <skipped></skipped>
      </testcase>
      <testcase name="[sig-storage] In-tree Volumes [Driver: aws] [Testpattern: Inline-volume (xfs)] volumes should be mountable" classname="Kubernetes e2e suite" time="0">
          <skipped></skipped>
      </testcase>
      <testcase name="[sig-storage] In-tree Volumes [Driver: gcepd] [Testpattern: Pre-provisioned PV (default fs)] volumes should be mountable" classname="Kubernetes e2e suite" time="0">
          <skipped></skipped>
      </testcase>
      <testcase name="[sig-storage] In-tree Volumes [Driver: ceph][Feature:Volumes] [Testpattern: Dynamic PV (default fs)] subPath should support file as subpath" classname="Kubernetes e2e suite" time="0">
          <skipped></skipped>
      </testcase>
      <testcase name="[sig-storage] In-tree Volumes [Driver: emptydir] [Testpattern: Dynamic PV (default fs)] subPath should fail if subpath with backstepping is outside the volume [Slow]" classname="Kubernetes e2e suite" time="0">
          <skipped></skipped>
      </testcase>
      <testcase name="[sig-storage] In-tree Volumes [Driver: hostPath] [Testpattern: Inline-volume (default fs)] subPath should unmount if pod is gracefully deleted while kubelet is down [Disruptive][Slow]" classname="Kubernetes e2e suite" time="0">
          <skipped></skipped>
      </testcase>
      <testcase name="[sig-storage] In-tree Volumes [Driver: gcepd] [Testpattern: Dynamic PV (default fs)] subPath should support readOnly directory specified in the volumeMount" classname="Kubernetes e2e suite" time="0">
          <skipped></skipped>
      </testcase>
      <testcase name="[sig-storage] In-tree Volumes [Driver: emptydir] [Testpattern: Pre-provisioned PV (filesystem volmode)] volumeMode should create sc, pod, pv, and pvc, read/write to the pv, and delete all created resources" classname="Kubernetes e2e suite" time="0">
          <skipped></skipped>
      </testcase>
      <testcase name="[sig-storage] EmptyDir volumes should support (non-root,0666,default) [NodeConformance] [Conformance]" classname="Kubernetes e2e suite" time="14.2802092"></testcase>
      <testcase name="[k8s.io] [sig-node] Security Context [Feature:SecurityContext] should support container.SecurityContext.RunAsUser" classname="Kubernetes e2e suite" time="0">
          <skipped></skipped>
      </testcase>
      <testcase name="[sig-network] NetworkPolicy NetworkPolicy between server and client should enforce multiple, stacked policies with overlapping podSelectors [Feature:NetworkPolicy]" classname="Kubernetes e2e suite" time="0">
          <skipped></skipped>
      </testcase>
      <testcase name="[sig-cli] Kubectl client [k8s.io] Kubectl copy should copy a file from a running Pod" classname="Kubernetes e2e suite" time="0">
          <skipped></skipped>
      </testcase>
      <testcase name="[sig-storage] CSI Volumes [Driver: csi-hostpath] [Testpattern: Dynamic PV (default fs)] subPath should support readOnly file specified in the volumeMount" classname="Kubernetes e2e suite" time="0">
          <skipped></skipped>
      </testcase>
      <testcase name="[sig-scalability] Load capacity [Feature:ManualPerformance] should be able to handle 30 pods per node Job.batch with 0 secrets, 0 configmaps and 0 daemons" classname="Kubernetes e2e suite" time="0">
          <skipped></skipped>
      </testcase>
      <testcase name="[sig-network] ClusterDns [Feature:Example] should create pod that uses dns" classname="Kubernetes e2e suite" time="0">
          <skipped></skipped>
      </testcase>
      <testcase name="[sig-storage] In-tree Volumes [Driver: rbd][Feature:Volumes] [Testpattern: Dynamic PV (default fs)] provisioning should create and delete block persistent volumes" classname="Kubernetes e2e suite" time="0">
          <skipped></skipped>
      </testcase>
      <testcase name="[sig-storage] In-tree Volumes [Driver: vSphere] [Testpattern: Pre-provisioned PV (ext4)] volumes should allow exec of files on the volume" classname="Kubernetes e2e suite" time="0">
          <skipped></skipped>
      </testcase>
      <testcase name="[k8s.io] Probing container should *not* be restarted with a /healthz http liveness probe [NodeConformance] [Conformance]" classname="Kubernetes e2e suite" time="254.0528414"></testcase>
      <testcase name="[k8s.io] [sig-node] Security Context [Feature:SecurityContext] should support container.SecurityContext.RunAsUser And container.SecurityContext.RunAsGroup [Feature:RunAsGroup]" classname="Kubernetes e2e suite" time="0">
          <skipped></skipped>
      </testcase>
      <testcase name="[sig-storage] In-tree Volumes [Driver: hostPath] [Testpattern: Inline-volume (ext3)] volumes should allow exec of files on the volume" classname="Kubernetes e2e suite" time="0">
          <skipped></skipped>
      </testcase>
      <testcase name="[sig-storage] In-tree Volumes [Driver: gluster] [Testpattern: Pre-provisioned PV (ext4)] volumes should allow exec of files on the volume" classname="Kubernetes e2e suite" time="0">
          <skipped></skipped>
      </testcase>
      <testcase name="[sig-storage] In-tree Volumes [Driver: ceph][Feature:Volumes] [Testpattern: Dynamic PV (ext4)] volumes should allow exec of files on the volume" classname="Kubernetes e2e suite" time="0">
          <skipped></skipped>
      </testcase>
      <testcase name="[sig-storage] EmptyDir wrapper volumes should not conflict [Conformance]" classname="Kubernetes e2e suite" time="14.094038772"></testcase>
      <testcase name="[sig-storage] In-tree Volumes [Driver: vSphere] [Testpattern: Inline-volume (ext4)] volumes should be mountable" classname="Kubernetes e2e suite" time="0">
          <skipped></skipped>
      </testcase>
      <testcase name="[sig-storage] In-tree Volumes [Driver: gcepd] [Testpattern: Pre-provisioned PV (default fs)] subPath should fail if subpath file is outside the volume [Slow]" classname="Kubernetes e2e suite" time="0">
          <skipped></skipped>
      </testcase>
      <testcase name="[sig-cluster-lifecycle] [Feature:NodeLease][NodeAlphaFeature:NodeLease][Disruptive] NodeLease deletion node lease should be deleted when corresponding node is deleted" classname="Kubernetes e2e suite" time="0">
          <skipped></skipped>
      </testcase>
      <testcase name="[sig-storage] In-tree Volumes [Driver: vSphere] [Testpattern: Pre-provisioned PV (filesystem volmode)] volumeMode should create sc, pod, pv, and pvc, read/write to the pv, and delete all created resources" classname="Kubernetes e2e suite" time="0">
          <skipped></skipped>
      </testcase>
      <testcase name="[sig-storage] In-tree Volumes [Driver: aws] [Testpattern: Inline-volume (default fs)] subPath should support readOnly directory specified in the volumeMount" classname="Kubernetes e2e suite" time="0">
          <skipped></skipped>
      </testcase>
      <testcase name="[sig-storage] In-tree Volumes [Driver: hostPathSymlink] [Testpattern: Dynamic PV (default fs)] subPath should support file as subpath" classname="Kubernetes e2e suite" time="0">
          <skipped></skipped>
      </testcase>
      <testcase name="[sig-storage] In-tree Volumes [Driver: hostPath] [Testpattern: Pre-provisioned PV (default fs)] subPath should fail if subpath directory is outside the volume [Slow]" classname="Kubernetes e2e suite" time="0">
          <skipped></skipped>
      </testcase>
      <testcase name="[sig-storage] PVC Protection Verify &#34;immediate&#34; deletion of a PVC that is not in active use by a pod" classname="Kubernetes e2e suite" time="0">
          <skipped></skipped>
      </testcase>
      <testcase name="[sig-storage] In-tree Volumes [Driver: iscsi][Feature:Volumes] [Testpattern: Dynamic PV (default fs)] subPath should support restarting containers using file as subpath [Slow]" classname="Kubernetes e2e suite" time="0">
          <skipped></skipped>
      </testcase>
      <testcase name="[sig-storage] In-tree Volumes [Driver: iscsi][Feature:Volumes] [Testpattern: Inline-volume (default fs)] subPath should support existing directories when readOnly specified in the volumeSource" classname="Kubernetes e2e suite" time="0">
          <skipped></skipped>
      </testcase>
      <testcase name="[sig-auth] Certificates API should support building a client with a CSR" classname="Kubernetes e2e suite" time="0">
          <skipped></skipped>
      </testcase>
      <testcase name="[sig-storage] In-tree Volumes [Driver: aws] [Testpattern: Dynamic PV (ext3)] volumes should be mountable" classname="Kubernetes e2e suite" time="0">
          <skipped></skipped>
      </testcase>
      <testcase name="[sig-storage] In-tree Volumes [Driver: gcepd] [Testpattern: Pre-provisioned PV (filesystem volmode)] volumeMode should create sc, pod, pv, and pvc, read/write to the pv, and delete all created resources" classname="Kubernetes e2e suite" time="0">
          <skipped></skipped>
      </testcase>
      <testcase name="[sig-storage] PersistentVolumes-local  [Volume type: dir-link] One pod requesting one prebound PVC should be able to mount volume and read from pod1" classname="Kubernetes e2e suite" time="0">
          <skipped></skipped>
      </testcase>
      <testcase name="[sig-storage] CSI Volumes [Driver: pd.csi.storage.gke.io][Feature: gcePD-external] [Testpattern: Dynamic PV (default fs)] subPath should support existing directory" classname="Kubernetes e2e suite" time="0">
          <skipped></skipped>
      </testcase>
      <testcase name="[sig-storage] In-tree Volumes [Driver: cinder] [Testpattern: Pre-provisioned PV (ext4)] volumes should allow exec of files on the volume" classname="Kubernetes e2e suite" time="0">
          <skipped></skipped>
      </testcase>
      <testcase name="[sig-storage] In-tree Volumes [Driver: nfs] [Testpattern: Pre-provisioned PV (default fs)] subPath should support existing directory" classname="Kubernetes e2e suite" time="0">
          <skipped></skipped>
      </testcase>
      <testcase name="[sig-instrumentation] Cluster level logging implemented by Stackdriver should ingest events [Feature:StackdriverLogging]" classname="Kubernetes e2e suite" time="0">
          <skipped></skipped>
      </testcase>
      <testcase name="[sig-storage] In-tree Volumes [Driver: cinder] [Testpattern: Pre-provisioned PV (default fs)] subPath should be able to unmount after the subpath directory is deleted" classname="Kubernetes e2e suite" time="0">
          <skipped></skipped>
      </testcase>
      <testcase name="[sig-storage] In-tree Volumes [Driver: gcepd] [Testpattern: Dynamic PV (default fs)] volumes should be mountable" classname="Kubernetes e2e suite" time="0">
          <skipped></skipped>
      </testcase>
      <testcase name="[sig-storage] In-tree Volumes [Driver: gcepd] [Testpattern: Inline-volume (default fs)] subPath should fail if subpath file is outside the volume [Slow]" classname="Kubernetes e2e suite" time="0">
          <skipped></skipped>
      </testcase>
      <testcase name="[sig-storage] CSI Volumes [Driver: pd.csi.storage.gke.io][Serial] [Testpattern: Dynamic PV (ext4)] volumes should be mountable" classname="Kubernetes e2e suite" time="0">
          <skipped></skipped>
      </testcase>
      <testcase name="[sig-storage] In-tree Volumes [Driver: aws] [Testpattern: Pre-provisioned PV (block volmode)] volumeMode should create sc, pod, pv, and pvc, read/write to the pv, and delete all created resources" classname="Kubernetes e2e suite" time="0">
          <skipped></skipped>
      </testcase>
      <testcase name="[sig-storage] In-tree Volumes [Driver: hostPathSymlink] [Testpattern: Dynamic PV (default fs)] volumes should allow exec of files on the volume" classname="Kubernetes e2e suite" time="0">
          <skipped></skipped>
      </testcase>
      <testcase name="[sig-storage] In-tree Volumes [Driver: hostPathSymlink] [Testpattern: Dynamic PV (default fs)] provisioning should create and delete block persistent volumes" classname="Kubernetes e2e suite" time="0">
          <skipped></skipped>
      </testcase>
      <testcase name="[sig-storage] In-tree Volumes [Driver: emptydir] [Testpattern: Pre-provisioned PV (default fs)] subPath should support restarting containers using directory as subpath [Slow]" classname="Kubernetes e2e suite" time="0">
          <skipped></skipped>
      </testcase>
      <testcase name="[sig-storage] Storage Policy Based Volume Provisioning [Feature:vsphere] verify VSAN storage capability with valid hostFailuresToTolerate and cacheReservation values is honored for dynamically provisioned pvc using storageclass" classname="Kubernetes e2e suite" time="0">
          <skipped></skipped>
      </testcase>
      <testcase name="[sig-storage] In-tree Volumes [Driver: rbd][Feature:Volumes] [Testpattern: Inline-volume (ext3)] volumes should be mountable" classname="Kubernetes e2e suite" time="0">
          <skipped></skipped>
      </testcase>
      <testcase name="[sig-scheduling] TaintBasedEvictions [Serial] Checks that the node becomes unreachable" classname="Kubernetes e2e suite" time="0">
          <skipped></skipped>
      </testcase>
      <testcase name="[sig-storage] In-tree Volumes [Driver: iscsi][Feature:Volumes] [Testpattern: Pre-provisioned PV (default fs)] subPath should support readOnly directory specified in the volumeMount" classname="Kubernetes e2e suite" time="0">
          <skipped></skipped>
      </testcase>
      <testcase name="[sig-storage] In-tree Volumes [Driver: cinder] [Testpattern: Pre-provisioned PV (filesystem volmode)] volumeMode should create sc, pod, pv, and pvc, read/write to the pv, and delete all created resources" classname="Kubernetes e2e suite" time="0">
          <skipped></skipped>
      </testcase>
      <testcase name="[sig-network] Loadbalancing: L7 GCE [Slow] [Feature:kubemci] should conform to Ingress spec" classname="Kubernetes e2e suite" time="0">
          <skipped></skipped>
      </testcase>
      <testcase name="[sig-storage] Projected configMap Should fail non-optional pod creation due to the key in the configMap object does not exist [Slow]" classname="Kubernetes e2e suite" time="0">
          <skipped></skipped>
      </testcase>
      <testcase name="[sig-storage] Volume Provisioning on Datastore [Feature:vsphere] verify dynamically provisioned pv using storageclass fails on an invalid datastore" classname="Kubernetes e2e suite" time="0">
          <skipped></skipped>
      </testcase>
      <testcase name="[sig-storage] In-tree Volumes [Driver: hostPath] [Testpattern: Dynamic PV (xfs)] volumes should allow exec of files on the volume" classname="Kubernetes e2e suite" time="0">
          <skipped></skipped>
      </testcase>
      <testcase name="[sig-storage] In-tree Volumes [Driver: vSphere] [Testpattern: Dynamic PV (default fs)] subPath should support restarting containers using directory as subpath [Slow]" classname="Kubernetes e2e suite" time="0">
          <skipped></skipped>
      </testcase>
      <testcase name="[sig-storage] In-tree Volumes [Driver: hostPathSymlink] [Testpattern: Pre-provisioned PV (block volmode)] volumeMode should fail to create pod by failing to mount volume" classname="Kubernetes e2e suite" time="0">
          <skipped></skipped>
      </testcase>
      <testcase name="[k8s.io] Cluster size autoscaler scalability [Slow] should scale down underutilized nodes [Feature:ClusterAutoscalerScalability4]" classname="Kubernetes e2e suite" time="0">
          <skipped></skipped>
      </testcase>
      <testcase name="[sig-cluster-lifecycle] Upgrade [Feature:Upgrade] cluster upgrade should maintain a functioning cluster [Feature:ClusterUpgrade]" classname="Kubernetes e2e suite" time="0">
          <skipped></skipped>
      </testcase>
      <testcase name="[sig-storage] In-tree Volumes [Driver: cinder] [Testpattern: Dynamic PV (default fs)] subPath should be able to unmount after the subpath directory is deleted" classname="Kubernetes e2e suite" time="0">
          <skipped></skipped>
      </testcase>
      <testcase name="[sig-storage] In-tree Volumes [Driver: cinder] [Testpattern: Dynamic PV (default fs)] subPath should support readOnly file specified in the volumeMount" classname="Kubernetes e2e suite" time="0">
          <skipped></skipped>
      </testcase>
      <testcase name="[sig-storage] In-tree Volumes [Driver: azure] [Testpattern: Dynamic PV (xfs)] volumes should be mountable" classname="Kubernetes e2e suite" time="0">
          <skipped></skipped>
      </testcase>
      <testcase name="[sig-cli] Kubectl client [k8s.io] Kubectl run rc should create an rc from an image  [Conformance]" classname="Kubernetes e2e suite" time="28.896595448"></testcase>
      <testcase name="[sig-storage] Verify Volume Attach Through vpxd Restart [Feature:vsphere][Serial][Disruptive] verify volume remains attached through vpxd restart" classname="Kubernetes e2e suite" time="0">
          <skipped></skipped>
      </testcase>
      <testcase name="[sig-storage] In-tree Volumes [Driver: ceph][Feature:Volumes] [Testpattern: Inline-volume (ext3)] volumes should be mountable" classname="Kubernetes e2e suite" time="0">
          <skipped></skipped>
      </testcase>
      <testcase name="[sig-storage] In-tree Volumes [Driver: hostPath] [Testpattern: Dynamic PV (default fs)] subPath should fail if subpath with backstepping is outside the volume [Slow]" classname="Kubernetes e2e suite" time="0">
          <skipped></skipped>
      </testcase>
      <testcase name="[sig-network] Services should have session affinity work for LoadBalancer service with ESIPP off [Slow] [DisabledForLargeClusters]" classname="Kubernetes e2e suite" time="0">
          <skipped></skipped>
      </testcase>
      <testcase name="[sig-storage] Subpath Atomic writer volumes should support subpaths with downward pod [Conformance]" classname="Kubernetes e2e suite" time="32.594097228"></testcase>
      <testcase name="[sig-instrumentation] [Feature:PrometheusMonitoring] Prometheus should contain correct container CPU metric." classname="Kubernetes e2e suite" time="0">
          <skipped></skipped>
      </testcase>
      <testcase name="[sig-storage] In-tree Volumes [Driver: cinder] [Testpattern: Dynamic PV (ext4)] volumes should be mountable" classname="Kubernetes e2e suite" time="0">
          <skipped></skipped>
      </testcase>
      <testcase name="[sig-storage] In-tree Volumes [Driver: nfs] [Testpattern: Inline-volume (default fs)] subPath should unmount if pod is force deleted while kubelet is down [Disruptive][Slow]" classname="Kubernetes e2e suite" time="0">
          <skipped></skipped>
      </testcase>
      <testcase name="[sig-storage] In-tree Volumes [Driver: ceph][Feature:Volumes] [Testpattern: Dynamic PV (default fs)] subPath should fail if subpath with backstepping is outside the volume [Slow]" classname="Kubernetes e2e suite" time="0">
          <skipped></skipped>
      </testcase>
      <testcase name="[sig-storage] In-tree Volumes [Driver: emptydir] [Testpattern: Pre-provisioned PV (default fs)] subPath should unmount if pod is force deleted while kubelet is down [Disruptive][Slow]" classname="Kubernetes e2e suite" time="0">
          <skipped></skipped>
      </testcase>
      <testcase name="[sig-storage] In-tree Volumes [Driver: azure] [Testpattern: Pre-provisioned PV (default fs)] subPath should unmount if pod is force deleted while kubelet is down [Disruptive][Slow]" classname="Kubernetes e2e suite" time="0">
          <skipped></skipped>
      </testcase>
      <testcase name="[sig-autoscaling] [HPA] Horizontal pod autoscaling (scale resource: Custom Metrics from Stackdriver) should scale up with two External metrics from Stackdriver [Feature:CustomMetricsAutoscaling]" classname="Kubernetes e2e suite" time="0">
          <skipped></skipped>
      </testcase>
      <testcase name="[sig-storage] In-tree Volumes [Driver: azure] [Testpattern: Inline-volume (default fs)] subPath should support readOnly file specified in the volumeMount" classname="Kubernetes e2e suite" time="0">
          <skipped></skipped>
      </testcase>
      <testcase name="[sig-storage] In-tree Volumes [Driver: iscsi][Feature:Volumes] [Testpattern: Dynamic PV (default fs)] subPath should support readOnly directory specified in the volumeMount" classname="Kubernetes e2e suite" time="0">
          <skipped></skipped>
      </testcase>
      <testcase name="[sig-storage] PersistentVolumes:vsphere should test that deleting a PVC before the pod does not cause pod deletion to fail on vsphere volume detach" classname="Kubernetes e2e suite" time="0">
          <skipped></skipped>
      </testcase>
      <testcase name="[sig-storage] PersistentVolumes-local  [Volume type: gce-localssd-scsi-fs] [Serial] Set fsGroup for local volume should set fsGroup for one pod" classname="Kubernetes e2e suite" time="0">
          <skipped></skipped>
      </testcase>
      <testcase name="[sig-storage] PersistentVolumes-local  [Volume type: blockfswithoutformat] Set fsGroup for local volume should not set different fsGroups for two pods simultaneously" classname="Kubernetes e2e suite" time="0">
          <skipped></skipped>
      </testcase>
      <testcase name="[sig-storage] In-tree Volumes [Driver: gcepd] [Testpattern: Inline-volume (default fs)] subPath should unmount if pod is force deleted while kubelet is down [Disruptive][Slow]" classname="Kubernetes e2e suite" time="0">
          <skipped></skipped>
      </testcase>
      <testcase name="[sig-storage] In-tree Volumes [Driver: nfs] [Testpattern: Dynamic PV (default fs)] subPath should support existing directories when readOnly specified in the volumeSource" classname="Kubernetes e2e suite" time="0">
          <skipped></skipped>
      </testcase>
      <testcase name="[k8s.io] Container Lifecycle Hook when create a pod with lifecycle hook should execute prestop exec hook properly [NodeConformance] [Conformance]" classname="Kubernetes e2e suite" time="54.208835479"></testcase>
      <testcase name="[sig-storage] In-tree Volumes [Driver: vSphere] [Testpattern: Pre-provisioned PV (default fs)] subPath should support restarting containers using directory as subpath [Slow]" classname="Kubernetes e2e suite" time="0">
          <skipped></skipped>
      </testcase>
      <testcase name="[sig-storage] In-tree Volumes [Driver: ceph][Feature:Volumes] [Testpattern: Pre-provisioned PV (default fs)] subPath should support creating multiple subpath from same volumes [Slow]" classname="Kubernetes e2e suite" time="0">
          <skipped></skipped>
      </testcase>
      <testcase name="[sig-storage] In-tree Volumes [Driver: cinder] [Testpattern: Dynamic PV (filesystem volmode)] volumeMode should create sc, pod, pv, and pvc, read/write to the pv, and delete all created resources" classname="Kubernetes e2e suite" time="0">
          <skipped></skipped>
      </testcase>
      <testcase name="[sig-storage] PersistentVolumes NFS with multiple PVs and PVCs all in same ns should create 4 PVs and 2 PVCs: test write access [Slow]" classname="Kubernetes e2e suite" time="0">
          <skipped></skipped>
      </testcase>
      <testcase name="[sig-apps] Daemon set [Serial] should run and stop complex daemon [Conformance]" classname="Kubernetes e2e suite" time="85.375800834"></testcase>
      <testcase name="[sig-cli] Kubectl client [k8s.io] Kubectl describe should check if kubectl describe prints relevant information for rc and pods  [Conformance]" classname="Kubernetes e2e suite" time="57.5440693"></testcase>
      <testcase name="[sig-storage] In-tree Volumes [Driver: emptydir] [Testpattern: Pre-provisioned PV (default fs)] subPath should support existing directory" classname="Kubernetes e2e suite" time="0">
          <skipped></skipped>
      </testcase>
      <testcase name="[sig-storage] PersistentVolumes GCEPD should test that deleting the Namespace of a PVC and Pod causes the successful detach of Persistent Disk" classname="Kubernetes e2e suite" time="0">
          <skipped></skipped>
      </testcase>
      <testcase name="[sig-cli] Kubectl client [k8s.io] Kubectl apply apply set/view last-applied" classname="Kubernetes e2e suite" time="0">
          <skipped></skipped>
      </testcase>
      <testcase name="[sig-storage] PersistentVolumes-local  Local volume provisioner [Serial] should not create local persistent volume for filesystem volume that was not bind mounted" classname="Kubernetes e2e suite" time="0">
          <skipped></skipped>
      </testcase>
      <testcase name="[sig-storage] CSI Volumes [Driver: csi-hostpath] [Testpattern: Dynamic PV (default fs)] subPath should support existing directories when readOnly specified in the volumeSource" classname="Kubernetes e2e suite" time="0">
          <skipped></skipped>
      </testcase>
      <testcase name="[sig-storage] In-tree Volumes [Driver: gluster] [Testpattern: Pre-provisioned PV (ext3)] volumes should allow exec of files on the volume" classname="Kubernetes e2e suite" time="0">
          <skipped></skipped>
      </testcase>
      <testcase name="[sig-storage] In-tree Volumes [Driver: nfs] [Testpattern: Pre-provisioned PV (default fs)] subPath should support creating multiple subpath from same volumes [Slow]" classname="Kubernetes e2e suite" time="0">
          <skipped></skipped>
      </testcase>
      <testcase name="[sig-storage] PersistentVolumes-local  [Volume type: dir] One pod requesting one prebound PVC should be able to mount volume and write from pod1" classname="Kubernetes e2e suite" time="0">
          <skipped></skipped>
      </testcase>
      <testcase name="[sig-storage] In-tree Volumes [Driver: gcepd] [Testpattern: Dynamic PV (default fs)] subPath should fail if subpath file is outside the volume [Slow]" classname="Kubernetes e2e suite" time="0">
          <skipped></skipped>
      </testcase>
      <testcase name="[sig-storage] GenericPersistentVolume[Disruptive] When kubelet restarts Should test that a volume mounted to a pod that is deleted while the kubelet is down unmounts when the kubelet returns." classname="Kubernetes e2e suite" time="0">
          <skipped></skipped>
      </testcase>
      <testcase name="[sig-scalability] Load capacity [Feature:ManualPerformance] should be able to handle 30 pods per node Random with 0 secrets, 0 configmaps and 0 daemons with quotas" classname="Kubernetes e2e suite" time="0">
          <skipped></skipped>
      </testcase>
      <testcase name="[sig-storage] In-tree Volumes [Driver: vSphere] [Testpattern: Pre-provisioned PV (ext4)] volumes should be mountable" classname="Kubernetes e2e suite" time="0">
          <skipped></skipped>
      </testcase>
      <testcase name="[sig-api-machinery] Initializers [Feature:Initializers] will be set to nil if a patch removes the last pending initializer" classname="Kubernetes e2e suite" time="0">
          <skipped></skipped>
      </testcase>
      <testcase name="[sig-storage] In-tree Volumes [Driver: azure] [Testpattern: Dynamic PV (default fs)] subPath should support non-existent path" classname="Kubernetes e2e suite" time="0">
          <skipped></skipped>
      </testcase>
      <testcase name="[k8s.io] Docker Containers should use the image defaults if command and args are blank [NodeConformance] [Conformance]" classname="Kubernetes e2e suite" time="14.321156638"></testcase>
      <testcase name="[k8s.io] [sig-node] Security Context [Feature:SecurityContext] should support seccomp alpha unconfined annotation on the container [Feature:Seccomp]" classname="Kubernetes e2e suite" time="0">
          <skipped></skipped>
      </testcase>
      <testcase name="[sig-storage] In-tree Volumes [Driver: aws] [Testpattern: Dynamic PV (default fs)] subPath should fail if non-existent subpath is outside the volume [Slow]" classname="Kubernetes e2e suite" time="0">
          <skipped></skipped>
      </testcase>
      <testcase name="[sig-autoscaling] Cluster size autoscaling [Slow] should scale up correct target pool [Feature:ClusterSizeAutoscalingScaleUp]" classname="Kubernetes e2e suite" time="0">
          <skipped></skipped>
      </testcase>
      <testcase name="[sig-storage] In-tree Volumes [Driver: iscsi][Feature:Volumes] [Testpattern: Dynamic PV (default fs)] subPath should support existing single file" classname="Kubernetes e2e suite" time="0">
          <skipped></skipped>
      </testcase>
      <testcase name="[sig-storage] CSI Volumes [Driver: pd.csi.storage.gke.io][Feature: gcePD-external] [Testpattern: Dynamic PV (xfs)] volumes should allow exec of files on the volume" classname="Kubernetes e2e suite" time="0">
          <skipped></skipped>
      </testcase>
      <testcase name="[sig-storage] In-tree Volumes [Driver: gcepd] [Testpattern: Dynamic PV (default fs)] subPath should unmount if pod is force deleted while kubelet is down [Disruptive][Slow]" classname="Kubernetes e2e suite" time="0">
          <skipped></skipped>
      </testcase>
      <testcase name="[sig-storage] In-tree Volumes [Driver: gcepd] [Testpattern: Pre-provisioned PV (default fs)] subPath should support existing directory" classname="Kubernetes e2e suite" time="0">
          <skipped></skipped>
      </testcase>
      <testcase name="[sig-storage] Storage Policy Based Volume Provisioning [Feature:vsphere] verify if a non-existing SPBM policy is not honored for dynamically provisioned pvc using storageclass" classname="Kubernetes e2e suite" time="0">
          <skipped></skipped>
      </testcase>
      <testcase name="[sig-storage] Downward API volume should provide podname as non-root with fsgroup [NodeFeature:FSGroup]" classname="Kubernetes e2e suite" time="0">
          <skipped></skipped>
      </testcase>
      <testcase name="[sig-storage] ConfigMap optional updates should be reflected in volume [NodeConformance] [Conformance]" classname="Kubernetes e2e suite" time="114.720927941"></testcase>
      <testcase name="[sig-storage] In-tree Volumes [Driver: iscsi][Feature:Volumes] [Testpattern: Inline-volume (default fs)] volumes should allow exec of files on the volume" classname="Kubernetes e2e suite" time="0">
          <skipped></skipped>
      </testcase>
      <testcase name="[sig-storage] CSI Volumes [Driver: csi-hostpath-v0] [Testpattern: Dynamic PV (default fs)] volumes should allow exec of files on the volume" classname="Kubernetes e2e suite" time="0">
          <skipped></skipped>
      </testcase>
      <testcase name="[sig-storage] In-tree Volumes [Driver: rbd][Feature:Volumes] [Testpattern: Inline-volume (default fs)] subPath should support restarting containers using directory as subpath [Slow]" classname="Kubernetes e2e suite" time="0">
          <skipped></skipped>
      </testcase>
      <testcase name="[sig-storage] In-tree Volumes [Driver: iscsi][Feature:Volumes] [Testpattern: Pre-provisioned PV (default fs)] subPath should unmount if pod is gracefully deleted while kubelet is down [Disruptive][Slow]" classname="Kubernetes e2e suite" time="0">
          <skipped></skipped>
      </testcase>
      <testcase name="[sig-storage] In-tree Volumes [Driver: emptydir] [Testpattern: Pre-provisioned PV (xfs)] volumes should allow exec of files on the volume" classname="Kubernetes e2e suite" time="0">
          <skipped></skipped>
      </testcase>
      <testcase name="[sig-storage] In-tree Volumes [Driver: ceph][Feature:Volumes] [Testpattern: Inline-volume (default fs)] subPath should support existing directories when readOnly specified in the volumeSource" classname="Kubernetes e2e suite" time="0">
          <skipped></skipped>
      </testcase>
      <testcase name="[sig-autoscaling] Cluster size autoscaling [Slow] Shouldn&#39;t perform scale up operation and should list unhealthy status if most of the cluster is broken[Feature:ClusterSizeAutoscalingScaleUp]" classname="Kubernetes e2e suite" time="0">
          <skipped></skipped>
      </testcase>
      <testcase name="[k8s.io] [sig-node] PreStop should call prestop when killing a pod  [Conformance]" classname="Kubernetes e2e suite" time="59.281611886"></testcase>
      <testcase name="[sig-storage] In-tree Volumes [Driver: hostPath] [Testpattern: Inline-volume (default fs)] subPath should be able to unmount after the subpath directory is deleted" classname="Kubernetes e2e suite" time="0">
          <skipped></skipped>
      </testcase>
      <testcase name="[sig-api-machinery] Servers with support for Table transformation should return chunks of table results for list calls" classname="Kubernetes e2e suite" time="0">
          <skipped></skipped>
      </testcase>
      <testcase name="[sig-storage] [Serial] Volume metrics should create volume metrics with the correct PVC ref" classname="Kubernetes e2e suite" time="0">
          <skipped></skipped>
      </testcase>
      <testcase name="[sig-scheduling] ResourceQuota [Feature:ScopeSelectors] should verify ResourceQuota with best effort scope using scope-selectors." classname="Kubernetes e2e suite" time="0">
          <skipped></skipped>
      </testcase>
      <testcase name="[sig-storage] In-tree Volumes [Driver: gcepd] [Testpattern: Inline-volume (default fs)] subPath should support readOnly file specified in the volumeMount" classname="Kubernetes e2e suite" time="0">
          <skipped></skipped>
      </testcase>
      <testcase name="[sig-storage] PersistentVolumes-local  [Volume type: dir-link-bindmounted] Set fsGroup for local volume should set different fsGroup for second pod if first pod is deleted" classname="Kubernetes e2e suite" time="0">
          <skipped></skipped>
      </testcase>
      <testcase name="[sig-storage] In-tree Volumes [Driver: nfs] [Testpattern: Dynamic PV (default fs)] subPath should fail if subpath file is outside the volume [Slow]" classname="Kubernetes e2e suite" time="0">
          <skipped></skipped>
      </testcase>
      <testcase name="[sig-storage] In-tree Volumes [Driver: rbd][Feature:Volumes] [Testpattern: Pre-provisioned PV (xfs)] volumes should be mountable" classname="Kubernetes e2e suite" time="0">
          <skipped></skipped>
      </testcase>
      <testcase name="[sig-storage] In-tree Volumes [Driver: vSphere] [Testpattern: Inline-volume (default fs)] subPath should fail if non-existent subpath is outside the volume [Slow]" classname="Kubernetes e2e suite" time="0">
          <skipped></skipped>
      </testcase>
      <testcase name="[sig-storage] PersistentVolumes-local  [Volume type: blockfswithformat] Set fsGroup for local volume should set fsGroup for one pod" classname="Kubernetes e2e suite" time="0">
          <skipped></skipped>
      </testcase>
      <testcase name="[sig-network] Networking Granular Checks: Services [Slow] should function for pod-Service: udp" classname="Kubernetes e2e suite" time="0">
          <skipped></skipped>
      </testcase>
      <testcase name="[sig-network] Proxy version v1 should proxy logs on node using proxy subresource  [Conformance]" classname="Kubernetes e2e suite" time="8.660427351"></testcase>
      <testcase name="[sig-network] DNS configMap nameserver [IPv4] Forward external name lookup should forward externalname lookup to upstream nameserver [Slow][Serial]" classname="Kubernetes e2e suite" time="0">
          <skipped></skipped>
      </testcase>
      <testcase name="[sig-storage] In-tree Volumes [Driver: nfs] [Testpattern: Dynamic PV (ext4)] volumes should be mountable" classname="Kubernetes e2e suite" time="0">
          <skipped></skipped>
      </testcase>
      <testcase name="[sig-storage] In-tree Volumes [Driver: ceph][Feature:Volumes] [Testpattern: Dynamic PV (default fs)] subPath should fail if subpath directory is outside the volume [Slow]" classname="Kubernetes e2e suite" time="0">
          <skipped></skipped>
      </testcase>
      <testcase name="[sig-network] Networking Granular Checks: Services [Slow] should update nodePort: http [Slow]" classname="Kubernetes e2e suite" time="0">
          <skipped></skipped>
      </testcase>
      <testcase name="[sig-storage] In-tree Volumes [Driver: vSphere] [Testpattern: Inline-volume (default fs)] volumes should be mountable" classname="Kubernetes e2e suite" time="0">
          <skipped></skipped>
      </testcase>
      <testcase name="[sig-storage] In-tree Volumes [Driver: ceph][Feature:Volumes] [Testpattern: Pre-provisioned PV (default fs)] subPath should support file as subpath" classname="Kubernetes e2e suite" time="0">
          <skipped></skipped>
      </testcase>
      <testcase name="[sig-cluster-lifecycle] Downgrade [Feature:Downgrade] cluster downgrade should maintain a functioning cluster [Feature:ClusterDowngrade]" classname="Kubernetes e2e suite" time="0">
          <skipped></skipped>
      </testcase>
      <testcase name="[sig-storage] In-tree Volumes [Driver: gluster] [Testpattern: Inline-volume (default fs)] subPath should fail if subpath directory is outside the volume [Slow]" classname="Kubernetes e2e suite" time="0">
          <skipped></skipped>
      </testcase>
      <testcase name="[sig-storage] EmptyDir volumes should support (non-root,0777,default) [NodeConformance] [Conformance]" classname="Kubernetes e2e suite" time="14.264045957"></testcase>
      <testcase name="[sig-cluster-lifecycle] Restart [Disruptive] should restart all nodes and ensure all nodes and pods recover" classname="Kubernetes e2e suite" time="0">
          <skipped></skipped>
      </testcase>
      <testcase name="[k8s.io] Pods should cap back-off at MaxContainerBackOff [Slow][NodeConformance]" classname="Kubernetes e2e suite" time="0">
          <skipped></skipped>
      </testcase>
      <testcase name="[sig-storage] In-tree Volumes [Driver: gluster] [Testpattern: Dynamic PV (default fs)] subPath should fail if non-existent subpath is outside the volume [Slow]" classname="Kubernetes e2e suite" time="0">
          <skipped></skipped>
      </testcase>
      <testcase name="[sig-storage] In-tree Volumes [Driver: aws] [Testpattern: Inline-volume (default fs)] subPath should fail if subpath file is outside the volume [Slow]" classname="Kubernetes e2e suite" time="0">
          <skipped></skipped>
      </testcase>
      <testcase name="[sig-storage] In-tree Volumes [Driver: iscsi][Feature:Volumes] [Testpattern: Inline-volume (default fs)] subPath should support restarting containers using file as subpath [Slow]" classname="Kubernetes e2e suite" time="0">
          <skipped></skipped>
      </testcase>
      <testcase name="[k8s.io] [sig-node] Security Context [Feature:SecurityContext] should support volume SELinux relabeling when using hostPID" classname="Kubernetes e2e suite" time="0">
          <skipped></skipped>
      </testcase>
      <testcase name="[sig-storage] [Serial] Volume metrics should create metrics for total number of volumes in A/D Controller" classname="Kubernetes e2e suite" time="0">
          <skipped></skipped>
      </testcase>
      <testcase name="[k8s.io] Downward API [Serial] [Disruptive] [NodeFeature:EphemeralStorage] Downward API tests for local ephemeral storage should provide default limits.ephemeral-storage from node allocatable" classname="Kubernetes e2e suite" time="0">
          <skipped></skipped>
      </testcase>
      <testcase name="[sig-storage] In-tree Volumes [Driver: azure] [Testpattern: Dynamic PV (default fs)] subPath should unmount if pod is gracefully deleted while kubelet is down [Disruptive][Slow]" classname="Kubernetes e2e suite" time="0">
          <skipped></skipped>
      </testcase>
      <testcase name="[sig-storage] In-tree Volumes [Driver: gcepd] [Testpattern: Pre-provisioned PV (ext3)] volumes should be mountable" classname="Kubernetes e2e suite" time="0">
          <skipped></skipped>
      </testcase>
      <testcase name="[sig-storage] In-tree Volumes [Driver: iscsi][Feature:Volumes] [Testpattern: Dynamic PV (default fs)] subPath should support existing directories when readOnly specified in the volumeSource" classname="Kubernetes e2e suite" time="0">
          <skipped></skipped>
      </testcase>
      <testcase name="[sig-storage] In-tree Volumes [Driver: nfs] [Testpattern: Inline-volume (default fs)] volumes should be mountable" classname="Kubernetes e2e suite" time="0">
          <skipped></skipped>
      </testcase>
      <testcase name="[sig-storage] In-tree Volumes [Driver: nfs] [Testpattern: Pre-provisioned PV (default fs)] subPath should support restarting containers using directory as subpath [Slow]" classname="Kubernetes e2e suite" time="0">
          <skipped></skipped>
      </testcase>
      <testcase name="[sig-storage] PersistentVolumes-local  [Volume type: blockfswithformat] Set fsGroup for local volume should set different fsGroup for second pod if first pod is deleted" classname="Kubernetes e2e suite" time="0">
          <skipped></skipped>
      </testcase>
      <testcase name="[sig-storage] In-tree Volumes [Driver: cinder] [Testpattern: Inline-volume (default fs)] subPath should support existing directory" classname="Kubernetes e2e suite" time="0">
          <skipped></skipped>
      </testcase>
      <testcase name="[sig-storage] CSI Volumes [Driver: pd.csi.storage.gke.io][Feature: gcePD-external] [Testpattern: Dynamic PV (default fs)] volumes should allow exec of files on the volume" classname="Kubernetes e2e suite" time="0">
          <skipped></skipped>
      </testcase>
      <testcase name="[sig-network] Loadbalancing: L7 GCE [Slow] [Feature:NEG] should sync endpoints for both Ingress-referenced NEG and standalone NEG" classname="Kubernetes e2e suite" time="0">
          <skipped></skipped>
      </testcase>
      <testcase name="[sig-storage] In-tree Volumes [Driver: hostPathSymlink] [Testpattern: Pre-provisioned PV (default fs)] subPath should unmount if pod is force deleted while kubelet is down [Disruptive][Slow]" classname="Kubernetes e2e suite" time="0">
          <skipped></skipped>
      </testcase>
      <testcase name="[sig-storage] In-tree Volumes [Driver: hostPath] [Testpattern: Dynamic PV (block volmode)] volumeMode should fail in binding dynamic provisioned PV to PVC" classname="Kubernetes e2e suite" time="0">
          <skipped></skipped>
      </testcase>
      <testcase name="[sig-storage] CSI Volumes [Driver: pd.csi.storage.gke.io][Serial] [Testpattern: Dynamic PV (default fs)] subPath should support existing directories when readOnly specified in the volumeSource" classname="Kubernetes e2e suite" time="0">
          <skipped></skipped>
      </testcase>
      <testcase name="[sig-cli] Kubectl Port forwarding [k8s.io] With a server listening on localhost [k8s.io] that expects a client request should support a client that connects, sends DATA, and disconnects" classname="Kubernetes e2e suite" time="0">
          <skipped></skipped>
      </testcase>
      <testcase name="[k8s.io] [sig-node] crictl should be able to run crictl on the node" classname="Kubernetes e2e suite" time="0">
          <skipped></skipped>
      </testcase>
      <testcase name="[sig-network] Service endpoints latency should not be very high  [Conformance]" classname="Kubernetes e2e suite" time="59.164636006">
          <failure type="Failure">/go/src/k8s.io/kubernetes/_output/local/go/src/k8s.io/kubernetes/test/e2e/framework/framework.go:699&#xA;Feb 13 23:24:07.521: Not all RC/pod/service trials succeeded: got 5 errors&#xA;50, 90, 99 percentiles: 457.956419ms 767.917579ms 29.279780228s&#xA;/go/src/k8s.io/kubernetes/_output/local/go/src/k8s.io/kubernetes/test/e2e/network/service_latency.go:121</failure>
          <system-out>[BeforeEach] [sig-network] Service endpoints latency&#xA;  /go/src/k8s.io/kubernetes/_output/local/go/src/k8s.io/kubernetes/test/e2e/framework/framework.go:153&#xA;STEP: Creating a kubernetes client&#xA;Feb 13 23:23:27.904: INFO: &gt;&gt;&gt; kubeConfig: /tmp/build/3ab43379/git-kubernetes_publish_conf_test_results-master_master/scripts/azure_kubeconfig.yaml&#xA;STEP: Building a namespace api object, basename svc-latency&#xA;STEP: Binding the e2e-test-privileged-psp PodSecurityPolicy to the default service account in e2e-tests-svc-latency-tjpvs&#xA;STEP: Waiting for a default service account to be provisioned in namespace&#xA;[It] should not be very high  [Conformance]&#xA;  /go/src/k8s.io/kubernetes/_output/local/go/src/k8s.io/kubernetes/test/e2e/framework/framework.go:699&#xA;STEP: creating replication controller svc-latency-rc in namespace e2e-tests-svc-latency-tjpvs&#xA;Feb 13 23:23:32.109: INFO: Created: latency-svc-kvvwf&#xA;Feb 13 23:23:32.124: INFO: Got endpoints: latency-svc-kvvwf [49.77241ms]&#xA;Feb 13 23:23:32.185: INFO: Created: latency-svc-pvfp6&#xA;Feb 13 23:23:32.197: INFO: Got endpoints: latency-svc-pvfp6 [71.727024ms]&#xA;Feb 13 23:23:32.207: INFO: Created: latency-svc-h2rf6&#xA;Feb 13 23:23:32.217: INFO: Got endpoints: latency-svc-h2rf6 [92.722588ms]&#xA;Feb 13 23:23:32.227: INFO: Created: latency-svc-g4zz4&#xA;Feb 13 23:23:32.239: INFO: Got endpoints: latency-svc-g4zz4 [114.467736ms]&#xA;Feb 13 23:23:32.249: INFO: Created: latency-svc-2rdfw&#xA;Feb 13 23:23:32.266: INFO: Got endpoints: latency-svc-2rdfw [141.875494ms]&#xA;Feb 13 23:23:32.295: INFO: Created: latency-svc-89rcx&#xA;Feb 13 23:23:32.298: INFO: Got endpoints: latency-svc-89rcx [172.530438ms]&#xA;Feb 13 23:23:32.312: INFO: Created: latency-svc-m5nr2&#xA;Feb 13 23:23:32.322: INFO: Got endpoints: latency-svc-m5nr2 [197.33308ms]&#xA;Feb 13 23:23:32.352: INFO: Created: latency-svc-lbz4d&#xA;Feb 13 23:23:32.362: INFO: Got endpoints: latency-svc-lbz4d [237.31055ms]&#xA;Feb 13 23:23:32.373: INFO: Created: latency-svc-l7whb&#xA;Feb 13 23:23:32.384: INFO: Got endpoints: latency-svc-l7whb [259.204088ms]&#xA;Feb 13 23:23:32.394: INFO: Created: latency-svc-l7r47&#xA;Feb 13 23:23:32.414: INFO: Got endpoints: latency-svc-l7r47 [288.722367ms]&#xA;Feb 13 23:23:32.415: INFO: Created: latency-svc-vtjg8&#xA;Feb 13 23:23:32.424: INFO: Got endpoints: latency-svc-vtjg8 [299.219852ms]&#xA;Feb 13 23:23:32.434: INFO: Created: latency-svc-m9g9h&#xA;Feb 13 23:23:32.448: INFO: Got endpoints: latency-svc-m9g9h [323.001867ms]&#xA;Feb 13 23:23:32.457: INFO: Created: latency-svc-mvksh&#xA;Feb 13 23:23:32.468: INFO: Got endpoints: latency-svc-mvksh [343.139283ms]&#xA;Feb 13 23:23:32.478: INFO: Created: latency-svc-4t2hp&#xA;Feb 13 23:23:32.489: INFO: Got endpoints: latency-svc-4t2hp [364.309964ms]&#xA;Feb 13 23:23:32.499: INFO: Created: latency-svc-xxc8c&#xA;Feb 13 23:23:32.510: INFO: Got endpoints: latency-svc-xxc8c [384.969632ms]&#xA;Feb 13 23:23:32.540: INFO: Created: latency-svc-sp4mc&#xA;Feb 13 23:23:32.542: INFO: Got endpoints: latency-svc-sp4mc [417.191595ms]&#xA;Feb 13 23:23:32.555: INFO: Created: latency-svc-9gbj8&#xA;Feb 13 23:23:32.566: INFO: Got endpoints: latency-svc-9gbj8 [369.028477ms]&#xA;Feb 13 23:23:32.575: INFO: Created: latency-svc-7zt75&#xA;Feb 13 23:23:32.585: INFO: Got endpoints: latency-svc-7zt75 [367.704371ms]&#xA;Feb 13 23:23:32.624: INFO: Created: latency-svc-pqkk9&#xA;Feb 13 23:23:32.668: INFO: Got endpoints: latency-svc-pqkk9 [428.218457ms]&#xA;Feb 13 23:23:32.669: INFO: Created: latency-svc-9r6md&#xA;Feb 13 23:23:32.672: INFO: Got endpoints: latency-svc-9r6md [405.112703ms]&#xA;Feb 13 23:23:32.685: INFO: Created: latency-svc-krtjf&#xA;Feb 13 23:23:32.701: INFO: Got endpoints: latency-svc-krtjf [403.290171ms]&#xA;Feb 13 23:23:32.718: INFO: Created: latency-svc-cm9rc&#xA;Feb 13 23:23:32.729: INFO: Got endpoints: latency-svc-cm9rc [406.870477ms]&#xA;Feb 13 23:23:32.738: INFO: Created: latency-svc-6xm9s&#xA;Feb 13 23:23:32.749: INFO: Got endpoints: latency-svc-6xm9s [386.589545ms]&#xA;Feb 13 23:23:32.759: INFO: Created: latency-svc-nlv49&#xA;Feb 13 23:23:32.792: INFO: Got endpoints: latency-svc-nlv49 [407.697174ms]&#xA;Feb 13 23:23:32.793: INFO: Created: latency-svc-8j5fh&#xA;Feb 13 23:23:32.796: INFO: Got endpoints: latency-svc-8j5fh [381.950597ms]&#xA;Feb 13 23:23:32.812: INFO: Created: latency-svc-4zt66&#xA;Feb 13 23:23:32.821: INFO: Got endpoints: latency-svc-4zt66 [396.980128ms]&#xA;Feb 13 23:23:32.831: INFO: Created: latency-svc-8mzjj&#xA;Feb 13 23:23:32.841: INFO: Got endpoints: latency-svc-8mzjj [393.159749ms]&#xA;Feb 13 23:23:32.852: INFO: Created: latency-svc-f59cx&#xA;Feb 13 23:23:32.863: INFO: Got endpoints: latency-svc-f59cx [394.302742ms]&#xA;Feb 13 23:23:32.872: INFO: Created: latency-svc-nbbt2&#xA;Feb 13 23:23:32.883: INFO: Got endpoints: latency-svc-nbbt2 [393.658303ms]&#xA;Feb 13 23:23:32.933: INFO: Created: latency-svc-zqsh4&#xA;Feb 13 23:23:32.935: INFO: Got endpoints: latency-svc-zqsh4 [424.764295ms]&#xA;Feb 13 23:23:32.948: INFO: Created: latency-svc-tpbdb&#xA;Feb 13 23:23:32.967: INFO: Got endpoints: latency-svc-tpbdb [424.245408ms]&#xA;Feb 13 23:23:32.977: INFO: Created: latency-svc-77brg&#xA;Feb 13 23:23:32.988: INFO: Got endpoints: latency-svc-77brg [421.840354ms]&#xA;Feb 13 23:23:33.000: INFO: Created: latency-svc-qpmb7&#xA;Feb 13 23:23:33.011: INFO: Got endpoints: latency-svc-qpmb7 [425.997705ms]&#xA;Feb 13 23:23:33.022: INFO: Created: latency-svc-cs7gs&#xA;Feb 13 23:23:33.071: INFO: Got endpoints: latency-svc-cs7gs [403.180004ms]&#xA;Feb 13 23:23:33.072: INFO: Created: latency-svc-qx44c&#xA;Feb 13 23:23:33.075: INFO: Got endpoints: latency-svc-qx44c [403.814845ms]&#xA;Feb 13 23:23:33.085: INFO: Created: latency-svc-t2kpb&#xA;Feb 13 23:23:33.095: INFO: Got endpoints: latency-svc-t2kpb [394.437973ms]&#xA;Feb 13 23:23:33.107: INFO: Created: latency-svc-mshj8&#xA;Feb 13 23:23:33.123: INFO: Got endpoints: latency-svc-mshj8 [393.8181ms]&#xA;Feb 13 23:23:33.143: INFO: Created: latency-svc-6kdtc&#xA;Feb 13 23:23:33.153: INFO: Got endpoints: latency-svc-6kdtc [404.038797ms]&#xA;Feb 13 23:23:33.163: INFO: Created: latency-svc-gjtgw&#xA;Feb 13 23:23:33.194: INFO: Got endpoints: latency-svc-gjtgw [401.652877ms]&#xA;Feb 13 23:23:33.195: INFO: Created: latency-svc-drb74&#xA;Feb 13 23:23:33.198: INFO: Got endpoints: latency-svc-drb74 [402.450164ms]&#xA;Feb 13 23:23:33.209: INFO: Created: latency-svc-kdrvr&#xA;Feb 13 23:23:33.220: INFO: Got endpoints: latency-svc-kdrvr [398.692077ms]&#xA;Feb 13 23:23:33.246: INFO: Created: latency-svc-b497w&#xA;Feb 13 23:23:33.256: INFO: Got endpoints: latency-svc-b497w [414.963179ms]&#xA;Feb 13 23:23:33.266: INFO: Created: latency-svc-vb6ns&#xA;Feb 13 23:23:33.276: INFO: Got endpoints: latency-svc-vb6ns [413.502066ms]&#xA;Feb 13 23:23:33.319: INFO: Created: latency-svc-zssmr&#xA;Feb 13 23:23:33.325: INFO: Got endpoints: latency-svc-zssmr [441.861718ms]&#xA;Feb 13 23:23:33.343: INFO: Created: latency-svc-n884r&#xA;Feb 13 23:23:33.354: INFO: Got endpoints: latency-svc-n884r [418.556209ms]&#xA;Feb 13 23:23:33.362: INFO: Created: latency-svc-ptp2j&#xA;Feb 13 23:23:33.373: INFO: Got endpoints: latency-svc-ptp2j [406.357819ms]&#xA;Feb 13 23:23:33.382: INFO: Created: latency-svc-fbjgs&#xA;Feb 13 23:23:33.394: INFO: Got endpoints: latency-svc-fbjgs [406.014329ms]&#xA;Feb 13 23:23:33.403: INFO: Created: latency-svc-pj2kv&#xA;Feb 13 23:23:33.413: INFO: Got endpoints: latency-svc-pj2kv [402.001656ms]&#xA;Feb 13 23:23:33.475: INFO: Created: latency-svc-94tx9&#xA;Feb 13 23:23:33.478: INFO: Got endpoints: latency-svc-94tx9 [406.880634ms]&#xA;Feb 13 23:23:33.490: INFO: Created: latency-svc-ccb74&#xA;Feb 13 23:23:33.501: INFO: Got endpoints: latency-svc-ccb74 [425.951452ms]&#xA;Feb 13 23:23:33.510: INFO: Created: latency-svc-jd8mg&#xA;Feb 13 23:23:33.527: INFO: Got endpoints: latency-svc-jd8mg [431.746656ms]&#xA;Feb 13 23:23:33.545: INFO: Created: latency-svc-d8cln&#xA;Feb 13 23:23:33.556: INFO: Got endpoints: latency-svc-d8cln [432.379795ms]&#xA;Feb 13 23:23:33.565: INFO: Created: latency-svc-l8cbd&#xA;Feb 13 23:23:33.595: INFO: Got endpoints: latency-svc-l8cbd [442.107511ms]&#xA;Feb 13 23:23:33.596: INFO: Created: latency-svc-nq99b&#xA;Feb 13 23:23:33.599: INFO: Got endpoints: latency-svc-nq99b [404.703402ms]&#xA;Feb 13 23:23:33.625: INFO: Created: latency-svc-r2lqf&#xA;Feb 13 23:23:33.643: INFO: Got endpoints: latency-svc-r2lqf [444.962852ms]&#xA;Feb 13 23:23:33.653: INFO: Created: latency-svc-blv72&#xA;Feb 13 23:23:33.664: INFO: Got endpoints: latency-svc-blv72 [443.380523ms]&#xA;Feb 13 23:23:33.673: INFO: Created: latency-svc-sg2gx&#xA;Feb 13 23:23:33.724: INFO: Got endpoints: latency-svc-sg2gx [467.708519ms]&#xA;Feb 13 23:23:33.726: INFO: Created: latency-svc-52x5l&#xA;Feb 13 23:23:33.734: INFO: Got endpoints: latency-svc-52x5l [457.956419ms]&#xA;Feb 13 23:23:33.851: INFO: Created: latency-svc-8zh75&#xA;Feb 13 23:23:33.857: INFO: Created: latency-svc-678l2&#xA;Feb 13 23:23:33.857: INFO: Got endpoints: latency-svc-8zh75 [531.5085ms]&#xA;Feb 13 23:23:33.868: INFO: Got endpoints: latency-svc-678l2 [513.813807ms]&#xA;Feb 13 23:23:33.877: INFO: Created: latency-svc-mmqbd&#xA;Feb 13 23:23:33.887: INFO: Got endpoints: latency-svc-mmqbd [514.052976ms]&#xA;Feb 13 23:23:33.897: INFO: Created: latency-svc-s5p2j&#xA;Feb 13 23:23:33.907: INFO: Got endpoints: latency-svc-s5p2j [513.785498ms]&#xA;Feb 13 23:23:33.918: INFO: Created: latency-svc-pc97l&#xA;Feb 13 23:23:33.928: INFO: Got endpoints: latency-svc-pc97l [514.26023ms]&#xA;Feb 13 23:23:33.937: INFO: Created: latency-svc-f6fw5&#xA;Feb 13 23:23:33.948: INFO: Got endpoints: latency-svc-f6fw5 [470.634954ms]&#xA;Feb 13 23:23:33.973: INFO: Created: latency-svc-66k6w&#xA;Feb 13 23:23:33.980: INFO: Got endpoints: latency-svc-66k6w [478.706459ms]&#xA;Feb 13 23:23:33.997: INFO: Created: latency-svc-b7cfw&#xA;Feb 13 23:23:34.008: INFO: Got endpoints: latency-svc-b7cfw [480.749016ms]&#xA;Feb 13 23:23:34.017: INFO: Created: latency-svc-hq4p7&#xA;Feb 13 23:23:34.028: INFO: Got endpoints: latency-svc-hq4p7 [471.929967ms]&#xA;Feb 13 23:23:34.039: INFO: Created: latency-svc-f4xqs&#xA;Feb 13 23:23:34.049: INFO: Got endpoints: latency-svc-f4xqs [453.858012ms]&#xA;Feb 13 23:23:34.059: INFO: Created: latency-svc-254bx&#xA;Feb 13 23:23:34.096: INFO: Created: latency-svc-72d45&#xA;Feb 13 23:23:34.096: INFO: Got endpoints: latency-svc-254bx [497.348318ms]&#xA;Feb 13 23:23:34.109: INFO: Created: latency-svc-h25tm&#xA;Feb 13 23:23:34.139: INFO: Created: latency-svc-gms24&#xA;Feb 13 23:23:34.139: INFO: Got endpoints: latency-svc-72d45 [496.05053ms]&#xA;Feb 13 23:23:34.194: INFO: Created: latency-svc-dpsc7&#xA;Feb 13 23:23:34.194: INFO: Got endpoints: latency-svc-h25tm [530.141952ms]&#xA;Feb 13 23:23:34.234: INFO: Created: latency-svc-mdbwc&#xA;Feb 13 23:23:34.258: INFO: Got endpoints: latency-svc-gms24 [523.385636ms]&#xA;Feb 13 23:23:34.258: INFO: Created: latency-svc-t8mt7&#xA;Feb 13 23:23:34.279: INFO: Created: latency-svc-s2kn4&#xA;Feb 13 23:23:34.299: INFO: Created: latency-svc-fnk7x&#xA;Feb 13 23:23:34.320: INFO: Created: latency-svc-r5tt8&#xA;Feb 13 23:23:34.353: INFO: Got endpoints: latency-svc-dpsc7 [628.740533ms]&#xA;Feb 13 23:23:34.354: INFO: Created: latency-svc-h9mps&#xA;Feb 13 23:23:34.370: INFO: Created: latency-svc-gghz8&#xA;Feb 13 23:23:34.404: INFO: Created: latency-svc-f7c28&#xA;Feb 13 23:23:34.424: INFO: Created: latency-svc-j49lc&#xA;Feb 13 23:23:34.443: INFO: Created: latency-svc-k5hg2&#xA;Feb 13 23:23:34.478: INFO: Created: latency-svc-fpzl5&#xA;Feb 13 23:23:34.491: INFO: Created: latency-svc-rl5mc&#xA;Feb 13 23:23:34.512: INFO: Created: latency-svc-scg8c&#xA;Feb 13 23:23:34.529: INFO: Got endpoints: latency-svc-mdbwc [671.852474ms]&#xA;Feb 13 23:23:34.529: INFO: Got endpoints: latency-svc-fnk7x [621.15533ms]&#xA;Feb 13 23:23:34.546: INFO: Got endpoints: latency-svc-r5tt8 [618.792825ms]&#xA;Feb 13 23:23:34.547: INFO: Created: latency-svc-4jm7t&#xA;Feb 13 23:23:34.566: INFO: Created: latency-svc-8n5vh&#xA;Feb 13 23:23:34.601: INFO: Created: latency-svc-8d66t&#xA;Feb 13 23:23:34.615: INFO: Created: latency-svc-rqn6d&#xA;Feb 13 23:23:34.632: INFO: Got endpoints: latency-svc-h9mps [683.98792ms]&#xA;Feb 13 23:23:34.633: INFO: Got endpoints: latency-svc-s2kn4 [745.141191ms]&#xA;Feb 13 23:23:34.650: INFO: Got endpoints: latency-svc-t8mt7 [782.573005ms]&#xA;Feb 13 23:23:34.650: INFO: Got endpoints: latency-svc-gghz8 [670.002531ms]&#xA;Feb 13 23:23:34.650: INFO: Created: latency-svc-rpklk&#xA;Feb 13 23:23:34.673: INFO: Created: latency-svc-rtsj6&#xA;Feb 13 23:23:34.693: INFO: Created: latency-svc-4nlh5&#xA;Feb 13 23:23:34.693: INFO: Got endpoints: latency-svc-f7c28 [685.198504ms]&#xA;Feb 13 23:23:34.732: INFO: Created: latency-svc-gw6rt&#xA;Feb 13 23:23:34.743: INFO: Got endpoints: latency-svc-j49lc [715.737611ms]&#xA;Feb 13 23:23:34.753: INFO: Created: latency-svc-q7mjg&#xA;Feb 13 23:23:34.773: INFO: Created: latency-svc-fl9fl&#xA;Feb 13 23:23:34.795: INFO: Got endpoints: latency-svc-fpzl5 [698.611042ms]&#xA;Feb 13 23:23:34.798: INFO: Created: latency-svc-zxxwk&#xA;Feb 13 23:23:34.865: INFO: Got endpoints: latency-svc-k5hg2 [816.104261ms]&#xA;Feb 13 23:23:34.865: INFO: Created: latency-svc-q55gk&#xA;Feb 13 23:23:34.889: INFO: Got endpoints: latency-svc-rl5mc [749.289616ms]&#xA;Feb 13 23:23:34.904: INFO: Created: latency-svc-qskql&#xA;Feb 13 23:23:34.941: INFO: Created: latency-svc-csdwk&#xA;Feb 13 23:23:34.941: INFO: Got endpoints: latency-svc-scg8c [746.81338ms]&#xA;Feb 13 23:23:34.988: INFO: Got endpoints: latency-svc-4jm7t [730.667147ms]&#xA;Feb 13 23:23:34.991: INFO: Created: latency-svc-wkpbf&#xA;Feb 13 23:23:35.023: INFO: Created: latency-svc-vgdrx&#xA;Feb 13 23:23:35.039: INFO: Got endpoints: latency-svc-8n5vh [686.302578ms]&#xA;Feb 13 23:23:35.075: INFO: Created: latency-svc-wgt2q&#xA;Feb 13 23:23:35.125: INFO: Got endpoints: latency-svc-8d66t [596.302012ms]&#xA;Feb 13 23:23:35.138: INFO: Got endpoints: latency-svc-rqn6d [609.239703ms]&#xA;Feb 13 23:23:35.159: INFO: Created: latency-svc-k9k4c&#xA;Feb 13 23:23:35.182: INFO: Created: latency-svc-b7k8t&#xA;Feb 13 23:23:35.192: INFO: Got endpoints: latency-svc-rpklk [645.972914ms]&#xA;Feb 13 23:23:35.259: INFO: Created: latency-svc-h9rdg&#xA;Feb 13 23:23:35.259: INFO: Got endpoints: latency-svc-rtsj6 [625.985348ms]&#xA;Feb 13 23:23:35.293: INFO: Got endpoints: latency-svc-4nlh5 [660.675118ms]&#xA;Feb 13 23:23:35.293: INFO: Created: latency-svc-c4g8d&#xA;Feb 13 23:23:35.327: INFO: Created: latency-svc-hbx97&#xA;Feb 13 23:23:35.339: INFO: Got endpoints: latency-svc-gw6rt [688.492646ms]&#xA;Feb 13 23:23:35.394: INFO: Got endpoints: latency-svc-q7mjg [743.651852ms]&#xA;Feb 13 23:23:35.407: INFO: Created: latency-svc-4tvt4&#xA;Feb 13 23:23:35.429: INFO: Created: latency-svc-4l6v6&#xA;Feb 13 23:23:35.461: INFO: Got endpoints: latency-svc-fl9fl [767.917579ms]&#xA;Feb 13 23:23:35.535: INFO: Got endpoints: latency-svc-zxxwk [791.808216ms]&#xA;Feb 13 23:23:35.535: INFO: Created: latency-svc-gspn9&#xA;Feb 13 23:23:35.538: INFO: Got endpoints: latency-svc-q55gk [742.825291ms]&#xA;Feb 13 23:23:35.597: INFO: Created: latency-svc-bchgr&#xA;Feb 13 23:23:35.597: INFO: Got endpoints: latency-svc-qskql [731.923659ms]&#xA;Feb 13 23:23:35.617: INFO: Created: latency-svc-484x9&#xA;Feb 13 23:23:35.667: INFO: Got endpoints: latency-svc-csdwk [777.788498ms]&#xA;Feb 13 23:23:35.668: INFO: Created: latency-svc-d9dvn&#xA;Feb 13 23:23:35.689: INFO: Got endpoints: latency-svc-wkpbf [747.800028ms]&#xA;Feb 13 23:23:35.727: INFO: Created: latency-svc-gzrdh&#xA;Feb 13 23:23:35.738: INFO: Got endpoints: latency-svc-vgdrx [749.999191ms]&#xA;Feb 13 23:23:35.749: INFO: Created: latency-svc-8lfbw&#xA;Feb 13 23:23:35.806: INFO: Got endpoints: latency-svc-wgt2q [766.043118ms]&#xA;Feb 13 23:23:35.806: INFO: Created: latency-svc-k86q7&#xA;Feb 13 23:23:35.839: INFO: Created: latency-svc-hvq4z&#xA;Feb 13 23:23:35.839: INFO: Got endpoints: latency-svc-k9k4c [714.264681ms]&#xA;Feb 13 23:23:35.874: INFO: Created: latency-svc-88gbs&#xA;Feb 13 23:23:35.891: INFO: Got endpoints: latency-svc-b7k8t [753.237325ms]&#xA;Feb 13 23:23:35.940: INFO: Created: latency-svc-qkx8q&#xA;Feb 13 23:23:35.940: INFO: Got endpoints: latency-svc-h9rdg [747.134ms]&#xA;Feb 13 23:23:35.984: INFO: Created: latency-svc-9sqb9&#xA;Feb 13 23:23:35.996: INFO: Got endpoints: latency-svc-c4g8d [737.104296ms]&#xA;Feb 13 23:23:36.063: INFO: Created: latency-svc-zxdqp&#xA;Feb 13 23:23:36.063: INFO: Got endpoints: latency-svc-hbx97 [770.156964ms]&#xA;Feb 13 23:23:36.098: INFO: Created: latency-svc-g8m5x&#xA;Feb 13 23:23:36.098: INFO: Got endpoints: latency-svc-4tvt4 [759.668134ms]&#xA;Feb 13 23:23:36.143: INFO: Got endpoints: latency-svc-4l6v6 [748.540223ms]&#xA;Feb 13 23:23:36.143: INFO: Created: latency-svc-c2dpl&#xA;Feb 13 23:23:36.190: INFO: Got endpoints: latency-svc-gspn9 [728.371846ms]&#xA;Feb 13 23:23:36.205: INFO: Created: latency-svc-ntrj6&#xA;Feb 13 23:23:36.229: INFO: Created: latency-svc-bh969&#xA;Feb 13 23:23:36.240: INFO: Got endpoints: latency-svc-bchgr [705.035127ms]&#xA;Feb 13 23:23:36.277: INFO: Created: latency-svc-ccrrz&#xA;Feb 13 23:23:36.313: INFO: Got endpoints: latency-svc-484x9 [775.546814ms]&#xA;Feb 13 23:23:36.349: INFO: Created: latency-svc-lp2ck&#xA;Feb 13 23:23:36.349: INFO: Got endpoints: latency-svc-d9dvn [751.098783ms]&#xA;Feb 13 23:23:36.383: INFO: Created: latency-svc-fxchh&#xA;Feb 13 23:23:36.394: INFO: Got endpoints: latency-svc-gzrdh [727.117382ms]&#xA;Feb 13 23:23:36.439: INFO: Got endpoints: latency-svc-8lfbw [750.893269ms]&#xA;Feb 13 23:23:36.464: INFO: Created: latency-svc-n8v5f&#xA;Feb 13 23:23:36.485: INFO: Created: latency-svc-zhwg4&#xA;Feb 13 23:23:36.498: INFO: Got endpoints: latency-svc-k86q7 [759.834704ms]&#xA;Feb 13 23:23:36.533: INFO: Created: latency-svc-tmh5c&#xA;Feb 13 23:23:36.578: INFO: Got endpoints: latency-svc-hvq4z [772.802536ms]&#xA;Feb 13 23:23:36.588: INFO: Got endpoints: latency-svc-88gbs [748.774777ms]&#xA;Feb 13 23:23:36.614: INFO: Created: latency-svc-kz9j6&#xA;Feb 13 23:23:36.643: INFO: Got endpoints: latency-svc-qkx8q [752.103559ms]&#xA;Feb 13 23:23:36.653: INFO: Created: latency-svc-hnxnj&#xA;Feb 13 23:23:36.678: INFO: Created: latency-svc-5rqlv&#xA;Feb 13 23:23:36.713: INFO: Got endpoints: latency-svc-9sqb9 [772.832341ms]&#xA;Feb 13 23:23:36.747: INFO: Created: latency-svc-zwc74&#xA;Feb 13 23:23:36.747: INFO: Got endpoints: latency-svc-zxdqp [751.624048ms]&#xA;Feb 13 23:23:36.787: INFO: Created: latency-svc-snhqn&#xA;Feb 13 23:23:36.797: INFO: Got endpoints: latency-svc-g8m5x [733.709647ms]&#xA;Feb 13 23:23:36.842: INFO: Got endpoints: latency-svc-c2dpl [743.707362ms]&#xA;Feb 13 23:23:36.854: INFO: Created: latency-svc-mrqs8&#xA;Feb 13 23:23:36.880: INFO: Created: latency-svc-n4mqb&#xA;Feb 13 23:23:36.891: INFO: Got endpoints: latency-svc-ntrj6 [748.514353ms]&#xA;Feb 13 23:23:36.925: INFO: Created: latency-svc-npd75&#xA;Feb 13 23:23:36.938: INFO: Got endpoints: latency-svc-bh969 [747.922173ms]&#xA;Feb 13 23:23:36.989: INFO: Created: latency-svc-hhf8n&#xA;Feb 13 23:23:36.993: INFO: Got endpoints: latency-svc-ccrrz [752.966217ms]&#xA;Feb 13 23:23:37.028: INFO: Created: latency-svc-8fx95&#xA;Feb 13 23:23:37.038: INFO: Got endpoints: latency-svc-lp2ck [725.082537ms]&#xA;Feb 13 23:23:37.087: INFO: Created: latency-svc-5llb9&#xA;Feb 13 23:23:37.088: INFO: Got endpoints: latency-svc-fxchh [738.931722ms]&#xA;Feb 13 23:23:37.132: INFO: Created: latency-svc-5gmm6&#xA;Feb 13 23:23:37.138: INFO: Got endpoints: latency-svc-n8v5f [744.17824ms]&#xA;Feb 13 23:23:37.209: INFO: Got endpoints: latency-svc-zhwg4 [769.736023ms]&#xA;Feb 13 23:23:37.238: INFO: Got endpoints: latency-svc-tmh5c [739.408216ms]&#xA;Feb 13 23:23:37.288: INFO: Got endpoints: latency-svc-kz9j6 [709.43328ms]&#xA;Feb 13 23:23:37.339: INFO: Got endpoints: latency-svc-hnxnj [750.53181ms]&#xA;Feb 13 23:24:05.867: INFO: Got error: Post https://api.pub-az-7eoqa.it.shoot.dev.k8s-hana.ondemand.com/api/v1/namespaces/e2e-tests-svc-latency-tjpvs/services: read tcp 10.254.0.190:59432-&gt;213.199.128.226:443: read: connection reset by peer&#xA;Feb 13 23:24:05.867: INFO: Got error: Post https://api.pub-az-7eoqa.it.shoot.dev.k8s-hana.ondemand.com/api/v1/namespaces/e2e-tests-svc-latency-tjpvs/services: read tcp 10.254.0.190:59432-&gt;213.199.128.226:443: read: connection reset by peer&#xA;Feb 13 23:24:05.867: INFO: Got error: Post https://api.pub-az-7eoqa.it.shoot.dev.k8s-hana.ondemand.com/api/v1/namespaces/e2e-tests-svc-latency-tjpvs/services: read tcp 10.254.0.190:59432-&gt;213.199.128.226:443: read: connection reset by peer&#xA;Feb 13 23:24:05.867: INFO: Got error: Post https://api.pub-az-7eoqa.it.shoot.dev.k8s-hana.ondemand.com/api/v1/namespaces/e2e-tests-svc-latency-tjpvs/services: read tcp 10.254.0.190:59432-&gt;213.199.128.226:443: read: connection reset by peer&#xA;Feb 13 23:24:05.867: INFO: Got error: Post https://api.pub-az-7eoqa.it.shoot.dev.k8s-hana.ondemand.com/api/v1/namespaces/e2e-tests-svc-latency-tjpvs/services: read tcp 10.254.0.190:59432-&gt;213.199.128.226:443: read: connection reset by peer&#xA;Feb 13 23:24:05.992: INFO: Got endpoints: latency-svc-npd75 [29.101208761s]&#xA;Feb 13 23:24:05.992: INFO: Got endpoints: latency-svc-snhqn [29.245029249s]&#xA;Feb 13 23:24:05.992: INFO: Got endpoints: latency-svc-5rqlv [29.349020256s]&#xA;Feb 13 23:24:05.992: INFO: Got endpoints: latency-svc-mrqs8 [29.195114607s]&#xA;Feb 13 23:24:05.992: INFO: Got endpoints: latency-svc-zwc74 [29.279780228s]&#xA;Feb 13 23:24:05.992: INFO: Got endpoints: latency-svc-n4mqb [29.150206023s]&#xA;Feb 13 23:24:05.993: INFO: Got endpoints: latency-svc-5llb9 [28.955058569s]&#xA;Feb 13 23:24:05.993: INFO: Got endpoints: latency-svc-8fx95 [29.000126862s]&#xA;Feb 13 23:24:05.993: INFO: Got endpoints: latency-svc-hhf8n [29.055907202s]&#xA;Feb 13 23:24:05.994: INFO: Got endpoints: latency-svc-5gmm6 [28.90596401s]&#xA;Feb 13 23:24:06.016: INFO: Created: latency-svc-zlvmr&#xA;Feb 13 23:24:06.029: INFO: Created: latency-svc-wsvrw&#xA;Feb 13 23:24:06.050: INFO: Got endpoints: latency-svc-zlvmr [183.219458ms]&#xA;Feb 13 23:24:06.050: INFO: Created: latency-svc-75h4p&#xA;Feb 13 23:24:06.061: INFO: Got endpoints: latency-svc-75h4p [193.922588ms]&#xA;Feb 13 23:24:06.075: INFO: Created: latency-svc-29zcg&#xA;Feb 13 23:24:06.075: INFO: Got endpoints: latency-svc-wsvrw [208.266154ms]&#xA;Feb 13 23:24:06.104: INFO: Got endpoints: latency-svc-29zcg [237.588459ms]&#xA;Feb 13 23:24:06.135: INFO: Created: latency-svc-cswrb&#xA;Feb 13 23:24:06.138: INFO: Got endpoints: latency-svc-cswrb [271.032493ms]&#xA;Feb 13 23:24:06.153: INFO: Created: latency-svc-hqk8h&#xA;Feb 13 23:24:06.167: INFO: Got endpoints: latency-svc-hqk8h [174.67601ms]&#xA;Feb 13 23:24:06.272: INFO: Created: latency-svc-gqqc9&#xA;Feb 13 23:24:06.287: INFO: Got endpoints: latency-svc-gqqc9 [294.684663ms]&#xA;Feb 13 23:24:06.287: INFO: Created: latency-svc-sg2hb&#xA;Feb 13 23:24:06.324: INFO: Got endpoints: latency-svc-sg2hb [331.446341ms]&#xA;Feb 13 23:24:06.337: INFO: Created: latency-svc-d546j&#xA;Feb 13 23:24:06.348: INFO: Got endpoints: latency-svc-d546j [354.848549ms]&#xA;Feb 13 23:24:06.357: INFO: Created: latency-svc-tq6hf&#xA;Feb 13 23:24:06.402: INFO: Got endpoints: latency-svc-tq6hf [408.997506ms]&#xA;Feb 13 23:24:06.404: INFO: Created: latency-svc-hqqmr&#xA;Feb 13 23:24:06.407: INFO: Got endpoints: latency-svc-hqqmr [413.435365ms]&#xA;Feb 13 23:24:06.416: INFO: Created: latency-svc-4pszd&#xA;Feb 13 23:24:06.427: INFO: Got endpoints: latency-svc-4pszd [434.681451ms]&#xA;Feb 13 23:24:06.437: INFO: Created: latency-svc-mpccl&#xA;Feb 13 23:24:06.448: INFO: Got endpoints: latency-svc-mpccl [454.395836ms]&#xA;Feb 13 23:24:06.458: INFO: Created: latency-svc-pv6jb&#xA;Feb 13 23:24:06.468: INFO: Got endpoints: latency-svc-pv6jb [473.943207ms]&#xA;Feb 13 23:24:06.478: INFO: Created: latency-svc-n86z7&#xA;Feb 13 23:24:06.488: INFO: Got endpoints: latency-svc-n86z7 [494.114736ms]&#xA;Feb 13 23:24:06.497: INFO: Created: latency-svc-rlzcd&#xA;Feb 13 23:24:06.529: INFO: Got endpoints: latency-svc-rlzcd [478.868927ms]&#xA;Feb 13 23:24:06.529: INFO: Created: latency-svc-jlhkz&#xA;Feb 13 23:24:06.538: INFO: Got endpoints: latency-svc-jlhkz [477.654747ms]&#xA;Feb 13 23:24:06.558: INFO: Created: latency-svc-8k4z6&#xA;Feb 13 23:24:06.569: INFO: Got endpoints: latency-svc-8k4z6 [493.791076ms]&#xA;Feb 13 23:24:06.578: INFO: Created: latency-svc-9x4lp&#xA;Feb 13 23:24:06.590: INFO: Got endpoints: latency-svc-9x4lp [485.44636ms]&#xA;Feb 13 23:24:06.600: INFO: Created: latency-svc-x6jdj&#xA;Feb 13 23:24:06.610: INFO: Got endpoints: latency-svc-x6jdj [472.931666ms]&#xA;Feb 13 23:24:06.620: INFO: Created: latency-svc-f9qgs&#xA;Feb 13 23:24:06.651: INFO: Got endpoints: latency-svc-f9qgs [483.298223ms]&#xA;Feb 13 23:24:06.665: INFO: Created: latency-svc-c2mql&#xA;Feb 13 23:24:06.665: INFO: Created: latency-svc-zrq9p&#xA;Feb 13 23:24:06.678: INFO: Got endpoints: latency-svc-zrq9p [353.470632ms]&#xA;Feb 13 23:24:06.678: INFO: Got endpoints: latency-svc-c2mql [390.315388ms]&#xA;Feb 13 23:24:06.687: INFO: Created: latency-svc-dkfn9&#xA;Feb 13 23:24:06.704: INFO: Got endpoints: latency-svc-dkfn9 [356.106627ms]&#xA;Feb 13 23:24:06.720: INFO: Created: latency-svc-pl6l8&#xA;Feb 13 23:24:06.731: INFO: Got endpoints: latency-svc-pl6l8 [328.672535ms]&#xA;Feb 13 23:24:06.741: INFO: Created: latency-svc-ss4ns&#xA;Feb 13 23:24:06.791: INFO: Got endpoints: latency-svc-ss4ns [383.694095ms]&#xA;Feb 13 23:24:06.792: INFO: Created: latency-svc-wxgmh&#xA;Feb 13 23:24:06.815: INFO: Got endpoints: latency-svc-wxgmh [388.233714ms]&#xA;Feb 13 23:24:06.843: INFO: Created: latency-svc-75r25&#xA;Feb 13 23:24:06.855: INFO: Got endpoints: latency-svc-75r25 [407.005503ms]&#xA;Feb 13 23:24:06.863: INFO: Created: latency-svc-hpdnt&#xA;Feb 13 23:24:06.874: INFO: Got endpoints: latency-svc-hpdnt [406.81504ms]&#xA;Feb 13 23:24:06.884: INFO: Created: latency-svc-ktk4w&#xA;Feb 13 23:24:06.916: INFO: Got endpoints: latency-svc-ktk4w [428.111827ms]&#xA;Feb 13 23:24:06.917: INFO: Created: latency-svc-qd7l4&#xA;Feb 13 23:24:06.926: INFO: Got endpoints: latency-svc-qd7l4 [397.212402ms]&#xA;Feb 13 23:24:06.947: INFO: Created: latency-svc-j8qdw&#xA;Feb 13 23:24:06.958: INFO: Got endpoints: latency-svc-j8qdw [419.313531ms]&#xA;Feb 13 23:24:06.968: INFO: Created: latency-svc-cz2td&#xA;Feb 13 23:24:06.978: INFO: Got endpoints: latency-svc-cz2td [409.618724ms]&#xA;Feb 13 23:24:06.989: INFO: Created: latency-svc-mpnzn&#xA;Feb 13 23:24:07.006: INFO: Got endpoints: latency-svc-mpnzn [415.911854ms]&#xA;Feb 13 23:24:07.045: INFO: Created: latency-svc-bx9nf&#xA;Feb 13 23:24:07.047: INFO: Got endpoints: latency-svc-bx9nf [436.12624ms]&#xA;Feb 13 23:24:07.092: INFO: Created: latency-svc-cgm77&#xA;Feb 13 23:24:07.095: INFO: Got endpoints: latency-svc-cgm77 [444.781512ms]&#xA;Feb 13 23:24:07.106: INFO: Created: latency-svc-7hxk2&#xA;Feb 13 23:24:07.123: INFO: Got endpoints: latency-svc-7hxk2 [444.794344ms]&#xA;Feb 13 23:24:07.140: INFO: Created: latency-svc-rjz45&#xA;Feb 13 23:24:07.170: INFO: Got endpoints: latency-svc-rjz45 [492.0007ms]&#xA;Feb 13 23:24:07.171: INFO: Created: latency-svc-p7685&#xA;Feb 13 23:24:07.174: INFO: Got endpoints: latency-svc-p7685 [470.297787ms]&#xA;Feb 13 23:24:07.183: INFO: Created: latency-svc-r6bzf&#xA;Feb 13 23:24:07.201: INFO: Got endpoints: latency-svc-r6bzf [469.538139ms]&#xA;Feb 13 23:24:07.219: INFO: Created: latency-svc-j948l&#xA;Feb 13 23:24:07.230: INFO: Got endpoints: latency-svc-j948l [438.834312ms]&#xA;Feb 13 23:24:07.239: INFO: Created: latency-svc-28tzw&#xA;Feb 13 23:24:07.255: INFO: Got endpoints: latency-svc-28tzw [439.226614ms]&#xA;Feb 13 23:24:07.266: INFO: Created: latency-svc-v7rp8&#xA;Feb 13 23:24:07.295: INFO: Got endpoints: latency-svc-v7rp8 [440.439363ms]&#xA;Feb 13 23:24:07.297: INFO: Created: latency-svc-85hvf&#xA;Feb 13 23:24:07.300: INFO: Got endpoints: latency-svc-85hvf [425.571558ms]&#xA;Feb 13 23:24:07.312: INFO: Created: latency-svc-xg5kt&#xA;Feb 13 23:24:07.329: INFO: Got endpoints: latency-svc-xg5kt [413.547646ms]&#xA;Feb 13 23:24:07.339: INFO: Created: latency-svc-4wh5j&#xA;Feb 13 23:24:07.351: INFO: Got endpoints: latency-svc-4wh5j [424.946447ms]&#xA;Feb 13 23:24:07.361: INFO: Created: latency-svc-trgxc&#xA;Feb 13 23:24:07.379: INFO: Got endpoints: latency-svc-trgxc [420.841355ms]&#xA;Feb 13 23:24:07.430: INFO: Created: latency-svc-fb64w&#xA;Feb 13 23:24:07.433: INFO: Got endpoints: latency-svc-fb64w [454.24727ms]&#xA;Feb 13 23:24:07.445: INFO: Created: latency-svc-jn54x&#xA;Feb 13 23:24:07.457: INFO: Got endpoints: latency-svc-jn54x [450.689681ms]&#xA;Feb 13 23:24:07.467: INFO: Created: latency-svc-wd8gz&#xA;Feb 13 23:24:07.478: INFO: Got endpoints: latency-svc-wd8gz [431.345116ms]&#xA;Feb 13 23:24:07.488: INFO: Created: latency-svc-lsnwg&#xA;Feb 13 23:24:07.499: INFO: Got endpoints: latency-svc-lsnwg [403.792683ms]&#xA;Feb 13 23:24:07.509: INFO: Created: latency-svc-mz87l&#xA;Feb 13 23:24:07.521: INFO: Got endpoints: latency-svc-mz87l [397.960722ms]&#xA;Feb 13 23:24:07.521: INFO: Latencies: [71.727024ms 92.722588ms 114.467736ms 141.875494ms 172.530438ms 174.67601ms 183.219458ms 193.922588ms 197.33308ms 208.266154ms 237.31055ms 237.588459ms 259.204088ms 271.032493ms 288.722367ms 294.684663ms 299.219852ms 323.001867ms 328.672535ms 331.446341ms 343.139283ms 353.470632ms 354.848549ms 356.106627ms 364.309964ms 367.704371ms 369.028477ms 381.950597ms 383.694095ms 384.969632ms 386.589545ms 388.233714ms 390.315388ms 393.159749ms 393.658303ms 393.8181ms 394.302742ms 394.437973ms 396.980128ms 397.212402ms 397.960722ms 398.692077ms 401.652877ms 402.001656ms 402.450164ms 403.180004ms 403.290171ms 403.792683ms 403.814845ms 404.038797ms 404.703402ms 405.112703ms 406.014329ms 406.357819ms 406.81504ms 406.870477ms 406.880634ms 407.005503ms 407.697174ms 408.997506ms 409.618724ms 413.435365ms 413.502066ms 413.547646ms 414.963179ms 415.911854ms 417.191595ms 418.556209ms 419.313531ms 420.841355ms 421.840354ms 424.245408ms 424.764295ms 424.946447ms 425.571558ms 425.951452ms 425.997705ms 428.111827ms 428.218457ms 431.345116ms 431.746656ms 432.379795ms 434.681451ms 436.12624ms 438.834312ms 439.226614ms 440.439363ms 441.861718ms 442.107511ms 443.380523ms 444.781512ms 444.794344ms 444.962852ms 450.689681ms 453.858012ms 454.24727ms 454.395836ms 457.956419ms 467.708519ms 469.538139ms 470.297787ms 470.634954ms 471.929967ms 472.931666ms 473.943207ms 477.654747ms 478.706459ms 478.868927ms 480.749016ms 483.298223ms 485.44636ms 492.0007ms 493.791076ms 494.114736ms 496.05053ms 497.348318ms 513.785498ms 513.813807ms 514.052976ms 514.26023ms 523.385636ms 530.141952ms 531.5085ms 596.302012ms 609.239703ms 618.792825ms 621.15533ms 625.985348ms 628.740533ms 645.972914ms 660.675118ms 670.002531ms 671.852474ms 683.98792ms 685.198504ms 686.302578ms 688.492646ms 698.611042ms 705.035127ms 709.43328ms 714.264681ms 715.737611ms 725.082537ms 727.117382ms 728.371846ms 730.667147ms 731.923659ms 733.709647ms 737.104296ms 738.931722ms 739.408216ms 742.825291ms 743.651852ms 743.707362ms 744.17824ms 745.141191ms 746.81338ms 747.134ms 747.800028ms 747.922173ms 748.514353ms 748.540223ms 748.774777ms 749.289616ms 749.999191ms 750.53181ms 750.893269ms 751.098783ms 751.624048ms 752.103559ms 752.966217ms 753.237325ms 759.668134ms 759.834704ms 766.043118ms 767.917579ms 769.736023ms 770.156964ms 772.802536ms 772.832341ms 775.546814ms 777.788498ms 782.573005ms 791.808216ms 816.104261ms 28.90596401s 28.955058569s 29.000126862s 29.055907202s 29.101208761s 29.150206023s 29.195114607s 29.245029249s 29.279780228s 29.349020256s]&#xA;Feb 13 23:24:07.521: INFO: 50 %ile: 457.956419ms&#xA;Feb 13 23:24:07.521: INFO: 90 %ile: 767.917579ms&#xA;Feb 13 23:24:07.521: INFO: 99 %ile: 29.279780228s&#xA;Feb 13 23:24:07.521: INFO: Total sample count: 195&#xA;Feb 13 23:24:07.521: INFO: Not all RC/pod/service trials succeeded: got 5 errors&#xA;50, 90, 99 percentiles: 457.956419ms 767.917579ms 29.279780228s&#xA;[AfterEach] [sig-network] Service endpoints latency&#xA;  /go/src/k8s.io/kubernetes/_output/local/go/src/k8s.io/kubernetes/test/e2e/framework/framework.go:154&#xA;STEP: Collecting events from namespace &#34;e2e-tests-svc-latency-tjpvs&#34;.&#xA;STEP: Found 5 events.&#xA;Feb 13 23:24:07.543: INFO: At 2019-02-13 23:23:28 +0000 UTC - event for svc-latency-rc: {replication-controller } SuccessfulCreate: Created pod: svc-latency-rc-4jtfw&#xA;Feb 13 23:24:07.543: INFO: At 2019-02-13 23:23:28 +0000 UTC - event for svc-latency-rc-4jtfw: {default-scheduler } Scheduled: Successfully assigned e2e-tests-svc-latency-tjpvs/svc-latency-rc-4jtfw to shoot--it--pub-az-7eoqa-cpu-worker-7f75855789-nrfjx&#xA;Feb 13 23:24:07.543: INFO: At 2019-02-13 23:23:30 +0000 UTC - event for svc-latency-rc-4jtfw: {kubelet shoot--it--pub-az-7eoqa-cpu-worker-7f75855789-nrfjx} Pulled: Container image &#34;k8s.gcr.io/pause:3.1&#34; already present on machine&#xA;Feb 13 23:24:07.543: INFO: At 2019-02-13 23:23:30 +0000 UTC - event for svc-latency-rc-4jtfw: {kubelet shoot--it--pub-az-7eoqa-cpu-worker-7f75855789-nrfjx} Created: Created container&#xA;Feb 13 23:24:07.543: INFO: At 2019-02-13 23:23:30 +0000 UTC - event for svc-latency-rc-4jtfw: {kubelet shoot--it--pub-az-7eoqa-cpu-worker-7f75855789-nrfjx} Started: Started container&#xA;Feb 13 23:24:07.607: INFO: POD                                                             NODE                                                 PHASE    GRACE  CONDITIONS&#xA;Feb 13 23:24:07.607: INFO: svc-latency-rc-4jtfw                                            shoot--it--pub-az-7eoqa-cpu-worker-7f75855789-nrfjx  Running         [{Initialized True 0001-01-01 00:00:00 +0000 UTC 2019-02-13 23:23:28 +0000 UTC  } {Ready True 0001-01-01 00:00:00 +0000 UTC 2019-02-13 23:23:31 +0000 UTC  } {ContainersReady True 0001-01-01 00:00:00 +0000 UTC 2019-02-13 23:23:31 +0000 UTC  } {PodScheduled True 0001-01-01 00:00:00 +0000 UTC 2019-02-13 23:23:28 +0000 UTC  }]&#xA;Feb 13 23:24:07.607: INFO: addons-kube-lego-69bbdc96b6-6m8wg                               shoot--it--pub-az-7eoqa-cpu-worker-7f75855789-z8sbp  Running         [{Initialized True 0001-01-01 00:00:00 +0000 UTC 2019-02-13 22:04:02 +0000 UTC  } {Ready True 0001-01-01 00:00:00 +0000 UTC 2019-02-13 22:05:06 +0000 UTC  } {ContainersReady True 0001-01-01 00:00:00 +0000 UTC 2019-02-13 22:05:06 +0000 UTC  } {PodScheduled True 0001-01-01 00:00:00 +0000 UTC 2019-02-13 22:04:02 +0000 UTC  }]&#xA;Feb 13 23:24:07.607: INFO: addons-kubernetes-dashboard-6579b646c5-g48vq                    shoot--it--pub-az-7eoqa-cpu-worker-7f75855789-z8sbp  Running         [{Initialized True 0001-01-01 00:00:00 +0000 UTC 2019-02-13 22:04:02 +0000 UTC  } {Ready True 0001-01-01 00:00:00 +0000 UTC 2019-02-13 22:05:02 +0000 UTC  } {ContainersReady True 0001-01-01 00:00:00 +0000 UTC 2019-02-13 22:05:02 +0000 UTC  } {PodScheduled True 0001-01-01 00:00:00 +0000 UTC 2019-02-13 22:04:02 +0000 UTC  }]&#xA;Feb 13 23:24:07.608: INFO: addons-nginx-ingress-controller-d74bfff57-87jx9                 shoot--it--pub-az-7eoqa-cpu-worker-7f75855789-z8sbp  Running         [{Initialized True 0001-01-01 00:00:00 +0000 UTC 2019-02-13 22:04:02 +0000 UTC  } {Ready True 0001-01-01 00:00:00 +0000 UTC 2019-02-13 22:04:58 +0000 UTC  } {ContainersReady True 0001-01-01 00:00:00 +0000 UTC 2019-02-13 22:04:58 +0000 UTC  } {PodScheduled True 0001-01-01 00:00:00 +0000 UTC 2019-02-13 22:04:02 +0000 UTC  }]&#xA;Feb 13 23:24:07.608: INFO: addons-nginx-ingress-nginx-ingress-k8s-backend-74b5975d7-kj5ch  shoot--it--pub-az-7eoqa-cpu-worker-7f75855789-z8sbp  Running         [{Initialized True 0001-01-01 00:00:00 +0000 UTC 2019-02-13 22:04:02 +0000 UTC  } {Ready True 0001-01-01 00:00:00 +0000 UTC 2019-02-13 22:04:17 +0000 UTC  } {ContainersReady True 0001-01-01 00:00:00 +0000 UTC 2019-02-13 22:04:17 +0000 UTC  } {PodScheduled True 0001-01-01 00:00:00 +0000 UTC 2019-02-13 22:04:02 +0000 UTC  }]&#xA;Feb 13 23:24:07.608: INFO: blackbox-exporter-d6c46f9fc-5xt9g                               shoot--it--pub-az-7eoqa-cpu-worker-7f75855789-z8sbp  Running         [{Initialized True 0001-01-01 00:00:00 +0000 UTC 2019-02-13 22:04:02 +0000 UTC  } {Ready True 0001-01-01 00:00:00 +0000 UTC 2019-02-13 22:05:07 +0000 UTC  } {ContainersReady True 0001-01-01 00:00:00 +0000 UTC 2019-02-13 22:05:07 +0000 UTC  } {PodScheduled True 0001-01-01 00:00:00 +0000 UTC 2019-02-13 22:04:02 +0000 UTC  }]&#xA;Feb 13 23:24:07.608: INFO: calico-node-psbns                                               shoot--it--pub-az-7eoqa-cpu-worker-7f75855789-z8sbp  Running         [{Initialized True 0001-01-01 00:00:00 +0000 UTC 2019-02-13 22:03:54 +0000 UTC  } {Ready True 0001-01-01 00:00:00 +0000 UTC 2019-02-13 22:04:06 +0000 UTC  } {ContainersReady True 0001-01-01 00:00:00 +0000 UTC 2019-02-13 22:04:06 +0000 UTC  } {PodScheduled True 0001-01-01 00:00:00 +0000 UTC 2019-02-13 22:03:42 +0000 UTC  }]&#xA;Feb 13 23:24:07.608: INFO: calico-node-skgqz                                               shoot--it--pub-az-7eoqa-cpu-worker-7f75855789-nrfjx  Running         [{Initialized True 0001-01-01 00:00:00 +0000 UTC 2019-02-13 22:04:00 +0000 UTC  } {Ready True 0001-01-01 00:00:00 +0000 UTC 2019-02-13 22:04:12 +0000 UTC  } {ContainersReady True 0001-01-01 00:00:00 +0000 UTC 2019-02-13 22:04:12 +0000 UTC  } {PodScheduled True 0001-01-01 00:00:00 +0000 UTC 2019-02-13 22:03:50 +0000 UTC  }]&#xA;Feb 13 23:24:07.608: INFO: coredns-67df79bbdd-96tpz                                        shoot--it--pub-az-7eoqa-cpu-worker-7f75855789-z8sbp  Running         [{Initialized True 0001-01-01 00:00:00 +0000 UTC 2019-02-13 22:04:02 +0000 UTC  } {Ready True 0001-01-01 00:00:00 +0000 UTC 2019-02-13 22:04:59 +0000 UTC  } {ContainersReady True 0001-01-01 00:00:00 +0000 UTC 2019-02-13 22:04:59 +0000 UTC  } {PodScheduled True 0001-01-01 00:00:00 +0000 UTC 2019-02-13 22:04:02 +0000 UTC  }]&#xA;Feb 13 23:24:07.608: INFO: kube-proxy-6688x                                                shoot--it--pub-az-7eoqa-cpu-worker-7f75855789-z8sbp  Running         [{Initialized True 0001-01-01 00:00:00 +0000 UTC 2019-02-13 22:03:43 +0000 UTC  } {Ready True 0001-01-01 00:00:00 +0000 UTC 2019-02-13 22:03:48 +0000 UTC  } {ContainersReady True 0001-01-01 00:00:00 +0000 UTC 2019-02-13 22:03:48 +0000 UTC  } {PodScheduled True 0001-01-01 00:00:00 +0000 UTC 2019-02-13 22:03:42 +0000 UTC  }]&#xA;Feb 13 23:24:07.608: INFO: kube-proxy-n2tgw                                                shoot--it--pub-az-7eoqa-cpu-worker-7f75855789-nrfjx  Running         [{Initialized True 0001-01-01 00:00:00 +0000 UTC 2019-02-13 22:03:50 +0000 UTC  } {Ready True 0001-01-01 00:00:00 +0000 UTC 2019-02-13 22:03:55 +0000 UTC  } {ContainersReady True 0001-01-01 00:00:00 +0000 UTC 2019-02-13 22:03:55 +0000 UTC  } {PodScheduled True 0001-01-01 00:00:00 +0000 UTC 2019-02-13 22:03:50 +0000 UTC  }]&#xA;Feb 13 23:24:07.608: INFO: metrics-server-65cc55bd79-8kjg8                                 shoot--it--pub-az-7eoqa-cpu-worker-7f75855789-z8sbp  Running         [{Initialized True 0001-01-01 00:00:00 +0000 UTC 2019-02-13 22:04:02 +0000 UTC  } {Ready True 0001-01-01 00:00:00 +0000 UTC 2019-02-13 22:04:21 +0000 UTC  } {ContainersReady True 0001-01-01 00:00:00 +0000 UTC 2019-02-13 22:04:21 +0000 UTC  } {PodScheduled True 0001-01-01 00:00:00 +0000 UTC 2019-02-13 22:04:02 +0000 UTC  }]&#xA;Feb 13 23:24:07.608: INFO: node-exporter-clvlv                                             shoot--it--pub-az-7eoqa-cpu-worker-7f75855789-nrfjx  Running         [{Initialized True 0001-01-01 00:00:00 +0000 UTC 2019-02-13 22:03:50 +0000 UTC  } {Ready True 0001-01-01 00:00:00 +0000 UTC 2019-02-13 22:04:15 +0000 UTC  } {ContainersReady True 0001-01-01 00:00:00 +0000 UTC 2019-02-13 22:04:15 +0000 UTC  } {PodScheduled True 0001-01-01 00:00:00 +0000 UTC 2019-02-13 22:03:50 +0000 UTC  }]&#xA;Feb 13 23:24:07.608: INFO: node-exporter-tmhn5                                             shoot--it--pub-az-7eoqa-cpu-worker-7f75855789-z8sbp  Running         [{Initialized True 0001-01-01 00:00:00 +0000 UTC 2019-02-13 22:03:43 +0000 UTC  } {Ready True 0001-01-01 00:00:00 +0000 UTC 2019-02-13 22:04:07 +0000 UTC  } {ContainersReady True 0001-01-01 00:00:00 +0000 UTC 2019-02-13 22:04:07 +0000 UTC  } {PodScheduled True 0001-01-01 00:00:00 +0000 UTC 2019-02-13 22:03:42 +0000 UTC  }]&#xA;Feb 13 23:24:07.608: INFO: vpn-shoot-c76596df-6nsrb                                        shoot--it--pub-az-7eoqa-cpu-worker-7f75855789-z8sbp  Running         [{Initialized True 0001-01-01 00:00:00 +0000 UTC 2019-02-13 22:04:02 +0000 UTC  } {Ready True 0001-01-01 00:00:00 +0000 UTC 2019-02-13 22:04:19 +0000 UTC  } {ContainersReady True 0001-01-01 00:00:00 +0000 UTC 2019-02-13 22:04:19 +0000 UTC  } {PodScheduled True 0001-01-01 00:00:00 +0000 UTC 2019-02-13 22:04:02 +0000 UTC  }]&#xA;Feb 13 23:24:07.608: INFO: &#xA;Feb 13 23:24:07.630: INFO: &#xA;Logging node info for node shoot--it--pub-az-7eoqa-cpu-worker-7f75855789-nrfjx&#xA;Feb 13 23:24:07.651: INFO: Node Info: &amp;Node{ObjectMeta:k8s_io_apimachinery_pkg_apis_meta_v1.ObjectMeta{Name:shoot--it--pub-az-7eoqa-cpu-worker-7f75855789-nrfjx,GenerateName:,Namespace:,SelfLink:/api/v1/nodes/shoot--it--pub-az-7eoqa-cpu-worker-7f75855789-nrfjx,UID:3e65adb9-2fdb-11e9-9f3f-da917295d151,ResourceVersion:12954,Generation:0,CreationTimestamp:2019-02-13 22:03:50 +0000 UTC,DeletionTimestamp:&lt;nil&gt;,DeletionGracePeriodSeconds:nil,Labels:map[string]string{beta.kubernetes.io/arch: amd64,beta.kubernetes.io/instance-type: Standard_DS2_v2,beta.kubernetes.io/os: linux,failure-domain.beta.kubernetes.io/region: westeurope,failure-domain.beta.kubernetes.io/zone: 1,kubernetes.io/hostname: shoot--it--pub-az-7eoqa-cpu-worker-7f75855789-nrfjx,kubernetes.io/role: node,node-role.kubernetes.io/node: ,worker.garden.sapcloud.io/group: cpu-worker,},Annotations:map[string]string{node.alpha.kubernetes.io/ttl: 0,projectcalico.org/IPv4Address: 10.250.0.5/19,volumes.kubernetes.io/controller-managed-attach-detach: true,},OwnerReferences:[],Finalizers:[],ClusterName:,Initializers:nil,},Spec:NodeSpec{PodCIDR:100.96.1.0/24,DoNotUse_ExternalID:,ProviderID:azure:///subscriptions/00d2caa5-cd29-46f7-845a-2f8ee0360ef5/resourceGroups/shoot--it--pub-az-7eoqa/providers/Microsoft.Compute/virtualMachines/shoot--it--pub-az-7eoqa-cpu-worker-7f75855789-nrfjx,Unschedulable:false,Taints:[],ConfigSource:nil,},Status:NodeStatus{Capacity:ResourceList{attachable-volumes-azure-disk: {{8 0} {&lt;nil&gt;} 8 DecimalSI},cpu: {{2 0} {&lt;nil&gt;} 2 DecimalSI},ephemeral-storage: {{33931702272 0} {&lt;nil&gt;} 33136428Ki BinarySI},hugepages-1Gi: {{0 0} {&lt;nil&gt;} 0 DecimalSI},hugepages-2Mi: {{0 0} {&lt;nil&gt;} 0 DecimalSI},memory: {{7286583296 0} {&lt;nil&gt;} 7115804Ki BinarySI},pods: {{110 0} {&lt;nil&gt;} 110 DecimalSI},},Allocatable:ResourceList{attachable-volumes-azure-disk: {{8 0} {&lt;nil&gt;} 8 DecimalSI},cpu: {{1920 -3} {&lt;nil&gt;} 1920m DecimalSI},ephemeral-storage: {{32235117134 0} {&lt;nil&gt;} 32235117134 DecimalSI},hugepages-1Gi: {{0 0} {&lt;nil&gt;} 0 DecimalSI},hugepages-2Mi: {{0 0} {&lt;nil&gt;} 0 DecimalSI},memory: {{5848512302 0} {&lt;nil&gt;} 5848512302 DecimalSI},pods: {{110 0} {&lt;nil&gt;} 110 DecimalSI},},Phase:,Conditions:[{NetworkUnavailable False 2019-02-13 22:04:14 +0000 UTC 2019-02-13 22:04:14 +0000 UTC RouteCreated RouteController created a route} {MemoryPressure False 2019-02-13 23:24:04 +0000 UTC 2019-02-13 22:03:50 +0000 UTC KubeletHasSufficientMemory kubelet has sufficient memory available} {DiskPressure False 2019-02-13 23:24:04 +0000 UTC 2019-02-13 22:03:50 +0000 UTC KubeletHasNoDiskPressure kubelet has no disk pressure} {PIDPressure False 2019-02-13 23:24:04 +0000 UTC 2019-02-13 22:03:50 +0000 UTC KubeletHasSufficientPID kubelet has sufficient PID available} {Ready True 2019-02-13 23:24:04 +0000 UTC 2019-02-13 22:04:10 +0000 UTC KubeletReady kubelet is posting ready status}],Addresses:[{InternalIP 10.250.0.5} {Hostname shoot--it--pub-az-7eoqa-cpu-worker-7f75855789-nrfjx}],DaemonEndpoints:NodeDaemonEndpoints{KubeletEndpoint:DaemonEndpoint{Port:10250,},},NodeInfo:NodeSystemInfo{MachineID:c6a974bd9e9a471f9985af77c270be63,SystemUUID:485BC509-BC48-AC4D-A484-A78B36A6CFF6,BootID:e730366f-e2e0-4aff-bae0-eb62accbb532,KernelVersion:4.14.96-coreos,OSImage:Container Linux by CoreOS 1967.5.0 (Rhyolite),ContainerRuntimeVersion:docker://18.6.1,KubeletVersion:v1.13.3,KubeProxyVersion:v1.13.3,OperatingSystem:linux,Architecture:amd64,},Images:[{[k8s.gcr.io/hyperkube@sha256:a36f9497dacfac277ca706ef245a04682ec9f5a7afa0ad27036d08e7c108d57b k8s.gcr.io/hyperkube:v1.12.3] 635332234} {[k8s.gcr.io/hyperkube@sha256:388312116707c0420c492accc15ad3ba400911c2c337c8b33049f8d92f9c7bb9 k8s.gcr.io/hyperkube:v1.13.3] 564951434} {[gcr.io/google-samples/gb-frontend@sha256:35cb427341429fac3df10ff74600ea73e8ec0754d78f9ce89e0b4f3d70d53ba6 gcr.io/google-samples/gb-frontend:v6] 373099368} {[nginx@sha256:dd2d0ac3fff2f007d99e033b64854be0941e19a2ad51f174d9240dda20d9f534 nginx:latest] 109202600} {[gcr.io/google-samples/gb-redisslave@sha256:57730a481f97b3321138161ba2c8c9ca3b32df32ce9180e4029e6940446800ec gcr.io/google-samples/gb-redisslave:v3] 98945667} {[quay.io/calico/node@sha256:264d7de573a956f8914de93fbade66bdc7fd86f22a8f4e9a99ebdbb9e45b66f7 quay.io/calico/node:v3.4.0] 75919845} {[quay.io/calico/cni@sha256:526f0c585f66fc70d79062463d78a324f053c406b69a600fc282c2aaa74c4428 quay.io/calico/cni:v3.4.0] 75434816} {[ruby@sha256:83eebc6b30281ff43dc919cdd361803fb296f74f3d4f1cc42036860a49de9caf ruby:2.5.3-alpine] 50827145} {[gcr.io/kubernetes-e2e-test-images/nettest@sha256:6aa91bc71993260a87513e31b672ec14ce84bc253cd5233406c6946d3a8f55a1 gcr.io/kubernetes-e2e-test-images/nettest:1.0] 27413498} {[quay.io/prometheus/node-exporter@sha256:1b129a3801a0440f9c5b2afb20082dfdb31bf6092b561f5f249531130000cb83 quay.io/prometheus/node-exporter:v0.17.0] 20982005} {[nginx@sha256:b96aeeb1687703c49096f4969358d44f8520b671da94848309a3ba5be5b4c632 nginx:1.14-alpine] 16032888} {[gcr.io/kubernetes-e2e-test-images/hostexec@sha256:90dfe59da029f9e536385037bc64e86cd3d6e55bae613ddbe69e554d79b0639d gcr.io/kubernetes-e2e-test-images/hostexec:1.1] 8490662} {[gcr.io/kubernetes-e2e-test-images/netexec@sha256:203f0e11dde4baf4b08e27de094890eb3447d807c8b3e990b764b799d3a9e8b7 gcr.io/kubernetes-e2e-test-images/netexec:1.1] 6705349} {[gcr.io/kubernetes-e2e-test-images/redis@sha256:af4748d1655c08dc54d4be5182135395db9ce87aba2d4699b26b14ae197c5830 gcr.io/kubernetes-e2e-test-images/redis:1.0] 5905732} {[gcr.io/kubernetes-e2e-test-images/serve-hostname@sha256:bab70473a6d8ef65a22625dc9a1b0f0452e811530fdbe77e4408523460177ff1 gcr.io/kubernetes-e2e-test-images/serve-hostname:1.1] 5851985} {[gcr.io/kubernetes-e2e-test-images/test-webserver@sha256:7f93d6e32798ff28bc6289254d0c2867fe2c849c8e46edc50f8624734309812e gcr.io/kubernetes-e2e-test-images/test-webserver:1.0] 4732240} {[gcr.io/kubernetes-e2e-test-images/entrypoint-tester@sha256:ba4681b5299884a3adca70fbde40638373b437a881055ffcd0935b5f43eb15c9 gcr.io/kubernetes-e2e-test-images/entrypoint-tester:1.0] 2729534} {[gcr.io/kubernetes-e2e-test-images/mounttest@sha256:c0bd6f0755f42af09a68c9a47fb993136588a76b3200ec305796b60d629d85d2 gcr.io/kubernetes-e2e-test-images/mounttest:1.0] 1563521} {[gcr.io/kubernetes-e2e-test-images/mounttest-user@sha256:17319ca525ee003681fccf7e8c6b1b910ff4f49b653d939ac7f9b6e7c463933d gcr.io/kubernetes-e2e-test-images/mounttest-user:1.0] 1450451} {[busybox@sha256:8ccbac733d19c0dd4d70b4f0c1e12245b5fa3ad24758a11035ee505c629c0796 busybox:1.29] 1154361} {[gcr.io/google_containers/pause-amd64@sha256:59eec8837a4d942cc19a52b8c09ea75121acc38114a2c68b98983ce9356b8610 k8s.gcr.io/pause@sha256:f78411e19d84a252e53bff71a4407a5686c46983a2c2eeed83929b888179acea gcr.io/google_containers/pause-amd64:3.1 k8s.gcr.io/pause:3.1] 742472}],VolumesInUse:[],VolumesAttached:[],Config:nil,},}&#xA;Feb 13 23:24:07.654: INFO: &#xA;Logging kubelet events for node shoot--it--pub-az-7eoqa-cpu-worker-7f75855789-nrfjx&#xA;Feb 13 23:24:07.675: INFO: &#xA;Logging pods the kubelet thinks is on node shoot--it--pub-az-7eoqa-cpu-worker-7f75855789-nrfjx&#xA;Feb 13 23:24:07.704: INFO: node-exporter-clvlv started at 2019-02-13 22:03:50 +0000 UTC (0+1 container statuses recorded)&#xA;Feb 13 23:24:07.704: INFO: &#x9;Container node-exporter ready: true, restart count 0&#xA;Feb 13 23:24:07.704: INFO: kube-proxy-n2tgw started at 2019-02-13 22:03:50 +0000 UTC (0+1 container statuses recorded)&#xA;Feb 13 23:24:07.704: INFO: &#x9;Container kube-proxy ready: true, restart count 0&#xA;Feb 13 23:24:07.704: INFO: svc-latency-rc-4jtfw started at 2019-02-13 23:23:28 +0000 UTC (0+1 container statuses recorded)&#xA;Feb 13 23:24:07.704: INFO: &#x9;Container svc-latency-rc ready: true, restart count 0&#xA;Feb 13 23:24:07.704: INFO: calico-node-skgqz started at 2019-02-13 22:03:50 +0000 UTC (1+1 container statuses recorded)&#xA;Feb 13 23:24:07.704: INFO: &#x9;Init container install-cni ready: true, restart count 0&#xA;Feb 13 23:24:07.704: INFO: &#x9;Container calico-node ready: true, restart count 0&#xA;Feb 13 23:24:07.856: INFO: &#xA;Latency metrics for node shoot--it--pub-az-7eoqa-cpu-worker-7f75855789-nrfjx&#xA;Feb 13 23:24:07.856: INFO: {Operation:stop_container Method:docker_operations_latency_microseconds Quantile:0.99 Latency:30.26888s}&#xA;Feb 13 23:24:07.856: INFO: &#xA;Logging node info for node shoot--it--pub-az-7eoqa-cpu-worker-7f75855789-z8sbp&#xA;Feb 13 23:24:07.878: INFO: Node Info: &amp;Node{ObjectMeta:k8s_io_apimachinery_pkg_apis_meta_v1.ObjectMeta{Name:shoot--it--pub-az-7eoqa-cpu-worker-7f75855789-z8sbp,GenerateName:,Namespace:,SelfLink:/api/v1/nodes/shoot--it--pub-az-7eoqa-cpu-worker-7f75855789-z8sbp,UID:396631bc-2fdb-11e9-9f3f-da917295d151,ResourceVersion:12950,Generation:0,CreationTimestamp:2019-02-13 22:03:41 +0000 UTC,DeletionTimestamp:&lt;nil&gt;,DeletionGracePeriodSeconds:nil,Labels:map[string]string{beta.kubernetes.io/arch: amd64,beta.kubernetes.io/instance-type: Standard_DS2_v2,beta.kubernetes.io/os: linux,failure-domain.beta.kubernetes.io/region: westeurope,failure-domain.beta.kubernetes.io/zone: 0,kubernetes.io/hostname: shoot--it--pub-az-7eoqa-cpu-worker-7f75855789-z8sbp,kubernetes.io/role: node,node-role.kubernetes.io/node: ,worker.garden.sapcloud.io/group: cpu-worker,},Annotations:map[string]string{node.alpha.kubernetes.io/ttl: 0,projectcalico.org/IPv4Address: 10.250.0.4/19,volumes.kubernetes.io/controller-managed-attach-detach: true,},OwnerReferences:[],Finalizers:[],ClusterName:,Initializers:nil,},Spec:NodeSpec{PodCIDR:100.96.0.0/24,DoNotUse_ExternalID:,ProviderID:azure:///subscriptions/00d2caa5-cd29-46f7-845a-2f8ee0360ef5/resourceGroups/shoot--it--pub-az-7eoqa/providers/Microsoft.Compute/virtualMachines/shoot--it--pub-az-7eoqa-cpu-worker-7f75855789-z8sbp,Unschedulable:false,Taints:[],ConfigSource:nil,},Status:NodeStatus{Capacity:ResourceList{attachable-volumes-azure-disk: {{8 0} {&lt;nil&gt;} 8 DecimalSI},cpu: {{2 0} {&lt;nil&gt;} 2 DecimalSI},ephemeral-storage: {{33931702272 0} {&lt;nil&gt;} 33136428Ki BinarySI},hugepages-1Gi: {{0 0} {&lt;nil&gt;} 0 DecimalSI},hugepages-2Mi: {{0 0} {&lt;nil&gt;} 0 DecimalSI},memory: {{7286583296 0} {&lt;nil&gt;} 7115804Ki BinarySI},pods: {{110 0} {&lt;nil&gt;} 110 DecimalSI},},Allocatable:ResourceList{attachable-volumes-azure-disk: {{8 0} {&lt;nil&gt;} 8 DecimalSI},cpu: {{1920 -3} {&lt;nil&gt;} 1920m DecimalSI},ephemeral-storage: {{32235117134 0} {&lt;nil&gt;} 32235117134 DecimalSI},hugepages-1Gi: {{0 0} {&lt;nil&gt;} 0 DecimalSI},hugepages-2Mi: {{0 0} {&lt;nil&gt;} 0 DecimalSI},memory: {{5848512302 0} {&lt;nil&gt;} 5848512302 DecimalSI},pods: {{110 0} {&lt;nil&gt;} 110 DecimalSI},},Phase:,Conditions:[{NetworkUnavailable False 2019-02-13 22:04:31 +0000 UTC 2019-02-13 22:04:31 +0000 UTC RouteCreated RouteController created a route} {MemoryPressure False 2019-02-13 23:24:02 +0000 UTC 2019-02-13 22:03:41 +0000 UTC KubeletHasSufficientMemory kubelet has sufficient memory available} {DiskPressure False 2019-02-13 23:24:02 +0000 UTC 2019-02-13 22:03:41 +0000 UTC KubeletHasNoDiskPressure kubelet has no disk pressure} {PIDPressure False 2019-02-13 23:24:02 +0000 UTC 2019-02-13 22:03:41 +0000 UTC KubeletHasSufficientPID kubelet has sufficient PID available} {Ready True 2019-02-13 23:24:02 +0000 UTC 2019-02-13 22:04:02 +0000 UTC KubeletReady kubelet is posting ready status}],Addresses:[{InternalIP 10.250.0.4} {Hostname shoot--it--pub-az-7eoqa-cpu-worker-7f75855789-z8sbp}],DaemonEndpoints:NodeDaemonEndpoints{KubeletEndpoint:DaemonEndpoint{Port:10250,},},NodeInfo:NodeSystemInfo{MachineID:6c8c7e4d4c77480683bae4659ecfe2c8,SystemUUID:ACBA3163-164E-654B-A3CA-359ACDA743E9,BootID:6655f8f9-c370-4c96-b50d-24dd05e8cb6f,KernelVersion:4.14.96-coreos,OSImage:Container Linux by CoreOS 1967.5.0 (Rhyolite),ContainerRuntimeVersion:docker://18.6.1,KubeletVersion:v1.13.3,KubeProxyVersion:v1.13.3,OperatingSystem:linux,Architecture:amd64,},Images:[{[k8s.gcr.io/hyperkube@sha256:a36f9497dacfac277ca706ef245a04682ec9f5a7afa0ad27036d08e7c108d57b k8s.gcr.io/hyperkube:v1.12.3] 635332234} {[quay.io/kubernetes-ingress-controller/nginx-ingress-controller@sha256:617076c3e3d4d0638a4927702530d8456bda64c67194f6daed272a59e93b992f quay.io/kubernetes-ingress-controller/nginx-ingress-controller:0.21.0] 568075227} {[k8s.gcr.io/hyperkube@sha256:388312116707c0420c492accc15ad3ba400911c2c337c8b33049f8d92f9c7bb9 k8s.gcr.io/hyperkube:v1.13.3] 564951434} {[gcr.io/google-samples/gb-frontend@sha256:35cb427341429fac3df10ff74600ea73e8ec0754d78f9ce89e0b4f3d70d53ba6 gcr.io/google-samples/gb-frontend:v6] 373099368} {[k8s.gcr.io/kubernetes-dashboard-amd64@sha256:0ae6b69432e78069c5ce2bcde0fe409c5c4d6f0f4d9cd50a17974fea38898747 k8s.gcr.io/kubernetes-dashboard-amd64:v1.10.1] 121711221} {[gcr.io/google-samples/gb-redisslave@sha256:57730a481f97b3321138161ba2c8c9ca3b32df32ce9180e4029e6940446800ec gcr.io/google-samples/gb-redisslave:v3] 98945667} {[quay.io/calico/node@sha256:264d7de573a956f8914de93fbade66bdc7fd86f22a8f4e9a99ebdbb9e45b66f7 quay.io/calico/node:v3.4.0] 75919845} {[quay.io/calico/cni@sha256:526f0c585f66fc70d79062463d78a324f053c406b69a600fc282c2aaa74c4428 quay.io/calico/cni:v3.4.0] 75434816} {[eu.gcr.io/gardener-project/gardener/ingress-default-backend@sha256:17b68928ead12cc9df88ee60d9c638d3fd642a7e122c2bb7586da1a21eb2de45 eu.gcr.io/gardener-project/gardener/ingress-default-backend:0.7.0] 69546830} {[ruby@sha256:83eebc6b30281ff43dc919cdd361803fb296f74f3d4f1cc42036860a49de9caf ruby:2.5.3-alpine] 50827145} {[jetstack/kube-lego@sha256:7824e0c58ee4403364227453dda6c2b0bc88ea6159e521973e5d8b2b7a64851b jetstack/kube-lego:0.1.7] 48639481} {[k8s.gcr.io/metrics-server-amd64@sha256:78938f933822856f443e6827fe5b37d6cc2f74ae888ac8b33d06fdbe5f8c658b k8s.gcr.io/metrics-server-amd64:v0.3.1] 40767713} {[coredns/coredns@sha256:e030773c7fee285435ed7fc7623532ee54c4c1c4911fb24d95cd0170a8a768bc coredns/coredns:1.3.0] 40415528} {[quay.io/prometheus/node-exporter@sha256:1b129a3801a0440f9c5b2afb20082dfdb31bf6092b561f5f249531130000cb83 quay.io/prometheus/node-exporter:v0.17.0] 20982005} {[quay.io/prometheus/blackbox-exporter@sha256:0958c966dca13db9880a55e03221f507a2cf72ccf401b34642bdb0ba739d056f quay.io/prometheus/blackbox-exporter:v0.13.0] 17490231} {[nginx@sha256:b96aeeb1687703c49096f4969358d44f8520b671da94848309a3ba5be5b4c632 nginx:1.14-alpine] 16032888} {[eu.gcr.io/gardener-project/gardener/vpn-shoot@sha256:411918b22b7e3dbfee1838bed73b621777cb28896410e06b53ed4cdaa4aa1c1d eu.gcr.io/gardener-project/gardener/vpn-shoot:0.13.0] 13638102} {[gcr.io/kubernetes-e2e-test-images/netexec@sha256:203f0e11dde4baf4b08e27de094890eb3447d807c8b3e990b764b799d3a9e8b7 gcr.io/kubernetes-e2e-test-images/netexec:1.1] 6705349} {[gcr.io/google_containers/pause-amd64@sha256:59eec8837a4d942cc19a52b8c09ea75121acc38114a2c68b98983ce9356b8610 gcr.io/google_containers/pause-amd64:3.1] 742472}],VolumesInUse:[],VolumesAttached:[],Config:nil,},}&#xA;Feb 13 23:24:07.878: INFO: &#xA;Logging kubelet events for node shoot--it--pub-az-7eoqa-cpu-worker-7f75855789-z8sbp&#xA;Feb 13 23:24:07.899: INFO: &#xA;Logging pods the kubelet thinks is on node shoot--it--pub-az-7eoqa-cpu-worker-7f75855789-z8sbp&#xA;Feb 13 23:24:07.936: INFO: metrics-server-65cc55bd79-8kjg8 started at 2019-02-13 22:04:02 +0000 UTC (0+1 container statuses recorded)&#xA;Feb 13 23:24:07.936: INFO: &#x9;Container metrics-server ready: true, restart count 0&#xA;Feb 13 23:24:07.936: INFO: addons-kubernetes-dashboard-6579b646c5-g48vq started at 2019-02-13 22:04:02 +0000 UTC (0+1 container statuses recorded)&#xA;Feb 13 23:24:07.936: INFO: &#x9;Container kubernetes-dashboard ready: true, restart count 0&#xA;Feb 13 23:24:07.936: INFO: kube-proxy-6688x started at 2019-02-13 22:03:43 +0000 UTC (0+1 container statuses recorded)&#xA;Feb 13 23:24:07.936: INFO: &#x9;Container kube-proxy ready: true, restart count 0&#xA;Feb 13 23:24:07.936: INFO: calico-node-psbns started at 2019-02-13 22:03:43 +0000 UTC (1+1 container statuses recorded)&#xA;Feb 13 23:24:07.936: INFO: &#x9;Init container install-cni ready: true, restart count 0&#xA;Feb 13 23:24:07.936: INFO: &#x9;Container calico-node ready: true, restart count 0&#xA;Feb 13 23:24:07.936: INFO: addons-nginx-ingress-controller-d74bfff57-87jx9 started at 2019-02-13 22:04:02 +0000 UTC (0+1 container statuses recorded)&#xA;Feb 13 23:24:07.936: INFO: &#x9;Container nginx-ingress-controller ready: true, restart count 0&#xA;Feb 13 23:24:07.936: INFO: blackbox-exporter-d6c46f9fc-5xt9g started at 2019-02-13 22:04:02 +0000 UTC (0+1 container statuses recorded)&#xA;Feb 13 23:24:07.936: INFO: &#x9;Container blackbox-exporter ready: true, restart count 0&#xA;Feb 13 23:24:07.936: INFO: addons-kube-lego-69bbdc96b6-6m8wg started at 2019-02-13 22:04:02 +0000 UTC (0+1 container statuses recorded)&#xA;Feb 13 23:24:07.936: INFO: &#x9;Container kube-lego ready: true, restart count 0&#xA;Feb 13 23:24:07.936: INFO: vpn-shoot-c76596df-6nsrb started at 2019-02-13 22:04:02 +0000 UTC (0+1 container statuses recorded)&#xA;Feb 13 23:24:07.936: INFO: &#x9;Container vpn-shoot ready: true, restart count 0&#xA;Feb 13 23:24:07.936: INFO: coredns-67df79bbdd-96tpz started at 2019-02-13 22:04:02 +0000 UTC (0+1 container statuses recorded)&#xA;Feb 13 23:24:07.936: INFO: &#x9;Container coredns ready: true, restart count 0&#xA;Feb 13 23:24:07.936: INFO: node-exporter-tmhn5 started at 2019-02-13 22:03:43 +0000 UTC (0+1 container statuses recorded)&#xA;Feb 13 23:24:07.936: INFO: &#x9;Container node-exporter ready: true, restart count 0&#xA;Feb 13 23:24:07.936: INFO: addons-nginx-ingress-nginx-ingress-k8s-backend-74b5975d7-kj5ch started at 2019-02-13 22:04:02 +0000 UTC (0+1 container statuses recorded)&#xA;Feb 13 23:24:07.936: INFO: &#x9;Container nginx-ingress-nginx-ingress-k8s-backend ready: true, restart count 0&#xA;Feb 13 23:24:08.107: INFO: &#xA;Latency metrics for node shoot--it--pub-az-7eoqa-cpu-worker-7f75855789-z8sbp&#xA;Feb 13 23:24:08.107: INFO: Waiting up to 3m0s for all (but 0) nodes to be ready&#xA;STEP: Destroying namespace &#34;e2e-tests-svc-latency-tjpvs&#34; for this suite.&#xA;Feb 13 23:24:26.194: INFO: Waiting up to 30s for server preferred namespaced resources to be successfully discovered&#xA;Feb 13 23:24:26.652: INFO: namespace: e2e-tests-svc-latency-tjpvs, resource: bindings, ignored listing per whitelist&#xA;Feb 13 23:24:27.069: INFO: namespace e2e-tests-svc-latency-tjpvs deletion completed in 18.939745944s&#xA;</system-out>
      </testcase>
      <testcase name="[sig-network] Service endpoints latency should not be very high  [Conformance]" classname="Kubernetes e2e suite" time="29.785520197"></testcase>
      <testcase name="[sig-storage] In-tree Volumes [Driver: hostPathSymlink] [Testpattern: Dynamic PV (ext4)] volumes should allow exec of files on the volume" classname="Kubernetes e2e suite" time="0">
          <skipped></skipped>
      </testcase>
      <testcase name="[sig-storage] Projected configMap should be consumable from pods in volume as non-root with defaultMode and fsGroup set [NodeFeature:FSGroup]" classname="Kubernetes e2e suite" time="0">
          <skipped></skipped>
      </testcase>
      <testcase name="[sig-cluster-lifecycle] Addon update should propagate add-on file changes [Slow]" classname="Kubernetes e2e suite" time="0">
          <skipped></skipped>
      </testcase>
      <testcase name="[sig-storage] In-tree Volumes [Driver: hostPathSymlink] [Testpattern: Dynamic PV (default fs)] subPath should unmount if pod is force deleted while kubelet is down [Disruptive][Slow]" classname="Kubernetes e2e suite" time="0">
          <skipped></skipped>
      </testcase>
      <testcase name="[sig-cluster-lifecycle] Reboot [Disruptive] [Feature:Reboot] each node by ordering clean reboot and ensure they function upon restart" classname="Kubernetes e2e suite" time="0">
          <skipped></skipped>
      </testcase>
      <testcase name="[sig-cluster-lifecycle] Nodes [Disruptive] Resize [Slow] should be able to add nodes" classname="Kubernetes e2e suite" time="0">
          <skipped></skipped>
      </testcase>
      <testcase name="[sig-storage] CSI Volumes [Driver: pd.csi.storage.gke.io][Feature: gcePD-external] [Testpattern: Dynamic PV (default fs)] subPath should fail if subpath directory is outside the volume [Slow]" classname="Kubernetes e2e suite" time="0">
          <skipped></skipped>
      </testcase>
      <testcase name="[sig-network] Services should create endpoints for unready pods" classname="Kubernetes e2e suite" time="0">
          <skipped></skipped>
      </testcase>
      <testcase name="[sig-storage] In-tree Volumes [Driver: cinder] [Testpattern: Dynamic PV (ext3)] volumes should be mountable" classname="Kubernetes e2e suite" time="0">
          <skipped></skipped>
      </testcase>
      <testcase name="[sig-storage] In-tree Volumes [Driver: gluster] [Testpattern: Inline-volume (default fs)] subPath should support readOnly directory specified in the volumeMount" classname="Kubernetes e2e suite" time="0">
          <skipped></skipped>
      </testcase>
      <testcase name="[sig-network] DNS configMap nameserver [Feature:Networking-IPv6] Change stubDomain should be able to change stubDomain configuration [Slow][Serial]" classname="Kubernetes e2e suite" time="0">
          <skipped></skipped>
      </testcase>
      <testcase name="[sig-storage] In-tree Volumes [Driver: gcepd] [Testpattern: Pre-provisioned PV (default fs)] subPath should support creating multiple subpath from same volumes [Slow]" classname="Kubernetes e2e suite" time="0">
          <skipped></skipped>
      </testcase>
      <testcase name="[sig-network] Networking should provide Internet connection for containers [Feature:Networking-IPv6][Experimental]" classname="Kubernetes e2e suite" time="0">
          <skipped></skipped>
      </testcase>
      <testcase name="[sig-storage] In-tree Volumes [Driver: emptydir] [Testpattern: Inline-volume (default fs)] subPath should fail if non-existent subpath is outside the volume [Slow]" classname="Kubernetes e2e suite" time="0">
          <skipped></skipped>
      </testcase>
      <testcase name="[sig-storage] In-tree Volumes [Driver: hostPath] [Testpattern: Inline-volume (default fs)] subPath should fail if subpath with backstepping is outside the volume [Slow]" classname="Kubernetes e2e suite" time="0">
          <skipped></skipped>
      </testcase>
      <testcase name="[sig-storage] In-tree Volumes [Driver: cinder] [Testpattern: Inline-volume (ext3)] volumes should allow exec of files on the volume" classname="Kubernetes e2e suite" time="0">
          <skipped></skipped>
      </testcase>
      <testcase name="[sig-storage] CSI Volumes [Driver: csi-hostpath] [Testpattern: Dynamic PV (default fs)] subPath should support creating multiple subpath from same volumes [Slow]" classname="Kubernetes e2e suite" time="0">
          <skipped></skipped>
      </testcase>
      <testcase name="[sig-storage] In-tree Volumes [Driver: rbd][Feature:Volumes] [Testpattern: Dynamic PV (default fs)] subPath should fail if subpath directory is outside the volume [Slow]" classname="Kubernetes e2e suite" time="0">
          <skipped></skipped>
      </testcase>
      <testcase name="[sig-storage] NFSPersistentVolumes[Disruptive][Flaky] when kubelet restarts Should test that a file written to the mount before kubelet restart is readable after restart." classname="Kubernetes e2e suite" time="0">
          <skipped></skipped>
      </testcase>
      <testcase name="[sig-storage] Secrets should be consumable from pods in volume with mappings [NodeConformance] [Conformance]" classname="Kubernetes e2e suite" time="12.188307167"></testcase>
      <testcase name="[sig-storage] CSI Volumes [Driver: pd.csi.storage.gke.io][Feature: gcePD-external] [Testpattern: Dynamic PV (default fs)] subPath should support existing single file" classname="Kubernetes e2e suite" time="0">
          <skipped></skipped>
      </testcase>
      <testcase name="[sig-cli] Kubectl client [k8s.io] Kubectl taint [Serial] should remove all the taints with the same key off a node" classname="Kubernetes e2e suite" time="0">
          <skipped></skipped>
      </testcase>
      <testcase name="[sig-storage] In-tree Volumes [Driver: hostPathSymlink] [Testpattern: Dynamic PV (xfs)] volumes should allow exec of files on the volume" classname="Kubernetes e2e suite" time="0">
          <skipped></skipped>
      </testcase>
      <testcase name="[k8s.io] [Feature:Example] [k8s.io] Downward API should create a pod that prints his name and namespace" classname="Kubernetes e2e suite" time="0">
          <skipped></skipped>
      </testcase>
      <testcase name="[sig-storage] In-tree Volumes [Driver: cinder] [Testpattern: Pre-provisioned PV (default fs)] subPath should support existing directories when readOnly specified in the volumeSource" classname="Kubernetes e2e suite" time="0">
          <skipped></skipped>
      </testcase>
      <testcase name="[sig-storage] In-tree Volumes [Driver: iscsi][Feature:Volumes] [Testpattern: Pre-provisioned PV (ext3)] volumes should be mountable" classname="Kubernetes e2e suite" time="0">
          <skipped></skipped>
      </testcase>
      <testcase name="[sig-storage] In-tree Volumes [Driver: hostPathSymlink] [Testpattern: Dynamic PV (default fs)] subPath should support readOnly file specified in the volumeMount" classname="Kubernetes e2e suite" time="0">
          <skipped></skipped>
      </testcase>
      <testcase name="[sig-storage] In-tree Volumes [Driver: vSphere] [Testpattern: Dynamic PV (default fs)] subPath should support readOnly directory specified in the volumeMount" classname="Kubernetes e2e suite" time="0">
          <skipped></skipped>
      </testcase>
      <testcase name="[sig-storage] In-tree Volumes [Driver: hostPathSymlink] [Testpattern: Inline-volume (default fs)] subPath should support file as subpath" classname="Kubernetes e2e suite" time="0">
          <skipped></skipped>
      </testcase>
      <testcase name="[sig-storage] In-tree Volumes [Driver: rbd][Feature:Volumes] [Testpattern: Pre-provisioned PV (default fs)] volumes should allow exec of files on the volume" classname="Kubernetes e2e suite" time="0">
          <skipped></skipped>
      </testcase>
      <testcase name="[sig-apps] CronJob should delete successful finished jobs with limit of one successful job" classname="Kubernetes e2e suite" time="0">
          <skipped></skipped>
      </testcase>
      <testcase name="[sig-storage] CSI Volumes [Driver: pd.csi.storage.gke.io][Serial] [Testpattern: Dynamic PV (default fs)] subPath should be able to unmount after the subpath directory is deleted" classname="Kubernetes e2e suite" time="0">
          <skipped></skipped>
      </testcase>
      <testcase name="[sig-storage] In-tree Volumes [Driver: hostPathSymlink] [Testpattern: Dynamic PV (default fs)] subPath should fail if non-existent subpath is outside the volume [Slow]" classname="Kubernetes e2e suite" time="0">
          <skipped></skipped>
      </testcase>
      <testcase name="[sig-autoscaling] Cluster size autoscaling [Slow] Should be able to scale a node group down to 0[Feature:ClusterSizeAutoscalingScaleDown]" classname="Kubernetes e2e suite" time="0">
          <skipped></skipped>
      </testcase>
      <testcase name="[sig-network] Loadbalancing: L7 GCE [Slow] [Feature:Ingress] should support multiple TLS certs" classname="Kubernetes e2e suite" time="0">
          <skipped></skipped>
      </testcase>
      <testcase name="[sig-scheduling] ResourceQuota [Feature:PodPriority] should verify ResourceQuota&#39;s priority class scope (quota set to pod count: 1) against a pod with different priority class (ScopeSelectorOpNotIn)." classname="Kubernetes e2e suite" time="0">
          <skipped></skipped>
      </testcase>
      <testcase name="[sig-storage] In-tree Volumes [Driver: emptydir] [Testpattern: Inline-volume (ext3)] volumes should allow exec of files on the volume" classname="Kubernetes e2e suite" time="0">
          <skipped></skipped>
      </testcase>
      <testcase name="[sig-storage] In-tree Volumes [Driver: nfs] [Testpattern: Inline-volume (default fs)] volumeIO should write files of various sizes, verify size, validate content [Slow]" classname="Kubernetes e2e suite" time="0">
          <skipped></skipped>
      </testcase>
      <testcase name="[sig-scheduling] ResourceQuota should create a ResourceQuota and capture the life of a configMap." classname="Kubernetes e2e suite" time="0">
          <skipped></skipped>
      </testcase>
      <testcase name="[sig-storage] In-tree Volumes [Driver: azure] [Testpattern: Inline-volume (ext4)] volumes should be mountable" classname="Kubernetes e2e suite" time="0">
          <skipped></skipped>
      </testcase>
      <testcase name="[sig-storage] Projected downwardAPI should provide podname only [NodeConformance] [Conformance]" classname="Kubernetes e2e suite" time="14.036964532"></testcase>
      <testcase name="[sig-apps] CronJob should schedule multiple jobs concurrently" classname="Kubernetes e2e suite" time="0">
          <skipped></skipped>
      </testcase>
      <testcase name="[sig-storage] CSI Volumes [Driver: pd.csi.storage.gke.io][Feature: gcePD-external] [Testpattern: Dynamic PV (default fs)] subPath should fail if subpath file is outside the volume [Slow]" classname="Kubernetes e2e suite" time="0">
          <skipped></skipped>
      </testcase>
      <testcase name="[sig-autoscaling] Cluster size autoscaling [Slow] should increase cluster size if pod requesting volume is pending [Feature:ClusterSizeAutoscalingScaleUp]" classname="Kubernetes e2e suite" time="0">
          <skipped></skipped>
      </testcase>
      <testcase name="[k8s.io] Variable Expansion should fail substituting values in a volume subpath with absolute path [Feature:VolumeSubpathEnvExpansion][NodeAlphaFeature:VolumeSubpathEnvExpansion][Slow]" classname="Kubernetes e2e suite" time="0">
          <skipped></skipped>
      </testcase>
      <testcase name="[sig-storage] In-tree Volumes [Driver: aws] [Testpattern: Pre-provisioned PV (default fs)] volumeIO should write files of various sizes, verify size, validate content [Slow]" classname="Kubernetes e2e suite" time="0">
          <skipped></skipped>
      </testcase>
      <testcase name="[sig-storage] In-tree Volumes [Driver: gcepd] [Testpattern: Dynamic PV (default fs)] subPath should support readOnly file specified in the volumeMount" classname="Kubernetes e2e suite" time="0">
          <skipped></skipped>
      </testcase>
      <testcase name="[sig-storage] In-tree Volumes [Driver: nfs] [Testpattern: Pre-provisioned PV (block volmode)] volumeMode should fail to create pod by failing to mount volume" classname="Kubernetes e2e suite" time="0">
          <skipped></skipped>
      </testcase>
      <testcase name="[sig-storage] In-tree Volumes [Driver: iscsi][Feature:Volumes] [Testpattern: Pre-provisioned PV (default fs)] subPath should support existing single file" classname="Kubernetes e2e suite" time="0">
          <skipped></skipped>
      </testcase>
      <testcase name="[sig-storage] EmptyDir volumes should support (root,0666,tmpfs) [NodeConformance] [Conformance]" classname="Kubernetes e2e suite" time="12.222839039"></testcase>
      <testcase name="[sig-network] DNS configMap nameserver [Feature:Networking-IPv6] Forward external name lookup should forward externalname lookup to upstream nameserver [Slow][Serial]" classname="Kubernetes e2e suite" time="0">
          <skipped></skipped>
      </testcase>
      <testcase name="[sig-storage] In-tree Volumes [Driver: emptydir] [Testpattern: Dynamic PV (filesystem volmode)] volumeMode should create sc, pod, pv, and pvc, read/write to the pv, and delete all created resources" classname="Kubernetes e2e suite" time="0">
          <skipped></skipped>
      </testcase>
      <testcase name="[sig-storage] In-tree Volumes [Driver: cinder] [Testpattern: Dynamic PV (default fs)] subPath should support non-existent path" classname="Kubernetes e2e suite" time="0">
          <skipped></skipped>
      </testcase>
      <testcase name="[sig-storage] In-tree Volumes [Driver: vSphere] [Testpattern: Inline-volume (default fs)] volumeIO should write files of various sizes, verify size, validate content [Slow]" classname="Kubernetes e2e suite" time="0">
          <skipped></skipped>
      </testcase>
      <testcase name="[sig-storage] In-tree Volumes [Driver: emptydir] [Testpattern: Inline-volume (default fs)] subPath should support file as subpath" classname="Kubernetes e2e suite" time="0">
          <skipped></skipped>
      </testcase>
      <testcase name="[sig-storage] In-tree Volumes [Driver: gluster] [Testpattern: Pre-provisioned PV (default fs)] subPath should support existing single file" classname="Kubernetes e2e suite" time="0">
          <skipped></skipped>
      </testcase>
      <testcase name="[sig-storage] CSI Volumes [Driver: csi-hostpath] [Testpattern: Dynamic PV (xfs)] volumes should allow exec of files on the volume" classname="Kubernetes e2e suite" time="0">
          <skipped></skipped>
      </testcase>
      <testcase name="[sig-storage] In-tree Volumes [Driver: vSphere] [Testpattern: Dynamic PV (default fs)] subPath should support creating multiple subpath from same volumes [Slow]" classname="Kubernetes e2e suite" time="0">
          <skipped></skipped>
      </testcase>
      <testcase name="[sig-storage] PersistentVolumes-local  [Volume type: blockfswithformat] One pod requesting one prebound PVC should be able to mount volume and write from pod1" classname="Kubernetes e2e suite" time="0">
          <skipped></skipped>
      </testcase>
      <testcase name="[sig-storage] Volume limits should verify that all nodes have volume limits" classname="Kubernetes e2e suite" time="0">
          <skipped></skipped>
      </testcase>
      <testcase name="[sig-storage] In-tree Volumes [Driver: vSphere] [Testpattern: Dynamic PV (default fs)] provisioning should provision storage with defaults" classname="Kubernetes e2e suite" time="0">
          <skipped></skipped>
      </testcase>
      <testcase name="[sig-storage] vcp-performance [Feature:vsphere] vcp performance tests" classname="Kubernetes e2e suite" time="0">
          <skipped></skipped>
      </testcase>
      <testcase name="[sig-storage] Projected configMap optional updates should be reflected in volume [NodeConformance] [Conformance]" classname="Kubernetes e2e suite" time="34.592661791"></testcase>
      <testcase name="[sig-storage] In-tree Volumes [Driver: cinder] [Testpattern: Pre-provisioned PV (ext3)] volumes should be mountable" classname="Kubernetes e2e suite" time="0">
          <skipped></skipped>
      </testcase>
      <testcase name="[sig-storage] EmptyDir volumes when FSGroup is specified [NodeFeature:FSGroup] new files should be created with FSGroup ownership when container is non-root" classname="Kubernetes e2e suite" time="0">
          <skipped></skipped>
      </testcase>
      <testcase name="[sig-storage] PersistentVolumes-local  [Volume type: tmpfs] Set fsGroup for local volume should set same fsGroup for two pods simultaneously" classname="Kubernetes e2e suite" time="0">
          <skipped></skipped>
      </testcase>
      <testcase name="[sig-storage] Downward API volume should provide node allocatable (memory) as default memory limit if the limit is not set [NodeConformance] [Conformance]" classname="Kubernetes e2e suite" time="14.188215922"></testcase>
      <testcase name="[sig-network] DNS should provide DNS for services  [Conformance]" classname="Kubernetes e2e suite" time="77.269544243"></testcase>
      <testcase name="[sig-storage] In-tree Volumes [Driver: rbd][Feature:Volumes] [Testpattern: Dynamic PV (default fs)] subPath should support file as subpath" classname="Kubernetes e2e suite" time="0">
          <skipped></skipped>
      </testcase>
      <testcase name="[sig-scheduling] ResourceQuota should create a ResourceQuota and capture the life of a service." classname="Kubernetes e2e suite" time="0">
          <skipped></skipped>
      </testcase>
      <testcase name="[sig-storage] PersistentVolumes GCEPD should test that deleting a PVC before the pod does not cause pod deletion to fail on PD detach" classname="Kubernetes e2e suite" time="0">
          <skipped></skipped>
      </testcase>
      <testcase name="[sig-storage] CSI Volumes [Driver: csi-hostpath-v0] [Testpattern: Dynamic PV (default fs)] subPath should support existing directory" classname="Kubernetes e2e suite" time="0">
          <skipped></skipped>
      </testcase>
      <testcase name="[sig-storage] In-tree Volumes [Driver: gluster] [Testpattern: Pre-provisioned PV (default fs)] subPath should support restarting containers using file as subpath [Slow]" classname="Kubernetes e2e suite" time="0">
          <skipped></skipped>
      </testcase>
      <testcase name="[sig-storage] PersistentVolumes-local  [Volume type: tmpfs] One pod requesting one prebound PVC should be able to mount volume and write from pod1" classname="Kubernetes e2e suite" time="0">
          <skipped></skipped>
      </testcase>
      <testcase name="[sig-storage] Ephemeralstorage When pod refers to non-existent ephemeral storage should allow deletion of pod with invalid volume : secret" classname="Kubernetes e2e suite" time="0">
          <skipped></skipped>
      </testcase>
      <testcase name="[k8s.io] EquivalenceCache [Serial] validates pod affinity works properly when new replica pod is scheduled" classname="Kubernetes e2e suite" time="0">
          <skipped></skipped>
      </testcase>
      <testcase name="[sig-storage] In-tree Volumes [Driver: rbd][Feature:Volumes] [Testpattern: Dynamic PV (default fs)] volumes should allow exec of files on the volume" classname="Kubernetes e2e suite" time="0">
          <skipped></skipped>
      </testcase>
      <testcase name="[sig-storage] In-tree Volumes [Driver: cinder] [Testpattern: Inline-volume (default fs)] subPath should fail if subpath directory is outside the volume [Slow]" classname="Kubernetes e2e suite" time="0">
          <skipped></skipped>
      </testcase>
      <testcase name="[sig-storage] CSI Volumes [Driver: pd.csi.storage.gke.io][Feature: gcePD-external] [Testpattern: Dynamic PV (default fs)] subPath should support restarting containers using file as subpath [Slow]" classname="Kubernetes e2e suite" time="0">
          <skipped></skipped>
      </testcase>
      <testcase name="[sig-storage] In-tree Volumes [Driver: gluster] [Testpattern: Inline-volume (ext4)] volumes should allow exec of files on the volume" classname="Kubernetes e2e suite" time="0">
          <skipped></skipped>
      </testcase>
      <testcase name="[sig-storage] PersistentVolumes-local  [Volume type: dir-bindmounted] One pod requesting one prebound PVC should be able to mount volume and read from pod1" classname="Kubernetes e2e suite" time="0">
          <skipped></skipped>
      </testcase>
      <testcase name="[sig-scalability] Density [Feature:ManualPerformance] should allow starting 30 pods per node using Deployment.extensions with 2 secrets, 0 configmaps, 0 token projections, and 0 daemons" classname="Kubernetes e2e suite" time="0">
          <skipped></skipped>
      </testcase>
      <testcase name="[sig-cli] Kubectl client [k8s.io] Kubectl taint [Serial] should update the taint on a node" classname="Kubernetes e2e suite" time="0">
          <skipped></skipped>
      </testcase>
      <testcase name="[sig-storage] In-tree Volumes [Driver: iscsi][Feature:Volumes] [Testpattern: Dynamic PV (default fs)] subPath should support non-existent path" classname="Kubernetes e2e suite" time="0">
          <skipped></skipped>
      </testcase>
      <testcase name="[sig-storage] In-tree Volumes [Driver: cinder] [Testpattern: Inline-volume (ext4)] volumes should allow exec of files on the volume" classname="Kubernetes e2e suite" time="0">
          <skipped></skipped>
      </testcase>
      <testcase name="[sig-storage] CSI Volumes [Driver: csi-hostpath] [Testpattern: Dynamic PV (ext3)] volumes should be mountable" classname="Kubernetes e2e suite" time="0">
          <skipped></skipped>
      </testcase>
      <testcase name="[sig-storage] Storage Policy Based Volume Provisioning [Feature:vsphere] verify if a SPBM policy is not honored on a non-compatible datastore for dynamically provisioned pvc using storageclass" classname="Kubernetes e2e suite" time="0">
          <skipped></skipped>
      </testcase>
      <testcase name="[sig-storage] In-tree Volumes [Driver: vSphere] [Testpattern: Inline-volume (ext3)] volumes should be mountable" classname="Kubernetes e2e suite" time="0">
          <skipped></skipped>
      </testcase>
      <testcase name="[sig-apps] Daemon set [Serial] should retry creating failed daemon pods [Conformance]" classname="Kubernetes e2e suite" time="60.949779799"></testcase>
      <testcase name="[sig-storage] In-tree Volumes [Driver: cinder] [Testpattern: Dynamic PV (default fs)] volumes should be mountable" classname="Kubernetes e2e suite" time="0">
          <skipped></skipped>
      </testcase>
      <testcase name="[sig-storage] PersistentVolumes-local  [Volume type: block] Two pods mounting a local volume at the same time should be able to write from pod1 and read from pod2" classname="Kubernetes e2e suite" time="0">
          <skipped></skipped>
      </testcase>
      <testcase name="[sig-cluster-lifecycle] Ports Security Check [Feature:KubeletSecurity] should not have port 10255 open on its all public IP addresses" classname="Kubernetes e2e suite" time="0">
          <skipped></skipped>
      </testcase>
      <testcase name="[sig-storage] In-tree Volumes [Driver: hostPathSymlink] [Testpattern: Inline-volume (xfs)] volumes should be mountable" classname="Kubernetes e2e suite" time="0">
          <skipped></skipped>
      </testcase>
      <testcase name="[sig-storage] In-tree Volumes [Driver: gcepd] [Testpattern: Dynamic PV (block volmode)] volumeMode should create sc, pod, pv, and pvc, read/write to the pv, and delete all created resources" classname="Kubernetes e2e suite" time="0">
          <skipped></skipped>
      </testcase>
      <testcase name="[k8s.io] Variable Expansion should allow substituting values in a container&#39;s args [NodeConformance] [Conformance]" classname="Kubernetes e2e suite" time="12.324808925"></testcase>
      <testcase name="[sig-storage] [Serial] Volume metrics PVController should create none metrics for pvc controller before creating any PV or PVC" classname="Kubernetes e2e suite" time="0">
          <skipped></skipped>
      </testcase>
      <testcase name="[sig-storage] In-tree Volumes [Driver: gluster] [Testpattern: Inline-volume (default fs)] subPath should fail if non-existent subpath is outside the volume [Slow]" classname="Kubernetes e2e suite" time="0">
          <skipped></skipped>
      </testcase>
      <testcase name="[sig-storage] PersistentVolumes-local  [Volume type: blockfswithformat] Two pods mounting a local volume one after the other should be able to write from pod1 and read from pod2" classname="Kubernetes e2e suite" time="0">
          <skipped></skipped>
      </testcase>
      <testcase name="[sig-storage] Pod Disks schedule pods each with a PD, delete pod and verify detach [Slow] for RW PD with pod delete grace period of &#34;default (30s)&#34;" classname="Kubernetes e2e suite" time="0">
          <skipped></skipped>
      </testcase>
      <testcase name="[sig-storage] In-tree Volumes [Driver: vSphere] [Testpattern: Inline-volume (default fs)] subPath should support restarting containers using file as subpath [Slow]" classname="Kubernetes e2e suite" time="0">
          <skipped></skipped>
      </testcase>
      <testcase name="[k8s.io] [sig-node] Pod garbage collector [Feature:PodGarbageCollector] [Slow] should handle the creation of 1000 pods" classname="Kubernetes e2e suite" time="0">
          <skipped></skipped>
      </testcase>
      <testcase name="[sig-storage] CSI Volumes [Driver: csi-hostpath-v0] [Testpattern: Dynamic PV (ext4)] volumes should be mountable" classname="Kubernetes e2e suite" time="0">
          <skipped></skipped>
      </testcase>
      <testcase name="[sig-scheduling] SchedulerPreemption [Serial] validates pod anti-affinity works in preemption" classname="Kubernetes e2e suite" time="0">
          <skipped></skipped>
      </testcase>
      <testcase name="[sig-storage] Regional PD RegionalPD should provision storage [Slow]" classname="Kubernetes e2e suite" time="0">
          <skipped></skipped>
      </testcase>
      <testcase name="[sig-auth] [Feature:NodeAuthenticator] The kubelet can delegate ServiceAccount tokens to the API server" classname="Kubernetes e2e suite" time="0">
          <skipped></skipped>
      </testcase>
      <testcase name="[sig-api-machinery] AdmissionWebhook Should be able to deny pod and configmap creation" classname="Kubernetes e2e suite" time="0">
          <skipped></skipped>
      </testcase>
      <testcase name="[sig-storage] In-tree Volumes [Driver: hostPathSymlink] [Testpattern: Inline-volume (default fs)] subPath should support existing directories when readOnly specified in the volumeSource" classname="Kubernetes e2e suite" time="0">
          <skipped></skipped>
      </testcase>
      <testcase name="[sig-storage] In-tree Volumes [Driver: cinder] [Testpattern: Dynamic PV (default fs)] subPath should unmount if pod is force deleted while kubelet is down [Disruptive][Slow]" classname="Kubernetes e2e suite" time="0">
          <skipped></skipped>
      </testcase>
      <testcase name="[sig-storage] CSI Volumes [Driver: csi-hostpath] [Testpattern: Dynamic PV (default fs)] subPath should support readOnly directory specified in the volumeMount" classname="Kubernetes e2e suite" time="0">
          <skipped></skipped>
      </testcase>
      <testcase name="[sig-storage] In-tree Volumes [Driver: aws] [Testpattern: Inline-volume (default fs)] subPath should support existing directories when readOnly specified in the volumeSource" classname="Kubernetes e2e suite" time="0">
          <skipped></skipped>
      </testcase>
      <testcase name="[sig-storage] In-tree Volumes [Driver: hostPathSymlink] [Testpattern: Dynamic PV (default fs)] subPath should fail if subpath with backstepping is outside the volume [Slow]" classname="Kubernetes e2e suite" time="0">
          <skipped></skipped>
      </testcase>
      <testcase name="[sig-storage] In-tree Volumes [Driver: azure] [Testpattern: Inline-volume (default fs)] volumes should be mountable" classname="Kubernetes e2e suite" time="0">
          <skipped></skipped>
      </testcase>
      <testcase name="[sig-storage] PersistentVolumes-local  [Volume type: block] Set fsGroup for local volume should set different fsGroup for second pod if first pod is deleted" classname="Kubernetes e2e suite" time="0">
          <skipped></skipped>
      </testcase>
      <testcase name="[sig-storage] In-tree Volumes [Driver: hostPath] [Testpattern: Dynamic PV (default fs)] subPath should support file as subpath" classname="Kubernetes e2e suite" time="0">
          <skipped></skipped>
      </testcase>
      <testcase name="[sig-apps] DisruptionController evictions: too few pods, absolute =&gt; should not allow an eviction" classname="Kubernetes e2e suite" time="0">
          <skipped></skipped>
      </testcase>
      <testcase name="[sig-storage] ConfigMap should be consumable from pods in volume as non-root [NodeConformance] [Conformance]" classname="Kubernetes e2e suite" time="12.004442493"></testcase>
      <testcase name="[sig-storage] In-tree Volumes [Driver: vSphere] [Testpattern: Dynamic PV (default fs)] subPath should fail if non-existent subpath is outside the volume [Slow]" classname="Kubernetes e2e suite" time="0">
          <skipped></skipped>
      </testcase>
      <testcase name="[sig-storage] In-tree Volumes [Driver: gcepd] [Testpattern: Inline-volume (default fs)] subPath should fail if subpath with backstepping is outside the volume [Slow]" classname="Kubernetes e2e suite" time="0">
          <skipped></skipped>
      </testcase>
      <testcase name="[sig-storage] In-tree Volumes [Driver: azure] [Testpattern: Dynamic PV (default fs)] subPath should support restarting containers using file as subpath [Slow]" classname="Kubernetes e2e suite" time="0">
          <skipped></skipped>
      </testcase>
      <testcase name="[sig-storage] In-tree Volumes [Driver: gluster] [Testpattern: Inline-volume (default fs)] subPath should support readOnly file specified in the volumeMount" classname="Kubernetes e2e suite" time="0">
          <skipped></skipped>
      </testcase>
      <testcase name="[sig-storage] In-tree Volumes [Driver: hostPath] [Testpattern: Dynamic PV (default fs)] subPath should support restarting containers using file as subpath [Slow]" classname="Kubernetes e2e suite" time="0">
          <skipped></skipped>
      </testcase>
      <testcase name="[sig-storage] In-tree Volumes [Driver: gcepd] [Testpattern: Pre-provisioned PV (default fs)] subPath should unmount if pod is gracefully deleted while kubelet is down [Disruptive][Slow]" classname="Kubernetes e2e suite" time="0">
          <skipped></skipped>
      </testcase>
      <testcase name="[sig-storage] In-tree Volumes [Driver: gcepd] [Testpattern: Dynamic PV (default fs)] subPath should support creating multiple subpath from same volumes [Slow]" classname="Kubernetes e2e suite" time="0">
          <skipped></skipped>
      </testcase>
      <testcase name="[sig-storage] In-tree Volumes [Driver: cinder] [Testpattern: Inline-volume (default fs)] subPath should fail if subpath with backstepping is outside the volume [Slow]" classname="Kubernetes e2e suite" time="0">
          <skipped></skipped>
      </testcase>
      <testcase name="[sig-storage] In-tree Volumes [Driver: gluster] [Testpattern: Dynamic PV (xfs)] volumes should be mountable" classname="Kubernetes e2e suite" time="0">
          <skipped></skipped>
      </testcase>
      <testcase name="[sig-apps] Deployment deployment reaping should cascade to its replica sets and pods" classname="Kubernetes e2e suite" time="0">
          <skipped></skipped>
      </testcase>
      <testcase name="[sig-storage] In-tree Volumes [Driver: vSphere] [Testpattern: Inline-volume (default fs)] subPath should support readOnly directory specified in the volumeMount" classname="Kubernetes e2e suite" time="0">
          <skipped></skipped>
      </testcase>
      <testcase name="[sig-storage] In-tree Volumes [Driver: vSphere] [Testpattern: Dynamic PV (filesystem volmode)] volumeMode should create sc, pod, pv, and pvc, read/write to the pv, and delete all created resources" classname="Kubernetes e2e suite" time="0">
          <skipped></skipped>
      </testcase>
      <testcase name="[sig-storage] In-tree Volumes [Driver: gluster] [Testpattern: Pre-provisioned PV (default fs)] subPath should support file as subpath" classname="Kubernetes e2e suite" time="0">
          <skipped></skipped>
      </testcase>
      <testcase name="[sig-storage] In-tree Volumes [Driver: aws] [Testpattern: Dynamic PV (default fs)] subPath should support restarting containers using file as subpath [Slow]" classname="Kubernetes e2e suite" time="0">
          <skipped></skipped>
      </testcase>
      <testcase name="[sig-storage] In-tree Volumes [Driver: gcepd] [Testpattern: Dynamic PV (xfs)] volumes should allow exec of files on the volume" classname="Kubernetes e2e suite" time="0">
          <skipped></skipped>
      </testcase>
      <testcase name="[k8s.io] GKE node pools [Feature:GKENodePool] should create a cluster with multiple node pools [Feature:GKENodePool]" classname="Kubernetes e2e suite" time="0">
          <skipped></skipped>
      </testcase>
      <testcase name="[sig-storage] Projected downwardAPI should provide container&#39;s cpu limit [NodeConformance] [Conformance]" classname="Kubernetes e2e suite" time="12.074551389"></testcase>
      <testcase name="[sig-storage] In-tree Volumes [Driver: vSphere] [Testpattern: Pre-provisioned PV (default fs)] subPath should support existing directories when readOnly specified in the volumeSource" classname="Kubernetes e2e suite" time="0">
          <skipped></skipped>
      </testcase>
      <testcase name="[sig-storage] In-tree Volumes [Driver: gcepd] [Testpattern: Pre-provisioned PV (default fs)] volumes should allow exec of files on the volume" classname="Kubernetes e2e suite" time="0">
          <skipped></skipped>
      </testcase>
      <testcase name="[sig-storage] CSI Volumes [Driver: csi-hostpath] [Testpattern: Dynamic PV (ext4)] volumes should be mountable" classname="Kubernetes e2e suite" time="0">
          <skipped></skipped>
      </testcase>
      <testcase name="[sig-storage] In-tree Volumes [Driver: nfs] [Testpattern: Dynamic PV (xfs)] volumes should be mountable" classname="Kubernetes e2e suite" time="0">
          <skipped></skipped>
      </testcase>
      <testcase name="[sig-storage] In-tree Volumes [Driver: cinder] [Testpattern: Inline-volume (default fs)] subPath should support creating multiple subpath from same volumes [Slow]" classname="Kubernetes e2e suite" time="0">
          <skipped></skipped>
      </testcase>
      <testcase name="[sig-cluster-lifecycle] gpu Upgrade [Feature:GPUUpgrade] cluster downgrade should be able to run gpu pod after downgrade [Feature:GPUClusterDowngrade]" classname="Kubernetes e2e suite" time="0">
          <skipped></skipped>
      </testcase>
      <testcase name="[sig-storage] In-tree Volumes [Driver: hostPathSymlink] [Testpattern: Pre-provisioned PV (default fs)] subPath should support restarting containers using file as subpath [Slow]" classname="Kubernetes e2e suite" time="0">
          <skipped></skipped>
      </testcase>
      <testcase name="[sig-storage] CSI Volumes [Driver: pd.csi.storage.gke.io][Serial] [Testpattern: Dynamic PV (default fs)] provisioning should provision storage with defaults" classname="Kubernetes e2e suite" time="0">
          <skipped></skipped>
      </testcase>
      <testcase name="[sig-storage] In-tree Volumes [Driver: cinder] [Testpattern: Dynamic PV (xfs)] volumes should be mountable" classname="Kubernetes e2e suite" time="0">
          <skipped></skipped>
      </testcase>
      <testcase name="[sig-apps] DaemonRestart [Disruptive] Controller Manager should not create/delete replicas across restart" classname="Kubernetes e2e suite" time="0">
          <skipped></skipped>
      </testcase>
      <testcase name="[sig-storage] In-tree Volumes [Driver: gcepd] [Testpattern: Inline-volume (default fs)] volumeIO should write files of various sizes, verify size, validate content [Slow]" classname="Kubernetes e2e suite" time="0">
          <skipped></skipped>
      </testcase>
      <testcase name="[k8s.io] [sig-node] Security Context [Feature:SecurityContext] should support volume SELinux relabeling when using hostIPC" classname="Kubernetes e2e suite" time="0">
          <skipped></skipped>
      </testcase>
      <testcase name="[sig-storage] GCP Volumes NFSv3 should be mountable for NFSv3" classname="Kubernetes e2e suite" time="0">
          <skipped></skipped>
      </testcase>
      <testcase name="[sig-storage] In-tree Volumes [Driver: gluster] [Testpattern: Pre-provisioned PV (default fs)] subPath should support existing directories when readOnly specified in the volumeSource" classname="Kubernetes e2e suite" time="0">
          <skipped></skipped>
      </testcase>
      <testcase name="[sig-storage] In-tree Volumes [Driver: gluster] [Testpattern: Pre-provisioned PV (xfs)] volumes should allow exec of files on the volume" classname="Kubernetes e2e suite" time="0">
          <skipped></skipped>
      </testcase>
      <testcase name="[sig-apps] Deployment RecreateDeployment should delete old pods and create new ones [Conformance]" classname="Kubernetes e2e suite" time="14.25691532"></testcase>
      <testcase name="[sig-storage] Dynamic Provisioning DynamicProvisioner [Slow] should not provision a volume in an unmanaged GCE zone." classname="Kubernetes e2e suite" time="0">
          <skipped></skipped>
      </testcase>
      <testcase name="[sig-storage] In-tree Volumes [Driver: azure] [Testpattern: Dynamic PV (default fs)] subPath should support restarting containers using directory as subpath [Slow]" classname="Kubernetes e2e suite" time="0">
          <skipped></skipped>
      </testcase>
      <testcase name="[sig-autoscaling] Cluster size autoscaling [Slow] should be able to scale down by draining system pods with pdb[Feature:ClusterSizeAutoscalingScaleDown]" classname="Kubernetes e2e suite" time="0">
          <skipped></skipped>
      </testcase>
      <testcase name="[sig-storage] ConfigMap should be consumable from pods in volume with mappings [NodeConformance] [Conformance]" classname="Kubernetes e2e suite" time="12.17294594"></testcase>
      <testcase name="[sig-network] Networking Granular Checks: Pods should function for node-pod communication: http [NodeConformance] [Conformance]" classname="Kubernetes e2e suite" time="55.436587398"></testcase>
      <testcase name="[sig-storage] In-tree Volumes [Driver: cinder] [Testpattern: Pre-provisioned PV (default fs)] subPath should support creating multiple subpath from same volumes [Slow]" classname="Kubernetes e2e suite" time="0">
          <skipped></skipped>
      </testcase>
      <testcase name="[sig-storage] CSI Volumes [Driver: pd.csi.storage.gke.io][Serial] [Testpattern: Dynamic PV (filesystem volmode)] volumeMode should create sc, pod, pv, and pvc, read/write to the pv, and delete all created resources" classname="Kubernetes e2e suite" time="0">
          <skipped></skipped>
      </testcase>
      <testcase name="[sig-storage] In-tree Volumes [Driver: rbd][Feature:Volumes] [Testpattern: Pre-provisioned PV (default fs)] subPath should support restarting containers using directory as subpath [Slow]" classname="Kubernetes e2e suite" time="0">
          <skipped></skipped>
      </testcase>
      <testcase name="[sig-node] Downward API should provide default limits.cpu/memory from node allocatable [NodeConformance] [Conformance]" classname="Kubernetes e2e suite" time="14.119552022"></testcase>
      <testcase name="[sig-storage] In-tree Volumes [Driver: gcepd] [Testpattern: Dynamic PV (ext4)] volumes should be mountable" classname="Kubernetes e2e suite" time="0">
          <skipped></skipped>
      </testcase>
      <testcase name="[k8s.io] Sysctls [NodeFeature:Sysctls] should reject invalid sysctls" classname="Kubernetes e2e suite" time="0">
          <skipped></skipped>
      </testcase>
      <testcase name="[sig-storage] In-tree Volumes [Driver: hostPath] [Testpattern: Pre-provisioned PV (default fs)] subPath should fail if subpath file is outside the volume [Slow]" classname="Kubernetes e2e suite" time="0">
          <skipped></skipped>
      </testcase>
      <testcase name="[sig-storage] In-tree Volumes [Driver: vSphere] [Testpattern: Pre-provisioned PV (default fs)] subPath should support existing single file" classname="Kubernetes e2e suite" time="0">
          <skipped></skipped>
      </testcase>
      <testcase name="[sig-network] Services should use same NodePort with same port but different protocols" classname="Kubernetes e2e suite" time="0">
          <skipped></skipped>
      </testcase>
      <testcase name="[sig-storage] PersistentVolumes-local  [Volume type: dir-link] Two pods mounting a local volume one after the other should be able to write from pod1 and read from pod2" classname="Kubernetes e2e suite" time="0">
          <skipped></skipped>
      </testcase>
      <testcase name="[sig-storage] In-tree Volumes [Driver: azure] [Testpattern: Pre-provisioned PV (xfs)] volumes should allow exec of files on the volume" classname="Kubernetes e2e suite" time="0">
          <skipped></skipped>
      </testcase>
      <testcase name="[sig-storage] In-tree Volumes [Driver: vSphere] [Testpattern: Pre-provisioned PV (default fs)] volumeIO should write files of various sizes, verify size, validate content [Slow]" classname="Kubernetes e2e suite" time="0">
          <skipped></skipped>
      </testcase>
      <testcase name="[sig-storage] Projected secret optional updates should be reflected in volume [NodeConformance] [Conformance]" classname="Kubernetes e2e suite" time="114.095075667"></testcase>
      <testcase name="[sig-storage] In-tree Volumes [Driver: azure] [Testpattern: Dynamic PV (ext3)] volumes should allow exec of files on the volume" classname="Kubernetes e2e suite" time="0">
          <skipped></skipped>
      </testcase>
      <testcase name="[sig-storage] In-tree Volumes [Driver: emptydir] [Testpattern: Dynamic PV (ext4)] volumes should be mountable" classname="Kubernetes e2e suite" time="0">
          <skipped></skipped>
      </testcase>
      <testcase name="[sig-storage] In-tree Volumes [Driver: iscsi][Feature:Volumes] [Testpattern: Pre-provisioned PV (default fs)] subPath should unmount if pod is force deleted while kubelet is down [Disruptive][Slow]" classname="Kubernetes e2e suite" time="0">
          <skipped></skipped>
      </testcase>
      <testcase name="[sig-apps] ReplicationController should serve a basic image on each replica with a public image  [Conformance]" classname="Kubernetes e2e suite" time="31.946752343"></testcase>
      <testcase name="[sig-storage] In-tree Volumes [Driver: gluster] [Testpattern: Dynamic PV (default fs)] provisioning should provision storage with mount options" classname="Kubernetes e2e suite" time="0">
          <skipped></skipped>
      </testcase>
      <testcase name="[sig-autoscaling] Cluster size autoscaling [Slow] should disable node pool autoscaling [Feature:ClusterSizeAutoscalingScaleUp]" classname="Kubernetes e2e suite" time="0">
          <skipped></skipped>
      </testcase>
      <testcase name="[sig-storage] In-tree Volumes [Driver: emptydir] [Testpattern: Inline-volume (xfs)] volumes should be mountable" classname="Kubernetes e2e suite" time="0">
          <skipped></skipped>
      </testcase>
      <testcase name="[sig-scheduling] [Feature:GPUDevicePlugin] run Nvidia GPU Device Plugin tests" classname="Kubernetes e2e suite" time="0">
          <skipped></skipped>
      </testcase>
      <testcase name="[sig-storage] CSI Volumes [Driver: csi-hostpath-v0] [Testpattern: Dynamic PV (default fs)] subPath should support file as subpath" classname="Kubernetes e2e suite" time="0">
          <skipped></skipped>
      </testcase>
      <testcase name="[sig-storage] In-tree Volumes [Driver: vSphere] [Testpattern: Pre-provisioned PV (default fs)] subPath should support restarting containers using file as subpath [Slow]" classname="Kubernetes e2e suite" time="0">
          <skipped></skipped>
      </testcase>
      <testcase name="[sig-storage] In-tree Volumes [Driver: cinder] [Testpattern: Pre-provisioned PV (default fs)] subPath should unmount if pod is force deleted while kubelet is down [Disruptive][Slow]" classname="Kubernetes e2e suite" time="0">
          <skipped></skipped>
      </testcase>
      <testcase name="[sig-storage] In-tree Volumes [Driver: vSphere] [Testpattern: Dynamic PV (block volmode)] volumeMode should fail in binding dynamic provisioned PV to PVC" classname="Kubernetes e2e suite" time="0">
          <skipped></skipped>
      </testcase>
      <testcase name="[sig-apps] DisruptionController should update PodDisruptionBudget status" classname="Kubernetes e2e suite" time="0">
          <skipped></skipped>
      </testcase>
      <testcase name="[sig-storage] In-tree Volumes [Driver: nfs] [Testpattern: Dynamic PV (default fs)] subPath should support restarting containers using file as subpath [Slow]" classname="Kubernetes e2e suite" time="0">
          <skipped></skipped>
      </testcase>
      <testcase name="[sig-storage] In-tree Volumes [Driver: ceph][Feature:Volumes] [Testpattern: Dynamic PV (default fs)] volumes should allow exec of files on the volume" classname="Kubernetes e2e suite" time="0">
          <skipped></skipped>
      </testcase>
      <testcase name="[sig-storage] In-tree Volumes [Driver: iscsi][Feature:Volumes] [Testpattern: Inline-volume (default fs)] subPath should unmount if pod is force deleted while kubelet is down [Disruptive][Slow]" classname="Kubernetes e2e suite" time="0">
          <skipped></skipped>
      </testcase>
      <testcase name="[sig-storage] In-tree Volumes [Driver: gluster] [Testpattern: Pre-provisioned PV (block volmode)] volumeMode should fail to create pod by failing to mount volume" classname="Kubernetes e2e suite" time="0">
          <skipped></skipped>
      </testcase>
      <testcase name="[sig-storage] CSI Volumes [Driver: csi-hostpath-v0] [Testpattern: Dynamic PV (block volmode)] volumeMode should fail in binding dynamic provisioned PV to PVC" classname="Kubernetes e2e suite" time="0">
          <skipped></skipped>
      </testcase>
      <testcase name="[sig-storage] CSI Volumes [Driver: pd.csi.storage.gke.io][Feature: gcePD-external] [Testpattern: Dynamic PV (default fs)] subPath should support restarting containers using directory as subpath [Slow]" classname="Kubernetes e2e suite" time="0">
          <skipped></skipped>
      </testcase>
      <testcase name="[sig-storage] In-tree Volumes [Driver: ceph][Feature:Volumes] [Testpattern: Inline-volume (default fs)] subPath should unmount if pod is force deleted while kubelet is down [Disruptive][Slow]" classname="Kubernetes e2e suite" time="0">
          <skipped></skipped>
      </testcase>
      <testcase name="[sig-api-machinery] Garbage collector should not delete dependents that have both valid owner and owner that&#39;s waiting for dependents to be deleted [Conformance]" classname="Kubernetes e2e suite" time="18.444122668"></testcase>
      <testcase name="[sig-storage] In-tree Volumes [Driver: ceph][Feature:Volumes] [Testpattern: Pre-provisioned PV (filesystem volmode)] volumeMode should create sc, pod, pv, and pvc, read/write to the pv, and delete all created resources" classname="Kubernetes e2e suite" time="0">
          <skipped></skipped>
      </testcase>
      <testcase name="[sig-storage] Subpath Atomic writer volumes should support subpaths with configmap pod [Conformance]" classname="Kubernetes e2e suite" time="63.011422774"></testcase>
      <testcase name="[sig-storage] In-tree Volumes [Driver: nfs] [Testpattern: Dynamic PV (default fs)] subPath should support non-existent path" classname="Kubernetes e2e suite" time="0">
          <skipped></skipped>
      </testcase>
      <testcase name="[sig-storage] In-tree Volumes [Driver: hostPathSymlink] [Testpattern: Dynamic PV (default fs)] subPath should support non-existent path" classname="Kubernetes e2e suite" time="0">
          <skipped></skipped>
      </testcase>
      <testcase name="[sig-api-machinery] Watchers should observe an object deletion if it stops meeting the requirements of the selector [Conformance]" classname="Kubernetes e2e suite" time="18.18080646"></testcase>
      <testcase name="[sig-storage] CSI Volumes [Driver: csi-hostpath-v0] [Testpattern: Dynamic PV (default fs)] provisioning should provision storage with defaults" classname="Kubernetes e2e suite" time="0">
          <skipped></skipped>
      </testcase>
      <testcase name="[sig-autoscaling] Cluster size autoscaling [Slow] should increase cluster size if pods are pending due to pod anti-affinity [Feature:ClusterSizeAutoscalingScaleUp]" classname="Kubernetes e2e suite" time="0">
          <skipped></skipped>
      </testcase>
      <testcase name="[k8s.io] Pods should contain environment variables for services [NodeConformance] [Conformance]" classname="Kubernetes e2e suite" time="58.328065528"></testcase>
      <testcase name="[sig-network] Services should serve a basic endpoint from pods  [Conformance]" classname="Kubernetes e2e suite" time="33.696607043"></testcase>
      <testcase name="[sig-storage] EmptyDir volumes should support (non-root,0777,tmpfs) [NodeConformance] [Conformance]" classname="Kubernetes e2e suite" time="12.033606641"></testcase>
      <testcase name="[sig-storage] In-tree Volumes [Driver: cinder] [Testpattern: Pre-provisioned PV (default fs)] subPath should fail if subpath directory is outside the volume [Slow]" classname="Kubernetes e2e suite" time="0">
          <skipped></skipped>
      </testcase>
      <testcase name="[sig-storage] In-tree Volumes [Driver: gluster] [Testpattern: Dynamic PV (filesystem volmode)] volumeMode should create sc, pod, pv, and pvc, read/write to the pv, and delete all created resources" classname="Kubernetes e2e suite" time="0">
          <skipped></skipped>
      </testcase>
      <testcase name="[sig-apps] Deployment deployment should support proportional scaling [Conformance]" classname="Kubernetes e2e suite" time="24.654336908"></testcase>
      <testcase name="[sig-storage] EmptyDir volumes should support (non-root,0666,tmpfs) [NodeConformance] [Conformance]" classname="Kubernetes e2e suite" time="20.220634292"></testcase>
      <testcase name="[sig-storage] In-tree Volumes [Driver: iscsi][Feature:Volumes] [Testpattern: Pre-provisioned PV (default fs)] volumes should be mountable" classname="Kubernetes e2e suite" time="0">
          <skipped></skipped>
      </testcase>
      <testcase name="[sig-storage] In-tree Volumes [Driver: azure] [Testpattern: Pre-provisioned PV (default fs)] subPath should support existing directories when readOnly specified in the volumeSource" classname="Kubernetes e2e suite" time="0">
          <skipped></skipped>
      </testcase>
      <testcase name="[sig-storage] In-tree Volumes [Driver: ceph][Feature:Volumes] [Testpattern: Dynamic PV (default fs)] subPath should be able to unmount after the subpath directory is deleted" classname="Kubernetes e2e suite" time="0">
          <skipped></skipped>
      </testcase>
      <testcase name="[sig-storage] In-tree Volumes [Driver: hostPath] [Testpattern: Inline-volume (xfs)] volumes should be mountable" classname="Kubernetes e2e suite" time="0">
          <skipped></skipped>
      </testcase>
      <testcase name="[sig-scheduling] SchedulerPredicates [Serial] validates that required NodeAffinity setting is respected if matching" classname="Kubernetes e2e suite" time="0">
          <skipped></skipped>
      </testcase>
      <testcase name="[sig-storage] EmptyDir volumes should support (root,0777,default) [NodeConformance] [Conformance]" classname="Kubernetes e2e suite" time="12.095621284"></testcase>
      <testcase name="[sig-cluster-lifecycle] Ports Security Check [Feature:KubeletSecurity] should not be able to proxy to the readonly kubelet port 10255 using proxy subresource" classname="Kubernetes e2e suite" time="0">
          <skipped></skipped>
      </testcase>
      <testcase name="[sig-autoscaling] [HPA] Horizontal pod autoscaling (scale resource: Custom Metrics from Stackdriver) should scale down with Custom Metric of type Pod from Stackdriver with Prometheus [Feature:CustomMetricsAutoscaling]" classname="Kubernetes e2e suite" time="0">
          <skipped></skipped>
      </testcase>
      <testcase name="[sig-autoscaling] Cluster size autoscaling [Slow] should correctly scale down after a node is not needed and one node is broken [Feature:ClusterSizeAutoscalingScaleDown]" classname="Kubernetes e2e suite" time="0">
          <skipped></skipped>
      </testcase>
      <testcase name="[sig-storage] In-tree Volumes [Driver: azure] [Testpattern: Dynamic PV (default fs)] subPath should fail if subpath directory is outside the volume [Slow]" classname="Kubernetes e2e suite" time="0">
          <skipped></skipped>
      </testcase>
      <testcase name="[sig-storage] PersistentVolumes-local  [Volume type: dir-link] One pod requesting one prebound PVC should be able to mount volume and write from pod1" classname="Kubernetes e2e suite" time="0">
          <skipped></skipped>
      </testcase>
      <testcase name="[sig-storage] In-tree Volumes [Driver: cinder] [Testpattern: Inline-volume (default fs)] subPath should support readOnly directory specified in the volumeMount" classname="Kubernetes e2e suite" time="0">
          <skipped></skipped>
      </testcase>
      <testcase name="[sig-storage] PersistentVolumes-local  [Volume type: dir] One pod requesting one prebound PVC should be able to mount volume and read from pod1" classname="Kubernetes e2e suite" time="0">
          <skipped></skipped>
      </testcase>
      <testcase name="[sig-storage] Dynamic Provisioning DynamicProvisioner Default should be disabled by removing the default annotation [Serial] [Disruptive]" classname="Kubernetes e2e suite" time="0">
          <skipped></skipped>
      </testcase>
      <testcase name="[sig-autoscaling] Cluster size autoscaling [Slow] should correctly scale down after a node is not needed [Feature:ClusterSizeAutoscalingScaleDown]" classname="Kubernetes e2e suite" time="0">
          <skipped></skipped>
      </testcase>
      <testcase name="[sig-storage] In-tree Volumes [Driver: hostPath] [Testpattern: Dynamic PV (default fs)] subPath should support restarting containers using directory as subpath [Slow]" classname="Kubernetes e2e suite" time="0">
          <skipped></skipped>
      </testcase>
      <testcase name="[sig-storage] CSI Volumes [Driver: pd.csi.storage.gke.io][Serial] [Testpattern: Dynamic PV (xfs)] volumes should be mountable" classname="Kubernetes e2e suite" time="0">
          <skipped></skipped>
      </testcase>
      <testcase name="[sig-storage] CSI Volumes [Driver: pd.csi.storage.gke.io][Serial] [Testpattern: Dynamic PV (block volmode)] volumeMode should fail in binding dynamic provisioned PV to PVC" classname="Kubernetes e2e suite" time="0">
          <skipped></skipped>
      </testcase>
      <testcase name="[sig-storage] In-tree Volumes [Driver: iscsi][Feature:Volumes] [Testpattern: Pre-provisioned PV (ext3)] volumes should allow exec of files on the volume" classname="Kubernetes e2e suite" time="0">
          <skipped></skipped>
      </testcase>
      <testcase name="[k8s.io] Security Context when creating containers with AllowPrivilegeEscalation should allow privilege escalation when true [NodeConformance]" classname="Kubernetes e2e suite" time="0">
          <skipped></skipped>
      </testcase>
      <testcase name="[sig-storage] Pod Disks detach in a disrupted environment [Slow] [Disruptive] when node is deleted" classname="Kubernetes e2e suite" time="0">
          <skipped></skipped>
      </testcase>
      <testcase name="[sig-network] Networking Granular Checks: Services [Slow] should function for endpoint-Service: udp" classname="Kubernetes e2e suite" time="0">
          <skipped></skipped>
      </testcase>
      <testcase name="[sig-storage] In-tree Volumes [Driver: aws] [Testpattern: Dynamic PV (default fs)] subPath should support existing directories when readOnly specified in the volumeSource" classname="Kubernetes e2e suite" time="0">
          <skipped></skipped>
      </testcase>
      <testcase name="[sig-storage] PersistentVolumes-local  [Volume type: gce-localssd-scsi-fs] [Serial] Set fsGroup for local volume should not set different fsGroups for two pods simultaneously" classname="Kubernetes e2e suite" time="0">
          <skipped></skipped>
      </testcase>
      <testcase name="[sig-storage] In-tree Volumes [Driver: rbd][Feature:Volumes] [Testpattern: Pre-provisioned PV (default fs)] subPath should be able to unmount after the subpath directory is deleted" classname="Kubernetes e2e suite" time="0">
          <skipped></skipped>
      </testcase>
      <testcase name="[sig-apps] StatefulSet [k8s.io] Deploy clustered applications [Feature:StatefulSet] [Slow] should creating a working redis cluster" classname="Kubernetes e2e suite" time="0">
          <skipped></skipped>
      </testcase>
      <testcase name="[sig-storage] In-tree Volumes [Driver: rbd][Feature:Volumes] [Testpattern: Inline-volume (ext4)] volumes should be mountable" classname="Kubernetes e2e suite" time="0">
          <skipped></skipped>
      </testcase>
      <testcase name="[sig-storage] In-tree Volumes [Driver: nfs] [Testpattern: Dynamic PV (default fs)] subPath should support readOnly file specified in the volumeMount" classname="Kubernetes e2e suite" time="0">
          <skipped></skipped>
      </testcase>
      <testcase name="[sig-scalability] Load capacity [Feature:ManualPerformance] should be able to handle 30 pods per node ReplicationController with 0 secrets, 0 configmaps and 0 daemons with quotas" classname="Kubernetes e2e suite" time="0">
          <skipped></skipped>
      </testcase>
      <testcase name="[sig-storage] In-tree Volumes [Driver: iscsi][Feature:Volumes] [Testpattern: Pre-provisioned PV (xfs)] volumes should allow exec of files on the volume" classname="Kubernetes e2e suite" time="0">
          <skipped></skipped>
      </testcase>
      <testcase name="[sig-storage] Pod Disks should be able to delete a non-existent PD without error" classname="Kubernetes e2e suite" time="0">
          <skipped></skipped>
      </testcase>
      <testcase name="[sig-storage] In-tree Volumes [Driver: rbd][Feature:Volumes] [Testpattern: Pre-provisioned PV (default fs)] subPath should unmount if pod is force deleted while kubelet is down [Disruptive][Slow]" classname="Kubernetes e2e suite" time="0">
          <skipped></skipped>
      </testcase>
      <testcase name="[sig-storage] In-tree Volumes [Driver: nfs] [Testpattern: Pre-provisioned PV (filesystem volmode)] volumeMode should create sc, pod, pv, and pvc, read/write to the pv, and delete all created resources" classname="Kubernetes e2e suite" time="0">
          <skipped></skipped>
      </testcase>
      <testcase name="[sig-storage] In-tree Volumes [Driver: hostPath] [Testpattern: Inline-volume (default fs)] subPath should support restarting containers using file as subpath [Slow]" classname="Kubernetes e2e suite" time="0">
          <skipped></skipped>
      </testcase>
      <testcase name="[sig-storage] In-tree Volumes [Driver: nfs] [Testpattern: Pre-provisioned PV (default fs)] subPath should support existing directories when readOnly specified in the volumeSource" classname="Kubernetes e2e suite" time="0">
          <skipped></skipped>
      </testcase>
      <testcase name="[sig-storage] In-tree Volumes [Driver: gcepd] [Testpattern: Dynamic PV (default fs)] subPath should be able to unmount after the subpath directory is deleted" classname="Kubernetes e2e suite" time="0">
          <skipped></skipped>
      </testcase>
      <testcase name="[sig-storage] In-tree Volumes [Driver: hostPath] [Testpattern: Pre-provisioned PV (ext3)] volumes should allow exec of files on the volume" classname="Kubernetes e2e suite" time="0">
          <skipped></skipped>
      </testcase>
      <testcase name="[sig-storage] PersistentVolumes-local  [Volume type: dir] Two pods mounting a local volume at the same time should be able to write from pod1 and read from pod2" classname="Kubernetes e2e suite" time="0">
          <skipped></skipped>
      </testcase>
      <testcase name="[sig-storage] In-tree Volumes [Driver: gluster] [Testpattern: Dynamic PV (default fs)] provisioning should create and delete block persistent volumes" classname="Kubernetes e2e suite" time="0">
          <skipped></skipped>
      </testcase>
      <testcase name="[sig-cluster-lifecycle] ingress Upgrade [Feature:IngressUpgrade] ingress upgrade should maintain a functioning ingress" classname="Kubernetes e2e suite" time="0">
          <skipped></skipped>
      </testcase>
      <testcase name="[sig-storage] Downward API volume should set DefaultMode on files [NodeConformance] [Conformance]" classname="Kubernetes e2e suite" time="12.337407024"></testcase>
      <testcase name="[sig-storage] In-tree Volumes [Driver: hostPath] [Testpattern: Inline-volume (ext4)] volumes should be mountable" classname="Kubernetes e2e suite" time="0">
          <skipped></skipped>
      </testcase>
      <testcase name="[sig-apps] StatefulSet [k8s.io] Basic StatefulSet functionality [StatefulSetBasic] should perform canary updates and phased rolling updates of template modifications [Conformance]" classname="Kubernetes e2e suite" time="118.955228334"></testcase>
      <testcase name="[sig-storage] In-tree Volumes [Driver: emptydir] [Testpattern: Dynamic PV (default fs)] provisioning should create and delete block persistent volumes" classname="Kubernetes e2e suite" time="0">
          <skipped></skipped>
      </testcase>
      <testcase name="[sig-storage] In-tree Volumes [Driver: emptydir] [Testpattern: Pre-provisioned PV (ext4)] volumes should allow exec of files on the volume" classname="Kubernetes e2e suite" time="0">
          <skipped></skipped>
      </testcase>
      <testcase name="[sig-storage] In-tree Volumes [Driver: aws] [Testpattern: Dynamic PV (default fs)] subPath should unmount if pod is force deleted while kubelet is down [Disruptive][Slow]" classname="Kubernetes e2e suite" time="0">
          <skipped></skipped>
      </testcase>
      <testcase name="[sig-storage] In-tree Volumes [Driver: iscsi][Feature:Volumes] [Testpattern: Inline-volume (default fs)] subPath should support existing directory" classname="Kubernetes e2e suite" time="0">
          <skipped></skipped>
      </testcase>
      <testcase name="[sig-storage] In-tree Volumes [Driver: gluster] [Testpattern: Pre-provisioned PV (default fs)] subPath should be able to unmount after the subpath directory is deleted" classname="Kubernetes e2e suite" time="0">
          <skipped></skipped>
      </testcase>
      <testcase name="[sig-storage] In-tree Volumes [Driver: iscsi][Feature:Volumes] [Testpattern: Dynamic PV (default fs)] subPath should fail if subpath directory is outside the volume [Slow]" classname="Kubernetes e2e suite" time="0">
          <skipped></skipped>
      </testcase>
      <testcase name="[sig-network] Services should be able to change the type from ExternalName to NodePort" classname="Kubernetes e2e suite" time="0">
          <skipped></skipped>
      </testcase>
      <testcase name="[sig-storage] CSI Volumes [Driver: pd.csi.storage.gke.io][Feature: gcePD-external] [Testpattern: Dynamic PV (ext3)] volumes should be mountable" classname="Kubernetes e2e suite" time="0">
          <skipped></skipped>
      </testcase>
      <testcase name="[sig-autoscaling] Cluster size autoscaling [Slow] should increase cluster size if pending pods are small and one node is broken [Feature:ClusterSizeAutoscalingScaleUp]" classname="Kubernetes e2e suite" time="0">
          <skipped></skipped>
      </testcase>
      <testcase name="[sig-storage] In-tree Volumes [Driver: vSphere] [Testpattern: Inline-volume (default fs)] subPath should support creating multiple subpath from same volumes [Slow]" classname="Kubernetes e2e suite" time="0">
          <skipped></skipped>
      </testcase>
      <testcase name="[sig-storage] In-tree Volumes [Driver: emptydir] [Testpattern: Pre-provisioned PV (xfs)] volumes should be mountable" classname="Kubernetes e2e suite" time="0">
          <skipped></skipped>
      </testcase>
      <testcase name="[sig-storage] In-tree Volumes [Driver: azure] [Testpattern: Pre-provisioned PV (default fs)] subPath should support restarting containers using file as subpath [Slow]" classname="Kubernetes e2e suite" time="0">
          <skipped></skipped>
      </testcase>
      <testcase name="[sig-storage] In-tree Volumes [Driver: gluster] [Testpattern: Dynamic PV (default fs)] subPath should unmount if pod is force deleted while kubelet is down [Disruptive][Slow]" classname="Kubernetes e2e suite" time="0">
          <skipped></skipped>
      </testcase>
      <testcase name="[sig-apps] Daemon set [Serial] should run and stop simple daemon [Conformance]" classname="Kubernetes e2e suite" time="89.66090406000001"></testcase>
      <testcase name="[sig-storage] GCP Volumes GlusterFS should be mountable" classname="Kubernetes e2e suite" time="0">
          <skipped></skipped>
      </testcase>
      <testcase name="[sig-storage] In-tree Volumes [Driver: cinder] [Testpattern: Dynamic PV (default fs)] subPath should fail if subpath directory is outside the volume [Slow]" classname="Kubernetes e2e suite" time="0">
          <skipped></skipped>
      </testcase>
      <testcase name="[sig-storage] In-tree Volumes [Driver: hostPath] [Testpattern: Pre-provisioned PV (default fs)] subPath should fail if non-existent subpath is outside the volume [Slow]" classname="Kubernetes e2e suite" time="0">
          <skipped></skipped>
      </testcase>
      <testcase name="[sig-network] Networking Granular Checks: Services [Slow] should function for endpoint-Service: http" classname="Kubernetes e2e suite" time="0">
          <skipped></skipped>
      </testcase>
      <testcase name="[sig-storage] CSI Volumes [Driver: csi-hostpath-v0] [Testpattern: Dynamic PV (default fs)] subPath should fail if subpath directory is outside the volume [Slow]" classname="Kubernetes e2e suite" time="0">
          <skipped></skipped>
      </testcase>
      <testcase name="[sig-scheduling] ResourceQuota [Feature:PodPriority] should verify ResourceQuota&#39;s priority class scope (cpu, memory quota set) against a pod with same priority class." classname="Kubernetes e2e suite" time="0">
          <skipped></skipped>
      </testcase>
      <testcase name="[sig-storage] In-tree Volumes [Driver: iscsi][Feature:Volumes] [Testpattern: Dynamic PV (xfs)] volumes should allow exec of files on the volume" classname="Kubernetes e2e suite" time="0">
          <skipped></skipped>
      </testcase>
      <testcase name="[sig-apps] DaemonRestart [Disruptive] Scheduler should continue assigning pods to nodes across restart" classname="Kubernetes e2e suite" time="0">
          <skipped></skipped>
      </testcase>
      <testcase name="[sig-storage] ConfigMap binary data should be reflected in volume [NodeConformance] [Conformance]" classname="Kubernetes e2e suite" time="30.142030828"></testcase>
      <testcase name="[sig-network] DNS should provide DNS for ExternalName services" classname="Kubernetes e2e suite" time="0">
          <skipped></skipped>
      </testcase>
      <testcase name="[k8s.io] [sig-node] Pods Extended [k8s.io] Pods Set QOS Class should be submitted and removed  [Conformance]" classname="Kubernetes e2e suite" time="24.034500591"></testcase>
      <testcase name="[sig-storage] Secrets Should fail non-optional pod creation due to secret object does not exist [Slow]" classname="Kubernetes e2e suite" time="0">
          <skipped></skipped>
      </testcase>
      <testcase name="[sig-network] Networking should provide Internet connection for containers [Feature:Networking-IPv4]" classname="Kubernetes e2e suite" time="0">
          <skipped></skipped>
      </testcase>
      <testcase name="[sig-network] NetworkPolicy NetworkPolicy between server and client should support a &#39;default-deny&#39; policy [Feature:NetworkPolicy]" classname="Kubernetes e2e suite" time="0">
          <skipped></skipped>
      </testcase>
      <testcase name="[sig-storage] In-tree Volumes [Driver: vSphere] [Testpattern: Inline-volume (default fs)] subPath should unmount if pod is force deleted while kubelet is down [Disruptive][Slow]" classname="Kubernetes e2e suite" time="0">
          <skipped></skipped>
      </testcase>
      <testcase name="[sig-storage] PersistentVolumes:vsphere should test that deleting the Namespace of a PVC and Pod causes the successful detach of vsphere volume" classname="Kubernetes e2e suite" time="0">
          <skipped></skipped>
      </testcase>
      <testcase name="[sig-storage] CSI Volumes [Driver: csi-hostpath] [Testpattern: Dynamic PV (default fs)] provisioning should provision storage with defaults" classname="Kubernetes e2e suite" time="0">
          <skipped></skipped>
      </testcase>
      <testcase name="[sig-storage] NFSPersistentVolumes[Disruptive][Flaky] when kubelet restarts Should test that a volume mounted to a pod that is force deleted while the kubelet is down unmounts when the kubelet returns." classname="Kubernetes e2e suite" time="0">
          <skipped></skipped>
      </testcase>
      <testcase name="[sig-apps] ReplicationController should surface a failure condition on a common issue like exceeded quota" classname="Kubernetes e2e suite" time="0">
          <skipped></skipped>
      </testcase>
      <testcase name="[sig-autoscaling] [HPA] Horizontal pod autoscaling (scale resource: CPU) [sig-autoscaling] [Serial] [Slow] Deployment Should scale from 5 pods to 3 pods and from 3 to 1" classname="Kubernetes e2e suite" time="0">
          <skipped></skipped>
      </testcase>
      <testcase name="[sig-storage] In-tree Volumes [Driver: azure] [Testpattern: Inline-volume (default fs)] volumeIO should write files of various sizes, verify size, validate content [Slow]" classname="Kubernetes e2e suite" time="0">
          <skipped></skipped>
      </testcase>
      <testcase name="[sig-storage] In-tree Volumes [Driver: vSphere] [Testpattern: Dynamic PV (default fs)] subPath should fail if subpath directory is outside the volume [Slow]" classname="Kubernetes e2e suite" time="0">
          <skipped></skipped>
      </testcase>
      <testcase name="[sig-storage] In-tree Volumes [Driver: hostPathSymlink] [Testpattern: Pre-provisioned PV (default fs)] subPath should support restarting containers using directory as subpath [Slow]" classname="Kubernetes e2e suite" time="0">
          <skipped></skipped>
      </testcase>
      <testcase name="[sig-storage] GenericPersistentVolume[Disruptive] When kubelet restarts Should test that a volume mounted to a pod that is force deleted while the kubelet is down unmounts when the kubelet returns." classname="Kubernetes e2e suite" time="0">
          <skipped></skipped>
      </testcase>
      <testcase name="[sig-storage] PersistentVolumes-local  Stress with local volume provisioner [Serial] should use be able to process many pods and reuse local volumes" classname="Kubernetes e2e suite" time="0">
          <skipped></skipped>
      </testcase>
      <testcase name="[sig-storage] In-tree Volumes [Driver: azure] [Testpattern: Pre-provisioned PV (ext4)] volumes should be mountable" classname="Kubernetes e2e suite" time="0">
          <skipped></skipped>
      </testcase>
      <testcase name="[k8s.io] [Feature:NodeLease][NodeAlphaFeature:NodeLease] when the NodeLease feature is enabled the kubelet should report node status infrequently" classname="Kubernetes e2e suite" time="0">
          <skipped></skipped>
      </testcase>
      <testcase name="[sig-storage] In-tree Volumes [Driver: rbd][Feature:Volumes] [Testpattern: Dynamic PV (ext4)] volumes should allow exec of files on the volume" classname="Kubernetes e2e suite" time="0">
          <skipped></skipped>
      </testcase>
      <testcase name="[sig-storage] In-tree Volumes [Driver: iscsi][Feature:Volumes] [Testpattern: Pre-provisioned PV (default fs)] subPath should fail if subpath file is outside the volume [Slow]" classname="Kubernetes e2e suite" time="0">
          <skipped></skipped>
      </testcase>
      <testcase name="[sig-storage] In-tree Volumes [Driver: hostPathSymlink] [Testpattern: Inline-volume (default fs)] subPath should support readOnly file specified in the volumeMount" classname="Kubernetes e2e suite" time="0">
          <skipped></skipped>
      </testcase>
      <testcase name="[sig-storage] In-tree Volumes [Driver: iscsi][Feature:Volumes] [Testpattern: Pre-provisioned PV (default fs)] subPath should fail if subpath with backstepping is outside the volume [Slow]" classname="Kubernetes e2e suite" time="0">
          <skipped></skipped>
      </testcase>
      <testcase name="[sig-storage] CSI Volumes [Driver: pd.csi.storage.gke.io][Serial] [Testpattern: Dynamic PV (ext3)] volumes should be mountable" classname="Kubernetes e2e suite" time="0">
          <skipped></skipped>
      </testcase>
      <testcase name="[k8s.io] [sig-node] Security Context [Feature:SecurityContext] should support pod.Spec.SecurityContext.RunAsUser" classname="Kubernetes e2e suite" time="0">
          <skipped></skipped>
      </testcase>
      <testcase name="[sig-cli] Kubectl client [k8s.io] Kubectl run deployment should create a deployment from an image  [Conformance]" classname="Kubernetes e2e suite" time="29.544650674"></testcase>
      <testcase name="[sig-storage] In-tree Volumes [Driver: aws] [Testpattern: Dynamic PV (default fs)] provisioning should provision storage with defaults" classname="Kubernetes e2e suite" time="0">
          <skipped></skipped>
      </testcase>
      <testcase name="[k8s.io] [sig-node] RuntimeClass [Feature:RuntimeClass] should reject a Pod requesting a RuntimeClass with an unconfigured handler" classname="Kubernetes e2e suite" time="0">
          <skipped></skipped>
      </testcase>
      <testcase name="[sig-storage] In-tree Volumes [Driver: azure] [Testpattern: Dynamic PV (xfs)] volumes should allow exec of files on the volume" classname="Kubernetes e2e suite" time="0">
          <skipped></skipped>
      </testcase>
      <testcase name="[sig-storage] EmptyDir volumes when FSGroup is specified [NodeFeature:FSGroup] files with FSGroup ownership should support (root,0644,tmpfs)" classname="Kubernetes e2e suite" time="0">
          <skipped></skipped>
      </testcase>
      <testcase name="[k8s.io] Pods should get a host IP [NodeConformance] [Conformance]" classname="Kubernetes e2e suite" time="28.061354808"></testcase>
      <testcase name="[sig-storage] In-tree Volumes [Driver: nfs] [Testpattern: Dynamic PV (ext3)] volumes should be mountable" classname="Kubernetes e2e suite" time="0">
          <skipped></skipped>
      </testcase>
      <testcase name="[sig-storage] In-tree Volumes [Driver: aws] [Testpattern: Inline-volume (default fs)] subPath should fail if subpath with backstepping is outside the volume [Slow]" classname="Kubernetes e2e suite" time="0">
          <skipped></skipped>
      </testcase>
      <testcase name="[sig-storage] In-tree Volumes [Driver: aws] [Testpattern: Dynamic PV (ext3)] volumes should allow exec of files on the volume" classname="Kubernetes e2e suite" time="0">
          <skipped></skipped>
      </testcase>
      <testcase name="[k8s.io] Security Context when creating containers with AllowPrivilegeEscalation should not allow privilege escalation when false [NodeConformance]" classname="Kubernetes e2e suite" time="0">
          <skipped></skipped>
      </testcase>
      <testcase name="[sig-storage] PersistentVolumes-local  [Volume type: blockfswithoutformat] Set fsGroup for local volume should set different fsGroup for second pod if first pod is deleted" classname="Kubernetes e2e suite" time="0">
          <skipped></skipped>
      </testcase>
      <testcase name="[sig-storage] In-tree Volumes [Driver: hostPathSymlink] [Testpattern: Pre-provisioned PV (default fs)] subPath should support creating multiple subpath from same volumes [Slow]" classname="Kubernetes e2e suite" time="0">
          <skipped></skipped>
      </testcase>
      <testcase name="[sig-api-machinery] Garbage collector should keep the rc around until all its pods are deleted if the deleteOptions says so [Conformance]" classname="Kubernetes e2e suite" time="14.052353953"></testcase>
      <testcase name="[sig-storage] Projected downwardAPI should update annotations on modification [NodeConformance] [Conformance]" classname="Kubernetes e2e suite" time="30.75632683"></testcase>
      <testcase name="[sig-network] Proxy version v1 should proxy through a service and a pod  [Conformance]" classname="Kubernetes e2e suite" time="23.251321654"></testcase>
      <testcase name="[sig-storage] PersistentVolumes-local  [Volume type: dir] Set fsGroup for local volume should not set different fsGroups for two pods simultaneously" classname="Kubernetes e2e suite" time="0">
          <skipped></skipped>
      </testcase>
      <testcase name="[sig-storage] Regional PD RegionalPD should provision storage in the allowedTopologies [Slow]" classname="Kubernetes e2e suite" time="0">
          <skipped></skipped>
      </testcase>
      <testcase name="[sig-storage] In-tree Volumes [Driver: gluster] [Testpattern: Dynamic PV (default fs)] subPath should support existing single file" classname="Kubernetes e2e suite" time="0">
          <skipped></skipped>
      </testcase>
      <testcase name="[sig-storage] In-tree Volumes [Driver: emptydir] [Testpattern: Dynamic PV (ext3)] volumes should allow exec of files on the volume" classname="Kubernetes e2e suite" time="0">
          <skipped></skipped>
      </testcase>
      <testcase name="[sig-storage] In-tree Volumes [Driver: hostPathSymlink] [Testpattern: Pre-provisioned PV (default fs)] subPath should support readOnly file specified in the volumeMount" classname="Kubernetes e2e suite" time="0">
          <skipped></skipped>
      </testcase>
      <testcase name="[k8s.io] Probing container with readiness probe that fails should never be ready and never restart [NodeConformance] [Conformance]" classname="Kubernetes e2e suite" time="81.956431922"></testcase>
      <testcase name="[sig-storage] CSI Volumes [Driver: csi-hostpath-v0] [Testpattern: Dynamic PV (default fs)] provisioning should provision storage with mount options" classname="Kubernetes e2e suite" time="0">
          <skipped></skipped>
      </testcase>
      <testcase name="[sig-storage] PersistentVolumes-local  [Volume type: blockfswithoutformat] One pod requesting one prebound PVC should be able to mount volume and read from pod1" classname="Kubernetes e2e suite" time="0">
          <skipped></skipped>
      </testcase>
      <testcase name="[sig-storage] In-tree Volumes [Driver: gcepd] [Testpattern: Pre-provisioned PV (default fs)] subPath should support existing directories when readOnly specified in the volumeSource" classname="Kubernetes e2e suite" time="0">
          <skipped></skipped>
      </testcase>
      <testcase name="[sig-storage] In-tree Volumes [Driver: gluster] [Testpattern: Inline-volume (default fs)] subPath should support restarting containers using file as subpath [Slow]" classname="Kubernetes e2e suite" time="0">
          <skipped></skipped>
      </testcase>
      <testcase name="[sig-storage] In-tree Volumes [Driver: iscsi][Feature:Volumes] [Testpattern: Dynamic PV (default fs)] subPath should support restarting containers using directory as subpath [Slow]" classname="Kubernetes e2e suite" time="0">
          <skipped></skipped>
      </testcase>
      <testcase name="[sig-apps] StatefulSet [k8s.io] Basic StatefulSet functionality [StatefulSetBasic] Scaling should happen in predictable order and halt if any stateful pod is unhealthy [Conformance]" classname="Kubernetes e2e suite" time="104.957426346"></testcase>
      <testcase name="[sig-storage] PersistentVolumes GCEPD should test that deleting the PV before the pod does not cause pod deletion to fail on PD detach" classname="Kubernetes e2e suite" time="0">
          <skipped></skipped>
      </testcase>
      <testcase name="[sig-node] Downward API should provide host IP as an env var [NodeConformance] [Conformance]" classname="Kubernetes e2e suite" time="14.247349556"></testcase>
      <testcase name="[k8s.io] [sig-node] Security Context [Feature:SecurityContext] should support volume SELinux relabeling" classname="Kubernetes e2e suite" time="0">
          <skipped></skipped>
      </testcase>
      <testcase name="[sig-cluster-lifecycle] [Feature:BootstrapTokens] should sign the new added bootstrap tokens" classname="Kubernetes e2e suite" time="0">
          <skipped></skipped>
      </testcase>
      <testcase name="[sig-storage] In-tree Volumes [Driver: ceph][Feature:Volumes] [Testpattern: Inline-volume (default fs)] subPath should support readOnly directory specified in the volumeMount" classname="Kubernetes e2e suite" time="0">
          <skipped></skipped>
      </testcase>
      <testcase name="[sig-storage] Volume expand [Slow] Verify if editing PVC allows resize" classname="Kubernetes e2e suite" time="0">
          <skipped></skipped>
      </testcase>
      <testcase name="[sig-network] Loadbalancing: L7 GCE [Slow] [Feature:kubemci] should remove clusters as expected" classname="Kubernetes e2e suite" time="0">
          <skipped></skipped>
      </testcase>
      <testcase name="[sig-scheduling] ResourceQuota should create a ResourceQuota and ensure its status is promptly calculated." classname="Kubernetes e2e suite" time="0">
          <skipped></skipped>
      </testcase>
      <testcase name="[sig-autoscaling] [HPA] Horizontal pod autoscaling (scale resource: CPU) [sig-autoscaling] ReplicationController light Should scale from 2 pods to 1 pod" classname="Kubernetes e2e suite" time="0">
          <skipped></skipped>
      </testcase>
      <testcase name="[sig-storage] In-tree Volumes [Driver: gcepd] [Testpattern: Inline-volume (default fs)] subPath should support creating multiple subpath from same volumes [Slow]" classname="Kubernetes e2e suite" time="0">
          <skipped></skipped>
      </testcase>
      <testcase name="[sig-storage] CSI Volumes [Driver: csi-hostpath-v0] [Testpattern: Dynamic PV (default fs)] subPath should fail if subpath with backstepping is outside the volume [Slow]" classname="Kubernetes e2e suite" time="0">
          <skipped></skipped>
      </testcase>
      <testcase name="[sig-storage] In-tree Volumes [Driver: azure] [Testpattern: Inline-volume (default fs)] subPath should fail if non-existent subpath is outside the volume [Slow]" classname="Kubernetes e2e suite" time="0">
          <skipped></skipped>
      </testcase>
      <testcase name="[sig-network] Services should be able to change the type and ports of a service [Slow] [DisabledForLargeClusters]" classname="Kubernetes e2e suite" time="0">
          <skipped></skipped>
      </testcase>
      <testcase name="[sig-storage] In-tree Volumes [Driver: azure] [Testpattern: Dynamic PV (default fs)] volumes should allow exec of files on the volume" classname="Kubernetes e2e suite" time="0">
          <skipped></skipped>
      </testcase>
      <testcase name="[sig-auth] [Feature:NodeAuthorizer] Getting a secret for a workload the node has access to should succeed" classname="Kubernetes e2e suite" time="0">
          <skipped></skipped>
      </testcase>
      <testcase name="[sig-storage] In-tree Volumes [Driver: cinder] [Testpattern: Inline-volume (default fs)] subPath should unmount if pod is gracefully deleted while kubelet is down [Disruptive][Slow]" classname="Kubernetes e2e suite" time="0">
          <skipped></skipped>
      </testcase>
      <testcase name="[sig-storage] In-tree Volumes [Driver: iscsi][Feature:Volumes] [Testpattern: Inline-volume (default fs)] subPath should support non-existent path" classname="Kubernetes e2e suite" time="0">
          <skipped></skipped>
      </testcase>
      <testcase name="[sig-storage] In-tree Volumes [Driver: azure] [Testpattern: Pre-provisioned PV (default fs)] subPath should support file as subpath" classname="Kubernetes e2e suite" time="0">
          <skipped></skipped>
      </testcase>
      <testcase name="[sig-storage] EmptyDir volumes should support (non-root,0644,default) [NodeConformance] [Conformance]" classname="Kubernetes e2e suite" time="12.104269715"></testcase>
      <testcase name="[sig-storage] In-tree Volumes [Driver: hostPathSymlink] [Testpattern: Dynamic PV (default fs)] subPath should support readOnly directory specified in the volumeMount" classname="Kubernetes e2e suite" time="0">
          <skipped></skipped>
      </testcase>
      <testcase name="[sig-storage] In-tree Volumes [Driver: aws] [Testpattern: Dynamic PV (default fs)] volumeIO should write files of various sizes, verify size, validate content [Slow]" classname="Kubernetes e2e suite" time="0">
          <skipped></skipped>
      </testcase>
      <testcase name="[sig-storage] Storage Policy Based Volume Provisioning [Feature:vsphere] verify VSAN storage capability with invalid hostFailuresToTolerate value is not honored for dynamically provisioned pvc using storageclass" classname="Kubernetes e2e suite" time="0">
          <skipped></skipped>
      </testcase>
      <testcase name="[sig-storage] In-tree Volumes [Driver: gcepd] [Testpattern: Inline-volume (default fs)] subPath should support existing directories when readOnly specified in the volumeSource" classname="Kubernetes e2e suite" time="0">
          <skipped></skipped>
      </testcase>
      <testcase name="[sig-storage] CSI Volumes [Driver: pd.csi.storage.gke.io][Serial] [Testpattern: Dynamic PV (default fs)] subPath should support creating multiple subpath from same volumes [Slow]" classname="Kubernetes e2e suite" time="0">
          <skipped></skipped>
      </testcase>
      <testcase name="[k8s.io] [sig-node] Mount propagation should propagate mounts to the host" classname="Kubernetes e2e suite" time="0">
          <skipped></skipped>
      </testcase>
      <testcase name="[sig-storage] In-tree Volumes [Driver: vSphere] [Testpattern: Inline-volume (default fs)] subPath should be able to unmount after the subpath directory is deleted" classname="Kubernetes e2e suite" time="0">
          <skipped></skipped>
      </testcase>
      <testcase name="[sig-storage] In-tree Volumes [Driver: gluster] [Testpattern: Pre-provisioned PV (default fs)] subPath should support readOnly file specified in the volumeMount" classname="Kubernetes e2e suite" time="0">
          <skipped></skipped>
      </testcase>
      <testcase name="[sig-storage] In-tree Volumes [Driver: gcepd] [Testpattern: Pre-provisioned PV (default fs)] subPath should support restarting containers using file as subpath [Slow]" classname="Kubernetes e2e suite" time="0">
          <skipped></skipped>
      </testcase>
      <testcase name="[sig-storage] In-tree Volumes [Driver: nfs] [Testpattern: Pre-provisioned PV (default fs)] subPath should support existing single file" classname="Kubernetes e2e suite" time="0">
          <skipped></skipped>
      </testcase>
      <testcase name="[sig-api-machinery] Generated clientset should create pods, set the deletionTimestamp and deletionGracePeriodSeconds of the pod" classname="Kubernetes e2e suite" time="0">
          <skipped></skipped>
      </testcase>
      <testcase name="[sig-scalability] Load capacity [Feature:ManualPerformance] should be able to handle 30 pods per node Deployment.extensions with 0 secrets, 0 configmaps and 0 daemons" classname="Kubernetes e2e suite" time="0">
          <skipped></skipped>
      </testcase>
      <testcase name="[sig-storage] PersistentVolumes-local  [Volume type: dir-bindmounted] Set fsGroup for local volume should set different fsGroup for second pod if first pod is deleted" classname="Kubernetes e2e suite" time="0">
          <skipped></skipped>
      </testcase>
      <testcase name="[sig-storage] In-tree Volumes [Driver: aws] [Testpattern: Inline-volume (default fs)] subPath should support creating multiple subpath from same volumes [Slow]" classname="Kubernetes e2e suite" time="0">
          <skipped></skipped>
      </testcase>
      <testcase name="[sig-autoscaling] Cluster size autoscaling [Slow] should be able to scale down when rescheduling a pod is required and pdb allows for it[Feature:ClusterSizeAutoscalingScaleDown]" classname="Kubernetes e2e suite" time="0">
          <skipped></skipped>
      </testcase>
      <testcase name="[sig-storage] In-tree Volumes [Driver: ceph][Feature:Volumes] [Testpattern: Inline-volume (default fs)] subPath should support file as subpath" classname="Kubernetes e2e suite" time="0">
          <skipped></skipped>
      </testcase>
      <testcase name="[sig-storage] In-tree Volumes [Driver: gluster] [Testpattern: Dynamic PV (default fs)] subPath should support creating multiple subpath from same volumes [Slow]" classname="Kubernetes e2e suite" time="0">
          <skipped></skipped>
      </testcase>
      <testcase name="[sig-storage] In-tree Volumes [Driver: iscsi][Feature:Volumes] [Testpattern: Dynamic PV (default fs)] volumes should be mountable" classname="Kubernetes e2e suite" time="0">
          <skipped></skipped>
      </testcase>
      <testcase name="[sig-storage] In-tree Volumes [Driver: nfs] [Testpattern: Dynamic PV (default fs)] subPath should support restarting containers using directory as subpath [Slow]" classname="Kubernetes e2e suite" time="0">
          <skipped></skipped>
      </testcase>
      <testcase name="[sig-storage] In-tree Volumes [Driver: nfs] [Testpattern: Dynamic PV (filesystem volmode)] volumeMode should create sc, pod, pv, and pvc, read/write to the pv, and delete all created resources" classname="Kubernetes e2e suite" time="0">
          <skipped></skipped>
      </testcase>
      <testcase name="[sig-storage] In-tree Volumes [Driver: emptydir] [Testpattern: Dynamic PV (default fs)] subPath should support restarting containers using file as subpath [Slow]" classname="Kubernetes e2e suite" time="0">
          <skipped></skipped>
      </testcase>
      <testcase name="[sig-storage] PersistentVolumes-local  [Volume type: gce-localssd-scsi-fs] [Serial] Two pods mounting a local volume at the same time should be able to write from pod1 and read from pod2" classname="Kubernetes e2e suite" time="0">
          <skipped></skipped>
      </testcase>
      <testcase name="[sig-storage] In-tree Volumes [Driver: cinder] [Testpattern: Inline-volume (default fs)] subPath should support restarting containers using directory as subpath [Slow]" classname="Kubernetes e2e suite" time="0">
          <skipped></skipped>
      </testcase>
      <testcase name="[sig-storage] In-tree Volumes [Driver: rbd][Feature:Volumes] [Testpattern: Dynamic PV (default fs)] subPath should support non-existent path" classname="Kubernetes e2e suite" time="0">
          <skipped></skipped>
      </testcase>
      <testcase name="[sig-storage] In-tree Volumes [Driver: rbd][Feature:Volumes] [Testpattern: Dynamic PV (default fs)] volumes should be mountable" classname="Kubernetes e2e suite" time="0">
          <skipped></skipped>
      </testcase>
      <testcase name="[sig-storage] In-tree Volumes [Driver: gluster] [Testpattern: Dynamic PV (xfs)] volumes should allow exec of files on the volume" classname="Kubernetes e2e suite" time="0">
          <skipped></skipped>
      </testcase>
      <testcase name="[sig-storage] ConfigMap should be consumable from pods in volume with defaultMode set [NodeConformance] [Conformance]" classname="Kubernetes e2e suite" time="12.164200809"></testcase>
      <testcase name="[sig-storage] In-tree Volumes [Driver: cinder] [Testpattern: Pre-provisioned PV (default fs)] volumeIO should write files of various sizes, verify size, validate content [Slow]" classname="Kubernetes e2e suite" time="0">
          <skipped></skipped>
      </testcase>
      <testcase name="[sig-network] Networking Granular Checks: Services [Slow] should update endpoints: udp" classname="Kubernetes e2e suite" time="0">
          <skipped></skipped>
      </testcase>
      <testcase name="[sig-storage] In-tree Volumes [Driver: hostPath] [Testpattern: Inline-volume (xfs)] volumes should allow exec of files on the volume" classname="Kubernetes e2e suite" time="0">
          <skipped></skipped>
      </testcase>
      <testcase name="[sig-apps] StatefulSet [k8s.io] Basic StatefulSet functionality [StatefulSetBasic] should provide basic identity" classname="Kubernetes e2e suite" time="0">
          <skipped></skipped>
      </testcase>
      <testcase name="[k8s.io] Sysctls [NodeFeature:Sysctls] should not launch unsafe, but not explicitly enabled sysctls on the node" classname="Kubernetes e2e suite" time="0">
          <skipped></skipped>
      </testcase>
      <testcase name="[k8s.io] Pods should support pod readiness gates [NodeFeature:PodReadinessGate]" classname="Kubernetes e2e suite" time="0">
          <skipped></skipped>
      </testcase>
      <testcase name="[sig-storage] In-tree Volumes [Driver: gcepd] [Testpattern: Pre-provisioned PV (default fs)] subPath should support existing single file" classname="Kubernetes e2e suite" time="0">
          <skipped></skipped>
      </testcase>
      <testcase name="[k8s.io] Container Runtime blackbox test when running a container with a new image should be able to pull from private registry with secret [NodeConformance]" classname="Kubernetes e2e suite" time="0">
          <skipped></skipped>
      </testcase>
      <testcase name="[k8s.io] Pods should allow activeDeadlineSeconds to be updated [NodeConformance] [Conformance]" classname="Kubernetes e2e suite" time="12.645915574"></testcase>
      <testcase name="[sig-cli] Kubectl client [k8s.io] Proxy server should support --unix-socket=/path  [Conformance]" classname="Kubernetes e2e suite" time="8.139126449"></testcase>
      <testcase name="[sig-storage] Secrets optional updates should be reflected in volume [NodeConformance] [Conformance]" classname="Kubernetes e2e suite" time="118.379434193"></testcase>
      <testcase name="[sig-storage] Subpath Atomic writer volumes should support subpaths with projected pod [Conformance]" classname="Kubernetes e2e suite" time="32.46967594"></testcase>
      <testcase name="[sig-storage] In-tree Volumes [Driver: cinder] [Testpattern: Inline-volume (default fs)] subPath should fail if subpath file is outside the volume [Slow]" classname="Kubernetes e2e suite" time="0">
          <skipped></skipped>
      </testcase>
      <testcase name="[sig-storage] [Serial] Volume metrics should create prometheus metrics for volume provisioning and attach/detach" classname="Kubernetes e2e suite" time="0">
          <skipped></skipped>
      </testcase>
      <testcase name="[sig-storage] In-tree Volumes [Driver: hostPath] [Testpattern: Inline-volume (ext3)] volumes should be mountable" classname="Kubernetes e2e suite" time="0">
          <skipped></skipped>
      </testcase>
      <testcase name="[sig-storage] In-tree Volumes [Driver: hostPath] [Testpattern: Pre-provisioned PV (default fs)] volumes should be mountable" classname="Kubernetes e2e suite" time="0">
          <skipped></skipped>
      </testcase>
      <testcase name="[sig-autoscaling] [HPA] Horizontal pod autoscaling (scale resource: CPU) [sig-autoscaling] [Serial] [Slow] ReplicationController Should scale from 1 pod to 3 pods and from 3 to 5 and verify decision stability" classname="Kubernetes e2e suite" time="0">
          <skipped></skipped>
      </testcase>
      <testcase name="[sig-api-machinery] Garbage collector should delete pods created by rc when not orphaning [Conformance]" classname="Kubernetes e2e suite" time="18.073464502"></testcase>
      <testcase name="[sig-scheduling] NoExecuteTaintManager Single Pod [Serial] eventually evict pod with finite tolerations from tainted nodes" classname="Kubernetes e2e suite" time="0">
          <skipped></skipped>
      </testcase>
      <testcase name="[sig-storage] In-tree Volumes [Driver: gluster] [Testpattern: Dynamic PV (ext4)] volumes should allow exec of files on the volume" classname="Kubernetes e2e suite" time="0">
          <skipped></skipped>
      </testcase>
      <testcase name="[sig-storage] In-tree Volumes [Driver: aws] [Testpattern: Pre-provisioned PV (ext4)] volumes should be mountable" classname="Kubernetes e2e suite" time="0">
          <skipped></skipped>
      </testcase>
      <testcase name="[sig-storage] In-tree Volumes [Driver: azure] [Testpattern: Pre-provisioned PV (default fs)] subPath should support creating multiple subpath from same volumes [Slow]" classname="Kubernetes e2e suite" time="0">
          <skipped></skipped>
      </testcase>
      <testcase name="[sig-storage] CSI Volumes [Driver: csi-hostpath] [Testpattern: Dynamic PV (default fs)] subPath should support restarting containers using directory as subpath [Slow]" classname="Kubernetes e2e suite" time="0">
          <skipped></skipped>
      </testcase>
      <testcase name="[sig-storage] In-tree Volumes [Driver: hostPath] [Testpattern: Dynamic PV (default fs)] subPath should fail if subpath directory is outside the volume [Slow]" classname="Kubernetes e2e suite" time="0">
          <skipped></skipped>
      </testcase>
      <testcase name="[sig-storage] In-tree Volumes [Driver: ceph][Feature:Volumes] [Testpattern: Dynamic PV (default fs)] subPath should support restarting containers using directory as subpath [Slow]" classname="Kubernetes e2e suite" time="0">
          <skipped></skipped>
      </testcase>
      <testcase name="[sig-storage] In-tree Volumes [Driver: iscsi][Feature:Volumes] [Testpattern: Dynamic PV (default fs)] subPath should fail if subpath file is outside the volume [Slow]" classname="Kubernetes e2e suite" time="0">
          <skipped></skipped>
      </testcase>
      <testcase name="[sig-storage] CSI Volumes [Driver: pd.csi.storage.gke.io][Serial] [Testpattern: Dynamic PV (default fs)] subPath should unmount if pod is force deleted while kubelet is down [Disruptive][Slow]" classname="Kubernetes e2e suite" time="0">
          <skipped></skipped>
      </testcase>
      <testcase name="[sig-storage] In-tree Volumes [Driver: gcepd] [Testpattern: Pre-provisioned PV (default fs)] subPath should support readOnly file specified in the volumeMount" classname="Kubernetes e2e suite" time="0">
          <skipped></skipped>
      </testcase>
      <testcase name="[sig-storage] In-tree Volumes [Driver: aws] [Testpattern: Dynamic PV (default fs)] subPath should be able to unmount after the subpath directory is deleted" classname="Kubernetes e2e suite" time="0">
          <skipped></skipped>
      </testcase>
      <testcase name="[sig-storage] CSI Volumes [Driver: pd.csi.storage.gke.io][Feature: gcePD-external] [Testpattern: Dynamic PV (default fs)] subPath should support creating multiple subpath from same volumes [Slow]" classname="Kubernetes e2e suite" time="0">
          <skipped></skipped>
      </testcase>
      <testcase name="[sig-storage] In-tree Volumes [Driver: rbd][Feature:Volumes] [Testpattern: Dynamic PV (default fs)] provisioning should provision storage with defaults" classname="Kubernetes e2e suite" time="0">
          <skipped></skipped>
      </testcase>
      <testcase name="[sig-storage] In-tree Volumes [Driver: aws] [Testpattern: Inline-volume (default fs)] subPath should unmount if pod is gracefully deleted while kubelet is down [Disruptive][Slow]" classname="Kubernetes e2e suite" time="0">
          <skipped></skipped>
      </testcase>
      <testcase name="[sig-storage] In-tree Volumes [Driver: iscsi][Feature:Volumes] [Testpattern: Dynamic PV (ext3)] volumes should allow exec of files on the volume" classname="Kubernetes e2e suite" time="0">
          <skipped></skipped>
      </testcase>
      <testcase name="[sig-storage] In-tree Volumes [Driver: vSphere] [Testpattern: Pre-provisioned PV (default fs)] volumes should allow exec of files on the volume" classname="Kubernetes e2e suite" time="0">
          <skipped></skipped>
      </testcase>
      <testcase name="[sig-api-machinery] AdmissionWebhook Should mutate configmap" classname="Kubernetes e2e suite" time="0">
          <skipped></skipped>
      </testcase>
      <testcase name="[sig-storage] In-tree Volumes [Driver: hostPath] [Testpattern: Pre-provisioned PV (default fs)] volumeIO should write files of various sizes, verify size, validate content [Slow]" classname="Kubernetes e2e suite" time="0">
          <skipped></skipped>
      </testcase>
      <testcase name="[k8s.io] Kubelet when scheduling a busybox command that always fails in a pod should have an terminated reason [NodeConformance] [Conformance]" classname="Kubernetes e2e suite" time="12.027672785"></testcase>
      <testcase name="[sig-cluster-lifecycle] [Feature:BootstrapTokens] should delete the token secret when the secret expired" classname="Kubernetes e2e suite" time="0">
          <skipped></skipped>
      </testcase>
      <testcase name="[sig-storage] In-tree Volumes [Driver: aws] [Testpattern: Inline-volume (default fs)] volumeIO should write files of various sizes, verify size, validate content [Slow]" classname="Kubernetes e2e suite" time="0">
          <skipped></skipped>
      </testcase>
      <testcase name="[sig-network] Loadbalancing: L7 GCE [Slow] [Feature:NEG] should sync endpoints to NEG" classname="Kubernetes e2e suite" time="0">
          <skipped></skipped>
      </testcase>
      <testcase name="[sig-storage] In-tree Volumes [Driver: hostPathSymlink] [Testpattern: Pre-provisioned PV (default fs)] subPath should support readOnly directory specified in the volumeMount" classname="Kubernetes e2e suite" time="0">
          <skipped></skipped>
      </testcase>
      <testcase name="[sig-storage] CSI Volumes [Driver: csi-hostpath-v0] [Testpattern: Dynamic PV (default fs)] subPath should fail if non-existent subpath is outside the volume [Slow]" classname="Kubernetes e2e suite" time="0">
          <skipped></skipped>
      </testcase>
      <testcase name="[sig-storage] In-tree Volumes [Driver: emptydir] [Testpattern: Pre-provisioned PV (block volmode)] volumeMode should fail to create pod by failing to mount volume" classname="Kubernetes e2e suite" time="0">
          <skipped></skipped>
      </testcase>
      <testcase name="[sig-scheduling] NoExecuteTaintManager Multiple Pods [Serial] evicts pods with minTolerationSeconds" classname="Kubernetes e2e suite" time="0">
          <skipped></skipped>
      </testcase>
      <testcase name="[sig-storage] In-tree Volumes [Driver: aws] [Testpattern: Dynamic PV (default fs)] provisioning should provision storage with mount options" classname="Kubernetes e2e suite" time="0">
          <skipped></skipped>
      </testcase>
      <testcase name="[sig-storage] Storage Policy Based Volume Provisioning [Feature:vsphere] verify clean up of stale dummy VM for dynamically provisioned pvc using SPBM policy" classname="Kubernetes e2e suite" time="0">
          <skipped></skipped>
      </testcase>
      <testcase name="[sig-storage] In-tree Volumes [Driver: nfs] [Testpattern: Dynamic PV (default fs)] subPath should support readOnly directory specified in the volumeMount" classname="Kubernetes e2e suite" time="0">
          <skipped></skipped>
      </testcase>
      <testcase name="[sig-storage] In-tree Volumes [Driver: emptydir] [Testpattern: Dynamic PV (default fs)] subPath should fail if non-existent subpath is outside the volume [Slow]" classname="Kubernetes e2e suite" time="0">
          <skipped></skipped>
      </testcase>
      <testcase name="[sig-network] NoSNAT [Feature:NoSNAT] [Slow] Should be able to send traffic between Pods without SNAT" classname="Kubernetes e2e suite" time="0">
          <skipped></skipped>
      </testcase>
      <testcase name="[sig-storage] In-tree Volumes [Driver: gcepd] [Testpattern: Pre-provisioned PV (default fs)] subPath should fail if subpath directory is outside the volume [Slow]" classname="Kubernetes e2e suite" time="0">
          <skipped></skipped>
      </testcase>
      <testcase name="[sig-storage] In-tree Volumes [Driver: vSphere] [Testpattern: Pre-provisioned PV (default fs)] subPath should support file as subpath" classname="Kubernetes e2e suite" time="0">
          <skipped></skipped>
      </testcase>
      <testcase name="[sig-storage] In-tree Volumes [Driver: gcepd] [Testpattern: Dynamic PV (default fs)] subPath should fail if subpath with backstepping is outside the volume [Slow]" classname="Kubernetes e2e suite" time="0">
          <skipped></skipped>
      </testcase>
      <testcase name="[sig-storage] In-tree Volumes [Driver: rbd][Feature:Volumes] [Testpattern: Dynamic PV (xfs)] volumes should be mountable" classname="Kubernetes e2e suite" time="0">
          <skipped></skipped>
      </testcase>
      <testcase name="[k8s.io] Pods should be submitted and removed [NodeConformance] [Conformance]" classname="Kubernetes e2e suite" time="22.761852274"></testcase>
      <testcase name="[sig-apps] DisruptionController evictions: enough pods, absolute =&gt; should allow an eviction" classname="Kubernetes e2e suite" time="0">
          <skipped></skipped>
      </testcase>
      <testcase name="[sig-storage] In-tree Volumes [Driver: gluster] [Testpattern: Dynamic PV (default fs)] subPath should be able to unmount after the subpath directory is deleted" classname="Kubernetes e2e suite" time="0">
          <skipped></skipped>
      </testcase>
      <testcase name="[sig-storage] In-tree Volumes [Driver: gcepd] [Testpattern: Pre-provisioned PV (xfs)] volumes should allow exec of files on the volume" classname="Kubernetes e2e suite" time="0">
          <skipped></skipped>
      </testcase>
      <testcase name="[sig-storage] In-tree Volumes [Driver: gcepd] [Testpattern: Inline-volume (default fs)] subPath should fail if non-existent subpath is outside the volume [Slow]" classname="Kubernetes e2e suite" time="0">
          <skipped></skipped>
      </testcase>
      <testcase name="[sig-storage] In-tree Volumes [Driver: cinder] [Testpattern: Pre-provisioned PV (block volmode)] volumeMode should fail to create pod by failing to mount volume" classname="Kubernetes e2e suite" time="0">
          <skipped></skipped>
      </testcase>
      <testcase name="[sig-storage] In-tree Volumes [Driver: ceph][Feature:Volumes] [Testpattern: Inline-volume (default fs)] subPath should support restarting containers using directory as subpath [Slow]" classname="Kubernetes e2e suite" time="0">
          <skipped></skipped>
      </testcase>
      <testcase name="[sig-network] DNS configMap nameserver [IPv4] Forward PTR lookup should forward PTR records lookup to upstream nameserver [Slow][Serial]" classname="Kubernetes e2e suite" time="0">
          <skipped></skipped>
      </testcase>
      <testcase name="[sig-storage] CSI Volumes [Driver: pd.csi.storage.gke.io][Feature: gcePD-external] [Testpattern: Dynamic PV (ext4)] volumes should be mountable" classname="Kubernetes e2e suite" time="0">
          <skipped></skipped>
      </testcase>
      <testcase name="[sig-storage] CSI Volumes [Driver: csi-hostpath] [Testpattern: Dynamic PV (ext4)] volumes should allow exec of files on the volume" classname="Kubernetes e2e suite" time="0">
          <skipped></skipped>
      </testcase>
      <testcase name="[sig-storage] In-tree Volumes [Driver: hostPathSymlink] [Testpattern: Pre-provisioned PV (default fs)] subPath should be able to unmount after the subpath directory is deleted" classname="Kubernetes e2e suite" time="0">
          <skipped></skipped>
      </testcase>
      <testcase name="[sig-storage] In-tree Volumes [Driver: azure] [Testpattern: Pre-provisioned PV (default fs)] subPath should support readOnly directory specified in the volumeMount" classname="Kubernetes e2e suite" time="0">
          <skipped></skipped>
      </testcase>
      <testcase name="[sig-storage] In-tree Volumes [Driver: rbd][Feature:Volumes] [Testpattern: Dynamic PV (default fs)] subPath should support readOnly file specified in the volumeMount" classname="Kubernetes e2e suite" time="0">
          <skipped></skipped>
      </testcase>
      <testcase name="[sig-cli] Kubectl client [k8s.io] Kubectl run --rm job should create a job from an image, then delete the job  [Conformance]" classname="Kubernetes e2e suite" time="13.422656168"></testcase>
      <testcase name="[sig-scheduling] ResourceQuota [Feature:Initializers] should create a ResourceQuota and capture the life of an uninitialized pod." classname="Kubernetes e2e suite" time="0">
          <skipped></skipped>
      </testcase>
      <testcase name="[sig-storage] Subpath Atomic writer volumes should support subpaths with secret pod [Conformance]" classname="Kubernetes e2e suite" time="34.504782579"></testcase>
      <testcase name="[sig-scalability] Density [Feature:ManualPerformance] should allow starting 50 pods per node using ReplicationController with 0 secrets, 0 configmaps, 0 token projections, and 0 daemons" classname="Kubernetes e2e suite" time="0">
          <skipped></skipped>
      </testcase>
      <testcase name="[sig-api-machinery] Namespaces [Serial] should ensure that all pods are removed when a namespace is deleted [Conformance]" classname="Kubernetes e2e suite" time="43.840736906"></testcase>
      <testcase name="[sig-storage] In-tree Volumes [Driver: gcepd] [Testpattern: Dynamic PV (default fs)] volumes should allow exec of files on the volume" classname="Kubernetes e2e suite" time="0">
          <skipped></skipped>
      </testcase>
      <testcase name="[sig-storage] CSI Volumes [Driver: pd.csi.storage.gke.io][Serial] [Testpattern: Dynamic PV (ext4)] volumes should allow exec of files on the volume" classname="Kubernetes e2e suite" time="0">
          <skipped></skipped>
      </testcase>
      <testcase name="[sig-storage] Flexvolumes should be mountable when attachable" classname="Kubernetes e2e suite" time="0">
          <skipped></skipped>
      </testcase>
      <testcase name="[sig-cluster-lifecycle] Reboot [Disruptive] [Feature:Reboot] each node by dropping all inbound packets for a while and ensure they function afterwards" classname="Kubernetes e2e suite" time="0">
          <skipped></skipped>
      </testcase>
      <testcase name="[sig-storage] PersistentVolumes-local  [Volume type: block] Set fsGroup for local volume should set fsGroup for one pod" classname="Kubernetes e2e suite" time="0">
          <skipped></skipped>
      </testcase>
      <testcase name="[sig-storage] In-tree Volumes [Driver: gcepd] [Testpattern: Dynamic PV (xfs)] volumes should be mountable" classname="Kubernetes e2e suite" time="0">
          <skipped></skipped>
      </testcase>
      <testcase name="[sig-api-machinery] AdmissionWebhook Should not be able to mutate or prevent deletion of webhook configuration objects" classname="Kubernetes e2e suite" time="0">
          <skipped></skipped>
      </testcase>
      <testcase name="[sig-storage] In-tree Volumes [Driver: hostPath] [Testpattern: Pre-provisioned PV (block volmode)] volumeMode should fail to create pod by failing to mount volume" classname="Kubernetes e2e suite" time="0">
          <skipped></skipped>
      </testcase>
      <testcase name="[sig-instrumentation] Kibana Logging Instances Is Alive [Feature:Elasticsearch] should check that the Kibana logging instance is alive" classname="Kubernetes e2e suite" time="0">
          <skipped></skipped>
      </testcase>
      <testcase name="[k8s.io] [sig-node] kubelet [k8s.io] [sig-node] host cleanup with volume mounts [sig-storage][HostCleanup][Flaky] Host cleanup after disrupting NFS volume [NFS] after stopping the nfs-server and deleting the (sleeping) client pod, the NFS mount and the pod&#39;s UID directory should be removed." classname="Kubernetes e2e suite" time="0">
          <skipped></skipped>
      </testcase>
      <testcase name="[sig-storage] In-tree Volumes [Driver: rbd][Feature:Volumes] [Testpattern: Inline-volume (default fs)] subPath should fail if subpath directory is outside the volume [Slow]" classname="Kubernetes e2e suite" time="0">
          <skipped></skipped>
      </testcase>
      <testcase name="[k8s.io] Probing container should have monotonically increasing restart count [Slow][NodeConformance] [Conformance]" classname="Kubernetes e2e suite" time="153.726928056"></testcase>
      <testcase name="[sig-storage] Regional PD RegionalPD should failover to a different zone when all nodes in one zone become unreachable [Slow] [Disruptive]" classname="Kubernetes e2e suite" time="0">
          <skipped></skipped>
      </testcase>
      <testcase name="[sig-storage] In-tree Volumes [Driver: ceph][Feature:Volumes] [Testpattern: Dynamic PV (ext3)] volumes should allow exec of files on the volume" classname="Kubernetes e2e suite" time="0">
          <skipped></skipped>
      </testcase>
      <testcase name="[sig-storage] In-tree Volumes [Driver: cinder] [Testpattern: Pre-provisioned PV (xfs)] volumes should allow exec of files on the volume" classname="Kubernetes e2e suite" time="0">
          <skipped></skipped>
      </testcase>
      <testcase name="[sig-network] ESIPP [Slow] [DisabledForLargeClusters] should only target nodes with endpoints" classname="Kubernetes e2e suite" time="0">
          <skipped></skipped>
      </testcase>
      <testcase name="[sig-storage] In-tree Volumes [Driver: ceph][Feature:Volumes] [Testpattern: Dynamic PV (block volmode)] volumeMode should fail in binding dynamic provisioned PV to PVC" classname="Kubernetes e2e suite" time="0">
          <skipped></skipped>
      </testcase>
      <testcase name="[sig-cli] Kubectl client [k8s.io] Update Demo should create and stop a replication controller  [Conformance]" classname="Kubernetes e2e suite" time="32.465340772"></testcase>
      <testcase name="[sig-scheduling] ResourceQuota [Feature:ScopeSelectors] should verify ResourceQuota with terminating scopes through scope selectors." classname="Kubernetes e2e suite" time="0">
          <skipped></skipped>
      </testcase>
      <testcase name="[sig-storage] In-tree Volumes [Driver: nfs] [Testpattern: Inline-volume (default fs)] subPath should support readOnly directory specified in the volumeMount" classname="Kubernetes e2e suite" time="0">
          <skipped></skipped>
      </testcase>
      <testcase name="[sig-network] Loadbalancing: L7 GCE [Slow] [Feature:kubemci] should support https-only annotation" classname="Kubernetes e2e suite" time="0">
          <skipped></skipped>
      </testcase>
      <testcase name="[sig-apps] DisruptionController evictions: no PDB =&gt; should allow an eviction" classname="Kubernetes e2e suite" time="0">
          <skipped></skipped>
      </testcase>
      <testcase name="[sig-storage] In-tree Volumes [Driver: nfs] [Testpattern: Dynamic PV (default fs)] provisioning should provision storage with defaults" classname="Kubernetes e2e suite" time="0">
          <skipped></skipped>
      </testcase>
      <testcase name="[sig-storage] In-tree Volumes [Driver: iscsi][Feature:Volumes] [Testpattern: Inline-volume (default fs)] subPath should support readOnly directory specified in the volumeMount" classname="Kubernetes e2e suite" time="0">
          <skipped></skipped>
      </testcase>
      <testcase name="[sig-scheduling] SchedulerPredicates [Serial] validates that NodeAffinity is respected if not matching" classname="Kubernetes e2e suite" time="0">
          <skipped></skipped>
      </testcase>
      <testcase name="[sig-storage] In-tree Volumes [Driver: nfs] [Testpattern: Pre-provisioned PV (default fs)] subPath should fail if subpath with backstepping is outside the volume [Slow]" classname="Kubernetes e2e suite" time="0">
          <skipped></skipped>
      </testcase>
      <testcase name="[sig-storage] In-tree Volumes [Driver: azure] [Testpattern: Dynamic PV (default fs)] volumes should be mountable" classname="Kubernetes e2e suite" time="0">
          <skipped></skipped>
      </testcase>
      <testcase name="[sig-storage] In-tree Volumes [Driver: gcepd] [Testpattern: Inline-volume (ext4)] volumes should allow exec of files on the volume" classname="Kubernetes e2e suite" time="0">
          <skipped></skipped>
      </testcase>
      <testcase name="[sig-storage] In-tree Volumes [Driver: azure] [Testpattern: Dynamic PV (default fs)] provisioning should provision storage with defaults" classname="Kubernetes e2e suite" time="0">
          <skipped></skipped>
      </testcase>
      <testcase name="[sig-storage] In-tree Volumes [Driver: gluster] [Testpattern: Inline-volume (ext4)] volumes should be mountable" classname="Kubernetes e2e suite" time="0">
          <skipped></skipped>
      </testcase>
      <testcase name="[sig-storage] In-tree Volumes [Driver: rbd][Feature:Volumes] [Testpattern: Dynamic PV (default fs)] subPath should unmount if pod is force deleted while kubelet is down [Disruptive][Slow]" classname="Kubernetes e2e suite" time="0">
          <skipped></skipped>
      </testcase>
      <testcase name="[k8s.io] [sig-node] AppArmor load AppArmor profiles should enforce an AppArmor profile" classname="Kubernetes e2e suite" time="0">
          <skipped></skipped>
      </testcase>
      <testcase name="[sig-storage] PersistentVolumes-local  StatefulSet with pod affinity [Slow] should use volumes spread across nodes when pod management is parallel and pod has anti-affinity" classname="Kubernetes e2e suite" time="0">
          <skipped></skipped>
      </testcase>
      <testcase name="[sig-storage] CSI Volumes [Driver: csi-hostpath-v0] [Testpattern: Dynamic PV (default fs)] subPath should be able to unmount after the subpath directory is deleted" classname="Kubernetes e2e suite" time="0">
          <skipped></skipped>
      </testcase>
      <testcase name="[sig-scheduling] NoExecuteTaintManager Single Pod [Serial] removing taint cancels eviction" classname="Kubernetes e2e suite" time="0">
          <skipped></skipped>
      </testcase>
      <testcase name="[sig-storage] In-tree Volumes [Driver: aws] [Testpattern: Dynamic PV (default fs)] subPath should fail if subpath with backstepping is outside the volume [Slow]" classname="Kubernetes e2e suite" time="0">
          <skipped></skipped>
      </testcase>
      <testcase name="[sig-storage] Storage Policy Based Volume Provisioning [Feature:vsphere] verify an existing and compatible SPBM policy is honored for dynamically provisioned pvc using storageclass" classname="Kubernetes e2e suite" time="0">
          <skipped></skipped>
      </testcase>
      <testcase name="[sig-auth] [Feature:NodeAuthorizer] A node shouldn&#39;t be able to delete another node" classname="Kubernetes e2e suite" time="0">
          <skipped></skipped>
      </testcase>
      <testcase name="[sig-storage] In-tree Volumes [Driver: ceph][Feature:Volumes] [Testpattern: Dynamic PV (default fs)] subPath should support non-existent path" classname="Kubernetes e2e suite" time="0">
          <skipped></skipped>
      </testcase>
      <testcase name="[sig-storage] In-tree Volumes [Driver: ceph][Feature:Volumes] [Testpattern: Inline-volume (default fs)] subPath should support readOnly file specified in the volumeMount" classname="Kubernetes e2e suite" time="0">
          <skipped></skipped>
      </testcase>
      <testcase name="[sig-storage] In-tree Volumes [Driver: rbd][Feature:Volumes] [Testpattern: Inline-volume (default fs)] subPath should unmount if pod is gracefully deleted while kubelet is down [Disruptive][Slow]" classname="Kubernetes e2e suite" time="0">
          <skipped></skipped>
      </testcase>
      <testcase name="[sig-storage] In-tree Volumes [Driver: iscsi][Feature:Volumes] [Testpattern: Pre-provisioned PV (default fs)] subPath should support non-existent path" classname="Kubernetes e2e suite" time="0">
          <skipped></skipped>
      </testcase>
      <testcase name="[k8s.io] [sig-node] SSH should SSH to all nodes and run commands" classname="Kubernetes e2e suite" time="0">
          <skipped></skipped>
      </testcase>
      <testcase name="[sig-storage] Projected configMap should be consumable from pods in volume with mappings as non-root with FSGroup [NodeFeature:FSGroup]" classname="Kubernetes e2e suite" time="0">
          <skipped></skipped>
      </testcase>
      <testcase name="[sig-storage] CSI Volumes [Driver: csi-hostpath-v0] [Testpattern: Dynamic PV (default fs)] subPath should unmount if pod is gracefully deleted while kubelet is down [Disruptive][Slow]" classname="Kubernetes e2e suite" time="0">
          <skipped></skipped>
      </testcase>
      <testcase name="[sig-storage] In-tree Volumes [Driver: emptydir] [Testpattern: Pre-provisioned PV (default fs)] subPath should fail if subpath with backstepping is outside the volume [Slow]" classname="Kubernetes e2e suite" time="0">
          <skipped></skipped>
      </testcase>
      <testcase name="[sig-storage] In-tree Volumes [Driver: gcepd] [Testpattern: Inline-volume (default fs)] subPath should support file as subpath" classname="Kubernetes e2e suite" time="0">
          <skipped></skipped>
      </testcase>
      <testcase name="[sig-storage] In-tree Volumes [Driver: iscsi][Feature:Volumes] [Testpattern: Pre-provisioned PV (default fs)] subPath should support file as subpath" classname="Kubernetes e2e suite" time="0">
          <skipped></skipped>
      </testcase>
      <testcase name="[sig-storage] In-tree Volumes [Driver: iscsi][Feature:Volumes] [Testpattern: Dynamic PV (ext4)] volumes should be mountable" classname="Kubernetes e2e suite" time="0">
          <skipped></skipped>
      </testcase>
      <testcase name="[sig-storage] CSI Volumes [Driver: pd.csi.storage.gke.io][Feature: gcePD-external] [Testpattern: Dynamic PV (default fs)] subPath should unmount if pod is force deleted while kubelet is down [Disruptive][Slow]" classname="Kubernetes e2e suite" time="0">
          <skipped></skipped>
      </testcase>
      <testcase name="[sig-storage] In-tree Volumes [Driver: ceph][Feature:Volumes] [Testpattern: Pre-provisioned PV (default fs)] subPath should support existing directories when readOnly specified in the volumeSource" classname="Kubernetes e2e suite" time="0">
          <skipped></skipped>
      </testcase>
      <testcase name="[sig-storage] In-tree Volumes [Driver: rbd][Feature:Volumes] [Testpattern: Inline-volume (default fs)] subPath should support readOnly directory specified in the volumeMount" classname="Kubernetes e2e suite" time="0">
          <skipped></skipped>
      </testcase>
      <testcase name="[sig-storage] In-tree Volumes [Driver: aws] [Testpattern: Inline-volume (default fs)] volumes should allow exec of files on the volume" classname="Kubernetes e2e suite" time="0">
          <skipped></skipped>
      </testcase>
      <testcase name="[sig-storage] In-tree Volumes [Driver: ceph][Feature:Volumes] [Testpattern: Pre-provisioned PV (default fs)] subPath should be able to unmount after the subpath directory is deleted" classname="Kubernetes e2e suite" time="0">
          <skipped></skipped>
      </testcase>
      <testcase name="[sig-storage] In-tree Volumes [Driver: nfs] [Testpattern: Pre-provisioned PV (default fs)] subPath should support readOnly directory specified in the volumeMount" classname="Kubernetes e2e suite" time="0">
          <skipped></skipped>
      </testcase>
      <testcase name="[sig-storage] CSI Volumes [Driver: csi-hostpath] [Testpattern: Dynamic PV (xfs)] volumes should be mountable" classname="Kubernetes e2e suite" time="0">
          <skipped></skipped>
      </testcase>
      <testcase name="[sig-apps] Network Partition [Disruptive] [Slow] [k8s.io] Pods should be evicted from unready Node [Feature:TaintEviction] All pods on the unreachable node should be marked as NotReady upon the node turn NotReady AND all pods should be evicted after eviction timeout passes" classname="Kubernetes e2e suite" time="0">
          <skipped></skipped>
      </testcase>
      <testcase name="[sig-storage] In-tree Volumes [Driver: azure] [Testpattern: Pre-provisioned PV (ext3)] volumes should be mountable" classname="Kubernetes e2e suite" time="0">
          <skipped></skipped>
      </testcase>
      <testcase name="[sig-storage] In-tree Volumes [Driver: cinder] [Testpattern: Inline-volume (default fs)] volumeIO should write files of various sizes, verify size, validate content [Slow]" classname="Kubernetes e2e suite" time="0">
          <skipped></skipped>
      </testcase>
      <testcase name="[sig-storage] In-tree Volumes [Driver: azure] [Testpattern: Inline-volume (default fs)] subPath should support existing directory" classname="Kubernetes e2e suite" time="0">
          <skipped></skipped>
      </testcase>
      <testcase name="[k8s.io] InitContainer [NodeConformance] should not start app containers if init containers fail on a RestartAlways pod [Conformance]" classname="Kubernetes e2e suite" time="71.06457351"></testcase>
      <testcase name="[sig-storage] In-tree Volumes [Driver: azure] [Testpattern: Pre-provisioned PV (default fs)] volumeIO should write files of various sizes, verify size, validate content [Slow]" classname="Kubernetes e2e suite" time="0">
          <skipped></skipped>
      </testcase>
      <testcase name="[sig-cli] Kubectl client [k8s.io] Kubectl label should update the label on a resource  [Conformance]" classname="Kubernetes e2e suite" time="13.9700567"></testcase>
      <testcase name="[sig-api-machinery] Initializers [Feature:Initializers] should be invisible to controllers by default" classname="Kubernetes e2e suite" time="0">
          <skipped></skipped>
      </testcase>
      <testcase name="[sig-storage] Projected secret Should fail non-optional pod creation due to the key in the secret object does not exist [Slow]" classname="Kubernetes e2e suite" time="0">
          <skipped></skipped>
      </testcase>
      <testcase name="[sig-storage] PersistentVolumes-local  [Volume type: gce-localssd-scsi-fs] [Serial] Two pods mounting a local volume one after the other should be able to write from pod1 and read from pod2" classname="Kubernetes e2e suite" time="0">
          <skipped></skipped>
      </testcase>
      <testcase name="[sig-storage] EmptyDir volumes when FSGroup is specified [NodeFeature:FSGroup] new files should be created with FSGroup ownership when container is root" classname="Kubernetes e2e suite" time="0">
          <skipped></skipped>
      </testcase>
      <testcase name="[sig-storage] In-tree Volumes [Driver: vSphere] [Testpattern: Pre-provisioned PV (ext3)] volumes should allow exec of files on the volume" classname="Kubernetes e2e suite" time="0">
          <skipped></skipped>
      </testcase>
      <testcase name="[sig-storage] ConfigMap should be consumable from pods in volume as non-root with FSGroup [NodeFeature:FSGroup]" classname="Kubernetes e2e suite" time="0">
          <skipped></skipped>
      </testcase>
      <testcase name="[sig-cli] Kubectl client [k8s.io] Simple pod should handle in-cluster config" classname="Kubernetes e2e suite" time="0">
          <skipped></skipped>
      </testcase>
      <testcase name="[sig-storage] In-tree Volumes [Driver: rbd][Feature:Volumes] [Testpattern: Inline-volume (default fs)] volumeIO should write files of various sizes, verify size, validate content [Slow]" classname="Kubernetes e2e suite" time="0">
          <skipped></skipped>
      </testcase>
      <testcase name="[sig-storage] CSI Volumes [Driver: pd.csi.storage.gke.io][Serial] [Testpattern: Dynamic PV (ext3)] volumes should allow exec of files on the volume" classname="Kubernetes e2e suite" time="0">
          <skipped></skipped>
      </testcase>
      <testcase name="[sig-network] Loadbalancing: L7 Scalability GCE [Slow] [Serial] [Feature:IngressScale] Creating and updating ingresses should happen promptly with small/medium/large amount of ingresses" classname="Kubernetes e2e suite" time="0">
          <skipped></skipped>
      </testcase>
      <testcase name="[sig-cluster-lifecycle] HA-master [Feature:HAMaster] survive addition/removal replicas different zones [Serial][Disruptive]" classname="Kubernetes e2e suite" time="0">
          <skipped></skipped>
      </testcase>
      <testcase name="[sig-apps] ReplicaSet should adopt matching pods on creation and release no longer matching pods [Conformance]" classname="Kubernetes e2e suite" time="30.21237371"></testcase>
      <testcase name="[sig-network] Services should have session affinity work for service with type clusterIP" classname="Kubernetes e2e suite" time="0">
          <skipped></skipped>
      </testcase>
      <testcase name="[sig-storage] In-tree Volumes [Driver: iscsi][Feature:Volumes] [Testpattern: Dynamic PV (default fs)] subPath should support file as subpath" classname="Kubernetes e2e suite" time="0">
          <skipped></skipped>
      </testcase>
      <testcase name="[sig-storage] In-tree Volumes [Driver: hostPathSymlink] [Testpattern: Dynamic PV (default fs)] volumeIO should write files of various sizes, verify size, validate content [Slow]" classname="Kubernetes e2e suite" time="0">
          <skipped></skipped>
      </testcase>
      <testcase name="[sig-storage] In-tree Volumes [Driver: emptydir] [Testpattern: Inline-volume (xfs)] volumes should allow exec of files on the volume" classname="Kubernetes e2e suite" time="0">
          <skipped></skipped>
      </testcase>
      <testcase name="[sig-storage] In-tree Volumes [Driver: gcepd] [Testpattern: Dynamic PV (default fs)] subPath should support existing directories when readOnly specified in the volumeSource" classname="Kubernetes e2e suite" time="0">
          <skipped></skipped>
      </testcase>
      <testcase name="[sig-storage] In-tree Volumes [Driver: iscsi][Feature:Volumes] [Testpattern: Inline-volume (default fs)] subPath should support existing single file" classname="Kubernetes e2e suite" time="0">
          <skipped></skipped>
      </testcase>
      <testcase name="[sig-storage] In-tree Volumes [Driver: rbd][Feature:Volumes] [Testpattern: Inline-volume (default fs)] subPath should support restarting containers using file as subpath [Slow]" classname="Kubernetes e2e suite" time="0">
          <skipped></skipped>
      </testcase>
      <testcase name="[sig-storage] PV Protection Verify &#34;immediate&#34; deletion of a PV that is not bound to a PVC" classname="Kubernetes e2e suite" time="0">
          <skipped></skipped>
      </testcase>
      <testcase name="[sig-storage] In-tree Volumes [Driver: azure] [Testpattern: Inline-volume (default fs)] subPath should support existing directories when readOnly specified in the volumeSource" classname="Kubernetes e2e suite" time="0">
          <skipped></skipped>
      </testcase>
      <testcase name="[sig-storage] In-tree Volumes [Driver: iscsi][Feature:Volumes] [Testpattern: Pre-provisioned PV (default fs)] volumeIO should write files of various sizes, verify size, validate content [Slow]" classname="Kubernetes e2e suite" time="0">
          <skipped></skipped>
      </testcase>
      <testcase name="[sig-storage] In-tree Volumes [Driver: gcepd] [Testpattern: Dynamic PV (default fs)] subPath should support restarting containers using file as subpath [Slow]" classname="Kubernetes e2e suite" time="0">
          <skipped></skipped>
      </testcase>
      <testcase name="[sig-storage] EmptyDir volumes should support (root,0777,tmpfs) [NodeConformance] [Conformance]" classname="Kubernetes e2e suite" time="12.139571733"></testcase>
      <testcase name="[sig-storage] In-tree Volumes [Driver: ceph][Feature:Volumes] [Testpattern: Pre-provisioned PV (ext4)] volumes should allow exec of files on the volume" classname="Kubernetes e2e suite" time="0">
          <skipped></skipped>
      </testcase>
      <testcase name="[sig-storage] In-tree Volumes [Driver: hostPathSymlink] [Testpattern: Dynamic PV (block volmode)] volumeMode should fail in binding dynamic provisioned PV to PVC" classname="Kubernetes e2e suite" time="0">
          <skipped></skipped>
      </testcase>
      <testcase name="[sig-cluster-lifecycle] kube-proxy migration [Feature:KubeProxyDaemonSetMigration] Upgrade kube-proxy from static pods to a DaemonSet should maintain a functioning cluster [Feature:KubeProxyDaemonSetUpgrade]" classname="Kubernetes e2e suite" time="0">
          <skipped></skipped>
      </testcase>
      <testcase name="[sig-autoscaling] Cluster size autoscaling [Slow] should increase cluster size if pending pods are small and there is another node pool that is not autoscaled [Feature:ClusterSizeAutoscalingScaleUp]" classname="Kubernetes e2e suite" time="0">
          <skipped></skipped>
      </testcase>
      <testcase name="[sig-instrumentation] Stackdriver Monitoring should run Stackdriver Metadata Agent [Feature:StackdriverMetadataAgent]" classname="Kubernetes e2e suite" time="0">
          <skipped></skipped>
      </testcase>
      <testcase name="[sig-storage] EmptyDir volumes should support (root,0644,default) [NodeConformance] [Conformance]" classname="Kubernetes e2e suite" time="12.059303699"></testcase>
      <testcase name="[sig-storage] In-tree Volumes [Driver: emptydir] [Testpattern: Dynamic PV (block volmode)] volumeMode should fail in binding dynamic provisioned PV to PVC" classname="Kubernetes e2e suite" time="0">
          <skipped></skipped>
      </testcase>
      <testcase name="[sig-storage] In-tree Volumes [Driver: emptydir] [Testpattern: Dynamic PV (default fs)] subPath should support existing directory" classname="Kubernetes e2e suite" time="0">
          <skipped></skipped>
      </testcase>
      <testcase name="[sig-storage] In-tree Volumes [Driver: emptydir] [Testpattern: Inline-volume (default fs)] subPath should support existing single file" classname="Kubernetes e2e suite" time="0">
          <skipped></skipped>
      </testcase>
      <testcase name="[sig-storage] In-tree Volumes [Driver: iscsi][Feature:Volumes] [Testpattern: Pre-provisioned PV (default fs)] subPath should support restarting containers using file as subpath [Slow]" classname="Kubernetes e2e suite" time="0">
          <skipped></skipped>
      </testcase>
      <testcase name="[sig-storage] In-tree Volumes [Driver: emptydir] [Testpattern: Pre-provisioned PV (default fs)] subPath should support readOnly file specified in the volumeMount" classname="Kubernetes e2e suite" time="0">
          <skipped></skipped>
      </testcase>
      <testcase name="[sig-storage] CSI Volumes [Driver: pd.csi.storage.gke.io][Serial] [Testpattern: Dynamic PV (default fs)] subPath should fail if subpath file is outside the volume [Slow]" classname="Kubernetes e2e suite" time="0">
          <skipped></skipped>
      </testcase>
      <testcase name="[sig-storage] In-tree Volumes [Driver: vSphere] [Testpattern: Pre-provisioned PV (default fs)] subPath should unmount if pod is force deleted while kubelet is down [Disruptive][Slow]" classname="Kubernetes e2e suite" time="0">
          <skipped></skipped>
      </testcase>
      <testcase name="[sig-storage] In-tree Volumes [Driver: hostPathSymlink] [Testpattern: Dynamic PV (default fs)] provisioning should provision storage with mount options" classname="Kubernetes e2e suite" time="0">
          <skipped></skipped>
      </testcase>
      <testcase name="[sig-storage] In-tree Volumes [Driver: hostPathSymlink] [Testpattern: Pre-provisioned PV (ext3)] volumes should allow exec of files on the volume" classname="Kubernetes e2e suite" time="0">
          <skipped></skipped>
      </testcase>
      <testcase name="[sig-cli] Kubectl client [k8s.io] Kubectl create quota should create a quota with scopes" classname="Kubernetes e2e suite" time="0">
          <skipped></skipped>
      </testcase>
      <testcase name="[sig-scalability] Density [Feature:HighDensityPerformance] should allow starting 95 pods per node using ReplicationController with 0 secrets, 0 configmaps, 0 token projections, and 0 daemons" classname="Kubernetes e2e suite" time="0">
          <skipped></skipped>
      </testcase>
      <testcase name="[sig-storage] In-tree Volumes [Driver: iscsi][Feature:Volumes] [Testpattern: Pre-provisioned PV (default fs)] subPath should support readOnly file specified in the volumeMount" classname="Kubernetes e2e suite" time="0">
          <skipped></skipped>
      </testcase>
      <testcase name="[sig-storage] In-tree Volumes [Driver: emptydir] [Testpattern: Dynamic PV (default fs)] subPath should support creating multiple subpath from same volumes [Slow]" classname="Kubernetes e2e suite" time="0">
          <skipped></skipped>
      </testcase>
      <testcase name="[sig-storage] PersistentVolumes Default StorageClass pods that use multiple volumes should be reschedulable [Slow]" classname="Kubernetes e2e suite" time="0">
          <skipped></skipped>
      </testcase>
      <testcase name="[sig-storage] In-tree Volumes [Driver: aws] [Testpattern: Inline-volume (default fs)] subPath should support existing directory" classname="Kubernetes e2e suite" time="0">
          <skipped></skipped>
      </testcase>
      <testcase name="[sig-storage] In-tree Volumes [Driver: nfs] [Testpattern: Pre-provisioned PV (default fs)] volumeIO should write files of various sizes, verify size, validate content [Slow]" classname="Kubernetes e2e suite" time="0">
          <skipped></skipped>
      </testcase>
      <testcase name="[sig-storage] In-tree Volumes [Driver: emptydir] [Testpattern: Inline-volume (default fs)] subPath should support creating multiple subpath from same volumes [Slow]" classname="Kubernetes e2e suite" time="0">
          <skipped></skipped>
      </testcase>
      <testcase name="[sig-storage] In-tree Volumes [Driver: ceph][Feature:Volumes] [Testpattern: Inline-volume (ext4)] volumes should be mountable" classname="Kubernetes e2e suite" time="0">
          <skipped></skipped>
      </testcase>
      <testcase name="[sig-scalability] Density [Feature:ManualPerformance] should allow starting 30 pods per node using ReplicationController with 0 secrets, 0 configmaps, 0 token projections, and 0 daemons with quotas" classname="Kubernetes e2e suite" time="0">
          <skipped></skipped>
      </testcase>
      <testcase name="[k8s.io] Probing container should be restarted with a docker exec liveness probe with timeout " classname="Kubernetes e2e suite" time="0">
          <skipped></skipped>
      </testcase>
      <testcase name="[sig-storage] Volume Provisioning On Clustered Datastore [Feature:vsphere] verify dynamic provision with spbm policy on clustered datastore" classname="Kubernetes e2e suite" time="0">
          <skipped></skipped>
      </testcase>
      <testcase name="[sig-storage] CSI Volumes [Driver: pd.csi.storage.gke.io][Feature: gcePD-external] [Testpattern: Dynamic PV (default fs)] provisioning should provision storage with defaults" classname="Kubernetes e2e suite" time="0">
          <skipped></skipped>
      </testcase>
      <testcase name="[sig-apps] DisruptionController evictions: maxUnavailable allow single eviction, percentage =&gt; should allow an eviction" classname="Kubernetes e2e suite" time="0">
          <skipped></skipped>
      </testcase>
      <testcase name="[sig-network] NetworkPolicy NetworkPolicy between server and client should allow egress access on one named port [Feature:NetworkPolicy]" classname="Kubernetes e2e suite" time="0">
          <skipped></skipped>
      </testcase>
      <testcase name="[sig-api-machinery] CustomResourceConversionWebhook [Feature:CustomResourceWebhookConversion] Should be able to convert a non homogeneous list of CRs" classname="Kubernetes e2e suite" time="0">
          <skipped></skipped>
      </testcase>
      <testcase name="[sig-storage] In-tree Volumes [Driver: ceph][Feature:Volumes] [Testpattern: Inline-volume (default fs)] volumeIO should write files of various sizes, verify size, validate content [Slow]" classname="Kubernetes e2e suite" time="0">
          <skipped></skipped>
      </testcase>
      <testcase name="[sig-storage] PersistentVolumes-local  [Volume type: blockfswithformat] Set fsGroup for local volume should set same fsGroup for two pods simultaneously" classname="Kubernetes e2e suite" time="0">
          <skipped></skipped>
      </testcase>
      <testcase name="[sig-storage] In-tree Volumes [Driver: nfs] [Testpattern: Inline-volume (xfs)] volumes should allow exec of files on the volume" classname="Kubernetes e2e suite" time="0">
          <skipped></skipped>
      </testcase>
      <testcase name="[sig-storage] In-tree Volumes [Driver: emptydir] [Testpattern: Pre-provisioned PV (ext4)] volumes should be mountable" classname="Kubernetes e2e suite" time="0">
          <skipped></skipped>
      </testcase>
      <testcase name="[sig-storage] In-tree Volumes [Driver: gluster] [Testpattern: Inline-volume (default fs)] subPath should support file as subpath" classname="Kubernetes e2e suite" time="0">
          <skipped></skipped>
      </testcase>
      <testcase name="[sig-storage] In-tree Volumes [Driver: ceph][Feature:Volumes] [Testpattern: Inline-volume (default fs)] subPath should unmount if pod is gracefully deleted while kubelet is down [Disruptive][Slow]" classname="Kubernetes e2e suite" time="0">
          <skipped></skipped>
      </testcase>
      <testcase name="[sig-storage] EmptyDir volumes when FSGroup is specified [NodeFeature:FSGroup] volume on default medium should have the correct mode using FSGroup" classname="Kubernetes e2e suite" time="0">
          <skipped></skipped>
      </testcase>
      <testcase name="[sig-network] Networking Granular Checks: Services [Slow] should update nodePort: udp [Slow]" classname="Kubernetes e2e suite" time="0">
          <skipped></skipped>
      </testcase>
      <testcase name="[k8s.io] Probing container with readiness probe should not be ready before initial delay and never restart [NodeConformance] [Conformance]" classname="Kubernetes e2e suite" time="69.084957998"></testcase>
      <testcase name="[sig-network] ESIPP [Slow] [DisabledForLargeClusters] should work from pods" classname="Kubernetes e2e suite" time="0">
          <skipped></skipped>
      </testcase>
      <testcase name="[sig-storage] In-tree Volumes [Driver: rbd][Feature:Volumes] [Testpattern: Inline-volume (default fs)] subPath should support non-existent path" classname="Kubernetes e2e suite" time="0">
          <skipped></skipped>
      </testcase>
      <testcase name="[sig-storage] Secrets should be consumable in multiple volumes in a pod [NodeConformance] [Conformance]" classname="Kubernetes e2e suite" time="12.245634574"></testcase>
      <testcase name="[sig-storage] In-tree Volumes [Driver: hostPath] [Testpattern: Dynamic PV (default fs)] subPath should support existing directories when readOnly specified in the volumeSource" classname="Kubernetes e2e suite" time="0">
          <skipped></skipped>
      </testcase>
      <testcase name="[sig-apps] Network Partition [Disruptive] [Slow] [k8s.io] [ReplicationController] should recreate pods scheduled on the unreachable node AND allow scheduling of pods on a node after it rejoins the cluster" classname="Kubernetes e2e suite" time="0">
          <skipped></skipped>
      </testcase>
      <testcase name="[sig-network] NetworkPolicy NetworkPolicy between server and client should allow ingress access on one named port [Feature:NetworkPolicy]" classname="Kubernetes e2e suite" time="0">
          <skipped></skipped>
      </testcase>
      <testcase name="[sig-storage] In-tree Volumes [Driver: cinder] [Testpattern: Pre-provisioned PV (default fs)] subPath should support readOnly file specified in the volumeMount" classname="Kubernetes e2e suite" time="0">
          <skipped></skipped>
      </testcase>
      <testcase name="[k8s.io] Kubelet when scheduling a busybox command in a pod should print the output to logs [NodeConformance] [Conformance]" classname="Kubernetes e2e suite" time="46.090445999"></testcase>
      <testcase name="[sig-storage] PersistentVolumes-local  [Volume type: gce-localssd-scsi-fs] [Serial] One pod requesting one prebound PVC should be able to mount volume and read from pod1" classname="Kubernetes e2e suite" time="0">
          <skipped></skipped>
      </testcase>
      <testcase name="[sig-storage] PersistentVolumes:vsphere should test that a vspehre volume mounted to a pod that is deleted while the kubelet is down unmounts when the kubelet returns [Disruptive]" classname="Kubernetes e2e suite" time="0">
          <skipped></skipped>
      </testcase>
      <testcase name="[sig-storage] Volume Disk Format [Feature:vsphere] verify disk format type - thin is honored for dynamically provisioned pv using storageclass" classname="Kubernetes e2e suite" time="0">
          <skipped></skipped>
      </testcase>
      <testcase name="[sig-storage] In-tree Volumes [Driver: emptydir] [Testpattern: Inline-volume (default fs)] volumeIO should write files of various sizes, verify size, validate content [Slow]" classname="Kubernetes e2e suite" time="0">
          <skipped></skipped>
      </testcase>
      <testcase name="[sig-storage] In-tree Volumes [Driver: hostPathSymlink] [Testpattern: Pre-provisioned PV (default fs)] subPath should fail if subpath file is outside the volume [Slow]" classname="Kubernetes e2e suite" time="0">
          <skipped></skipped>
      </testcase>
      <testcase name="[sig-storage] Mounted flexvolume expand[Slow] Should verify mounted flex volumes can be resized" classname="Kubernetes e2e suite" time="0">
          <skipped></skipped>
      </testcase>
      <testcase name="[sig-api-machinery] AdmissionWebhook Should mutate pod and apply defaults after mutation" classname="Kubernetes e2e suite" time="0">
          <skipped></skipped>
      </testcase>
      <testcase name="[sig-storage] CSI Volumes [Driver: csi-hostpath-v0] [Testpattern: Dynamic PV (default fs)] subPath should fail if subpath file is outside the volume [Slow]" classname="Kubernetes e2e suite" time="0">
          <skipped></skipped>
      </testcase>
      <testcase name="[sig-storage] [Serial] Volume metrics should create volume metrics in Volume Manager" classname="Kubernetes e2e suite" time="0">
          <skipped></skipped>
      </testcase>
      <testcase name="[sig-storage] In-tree Volumes [Driver: gcepd] [Testpattern: Inline-volume (default fs)] subPath should support readOnly directory specified in the volumeMount" classname="Kubernetes e2e suite" time="0">
          <skipped></skipped>
      </testcase>
      <testcase name="[sig-storage] EmptyDir wrapper volumes should not cause race condition when used for git_repo [Serial] [Slow]" classname="Kubernetes e2e suite" time="0">
          <skipped></skipped>
      </testcase>
      <testcase name="[sig-storage] In-tree Volumes [Driver: gcepd] [Testpattern: Pre-provisioned PV (default fs)] volumeIO should write files of various sizes, verify size, validate content [Slow]" classname="Kubernetes e2e suite" time="0">
          <skipped></skipped>
      </testcase>
      <testcase name="[sig-scalability] Density [Feature:ManualPerformance] should allow starting 3 pods per node using ReplicationController with 0 secrets, 0 configmaps, 0 token projections, and 0 daemons" classname="Kubernetes e2e suite" time="0">
          <skipped></skipped>
      </testcase>
      <testcase name="[sig-storage] PersistentVolumes-local  [Volume type: block] One pod requesting one prebound PVC should be able to mount volume and write from pod1" classname="Kubernetes e2e suite" time="0">
          <skipped></skipped>
      </testcase>
      <testcase name="[sig-storage] In-tree Volumes [Driver: gluster] [Testpattern: Dynamic PV (ext3)] volumes should be mountable" classname="Kubernetes e2e suite" time="0">
          <skipped></skipped>
      </testcase>
      <testcase name="[sig-storage] Projected downwardAPI should set mode on item file [NodeConformance] [Conformance]" classname="Kubernetes e2e suite" time="12.250937456"></testcase>
      <testcase name="[sig-storage] CSI Volumes [Driver: pd.csi.storage.gke.io][Feature: gcePD-external] [Testpattern: Dynamic PV (ext4)] volumes should allow exec of files on the volume" classname="Kubernetes e2e suite" time="0">
          <skipped></skipped>
      </testcase>
      <testcase name="[sig-apps] StatefulSet [k8s.io] Deploy clustered applications [Feature:StatefulSet] [Slow] should creating a working mysql cluster" classname="Kubernetes e2e suite" time="0">
          <skipped></skipped>
      </testcase>
      <testcase name="[k8s.io] [sig-node] AppArmor load AppArmor profiles can disable an AppArmor profile, using unconfined" classname="Kubernetes e2e suite" time="0">
          <skipped></skipped>
      </testcase>
      <testcase name="[sig-storage] In-tree Volumes [Driver: hostPath] [Testpattern: Dynamic PV (default fs)] subPath should unmount if pod is force deleted while kubelet is down [Disruptive][Slow]" classname="Kubernetes e2e suite" time="0">
          <skipped></skipped>
      </testcase>
      <testcase name="[sig-storage] In-tree Volumes [Driver: emptydir] [Testpattern: Dynamic PV (default fs)] subPath should fail if subpath file is outside the volume [Slow]" classname="Kubernetes e2e suite" time="0">
          <skipped></skipped>
      </testcase>
      <testcase name="[sig-apps] Job should run a job to completion when tasks sometimes fail and are not locally restarted" classname="Kubernetes e2e suite" time="0">
          <skipped></skipped>
      </testcase>
      <testcase name="[sig-cluster-lifecycle] etcd Upgrade [Feature:EtcdUpgrade] etcd upgrade should maintain a functioning cluster" classname="Kubernetes e2e suite" time="0">
          <skipped></skipped>
      </testcase>
      <testcase name="[sig-storage] In-tree Volumes [Driver: ceph][Feature:Volumes] [Testpattern: Inline-volume (default fs)] volumes should be mountable" classname="Kubernetes e2e suite" time="0">
          <skipped></skipped>
      </testcase>
      <testcase name="[sig-storage] In-tree Volumes [Driver: emptydir] [Testpattern: Inline-volume (default fs)] subPath should fail if subpath with backstepping is outside the volume [Slow]" classname="Kubernetes e2e suite" time="0">
          <skipped></skipped>
      </testcase>
      <testcase name="[sig-storage] In-tree Volumes [Driver: vSphere] [Testpattern: Dynamic PV (default fs)] subPath should unmount if pod is force deleted while kubelet is down [Disruptive][Slow]" classname="Kubernetes e2e suite" time="0">
          <skipped></skipped>
      </testcase>
      <testcase name="[k8s.io] Kubelet when scheduling a busybox Pod with hostAliases should write entries to /etc/hosts [NodeConformance] [Conformance]" classname="Kubernetes e2e suite" time="61.043716566"></testcase>
      <testcase name="[sig-storage] ConfigMap Should fail non-optional pod creation due to the key in the configMap object does not exist [Slow]" classname="Kubernetes e2e suite" time="0">
          <skipped></skipped>
      </testcase>
      <testcase name="[sig-apps] Deployment test Deployment ReplicaSet orphaning and adoption regarding controllerRef" classname="Kubernetes e2e suite" time="0">
          <skipped></skipped>
      </testcase>
      <testcase name="[sig-storage] In-tree Volumes [Driver: iscsi][Feature:Volumes] [Testpattern: Inline-volume (default fs)] volumes should be mountable" classname="Kubernetes e2e suite" time="0">
          <skipped></skipped>
      </testcase>
      <testcase name="[sig-storage] In-tree Volumes [Driver: vSphere] [Testpattern: Dynamic PV (default fs)] subPath should support existing directories when readOnly specified in the volumeSource" classname="Kubernetes e2e suite" time="0">
          <skipped></skipped>
      </testcase>
      <testcase name="[sig-storage] Projected secret should be able to mount in a volume regardless of a different secret existing with same name in different namespace [NodeConformance]" classname="Kubernetes e2e suite" time="0">
          <skipped></skipped>
      </testcase>
      <testcase name="[sig-storage] In-tree Volumes [Driver: gluster] [Testpattern: Pre-provisioned PV (default fs)] subPath should support non-existent path" classname="Kubernetes e2e suite" time="0">
          <skipped></skipped>
      </testcase>
      <testcase name="[sig-storage] In-tree Volumes [Driver: cinder] [Testpattern: Dynamic PV (block volmode)] volumeMode should fail in binding dynamic provisioned PV to PVC" classname="Kubernetes e2e suite" time="0">
          <skipped></skipped>
      </testcase>
      <testcase name="[sig-storage] Pod Disks schedule pods each with a PD, delete pod and verify detach [Slow] for read-only PD with pod delete grace period of &#34;immediate (0s)&#34;" classname="Kubernetes e2e suite" time="0">
          <skipped></skipped>
      </testcase>
      <testcase name="[sig-storage] PersistentVolumes-local  [Volume type: tmpfs] Set fsGroup for local volume should not set different fsGroups for two pods simultaneously" classname="Kubernetes e2e suite" time="0">
          <skipped></skipped>
      </testcase>
      <testcase name="[k8s.io] PrivilegedPod [NodeConformance] should enable privileged commands" classname="Kubernetes e2e suite" time="0">
          <skipped></skipped>
      </testcase>
      <testcase name="[sig-apps] Deployment RollingUpdateDeployment should delete old pods and create new ones [Conformance]" classname="Kubernetes e2e suite" time="16.273662202"></testcase>
      <testcase name="[sig-storage] In-tree Volumes [Driver: rbd][Feature:Volumes] [Testpattern: Inline-volume (default fs)] subPath should support readOnly file specified in the volumeMount" classname="Kubernetes e2e suite" time="0">
          <skipped></skipped>
      </testcase>
      <testcase name="[sig-storage] In-tree Volumes [Driver: gcepd] [Testpattern: Pre-provisioned PV (ext4)] volumes should allow exec of files on the volume" classname="Kubernetes e2e suite" time="0">
          <skipped></skipped>
      </testcase>
      <testcase name="[sig-storage] CSI Volumes [Driver: csi-hostpath-v0] [Testpattern: Dynamic PV (default fs)] subPath should support restarting containers using directory as subpath [Slow]" classname="Kubernetes e2e suite" time="0">
          <skipped></skipped>
      </testcase>
      <testcase name="[sig-network] Services should be able to change the type from NodePort to ExternalName" classname="Kubernetes e2e suite" time="0">
          <skipped></skipped>
      </testcase>
      <testcase name="[sig-network] Services should work after restarting kube-proxy [Disruptive]" classname="Kubernetes e2e suite" time="0">
          <skipped></skipped>
      </testcase>
      <testcase name="[sig-storage] Downward API volume should update annotations on modification [NodeConformance] [Conformance]" classname="Kubernetes e2e suite" time="55.45920535"></testcase>
      <testcase name="[sig-network] ESIPP [Slow] [DisabledForLargeClusters] should work for type=LoadBalancer" classname="Kubernetes e2e suite" time="0">
          <skipped></skipped>
      </testcase>
      <testcase name="[sig-storage] In-tree Volumes [Driver: iscsi][Feature:Volumes] [Testpattern: Inline-volume (default fs)] subPath should fail if subpath with backstepping is outside the volume [Slow]" classname="Kubernetes e2e suite" time="0">
          <skipped></skipped>
      </testcase>
      <testcase name="[sig-storage] CSI Volumes [Driver: pd.csi.storage.gke.io][Feature: gcePD-external] [Testpattern: Dynamic PV (default fs)] subPath should unmount if pod is gracefully deleted while kubelet is down [Disruptive][Slow]" classname="Kubernetes e2e suite" time="0">
          <skipped></skipped>
      </testcase>
      <testcase name="[sig-network] Loadbalancing: L7 GCE [Slow] [Feature:Ingress] should create ingress with pre-shared certificate" classname="Kubernetes e2e suite" time="0">
          <skipped></skipped>
      </testcase>
      <testcase name="[sig-storage] In-tree Volumes [Driver: hostPath] [Testpattern: Pre-provisioned PV (default fs)] subPath should support file as subpath" classname="Kubernetes e2e suite" time="0">
          <skipped></skipped>
      </testcase>
      <testcase name="[sig-scheduling] SchedulerPredicates [Serial] validates that taints-tolerations is respected if matching" classname="Kubernetes e2e suite" time="0">
          <skipped></skipped>
      </testcase>
      <testcase name="[sig-storage] In-tree Volumes [Driver: azure] [Testpattern: Inline-volume (default fs)] subPath should unmount if pod is force deleted while kubelet is down [Disruptive][Slow]" classname="Kubernetes e2e suite" time="0">
          <skipped></skipped>
      </testcase>
      <testcase name="[sig-scheduling] Multi-AZ Clusters should spread the pods of a service across zones" classname="Kubernetes e2e suite" time="0">
          <skipped></skipped>
      </testcase>
      <testcase name="[sig-storage] In-tree Volumes [Driver: ceph][Feature:Volumes] [Testpattern: Dynamic PV (ext3)] volumes should be mountable" classname="Kubernetes e2e suite" time="0">
          <skipped></skipped>
      </testcase>
      <testcase name="[sig-storage] In-tree Volumes [Driver: rbd][Feature:Volumes] [Testpattern: Inline-volume (default fs)] subPath should fail if subpath file is outside the volume [Slow]" classname="Kubernetes e2e suite" time="0">
          <skipped></skipped>
      </testcase>
      <testcase name="[sig-storage] In-tree Volumes [Driver: rbd][Feature:Volumes] [Testpattern: Pre-provisioned PV (ext4)] volumes should allow exec of files on the volume" classname="Kubernetes e2e suite" time="0">
          <skipped></skipped>
      </testcase>
      <testcase name="[sig-storage] In-tree Volumes [Driver: azure] [Testpattern: Dynamic PV (default fs)] subPath should fail if non-existent subpath is outside the volume [Slow]" classname="Kubernetes e2e suite" time="0">
          <skipped></skipped>
      </testcase>
      <testcase name="[sig-scalability] Load capacity [Feature:ManualPerformance] should be able to handle 3 pods per node ReplicationController with 0 secrets, 0 configmaps and 0 daemons" classname="Kubernetes e2e suite" time="0">
          <skipped></skipped>
      </testcase>
      <testcase name="[sig-storage] In-tree Volumes [Driver: cinder] [Testpattern: Pre-provisioned PV (default fs)] subPath should fail if non-existent subpath is outside the volume [Slow]" classname="Kubernetes e2e suite" time="0">
          <skipped></skipped>
      </testcase>
      <testcase name="[sig-cli] Kubectl Port forwarding [k8s.io] With a server listening on 0.0.0.0 [k8s.io] that expects NO client request should support a client that connects, sends DATA, and disconnects" classname="Kubernetes e2e suite" time="0">
          <skipped></skipped>
      </testcase>
      <testcase name="[sig-storage] PersistentVolumes-local  [Volume type: dir-link] Two pods mounting a local volume at the same time should be able to write from pod1 and read from pod2" classname="Kubernetes e2e suite" time="0">
          <skipped></skipped>
      </testcase>
      <testcase name="[k8s.io] Cluster size autoscaler scalability [Slow] shouldn&#39;t scale down with underutilized nodes due to host port conflicts [Feature:ClusterAutoscalerScalability5]" classname="Kubernetes e2e suite" time="0">
          <skipped></skipped>
      </testcase>
      <testcase name="[sig-storage] In-tree Volumes [Driver: azure] [Testpattern: Dynamic PV (ext3)] volumes should be mountable" classname="Kubernetes e2e suite" time="0">
          <skipped></skipped>
      </testcase>
      <testcase name="[sig-storage] Pod Disks detach in a disrupted environment [Slow] [Disruptive] when pod is evicted" classname="Kubernetes e2e suite" time="0">
          <skipped></skipped>
      </testcase>
      <testcase name="[sig-cli] Kubectl client [k8s.io] Simple pod should return command exit codes" classname="Kubernetes e2e suite" time="0">
          <skipped></skipped>
      </testcase>
      <testcase name="[sig-storage] In-tree Volumes [Driver: iscsi][Feature:Volumes] [Testpattern: Inline-volume (ext4)] volumes should allow exec of files on the volume" classname="Kubernetes e2e suite" time="0">
          <skipped></skipped>
      </testcase>
      <testcase name="[sig-storage] In-tree Volumes [Driver: aws] [Testpattern: Dynamic PV (ext4)] volumes should be mountable" classname="Kubernetes e2e suite" time="0">
          <skipped></skipped>
      </testcase>
      <testcase name="[sig-storage] In-tree Volumes [Driver: ceph][Feature:Volumes] [Testpattern: Inline-volume (default fs)] subPath should fail if subpath with backstepping is outside the volume [Slow]" classname="Kubernetes e2e suite" time="0">
          <skipped></skipped>
      </testcase>
      <testcase name="[sig-storage] In-tree Volumes [Driver: emptydir] [Testpattern: Dynamic PV (default fs)] provisioning should provision storage with mount options" classname="Kubernetes e2e suite" time="0">
          <skipped></skipped>
      </testcase>
      <testcase name="[sig-apps] DisruptionController evictions: too few pods, replicaSet, percentage =&gt; should not allow an eviction" classname="Kubernetes e2e suite" time="0">
          <skipped></skipped>
      </testcase>
      <testcase name="[k8s.io] Security Context when creating containers with AllowPrivilegeEscalation should allow privilege escalation when not explicitly set and uid != 0 [NodeConformance]" classname="Kubernetes e2e suite" time="0">
          <skipped></skipped>
      </testcase>
      <testcase name="[sig-storage] In-tree Volumes [Driver: hostPath] [Testpattern: Pre-provisioned PV (default fs)] subPath should be able to unmount after the subpath directory is deleted" classname="Kubernetes e2e suite" time="0">
          <skipped></skipped>
      </testcase>
      <testcase name="[sig-storage] Dynamic Provisioning DynamicProvisioner Default should be disabled by changing the default annotation [Serial] [Disruptive]" classname="Kubernetes e2e suite" time="0">
          <skipped></skipped>
      </testcase>
      <testcase name="[sig-storage] In-tree Volumes [Driver: hostPathSymlink] [Testpattern: Dynamic PV (default fs)] subPath should support restarting containers using file as subpath [Slow]" classname="Kubernetes e2e suite" time="0">
          <skipped></skipped>
      </testcase>
      <testcase name="[sig-storage] In-tree Volumes [Driver: vSphere] [Testpattern: Dynamic PV (ext4)] volumes should allow exec of files on the volume" classname="Kubernetes e2e suite" time="0">
          <skipped></skipped>
      </testcase>
      <testcase name="[sig-storage] In-tree Volumes [Driver: gluster] [Testpattern: Inline-volume (xfs)] volumes should be mountable" classname="Kubernetes e2e suite" time="0">
          <skipped></skipped>
      </testcase>
      <testcase name="[sig-storage] In-tree Volumes [Driver: rbd][Feature:Volumes] [Testpattern: Dynamic PV (default fs)] subPath should support existing directory" classname="Kubernetes e2e suite" time="0">
          <skipped></skipped>
      </testcase>
      <testcase name="[sig-storage] In-tree Volumes [Driver: emptydir] [Testpattern: Inline-volume (default fs)] volumes should be mountable" classname="Kubernetes e2e suite" time="0">
          <skipped></skipped>
      </testcase>
      <testcase name="[sig-storage] Dynamic Provisioning DynamicProvisioner [Slow] should test that deleting a claim before the volume is provisioned deletes the volume." classname="Kubernetes e2e suite" time="0">
          <skipped></skipped>
      </testcase>
      <testcase name="[sig-storage] In-tree Volumes [Driver: rbd][Feature:Volumes] [Testpattern: Dynamic PV (default fs)] subPath should fail if non-existent subpath is outside the volume [Slow]" classname="Kubernetes e2e suite" time="0">
          <skipped></skipped>
      </testcase>
      <testcase name="[k8s.io] Probing container should be restarted with a exec &#34;cat /tmp/health&#34; liveness probe [NodeConformance] [Conformance]" classname="Kubernetes e2e suite" time="56.496607064"></testcase>
      <testcase name="[sig-storage] In-tree Volumes [Driver: cinder] [Testpattern: Dynamic PV (default fs)] provisioning should provision storage with defaults" classname="Kubernetes e2e suite" time="0">
          <skipped></skipped>
      </testcase>
      <testcase name="[sig-storage] In-tree Volumes [Driver: iscsi][Feature:Volumes] [Testpattern: Inline-volume (ext3)] volumes should be mountable" classname="Kubernetes e2e suite" time="0">
          <skipped></skipped>
      </testcase>
      <testcase name="[sig-storage] Volume Placement should create and delete pod with multiple volumes from same datastore" classname="Kubernetes e2e suite" time="0">
          <skipped></skipped>
      </testcase>
      <testcase name="[sig-storage] In-tree Volumes [Driver: nfs] [Testpattern: Inline-volume (xfs)] volumes should be mountable" classname="Kubernetes e2e suite" time="0">
          <skipped></skipped>
      </testcase>
      <testcase name="[sig-instrumentation] Stackdriver Monitoring should run Custom Metrics - Stackdriver Adapter for external metrics [Feature:StackdriverExternalMetrics]" classname="Kubernetes e2e suite" time="0">
          <skipped></skipped>
      </testcase>
      <testcase name="[sig-storage] Volume Disk Size [Feature:vsphere] verify dynamically provisioned pv using storageclass with an invalid disk size fails" classname="Kubernetes e2e suite" time="0">
          <skipped></skipped>
      </testcase>
      <testcase name="[sig-storage] In-tree Volumes [Driver: emptydir] [Testpattern: Inline-volume (default fs)] subPath should support readOnly file specified in the volumeMount" classname="Kubernetes e2e suite" time="0">
          <skipped></skipped>
      </testcase>
      <testcase name="[sig-cli] Kubectl alpha client [k8s.io] Kubectl run CronJob should create a CronJob" classname="Kubernetes e2e suite" time="0">
          <skipped></skipped>
      </testcase>
      <testcase name="[sig-storage] CSI Volumes [Driver: csi-hostpath-v0] [Testpattern: Dynamic PV (default fs)] subPath should support existing single file" classname="Kubernetes e2e suite" time="0">
          <skipped></skipped>
      </testcase>
      <testcase name="[sig-storage] In-tree Volumes [Driver: hostPathSymlink] [Testpattern: Inline-volume (ext3)] volumes should be mountable" classname="Kubernetes e2e suite" time="0">
          <skipped></skipped>
      </testcase>
      <testcase name="[sig-network] Networking Granular Checks: Pods should function for node-pod communication: udp [NodeConformance] [Conformance]" classname="Kubernetes e2e suite" time="49.422352574"></testcase>
      <testcase name="[sig-storage] In-tree Volumes [Driver: hostPathSymlink] [Testpattern: Dynamic PV (default fs)] subPath should fail if subpath directory is outside the volume [Slow]" classname="Kubernetes e2e suite" time="0">
          <skipped></skipped>
      </testcase>
      <testcase name="[sig-storage] Projected downwardAPI should provide podname as non-root with fsgroup and defaultMode [NodeFeature:FSGroup]" classname="Kubernetes e2e suite" time="0">
          <skipped></skipped>
      </testcase>
      <testcase name="[sig-auth] PodSecurityPolicy should forbid pod creation when no PSP is available" classname="Kubernetes e2e suite" time="0">
          <skipped></skipped>
      </testcase>
      <testcase name="[sig-storage] In-tree Volumes [Driver: hostPathSymlink] [Testpattern: Dynamic PV (ext3)] volumes should be mountable" classname="Kubernetes e2e suite" time="0">
          <skipped></skipped>
      </testcase>
      <testcase name="[k8s.io] Container Runtime blackbox test when running a container with a new image should be able to pull image from docker hub [NodeConformance]" classname="Kubernetes e2e suite" time="0">
          <skipped></skipped>
      </testcase>
      <testcase name="[sig-storage] Projected downwardAPI should provide container&#39;s memory request [NodeConformance] [Conformance]" classname="Kubernetes e2e suite" time="12.124128859"></testcase>
      <testcase name="[sig-storage] In-tree Volumes [Driver: cinder] [Testpattern: Dynamic PV (default fs)] subPath should fail if subpath file is outside the volume [Slow]" classname="Kubernetes e2e suite" time="0">
          <skipped></skipped>
      </testcase>
      <testcase name="[sig-storage] In-tree Volumes [Driver: emptydir] [Testpattern: Dynamic PV (default fs)] subPath should unmount if pod is force deleted while kubelet is down [Disruptive][Slow]" classname="Kubernetes e2e suite" time="0">
          <skipped></skipped>
      </testcase>
      <testcase name="[sig-storage] In-tree Volumes [Driver: cinder] [Testpattern: Inline-volume (default fs)] subPath should support restarting containers using file as subpath [Slow]" classname="Kubernetes e2e suite" time="0">
          <skipped></skipped>
      </testcase>
      <testcase name="[sig-storage] In-tree Volumes [Driver: gluster] [Testpattern: Dynamic PV (default fs)] volumes should allow exec of files on the volume" classname="Kubernetes e2e suite" time="0">
          <skipped></skipped>
      </testcase>
      <testcase name="[sig-storage] In-tree Volumes [Driver: azure] [Testpattern: Pre-provisioned PV (xfs)] volumes should be mountable" classname="Kubernetes e2e suite" time="0">
          <skipped></skipped>
      </testcase>
      <testcase name="[sig-storage] CSI Volumes [Driver: pd.csi.storage.gke.io][Serial] [Testpattern: Dynamic PV (default fs)] subPath should support existing single file" classname="Kubernetes e2e suite" time="0">
          <skipped></skipped>
      </testcase>
      <testcase name="[sig-storage] In-tree Volumes [Driver: emptydir] [Testpattern: Inline-volume (default fs)] subPath should fail if subpath file is outside the volume [Slow]" classname="Kubernetes e2e suite" time="0">
          <skipped></skipped>
      </testcase>
      <testcase name="[k8s.io] Container Runtime blackbox test when running a container with a new image should be able to pull image from gcr.io [NodeConformance]" classname="Kubernetes e2e suite" time="0">
          <skipped></skipped>
      </testcase>
      <testcase name="[sig-storage] PersistentVolumes:vsphere should test that deleting the PV before the pod does not cause pod deletion to fail on vspehre volume detach" classname="Kubernetes e2e suite" time="0">
          <skipped></skipped>
      </testcase>
      <testcase name="[sig-storage] ConfigMap should be consumable from pods in volume [NodeConformance] [Conformance]" classname="Kubernetes e2e suite" time="12.130889819"></testcase>
      <testcase name="[sig-network] Loadbalancing: L7 GCE [Slow] [Feature:NEG] should be able to switch between IG and NEG modes" classname="Kubernetes e2e suite" time="0">
          <skipped></skipped>
      </testcase>
      <testcase name="[sig-instrumentation] Stackdriver Monitoring should run Custom Metrics - Stackdriver Adapter for old resource model [Feature:StackdriverCustomMetrics]" classname="Kubernetes e2e suite" time="0">
          <skipped></skipped>
      </testcase>
      <testcase name="[sig-storage] In-tree Volumes [Driver: aws] [Testpattern: Inline-volume (ext3)] volumes should allow exec of files on the volume" classname="Kubernetes e2e suite" time="0">
          <skipped></skipped>
      </testcase>
      <testcase name="[sig-storage] In-tree Volumes [Driver: iscsi][Feature:Volumes] [Testpattern: Inline-volume (default fs)] subPath should fail if non-existent subpath is outside the volume [Slow]" classname="Kubernetes e2e suite" time="0">
          <skipped></skipped>
      </testcase>
      <testcase name="[sig-auth] PodSecurityPolicy should enforce the restricted policy.PodSecurityPolicy" classname="Kubernetes e2e suite" time="0">
          <skipped></skipped>
      </testcase>
      <testcase name="[sig-storage] In-tree Volumes [Driver: hostPath] [Testpattern: Dynamic PV (default fs)] subPath should be able to unmount after the subpath directory is deleted" classname="Kubernetes e2e suite" time="0">
          <skipped></skipped>
      </testcase>
      <testcase name="[sig-storage] CSI Volumes [Driver: csi-hostpath] [Testpattern: Dynamic PV (default fs)] volumes should allow exec of files on the volume" classname="Kubernetes e2e suite" time="0">
          <skipped></skipped>
      </testcase>
      <testcase name="[sig-storage] In-tree Volumes [Driver: hostPath] [Testpattern: Dynamic PV (default fs)] provisioning should create and delete block persistent volumes" classname="Kubernetes e2e suite" time="0">
          <skipped></skipped>
      </testcase>
      <testcase name="[sig-storage] In-tree Volumes [Driver: gcepd] [Testpattern: Pre-provisioned PV (default fs)] subPath should support non-existent path" classname="Kubernetes e2e suite" time="0">
          <skipped></skipped>
      </testcase>
      <testcase name="[sig-storage] In-tree Volumes [Driver: vSphere] [Testpattern: Pre-provisioned PV (default fs)] subPath should support non-existent path" classname="Kubernetes e2e suite" time="0">
          <skipped></skipped>
      </testcase>
      <testcase name="[sig-storage] In-tree Volumes [Driver: aws] [Testpattern: Inline-volume (default fs)] subPath should support restarting containers using file as subpath [Slow]" classname="Kubernetes e2e suite" time="0">
          <skipped></skipped>
      </testcase>
      <testcase name="[sig-scheduling] ResourceQuota should create a ResourceQuota and capture the life of a persistent volume claim with a storage class. [sig-storage]" classname="Kubernetes e2e suite" time="0">
          <skipped></skipped>
      </testcase>
      <testcase name="[sig-api-machinery] Garbage collector should not be blocked by dependency circle [Conformance]" classname="Kubernetes e2e suite" time="13.209881486"></testcase>
      <testcase name="[sig-storage] In-tree Volumes [Driver: nfs] [Testpattern: Inline-volume (default fs)] volumes should allow exec of files on the volume" classname="Kubernetes e2e suite" time="0">
          <skipped></skipped>
      </testcase>
      <testcase name="[sig-storage] In-tree Volumes [Driver: rbd][Feature:Volumes] [Testpattern: Inline-volume (default fs)] subPath should fail if non-existent subpath is outside the volume [Slow]" classname="Kubernetes e2e suite" time="0">
          <skipped></skipped>
      </testcase>
      <testcase name="[k8s.io] Sysctls [NodeFeature:Sysctls] should support unsafe sysctls which are actually whitelisted" classname="Kubernetes e2e suite" time="0">
          <skipped></skipped>
      </testcase>
      <testcase name="[sig-storage] In-tree Volumes [Driver: azure] [Testpattern: Inline-volume (default fs)] subPath should fail if subpath file is outside the volume [Slow]" classname="Kubernetes e2e suite" time="0">
          <skipped></skipped>
      </testcase>
      <testcase name="[sig-storage] CSI Volumes [Driver: pd.csi.storage.gke.io][Serial] [Testpattern: Dynamic PV (default fs)] volumeIO should write files of various sizes, verify size, validate content [Slow]" classname="Kubernetes e2e suite" time="0">
          <skipped></skipped>
      </testcase>
      <testcase name="[sig-storage] In-tree Volumes [Driver: hostPath] [Testpattern: Pre-provisioned PV (default fs)] subPath should support existing directory" classname="Kubernetes e2e suite" time="0">
          <skipped></skipped>
      </testcase>
      <testcase name="[sig-storage] PersistentVolumes-local  [Volume type: dir-link-bindmounted] One pod requesting one prebound PVC should be able to mount volume and write from pod1" classname="Kubernetes e2e suite" time="0">
          <skipped></skipped>
      </testcase>
      <testcase name="[sig-storage] In-tree Volumes [Driver: cinder] [Testpattern: Inline-volume (default fs)] volumes should be mountable" classname="Kubernetes e2e suite" time="0">
          <skipped></skipped>
      </testcase>
      <testcase name="[sig-storage] CSI Volumes [Driver: csi-hostpath-v0] [Testpattern: Dynamic PV (ext3)] volumes should be mountable" classname="Kubernetes e2e suite" time="0">
          <skipped></skipped>
      </testcase>
      <testcase name="[sig-network] Services should serve multiport endpoints from pods  [Conformance]" classname="Kubernetes e2e suite" time="30.613069332"></testcase>
      <testcase name="[sig-storage] In-tree Volumes [Driver: iscsi][Feature:Volumes] [Testpattern: Inline-volume (ext4)] volumes should be mountable" classname="Kubernetes e2e suite" time="0">
          <skipped></skipped>
      </testcase>
      <testcase name="[sig-auth] ServiceAccounts should allow opting out of API token automount  [Conformance]" classname="Kubernetes e2e suite" time="26.800471364"></testcase>
      <testcase name="[sig-storage] In-tree Volumes [Driver: cinder] [Testpattern: Dynamic PV (ext3)] volumes should allow exec of files on the volume" classname="Kubernetes e2e suite" time="0">
          <skipped></skipped>
      </testcase>
      <testcase name="[sig-storage] In-tree Volumes [Driver: ceph][Feature:Volumes] [Testpattern: Dynamic PV (default fs)] subPath should fail if non-existent subpath is outside the volume [Slow]" classname="Kubernetes e2e suite" time="0">
          <skipped></skipped>
      </testcase>
      <testcase name="[sig-storage] In-tree Volumes [Driver: nfs] [Testpattern: Dynamic PV (default fs)] subPath should support file as subpath" classname="Kubernetes e2e suite" time="0">
          <skipped></skipped>
      </testcase>
      <testcase name="[sig-storage] In-tree Volumes [Driver: ceph][Feature:Volumes] [Testpattern: Inline-volume (xfs)] volumes should be mountable" classname="Kubernetes e2e suite" time="0">
          <skipped></skipped>
      </testcase>
      <testcase name="[sig-storage] In-tree Volumes [Driver: aws] [Testpattern: Pre-provisioned PV (default fs)] subPath should support existing directories when readOnly specified in the volumeSource" classname="Kubernetes e2e suite" time="0">
          <skipped></skipped>
      </testcase>
      <testcase name="[sig-storage] In-tree Volumes [Driver: nfs] [Testpattern: Inline-volume (default fs)] subPath should support creating multiple subpath from same volumes [Slow]" classname="Kubernetes e2e suite" time="0">
          <skipped></skipped>
      </testcase>
      <testcase name="[sig-scheduling] NoExecuteTaintManager Multiple Pods [Serial] only evicts pods without tolerations from tainted nodes" classname="Kubernetes e2e suite" time="0">
          <skipped></skipped>
      </testcase>
      <testcase name="[sig-storage] In-tree Volumes [Driver: rbd][Feature:Volumes] [Testpattern: Dynamic PV (xfs)] volumes should allow exec of files on the volume" classname="Kubernetes e2e suite" time="0">
          <skipped></skipped>
      </testcase>
      <testcase name="[sig-scheduling] PodPriorityResolution [Serial] validates critical system priorities are created and resolved" classname="Kubernetes e2e suite" time="0">
          <skipped></skipped>
      </testcase>
      <testcase name="[sig-apps] DaemonRestart [Disruptive] Kubelet should not restart containers across restart" classname="Kubernetes e2e suite" time="0">
          <skipped></skipped>
      </testcase>
      <testcase name="[sig-storage] In-tree Volumes [Driver: aws] [Testpattern: Dynamic PV (default fs)] subPath should support creating multiple subpath from same volumes [Slow]" classname="Kubernetes e2e suite" time="0">
          <skipped></skipped>
      </testcase>
      <testcase name="[sig-storage] In-tree Volumes [Driver: azure] [Testpattern: Pre-provisioned PV (default fs)] subPath should support existing single file" classname="Kubernetes e2e suite" time="0">
          <skipped></skipped>
      </testcase>
      <testcase name="[sig-storage] In-tree Volumes [Driver: hostPath] [Testpattern: Dynamic PV (ext3)] volumes should be mountable" classname="Kubernetes e2e suite" time="0">
          <skipped></skipped>
      </testcase>
      <testcase name="[sig-storage] CSI Volumes [Driver: csi-hostpath] [Testpattern: Dynamic PV (default fs)] subPath should unmount if pod is gracefully deleted while kubelet is down [Disruptive][Slow]" classname="Kubernetes e2e suite" time="0">
          <skipped></skipped>
      </testcase>
      <testcase name="[sig-storage] In-tree Volumes [Driver: iscsi][Feature:Volumes] [Testpattern: Inline-volume (default fs)] subPath should unmount if pod is gracefully deleted while kubelet is down [Disruptive][Slow]" classname="Kubernetes e2e suite" time="0">
          <skipped></skipped>
      </testcase>
      <testcase name="[sig-storage] CSI Volumes [Driver: pd.csi.storage.gke.io][Serial] [Testpattern: Dynamic PV (default fs)] provisioning should create and delete block persistent volumes" classname="Kubernetes e2e suite" time="0">
          <skipped></skipped>
      </testcase>
      <testcase name="[sig-network] Loadbalancing: L7 GCE [Slow] [Feature:NEG] should create NEGs for all ports with the Ingress annotation, and NEGs for the standalone annotation otherwise" classname="Kubernetes e2e suite" time="0">
          <skipped></skipped>
      </testcase>
      <testcase name="[sig-storage] In-tree Volumes [Driver: gluster] [Testpattern: Pre-provisioned PV (filesystem volmode)] volumeMode should create sc, pod, pv, and pvc, read/write to the pv, and delete all created resources" classname="Kubernetes e2e suite" time="0">
          <skipped></skipped>
      </testcase>
      <testcase name="[sig-storage] In-tree Volumes [Driver: hostPath] [Testpattern: Pre-provisioned PV (default fs)] subPath should support restarting containers using file as subpath [Slow]" classname="Kubernetes e2e suite" time="0">
          <skipped></skipped>
      </testcase>
      <testcase name="[sig-cli] Kubectl client [k8s.io] Kubectl apply should apply a new configuration to an existing RC" classname="Kubernetes e2e suite" time="0">
          <skipped></skipped>
      </testcase>
      <testcase name="[sig-storage] In-tree Volumes [Driver: iscsi][Feature:Volumes] [Testpattern: Dynamic PV (default fs)] provisioning should create and delete block persistent volumes" classname="Kubernetes e2e suite" time="0">
          <skipped></skipped>
      </testcase>
      <testcase name="[sig-storage] Pod Disks schedule a pod w/ RW PD(s) mounted to 1 or more containers, write to PD, verify content, delete pod, and repeat in rapid succession [Slow] using 4 containers and 1 PDs" classname="Kubernetes e2e suite" time="0">
          <skipped></skipped>
      </testcase>
      <testcase name="[sig-storage] CSI Volumes [Driver: csi-hostpath] [Testpattern: Dynamic PV (default fs)] subPath should support existing single file" classname="Kubernetes e2e suite" time="0">
          <skipped></skipped>
      </testcase>
      <testcase name="[sig-storage] Volume Provisioning On Clustered Datastore [Feature:vsphere] verify static provisioning on clustered datastore" classname="Kubernetes e2e suite" time="0">
          <skipped></skipped>
      </testcase>
      <testcase name="[sig-scheduling] ResourceQuota should create a ResourceQuota and capture the life of a pod." classname="Kubernetes e2e suite" time="0">
          <skipped></skipped>
      </testcase>
      <testcase name="[sig-scheduling] SchedulerPriorities [Serial] Pod should be preferably scheduled to nodes pod can tolerate" classname="Kubernetes e2e suite" time="0">
          <skipped></skipped>
      </testcase>
      <testcase name="[sig-storage] In-tree Volumes [Driver: gluster] [Testpattern: Dynamic PV (default fs)] subPath should support file as subpath" classname="Kubernetes e2e suite" time="0">
          <skipped></skipped>
      </testcase>
      <testcase name="[sig-scheduling] NoExecuteTaintManager Single Pod [Serial] doesn&#39;t evict pod with tolerations from tainted nodes" classname="Kubernetes e2e suite" time="0">
          <skipped></skipped>
      </testcase>
      <testcase name="[sig-storage] ConfigMap should be consumable from pods in volume as non-root with defaultMode and fsGroup set [NodeFeature:FSGroup]" classname="Kubernetes e2e suite" time="0">
          <skipped></skipped>
      </testcase>
      <testcase name="[sig-cluster-lifecycle] kube-proxy migration [Feature:KubeProxyDaemonSetMigration] Downgrade kube-proxy from a DaemonSet to static pods should maintain a functioning cluster [Feature:KubeProxyDaemonSetDowngrade]" classname="Kubernetes e2e suite" time="0">
          <skipped></skipped>
      </testcase>
      <testcase name="[sig-storage] CSI Volumes [Driver: pd.csi.storage.gke.io][Feature: gcePD-external] [Testpattern: Dynamic PV (filesystem volmode)] volumeMode should create sc, pod, pv, and pvc, read/write to the pv, and delete all created resources" classname="Kubernetes e2e suite" time="0">
          <skipped></skipped>
      </testcase>
      <testcase name="[sig-storage] In-tree Volumes [Driver: nfs] [Testpattern: Inline-volume (ext3)] volumes should allow exec of files on the volume" classname="Kubernetes e2e suite" time="0">
          <skipped></skipped>
      </testcase>
      <testcase name="[sig-network] DNS should support configurable pod resolv.conf" classname="Kubernetes e2e suite" time="0">
          <skipped></skipped>
      </testcase>
      <testcase name="[sig-storage] Volumes ConfigMap should be mountable" classname="Kubernetes e2e suite" time="0">
          <skipped></skipped>
      </testcase>
      <testcase name="[sig-storage] In-tree Volumes [Driver: hostPath] [Testpattern: Pre-provisioned PV (default fs)] subPath should unmount if pod is gracefully deleted while kubelet is down [Disruptive][Slow]" classname="Kubernetes e2e suite" time="0">
          <skipped></skipped>
      </testcase>
      <testcase name="[sig-apps] CronJob should not schedule jobs when suspended [Slow]" classname="Kubernetes e2e suite" time="0">
          <skipped></skipped>
      </testcase>
      <testcase name="[sig-scheduling] SchedulerPredicates [Serial] validates that NodeSelector is respected if matching  [Conformance]" classname="Kubernetes e2e suite" time="26.40694153"></testcase>
      <testcase name="[sig-storage] CSI Volumes [Driver: csi-hostpath] [Testpattern: Dynamic PV (default fs)] subPath should unmount if pod is force deleted while kubelet is down [Disruptive][Slow]" classname="Kubernetes e2e suite" time="0">
          <skipped></skipped>
      </testcase>
      <testcase name="[k8s.io] EquivalenceCache [Serial] validates pod anti-affinity works properly when new replica pod is scheduled" classname="Kubernetes e2e suite" time="0">
          <skipped></skipped>
      </testcase>
      <testcase name="[sig-storage] In-tree Volumes [Driver: aws] [Testpattern: Dynamic PV (default fs)] subPath should support existing directory" classname="Kubernetes e2e suite" time="0">
          <skipped></skipped>
      </testcase>
      <testcase name="[sig-storage] In-tree Volumes [Driver: ceph][Feature:Volumes] [Testpattern: Dynamic PV (xfs)] volumes should be mountable" classname="Kubernetes e2e suite" time="0">
          <skipped></skipped>
      </testcase>
      <testcase name="[sig-apps] StatefulSet [k8s.io] Basic StatefulSet functionality [StatefulSetBasic] should perform rolling updates and roll backs of template modifications [Conformance]" classname="Kubernetes e2e suite" time="162.015193478"></testcase>
      <testcase name="[sig-storage] In-tree Volumes [Driver: hostPathSymlink] [Testpattern: Pre-provisioned PV (default fs)] subPath should support file as subpath" classname="Kubernetes e2e suite" time="0">
          <skipped></skipped>
      </testcase>
      <testcase name="[sig-storage] In-tree Volumes [Driver: rbd][Feature:Volumes] [Testpattern: Inline-volume (default fs)] subPath should support creating multiple subpath from same volumes [Slow]" classname="Kubernetes e2e suite" time="0">
          <skipped></skipped>
      </testcase>
      <testcase name="[sig-storage] In-tree Volumes [Driver: gluster] [Testpattern: Inline-volume (default fs)] subPath should fail if subpath with backstepping is outside the volume [Slow]" classname="Kubernetes e2e suite" time="0">
          <skipped></skipped>
      </testcase>
      <testcase name="[sig-network] NetworkPolicy NetworkPolicy between server and client should enforce policy based on NamespaceSelector [Feature:NetworkPolicy]" classname="Kubernetes e2e suite" time="0">
          <skipped></skipped>
      </testcase>
      <testcase name="[sig-auth] PodSecurityPolicy should allow pods under the privileged policy.PodSecurityPolicy" classname="Kubernetes e2e suite" time="0">
          <skipped></skipped>
      </testcase>
      <testcase name="[sig-storage] In-tree Volumes [Driver: gluster] [Testpattern: Pre-provisioned PV (ext3)] volumes should be mountable" classname="Kubernetes e2e suite" time="0">
          <skipped></skipped>
      </testcase>
      <testcase name="[sig-network] NetworkPolicy NetworkPolicy between server and client should enforce policy based on PodSelector [Feature:NetworkPolicy]" classname="Kubernetes e2e suite" time="0">
          <skipped></skipped>
      </testcase>
      <testcase name="[sig-storage] In-tree Volumes [Driver: ceph][Feature:Volumes] [Testpattern: Inline-volume (default fs)] subPath should be able to unmount after the subpath directory is deleted" classname="Kubernetes e2e suite" time="0">
          <skipped></skipped>
      </testcase>
      <testcase name="[sig-storage] In-tree Volumes [Driver: hostPathSymlink] [Testpattern: Pre-provisioned PV (filesystem volmode)] volumeMode should create sc, pod, pv, and pvc, read/write to the pv, and delete all created resources" classname="Kubernetes e2e suite" time="0">
          <skipped></skipped>
      </testcase>
      <testcase name="[sig-storage] In-tree Volumes [Driver: gcepd] [Testpattern: Dynamic PV (ext4)] volumes should allow exec of files on the volume" classname="Kubernetes e2e suite" time="0">
          <skipped></skipped>
      </testcase>
      <testcase name="[sig-storage] In-tree Volumes [Driver: rbd][Feature:Volumes] [Testpattern: Inline-volume (default fs)] subPath should fail if subpath with backstepping is outside the volume [Slow]" classname="Kubernetes e2e suite" time="0">
          <skipped></skipped>
      </testcase>
      <testcase name="[sig-storage] In-tree Volumes [Driver: hostPath] [Testpattern: Inline-volume (default fs)] subPath should fail if subpath file is outside the volume [Slow]" classname="Kubernetes e2e suite" time="0">
          <skipped></skipped>
      </testcase>
      <testcase name="[sig-autoscaling] [HPA] Horizontal pod autoscaling (scale resource: Custom Metrics from Stackdriver) should scale down with Custom Metric of type Pod from Stackdriver [Feature:CustomMetricsAutoscaling]" classname="Kubernetes e2e suite" time="0">
          <skipped></skipped>
      </testcase>
      <testcase name="[sig-storage] In-tree Volumes [Driver: cinder] [Testpattern: Pre-provisioned PV (xfs)] volumes should be mountable" classname="Kubernetes e2e suite" time="0">
          <skipped></skipped>
      </testcase>
      <testcase name="[sig-storage] In-tree Volumes [Driver: emptydir] [Testpattern: Inline-volume (default fs)] subPath should support restarting containers using directory as subpath [Slow]" classname="Kubernetes e2e suite" time="0">
          <skipped></skipped>
      </testcase>
      <testcase name="[sig-network] DNS should provide DNS for pods for Hostname and Subdomain" classname="Kubernetes e2e suite" time="0">
          <skipped></skipped>
      </testcase>
      <testcase name="[sig-storage] In-tree Volumes [Driver: gluster] [Testpattern: Inline-volume (default fs)] subPath should support existing directories when readOnly specified in the volumeSource" classname="Kubernetes e2e suite" time="0">
          <skipped></skipped>
      </testcase>
      <testcase name="[sig-storage] In-tree Volumes [Driver: rbd][Feature:Volumes] [Testpattern: Dynamic PV (default fs)] subPath should support readOnly directory specified in the volumeMount" classname="Kubernetes e2e suite" time="0">
          <skipped></skipped>
      </testcase>
      <testcase name="[sig-storage] In-tree Volumes [Driver: ceph][Feature:Volumes] [Testpattern: Inline-volume (xfs)] volumes should allow exec of files on the volume" classname="Kubernetes e2e suite" time="0">
          <skipped></skipped>
      </testcase>
      <testcase name="[sig-storage] In-tree Volumes [Driver: vSphere] [Testpattern: Pre-provisioned PV (block volmode)] volumeMode should fail to create pod by failing to mount volume" classname="Kubernetes e2e suite" time="0">
          <skipped></skipped>
      </testcase>
      <testcase name="[sig-storage] In-tree Volumes [Driver: cinder] [Testpattern: Pre-provisioned PV (default fs)] subPath should unmount if pod is gracefully deleted while kubelet is down [Disruptive][Slow]" classname="Kubernetes e2e suite" time="0">
          <skipped></skipped>
      </testcase>
      <testcase name="[sig-service-catalog] [Feature:PodPreset] PodPreset should create a pod preset" classname="Kubernetes e2e suite" time="0">
          <skipped></skipped>
      </testcase>
      <testcase name="[sig-storage] In-tree Volumes [Driver: aws] [Testpattern: Inline-volume (default fs)] volumes should be mountable" classname="Kubernetes e2e suite" time="0">
          <skipped></skipped>
      </testcase>
      <testcase name="[sig-storage] Downward API volume should provide container&#39;s cpu request [NodeConformance] [Conformance]" classname="Kubernetes e2e suite" time="12.251566385"></testcase>
      <testcase name="[sig-storage] In-tree Volumes [Driver: cinder] [Testpattern: Pre-provisioned PV (default fs)] subPath should fail if subpath with backstepping is outside the volume [Slow]" classname="Kubernetes e2e suite" time="0">
          <skipped></skipped>
      </testcase>
      <testcase name="[sig-cli] Kubectl client [k8s.io] Proxy server should support proxy with --port 0  [Conformance]" classname="Kubernetes e2e suite" time="8.193206067"></testcase>
      <testcase name="[sig-storage] In-tree Volumes [Driver: emptydir] [Testpattern: Pre-provisioned PV (default fs)] subPath should fail if subpath directory is outside the volume [Slow]" classname="Kubernetes e2e suite" time="0">
          <skipped></skipped>
      </testcase>
      <testcase name="[sig-storage] PersistentVolumes-local  StatefulSet with pod affinity [Slow] should use volumes on one node when pod has affinity" classname="Kubernetes e2e suite" time="0">
          <skipped></skipped>
      </testcase>
      <testcase name="[k8s.io] Cluster size autoscaler scalability [Slow] should scale up at all [Feature:ClusterAutoscalerScalability1]" classname="Kubernetes e2e suite" time="0">
          <skipped></skipped>
      </testcase>
      <testcase name="[k8s.io] Container Runtime blackbox test when running a container with a new image should not be able to pull non-existing image from gcr.io [NodeConformance]" classname="Kubernetes e2e suite" time="0">
          <skipped></skipped>
      </testcase>
      <testcase name="[sig-storage] In-tree Volumes [Driver: gcepd] [Testpattern: Inline-volume (default fs)] subPath should be able to unmount after the subpath directory is deleted" classname="Kubernetes e2e suite" time="0">
          <skipped></skipped>
      </testcase>
      <testcase name="[sig-storage] In-tree Volumes [Driver: cinder] [Testpattern: Inline-volume (default fs)] subPath should support readOnly file specified in the volumeMount" classname="Kubernetes e2e suite" time="0">
          <skipped></skipped>
      </testcase>
      <testcase name="[sig-storage] CSI Volumes [Driver: csi-hostpath] [Testpattern: Dynamic PV (filesystem volmode)] volumeMode should create sc, pod, pv, and pvc, read/write to the pv, and delete all created resources" classname="Kubernetes e2e suite" time="0">
          <skipped></skipped>
      </testcase>
      <testcase name="[sig-storage] In-tree Volumes [Driver: rbd][Feature:Volumes] [Testpattern: Pre-provisioned PV (default fs)] subPath should fail if non-existent subpath is outside the volume [Slow]" classname="Kubernetes e2e suite" time="0">
          <skipped></skipped>
      </testcase>
      <testcase name="[sig-storage] In-tree Volumes [Driver: hostPath] [Testpattern: Inline-volume (default fs)] subPath should fail if non-existent subpath is outside the volume [Slow]" classname="Kubernetes e2e suite" time="0">
          <skipped></skipped>
      </testcase>
      <testcase name="[sig-storage] In-tree Volumes [Driver: azure] [Testpattern: Pre-provisioned PV (default fs)] volumes should be mountable" classname="Kubernetes e2e suite" time="0">
          <skipped></skipped>
      </testcase>
      <testcase name="[sig-apps] Job should exceed backoffLimit" classname="Kubernetes e2e suite" time="0">
          <skipped></skipped>
      </testcase>
      <testcase name="[sig-storage] In-tree Volumes [Driver: vSphere] [Testpattern: Pre-provisioned PV (xfs)] volumes should allow exec of files on the volume" classname="Kubernetes e2e suite" time="0">
          <skipped></skipped>
      </testcase>
      <testcase name="[sig-storage] In-tree Volumes [Driver: ceph][Feature:Volumes] [Testpattern: Inline-volume (default fs)] subPath should fail if subpath file is outside the volume [Slow]" classname="Kubernetes e2e suite" time="0">
          <skipped></skipped>
      </testcase>
      <testcase name="[sig-storage] In-tree Volumes [Driver: nfs] [Testpattern: Pre-provisioned PV (ext4)] volumes should be mountable" classname="Kubernetes e2e suite" time="0">
          <skipped></skipped>
      </testcase>
      <testcase name="[sig-storage] In-tree Volumes [Driver: iscsi][Feature:Volumes] [Testpattern: Dynamic PV (filesystem volmode)] volumeMode should create sc, pod, pv, and pvc, read/write to the pv, and delete all created resources" classname="Kubernetes e2e suite" time="0">
          <skipped></skipped>
      </testcase>
      <testcase name="[sig-storage] PersistentVolumes-local  [Volume type: dir-link-bindmounted] Set fsGroup for local volume should not set different fsGroups for two pods simultaneously" classname="Kubernetes e2e suite" time="0">
          <skipped></skipped>
      </testcase>
      <testcase name="[sig-storage] In-tree Volumes [Driver: iscsi][Feature:Volumes] [Testpattern: Dynamic PV (default fs)] provisioning should provision storage with defaults" classname="Kubernetes e2e suite" time="0">
          <skipped></skipped>
      </testcase>
      <testcase name="[sig-storage] In-tree Volumes [Driver: emptydir] [Testpattern: Dynamic PV (default fs)] subPath should support readOnly file specified in the volumeMount" classname="Kubernetes e2e suite" time="0">
          <skipped></skipped>
      </testcase>
      <testcase name="[sig-storage] In-tree Volumes [Driver: rbd][Feature:Volumes] [Testpattern: Dynamic PV (default fs)] subPath should support creating multiple subpath from same volumes [Slow]" classname="Kubernetes e2e suite" time="0">
          <skipped></skipped>
      </testcase>
      <testcase name="[sig-storage] In-tree Volumes [Driver: iscsi][Feature:Volumes] [Testpattern: Pre-provisioned PV (ext4)] volumes should be mountable" classname="Kubernetes e2e suite" time="0">
          <skipped></skipped>
      </testcase>
      <testcase name="[sig-storage] In-tree Volumes [Driver: emptydir] [Testpattern: Dynamic PV (default fs)] subPath should unmount if pod is gracefully deleted while kubelet is down [Disruptive][Slow]" classname="Kubernetes e2e suite" time="0">
          <skipped></skipped>
      </testcase>
      <testcase name="[sig-storage] CSI Volumes CSI attach test using HostPath driver [Feature:CSIDriverRegistry] non-attachable volume does not need VolumeAttachment" classname="Kubernetes e2e suite" time="0">
          <skipped></skipped>
      </testcase>
      <testcase name="[sig-cluster-lifecycle] HA-master [Feature:HAMaster] survive addition/removal replicas multizone workers [Serial][Disruptive]" classname="Kubernetes e2e suite" time="0">
          <skipped></skipped>
      </testcase>
      <testcase name="[sig-storage] In-tree Volumes [Driver: iscsi][Feature:Volumes] [Testpattern: Dynamic PV (ext3)] volumes should be mountable" classname="Kubernetes e2e suite" time="0">
          <skipped></skipped>
      </testcase>
      <testcase name="[sig-storage] In-tree Volumes [Driver: cinder] [Testpattern: Dynamic PV (default fs)] subPath should support creating multiple subpath from same volumes [Slow]" classname="Kubernetes e2e suite" time="0">
          <skipped></skipped>
      </testcase>
      <testcase name="[sig-storage] In-tree Volumes [Driver: cinder] [Testpattern: Inline-volume (ext4)] volumes should be mountable" classname="Kubernetes e2e suite" time="0">
          <skipped></skipped>
      </testcase>
      <testcase name="[sig-storage] In-tree Volumes [Driver: gluster] [Testpattern: Dynamic PV (default fs)] subPath should support readOnly directory specified in the volumeMount" classname="Kubernetes e2e suite" time="0">
          <skipped></skipped>
      </testcase>
      <testcase name="[sig-network] Loadbalancing: L7 GCE [Slow] [Feature:Ingress] should not reconcile manually modified health check for ingress" classname="Kubernetes e2e suite" time="0">
          <skipped></skipped>
      </testcase>
      <testcase name="[sig-storage] In-tree Volumes [Driver: emptydir] [Testpattern: Pre-provisioned PV (default fs)] subPath should support file as subpath" classname="Kubernetes e2e suite" time="0">
          <skipped></skipped>
      </testcase>
      <testcase name="[sig-storage] In-tree Volumes [Driver: nfs] [Testpattern: Inline-volume (default fs)] subPath should support existing single file" classname="Kubernetes e2e suite" time="0">
          <skipped></skipped>
      </testcase>
      <testcase name="[sig-storage] In-tree Volumes [Driver: azure] [Testpattern: Dynamic PV (default fs)] subPath should be able to unmount after the subpath directory is deleted" classname="Kubernetes e2e suite" time="0">
          <skipped></skipped>
      </testcase>
      <testcase name="[sig-network] Services should be able to update NodePorts with two same port numbers but different protocols" classname="Kubernetes e2e suite" time="0">
          <skipped></skipped>
      </testcase>
      <testcase name="[sig-storage] Subpath Atomic writer volumes should support subpaths with configmap pod with mountPath of existing file [Conformance]" classname="Kubernetes e2e suite" time="34.367506127"></testcase>
      <testcase name="[sig-storage] CSI Volumes [Driver: csi-hostpath-v0] [Testpattern: Dynamic PV (default fs)] subPath should support non-existent path" classname="Kubernetes e2e suite" time="0">
          <skipped></skipped>
      </testcase>
      <testcase name="[sig-node] ConfigMap should fail to create configMap in volume due to empty configmap key" classname="Kubernetes e2e suite" time="0">
          <skipped></skipped>
      </testcase>
      <testcase name="[sig-storage] In-tree Volumes [Driver: aws] [Testpattern: Pre-provisioned PV (default fs)] subPath should fail if subpath with backstepping is outside the volume [Slow]" classname="Kubernetes e2e suite" time="0">
          <skipped></skipped>
      </testcase>
      <testcase name="[sig-storage] CSI Volumes [Driver: csi-hostpath] [Testpattern: Dynamic PV (default fs)] subPath should fail if subpath directory is outside the volume [Slow]" classname="Kubernetes e2e suite" time="0">
          <skipped></skipped>
      </testcase>
      <testcase name="[sig-auth] [Feature:NodeAuthorizer] Getting a non-existent secret should exit with the Forbidden error, not a NotFound error" classname="Kubernetes e2e suite" time="0">
          <skipped></skipped>
      </testcase>
      <testcase name="[k8s.io] [sig-node] kubelet [k8s.io] [sig-node] Clean up pods on node kubelet should be able to delete 10 pods per node in 1m0s." classname="Kubernetes e2e suite" time="0">
          <skipped></skipped>
      </testcase>
      <testcase name="[sig-storage] EmptyDir volumes volume on default medium should have the correct mode [NodeConformance] [Conformance]" classname="Kubernetes e2e suite" time="12.205140161"></testcase>
      <testcase name="[sig-storage] PersistentVolumes [Feature:ReclaimPolicy] [sig-storage] persistentvolumereclaim:vsphere should retain persistent volume when reclaimPolicy set to retain when associated claim is deleted" classname="Kubernetes e2e suite" time="0">
          <skipped></skipped>
      </testcase>
      <testcase name="[sig-storage] CSI Volumes [Driver: pd.csi.storage.gke.io][Feature: gcePD-external] [Testpattern: Dynamic PV (default fs)] subPath should support non-existent path" classname="Kubernetes e2e suite" time="0">
          <skipped></skipped>
      </testcase>
      <testcase name="[sig-api-machinery] Initializers [Feature:Initializers] should dynamically register and apply initializers to pods [Serial]" classname="Kubernetes e2e suite" time="0">
          <skipped></skipped>
      </testcase>
      <testcase name="[sig-storage] CSI Volumes [Driver: pd.csi.storage.gke.io][Serial] [Testpattern: Dynamic PV (xfs)] volumes should allow exec of files on the volume" classname="Kubernetes e2e suite" time="0">
          <skipped></skipped>
      </testcase>
      <testcase name="[sig-storage] CSI Volumes [Driver: csi-hostpath-v0] [Testpattern: Dynamic PV (xfs)] volumes should be mountable" classname="Kubernetes e2e suite" time="0">
          <skipped></skipped>
      </testcase>
      <testcase name="[sig-storage] In-tree Volumes [Driver: aws] [Testpattern: Dynamic PV (default fs)] subPath should unmount if pod is gracefully deleted while kubelet is down [Disruptive][Slow]" classname="Kubernetes e2e suite" time="0">
          <skipped></skipped>
      </testcase>
      <testcase name="[sig-storage] In-tree Volumes [Driver: azure] [Testpattern: Inline-volume (default fs)] subPath should fail if subpath directory is outside the volume [Slow]" classname="Kubernetes e2e suite" time="0">
          <skipped></skipped>
      </testcase>
      <testcase name="[sig-storage] Mounted volume expand[Slow] Should verify mounted devices can be resized" classname="Kubernetes e2e suite" time="0">
          <skipped></skipped>
      </testcase>
      <testcase name="[sig-storage] In-tree Volumes [Driver: vSphere] [Testpattern: Pre-provisioned PV (default fs)] subPath should fail if subpath with backstepping is outside the volume [Slow]" classname="Kubernetes e2e suite" time="0">
          <skipped></skipped>
      </testcase>
      <testcase name="[sig-storage] In-tree Volumes [Driver: aws] [Testpattern: Inline-volume (ext4)] volumes should be mountable" classname="Kubernetes e2e suite" time="0">
          <skipped></skipped>
      </testcase>
      <testcase name="[sig-storage] In-tree Volumes [Driver: aws] [Testpattern: Inline-volume (default fs)] subPath should be able to unmount after the subpath directory is deleted" classname="Kubernetes e2e suite" time="0">
          <skipped></skipped>
      </testcase>
      <testcase name="[sig-storage] Projected downwardAPI should provide node allocatable (memory) as default memory limit if the limit is not set [NodeConformance] [Conformance]" classname="Kubernetes e2e suite" time="12.147416772"></testcase>
      <testcase name="[sig-storage] In-tree Volumes [Driver: rbd][Feature:Volumes] [Testpattern: Inline-volume (xfs)] volumes should allow exec of files on the volume" classname="Kubernetes e2e suite" time="0">
          <skipped></skipped>
      </testcase>
      <testcase name="[sig-storage] In-tree Volumes [Driver: gluster] [Testpattern: Dynamic PV (default fs)] subPath should support existing directories when readOnly specified in the volumeSource" classname="Kubernetes e2e suite" time="0">
          <skipped></skipped>
      </testcase>
      <testcase name="[sig-storage] In-tree Volumes [Driver: gcepd] [Testpattern: Inline-volume (default fs)] subPath should support existing single file" classname="Kubernetes e2e suite" time="0">
          <skipped></skipped>
      </testcase>
      <testcase name="[sig-cli] Kubectl Port forwarding [k8s.io] With a server listening on localhost should support forwarding over websockets" classname="Kubernetes e2e suite" time="0">
          <skipped></skipped>
      </testcase>
      <testcase name="[sig-apps] Daemon set [Serial] should not update pod when spec was updated and update strategy is OnDelete" classname="Kubernetes e2e suite" time="0">
          <skipped></skipped>
      </testcase>
      <testcase name="[sig-storage] HostPath should support r/w [NodeConformance]" classname="Kubernetes e2e suite" time="0">
          <skipped></skipped>
      </testcase>
      <testcase name="[sig-storage] ConfigMap should be consumable from pods in volume with mappings as non-root with FSGroup [NodeFeature:FSGroup]" classname="Kubernetes e2e suite" time="0">
          <skipped></skipped>
      </testcase>
      <testcase name="[sig-storage] In-tree Volumes [Driver: iscsi][Feature:Volumes] [Testpattern: Dynamic PV (xfs)] volumes should be mountable" classname="Kubernetes e2e suite" time="0">
          <skipped></skipped>
      </testcase>
      <testcase name="[sig-auth] Metadata Concealment should run a check-metadata-concealment job to completion" classname="Kubernetes e2e suite" time="0">
          <skipped></skipped>
      </testcase>
      <testcase name="[sig-api-machinery] Secrets should fail to create secret in volume due to empty secret key" classname="Kubernetes e2e suite" time="0">
          <skipped></skipped>
      </testcase>
      <testcase name="[sig-scheduling] SchedulerPredicates [Serial] validates MaxPods limit number of pods that are allowed to run [Slow]" classname="Kubernetes e2e suite" time="0">
          <skipped></skipped>
      </testcase>
      <testcase name="[sig-storage] In-tree Volumes [Driver: iscsi][Feature:Volumes] [Testpattern: Pre-provisioned PV (default fs)] subPath should fail if subpath directory is outside the volume [Slow]" classname="Kubernetes e2e suite" time="0">
          <skipped></skipped>
      </testcase>
      <testcase name="[sig-storage] PersistentVolumes:vsphere should test that a file written to the vspehre volume mount before kubelet restart can be read after restart [Disruptive]" classname="Kubernetes e2e suite" time="0">
          <skipped></skipped>
      </testcase>
      <testcase name="[sig-cli] Kubectl client [k8s.io] Kubectl patch should add annotations for pods in rc  [Conformance]" classname="Kubernetes e2e suite" time="28.72174432"></testcase>
      <testcase name="[sig-storage] In-tree Volumes [Driver: gluster] [Testpattern: Pre-provisioned PV (default fs)] subPath should fail if subpath directory is outside the volume [Slow]" classname="Kubernetes e2e suite" time="0">
          <skipped></skipped>
      </testcase>
      <testcase name="[sig-storage] EmptyDir volumes should support (root,0666,default) [NodeConformance] [Conformance]" classname="Kubernetes e2e suite" time="12.015513378"></testcase>
      <testcase name="[sig-storage] In-tree Volumes [Driver: ceph][Feature:Volumes] [Testpattern: Dynamic PV (xfs)] volumes should allow exec of files on the volume" classname="Kubernetes e2e suite" time="0">
          <skipped></skipped>
      </testcase>
      <testcase name="[sig-storage] In-tree Volumes [Driver: gluster] [Testpattern: Dynamic PV (ext3)] volumes should allow exec of files on the volume" classname="Kubernetes e2e suite" time="0">
          <skipped></skipped>
      </testcase>
      <testcase name="[sig-storage] In-tree Volumes [Driver: gcepd] [Testpattern: Dynamic PV (default fs)] provisioning should provision storage with defaults" classname="Kubernetes e2e suite" time="0">
          <skipped></skipped>
      </testcase>
      <testcase name="[sig-apps] Job should delete a job" classname="Kubernetes e2e suite" time="0">
          <skipped></skipped>
      </testcase>
      <testcase name="[sig-storage] In-tree Volumes [Driver: rbd][Feature:Volumes] [Testpattern: Inline-volume (default fs)] subPath should support existing directories when readOnly specified in the volumeSource" classname="Kubernetes e2e suite" time="0">
          <skipped></skipped>
      </testcase>
      <testcase name="[sig-storage] In-tree Volumes [Driver: gcepd] [Testpattern: Dynamic PV (default fs)] subPath should support restarting containers using directory as subpath [Slow]" classname="Kubernetes e2e suite" time="0">
          <skipped></skipped>
      </testcase>
      <testcase name="[sig-storage] In-tree Volumes [Driver: nfs] [Testpattern: Dynamic PV (ext4)] volumes should allow exec of files on the volume" classname="Kubernetes e2e suite" time="0">
          <skipped></skipped>
      </testcase>
      <testcase name="[sig-storage] In-tree Volumes [Driver: vSphere] [Testpattern: Pre-provisioned PV (default fs)] subPath should fail if subpath directory is outside the volume [Slow]" classname="Kubernetes e2e suite" time="0">
          <skipped></skipped>
      </testcase>
      <testcase name="[sig-storage] In-tree Volumes [Driver: azure] [Testpattern: Dynamic PV (default fs)] subPath should fail if subpath file is outside the volume [Slow]" classname="Kubernetes e2e suite" time="0">
          <skipped></skipped>
      </testcase>
      <testcase name="[k8s.io] Security Context When creating a container with runAsUser should run the container with uid 65534 [NodeConformance]" classname="Kubernetes e2e suite" time="0">
          <skipped></skipped>
      </testcase>
      <testcase name="[sig-storage] In-tree Volumes [Driver: nfs] [Testpattern: Pre-provisioned PV (default fs)] subPath should fail if subpath directory is outside the volume [Slow]" classname="Kubernetes e2e suite" time="0">
          <skipped></skipped>
      </testcase>
      <testcase name="[sig-storage] In-tree Volumes [Driver: gluster] [Testpattern: Pre-provisioned PV (default fs)] subPath should fail if subpath file is outside the volume [Slow]" classname="Kubernetes e2e suite" time="0">
          <skipped></skipped>
      </testcase>
      <testcase name="[sig-network] Loadbalancing: L7 GCE [Slow] [Feature:Ingress] should create ingress with backend HTTPS" classname="Kubernetes e2e suite" time="0">
          <skipped></skipped>
      </testcase>
      <testcase name="[sig-storage] In-tree Volumes [Driver: cinder] [Testpattern: Dynamic PV (ext4)] volumes should allow exec of files on the volume" classname="Kubernetes e2e suite" time="0">
          <skipped></skipped>
      </testcase>
      <testcase name="[sig-cli] Kubectl client [k8s.io] Kubectl run pod should create a pod from an image when restart is Never  [Conformance]" classname="Kubernetes e2e suite" time="12.521350372"></testcase>
      <testcase name="[sig-api-machinery] AdmissionWebhook Should be able to deny custom resource creation" classname="Kubernetes e2e suite" time="0">
          <skipped></skipped>
      </testcase>
      <testcase name="[k8s.io] [sig-node] Kubelet [Serial] [Slow] [k8s.io] [sig-node] experimental resource usage tracking [Feature:ExperimentalResourceUsageTracking] resource tracking for 100 pods per node" classname="Kubernetes e2e suite" time="0">
          <skipped></skipped>
      </testcase>
      <testcase name="[sig-storage] Ephemeralstorage When pod refers to non-existent ephemeral storage should allow deletion of pod with invalid volume : projected" classname="Kubernetes e2e suite" time="0">
          <skipped></skipped>
      </testcase>
      <testcase name="[sig-node] ConfigMap should be consumable via the environment [NodeConformance] [Conformance]" classname="Kubernetes e2e suite" time="12.10925317"></testcase>
      <testcase name="[sig-storage] PersistentVolumes-local  [Volume type: block] Two pods mounting a local volume one after the other should be able to write from pod1 and read from pod2" classname="Kubernetes e2e suite" time="0">
          <skipped></skipped>
      </testcase>
      <testcase name="[sig-storage] In-tree Volumes [Driver: vSphere] [Testpattern: Inline-volume (default fs)] subPath should support file as subpath" classname="Kubernetes e2e suite" time="0">
          <skipped></skipped>
      </testcase>
      <testcase name="[sig-storage] In-tree Volumes [Driver: ceph][Feature:Volumes] [Testpattern: Pre-provisioned PV (default fs)] subPath should fail if subpath file is outside the volume [Slow]" classname="Kubernetes e2e suite" time="0">
          <skipped></skipped>
      </testcase>
      <testcase name="[sig-cli] Kubectl client [k8s.io] Kubectl api-versions should check if v1 is in available api versions  [Conformance]" classname="Kubernetes e2e suite" time="8.106207043"></testcase>
      <testcase name="[sig-storage] In-tree Volumes [Driver: ceph][Feature:Volumes] [Testpattern: Pre-provisioned PV (ext3)] volumes should allow exec of files on the volume" classname="Kubernetes e2e suite" time="0">
          <skipped></skipped>
      </testcase>
      <testcase name="[sig-storage] In-tree Volumes [Driver: ceph][Feature:Volumes] [Testpattern: Pre-provisioned PV (ext4)] volumes should be mountable" classname="Kubernetes e2e suite" time="0">
          <skipped></skipped>
      </testcase>
      <testcase name="[sig-storage] In-tree Volumes [Driver: cinder] [Testpattern: Pre-provisioned PV (default fs)] volumes should be mountable" classname="Kubernetes e2e suite" time="0">
          <skipped></skipped>
      </testcase>
      <testcase name="[sig-storage] In-tree Volumes [Driver: hostPath] [Testpattern: Dynamic PV (default fs)] subPath should support creating multiple subpath from same volumes [Slow]" classname="Kubernetes e2e suite" time="0">
          <skipped></skipped>
      </testcase>
      <testcase name="[sig-storage] In-tree Volumes [Driver: nfs] [Testpattern: Dynamic PV (default fs)] subPath should unmount if pod is gracefully deleted while kubelet is down [Disruptive][Slow]" classname="Kubernetes e2e suite" time="0">
          <skipped></skipped>
      </testcase>
      <testcase name="[sig-network] Loadbalancing: L7 GCE [Slow] [Feature:Ingress] multicluster ingress should get instance group annotation" classname="Kubernetes e2e suite" time="0">
          <skipped></skipped>
      </testcase>
      <testcase name="[sig-scheduling] SchedulerPredicates [Serial] validates that taints-tolerations is respected if not matching" classname="Kubernetes e2e suite" time="0">
          <skipped></skipped>
      </testcase>
      <testcase name="[sig-storage] CSI Volumes [Driver: csi-hostpath-v0] [Testpattern: Dynamic PV (default fs)] volumeIO should write files of various sizes, verify size, validate content [Slow]" classname="Kubernetes e2e suite" time="0">
          <skipped></skipped>
      </testcase>
      <testcase name="[sig-apps] Job should run a job to completion when tasks succeed" classname="Kubernetes e2e suite" time="0">
          <skipped></skipped>
      </testcase>
      <testcase name="[sig-storage] In-tree Volumes [Driver: rbd][Feature:Volumes] [Testpattern: Dynamic PV (default fs)] subPath should support existing directories when readOnly specified in the volumeSource" classname="Kubernetes e2e suite" time="0">
          <skipped></skipped>
      </testcase>
      <testcase name="[sig-storage] CSI Volumes CSI attach test using HostPath driver [Feature:CSIDriverRegistry] volume with no CSI driver needs VolumeAttachment" classname="Kubernetes e2e suite" time="0">
          <skipped></skipped>
      </testcase>
      <testcase name="[sig-cli] Kubectl Port forwarding [k8s.io] With a server listening on 0.0.0.0 [k8s.io] that expects a client request should support a client that connects, sends DATA, and disconnects" classname="Kubernetes e2e suite" time="0">
          <skipped></skipped>
      </testcase>
      <testcase name="[sig-scheduling] ResourceQuota [Feature:PodPriority] should verify ResourceQuota&#39;s priority class scope (quota set to pod count: 1) against 2 pods with different priority class." classname="Kubernetes e2e suite" time="0">
          <skipped></skipped>
      </testcase>
      <testcase name="[k8s.io] Container Runtime blackbox test when starting a container that exits should report termination message if TerminationMessagePath is set [NodeConformance]" classname="Kubernetes e2e suite" time="0">
          <skipped></skipped>
      </testcase>
      <testcase name="[sig-storage] Dynamic Provisioning DynamicProvisioner delayed binding [Slow] should create persistent volumes in the same zone as node after a pod mounting the claims is started" classname="Kubernetes e2e suite" time="0">
          <skipped></skipped>
      </testcase>
      <testcase name="[sig-storage] In-tree Volumes [Driver: azure] [Testpattern: Inline-volume (ext3)] volumes should allow exec of files on the volume" classname="Kubernetes e2e suite" time="0">
          <skipped></skipped>
      </testcase>
      <testcase name="[sig-storage] In-tree Volumes [Driver: iscsi][Feature:Volumes] [Testpattern: Inline-volume (default fs)] subPath should support file as subpath" classname="Kubernetes e2e suite" time="0">
          <skipped></skipped>
      </testcase>
      <testcase name="[sig-storage] In-tree Volumes [Driver: gcepd] [Testpattern: Inline-volume (xfs)] volumes should allow exec of files on the volume" classname="Kubernetes e2e suite" time="0">
          <skipped></skipped>
      </testcase>
      <testcase name="[k8s.io] KubeletManagedEtcHosts should test kubelet managed /etc/hosts file [NodeConformance] [Conformance]" classname="Kubernetes e2e suite" time="58.499440997"></testcase>
      <testcase name="[sig-storage] Volume FStype [Feature:vsphere] verify fstype - default value should be ext4" classname="Kubernetes e2e suite" time="0">
          <skipped></skipped>
      </testcase>
      <testcase name="[sig-storage] PersistentVolumes-local  [Volume type: dir-link-bindmounted] One pod requesting one prebound PVC should be able to mount volume and read from pod1" classname="Kubernetes e2e suite" time="0">
          <skipped></skipped>
      </testcase>
      <testcase name="[sig-network] DNS configMap federations [Feature:Federation] should be able to change federation configuration [Slow][Serial]" classname="Kubernetes e2e suite" time="0">
          <skipped></skipped>
      </testcase>
      <testcase name="[sig-storage] In-tree Volumes [Driver: iscsi][Feature:Volumes] [Testpattern: Pre-provisioned PV (block volmode)] volumeMode should create sc, pod, pv, and pvc, read/write to the pv, and delete all created resources" classname="Kubernetes e2e suite" time="0">
          <skipped></skipped>
      </testcase>
      <testcase name="[sig-storage] In-tree Volumes [Driver: emptydir] [Testpattern: Dynamic PV (default fs)] subPath should be able to unmount after the subpath directory is deleted" classname="Kubernetes e2e suite" time="0">
          <skipped></skipped>
      </testcase>
      <testcase name="[sig-storage] In-tree Volumes [Driver: hostPath] [Testpattern: Pre-provisioned PV (ext4)] volumes should be mountable" classname="Kubernetes e2e suite" time="0">
          <skipped></skipped>
      </testcase>
      <testcase name="[k8s.io] Container Runtime blackbox test when starting a container that exits should report termination message from file when pod succeeds and TerminationMessagePolicy FallbackToLogOnError is set [NodeConformance]" classname="Kubernetes e2e suite" time="0">
          <skipped></skipped>
      </testcase>
      <testcase name="[sig-storage] In-tree Volumes [Driver: emptydir] [Testpattern: Dynamic PV (default fs)] subPath should support existing single file" classname="Kubernetes e2e suite" time="0">
          <skipped></skipped>
      </testcase>
      <testcase name="[sig-storage] In-tree Volumes [Driver: emptydir] [Testpattern: Dynamic PV (default fs)] subPath should support restarting containers using directory as subpath [Slow]" classname="Kubernetes e2e suite" time="0">
          <skipped></skipped>
      </testcase>
      <testcase name="[sig-storage] In-tree Volumes [Driver: hostPath] [Testpattern: Inline-volume (default fs)] subPath should support existing directories when readOnly specified in the volumeSource" classname="Kubernetes e2e suite" time="0">
          <skipped></skipped>
      </testcase>
      <testcase name="[sig-storage] In-tree Volumes [Driver: aws] [Testpattern: Pre-provisioned PV (default fs)] subPath should unmount if pod is force deleted while kubelet is down [Disruptive][Slow]" classname="Kubernetes e2e suite" time="0">
          <skipped></skipped>
      </testcase>
      <testcase name="[sig-storage] CSI Volumes [Driver: csi-hostpath-v0] [Testpattern: Dynamic PV (default fs)] subPath should unmount if pod is force deleted while kubelet is down [Disruptive][Slow]" classname="Kubernetes e2e suite" time="0">
          <skipped></skipped>
      </testcase>
      <testcase name="[sig-storage] In-tree Volumes [Driver: gluster] [Testpattern: Inline-volume (default fs)] subPath should be able to unmount after the subpath directory is deleted" classname="Kubernetes e2e suite" time="0">
          <skipped></skipped>
      </testcase>
      <testcase name="[sig-storage] Detaching volumes should not work when mount is in progress" classname="Kubernetes e2e suite" time="0">
          <skipped></skipped>
      </testcase>
      <testcase name="[sig-storage] In-tree Volumes [Driver: aws] [Testpattern: Inline-volume (ext4)] volumes should allow exec of files on the volume" classname="Kubernetes e2e suite" time="0">
          <skipped></skipped>
      </testcase>
      <testcase name="[sig-apps] ReplicaSet should serve a basic image on each replica with a private image" classname="Kubernetes e2e suite" time="0">
          <skipped></skipped>
      </testcase>
      <testcase name="[sig-storage] In-tree Volumes [Driver: ceph][Feature:Volumes] [Testpattern: Dynamic PV (default fs)] subPath should support readOnly file specified in the volumeMount" classname="Kubernetes e2e suite" time="0">
          <skipped></skipped>
      </testcase>
      <testcase name="[sig-cli] Kubectl client [k8s.io] Kubectl cluster-info should check if Kubernetes master services is included in cluster-info  [Conformance]" classname="Kubernetes e2e suite" time="8.250317686"></testcase>
      <testcase name="[sig-storage] In-tree Volumes [Driver: rbd][Feature:Volumes] [Testpattern: Pre-provisioned PV (xfs)] volumes should allow exec of files on the volume" classname="Kubernetes e2e suite" time="0">
          <skipped></skipped>
      </testcase>
      <testcase name="[sig-storage] In-tree Volumes [Driver: emptydir] [Testpattern: Pre-provisioned PV (default fs)] subPath should fail if subpath file is outside the volume [Slow]" classname="Kubernetes e2e suite" time="0">
          <skipped></skipped>
      </testcase>
      <testcase name="[sig-autoscaling] [HPA] Horizontal pod autoscaling (scale resource: Custom Metrics from Stackdriver) should scale down with External Metric with target average value from Stackdriver [Feature:CustomMetricsAutoscaling]" classname="Kubernetes e2e suite" time="0">
          <skipped></skipped>
      </testcase>
      <testcase name="[k8s.io] Docker Containers should be able to override the image&#39;s default arguments (docker cmd) [NodeConformance] [Conformance]" classname="Kubernetes e2e suite" time="12.149895208"></testcase>
      <testcase name="[sig-storage] CSI Volumes [Driver: csi-hostpath] [Testpattern: Dynamic PV (default fs)] subPath should support non-existent path" classname="Kubernetes e2e suite" time="0">
          <skipped></skipped>
      </testcase>
      <testcase name="[sig-cluster-lifecycle] Reboot [Disruptive] [Feature:Reboot] each node by switching off the network interface and ensure they function upon switch on" classname="Kubernetes e2e suite" time="0">
          <skipped></skipped>
      </testcase>
      <testcase name="[sig-storage] In-tree Volumes [Driver: ceph][Feature:Volumes] [Testpattern: Pre-provisioned PV (default fs)] subPath should unmount if pod is gracefully deleted while kubelet is down [Disruptive][Slow]" classname="Kubernetes e2e suite" time="0">
          <skipped></skipped>
      </testcase>
      <testcase name="[sig-network] [Feature:PerformanceDNS][Serial] Should answer DNS query for maximum number of services per cluster" classname="Kubernetes e2e suite" time="0">
          <skipped></skipped>
      </testcase>
      <testcase name="[sig-storage] CSI Volumes [Driver: csi-hostpath] [Testpattern: Dynamic PV (ext3)] volumes should allow exec of files on the volume" classname="Kubernetes e2e suite" time="0">
          <skipped></skipped>
      </testcase>
      <testcase name="[sig-storage] In-tree Volumes [Driver: rbd][Feature:Volumes] [Testpattern: Inline-volume (default fs)] subPath should be able to unmount after the subpath directory is deleted" classname="Kubernetes e2e suite" time="0">
          <skipped></skipped>
      </testcase>
      <testcase name="[sig-storage] In-tree Volumes [Driver: cinder] [Testpattern: Dynamic PV (default fs)] provisioning should provision storage with mount options" classname="Kubernetes e2e suite" time="0">
          <skipped></skipped>
      </testcase>
      <testcase name="[sig-storage] In-tree Volumes [Driver: nfs] [Testpattern: Inline-volume (default fs)] subPath should support restarting containers using directory as subpath [Slow]" classname="Kubernetes e2e suite" time="0">
          <skipped></skipped>
      </testcase>
      <testcase name="[sig-storage] PersistentVolumes-local  [Volume type: dir] Two pods mounting a local volume one after the other should be able to write from pod1 and read from pod2" classname="Kubernetes e2e suite" time="0">
          <skipped></skipped>
      </testcase>
      <testcase name="[sig-storage] In-tree Volumes [Driver: gluster] [Testpattern: Inline-volume (default fs)] subPath should unmount if pod is gracefully deleted while kubelet is down [Disruptive][Slow]" classname="Kubernetes e2e suite" time="0">
          <skipped></skipped>
      </testcase>
      <testcase name="[sig-storage] Storage Policy Based Volume Provisioning [Feature:vsphere] verify VSAN storage capability with valid objectSpaceReservation and iopsLimit values is honored for dynamically provisioned pvc using storageclass" classname="Kubernetes e2e suite" time="0">
          <skipped></skipped>
      </testcase>
      <testcase name="[sig-storage] In-tree Volumes [Driver: hostPathSymlink] [Testpattern: Inline-volume (default fs)] subPath should be able to unmount after the subpath directory is deleted" classname="Kubernetes e2e suite" time="0">
          <skipped></skipped>
      </testcase>
      <testcase name="[sig-apps] Daemon set [Serial] should run and stop complex daemon with node affinity" classname="Kubernetes e2e suite" time="0">
          <skipped></skipped>
      </testcase>
      <testcase name="[sig-autoscaling] Cluster size autoscaling [Slow] should scale down when expendable pod is running [Feature:ClusterSizeAutoscalingScaleDown]" classname="Kubernetes e2e suite" time="0">
          <skipped></skipped>
      </testcase>
      <testcase name="[sig-storage] vsphere statefulset vsphere statefulset testing" classname="Kubernetes e2e suite" time="0">
          <skipped></skipped>
      </testcase>
      <testcase name="[sig-storage] In-tree Volumes [Driver: gcepd] [Testpattern: Inline-volume (default fs)] subPath should support restarting containers using directory as subpath [Slow]" classname="Kubernetes e2e suite" time="0">
          <skipped></skipped>
      </testcase>
      <testcase name="[sig-storage] In-tree Volumes [Driver: hostPath] [Testpattern: Dynamic PV (default fs)] provisioning should provision storage with mount options" classname="Kubernetes e2e suite" time="0">
          <skipped></skipped>
      </testcase>
      <testcase name="[sig-storage] In-tree Volumes [Driver: vSphere] [Testpattern: Pre-provisioned PV (default fs)] subPath should unmount if pod is gracefully deleted while kubelet is down [Disruptive][Slow]" classname="Kubernetes e2e suite" time="0">
          <skipped></skipped>
      </testcase>
      <testcase name="[sig-storage] In-tree Volumes [Driver: gluster] [Testpattern: Inline-volume (default fs)] subPath should support existing single file" classname="Kubernetes e2e suite" time="0">
          <skipped></skipped>
      </testcase>
      <testcase name="[sig-storage] In-tree Volumes [Driver: gcepd] [Testpattern: Inline-volume (default fs)] volumes should be mountable" classname="Kubernetes e2e suite" time="0">
          <skipped></skipped>
      </testcase>
      <testcase name="[sig-storage] PersistentVolumes-local  Local volume that cannot be mounted [Slow] should fail due to non-existent path" classname="Kubernetes e2e suite" time="0">
          <skipped></skipped>
      </testcase>
      <testcase name="[sig-storage] In-tree Volumes [Driver: hostPathSymlink] [Testpattern: Pre-provisioned PV (ext3)] volumes should be mountable" classname="Kubernetes e2e suite" time="0">
          <skipped></skipped>
      </testcase>
      <testcase name="[sig-storage] In-tree Volumes [Driver: rbd][Feature:Volumes] [Testpattern: Pre-provisioned PV (default fs)] subPath should fail if subpath with backstepping is outside the volume [Slow]" classname="Kubernetes e2e suite" time="0">
          <skipped></skipped>
      </testcase>
      <testcase name="[sig-api-machinery] Aggregator Should be able to support the 1.10 Sample API Server using the current Aggregator" classname="Kubernetes e2e suite" time="0">
          <skipped></skipped>
      </testcase>
      <testcase name="[sig-storage] In-tree Volumes [Driver: nfs] [Testpattern: Inline-volume (default fs)] subPath should support existing directories when readOnly specified in the volumeSource" classname="Kubernetes e2e suite" time="0">
          <skipped></skipped>
      </testcase>
      <testcase name="[sig-storage] In-tree Volumes [Driver: rbd][Feature:Volumes] [Testpattern: Dynamic PV (default fs)] subPath should unmount if pod is gracefully deleted while kubelet is down [Disruptive][Slow]" classname="Kubernetes e2e suite" time="0">
          <skipped></skipped>
      </testcase>
      <testcase name="[sig-storage] In-tree Volumes [Driver: nfs] [Testpattern: Inline-volume (default fs)] subPath should support readOnly file specified in the volumeMount" classname="Kubernetes e2e suite" time="0">
          <skipped></skipped>
      </testcase>
      <testcase name="[sig-storage] PersistentVolumes-local  Pod with node different from PV&#39;s NodeAffinity should fail scheduling due to different NodeSelector" classname="Kubernetes e2e suite" time="0">
          <skipped></skipped>
      </testcase>
      <testcase name="[sig-storage] In-tree Volumes [Driver: ceph][Feature:Volumes] [Testpattern: Pre-provisioned PV (xfs)] volumes should be mountable" classname="Kubernetes e2e suite" time="0">
          <skipped></skipped>
      </testcase>
      <testcase name="[sig-storage] In-tree Volumes [Driver: hostPath] [Testpattern: Inline-volume (default fs)] volumeIO should write files of various sizes, verify size, validate content [Slow]" classname="Kubernetes e2e suite" time="0">
          <skipped></skipped>
      </testcase>
      <testcase name="[sig-api-machinery] Garbage collector should support cascading deletion of custom resources" classname="Kubernetes e2e suite" time="0">
          <skipped></skipped>
      </testcase>
      <testcase name="[k8s.io] Docker Containers should be able to override the image&#39;s default command and arguments [NodeConformance] [Conformance]" classname="Kubernetes e2e suite" time="12.146266799"></testcase>
      <testcase name="[sig-storage] In-tree Volumes [Driver: ceph][Feature:Volumes] [Testpattern: Dynamic PV (default fs)] subPath should support readOnly directory specified in the volumeMount" classname="Kubernetes e2e suite" time="0">
          <skipped></skipped>
      </testcase>
      <testcase name="[sig-storage] In-tree Volumes [Driver: gluster] [Testpattern: Dynamic PV (default fs)] subPath should fail if subpath with backstepping is outside the volume [Slow]" classname="Kubernetes e2e suite" time="0">
          <skipped></skipped>
      </testcase>
      <testcase name="[sig-storage] PersistentVolumes [Feature:ReclaimPolicy] [sig-storage] persistentvolumereclaim:vsphere should delete persistent volume when reclaimPolicy set to delete and associated claim is deleted" classname="Kubernetes e2e suite" time="0">
          <skipped></skipped>
      </testcase>
      <testcase name="[sig-storage] Projected configMap should be consumable from pods in volume as non-root [NodeConformance] [Conformance]" classname="Kubernetes e2e suite" time="12.241350888"></testcase>
      <testcase name="[sig-api-machinery] Etcd failure [Disruptive] should recover from SIGKILL" classname="Kubernetes e2e suite" time="0">
          <skipped></skipped>
      </testcase>
      <testcase name="[sig-storage] In-tree Volumes [Driver: hostPath] [Testpattern: Pre-provisioned PV (default fs)] subPath should support restarting containers using directory as subpath [Slow]" classname="Kubernetes e2e suite" time="0">
          <skipped></skipped>
      </testcase>
      <testcase name="[sig-storage] In-tree Volumes [Driver: cinder] [Testpattern: Inline-volume (default fs)] subPath should support file as subpath" classname="Kubernetes e2e suite" time="0">
          <skipped></skipped>
      </testcase>
      <testcase name="[sig-storage] In-tree Volumes [Driver: vSphere] [Testpattern: Inline-volume (default fs)] subPath should unmount if pod is gracefully deleted while kubelet is down [Disruptive][Slow]" classname="Kubernetes e2e suite" time="0">
          <skipped></skipped>
      </testcase>
      <testcase name="[k8s.io] Probing container should be restarted with a /healthz http liveness probe [NodeConformance] [Conformance]" classname="Kubernetes e2e suite" time="28.162231378"></testcase>
      <testcase name="[sig-storage] CSI Volumes [Driver: pd.csi.storage.gke.io][Feature: gcePD-external] [Testpattern: Dynamic PV (default fs)] subPath should be able to unmount after the subpath directory is deleted" classname="Kubernetes e2e suite" time="0">
          <skipped></skipped>
      </testcase>
      <testcase name="[sig-storage] In-tree Volumes [Driver: vSphere] [Testpattern: Pre-provisioned PV (default fs)] subPath should fail if subpath file is outside the volume [Slow]" classname="Kubernetes e2e suite" time="0">
          <skipped></skipped>
      </testcase>
      <testcase name="[sig-cli] Kubectl client [k8s.io] Kubectl version should check is all data is printed  [Conformance]" classname="Kubernetes e2e suite" time="8.10023489"></testcase>
      <testcase name="[sig-storage] PersistentVolumes-local  Local volume that cannot be mounted [Slow] should fail due to wrong node" classname="Kubernetes e2e suite" time="0">
          <skipped></skipped>
      </testcase>
      <testcase name="[sig-network] Services should only allow access from service loadbalancer source ranges [Slow]" classname="Kubernetes e2e suite" time="0">
          <skipped></skipped>
      </testcase>
      <testcase name="[sig-storage] In-tree Volumes [Driver: cinder] [Testpattern: Pre-provisioned PV (default fs)] subPath should support readOnly directory specified in the volumeMount" classname="Kubernetes e2e suite" time="0">
          <skipped></skipped>
      </testcase>
      <testcase name="[sig-storage] In-tree Volumes [Driver: iscsi][Feature:Volumes] [Testpattern: Pre-provisioned PV (default fs)] volumes should allow exec of files on the volume" classname="Kubernetes e2e suite" time="0">
          <skipped></skipped>
      </testcase>
      <testcase name="[sig-api-machinery] Watchers should observe add, update, and delete watch notifications on configmaps [Conformance]" classname="Kubernetes e2e suite" time="68.201732679"></testcase>
      <testcase name="[sig-storage] In-tree Volumes [Driver: gcepd] [Testpattern: Inline-volume (ext3)] volumes should allow exec of files on the volume" classname="Kubernetes e2e suite" time="0">
          <skipped></skipped>
      </testcase>
      <testcase name="[sig-storage] Storage Policy Based Volume Provisioning [Feature:vsphere] verify an if a SPBM policy and VSAN capabilities cannot be honored for dynamically provisioned pvc using storageclass" classname="Kubernetes e2e suite" time="0">
          <skipped></skipped>
      </testcase>
      <testcase name="[sig-storage] In-tree Volumes [Driver: azure] [Testpattern: Pre-provisioned PV (default fs)] subPath should support existing directory" classname="Kubernetes e2e suite" time="0">
          <skipped></skipped>
      </testcase>
      <testcase name="[sig-storage] In-tree Volumes [Driver: iscsi][Feature:Volumes] [Testpattern: Inline-volume (xfs)] volumes should be mountable" classname="Kubernetes e2e suite" time="0">
          <skipped></skipped>
      </testcase>
      <testcase name="[sig-storage] Projected secret should be consumable from pods in volume with mappings and Item Mode set [NodeConformance] [Conformance]" classname="Kubernetes e2e suite" time="40.897597794"></testcase>
      <testcase name="[sig-storage] Storage Policy Based Volume Provisioning [Feature:vsphere] verify VSAN storage capability with invalid capability name objectSpaceReserve is not honored for dynamically provisioned pvc using storageclass" classname="Kubernetes e2e suite" time="0">
          <skipped></skipped>
      </testcase>
      <testcase name="[k8s.io] Kubelet when scheduling a busybox command that always fails in a pod should be possible to delete [NodeConformance] [Conformance]" classname="Kubernetes e2e suite" time="23.969456666"></testcase>
      <testcase name="[sig-storage] PersistentVolumes [Feature:LabelSelector] [sig-storage] Selector-Label Volume Binding:vsphere should bind volume with claim for given label" classname="Kubernetes e2e suite" time="0">
          <skipped></skipped>
      </testcase>
      <testcase name="[sig-storage] PersistentVolumes-local  [Volume type: dir-bindmounted] One pod requesting one prebound PVC should be able to mount volume and write from pod1" classname="Kubernetes e2e suite" time="0">
          <skipped></skipped>
      </testcase>
      <testcase name="[sig-storage] Storage Policy Based Volume Provisioning [Feature:vsphere] verify VSAN storage capability with valid diskStripes and objectSpaceReservation values and a VSAN datastore is honored for dynamically provisioned pvc using storageclass" classname="Kubernetes e2e suite" time="0">
          <skipped></skipped>
      </testcase>
      <testcase name="[sig-storage] In-tree Volumes [Driver: ceph][Feature:Volumes] [Testpattern: Pre-provisioned PV (default fs)] subPath should fail if subpath directory is outside the volume [Slow]" classname="Kubernetes e2e suite" time="0">
          <skipped></skipped>
      </testcase>
      <testcase name="[sig-storage] In-tree Volumes [Driver: ceph][Feature:Volumes] [Testpattern: Inline-volume (default fs)] subPath should support non-existent path" classname="Kubernetes e2e suite" time="0">
          <skipped></skipped>
      </testcase>
      <testcase name="[sig-storage] In-tree Volumes [Driver: aws] [Testpattern: Dynamic PV (default fs)] volumes should be mountable" classname="Kubernetes e2e suite" time="0">
          <skipped></skipped>
      </testcase>
      <testcase name="[k8s.io] Cluster size autoscaler scalability [Slow] should scale up twice [Feature:ClusterAutoscalerScalability2]" classname="Kubernetes e2e suite" time="0">
          <skipped></skipped>
      </testcase>
      <testcase name="[sig-storage] In-tree Volumes [Driver: rbd][Feature:Volumes] [Testpattern: Dynamic PV (default fs)] volumeIO should write files of various sizes, verify size, validate content [Slow]" classname="Kubernetes e2e suite" time="0">
          <skipped></skipped>
      </testcase>
      <testcase name="[sig-storage] In-tree Volumes [Driver: nfs] [Testpattern: Dynamic PV (ext3)] volumes should allow exec of files on the volume" classname="Kubernetes e2e suite" time="0">
          <skipped></skipped>
      </testcase>
      <testcase name="[sig-autoscaling] Cluster size autoscaling [Slow] Should be able to scale a node group up from 0[Feature:ClusterSizeAutoscalingScaleUp]" classname="Kubernetes e2e suite" time="0">
          <skipped></skipped>
      </testcase>
      <testcase name="[sig-storage] In-tree Volumes [Driver: gcepd] [Testpattern: Pre-provisioned PV (default fs)] subPath should support restarting containers using directory as subpath [Slow]" classname="Kubernetes e2e suite" time="0">
          <skipped></skipped>
      </testcase>
      <testcase name="[sig-storage] In-tree Volumes [Driver: azure] [Testpattern: Dynamic PV (default fs)] subPath should support creating multiple subpath from same volumes [Slow]" classname="Kubernetes e2e suite" time="0">
          <skipped></skipped>
      </testcase>
      <testcase name="[sig-storage] In-tree Volumes [Driver: gluster] [Testpattern: Pre-provisioned PV (default fs)] volumeIO should write files of various sizes, verify size, validate content [Slow]" classname="Kubernetes e2e suite" time="0">
          <skipped></skipped>
      </testcase>
      <testcase name="[sig-storage] In-tree Volumes [Driver: rbd][Feature:Volumes] [Testpattern: Pre-provisioned PV (filesystem volmode)] volumeMode should create sc, pod, pv, and pvc, read/write to the pv, and delete all created resources" classname="Kubernetes e2e suite" time="0">
          <skipped></skipped>
      </testcase>
      <testcase name="[sig-storage] In-tree Volumes [Driver: cinder] [Testpattern: Inline-volume (default fs)] subPath should unmount if pod is force deleted while kubelet is down [Disruptive][Slow]" classname="Kubernetes e2e suite" time="0">
          <skipped></skipped>
      </testcase>
      <testcase name="[sig-storage] In-tree Volumes [Driver: aws] [Testpattern: Pre-provisioned PV (filesystem volmode)] volumeMode should create sc, pod, pv, and pvc, read/write to the pv, and delete all created resources" classname="Kubernetes e2e suite" time="0">
          <skipped></skipped>
      </testcase>
      <testcase name="[sig-storage] PersistentVolumes-local  [Volume type: gce-localssd-scsi-fs] [Serial] One pod requesting one prebound PVC should be able to mount volume and write from pod1" classname="Kubernetes e2e suite" time="0">
          <skipped></skipped>
      </testcase>
      <testcase name="[k8s.io] Container Runtime blackbox test when running a container with a new image should not be able to pull image from invalid registry [NodeConformance]" classname="Kubernetes e2e suite" time="0">
          <skipped></skipped>
      </testcase>
      <testcase name="[sig-storage] CSI Volumes [Driver: pd.csi.storage.gke.io][Feature: gcePD-external] [Testpattern: Dynamic PV (default fs)] subPath should support readOnly directory specified in the volumeMount" classname="Kubernetes e2e suite" time="0">
          <skipped></skipped>
      </testcase>
      <testcase name="[sig-storage] In-tree Volumes [Driver: gluster] [Testpattern: Pre-provisioned PV (ext4)] volumes should be mountable" classname="Kubernetes e2e suite" time="0">
          <skipped></skipped>
      </testcase>
      <testcase name="[sig-storage] In-tree Volumes [Driver: iscsi][Feature:Volumes] [Testpattern: Dynamic PV (default fs)] volumeIO should write files of various sizes, verify size, validate content [Slow]" classname="Kubernetes e2e suite" time="0">
          <skipped></skipped>
      </testcase>
      <testcase name="[sig-autoscaling] Cluster size autoscaling [Slow] should correctly scale down after a node is not needed when there is non autoscaled pool[Feature:ClusterSizeAutoscalingScaleDown]" classname="Kubernetes e2e suite" time="0">
          <skipped></skipped>
      </testcase>
      <testcase name="[sig-cli] Kubectl Port forwarding [k8s.io] With a server listening on 0.0.0.0 [k8s.io] that expects a client request should support a client that connects, sends NO DATA, and disconnects" classname="Kubernetes e2e suite" time="0">
          <skipped></skipped>
      </testcase>
      <testcase name="[sig-scalability] Load capacity [Feature:ManualPerformance] should be able to handle 30 pods per node Deployment.extensions with 0 secrets, 2 configmaps and 0 daemons" classname="Kubernetes e2e suite" time="0">
          <skipped></skipped>
      </testcase>
      <testcase name="[sig-scheduling] Multi-AZ Clusters should spread the pods of a replication controller across zones" classname="Kubernetes e2e suite" time="0">
          <skipped></skipped>
      </testcase>
      <testcase name="[sig-storage] In-tree Volumes [Driver: nfs] [Testpattern: Dynamic PV (default fs)] volumeIO should write files of various sizes, verify size, validate content [Slow]" classname="Kubernetes e2e suite" time="0">
          <skipped></skipped>
      </testcase>
      <testcase name="[k8s.io] [sig-node] Security Context [Feature:SecurityContext] should support pod.Spec.SecurityContext.SupplementalGroups" classname="Kubernetes e2e suite" time="0">
          <skipped></skipped>
      </testcase>
      <testcase name="[sig-storage] In-tree Volumes [Driver: vSphere] [Testpattern: Inline-volume (default fs)] subPath should fail if subpath with backstepping is outside the volume [Slow]" classname="Kubernetes e2e suite" time="0">
          <skipped></skipped>
      </testcase>
      <testcase name="[sig-storage] CSI Volumes [Driver: csi-hostpath-v0] [Testpattern: Dynamic PV (ext3)] volumes should allow exec of files on the volume" classname="Kubernetes e2e suite" time="0">
          <skipped></skipped>
      </testcase>
      <testcase name="[sig-storage] CSI Volumes [Driver: csi-hostpath] [Testpattern: Dynamic PV (block volmode)] volumeMode should fail in binding dynamic provisioned PV to PVC" classname="Kubernetes e2e suite" time="0">
          <skipped></skipped>
      </testcase>
      <testcase name="[sig-storage] In-tree Volumes [Driver: ceph][Feature:Volumes] [Testpattern: Inline-volume (default fs)] subPath should support existing directory" classname="Kubernetes e2e suite" time="0">
          <skipped></skipped>
      </testcase>
      <testcase name="[k8s.io] [sig-node] Kubelet [Serial] [Slow] [k8s.io] [sig-node] regular resource usage tracking resource tracking for 100 pods per node" classname="Kubernetes e2e suite" time="0">
          <skipped></skipped>
      </testcase>
      <testcase name="[sig-storage] In-tree Volumes [Driver: hostPath] [Testpattern: Inline-volume (ext4)] volumes should allow exec of files on the volume" classname="Kubernetes e2e suite" time="0">
          <skipped></skipped>
      </testcase>
      <testcase name="[sig-storage] In-tree Volumes [Driver: iscsi][Feature:Volumes] [Testpattern: Pre-provisioned PV (default fs)] subPath should fail if non-existent subpath is outside the volume [Slow]" classname="Kubernetes e2e suite" time="0">
          <skipped></skipped>
      </testcase>
      <testcase name="[sig-storage] Projected secret should be consumable from pods in volume with defaultMode set [NodeConformance] [Conformance]" classname="Kubernetes e2e suite" time="12.314655148"></testcase>
      <testcase name="[sig-storage] In-tree Volumes [Driver: hostPathSymlink] [Testpattern: Dynamic PV (default fs)] subPath should be able to unmount after the subpath directory is deleted" classname="Kubernetes e2e suite" time="0">
          <skipped></skipped>
      </testcase>
      <testcase name="[sig-storage] In-tree Volumes [Driver: aws] [Testpattern: Pre-provisioned PV (default fs)] subPath should fail if subpath file is outside the volume [Slow]" classname="Kubernetes e2e suite" time="0">
          <skipped></skipped>
      </testcase>
      <testcase name="[sig-storage] CSI Volumes [Driver: pd.csi.storage.gke.io][Feature: gcePD-external] [Testpattern: Dynamic PV (default fs)] subPath should support readOnly file specified in the volumeMount" classname="Kubernetes e2e suite" time="0">
          <skipped></skipped>
      </testcase>
      <testcase name="[sig-apps] Job should run a job to completion when tasks sometimes fail and are locally restarted" classname="Kubernetes e2e suite" time="0">
          <skipped></skipped>
      </testcase>
      <testcase name="[sig-scheduling] ResourceQuota should verify ResourceQuota with best effort scope." classname="Kubernetes e2e suite" time="0">
          <skipped></skipped>
      </testcase>
      <testcase name="[sig-storage] CSI Volumes [Driver: pd.csi.storage.gke.io][Serial] [Testpattern: Dynamic PV (default fs)] volumes should be mountable" classname="Kubernetes e2e suite" time="0">
          <skipped></skipped>
      </testcase>
      <testcase name="[sig-api-machinery] Garbage collector should orphan pods created by rc if deleteOptions.OrphanDependents is nil" classname="Kubernetes e2e suite" time="0">
          <skipped></skipped>
      </testcase>
      <testcase name="[sig-storage] CSI Volumes [Driver: pd.csi.storage.gke.io][Feature: gcePD-external] [Testpattern: Dynamic PV (ext3)] volumes should allow exec of files on the volume" classname="Kubernetes e2e suite" time="0">
          <skipped></skipped>
      </testcase>
      <testcase name="[sig-storage] In-tree Volumes [Driver: aws] [Testpattern: Dynamic PV (default fs)] subPath should fail if subpath directory is outside the volume [Slow]" classname="Kubernetes e2e suite" time="0">
          <skipped></skipped>
      </testcase>
      <testcase name="[sig-network] NetworkPolicy NetworkPolicy between server and client should enforce policy based on Ports [Feature:NetworkPolicy]" classname="Kubernetes e2e suite" time="0">
          <skipped></skipped>
      </testcase>
      <testcase name="[sig-storage] In-tree Volumes [Driver: rbd][Feature:Volumes] [Testpattern: Pre-provisioned PV (ext3)] volumes should be mountable" classname="Kubernetes e2e suite" time="0">
          <skipped></skipped>
      </testcase>
      <testcase name="[sig-storage] In-tree Volumes [Driver: vSphere] [Testpattern: Inline-volume (default fs)] subPath should support existing directory" classname="Kubernetes e2e suite" time="0">
          <skipped></skipped>
      </testcase>
      <testcase name="[sig-storage] In-tree Volumes [Driver: hostPathSymlink] [Testpattern: Pre-provisioned PV (default fs)] volumeIO should write files of various sizes, verify size, validate content [Slow]" classname="Kubernetes e2e suite" time="0">
          <skipped></skipped>
      </testcase>
      <testcase name="[sig-storage] In-tree Volumes [Driver: nfs] [Testpattern: Inline-volume (ext4)] volumes should be mountable" classname="Kubernetes e2e suite" time="0">
          <skipped></skipped>
      </testcase>
      <testcase name="[sig-network] Services should check NodePort out-of-range" classname="Kubernetes e2e suite" time="0">
          <skipped></skipped>
      </testcase>
      <testcase name="[sig-storage] In-tree Volumes [Driver: iscsi][Feature:Volumes] [Testpattern: Inline-volume (default fs)] subPath should fail if subpath file is outside the volume [Slow]" classname="Kubernetes e2e suite" time="0">
          <skipped></skipped>
      </testcase>
      <testcase name="[sig-storage] In-tree Volumes [Driver: aws] [Testpattern: Dynamic PV (default fs)] provisioning should create and delete block persistent volumes" classname="Kubernetes e2e suite" time="0">
          <skipped></skipped>
      </testcase>
      <testcase name="[sig-storage] In-tree Volumes [Driver: nfs] [Testpattern: Pre-provisioned PV (default fs)] volumes should be mountable" classname="Kubernetes e2e suite" time="0">
          <skipped></skipped>
      </testcase>
      <testcase name="[k8s.io] Variable Expansion should allow substituting values in a container&#39;s command [NodeConformance] [Conformance]" classname="Kubernetes e2e suite" time="24.686089517"></testcase>
      <testcase name="[sig-apps] ReplicationController should adopt matching pods on creation [Conformance]" classname="Kubernetes e2e suite" time="32.001260522"></testcase>
      <testcase name="[sig-network] Services should be able to up and down services" classname="Kubernetes e2e suite" time="0">
          <skipped></skipped>
      </testcase>
      <testcase name="[k8s.io] Pods should support remote command execution over websockets [NodeConformance] [Conformance]" classname="Kubernetes e2e suite" time="52.410524961"></testcase>
      <testcase name="[sig-apps] Network Partition [Disruptive] [Slow] [k8s.io] [StatefulSet] should come back up if node goes down [Slow] [Disruptive]" classname="Kubernetes e2e suite" time="0">
          <skipped></skipped>
      </testcase>
      <testcase name="[sig-storage] PV Protection Verify that PV bound to a PVC is not removed immediately" classname="Kubernetes e2e suite" time="0">
          <skipped></skipped>
      </testcase>
      <testcase name="[sig-storage] Downward API volume should update labels on modification [NodeConformance] [Conformance]" classname="Kubernetes e2e suite" time="32.731734801"></testcase>
      <testcase name="[sig-storage] In-tree Volumes [Driver: aws] [Testpattern: Pre-provisioned PV (default fs)] subPath should support restarting containers using file as subpath [Slow]" classname="Kubernetes e2e suite" time="0">
          <skipped></skipped>
      </testcase>
      <testcase name="[sig-storage] In-tree Volumes [Driver: hostPath] [Testpattern: Pre-provisioned PV (xfs)] volumes should be mountable" classname="Kubernetes e2e suite" time="0">
          <skipped></skipped>
      </testcase>
      <testcase name="[sig-storage] Projected configMap updates should be reflected in volume [NodeConformance] [Conformance]" classname="Kubernetes e2e suite" time="93.320951569"></testcase>
      <testcase name="[sig-scheduling] LimitRange should create a LimitRange with defaults and ensure pod has those defaults applied." classname="Kubernetes e2e suite" time="0">
          <skipped></skipped>
      </testcase>
      <testcase name="[sig-storage] In-tree Volumes [Driver: iscsi][Feature:Volumes] [Testpattern: Dynamic PV (ext4)] volumes should allow exec of files on the volume" classname="Kubernetes e2e suite" time="0">
          <skipped></skipped>
      </testcase>
      <testcase name="[sig-storage] In-tree Volumes [Driver: nfs] [Testpattern: Dynamic PV (default fs)] subPath should fail if subpath directory is outside the volume [Slow]" classname="Kubernetes e2e suite" time="0">
          <skipped></skipped>
      </testcase>
      <testcase name="[sig-storage] In-tree Volumes [Driver: hostPath] [Testpattern: Pre-provisioned PV (ext4)] volumes should allow exec of files on the volume" classname="Kubernetes e2e suite" time="0">
          <skipped></skipped>
      </testcase>
      <testcase name="[sig-storage] In-tree Volumes [Driver: hostPath] [Testpattern: Dynamic PV (default fs)] subPath should support existing directory" classname="Kubernetes e2e suite" time="0">
          <skipped></skipped>
      </testcase>
      <testcase name="[sig-storage] In-tree Volumes [Driver: hostPathSymlink] [Testpattern: Inline-volume (default fs)] volumes should be mountable" classname="Kubernetes e2e suite" time="0">
          <skipped></skipped>
      </testcase>
      <testcase name="[sig-storage] In-tree Volumes [Driver: iscsi][Feature:Volumes] [Testpattern: Pre-provisioned PV (ext4)] volumes should allow exec of files on the volume" classname="Kubernetes e2e suite" time="0">
          <skipped></skipped>
      </testcase>
      <testcase name="[sig-storage] In-tree Volumes [Driver: aws] [Testpattern: Inline-volume (default fs)] subPath should fail if non-existent subpath is outside the volume [Slow]" classname="Kubernetes e2e suite" time="0">
          <skipped></skipped>
      </testcase>
      <testcase name="[sig-storage] PersistentVolumes NFS with multiple PVs and PVCs all in same ns should create 3 PVs and 3 PVCs: test write access" classname="Kubernetes e2e suite" time="0">
          <skipped></skipped>
      </testcase>
      <testcase name="[sig-storage] In-tree Volumes [Driver: ceph][Feature:Volumes] [Testpattern: Dynamic PV (ext4)] volumes should be mountable" classname="Kubernetes e2e suite" time="0">
          <skipped></skipped>
      </testcase>
      <testcase name="[sig-storage] CSI Volumes [Driver: csi-hostpath] [Testpattern: Dynamic PV (default fs)] subPath should fail if subpath file is outside the volume [Slow]" classname="Kubernetes e2e suite" time="0">
          <skipped></skipped>
      </testcase>
      <testcase name="[sig-storage] In-tree Volumes [Driver: azure] [Testpattern: Pre-provisioned PV (default fs)] subPath should be able to unmount after the subpath directory is deleted" classname="Kubernetes e2e suite" time="0">
          <skipped></skipped>
      </testcase>
      <testcase name="[sig-network] Services should reconcile LB health check interval [Slow][Serial]" classname="Kubernetes e2e suite" time="0">
          <skipped></skipped>
      </testcase>
      <testcase name="[sig-storage] Projected configMap should be consumable from pods in volume with defaultMode set [NodeConformance] [Conformance]" classname="Kubernetes e2e suite" time="12.102891067"></testcase>
      <testcase name="[sig-storage] In-tree Volumes [Driver: vSphere] [Testpattern: Inline-volume (xfs)] volumes should allow exec of files on the volume" classname="Kubernetes e2e suite" time="0">
          <skipped></skipped>
      </testcase>
      <testcase name="[sig-api-machinery] Servers with support for Table transformation should return pod details" classname="Kubernetes e2e suite" time="0">
          <skipped></skipped>
      </testcase>
      <testcase name="[sig-storage] In-tree Volumes [Driver: ceph][Feature:Volumes] [Testpattern: Pre-provisioned PV (default fs)] subPath should unmount if pod is force deleted while kubelet is down [Disruptive][Slow]" classname="Kubernetes e2e suite" time="0">
          <skipped></skipped>
      </testcase>
      <testcase name="[sig-storage] PersistentVolumes-local  [Volume type: blockfswithformat] Set fsGroup for local volume should not set different fsGroups for two pods simultaneously" classname="Kubernetes e2e suite" time="0">
          <skipped></skipped>
      </testcase>
      <testcase name="[sig-storage] In-tree Volumes [Driver: azure] [Testpattern: Pre-provisioned PV (default fs)] subPath should unmount if pod is gracefully deleted while kubelet is down [Disruptive][Slow]" classname="Kubernetes e2e suite" time="0">
          <skipped></skipped>
      </testcase>
      <testcase name="[sig-autoscaling] Cluster size autoscaling [Slow] should increase cluster size if pending pods are small [Feature:ClusterSizeAutoscalingScaleUp]" classname="Kubernetes e2e suite" time="0">
          <skipped></skipped>
      </testcase>
      <testcase name="[sig-storage] In-tree Volumes [Driver: iscsi][Feature:Volumes] [Testpattern: Dynamic PV (default fs)] subPath should be able to unmount after the subpath directory is deleted" classname="Kubernetes e2e suite" time="0">
          <skipped></skipped>
      </testcase>
      <testcase name="[sig-storage] In-tree Volumes [Driver: nfs] [Testpattern: Dynamic PV (default fs)] volumes should be mountable" classname="Kubernetes e2e suite" time="0">
          <skipped></skipped>
      </testcase>
      <testcase name="[sig-storage] In-tree Volumes [Driver: emptydir] [Testpattern: Pre-provisioned PV (ext3)] volumes should be mountable" classname="Kubernetes e2e suite" time="0">
          <skipped></skipped>
      </testcase>
      <testcase name="[sig-storage] In-tree Volumes [Driver: aws] [Testpattern: Dynamic PV (default fs)] subPath should support non-existent path" classname="Kubernetes e2e suite" time="0">
          <skipped></skipped>
      </testcase>
      <testcase name="[sig-storage] Volume Disk Format [Feature:vsphere] verify disk format type - eagerzeroedthick is honored for dynamically provisioned pv using storageclass" classname="Kubernetes e2e suite" time="0">
          <skipped></skipped>
      </testcase>
      <testcase name="[sig-storage] In-tree Volumes [Driver: emptydir] [Testpattern: Dynamic PV (default fs)] subPath should support readOnly directory specified in the volumeMount" classname="Kubernetes e2e suite" time="0">
          <skipped></skipped>
      </testcase>
      <testcase name="[sig-node] Downward API should provide container&#39;s limits.cpu/memory and requests.cpu/memory as env vars [NodeConformance] [Conformance]" classname="Kubernetes e2e suite" time="12.092657642"></testcase>
      <testcase name="[sig-instrumentation] Stackdriver Monitoring should have accelerator metrics [Feature:StackdriverAcceleratorMonitoring]" classname="Kubernetes e2e suite" time="0">
          <skipped></skipped>
      </testcase>
      <testcase name="[sig-storage] In-tree Volumes [Driver: rbd][Feature:Volumes] [Testpattern: Inline-volume (default fs)] subPath should support file as subpath" classname="Kubernetes e2e suite" time="0">
          <skipped></skipped>
      </testcase>
      <testcase name="[sig-storage] In-tree Volumes [Driver: hostPath] [Testpattern: Inline-volume (default fs)] subPath should support file as subpath" classname="Kubernetes e2e suite" time="0">
          <skipped></skipped>
      </testcase>
      <testcase name="[sig-storage] In-tree Volumes [Driver: gluster] [Testpattern: Pre-provisioned PV (xfs)] volumes should be mountable" classname="Kubernetes e2e suite" time="0">
          <skipped></skipped>
      </testcase>
      <testcase name="[sig-storage] PersistentVolumes-local  [Volume type: dir-link-bindmounted] Set fsGroup for local volume should set same fsGroup for two pods simultaneously" classname="Kubernetes e2e suite" time="0">
          <skipped></skipped>
      </testcase>
      <testcase name="[sig-storage] PersistentVolumes-local  [Volume type: blockfswithoutformat] Two pods mounting a local volume at the same time should be able to write from pod1 and read from pod2" classname="Kubernetes e2e suite" time="0">
          <skipped></skipped>
      </testcase>
      <testcase name="[sig-storage] In-tree Volumes [Driver: hostPathSymlink] [Testpattern: Pre-provisioned PV (default fs)] subPath should support existing single file" classname="Kubernetes e2e suite" time="0">
          <skipped></skipped>
      </testcase>
      <testcase name="[sig-storage] In-tree Volumes [Driver: gluster] [Testpattern: Dynamic PV (block volmode)] volumeMode should fail in binding dynamic provisioned PV to PVC" classname="Kubernetes e2e suite" time="0">
          <skipped></skipped>
      </testcase>
      <testcase name="[sig-storage] In-tree Volumes [Driver: vSphere] [Testpattern: Pre-provisioned PV (default fs)] volumes should be mountable" classname="Kubernetes e2e suite" time="0">
          <skipped></skipped>
      </testcase>
      <testcase name="[sig-storage] In-tree Volumes [Driver: gcepd] [Testpattern: Dynamic PV (default fs)] subPath should unmount if pod is gracefully deleted while kubelet is down [Disruptive][Slow]" classname="Kubernetes e2e suite" time="0">
          <skipped></skipped>
      </testcase>
      <testcase name="[sig-storage] In-tree Volumes [Driver: emptydir] [Testpattern: Pre-provisioned PV (default fs)] volumes should allow exec of files on the volume" classname="Kubernetes e2e suite" time="0">
          <skipped></skipped>
      </testcase>
      <testcase name="[sig-apps] CronJob should replace jobs when ReplaceConcurrent" classname="Kubernetes e2e suite" time="0">
          <skipped></skipped>
      </testcase>
      <testcase name="[sig-storage] In-tree Volumes [Driver: nfs] [Testpattern: Dynamic PV (xfs)] volumes should allow exec of files on the volume" classname="Kubernetes e2e suite" time="0">
          <skipped></skipped>
      </testcase>
      <testcase name="[sig-storage] In-tree Volumes [Driver: rbd][Feature:Volumes] [Testpattern: Pre-provisioned PV (default fs)] subPath should support existing single file" classname="Kubernetes e2e suite" time="0">
          <skipped></skipped>
      </testcase>
      <testcase name="[sig-storage] In-tree Volumes [Driver: aws] [Testpattern: Pre-provisioned PV (default fs)] subPath should be able to unmount after the subpath directory is deleted" classname="Kubernetes e2e suite" time="0">
          <skipped></skipped>
      </testcase>
      <testcase name="[sig-storage] In-tree Volumes [Driver: gluster] [Testpattern: Pre-provisioned PV (default fs)] subPath should fail if subpath with backstepping is outside the volume [Slow]" classname="Kubernetes e2e suite" time="0">
          <skipped></skipped>
      </testcase>
      <testcase name="[sig-storage] In-tree Volumes [Driver: rbd][Feature:Volumes] [Testpattern: Dynamic PV (default fs)] subPath should support restarting containers using file as subpath [Slow]" classname="Kubernetes e2e suite" time="0">
          <skipped></skipped>
      </testcase>
      <testcase name="[sig-storage] In-tree Volumes [Driver: hostPath] [Testpattern: Pre-provisioned PV (xfs)] volumes should allow exec of files on the volume" classname="Kubernetes e2e suite" time="0">
          <skipped></skipped>
      </testcase>
      <testcase name="[sig-network] Services should be able to create an internal type load balancer [Slow] [DisabledForLargeClusters]" classname="Kubernetes e2e suite" time="0">
          <skipped></skipped>
      </testcase>
      <testcase name="[sig-storage] In-tree Volumes [Driver: ceph][Feature:Volumes] [Testpattern: Pre-provisioned PV (ext3)] volumes should be mountable" classname="Kubernetes e2e suite" time="0">
          <skipped></skipped>
      </testcase>
      <testcase name="[sig-storage] [Serial] Volume metrics should create metrics for total time taken in volume operations in P/V Controller" classname="Kubernetes e2e suite" time="0">
          <skipped></skipped>
      </testcase>
      <testcase name="[sig-storage] In-tree Volumes [Driver: vSphere] [Testpattern: Dynamic PV (default fs)] subPath should support non-existent path" classname="Kubernetes e2e suite" time="0">
          <skipped></skipped>
      </testcase>
      <testcase name="[sig-apps] StatefulSet [k8s.io] Basic StatefulSet functionality [StatefulSetBasic] should adopt matching orphans and release non-matching pods" classname="Kubernetes e2e suite" time="0">
          <skipped></skipped>
      </testcase>
      <testcase name="[sig-instrumentation] [Feature:PrometheusMonitoring] Prometheus should scrape metrics from annotated services." classname="Kubernetes e2e suite" time="0">
          <skipped></skipped>
      </testcase>
      <testcase name="[sig-storage] In-tree Volumes [Driver: hostPath] [Testpattern: Inline-volume (default fs)] subPath should support existing directory" classname="Kubernetes e2e suite" time="0">
          <skipped></skipped>
      </testcase>
      <testcase name="[sig-cli] Kubectl client [k8s.io] Update Demo should scale a replication controller  [Conformance]" classname="Kubernetes e2e suite" time="50.641708519"></testcase>
      <testcase name="[sig-storage] In-tree Volumes [Driver: hostPath] [Testpattern: Pre-provisioned PV (default fs)] subPath should support non-existent path" classname="Kubernetes e2e suite" time="0">
          <skipped></skipped>
      </testcase>
      <testcase name="[sig-storage] In-tree Volumes [Driver: gluster] [Testpattern: Dynamic PV (ext4)] volumes should be mountable" classname="Kubernetes e2e suite" time="0">
          <skipped></skipped>
      </testcase>
      <testcase name="[sig-apps] Daemon set [Serial] should update pod when spec was updated and update strategy is RollingUpdate [Conformance]" classname="Kubernetes e2e suite" time="115.053561825"></testcase>
      <testcase name="[sig-cluster-lifecycle] [Feature:BootstrapTokens] should resign the bootstrap tokens when the clusterInfo ConfigMap updated [Serial][Disruptive]" classname="Kubernetes e2e suite" time="0">
          <skipped></skipped>
      </testcase>
      <testcase name="[sig-storage] In-tree Volumes [Driver: gluster] [Testpattern: Dynamic PV (default fs)] subPath should support existing directory" classname="Kubernetes e2e suite" time="0">
          <skipped></skipped>
      </testcase>
      <testcase name="[sig-storage] In-tree Volumes [Driver: aws] [Testpattern: Inline-volume (default fs)] subPath should unmount if pod is force deleted while kubelet is down [Disruptive][Slow]" classname="Kubernetes e2e suite" time="0">
          <skipped></skipped>
      </testcase>
      <testcase name="[sig-api-machinery] Etcd failure [Disruptive] should recover from network partition with master" classname="Kubernetes e2e suite" time="0">
          <skipped></skipped>
      </testcase>
      <testcase name="[sig-instrumentation] Stackdriver Monitoring should have cluster metrics [Feature:StackdriverMonitoring]" classname="Kubernetes e2e suite" time="0">
          <skipped></skipped>
      </testcase>
      <testcase name="[sig-storage] In-tree Volumes [Driver: hostPath] [Testpattern: Inline-volume (default fs)] subPath should support creating multiple subpath from same volumes [Slow]" classname="Kubernetes e2e suite" time="0">
          <skipped></skipped>
      </testcase>
      <testcase name="[sig-storage] In-tree Volumes [Driver: cinder] [Testpattern: Pre-provisioned PV (default fs)] subPath should support restarting containers using file as subpath [Slow]" classname="Kubernetes e2e suite" time="0">
          <skipped></skipped>
      </testcase>
      <testcase name="[sig-storage] In-tree Volumes [Driver: vSphere] [Testpattern: Inline-volume (default fs)] subPath should support existing directories when readOnly specified in the volumeSource" classname="Kubernetes e2e suite" time="0">
          <skipped></skipped>
      </testcase>
      <testcase name="[sig-storage] In-tree Volumes [Driver: gcepd] [Testpattern: Dynamic PV (default fs)] provisioning should provision storage with mount options" classname="Kubernetes e2e suite" time="0">
          <skipped></skipped>
      </testcase>
      <testcase name="[k8s.io] Cluster size autoscaler scalability [Slow] should scale down empty nodes [Feature:ClusterAutoscalerScalability3]" classname="Kubernetes e2e suite" time="0">
          <skipped></skipped>
      </testcase>
      <testcase name="[sig-storage] In-tree Volumes [Driver: hostPath] [Testpattern: Inline-volume (default fs)] subPath should support readOnly file specified in the volumeMount" classname="Kubernetes e2e suite" time="0">
          <skipped></skipped>
      </testcase>
      <testcase name="[sig-storage] In-tree Volumes [Driver: gluster] [Testpattern: Dynamic PV (default fs)] subPath should support readOnly file specified in the volumeMount" classname="Kubernetes e2e suite" time="0">
          <skipped></skipped>
      </testcase>
      <testcase name="[sig-storage] CSI Volumes [Driver: csi-hostpath-v0] [Testpattern: Dynamic PV (default fs)] subPath should support creating multiple subpath from same volumes [Slow]" classname="Kubernetes e2e suite" time="0">
          <skipped></skipped>
      </testcase>
      <testcase name="[sig-storage] In-tree Volumes [Driver: azure] [Testpattern: Pre-provisioned PV (default fs)] volumes should allow exec of files on the volume" classname="Kubernetes e2e suite" time="0">
          <skipped></skipped>
      </testcase>
      <testcase name="[sig-instrumentation] [Feature:PrometheusMonitoring] Prometheus should scrape metrics from annotated pods." classname="Kubernetes e2e suite" time="0">
          <skipped></skipped>
      </testcase>
      <testcase name="[sig-storage] In-tree Volumes [Driver: hostPathSymlink] [Testpattern: Dynamic PV (default fs)] subPath should support existing directory" classname="Kubernetes e2e suite" time="0">
          <skipped></skipped>
      </testcase>
      <testcase name="[sig-storage] In-tree Volumes [Driver: emptydir] [Testpattern: Pre-provisioned PV (default fs)] subPath should support existing single file" classname="Kubernetes e2e suite" time="0">
          <skipped></skipped>
      </testcase>
      <testcase name="[sig-storage] Projected secret should be consumable from pods in volume as non-root with defaultMode and fsGroup set [NodeConformance] [Conformance]" classname="Kubernetes e2e suite" time="12.071336038"></testcase>
      <testcase name="[sig-storage] In-tree Volumes [Driver: gluster] [Testpattern: Inline-volume (ext3)] volumes should be mountable" classname="Kubernetes e2e suite" time="0">
          <skipped></skipped>
      </testcase>
      <testcase name="[sig-storage] In-tree Volumes [Driver: nfs] [Testpattern: Inline-volume (default fs)] subPath should support existing directory" classname="Kubernetes e2e suite" time="0">
          <skipped></skipped>
      </testcase>
      <testcase name="[sig-scalability] Load capacity [Feature:ManualPerformance] should be able to handle 30 pods per node Deployment.extensions with 2 secrets, 0 configmaps and 0 daemons" classname="Kubernetes e2e suite" time="0">
          <skipped></skipped>
      </testcase>
      <testcase name="[sig-storage] In-tree Volumes [Driver: iscsi][Feature:Volumes] [Testpattern: Pre-provisioned PV (default fs)] subPath should support restarting containers using directory as subpath [Slow]" classname="Kubernetes e2e suite" time="0">
          <skipped></skipped>
      </testcase>
      <testcase name="[sig-scheduling] NoExecuteTaintManager Single Pod [Serial] evicts pods from tainted nodes" classname="Kubernetes e2e suite" time="0">
          <skipped></skipped>
      </testcase>
      <testcase name="[sig-apps] DisruptionController evictions: maxUnavailable deny evictions, integer =&gt; should not allow an eviction" classname="Kubernetes e2e suite" time="0">
          <skipped></skipped>
      </testcase>
      <testcase name="[sig-storage] In-tree Volumes [Driver: gluster] [Testpattern: Pre-provisioned PV (default fs)] subPath should support readOnly directory specified in the volumeMount" classname="Kubernetes e2e suite" time="0">
          <skipped></skipped>
      </testcase>
      <testcase name="[sig-storage] [Serial] Volume metrics PVController should create unbound pv count metrics for pvc controller after creating pv only" classname="Kubernetes e2e suite" time="0">
          <skipped></skipped>
      </testcase>
      <testcase name="[sig-storage] In-tree Volumes [Driver: rbd][Feature:Volumes] [Testpattern: Pre-provisioned PV (block volmode)] volumeMode should create sc, pod, pv, and pvc, read/write to the pv, and delete all created resources" classname="Kubernetes e2e suite" time="0">
          <skipped></skipped>
      </testcase>
      <testcase name="[sig-storage] In-tree Volumes [Driver: ceph][Feature:Volumes] [Testpattern: Pre-provisioned PV (default fs)] volumes should be mountable" classname="Kubernetes e2e suite" time="0">
          <skipped></skipped>
      </testcase>
      <testcase name="[sig-storage] In-tree Volumes [Driver: nfs] [Testpattern: Inline-volume (default fs)] subPath should fail if subpath directory is outside the volume [Slow]" classname="Kubernetes e2e suite" time="0">
          <skipped></skipped>
      </testcase>
      <testcase name="[sig-cluster-lifecycle] Ports Security Check [Feature:KubeletSecurity] should not be able to proxy to cadvisor port 4194 using proxy subresource" classname="Kubernetes e2e suite" time="0">
          <skipped></skipped>
      </testcase>
      <testcase name="[sig-network] Services should be able to change the type from ExternalName to ClusterIP" classname="Kubernetes e2e suite" time="0">
          <skipped></skipped>
      </testcase>
      <testcase name="[sig-storage] In-tree Volumes [Driver: gcepd] [Testpattern: Dynamic PV (default fs)] subPath should fail if non-existent subpath is outside the volume [Slow]" classname="Kubernetes e2e suite" time="0">
          <skipped></skipped>
      </testcase>
      <testcase name="[sig-autoscaling] [HPA] Horizontal pod autoscaling (scale resource: Custom Metrics from Stackdriver) should scale down with External Metric with target value from Stackdriver [Feature:CustomMetricsAutoscaling]" classname="Kubernetes e2e suite" time="0">
          <skipped></skipped>
      </testcase>
      <testcase name="[sig-storage] In-tree Volumes [Driver: hostPathSymlink] [Testpattern: Pre-provisioned PV (xfs)] volumes should be mountable" classname="Kubernetes e2e suite" time="0">
          <skipped></skipped>
      </testcase>
      <testcase name="[sig-storage] PersistentVolumes-local  Local volume provisioner [Serial] should discover dynamically created local persistent volume mountpoint in discovery directory" classname="Kubernetes e2e suite" time="0">
          <skipped></skipped>
      </testcase>
      <testcase name="[sig-storage] In-tree Volumes [Driver: vSphere] [Testpattern: Dynamic PV (xfs)] volumes should be mountable" classname="Kubernetes e2e suite" time="0">
          <skipped></skipped>
      </testcase>
      <testcase name="[sig-apps] Deployment deployment should support rollback" classname="Kubernetes e2e suite" time="0">
          <skipped></skipped>
      </testcase>
      <testcase name="[sig-storage] In-tree Volumes [Driver: aws] [Testpattern: Pre-provisioned PV (default fs)] subPath should support existing single file" classname="Kubernetes e2e suite" time="0">
          <skipped></skipped>
      </testcase>
      <testcase name="[k8s.io] [Feature:Example] [k8s.io] Secret should create a pod that reads a secret" classname="Kubernetes e2e suite" time="0">
          <skipped></skipped>
      </testcase>
      <testcase name="[sig-storage] In-tree Volumes [Driver: hostPathSymlink] [Testpattern: Inline-volume (default fs)] subPath should fail if non-existent subpath is outside the volume [Slow]" classname="Kubernetes e2e suite" time="0">
          <skipped></skipped>
      </testcase>
      <testcase name="[sig-storage] In-tree Volumes [Driver: gluster] [Testpattern: Inline-volume (default fs)] subPath should support creating multiple subpath from same volumes [Slow]" classname="Kubernetes e2e suite" time="0">
          <skipped></skipped>
      </testcase>
      <testcase name="[sig-storage] In-tree Volumes [Driver: iscsi][Feature:Volumes] [Testpattern: Pre-provisioned PV (xfs)] volumes should be mountable" classname="Kubernetes e2e suite" time="0">
          <skipped></skipped>
      </testcase>
      <testcase name="[sig-storage] In-tree Volumes [Driver: hostPath] [Testpattern: Inline-volume (default fs)] subPath should unmount if pod is force deleted while kubelet is down [Disruptive][Slow]" classname="Kubernetes e2e suite" time="0">
          <skipped></skipped>
      </testcase>
      <testcase name="[sig-storage] PersistentVolumes-local  [Volume type: tmpfs] One pod requesting one prebound PVC should be able to mount volume and read from pod1" classname="Kubernetes e2e suite" time="0">
          <skipped></skipped>
      </testcase>
      <testcase name="[sig-network] Networking should check kube-proxy urls" classname="Kubernetes e2e suite" time="0">
          <skipped></skipped>
      </testcase>
      <testcase name="[sig-storage] In-tree Volumes [Driver: gcepd] [Testpattern: Dynamic PV (default fs)] subPath should support non-existent path" classname="Kubernetes e2e suite" time="0">
          <skipped></skipped>
      </testcase>
      <testcase name="[sig-storage] PersistentVolumes-local  [Volume type: dir-link] Set fsGroup for local volume should set different fsGroup for second pod if first pod is deleted" classname="Kubernetes e2e suite" time="0">
          <skipped></skipped>
      </testcase>
      <testcase name="[sig-autoscaling] [HPA] Horizontal pod autoscaling (scale resource: CPU) [sig-autoscaling] [Serial] [Slow] ReplicaSet Should scale from 5 pods to 3 pods and from 3 to 1" classname="Kubernetes e2e suite" time="0">
          <skipped></skipped>
      </testcase>
      <testcase name="[sig-auth] [Feature:NodeAuthorizer] Getting an existing configmap should exit with the Forbidden error" classname="Kubernetes e2e suite" time="0">
          <skipped></skipped>
      </testcase>
      <testcase name="[sig-storage] In-tree Volumes [Driver: ceph][Feature:Volumes] [Testpattern: Pre-provisioned PV (default fs)] subPath should support readOnly directory specified in the volumeMount" classname="Kubernetes e2e suite" time="0">
          <skipped></skipped>
      </testcase>
      <testcase name="[sig-storage] In-tree Volumes [Driver: vSphere] [Testpattern: Dynamic PV (default fs)] subPath should be able to unmount after the subpath directory is deleted" classname="Kubernetes e2e suite" time="0">
          <skipped></skipped>
      </testcase>
      <testcase name="[sig-storage] In-tree Volumes [Driver: gcepd] [Testpattern: Pre-provisioned PV (default fs)] subPath should support file as subpath" classname="Kubernetes e2e suite" time="0">
          <skipped></skipped>
      </testcase>
      <testcase name="[sig-storage] In-tree Volumes [Driver: azure] [Testpattern: Pre-provisioned PV (default fs)] subPath should support restarting containers using directory as subpath [Slow]" classname="Kubernetes e2e suite" time="0">
          <skipped></skipped>
      </testcase>
      <testcase name="[sig-storage] CSI Volumes [Driver: pd.csi.storage.gke.io][Serial] [Testpattern: Dynamic PV (default fs)] subPath should fail if non-existent subpath is outside the volume [Slow]" classname="Kubernetes e2e suite" time="0">
          <skipped></skipped>
      </testcase>
      <testcase name="[sig-storage] In-tree Volumes [Driver: hostPathSymlink] [Testpattern: Inline-volume (ext4)] volumes should allow exec of files on the volume" classname="Kubernetes e2e suite" time="0">
          <skipped></skipped>
      </testcase>
      <testcase name="[k8s.io] [sig-node] RuntimeClass [Feature:RuntimeClass] should recover when the RuntimeClass CRD is deleted [Slow]" classname="Kubernetes e2e suite" time="0">
          <skipped></skipped>
      </testcase>
      <testcase name="[sig-instrumentation] Cluster level logging implemented by Stackdriver should ingest system logs from all nodes [Feature:StackdriverLogging]" classname="Kubernetes e2e suite" time="0">
          <skipped></skipped>
      </testcase>
      <testcase name="[sig-storage] In-tree Volumes [Driver: ceph][Feature:Volumes] [Testpattern: Pre-provisioned PV (default fs)] volumes should allow exec of files on the volume" classname="Kubernetes e2e suite" time="0">
          <skipped></skipped>
      </testcase>
      <testcase name="[sig-storage] In-tree Volumes [Driver: ceph][Feature:Volumes] [Testpattern: Dynamic PV (default fs)] volumes should be mountable" classname="Kubernetes e2e suite" time="0">
          <skipped></skipped>
      </testcase>
      <testcase name="[sig-storage] In-tree Volumes [Driver: gluster] [Testpattern: Pre-provisioned PV (default fs)] subPath should support existing directory" classname="Kubernetes e2e suite" time="0">
          <skipped></skipped>
      </testcase>
      <testcase name="[sig-cluster-lifecycle] gpu Upgrade [Feature:GPUUpgrade] cluster upgrade should be able to run gpu pod after upgrade [Feature:GPUClusterUpgrade]" classname="Kubernetes e2e suite" time="0">
          <skipped></skipped>
      </testcase>
      <testcase name="[sig-storage] In-tree Volumes [Driver: rbd][Feature:Volumes] [Testpattern: Pre-provisioned PV (default fs)] subPath should support existing directories when readOnly specified in the volumeSource" classname="Kubernetes e2e suite" time="0">
          <skipped></skipped>
      </testcase>
      <testcase name="[sig-storage] In-tree Volumes [Driver: azure] [Testpattern: Inline-volume (xfs)] volumes should allow exec of files on the volume" classname="Kubernetes e2e suite" time="0">
          <skipped></skipped>
      </testcase>
      <testcase name="[k8s.io] Docker Containers should be able to override the image&#39;s default command (docker entrypoint) [NodeConformance] [Conformance]" classname="Kubernetes e2e suite" time="12.143316358"></testcase>
      <testcase name="[sig-storage] In-tree Volumes [Driver: hostPathSymlink] [Testpattern: Inline-volume (default fs)] subPath should support creating multiple subpath from same volumes [Slow]" classname="Kubernetes e2e suite" time="0">
          <skipped></skipped>
      </testcase>
      <testcase name="[sig-storage] CSI Volumes [Driver: pd.csi.storage.gke.io][Serial] [Testpattern: Dynamic PV (default fs)] subPath should support readOnly file specified in the volumeMount" classname="Kubernetes e2e suite" time="0">
          <skipped></skipped>
      </testcase>
      <testcase name="[sig-storage] In-tree Volumes [Driver: hostPathSymlink] [Testpattern: Pre-provisioned PV (default fs)] volumes should allow exec of files on the volume" classname="Kubernetes e2e suite" time="0">
          <skipped></skipped>
      </testcase>
      <testcase name="[k8s.io] [sig-node] RuntimeClass [Feature:RuntimeClass] should reject a Pod requesting a deleted RuntimeClass" classname="Kubernetes e2e suite" time="0">
          <skipped></skipped>
      </testcase>
      <testcase name="[sig-storage] In-tree Volumes [Driver: hostPath] [Testpattern: Dynamic PV (default fs)] subPath should fail if non-existent subpath is outside the volume [Slow]" classname="Kubernetes e2e suite" time="0">
          <skipped></skipped>
      </testcase>
      <testcase name="[sig-storage] In-tree Volumes [Driver: gcepd] [Testpattern: Dynamic PV (default fs)] subPath should support existing directory" classname="Kubernetes e2e suite" time="0">
          <skipped></skipped>
      </testcase>
      <testcase name="[sig-storage] In-tree Volumes [Driver: emptydir] [Testpattern: Pre-provisioned PV (default fs)] volumeIO should write files of various sizes, verify size, validate content [Slow]" classname="Kubernetes e2e suite" time="0">
          <skipped></skipped>
      </testcase>
      <testcase name="[sig-apps] StatefulSet [k8s.io] Deploy clustered applications [Feature:StatefulSet] [Slow] should creating a working CockroachDB cluster" classname="Kubernetes e2e suite" time="0">
          <skipped></skipped>
      </testcase>
      <testcase name="[sig-storage] In-tree Volumes [Driver: hostPathSymlink] [Testpattern: Dynamic PV (ext3)] volumes should allow exec of files on the volume" classname="Kubernetes e2e suite" time="0">
          <skipped></skipped>
      </testcase>
      <testcase name="[sig-storage] In-tree Volumes [Driver: gcepd] [Testpattern: Pre-provisioned PV (default fs)] subPath should fail if subpath with backstepping is outside the volume [Slow]" classname="Kubernetes e2e suite" time="0">
          <skipped></skipped>
      </testcase>
      <testcase name="[sig-autoscaling] Cluster size autoscaling [Slow] Should scale up GPU pool from 1 [GpuType:] [Feature:ClusterSizeAutoscalingGpu]" classname="Kubernetes e2e suite" time="0">
          <skipped></skipped>
      </testcase>
      <testcase name="[sig-storage] In-tree Volumes [Driver: gcepd] [Testpattern: Inline-volume (ext4)] volumes should be mountable" classname="Kubernetes e2e suite" time="0">
          <skipped></skipped>
      </testcase>
      <testcase name="[sig-storage] In-tree Volumes [Driver: gluster] [Testpattern: Dynamic PV (default fs)] subPath should unmount if pod is gracefully deleted while kubelet is down [Disruptive][Slow]" classname="Kubernetes e2e suite" time="0">
          <skipped></skipped>
      </testcase>
      <testcase name="[sig-storage] In-tree Volumes [Driver: cinder] [Testpattern: Inline-volume (default fs)] subPath should be able to unmount after the subpath directory is deleted" classname="Kubernetes e2e suite" time="0">
          <skipped></skipped>
      </testcase>
      <testcase name="[sig-storage] In-tree Volumes [Driver: hostPathSymlink] [Testpattern: Pre-provisioned PV (ext4)] volumes should allow exec of files on the volume" classname="Kubernetes e2e suite" time="0">
          <skipped></skipped>
      </testcase>
      <testcase name="[sig-storage] Volume Placement should create and delete pod with multiple volumes from different datastore" classname="Kubernetes e2e suite" time="0">
          <skipped></skipped>
      </testcase>
      <testcase name="[sig-storage] In-tree Volumes [Driver: hostPath] [Testpattern: Dynamic PV (default fs)] subPath should fail if subpath file is outside the volume [Slow]" classname="Kubernetes e2e suite" time="0">
          <skipped></skipped>
      </testcase>
      <testcase name="[sig-instrumentation] MetricsGrabber should grab all metrics from a Kubelet." classname="Kubernetes e2e suite" time="0">
          <skipped></skipped>
      </testcase>
      <testcase name="[sig-storage] In-tree Volumes [Driver: azure] [Testpattern: Inline-volume (ext4)] volumes should allow exec of files on the volume" classname="Kubernetes e2e suite" time="0">
          <skipped></skipped>
      </testcase>
      <testcase name="[sig-storage] ConfigMap should be consumable from pods in volume with mappings as non-root [NodeConformance] [Conformance]" classname="Kubernetes e2e suite" time="12.298183294"></testcase>
      <testcase name="[sig-instrumentation] Stackdriver Monitoring should run Custom Metrics - Stackdriver Adapter for new resource model [Feature:StackdriverCustomMetrics]" classname="Kubernetes e2e suite" time="0">
          <skipped></skipped>
      </testcase>
      <testcase name="[sig-storage] In-tree Volumes [Driver: vSphere] [Testpattern: Inline-volume (default fs)] subPath should support non-existent path" classname="Kubernetes e2e suite" time="0">
          <skipped></skipped>
      </testcase>
      <testcase name="[sig-storage] In-tree Volumes [Driver: gcepd] [Testpattern: Dynamic PV (default fs)] volumeIO should write files of various sizes, verify size, validate content [Slow]" classname="Kubernetes e2e suite" time="0">
          <skipped></skipped>
      </testcase>
      <testcase name="[sig-cli] Kubectl client [k8s.io] Kubectl run CronJob should create a CronJob" classname="Kubernetes e2e suite" time="0">
          <skipped></skipped>
      </testcase>
      <testcase name="[sig-scheduling] ResourceQuota should create a ResourceQuota and capture the life of a secret." classname="Kubernetes e2e suite" time="0">
          <skipped></skipped>
      </testcase>
      <testcase name="[sig-storage] In-tree Volumes [Driver: emptydir] [Testpattern: Inline-volume (ext3)] volumes should be mountable" classname="Kubernetes e2e suite" time="0">
          <skipped></skipped>
      </testcase>
      <testcase name="[sig-storage] PersistentVolumes-local  [Volume type: dir-link] Set fsGroup for local volume should set fsGroup for one pod" classname="Kubernetes e2e suite" time="0">
          <skipped></skipped>
      </testcase>
      <testcase name="[sig-storage] In-tree Volumes [Driver: gcepd] [Testpattern: Pre-provisioned PV (block volmode)] volumeMode should create sc, pod, pv, and pvc, read/write to the pv, and delete all created resources" classname="Kubernetes e2e suite" time="0">
          <skipped></skipped>
      </testcase>
      <testcase name="[sig-storage] In-tree Volumes [Driver: hostPath] [Testpattern: Dynamic PV (ext4)] volumes should be mountable" classname="Kubernetes e2e suite" time="0">
          <skipped></skipped>
      </testcase>
      <testcase name="[sig-cluster-lifecycle] Ports Security Check [Feature:KubeletSecurity] should not have port 4194 open on its all public IP addresses" classname="Kubernetes e2e suite" time="0">
          <skipped></skipped>
      </testcase>
      <testcase name="[sig-network] Networking Granular Checks: Services [Slow] should function for pod-Service: http" classname="Kubernetes e2e suite" time="0">
          <skipped></skipped>
      </testcase>
      <testcase name="[sig-storage] PersistentVolumes-local  [Volume type: dir-link] Set fsGroup for local volume should not set different fsGroups for two pods simultaneously" classname="Kubernetes e2e suite" time="0">
          <skipped></skipped>
      </testcase>
      <testcase name="[sig-storage] In-tree Volumes [Driver: aws] [Testpattern: Pre-provisioned PV (default fs)] subPath should unmount if pod is gracefully deleted while kubelet is down [Disruptive][Slow]" classname="Kubernetes e2e suite" time="0">
          <skipped></skipped>
      </testcase>
      <testcase name="[sig-storage] In-tree Volumes [Driver: hostPathSymlink] [Testpattern: Dynamic PV (default fs)] volumes should be mountable" classname="Kubernetes e2e suite" time="0">
          <skipped></skipped>
      </testcase>
      <testcase name="[sig-storage] In-tree Volumes [Driver: vSphere] [Testpattern: Dynamic PV (default fs)] provisioning should provision storage with mount options" classname="Kubernetes e2e suite" time="0">
          <skipped></skipped>
      </testcase>
      <testcase name="[sig-storage] In-tree Volumes [Driver: emptydir] [Testpattern: Inline-volume (ext4)] volumes should be mountable" classname="Kubernetes e2e suite" time="0">
          <skipped></skipped>
      </testcase>
      <testcase name="[sig-storage] In-tree Volumes [Driver: aws] [Testpattern: Pre-provisioned PV (default fs)] subPath should fail if non-existent subpath is outside the volume [Slow]" classname="Kubernetes e2e suite" time="0">
          <skipped></skipped>
      </testcase>
      <testcase name="[sig-storage] Projected configMap should be consumable from pods in volume with mappings and Item mode set [NodeConformance] [Conformance]" classname="Kubernetes e2e suite" time="12.199987479"></testcase>
      <testcase name="[sig-instrumentation] Cluster level logging implemented by Stackdriver should ingest logs [Feature:StackdriverLogging]" classname="Kubernetes e2e suite" time="0">
          <skipped></skipped>
      </testcase>
      <testcase name="[sig-storage] NFSPersistentVolumes[Disruptive][Flaky] when kube-controller-manager restarts should delete a bound PVC from a clientPod, restart the kube-control-manager, and ensure the kube-controller-manager does not crash" classname="Kubernetes e2e suite" time="0">
          <skipped></skipped>
      </testcase>
      <testcase name="[sig-storage] Projected secret should be consumable from pods in volume [NodeConformance] [Conformance]" classname="Kubernetes e2e suite" time="12.199372029"></testcase>
      <testcase name="[sig-storage] In-tree Volumes [Driver: cinder] [Testpattern: Dynamic PV (default fs)] volumeIO should write files of various sizes, verify size, validate content [Slow]" classname="Kubernetes e2e suite" time="0">
          <skipped></skipped>
      </testcase>
      <testcase name="[sig-cli] Kubectl client [k8s.io] Simple pod should support exec through kubectl proxy" classname="Kubernetes e2e suite" time="0">
          <skipped></skipped>
      </testcase>
      <testcase name="[sig-storage] In-tree Volumes [Driver: gcepd] [Testpattern: Pre-provisioned PV (ext3)] volumes should allow exec of files on the volume" classname="Kubernetes e2e suite" time="0">
          <skipped></skipped>
      </testcase>
      <testcase name="[sig-storage] [Serial] Volume metrics PVController should create unbound pvc count metrics for pvc controller after creating pvc only" classname="Kubernetes e2e suite" time="0">
          <skipped></skipped>
      </testcase>
      <testcase name="[sig-storage] PersistentVolumes [Feature:ReclaimPolicy] [sig-storage] persistentvolumereclaim:vsphere should not detach and unmount PV when associated pvc with delete as reclaimPolicy is deleted when it is in use by the pod" classname="Kubernetes e2e suite" time="0">
          <skipped></skipped>
      </testcase>
      <testcase name="[sig-storage] In-tree Volumes [Driver: aws] [Testpattern: Dynamic PV (default fs)] subPath should fail if subpath file is outside the volume [Slow]" classname="Kubernetes e2e suite" time="0">
          <skipped></skipped>
      </testcase>
      <testcase name="[sig-storage] In-tree Volumes [Driver: aws] [Testpattern: Inline-volume (xfs)] volumes should allow exec of files on the volume" classname="Kubernetes e2e suite" time="0">
          <skipped></skipped>
      </testcase>
      <testcase name="[sig-storage] Storage Policy Based Volume Provisioning [Feature:vsphere] verify VSAN storage capability with non-vsan datastore is not honored for dynamically provisioned pvc using storageclass" classname="Kubernetes e2e suite" time="0">
          <skipped></skipped>
      </testcase>
      <testcase name="[sig-storage] In-tree Volumes [Driver: emptydir] [Testpattern: Dynamic PV (ext3)] volumes should be mountable" classname="Kubernetes e2e suite" time="0">
          <skipped></skipped>
      </testcase>
      <testcase name="[sig-scheduling] SchedulerPreemption [Serial] validates lower priority pod preemption by critical pod" classname="Kubernetes e2e suite" time="0">
          <skipped></skipped>
      </testcase>
      <testcase name="[sig-storage] In-tree Volumes [Driver: azure] [Testpattern: Dynamic PV (ext4)] volumes should be mountable" classname="Kubernetes e2e suite" time="0">
          <skipped></skipped>
      </testcase>
      <testcase name="[sig-storage] In-tree Volumes [Driver: ceph][Feature:Volumes] [Testpattern: Dynamic PV (default fs)] subPath should support creating multiple subpath from same volumes [Slow]" classname="Kubernetes e2e suite" time="0">
          <skipped></skipped>
      </testcase>
      <testcase name="[sig-storage] PVC Protection Verify that PVC in active use by a pod is not removed immediately" classname="Kubernetes e2e suite" time="0">
          <skipped></skipped>
      </testcase>
      <testcase name="[sig-storage] In-tree Volumes [Driver: hostPathSymlink] [Testpattern: Inline-volume (default fs)] subPath should fail if subpath file is outside the volume [Slow]" classname="Kubernetes e2e suite" time="0">
          <skipped></skipped>
      </testcase>
      <testcase name="[sig-storage] ConfigMap updates should be reflected in volume [NodeConformance] [Conformance]" classname="Kubernetes e2e suite" time="28.12956341"></testcase>
      <testcase name="[sig-storage] CSI Volumes [Driver: csi-hostpath] [Testpattern: Dynamic PV (default fs)] provisioning should provision storage with mount options" classname="Kubernetes e2e suite" time="0">
          <skipped></skipped>
      </testcase>
      <testcase name="[k8s.io] [sig-node] Security Context [Feature:SecurityContext] should support seccomp default which is unconfined [Feature:Seccomp]" classname="Kubernetes e2e suite" time="0">
          <skipped></skipped>
      </testcase>
      <testcase name="[sig-autoscaling] Cluster size autoscaling [Slow] shouldn&#39;t be able to scale down when rescheduling a pod is required, but pdb doesn&#39;t allow drain[Feature:ClusterSizeAutoscalingScaleDown]" classname="Kubernetes e2e suite" time="0">
          <skipped></skipped>
      </testcase>
      <testcase name="[sig-scheduling] ResourceQuota [Feature:PodPriority] should verify ResourceQuota&#39;s multiple priority class scope (quota set to pod count: 2) against 2 pods with same priority classes." classname="Kubernetes e2e suite" time="0">
          <skipped></skipped>
      </testcase>
      <testcase name="[sig-storage] In-tree Volumes [Driver: emptydir] [Testpattern: Pre-provisioned PV (default fs)] subPath should support restarting containers using file as subpath [Slow]" classname="Kubernetes e2e suite" time="0">
          <skipped></skipped>
      </testcase>
      <testcase name="[sig-storage] In-tree Volumes [Driver: hostPathSymlink] [Testpattern: Dynamic PV (default fs)] subPath should support restarting containers using directory as subpath [Slow]" classname="Kubernetes e2e suite" time="0">
          <skipped></skipped>
      </testcase>
      <testcase name="[sig-cli] Kubectl client [k8s.io] Simple pod should support inline execution and attach" classname="Kubernetes e2e suite" time="0">
          <skipped></skipped>
      </testcase>
      <testcase name="[sig-storage] HostPath should support subPath [NodeConformance]" classname="Kubernetes e2e suite" time="0">
          <skipped></skipped>
      </testcase>
      <testcase name="[sig-storage] In-tree Volumes [Driver: hostPath] [Testpattern: Pre-provisioned PV (default fs)] subPath should support readOnly directory specified in the volumeMount" classname="Kubernetes e2e suite" time="0">
          <skipped></skipped>
      </testcase>
      <testcase name="[sig-cli] Kubectl client [k8s.io] Kubectl create quota should create a quota without scopes" classname="Kubernetes e2e suite" time="0">
          <skipped></skipped>
      </testcase>
      <testcase name="[sig-storage] In-tree Volumes [Driver: cinder] [Testpattern: Inline-volume (default fs)] subPath should support existing single file" classname="Kubernetes e2e suite" time="0">
          <skipped></skipped>
      </testcase>
      <testcase name="[sig-storage] In-tree Volumes [Driver: nfs] [Testpattern: Dynamic PV (default fs)] subPath should unmount if pod is force deleted while kubelet is down [Disruptive][Slow]" classname="Kubernetes e2e suite" time="0">
          <skipped></skipped>
      </testcase>
      <testcase name="[sig-storage] Volume FStype [Feature:vsphere] verify invalid fstype" classname="Kubernetes e2e suite" time="0">
          <skipped></skipped>
      </testcase>
      <testcase name="[sig-cli] Kubectl client [k8s.io] Simple pod should support exec" classname="Kubernetes e2e suite" time="0">
          <skipped></skipped>
      </testcase>
      <testcase name="[sig-storage] Projected downwardAPI should provide podname as non-root with fsgroup [NodeFeature:FSGroup]" classname="Kubernetes e2e suite" time="0">
          <skipped></skipped>
      </testcase>
      <testcase name="[sig-apps] stateful Upgrade [Feature:StatefulUpgrade] [k8s.io] stateful upgrade should maintain a functioning cluster" classname="Kubernetes e2e suite" time="0">
          <skipped></skipped>
      </testcase>
      <testcase name="[sig-storage] In-tree Volumes [Driver: gcepd] [Testpattern: Inline-volume (default fs)] subPath should support existing directory" classname="Kubernetes e2e suite" time="0">
          <skipped></skipped>
      </testcase>
      <testcase name="[sig-autoscaling] DNS horizontal autoscaling [DisabledForLargeClusters] kube-dns-autoscaler should scale kube-dns pods in both nonfaulty and faulty scenarios" classname="Kubernetes e2e suite" time="0">
          <skipped></skipped>
      </testcase>
      <testcase name="[sig-apps] Network Partition [Disruptive] [Slow] [k8s.io] Pods should return to running and ready state after network partition is healed All pods on the unreachable node should be marked as NotReady upon the node turn NotReady AND all pods should be mark back to Ready when the node get back to Ready before pod eviction timeout" classname="Kubernetes e2e suite" time="0">
          <skipped></skipped>
      </testcase>
      <testcase name="[sig-apps] Job should exceed active deadline" classname="Kubernetes e2e suite" time="0">
          <skipped></skipped>
      </testcase>
      <testcase name="[sig-instrumentation] MetricsGrabber should grab all metrics from a ControllerManager." classname="Kubernetes e2e suite" time="0">
          <skipped></skipped>
      </testcase>
      <testcase name="[sig-storage] In-tree Volumes [Driver: hostPathSymlink] [Testpattern: Dynamic PV (xfs)] volumes should be mountable" classname="Kubernetes e2e suite" time="0">
          <skipped></skipped>
      </testcase>
      <testcase name="[sig-autoscaling] Cluster size autoscaling [Slow] should increase cluster size if pod requesting EmptyDir volume is pending [Feature:ClusterSizeAutoscalingScaleUp]" classname="Kubernetes e2e suite" time="0">
          <skipped></skipped>
      </testcase>
      <testcase name="[sig-storage] In-tree Volumes [Driver: hostPath] [Testpattern: Dynamic PV (default fs)] volumes should allow exec of files on the volume" classname="Kubernetes e2e suite" time="0">
          <skipped></skipped>
      </testcase>
      <testcase name="[sig-storage] In-tree Volumes [Driver: azure] [Testpattern: Pre-provisioned PV (default fs)] subPath should fail if subpath file is outside the volume [Slow]" classname="Kubernetes e2e suite" time="0">
          <skipped></skipped>
      </testcase>
      <testcase name="[sig-storage] PersistentVolumes-local  [Volume type: dir-link-bindmounted] Two pods mounting a local volume at the same time should be able to write from pod1 and read from pod2" classname="Kubernetes e2e suite" time="0">
          <skipped></skipped>
      </testcase>
      <testcase name="[sig-network] Loadbalancing: L7 GCE [Slow] [Feature:kubemci] single and multi-cluster ingresses should be able to exist together" classname="Kubernetes e2e suite" time="0">
          <skipped></skipped>
      </testcase>
      <testcase name="[sig-autoscaling] [HPA] Horizontal pod autoscaling (scale resource: CPU) [sig-autoscaling] [Serial] [Slow] ReplicaSet Should scale from 1 pod to 3 pods and from 3 to 5" classname="Kubernetes e2e suite" time="0">
          <skipped></skipped>
      </testcase>
      <testcase name="[sig-cluster-lifecycle] gpu Upgrade [Feature:GPUUpgrade] master upgrade should NOT disrupt gpu pod [Feature:GPUMasterUpgrade]" classname="Kubernetes e2e suite" time="0">
          <skipped></skipped>
      </testcase>
      <testcase name="[sig-storage] In-tree Volumes [Driver: iscsi][Feature:Volumes] [Testpattern: Pre-provisioned PV (default fs)] subPath should be able to unmount after the subpath directory is deleted" classname="Kubernetes e2e suite" time="0">
          <skipped></skipped>
      </testcase>
      <testcase name="[sig-storage] In-tree Volumes [Driver: cinder] [Testpattern: Pre-provisioned PV (default fs)] volumes should allow exec of files on the volume" classname="Kubernetes e2e suite" time="0">
          <skipped></skipped>
      </testcase>
      <testcase name="[sig-storage] In-tree Volumes [Driver: nfs] [Testpattern: Pre-provisioned PV (ext4)] volumes should allow exec of files on the volume" classname="Kubernetes e2e suite" time="0">
          <skipped></skipped>
      </testcase>
      <testcase name="[sig-storage] Volume Operations Storm [Feature:vsphere] should create pod with many volumes and verify no attach call fails" classname="Kubernetes e2e suite" time="0">
          <skipped></skipped>
      </testcase>
      <testcase name="[sig-storage] In-tree Volumes [Driver: hostPathSymlink] [Testpattern: Pre-provisioned PV (default fs)] subPath should fail if non-existent subpath is outside the volume [Slow]" classname="Kubernetes e2e suite" time="0">
          <skipped></skipped>
      </testcase>
      <testcase name="[sig-storage] In-tree Volumes [Driver: nfs] [Testpattern: Inline-volume (ext3)] volumes should be mountable" classname="Kubernetes e2e suite" time="0">
          <skipped></skipped>
      </testcase>
      <testcase name="[sig-api-machinery] Generated clientset should create v1beta1 cronJobs, delete cronJobs, watch cronJobs" classname="Kubernetes e2e suite" time="0">
          <skipped></skipped>
      </testcase>
      <testcase name="[sig-storage] Dynamic Provisioning DynamicProvisioner delayed binding with allowedTopologies [Slow] should create persistent volumes in the same zone as specified in allowedTopologies after a pod mounting the claims is started" classname="Kubernetes e2e suite" time="0">
          <skipped></skipped>
      </testcase>
      <testcase name="[sig-storage] Projected configMap should be consumable in multiple volumes in the same pod [NodeConformance] [Conformance]" classname="Kubernetes e2e suite" time="12.174325818"></testcase>
      <testcase name="[sig-storage] PersistentVolumes NFS with Single PV - PVC pairs create a PV and a pre-bound PVC: test write access" classname="Kubernetes e2e suite" time="0">
          <skipped></skipped>
      </testcase>
      <testcase name="[sig-storage] In-tree Volumes [Driver: aws] [Testpattern: Pre-provisioned PV (default fs)] subPath should support file as subpath" classname="Kubernetes e2e suite" time="0">
          <skipped></skipped>
      </testcase>
      <testcase name="[sig-storage] PersistentVolumes-local  [Volume type: block] Set fsGroup for local volume should not set different fsGroups for two pods simultaneously" classname="Kubernetes e2e suite" time="0">
          <skipped></skipped>
      </testcase>
      <testcase name="[k8s.io] Container Lifecycle Hook when create a pod with lifecycle hook should execute poststart http hook properly [NodeConformance] [Conformance]" classname="Kubernetes e2e suite" time="40.113744141"></testcase>
      <testcase name="[sig-apps] ReplicationController should serve a basic image on each replica with a private image" classname="Kubernetes e2e suite" time="0">
          <skipped></skipped>
      </testcase>
      <testcase name="[sig-storage] In-tree Volumes [Driver: ceph][Feature:Volumes] [Testpattern: Dynamic PV (default fs)] provisioning should provision storage with defaults" classname="Kubernetes e2e suite" time="0">
          <skipped></skipped>
      </testcase>
      <testcase name="[sig-storage] In-tree Volumes [Driver: vSphere] [Testpattern: Dynamic PV (default fs)] subPath should fail if subpath file is outside the volume [Slow]" classname="Kubernetes e2e suite" time="0">
          <skipped></skipped>
      </testcase>
      <testcase name="[sig-storage] In-tree Volumes [Driver: gcepd] [Testpattern: Inline-volume (default fs)] volumes should allow exec of files on the volume" classname="Kubernetes e2e suite" time="0">
          <skipped></skipped>
      </testcase>
      <testcase name="[sig-storage] EmptyDir volumes should support (non-root,0644,tmpfs) [NodeConformance] [Conformance]" classname="Kubernetes e2e suite" time="12.161194569"></testcase>
      <testcase name="[sig-storage] In-tree Volumes [Driver: nfs] [Testpattern: Pre-provisioned PV (default fs)] subPath should unmount if pod is gracefully deleted while kubelet is down [Disruptive][Slow]" classname="Kubernetes e2e suite" time="0">
          <skipped></skipped>
      </testcase>
      <testcase name="[sig-storage] In-tree Volumes [Driver: nfs] [Testpattern: Pre-provisioned PV (default fs)] subPath should unmount if pod is force deleted while kubelet is down [Disruptive][Slow]" classname="Kubernetes e2e suite" time="0">
          <skipped></skipped>
      </testcase>
      <testcase name="[sig-storage] In-tree Volumes [Driver: ceph][Feature:Volumes] [Testpattern: Inline-volume (default fs)] subPath should support existing single file" classname="Kubernetes e2e suite" time="0">
          <skipped></skipped>
      </testcase>
      <testcase name="[sig-network] Services should work after restarting apiserver [Disruptive]" classname="Kubernetes e2e suite" time="0">
          <skipped></skipped>
      </testcase>
      <testcase name="[sig-storage] Volume Placement should create and delete pod with the same volume source on the same worker node" classname="Kubernetes e2e suite" time="0">
          <skipped></skipped>
      </testcase>
      <testcase name="[sig-storage] In-tree Volumes [Driver: cinder] [Testpattern: Dynamic PV (default fs)] subPath should support file as subpath" classname="Kubernetes e2e suite" time="0">
          <skipped></skipped>
      </testcase>
      <testcase name="[sig-autoscaling] [HPA] Horizontal pod autoscaling (scale resource: Custom Metrics from Stackdriver) should scale down with Custom Metric of type Object from Stackdriver [Feature:CustomMetricsAutoscaling]" classname="Kubernetes e2e suite" time="0">
          <skipped></skipped>
      </testcase>
      <testcase name="[k8s.io] [sig-node] Kubelet [Serial] [Slow] [k8s.io] [sig-node] regular resource usage tracking resource tracking for 0 pods per node" classname="Kubernetes e2e suite" time="0">
          <skipped></skipped>
      </testcase>
      <testcase name="[sig-scheduling] SchedulerPredicates [Serial] validates resource limits of pods that are allowed to run  [Conformance]" classname="Kubernetes e2e suite" time="13.499843349"></testcase>
      <testcase name="[sig-storage] PersistentVolumes-local  [Volume type: block] One pod requesting one prebound PVC should be able to mount volume and read from pod1" classname="Kubernetes e2e suite" time="0">
          <skipped></skipped>
      </testcase>
      <testcase name="[sig-storage] PersistentVolumes-local  [Volume type: dir] Set fsGroup for local volume should set different fsGroup for second pod if first pod is deleted" classname="Kubernetes e2e suite" time="0">
          <skipped></skipped>
      </testcase>
      <testcase name="[sig-storage] In-tree Volumes [Driver: cinder] [Testpattern: Dynamic PV (default fs)] subPath should support restarting containers using file as subpath [Slow]" classname="Kubernetes e2e suite" time="0">
          <skipped></skipped>
      </testcase>
      <testcase name="[sig-cli] Kubectl client [k8s.io] Update Demo should do a rolling update of a replication controller  [Conformance]" classname="Kubernetes e2e suite" time="60.450687836"></testcase>
      <testcase name="[sig-storage] CSI Volumes [Driver: pd.csi.storage.gke.io][Serial] [Testpattern: Dynamic PV (default fs)] subPath should fail if subpath with backstepping is outside the volume [Slow]" classname="Kubernetes e2e suite" time="0">
          <skipped></skipped>
      </testcase>
      <testcase name="[sig-storage] In-tree Volumes [Driver: rbd][Feature:Volumes] [Testpattern: Pre-provisioned PV (default fs)] subPath should support readOnly directory specified in the volumeMount" classname="Kubernetes e2e suite" time="0">
          <skipped></skipped>
      </testcase>
      <testcase name="[sig-storage] In-tree Volumes [Driver: azure] [Testpattern: Dynamic PV (default fs)] subPath should support file as subpath" classname="Kubernetes e2e suite" time="0">
          <skipped></skipped>
      </testcase>
      <testcase name="[sig-storage] In-tree Volumes [Driver: ceph][Feature:Volumes] [Testpattern: Inline-volume (default fs)] subPath should support restarting containers using file as subpath [Slow]" classname="Kubernetes e2e suite" time="0">
          <skipped></skipped>
      </testcase>
      <testcase name="[sig-storage] In-tree Volumes [Driver: hostPath] [Testpattern: Inline-volume (default fs)] subPath should support restarting containers using directory as subpath [Slow]" classname="Kubernetes e2e suite" time="0">
          <skipped></skipped>
      </testcase>
      <testcase name="[sig-scheduling] SchedulerPriorities [Serial] Pod should be scheduled to node that don&#39;t match the PodAntiAffinity terms" classname="Kubernetes e2e suite" time="0">
          <skipped></skipped>
      </testcase>
      <testcase name="[sig-storage] In-tree Volumes [Driver: ceph][Feature:Volumes] [Testpattern: Inline-volume (ext4)] volumes should allow exec of files on the volume" classname="Kubernetes e2e suite" time="0">
          <skipped></skipped>
      </testcase>
      <testcase name="[sig-storage] CSI Volumes [Driver: pd.csi.storage.gke.io][Feature: gcePD-external] [Testpattern: Dynamic PV (default fs)] volumeIO should write files of various sizes, verify size, validate content [Slow]" classname="Kubernetes e2e suite" time="0">
          <skipped></skipped>
      </testcase>
      <testcase name="[sig-storage] In-tree Volumes [Driver: nfs] [Testpattern: Pre-provisioned PV (default fs)] volumes should allow exec of files on the volume" classname="Kubernetes e2e suite" time="0">
          <skipped></skipped>
      </testcase>
      <testcase name="[sig-storage] In-tree Volumes [Driver: hostPathSymlink] [Testpattern: Dynamic PV (default fs)] subPath should support creating multiple subpath from same volumes [Slow]" classname="Kubernetes e2e suite" time="0">
          <skipped></skipped>
      </testcase>
      <testcase name="[sig-storage] In-tree Volumes [Driver: emptydir] [Testpattern: Pre-provisioned PV (default fs)] subPath should be able to unmount after the subpath directory is deleted" classname="Kubernetes e2e suite" time="0">
          <skipped></skipped>
      </testcase>
      <testcase name="[sig-api-machinery] Secrets should be consumable from pods in env vars [NodeConformance] [Conformance]" classname="Kubernetes e2e suite" time="12.163839886"></testcase>
      <testcase name="[sig-network] Services [Feature:GCEAlphaFeature][Slow] should be able to create and tear down a standard-tier load balancer [Slow]" classname="Kubernetes e2e suite" time="0">
          <skipped></skipped>
      </testcase>
      <testcase name="[sig-storage] In-tree Volumes [Driver: azure] [Testpattern: Inline-volume (default fs)] subPath should unmount if pod is gracefully deleted while kubelet is down [Disruptive][Slow]" classname="Kubernetes e2e suite" time="0">
          <skipped></skipped>
      </testcase>
      <testcase name="[sig-storage] In-tree Volumes [Driver: cinder] [Testpattern: Inline-volume (xfs)] volumes should allow exec of files on the volume" classname="Kubernetes e2e suite" time="0">
          <skipped></skipped>
      </testcase>
      <testcase name="[sig-storage] In-tree Volumes [Driver: emptydir] [Testpattern: Dynamic PV (default fs)] subPath should fail if subpath directory is outside the volume [Slow]" classname="Kubernetes e2e suite" time="0">
          <skipped></skipped>
      </testcase>
      <testcase name="[sig-storage] In-tree Volumes [Driver: nfs] [Testpattern: Inline-volume (default fs)] subPath should support file as subpath" classname="Kubernetes e2e suite" time="0">
          <skipped></skipped>
      </testcase>
      <testcase name="[sig-network] ESIPP [Slow] [DisabledForLargeClusters] should handle updates to ExternalTrafficPolicy field" classname="Kubernetes e2e suite" time="0">
          <skipped></skipped>
      </testcase>
      <testcase name="[sig-storage] In-tree Volumes [Driver: aws] [Testpattern: Pre-provisioned PV (default fs)] subPath should fail if subpath directory is outside the volume [Slow]" classname="Kubernetes e2e suite" time="0">
          <skipped></skipped>
      </testcase>
      <testcase name="[sig-storage] In-tree Volumes [Driver: hostPathSymlink] [Testpattern: Inline-volume (ext3)] volumes should allow exec of files on the volume" classname="Kubernetes e2e suite" time="0">
          <skipped></skipped>
      </testcase>
      <testcase name="[sig-cluster-lifecycle] Reboot [Disruptive] [Feature:Reboot] each node by triggering kernel panic and ensure they function upon restart" classname="Kubernetes e2e suite" time="0">
          <skipped></skipped>
      </testcase>
      <testcase name="[sig-storage] CSI Volumes [Driver: pd.csi.storage.gke.io][Feature: gcePD-external] [Testpattern: Dynamic PV (default fs)] subPath should support file as subpath" classname="Kubernetes e2e suite" time="0">
          <skipped></skipped>
      </testcase>
      <testcase name="[sig-storage] In-tree Volumes [Driver: aws] [Testpattern: Dynamic PV (default fs)] subPath should support readOnly file specified in the volumeMount" classname="Kubernetes e2e suite" time="0">
          <skipped></skipped>
      </testcase>
      <testcase name="[sig-api-machinery] Watchers should be able to start watching from a specific resource version [Conformance]" classname="Kubernetes e2e suite" time="8.353655696"></testcase>
      <testcase name="[sig-storage] Node Unregister [Feature:vsphere] [Slow] [Disruptive] node unregister" classname="Kubernetes e2e suite" time="0">
          <skipped></skipped>
      </testcase>
      <testcase name="[sig-storage] In-tree Volumes [Driver: azure] [Testpattern: Inline-volume (default fs)] subPath should support file as subpath" classname="Kubernetes e2e suite" time="0">
          <skipped></skipped>
      </testcase>
      <testcase name="[sig-storage] In-tree Volumes [Driver: ceph][Feature:Volumes] [Testpattern: Pre-provisioned PV (default fs)] subPath should support non-existent path" classname="Kubernetes e2e suite" time="0">
          <skipped></skipped>
      </testcase>
      <testcase name="[sig-storage] In-tree Volumes [Driver: rbd][Feature:Volumes] [Testpattern: Dynamic PV (default fs)] subPath should support existing single file" classname="Kubernetes e2e suite" time="0">
          <skipped></skipped>
      </testcase>
      <testcase name="[sig-storage] In-tree Volumes [Driver: iscsi][Feature:Volumes] [Testpattern: Inline-volume (default fs)] subPath should be able to unmount after the subpath directory is deleted" classname="Kubernetes e2e suite" time="0">
          <skipped></skipped>
      </testcase>
      <testcase name="[sig-storage] In-tree Volumes [Driver: nfs] [Testpattern: Pre-provisioned PV (default fs)] subPath should support readOnly file specified in the volumeMount" classname="Kubernetes e2e suite" time="0">
          <skipped></skipped>
      </testcase>
      <testcase name="[sig-storage] In-tree Volumes [Driver: gcepd] [Testpattern: Dynamic PV (default fs)] subPath should support file as subpath" classname="Kubernetes e2e suite" time="0">
          <skipped></skipped>
      </testcase>
      <testcase name="[sig-storage] Mounted flexvolume volume expand [Slow] [Feature:ExpandInUsePersistentVolumes] should be resizable when mounted" classname="Kubernetes e2e suite" time="0">
          <skipped></skipped>
      </testcase>
      <testcase name="[sig-storage] In-tree Volumes [Driver: hostPathSymlink] [Testpattern: Pre-provisioned PV (default fs)] subPath should support existing directory" classname="Kubernetes e2e suite" time="0">
          <skipped></skipped>
      </testcase>
      <testcase name="[k8s.io] Variable Expansion should fail substituting values in a volume subpath with backticks [Feature:VolumeSubpathEnvExpansion][NodeAlphaFeature:VolumeSubpathEnvExpansion][Slow]" classname="Kubernetes e2e suite" time="0">
          <skipped></skipped>
      </testcase>
      <testcase name="[sig-storage] In-tree Volumes [Driver: hostPath] [Testpattern: Inline-volume (default fs)] subPath should support non-existent path" classname="Kubernetes e2e suite" time="0">
          <skipped></skipped>
      </testcase>
      <testcase name="[sig-storage] In-tree Volumes [Driver: aws] [Testpattern: Inline-volume (default fs)] subPath should support readOnly file specified in the volumeMount" classname="Kubernetes e2e suite" time="0">
          <skipped></skipped>
      </testcase>
      <testcase name="[sig-storage] In-tree Volumes [Driver: rbd][Feature:Volumes] [Testpattern: Dynamic PV (ext3)] volumes should allow exec of files on the volume" classname="Kubernetes e2e suite" time="0">
          <skipped></skipped>
      </testcase>
      <testcase name="[sig-storage] Dynamic Provisioning DynamicProvisioner [Slow] deletion should be idempotent" classname="Kubernetes e2e suite" time="0">
          <skipped></skipped>
      </testcase>
      <testcase name="[sig-storage] PersistentVolumes-local  [Volume type: dir] Set fsGroup for local volume should set fsGroup for one pod" classname="Kubernetes e2e suite" time="0">
          <skipped></skipped>
      </testcase>
      <testcase name="[sig-storage] In-tree Volumes [Driver: iscsi][Feature:Volumes] [Testpattern: Pre-provisioned PV (default fs)] subPath should support existing directory" classname="Kubernetes e2e suite" time="0">
          <skipped></skipped>
      </testcase>
      <testcase name="[sig-storage] In-tree Volumes [Driver: gluster] [Testpattern: Inline-volume (default fs)] subPath should fail if subpath file is outside the volume [Slow]" classname="Kubernetes e2e suite" time="0">
          <skipped></skipped>
      </testcase>
      <testcase name="[k8s.io] [sig-node] kubelet [k8s.io] [sig-node] host cleanup with volume mounts [sig-storage][HostCleanup][Flaky] Host cleanup after disrupting NFS volume [NFS] after stopping the nfs-server and deleting the (active) client pod, the NFS mount and the pod&#39;s UID directory should be removed." classname="Kubernetes e2e suite" time="0">
          <skipped></skipped>
      </testcase>
      <testcase name="[sig-storage] Dynamic Provisioning DynamicProvisioner External should let an external dynamic provisioner create and delete persistent volumes [Slow]" classname="Kubernetes e2e suite" time="0">
          <skipped></skipped>
      </testcase>
      <testcase name="[sig-storage] Projected secret Should fail non-optional pod creation due to secret object does not exist [Slow]" classname="Kubernetes e2e suite" time="0">
          <skipped></skipped>
      </testcase>
      <testcase name="[sig-api-machinery] AdmissionWebhook Should deny crd creation" classname="Kubernetes e2e suite" time="0">
          <skipped></skipped>
      </testcase>
      <testcase name="[sig-storage] In-tree Volumes [Driver: hostPath] [Testpattern: Dynamic PV (filesystem volmode)] volumeMode should create sc, pod, pv, and pvc, read/write to the pv, and delete all created resources" classname="Kubernetes e2e suite" time="0">
          <skipped></skipped>
      </testcase>
      <testcase name="[sig-storage] In-tree Volumes [Driver: emptydir] [Testpattern: Dynamic PV (xfs)] volumes should be mountable" classname="Kubernetes e2e suite" time="0">
          <skipped></skipped>
      </testcase>
      <testcase name="[sig-scheduling] SchedulerPredicates [Serial] validates that there is no conflict between pods with same hostPort but different hostIP and protocol" classname="Kubernetes e2e suite" time="0">
          <skipped></skipped>
      </testcase>
      <testcase name="[sig-storage] CSI Volumes [Driver: pd.csi.storage.gke.io][Serial] [Testpattern: Dynamic PV (default fs)] subPath should unmount if pod is gracefully deleted while kubelet is down [Disruptive][Slow]" classname="Kubernetes e2e suite" time="0">
          <skipped></skipped>
      </testcase>
      <testcase name="[sig-cli] Kubectl Port forwarding [k8s.io] With a server listening on 0.0.0.0 should support forwarding over websockets" classname="Kubernetes e2e suite" time="0">
          <skipped></skipped>
      </testcase>
      <testcase name="[sig-network] DNS configMap nameserver [IPv4] Change stubDomain should be able to change stubDomain configuration [Slow][Serial]" classname="Kubernetes e2e suite" time="0">
          <skipped></skipped>
      </testcase>
      <testcase name="[sig-network] Networking IPerf IPv4 [Experimental] [Feature:Networking-IPv4] [Slow] [Feature:Networking-Performance] should transfer ~ 1GB onto the service endpoint 1 servers (maximum of 1 clients)" classname="Kubernetes e2e suite" time="0">
          <skipped></skipped>
      </testcase>
      <testcase name="[sig-network] Networking Granular Checks: Services [Slow] should function for node-Service: udp" classname="Kubernetes e2e suite" time="0">
          <skipped></skipped>
      </testcase>
      <testcase name="[sig-storage] In-tree Volumes [Driver: vSphere] [Testpattern: Inline-volume (default fs)] subPath should fail if subpath directory is outside the volume [Slow]" classname="Kubernetes e2e suite" time="0">
          <skipped></skipped>
      </testcase>
      <testcase name="[sig-storage] In-tree Volumes [Driver: gluster] [Testpattern: Inline-volume (xfs)] volumes should allow exec of files on the volume" classname="Kubernetes e2e suite" time="0">
          <skipped></skipped>
      </testcase>
      <testcase name="[sig-apps] Deployment iterative rollouts should eventually progress" classname="Kubernetes e2e suite" time="0">
          <skipped></skipped>
      </testcase>
      <testcase name="[sig-storage] In-tree Volumes [Driver: gcepd] [Testpattern: Inline-volume (default fs)] subPath should support restarting containers using file as subpath [Slow]" classname="Kubernetes e2e suite" time="0">
          <skipped></skipped>
      </testcase>
      <testcase name="[sig-storage] In-tree Volumes [Driver: azure] [Testpattern: Inline-volume (default fs)] subPath should fail if subpath with backstepping is outside the volume [Slow]" classname="Kubernetes e2e suite" time="0">
          <skipped></skipped>
      </testcase>
      <testcase name="[sig-storage] In-tree Volumes [Driver: gcepd] [Testpattern: Dynamic PV (ext3)] volumes should be mountable" classname="Kubernetes e2e suite" time="0">
          <skipped></skipped>
      </testcase>
      <testcase name="[sig-storage] In-tree Volumes [Driver: iscsi][Feature:Volumes] [Testpattern: Inline-volume (default fs)] volumeIO should write files of various sizes, verify size, validate content [Slow]" classname="Kubernetes e2e suite" time="0">
          <skipped></skipped>
      </testcase>
      <testcase name="[sig-storage] PersistentVolumes-local  [Volume type: dir-bindmounted] Two pods mounting a local volume one after the other should be able to write from pod1 and read from pod2" classname="Kubernetes e2e suite" time="0">
          <skipped></skipped>
      </testcase>
      <testcase name="[sig-cli] Kubectl client [k8s.io] Kubectl replace should update a single-container pod&#39;s image  [Conformance]" classname="Kubernetes e2e suite" time="17.060493119"></testcase>
      <testcase name="[sig-storage] Downward API volume should provide container&#39;s memory request [NodeConformance] [Conformance]" classname="Kubernetes e2e suite" time="12.324261097"></testcase>
      <testcase name="[sig-storage] In-tree Volumes [Driver: aws] [Testpattern: Dynamic PV (block volmode)] volumeMode should create sc, pod, pv, and pvc, read/write to the pv, and delete all created resources" classname="Kubernetes e2e suite" time="0">
          <skipped></skipped>
      </testcase>
      <testcase name="[sig-storage] In-tree Volumes [Driver: vSphere] [Testpattern: Dynamic PV (ext4)] volumes should be mountable" classname="Kubernetes e2e suite" time="0">
          <skipped></skipped>
      </testcase>
      <testcase name="[k8s.io] Downward API [Serial] [Disruptive] [NodeFeature:EphemeralStorage] Downward API tests for local ephemeral storage should provide container&#39;s limits.ephemeral-storage and requests.ephemeral-storage as env vars" classname="Kubernetes e2e suite" time="0">
          <skipped></skipped>
      </testcase>
      <testcase name="[sig-storage] PersistentVolumes-local  [Volume type: dir-bindmounted] Set fsGroup for local volume should set fsGroup for one pod" classname="Kubernetes e2e suite" time="0">
          <skipped></skipped>
      </testcase>
      <testcase name="[k8s.io] [sig-node] Pods Extended [k8s.io] Delete Grace Period should be submitted and removed  [Flaky]" classname="Kubernetes e2e suite" time="0">
          <skipped></skipped>
      </testcase>
      <testcase name="[sig-storage] In-tree Volumes [Driver: gluster] [Testpattern: Pre-provisioned PV (default fs)] subPath should unmount if pod is gracefully deleted while kubelet is down [Disruptive][Slow]" classname="Kubernetes e2e suite" time="0">
          <skipped></skipped>
      </testcase>
      <testcase name="[sig-scalability] Load capacity [Feature:ManualPerformance] should be able to handle 30 pods per node Random with 0 secrets, 0 configmaps and 0 daemons" classname="Kubernetes e2e suite" time="0">
          <skipped></skipped>
      </testcase>
      <testcase name="[sig-api-machinery] Servers with support for API chunking should support continue listing from the last key if the original version has been compacted away, though the list is inconsistent" classname="Kubernetes e2e suite" time="0">
          <skipped></skipped>
      </testcase>
      <testcase name="[sig-storage] In-tree Volumes [Driver: hostPath] [Testpattern: Dynamic PV (default fs)] subPath should unmount if pod is gracefully deleted while kubelet is down [Disruptive][Slow]" classname="Kubernetes e2e suite" time="0">
          <skipped></skipped>
      </testcase>
      <testcase name="[sig-storage] Storage Policy Based Volume Provisioning [Feature:vsphere] verify VSAN storage capability with invalid diskStripes value is not honored for dynamically provisioned pvc using storageclass" classname="Kubernetes e2e suite" time="0">
          <skipped></skipped>
      </testcase>
      <testcase name="[sig-storage] In-tree Volumes [Driver: vSphere] [Testpattern: Dynamic PV (default fs)] subPath should support restarting containers using file as subpath [Slow]" classname="Kubernetes e2e suite" time="0">
          <skipped></skipped>
      </testcase>
      <testcase name="[k8s.io] Security Context When creating a pod with readOnlyRootFilesystem should run the container with writable rootfs when readOnlyRootFilesystem=false [NodeConformance]" classname="Kubernetes e2e suite" time="0">
          <skipped></skipped>
      </testcase>
      <testcase name="[sig-api-machinery] Garbage collector should delete RS created by deployment when not orphaning [Conformance]" classname="Kubernetes e2e suite" time="8.586964734"></testcase>
      <testcase name="[sig-storage] CSI Volumes [Driver: csi-hostpath-v0] [Testpattern: Dynamic PV (ext4)] volumes should allow exec of files on the volume" classname="Kubernetes e2e suite" time="0">
          <skipped></skipped>
      </testcase>
      <testcase name="[sig-cluster-lifecycle] [Feature:BootstrapTokens] should delete the signed bootstrap tokens from clusterInfo ConfigMap when bootstrap token is deleted" classname="Kubernetes e2e suite" time="0">
          <skipped></skipped>
      </testcase>
      <testcase name="[sig-storage] In-tree Volumes [Driver: hostPath] [Testpattern: Inline-volume (default fs)] subPath should support existing single file" classname="Kubernetes e2e suite" time="0">
          <skipped></skipped>
      </testcase>
      <testcase name="[sig-storage] In-tree Volumes [Driver: azure] [Testpattern: Pre-provisioned PV (ext3)] volumes should allow exec of files on the volume" classname="Kubernetes e2e suite" time="0">
          <skipped></skipped>
      </testcase>
      <testcase name="[sig-storage] In-tree Volumes [Driver: rbd][Feature:Volumes] [Testpattern: Inline-volume (default fs)] subPath should unmount if pod is force deleted while kubelet is down [Disruptive][Slow]" classname="Kubernetes e2e suite" time="0">
          <skipped></skipped>
      </testcase>
      <testcase name="[sig-network] Services should prevent NodePort collisions" classname="Kubernetes e2e suite" time="0">
          <skipped></skipped>
      </testcase>
      <testcase name="[sig-storage] In-tree Volumes [Driver: ceph][Feature:Volumes] [Testpattern: Pre-provisioned PV (default fs)] subPath should fail if subpath with backstepping is outside the volume [Slow]" classname="Kubernetes e2e suite" time="0">
          <skipped></skipped>
      </testcase>
      <testcase name="[sig-storage] In-tree Volumes [Driver: hostPath] [Testpattern: Dynamic PV (ext3)] volumes should allow exec of files on the volume" classname="Kubernetes e2e suite" time="0">
          <skipped></skipped>
      </testcase>
      <testcase name="[sig-storage] In-tree Volumes [Driver: gluster] [Testpattern: Pre-provisioned PV (default fs)] volumes should allow exec of files on the volume" classname="Kubernetes e2e suite" time="0">
          <skipped></skipped>
      </testcase>
      <testcase name="[sig-network] Loadbalancing: L7 GCE [Slow] [Feature:NEG] should be able to create a ClusterIP service" classname="Kubernetes e2e suite" time="0">
          <skipped></skipped>
      </testcase>
      <testcase name="[sig-storage] In-tree Volumes [Driver: gluster] [Testpattern: Inline-volume (ext3)] volumes should allow exec of files on the volume" classname="Kubernetes e2e suite" time="0">
          <skipped></skipped>
      </testcase>
      <testcase name="[k8s.io] [sig-node] Security Context [Feature:SecurityContext] should support seccomp alpha runtime/default annotation [Feature:Seccomp]" classname="Kubernetes e2e suite" time="0">
          <skipped></skipped>
      </testcase>
      <testcase name="[sig-scalability] Load capacity [Feature:ManualPerformance] should be able to handle 30 pods per node ReplicationController with 0 secrets, 0 configmaps and 2 daemons" classname="Kubernetes e2e suite" time="0">
          <skipped></skipped>
      </testcase>
      <testcase name="[sig-storage] In-tree Volumes [Driver: rbd][Feature:Volumes] [Testpattern: Pre-provisioned PV (default fs)] volumeIO should write files of various sizes, verify size, validate content [Slow]" classname="Kubernetes e2e suite" time="0">
          <skipped></skipped>
      </testcase>
      <testcase name="[sig-storage] In-tree Volumes [Driver: vSphere] [Testpattern: Inline-volume (ext3)] volumes should allow exec of files on the volume" classname="Kubernetes e2e suite" time="0">
          <skipped></skipped>
      </testcase>
      <testcase name="[k8s.io] Sysctls [NodeFeature:Sysctls] should support sysctls" classname="Kubernetes e2e suite" time="0">
          <skipped></skipped>
      </testcase>
      <testcase name="[sig-storage] In-tree Volumes [Driver: vSphere] [Testpattern: Inline-volume (default fs)] subPath should support restarting containers using directory as subpath [Slow]" classname="Kubernetes e2e suite" time="0">
          <skipped></skipped>
      </testcase>
      <testcase name="[sig-storage] In-tree Volumes [Driver: cinder] [Testpattern: Dynamic PV (default fs)] subPath should support existing directory" classname="Kubernetes e2e suite" time="0">
          <skipped></skipped>
      </testcase>
      <testcase name="[sig-storage] In-tree Volumes [Driver: rbd][Feature:Volumes] [Testpattern: Pre-provisioned PV (default fs)] subPath should support readOnly file specified in the volumeMount" classname="Kubernetes e2e suite" time="0">
          <skipped></skipped>
      </testcase>
      <testcase name="[k8s.io] Variable Expansion should allow composing env vars into new env vars [NodeConformance] [Conformance]" classname="Kubernetes e2e suite" time="12.115131614"></testcase>
      <testcase name="[sig-network] ESIPP [Slow] [DisabledForLargeClusters] should work for type=NodePort" classname="Kubernetes e2e suite" time="0">
          <skipped></skipped>
      </testcase>
      <testcase name="[sig-network] Firewall rule [Slow] [Serial] should create valid firewall rules for LoadBalancer type service" classname="Kubernetes e2e suite" time="0">
          <skipped></skipped>
      </testcase>
      <testcase name="[sig-storage] In-tree Volumes [Driver: hostPath] [Testpattern: Pre-provisioned PV (default fs)] subPath should unmount if pod is force deleted while kubelet is down [Disruptive][Slow]" classname="Kubernetes e2e suite" time="0">
          <skipped></skipped>
      </testcase>
      <testcase name="[sig-apps] StatefulSet [k8s.io] Basic StatefulSet functionality [StatefulSetBasic] should perform rolling updates and roll backs of template modifications with PVCs" classname="Kubernetes e2e suite" time="0">
          <skipped></skipped>
      </testcase>
      <testcase name="[sig-storage] In-tree Volumes [Driver: cinder] [Testpattern: Pre-provisioned PV (default fs)] subPath should support restarting containers using directory as subpath [Slow]" classname="Kubernetes e2e suite" time="0">
          <skipped></skipped>
      </testcase>
      <testcase name="[sig-storage] In-tree Volumes [Driver: hostPathSymlink] [Testpattern: Inline-volume (default fs)] volumes should allow exec of files on the volume" classname="Kubernetes e2e suite" time="0">
          <skipped></skipped>
      </testcase>
      <testcase name="[sig-storage] In-tree Volumes [Driver: aws] [Testpattern: Inline-volume (default fs)] subPath should support non-existent path" classname="Kubernetes e2e suite" time="0">
          <skipped></skipped>
      </testcase>
      <testcase name="[sig-storage] PVC Protection Verify that scheduling of a pod that uses PVC that is being deleted fails and the pod becomes Unschedulable" classname="Kubernetes e2e suite" time="0">
          <skipped></skipped>
      </testcase>
      <testcase name="[sig-storage] In-tree Volumes [Driver: nfs] [Testpattern: Inline-volume (default fs)] subPath should support non-existent path" classname="Kubernetes e2e suite" time="0">
          <skipped></skipped>
      </testcase>
      <testcase name="[sig-storage] In-tree Volumes [Driver: vSphere] [Testpattern: Inline-volume (default fs)] subPath should support existing single file" classname="Kubernetes e2e suite" time="0">
          <skipped></skipped>
      </testcase>
      <testcase name="[k8s.io] Pods should have their auto-restart back-off timer reset on image update [Slow][NodeConformance]" classname="Kubernetes e2e suite" time="0">
          <skipped></skipped>
      </testcase>
      <testcase name="[sig-storage] CSI Volumes [Driver: csi-hostpath] [Testpattern: Dynamic PV (default fs)] subPath should support file as subpath" classname="Kubernetes e2e suite" time="0">
          <skipped></skipped>
      </testcase>
      <testcase name="[sig-storage] In-tree Volumes [Driver: vSphere] [Testpattern: Pre-provisioned PV (default fs)] subPath should support readOnly file specified in the volumeMount" classname="Kubernetes e2e suite" time="0">
          <skipped></skipped>
      </testcase>
      <testcase name="[sig-api-machinery] Secrets should be consumable via the environment [NodeConformance] [Conformance]" classname="Kubernetes e2e suite" time="12.151488107"></testcase>
      <testcase name="[sig-storage] In-tree Volumes [Driver: gluster] [Testpattern: Pre-provisioned PV (default fs)] subPath should support restarting containers using directory as subpath [Slow]" classname="Kubernetes e2e suite" time="0">
          <skipped></skipped>
      </testcase>
      <testcase name="[sig-storage] In-tree Volumes [Driver: emptydir] [Testpattern: Pre-provisioned PV (ext3)] volumes should allow exec of files on the volume" classname="Kubernetes e2e suite" time="0">
          <skipped></skipped>
      </testcase>
      <testcase name="[k8s.io] [sig-node] Security Context [Feature:SecurityContext] should support pod.Spec.SecurityContext.RunAsUser And pod.Spec.SecurityContext.RunAsGroup [Feature:RunAsGroup]" classname="Kubernetes e2e suite" time="0">
          <skipped></skipped>
      </testcase>
      <testcase name="[sig-storage] In-tree Volumes [Driver: hostPathSymlink] [Testpattern: Inline-volume (default fs)] subPath should support restarting containers using directory as subpath [Slow]" classname="Kubernetes e2e suite" time="0">
          <skipped></skipped>
      </testcase>
      <testcase name="[sig-storage] In-tree Volumes [Driver: hostPath] [Testpattern: Dynamic PV (default fs)] volumes should be mountable" classname="Kubernetes e2e suite" time="0">
          <skipped></skipped>
      </testcase>
      <testcase name="[sig-cli] Kubectl client [k8s.io] Kubectl run default should create an rc or deployment from an image  [Conformance]" classname="Kubernetes e2e suite" time="10.542744257"></testcase>
      <testcase name="[sig-auth] [Feature:NodeAuthorizer] Getting an existing secret should exit with the Forbidden error" classname="Kubernetes e2e suite" time="0">
          <skipped></skipped>
      </testcase>
      <testcase name="[sig-storage] CSI Volumes CSI attach test using HostPath driver [Feature:CSIDriverRegistry] attachable volume needs VolumeAttachment" classname="Kubernetes e2e suite" time="0">
          <skipped></skipped>
      </testcase>
      <testcase name="[sig-apps] StatefulSet [k8s.io] Basic StatefulSet functionality [StatefulSetBasic] should implement legacy replacement when the update strategy is OnDelete" classname="Kubernetes e2e suite" time="0">
          <skipped></skipped>
      </testcase>
      <testcase name="[sig-storage] In-tree Volumes [Driver: rbd][Feature:Volumes] [Testpattern: Inline-volume (default fs)] subPath should support existing single file" classname="Kubernetes e2e suite" time="0">
          <skipped></skipped>
      </testcase>
      <testcase name="[sig-cluster-lifecycle] Upgrade [Feature:Upgrade] master upgrade should maintain a functioning cluster [Feature:MasterUpgrade]" classname="Kubernetes e2e suite" time="0">
          <skipped></skipped>
      </testcase>
      <testcase name="[sig-apps] DisruptionController should create a PodDisruptionBudget" classname="Kubernetes e2e suite" time="0">
          <skipped></skipped>
      </testcase>
      <testcase name="[sig-storage] In-tree Volumes [Driver: hostPathSymlink] [Testpattern: Pre-provisioned PV (ext4)] volumes should be mountable" classname="Kubernetes e2e suite" time="0">
          <skipped></skipped>
      </testcase>
      <testcase name="[sig-storage] In-tree Volumes [Driver: cinder] [Testpattern: Inline-volume (xfs)] volumes should be mountable" classname="Kubernetes e2e suite" time="0">
          <skipped></skipped>
      </testcase>
      <testcase name="[sig-node] Downward API should provide pod UID as env vars [NodeConformance] [Conformance]" classname="Kubernetes e2e suite" time="12.185728877"></testcase>
      <testcase name="[sig-cluster-lifecycle] Reboot [Disruptive] [Feature:Reboot] each node by dropping all outbound packets for a while and ensure they function afterwards" classname="Kubernetes e2e suite" time="0">
          <skipped></skipped>
      </testcase>
      <testcase name="[sig-apps] StatefulSet [k8s.io] Basic StatefulSet functionality [StatefulSetBasic] Should recreate evicted statefulset [Conformance]" classname="Kubernetes e2e suite" time="35.816369899"></testcase>
      <testcase name="[sig-storage] PersistentVolumes-local  [Volume type: blockfswithformat] One pod requesting one prebound PVC should be able to mount volume and read from pod1" classname="Kubernetes e2e suite" time="0">
          <skipped></skipped>
      </testcase>
      <testcase name="[sig-storage] HostPath should give a volume the correct mode [NodeConformance] [Conformance]" classname="Kubernetes e2e suite" time="14.265699439"></testcase>
      <testcase name="[sig-storage] In-tree Volumes [Driver: ceph][Feature:Volumes] [Testpattern: Pre-provisioned PV (block volmode)] volumeMode should fail to create pod by failing to mount volume" classname="Kubernetes e2e suite" time="0">
          <skipped></skipped>
      </testcase>
      <testcase name="[sig-network] DNS should provide DNS for the cluster  [Conformance]" classname="Kubernetes e2e suite" time="16.42208961"></testcase>
      <testcase name="[sig-storage] In-tree Volumes [Driver: azure] [Testpattern: Inline-volume (default fs)] volumes should allow exec of files on the volume" classname="Kubernetes e2e suite" time="0">
          <skipped></skipped>
      </testcase>
      <testcase name="[sig-network] Proxy version v1 should proxy logs on node with explicit kubelet port using proxy subresource  [Conformance]" classname="Kubernetes e2e suite" time="8.515865002"></testcase>
      <testcase name="[sig-storage] In-tree Volumes [Driver: emptydir] [Testpattern: Pre-provisioned PV (default fs)] volumes should be mountable" classname="Kubernetes e2e suite" time="0">
          <skipped></skipped>
      </testcase>
      <testcase name="[sig-storage] In-tree Volumes [Driver: aws] [Testpattern: Dynamic PV (xfs)] volumes should allow exec of files on the volume" classname="Kubernetes e2e suite" time="0">
          <skipped></skipped>
      </testcase>
      <testcase name="[sig-storage] In-tree Volumes [Driver: nfs] [Testpattern: Pre-provisioned PV (default fs)] subPath should fail if non-existent subpath is outside the volume [Slow]" classname="Kubernetes e2e suite" time="0">
          <skipped></skipped>
      </testcase>
      <testcase name="[sig-storage] Regional PD RegionalPD should provision storage in the allowedTopologies with delayed binding [Slow]" classname="Kubernetes e2e suite" time="0">
          <skipped></skipped>
      </testcase>
      <testcase name="[sig-storage] In-tree Volumes [Driver: gluster] [Testpattern: Pre-provisioned PV (default fs)] subPath should unmount if pod is force deleted while kubelet is down [Disruptive][Slow]" classname="Kubernetes e2e suite" time="0">
          <skipped></skipped>
      </testcase>
      <testcase name="[sig-storage] Projected downwardAPI should update labels on modification [NodeConformance] [Conformance]" classname="Kubernetes e2e suite" time="32.641227489"></testcase>
      <testcase name="[sig-storage] In-tree Volumes [Driver: hostPathSymlink] [Testpattern: Inline-volume (xfs)] volumes should allow exec of files on the volume" classname="Kubernetes e2e suite" time="0">
          <skipped></skipped>
      </testcase>
      <testcase name="[sig-instrumentation] [Feature:PrometheusMonitoring] Prometheus should successfully scrape all targets" classname="Kubernetes e2e suite" time="0">
          <skipped></skipped>
      </testcase>
      <testcase name="[sig-network] Networking Granular Checks: Pods should function for intra-pod communication: http [NodeConformance] [Conformance]" classname="Kubernetes e2e suite" time="51.419509807"></testcase>
      <testcase name="[k8s.io] Security Context When creating a pod with privileged should run the container as unprivileged when false [NodeConformance]" classname="Kubernetes e2e suite" time="0">
          <skipped></skipped>
      </testcase>
      <testcase name="[sig-storage] In-tree Volumes [Driver: nfs] [Testpattern: Dynamic PV (default fs)] provisioning should create and delete block persistent volumes" classname="Kubernetes e2e suite" time="0">
          <skipped></skipped>
      </testcase>
      <testcase name="[sig-api-machinery] Garbage collector should orphan RS created by deployment when deleteOptions.PropagationPolicy is Orphan [Conformance]" classname="Kubernetes e2e suite" time="38.218177926"></testcase>
      <testcase name="[sig-apps] Network Partition [Disruptive] [Slow] [k8s.io] [StatefulSet] should not reschedule stateful pods if there is a network partition [Slow] [Disruptive]" classname="Kubernetes e2e suite" time="0">
          <skipped></skipped>
      </testcase>
      <testcase name="[sig-autoscaling] [HPA] Horizontal pod autoscaling (scale resource: CPU) [sig-autoscaling] [Serial] [Slow] Deployment Should scale from 1 pod to 3 pods and from 3 to 5" classname="Kubernetes e2e suite" time="0">
          <skipped></skipped>
      </testcase>
      <testcase name="[sig-autoscaling] Cluster size autoscaling [Slow] should scale up when non expendable pod is created [Feature:ClusterSizeAutoscalingScaleUp]" classname="Kubernetes e2e suite" time="0">
          <skipped></skipped>
      </testcase>
      <testcase name="[sig-scheduling] Multi-AZ Cluster Volumes [sig-storage] should schedule pods in the same zones as statically provisioned PVs" classname="Kubernetes e2e suite" time="0">
          <skipped></skipped>
      </testcase>
      <testcase name="[sig-storage] In-tree Volumes [Driver: nfs] [Testpattern: Dynamic PV (default fs)] subPath should support creating multiple subpath from same volumes [Slow]" classname="Kubernetes e2e suite" time="0">
          <skipped></skipped>
      </testcase>
      <testcase name="[sig-storage] PersistentVolumes NFS when invoking the Recycle reclaim policy should test that a PV becomes Available and is clean after the PVC is deleted." classname="Kubernetes e2e suite" time="0">
          <skipped></skipped>
      </testcase>
      <testcase name="[sig-storage] In-tree Volumes [Driver: azure] [Testpattern: Inline-volume (default fs)] subPath should support restarting containers using directory as subpath [Slow]" classname="Kubernetes e2e suite" time="0">
          <skipped></skipped>
      </testcase>
      <testcase name="[sig-storage] In-tree Volumes [Driver: azure] [Testpattern: Inline-volume (default fs)] subPath should support restarting containers using file as subpath [Slow]" classname="Kubernetes e2e suite" time="0">
          <skipped></skipped>
      </testcase>
      <testcase name="[sig-storage] In-tree Volumes [Driver: gluster] [Testpattern: Dynamic PV (default fs)] volumeIO should write files of various sizes, verify size, validate content [Slow]" classname="Kubernetes e2e suite" time="0">
          <skipped></skipped>
      </testcase>
      <testcase name="[sig-storage] Downward API volume should provide podname as non-root with fsgroup and defaultMode [NodeFeature:FSGroup]" classname="Kubernetes e2e suite" time="0">
          <skipped></skipped>
      </testcase>
      <testcase name="[sig-storage] In-tree Volumes [Driver: nfs] [Testpattern: Dynamic PV (default fs)] subPath should support existing single file" classname="Kubernetes e2e suite" time="0">
          <skipped></skipped>
      </testcase>
      <testcase name="[sig-storage] In-tree Volumes [Driver: cinder] [Testpattern: Dynamic PV (default fs)] subPath should unmount if pod is gracefully deleted while kubelet is down [Disruptive][Slow]" classname="Kubernetes e2e suite" time="0">
          <skipped></skipped>
      </testcase>
      <testcase name="[sig-storage] In-tree Volumes [Driver: hostPathSymlink] [Testpattern: Pre-provisioned PV (default fs)] subPath should support non-existent path" classname="Kubernetes e2e suite" time="0">
          <skipped></skipped>
      </testcase>
      <testcase name="[sig-storage] PersistentVolumes-local  Pod with node different from PV&#39;s NodeAffinity should fail scheduling due to different NodeAffinity" classname="Kubernetes e2e suite" time="0">
          <skipped></skipped>
      </testcase>
      <testcase name="[sig-storage] Pod Disks schedule a pod w/ RW PD(s) mounted to 1 or more containers, write to PD, verify content, delete pod, and repeat in rapid succession [Slow] using 1 containers and 2 PDs" classname="Kubernetes e2e suite" time="0">
          <skipped></skipped>
      </testcase>
      <testcase name="[sig-apps] Network Partition [Disruptive] [Slow] [k8s.io] [Job] should create new pods when node is partitioned" classname="Kubernetes e2e suite" time="0">
          <skipped></skipped>
      </testcase>
      <testcase name="[sig-apps] StatefulSet [k8s.io] Basic StatefulSet functionality [StatefulSetBasic] should not deadlock when a pod&#39;s predecessor fails" classname="Kubernetes e2e suite" time="0">
          <skipped></skipped>
      </testcase>
      <testcase name="[k8s.io] [Feature:Example] [k8s.io] Liveness liveness pods should be automatically restarted" classname="Kubernetes e2e suite" time="0">
          <skipped></skipped>
      </testcase>
      <testcase name="[sig-storage] In-tree Volumes [Driver: vSphere] [Testpattern: Dynamic PV (xfs)] volumes should allow exec of files on the volume" classname="Kubernetes e2e suite" time="0">
          <skipped></skipped>
      </testcase>
      <testcase name="[sig-storage] In-tree Volumes [Driver: azure] [Testpattern: Dynamic PV (default fs)] subPath should support readOnly file specified in the volumeMount" classname="Kubernetes e2e suite" time="0">
          <skipped></skipped>
      </testcase>
      <testcase name="[sig-storage] PersistentVolumes-local  StatefulSet with pod affinity [Slow] should use volumes on one node when pod management is parallel and pod has affinity" classname="Kubernetes e2e suite" time="0">
          <skipped></skipped>
      </testcase>
      <testcase name="[sig-storage] In-tree Volumes [Driver: rbd][Feature:Volumes] [Testpattern: Dynamic PV (ext3)] volumes should be mountable" classname="Kubernetes e2e suite" time="0">
          <skipped></skipped>
      </testcase>
      <testcase name="[sig-storage] In-tree Volumes [Driver: ceph][Feature:Volumes] [Testpattern: Dynamic PV (default fs)] volumeIO should write files of various sizes, verify size, validate content [Slow]" classname="Kubernetes e2e suite" time="0">
          <skipped></skipped>
      </testcase>
      <testcase name="[sig-storage] In-tree Volumes [Driver: gluster] [Testpattern: Pre-provisioned PV (default fs)] volumes should be mountable" classname="Kubernetes e2e suite" time="0">
          <skipped></skipped>
      </testcase>
      <testcase name="[sig-storage] In-tree Volumes [Driver: hostPathSymlink] [Testpattern: Inline-volume (default fs)] subPath should support existing single file" classname="Kubernetes e2e suite" time="0">
          <skipped></skipped>
      </testcase>
      <testcase name="[sig-storage] [Serial] Volume metrics PVController should create bound pv/pvc count metrics for pvc controller after creating both pv and pvc" classname="Kubernetes e2e suite" time="0">
          <skipped></skipped>
      </testcase>
      <testcase name="[sig-storage] In-tree Volumes [Driver: hostPathSymlink] [Testpattern: Inline-volume (default fs)] subPath should support existing directory" classname="Kubernetes e2e suite" time="0">
          <skipped></skipped>
      </testcase>
      <testcase name="[sig-storage] Flexvolumes should be mountable when non-attachable" classname="Kubernetes e2e suite" time="0">
          <skipped></skipped>
      </testcase>
      <testcase name="[sig-scheduling] ResourceQuota should create a ResourceQuota and capture the life of a replication controller." classname="Kubernetes e2e suite" time="0">
          <skipped></skipped>
      </testcase>
      <testcase name="[sig-storage] In-tree Volumes [Driver: gcepd] [Testpattern: Dynamic PV (filesystem volmode)] volumeMode should create sc, pod, pv, and pvc, read/write to the pv, and delete all created resources" classname="Kubernetes e2e suite" time="0">
          <skipped></skipped>
      </testcase>
      <testcase name="[sig-storage] In-tree Volumes [Driver: emptydir] [Testpattern: Inline-volume (default fs)] subPath should support readOnly directory specified in the volumeMount" classname="Kubernetes e2e suite" time="0">
          <skipped></skipped>
      </testcase>
      <testcase name="[sig-storage] In-tree Volumes [Driver: hostPathSymlink] [Testpattern: Inline-volume (default fs)] subPath should fail if subpath with backstepping is outside the volume [Slow]" classname="Kubernetes e2e suite" time="0">
          <skipped></skipped>
      </testcase>
      <testcase name="[sig-autoscaling] [HPA] Horizontal pod autoscaling (scale resource: CPU) [sig-autoscaling] [Serial] [Slow] ReplicationController Should scale from 5 pods to 3 pods and from 3 to 1 and verify decision stability" classname="Kubernetes e2e suite" time="0">
          <skipped></skipped>
      </testcase>
      <testcase name="[sig-storage] In-tree Volumes [Driver: hostPathSymlink] [Testpattern: Inline-volume (default fs)] subPath should support readOnly directory specified in the volumeMount" classname="Kubernetes e2e suite" time="0">
          <skipped></skipped>
      </testcase>
      <testcase name="[sig-storage] In-tree Volumes [Driver: ceph][Feature:Volumes] [Testpattern: Dynamic PV (default fs)] subPath should support existing directories when readOnly specified in the volumeSource" classname="Kubernetes e2e suite" time="0">
          <skipped></skipped>
      </testcase>
      <testcase name="[sig-cli] Kubectl Port forwarding [k8s.io] With a server listening on localhost [k8s.io] that expects NO client request should support a client that connects, sends DATA, and disconnects" classname="Kubernetes e2e suite" time="0">
          <skipped></skipped>
      </testcase>
      <testcase name="[sig-autoscaling] Cluster size autoscaling [Slow] should add node to the particular mig [Feature:ClusterSizeAutoscalingScaleUp]" classname="Kubernetes e2e suite" time="0">
          <skipped></skipped>
      </testcase>
      <testcase name="[sig-cli] Kubectl client [k8s.io] Kubectl apply should reuse port when apply to an existing SVC" classname="Kubernetes e2e suite" time="0">
          <skipped></skipped>
      </testcase>
      <testcase name="[sig-storage] In-tree Volumes [Driver: azure] [Testpattern: Dynamic PV (default fs)] subPath should support readOnly directory specified in the volumeMount" classname="Kubernetes e2e suite" time="0">
          <skipped></skipped>
      </testcase>
      <testcase name="[sig-storage] In-tree Volumes [Driver: aws] [Testpattern: Inline-volume (ext3)] volumes should be mountable" classname="Kubernetes e2e suite" time="0">
          <skipped></skipped>
      </testcase>
      <testcase name="[sig-cli] Kubectl client [k8s.io] Kubectl logs should be able to retrieve and filter logs  [Conformance]" classname="Kubernetes e2e suite" time="33.649460264"></testcase>
      <testcase name="[sig-storage] Dynamic Provisioning [k8s.io] GlusterDynamicProvisioner should create and delete persistent volumes [fast]" classname="Kubernetes e2e suite" time="0">
          <skipped></skipped>
      </testcase>
      <testcase name="[sig-storage] CSI Volumes [Driver: csi-hostpath] [Testpattern: Dynamic PV (default fs)] subPath should be able to unmount after the subpath directory is deleted" classname="Kubernetes e2e suite" time="0">
          <skipped></skipped>
      </testcase>
      <testcase name="[sig-storage] In-tree Volumes [Driver: rbd][Feature:Volumes] [Testpattern: Pre-provisioned PV (default fs)] subPath should fail if subpath directory is outside the volume [Slow]" classname="Kubernetes e2e suite" time="0">
          <skipped></skipped>
      </testcase>
      <testcase name="[sig-storage] In-tree Volumes [Driver: gcepd] [Testpattern: Inline-volume (ext3)] volumes should be mountable" classname="Kubernetes e2e suite" time="0">
          <skipped></skipped>
      </testcase>
      <testcase name="[sig-storage] In-tree Volumes [Driver: gluster] [Testpattern: Dynamic PV (default fs)] subPath should fail if subpath file is outside the volume [Slow]" classname="Kubernetes e2e suite" time="0">
          <skipped></skipped>
      </testcase>
      <testcase name="[sig-storage] In-tree Volumes [Driver: hostPathSymlink] [Testpattern: Dynamic PV (default fs)] provisioning should provision storage with defaults" classname="Kubernetes e2e suite" time="0">
          <skipped></skipped>
      </testcase>
      <testcase name="[sig-cli] Kubectl client [k8s.io] Kubectl rolling-update should support rolling-update to same image  [Conformance]" classname="Kubernetes e2e suite" time="43.295401763"></testcase>
      <testcase name="[sig-storage] In-tree Volumes [Driver: iscsi][Feature:Volumes] [Testpattern: Dynamic PV (default fs)] subPath should support existing directory" classname="Kubernetes e2e suite" time="0">
          <skipped></skipped>
      </testcase>
      <testcase name="[sig-storage] In-tree Volumes [Driver: emptydir] [Testpattern: Inline-volume (default fs)] subPath should unmount if pod is gracefully deleted while kubelet is down [Disruptive][Slow]" classname="Kubernetes e2e suite" time="0">
          <skipped></skipped>
      </testcase>
      <testcase name="[sig-cli] Kubectl Port forwarding [k8s.io] With a server listening on localhost [k8s.io] that expects a client request should support a client that connects, sends NO DATA, and disconnects" classname="Kubernetes e2e suite" time="0">
          <skipped></skipped>
      </testcase>
      <testcase name="[sig-storage] Pod Disks detach in a disrupted environment [Slow] [Disruptive] when node&#39;s API object is deleted" classname="Kubernetes e2e suite" time="0">
          <skipped></skipped>
      </testcase>
      <testcase name="[sig-storage] In-tree Volumes [Driver: iscsi][Feature:Volumes] [Testpattern: Dynamic PV (default fs)] subPath should unmount if pod is force deleted while kubelet is down [Disruptive][Slow]" classname="Kubernetes e2e suite" time="0">
          <skipped></skipped>
      </testcase>
      <testcase name="[sig-storage] In-tree Volumes [Driver: vSphere] [Testpattern: Pre-provisioned PV (ext3)] volumes should be mountable" classname="Kubernetes e2e suite" time="0">
          <skipped></skipped>
      </testcase>
      <testcase name="[sig-network] Network should set TCP CLOSE_WAIT timeout" classname="Kubernetes e2e suite" time="0">
          <skipped></skipped>
      </testcase>
      <testcase name="[sig-storage] In-tree Volumes [Driver: hostPathSymlink] [Testpattern: Inline-volume (default fs)] subPath should support non-existent path" classname="Kubernetes e2e suite" time="0">
          <skipped></skipped>
      </testcase>
      <testcase name="[sig-scheduling] ResourceQuota should verify ResourceQuota with terminating scopes." classname="Kubernetes e2e suite" time="0">
          <skipped></skipped>
      </testcase>
      <testcase name="[sig-storage] In-tree Volumes [Driver: azure] [Testpattern: Inline-volume (ext3)] volumes should be mountable" classname="Kubernetes e2e suite" time="0">
          <skipped></skipped>
      </testcase>
      <testcase name="[sig-storage] CSI Volumes [Driver: csi-hostpath-v0] [Testpattern: Dynamic PV (default fs)] subPath should support readOnly file specified in the volumeMount" classname="Kubernetes e2e suite" time="0">
          <skipped></skipped>
      </testcase>
      <testcase name="[sig-storage] In-tree Volumes [Driver: aws] [Testpattern: Pre-provisioned PV (default fs)] subPath should support non-existent path" classname="Kubernetes e2e suite" time="0">
          <skipped></skipped>
      </testcase>
      <testcase name="[sig-network] Loadbalancing: L7 GCE [Slow] [Feature:Ingress] should update ingress while sync failures occur on other ingresses" classname="Kubernetes e2e suite" time="0">
          <skipped></skipped>
      </testcase>
      <testcase name="[sig-storage] In-tree Volumes [Driver: hostPath] [Testpattern: Dynamic PV (default fs)] provisioning should provision storage with defaults" classname="Kubernetes e2e suite" time="0">
          <skipped></skipped>
      </testcase>
      <testcase name="[sig-storage] In-tree Volumes [Driver: aws] [Testpattern: Pre-provisioned PV (ext3)] volumes should be mountable" classname="Kubernetes e2e suite" time="0">
          <skipped></skipped>
      </testcase>
      <testcase name="[sig-storage] In-tree Volumes [Driver: emptydir] [Testpattern: Inline-volume (default fs)] subPath should fail if subpath directory is outside the volume [Slow]" classname="Kubernetes e2e suite" time="0">
          <skipped></skipped>
      </testcase>
      <testcase name="[sig-storage] CSI Volumes [Driver: pd.csi.storage.gke.io][Feature: gcePD-external] [Testpattern: Dynamic PV (default fs)] provisioning should create and delete block persistent volumes" classname="Kubernetes e2e suite" time="0">
          <skipped></skipped>
      </testcase>
      <testcase name="[sig-storage] In-tree Volumes [Driver: gluster] [Testpattern: Inline-volume (default fs)] subPath should unmount if pod is force deleted while kubelet is down [Disruptive][Slow]" classname="Kubernetes e2e suite" time="0">
          <skipped></skipped>
      </testcase>
      <testcase name="[sig-storage] In-tree Volumes [Driver: ceph][Feature:Volumes] [Testpattern: Pre-provisioned PV (default fs)] subPath should support restarting containers using directory as subpath [Slow]" classname="Kubernetes e2e suite" time="0">
          <skipped></skipped>
      </testcase>
      <testcase name="[sig-network] Loadbalancing: L7 GCE [Slow] [Feature:Ingress] should be able to switch between HTTPS and HTTP2 modes" classname="Kubernetes e2e suite" time="0">
          <skipped></skipped>
      </testcase>
      <testcase name="[sig-storage] In-tree Volumes [Driver: gcepd] [Testpattern: Pre-provisioned PV (default fs)] subPath should be able to unmount after the subpath directory is deleted" classname="Kubernetes e2e suite" time="0">
          <skipped></skipped>
      </testcase>
      <testcase name="[sig-storage] In-tree Volumes [Driver: hostPathSymlink] [Testpattern: Dynamic PV (filesystem volmode)] volumeMode should create sc, pod, pv, and pvc, read/write to the pv, and delete all created resources" classname="Kubernetes e2e suite" time="0">
          <skipped></skipped>
      </testcase>
      <testcase name="[sig-storage] In-tree Volumes [Driver: ceph][Feature:Volumes] [Testpattern: Pre-provisioned PV (default fs)] subPath should support existing single file" classname="Kubernetes e2e suite" time="0">
          <skipped></skipped>
      </testcase>
      <testcase name="[sig-storage] In-tree Volumes [Driver: ceph][Feature:Volumes] [Testpattern: Dynamic PV (filesystem volmode)] volumeMode should create sc, pod, pv, and pvc, read/write to the pv, and delete all created resources" classname="Kubernetes e2e suite" time="0">
          <skipped></skipped>
      </testcase>
      <testcase name="[sig-storage] Projected downwardAPI should provide container&#39;s cpu request [NodeConformance] [Conformance]" classname="Kubernetes e2e suite" time="12.10395778"></testcase>
      <testcase name="[sig-storage] In-tree Volumes [Driver: cinder] [Testpattern: Dynamic PV (default fs)] provisioning should create and delete block persistent volumes" classname="Kubernetes e2e suite" time="0">
          <skipped></skipped>
      </testcase>
      <testcase name="[sig-storage] PersistentVolumes-local  [Volume type: gce-localssd-scsi-fs] [Serial] Set fsGroup for local volume should set different fsGroup for second pod if first pod is deleted" classname="Kubernetes e2e suite" time="0">
          <skipped></skipped>
      </testcase>
      <testcase name="[sig-storage] In-tree Volumes [Driver: iscsi][Feature:Volumes] [Testpattern: Dynamic PV (default fs)] volumes should allow exec of files on the volume" classname="Kubernetes e2e suite" time="0">
          <skipped></skipped>
      </testcase>
      <testcase name="[sig-storage] In-tree Volumes [Driver: aws] [Testpattern: Dynamic PV (filesystem volmode)] volumeMode should create sc, pod, pv, and pvc, read/write to the pv, and delete all created resources" classname="Kubernetes e2e suite" time="0">
          <skipped></skipped>
      </testcase>
      <testcase name="[sig-storage] In-tree Volumes [Driver: gcepd] [Testpattern: Dynamic PV (default fs)] subPath should support existing single file" classname="Kubernetes e2e suite" time="0">
          <skipped></skipped>
      </testcase>
      <testcase name="[sig-api-machinery] Namespaces [Serial] should delete fast enough (90 percent of 100 namespaces in 150 seconds)" classname="Kubernetes e2e suite" time="0">
          <skipped></skipped>
      </testcase>
      <testcase name="[sig-storage] In-tree Volumes [Driver: iscsi][Feature:Volumes] [Testpattern: Inline-volume (xfs)] volumes should allow exec of files on the volume" classname="Kubernetes e2e suite" time="0">
          <skipped></skipped>
      </testcase>
      <testcase name="[sig-network] Services should be able to switch session affinity for NodePort service" classname="Kubernetes e2e suite" time="0">
          <skipped></skipped>
      </testcase>
      <testcase name="[k8s.io] Security Context When creating a container with runAsUser should run the container with uid 0 [NodeConformance]" classname="Kubernetes e2e suite" time="0">
          <skipped></skipped>
      </testcase>
      <testcase name="[sig-storage] In-tree Volumes [Driver: azure] [Testpattern: Inline-volume (default fs)] subPath should support non-existent path" classname="Kubernetes e2e suite" time="0">
          <skipped></skipped>
      </testcase>
      <testcase name="[k8s.io] Variable Expansion should allow substituting values in a volume subpath [Feature:VolumeSubpathEnvExpansion][NodeAlphaFeature:VolumeSubpathEnvExpansion]" classname="Kubernetes e2e suite" time="0">
          <skipped></skipped>
      </testcase>
      <testcase name="[sig-api-machinery] Watchers should receive events on concurrent watches in same order" classname="Kubernetes e2e suite" time="0">
          <skipped></skipped>
      </testcase>
      <testcase name="[sig-scheduling] SchedulerPreemption [Serial] validates basic preemption works" classname="Kubernetes e2e suite" time="0">
          <skipped></skipped>
      </testcase>
      <testcase name="[sig-storage] In-tree Volumes [Driver: ceph][Feature:Volumes] [Testpattern: Dynamic PV (default fs)] subPath should fail if subpath file is outside the volume [Slow]" classname="Kubernetes e2e suite" time="0">
          <skipped></skipped>
      </testcase>
      <testcase name="[sig-storage] Node Poweroff [Feature:vsphere] [Slow] [Disruptive] verify volume status after node power off" classname="Kubernetes e2e suite" time="0">
          <skipped></skipped>
      </testcase>
      <testcase name="[sig-storage] Projected configMap should be consumable from pods in volume [NodeConformance] [Conformance]" classname="Kubernetes e2e suite" time="12.211773577"></testcase>
      <testcase name="[sig-storage] CSI Volumes [Driver: pd.csi.storage.gke.io][Feature: gcePD-external] [Testpattern: Dynamic PV (default fs)] subPath should fail if non-existent subpath is outside the volume [Slow]" classname="Kubernetes e2e suite" time="0">
          <skipped></skipped>
      </testcase>
      <testcase name="[sig-network] Loadbalancing: L7 GCE [Slow] [Feature:kubemci] should create ingress with pre-shared certificate" classname="Kubernetes e2e suite" time="0">
          <skipped></skipped>
      </testcase>
      <testcase name="[sig-storage] In-tree Volumes [Driver: cinder] [Testpattern: Pre-provisioned PV (default fs)] subPath should fail if subpath file is outside the volume [Slow]" classname="Kubernetes e2e suite" time="0">
          <skipped></skipped>
      </testcase>
      <testcase name="[sig-storage] In-tree Volumes [Driver: gcepd] [Testpattern: Pre-provisioned PV (default fs)] subPath should support readOnly directory specified in the volumeMount" classname="Kubernetes e2e suite" time="0">
          <skipped></skipped>
      </testcase>
      <testcase name="[sig-network] Services should be able to switch session affinity for LoadBalancer service with ESIPP on [Slow] [DisabledForLargeClusters]" classname="Kubernetes e2e suite" time="0">
          <skipped></skipped>
      </testcase>
      <testcase name="[sig-storage] In-tree Volumes [Driver: rbd][Feature:Volumes] [Testpattern: Pre-provisioned PV (ext4)] volumes should be mountable" classname="Kubernetes e2e suite" time="0">
          <skipped></skipped>
      </testcase>
      <testcase name="[sig-storage] In-tree Volumes [Driver: azure] [Testpattern: Dynamic PV (default fs)] subPath should support existing single file" classname="Kubernetes e2e suite" time="0">
          <skipped></skipped>
      </testcase>
      <testcase name="[sig-storage] PersistentVolumes-local  [Volume type: dir-link-bindmounted] Two pods mounting a local volume one after the other should be able to write from pod1 and read from pod2" classname="Kubernetes e2e suite" time="0">
          <skipped></skipped>
      </testcase>
      <testcase name="[sig-storage] In-tree Volumes [Driver: aws] [Testpattern: Dynamic PV (default fs)] subPath should support file as subpath" classname="Kubernetes e2e suite" time="0">
          <skipped></skipped>
      </testcase>
      <testcase name="[sig-storage] In-tree Volumes [Driver: azure] [Testpattern: Dynamic PV (default fs)] volumeIO should write files of various sizes, verify size, validate content [Slow]" classname="Kubernetes e2e suite" time="0">
          <skipped></skipped>
      </testcase>
      <testcase name="[sig-node] Downward API should provide pod name, namespace and IP address as env vars [NodeConformance] [Conformance]" classname="Kubernetes e2e suite" time="14.310768216"></testcase>
  </testsuite>