<?xml version="1.0" encoding="UTF-8"?>
  <testsuite name="Kubernetes e2e suite" tests="346" failures="14" errors="0" time="9587.353">
      <testcase name="[sig-storage] In-tree Volumes [Driver: emptydir] [Testpattern: Pre-provisioned PV (ext3)] volumes should allow exec of files on the volume" classname="Kubernetes e2e suite" time="0">
          <skipped></skipped>
      </testcase>
      <testcase name="[sig-storage] In-tree Volumes [Driver: gcepd] [Testpattern: Inline-volume (default fs)] subPath should support existing single file [LinuxOnly]" classname="Kubernetes e2e suite" time="0">
          <skipped></skipped>
      </testcase>
      <testcase name="[sig-storage] In-tree Volumes [Driver: windows-gcepd] [Testpattern: Pre-provisioned PV (default fs)] subPath should support non-existent path" classname="Kubernetes e2e suite" time="0">
          <skipped></skipped>
      </testcase>
      <testcase name="[sig-storage] PersistentVolumes-local  [Volume type: dir-bindmounted] One pod requesting one prebound PVC should be able to mount volume and read from pod1" classname="Kubernetes e2e suite" time="0">
          <skipped></skipped>
      </testcase>
      <testcase name="[sig-storage] In-tree Volumes [Driver: local][LocalVolumeType: dir-bindmounted] [Testpattern: Dynamic PV (filesystem volmode)] multiVolume [Slow] should access to two volumes with the same volume mode and retain data across pod recreation on different node" classname="Kubernetes e2e suite" time="0">
          <skipped></skipped>
      </testcase>
      <testcase name="[sig-storage] In-tree Volumes [Driver: local][LocalVolumeType: dir-link-bindmounted] [Testpattern: Dynamic PV (default fs)] fsgroupchangepolicy (OnRootMismatch)[LinuxOnly], pod created with an initial fsgroup, volume contents ownership changed in first pod, new pod with different fsgroup applied to the volume contents" classname="Kubernetes e2e suite" time="0">
          <skipped></skipped>
      </testcase>
      <testcase name="[sig-network] NetworkPolicyLegacy [LinuxOnly] NetworkPolicy between server and client should support allow-all policy [Feature:NetworkPolicy]" classname="Kubernetes e2e suite" time="0">
          <skipped></skipped>
      </testcase>
      <testcase name="[sig-storage] In-tree Volumes [Driver: vsphere] [Testpattern: Dynamic PV (default fs)] volumes should store data" classname="Kubernetes e2e suite" time="0">
          <skipped></skipped>
      </testcase>
      <testcase name="[sig-storage] In-tree Volumes [Driver: ceph][Feature:Volumes][Serial] [Testpattern: Dynamic PV (filesystem volmode)] multiVolume [Slow] should access to two volumes with the same volume mode and retain data across pod recreation on the same node" classname="Kubernetes e2e suite" time="0">
          <skipped></skipped>
      </testcase>
      <testcase name="[sig-storage] Volumes NFSv4 should be mountable for NFSv4" classname="Kubernetes e2e suite" time="0">
          <skipped></skipped>
      </testcase>
      <testcase name="[sig-storage] In-tree Volumes [Driver: hostPath] [Testpattern: Dynamic PV (block volmode)(allowExpansion)] volume-expand should resize volume when PVC is edited while pod is using it" classname="Kubernetes e2e suite" time="0">
          <skipped></skipped>
      </testcase>
      <testcase name="[sig-storage] In-tree Volumes [Driver: iscsi][Feature:Volumes] [Testpattern: Dynamic PV (ntfs)][Feature:Windows] subPath should support readOnly directory specified in the volumeMount" classname="Kubernetes e2e suite" time="0">
          <skipped></skipped>
      </testcase>
      <testcase name="[sig-storage] In-tree Volumes [Driver: windows-gcepd] [Testpattern: Dynamic PV (ext4)] multiVolume [Slow] should concurrently access the single read-only volume from pods on the same node" classname="Kubernetes e2e suite" time="0">
          <skipped></skipped>
      </testcase>
      <testcase name="[sig-storage] In-tree Volumes [Driver: local][LocalVolumeType: dir] [Testpattern: Dynamic PV (ntfs)][Feature:Windows] provisioning should provision storage with pvc data source in parallel [Slow]" classname="Kubernetes e2e suite" time="0">
          <skipped></skipped>
      </testcase>
      <testcase name="[sig-storage] In-tree Volumes [Driver: local][LocalVolumeType: dir-link-bindmounted] [Testpattern: Dynamic PV (ntfs)][Feature:Windows] subPath should support readOnly directory specified in the volumeMount" classname="Kubernetes e2e suite" time="0">
          <skipped></skipped>
      </testcase>
      <testcase name="[sig-storage] CSI Volumes [Driver: pd.csi.storage.gke.io][Serial] [Testpattern: Inline-volume (default fs)] subPath should fail if subpath with backstepping is outside the volume [Slow][LinuxOnly]" classname="Kubernetes e2e suite" time="0">
          <skipped></skipped>
      </testcase>
      <testcase name="[sig-storage] In-tree Volumes [Driver: ceph][Feature:Volumes][Serial] [Testpattern: Dynamic PV (ext4)] multiVolume [Slow] should concurrently access the volume and restored snapshot from pods on the same node [LinuxOnly][Feature:VolumeSnapshotDataSource][Feature:VolumeSourceXFS]" classname="Kubernetes e2e suite" time="0">
          <skipped></skipped>
      </testcase>
      <testcase name="[sig-storage] In-tree Volumes [Driver: aws] [Testpattern: Dynamic PV (default fs)] fsgroupchangepolicy (OnRootMismatch)[LinuxOnly], pod created with an initial fsgroup, volume contents ownership changed in first pod, new pod with same fsgroup skips ownership changes to the volume contents" classname="Kubernetes e2e suite" time="0">
          <skipped></skipped>
      </testcase>
      <testcase name="[sig-storage] In-tree Volumes [Driver: local][LocalVolumeType: blockfs] [Testpattern: Pre-provisioned PV (block volmode)] disruptive[Disruptive][LinuxOnly] Should test that pv used in a pod that is deleted while the kubelet is down cleans up when the kubelet returns." classname="Kubernetes e2e suite" time="0">
          <skipped></skipped>
      </testcase>
      <testcase name="[sig-storage] In-tree Volumes [Driver: local][LocalVolumeType: dir-bindmounted] [Testpattern: Pre-provisioned PV (default fs)] subPath should support creating multiple subpath from same volumes [Slow]" classname="Kubernetes e2e suite" time="0">
          <skipped></skipped>
      </testcase>
      <testcase name="[sig-storage] In-tree Volumes [Driver: rbd][Feature:Volumes][Serial] [Testpattern: Pre-provisioned PV (default fs)] subPath should verify container cannot write to subpath readonly volumes [Slow]" classname="Kubernetes e2e suite" time="0">
          <skipped></skipped>
      </testcase>
      <testcase name="[sig-storage] In-tree Volumes [Driver: nfs] [Testpattern: Dynamic PV (filesystem volmode)] multiVolume [Slow] should concurrently access the volume and its clone from pods on the same node [LinuxOnly][Feature:VolumeSnapshotDataSource][Feature:VolumeSourceXFS]" classname="Kubernetes e2e suite" time="0">
          <skipped></skipped>
      </testcase>
      <testcase name="[sig-node] Security Context When creating a pod with readOnlyRootFilesystem should run the container with writable rootfs when readOnlyRootFilesystem=false [NodeConformance] [Conformance]" classname="Kubernetes e2e suite" time="2.115165967"></testcase>
      <testcase name="[sig-storage] In-tree Volumes [Driver: gluster] [Testpattern: Dynamic PV (default fs)] subPath should support file as subpath [LinuxOnly]" classname="Kubernetes e2e suite" time="0">
          <skipped></skipped>
      </testcase>
      <testcase name="[sig-storage] In-tree Volumes [Driver: local][LocalVolumeType: blockfs] [Testpattern: Dynamic PV (default fs)] subPath should fail if subpath file is outside the volume [Slow][LinuxOnly]" classname="Kubernetes e2e suite" time="0">
          <skipped></skipped>
      </testcase>
      <testcase name="[sig-instrumentation] MetricsGrabber should grab all metrics from a Kubelet." classname="Kubernetes e2e suite" time="0">
          <skipped></skipped>
      </testcase>
      <testcase name="[sig-autoscaling] Cluster size autoscaling [Slow] should increase cluster size if pending pods are small and there is another node pool that is not autoscaled [Feature:ClusterSizeAutoscalingScaleUp]" classname="Kubernetes e2e suite" time="0">
          <skipped></skipped>
      </testcase>
      <testcase name="[sig-storage] In-tree Volumes [Driver: azure-disk] [Testpattern: Pre-provisioned PV (default fs)] subPath should support existing directory" classname="Kubernetes e2e suite" time="0">
          <skipped></skipped>
      </testcase>
      <testcase name="[sig-storage] In-tree Volumes [Driver: nfs] [Testpattern: Dynamic PV (filesystem volmode)] volumeMode should not mount / map unused volumes in a pod [LinuxOnly]" classname="Kubernetes e2e suite" time="0">
          <skipped></skipped>
      </testcase>
      <testcase name="[sig-storage] In-tree Volumes [Driver: local][LocalVolumeType: blockfs] [Testpattern: Dynamic PV (ntfs)][Feature:Windows] subPath should support existing directory" classname="Kubernetes e2e suite" time="0">
          <skipped></skipped>
      </testcase>
      <testcase name="[sig-storage] In-tree Volumes [Driver: iscsi][Feature:Volumes] [Testpattern: Inline-volume (default fs)] subPath should support restarting containers using directory as subpath [Slow]" classname="Kubernetes e2e suite" time="0">
          <skipped></skipped>
      </testcase>
      <testcase name="[sig-storage] In-tree Volumes [Driver: local][LocalVolumeType: gce-localssd-scsi-fs] [Serial] [Testpattern: Dynamic PV (ntfs)][Feature:Windows] provisioning should provision storage with pvc data source in parallel [Slow]" classname="Kubernetes e2e suite" time="0">
          <skipped></skipped>
      </testcase>
      <testcase name="[sig-storage] In-tree Volumes [Driver: rbd][Feature:Volumes][Serial] [Testpattern: Inline-volume (default fs)] subPath should support readOnly directory specified in the volumeMount" classname="Kubernetes e2e suite" time="0">
          <skipped></skipped>
      </testcase>
      <testcase name="[sig-cluster-lifecycle] [Feature:BootstrapTokens] should delete the signed bootstrap tokens from clusterInfo ConfigMap when bootstrap token is deleted" classname="Kubernetes e2e suite" time="0">
          <skipped></skipped>
      </testcase>
      <testcase name="[sig-api-machinery] ResourceQuota should create a ResourceQuota and capture the life of a pod. [Conformance]" classname="Kubernetes e2e suite" time="13.158671827"></testcase>
      <testcase name="[sig-storage] In-tree Volumes [Driver: local][LocalVolumeType: gce-localssd-scsi-fs] [Serial] [Testpattern: Pre-provisioned PV (default fs)] subPath should support restarting containers using directory as subpath [Slow]" classname="Kubernetes e2e suite" time="0">
          <skipped></skipped>
      </testcase>
      <testcase name="[sig-storage] In-tree Volumes [Driver: local][LocalVolumeType: dir-bindmounted] [Testpattern: Dynamic PV (ntfs)][Feature:Windows] subPath should be able to unmount after the subpath directory is deleted [LinuxOnly]" classname="Kubernetes e2e suite" time="0">
          <skipped></skipped>
      </testcase>
      <testcase name="[sig-storage] In-tree Volumes [Driver: local][LocalVolumeType: block] [Testpattern: Dynamic PV (default fs)] subPath should fail if subpath file is outside the volume [Slow][LinuxOnly]" classname="Kubernetes e2e suite" time="0">
          <skipped></skipped>
      </testcase>
      <testcase name="[sig-storage] In-tree Volumes [Driver: local][LocalVolumeType: blockfs] [Testpattern: Dynamic PV (xfs)][Slow] multiVolume [Slow] should concurrently access the volume and restored snapshot from pods on the same node [LinuxOnly][Feature:VolumeSnapshotDataSource][Feature:VolumeSourceXFS]" classname="Kubernetes e2e suite" time="0">
          <skipped></skipped>
      </testcase>
      <testcase name="[sig-storage] CSI Volumes [Driver: csi-hostpath] [Testpattern: Dynamic PV (block volmode)] disruptive[Disruptive][LinuxOnly] Should test that pv used in a pod that is force deleted while the kubelet is down cleans up when the kubelet returns." classname="Kubernetes e2e suite" time="0">
          <skipped></skipped>
      </testcase>
      <testcase name="[sig-storage] CSI Volumes [Driver: pd.csi.storage.gke.io][Serial] [Testpattern: Inline-volume (default fs)] subPath should support readOnly file specified in the volumeMount [LinuxOnly]" classname="Kubernetes e2e suite" time="0">
          <skipped></skipped>
      </testcase>
      <testcase name="[sig-storage] In-tree Volumes [Driver: emptydir] [Testpattern: Dynamic PV (delayed binding)] topology should provision a volume and schedule a pod with AllowedTopologies" classname="Kubernetes e2e suite" time="0">
          <skipped></skipped>
      </testcase>
      <testcase name="[sig-storage] In-tree Volumes [Driver: local][LocalVolumeType: block] [Testpattern: Dynamic PV (immediate binding)] topology should provision a volume and schedule a pod with AllowedTopologies" classname="Kubernetes e2e suite" time="0">
          <skipped></skipped>
      </testcase>
      <testcase name="[sig-storage] In-tree Volumes [Driver: local][LocalVolumeType: gce-localssd-scsi-fs] [Serial] [Testpattern: Dynamic PV (default fs)] subPath should support non-existent path" classname="Kubernetes e2e suite" time="0">
          <skipped></skipped>
      </testcase>
      <testcase name="[sig-storage] Volume Placement [Feature:vsphere] should create and delete pod with multiple volumes from different datastore" classname="Kubernetes e2e suite" time="0">
          <skipped></skipped>
      </testcase>
      <testcase name="[sig-storage] In-tree Volumes [Driver: local][LocalVolumeType: tmpfs] [Testpattern: Dynamic PV (default fs)] fsgroupchangepolicy (OnRootMismatch)[LinuxOnly], pod created with an initial fsgroup, volume contents ownership changed in first pod, new pod with same fsgroup skips ownership changes to the volume contents" classname="Kubernetes e2e suite" time="0">
          <skipped></skipped>
      </testcase>
      <testcase name="[sig-storage] In-tree Volumes [Driver: aws] [Testpattern: Dynamic PV (block volmode)] multiVolume [Slow] should access to two volumes with different volume mode and retain data across pod recreation on the same node" classname="Kubernetes e2e suite" time="0">
          <skipped></skipped>
      </testcase>
      <testcase name="[sig-storage] In-tree Volumes [Driver: ceph][Feature:Volumes][Serial] [Testpattern: Pre-provisioned PV (default fs)] subPath should support restarting containers using file as subpath [Slow][LinuxOnly]" classname="Kubernetes e2e suite" time="0">
          <skipped></skipped>
      </testcase>
      <testcase name="[sig-storage] In-tree Volumes [Driver: gluster] [Testpattern: Pre-provisioned PV (block volmode)] disruptive[Disruptive][LinuxOnly] Should test that pv written before kubelet restart is readable after restart." classname="Kubernetes e2e suite" time="0">
          <skipped></skipped>
      </testcase>
      <testcase name="[sig-apps] DisruptionController evictions: enough pods, replicaSet, percentage =&gt; should allow an eviction" classname="Kubernetes e2e suite" time="0">
          <skipped></skipped>
      </testcase>
      <testcase name="[sig-storage] In-tree Volumes [Driver: local][LocalVolumeType: dir-bindmounted] [Testpattern: Dynamic PV (default fs)] fsgroupchangepolicy (Always)[LinuxOnly], pod created with an initial fsgroup, new pod fsgroup applied to volume contents" classname="Kubernetes e2e suite" time="0">
          <skipped></skipped>
      </testcase>
      <testcase name="[sig-storage] In-tree Volumes [Driver: vsphere] [Testpattern: Dynamic PV (block volmode)] multiVolume [Slow] should access to two volumes with different volume mode and retain data across pod recreation on different node" classname="Kubernetes e2e suite" time="0">
          <skipped></skipped>
      </testcase>
      <testcase name="[sig-storage] In-tree Volumes [Driver: ceph][Feature:Volumes][Serial] [Testpattern: Dynamic PV (filesystem volmode)] multiVolume [Slow] should access to two volumes with the same volume mode and retain data across pod recreation on different node" classname="Kubernetes e2e suite" time="0">
          <skipped></skipped>
      </testcase>
      <testcase name="[sig-storage] Dynamic Provisioning DynamicProvisioner Default should create and delete default persistent volumes [Slow]" classname="Kubernetes e2e suite" time="0">
          <skipped></skipped>
      </testcase>
      <testcase name="[sig-storage] In-tree Volumes [Driver: local][LocalVolumeType: dir-link] [Testpattern: Dynamic PV (ntfs)][Feature:Windows] subPath should fail if subpath with backstepping is outside the volume [Slow][LinuxOnly]" classname="Kubernetes e2e suite" time="0">
          <skipped></skipped>
      </testcase>
      <testcase name="[sig-storage] In-tree Volumes [Driver: local][LocalVolumeType: block] [Testpattern: Dynamic PV (ntfs)][Feature:Windows] subPath should support restarting containers using directory as subpath [Slow]" classname="Kubernetes e2e suite" time="0">
          <skipped></skipped>
      </testcase>
      <testcase name="[sig-storage] In-tree Volumes [Driver: gcepd] [Testpattern: Inline-volume (default fs)] subPath should fail if subpath with backstepping is outside the volume [Slow][LinuxOnly]" classname="Kubernetes e2e suite" time="0">
          <skipped></skipped>
      </testcase>
      <testcase name="[sig-storage] In-tree Volumes [Driver: cinder] [Testpattern: Dynamic PV (block volmode)(allowExpansion)] volume-expand should resize volume when PVC is edited while pod is using it" classname="Kubernetes e2e suite" time="0">
          <skipped></skipped>
      </testcase>
      <testcase name="[sig-apps] StatefulSet Basic StatefulSet functionality [StatefulSetBasic] should validate Statefulset Status endpoints [Conformance]" classname="Kubernetes e2e suite" time="20.177380019"></testcase>
      <testcase name="[sig-storage] In-tree Volumes [Driver: local][LocalVolumeType: dir-link] [Testpattern: Inline-volume (xfs)][Slow] volumes should store data" classname="Kubernetes e2e suite" time="0">
          <skipped></skipped>
      </testcase>
      <testcase name="[sig-storage] In-tree Volumes [Driver: gluster] [Testpattern: Dynamic PV (block volmode)] multiVolume [Slow] should access to two volumes with different volume mode and retain data across pod recreation on the same node" classname="Kubernetes e2e suite" time="0">
          <skipped></skipped>
      </testcase>
      <testcase name="[sig-storage] In-tree Volumes [Driver: azure-disk] [Testpattern: Dynamic PV (ntfs)][Feature:Windows] subPath should support restarting containers using directory as subpath [Slow]" classname="Kubernetes e2e suite" time="0">
          <skipped></skipped>
      </testcase>
      <testcase name="[sig-storage] In-tree Volumes [Driver: vsphere] [Testpattern: Inline-volume (default fs)] subPath should fail if subpath file is outside the volume [Slow][LinuxOnly]" classname="Kubernetes e2e suite" time="0">
          <skipped></skipped>
      </testcase>
      <testcase name="[sig-storage] In-tree Volumes [Driver: local][LocalVolumeType: dir-link-bindmounted] [Testpattern: Dynamic PV (default fs)] fsgroupchangepolicy (Always)[LinuxOnly], pod created with an initial fsgroup, new pod fsgroup applied to volume contents" classname="Kubernetes e2e suite" time="0">
          <skipped></skipped>
      </testcase>
      <testcase name="[sig-storage] In-tree Volumes [Driver: windows-gcepd] [Testpattern: Pre-provisioned PV (default fs)] subPath should verify container cannot write to subpath readonly volumes [Slow]" classname="Kubernetes e2e suite" time="0">
          <skipped></skipped>
      </testcase>
      <testcase name="[sig-storage] CSI Volumes [Driver: pd.csi.storage.gke.io][Serial] [Testpattern: Dynamic PV (filesystem volmode)] disruptive[Disruptive][LinuxOnly] Should test that pv written before kubelet restart is readable after restart." classname="Kubernetes e2e suite" time="0">
          <skipped></skipped>
      </testcase>
      <testcase name="[sig-storage] CSI Volumes [Driver: csi-hostpath] [Testpattern: Dynamic PV (block volmode)] multiVolume [Slow] should access to two volumes with the same volume mode and retain data across pod recreation on the same node" classname="Kubernetes e2e suite" time="0">
          <skipped></skipped>
      </testcase>
      <testcase name="[sig-storage] CSI Volumes [Driver: pd.csi.storage.gke.io][Serial] [Testpattern: Dynamic PV (ntfs)][Feature:Windows] subPath should support existing directories when readOnly specified in the volumeSource" classname="Kubernetes e2e suite" time="0">
          <skipped></skipped>
      </testcase>
      <testcase name="[sig-storage] In-tree Volumes [Driver: local][LocalVolumeType: dir-bindmounted] [Testpattern: Pre-provisioned PV (default fs)] subPath should support readOnly directory specified in the volumeMount" classname="Kubernetes e2e suite" time="0">
          <skipped></skipped>
      </testcase>
      <testcase name="[sig-storage] CSI Volumes [Driver: csi-hostpath] [Testpattern: Dynamic PV (block volmode)] multiVolume [Slow] should access to two volumes with different volume mode and retain data across pod recreation on different node" classname="Kubernetes e2e suite" time="0">
          <skipped></skipped>
      </testcase>
      <testcase name="[sig-node] Variable Expansion should allow composing env vars into new env vars [NodeConformance] [Conformance]" classname="Kubernetes e2e suite" time="2.126750813"></testcase>
      <testcase name="[sig-storage] In-tree Volumes [Driver: iscsi][Feature:Volumes] [Testpattern: Dynamic PV (filesystem volmode)] multiVolume [Slow] should concurrently access the single volume from pods on the same node" classname="Kubernetes e2e suite" time="0">
          <skipped></skipped>
      </testcase>
      <testcase name="[sig-storage] In-tree Volumes [Driver: local][LocalVolumeType: dir-bindmounted] [Testpattern: Dynamic PV (ntfs)][Feature:Windows] subPath should support existing directories when readOnly specified in the volumeSource" classname="Kubernetes e2e suite" time="0">
          <skipped></skipped>
      </testcase>
      <testcase name="[sig-storage] In-tree Volumes [Driver: cinder] [Testpattern: Dynamic PV (block volmode)] provisioning should provision storage with pvc data source in parallel [Slow]" classname="Kubernetes e2e suite" time="0">
          <skipped></skipped>
      </testcase>
      <testcase name="[sig-storage] In-tree Volumes [Driver: gcepd] [Testpattern: Dynamic PV (default fs)] volumes should allow exec of files on the volume" classname="Kubernetes e2e suite" time="0">
          <skipped></skipped>
      </testcase>
      <testcase name="[sig-storage] In-tree Volumes [Driver: gcepd] [Testpattern: Dynamic PV (xfs)][Slow] multiVolume [Slow] should access to two volumes with the same volume mode and retain data across pod recreation on the same node" classname="Kubernetes e2e suite" time="0">
          <skipped></skipped>
      </testcase>
      <testcase name="[sig-storage] In-tree Volumes [Driver: local][LocalVolumeType: tmpfs] [Testpattern: Pre-provisioned PV (default fs)] volumes should allow exec of files on the volume" classname="Kubernetes e2e suite" time="0">
          <skipped></skipped>
      </testcase>
      <testcase name="[sig-storage] In-tree Volumes [Driver: local][LocalVolumeType: dir-link] [Testpattern: Pre-provisioned PV (filesystem volmode)] multiVolume [Slow] should concurrently access the single volume from pods on the same node" classname="Kubernetes e2e suite" time="0">
          <skipped></skipped>
      </testcase>
      <testcase name="[sig-storage] In-tree Volumes [Driver: local][LocalVolumeType: dir-link] [Testpattern: Inline-volume (default fs)] subPath should support creating multiple subpath from same volumes [Slow]" classname="Kubernetes e2e suite" time="0">
          <skipped></skipped>
      </testcase>
      <testcase name="[sig-storage] In-tree Volumes [Driver: local][LocalVolumeType: dir-bindmounted] [Testpattern: Pre-provisioned PV (default fs)] volumes should allow exec of files on the volume" classname="Kubernetes e2e suite" time="0">
          <skipped></skipped>
      </testcase>
      <testcase name="[sig-storage] In-tree Volumes [Driver: local][LocalVolumeType: dir-bindmounted] [Testpattern: Dynamic PV (immediate binding)] topology should fail to schedule a pod which has topologies that conflict with AllowedTopologies" classname="Kubernetes e2e suite" time="0">
          <skipped></skipped>
      </testcase>
      <testcase name="[sig-storage] In-tree Volumes [Driver: iscsi][Feature:Volumes] [Testpattern: Dynamic PV (ntfs)][Feature:Windows] subPath should fail if subpath file is outside the volume [Slow][LinuxOnly]" classname="Kubernetes e2e suite" time="0">
          <skipped></skipped>
      </testcase>
      <testcase name="[sig-storage] In-tree Volumes [Driver: emptydir] [Testpattern: Pre-provisioned PV (default fs)] subPath should support file as subpath [LinuxOnly]" classname="Kubernetes e2e suite" time="0">
          <skipped></skipped>
      </testcase>
      <testcase name="[sig-storage] In-tree Volumes [Driver: gcepd] [Testpattern: Dynamic PV (default fs)] subPath should support readOnly file specified in the volumeMount [LinuxOnly]" classname="Kubernetes e2e suite" time="0">
          <skipped></skipped>
      </testcase>
      <testcase name="[sig-storage] HostPathType Socket [Slow] Should fail on mounting socket &#39;asocket&#39; when HostPathType is HostPathCharDev" classname="Kubernetes e2e suite" time="0">
          <skipped></skipped>
      </testcase>
      <testcase name="[sig-storage] In-tree Volumes [Driver: nfs] [Testpattern: Inline-volume (default fs)] subPath should be able to unmount after the subpath directory is deleted [LinuxOnly]" classname="Kubernetes e2e suite" time="0">
          <skipped></skipped>
      </testcase>
      <testcase name="[sig-api-machinery] ResourceQuota should create a ResourceQuota and capture the life of a persistent volume claim" classname="Kubernetes e2e suite" time="0">
          <skipped></skipped>
      </testcase>
      <testcase name="[sig-storage] In-tree Volumes [Driver: ceph][Feature:Volumes][Serial] [Testpattern: Pre-provisioned PV (ext4)] volumes should store data" classname="Kubernetes e2e suite" time="0">
          <skipped></skipped>
      </testcase>
      <testcase name="[sig-storage] In-tree Volumes [Driver: nfs] [Testpattern: Dynamic PV (default fs)] subPath should be able to unmount after the subpath directory is deleted [LinuxOnly]" classname="Kubernetes e2e suite" time="0">
          <skipped></skipped>
      </testcase>
      <testcase name="[sig-storage] In-tree Volumes [Driver: gluster] [Testpattern: Inline-volume (default fs)] subPath should unmount if pod is force deleted while kubelet is down [Disruptive][Slow][LinuxOnly]" classname="Kubernetes e2e suite" time="0">
          <skipped></skipped>
      </testcase>
      <testcase name="[sig-storage] In-tree Volumes [Driver: aws] [Testpattern: Pre-provisioned PV (block volmode)] multiVolume [Slow] should concurrently access the volume and restored snapshot from pods on the same node [LinuxOnly][Feature:VolumeSnapshotDataSource][Feature:VolumeSourceXFS]" classname="Kubernetes e2e suite" time="0">
          <skipped></skipped>
      </testcase>
      <testcase name="[sig-instrumentation] Stackdriver Monitoring should run Stackdriver Metadata Agent [Feature:StackdriverMetadataAgent]" classname="Kubernetes e2e suite" time="0">
          <skipped></skipped>
      </testcase>
      <testcase name="[sig-storage] In-tree Volumes [Driver: nfs] [Testpattern: Pre-provisioned PV (default fs)] subPath should support restarting containers using directory as subpath [Slow]" classname="Kubernetes e2e suite" time="0">
          <skipped></skipped>
      </testcase>
      <testcase name="[sig-storage] In-tree Volumes [Driver: ceph][Feature:Volumes][Serial] [Testpattern: Inline-volume (xfs)][Slow] volumes should allow exec of files on the volume" classname="Kubernetes e2e suite" time="0">
          <skipped></skipped>
      </testcase>
      <testcase name="[sig-storage] In-tree Volumes [Driver: rbd][Feature:Volumes][Serial] [Testpattern: Inline-volume (xfs)][Slow] volumes should store data" classname="Kubernetes e2e suite" time="0">
          <skipped></skipped>
      </testcase>
      <testcase name="[sig-apps] StatefulSet Basic StatefulSet functionality [StatefulSetBasic] should perform canary updates and phased rolling updates of template modifications [Conformance]" classname="Kubernetes e2e suite" time="70.58865331"></testcase>
      <testcase name="[sig-storage] PersistentVolumes-local  [Volume type: dir] One pod requesting one prebound PVC should be able to mount volume and write from pod1" classname="Kubernetes e2e suite" time="0">
          <skipped></skipped>
      </testcase>
      <testcase name="[sig-storage] In-tree Volumes [Driver: emptydir] [Testpattern: Dynamic PV (ntfs)][Feature:Windows] subPath should support creating multiple subpath from same volumes [Slow]" classname="Kubernetes e2e suite" time="0">
          <skipped></skipped>
      </testcase>
      <testcase name="[sig-storage] In-tree Volumes [Driver: cinder] [Testpattern: Dynamic PV (ntfs)][Feature:Windows] subPath should support existing directory" classname="Kubernetes e2e suite" time="0">
          <skipped></skipped>
      </testcase>
      <testcase name="[sig-storage] In-tree Volumes [Driver: nfs] [Testpattern: Dynamic PV (ntfs)][Feature:Windows] subPath should support existing directory" classname="Kubernetes e2e suite" time="0">
          <skipped></skipped>
      </testcase>
      <testcase name="[sig-storage] In-tree Volumes [Driver: local][LocalVolumeType: gce-localssd-scsi-fs] [Serial] [Testpattern: Dynamic PV (block volmode)] disruptive[Disruptive][LinuxOnly] Should test that pv used in a pod that is deleted while the kubelet is down cleans up when the kubelet returns." classname="Kubernetes e2e suite" time="0">
          <skipped></skipped>
      </testcase>
      <testcase name="[sig-storage] In-tree Volumes [Driver: windows-gcepd] [Testpattern: Pre-provisioned PV (block volmode)] multiVolume [Slow] should concurrently access the volume and its clone from pods on the same node [LinuxOnly][Feature:VolumeSnapshotDataSource][Feature:VolumeSourceXFS]" classname="Kubernetes e2e suite" time="0">
          <skipped></skipped>
      </testcase>
      <testcase name="[sig-storage] In-tree Volumes [Driver: emptydir] [Testpattern: Pre-provisioned PV (default fs)] subPath should be able to unmount after the subpath directory is deleted [LinuxOnly]" classname="Kubernetes e2e suite" time="0">
          <skipped></skipped>
      </testcase>
      <testcase name="[sig-storage] In-tree Volumes [Driver: iscsi][Feature:Volumes] [Testpattern: Inline-volume (default fs)] subPath should support existing directory" classname="Kubernetes e2e suite" time="0">
          <skipped></skipped>
      </testcase>
      <testcase name="[sig-api-machinery] Garbage collector should delete pods created by rc when not orphaning [Conformance]" classname="Kubernetes e2e suite" time="97.626418079"></testcase>
      <testcase name="[sig-storage] In-tree Volumes [Driver: nfs] [Testpattern: Dynamic PV (filesystem volmode)] multiVolume [Slow] should access to two volumes with the same volume mode and retain data across pod recreation on the same node" classname="Kubernetes e2e suite" time="0">
          <skipped></skipped>
      </testcase>
      <testcase name="[sig-storage] CSI Volumes [Driver: pd.csi.storage.gke.io][Serial] [Testpattern: Pre-provisioned PV (block volmode)] multiVolume [Slow] should access to two volumes with the same volume mode and retain data across pod recreation on different node" classname="Kubernetes e2e suite" time="0">
          <skipped></skipped>
      </testcase>
      <testcase name="[sig-storage] In-tree Volumes [Driver: local][LocalVolumeType: dir-bindmounted] [Testpattern: Dynamic PV (filesystem volmode)] multiVolume [Slow] should concurrently access the volume and its clone from pods on the same node [LinuxOnly][Feature:VolumeSnapshotDataSource][Feature:VolumeSourceXFS]" classname="Kubernetes e2e suite" time="0">
          <skipped></skipped>
      </testcase>
      <testcase name="[sig-storage] In-tree Volumes [Driver: iscsi][Feature:Volumes] [Testpattern: Dynamic PV (filesystem volmode)] multiVolume [Slow] should access to two volumes with different volume mode and retain data across pod recreation on different node" classname="Kubernetes e2e suite" time="0">
          <skipped></skipped>
      </testcase>
      <testcase name="[sig-storage] PersistentVolumes-local  [Volume type: dir-bindmounted] Set fsGroup for local volume should set fsGroup for one pod [Slow]" classname="Kubernetes e2e suite" time="0">
          <skipped></skipped>
      </testcase>
      <testcase name="[sig-storage] In-tree Volumes [Driver: local][LocalVolumeType: blockfs] [Testpattern: Dynamic PV (ext4)] multiVolume [Slow] should concurrently access the volume and its clone from pods on the same node [LinuxOnly][Feature:VolumeSnapshotDataSource][Feature:VolumeSourceXFS]" classname="Kubernetes e2e suite" time="0">
          <skipped></skipped>
      </testcase>
      <testcase name="[sig-storage] CSI Volumes [Driver: pd.csi.storage.gke.io][Serial] [Testpattern: Pre-provisioned PV (block volmode)] disruptive[Disruptive][LinuxOnly] Should test that pv written before kubelet restart is readable after restart." classname="Kubernetes e2e suite" time="0">
          <skipped></skipped>
      </testcase>
      <testcase name="[sig-storage] In-tree Volumes [Driver: cinder] [Testpattern: Dynamic PV (block volmode)(allowExpansion)] volume-expand Verify if offline PVC expansion works" classname="Kubernetes e2e suite" time="0">
          <skipped></skipped>
      </testcase>
      <testcase name="[sig-network] Networking should provider Internet connection for containers using DNS [Feature:Networking-DNS]" classname="Kubernetes e2e suite" time="0">
          <skipped></skipped>
      </testcase>
      <testcase name="[sig-storage] CSI Volumes [Driver: csi-hostpath] [Testpattern: Dynamic PV (immediate binding)] topology should provision a volume and schedule a pod with AllowedTopologies" classname="Kubernetes e2e suite" time="0">
          <skipped></skipped>
      </testcase>
      <testcase name="[sig-storage] In-tree Volumes [Driver: windows-gcepd] [Testpattern: Pre-provisioned PV (block volmode)] multiVolume [Slow] should concurrently access the single volume from pods on the same node" classname="Kubernetes e2e suite" time="0">
          <skipped></skipped>
      </testcase>
      <testcase name="[sig-storage] In-tree Volumes [Driver: hostPathSymlink] [Testpattern: Dynamic PV (ext4)] multiVolume [Slow] should concurrently access the single volume from pods on different node" classname="Kubernetes e2e suite" time="0">
          <skipped></skipped>
      </testcase>
      <testcase name="[sig-storage] In-tree Volumes [Driver: nfs] [Testpattern: Pre-provisioned PV (default fs)] subPath should support existing single file [LinuxOnly]" classname="Kubernetes e2e suite" time="0">
          <skipped></skipped>
      </testcase>
      <testcase name="[sig-api-machinery] ResourceQuota should create a ResourceQuota and capture the life of a custom resource." classname="Kubernetes e2e suite" time="0">
          <skipped></skipped>
      </testcase>
      <testcase name="[sig-storage] In-tree Volumes [Driver: azure-disk] [Testpattern: Dynamic PV (ext4)] multiVolume [Slow] should concurrently access the single volume from pods on different node" classname="Kubernetes e2e suite" time="0">
          <skipped></skipped>
      </testcase>
      <testcase name="[sig-storage] In-tree Volumes [Driver: cinder] [Testpattern: Dynamic PV (default fs)] fsgroupchangepolicy (Always)[LinuxOnly], pod created with an initial fsgroup, volume contents ownership changed in first pod, new pod with same fsgroup applied to the volume contents" classname="Kubernetes e2e suite" time="0">
          <skipped></skipped>
      </testcase>
      <testcase name="[sig-storage] In-tree Volumes [Driver: gluster] [Testpattern: Inline-volume (default fs)] subPath should support existing directories when readOnly specified in the volumeSource" classname="Kubernetes e2e suite" time="0">
          <skipped></skipped>
      </testcase>
      <testcase name="[sig-node] Security Context should support pod.Spec.SecurityContext.SupplementalGroups [LinuxOnly]" classname="Kubernetes e2e suite" time="0">
          <skipped></skipped>
      </testcase>
      <testcase name="[sig-node] Container Lifecycle Hook when create a pod with lifecycle hook should execute poststart http hook properly [NodeConformance] [Conformance]" classname="Kubernetes e2e suite" time="14.15589285"></testcase>
      <testcase name="[sig-storage] In-tree Volumes [Driver: local][LocalVolumeType: blockfs] [Testpattern: Pre-provisioned PV (ext4)] volumes should allow exec of files on the volume" classname="Kubernetes e2e suite" time="0">
          <skipped></skipped>
      </testcase>
      <testcase name="[sig-storage] In-tree Volumes [Driver: hostPathSymlink] [Testpattern: Dynamic PV (block volmode)] disruptive[Disruptive][LinuxOnly] Should test that pv written before kubelet restart is readable after restart." classname="Kubernetes e2e suite" time="0">
          <skipped></skipped>
      </testcase>
      <testcase name="[sig-storage] In-tree Volumes [Driver: local][LocalVolumeType: dir-link] [Testpattern: Dynamic PV (xfs)][Slow] multiVolume [Slow] should access to two volumes with different volume mode and retain data across pod recreation on the same node" classname="Kubernetes e2e suite" time="0">
          <skipped></skipped>
      </testcase>
      <testcase name="[sig-storage] In-tree Volumes [Driver: local][LocalVolumeType: dir-bindmounted] [Testpattern: Pre-provisioned PV (default fs)] volumeIO should write files of various sizes, verify size, validate content [Slow][LinuxOnly]" classname="Kubernetes e2e suite" time="0">
          <skipped></skipped>
      </testcase>
      <testcase name="[sig-storage] In-tree Volumes [Driver: hostPathSymlink] [Testpattern: Dynamic PV (ext4)] multiVolume [Slow] should concurrently access the volume and restored snapshot from pods on the same node [LinuxOnly][Feature:VolumeSnapshotDataSource][Feature:VolumeSourceXFS]" classname="Kubernetes e2e suite" time="0">
          <skipped></skipped>
      </testcase>
      <testcase name="[sig-storage] In-tree Volumes [Driver: hostPath] [Testpattern: Dynamic PV (block volmode)] multiVolume [Slow] should access to two volumes with different volume mode and retain data across pod recreation on the same node" classname="Kubernetes e2e suite" time="0">
          <skipped></skipped>
      </testcase>
      <testcase name="[sig-scheduling] SchedulerPredicates [Serial] PodTopologySpread Filtering validates 4 pods with MaxSkew=1 are evenly distributed into 2 nodes" classname="Kubernetes e2e suite" time="0">
          <skipped></skipped>
      </testcase>
      <testcase name="[sig-storage] In-tree Volumes [Driver: vsphere] [Testpattern: Pre-provisioned PV (block volmode)] volumeMode should not mount / map unused volumes in a pod [LinuxOnly]" classname="Kubernetes e2e suite" time="0">
          <skipped></skipped>
      </testcase>
      <testcase name="[sig-storage] In-tree Volumes [Driver: local][LocalVolumeType: dir] [Testpattern: Dynamic PV (ntfs)][Feature:Windows] volumes should allow exec of files on the volume" classname="Kubernetes e2e suite" time="0">
          <skipped></skipped>
      </testcase>
      <testcase name="[sig-network] DNS should provide DNS for services  [Conformance]" classname="Kubernetes e2e suite" time="617.672475458">
          <failure type="Failure">/workspace/src/k8s.io/kubernetes/_output/dockerized/go/src/k8s.io/kubernetes/test/e2e/framework/framework.go:630&#xA;Aug 27 09:59:50.275: Unexpected error:&#xA;    &lt;*errors.errorString | 0xc0002c6240&gt;: {&#xA;        s: &#34;timed out waiting for the condition&#34;,&#xA;    }&#xA;    timed out waiting for the condition&#xA;occurred&#xA;/workspace/src/k8s.io/kubernetes/_output/dockerized/go/src/k8s.io/kubernetes/test/e2e/network/dns_common.go:463</failure>
          <system-out>[BeforeEach] [sig-network] DNS&#xA;  /workspace/src/k8s.io/kubernetes/_output/dockerized/go/src/k8s.io/kubernetes/test/e2e/framework/framework.go:185&#xA;STEP: Creating a kubernetes client&#xA;Aug 27 09:49:33.277: INFO: &gt;&gt;&gt; kubeConfig: /tmp/kubeconfig-655963504&#xA;STEP: Building a namespace api object, basename dns&#xA;STEP: Waiting for a default service account to be provisioned in namespace&#xA;[It] should provide DNS for services  [Conformance]&#xA;  /workspace/src/k8s.io/kubernetes/_output/dockerized/go/src/k8s.io/kubernetes/test/e2e/framework/framework.go:630&#xA;STEP: Creating a test headless service&#xA;STEP: Running these commands on wheezy: for i in `seq 1 600`; do check=&#34;$$(dig +notcp +noall +answer +search dns-test-service.dns-2689.svc.cluster.local A)&#34; &amp;&amp; test -n &#34;$$check&#34; &amp;&amp; echo OK &gt; /results/wheezy_udp@dns-test-service.dns-2689.svc.cluster.local;check=&#34;$$(dig +tcp +noall +answer +search dns-test-service.dns-2689.svc.cluster.local A)&#34; &amp;&amp; test -n &#34;$$check&#34; &amp;&amp; echo OK &gt; /results/wheezy_tcp@dns-test-service.dns-2689.svc.cluster.local;check=&#34;$$(dig +notcp +noall +answer +search _http._tcp.dns-test-service.dns-2689.svc.cluster.local SRV)&#34; &amp;&amp; test -n &#34;$$check&#34; &amp;&amp; echo OK &gt; /results/wheezy_udp@_http._tcp.dns-test-service.dns-2689.svc.cluster.local;check=&#34;$$(dig +tcp +noall +answer +search _http._tcp.dns-test-service.dns-2689.svc.cluster.local SRV)&#34; &amp;&amp; test -n &#34;$$check&#34; &amp;&amp; echo OK &gt; /results/wheezy_tcp@_http._tcp.dns-test-service.dns-2689.svc.cluster.local;check=&#34;$$(dig +notcp +noall +answer +search _http._tcp.test-service-2.dns-2689.svc.cluster.local SRV)&#34; &amp;&amp; test -n &#34;$$check&#34; &amp;&amp; echo OK &gt; /results/wheezy_udp@_http._tcp.test-service-2.dns-2689.svc.cluster.local;check=&#34;$$(dig +tcp +noall +answer +search _http._tcp.test-service-2.dns-2689.svc.cluster.local SRV)&#34; &amp;&amp; test -n &#34;$$check&#34; &amp;&amp; echo OK &gt; /results/wheezy_tcp@_http._tcp.test-service-2.dns-2689.svc.cluster.local;podARec=$$(hostname -i| awk -F. &#39;{print $$1&#34;-&#34;$$2&#34;-&#34;$$3&#34;-&#34;$$4&#34;.dns-2689.pod.cluster.local&#34;}&#39;);check=&#34;$$(dig +notcp +noall +answer +search $${podARec} A)&#34; &amp;&amp; test -n &#34;$$check&#34; &amp;&amp; echo OK &gt; /results/wheezy_udp@PodARecord;check=&#34;$$(dig +tcp +noall +answer +search $${podARec} A)&#34; &amp;&amp; test -n &#34;$$check&#34; &amp;&amp; echo OK &gt; /results/wheezy_tcp@PodARecord;check=&#34;$$(dig +notcp +noall +answer +search 107.180.24.10.in-addr.arpa. PTR)&#34; &amp;&amp; test -n &#34;$$check&#34; &amp;&amp; echo OK &gt; /results/10.24.180.107_udp@PTR;check=&#34;$$(dig +tcp +noall +answer +search 107.180.24.10.in-addr.arpa. PTR)&#34; &amp;&amp; test -n &#34;$$check&#34; &amp;&amp; echo OK &gt; /results/10.24.180.107_tcp@PTR;sleep 1; done&#xA;&#xA;STEP: Running these commands on jessie: for i in `seq 1 600`; do check=&#34;$$(dig +notcp +noall +answer +search dns-test-service.dns-2689.svc.cluster.local A)&#34; &amp;&amp; test -n &#34;$$check&#34; &amp;&amp; echo OK &gt; /results/jessie_udp@dns-test-service.dns-2689.svc.cluster.local;check=&#34;$$(dig +tcp +noall +answer +search dns-test-service.dns-2689.svc.cluster.local A)&#34; &amp;&amp; test -n &#34;$$check&#34; &amp;&amp; echo OK &gt; /results/jessie_tcp@dns-test-service.dns-2689.svc.cluster.local;check=&#34;$$(dig +notcp +noall +answer +search _http._tcp.dns-test-service.dns-2689.svc.cluster.local SRV)&#34; &amp;&amp; test -n &#34;$$check&#34; &amp;&amp; echo OK &gt; /results/jessie_udp@_http._tcp.dns-test-service.dns-2689.svc.cluster.local;check=&#34;$$(dig +tcp +noall +answer +search _http._tcp.dns-test-service.dns-2689.svc.cluster.local SRV)&#34; &amp;&amp; test -n &#34;$$check&#34; &amp;&amp; echo OK &gt; /results/jessie_tcp@_http._tcp.dns-test-service.dns-2689.svc.cluster.local;check=&#34;$$(dig +notcp +noall +answer +search _http._tcp.test-service-2.dns-2689.svc.cluster.local SRV)&#34; &amp;&amp; test -n &#34;$$check&#34; &amp;&amp; echo OK &gt; /results/jessie_udp@_http._tcp.test-service-2.dns-2689.svc.cluster.local;check=&#34;$$(dig +tcp +noall +answer +search _http._tcp.test-service-2.dns-2689.svc.cluster.local SRV)&#34; &amp;&amp; test -n &#34;$$check&#34; &amp;&amp; echo OK &gt; /results/jessie_tcp@_http._tcp.test-service-2.dns-2689.svc.cluster.local;podARec=$$(hostname -i| awk -F. &#39;{print $$1&#34;-&#34;$$2&#34;-&#34;$$3&#34;-&#34;$$4&#34;.dns-2689.pod.cluster.local&#34;}&#39;);check=&#34;$$(dig +notcp +noall +answer +search $${podARec} A)&#34; &amp;&amp; test -n &#34;$$check&#34; &amp;&amp; echo OK &gt; /results/jessie_udp@PodARecord;check=&#34;$$(dig +tcp +noall +answer +search $${podARec} A)&#34; &amp;&amp; test -n &#34;$$check&#34; &amp;&amp; echo OK &gt; /results/jessie_tcp@PodARecord;check=&#34;$$(dig +notcp +noall +answer +search 107.180.24.10.in-addr.arpa. PTR)&#34; &amp;&amp; test -n &#34;$$check&#34; &amp;&amp; echo OK &gt; /results/10.24.180.107_udp@PTR;check=&#34;$$(dig +tcp +noall +answer +search 107.180.24.10.in-addr.arpa. PTR)&#34; &amp;&amp; test -n &#34;$$check&#34; &amp;&amp; echo OK &gt; /results/10.24.180.107_tcp@PTR;sleep 1; done&#xA;&#xA;STEP: creating a pod to probe DNS&#xA;STEP: submitting the pod to kubernetes&#xA;STEP: retrieving the pod&#xA;STEP: looking for the results for each expected name from probers&#xA;Aug 27 09:49:49.451: INFO: Unable to read wheezy_udp@dns-test-service.dns-2689.svc.cluster.local from pod dns-2689/dns-test-16c8d22a-e0d7-4685-a07b-af603578fe5f: the server could not find the requested resource (get pods dns-test-16c8d22a-e0d7-4685-a07b-af603578fe5f)&#xA;Aug 27 09:49:49.459: INFO: Unable to read wheezy_tcp@dns-test-service.dns-2689.svc.cluster.local from pod dns-2689/dns-test-16c8d22a-e0d7-4685-a07b-af603578fe5f: the server could not find the requested resource (get pods dns-test-16c8d22a-e0d7-4685-a07b-af603578fe5f)&#xA;Aug 27 09:49:49.463: INFO: Unable to read wheezy_udp@_http._tcp.dns-test-service.dns-2689.svc.cluster.local from pod dns-2689/dns-test-16c8d22a-e0d7-4685-a07b-af603578fe5f: the server could not find the requested resource (get pods dns-test-16c8d22a-e0d7-4685-a07b-af603578fe5f)&#xA;Aug 27 09:49:49.473: INFO: Unable to read wheezy_tcp@_http._tcp.dns-test-service.dns-2689.svc.cluster.local from pod dns-2689/dns-test-16c8d22a-e0d7-4685-a07b-af603578fe5f: the server could not find the requested resource (get pods dns-test-16c8d22a-e0d7-4685-a07b-af603578fe5f)&#xA;Aug 27 09:49:49.514: INFO: Unable to read wheezy_udp@PodARecord from pod dns-2689/dns-test-16c8d22a-e0d7-4685-a07b-af603578fe5f: the server could not find the requested resource (get pods dns-test-16c8d22a-e0d7-4685-a07b-af603578fe5f)&#xA;Aug 27 09:49:49.518: INFO: Unable to read wheezy_tcp@PodARecord from pod dns-2689/dns-test-16c8d22a-e0d7-4685-a07b-af603578fe5f: the server could not find the requested resource (get pods dns-test-16c8d22a-e0d7-4685-a07b-af603578fe5f)&#xA;Aug 27 09:49:49.530: INFO: Unable to read jessie_udp@dns-test-service.dns-2689.svc.cluster.local from pod dns-2689/dns-test-16c8d22a-e0d7-4685-a07b-af603578fe5f: the server could not find the requested resource (get pods dns-test-16c8d22a-e0d7-4685-a07b-af603578fe5f)&#xA;Aug 27 09:49:49.536: INFO: Unable to read jessie_tcp@dns-test-service.dns-2689.svc.cluster.local from pod dns-2689/dns-test-16c8d22a-e0d7-4685-a07b-af603578fe5f: the server could not find the requested resource (get pods dns-test-16c8d22a-e0d7-4685-a07b-af603578fe5f)&#xA;Aug 27 09:49:49.539: INFO: Unable to read jessie_udp@_http._tcp.dns-test-service.dns-2689.svc.cluster.local from pod dns-2689/dns-test-16c8d22a-e0d7-4685-a07b-af603578fe5f: the server could not find the requested resource (get pods dns-test-16c8d22a-e0d7-4685-a07b-af603578fe5f)&#xA;Aug 27 09:49:49.546: INFO: Unable to read jessie_tcp@_http._tcp.dns-test-service.dns-2689.svc.cluster.local from pod dns-2689/dns-test-16c8d22a-e0d7-4685-a07b-af603578fe5f: the server could not find the requested resource (get pods dns-test-16c8d22a-e0d7-4685-a07b-af603578fe5f)&#xA;Aug 27 09:49:49.577: INFO: Unable to read jessie_udp@PodARecord from pod dns-2689/dns-test-16c8d22a-e0d7-4685-a07b-af603578fe5f: the server could not find the requested resource (get pods dns-test-16c8d22a-e0d7-4685-a07b-af603578fe5f)&#xA;Aug 27 09:49:49.583: INFO: Unable to read jessie_tcp@PodARecord from pod dns-2689/dns-test-16c8d22a-e0d7-4685-a07b-af603578fe5f: the server could not find the requested resource (get pods dns-test-16c8d22a-e0d7-4685-a07b-af603578fe5f)&#xA;Aug 27 09:49:49.612: INFO: Lookups using dns-2689/dns-test-16c8d22a-e0d7-4685-a07b-af603578fe5f failed for: [wheezy_udp@dns-test-service.dns-2689.svc.cluster.local wheezy_tcp@dns-test-service.dns-2689.svc.cluster.local wheezy_udp@_http._tcp.dns-test-service.dns-2689.svc.cluster.local wheezy_tcp@_http._tcp.dns-test-service.dns-2689.svc.cluster.local wheezy_udp@PodARecord wheezy_tcp@PodARecord jessie_udp@dns-test-service.dns-2689.svc.cluster.local jessie_tcp@dns-test-service.dns-2689.svc.cluster.local jessie_udp@_http._tcp.dns-test-service.dns-2689.svc.cluster.local jessie_tcp@_http._tcp.dns-test-service.dns-2689.svc.cluster.local jessie_udp@PodARecord jessie_tcp@PodARecord]&#xA;&#xA;Aug 27 09:49:54.624: INFO: Unable to read wheezy_udp@dns-test-service.dns-2689.svc.cluster.local from pod dns-2689/dns-test-16c8d22a-e0d7-4685-a07b-af603578fe5f: the server could not find the requested resource (get pods dns-test-16c8d22a-e0d7-4685-a07b-af603578fe5f)&#xA;Aug 27 09:49:54.628: INFO: Unable to read wheezy_tcp@dns-test-service.dns-2689.svc.cluster.local from pod dns-2689/dns-test-16c8d22a-e0d7-4685-a07b-af603578fe5f: the server could not find the requested resource (get pods dns-test-16c8d22a-e0d7-4685-a07b-af603578fe5f)&#xA;Aug 27 09:49:54.657: INFO: Unable to read wheezy_udp@PodARecord from pod dns-2689/dns-test-16c8d22a-e0d7-4685-a07b-af603578fe5f: the server could not find the requested resource (get pods dns-test-16c8d22a-e0d7-4685-a07b-af603578fe5f)&#xA;Aug 27 09:49:54.668: INFO: Unable to read wheezy_tcp@PodARecord from pod dns-2689/dns-test-16c8d22a-e0d7-4685-a07b-af603578fe5f: the server could not find the requested resource (get pods dns-test-16c8d22a-e0d7-4685-a07b-af603578fe5f)&#xA;Aug 27 09:49:54.731: INFO: Unable to read jessie_udp@dns-test-service.dns-2689.svc.cluster.local from pod dns-2689/dns-test-16c8d22a-e0d7-4685-a07b-af603578fe5f: the server could not find the requested resource (get pods dns-test-16c8d22a-e0d7-4685-a07b-af603578fe5f)&#xA;Aug 27 09:49:54.740: INFO: Unable to read jessie_tcp@dns-test-service.dns-2689.svc.cluster.local from pod dns-2689/dns-test-16c8d22a-e0d7-4685-a07b-af603578fe5f: the server could not find the requested resource (get pods dns-test-16c8d22a-e0d7-4685-a07b-af603578fe5f)&#xA;Aug 27 09:49:54.764: INFO: Unable to read jessie_udp@PodARecord from pod dns-2689/dns-test-16c8d22a-e0d7-4685-a07b-af603578fe5f: the server could not find the requested resource (get pods dns-test-16c8d22a-e0d7-4685-a07b-af603578fe5f)&#xA;Aug 27 09:49:54.768: INFO: Unable to read jessie_tcp@PodARecord from pod dns-2689/dns-test-16c8d22a-e0d7-4685-a07b-af603578fe5f: the server could not find the requested resource (get pods dns-test-16c8d22a-e0d7-4685-a07b-af603578fe5f)&#xA;Aug 27 09:49:54.776: INFO: Lookups using dns-2689/dns-test-16c8d22a-e0d7-4685-a07b-af603578fe5f failed for: [wheezy_udp@dns-test-service.dns-2689.svc.cluster.local wheezy_tcp@dns-test-service.dns-2689.svc.cluster.local wheezy_udp@PodARecord wheezy_tcp@PodARecord jessie_udp@dns-test-service.dns-2689.svc.cluster.local jessie_tcp@dns-test-service.dns-2689.svc.cluster.local jessie_udp@PodARecord jessie_tcp@PodARecord]&#xA;&#xA;Aug 27 09:49:59.622: INFO: Unable to read wheezy_udp@dns-test-service.dns-2689.svc.cluster.local from pod dns-2689/dns-test-16c8d22a-e0d7-4685-a07b-af603578fe5f: the server could not find the requested resource (get pods dns-test-16c8d22a-e0d7-4685-a07b-af603578fe5f)&#xA;Aug 27 09:49:59.628: INFO: Unable to read wheezy_tcp@dns-test-service.dns-2689.svc.cluster.local from pod dns-2689/dns-test-16c8d22a-e0d7-4685-a07b-af603578fe5f: the server could not find the requested resource (get pods dns-test-16c8d22a-e0d7-4685-a07b-af603578fe5f)&#xA;Aug 27 09:49:59.651: INFO: Unable to read wheezy_udp@PodARecord from pod dns-2689/dns-test-16c8d22a-e0d7-4685-a07b-af603578fe5f: the server could not find the requested resource (get pods dns-test-16c8d22a-e0d7-4685-a07b-af603578fe5f)&#xA;Aug 27 09:49:59.658: INFO: Unable to read wheezy_tcp@PodARecord from pod dns-2689/dns-test-16c8d22a-e0d7-4685-a07b-af603578fe5f: the server could not find the requested resource (get pods dns-test-16c8d22a-e0d7-4685-a07b-af603578fe5f)&#xA;Aug 27 09:49:59.672: INFO: Unable to read jessie_udp@dns-test-service.dns-2689.svc.cluster.local from pod dns-2689/dns-test-16c8d22a-e0d7-4685-a07b-af603578fe5f: the server could not find the requested resource (get pods dns-test-16c8d22a-e0d7-4685-a07b-af603578fe5f)&#xA;Aug 27 09:49:59.677: INFO: Unable to read jessie_tcp@dns-test-service.dns-2689.svc.cluster.local from pod dns-2689/dns-test-16c8d22a-e0d7-4685-a07b-af603578fe5f: the server could not find the requested resource (get pods dns-test-16c8d22a-e0d7-4685-a07b-af603578fe5f)&#xA;Aug 27 09:49:59.701: INFO: Unable to read jessie_udp@PodARecord from pod dns-2689/dns-test-16c8d22a-e0d7-4685-a07b-af603578fe5f: the server could not find the requested resource (get pods dns-test-16c8d22a-e0d7-4685-a07b-af603578fe5f)&#xA;Aug 27 09:49:59.708: INFO: Unable to read jessie_tcp@PodARecord from pod dns-2689/dns-test-16c8d22a-e0d7-4685-a07b-af603578fe5f: the server could not find the requested resource (get pods dns-test-16c8d22a-e0d7-4685-a07b-af603578fe5f)&#xA;Aug 27 09:49:59.716: INFO: Lookups using dns-2689/dns-test-16c8d22a-e0d7-4685-a07b-af603578fe5f failed for: [wheezy_udp@dns-test-service.dns-2689.svc.cluster.local wheezy_tcp@dns-test-service.dns-2689.svc.cluster.local wheezy_udp@PodARecord wheezy_tcp@PodARecord jessie_udp@dns-test-service.dns-2689.svc.cluster.local jessie_tcp@dns-test-service.dns-2689.svc.cluster.local jessie_udp@PodARecord jessie_tcp@PodARecord]&#xA;&#xA;Aug 27 09:50:04.650: INFO: Unable to read wheezy_udp@dns-test-service.dns-2689.svc.cluster.local from pod dns-2689/dns-test-16c8d22a-e0d7-4685-a07b-af603578fe5f: the server could not find the requested resource (get pods dns-test-16c8d22a-e0d7-4685-a07b-af603578fe5f)&#xA;Aug 27 09:50:04.656: INFO: Unable to read wheezy_tcp@dns-test-service.dns-2689.svc.cluster.local from pod dns-2689/dns-test-16c8d22a-e0d7-4685-a07b-af603578fe5f: the server could not find the requested resource (get pods dns-test-16c8d22a-e0d7-4685-a07b-af603578fe5f)&#xA;Aug 27 09:50:04.706: INFO: Unable to read wheezy_udp@PodARecord from pod dns-2689/dns-test-16c8d22a-e0d7-4685-a07b-af603578fe5f: the server could not find the requested resource (get pods dns-test-16c8d22a-e0d7-4685-a07b-af603578fe5f)&#xA;Aug 27 09:50:04.713: INFO: Unable to read wheezy_tcp@PodARecord from pod dns-2689/dns-test-16c8d22a-e0d7-4685-a07b-af603578fe5f: the server could not find the requested resource (get pods dns-test-16c8d22a-e0d7-4685-a07b-af603578fe5f)&#xA;Aug 27 09:50:04.732: INFO: Unable to read jessie_udp@dns-test-service.dns-2689.svc.cluster.local from pod dns-2689/dns-test-16c8d22a-e0d7-4685-a07b-af603578fe5f: the server could not find the requested resource (get pods dns-test-16c8d22a-e0d7-4685-a07b-af603578fe5f)&#xA;Aug 27 09:50:04.740: INFO: Unable to read jessie_tcp@dns-test-service.dns-2689.svc.cluster.local from pod dns-2689/dns-test-16c8d22a-e0d7-4685-a07b-af603578fe5f: the server could not find the requested resource (get pods dns-test-16c8d22a-e0d7-4685-a07b-af603578fe5f)&#xA;Aug 27 09:50:04.806: INFO: Unable to read jessie_udp@PodARecord from pod dns-2689/dns-test-16c8d22a-e0d7-4685-a07b-af603578fe5f: the server could not find the requested resource (get pods dns-test-16c8d22a-e0d7-4685-a07b-af603578fe5f)&#xA;Aug 27 09:50:04.815: INFO: Unable to read jessie_tcp@PodARecord from pod dns-2689/dns-test-16c8d22a-e0d7-4685-a07b-af603578fe5f: the server could not find the requested resource (get pods dns-test-16c8d22a-e0d7-4685-a07b-af603578fe5f)&#xA;Aug 27 09:50:04.833: INFO: Lookups using dns-2689/dns-test-16c8d22a-e0d7-4685-a07b-af603578fe5f failed for: [wheezy_udp@dns-test-service.dns-2689.svc.cluster.local wheezy_tcp@dns-test-service.dns-2689.svc.cluster.local wheezy_udp@PodARecord wheezy_tcp@PodARecord jessie_udp@dns-test-service.dns-2689.svc.cluster.local jessie_tcp@dns-test-service.dns-2689.svc.cluster.local jessie_udp@PodARecord jessie_tcp@PodARecord]&#xA;&#xA;Aug 27 09:50:09.621: INFO: Unable to read wheezy_udp@dns-test-service.dns-2689.svc.cluster.local from pod dns-2689/dns-test-16c8d22a-e0d7-4685-a07b-af603578fe5f: the server could not find the requested resource (get pods dns-test-16c8d22a-e0d7-4685-a07b-af603578fe5f)&#xA;Aug 27 09:50:09.631: INFO: Unable to read wheezy_tcp@dns-test-service.dns-2689.svc.cluster.local from pod dns-2689/dns-test-16c8d22a-e0d7-4685-a07b-af603578fe5f: the server could not find the requested resource (get pods dns-test-16c8d22a-e0d7-4685-a07b-af603578fe5f)&#xA;Aug 27 09:50:09.676: INFO: Unable to read wheezy_udp@PodARecord from pod dns-2689/dns-test-16c8d22a-e0d7-4685-a07b-af603578fe5f: the server could not find the requested resource (get pods dns-test-16c8d22a-e0d7-4685-a07b-af603578fe5f)&#xA;Aug 27 09:50:09.709: INFO: Unable to read wheezy_tcp@PodARecord from pod dns-2689/dns-test-16c8d22a-e0d7-4685-a07b-af603578fe5f: the server could not find the requested resource (get pods dns-test-16c8d22a-e0d7-4685-a07b-af603578fe5f)&#xA;Aug 27 09:50:09.722: INFO: Unable to read jessie_udp@dns-test-service.dns-2689.svc.cluster.local from pod dns-2689/dns-test-16c8d22a-e0d7-4685-a07b-af603578fe5f: the server could not find the requested resource (get pods dns-test-16c8d22a-e0d7-4685-a07b-af603578fe5f)&#xA;Aug 27 09:50:09.735: INFO: Unable to read jessie_tcp@dns-test-service.dns-2689.svc.cluster.local from pod dns-2689/dns-test-16c8d22a-e0d7-4685-a07b-af603578fe5f: the server could not find the requested resource (get pods dns-test-16c8d22a-e0d7-4685-a07b-af603578fe5f)&#xA;Aug 27 09:50:09.777: INFO: Unable to read jessie_udp@PodARecord from pod dns-2689/dns-test-16c8d22a-e0d7-4685-a07b-af603578fe5f: the server could not find the requested resource (get pods dns-test-16c8d22a-e0d7-4685-a07b-af603578fe5f)&#xA;Aug 27 09:50:09.787: INFO: Unable to read jessie_tcp@PodARecord from pod dns-2689/dns-test-16c8d22a-e0d7-4685-a07b-af603578fe5f: the server could not find the requested resource (get pods dns-test-16c8d22a-e0d7-4685-a07b-af603578fe5f)&#xA;Aug 27 09:50:09.815: INFO: Lookups using dns-2689/dns-test-16c8d22a-e0d7-4685-a07b-af603578fe5f failed for: [wheezy_udp@dns-test-service.dns-2689.svc.cluster.local wheezy_tcp@dns-test-service.dns-2689.svc.cluster.local wheezy_udp@PodARecord wheezy_tcp@PodARecord jessie_udp@dns-test-service.dns-2689.svc.cluster.local jessie_tcp@dns-test-service.dns-2689.svc.cluster.local jessie_udp@PodARecord jessie_tcp@PodARecord]&#xA;&#xA;Aug 27 09:50:14.657: INFO: Unable to read wheezy_udp@dns-test-service.dns-2689.svc.cluster.local from pod dns-2689/dns-test-16c8d22a-e0d7-4685-a07b-af603578fe5f: the server could not find the requested resource (get pods dns-test-16c8d22a-e0d7-4685-a07b-af603578fe5f)&#xA;Aug 27 09:50:14.664: INFO: Unable to read wheezy_tcp@dns-test-service.dns-2689.svc.cluster.local from pod dns-2689/dns-test-16c8d22a-e0d7-4685-a07b-af603578fe5f: the server could not find the requested resource (get pods dns-test-16c8d22a-e0d7-4685-a07b-af603578fe5f)&#xA;Aug 27 09:50:14.721: INFO: Unable to read wheezy_udp@PodARecord from pod dns-2689/dns-test-16c8d22a-e0d7-4685-a07b-af603578fe5f: the server could not find the requested resource (get pods dns-test-16c8d22a-e0d7-4685-a07b-af603578fe5f)&#xA;Aug 27 09:50:14.749: INFO: Unable to read wheezy_tcp@PodARecord from pod dns-2689/dns-test-16c8d22a-e0d7-4685-a07b-af603578fe5f: the server could not find the requested resource (get pods dns-test-16c8d22a-e0d7-4685-a07b-af603578fe5f)&#xA;Aug 27 09:50:14.779: INFO: Unable to read jessie_udp@dns-test-service.dns-2689.svc.cluster.local from pod dns-2689/dns-test-16c8d22a-e0d7-4685-a07b-af603578fe5f: the server could not find the requested resource (get pods dns-test-16c8d22a-e0d7-4685-a07b-af603578fe5f)&#xA;Aug 27 09:50:14.787: INFO: Unable to read jessie_tcp@dns-test-service.dns-2689.svc.cluster.local from pod dns-2689/dns-test-16c8d22a-e0d7-4685-a07b-af603578fe5f: the server could not find the requested resource (get pods dns-test-16c8d22a-e0d7-4685-a07b-af603578fe5f)&#xA;Aug 27 09:50:14.814: INFO: Unable to read jessie_udp@PodARecord from pod dns-2689/dns-test-16c8d22a-e0d7-4685-a07b-af603578fe5f: the server could not find the requested resource (get pods dns-test-16c8d22a-e0d7-4685-a07b-af603578fe5f)&#xA;Aug 27 09:50:14.825: INFO: Unable to read jessie_tcp@PodARecord from pod dns-2689/dns-test-16c8d22a-e0d7-4685-a07b-af603578fe5f: the server could not find the requested resource (get pods dns-test-16c8d22a-e0d7-4685-a07b-af603578fe5f)&#xA;Aug 27 09:50:14.848: INFO: Lookups using dns-2689/dns-test-16c8d22a-e0d7-4685-a07b-af603578fe5f failed for: [wheezy_udp@dns-test-service.dns-2689.svc.cluster.local wheezy_tcp@dns-test-service.dns-2689.svc.cluster.local wheezy_udp@PodARecord wheezy_tcp@PodARecord jessie_udp@dns-test-service.dns-2689.svc.cluster.local jessie_tcp@dns-test-service.dns-2689.svc.cluster.local jessie_udp@PodARecord jessie_tcp@PodARecord]&#xA;&#xA;Aug 27 09:50:19.620: INFO: Unable to read wheezy_udp@dns-test-service.dns-2689.svc.cluster.local from pod dns-2689/dns-test-16c8d22a-e0d7-4685-a07b-af603578fe5f: the server could not find the requested resource (get pods dns-test-16c8d22a-e0d7-4685-a07b-af603578fe5f)&#xA;Aug 27 09:50:19.633: INFO: Unable to read wheezy_tcp@dns-test-service.dns-2689.svc.cluster.local from pod dns-2689/dns-test-16c8d22a-e0d7-4685-a07b-af603578fe5f: the server could not find the requested resource (get pods dns-test-16c8d22a-e0d7-4685-a07b-af603578fe5f)&#xA;Aug 27 09:50:19.715: INFO: Unable to read wheezy_udp@PodARecord from pod dns-2689/dns-test-16c8d22a-e0d7-4685-a07b-af603578fe5f: the server could not find the requested resource (get pods dns-test-16c8d22a-e0d7-4685-a07b-af603578fe5f)&#xA;Aug 27 09:50:19.748: INFO: Unable to read wheezy_tcp@PodARecord from pod dns-2689/dns-test-16c8d22a-e0d7-4685-a07b-af603578fe5f: the server could not find the requested resource (get pods dns-test-16c8d22a-e0d7-4685-a07b-af603578fe5f)&#xA;Aug 27 09:50:19.861: INFO: Unable to read jessie_udp@dns-test-service.dns-2689.svc.cluster.local from pod dns-2689/dns-test-16c8d22a-e0d7-4685-a07b-af603578fe5f: the server could not find the requested resource (get pods dns-test-16c8d22a-e0d7-4685-a07b-af603578fe5f)&#xA;Aug 27 09:50:19.868: INFO: Unable to read jessie_tcp@dns-test-service.dns-2689.svc.cluster.local from pod dns-2689/dns-test-16c8d22a-e0d7-4685-a07b-af603578fe5f: the server could not find the requested resource (get pods dns-test-16c8d22a-e0d7-4685-a07b-af603578fe5f)&#xA;Aug 27 09:50:19.911: INFO: Unable to read jessie_udp@PodARecord from pod dns-2689/dns-test-16c8d22a-e0d7-4685-a07b-af603578fe5f: the server could not find the requested resource (get pods dns-test-16c8d22a-e0d7-4685-a07b-af603578fe5f)&#xA;Aug 27 09:50:19.922: INFO: Unable to read jessie_tcp@PodARecord from pod dns-2689/dns-test-16c8d22a-e0d7-4685-a07b-af603578fe5f: the server could not find the requested resource (get pods dns-test-16c8d22a-e0d7-4685-a07b-af603578fe5f)&#xA;Aug 27 09:50:19.947: INFO: Lookups using dns-2689/dns-test-16c8d22a-e0d7-4685-a07b-af603578fe5f failed for: [wheezy_udp@dns-test-service.dns-2689.svc.cluster.local wheezy_tcp@dns-test-service.dns-2689.svc.cluster.local wheezy_udp@PodARecord wheezy_tcp@PodARecord jessie_udp@dns-test-service.dns-2689.svc.cluster.local jessie_tcp@dns-test-service.dns-2689.svc.cluster.local jessie_udp@PodARecord jessie_tcp@PodARecord]&#xA;&#xA;Aug 27 09:50:24.633: INFO: Unable to read wheezy_udp@dns-test-service.dns-2689.svc.cluster.local from pod dns-2689/dns-test-16c8d22a-e0d7-4685-a07b-af603578fe5f: the server could not find the requested resource (get pods dns-test-16c8d22a-e0d7-4685-a07b-af603578fe5f)&#xA;Aug 27 09:50:24.643: INFO: Unable to read wheezy_tcp@dns-test-service.dns-2689.svc.cluster.local from pod dns-2689/dns-test-16c8d22a-e0d7-4685-a07b-af603578fe5f: the server could not find the requested resource (get pods dns-test-16c8d22a-e0d7-4685-a07b-af603578fe5f)&#xA;Aug 27 09:50:24.688: INFO: Unable to read wheezy_udp@PodARecord from pod dns-2689/dns-test-16c8d22a-e0d7-4685-a07b-af603578fe5f: the server could not find the requested resource (get pods dns-test-16c8d22a-e0d7-4685-a07b-af603578fe5f)&#xA;Aug 27 09:50:24.692: INFO: Unable to read wheezy_tcp@PodARecord from pod dns-2689/dns-test-16c8d22a-e0d7-4685-a07b-af603578fe5f: the server could not find the requested resource (get pods dns-test-16c8d22a-e0d7-4685-a07b-af603578fe5f)&#xA;Aug 27 09:50:24.767: INFO: Unable to read jessie_udp@dns-test-service.dns-2689.svc.cluster.local from pod dns-2689/dns-test-16c8d22a-e0d7-4685-a07b-af603578fe5f: the server could not find the requested resource (get pods dns-test-16c8d22a-e0d7-4685-a07b-af603578fe5f)&#xA;Aug 27 09:50:24.788: INFO: Unable to read jessie_tcp@dns-test-service.dns-2689.svc.cluster.local from pod dns-2689/dns-test-16c8d22a-e0d7-4685-a07b-af603578fe5f: the server could not find the requested resource (get pods dns-test-16c8d22a-e0d7-4685-a07b-af603578fe5f)&#xA;Aug 27 09:50:24.844: INFO: Unable to read jessie_udp@PodARecord from pod dns-2689/dns-test-16c8d22a-e0d7-4685-a07b-af603578fe5f: the server could not find the requested resource (get pods dns-test-16c8d22a-e0d7-4685-a07b-af603578fe5f)&#xA;Aug 27 09:50:24.861: INFO: Unable to read jessie_tcp@PodARecord from pod dns-2689/dns-test-16c8d22a-e0d7-4685-a07b-af603578fe5f: the server could not find the requested resource (get pods dns-test-16c8d22a-e0d7-4685-a07b-af603578fe5f)&#xA;Aug 27 09:50:24.877: INFO: Lookups using dns-2689/dns-test-16c8d22a-e0d7-4685-a07b-af603578fe5f failed for: [wheezy_udp@dns-test-service.dns-2689.svc.cluster.local wheezy_tcp@dns-test-service.dns-2689.svc.cluster.local wheezy_udp@PodARecord wheezy_tcp@PodARecord jessie_udp@dns-test-service.dns-2689.svc.cluster.local jessie_tcp@dns-test-service.dns-2689.svc.cluster.local jessie_udp@PodARecord jessie_tcp@PodARecord]&#xA;&#xA;Aug 27 09:50:29.630: INFO: Unable to read wheezy_udp@dns-test-service.dns-2689.svc.cluster.local from pod dns-2689/dns-test-16c8d22a-e0d7-4685-a07b-af603578fe5f: the server could not find the requested resource (get pods dns-test-16c8d22a-e0d7-4685-a07b-af603578fe5f)&#xA;Aug 27 09:50:29.640: INFO: Unable to read wheezy_tcp@dns-test-service.dns-2689.svc.cluster.local from pod dns-2689/dns-test-16c8d22a-e0d7-4685-a07b-af603578fe5f: the server could not find the requested resource (get pods dns-test-16c8d22a-e0d7-4685-a07b-af603578fe5f)&#xA;Aug 27 09:50:29.701: INFO: Unable to read wheezy_udp@PodARecord from pod dns-2689/dns-test-16c8d22a-e0d7-4685-a07b-af603578fe5f: the server could not find the requested resource (get pods dns-test-16c8d22a-e0d7-4685-a07b-af603578fe5f)&#xA;Aug 27 09:50:29.707: INFO: Unable to read wheezy_tcp@PodARecord from pod dns-2689/dns-test-16c8d22a-e0d7-4685-a07b-af603578fe5f: the server could not find the requested resource (get pods dns-test-16c8d22a-e0d7-4685-a07b-af603578fe5f)&#xA;Aug 27 09:50:29.722: INFO: Unable to read jessie_udp@dns-test-service.dns-2689.svc.cluster.local from pod dns-2689/dns-test-16c8d22a-e0d7-4685-a07b-af603578fe5f: the server could not find the requested resource (get pods dns-test-16c8d22a-e0d7-4685-a07b-af603578fe5f)&#xA;Aug 27 09:50:29.732: INFO: Unable to read jessie_tcp@dns-test-service.dns-2689.svc.cluster.local from pod dns-2689/dns-test-16c8d22a-e0d7-4685-a07b-af603578fe5f: the server could not find the requested resource (get pods dns-test-16c8d22a-e0d7-4685-a07b-af603578fe5f)&#xA;Aug 27 09:50:29.753: INFO: Unable to read jessie_udp@PodARecord from pod dns-2689/dns-test-16c8d22a-e0d7-4685-a07b-af603578fe5f: the server could not find the requested resource (get pods dns-test-16c8d22a-e0d7-4685-a07b-af603578fe5f)&#xA;Aug 27 09:50:29.759: INFO: Unable to read jessie_tcp@PodARecord from pod dns-2689/dns-test-16c8d22a-e0d7-4685-a07b-af603578fe5f: the server could not find the requested resource (get pods dns-test-16c8d22a-e0d7-4685-a07b-af603578fe5f)&#xA;Aug 27 09:50:29.767: INFO: Lookups using dns-2689/dns-test-16c8d22a-e0d7-4685-a07b-af603578fe5f failed for: [wheezy_udp@dns-test-service.dns-2689.svc.cluster.local wheezy_tcp@dns-test-service.dns-2689.svc.cluster.local wheezy_udp@PodARecord wheezy_tcp@PodARecord jessie_udp@dns-test-service.dns-2689.svc.cluster.local jessie_tcp@dns-test-service.dns-2689.svc.cluster.local jessie_udp@PodARecord jessie_tcp@PodARecord]&#xA;&#xA;Aug 27 09:50:34.619: INFO: Unable to read wheezy_udp@dns-test-service.dns-2689.svc.cluster.local from pod dns-2689/dns-test-16c8d22a-e0d7-4685-a07b-af603578fe5f: the server could not find the requested resource (get pods dns-test-16c8d22a-e0d7-4685-a07b-af603578fe5f)&#xA;Aug 27 09:50:34.627: INFO: Unable to read wheezy_tcp@dns-test-service.dns-2689.svc.cluster.local from pod dns-2689/dns-test-16c8d22a-e0d7-4685-a07b-af603578fe5f: the server could not find the requested resource (get pods dns-test-16c8d22a-e0d7-4685-a07b-af603578fe5f)&#xA;Aug 27 09:50:34.678: INFO: Unable to read wheezy_udp@PodARecord from pod dns-2689/dns-test-16c8d22a-e0d7-4685-a07b-af603578fe5f: the server could not find the requested resource (get pods dns-test-16c8d22a-e0d7-4685-a07b-af603578fe5f)&#xA;Aug 27 09:50:34.689: INFO: Unable to read wheezy_tcp@PodARecord from pod dns-2689/dns-test-16c8d22a-e0d7-4685-a07b-af603578fe5f: the server could not find the requested resource (get pods dns-test-16c8d22a-e0d7-4685-a07b-af603578fe5f)&#xA;Aug 27 09:50:34.703: INFO: Unable to read jessie_udp@dns-test-service.dns-2689.svc.cluster.local from pod dns-2689/dns-test-16c8d22a-e0d7-4685-a07b-af603578fe5f: the server could not find the requested resource (get pods dns-test-16c8d22a-e0d7-4685-a07b-af603578fe5f)&#xA;Aug 27 09:50:34.730: INFO: Unable to read jessie_tcp@dns-test-service.dns-2689.svc.cluster.local from pod dns-2689/dns-test-16c8d22a-e0d7-4685-a07b-af603578fe5f: the server could not find the requested resource (get pods dns-test-16c8d22a-e0d7-4685-a07b-af603578fe5f)&#xA;Aug 27 09:50:34.756: INFO: Unable to read jessie_udp@PodARecord from pod dns-2689/dns-test-16c8d22a-e0d7-4685-a07b-af603578fe5f: the server could not find the requested resource (get pods dns-test-16c8d22a-e0d7-4685-a07b-af603578fe5f)&#xA;Aug 27 09:50:34.764: INFO: Unable to read jessie_tcp@PodARecord from pod dns-2689/dns-test-16c8d22a-e0d7-4685-a07b-af603578fe5f: the server could not find the requested resource (get pods dns-test-16c8d22a-e0d7-4685-a07b-af603578fe5f)&#xA;Aug 27 09:50:34.791: INFO: Lookups using dns-2689/dns-test-16c8d22a-e0d7-4685-a07b-af603578fe5f failed for: [wheezy_udp@dns-test-service.dns-2689.svc.cluster.local wheezy_tcp@dns-test-service.dns-2689.svc.cluster.local wheezy_udp@PodARecord wheezy_tcp@PodARecord jessie_udp@dns-test-service.dns-2689.svc.cluster.local jessie_tcp@dns-test-service.dns-2689.svc.cluster.local jessie_udp@PodARecord jessie_tcp@PodARecord]&#xA;&#xA;Aug 27 09:50:39.627: INFO: Unable to read wheezy_udp@dns-test-service.dns-2689.svc.cluster.local from pod dns-2689/dns-test-16c8d22a-e0d7-4685-a07b-af603578fe5f: the server could not find the requested resource (get pods dns-test-16c8d22a-e0d7-4685-a07b-af603578fe5f)&#xA;Aug 27 09:50:39.631: INFO: Unable to read wheezy_tcp@dns-test-service.dns-2689.svc.cluster.local from pod dns-2689/dns-test-16c8d22a-e0d7-4685-a07b-af603578fe5f: the server could not find the requested resource (get pods dns-test-16c8d22a-e0d7-4685-a07b-af603578fe5f)&#xA;Aug 27 09:50:39.657: INFO: Unable to read wheezy_udp@PodARecord from pod dns-2689/dns-test-16c8d22a-e0d7-4685-a07b-af603578fe5f: the server could not find the requested resource (get pods dns-test-16c8d22a-e0d7-4685-a07b-af603578fe5f)&#xA;Aug 27 09:50:39.664: INFO: Unable to read wheezy_tcp@PodARecord from pod dns-2689/dns-test-16c8d22a-e0d7-4685-a07b-af603578fe5f: the server could not find the requested resource (get pods dns-test-16c8d22a-e0d7-4685-a07b-af603578fe5f)&#xA;Aug 27 09:50:39.676: INFO: Unable to read jessie_udp@dns-test-service.dns-2689.svc.cluster.local from pod dns-2689/dns-test-16c8d22a-e0d7-4685-a07b-af603578fe5f: the server could not find the requested resource (get pods dns-test-16c8d22a-e0d7-4685-a07b-af603578fe5f)&#xA;Aug 27 09:50:39.679: INFO: Unable to read jessie_tcp@dns-test-service.dns-2689.svc.cluster.local from pod dns-2689/dns-test-16c8d22a-e0d7-4685-a07b-af603578fe5f: the server could not find the requested resource (get pods dns-test-16c8d22a-e0d7-4685-a07b-af603578fe5f)&#xA;Aug 27 09:50:39.698: INFO: Unable to read jessie_udp@PodARecord from pod dns-2689/dns-test-16c8d22a-e0d7-4685-a07b-af603578fe5f: the server could not find the requested resource (get pods dns-test-16c8d22a-e0d7-4685-a07b-af603578fe5f)&#xA;Aug 27 09:50:39.702: INFO: Unable to read jessie_tcp@PodARecord from pod dns-2689/dns-test-16c8d22a-e0d7-4685-a07b-af603578fe5f: the server could not find the requested resource (get pods dns-test-16c8d22a-e0d7-4685-a07b-af603578fe5f)&#xA;Aug 27 09:50:39.712: INFO: Lookups using dns-2689/dns-test-16c8d22a-e0d7-4685-a07b-af603578fe5f failed for: [wheezy_udp@dns-test-service.dns-2689.svc.cluster.local wheezy_tcp@dns-test-service.dns-2689.svc.cluster.local wheezy_udp@PodARecord wheezy_tcp@PodARecord jessie_udp@dns-test-service.dns-2689.svc.cluster.local jessie_tcp@dns-test-service.dns-2689.svc.cluster.local jessie_udp@PodARecord jessie_tcp@PodARecord]&#xA;&#xA;Aug 27 09:50:44.619: INFO: Unable to read wheezy_udp@dns-test-service.dns-2689.svc.cluster.local from pod dns-2689/dns-test-16c8d22a-e0d7-4685-a07b-af603578fe5f: the server could not find the requested resource (get pods dns-test-16c8d22a-e0d7-4685-a07b-af603578fe5f)&#xA;Aug 27 09:50:44.623: INFO: Unable to read wheezy_tcp@dns-test-service.dns-2689.svc.cluster.local from pod dns-2689/dns-test-16c8d22a-e0d7-4685-a07b-af603578fe5f: the server could not find the requested resource (get pods dns-test-16c8d22a-e0d7-4685-a07b-af603578fe5f)&#xA;Aug 27 09:50:44.642: INFO: Unable to read wheezy_udp@PodARecord from pod dns-2689/dns-test-16c8d22a-e0d7-4685-a07b-af603578fe5f: the server could not find the requested resource (get pods dns-test-16c8d22a-e0d7-4685-a07b-af603578fe5f)&#xA;Aug 27 09:50:44.646: INFO: Unable to read wheezy_tcp@PodARecord from pod dns-2689/dns-test-16c8d22a-e0d7-4685-a07b-af603578fe5f: the server could not find the requested resource (get pods dns-test-16c8d22a-e0d7-4685-a07b-af603578fe5f)&#xA;Aug 27 09:50:44.672: INFO: Unable to read jessie_udp@dns-test-service.dns-2689.svc.cluster.local from pod dns-2689/dns-test-16c8d22a-e0d7-4685-a07b-af603578fe5f: the server could not find the requested resource (get pods dns-test-16c8d22a-e0d7-4685-a07b-af603578fe5f)&#xA;Aug 27 09:50:44.680: INFO: Unable to read jessie_tcp@dns-test-service.dns-2689.svc.cluster.local from pod dns-2689/dns-test-16c8d22a-e0d7-4685-a07b-af603578fe5f: the server could not find the requested resource (get pods dns-test-16c8d22a-e0d7-4685-a07b-af603578fe5f)&#xA;Aug 27 09:50:44.704: INFO: Unable to read jessie_udp@PodARecord from pod dns-2689/dns-test-16c8d22a-e0d7-4685-a07b-af603578fe5f: the server could not find the requested resource (get pods dns-test-16c8d22a-e0d7-4685-a07b-af603578fe5f)&#xA;Aug 27 09:50:44.707: INFO: Unable to read jessie_tcp@PodARecord from pod dns-2689/dns-test-16c8d22a-e0d7-4685-a07b-af603578fe5f: the server could not find the requested resource (get pods dns-test-16c8d22a-e0d7-4685-a07b-af603578fe5f)&#xA;Aug 27 09:50:44.714: INFO: Lookups using dns-2689/dns-test-16c8d22a-e0d7-4685-a07b-af603578fe5f failed for: [wheezy_udp@dns-test-service.dns-2689.svc.cluster.local wheezy_tcp@dns-test-service.dns-2689.svc.cluster.local wheezy_udp@PodARecord wheezy_tcp@PodARecord jessie_udp@dns-test-service.dns-2689.svc.cluster.local jessie_tcp@dns-test-service.dns-2689.svc.cluster.local jessie_udp@PodARecord jessie_tcp@PodARecord]&#xA;&#xA;Aug 27 09:50:49.620: INFO: Unable to read wheezy_udp@dns-test-service.dns-2689.svc.cluster.local from pod dns-2689/dns-test-16c8d22a-e0d7-4685-a07b-af603578fe5f: the server could not find the requested resource (get pods dns-test-16c8d22a-e0d7-4685-a07b-af603578fe5f)&#xA;Aug 27 09:50:49.624: INFO: Unable to read wheezy_tcp@dns-test-service.dns-2689.svc.cluster.local from pod dns-2689/dns-test-16c8d22a-e0d7-4685-a07b-af603578fe5f: the server could not find the requested resource (get pods dns-test-16c8d22a-e0d7-4685-a07b-af603578fe5f)&#xA;Aug 27 09:50:49.643: INFO: Unable to read wheezy_udp@PodARecord from pod dns-2689/dns-test-16c8d22a-e0d7-4685-a07b-af603578fe5f: the server could not find the requested resource (get pods dns-test-16c8d22a-e0d7-4685-a07b-af603578fe5f)&#xA;Aug 27 09:50:49.647: INFO: Unable to read wheezy_tcp@PodARecord from pod dns-2689/dns-test-16c8d22a-e0d7-4685-a07b-af603578fe5f: the server could not find the requested resource (get pods dns-test-16c8d22a-e0d7-4685-a07b-af603578fe5f)&#xA;Aug 27 09:50:49.658: INFO: Unable to read jessie_udp@dns-test-service.dns-2689.svc.cluster.local from pod dns-2689/dns-test-16c8d22a-e0d7-4685-a07b-af603578fe5f: the server could not find the requested resource (get pods dns-test-16c8d22a-e0d7-4685-a07b-af603578fe5f)&#xA;Aug 27 09:50:49.662: INFO: Unable to read jessie_tcp@dns-test-service.dns-2689.svc.cluster.local from pod dns-2689/dns-test-16c8d22a-e0d7-4685-a07b-af603578fe5f: the server could not find the requested resource (get pods dns-test-16c8d22a-e0d7-4685-a07b-af603578fe5f)&#xA;Aug 27 09:50:49.691: INFO: Unable to read jessie_udp@PodARecord from pod dns-2689/dns-test-16c8d22a-e0d7-4685-a07b-af603578fe5f: the server could not find the requested resource (get pods dns-test-16c8d22a-e0d7-4685-a07b-af603578fe5f)&#xA;Aug 27 09:50:49.696: INFO: Unable to read jessie_tcp@PodARecord from pod dns-2689/dns-test-16c8d22a-e0d7-4685-a07b-af603578fe5f: the server could not find the requested resource (get pods dns-test-16c8d22a-e0d7-4685-a07b-af603578fe5f)&#xA;Aug 27 09:50:49.704: INFO: Lookups using dns-2689/dns-test-16c8d22a-e0d7-4685-a07b-af603578fe5f failed for: [wheezy_udp@dns-test-service.dns-2689.svc.cluster.local wheezy_tcp@dns-test-service.dns-2689.svc.cluster.local wheezy_udp@PodARecord wheezy_tcp@PodARecord jessie_udp@dns-test-service.dns-2689.svc.cluster.local jessie_tcp@dns-test-service.dns-2689.svc.cluster.local jessie_udp@PodARecord jessie_tcp@PodARecord]&#xA;&#xA;Aug 27 09:50:54.627: INFO: Unable to read wheezy_udp@dns-test-service.dns-2689.svc.cluster.local from pod dns-2689/dns-test-16c8d22a-e0d7-4685-a07b-af603578fe5f: the server could not find the requested resource (get pods dns-test-16c8d22a-e0d7-4685-a07b-af603578fe5f)&#xA;Aug 27 09:50:54.641: INFO: Unable to read wheezy_tcp@dns-test-service.dns-2689.svc.cluster.local from pod dns-2689/dns-test-16c8d22a-e0d7-4685-a07b-af603578fe5f: the server could not find the requested resource (get pods dns-test-16c8d22a-e0d7-4685-a07b-af603578fe5f)&#xA;Aug 27 09:50:54.667: INFO: Unable to read wheezy_udp@PodARecord from pod dns-2689/dns-test-16c8d22a-e0d7-4685-a07b-af603578fe5f: the server could not find the requested resource (get pods dns-test-16c8d22a-e0d7-4685-a07b-af603578fe5f)&#xA;Aug 27 09:50:54.670: INFO: Unable to read wheezy_tcp@PodARecord from pod dns-2689/dns-test-16c8d22a-e0d7-4685-a07b-af603578fe5f: the server could not find the requested resource (get pods dns-test-16c8d22a-e0d7-4685-a07b-af603578fe5f)&#xA;Aug 27 09:50:54.689: INFO: Unable to read jessie_udp@dns-test-service.dns-2689.svc.cluster.local from pod dns-2689/dns-test-16c8d22a-e0d7-4685-a07b-af603578fe5f: the server could not find the requested resource (get pods dns-test-16c8d22a-e0d7-4685-a07b-af603578fe5f)&#xA;Aug 27 09:50:54.695: INFO: Unable to read jessie_tcp@dns-test-service.dns-2689.svc.cluster.local from pod dns-2689/dns-test-16c8d22a-e0d7-4685-a07b-af603578fe5f: the server could not find the requested resource (get pods dns-test-16c8d22a-e0d7-4685-a07b-af603578fe5f)&#xA;Aug 27 09:50:54.715: INFO: Unable to read jessie_udp@PodARecord from pod dns-2689/dns-test-16c8d22a-e0d7-4685-a07b-af603578fe5f: the server could not find the requested resource (get pods dns-test-16c8d22a-e0d7-4685-a07b-af603578fe5f)&#xA;Aug 27 09:50:54.718: INFO: Unable to read jessie_tcp@PodARecord from pod dns-2689/dns-test-16c8d22a-e0d7-4685-a07b-af603578fe5f: the server could not find the requested resource (get pods dns-test-16c8d22a-e0d7-4685-a07b-af603578fe5f)&#xA;Aug 27 09:50:54.727: INFO: Lookups using dns-2689/dns-test-16c8d22a-e0d7-4685-a07b-af603578fe5f failed for: [wheezy_udp@dns-test-service.dns-2689.svc.cluster.local wheezy_tcp@dns-test-service.dns-2689.svc.cluster.local wheezy_udp@PodARecord wheezy_tcp@PodARecord jessie_udp@dns-test-service.dns-2689.svc.cluster.local jessie_tcp@dns-test-service.dns-2689.svc.cluster.local jessie_udp@PodARecord jessie_tcp@PodARecord]&#xA;&#xA;Aug 27 09:50:59.621: INFO: Unable to read wheezy_udp@dns-test-service.dns-2689.svc.cluster.local from pod dns-2689/dns-test-16c8d22a-e0d7-4685-a07b-af603578fe5f: the server could not find the requested resource (get pods dns-test-16c8d22a-e0d7-4685-a07b-af603578fe5f)&#xA;Aug 27 09:50:59.626: INFO: Unable to read wheezy_tcp@dns-test-service.dns-2689.svc.cluster.local from pod dns-2689/dns-test-16c8d22a-e0d7-4685-a07b-af603578fe5f: the server could not find the requested resource (get pods dns-test-16c8d22a-e0d7-4685-a07b-af603578fe5f)&#xA;Aug 27 09:50:59.657: INFO: Unable to read wheezy_udp@PodARecord from pod dns-2689/dns-test-16c8d22a-e0d7-4685-a07b-af603578fe5f: the server could not find the requested resource (get pods dns-test-16c8d22a-e0d7-4685-a07b-af603578fe5f)&#xA;Aug 27 09:50:59.662: INFO: Unable to read wheezy_tcp@PodARecord from pod dns-2689/dns-test-16c8d22a-e0d7-4685-a07b-af603578fe5f: the server could not find the requested resource (get pods dns-test-16c8d22a-e0d7-4685-a07b-af603578fe5f)&#xA;Aug 27 09:50:59.676: INFO: Unable to read jessie_udp@dns-test-service.dns-2689.svc.cluster.local from pod dns-2689/dns-test-16c8d22a-e0d7-4685-a07b-af603578fe5f: the server could not find the requested resource (get pods dns-test-16c8d22a-e0d7-4685-a07b-af603578fe5f)&#xA;Aug 27 09:50:59.680: INFO: Unable to read jessie_tcp@dns-test-service.dns-2689.svc.cluster.local from pod dns-2689/dns-test-16c8d22a-e0d7-4685-a07b-af603578fe5f: the server could not find the requested resource (get pods dns-test-16c8d22a-e0d7-4685-a07b-af603578fe5f)&#xA;Aug 27 09:50:59.700: INFO: Unable to read jessie_udp@PodARecord from pod dns-2689/dns-test-16c8d22a-e0d7-4685-a07b-af603578fe5f: the server could not find the requested resource (get pods dns-test-16c8d22a-e0d7-4685-a07b-af603578fe5f)&#xA;Aug 27 09:50:59.704: INFO: Unable to read jessie_tcp@PodARecord from pod dns-2689/dns-test-16c8d22a-e0d7-4685-a07b-af603578fe5f: the server could not find the requested resource (get pods dns-test-16c8d22a-e0d7-4685-a07b-af603578fe5f)&#xA;Aug 27 09:50:59.715: INFO: Lookups using dns-2689/dns-test-16c8d22a-e0d7-4685-a07b-af603578fe5f failed for: [wheezy_udp@dns-test-service.dns-2689.svc.cluster.local wheezy_tcp@dns-test-service.dns-2689.svc.cluster.local wheezy_udp@PodARecord wheezy_tcp@PodARecord jessie_udp@dns-test-service.dns-2689.svc.cluster.local jessie_tcp@dns-test-service.dns-2689.svc.cluster.local jessie_udp@PodARecord jessie_tcp@PodARecord]&#xA;&#xA;Aug 27 09:51:04.620: INFO: Unable to read wheezy_udp@dns-test-service.dns-2689.svc.cluster.local from pod dns-2689/dns-test-16c8d22a-e0d7-4685-a07b-af603578fe5f: the server could not find the requested resource (get pods dns-test-16c8d22a-e0d7-4685-a07b-af603578fe5f)&#xA;Aug 27 09:51:04.642: INFO: Unable to read wheezy_tcp@dns-test-service.dns-2689.svc.cluster.local from pod dns-2689/dns-test-16c8d22a-e0d7-4685-a07b-af603578fe5f: the server could not find the requested resource (get pods dns-test-16c8d22a-e0d7-4685-a07b-af603578fe5f)&#xA;Aug 27 09:51:04.684: INFO: Unable to read wheezy_udp@PodARecord from pod dns-2689/dns-test-16c8d22a-e0d7-4685-a07b-af603578fe5f: the server could not find the requested resource (get pods dns-test-16c8d22a-e0d7-4685-a07b-af603578fe5f)&#xA;Aug 27 09:51:04.690: INFO: Unable to read wheezy_tcp@PodARecord from pod dns-2689/dns-test-16c8d22a-e0d7-4685-a07b-af603578fe5f: the server could not find the requested resource (get pods dns-test-16c8d22a-e0d7-4685-a07b-af603578fe5f)&#xA;Aug 27 09:51:04.715: INFO: Unable to read jessie_udp@dns-test-service.dns-2689.svc.cluster.local from pod dns-2689/dns-test-16c8d22a-e0d7-4685-a07b-af603578fe5f: the server could not find the requested resource (get pods dns-test-16c8d22a-e0d7-4685-a07b-af603578fe5f)&#xA;Aug 27 09:51:04.726: INFO: Unable to read jessie_tcp@dns-test-service.dns-2689.svc.cluster.local from pod dns-2689/dns-test-16c8d22a-e0d7-4685-a07b-af603578fe5f: the server could not find the requested resource (get pods dns-test-16c8d22a-e0d7-4685-a07b-af603578fe5f)&#xA;Aug 27 09:51:04.754: INFO: Unable to read jessie_udp@PodARecord from pod dns-2689/dns-test-16c8d22a-e0d7-4685-a07b-af603578fe5f: the server could not find the requested resource (get pods dns-test-16c8d22a-e0d7-4685-a07b-af603578fe5f)&#xA;Aug 27 09:51:04.760: INFO: Unable to read jessie_tcp@PodARecord from pod dns-2689/dns-test-16c8d22a-e0d7-4685-a07b-af603578fe5f: the server could not find the requested resource (get pods dns-test-16c8d22a-e0d7-4685-a07b-af603578fe5f)&#xA;Aug 27 09:51:04.769: INFO: Lookups using dns-2689/dns-test-16c8d22a-e0d7-4685-a07b-af603578fe5f failed for: [wheezy_udp@dns-test-service.dns-2689.svc.cluster.local wheezy_tcp@dns-test-service.dns-2689.svc.cluster.local wheezy_udp@PodARecord wheezy_tcp@PodARecord jessie_udp@dns-test-service.dns-2689.svc.cluster.local jessie_tcp@dns-test-service.dns-2689.svc.cluster.local jessie_udp@PodARecord jessie_tcp@PodARecord]&#xA;&#xA;Aug 27 09:51:09.620: INFO: Unable to read wheezy_udp@dns-test-service.dns-2689.svc.cluster.local from pod dns-2689/dns-test-16c8d22a-e0d7-4685-a07b-af603578fe5f: the server could not find the requested resource (get pods dns-test-16c8d22a-e0d7-4685-a07b-af603578fe5f)&#xA;Aug 27 09:51:09.625: INFO: Unable to read wheezy_tcp@dns-test-service.dns-2689.svc.cluster.local from pod dns-2689/dns-test-16c8d22a-e0d7-4685-a07b-af603578fe5f: the server could not find the requested resource (get pods dns-test-16c8d22a-e0d7-4685-a07b-af603578fe5f)&#xA;Aug 27 09:51:09.647: INFO: Unable to read wheezy_udp@PodARecord from pod dns-2689/dns-test-16c8d22a-e0d7-4685-a07b-af603578fe5f: the server could not find the requested resource (get pods dns-test-16c8d22a-e0d7-4685-a07b-af603578fe5f)&#xA;Aug 27 09:51:09.652: INFO: Unable to read wheezy_tcp@PodARecord from pod dns-2689/dns-test-16c8d22a-e0d7-4685-a07b-af603578fe5f: the server could not find the requested resource (get pods dns-test-16c8d22a-e0d7-4685-a07b-af603578fe5f)&#xA;Aug 27 09:51:09.662: INFO: Unable to read jessie_udp@dns-test-service.dns-2689.svc.cluster.local from pod dns-2689/dns-test-16c8d22a-e0d7-4685-a07b-af603578fe5f: the server could not find the requested resource (get pods dns-test-16c8d22a-e0d7-4685-a07b-af603578fe5f)&#xA;Aug 27 09:51:09.666: INFO: Unable to read jessie_tcp@dns-test-service.dns-2689.svc.cluster.local from pod dns-2689/dns-test-16c8d22a-e0d7-4685-a07b-af603578fe5f: the server could not find the requested resource (get pods dns-test-16c8d22a-e0d7-4685-a07b-af603578fe5f)&#xA;Aug 27 09:51:09.692: INFO: Unable to read jessie_udp@PodARecord from pod dns-2689/dns-test-16c8d22a-e0d7-4685-a07b-af603578fe5f: the server could not find the requested resource (get pods dns-test-16c8d22a-e0d7-4685-a07b-af603578fe5f)&#xA;Aug 27 09:51:09.697: INFO: Unable to read jessie_tcp@PodARecord from pod dns-2689/dns-test-16c8d22a-e0d7-4685-a07b-af603578fe5f: the server could not find the requested resource (get pods dns-test-16c8d22a-e0d7-4685-a07b-af603578fe5f)&#xA;Aug 27 09:51:09.705: INFO: Lookups using dns-2689/dns-test-16c8d22a-e0d7-4685-a07b-af603578fe5f failed for: [wheezy_udp@dns-test-service.dns-2689.svc.cluster.local wheezy_tcp@dns-test-service.dns-2689.svc.cluster.local wheezy_udp@PodARecord wheezy_tcp@PodARecord jessie_udp@dns-test-service.dns-2689.svc.cluster.local jessie_tcp@dns-test-service.dns-2689.svc.cluster.local jessie_udp@PodARecord jessie_tcp@PodARecord]&#xA;&#xA;Aug 27 09:51:14.620: INFO: Unable to read wheezy_udp@dns-test-service.dns-2689.svc.cluster.local from pod dns-2689/dns-test-16c8d22a-e0d7-4685-a07b-af603578fe5f: the server could not find the requested resource (get pods dns-test-16c8d22a-e0d7-4685-a07b-af603578fe5f)&#xA;Aug 27 09:51:14.627: INFO: Unable to read wheezy_tcp@dns-test-service.dns-2689.svc.cluster.local from pod dns-2689/dns-test-16c8d22a-e0d7-4685-a07b-af603578fe5f: the server could not find the requested resource (get pods dns-test-16c8d22a-e0d7-4685-a07b-af603578fe5f)&#xA;Aug 27 09:51:14.647: INFO: Unable to read wheezy_udp@PodARecord from pod dns-2689/dns-test-16c8d22a-e0d7-4685-a07b-af603578fe5f: the server could not find the requested resource (get pods dns-test-16c8d22a-e0d7-4685-a07b-af603578fe5f)&#xA;Aug 27 09:51:14.656: INFO: Unable to read wheezy_tcp@PodARecord from pod dns-2689/dns-test-16c8d22a-e0d7-4685-a07b-af603578fe5f: the server could not find the requested resource (get pods dns-test-16c8d22a-e0d7-4685-a07b-af603578fe5f)&#xA;Aug 27 09:51:14.671: INFO: Unable to read jessie_udp@dns-test-service.dns-2689.svc.cluster.local from pod dns-2689/dns-test-16c8d22a-e0d7-4685-a07b-af603578fe5f: the server could not find the requested resource (get pods dns-test-16c8d22a-e0d7-4685-a07b-af603578fe5f)&#xA;Aug 27 09:51:14.676: INFO: Unable to read jessie_tcp@dns-test-service.dns-2689.svc.cluster.local from pod dns-2689/dns-test-16c8d22a-e0d7-4685-a07b-af603578fe5f: the server could not find the requested resource (get pods dns-test-16c8d22a-e0d7-4685-a07b-af603578fe5f)&#xA;Aug 27 09:51:14.695: INFO: Unable to read jessie_udp@PodARecord from pod dns-2689/dns-test-16c8d22a-e0d7-4685-a07b-af603578fe5f: the server could not find the requested resource (get pods dns-test-16c8d22a-e0d7-4685-a07b-af603578fe5f)&#xA;Aug 27 09:51:14.698: INFO: Unable to read jessie_tcp@PodARecord from pod dns-2689/dns-test-16c8d22a-e0d7-4685-a07b-af603578fe5f: the server could not find the requested resource (get pods dns-test-16c8d22a-e0d7-4685-a07b-af603578fe5f)&#xA;Aug 27 09:51:14.715: INFO: Lookups using dns-2689/dns-test-16c8d22a-e0d7-4685-a07b-af603578fe5f failed for: [wheezy_udp@dns-test-service.dns-2689.svc.cluster.local wheezy_tcp@dns-test-service.dns-2689.svc.cluster.local wheezy_udp@PodARecord wheezy_tcp@PodARecord jessie_udp@dns-test-service.dns-2689.svc.cluster.local jessie_tcp@dns-test-service.dns-2689.svc.cluster.local jessie_udp@PodARecord jessie_tcp@PodARecord]&#xA;&#xA;Aug 27 09:51:19.620: INFO: Unable to read wheezy_udp@dns-test-service.dns-2689.svc.cluster.local from pod dns-2689/dns-test-16c8d22a-e0d7-4685-a07b-af603578fe5f: the server could not find the requested resource (get pods dns-test-16c8d22a-e0d7-4685-a07b-af603578fe5f)&#xA;Aug 27 09:51:19.625: INFO: Unable to read wheezy_tcp@dns-test-service.dns-2689.svc.cluster.local from pod dns-2689/dns-test-16c8d22a-e0d7-4685-a07b-af603578fe5f: the server could not find the requested resource (get pods dns-test-16c8d22a-e0d7-4685-a07b-af603578fe5f)&#xA;Aug 27 09:51:19.660: INFO: Unable to read wheezy_udp@PodARecord from pod dns-2689/dns-test-16c8d22a-e0d7-4685-a07b-af603578fe5f: the server could not find the requested resource (get pods dns-test-16c8d22a-e0d7-4685-a07b-af603578fe5f)&#xA;Aug 27 09:51:19.664: INFO: Unable to read wheezy_tcp@PodARecord from pod dns-2689/dns-test-16c8d22a-e0d7-4685-a07b-af603578fe5f: the server could not find the requested resource (get pods dns-test-16c8d22a-e0d7-4685-a07b-af603578fe5f)&#xA;Aug 27 09:51:19.682: INFO: Unable to read jessie_udp@dns-test-service.dns-2689.svc.cluster.local from pod dns-2689/dns-test-16c8d22a-e0d7-4685-a07b-af603578fe5f: the server could not find the requested resource (get pods dns-test-16c8d22a-e0d7-4685-a07b-af603578fe5f)&#xA;Aug 27 09:51:19.687: INFO: Unable to read jessie_tcp@dns-test-service.dns-2689.svc.cluster.local from pod dns-2689/dns-test-16c8d22a-e0d7-4685-a07b-af603578fe5f: the server could not find the requested resource (get pods dns-test-16c8d22a-e0d7-4685-a07b-af603578fe5f)&#xA;Aug 27 09:51:19.708: INFO: Unable to read jessie_udp@PodARecord from pod dns-2689/dns-test-16c8d22a-e0d7-4685-a07b-af603578fe5f: the server could not find the requested resource (get pods dns-test-16c8d22a-e0d7-4685-a07b-af603578fe5f)&#xA;Aug 27 09:51:19.713: INFO: Unable to read jessie_tcp@PodARecord from pod dns-2689/dns-test-16c8d22a-e0d7-4685-a07b-af603578fe5f: the server could not find the requested resource (get pods dns-test-16c8d22a-e0d7-4685-a07b-af603578fe5f)&#xA;Aug 27 09:51:19.721: INFO: Lookups using dns-2689/dns-test-16c8d22a-e0d7-4685-a07b-af603578fe5f failed for: [wheezy_udp@dns-test-service.dns-2689.svc.cluster.local wheezy_tcp@dns-test-service.dns-2689.svc.cluster.local wheezy_udp@PodARecord wheezy_tcp@PodARecord jessie_udp@dns-test-service.dns-2689.svc.cluster.local jessie_tcp@dns-test-service.dns-2689.svc.cluster.local jessie_udp@PodARecord jessie_tcp@PodARecord]&#xA;&#xA;Aug 27 09:51:24.618: INFO: Unable to read wheezy_udp@dns-test-service.dns-2689.svc.cluster.local from pod dns-2689/dns-test-16c8d22a-e0d7-4685-a07b-af603578fe5f: the server could not find the requested resource (get pods dns-test-16c8d22a-e0d7-4685-a07b-af603578fe5f)&#xA;Aug 27 09:51:24.630: INFO: Unable to read wheezy_tcp@dns-test-service.dns-2689.svc.cluster.local from pod dns-2689/dns-test-16c8d22a-e0d7-4685-a07b-af603578fe5f: the server could not find the requested resource (get pods dns-test-16c8d22a-e0d7-4685-a07b-af603578fe5f)&#xA;Aug 27 09:51:24.652: INFO: Unable to read wheezy_udp@PodARecord from pod dns-2689/dns-test-16c8d22a-e0d7-4685-a07b-af603578fe5f: the server could not find the requested resource (get pods dns-test-16c8d22a-e0d7-4685-a07b-af603578fe5f)&#xA;Aug 27 09:51:24.656: INFO: Unable to read wheezy_tcp@PodARecord from pod dns-2689/dns-test-16c8d22a-e0d7-4685-a07b-af603578fe5f: the server could not find the requested resource (get pods dns-test-16c8d22a-e0d7-4685-a07b-af603578fe5f)&#xA;Aug 27 09:51:24.671: INFO: Unable to read jessie_udp@dns-test-service.dns-2689.svc.cluster.local from pod dns-2689/dns-test-16c8d22a-e0d7-4685-a07b-af603578fe5f: the server could not find the requested resource (get pods dns-test-16c8d22a-e0d7-4685-a07b-af603578fe5f)&#xA;Aug 27 09:51:24.678: INFO: Unable to read jessie_tcp@dns-test-service.dns-2689.svc.cluster.local from pod dns-2689/dns-test-16c8d22a-e0d7-4685-a07b-af603578fe5f: the server could not find the requested resource (get pods dns-test-16c8d22a-e0d7-4685-a07b-af603578fe5f)&#xA;Aug 27 09:51:24.703: INFO: Unable to read jessie_udp@PodARecord from pod dns-2689/dns-test-16c8d22a-e0d7-4685-a07b-af603578fe5f: the server could not find the requested resource (get pods dns-test-16c8d22a-e0d7-4685-a07b-af603578fe5f)&#xA;Aug 27 09:51:24.709: INFO: Unable to read jessie_tcp@PodARecord from pod dns-2689/dns-test-16c8d22a-e0d7-4685-a07b-af603578fe5f: the server could not find the requested resource (get pods dns-test-16c8d22a-e0d7-4685-a07b-af603578fe5f)&#xA;Aug 27 09:51:24.719: INFO: Lookups using dns-2689/dns-test-16c8d22a-e0d7-4685-a07b-af603578fe5f failed for: [wheezy_udp@dns-test-service.dns-2689.svc.cluster.local wheezy_tcp@dns-test-service.dns-2689.svc.cluster.local wheezy_udp@PodARecord wheezy_tcp@PodARecord jessie_udp@dns-test-service.dns-2689.svc.cluster.local jessie_tcp@dns-test-service.dns-2689.svc.cluster.local jessie_udp@PodARecord jessie_tcp@PodARecord]&#xA;&#xA;Aug 27 09:51:29.618: INFO: Unable to read wheezy_udp@dns-test-service.dns-2689.svc.cluster.local from pod dns-2689/dns-test-16c8d22a-e0d7-4685-a07b-af603578fe5f: the server could not find the requested resource (get pods dns-test-16c8d22a-e0d7-4685-a07b-af603578fe5f)&#xA;Aug 27 09:51:29.623: INFO: Unable to read wheezy_tcp@dns-test-service.dns-2689.svc.cluster.local from pod dns-2689/dns-test-16c8d22a-e0d7-4685-a07b-af603578fe5f: the server could not find the requested resource (get pods dns-test-16c8d22a-e0d7-4685-a07b-af603578fe5f)&#xA;Aug 27 09:51:29.646: INFO: Unable to read wheezy_udp@PodARecord from pod dns-2689/dns-test-16c8d22a-e0d7-4685-a07b-af603578fe5f: the server could not find the requested resource (get pods dns-test-16c8d22a-e0d7-4685-a07b-af603578fe5f)&#xA;Aug 27 09:51:29.651: INFO: Unable to read wheezy_tcp@PodARecord from pod dns-2689/dns-test-16c8d22a-e0d7-4685-a07b-af603578fe5f: the server could not find the requested resource (get pods dns-test-16c8d22a-e0d7-4685-a07b-af603578fe5f)&#xA;Aug 27 09:51:29.666: INFO: Unable to read jessie_udp@dns-test-service.dns-2689.svc.cluster.local from pod dns-2689/dns-test-16c8d22a-e0d7-4685-a07b-af603578fe5f: the server could not find the requested resource (get pods dns-test-16c8d22a-e0d7-4685-a07b-af603578fe5f)&#xA;Aug 27 09:51:29.672: INFO: Unable to read jessie_tcp@dns-test-service.dns-2689.svc.cluster.local from pod dns-2689/dns-test-16c8d22a-e0d7-4685-a07b-af603578fe5f: the server could not find the requested resource (get pods dns-test-16c8d22a-e0d7-4685-a07b-af603578fe5f)&#xA;Aug 27 09:51:29.695: INFO: Unable to read jessie_udp@PodARecord from pod dns-2689/dns-test-16c8d22a-e0d7-4685-a07b-af603578fe5f: the server could not find the requested resource (get pods dns-test-16c8d22a-e0d7-4685-a07b-af603578fe5f)&#xA;Aug 27 09:51:29.699: INFO: Unable to read jessie_tcp@PodARecord from pod dns-2689/dns-test-16c8d22a-e0d7-4685-a07b-af603578fe5f: the server could not find the requested resource (get pods dns-test-16c8d22a-e0d7-4685-a07b-af603578fe5f)&#xA;Aug 27 09:51:29.710: INFO: Lookups using dns-2689/dns-test-16c8d22a-e0d7-4685-a07b-af603578fe5f failed for: [wheezy_udp@dns-test-service.dns-2689.svc.cluster.local wheezy_tcp@dns-test-service.dns-2689.svc.cluster.local wheezy_udp@PodARecord wheezy_tcp@PodARecord jessie_udp@dns-test-service.dns-2689.svc.cluster.local jessie_tcp@dns-test-service.dns-2689.svc.cluster.local jessie_udp@PodARecord jessie_tcp@PodARecord]&#xA;&#xA;Aug 27 09:51:34.619: INFO: Unable to read wheezy_udp@dns-test-service.dns-2689.svc.cluster.local from pod dns-2689/dns-test-16c8d22a-e0d7-4685-a07b-af603578fe5f: the server could not find the requested resource (get pods dns-test-16c8d22a-e0d7-4685-a07b-af603578fe5f)&#xA;Aug 27 09:51:34.624: INFO: Unable to read wheezy_tcp@dns-test-service.dns-2689.svc.cluster.local from pod dns-2689/dns-test-16c8d22a-e0d7-4685-a07b-af603578fe5f: the server could not find the requested resource (get pods dns-test-16c8d22a-e0d7-4685-a07b-af603578fe5f)&#xA;Aug 27 09:51:34.643: INFO: Unable to read wheezy_udp@PodARecord from pod dns-2689/dns-test-16c8d22a-e0d7-4685-a07b-af603578fe5f: the server could not find the requested resource (get pods dns-test-16c8d22a-e0d7-4685-a07b-af603578fe5f)&#xA;Aug 27 09:51:34.648: INFO: Unable to read wheezy_tcp@PodARecord from pod dns-2689/dns-test-16c8d22a-e0d7-4685-a07b-af603578fe5f: the server could not find the requested resource (get pods dns-test-16c8d22a-e0d7-4685-a07b-af603578fe5f)&#xA;Aug 27 09:51:34.661: INFO: Unable to read jessie_udp@dns-test-service.dns-2689.svc.cluster.local from pod dns-2689/dns-test-16c8d22a-e0d7-4685-a07b-af603578fe5f: the server could not find the requested resource (get pods dns-test-16c8d22a-e0d7-4685-a07b-af603578fe5f)&#xA;Aug 27 09:51:34.667: INFO: Unable to read jessie_tcp@dns-test-service.dns-2689.svc.cluster.local from pod dns-2689/dns-test-16c8d22a-e0d7-4685-a07b-af603578fe5f: the server could not find the requested resource (get pods dns-test-16c8d22a-e0d7-4685-a07b-af603578fe5f)&#xA;Aug 27 09:51:34.691: INFO: Unable to read jessie_udp@PodARecord from pod dns-2689/dns-test-16c8d22a-e0d7-4685-a07b-af603578fe5f: the server could not find the requested resource (get pods dns-test-16c8d22a-e0d7-4685-a07b-af603578fe5f)&#xA;Aug 27 09:51:34.696: INFO: Unable to read jessie_tcp@PodARecord from pod dns-2689/dns-test-16c8d22a-e0d7-4685-a07b-af603578fe5f: the server could not find the requested resource (get pods dns-test-16c8d22a-e0d7-4685-a07b-af603578fe5f)&#xA;Aug 27 09:51:34.703: INFO: Lookups using dns-2689/dns-test-16c8d22a-e0d7-4685-a07b-af603578fe5f failed for: [wheezy_udp@dns-test-service.dns-2689.svc.cluster.local wheezy_tcp@dns-test-service.dns-2689.svc.cluster.local wheezy_udp@PodARecord wheezy_tcp@PodARecord jessie_udp@dns-test-service.dns-2689.svc.cluster.local jessie_tcp@dns-test-service.dns-2689.svc.cluster.local jessie_udp@PodARecord jessie_tcp@PodARecord]&#xA;&#xA;Aug 27 09:51:39.618: INFO: Unable to read wheezy_udp@dns-test-service.dns-2689.svc.cluster.local from pod dns-2689/dns-test-16c8d22a-e0d7-4685-a07b-af603578fe5f: the server could not find the requested resource (get pods dns-test-16c8d22a-e0d7-4685-a07b-af603578fe5f)&#xA;Aug 27 09:51:39.623: INFO: Unable to read wheezy_tcp@dns-test-service.dns-2689.svc.cluster.local from pod dns-2689/dns-test-16c8d22a-e0d7-4685-a07b-af603578fe5f: the server could not find the requested resource (get pods dns-test-16c8d22a-e0d7-4685-a07b-af603578fe5f)&#xA;Aug 27 09:51:39.642: INFO: Unable to read wheezy_udp@PodARecord from pod dns-2689/dns-test-16c8d22a-e0d7-4685-a07b-af603578fe5f: the server could not find the requested resource (get pods dns-test-16c8d22a-e0d7-4685-a07b-af603578fe5f)&#xA;Aug 27 09:51:39.648: INFO: Unable to read wheezy_tcp@PodARecord from pod dns-2689/dns-test-16c8d22a-e0d7-4685-a07b-af603578fe5f: the server could not find the requested resource (get pods dns-test-16c8d22a-e0d7-4685-a07b-af603578fe5f)&#xA;Aug 27 09:51:39.661: INFO: Unable to read jessie_udp@dns-test-service.dns-2689.svc.cluster.local from pod dns-2689/dns-test-16c8d22a-e0d7-4685-a07b-af603578fe5f: the server could not find the requested resource (get pods dns-test-16c8d22a-e0d7-4685-a07b-af603578fe5f)&#xA;Aug 27 09:51:39.667: INFO: Unable to read jessie_tcp@dns-test-service.dns-2689.svc.cluster.local from pod dns-2689/dns-test-16c8d22a-e0d7-4685-a07b-af603578fe5f: the server could not find the requested resource (get pods dns-test-16c8d22a-e0d7-4685-a07b-af603578fe5f)&#xA;Aug 27 09:51:39.689: INFO: Unable to read jessie_udp@PodARecord from pod dns-2689/dns-test-16c8d22a-e0d7-4685-a07b-af603578fe5f: the server could not find the requested resource (get pods dns-test-16c8d22a-e0d7-4685-a07b-af603578fe5f)&#xA;Aug 27 09:51:39.695: INFO: Unable to read jessie_tcp@PodARecord from pod dns-2689/dns-test-16c8d22a-e0d7-4685-a07b-af603578fe5f: the server could not find the requested resource (get pods dns-test-16c8d22a-e0d7-4685-a07b-af603578fe5f)&#xA;Aug 27 09:51:39.707: INFO: Lookups using dns-2689/dns-test-16c8d22a-e0d7-4685-a07b-af603578fe5f failed for: [wheezy_udp@dns-test-service.dns-2689.svc.cluster.local wheezy_tcp@dns-test-service.dns-2689.svc.cluster.local wheezy_udp@PodARecord wheezy_tcp@PodARecord jessie_udp@dns-test-service.dns-2689.svc.cluster.local jessie_tcp@dns-test-service.dns-2689.svc.cluster.local jessie_udp@PodARecord jessie_tcp@PodARecord]&#xA;&#xA;Aug 27 09:51:44.619: INFO: Unable to read wheezy_udp@dns-test-service.dns-2689.svc.cluster.local from pod dns-2689/dns-test-16c8d22a-e0d7-4685-a07b-af603578fe5f: the server could not find the requested resource (get pods dns-test-16c8d22a-e0d7-4685-a07b-af603578fe5f)&#xA;Aug 27 09:51:44.640: INFO: Unable to read wheezy_tcp@dns-test-service.dns-2689.svc.cluster.local from pod dns-2689/dns-test-16c8d22a-e0d7-4685-a07b-af603578fe5f: the server could not find the requested resource (get pods dns-test-16c8d22a-e0d7-4685-a07b-af603578fe5f)&#xA;Aug 27 09:51:44.670: INFO: Unable to read wheezy_udp@PodARecord from pod dns-2689/dns-test-16c8d22a-e0d7-4685-a07b-af603578fe5f: the server could not find the requested resource (get pods dns-test-16c8d22a-e0d7-4685-a07b-af603578fe5f)&#xA;Aug 27 09:51:44.679: INFO: Unable to read wheezy_tcp@PodARecord from pod dns-2689/dns-test-16c8d22a-e0d7-4685-a07b-af603578fe5f: the server could not find the requested resource (get pods dns-test-16c8d22a-e0d7-4685-a07b-af603578fe5f)&#xA;Aug 27 09:51:44.711: INFO: Unable to read jessie_udp@dns-test-service.dns-2689.svc.cluster.local from pod dns-2689/dns-test-16c8d22a-e0d7-4685-a07b-af603578fe5f: the server could not find the requested resource (get pods dns-test-16c8d22a-e0d7-4685-a07b-af603578fe5f)&#xA;Aug 27 09:51:44.730: INFO: Unable to read jessie_tcp@dns-test-service.dns-2689.svc.cluster.local from pod dns-2689/dns-test-16c8d22a-e0d7-4685-a07b-af603578fe5f: the server could not find the requested resource (get pods dns-test-16c8d22a-e0d7-4685-a07b-af603578fe5f)&#xA;Aug 27 09:51:44.776: INFO: Unable to read jessie_udp@PodARecord from pod dns-2689/dns-test-16c8d22a-e0d7-4685-a07b-af603578fe5f: the server could not find the requested resource (get pods dns-test-16c8d22a-e0d7-4685-a07b-af603578fe5f)&#xA;Aug 27 09:51:44.785: INFO: Unable to read jessie_tcp@PodARecord from pod dns-2689/dns-test-16c8d22a-e0d7-4685-a07b-af603578fe5f: the server could not find the requested resource (get pods dns-test-16c8d22a-e0d7-4685-a07b-af603578fe5f)&#xA;Aug 27 09:51:44.793: INFO: Lookups using dns-2689/dns-test-16c8d22a-e0d7-4685-a07b-af603578fe5f failed for: [wheezy_udp@dns-test-service.dns-2689.svc.cluster.local wheezy_tcp@dns-test-service.dns-2689.svc.cluster.local wheezy_udp@PodARecord wheezy_tcp@PodARecord jessie_udp@dns-test-service.dns-2689.svc.cluster.local jessie_tcp@dns-test-service.dns-2689.svc.cluster.local jessie_udp@PodARecord jessie_tcp@PodARecord]&#xA;&#xA;Aug 27 09:51:49.642: INFO: Unable to read wheezy_udp@dns-test-service.dns-2689.svc.cluster.local from pod dns-2689/dns-test-16c8d22a-e0d7-4685-a07b-af603578fe5f: the server could not find the requested resource (get pods dns-test-16c8d22a-e0d7-4685-a07b-af603578fe5f)&#xA;Aug 27 09:51:49.712: INFO: Unable to read wheezy_tcp@dns-test-service.dns-2689.svc.cluster.local from pod dns-2689/dns-test-16c8d22a-e0d7-4685-a07b-af603578fe5f: the server could not find the requested resource (get pods dns-test-16c8d22a-e0d7-4685-a07b-af603578fe5f)&#xA;Aug 27 09:51:49.780: INFO: Unable to read wheezy_udp@PodARecord from pod dns-2689/dns-test-16c8d22a-e0d7-4685-a07b-af603578fe5f: the server could not find the requested resource (get pods dns-test-16c8d22a-e0d7-4685-a07b-af603578fe5f)&#xA;Aug 27 09:51:49.785: INFO: Unable to read wheezy_tcp@PodARecord from pod dns-2689/dns-test-16c8d22a-e0d7-4685-a07b-af603578fe5f: the server could not find the requested resource (get pods dns-test-16c8d22a-e0d7-4685-a07b-af603578fe5f)&#xA;Aug 27 09:51:49.802: INFO: Unable to read jessie_udp@dns-test-service.dns-2689.svc.cluster.local from pod dns-2689/dns-test-16c8d22a-e0d7-4685-a07b-af603578fe5f: the server could not find the requested resource (get pods dns-test-16c8d22a-e0d7-4685-a07b-af603578fe5f)&#xA;Aug 27 09:51:49.811: INFO: Unable to read jessie_tcp@dns-test-service.dns-2689.svc.cluster.local from pod dns-2689/dns-test-16c8d22a-e0d7-4685-a07b-af603578fe5f: the server could not find the requested resource (get pods dns-test-16c8d22a-e0d7-4685-a07b-af603578fe5f)&#xA;Aug 27 09:51:49.859: INFO: Unable to read jessie_udp@PodARecord from pod dns-2689/dns-test-16c8d22a-e0d7-4685-a07b-af603578fe5f: the server could not find the requested resource (get pods dns-test-16c8d22a-e0d7-4685-a07b-af603578fe5f)&#xA;Aug 27 09:51:49.864: INFO: Unable to read jessie_tcp@PodARecord from pod dns-2689/dns-test-16c8d22a-e0d7-4685-a07b-af603578fe5f: the server could not find the requested resource (get pods dns-test-16c8d22a-e0d7-4685-a07b-af603578fe5f)&#xA;Aug 27 09:51:49.992: INFO: Lookups using dns-2689/dns-test-16c8d22a-e0d7-4685-a07b-af603578fe5f failed for: [wheezy_udp@dns-test-service.dns-2689.svc.cluster.local wheezy_tcp@dns-test-service.dns-2689.svc.cluster.local wheezy_udp@PodARecord wheezy_tcp@PodARecord jessie_udp@dns-test-service.dns-2689.svc.cluster.local jessie_tcp@dns-test-service.dns-2689.svc.cluster.local jessie_udp@PodARecord jessie_tcp@PodARecord]&#xA;&#xA;Aug 27 09:51:54.623: INFO: Unable to read wheezy_udp@dns-test-service.dns-2689.svc.cluster.local from pod dns-2689/dns-test-16c8d22a-e0d7-4685-a07b-af603578fe5f: the server could not find the requested resource (get pods dns-test-16c8d22a-e0d7-4685-a07b-af603578fe5f)&#xA;Aug 27 09:51:54.635: INFO: Unable to read wheezy_tcp@dns-test-service.dns-2689.svc.cluster.local from pod dns-2689/dns-test-16c8d22a-e0d7-4685-a07b-af603578fe5f: the server could not find the requested resource (get pods dns-test-16c8d22a-e0d7-4685-a07b-af603578fe5f)&#xA;Aug 27 09:51:54.728: INFO: Unable to read wheezy_udp@PodARecord from pod dns-2689/dns-test-16c8d22a-e0d7-4685-a07b-af603578fe5f: the server could not find the requested resource (get pods dns-test-16c8d22a-e0d7-4685-a07b-af603578fe5f)&#xA;Aug 27 09:51:54.731: INFO: Unable to read wheezy_tcp@PodARecord from pod dns-2689/dns-test-16c8d22a-e0d7-4685-a07b-af603578fe5f: the server could not find the requested resource (get pods dns-test-16c8d22a-e0d7-4685-a07b-af603578fe5f)&#xA;Aug 27 09:51:54.746: INFO: Unable to read jessie_udp@dns-test-service.dns-2689.svc.cluster.local from pod dns-2689/dns-test-16c8d22a-e0d7-4685-a07b-af603578fe5f: the server could not find the requested resource (get pods dns-test-16c8d22a-e0d7-4685-a07b-af603578fe5f)&#xA;Aug 27 09:51:54.775: INFO: Unable to read jessie_tcp@dns-test-service.dns-2689.svc.cluster.local from pod dns-2689/dns-test-16c8d22a-e0d7-4685-a07b-af603578fe5f: the server could not find the requested resource (get pods dns-test-16c8d22a-e0d7-4685-a07b-af603578fe5f)&#xA;Aug 27 09:51:54.888: INFO: Unable to read jessie_udp@PodARecord from pod dns-2689/dns-test-16c8d22a-e0d7-4685-a07b-af603578fe5f: the server could not find the requested resource (get pods dns-test-16c8d22a-e0d7-4685-a07b-af603578fe5f)&#xA;Aug 27 09:51:54.892: INFO: Unable to read jessie_tcp@PodARecord from pod dns-2689/dns-test-16c8d22a-e0d7-4685-a07b-af603578fe5f: the server could not find the requested resource (get pods dns-test-16c8d22a-e0d7-4685-a07b-af603578fe5f)&#xA;Aug 27 09:51:54.900: INFO: Lookups using dns-2689/dns-test-16c8d22a-e0d7-4685-a07b-af603578fe5f failed for: [wheezy_udp@dns-test-service.dns-2689.svc.cluster.local wheezy_tcp@dns-test-service.dns-2689.svc.cluster.local wheezy_udp@PodARecord wheezy_tcp@PodARecord jessie_udp@dns-test-service.dns-2689.svc.cluster.local jessie_tcp@dns-test-service.dns-2689.svc.cluster.local jessie_udp@PodARecord jessie_tcp@PodARecord]&#xA;&#xA;Aug 27 09:51:59.655: INFO: Unable to read wheezy_udp@dns-test-service.dns-2689.svc.cluster.local from pod dns-2689/dns-test-16c8d22a-e0d7-4685-a07b-af603578fe5f: the server could not find the requested resource (get pods dns-test-16c8d22a-e0d7-4685-a07b-af603578fe5f)&#xA;Aug 27 09:51:59.694: INFO: Unable to read wheezy_tcp@dns-test-service.dns-2689.svc.cluster.local from pod dns-2689/dns-test-16c8d22a-e0d7-4685-a07b-af603578fe5f: the server could not find the requested resource (get pods dns-test-16c8d22a-e0d7-4685-a07b-af603578fe5f)&#xA;Aug 27 09:51:59.794: INFO: Unable to read wheezy_udp@PodARecord from pod dns-2689/dns-test-16c8d22a-e0d7-4685-a07b-af603578fe5f: the server could not find the requested resource (get pods dns-test-16c8d22a-e0d7-4685-a07b-af603578fe5f)&#xA;Aug 27 09:51:59.816: INFO: Unable to read wheezy_tcp@PodARecord from pod dns-2689/dns-test-16c8d22a-e0d7-4685-a07b-af603578fe5f: the server could not find the requested resource (get pods dns-test-16c8d22a-e0d7-4685-a07b-af603578fe5f)&#xA;Aug 27 09:51:59.878: INFO: Unable to read jessie_udp@dns-test-service.dns-2689.svc.cluster.local from pod dns-2689/dns-test-16c8d22a-e0d7-4685-a07b-af603578fe5f: the server could not find the requested resource (get pods dns-test-16c8d22a-e0d7-4685-a07b-af603578fe5f)&#xA;Aug 27 09:51:59.906: INFO: Unable to read jessie_tcp@dns-test-service.dns-2689.svc.cluster.local from pod dns-2689/dns-test-16c8d22a-e0d7-4685-a07b-af603578fe5f: the server could not find the requested resource (get pods dns-test-16c8d22a-e0d7-4685-a07b-af603578fe5f)&#xA;Aug 27 09:51:59.932: INFO: Unable to read jessie_udp@PodARecord from pod dns-2689/dns-test-16c8d22a-e0d7-4685-a07b-af603578fe5f: the server could not find the requested resource (get pods dns-test-16c8d22a-e0d7-4685-a07b-af603578fe5f)&#xA;Aug 27 09:51:59.938: INFO: Unable to read jessie_tcp@PodARecord from pod dns-2689/dns-test-16c8d22a-e0d7-4685-a07b-af603578fe5f: the server could not find the requested resource (get pods dns-test-16c8d22a-e0d7-4685-a07b-af603578fe5f)&#xA;Aug 27 09:51:59.948: INFO: Lookups using dns-2689/dns-test-16c8d22a-e0d7-4685-a07b-af603578fe5f failed for: [wheezy_udp@dns-test-service.dns-2689.svc.cluster.local wheezy_tcp@dns-test-service.dns-2689.svc.cluster.local wheezy_udp@PodARecord wheezy_tcp@PodARecord jessie_udp@dns-test-service.dns-2689.svc.cluster.local jessie_tcp@dns-test-service.dns-2689.svc.cluster.local jessie_udp@PodARecord jessie_tcp@PodARecord]&#xA;&#xA;Aug 27 09:52:04.630: INFO: Unable to read wheezy_udp@dns-test-service.dns-2689.svc.cluster.local from pod dns-2689/dns-test-16c8d22a-e0d7-4685-a07b-af603578fe5f: the server could not find the requested resource (get pods dns-test-16c8d22a-e0d7-4685-a07b-af603578fe5f)&#xA;Aug 27 09:52:04.686: INFO: Unable to read wheezy_tcp@dns-test-service.dns-2689.svc.cluster.local from pod dns-2689/dns-test-16c8d22a-e0d7-4685-a07b-af603578fe5f: the server could not find the requested resource (get pods dns-test-16c8d22a-e0d7-4685-a07b-af603578fe5f)&#xA;Aug 27 09:52:04.727: INFO: Unable to read wheezy_udp@PodARecord from pod dns-2689/dns-test-16c8d22a-e0d7-4685-a07b-af603578fe5f: the server could not find the requested resource (get pods dns-test-16c8d22a-e0d7-4685-a07b-af603578fe5f)&#xA;Aug 27 09:52:04.739: INFO: Unable to read wheezy_tcp@PodARecord from pod dns-2689/dns-test-16c8d22a-e0d7-4685-a07b-af603578fe5f: the server could not find the requested resource (get pods dns-test-16c8d22a-e0d7-4685-a07b-af603578fe5f)&#xA;Aug 27 09:52:04.762: INFO: Unable to read jessie_udp@dns-test-service.dns-2689.svc.cluster.local from pod dns-2689/dns-test-16c8d22a-e0d7-4685-a07b-af603578fe5f: the server could not find the requested resource (get pods dns-test-16c8d22a-e0d7-4685-a07b-af603578fe5f)&#xA;Aug 27 09:52:04.769: INFO: Unable to read jessie_tcp@dns-test-service.dns-2689.svc.cluster.local from pod dns-2689/dns-test-16c8d22a-e0d7-4685-a07b-af603578fe5f: the server could not find the requested resource (get pods dns-test-16c8d22a-e0d7-4685-a07b-af603578fe5f)&#xA;Aug 27 09:52:04.798: INFO: Unable to read jessie_udp@PodARecord from pod dns-2689/dns-test-16c8d22a-e0d7-4685-a07b-af603578fe5f: the server could not find the requested resource (get pods dns-test-16c8d22a-e0d7-4685-a07b-af603578fe5f)&#xA;Aug 27 09:52:04.804: INFO: Unable to read jessie_tcp@PodARecord from pod dns-2689/dns-test-16c8d22a-e0d7-4685-a07b-af603578fe5f: the server could not find the requested resource (get pods dns-test-16c8d22a-e0d7-4685-a07b-af603578fe5f)&#xA;Aug 27 09:52:04.823: INFO: Lookups using dns-2689/dns-test-16c8d22a-e0d7-4685-a07b-af603578fe5f failed for: [wheezy_udp@dns-test-service.dns-2689.svc.cluster.local wheezy_tcp@dns-test-service.dns-2689.svc.cluster.local wheezy_udp@PodARecord wheezy_tcp@PodARecord jessie_udp@dns-test-service.dns-2689.svc.cluster.local jessie_tcp@dns-test-service.dns-2689.svc.cluster.local jessie_udp@PodARecord jessie_tcp@PodARecord]&#xA;&#xA;Aug 27 09:52:09.619: INFO: Unable to read wheezy_udp@dns-test-service.dns-2689.svc.cluster.local from pod dns-2689/dns-test-16c8d22a-e0d7-4685-a07b-af603578fe5f: the server could not find the requested resource (get pods dns-test-16c8d22a-e0d7-4685-a07b-af603578fe5f)&#xA;Aug 27 09:52:09.624: INFO: Unable to read wheezy_tcp@dns-test-service.dns-2689.svc.cluster.local from pod dns-2689/dns-test-16c8d22a-e0d7-4685-a07b-af603578fe5f: the server could not find the requested resource (get pods dns-test-16c8d22a-e0d7-4685-a07b-af603578fe5f)&#xA;Aug 27 09:52:09.646: INFO: Unable to read wheezy_udp@PodARecord from pod dns-2689/dns-test-16c8d22a-e0d7-4685-a07b-af603578fe5f: the server could not find the requested resource (get pods dns-test-16c8d22a-e0d7-4685-a07b-af603578fe5f)&#xA;Aug 27 09:52:09.659: INFO: Unable to read wheezy_tcp@PodARecord from pod dns-2689/dns-test-16c8d22a-e0d7-4685-a07b-af603578fe5f: the server could not find the requested resource (get pods dns-test-16c8d22a-e0d7-4685-a07b-af603578fe5f)&#xA;Aug 27 09:52:09.671: INFO: Unable to read jessie_udp@dns-test-service.dns-2689.svc.cluster.local from pod dns-2689/dns-test-16c8d22a-e0d7-4685-a07b-af603578fe5f: the server could not find the requested resource (get pods dns-test-16c8d22a-e0d7-4685-a07b-af603578fe5f)&#xA;Aug 27 09:52:09.690: INFO: Unable to read jessie_tcp@dns-test-service.dns-2689.svc.cluster.local from pod dns-2689/dns-test-16c8d22a-e0d7-4685-a07b-af603578fe5f: the server could not find the requested resource (get pods dns-test-16c8d22a-e0d7-4685-a07b-af603578fe5f)&#xA;Aug 27 09:52:09.713: INFO: Unable to read jessie_udp@PodARecord from pod dns-2689/dns-test-16c8d22a-e0d7-4685-a07b-af603578fe5f: the server could not find the requested resource (get pods dns-test-16c8d22a-e0d7-4685-a07b-af603578fe5f)&#xA;Aug 27 09:52:09.719: INFO: Unable to read jessie_tcp@PodARecord from pod dns-2689/dns-test-16c8d22a-e0d7-4685-a07b-af603578fe5f: the server could not find the requested resource (get pods dns-test-16c8d22a-e0d7-4685-a07b-af603578fe5f)&#xA;Aug 27 09:52:09.736: INFO: Lookups using dns-2689/dns-test-16c8d22a-e0d7-4685-a07b-af603578fe5f failed for: [wheezy_udp@dns-test-service.dns-2689.svc.cluster.local wheezy_tcp@dns-test-service.dns-2689.svc.cluster.local wheezy_udp@PodARecord wheezy_tcp@PodARecord jessie_udp@dns-test-service.dns-2689.svc.cluster.local jessie_tcp@dns-test-service.dns-2689.svc.cluster.local jessie_udp@PodARecord jessie_tcp@PodARecord]&#xA;&#xA;Aug 27 09:52:14.632: INFO: Unable to read wheezy_udp@dns-test-service.dns-2689.svc.cluster.local from pod dns-2689/dns-test-16c8d22a-e0d7-4685-a07b-af603578fe5f: the server could not find the requested resource (get pods dns-test-16c8d22a-e0d7-4685-a07b-af603578fe5f)&#xA;Aug 27 09:52:14.653: INFO: Unable to read wheezy_tcp@dns-test-service.dns-2689.svc.cluster.local from pod dns-2689/dns-test-16c8d22a-e0d7-4685-a07b-af603578fe5f: the server could not find the requested resource (get pods dns-test-16c8d22a-e0d7-4685-a07b-af603578fe5f)&#xA;Aug 27 09:52:14.768: INFO: Unable to read wheezy_udp@PodARecord from pod dns-2689/dns-test-16c8d22a-e0d7-4685-a07b-af603578fe5f: the server could not find the requested resource (get pods dns-test-16c8d22a-e0d7-4685-a07b-af603578fe5f)&#xA;Aug 27 09:52:14.774: INFO: Unable to read wheezy_tcp@PodARecord from pod dns-2689/dns-test-16c8d22a-e0d7-4685-a07b-af603578fe5f: the server could not find the requested resource (get pods dns-test-16c8d22a-e0d7-4685-a07b-af603578fe5f)&#xA;Aug 27 09:52:14.799: INFO: Unable to read jessie_udp@dns-test-service.dns-2689.svc.cluster.local from pod dns-2689/dns-test-16c8d22a-e0d7-4685-a07b-af603578fe5f: the server could not find the requested resource (get pods dns-test-16c8d22a-e0d7-4685-a07b-af603578fe5f)&#xA;Aug 27 09:52:14.811: INFO: Unable to read jessie_tcp@dns-test-service.dns-2689.svc.cluster.local from pod dns-2689/dns-test-16c8d22a-e0d7-4685-a07b-af603578fe5f: the server could not find the requested resource (get pods dns-test-16c8d22a-e0d7-4685-a07b-af603578fe5f)&#xA;Aug 27 09:52:14.838: INFO: Unable to read jessie_udp@PodARecord from pod dns-2689/dns-test-16c8d22a-e0d7-4685-a07b-af603578fe5f: the server could not find the requested resource (get pods dns-test-16c8d22a-e0d7-4685-a07b-af603578fe5f)&#xA;Aug 27 09:52:14.847: INFO: Unable to read jessie_tcp@PodARecord from pod dns-2689/dns-test-16c8d22a-e0d7-4685-a07b-af603578fe5f: the server could not find the requested resource (get pods dns-test-16c8d22a-e0d7-4685-a07b-af603578fe5f)&#xA;Aug 27 09:52:14.857: INFO: Lookups using dns-2689/dns-test-16c8d22a-e0d7-4685-a07b-af603578fe5f failed for: [wheezy_udp@dns-test-service.dns-2689.svc.cluster.local wheezy_tcp@dns-test-service.dns-2689.svc.cluster.local wheezy_udp@PodARecord wheezy_tcp@PodARecord jessie_udp@dns-test-service.dns-2689.svc.cluster.local jessie_tcp@dns-test-service.dns-2689.svc.cluster.local jessie_udp@PodARecord jessie_tcp@PodARecord]&#xA;&#xA;Aug 27 09:52:19.631: INFO: Unable to read wheezy_udp@dns-test-service.dns-2689.svc.cluster.local from pod dns-2689/dns-test-16c8d22a-e0d7-4685-a07b-af603578fe5f: the server could not find the requested resource (get pods dns-test-16c8d22a-e0d7-4685-a07b-af603578fe5f)&#xA;Aug 27 09:52:19.663: INFO: Unable to read wheezy_tcp@dns-test-service.dns-2689.svc.cluster.local from pod dns-2689/dns-test-16c8d22a-e0d7-4685-a07b-af603578fe5f: the server could not find the requested resource (get pods dns-test-16c8d22a-e0d7-4685-a07b-af603578fe5f)&#xA;Aug 27 09:52:19.704: INFO: Unable to read wheezy_udp@PodARecord from pod dns-2689/dns-test-16c8d22a-e0d7-4685-a07b-af603578fe5f: the server could not find the requested resource (get pods dns-test-16c8d22a-e0d7-4685-a07b-af603578fe5f)&#xA;Aug 27 09:52:19.714: INFO: Unable to read wheezy_tcp@PodARecord from pod dns-2689/dns-test-16c8d22a-e0d7-4685-a07b-af603578fe5f: the server could not find the requested resource (get pods dns-test-16c8d22a-e0d7-4685-a07b-af603578fe5f)&#xA;Aug 27 09:52:19.734: INFO: Unable to read jessie_udp@dns-test-service.dns-2689.svc.cluster.local from pod dns-2689/dns-test-16c8d22a-e0d7-4685-a07b-af603578fe5f: the server could not find the requested resource (get pods dns-test-16c8d22a-e0d7-4685-a07b-af603578fe5f)&#xA;Aug 27 09:52:19.750: INFO: Unable to read jessie_tcp@dns-test-service.dns-2689.svc.cluster.local from pod dns-2689/dns-test-16c8d22a-e0d7-4685-a07b-af603578fe5f: the server could not find the requested resource (get pods dns-test-16c8d22a-e0d7-4685-a07b-af603578fe5f)&#xA;Aug 27 09:52:19.857: INFO: Unable to read jessie_udp@PodARecord from pod dns-2689/dns-test-16c8d22a-e0d7-4685-a07b-af603578fe5f: the server could not find the requested resource (get pods dns-test-16c8d22a-e0d7-4685-a07b-af603578fe5f)&#xA;Aug 27 09:52:19.900: INFO: Unable to read jessie_tcp@PodARecord from pod dns-2689/dns-test-16c8d22a-e0d7-4685-a07b-af603578fe5f: the server could not find the requested resource (get pods dns-test-16c8d22a-e0d7-4685-a07b-af603578fe5f)&#xA;Aug 27 09:52:19.922: INFO: Lookups using dns-2689/dns-test-16c8d22a-e0d7-4685-a07b-af603578fe5f failed for: [wheezy_udp@dns-test-service.dns-2689.svc.cluster.local wheezy_tcp@dns-test-service.dns-2689.svc.cluster.local wheezy_udp@PodARecord wheezy_tcp@PodARecord jessie_udp@dns-test-service.dns-2689.svc.cluster.local jessie_tcp@dns-test-service.dns-2689.svc.cluster.local jessie_udp@PodARecord jessie_tcp@PodARecord]&#xA;&#xA;Aug 27 09:52:24.622: INFO: Unable to read wheezy_udp@dns-test-service.dns-2689.svc.cluster.local from pod dns-2689/dns-test-16c8d22a-e0d7-4685-a07b-af603578fe5f: the server could not find the requested resource (get pods dns-test-16c8d22a-e0d7-4685-a07b-af603578fe5f)&#xA;Aug 27 09:52:24.631: INFO: Unable to read wheezy_tcp@dns-test-service.dns-2689.svc.cluster.local from pod dns-2689/dns-test-16c8d22a-e0d7-4685-a07b-af603578fe5f: the server could not find the requested resource (get pods dns-test-16c8d22a-e0d7-4685-a07b-af603578fe5f)&#xA;Aug 27 09:52:24.654: INFO: Unable to read wheezy_udp@PodARecord from pod dns-2689/dns-test-16c8d22a-e0d7-4685-a07b-af603578fe5f: the server could not find the requested resource (get pods dns-test-16c8d22a-e0d7-4685-a07b-af603578fe5f)&#xA;Aug 27 09:52:24.671: INFO: Unable to read wheezy_tcp@PodARecord from pod dns-2689/dns-test-16c8d22a-e0d7-4685-a07b-af603578fe5f: the server could not find the requested resource (get pods dns-test-16c8d22a-e0d7-4685-a07b-af603578fe5f)&#xA;Aug 27 09:52:24.732: INFO: Unable to read jessie_udp@dns-test-service.dns-2689.svc.cluster.local from pod dns-2689/dns-test-16c8d22a-e0d7-4685-a07b-af603578fe5f: the server could not find the requested resource (get pods dns-test-16c8d22a-e0d7-4685-a07b-af603578fe5f)&#xA;Aug 27 09:52:24.737: INFO: Unable to read jessie_tcp@dns-test-service.dns-2689.svc.cluster.local from pod dns-2689/dns-test-16c8d22a-e0d7-4685-a07b-af603578fe5f: the server could not find the requested resource (get pods dns-test-16c8d22a-e0d7-4685-a07b-af603578fe5f)&#xA;Aug 27 09:52:24.763: INFO: Unable to read jessie_udp@PodARecord from pod dns-2689/dns-test-16c8d22a-e0d7-4685-a07b-af603578fe5f: the server could not find the requested resource (get pods dns-test-16c8d22a-e0d7-4685-a07b-af603578fe5f)&#xA;Aug 27 09:52:24.771: INFO: Unable to read jessie_tcp@PodARecord from pod dns-2689/dns-test-16c8d22a-e0d7-4685-a07b-af603578fe5f: the server could not find the requested resource (get pods dns-test-16c8d22a-e0d7-4685-a07b-af603578fe5f)&#xA;Aug 27 09:52:24.787: INFO: Lookups using dns-2689/dns-test-16c8d22a-e0d7-4685-a07b-af603578fe5f failed for: [wheezy_udp@dns-test-service.dns-2689.svc.cluster.local wheezy_tcp@dns-test-service.dns-2689.svc.cluster.local wheezy_udp@PodARecord wheezy_tcp@PodARecord jessie_udp@dns-test-service.dns-2689.svc.cluster.local jessie_tcp@dns-test-service.dns-2689.svc.cluster.local jessie_udp@PodARecord jessie_tcp@PodARecord]&#xA;&#xA;Aug 27 09:52:29.620: INFO: Unable to read wheezy_udp@dns-test-service.dns-2689.svc.cluster.local from pod dns-2689/dns-test-16c8d22a-e0d7-4685-a07b-af603578fe5f: the server could not find the requested resource (get pods dns-test-16c8d22a-e0d7-4685-a07b-af603578fe5f)&#xA;Aug 27 09:52:29.626: INFO: Unable to read wheezy_tcp@dns-test-service.dns-2689.svc.cluster.local from pod dns-2689/dns-test-16c8d22a-e0d7-4685-a07b-af603578fe5f: the server could not find the requested resource (get pods dns-test-16c8d22a-e0d7-4685-a07b-af603578fe5f)&#xA;Aug 27 09:52:29.663: INFO: Unable to read wheezy_udp@PodARecord from pod dns-2689/dns-test-16c8d22a-e0d7-4685-a07b-af603578fe5f: the server could not find the requested resource (get pods dns-test-16c8d22a-e0d7-4685-a07b-af603578fe5f)&#xA;Aug 27 09:52:29.668: INFO: Unable to read wheezy_tcp@PodARecord from pod dns-2689/dns-test-16c8d22a-e0d7-4685-a07b-af603578fe5f: the server could not find the requested resource (get pods dns-test-16c8d22a-e0d7-4685-a07b-af603578fe5f)&#xA;Aug 27 09:52:29.685: INFO: Unable to read jessie_udp@dns-test-service.dns-2689.svc.cluster.local from pod dns-2689/dns-test-16c8d22a-e0d7-4685-a07b-af603578fe5f: the server could not find the requested resource (get pods dns-test-16c8d22a-e0d7-4685-a07b-af603578fe5f)&#xA;Aug 27 09:52:29.696: INFO: Unable to read jessie_tcp@dns-test-service.dns-2689.svc.cluster.local from pod dns-2689/dns-test-16c8d22a-e0d7-4685-a07b-af603578fe5f: the server could not find the requested resource (get pods dns-test-16c8d22a-e0d7-4685-a07b-af603578fe5f)&#xA;Aug 27 09:52:29.719: INFO: Unable to read jessie_udp@PodARecord from pod dns-2689/dns-test-16c8d22a-e0d7-4685-a07b-af603578fe5f: the server could not find the requested resource (get pods dns-test-16c8d22a-e0d7-4685-a07b-af603578fe5f)&#xA;Aug 27 09:52:29.724: INFO: Unable to read jessie_tcp@PodARecord from pod dns-2689/dns-test-16c8d22a-e0d7-4685-a07b-af603578fe5f: the server could not find the requested resource (get pods dns-test-16c8d22a-e0d7-4685-a07b-af603578fe5f)&#xA;Aug 27 09:52:29.733: INFO: Lookups using dns-2689/dns-test-16c8d22a-e0d7-4685-a07b-af603578fe5f failed for: [wheezy_udp@dns-test-service.dns-2689.svc.cluster.local wheezy_tcp@dns-test-service.dns-2689.svc.cluster.local wheezy_udp@PodARecord wheezy_tcp@PodARecord jessie_udp@dns-test-service.dns-2689.svc.cluster.local jessie_tcp@dns-test-service.dns-2689.svc.cluster.local jessie_udp@PodARecord jessie_tcp@PodARecord]&#xA;&#xA;Aug 27 09:52:34.618: INFO: Unable to read wheezy_udp@dns-test-service.dns-2689.svc.cluster.local from pod dns-2689/dns-test-16c8d22a-e0d7-4685-a07b-af603578fe5f: the server could not find the requested resource (get pods dns-test-16c8d22a-e0d7-4685-a07b-af603578fe5f)&#xA;Aug 27 09:52:34.623: INFO: Unable to read wheezy_tcp@dns-test-service.dns-2689.svc.cluster.local from pod dns-2689/dns-test-16c8d22a-e0d7-4685-a07b-af603578fe5f: the server could not find the requested resource (get pods dns-test-16c8d22a-e0d7-4685-a07b-af603578fe5f)&#xA;Aug 27 09:52:34.648: INFO: Unable to read wheezy_udp@PodARecord from pod dns-2689/dns-test-16c8d22a-e0d7-4685-a07b-af603578fe5f: the server could not find the requested resource (get pods dns-test-16c8d22a-e0d7-4685-a07b-af603578fe5f)&#xA;Aug 27 09:52:34.652: INFO: Unable to read wheezy_tcp@PodARecord from pod dns-2689/dns-test-16c8d22a-e0d7-4685-a07b-af603578fe5f: the server could not find the requested resource (get pods dns-test-16c8d22a-e0d7-4685-a07b-af603578fe5f)&#xA;Aug 27 09:52:34.674: INFO: Unable to read jessie_udp@dns-test-service.dns-2689.svc.cluster.local from pod dns-2689/dns-test-16c8d22a-e0d7-4685-a07b-af603578fe5f: the server could not find the requested resource (get pods dns-test-16c8d22a-e0d7-4685-a07b-af603578fe5f)&#xA;Aug 27 09:52:34.684: INFO: Unable to read jessie_tcp@dns-test-service.dns-2689.svc.cluster.local from pod dns-2689/dns-test-16c8d22a-e0d7-4685-a07b-af603578fe5f: the server could not find the requested resource (get pods dns-test-16c8d22a-e0d7-4685-a07b-af603578fe5f)&#xA;Aug 27 09:52:34.705: INFO: Unable to read jessie_udp@PodARecord from pod dns-2689/dns-test-16c8d22a-e0d7-4685-a07b-af603578fe5f: the server could not find the requested resource (get pods dns-test-16c8d22a-e0d7-4685-a07b-af603578fe5f)&#xA;Aug 27 09:52:34.713: INFO: Unable to read jessie_tcp@PodARecord from pod dns-2689/dns-test-16c8d22a-e0d7-4685-a07b-af603578fe5f: the server could not find the requested resource (get pods dns-test-16c8d22a-e0d7-4685-a07b-af603578fe5f)&#xA;Aug 27 09:52:34.722: INFO: Lookups using dns-2689/dns-test-16c8d22a-e0d7-4685-a07b-af603578fe5f failed for: [wheezy_udp@dns-test-service.dns-2689.svc.cluster.local wheezy_tcp@dns-test-service.dns-2689.svc.cluster.local wheezy_udp@PodARecord wheezy_tcp@PodARecord jessie_udp@dns-test-service.dns-2689.svc.cluster.local jessie_tcp@dns-test-service.dns-2689.svc.cluster.local jessie_udp@PodARecord jessie_tcp@PodARecord]&#xA;&#xA;Aug 27 09:52:39.619: INFO: Unable to read wheezy_udp@dns-test-service.dns-2689.svc.cluster.local from pod dns-2689/dns-test-16c8d22a-e0d7-4685-a07b-af603578fe5f: the server could not find the requested resource (get pods dns-test-16c8d22a-e0d7-4685-a07b-af603578fe5f)&#xA;Aug 27 09:52:39.624: INFO: Unable to read wheezy_tcp@dns-test-service.dns-2689.svc.cluster.local from pod dns-2689/dns-test-16c8d22a-e0d7-4685-a07b-af603578fe5f: the server could not find the requested resource (get pods dns-test-16c8d22a-e0d7-4685-a07b-af603578fe5f)&#xA;Aug 27 09:52:39.648: INFO: Unable to read wheezy_udp@PodARecord from pod dns-2689/dns-test-16c8d22a-e0d7-4685-a07b-af603578fe5f: the server could not find the requested resource (get pods dns-test-16c8d22a-e0d7-4685-a07b-af603578fe5f)&#xA;Aug 27 09:52:39.653: INFO: Unable to read wheezy_tcp@PodARecord from pod dns-2689/dns-test-16c8d22a-e0d7-4685-a07b-af603578fe5f: the server could not find the requested resource (get pods dns-test-16c8d22a-e0d7-4685-a07b-af603578fe5f)&#xA;Aug 27 09:52:39.667: INFO: Unable to read jessie_udp@dns-test-service.dns-2689.svc.cluster.local from pod dns-2689/dns-test-16c8d22a-e0d7-4685-a07b-af603578fe5f: the server could not find the requested resource (get pods dns-test-16c8d22a-e0d7-4685-a07b-af603578fe5f)&#xA;Aug 27 09:52:39.676: INFO: Unable to read jessie_tcp@dns-test-service.dns-2689.svc.cluster.local from pod dns-2689/dns-test-16c8d22a-e0d7-4685-a07b-af603578fe5f: the server could not find the requested resource (get pods dns-test-16c8d22a-e0d7-4685-a07b-af603578fe5f)&#xA;Aug 27 09:52:39.697: INFO: Unable to read jessie_udp@PodARecord from pod dns-2689/dns-test-16c8d22a-e0d7-4685-a07b-af603578fe5f: the server could not find the requested resource (get pods dns-test-16c8d22a-e0d7-4685-a07b-af603578fe5f)&#xA;Aug 27 09:52:39.702: INFO: Unable to read jessie_tcp@PodARecord from pod dns-2689/dns-test-16c8d22a-e0d7-4685-a07b-af603578fe5f: the server could not find the requested resource (get pods dns-test-16c8d22a-e0d7-4685-a07b-af603578fe5f)&#xA;Aug 27 09:52:39.712: INFO: Lookups using dns-2689/dns-test-16c8d22a-e0d7-4685-a07b-af603578fe5f failed for: [wheezy_udp@dns-test-service.dns-2689.svc.cluster.local wheezy_tcp@dns-test-service.dns-2689.svc.cluster.local wheezy_udp@PodARecord wheezy_tcp@PodARecord jessie_udp@dns-test-service.dns-2689.svc.cluster.local jessie_tcp@dns-test-service.dns-2689.svc.cluster.local jessie_udp@PodARecord jessie_tcp@PodARecord]&#xA;&#xA;Aug 27 09:52:44.658: INFO: Unable to read wheezy_udp@dns-test-service.dns-2689.svc.cluster.local from pod dns-2689/dns-test-16c8d22a-e0d7-4685-a07b-af603578fe5f: the server could not find the requested resource (get pods dns-test-16c8d22a-e0d7-4685-a07b-af603578fe5f)&#xA;Aug 27 09:52:44.711: INFO: Unable to read wheezy_tcp@dns-test-service.dns-2689.svc.cluster.local from pod dns-2689/dns-test-16c8d22a-e0d7-4685-a07b-af603578fe5f: the server could not find the requested resource (get pods dns-test-16c8d22a-e0d7-4685-a07b-af603578fe5f)&#xA;Aug 27 09:52:44.769: INFO: Unable to read wheezy_udp@PodARecord from pod dns-2689/dns-test-16c8d22a-e0d7-4685-a07b-af603578fe5f: the server could not find the requested resource (get pods dns-test-16c8d22a-e0d7-4685-a07b-af603578fe5f)&#xA;Aug 27 09:52:44.774: INFO: Unable to read wheezy_tcp@PodARecord from pod dns-2689/dns-test-16c8d22a-e0d7-4685-a07b-af603578fe5f: the server could not find the requested resource (get pods dns-test-16c8d22a-e0d7-4685-a07b-af603578fe5f)&#xA;Aug 27 09:52:44.837: INFO: Unable to read jessie_udp@dns-test-service.dns-2689.svc.cluster.local from pod dns-2689/dns-test-16c8d22a-e0d7-4685-a07b-af603578fe5f: the server could not find the requested resource (get pods dns-test-16c8d22a-e0d7-4685-a07b-af603578fe5f)&#xA;Aug 27 09:52:44.847: INFO: Unable to read jessie_tcp@dns-test-service.dns-2689.svc.cluster.local from pod dns-2689/dns-test-16c8d22a-e0d7-4685-a07b-af603578fe5f: the server could not find the requested resource (get pods dns-test-16c8d22a-e0d7-4685-a07b-af603578fe5f)&#xA;Aug 27 09:52:44.901: INFO: Unable to read jessie_udp@PodARecord from pod dns-2689/dns-test-16c8d22a-e0d7-4685-a07b-af603578fe5f: the server could not find the requested resource (get pods dns-test-16c8d22a-e0d7-4685-a07b-af603578fe5f)&#xA;Aug 27 09:52:44.907: INFO: Unable to read jessie_tcp@PodARecord from pod dns-2689/dns-test-16c8d22a-e0d7-4685-a07b-af603578fe5f: the server could not find the requested resource (get pods dns-test-16c8d22a-e0d7-4685-a07b-af603578fe5f)&#xA;Aug 27 09:52:44.917: INFO: Lookups using dns-2689/dns-test-16c8d22a-e0d7-4685-a07b-af603578fe5f failed for: [wheezy_udp@dns-test-service.dns-2689.svc.cluster.local wheezy_tcp@dns-test-service.dns-2689.svc.cluster.local wheezy_udp@PodARecord wheezy_tcp@PodARecord jessie_udp@dns-test-service.dns-2689.svc.cluster.local jessie_tcp@dns-test-service.dns-2689.svc.cluster.local jessie_udp@PodARecord jessie_tcp@PodARecord]&#xA;&#xA;Aug 27 09:52:49.624: INFO: Unable to read wheezy_udp@dns-test-service.dns-2689.svc.cluster.local from pod dns-2689/dns-test-16c8d22a-e0d7-4685-a07b-af603578fe5f: the server could not find the requested resource (get pods dns-test-16c8d22a-e0d7-4685-a07b-af603578fe5f)&#xA;Aug 27 09:52:49.636: INFO: Unable to read wheezy_tcp@dns-test-service.dns-2689.svc.cluster.local from pod dns-2689/dns-test-16c8d22a-e0d7-4685-a07b-af603578fe5f: the server could not find the requested resource (get pods dns-test-16c8d22a-e0d7-4685-a07b-af603578fe5f)&#xA;Aug 27 09:52:49.727: INFO: Unable to read wheezy_udp@PodARecord from pod dns-2689/dns-test-16c8d22a-e0d7-4685-a07b-af603578fe5f: the server could not find the requested resource (get pods dns-test-16c8d22a-e0d7-4685-a07b-af603578fe5f)&#xA;Aug 27 09:52:49.740: INFO: Unable to read wheezy_tcp@PodARecord from pod dns-2689/dns-test-16c8d22a-e0d7-4685-a07b-af603578fe5f: the server could not find the requested resource (get pods dns-test-16c8d22a-e0d7-4685-a07b-af603578fe5f)&#xA;Aug 27 09:52:49.776: INFO: Unable to read jessie_udp@dns-test-service.dns-2689.svc.cluster.local from pod dns-2689/dns-test-16c8d22a-e0d7-4685-a07b-af603578fe5f: the server could not find the requested resource (get pods dns-test-16c8d22a-e0d7-4685-a07b-af603578fe5f)&#xA;Aug 27 09:52:49.787: INFO: Unable to read jessie_tcp@dns-test-service.dns-2689.svc.cluster.local from pod dns-2689/dns-test-16c8d22a-e0d7-4685-a07b-af603578fe5f: the server could not find the requested resource (get pods dns-test-16c8d22a-e0d7-4685-a07b-af603578fe5f)&#xA;Aug 27 09:52:49.837: INFO: Unable to read jessie_udp@PodARecord from pod dns-2689/dns-test-16c8d22a-e0d7-4685-a07b-af603578fe5f: the server could not find the requested resource (get pods dns-test-16c8d22a-e0d7-4685-a07b-af603578fe5f)&#xA;Aug 27 09:52:49.863: INFO: Unable to read jessie_tcp@PodARecord from pod dns-2689/dns-test-16c8d22a-e0d7-4685-a07b-af603578fe5f: the server could not find the requested resource (get pods dns-test-16c8d22a-e0d7-4685-a07b-af603578fe5f)&#xA;Aug 27 09:52:49.906: INFO: Lookups using dns-2689/dns-test-16c8d22a-e0d7-4685-a07b-af603578fe5f failed for: [wheezy_udp@dns-test-service.dns-2689.svc.cluster.local wheezy_tcp@dns-test-service.dns-2689.svc.cluster.local wheezy_udp@PodARecord wheezy_tcp@PodARecord jessie_udp@dns-test-service.dns-2689.svc.cluster.local jessie_tcp@dns-test-service.dns-2689.svc.cluster.local jessie_udp@PodARecord jessie_tcp@PodARecord]&#xA;&#xA;Aug 27 09:52:54.618: INFO: Unable to read wheezy_udp@dns-test-service.dns-2689.svc.cluster.local from pod dns-2689/dns-test-16c8d22a-e0d7-4685-a07b-af603578fe5f: the server could not find the requested resource (get pods dns-test-16c8d22a-e0d7-4685-a07b-af603578fe5f)&#xA;Aug 27 09:52:54.639: INFO: Unable to read wheezy_tcp@dns-test-service.dns-2689.svc.cluster.local from pod dns-2689/dns-test-16c8d22a-e0d7-4685-a07b-af603578fe5f: the server could not find the requested resource (get pods dns-test-16c8d22a-e0d7-4685-a07b-af603578fe5f)&#xA;Aug 27 09:52:54.670: INFO: Unable to read wheezy_udp@PodARecord from pod dns-2689/dns-test-16c8d22a-e0d7-4685-a07b-af603578fe5f: the server could not find the requested resource (get pods dns-test-16c8d22a-e0d7-4685-a07b-af603578fe5f)&#xA;Aug 27 09:52:54.678: INFO: Unable to read wheezy_tcp@PodARecord from pod dns-2689/dns-test-16c8d22a-e0d7-4685-a07b-af603578fe5f: the server could not find the requested resource (get pods dns-test-16c8d22a-e0d7-4685-a07b-af603578fe5f)&#xA;Aug 27 09:52:54.698: INFO: Unable to read jessie_udp@dns-test-service.dns-2689.svc.cluster.local from pod dns-2689/dns-test-16c8d22a-e0d7-4685-a07b-af603578fe5f: the server could not find the requested resource (get pods dns-test-16c8d22a-e0d7-4685-a07b-af603578fe5f)&#xA;Aug 27 09:52:54.704: INFO: Unable to read jessie_tcp@dns-test-service.dns-2689.svc.cluster.local from pod dns-2689/dns-test-16c8d22a-e0d7-4685-a07b-af603578fe5f: the server could not find the requested resource (get pods dns-test-16c8d22a-e0d7-4685-a07b-af603578fe5f)&#xA;Aug 27 09:52:54.727: INFO: Unable to read jessie_udp@PodARecord from pod dns-2689/dns-test-16c8d22a-e0d7-4685-a07b-af603578fe5f: the server could not find the requested resource (get pods dns-test-16c8d22a-e0d7-4685-a07b-af603578fe5f)&#xA;Aug 27 09:52:54.734: INFO: Unable to read jessie_tcp@PodARecord from pod dns-2689/dns-test-16c8d22a-e0d7-4685-a07b-af603578fe5f: the server could not find the requested resource (get pods dns-test-16c8d22a-e0d7-4685-a07b-af603578fe5f)&#xA;Aug 27 09:52:54.807: INFO: Lookups using dns-2689/dns-test-16c8d22a-e0d7-4685-a07b-af603578fe5f failed for: [wheezy_udp@dns-test-service.dns-2689.svc.cluster.local wheezy_tcp@dns-test-service.dns-2689.svc.cluster.local wheezy_udp@PodARecord wheezy_tcp@PodARecord jessie_udp@dns-test-service.dns-2689.svc.cluster.local jessie_tcp@dns-test-service.dns-2689.svc.cluster.local jessie_udp@PodARecord jessie_tcp@PodARecord]&#xA;&#xA;Aug 27 09:52:59.621: INFO: Unable to read wheezy_udp@dns-test-service.dns-2689.svc.cluster.local from pod dns-2689/dns-test-16c8d22a-e0d7-4685-a07b-af603578fe5f: the server could not find the requested resource (get pods dns-test-16c8d22a-e0d7-4685-a07b-af603578fe5f)&#xA;Aug 27 09:52:59.629: INFO: Unable to read wheezy_tcp@dns-test-service.dns-2689.svc.cluster.local from pod dns-2689/dns-test-16c8d22a-e0d7-4685-a07b-af603578fe5f: the server could not find the requested resource (get pods dns-test-16c8d22a-e0d7-4685-a07b-af603578fe5f)&#xA;Aug 27 09:52:59.659: INFO: Unable to read wheezy_udp@PodARecord from pod dns-2689/dns-test-16c8d22a-e0d7-4685-a07b-af603578fe5f: the server could not find the requested resource (get pods dns-test-16c8d22a-e0d7-4685-a07b-af603578fe5f)&#xA;Aug 27 09:52:59.666: INFO: Unable to read wheezy_tcp@PodARecord from pod dns-2689/dns-test-16c8d22a-e0d7-4685-a07b-af603578fe5f: the server could not find the requested resource (get pods dns-test-16c8d22a-e0d7-4685-a07b-af603578fe5f)&#xA;Aug 27 09:52:59.683: INFO: Unable to read jessie_udp@dns-test-service.dns-2689.svc.cluster.local from pod dns-2689/dns-test-16c8d22a-e0d7-4685-a07b-af603578fe5f: the server could not find the requested resource (get pods dns-test-16c8d22a-e0d7-4685-a07b-af603578fe5f)&#xA;Aug 27 09:52:59.688: INFO: Unable to read jessie_tcp@dns-test-service.dns-2689.svc.cluster.local from pod dns-2689/dns-test-16c8d22a-e0d7-4685-a07b-af603578fe5f: the server could not find the requested resource (get pods dns-test-16c8d22a-e0d7-4685-a07b-af603578fe5f)&#xA;Aug 27 09:52:59.716: INFO: Unable to read jessie_udp@PodARecord from pod dns-2689/dns-test-16c8d22a-e0d7-4685-a07b-af603578fe5f: the server could not find the requested resource (get pods dns-test-16c8d22a-e0d7-4685-a07b-af603578fe5f)&#xA;Aug 27 09:52:59.729: INFO: Unable to read jessie_tcp@PodARecord from pod dns-2689/dns-test-16c8d22a-e0d7-4685-a07b-af603578fe5f: the server could not find the requested resource (get pods dns-test-16c8d22a-e0d7-4685-a07b-af603578fe5f)&#xA;Aug 27 09:52:59.738: INFO: Lookups using dns-2689/dns-test-16c8d22a-e0d7-4685-a07b-af603578fe5f failed for: [wheezy_udp@dns-test-service.dns-2689.svc.cluster.local wheezy_tcp@dns-test-service.dns-2689.svc.cluster.local wheezy_udp@PodARecord wheezy_tcp@PodARecord jessie_udp@dns-test-service.dns-2689.svc.cluster.local jessie_tcp@dns-test-service.dns-2689.svc.cluster.local jessie_udp@PodARecord jessie_tcp@PodARecord]&#xA;&#xA;Aug 27 09:53:04.618: INFO: Unable to read wheezy_udp@dns-test-service.dns-2689.svc.cluster.local from pod dns-2689/dns-test-16c8d22a-e0d7-4685-a07b-af603578fe5f: the server could not find the requested resource (get pods dns-test-16c8d22a-e0d7-4685-a07b-af603578fe5f)&#xA;Aug 27 09:53:04.623: INFO: Unable to read wheezy_tcp@dns-test-service.dns-2689.svc.cluster.local from pod dns-2689/dns-test-16c8d22a-e0d7-4685-a07b-af603578fe5f: the server could not find the requested resource (get pods dns-test-16c8d22a-e0d7-4685-a07b-af603578fe5f)&#xA;Aug 27 09:53:04.642: INFO: Unable to read wheezy_udp@PodARecord from pod dns-2689/dns-test-16c8d22a-e0d7-4685-a07b-af603578fe5f: the server could not find the requested resource (get pods dns-test-16c8d22a-e0d7-4685-a07b-af603578fe5f)&#xA;Aug 27 09:53:04.647: INFO: Unable to read wheezy_tcp@PodARecord from pod dns-2689/dns-test-16c8d22a-e0d7-4685-a07b-af603578fe5f: the server could not find the requested resource (get pods dns-test-16c8d22a-e0d7-4685-a07b-af603578fe5f)&#xA;Aug 27 09:53:04.659: INFO: Unable to read jessie_udp@dns-test-service.dns-2689.svc.cluster.local from pod dns-2689/dns-test-16c8d22a-e0d7-4685-a07b-af603578fe5f: the server could not find the requested resource (get pods dns-test-16c8d22a-e0d7-4685-a07b-af603578fe5f)&#xA;Aug 27 09:53:04.674: INFO: Unable to read jessie_tcp@dns-test-service.dns-2689.svc.cluster.local from pod dns-2689/dns-test-16c8d22a-e0d7-4685-a07b-af603578fe5f: the server could not find the requested resource (get pods dns-test-16c8d22a-e0d7-4685-a07b-af603578fe5f)&#xA;Aug 27 09:53:04.712: INFO: Unable to read jessie_udp@PodARecord from pod dns-2689/dns-test-16c8d22a-e0d7-4685-a07b-af603578fe5f: the server could not find the requested resource (get pods dns-test-16c8d22a-e0d7-4685-a07b-af603578fe5f)&#xA;Aug 27 09:53:04.717: INFO: Unable to read jessie_tcp@PodARecord from pod dns-2689/dns-test-16c8d22a-e0d7-4685-a07b-af603578fe5f: the server could not find the requested resource (get pods dns-test-16c8d22a-e0d7-4685-a07b-af603578fe5f)&#xA;Aug 27 09:53:04.730: INFO: Lookups using dns-2689/dns-test-16c8d22a-e0d7-4685-a07b-af603578fe5f failed for: [wheezy_udp@dns-test-service.dns-2689.svc.cluster.local wheezy_tcp@dns-test-service.dns-2689.svc.cluster.local wheezy_udp@PodARecord wheezy_tcp@PodARecord jessie_udp@dns-test-service.dns-2689.svc.cluster.local jessie_tcp@dns-test-service.dns-2689.svc.cluster.local jessie_udp@PodARecord jessie_tcp@PodARecord]&#xA;&#xA;Aug 27 09:53:09.619: INFO: Unable to read wheezy_udp@dns-test-service.dns-2689.svc.cluster.local from pod dns-2689/dns-test-16c8d22a-e0d7-4685-a07b-af603578fe5f: the server could not find the requested resource (get pods dns-test-16c8d22a-e0d7-4685-a07b-af603578fe5f)&#xA;Aug 27 09:53:09.624: INFO: Unable to read wheezy_tcp@dns-test-service.dns-2689.svc.cluster.local from pod dns-2689/dns-test-16c8d22a-e0d7-4685-a07b-af603578fe5f: the server could not find the requested resource (get pods dns-test-16c8d22a-e0d7-4685-a07b-af603578fe5f)&#xA;Aug 27 09:53:09.641: INFO: Unable to read wheezy_udp@PodARecord from pod dns-2689/dns-test-16c8d22a-e0d7-4685-a07b-af603578fe5f: the server could not find the requested resource (get pods dns-test-16c8d22a-e0d7-4685-a07b-af603578fe5f)&#xA;Aug 27 09:53:09.647: INFO: Unable to read wheezy_tcp@PodARecord from pod dns-2689/dns-test-16c8d22a-e0d7-4685-a07b-af603578fe5f: the server could not find the requested resource (get pods dns-test-16c8d22a-e0d7-4685-a07b-af603578fe5f)&#xA;Aug 27 09:53:09.660: INFO: Unable to read jessie_udp@dns-test-service.dns-2689.svc.cluster.local from pod dns-2689/dns-test-16c8d22a-e0d7-4685-a07b-af603578fe5f: the server could not find the requested resource (get pods dns-test-16c8d22a-e0d7-4685-a07b-af603578fe5f)&#xA;Aug 27 09:53:09.665: INFO: Unable to read jessie_tcp@dns-test-service.dns-2689.svc.cluster.local from pod dns-2689/dns-test-16c8d22a-e0d7-4685-a07b-af603578fe5f: the server could not find the requested resource (get pods dns-test-16c8d22a-e0d7-4685-a07b-af603578fe5f)&#xA;Aug 27 09:53:09.691: INFO: Unable to read jessie_udp@PodARecord from pod dns-2689/dns-test-16c8d22a-e0d7-4685-a07b-af603578fe5f: the server could not find the requested resource (get pods dns-test-16c8d22a-e0d7-4685-a07b-af603578fe5f)&#xA;Aug 27 09:53:09.697: INFO: Unable to read jessie_tcp@PodARecord from pod dns-2689/dns-test-16c8d22a-e0d7-4685-a07b-af603578fe5f: the server could not find the requested resource (get pods dns-test-16c8d22a-e0d7-4685-a07b-af603578fe5f)&#xA;Aug 27 09:53:09.706: INFO: Lookups using dns-2689/dns-test-16c8d22a-e0d7-4685-a07b-af603578fe5f failed for: [wheezy_udp@dns-test-service.dns-2689.svc.cluster.local wheezy_tcp@dns-test-service.dns-2689.svc.cluster.local wheezy_udp@PodARecord wheezy_tcp@PodARecord jessie_udp@dns-test-service.dns-2689.svc.cluster.local jessie_tcp@dns-test-service.dns-2689.svc.cluster.local jessie_udp@PodARecord jessie_tcp@PodARecord]&#xA;&#xA;Aug 27 09:53:14.647: INFO: Unable to read wheezy_udp@dns-test-service.dns-2689.svc.cluster.local from pod dns-2689/dns-test-16c8d22a-e0d7-4685-a07b-af603578fe5f: the server could not find the requested resource (get pods dns-test-16c8d22a-e0d7-4685-a07b-af603578fe5f)&#xA;Aug 27 09:53:14.670: INFO: Unable to read wheezy_tcp@dns-test-service.dns-2689.svc.cluster.local from pod dns-2689/dns-test-16c8d22a-e0d7-4685-a07b-af603578fe5f: the server could not find the requested resource (get pods dns-test-16c8d22a-e0d7-4685-a07b-af603578fe5f)&#xA;Aug 27 09:53:14.728: INFO: Unable to read wheezy_udp@PodARecord from pod dns-2689/dns-test-16c8d22a-e0d7-4685-a07b-af603578fe5f: the server could not find the requested resource (get pods dns-test-16c8d22a-e0d7-4685-a07b-af603578fe5f)&#xA;Aug 27 09:53:14.739: INFO: Unable to read wheezy_tcp@PodARecord from pod dns-2689/dns-test-16c8d22a-e0d7-4685-a07b-af603578fe5f: the server could not find the requested resource (get pods dns-test-16c8d22a-e0d7-4685-a07b-af603578fe5f)&#xA;Aug 27 09:53:14.751: INFO: Unable to read jessie_udp@dns-test-service.dns-2689.svc.cluster.local from pod dns-2689/dns-test-16c8d22a-e0d7-4685-a07b-af603578fe5f: the server could not find the requested resource (get pods dns-test-16c8d22a-e0d7-4685-a07b-af603578fe5f)&#xA;Aug 27 09:53:14.759: INFO: Unable to read jessie_tcp@dns-test-service.dns-2689.svc.cluster.local from pod dns-2689/dns-test-16c8d22a-e0d7-4685-a07b-af603578fe5f: the server could not find the requested resource (get pods dns-test-16c8d22a-e0d7-4685-a07b-af603578fe5f)&#xA;Aug 27 09:53:14.798: INFO: Unable to read jessie_udp@PodARecord from pod dns-2689/dns-test-16c8d22a-e0d7-4685-a07b-af603578fe5f: the server could not find the requested resource (get pods dns-test-16c8d22a-e0d7-4685-a07b-af603578fe5f)&#xA;Aug 27 09:53:14.814: INFO: Unable to read jessie_tcp@PodARecord from pod dns-2689/dns-test-16c8d22a-e0d7-4685-a07b-af603578fe5f: the server could not find the requested resource (get pods dns-test-16c8d22a-e0d7-4685-a07b-af603578fe5f)&#xA;Aug 27 09:53:14.899: INFO: Lookups using dns-2689/dns-test-16c8d22a-e0d7-4685-a07b-af603578fe5f failed for: [wheezy_udp@dns-test-service.dns-2689.svc.cluster.local wheezy_tcp@dns-test-service.dns-2689.svc.cluster.local wheezy_udp@PodARecord wheezy_tcp@PodARecord jessie_udp@dns-test-service.dns-2689.svc.cluster.local jessie_tcp@dns-test-service.dns-2689.svc.cluster.local jessie_udp@PodARecord jessie_tcp@PodARecord]&#xA;&#xA;Aug 27 09:53:19.620: INFO: Unable to read wheezy_udp@dns-test-service.dns-2689.svc.cluster.local from pod dns-2689/dns-test-16c8d22a-e0d7-4685-a07b-af603578fe5f: the server could not find the requested resource (get pods dns-test-16c8d22a-e0d7-4685-a07b-af603578fe5f)&#xA;Aug 27 09:53:19.626: INFO: Unable to read wheezy_tcp@dns-test-service.dns-2689.svc.cluster.local from pod dns-2689/dns-test-16c8d22a-e0d7-4685-a07b-af603578fe5f: the server could not find the requested resource (get pods dns-test-16c8d22a-e0d7-4685-a07b-af603578fe5f)&#xA;Aug 27 09:53:19.651: INFO: Unable to read wheezy_udp@PodARecord from pod dns-2689/dns-test-16c8d22a-e0d7-4685-a07b-af603578fe5f: the server could not find the requested resource (get pods dns-test-16c8d22a-e0d7-4685-a07b-af603578fe5f)&#xA;Aug 27 09:53:19.658: INFO: Unable to read wheezy_tcp@PodARecord from pod dns-2689/dns-test-16c8d22a-e0d7-4685-a07b-af603578fe5f: the server could not find the requested resource (get pods dns-test-16c8d22a-e0d7-4685-a07b-af603578fe5f)&#xA;Aug 27 09:53:19.670: INFO: Unable to read jessie_udp@dns-test-service.dns-2689.svc.cluster.local from pod dns-2689/dns-test-16c8d22a-e0d7-4685-a07b-af603578fe5f: the server could not find the requested resource (get pods dns-test-16c8d22a-e0d7-4685-a07b-af603578fe5f)&#xA;Aug 27 09:53:19.675: INFO: Unable to read jessie_tcp@dns-test-service.dns-2689.svc.cluster.local from pod dns-2689/dns-test-16c8d22a-e0d7-4685-a07b-af603578fe5f: the server could not find the requested resource (get pods dns-test-16c8d22a-e0d7-4685-a07b-af603578fe5f)&#xA;Aug 27 09:53:19.700: INFO: Unable to read jessie_udp@PodARecord from pod dns-2689/dns-test-16c8d22a-e0d7-4685-a07b-af603578fe5f: the server could not find the requested resource (get pods dns-test-16c8d22a-e0d7-4685-a07b-af603578fe5f)&#xA;Aug 27 09:53:19.704: INFO: Unable to read jessie_tcp@PodARecord from pod dns-2689/dns-test-16c8d22a-e0d7-4685-a07b-af603578fe5f: the server could not find the requested resource (get pods dns-test-16c8d22a-e0d7-4685-a07b-af603578fe5f)&#xA;Aug 27 09:53:19.712: INFO: Lookups using dns-2689/dns-test-16c8d22a-e0d7-4685-a07b-af603578fe5f failed for: [wheezy_udp@dns-test-service.dns-2689.svc.cluster.local wheezy_tcp@dns-test-service.dns-2689.svc.cluster.local wheezy_udp@PodARecord wheezy_tcp@PodARecord jessie_udp@dns-test-service.dns-2689.svc.cluster.local jessie_tcp@dns-test-service.dns-2689.svc.cluster.local jessie_udp@PodARecord jessie_tcp@PodARecord]&#xA;&#xA;Aug 27 09:53:24.635: INFO: Unable to read wheezy_udp@dns-test-service.dns-2689.svc.cluster.local from pod dns-2689/dns-test-16c8d22a-e0d7-4685-a07b-af603578fe5f: the server could not find the requested resource (get pods dns-test-16c8d22a-e0d7-4685-a07b-af603578fe5f)&#xA;Aug 27 09:53:24.644: INFO: Unable to read wheezy_tcp@dns-test-service.dns-2689.svc.cluster.local from pod dns-2689/dns-test-16c8d22a-e0d7-4685-a07b-af603578fe5f: the server could not find the requested resource (get pods dns-test-16c8d22a-e0d7-4685-a07b-af603578fe5f)&#xA;Aug 27 09:53:24.679: INFO: Unable to read wheezy_udp@PodARecord from pod dns-2689/dns-test-16c8d22a-e0d7-4685-a07b-af603578fe5f: the server could not find the requested resource (get pods dns-test-16c8d22a-e0d7-4685-a07b-af603578fe5f)&#xA;Aug 27 09:53:24.688: INFO: Unable to read wheezy_tcp@PodARecord from pod dns-2689/dns-test-16c8d22a-e0d7-4685-a07b-af603578fe5f: the server could not find the requested resource (get pods dns-test-16c8d22a-e0d7-4685-a07b-af603578fe5f)&#xA;Aug 27 09:53:24.703: INFO: Unable to read jessie_udp@dns-test-service.dns-2689.svc.cluster.local from pod dns-2689/dns-test-16c8d22a-e0d7-4685-a07b-af603578fe5f: the server could not find the requested resource (get pods dns-test-16c8d22a-e0d7-4685-a07b-af603578fe5f)&#xA;Aug 27 09:53:24.712: INFO: Unable to read jessie_tcp@dns-test-service.dns-2689.svc.cluster.local from pod dns-2689/dns-test-16c8d22a-e0d7-4685-a07b-af603578fe5f: the server could not find the requested resource (get pods dns-test-16c8d22a-e0d7-4685-a07b-af603578fe5f)&#xA;Aug 27 09:53:24.737: INFO: Unable to read jessie_udp@PodARecord from pod dns-2689/dns-test-16c8d22a-e0d7-4685-a07b-af603578fe5f: the server could not find the requested resource (get pods dns-test-16c8d22a-e0d7-4685-a07b-af603578fe5f)&#xA;Aug 27 09:53:24.746: INFO: Unable to read jessie_tcp@PodARecord from pod dns-2689/dns-test-16c8d22a-e0d7-4685-a07b-af603578fe5f: the server could not find the requested resource (get pods dns-test-16c8d22a-e0d7-4685-a07b-af603578fe5f)&#xA;Aug 27 09:53:24.767: INFO: Lookups using dns-2689/dns-test-16c8d22a-e0d7-4685-a07b-af603578fe5f failed for: [wheezy_udp@dns-test-service.dns-2689.svc.cluster.local wheezy_tcp@dns-test-service.dns-2689.svc.cluster.local wheezy_udp@PodARecord wheezy_tcp@PodARecord jessie_udp@dns-test-service.dns-2689.svc.cluster.local jessie_tcp@dns-test-service.dns-2689.svc.cluster.local jessie_udp@PodARecord jessie_tcp@PodARecord]&#xA;&#xA;Aug 27 09:53:29.623: INFO: Unable to read wheezy_udp@dns-test-service.dns-2689.svc.cluster.local from pod dns-2689/dns-test-16c8d22a-e0d7-4685-a07b-af603578fe5f: the server could not find the requested resource (get pods dns-test-16c8d22a-e0d7-4685-a07b-af603578fe5f)&#xA;Aug 27 09:53:29.640: INFO: Unable to read wheezy_tcp@dns-test-service.dns-2689.svc.cluster.local from pod dns-2689/dns-test-16c8d22a-e0d7-4685-a07b-af603578fe5f: the server could not find the requested resource (get pods dns-test-16c8d22a-e0d7-4685-a07b-af603578fe5f)&#xA;Aug 27 09:53:29.711: INFO: Unable to read wheezy_udp@PodARecord from pod dns-2689/dns-test-16c8d22a-e0d7-4685-a07b-af603578fe5f: the server could not find the requested resource (get pods dns-test-16c8d22a-e0d7-4685-a07b-af603578fe5f)&#xA;Aug 27 09:53:29.716: INFO: Unable to read wheezy_tcp@PodARecord from pod dns-2689/dns-test-16c8d22a-e0d7-4685-a07b-af603578fe5f: the server could not find the requested resource (get pods dns-test-16c8d22a-e0d7-4685-a07b-af603578fe5f)&#xA;Aug 27 09:53:29.746: INFO: Unable to read jessie_udp@dns-test-service.dns-2689.svc.cluster.local from pod dns-2689/dns-test-16c8d22a-e0d7-4685-a07b-af603578fe5f: the server could not find the requested resource (get pods dns-test-16c8d22a-e0d7-4685-a07b-af603578fe5f)&#xA;Aug 27 09:53:29.751: INFO: Unable to read jessie_tcp@dns-test-service.dns-2689.svc.cluster.local from pod dns-2689/dns-test-16c8d22a-e0d7-4685-a07b-af603578fe5f: the server could not find the requested resource (get pods dns-test-16c8d22a-e0d7-4685-a07b-af603578fe5f)&#xA;Aug 27 09:53:29.778: INFO: Unable to read jessie_udp@PodARecord from pod dns-2689/dns-test-16c8d22a-e0d7-4685-a07b-af603578fe5f: the server could not find the requested resource (get pods dns-test-16c8d22a-e0d7-4685-a07b-af603578fe5f)&#xA;Aug 27 09:53:29.783: INFO: Unable to read jessie_tcp@PodARecord from pod dns-2689/dns-test-16c8d22a-e0d7-4685-a07b-af603578fe5f: the server could not find the requested resource (get pods dns-test-16c8d22a-e0d7-4685-a07b-af603578fe5f)&#xA;Aug 27 09:53:29.791: INFO: Lookups using dns-2689/dns-test-16c8d22a-e0d7-4685-a07b-af603578fe5f failed for: [wheezy_udp@dns-test-service.dns-2689.svc.cluster.local wheezy_tcp@dns-test-service.dns-2689.svc.cluster.local wheezy_udp@PodARecord wheezy_tcp@PodARecord jessie_udp@dns-test-service.dns-2689.svc.cluster.local jessie_tcp@dns-test-service.dns-2689.svc.cluster.local jessie_udp@PodARecord jessie_tcp@PodARecord]&#xA;&#xA;Aug 27 09:53:34.623: INFO: Unable to read wheezy_udp@dns-test-service.dns-2689.svc.cluster.local from pod dns-2689/dns-test-16c8d22a-e0d7-4685-a07b-af603578fe5f: the server could not find the requested resource (get pods dns-test-16c8d22a-e0d7-4685-a07b-af603578fe5f)&#xA;Aug 27 09:53:34.630: INFO: Unable to read wheezy_tcp@dns-test-service.dns-2689.svc.cluster.local from pod dns-2689/dns-test-16c8d22a-e0d7-4685-a07b-af603578fe5f: the server could not find the requested resource (get pods dns-test-16c8d22a-e0d7-4685-a07b-af603578fe5f)&#xA;Aug 27 09:53:34.671: INFO: Unable to read wheezy_udp@PodARecord from pod dns-2689/dns-test-16c8d22a-e0d7-4685-a07b-af603578fe5f: the server could not find the requested resource (get pods dns-test-16c8d22a-e0d7-4685-a07b-af603578fe5f)&#xA;Aug 27 09:53:34.678: INFO: Unable to read wheezy_tcp@PodARecord from pod dns-2689/dns-test-16c8d22a-e0d7-4685-a07b-af603578fe5f: the server could not find the requested resource (get pods dns-test-16c8d22a-e0d7-4685-a07b-af603578fe5f)&#xA;Aug 27 09:53:34.706: INFO: Unable to read jessie_udp@dns-test-service.dns-2689.svc.cluster.local from pod dns-2689/dns-test-16c8d22a-e0d7-4685-a07b-af603578fe5f: the server could not find the requested resource (get pods dns-test-16c8d22a-e0d7-4685-a07b-af603578fe5f)&#xA;Aug 27 09:53:34.713: INFO: Unable to read jessie_tcp@dns-test-service.dns-2689.svc.cluster.local from pod dns-2689/dns-test-16c8d22a-e0d7-4685-a07b-af603578fe5f: the server could not find the requested resource (get pods dns-test-16c8d22a-e0d7-4685-a07b-af603578fe5f)&#xA;Aug 27 09:53:34.767: INFO: Unable to read jessie_udp@PodARecord from pod dns-2689/dns-test-16c8d22a-e0d7-4685-a07b-af603578fe5f: the server could not find the requested resource (get pods dns-test-16c8d22a-e0d7-4685-a07b-af603578fe5f)&#xA;Aug 27 09:53:34.778: INFO: Unable to read jessie_tcp@PodARecord from pod dns-2689/dns-test-16c8d22a-e0d7-4685-a07b-af603578fe5f: the server could not find the requested resource (get pods dns-test-16c8d22a-e0d7-4685-a07b-af603578fe5f)&#xA;Aug 27 09:53:34.789: INFO: Lookups using dns-2689/dns-test-16c8d22a-e0d7-4685-a07b-af603578fe5f failed for: [wheezy_udp@dns-test-service.dns-2689.svc.cluster.local wheezy_tcp@dns-test-service.dns-2689.svc.cluster.local wheezy_udp@PodARecord wheezy_tcp@PodARecord jessie_udp@dns-test-service.dns-2689.svc.cluster.local jessie_tcp@dns-test-service.dns-2689.svc.cluster.local jessie_udp@PodARecord jessie_tcp@PodARecord]&#xA;&#xA;Aug 27 09:53:39.622: INFO: Unable to read wheezy_udp@dns-test-service.dns-2689.svc.cluster.local from pod dns-2689/dns-test-16c8d22a-e0d7-4685-a07b-af603578fe5f: the server could not find the requested resource (get pods dns-test-16c8d22a-e0d7-4685-a07b-af603578fe5f)&#xA;Aug 27 09:53:39.632: INFO: Unable to read wheezy_tcp@dns-test-service.dns-2689.svc.cluster.local from pod dns-2689/dns-test-16c8d22a-e0d7-4685-a07b-af603578fe5f: the server could not find the requested resource (get pods dns-test-16c8d22a-e0d7-4685-a07b-af603578fe5f)&#xA;Aug 27 09:53:39.716: INFO: Unable to read wheezy_udp@PodARecord from pod dns-2689/dns-test-16c8d22a-e0d7-4685-a07b-af603578fe5f: the server could not find the requested resource (get pods dns-test-16c8d22a-e0d7-4685-a07b-af603578fe5f)&#xA;Aug 27 09:53:39.724: INFO: Unable to read wheezy_tcp@PodARecord from pod dns-2689/dns-test-16c8d22a-e0d7-4685-a07b-af603578fe5f: the server could not find the requested resource (get pods dns-test-16c8d22a-e0d7-4685-a07b-af603578fe5f)&#xA;Aug 27 09:53:39.752: INFO: Unable to read jessie_udp@dns-test-service.dns-2689.svc.cluster.local from pod dns-2689/dns-test-16c8d22a-e0d7-4685-a07b-af603578fe5f: the server could not find the requested resource (get pods dns-test-16c8d22a-e0d7-4685-a07b-af603578fe5f)&#xA;Aug 27 09:53:39.756: INFO: Unable to read jessie_tcp@dns-test-service.dns-2689.svc.cluster.local from pod dns-2689/dns-test-16c8d22a-e0d7-4685-a07b-af603578fe5f: the server could not find the requested resource (get pods dns-test-16c8d22a-e0d7-4685-a07b-af603578fe5f)&#xA;Aug 27 09:53:39.787: INFO: Unable to read jessie_udp@PodARecord from pod dns-2689/dns-test-16c8d22a-e0d7-4685-a07b-af603578fe5f: the server could not find the requested resource (get pods dns-test-16c8d22a-e0d7-4685-a07b-af603578fe5f)&#xA;Aug 27 09:53:39.798: INFO: Unable to read jessie_tcp@PodARecord from pod dns-2689/dns-test-16c8d22a-e0d7-4685-a07b-af603578fe5f: the server could not find the requested resource (get pods dns-test-16c8d22a-e0d7-4685-a07b-af603578fe5f)&#xA;Aug 27 09:53:39.808: INFO: Lookups using dns-2689/dns-test-16c8d22a-e0d7-4685-a07b-af603578fe5f failed for: [wheezy_udp@dns-test-service.dns-2689.svc.cluster.local wheezy_tcp@dns-test-service.dns-2689.svc.cluster.local wheezy_udp@PodARecord wheezy_tcp@PodARecord jessie_udp@dns-test-service.dns-2689.svc.cluster.local jessie_tcp@dns-test-service.dns-2689.svc.cluster.local jessie_udp@PodARecord jessie_tcp@PodARecord]&#xA;&#xA;Aug 27 09:53:44.622: INFO: Unable to read wheezy_udp@dns-test-service.dns-2689.svc.cluster.local from pod dns-2689/dns-test-16c8d22a-e0d7-4685-a07b-af603578fe5f: the server could not find the requested resource (get pods dns-test-16c8d22a-e0d7-4685-a07b-af603578fe5f)&#xA;Aug 27 09:53:44.637: INFO: Unable to read wheezy_tcp@dns-test-service.dns-2689.svc.cluster.local from pod dns-2689/dns-test-16c8d22a-e0d7-4685-a07b-af603578fe5f: the server could not find the requested resource (get pods dns-test-16c8d22a-e0d7-4685-a07b-af603578fe5f)&#xA;Aug 27 09:53:44.662: INFO: Unable to read wheezy_udp@PodARecord from pod dns-2689/dns-test-16c8d22a-e0d7-4685-a07b-af603578fe5f: the server could not find the requested resource (get pods dns-test-16c8d22a-e0d7-4685-a07b-af603578fe5f)&#xA;Aug 27 09:53:44.668: INFO: Unable to read wheezy_tcp@PodARecord from pod dns-2689/dns-test-16c8d22a-e0d7-4685-a07b-af603578fe5f: the server could not find the requested resource (get pods dns-test-16c8d22a-e0d7-4685-a07b-af603578fe5f)&#xA;Aug 27 09:53:44.680: INFO: Unable to read jessie_udp@dns-test-service.dns-2689.svc.cluster.local from pod dns-2689/dns-test-16c8d22a-e0d7-4685-a07b-af603578fe5f: the server could not find the requested resource (get pods dns-test-16c8d22a-e0d7-4685-a07b-af603578fe5f)&#xA;Aug 27 09:53:44.692: INFO: Unable to read jessie_tcp@dns-test-service.dns-2689.svc.cluster.local from pod dns-2689/dns-test-16c8d22a-e0d7-4685-a07b-af603578fe5f: the server could not find the requested resource (get pods dns-test-16c8d22a-e0d7-4685-a07b-af603578fe5f)&#xA;Aug 27 09:53:44.739: INFO: Unable to read jessie_udp@PodARecord from pod dns-2689/dns-test-16c8d22a-e0d7-4685-a07b-af603578fe5f: the server could not find the requested resource (get pods dns-test-16c8d22a-e0d7-4685-a07b-af603578fe5f)&#xA;Aug 27 09:53:44.747: INFO: Unable to read jessie_tcp@PodARecord from pod dns-2689/dns-test-16c8d22a-e0d7-4685-a07b-af603578fe5f: the server could not find the requested resource (get pods dns-test-16c8d22a-e0d7-4685-a07b-af603578fe5f)&#xA;Aug 27 09:53:44.761: INFO: Lookups using dns-2689/dns-test-16c8d22a-e0d7-4685-a07b-af603578fe5f failed for: [wheezy_udp@dns-test-service.dns-2689.svc.cluster.local wheezy_tcp@dns-test-service.dns-2689.svc.cluster.local wheezy_udp@PodARecord wheezy_tcp@PodARecord jessie_udp@dns-test-service.dns-2689.svc.cluster.local jessie_tcp@dns-test-service.dns-2689.svc.cluster.local jessie_udp@PodARecord jessie_tcp@PodARecord]&#xA;&#xA;Aug 27 09:53:49.625: INFO: Unable to read wheezy_udp@dns-test-service.dns-2689.svc.cluster.local from pod dns-2689/dns-test-16c8d22a-e0d7-4685-a07b-af603578fe5f: the server could not find the requested resource (get pods dns-test-16c8d22a-e0d7-4685-a07b-af603578fe5f)&#xA;Aug 27 09:53:49.634: INFO: Unable to read wheezy_tcp@dns-test-service.dns-2689.svc.cluster.local from pod dns-2689/dns-test-16c8d22a-e0d7-4685-a07b-af603578fe5f: the server could not find the requested resource (get pods dns-test-16c8d22a-e0d7-4685-a07b-af603578fe5f)&#xA;Aug 27 09:53:49.659: INFO: Unable to read wheezy_udp@PodARecord from pod dns-2689/dns-test-16c8d22a-e0d7-4685-a07b-af603578fe5f: the server could not find the requested resource (get pods dns-test-16c8d22a-e0d7-4685-a07b-af603578fe5f)&#xA;Aug 27 09:53:49.677: INFO: Unable to read wheezy_tcp@PodARecord from pod dns-2689/dns-test-16c8d22a-e0d7-4685-a07b-af603578fe5f: the server could not find the requested resource (get pods dns-test-16c8d22a-e0d7-4685-a07b-af603578fe5f)&#xA;Aug 27 09:53:49.690: INFO: Unable to read jessie_udp@dns-test-service.dns-2689.svc.cluster.local from pod dns-2689/dns-test-16c8d22a-e0d7-4685-a07b-af603578fe5f: the server could not find the requested resource (get pods dns-test-16c8d22a-e0d7-4685-a07b-af603578fe5f)&#xA;Aug 27 09:53:49.697: INFO: Unable to read jessie_tcp@dns-test-service.dns-2689.svc.cluster.local from pod dns-2689/dns-test-16c8d22a-e0d7-4685-a07b-af603578fe5f: the server could not find the requested resource (get pods dns-test-16c8d22a-e0d7-4685-a07b-af603578fe5f)&#xA;Aug 27 09:53:49.714: INFO: Unable to read jessie_udp@PodARecord from pod dns-2689/dns-test-16c8d22a-e0d7-4685-a07b-af603578fe5f: the server could not find the requested resource (get pods dns-test-16c8d22a-e0d7-4685-a07b-af603578fe5f)&#xA;Aug 27 09:53:49.719: INFO: Unable to read jessie_tcp@PodARecord from pod dns-2689/dns-test-16c8d22a-e0d7-4685-a07b-af603578fe5f: the server could not find the requested resource (get pods dns-test-16c8d22a-e0d7-4685-a07b-af603578fe5f)&#xA;Aug 27 09:53:49.731: INFO: Lookups using dns-2689/dns-test-16c8d22a-e0d7-4685-a07b-af603578fe5f failed for: [wheezy_udp@dns-test-service.dns-2689.svc.cluster.local wheezy_tcp@dns-test-service.dns-2689.svc.cluster.local wheezy_udp@PodARecord wheezy_tcp@PodARecord jessie_udp@dns-test-service.dns-2689.svc.cluster.local jessie_tcp@dns-test-service.dns-2689.svc.cluster.local jessie_udp@PodARecord jessie_tcp@PodARecord]&#xA;&#xA;Aug 27 09:53:54.619: INFO: Unable to read wheezy_udp@dns-test-service.dns-2689.svc.cluster.local from pod dns-2689/dns-test-16c8d22a-e0d7-4685-a07b-af603578fe5f: the server could not find the requested resource (get pods dns-test-16c8d22a-e0d7-4685-a07b-af603578fe5f)&#xA;Aug 27 09:53:54.627: INFO: Unable to read wheezy_tcp@dns-test-service.dns-2689.svc.cluster.local from pod dns-2689/dns-test-16c8d22a-e0d7-4685-a07b-af603578fe5f: the server could not find the requested resource (get pods dns-test-16c8d22a-e0d7-4685-a07b-af603578fe5f)&#xA;Aug 27 09:53:54.665: INFO: Unable to read wheezy_udp@PodARecord from pod dns-2689/dns-test-16c8d22a-e0d7-4685-a07b-af603578fe5f: the server could not find the requested resource (get pods dns-test-16c8d22a-e0d7-4685-a07b-af603578fe5f)&#xA;Aug 27 09:53:54.680: INFO: Unable to read wheezy_tcp@PodARecord from pod dns-2689/dns-test-16c8d22a-e0d7-4685-a07b-af603578fe5f: the server could not find the requested resource (get pods dns-test-16c8d22a-e0d7-4685-a07b-af603578fe5f)&#xA;Aug 27 09:53:54.696: INFO: Unable to read jessie_udp@dns-test-service.dns-2689.svc.cluster.local from pod dns-2689/dns-test-16c8d22a-e0d7-4685-a07b-af603578fe5f: the server could not find the requested resource (get pods dns-test-16c8d22a-e0d7-4685-a07b-af603578fe5f)&#xA;Aug 27 09:53:54.700: INFO: Unable to read jessie_tcp@dns-test-service.dns-2689.svc.cluster.local from pod dns-2689/dns-test-16c8d22a-e0d7-4685-a07b-af603578fe5f: the server could not find the requested resource (get pods dns-test-16c8d22a-e0d7-4685-a07b-af603578fe5f)&#xA;Aug 27 09:53:54.719: INFO: Unable to read jessie_udp@PodARecord from pod dns-2689/dns-test-16c8d22a-e0d7-4685-a07b-af603578fe5f: the server could not find the requested resource (get pods dns-test-16c8d22a-e0d7-4685-a07b-af603578fe5f)&#xA;Aug 27 09:53:54.725: INFO: Unable to read jessie_tcp@PodARecord from pod dns-2689/dns-test-16c8d22a-e0d7-4685-a07b-af603578fe5f: the server could not find the requested resource (get pods dns-test-16c8d22a-e0d7-4685-a07b-af603578fe5f)&#xA;Aug 27 09:53:54.734: INFO: Lookups using dns-2689/dns-test-16c8d22a-e0d7-4685-a07b-af603578fe5f failed for: [wheezy_udp@dns-test-service.dns-2689.svc.cluster.local wheezy_tcp@dns-test-service.dns-2689.svc.cluster.local wheezy_udp@PodARecord wheezy_tcp@PodARecord jessie_udp@dns-test-service.dns-2689.svc.cluster.local jessie_tcp@dns-test-service.dns-2689.svc.cluster.local jessie_udp@PodARecord jessie_tcp@PodARecord]&#xA;&#xA;Aug 27 09:53:59.626: INFO: Unable to read wheezy_udp@dns-test-service.dns-2689.svc.cluster.local from pod dns-2689/dns-test-16c8d22a-e0d7-4685-a07b-af603578fe5f: the server could not find the requested resource (get pods dns-test-16c8d22a-e0d7-4685-a07b-af603578fe5f)&#xA;Aug 27 09:53:59.655: INFO: Unable to read wheezy_tcp@dns-test-service.dns-2689.svc.cluster.local from pod dns-2689/dns-test-16c8d22a-e0d7-4685-a07b-af603578fe5f: the server could not find the requested resource (get pods dns-test-16c8d22a-e0d7-4685-a07b-af603578fe5f)&#xA;Aug 27 09:53:59.824: INFO: Unable to read wheezy_udp@PodARecord from pod dns-2689/dns-test-16c8d22a-e0d7-4685-a07b-af603578fe5f: the server could not find the requested resource (get pods dns-test-16c8d22a-e0d7-4685-a07b-af603578fe5f)&#xA;Aug 27 09:53:59.841: INFO: Unable to read wheezy_tcp@PodARecord from pod dns-2689/dns-test-16c8d22a-e0d7-4685-a07b-af603578fe5f: the server could not find the requested resource (get pods dns-test-16c8d22a-e0d7-4685-a07b-af603578fe5f)&#xA;Aug 27 09:53:59.860: INFO: Unable to read jessie_udp@dns-test-service.dns-2689.svc.cluster.local from pod dns-2689/dns-test-16c8d22a-e0d7-4685-a07b-af603578fe5f: the server could not find the requested resource (get pods dns-test-16c8d22a-e0d7-4685-a07b-af603578fe5f)&#xA;Aug 27 09:53:59.884: INFO: Unable to read jessie_tcp@dns-test-service.dns-2689.svc.cluster.local from pod dns-2689/dns-test-16c8d22a-e0d7-4685-a07b-af603578fe5f: the server could not find the requested resource (get pods dns-test-16c8d22a-e0d7-4685-a07b-af603578fe5f)&#xA;Aug 27 09:53:59.944: INFO: Unable to read jessie_udp@PodARecord from pod dns-2689/dns-test-16c8d22a-e0d7-4685-a07b-af603578fe5f: the server could not find the requested resource (get pods dns-test-16c8d22a-e0d7-4685-a07b-af603578fe5f)&#xA;Aug 27 09:53:59.950: INFO: Unable to read jessie_tcp@PodARecord from pod dns-2689/dns-test-16c8d22a-e0d7-4685-a07b-af603578fe5f: the server could not find the requested resource (get pods dns-test-16c8d22a-e0d7-4685-a07b-af603578fe5f)&#xA;Aug 27 09:53:59.970: INFO: Lookups using dns-2689/dns-test-16c8d22a-e0d7-4685-a07b-af603578fe5f failed for: [wheezy_udp@dns-test-service.dns-2689.svc.cluster.local wheezy_tcp@dns-test-service.dns-2689.svc.cluster.local wheezy_udp@PodARecord wheezy_tcp@PodARecord jessie_udp@dns-test-service.dns-2689.svc.cluster.local jessie_tcp@dns-test-service.dns-2689.svc.cluster.local jessie_udp@PodARecord jessie_tcp@PodARecord]&#xA;&#xA;Aug 27 09:54:04.647: INFO: Unable to read wheezy_udp@dns-test-service.dns-2689.svc.cluster.local from pod dns-2689/dns-test-16c8d22a-e0d7-4685-a07b-af603578fe5f: the server could not find the requested resource (get pods dns-test-16c8d22a-e0d7-4685-a07b-af603578fe5f)&#xA;Aug 27 09:54:04.653: INFO: Unable to read wheezy_tcp@dns-test-service.dns-2689.svc.cluster.local from pod dns-2689/dns-test-16c8d22a-e0d7-4685-a07b-af603578fe5f: the server could not find the requested resource (get pods dns-test-16c8d22a-e0d7-4685-a07b-af603578fe5f)&#xA;Aug 27 09:54:04.690: INFO: Unable to read wheezy_udp@PodARecord from pod dns-2689/dns-test-16c8d22a-e0d7-4685-a07b-af603578fe5f: the server could not find the requested resource (get pods dns-test-16c8d22a-e0d7-4685-a07b-af603578fe5f)&#xA;Aug 27 09:54:04.712: INFO: Unable to read wheezy_tcp@PodARecord from pod dns-2689/dns-test-16c8d22a-e0d7-4685-a07b-af603578fe5f: the server could not find the requested resource (get pods dns-test-16c8d22a-e0d7-4685-a07b-af603578fe5f)&#xA;Aug 27 09:54:04.748: INFO: Unable to read jessie_udp@dns-test-service.dns-2689.svc.cluster.local from pod dns-2689/dns-test-16c8d22a-e0d7-4685-a07b-af603578fe5f: the server could not find the requested resource (get pods dns-test-16c8d22a-e0d7-4685-a07b-af603578fe5f)&#xA;Aug 27 09:54:04.763: INFO: Unable to read jessie_tcp@dns-test-service.dns-2689.svc.cluster.local from pod dns-2689/dns-test-16c8d22a-e0d7-4685-a07b-af603578fe5f: the server could not find the requested resource (get pods dns-test-16c8d22a-e0d7-4685-a07b-af603578fe5f)&#xA;Aug 27 09:54:04.809: INFO: Unable to read jessie_udp@PodARecord from pod dns-2689/dns-test-16c8d22a-e0d7-4685-a07b-af603578fe5f: the server could not find the requested resource (get pods dns-test-16c8d22a-e0d7-4685-a07b-af603578fe5f)&#xA;Aug 27 09:54:04.816: INFO: Unable to read jessie_tcp@PodARecord from pod dns-2689/dns-test-16c8d22a-e0d7-4685-a07b-af603578fe5f: the server could not find the requested resource (get pods dns-test-16c8d22a-e0d7-4685-a07b-af603578fe5f)&#xA;Aug 27 09:54:04.856: INFO: Lookups using dns-2689/dns-test-16c8d22a-e0d7-4685-a07b-af603578fe5f failed for: [wheezy_udp@dns-test-service.dns-2689.svc.cluster.local wheezy_tcp@dns-test-service.dns-2689.svc.cluster.local wheezy_udp@PodARecord wheezy_tcp@PodARecord jessie_udp@dns-test-service.dns-2689.svc.cluster.local jessie_tcp@dns-test-service.dns-2689.svc.cluster.local jessie_udp@PodARecord jessie_tcp@PodARecord]&#xA;&#xA;Aug 27 09:54:09.629: INFO: Unable to read wheezy_udp@dns-test-service.dns-2689.svc.cluster.local from pod dns-2689/dns-test-16c8d22a-e0d7-4685-a07b-af603578fe5f: the server could not find the requested resource (get pods dns-test-16c8d22a-e0d7-4685-a07b-af603578fe5f)&#xA;Aug 27 09:54:09.637: INFO: Unable to read wheezy_tcp@dns-test-service.dns-2689.svc.cluster.local from pod dns-2689/dns-test-16c8d22a-e0d7-4685-a07b-af603578fe5f: the server could not find the requested resource (get pods dns-test-16c8d22a-e0d7-4685-a07b-af603578fe5f)&#xA;Aug 27 09:54:09.695: INFO: Unable to read wheezy_udp@PodARecord from pod dns-2689/dns-test-16c8d22a-e0d7-4685-a07b-af603578fe5f: the server could not find the requested resource (get pods dns-test-16c8d22a-e0d7-4685-a07b-af603578fe5f)&#xA;Aug 27 09:54:09.702: INFO: Unable to read wheezy_tcp@PodARecord from pod dns-2689/dns-test-16c8d22a-e0d7-4685-a07b-af603578fe5f: the server could not find the requested resource (get pods dns-test-16c8d22a-e0d7-4685-a07b-af603578fe5f)&#xA;Aug 27 09:54:09.744: INFO: Unable to read jessie_udp@dns-test-service.dns-2689.svc.cluster.local from pod dns-2689/dns-test-16c8d22a-e0d7-4685-a07b-af603578fe5f: the server could not find the requested resource (get pods dns-test-16c8d22a-e0d7-4685-a07b-af603578fe5f)&#xA;Aug 27 09:54:09.751: INFO: Unable to read jessie_tcp@dns-test-service.dns-2689.svc.cluster.local from pod dns-2689/dns-test-16c8d22a-e0d7-4685-a07b-af603578fe5f: the server could not find the requested resource (get pods dns-test-16c8d22a-e0d7-4685-a07b-af603578fe5f)&#xA;Aug 27 09:54:09.799: INFO: Unable to read jessie_udp@PodARecord from pod dns-2689/dns-test-16c8d22a-e0d7-4685-a07b-af603578fe5f: the server could not find the requested resource (get pods dns-test-16c8d22a-e0d7-4685-a07b-af603578fe5f)&#xA;Aug 27 09:54:09.804: INFO: Unable to read jessie_tcp@PodARecord from pod dns-2689/dns-test-16c8d22a-e0d7-4685-a07b-af603578fe5f: the server could not find the requested resource (get pods dns-test-16c8d22a-e0d7-4685-a07b-af603578fe5f)&#xA;Aug 27 09:54:09.818: INFO: Lookups using dns-2689/dns-test-16c8d22a-e0d7-4685-a07b-af603578fe5f failed for: [wheezy_udp@dns-test-service.dns-2689.svc.cluster.local wheezy_tcp@dns-test-service.dns-2689.svc.cluster.local wheezy_udp@PodARecord wheezy_tcp@PodARecord jessie_udp@dns-test-service.dns-2689.svc.cluster.local jessie_tcp@dns-test-service.dns-2689.svc.cluster.local jessie_udp@PodARecord jessie_tcp@PodARecord]&#xA;&#xA;Aug 27 09:54:14.635: INFO: Unable to read wheezy_udp@dns-test-service.dns-2689.svc.cluster.local from pod dns-2689/dns-test-16c8d22a-e0d7-4685-a07b-af603578fe5f: the server could not find the requested resource (get pods dns-test-16c8d22a-e0d7-4685-a07b-af603578fe5f)&#xA;Aug 27 09:54:14.651: INFO: Unable to read wheezy_tcp@dns-test-service.dns-2689.svc.cluster.local from pod dns-2689/dns-test-16c8d22a-e0d7-4685-a07b-af603578fe5f: the server could not find the requested resource (get pods dns-test-16c8d22a-e0d7-4685-a07b-af603578fe5f)&#xA;Aug 27 09:54:14.682: INFO: Unable to read wheezy_udp@PodARecord from pod dns-2689/dns-test-16c8d22a-e0d7-4685-a07b-af603578fe5f: the server could not find the requested resource (get pods dns-test-16c8d22a-e0d7-4685-a07b-af603578fe5f)&#xA;Aug 27 09:54:14.699: INFO: Unable to read wheezy_tcp@PodARecord from pod dns-2689/dns-test-16c8d22a-e0d7-4685-a07b-af603578fe5f: the server could not find the requested resource (get pods dns-test-16c8d22a-e0d7-4685-a07b-af603578fe5f)&#xA;Aug 27 09:54:14.748: INFO: Unable to read jessie_udp@dns-test-service.dns-2689.svc.cluster.local from pod dns-2689/dns-test-16c8d22a-e0d7-4685-a07b-af603578fe5f: the server could not find the requested resource (get pods dns-test-16c8d22a-e0d7-4685-a07b-af603578fe5f)&#xA;Aug 27 09:54:14.755: INFO: Unable to read jessie_tcp@dns-test-service.dns-2689.svc.cluster.local from pod dns-2689/dns-test-16c8d22a-e0d7-4685-a07b-af603578fe5f: the server could not find the requested resource (get pods dns-test-16c8d22a-e0d7-4685-a07b-af603578fe5f)&#xA;Aug 27 09:54:14.814: INFO: Unable to read jessie_udp@PodARecord from pod dns-2689/dns-test-16c8d22a-e0d7-4685-a07b-af603578fe5f: the server could not find the requested resource (get pods dns-test-16c8d22a-e0d7-4685-a07b-af603578fe5f)&#xA;Aug 27 09:54:14.829: INFO: Unable to read jessie_tcp@PodARecord from pod dns-2689/dns-test-16c8d22a-e0d7-4685-a07b-af603578fe5f: the server could not find the requested resource (get pods dns-test-16c8d22a-e0d7-4685-a07b-af603578fe5f)&#xA;Aug 27 09:54:14.855: INFO: Lookups using dns-2689/dns-test-16c8d22a-e0d7-4685-a07b-af603578fe5f failed for: [wheezy_udp@dns-test-service.dns-2689.svc.cluster.local wheezy_tcp@dns-test-service.dns-2689.svc.cluster.local wheezy_udp@PodARecord wheezy_tcp@PodARecord jessie_udp@dns-test-service.dns-2689.svc.cluster.local jessie_tcp@dns-test-service.dns-2689.svc.cluster.local jessie_udp@PodARecord jessie_tcp@PodARecord]&#xA;&#xA;Aug 27 09:54:19.633: INFO: Unable to read wheezy_udp@dns-test-service.dns-2689.svc.cluster.local from pod dns-2689/dns-test-16c8d22a-e0d7-4685-a07b-af603578fe5f: the server could not find the requested resource (get pods dns-test-16c8d22a-e0d7-4685-a07b-af603578fe5f)&#xA;Aug 27 09:54:19.669: INFO: Unable to read wheezy_tcp@dns-test-service.dns-2689.svc.cluster.local from pod dns-2689/dns-test-16c8d22a-e0d7-4685-a07b-af603578fe5f: the server could not find the requested resource (get pods dns-test-16c8d22a-e0d7-4685-a07b-af603578fe5f)&#xA;Aug 27 09:54:19.752: INFO: Unable to read wheezy_udp@PodARecord from pod dns-2689/dns-test-16c8d22a-e0d7-4685-a07b-af603578fe5f: the server could not find the requested resource (get pods dns-test-16c8d22a-e0d7-4685-a07b-af603578fe5f)&#xA;Aug 27 09:54:19.773: INFO: Unable to read wheezy_tcp@PodARecord from pod dns-2689/dns-test-16c8d22a-e0d7-4685-a07b-af603578fe5f: the server could not find the requested resource (get pods dns-test-16c8d22a-e0d7-4685-a07b-af603578fe5f)&#xA;Aug 27 09:54:19.790: INFO: Unable to read jessie_udp@dns-test-service.dns-2689.svc.cluster.local from pod dns-2689/dns-test-16c8d22a-e0d7-4685-a07b-af603578fe5f: the server could not find the requested resource (get pods dns-test-16c8d22a-e0d7-4685-a07b-af603578fe5f)&#xA;Aug 27 09:54:19.800: INFO: Unable to read jessie_tcp@dns-test-service.dns-2689.svc.cluster.local from pod dns-2689/dns-test-16c8d22a-e0d7-4685-a07b-af603578fe5f: the server could not find the requested resource (get pods dns-test-16c8d22a-e0d7-4685-a07b-af603578fe5f)&#xA;Aug 27 09:54:19.872: INFO: Unable to read jessie_udp@PodARecord from pod dns-2689/dns-test-16c8d22a-e0d7-4685-a07b-af603578fe5f: the server could not find the requested resource (get pods dns-test-16c8d22a-e0d7-4685-a07b-af603578fe5f)&#xA;Aug 27 09:54:19.903: INFO: Unable to read jessie_tcp@PodARecord from pod dns-2689/dns-test-16c8d22a-e0d7-4685-a07b-af603578fe5f: the server could not find the requested resource (get pods dns-test-16c8d22a-e0d7-4685-a07b-af603578fe5f)&#xA;Aug 27 09:54:19.948: INFO: Lookups using dns-2689/dns-test-16c8d22a-e0d7-4685-a07b-af603578fe5f failed for: [wheezy_udp@dns-test-service.dns-2689.svc.cluster.local wheezy_tcp@dns-test-service.dns-2689.svc.cluster.local wheezy_udp@PodARecord wheezy_tcp@PodARecord jessie_udp@dns-test-service.dns-2689.svc.cluster.local jessie_tcp@dns-test-service.dns-2689.svc.cluster.local jessie_udp@PodARecord jessie_tcp@PodARecord]&#xA;&#xA;Aug 27 09:54:24.619: INFO: Unable to read wheezy_udp@dns-test-service.dns-2689.svc.cluster.local from pod dns-2689/dns-test-16c8d22a-e0d7-4685-a07b-af603578fe5f: the server could not find the requested resource (get pods dns-test-16c8d22a-e0d7-4685-a07b-af603578fe5f)&#xA;Aug 27 09:54:24.623: INFO: Unable to read wheezy_tcp@dns-test-service.dns-2689.svc.cluster.local from pod dns-2689/dns-test-16c8d22a-e0d7-4685-a07b-af603578fe5f: the server could not find the requested resource (get pods dns-test-16c8d22a-e0d7-4685-a07b-af603578fe5f)&#xA;Aug 27 09:54:24.647: INFO: Unable to read wheezy_udp@PodARecord from pod dns-2689/dns-test-16c8d22a-e0d7-4685-a07b-af603578fe5f: the server could not find the requested resource (get pods dns-test-16c8d22a-e0d7-4685-a07b-af603578fe5f)&#xA;Aug 27 09:54:24.655: INFO: Unable to read wheezy_tcp@PodARecord from pod dns-2689/dns-test-16c8d22a-e0d7-4685-a07b-af603578fe5f: the server could not find the requested resource (get pods dns-test-16c8d22a-e0d7-4685-a07b-af603578fe5f)&#xA;Aug 27 09:54:24.670: INFO: Unable to read jessie_udp@dns-test-service.dns-2689.svc.cluster.local from pod dns-2689/dns-test-16c8d22a-e0d7-4685-a07b-af603578fe5f: the server could not find the requested resource (get pods dns-test-16c8d22a-e0d7-4685-a07b-af603578fe5f)&#xA;Aug 27 09:54:24.678: INFO: Unable to read jessie_tcp@dns-test-service.dns-2689.svc.cluster.local from pod dns-2689/dns-test-16c8d22a-e0d7-4685-a07b-af603578fe5f: the server could not find the requested resource (get pods dns-test-16c8d22a-e0d7-4685-a07b-af603578fe5f)&#xA;Aug 27 09:54:24.702: INFO: Unable to read jessie_udp@PodARecord from pod dns-2689/dns-test-16c8d22a-e0d7-4685-a07b-af603578fe5f: the server could not find the requested resource (get pods dns-test-16c8d22a-e0d7-4685-a07b-af603578fe5f)&#xA;Aug 27 09:54:24.708: INFO: Unable to read jessie_tcp@PodARecord from pod dns-2689/dns-test-16c8d22a-e0d7-4685-a07b-af603578fe5f: the server could not find the requested resource (get pods dns-test-16c8d22a-e0d7-4685-a07b-af603578fe5f)&#xA;Aug 27 09:54:24.716: INFO: Lookups using dns-2689/dns-test-16c8d22a-e0d7-4685-a07b-af603578fe5f failed for: [wheezy_udp@dns-test-service.dns-2689.svc.cluster.local wheezy_tcp@dns-test-service.dns-2689.svc.cluster.local wheezy_udp@PodARecord wheezy_tcp@PodARecord jessie_udp@dns-test-service.dns-2689.svc.cluster.local jessie_tcp@dns-test-service.dns-2689.svc.cluster.local jessie_udp@PodARecord jessie_tcp@PodARecord]&#xA;&#xA;Aug 27 09:54:29.632: INFO: Unable to read wheezy_udp@dns-test-service.dns-2689.svc.cluster.local from pod dns-2689/dns-test-16c8d22a-e0d7-4685-a07b-af603578fe5f: the server could not find the requested resource (get pods dns-test-16c8d22a-e0d7-4685-a07b-af603578fe5f)&#xA;Aug 27 09:54:29.640: INFO: Unable to read wheezy_tcp@dns-test-service.dns-2689.svc.cluster.local from pod dns-2689/dns-test-16c8d22a-e0d7-4685-a07b-af603578fe5f: the server could not find the requested resource (get pods dns-test-16c8d22a-e0d7-4685-a07b-af603578fe5f)&#xA;Aug 27 09:54:29.679: INFO: Unable to read wheezy_udp@PodARecord from pod dns-2689/dns-test-16c8d22a-e0d7-4685-a07b-af603578fe5f: the server could not find the requested resource (get pods dns-test-16c8d22a-e0d7-4685-a07b-af603578fe5f)&#xA;Aug 27 09:54:29.716: INFO: Unable to read wheezy_tcp@PodARecord from pod dns-2689/dns-test-16c8d22a-e0d7-4685-a07b-af603578fe5f: the server could not find the requested resource (get pods dns-test-16c8d22a-e0d7-4685-a07b-af603578fe5f)&#xA;Aug 27 09:54:29.743: INFO: Unable to read jessie_udp@dns-test-service.dns-2689.svc.cluster.local from pod dns-2689/dns-test-16c8d22a-e0d7-4685-a07b-af603578fe5f: the server could not find the requested resource (get pods dns-test-16c8d22a-e0d7-4685-a07b-af603578fe5f)&#xA;Aug 27 09:54:29.749: INFO: Unable to read jessie_tcp@dns-test-service.dns-2689.svc.cluster.local from pod dns-2689/dns-test-16c8d22a-e0d7-4685-a07b-af603578fe5f: the server could not find the requested resource (get pods dns-test-16c8d22a-e0d7-4685-a07b-af603578fe5f)&#xA;Aug 27 09:54:29.792: INFO: Unable to read jessie_udp@PodARecord from pod dns-2689/dns-test-16c8d22a-e0d7-4685-a07b-af603578fe5f: the server could not find the requested resource (get pods dns-test-16c8d22a-e0d7-4685-a07b-af603578fe5f)&#xA;Aug 27 09:54:29.804: INFO: Unable to read jessie_tcp@PodARecord from pod dns-2689/dns-test-16c8d22a-e0d7-4685-a07b-af603578fe5f: the server could not find the requested resource (get pods dns-test-16c8d22a-e0d7-4685-a07b-af603578fe5f)&#xA;Aug 27 09:54:29.824: INFO: Lookups using dns-2689/dns-test-16c8d22a-e0d7-4685-a07b-af603578fe5f failed for: [wheezy_udp@dns-test-service.dns-2689.svc.cluster.local wheezy_tcp@dns-test-service.dns-2689.svc.cluster.local wheezy_udp@PodARecord wheezy_tcp@PodARecord jessie_udp@dns-test-service.dns-2689.svc.cluster.local jessie_tcp@dns-test-service.dns-2689.svc.cluster.local jessie_udp@PodARecord jessie_tcp@PodARecord]&#xA;&#xA;Aug 27 09:54:34.639: INFO: Unable to read wheezy_udp@dns-test-service.dns-2689.svc.cluster.local from pod dns-2689/dns-test-16c8d22a-e0d7-4685-a07b-af603578fe5f: the server could not find the requested resource (get pods dns-test-16c8d22a-e0d7-4685-a07b-af603578fe5f)&#xA;Aug 27 09:54:34.653: INFO: Unable to read wheezy_tcp@dns-test-service.dns-2689.svc.cluster.local from pod dns-2689/dns-test-16c8d22a-e0d7-4685-a07b-af603578fe5f: the server could not find the requested resource (get pods dns-test-16c8d22a-e0d7-4685-a07b-af603578fe5f)&#xA;Aug 27 09:54:34.713: INFO: Unable to read wheezy_udp@PodARecord from pod dns-2689/dns-test-16c8d22a-e0d7-4685-a07b-af603578fe5f: the server could not find the requested resource (get pods dns-test-16c8d22a-e0d7-4685-a07b-af603578fe5f)&#xA;Aug 27 09:54:34.720: INFO: Unable to read wheezy_tcp@PodARecord from pod dns-2689/dns-test-16c8d22a-e0d7-4685-a07b-af603578fe5f: the server could not find the requested resource (get pods dns-test-16c8d22a-e0d7-4685-a07b-af603578fe5f)&#xA;Aug 27 09:54:34.747: INFO: Unable to read jessie_udp@dns-test-service.dns-2689.svc.cluster.local from pod dns-2689/dns-test-16c8d22a-e0d7-4685-a07b-af603578fe5f: the server could not find the requested resource (get pods dns-test-16c8d22a-e0d7-4685-a07b-af603578fe5f)&#xA;Aug 27 09:54:34.754: INFO: Unable to read jessie_tcp@dns-test-service.dns-2689.svc.cluster.local from pod dns-2689/dns-test-16c8d22a-e0d7-4685-a07b-af603578fe5f: the server could not find the requested resource (get pods dns-test-16c8d22a-e0d7-4685-a07b-af603578fe5f)&#xA;Aug 27 09:54:34.776: INFO: Unable to read jessie_udp@PodARecord from pod dns-2689/dns-test-16c8d22a-e0d7-4685-a07b-af603578fe5f: the server could not find the requested resource (get pods dns-test-16c8d22a-e0d7-4685-a07b-af603578fe5f)&#xA;Aug 27 09:54:34.781: INFO: Unable to read jessie_tcp@PodARecord from pod dns-2689/dns-test-16c8d22a-e0d7-4685-a07b-af603578fe5f: the server could not find the requested resource (get pods dns-test-16c8d22a-e0d7-4685-a07b-af603578fe5f)&#xA;Aug 27 09:54:34.791: INFO: Lookups using dns-2689/dns-test-16c8d22a-e0d7-4685-a07b-af603578fe5f failed for: [wheezy_udp@dns-test-service.dns-2689.svc.cluster.local wheezy_tcp@dns-test-service.dns-2689.svc.cluster.local wheezy_udp@PodARecord wheezy_tcp@PodARecord jessie_udp@dns-test-service.dns-2689.svc.cluster.local jessie_tcp@dns-test-service.dns-2689.svc.cluster.local jessie_udp@PodARecord jessie_tcp@PodARecord]&#xA;&#xA;Aug 27 09:54:39.635: INFO: Unable to read wheezy_udp@dns-test-service.dns-2689.svc.cluster.local from pod dns-2689/dns-test-16c8d22a-e0d7-4685-a07b-af603578fe5f: the server could not find the requested resource (get pods dns-test-16c8d22a-e0d7-4685-a07b-af603578fe5f)&#xA;Aug 27 09:54:39.641: INFO: Unable to read wheezy_tcp@dns-test-service.dns-2689.svc.cluster.local from pod dns-2689/dns-test-16c8d22a-e0d7-4685-a07b-af603578fe5f: the server could not find the requested resource (get pods dns-test-16c8d22a-e0d7-4685-a07b-af603578fe5f)&#xA;Aug 27 09:54:39.667: INFO: Unable to read wheezy_udp@PodARecord from pod dns-2689/dns-test-16c8d22a-e0d7-4685-a07b-af603578fe5f: the server could not find the requested resource (get pods dns-test-16c8d22a-e0d7-4685-a07b-af603578fe5f)&#xA;Aug 27 09:54:39.681: INFO: Unable to read wheezy_tcp@PodARecord from pod dns-2689/dns-test-16c8d22a-e0d7-4685-a07b-af603578fe5f: the server could not find the requested resource (get pods dns-test-16c8d22a-e0d7-4685-a07b-af603578fe5f)&#xA;Aug 27 09:54:39.706: INFO: Unable to read jessie_udp@dns-test-service.dns-2689.svc.cluster.local from pod dns-2689/dns-test-16c8d22a-e0d7-4685-a07b-af603578fe5f: the server could not find the requested resource (get pods dns-test-16c8d22a-e0d7-4685-a07b-af603578fe5f)&#xA;Aug 27 09:54:39.712: INFO: Unable to read jessie_tcp@dns-test-service.dns-2689.svc.cluster.local from pod dns-2689/dns-test-16c8d22a-e0d7-4685-a07b-af603578fe5f: the server could not find the requested resource (get pods dns-test-16c8d22a-e0d7-4685-a07b-af603578fe5f)&#xA;Aug 27 09:54:39.764: INFO: Unable to read jessie_udp@PodARecord from pod dns-2689/dns-test-16c8d22a-e0d7-4685-a07b-af603578fe5f: the server could not find the requested resource (get pods dns-test-16c8d22a-e0d7-4685-a07b-af603578fe5f)&#xA;Aug 27 09:54:39.768: INFO: Unable to read jessie_tcp@PodARecord from pod dns-2689/dns-test-16c8d22a-e0d7-4685-a07b-af603578fe5f: the server could not find the requested resource (get pods dns-test-16c8d22a-e0d7-4685-a07b-af603578fe5f)&#xA;Aug 27 09:54:39.783: INFO: Lookups using dns-2689/dns-test-16c8d22a-e0d7-4685-a07b-af603578fe5f failed for: [wheezy_udp@dns-test-service.dns-2689.svc.cluster.local wheezy_tcp@dns-test-service.dns-2689.svc.cluster.local wheezy_udp@PodARecord wheezy_tcp@PodARecord jessie_udp@dns-test-service.dns-2689.svc.cluster.local jessie_tcp@dns-test-service.dns-2689.svc.cluster.local jessie_udp@PodARecord jessie_tcp@PodARecord]&#xA;&#xA;Aug 27 09:54:44.639: INFO: Unable to read wheezy_udp@dns-test-service.dns-2689.svc.cluster.local from pod dns-2689/dns-test-16c8d22a-e0d7-4685-a07b-af603578fe5f: the server could not find the requested resource (get pods dns-test-16c8d22a-e0d7-4685-a07b-af603578fe5f)&#xA;Aug 27 09:54:44.657: INFO: Unable to read wheezy_tcp@dns-test-service.dns-2689.svc.cluster.local from pod dns-2689/dns-test-16c8d22a-e0d7-4685-a07b-af603578fe5f: the server could not find the requested resource (get pods dns-test-16c8d22a-e0d7-4685-a07b-af603578fe5f)&#xA;Aug 27 09:54:44.731: INFO: Unable to read wheezy_udp@PodARecord from pod dns-2689/dns-test-16c8d22a-e0d7-4685-a07b-af603578fe5f: the server could not find the requested resource (get pods dns-test-16c8d22a-e0d7-4685-a07b-af603578fe5f)&#xA;Aug 27 09:54:44.740: INFO: Unable to read wheezy_tcp@PodARecord from pod dns-2689/dns-test-16c8d22a-e0d7-4685-a07b-af603578fe5f: the server could not find the requested resource (get pods dns-test-16c8d22a-e0d7-4685-a07b-af603578fe5f)&#xA;Aug 27 09:54:44.760: INFO: Unable to read jessie_udp@dns-test-service.dns-2689.svc.cluster.local from pod dns-2689/dns-test-16c8d22a-e0d7-4685-a07b-af603578fe5f: the server could not find the requested resource (get pods dns-test-16c8d22a-e0d7-4685-a07b-af603578fe5f)&#xA;Aug 27 09:54:44.767: INFO: Unable to read jessie_tcp@dns-test-service.dns-2689.svc.cluster.local from pod dns-2689/dns-test-16c8d22a-e0d7-4685-a07b-af603578fe5f: the server could not find the requested resource (get pods dns-test-16c8d22a-e0d7-4685-a07b-af603578fe5f)&#xA;Aug 27 09:54:44.799: INFO: Unable to read jessie_udp@PodARecord from pod dns-2689/dns-test-16c8d22a-e0d7-4685-a07b-af603578fe5f: the server could not find the requested resource (get pods dns-test-16c8d22a-e0d7-4685-a07b-af603578fe5f)&#xA;Aug 27 09:54:44.808: INFO: Unable to read jessie_tcp@PodARecord from pod dns-2689/dns-test-16c8d22a-e0d7-4685-a07b-af603578fe5f: the server could not find the requested resource (get pods dns-test-16c8d22a-e0d7-4685-a07b-af603578fe5f)&#xA;Aug 27 09:54:44.820: INFO: Lookups using dns-2689/dns-test-16c8d22a-e0d7-4685-a07b-af603578fe5f failed for: [wheezy_udp@dns-test-service.dns-2689.svc.cluster.local wheezy_tcp@dns-test-service.dns-2689.svc.cluster.local wheezy_udp@PodARecord wheezy_tcp@PodARecord jessie_udp@dns-test-service.dns-2689.svc.cluster.local jessie_tcp@dns-test-service.dns-2689.svc.cluster.local jessie_udp@PodARecord jessie_tcp@PodARecord]&#xA;&#xA;Aug 27 09:54:49.626: INFO: Unable to read wheezy_udp@dns-test-service.dns-2689.svc.cluster.local from pod dns-2689/dns-test-16c8d22a-e0d7-4685-a07b-af603578fe5f: the server could not find the requested resource (get pods dns-test-16c8d22a-e0d7-4685-a07b-af603578fe5f)&#xA;Aug 27 09:54:49.634: INFO: Unable to read wheezy_tcp@dns-test-service.dns-2689.svc.cluster.local from pod dns-2689/dns-test-16c8d22a-e0d7-4685-a07b-af603578fe5f: the server could not find the requested resource (get pods dns-test-16c8d22a-e0d7-4685-a07b-af603578fe5f)&#xA;Aug 27 09:54:49.668: INFO: Unable to read wheezy_udp@PodARecord from pod dns-2689/dns-test-16c8d22a-e0d7-4685-a07b-af603578fe5f: the server could not find the requested resource (get pods dns-test-16c8d22a-e0d7-4685-a07b-af603578fe5f)&#xA;Aug 27 09:54:49.676: INFO: Unable to read wheezy_tcp@PodARecord from pod dns-2689/dns-test-16c8d22a-e0d7-4685-a07b-af603578fe5f: the server could not find the requested resource (get pods dns-test-16c8d22a-e0d7-4685-a07b-af603578fe5f)&#xA;Aug 27 09:54:49.746: INFO: Unable to read jessie_udp@dns-test-service.dns-2689.svc.cluster.local from pod dns-2689/dns-test-16c8d22a-e0d7-4685-a07b-af603578fe5f: the server could not find the requested resource (get pods dns-test-16c8d22a-e0d7-4685-a07b-af603578fe5f)&#xA;Aug 27 09:54:49.762: INFO: Unable to read jessie_tcp@dns-test-service.dns-2689.svc.cluster.local from pod dns-2689/dns-test-16c8d22a-e0d7-4685-a07b-af603578fe5f: the server could not find the requested resource (get pods dns-test-16c8d22a-e0d7-4685-a07b-af603578fe5f)&#xA;Aug 27 09:54:49.806: INFO: Unable to read jessie_udp@PodARecord from pod dns-2689/dns-test-16c8d22a-e0d7-4685-a07b-af603578fe5f: the server could not find the requested resource (get pods dns-test-16c8d22a-e0d7-4685-a07b-af603578fe5f)&#xA;Aug 27 09:54:49.815: INFO: Unable to read jessie_tcp@PodARecord from pod dns-2689/dns-test-16c8d22a-e0d7-4685-a07b-af603578fe5f: the server could not find the requested resource (get pods dns-test-16c8d22a-e0d7-4685-a07b-af603578fe5f)&#xA;Aug 27 09:54:49.826: INFO: Lookups using dns-2689/dns-test-16c8d22a-e0d7-4685-a07b-af603578fe5f failed for: [wheezy_udp@dns-test-service.dns-2689.svc.cluster.local wheezy_tcp@dns-test-service.dns-2689.svc.cluster.local wheezy_udp@PodARecord wheezy_tcp@PodARecord jessie_udp@dns-test-service.dns-2689.svc.cluster.local jessie_tcp@dns-test-service.dns-2689.svc.cluster.local jessie_udp@PodARecord jessie_tcp@PodARecord]&#xA;&#xA;Aug 27 09:54:54.631: INFO: Unable to read wheezy_udp@dns-test-service.dns-2689.svc.cluster.local from pod dns-2689/dns-test-16c8d22a-e0d7-4685-a07b-af603578fe5f: the server could not find the requested resource (get pods dns-test-16c8d22a-e0d7-4685-a07b-af603578fe5f)&#xA;Aug 27 09:54:54.641: INFO: Unable to read wheezy_tcp@dns-test-service.dns-2689.svc.cluster.local from pod dns-2689/dns-test-16c8d22a-e0d7-4685-a07b-af603578fe5f: the server could not find the requested resource (get pods dns-test-16c8d22a-e0d7-4685-a07b-af603578fe5f)&#xA;Aug 27 09:54:54.678: INFO: Unable to read wheezy_udp@PodARecord from pod dns-2689/dns-test-16c8d22a-e0d7-4685-a07b-af603578fe5f: the server could not find the requested resource (get pods dns-test-16c8d22a-e0d7-4685-a07b-af603578fe5f)&#xA;Aug 27 09:54:54.685: INFO: Unable to read wheezy_tcp@PodARecord from pod dns-2689/dns-test-16c8d22a-e0d7-4685-a07b-af603578fe5f: the server could not find the requested resource (get pods dns-test-16c8d22a-e0d7-4685-a07b-af603578fe5f)&#xA;Aug 27 09:54:54.704: INFO: Unable to read jessie_udp@dns-test-service.dns-2689.svc.cluster.local from pod dns-2689/dns-test-16c8d22a-e0d7-4685-a07b-af603578fe5f: the server could not find the requested resource (get pods dns-test-16c8d22a-e0d7-4685-a07b-af603578fe5f)&#xA;Aug 27 09:54:54.712: INFO: Unable to read jessie_tcp@dns-test-service.dns-2689.svc.cluster.local from pod dns-2689/dns-test-16c8d22a-e0d7-4685-a07b-af603578fe5f: the server could not find the requested resource (get pods dns-test-16c8d22a-e0d7-4685-a07b-af603578fe5f)&#xA;Aug 27 09:54:54.757: INFO: Unable to read jessie_udp@PodARecord from pod dns-2689/dns-test-16c8d22a-e0d7-4685-a07b-af603578fe5f: the server could not find the requested resource (get pods dns-test-16c8d22a-e0d7-4685-a07b-af603578fe5f)&#xA;Aug 27 09:54:54.775: INFO: Unable to read jessie_tcp@PodARecord from pod dns-2689/dns-test-16c8d22a-e0d7-4685-a07b-af603578fe5f: the server could not find the requested resource (get pods dns-test-16c8d22a-e0d7-4685-a07b-af603578fe5f)&#xA;Aug 27 09:54:54.785: INFO: Lookups using dns-2689/dns-test-16c8d22a-e0d7-4685-a07b-af603578fe5f failed for: [wheezy_udp@dns-test-service.dns-2689.svc.cluster.local wheezy_tcp@dns-test-service.dns-2689.svc.cluster.local wheezy_udp@PodARecord wheezy_tcp@PodARecord jessie_udp@dns-test-service.dns-2689.svc.cluster.local jessie_tcp@dns-test-service.dns-2689.svc.cluster.local jessie_udp@PodARecord jessie_tcp@PodARecord]&#xA;&#xA;Aug 27 09:54:59.622: INFO: Unable to read wheezy_udp@dns-test-service.dns-2689.svc.cluster.local from pod dns-2689/dns-test-16c8d22a-e0d7-4685-a07b-af603578fe5f: the server could not find the requested resource (get pods dns-test-16c8d22a-e0d7-4685-a07b-af603578fe5f)&#xA;Aug 27 09:54:59.647: INFO: Unable to read wheezy_tcp@dns-test-service.dns-2689.svc.cluster.local from pod dns-2689/dns-test-16c8d22a-e0d7-4685-a07b-af603578fe5f: the server could not find the requested resource (get pods dns-test-16c8d22a-e0d7-4685-a07b-af603578fe5f)&#xA;Aug 27 09:54:59.707: INFO: Unable to read wheezy_udp@PodARecord from pod dns-2689/dns-test-16c8d22a-e0d7-4685-a07b-af603578fe5f: the server could not find the requested resource (get pods dns-test-16c8d22a-e0d7-4685-a07b-af603578fe5f)&#xA;Aug 27 09:54:59.716: INFO: Unable to read wheezy_tcp@PodARecord from pod dns-2689/dns-test-16c8d22a-e0d7-4685-a07b-af603578fe5f: the server could not find the requested resource (get pods dns-test-16c8d22a-e0d7-4685-a07b-af603578fe5f)&#xA;Aug 27 09:54:59.765: INFO: Unable to read jessie_udp@dns-test-service.dns-2689.svc.cluster.local from pod dns-2689/dns-test-16c8d22a-e0d7-4685-a07b-af603578fe5f: the server could not find the requested resource (get pods dns-test-16c8d22a-e0d7-4685-a07b-af603578fe5f)&#xA;Aug 27 09:54:59.773: INFO: Unable to read jessie_tcp@dns-test-service.dns-2689.svc.cluster.local from pod dns-2689/dns-test-16c8d22a-e0d7-4685-a07b-af603578fe5f: the server could not find the requested resource (get pods dns-test-16c8d22a-e0d7-4685-a07b-af603578fe5f)&#xA;Aug 27 09:54:59.799: INFO: Unable to read jessie_udp@PodARecord from pod dns-2689/dns-test-16c8d22a-e0d7-4685-a07b-af603578fe5f: the server could not find the requested resource (get pods dns-test-16c8d22a-e0d7-4685-a07b-af603578fe5f)&#xA;Aug 27 09:54:59.807: INFO: Unable to read jessie_tcp@PodARecord from pod dns-2689/dns-test-16c8d22a-e0d7-4685-a07b-af603578fe5f: the server could not find the requested resource (get pods dns-test-16c8d22a-e0d7-4685-a07b-af603578fe5f)&#xA;Aug 27 09:54:59.820: INFO: Lookups using dns-2689/dns-test-16c8d22a-e0d7-4685-a07b-af603578fe5f failed for: [wheezy_udp@dns-test-service.dns-2689.svc.cluster.local wheezy_tcp@dns-test-service.dns-2689.svc.cluster.local wheezy_udp@PodARecord wheezy_tcp@PodARecord jessie_udp@dns-test-service.dns-2689.svc.cluster.local jessie_tcp@dns-test-service.dns-2689.svc.cluster.local jessie_udp@PodARecord jessie_tcp@PodARecord]&#xA;&#xA;Aug 27 09:55:04.618: INFO: Unable to read wheezy_udp@dns-test-service.dns-2689.svc.cluster.local from pod dns-2689/dns-test-16c8d22a-e0d7-4685-a07b-af603578fe5f: the server could not find the requested resource (get pods dns-test-16c8d22a-e0d7-4685-a07b-af603578fe5f)&#xA;Aug 27 09:55:04.626: INFO: Unable to read wheezy_tcp@dns-test-service.dns-2689.svc.cluster.local from pod dns-2689/dns-test-16c8d22a-e0d7-4685-a07b-af603578fe5f: the server could not find the requested resource (get pods dns-test-16c8d22a-e0d7-4685-a07b-af603578fe5f)&#xA;Aug 27 09:55:04.652: INFO: Unable to read wheezy_udp@PodARecord from pod dns-2689/dns-test-16c8d22a-e0d7-4685-a07b-af603578fe5f: the server could not find the requested resource (get pods dns-test-16c8d22a-e0d7-4685-a07b-af603578fe5f)&#xA;Aug 27 09:55:04.658: INFO: Unable to read wheezy_tcp@PodARecord from pod dns-2689/dns-test-16c8d22a-e0d7-4685-a07b-af603578fe5f: the server could not find the requested resource (get pods dns-test-16c8d22a-e0d7-4685-a07b-af603578fe5f)&#xA;Aug 27 09:55:04.672: INFO: Unable to read jessie_udp@dns-test-service.dns-2689.svc.cluster.local from pod dns-2689/dns-test-16c8d22a-e0d7-4685-a07b-af603578fe5f: the server could not find the requested resource (get pods dns-test-16c8d22a-e0d7-4685-a07b-af603578fe5f)&#xA;Aug 27 09:55:04.684: INFO: Unable to read jessie_tcp@dns-test-service.dns-2689.svc.cluster.local from pod dns-2689/dns-test-16c8d22a-e0d7-4685-a07b-af603578fe5f: the server could not find the requested resource (get pods dns-test-16c8d22a-e0d7-4685-a07b-af603578fe5f)&#xA;Aug 27 09:55:04.726: INFO: Unable to read jessie_udp@PodARecord from pod dns-2689/dns-test-16c8d22a-e0d7-4685-a07b-af603578fe5f: the server could not find the requested resource (get pods dns-test-16c8d22a-e0d7-4685-a07b-af603578fe5f)&#xA;Aug 27 09:55:04.735: INFO: Unable to read jessie_tcp@PodARecord from pod dns-2689/dns-test-16c8d22a-e0d7-4685-a07b-af603578fe5f: the server could not find the requested resource (get pods dns-test-16c8d22a-e0d7-4685-a07b-af603578fe5f)&#xA;Aug 27 09:55:04.752: INFO: Lookups using dns-2689/dns-test-16c8d22a-e0d7-4685-a07b-af603578fe5f failed for: [wheezy_udp@dns-test-service.dns-2689.svc.cluster.local wheezy_tcp@dns-test-service.dns-2689.svc.cluster.local wheezy_udp@PodARecord wheezy_tcp@PodARecord jessie_udp@dns-test-service.dns-2689.svc.cluster.local jessie_tcp@dns-test-service.dns-2689.svc.cluster.local jessie_udp@PodARecord jessie_tcp@PodARecord]&#xA;&#xA;Aug 27 09:55:09.623: INFO: Unable to read wheezy_udp@dns-test-service.dns-2689.svc.cluster.local from pod dns-2689/dns-test-16c8d22a-e0d7-4685-a07b-af603578fe5f: the server could not find the requested resource (get pods dns-test-16c8d22a-e0d7-4685-a07b-af603578fe5f)&#xA;Aug 27 09:55:09.632: INFO: Unable to read wheezy_tcp@dns-test-service.dns-2689.svc.cluster.local from pod dns-2689/dns-test-16c8d22a-e0d7-4685-a07b-af603578fe5f: the server could not find the requested resource (get pods dns-test-16c8d22a-e0d7-4685-a07b-af603578fe5f)&#xA;Aug 27 09:55:09.708: INFO: Unable to read wheezy_udp@PodARecord from pod dns-2689/dns-test-16c8d22a-e0d7-4685-a07b-af603578fe5f: the server could not find the requested resource (get pods dns-test-16c8d22a-e0d7-4685-a07b-af603578fe5f)&#xA;Aug 27 09:55:09.716: INFO: Unable to read wheezy_tcp@PodARecord from pod dns-2689/dns-test-16c8d22a-e0d7-4685-a07b-af603578fe5f: the server could not find the requested resource (get pods dns-test-16c8d22a-e0d7-4685-a07b-af603578fe5f)&#xA;Aug 27 09:55:09.748: INFO: Unable to read jessie_udp@dns-test-service.dns-2689.svc.cluster.local from pod dns-2689/dns-test-16c8d22a-e0d7-4685-a07b-af603578fe5f: the server could not find the requested resource (get pods dns-test-16c8d22a-e0d7-4685-a07b-af603578fe5f)&#xA;Aug 27 09:55:09.754: INFO: Unable to read jessie_tcp@dns-test-service.dns-2689.svc.cluster.local from pod dns-2689/dns-test-16c8d22a-e0d7-4685-a07b-af603578fe5f: the server could not find the requested resource (get pods dns-test-16c8d22a-e0d7-4685-a07b-af603578fe5f)&#xA;Aug 27 09:55:09.802: INFO: Unable to read jessie_udp@PodARecord from pod dns-2689/dns-test-16c8d22a-e0d7-4685-a07b-af603578fe5f: the server could not find the requested resource (get pods dns-test-16c8d22a-e0d7-4685-a07b-af603578fe5f)&#xA;Aug 27 09:55:09.806: INFO: Unable to read jessie_tcp@PodARecord from pod dns-2689/dns-test-16c8d22a-e0d7-4685-a07b-af603578fe5f: the server could not find the requested resource (get pods dns-test-16c8d22a-e0d7-4685-a07b-af603578fe5f)&#xA;Aug 27 09:55:09.831: INFO: Lookups using dns-2689/dns-test-16c8d22a-e0d7-4685-a07b-af603578fe5f failed for: [wheezy_udp@dns-test-service.dns-2689.svc.cluster.local wheezy_tcp@dns-test-service.dns-2689.svc.cluster.local wheezy_udp@PodARecord wheezy_tcp@PodARecord jessie_udp@dns-test-service.dns-2689.svc.cluster.local jessie_tcp@dns-test-service.dns-2689.svc.cluster.local jessie_udp@PodARecord jessie_tcp@PodARecord]&#xA;&#xA;Aug 27 09:55:14.671: INFO: Unable to read wheezy_udp@dns-test-service.dns-2689.svc.cluster.local from pod dns-2689/dns-test-16c8d22a-e0d7-4685-a07b-af603578fe5f: the server could not find the requested resource (get pods dns-test-16c8d22a-e0d7-4685-a07b-af603578fe5f)&#xA;Aug 27 09:55:14.695: INFO: Unable to read wheezy_tcp@dns-test-service.dns-2689.svc.cluster.local from pod dns-2689/dns-test-16c8d22a-e0d7-4685-a07b-af603578fe5f: the server could not find the requested resource (get pods dns-test-16c8d22a-e0d7-4685-a07b-af603578fe5f)&#xA;Aug 27 09:55:14.790: INFO: Unable to read wheezy_udp@PodARecord from pod dns-2689/dns-test-16c8d22a-e0d7-4685-a07b-af603578fe5f: the server could not find the requested resource (get pods dns-test-16c8d22a-e0d7-4685-a07b-af603578fe5f)&#xA;Aug 27 09:55:14.801: INFO: Unable to read wheezy_tcp@PodARecord from pod dns-2689/dns-test-16c8d22a-e0d7-4685-a07b-af603578fe5f: the server could not find the requested resource (get pods dns-test-16c8d22a-e0d7-4685-a07b-af603578fe5f)&#xA;Aug 27 09:55:14.840: INFO: Unable to read jessie_udp@dns-test-service.dns-2689.svc.cluster.local from pod dns-2689/dns-test-16c8d22a-e0d7-4685-a07b-af603578fe5f: the server could not find the requested resource (get pods dns-test-16c8d22a-e0d7-4685-a07b-af603578fe5f)&#xA;Aug 27 09:55:14.845: INFO: Unable to read jessie_tcp@dns-test-service.dns-2689.svc.cluster.local from pod dns-2689/dns-test-16c8d22a-e0d7-4685-a07b-af603578fe5f: the server could not find the requested resource (get pods dns-test-16c8d22a-e0d7-4685-a07b-af603578fe5f)&#xA;Aug 27 09:55:14.907: INFO: Unable to read jessie_udp@PodARecord from pod dns-2689/dns-test-16c8d22a-e0d7-4685-a07b-af603578fe5f: the server could not find the requested resource (get pods dns-test-16c8d22a-e0d7-4685-a07b-af603578fe5f)&#xA;Aug 27 09:55:14.919: INFO: Unable to read jessie_tcp@PodARecord from pod dns-2689/dns-test-16c8d22a-e0d7-4685-a07b-af603578fe5f: the server could not find the requested resource (get pods dns-test-16c8d22a-e0d7-4685-a07b-af603578fe5f)&#xA;Aug 27 09:55:14.929: INFO: Lookups using dns-2689/dns-test-16c8d22a-e0d7-4685-a07b-af603578fe5f failed for: [wheezy_udp@dns-test-service.dns-2689.svc.cluster.local wheezy_tcp@dns-test-service.dns-2689.svc.cluster.local wheezy_udp@PodARecord wheezy_tcp@PodARecord jessie_udp@dns-test-service.dns-2689.svc.cluster.local jessie_tcp@dns-test-service.dns-2689.svc.cluster.local jessie_udp@PodARecord jessie_tcp@PodARecord]&#xA;&#xA;Aug 27 09:55:19.623: INFO: Unable to read wheezy_udp@dns-test-service.dns-2689.svc.cluster.local from pod dns-2689/dns-test-16c8d22a-e0d7-4685-a07b-af603578fe5f: the server could not find the requested resource (get pods dns-test-16c8d22a-e0d7-4685-a07b-af603578fe5f)&#xA;Aug 27 09:55:19.632: INFO: Unable to read wheezy_tcp@dns-test-service.dns-2689.svc.cluster.local from pod dns-2689/dns-test-16c8d22a-e0d7-4685-a07b-af603578fe5f: the server could not find the requested resource (get pods dns-test-16c8d22a-e0d7-4685-a07b-af603578fe5f)&#xA;Aug 27 09:55:19.682: INFO: Unable to read wheezy_udp@PodARecord from pod dns-2689/dns-test-16c8d22a-e0d7-4685-a07b-af603578fe5f: the server could not find the requested resource (get pods dns-test-16c8d22a-e0d7-4685-a07b-af603578fe5f)&#xA;Aug 27 09:55:19.691: INFO: Unable to read wheezy_tcp@PodARecord from pod dns-2689/dns-test-16c8d22a-e0d7-4685-a07b-af603578fe5f: the server could not find the requested resource (get pods dns-test-16c8d22a-e0d7-4685-a07b-af603578fe5f)&#xA;Aug 27 09:55:19.709: INFO: Unable to read jessie_udp@dns-test-service.dns-2689.svc.cluster.local from pod dns-2689/dns-test-16c8d22a-e0d7-4685-a07b-af603578fe5f: the server could not find the requested resource (get pods dns-test-16c8d22a-e0d7-4685-a07b-af603578fe5f)&#xA;Aug 27 09:55:19.717: INFO: Unable to read jessie_tcp@dns-test-service.dns-2689.svc.cluster.local from pod dns-2689/dns-test-16c8d22a-e0d7-4685-a07b-af603578fe5f: the server could not find the requested resource (get pods dns-test-16c8d22a-e0d7-4685-a07b-af603578fe5f)&#xA;Aug 27 09:55:19.741: INFO: Unable to read jessie_udp@PodARecord from pod dns-2689/dns-test-16c8d22a-e0d7-4685-a07b-af603578fe5f: the server could not find the requested resource (get pods dns-test-16c8d22a-e0d7-4685-a07b-af603578fe5f)&#xA;Aug 27 09:55:19.749: INFO: Unable to read jessie_tcp@PodARecord from pod dns-2689/dns-test-16c8d22a-e0d7-4685-a07b-af603578fe5f: the server could not find the requested resource (get pods dns-test-16c8d22a-e0d7-4685-a07b-af603578fe5f)&#xA;Aug 27 09:55:19.762: INFO: Lookups using dns-2689/dns-test-16c8d22a-e0d7-4685-a07b-af603578fe5f failed for: [wheezy_udp@dns-test-service.dns-2689.svc.cluster.local wheezy_tcp@dns-test-service.dns-2689.svc.cluster.local wheezy_udp@PodARecord wheezy_tcp@PodARecord jessie_udp@dns-test-service.dns-2689.svc.cluster.local jessie_tcp@dns-test-service.dns-2689.svc.cluster.local jessie_udp@PodARecord jessie_tcp@PodARecord]&#xA;&#xA;Aug 27 09:55:24.624: INFO: Unable to read wheezy_udp@dns-test-service.dns-2689.svc.cluster.local from pod dns-2689/dns-test-16c8d22a-e0d7-4685-a07b-af603578fe5f: the server could not find the requested resource (get pods dns-test-16c8d22a-e0d7-4685-a07b-af603578fe5f)&#xA;Aug 27 09:55:24.674: INFO: Unable to read wheezy_tcp@dns-test-service.dns-2689.svc.cluster.local from pod dns-2689/dns-test-16c8d22a-e0d7-4685-a07b-af603578fe5f: the server could not find the requested resource (get pods dns-test-16c8d22a-e0d7-4685-a07b-af603578fe5f)&#xA;Aug 27 09:55:24.722: INFO: Unable to read wheezy_udp@PodARecord from pod dns-2689/dns-test-16c8d22a-e0d7-4685-a07b-af603578fe5f: the server could not find the requested resource (get pods dns-test-16c8d22a-e0d7-4685-a07b-af603578fe5f)&#xA;Aug 27 09:55:24.734: INFO: Unable to read wheezy_tcp@PodARecord from pod dns-2689/dns-test-16c8d22a-e0d7-4685-a07b-af603578fe5f: the server could not find the requested resource (get pods dns-test-16c8d22a-e0d7-4685-a07b-af603578fe5f)&#xA;Aug 27 09:55:24.754: INFO: Unable to read jessie_udp@dns-test-service.dns-2689.svc.cluster.local from pod dns-2689/dns-test-16c8d22a-e0d7-4685-a07b-af603578fe5f: the server could not find the requested resource (get pods dns-test-16c8d22a-e0d7-4685-a07b-af603578fe5f)&#xA;Aug 27 09:55:24.761: INFO: Unable to read jessie_tcp@dns-test-service.dns-2689.svc.cluster.local from pod dns-2689/dns-test-16c8d22a-e0d7-4685-a07b-af603578fe5f: the server could not find the requested resource (get pods dns-test-16c8d22a-e0d7-4685-a07b-af603578fe5f)&#xA;Aug 27 09:55:24.802: INFO: Unable to read jessie_udp@PodARecord from pod dns-2689/dns-test-16c8d22a-e0d7-4685-a07b-af603578fe5f: the server could not find the requested resource (get pods dns-test-16c8d22a-e0d7-4685-a07b-af603578fe5f)&#xA;Aug 27 09:55:24.807: INFO: Unable to read jessie_tcp@PodARecord from pod dns-2689/dns-test-16c8d22a-e0d7-4685-a07b-af603578fe5f: the server could not find the requested resource (get pods dns-test-16c8d22a-e0d7-4685-a07b-af603578fe5f)&#xA;Aug 27 09:55:24.817: INFO: Lookups using dns-2689/dns-test-16c8d22a-e0d7-4685-a07b-af603578fe5f failed for: [wheezy_udp@dns-test-service.dns-2689.svc.cluster.local wheezy_tcp@dns-test-service.dns-2689.svc.cluster.local wheezy_udp@PodARecord wheezy_tcp@PodARecord jessie_udp@dns-test-service.dns-2689.svc.cluster.local jessie_tcp@dns-test-service.dns-2689.svc.cluster.local jessie_udp@PodARecord jessie_tcp@PodARecord]&#xA;&#xA;Aug 27 09:55:29.625: INFO: Unable to read wheezy_udp@dns-test-service.dns-2689.svc.cluster.local from pod dns-2689/dns-test-16c8d22a-e0d7-4685-a07b-af603578fe5f: the server could not find the requested resource (get pods dns-test-16c8d22a-e0d7-4685-a07b-af603578fe5f)&#xA;Aug 27 09:55:29.637: INFO: Unable to read wheezy_tcp@dns-test-service.dns-2689.svc.cluster.local from pod dns-2689/dns-test-16c8d22a-e0d7-4685-a07b-af603578fe5f: the server could not find the requested resource (get pods dns-test-16c8d22a-e0d7-4685-a07b-af603578fe5f)&#xA;Aug 27 09:55:29.671: INFO: Unable to read wheezy_udp@PodARecord from pod dns-2689/dns-test-16c8d22a-e0d7-4685-a07b-af603578fe5f: the server could not find the requested resource (get pods dns-test-16c8d22a-e0d7-4685-a07b-af603578fe5f)&#xA;Aug 27 09:55:29.674: INFO: Unable to read wheezy_tcp@PodARecord from pod dns-2689/dns-test-16c8d22a-e0d7-4685-a07b-af603578fe5f: the server could not find the requested resource (get pods dns-test-16c8d22a-e0d7-4685-a07b-af603578fe5f)&#xA;Aug 27 09:55:29.686: INFO: Unable to read jessie_udp@dns-test-service.dns-2689.svc.cluster.local from pod dns-2689/dns-test-16c8d22a-e0d7-4685-a07b-af603578fe5f: the server could not find the requested resource (get pods dns-test-16c8d22a-e0d7-4685-a07b-af603578fe5f)&#xA;Aug 27 09:55:29.691: INFO: Unable to read jessie_tcp@dns-test-service.dns-2689.svc.cluster.local from pod dns-2689/dns-test-16c8d22a-e0d7-4685-a07b-af603578fe5f: the server could not find the requested resource (get pods dns-test-16c8d22a-e0d7-4685-a07b-af603578fe5f)&#xA;Aug 27 09:55:29.729: INFO: Unable to read jessie_udp@PodARecord from pod dns-2689/dns-test-16c8d22a-e0d7-4685-a07b-af603578fe5f: the server could not find the requested resource (get pods dns-test-16c8d22a-e0d7-4685-a07b-af603578fe5f)&#xA;Aug 27 09:55:29.736: INFO: Unable to read jessie_tcp@PodARecord from pod dns-2689/dns-test-16c8d22a-e0d7-4685-a07b-af603578fe5f: the server could not find the requested resource (get pods dns-test-16c8d22a-e0d7-4685-a07b-af603578fe5f)&#xA;Aug 27 09:55:29.745: INFO: Lookups using dns-2689/dns-test-16c8d22a-e0d7-4685-a07b-af603578fe5f failed for: [wheezy_udp@dns-test-service.dns-2689.svc.cluster.local wheezy_tcp@dns-test-service.dns-2689.svc.cluster.local wheezy_udp@PodARecord wheezy_tcp@PodARecord jessie_udp@dns-test-service.dns-2689.svc.cluster.local jessie_tcp@dns-test-service.dns-2689.svc.cluster.local jessie_udp@PodARecord jessie_tcp@PodARecord]&#xA;&#xA;Aug 27 09:55:34.623: INFO: Unable to read wheezy_udp@dns-test-service.dns-2689.svc.cluster.local from pod dns-2689/dns-test-16c8d22a-e0d7-4685-a07b-af603578fe5f: the server could not find the requested resource (get pods dns-test-16c8d22a-e0d7-4685-a07b-af603578fe5f)&#xA;Aug 27 09:55:34.633: INFO: Unable to read wheezy_tcp@dns-test-service.dns-2689.svc.cluster.local from pod dns-2689/dns-test-16c8d22a-e0d7-4685-a07b-af603578fe5f: the server could not find the requested resource (get pods dns-test-16c8d22a-e0d7-4685-a07b-af603578fe5f)&#xA;Aug 27 09:55:34.668: INFO: Unable to read wheezy_udp@PodARecord from pod dns-2689/dns-test-16c8d22a-e0d7-4685-a07b-af603578fe5f: the server could not find the requested resource (get pods dns-test-16c8d22a-e0d7-4685-a07b-af603578fe5f)&#xA;Aug 27 09:55:34.686: INFO: Unable to read wheezy_tcp@PodARecord from pod dns-2689/dns-test-16c8d22a-e0d7-4685-a07b-af603578fe5f: the server could not find the requested resource (get pods dns-test-16c8d22a-e0d7-4685-a07b-af603578fe5f)&#xA;Aug 27 09:55:34.707: INFO: Unable to read jessie_udp@dns-test-service.dns-2689.svc.cluster.local from pod dns-2689/dns-test-16c8d22a-e0d7-4685-a07b-af603578fe5f: the server could not find the requested resource (get pods dns-test-16c8d22a-e0d7-4685-a07b-af603578fe5f)&#xA;Aug 27 09:55:34.716: INFO: Unable to read jessie_tcp@dns-test-service.dns-2689.svc.cluster.local from pod dns-2689/dns-test-16c8d22a-e0d7-4685-a07b-af603578fe5f: the server could not find the requested resource (get pods dns-test-16c8d22a-e0d7-4685-a07b-af603578fe5f)&#xA;Aug 27 09:55:34.749: INFO: Unable to read jessie_udp@PodARecord from pod dns-2689/dns-test-16c8d22a-e0d7-4685-a07b-af603578fe5f: the server could not find the requested resource (get pods dns-test-16c8d22a-e0d7-4685-a07b-af603578fe5f)&#xA;Aug 27 09:55:34.757: INFO: Unable to read jessie_tcp@PodARecord from pod dns-2689/dns-test-16c8d22a-e0d7-4685-a07b-af603578fe5f: the server could not find the requested resource (get pods dns-test-16c8d22a-e0d7-4685-a07b-af603578fe5f)&#xA;Aug 27 09:55:34.771: INFO: Lookups using dns-2689/dns-test-16c8d22a-e0d7-4685-a07b-af603578fe5f failed for: [wheezy_udp@dns-test-service.dns-2689.svc.cluster.local wheezy_tcp@dns-test-service.dns-2689.svc.cluster.local wheezy_udp@PodARecord wheezy_tcp@PodARecord jessie_udp@dns-test-service.dns-2689.svc.cluster.local jessie_tcp@dns-test-service.dns-2689.svc.cluster.local jessie_udp@PodARecord jessie_tcp@PodARecord]&#xA;&#xA;Aug 27 09:55:39.672: INFO: Unable to read wheezy_udp@dns-test-service.dns-2689.svc.cluster.local from pod dns-2689/dns-test-16c8d22a-e0d7-4685-a07b-af603578fe5f: the server could not find the requested resource (get pods dns-test-16c8d22a-e0d7-4685-a07b-af603578fe5f)&#xA;Aug 27 09:55:39.687: INFO: Unable to read wheezy_tcp@dns-test-service.dns-2689.svc.cluster.local from pod dns-2689/dns-test-16c8d22a-e0d7-4685-a07b-af603578fe5f: the server could not find the requested resource (get pods dns-test-16c8d22a-e0d7-4685-a07b-af603578fe5f)&#xA;Aug 27 09:55:39.765: INFO: Unable to read wheezy_udp@PodARecord from pod dns-2689/dns-test-16c8d22a-e0d7-4685-a07b-af603578fe5f: the server could not find the requested resource (get pods dns-test-16c8d22a-e0d7-4685-a07b-af603578fe5f)&#xA;Aug 27 09:55:39.778: INFO: Unable to read wheezy_tcp@PodARecord from pod dns-2689/dns-test-16c8d22a-e0d7-4685-a07b-af603578fe5f: the server could not find the requested resource (get pods dns-test-16c8d22a-e0d7-4685-a07b-af603578fe5f)&#xA;Aug 27 09:55:39.810: INFO: Unable to read jessie_udp@dns-test-service.dns-2689.svc.cluster.local from pod dns-2689/dns-test-16c8d22a-e0d7-4685-a07b-af603578fe5f: the server could not find the requested resource (get pods dns-test-16c8d22a-e0d7-4685-a07b-af603578fe5f)&#xA;Aug 27 09:55:39.818: INFO: Unable to read jessie_tcp@dns-test-service.dns-2689.svc.cluster.local from pod dns-2689/dns-test-16c8d22a-e0d7-4685-a07b-af603578fe5f: the server could not find the requested resource (get pods dns-test-16c8d22a-e0d7-4685-a07b-af603578fe5f)&#xA;Aug 27 09:55:39.862: INFO: Unable to read jessie_udp@PodARecord from pod dns-2689/dns-test-16c8d22a-e0d7-4685-a07b-af603578fe5f: the server could not find the requested resource (get pods dns-test-16c8d22a-e0d7-4685-a07b-af603578fe5f)&#xA;Aug 27 09:55:39.883: INFO: Unable to read jessie_tcp@PodARecord from pod dns-2689/dns-test-16c8d22a-e0d7-4685-a07b-af603578fe5f: the server could not find the requested resource (get pods dns-test-16c8d22a-e0d7-4685-a07b-af603578fe5f)&#xA;Aug 27 09:55:39.906: INFO: Lookups using dns-2689/dns-test-16c8d22a-e0d7-4685-a07b-af603578fe5f failed for: [wheezy_udp@dns-test-service.dns-2689.svc.cluster.local wheezy_tcp@dns-test-service.dns-2689.svc.cluster.local wheezy_udp@PodARecord wheezy_tcp@PodARecord jessie_udp@dns-test-service.dns-2689.svc.cluster.local jessie_tcp@dns-test-service.dns-2689.svc.cluster.local jessie_udp@PodARecord jessie_tcp@PodARecord]&#xA;&#xA;Aug 27 09:55:44.630: INFO: Unable to read wheezy_udp@dns-test-service.dns-2689.svc.cluster.local from pod dns-2689/dns-test-16c8d22a-e0d7-4685-a07b-af603578fe5f: the server could not find the requested resource (get pods dns-test-16c8d22a-e0d7-4685-a07b-af603578fe5f)&#xA;Aug 27 09:55:44.646: INFO: Unable to read wheezy_tcp@dns-test-service.dns-2689.svc.cluster.local from pod dns-2689/dns-test-16c8d22a-e0d7-4685-a07b-af603578fe5f: the server could not find the requested resource (get pods dns-test-16c8d22a-e0d7-4685-a07b-af603578fe5f)&#xA;Aug 27 09:55:44.690: INFO: Unable to read wheezy_udp@PodARecord from pod dns-2689/dns-test-16c8d22a-e0d7-4685-a07b-af603578fe5f: the server could not find the requested resource (get pods dns-test-16c8d22a-e0d7-4685-a07b-af603578fe5f)&#xA;Aug 27 09:55:44.700: INFO: Unable to read wheezy_tcp@PodARecord from pod dns-2689/dns-test-16c8d22a-e0d7-4685-a07b-af603578fe5f: the server could not find the requested resource (get pods dns-test-16c8d22a-e0d7-4685-a07b-af603578fe5f)&#xA;Aug 27 09:55:44.729: INFO: Unable to read jessie_udp@dns-test-service.dns-2689.svc.cluster.local from pod dns-2689/dns-test-16c8d22a-e0d7-4685-a07b-af603578fe5f: the server could not find the requested resource (get pods dns-test-16c8d22a-e0d7-4685-a07b-af603578fe5f)&#xA;Aug 27 09:55:44.739: INFO: Unable to read jessie_tcp@dns-test-service.dns-2689.svc.cluster.local from pod dns-2689/dns-test-16c8d22a-e0d7-4685-a07b-af603578fe5f: the server could not find the requested resource (get pods dns-test-16c8d22a-e0d7-4685-a07b-af603578fe5f)&#xA;Aug 27 09:55:44.775: INFO: Unable to read jessie_udp@PodARecord from pod dns-2689/dns-test-16c8d22a-e0d7-4685-a07b-af603578fe5f: the server could not find the requested resource (get pods dns-test-16c8d22a-e0d7-4685-a07b-af603578fe5f)&#xA;Aug 27 09:55:44.791: INFO: Unable to read jessie_tcp@PodARecord from pod dns-2689/dns-test-16c8d22a-e0d7-4685-a07b-af603578fe5f: the server could not find the requested resource (get pods dns-test-16c8d22a-e0d7-4685-a07b-af603578fe5f)&#xA;Aug 27 09:55:44.862: INFO: Lookups using dns-2689/dns-test-16c8d22a-e0d7-4685-a07b-af603578fe5f failed for: [wheezy_udp@dns-test-service.dns-2689.svc.cluster.local wheezy_tcp@dns-test-service.dns-2689.svc.cluster.local wheezy_udp@PodARecord wheezy_tcp@PodARecord jessie_udp@dns-test-service.dns-2689.svc.cluster.local jessie_tcp@dns-test-service.dns-2689.svc.cluster.local jessie_udp@PodARecord jessie_tcp@PodARecord]&#xA;&#xA;Aug 27 09:55:49.621: INFO: Unable to read wheezy_udp@dns-test-service.dns-2689.svc.cluster.local from pod dns-2689/dns-test-16c8d22a-e0d7-4685-a07b-af603578fe5f: the server could not find the requested resource (get pods dns-test-16c8d22a-e0d7-4685-a07b-af603578fe5f)&#xA;Aug 27 09:55:49.633: INFO: Unable to read wheezy_tcp@dns-test-service.dns-2689.svc.cluster.local from pod dns-2689/dns-test-16c8d22a-e0d7-4685-a07b-af603578fe5f: the server could not find the requested resource (get pods dns-test-16c8d22a-e0d7-4685-a07b-af603578fe5f)&#xA;Aug 27 09:55:49.668: INFO: Unable to read wheezy_udp@PodARecord from pod dns-2689/dns-test-16c8d22a-e0d7-4685-a07b-af603578fe5f: the server could not find the requested resource (get pods dns-test-16c8d22a-e0d7-4685-a07b-af603578fe5f)&#xA;Aug 27 09:55:49.673: INFO: Unable to read wheezy_tcp@PodARecord from pod dns-2689/dns-test-16c8d22a-e0d7-4685-a07b-af603578fe5f: the server could not find the requested resource (get pods dns-test-16c8d22a-e0d7-4685-a07b-af603578fe5f)&#xA;Aug 27 09:55:49.711: INFO: Unable to read jessie_udp@dns-test-service.dns-2689.svc.cluster.local from pod dns-2689/dns-test-16c8d22a-e0d7-4685-a07b-af603578fe5f: the server could not find the requested resource (get pods dns-test-16c8d22a-e0d7-4685-a07b-af603578fe5f)&#xA;Aug 27 09:55:49.720: INFO: Unable to read jessie_tcp@dns-test-service.dns-2689.svc.cluster.local from pod dns-2689/dns-test-16c8d22a-e0d7-4685-a07b-af603578fe5f: the server could not find the requested resource (get pods dns-test-16c8d22a-e0d7-4685-a07b-af603578fe5f)&#xA;Aug 27 09:55:49.755: INFO: Unable to read jessie_udp@PodARecord from pod dns-2689/dns-test-16c8d22a-e0d7-4685-a07b-af603578fe5f: the server could not find the requested resource (get pods dns-test-16c8d22a-e0d7-4685-a07b-af603578fe5f)&#xA;Aug 27 09:55:49.764: INFO: Unable to read jessie_tcp@PodARecord from pod dns-2689/dns-test-16c8d22a-e0d7-4685-a07b-af603578fe5f: the server could not find the requested resource (get pods dns-test-16c8d22a-e0d7-4685-a07b-af603578fe5f)&#xA;Aug 27 09:55:49.778: INFO: Lookups using dns-2689/dns-test-16c8d22a-e0d7-4685-a07b-af603578fe5f failed for: [wheezy_udp@dns-test-service.dns-2689.svc.cluster.local wheezy_tcp@dns-test-service.dns-2689.svc.cluster.local wheezy_udp@PodARecord wheezy_tcp@PodARecord jessie_udp@dns-test-service.dns-2689.svc.cluster.local jessie_tcp@dns-test-service.dns-2689.svc.cluster.local jessie_udp@PodARecord jessie_tcp@PodARecord]&#xA;&#xA;Aug 27 09:55:54.620: INFO: Unable to read wheezy_udp@dns-test-service.dns-2689.svc.cluster.local from pod dns-2689/dns-test-16c8d22a-e0d7-4685-a07b-af603578fe5f: the server could not find the requested resource (get pods dns-test-16c8d22a-e0d7-4685-a07b-af603578fe5f)&#xA;Aug 27 09:55:54.629: INFO: Unable to read wheezy_tcp@dns-test-service.dns-2689.svc.cluster.local from pod dns-2689/dns-test-16c8d22a-e0d7-4685-a07b-af603578fe5f: the server could not find the requested resource (get pods dns-test-16c8d22a-e0d7-4685-a07b-af603578fe5f)&#xA;Aug 27 09:55:54.667: INFO: Unable to read wheezy_udp@PodARecord from pod dns-2689/dns-test-16c8d22a-e0d7-4685-a07b-af603578fe5f: the server could not find the requested resource (get pods dns-test-16c8d22a-e0d7-4685-a07b-af603578fe5f)&#xA;Aug 27 09:55:54.677: INFO: Unable to read wheezy_tcp@PodARecord from pod dns-2689/dns-test-16c8d22a-e0d7-4685-a07b-af603578fe5f: the server could not find the requested resource (get pods dns-test-16c8d22a-e0d7-4685-a07b-af603578fe5f)&#xA;Aug 27 09:55:54.705: INFO: Unable to read jessie_udp@dns-test-service.dns-2689.svc.cluster.local from pod dns-2689/dns-test-16c8d22a-e0d7-4685-a07b-af603578fe5f: the server could not find the requested resource (get pods dns-test-16c8d22a-e0d7-4685-a07b-af603578fe5f)&#xA;Aug 27 09:55:54.712: INFO: Unable to read jessie_tcp@dns-test-service.dns-2689.svc.cluster.local from pod dns-2689/dns-test-16c8d22a-e0d7-4685-a07b-af603578fe5f: the server could not find the requested resource (get pods dns-test-16c8d22a-e0d7-4685-a07b-af603578fe5f)&#xA;Aug 27 09:55:54.754: INFO: Unable to read jessie_udp@PodARecord from pod dns-2689/dns-test-16c8d22a-e0d7-4685-a07b-af603578fe5f: the server could not find the requested resource (get pods dns-test-16c8d22a-e0d7-4685-a07b-af603578fe5f)&#xA;Aug 27 09:55:54.787: INFO: Unable to read jessie_tcp@PodARecord from pod dns-2689/dns-test-16c8d22a-e0d7-4685-a07b-af603578fe5f: the server could not find the requested resource (get pods dns-test-16c8d22a-e0d7-4685-a07b-af603578fe5f)&#xA;Aug 27 09:55:54.801: INFO: Lookups using dns-2689/dns-test-16c8d22a-e0d7-4685-a07b-af603578fe5f failed for: [wheezy_udp@dns-test-service.dns-2689.svc.cluster.local wheezy_tcp@dns-test-service.dns-2689.svc.cluster.local wheezy_udp@PodARecord wheezy_tcp@PodARecord jessie_udp@dns-test-service.dns-2689.svc.cluster.local jessie_tcp@dns-test-service.dns-2689.svc.cluster.local jessie_udp@PodARecord jessie_tcp@PodARecord]&#xA;&#xA;Aug 27 09:55:59.677: INFO: Unable to read wheezy_udp@dns-test-service.dns-2689.svc.cluster.local from pod dns-2689/dns-test-16c8d22a-e0d7-4685-a07b-af603578fe5f: the server could not find the requested resource (get pods dns-test-16c8d22a-e0d7-4685-a07b-af603578fe5f)&#xA;Aug 27 09:55:59.700: INFO: Unable to read wheezy_tcp@dns-test-service.dns-2689.svc.cluster.local from pod dns-2689/dns-test-16c8d22a-e0d7-4685-a07b-af603578fe5f: the server could not find the requested resource (get pods dns-test-16c8d22a-e0d7-4685-a07b-af603578fe5f)&#xA;Aug 27 09:55:59.740: INFO: Unable to read wheezy_udp@PodARecord from pod dns-2689/dns-test-16c8d22a-e0d7-4685-a07b-af603578fe5f: the server could not find the requested resource (get pods dns-test-16c8d22a-e0d7-4685-a07b-af603578fe5f)&#xA;Aug 27 09:55:59.753: INFO: Unable to read wheezy_tcp@PodARecord from pod dns-2689/dns-test-16c8d22a-e0d7-4685-a07b-af603578fe5f: the server could not find the requested resource (get pods dns-test-16c8d22a-e0d7-4685-a07b-af603578fe5f)&#xA;Aug 27 09:55:59.773: INFO: Unable to read jessie_udp@dns-test-service.dns-2689.svc.cluster.local from pod dns-2689/dns-test-16c8d22a-e0d7-4685-a07b-af603578fe5f: the server could not find the requested resource (get pods dns-test-16c8d22a-e0d7-4685-a07b-af603578fe5f)&#xA;Aug 27 09:55:59.780: INFO: Unable to read jessie_tcp@dns-test-service.dns-2689.svc.cluster.local from pod dns-2689/dns-test-16c8d22a-e0d7-4685-a07b-af603578fe5f: the server could not find the requested resource (get pods dns-test-16c8d22a-e0d7-4685-a07b-af603578fe5f)&#xA;Aug 27 09:55:59.805: INFO: Unable to read jessie_udp@PodARecord from pod dns-2689/dns-test-16c8d22a-e0d7-4685-a07b-af603578fe5f: the server could not find the requested resource (get pods dns-test-16c8d22a-e0d7-4685-a07b-af603578fe5f)&#xA;Aug 27 09:55:59.812: INFO: Unable to read jessie_tcp@PodARecord from pod dns-2689/dns-test-16c8d22a-e0d7-4685-a07b-af603578fe5f: the server could not find the requested resource (get pods dns-test-16c8d22a-e0d7-4685-a07b-af603578fe5f)&#xA;Aug 27 09:55:59.823: INFO: Lookups using dns-2689/dns-test-16c8d22a-e0d7-4685-a07b-af603578fe5f failed for: [wheezy_udp@dns-test-service.dns-2689.svc.cluster.local wheezy_tcp@dns-test-service.dns-2689.svc.cluster.local wheezy_udp@PodARecord wheezy_tcp@PodARecord jessie_udp@dns-test-service.dns-2689.svc.cluster.local jessie_tcp@dns-test-service.dns-2689.svc.cluster.local jessie_udp@PodARecord jessie_tcp@PodARecord]&#xA;&#xA;Aug 27 09:56:04.641: INFO: Unable to read wheezy_udp@dns-test-service.dns-2689.svc.cluster.local from pod dns-2689/dns-test-16c8d22a-e0d7-4685-a07b-af603578fe5f: the server could not find the requested resource (get pods dns-test-16c8d22a-e0d7-4685-a07b-af603578fe5f)&#xA;Aug 27 09:56:04.655: INFO: Unable to read wheezy_tcp@dns-test-service.dns-2689.svc.cluster.local from pod dns-2689/dns-test-16c8d22a-e0d7-4685-a07b-af603578fe5f: the server could not find the requested resource (get pods dns-test-16c8d22a-e0d7-4685-a07b-af603578fe5f)&#xA;Aug 27 09:56:04.721: INFO: Unable to read wheezy_udp@PodARecord from pod dns-2689/dns-test-16c8d22a-e0d7-4685-a07b-af603578fe5f: the server could not find the requested resource (get pods dns-test-16c8d22a-e0d7-4685-a07b-af603578fe5f)&#xA;Aug 27 09:56:04.736: INFO: Unable to read wheezy_tcp@PodARecord from pod dns-2689/dns-test-16c8d22a-e0d7-4685-a07b-af603578fe5f: the server could not find the requested resource (get pods dns-test-16c8d22a-e0d7-4685-a07b-af603578fe5f)&#xA;Aug 27 09:56:04.755: INFO: Unable to read jessie_udp@dns-test-service.dns-2689.svc.cluster.local from pod dns-2689/dns-test-16c8d22a-e0d7-4685-a07b-af603578fe5f: the server could not find the requested resource (get pods dns-test-16c8d22a-e0d7-4685-a07b-af603578fe5f)&#xA;Aug 27 09:56:04.763: INFO: Unable to read jessie_tcp@dns-test-service.dns-2689.svc.cluster.local from pod dns-2689/dns-test-16c8d22a-e0d7-4685-a07b-af603578fe5f: the server could not find the requested resource (get pods dns-test-16c8d22a-e0d7-4685-a07b-af603578fe5f)&#xA;Aug 27 09:56:04.797: INFO: Unable to read jessie_udp@PodARecord from pod dns-2689/dns-test-16c8d22a-e0d7-4685-a07b-af603578fe5f: the server could not find the requested resource (get pods dns-test-16c8d22a-e0d7-4685-a07b-af603578fe5f)&#xA;Aug 27 09:56:04.807: INFO: Unable to read jessie_tcp@PodARecord from pod dns-2689/dns-test-16c8d22a-e0d7-4685-a07b-af603578fe5f: the server could not find the requested resource (get pods dns-test-16c8d22a-e0d7-4685-a07b-af603578fe5f)&#xA;Aug 27 09:56:04.824: INFO: Lookups using dns-2689/dns-test-16c8d22a-e0d7-4685-a07b-af603578fe5f failed for: [wheezy_udp@dns-test-service.dns-2689.svc.cluster.local wheezy_tcp@dns-test-service.dns-2689.svc.cluster.local wheezy_udp@PodARecord wheezy_tcp@PodARecord jessie_udp@dns-test-service.dns-2689.svc.cluster.local jessie_tcp@dns-test-service.dns-2689.svc.cluster.local jessie_udp@PodARecord jessie_tcp@PodARecord]&#xA;&#xA;Aug 27 09:56:09.627: INFO: Unable to read wheezy_udp@dns-test-service.dns-2689.svc.cluster.local from pod dns-2689/dns-test-16c8d22a-e0d7-4685-a07b-af603578fe5f: the server could not find the requested resource (get pods dns-test-16c8d22a-e0d7-4685-a07b-af603578fe5f)&#xA;Aug 27 09:56:09.647: INFO: Unable to read wheezy_tcp@dns-test-service.dns-2689.svc.cluster.local from pod dns-2689/dns-test-16c8d22a-e0d7-4685-a07b-af603578fe5f: the server could not find the requested resource (get pods dns-test-16c8d22a-e0d7-4685-a07b-af603578fe5f)&#xA;Aug 27 09:56:09.719: INFO: Unable to read wheezy_udp@PodARecord from pod dns-2689/dns-test-16c8d22a-e0d7-4685-a07b-af603578fe5f: the server could not find the requested resource (get pods dns-test-16c8d22a-e0d7-4685-a07b-af603578fe5f)&#xA;Aug 27 09:56:09.733: INFO: Unable to read wheezy_tcp@PodARecord from pod dns-2689/dns-test-16c8d22a-e0d7-4685-a07b-af603578fe5f: the server could not find the requested resource (get pods dns-test-16c8d22a-e0d7-4685-a07b-af603578fe5f)&#xA;Aug 27 09:56:09.759: INFO: Unable to read jessie_udp@dns-test-service.dns-2689.svc.cluster.local from pod dns-2689/dns-test-16c8d22a-e0d7-4685-a07b-af603578fe5f: the server could not find the requested resource (get pods dns-test-16c8d22a-e0d7-4685-a07b-af603578fe5f)&#xA;Aug 27 09:56:09.773: INFO: Unable to read jessie_tcp@dns-test-service.dns-2689.svc.cluster.local from pod dns-2689/dns-test-16c8d22a-e0d7-4685-a07b-af603578fe5f: the server could not find the requested resource (get pods dns-test-16c8d22a-e0d7-4685-a07b-af603578fe5f)&#xA;Aug 27 09:56:09.822: INFO: Unable to read jessie_udp@PodARecord from pod dns-2689/dns-test-16c8d22a-e0d7-4685-a07b-af603578fe5f: the server could not find the requested resource (get pods dns-test-16c8d22a-e0d7-4685-a07b-af603578fe5f)&#xA;Aug 27 09:56:09.831: INFO: Unable to read jessie_tcp@PodARecord from pod dns-2689/dns-test-16c8d22a-e0d7-4685-a07b-af603578fe5f: the server could not find the requested resource (get pods dns-test-16c8d22a-e0d7-4685-a07b-af603578fe5f)&#xA;Aug 27 09:56:09.870: INFO: Lookups using dns-2689/dns-test-16c8d22a-e0d7-4685-a07b-af603578fe5f failed for: [wheezy_udp@dns-test-service.dns-2689.svc.cluster.local wheezy_tcp@dns-test-service.dns-2689.svc.cluster.local wheezy_udp@PodARecord wheezy_tcp@PodARecord jessie_udp@dns-test-service.dns-2689.svc.cluster.local jessie_tcp@dns-test-service.dns-2689.svc.cluster.local jessie_udp@PodARecord jessie_tcp@PodARecord]&#xA;&#xA;Aug 27 09:56:14.623: INFO: Unable to read wheezy_udp@dns-test-service.dns-2689.svc.cluster.local from pod dns-2689/dns-test-16c8d22a-e0d7-4685-a07b-af603578fe5f: the server could not find the requested resource (get pods dns-test-16c8d22a-e0d7-4685-a07b-af603578fe5f)&#xA;Aug 27 09:56:14.634: INFO: Unable to read wheezy_tcp@dns-test-service.dns-2689.svc.cluster.local from pod dns-2689/dns-test-16c8d22a-e0d7-4685-a07b-af603578fe5f: the server could not find the requested resource (get pods dns-test-16c8d22a-e0d7-4685-a07b-af603578fe5f)&#xA;Aug 27 09:56:14.686: INFO: Unable to read wheezy_udp@PodARecord from pod dns-2689/dns-test-16c8d22a-e0d7-4685-a07b-af603578fe5f: the server could not find the requested resource (get pods dns-test-16c8d22a-e0d7-4685-a07b-af603578fe5f)&#xA;Aug 27 09:56:14.694: INFO: Unable to read wheezy_tcp@PodARecord from pod dns-2689/dns-test-16c8d22a-e0d7-4685-a07b-af603578fe5f: the server could not find the requested resource (get pods dns-test-16c8d22a-e0d7-4685-a07b-af603578fe5f)&#xA;Aug 27 09:56:14.719: INFO: Unable to read jessie_udp@dns-test-service.dns-2689.svc.cluster.local from pod dns-2689/dns-test-16c8d22a-e0d7-4685-a07b-af603578fe5f: the server could not find the requested resource (get pods dns-test-16c8d22a-e0d7-4685-a07b-af603578fe5f)&#xA;Aug 27 09:56:14.726: INFO: Unable to read jessie_tcp@dns-test-service.dns-2689.svc.cluster.local from pod dns-2689/dns-test-16c8d22a-e0d7-4685-a07b-af603578fe5f: the server could not find the requested resource (get pods dns-test-16c8d22a-e0d7-4685-a07b-af603578fe5f)&#xA;Aug 27 09:56:14.751: INFO: Unable to read jessie_udp@PodARecord from pod dns-2689/dns-test-16c8d22a-e0d7-4685-a07b-af603578fe5f: the server could not find the requested resource (get pods dns-test-16c8d22a-e0d7-4685-a07b-af603578fe5f)&#xA;Aug 27 09:56:14.757: INFO: Unable to read jessie_tcp@PodARecord from pod dns-2689/dns-test-16c8d22a-e0d7-4685-a07b-af603578fe5f: the server could not find the requested resource (get pods dns-test-16c8d22a-e0d7-4685-a07b-af603578fe5f)&#xA;Aug 27 09:56:14.781: INFO: Lookups using dns-2689/dns-test-16c8d22a-e0d7-4685-a07b-af603578fe5f failed for: [wheezy_udp@dns-test-service.dns-2689.svc.cluster.local wheezy_tcp@dns-test-service.dns-2689.svc.cluster.local wheezy_udp@PodARecord wheezy_tcp@PodARecord jessie_udp@dns-test-service.dns-2689.svc.cluster.local jessie_tcp@dns-test-service.dns-2689.svc.cluster.local jessie_udp@PodARecord jessie_tcp@PodARecord]&#xA;&#xA;Aug 27 09:56:19.623: INFO: Unable to read wheezy_udp@dns-test-service.dns-2689.svc.cluster.local from pod dns-2689/dns-test-16c8d22a-e0d7-4685-a07b-af603578fe5f: the server could not find the requested resource (get pods dns-test-16c8d22a-e0d7-4685-a07b-af603578fe5f)&#xA;Aug 27 09:56:19.629: INFO: Unable to read wheezy_tcp@dns-test-service.dns-2689.svc.cluster.local from pod dns-2689/dns-test-16c8d22a-e0d7-4685-a07b-af603578fe5f: the server could not find the requested resource (get pods dns-test-16c8d22a-e0d7-4685-a07b-af603578fe5f)&#xA;Aug 27 09:56:19.660: INFO: Unable to read wheezy_udp@PodARecord from pod dns-2689/dns-test-16c8d22a-e0d7-4685-a07b-af603578fe5f: the server could not find the requested resource (get pods dns-test-16c8d22a-e0d7-4685-a07b-af603578fe5f)&#xA;Aug 27 09:56:19.666: INFO: Unable to read wheezy_tcp@PodARecord from pod dns-2689/dns-test-16c8d22a-e0d7-4685-a07b-af603578fe5f: the server could not find the requested resource (get pods dns-test-16c8d22a-e0d7-4685-a07b-af603578fe5f)&#xA;Aug 27 09:56:19.685: INFO: Unable to read jessie_udp@dns-test-service.dns-2689.svc.cluster.local from pod dns-2689/dns-test-16c8d22a-e0d7-4685-a07b-af603578fe5f: the server could not find the requested resource (get pods dns-test-16c8d22a-e0d7-4685-a07b-af603578fe5f)&#xA;Aug 27 09:56:19.695: INFO: Unable to read jessie_tcp@dns-test-service.dns-2689.svc.cluster.local from pod dns-2689/dns-test-16c8d22a-e0d7-4685-a07b-af603578fe5f: the server could not find the requested resource (get pods dns-test-16c8d22a-e0d7-4685-a07b-af603578fe5f)&#xA;Aug 27 09:56:19.719: INFO: Unable to read jessie_udp@PodARecord from pod dns-2689/dns-test-16c8d22a-e0d7-4685-a07b-af603578fe5f: the server could not find the requested resource (get pods dns-test-16c8d22a-e0d7-4685-a07b-af603578fe5f)&#xA;Aug 27 09:56:19.731: INFO: Unable to read jessie_tcp@PodARecord from pod dns-2689/dns-test-16c8d22a-e0d7-4685-a07b-af603578fe5f: the server could not find the requested resource (get pods dns-test-16c8d22a-e0d7-4685-a07b-af603578fe5f)&#xA;Aug 27 09:56:19.746: INFO: Lookups using dns-2689/dns-test-16c8d22a-e0d7-4685-a07b-af603578fe5f failed for: [wheezy_udp@dns-test-service.dns-2689.svc.cluster.local wheezy_tcp@dns-test-service.dns-2689.svc.cluster.local wheezy_udp@PodARecord wheezy_tcp@PodARecord jessie_udp@dns-test-service.dns-2689.svc.cluster.local jessie_tcp@dns-test-service.dns-2689.svc.cluster.local jessie_udp@PodARecord jessie_tcp@PodARecord]&#xA;&#xA;Aug 27 09:56:24.623: INFO: Unable to read wheezy_udp@dns-test-service.dns-2689.svc.cluster.local from pod dns-2689/dns-test-16c8d22a-e0d7-4685-a07b-af603578fe5f: the server could not find the requested resource (get pods dns-test-16c8d22a-e0d7-4685-a07b-af603578fe5f)&#xA;Aug 27 09:56:24.628: INFO: Unable to read wheezy_tcp@dns-test-service.dns-2689.svc.cluster.local from pod dns-2689/dns-test-16c8d22a-e0d7-4685-a07b-af603578fe5f: the server could not find the requested resource (get pods dns-test-16c8d22a-e0d7-4685-a07b-af603578fe5f)&#xA;Aug 27 09:56:24.683: INFO: Unable to read wheezy_udp@PodARecord from pod dns-2689/dns-test-16c8d22a-e0d7-4685-a07b-af603578fe5f: the server could not find the requested resource (get pods dns-test-16c8d22a-e0d7-4685-a07b-af603578fe5f)&#xA;Aug 27 09:56:24.689: INFO: Unable to read wheezy_tcp@PodARecord from pod dns-2689/dns-test-16c8d22a-e0d7-4685-a07b-af603578fe5f: the server could not find the requested resource (get pods dns-test-16c8d22a-e0d7-4685-a07b-af603578fe5f)&#xA;Aug 27 09:56:24.705: INFO: Unable to read jessie_udp@dns-test-service.dns-2689.svc.cluster.local from pod dns-2689/dns-test-16c8d22a-e0d7-4685-a07b-af603578fe5f: the server could not find the requested resource (get pods dns-test-16c8d22a-e0d7-4685-a07b-af603578fe5f)&#xA;Aug 27 09:56:24.715: INFO: Unable to read jessie_tcp@dns-test-service.dns-2689.svc.cluster.local from pod dns-2689/dns-test-16c8d22a-e0d7-4685-a07b-af603578fe5f: the server could not find the requested resource (get pods dns-test-16c8d22a-e0d7-4685-a07b-af603578fe5f)&#xA;Aug 27 09:56:24.750: INFO: Unable to read jessie_udp@PodARecord from pod dns-2689/dns-test-16c8d22a-e0d7-4685-a07b-af603578fe5f: the server could not find the requested resource (get pods dns-test-16c8d22a-e0d7-4685-a07b-af603578fe5f)&#xA;Aug 27 09:56:24.762: INFO: Unable to read jessie_tcp@PodARecord from pod dns-2689/dns-test-16c8d22a-e0d7-4685-a07b-af603578fe5f: the server could not find the requested resource (get pods dns-test-16c8d22a-e0d7-4685-a07b-af603578fe5f)&#xA;Aug 27 09:56:24.774: INFO: Lookups using dns-2689/dns-test-16c8d22a-e0d7-4685-a07b-af603578fe5f failed for: [wheezy_udp@dns-test-service.dns-2689.svc.cluster.local wheezy_tcp@dns-test-service.dns-2689.svc.cluster.local wheezy_udp@PodARecord wheezy_tcp@PodARecord jessie_udp@dns-test-service.dns-2689.svc.cluster.local jessie_tcp@dns-test-service.dns-2689.svc.cluster.local jessie_udp@PodARecord jessie_tcp@PodARecord]&#xA;&#xA;Aug 27 09:56:29.625: INFO: Unable to read wheezy_udp@dns-test-service.dns-2689.svc.cluster.local from pod dns-2689/dns-test-16c8d22a-e0d7-4685-a07b-af603578fe5f: the server could not find the requested resource (get pods dns-test-16c8d22a-e0d7-4685-a07b-af603578fe5f)&#xA;Aug 27 09:56:29.637: INFO: Unable to read wheezy_tcp@dns-test-service.dns-2689.svc.cluster.local from pod dns-2689/dns-test-16c8d22a-e0d7-4685-a07b-af603578fe5f: the server could not find the requested resource (get pods dns-test-16c8d22a-e0d7-4685-a07b-af603578fe5f)&#xA;Aug 27 09:56:29.729: INFO: Unable to read wheezy_udp@PodARecord from pod dns-2689/dns-test-16c8d22a-e0d7-4685-a07b-af603578fe5f: the server could not find the requested resource (get pods dns-test-16c8d22a-e0d7-4685-a07b-af603578fe5f)&#xA;Aug 27 09:56:29.737: INFO: Unable to read wheezy_tcp@PodARecord from pod dns-2689/dns-test-16c8d22a-e0d7-4685-a07b-af603578fe5f: the server could not find the requested resource (get pods dns-test-16c8d22a-e0d7-4685-a07b-af603578fe5f)&#xA;Aug 27 09:56:29.761: INFO: Unable to read jessie_udp@dns-test-service.dns-2689.svc.cluster.local from pod dns-2689/dns-test-16c8d22a-e0d7-4685-a07b-af603578fe5f: the server could not find the requested resource (get pods dns-test-16c8d22a-e0d7-4685-a07b-af603578fe5f)&#xA;Aug 27 09:56:29.774: INFO: Unable to read jessie_tcp@dns-test-service.dns-2689.svc.cluster.local from pod dns-2689/dns-test-16c8d22a-e0d7-4685-a07b-af603578fe5f: the server could not find the requested resource (get pods dns-test-16c8d22a-e0d7-4685-a07b-af603578fe5f)&#xA;Aug 27 09:56:29.803: INFO: Unable to read jessie_udp@PodARecord from pod dns-2689/dns-test-16c8d22a-e0d7-4685-a07b-af603578fe5f: the server could not find the requested resource (get pods dns-test-16c8d22a-e0d7-4685-a07b-af603578fe5f)&#xA;Aug 27 09:56:29.812: INFO: Unable to read jessie_tcp@PodARecord from pod dns-2689/dns-test-16c8d22a-e0d7-4685-a07b-af603578fe5f: the server could not find the requested resource (get pods dns-test-16c8d22a-e0d7-4685-a07b-af603578fe5f)&#xA;Aug 27 09:56:29.826: INFO: Lookups using dns-2689/dns-test-16c8d22a-e0d7-4685-a07b-af603578fe5f failed for: [wheezy_udp@dns-test-service.dns-2689.svc.cluster.local wheezy_tcp@dns-test-service.dns-2689.svc.cluster.local wheezy_udp@PodARecord wheezy_tcp@PodARecord jessie_udp@dns-test-service.dns-2689.svc.cluster.local jessie_tcp@dns-test-service.dns-2689.svc.cluster.local jessie_udp@PodARecord jessie_tcp@PodARecord]&#xA;&#xA;Aug 27 09:56:34.621: INFO: Unable to read wheezy_udp@dns-test-service.dns-2689.svc.cluster.local from pod dns-2689/dns-test-16c8d22a-e0d7-4685-a07b-af603578fe5f: the server could not find the requested resource (get pods dns-test-16c8d22a-e0d7-4685-a07b-af603578fe5f)&#xA;Aug 27 09:56:34.628: INFO: Unable to read wheezy_tcp@dns-test-service.dns-2689.svc.cluster.local from pod dns-2689/dns-test-16c8d22a-e0d7-4685-a07b-af603578fe5f: the server could not find the requested resource (get pods dns-test-16c8d22a-e0d7-4685-a07b-af603578fe5f)&#xA;Aug 27 09:56:34.662: INFO: Unable to read wheezy_udp@PodARecord from pod dns-2689/dns-test-16c8d22a-e0d7-4685-a07b-af603578fe5f: the server could not find the requested resource (get pods dns-test-16c8d22a-e0d7-4685-a07b-af603578fe5f)&#xA;Aug 27 09:56:34.678: INFO: Unable to read wheezy_tcp@PodARecord from pod dns-2689/dns-test-16c8d22a-e0d7-4685-a07b-af603578fe5f: the server could not find the requested resource (get pods dns-test-16c8d22a-e0d7-4685-a07b-af603578fe5f)&#xA;Aug 27 09:56:34.693: INFO: Unable to read jessie_udp@dns-test-service.dns-2689.svc.cluster.local from pod dns-2689/dns-test-16c8d22a-e0d7-4685-a07b-af603578fe5f: the server could not find the requested resource (get pods dns-test-16c8d22a-e0d7-4685-a07b-af603578fe5f)&#xA;Aug 27 09:56:34.701: INFO: Unable to read jessie_tcp@dns-test-service.dns-2689.svc.cluster.local from pod dns-2689/dns-test-16c8d22a-e0d7-4685-a07b-af603578fe5f: the server could not find the requested resource (get pods dns-test-16c8d22a-e0d7-4685-a07b-af603578fe5f)&#xA;Aug 27 09:56:34.728: INFO: Unable to read jessie_udp@PodARecord from pod dns-2689/dns-test-16c8d22a-e0d7-4685-a07b-af603578fe5f: the server could not find the requested resource (get pods dns-test-16c8d22a-e0d7-4685-a07b-af603578fe5f)&#xA;Aug 27 09:56:34.735: INFO: Unable to read jessie_tcp@PodARecord from pod dns-2689/dns-test-16c8d22a-e0d7-4685-a07b-af603578fe5f: the server could not find the requested resource (get pods dns-test-16c8d22a-e0d7-4685-a07b-af603578fe5f)&#xA;Aug 27 09:56:34.762: INFO: Lookups using dns-2689/dns-test-16c8d22a-e0d7-4685-a07b-af603578fe5f failed for: [wheezy_udp@dns-test-service.dns-2689.svc.cluster.local wheezy_tcp@dns-test-service.dns-2689.svc.cluster.local wheezy_udp@PodARecord wheezy_tcp@PodARecord jessie_udp@dns-test-service.dns-2689.svc.cluster.local jessie_tcp@dns-test-service.dns-2689.svc.cluster.local jessie_udp@PodARecord jessie_tcp@PodARecord]&#xA;&#xA;Aug 27 09:56:39.618: INFO: Unable to read wheezy_udp@dns-test-service.dns-2689.svc.cluster.local from pod dns-2689/dns-test-16c8d22a-e0d7-4685-a07b-af603578fe5f: the server could not find the requested resource (get pods dns-test-16c8d22a-e0d7-4685-a07b-af603578fe5f)&#xA;Aug 27 09:56:39.625: INFO: Unable to read wheezy_tcp@dns-test-service.dns-2689.svc.cluster.local from pod dns-2689/dns-test-16c8d22a-e0d7-4685-a07b-af603578fe5f: the server could not find the requested resource (get pods dns-test-16c8d22a-e0d7-4685-a07b-af603578fe5f)&#xA;Aug 27 09:56:39.644: INFO: Unable to read wheezy_udp@PodARecord from pod dns-2689/dns-test-16c8d22a-e0d7-4685-a07b-af603578fe5f: the server could not find the requested resource (get pods dns-test-16c8d22a-e0d7-4685-a07b-af603578fe5f)&#xA;Aug 27 09:56:39.651: INFO: Unable to read wheezy_tcp@PodARecord from pod dns-2689/dns-test-16c8d22a-e0d7-4685-a07b-af603578fe5f: the server could not find the requested resource (get pods dns-test-16c8d22a-e0d7-4685-a07b-af603578fe5f)&#xA;Aug 27 09:56:39.667: INFO: Unable to read jessie_udp@dns-test-service.dns-2689.svc.cluster.local from pod dns-2689/dns-test-16c8d22a-e0d7-4685-a07b-af603578fe5f: the server could not find the requested resource (get pods dns-test-16c8d22a-e0d7-4685-a07b-af603578fe5f)&#xA;Aug 27 09:56:39.679: INFO: Unable to read jessie_tcp@dns-test-service.dns-2689.svc.cluster.local from pod dns-2689/dns-test-16c8d22a-e0d7-4685-a07b-af603578fe5f: the server could not find the requested resource (get pods dns-test-16c8d22a-e0d7-4685-a07b-af603578fe5f)&#xA;Aug 27 09:56:39.705: INFO: Unable to read jessie_udp@PodARecord from pod dns-2689/dns-test-16c8d22a-e0d7-4685-a07b-af603578fe5f: the server could not find the requested resource (get pods dns-test-16c8d22a-e0d7-4685-a07b-af603578fe5f)&#xA;Aug 27 09:56:39.710: INFO: Unable to read jessie_tcp@PodARecord from pod dns-2689/dns-test-16c8d22a-e0d7-4685-a07b-af603578fe5f: the server could not find the requested resource (get pods dns-test-16c8d22a-e0d7-4685-a07b-af603578fe5f)&#xA;Aug 27 09:56:39.721: INFO: Lookups using dns-2689/dns-test-16c8d22a-e0d7-4685-a07b-af603578fe5f failed for: [wheezy_udp@dns-test-service.dns-2689.svc.cluster.local wheezy_tcp@dns-test-service.dns-2689.svc.cluster.local wheezy_udp@PodARecord wheezy_tcp@PodARecord jessie_udp@dns-test-service.dns-2689.svc.cluster.local jessie_tcp@dns-test-service.dns-2689.svc.cluster.local jessie_udp@PodARecord jessie_tcp@PodARecord]&#xA;&#xA;Aug 27 09:56:44.632: INFO: Unable to read wheezy_udp@dns-test-service.dns-2689.svc.cluster.local from pod dns-2689/dns-test-16c8d22a-e0d7-4685-a07b-af603578fe5f: the server could not find the requested resource (get pods dns-test-16c8d22a-e0d7-4685-a07b-af603578fe5f)&#xA;Aug 27 09:56:44.645: INFO: Unable to read wheezy_tcp@dns-test-service.dns-2689.svc.cluster.local from pod dns-2689/dns-test-16c8d22a-e0d7-4685-a07b-af603578fe5f: the server could not find the requested resource (get pods dns-test-16c8d22a-e0d7-4685-a07b-af603578fe5f)&#xA;Aug 27 09:56:44.691: INFO: Unable to read wheezy_udp@PodARecord from pod dns-2689/dns-test-16c8d22a-e0d7-4685-a07b-af603578fe5f: the server could not find the requested resource (get pods dns-test-16c8d22a-e0d7-4685-a07b-af603578fe5f)&#xA;Aug 27 09:56:44.705: INFO: Unable to read wheezy_tcp@PodARecord from pod dns-2689/dns-test-16c8d22a-e0d7-4685-a07b-af603578fe5f: the server could not find the requested resource (get pods dns-test-16c8d22a-e0d7-4685-a07b-af603578fe5f)&#xA;Aug 27 09:56:44.740: INFO: Unable to read jessie_udp@dns-test-service.dns-2689.svc.cluster.local from pod dns-2689/dns-test-16c8d22a-e0d7-4685-a07b-af603578fe5f: the server could not find the requested resource (get pods dns-test-16c8d22a-e0d7-4685-a07b-af603578fe5f)&#xA;Aug 27 09:56:44.756: INFO: Unable to read jessie_tcp@dns-test-service.dns-2689.svc.cluster.local from pod dns-2689/dns-test-16c8d22a-e0d7-4685-a07b-af603578fe5f: the server could not find the requested resource (get pods dns-test-16c8d22a-e0d7-4685-a07b-af603578fe5f)&#xA;Aug 27 09:56:44.785: INFO: Unable to read jessie_udp@PodARecord from pod dns-2689/dns-test-16c8d22a-e0d7-4685-a07b-af603578fe5f: the server could not find the requested resource (get pods dns-test-16c8d22a-e0d7-4685-a07b-af603578fe5f)&#xA;Aug 27 09:56:44.795: INFO: Unable to read jessie_tcp@PodARecord from pod dns-2689/dns-test-16c8d22a-e0d7-4685-a07b-af603578fe5f: the server could not find the requested resource (get pods dns-test-16c8d22a-e0d7-4685-a07b-af603578fe5f)&#xA;Aug 27 09:56:44.812: INFO: Lookups using dns-2689/dns-test-16c8d22a-e0d7-4685-a07b-af603578fe5f failed for: [wheezy_udp@dns-test-service.dns-2689.svc.cluster.local wheezy_tcp@dns-test-service.dns-2689.svc.cluster.local wheezy_udp@PodARecord wheezy_tcp@PodARecord jessie_udp@dns-test-service.dns-2689.svc.cluster.local jessie_tcp@dns-test-service.dns-2689.svc.cluster.local jessie_udp@PodARecord jessie_tcp@PodARecord]&#xA;&#xA;Aug 27 09:56:49.621: INFO: Unable to read wheezy_udp@dns-test-service.dns-2689.svc.cluster.local from pod dns-2689/dns-test-16c8d22a-e0d7-4685-a07b-af603578fe5f: the server could not find the requested resource (get pods dns-test-16c8d22a-e0d7-4685-a07b-af603578fe5f)&#xA;Aug 27 09:56:49.628: INFO: Unable to read wheezy_tcp@dns-test-service.dns-2689.svc.cluster.local from pod dns-2689/dns-test-16c8d22a-e0d7-4685-a07b-af603578fe5f: the server could not find the requested resource (get pods dns-test-16c8d22a-e0d7-4685-a07b-af603578fe5f)&#xA;Aug 27 09:56:49.659: INFO: Unable to read wheezy_udp@PodARecord from pod dns-2689/dns-test-16c8d22a-e0d7-4685-a07b-af603578fe5f: the server could not find the requested resource (get pods dns-test-16c8d22a-e0d7-4685-a07b-af603578fe5f)&#xA;Aug 27 09:56:49.667: INFO: Unable to read wheezy_tcp@PodARecord from pod dns-2689/dns-test-16c8d22a-e0d7-4685-a07b-af603578fe5f: the server could not find the requested resource (get pods dns-test-16c8d22a-e0d7-4685-a07b-af603578fe5f)&#xA;Aug 27 09:56:49.685: INFO: Unable to read jessie_udp@dns-test-service.dns-2689.svc.cluster.local from pod dns-2689/dns-test-16c8d22a-e0d7-4685-a07b-af603578fe5f: the server could not find the requested resource (get pods dns-test-16c8d22a-e0d7-4685-a07b-af603578fe5f)&#xA;Aug 27 09:56:49.690: INFO: Unable to read jessie_tcp@dns-test-service.dns-2689.svc.cluster.local from pod dns-2689/dns-test-16c8d22a-e0d7-4685-a07b-af603578fe5f: the server could not find the requested resource (get pods dns-test-16c8d22a-e0d7-4685-a07b-af603578fe5f)&#xA;Aug 27 09:56:49.737: INFO: Unable to read jessie_udp@PodARecord from pod dns-2689/dns-test-16c8d22a-e0d7-4685-a07b-af603578fe5f: the server could not find the requested resource (get pods dns-test-16c8d22a-e0d7-4685-a07b-af603578fe5f)&#xA;Aug 27 09:56:49.752: INFO: Unable to read jessie_tcp@PodARecord from pod dns-2689/dns-test-16c8d22a-e0d7-4685-a07b-af603578fe5f: the server could not find the requested resource (get pods dns-test-16c8d22a-e0d7-4685-a07b-af603578fe5f)&#xA;Aug 27 09:56:49.776: INFO: Lookups using dns-2689/dns-test-16c8d22a-e0d7-4685-a07b-af603578fe5f failed for: [wheezy_udp@dns-test-service.dns-2689.svc.cluster.local wheezy_tcp@dns-test-service.dns-2689.svc.cluster.local wheezy_udp@PodARecord wheezy_tcp@PodARecord jessie_udp@dns-test-service.dns-2689.svc.cluster.local jessie_tcp@dns-test-service.dns-2689.svc.cluster.local jessie_udp@PodARecord jessie_tcp@PodARecord]&#xA;&#xA;Aug 27 09:56:54.633: INFO: Unable to read wheezy_udp@dns-test-service.dns-2689.svc.cluster.local from pod dns-2689/dns-test-16c8d22a-e0d7-4685-a07b-af603578fe5f: the server could not find the requested resource (get pods dns-test-16c8d22a-e0d7-4685-a07b-af603578fe5f)&#xA;Aug 27 09:56:54.644: INFO: Unable to read wheezy_tcp@dns-test-service.dns-2689.svc.cluster.local from pod dns-2689/dns-test-16c8d22a-e0d7-4685-a07b-af603578fe5f: the server could not find the requested resource (get pods dns-test-16c8d22a-e0d7-4685-a07b-af603578fe5f)&#xA;Aug 27 09:56:54.714: INFO: Unable to read wheezy_udp@PodARecord from pod dns-2689/dns-test-16c8d22a-e0d7-4685-a07b-af603578fe5f: the server could not find the requested resource (get pods dns-test-16c8d22a-e0d7-4685-a07b-af603578fe5f)&#xA;Aug 27 09:56:54.727: INFO: Unable to read wheezy_tcp@PodARecord from pod dns-2689/dns-test-16c8d22a-e0d7-4685-a07b-af603578fe5f: the server could not find the requested resource (get pods dns-test-16c8d22a-e0d7-4685-a07b-af603578fe5f)&#xA;Aug 27 09:56:54.769: INFO: Unable to read jessie_udp@dns-test-service.dns-2689.svc.cluster.local from pod dns-2689/dns-test-16c8d22a-e0d7-4685-a07b-af603578fe5f: the server could not find the requested resource (get pods dns-test-16c8d22a-e0d7-4685-a07b-af603578fe5f)&#xA;Aug 27 09:56:54.781: INFO: Unable to read jessie_tcp@dns-test-service.dns-2689.svc.cluster.local from pod dns-2689/dns-test-16c8d22a-e0d7-4685-a07b-af603578fe5f: the server could not find the requested resource (get pods dns-test-16c8d22a-e0d7-4685-a07b-af603578fe5f)&#xA;Aug 27 09:56:54.812: INFO: Unable to read jessie_udp@PodARecord from pod dns-2689/dns-test-16c8d22a-e0d7-4685-a07b-af603578fe5f: the server could not find the requested resource (get pods dns-test-16c8d22a-e0d7-4685-a07b-af603578fe5f)&#xA;Aug 27 09:56:54.819: INFO: Unable to read jessie_tcp@PodARecord from pod dns-2689/dns-test-16c8d22a-e0d7-4685-a07b-af603578fe5f: the server could not find the requested resource (get pods dns-test-16c8d22a-e0d7-4685-a07b-af603578fe5f)&#xA;Aug 27 09:56:54.864: INFO: Lookups using dns-2689/dns-test-16c8d22a-e0d7-4685-a07b-af603578fe5f failed for: [wheezy_udp@dns-test-service.dns-2689.svc.cluster.local wheezy_tcp@dns-test-service.dns-2689.svc.cluster.local wheezy_udp@PodARecord wheezy_tcp@PodARecord jessie_udp@dns-test-service.dns-2689.svc.cluster.local jessie_tcp@dns-test-service.dns-2689.svc.cluster.local jessie_udp@PodARecord jessie_tcp@PodARecord]&#xA;&#xA;Aug 27 09:56:59.642: INFO: Unable to read wheezy_udp@dns-test-service.dns-2689.svc.cluster.local from pod dns-2689/dns-test-16c8d22a-e0d7-4685-a07b-af603578fe5f: the server could not find the requested resource (get pods dns-test-16c8d22a-e0d7-4685-a07b-af603578fe5f)&#xA;Aug 27 09:56:59.647: INFO: Unable to read wheezy_tcp@dns-test-service.dns-2689.svc.cluster.local from pod dns-2689/dns-test-16c8d22a-e0d7-4685-a07b-af603578fe5f: the server could not find the requested resource (get pods dns-test-16c8d22a-e0d7-4685-a07b-af603578fe5f)&#xA;Aug 27 09:56:59.684: INFO: Unable to read wheezy_udp@PodARecord from pod dns-2689/dns-test-16c8d22a-e0d7-4685-a07b-af603578fe5f: the server could not find the requested resource (get pods dns-test-16c8d22a-e0d7-4685-a07b-af603578fe5f)&#xA;Aug 27 09:56:59.688: INFO: Unable to read wheezy_tcp@PodARecord from pod dns-2689/dns-test-16c8d22a-e0d7-4685-a07b-af603578fe5f: the server could not find the requested resource (get pods dns-test-16c8d22a-e0d7-4685-a07b-af603578fe5f)&#xA;Aug 27 09:56:59.705: INFO: Unable to read jessie_udp@dns-test-service.dns-2689.svc.cluster.local from pod dns-2689/dns-test-16c8d22a-e0d7-4685-a07b-af603578fe5f: the server could not find the requested resource (get pods dns-test-16c8d22a-e0d7-4685-a07b-af603578fe5f)&#xA;Aug 27 09:56:59.710: INFO: Unable to read jessie_tcp@dns-test-service.dns-2689.svc.cluster.local from pod dns-2689/dns-test-16c8d22a-e0d7-4685-a07b-af603578fe5f: the server could not find the requested resource (get pods dns-test-16c8d22a-e0d7-4685-a07b-af603578fe5f)&#xA;Aug 27 09:56:59.767: INFO: Unable to read jessie_udp@PodARecord from pod dns-2689/dns-test-16c8d22a-e0d7-4685-a07b-af603578fe5f: the server could not find the requested resource (get pods dns-test-16c8d22a-e0d7-4685-a07b-af603578fe5f)&#xA;Aug 27 09:56:59.786: INFO: Unable to read jessie_tcp@PodARecord from pod dns-2689/dns-test-16c8d22a-e0d7-4685-a07b-af603578fe5f: the server could not find the requested resource (get pods dns-test-16c8d22a-e0d7-4685-a07b-af603578fe5f)&#xA;Aug 27 09:56:59.815: INFO: Lookups using dns-2689/dns-test-16c8d22a-e0d7-4685-a07b-af603578fe5f failed for: [wheezy_udp@dns-test-service.dns-2689.svc.cluster.local wheezy_tcp@dns-test-service.dns-2689.svc.cluster.local wheezy_udp@PodARecord wheezy_tcp@PodARecord jessie_udp@dns-test-service.dns-2689.svc.cluster.local jessie_tcp@dns-test-service.dns-2689.svc.cluster.local jessie_udp@PodARecord jessie_tcp@PodARecord]&#xA;&#xA;Aug 27 09:57:04.633: INFO: Unable to read wheezy_udp@dns-test-service.dns-2689.svc.cluster.local from pod dns-2689/dns-test-16c8d22a-e0d7-4685-a07b-af603578fe5f: the server could not find the requested resource (get pods dns-test-16c8d22a-e0d7-4685-a07b-af603578fe5f)&#xA;Aug 27 09:57:04.641: INFO: Unable to read wheezy_tcp@dns-test-service.dns-2689.svc.cluster.local from pod dns-2689/dns-test-16c8d22a-e0d7-4685-a07b-af603578fe5f: the server could not find the requested resource (get pods dns-test-16c8d22a-e0d7-4685-a07b-af603578fe5f)&#xA;Aug 27 09:57:04.763: INFO: Unable to read wheezy_udp@PodARecord from pod dns-2689/dns-test-16c8d22a-e0d7-4685-a07b-af603578fe5f: the server could not find the requested resource (get pods dns-test-16c8d22a-e0d7-4685-a07b-af603578fe5f)&#xA;Aug 27 09:57:04.771: INFO: Unable to read wheezy_tcp@PodARecord from pod dns-2689/dns-test-16c8d22a-e0d7-4685-a07b-af603578fe5f: the server could not find the requested resource (get pods dns-test-16c8d22a-e0d7-4685-a07b-af603578fe5f)&#xA;Aug 27 09:57:04.828: INFO: Unable to read jessie_udp@dns-test-service.dns-2689.svc.cluster.local from pod dns-2689/dns-test-16c8d22a-e0d7-4685-a07b-af603578fe5f: the server could not find the requested resource (get pods dns-test-16c8d22a-e0d7-4685-a07b-af603578fe5f)&#xA;Aug 27 09:57:04.845: INFO: Unable to read jessie_tcp@dns-test-service.dns-2689.svc.cluster.local from pod dns-2689/dns-test-16c8d22a-e0d7-4685-a07b-af603578fe5f: the server could not find the requested resource (get pods dns-test-16c8d22a-e0d7-4685-a07b-af603578fe5f)&#xA;Aug 27 09:57:04.878: INFO: Unable to read jessie_udp@PodARecord from pod dns-2689/dns-test-16c8d22a-e0d7-4685-a07b-af603578fe5f: the server could not find the requested resource (get pods dns-test-16c8d22a-e0d7-4685-a07b-af603578fe5f)&#xA;Aug 27 09:57:04.889: INFO: Unable to read jessie_tcp@PodARecord from pod dns-2689/dns-test-16c8d22a-e0d7-4685-a07b-af603578fe5f: the server could not find the requested resource (get pods dns-test-16c8d22a-e0d7-4685-a07b-af603578fe5f)&#xA;Aug 27 09:57:04.914: INFO: Lookups using dns-2689/dns-test-16c8d22a-e0d7-4685-a07b-af603578fe5f failed for: [wheezy_udp@dns-test-service.dns-2689.svc.cluster.local wheezy_tcp@dns-test-service.dns-2689.svc.cluster.local wheezy_udp@PodARecord wheezy_tcp@PodARecord jessie_udp@dns-test-service.dns-2689.svc.cluster.local jessie_tcp@dns-test-service.dns-2689.svc.cluster.local jessie_udp@PodARecord jessie_tcp@PodARecord]&#xA;&#xA;Aug 27 09:57:09.619: INFO: Unable to read wheezy_udp@dns-test-service.dns-2689.svc.cluster.local from pod dns-2689/dns-test-16c8d22a-e0d7-4685-a07b-af603578fe5f: the server could not find the requested resource (get pods dns-test-16c8d22a-e0d7-4685-a07b-af603578fe5f)&#xA;Aug 27 09:57:09.624: INFO: Unable to read wheezy_tcp@dns-test-service.dns-2689.svc.cluster.local from pod dns-2689/dns-test-16c8d22a-e0d7-4685-a07b-af603578fe5f: the server could not find the requested resource (get pods dns-test-16c8d22a-e0d7-4685-a07b-af603578fe5f)&#xA;Aug 27 09:57:09.666: INFO: Unable to read wheezy_udp@PodARecord from pod dns-2689/dns-test-16c8d22a-e0d7-4685-a07b-af603578fe5f: the server could not find the requested resource (get pods dns-test-16c8d22a-e0d7-4685-a07b-af603578fe5f)&#xA;Aug 27 09:57:09.672: INFO: Unable to read wheezy_tcp@PodARecord from pod dns-2689/dns-test-16c8d22a-e0d7-4685-a07b-af603578fe5f: the server could not find the requested resource (get pods dns-test-16c8d22a-e0d7-4685-a07b-af603578fe5f)&#xA;Aug 27 09:57:09.696: INFO: Unable to read jessie_udp@dns-test-service.dns-2689.svc.cluster.local from pod dns-2689/dns-test-16c8d22a-e0d7-4685-a07b-af603578fe5f: the server could not find the requested resource (get pods dns-test-16c8d22a-e0d7-4685-a07b-af603578fe5f)&#xA;Aug 27 09:57:09.699: INFO: Unable to read jessie_tcp@dns-test-service.dns-2689.svc.cluster.local from pod dns-2689/dns-test-16c8d22a-e0d7-4685-a07b-af603578fe5f: the server could not find the requested resource (get pods dns-test-16c8d22a-e0d7-4685-a07b-af603578fe5f)&#xA;Aug 27 09:57:09.729: INFO: Unable to read jessie_udp@PodARecord from pod dns-2689/dns-test-16c8d22a-e0d7-4685-a07b-af603578fe5f: the server could not find the requested resource (get pods dns-test-16c8d22a-e0d7-4685-a07b-af603578fe5f)&#xA;Aug 27 09:57:09.746: INFO: Unable to read jessie_tcp@PodARecord from pod dns-2689/dns-test-16c8d22a-e0d7-4685-a07b-af603578fe5f: the server could not find the requested resource (get pods dns-test-16c8d22a-e0d7-4685-a07b-af603578fe5f)&#xA;Aug 27 09:57:09.767: INFO: Lookups using dns-2689/dns-test-16c8d22a-e0d7-4685-a07b-af603578fe5f failed for: [wheezy_udp@dns-test-service.dns-2689.svc.cluster.local wheezy_tcp@dns-test-service.dns-2689.svc.cluster.local wheezy_udp@PodARecord wheezy_tcp@PodARecord jessie_udp@dns-test-service.dns-2689.svc.cluster.local jessie_tcp@dns-test-service.dns-2689.svc.cluster.local jessie_udp@PodARecord jessie_tcp@PodARecord]&#xA;&#xA;Aug 27 09:57:14.619: INFO: Unable to read wheezy_udp@dns-test-service.dns-2689.svc.cluster.local from pod dns-2689/dns-test-16c8d22a-e0d7-4685-a07b-af603578fe5f: the server could not find the requested resource (get pods dns-test-16c8d22a-e0d7-4685-a07b-af603578fe5f)&#xA;Aug 27 09:57:14.666: INFO: Unable to read wheezy_tcp@dns-test-service.dns-2689.svc.cluster.local from pod dns-2689/dns-test-16c8d22a-e0d7-4685-a07b-af603578fe5f: the server could not find the requested resource (get pods dns-test-16c8d22a-e0d7-4685-a07b-af603578fe5f)&#xA;Aug 27 09:57:14.763: INFO: Unable to read wheezy_udp@PodARecord from pod dns-2689/dns-test-16c8d22a-e0d7-4685-a07b-af603578fe5f: the server could not find the requested resource (get pods dns-test-16c8d22a-e0d7-4685-a07b-af603578fe5f)&#xA;Aug 27 09:57:14.771: INFO: Unable to read wheezy_tcp@PodARecord from pod dns-2689/dns-test-16c8d22a-e0d7-4685-a07b-af603578fe5f: the server could not find the requested resource (get pods dns-test-16c8d22a-e0d7-4685-a07b-af603578fe5f)&#xA;Aug 27 09:57:14.795: INFO: Unable to read jessie_udp@dns-test-service.dns-2689.svc.cluster.local from pod dns-2689/dns-test-16c8d22a-e0d7-4685-a07b-af603578fe5f: the server could not find the requested resource (get pods dns-test-16c8d22a-e0d7-4685-a07b-af603578fe5f)&#xA;Aug 27 09:57:14.801: INFO: Unable to read jessie_tcp@dns-test-service.dns-2689.svc.cluster.local from pod dns-2689/dns-test-16c8d22a-e0d7-4685-a07b-af603578fe5f: the server could not find the requested resource (get pods dns-test-16c8d22a-e0d7-4685-a07b-af603578fe5f)&#xA;Aug 27 09:57:14.845: INFO: Unable to read jessie_udp@PodARecord from pod dns-2689/dns-test-16c8d22a-e0d7-4685-a07b-af603578fe5f: the server could not find the requested resource (get pods dns-test-16c8d22a-e0d7-4685-a07b-af603578fe5f)&#xA;Aug 27 09:57:14.855: INFO: Unable to read jessie_tcp@PodARecord from pod dns-2689/dns-test-16c8d22a-e0d7-4685-a07b-af603578fe5f: the server could not find the requested resource (get pods dns-test-16c8d22a-e0d7-4685-a07b-af603578fe5f)&#xA;Aug 27 09:57:14.865: INFO: Lookups using dns-2689/dns-test-16c8d22a-e0d7-4685-a07b-af603578fe5f failed for: [wheezy_udp@dns-test-service.dns-2689.svc.cluster.local wheezy_tcp@dns-test-service.dns-2689.svc.cluster.local wheezy_udp@PodARecord wheezy_tcp@PodARecord jessie_udp@dns-test-service.dns-2689.svc.cluster.local jessie_tcp@dns-test-service.dns-2689.svc.cluster.local jessie_udp@PodARecord jessie_tcp@PodARecord]&#xA;&#xA;Aug 27 09:57:19.629: INFO: Unable to read wheezy_udp@dns-test-service.dns-2689.svc.cluster.local from pod dns-2689/dns-test-16c8d22a-e0d7-4685-a07b-af603578fe5f: the server could not find the requested resource (get pods dns-test-16c8d22a-e0d7-4685-a07b-af603578fe5f)&#xA;Aug 27 09:57:19.633: INFO: Unable to read wheezy_tcp@dns-test-service.dns-2689.svc.cluster.local from pod dns-2689/dns-test-16c8d22a-e0d7-4685-a07b-af603578fe5f: the server could not find the requested resource (get pods dns-test-16c8d22a-e0d7-4685-a07b-af603578fe5f)&#xA;Aug 27 09:57:19.699: INFO: Unable to read wheezy_udp@PodARecord from pod dns-2689/dns-test-16c8d22a-e0d7-4685-a07b-af603578fe5f: the server could not find the requested resource (get pods dns-test-16c8d22a-e0d7-4685-a07b-af603578fe5f)&#xA;Aug 27 09:57:19.715: INFO: Unable to read wheezy_tcp@PodARecord from pod dns-2689/dns-test-16c8d22a-e0d7-4685-a07b-af603578fe5f: the server could not find the requested resource (get pods dns-test-16c8d22a-e0d7-4685-a07b-af603578fe5f)&#xA;Aug 27 09:57:19.746: INFO: Unable to read jessie_udp@dns-test-service.dns-2689.svc.cluster.local from pod dns-2689/dns-test-16c8d22a-e0d7-4685-a07b-af603578fe5f: the server could not find the requested resource (get pods dns-test-16c8d22a-e0d7-4685-a07b-af603578fe5f)&#xA;Aug 27 09:57:19.763: INFO: Unable to read jessie_tcp@dns-test-service.dns-2689.svc.cluster.local from pod dns-2689/dns-test-16c8d22a-e0d7-4685-a07b-af603578fe5f: the server could not find the requested resource (get pods dns-test-16c8d22a-e0d7-4685-a07b-af603578fe5f)&#xA;Aug 27 09:57:19.820: INFO: Unable to read jessie_udp@PodARecord from pod dns-2689/dns-test-16c8d22a-e0d7-4685-a07b-af603578fe5f: the server could not find the requested resource (get pods dns-test-16c8d22a-e0d7-4685-a07b-af603578fe5f)&#xA;Aug 27 09:57:19.834: INFO: Unable to read jessie_tcp@PodARecord from pod dns-2689/dns-test-16c8d22a-e0d7-4685-a07b-af603578fe5f: the server could not find the requested resource (get pods dns-test-16c8d22a-e0d7-4685-a07b-af603578fe5f)&#xA;Aug 27 09:57:19.847: INFO: Lookups using dns-2689/dns-test-16c8d22a-e0d7-4685-a07b-af603578fe5f failed for: [wheezy_udp@dns-test-service.dns-2689.svc.cluster.local wheezy_tcp@dns-test-service.dns-2689.svc.cluster.local wheezy_udp@PodARecord wheezy_tcp@PodARecord jessie_udp@dns-test-service.dns-2689.svc.cluster.local jessie_tcp@dns-test-service.dns-2689.svc.cluster.local jessie_udp@PodARecord jessie_tcp@PodARecord]&#xA;&#xA;Aug 27 09:57:24.629: INFO: Unable to read wheezy_udp@dns-test-service.dns-2689.svc.cluster.local from pod dns-2689/dns-test-16c8d22a-e0d7-4685-a07b-af603578fe5f: the server could not find the requested resource (get pods dns-test-16c8d22a-e0d7-4685-a07b-af603578fe5f)&#xA;Aug 27 09:57:24.635: INFO: Unable to read wheezy_tcp@dns-test-service.dns-2689.svc.cluster.local from pod dns-2689/dns-test-16c8d22a-e0d7-4685-a07b-af603578fe5f: the server could not find the requested resource (get pods dns-test-16c8d22a-e0d7-4685-a07b-af603578fe5f)&#xA;Aug 27 09:57:24.672: INFO: Unable to read wheezy_udp@PodARecord from pod dns-2689/dns-test-16c8d22a-e0d7-4685-a07b-af603578fe5f: the server could not find the requested resource (get pods dns-test-16c8d22a-e0d7-4685-a07b-af603578fe5f)&#xA;Aug 27 09:57:24.684: INFO: Unable to read wheezy_tcp@PodARecord from pod dns-2689/dns-test-16c8d22a-e0d7-4685-a07b-af603578fe5f: the server could not find the requested resource (get pods dns-test-16c8d22a-e0d7-4685-a07b-af603578fe5f)&#xA;Aug 27 09:57:24.723: INFO: Unable to read jessie_udp@dns-test-service.dns-2689.svc.cluster.local from pod dns-2689/dns-test-16c8d22a-e0d7-4685-a07b-af603578fe5f: the server could not find the requested resource (get pods dns-test-16c8d22a-e0d7-4685-a07b-af603578fe5f)&#xA;Aug 27 09:57:24.730: INFO: Unable to read jessie_tcp@dns-test-service.dns-2689.svc.cluster.local from pod dns-2689/dns-test-16c8d22a-e0d7-4685-a07b-af603578fe5f: the server could not find the requested resource (get pods dns-test-16c8d22a-e0d7-4685-a07b-af603578fe5f)&#xA;Aug 27 09:57:24.755: INFO: Unable to read jessie_udp@PodARecord from pod dns-2689/dns-test-16c8d22a-e0d7-4685-a07b-af603578fe5f: the server could not find the requested resource (get pods dns-test-16c8d22a-e0d7-4685-a07b-af603578fe5f)&#xA;Aug 27 09:57:24.759: INFO: Unable to read jessie_tcp@PodARecord from pod dns-2689/dns-test-16c8d22a-e0d7-4685-a07b-af603578fe5f: the server could not find the requested resource (get pods dns-test-16c8d22a-e0d7-4685-a07b-af603578fe5f)&#xA;Aug 27 09:57:24.768: INFO: Lookups using dns-2689/dns-test-16c8d22a-e0d7-4685-a07b-af603578fe5f failed for: [wheezy_udp@dns-test-service.dns-2689.svc.cluster.local wheezy_tcp@dns-test-service.dns-2689.svc.cluster.local wheezy_udp@PodARecord wheezy_tcp@PodARecord jessie_udp@dns-test-service.dns-2689.svc.cluster.local jessie_tcp@dns-test-service.dns-2689.svc.cluster.local jessie_udp@PodARecord jessie_tcp@PodARecord]&#xA;&#xA;Aug 27 09:57:29.618: INFO: Unable to read wheezy_udp@dns-test-service.dns-2689.svc.cluster.local from pod dns-2689/dns-test-16c8d22a-e0d7-4685-a07b-af603578fe5f: the server could not find the requested resource (get pods dns-test-16c8d22a-e0d7-4685-a07b-af603578fe5f)&#xA;Aug 27 09:57:29.626: INFO: Unable to read wheezy_tcp@dns-test-service.dns-2689.svc.cluster.local from pod dns-2689/dns-test-16c8d22a-e0d7-4685-a07b-af603578fe5f: the server could not find the requested resource (get pods dns-test-16c8d22a-e0d7-4685-a07b-af603578fe5f)&#xA;Aug 27 09:57:29.652: INFO: Unable to read wheezy_udp@PodARecord from pod dns-2689/dns-test-16c8d22a-e0d7-4685-a07b-af603578fe5f: the server could not find the requested resource (get pods dns-test-16c8d22a-e0d7-4685-a07b-af603578fe5f)&#xA;Aug 27 09:57:29.659: INFO: Unable to read wheezy_tcp@PodARecord from pod dns-2689/dns-test-16c8d22a-e0d7-4685-a07b-af603578fe5f: the server could not find the requested resource (get pods dns-test-16c8d22a-e0d7-4685-a07b-af603578fe5f)&#xA;Aug 27 09:57:29.671: INFO: Unable to read jessie_udp@dns-test-service.dns-2689.svc.cluster.local from pod dns-2689/dns-test-16c8d22a-e0d7-4685-a07b-af603578fe5f: the server could not find the requested resource (get pods dns-test-16c8d22a-e0d7-4685-a07b-af603578fe5f)&#xA;Aug 27 09:57:29.675: INFO: Unable to read jessie_tcp@dns-test-service.dns-2689.svc.cluster.local from pod dns-2689/dns-test-16c8d22a-e0d7-4685-a07b-af603578fe5f: the server could not find the requested resource (get pods dns-test-16c8d22a-e0d7-4685-a07b-af603578fe5f)&#xA;Aug 27 09:57:29.694: INFO: Unable to read jessie_udp@PodARecord from pod dns-2689/dns-test-16c8d22a-e0d7-4685-a07b-af603578fe5f: the server could not find the requested resource (get pods dns-test-16c8d22a-e0d7-4685-a07b-af603578fe5f)&#xA;Aug 27 09:57:29.701: INFO: Unable to read jessie_tcp@PodARecord from pod dns-2689/dns-test-16c8d22a-e0d7-4685-a07b-af603578fe5f: the server could not find the requested resource (get pods dns-test-16c8d22a-e0d7-4685-a07b-af603578fe5f)&#xA;Aug 27 09:57:29.711: INFO: Lookups using dns-2689/dns-test-16c8d22a-e0d7-4685-a07b-af603578fe5f failed for: [wheezy_udp@dns-test-service.dns-2689.svc.cluster.local wheezy_tcp@dns-test-service.dns-2689.svc.cluster.local wheezy_udp@PodARecord wheezy_tcp@PodARecord jessie_udp@dns-test-service.dns-2689.svc.cluster.local jessie_tcp@dns-test-service.dns-2689.svc.cluster.local jessie_udp@PodARecord jessie_tcp@PodARecord]&#xA;&#xA;Aug 27 09:57:34.618: INFO: Unable to read wheezy_udp@dns-test-service.dns-2689.svc.cluster.local from pod dns-2689/dns-test-16c8d22a-e0d7-4685-a07b-af603578fe5f: the server could not find the requested resource (get pods dns-test-16c8d22a-e0d7-4685-a07b-af603578fe5f)&#xA;Aug 27 09:57:34.625: INFO: Unable to read wheezy_tcp@dns-test-service.dns-2689.svc.cluster.local from pod dns-2689/dns-test-16c8d22a-e0d7-4685-a07b-af603578fe5f: the server could not find the requested resource (get pods dns-test-16c8d22a-e0d7-4685-a07b-af603578fe5f)&#xA;Aug 27 09:57:34.646: INFO: Unable to read wheezy_udp@PodARecord from pod dns-2689/dns-test-16c8d22a-e0d7-4685-a07b-af603578fe5f: the server could not find the requested resource (get pods dns-test-16c8d22a-e0d7-4685-a07b-af603578fe5f)&#xA;Aug 27 09:57:34.655: INFO: Unable to read wheezy_tcp@PodARecord from pod dns-2689/dns-test-16c8d22a-e0d7-4685-a07b-af603578fe5f: the server could not find the requested resource (get pods dns-test-16c8d22a-e0d7-4685-a07b-af603578fe5f)&#xA;Aug 27 09:57:34.671: INFO: Unable to read jessie_udp@dns-test-service.dns-2689.svc.cluster.local from pod dns-2689/dns-test-16c8d22a-e0d7-4685-a07b-af603578fe5f: the server could not find the requested resource (get pods dns-test-16c8d22a-e0d7-4685-a07b-af603578fe5f)&#xA;Aug 27 09:57:34.676: INFO: Unable to read jessie_tcp@dns-test-service.dns-2689.svc.cluster.local from pod dns-2689/dns-test-16c8d22a-e0d7-4685-a07b-af603578fe5f: the server could not find the requested resource (get pods dns-test-16c8d22a-e0d7-4685-a07b-af603578fe5f)&#xA;Aug 27 09:57:34.696: INFO: Unable to read jessie_udp@PodARecord from pod dns-2689/dns-test-16c8d22a-e0d7-4685-a07b-af603578fe5f: the server could not find the requested resource (get pods dns-test-16c8d22a-e0d7-4685-a07b-af603578fe5f)&#xA;Aug 27 09:57:34.701: INFO: Unable to read jessie_tcp@PodARecord from pod dns-2689/dns-test-16c8d22a-e0d7-4685-a07b-af603578fe5f: the server could not find the requested resource (get pods dns-test-16c8d22a-e0d7-4685-a07b-af603578fe5f)&#xA;Aug 27 09:57:34.710: INFO: Lookups using dns-2689/dns-test-16c8d22a-e0d7-4685-a07b-af603578fe5f failed for: [wheezy_udp@dns-test-service.dns-2689.svc.cluster.local wheezy_tcp@dns-test-service.dns-2689.svc.cluster.local wheezy_udp@PodARecord wheezy_tcp@PodARecord jessie_udp@dns-test-service.dns-2689.svc.cluster.local jessie_tcp@dns-test-service.dns-2689.svc.cluster.local jessie_udp@PodARecord jessie_tcp@PodARecord]&#xA;&#xA;Aug 27 09:57:39.619: INFO: Unable to read wheezy_udp@dns-test-service.dns-2689.svc.cluster.local from pod dns-2689/dns-test-16c8d22a-e0d7-4685-a07b-af603578fe5f: the server could not find the requested resource (get pods dns-test-16c8d22a-e0d7-4685-a07b-af603578fe5f)&#xA;Aug 27 09:57:39.625: INFO: Unable to read wheezy_tcp@dns-test-service.dns-2689.svc.cluster.local from pod dns-2689/dns-test-16c8d22a-e0d7-4685-a07b-af603578fe5f: the server could not find the requested resource (get pods dns-test-16c8d22a-e0d7-4685-a07b-af603578fe5f)&#xA;Aug 27 09:57:39.647: INFO: Unable to read wheezy_udp@PodARecord from pod dns-2689/dns-test-16c8d22a-e0d7-4685-a07b-af603578fe5f: the server could not find the requested resource (get pods dns-test-16c8d22a-e0d7-4685-a07b-af603578fe5f)&#xA;Aug 27 09:57:39.651: INFO: Unable to read wheezy_tcp@PodARecord from pod dns-2689/dns-test-16c8d22a-e0d7-4685-a07b-af603578fe5f: the server could not find the requested resource (get pods dns-test-16c8d22a-e0d7-4685-a07b-af603578fe5f)&#xA;Aug 27 09:57:39.667: INFO: Unable to read jessie_udp@dns-test-service.dns-2689.svc.cluster.local from pod dns-2689/dns-test-16c8d22a-e0d7-4685-a07b-af603578fe5f: the server could not find the requested resource (get pods dns-test-16c8d22a-e0d7-4685-a07b-af603578fe5f)&#xA;Aug 27 09:57:39.673: INFO: Unable to read jessie_tcp@dns-test-service.dns-2689.svc.cluster.local from pod dns-2689/dns-test-16c8d22a-e0d7-4685-a07b-af603578fe5f: the server could not find the requested resource (get pods dns-test-16c8d22a-e0d7-4685-a07b-af603578fe5f)&#xA;Aug 27 09:57:39.693: INFO: Unable to read jessie_udp@PodARecord from pod dns-2689/dns-test-16c8d22a-e0d7-4685-a07b-af603578fe5f: the server could not find the requested resource (get pods dns-test-16c8d22a-e0d7-4685-a07b-af603578fe5f)&#xA;Aug 27 09:57:39.699: INFO: Unable to read jessie_tcp@PodARecord from pod dns-2689/dns-test-16c8d22a-e0d7-4685-a07b-af603578fe5f: the server could not find the requested resource (get pods dns-test-16c8d22a-e0d7-4685-a07b-af603578fe5f)&#xA;Aug 27 09:57:39.707: INFO: Lookups using dns-2689/dns-test-16c8d22a-e0d7-4685-a07b-af603578fe5f failed for: [wheezy_udp@dns-test-service.dns-2689.svc.cluster.local wheezy_tcp@dns-test-service.dns-2689.svc.cluster.local wheezy_udp@PodARecord wheezy_tcp@PodARecord jessie_udp@dns-test-service.dns-2689.svc.cluster.local jessie_tcp@dns-test-service.dns-2689.svc.cluster.local jessie_udp@PodARecord jessie_tcp@PodARecord]&#xA;&#xA;Aug 27 09:57:44.618: INFO: Unable to read wheezy_udp@dns-test-service.dns-2689.svc.cluster.local from pod dns-2689/dns-test-16c8d22a-e0d7-4685-a07b-af603578fe5f: the server could not find the requested resource (get pods dns-test-16c8d22a-e0d7-4685-a07b-af603578fe5f)&#xA;Aug 27 09:57:44.623: INFO: Unable to read wheezy_tcp@dns-test-service.dns-2689.svc.cluster.local from pod dns-2689/dns-test-16c8d22a-e0d7-4685-a07b-af603578fe5f: the server could not find the requested resource (get pods dns-test-16c8d22a-e0d7-4685-a07b-af603578fe5f)&#xA;Aug 27 09:57:44.640: INFO: Unable to read wheezy_udp@PodARecord from pod dns-2689/dns-test-16c8d22a-e0d7-4685-a07b-af603578fe5f: the server could not find the requested resource (get pods dns-test-16c8d22a-e0d7-4685-a07b-af603578fe5f)&#xA;Aug 27 09:57:44.644: INFO: Unable to read wheezy_tcp@PodARecord from pod dns-2689/dns-test-16c8d22a-e0d7-4685-a07b-af603578fe5f: the server could not find the requested resource (get pods dns-test-16c8d22a-e0d7-4685-a07b-af603578fe5f)&#xA;Aug 27 09:57:44.656: INFO: Unable to read jessie_udp@dns-test-service.dns-2689.svc.cluster.local from pod dns-2689/dns-test-16c8d22a-e0d7-4685-a07b-af603578fe5f: the server could not find the requested resource (get pods dns-test-16c8d22a-e0d7-4685-a07b-af603578fe5f)&#xA;Aug 27 09:57:44.662: INFO: Unable to read jessie_tcp@dns-test-service.dns-2689.svc.cluster.local from pod dns-2689/dns-test-16c8d22a-e0d7-4685-a07b-af603578fe5f: the server could not find the requested resource (get pods dns-test-16c8d22a-e0d7-4685-a07b-af603578fe5f)&#xA;Aug 27 09:57:44.696: INFO: Unable to read jessie_udp@PodARecord from pod dns-2689/dns-test-16c8d22a-e0d7-4685-a07b-af603578fe5f: the server could not find the requested resource (get pods dns-test-16c8d22a-e0d7-4685-a07b-af603578fe5f)&#xA;Aug 27 09:57:44.711: INFO: Unable to read jessie_tcp@PodARecord from pod dns-2689/dns-test-16c8d22a-e0d7-4685-a07b-af603578fe5f: the server could not find the requested resource (get pods dns-test-16c8d22a-e0d7-4685-a07b-af603578fe5f)&#xA;Aug 27 09:57:44.720: INFO: Lookups using dns-2689/dns-test-16c8d22a-e0d7-4685-a07b-af603578fe5f failed for: [wheezy_udp@dns-test-service.dns-2689.svc.cluster.local wheezy_tcp@dns-test-service.dns-2689.svc.cluster.local wheezy_udp@PodARecord wheezy_tcp@PodARecord jessie_udp@dns-test-service.dns-2689.svc.cluster.local jessie_tcp@dns-test-service.dns-2689.svc.cluster.local jessie_udp@PodARecord jessie_tcp@PodARecord]&#xA;&#xA;Aug 27 09:57:49.619: INFO: Unable to read wheezy_udp@dns-test-service.dns-2689.svc.cluster.local from pod dns-2689/dns-test-16c8d22a-e0d7-4685-a07b-af603578fe5f: the server could not find the requested resource (get pods dns-test-16c8d22a-e0d7-4685-a07b-af603578fe5f)&#xA;Aug 27 09:57:49.627: INFO: Unable to read wheezy_tcp@dns-test-service.dns-2689.svc.cluster.local from pod dns-2689/dns-test-16c8d22a-e0d7-4685-a07b-af603578fe5f: the server could not find the requested resource (get pods dns-test-16c8d22a-e0d7-4685-a07b-af603578fe5f)&#xA;Aug 27 09:57:49.661: INFO: Unable to read wheezy_udp@PodARecord from pod dns-2689/dns-test-16c8d22a-e0d7-4685-a07b-af603578fe5f: the server could not find the requested resource (get pods dns-test-16c8d22a-e0d7-4685-a07b-af603578fe5f)&#xA;Aug 27 09:57:49.665: INFO: Unable to read wheezy_tcp@PodARecord from pod dns-2689/dns-test-16c8d22a-e0d7-4685-a07b-af603578fe5f: the server could not find the requested resource (get pods dns-test-16c8d22a-e0d7-4685-a07b-af603578fe5f)&#xA;Aug 27 09:57:49.677: INFO: Unable to read jessie_udp@dns-test-service.dns-2689.svc.cluster.local from pod dns-2689/dns-test-16c8d22a-e0d7-4685-a07b-af603578fe5f: the server could not find the requested resource (get pods dns-test-16c8d22a-e0d7-4685-a07b-af603578fe5f)&#xA;Aug 27 09:57:49.682: INFO: Unable to read jessie_tcp@dns-test-service.dns-2689.svc.cluster.local from pod dns-2689/dns-test-16c8d22a-e0d7-4685-a07b-af603578fe5f: the server could not find the requested resource (get pods dns-test-16c8d22a-e0d7-4685-a07b-af603578fe5f)&#xA;Aug 27 09:57:49.701: INFO: Unable to read jessie_udp@PodARecord from pod dns-2689/dns-test-16c8d22a-e0d7-4685-a07b-af603578fe5f: the server could not find the requested resource (get pods dns-test-16c8d22a-e0d7-4685-a07b-af603578fe5f)&#xA;Aug 27 09:57:49.706: INFO: Unable to read jessie_tcp@PodARecord from pod dns-2689/dns-test-16c8d22a-e0d7-4685-a07b-af603578fe5f: the server could not find the requested resource (get pods dns-test-16c8d22a-e0d7-4685-a07b-af603578fe5f)&#xA;Aug 27 09:57:49.716: INFO: Lookups using dns-2689/dns-test-16c8d22a-e0d7-4685-a07b-af603578fe5f failed for: [wheezy_udp@dns-test-service.dns-2689.svc.cluster.local wheezy_tcp@dns-test-service.dns-2689.svc.cluster.local wheezy_udp@PodARecord wheezy_tcp@PodARecord jessie_udp@dns-test-service.dns-2689.svc.cluster.local jessie_tcp@dns-test-service.dns-2689.svc.cluster.local jessie_udp@PodARecord jessie_tcp@PodARecord]&#xA;&#xA;Aug 27 09:57:54.627: INFO: Unable to read wheezy_udp@dns-test-service.dns-2689.svc.cluster.local from pod dns-2689/dns-test-16c8d22a-e0d7-4685-a07b-af603578fe5f: the server could not find the requested resource (get pods dns-test-16c8d22a-e0d7-4685-a07b-af603578fe5f)&#xA;Aug 27 09:57:54.640: INFO: Unable to read wheezy_tcp@dns-test-service.dns-2689.svc.cluster.local from pod dns-2689/dns-test-16c8d22a-e0d7-4685-a07b-af603578fe5f: the server could not find the requested resource (get pods dns-test-16c8d22a-e0d7-4685-a07b-af603578fe5f)&#xA;Aug 27 09:57:54.692: INFO: Unable to read wheezy_udp@PodARecord from pod dns-2689/dns-test-16c8d22a-e0d7-4685-a07b-af603578fe5f: the server could not find the requested resource (get pods dns-test-16c8d22a-e0d7-4685-a07b-af603578fe5f)&#xA;Aug 27 09:57:54.701: INFO: Unable to read wheezy_tcp@PodARecord from pod dns-2689/dns-test-16c8d22a-e0d7-4685-a07b-af603578fe5f: the server could not find the requested resource (get pods dns-test-16c8d22a-e0d7-4685-a07b-af603578fe5f)&#xA;Aug 27 09:57:54.734: INFO: Unable to read jessie_udp@dns-test-service.dns-2689.svc.cluster.local from pod dns-2689/dns-test-16c8d22a-e0d7-4685-a07b-af603578fe5f: the server could not find the requested resource (get pods dns-test-16c8d22a-e0d7-4685-a07b-af603578fe5f)&#xA;Aug 27 09:57:54.743: INFO: Unable to read jessie_tcp@dns-test-service.dns-2689.svc.cluster.local from pod dns-2689/dns-test-16c8d22a-e0d7-4685-a07b-af603578fe5f: the server could not find the requested resource (get pods dns-test-16c8d22a-e0d7-4685-a07b-af603578fe5f)&#xA;Aug 27 09:57:54.771: INFO: Unable to read jessie_udp@PodARecord from pod dns-2689/dns-test-16c8d22a-e0d7-4685-a07b-af603578fe5f: the server could not find the requested resource (get pods dns-test-16c8d22a-e0d7-4685-a07b-af603578fe5f)&#xA;Aug 27 09:57:54.806: INFO: Unable to read jessie_tcp@PodARecord from pod dns-2689/dns-test-16c8d22a-e0d7-4685-a07b-af603578fe5f: the server could not find the requested resource (get pods dns-test-16c8d22a-e0d7-4685-a07b-af603578fe5f)&#xA;Aug 27 09:57:54.879: INFO: Lookups using dns-2689/dns-test-16c8d22a-e0d7-4685-a07b-af603578fe5f failed for: [wheezy_udp@dns-test-service.dns-2689.svc.cluster.local wheezy_tcp@dns-test-service.dns-2689.svc.cluster.local wheezy_udp@PodARecord wheezy_tcp@PodARecord jessie_udp@dns-test-service.dns-2689.svc.cluster.local jessie_tcp@dns-test-service.dns-2689.svc.cluster.local jessie_udp@PodARecord jessie_tcp@PodARecord]&#xA;&#xA;Aug 27 09:57:59.697: INFO: Unable to read wheezy_udp@dns-test-service.dns-2689.svc.cluster.local from pod dns-2689/dns-test-16c8d22a-e0d7-4685-a07b-af603578fe5f: the server could not find the requested resource (get pods dns-test-16c8d22a-e0d7-4685-a07b-af603578fe5f)&#xA;Aug 27 09:57:59.714: INFO: Unable to read wheezy_tcp@dns-test-service.dns-2689.svc.cluster.local from pod dns-2689/dns-test-16c8d22a-e0d7-4685-a07b-af603578fe5f: the server could not find the requested resource (get pods dns-test-16c8d22a-e0d7-4685-a07b-af603578fe5f)&#xA;Aug 27 09:57:59.760: INFO: Unable to read wheezy_udp@PodARecord from pod dns-2689/dns-test-16c8d22a-e0d7-4685-a07b-af603578fe5f: the server could not find the requested resource (get pods dns-test-16c8d22a-e0d7-4685-a07b-af603578fe5f)&#xA;Aug 27 09:57:59.767: INFO: Unable to read wheezy_tcp@PodARecord from pod dns-2689/dns-test-16c8d22a-e0d7-4685-a07b-af603578fe5f: the server could not find the requested resource (get pods dns-test-16c8d22a-e0d7-4685-a07b-af603578fe5f)&#xA;Aug 27 09:57:59.794: INFO: Unable to read jessie_udp@dns-test-service.dns-2689.svc.cluster.local from pod dns-2689/dns-test-16c8d22a-e0d7-4685-a07b-af603578fe5f: the server could not find the requested resource (get pods dns-test-16c8d22a-e0d7-4685-a07b-af603578fe5f)&#xA;Aug 27 09:57:59.827: INFO: Unable to read jessie_tcp@dns-test-service.dns-2689.svc.cluster.local from pod dns-2689/dns-test-16c8d22a-e0d7-4685-a07b-af603578fe5f: the server could not find the requested resource (get pods dns-test-16c8d22a-e0d7-4685-a07b-af603578fe5f)&#xA;Aug 27 09:57:59.865: INFO: Unable to read jessie_udp@PodARecord from pod dns-2689/dns-test-16c8d22a-e0d7-4685-a07b-af603578fe5f: the server could not find the requested resource (get pods dns-test-16c8d22a-e0d7-4685-a07b-af603578fe5f)&#xA;Aug 27 09:57:59.878: INFO: Unable to read jessie_tcp@PodARecord from pod dns-2689/dns-test-16c8d22a-e0d7-4685-a07b-af603578fe5f: the server could not find the requested resource (get pods dns-test-16c8d22a-e0d7-4685-a07b-af603578fe5f)&#xA;Aug 27 09:57:59.903: INFO: Lookups using dns-2689/dns-test-16c8d22a-e0d7-4685-a07b-af603578fe5f failed for: [wheezy_udp@dns-test-service.dns-2689.svc.cluster.local wheezy_tcp@dns-test-service.dns-2689.svc.cluster.local wheezy_udp@PodARecord wheezy_tcp@PodARecord jessie_udp@dns-test-service.dns-2689.svc.cluster.local jessie_tcp@dns-test-service.dns-2689.svc.cluster.local jessie_udp@PodARecord jessie_tcp@PodARecord]&#xA;&#xA;Aug 27 09:58:04.622: INFO: Unable to read wheezy_udp@dns-test-service.dns-2689.svc.cluster.local from pod dns-2689/dns-test-16c8d22a-e0d7-4685-a07b-af603578fe5f: the server could not find the requested resource (get pods dns-test-16c8d22a-e0d7-4685-a07b-af603578fe5f)&#xA;Aug 27 09:58:04.631: INFO: Unable to read wheezy_tcp@dns-test-service.dns-2689.svc.cluster.local from pod dns-2689/dns-test-16c8d22a-e0d7-4685-a07b-af603578fe5f: the server could not find the requested resource (get pods dns-test-16c8d22a-e0d7-4685-a07b-af603578fe5f)&#xA;Aug 27 09:58:04.767: INFO: Unable to read wheezy_udp@PodARecord from pod dns-2689/dns-test-16c8d22a-e0d7-4685-a07b-af603578fe5f: the server could not find the requested resource (get pods dns-test-16c8d22a-e0d7-4685-a07b-af603578fe5f)&#xA;Aug 27 09:58:04.781: INFO: Unable to read wheezy_tcp@PodARecord from pod dns-2689/dns-test-16c8d22a-e0d7-4685-a07b-af603578fe5f: the server could not find the requested resource (get pods dns-test-16c8d22a-e0d7-4685-a07b-af603578fe5f)&#xA;Aug 27 09:58:04.807: INFO: Unable to read jessie_udp@dns-test-service.dns-2689.svc.cluster.local from pod dns-2689/dns-test-16c8d22a-e0d7-4685-a07b-af603578fe5f: the server could not find the requested resource (get pods dns-test-16c8d22a-e0d7-4685-a07b-af603578fe5f)&#xA;Aug 27 09:58:04.813: INFO: Unable to read jessie_tcp@dns-test-service.dns-2689.svc.cluster.local from pod dns-2689/dns-test-16c8d22a-e0d7-4685-a07b-af603578fe5f: the server could not find the requested resource (get pods dns-test-16c8d22a-e0d7-4685-a07b-af603578fe5f)&#xA;Aug 27 09:58:04.863: INFO: Unable to read jessie_udp@PodARecord from pod dns-2689/dns-test-16c8d22a-e0d7-4685-a07b-af603578fe5f: the server could not find the requested resource (get pods dns-test-16c8d22a-e0d7-4685-a07b-af603578fe5f)&#xA;Aug 27 09:58:04.872: INFO: Unable to read jessie_tcp@PodARecord from pod dns-2689/dns-test-16c8d22a-e0d7-4685-a07b-af603578fe5f: the server could not find the requested resource (get pods dns-test-16c8d22a-e0d7-4685-a07b-af603578fe5f)&#xA;Aug 27 09:58:04.895: INFO: Lookups using dns-2689/dns-test-16c8d22a-e0d7-4685-a07b-af603578fe5f failed for: [wheezy_udp@dns-test-service.dns-2689.svc.cluster.local wheezy_tcp@dns-test-service.dns-2689.svc.cluster.local wheezy_udp@PodARecord wheezy_tcp@PodARecord jessie_udp@dns-test-service.dns-2689.svc.cluster.local jessie_tcp@dns-test-service.dns-2689.svc.cluster.local jessie_udp@PodARecord jessie_tcp@PodARecord]&#xA;&#xA;Aug 27 09:58:09.621: INFO: Unable to read wheezy_udp@dns-test-service.dns-2689.svc.cluster.local from pod dns-2689/dns-test-16c8d22a-e0d7-4685-a07b-af603578fe5f: the server could not find the requested resource (get pods dns-test-16c8d22a-e0d7-4685-a07b-af603578fe5f)&#xA;Aug 27 09:58:09.632: INFO: Unable to read wheezy_tcp@dns-test-service.dns-2689.svc.cluster.local from pod dns-2689/dns-test-16c8d22a-e0d7-4685-a07b-af603578fe5f: the server could not find the requested resource (get pods dns-test-16c8d22a-e0d7-4685-a07b-af603578fe5f)&#xA;Aug 27 09:58:09.670: INFO: Unable to read wheezy_udp@PodARecord from pod dns-2689/dns-test-16c8d22a-e0d7-4685-a07b-af603578fe5f: the server could not find the requested resource (get pods dns-test-16c8d22a-e0d7-4685-a07b-af603578fe5f)&#xA;Aug 27 09:58:09.676: INFO: Unable to read wheezy_tcp@PodARecord from pod dns-2689/dns-test-16c8d22a-e0d7-4685-a07b-af603578fe5f: the server could not find the requested resource (get pods dns-test-16c8d22a-e0d7-4685-a07b-af603578fe5f)&#xA;Aug 27 09:58:09.702: INFO: Unable to read jessie_udp@dns-test-service.dns-2689.svc.cluster.local from pod dns-2689/dns-test-16c8d22a-e0d7-4685-a07b-af603578fe5f: the server could not find the requested resource (get pods dns-test-16c8d22a-e0d7-4685-a07b-af603578fe5f)&#xA;Aug 27 09:58:09.722: INFO: Unable to read jessie_tcp@dns-test-service.dns-2689.svc.cluster.local from pod dns-2689/dns-test-16c8d22a-e0d7-4685-a07b-af603578fe5f: the server could not find the requested resource (get pods dns-test-16c8d22a-e0d7-4685-a07b-af603578fe5f)&#xA;Aug 27 09:58:09.777: INFO: Unable to read jessie_udp@PodARecord from pod dns-2689/dns-test-16c8d22a-e0d7-4685-a07b-af603578fe5f: the server could not find the requested resource (get pods dns-test-16c8d22a-e0d7-4685-a07b-af603578fe5f)&#xA;Aug 27 09:58:09.784: INFO: Unable to read jessie_tcp@PodARecord from pod dns-2689/dns-test-16c8d22a-e0d7-4685-a07b-af603578fe5f: the server could not find the requested resource (get pods dns-test-16c8d22a-e0d7-4685-a07b-af603578fe5f)&#xA;Aug 27 09:58:09.794: INFO: Lookups using dns-2689/dns-test-16c8d22a-e0d7-4685-a07b-af603578fe5f failed for: [wheezy_udp@dns-test-service.dns-2689.svc.cluster.local wheezy_tcp@dns-test-service.dns-2689.svc.cluster.local wheezy_udp@PodARecord wheezy_tcp@PodARecord jessie_udp@dns-test-service.dns-2689.svc.cluster.local jessie_tcp@dns-test-service.dns-2689.svc.cluster.local jessie_udp@PodARecord jessie_tcp@PodARecord]&#xA;&#xA;Aug 27 09:58:14.633: INFO: Unable to read wheezy_udp@dns-test-service.dns-2689.svc.cluster.local from pod dns-2689/dns-test-16c8d22a-e0d7-4685-a07b-af603578fe5f: the server could not find the requested resource (get pods dns-test-16c8d22a-e0d7-4685-a07b-af603578fe5f)&#xA;Aug 27 09:58:14.639: INFO: Unable to read wheezy_tcp@dns-test-service.dns-2689.svc.cluster.local from pod dns-2689/dns-test-16c8d22a-e0d7-4685-a07b-af603578fe5f: the server could not find the requested resource (get pods dns-test-16c8d22a-e0d7-4685-a07b-af603578fe5f)&#xA;Aug 27 09:58:14.684: INFO: Unable to read wheezy_udp@PodARecord from pod dns-2689/dns-test-16c8d22a-e0d7-4685-a07b-af603578fe5f: the server could not find the requested resource (get pods dns-test-16c8d22a-e0d7-4685-a07b-af603578fe5f)&#xA;Aug 27 09:58:14.691: INFO: Unable to read wheezy_tcp@PodARecord from pod dns-2689/dns-test-16c8d22a-e0d7-4685-a07b-af603578fe5f: the server could not find the requested resource (get pods dns-test-16c8d22a-e0d7-4685-a07b-af603578fe5f)&#xA;Aug 27 09:58:14.714: INFO: Unable to read jessie_udp@dns-test-service.dns-2689.svc.cluster.local from pod dns-2689/dns-test-16c8d22a-e0d7-4685-a07b-af603578fe5f: the server could not find the requested resource (get pods dns-test-16c8d22a-e0d7-4685-a07b-af603578fe5f)&#xA;Aug 27 09:58:14.726: INFO: Unable to read jessie_tcp@dns-test-service.dns-2689.svc.cluster.local from pod dns-2689/dns-test-16c8d22a-e0d7-4685-a07b-af603578fe5f: the server could not find the requested resource (get pods dns-test-16c8d22a-e0d7-4685-a07b-af603578fe5f)&#xA;Aug 27 09:58:14.776: INFO: Unable to read jessie_udp@PodARecord from pod dns-2689/dns-test-16c8d22a-e0d7-4685-a07b-af603578fe5f: the server could not find the requested resource (get pods dns-test-16c8d22a-e0d7-4685-a07b-af603578fe5f)&#xA;Aug 27 09:58:14.787: INFO: Unable to read jessie_tcp@PodARecord from pod dns-2689/dns-test-16c8d22a-e0d7-4685-a07b-af603578fe5f: the server could not find the requested resource (get pods dns-test-16c8d22a-e0d7-4685-a07b-af603578fe5f)&#xA;Aug 27 09:58:14.804: INFO: Lookups using dns-2689/dns-test-16c8d22a-e0d7-4685-a07b-af603578fe5f failed for: [wheezy_udp@dns-test-service.dns-2689.svc.cluster.local wheezy_tcp@dns-test-service.dns-2689.svc.cluster.local wheezy_udp@PodARecord wheezy_tcp@PodARecord jessie_udp@dns-test-service.dns-2689.svc.cluster.local jessie_tcp@dns-test-service.dns-2689.svc.cluster.local jessie_udp@PodARecord jessie_tcp@PodARecord]&#xA;&#xA;Aug 27 09:58:19.620: INFO: Unable to read wheezy_udp@dns-test-service.dns-2689.svc.cluster.local from pod dns-2689/dns-test-16c8d22a-e0d7-4685-a07b-af603578fe5f: the server could not find the requested resource (get pods dns-test-16c8d22a-e0d7-4685-a07b-af603578fe5f)&#xA;Aug 27 09:58:19.629: INFO: Unable to read wheezy_tcp@dns-test-service.dns-2689.svc.cluster.local from pod dns-2689/dns-test-16c8d22a-e0d7-4685-a07b-af603578fe5f: the server could not find the requested resource (get pods dns-test-16c8d22a-e0d7-4685-a07b-af603578fe5f)&#xA;Aug 27 09:58:19.653: INFO: Unable to read wheezy_udp@PodARecord from pod dns-2689/dns-test-16c8d22a-e0d7-4685-a07b-af603578fe5f: the server could not find the requested resource (get pods dns-test-16c8d22a-e0d7-4685-a07b-af603578fe5f)&#xA;Aug 27 09:58:19.663: INFO: Unable to read wheezy_tcp@PodARecord from pod dns-2689/dns-test-16c8d22a-e0d7-4685-a07b-af603578fe5f: the server could not find the requested resource (get pods dns-test-16c8d22a-e0d7-4685-a07b-af603578fe5f)&#xA;Aug 27 09:58:19.679: INFO: Unable to read jessie_udp@dns-test-service.dns-2689.svc.cluster.local from pod dns-2689/dns-test-16c8d22a-e0d7-4685-a07b-af603578fe5f: the server could not find the requested resource (get pods dns-test-16c8d22a-e0d7-4685-a07b-af603578fe5f)&#xA;Aug 27 09:58:19.686: INFO: Unable to read jessie_tcp@dns-test-service.dns-2689.svc.cluster.local from pod dns-2689/dns-test-16c8d22a-e0d7-4685-a07b-af603578fe5f: the server could not find the requested resource (get pods dns-test-16c8d22a-e0d7-4685-a07b-af603578fe5f)&#xA;Aug 27 09:58:19.739: INFO: Unable to read jessie_udp@PodARecord from pod dns-2689/dns-test-16c8d22a-e0d7-4685-a07b-af603578fe5f: the server could not find the requested resource (get pods dns-test-16c8d22a-e0d7-4685-a07b-af603578fe5f)&#xA;Aug 27 09:58:19.750: INFO: Unable to read jessie_tcp@PodARecord from pod dns-2689/dns-test-16c8d22a-e0d7-4685-a07b-af603578fe5f: the server could not find the requested resource (get pods dns-test-16c8d22a-e0d7-4685-a07b-af603578fe5f)&#xA;Aug 27 09:58:19.826: INFO: Lookups using dns-2689/dns-test-16c8d22a-e0d7-4685-a07b-af603578fe5f failed for: [wheezy_udp@dns-test-service.dns-2689.svc.cluster.local wheezy_tcp@dns-test-service.dns-2689.svc.cluster.local wheezy_udp@PodARecord wheezy_tcp@PodARecord jessie_udp@dns-test-service.dns-2689.svc.cluster.local jessie_tcp@dns-test-service.dns-2689.svc.cluster.local jessie_udp@PodARecord jessie_tcp@PodARecord]&#xA;&#xA;Aug 27 09:58:24.633: INFO: Unable to read wheezy_udp@dns-test-service.dns-2689.svc.cluster.local from pod dns-2689/dns-test-16c8d22a-e0d7-4685-a07b-af603578fe5f: the server could not find the requested resource (get pods dns-test-16c8d22a-e0d7-4685-a07b-af603578fe5f)&#xA;Aug 27 09:58:24.640: INFO: Unable to read wheezy_tcp@dns-test-service.dns-2689.svc.cluster.local from pod dns-2689/dns-test-16c8d22a-e0d7-4685-a07b-af603578fe5f: the server could not find the requested resource (get pods dns-test-16c8d22a-e0d7-4685-a07b-af603578fe5f)&#xA;Aug 27 09:58:24.688: INFO: Unable to read wheezy_udp@PodARecord from pod dns-2689/dns-test-16c8d22a-e0d7-4685-a07b-af603578fe5f: the server could not find the requested resource (get pods dns-test-16c8d22a-e0d7-4685-a07b-af603578fe5f)&#xA;Aug 27 09:58:24.692: INFO: Unable to read wheezy_tcp@PodARecord from pod dns-2689/dns-test-16c8d22a-e0d7-4685-a07b-af603578fe5f: the server could not find the requested resource (get pods dns-test-16c8d22a-e0d7-4685-a07b-af603578fe5f)&#xA;Aug 27 09:58:24.704: INFO: Unable to read jessie_udp@dns-test-service.dns-2689.svc.cluster.local from pod dns-2689/dns-test-16c8d22a-e0d7-4685-a07b-af603578fe5f: the server could not find the requested resource (get pods dns-test-16c8d22a-e0d7-4685-a07b-af603578fe5f)&#xA;Aug 27 09:58:24.708: INFO: Unable to read jessie_tcp@dns-test-service.dns-2689.svc.cluster.local from pod dns-2689/dns-test-16c8d22a-e0d7-4685-a07b-af603578fe5f: the server could not find the requested resource (get pods dns-test-16c8d22a-e0d7-4685-a07b-af603578fe5f)&#xA;Aug 27 09:58:24.740: INFO: Unable to read jessie_udp@PodARecord from pod dns-2689/dns-test-16c8d22a-e0d7-4685-a07b-af603578fe5f: the server could not find the requested resource (get pods dns-test-16c8d22a-e0d7-4685-a07b-af603578fe5f)&#xA;Aug 27 09:58:24.746: INFO: Unable to read jessie_tcp@PodARecord from pod dns-2689/dns-test-16c8d22a-e0d7-4685-a07b-af603578fe5f: the server could not find the requested resource (get pods dns-test-16c8d22a-e0d7-4685-a07b-af603578fe5f)&#xA;Aug 27 09:58:24.783: INFO: Lookups using dns-2689/dns-test-16c8d22a-e0d7-4685-a07b-af603578fe5f failed for: [wheezy_udp@dns-test-service.dns-2689.svc.cluster.local wheezy_tcp@dns-test-service.dns-2689.svc.cluster.local wheezy_udp@PodARecord wheezy_tcp@PodARecord jessie_udp@dns-test-service.dns-2689.svc.cluster.local jessie_tcp@dns-test-service.dns-2689.svc.cluster.local jessie_udp@PodARecord jessie_tcp@PodARecord]&#xA;&#xA;Aug 27 09:58:29.619: INFO: Unable to read wheezy_udp@dns-test-service.dns-2689.svc.cluster.local from pod dns-2689/dns-test-16c8d22a-e0d7-4685-a07b-af603578fe5f: the server could not find the requested resource (get pods dns-test-16c8d22a-e0d7-4685-a07b-af603578fe5f)&#xA;Aug 27 09:58:29.634: INFO: Unable to read wheezy_tcp@dns-test-service.dns-2689.svc.cluster.local from pod dns-2689/dns-test-16c8d22a-e0d7-4685-a07b-af603578fe5f: the server could not find the requested resource (get pods dns-test-16c8d22a-e0d7-4685-a07b-af603578fe5f)&#xA;Aug 27 09:58:29.676: INFO: Unable to read wheezy_udp@PodARecord from pod dns-2689/dns-test-16c8d22a-e0d7-4685-a07b-af603578fe5f: the server could not find the requested resource (get pods dns-test-16c8d22a-e0d7-4685-a07b-af603578fe5f)&#xA;Aug 27 09:58:29.680: INFO: Unable to read wheezy_tcp@PodARecord from pod dns-2689/dns-test-16c8d22a-e0d7-4685-a07b-af603578fe5f: the server could not find the requested resource (get pods dns-test-16c8d22a-e0d7-4685-a07b-af603578fe5f)&#xA;Aug 27 09:58:29.696: INFO: Unable to read jessie_udp@dns-test-service.dns-2689.svc.cluster.local from pod dns-2689/dns-test-16c8d22a-e0d7-4685-a07b-af603578fe5f: the server could not find the requested resource (get pods dns-test-16c8d22a-e0d7-4685-a07b-af603578fe5f)&#xA;Aug 27 09:58:29.702: INFO: Unable to read jessie_tcp@dns-test-service.dns-2689.svc.cluster.local from pod dns-2689/dns-test-16c8d22a-e0d7-4685-a07b-af603578fe5f: the server could not find the requested resource (get pods dns-test-16c8d22a-e0d7-4685-a07b-af603578fe5f)&#xA;Aug 27 09:58:29.739: INFO: Unable to read jessie_udp@PodARecord from pod dns-2689/dns-test-16c8d22a-e0d7-4685-a07b-af603578fe5f: the server could not find the requested resource (get pods dns-test-16c8d22a-e0d7-4685-a07b-af603578fe5f)&#xA;Aug 27 09:58:29.760: INFO: Unable to read jessie_tcp@PodARecord from pod dns-2689/dns-test-16c8d22a-e0d7-4685-a07b-af603578fe5f: the server could not find the requested resource (get pods dns-test-16c8d22a-e0d7-4685-a07b-af603578fe5f)&#xA;Aug 27 09:58:29.773: INFO: Lookups using dns-2689/dns-test-16c8d22a-e0d7-4685-a07b-af603578fe5f failed for: [wheezy_udp@dns-test-service.dns-2689.svc.cluster.local wheezy_tcp@dns-test-service.dns-2689.svc.cluster.local wheezy_udp@PodARecord wheezy_tcp@PodARecord jessie_udp@dns-test-service.dns-2689.svc.cluster.local jessie_tcp@dns-test-service.dns-2689.svc.cluster.local jessie_udp@PodARecord jessie_tcp@PodARecord]&#xA;&#xA;Aug 27 09:58:34.619: INFO: Unable to read wheezy_udp@dns-test-service.dns-2689.svc.cluster.local from pod dns-2689/dns-test-16c8d22a-e0d7-4685-a07b-af603578fe5f: the server could not find the requested resource (get pods dns-test-16c8d22a-e0d7-4685-a07b-af603578fe5f)&#xA;Aug 27 09:58:34.624: INFO: Unable to read wheezy_tcp@dns-test-service.dns-2689.svc.cluster.local from pod dns-2689/dns-test-16c8d22a-e0d7-4685-a07b-af603578fe5f: the server could not find the requested resource (get pods dns-test-16c8d22a-e0d7-4685-a07b-af603578fe5f)&#xA;Aug 27 09:58:34.643: INFO: Unable to read wheezy_udp@PodARecord from pod dns-2689/dns-test-16c8d22a-e0d7-4685-a07b-af603578fe5f: the server could not find the requested resource (get pods dns-test-16c8d22a-e0d7-4685-a07b-af603578fe5f)&#xA;Aug 27 09:58:34.650: INFO: Unable to read wheezy_tcp@PodARecord from pod dns-2689/dns-test-16c8d22a-e0d7-4685-a07b-af603578fe5f: the server could not find the requested resource (get pods dns-test-16c8d22a-e0d7-4685-a07b-af603578fe5f)&#xA;Aug 27 09:58:34.668: INFO: Unable to read jessie_udp@dns-test-service.dns-2689.svc.cluster.local from pod dns-2689/dns-test-16c8d22a-e0d7-4685-a07b-af603578fe5f: the server could not find the requested resource (get pods dns-test-16c8d22a-e0d7-4685-a07b-af603578fe5f)&#xA;Aug 27 09:58:34.673: INFO: Unable to read jessie_tcp@dns-test-service.dns-2689.svc.cluster.local from pod dns-2689/dns-test-16c8d22a-e0d7-4685-a07b-af603578fe5f: the server could not find the requested resource (get pods dns-test-16c8d22a-e0d7-4685-a07b-af603578fe5f)&#xA;Aug 27 09:58:34.698: INFO: Unable to read jessie_udp@PodARecord from pod dns-2689/dns-test-16c8d22a-e0d7-4685-a07b-af603578fe5f: the server could not find the requested resource (get pods dns-test-16c8d22a-e0d7-4685-a07b-af603578fe5f)&#xA;Aug 27 09:58:34.702: INFO: Unable to read jessie_tcp@PodARecord from pod dns-2689/dns-test-16c8d22a-e0d7-4685-a07b-af603578fe5f: the server could not find the requested resource (get pods dns-test-16c8d22a-e0d7-4685-a07b-af603578fe5f)&#xA;Aug 27 09:58:34.711: INFO: Lookups using dns-2689/dns-test-16c8d22a-e0d7-4685-a07b-af603578fe5f failed for: [wheezy_udp@dns-test-service.dns-2689.svc.cluster.local wheezy_tcp@dns-test-service.dns-2689.svc.cluster.local wheezy_udp@PodARecord wheezy_tcp@PodARecord jessie_udp@dns-test-service.dns-2689.svc.cluster.local jessie_tcp@dns-test-service.dns-2689.svc.cluster.local jessie_udp@PodARecord jessie_tcp@PodARecord]&#xA;&#xA;Aug 27 09:58:39.619: INFO: Unable to read wheezy_udp@dns-test-service.dns-2689.svc.cluster.local from pod dns-2689/dns-test-16c8d22a-e0d7-4685-a07b-af603578fe5f: the server could not find the requested resource (get pods dns-test-16c8d22a-e0d7-4685-a07b-af603578fe5f)&#xA;Aug 27 09:58:39.624: INFO: Unable to read wheezy_tcp@dns-test-service.dns-2689.svc.cluster.local from pod dns-2689/dns-test-16c8d22a-e0d7-4685-a07b-af603578fe5f: the server could not find the requested resource (get pods dns-test-16c8d22a-e0d7-4685-a07b-af603578fe5f)&#xA;Aug 27 09:58:39.643: INFO: Unable to read wheezy_udp@PodARecord from pod dns-2689/dns-test-16c8d22a-e0d7-4685-a07b-af603578fe5f: the server could not find the requested resource (get pods dns-test-16c8d22a-e0d7-4685-a07b-af603578fe5f)&#xA;Aug 27 09:58:39.649: INFO: Unable to read wheezy_tcp@PodARecord from pod dns-2689/dns-test-16c8d22a-e0d7-4685-a07b-af603578fe5f: the server could not find the requested resource (get pods dns-test-16c8d22a-e0d7-4685-a07b-af603578fe5f)&#xA;Aug 27 09:58:39.662: INFO: Unable to read jessie_udp@dns-test-service.dns-2689.svc.cluster.local from pod dns-2689/dns-test-16c8d22a-e0d7-4685-a07b-af603578fe5f: the server could not find the requested resource (get pods dns-test-16c8d22a-e0d7-4685-a07b-af603578fe5f)&#xA;Aug 27 09:58:39.666: INFO: Unable to read jessie_tcp@dns-test-service.dns-2689.svc.cluster.local from pod dns-2689/dns-test-16c8d22a-e0d7-4685-a07b-af603578fe5f: the server could not find the requested resource (get pods dns-test-16c8d22a-e0d7-4685-a07b-af603578fe5f)&#xA;Aug 27 09:58:39.698: INFO: Unable to read jessie_udp@PodARecord from pod dns-2689/dns-test-16c8d22a-e0d7-4685-a07b-af603578fe5f: the server could not find the requested resource (get pods dns-test-16c8d22a-e0d7-4685-a07b-af603578fe5f)&#xA;Aug 27 09:58:39.703: INFO: Unable to read jessie_tcp@PodARecord from pod dns-2689/dns-test-16c8d22a-e0d7-4685-a07b-af603578fe5f: the server could not find the requested resource (get pods dns-test-16c8d22a-e0d7-4685-a07b-af603578fe5f)&#xA;Aug 27 09:58:39.711: INFO: Lookups using dns-2689/dns-test-16c8d22a-e0d7-4685-a07b-af603578fe5f failed for: [wheezy_udp@dns-test-service.dns-2689.svc.cluster.local wheezy_tcp@dns-test-service.dns-2689.svc.cluster.local wheezy_udp@PodARecord wheezy_tcp@PodARecord jessie_udp@dns-test-service.dns-2689.svc.cluster.local jessie_tcp@dns-test-service.dns-2689.svc.cluster.local jessie_udp@PodARecord jessie_tcp@PodARecord]&#xA;&#xA;Aug 27 09:58:44.619: INFO: Unable to read wheezy_udp@dns-test-service.dns-2689.svc.cluster.local from pod dns-2689/dns-test-16c8d22a-e0d7-4685-a07b-af603578fe5f: the server could not find the requested resource (get pods dns-test-16c8d22a-e0d7-4685-a07b-af603578fe5f)&#xA;Aug 27 09:58:44.623: INFO: Unable to read wheezy_tcp@dns-test-service.dns-2689.svc.cluster.local from pod dns-2689/dns-test-16c8d22a-e0d7-4685-a07b-af603578fe5f: the server could not find the requested resource (get pods dns-test-16c8d22a-e0d7-4685-a07b-af603578fe5f)&#xA;Aug 27 09:58:44.643: INFO: Unable to read wheezy_udp@PodARecord from pod dns-2689/dns-test-16c8d22a-e0d7-4685-a07b-af603578fe5f: the server could not find the requested resource (get pods dns-test-16c8d22a-e0d7-4685-a07b-af603578fe5f)&#xA;Aug 27 09:58:44.650: INFO: Unable to read wheezy_tcp@PodARecord from pod dns-2689/dns-test-16c8d22a-e0d7-4685-a07b-af603578fe5f: the server could not find the requested resource (get pods dns-test-16c8d22a-e0d7-4685-a07b-af603578fe5f)&#xA;Aug 27 09:58:44.663: INFO: Unable to read jessie_udp@dns-test-service.dns-2689.svc.cluster.local from pod dns-2689/dns-test-16c8d22a-e0d7-4685-a07b-af603578fe5f: the server could not find the requested resource (get pods dns-test-16c8d22a-e0d7-4685-a07b-af603578fe5f)&#xA;Aug 27 09:58:44.668: INFO: Unable to read jessie_tcp@dns-test-service.dns-2689.svc.cluster.local from pod dns-2689/dns-test-16c8d22a-e0d7-4685-a07b-af603578fe5f: the server could not find the requested resource (get pods dns-test-16c8d22a-e0d7-4685-a07b-af603578fe5f)&#xA;Aug 27 09:58:44.688: INFO: Unable to read jessie_udp@PodARecord from pod dns-2689/dns-test-16c8d22a-e0d7-4685-a07b-af603578fe5f: the server could not find the requested resource (get pods dns-test-16c8d22a-e0d7-4685-a07b-af603578fe5f)&#xA;Aug 27 09:58:44.694: INFO: Unable to read jessie_tcp@PodARecord from pod dns-2689/dns-test-16c8d22a-e0d7-4685-a07b-af603578fe5f: the server could not find the requested resource (get pods dns-test-16c8d22a-e0d7-4685-a07b-af603578fe5f)&#xA;Aug 27 09:58:44.710: INFO: Lookups using dns-2689/dns-test-16c8d22a-e0d7-4685-a07b-af603578fe5f failed for: [wheezy_udp@dns-test-service.dns-2689.svc.cluster.local wheezy_tcp@dns-test-service.dns-2689.svc.cluster.local wheezy_udp@PodARecord wheezy_tcp@PodARecord jessie_udp@dns-test-service.dns-2689.svc.cluster.local jessie_tcp@dns-test-service.dns-2689.svc.cluster.local jessie_udp@PodARecord jessie_tcp@PodARecord]&#xA;&#xA;Aug 27 09:58:49.624: INFO: Unable to read wheezy_udp@dns-test-service.dns-2689.svc.cluster.local from pod dns-2689/dns-test-16c8d22a-e0d7-4685-a07b-af603578fe5f: the server could not find the requested resource (get pods dns-test-16c8d22a-e0d7-4685-a07b-af603578fe5f)&#xA;Aug 27 09:58:49.635: INFO: Unable to read wheezy_tcp@dns-test-service.dns-2689.svc.cluster.local from pod dns-2689/dns-test-16c8d22a-e0d7-4685-a07b-af603578fe5f: the server could not find the requested resource (get pods dns-test-16c8d22a-e0d7-4685-a07b-af603578fe5f)&#xA;Aug 27 09:58:49.665: INFO: Unable to read wheezy_udp@PodARecord from pod dns-2689/dns-test-16c8d22a-e0d7-4685-a07b-af603578fe5f: the server could not find the requested resource (get pods dns-test-16c8d22a-e0d7-4685-a07b-af603578fe5f)&#xA;Aug 27 09:58:49.682: INFO: Unable to read wheezy_tcp@PodARecord from pod dns-2689/dns-test-16c8d22a-e0d7-4685-a07b-af603578fe5f: the server could not find the requested resource (get pods dns-test-16c8d22a-e0d7-4685-a07b-af603578fe5f)&#xA;Aug 27 09:58:49.743: INFO: Unable to read jessie_udp@dns-test-service.dns-2689.svc.cluster.local from pod dns-2689/dns-test-16c8d22a-e0d7-4685-a07b-af603578fe5f: the server could not find the requested resource (get pods dns-test-16c8d22a-e0d7-4685-a07b-af603578fe5f)&#xA;Aug 27 09:58:49.749: INFO: Unable to read jessie_tcp@dns-test-service.dns-2689.svc.cluster.local from pod dns-2689/dns-test-16c8d22a-e0d7-4685-a07b-af603578fe5f: the server could not find the requested resource (get pods dns-test-16c8d22a-e0d7-4685-a07b-af603578fe5f)&#xA;Aug 27 09:58:49.769: INFO: Unable to read jessie_udp@PodARecord from pod dns-2689/dns-test-16c8d22a-e0d7-4685-a07b-af603578fe5f: the server could not find the requested resource (get pods dns-test-16c8d22a-e0d7-4685-a07b-af603578fe5f)&#xA;Aug 27 09:58:49.775: INFO: Unable to read jessie_tcp@PodARecord from pod dns-2689/dns-test-16c8d22a-e0d7-4685-a07b-af603578fe5f: the server could not find the requested resource (get pods dns-test-16c8d22a-e0d7-4685-a07b-af603578fe5f)&#xA;Aug 27 09:58:49.785: INFO: Lookups using dns-2689/dns-test-16c8d22a-e0d7-4685-a07b-af603578fe5f failed for: [wheezy_udp@dns-test-service.dns-2689.svc.cluster.local wheezy_tcp@dns-test-service.dns-2689.svc.cluster.local wheezy_udp@PodARecord wheezy_tcp@PodARecord jessie_udp@dns-test-service.dns-2689.svc.cluster.local jessie_tcp@dns-test-service.dns-2689.svc.cluster.local jessie_udp@PodARecord jessie_tcp@PodARecord]&#xA;&#xA;Aug 27 09:58:54.627: INFO: Unable to read wheezy_udp@dns-test-service.dns-2689.svc.cluster.local from pod dns-2689/dns-test-16c8d22a-e0d7-4685-a07b-af603578fe5f: the server could not find the requested resource (get pods dns-test-16c8d22a-e0d7-4685-a07b-af603578fe5f)&#xA;Aug 27 09:58:54.639: INFO: Unable to read wheezy_tcp@dns-test-service.dns-2689.svc.cluster.local from pod dns-2689/dns-test-16c8d22a-e0d7-4685-a07b-af603578fe5f: the server could not find the requested resource (get pods dns-test-16c8d22a-e0d7-4685-a07b-af603578fe5f)&#xA;Aug 27 09:58:54.696: INFO: Unable to read wheezy_udp@PodARecord from pod dns-2689/dns-test-16c8d22a-e0d7-4685-a07b-af603578fe5f: the server could not find the requested resource (get pods dns-test-16c8d22a-e0d7-4685-a07b-af603578fe5f)&#xA;Aug 27 09:58:54.701: INFO: Unable to read wheezy_tcp@PodARecord from pod dns-2689/dns-test-16c8d22a-e0d7-4685-a07b-af603578fe5f: the server could not find the requested resource (get pods dns-test-16c8d22a-e0d7-4685-a07b-af603578fe5f)&#xA;Aug 27 09:58:54.748: INFO: Unable to read jessie_udp@dns-test-service.dns-2689.svc.cluster.local from pod dns-2689/dns-test-16c8d22a-e0d7-4685-a07b-af603578fe5f: the server could not find the requested resource (get pods dns-test-16c8d22a-e0d7-4685-a07b-af603578fe5f)&#xA;Aug 27 09:58:54.759: INFO: Unable to read jessie_tcp@dns-test-service.dns-2689.svc.cluster.local from pod dns-2689/dns-test-16c8d22a-e0d7-4685-a07b-af603578fe5f: the server could not find the requested resource (get pods dns-test-16c8d22a-e0d7-4685-a07b-af603578fe5f)&#xA;Aug 27 09:58:54.827: INFO: Unable to read jessie_udp@PodARecord from pod dns-2689/dns-test-16c8d22a-e0d7-4685-a07b-af603578fe5f: the server could not find the requested resource (get pods dns-test-16c8d22a-e0d7-4685-a07b-af603578fe5f)&#xA;Aug 27 09:58:54.859: INFO: Unable to read jessie_tcp@PodARecord from pod dns-2689/dns-test-16c8d22a-e0d7-4685-a07b-af603578fe5f: the server could not find the requested resource (get pods dns-test-16c8d22a-e0d7-4685-a07b-af603578fe5f)&#xA;Aug 27 09:58:54.883: INFO: Lookups using dns-2689/dns-test-16c8d22a-e0d7-4685-a07b-af603578fe5f failed for: [wheezy_udp@dns-test-service.dns-2689.svc.cluster.local wheezy_tcp@dns-test-service.dns-2689.svc.cluster.local wheezy_udp@PodARecord wheezy_tcp@PodARecord jessie_udp@dns-test-service.dns-2689.svc.cluster.local jessie_tcp@dns-test-service.dns-2689.svc.cluster.local jessie_udp@PodARecord jessie_tcp@PodARecord]&#xA;&#xA;Aug 27 09:58:59.637: INFO: Unable to read wheezy_udp@dns-test-service.dns-2689.svc.cluster.local from pod dns-2689/dns-test-16c8d22a-e0d7-4685-a07b-af603578fe5f: the server could not find the requested resource (get pods dns-test-16c8d22a-e0d7-4685-a07b-af603578fe5f)&#xA;Aug 27 09:58:59.647: INFO: Unable to read wheezy_tcp@dns-test-service.dns-2689.svc.cluster.local from pod dns-2689/dns-test-16c8d22a-e0d7-4685-a07b-af603578fe5f: the server could not find the requested resource (get pods dns-test-16c8d22a-e0d7-4685-a07b-af603578fe5f)&#xA;Aug 27 09:58:59.691: INFO: Unable to read wheezy_udp@PodARecord from pod dns-2689/dns-test-16c8d22a-e0d7-4685-a07b-af603578fe5f: the server could not find the requested resource (get pods dns-test-16c8d22a-e0d7-4685-a07b-af603578fe5f)&#xA;Aug 27 09:58:59.699: INFO: Unable to read wheezy_tcp@PodARecord from pod dns-2689/dns-test-16c8d22a-e0d7-4685-a07b-af603578fe5f: the server could not find the requested resource (get pods dns-test-16c8d22a-e0d7-4685-a07b-af603578fe5f)&#xA;Aug 27 09:58:59.730: INFO: Unable to read jessie_udp@dns-test-service.dns-2689.svc.cluster.local from pod dns-2689/dns-test-16c8d22a-e0d7-4685-a07b-af603578fe5f: the server could not find the requested resource (get pods dns-test-16c8d22a-e0d7-4685-a07b-af603578fe5f)&#xA;Aug 27 09:58:59.747: INFO: Unable to read jessie_tcp@dns-test-service.dns-2689.svc.cluster.local from pod dns-2689/dns-test-16c8d22a-e0d7-4685-a07b-af603578fe5f: the server could not find the requested resource (get pods dns-test-16c8d22a-e0d7-4685-a07b-af603578fe5f)&#xA;Aug 27 09:58:59.790: INFO: Unable to read jessie_udp@PodARecord from pod dns-2689/dns-test-16c8d22a-e0d7-4685-a07b-af603578fe5f: the server could not find the requested resource (get pods dns-test-16c8d22a-e0d7-4685-a07b-af603578fe5f)&#xA;Aug 27 09:58:59.845: INFO: Unable to read jessie_tcp@PodARecord from pod dns-2689/dns-test-16c8d22a-e0d7-4685-a07b-af603578fe5f: the server could not find the requested resource (get pods dns-test-16c8d22a-e0d7-4685-a07b-af603578fe5f)&#xA;Aug 27 09:58:59.861: INFO: Lookups using dns-2689/dns-test-16c8d22a-e0d7-4685-a07b-af603578fe5f failed for: [wheezy_udp@dns-test-service.dns-2689.svc.cluster.local wheezy_tcp@dns-test-service.dns-2689.svc.cluster.local wheezy_udp@PodARecord wheezy_tcp@PodARecord jessie_udp@dns-test-service.dns-2689.svc.cluster.local jessie_tcp@dns-test-service.dns-2689.svc.cluster.local jessie_udp@PodARecord jessie_tcp@PodARecord]&#xA;&#xA;Aug 27 09:59:04.618: INFO: Unable to read wheezy_udp@dns-test-service.dns-2689.svc.cluster.local from pod dns-2689/dns-test-16c8d22a-e0d7-4685-a07b-af603578fe5f: the server could not find the requested resource (get pods dns-test-16c8d22a-e0d7-4685-a07b-af603578fe5f)&#xA;Aug 27 09:59:04.631: INFO: Unable to read wheezy_tcp@dns-test-service.dns-2689.svc.cluster.local from pod dns-2689/dns-test-16c8d22a-e0d7-4685-a07b-af603578fe5f: the server could not find the requested resource (get pods dns-test-16c8d22a-e0d7-4685-a07b-af603578fe5f)&#xA;Aug 27 09:59:04.689: INFO: Unable to read wheezy_udp@PodARecord from pod dns-2689/dns-test-16c8d22a-e0d7-4685-a07b-af603578fe5f: the server could not find the requested resource (get pods dns-test-16c8d22a-e0d7-4685-a07b-af603578fe5f)&#xA;Aug 27 09:59:04.693: INFO: Unable to read wheezy_tcp@PodARecord from pod dns-2689/dns-test-16c8d22a-e0d7-4685-a07b-af603578fe5f: the server could not find the requested resource (get pods dns-test-16c8d22a-e0d7-4685-a07b-af603578fe5f)&#xA;Aug 27 09:59:04.725: INFO: Unable to read jessie_udp@dns-test-service.dns-2689.svc.cluster.local from pod dns-2689/dns-test-16c8d22a-e0d7-4685-a07b-af603578fe5f: the server could not find the requested resource (get pods dns-test-16c8d22a-e0d7-4685-a07b-af603578fe5f)&#xA;Aug 27 09:59:04.732: INFO: Unable to read jessie_tcp@dns-test-service.dns-2689.svc.cluster.local from pod dns-2689/dns-test-16c8d22a-e0d7-4685-a07b-af603578fe5f: the server could not find the requested resource (get pods dns-test-16c8d22a-e0d7-4685-a07b-af603578fe5f)&#xA;Aug 27 09:59:04.809: INFO: Unable to read jessie_udp@PodARecord from pod dns-2689/dns-test-16c8d22a-e0d7-4685-a07b-af603578fe5f: the server could not find the requested resource (get pods dns-test-16c8d22a-e0d7-4685-a07b-af603578fe5f)&#xA;Aug 27 09:59:04.816: INFO: Unable to read jessie_tcp@PodARecord from pod dns-2689/dns-test-16c8d22a-e0d7-4685-a07b-af603578fe5f: the server could not find the requested resource (get pods dns-test-16c8d22a-e0d7-4685-a07b-af603578fe5f)&#xA;Aug 27 09:59:04.829: INFO: Lookups using dns-2689/dns-test-16c8d22a-e0d7-4685-a07b-af603578fe5f failed for: [wheezy_udp@dns-test-service.dns-2689.svc.cluster.local wheezy_tcp@dns-test-service.dns-2689.svc.cluster.local wheezy_udp@PodARecord wheezy_tcp@PodARecord jessie_udp@dns-test-service.dns-2689.svc.cluster.local jessie_tcp@dns-test-service.dns-2689.svc.cluster.local jessie_udp@PodARecord jessie_tcp@PodARecord]&#xA;&#xA;Aug 27 09:59:09.620: INFO: Unable to read wheezy_udp@dns-test-service.dns-2689.svc.cluster.local from pod dns-2689/dns-test-16c8d22a-e0d7-4685-a07b-af603578fe5f: the server could not find the requested resource (get pods dns-test-16c8d22a-e0d7-4685-a07b-af603578fe5f)&#xA;Aug 27 09:59:09.628: INFO: Unable to read wheezy_tcp@dns-test-service.dns-2689.svc.cluster.local from pod dns-2689/dns-test-16c8d22a-e0d7-4685-a07b-af603578fe5f: the server could not find the requested resource (get pods dns-test-16c8d22a-e0d7-4685-a07b-af603578fe5f)&#xA;Aug 27 09:59:09.663: INFO: Unable to read wheezy_udp@PodARecord from pod dns-2689/dns-test-16c8d22a-e0d7-4685-a07b-af603578fe5f: the server could not find the requested resource (get pods dns-test-16c8d22a-e0d7-4685-a07b-af603578fe5f)&#xA;Aug 27 09:59:09.668: INFO: Unable to read wheezy_tcp@PodARecord from pod dns-2689/dns-test-16c8d22a-e0d7-4685-a07b-af603578fe5f: the server could not find the requested resource (get pods dns-test-16c8d22a-e0d7-4685-a07b-af603578fe5f)&#xA;Aug 27 09:59:09.699: INFO: Unable to read jessie_udp@dns-test-service.dns-2689.svc.cluster.local from pod dns-2689/dns-test-16c8d22a-e0d7-4685-a07b-af603578fe5f: the server could not find the requested resource (get pods dns-test-16c8d22a-e0d7-4685-a07b-af603578fe5f)&#xA;Aug 27 09:59:09.706: INFO: Unable to read jessie_tcp@dns-test-service.dns-2689.svc.cluster.local from pod dns-2689/dns-test-16c8d22a-e0d7-4685-a07b-af603578fe5f: the server could not find the requested resource (get pods dns-test-16c8d22a-e0d7-4685-a07b-af603578fe5f)&#xA;Aug 27 09:59:09.736: INFO: Unable to read jessie_udp@PodARecord from pod dns-2689/dns-test-16c8d22a-e0d7-4685-a07b-af603578fe5f: the server could not find the requested resource (get pods dns-test-16c8d22a-e0d7-4685-a07b-af603578fe5f)&#xA;Aug 27 09:59:09.745: INFO: Unable to read jessie_tcp@PodARecord from pod dns-2689/dns-test-16c8d22a-e0d7-4685-a07b-af603578fe5f: the server could not find the requested resource (get pods dns-test-16c8d22a-e0d7-4685-a07b-af603578fe5f)&#xA;Aug 27 09:59:09.756: INFO: Lookups using dns-2689/dns-test-16c8d22a-e0d7-4685-a07b-af603578fe5f failed for: [wheezy_udp@dns-test-service.dns-2689.svc.cluster.local wheezy_tcp@dns-test-service.dns-2689.svc.cluster.local wheezy_udp@PodARecord wheezy_tcp@PodARecord jessie_udp@dns-test-service.dns-2689.svc.cluster.local jessie_tcp@dns-test-service.dns-2689.svc.cluster.local jessie_udp@PodARecord jessie_tcp@PodARecord]&#xA;&#xA;Aug 27 09:59:14.649: INFO: Unable to read wheezy_udp@dns-test-service.dns-2689.svc.cluster.local from pod dns-2689/dns-test-16c8d22a-e0d7-4685-a07b-af603578fe5f: the server could not find the requested resource (get pods dns-test-16c8d22a-e0d7-4685-a07b-af603578fe5f)&#xA;Aug 27 09:59:14.658: INFO: Unable to read wheezy_tcp@dns-test-service.dns-2689.svc.cluster.local from pod dns-2689/dns-test-16c8d22a-e0d7-4685-a07b-af603578fe5f: the server could not find the requested resource (get pods dns-test-16c8d22a-e0d7-4685-a07b-af603578fe5f)&#xA;Aug 27 09:59:14.782: INFO: Unable to read wheezy_udp@PodARecord from pod dns-2689/dns-test-16c8d22a-e0d7-4685-a07b-af603578fe5f: the server could not find the requested resource (get pods dns-test-16c8d22a-e0d7-4685-a07b-af603578fe5f)&#xA;Aug 27 09:59:14.794: INFO: Unable to read wheezy_tcp@PodARecord from pod dns-2689/dns-test-16c8d22a-e0d7-4685-a07b-af603578fe5f: the server could not find the requested resource (get pods dns-test-16c8d22a-e0d7-4685-a07b-af603578fe5f)&#xA;Aug 27 09:59:14.823: INFO: Unable to read jessie_udp@dns-test-service.dns-2689.svc.cluster.local from pod dns-2689/dns-test-16c8d22a-e0d7-4685-a07b-af603578fe5f: the server could not find the requested resource (get pods dns-test-16c8d22a-e0d7-4685-a07b-af603578fe5f)&#xA;Aug 27 09:59:14.830: INFO: Unable to read jessie_tcp@dns-test-service.dns-2689.svc.cluster.local from pod dns-2689/dns-test-16c8d22a-e0d7-4685-a07b-af603578fe5f: the server could not find the requested resource (get pods dns-test-16c8d22a-e0d7-4685-a07b-af603578fe5f)&#xA;Aug 27 09:59:14.851: INFO: Unable to read jessie_udp@PodARecord from pod dns-2689/dns-test-16c8d22a-e0d7-4685-a07b-af603578fe5f: the server could not find the requested resource (get pods dns-test-16c8d22a-e0d7-4685-a07b-af603578fe5f)&#xA;Aug 27 09:59:14.855: INFO: Unable to read jessie_tcp@PodARecord from pod dns-2689/dns-test-16c8d22a-e0d7-4685-a07b-af603578fe5f: the server could not find the requested resource (get pods dns-test-16c8d22a-e0d7-4685-a07b-af603578fe5f)&#xA;Aug 27 09:59:14.864: INFO: Lookups using dns-2689/dns-test-16c8d22a-e0d7-4685-a07b-af603578fe5f failed for: [wheezy_udp@dns-test-service.dns-2689.svc.cluster.local wheezy_tcp@dns-test-service.dns-2689.svc.cluster.local wheezy_udp@PodARecord wheezy_tcp@PodARecord jessie_udp@dns-test-service.dns-2689.svc.cluster.local jessie_tcp@dns-test-service.dns-2689.svc.cluster.local jessie_udp@PodARecord jessie_tcp@PodARecord]&#xA;&#xA;Aug 27 09:59:19.623: INFO: Unable to read wheezy_udp@dns-test-service.dns-2689.svc.cluster.local from pod dns-2689/dns-test-16c8d22a-e0d7-4685-a07b-af603578fe5f: the server could not find the requested resource (get pods dns-test-16c8d22a-e0d7-4685-a07b-af603578fe5f)&#xA;Aug 27 09:59:19.634: INFO: Unable to read wheezy_tcp@dns-test-service.dns-2689.svc.cluster.local from pod dns-2689/dns-test-16c8d22a-e0d7-4685-a07b-af603578fe5f: the server could not find the requested resource (get pods dns-test-16c8d22a-e0d7-4685-a07b-af603578fe5f)&#xA;Aug 27 09:59:19.683: INFO: Unable to read wheezy_udp@PodARecord from pod dns-2689/dns-test-16c8d22a-e0d7-4685-a07b-af603578fe5f: the server could not find the requested resource (get pods dns-test-16c8d22a-e0d7-4685-a07b-af603578fe5f)&#xA;Aug 27 09:59:19.705: INFO: Unable to read wheezy_tcp@PodARecord from pod dns-2689/dns-test-16c8d22a-e0d7-4685-a07b-af603578fe5f: the server could not find the requested resource (get pods dns-test-16c8d22a-e0d7-4685-a07b-af603578fe5f)&#xA;Aug 27 09:59:19.733: INFO: Unable to read jessie_udp@dns-test-service.dns-2689.svc.cluster.local from pod dns-2689/dns-test-16c8d22a-e0d7-4685-a07b-af603578fe5f: the server could not find the requested resource (get pods dns-test-16c8d22a-e0d7-4685-a07b-af603578fe5f)&#xA;Aug 27 09:59:19.745: INFO: Unable to read jessie_tcp@dns-test-service.dns-2689.svc.cluster.local from pod dns-2689/dns-test-16c8d22a-e0d7-4685-a07b-af603578fe5f: the server could not find the requested resource (get pods dns-test-16c8d22a-e0d7-4685-a07b-af603578fe5f)&#xA;Aug 27 09:59:19.772: INFO: Unable to read jessie_udp@PodARecord from pod dns-2689/dns-test-16c8d22a-e0d7-4685-a07b-af603578fe5f: the server could not find the requested resource (get pods dns-test-16c8d22a-e0d7-4685-a07b-af603578fe5f)&#xA;Aug 27 09:59:19.776: INFO: Unable to read jessie_tcp@PodARecord from pod dns-2689/dns-test-16c8d22a-e0d7-4685-a07b-af603578fe5f: the server could not find the requested resource (get pods dns-test-16c8d22a-e0d7-4685-a07b-af603578fe5f)&#xA;Aug 27 09:59:19.785: INFO: Lookups using dns-2689/dns-test-16c8d22a-e0d7-4685-a07b-af603578fe5f failed for: [wheezy_udp@dns-test-service.dns-2689.svc.cluster.local wheezy_tcp@dns-test-service.dns-2689.svc.cluster.local wheezy_udp@PodARecord wheezy_tcp@PodARecord jessie_udp@dns-test-service.dns-2689.svc.cluster.local jessie_tcp@dns-test-service.dns-2689.svc.cluster.local jessie_udp@PodARecord jessie_tcp@PodARecord]&#xA;&#xA;Aug 27 09:59:24.621: INFO: Unable to read wheezy_udp@dns-test-service.dns-2689.svc.cluster.local from pod dns-2689/dns-test-16c8d22a-e0d7-4685-a07b-af603578fe5f: the server could not find the requested resource (get pods dns-test-16c8d22a-e0d7-4685-a07b-af603578fe5f)&#xA;Aug 27 09:59:24.626: INFO: Unable to read wheezy_tcp@dns-test-service.dns-2689.svc.cluster.local from pod dns-2689/dns-test-16c8d22a-e0d7-4685-a07b-af603578fe5f: the server could not find the requested resource (get pods dns-test-16c8d22a-e0d7-4685-a07b-af603578fe5f)&#xA;Aug 27 09:59:24.653: INFO: Unable to read wheezy_udp@PodARecord from pod dns-2689/dns-test-16c8d22a-e0d7-4685-a07b-af603578fe5f: the server could not find the requested resource (get pods dns-test-16c8d22a-e0d7-4685-a07b-af603578fe5f)&#xA;Aug 27 09:59:24.661: INFO: Unable to read wheezy_tcp@PodARecord from pod dns-2689/dns-test-16c8d22a-e0d7-4685-a07b-af603578fe5f: the server could not find the requested resource (get pods dns-test-16c8d22a-e0d7-4685-a07b-af603578fe5f)&#xA;Aug 27 09:59:24.686: INFO: Unable to read jessie_udp@dns-test-service.dns-2689.svc.cluster.local from pod dns-2689/dns-test-16c8d22a-e0d7-4685-a07b-af603578fe5f: the server could not find the requested resource (get pods dns-test-16c8d22a-e0d7-4685-a07b-af603578fe5f)&#xA;Aug 27 09:59:24.694: INFO: Unable to read jessie_tcp@dns-test-service.dns-2689.svc.cluster.local from pod dns-2689/dns-test-16c8d22a-e0d7-4685-a07b-af603578fe5f: the server could not find the requested resource (get pods dns-test-16c8d22a-e0d7-4685-a07b-af603578fe5f)&#xA;Aug 27 09:59:24.853: INFO: Unable to read jessie_udp@PodARecord from pod dns-2689/dns-test-16c8d22a-e0d7-4685-a07b-af603578fe5f: the server could not find the requested resource (get pods dns-test-16c8d22a-e0d7-4685-a07b-af603578fe5f)&#xA;Aug 27 09:59:24.857: INFO: Unable to read jessie_tcp@PodARecord from pod dns-2689/dns-test-16c8d22a-e0d7-4685-a07b-af603578fe5f: the server could not find the requested resource (get pods dns-test-16c8d22a-e0d7-4685-a07b-af603578fe5f)&#xA;Aug 27 09:59:24.873: INFO: Lookups using dns-2689/dns-test-16c8d22a-e0d7-4685-a07b-af603578fe5f failed for: [wheezy_udp@dns-test-service.dns-2689.svc.cluster.local wheezy_tcp@dns-test-service.dns-2689.svc.cluster.local wheezy_udp@PodARecord wheezy_tcp@PodARecord jessie_udp@dns-test-service.dns-2689.svc.cluster.local jessie_tcp@dns-test-service.dns-2689.svc.cluster.local jessie_udp@PodARecord jessie_tcp@PodARecord]&#xA;&#xA;Aug 27 09:59:29.619: INFO: Unable to read wheezy_udp@dns-test-service.dns-2689.svc.cluster.local from pod dns-2689/dns-test-16c8d22a-e0d7-4685-a07b-af603578fe5f: the server could not find the requested resource (get pods dns-test-16c8d22a-e0d7-4685-a07b-af603578fe5f)&#xA;Aug 27 09:59:29.624: INFO: Unable to read wheezy_tcp@dns-test-service.dns-2689.svc.cluster.local from pod dns-2689/dns-test-16c8d22a-e0d7-4685-a07b-af603578fe5f: the server could not find the requested resource (get pods dns-test-16c8d22a-e0d7-4685-a07b-af603578fe5f)&#xA;Aug 27 09:59:29.647: INFO: Unable to read wheezy_udp@PodARecord from pod dns-2689/dns-test-16c8d22a-e0d7-4685-a07b-af603578fe5f: the server could not find the requested resource (get pods dns-test-16c8d22a-e0d7-4685-a07b-af603578fe5f)&#xA;Aug 27 09:59:29.652: INFO: Unable to read wheezy_tcp@PodARecord from pod dns-2689/dns-test-16c8d22a-e0d7-4685-a07b-af603578fe5f: the server could not find the requested resource (get pods dns-test-16c8d22a-e0d7-4685-a07b-af603578fe5f)&#xA;Aug 27 09:59:29.667: INFO: Unable to read jessie_udp@dns-test-service.dns-2689.svc.cluster.local from pod dns-2689/dns-test-16c8d22a-e0d7-4685-a07b-af603578fe5f: the server could not find the requested resource (get pods dns-test-16c8d22a-e0d7-4685-a07b-af603578fe5f)&#xA;Aug 27 09:59:29.672: INFO: Unable to read jessie_tcp@dns-test-service.dns-2689.svc.cluster.local from pod dns-2689/dns-test-16c8d22a-e0d7-4685-a07b-af603578fe5f: the server could not find the requested resource (get pods dns-test-16c8d22a-e0d7-4685-a07b-af603578fe5f)&#xA;Aug 27 09:59:29.699: INFO: Unable to read jessie_udp@PodARecord from pod dns-2689/dns-test-16c8d22a-e0d7-4685-a07b-af603578fe5f: the server could not find the requested resource (get pods dns-test-16c8d22a-e0d7-4685-a07b-af603578fe5f)&#xA;Aug 27 09:59:29.706: INFO: Unable to read jessie_tcp@PodARecord from pod dns-2689/dns-test-16c8d22a-e0d7-4685-a07b-af603578fe5f: the server could not find the requested resource (get pods dns-test-16c8d22a-e0d7-4685-a07b-af603578fe5f)&#xA;Aug 27 09:59:29.716: INFO: Lookups using dns-2689/dns-test-16c8d22a-e0d7-4685-a07b-af603578fe5f failed for: [wheezy_udp@dns-test-service.dns-2689.svc.cluster.local wheezy_tcp@dns-test-service.dns-2689.svc.cluster.local wheezy_udp@PodARecord wheezy_tcp@PodARecord jessie_udp@dns-test-service.dns-2689.svc.cluster.local jessie_tcp@dns-test-service.dns-2689.svc.cluster.local jessie_udp@PodARecord jessie_tcp@PodARecord]&#xA;&#xA;Aug 27 09:59:34.619: INFO: Unable to read wheezy_udp@dns-test-service.dns-2689.svc.cluster.local from pod dns-2689/dns-test-16c8d22a-e0d7-4685-a07b-af603578fe5f: the server could not find the requested resource (get pods dns-test-16c8d22a-e0d7-4685-a07b-af603578fe5f)&#xA;Aug 27 09:59:34.626: INFO: Unable to read wheezy_tcp@dns-test-service.dns-2689.svc.cluster.local from pod dns-2689/dns-test-16c8d22a-e0d7-4685-a07b-af603578fe5f: the server could not find the requested resource (get pods dns-test-16c8d22a-e0d7-4685-a07b-af603578fe5f)&#xA;Aug 27 09:59:34.644: INFO: Unable to read wheezy_udp@PodARecord from pod dns-2689/dns-test-16c8d22a-e0d7-4685-a07b-af603578fe5f: the server could not find the requested resource (get pods dns-test-16c8d22a-e0d7-4685-a07b-af603578fe5f)&#xA;Aug 27 09:59:34.651: INFO: Unable to read wheezy_tcp@PodARecord from pod dns-2689/dns-test-16c8d22a-e0d7-4685-a07b-af603578fe5f: the server could not find the requested resource (get pods dns-test-16c8d22a-e0d7-4685-a07b-af603578fe5f)&#xA;Aug 27 09:59:34.662: INFO: Unable to read jessie_udp@dns-test-service.dns-2689.svc.cluster.local from pod dns-2689/dns-test-16c8d22a-e0d7-4685-a07b-af603578fe5f: the server could not find the requested resource (get pods dns-test-16c8d22a-e0d7-4685-a07b-af603578fe5f)&#xA;Aug 27 09:59:34.668: INFO: Unable to read jessie_tcp@dns-test-service.dns-2689.svc.cluster.local from pod dns-2689/dns-test-16c8d22a-e0d7-4685-a07b-af603578fe5f: the server could not find the requested resource (get pods dns-test-16c8d22a-e0d7-4685-a07b-af603578fe5f)&#xA;Aug 27 09:59:34.695: INFO: Unable to read jessie_udp@PodARecord from pod dns-2689/dns-test-16c8d22a-e0d7-4685-a07b-af603578fe5f: the server could not find the requested resource (get pods dns-test-16c8d22a-e0d7-4685-a07b-af603578fe5f)&#xA;Aug 27 09:59:34.702: INFO: Unable to read jessie_tcp@PodARecord from pod dns-2689/dns-test-16c8d22a-e0d7-4685-a07b-af603578fe5f: the server could not find the requested resource (get pods dns-test-16c8d22a-e0d7-4685-a07b-af603578fe5f)&#xA;Aug 27 09:59:34.710: INFO: Lookups using dns-2689/dns-test-16c8d22a-e0d7-4685-a07b-af603578fe5f failed for: [wheezy_udp@dns-test-service.dns-2689.svc.cluster.local wheezy_tcp@dns-test-service.dns-2689.svc.cluster.local wheezy_udp@PodARecord wheezy_tcp@PodARecord jessie_udp@dns-test-service.dns-2689.svc.cluster.local jessie_tcp@dns-test-service.dns-2689.svc.cluster.local jessie_udp@PodARecord jessie_tcp@PodARecord]&#xA;&#xA;Aug 27 09:59:39.623: INFO: Unable to read wheezy_udp@dns-test-service.dns-2689.svc.cluster.local from pod dns-2689/dns-test-16c8d22a-e0d7-4685-a07b-af603578fe5f: the server could not find the requested resource (get pods dns-test-16c8d22a-e0d7-4685-a07b-af603578fe5f)&#xA;Aug 27 09:59:39.658: INFO: Unable to read wheezy_tcp@dns-test-service.dns-2689.svc.cluster.local from pod dns-2689/dns-test-16c8d22a-e0d7-4685-a07b-af603578fe5f: the server could not find the requested resource (get pods dns-test-16c8d22a-e0d7-4685-a07b-af603578fe5f)&#xA;Aug 27 09:59:39.764: INFO: Unable to read wheezy_udp@PodARecord from pod dns-2689/dns-test-16c8d22a-e0d7-4685-a07b-af603578fe5f: the server could not find the requested resource (get pods dns-test-16c8d22a-e0d7-4685-a07b-af603578fe5f)&#xA;Aug 27 09:59:39.776: INFO: Unable to read wheezy_tcp@PodARecord from pod dns-2689/dns-test-16c8d22a-e0d7-4685-a07b-af603578fe5f: the server could not find the requested resource (get pods dns-test-16c8d22a-e0d7-4685-a07b-af603578fe5f)&#xA;Aug 27 09:59:39.799: INFO: Unable to read jessie_udp@dns-test-service.dns-2689.svc.cluster.local from pod dns-2689/dns-test-16c8d22a-e0d7-4685-a07b-af603578fe5f: the server could not find the requested resource (get pods dns-test-16c8d22a-e0d7-4685-a07b-af603578fe5f)&#xA;Aug 27 09:59:39.823: INFO: Unable to read jessie_tcp@dns-test-service.dns-2689.svc.cluster.local from pod dns-2689/dns-test-16c8d22a-e0d7-4685-a07b-af603578fe5f: the server could not find the requested resource (get pods dns-test-16c8d22a-e0d7-4685-a07b-af603578fe5f)&#xA;Aug 27 09:59:39.886: INFO: Unable to read jessie_udp@PodARecord from pod dns-2689/dns-test-16c8d22a-e0d7-4685-a07b-af603578fe5f: the server could not find the requested resource (get pods dns-test-16c8d22a-e0d7-4685-a07b-af603578fe5f)&#xA;Aug 27 09:59:39.893: INFO: Unable to read jessie_tcp@PodARecord from pod dns-2689/dns-test-16c8d22a-e0d7-4685-a07b-af603578fe5f: the server could not find the requested resource (get pods dns-test-16c8d22a-e0d7-4685-a07b-af603578fe5f)&#xA;Aug 27 09:59:39.908: INFO: Lookups using dns-2689/dns-test-16c8d22a-e0d7-4685-a07b-af603578fe5f failed for: [wheezy_udp@dns-test-service.dns-2689.svc.cluster.local wheezy_tcp@dns-test-service.dns-2689.svc.cluster.local wheezy_udp@PodARecord wheezy_tcp@PodARecord jessie_udp@dns-test-service.dns-2689.svc.cluster.local jessie_tcp@dns-test-service.dns-2689.svc.cluster.local jessie_udp@PodARecord jessie_tcp@PodARecord]&#xA;&#xA;Aug 27 09:59:44.623: INFO: Unable to read wheezy_udp@dns-test-service.dns-2689.svc.cluster.local from pod dns-2689/dns-test-16c8d22a-e0d7-4685-a07b-af603578fe5f: the server could not find the requested resource (get pods dns-test-16c8d22a-e0d7-4685-a07b-af603578fe5f)&#xA;Aug 27 09:59:44.633: INFO: Unable to read wheezy_tcp@dns-test-service.dns-2689.svc.cluster.local from pod dns-2689/dns-test-16c8d22a-e0d7-4685-a07b-af603578fe5f: the server could not find the requested resource (get pods dns-test-16c8d22a-e0d7-4685-a07b-af603578fe5f)&#xA;Aug 27 09:59:44.666: INFO: Unable to read wheezy_udp@PodARecord from pod dns-2689/dns-test-16c8d22a-e0d7-4685-a07b-af603578fe5f: the server could not find the requested resource (get pods dns-test-16c8d22a-e0d7-4685-a07b-af603578fe5f)&#xA;Aug 27 09:59:44.680: INFO: Unable to read wheezy_tcp@PodARecord from pod dns-2689/dns-test-16c8d22a-e0d7-4685-a07b-af603578fe5f: the server could not find the requested resource (get pods dns-test-16c8d22a-e0d7-4685-a07b-af603578fe5f)&#xA;Aug 27 09:59:44.713: INFO: Unable to read jessie_udp@dns-test-service.dns-2689.svc.cluster.local from pod dns-2689/dns-test-16c8d22a-e0d7-4685-a07b-af603578fe5f: the server could not find the requested resource (get pods dns-test-16c8d22a-e0d7-4685-a07b-af603578fe5f)&#xA;Aug 27 09:59:44.723: INFO: Unable to read jessie_tcp@dns-test-service.dns-2689.svc.cluster.local from pod dns-2689/dns-test-16c8d22a-e0d7-4685-a07b-af603578fe5f: the server could not find the requested resource (get pods dns-test-16c8d22a-e0d7-4685-a07b-af603578fe5f)&#xA;Aug 27 09:59:44.779: INFO: Unable to read jessie_udp@PodARecord from pod dns-2689/dns-test-16c8d22a-e0d7-4685-a07b-af603578fe5f: the server could not find the requested resource (get pods dns-test-16c8d22a-e0d7-4685-a07b-af603578fe5f)&#xA;Aug 27 09:59:44.786: INFO: Unable to read jessie_tcp@PodARecord from pod dns-2689/dns-test-16c8d22a-e0d7-4685-a07b-af603578fe5f: the server could not find the requested resource (get pods dns-test-16c8d22a-e0d7-4685-a07b-af603578fe5f)&#xA;Aug 27 09:59:44.798: INFO: Lookups using dns-2689/dns-test-16c8d22a-e0d7-4685-a07b-af603578fe5f failed for: [wheezy_udp@dns-test-service.dns-2689.svc.cluster.local wheezy_tcp@dns-test-service.dns-2689.svc.cluster.local wheezy_udp@PodARecord wheezy_tcp@PodARecord jessie_udp@dns-test-service.dns-2689.svc.cluster.local jessie_tcp@dns-test-service.dns-2689.svc.cluster.local jessie_udp@PodARecord jessie_tcp@PodARecord]&#xA;&#xA;Aug 27 09:59:49.643: INFO: Unable to read wheezy_udp@dns-test-service.dns-2689.svc.cluster.local from pod dns-2689/dns-test-16c8d22a-e0d7-4685-a07b-af603578fe5f: the server could not find the requested resource (get pods dns-test-16c8d22a-e0d7-4685-a07b-af603578fe5f)&#xA;Aug 27 09:59:49.663: INFO: Unable to read wheezy_tcp@dns-test-service.dns-2689.svc.cluster.local from pod dns-2689/dns-test-16c8d22a-e0d7-4685-a07b-af603578fe5f: the server could not find the requested resource (get pods dns-test-16c8d22a-e0d7-4685-a07b-af603578fe5f)&#xA;Aug 27 09:59:49.779: INFO: Unable to read wheezy_udp@PodARecord from pod dns-2689/dns-test-16c8d22a-e0d7-4685-a07b-af603578fe5f: the server could not find the requested resource (get pods dns-test-16c8d22a-e0d7-4685-a07b-af603578fe5f)&#xA;Aug 27 09:59:49.807: INFO: Unable to read wheezy_tcp@PodARecord from pod dns-2689/dns-test-16c8d22a-e0d7-4685-a07b-af603578fe5f: the server could not find the requested resource (get pods dns-test-16c8d22a-e0d7-4685-a07b-af603578fe5f)&#xA;Aug 27 09:59:49.884: INFO: Unable to read jessie_udp@dns-test-service.dns-2689.svc.cluster.local from pod dns-2689/dns-test-16c8d22a-e0d7-4685-a07b-af603578fe5f: the server could not find the requested resource (get pods dns-test-16c8d22a-e0d7-4685-a07b-af603578fe5f)&#xA;Aug 27 09:59:49.912: INFO: Unable to read jessie_tcp@dns-test-service.dns-2689.svc.cluster.local from pod dns-2689/dns-test-16c8d22a-e0d7-4685-a07b-af603578fe5f: the server could not find the requested resource (get pods dns-test-16c8d22a-e0d7-4685-a07b-af603578fe5f)&#xA;Aug 27 09:59:49.956: INFO: Unable to read jessie_udp@PodARecord from pod dns-2689/dns-test-16c8d22a-e0d7-4685-a07b-af603578fe5f: the server could not find the requested resource (get pods dns-test-16c8d22a-e0d7-4685-a07b-af603578fe5f)&#xA;Aug 27 09:59:49.962: INFO: Unable to read jessie_tcp@PodARecord from pod dns-2689/dns-test-16c8d22a-e0d7-4685-a07b-af603578fe5f: the server could not find the requested resource (get pods dns-test-16c8d22a-e0d7-4685-a07b-af603578fe5f)&#xA;Aug 27 09:59:49.973: INFO: Lookups using dns-2689/dns-test-16c8d22a-e0d7-4685-a07b-af603578fe5f failed for: [wheezy_udp@dns-test-service.dns-2689.svc.cluster.local wheezy_tcp@dns-test-service.dns-2689.svc.cluster.local wheezy_udp@PodARecord wheezy_tcp@PodARecord jessie_udp@dns-test-service.dns-2689.svc.cluster.local jessie_tcp@dns-test-service.dns-2689.svc.cluster.local jessie_udp@PodARecord jessie_tcp@PodARecord]&#xA;&#xA;Aug 27 09:59:49.992: INFO: Unable to read wheezy_udp@dns-test-service.dns-2689.svc.cluster.local from pod dns-2689/dns-test-16c8d22a-e0d7-4685-a07b-af603578fe5f: the server could not find the requested resource (get pods dns-test-16c8d22a-e0d7-4685-a07b-af603578fe5f)&#xA;Aug 27 09:59:50.007: INFO: Unable to read wheezy_tcp@dns-test-service.dns-2689.svc.cluster.local from pod dns-2689/dns-test-16c8d22a-e0d7-4685-a07b-af603578fe5f: the server could not find the requested resource (get pods dns-test-16c8d22a-e0d7-4685-a07b-af603578fe5f)&#xA;Aug 27 09:59:50.140: INFO: Unable to read wheezy_udp@PodARecord from pod dns-2689/dns-test-16c8d22a-e0d7-4685-a07b-af603578fe5f: the server could not find the requested resource (get pods dns-test-16c8d22a-e0d7-4685-a07b-af603578fe5f)&#xA;Aug 27 09:59:50.148: INFO: Unable to read wheezy_tcp@PodARecord from pod dns-2689/dns-test-16c8d22a-e0d7-4685-a07b-af603578fe5f: the server could not find the requested resource (get pods dns-test-16c8d22a-e0d7-4685-a07b-af603578fe5f)&#xA;Aug 27 09:59:50.169: INFO: Unable to read jessie_udp@dns-test-service.dns-2689.svc.cluster.local from pod dns-2689/dns-test-16c8d22a-e0d7-4685-a07b-af603578fe5f: the server could not find the requested resource (get pods dns-test-16c8d22a-e0d7-4685-a07b-af603578fe5f)&#xA;Aug 27 09:59:50.174: INFO: Unable to read jessie_tcp@dns-test-service.dns-2689.svc.cluster.local from pod dns-2689/dns-test-16c8d22a-e0d7-4685-a07b-af603578fe5f: the server could not find the requested resource (get pods dns-test-16c8d22a-e0d7-4685-a07b-af603578fe5f)&#xA;Aug 27 09:59:50.230: INFO: Unable to read jessie_udp@PodARecord from pod dns-2689/dns-test-16c8d22a-e0d7-4685-a07b-af603578fe5f: the server could not find the requested resource (get pods dns-test-16c8d22a-e0d7-4685-a07b-af603578fe5f)&#xA;Aug 27 09:59:50.243: INFO: Unable to read jessie_tcp@PodARecord from pod dns-2689/dns-test-16c8d22a-e0d7-4685-a07b-af603578fe5f: the server could not find the requested resource (get pods dns-test-16c8d22a-e0d7-4685-a07b-af603578fe5f)&#xA;Aug 27 09:59:50.275: INFO: Lookups using dns-2689/dns-test-16c8d22a-e0d7-4685-a07b-af603578fe5f failed for: [wheezy_udp@dns-test-service.dns-2689.svc.cluster.local wheezy_tcp@dns-test-service.dns-2689.svc.cluster.local wheezy_udp@PodARecord wheezy_tcp@PodARecord jessie_udp@dns-test-service.dns-2689.svc.cluster.local jessie_tcp@dns-test-service.dns-2689.svc.cluster.local jessie_udp@PodARecord jessie_tcp@PodARecord]&#xA;&#xA;Aug 27 09:59:50.275: FAIL: Unexpected error:&#xA;    &lt;*errors.errorString | 0xc0002c6240&gt;: {&#xA;        s: &#34;timed out waiting for the condition&#34;,&#xA;    }&#xA;    timed out waiting for the condition&#xA;occurred&#xA;&#xA;Full Stack Trace&#xA;k8s.io/kubernetes/test/e2e/network.assertFilesContain(0xc001dd8900, 0x14, 0x18, 0x706a4c0, 0x7, 0xc002181000, 0x79ab408, 0xc00197edc0, 0x0, 0x0, ...)&#xA;&#x9;/workspace/src/k8s.io/kubernetes/_output/dockerized/go/src/k8s.io/kubernetes/test/e2e/network/dns_common.go:463 +0x16e&#xA;k8s.io/kubernetes/test/e2e/network.assertFilesExist(...)&#xA;&#x9;/workspace/src/k8s.io/kubernetes/_output/dockerized/go/src/k8s.io/kubernetes/test/e2e/network/dns_common.go:457&#xA;k8s.io/kubernetes/test/e2e/network.validateDNSResults(0xc00126b340, 0xc002181000, 0xc001dd8900, 0x14, 0x18)&#xA;&#x9;/workspace/src/k8s.io/kubernetes/_output/dockerized/go/src/k8s.io/kubernetes/test/e2e/network/dns_common.go:520 +0x365&#xA;k8s.io/kubernetes/test/e2e/network.glob..func2.5()&#xA;&#x9;/workspace/src/k8s.io/kubernetes/_output/dockerized/go/src/k8s.io/kubernetes/test/e2e/network/dns.go:182 +0xe65&#xA;k8s.io/kubernetes/test/e2e.RunE2ETests(0xc000af8600)&#xA;&#x9;_output/dockerized/go/src/k8s.io/kubernetes/test/e2e/e2e.go:130 +0x36c&#xA;k8s.io/kubernetes/test/e2e.TestE2E(0xc000af8600)&#xA;&#x9;_output/dockerized/go/src/k8s.io/kubernetes/test/e2e/e2e_test.go:136 +0x2b&#xA;testing.tRunner(0xc000af8600, 0x72d42e8)&#xA;&#x9;/usr/local/go/src/testing/testing.go:1193 +0xef&#xA;created by testing.(*T).Run&#xA;&#x9;/usr/local/go/src/testing/testing.go:1238 +0x2b3&#xA;STEP: deleting the pod&#xA;STEP: deleting the test service&#xA;STEP: deleting the test headless service&#xA;[AfterEach] [sig-network] DNS&#xA;  /workspace/src/k8s.io/kubernetes/_output/dockerized/go/src/k8s.io/kubernetes/test/e2e/framework/framework.go:186&#xA;STEP: Collecting events from namespace &#34;dns-2689&#34;.&#xA;STEP: Found 14 events.&#xA;Aug 27 09:59:50.711: INFO: At 2021-08-27 09:49:33 +0000 UTC - event for dns-test-16c8d22a-e0d7-4685-a07b-af603578fe5f: {default-scheduler } Scheduled: Successfully assigned dns-2689/dns-test-16c8d22a-e0d7-4685-a07b-af603578fe5f to instance-1&#xA;Aug 27 09:59:50.711: INFO: At 2021-08-27 09:49:34 +0000 UTC - event for dns-test-16c8d22a-e0d7-4685-a07b-af603578fe5f: {kubelet instance-1} Pulled: Container image &#34;k8s.gcr.io/e2e-test-images/agnhost:2.32&#34; already present on machine&#xA;Aug 27 09:59:50.711: INFO: At 2021-08-27 09:49:34 +0000 UTC - event for dns-test-16c8d22a-e0d7-4685-a07b-af603578fe5f: {kubelet instance-1} Created: Created container webserver&#xA;Aug 27 09:59:50.711: INFO: At 2021-08-27 09:49:34 +0000 UTC - event for dns-test-16c8d22a-e0d7-4685-a07b-af603578fe5f: {kubelet instance-1} Started: Started container webserver&#xA;Aug 27 09:59:50.711: INFO: At 2021-08-27 09:49:34 +0000 UTC - event for dns-test-16c8d22a-e0d7-4685-a07b-af603578fe5f: {kubelet instance-1} Pulled: Container image &#34;k8s.gcr.io/e2e-test-images/agnhost:2.32&#34; already present on machine&#xA;Aug 27 09:59:50.711: INFO: At 2021-08-27 09:49:34 +0000 UTC - event for dns-test-16c8d22a-e0d7-4685-a07b-af603578fe5f: {kubelet instance-1} Created: Created container querier&#xA;Aug 27 09:59:50.711: INFO: At 2021-08-27 09:49:34 +0000 UTC - event for dns-test-16c8d22a-e0d7-4685-a07b-af603578fe5f: {kubelet instance-1} Started: Started container querier&#xA;Aug 27 09:59:50.711: INFO: At 2021-08-27 09:49:34 +0000 UTC - event for dns-test-16c8d22a-e0d7-4685-a07b-af603578fe5f: {kubelet instance-1} Pulling: Pulling image &#34;k8s.gcr.io/e2e-test-images/jessie-dnsutils:1.4&#34;&#xA;Aug 27 09:59:50.711: INFO: At 2021-08-27 09:49:46 +0000 UTC - event for dns-test-16c8d22a-e0d7-4685-a07b-af603578fe5f: {kubelet instance-1} Pulled: Successfully pulled image &#34;k8s.gcr.io/e2e-test-images/jessie-dnsutils:1.4&#34; in 11.293158526s&#xA;Aug 27 09:59:50.711: INFO: At 2021-08-27 09:49:47 +0000 UTC - event for dns-test-16c8d22a-e0d7-4685-a07b-af603578fe5f: {kubelet instance-1} Created: Created container jessie-querier&#xA;Aug 27 09:59:50.711: INFO: At 2021-08-27 09:49:47 +0000 UTC - event for dns-test-16c8d22a-e0d7-4685-a07b-af603578fe5f: {kubelet instance-1} Started: Started container jessie-querier&#xA;Aug 27 09:59:50.711: INFO: At 2021-08-27 09:59:50 +0000 UTC - event for dns-test-16c8d22a-e0d7-4685-a07b-af603578fe5f: {kubelet instance-1} Killing: Stopping container webserver&#xA;Aug 27 09:59:50.711: INFO: At 2021-08-27 09:59:50 +0000 UTC - event for dns-test-16c8d22a-e0d7-4685-a07b-af603578fe5f: {kubelet instance-1} Killing: Stopping container jessie-querier&#xA;Aug 27 09:59:50.711: INFO: At 2021-08-27 09:59:50 +0000 UTC - event for dns-test-16c8d22a-e0d7-4685-a07b-af603578fe5f: {kubelet instance-1} Killing: Stopping container querier&#xA;Aug 27 09:59:50.724: INFO: POD  NODE  PHASE  GRACE  CONDITIONS&#xA;Aug 27 09:59:50.724: INFO: &#xA;Aug 27 09:59:50.739: INFO: &#xA;Logging node info for node instance-1&#xA;Aug 27 09:59:50.751: INFO: Node Info: &amp;Node{ObjectMeta:{instance-1    66706824-827f-43ec-951f-55d099198c49 2131 0 2021-08-27 09:44:27 +0000 UTC &lt;nil&gt; &lt;nil&gt; map[beta.kubernetes.io/arch:amd64 beta.kubernetes.io/os:linux kubernetes.io/arch:amd64 kubernetes.io/hostname:instance-1 kubernetes.io/os:linux node-role.kubernetes.io/control-plane: node-role.kubernetes.io/master: node.kubernetes.io/control-plane: node.kubernetes.io/master:] map[node.alpha.kubernetes.io/ttl:0 projectcalico.org/IPv4Address:10.140.0.2/32 projectcalico.org/IPv4IPIPTunnelAddr:172.208.23.128 volumes.kubernetes.io/controller-managed-attach-detach:true] [] []  [{kubelet Update v1 2021-08-27 09:44:27 +0000 UTC FieldsV1 {&#34;f:metadata&#34;:{&#34;f:annotations&#34;:{&#34;.&#34;:{},&#34;f:volumes.kubernetes.io/controller-managed-attach-detach&#34;:{}},&#34;f:labels&#34;:{&#34;.&#34;:{},&#34;f:beta.kubernetes.io/arch&#34;:{},&#34;f:beta.kubernetes.io/os&#34;:{},&#34;f:kubernetes.io/arch&#34;:{},&#34;f:kubernetes.io/hostname&#34;:{},&#34;f:kubernetes.io/os&#34;:{},&#34;f:node.kubernetes.io/control-plane&#34;:{},&#34;f:node.kubernetes.io/master&#34;:{}}}} } {kube-controller-manager Update v1 2021-08-27 09:44:36 +0000 UTC FieldsV1 {&#34;f:metadata&#34;:{&#34;f:annotations&#34;:{&#34;f:node.alpha.kubernetes.io/ttl&#34;:{}}}} } {calico-node Update v1 2021-08-27 09:44:41 +0000 UTC FieldsV1 {&#34;f:metadata&#34;:{&#34;f:annotations&#34;:{&#34;f:projectcalico.org/IPv4Address&#34;:{},&#34;f:projectcalico.org/IPv4IPIPTunnelAddr&#34;:{}}},&#34;f:status&#34;:{&#34;f:conditions&#34;:{&#34;k:{\&#34;type\&#34;:\&#34;NetworkUnavailable\&#34;}&#34;:{&#34;.&#34;:{},&#34;f:lastHeartbeatTime&#34;:{},&#34;f:lastTransitionTime&#34;:{},&#34;f:message&#34;:{},&#34;f:reason&#34;:{},&#34;f:status&#34;:{},&#34;f:type&#34;:{}}}}} status} {kubectl-label Update v1 2021-08-27 09:44:44 +0000 UTC FieldsV1 {&#34;f:metadata&#34;:{&#34;f:labels&#34;:{&#34;f:node-role.kubernetes.io/control-plane&#34;:{},&#34;f:node-role.kubernetes.io/master&#34;:{}}}} } {kubelet Update v1 2021-08-27 09:46:27 +0000 UTC FieldsV1 {&#34;f:status&#34;:{&#34;f:conditions&#34;:{&#34;k:{\&#34;type\&#34;:\&#34;DiskPressure\&#34;}&#34;:{&#34;f:lastHeartbeatTime&#34;:{}},&#34;k:{\&#34;type\&#34;:\&#34;MemoryPressure\&#34;}&#34;:{&#34;f:lastHeartbeatTime&#34;:{}},&#34;k:{\&#34;type\&#34;:\&#34;PIDPressure\&#34;}&#34;:{&#34;f:lastHeartbeatTime&#34;:{}},&#34;k:{\&#34;type\&#34;:\&#34;Ready\&#34;}&#34;:{&#34;f:lastHeartbeatTime&#34;:{},&#34;f:lastTransitionTime&#34;:{},&#34;f:message&#34;:{},&#34;f:reason&#34;:{},&#34;f:status&#34;:{}}},&#34;f:images&#34;:{}}} status}]},Spec:NodeSpec{PodCIDR:,DoNotUseExternalID:,ProviderID:,Unschedulable:false,Taints:[]Taint{},ConfigSource:nil,PodCIDRs:[],},Status:NodeStatus{Capacity:ResourceList{cpu: {{4 0} {&lt;nil&gt;} 4 DecimalSI},ephemeral-storage: {{51848359936 0} {&lt;nil&gt;} 50633164Ki BinarySI},hugepages-1Gi: {{0 0} {&lt;nil&gt;} 0 DecimalSI},hugepages-2Mi: {{0 0} {&lt;nil&gt;} 0 DecimalSI},memory: {{16778743808 0} {&lt;nil&gt;} 16385492Ki BinarySI},pods: {{110 0} {&lt;nil&gt;} 110 DecimalSI},},Allocatable:ResourceList{cpu: {{4 0} {&lt;nil&gt;} 4 DecimalSI},ephemeral-storage: {{49255941901 0} {&lt;nil&gt;} 49255941901 DecimalSI},hugepages-1Gi: {{0 0} {&lt;nil&gt;} 0 DecimalSI},hugepages-2Mi: {{0 0} {&lt;nil&gt;} 0 DecimalSI},memory: {{15600144384 0} {&lt;nil&gt;} 15234516Ki BinarySI},pods: {{110 0} {&lt;nil&gt;} 110 DecimalSI},},Phase:,Conditions:[]NodeCondition{NodeCondition{Type:NetworkUnavailable,Status:False,LastHeartbeatTime:2021-08-27 09:44:41 +0000 UTC,LastTransitionTime:2021-08-27 09:44:41 +0000 UTC,Reason:CalicoIsUp,Message:Calico is running on this node,},NodeCondition{Type:MemoryPressure,Status:False,LastHeartbeatTime:2021-08-27 09:55:02 +0000 UTC,LastTransitionTime:2021-08-27 09:44:26 +0000 UTC,Reason:KubeletHasSufficientMemory,Message:kubelet has sufficient memory available,},NodeCondition{Type:DiskPressure,Status:False,LastHeartbeatTime:2021-08-27 09:55:02 +0000 UTC,LastTransitionTime:2021-08-27 09:44:26 +0000 UTC,Reason:KubeletHasNoDiskPressure,Message:kubelet has no disk pressure,},NodeCondition{Type:PIDPressure,Status:False,LastHeartbeatTime:2021-08-27 09:55:02 +0000 UTC,LastTransitionTime:2021-08-27 09:44:26 +0000 UTC,Reason:KubeletHasSufficientPID,Message:kubelet has sufficient PID available,},NodeCondition{Type:Ready,Status:True,LastHeartbeatTime:2021-08-27 09:55:02 +0000 UTC,LastTransitionTime:2021-08-27 09:44:47 +0000 UTC,Reason:KubeletReady,Message:kubelet is posting ready status. AppArmor enabled,},},Addresses:[]NodeAddress{NodeAddress{Type:InternalIP,Address:10.140.0.2,},NodeAddress{Type:Hostname,Address:instance-1,},},DaemonEndpoints:NodeDaemonEndpoints{KubeletEndpoint:DaemonEndpoint{Port:10250,},},NodeInfo:NodeSystemInfo{MachineID:9115f560b455f8c5d2b83bdfb715f3b3,SystemUUID:9115f560-b455-f8c5-d2b8-3bdfb715f3b3,BootID:3bd04ce9-2b88-452c-af59-4599689b83f3,KernelVersion:5.11.0-1017-gcp,OSImage:Ubuntu 21.04,ContainerRuntimeVersion:docker://20.10.8,KubeletVersion:v1.22.1,KubeProxyVersion:v1.22.1,OperatingSystem:linux,Architecture:amd64,},Images:[]ContainerImage{ContainerImage{Names:[slzcc/kubernetes@sha256:d938e2364017b78329200a38b8317db806fe305cf5e26c975a0298e23324fb77 slzcc/kubernetes:v1.22.1.0],SizeBytes:2296544903,},ContainerImage{Names:[quay.io/cilium/cilium:v1.10.1],SizeBytes:409321746,},ContainerImage{Names:[sonobuoy/systemd-logs@sha256:fadad24a66ddd544987c38811108a73d1a306dd3b5e3f090b207786f2825ffde sonobuoy/systemd-logs:v0.3],SizeBytes:297365055,},ContainerImage{Names:[k8s.gcr.io/etcd@sha256:9ce33ba33d8e738a5b85ed50b5080ac746deceed4a7496c550927a7a19ca3b6d k8s.gcr.io/etcd:3.5.0-0],SizeBytes:294536887,},ContainerImage{Names:[k8s.gcr.io/e2e-test-images/jessie-dnsutils@sha256:702a992280fb7c3303e84a5801acbb4c9c7fcf48cffe0e9c8be3f0c60f74cf89 k8s.gcr.io/e2e-test-images/jessie-dnsutils:1.4],SizeBytes:253371792,},ContainerImage{Names:[k8s.gcr.io/etcd:3.4.9],SizeBytes:253347452,},ContainerImage{Names:[k8s.gcr.io/conformance@sha256:e22b40e1e6db0b3fcb9fd565100de0af2c525217769378a20ac4cef47f1502ce k8s.gcr.io/conformance:v1.22.1],SizeBytes:247962555,},ContainerImage{Names:[calico/node:v3.20.0],SizeBytes:169862919,},ContainerImage{Names:[calico/cni:v3.20.0],SizeBytes:146006429,},ContainerImage{Names:[k8s.gcr.io/kube-apiserver:v1.22.1],SizeBytes:128446877,},ContainerImage{Names:[k8s.gcr.io/e2e-test-images/httpd@sha256:716d2f68314c5c4ddd5ecdb45183fcb4ed8019015982c1321571f863989b70b0 k8s.gcr.io/e2e-test-images/httpd:2.4.39-1],SizeBytes:126894770,},ContainerImage{Names:[k8s.gcr.io/e2e-test-images/agnhost@sha256:758db666ac7028534dba72e7e9bb1e57bb81b8196f976f7a5cc351ef8b3529e1 k8s.gcr.io/e2e-test-images/agnhost:2.32],SizeBytes:125930239,},ContainerImage{Names:[k8s.gcr.io/e2e-test-images/httpd@sha256:b913fa234cc3473cfe16e937d106b455a7609f927f59031c81aca791e2689b50 k8s.gcr.io/e2e-test-images/httpd:2.4.38-1],SizeBytes:123781643,},ContainerImage{Names:[k8s.gcr.io/kube-controller-manager:v1.22.1],SizeBytes:121979567,},ContainerImage{Names:[k8s.gcr.io/kube-proxy:v1.22.1],SizeBytes:103645121,},ContainerImage{Names:[haproxy:2.4.2],SizeBytes:95448973,},ContainerImage{Names:[calico/kube-controllers:v3.20.0],SizeBytes:63156065,},ContainerImage{Names:[quay.io/cilium/operator-generic:v1.10.1],SizeBytes:56290965,},ContainerImage{Names:[k8s.gcr.io/kube-scheduler:v1.22.1],SizeBytes:52658888,},ContainerImage{Names:[coredns/coredns@sha256:6e5a02c21641597998b4be7cb5eb1e7b02c0d8d23cce4dd09f4682d463798890 k8s.gcr.io/coredns/coredns@sha256:6e5a02c21641597998b4be7cb5eb1e7b02c0d8d23cce4dd09f4682d463798890 coredns/coredns:1.8.4 k8s.gcr.io/coredns/coredns:v1.8.4],SizeBytes:47554275,},ContainerImage{Names:[coredns/coredns:1.8.3],SizeBytes:43499235,},ContainerImage{Names:[sonobuoy/sonobuoy@sha256:d393e2c862fffd0823409594f3ab8bc2524b359d9e6313ae3f9edb5d3dfa56e1 sonobuoy/sonobuoy:v0.53.2],SizeBytes:37400989,},ContainerImage{Names:[calico/pod2daemon-flexvol@sha256:c17e3e9871682bed00bfd33f8d6f00db1d1a126034a25bf5380355978e0c548d calico/pod2daemon-flexvol:v3.20.0],SizeBytes:21666928,},ContainerImage{Names:[k8s.gcr.io/e2e-test-images/nginx@sha256:503b7abb89e57383eba61cc8a9cb0b495ea575c516108f7d972a6ff6e1ab3c9b k8s.gcr.io/e2e-test-images/nginx:1.14-1],SizeBytes:16032814,},ContainerImage{Names:[slzcc/keepalived:1.2.24.1],SizeBytes:15933789,},ContainerImage{Names:[quay.io/cilium/startup-script:62bfbe88c17778aad7bef9fa57ff9e2d4a9ba0d8],SizeBytes:11739254,},ContainerImage{Names:[k8s.gcr.io/e2e-test-images/nonewprivs@sha256:8ac1264691820febacf3aea5d152cbde6d10685731ec14966a9401c6f47a68ac k8s.gcr.io/e2e-test-images/nonewprivs:1.3],SizeBytes:7107254,},ContainerImage{Names:[k8s.gcr.io/e2e-test-images/busybox@sha256:39e1e963e5310e9c313bad51523be012ede7b35bb9316517d19089a010356592 k8s.gcr.io/e2e-test-images/busybox:1.29-1],SizeBytes:1154361,},ContainerImage{Names:[k8s.gcr.io/pause@sha256:1ff6c18fbef2045af6b9c16bf034cc421a29027b800e4f9b68ae9b1cb3e9ae07 k8s.gcr.io/pause:3.5],SizeBytes:682696,},ContainerImage{Names:[k8s.gcr.io/pause:3.2],SizeBytes:682696,},},VolumesInUse:[],VolumesAttached:[]AttachedVolume{},Config:nil,},}&#xA;Aug 27 09:59:50.752: INFO: &#xA;Logging kubelet events for node instance-1&#xA;Aug 27 09:59:50.761: INFO: &#xA;Logging pods the kubelet thinks is on node instance-1&#xA;Aug 27 09:59:50.800: INFO: calico-kube-controllers-866f579489-6mhds started at 2021-08-27 09:44:47 +0000 UTC (0+1 container statuses recorded)&#xA;Aug 27 09:59:50.800: INFO: &#x9;Container calico-kube-controllers ready: true, restart count 0&#xA;Aug 27 09:59:50.801: INFO: coredns-5449fcdd7-rf9fq started at 2021-08-27 09:44:47 +0000 UTC (0+1 container statuses recorded)&#xA;Aug 27 09:59:50.801: INFO: &#x9;Container coredns ready: true, restart count 0&#xA;Aug 27 09:59:50.801: INFO: sonobuoy-e2e-job-8f4800e0b3a54e3c started at 2021-08-27 09:45:48 +0000 UTC (0+2 container statuses recorded)&#xA;Aug 27 09:59:50.801: INFO: &#x9;Container e2e ready: true, restart count 0&#xA;Aug 27 09:59:50.801: INFO: &#x9;Container sonobuoy-worker ready: true, restart count 0&#xA;Aug 27 09:59:50.801: INFO: kube-controller-manager-instance-1 started at 2021-08-27 09:44:20 +0000 UTC (0+1 container statuses recorded)&#xA;Aug 27 09:59:50.801: INFO: &#x9;Container kube-controller-manager ready: true, restart count 1&#xA;Aug 27 09:59:50.801: INFO: calico-node-jtcrr started at 2021-08-27 09:44:35 +0000 UTC (3+1 container statuses recorded)&#xA;Aug 27 09:59:50.801: INFO: &#x9;Init container upgrade-ipam ready: true, restart count 0&#xA;Aug 27 09:59:50.801: INFO: &#x9;Init container install-cni ready: true, restart count 0&#xA;Aug 27 09:59:50.801: INFO: &#x9;Init container flexvol-driver ready: true, restart count 0&#xA;Aug 27 09:59:50.801: INFO: &#x9;Container calico-node ready: true, restart count 0&#xA;Aug 27 09:59:50.801: INFO: coredns-5449fcdd7-nlbvc started at 2021-08-27 09:44:47 +0000 UTC (0+1 container statuses recorded)&#xA;Aug 27 09:59:50.801: INFO: &#x9;Container coredns ready: true, restart count 0&#xA;Aug 27 09:59:50.801: INFO: kube-apiserver-instance-1 started at 2021-08-27 09:44:20 +0000 UTC (0+1 container statuses recorded)&#xA;Aug 27 09:59:50.801: INFO: &#x9;Container kube-apiserver ready: true, restart count 1&#xA;Aug 27 09:59:50.802: INFO: sonobuoy started at 2021-08-27 09:45:47 +0000 UTC (0+1 container statuses recorded)&#xA;Aug 27 09:59:50.802: INFO: &#x9;Container kube-sonobuoy ready: true, restart count 0&#xA;Aug 27 09:59:50.802: INFO: sonobuoy-systemd-logs-daemon-set-0a76f2e7c4ae491c-6jjs8 started at 2021-08-27 09:45:48 +0000 UTC (0+2 container statuses recorded)&#xA;Aug 27 09:59:50.802: INFO: &#x9;Container sonobuoy-worker ready: true, restart count 0&#xA;Aug 27 09:59:50.802: INFO: &#x9;Container systemd-logs ready: true, restart count 0&#xA;Aug 27 09:59:50.802: INFO: etcd-instance-1 started at 2021-08-27 09:44:20 +0000 UTC (0+1 container statuses recorded)&#xA;Aug 27 09:59:50.802: INFO: &#x9;Container etcd ready: true, restart count 7&#xA;Aug 27 09:59:50.802: INFO: haproxy-instance-1 started at 2021-08-27 09:44:20 +0000 UTC (0+1 container statuses recorded)&#xA;Aug 27 09:59:50.802: INFO: &#x9;Container haproxy ready: true, restart count 7&#xA;Aug 27 09:59:50.802: INFO: kube-scheduler-instance-1 started at 2021-08-27 09:44:20 +0000 UTC (0+1 container statuses recorded)&#xA;Aug 27 09:59:50.803: INFO: &#x9;Container kube-scheduler ready: true, restart count 1&#xA;Aug 27 09:59:50.803: INFO: kube-proxy-45vxz started at 2021-08-27 09:44:35 +0000 UTC (0+1 container statuses recorded)&#xA;Aug 27 09:59:50.803: INFO: &#x9;Container kube-proxy ready: true, restart count 0&#xA;Aug 27 09:59:50.935: INFO: &#xA;Latency metrics for node instance-1&#xA;Aug 27 09:59:50.935: INFO: Waiting up to 3m0s for all (but 0) nodes to be ready&#xA;STEP: Destroying namespace &#34;dns-2689&#34; for this suite.&#xA;</system-out>
      </testcase>
      <testcase name="[sig-storage] CSI mock volume CSI NodeStage error cases [Slow] should not call NodeUnstage after NodeStage final error" classname="Kubernetes e2e suite" time="0">
          <skipped></skipped>
      </testcase>
      <testcase name="[sig-storage] In-tree Volumes [Driver: gcepd] [Testpattern: Dynamic PV (block volmode)] volumeMode should fail to use a volume in a pod with mismatched mode [Slow]" classname="Kubernetes e2e suite" time="0">
          <skipped></skipped>
      </testcase>
      <testcase name="[sig-storage] In-tree Volumes [Driver: gcepd] [Testpattern: Dynamic PV (default fs)] subPath should support existing single file [LinuxOnly]" classname="Kubernetes e2e suite" time="0">
          <skipped></skipped>
      </testcase>
      <testcase name="[sig-storage] In-tree Volumes [Driver: iscsi][Feature:Volumes] [Testpattern: Pre-provisioned PV (filesystem volmode)] multiVolume [Slow] should concurrently access the single read-only volume from pods on the same node" classname="Kubernetes e2e suite" time="0">
          <skipped></skipped>
      </testcase>
      <testcase name="[sig-storage] PersistentVolumes-local  Pods sharing a single local PV [Serial] all pods should be running" classname="Kubernetes e2e suite" time="0">
          <skipped></skipped>
      </testcase>
      <testcase name="[sig-api-machinery] AdmissionWebhook [Privileged:ClusterAdmin] should mutate configmap [Conformance]" classname="Kubernetes e2e suite" time="14.658486741"></testcase>
      <testcase name="[sig-node] crictl should be able to run crictl on the node" classname="Kubernetes e2e suite" time="0">
          <skipped></skipped>
      </testcase>
      <testcase name="[sig-storage] In-tree Volumes [Driver: local][LocalVolumeType: block] [Testpattern: Dynamic PV (ntfs)][Feature:Windows] provisioning should provision storage with pvc data source in parallel [Slow]" classname="Kubernetes e2e suite" time="0">
          <skipped></skipped>
      </testcase>
      <testcase name="[sig-storage] In-tree Volumes [Driver: hostPath] [Testpattern: Pre-provisioned PV (default fs)] subPath should be able to unmount after the subpath directory is deleted [LinuxOnly]" classname="Kubernetes e2e suite" time="0">
          <skipped></skipped>
      </testcase>
      <testcase name="[sig-storage] In-tree Volumes [Driver: emptydir] [Testpattern: Dynamic PV (default fs)] subPath should support existing directory" classname="Kubernetes e2e suite" time="0">
          <skipped></skipped>
      </testcase>
      <testcase name="[sig-cli] Kubectl Port forwarding With a server listening on localhost that expects a client request should support a client that connects, sends NO DATA, and disconnects" classname="Kubernetes e2e suite" time="0">
          <skipped></skipped>
      </testcase>
      <testcase name="[sig-storage] vcp at scale [Feature:vsphere]  vsphere scale tests" classname="Kubernetes e2e suite" time="0">
          <skipped></skipped>
      </testcase>
      <testcase name="[sig-storage] In-tree Volumes [Driver: ceph][Feature:Volumes][Serial] [Testpattern: Inline-volume (default fs)] subPath should verify container cannot write to subpath readonly volumes [Slow]" classname="Kubernetes e2e suite" time="0">
          <skipped></skipped>
      </testcase>
      <testcase name="[sig-storage] In-tree Volumes [Driver: aws] [Testpattern: Dynamic PV (ntfs)][Feature:Windows] subPath should be able to unmount after the subpath directory is deleted [LinuxOnly]" classname="Kubernetes e2e suite" time="0">
          <skipped></skipped>
      </testcase>
      <testcase name="[sig-storage] In-tree Volumes [Driver: local][LocalVolumeType: tmpfs] [Testpattern: Pre-provisioned PV (filesystem volmode)] multiVolume [Slow] should access to two volumes with different volume mode and retain data across pod recreation on the same node" classname="Kubernetes e2e suite" time="0">
          <skipped></skipped>
      </testcase>
      <testcase name="[sig-cli] Kubectl client Update Demo should create and stop a replication controller  [Conformance]" classname="Kubernetes e2e suite" time="12.847365666"></testcase>
      <testcase name="[sig-storage] In-tree Volumes [Driver: aws] [Testpattern: Dynamic PV (block volmode)] volumeMode should fail to use a volume in a pod with mismatched mode [Slow]" classname="Kubernetes e2e suite" time="0">
          <skipped></skipped>
      </testcase>
      <testcase name="[sig-apps] Deployment iterative rollouts should eventually progress" classname="Kubernetes e2e suite" time="0">
          <skipped></skipped>
      </testcase>
      <testcase name="[sig-storage] In-tree Volumes [Driver: rbd][Feature:Volumes][Serial] [Testpattern: Dynamic PV (ext3)] volumes should allow exec of files on the volume" classname="Kubernetes e2e suite" time="0">
          <skipped></skipped>
      </testcase>
      <testcase name="[sig-storage] In-tree Volumes [Driver: azure-disk] [Testpattern: Dynamic PV (delayed binding)] topology should fail to schedule a pod which has topologies that conflict with AllowedTopologies" classname="Kubernetes e2e suite" time="0">
          <skipped></skipped>
      </testcase>
      <testcase name="[sig-storage] In-tree Volumes [Driver: nfs] [Testpattern: Inline-volume (default fs)] volumeIO should write files of various sizes, verify size, validate content [Slow][LinuxOnly]" classname="Kubernetes e2e suite" time="0">
          <skipped></skipped>
      </testcase>
      <testcase name="[sig-network] Proxy version v1 should proxy through a service and a pod  [Conformance]" classname="Kubernetes e2e suite" time="6.215979256"></testcase>
      <testcase name="[sig-storage] CSI Volumes [Driver: csi-hostpath] [Testpattern: Pre-provisioned Snapshot (delete policy)] snapshottable[Feature:VolumeSnapshotDataSource] volume snapshot controller  should check snapshot fields, check restore correctly works after modifying source data, check deletion" classname="Kubernetes e2e suite" time="0">
          <skipped></skipped>
      </testcase>
      <testcase name="[sig-storage] CSI Volumes [Driver: csi-hostpath] [Testpattern: Dynamic PV (ntfs)][Feature:Windows] subPath should verify container cannot write to subpath readonly volumes [Slow]" classname="Kubernetes e2e suite" time="0">
          <skipped></skipped>
      </testcase>
      <testcase name="[sig-storage] In-tree Volumes [Driver: local][LocalVolumeType: dir-link-bindmounted] [Testpattern: Inline-volume (default fs)] subPath should unmount if pod is force deleted while kubelet is down [Disruptive][Slow][LinuxOnly]" classname="Kubernetes e2e suite" time="0">
          <skipped></skipped>
      </testcase>
      <testcase name="[sig-storage] In-tree Volumes [Driver: local][LocalVolumeType: dir-link-bindmounted] [Testpattern: Inline-volume (default fs)] subPath should support creating multiple subpath from same volumes [Slow]" classname="Kubernetes e2e suite" time="0">
          <skipped></skipped>
      </testcase>
      <testcase name="[sig-storage] In-tree Volumes [Driver: local][LocalVolumeType: tmpfs] [Testpattern: Dynamic PV (ntfs)][Feature:Windows] subPath should support creating multiple subpath from same volumes [Slow]" classname="Kubernetes e2e suite" time="0">
          <skipped></skipped>
      </testcase>
      <testcase name="[sig-storage] In-tree Volumes [Driver: rbd][Feature:Volumes][Serial] [Testpattern: Dynamic PV (default fs)] subPath should support existing directories when readOnly specified in the volumeSource" classname="Kubernetes e2e suite" time="0">
          <skipped></skipped>
      </testcase>
      <testcase name="[sig-storage] In-tree Volumes [Driver: local][LocalVolumeType: dir-link-bindmounted] [Testpattern: Inline-volume (default fs)] subPath should fail if non-existent subpath is outside the volume [Slow][LinuxOnly]" classname="Kubernetes e2e suite" time="0">
          <skipped></skipped>
      </testcase>
      <testcase name="[sig-storage] In-tree Volumes [Driver: rbd][Feature:Volumes][Serial] [Testpattern: Inline-volume (default fs)] subPath should support readOnly file specified in the volumeMount [LinuxOnly]" classname="Kubernetes e2e suite" time="0">
          <skipped></skipped>
      </testcase>
      <testcase name="[sig-node] Probing container with readiness probe that fails should never be ready and never restart [NodeConformance] [Conformance]" classname="Kubernetes e2e suite" time="60.108915656"></testcase>
      <testcase name="[sig-storage] In-tree Volumes [Driver: iscsi][Feature:Volumes] [Testpattern: Dynamic PV (filesystem volmode)] multiVolume [Slow] should concurrently access the single read-only volume from pods on the same node" classname="Kubernetes e2e suite" time="0">
          <skipped></skipped>
      </testcase>
      <testcase name="[sig-storage] HostPathType Socket [Slow] Should be able to mount socket &#39;asocket&#39; successfully when HostPathType is HostPathSocket" classname="Kubernetes e2e suite" time="0">
          <skipped></skipped>
      </testcase>
      <testcase name="[sig-storage] In-tree Volumes [Driver: cinder] [Testpattern: Dynamic PV (ntfs)][Feature:Windows] subPath should support readOnly file specified in the volumeMount [LinuxOnly]" classname="Kubernetes e2e suite" time="0">
          <skipped></skipped>
      </testcase>
      <testcase name="[sig-storage] PersistentVolumes-local  [Volume type: block] One pod requesting one prebound PVC should be able to mount volume and write from pod1" classname="Kubernetes e2e suite" time="0">
          <skipped></skipped>
      </testcase>
      <testcase name="[sig-storage] CSI Volumes [Driver: csi-hostpath] [Testpattern: Generic Ephemeral-volume (default fs) (immediate-binding)] ephemeral should create read-only inline ephemeral volume" classname="Kubernetes e2e suite" time="0">
          <skipped></skipped>
      </testcase>
      <testcase name="[sig-storage] In-tree Volumes [Driver: ceph][Feature:Volumes][Serial] [Testpattern: Inline-volume (ntfs)][Feature:Windows] volumes should store data" classname="Kubernetes e2e suite" time="0">
          <skipped></skipped>
      </testcase>
      <testcase name="[sig-storage] In-tree Volumes [Driver: local][LocalVolumeType: tmpfs] [Testpattern: Pre-provisioned PV (block volmode)] multiVolume [Slow] should access to two volumes with different volume mode and retain data across pod recreation on the same node" classname="Kubernetes e2e suite" time="0">
          <skipped></skipped>
      </testcase>
      <testcase name="[sig-storage] In-tree Volumes [Driver: nfs] [Testpattern: Pre-provisioned PV (block volmode)] disruptive[Disruptive][LinuxOnly] Should test that pv used in a pod that is deleted while the kubelet is down cleans up when the kubelet returns." classname="Kubernetes e2e suite" time="0">
          <skipped></skipped>
      </testcase>
      <testcase name="[sig-storage] In-tree Volumes [Driver: windows-gcepd] [Testpattern: Pre-provisioned PV (block volmode)] multiVolume [Slow] should concurrently access the single read-only volume from pods on the same node" classname="Kubernetes e2e suite" time="0">
          <skipped></skipped>
      </testcase>
      <testcase name="[sig-storage] In-tree Volumes [Driver: local][LocalVolumeType: blockfs] [Testpattern: Inline-volume (ext3)] volumes should allow exec of files on the volume" classname="Kubernetes e2e suite" time="0">
          <skipped></skipped>
      </testcase>
      <testcase name="[sig-storage] CSI mock volume CSI NodeUnstage error cases [Slow] should call NodeStage after NodeUnstage success" classname="Kubernetes e2e suite" time="0">
          <skipped></skipped>
      </testcase>
      <testcase name="[sig-storage] In-tree Volumes [Driver: local][LocalVolumeType: blockfs] [Testpattern: Pre-provisioned PV (block volmode)] multiVolume [Slow] should access to two volumes with the same volume mode and retain data across pod recreation on different node" classname="Kubernetes e2e suite" time="0">
          <skipped></skipped>
      </testcase>
      <testcase name="[sig-storage] In-tree Volumes [Driver: gcepd] [Testpattern: Pre-provisioned PV (filesystem volmode)] multiVolume [Slow] should concurrently access the single volume from pods on the same node" classname="Kubernetes e2e suite" time="0">
          <skipped></skipped>
      </testcase>
      <testcase name="[sig-storage] CSI Volumes [Driver: pd.csi.storage.gke.io][Serial] [Testpattern: Dynamic PV (xfs)][Slow] multiVolume [Slow] should concurrently access the single read-only volume from pods on the same node" classname="Kubernetes e2e suite" time="0">
          <skipped></skipped>
      </testcase>
      <testcase name="[sig-instrumentation] Stackdriver Monitoring should run Custom Metrics - Stackdriver Adapter for old resource model [Feature:StackdriverCustomMetrics]" classname="Kubernetes e2e suite" time="0">
          <skipped></skipped>
      </testcase>
      <testcase name="[sig-storage] Zone Support [Feature:vsphere] Verify PVC creation with compatible policy and datastore without any zones specified in the storage class fails (No shared datastores exist among all the nodes)" classname="Kubernetes e2e suite" time="0">
          <skipped></skipped>
      </testcase>
      <testcase name="[sig-storage] In-tree Volumes [Driver: local][LocalVolumeType: blockfs] [Testpattern: Dynamic PV (default fs)] volume-stress multiple pods should access different volumes repeatedly [Slow] [Serial]" classname="Kubernetes e2e suite" time="0">
          <skipped></skipped>
      </testcase>
      <testcase name="[sig-storage] CSI Volumes [Driver: pd.csi.storage.gke.io][Serial] [Testpattern: Inline-volume (default fs)] subPath should support existing single file [LinuxOnly]" classname="Kubernetes e2e suite" time="0">
          <skipped></skipped>
      </testcase>
      <testcase name="[sig-storage] In-tree Volumes [Driver: local][LocalVolumeType: dir-bindmounted] [Testpattern: Pre-provisioned PV (filesystem volmode)] multiVolume [Slow] should concurrently access the volume and its clone from pods on the same node [LinuxOnly][Feature:VolumeSnapshotDataSource][Feature:VolumeSourceXFS]" classname="Kubernetes e2e suite" time="0">
          <skipped></skipped>
      </testcase>
      <testcase name="[sig-storage] In-tree Volumes [Driver: azure-disk] [Testpattern: Pre-provisioned PV (default fs)] subPath should support restarting containers using file as subpath [Slow][LinuxOnly]" classname="Kubernetes e2e suite" time="0">
          <skipped></skipped>
      </testcase>
      <testcase name="[sig-node] RuntimeClass should run a Pod requesting a RuntimeClass with scheduling with taints [Serial] " classname="Kubernetes e2e suite" time="0">
          <skipped></skipped>
      </testcase>
      <testcase name="[sig-storage] CSI Volumes [Driver: csi-hostpath] [Testpattern: Dynamic PV (filesystem volmode)] volumeLimits should verify that all csinodes have volume limits" classname="Kubernetes e2e suite" time="0">
          <skipped></skipped>
      </testcase>
      <testcase name="[sig-storage] In-tree Volumes [Driver: local][LocalVolumeType: dir-link] [Testpattern: Pre-provisioned PV (block volmode)] multiVolume [Slow] should access to two volumes with different volume mode and retain data across pod recreation on different node" classname="Kubernetes e2e suite" time="0">
          <skipped></skipped>
      </testcase>
      <testcase name="[sig-storage] In-tree Volumes [Driver: local][LocalVolumeType: dir] [Testpattern: Pre-provisioned PV (default fs)] subPath should support existing directory" classname="Kubernetes e2e suite" time="0">
          <skipped></skipped>
      </testcase>
      <testcase name="[sig-storage] In-tree Volumes [Driver: local][LocalVolumeType: block] [Testpattern: Pre-provisioned PV (block volmode)] multiVolume [Slow] should concurrently access the single volume from pods on different node" classname="Kubernetes e2e suite" time="0">
          <skipped></skipped>
      </testcase>
      <testcase name="[sig-storage] In-tree Volumes [Driver: local][LocalVolumeType: gce-localssd-scsi-fs] [Serial] [Testpattern: Dynamic PV (default fs)] subPath should support file as subpath [LinuxOnly]" classname="Kubernetes e2e suite" time="0">
          <skipped></skipped>
      </testcase>
      <testcase name="[sig-storage] In-tree Volumes [Driver: local][LocalVolumeType: tmpfs] [Testpattern: Pre-provisioned PV (default fs)] subPath should verify container cannot write to subpath readonly volumes [Slow]" classname="Kubernetes e2e suite" time="0">
          <skipped></skipped>
      </testcase>
      <testcase name="[sig-storage] In-tree Volumes [Driver: gluster] [Testpattern: Dynamic PV (default fs)] provisioning should provision storage with pvc data source" classname="Kubernetes e2e suite" time="0">
          <skipped></skipped>
      </testcase>
      <testcase name="[sig-storage] In-tree Volumes [Driver: local][LocalVolumeType: dir] [Testpattern: Dynamic PV (default fs)] subPath should support readOnly directory specified in the volumeMount" classname="Kubernetes e2e suite" time="0">
          <skipped></skipped>
      </testcase>
      <testcase name="[sig-storage] In-tree Volumes [Driver: local][LocalVolumeType: blockfs] [Testpattern: Inline-volume (default fs)] subPath should unmount if pod is gracefully deleted while kubelet is down [Disruptive][Slow][LinuxOnly]" classname="Kubernetes e2e suite" time="0">
          <skipped></skipped>
      </testcase>
      <testcase name="[sig-storage] In-tree Volumes [Driver: cinder] [Testpattern: Dynamic PV (block volmode)] multiVolume [Slow] should access to two volumes with the same volume mode and retain data across pod recreation on different node" classname="Kubernetes e2e suite" time="0">
          <skipped></skipped>
      </testcase>
      <testcase name="[sig-storage] In-tree Volumes [Driver: azure-disk] [Testpattern: Dynamic PV (default fs)] subPath should support existing directories when readOnly specified in the volumeSource" classname="Kubernetes e2e suite" time="0">
          <skipped></skipped>
      </testcase>
      <testcase name="[sig-storage] In-tree Volumes [Driver: windows-gcepd] [Testpattern: Pre-provisioned PV (block volmode)] volumes should store data" classname="Kubernetes e2e suite" time="0">
          <skipped></skipped>
      </testcase>
      <testcase name="[sig-storage] In-tree Volumes [Driver: cinder] [Testpattern: Dynamic PV (filesystem volmode)] multiVolume [Slow] should access to two volumes with different volume mode and retain data across pod recreation on the same node" classname="Kubernetes e2e suite" time="0">
          <skipped></skipped>
      </testcase>
      <testcase name="[sig-storage] In-tree Volumes [Driver: nfs] [Testpattern: Inline-volume (default fs)] subPath should support restarting containers using directory as subpath [Slow]" classname="Kubernetes e2e suite" time="0">
          <skipped></skipped>
      </testcase>
      <testcase name="[sig-storage] CSI Volumes [Driver: pd.csi.storage.gke.io][Serial] [Testpattern: Inline-volume (default fs)] volumeIO should write files of various sizes, verify size, validate content [Slow][LinuxOnly]" classname="Kubernetes e2e suite" time="0">
          <skipped></skipped>
      </testcase>
      <testcase name="[sig-storage] In-tree Volumes [Driver: azure-disk] [Testpattern: Inline-volume (ntfs)][Feature:Windows] volumes should store data" classname="Kubernetes e2e suite" time="0">
          <skipped></skipped>
      </testcase>
      <testcase name="[sig-network] Netpol NetworkPolicy between server and client should stop enforcing policies after they are deleted [Feature:NetworkPolicy]" classname="Kubernetes e2e suite" time="0">
          <skipped></skipped>
      </testcase>
      <testcase name="[sig-storage] In-tree Volumes [Driver: rbd][Feature:Volumes][Serial] [Testpattern: Dynamic PV (delayed binding)] topology should provision a volume and schedule a pod with AllowedTopologies" classname="Kubernetes e2e suite" time="0">
          <skipped></skipped>
      </testcase>
      <testcase name="[sig-storage] In-tree Volumes [Driver: gcepd] [Testpattern: Dynamic PV (block volmode)] provisioning should provision storage with pvc data source" classname="Kubernetes e2e suite" time="0">
          <skipped></skipped>
      </testcase>
      <testcase name="[sig-storage] In-tree Volumes [Driver: local][LocalVolumeType: gce-localssd-scsi-fs] [Serial] [Testpattern: Dynamic PV (ext4)] multiVolume [Slow] should concurrently access the single read-only volume from pods on the same node" classname="Kubernetes e2e suite" time="0">
          <skipped></skipped>
      </testcase>
      <testcase name="[sig-storage] Zone Support [Feature:vsphere] Verify a pod fails to get scheduled when conflicting volume topology (allowedTopologies) and pod scheduling constraints(nodeSelector) are specified" classname="Kubernetes e2e suite" time="0">
          <skipped></skipped>
      </testcase>
      <testcase name="[sig-storage] In-tree Volumes [Driver: cinder] [Testpattern: Dynamic PV (default fs)] subPath should support existing directories when readOnly specified in the volumeSource" classname="Kubernetes e2e suite" time="0">
          <skipped></skipped>
      </testcase>
      <testcase name="[sig-storage] Dynamic Provisioning DynamicProvisioner [Slow] should test that deleting a claim before the volume is provisioned deletes the volume." classname="Kubernetes e2e suite" time="0">
          <skipped></skipped>
      </testcase>
      <testcase name="[sig-auth] PodSecurityPolicy [Feature:PodSecurityPolicy] should enforce the restricted policy.PodSecurityPolicy" classname="Kubernetes e2e suite" time="0">
          <skipped></skipped>
      </testcase>
      <testcase name="[sig-storage] In-tree Volumes [Driver: hostPathSymlink] [Testpattern: Dynamic PV (block volmode)(allowExpansion)] volume-expand Verify if offline PVC expansion works" classname="Kubernetes e2e suite" time="0">
          <skipped></skipped>
      </testcase>
      <testcase name="[sig-storage] In-tree Volumes [Driver: local][LocalVolumeType: gce-localssd-scsi-fs] [Serial] [Testpattern: Dynamic PV (ext4)] multiVolume [Slow] should concurrently access the single volume from pods on different node" classname="Kubernetes e2e suite" time="0">
          <skipped></skipped>
      </testcase>
      <testcase name="[sig-storage] In-tree Volumes [Driver: local][LocalVolumeType: dir-link-bindmounted] [Testpattern: Pre-provisioned PV (default fs)] subPath should support existing directories when readOnly specified in the volumeSource" classname="Kubernetes e2e suite" time="0">
          <skipped></skipped>
      </testcase>
      <testcase name="[sig-storage] In-tree Volumes [Driver: emptydir] [Testpattern: Dynamic PV (ext4)] multiVolume [Slow] should concurrently access the volume and its clone from pods on the same node [LinuxOnly][Feature:VolumeSnapshotDataSource][Feature:VolumeSourceXFS]" classname="Kubernetes e2e suite" time="0">
          <skipped></skipped>
      </testcase>
      <testcase name="[sig-storage] Verify Volume Attach Through vpxd Restart [Feature:vsphere][Serial][Disruptive] verify volume remains attached through vpxd restart" classname="Kubernetes e2e suite" time="0">
          <skipped></skipped>
      </testcase>
      <testcase name="[sig-storage] In-tree Volumes [Driver: hostPath] [Testpattern: Dynamic PV (block volmode)] multiVolume [Slow] should concurrently access the volume and restored snapshot from pods on the same node [LinuxOnly][Feature:VolumeSnapshotDataSource][Feature:VolumeSourceXFS]" classname="Kubernetes e2e suite" time="0">
          <skipped></skipped>
      </testcase>
      <testcase name="[sig-storage] In-tree Volumes [Driver: azure-disk] [Testpattern: Dynamic PV (default fs)] subPath should fail if subpath directory is outside the volume [Slow][LinuxOnly]" classname="Kubernetes e2e suite" time="0">
          <skipped></skipped>
      </testcase>
      <testcase name="[sig-storage] In-tree Volumes [Driver: local][LocalVolumeType: dir-link] [Testpattern: Dynamic PV (filesystem volmode)] multiVolume [Slow] should access to two volumes with the same volume mode and retain data across pod recreation on different node" classname="Kubernetes e2e suite" time="0">
          <skipped></skipped>
      </testcase>
      <testcase name="[sig-storage] In-tree Volumes [Driver: gcepd] [Testpattern: Pre-provisioned PV (ext3)] volumes should allow exec of files on the volume" classname="Kubernetes e2e suite" time="0">
          <skipped></skipped>
      </testcase>
      <testcase name="[sig-storage] In-tree Volumes [Driver: hostPathSymlink] [Testpattern: Dynamic PV (ext4)] multiVolume [Slow] should concurrently access the volume and its clone from pods on the same node [LinuxOnly][Feature:VolumeSnapshotDataSource][Feature:VolumeSourceXFS]" classname="Kubernetes e2e suite" time="0">
          <skipped></skipped>
      </testcase>
      <testcase name="[sig-storage] In-tree Volumes [Driver: gcepd] [Testpattern: Dynamic PV (filesystem volmode)] multiVolume [Slow] should access to two volumes with the same volume mode and retain data across pod recreation on the same node" classname="Kubernetes e2e suite" time="0">
          <skipped></skipped>
      </testcase>
      <testcase name="[sig-storage] In-tree Volumes [Driver: local][LocalVolumeType: tmpfs] [Testpattern: Dynamic PV (default fs)] subPath should support creating multiple subpath from same volumes [Slow]" classname="Kubernetes e2e suite" time="0">
          <skipped></skipped>
      </testcase>
      <testcase name="[sig-storage] In-tree Volumes [Driver: local][LocalVolumeType: gce-localssd-scsi-fs] [Serial] [Testpattern: Dynamic PV (default fs)] provisioning should provision storage with pvc data source in parallel [Slow]" classname="Kubernetes e2e suite" time="0">
          <skipped></skipped>
      </testcase>
      <testcase name="[sig-storage] In-tree Volumes [Driver: emptydir] [Testpattern: Pre-provisioned PV (filesystem volmode)] volumeMode should fail to use a volume in a pod with mismatched mode [Slow]" classname="Kubernetes e2e suite" time="0">
          <skipped></skipped>
      </testcase>
      <testcase name="[sig-storage] In-tree Volumes [Driver: hostPathSymlink] [Testpattern: Dynamic PV (default fs)] subPath should verify container cannot write to subpath readonly volumes [Slow]" classname="Kubernetes e2e suite" time="0">
          <skipped></skipped>
      </testcase>
      <testcase name="[sig-storage] CSI Volumes [Driver: pd.csi.storage.gke.io][Serial] [Testpattern: Dynamic PV (ntfs)][Feature:Windows] subPath should support restarting containers using file as subpath [Slow][LinuxOnly]" classname="Kubernetes e2e suite" time="0">
          <skipped></skipped>
      </testcase>
      <testcase name="[sig-storage] In-tree Volumes [Driver: ceph][Feature:Volumes][Serial] [Testpattern: Dynamic PV (xfs)][Slow] multiVolume [Slow] should access to two volumes with the same volume mode and retain data across pod recreation on the same node" classname="Kubernetes e2e suite" time="0">
          <skipped></skipped>
      </testcase>
      <testcase name="[sig-storage] CSI Volumes [Driver: csi-hostpath] [Testpattern: Pre-provisioned PV (default fs)] subPath should fail if non-existent subpath is outside the volume [Slow][LinuxOnly]" classname="Kubernetes e2e suite" time="0">
          <skipped></skipped>
      </testcase>
      <testcase name="[sig-api-machinery] CustomResourcePublishOpenAPI [Privileged:ClusterAdmin] works for CRD preserving unknown fields at the schema root [Conformance]" classname="Kubernetes e2e suite" time="8.566974735"></testcase>
      <testcase name="[sig-storage] In-tree Volumes [Driver: nfs] [Testpattern: Pre-provisioned PV (block volmode)] volumeMode should not mount / map unused volumes in a pod [LinuxOnly]" classname="Kubernetes e2e suite" time="0">
          <skipped></skipped>
      </testcase>
      <testcase name="[sig-storage] CSI Volumes [Driver: pd.csi.storage.gke.io][Serial] [Testpattern: Pre-provisioned PV (ext3)] volumes should store data" classname="Kubernetes e2e suite" time="0">
          <skipped></skipped>
      </testcase>
      <testcase name="[sig-storage] In-tree Volumes [Driver: hostPathSymlink] [Testpattern: Dynamic PV (default fs)] volume-stress multiple pods should access different volumes repeatedly [Slow] [Serial]" classname="Kubernetes e2e suite" time="0">
          <skipped></skipped>
      </testcase>
      <testcase name="[sig-storage] In-tree Volumes [Driver: local][LocalVolumeType: dir] [Testpattern: Dynamic PV (block volmode)] volume-stress multiple pods should access different volumes repeatedly [Slow] [Serial]" classname="Kubernetes e2e suite" time="0">
          <skipped></skipped>
      </testcase>
      <testcase name="[sig-storage] In-tree Volumes [Driver: ceph][Feature:Volumes][Serial] [Testpattern: Pre-provisioned PV (block volmode)] disruptive[Disruptive][LinuxOnly] Should test that pv used in a pod that is force deleted while the kubelet is down cleans up when the kubelet returns." classname="Kubernetes e2e suite" time="0">
          <skipped></skipped>
      </testcase>
      <testcase name="[sig-storage] PersistentVolumes GCEPD should test that deleting the Namespace of a PVC and Pod causes the successful detach of Persistent Disk" classname="Kubernetes e2e suite" time="0">
          <skipped></skipped>
      </testcase>
      <testcase name="[sig-storage] In-tree Volumes [Driver: emptydir] [Testpattern: Dynamic PV (filesystem volmode)] volumeLimits should support volume limits [Serial]" classname="Kubernetes e2e suite" time="0">
          <skipped></skipped>
      </testcase>
      <testcase name="[sig-windows] [Feature:Windows] DNS should support configurable pod DNS servers" classname="Kubernetes e2e suite" time="0">
          <skipped></skipped>
      </testcase>
      <testcase name="[sig-storage] Volume Disk Format [Feature:vsphere] verify disk format type - thin is honored for dynamically provisioned pv using storageclass" classname="Kubernetes e2e suite" time="0">
          <skipped></skipped>
      </testcase>
      <testcase name="[sig-storage] In-tree Volumes [Driver: aws] [Testpattern: Dynamic PV (ext3)] volumes should store data" classname="Kubernetes e2e suite" time="0">
          <skipped></skipped>
      </testcase>
      <testcase name="[sig-storage] In-tree Volumes [Driver: aws] [Testpattern: Pre-provisioned PV (default fs)] subPath should be able to unmount after the subpath directory is deleted [LinuxOnly]" classname="Kubernetes e2e suite" time="0">
          <skipped></skipped>
      </testcase>
      <testcase name="[sig-network] LoadBalancers should only allow access from service loadbalancer source ranges [Slow]" classname="Kubernetes e2e suite" time="0">
          <skipped></skipped>
      </testcase>
      <testcase name="[sig-storage] In-tree Volumes [Driver: local][LocalVolumeType: block] [Testpattern: Inline-volume (default fs)] subPath should support restarting containers using file as subpath [Slow][LinuxOnly]" classname="Kubernetes e2e suite" time="0">
          <skipped></skipped>
      </testcase>
      <testcase name="[sig-storage] In-tree Volumes [Driver: gcepd] [Testpattern: Pre-provisioned PV (ext4)] volumes should allow exec of files on the volume" classname="Kubernetes e2e suite" time="0">
          <skipped></skipped>
      </testcase>
      <testcase name="[sig-storage] In-tree Volumes [Driver: gluster] [Testpattern: Dynamic PV (default fs)] subPath should support restarting containers using directory as subpath [Slow]" classname="Kubernetes e2e suite" time="0">
          <skipped></skipped>
      </testcase>
      <testcase name="[sig-storage] In-tree Volumes [Driver: hostPath] [Testpattern: Dynamic PV (default fs)] subPath should support readOnly file specified in the volumeMount [LinuxOnly]" classname="Kubernetes e2e suite" time="0">
          <skipped></skipped>
      </testcase>
      <testcase name="[sig-storage] In-tree Volumes [Driver: hostPath] [Testpattern: Inline-volume (default fs)] subPath should fail if subpath with backstepping is outside the volume [Slow][LinuxOnly]" classname="Kubernetes e2e suite" time="0">
          <skipped></skipped>
      </testcase>
      <testcase name="[sig-storage] In-tree Volumes [Driver: local][LocalVolumeType: block] [Testpattern: Inline-volume (default fs)] volumes should store data" classname="Kubernetes e2e suite" time="0">
          <skipped></skipped>
      </testcase>
      <testcase name="[sig-storage] In-tree Volumes [Driver: local][LocalVolumeType: dir] [Testpattern: Dynamic PV (block volmode)] multiVolume [Slow] should concurrently access the volume and its clone from pods on the same node [LinuxOnly][Feature:VolumeSnapshotDataSource][Feature:VolumeSourceXFS]" classname="Kubernetes e2e suite" time="0">
          <skipped></skipped>
      </testcase>
      <testcase name="[sig-storage] In-tree Volumes [Driver: hostPath] [Testpattern: Pre-provisioned PV (default fs)] subPath should support readOnly file specified in the volumeMount [LinuxOnly]" classname="Kubernetes e2e suite" time="0">
          <skipped></skipped>
      </testcase>
      <testcase name="[sig-storage] In-tree Volumes [Driver: local][LocalVolumeType: gce-localssd-scsi-fs] [Serial] [Testpattern: Dynamic PV (block volmode)] volumeMode should fail in binding dynamic provisioned PV to PVC [Slow][LinuxOnly]" classname="Kubernetes e2e suite" time="0">
          <skipped></skipped>
      </testcase>
      <testcase name="[sig-storage] In-tree Volumes [Driver: windows-gcepd] [Testpattern: Dynamic PV (block volmode)(allowExpansion)] volume-expand should resize volume when PVC is edited while pod is using it" classname="Kubernetes e2e suite" time="0">
          <skipped></skipped>
      </testcase>
      <testcase name="[sig-storage] In-tree Volumes [Driver: local][LocalVolumeType: dir-bindmounted] [Testpattern: Dynamic PV (ntfs)][Feature:Windows] subPath should support restarting containers using directory as subpath [Slow]" classname="Kubernetes e2e suite" time="0">
          <skipped></skipped>
      </testcase>
      <testcase name="[sig-storage] CSI Volumes [Driver: pd.csi.storage.gke.io][Serial] [Testpattern: Dynamic PV (xfs)][Slow] volumes should store data" classname="Kubernetes e2e suite" time="0">
          <skipped></skipped>
      </testcase>
      <testcase name="[sig-cli] Kubectl client Simple pod should support inline execution and attach" classname="Kubernetes e2e suite" time="0">
          <skipped></skipped>
      </testcase>
      <testcase name="[sig-storage] In-tree Volumes [Driver: emptydir] [Testpattern: Pre-provisioned PV (default fs)] subPath should support non-existent path" classname="Kubernetes e2e suite" time="0">
          <skipped></skipped>
      </testcase>
      <testcase name="[sig-storage] In-tree Volumes [Driver: local][LocalVolumeType: tmpfs] [Testpattern: Pre-provisioned PV (default fs)] subPath should support readOnly file specified in the volumeMount [LinuxOnly]" classname="Kubernetes e2e suite" time="0">
          <skipped></skipped>
      </testcase>
      <testcase name="[sig-storage] In-tree Volumes [Driver: vsphere] [Testpattern: Dynamic PV (filesystem volmode)] multiVolume [Slow] should access to two volumes with the same volume mode and retain data across pod recreation on the same node" classname="Kubernetes e2e suite" time="0">
          <skipped></skipped>
      </testcase>
      <testcase name="[sig-storage] In-tree Volumes [Driver: local][LocalVolumeType: dir-bindmounted] [Testpattern: Dynamic PV (default fs)] subPath should support creating multiple subpath from same volumes [Slow]" classname="Kubernetes e2e suite" time="0">
          <skipped></skipped>
      </testcase>
      <testcase name="[sig-storage] In-tree Volumes [Driver: hostPath] [Testpattern: Pre-provisioned PV (default fs)] subPath should support existing directory" classname="Kubernetes e2e suite" time="0">
          <skipped></skipped>
      </testcase>
      <testcase name="[sig-storage] In-tree Volumes [Driver: aws] [Testpattern: Pre-provisioned PV (xfs)][Slow] volumes should store data" classname="Kubernetes e2e suite" time="0">
          <skipped></skipped>
      </testcase>
      <testcase name="[sig-storage] In-tree Volumes [Driver: azure-disk] [Testpattern: Dynamic PV (default fs)] fsgroupchangepolicy (OnRootMismatch)[LinuxOnly], pod created with an initial fsgroup, volume contents ownership changed in first pod, new pod with same fsgroup skips ownership changes to the volume contents" classname="Kubernetes e2e suite" time="0">
          <skipped></skipped>
      </testcase>
      <testcase name="[sig-storage] In-tree Volumes [Driver: hostPathSymlink] [Testpattern: Pre-provisioned PV (default fs)] subPath should verify container cannot write to subpath readonly volumes [Slow]" classname="Kubernetes e2e suite" time="0">
          <skipped></skipped>
      </testcase>
      <testcase name="[sig-storage] In-tree Volumes [Driver: vsphere] [Testpattern: Inline-volume (default fs)] subPath should support restarting containers using directory as subpath [Slow]" classname="Kubernetes e2e suite" time="0">
          <skipped></skipped>
      </testcase>
      <testcase name="[sig-storage] In-tree Volumes [Driver: local][LocalVolumeType: tmpfs] [Testpattern: Dynamic PV (ntfs)(allowExpansion)][Feature:Windows] volume-expand should resize volume when PVC is edited while pod is using it" classname="Kubernetes e2e suite" time="0">
          <skipped></skipped>
      </testcase>
      <testcase name="[sig-storage] CSI Volumes [Driver: csi-hostpath] [Testpattern: Dynamic PV (block volmode)] multiVolume [Slow] should access to two volumes with different volume mode and retain data across pod recreation on the same node" classname="Kubernetes e2e suite" time="0">
          <skipped></skipped>
      </testcase>
      <testcase name="[sig-storage] In-tree Volumes [Driver: ceph][Feature:Volumes][Serial] [Testpattern: Dynamic PV (default fs)] subPath should unmount if pod is gracefully deleted while kubelet is down [Disruptive][Slow][LinuxOnly]" classname="Kubernetes e2e suite" time="0">
          <skipped></skipped>
      </testcase>
      <testcase name="[sig-storage] In-tree Volumes [Driver: local][LocalVolumeType: dir-link] [Testpattern: Dynamic PV (ntfs)(allowExpansion)][Feature:Windows] volume-expand should resize volume when PVC is edited while pod is using it" classname="Kubernetes e2e suite" time="0">
          <skipped></skipped>
      </testcase>
      <testcase name="[sig-storage] CSI Volumes [Driver: pd.csi.storage.gke.io][Serial] [Testpattern: Dynamic PV (ext4)] multiVolume [Slow] should access to two volumes with the same volume mode and retain data across pod recreation on different node" classname="Kubernetes e2e suite" time="0">
          <skipped></skipped>
      </testcase>
      <testcase name="[sig-node] Kubelet when scheduling a read only busybox container should not write to root filesystem [LinuxOnly] [NodeConformance] [Conformance]" classname="Kubernetes e2e suite" time="4.129710986"></testcase>
      <testcase name="[sig-storage] In-tree Volumes [Driver: rbd][Feature:Volumes][Serial] [Testpattern: Dynamic PV (xfs)][Slow] multiVolume [Slow] should concurrently access the single volume from pods on the same node" classname="Kubernetes e2e suite" time="0">
          <skipped></skipped>
      </testcase>
      <testcase name="[sig-storage] In-tree Volumes [Driver: emptydir] [Testpattern: Dynamic PV (filesystem volmode)] multiVolume [Slow] should concurrently access the single volume from pods on different node" classname="Kubernetes e2e suite" time="0">
          <skipped></skipped>
      </testcase>
      <testcase name="[sig-storage] CSI Volumes [Driver: csi-hostpath] [Testpattern: Dynamic PV (default fs)] subPath should fail if non-existent subpath is outside the volume [Slow][LinuxOnly]" classname="Kubernetes e2e suite" time="0">
          <skipped></skipped>
      </testcase>
      <testcase name="[sig-storage] In-tree Volumes [Driver: hostPathSymlink] [Testpattern: Dynamic PV (filesystem volmode)] multiVolume [Slow] should access to two volumes with different volume mode and retain data across pod recreation on different node" classname="Kubernetes e2e suite" time="0">
          <skipped></skipped>
      </testcase>
      <testcase name="[sig-storage] In-tree Volumes [Driver: hostPath] [Testpattern: Dynamic PV (ntfs)][Feature:Windows] subPath should unmount if pod is force deleted while kubelet is down [Disruptive][Slow][LinuxOnly]" classname="Kubernetes e2e suite" time="0">
          <skipped></skipped>
      </testcase>
      <testcase name="[sig-storage] In-tree Volumes [Driver: aws] [Testpattern: Inline-volume (default fs)] volumeIO should write files of various sizes, verify size, validate content [Slow][LinuxOnly]" classname="Kubernetes e2e suite" time="0">
          <skipped></skipped>
      </testcase>
      <testcase name="[sig-node] Pod garbage collector [Feature:PodGarbageCollector] [Slow] should handle the creation of 1000 pods" classname="Kubernetes e2e suite" time="0">
          <skipped></skipped>
      </testcase>
      <testcase name="[sig-storage] CSI Volumes [Driver: csi-hostpath] [Testpattern: Dynamic PV (xfs)][Slow] multiVolume [Slow] should access to two volumes with the same volume mode and retain data across pod recreation on different node" classname="Kubernetes e2e suite" time="0">
          <skipped></skipped>
      </testcase>
      <testcase name="[sig-storage] In-tree Volumes [Driver: local][LocalVolumeType: dir-link] [Testpattern: Pre-provisioned PV (default fs)] subPath should fail if non-existent subpath is outside the volume [Slow][LinuxOnly]" classname="Kubernetes e2e suite" time="0">
          <skipped></skipped>
      </testcase>
      <testcase name="[sig-storage] In-tree Volumes [Driver: cinder] [Testpattern: Dynamic PV (ntfs)][Feature:Windows] subPath should fail if subpath file is outside the volume [Slow][LinuxOnly]" classname="Kubernetes e2e suite" time="0">
          <skipped></skipped>
      </testcase>
      <testcase name="[sig-storage] In-tree Volumes [Driver: gluster] [Testpattern: Dynamic PV (block volmode)(allowExpansion)] volume-expand Verify if offline PVC expansion works" classname="Kubernetes e2e suite" time="0">
          <skipped></skipped>
      </testcase>
      <testcase name="[sig-storage] In-tree Volumes [Driver: nfs] [Testpattern: Pre-provisioned PV (block volmode)] disruptive[Disruptive][LinuxOnly] Should test that pv used in a pod that is force deleted while the kubelet is down cleans up when the kubelet returns." classname="Kubernetes e2e suite" time="0">
          <skipped></skipped>
      </testcase>
      <testcase name="[sig-storage] In-tree Volumes [Driver: local][LocalVolumeType: block] [Testpattern: Pre-provisioned PV (default fs)] subPath should support file as subpath [LinuxOnly]" classname="Kubernetes e2e suite" time="0">
          <skipped></skipped>
      </testcase>
      <testcase name="[sig-storage] In-tree Volumes [Driver: local][LocalVolumeType: dir] [Testpattern: Dynamic PV (ntfs)][Feature:Windows] subPath should unmount if pod is gracefully deleted while kubelet is down [Disruptive][Slow][LinuxOnly]" classname="Kubernetes e2e suite" time="0">
          <skipped></skipped>
      </testcase>
      <testcase name="[sig-storage] In-tree Volumes [Driver: local][LocalVolumeType: gce-localssd-scsi-fs] [Serial] [Testpattern: Dynamic PV (ntfs)][Feature:Windows] volumes should store data" classname="Kubernetes e2e suite" time="0">
          <skipped></skipped>
      </testcase>
      <testcase name="[sig-storage] In-tree Volumes [Driver: cinder] [Testpattern: Pre-provisioned PV (ext4)] volumes should allow exec of files on the volume" classname="Kubernetes e2e suite" time="0">
          <skipped></skipped>
      </testcase>
      <testcase name="[sig-storage] In-tree Volumes [Driver: local][LocalVolumeType: tmpfs] [Testpattern: Dynamic PV (ntfs)][Feature:Windows] subPath should support existing directory" classname="Kubernetes e2e suite" time="0">
          <skipped></skipped>
      </testcase>
      <testcase name="[sig-storage] In-tree Volumes [Driver: rbd][Feature:Volumes][Serial] [Testpattern: Pre-provisioned PV (ext3)] volumes should store data" classname="Kubernetes e2e suite" time="0">
          <skipped></skipped>
      </testcase>
      <testcase name="[sig-storage] In-tree Volumes [Driver: vsphere] [Testpattern: Dynamic PV (ext3)] volumes should allow exec of files on the volume" classname="Kubernetes e2e suite" time="0">
          <skipped></skipped>
      </testcase>
      <testcase name="[sig-storage] In-tree Volumes [Driver: gluster] [Testpattern: Dynamic PV (filesystem volmode)] multiVolume [Slow] should access to two volumes with different volume mode and retain data across pod recreation on different node" classname="Kubernetes e2e suite" time="0">
          <skipped></skipped>
      </testcase>
      <testcase name="[sig-storage] In-tree Volumes [Driver: local][LocalVolumeType: dir-bindmounted] [Testpattern: Dynamic PV (xfs)][Slow] multiVolume [Slow] should access to two volumes with the same volume mode and retain data across pod recreation on the same node" classname="Kubernetes e2e suite" time="0">
          <skipped></skipped>
      </testcase>
      <testcase name="[sig-storage] In-tree Volumes [Driver: emptydir] [Testpattern: Inline-volume (default fs)] subPath should fail if subpath directory is outside the volume [Slow][LinuxOnly]" classname="Kubernetes e2e suite" time="0">
          <skipped></skipped>
      </testcase>
      <testcase name="[sig-storage] In-tree Volumes [Driver: local][LocalVolumeType: tmpfs] [Testpattern: Dynamic PV (default fs)(allowExpansion)] volume-expand should resize volume when PVC is edited while pod is using it" classname="Kubernetes e2e suite" time="0">
          <skipped></skipped>
      </testcase>
      <testcase name="[sig-storage] In-tree Volumes [Driver: local][LocalVolumeType: gce-localssd-scsi-fs] [Serial] [Testpattern: Dynamic PV (xfs)][Slow] volumes should store data" classname="Kubernetes e2e suite" time="0">
          <skipped></skipped>
      </testcase>
      <testcase name="[sig-storage] In-tree Volumes [Driver: gluster] [Testpattern: Dynamic PV (ext4)] multiVolume [Slow] should concurrently access the single read-only volume from pods on the same node" classname="Kubernetes e2e suite" time="0">
          <skipped></skipped>
      </testcase>
      <testcase name="[sig-storage] PersistentVolumes-local  StatefulSet with pod affinity [Slow] should use volumes on one node when pod has affinity" classname="Kubernetes e2e suite" time="0">
          <skipped></skipped>
      </testcase>
      <testcase name="[sig-storage] PersistentVolumes-local  [Volume type: dir-link] One pod requesting one prebound PVC should be able to mount volume and read from pod1" classname="Kubernetes e2e suite" time="0">
          <skipped></skipped>
      </testcase>
      <testcase name="[sig-storage] Downward API volume should set mode on item file [LinuxOnly] [NodeConformance] [Conformance]" classname="Kubernetes e2e suite" time="4.169374036"></testcase>
      <testcase name="[sig-storage] In-tree Volumes [Driver: aws] [Testpattern: Pre-provisioned PV (default fs)] subPath should support file as subpath [LinuxOnly]" classname="Kubernetes e2e suite" time="0">
          <skipped></skipped>
      </testcase>
      <testcase name="[sig-storage] In-tree Volumes [Driver: aws] [Testpattern: Pre-provisioned PV (default fs)] subPath should unmount if pod is force deleted while kubelet is down [Disruptive][Slow][LinuxOnly]" classname="Kubernetes e2e suite" time="0">
          <skipped></skipped>
      </testcase>
      <testcase name="[sig-instrumentation] Stackdriver Monitoring should have accelerator metrics [Feature:StackdriverAcceleratorMonitoring]" classname="Kubernetes e2e suite" time="0">
          <skipped></skipped>
      </testcase>
      <testcase name="[sig-storage] In-tree Volumes [Driver: cinder] [Testpattern: Dynamic PV (filesystem volmode)] disruptive[Disruptive][LinuxOnly] Should test that pv written before kubelet restart is readable after restart." classname="Kubernetes e2e suite" time="0">
          <skipped></skipped>
      </testcase>
      <testcase name="[sig-node] Downward API should provide default limits.cpu/memory from node allocatable [NodeConformance] [Conformance]" classname="Kubernetes e2e suite" time="4.306120754"></testcase>
      <testcase name="[sig-storage] In-tree Volumes [Driver: local][LocalVolumeType: block] [Testpattern: Pre-provisioned PV (default fs)] subPath should unmount if pod is gracefully deleted while kubelet is down [Disruptive][Slow][LinuxOnly]" classname="Kubernetes e2e suite" time="0">
          <skipped></skipped>
      </testcase>
      <testcase name="[sig-storage] In-tree Volumes [Driver: local][LocalVolumeType: tmpfs] [Testpattern: Pre-provisioned PV (filesystem volmode)] multiVolume [Slow] should access to two volumes with different volume mode and retain data across pod recreation on different node" classname="Kubernetes e2e suite" time="0">
          <skipped></skipped>
      </testcase>
      <testcase name="[sig-storage] In-tree Volumes [Driver: emptydir] [Testpattern: Pre-provisioned PV (block volmode)] volumeMode should fail to use a volume in a pod with mismatched mode [Slow]" classname="Kubernetes e2e suite" time="0">
          <skipped></skipped>
      </testcase>
      <testcase name="[sig-storage] In-tree Volumes [Driver: rbd][Feature:Volumes][Serial] [Testpattern: Pre-provisioned PV (filesystem volmode)] multiVolume [Slow] should access to two volumes with different volume mode and retain data across pod recreation on the same node" classname="Kubernetes e2e suite" time="0">
          <skipped></skipped>
      </testcase>
      <testcase name="[sig-storage] In-tree Volumes [Driver: local][LocalVolumeType: dir-bindmounted] [Testpattern: Dynamic PV (ext4)] multiVolume [Slow] should concurrently access the single volume from pods on the same node" classname="Kubernetes e2e suite" time="0">
          <skipped></skipped>
      </testcase>
      <testcase name="[sig-node] PodTemplates should delete a collection of pod templates [Conformance]" classname="Kubernetes e2e suite" time="0.10957929"></testcase>
      <testcase name="[sig-storage] In-tree Volumes [Driver: aws] [Testpattern: Dynamic PV (block volmode)] provisioning should provision storage with mount options" classname="Kubernetes e2e suite" time="0">
          <skipped></skipped>
      </testcase>
      <testcase name="[sig-storage] In-tree Volumes [Driver: iscsi][Feature:Volumes] [Testpattern: Dynamic PV (xfs)][Slow] multiVolume [Slow] should concurrently access the volume and restored snapshot from pods on the same node [LinuxOnly][Feature:VolumeSnapshotDataSource][Feature:VolumeSourceXFS]" classname="Kubernetes e2e suite" time="0">
          <skipped></skipped>
      </testcase>
      <testcase name="[sig-storage] In-tree Volumes [Driver: local][LocalVolumeType: tmpfs] [Testpattern: Dynamic PV (filesystem volmode)] multiVolume [Slow] should concurrently access the volume and restored snapshot from pods on the same node [LinuxOnly][Feature:VolumeSnapshotDataSource][Feature:VolumeSourceXFS]" classname="Kubernetes e2e suite" time="0">
          <skipped></skipped>
      </testcase>
      <testcase name="[sig-storage] In-tree Volumes [Driver: aws] [Testpattern: Dynamic PV (xfs)][Slow] volumes should store data" classname="Kubernetes e2e suite" time="0">
          <skipped></skipped>
      </testcase>
      <testcase name="[sig-storage] In-tree Volumes [Driver: hostPathSymlink] [Testpattern: Dynamic PV (default fs)] subPath should unmount if pod is force deleted while kubelet is down [Disruptive][Slow][LinuxOnly]" classname="Kubernetes e2e suite" time="0">
          <skipped></skipped>
      </testcase>
      <testcase name="[sig-node] Variable Expansion should fail substituting values in a volume subpath with backticks [Slow] [Conformance]" classname="Kubernetes e2e suite" time="6.167483563"></testcase>
      <testcase name="[sig-storage] In-tree Volumes [Driver: local][LocalVolumeType: blockfs] [Testpattern: Dynamic PV (delayed binding)] topology should provision a volume and schedule a pod with AllowedTopologies" classname="Kubernetes e2e suite" time="0">
          <skipped></skipped>
      </testcase>
      <testcase name="[sig-api-machinery] Generated clientset should create pods, set the deletionTimestamp and deletionGracePeriodSeconds of the pod" classname="Kubernetes e2e suite" time="0">
          <skipped></skipped>
      </testcase>
      <testcase name="[sig-node] ConfigMap should run through a ConfigMap lifecycle [Conformance]" classname="Kubernetes e2e suite" time="0.12203317"></testcase>
      <testcase name="[sig-storage] In-tree Volumes [Driver: nfs] [Testpattern: Pre-provisioned PV (default fs)] subPath should support file as subpath [LinuxOnly]" classname="Kubernetes e2e suite" time="0">
          <skipped></skipped>
      </testcase>
      <testcase name="[sig-storage] In-tree Volumes [Driver: emptydir] [Testpattern: Pre-provisioned PV (block volmode)] multiVolume [Slow] should access to two volumes with different volume mode and retain data across pod recreation on the same node" classname="Kubernetes e2e suite" time="0">
          <skipped></skipped>
      </testcase>
      <testcase name="[sig-storage] CSI Volumes [Driver: pd.csi.storage.gke.io][Serial] [Testpattern: Pre-provisioned PV (default fs)] subPath should support non-existent path" classname="Kubernetes e2e suite" time="0">
          <skipped></skipped>
      </testcase>
      <testcase name="[sig-storage] In-tree Volumes [Driver: iscsi][Feature:Volumes] [Testpattern: Dynamic PV (block volmode)] volumeMode should not mount / map unused volumes in a pod [LinuxOnly]" classname="Kubernetes e2e suite" time="0">
          <skipped></skipped>
      </testcase>
      <testcase name="[sig-storage] CSI Volumes [Driver: pd.csi.storage.gke.io][Serial] [Testpattern: Pre-provisioned PV (ntfs)][Feature:Windows] volumes should allow exec of files on the volume" classname="Kubernetes e2e suite" time="0">
          <skipped></skipped>
      </testcase>
      <testcase name="[sig-storage] In-tree Volumes [Driver: cinder] [Testpattern: Dynamic PV (filesystem volmode)] multiVolume [Slow] should concurrently access the single volume from pods on the same node" classname="Kubernetes e2e suite" time="0">
          <skipped></skipped>
      </testcase>
      <testcase name="[sig-storage] In-tree Volumes [Driver: local][LocalVolumeType: dir] [Testpattern: Dynamic PV (filesystem volmode)] multiVolume [Slow] should concurrently access the single volume from pods on the same node" classname="Kubernetes e2e suite" time="0">
          <skipped></skipped>
      </testcase>
      <testcase name="[sig-storage] In-tree Volumes [Driver: gluster] [Testpattern: Dynamic PV (default fs)] volumes should allow exec of files on the volume" classname="Kubernetes e2e suite" time="0">
          <skipped></skipped>
      </testcase>
      <testcase name="[sig-api-machinery] AdmissionWebhook [Privileged:ClusterAdmin] should mutate custom resource [Conformance]" classname="Kubernetes e2e suite" time="6.967749066"></testcase>
      <testcase name="[sig-storage] Secrets should be consumable from pods in volume with mappings [NodeConformance] [Conformance]" classname="Kubernetes e2e suite" time="4.291593052"></testcase>
      <testcase name="[sig-node] Probing container should be restarted with an exec liveness probe with timeout [MinimumKubeletVersion:1.20] [NodeConformance]" classname="Kubernetes e2e suite" time="0">
          <skipped></skipped>
      </testcase>
      <testcase name="[sig-storage] In-tree Volumes [Driver: local][LocalVolumeType: tmpfs] [Testpattern: Dynamic PV (default fs)] fsgroupchangepolicy (Always)[LinuxOnly], pod created with an initial fsgroup, volume contents ownership changed in first pod, new pod with same fsgroup applied to the volume contents" classname="Kubernetes e2e suite" time="0">
          <skipped></skipped>
      </testcase>
      <testcase name="[sig-storage] PersistentVolumes NFS with Single PV - PVC pairs should create a non-pre-bound PV and PVC: test write access " classname="Kubernetes e2e suite" time="0">
          <skipped></skipped>
      </testcase>
      <testcase name="[sig-storage] In-tree Volumes [Driver: rbd][Feature:Volumes][Serial] [Testpattern: Dynamic PV (default fs)] subPath should support restarting containers using file as subpath [Slow][LinuxOnly]" classname="Kubernetes e2e suite" time="0">
          <skipped></skipped>
      </testcase>
      <testcase name="[sig-storage] ConfigMap should be consumable in multiple volumes in the same pod [NodeConformance] [Conformance]" classname="Kubernetes e2e suite" time="4.178818148"></testcase>
      <testcase name="[sig-storage] In-tree Volumes [Driver: vsphere] [Testpattern: Dynamic PV (block volmode)] multiVolume [Slow] should concurrently access the single read-only volume from pods on the same node" classname="Kubernetes e2e suite" time="0">
          <skipped></skipped>
      </testcase>
      <testcase name="[sig-storage] HostPathType File [Slow] Should fail on mounting file &#39;afile&#39; when HostPathType is HostPathDirectory" classname="Kubernetes e2e suite" time="0">
          <skipped></skipped>
      </testcase>
      <testcase name="[sig-storage] In-tree Volumes [Driver: hostPath] [Testpattern: Dynamic PV (default fs)] capacity provides storage capacity information" classname="Kubernetes e2e suite" time="0">
          <skipped></skipped>
      </testcase>
      <testcase name="[sig-storage] In-tree Volumes [Driver: windows-gcepd] [Testpattern: Dynamic PV (default fs)] provisioning should provision storage with mount options" classname="Kubernetes e2e suite" time="0">
          <skipped></skipped>
      </testcase>
      <testcase name="[sig-storage] In-tree Volumes [Driver: local][LocalVolumeType: tmpfs] [Testpattern: Pre-provisioned PV (xfs)][Slow] volumes should store data" classname="Kubernetes e2e suite" time="0">
          <skipped></skipped>
      </testcase>
      <testcase name="[sig-storage] In-tree Volumes [Driver: rbd][Feature:Volumes][Serial] [Testpattern: Dynamic PV (ntfs)][Feature:Windows] provisioning should provision storage with mount options" classname="Kubernetes e2e suite" time="0">
          <skipped></skipped>
      </testcase>
      <testcase name="[sig-storage] In-tree Volumes [Driver: gcepd] [Testpattern: Inline-volume (xfs)][Slow] volumes should allow exec of files on the volume" classname="Kubernetes e2e suite" time="0">
          <skipped></skipped>
      </testcase>
      <testcase name="[sig-network] NetworkPolicy [Feature:SCTPConnectivity][LinuxOnly][Disruptive] NetworkPolicy between server and client using SCTP should enforce policy based on Ports [Feature:NetworkPolicy]" classname="Kubernetes e2e suite" time="0">
          <skipped></skipped>
      </testcase>
      <testcase name="[sig-storage] In-tree Volumes [Driver: local][LocalVolumeType: tmpfs] [Testpattern: Dynamic PV (default fs)] provisioning should provision storage with mount options" classname="Kubernetes e2e suite" time="0">
          <skipped></skipped>
      </testcase>
      <testcase name="[sig-storage] In-tree Volumes [Driver: local][LocalVolumeType: gce-localssd-scsi-fs] [Serial] [Testpattern: Pre-provisioned PV (default fs)] subPath should be able to unmount after the subpath directory is deleted [LinuxOnly]" classname="Kubernetes e2e suite" time="0">
          <skipped></skipped>
      </testcase>
      <testcase name="[sig-storage] In-tree Volumes [Driver: cinder] [Testpattern: Pre-provisioned PV (filesystem volmode)] multiVolume [Slow] should concurrently access the single read-only volume from pods on the same node" classname="Kubernetes e2e suite" time="0">
          <skipped></skipped>
      </testcase>
      <testcase name="[sig-storage] In-tree Volumes [Driver: gluster] [Testpattern: Dynamic PV (block volmode)] multiVolume [Slow] should concurrently access the single volume from pods on the same node" classname="Kubernetes e2e suite" time="0">
          <skipped></skipped>
      </testcase>
      <testcase name="[sig-storage] In-tree Volumes [Driver: iscsi][Feature:Volumes] [Testpattern: Pre-provisioned PV (filesystem volmode)] disruptive[Disruptive][LinuxOnly] Should test that pv written before kubelet restart is readable after restart." classname="Kubernetes e2e suite" time="0">
          <skipped></skipped>
      </testcase>
      <testcase name="[sig-storage] CSI mock volume CSI workload information using mock driver should not be passed when podInfoOnMount=nil" classname="Kubernetes e2e suite" time="0">
          <skipped></skipped>
      </testcase>
      <testcase name="[sig-storage] In-tree Volumes [Driver: local][LocalVolumeType: dir-bindmounted] [Testpattern: Dynamic PV (default fs)] subPath should support file as subpath [LinuxOnly]" classname="Kubernetes e2e suite" time="0">
          <skipped></skipped>
      </testcase>
      <testcase name="[sig-storage] In-tree Volumes [Driver: local][LocalVolumeType: dir-link-bindmounted] [Testpattern: Dynamic PV (filesystem volmode)] multiVolume [Slow] should concurrently access the single read-only volume from pods on the same node" classname="Kubernetes e2e suite" time="0">
          <skipped></skipped>
      </testcase>
      <testcase name="[sig-storage] Regional PD RegionalPD should provision storage in the allowedTopologies [Slow]" classname="Kubernetes e2e suite" time="0">
          <skipped></skipped>
      </testcase>
      <testcase name="[sig-storage] In-tree Volumes [Driver: cinder] [Testpattern: Dynamic PV (xfs)][Slow] multiVolume [Slow] should access to two volumes with different volume mode and retain data across pod recreation on different node" classname="Kubernetes e2e suite" time="0">
          <skipped></skipped>
      </testcase>
      <testcase name="[sig-storage] CSI Volumes [Driver: pd.csi.storage.gke.io][Serial] [Testpattern: Pre-provisioned PV (ntfs)][Feature:Windows] volumes should store data" classname="Kubernetes e2e suite" time="0">
          <skipped></skipped>
      </testcase>
      <testcase name="[sig-storage] PersistentVolumes-local  [Volume type: dir-link-bindmounted] Two pods mounting a local volume at the same time should be able to write from pod1 and read from pod2" classname="Kubernetes e2e suite" time="0">
          <skipped></skipped>
      </testcase>
      <testcase name="[sig-storage] CSI Volumes [Driver: csi-hostpath] [Testpattern: Inline-volume (default fs)] subPath should support readOnly directory specified in the volumeMount" classname="Kubernetes e2e suite" time="0">
          <skipped></skipped>
      </testcase>
      <testcase name="[sig-node] Probing container should *not* be restarted with a tcp:8080 liveness probe [NodeConformance] [Conformance]" classname="Kubernetes e2e suite" time="243.265965021"></testcase>
      <testcase name="[sig-storage] In-tree Volumes [Driver: local][LocalVolumeType: block] [Testpattern: Dynamic PV (default fs)] provisioning should provision storage with pvc data source" classname="Kubernetes e2e suite" time="0">
          <skipped></skipped>
      </testcase>
      <testcase name="[sig-storage] CSI Volumes [Driver: pd.csi.storage.gke.io][Serial] [Testpattern: Dynamic PV (filesystem volmode)] multiVolume [Slow] should concurrently access the volume and restored snapshot from pods on the same node [LinuxOnly][Feature:VolumeSnapshotDataSource][Feature:VolumeSourceXFS]" classname="Kubernetes e2e suite" time="0">
          <skipped></skipped>
      </testcase>
      <testcase name="[sig-storage] In-tree Volumes [Driver: nfs] [Testpattern: Dynamic PV (default fs)] capacity provides storage capacity information" classname="Kubernetes e2e suite" time="0">
          <skipped></skipped>
      </testcase>
      <testcase name="[sig-storage] In-tree Volumes [Driver: iscsi][Feature:Volumes] [Testpattern: Dynamic PV (ntfs)][Feature:Windows] subPath should fail if subpath directory is outside the volume [Slow][LinuxOnly]" classname="Kubernetes e2e suite" time="0">
          <skipped></skipped>
      </testcase>
      <testcase name="[sig-storage] In-tree Volumes [Driver: gcepd] [Testpattern: Pre-provisioned PV (default fs)] subPath should be able to unmount after the subpath directory is deleted [LinuxOnly]" classname="Kubernetes e2e suite" time="0">
          <skipped></skipped>
      </testcase>
      <testcase name="[sig-storage] In-tree Volumes [Driver: local][LocalVolumeType: block] [Testpattern: Dynamic PV (filesystem volmode)] disruptive[Disruptive][LinuxOnly] Should test that pv written before kubelet restart is readable after restart." classname="Kubernetes e2e suite" time="0">
          <skipped></skipped>
      </testcase>
      <testcase name="[sig-storage] In-tree Volumes [Driver: hostPath] [Testpattern: Pre-provisioned PV (default fs)] subPath should fail if non-existent subpath is outside the volume [Slow][LinuxOnly]" classname="Kubernetes e2e suite" time="0">
          <skipped></skipped>
      </testcase>
      <testcase name="[sig-storage] In-tree Volumes [Driver: azure-disk] [Testpattern: Dynamic PV (block volmode)] volume-expand should not allow expansion of pvcs without AllowVolumeExpansion property" classname="Kubernetes e2e suite" time="0">
          <skipped></skipped>
      </testcase>
      <testcase name="[sig-storage] PersistentVolumes-local  [Volume type: dir-link] Two pods mounting a local volume at the same time should be able to write from pod1 and read from pod2" classname="Kubernetes e2e suite" time="0">
          <skipped></skipped>
      </testcase>
      <testcase name="[sig-storage] In-tree Volumes [Driver: vsphere] [Testpattern: Pre-provisioned PV (ext3)] volumes should store data" classname="Kubernetes e2e suite" time="0">
          <skipped></skipped>
      </testcase>
      <testcase name="[sig-storage] CSI Volumes [Driver: pd.csi.storage.gke.io][Serial] [Testpattern: Dynamic PV (xfs)][Slow] multiVolume [Slow] should access to two volumes with the same volume mode and retain data across pod recreation on different node" classname="Kubernetes e2e suite" time="0">
          <skipped></skipped>
      </testcase>
      <testcase name="[sig-storage] In-tree Volumes [Driver: ceph][Feature:Volumes][Serial] [Testpattern: Dynamic PV (default fs)] subPath should support creating multiple subpath from same volumes [Slow]" classname="Kubernetes e2e suite" time="0">
          <skipped></skipped>
      </testcase>
      <testcase name="[sig-storage] In-tree Volumes [Driver: cinder] [Testpattern: Pre-provisioned PV (default fs)] subPath should support existing directory" classname="Kubernetes e2e suite" time="0">
          <skipped></skipped>
      </testcase>
      <testcase name="[sig-storage] In-tree Volumes [Driver: local][LocalVolumeType: block] [Testpattern: Dynamic PV (xfs)][Slow] volumes should allow exec of files on the volume" classname="Kubernetes e2e suite" time="0">
          <skipped></skipped>
      </testcase>
      <testcase name="[sig-storage] In-tree Volumes [Driver: iscsi][Feature:Volumes] [Testpattern: Pre-provisioned PV (default fs)] volumes should allow exec of files on the volume" classname="Kubernetes e2e suite" time="0">
          <skipped></skipped>
      </testcase>
      <testcase name="[sig-node] NoExecuteTaintManager Multiple Pods [Serial] only evicts pods without tolerations from tainted nodes" classname="Kubernetes e2e suite" time="0">
          <skipped></skipped>
      </testcase>
      <testcase name="[sig-storage] In-tree Volumes [Driver: windows-gcepd] [Testpattern: Dynamic PV (ntfs)][Feature:Windows] provisioning should provision storage with pvc data source in parallel [Slow]" classname="Kubernetes e2e suite" time="0">
          <skipped></skipped>
      </testcase>
      <testcase name="[sig-api-machinery] CustomResourcePublishOpenAPI [Privileged:ClusterAdmin] works for multiple CRDs of same group and version but different kinds [Conformance]" classname="Kubernetes e2e suite" time="18.512872445"></testcase>
      <testcase name="[sig-storage] In-tree Volumes [Driver: local][LocalVolumeType: tmpfs] [Testpattern: Dynamic PV (default fs)] subPath should support existing single file [LinuxOnly]" classname="Kubernetes e2e suite" time="0">
          <skipped></skipped>
      </testcase>
      <testcase name="[sig-storage] In-tree Volumes [Driver: local][LocalVolumeType: gce-localssd-scsi-fs] [Serial] [Testpattern: Dynamic PV (block volmode)] multiVolume [Slow] should access to two volumes with the same volume mode and retain data across pod recreation on the same node" classname="Kubernetes e2e suite" time="0">
          <skipped></skipped>
      </testcase>
      <testcase name="[sig-storage] In-tree Volumes [Driver: gcepd] [Testpattern: Inline-volume (ext4)] volumes should allow exec of files on the volume" classname="Kubernetes e2e suite" time="0">
          <skipped></skipped>
      </testcase>
      <testcase name="[sig-node] Security Context When creating a container with runAsUser should run the container with uid 65534 [LinuxOnly] [NodeConformance] [Conformance]" classname="Kubernetes e2e suite" time="4.13523495"></testcase>
      <testcase name="[sig-storage] In-tree Volumes [Driver: local][LocalVolumeType: gce-localssd-scsi-fs] [Serial] [Testpattern: Dynamic PV (default fs)] fsgroupchangepolicy (Always)[LinuxOnly], pod created with an initial fsgroup, new pod fsgroup applied to volume contents" classname="Kubernetes e2e suite" time="0">
          <skipped></skipped>
      </testcase>
      <testcase name="[sig-storage] In-tree Volumes [Driver: local][LocalVolumeType: dir-bindmounted] [Testpattern: Inline-volume (default fs)] subPath should support creating multiple subpath from same volumes [Slow]" classname="Kubernetes e2e suite" time="0">
          <skipped></skipped>
      </testcase>
      <testcase name="[sig-storage] In-tree Volumes [Driver: emptydir] [Testpattern: Dynamic PV (ext3)] volumes should allow exec of files on the volume" classname="Kubernetes e2e suite" time="0">
          <skipped></skipped>
      </testcase>
      <testcase name="[sig-storage] In-tree Volumes [Driver: local][LocalVolumeType: block] [Testpattern: Inline-volume (ext4)] volumes should allow exec of files on the volume" classname="Kubernetes e2e suite" time="0">
          <skipped></skipped>
      </testcase>
      <testcase name="[sig-storage] In-tree Volumes [Driver: emptydir] [Testpattern: Inline-volume (default fs)] subPath should support restarting containers using directory as subpath [Slow]" classname="Kubernetes e2e suite" time="0">
          <skipped></skipped>
      </testcase>
      <testcase name="[sig-storage] In-tree Volumes [Driver: azure-disk] [Testpattern: Pre-provisioned PV (ext3)] volumes should allow exec of files on the volume" classname="Kubernetes e2e suite" time="0">
          <skipped></skipped>
      </testcase>
      <testcase name="[sig-storage] In-tree Volumes [Driver: hostPath] [Testpattern: Pre-provisioned PV (filesystem volmode)] multiVolume [Slow] should access to two volumes with the same volume mode and retain data across pod recreation on the same node" classname="Kubernetes e2e suite" time="0">
          <skipped></skipped>
      </testcase>
      <testcase name="[sig-storage] In-tree Volumes [Driver: local][LocalVolumeType: tmpfs] [Testpattern: Dynamic PV (immediate binding)] topology should fail to schedule a pod which has topologies that conflict with AllowedTopologies" classname="Kubernetes e2e suite" time="0">
          <skipped></skipped>
      </testcase>
      <testcase name="[sig-storage] In-tree Volumes [Driver: emptydir] [Testpattern: Dynamic PV (ntfs)][Feature:Windows] subPath should unmount if pod is gracefully deleted while kubelet is down [Disruptive][Slow][LinuxOnly]" classname="Kubernetes e2e suite" time="0">
          <skipped></skipped>
      </testcase>
      <testcase name="[sig-storage] In-tree Volumes [Driver: hostPath] [Testpattern: Dynamic PV (xfs)][Slow] multiVolume [Slow] should concurrently access the volume and its clone from pods on the same node [LinuxOnly][Feature:VolumeSnapshotDataSource][Feature:VolumeSourceXFS]" classname="Kubernetes e2e suite" time="0">
          <skipped></skipped>
      </testcase>
      <testcase name="[sig-storage] In-tree Volumes [Driver: local][LocalVolumeType: dir-link-bindmounted] [Testpattern: Dynamic PV (ext4)] multiVolume [Slow] should access to two volumes with different volume mode and retain data across pod recreation on different node" classname="Kubernetes e2e suite" time="0">
          <skipped></skipped>
      </testcase>
      <testcase name="[sig-storage] CSI Volumes [Driver: pd.csi.storage.gke.io][Serial] [Testpattern: Pre-provisioned PV (default fs)] subPath should fail if subpath with backstepping is outside the volume [Slow][LinuxOnly]" classname="Kubernetes e2e suite" time="0">
          <skipped></skipped>
      </testcase>
      <testcase name="[sig-storage] In-tree Volumes [Driver: gluster] [Testpattern: Pre-provisioned PV (default fs)] subPath should be able to unmount after the subpath directory is deleted [LinuxOnly]" classname="Kubernetes e2e suite" time="0">
          <skipped></skipped>
      </testcase>
      <testcase name="[sig-autoscaling] [Feature:HPA] Horizontal pod autoscaling (scale resource: CPU) [Serial] [Slow] Deployment Should scale from 5 pods to 3 pods and from 3 to 1" classname="Kubernetes e2e suite" time="0">
          <skipped></skipped>
      </testcase>
      <testcase name="[sig-storage] In-tree Volumes [Driver: local][LocalVolumeType: dir] [Testpattern: Dynamic PV (default fs)] subPath should be able to unmount after the subpath directory is deleted [LinuxOnly]" classname="Kubernetes e2e suite" time="0">
          <skipped></skipped>
      </testcase>
      <testcase name="[sig-storage] In-tree Volumes [Driver: gluster] [Testpattern: Inline-volume (default fs)] subPath should fail if subpath file is outside the volume [Slow][LinuxOnly]" classname="Kubernetes e2e suite" time="0">
          <skipped></skipped>
      </testcase>
      <testcase name="[sig-storage] In-tree Volumes [Driver: gcepd] [Testpattern: Dynamic PV (ntfs)][Feature:Windows] subPath should unmount if pod is gracefully deleted while kubelet is down [Disruptive][Slow][LinuxOnly]" classname="Kubernetes e2e suite" time="0">
          <skipped></skipped>
      </testcase>
      <testcase name="[sig-cli] Kubectl client Simple pod should return command exit codes [Slow] running a failing command with --leave-stdin-open" classname="Kubernetes e2e suite" time="0">
          <skipped></skipped>
      </testcase>
      <testcase name="[sig-storage] In-tree Volumes [Driver: local][LocalVolumeType: tmpfs] [Testpattern: Dynamic PV (default fs)] subPath should support file as subpath [LinuxOnly]" classname="Kubernetes e2e suite" time="0">
          <skipped></skipped>
      </testcase>
      <testcase name="[sig-storage] In-tree Volumes [Driver: rbd][Feature:Volumes][Serial] [Testpattern: Dynamic PV (block volmode)] provisioning should provision storage with pvc data source in parallel [Slow]" classname="Kubernetes e2e suite" time="0">
          <skipped></skipped>
      </testcase>
      <testcase name="[sig-network] EndpointSlice should have Endpoints and EndpointSlices pointing to API Server [Conformance]" classname="Kubernetes e2e suite" time="0.070764664"></testcase>
      <testcase name="[sig-storage] In-tree Volumes [Driver: local][LocalVolumeType: dir-bindmounted] [Testpattern: Dynamic PV (default fs)] fsgroupchangepolicy (Always)[LinuxOnly], pod created with an initial fsgroup, volume contents ownership changed in first pod, new pod with different fsgroup applied to the volume contents" classname="Kubernetes e2e suite" time="0">
          <skipped></skipped>
      </testcase>
      <testcase name="[sig-storage] In-tree Volumes [Driver: hostPathSymlink] [Testpattern: Pre-provisioned PV (ntfs)][Feature:Windows] volumes should store data" classname="Kubernetes e2e suite" time="0">
          <skipped></skipped>
      </testcase>
      <testcase name="[sig-storage] In-tree Volumes [Driver: cinder] [Testpattern: Dynamic PV (immediate binding)] topology should fail to schedule a pod which has topologies that conflict with AllowedTopologies" classname="Kubernetes e2e suite" time="0">
          <skipped></skipped>
      </testcase>
      <testcase name="[sig-storage] In-tree Volumes [Driver: nfs] [Testpattern: Dynamic PV (block volmode)] provisioning should provision storage with pvc data source in parallel [Slow]" classname="Kubernetes e2e suite" time="0">
          <skipped></skipped>
      </testcase>
      <testcase name="[sig-storage] In-tree Volumes [Driver: cinder] [Testpattern: Pre-provisioned PV (filesystem volmode)] volumeMode should fail to use a volume in a pod with mismatched mode [Slow]" classname="Kubernetes e2e suite" time="0">
          <skipped></skipped>
      </testcase>
      <testcase name="[sig-storage] In-tree Volumes [Driver: hostPath] [Testpattern: Dynamic PV (ntfs)][Feature:Windows] provisioning should provision storage with pvc data source in parallel [Slow]" classname="Kubernetes e2e suite" time="0">
          <skipped></skipped>
      </testcase>
      <testcase name="[sig-api-machinery] Garbage collector should not be blocked by dependency circle [Conformance]" classname="Kubernetes e2e suite" time="5.203172797"></testcase>
      <testcase name="[sig-network] Networking Granular Checks: Services should function for endpoint-Service: udp" classname="Kubernetes e2e suite" time="0">
          <skipped></skipped>
      </testcase>
      <testcase name="[sig-storage] In-tree Volumes [Driver: windows-gcepd] [Testpattern: Dynamic PV (default fs)] subPath should fail if subpath file is outside the volume [Slow][LinuxOnly]" classname="Kubernetes e2e suite" time="0">
          <skipped></skipped>
      </testcase>
      <testcase name="[sig-storage] In-tree Volumes [Driver: vsphere] [Testpattern: Dynamic PV (block volmode)] provisioning should provision storage with snapshot data source [Feature:VolumeSnapshotDataSource]" classname="Kubernetes e2e suite" time="0">
          <skipped></skipped>
      </testcase>
      <testcase name="[sig-storage] In-tree Volumes [Driver: gluster] [Testpattern: Dynamic PV (ntfs)][Feature:Windows] subPath should support existing single file [LinuxOnly]" classname="Kubernetes e2e suite" time="0">
          <skipped></skipped>
      </testcase>
      <testcase name="[sig-storage] In-tree Volumes [Driver: rbd][Feature:Volumes][Serial] [Testpattern: Dynamic PV (block volmode)] multiVolume [Slow] should access to two volumes with the same volume mode and retain data across pod recreation on the same node" classname="Kubernetes e2e suite" time="0">
          <skipped></skipped>
      </testcase>
      <testcase name="[sig-storage] In-tree Volumes [Driver: local][LocalVolumeType: gce-localssd-scsi-fs] [Serial] [Testpattern: Dynamic PV (default fs)(allowExpansion)] volume-expand should resize volume when PVC is edited while pod is using it" classname="Kubernetes e2e suite" time="0">
          <skipped></skipped>
      </testcase>
      <testcase name="[sig-scheduling] SchedulerPreemption [Serial] validates basic preemption works [Conformance]" classname="Kubernetes e2e suite" time="80.27889037"></testcase>
      <testcase name="[sig-cloud-provider-gcp] Upgrade [Feature:Upgrade] cluster upgrade should maintain a functioning cluster [Feature:ClusterUpgrade]" classname="Kubernetes e2e suite" time="0">
          <skipped></skipped>
      </testcase>
      <testcase name="[sig-storage] In-tree Volumes [Driver: local][LocalVolumeType: block] [Testpattern: Pre-provisioned PV (ext4)] volumes should store data" classname="Kubernetes e2e suite" time="0">
          <skipped></skipped>
      </testcase>
      <testcase name="[sig-storage] In-tree Volumes [Driver: local][LocalVolumeType: dir-link] [Testpattern: Inline-volume (default fs)] subPath should unmount if pod is gracefully deleted while kubelet is down [Disruptive][Slow][LinuxOnly]" classname="Kubernetes e2e suite" time="0">
          <skipped></skipped>
      </testcase>
      <testcase name="[sig-storage] In-tree Volumes [Driver: hostPath] [Testpattern: Dynamic PV (filesystem volmode)] multiVolume [Slow] should access to two volumes with the same volume mode and retain data across pod recreation on different node" classname="Kubernetes e2e suite" time="0">
          <skipped></skipped>
      </testcase>
      <testcase name="[sig-storage] Zone Support [Feature:vsphere] Verify PVC creation fails if only storage policy is specified in the storage class (No shared datastores exist among all the nodes)" classname="Kubernetes e2e suite" time="0">
          <skipped></skipped>
      </testcase>
      <testcase name="[sig-apps] Deployment should validate Deployment Status endpoints [Conformance]" classname="Kubernetes e2e suite" time="4.243287448"></testcase>
      <testcase name="[sig-storage] In-tree Volumes [Driver: rbd][Feature:Volumes][Serial] [Testpattern: Pre-provisioned PV (filesystem volmode)] volumeMode should fail to use a volume in a pod with mismatched mode [Slow]" classname="Kubernetes e2e suite" time="0">
          <skipped></skipped>
      </testcase>
      <testcase name="[sig-storage] PersistentVolumes-local  [Volume type: gce-localssd-scsi-fs] [Serial] One pod requesting one prebound PVC should be able to mount volume and read from pod1" classname="Kubernetes e2e suite" time="0">
          <skipped></skipped>
      </testcase>
      <testcase name="[sig-storage] In-tree Volumes [Driver: iscsi][Feature:Volumes] [Testpattern: Inline-volume (default fs)] subPath should support non-existent path" classname="Kubernetes e2e suite" time="0">
          <skipped></skipped>
      </testcase>
      <testcase name="[sig-storage] In-tree Volumes [Driver: cinder] [Testpattern: Pre-provisioned PV (default fs)] subPath should fail if non-existent subpath is outside the volume [Slow][LinuxOnly]" classname="Kubernetes e2e suite" time="0">
          <skipped></skipped>
      </testcase>
      <testcase name="[sig-storage] In-tree Volumes [Driver: ceph][Feature:Volumes][Serial] [Testpattern: Dynamic PV (ntfs)][Feature:Windows] subPath should unmount if pod is force deleted while kubelet is down [Disruptive][Slow][LinuxOnly]" classname="Kubernetes e2e suite" time="0">
          <skipped></skipped>
      </testcase>
      <testcase name="[sig-storage] In-tree Volumes [Driver: local][LocalVolumeType: tmpfs] [Testpattern: Inline-volume (ext4)] volumes should allow exec of files on the volume" classname="Kubernetes e2e suite" time="0">
          <skipped></skipped>
      </testcase>
      <testcase name="[sig-storage] In-tree Volumes [Driver: iscsi][Feature:Volumes] [Testpattern: Dynamic PV (block volmode)] multiVolume [Slow] should concurrently access the volume and restored snapshot from pods on the same node [LinuxOnly][Feature:VolumeSnapshotDataSource][Feature:VolumeSourceXFS]" classname="Kubernetes e2e suite" time="0">
          <skipped></skipped>
      </testcase>
      <testcase name="[sig-storage] In-tree Volumes [Driver: emptydir] [Testpattern: Dynamic PV (xfs)][Slow] multiVolume [Slow] should concurrently access the single volume from pods on different node" classname="Kubernetes e2e suite" time="0">
          <skipped></skipped>
      </testcase>
      <testcase name="[sig-storage] In-tree Volumes [Driver: azure-disk] [Testpattern: Pre-provisioned PV (block volmode)] multiVolume [Slow] should concurrently access the single volume from pods on the same node" classname="Kubernetes e2e suite" time="0">
          <skipped></skipped>
      </testcase>
      <testcase name="[sig-storage] In-tree Volumes [Driver: nfs] [Testpattern: Dynamic PV (filesystem volmode)] multiVolume [Slow] should concurrently access the single volume from pods on different node" classname="Kubernetes e2e suite" time="0">
          <skipped></skipped>
      </testcase>
      <testcase name="[sig-storage] In-tree Volumes [Driver: vsphere] [Testpattern: Pre-provisioned PV (block volmode)] disruptive[Disruptive][LinuxOnly] Should test that pv used in a pod that is force deleted while the kubelet is down cleans up when the kubelet returns." classname="Kubernetes e2e suite" time="0">
          <skipped></skipped>
      </testcase>
      <testcase name="[sig-storage] In-tree Volumes [Driver: aws] [Testpattern: Dynamic PV (default fs)] subPath should support file as subpath [LinuxOnly]" classname="Kubernetes e2e suite" time="0">
          <skipped></skipped>
      </testcase>
      <testcase name="[sig-storage] In-tree Volumes [Driver: rbd][Feature:Volumes][Serial] [Testpattern: Pre-provisioned PV (filesystem volmode)] multiVolume [Slow] should access to two volumes with the same volume mode and retain data across pod recreation on the same node" classname="Kubernetes e2e suite" time="0">
          <skipped></skipped>
      </testcase>
      <testcase name="[sig-node] Pods should support pod readiness gates [NodeFeature:PodReadinessGate]" classname="Kubernetes e2e suite" time="0">
          <skipped></skipped>
      </testcase>
      <testcase name="[sig-storage] In-tree Volumes [Driver: ceph][Feature:Volumes][Serial] [Testpattern: Pre-provisioned PV (block volmode)] disruptive[Disruptive][LinuxOnly] Should test that pv used in a pod that is deleted while the kubelet is down cleans up when the kubelet returns." classname="Kubernetes e2e suite" time="0">
          <skipped></skipped>
      </testcase>
      <testcase name="[sig-storage] In-tree Volumes [Driver: local][LocalVolumeType: dir-link-bindmounted] [Testpattern: Dynamic PV (default fs)] volumes should store data" classname="Kubernetes e2e suite" time="0">
          <skipped></skipped>
      </testcase>
      <testcase name="[sig-storage] In-tree Volumes [Driver: gcepd] [Testpattern: Dynamic PV (ext3)] volumes should store data" classname="Kubernetes e2e suite" time="0">
          <skipped></skipped>
      </testcase>
      <testcase name="[sig-storage] In-tree Volumes [Driver: windows-gcepd] [Testpattern: Dynamic PV (block volmode)] disruptive[Disruptive][LinuxOnly] Should test that pv used in a pod that is force deleted while the kubelet is down cleans up when the kubelet returns." classname="Kubernetes e2e suite" time="0">
          <skipped></skipped>
      </testcase>
      <testcase name="[sig-storage] In-tree Volumes [Driver: local][LocalVolumeType: dir-bindmounted] [Testpattern: Dynamic PV (block volmode)] provisioning should provision storage with pvc data source" classname="Kubernetes e2e suite" time="0">
          <skipped></skipped>
      </testcase>
      <testcase name="[sig-storage] In-tree Volumes [Driver: ceph][Feature:Volumes][Serial] [Testpattern: Dynamic PV (block volmode)] volumeMode should not mount / map unused volumes in a pod [LinuxOnly]" classname="Kubernetes e2e suite" time="0">
          <skipped></skipped>
      </testcase>
      <testcase name="[sig-network] NetworkPolicyLegacy [LinuxOnly] NetworkPolicy between server and client should enforce multiple egress policies with egress allow-all policy taking precedence [Feature:NetworkPolicy]" classname="Kubernetes e2e suite" time="0">
          <skipped></skipped>
      </testcase>
      <testcase name="[sig-storage] In-tree Volumes [Driver: ceph][Feature:Volumes][Serial] [Testpattern: Dynamic PV (ntfs)][Feature:Windows] volumes should allow exec of files on the volume" classname="Kubernetes e2e suite" time="0">
          <skipped></skipped>
      </testcase>
      <testcase name="[sig-storage] In-tree Volumes [Driver: nfs] [Testpattern: Pre-provisioned PV (block volmode)] multiVolume [Slow] should concurrently access the single volume from pods on the same node" classname="Kubernetes e2e suite" time="0">
          <skipped></skipped>
      </testcase>
      <testcase name="[sig-node] Variable Expansion should succeed in writing subpaths in container [Slow] [Conformance]" classname="Kubernetes e2e suite" time="38.893470792"></testcase>
      <testcase name="[sig-network] Netpol NetworkPolicy between server and client should allow egress access to server in CIDR block [Feature:NetworkPolicy]" classname="Kubernetes e2e suite" time="0">
          <skipped></skipped>
      </testcase>
      <testcase name="[sig-storage] In-tree Volumes [Driver: local][LocalVolumeType: tmpfs] [Testpattern: Dynamic PV (filesystem volmode)] multiVolume [Slow] should access to two volumes with the same volume mode and retain data across pod recreation on the same node" classname="Kubernetes e2e suite" time="0">
          <skipped></skipped>
      </testcase>
      <testcase name="[sig-storage] In-tree Volumes [Driver: cinder] [Testpattern: Dynamic PV (ext4)] multiVolume [Slow] should concurrently access the single volume from pods on different node" classname="Kubernetes e2e suite" time="0">
          <skipped></skipped>
      </testcase>
      <testcase name="[sig-storage] In-tree Volumes [Driver: local][LocalVolumeType: tmpfs] [Testpattern: Dynamic PV (ntfs)][Feature:Windows] volume-expand should not allow expansion of pvcs without AllowVolumeExpansion property" classname="Kubernetes e2e suite" time="0">
          <skipped></skipped>
      </testcase>
      <testcase name="[sig-storage] Zone Support [Feature:vsphere] Verify a pod is created on a non-Workspace zone and attached to a dynamically created PV, based on the allowed zones and storage policy specified in storage class" classname="Kubernetes e2e suite" time="0">
          <skipped></skipped>
      </testcase>
      <testcase name="[sig-storage] CSI Volumes [Driver: csi-hostpath] [Testpattern: CSI Ephemeral-volume (default fs)] ephemeral should support multiple inline ephemeral volumes" classname="Kubernetes e2e suite" time="0">
          <skipped></skipped>
      </testcase>
      <testcase name="[sig-storage] In-tree Volumes [Driver: aws] [Testpattern: Dynamic PV (block volmode)] volume-expand should not allow expansion of pvcs without AllowVolumeExpansion property" classname="Kubernetes e2e suite" time="0">
          <skipped></skipped>
      </testcase>
      <testcase name="[sig-storage] CSI Volumes [Driver: pd.csi.storage.gke.io][Serial] [Testpattern: Dynamic PV (filesystem volmode)] volume-lifecycle-performance should provision volumes at scale within performance constraints [Slow] [Serial]" classname="Kubernetes e2e suite" time="0">
          <skipped></skipped>
      </testcase>
      <testcase name="[sig-storage] In-tree Volumes [Driver: emptydir] [Testpattern: Inline-volume (xfs)][Slow] volumes should allow exec of files on the volume" classname="Kubernetes e2e suite" time="0">
          <skipped></skipped>
      </testcase>
      <testcase name="[sig-storage] In-tree Volumes [Driver: local][LocalVolumeType: gce-localssd-scsi-fs] [Serial] [Testpattern: Dynamic PV (block volmode)] multiVolume [Slow] should access to two volumes with the same volume mode and retain data across pod recreation on different node" classname="Kubernetes e2e suite" time="0">
          <skipped></skipped>
      </testcase>
      <testcase name="[sig-storage] In-tree Volumes [Driver: local][LocalVolumeType: dir-link-bindmounted] [Testpattern: Dynamic PV (default fs)(allowExpansion)] volume-expand Verify if offline PVC expansion works" classname="Kubernetes e2e suite" time="0">
          <skipped></skipped>
      </testcase>
      <testcase name="[sig-node] Secrets should be consumable from pods in env vars [NodeConformance] [Conformance]" classname="Kubernetes e2e suite" time="2.225669998"></testcase>
      <testcase name="[sig-storage] In-tree Volumes [Driver: aws] [Testpattern: Dynamic PV (default fs)] subPath should support existing single file [LinuxOnly]" classname="Kubernetes e2e suite" time="0">
          <skipped></skipped>
      </testcase>
      <testcase name="[sig-storage] In-tree Volumes [Driver: iscsi][Feature:Volumes] [Testpattern: Dynamic PV (block volmode)] multiVolume [Slow] should access to two volumes with the same volume mode and retain data across pod recreation on different node" classname="Kubernetes e2e suite" time="0">
          <skipped></skipped>
      </testcase>
      <testcase name="[sig-autoscaling] Cluster size autoscaling [Slow] should increase cluster size if pod requesting EmptyDir volume is pending [Feature:ClusterSizeAutoscalingScaleUp]" classname="Kubernetes e2e suite" time="0">
          <skipped></skipped>
      </testcase>
      <testcase name="[sig-storage] In-tree Volumes [Driver: cinder] [Testpattern: Pre-provisioned PV (block volmode)] disruptive[Disruptive][LinuxOnly] Should test that pv used in a pod that is deleted while the kubelet is down cleans up when the kubelet returns." classname="Kubernetes e2e suite" time="0">
          <skipped></skipped>
      </testcase>
      <testcase name="[sig-storage] PersistentVolumes-local  [Volume type: dir-link-bindmounted] Set fsGroup for local volume should set same fsGroup for two pods simultaneously [Slow]" classname="Kubernetes e2e suite" time="0">
          <skipped></skipped>
      </testcase>
      <testcase name="[sig-network] Services should have session affinity timeout work for service with type clusterIP [LinuxOnly] [Conformance]" classname="Kubernetes e2e suite" time="147.656561604"></testcase>
      <testcase name="[sig-storage] In-tree Volumes [Driver: local][LocalVolumeType: block] [Testpattern: Dynamic PV (ext4)] volumes should store data" classname="Kubernetes e2e suite" time="0">
          <skipped></skipped>
      </testcase>
      <testcase name="[sig-storage] In-tree Volumes [Driver: local][LocalVolumeType: dir-link-bindmounted] [Testpattern: Pre-provisioned PV (default fs)] subPath should be able to unmount after the subpath directory is deleted [LinuxOnly]" classname="Kubernetes e2e suite" time="0">
          <skipped></skipped>
      </testcase>
      <testcase name="[sig-storage] In-tree Volumes [Driver: local][LocalVolumeType: dir-link-bindmounted] [Testpattern: Pre-provisioned PV (block volmode)] multiVolume [Slow] should access to two volumes with the same volume mode and retain data across pod recreation on the same node" classname="Kubernetes e2e suite" time="0">
          <skipped></skipped>
      </testcase>
      <testcase name="[sig-storage] In-tree Volumes [Driver: local][LocalVolumeType: tmpfs] [Testpattern: Dynamic PV (block volmode)] volumeMode should not mount / map unused volumes in a pod [LinuxOnly]" classname="Kubernetes e2e suite" time="0">
          <skipped></skipped>
      </testcase>
      <testcase name="[sig-api-machinery] Server request timeout the request should be served with a default timeout if the specified timeout in the request URL exceeds maximum allowed" classname="Kubernetes e2e suite" time="0">
          <skipped></skipped>
      </testcase>
      <testcase name="[sig-storage] In-tree Volumes [Driver: local][LocalVolumeType: dir] [Testpattern: Dynamic PV (default fs)] fsgroupchangepolicy (OnRootMismatch)[LinuxOnly], pod created with an initial fsgroup, volume contents ownership changed in first pod, new pod with different fsgroup applied to the volume contents" classname="Kubernetes e2e suite" time="0">
          <skipped></skipped>
      </testcase>
      <testcase name="[sig-storage] In-tree Volumes [Driver: vsphere] [Testpattern: Dynamic PV (default fs)] subPath should fail if subpath directory is outside the volume [Slow][LinuxOnly]" classname="Kubernetes e2e suite" time="0">
          <skipped></skipped>
      </testcase>
      <testcase name="[sig-storage] In-tree Volumes [Driver: vsphere] [Testpattern: Dynamic PV (ext4)] multiVolume [Slow] should access to two volumes with different volume mode and retain data across pod recreation on different node" classname="Kubernetes e2e suite" time="0">
          <skipped></skipped>
      </testcase>
      <testcase name="[sig-storage] In-tree Volumes [Driver: hostPathSymlink] [Testpattern: Dynamic PV (filesystem volmode)] multiVolume [Slow] should access to two volumes with the same volume mode and retain data across pod recreation on different node" classname="Kubernetes e2e suite" time="0">
          <skipped></skipped>
      </testcase>
      <testcase name="[sig-storage] In-tree Volumes [Driver: azure-disk] [Testpattern: Pre-provisioned PV (filesystem volmode)] volumeMode should not mount / map unused volumes in a pod [LinuxOnly]" classname="Kubernetes e2e suite" time="0">
          <skipped></skipped>
      </testcase>
      <testcase name="[sig-storage] In-tree Volumes [Driver: rbd][Feature:Volumes][Serial] [Testpattern: Dynamic PV (ntfs)][Feature:Windows] volume-expand should not allow expansion of pvcs without AllowVolumeExpansion property" classname="Kubernetes e2e suite" time="0">
          <skipped></skipped>
      </testcase>
      <testcase name="[sig-storage] In-tree Volumes [Driver: hostPath] [Testpattern: Inline-volume (default fs)] subPath should support existing single file [LinuxOnly]" classname="Kubernetes e2e suite" time="0">
          <skipped></skipped>
      </testcase>
      <testcase name="[sig-storage] In-tree Volumes [Driver: local][LocalVolumeType: dir] [Testpattern: Dynamic PV (default fs)] subPath should fail if subpath with backstepping is outside the volume [Slow][LinuxOnly]" classname="Kubernetes e2e suite" time="0">
          <skipped></skipped>
      </testcase>
      <testcase name="[sig-storage] Dynamic Provisioning DynamicProvisioner External should let an external dynamic provisioner create and delete persistent volumes [Slow]" classname="Kubernetes e2e suite" time="0">
          <skipped></skipped>
      </testcase>
      <testcase name="[sig-storage] In-tree Volumes [Driver: local][LocalVolumeType: dir] [Testpattern: Inline-volume (default fs)] subPath should be able to unmount after the subpath directory is deleted [LinuxOnly]" classname="Kubernetes e2e suite" time="0">
          <skipped></skipped>
      </testcase>
      <testcase name="[sig-storage] HostPathType File [Slow] Should fail on mounting file &#39;afile&#39; when HostPathType is HostPathCharDev" classname="Kubernetes e2e suite" time="0">
          <skipped></skipped>
      </testcase>
      <testcase name="[sig-storage] In-tree Volumes [Driver: local][LocalVolumeType: blockfs] [Testpattern: Pre-provisioned PV (default fs)] subPath should support readOnly directory specified in the volumeMount" classname="Kubernetes e2e suite" time="0">
          <skipped></skipped>
      </testcase>
      <testcase name="[sig-storage] In-tree Volumes [Driver: rbd][Feature:Volumes][Serial] [Testpattern: Dynamic PV (ntfs)][Feature:Windows] subPath should support restarting containers using file as subpath [Slow][LinuxOnly]" classname="Kubernetes e2e suite" time="0">
          <skipped></skipped>
      </testcase>
      <testcase name="[sig-node] Pods should cap back-off at MaxContainerBackOff [Slow][NodeConformance]" classname="Kubernetes e2e suite" time="0">
          <skipped></skipped>
      </testcase>
      <testcase name="[sig-storage] In-tree Volumes [Driver: rbd][Feature:Volumes][Serial] [Testpattern: Pre-provisioned PV (default fs)] subPath should support restarting containers using directory as subpath [Slow]" classname="Kubernetes e2e suite" time="0">
          <skipped></skipped>
      </testcase>
      <testcase name="[sig-storage] In-tree Volumes [Driver: local][LocalVolumeType: gce-localssd-scsi-fs] [Serial] [Testpattern: Dynamic PV (ntfs)][Feature:Windows] subPath should fail if subpath with backstepping is outside the volume [Slow][LinuxOnly]" classname="Kubernetes e2e suite" time="0">
          <skipped></skipped>
      </testcase>
      <testcase name="[sig-storage] In-tree Volumes [Driver: local][LocalVolumeType: dir-link-bindmounted] [Testpattern: Pre-provisioned PV (block volmode)] volumeMode should not mount / map unused volumes in a pod [LinuxOnly]" classname="Kubernetes e2e suite" time="0">
          <skipped></skipped>
      </testcase>
      <testcase name="[sig-apps] CronJob should schedule multiple jobs concurrently [Conformance]" classname="Kubernetes e2e suite" time="108.139815161"></testcase>
      <testcase name="[sig-storage] In-tree Volumes [Driver: local][LocalVolumeType: dir-link-bindmounted] [Testpattern: Dynamic PV (filesystem volmode)] multiVolume [Slow] should access to two volumes with the same volume mode and retain data across pod recreation on the same node" classname="Kubernetes e2e suite" time="0">
          <skipped></skipped>
      </testcase>
      <testcase name="[sig-storage] In-tree Volumes [Driver: azure-disk] [Testpattern: Pre-provisioned PV (default fs)] subPath should fail if subpath file is outside the volume [Slow][LinuxOnly]" classname="Kubernetes e2e suite" time="0">
          <skipped></skipped>
      </testcase>
      <testcase name="[sig-storage] In-tree Volumes [Driver: emptydir] [Testpattern: Dynamic PV (xfs)][Slow] volumes should store data" classname="Kubernetes e2e suite" time="0">
          <skipped></skipped>
      </testcase>
      <testcase name="[sig-storage] In-tree Volumes [Driver: hostPathSymlink] [Testpattern: Dynamic PV (block volmode)] disruptive[Disruptive][LinuxOnly] Should test that pv used in a pod that is force deleted while the kubelet is down cleans up when the kubelet returns." classname="Kubernetes e2e suite" time="0">
          <skipped></skipped>
      </testcase>
      <testcase name="[sig-storage] In-tree Volumes [Driver: local][LocalVolumeType: block] [Testpattern: Dynamic PV (ntfs)][Feature:Windows] subPath should fail if subpath file is outside the volume [Slow][LinuxOnly]" classname="Kubernetes e2e suite" time="0">
          <skipped></skipped>
      </testcase>
      <testcase name="[sig-storage] In-tree Volumes [Driver: ceph][Feature:Volumes][Serial] [Testpattern: Inline-volume (default fs)] subPath should be able to unmount after the subpath directory is deleted [LinuxOnly]" classname="Kubernetes e2e suite" time="0">
          <skipped></skipped>
      </testcase>
      <testcase name="[sig-storage] In-tree Volumes [Driver: local][LocalVolumeType: dir-link] [Testpattern: Dynamic PV (block volmode)] volumeMode should fail to use a volume in a pod with mismatched mode [Slow]" classname="Kubernetes e2e suite" time="0">
          <skipped></skipped>
      </testcase>
      <testcase name="[sig-apps] StatefulSet Deploy clustered applications [Feature:StatefulSet] [Slow] should creating a working mysql cluster" classname="Kubernetes e2e suite" time="0">
          <skipped></skipped>
      </testcase>
      <testcase name="[sig-scheduling] SchedulerPriorities [Serial] Pod should be preferably scheduled to nodes pod can tolerate" classname="Kubernetes e2e suite" time="0">
          <skipped></skipped>
      </testcase>
      <testcase name="[sig-storage] In-tree Volumes [Driver: iscsi][Feature:Volumes] [Testpattern: Dynamic PV (ntfs)][Feature:Windows] subPath should unmount if pod is force deleted while kubelet is down [Disruptive][Slow][LinuxOnly]" classname="Kubernetes e2e suite" time="0">
          <skipped></skipped>
      </testcase>
      <testcase name="[sig-storage] In-tree Volumes [Driver: nfs] [Testpattern: Dynamic PV (ntfs)][Feature:Windows] subPath should support creating multiple subpath from same volumes [Slow]" classname="Kubernetes e2e suite" time="0">
          <skipped></skipped>
      </testcase>
      <testcase name="[sig-storage] CSI Volumes [Driver: pd.csi.storage.gke.io][Serial] [Testpattern: Pre-provisioned PV (default fs)] subPath should be able to unmount after the subpath directory is deleted [LinuxOnly]" classname="Kubernetes e2e suite" time="0">
          <skipped></skipped>
      </testcase>
      <testcase name="[sig-storage] In-tree Volumes [Driver: gluster] [Testpattern: Dynamic PV (ntfs)][Feature:Windows] volumes should store data" classname="Kubernetes e2e suite" time="0">
          <skipped></skipped>
      </testcase>
      <testcase name="[sig-storage] In-tree Volumes [Driver: windows-gcepd] [Testpattern: Dynamic PV (block volmode)] provisioning should provision storage with pvc data source in parallel [Slow]" classname="Kubernetes e2e suite" time="0">
          <skipped></skipped>
      </testcase>
      <testcase name="[sig-storage] CSI Volumes [Driver: pd.csi.storage.gke.io][Serial] [Testpattern: Inline-volume (default fs)] volumes should allow exec of files on the volume" classname="Kubernetes e2e suite" time="0">
          <skipped></skipped>
      </testcase>
      <testcase name="[sig-storage] In-tree Volumes [Driver: ceph][Feature:Volumes][Serial] [Testpattern: Dynamic PV (ntfs)][Feature:Windows] subPath should verify container cannot write to subpath readonly volumes [Slow]" classname="Kubernetes e2e suite" time="0">
          <skipped></skipped>
      </testcase>
      <testcase name="[sig-storage] In-tree Volumes [Driver: windows-gcepd] [Testpattern: Dynamic PV (delayed binding)] topology should provision a volume and schedule a pod with AllowedTopologies" classname="Kubernetes e2e suite" time="0">
          <skipped></skipped>
      </testcase>
      <testcase name="[sig-node] Container Runtime blackbox test on terminated container should report termination message [LinuxOnly] if TerminationMessagePath is set as non-root user and at a non-default path [NodeConformance] [Conformance]" classname="Kubernetes e2e suite" time="2.318684852"></testcase>
      <testcase name="[sig-storage] In-tree Volumes [Driver: gluster] [Testpattern: Dynamic PV (block volmode)(allowExpansion)] volume-expand should resize volume when PVC is edited while pod is using it" classname="Kubernetes e2e suite" time="0">
          <skipped></skipped>
      </testcase>
      <testcase name="[sig-storage] In-tree Volumes [Driver: local][LocalVolumeType: blockfs] [Testpattern: Dynamic PV (default fs)] fsgroupchangepolicy (Always)[LinuxOnly], pod created with an initial fsgroup, volume contents ownership changed in first pod, new pod with different fsgroup applied to the volume contents" classname="Kubernetes e2e suite" time="0">
          <skipped></skipped>
      </testcase>
      <testcase name="[sig-storage] In-tree Volumes [Driver: ceph][Feature:Volumes][Serial] [Testpattern: Dynamic PV (filesystem volmode)] disruptive[Disruptive][LinuxOnly] Should test that pv written before kubelet restart is readable after restart." classname="Kubernetes e2e suite" time="0">
          <skipped></skipped>
      </testcase>
      <testcase name="[sig-storage] In-tree Volumes [Driver: iscsi][Feature:Volumes] [Testpattern: Pre-provisioned PV (ext4)] volumes should store data" classname="Kubernetes e2e suite" time="0">
          <skipped></skipped>
      </testcase>
      <testcase name="[sig-storage] In-tree Volumes [Driver: aws] [Testpattern: Dynamic PV (ntfs)][Feature:Windows] subPath should support readOnly directory specified in the volumeMount" classname="Kubernetes e2e suite" time="0">
          <skipped></skipped>
      </testcase>
      <testcase name="[sig-storage] In-tree Volumes [Driver: rbd][Feature:Volumes][Serial] [Testpattern: Dynamic PV (block volmode)] disruptive[Disruptive][LinuxOnly] Should test that pv used in a pod that is force deleted while the kubelet is down cleans up when the kubelet returns." classname="Kubernetes e2e suite" time="0">
          <skipped></skipped>
      </testcase>
      <testcase name="[sig-storage] CSI Volumes [Driver: csi-hostpath] [Testpattern: Dynamic PV (default fs)] subPath should verify container cannot write to subpath readonly volumes [Slow]" classname="Kubernetes e2e suite" time="0">
          <skipped></skipped>
      </testcase>
      <testcase name="[sig-storage] CSI Volumes [Driver: pd.csi.storage.gke.io][Serial] [Testpattern: Dynamic PV (ext4)] multiVolume [Slow] should access to two volumes with different volume mode and retain data across pod recreation on the same node" classname="Kubernetes e2e suite" time="0">
          <skipped></skipped>
      </testcase>
      <testcase name="[sig-storage] In-tree Volumes [Driver: gluster] [Testpattern: Pre-provisioned PV (block volmode)] multiVolume [Slow] should access to two volumes with different volume mode and retain data across pod recreation on the same node" classname="Kubernetes e2e suite" time="0">
          <skipped></skipped>
      </testcase>
      <testcase name="[sig-storage] In-tree Volumes [Driver: hostPathSymlink] [Testpattern: Inline-volume (ntfs)][Feature:Windows] volumes should allow exec of files on the volume" classname="Kubernetes e2e suite" time="0">
          <skipped></skipped>
      </testcase>
      <testcase name="[sig-storage] In-tree Volumes [Driver: local][LocalVolumeType: gce-localssd-scsi-fs] [Serial] [Testpattern: Dynamic PV (default fs)] subPath should support creating multiple subpath from same volumes [Slow]" classname="Kubernetes e2e suite" time="0">
          <skipped></skipped>
      </testcase>
      <testcase name="[sig-storage] In-tree Volumes [Driver: gcepd] [Testpattern: Dynamic PV (xfs)][Slow] multiVolume [Slow] should concurrently access the single read-only volume from pods on the same node" classname="Kubernetes e2e suite" time="0">
          <skipped></skipped>
      </testcase>
      <testcase name="[sig-storage] In-tree Volumes [Driver: local][LocalVolumeType: dir] [Testpattern: Inline-volume (default fs)] subPath should unmount if pod is gracefully deleted while kubelet is down [Disruptive][Slow][LinuxOnly]" classname="Kubernetes e2e suite" time="0">
          <skipped></skipped>
      </testcase>
      <testcase name="[sig-storage] Storage Policy Based Volume Provisioning [Feature:vsphere] verify VSAN storage capability with non-vsan datastore is not honored for dynamically provisioned pvc using storageclass" classname="Kubernetes e2e suite" time="0">
          <skipped></skipped>
      </testcase>
      <testcase name="[sig-storage] In-tree Volumes [Driver: local][LocalVolumeType: dir-bindmounted] [Testpattern: Dynamic PV (default fs)] fsgroupchangepolicy (OnRootMismatch)[LinuxOnly], pod created with an initial fsgroup, volume contents ownership changed in first pod, new pod with same fsgroup skips ownership changes to the volume contents" classname="Kubernetes e2e suite" time="0">
          <skipped></skipped>
      </testcase>
      <testcase name="[sig-apps] CronJob should not emit unexpected warnings" classname="Kubernetes e2e suite" time="0">
          <skipped></skipped>
      </testcase>
      <testcase name="[sig-storage] In-tree Volumes [Driver: local][LocalVolumeType: dir-link-bindmounted] [Testpattern: Dynamic PV (filesystem volmode)] multiVolume [Slow] should access to two volumes with different volume mode and retain data across pod recreation on different node" classname="Kubernetes e2e suite" time="0">
          <skipped></skipped>
      </testcase>
      <testcase name="[sig-storage] In-tree Volumes [Driver: iscsi][Feature:Volumes] [Testpattern: Pre-provisioned PV (block volmode)] volumeMode should not mount / map unused volumes in a pod [LinuxOnly]" classname="Kubernetes e2e suite" time="0">
          <skipped></skipped>
      </testcase>
      <testcase name="[sig-storage] In-tree Volumes [Driver: local][LocalVolumeType: blockfs] [Testpattern: Inline-volume (ext4)] volumes should allow exec of files on the volume" classname="Kubernetes e2e suite" time="0">
          <skipped></skipped>
      </testcase>
      <testcase name="[sig-storage] In-tree Volumes [Driver: gluster] [Testpattern: Inline-volume (ext4)] volumes should allow exec of files on the volume" classname="Kubernetes e2e suite" time="0">
          <skipped></skipped>
      </testcase>
      <testcase name="[sig-storage] In-tree Volumes [Driver: nfs] [Testpattern: Dynamic PV (block volmode)] multiVolume [Slow] should access to two volumes with different volume mode and retain data across pod recreation on the same node" classname="Kubernetes e2e suite" time="0">
          <skipped></skipped>
      </testcase>
      <testcase name="[sig-storage] In-tree Volumes [Driver: gluster] [Testpattern: Dynamic PV (delayed binding)] topology should fail to schedule a pod which has topologies that conflict with AllowedTopologies" classname="Kubernetes e2e suite" time="0">
          <skipped></skipped>
      </testcase>
      <testcase name="[sig-storage] In-tree Volumes [Driver: rbd][Feature:Volumes][Serial] [Testpattern: Dynamic PV (default fs)] subPath should fail if subpath file is outside the volume [Slow][LinuxOnly]" classname="Kubernetes e2e suite" time="0">
          <skipped></skipped>
      </testcase>
      <testcase name="[sig-storage] In-tree Volumes [Driver: local][LocalVolumeType: dir] [Testpattern: Inline-volume (ext3)] volumes should store data" classname="Kubernetes e2e suite" time="0">
          <skipped></skipped>
      </testcase>
      <testcase name="[sig-storage] In-tree Volumes [Driver: hostPathSymlink] [Testpattern: Dynamic PV (ntfs)][Feature:Windows] provisioning should provision storage with snapshot data source [Feature:VolumeSnapshotDataSource]" classname="Kubernetes e2e suite" time="0">
          <skipped></skipped>
      </testcase>
      <testcase name="[sig-storage] In-tree Volumes [Driver: nfs] [Testpattern: Dynamic PV (block volmode)] multiVolume [Slow] should concurrently access the single volume from pods on the same node" classname="Kubernetes e2e suite" time="0">
          <skipped></skipped>
      </testcase>
      <testcase name="[sig-storage] CSI Volumes [Driver: pd.csi.storage.gke.io][Serial] [Testpattern: Inline-volume (default fs)] volumes should store data" classname="Kubernetes e2e suite" time="0">
          <skipped></skipped>
      </testcase>
      <testcase name="[sig-storage] In-tree Volumes [Driver: local][LocalVolumeType: dir] [Testpattern: Dynamic PV (default fs)] subPath should support non-existent path" classname="Kubernetes e2e suite" time="0">
          <skipped></skipped>
      </testcase>
      <testcase name="[sig-storage] In-tree Volumes [Driver: local][LocalVolumeType: dir] [Testpattern: Dynamic PV (ntfs)][Feature:Windows] subPath should support file as subpath [LinuxOnly]" classname="Kubernetes e2e suite" time="0">
          <skipped></skipped>
      </testcase>
      <testcase name="[sig-storage] In-tree Volumes [Driver: rbd][Feature:Volumes][Serial] [Testpattern: Dynamic PV (default fs)] provisioning should provision storage with pvc data source in parallel [Slow]" classname="Kubernetes e2e suite" time="0">
          <skipped></skipped>
      </testcase>
      <testcase name="[sig-network] DNS configMap nameserver Forward PTR lookup should forward PTR records lookup to upstream nameserver [Slow][Serial]" classname="Kubernetes e2e suite" time="0">
          <skipped></skipped>
      </testcase>
      <testcase name="[sig-storage] In-tree Volumes [Driver: hostPath] [Testpattern: Dynamic PV (block volmode)] volumeMode should fail in binding dynamic provisioned PV to PVC [Slow][LinuxOnly]" classname="Kubernetes e2e suite" time="0">
          <skipped></skipped>
      </testcase>
      <testcase name="[sig-storage] ConfigMap should be consumable from pods in volume with mappings as non-root [NodeConformance] [Conformance]" classname="Kubernetes e2e suite" time="2.22093384"></testcase>
      <testcase name="[sig-storage] In-tree Volumes [Driver: local][LocalVolumeType: tmpfs] [Testpattern: Inline-volume (xfs)][Slow] volumes should allow exec of files on the volume" classname="Kubernetes e2e suite" time="0">
          <skipped></skipped>
      </testcase>
      <testcase name="[sig-storage] HostPathType Directory [Slow] Should fail on mounting non-existent directory &#39;does-not-exist-dir&#39; when HostPathType is HostPathDirectory" classname="Kubernetes e2e suite" time="0">
          <skipped></skipped>
      </testcase>
      <testcase name="[sig-storage] In-tree Volumes [Driver: local][LocalVolumeType: blockfs] [Testpattern: Dynamic PV (immediate binding)] topology should provision a volume and schedule a pod with AllowedTopologies" classname="Kubernetes e2e suite" time="0">
          <skipped></skipped>
      </testcase>
      <testcase name="[sig-storage] In-tree Volumes [Driver: emptydir] [Testpattern: Dynamic PV (default fs)] volume-stress multiple pods should access different volumes repeatedly [Slow] [Serial]" classname="Kubernetes e2e suite" time="0">
          <skipped></skipped>
      </testcase>
      <testcase name="[sig-api-machinery] client-go should negotiate watch and report errors with accept &#34;application/vnd.kubernetes.protobuf,application/json&#34;" classname="Kubernetes e2e suite" time="0">
          <skipped></skipped>
      </testcase>
      <testcase name="[sig-storage] CSI Volumes [Driver: csi-hostpath] [Testpattern: Dynamic PV (filesystem volmode)] volumeLimits should support volume limits [Serial]" classname="Kubernetes e2e suite" time="0">
          <skipped></skipped>
      </testcase>
      <testcase name="[sig-storage] In-tree Volumes [Driver: azure-disk] [Testpattern: Inline-volume (default fs)] subPath should support file as subpath [LinuxOnly]" classname="Kubernetes e2e suite" time="0">
          <skipped></skipped>
      </testcase>
      <testcase name="[sig-storage] CSI mock volume CSIStorageCapacity CSIStorageCapacity unused" classname="Kubernetes e2e suite" time="0">
          <skipped></skipped>
      </testcase>
      <testcase name="[sig-storage] In-tree Volumes [Driver: rbd][Feature:Volumes][Serial] [Testpattern: Pre-provisioned PV (block volmode)] multiVolume [Slow] should access to two volumes with different volume mode and retain data across pod recreation on the same node" classname="Kubernetes e2e suite" time="0">
          <skipped></skipped>
      </testcase>
      <testcase name="[sig-storage] In-tree Volumes [Driver: rbd][Feature:Volumes][Serial] [Testpattern: Dynamic PV (filesystem volmode)] disruptive[Disruptive][LinuxOnly] Should test that pv written before kubelet restart is readable after restart." classname="Kubernetes e2e suite" time="0">
          <skipped></skipped>
      </testcase>
      <testcase name="[sig-storage] In-tree Volumes [Driver: emptydir] [Testpattern: Dynamic PV (filesystem volmode)] multiVolume [Slow] should access to two volumes with the same volume mode and retain data across pod recreation on different node" classname="Kubernetes e2e suite" time="0">
          <skipped></skipped>
      </testcase>
      <testcase name="[sig-storage] In-tree Volumes [Driver: local][LocalVolumeType: dir-link] [Testpattern: Dynamic PV (block volmode)] multiVolume [Slow] should concurrently access the volume and restored snapshot from pods on the same node [LinuxOnly][Feature:VolumeSnapshotDataSource][Feature:VolumeSourceXFS]" classname="Kubernetes e2e suite" time="0">
          <skipped></skipped>
      </testcase>
      <testcase name="[sig-network] Services should be able to create a functioning NodePort service [Conformance]" classname="Kubernetes e2e suite" time="0.324293479">
          <failure type="Failure">/workspace/src/k8s.io/kubernetes/_output/dockerized/go/src/k8s.io/kubernetes/test/e2e/framework/framework.go:630&#xA;Aug 27 10:13:05.181: Unexpected error:&#xA;    &lt;*errors.errorString | 0xc0009bc100&gt;: {&#xA;        s: &#34;out-of-range nodePort (11036) for service&#34;,&#xA;    }&#xA;    out-of-range nodePort (11036) for service&#xA;occurred&#xA;/workspace/src/k8s.io/kubernetes/_output/dockerized/go/src/k8s.io/kubernetes/test/e2e/network/service.go:1185</failure>
          <system-out>[BeforeEach] [sig-network] Services&#xA;  /workspace/src/k8s.io/kubernetes/_output/dockerized/go/src/k8s.io/kubernetes/test/e2e/framework/framework.go:185&#xA;STEP: Creating a kubernetes client&#xA;Aug 27 10:13:05.081: INFO: &gt;&gt;&gt; kubeConfig: /tmp/kubeconfig-655963504&#xA;STEP: Building a namespace api object, basename services&#xA;STEP: Waiting for a default service account to be provisioned in namespace&#xA;[BeforeEach] [sig-network] Services&#xA;  /workspace/src/k8s.io/kubernetes/_output/dockerized/go/src/k8s.io/kubernetes/test/e2e/network/service.go:749&#xA;[It] should be able to create a functioning NodePort service [Conformance]&#xA;  /workspace/src/k8s.io/kubernetes/_output/dockerized/go/src/k8s.io/kubernetes/test/e2e/framework/framework.go:630&#xA;STEP: creating service nodeport-test with type=NodePort in namespace services-6751&#xA;Aug 27 10:13:05.181: FAIL: Unexpected error:&#xA;    &lt;*errors.errorString | 0xc0009bc100&gt;: {&#xA;        s: &#34;out-of-range nodePort (11036) for service&#34;,&#xA;    }&#xA;    out-of-range nodePort (11036) for service&#xA;occurred&#xA;&#xA;Full Stack Trace&#xA;k8s.io/kubernetes/test/e2e/network.glob..func24.11()&#xA;&#x9;/workspace/src/k8s.io/kubernetes/_output/dockerized/go/src/k8s.io/kubernetes/test/e2e/network/service.go:1185 +0x179&#xA;k8s.io/kubernetes/test/e2e.RunE2ETests(0xc000af8600)&#xA;&#x9;_output/dockerized/go/src/k8s.io/kubernetes/test/e2e/e2e.go:130 +0x36c&#xA;k8s.io/kubernetes/test/e2e.TestE2E(0xc000af8600)&#xA;&#x9;_output/dockerized/go/src/k8s.io/kubernetes/test/e2e/e2e_test.go:136 +0x2b&#xA;testing.tRunner(0xc000af8600, 0x72d42e8)&#xA;&#x9;/usr/local/go/src/testing/testing.go:1193 +0xef&#xA;created by testing.(*T).Run&#xA;&#x9;/usr/local/go/src/testing/testing.go:1238 +0x2b3&#xA;[AfterEach] [sig-network] Services&#xA;  /workspace/src/k8s.io/kubernetes/_output/dockerized/go/src/k8s.io/kubernetes/test/e2e/framework/framework.go:186&#xA;STEP: Collecting events from namespace &#34;services-6751&#34;.&#xA;STEP: Found 0 events.&#xA;Aug 27 10:13:05.206: INFO: POD  NODE  PHASE  GRACE  CONDITIONS&#xA;Aug 27 10:13:05.206: INFO: &#xA;Aug 27 10:13:05.217: INFO: &#xA;Logging node info for node instance-1&#xA;Aug 27 10:13:05.225: INFO: Node Info: &amp;Node{ObjectMeta:{instance-1    66706824-827f-43ec-951f-55d099198c49 4676 0 2021-08-27 09:44:27 +0000 UTC &lt;nil&gt; &lt;nil&gt; map[beta.kubernetes.io/arch:amd64 beta.kubernetes.io/os:linux kubernetes.io/arch:amd64 kubernetes.io/hostname:instance-1 kubernetes.io/os:linux node-role.kubernetes.io/control-plane: node-role.kubernetes.io/master: node.kubernetes.io/control-plane: node.kubernetes.io/master:] map[node.alpha.kubernetes.io/ttl:0 projectcalico.org/IPv4Address:10.140.0.2/32 projectcalico.org/IPv4IPIPTunnelAddr:172.208.23.128 volumes.kubernetes.io/controller-managed-attach-detach:true] [] []  [{kubelet Update v1 2021-08-27 09:44:27 +0000 UTC FieldsV1 {&#34;f:metadata&#34;:{&#34;f:annotations&#34;:{&#34;.&#34;:{},&#34;f:volumes.kubernetes.io/controller-managed-attach-detach&#34;:{}},&#34;f:labels&#34;:{&#34;.&#34;:{},&#34;f:beta.kubernetes.io/arch&#34;:{},&#34;f:beta.kubernetes.io/os&#34;:{},&#34;f:kubernetes.io/arch&#34;:{},&#34;f:kubernetes.io/hostname&#34;:{},&#34;f:kubernetes.io/os&#34;:{},&#34;f:node.kubernetes.io/control-plane&#34;:{},&#34;f:node.kubernetes.io/master&#34;:{}}}} } {kube-controller-manager Update v1 2021-08-27 09:44:36 +0000 UTC FieldsV1 {&#34;f:metadata&#34;:{&#34;f:annotations&#34;:{&#34;f:node.alpha.kubernetes.io/ttl&#34;:{}}}} } {calico-node Update v1 2021-08-27 09:44:41 +0000 UTC FieldsV1 {&#34;f:metadata&#34;:{&#34;f:annotations&#34;:{&#34;f:projectcalico.org/IPv4Address&#34;:{},&#34;f:projectcalico.org/IPv4IPIPTunnelAddr&#34;:{}}},&#34;f:status&#34;:{&#34;f:conditions&#34;:{&#34;k:{\&#34;type\&#34;:\&#34;NetworkUnavailable\&#34;}&#34;:{&#34;.&#34;:{},&#34;f:lastHeartbeatTime&#34;:{},&#34;f:lastTransitionTime&#34;:{},&#34;f:message&#34;:{},&#34;f:reason&#34;:{},&#34;f:status&#34;:{},&#34;f:type&#34;:{}}}}} status} {kubectl-label Update v1 2021-08-27 09:44:44 +0000 UTC FieldsV1 {&#34;f:metadata&#34;:{&#34;f:labels&#34;:{&#34;f:node-role.kubernetes.io/control-plane&#34;:{},&#34;f:node-role.kubernetes.io/master&#34;:{}}}} } {e2e.test Update v1 2021-08-27 10:07:39 +0000 UTC FieldsV1 {&#34;f:status&#34;:{&#34;f:capacity&#34;:{&#34;f:scheduling.k8s.io/foo&#34;:{}}}} status} {kubelet Update v1 2021-08-27 10:07:48 +0000 UTC FieldsV1 {&#34;f:status&#34;:{&#34;f:allocatable&#34;:{&#34;f:scheduling.k8s.io/foo&#34;:{}},&#34;f:conditions&#34;:{&#34;k:{\&#34;type\&#34;:\&#34;DiskPressure\&#34;}&#34;:{&#34;f:lastHeartbeatTime&#34;:{}},&#34;k:{\&#34;type\&#34;:\&#34;MemoryPressure\&#34;}&#34;:{&#34;f:lastHeartbeatTime&#34;:{}},&#34;k:{\&#34;type\&#34;:\&#34;PIDPressure\&#34;}&#34;:{&#34;f:lastHeartbeatTime&#34;:{}},&#34;k:{\&#34;type\&#34;:\&#34;Ready\&#34;}&#34;:{&#34;f:lastHeartbeatTime&#34;:{},&#34;f:lastTransitionTime&#34;:{},&#34;f:message&#34;:{},&#34;f:reason&#34;:{},&#34;f:status&#34;:{}}},&#34;f:images&#34;:{}}} status}]},Spec:NodeSpec{PodCIDR:,DoNotUseExternalID:,ProviderID:,Unschedulable:false,Taints:[]Taint{},ConfigSource:nil,PodCIDRs:[],},Status:NodeStatus{Capacity:ResourceList{cpu: {{4 0} {&lt;nil&gt;} 4 DecimalSI},ephemeral-storage: {{51848359936 0} {&lt;nil&gt;} 50633164Ki BinarySI},hugepages-1Gi: {{0 0} {&lt;nil&gt;} 0 DecimalSI},hugepages-2Mi: {{0 0} {&lt;nil&gt;} 0 DecimalSI},memory: {{16778743808 0} {&lt;nil&gt;} 16385492Ki BinarySI},pods: {{110 0} {&lt;nil&gt;} 110 DecimalSI},scheduling.k8s.io/foo: {{5 0} {&lt;nil&gt;} 5 DecimalSI},},Allocatable:ResourceList{cpu: {{4 0} {&lt;nil&gt;} 4 DecimalSI},ephemeral-storage: {{49255941901 0} {&lt;nil&gt;} 49255941901 DecimalSI},hugepages-1Gi: {{0 0} {&lt;nil&gt;} 0 DecimalSI},hugepages-2Mi: {{0 0} {&lt;nil&gt;} 0 DecimalSI},memory: {{15600144384 0} {&lt;nil&gt;} 15234516Ki BinarySI},pods: {{110 0} {&lt;nil&gt;} 110 DecimalSI},scheduling.k8s.io/foo: {{5 0} {&lt;nil&gt;} 5 DecimalSI},},Phase:,Conditions:[]NodeCondition{NodeCondition{Type:NetworkUnavailable,Status:False,LastHeartbeatTime:2021-08-27 09:44:41 +0000 UTC,LastTransitionTime:2021-08-27 09:44:41 +0000 UTC,Reason:CalicoIsUp,Message:Calico is running on this node,},NodeCondition{Type:MemoryPressure,Status:False,LastHeartbeatTime:2021-08-27 10:12:50 +0000 UTC,LastTransitionTime:2021-08-27 09:44:26 +0000 UTC,Reason:KubeletHasSufficientMemory,Message:kubelet has sufficient memory available,},NodeCondition{Type:DiskPressure,Status:False,LastHeartbeatTime:2021-08-27 10:12:50 +0000 UTC,LastTransitionTime:2021-08-27 09:44:26 +0000 UTC,Reason:KubeletHasNoDiskPressure,Message:kubelet has no disk pressure,},NodeCondition{Type:PIDPressure,Status:False,LastHeartbeatTime:2021-08-27 10:12:50 +0000 UTC,LastTransitionTime:2021-08-27 09:44:26 +0000 UTC,Reason:KubeletHasSufficientPID,Message:kubelet has sufficient PID available,},NodeCondition{Type:Ready,Status:True,LastHeartbeatTime:2021-08-27 10:12:50 +0000 UTC,LastTransitionTime:2021-08-27 09:44:47 +0000 UTC,Reason:KubeletReady,Message:kubelet is posting ready status. AppArmor enabled,},},Addresses:[]NodeAddress{NodeAddress{Type:InternalIP,Address:10.140.0.2,},NodeAddress{Type:Hostname,Address:instance-1,},},DaemonEndpoints:NodeDaemonEndpoints{KubeletEndpoint:DaemonEndpoint{Port:10250,},},NodeInfo:NodeSystemInfo{MachineID:9115f560b455f8c5d2b83bdfb715f3b3,SystemUUID:9115f560-b455-f8c5-d2b8-3bdfb715f3b3,BootID:3bd04ce9-2b88-452c-af59-4599689b83f3,KernelVersion:5.11.0-1017-gcp,OSImage:Ubuntu 21.04,ContainerRuntimeVersion:docker://20.10.8,KubeletVersion:v1.22.1,KubeProxyVersion:v1.22.1,OperatingSystem:linux,Architecture:amd64,},Images:[]ContainerImage{ContainerImage{Names:[slzcc/kubernetes@sha256:d938e2364017b78329200a38b8317db806fe305cf5e26c975a0298e23324fb77 slzcc/kubernetes:v1.22.1.0],SizeBytes:2296544903,},ContainerImage{Names:[quay.io/cilium/cilium:v1.10.1],SizeBytes:409321746,},ContainerImage{Names:[sonobuoy/systemd-logs@sha256:fadad24a66ddd544987c38811108a73d1a306dd3b5e3f090b207786f2825ffde sonobuoy/systemd-logs:v0.3],SizeBytes:297365055,},ContainerImage{Names:[k8s.gcr.io/etcd@sha256:9ce33ba33d8e738a5b85ed50b5080ac746deceed4a7496c550927a7a19ca3b6d k8s.gcr.io/etcd:3.5.0-0],SizeBytes:294536887,},ContainerImage{Names:[k8s.gcr.io/e2e-test-images/jessie-dnsutils@sha256:702a992280fb7c3303e84a5801acbb4c9c7fcf48cffe0e9c8be3f0c60f74cf89 k8s.gcr.io/e2e-test-images/jessie-dnsutils:1.4],SizeBytes:253371792,},ContainerImage{Names:[k8s.gcr.io/etcd:3.4.9],SizeBytes:253347452,},ContainerImage{Names:[k8s.gcr.io/conformance@sha256:e22b40e1e6db0b3fcb9fd565100de0af2c525217769378a20ac4cef47f1502ce k8s.gcr.io/conformance:v1.22.1],SizeBytes:247962555,},ContainerImage{Names:[calico/node:v3.20.0],SizeBytes:169862919,},ContainerImage{Names:[calico/cni:v3.20.0],SizeBytes:146006429,},ContainerImage{Names:[k8s.gcr.io/kube-apiserver:v1.22.1],SizeBytes:128446877,},ContainerImage{Names:[k8s.gcr.io/e2e-test-images/httpd@sha256:716d2f68314c5c4ddd5ecdb45183fcb4ed8019015982c1321571f863989b70b0 k8s.gcr.io/e2e-test-images/httpd:2.4.39-1],SizeBytes:126894770,},ContainerImage{Names:[k8s.gcr.io/e2e-test-images/agnhost@sha256:758db666ac7028534dba72e7e9bb1e57bb81b8196f976f7a5cc351ef8b3529e1 k8s.gcr.io/e2e-test-images/agnhost:2.32],SizeBytes:125930239,},ContainerImage{Names:[k8s.gcr.io/e2e-test-images/httpd@sha256:b913fa234cc3473cfe16e937d106b455a7609f927f59031c81aca791e2689b50 k8s.gcr.io/e2e-test-images/httpd:2.4.38-1],SizeBytes:123781643,},ContainerImage{Names:[k8s.gcr.io/kube-controller-manager:v1.22.1],SizeBytes:121979567,},ContainerImage{Names:[k8s.gcr.io/e2e-test-images/nautilus@sha256:1f36a24cfb5e0c3f725d7565a867c2384282fcbeccc77b07b423c9da95763a9a k8s.gcr.io/e2e-test-images/nautilus:1.4],SizeBytes:121748345,},ContainerImage{Names:[k8s.gcr.io/kube-proxy:v1.22.1],SizeBytes:103645121,},ContainerImage{Names:[haproxy:2.4.2],SizeBytes:95448973,},ContainerImage{Names:[calico/kube-controllers:v3.20.0],SizeBytes:63156065,},ContainerImage{Names:[quay.io/cilium/operator-generic:v1.10.1],SizeBytes:56290965,},ContainerImage{Names:[k8s.gcr.io/kube-scheduler:v1.22.1],SizeBytes:52658888,},ContainerImage{Names:[coredns/coredns@sha256:6e5a02c21641597998b4be7cb5eb1e7b02c0d8d23cce4dd09f4682d463798890 k8s.gcr.io/coredns/coredns@sha256:6e5a02c21641597998b4be7cb5eb1e7b02c0d8d23cce4dd09f4682d463798890 coredns/coredns:1.8.4 k8s.gcr.io/coredns/coredns:v1.8.4],SizeBytes:47554275,},ContainerImage{Names:[coredns/coredns:1.8.3],SizeBytes:43499235,},ContainerImage{Names:[sonobuoy/sonobuoy@sha256:d393e2c862fffd0823409594f3ab8bc2524b359d9e6313ae3f9edb5d3dfa56e1 sonobuoy/sonobuoy:v0.53.2],SizeBytes:37400989,},ContainerImage{Names:[calico/pod2daemon-flexvol@sha256:c17e3e9871682bed00bfd33f8d6f00db1d1a126034a25bf5380355978e0c548d calico/pod2daemon-flexvol:v3.20.0],SizeBytes:21666928,},ContainerImage{Names:[k8s.gcr.io/e2e-test-images/nginx@sha256:503b7abb89e57383eba61cc8a9cb0b495ea575c516108f7d972a6ff6e1ab3c9b k8s.gcr.io/e2e-test-images/nginx:1.14-1],SizeBytes:16032814,},ContainerImage{Names:[slzcc/keepalived:1.2.24.1],SizeBytes:15933789,},ContainerImage{Names:[quay.io/cilium/startup-script:62bfbe88c17778aad7bef9fa57ff9e2d4a9ba0d8],SizeBytes:11739254,},ContainerImage{Names:[k8s.gcr.io/e2e-test-images/nonewprivs@sha256:8ac1264691820febacf3aea5d152cbde6d10685731ec14966a9401c6f47a68ac k8s.gcr.io/e2e-test-images/nonewprivs:1.3],SizeBytes:7107254,},ContainerImage{Names:[k8s.gcr.io/e2e-test-images/busybox@sha256:39e1e963e5310e9c313bad51523be012ede7b35bb9316517d19089a010356592 k8s.gcr.io/e2e-test-images/busybox:1.29-1],SizeBytes:1154361,},ContainerImage{Names:[k8s.gcr.io/pause@sha256:1ff6c18fbef2045af6b9c16bf034cc421a29027b800e4f9b68ae9b1cb3e9ae07 k8s.gcr.io/pause:3.5],SizeBytes:682696,},ContainerImage{Names:[k8s.gcr.io/pause:3.2],SizeBytes:682696,},},VolumesInUse:[],VolumesAttached:[]AttachedVolume{},Config:nil,},}&#xA;Aug 27 10:13:05.226: INFO: &#xA;Logging kubelet events for node instance-1&#xA;Aug 27 10:13:05.231: INFO: &#xA;Logging pods the kubelet thinks is on node instance-1&#xA;Aug 27 10:13:05.269: INFO: kube-controller-manager-instance-1 started at 2021-08-27 09:44:20 +0000 UTC (0+1 container statuses recorded)&#xA;Aug 27 10:13:05.269: INFO: &#x9;Container kube-controller-manager ready: true, restart count 1&#xA;Aug 27 10:13:05.269: INFO: calico-node-jtcrr started at 2021-08-27 09:44:35 +0000 UTC (3+1 container statuses recorded)&#xA;Aug 27 10:13:05.269: INFO: &#x9;Init container upgrade-ipam ready: true, restart count 0&#xA;Aug 27 10:13:05.269: INFO: &#x9;Init container install-cni ready: true, restart count 0&#xA;Aug 27 10:13:05.269: INFO: &#x9;Init container flexvol-driver ready: true, restart count 0&#xA;Aug 27 10:13:05.269: INFO: &#x9;Container calico-node ready: true, restart count 0&#xA;Aug 27 10:13:05.269: INFO: coredns-5449fcdd7-nlbvc started at 2021-08-27 09:44:47 +0000 UTC (0+1 container statuses recorded)&#xA;Aug 27 10:13:05.269: INFO: &#x9;Container coredns ready: true, restart count 0&#xA;Aug 27 10:13:05.269: INFO: kube-apiserver-instance-1 started at 2021-08-27 09:44:20 +0000 UTC (0+1 container statuses recorded)&#xA;Aug 27 10:13:05.269: INFO: &#x9;Container kube-apiserver ready: true, restart count 1&#xA;Aug 27 10:13:05.269: INFO: sonobuoy started at 2021-08-27 09:45:47 +0000 UTC (0+1 container statuses recorded)&#xA;Aug 27 10:13:05.269: INFO: &#x9;Container kube-sonobuoy ready: true, restart count 0&#xA;Aug 27 10:13:05.269: INFO: sonobuoy-systemd-logs-daemon-set-0a76f2e7c4ae491c-6jjs8 started at 2021-08-27 09:45:48 +0000 UTC (0+2 container statuses recorded)&#xA;Aug 27 10:13:05.269: INFO: &#x9;Container sonobuoy-worker ready: true, restart count 0&#xA;Aug 27 10:13:05.269: INFO: &#x9;Container systemd-logs ready: true, restart count 0&#xA;Aug 27 10:13:05.269: INFO: concurrent-27167653--1-5tvzq started at 2021-08-27 10:13:00 +0000 UTC (0+1 container statuses recorded)&#xA;Aug 27 10:13:05.269: INFO: &#x9;Container c ready: true, restart count 0&#xA;Aug 27 10:13:05.269: INFO: etcd-instance-1 started at 2021-08-27 09:44:20 +0000 UTC (0+1 container statuses recorded)&#xA;Aug 27 10:13:05.269: INFO: &#x9;Container etcd ready: true, restart count 7&#xA;Aug 27 10:13:05.269: INFO: haproxy-instance-1 started at 2021-08-27 09:44:20 +0000 UTC (0+1 container statuses recorded)&#xA;Aug 27 10:13:05.269: INFO: &#x9;Container haproxy ready: true, restart count 7&#xA;Aug 27 10:13:05.269: INFO: kube-scheduler-instance-1 started at 2021-08-27 09:44:20 +0000 UTC (0+1 container statuses recorded)&#xA;Aug 27 10:13:05.269: INFO: &#x9;Container kube-scheduler ready: true, restart count 1&#xA;Aug 27 10:13:05.269: INFO: kube-proxy-45vxz started at 2021-08-27 09:44:35 +0000 UTC (0+1 container statuses recorded)&#xA;Aug 27 10:13:05.269: INFO: &#x9;Container kube-proxy ready: true, restart count 0&#xA;Aug 27 10:13:05.269: INFO: concurrent-27167652--1-ppqj6 started at 2021-08-27 10:12:00 +0000 UTC (0+1 container statuses recorded)&#xA;Aug 27 10:13:05.269: INFO: &#x9;Container c ready: true, restart count 0&#xA;Aug 27 10:13:05.269: INFO: calico-kube-controllers-866f579489-6mhds started at 2021-08-27 09:44:47 +0000 UTC (0+1 container statuses recorded)&#xA;Aug 27 10:13:05.269: INFO: &#x9;Container calico-kube-controllers ready: true, restart count 0&#xA;Aug 27 10:13:05.269: INFO: coredns-5449fcdd7-rf9fq started at 2021-08-27 09:44:47 +0000 UTC (0+1 container statuses recorded)&#xA;Aug 27 10:13:05.270: INFO: &#x9;Container coredns ready: true, restart count 0&#xA;Aug 27 10:13:05.270: INFO: sonobuoy-e2e-job-8f4800e0b3a54e3c started at 2021-08-27 09:45:48 +0000 UTC (0+2 container statuses recorded)&#xA;Aug 27 10:13:05.270: INFO: &#x9;Container e2e ready: true, restart count 0&#xA;Aug 27 10:13:05.270: INFO: &#x9;Container sonobuoy-worker ready: true, restart count 0&#xA;Aug 27 10:13:05.376: INFO: &#xA;Latency metrics for node instance-1&#xA;Aug 27 10:13:05.377: INFO: Waiting up to 3m0s for all (but 0) nodes to be ready&#xA;STEP: Destroying namespace &#34;services-6751&#34; for this suite.&#xA;[AfterEach] [sig-network] Services&#xA;  /workspace/src/k8s.io/kubernetes/_output/dockerized/go/src/k8s.io/kubernetes/test/e2e/network/service.go:753&#xA;</system-out>
      </testcase>
      <testcase name="[sig-storage] In-tree Volumes [Driver: azure-disk] [Testpattern: Dynamic PV (ntfs)][Feature:Windows] subPath should support file as subpath [LinuxOnly]" classname="Kubernetes e2e suite" time="0">
          <skipped></skipped>
      </testcase>
      <testcase name="[sig-storage] In-tree Volumes [Driver: vsphere] [Testpattern: Pre-provisioned PV (default fs)] subPath should support non-existent path" classname="Kubernetes e2e suite" time="0">
          <skipped></skipped>
      </testcase>
      <testcase name="[sig-storage] In-tree Volumes [Driver: local][LocalVolumeType: block] [Testpattern: Dynamic PV (ntfs)][Feature:Windows] subPath should support existing directories when readOnly specified in the volumeSource" classname="Kubernetes e2e suite" time="0">
          <skipped></skipped>
      </testcase>
      <testcase name="[sig-storage] In-tree Volumes [Driver: cinder] [Testpattern: Dynamic PV (ext4)] multiVolume [Slow] should access to two volumes with the same volume mode and retain data across pod recreation on the same node" classname="Kubernetes e2e suite" time="0">
          <skipped></skipped>
      </testcase>
      <testcase name="[sig-storage] In-tree Volumes [Driver: rbd][Feature:Volumes][Serial] [Testpattern: Pre-provisioned PV (filesystem volmode)] multiVolume [Slow] should concurrently access the single volume from pods on different node" classname="Kubernetes e2e suite" time="0">
          <skipped></skipped>
      </testcase>
      <testcase name="[sig-storage] CSI Volumes [Driver: pd.csi.storage.gke.io][Serial] [Testpattern: Dynamic PV (ntfs)][Feature:Windows] subPath should unmount if pod is force deleted while kubelet is down [Disruptive][Slow][LinuxOnly]" classname="Kubernetes e2e suite" time="0">
          <skipped></skipped>
      </testcase>
      <testcase name="[sig-storage] In-tree Volumes [Driver: nfs] [Testpattern: Dynamic PV (default fs)] volumeIO should write files of various sizes, verify size, validate content [Slow][LinuxOnly]" classname="Kubernetes e2e suite" time="0">
          <skipped></skipped>
      </testcase>
      <testcase name="[sig-storage] In-tree Volumes [Driver: local][LocalVolumeType: dir-link-bindmounted] [Testpattern: Dynamic PV (block volmode)] disruptive[Disruptive][LinuxOnly] Should test that pv used in a pod that is deleted while the kubelet is down cleans up when the kubelet returns." classname="Kubernetes e2e suite" time="0">
          <skipped></skipped>
      </testcase>
      <testcase name="[sig-storage] In-tree Volumes [Driver: gcepd] [Testpattern: Dynamic PV (ntfs)][Feature:Windows] subPath should unmount if pod is force deleted while kubelet is down [Disruptive][Slow][LinuxOnly]" classname="Kubernetes e2e suite" time="0">
          <skipped></skipped>
      </testcase>
      <testcase name="[sig-storage] CSI Volumes [Driver: csi-hostpath] [Testpattern: Dynamic PV (ext4)] multiVolume [Slow] should access to two volumes with different volume mode and retain data across pod recreation on the same node" classname="Kubernetes e2e suite" time="0">
          <skipped></skipped>
      </testcase>
      <testcase name="[sig-storage] In-tree Volumes [Driver: local][LocalVolumeType: dir-link] [Testpattern: Pre-provisioned PV (default fs)] subPath should support restarting containers using directory as subpath [Slow]" classname="Kubernetes e2e suite" time="0">
          <skipped></skipped>
      </testcase>
      <testcase name="[sig-storage] In-tree Volumes [Driver: gluster] [Testpattern: Pre-provisioned PV (block volmode)] volumeMode should fail to create pod by failing to mount volume [Slow]" classname="Kubernetes e2e suite" time="0">
          <skipped></skipped>
      </testcase>
      <testcase name="[sig-network] [Feature:IPv6DualStack] Granular Checks: Services Secondary IP Family [LinuxOnly] should be able to handle large requests: http" classname="Kubernetes e2e suite" time="0">
          <skipped></skipped>
      </testcase>
      <testcase name="[sig-storage] In-tree Volumes [Driver: ceph][Feature:Volumes][Serial] [Testpattern: Dynamic PV (default fs)] subPath should fail if subpath with backstepping is outside the volume [Slow][LinuxOnly]" classname="Kubernetes e2e suite" time="0">
          <skipped></skipped>
      </testcase>
      <testcase name="[sig-storage] In-tree Volumes [Driver: emptydir] [Testpattern: Dynamic PV (filesystem volmode)] multiVolume [Slow] should concurrently access the single volume from pods on the same node" classname="Kubernetes e2e suite" time="0">
          <skipped></skipped>
      </testcase>
      <testcase name="[sig-network] Netpol NetworkPolicy between server and client should enforce policy to allow ingress traffic from pods in all namespaces [Feature:NetworkPolicy]" classname="Kubernetes e2e suite" time="0">
          <skipped></skipped>
      </testcase>
      <testcase name="[sig-storage] In-tree Volumes [Driver: local][LocalVolumeType: dir-bindmounted] [Testpattern: Pre-provisioned PV (block volmode)] volumeMode should not mount / map unused volumes in a pod [LinuxOnly]" classname="Kubernetes e2e suite" time="0">
          <skipped></skipped>
      </testcase>
      <testcase name="[sig-network] Services should check NodePort out-of-range" classname="Kubernetes e2e suite" time="0">
          <skipped></skipped>
      </testcase>
      <testcase name="[sig-storage] Volume Placement [Feature:vsphere] should create and delete pod with the same volume source on the same worker node" classname="Kubernetes e2e suite" time="0">
          <skipped></skipped>
      </testcase>
      <testcase name="[sig-storage] CSI Volumes [Driver: csi-hostpath] [Testpattern: Dynamic PV (ext4)] volumes should allow exec of files on the volume" classname="Kubernetes e2e suite" time="0">
          <skipped></skipped>
      </testcase>
      <testcase name="[sig-storage] In-tree Volumes [Driver: emptydir] [Testpattern: Dynamic PV (default fs)] subPath should support readOnly file specified in the volumeMount [LinuxOnly]" classname="Kubernetes e2e suite" time="0">
          <skipped></skipped>
      </testcase>
      <testcase name="[sig-storage] In-tree Volumes [Driver: local][LocalVolumeType: tmpfs] [Testpattern: Dynamic PV (block volmode)] volumeMode should fail in binding dynamic provisioned PV to PVC [Slow][LinuxOnly]" classname="Kubernetes e2e suite" time="0">
          <skipped></skipped>
      </testcase>
      <testcase name="[sig-storage] In-tree Volumes [Driver: local][LocalVolumeType: gce-localssd-scsi-fs] [Serial] [Testpattern: Pre-provisioned PV (block volmode)] disruptive[Disruptive][LinuxOnly] Should test that pv used in a pod that is deleted while the kubelet is down cleans up when the kubelet returns." classname="Kubernetes e2e suite" time="0">
          <skipped></skipped>
      </testcase>
      <testcase name="[sig-auth] ServiceAccount admission controller migration [Feature:BoundServiceAccountTokenVolume] master upgrade should maintain a functioning cluster" classname="Kubernetes e2e suite" time="0">
          <skipped></skipped>
      </testcase>
      <testcase name="[sig-storage] In-tree Volumes [Driver: local][LocalVolumeType: dir-link] [Testpattern: Pre-provisioned PV (filesystem volmode)] multiVolume [Slow] should access to two volumes with different volume mode and retain data across pod recreation on the same node" classname="Kubernetes e2e suite" time="0">
          <skipped></skipped>
      </testcase>
      <testcase name="[sig-storage] In-tree Volumes [Driver: local][LocalVolumeType: blockfs] [Testpattern: Pre-provisioned PV (filesystem volmode)] multiVolume [Slow] should access to two volumes with the same volume mode and retain data across pod recreation on the same node" classname="Kubernetes e2e suite" time="0">
          <skipped></skipped>
      </testcase>
      <testcase name="[sig-storage] In-tree Volumes [Driver: local][LocalVolumeType: blockfs] [Testpattern: Dynamic PV (ntfs)][Feature:Windows] subPath should support existing directories when readOnly specified in the volumeSource" classname="Kubernetes e2e suite" time="0">
          <skipped></skipped>
      </testcase>
      <testcase name="[sig-storage] Mounted volume expand Should verify mounted devices can be resized" classname="Kubernetes e2e suite" time="0">
          <skipped></skipped>
      </testcase>
      <testcase name="[sig-storage] PersistentVolumes [Feature:vsphere][Feature:ReclaimPolicy] persistentvolumereclaim:vsphere [Feature:vsphere] should not detach and unmount PV when associated pvc with delete as reclaimPolicy is deleted when it is in use by the pod" classname="Kubernetes e2e suite" time="0">
          <skipped></skipped>
      </testcase>
      <testcase name="[sig-storage] In-tree Volumes [Driver: gcepd] [Testpattern: Dynamic PV (xfs)][Slow] volumes should store data" classname="Kubernetes e2e suite" time="0">
          <skipped></skipped>
      </testcase>
      <testcase name="[sig-storage] In-tree Volumes [Driver: local][LocalVolumeType: gce-localssd-scsi-fs] [Serial] [Testpattern: Inline-volume (default fs)] subPath should support existing single file [LinuxOnly]" classname="Kubernetes e2e suite" time="0">
          <skipped></skipped>
      </testcase>
      <testcase name="[sig-apps] StatefulSet Basic StatefulSet functionality [StatefulSetBasic] should implement legacy replacement when the update strategy is OnDelete" classname="Kubernetes e2e suite" time="0">
          <skipped></skipped>
      </testcase>
      <testcase name="[sig-storage] PersistentVolumes-local  [Volume type: blockfswithformat] Set fsGroup for local volume should set fsGroup for one pod [Slow]" classname="Kubernetes e2e suite" time="0">
          <skipped></skipped>
      </testcase>
      <testcase name="[sig-node] Security Context When creating a container with runAsUser should run the container with uid 0 [LinuxOnly] [NodeConformance]" classname="Kubernetes e2e suite" time="0">
          <skipped></skipped>
      </testcase>
      <testcase name="[sig-storage] In-tree Volumes [Driver: local][LocalVolumeType: block] [Testpattern: Dynamic PV (immediate binding)] topology should fail to schedule a pod which has topologies that conflict with AllowedTopologies" classname="Kubernetes e2e suite" time="0">
          <skipped></skipped>
      </testcase>
      <testcase name="[sig-storage] In-tree Volumes [Driver: windows-gcepd] [Testpattern: Pre-provisioned PV (block volmode)] multiVolume [Slow] should access to two volumes with the same volume mode and retain data across pod recreation on the same node" classname="Kubernetes e2e suite" time="0">
          <skipped></skipped>
      </testcase>
      <testcase name="[sig-node] Pods should support retrieving logs from the container over websockets [NodeConformance] [Conformance]" classname="Kubernetes e2e suite" time="4.144307011"></testcase>
      <testcase name="[sig-storage] In-tree Volumes [Driver: nfs] [Testpattern: Dynamic PV (xfs)][Slow] multiVolume [Slow] should access to two volumes with the same volume mode and retain data across pod recreation on the same node" classname="Kubernetes e2e suite" time="0">
          <skipped></skipped>
      </testcase>
      <testcase name="[sig-storage] In-tree Volumes [Driver: emptydir] [Testpattern: Pre-provisioned PV (filesystem volmode)] multiVolume [Slow] should access to two volumes with different volume mode and retain data across pod recreation on the same node" classname="Kubernetes e2e suite" time="0">
          <skipped></skipped>
      </testcase>
      <testcase name="[sig-storage] CSI Volumes [Driver: pd.csi.storage.gke.io][Serial] [Testpattern: Dynamic PV (block volmode)] disruptive[Disruptive][LinuxOnly] Should test that pv written before kubelet restart is readable after restart." classname="Kubernetes e2e suite" time="0">
          <skipped></skipped>
      </testcase>
      <testcase name="[sig-storage] In-tree Volumes [Driver: iscsi][Feature:Volumes] [Testpattern: Dynamic PV (xfs)][Slow] multiVolume [Slow] should concurrently access the volume and its clone from pods on the same node [LinuxOnly][Feature:VolumeSnapshotDataSource][Feature:VolumeSourceXFS]" classname="Kubernetes e2e suite" time="0">
          <skipped></skipped>
      </testcase>
      <testcase name="[sig-storage] NFSPersistentVolumes[Disruptive][Flaky] when kube-controller-manager restarts should delete a bound PVC from a clientPod, restart the kube-control-manager, and ensure the kube-controller-manager does not crash" classname="Kubernetes e2e suite" time="0">
          <skipped></skipped>
      </testcase>
      <testcase name="[sig-storage] In-tree Volumes [Driver: hostPathSymlink] [Testpattern: Dynamic PV (default fs)] capacity provides storage capacity information" classname="Kubernetes e2e suite" time="0">
          <skipped></skipped>
      </testcase>
      <testcase name="[sig-storage] CSI Volumes [Driver: csi-hostpath] [Testpattern: Inline-volume (default fs)] subPath should unmount if pod is force deleted while kubelet is down [Disruptive][Slow][LinuxOnly]" classname="Kubernetes e2e suite" time="0">
          <skipped></skipped>
      </testcase>
      <testcase name="[sig-storage] In-tree Volumes [Driver: iscsi][Feature:Volumes] [Testpattern: Dynamic PV (default fs)] fsgroupchangepolicy (OnRootMismatch)[LinuxOnly], pod created with an initial fsgroup, volume contents ownership changed in first pod, new pod with different fsgroup applied to the volume contents" classname="Kubernetes e2e suite" time="0">
          <skipped></skipped>
      </testcase>
      <testcase name="[sig-storage] In-tree Volumes [Driver: local][LocalVolumeType: dir-link-bindmounted] [Testpattern: Pre-provisioned PV (block volmode)] multiVolume [Slow] should concurrently access the volume and its clone from pods on the same node [LinuxOnly][Feature:VolumeSnapshotDataSource][Feature:VolumeSourceXFS]" classname="Kubernetes e2e suite" time="0">
          <skipped></skipped>
      </testcase>
      <testcase name="[sig-storage] In-tree Volumes [Driver: local][LocalVolumeType: blockfs] [Testpattern: Dynamic PV (ntfs)][Feature:Windows] subPath should support creating multiple subpath from same volumes [Slow]" classname="Kubernetes e2e suite" time="0">
          <skipped></skipped>
      </testcase>
      <testcase name="[sig-storage] In-tree Volumes [Driver: vsphere] [Testpattern: Dynamic PV (block volmode)] volumeMode should not mount / map unused volumes in a pod [LinuxOnly]" classname="Kubernetes e2e suite" time="0">
          <skipped></skipped>
      </testcase>
      <testcase name="[sig-storage] In-tree Volumes [Driver: hostPathSymlink] [Testpattern: Dynamic PV (block volmode)] volumeMode should fail to use a volume in a pod with mismatched mode [Slow]" classname="Kubernetes e2e suite" time="0">
          <skipped></skipped>
      </testcase>
      <testcase name="[sig-storage] In-tree Volumes [Driver: local][LocalVolumeType: dir-link-bindmounted] [Testpattern: Pre-provisioned PV (block volmode)] multiVolume [Slow] should access to two volumes with the same volume mode and retain data across pod recreation on different node" classname="Kubernetes e2e suite" time="0">
          <skipped></skipped>
      </testcase>
      <testcase name="[sig-storage] In-tree Volumes [Driver: hostPathSymlink] [Testpattern: Dynamic PV (xfs)][Slow] volumes should store data" classname="Kubernetes e2e suite" time="0">
          <skipped></skipped>
      </testcase>
      <testcase name="[sig-storage] In-tree Volumes [Driver: aws] [Testpattern: Dynamic PV (ntfs)][Feature:Windows] subPath should support existing directories when readOnly specified in the volumeSource" classname="Kubernetes e2e suite" time="0">
          <skipped></skipped>
      </testcase>
      <testcase name="[sig-storage] In-tree Volumes [Driver: local][LocalVolumeType: block] [Testpattern: Dynamic PV (default fs)(allowExpansion)] volume-expand should resize volume when PVC is edited while pod is using it" classname="Kubernetes e2e suite" time="0">
          <skipped></skipped>
      </testcase>
      <testcase name="[sig-storage] In-tree Volumes [Driver: emptydir] [Testpattern: Dynamic PV (block volmode)] multiVolume [Slow] should concurrently access the single read-only volume from pods on the same node" classname="Kubernetes e2e suite" time="0">
          <skipped></skipped>
      </testcase>
      <testcase name="[sig-storage] In-tree Volumes [Driver: local][LocalVolumeType: dir-bindmounted] [Testpattern: Dynamic PV (default fs)] provisioning should provision storage with snapshot data source [Feature:VolumeSnapshotDataSource]" classname="Kubernetes e2e suite" time="0">
          <skipped></skipped>
      </testcase>
      <testcase name="[sig-network] ClusterDns [Feature:Example] should create pod that uses dns" classname="Kubernetes e2e suite" time="0">
          <skipped></skipped>
      </testcase>
      <testcase name="[sig-storage] Pod Disks schedule a pod w/ RW PD(s) mounted to 1 or more containers, write to PD, verify content, delete pod, and repeat in rapid succession [Slow] using 4 containers and 1 PDs" classname="Kubernetes e2e suite" time="0">
          <skipped></skipped>
      </testcase>
      <testcase name="[sig-storage] In-tree Volumes [Driver: aws] [Testpattern: Dynamic PV (default fs)] volumeIO should write files of various sizes, verify size, validate content [Slow][LinuxOnly]" classname="Kubernetes e2e suite" time="0">
          <skipped></skipped>
      </testcase>
      <testcase name="[sig-storage] In-tree Volumes [Driver: vsphere] [Testpattern: Pre-provisioned PV (default fs)] subPath should support restarting containers using file as subpath [Slow][LinuxOnly]" classname="Kubernetes e2e suite" time="0">
          <skipped></skipped>
      </testcase>
      <testcase name="[sig-storage] In-tree Volumes [Driver: windows-gcepd] [Testpattern: Dynamic PV (ntfs)][Feature:Windows] subPath should fail if subpath with backstepping is outside the volume [Slow][LinuxOnly]" classname="Kubernetes e2e suite" time="0">
          <skipped></skipped>
      </testcase>
      <testcase name="[sig-storage] In-tree Volumes [Driver: local][LocalVolumeType: blockfs] [Testpattern: Dynamic PV (default fs)] fsgroupchangepolicy (OnRootMismatch)[LinuxOnly], pod created with an initial fsgroup, new pod fsgroup applied to volume contents" classname="Kubernetes e2e suite" time="0">
          <skipped></skipped>
      </testcase>
      <testcase name="[sig-storage] CSI Volumes [Driver: pd.csi.storage.gke.io][Serial] [Testpattern: Dynamic Snapshot (delete policy)] snapshottable[Feature:VolumeSnapshotDataSource] volume snapshot controller  should check snapshot fields, check restore correctly works after modifying source data, check deletion" classname="Kubernetes e2e suite" time="0">
          <skipped></skipped>
      </testcase>
      <testcase name="[sig-storage] CSI Volumes [Driver: pd.csi.storage.gke.io][Serial] [Testpattern: Pre-provisioned PV (block volmode)] multiVolume [Slow] should concurrently access the single read-only volume from pods on the same node" classname="Kubernetes e2e suite" time="0">
          <skipped></skipped>
      </testcase>
      <testcase name="[sig-network] [Feature:IPv6DualStack] Granular Checks: Services Secondary IP Family [LinuxOnly] should update endpoints: udp" classname="Kubernetes e2e suite" time="0">
          <skipped></skipped>
      </testcase>
      <testcase name="[sig-storage] EmptyDir volumes should support (root,0666,tmpfs) [LinuxOnly] [NodeConformance] [Conformance]" classname="Kubernetes e2e suite" time="4.165874825"></testcase>
      <testcase name="[sig-storage] CSI mock volume storage capacity exhausted, immediate binding" classname="Kubernetes e2e suite" time="0">
          <skipped></skipped>
      </testcase>
      <testcase name="[sig-storage] PersistentVolumes-local  [Volume type: dir] Two pods mounting a local volume one after the other should be able to write from pod1 and read from pod2" classname="Kubernetes e2e suite" time="0">
          <skipped></skipped>
      </testcase>
      <testcase name="[sig-storage] In-tree Volumes [Driver: gcepd] [Testpattern: Dynamic PV (immediate binding)] topology should provision a volume and schedule a pod with AllowedTopologies" classname="Kubernetes e2e suite" time="0">
          <skipped></skipped>
      </testcase>
      <testcase name="[sig-storage] In-tree Volumes [Driver: local][LocalVolumeType: dir-link-bindmounted] [Testpattern: Pre-provisioned PV (filesystem volmode)] multiVolume [Slow] should concurrently access the single volume from pods on different node" classname="Kubernetes e2e suite" time="0">
          <skipped></skipped>
      </testcase>
      <testcase name="[sig-storage] In-tree Volumes [Driver: local][LocalVolumeType: blockfs] [Testpattern: Dynamic PV (block volmode)] volume-expand should not allow expansion of pvcs without AllowVolumeExpansion property" classname="Kubernetes e2e suite" time="0">
          <skipped></skipped>
      </testcase>
      <testcase name="[sig-storage] In-tree Volumes [Driver: local][LocalVolumeType: dir] [Testpattern: Pre-provisioned PV (block volmode)] disruptive[Disruptive][LinuxOnly] Should test that pv written before kubelet restart is readable after restart." classname="Kubernetes e2e suite" time="0">
          <skipped></skipped>
      </testcase>
      <testcase name="[sig-storage] CSI Volumes [Driver: csi-hostpath] [Testpattern: Dynamic PV (block volmode)] multiVolume [Slow] should access to two volumes with the same volume mode and retain data across pod recreation on different node" classname="Kubernetes e2e suite" time="0">
          <skipped></skipped>
      </testcase>
      <testcase name="[sig-storage] In-tree Volumes [Driver: cinder] [Testpattern: Pre-provisioned PV (default fs)] subPath should support readOnly file specified in the volumeMount [LinuxOnly]" classname="Kubernetes e2e suite" time="0">
          <skipped></skipped>
      </testcase>
      <testcase name="[sig-storage] In-tree Volumes [Driver: local][LocalVolumeType: block] [Testpattern: Pre-provisioned PV (block volmode)] multiVolume [Slow] should concurrently access the volume and its clone from pods on the same node [LinuxOnly][Feature:VolumeSnapshotDataSource][Feature:VolumeSourceXFS]" classname="Kubernetes e2e suite" time="0">
          <skipped></skipped>
      </testcase>
      <testcase name="[sig-storage] In-tree Volumes [Driver: azure-disk] [Testpattern: Dynamic PV (default fs)] volumes should store data" classname="Kubernetes e2e suite" time="0">
          <skipped></skipped>
      </testcase>
      <testcase name="[sig-storage] In-tree Volumes [Driver: azure-disk] [Testpattern: Inline-volume (ext3)] volumes should store data" classname="Kubernetes e2e suite" time="0">
          <skipped></skipped>
      </testcase>
      <testcase name="[sig-storage] In-tree Volumes [Driver: local][LocalVolumeType: blockfs] [Testpattern: Pre-provisioned PV (default fs)] subPath should support restarting containers using file as subpath [Slow][LinuxOnly]" classname="Kubernetes e2e suite" time="0">
          <skipped></skipped>
      </testcase>
      <testcase name="[sig-storage] In-tree Volumes [Driver: rbd][Feature:Volumes][Serial] [Testpattern: Pre-provisioned PV (block volmode)] multiVolume [Slow] should concurrently access the volume and restored snapshot from pods on the same node [LinuxOnly][Feature:VolumeSnapshotDataSource][Feature:VolumeSourceXFS]" classname="Kubernetes e2e suite" time="0">
          <skipped></skipped>
      </testcase>
      <testcase name="[sig-storage] In-tree Volumes [Driver: local][LocalVolumeType: dir-link] [Testpattern: Inline-volume (default fs)] subPath should fail if subpath with backstepping is outside the volume [Slow][LinuxOnly]" classname="Kubernetes e2e suite" time="0">
          <skipped></skipped>
      </testcase>
      <testcase name="[sig-storage] In-tree Volumes [Driver: local][LocalVolumeType: dir-link-bindmounted] [Testpattern: Dynamic PV (ntfs)][Feature:Windows] provisioning should provision storage with pvc data source" classname="Kubernetes e2e suite" time="0">
          <skipped></skipped>
      </testcase>
      <testcase name="[sig-storage] In-tree Volumes [Driver: nfs] [Testpattern: Pre-provisioned PV (xfs)][Slow] volumes should store data" classname="Kubernetes e2e suite" time="0">
          <skipped></skipped>
      </testcase>
      <testcase name="[sig-storage] CSI Volumes [Driver: pd.csi.storage.gke.io][Serial] [Testpattern: Pre-provisioned PV (filesystem volmode)] multiVolume [Slow] should access to two volumes with the same volume mode and retain data across pod recreation on different node" classname="Kubernetes e2e suite" time="0">
          <skipped></skipped>
      </testcase>
      <testcase name="[sig-storage] In-tree Volumes [Driver: local][LocalVolumeType: dir-link] [Testpattern: Pre-provisioned PV (block volmode)] disruptive[Disruptive][LinuxOnly] Should test that pv used in a pod that is force deleted while the kubelet is down cleans up when the kubelet returns." classname="Kubernetes e2e suite" time="0">
          <skipped></skipped>
      </testcase>
      <testcase name="[sig-storage] In-tree Volumes [Driver: gcepd] [Testpattern: Inline-volume (default fs)] subPath should unmount if pod is force deleted while kubelet is down [Disruptive][Slow][LinuxOnly]" classname="Kubernetes e2e suite" time="0">
          <skipped></skipped>
      </testcase>
      <testcase name="[sig-storage] In-tree Volumes [Driver: gcepd] [Testpattern: Inline-volume (default fs)] subPath should verify container cannot write to subpath readonly volumes [Slow]" classname="Kubernetes e2e suite" time="0">
          <skipped></skipped>
      </testcase>
      <testcase name="[sig-api-machinery] Server request timeout should return HTTP status code 400 if the user specifies an invalid timeout in the request URL" classname="Kubernetes e2e suite" time="0">
          <skipped></skipped>
      </testcase>
      <testcase name="[sig-storage] In-tree Volumes [Driver: nfs] [Testpattern: Dynamic PV (default fs)] fsgroupchangepolicy (OnRootMismatch)[LinuxOnly], pod created with an initial fsgroup, new pod fsgroup applied to volume contents" classname="Kubernetes e2e suite" time="0">
          <skipped></skipped>
      </testcase>
      <testcase name="[sig-storage] In-tree Volumes [Driver: windows-gcepd] [Testpattern: Pre-provisioned PV (filesystem volmode)] multiVolume [Slow] should concurrently access the volume and restored snapshot from pods on the same node [LinuxOnly][Feature:VolumeSnapshotDataSource][Feature:VolumeSourceXFS]" classname="Kubernetes e2e suite" time="0">
          <skipped></skipped>
      </testcase>
      <testcase name="[sig-storage] In-tree Volumes [Driver: gluster] [Testpattern: Pre-provisioned PV (default fs)] subPath should fail if non-existent subpath is outside the volume [Slow][LinuxOnly]" classname="Kubernetes e2e suite" time="0">
          <skipped></skipped>
      </testcase>
      <testcase name="[sig-storage] In-tree Volumes [Driver: local][LocalVolumeType: blockfs] [Testpattern: Inline-volume (default fs)] subPath should support file as subpath [LinuxOnly]" classname="Kubernetes e2e suite" time="0">
          <skipped></skipped>
      </testcase>
      <testcase name="[sig-storage] In-tree Volumes [Driver: windows-gcepd] [Testpattern: Pre-provisioned PV (default fs)] subPath should support restarting containers using file as subpath [Slow][LinuxOnly]" classname="Kubernetes e2e suite" time="0">
          <skipped></skipped>
      </testcase>
      <testcase name="[sig-storage] In-tree Volumes [Driver: gluster] [Testpattern: Dynamic PV (default fs)] fsgroupchangepolicy (Always)[LinuxOnly], pod created with an initial fsgroup, volume contents ownership changed in first pod, new pod with different fsgroup applied to the volume contents" classname="Kubernetes e2e suite" time="0">
          <skipped></skipped>
      </testcase>
      <testcase name="[sig-storage] In-tree Volumes [Driver: local][LocalVolumeType: gce-localssd-scsi-fs] [Serial] [Testpattern: Dynamic PV (ntfs)][Feature:Windows] subPath should fail if subpath file is outside the volume [Slow][LinuxOnly]" classname="Kubernetes e2e suite" time="0">
          <skipped></skipped>
      </testcase>
      <testcase name="[sig-storage] CSI Volumes [Driver: pd.csi.storage.gke.io][Serial] [Testpattern: Pre-provisioned PV (default fs)] subPath should fail if subpath directory is outside the volume [Slow][LinuxOnly]" classname="Kubernetes e2e suite" time="0">
          <skipped></skipped>
      </testcase>
      <testcase name="[sig-storage] In-tree Volumes [Driver: gluster] [Testpattern: Inline-volume (default fs)] subPath should be able to unmount after the subpath directory is deleted [LinuxOnly]" classname="Kubernetes e2e suite" time="0">
          <skipped></skipped>
      </testcase>
      <testcase name="[sig-storage] CSI Volumes [Driver: pd.csi.storage.gke.io][Serial] [Testpattern: Dynamic PV (block volmode)] multiVolume [Slow] should access to two volumes with the same volume mode and retain data across pod recreation on the same node" classname="Kubernetes e2e suite" time="0">
          <skipped></skipped>
      </testcase>
      <testcase name="[sig-storage] In-tree Volumes [Driver: hostPathSymlink] [Testpattern: Dynamic PV (filesystem volmode)] multiVolume [Slow] should concurrently access the single volume from pods on different node" classname="Kubernetes e2e suite" time="0">
          <skipped></skipped>
      </testcase>
      <testcase name="[sig-storage] In-tree Volumes [Driver: hostPathSymlink] [Testpattern: Pre-provisioned PV (filesystem volmode)] multiVolume [Slow] should concurrently access the volume and restored snapshot from pods on the same node [LinuxOnly][Feature:VolumeSnapshotDataSource][Feature:VolumeSourceXFS]" classname="Kubernetes e2e suite" time="0">
          <skipped></skipped>
      </testcase>
      <testcase name="[sig-storage] In-tree Volumes [Driver: nfs] [Testpattern: Pre-provisioned PV (filesystem volmode)] disruptive[Disruptive][LinuxOnly] Should test that pv written before kubelet restart is readable after restart." classname="Kubernetes e2e suite" time="0">
          <skipped></skipped>
      </testcase>
      <testcase name="[sig-apps] Daemon set [Serial] should update pod when spec was updated and update strategy is RollingUpdate [Conformance]" classname="Kubernetes e2e suite" time="9.810184159"></testcase>
      <testcase name="[sig-storage] CSI Volumes [Driver: csi-hostpath] [Testpattern: Pre-provisioned PV (block volmode)] multiVolume [Slow] should access to two volumes with the same volume mode and retain data across pod recreation on the same node" classname="Kubernetes e2e suite" time="0">
          <skipped></skipped>
      </testcase>
      <testcase name="[sig-storage] In-tree Volumes [Driver: hostPath] [Testpattern: Dynamic PV (default fs)] provisioning should provision storage with snapshot data source [Feature:VolumeSnapshotDataSource]" classname="Kubernetes e2e suite" time="0">
          <skipped></skipped>
      </testcase>
      <testcase name="[sig-storage] In-tree Volumes [Driver: azure-disk] [Testpattern: Dynamic PV (ext4)] multiVolume [Slow] should access to two volumes with different volume mode and retain data across pod recreation on different node" classname="Kubernetes e2e suite" time="0">
          <skipped></skipped>
      </testcase>
      <testcase name="[sig-storage] In-tree Volumes [Driver: hostPath] [Testpattern: Dynamic PV (block volmode)] provisioning should provision storage with mount options" classname="Kubernetes e2e suite" time="0">
          <skipped></skipped>
      </testcase>
      <testcase name="[sig-storage] In-tree Volumes [Driver: local][LocalVolumeType: dir-bindmounted] [Testpattern: Pre-provisioned PV (default fs)] subPath should verify container cannot write to subpath readonly volumes [Slow]" classname="Kubernetes e2e suite" time="0">
          <skipped></skipped>
      </testcase>
      <testcase name="[sig-storage] In-tree Volumes [Driver: vsphere] [Testpattern: Dynamic PV (ext4)] multiVolume [Slow] should concurrently access the single volume from pods on different node" classname="Kubernetes e2e suite" time="0">
          <skipped></skipped>
      </testcase>
      <testcase name="[sig-cli] Kubectl client Simple pod should return command exit codes [Slow] running a failing command without --restart=Never, but with --rm" classname="Kubernetes e2e suite" time="0">
          <skipped></skipped>
      </testcase>
      <testcase name="[sig-storage] In-tree Volumes [Driver: local][LocalVolumeType: tmpfs] [Testpattern: Dynamic PV (default fs)] fsgroupchangepolicy (Always)[LinuxOnly], pod created with an initial fsgroup, new pod fsgroup applied to volume contents" classname="Kubernetes e2e suite" time="0">
          <skipped></skipped>
      </testcase>
      <testcase name="[sig-storage] In-tree Volumes [Driver: local][LocalVolumeType: dir-bindmounted] [Testpattern: Dynamic PV (xfs)][Slow] multiVolume [Slow] should concurrently access the single read-only volume from pods on the same node" classname="Kubernetes e2e suite" time="0">
          <skipped></skipped>
      </testcase>
      <testcase name="[sig-storage] In-tree Volumes [Driver: aws] [Testpattern: Pre-provisioned PV (default fs)] subPath should support existing single file [LinuxOnly]" classname="Kubernetes e2e suite" time="0">
          <skipped></skipped>
      </testcase>
      <testcase name="[sig-storage] In-tree Volumes [Driver: nfs] [Testpattern: Dynamic PV (xfs)][Slow] multiVolume [Slow] should concurrently access the volume and restored snapshot from pods on the same node [LinuxOnly][Feature:VolumeSnapshotDataSource][Feature:VolumeSourceXFS]" classname="Kubernetes e2e suite" time="0">
          <skipped></skipped>
      </testcase>
      <testcase name="[sig-storage] In-tree Volumes [Driver: gluster] [Testpattern: Dynamic PV (ext3)] volumes should store data" classname="Kubernetes e2e suite" time="0">
          <skipped></skipped>
      </testcase>
      <testcase name="[sig-network] NetworkPolicyLegacy [LinuxOnly] NetworkPolicy between server and client should enforce policy to allow traffic only from a different namespace, based on NamespaceSelector [Feature:NetworkPolicy]" classname="Kubernetes e2e suite" time="0">
          <skipped></skipped>
      </testcase>
      <testcase name="[sig-storage] In-tree Volumes [Driver: local][LocalVolumeType: gce-localssd-scsi-fs] [Serial] [Testpattern: Dynamic PV (ntfs)][Feature:Windows] subPath should verify container cannot write to subpath readonly volumes [Slow]" classname="Kubernetes e2e suite" time="0">
          <skipped></skipped>
      </testcase>
      <testcase name="[sig-storage] In-tree Volumes [Driver: emptydir] [Testpattern: Inline-volume (ext3)] volumes should store data" classname="Kubernetes e2e suite" time="0">
          <skipped></skipped>
      </testcase>
      <testcase name="[sig-storage] In-tree Volumes [Driver: local][LocalVolumeType: tmpfs] [Testpattern: Dynamic PV (ext4)] multiVolume [Slow] should concurrently access the volume and its clone from pods on the same node [LinuxOnly][Feature:VolumeSnapshotDataSource][Feature:VolumeSourceXFS]" classname="Kubernetes e2e suite" time="0">
          <skipped></skipped>
      </testcase>
      <testcase name="[sig-storage] EmptyDir volumes when FSGroup is specified [LinuxOnly] [NodeFeature:FSGroup] volume on default medium should have the correct mode using FSGroup" classname="Kubernetes e2e suite" time="0">
          <skipped></skipped>
      </testcase>
      <testcase name="[sig-storage] In-tree Volumes [Driver: local][LocalVolumeType: blockfs] [Testpattern: Dynamic PV (filesystem volmode)] multiVolume [Slow] should access to two volumes with the same volume mode and retain data across pod recreation on the same node" classname="Kubernetes e2e suite" time="0">
          <skipped></skipped>
      </testcase>
      <testcase name="[sig-api-machinery] Garbage collector should not delete dependents that have both valid owner and owner that&#39;s waiting for dependents to be deleted [Conformance]" classname="Kubernetes e2e suite" time="10.93352147"></testcase>
      <testcase name="[sig-storage] In-tree Volumes [Driver: local][LocalVolumeType: gce-localssd-scsi-fs] [Serial] [Testpattern: Dynamic PV (filesystem volmode)] volumeLimits should verify that all csinodes have volume limits" classname="Kubernetes e2e suite" time="0">
          <skipped></skipped>
      </testcase>
      <testcase name="[sig-storage] In-tree Volumes [Driver: rbd][Feature:Volumes][Serial] [Testpattern: Dynamic PV (block volmode)] volumes should store data" classname="Kubernetes e2e suite" time="0">
          <skipped></skipped>
      </testcase>
      <testcase name="[sig-storage] In-tree Volumes [Driver: rbd][Feature:Volumes][Serial] [Testpattern: Inline-volume (default fs)] subPath should support existing directory" classname="Kubernetes e2e suite" time="0">
          <skipped></skipped>
      </testcase>
      <testcase name="[sig-storage] In-tree Volumes [Driver: nfs] [Testpattern: Pre-provisioned PV (default fs)] subPath should support existing directory" classname="Kubernetes e2e suite" time="0">
          <skipped></skipped>
      </testcase>
      <testcase name="[sig-storage] In-tree Volumes [Driver: cinder] [Testpattern: Dynamic PV (block volmode)] disruptive[Disruptive][LinuxOnly] Should test that pv written before kubelet restart is readable after restart." classname="Kubernetes e2e suite" time="0">
          <skipped></skipped>
      </testcase>
      <testcase name="[sig-storage] In-tree Volumes [Driver: local][LocalVolumeType: gce-localssd-scsi-fs] [Serial] [Testpattern: Inline-volume (ext4)] volumes should store data" classname="Kubernetes e2e suite" time="0">
          <skipped></skipped>
      </testcase>
      <testcase name="[sig-storage] In-tree Volumes [Driver: local][LocalVolumeType: dir] [Testpattern: Inline-volume (default fs)] subPath should support existing directories when readOnly specified in the volumeSource" classname="Kubernetes e2e suite" time="0">
          <skipped></skipped>
      </testcase>
      <testcase name="[sig-storage] In-tree Volumes [Driver: emptydir] [Testpattern: Dynamic PV (ntfs)][Feature:Windows] volumes should allow exec of files on the volume" classname="Kubernetes e2e suite" time="0">
          <skipped></skipped>
      </testcase>
      <testcase name="[sig-storage] In-tree Volumes [Driver: nfs] [Testpattern: Pre-provisioned PV (default fs)] subPath should verify container cannot write to subpath readonly volumes [Slow]" classname="Kubernetes e2e suite" time="0">
          <skipped></skipped>
      </testcase>
      <testcase name="[sig-storage] In-tree Volumes [Driver: local][LocalVolumeType: gce-localssd-scsi-fs] [Serial] [Testpattern: Dynamic PV (block volmode)] volume-stress multiple pods should access different volumes repeatedly [Slow] [Serial]" classname="Kubernetes e2e suite" time="0">
          <skipped></skipped>
      </testcase>
      <testcase name="[sig-storage] In-tree Volumes [Driver: local][LocalVolumeType: dir-link] [Testpattern: Dynamic PV (default fs)] provisioning should provision storage with mount options" classname="Kubernetes e2e suite" time="0">
          <skipped></skipped>
      </testcase>
      <testcase name="[sig-storage] In-tree Volumes [Driver: nfs] [Testpattern: Pre-provisioned PV (ext3)] volumes should allow exec of files on the volume" classname="Kubernetes e2e suite" time="0">
          <skipped></skipped>
      </testcase>
      <testcase name="[sig-storage] In-tree Volumes [Driver: local][LocalVolumeType: blockfs] [Testpattern: Pre-provisioned PV (default fs)] volumeIO should write files of various sizes, verify size, validate content [Slow][LinuxOnly]" classname="Kubernetes e2e suite" time="0">
          <skipped></skipped>
      </testcase>
      <testcase name="[sig-storage] CSI Volumes [Driver: csi-hostpath] [Testpattern: Pre-provisioned PV (block volmode)] disruptive[Disruptive][LinuxOnly] Should test that pv written before kubelet restart is readable after restart." classname="Kubernetes e2e suite" time="0">
          <skipped></skipped>
      </testcase>
      <testcase name="[sig-storage] In-tree Volumes [Driver: gcepd] [Testpattern: Inline-volume (default fs)] subPath should support non-existent path" classname="Kubernetes e2e suite" time="0">
          <skipped></skipped>
      </testcase>
      <testcase name="[sig-storage] In-tree Volumes [Driver: local][LocalVolumeType: dir-bindmounted] [Testpattern: Pre-provisioned PV (ntfs)][Feature:Windows] volumes should store data" classname="Kubernetes e2e suite" time="0">
          <skipped></skipped>
      </testcase>
      <testcase name="[sig-storage] In-tree Volumes [Driver: local][LocalVolumeType: block] [Testpattern: Dynamic PV (default fs)] capacity provides storage capacity information" classname="Kubernetes e2e suite" time="0">
          <skipped></skipped>
      </testcase>
      <testcase name="[sig-storage] In-tree Volumes [Driver: hostPathSymlink] [Testpattern: Pre-provisioned PV (xfs)][Slow] volumes should allow exec of files on the volume" classname="Kubernetes e2e suite" time="0">
          <skipped></skipped>
      </testcase>
      <testcase name="[sig-storage] In-tree Volumes [Driver: gluster] [Testpattern: Inline-volume (xfs)][Slow] volumes should allow exec of files on the volume" classname="Kubernetes e2e suite" time="0">
          <skipped></skipped>
      </testcase>
      <testcase name="[sig-network] [Feature:IPv6DualStack] should create pod, add ipv6 and ipv4 ip to pod ips" classname="Kubernetes e2e suite" time="0">
          <skipped></skipped>
      </testcase>
      <testcase name="[sig-storage] In-tree Volumes [Driver: nfs] [Testpattern: Dynamic PV (block volmode)] multiVolume [Slow] should access to two volumes with the same volume mode and retain data across pod recreation on the same node" classname="Kubernetes e2e suite" time="0">
          <skipped></skipped>
      </testcase>
      <testcase name="[sig-storage] In-tree Volumes [Driver: aws] [Testpattern: Dynamic PV (filesystem volmode)] volumeMode should not mount / map unused volumes in a pod [LinuxOnly]" classname="Kubernetes e2e suite" time="0">
          <skipped></skipped>
      </testcase>
      <testcase name="[sig-storage] In-tree Volumes [Driver: local][LocalVolumeType: block] [Testpattern: Inline-volume (default fs)] subPath should support existing directory" classname="Kubernetes e2e suite" time="0">
          <skipped></skipped>
      </testcase>
      <testcase name="[sig-network] Services should be able to up and down services" classname="Kubernetes e2e suite" time="0">
          <skipped></skipped>
      </testcase>
      <testcase name="[sig-storage] In-tree Volumes [Driver: rbd][Feature:Volumes][Serial] [Testpattern: Dynamic PV (ext4)] multiVolume [Slow] should concurrently access the volume and restored snapshot from pods on the same node [LinuxOnly][Feature:VolumeSnapshotDataSource][Feature:VolumeSourceXFS]" classname="Kubernetes e2e suite" time="0">
          <skipped></skipped>
      </testcase>
      <testcase name="[sig-storage] In-tree Volumes [Driver: cinder] [Testpattern: Inline-volume (default fs)] subPath should fail if subpath file is outside the volume [Slow][LinuxOnly]" classname="Kubernetes e2e suite" time="0">
          <skipped></skipped>
      </testcase>
      <testcase name="[sig-storage] HostPathType Directory [Slow] Should be able to mount directory &#39;adir&#39; successfully when HostPathType is HostPathUnset" classname="Kubernetes e2e suite" time="0">
          <skipped></skipped>
      </testcase>
      <testcase name="[sig-apps] StatefulSet Basic StatefulSet functionality [StatefulSetBasic] should have a working scale subresource [Conformance]" classname="Kubernetes e2e suite" time="20.328425142"></testcase>
      <testcase name="[sig-storage] In-tree Volumes [Driver: vsphere] [Testpattern: Inline-volume (ext4)] volumes should allow exec of files on the volume" classname="Kubernetes e2e suite" time="0">
          <skipped></skipped>
      </testcase>
      <testcase name="[sig-node] kubelet Clean up pods on node kubelet should be able to delete 10 pods per node in 1m0s." classname="Kubernetes e2e suite" time="0">
          <skipped></skipped>
      </testcase>
      <testcase name="[sig-api-machinery] AdmissionWebhook [Privileged:ClusterAdmin] should honor timeout [Conformance]" classname="Kubernetes e2e suite" time="15.828802485"></testcase>
      <testcase name="[sig-storage] In-tree Volumes [Driver: windows-gcepd] [Testpattern: Dynamic PV (xfs)][Slow] multiVolume [Slow] should concurrently access the single read-only volume from pods on the same node" classname="Kubernetes e2e suite" time="0">
          <skipped></skipped>
      </testcase>
      <testcase name="[sig-cloud-provider-gcp] Ports Security Check [Feature:KubeletSecurity] should not be able to proxy to cadvisor port 4194 using proxy subresource" classname="Kubernetes e2e suite" time="0">
          <skipped></skipped>
      </testcase>
      <testcase name="[sig-storage] EmptyDir wrapper volumes should not conflict [Conformance]" classname="Kubernetes e2e suite" time="2.343447103"></testcase>
      <testcase name="[sig-storage] CSI Volumes [Driver: csi-hostpath] [Testpattern: Dynamic PV (ntfs)][Feature:Windows] subPath should support non-existent path" classname="Kubernetes e2e suite" time="0">
          <skipped></skipped>
      </testcase>
      <testcase name="[sig-storage] In-tree Volumes [Driver: azure-disk] [Testpattern: Dynamic PV (block volmode)] disruptive[Disruptive][LinuxOnly] Should test that pv written before kubelet restart is readable after restart." classname="Kubernetes e2e suite" time="0">
          <skipped></skipped>
      </testcase>
      <testcase name="[sig-storage] In-tree Volumes [Driver: local][LocalVolumeType: dir-bindmounted] [Testpattern: Pre-provisioned PV (filesystem volmode)] multiVolume [Slow] should concurrently access the single read-only volume from pods on the same node" classname="Kubernetes e2e suite" time="0">
          <skipped></skipped>
      </testcase>
      <testcase name="[sig-storage] In-tree Volumes [Driver: iscsi][Feature:Volumes] [Testpattern: Dynamic PV (block volmode)] multiVolume [Slow] should access to two volumes with the same volume mode and retain data across pod recreation on the same node" classname="Kubernetes e2e suite" time="0">
          <skipped></skipped>
      </testcase>
      <testcase name="[sig-storage] In-tree Volumes [Driver: ceph][Feature:Volumes][Serial] [Testpattern: Dynamic PV (block volmode)] multiVolume [Slow] should concurrently access the volume and restored snapshot from pods on the same node [LinuxOnly][Feature:VolumeSnapshotDataSource][Feature:VolumeSourceXFS]" classname="Kubernetes e2e suite" time="0">
          <skipped></skipped>
      </testcase>
      <testcase name="[sig-storage] In-tree Volumes [Driver: rbd][Feature:Volumes][Serial] [Testpattern: Dynamic PV (default fs)] subPath should fail if subpath directory is outside the volume [Slow][LinuxOnly]" classname="Kubernetes e2e suite" time="0">
          <skipped></skipped>
      </testcase>
      <testcase name="[sig-storage] [Serial] Volume metrics should create prometheus metrics for volume provisioning errors [Slow]" classname="Kubernetes e2e suite" time="0">
          <skipped></skipped>
      </testcase>
      <testcase name="[sig-storage] In-tree Volumes [Driver: iscsi][Feature:Volumes] [Testpattern: Pre-provisioned PV (ntfs)][Feature:Windows] volumes should store data" classname="Kubernetes e2e suite" time="0">
          <skipped></skipped>
      </testcase>
      <testcase name="[sig-storage] In-tree Volumes [Driver: hostPathSymlink] [Testpattern: Pre-provisioned PV (block volmode)] multiVolume [Slow] should access to two volumes with different volume mode and retain data across pod recreation on different node" classname="Kubernetes e2e suite" time="0">
          <skipped></skipped>
      </testcase>
      <testcase name="[sig-storage] In-tree Volumes [Driver: local][LocalVolumeType: dir-bindmounted] [Testpattern: Pre-provisioned PV (default fs)] subPath should fail if subpath directory is outside the volume [Slow][LinuxOnly]" classname="Kubernetes e2e suite" time="0">
          <skipped></skipped>
      </testcase>
      <testcase name="[sig-storage] In-tree Volumes [Driver: local][LocalVolumeType: gce-localssd-scsi-fs] [Serial] [Testpattern: Dynamic PV (default fs)] subPath should verify container cannot write to subpath readonly volumes [Slow]" classname="Kubernetes e2e suite" time="0">
          <skipped></skipped>
      </testcase>
      <testcase name="[sig-network] [Feature:IPv6DualStack] Granular Checks: Services Secondary IP Family [LinuxOnly] should function for node-Service: http" classname="Kubernetes e2e suite" time="0">
          <skipped></skipped>
      </testcase>
      <testcase name="[sig-storage] CSI Volumes [Driver: csi-hostpath] [Testpattern: Pre-provisioned PV (default fs)] subPath should support non-existent path" classname="Kubernetes e2e suite" time="0">
          <skipped></skipped>
      </testcase>
      <testcase name="[sig-storage] In-tree Volumes [Driver: hostPathSymlink] [Testpattern: Dynamic PV (block volmode)] multiVolume [Slow] should access to two volumes with the same volume mode and retain data across pod recreation on different node" classname="Kubernetes e2e suite" time="0">
          <skipped></skipped>
      </testcase>
      <testcase name="[sig-storage] In-tree Volumes [Driver: hostPath] [Testpattern: Pre-provisioned PV (block volmode)] multiVolume [Slow] should concurrently access the volume and restored snapshot from pods on the same node [LinuxOnly][Feature:VolumeSnapshotDataSource][Feature:VolumeSourceXFS]" classname="Kubernetes e2e suite" time="0">
          <skipped></skipped>
      </testcase>
      <testcase name="[sig-storage] In-tree Volumes [Driver: azure-disk] [Testpattern: Dynamic PV (filesystem volmode)] multiVolume [Slow] should access to two volumes with the same volume mode and retain data across pod recreation on the same node" classname="Kubernetes e2e suite" time="0">
          <skipped></skipped>
      </testcase>
      <testcase name="[sig-storage] HostPath should support subPath [NodeConformance]" classname="Kubernetes e2e suite" time="0">
          <skipped></skipped>
      </testcase>
      <testcase name="[sig-storage] PersistentVolumes-local  [Volume type: blockfswithformat] Set fsGroup for local volume should set different fsGroup for second pod if first pod is deleted" classname="Kubernetes e2e suite" time="0">
          <skipped></skipped>
      </testcase>
      <testcase name="[sig-storage] In-tree Volumes [Driver: local][LocalVolumeType: block] [Testpattern: Dynamic PV (ext3)] volumes should allow exec of files on the volume" classname="Kubernetes e2e suite" time="0">
          <skipped></skipped>
      </testcase>
      <testcase name="[sig-apps] Deployment RecreateDeployment should delete old pods and create new ones [Conformance]" classname="Kubernetes e2e suite" time="2.46715171"></testcase>
      <testcase name="[sig-storage] In-tree Volumes [Driver: local][LocalVolumeType: block] [Testpattern: Dynamic PV (block volmode)] multiVolume [Slow] should concurrently access the single read-only volume from pods on the same node" classname="Kubernetes e2e suite" time="0">
          <skipped></skipped>
      </testcase>
      <testcase name="[sig-storage] CSI Volumes [Driver: csi-hostpath] [Testpattern: Pre-provisioned PV (default fs)] subPath should unmount if pod is gracefully deleted while kubelet is down [Disruptive][Slow][LinuxOnly]" classname="Kubernetes e2e suite" time="0">
          <skipped></skipped>
      </testcase>
      <testcase name="[sig-storage] In-tree Volumes [Driver: cinder] [Testpattern: Dynamic PV (block volmode)] multiVolume [Slow] should concurrently access the volume and its clone from pods on the same node [LinuxOnly][Feature:VolumeSnapshotDataSource][Feature:VolumeSourceXFS]" classname="Kubernetes e2e suite" time="0">
          <skipped></skipped>
      </testcase>
      <testcase name="[sig-storage] EmptyDir volumes should support (root,0644,default) [LinuxOnly] [NodeConformance] [Conformance]" classname="Kubernetes e2e suite" time="4.180767064"></testcase>
      <testcase name="[sig-storage] In-tree Volumes [Driver: local][LocalVolumeType: gce-localssd-scsi-fs] [Serial] [Testpattern: Inline-volume (default fs)] subPath should support creating multiple subpath from same volumes [Slow]" classname="Kubernetes e2e suite" time="0">
          <skipped></skipped>
      </testcase>
      <testcase name="[sig-storage] In-tree Volumes [Driver: local][LocalVolumeType: dir-link-bindmounted] [Testpattern: Dynamic PV (block volmode)] multiVolume [Slow] should concurrently access the volume and restored snapshot from pods on the same node [LinuxOnly][Feature:VolumeSnapshotDataSource][Feature:VolumeSourceXFS]" classname="Kubernetes e2e suite" time="0">
          <skipped></skipped>
      </testcase>
      <testcase name="[sig-storage] In-tree Volumes [Driver: local][LocalVolumeType: dir-bindmounted] [Testpattern: Pre-provisioned PV (filesystem volmode)] volumeMode should not mount / map unused volumes in a pod [LinuxOnly]" classname="Kubernetes e2e suite" time="0">
          <skipped></skipped>
      </testcase>
      <testcase name="[sig-storage] In-tree Volumes [Driver: local][LocalVolumeType: dir-link-bindmounted] [Testpattern: Inline-volume (default fs)] subPath should support file as subpath [LinuxOnly]" classname="Kubernetes e2e suite" time="0">
          <skipped></skipped>
      </testcase>
      <testcase name="[sig-storage] In-tree Volumes [Driver: local][LocalVolumeType: dir-bindmounted] [Testpattern: Pre-provisioned PV (filesystem volmode)] multiVolume [Slow] should access to two volumes with the same volume mode and retain data across pod recreation on different node" classname="Kubernetes e2e suite" time="0">
          <skipped></skipped>
      </testcase>
      <testcase name="[sig-storage] In-tree Volumes [Driver: gluster] [Testpattern: Dynamic PV (default fs)] subPath should support existing directories when readOnly specified in the volumeSource" classname="Kubernetes e2e suite" time="0">
          <skipped></skipped>
      </testcase>
      <testcase name="[sig-storage] In-tree Volumes [Driver: rbd][Feature:Volumes][Serial] [Testpattern: Dynamic PV (xfs)][Slow] volumes should store data" classname="Kubernetes e2e suite" time="0">
          <skipped></skipped>
      </testcase>
      <testcase name="[sig-storage] In-tree Volumes [Driver: rbd][Feature:Volumes][Serial] [Testpattern: Pre-provisioned PV (ext4)] volumes should store data" classname="Kubernetes e2e suite" time="0">
          <skipped></skipped>
      </testcase>
      <testcase name="[sig-storage] In-tree Volumes [Driver: local][LocalVolumeType: dir-link-bindmounted] [Testpattern: Dynamic PV (default fs)] subPath should unmount if pod is force deleted while kubelet is down [Disruptive][Slow][LinuxOnly]" classname="Kubernetes e2e suite" time="0">
          <skipped></skipped>
      </testcase>
      <testcase name="[sig-storage] CSI mock volume CSI workload information using mock driver should not be passed when podInfoOnMount=false" classname="Kubernetes e2e suite" time="0">
          <skipped></skipped>
      </testcase>
      <testcase name="[sig-storage] In-tree Volumes [Driver: local][LocalVolumeType: dir-link] [Testpattern: Dynamic PV (ntfs)][Feature:Windows] subPath should be able to unmount after the subpath directory is deleted [LinuxOnly]" classname="Kubernetes e2e suite" time="0">
          <skipped></skipped>
      </testcase>
      <testcase name="[sig-storage] Secrets Should fail non-optional pod creation due to the key in the secret object does not exist [Slow]" classname="Kubernetes e2e suite" time="0">
          <skipped></skipped>
      </testcase>
      <testcase name="[sig-storage] In-tree Volumes [Driver: local][LocalVolumeType: blockfs] [Testpattern: Dynamic PV (block volmode)(allowExpansion)] volume-expand should resize volume when PVC is edited while pod is using it" classname="Kubernetes e2e suite" time="0">
          <skipped></skipped>
      </testcase>
      <testcase name="[sig-storage] In-tree Volumes [Driver: gcepd] [Testpattern: Dynamic PV (block volmode)] disruptive[Disruptive][LinuxOnly] Should test that pv written before kubelet restart is readable after restart." classname="Kubernetes e2e suite" time="0">
          <skipped></skipped>
      </testcase>
      <testcase name="[sig-storage] In-tree Volumes [Driver: azure-disk] [Testpattern: Dynamic PV (xfs)][Slow] multiVolume [Slow] should concurrently access the volume and its clone from pods on the same node [LinuxOnly][Feature:VolumeSnapshotDataSource][Feature:VolumeSourceXFS]" classname="Kubernetes e2e suite" time="0">
          <skipped></skipped>
      </testcase>
      <testcase name="[sig-storage] In-tree Volumes [Driver: gcepd] [Testpattern: Dynamic PV (default fs)] subPath should verify container cannot write to subpath readonly volumes [Slow]" classname="Kubernetes e2e suite" time="0">
          <skipped></skipped>
      </testcase>
      <testcase name="[sig-network] Netpol NetworkPolicy between server and client should support a &#39;default-deny-ingress&#39; policy [Feature:NetworkPolicy]" classname="Kubernetes e2e suite" time="0">
          <skipped></skipped>
      </testcase>
      <testcase name="[sig-storage] In-tree Volumes [Driver: azure-disk] [Testpattern: Dynamic PV (xfs)][Slow] multiVolume [Slow] should concurrently access the single read-only volume from pods on the same node" classname="Kubernetes e2e suite" time="0">
          <skipped></skipped>
      </testcase>
      <testcase name="[sig-storage] In-tree Volumes [Driver: local][LocalVolumeType: gce-localssd-scsi-fs] [Serial] [Testpattern: Dynamic PV (delayed binding)] topology should provision a volume and schedule a pod with AllowedTopologies" classname="Kubernetes e2e suite" time="0">
          <skipped></skipped>
      </testcase>
      <testcase name="[sig-storage] In-tree Volumes [Driver: ceph][Feature:Volumes][Serial] [Testpattern: Dynamic PV (xfs)][Slow] volumes should store data" classname="Kubernetes e2e suite" time="0">
          <skipped></skipped>
      </testcase>
      <testcase name="[sig-storage] In-tree Volumes [Driver: local][LocalVolumeType: gce-localssd-scsi-fs] [Serial] [Testpattern: Dynamic PV (xfs)][Slow] multiVolume [Slow] should access to two volumes with different volume mode and retain data across pod recreation on the same node" classname="Kubernetes e2e suite" time="0">
          <skipped></skipped>
      </testcase>
      <testcase name="[sig-storage] In-tree Volumes [Driver: gluster] [Testpattern: Dynamic PV (block volmode)] multiVolume [Slow] should concurrently access the single read-only volume from pods on the same node" classname="Kubernetes e2e suite" time="0">
          <skipped></skipped>
      </testcase>
      <testcase name="[sig-storage] In-tree Volumes [Driver: nfs] [Testpattern: Dynamic PV (ntfs)][Feature:Windows] provisioning should provision storage with snapshot data source [Feature:VolumeSnapshotDataSource]" classname="Kubernetes e2e suite" time="0">
          <skipped></skipped>
      </testcase>
      <testcase name="[sig-network] NetworkPolicyLegacy [LinuxOnly] NetworkPolicy between server and client should enforce multiple, stacked policies with overlapping podSelectors [Feature:NetworkPolicy]" classname="Kubernetes e2e suite" time="0">
          <skipped></skipped>
      </testcase>
      <testcase name="[sig-storage] In-tree Volumes [Driver: local][LocalVolumeType: tmpfs] [Testpattern: Dynamic PV (block volmode)] volumeMode should fail to use a volume in a pod with mismatched mode [Slow]" classname="Kubernetes e2e suite" time="0">
          <skipped></skipped>
      </testcase>
      <testcase name="[sig-storage] In-tree Volumes [Driver: ceph][Feature:Volumes][Serial] [Testpattern: Inline-volume (default fs)] subPath should fail if subpath directory is outside the volume [Slow][LinuxOnly]" classname="Kubernetes e2e suite" time="0">
          <skipped></skipped>
      </testcase>
      <testcase name="[sig-storage] CSI mock volume CSI Volume expansion should expand volume by restarting pod if attach=on, nodeExpansion=on" classname="Kubernetes e2e suite" time="0">
          <skipped></skipped>
      </testcase>
      <testcase name="[sig-auth] ServiceAccounts should support InClusterConfig with token rotation [Slow]" classname="Kubernetes e2e suite" time="0">
          <skipped></skipped>
      </testcase>
      <testcase name="[sig-storage] In-tree Volumes [Driver: iscsi][Feature:Volumes] [Testpattern: Dynamic PV (block volmode)] disruptive[Disruptive][LinuxOnly] Should test that pv used in a pod that is deleted while the kubelet is down cleans up when the kubelet returns." classname="Kubernetes e2e suite" time="0">
          <skipped></skipped>
      </testcase>
      <testcase name="[sig-storage] In-tree Volumes [Driver: hostPath] [Testpattern: Dynamic PV (xfs)][Slow] multiVolume [Slow] should access to two volumes with different volume mode and retain data across pod recreation on different node" classname="Kubernetes e2e suite" time="0">
          <skipped></skipped>
      </testcase>
      <testcase name="[sig-storage] In-tree Volumes [Driver: local][LocalVolumeType: dir-bindmounted] [Testpattern: Dynamic PV (xfs)][Slow] multiVolume [Slow] should concurrently access the volume and its clone from pods on the same node [LinuxOnly][Feature:VolumeSnapshotDataSource][Feature:VolumeSourceXFS]" classname="Kubernetes e2e suite" time="0">
          <skipped></skipped>
      </testcase>
      <testcase name="[sig-storage] In-tree Volumes [Driver: local][LocalVolumeType: tmpfs] [Testpattern: Dynamic PV (ext4)] multiVolume [Slow] should access to two volumes with the same volume mode and retain data across pod recreation on the same node" classname="Kubernetes e2e suite" time="0">
          <skipped></skipped>
      </testcase>
      <testcase name="[sig-storage] In-tree Volumes [Driver: local][LocalVolumeType: dir-link-bindmounted] [Testpattern: Dynamic PV (xfs)][Slow] multiVolume [Slow] should concurrently access the volume and its clone from pods on the same node [LinuxOnly][Feature:VolumeSnapshotDataSource][Feature:VolumeSourceXFS]" classname="Kubernetes e2e suite" time="0">
          <skipped></skipped>
      </testcase>
      <testcase name="[sig-storage] In-tree Volumes [Driver: cinder] [Testpattern: Pre-provisioned PV (default fs)] subPath should verify container cannot write to subpath readonly volumes [Slow]" classname="Kubernetes e2e suite" time="0">
          <skipped></skipped>
      </testcase>
      <testcase name="[sig-storage] In-tree Volumes [Driver: ceph][Feature:Volumes][Serial] [Testpattern: Dynamic PV (ext4)] volumes should store data" classname="Kubernetes e2e suite" time="0">
          <skipped></skipped>
      </testcase>
      <testcase name="[sig-storage] In-tree Volumes [Driver: gcepd] [Testpattern: Pre-provisioned PV (filesystem volmode)] multiVolume [Slow] should concurrently access the single volume from pods on different node" classname="Kubernetes e2e suite" time="0">
          <skipped></skipped>
      </testcase>
      <testcase name="[sig-network] [Feature:IPv6DualStack] Granular Checks: Services Secondary IP Family [LinuxOnly] should function for node-Service: udp" classname="Kubernetes e2e suite" time="0">
          <skipped></skipped>
      </testcase>
      <testcase name="[sig-storage] In-tree Volumes [Driver: rbd][Feature:Volumes][Serial] [Testpattern: Dynamic PV (default fs)] provisioning should provision storage with pvc data source" classname="Kubernetes e2e suite" time="0">
          <skipped></skipped>
      </testcase>
      <testcase name="[sig-storage] In-tree Volumes [Driver: rbd][Feature:Volumes][Serial] [Testpattern: Dynamic PV (ntfs)][Feature:Windows] subPath should unmount if pod is gracefully deleted while kubelet is down [Disruptive][Slow][LinuxOnly]" classname="Kubernetes e2e suite" time="0">
          <skipped></skipped>
      </testcase>
      <testcase name="[sig-storage] [Serial] Volume metrics should create volume metrics with the correct FilesystemMode PVC ref" classname="Kubernetes e2e suite" time="0">
          <skipped></skipped>
      </testcase>
      <testcase name="[sig-storage] In-tree Volumes [Driver: emptydir] [Testpattern: Dynamic PV (ntfs)][Feature:Windows] subPath should support readOnly directory specified in the volumeMount" classname="Kubernetes e2e suite" time="0">
          <skipped></skipped>
      </testcase>
      <testcase name="[sig-storage] In-tree Volumes [Driver: local][LocalVolumeType: block] [Testpattern: Dynamic PV (filesystem volmode)] volumeLimits should verify that all csinodes have volume limits" classname="Kubernetes e2e suite" time="0">
          <skipped></skipped>
      </testcase>
      <testcase name="[sig-storage] In-tree Volumes [Driver: cinder] [Testpattern: Pre-provisioned PV (filesystem volmode)] multiVolume [Slow] should concurrently access the single volume from pods on different node" classname="Kubernetes e2e suite" time="0">
          <skipped></skipped>
      </testcase>
      <testcase name="[sig-storage] In-tree Volumes [Driver: vsphere] [Testpattern: Inline-volume (default fs)] subPath should fail if non-existent subpath is outside the volume [Slow][LinuxOnly]" classname="Kubernetes e2e suite" time="0">
          <skipped></skipped>
      </testcase>
      <testcase name="[sig-storage] In-tree Volumes [Driver: rbd][Feature:Volumes][Serial] [Testpattern: Dynamic PV (default fs)] subPath should support creating multiple subpath from same volumes [Slow]" classname="Kubernetes e2e suite" time="0">
          <skipped></skipped>
      </testcase>
      <testcase name="[sig-storage] In-tree Volumes [Driver: azure-disk] [Testpattern: Pre-provisioned PV (filesystem volmode)] multiVolume [Slow] should concurrently access the single volume from pods on the same node" classname="Kubernetes e2e suite" time="0">
          <skipped></skipped>
      </testcase>
      <testcase name="[sig-api-machinery] Garbage collector should support orphan deletion of custom resources" classname="Kubernetes e2e suite" time="0">
          <skipped></skipped>
      </testcase>
      <testcase name="[sig-storage] In-tree Volumes [Driver: cinder] [Testpattern: Dynamic PV (filesystem volmode)] multiVolume [Slow] should concurrently access the single read-only volume from pods on the same node" classname="Kubernetes e2e suite" time="0">
          <skipped></skipped>
      </testcase>
      <testcase name="[sig-storage] In-tree Volumes [Driver: emptydir] [Testpattern: Pre-provisioned PV (filesystem volmode)] multiVolume [Slow] should concurrently access the single volume from pods on the same node" classname="Kubernetes e2e suite" time="0">
          <skipped></skipped>
      </testcase>
      <testcase name="[sig-storage] In-tree Volumes [Driver: gluster] [Testpattern: Pre-provisioned PV (default fs)] subPath should fail if subpath with backstepping is outside the volume [Slow][LinuxOnly]" classname="Kubernetes e2e suite" time="0">
          <skipped></skipped>
      </testcase>
      <testcase name="[sig-storage] In-tree Volumes [Driver: local][LocalVolumeType: blockfs] [Testpattern: Dynamic PV (ext4)] volumes should allow exec of files on the volume" classname="Kubernetes e2e suite" time="0">
          <skipped></skipped>
      </testcase>
      <testcase name="[sig-storage] CSI Volumes [Driver: csi-hostpath] [Testpattern: Dynamic PV (ntfs)][Feature:Windows] subPath should fail if subpath with backstepping is outside the volume [Slow][LinuxOnly]" classname="Kubernetes e2e suite" time="0">
          <skipped></skipped>
      </testcase>
      <testcase name="[sig-storage] In-tree Volumes [Driver: local][LocalVolumeType: dir] [Testpattern: Inline-volume (ext3)] volumes should allow exec of files on the volume" classname="Kubernetes e2e suite" time="0">
          <skipped></skipped>
      </testcase>
      <testcase name="[sig-storage] In-tree Volumes [Driver: azure-disk] [Testpattern: Dynamic PV (xfs)][Slow] multiVolume [Slow] should concurrently access the single volume from pods on different node" classname="Kubernetes e2e suite" time="0">
          <skipped></skipped>
      </testcase>
      <testcase name="[sig-storage] In-tree Volumes [Driver: ceph][Feature:Volumes][Serial] [Testpattern: Dynamic PV (ext4)] multiVolume [Slow] should access to two volumes with the same volume mode and retain data across pod recreation on different node" classname="Kubernetes e2e suite" time="0">
          <skipped></skipped>
      </testcase>
      <testcase name="[sig-storage] In-tree Volumes [Driver: local][LocalVolumeType: dir] [Testpattern: Inline-volume (default fs)] volumes should store data" classname="Kubernetes e2e suite" time="0">
          <skipped></skipped>
      </testcase>
      <testcase name="[sig-storage] In-tree Volumes [Driver: local][LocalVolumeType: blockfs] [Testpattern: Dynamic PV (block volmode)] provisioning should provision storage with pvc data source in parallel [Slow]" classname="Kubernetes e2e suite" time="0">
          <skipped></skipped>
      </testcase>
      <testcase name="[sig-storage] In-tree Volumes [Driver: gcepd] [Testpattern: Pre-provisioned PV (block volmode)] multiVolume [Slow] should concurrently access the single volume from pods on different node" classname="Kubernetes e2e suite" time="0">
          <skipped></skipped>
      </testcase>
      <testcase name="[sig-storage] In-tree Volumes [Driver: vsphere] [Testpattern: Dynamic PV (ext3)] volumes should store data" classname="Kubernetes e2e suite" time="0">
          <skipped></skipped>
      </testcase>
      <testcase name="[sig-cli] Kubectl client Kubectl copy should copy a file from a running Pod" classname="Kubernetes e2e suite" time="0">
          <skipped></skipped>
      </testcase>
      <testcase name="[sig-storage] In-tree Volumes [Driver: vsphere] [Testpattern: Pre-provisioned PV (filesystem volmode)] multiVolume [Slow] should concurrently access the volume and restored snapshot from pods on the same node [LinuxOnly][Feature:VolumeSnapshotDataSource][Feature:VolumeSourceXFS]" classname="Kubernetes e2e suite" time="0">
          <skipped></skipped>
      </testcase>
      <testcase name="[sig-storage] In-tree Volumes [Driver: hostPath] [Testpattern: Dynamic PV (immediate binding)] topology should fail to schedule a pod which has topologies that conflict with AllowedTopologies" classname="Kubernetes e2e suite" time="0">
          <skipped></skipped>
      </testcase>
      <testcase name="[sig-storage] In-tree Volumes [Driver: gcepd] [Testpattern: Pre-provisioned PV (default fs)] subPath should fail if non-existent subpath is outside the volume [Slow][LinuxOnly]" classname="Kubernetes e2e suite" time="0">
          <skipped></skipped>
      </testcase>
      <testcase name="[sig-storage] In-tree Volumes [Driver: local][LocalVolumeType: blockfs] [Testpattern: Dynamic PV (ext4)] multiVolume [Slow] should concurrently access the single volume from pods on different node" classname="Kubernetes e2e suite" time="0">
          <skipped></skipped>
      </testcase>
      <testcase name="[sig-storage] PersistentVolumes-local  [Volume type: tmpfs] Set fsGroup for local volume should set different fsGroup for second pod if first pod is deleted" classname="Kubernetes e2e suite" time="0">
          <skipped></skipped>
      </testcase>
      <testcase name="[sig-storage] In-tree Volumes [Driver: local][LocalVolumeType: dir-link-bindmounted] [Testpattern: Dynamic PV (block volmode)] multiVolume [Slow] should concurrently access the volume and its clone from pods on the same node [LinuxOnly][Feature:VolumeSnapshotDataSource][Feature:VolumeSourceXFS]" classname="Kubernetes e2e suite" time="0">
          <skipped></skipped>
      </testcase>
      <testcase name="[sig-storage] In-tree Volumes [Driver: rbd][Feature:Volumes][Serial] [Testpattern: Pre-provisioned PV (xfs)][Slow] volumes should allow exec of files on the volume" classname="Kubernetes e2e suite" time="0">
          <skipped></skipped>
      </testcase>
      <testcase name="[sig-storage] In-tree Volumes [Driver: hostPath] [Testpattern: Dynamic PV (ntfs)(allowExpansion)][Feature:Windows] volume-expand should resize volume when PVC is edited while pod is using it" classname="Kubernetes e2e suite" time="0">
          <skipped></skipped>
      </testcase>
      <testcase name="[sig-storage] In-tree Volumes [Driver: local][LocalVolumeType: block] [Testpattern: Pre-provisioned PV (block volmode)] volumes should store data" classname="Kubernetes e2e suite" time="0">
          <skipped></skipped>
      </testcase>
      <testcase name="[sig-storage] In-tree Volumes [Driver: local][LocalVolumeType: tmpfs] [Testpattern: Dynamic PV (default fs)] subPath should fail if subpath file is outside the volume [Slow][LinuxOnly]" classname="Kubernetes e2e suite" time="0">
          <skipped></skipped>
      </testcase>
      <testcase name="[sig-storage] CSI mock volume CSI workload information using mock driver should not be passed when CSIDriver does not exist" classname="Kubernetes e2e suite" time="0">
          <skipped></skipped>
      </testcase>
      <testcase name="[sig-storage] In-tree Volumes [Driver: hostPathSymlink] [Testpattern: Pre-provisioned PV (filesystem volmode)] multiVolume [Slow] should access to two volumes with different volume mode and retain data across pod recreation on different node" classname="Kubernetes e2e suite" time="0">
          <skipped></skipped>
      </testcase>
      <testcase name="[sig-storage] In-tree Volumes [Driver: local][LocalVolumeType: dir-link] [Testpattern: Inline-volume (default fs)] subPath should fail if subpath directory is outside the volume [Slow][LinuxOnly]" classname="Kubernetes e2e suite" time="0">
          <skipped></skipped>
      </testcase>
      <testcase name="[sig-storage] In-tree Volumes [Driver: hostPathSymlink] [Testpattern: Inline-volume (default fs)] subPath should support restarting containers using file as subpath [Slow][LinuxOnly]" classname="Kubernetes e2e suite" time="0">
          <skipped></skipped>
      </testcase>
      <testcase name="[sig-storage] In-tree Volumes [Driver: hostPath] [Testpattern: Dynamic PV (filesystem volmode)] multiVolume [Slow] should access to two volumes with the same volume mode and retain data across pod recreation on the same node" classname="Kubernetes e2e suite" time="0">
          <skipped></skipped>
      </testcase>
      <testcase name="[sig-storage] In-tree Volumes [Driver: local][LocalVolumeType: dir-link] [Testpattern: Pre-provisioned PV (block volmode)] multiVolume [Slow] should access to two volumes with the same volume mode and retain data across pod recreation on different node" classname="Kubernetes e2e suite" time="0">
          <skipped></skipped>
      </testcase>
      <testcase name="[sig-storage] In-tree Volumes [Driver: local][LocalVolumeType: blockfs] [Testpattern: Pre-provisioned PV (filesystem volmode)] multiVolume [Slow] should concurrently access the volume and its clone from pods on the same node [LinuxOnly][Feature:VolumeSnapshotDataSource][Feature:VolumeSourceXFS]" classname="Kubernetes e2e suite" time="0">
          <skipped></skipped>
      </testcase>
      <testcase name="[sig-storage] In-tree Volumes [Driver: local][LocalVolumeType: blockfs] [Testpattern: Inline-volume (default fs)] volumes should allow exec of files on the volume" classname="Kubernetes e2e suite" time="0">
          <skipped></skipped>
      </testcase>
      <testcase name="[sig-storage] In-tree Volumes [Driver: gluster] [Testpattern: Dynamic PV (default fs)] fsgroupchangepolicy (Always)[LinuxOnly], pod created with an initial fsgroup, new pod fsgroup applied to volume contents" classname="Kubernetes e2e suite" time="0">
          <skipped></skipped>
      </testcase>
      <testcase name="[sig-storage] Projected configMap should be consumable from pods in volume with mappings as non-root with FSGroup [LinuxOnly] [NodeFeature:FSGroup]" classname="Kubernetes e2e suite" time="0">
          <skipped></skipped>
      </testcase>
      <testcase name="[sig-storage] In-tree Volumes [Driver: local][LocalVolumeType: tmpfs] [Testpattern: Dynamic PV (ntfs)][Feature:Windows] provisioning should provision storage with pvc data source in parallel [Slow]" classname="Kubernetes e2e suite" time="0">
          <skipped></skipped>
      </testcase>
      <testcase name="[sig-storage] In-tree Volumes [Driver: cinder] [Testpattern: Pre-provisioned PV (default fs)] subPath should be able to unmount after the subpath directory is deleted [LinuxOnly]" classname="Kubernetes e2e suite" time="0">
          <skipped></skipped>
      </testcase>
      <testcase name="[sig-storage] In-tree Volumes [Driver: aws] [Testpattern: Dynamic PV (ntfs)][Feature:Windows] volume-expand should not allow expansion of pvcs without AllowVolumeExpansion property" classname="Kubernetes e2e suite" time="0">
          <skipped></skipped>
      </testcase>
      <testcase name="[sig-storage] In-tree Volumes [Driver: hostPathSymlink] [Testpattern: Dynamic PV (filesystem volmode)] multiVolume [Slow] should access to two volumes with the same volume mode and retain data across pod recreation on the same node" classname="Kubernetes e2e suite" time="0">
          <skipped></skipped>
      </testcase>
      <testcase name="[sig-storage] CSI Volumes [Driver: csi-hostpath] [Testpattern: Dynamic PV (default fs)] subPath should fail if subpath with backstepping is outside the volume [Slow][LinuxOnly]" classname="Kubernetes e2e suite" time="0">
          <skipped></skipped>
      </testcase>
      <testcase name="[sig-storage] In-tree Volumes [Driver: iscsi][Feature:Volumes] [Testpattern: Dynamic PV (ntfs)][Feature:Windows] subPath should fail if non-existent subpath is outside the volume [Slow][LinuxOnly]" classname="Kubernetes e2e suite" time="0">
          <skipped></skipped>
      </testcase>
      <testcase name="[sig-storage] In-tree Volumes [Driver: local][LocalVolumeType: dir-link] [Testpattern: Dynamic PV (block volmode)] provisioning should provision storage with mount options" classname="Kubernetes e2e suite" time="0">
          <skipped></skipped>
      </testcase>
      <testcase name="[sig-storage] HostPathType Character Device [Slow] Should fail on mounting non-existent character device &#39;does-not-exist-char-dev&#39; when HostPathType is HostPathCharDev" classname="Kubernetes e2e suite" time="0">
          <skipped></skipped>
      </testcase>
      <testcase name="[sig-storage] In-tree Volumes [Driver: iscsi][Feature:Volumes] [Testpattern: Pre-provisioned PV (block volmode)] volumeMode should fail to use a volume in a pod with mismatched mode [Slow]" classname="Kubernetes e2e suite" time="0">
          <skipped></skipped>
      </testcase>
      <testcase name="[sig-api-machinery] ResourceQuota should verify ResourceQuota with terminating scopes. [Conformance]" classname="Kubernetes e2e suite" time="16.244502766"></testcase>
      <testcase name="[sig-storage] In-tree Volumes [Driver: nfs] [Testpattern: Pre-provisioned PV (default fs)] subPath should support restarting containers using file as subpath [Slow][LinuxOnly]" classname="Kubernetes e2e suite" time="0">
          <skipped></skipped>
      </testcase>
      <testcase name="[sig-storage] CSI Volumes [Driver: csi-hostpath] [Testpattern: Pre-provisioned PV (default fs)] subPath should support restarting containers using directory as subpath [Slow]" classname="Kubernetes e2e suite" time="0">
          <skipped></skipped>
      </testcase>
      <testcase name="[sig-storage] In-tree Volumes [Driver: local][LocalVolumeType: dir-link] [Testpattern: Inline-volume (default fs)] subPath should support existing single file [LinuxOnly]" classname="Kubernetes e2e suite" time="0">
          <skipped></skipped>
      </testcase>
      <testcase name="[sig-storage] CSI Volumes [Driver: pd.csi.storage.gke.io][Serial] [Testpattern: Dynamic PV (xfs)][Slow] multiVolume [Slow] should access to two volumes with different volume mode and retain data across pod recreation on the same node" classname="Kubernetes e2e suite" time="0">
          <skipped></skipped>
      </testcase>
      <testcase name="[sig-storage] In-tree Volumes [Driver: ceph][Feature:Volumes][Serial] [Testpattern: Dynamic PV (ext3)] volumes should allow exec of files on the volume" classname="Kubernetes e2e suite" time="0">
          <skipped></skipped>
      </testcase>
      <testcase name="[sig-network] NetworkPolicyLegacy [LinuxOnly] NetworkPolicy between server and client should not allow access by TCP when a policy specifies only SCTP [Feature:NetworkPolicy]" classname="Kubernetes e2e suite" time="0">
          <skipped></skipped>
      </testcase>
      <testcase name="[sig-network] Netpol [Feature:SCTPConnectivity][LinuxOnly][Disruptive] NetworkPolicy between server and client using SCTP should enforce policy to allow traffic only from a pod in a different namespace based on PodSelector and NamespaceSelector [Feature:NetworkPolicy]" classname="Kubernetes e2e suite" time="0">
          <skipped></skipped>
      </testcase>
      <testcase name="[sig-storage] In-tree Volumes [Driver: windows-gcepd] [Testpattern: Dynamic PV (xfs)][Slow] multiVolume [Slow] should concurrently access the volume and its clone from pods on the same node [LinuxOnly][Feature:VolumeSnapshotDataSource][Feature:VolumeSourceXFS]" classname="Kubernetes e2e suite" time="0">
          <skipped></skipped>
      </testcase>
      <testcase name="[sig-storage] In-tree Volumes [Driver: ceph][Feature:Volumes][Serial] [Testpattern: Dynamic PV (ntfs)(allowExpansion)][Feature:Windows] volume-expand should resize volume when PVC is edited while pod is using it" classname="Kubernetes e2e suite" time="0">
          <skipped></skipped>
      </testcase>
      <testcase name="[sig-storage] In-tree Volumes [Driver: local][LocalVolumeType: dir-link-bindmounted] [Testpattern: Dynamic PV (block volmode)] volumeMode should fail in binding dynamic provisioned PV to PVC [Slow][LinuxOnly]" classname="Kubernetes e2e suite" time="0">
          <skipped></skipped>
      </testcase>
      <testcase name="[sig-storage] In-tree Volumes [Driver: local][LocalVolumeType: dir-link-bindmounted] [Testpattern: Dynamic PV (ntfs)][Feature:Windows] provisioning should provision storage with snapshot data source [Feature:VolumeSnapshotDataSource]" classname="Kubernetes e2e suite" time="0">
          <skipped></skipped>
      </testcase>
      <testcase name="[sig-storage] In-tree Volumes [Driver: iscsi][Feature:Volumes] [Testpattern: Pre-provisioned PV (default fs)] subPath should support restarting containers using file as subpath [Slow][LinuxOnly]" classname="Kubernetes e2e suite" time="0">
          <skipped></skipped>
      </testcase>
      <testcase name="[sig-storage] CSI Volumes [Driver: pd.csi.storage.gke.io][Serial] [Testpattern: Dynamic PV (ntfs)][Feature:Windows] volumes should store data" classname="Kubernetes e2e suite" time="0">
          <skipped></skipped>
      </testcase>
      <testcase name="[sig-storage] CSI Volumes [Driver: pd.csi.storage.gke.io][Serial] [Testpattern: Generic Ephemeral-volume (default fs) (late-binding)] ephemeral should support multiple inline ephemeral volumes" classname="Kubernetes e2e suite" time="0">
          <skipped></skipped>
      </testcase>
      <testcase name="[sig-storage] In-tree Volumes [Driver: iscsi][Feature:Volumes] [Testpattern: Pre-provisioned PV (filesystem volmode)] volumeMode should fail to use a volume in a pod with mismatched mode [Slow]" classname="Kubernetes e2e suite" time="0">
          <skipped></skipped>
      </testcase>
      <testcase name="[sig-storage] CSI Volumes [Driver: pd.csi.storage.gke.io][Serial] [Testpattern: Dynamic PV (default fs)] provisioning should provision storage with pvc data source in parallel [Slow]" classname="Kubernetes e2e suite" time="0">
          <skipped></skipped>
      </testcase>
      <testcase name="[sig-cli] Kubectl client Kubectl taint [Serial] should update the taint on a node" classname="Kubernetes e2e suite" time="0">
          <skipped></skipped>
      </testcase>
      <testcase name="[sig-storage] In-tree Volumes [Driver: local][LocalVolumeType: dir] [Testpattern: Dynamic PV (default fs)] subPath should unmount if pod is force deleted while kubelet is down [Disruptive][Slow][LinuxOnly]" classname="Kubernetes e2e suite" time="0">
          <skipped></skipped>
      </testcase>
      <testcase name="[sig-storage] In-tree Volumes [Driver: local][LocalVolumeType: blockfs] [Testpattern: Dynamic PV (block volmode)] disruptive[Disruptive][LinuxOnly] Should test that pv used in a pod that is force deleted while the kubelet is down cleans up when the kubelet returns." classname="Kubernetes e2e suite" time="0">
          <skipped></skipped>
      </testcase>
      <testcase name="[sig-storage] In-tree Volumes [Driver: vsphere] [Testpattern: Dynamic PV (ntfs)(allowExpansion)][Feature:Windows] volume-expand Verify if offline PVC expansion works" classname="Kubernetes e2e suite" time="0">
          <skipped></skipped>
      </testcase>
      <testcase name="[sig-storage] In-tree Volumes [Driver: hostPath] [Testpattern: Inline-volume (default fs)] subPath should support readOnly directory specified in the volumeMount" classname="Kubernetes e2e suite" time="0">
          <skipped></skipped>
      </testcase>
      <testcase name="[sig-storage] CSI Volumes [Driver: csi-hostpath] [Testpattern: Dynamic PV (default fs)] fsgroupchangepolicy (OnRootMismatch)[LinuxOnly], pod created with an initial fsgroup, new pod fsgroup applied to volume contents" classname="Kubernetes e2e suite" time="0">
          <skipped></skipped>
      </testcase>
      <testcase name="[sig-storage] In-tree Volumes [Driver: local][LocalVolumeType: gce-localssd-scsi-fs] [Serial] [Testpattern: Dynamic PV (default fs)] subPath should be able to unmount after the subpath directory is deleted [LinuxOnly]" classname="Kubernetes e2e suite" time="0">
          <skipped></skipped>
      </testcase>
      <testcase name="[sig-storage] In-tree Volumes [Driver: gcepd] [Testpattern: Inline-volume (default fs)] subPath should support existing directories when readOnly specified in the volumeSource" classname="Kubernetes e2e suite" time="0">
          <skipped></skipped>
      </testcase>
      <testcase name="[sig-storage] In-tree Volumes [Driver: hostPathSymlink] [Testpattern: Dynamic PV (block volmode)] volume-stress multiple pods should access different volumes repeatedly [Slow] [Serial]" classname="Kubernetes e2e suite" time="0">
          <skipped></skipped>
      </testcase>
      <testcase name="[sig-storage] In-tree Volumes [Driver: local][LocalVolumeType: dir] [Testpattern: Pre-provisioned PV (default fs)] subPath should verify container cannot write to subpath readonly volumes [Slow]" classname="Kubernetes e2e suite" time="0">
          <skipped></skipped>
      </testcase>
      <testcase name="[sig-storage] In-tree Volumes [Driver: gcepd] [Testpattern: Pre-provisioned PV (block volmode)] multiVolume [Slow] should concurrently access the single volume from pods on the same node" classname="Kubernetes e2e suite" time="0">
          <skipped></skipped>
      </testcase>
      <testcase name="[sig-storage] In-tree Volumes [Driver: ceph][Feature:Volumes][Serial] [Testpattern: Dynamic PV (ntfs)][Feature:Windows] subPath should support readOnly file specified in the volumeMount [LinuxOnly]" classname="Kubernetes e2e suite" time="0">
          <skipped></skipped>
      </testcase>
      <testcase name="[sig-storage] In-tree Volumes [Driver: ceph][Feature:Volumes][Serial] [Testpattern: Dynamic PV (xfs)][Slow] multiVolume [Slow] should concurrently access the single read-only volume from pods on the same node" classname="Kubernetes e2e suite" time="0">
          <skipped></skipped>
      </testcase>
      <testcase name="[sig-storage] In-tree Volumes [Driver: ceph][Feature:Volumes][Serial] [Testpattern: Dynamic PV (block volmode)] provisioning should provision storage with mount options" classname="Kubernetes e2e suite" time="0">
          <skipped></skipped>
      </testcase>
      <testcase name="[sig-api-machinery] AdmissionWebhook [Privileged:ClusterAdmin] should not be able to mutate or prevent deletion of webhook configuration objects [Conformance]" classname="Kubernetes e2e suite" time="4.085245986"></testcase>
      <testcase name="[sig-storage] In-tree Volumes [Driver: ceph][Feature:Volumes][Serial] [Testpattern: Dynamic PV (xfs)][Slow] multiVolume [Slow] should concurrently access the single volume from pods on the same node" classname="Kubernetes e2e suite" time="0">
          <skipped></skipped>
      </testcase>
      <testcase name="[sig-storage] In-tree Volumes [Driver: emptydir] [Testpattern: Dynamic PV (ext4)] multiVolume [Slow] should concurrently access the volume and restored snapshot from pods on the same node [LinuxOnly][Feature:VolumeSnapshotDataSource][Feature:VolumeSourceXFS]" classname="Kubernetes e2e suite" time="0">
          <skipped></skipped>
      </testcase>
      <testcase name="[sig-storage] In-tree Volumes [Driver: local][LocalVolumeType: dir] [Testpattern: Pre-provisioned PV (default fs)] subPath should unmount if pod is force deleted while kubelet is down [Disruptive][Slow][LinuxOnly]" classname="Kubernetes e2e suite" time="0">
          <skipped></skipped>
      </testcase>
      <testcase name="[sig-storage] In-tree Volumes [Driver: gluster] [Testpattern: Dynamic PV (block volmode)] volumeMode should fail to use a volume in a pod with mismatched mode [Slow]" classname="Kubernetes e2e suite" time="0">
          <skipped></skipped>
      </testcase>
      <testcase name="[sig-storage] In-tree Volumes [Driver: iscsi][Feature:Volumes] [Testpattern: Dynamic PV (filesystem volmode)] volumeMode should not mount / map unused volumes in a pod [LinuxOnly]" classname="Kubernetes e2e suite" time="0">
          <skipped></skipped>
      </testcase>
      <testcase name="[sig-storage] In-tree Volumes [Driver: iscsi][Feature:Volumes] [Testpattern: Pre-provisioned PV (block volmode)] multiVolume [Slow] should concurrently access the single read-only volume from pods on the same node" classname="Kubernetes e2e suite" time="0">
          <skipped></skipped>
      </testcase>
      <testcase name="[sig-storage] In-tree Volumes [Driver: rbd][Feature:Volumes][Serial] [Testpattern: Dynamic PV (block volmode)] volumeMode should not mount / map unused volumes in a pod [LinuxOnly]" classname="Kubernetes e2e suite" time="0">
          <skipped></skipped>
      </testcase>
      <testcase name="[sig-storage] In-tree Volumes [Driver: local][LocalVolumeType: gce-localssd-scsi-fs] [Serial] [Testpattern: Inline-volume (default fs)] subPath should unmount if pod is force deleted while kubelet is down [Disruptive][Slow][LinuxOnly]" classname="Kubernetes e2e suite" time="0">
          <skipped></skipped>
      </testcase>
      <testcase name="[sig-storage] PersistentVolumes-local  [Volume type: block] Set fsGroup for local volume should set different fsGroup for second pod if first pod is deleted" classname="Kubernetes e2e suite" time="0">
          <skipped></skipped>
      </testcase>
      <testcase name="[sig-storage] In-tree Volumes [Driver: windows-gcepd] [Testpattern: Pre-provisioned PV (default fs)] subPath should fail if subpath with backstepping is outside the volume [Slow][LinuxOnly]" classname="Kubernetes e2e suite" time="0">
          <skipped></skipped>
      </testcase>
      <testcase name="[sig-storage] In-tree Volumes [Driver: local][LocalVolumeType: tmpfs] [Testpattern: Dynamic PV (filesystem volmode)] volumeMode should not mount / map unused volumes in a pod [LinuxOnly]" classname="Kubernetes e2e suite" time="0">
          <skipped></skipped>
      </testcase>
      <testcase name="[sig-storage] In-tree Volumes [Driver: local][LocalVolumeType: tmpfs] [Testpattern: Dynamic PV (default fs)] subPath should support readOnly directory specified in the volumeMount" classname="Kubernetes e2e suite" time="0">
          <skipped></skipped>
      </testcase>
      <testcase name="[sig-storage] PersistentVolumes-local  [Volume type: blockfswithformat] Two pods mounting a local volume at the same time should be able to write from pod1 and read from pod2" classname="Kubernetes e2e suite" time="0">
          <skipped></skipped>
      </testcase>
      <testcase name="[sig-storage] In-tree Volumes [Driver: nfs] [Testpattern: Pre-provisioned PV (default fs)] volumes should store data" classname="Kubernetes e2e suite" time="0">
          <skipped></skipped>
      </testcase>
      <testcase name="[sig-storage] In-tree Volumes [Driver: ceph][Feature:Volumes][Serial] [Testpattern: Pre-provisioned PV (default fs)] subPath should support file as subpath [LinuxOnly]" classname="Kubernetes e2e suite" time="0">
          <skipped></skipped>
      </testcase>
      <testcase name="[sig-storage] In-tree Volumes [Driver: rbd][Feature:Volumes][Serial] [Testpattern: Dynamic PV (default fs)] provisioning should provision storage with snapshot data source [Feature:VolumeSnapshotDataSource]" classname="Kubernetes e2e suite" time="0">
          <skipped></skipped>
      </testcase>
      <testcase name="[sig-storage] In-tree Volumes [Driver: local][LocalVolumeType: gce-localssd-scsi-fs] [Serial] [Testpattern: Dynamic PV (ntfs)][Feature:Windows] subPath should support restarting containers using directory as subpath [Slow]" classname="Kubernetes e2e suite" time="0">
          <skipped></skipped>
      </testcase>
      <testcase name="[sig-storage] In-tree Volumes [Driver: hostPath] [Testpattern: Dynamic PV (default fs)] subPath should be able to unmount after the subpath directory is deleted [LinuxOnly]" classname="Kubernetes e2e suite" time="0">
          <skipped></skipped>
      </testcase>
      <testcase name="[sig-storage] In-tree Volumes [Driver: local][LocalVolumeType: block] [Testpattern: Dynamic PV (ntfs)][Feature:Windows] subPath should support creating multiple subpath from same volumes [Slow]" classname="Kubernetes e2e suite" time="0">
          <skipped></skipped>
      </testcase>
      <testcase name="[sig-storage] In-tree Volumes [Driver: cinder] [Testpattern: Dynamic PV (default fs)] subPath should fail if non-existent subpath is outside the volume [Slow][LinuxOnly]" classname="Kubernetes e2e suite" time="0">
          <skipped></skipped>
      </testcase>
      <testcase name="[sig-node] Security Context When creating a pod with privileged should run the container as unprivileged when false [LinuxOnly] [NodeConformance] [Conformance]" classname="Kubernetes e2e suite" time="4.234935833"></testcase>
      <testcase name="[sig-storage] In-tree Volumes [Driver: local][LocalVolumeType: dir-link-bindmounted] [Testpattern: Pre-provisioned PV (default fs)] subPath should support creating multiple subpath from same volumes [Slow]" classname="Kubernetes e2e suite" time="0">
          <skipped></skipped>
      </testcase>
      <testcase name="[sig-storage] In-tree Volumes [Driver: cinder] [Testpattern: Inline-volume (ntfs)][Feature:Windows] volumes should store data" classname="Kubernetes e2e suite" time="0">
          <skipped></skipped>
      </testcase>
      <testcase name="[sig-storage] In-tree Volumes [Driver: rbd][Feature:Volumes][Serial] [Testpattern: Inline-volume (default fs)] subPath should support creating multiple subpath from same volumes [Slow]" classname="Kubernetes e2e suite" time="0">
          <skipped></skipped>
      </testcase>
      <testcase name="[sig-storage] In-tree Volumes [Driver: vsphere] [Testpattern: Dynamic PV (block volmode)] provisioning should provision storage with pvc data source in parallel [Slow]" classname="Kubernetes e2e suite" time="0">
          <skipped></skipped>
      </testcase>
      <testcase name="[sig-storage] In-tree Volumes [Driver: gcepd] [Testpattern: Dynamic PV (default fs)] volume-expand should not allow expansion of pvcs without AllowVolumeExpansion property" classname="Kubernetes e2e suite" time="0">
          <skipped></skipped>
      </testcase>
      <testcase name="[sig-storage] In-tree Volumes [Driver: local][LocalVolumeType: dir-bindmounted] [Testpattern: Pre-provisioned PV (default fs)] subPath should support restarting containers using directory as subpath [Slow]" classname="Kubernetes e2e suite" time="0">
          <skipped></skipped>
      </testcase>
      <testcase name="[sig-storage] In-tree Volumes [Driver: local][LocalVolumeType: gce-localssd-scsi-fs] [Serial] [Testpattern: Dynamic PV (block volmode)] volumeMode should fail to use a volume in a pod with mismatched mode [Slow]" classname="Kubernetes e2e suite" time="0">
          <skipped></skipped>
      </testcase>
      <testcase name="[sig-storage] In-tree Volumes [Driver: hostPath] [Testpattern: Dynamic PV (ntfs)][Feature:Windows] provisioning should provision storage with pvc data source" classname="Kubernetes e2e suite" time="0">
          <skipped></skipped>
      </testcase>
      <testcase name="[sig-storage] In-tree Volumes [Driver: vsphere] [Testpattern: Dynamic PV (default fs)] subPath should support creating multiple subpath from same volumes [Slow]" classname="Kubernetes e2e suite" time="0">
          <skipped></skipped>
      </testcase>
      <testcase name="[sig-storage] In-tree Volumes [Driver: hostPath] [Testpattern: Dynamic PV (ext3)] volumes should allow exec of files on the volume" classname="Kubernetes e2e suite" time="0">
          <skipped></skipped>
      </testcase>
      <testcase name="[sig-auth] ServiceAccounts should allow opting out of API token automount  [Conformance]" classname="Kubernetes e2e suite" time="0.908125257"></testcase>
      <testcase name="[sig-storage] In-tree Volumes [Driver: nfs] [Testpattern: Dynamic PV (ext4)] multiVolume [Slow] should concurrently access the single volume from pods on different node" classname="Kubernetes e2e suite" time="0">
          <skipped></skipped>
      </testcase>
      <testcase name="[sig-storage] In-tree Volumes [Driver: rbd][Feature:Volumes][Serial] [Testpattern: Dynamic PV (xfs)][Slow] multiVolume [Slow] should concurrently access the volume and restored snapshot from pods on the same node [LinuxOnly][Feature:VolumeSnapshotDataSource][Feature:VolumeSourceXFS]" classname="Kubernetes e2e suite" time="0">
          <skipped></skipped>
      </testcase>
      <testcase name="[sig-storage] In-tree Volumes [Driver: local][LocalVolumeType: dir-bindmounted] [Testpattern: Dynamic PV (default fs)] subPath should fail if non-existent subpath is outside the volume [Slow][LinuxOnly]" classname="Kubernetes e2e suite" time="0">
          <skipped></skipped>
      </testcase>
      <testcase name="[sig-storage] In-tree Volumes [Driver: aws] [Testpattern: Dynamic PV (block volmode)] disruptive[Disruptive][LinuxOnly] Should test that pv used in a pod that is force deleted while the kubelet is down cleans up when the kubelet returns." classname="Kubernetes e2e suite" time="0">
          <skipped></skipped>
      </testcase>
      <testcase name="[sig-storage] In-tree Volumes [Driver: vsphere] [Testpattern: Dynamic PV (xfs)][Slow] multiVolume [Slow] should concurrently access the volume and restored snapshot from pods on the same node [LinuxOnly][Feature:VolumeSnapshotDataSource][Feature:VolumeSourceXFS]" classname="Kubernetes e2e suite" time="0">
          <skipped></skipped>
      </testcase>
      <testcase name="[sig-storage] In-tree Volumes [Driver: windows-gcepd] [Testpattern: Dynamic PV (filesystem volmode)] multiVolume [Slow] should concurrently access the volume and restored snapshot from pods on the same node [LinuxOnly][Feature:VolumeSnapshotDataSource][Feature:VolumeSourceXFS]" classname="Kubernetes e2e suite" time="0">
          <skipped></skipped>
      </testcase>
      <testcase name="[sig-storage] In-tree Volumes [Driver: ceph][Feature:Volumes][Serial] [Testpattern: Dynamic PV (block volmode)] multiVolume [Slow] should access to two volumes with the same volume mode and retain data across pod recreation on the same node" classname="Kubernetes e2e suite" time="0">
          <skipped></skipped>
      </testcase>
      <testcase name="[sig-storage] CSI Volumes [Driver: pd.csi.storage.gke.io][Serial] [Testpattern: Pre-provisioned PV (filesystem volmode)] multiVolume [Slow] should concurrently access the volume and its clone from pods on the same node [LinuxOnly][Feature:VolumeSnapshotDataSource][Feature:VolumeSourceXFS]" classname="Kubernetes e2e suite" time="0">
          <skipped></skipped>
      </testcase>
      <testcase name="[sig-storage] In-tree Volumes [Driver: local][LocalVolumeType: dir-link] [Testpattern: Dynamic PV (block volmode)] provisioning should provision storage with pvc data source" classname="Kubernetes e2e suite" time="0">
          <skipped></skipped>
      </testcase>
      <testcase name="[sig-storage] In-tree Volumes [Driver: gluster] [Testpattern: Dynamic PV (default fs)] fsgroupchangepolicy (OnRootMismatch)[LinuxOnly], pod created with an initial fsgroup, volume contents ownership changed in first pod, new pod with different fsgroup applied to the volume contents" classname="Kubernetes e2e suite" time="0">
          <skipped></skipped>
      </testcase>
      <testcase name="[sig-storage] In-tree Volumes [Driver: gcepd] [Testpattern: Dynamic PV (block volmode)] multiVolume [Slow] should concurrently access the volume and restored snapshot from pods on the same node [LinuxOnly][Feature:VolumeSnapshotDataSource][Feature:VolumeSourceXFS]" classname="Kubernetes e2e suite" time="0">
          <skipped></skipped>
      </testcase>
      <testcase name="[sig-storage] In-tree Volumes [Driver: local][LocalVolumeType: dir] [Testpattern: Dynamic PV (block volmode)(allowExpansion)] volume-expand Verify if offline PVC expansion works" classname="Kubernetes e2e suite" time="0">
          <skipped></skipped>
      </testcase>
      <testcase name="[sig-storage] In-tree Volumes [Driver: aws] [Testpattern: Pre-provisioned PV (block volmode)] multiVolume [Slow] should access to two volumes with the same volume mode and retain data across pod recreation on the same node" classname="Kubernetes e2e suite" time="0">
          <skipped></skipped>
      </testcase>
      <testcase name="[sig-storage] In-tree Volumes [Driver: hostPathSymlink] [Testpattern: Dynamic PV (default fs)] subPath should fail if subpath directory is outside the volume [Slow][LinuxOnly]" classname="Kubernetes e2e suite" time="0">
          <skipped></skipped>
      </testcase>
      <testcase name="[sig-storage] Secrets should be consumable from pods in volume with defaultMode set [LinuxOnly] [NodeConformance] [Conformance]" classname="Kubernetes e2e suite" time="6.339652008"></testcase>
      <testcase name="[sig-storage] CSI Volumes [Driver: pd.csi.storage.gke.io][Serial] [Testpattern: Dynamic PV (block volmode)] multiVolume [Slow] should concurrently access the single read-only volume from pods on the same node" classname="Kubernetes e2e suite" time="0">
          <skipped></skipped>
      </testcase>
      <testcase name="[sig-storage] CSI mock volume CSI Volume expansion should not expand volume if resizingOnDriver=off, resizingOnSC=on" classname="Kubernetes e2e suite" time="0">
          <skipped></skipped>
      </testcase>
      <testcase name="[sig-storage] CSI Volumes [Driver: pd.csi.storage.gke.io][Serial] [Testpattern: Dynamic PV (default fs)] fsgroupchangepolicy (OnRootMismatch)[LinuxOnly], pod created with an initial fsgroup, volume contents ownership changed in first pod, new pod with different fsgroup applied to the volume contents" classname="Kubernetes e2e suite" time="0">
          <skipped></skipped>
      </testcase>
      <testcase name="[sig-storage] CSI Volumes [Driver: csi-hostpath] [Testpattern: Pre-provisioned Snapshot (retain policy)] snapshottable[Feature:VolumeSnapshotDataSource] volume snapshot controller  should check snapshot fields, check restore correctly works after modifying source data, check deletion" classname="Kubernetes e2e suite" time="0">
          <skipped></skipped>
      </testcase>
      <testcase name="[sig-storage] In-tree Volumes [Driver: local][LocalVolumeType: tmpfs] [Testpattern: Dynamic PV (ntfs)][Feature:Windows] subPath should unmount if pod is force deleted while kubelet is down [Disruptive][Slow][LinuxOnly]" classname="Kubernetes e2e suite" time="0">
          <skipped></skipped>
      </testcase>
      <testcase name="[sig-storage] In-tree Volumes [Driver: aws] [Testpattern: Pre-provisioned PV (default fs)] volumes should store data" classname="Kubernetes e2e suite" time="0">
          <skipped></skipped>
      </testcase>
      <testcase name="[sig-storage] In-tree Volumes [Driver: ceph][Feature:Volumes][Serial] [Testpattern: Dynamic PV (default fs)] volumes should allow exec of files on the volume" classname="Kubernetes e2e suite" time="0">
          <skipped></skipped>
      </testcase>
      <testcase name="[sig-storage] In-tree Volumes [Driver: ceph][Feature:Volumes][Serial] [Testpattern: Dynamic PV (block volmode)] disruptive[Disruptive][LinuxOnly] Should test that pv used in a pod that is deleted while the kubelet is down cleans up when the kubelet returns." classname="Kubernetes e2e suite" time="0">
          <skipped></skipped>
      </testcase>
      <testcase name="[sig-storage] In-tree Volumes [Driver: windows-gcepd] [Testpattern: Dynamic PV (default fs)] subPath should verify container cannot write to subpath readonly volumes [Slow]" classname="Kubernetes e2e suite" time="0">
          <skipped></skipped>
      </testcase>
      <testcase name="[sig-storage] In-tree Volumes [Driver: nfs] [Testpattern: Pre-provisioned PV (default fs)] subPath should fail if subpath file is outside the volume [Slow][LinuxOnly]" classname="Kubernetes e2e suite" time="0">
          <skipped></skipped>
      </testcase>
      <testcase name="[sig-network] [Feature:IPv6DualStack] should create service with ipv4 cluster ip" classname="Kubernetes e2e suite" time="0">
          <skipped></skipped>
      </testcase>
      <testcase name="[sig-storage] In-tree Volumes [Driver: hostPathSymlink] [Testpattern: Dynamic PV (ntfs)][Feature:Windows] subPath should support existing directories when readOnly specified in the volumeSource" classname="Kubernetes e2e suite" time="0">
          <skipped></skipped>
      </testcase>
      <testcase name="[sig-storage] In-tree Volumes [Driver: local][LocalVolumeType: tmpfs] [Testpattern: Dynamic PV (default fs)] subPath should support non-existent path" classname="Kubernetes e2e suite" time="0">
          <skipped></skipped>
      </testcase>
      <testcase name="[sig-storage] In-tree Volumes [Driver: aws] [Testpattern: Pre-provisioned PV (ntfs)][Feature:Windows] volumes should allow exec of files on the volume" classname="Kubernetes e2e suite" time="0">
          <skipped></skipped>
      </testcase>
      <testcase name="[sig-storage] In-tree Volumes [Driver: emptydir] [Testpattern: Dynamic PV (ntfs)][Feature:Windows] subPath should fail if subpath directory is outside the volume [Slow][LinuxOnly]" classname="Kubernetes e2e suite" time="0">
          <skipped></skipped>
      </testcase>
      <testcase name="[sig-storage] In-tree Volumes [Driver: local][LocalVolumeType: blockfs] [Testpattern: Dynamic PV (default fs)] capacity provides storage capacity information" classname="Kubernetes e2e suite" time="0">
          <skipped></skipped>
      </testcase>
      <testcase name="[sig-storage] In-tree Volumes [Driver: hostPathSymlink] [Testpattern: Pre-provisioned PV (default fs)] subPath should support restarting containers using directory as subpath [Slow]" classname="Kubernetes e2e suite" time="0">
          <skipped></skipped>
      </testcase>
      <testcase name="[sig-storage] In-tree Volumes [Driver: gcepd] [Testpattern: Dynamic PV (xfs)][Slow] multiVolume [Slow] should access to two volumes with the same volume mode and retain data across pod recreation on different node" classname="Kubernetes e2e suite" time="0">
          <skipped></skipped>
      </testcase>
      <testcase name="[sig-storage] Projected configMap Should fail non-optional pod creation due to configMap object does not exist [Slow]" classname="Kubernetes e2e suite" time="0">
          <skipped></skipped>
      </testcase>
      <testcase name="[sig-storage] HostPathType Character Device [Slow] Should fail on mounting character device &#39;achardev&#39; when HostPathType is HostPathSocket" classname="Kubernetes e2e suite" time="0">
          <skipped></skipped>
      </testcase>
      <testcase name="[sig-storage] In-tree Volumes [Driver: rbd][Feature:Volumes][Serial] [Testpattern: Pre-provisioned PV (default fs)] subPath should fail if subpath file is outside the volume [Slow][LinuxOnly]" classname="Kubernetes e2e suite" time="0">
          <skipped></skipped>
      </testcase>
      <testcase name="[sig-storage] In-tree Volumes [Driver: emptydir] [Testpattern: Dynamic PV (ext4)] multiVolume [Slow] should access to two volumes with different volume mode and retain data across pod recreation on the same node" classname="Kubernetes e2e suite" time="0">
          <skipped></skipped>
      </testcase>
      <testcase name="[sig-network] Services should be able to change the type from ClusterIP to ExternalName [Conformance]" classname="Kubernetes e2e suite" time="138.22016939">
          <failure type="Failure">/workspace/src/k8s.io/kubernetes/_output/dockerized/go/src/k8s.io/kubernetes/test/e2e/framework/framework.go:630&#xA;Aug 27 10:17:07.068: Unexpected error:&#xA;    &lt;*errors.errorString | 0xc0002c6240&gt;: {&#xA;        s: &#34;timed out waiting for the condition&#34;,&#xA;    }&#xA;    timed out waiting for the condition&#xA;occurred&#xA;/workspace/src/k8s.io/kubernetes/_output/dockerized/go/src/k8s.io/kubernetes/test/e2e/network/service.go:1414</failure>
          <system-out>[BeforeEach] [sig-network] Services&#xA;  /workspace/src/k8s.io/kubernetes/_output/dockerized/go/src/k8s.io/kubernetes/test/e2e/framework/framework.go:185&#xA;STEP: Creating a kubernetes client&#xA;Aug 27 10:14:51.470: INFO: &gt;&gt;&gt; kubeConfig: /tmp/kubeconfig-655963504&#xA;STEP: Building a namespace api object, basename services&#xA;STEP: Waiting for a default service account to be provisioned in namespace&#xA;[BeforeEach] [sig-network] Services&#xA;  /workspace/src/k8s.io/kubernetes/_output/dockerized/go/src/k8s.io/kubernetes/test/e2e/network/service.go:749&#xA;[It] should be able to change the type from ClusterIP to ExternalName [Conformance]&#xA;  /workspace/src/k8s.io/kubernetes/_output/dockerized/go/src/k8s.io/kubernetes/test/e2e/framework/framework.go:630&#xA;STEP: creating a service clusterip-service with the type=ClusterIP in namespace services-8627&#xA;STEP: Creating active service to test reachability when its FQDN is referred as externalName for another service&#xA;STEP: creating service externalsvc in namespace services-8627&#xA;STEP: creating replication controller externalsvc in namespace services-8627&#xA;STEP: changing the ClusterIP service to type=ExternalName&#xA;Aug 27 10:15:00.718: INFO: Creating new exec pod&#xA;Aug 27 10:15:04.744: INFO: Running &#39;/usr/local/bin/kubectl --kubeconfig=/tmp/kubeconfig-655963504 --namespace=services-8627 exec execpodrs975 -- /bin/sh -x -c nslookup clusterip-service.services-8627.svc.cluster.local&#39;&#xA;Aug 27 10:15:05.867: INFO: rc: 1&#xA;Aug 27 10:15:05.867: INFO: ExternalName service &#34;services-8627/execpodrs975&#34; failed to resolve to IP&#xA;Aug 27 10:15:07.870: INFO: Running &#39;/usr/local/bin/kubectl --kubeconfig=/tmp/kubeconfig-655963504 --namespace=services-8627 exec execpodrs975 -- /bin/sh -x -c nslookup clusterip-service.services-8627.svc.cluster.local&#39;&#xA;Aug 27 10:15:08.510: INFO: rc: 1&#xA;Aug 27 10:15:08.510: INFO: ExternalName service &#34;services-8627/execpodrs975&#34; failed to resolve to IP&#xA;Aug 27 10:15:09.868: INFO: Running &#39;/usr/local/bin/kubectl --kubeconfig=/tmp/kubeconfig-655963504 --namespace=services-8627 exec execpodrs975 -- /bin/sh -x -c nslookup clusterip-service.services-8627.svc.cluster.local&#39;&#xA;Aug 27 10:15:10.493: INFO: rc: 1&#xA;Aug 27 10:15:10.493: INFO: ExternalName service &#34;services-8627/execpodrs975&#34; failed to resolve to IP&#xA;Aug 27 10:15:11.868: INFO: Running &#39;/usr/local/bin/kubectl --kubeconfig=/tmp/kubeconfig-655963504 --namespace=services-8627 exec execpodrs975 -- /bin/sh -x -c nslookup clusterip-service.services-8627.svc.cluster.local&#39;&#xA;Aug 27 10:15:12.485: INFO: rc: 1&#xA;Aug 27 10:15:12.485: INFO: ExternalName service &#34;services-8627/execpodrs975&#34; failed to resolve to IP&#xA;Aug 27 10:15:13.867: INFO: Running &#39;/usr/local/bin/kubectl --kubeconfig=/tmp/kubeconfig-655963504 --namespace=services-8627 exec execpodrs975 -- /bin/sh -x -c nslookup clusterip-service.services-8627.svc.cluster.local&#39;&#xA;Aug 27 10:15:14.544: INFO: rc: 1&#xA;Aug 27 10:15:14.545: INFO: ExternalName service &#34;services-8627/execpodrs975&#34; failed to resolve to IP&#xA;Aug 27 10:15:15.868: INFO: Running &#39;/usr/local/bin/kubectl --kubeconfig=/tmp/kubeconfig-655963504 --namespace=services-8627 exec execpodrs975 -- /bin/sh -x -c nslookup clusterip-service.services-8627.svc.cluster.local&#39;&#xA;Aug 27 10:15:16.480: INFO: rc: 1&#xA;Aug 27 10:15:16.480: INFO: ExternalName service &#34;services-8627/execpodrs975&#34; failed to resolve to IP&#xA;Aug 27 10:15:17.870: INFO: Running &#39;/usr/local/bin/kubectl --kubeconfig=/tmp/kubeconfig-655963504 --namespace=services-8627 exec execpodrs975 -- /bin/sh -x -c nslookup clusterip-service.services-8627.svc.cluster.local&#39;&#xA;Aug 27 10:15:18.667: INFO: rc: 1&#xA;Aug 27 10:15:18.667: INFO: ExternalName service &#34;services-8627/execpodrs975&#34; failed to resolve to IP&#xA;Aug 27 10:15:19.869: INFO: Running &#39;/usr/local/bin/kubectl --kubeconfig=/tmp/kubeconfig-655963504 --namespace=services-8627 exec execpodrs975 -- /bin/sh -x -c nslookup clusterip-service.services-8627.svc.cluster.local&#39;&#xA;Aug 27 10:15:20.622: INFO: rc: 1&#xA;Aug 27 10:15:20.623: INFO: ExternalName service &#34;services-8627/execpodrs975&#34; failed to resolve to IP&#xA;Aug 27 10:15:21.867: INFO: Running &#39;/usr/local/bin/kubectl --kubeconfig=/tmp/kubeconfig-655963504 --namespace=services-8627 exec execpodrs975 -- /bin/sh -x -c nslookup clusterip-service.services-8627.svc.cluster.local&#39;&#xA;Aug 27 10:15:22.421: INFO: rc: 1&#xA;Aug 27 10:15:22.421: INFO: ExternalName service &#34;services-8627/execpodrs975&#34; failed to resolve to IP&#xA;Aug 27 10:15:23.868: INFO: Running &#39;/usr/local/bin/kubectl --kubeconfig=/tmp/kubeconfig-655963504 --namespace=services-8627 exec execpodrs975 -- /bin/sh -x -c nslookup clusterip-service.services-8627.svc.cluster.local&#39;&#xA;Aug 27 10:15:24.444: INFO: rc: 1&#xA;Aug 27 10:15:24.444: INFO: ExternalName service &#34;services-8627/execpodrs975&#34; failed to resolve to IP&#xA;Aug 27 10:15:25.868: INFO: Running &#39;/usr/local/bin/kubectl --kubeconfig=/tmp/kubeconfig-655963504 --namespace=services-8627 exec execpodrs975 -- /bin/sh -x -c nslookup clusterip-service.services-8627.svc.cluster.local&#39;&#xA;Aug 27 10:15:26.632: INFO: rc: 1&#xA;Aug 27 10:15:26.632: INFO: ExternalName service &#34;services-8627/execpodrs975&#34; failed to resolve to IP&#xA;Aug 27 10:15:27.868: INFO: Running &#39;/usr/local/bin/kubectl --kubeconfig=/tmp/kubeconfig-655963504 --namespace=services-8627 exec execpodrs975 -- /bin/sh -x -c nslookup clusterip-service.services-8627.svc.cluster.local&#39;&#xA;Aug 27 10:15:28.429: INFO: rc: 1&#xA;Aug 27 10:15:28.429: INFO: ExternalName service &#34;services-8627/execpodrs975&#34; failed to resolve to IP&#xA;Aug 27 10:15:29.867: INFO: Running &#39;/usr/local/bin/kubectl --kubeconfig=/tmp/kubeconfig-655963504 --namespace=services-8627 exec execpodrs975 -- /bin/sh -x -c nslookup clusterip-service.services-8627.svc.cluster.local&#39;&#xA;Aug 27 10:15:30.463: INFO: rc: 1&#xA;Aug 27 10:15:30.463: INFO: ExternalName service &#34;services-8627/execpodrs975&#34; failed to resolve to IP&#xA;Aug 27 10:15:31.867: INFO: Running &#39;/usr/local/bin/kubectl --kubeconfig=/tmp/kubeconfig-655963504 --namespace=services-8627 exec execpodrs975 -- /bin/sh -x -c nslookup clusterip-service.services-8627.svc.cluster.local&#39;&#xA;Aug 27 10:15:32.421: INFO: rc: 1&#xA;Aug 27 10:15:32.421: INFO: ExternalName service &#34;services-8627/execpodrs975&#34; failed to resolve to IP&#xA;Aug 27 10:15:33.867: INFO: Running &#39;/usr/local/bin/kubectl --kubeconfig=/tmp/kubeconfig-655963504 --namespace=services-8627 exec execpodrs975 -- /bin/sh -x -c nslookup clusterip-service.services-8627.svc.cluster.local&#39;&#xA;Aug 27 10:15:34.422: INFO: rc: 1&#xA;Aug 27 10:15:34.422: INFO: ExternalName service &#34;services-8627/execpodrs975&#34; failed to resolve to IP&#xA;Aug 27 10:15:35.867: INFO: Running &#39;/usr/local/bin/kubectl --kubeconfig=/tmp/kubeconfig-655963504 --namespace=services-8627 exec execpodrs975 -- /bin/sh -x -c nslookup clusterip-service.services-8627.svc.cluster.local&#39;&#xA;Aug 27 10:15:36.479: INFO: rc: 1&#xA;Aug 27 10:15:36.479: INFO: ExternalName service &#34;services-8627/execpodrs975&#34; failed to resolve to IP&#xA;Aug 27 10:15:37.868: INFO: Running &#39;/usr/local/bin/kubectl --kubeconfig=/tmp/kubeconfig-655963504 --namespace=services-8627 exec execpodrs975 -- /bin/sh -x -c nslookup clusterip-service.services-8627.svc.cluster.local&#39;&#xA;Aug 27 10:15:38.424: INFO: rc: 1&#xA;Aug 27 10:15:38.424: INFO: ExternalName service &#34;services-8627/execpodrs975&#34; failed to resolve to IP&#xA;Aug 27 10:15:39.868: INFO: Running &#39;/usr/local/bin/kubectl --kubeconfig=/tmp/kubeconfig-655963504 --namespace=services-8627 exec execpodrs975 -- /bin/sh -x -c nslookup clusterip-service.services-8627.svc.cluster.local&#39;&#xA;Aug 27 10:15:40.411: INFO: rc: 1&#xA;Aug 27 10:15:40.411: INFO: ExternalName service &#34;services-8627/execpodrs975&#34; failed to resolve to IP&#xA;Aug 27 10:15:41.868: INFO: Running &#39;/usr/local/bin/kubectl --kubeconfig=/tmp/kubeconfig-655963504 --namespace=services-8627 exec execpodrs975 -- /bin/sh -x -c nslookup clusterip-service.services-8627.svc.cluster.local&#39;&#xA;Aug 27 10:15:42.505: INFO: rc: 1&#xA;Aug 27 10:15:42.505: INFO: ExternalName service &#34;services-8627/execpodrs975&#34; failed to resolve to IP&#xA;Aug 27 10:15:43.867: INFO: Running &#39;/usr/local/bin/kubectl --kubeconfig=/tmp/kubeconfig-655963504 --namespace=services-8627 exec execpodrs975 -- /bin/sh -x -c nslookup clusterip-service.services-8627.svc.cluster.local&#39;&#xA;Aug 27 10:15:44.465: INFO: rc: 1&#xA;Aug 27 10:15:44.465: INFO: ExternalName service &#34;services-8627/execpodrs975&#34; failed to resolve to IP&#xA;Aug 27 10:15:45.868: INFO: Running &#39;/usr/local/bin/kubectl --kubeconfig=/tmp/kubeconfig-655963504 --namespace=services-8627 exec execpodrs975 -- /bin/sh -x -c nslookup clusterip-service.services-8627.svc.cluster.local&#39;&#xA;Aug 27 10:15:46.493: INFO: rc: 1&#xA;Aug 27 10:15:46.493: INFO: ExternalName service &#34;services-8627/execpodrs975&#34; failed to resolve to IP&#xA;Aug 27 10:15:47.868: INFO: Running &#39;/usr/local/bin/kubectl --kubeconfig=/tmp/kubeconfig-655963504 --namespace=services-8627 exec execpodrs975 -- /bin/sh -x -c nslookup clusterip-service.services-8627.svc.cluster.local&#39;&#xA;Aug 27 10:15:48.444: INFO: rc: 1&#xA;Aug 27 10:15:48.444: INFO: ExternalName service &#34;services-8627/execpodrs975&#34; failed to resolve to IP&#xA;Aug 27 10:15:49.868: INFO: Running &#39;/usr/local/bin/kubectl --kubeconfig=/tmp/kubeconfig-655963504 --namespace=services-8627 exec execpodrs975 -- /bin/sh -x -c nslookup clusterip-service.services-8627.svc.cluster.local&#39;&#xA;Aug 27 10:15:50.472: INFO: rc: 1&#xA;Aug 27 10:15:50.472: INFO: ExternalName service &#34;services-8627/execpodrs975&#34; failed to resolve to IP&#xA;Aug 27 10:15:51.868: INFO: Running &#39;/usr/local/bin/kubectl --kubeconfig=/tmp/kubeconfig-655963504 --namespace=services-8627 exec execpodrs975 -- /bin/sh -x -c nslookup clusterip-service.services-8627.svc.cluster.local&#39;&#xA;Aug 27 10:15:52.502: INFO: rc: 1&#xA;Aug 27 10:15:52.502: INFO: ExternalName service &#34;services-8627/execpodrs975&#34; failed to resolve to IP&#xA;Aug 27 10:15:53.868: INFO: Running &#39;/usr/local/bin/kubectl --kubeconfig=/tmp/kubeconfig-655963504 --namespace=services-8627 exec execpodrs975 -- /bin/sh -x -c nslookup clusterip-service.services-8627.svc.cluster.local&#39;&#xA;Aug 27 10:15:54.428: INFO: rc: 1&#xA;Aug 27 10:15:54.428: INFO: ExternalName service &#34;services-8627/execpodrs975&#34; failed to resolve to IP&#xA;Aug 27 10:15:55.868: INFO: Running &#39;/usr/local/bin/kubectl --kubeconfig=/tmp/kubeconfig-655963504 --namespace=services-8627 exec execpodrs975 -- /bin/sh -x -c nslookup clusterip-service.services-8627.svc.cluster.local&#39;&#xA;Aug 27 10:15:56.481: INFO: rc: 1&#xA;Aug 27 10:15:56.481: INFO: ExternalName service &#34;services-8627/execpodrs975&#34; failed to resolve to IP&#xA;Aug 27 10:15:57.867: INFO: Running &#39;/usr/local/bin/kubectl --kubeconfig=/tmp/kubeconfig-655963504 --namespace=services-8627 exec execpodrs975 -- /bin/sh -x -c nslookup clusterip-service.services-8627.svc.cluster.local&#39;&#xA;Aug 27 10:15:58.481: INFO: rc: 1&#xA;Aug 27 10:15:58.481: INFO: ExternalName service &#34;services-8627/execpodrs975&#34; failed to resolve to IP&#xA;Aug 27 10:15:59.868: INFO: Running &#39;/usr/local/bin/kubectl --kubeconfig=/tmp/kubeconfig-655963504 --namespace=services-8627 exec execpodrs975 -- /bin/sh -x -c nslookup clusterip-service.services-8627.svc.cluster.local&#39;&#xA;Aug 27 10:16:00.438: INFO: rc: 1&#xA;Aug 27 10:16:00.438: INFO: ExternalName service &#34;services-8627/execpodrs975&#34; failed to resolve to IP&#xA;Aug 27 10:16:01.867: INFO: Running &#39;/usr/local/bin/kubectl --kubeconfig=/tmp/kubeconfig-655963504 --namespace=services-8627 exec execpodrs975 -- /bin/sh -x -c nslookup clusterip-service.services-8627.svc.cluster.local&#39;&#xA;Aug 27 10:16:02.582: INFO: rc: 1&#xA;Aug 27 10:16:02.582: INFO: ExternalName service &#34;services-8627/execpodrs975&#34; failed to resolve to IP&#xA;Aug 27 10:16:03.867: INFO: Running &#39;/usr/local/bin/kubectl --kubeconfig=/tmp/kubeconfig-655963504 --namespace=services-8627 exec execpodrs975 -- /bin/sh -x -c nslookup clusterip-service.services-8627.svc.cluster.local&#39;&#xA;Aug 27 10:16:04.414: INFO: rc: 1&#xA;Aug 27 10:16:04.415: INFO: ExternalName service &#34;services-8627/execpodrs975&#34; failed to resolve to IP&#xA;Aug 27 10:16:05.870: INFO: Running &#39;/usr/local/bin/kubectl --kubeconfig=/tmp/kubeconfig-655963504 --namespace=services-8627 exec execpodrs975 -- /bin/sh -x -c nslookup clusterip-service.services-8627.svc.cluster.local&#39;&#xA;Aug 27 10:16:06.496: INFO: rc: 1&#xA;Aug 27 10:16:06.496: INFO: ExternalName service &#34;services-8627/execpodrs975&#34; failed to resolve to IP&#xA;Aug 27 10:16:07.867: INFO: Running &#39;/usr/local/bin/kubectl --kubeconfig=/tmp/kubeconfig-655963504 --namespace=services-8627 exec execpodrs975 -- /bin/sh -x -c nslookup clusterip-service.services-8627.svc.cluster.local&#39;&#xA;Aug 27 10:16:08.484: INFO: rc: 1&#xA;Aug 27 10:16:08.484: INFO: ExternalName service &#34;services-8627/execpodrs975&#34; failed to resolve to IP&#xA;Aug 27 10:16:09.868: INFO: Running &#39;/usr/local/bin/kubectl --kubeconfig=/tmp/kubeconfig-655963504 --namespace=services-8627 exec execpodrs975 -- /bin/sh -x -c nslookup clusterip-service.services-8627.svc.cluster.local&#39;&#xA;Aug 27 10:16:10.445: INFO: rc: 1&#xA;Aug 27 10:16:10.445: INFO: ExternalName service &#34;services-8627/execpodrs975&#34; failed to resolve to IP&#xA;Aug 27 10:16:11.867: INFO: Running &#39;/usr/local/bin/kubectl --kubeconfig=/tmp/kubeconfig-655963504 --namespace=services-8627 exec execpodrs975 -- /bin/sh -x -c nslookup clusterip-service.services-8627.svc.cluster.local&#39;&#xA;Aug 27 10:16:12.423: INFO: rc: 1&#xA;Aug 27 10:16:12.423: INFO: ExternalName service &#34;services-8627/execpodrs975&#34; failed to resolve to IP&#xA;Aug 27 10:16:13.868: INFO: Running &#39;/usr/local/bin/kubectl --kubeconfig=/tmp/kubeconfig-655963504 --namespace=services-8627 exec execpodrs975 -- /bin/sh -x -c nslookup clusterip-service.services-8627.svc.cluster.local&#39;&#xA;Aug 27 10:16:14.439: INFO: rc: 1&#xA;Aug 27 10:16:14.440: INFO: ExternalName service &#34;services-8627/execpodrs975&#34; failed to resolve to IP&#xA;Aug 27 10:16:15.867: INFO: Running &#39;/usr/local/bin/kubectl --kubeconfig=/tmp/kubeconfig-655963504 --namespace=services-8627 exec execpodrs975 -- /bin/sh -x -c nslookup clusterip-service.services-8627.svc.cluster.local&#39;&#xA;Aug 27 10:16:16.486: INFO: rc: 1&#xA;Aug 27 10:16:16.486: INFO: ExternalName service &#34;services-8627/execpodrs975&#34; failed to resolve to IP&#xA;Aug 27 10:16:17.868: INFO: Running &#39;/usr/local/bin/kubectl --kubeconfig=/tmp/kubeconfig-655963504 --namespace=services-8627 exec execpodrs975 -- /bin/sh -x -c nslookup clusterip-service.services-8627.svc.cluster.local&#39;&#xA;Aug 27 10:16:18.466: INFO: rc: 1&#xA;Aug 27 10:16:18.466: INFO: ExternalName service &#34;services-8627/execpodrs975&#34; failed to resolve to IP&#xA;Aug 27 10:16:19.871: INFO: Running &#39;/usr/local/bin/kubectl --kubeconfig=/tmp/kubeconfig-655963504 --namespace=services-8627 exec execpodrs975 -- /bin/sh -x -c nslookup clusterip-service.services-8627.svc.cluster.local&#39;&#xA;Aug 27 10:16:20.452: INFO: rc: 1&#xA;Aug 27 10:16:20.452: INFO: ExternalName service &#34;services-8627/execpodrs975&#34; failed to resolve to IP&#xA;Aug 27 10:16:21.868: INFO: Running &#39;/usr/local/bin/kubectl --kubeconfig=/tmp/kubeconfig-655963504 --namespace=services-8627 exec execpodrs975 -- /bin/sh -x -c nslookup clusterip-service.services-8627.svc.cluster.local&#39;&#xA;Aug 27 10:16:22.484: INFO: rc: 1&#xA;Aug 27 10:16:22.484: INFO: ExternalName service &#34;services-8627/execpodrs975&#34; failed to resolve to IP&#xA;Aug 27 10:16:23.868: INFO: Running &#39;/usr/local/bin/kubectl --kubeconfig=/tmp/kubeconfig-655963504 --namespace=services-8627 exec execpodrs975 -- /bin/sh -x -c nslookup clusterip-service.services-8627.svc.cluster.local&#39;&#xA;Aug 27 10:16:24.414: INFO: rc: 1&#xA;Aug 27 10:16:24.414: INFO: ExternalName service &#34;services-8627/execpodrs975&#34; failed to resolve to IP&#xA;Aug 27 10:16:25.870: INFO: Running &#39;/usr/local/bin/kubectl --kubeconfig=/tmp/kubeconfig-655963504 --namespace=services-8627 exec execpodrs975 -- /bin/sh -x -c nslookup clusterip-service.services-8627.svc.cluster.local&#39;&#xA;Aug 27 10:16:26.489: INFO: rc: 1&#xA;Aug 27 10:16:26.489: INFO: ExternalName service &#34;services-8627/execpodrs975&#34; failed to resolve to IP&#xA;Aug 27 10:16:27.870: INFO: Running &#39;/usr/local/bin/kubectl --kubeconfig=/tmp/kubeconfig-655963504 --namespace=services-8627 exec execpodrs975 -- /bin/sh -x -c nslookup clusterip-service.services-8627.svc.cluster.local&#39;&#xA;Aug 27 10:16:28.461: INFO: rc: 1&#xA;Aug 27 10:16:28.461: INFO: ExternalName service &#34;services-8627/execpodrs975&#34; failed to resolve to IP&#xA;Aug 27 10:16:29.868: INFO: Running &#39;/usr/local/bin/kubectl --kubeconfig=/tmp/kubeconfig-655963504 --namespace=services-8627 exec execpodrs975 -- /bin/sh -x -c nslookup clusterip-service.services-8627.svc.cluster.local&#39;&#xA;Aug 27 10:16:30.449: INFO: rc: 1&#xA;Aug 27 10:16:30.449: INFO: ExternalName service &#34;services-8627/execpodrs975&#34; failed to resolve to IP&#xA;Aug 27 10:16:31.868: INFO: Running &#39;/usr/local/bin/kubectl --kubeconfig=/tmp/kubeconfig-655963504 --namespace=services-8627 exec execpodrs975 -- /bin/sh -x -c nslookup clusterip-service.services-8627.svc.cluster.local&#39;&#xA;Aug 27 10:16:32.461: INFO: rc: 1&#xA;Aug 27 10:16:32.461: INFO: ExternalName service &#34;services-8627/execpodrs975&#34; failed to resolve to IP&#xA;Aug 27 10:16:33.868: INFO: Running &#39;/usr/local/bin/kubectl --kubeconfig=/tmp/kubeconfig-655963504 --namespace=services-8627 exec execpodrs975 -- /bin/sh -x -c nslookup clusterip-service.services-8627.svc.cluster.local&#39;&#xA;Aug 27 10:16:34.428: INFO: rc: 1&#xA;Aug 27 10:16:34.428: INFO: ExternalName service &#34;services-8627/execpodrs975&#34; failed to resolve to IP&#xA;Aug 27 10:16:35.868: INFO: Running &#39;/usr/local/bin/kubectl --kubeconfig=/tmp/kubeconfig-655963504 --namespace=services-8627 exec execpodrs975 -- /bin/sh -x -c nslookup clusterip-service.services-8627.svc.cluster.local&#39;&#xA;Aug 27 10:16:36.491: INFO: rc: 1&#xA;Aug 27 10:16:36.491: INFO: ExternalName service &#34;services-8627/execpodrs975&#34; failed to resolve to IP&#xA;Aug 27 10:16:37.867: INFO: Running &#39;/usr/local/bin/kubectl --kubeconfig=/tmp/kubeconfig-655963504 --namespace=services-8627 exec execpodrs975 -- /bin/sh -x -c nslookup clusterip-service.services-8627.svc.cluster.local&#39;&#xA;Aug 27 10:16:38.470: INFO: rc: 1&#xA;Aug 27 10:16:38.470: INFO: ExternalName service &#34;services-8627/execpodrs975&#34; failed to resolve to IP&#xA;Aug 27 10:16:39.868: INFO: Running &#39;/usr/local/bin/kubectl --kubeconfig=/tmp/kubeconfig-655963504 --namespace=services-8627 exec execpodrs975 -- /bin/sh -x -c nslookup clusterip-service.services-8627.svc.cluster.local&#39;&#xA;Aug 27 10:16:40.458: INFO: rc: 1&#xA;Aug 27 10:16:40.458: INFO: ExternalName service &#34;services-8627/execpodrs975&#34; failed to resolve to IP&#xA;Aug 27 10:16:41.868: INFO: Running &#39;/usr/local/bin/kubectl --kubeconfig=/tmp/kubeconfig-655963504 --namespace=services-8627 exec execpodrs975 -- /bin/sh -x -c nslookup clusterip-service.services-8627.svc.cluster.local&#39;&#xA;Aug 27 10:16:42.438: INFO: rc: 1&#xA;Aug 27 10:16:42.438: INFO: ExternalName service &#34;services-8627/execpodrs975&#34; failed to resolve to IP&#xA;Aug 27 10:16:43.868: INFO: Running &#39;/usr/local/bin/kubectl --kubeconfig=/tmp/kubeconfig-655963504 --namespace=services-8627 exec execpodrs975 -- /bin/sh -x -c nslookup clusterip-service.services-8627.svc.cluster.local&#39;&#xA;Aug 27 10:16:44.562: INFO: rc: 1&#xA;Aug 27 10:16:44.562: INFO: ExternalName service &#34;services-8627/execpodrs975&#34; failed to resolve to IP&#xA;Aug 27 10:16:45.868: INFO: Running &#39;/usr/local/bin/kubectl --kubeconfig=/tmp/kubeconfig-655963504 --namespace=services-8627 exec execpodrs975 -- /bin/sh -x -c nslookup clusterip-service.services-8627.svc.cluster.local&#39;&#xA;Aug 27 10:16:46.526: INFO: rc: 1&#xA;Aug 27 10:16:46.526: INFO: ExternalName service &#34;services-8627/execpodrs975&#34; failed to resolve to IP&#xA;Aug 27 10:16:47.868: INFO: Running &#39;/usr/local/bin/kubectl --kubeconfig=/tmp/kubeconfig-655963504 --namespace=services-8627 exec execpodrs975 -- /bin/sh -x -c nslookup clusterip-service.services-8627.svc.cluster.local&#39;&#xA;Aug 27 10:16:48.454: INFO: rc: 1&#xA;Aug 27 10:16:48.454: INFO: ExternalName service &#34;services-8627/execpodrs975&#34; failed to resolve to IP&#xA;Aug 27 10:16:49.867: INFO: Running &#39;/usr/local/bin/kubectl --kubeconfig=/tmp/kubeconfig-655963504 --namespace=services-8627 exec execpodrs975 -- /bin/sh -x -c nslookup clusterip-service.services-8627.svc.cluster.local&#39;&#xA;Aug 27 10:16:50.493: INFO: rc: 1&#xA;Aug 27 10:16:50.493: INFO: ExternalName service &#34;services-8627/execpodrs975&#34; failed to resolve to IP&#xA;Aug 27 10:16:51.868: INFO: Running &#39;/usr/local/bin/kubectl --kubeconfig=/tmp/kubeconfig-655963504 --namespace=services-8627 exec execpodrs975 -- /bin/sh -x -c nslookup clusterip-service.services-8627.svc.cluster.local&#39;&#xA;Aug 27 10:16:52.449: INFO: rc: 1&#xA;Aug 27 10:16:52.451: INFO: ExternalName service &#34;services-8627/execpodrs975&#34; failed to resolve to IP&#xA;Aug 27 10:16:53.870: INFO: Running &#39;/usr/local/bin/kubectl --kubeconfig=/tmp/kubeconfig-655963504 --namespace=services-8627 exec execpodrs975 -- /bin/sh -x -c nslookup clusterip-service.services-8627.svc.cluster.local&#39;&#xA;Aug 27 10:16:54.439: INFO: rc: 1&#xA;Aug 27 10:16:54.439: INFO: ExternalName service &#34;services-8627/execpodrs975&#34; failed to resolve to IP&#xA;Aug 27 10:16:55.869: INFO: Running &#39;/usr/local/bin/kubectl --kubeconfig=/tmp/kubeconfig-655963504 --namespace=services-8627 exec execpodrs975 -- /bin/sh -x -c nslookup clusterip-service.services-8627.svc.cluster.local&#39;&#xA;Aug 27 10:16:56.502: INFO: rc: 1&#xA;Aug 27 10:16:56.502: INFO: ExternalName service &#34;services-8627/execpodrs975&#34; failed to resolve to IP&#xA;Aug 27 10:16:57.867: INFO: Running &#39;/usr/local/bin/kubectl --kubeconfig=/tmp/kubeconfig-655963504 --namespace=services-8627 exec execpodrs975 -- /bin/sh -x -c nslookup clusterip-service.services-8627.svc.cluster.local&#39;&#xA;Aug 27 10:16:58.449: INFO: rc: 1&#xA;Aug 27 10:16:58.449: INFO: ExternalName service &#34;services-8627/execpodrs975&#34; failed to resolve to IP&#xA;Aug 27 10:16:59.867: INFO: Running &#39;/usr/local/bin/kubectl --kubeconfig=/tmp/kubeconfig-655963504 --namespace=services-8627 exec execpodrs975 -- /bin/sh -x -c nslookup clusterip-service.services-8627.svc.cluster.local&#39;&#xA;Aug 27 10:17:00.460: INFO: rc: 1&#xA;Aug 27 10:17:00.460: INFO: ExternalName service &#34;services-8627/execpodrs975&#34; failed to resolve to IP&#xA;Aug 27 10:17:01.867: INFO: Running &#39;/usr/local/bin/kubectl --kubeconfig=/tmp/kubeconfig-655963504 --namespace=services-8627 exec execpodrs975 -- /bin/sh -x -c nslookup clusterip-service.services-8627.svc.cluster.local&#39;&#xA;Aug 27 10:17:02.444: INFO: rc: 1&#xA;Aug 27 10:17:02.444: INFO: ExternalName service &#34;services-8627/execpodrs975&#34; failed to resolve to IP&#xA;Aug 27 10:17:03.868: INFO: Running &#39;/usr/local/bin/kubectl --kubeconfig=/tmp/kubeconfig-655963504 --namespace=services-8627 exec execpodrs975 -- /bin/sh -x -c nslookup clusterip-service.services-8627.svc.cluster.local&#39;&#xA;Aug 27 10:17:04.425: INFO: rc: 1&#xA;Aug 27 10:17:04.425: INFO: ExternalName service &#34;services-8627/execpodrs975&#34; failed to resolve to IP&#xA;Aug 27 10:17:05.868: INFO: Running &#39;/usr/local/bin/kubectl --kubeconfig=/tmp/kubeconfig-655963504 --namespace=services-8627 exec execpodrs975 -- /bin/sh -x -c nslookup clusterip-service.services-8627.svc.cluster.local&#39;&#xA;Aug 27 10:17:06.490: INFO: rc: 1&#xA;Aug 27 10:17:06.490: INFO: ExternalName service &#34;services-8627/execpodrs975&#34; failed to resolve to IP&#xA;Aug 27 10:17:06.492: INFO: Running &#39;/usr/local/bin/kubectl --kubeconfig=/tmp/kubeconfig-655963504 --namespace=services-8627 exec execpodrs975 -- /bin/sh -x -c nslookup clusterip-service.services-8627.svc.cluster.local&#39;&#xA;Aug 27 10:17:07.068: INFO: rc: 1&#xA;Aug 27 10:17:07.068: INFO: ExternalName service &#34;services-8627/execpodrs975&#34; failed to resolve to IP&#xA;Aug 27 10:17:07.068: FAIL: Unexpected error:&#xA;    &lt;*errors.errorString | 0xc0002c6240&gt;: {&#xA;        s: &#34;timed out waiting for the condition&#34;,&#xA;    }&#xA;    timed out waiting for the condition&#xA;occurred&#xA;&#xA;Full Stack Trace&#xA;k8s.io/kubernetes/test/e2e/network.glob..func24.16()&#xA;&#x9;/workspace/src/k8s.io/kubernetes/_output/dockerized/go/src/k8s.io/kubernetes/test/e2e/network/service.go:1414 +0x465&#xA;k8s.io/kubernetes/test/e2e.RunE2ETests(0xc000af8600)&#xA;&#x9;_output/dockerized/go/src/k8s.io/kubernetes/test/e2e/e2e.go:130 +0x36c&#xA;k8s.io/kubernetes/test/e2e.TestE2E(0xc000af8600)&#xA;&#x9;_output/dockerized/go/src/k8s.io/kubernetes/test/e2e/e2e_test.go:136 +0x2b&#xA;testing.tRunner(0xc000af8600, 0x72d42e8)&#xA;&#x9;/usr/local/go/src/testing/testing.go:1193 +0xef&#xA;created by testing.(*T).Run&#xA;&#x9;/usr/local/go/src/testing/testing.go:1238 +0x2b3&#xA;STEP: deleting ReplicationController externalsvc in namespace services-8627, will wait for the garbage collector to delete the pods&#xA;Aug 27 10:17:07.143: INFO: Deleting ReplicationController externalsvc took: 6.098961ms&#xA;Aug 27 10:17:07.247: INFO: Terminating ReplicationController externalsvc pods took: 103.630697ms&#xA;Aug 27 10:17:09.511: INFO: Cleaning up the ClusterIP to ExternalName test service&#xA;[AfterEach] [sig-network] Services&#xA;  /workspace/src/k8s.io/kubernetes/_output/dockerized/go/src/k8s.io/kubernetes/test/e2e/framework/framework.go:186&#xA;STEP: Collecting events from namespace &#34;services-8627&#34;.&#xA;STEP: Found 16 events.&#xA;Aug 27 10:17:09.565: INFO: At 2021-08-27 10:14:51 +0000 UTC - event for externalsvc: {replication-controller } SuccessfulCreate: Created pod: externalsvc-cv9vq&#xA;Aug 27 10:17:09.565: INFO: At 2021-08-27 10:14:51 +0000 UTC - event for externalsvc: {replication-controller } SuccessfulCreate: Created pod: externalsvc-745pk&#xA;Aug 27 10:17:09.565: INFO: At 2021-08-27 10:14:51 +0000 UTC - event for externalsvc-745pk: {default-scheduler } Scheduled: Successfully assigned services-8627/externalsvc-745pk to instance-1&#xA;Aug 27 10:17:09.565: INFO: At 2021-08-27 10:14:51 +0000 UTC - event for externalsvc-cv9vq: {default-scheduler } Scheduled: Successfully assigned services-8627/externalsvc-cv9vq to instance-1&#xA;Aug 27 10:17:09.565: INFO: At 2021-08-27 10:14:54 +0000 UTC - event for externalsvc-cv9vq: {kubelet instance-1} Pulled: Container image &#34;k8s.gcr.io/e2e-test-images/agnhost:2.32&#34; already present on machine&#xA;Aug 27 10:17:09.565: INFO: At 2021-08-27 10:14:54 +0000 UTC - event for externalsvc-cv9vq: {kubelet instance-1} Started: Started container externalsvc&#xA;Aug 27 10:17:09.565: INFO: At 2021-08-27 10:14:54 +0000 UTC - event for externalsvc-cv9vq: {kubelet instance-1} Created: Created container externalsvc&#xA;Aug 27 10:17:09.565: INFO: At 2021-08-27 10:14:55 +0000 UTC - event for externalsvc-745pk: {kubelet instance-1} Pulled: Container image &#34;k8s.gcr.io/e2e-test-images/agnhost:2.32&#34; already present on machine&#xA;Aug 27 10:17:09.565: INFO: At 2021-08-27 10:14:55 +0000 UTC - event for externalsvc-745pk: {kubelet instance-1} Created: Created container externalsvc&#xA;Aug 27 10:17:09.565: INFO: At 2021-08-27 10:14:55 +0000 UTC - event for externalsvc-745pk: {kubelet instance-1} Started: Started container externalsvc&#xA;Aug 27 10:17:09.565: INFO: At 2021-08-27 10:15:00 +0000 UTC - event for execpodrs975: {default-scheduler } Scheduled: Successfully assigned services-8627/execpodrs975 to instance-1&#xA;Aug 27 10:17:09.565: INFO: At 2021-08-27 10:15:02 +0000 UTC - event for execpodrs975: {kubelet instance-1} Started: Started container agnhost-container&#xA;Aug 27 10:17:09.565: INFO: At 2021-08-27 10:15:02 +0000 UTC - event for execpodrs975: {kubelet instance-1} Created: Created container agnhost-container&#xA;Aug 27 10:17:09.566: INFO: At 2021-08-27 10:15:02 +0000 UTC - event for execpodrs975: {kubelet instance-1} Pulled: Container image &#34;k8s.gcr.io/e2e-test-images/agnhost:2.32&#34; already present on machine&#xA;Aug 27 10:17:09.566: INFO: At 2021-08-27 10:17:07 +0000 UTC - event for externalsvc-745pk: {kubelet instance-1} Killing: Stopping container externalsvc&#xA;Aug 27 10:17:09.566: INFO: At 2021-08-27 10:17:07 +0000 UTC - event for externalsvc-cv9vq: {kubelet instance-1} Killing: Stopping container externalsvc&#xA;Aug 27 10:17:09.571: INFO: POD           NODE        PHASE    GRACE  CONDITIONS&#xA;Aug 27 10:17:09.571: INFO: execpodrs975  instance-1  Running         [{Initialized True 0001-01-01 00:00:00 +0000 UTC 2021-08-27 10:15:00 +0000 UTC  } {Ready True 0001-01-01 00:00:00 +0000 UTC 2021-08-27 10:15:02 +0000 UTC  } {ContainersReady True 0001-01-01 00:00:00 +0000 UTC 2021-08-27 10:15:02 +0000 UTC  } {PodScheduled True 0001-01-01 00:00:00 +0000 UTC 2021-08-27 10:15:00 +0000 UTC  }]&#xA;Aug 27 10:17:09.571: INFO: &#xA;Aug 27 10:17:09.576: INFO: &#xA;Logging node info for node instance-1&#xA;Aug 27 10:17:09.580: INFO: Node Info: &amp;Node{ObjectMeta:{instance-1    66706824-827f-43ec-951f-55d099198c49 4676 0 2021-08-27 09:44:27 +0000 UTC &lt;nil&gt; &lt;nil&gt; map[beta.kubernetes.io/arch:amd64 beta.kubernetes.io/os:linux kubernetes.io/arch:amd64 kubernetes.io/hostname:instance-1 kubernetes.io/os:linux node-role.kubernetes.io/control-plane: node-role.kubernetes.io/master: node.kubernetes.io/control-plane: node.kubernetes.io/master:] map[node.alpha.kubernetes.io/ttl:0 projectcalico.org/IPv4Address:10.140.0.2/32 projectcalico.org/IPv4IPIPTunnelAddr:172.208.23.128 volumes.kubernetes.io/controller-managed-attach-detach:true] [] []  [{kubelet Update v1 2021-08-27 09:44:27 +0000 UTC FieldsV1 {&#34;f:metadata&#34;:{&#34;f:annotations&#34;:{&#34;.&#34;:{},&#34;f:volumes.kubernetes.io/controller-managed-attach-detach&#34;:{}},&#34;f:labels&#34;:{&#34;.&#34;:{},&#34;f:beta.kubernetes.io/arch&#34;:{},&#34;f:beta.kubernetes.io/os&#34;:{},&#34;f:kubernetes.io/arch&#34;:{},&#34;f:kubernetes.io/hostname&#34;:{},&#34;f:kubernetes.io/os&#34;:{},&#34;f:node.kubernetes.io/control-plane&#34;:{},&#34;f:node.kubernetes.io/master&#34;:{}}}} } {kube-controller-manager Update v1 2021-08-27 09:44:36 +0000 UTC FieldsV1 {&#34;f:metadata&#34;:{&#34;f:annotations&#34;:{&#34;f:node.alpha.kubernetes.io/ttl&#34;:{}}}} } {calico-node Update v1 2021-08-27 09:44:41 +0000 UTC FieldsV1 {&#34;f:metadata&#34;:{&#34;f:annotations&#34;:{&#34;f:projectcalico.org/IPv4Address&#34;:{},&#34;f:projectcalico.org/IPv4IPIPTunnelAddr&#34;:{}}},&#34;f:status&#34;:{&#34;f:conditions&#34;:{&#34;k:{\&#34;type\&#34;:\&#34;NetworkUnavailable\&#34;}&#34;:{&#34;.&#34;:{},&#34;f:lastHeartbeatTime&#34;:{},&#34;f:lastTransitionTime&#34;:{},&#34;f:message&#34;:{},&#34;f:reason&#34;:{},&#34;f:status&#34;:{},&#34;f:type&#34;:{}}}}} status} {kubectl-label Update v1 2021-08-27 09:44:44 +0000 UTC FieldsV1 {&#34;f:metadata&#34;:{&#34;f:labels&#34;:{&#34;f:node-role.kubernetes.io/control-plane&#34;:{},&#34;f:node-role.kubernetes.io/master&#34;:{}}}} } {e2e.test Update v1 2021-08-27 10:07:39 +0000 UTC FieldsV1 {&#34;f:status&#34;:{&#34;f:capacity&#34;:{&#34;f:scheduling.k8s.io/foo&#34;:{}}}} status} {kubelet Update v1 2021-08-27 10:07:48 +0000 UTC FieldsV1 {&#34;f:status&#34;:{&#34;f:allocatable&#34;:{&#34;f:scheduling.k8s.io/foo&#34;:{}},&#34;f:conditions&#34;:{&#34;k:{\&#34;type\&#34;:\&#34;DiskPressure\&#34;}&#34;:{&#34;f:lastHeartbeatTime&#34;:{}},&#34;k:{\&#34;type\&#34;:\&#34;MemoryPressure\&#34;}&#34;:{&#34;f:lastHeartbeatTime&#34;:{}},&#34;k:{\&#34;type\&#34;:\&#34;PIDPressure\&#34;}&#34;:{&#34;f:lastHeartbeatTime&#34;:{}},&#34;k:{\&#34;type\&#34;:\&#34;Ready\&#34;}&#34;:{&#34;f:lastHeartbeatTime&#34;:{},&#34;f:lastTransitionTime&#34;:{},&#34;f:message&#34;:{},&#34;f:reason&#34;:{},&#34;f:status&#34;:{}}},&#34;f:images&#34;:{}}} status}]},Spec:NodeSpec{PodCIDR:,DoNotUseExternalID:,ProviderID:,Unschedulable:false,Taints:[]Taint{},ConfigSource:nil,PodCIDRs:[],},Status:NodeStatus{Capacity:ResourceList{cpu: {{4 0} {&lt;nil&gt;} 4 DecimalSI},ephemeral-storage: {{51848359936 0} {&lt;nil&gt;} 50633164Ki BinarySI},hugepages-1Gi: {{0 0} {&lt;nil&gt;} 0 DecimalSI},hugepages-2Mi: {{0 0} {&lt;nil&gt;} 0 DecimalSI},memory: {{16778743808 0} {&lt;nil&gt;} 16385492Ki BinarySI},pods: {{110 0} {&lt;nil&gt;} 110 DecimalSI},scheduling.k8s.io/foo: {{5 0} {&lt;nil&gt;} 5 DecimalSI},},Allocatable:ResourceList{cpu: {{4 0} {&lt;nil&gt;} 4 DecimalSI},ephemeral-storage: {{49255941901 0} {&lt;nil&gt;} 49255941901 DecimalSI},hugepages-1Gi: {{0 0} {&lt;nil&gt;} 0 DecimalSI},hugepages-2Mi: {{0 0} {&lt;nil&gt;} 0 DecimalSI},memory: {{15600144384 0} {&lt;nil&gt;} 15234516Ki BinarySI},pods: {{110 0} {&lt;nil&gt;} 110 DecimalSI},scheduling.k8s.io/foo: {{5 0} {&lt;nil&gt;} 5 DecimalSI},},Phase:,Conditions:[]NodeCondition{NodeCondition{Type:NetworkUnavailable,Status:False,LastHeartbeatTime:2021-08-27 09:44:41 +0000 UTC,LastTransitionTime:2021-08-27 09:44:41 +0000 UTC,Reason:CalicoIsUp,Message:Calico is running on this node,},NodeCondition{Type:MemoryPressure,Status:False,LastHeartbeatTime:2021-08-27 10:12:50 +0000 UTC,LastTransitionTime:2021-08-27 09:44:26 +0000 UTC,Reason:KubeletHasSufficientMemory,Message:kubelet has sufficient memory available,},NodeCondition{Type:DiskPressure,Status:False,LastHeartbeatTime:2021-08-27 10:12:50 +0000 UTC,LastTransitionTime:2021-08-27 09:44:26 +0000 UTC,Reason:KubeletHasNoDiskPressure,Message:kubelet has no disk pressure,},NodeCondition{Type:PIDPressure,Status:False,LastHeartbeatTime:2021-08-27 10:12:50 +0000 UTC,LastTransitionTime:2021-08-27 09:44:26 +0000 UTC,Reason:KubeletHasSufficientPID,Message:kubelet has sufficient PID available,},NodeCondition{Type:Ready,Status:True,LastHeartbeatTime:2021-08-27 10:12:50 +0000 UTC,LastTransitionTime:2021-08-27 09:44:47 +0000 UTC,Reason:KubeletReady,Message:kubelet is posting ready status. AppArmor enabled,},},Addresses:[]NodeAddress{NodeAddress{Type:InternalIP,Address:10.140.0.2,},NodeAddress{Type:Hostname,Address:instance-1,},},DaemonEndpoints:NodeDaemonEndpoints{KubeletEndpoint:DaemonEndpoint{Port:10250,},},NodeInfo:NodeSystemInfo{MachineID:9115f560b455f8c5d2b83bdfb715f3b3,SystemUUID:9115f560-b455-f8c5-d2b8-3bdfb715f3b3,BootID:3bd04ce9-2b88-452c-af59-4599689b83f3,KernelVersion:5.11.0-1017-gcp,OSImage:Ubuntu 21.04,ContainerRuntimeVersion:docker://20.10.8,KubeletVersion:v1.22.1,KubeProxyVersion:v1.22.1,OperatingSystem:linux,Architecture:amd64,},Images:[]ContainerImage{ContainerImage{Names:[slzcc/kubernetes@sha256:d938e2364017b78329200a38b8317db806fe305cf5e26c975a0298e23324fb77 slzcc/kubernetes:v1.22.1.0],SizeBytes:2296544903,},ContainerImage{Names:[quay.io/cilium/cilium:v1.10.1],SizeBytes:409321746,},ContainerImage{Names:[sonobuoy/systemd-logs@sha256:fadad24a66ddd544987c38811108a73d1a306dd3b5e3f090b207786f2825ffde sonobuoy/systemd-logs:v0.3],SizeBytes:297365055,},ContainerImage{Names:[k8s.gcr.io/etcd@sha256:9ce33ba33d8e738a5b85ed50b5080ac746deceed4a7496c550927a7a19ca3b6d k8s.gcr.io/etcd:3.5.0-0],SizeBytes:294536887,},ContainerImage{Names:[k8s.gcr.io/e2e-test-images/jessie-dnsutils@sha256:702a992280fb7c3303e84a5801acbb4c9c7fcf48cffe0e9c8be3f0c60f74cf89 k8s.gcr.io/e2e-test-images/jessie-dnsutils:1.4],SizeBytes:253371792,},ContainerImage{Names:[k8s.gcr.io/etcd:3.4.9],SizeBytes:253347452,},ContainerImage{Names:[k8s.gcr.io/conformance@sha256:e22b40e1e6db0b3fcb9fd565100de0af2c525217769378a20ac4cef47f1502ce k8s.gcr.io/conformance:v1.22.1],SizeBytes:247962555,},ContainerImage{Names:[calico/node:v3.20.0],SizeBytes:169862919,},ContainerImage{Names:[calico/cni:v3.20.0],SizeBytes:146006429,},ContainerImage{Names:[k8s.gcr.io/kube-apiserver:v1.22.1],SizeBytes:128446877,},ContainerImage{Names:[k8s.gcr.io/e2e-test-images/httpd@sha256:716d2f68314c5c4ddd5ecdb45183fcb4ed8019015982c1321571f863989b70b0 k8s.gcr.io/e2e-test-images/httpd:2.4.39-1],SizeBytes:126894770,},ContainerImage{Names:[k8s.gcr.io/e2e-test-images/agnhost@sha256:758db666ac7028534dba72e7e9bb1e57bb81b8196f976f7a5cc351ef8b3529e1 k8s.gcr.io/e2e-test-images/agnhost:2.32],SizeBytes:125930239,},ContainerImage{Names:[k8s.gcr.io/e2e-test-images/httpd@sha256:b913fa234cc3473cfe16e937d106b455a7609f927f59031c81aca791e2689b50 k8s.gcr.io/e2e-test-images/httpd:2.4.38-1],SizeBytes:123781643,},ContainerImage{Names:[k8s.gcr.io/kube-controller-manager:v1.22.1],SizeBytes:121979567,},ContainerImage{Names:[k8s.gcr.io/e2e-test-images/nautilus@sha256:1f36a24cfb5e0c3f725d7565a867c2384282fcbeccc77b07b423c9da95763a9a k8s.gcr.io/e2e-test-images/nautilus:1.4],SizeBytes:121748345,},ContainerImage{Names:[k8s.gcr.io/kube-proxy:v1.22.1],SizeBytes:103645121,},ContainerImage{Names:[haproxy:2.4.2],SizeBytes:95448973,},ContainerImage{Names:[calico/kube-controllers:v3.20.0],SizeBytes:63156065,},ContainerImage{Names:[quay.io/cilium/operator-generic:v1.10.1],SizeBytes:56290965,},ContainerImage{Names:[k8s.gcr.io/kube-scheduler:v1.22.1],SizeBytes:52658888,},ContainerImage{Names:[coredns/coredns@sha256:6e5a02c21641597998b4be7cb5eb1e7b02c0d8d23cce4dd09f4682d463798890 k8s.gcr.io/coredns/coredns@sha256:6e5a02c21641597998b4be7cb5eb1e7b02c0d8d23cce4dd09f4682d463798890 coredns/coredns:1.8.4 k8s.gcr.io/coredns/coredns:v1.8.4],SizeBytes:47554275,},ContainerImage{Names:[coredns/coredns:1.8.3],SizeBytes:43499235,},ContainerImage{Names:[sonobuoy/sonobuoy@sha256:d393e2c862fffd0823409594f3ab8bc2524b359d9e6313ae3f9edb5d3dfa56e1 sonobuoy/sonobuoy:v0.53.2],SizeBytes:37400989,},ContainerImage{Names:[calico/pod2daemon-flexvol@sha256:c17e3e9871682bed00bfd33f8d6f00db1d1a126034a25bf5380355978e0c548d calico/pod2daemon-flexvol:v3.20.0],SizeBytes:21666928,},ContainerImage{Names:[k8s.gcr.io/e2e-test-images/nginx@sha256:503b7abb89e57383eba61cc8a9cb0b495ea575c516108f7d972a6ff6e1ab3c9b k8s.gcr.io/e2e-test-images/nginx:1.14-1],SizeBytes:16032814,},ContainerImage{Names:[slzcc/keepalived:1.2.24.1],SizeBytes:15933789,},ContainerImage{Names:[quay.io/cilium/startup-script:62bfbe88c17778aad7bef9fa57ff9e2d4a9ba0d8],SizeBytes:11739254,},ContainerImage{Names:[k8s.gcr.io/e2e-test-images/nonewprivs@sha256:8ac1264691820febacf3aea5d152cbde6d10685731ec14966a9401c6f47a68ac k8s.gcr.io/e2e-test-images/nonewprivs:1.3],SizeBytes:7107254,},ContainerImage{Names:[k8s.gcr.io/e2e-test-images/busybox@sha256:39e1e963e5310e9c313bad51523be012ede7b35bb9316517d19089a010356592 k8s.gcr.io/e2e-test-images/busybox:1.29-1],SizeBytes:1154361,},ContainerImage{Names:[k8s.gcr.io/pause@sha256:1ff6c18fbef2045af6b9c16bf034cc421a29027b800e4f9b68ae9b1cb3e9ae07 k8s.gcr.io/pause:3.5],SizeBytes:682696,},ContainerImage{Names:[k8s.gcr.io/pause:3.2],SizeBytes:682696,},},VolumesInUse:[],VolumesAttached:[]AttachedVolume{},Config:nil,},}&#xA;Aug 27 10:17:09.581: INFO: &#xA;Logging kubelet events for node instance-1&#xA;Aug 27 10:17:09.586: INFO: &#xA;Logging pods the kubelet thinks is on node instance-1&#xA;Aug 27 10:17:09.610: INFO: kube-apiserver-instance-1 started at 2021-08-27 09:44:20 +0000 UTC (0+1 container statuses recorded)&#xA;Aug 27 10:17:09.610: INFO: &#x9;Container kube-apiserver ready: true, restart count 1&#xA;Aug 27 10:17:09.610: INFO: sonobuoy started at 2021-08-27 09:45:47 +0000 UTC (0+1 container statuses recorded)&#xA;Aug 27 10:17:09.610: INFO: &#x9;Container kube-sonobuoy ready: true, restart count 0&#xA;Aug 27 10:17:09.611: INFO: sonobuoy-systemd-logs-daemon-set-0a76f2e7c4ae491c-6jjs8 started at 2021-08-27 09:45:48 +0000 UTC (0+2 container statuses recorded)&#xA;Aug 27 10:17:09.611: INFO: &#x9;Container sonobuoy-worker ready: true, restart count 0&#xA;Aug 27 10:17:09.611: INFO: &#x9;Container systemd-logs ready: true, restart count 0&#xA;Aug 27 10:17:09.611: INFO: etcd-instance-1 started at 2021-08-27 09:44:20 +0000 UTC (0+1 container statuses recorded)&#xA;Aug 27 10:17:09.611: INFO: &#x9;Container etcd ready: true, restart count 7&#xA;Aug 27 10:17:09.611: INFO: haproxy-instance-1 started at 2021-08-27 09:44:20 +0000 UTC (0+1 container statuses recorded)&#xA;Aug 27 10:17:09.611: INFO: &#x9;Container haproxy ready: true, restart count 7&#xA;Aug 27 10:17:09.611: INFO: kube-scheduler-instance-1 started at 2021-08-27 09:44:20 +0000 UTC (0+1 container statuses recorded)&#xA;Aug 27 10:17:09.611: INFO: &#x9;Container kube-scheduler ready: true, restart count 1&#xA;Aug 27 10:17:09.611: INFO: kube-proxy-45vxz started at 2021-08-27 09:44:35 +0000 UTC (0+1 container statuses recorded)&#xA;Aug 27 10:17:09.611: INFO: &#x9;Container kube-proxy ready: true, restart count 0&#xA;Aug 27 10:17:09.611: INFO: calico-kube-controllers-866f579489-6mhds started at 2021-08-27 09:44:47 +0000 UTC (0+1 container statuses recorded)&#xA;Aug 27 10:17:09.611: INFO: &#x9;Container calico-kube-controllers ready: true, restart count 0&#xA;Aug 27 10:17:09.611: INFO: coredns-5449fcdd7-rf9fq started at 2021-08-27 09:44:47 +0000 UTC (0+1 container statuses recorded)&#xA;Aug 27 10:17:09.611: INFO: &#x9;Container coredns ready: true, restart count 0&#xA;Aug 27 10:17:09.611: INFO: sonobuoy-e2e-job-8f4800e0b3a54e3c started at 2021-08-27 09:45:48 +0000 UTC (0+2 container statuses recorded)&#xA;Aug 27 10:17:09.611: INFO: &#x9;Container e2e ready: true, restart count 0&#xA;Aug 27 10:17:09.611: INFO: &#x9;Container sonobuoy-worker ready: true, restart count 0&#xA;Aug 27 10:17:09.611: INFO: execpodrs975 started at 2021-08-27 10:15:00 +0000 UTC (0+1 container statuses recorded)&#xA;Aug 27 10:17:09.611: INFO: &#x9;Container agnhost-container ready: true, restart count 0&#xA;Aug 27 10:17:09.611: INFO: kube-controller-manager-instance-1 started at 2021-08-27 09:44:20 +0000 UTC (0+1 container statuses recorded)&#xA;Aug 27 10:17:09.611: INFO: &#x9;Container kube-controller-manager ready: true, restart count 1&#xA;Aug 27 10:17:09.611: INFO: calico-node-jtcrr started at 2021-08-27 09:44:35 +0000 UTC (3+1 container statuses recorded)&#xA;Aug 27 10:17:09.611: INFO: &#x9;Init container upgrade-ipam ready: true, restart count 0&#xA;Aug 27 10:17:09.611: INFO: &#x9;Init container install-cni ready: true, restart count 0&#xA;Aug 27 10:17:09.611: INFO: &#x9;Init container flexvol-driver ready: true, restart count 0&#xA;Aug 27 10:17:09.611: INFO: &#x9;Container calico-node ready: true, restart count 0&#xA;Aug 27 10:17:09.611: INFO: coredns-5449fcdd7-nlbvc started at 2021-08-27 09:44:47 +0000 UTC (0+1 container statuses recorded)&#xA;Aug 27 10:17:09.611: INFO: &#x9;Container coredns ready: true, restart count 0&#xA;Aug 27 10:17:09.674: INFO: &#xA;Latency metrics for node instance-1&#xA;Aug 27 10:17:09.674: INFO: Waiting up to 3m0s for all (but 0) nodes to be ready&#xA;STEP: Destroying namespace &#34;services-8627&#34; for this suite.&#xA;[AfterEach] [sig-network] Services&#xA;  /workspace/src/k8s.io/kubernetes/_output/dockerized/go/src/k8s.io/kubernetes/test/e2e/network/service.go:753&#xA;</system-out>
      </testcase>
      <testcase name="[sig-storage] In-tree Volumes [Driver: nfs] [Testpattern: Dynamic PV (default fs)] subPath should support existing directories when readOnly specified in the volumeSource" classname="Kubernetes e2e suite" time="0">
          <skipped></skipped>
      </testcase>
      <testcase name="[sig-storage] In-tree Volumes [Driver: local][LocalVolumeType: block] [Testpattern: Dynamic PV (ntfs)][Feature:Windows] subPath should be able to unmount after the subpath directory is deleted [LinuxOnly]" classname="Kubernetes e2e suite" time="0">
          <skipped></skipped>
      </testcase>
      <testcase name="[sig-storage] In-tree Volumes [Driver: gluster] [Testpattern: Dynamic PV (ntfs)][Feature:Windows] subPath should support readOnly directory specified in the volumeMount" classname="Kubernetes e2e suite" time="0">
          <skipped></skipped>
      </testcase>
      <testcase name="[sig-storage] CSI mock volume CSI Snapshot Controller metrics [Feature:VolumeSnapshotDataSource] snapshot controller should emit dynamic CreateSnapshot, CreateSnapshotAndReady, and DeleteSnapshot metrics" classname="Kubernetes e2e suite" time="0">
          <skipped></skipped>
      </testcase>
      <testcase name="[sig-storage] In-tree Volumes [Driver: iscsi][Feature:Volumes] [Testpattern: Dynamic PV (ntfs)][Feature:Windows] subPath should support existing directories when readOnly specified in the volumeSource" classname="Kubernetes e2e suite" time="0">
          <skipped></skipped>
      </testcase>
      <testcase name="[sig-storage] CSI Volumes [Driver: csi-hostpath] [Testpattern: Inline-volume (default fs)] volumes should allow exec of files on the volume" classname="Kubernetes e2e suite" time="0">
          <skipped></skipped>
      </testcase>
      <testcase name="[sig-storage] In-tree Volumes [Driver: local][LocalVolumeType: dir-link-bindmounted] [Testpattern: Dynamic PV (ext4)] multiVolume [Slow] should concurrently access the single volume from pods on the same node" classname="Kubernetes e2e suite" time="0">
          <skipped></skipped>
      </testcase>
      <testcase name="[sig-storage] In-tree Volumes [Driver: local][LocalVolumeType: dir] [Testpattern: Dynamic PV (xfs)][Slow] volumes should allow exec of files on the volume" classname="Kubernetes e2e suite" time="0">
          <skipped></skipped>
      </testcase>
      <testcase name="[sig-storage] In-tree Volumes [Driver: ceph][Feature:Volumes][Serial] [Testpattern: Dynamic PV (filesystem volmode)] multiVolume [Slow] should concurrently access the single volume from pods on the same node" classname="Kubernetes e2e suite" time="0">
          <skipped></skipped>
      </testcase>
      <testcase name="[sig-storage] In-tree Volumes [Driver: aws] [Testpattern: Dynamic PV (xfs)][Slow] multiVolume [Slow] should access to two volumes with the same volume mode and retain data across pod recreation on the same node" classname="Kubernetes e2e suite" time="0">
          <skipped></skipped>
      </testcase>
      <testcase name="[sig-network] EndpointSlice should create Endpoints and EndpointSlices for Pods matching a Service [Conformance]" classname="Kubernetes e2e suite" time="30.366889927"></testcase>
      <testcase name="[sig-node] Probing container should be restarted with a failing exec liveness probe that took longer than the timeout" classname="Kubernetes e2e suite" time="0">
          <skipped></skipped>
      </testcase>
      <testcase name="[sig-storage] In-tree Volumes [Driver: aws] [Testpattern: Dynamic PV (default fs)] subPath should fail if subpath directory is outside the volume [Slow][LinuxOnly]" classname="Kubernetes e2e suite" time="0">
          <skipped></skipped>
      </testcase>
      <testcase name="[sig-storage] In-tree Volumes [Driver: rbd][Feature:Volumes][Serial] [Testpattern: Pre-provisioned PV (default fs)] subPath should support restarting containers using file as subpath [Slow][LinuxOnly]" classname="Kubernetes e2e suite" time="0">
          <skipped></skipped>
      </testcase>
      <testcase name="[sig-storage] In-tree Volumes [Driver: local][LocalVolumeType: dir-bindmounted] [Testpattern: Pre-provisioned PV (default fs)] subPath should support readOnly file specified in the volumeMount [LinuxOnly]" classname="Kubernetes e2e suite" time="0">
          <skipped></skipped>
      </testcase>
      <testcase name="[sig-storage] CSI Volumes [Driver: pd.csi.storage.gke.io][Serial] [Testpattern: Dynamic PV (ntfs)][Feature:Windows] subPath should support restarting containers using directory as subpath [Slow]" classname="Kubernetes e2e suite" time="0">
          <skipped></skipped>
      </testcase>
      <testcase name="[sig-storage] In-tree Volumes [Driver: gluster] [Testpattern: Dynamic PV (delayed binding)] topology should provision a volume and schedule a pod with AllowedTopologies" classname="Kubernetes e2e suite" time="0">
          <skipped></skipped>
      </testcase>
      <testcase name="[sig-storage] In-tree Volumes [Driver: aws] [Testpattern: Dynamic PV (ntfs)][Feature:Windows] subPath should support file as subpath [LinuxOnly]" classname="Kubernetes e2e suite" time="0">
          <skipped></skipped>
      </testcase>
      <testcase name="[sig-node] ConfigMap should be consumable via environment variable [NodeConformance] [Conformance]" classname="Kubernetes e2e suite" time="2.228278827"></testcase>
      <testcase name="[sig-network] [Feature:IPv6DualStack] should create service with ipv6,v4 cluster ip" classname="Kubernetes e2e suite" time="0">
          <skipped></skipped>
      </testcase>
      <testcase name="[sig-storage] In-tree Volumes [Driver: azure-disk] [Testpattern: Pre-provisioned PV (filesystem volmode)] volumeMode should fail to use a volume in a pod with mismatched mode [Slow]" classname="Kubernetes e2e suite" time="0">
          <skipped></skipped>
      </testcase>
      <testcase name="[sig-storage] In-tree Volumes [Driver: local][LocalVolumeType: block] [Testpattern: Dynamic PV (ntfs)][Feature:Windows] subPath should support restarting containers using file as subpath [Slow][LinuxOnly]" classname="Kubernetes e2e suite" time="0">
          <skipped></skipped>
      </testcase>
      <testcase name="[sig-autoscaling] [HPA] Horizontal pod autoscaling (scale resource: Custom Metrics from Stackdriver) should scale down with Custom Metric of type Pod from Stackdriver [Feature:CustomMetricsAutoscaling]" classname="Kubernetes e2e suite" time="0">
          <skipped></skipped>
      </testcase>
      <testcase name="[sig-storage] In-tree Volumes [Driver: rbd][Feature:Volumes][Serial] [Testpattern: Inline-volume (ext4)] volumes should allow exec of files on the volume" classname="Kubernetes e2e suite" time="0">
          <skipped></skipped>
      </testcase>
      <testcase name="[sig-node] Docker Containers should be able to override the image&#39;s default arguments (docker cmd) [NodeConformance] [Conformance]" classname="Kubernetes e2e suite" time="2.191746434"></testcase>
      <testcase name="[sig-storage] In-tree Volumes [Driver: local][LocalVolumeType: blockfs] [Testpattern: Dynamic PV (ext4)] multiVolume [Slow] should concurrently access the single read-only volume from pods on the same node" classname="Kubernetes e2e suite" time="0">
          <skipped></skipped>
      </testcase>
      <testcase name="[sig-storage] In-tree Volumes [Driver: emptydir] [Testpattern: Dynamic PV (ntfs)(allowExpansion)][Feature:Windows] volume-expand Verify if offline PVC expansion works" classname="Kubernetes e2e suite" time="0">
          <skipped></skipped>
      </testcase>
      <testcase name="[sig-storage] In-tree Volumes [Driver: gcepd] [Testpattern: Dynamic PV (block volmode)] provisioning should provision storage with mount options" classname="Kubernetes e2e suite" time="0">
          <skipped></skipped>
      </testcase>
      <testcase name="[sig-storage] In-tree Volumes [Driver: hostPathSymlink] [Testpattern: Dynamic PV (filesystem volmode)] multiVolume [Slow] should concurrently access the volume and restored snapshot from pods on the same node [LinuxOnly][Feature:VolumeSnapshotDataSource][Feature:VolumeSourceXFS]" classname="Kubernetes e2e suite" time="0">
          <skipped></skipped>
      </testcase>
      <testcase name="[sig-storage] In-tree Volumes [Driver: ceph][Feature:Volumes][Serial] [Testpattern: Pre-provisioned PV (block volmode)] volumeMode should not mount / map unused volumes in a pod [LinuxOnly]" classname="Kubernetes e2e suite" time="0">
          <skipped></skipped>
      </testcase>
      <testcase name="[sig-storage] In-tree Volumes [Driver: local][LocalVolumeType: tmpfs] [Testpattern: Dynamic PV (filesystem volmode)] volumeLimits should support volume limits [Serial]" classname="Kubernetes e2e suite" time="0">
          <skipped></skipped>
      </testcase>
      <testcase name="[sig-storage] In-tree Volumes [Driver: gluster] [Testpattern: Dynamic PV (filesystem volmode)] multiVolume [Slow] should access to two volumes with the same volume mode and retain data across pod recreation on different node" classname="Kubernetes e2e suite" time="0">
          <skipped></skipped>
      </testcase>
      <testcase name="[sig-storage] In-tree Volumes [Driver: ceph][Feature:Volumes][Serial] [Testpattern: Inline-volume (default fs)] volumes should store data" classname="Kubernetes e2e suite" time="0">
          <skipped></skipped>
      </testcase>
      <testcase name="[sig-storage] In-tree Volumes [Driver: hostPath] [Testpattern: Dynamic PV (default fs)] subPath should fail if non-existent subpath is outside the volume [Slow][LinuxOnly]" classname="Kubernetes e2e suite" time="0">
          <skipped></skipped>
      </testcase>
      <testcase name="[sig-storage] In-tree Volumes [Driver: local][LocalVolumeType: blockfs] [Testpattern: Inline-volume (default fs)] subPath should support existing directory" classname="Kubernetes e2e suite" time="0">
          <skipped></skipped>
      </testcase>
      <testcase name="[sig-storage] In-tree Volumes [Driver: local][LocalVolumeType: tmpfs] [Testpattern: Dynamic PV (block volmode)(allowExpansion)] volume-expand Verify if offline PVC expansion works" classname="Kubernetes e2e suite" time="0">
          <skipped></skipped>
      </testcase>
      <testcase name="[sig-storage] In-tree Volumes [Driver: local][LocalVolumeType: dir-bindmounted] [Testpattern: Inline-volume (default fs)] subPath should support existing directories when readOnly specified in the volumeSource" classname="Kubernetes e2e suite" time="0">
          <skipped></skipped>
      </testcase>
      <testcase name="[sig-storage] In-tree Volumes [Driver: local][LocalVolumeType: blockfs] [Testpattern: Inline-volume (default fs)] subPath should fail if subpath with backstepping is outside the volume [Slow][LinuxOnly]" classname="Kubernetes e2e suite" time="0">
          <skipped></skipped>
      </testcase>
      <testcase name="[sig-storage] In-tree Volumes [Driver: nfs] [Testpattern: Pre-provisioned PV (block volmode)] multiVolume [Slow] should concurrently access the volume and its clone from pods on the same node [LinuxOnly][Feature:VolumeSnapshotDataSource][Feature:VolumeSourceXFS]" classname="Kubernetes e2e suite" time="0">
          <skipped></skipped>
      </testcase>
      <testcase name="[sig-node] Probing container should have monotonically increasing restart count [NodeConformance] [Conformance]" classname="Kubernetes e2e suite" time="157.031164182"></testcase>
      <testcase name="[sig-storage] In-tree Volumes [Driver: vsphere] [Testpattern: Dynamic PV (xfs)][Slow] multiVolume [Slow] should concurrently access the single read-only volume from pods on the same node" classname="Kubernetes e2e suite" time="0">
          <skipped></skipped>
      </testcase>
      <testcase name="[sig-storage] In-tree Volumes [Driver: local][LocalVolumeType: block] [Testpattern: Inline-volume (ntfs)][Feature:Windows] volumes should store data" classname="Kubernetes e2e suite" time="0">
          <skipped></skipped>
      </testcase>
      <testcase name="[sig-storage] In-tree Volumes [Driver: ceph][Feature:Volumes][Serial] [Testpattern: Dynamic PV (default fs)] fsgroupchangepolicy (Always)[LinuxOnly], pod created with an initial fsgroup, volume contents ownership changed in first pod, new pod with same fsgroup applied to the volume contents" classname="Kubernetes e2e suite" time="0">
          <skipped></skipped>
      </testcase>
      <testcase name="[sig-storage] In-tree Volumes [Driver: local][LocalVolumeType: block] [Testpattern: Dynamic PV (block volmode)(allowExpansion)] volume-expand Verify if offline PVC expansion works" classname="Kubernetes e2e suite" time="0">
          <skipped></skipped>
      </testcase>
      <testcase name="[sig-storage] In-tree Volumes [Driver: local][LocalVolumeType: tmpfs] [Testpattern: Dynamic PV (default fs)] fsgroupchangepolicy (OnRootMismatch)[LinuxOnly], pod created with an initial fsgroup, new pod fsgroup applied to volume contents" classname="Kubernetes e2e suite" time="0">
          <skipped></skipped>
      </testcase>
      <testcase name="[sig-storage] In-tree Volumes [Driver: rbd][Feature:Volumes][Serial] [Testpattern: Dynamic PV (ntfs)][Feature:Windows] subPath should fail if non-existent subpath is outside the volume [Slow][LinuxOnly]" classname="Kubernetes e2e suite" time="0">
          <skipped></skipped>
      </testcase>
      <testcase name="[sig-network] DNS should resolve DNS of partial qualified names for services [LinuxOnly] [Conformance]" classname="Kubernetes e2e suite" time="605.793355851">
          <failure type="Failure">/workspace/src/k8s.io/kubernetes/_output/dockerized/go/src/k8s.io/kubernetes/test/e2e/framework/framework.go:630&#xA;Aug 27 10:30:26.647: Unexpected error:&#xA;    &lt;*errors.errorString | 0xc0002c6240&gt;: {&#xA;        s: &#34;timed out waiting for the condition&#34;,&#xA;    }&#xA;    timed out waiting for the condition&#xA;occurred&#xA;/workspace/src/k8s.io/kubernetes/_output/dockerized/go/src/k8s.io/kubernetes/test/e2e/network/dns_common.go:463</failure>
          <system-out>[BeforeEach] [sig-network] DNS&#xA;  /workspace/src/k8s.io/kubernetes/_output/dockerized/go/src/k8s.io/kubernetes/test/e2e/framework/framework.go:185&#xA;STEP: Creating a kubernetes client&#xA;Aug 27 10:20:21.555: INFO: &gt;&gt;&gt; kubeConfig: /tmp/kubeconfig-655963504&#xA;STEP: Building a namespace api object, basename dns&#xA;STEP: Waiting for a default service account to be provisioned in namespace&#xA;[It] should resolve DNS of partial qualified names for services [LinuxOnly] [Conformance]&#xA;  /workspace/src/k8s.io/kubernetes/_output/dockerized/go/src/k8s.io/kubernetes/test/e2e/framework/framework.go:630&#xA;STEP: Creating a test headless service&#xA;STEP: Running these commands on wheezy: for i in `seq 1 600`; do check=&#34;$$(dig +notcp +noall +answer +search dns-test-service A)&#34; &amp;&amp; test -n &#34;$$check&#34; &amp;&amp; echo OK &gt; /results/wheezy_udp@dns-test-service;check=&#34;$$(dig +tcp +noall +answer +search dns-test-service A)&#34; &amp;&amp; test -n &#34;$$check&#34; &amp;&amp; echo OK &gt; /results/wheezy_tcp@dns-test-service;check=&#34;$$(dig +notcp +noall +answer +search dns-test-service.dns-4034 A)&#34; &amp;&amp; test -n &#34;$$check&#34; &amp;&amp; echo OK &gt; /results/wheezy_udp@dns-test-service.dns-4034;check=&#34;$$(dig +tcp +noall +answer +search dns-test-service.dns-4034 A)&#34; &amp;&amp; test -n &#34;$$check&#34; &amp;&amp; echo OK &gt; /results/wheezy_tcp@dns-test-service.dns-4034;check=&#34;$$(dig +notcp +noall +answer +search dns-test-service.dns-4034.svc A)&#34; &amp;&amp; test -n &#34;$$check&#34; &amp;&amp; echo OK &gt; /results/wheezy_udp@dns-test-service.dns-4034.svc;check=&#34;$$(dig +tcp +noall +answer +search dns-test-service.dns-4034.svc A)&#34; &amp;&amp; test -n &#34;$$check&#34; &amp;&amp; echo OK &gt; /results/wheezy_tcp@dns-test-service.dns-4034.svc;check=&#34;$$(dig +notcp +noall +answer +search _http._tcp.dns-test-service.dns-4034.svc SRV)&#34; &amp;&amp; test -n &#34;$$check&#34; &amp;&amp; echo OK &gt; /results/wheezy_udp@_http._tcp.dns-test-service.dns-4034.svc;check=&#34;$$(dig +tcp +noall +answer +search _http._tcp.dns-test-service.dns-4034.svc SRV)&#34; &amp;&amp; test -n &#34;$$check&#34; &amp;&amp; echo OK &gt; /results/wheezy_tcp@_http._tcp.dns-test-service.dns-4034.svc;check=&#34;$$(dig +notcp +noall +answer +search _http._tcp.test-service-2.dns-4034.svc SRV)&#34; &amp;&amp; test -n &#34;$$check&#34; &amp;&amp; echo OK &gt; /results/wheezy_udp@_http._tcp.test-service-2.dns-4034.svc;check=&#34;$$(dig +tcp +noall +answer +search _http._tcp.test-service-2.dns-4034.svc SRV)&#34; &amp;&amp; test -n &#34;$$check&#34; &amp;&amp; echo OK &gt; /results/wheezy_tcp@_http._tcp.test-service-2.dns-4034.svc;podARec=$$(hostname -i| awk -F. &#39;{print $$1&#34;-&#34;$$2&#34;-&#34;$$3&#34;-&#34;$$4&#34;.dns-4034.pod.cluster.local&#34;}&#39;);check=&#34;$$(dig +notcp +noall +answer +search $${podARec} A)&#34; &amp;&amp; test -n &#34;$$check&#34; &amp;&amp; echo OK &gt; /results/wheezy_udp@PodARecord;check=&#34;$$(dig +tcp +noall +answer +search $${podARec} A)&#34; &amp;&amp; test -n &#34;$$check&#34; &amp;&amp; echo OK &gt; /results/wheezy_tcp@PodARecord;check=&#34;$$(dig +notcp +noall +answer +search 161.186.31.10.in-addr.arpa. PTR)&#34; &amp;&amp; test -n &#34;$$check&#34; &amp;&amp; echo OK &gt; /results/10.31.186.161_udp@PTR;check=&#34;$$(dig +tcp +noall +answer +search 161.186.31.10.in-addr.arpa. PTR)&#34; &amp;&amp; test -n &#34;$$check&#34; &amp;&amp; echo OK &gt; /results/10.31.186.161_tcp@PTR;sleep 1; done&#xA;&#xA;STEP: Running these commands on jessie: for i in `seq 1 600`; do check=&#34;$$(dig +notcp +noall +answer +search dns-test-service A)&#34; &amp;&amp; test -n &#34;$$check&#34; &amp;&amp; echo OK &gt; /results/jessie_udp@dns-test-service;check=&#34;$$(dig +tcp +noall +answer +search dns-test-service A)&#34; &amp;&amp; test -n &#34;$$check&#34; &amp;&amp; echo OK &gt; /results/jessie_tcp@dns-test-service;check=&#34;$$(dig +notcp +noall +answer +search dns-test-service.dns-4034 A)&#34; &amp;&amp; test -n &#34;$$check&#34; &amp;&amp; echo OK &gt; /results/jessie_udp@dns-test-service.dns-4034;check=&#34;$$(dig +tcp +noall +answer +search dns-test-service.dns-4034 A)&#34; &amp;&amp; test -n &#34;$$check&#34; &amp;&amp; echo OK &gt; /results/jessie_tcp@dns-test-service.dns-4034;check=&#34;$$(dig +notcp +noall +answer +search dns-test-service.dns-4034.svc A)&#34; &amp;&amp; test -n &#34;$$check&#34; &amp;&amp; echo OK &gt; /results/jessie_udp@dns-test-service.dns-4034.svc;check=&#34;$$(dig +tcp +noall +answer +search dns-test-service.dns-4034.svc A)&#34; &amp;&amp; test -n &#34;$$check&#34; &amp;&amp; echo OK &gt; /results/jessie_tcp@dns-test-service.dns-4034.svc;check=&#34;$$(dig +notcp +noall +answer +search _http._tcp.dns-test-service.dns-4034.svc SRV)&#34; &amp;&amp; test -n &#34;$$check&#34; &amp;&amp; echo OK &gt; /results/jessie_udp@_http._tcp.dns-test-service.dns-4034.svc;check=&#34;$$(dig +tcp +noall +answer +search _http._tcp.dns-test-service.dns-4034.svc SRV)&#34; &amp;&amp; test -n &#34;$$check&#34; &amp;&amp; echo OK &gt; /results/jessie_tcp@_http._tcp.dns-test-service.dns-4034.svc;check=&#34;$$(dig +notcp +noall +answer +search _http._tcp.test-service-2.dns-4034.svc SRV)&#34; &amp;&amp; test -n &#34;$$check&#34; &amp;&amp; echo OK &gt; /results/jessie_udp@_http._tcp.test-service-2.dns-4034.svc;check=&#34;$$(dig +tcp +noall +answer +search _http._tcp.test-service-2.dns-4034.svc SRV)&#34; &amp;&amp; test -n &#34;$$check&#34; &amp;&amp; echo OK &gt; /results/jessie_tcp@_http._tcp.test-service-2.dns-4034.svc;podARec=$$(hostname -i| awk -F. &#39;{print $$1&#34;-&#34;$$2&#34;-&#34;$$3&#34;-&#34;$$4&#34;.dns-4034.pod.cluster.local&#34;}&#39;);check=&#34;$$(dig +notcp +noall +answer +search $${podARec} A)&#34; &amp;&amp; test -n &#34;$$check&#34; &amp;&amp; echo OK &gt; /results/jessie_udp@PodARecord;check=&#34;$$(dig +tcp +noall +answer +search $${podARec} A)&#34; &amp;&amp; test -n &#34;$$check&#34; &amp;&amp; echo OK &gt; /results/jessie_tcp@PodARecord;check=&#34;$$(dig +notcp +noall +answer +search 161.186.31.10.in-addr.arpa. PTR)&#34; &amp;&amp; test -n &#34;$$check&#34; &amp;&amp; echo OK &gt; /results/10.31.186.161_udp@PTR;check=&#34;$$(dig +tcp +noall +answer +search 161.186.31.10.in-addr.arpa. PTR)&#34; &amp;&amp; test -n &#34;$$check&#34; &amp;&amp; echo OK &gt; /results/10.31.186.161_tcp@PTR;sleep 1; done&#xA;&#xA;STEP: creating a pod to probe DNS&#xA;STEP: submitting the pod to kubernetes&#xA;STEP: retrieving the pod&#xA;STEP: looking for the results for each expected name from probers&#xA;Aug 27 10:20:25.849: INFO: Unable to read wheezy_udp@dns-test-service from pod dns-4034/dns-test-f01c8ea1-6f51-481f-b1f7-69e0f6055134: the server could not find the requested resource (get pods dns-test-f01c8ea1-6f51-481f-b1f7-69e0f6055134)&#xA;Aug 27 10:20:25.892: INFO: Unable to read wheezy_tcp@dns-test-service from pod dns-4034/dns-test-f01c8ea1-6f51-481f-b1f7-69e0f6055134: the server could not find the requested resource (get pods dns-test-f01c8ea1-6f51-481f-b1f7-69e0f6055134)&#xA;Aug 27 10:20:25.927: INFO: Unable to read wheezy_udp@dns-test-service.dns-4034 from pod dns-4034/dns-test-f01c8ea1-6f51-481f-b1f7-69e0f6055134: the server could not find the requested resource (get pods dns-test-f01c8ea1-6f51-481f-b1f7-69e0f6055134)&#xA;Aug 27 10:20:25.960: INFO: Unable to read wheezy_tcp@dns-test-service.dns-4034 from pod dns-4034/dns-test-f01c8ea1-6f51-481f-b1f7-69e0f6055134: the server could not find the requested resource (get pods dns-test-f01c8ea1-6f51-481f-b1f7-69e0f6055134)&#xA;Aug 27 10:20:25.985: INFO: Unable to read wheezy_udp@dns-test-service.dns-4034.svc from pod dns-4034/dns-test-f01c8ea1-6f51-481f-b1f7-69e0f6055134: the server could not find the requested resource (get pods dns-test-f01c8ea1-6f51-481f-b1f7-69e0f6055134)&#xA;Aug 27 10:20:26.003: INFO: Unable to read wheezy_tcp@dns-test-service.dns-4034.svc from pod dns-4034/dns-test-f01c8ea1-6f51-481f-b1f7-69e0f6055134: the server could not find the requested resource (get pods dns-test-f01c8ea1-6f51-481f-b1f7-69e0f6055134)&#xA;Aug 27 10:20:26.009: INFO: Unable to read wheezy_udp@_http._tcp.dns-test-service.dns-4034.svc from pod dns-4034/dns-test-f01c8ea1-6f51-481f-b1f7-69e0f6055134: the server could not find the requested resource (get pods dns-test-f01c8ea1-6f51-481f-b1f7-69e0f6055134)&#xA;Aug 27 10:20:26.027: INFO: Unable to read wheezy_tcp@_http._tcp.dns-test-service.dns-4034.svc from pod dns-4034/dns-test-f01c8ea1-6f51-481f-b1f7-69e0f6055134: the server could not find the requested resource (get pods dns-test-f01c8ea1-6f51-481f-b1f7-69e0f6055134)&#xA;Aug 27 10:20:26.036: INFO: Unable to read wheezy_udp@_http._tcp.test-service-2.dns-4034.svc from pod dns-4034/dns-test-f01c8ea1-6f51-481f-b1f7-69e0f6055134: the server could not find the requested resource (get pods dns-test-f01c8ea1-6f51-481f-b1f7-69e0f6055134)&#xA;Aug 27 10:20:26.058: INFO: Unable to read wheezy_tcp@_http._tcp.test-service-2.dns-4034.svc from pod dns-4034/dns-test-f01c8ea1-6f51-481f-b1f7-69e0f6055134: the server could not find the requested resource (get pods dns-test-f01c8ea1-6f51-481f-b1f7-69e0f6055134)&#xA;Aug 27 10:20:26.073: INFO: Unable to read wheezy_udp@PodARecord from pod dns-4034/dns-test-f01c8ea1-6f51-481f-b1f7-69e0f6055134: the server could not find the requested resource (get pods dns-test-f01c8ea1-6f51-481f-b1f7-69e0f6055134)&#xA;Aug 27 10:20:26.081: INFO: Unable to read wheezy_tcp@PodARecord from pod dns-4034/dns-test-f01c8ea1-6f51-481f-b1f7-69e0f6055134: the server could not find the requested resource (get pods dns-test-f01c8ea1-6f51-481f-b1f7-69e0f6055134)&#xA;Aug 27 10:20:26.131: INFO: Unable to read 10.31.186.161_udp@PTR from pod dns-4034/dns-test-f01c8ea1-6f51-481f-b1f7-69e0f6055134: the server could not find the requested resource (get pods dns-test-f01c8ea1-6f51-481f-b1f7-69e0f6055134)&#xA;Aug 27 10:20:26.144: INFO: Unable to read 10.31.186.161_tcp@PTR from pod dns-4034/dns-test-f01c8ea1-6f51-481f-b1f7-69e0f6055134: the server could not find the requested resource (get pods dns-test-f01c8ea1-6f51-481f-b1f7-69e0f6055134)&#xA;Aug 27 10:20:26.160: INFO: Unable to read jessie_udp@dns-test-service from pod dns-4034/dns-test-f01c8ea1-6f51-481f-b1f7-69e0f6055134: the server could not find the requested resource (get pods dns-test-f01c8ea1-6f51-481f-b1f7-69e0f6055134)&#xA;Aug 27 10:20:26.171: INFO: Unable to read jessie_tcp@dns-test-service from pod dns-4034/dns-test-f01c8ea1-6f51-481f-b1f7-69e0f6055134: the server could not find the requested resource (get pods dns-test-f01c8ea1-6f51-481f-b1f7-69e0f6055134)&#xA;Aug 27 10:20:26.201: INFO: Unable to read jessie_udp@dns-test-service.dns-4034 from pod dns-4034/dns-test-f01c8ea1-6f51-481f-b1f7-69e0f6055134: the server could not find the requested resource (get pods dns-test-f01c8ea1-6f51-481f-b1f7-69e0f6055134)&#xA;Aug 27 10:20:26.231: INFO: Unable to read jessie_tcp@dns-test-service.dns-4034 from pod dns-4034/dns-test-f01c8ea1-6f51-481f-b1f7-69e0f6055134: the server could not find the requested resource (get pods dns-test-f01c8ea1-6f51-481f-b1f7-69e0f6055134)&#xA;Aug 27 10:20:26.241: INFO: Unable to read jessie_udp@dns-test-service.dns-4034.svc from pod dns-4034/dns-test-f01c8ea1-6f51-481f-b1f7-69e0f6055134: the server could not find the requested resource (get pods dns-test-f01c8ea1-6f51-481f-b1f7-69e0f6055134)&#xA;Aug 27 10:20:26.252: INFO: Unable to read jessie_tcp@dns-test-service.dns-4034.svc from pod dns-4034/dns-test-f01c8ea1-6f51-481f-b1f7-69e0f6055134: the server could not find the requested resource (get pods dns-test-f01c8ea1-6f51-481f-b1f7-69e0f6055134)&#xA;Aug 27 10:20:26.285: INFO: Unable to read jessie_udp@PodARecord from pod dns-4034/dns-test-f01c8ea1-6f51-481f-b1f7-69e0f6055134: the server could not find the requested resource (get pods dns-test-f01c8ea1-6f51-481f-b1f7-69e0f6055134)&#xA;Aug 27 10:20:26.319: INFO: Unable to read jessie_tcp@PodARecord from pod dns-4034/dns-test-f01c8ea1-6f51-481f-b1f7-69e0f6055134: the server could not find the requested resource (get pods dns-test-f01c8ea1-6f51-481f-b1f7-69e0f6055134)&#xA;Aug 27 10:20:26.333: INFO: Unable to read 10.31.186.161_udp@PTR from pod dns-4034/dns-test-f01c8ea1-6f51-481f-b1f7-69e0f6055134: the server could not find the requested resource (get pods dns-test-f01c8ea1-6f51-481f-b1f7-69e0f6055134)&#xA;Aug 27 10:20:26.340: INFO: Unable to read 10.31.186.161_tcp@PTR from pod dns-4034/dns-test-f01c8ea1-6f51-481f-b1f7-69e0f6055134: the server could not find the requested resource (get pods dns-test-f01c8ea1-6f51-481f-b1f7-69e0f6055134)&#xA;Aug 27 10:20:26.340: INFO: Lookups using dns-4034/dns-test-f01c8ea1-6f51-481f-b1f7-69e0f6055134 failed for: [wheezy_udp@dns-test-service wheezy_tcp@dns-test-service wheezy_udp@dns-test-service.dns-4034 wheezy_tcp@dns-test-service.dns-4034 wheezy_udp@dns-test-service.dns-4034.svc wheezy_tcp@dns-test-service.dns-4034.svc wheezy_udp@_http._tcp.dns-test-service.dns-4034.svc wheezy_tcp@_http._tcp.dns-test-service.dns-4034.svc wheezy_udp@_http._tcp.test-service-2.dns-4034.svc wheezy_tcp@_http._tcp.test-service-2.dns-4034.svc wheezy_udp@PodARecord wheezy_tcp@PodARecord 10.31.186.161_udp@PTR 10.31.186.161_tcp@PTR jessie_udp@dns-test-service jessie_tcp@dns-test-service jessie_udp@dns-test-service.dns-4034 jessie_tcp@dns-test-service.dns-4034 jessie_udp@dns-test-service.dns-4034.svc jessie_tcp@dns-test-service.dns-4034.svc jessie_udp@PodARecord jessie_tcp@PodARecord 10.31.186.161_udp@PTR 10.31.186.161_tcp@PTR]&#xA;&#xA;Aug 27 10:20:31.345: INFO: Unable to read wheezy_udp@dns-test-service from pod dns-4034/dns-test-f01c8ea1-6f51-481f-b1f7-69e0f6055134: the server could not find the requested resource (get pods dns-test-f01c8ea1-6f51-481f-b1f7-69e0f6055134)&#xA;Aug 27 10:20:31.360: INFO: Unable to read wheezy_tcp@dns-test-service from pod dns-4034/dns-test-f01c8ea1-6f51-481f-b1f7-69e0f6055134: the server could not find the requested resource (get pods dns-test-f01c8ea1-6f51-481f-b1f7-69e0f6055134)&#xA;Aug 27 10:20:31.366: INFO: Unable to read wheezy_udp@dns-test-service.dns-4034 from pod dns-4034/dns-test-f01c8ea1-6f51-481f-b1f7-69e0f6055134: the server could not find the requested resource (get pods dns-test-f01c8ea1-6f51-481f-b1f7-69e0f6055134)&#xA;Aug 27 10:20:31.393: INFO: Unable to read wheezy_udp@dns-test-service.dns-4034.svc from pod dns-4034/dns-test-f01c8ea1-6f51-481f-b1f7-69e0f6055134: the server could not find the requested resource (get pods dns-test-f01c8ea1-6f51-481f-b1f7-69e0f6055134)&#xA;Aug 27 10:20:31.402: INFO: Unable to read wheezy_tcp@dns-test-service.dns-4034.svc from pod dns-4034/dns-test-f01c8ea1-6f51-481f-b1f7-69e0f6055134: the server could not find the requested resource (get pods dns-test-f01c8ea1-6f51-481f-b1f7-69e0f6055134)&#xA;Aug 27 10:20:31.443: INFO: Unable to read wheezy_udp@PodARecord from pod dns-4034/dns-test-f01c8ea1-6f51-481f-b1f7-69e0f6055134: the server could not find the requested resource (get pods dns-test-f01c8ea1-6f51-481f-b1f7-69e0f6055134)&#xA;Aug 27 10:20:31.454: INFO: Unable to read wheezy_tcp@PodARecord from pod dns-4034/dns-test-f01c8ea1-6f51-481f-b1f7-69e0f6055134: the server could not find the requested resource (get pods dns-test-f01c8ea1-6f51-481f-b1f7-69e0f6055134)&#xA;Aug 27 10:20:31.527: INFO: Unable to read jessie_udp@PodARecord from pod dns-4034/dns-test-f01c8ea1-6f51-481f-b1f7-69e0f6055134: the server could not find the requested resource (get pods dns-test-f01c8ea1-6f51-481f-b1f7-69e0f6055134)&#xA;Aug 27 10:20:31.536: INFO: Unable to read jessie_tcp@PodARecord from pod dns-4034/dns-test-f01c8ea1-6f51-481f-b1f7-69e0f6055134: the server could not find the requested resource (get pods dns-test-f01c8ea1-6f51-481f-b1f7-69e0f6055134)&#xA;Aug 27 10:20:31.551: INFO: Lookups using dns-4034/dns-test-f01c8ea1-6f51-481f-b1f7-69e0f6055134 failed for: [wheezy_udp@dns-test-service wheezy_tcp@dns-test-service wheezy_udp@dns-test-service.dns-4034 wheezy_udp@dns-test-service.dns-4034.svc wheezy_tcp@dns-test-service.dns-4034.svc wheezy_udp@PodARecord wheezy_tcp@PodARecord jessie_udp@PodARecord jessie_tcp@PodARecord]&#xA;&#xA;Aug 27 10:20:36.402: INFO: Unable to read wheezy_udp@PodARecord from pod dns-4034/dns-test-f01c8ea1-6f51-481f-b1f7-69e0f6055134: the server could not find the requested resource (get pods dns-test-f01c8ea1-6f51-481f-b1f7-69e0f6055134)&#xA;Aug 27 10:20:36.408: INFO: Unable to read wheezy_tcp@PodARecord from pod dns-4034/dns-test-f01c8ea1-6f51-481f-b1f7-69e0f6055134: the server could not find the requested resource (get pods dns-test-f01c8ea1-6f51-481f-b1f7-69e0f6055134)&#xA;Aug 27 10:20:36.477: INFO: Unable to read jessie_udp@PodARecord from pod dns-4034/dns-test-f01c8ea1-6f51-481f-b1f7-69e0f6055134: the server could not find the requested resource (get pods dns-test-f01c8ea1-6f51-481f-b1f7-69e0f6055134)&#xA;Aug 27 10:20:36.487: INFO: Unable to read jessie_tcp@PodARecord from pod dns-4034/dns-test-f01c8ea1-6f51-481f-b1f7-69e0f6055134: the server could not find the requested resource (get pods dns-test-f01c8ea1-6f51-481f-b1f7-69e0f6055134)&#xA;Aug 27 10:20:36.497: INFO: Lookups using dns-4034/dns-test-f01c8ea1-6f51-481f-b1f7-69e0f6055134 failed for: [wheezy_udp@PodARecord wheezy_tcp@PodARecord jessie_udp@PodARecord jessie_tcp@PodARecord]&#xA;&#xA;Aug 27 10:20:41.407: INFO: Unable to read wheezy_udp@PodARecord from pod dns-4034/dns-test-f01c8ea1-6f51-481f-b1f7-69e0f6055134: the server could not find the requested resource (get pods dns-test-f01c8ea1-6f51-481f-b1f7-69e0f6055134)&#xA;Aug 27 10:20:41.411: INFO: Unable to read wheezy_tcp@PodARecord from pod dns-4034/dns-test-f01c8ea1-6f51-481f-b1f7-69e0f6055134: the server could not find the requested resource (get pods dns-test-f01c8ea1-6f51-481f-b1f7-69e0f6055134)&#xA;Aug 27 10:20:41.509: INFO: Unable to read jessie_udp@PodARecord from pod dns-4034/dns-test-f01c8ea1-6f51-481f-b1f7-69e0f6055134: the server could not find the requested resource (get pods dns-test-f01c8ea1-6f51-481f-b1f7-69e0f6055134)&#xA;Aug 27 10:20:41.532: INFO: Unable to read jessie_tcp@PodARecord from pod dns-4034/dns-test-f01c8ea1-6f51-481f-b1f7-69e0f6055134: the server could not find the requested resource (get pods dns-test-f01c8ea1-6f51-481f-b1f7-69e0f6055134)&#xA;Aug 27 10:20:41.552: INFO: Lookups using dns-4034/dns-test-f01c8ea1-6f51-481f-b1f7-69e0f6055134 failed for: [wheezy_udp@PodARecord wheezy_tcp@PodARecord jessie_udp@PodARecord jessie_tcp@PodARecord]&#xA;&#xA;Aug 27 10:20:46.412: INFO: Unable to read wheezy_udp@PodARecord from pod dns-4034/dns-test-f01c8ea1-6f51-481f-b1f7-69e0f6055134: the server could not find the requested resource (get pods dns-test-f01c8ea1-6f51-481f-b1f7-69e0f6055134)&#xA;Aug 27 10:20:46.419: INFO: Unable to read wheezy_tcp@PodARecord from pod dns-4034/dns-test-f01c8ea1-6f51-481f-b1f7-69e0f6055134: the server could not find the requested resource (get pods dns-test-f01c8ea1-6f51-481f-b1f7-69e0f6055134)&#xA;Aug 27 10:20:46.488: INFO: Unable to read jessie_udp@PodARecord from pod dns-4034/dns-test-f01c8ea1-6f51-481f-b1f7-69e0f6055134: the server could not find the requested resource (get pods dns-test-f01c8ea1-6f51-481f-b1f7-69e0f6055134)&#xA;Aug 27 10:20:46.496: INFO: Unable to read jessie_tcp@PodARecord from pod dns-4034/dns-test-f01c8ea1-6f51-481f-b1f7-69e0f6055134: the server could not find the requested resource (get pods dns-test-f01c8ea1-6f51-481f-b1f7-69e0f6055134)&#xA;Aug 27 10:20:46.509: INFO: Lookups using dns-4034/dns-test-f01c8ea1-6f51-481f-b1f7-69e0f6055134 failed for: [wheezy_udp@PodARecord wheezy_tcp@PodARecord jessie_udp@PodARecord jessie_tcp@PodARecord]&#xA;&#xA;Aug 27 10:20:51.412: INFO: Unable to read wheezy_udp@PodARecord from pod dns-4034/dns-test-f01c8ea1-6f51-481f-b1f7-69e0f6055134: the server could not find the requested resource (get pods dns-test-f01c8ea1-6f51-481f-b1f7-69e0f6055134)&#xA;Aug 27 10:20:51.418: INFO: Unable to read wheezy_tcp@PodARecord from pod dns-4034/dns-test-f01c8ea1-6f51-481f-b1f7-69e0f6055134: the server could not find the requested resource (get pods dns-test-f01c8ea1-6f51-481f-b1f7-69e0f6055134)&#xA;Aug 27 10:20:51.493: INFO: Unable to read jessie_udp@PodARecord from pod dns-4034/dns-test-f01c8ea1-6f51-481f-b1f7-69e0f6055134: the server could not find the requested resource (get pods dns-test-f01c8ea1-6f51-481f-b1f7-69e0f6055134)&#xA;Aug 27 10:20:51.499: INFO: Unable to read jessie_tcp@PodARecord from pod dns-4034/dns-test-f01c8ea1-6f51-481f-b1f7-69e0f6055134: the server could not find the requested resource (get pods dns-test-f01c8ea1-6f51-481f-b1f7-69e0f6055134)&#xA;Aug 27 10:20:51.516: INFO: Lookups using dns-4034/dns-test-f01c8ea1-6f51-481f-b1f7-69e0f6055134 failed for: [wheezy_udp@PodARecord wheezy_tcp@PodARecord jessie_udp@PodARecord jessie_tcp@PodARecord]&#xA;&#xA;Aug 27 10:20:56.425: INFO: Unable to read wheezy_udp@PodARecord from pod dns-4034/dns-test-f01c8ea1-6f51-481f-b1f7-69e0f6055134: the server could not find the requested resource (get pods dns-test-f01c8ea1-6f51-481f-b1f7-69e0f6055134)&#xA;Aug 27 10:20:56.436: INFO: Unable to read wheezy_tcp@PodARecord from pod dns-4034/dns-test-f01c8ea1-6f51-481f-b1f7-69e0f6055134: the server could not find the requested resource (get pods dns-test-f01c8ea1-6f51-481f-b1f7-69e0f6055134)&#xA;Aug 27 10:20:56.530: INFO: Unable to read jessie_udp@PodARecord from pod dns-4034/dns-test-f01c8ea1-6f51-481f-b1f7-69e0f6055134: the server could not find the requested resource (get pods dns-test-f01c8ea1-6f51-481f-b1f7-69e0f6055134)&#xA;Aug 27 10:20:56.540: INFO: Unable to read jessie_tcp@PodARecord from pod dns-4034/dns-test-f01c8ea1-6f51-481f-b1f7-69e0f6055134: the server could not find the requested resource (get pods dns-test-f01c8ea1-6f51-481f-b1f7-69e0f6055134)&#xA;Aug 27 10:20:56.554: INFO: Lookups using dns-4034/dns-test-f01c8ea1-6f51-481f-b1f7-69e0f6055134 failed for: [wheezy_udp@PodARecord wheezy_tcp@PodARecord jessie_udp@PodARecord jessie_tcp@PodARecord]&#xA;&#xA;Aug 27 10:21:01.425: INFO: Unable to read wheezy_udp@PodARecord from pod dns-4034/dns-test-f01c8ea1-6f51-481f-b1f7-69e0f6055134: the server could not find the requested resource (get pods dns-test-f01c8ea1-6f51-481f-b1f7-69e0f6055134)&#xA;Aug 27 10:21:01.435: INFO: Unable to read wheezy_tcp@PodARecord from pod dns-4034/dns-test-f01c8ea1-6f51-481f-b1f7-69e0f6055134: the server could not find the requested resource (get pods dns-test-f01c8ea1-6f51-481f-b1f7-69e0f6055134)&#xA;Aug 27 10:21:01.510: INFO: Unable to read jessie_udp@PodARecord from pod dns-4034/dns-test-f01c8ea1-6f51-481f-b1f7-69e0f6055134: the server could not find the requested resource (get pods dns-test-f01c8ea1-6f51-481f-b1f7-69e0f6055134)&#xA;Aug 27 10:21:01.523: INFO: Unable to read jessie_tcp@PodARecord from pod dns-4034/dns-test-f01c8ea1-6f51-481f-b1f7-69e0f6055134: the server could not find the requested resource (get pods dns-test-f01c8ea1-6f51-481f-b1f7-69e0f6055134)&#xA;Aug 27 10:21:01.542: INFO: Lookups using dns-4034/dns-test-f01c8ea1-6f51-481f-b1f7-69e0f6055134 failed for: [wheezy_udp@PodARecord wheezy_tcp@PodARecord jessie_udp@PodARecord jessie_tcp@PodARecord]&#xA;&#xA;Aug 27 10:21:06.447: INFO: Unable to read wheezy_udp@PodARecord from pod dns-4034/dns-test-f01c8ea1-6f51-481f-b1f7-69e0f6055134: the server could not find the requested resource (get pods dns-test-f01c8ea1-6f51-481f-b1f7-69e0f6055134)&#xA;Aug 27 10:21:06.453: INFO: Unable to read wheezy_tcp@PodARecord from pod dns-4034/dns-test-f01c8ea1-6f51-481f-b1f7-69e0f6055134: the server could not find the requested resource (get pods dns-test-f01c8ea1-6f51-481f-b1f7-69e0f6055134)&#xA;Aug 27 10:21:06.538: INFO: Unable to read jessie_udp@PodARecord from pod dns-4034/dns-test-f01c8ea1-6f51-481f-b1f7-69e0f6055134: the server could not find the requested resource (get pods dns-test-f01c8ea1-6f51-481f-b1f7-69e0f6055134)&#xA;Aug 27 10:21:06.544: INFO: Unable to read jessie_tcp@PodARecord from pod dns-4034/dns-test-f01c8ea1-6f51-481f-b1f7-69e0f6055134: the server could not find the requested resource (get pods dns-test-f01c8ea1-6f51-481f-b1f7-69e0f6055134)&#xA;Aug 27 10:21:06.555: INFO: Lookups using dns-4034/dns-test-f01c8ea1-6f51-481f-b1f7-69e0f6055134 failed for: [wheezy_udp@PodARecord wheezy_tcp@PodARecord jessie_udp@PodARecord jessie_tcp@PodARecord]&#xA;&#xA;Aug 27 10:21:11.458: INFO: Unable to read wheezy_udp@PodARecord from pod dns-4034/dns-test-f01c8ea1-6f51-481f-b1f7-69e0f6055134: the server could not find the requested resource (get pods dns-test-f01c8ea1-6f51-481f-b1f7-69e0f6055134)&#xA;Aug 27 10:21:11.474: INFO: Unable to read wheezy_tcp@PodARecord from pod dns-4034/dns-test-f01c8ea1-6f51-481f-b1f7-69e0f6055134: the server could not find the requested resource (get pods dns-test-f01c8ea1-6f51-481f-b1f7-69e0f6055134)&#xA;Aug 27 10:21:11.558: INFO: Unable to read jessie_udp@PodARecord from pod dns-4034/dns-test-f01c8ea1-6f51-481f-b1f7-69e0f6055134: the server could not find the requested resource (get pods dns-test-f01c8ea1-6f51-481f-b1f7-69e0f6055134)&#xA;Aug 27 10:21:11.563: INFO: Unable to read jessie_tcp@PodARecord from pod dns-4034/dns-test-f01c8ea1-6f51-481f-b1f7-69e0f6055134: the server could not find the requested resource (get pods dns-test-f01c8ea1-6f51-481f-b1f7-69e0f6055134)&#xA;Aug 27 10:21:11.572: INFO: Lookups using dns-4034/dns-test-f01c8ea1-6f51-481f-b1f7-69e0f6055134 failed for: [wheezy_udp@PodARecord wheezy_tcp@PodARecord jessie_udp@PodARecord jessie_tcp@PodARecord]&#xA;&#xA;Aug 27 10:21:16.391: INFO: Unable to read wheezy_udp@PodARecord from pod dns-4034/dns-test-f01c8ea1-6f51-481f-b1f7-69e0f6055134: the server could not find the requested resource (get pods dns-test-f01c8ea1-6f51-481f-b1f7-69e0f6055134)&#xA;Aug 27 10:21:16.407: INFO: Unable to read wheezy_tcp@PodARecord from pod dns-4034/dns-test-f01c8ea1-6f51-481f-b1f7-69e0f6055134: the server could not find the requested resource (get pods dns-test-f01c8ea1-6f51-481f-b1f7-69e0f6055134)&#xA;Aug 27 10:21:16.531: INFO: Unable to read jessie_udp@PodARecord from pod dns-4034/dns-test-f01c8ea1-6f51-481f-b1f7-69e0f6055134: the server could not find the requested resource (get pods dns-test-f01c8ea1-6f51-481f-b1f7-69e0f6055134)&#xA;Aug 27 10:21:16.548: INFO: Unable to read jessie_tcp@PodARecord from pod dns-4034/dns-test-f01c8ea1-6f51-481f-b1f7-69e0f6055134: the server could not find the requested resource (get pods dns-test-f01c8ea1-6f51-481f-b1f7-69e0f6055134)&#xA;Aug 27 10:21:16.571: INFO: Lookups using dns-4034/dns-test-f01c8ea1-6f51-481f-b1f7-69e0f6055134 failed for: [wheezy_udp@PodARecord wheezy_tcp@PodARecord jessie_udp@PodARecord jessie_tcp@PodARecord]&#xA;&#xA;Aug 27 10:21:21.418: INFO: Unable to read wheezy_udp@PodARecord from pod dns-4034/dns-test-f01c8ea1-6f51-481f-b1f7-69e0f6055134: the server could not find the requested resource (get pods dns-test-f01c8ea1-6f51-481f-b1f7-69e0f6055134)&#xA;Aug 27 10:21:21.432: INFO: Unable to read wheezy_tcp@PodARecord from pod dns-4034/dns-test-f01c8ea1-6f51-481f-b1f7-69e0f6055134: the server could not find the requested resource (get pods dns-test-f01c8ea1-6f51-481f-b1f7-69e0f6055134)&#xA;Aug 27 10:21:21.557: INFO: Unable to read jessie_udp@PodARecord from pod dns-4034/dns-test-f01c8ea1-6f51-481f-b1f7-69e0f6055134: the server could not find the requested resource (get pods dns-test-f01c8ea1-6f51-481f-b1f7-69e0f6055134)&#xA;Aug 27 10:21:21.563: INFO: Unable to read jessie_tcp@PodARecord from pod dns-4034/dns-test-f01c8ea1-6f51-481f-b1f7-69e0f6055134: the server could not find the requested resource (get pods dns-test-f01c8ea1-6f51-481f-b1f7-69e0f6055134)&#xA;Aug 27 10:21:21.575: INFO: Lookups using dns-4034/dns-test-f01c8ea1-6f51-481f-b1f7-69e0f6055134 failed for: [wheezy_udp@PodARecord wheezy_tcp@PodARecord jessie_udp@PodARecord jessie_tcp@PodARecord]&#xA;&#xA;Aug 27 10:21:26.401: INFO: Unable to read wheezy_udp@PodARecord from pod dns-4034/dns-test-f01c8ea1-6f51-481f-b1f7-69e0f6055134: the server could not find the requested resource (get pods dns-test-f01c8ea1-6f51-481f-b1f7-69e0f6055134)&#xA;Aug 27 10:21:26.407: INFO: Unable to read wheezy_tcp@PodARecord from pod dns-4034/dns-test-f01c8ea1-6f51-481f-b1f7-69e0f6055134: the server could not find the requested resource (get pods dns-test-f01c8ea1-6f51-481f-b1f7-69e0f6055134)&#xA;Aug 27 10:21:26.505: INFO: Unable to read jessie_udp@PodARecord from pod dns-4034/dns-test-f01c8ea1-6f51-481f-b1f7-69e0f6055134: the server could not find the requested resource (get pods dns-test-f01c8ea1-6f51-481f-b1f7-69e0f6055134)&#xA;Aug 27 10:21:26.516: INFO: Unable to read jessie_tcp@PodARecord from pod dns-4034/dns-test-f01c8ea1-6f51-481f-b1f7-69e0f6055134: the server could not find the requested resource (get pods dns-test-f01c8ea1-6f51-481f-b1f7-69e0f6055134)&#xA;Aug 27 10:21:26.530: INFO: Lookups using dns-4034/dns-test-f01c8ea1-6f51-481f-b1f7-69e0f6055134 failed for: [wheezy_udp@PodARecord wheezy_tcp@PodARecord jessie_udp@PodARecord jessie_tcp@PodARecord]&#xA;&#xA;Aug 27 10:21:31.475: INFO: Unable to read wheezy_udp@PodARecord from pod dns-4034/dns-test-f01c8ea1-6f51-481f-b1f7-69e0f6055134: the server could not find the requested resource (get pods dns-test-f01c8ea1-6f51-481f-b1f7-69e0f6055134)&#xA;Aug 27 10:21:31.491: INFO: Unable to read wheezy_tcp@PodARecord from pod dns-4034/dns-test-f01c8ea1-6f51-481f-b1f7-69e0f6055134: the server could not find the requested resource (get pods dns-test-f01c8ea1-6f51-481f-b1f7-69e0f6055134)&#xA;Aug 27 10:21:31.559: INFO: Unable to read jessie_udp@PodARecord from pod dns-4034/dns-test-f01c8ea1-6f51-481f-b1f7-69e0f6055134: the server could not find the requested resource (get pods dns-test-f01c8ea1-6f51-481f-b1f7-69e0f6055134)&#xA;Aug 27 10:21:31.568: INFO: Unable to read jessie_tcp@PodARecord from pod dns-4034/dns-test-f01c8ea1-6f51-481f-b1f7-69e0f6055134: the server could not find the requested resource (get pods dns-test-f01c8ea1-6f51-481f-b1f7-69e0f6055134)&#xA;Aug 27 10:21:31.585: INFO: Lookups using dns-4034/dns-test-f01c8ea1-6f51-481f-b1f7-69e0f6055134 failed for: [wheezy_udp@PodARecord wheezy_tcp@PodARecord jessie_udp@PodARecord jessie_tcp@PodARecord]&#xA;&#xA;Aug 27 10:21:36.393: INFO: Unable to read wheezy_udp@PodARecord from pod dns-4034/dns-test-f01c8ea1-6f51-481f-b1f7-69e0f6055134: the server could not find the requested resource (get pods dns-test-f01c8ea1-6f51-481f-b1f7-69e0f6055134)&#xA;Aug 27 10:21:36.400: INFO: Unable to read wheezy_tcp@PodARecord from pod dns-4034/dns-test-f01c8ea1-6f51-481f-b1f7-69e0f6055134: the server could not find the requested resource (get pods dns-test-f01c8ea1-6f51-481f-b1f7-69e0f6055134)&#xA;Aug 27 10:21:36.464: INFO: Unable to read jessie_udp@PodARecord from pod dns-4034/dns-test-f01c8ea1-6f51-481f-b1f7-69e0f6055134: the server could not find the requested resource (get pods dns-test-f01c8ea1-6f51-481f-b1f7-69e0f6055134)&#xA;Aug 27 10:21:36.469: INFO: Unable to read jessie_tcp@PodARecord from pod dns-4034/dns-test-f01c8ea1-6f51-481f-b1f7-69e0f6055134: the server could not find the requested resource (get pods dns-test-f01c8ea1-6f51-481f-b1f7-69e0f6055134)&#xA;Aug 27 10:21:36.476: INFO: Lookups using dns-4034/dns-test-f01c8ea1-6f51-481f-b1f7-69e0f6055134 failed for: [wheezy_udp@PodARecord wheezy_tcp@PodARecord jessie_udp@PodARecord jessie_tcp@PodARecord]&#xA;&#xA;Aug 27 10:21:41.394: INFO: Unable to read wheezy_udp@PodARecord from pod dns-4034/dns-test-f01c8ea1-6f51-481f-b1f7-69e0f6055134: the server could not find the requested resource (get pods dns-test-f01c8ea1-6f51-481f-b1f7-69e0f6055134)&#xA;Aug 27 10:21:41.400: INFO: Unable to read wheezy_tcp@PodARecord from pod dns-4034/dns-test-f01c8ea1-6f51-481f-b1f7-69e0f6055134: the server could not find the requested resource (get pods dns-test-f01c8ea1-6f51-481f-b1f7-69e0f6055134)&#xA;Aug 27 10:21:41.502: INFO: Unable to read jessie_udp@PodARecord from pod dns-4034/dns-test-f01c8ea1-6f51-481f-b1f7-69e0f6055134: the server could not find the requested resource (get pods dns-test-f01c8ea1-6f51-481f-b1f7-69e0f6055134)&#xA;Aug 27 10:21:41.511: INFO: Unable to read jessie_tcp@PodARecord from pod dns-4034/dns-test-f01c8ea1-6f51-481f-b1f7-69e0f6055134: the server could not find the requested resource (get pods dns-test-f01c8ea1-6f51-481f-b1f7-69e0f6055134)&#xA;Aug 27 10:21:41.521: INFO: Lookups using dns-4034/dns-test-f01c8ea1-6f51-481f-b1f7-69e0f6055134 failed for: [wheezy_udp@PodARecord wheezy_tcp@PodARecord jessie_udp@PodARecord jessie_tcp@PodARecord]&#xA;&#xA;Aug 27 10:21:46.439: INFO: Unable to read wheezy_udp@PodARecord from pod dns-4034/dns-test-f01c8ea1-6f51-481f-b1f7-69e0f6055134: the server could not find the requested resource (get pods dns-test-f01c8ea1-6f51-481f-b1f7-69e0f6055134)&#xA;Aug 27 10:21:46.443: INFO: Unable to read wheezy_tcp@PodARecord from pod dns-4034/dns-test-f01c8ea1-6f51-481f-b1f7-69e0f6055134: the server could not find the requested resource (get pods dns-test-f01c8ea1-6f51-481f-b1f7-69e0f6055134)&#xA;Aug 27 10:21:46.623: INFO: Unable to read jessie_udp@PodARecord from pod dns-4034/dns-test-f01c8ea1-6f51-481f-b1f7-69e0f6055134: the server could not find the requested resource (get pods dns-test-f01c8ea1-6f51-481f-b1f7-69e0f6055134)&#xA;Aug 27 10:21:46.634: INFO: Unable to read jessie_tcp@PodARecord from pod dns-4034/dns-test-f01c8ea1-6f51-481f-b1f7-69e0f6055134: the server could not find the requested resource (get pods dns-test-f01c8ea1-6f51-481f-b1f7-69e0f6055134)&#xA;Aug 27 10:21:46.655: INFO: Lookups using dns-4034/dns-test-f01c8ea1-6f51-481f-b1f7-69e0f6055134 failed for: [wheezy_udp@PodARecord wheezy_tcp@PodARecord jessie_udp@PodARecord jessie_tcp@PodARecord]&#xA;&#xA;Aug 27 10:21:51.410: INFO: Unable to read wheezy_udp@PodARecord from pod dns-4034/dns-test-f01c8ea1-6f51-481f-b1f7-69e0f6055134: the server could not find the requested resource (get pods dns-test-f01c8ea1-6f51-481f-b1f7-69e0f6055134)&#xA;Aug 27 10:21:51.416: INFO: Unable to read wheezy_tcp@PodARecord from pod dns-4034/dns-test-f01c8ea1-6f51-481f-b1f7-69e0f6055134: the server could not find the requested resource (get pods dns-test-f01c8ea1-6f51-481f-b1f7-69e0f6055134)&#xA;Aug 27 10:21:51.531: INFO: Unable to read jessie_udp@PodARecord from pod dns-4034/dns-test-f01c8ea1-6f51-481f-b1f7-69e0f6055134: the server could not find the requested resource (get pods dns-test-f01c8ea1-6f51-481f-b1f7-69e0f6055134)&#xA;Aug 27 10:21:51.539: INFO: Unable to read jessie_tcp@PodARecord from pod dns-4034/dns-test-f01c8ea1-6f51-481f-b1f7-69e0f6055134: the server could not find the requested resource (get pods dns-test-f01c8ea1-6f51-481f-b1f7-69e0f6055134)&#xA;Aug 27 10:21:51.551: INFO: Lookups using dns-4034/dns-test-f01c8ea1-6f51-481f-b1f7-69e0f6055134 failed for: [wheezy_udp@PodARecord wheezy_tcp@PodARecord jessie_udp@PodARecord jessie_tcp@PodARecord]&#xA;&#xA;Aug 27 10:21:56.420: INFO: Unable to read wheezy_udp@PodARecord from pod dns-4034/dns-test-f01c8ea1-6f51-481f-b1f7-69e0f6055134: the server could not find the requested resource (get pods dns-test-f01c8ea1-6f51-481f-b1f7-69e0f6055134)&#xA;Aug 27 10:21:56.426: INFO: Unable to read wheezy_tcp@PodARecord from pod dns-4034/dns-test-f01c8ea1-6f51-481f-b1f7-69e0f6055134: the server could not find the requested resource (get pods dns-test-f01c8ea1-6f51-481f-b1f7-69e0f6055134)&#xA;Aug 27 10:21:56.497: INFO: Unable to read jessie_udp@PodARecord from pod dns-4034/dns-test-f01c8ea1-6f51-481f-b1f7-69e0f6055134: the server could not find the requested resource (get pods dns-test-f01c8ea1-6f51-481f-b1f7-69e0f6055134)&#xA;Aug 27 10:21:56.507: INFO: Unable to read jessie_tcp@PodARecord from pod dns-4034/dns-test-f01c8ea1-6f51-481f-b1f7-69e0f6055134: the server could not find the requested resource (get pods dns-test-f01c8ea1-6f51-481f-b1f7-69e0f6055134)&#xA;Aug 27 10:21:56.523: INFO: Lookups using dns-4034/dns-test-f01c8ea1-6f51-481f-b1f7-69e0f6055134 failed for: [wheezy_udp@PodARecord wheezy_tcp@PodARecord jessie_udp@PodARecord jessie_tcp@PodARecord]&#xA;&#xA;Aug 27 10:22:01.411: INFO: Unable to read wheezy_udp@PodARecord from pod dns-4034/dns-test-f01c8ea1-6f51-481f-b1f7-69e0f6055134: the server could not find the requested resource (get pods dns-test-f01c8ea1-6f51-481f-b1f7-69e0f6055134)&#xA;Aug 27 10:22:01.419: INFO: Unable to read wheezy_tcp@PodARecord from pod dns-4034/dns-test-f01c8ea1-6f51-481f-b1f7-69e0f6055134: the server could not find the requested resource (get pods dns-test-f01c8ea1-6f51-481f-b1f7-69e0f6055134)&#xA;Aug 27 10:22:01.529: INFO: Unable to read jessie_udp@PodARecord from pod dns-4034/dns-test-f01c8ea1-6f51-481f-b1f7-69e0f6055134: the server could not find the requested resource (get pods dns-test-f01c8ea1-6f51-481f-b1f7-69e0f6055134)&#xA;Aug 27 10:22:01.540: INFO: Unable to read jessie_tcp@PodARecord from pod dns-4034/dns-test-f01c8ea1-6f51-481f-b1f7-69e0f6055134: the server could not find the requested resource (get pods dns-test-f01c8ea1-6f51-481f-b1f7-69e0f6055134)&#xA;Aug 27 10:22:01.563: INFO: Lookups using dns-4034/dns-test-f01c8ea1-6f51-481f-b1f7-69e0f6055134 failed for: [wheezy_udp@PodARecord wheezy_tcp@PodARecord jessie_udp@PodARecord jessie_tcp@PodARecord]&#xA;&#xA;Aug 27 10:22:06.415: INFO: Unable to read wheezy_udp@PodARecord from pod dns-4034/dns-test-f01c8ea1-6f51-481f-b1f7-69e0f6055134: the server could not find the requested resource (get pods dns-test-f01c8ea1-6f51-481f-b1f7-69e0f6055134)&#xA;Aug 27 10:22:06.431: INFO: Unable to read wheezy_tcp@PodARecord from pod dns-4034/dns-test-f01c8ea1-6f51-481f-b1f7-69e0f6055134: the server could not find the requested resource (get pods dns-test-f01c8ea1-6f51-481f-b1f7-69e0f6055134)&#xA;Aug 27 10:22:06.498: INFO: Unable to read jessie_udp@PodARecord from pod dns-4034/dns-test-f01c8ea1-6f51-481f-b1f7-69e0f6055134: the server could not find the requested resource (get pods dns-test-f01c8ea1-6f51-481f-b1f7-69e0f6055134)&#xA;Aug 27 10:22:06.505: INFO: Unable to read jessie_tcp@PodARecord from pod dns-4034/dns-test-f01c8ea1-6f51-481f-b1f7-69e0f6055134: the server could not find the requested resource (get pods dns-test-f01c8ea1-6f51-481f-b1f7-69e0f6055134)&#xA;Aug 27 10:22:06.520: INFO: Lookups using dns-4034/dns-test-f01c8ea1-6f51-481f-b1f7-69e0f6055134 failed for: [wheezy_udp@PodARecord wheezy_tcp@PodARecord jessie_udp@PodARecord jessie_tcp@PodARecord]&#xA;&#xA;Aug 27 10:22:11.395: INFO: Unable to read wheezy_udp@PodARecord from pod dns-4034/dns-test-f01c8ea1-6f51-481f-b1f7-69e0f6055134: the server could not find the requested resource (get pods dns-test-f01c8ea1-6f51-481f-b1f7-69e0f6055134)&#xA;Aug 27 10:22:11.447: INFO: Unable to read wheezy_tcp@PodARecord from pod dns-4034/dns-test-f01c8ea1-6f51-481f-b1f7-69e0f6055134: the server could not find the requested resource (get pods dns-test-f01c8ea1-6f51-481f-b1f7-69e0f6055134)&#xA;Aug 27 10:22:11.543: INFO: Unable to read jessie_udp@PodARecord from pod dns-4034/dns-test-f01c8ea1-6f51-481f-b1f7-69e0f6055134: the server could not find the requested resource (get pods dns-test-f01c8ea1-6f51-481f-b1f7-69e0f6055134)&#xA;Aug 27 10:22:11.550: INFO: Unable to read jessie_tcp@PodARecord from pod dns-4034/dns-test-f01c8ea1-6f51-481f-b1f7-69e0f6055134: the server could not find the requested resource (get pods dns-test-f01c8ea1-6f51-481f-b1f7-69e0f6055134)&#xA;Aug 27 10:22:11.575: INFO: Lookups using dns-4034/dns-test-f01c8ea1-6f51-481f-b1f7-69e0f6055134 failed for: [wheezy_udp@PodARecord wheezy_tcp@PodARecord jessie_udp@PodARecord jessie_tcp@PodARecord]&#xA;&#xA;Aug 27 10:22:16.421: INFO: Unable to read wheezy_udp@PodARecord from pod dns-4034/dns-test-f01c8ea1-6f51-481f-b1f7-69e0f6055134: the server could not find the requested resource (get pods dns-test-f01c8ea1-6f51-481f-b1f7-69e0f6055134)&#xA;Aug 27 10:22:16.431: INFO: Unable to read wheezy_tcp@PodARecord from pod dns-4034/dns-test-f01c8ea1-6f51-481f-b1f7-69e0f6055134: the server could not find the requested resource (get pods dns-test-f01c8ea1-6f51-481f-b1f7-69e0f6055134)&#xA;Aug 27 10:22:16.499: INFO: Unable to read jessie_udp@PodARecord from pod dns-4034/dns-test-f01c8ea1-6f51-481f-b1f7-69e0f6055134: the server could not find the requested resource (get pods dns-test-f01c8ea1-6f51-481f-b1f7-69e0f6055134)&#xA;Aug 27 10:22:16.507: INFO: Unable to read jessie_tcp@PodARecord from pod dns-4034/dns-test-f01c8ea1-6f51-481f-b1f7-69e0f6055134: the server could not find the requested resource (get pods dns-test-f01c8ea1-6f51-481f-b1f7-69e0f6055134)&#xA;Aug 27 10:22:16.518: INFO: Lookups using dns-4034/dns-test-f01c8ea1-6f51-481f-b1f7-69e0f6055134 failed for: [wheezy_udp@PodARecord wheezy_tcp@PodARecord jessie_udp@PodARecord jessie_tcp@PodARecord]&#xA;&#xA;Aug 27 10:22:21.495: INFO: Unable to read wheezy_udp@PodARecord from pod dns-4034/dns-test-f01c8ea1-6f51-481f-b1f7-69e0f6055134: the server could not find the requested resource (get pods dns-test-f01c8ea1-6f51-481f-b1f7-69e0f6055134)&#xA;Aug 27 10:22:21.538: INFO: Unable to read wheezy_tcp@PodARecord from pod dns-4034/dns-test-f01c8ea1-6f51-481f-b1f7-69e0f6055134: the server could not find the requested resource (get pods dns-test-f01c8ea1-6f51-481f-b1f7-69e0f6055134)&#xA;Aug 27 10:22:21.626: INFO: Unable to read jessie_udp@PodARecord from pod dns-4034/dns-test-f01c8ea1-6f51-481f-b1f7-69e0f6055134: the server could not find the requested resource (get pods dns-test-f01c8ea1-6f51-481f-b1f7-69e0f6055134)&#xA;Aug 27 10:22:21.636: INFO: Unable to read jessie_tcp@PodARecord from pod dns-4034/dns-test-f01c8ea1-6f51-481f-b1f7-69e0f6055134: the server could not find the requested resource (get pods dns-test-f01c8ea1-6f51-481f-b1f7-69e0f6055134)&#xA;Aug 27 10:22:21.647: INFO: Lookups using dns-4034/dns-test-f01c8ea1-6f51-481f-b1f7-69e0f6055134 failed for: [wheezy_udp@PodARecord wheezy_tcp@PodARecord jessie_udp@PodARecord jessie_tcp@PodARecord]&#xA;&#xA;Aug 27 10:22:26.398: INFO: Unable to read wheezy_udp@PodARecord from pod dns-4034/dns-test-f01c8ea1-6f51-481f-b1f7-69e0f6055134: the server could not find the requested resource (get pods dns-test-f01c8ea1-6f51-481f-b1f7-69e0f6055134)&#xA;Aug 27 10:22:26.403: INFO: Unable to read wheezy_tcp@PodARecord from pod dns-4034/dns-test-f01c8ea1-6f51-481f-b1f7-69e0f6055134: the server could not find the requested resource (get pods dns-test-f01c8ea1-6f51-481f-b1f7-69e0f6055134)&#xA;Aug 27 10:22:26.489: INFO: Unable to read jessie_udp@PodARecord from pod dns-4034/dns-test-f01c8ea1-6f51-481f-b1f7-69e0f6055134: the server could not find the requested resource (get pods dns-test-f01c8ea1-6f51-481f-b1f7-69e0f6055134)&#xA;Aug 27 10:22:26.501: INFO: Unable to read jessie_tcp@PodARecord from pod dns-4034/dns-test-f01c8ea1-6f51-481f-b1f7-69e0f6055134: the server could not find the requested resource (get pods dns-test-f01c8ea1-6f51-481f-b1f7-69e0f6055134)&#xA;Aug 27 10:22:26.523: INFO: Lookups using dns-4034/dns-test-f01c8ea1-6f51-481f-b1f7-69e0f6055134 failed for: [wheezy_udp@PodARecord wheezy_tcp@PodARecord jessie_udp@PodARecord jessie_tcp@PodARecord]&#xA;&#xA;Aug 27 10:22:31.440: INFO: Unable to read wheezy_udp@PodARecord from pod dns-4034/dns-test-f01c8ea1-6f51-481f-b1f7-69e0f6055134: the server could not find the requested resource (get pods dns-test-f01c8ea1-6f51-481f-b1f7-69e0f6055134)&#xA;Aug 27 10:22:31.451: INFO: Unable to read wheezy_tcp@PodARecord from pod dns-4034/dns-test-f01c8ea1-6f51-481f-b1f7-69e0f6055134: the server could not find the requested resource (get pods dns-test-f01c8ea1-6f51-481f-b1f7-69e0f6055134)&#xA;Aug 27 10:22:31.542: INFO: Unable to read jessie_udp@PodARecord from pod dns-4034/dns-test-f01c8ea1-6f51-481f-b1f7-69e0f6055134: the server could not find the requested resource (get pods dns-test-f01c8ea1-6f51-481f-b1f7-69e0f6055134)&#xA;Aug 27 10:22:31.552: INFO: Unable to read jessie_tcp@PodARecord from pod dns-4034/dns-test-f01c8ea1-6f51-481f-b1f7-69e0f6055134: the server could not find the requested resource (get pods dns-test-f01c8ea1-6f51-481f-b1f7-69e0f6055134)&#xA;Aug 27 10:22:31.564: INFO: Lookups using dns-4034/dns-test-f01c8ea1-6f51-481f-b1f7-69e0f6055134 failed for: [wheezy_udp@PodARecord wheezy_tcp@PodARecord jessie_udp@PodARecord jessie_tcp@PodARecord]&#xA;&#xA;Aug 27 10:22:36.437: INFO: Unable to read wheezy_udp@PodARecord from pod dns-4034/dns-test-f01c8ea1-6f51-481f-b1f7-69e0f6055134: the server could not find the requested resource (get pods dns-test-f01c8ea1-6f51-481f-b1f7-69e0f6055134)&#xA;Aug 27 10:22:36.447: INFO: Unable to read wheezy_tcp@PodARecord from pod dns-4034/dns-test-f01c8ea1-6f51-481f-b1f7-69e0f6055134: the server could not find the requested resource (get pods dns-test-f01c8ea1-6f51-481f-b1f7-69e0f6055134)&#xA;Aug 27 10:22:36.515: INFO: Unable to read jessie_udp@PodARecord from pod dns-4034/dns-test-f01c8ea1-6f51-481f-b1f7-69e0f6055134: the server could not find the requested resource (get pods dns-test-f01c8ea1-6f51-481f-b1f7-69e0f6055134)&#xA;Aug 27 10:22:36.523: INFO: Unable to read jessie_tcp@PodARecord from pod dns-4034/dns-test-f01c8ea1-6f51-481f-b1f7-69e0f6055134: the server could not find the requested resource (get pods dns-test-f01c8ea1-6f51-481f-b1f7-69e0f6055134)&#xA;Aug 27 10:22:36.539: INFO: Lookups using dns-4034/dns-test-f01c8ea1-6f51-481f-b1f7-69e0f6055134 failed for: [wheezy_udp@PodARecord wheezy_tcp@PodARecord jessie_udp@PodARecord jessie_tcp@PodARecord]&#xA;&#xA;Aug 27 10:22:41.407: INFO: Unable to read wheezy_udp@PodARecord from pod dns-4034/dns-test-f01c8ea1-6f51-481f-b1f7-69e0f6055134: the server could not find the requested resource (get pods dns-test-f01c8ea1-6f51-481f-b1f7-69e0f6055134)&#xA;Aug 27 10:22:41.412: INFO: Unable to read wheezy_tcp@PodARecord from pod dns-4034/dns-test-f01c8ea1-6f51-481f-b1f7-69e0f6055134: the server could not find the requested resource (get pods dns-test-f01c8ea1-6f51-481f-b1f7-69e0f6055134)&#xA;Aug 27 10:22:41.458: INFO: Unable to read jessie_udp@PodARecord from pod dns-4034/dns-test-f01c8ea1-6f51-481f-b1f7-69e0f6055134: the server could not find the requested resource (get pods dns-test-f01c8ea1-6f51-481f-b1f7-69e0f6055134)&#xA;Aug 27 10:22:41.464: INFO: Unable to read jessie_tcp@PodARecord from pod dns-4034/dns-test-f01c8ea1-6f51-481f-b1f7-69e0f6055134: the server could not find the requested resource (get pods dns-test-f01c8ea1-6f51-481f-b1f7-69e0f6055134)&#xA;Aug 27 10:22:41.475: INFO: Lookups using dns-4034/dns-test-f01c8ea1-6f51-481f-b1f7-69e0f6055134 failed for: [wheezy_udp@PodARecord wheezy_tcp@PodARecord jessie_udp@PodARecord jessie_tcp@PodARecord]&#xA;&#xA;Aug 27 10:22:46.511: INFO: Unable to read wheezy_udp@PodARecord from pod dns-4034/dns-test-f01c8ea1-6f51-481f-b1f7-69e0f6055134: the server could not find the requested resource (get pods dns-test-f01c8ea1-6f51-481f-b1f7-69e0f6055134)&#xA;Aug 27 10:22:46.523: INFO: Unable to read wheezy_tcp@PodARecord from pod dns-4034/dns-test-f01c8ea1-6f51-481f-b1f7-69e0f6055134: the server could not find the requested resource (get pods dns-test-f01c8ea1-6f51-481f-b1f7-69e0f6055134)&#xA;Aug 27 10:22:46.628: INFO: Unable to read jessie_udp@PodARecord from pod dns-4034/dns-test-f01c8ea1-6f51-481f-b1f7-69e0f6055134: the server could not find the requested resource (get pods dns-test-f01c8ea1-6f51-481f-b1f7-69e0f6055134)&#xA;Aug 27 10:22:46.643: INFO: Unable to read jessie_tcp@PodARecord from pod dns-4034/dns-test-f01c8ea1-6f51-481f-b1f7-69e0f6055134: the server could not find the requested resource (get pods dns-test-f01c8ea1-6f51-481f-b1f7-69e0f6055134)&#xA;Aug 27 10:22:46.663: INFO: Lookups using dns-4034/dns-test-f01c8ea1-6f51-481f-b1f7-69e0f6055134 failed for: [wheezy_udp@PodARecord wheezy_tcp@PodARecord jessie_udp@PodARecord jessie_tcp@PodARecord]&#xA;&#xA;Aug 27 10:22:51.390: INFO: Unable to read wheezy_udp@PodARecord from pod dns-4034/dns-test-f01c8ea1-6f51-481f-b1f7-69e0f6055134: the server could not find the requested resource (get pods dns-test-f01c8ea1-6f51-481f-b1f7-69e0f6055134)&#xA;Aug 27 10:22:51.398: INFO: Unable to read wheezy_tcp@PodARecord from pod dns-4034/dns-test-f01c8ea1-6f51-481f-b1f7-69e0f6055134: the server could not find the requested resource (get pods dns-test-f01c8ea1-6f51-481f-b1f7-69e0f6055134)&#xA;Aug 27 10:22:51.459: INFO: Unable to read jessie_udp@PodARecord from pod dns-4034/dns-test-f01c8ea1-6f51-481f-b1f7-69e0f6055134: the server could not find the requested resource (get pods dns-test-f01c8ea1-6f51-481f-b1f7-69e0f6055134)&#xA;Aug 27 10:22:51.463: INFO: Unable to read jessie_tcp@PodARecord from pod dns-4034/dns-test-f01c8ea1-6f51-481f-b1f7-69e0f6055134: the server could not find the requested resource (get pods dns-test-f01c8ea1-6f51-481f-b1f7-69e0f6055134)&#xA;Aug 27 10:22:51.473: INFO: Lookups using dns-4034/dns-test-f01c8ea1-6f51-481f-b1f7-69e0f6055134 failed for: [wheezy_udp@PodARecord wheezy_tcp@PodARecord jessie_udp@PodARecord jessie_tcp@PodARecord]&#xA;&#xA;Aug 27 10:22:56.462: INFO: Unable to read wheezy_udp@PodARecord from pod dns-4034/dns-test-f01c8ea1-6f51-481f-b1f7-69e0f6055134: the server could not find the requested resource (get pods dns-test-f01c8ea1-6f51-481f-b1f7-69e0f6055134)&#xA;Aug 27 10:22:56.473: INFO: Unable to read wheezy_tcp@PodARecord from pod dns-4034/dns-test-f01c8ea1-6f51-481f-b1f7-69e0f6055134: the server could not find the requested resource (get pods dns-test-f01c8ea1-6f51-481f-b1f7-69e0f6055134)&#xA;Aug 27 10:22:56.816: INFO: Unable to read jessie_udp@PodARecord from pod dns-4034/dns-test-f01c8ea1-6f51-481f-b1f7-69e0f6055134: the server could not find the requested resource (get pods dns-test-f01c8ea1-6f51-481f-b1f7-69e0f6055134)&#xA;Aug 27 10:22:56.821: INFO: Unable to read jessie_tcp@PodARecord from pod dns-4034/dns-test-f01c8ea1-6f51-481f-b1f7-69e0f6055134: the server could not find the requested resource (get pods dns-test-f01c8ea1-6f51-481f-b1f7-69e0f6055134)&#xA;Aug 27 10:22:56.832: INFO: Lookups using dns-4034/dns-test-f01c8ea1-6f51-481f-b1f7-69e0f6055134 failed for: [wheezy_udp@PodARecord wheezy_tcp@PodARecord jessie_udp@PodARecord jessie_tcp@PodARecord]&#xA;&#xA;Aug 27 10:23:01.387: INFO: Unable to read wheezy_udp@PodARecord from pod dns-4034/dns-test-f01c8ea1-6f51-481f-b1f7-69e0f6055134: the server could not find the requested resource (get pods dns-test-f01c8ea1-6f51-481f-b1f7-69e0f6055134)&#xA;Aug 27 10:23:01.392: INFO: Unable to read wheezy_tcp@PodARecord from pod dns-4034/dns-test-f01c8ea1-6f51-481f-b1f7-69e0f6055134: the server could not find the requested resource (get pods dns-test-f01c8ea1-6f51-481f-b1f7-69e0f6055134)&#xA;Aug 27 10:23:01.447: INFO: Unable to read jessie_udp@PodARecord from pod dns-4034/dns-test-f01c8ea1-6f51-481f-b1f7-69e0f6055134: the server could not find the requested resource (get pods dns-test-f01c8ea1-6f51-481f-b1f7-69e0f6055134)&#xA;Aug 27 10:23:01.454: INFO: Unable to read jessie_tcp@PodARecord from pod dns-4034/dns-test-f01c8ea1-6f51-481f-b1f7-69e0f6055134: the server could not find the requested resource (get pods dns-test-f01c8ea1-6f51-481f-b1f7-69e0f6055134)&#xA;Aug 27 10:23:01.463: INFO: Lookups using dns-4034/dns-test-f01c8ea1-6f51-481f-b1f7-69e0f6055134 failed for: [wheezy_udp@PodARecord wheezy_tcp@PodARecord jessie_udp@PodARecord jessie_tcp@PodARecord]&#xA;&#xA;Aug 27 10:23:06.472: INFO: Unable to read wheezy_udp@PodARecord from pod dns-4034/dns-test-f01c8ea1-6f51-481f-b1f7-69e0f6055134: the server could not find the requested resource (get pods dns-test-f01c8ea1-6f51-481f-b1f7-69e0f6055134)&#xA;Aug 27 10:23:06.481: INFO: Unable to read wheezy_tcp@PodARecord from pod dns-4034/dns-test-f01c8ea1-6f51-481f-b1f7-69e0f6055134: the server could not find the requested resource (get pods dns-test-f01c8ea1-6f51-481f-b1f7-69e0f6055134)&#xA;Aug 27 10:23:06.614: INFO: Unable to read jessie_udp@PodARecord from pod dns-4034/dns-test-f01c8ea1-6f51-481f-b1f7-69e0f6055134: the server could not find the requested resource (get pods dns-test-f01c8ea1-6f51-481f-b1f7-69e0f6055134)&#xA;Aug 27 10:23:06.640: INFO: Unable to read jessie_tcp@PodARecord from pod dns-4034/dns-test-f01c8ea1-6f51-481f-b1f7-69e0f6055134: the server could not find the requested resource (get pods dns-test-f01c8ea1-6f51-481f-b1f7-69e0f6055134)&#xA;Aug 27 10:23:06.677: INFO: Lookups using dns-4034/dns-test-f01c8ea1-6f51-481f-b1f7-69e0f6055134 failed for: [wheezy_udp@PodARecord wheezy_tcp@PodARecord jessie_udp@PodARecord jessie_tcp@PodARecord]&#xA;&#xA;Aug 27 10:23:11.406: INFO: Unable to read wheezy_udp@PodARecord from pod dns-4034/dns-test-f01c8ea1-6f51-481f-b1f7-69e0f6055134: the server could not find the requested resource (get pods dns-test-f01c8ea1-6f51-481f-b1f7-69e0f6055134)&#xA;Aug 27 10:23:11.417: INFO: Unable to read wheezy_tcp@PodARecord from pod dns-4034/dns-test-f01c8ea1-6f51-481f-b1f7-69e0f6055134: the server could not find the requested resource (get pods dns-test-f01c8ea1-6f51-481f-b1f7-69e0f6055134)&#xA;Aug 27 10:23:11.531: INFO: Unable to read jessie_udp@PodARecord from pod dns-4034/dns-test-f01c8ea1-6f51-481f-b1f7-69e0f6055134: the server could not find the requested resource (get pods dns-test-f01c8ea1-6f51-481f-b1f7-69e0f6055134)&#xA;Aug 27 10:23:11.536: INFO: Unable to read jessie_tcp@PodARecord from pod dns-4034/dns-test-f01c8ea1-6f51-481f-b1f7-69e0f6055134: the server could not find the requested resource (get pods dns-test-f01c8ea1-6f51-481f-b1f7-69e0f6055134)&#xA;Aug 27 10:23:11.550: INFO: Lookups using dns-4034/dns-test-f01c8ea1-6f51-481f-b1f7-69e0f6055134 failed for: [wheezy_udp@PodARecord wheezy_tcp@PodARecord jessie_udp@PodARecord jessie_tcp@PodARecord]&#xA;&#xA;Aug 27 10:23:16.419: INFO: Unable to read wheezy_udp@PodARecord from pod dns-4034/dns-test-f01c8ea1-6f51-481f-b1f7-69e0f6055134: the server could not find the requested resource (get pods dns-test-f01c8ea1-6f51-481f-b1f7-69e0f6055134)&#xA;Aug 27 10:23:16.427: INFO: Unable to read wheezy_tcp@PodARecord from pod dns-4034/dns-test-f01c8ea1-6f51-481f-b1f7-69e0f6055134: the server could not find the requested resource (get pods dns-test-f01c8ea1-6f51-481f-b1f7-69e0f6055134)&#xA;Aug 27 10:23:16.495: INFO: Unable to read jessie_udp@PodARecord from pod dns-4034/dns-test-f01c8ea1-6f51-481f-b1f7-69e0f6055134: the server could not find the requested resource (get pods dns-test-f01c8ea1-6f51-481f-b1f7-69e0f6055134)&#xA;Aug 27 10:23:16.503: INFO: Unable to read jessie_tcp@PodARecord from pod dns-4034/dns-test-f01c8ea1-6f51-481f-b1f7-69e0f6055134: the server could not find the requested resource (get pods dns-test-f01c8ea1-6f51-481f-b1f7-69e0f6055134)&#xA;Aug 27 10:23:16.513: INFO: Lookups using dns-4034/dns-test-f01c8ea1-6f51-481f-b1f7-69e0f6055134 failed for: [wheezy_udp@PodARecord wheezy_tcp@PodARecord jessie_udp@PodARecord jessie_tcp@PodARecord]&#xA;&#xA;Aug 27 10:23:21.405: INFO: Unable to read wheezy_udp@PodARecord from pod dns-4034/dns-test-f01c8ea1-6f51-481f-b1f7-69e0f6055134: the server could not find the requested resource (get pods dns-test-f01c8ea1-6f51-481f-b1f7-69e0f6055134)&#xA;Aug 27 10:23:21.414: INFO: Unable to read wheezy_tcp@PodARecord from pod dns-4034/dns-test-f01c8ea1-6f51-481f-b1f7-69e0f6055134: the server could not find the requested resource (get pods dns-test-f01c8ea1-6f51-481f-b1f7-69e0f6055134)&#xA;Aug 27 10:23:21.506: INFO: Unable to read jessie_udp@PodARecord from pod dns-4034/dns-test-f01c8ea1-6f51-481f-b1f7-69e0f6055134: the server could not find the requested resource (get pods dns-test-f01c8ea1-6f51-481f-b1f7-69e0f6055134)&#xA;Aug 27 10:23:21.513: INFO: Unable to read jessie_tcp@PodARecord from pod dns-4034/dns-test-f01c8ea1-6f51-481f-b1f7-69e0f6055134: the server could not find the requested resource (get pods dns-test-f01c8ea1-6f51-481f-b1f7-69e0f6055134)&#xA;Aug 27 10:23:21.524: INFO: Lookups using dns-4034/dns-test-f01c8ea1-6f51-481f-b1f7-69e0f6055134 failed for: [wheezy_udp@PodARecord wheezy_tcp@PodARecord jessie_udp@PodARecord jessie_tcp@PodARecord]&#xA;&#xA;Aug 27 10:23:26.425: INFO: Unable to read wheezy_udp@PodARecord from pod dns-4034/dns-test-f01c8ea1-6f51-481f-b1f7-69e0f6055134: the server could not find the requested resource (get pods dns-test-f01c8ea1-6f51-481f-b1f7-69e0f6055134)&#xA;Aug 27 10:23:26.434: INFO: Unable to read wheezy_tcp@PodARecord from pod dns-4034/dns-test-f01c8ea1-6f51-481f-b1f7-69e0f6055134: the server could not find the requested resource (get pods dns-test-f01c8ea1-6f51-481f-b1f7-69e0f6055134)&#xA;Aug 27 10:23:26.531: INFO: Unable to read jessie_udp@PodARecord from pod dns-4034/dns-test-f01c8ea1-6f51-481f-b1f7-69e0f6055134: the server could not find the requested resource (get pods dns-test-f01c8ea1-6f51-481f-b1f7-69e0f6055134)&#xA;Aug 27 10:23:26.536: INFO: Unable to read jessie_tcp@PodARecord from pod dns-4034/dns-test-f01c8ea1-6f51-481f-b1f7-69e0f6055134: the server could not find the requested resource (get pods dns-test-f01c8ea1-6f51-481f-b1f7-69e0f6055134)&#xA;Aug 27 10:23:26.570: INFO: Lookups using dns-4034/dns-test-f01c8ea1-6f51-481f-b1f7-69e0f6055134 failed for: [wheezy_udp@PodARecord wheezy_tcp@PodARecord jessie_udp@PodARecord jessie_tcp@PodARecord]&#xA;&#xA;Aug 27 10:23:31.409: INFO: Unable to read wheezy_udp@PodARecord from pod dns-4034/dns-test-f01c8ea1-6f51-481f-b1f7-69e0f6055134: the server could not find the requested resource (get pods dns-test-f01c8ea1-6f51-481f-b1f7-69e0f6055134)&#xA;Aug 27 10:23:31.414: INFO: Unable to read wheezy_tcp@PodARecord from pod dns-4034/dns-test-f01c8ea1-6f51-481f-b1f7-69e0f6055134: the server could not find the requested resource (get pods dns-test-f01c8ea1-6f51-481f-b1f7-69e0f6055134)&#xA;Aug 27 10:23:31.596: INFO: Unable to read jessie_udp@PodARecord from pod dns-4034/dns-test-f01c8ea1-6f51-481f-b1f7-69e0f6055134: the server could not find the requested resource (get pods dns-test-f01c8ea1-6f51-481f-b1f7-69e0f6055134)&#xA;Aug 27 10:23:31.600: INFO: Unable to read jessie_tcp@PodARecord from pod dns-4034/dns-test-f01c8ea1-6f51-481f-b1f7-69e0f6055134: the server could not find the requested resource (get pods dns-test-f01c8ea1-6f51-481f-b1f7-69e0f6055134)&#xA;Aug 27 10:23:31.610: INFO: Lookups using dns-4034/dns-test-f01c8ea1-6f51-481f-b1f7-69e0f6055134 failed for: [wheezy_udp@PodARecord wheezy_tcp@PodARecord jessie_udp@PodARecord jessie_tcp@PodARecord]&#xA;&#xA;Aug 27 10:23:36.398: INFO: Unable to read wheezy_udp@PodARecord from pod dns-4034/dns-test-f01c8ea1-6f51-481f-b1f7-69e0f6055134: the server could not find the requested resource (get pods dns-test-f01c8ea1-6f51-481f-b1f7-69e0f6055134)&#xA;Aug 27 10:23:36.406: INFO: Unable to read wheezy_tcp@PodARecord from pod dns-4034/dns-test-f01c8ea1-6f51-481f-b1f7-69e0f6055134: the server could not find the requested resource (get pods dns-test-f01c8ea1-6f51-481f-b1f7-69e0f6055134)&#xA;Aug 27 10:23:36.570: INFO: Unable to read jessie_udp@PodARecord from pod dns-4034/dns-test-f01c8ea1-6f51-481f-b1f7-69e0f6055134: the server could not find the requested resource (get pods dns-test-f01c8ea1-6f51-481f-b1f7-69e0f6055134)&#xA;Aug 27 10:23:36.581: INFO: Unable to read jessie_tcp@PodARecord from pod dns-4034/dns-test-f01c8ea1-6f51-481f-b1f7-69e0f6055134: the server could not find the requested resource (get pods dns-test-f01c8ea1-6f51-481f-b1f7-69e0f6055134)&#xA;Aug 27 10:23:36.599: INFO: Lookups using dns-4034/dns-test-f01c8ea1-6f51-481f-b1f7-69e0f6055134 failed for: [wheezy_udp@PodARecord wheezy_tcp@PodARecord jessie_udp@PodARecord jessie_tcp@PodARecord]&#xA;&#xA;Aug 27 10:23:41.398: INFO: Unable to read wheezy_udp@PodARecord from pod dns-4034/dns-test-f01c8ea1-6f51-481f-b1f7-69e0f6055134: the server could not find the requested resource (get pods dns-test-f01c8ea1-6f51-481f-b1f7-69e0f6055134)&#xA;Aug 27 10:23:41.405: INFO: Unable to read wheezy_tcp@PodARecord from pod dns-4034/dns-test-f01c8ea1-6f51-481f-b1f7-69e0f6055134: the server could not find the requested resource (get pods dns-test-f01c8ea1-6f51-481f-b1f7-69e0f6055134)&#xA;Aug 27 10:23:41.462: INFO: Unable to read jessie_udp@PodARecord from pod dns-4034/dns-test-f01c8ea1-6f51-481f-b1f7-69e0f6055134: the server could not find the requested resource (get pods dns-test-f01c8ea1-6f51-481f-b1f7-69e0f6055134)&#xA;Aug 27 10:23:41.468: INFO: Unable to read jessie_tcp@PodARecord from pod dns-4034/dns-test-f01c8ea1-6f51-481f-b1f7-69e0f6055134: the server could not find the requested resource (get pods dns-test-f01c8ea1-6f51-481f-b1f7-69e0f6055134)&#xA;Aug 27 10:23:41.479: INFO: Lookups using dns-4034/dns-test-f01c8ea1-6f51-481f-b1f7-69e0f6055134 failed for: [wheezy_udp@PodARecord wheezy_tcp@PodARecord jessie_udp@PodARecord jessie_tcp@PodARecord]&#xA;&#xA;Aug 27 10:23:46.489: INFO: Unable to read wheezy_udp@PodARecord from pod dns-4034/dns-test-f01c8ea1-6f51-481f-b1f7-69e0f6055134: the server could not find the requested resource (get pods dns-test-f01c8ea1-6f51-481f-b1f7-69e0f6055134)&#xA;Aug 27 10:23:46.502: INFO: Unable to read wheezy_tcp@PodARecord from pod dns-4034/dns-test-f01c8ea1-6f51-481f-b1f7-69e0f6055134: the server could not find the requested resource (get pods dns-test-f01c8ea1-6f51-481f-b1f7-69e0f6055134)&#xA;Aug 27 10:23:46.637: INFO: Unable to read jessie_udp@PodARecord from pod dns-4034/dns-test-f01c8ea1-6f51-481f-b1f7-69e0f6055134: the server could not find the requested resource (get pods dns-test-f01c8ea1-6f51-481f-b1f7-69e0f6055134)&#xA;Aug 27 10:23:46.647: INFO: Unable to read jessie_tcp@PodARecord from pod dns-4034/dns-test-f01c8ea1-6f51-481f-b1f7-69e0f6055134: the server could not find the requested resource (get pods dns-test-f01c8ea1-6f51-481f-b1f7-69e0f6055134)&#xA;Aug 27 10:23:46.667: INFO: Lookups using dns-4034/dns-test-f01c8ea1-6f51-481f-b1f7-69e0f6055134 failed for: [wheezy_udp@PodARecord wheezy_tcp@PodARecord jessie_udp@PodARecord jessie_tcp@PodARecord]&#xA;&#xA;Aug 27 10:23:51.379: INFO: Unable to read wheezy_udp@PodARecord from pod dns-4034/dns-test-f01c8ea1-6f51-481f-b1f7-69e0f6055134: the server could not find the requested resource (get pods dns-test-f01c8ea1-6f51-481f-b1f7-69e0f6055134)&#xA;Aug 27 10:23:51.386: INFO: Unable to read wheezy_tcp@PodARecord from pod dns-4034/dns-test-f01c8ea1-6f51-481f-b1f7-69e0f6055134: the server could not find the requested resource (get pods dns-test-f01c8ea1-6f51-481f-b1f7-69e0f6055134)&#xA;Aug 27 10:23:51.445: INFO: Unable to read jessie_udp@PodARecord from pod dns-4034/dns-test-f01c8ea1-6f51-481f-b1f7-69e0f6055134: the server could not find the requested resource (get pods dns-test-f01c8ea1-6f51-481f-b1f7-69e0f6055134)&#xA;Aug 27 10:23:51.454: INFO: Unable to read jessie_tcp@PodARecord from pod dns-4034/dns-test-f01c8ea1-6f51-481f-b1f7-69e0f6055134: the server could not find the requested resource (get pods dns-test-f01c8ea1-6f51-481f-b1f7-69e0f6055134)&#xA;Aug 27 10:23:51.464: INFO: Lookups using dns-4034/dns-test-f01c8ea1-6f51-481f-b1f7-69e0f6055134 failed for: [wheezy_udp@PodARecord wheezy_tcp@PodARecord jessie_udp@PodARecord jessie_tcp@PodARecord]&#xA;&#xA;Aug 27 10:23:56.455: INFO: Unable to read wheezy_udp@PodARecord from pod dns-4034/dns-test-f01c8ea1-6f51-481f-b1f7-69e0f6055134: the server could not find the requested resource (get pods dns-test-f01c8ea1-6f51-481f-b1f7-69e0f6055134)&#xA;Aug 27 10:23:56.463: INFO: Unable to read wheezy_tcp@PodARecord from pod dns-4034/dns-test-f01c8ea1-6f51-481f-b1f7-69e0f6055134: the server could not find the requested resource (get pods dns-test-f01c8ea1-6f51-481f-b1f7-69e0f6055134)&#xA;Aug 27 10:23:56.601: INFO: Unable to read jessie_udp@PodARecord from pod dns-4034/dns-test-f01c8ea1-6f51-481f-b1f7-69e0f6055134: the server could not find the requested resource (get pods dns-test-f01c8ea1-6f51-481f-b1f7-69e0f6055134)&#xA;Aug 27 10:23:56.617: INFO: Unable to read jessie_tcp@PodARecord from pod dns-4034/dns-test-f01c8ea1-6f51-481f-b1f7-69e0f6055134: the server could not find the requested resource (get pods dns-test-f01c8ea1-6f51-481f-b1f7-69e0f6055134)&#xA;Aug 27 10:23:56.626: INFO: Lookups using dns-4034/dns-test-f01c8ea1-6f51-481f-b1f7-69e0f6055134 failed for: [wheezy_udp@PodARecord wheezy_tcp@PodARecord jessie_udp@PodARecord jessie_tcp@PodARecord]&#xA;&#xA;Aug 27 10:24:01.409: INFO: Unable to read wheezy_udp@PodARecord from pod dns-4034/dns-test-f01c8ea1-6f51-481f-b1f7-69e0f6055134: the server could not find the requested resource (get pods dns-test-f01c8ea1-6f51-481f-b1f7-69e0f6055134)&#xA;Aug 27 10:24:01.416: INFO: Unable to read wheezy_tcp@PodARecord from pod dns-4034/dns-test-f01c8ea1-6f51-481f-b1f7-69e0f6055134: the server could not find the requested resource (get pods dns-test-f01c8ea1-6f51-481f-b1f7-69e0f6055134)&#xA;Aug 27 10:24:01.496: INFO: Unable to read jessie_udp@PodARecord from pod dns-4034/dns-test-f01c8ea1-6f51-481f-b1f7-69e0f6055134: the server could not find the requested resource (get pods dns-test-f01c8ea1-6f51-481f-b1f7-69e0f6055134)&#xA;Aug 27 10:24:01.500: INFO: Unable to read jessie_tcp@PodARecord from pod dns-4034/dns-test-f01c8ea1-6f51-481f-b1f7-69e0f6055134: the server could not find the requested resource (get pods dns-test-f01c8ea1-6f51-481f-b1f7-69e0f6055134)&#xA;Aug 27 10:24:01.508: INFO: Lookups using dns-4034/dns-test-f01c8ea1-6f51-481f-b1f7-69e0f6055134 failed for: [wheezy_udp@PodARecord wheezy_tcp@PodARecord jessie_udp@PodARecord jessie_tcp@PodARecord]&#xA;&#xA;Aug 27 10:24:06.463: INFO: Unable to read wheezy_udp@PodARecord from pod dns-4034/dns-test-f01c8ea1-6f51-481f-b1f7-69e0f6055134: the server could not find the requested resource (get pods dns-test-f01c8ea1-6f51-481f-b1f7-69e0f6055134)&#xA;Aug 27 10:24:06.468: INFO: Unable to read wheezy_tcp@PodARecord from pod dns-4034/dns-test-f01c8ea1-6f51-481f-b1f7-69e0f6055134: the server could not find the requested resource (get pods dns-test-f01c8ea1-6f51-481f-b1f7-69e0f6055134)&#xA;Aug 27 10:24:06.525: INFO: Unable to read jessie_udp@PodARecord from pod dns-4034/dns-test-f01c8ea1-6f51-481f-b1f7-69e0f6055134: the server could not find the requested resource (get pods dns-test-f01c8ea1-6f51-481f-b1f7-69e0f6055134)&#xA;Aug 27 10:24:06.531: INFO: Unable to read jessie_tcp@PodARecord from pod dns-4034/dns-test-f01c8ea1-6f51-481f-b1f7-69e0f6055134: the server could not find the requested resource (get pods dns-test-f01c8ea1-6f51-481f-b1f7-69e0f6055134)&#xA;Aug 27 10:24:06.542: INFO: Lookups using dns-4034/dns-test-f01c8ea1-6f51-481f-b1f7-69e0f6055134 failed for: [wheezy_udp@PodARecord wheezy_tcp@PodARecord jessie_udp@PodARecord jessie_tcp@PodARecord]&#xA;&#xA;Aug 27 10:24:11.427: INFO: Unable to read wheezy_udp@PodARecord from pod dns-4034/dns-test-f01c8ea1-6f51-481f-b1f7-69e0f6055134: the server could not find the requested resource (get pods dns-test-f01c8ea1-6f51-481f-b1f7-69e0f6055134)&#xA;Aug 27 10:24:11.437: INFO: Unable to read wheezy_tcp@PodARecord from pod dns-4034/dns-test-f01c8ea1-6f51-481f-b1f7-69e0f6055134: the server could not find the requested resource (get pods dns-test-f01c8ea1-6f51-481f-b1f7-69e0f6055134)&#xA;Aug 27 10:24:11.520: INFO: Unable to read jessie_udp@PodARecord from pod dns-4034/dns-test-f01c8ea1-6f51-481f-b1f7-69e0f6055134: the server could not find the requested resource (get pods dns-test-f01c8ea1-6f51-481f-b1f7-69e0f6055134)&#xA;Aug 27 10:24:11.528: INFO: Unable to read jessie_tcp@PodARecord from pod dns-4034/dns-test-f01c8ea1-6f51-481f-b1f7-69e0f6055134: the server could not find the requested resource (get pods dns-test-f01c8ea1-6f51-481f-b1f7-69e0f6055134)&#xA;Aug 27 10:24:11.551: INFO: Lookups using dns-4034/dns-test-f01c8ea1-6f51-481f-b1f7-69e0f6055134 failed for: [wheezy_udp@PodARecord wheezy_tcp@PodARecord jessie_udp@PodARecord jessie_tcp@PodARecord]&#xA;&#xA;Aug 27 10:24:16.412: INFO: Unable to read wheezy_udp@PodARecord from pod dns-4034/dns-test-f01c8ea1-6f51-481f-b1f7-69e0f6055134: the server could not find the requested resource (get pods dns-test-f01c8ea1-6f51-481f-b1f7-69e0f6055134)&#xA;Aug 27 10:24:16.417: INFO: Unable to read wheezy_tcp@PodARecord from pod dns-4034/dns-test-f01c8ea1-6f51-481f-b1f7-69e0f6055134: the server could not find the requested resource (get pods dns-test-f01c8ea1-6f51-481f-b1f7-69e0f6055134)&#xA;Aug 27 10:24:16.475: INFO: Unable to read jessie_udp@PodARecord from pod dns-4034/dns-test-f01c8ea1-6f51-481f-b1f7-69e0f6055134: the server could not find the requested resource (get pods dns-test-f01c8ea1-6f51-481f-b1f7-69e0f6055134)&#xA;Aug 27 10:24:16.479: INFO: Unable to read jessie_tcp@PodARecord from pod dns-4034/dns-test-f01c8ea1-6f51-481f-b1f7-69e0f6055134: the server could not find the requested resource (get pods dns-test-f01c8ea1-6f51-481f-b1f7-69e0f6055134)&#xA;Aug 27 10:24:16.492: INFO: Lookups using dns-4034/dns-test-f01c8ea1-6f51-481f-b1f7-69e0f6055134 failed for: [wheezy_udp@PodARecord wheezy_tcp@PodARecord jessie_udp@PodARecord jessie_tcp@PodARecord]&#xA;&#xA;Aug 27 10:24:21.575: INFO: Unable to read wheezy_udp@PodARecord from pod dns-4034/dns-test-f01c8ea1-6f51-481f-b1f7-69e0f6055134: the server could not find the requested resource (get pods dns-test-f01c8ea1-6f51-481f-b1f7-69e0f6055134)&#xA;Aug 27 10:24:21.579: INFO: Unable to read wheezy_tcp@PodARecord from pod dns-4034/dns-test-f01c8ea1-6f51-481f-b1f7-69e0f6055134: the server could not find the requested resource (get pods dns-test-f01c8ea1-6f51-481f-b1f7-69e0f6055134)&#xA;Aug 27 10:24:21.644: INFO: Unable to read jessie_udp@PodARecord from pod dns-4034/dns-test-f01c8ea1-6f51-481f-b1f7-69e0f6055134: the server could not find the requested resource (get pods dns-test-f01c8ea1-6f51-481f-b1f7-69e0f6055134)&#xA;Aug 27 10:24:21.652: INFO: Unable to read jessie_tcp@PodARecord from pod dns-4034/dns-test-f01c8ea1-6f51-481f-b1f7-69e0f6055134: the server could not find the requested resource (get pods dns-test-f01c8ea1-6f51-481f-b1f7-69e0f6055134)&#xA;Aug 27 10:24:21.667: INFO: Lookups using dns-4034/dns-test-f01c8ea1-6f51-481f-b1f7-69e0f6055134 failed for: [wheezy_udp@PodARecord wheezy_tcp@PodARecord jessie_udp@PodARecord jessie_tcp@PodARecord]&#xA;&#xA;Aug 27 10:24:26.394: INFO: Unable to read wheezy_udp@PodARecord from pod dns-4034/dns-test-f01c8ea1-6f51-481f-b1f7-69e0f6055134: the server could not find the requested resource (get pods dns-test-f01c8ea1-6f51-481f-b1f7-69e0f6055134)&#xA;Aug 27 10:24:26.400: INFO: Unable to read wheezy_tcp@PodARecord from pod dns-4034/dns-test-f01c8ea1-6f51-481f-b1f7-69e0f6055134: the server could not find the requested resource (get pods dns-test-f01c8ea1-6f51-481f-b1f7-69e0f6055134)&#xA;Aug 27 10:24:26.474: INFO: Unable to read jessie_udp@PodARecord from pod dns-4034/dns-test-f01c8ea1-6f51-481f-b1f7-69e0f6055134: the server could not find the requested resource (get pods dns-test-f01c8ea1-6f51-481f-b1f7-69e0f6055134)&#xA;Aug 27 10:24:26.484: INFO: Unable to read jessie_tcp@PodARecord from pod dns-4034/dns-test-f01c8ea1-6f51-481f-b1f7-69e0f6055134: the server could not find the requested resource (get pods dns-test-f01c8ea1-6f51-481f-b1f7-69e0f6055134)&#xA;Aug 27 10:24:26.511: INFO: Lookups using dns-4034/dns-test-f01c8ea1-6f51-481f-b1f7-69e0f6055134 failed for: [wheezy_udp@PodARecord wheezy_tcp@PodARecord jessie_udp@PodARecord jessie_tcp@PodARecord]&#xA;&#xA;Aug 27 10:24:31.455: INFO: Unable to read wheezy_udp@PodARecord from pod dns-4034/dns-test-f01c8ea1-6f51-481f-b1f7-69e0f6055134: the server could not find the requested resource (get pods dns-test-f01c8ea1-6f51-481f-b1f7-69e0f6055134)&#xA;Aug 27 10:24:31.463: INFO: Unable to read wheezy_tcp@PodARecord from pod dns-4034/dns-test-f01c8ea1-6f51-481f-b1f7-69e0f6055134: the server could not find the requested resource (get pods dns-test-f01c8ea1-6f51-481f-b1f7-69e0f6055134)&#xA;Aug 27 10:24:31.526: INFO: Unable to read jessie_udp@PodARecord from pod dns-4034/dns-test-f01c8ea1-6f51-481f-b1f7-69e0f6055134: the server could not find the requested resource (get pods dns-test-f01c8ea1-6f51-481f-b1f7-69e0f6055134)&#xA;Aug 27 10:24:31.541: INFO: Unable to read jessie_tcp@PodARecord from pod dns-4034/dns-test-f01c8ea1-6f51-481f-b1f7-69e0f6055134: the server could not find the requested resource (get pods dns-test-f01c8ea1-6f51-481f-b1f7-69e0f6055134)&#xA;Aug 27 10:24:31.555: INFO: Lookups using dns-4034/dns-test-f01c8ea1-6f51-481f-b1f7-69e0f6055134 failed for: [wheezy_udp@PodARecord wheezy_tcp@PodARecord jessie_udp@PodARecord jessie_tcp@PodARecord]&#xA;&#xA;Aug 27 10:24:36.408: INFO: Unable to read wheezy_udp@PodARecord from pod dns-4034/dns-test-f01c8ea1-6f51-481f-b1f7-69e0f6055134: the server could not find the requested resource (get pods dns-test-f01c8ea1-6f51-481f-b1f7-69e0f6055134)&#xA;Aug 27 10:24:36.424: INFO: Unable to read wheezy_tcp@PodARecord from pod dns-4034/dns-test-f01c8ea1-6f51-481f-b1f7-69e0f6055134: the server could not find the requested resource (get pods dns-test-f01c8ea1-6f51-481f-b1f7-69e0f6055134)&#xA;Aug 27 10:24:36.491: INFO: Unable to read jessie_udp@PodARecord from pod dns-4034/dns-test-f01c8ea1-6f51-481f-b1f7-69e0f6055134: the server could not find the requested resource (get pods dns-test-f01c8ea1-6f51-481f-b1f7-69e0f6055134)&#xA;Aug 27 10:24:36.498: INFO: Unable to read jessie_tcp@PodARecord from pod dns-4034/dns-test-f01c8ea1-6f51-481f-b1f7-69e0f6055134: the server could not find the requested resource (get pods dns-test-f01c8ea1-6f51-481f-b1f7-69e0f6055134)&#xA;Aug 27 10:24:36.507: INFO: Lookups using dns-4034/dns-test-f01c8ea1-6f51-481f-b1f7-69e0f6055134 failed for: [wheezy_udp@PodARecord wheezy_tcp@PodARecord jessie_udp@PodARecord jessie_tcp@PodARecord]&#xA;&#xA;Aug 27 10:24:41.414: INFO: Unable to read wheezy_udp@PodARecord from pod dns-4034/dns-test-f01c8ea1-6f51-481f-b1f7-69e0f6055134: the server could not find the requested resource (get pods dns-test-f01c8ea1-6f51-481f-b1f7-69e0f6055134)&#xA;Aug 27 10:24:41.420: INFO: Unable to read wheezy_tcp@PodARecord from pod dns-4034/dns-test-f01c8ea1-6f51-481f-b1f7-69e0f6055134: the server could not find the requested resource (get pods dns-test-f01c8ea1-6f51-481f-b1f7-69e0f6055134)&#xA;Aug 27 10:24:41.483: INFO: Unable to read jessie_udp@PodARecord from pod dns-4034/dns-test-f01c8ea1-6f51-481f-b1f7-69e0f6055134: the server could not find the requested resource (get pods dns-test-f01c8ea1-6f51-481f-b1f7-69e0f6055134)&#xA;Aug 27 10:24:41.487: INFO: Unable to read jessie_tcp@PodARecord from pod dns-4034/dns-test-f01c8ea1-6f51-481f-b1f7-69e0f6055134: the server could not find the requested resource (get pods dns-test-f01c8ea1-6f51-481f-b1f7-69e0f6055134)&#xA;Aug 27 10:24:41.508: INFO: Lookups using dns-4034/dns-test-f01c8ea1-6f51-481f-b1f7-69e0f6055134 failed for: [wheezy_udp@PodARecord wheezy_tcp@PodARecord jessie_udp@PodARecord jessie_tcp@PodARecord]&#xA;&#xA;Aug 27 10:24:46.435: INFO: Unable to read wheezy_udp@PodARecord from pod dns-4034/dns-test-f01c8ea1-6f51-481f-b1f7-69e0f6055134: the server could not find the requested resource (get pods dns-test-f01c8ea1-6f51-481f-b1f7-69e0f6055134)&#xA;Aug 27 10:24:46.462: INFO: Unable to read wheezy_tcp@PodARecord from pod dns-4034/dns-test-f01c8ea1-6f51-481f-b1f7-69e0f6055134: the server could not find the requested resource (get pods dns-test-f01c8ea1-6f51-481f-b1f7-69e0f6055134)&#xA;Aug 27 10:24:46.554: INFO: Unable to read jessie_udp@PodARecord from pod dns-4034/dns-test-f01c8ea1-6f51-481f-b1f7-69e0f6055134: the server could not find the requested resource (get pods dns-test-f01c8ea1-6f51-481f-b1f7-69e0f6055134)&#xA;Aug 27 10:24:46.567: INFO: Unable to read jessie_tcp@PodARecord from pod dns-4034/dns-test-f01c8ea1-6f51-481f-b1f7-69e0f6055134: the server could not find the requested resource (get pods dns-test-f01c8ea1-6f51-481f-b1f7-69e0f6055134)&#xA;Aug 27 10:24:46.578: INFO: Lookups using dns-4034/dns-test-f01c8ea1-6f51-481f-b1f7-69e0f6055134 failed for: [wheezy_udp@PodARecord wheezy_tcp@PodARecord jessie_udp@PodARecord jessie_tcp@PodARecord]&#xA;&#xA;Aug 27 10:24:51.455: INFO: Unable to read wheezy_udp@PodARecord from pod dns-4034/dns-test-f01c8ea1-6f51-481f-b1f7-69e0f6055134: the server could not find the requested resource (get pods dns-test-f01c8ea1-6f51-481f-b1f7-69e0f6055134)&#xA;Aug 27 10:24:51.460: INFO: Unable to read wheezy_tcp@PodARecord from pod dns-4034/dns-test-f01c8ea1-6f51-481f-b1f7-69e0f6055134: the server could not find the requested resource (get pods dns-test-f01c8ea1-6f51-481f-b1f7-69e0f6055134)&#xA;Aug 27 10:24:51.559: INFO: Unable to read jessie_udp@PodARecord from pod dns-4034/dns-test-f01c8ea1-6f51-481f-b1f7-69e0f6055134: the server could not find the requested resource (get pods dns-test-f01c8ea1-6f51-481f-b1f7-69e0f6055134)&#xA;Aug 27 10:24:51.574: INFO: Unable to read jessie_tcp@PodARecord from pod dns-4034/dns-test-f01c8ea1-6f51-481f-b1f7-69e0f6055134: the server could not find the requested resource (get pods dns-test-f01c8ea1-6f51-481f-b1f7-69e0f6055134)&#xA;Aug 27 10:24:51.583: INFO: Lookups using dns-4034/dns-test-f01c8ea1-6f51-481f-b1f7-69e0f6055134 failed for: [wheezy_udp@PodARecord wheezy_tcp@PodARecord jessie_udp@PodARecord jessie_tcp@PodARecord]&#xA;&#xA;Aug 27 10:24:56.509: INFO: Unable to read wheezy_udp@PodARecord from pod dns-4034/dns-test-f01c8ea1-6f51-481f-b1f7-69e0f6055134: the server could not find the requested resource (get pods dns-test-f01c8ea1-6f51-481f-b1f7-69e0f6055134)&#xA;Aug 27 10:24:56.514: INFO: Unable to read wheezy_tcp@PodARecord from pod dns-4034/dns-test-f01c8ea1-6f51-481f-b1f7-69e0f6055134: the server could not find the requested resource (get pods dns-test-f01c8ea1-6f51-481f-b1f7-69e0f6055134)&#xA;Aug 27 10:24:56.586: INFO: Unable to read jessie_udp@PodARecord from pod dns-4034/dns-test-f01c8ea1-6f51-481f-b1f7-69e0f6055134: the server could not find the requested resource (get pods dns-test-f01c8ea1-6f51-481f-b1f7-69e0f6055134)&#xA;Aug 27 10:24:56.597: INFO: Unable to read jessie_tcp@PodARecord from pod dns-4034/dns-test-f01c8ea1-6f51-481f-b1f7-69e0f6055134: the server could not find the requested resource (get pods dns-test-f01c8ea1-6f51-481f-b1f7-69e0f6055134)&#xA;Aug 27 10:24:56.610: INFO: Lookups using dns-4034/dns-test-f01c8ea1-6f51-481f-b1f7-69e0f6055134 failed for: [wheezy_udp@PodARecord wheezy_tcp@PodARecord jessie_udp@PodARecord jessie_tcp@PodARecord]&#xA;&#xA;Aug 27 10:25:01.410: INFO: Unable to read wheezy_udp@PodARecord from pod dns-4034/dns-test-f01c8ea1-6f51-481f-b1f7-69e0f6055134: the server could not find the requested resource (get pods dns-test-f01c8ea1-6f51-481f-b1f7-69e0f6055134)&#xA;Aug 27 10:25:01.418: INFO: Unable to read wheezy_tcp@PodARecord from pod dns-4034/dns-test-f01c8ea1-6f51-481f-b1f7-69e0f6055134: the server could not find the requested resource (get pods dns-test-f01c8ea1-6f51-481f-b1f7-69e0f6055134)&#xA;Aug 27 10:25:01.486: INFO: Unable to read jessie_udp@PodARecord from pod dns-4034/dns-test-f01c8ea1-6f51-481f-b1f7-69e0f6055134: the server could not find the requested resource (get pods dns-test-f01c8ea1-6f51-481f-b1f7-69e0f6055134)&#xA;Aug 27 10:25:01.492: INFO: Unable to read jessie_tcp@PodARecord from pod dns-4034/dns-test-f01c8ea1-6f51-481f-b1f7-69e0f6055134: the server could not find the requested resource (get pods dns-test-f01c8ea1-6f51-481f-b1f7-69e0f6055134)&#xA;Aug 27 10:25:01.544: INFO: Lookups using dns-4034/dns-test-f01c8ea1-6f51-481f-b1f7-69e0f6055134 failed for: [wheezy_udp@PodARecord wheezy_tcp@PodARecord jessie_udp@PodARecord jessie_tcp@PodARecord]&#xA;&#xA;Aug 27 10:25:06.431: INFO: Unable to read wheezy_udp@PodARecord from pod dns-4034/dns-test-f01c8ea1-6f51-481f-b1f7-69e0f6055134: the server could not find the requested resource (get pods dns-test-f01c8ea1-6f51-481f-b1f7-69e0f6055134)&#xA;Aug 27 10:25:06.452: INFO: Unable to read wheezy_tcp@PodARecord from pod dns-4034/dns-test-f01c8ea1-6f51-481f-b1f7-69e0f6055134: the server could not find the requested resource (get pods dns-test-f01c8ea1-6f51-481f-b1f7-69e0f6055134)&#xA;Aug 27 10:25:06.606: INFO: Unable to read jessie_udp@PodARecord from pod dns-4034/dns-test-f01c8ea1-6f51-481f-b1f7-69e0f6055134: the server could not find the requested resource (get pods dns-test-f01c8ea1-6f51-481f-b1f7-69e0f6055134)&#xA;Aug 27 10:25:06.613: INFO: Unable to read jessie_tcp@PodARecord from pod dns-4034/dns-test-f01c8ea1-6f51-481f-b1f7-69e0f6055134: the server could not find the requested resource (get pods dns-test-f01c8ea1-6f51-481f-b1f7-69e0f6055134)&#xA;Aug 27 10:25:06.626: INFO: Lookups using dns-4034/dns-test-f01c8ea1-6f51-481f-b1f7-69e0f6055134 failed for: [wheezy_udp@PodARecord wheezy_tcp@PodARecord jessie_udp@PodARecord jessie_tcp@PodARecord]&#xA;&#xA;Aug 27 10:25:11.401: INFO: Unable to read wheezy_udp@PodARecord from pod dns-4034/dns-test-f01c8ea1-6f51-481f-b1f7-69e0f6055134: the server could not find the requested resource (get pods dns-test-f01c8ea1-6f51-481f-b1f7-69e0f6055134)&#xA;Aug 27 10:25:11.409: INFO: Unable to read wheezy_tcp@PodARecord from pod dns-4034/dns-test-f01c8ea1-6f51-481f-b1f7-69e0f6055134: the server could not find the requested resource (get pods dns-test-f01c8ea1-6f51-481f-b1f7-69e0f6055134)&#xA;Aug 27 10:25:11.518: INFO: Unable to read jessie_udp@PodARecord from pod dns-4034/dns-test-f01c8ea1-6f51-481f-b1f7-69e0f6055134: the server could not find the requested resource (get pods dns-test-f01c8ea1-6f51-481f-b1f7-69e0f6055134)&#xA;Aug 27 10:25:11.531: INFO: Unable to read jessie_tcp@PodARecord from pod dns-4034/dns-test-f01c8ea1-6f51-481f-b1f7-69e0f6055134: the server could not find the requested resource (get pods dns-test-f01c8ea1-6f51-481f-b1f7-69e0f6055134)&#xA;Aug 27 10:25:11.560: INFO: Lookups using dns-4034/dns-test-f01c8ea1-6f51-481f-b1f7-69e0f6055134 failed for: [wheezy_udp@PodARecord wheezy_tcp@PodARecord jessie_udp@PodARecord jessie_tcp@PodARecord]&#xA;&#xA;Aug 27 10:25:16.492: INFO: Unable to read wheezy_udp@PodARecord from pod dns-4034/dns-test-f01c8ea1-6f51-481f-b1f7-69e0f6055134: the server could not find the requested resource (get pods dns-test-f01c8ea1-6f51-481f-b1f7-69e0f6055134)&#xA;Aug 27 10:25:16.506: INFO: Unable to read wheezy_tcp@PodARecord from pod dns-4034/dns-test-f01c8ea1-6f51-481f-b1f7-69e0f6055134: the server could not find the requested resource (get pods dns-test-f01c8ea1-6f51-481f-b1f7-69e0f6055134)&#xA;Aug 27 10:25:16.613: INFO: Unable to read jessie_udp@PodARecord from pod dns-4034/dns-test-f01c8ea1-6f51-481f-b1f7-69e0f6055134: the server could not find the requested resource (get pods dns-test-f01c8ea1-6f51-481f-b1f7-69e0f6055134)&#xA;Aug 27 10:25:16.622: INFO: Unable to read jessie_tcp@PodARecord from pod dns-4034/dns-test-f01c8ea1-6f51-481f-b1f7-69e0f6055134: the server could not find the requested resource (get pods dns-test-f01c8ea1-6f51-481f-b1f7-69e0f6055134)&#xA;Aug 27 10:25:16.645: INFO: Lookups using dns-4034/dns-test-f01c8ea1-6f51-481f-b1f7-69e0f6055134 failed for: [wheezy_udp@PodARecord wheezy_tcp@PodARecord jessie_udp@PodARecord jessie_tcp@PodARecord]&#xA;&#xA;Aug 27 10:25:21.437: INFO: Unable to read wheezy_udp@PodARecord from pod dns-4034/dns-test-f01c8ea1-6f51-481f-b1f7-69e0f6055134: the server could not find the requested resource (get pods dns-test-f01c8ea1-6f51-481f-b1f7-69e0f6055134)&#xA;Aug 27 10:25:21.452: INFO: Unable to read wheezy_tcp@PodARecord from pod dns-4034/dns-test-f01c8ea1-6f51-481f-b1f7-69e0f6055134: the server could not find the requested resource (get pods dns-test-f01c8ea1-6f51-481f-b1f7-69e0f6055134)&#xA;Aug 27 10:25:21.518: INFO: Unable to read jessie_udp@PodARecord from pod dns-4034/dns-test-f01c8ea1-6f51-481f-b1f7-69e0f6055134: the server could not find the requested resource (get pods dns-test-f01c8ea1-6f51-481f-b1f7-69e0f6055134)&#xA;Aug 27 10:25:21.525: INFO: Unable to read jessie_tcp@PodARecord from pod dns-4034/dns-test-f01c8ea1-6f51-481f-b1f7-69e0f6055134: the server could not find the requested resource (get pods dns-test-f01c8ea1-6f51-481f-b1f7-69e0f6055134)&#xA;Aug 27 10:25:21.541: INFO: Lookups using dns-4034/dns-test-f01c8ea1-6f51-481f-b1f7-69e0f6055134 failed for: [wheezy_udp@PodARecord wheezy_tcp@PodARecord jessie_udp@PodARecord jessie_tcp@PodARecord]&#xA;&#xA;Aug 27 10:25:26.402: INFO: Unable to read wheezy_udp@PodARecord from pod dns-4034/dns-test-f01c8ea1-6f51-481f-b1f7-69e0f6055134: the server could not find the requested resource (get pods dns-test-f01c8ea1-6f51-481f-b1f7-69e0f6055134)&#xA;Aug 27 10:25:26.409: INFO: Unable to read wheezy_tcp@PodARecord from pod dns-4034/dns-test-f01c8ea1-6f51-481f-b1f7-69e0f6055134: the server could not find the requested resource (get pods dns-test-f01c8ea1-6f51-481f-b1f7-69e0f6055134)&#xA;Aug 27 10:25:26.494: INFO: Unable to read jessie_udp@PodARecord from pod dns-4034/dns-test-f01c8ea1-6f51-481f-b1f7-69e0f6055134: the server could not find the requested resource (get pods dns-test-f01c8ea1-6f51-481f-b1f7-69e0f6055134)&#xA;Aug 27 10:25:26.501: INFO: Unable to read jessie_tcp@PodARecord from pod dns-4034/dns-test-f01c8ea1-6f51-481f-b1f7-69e0f6055134: the server could not find the requested resource (get pods dns-test-f01c8ea1-6f51-481f-b1f7-69e0f6055134)&#xA;Aug 27 10:25:26.523: INFO: Lookups using dns-4034/dns-test-f01c8ea1-6f51-481f-b1f7-69e0f6055134 failed for: [wheezy_udp@PodARecord wheezy_tcp@PodARecord jessie_udp@PodARecord jessie_tcp@PodARecord]&#xA;&#xA;Aug 27 10:25:31.410: INFO: Unable to read wheezy_udp@PodARecord from pod dns-4034/dns-test-f01c8ea1-6f51-481f-b1f7-69e0f6055134: the server could not find the requested resource (get pods dns-test-f01c8ea1-6f51-481f-b1f7-69e0f6055134)&#xA;Aug 27 10:25:31.415: INFO: Unable to read wheezy_tcp@PodARecord from pod dns-4034/dns-test-f01c8ea1-6f51-481f-b1f7-69e0f6055134: the server could not find the requested resource (get pods dns-test-f01c8ea1-6f51-481f-b1f7-69e0f6055134)&#xA;Aug 27 10:25:31.477: INFO: Unable to read jessie_udp@PodARecord from pod dns-4034/dns-test-f01c8ea1-6f51-481f-b1f7-69e0f6055134: the server could not find the requested resource (get pods dns-test-f01c8ea1-6f51-481f-b1f7-69e0f6055134)&#xA;Aug 27 10:25:31.489: INFO: Unable to read jessie_tcp@PodARecord from pod dns-4034/dns-test-f01c8ea1-6f51-481f-b1f7-69e0f6055134: the server could not find the requested resource (get pods dns-test-f01c8ea1-6f51-481f-b1f7-69e0f6055134)&#xA;Aug 27 10:25:31.502: INFO: Lookups using dns-4034/dns-test-f01c8ea1-6f51-481f-b1f7-69e0f6055134 failed for: [wheezy_udp@PodARecord wheezy_tcp@PodARecord jessie_udp@PodARecord jessie_tcp@PodARecord]&#xA;&#xA;Aug 27 10:25:36.466: INFO: Unable to read wheezy_udp@PodARecord from pod dns-4034/dns-test-f01c8ea1-6f51-481f-b1f7-69e0f6055134: the server could not find the requested resource (get pods dns-test-f01c8ea1-6f51-481f-b1f7-69e0f6055134)&#xA;Aug 27 10:25:36.474: INFO: Unable to read wheezy_tcp@PodARecord from pod dns-4034/dns-test-f01c8ea1-6f51-481f-b1f7-69e0f6055134: the server could not find the requested resource (get pods dns-test-f01c8ea1-6f51-481f-b1f7-69e0f6055134)&#xA;Aug 27 10:25:36.567: INFO: Unable to read jessie_udp@PodARecord from pod dns-4034/dns-test-f01c8ea1-6f51-481f-b1f7-69e0f6055134: the server could not find the requested resource (get pods dns-test-f01c8ea1-6f51-481f-b1f7-69e0f6055134)&#xA;Aug 27 10:25:36.582: INFO: Unable to read jessie_tcp@PodARecord from pod dns-4034/dns-test-f01c8ea1-6f51-481f-b1f7-69e0f6055134: the server could not find the requested resource (get pods dns-test-f01c8ea1-6f51-481f-b1f7-69e0f6055134)&#xA;Aug 27 10:25:36.611: INFO: Lookups using dns-4034/dns-test-f01c8ea1-6f51-481f-b1f7-69e0f6055134 failed for: [wheezy_udp@PodARecord wheezy_tcp@PodARecord jessie_udp@PodARecord jessie_tcp@PodARecord]&#xA;&#xA;Aug 27 10:25:41.396: INFO: Unable to read wheezy_udp@PodARecord from pod dns-4034/dns-test-f01c8ea1-6f51-481f-b1f7-69e0f6055134: the server could not find the requested resource (get pods dns-test-f01c8ea1-6f51-481f-b1f7-69e0f6055134)&#xA;Aug 27 10:25:41.404: INFO: Unable to read wheezy_tcp@PodARecord from pod dns-4034/dns-test-f01c8ea1-6f51-481f-b1f7-69e0f6055134: the server could not find the requested resource (get pods dns-test-f01c8ea1-6f51-481f-b1f7-69e0f6055134)&#xA;Aug 27 10:25:41.492: INFO: Unable to read jessie_udp@PodARecord from pod dns-4034/dns-test-f01c8ea1-6f51-481f-b1f7-69e0f6055134: the server could not find the requested resource (get pods dns-test-f01c8ea1-6f51-481f-b1f7-69e0f6055134)&#xA;Aug 27 10:25:41.500: INFO: Unable to read jessie_tcp@PodARecord from pod dns-4034/dns-test-f01c8ea1-6f51-481f-b1f7-69e0f6055134: the server could not find the requested resource (get pods dns-test-f01c8ea1-6f51-481f-b1f7-69e0f6055134)&#xA;Aug 27 10:25:41.517: INFO: Lookups using dns-4034/dns-test-f01c8ea1-6f51-481f-b1f7-69e0f6055134 failed for: [wheezy_udp@PodARecord wheezy_tcp@PodARecord jessie_udp@PodARecord jessie_tcp@PodARecord]&#xA;&#xA;Aug 27 10:25:46.468: INFO: Unable to read wheezy_udp@PodARecord from pod dns-4034/dns-test-f01c8ea1-6f51-481f-b1f7-69e0f6055134: the server could not find the requested resource (get pods dns-test-f01c8ea1-6f51-481f-b1f7-69e0f6055134)&#xA;Aug 27 10:25:46.480: INFO: Unable to read wheezy_tcp@PodARecord from pod dns-4034/dns-test-f01c8ea1-6f51-481f-b1f7-69e0f6055134: the server could not find the requested resource (get pods dns-test-f01c8ea1-6f51-481f-b1f7-69e0f6055134)&#xA;Aug 27 10:25:46.579: INFO: Unable to read jessie_udp@PodARecord from pod dns-4034/dns-test-f01c8ea1-6f51-481f-b1f7-69e0f6055134: the server could not find the requested resource (get pods dns-test-f01c8ea1-6f51-481f-b1f7-69e0f6055134)&#xA;Aug 27 10:25:46.585: INFO: Unable to read jessie_tcp@PodARecord from pod dns-4034/dns-test-f01c8ea1-6f51-481f-b1f7-69e0f6055134: the server could not find the requested resource (get pods dns-test-f01c8ea1-6f51-481f-b1f7-69e0f6055134)&#xA;Aug 27 10:25:46.600: INFO: Lookups using dns-4034/dns-test-f01c8ea1-6f51-481f-b1f7-69e0f6055134 failed for: [wheezy_udp@PodARecord wheezy_tcp@PodARecord jessie_udp@PodARecord jessie_tcp@PodARecord]&#xA;&#xA;Aug 27 10:25:51.406: INFO: Unable to read wheezy_udp@PodARecord from pod dns-4034/dns-test-f01c8ea1-6f51-481f-b1f7-69e0f6055134: the server could not find the requested resource (get pods dns-test-f01c8ea1-6f51-481f-b1f7-69e0f6055134)&#xA;Aug 27 10:25:51.411: INFO: Unable to read wheezy_tcp@PodARecord from pod dns-4034/dns-test-f01c8ea1-6f51-481f-b1f7-69e0f6055134: the server could not find the requested resource (get pods dns-test-f01c8ea1-6f51-481f-b1f7-69e0f6055134)&#xA;Aug 27 10:25:51.516: INFO: Unable to read jessie_udp@PodARecord from pod dns-4034/dns-test-f01c8ea1-6f51-481f-b1f7-69e0f6055134: the server could not find the requested resource (get pods dns-test-f01c8ea1-6f51-481f-b1f7-69e0f6055134)&#xA;Aug 27 10:25:51.521: INFO: Unable to read jessie_tcp@PodARecord from pod dns-4034/dns-test-f01c8ea1-6f51-481f-b1f7-69e0f6055134: the server could not find the requested resource (get pods dns-test-f01c8ea1-6f51-481f-b1f7-69e0f6055134)&#xA;Aug 27 10:25:51.545: INFO: Lookups using dns-4034/dns-test-f01c8ea1-6f51-481f-b1f7-69e0f6055134 failed for: [wheezy_udp@PodARecord wheezy_tcp@PodARecord jessie_udp@PodARecord jessie_tcp@PodARecord]&#xA;&#xA;Aug 27 10:25:56.445: INFO: Unable to read wheezy_udp@PodARecord from pod dns-4034/dns-test-f01c8ea1-6f51-481f-b1f7-69e0f6055134: the server could not find the requested resource (get pods dns-test-f01c8ea1-6f51-481f-b1f7-69e0f6055134)&#xA;Aug 27 10:25:56.451: INFO: Unable to read wheezy_tcp@PodARecord from pod dns-4034/dns-test-f01c8ea1-6f51-481f-b1f7-69e0f6055134: the server could not find the requested resource (get pods dns-test-f01c8ea1-6f51-481f-b1f7-69e0f6055134)&#xA;Aug 27 10:25:56.513: INFO: Unable to read jessie_udp@PodARecord from pod dns-4034/dns-test-f01c8ea1-6f51-481f-b1f7-69e0f6055134: the server could not find the requested resource (get pods dns-test-f01c8ea1-6f51-481f-b1f7-69e0f6055134)&#xA;Aug 27 10:25:56.521: INFO: Unable to read jessie_tcp@PodARecord from pod dns-4034/dns-test-f01c8ea1-6f51-481f-b1f7-69e0f6055134: the server could not find the requested resource (get pods dns-test-f01c8ea1-6f51-481f-b1f7-69e0f6055134)&#xA;Aug 27 10:25:56.544: INFO: Lookups using dns-4034/dns-test-f01c8ea1-6f51-481f-b1f7-69e0f6055134 failed for: [wheezy_udp@PodARecord wheezy_tcp@PodARecord jessie_udp@PodARecord jessie_tcp@PodARecord]&#xA;&#xA;Aug 27 10:26:01.431: INFO: Unable to read wheezy_udp@PodARecord from pod dns-4034/dns-test-f01c8ea1-6f51-481f-b1f7-69e0f6055134: the server could not find the requested resource (get pods dns-test-f01c8ea1-6f51-481f-b1f7-69e0f6055134)&#xA;Aug 27 10:26:01.435: INFO: Unable to read wheezy_tcp@PodARecord from pod dns-4034/dns-test-f01c8ea1-6f51-481f-b1f7-69e0f6055134: the server could not find the requested resource (get pods dns-test-f01c8ea1-6f51-481f-b1f7-69e0f6055134)&#xA;Aug 27 10:26:01.534: INFO: Unable to read jessie_udp@PodARecord from pod dns-4034/dns-test-f01c8ea1-6f51-481f-b1f7-69e0f6055134: the server could not find the requested resource (get pods dns-test-f01c8ea1-6f51-481f-b1f7-69e0f6055134)&#xA;Aug 27 10:26:01.543: INFO: Unable to read jessie_tcp@PodARecord from pod dns-4034/dns-test-f01c8ea1-6f51-481f-b1f7-69e0f6055134: the server could not find the requested resource (get pods dns-test-f01c8ea1-6f51-481f-b1f7-69e0f6055134)&#xA;Aug 27 10:26:01.579: INFO: Lookups using dns-4034/dns-test-f01c8ea1-6f51-481f-b1f7-69e0f6055134 failed for: [wheezy_udp@PodARecord wheezy_tcp@PodARecord jessie_udp@PodARecord jessie_tcp@PodARecord]&#xA;&#xA;Aug 27 10:26:06.466: INFO: Unable to read wheezy_udp@PodARecord from pod dns-4034/dns-test-f01c8ea1-6f51-481f-b1f7-69e0f6055134: the server could not find the requested resource (get pods dns-test-f01c8ea1-6f51-481f-b1f7-69e0f6055134)&#xA;Aug 27 10:26:06.475: INFO: Unable to read wheezy_tcp@PodARecord from pod dns-4034/dns-test-f01c8ea1-6f51-481f-b1f7-69e0f6055134: the server could not find the requested resource (get pods dns-test-f01c8ea1-6f51-481f-b1f7-69e0f6055134)&#xA;Aug 27 10:26:06.614: INFO: Unable to read jessie_udp@PodARecord from pod dns-4034/dns-test-f01c8ea1-6f51-481f-b1f7-69e0f6055134: the server could not find the requested resource (get pods dns-test-f01c8ea1-6f51-481f-b1f7-69e0f6055134)&#xA;Aug 27 10:26:06.630: INFO: Unable to read jessie_tcp@PodARecord from pod dns-4034/dns-test-f01c8ea1-6f51-481f-b1f7-69e0f6055134: the server could not find the requested resource (get pods dns-test-f01c8ea1-6f51-481f-b1f7-69e0f6055134)&#xA;Aug 27 10:26:06.637: INFO: Lookups using dns-4034/dns-test-f01c8ea1-6f51-481f-b1f7-69e0f6055134 failed for: [wheezy_udp@PodARecord wheezy_tcp@PodARecord jessie_udp@PodARecord jessie_tcp@PodARecord]&#xA;&#xA;Aug 27 10:26:11.472: INFO: Unable to read wheezy_udp@PodARecord from pod dns-4034/dns-test-f01c8ea1-6f51-481f-b1f7-69e0f6055134: the server could not find the requested resource (get pods dns-test-f01c8ea1-6f51-481f-b1f7-69e0f6055134)&#xA;Aug 27 10:26:11.480: INFO: Unable to read wheezy_tcp@PodARecord from pod dns-4034/dns-test-f01c8ea1-6f51-481f-b1f7-69e0f6055134: the server could not find the requested resource (get pods dns-test-f01c8ea1-6f51-481f-b1f7-69e0f6055134)&#xA;Aug 27 10:26:11.546: INFO: Unable to read jessie_udp@PodARecord from pod dns-4034/dns-test-f01c8ea1-6f51-481f-b1f7-69e0f6055134: the server could not find the requested resource (get pods dns-test-f01c8ea1-6f51-481f-b1f7-69e0f6055134)&#xA;Aug 27 10:26:11.554: INFO: Unable to read jessie_tcp@PodARecord from pod dns-4034/dns-test-f01c8ea1-6f51-481f-b1f7-69e0f6055134: the server could not find the requested resource (get pods dns-test-f01c8ea1-6f51-481f-b1f7-69e0f6055134)&#xA;Aug 27 10:26:11.564: INFO: Lookups using dns-4034/dns-test-f01c8ea1-6f51-481f-b1f7-69e0f6055134 failed for: [wheezy_udp@PodARecord wheezy_tcp@PodARecord jessie_udp@PodARecord jessie_tcp@PodARecord]&#xA;&#xA;Aug 27 10:26:16.477: INFO: Unable to read wheezy_udp@PodARecord from pod dns-4034/dns-test-f01c8ea1-6f51-481f-b1f7-69e0f6055134: the server could not find the requested resource (get pods dns-test-f01c8ea1-6f51-481f-b1f7-69e0f6055134)&#xA;Aug 27 10:26:16.493: INFO: Unable to read wheezy_tcp@PodARecord from pod dns-4034/dns-test-f01c8ea1-6f51-481f-b1f7-69e0f6055134: the server could not find the requested resource (get pods dns-test-f01c8ea1-6f51-481f-b1f7-69e0f6055134)&#xA;Aug 27 10:26:16.582: INFO: Unable to read jessie_udp@PodARecord from pod dns-4034/dns-test-f01c8ea1-6f51-481f-b1f7-69e0f6055134: the server could not find the requested resource (get pods dns-test-f01c8ea1-6f51-481f-b1f7-69e0f6055134)&#xA;Aug 27 10:26:16.592: INFO: Unable to read jessie_tcp@PodARecord from pod dns-4034/dns-test-f01c8ea1-6f51-481f-b1f7-69e0f6055134: the server could not find the requested resource (get pods dns-test-f01c8ea1-6f51-481f-b1f7-69e0f6055134)&#xA;Aug 27 10:26:16.603: INFO: Lookups using dns-4034/dns-test-f01c8ea1-6f51-481f-b1f7-69e0f6055134 failed for: [wheezy_udp@PodARecord wheezy_tcp@PodARecord jessie_udp@PodARecord jessie_tcp@PodARecord]&#xA;&#xA;Aug 27 10:26:21.449: INFO: Unable to read wheezy_udp@PodARecord from pod dns-4034/dns-test-f01c8ea1-6f51-481f-b1f7-69e0f6055134: the server could not find the requested resource (get pods dns-test-f01c8ea1-6f51-481f-b1f7-69e0f6055134)&#xA;Aug 27 10:26:21.455: INFO: Unable to read wheezy_tcp@PodARecord from pod dns-4034/dns-test-f01c8ea1-6f51-481f-b1f7-69e0f6055134: the server could not find the requested resource (get pods dns-test-f01c8ea1-6f51-481f-b1f7-69e0f6055134)&#xA;Aug 27 10:26:21.605: INFO: Unable to read jessie_udp@PodARecord from pod dns-4034/dns-test-f01c8ea1-6f51-481f-b1f7-69e0f6055134: the server could not find the requested resource (get pods dns-test-f01c8ea1-6f51-481f-b1f7-69e0f6055134)&#xA;Aug 27 10:26:21.622: INFO: Unable to read jessie_tcp@PodARecord from pod dns-4034/dns-test-f01c8ea1-6f51-481f-b1f7-69e0f6055134: the server could not find the requested resource (get pods dns-test-f01c8ea1-6f51-481f-b1f7-69e0f6055134)&#xA;Aug 27 10:26:21.671: INFO: Lookups using dns-4034/dns-test-f01c8ea1-6f51-481f-b1f7-69e0f6055134 failed for: [wheezy_udp@PodARecord wheezy_tcp@PodARecord jessie_udp@PodARecord jessie_tcp@PodARecord]&#xA;&#xA;Aug 27 10:26:26.434: INFO: Unable to read wheezy_udp@PodARecord from pod dns-4034/dns-test-f01c8ea1-6f51-481f-b1f7-69e0f6055134: the server could not find the requested resource (get pods dns-test-f01c8ea1-6f51-481f-b1f7-69e0f6055134)&#xA;Aug 27 10:26:26.442: INFO: Unable to read wheezy_tcp@PodARecord from pod dns-4034/dns-test-f01c8ea1-6f51-481f-b1f7-69e0f6055134: the server could not find the requested resource (get pods dns-test-f01c8ea1-6f51-481f-b1f7-69e0f6055134)&#xA;Aug 27 10:26:26.617: INFO: Unable to read jessie_udp@PodARecord from pod dns-4034/dns-test-f01c8ea1-6f51-481f-b1f7-69e0f6055134: the server could not find the requested resource (get pods dns-test-f01c8ea1-6f51-481f-b1f7-69e0f6055134)&#xA;Aug 27 10:26:26.623: INFO: Unable to read jessie_tcp@PodARecord from pod dns-4034/dns-test-f01c8ea1-6f51-481f-b1f7-69e0f6055134: the server could not find the requested resource (get pods dns-test-f01c8ea1-6f51-481f-b1f7-69e0f6055134)&#xA;Aug 27 10:26:26.635: INFO: Lookups using dns-4034/dns-test-f01c8ea1-6f51-481f-b1f7-69e0f6055134 failed for: [wheezy_udp@PodARecord wheezy_tcp@PodARecord jessie_udp@PodARecord jessie_tcp@PodARecord]&#xA;&#xA;Aug 27 10:26:31.428: INFO: Unable to read wheezy_udp@PodARecord from pod dns-4034/dns-test-f01c8ea1-6f51-481f-b1f7-69e0f6055134: the server could not find the requested resource (get pods dns-test-f01c8ea1-6f51-481f-b1f7-69e0f6055134)&#xA;Aug 27 10:26:31.436: INFO: Unable to read wheezy_tcp@PodARecord from pod dns-4034/dns-test-f01c8ea1-6f51-481f-b1f7-69e0f6055134: the server could not find the requested resource (get pods dns-test-f01c8ea1-6f51-481f-b1f7-69e0f6055134)&#xA;Aug 27 10:26:31.513: INFO: Unable to read jessie_udp@PodARecord from pod dns-4034/dns-test-f01c8ea1-6f51-481f-b1f7-69e0f6055134: the server could not find the requested resource (get pods dns-test-f01c8ea1-6f51-481f-b1f7-69e0f6055134)&#xA;Aug 27 10:26:31.519: INFO: Unable to read jessie_tcp@PodARecord from pod dns-4034/dns-test-f01c8ea1-6f51-481f-b1f7-69e0f6055134: the server could not find the requested resource (get pods dns-test-f01c8ea1-6f51-481f-b1f7-69e0f6055134)&#xA;Aug 27 10:26:31.533: INFO: Lookups using dns-4034/dns-test-f01c8ea1-6f51-481f-b1f7-69e0f6055134 failed for: [wheezy_udp@PodARecord wheezy_tcp@PodARecord jessie_udp@PodARecord jessie_tcp@PodARecord]&#xA;&#xA;Aug 27 10:26:36.481: INFO: Unable to read wheezy_udp@PodARecord from pod dns-4034/dns-test-f01c8ea1-6f51-481f-b1f7-69e0f6055134: the server could not find the requested resource (get pods dns-test-f01c8ea1-6f51-481f-b1f7-69e0f6055134)&#xA;Aug 27 10:26:36.489: INFO: Unable to read wheezy_tcp@PodARecord from pod dns-4034/dns-test-f01c8ea1-6f51-481f-b1f7-69e0f6055134: the server could not find the requested resource (get pods dns-test-f01c8ea1-6f51-481f-b1f7-69e0f6055134)&#xA;Aug 27 10:26:36.612: INFO: Unable to read jessie_udp@PodARecord from pod dns-4034/dns-test-f01c8ea1-6f51-481f-b1f7-69e0f6055134: the server could not find the requested resource (get pods dns-test-f01c8ea1-6f51-481f-b1f7-69e0f6055134)&#xA;Aug 27 10:26:36.620: INFO: Unable to read jessie_tcp@PodARecord from pod dns-4034/dns-test-f01c8ea1-6f51-481f-b1f7-69e0f6055134: the server could not find the requested resource (get pods dns-test-f01c8ea1-6f51-481f-b1f7-69e0f6055134)&#xA;Aug 27 10:26:36.639: INFO: Lookups using dns-4034/dns-test-f01c8ea1-6f51-481f-b1f7-69e0f6055134 failed for: [wheezy_udp@PodARecord wheezy_tcp@PodARecord jessie_udp@PodARecord jessie_tcp@PodARecord]&#xA;&#xA;Aug 27 10:26:41.423: INFO: Unable to read wheezy_udp@PodARecord from pod dns-4034/dns-test-f01c8ea1-6f51-481f-b1f7-69e0f6055134: the server could not find the requested resource (get pods dns-test-f01c8ea1-6f51-481f-b1f7-69e0f6055134)&#xA;Aug 27 10:26:41.428: INFO: Unable to read wheezy_tcp@PodARecord from pod dns-4034/dns-test-f01c8ea1-6f51-481f-b1f7-69e0f6055134: the server could not find the requested resource (get pods dns-test-f01c8ea1-6f51-481f-b1f7-69e0f6055134)&#xA;Aug 27 10:26:41.514: INFO: Unable to read jessie_udp@PodARecord from pod dns-4034/dns-test-f01c8ea1-6f51-481f-b1f7-69e0f6055134: the server could not find the requested resource (get pods dns-test-f01c8ea1-6f51-481f-b1f7-69e0f6055134)&#xA;Aug 27 10:26:41.531: INFO: Unable to read jessie_tcp@PodARecord from pod dns-4034/dns-test-f01c8ea1-6f51-481f-b1f7-69e0f6055134: the server could not find the requested resource (get pods dns-test-f01c8ea1-6f51-481f-b1f7-69e0f6055134)&#xA;Aug 27 10:26:41.544: INFO: Lookups using dns-4034/dns-test-f01c8ea1-6f51-481f-b1f7-69e0f6055134 failed for: [wheezy_udp@PodARecord wheezy_tcp@PodARecord jessie_udp@PodARecord jessie_tcp@PodARecord]&#xA;&#xA;Aug 27 10:26:46.409: INFO: Unable to read wheezy_udp@PodARecord from pod dns-4034/dns-test-f01c8ea1-6f51-481f-b1f7-69e0f6055134: the server could not find the requested resource (get pods dns-test-f01c8ea1-6f51-481f-b1f7-69e0f6055134)&#xA;Aug 27 10:26:46.417: INFO: Unable to read wheezy_tcp@PodARecord from pod dns-4034/dns-test-f01c8ea1-6f51-481f-b1f7-69e0f6055134: the server could not find the requested resource (get pods dns-test-f01c8ea1-6f51-481f-b1f7-69e0f6055134)&#xA;Aug 27 10:26:46.482: INFO: Unable to read jessie_udp@PodARecord from pod dns-4034/dns-test-f01c8ea1-6f51-481f-b1f7-69e0f6055134: the server could not find the requested resource (get pods dns-test-f01c8ea1-6f51-481f-b1f7-69e0f6055134)&#xA;Aug 27 10:26:46.490: INFO: Unable to read jessie_tcp@PodARecord from pod dns-4034/dns-test-f01c8ea1-6f51-481f-b1f7-69e0f6055134: the server could not find the requested resource (get pods dns-test-f01c8ea1-6f51-481f-b1f7-69e0f6055134)&#xA;Aug 27 10:26:46.507: INFO: Lookups using dns-4034/dns-test-f01c8ea1-6f51-481f-b1f7-69e0f6055134 failed for: [wheezy_udp@PodARecord wheezy_tcp@PodARecord jessie_udp@PodARecord jessie_tcp@PodARecord]&#xA;&#xA;Aug 27 10:26:51.417: INFO: Unable to read wheezy_udp@PodARecord from pod dns-4034/dns-test-f01c8ea1-6f51-481f-b1f7-69e0f6055134: the server could not find the requested resource (get pods dns-test-f01c8ea1-6f51-481f-b1f7-69e0f6055134)&#xA;Aug 27 10:26:51.423: INFO: Unable to read wheezy_tcp@PodARecord from pod dns-4034/dns-test-f01c8ea1-6f51-481f-b1f7-69e0f6055134: the server could not find the requested resource (get pods dns-test-f01c8ea1-6f51-481f-b1f7-69e0f6055134)&#xA;Aug 27 10:26:51.492: INFO: Unable to read jessie_udp@PodARecord from pod dns-4034/dns-test-f01c8ea1-6f51-481f-b1f7-69e0f6055134: the server could not find the requested resource (get pods dns-test-f01c8ea1-6f51-481f-b1f7-69e0f6055134)&#xA;Aug 27 10:26:51.510: INFO: Unable to read jessie_tcp@PodARecord from pod dns-4034/dns-test-f01c8ea1-6f51-481f-b1f7-69e0f6055134: the server could not find the requested resource (get pods dns-test-f01c8ea1-6f51-481f-b1f7-69e0f6055134)&#xA;Aug 27 10:26:51.551: INFO: Lookups using dns-4034/dns-test-f01c8ea1-6f51-481f-b1f7-69e0f6055134 failed for: [wheezy_udp@PodARecord wheezy_tcp@PodARecord jessie_udp@PodARecord jessie_tcp@PodARecord]&#xA;&#xA;Aug 27 10:26:56.406: INFO: Unable to read wheezy_udp@PodARecord from pod dns-4034/dns-test-f01c8ea1-6f51-481f-b1f7-69e0f6055134: the server could not find the requested resource (get pods dns-test-f01c8ea1-6f51-481f-b1f7-69e0f6055134)&#xA;Aug 27 10:26:56.416: INFO: Unable to read wheezy_tcp@PodARecord from pod dns-4034/dns-test-f01c8ea1-6f51-481f-b1f7-69e0f6055134: the server could not find the requested resource (get pods dns-test-f01c8ea1-6f51-481f-b1f7-69e0f6055134)&#xA;Aug 27 10:26:56.482: INFO: Unable to read jessie_udp@PodARecord from pod dns-4034/dns-test-f01c8ea1-6f51-481f-b1f7-69e0f6055134: the server could not find the requested resource (get pods dns-test-f01c8ea1-6f51-481f-b1f7-69e0f6055134)&#xA;Aug 27 10:26:56.488: INFO: Unable to read jessie_tcp@PodARecord from pod dns-4034/dns-test-f01c8ea1-6f51-481f-b1f7-69e0f6055134: the server could not find the requested resource (get pods dns-test-f01c8ea1-6f51-481f-b1f7-69e0f6055134)&#xA;Aug 27 10:26:56.511: INFO: Lookups using dns-4034/dns-test-f01c8ea1-6f51-481f-b1f7-69e0f6055134 failed for: [wheezy_udp@PodARecord wheezy_tcp@PodARecord jessie_udp@PodARecord jessie_tcp@PodARecord]&#xA;&#xA;Aug 27 10:27:01.423: INFO: Unable to read wheezy_udp@PodARecord from pod dns-4034/dns-test-f01c8ea1-6f51-481f-b1f7-69e0f6055134: the server could not find the requested resource (get pods dns-test-f01c8ea1-6f51-481f-b1f7-69e0f6055134)&#xA;Aug 27 10:27:01.432: INFO: Unable to read wheezy_tcp@PodARecord from pod dns-4034/dns-test-f01c8ea1-6f51-481f-b1f7-69e0f6055134: the server could not find the requested resource (get pods dns-test-f01c8ea1-6f51-481f-b1f7-69e0f6055134)&#xA;Aug 27 10:27:01.510: INFO: Unable to read jessie_udp@PodARecord from pod dns-4034/dns-test-f01c8ea1-6f51-481f-b1f7-69e0f6055134: the server could not find the requested resource (get pods dns-test-f01c8ea1-6f51-481f-b1f7-69e0f6055134)&#xA;Aug 27 10:27:01.514: INFO: Unable to read jessie_tcp@PodARecord from pod dns-4034/dns-test-f01c8ea1-6f51-481f-b1f7-69e0f6055134: the server could not find the requested resource (get pods dns-test-f01c8ea1-6f51-481f-b1f7-69e0f6055134)&#xA;Aug 27 10:27:01.565: INFO: Lookups using dns-4034/dns-test-f01c8ea1-6f51-481f-b1f7-69e0f6055134 failed for: [wheezy_udp@PodARecord wheezy_tcp@PodARecord jessie_udp@PodARecord jessie_tcp@PodARecord]&#xA;&#xA;Aug 27 10:27:06.422: INFO: Unable to read wheezy_udp@PodARecord from pod dns-4034/dns-test-f01c8ea1-6f51-481f-b1f7-69e0f6055134: the server could not find the requested resource (get pods dns-test-f01c8ea1-6f51-481f-b1f7-69e0f6055134)&#xA;Aug 27 10:27:06.433: INFO: Unable to read wheezy_tcp@PodARecord from pod dns-4034/dns-test-f01c8ea1-6f51-481f-b1f7-69e0f6055134: the server could not find the requested resource (get pods dns-test-f01c8ea1-6f51-481f-b1f7-69e0f6055134)&#xA;Aug 27 10:27:06.538: INFO: Unable to read jessie_udp@PodARecord from pod dns-4034/dns-test-f01c8ea1-6f51-481f-b1f7-69e0f6055134: the server could not find the requested resource (get pods dns-test-f01c8ea1-6f51-481f-b1f7-69e0f6055134)&#xA;Aug 27 10:27:06.543: INFO: Unable to read jessie_tcp@PodARecord from pod dns-4034/dns-test-f01c8ea1-6f51-481f-b1f7-69e0f6055134: the server could not find the requested resource (get pods dns-test-f01c8ea1-6f51-481f-b1f7-69e0f6055134)&#xA;Aug 27 10:27:06.551: INFO: Lookups using dns-4034/dns-test-f01c8ea1-6f51-481f-b1f7-69e0f6055134 failed for: [wheezy_udp@PodARecord wheezy_tcp@PodARecord jessie_udp@PodARecord jessie_tcp@PodARecord]&#xA;&#xA;Aug 27 10:27:11.404: INFO: Unable to read wheezy_udp@PodARecord from pod dns-4034/dns-test-f01c8ea1-6f51-481f-b1f7-69e0f6055134: the server could not find the requested resource (get pods dns-test-f01c8ea1-6f51-481f-b1f7-69e0f6055134)&#xA;Aug 27 10:27:11.422: INFO: Unable to read wheezy_tcp@PodARecord from pod dns-4034/dns-test-f01c8ea1-6f51-481f-b1f7-69e0f6055134: the server could not find the requested resource (get pods dns-test-f01c8ea1-6f51-481f-b1f7-69e0f6055134)&#xA;Aug 27 10:27:11.501: INFO: Unable to read jessie_udp@PodARecord from pod dns-4034/dns-test-f01c8ea1-6f51-481f-b1f7-69e0f6055134: the server could not find the requested resource (get pods dns-test-f01c8ea1-6f51-481f-b1f7-69e0f6055134)&#xA;Aug 27 10:27:11.505: INFO: Unable to read jessie_tcp@PodARecord from pod dns-4034/dns-test-f01c8ea1-6f51-481f-b1f7-69e0f6055134: the server could not find the requested resource (get pods dns-test-f01c8ea1-6f51-481f-b1f7-69e0f6055134)&#xA;Aug 27 10:27:11.514: INFO: Lookups using dns-4034/dns-test-f01c8ea1-6f51-481f-b1f7-69e0f6055134 failed for: [wheezy_udp@PodARecord wheezy_tcp@PodARecord jessie_udp@PodARecord jessie_tcp@PodARecord]&#xA;&#xA;Aug 27 10:27:16.427: INFO: Unable to read wheezy_udp@PodARecord from pod dns-4034/dns-test-f01c8ea1-6f51-481f-b1f7-69e0f6055134: the server could not find the requested resource (get pods dns-test-f01c8ea1-6f51-481f-b1f7-69e0f6055134)&#xA;Aug 27 10:27:16.432: INFO: Unable to read wheezy_tcp@PodARecord from pod dns-4034/dns-test-f01c8ea1-6f51-481f-b1f7-69e0f6055134: the server could not find the requested resource (get pods dns-test-f01c8ea1-6f51-481f-b1f7-69e0f6055134)&#xA;Aug 27 10:27:16.561: INFO: Unable to read jessie_udp@PodARecord from pod dns-4034/dns-test-f01c8ea1-6f51-481f-b1f7-69e0f6055134: the server could not find the requested resource (get pods dns-test-f01c8ea1-6f51-481f-b1f7-69e0f6055134)&#xA;Aug 27 10:27:16.571: INFO: Unable to read jessie_tcp@PodARecord from pod dns-4034/dns-test-f01c8ea1-6f51-481f-b1f7-69e0f6055134: the server could not find the requested resource (get pods dns-test-f01c8ea1-6f51-481f-b1f7-69e0f6055134)&#xA;Aug 27 10:27:16.583: INFO: Lookups using dns-4034/dns-test-f01c8ea1-6f51-481f-b1f7-69e0f6055134 failed for: [wheezy_udp@PodARecord wheezy_tcp@PodARecord jessie_udp@PodARecord jessie_tcp@PodARecord]&#xA;&#xA;Aug 27 10:27:21.430: INFO: Unable to read wheezy_udp@PodARecord from pod dns-4034/dns-test-f01c8ea1-6f51-481f-b1f7-69e0f6055134: the server could not find the requested resource (get pods dns-test-f01c8ea1-6f51-481f-b1f7-69e0f6055134)&#xA;Aug 27 10:27:21.444: INFO: Unable to read wheezy_tcp@PodARecord from pod dns-4034/dns-test-f01c8ea1-6f51-481f-b1f7-69e0f6055134: the server could not find the requested resource (get pods dns-test-f01c8ea1-6f51-481f-b1f7-69e0f6055134)&#xA;Aug 27 10:27:21.559: INFO: Unable to read jessie_udp@PodARecord from pod dns-4034/dns-test-f01c8ea1-6f51-481f-b1f7-69e0f6055134: the server could not find the requested resource (get pods dns-test-f01c8ea1-6f51-481f-b1f7-69e0f6055134)&#xA;Aug 27 10:27:21.575: INFO: Unable to read jessie_tcp@PodARecord from pod dns-4034/dns-test-f01c8ea1-6f51-481f-b1f7-69e0f6055134: the server could not find the requested resource (get pods dns-test-f01c8ea1-6f51-481f-b1f7-69e0f6055134)&#xA;Aug 27 10:27:21.587: INFO: Lookups using dns-4034/dns-test-f01c8ea1-6f51-481f-b1f7-69e0f6055134 failed for: [wheezy_udp@PodARecord wheezy_tcp@PodARecord jessie_udp@PodARecord jessie_tcp@PodARecord]&#xA;&#xA;Aug 27 10:27:26.448: INFO: Unable to read wheezy_udp@PodARecord from pod dns-4034/dns-test-f01c8ea1-6f51-481f-b1f7-69e0f6055134: the server could not find the requested resource (get pods dns-test-f01c8ea1-6f51-481f-b1f7-69e0f6055134)&#xA;Aug 27 10:27:26.456: INFO: Unable to read wheezy_tcp@PodARecord from pod dns-4034/dns-test-f01c8ea1-6f51-481f-b1f7-69e0f6055134: the server could not find the requested resource (get pods dns-test-f01c8ea1-6f51-481f-b1f7-69e0f6055134)&#xA;Aug 27 10:27:26.604: INFO: Unable to read jessie_udp@PodARecord from pod dns-4034/dns-test-f01c8ea1-6f51-481f-b1f7-69e0f6055134: the server could not find the requested resource (get pods dns-test-f01c8ea1-6f51-481f-b1f7-69e0f6055134)&#xA;Aug 27 10:27:26.608: INFO: Unable to read jessie_tcp@PodARecord from pod dns-4034/dns-test-f01c8ea1-6f51-481f-b1f7-69e0f6055134: the server could not find the requested resource (get pods dns-test-f01c8ea1-6f51-481f-b1f7-69e0f6055134)&#xA;Aug 27 10:27:26.617: INFO: Lookups using dns-4034/dns-test-f01c8ea1-6f51-481f-b1f7-69e0f6055134 failed for: [wheezy_udp@PodARecord wheezy_tcp@PodARecord jessie_udp@PodARecord jessie_tcp@PodARecord]&#xA;&#xA;Aug 27 10:27:31.399: INFO: Unable to read wheezy_udp@PodARecord from pod dns-4034/dns-test-f01c8ea1-6f51-481f-b1f7-69e0f6055134: the server could not find the requested resource (get pods dns-test-f01c8ea1-6f51-481f-b1f7-69e0f6055134)&#xA;Aug 27 10:27:31.405: INFO: Unable to read wheezy_tcp@PodARecord from pod dns-4034/dns-test-f01c8ea1-6f51-481f-b1f7-69e0f6055134: the server could not find the requested resource (get pods dns-test-f01c8ea1-6f51-481f-b1f7-69e0f6055134)&#xA;Aug 27 10:27:31.484: INFO: Unable to read jessie_udp@PodARecord from pod dns-4034/dns-test-f01c8ea1-6f51-481f-b1f7-69e0f6055134: the server could not find the requested resource (get pods dns-test-f01c8ea1-6f51-481f-b1f7-69e0f6055134)&#xA;Aug 27 10:27:31.489: INFO: Unable to read jessie_tcp@PodARecord from pod dns-4034/dns-test-f01c8ea1-6f51-481f-b1f7-69e0f6055134: the server could not find the requested resource (get pods dns-test-f01c8ea1-6f51-481f-b1f7-69e0f6055134)&#xA;Aug 27 10:27:31.498: INFO: Lookups using dns-4034/dns-test-f01c8ea1-6f51-481f-b1f7-69e0f6055134 failed for: [wheezy_udp@PodARecord wheezy_tcp@PodARecord jessie_udp@PodARecord jessie_tcp@PodARecord]&#xA;&#xA;Aug 27 10:27:36.404: INFO: Unable to read wheezy_udp@PodARecord from pod dns-4034/dns-test-f01c8ea1-6f51-481f-b1f7-69e0f6055134: the server could not find the requested resource (get pods dns-test-f01c8ea1-6f51-481f-b1f7-69e0f6055134)&#xA;Aug 27 10:27:36.414: INFO: Unable to read wheezy_tcp@PodARecord from pod dns-4034/dns-test-f01c8ea1-6f51-481f-b1f7-69e0f6055134: the server could not find the requested resource (get pods dns-test-f01c8ea1-6f51-481f-b1f7-69e0f6055134)&#xA;Aug 27 10:27:36.482: INFO: Unable to read jessie_udp@PodARecord from pod dns-4034/dns-test-f01c8ea1-6f51-481f-b1f7-69e0f6055134: the server could not find the requested resource (get pods dns-test-f01c8ea1-6f51-481f-b1f7-69e0f6055134)&#xA;Aug 27 10:27:36.491: INFO: Unable to read jessie_tcp@PodARecord from pod dns-4034/dns-test-f01c8ea1-6f51-481f-b1f7-69e0f6055134: the server could not find the requested resource (get pods dns-test-f01c8ea1-6f51-481f-b1f7-69e0f6055134)&#xA;Aug 27 10:27:36.511: INFO: Lookups using dns-4034/dns-test-f01c8ea1-6f51-481f-b1f7-69e0f6055134 failed for: [wheezy_udp@PodARecord wheezy_tcp@PodARecord jessie_udp@PodARecord jessie_tcp@PodARecord]&#xA;&#xA;Aug 27 10:27:41.456: INFO: Unable to read wheezy_udp@PodARecord from pod dns-4034/dns-test-f01c8ea1-6f51-481f-b1f7-69e0f6055134: the server could not find the requested resource (get pods dns-test-f01c8ea1-6f51-481f-b1f7-69e0f6055134)&#xA;Aug 27 10:27:41.463: INFO: Unable to read wheezy_tcp@PodARecord from pod dns-4034/dns-test-f01c8ea1-6f51-481f-b1f7-69e0f6055134: the server could not find the requested resource (get pods dns-test-f01c8ea1-6f51-481f-b1f7-69e0f6055134)&#xA;Aug 27 10:27:41.562: INFO: Unable to read jessie_udp@PodARecord from pod dns-4034/dns-test-f01c8ea1-6f51-481f-b1f7-69e0f6055134: the server could not find the requested resource (get pods dns-test-f01c8ea1-6f51-481f-b1f7-69e0f6055134)&#xA;Aug 27 10:27:41.566: INFO: Unable to read jessie_tcp@PodARecord from pod dns-4034/dns-test-f01c8ea1-6f51-481f-b1f7-69e0f6055134: the server could not find the requested resource (get pods dns-test-f01c8ea1-6f51-481f-b1f7-69e0f6055134)&#xA;Aug 27 10:27:41.577: INFO: Lookups using dns-4034/dns-test-f01c8ea1-6f51-481f-b1f7-69e0f6055134 failed for: [wheezy_udp@PodARecord wheezy_tcp@PodARecord jessie_udp@PodARecord jessie_tcp@PodARecord]&#xA;&#xA;Aug 27 10:27:46.443: INFO: Unable to read wheezy_udp@PodARecord from pod dns-4034/dns-test-f01c8ea1-6f51-481f-b1f7-69e0f6055134: the server could not find the requested resource (get pods dns-test-f01c8ea1-6f51-481f-b1f7-69e0f6055134)&#xA;Aug 27 10:27:46.447: INFO: Unable to read wheezy_tcp@PodARecord from pod dns-4034/dns-test-f01c8ea1-6f51-481f-b1f7-69e0f6055134: the server could not find the requested resource (get pods dns-test-f01c8ea1-6f51-481f-b1f7-69e0f6055134)&#xA;Aug 27 10:27:46.542: INFO: Unable to read jessie_udp@PodARecord from pod dns-4034/dns-test-f01c8ea1-6f51-481f-b1f7-69e0f6055134: the server could not find the requested resource (get pods dns-test-f01c8ea1-6f51-481f-b1f7-69e0f6055134)&#xA;Aug 27 10:27:46.548: INFO: Unable to read jessie_tcp@PodARecord from pod dns-4034/dns-test-f01c8ea1-6f51-481f-b1f7-69e0f6055134: the server could not find the requested resource (get pods dns-test-f01c8ea1-6f51-481f-b1f7-69e0f6055134)&#xA;Aug 27 10:27:46.555: INFO: Lookups using dns-4034/dns-test-f01c8ea1-6f51-481f-b1f7-69e0f6055134 failed for: [wheezy_udp@PodARecord wheezy_tcp@PodARecord jessie_udp@PodARecord jessie_tcp@PodARecord]&#xA;&#xA;Aug 27 10:27:51.391: INFO: Unable to read wheezy_udp@PodARecord from pod dns-4034/dns-test-f01c8ea1-6f51-481f-b1f7-69e0f6055134: the server could not find the requested resource (get pods dns-test-f01c8ea1-6f51-481f-b1f7-69e0f6055134)&#xA;Aug 27 10:27:51.398: INFO: Unable to read wheezy_tcp@PodARecord from pod dns-4034/dns-test-f01c8ea1-6f51-481f-b1f7-69e0f6055134: the server could not find the requested resource (get pods dns-test-f01c8ea1-6f51-481f-b1f7-69e0f6055134)&#xA;Aug 27 10:27:51.475: INFO: Unable to read jessie_udp@PodARecord from pod dns-4034/dns-test-f01c8ea1-6f51-481f-b1f7-69e0f6055134: the server could not find the requested resource (get pods dns-test-f01c8ea1-6f51-481f-b1f7-69e0f6055134)&#xA;Aug 27 10:27:51.490: INFO: Unable to read jessie_tcp@PodARecord from pod dns-4034/dns-test-f01c8ea1-6f51-481f-b1f7-69e0f6055134: the server could not find the requested resource (get pods dns-test-f01c8ea1-6f51-481f-b1f7-69e0f6055134)&#xA;Aug 27 10:27:51.517: INFO: Lookups using dns-4034/dns-test-f01c8ea1-6f51-481f-b1f7-69e0f6055134 failed for: [wheezy_udp@PodARecord wheezy_tcp@PodARecord jessie_udp@PodARecord jessie_tcp@PodARecord]&#xA;&#xA;Aug 27 10:27:56.426: INFO: Unable to read wheezy_udp@PodARecord from pod dns-4034/dns-test-f01c8ea1-6f51-481f-b1f7-69e0f6055134: the server could not find the requested resource (get pods dns-test-f01c8ea1-6f51-481f-b1f7-69e0f6055134)&#xA;Aug 27 10:27:56.437: INFO: Unable to read wheezy_tcp@PodARecord from pod dns-4034/dns-test-f01c8ea1-6f51-481f-b1f7-69e0f6055134: the server could not find the requested resource (get pods dns-test-f01c8ea1-6f51-481f-b1f7-69e0f6055134)&#xA;Aug 27 10:27:56.531: INFO: Unable to read jessie_udp@PodARecord from pod dns-4034/dns-test-f01c8ea1-6f51-481f-b1f7-69e0f6055134: the server could not find the requested resource (get pods dns-test-f01c8ea1-6f51-481f-b1f7-69e0f6055134)&#xA;Aug 27 10:27:56.540: INFO: Unable to read jessie_tcp@PodARecord from pod dns-4034/dns-test-f01c8ea1-6f51-481f-b1f7-69e0f6055134: the server could not find the requested resource (get pods dns-test-f01c8ea1-6f51-481f-b1f7-69e0f6055134)&#xA;Aug 27 10:27:56.555: INFO: Lookups using dns-4034/dns-test-f01c8ea1-6f51-481f-b1f7-69e0f6055134 failed for: [wheezy_udp@PodARecord wheezy_tcp@PodARecord jessie_udp@PodARecord jessie_tcp@PodARecord]&#xA;&#xA;Aug 27 10:28:01.424: INFO: Unable to read wheezy_udp@PodARecord from pod dns-4034/dns-test-f01c8ea1-6f51-481f-b1f7-69e0f6055134: the server could not find the requested resource (get pods dns-test-f01c8ea1-6f51-481f-b1f7-69e0f6055134)&#xA;Aug 27 10:28:01.429: INFO: Unable to read wheezy_tcp@PodARecord from pod dns-4034/dns-test-f01c8ea1-6f51-481f-b1f7-69e0f6055134: the server could not find the requested resource (get pods dns-test-f01c8ea1-6f51-481f-b1f7-69e0f6055134)&#xA;Aug 27 10:28:01.529: INFO: Unable to read jessie_udp@PodARecord from pod dns-4034/dns-test-f01c8ea1-6f51-481f-b1f7-69e0f6055134: the server could not find the requested resource (get pods dns-test-f01c8ea1-6f51-481f-b1f7-69e0f6055134)&#xA;Aug 27 10:28:01.536: INFO: Unable to read jessie_tcp@PodARecord from pod dns-4034/dns-test-f01c8ea1-6f51-481f-b1f7-69e0f6055134: the server could not find the requested resource (get pods dns-test-f01c8ea1-6f51-481f-b1f7-69e0f6055134)&#xA;Aug 27 10:28:01.548: INFO: Lookups using dns-4034/dns-test-f01c8ea1-6f51-481f-b1f7-69e0f6055134 failed for: [wheezy_udp@PodARecord wheezy_tcp@PodARecord jessie_udp@PodARecord jessie_tcp@PodARecord]&#xA;&#xA;Aug 27 10:28:06.444: INFO: Unable to read wheezy_udp@PodARecord from pod dns-4034/dns-test-f01c8ea1-6f51-481f-b1f7-69e0f6055134: the server could not find the requested resource (get pods dns-test-f01c8ea1-6f51-481f-b1f7-69e0f6055134)&#xA;Aug 27 10:28:06.453: INFO: Unable to read wheezy_tcp@PodARecord from pod dns-4034/dns-test-f01c8ea1-6f51-481f-b1f7-69e0f6055134: the server could not find the requested resource (get pods dns-test-f01c8ea1-6f51-481f-b1f7-69e0f6055134)&#xA;Aug 27 10:28:06.539: INFO: Unable to read jessie_udp@PodARecord from pod dns-4034/dns-test-f01c8ea1-6f51-481f-b1f7-69e0f6055134: the server could not find the requested resource (get pods dns-test-f01c8ea1-6f51-481f-b1f7-69e0f6055134)&#xA;Aug 27 10:28:06.545: INFO: Unable to read jessie_tcp@PodARecord from pod dns-4034/dns-test-f01c8ea1-6f51-481f-b1f7-69e0f6055134: the server could not find the requested resource (get pods dns-test-f01c8ea1-6f51-481f-b1f7-69e0f6055134)&#xA;Aug 27 10:28:06.569: INFO: Lookups using dns-4034/dns-test-f01c8ea1-6f51-481f-b1f7-69e0f6055134 failed for: [wheezy_udp@PodARecord wheezy_tcp@PodARecord jessie_udp@PodARecord jessie_tcp@PodARecord]&#xA;&#xA;Aug 27 10:28:11.406: INFO: Unable to read wheezy_udp@PodARecord from pod dns-4034/dns-test-f01c8ea1-6f51-481f-b1f7-69e0f6055134: the server could not find the requested resource (get pods dns-test-f01c8ea1-6f51-481f-b1f7-69e0f6055134)&#xA;Aug 27 10:28:11.419: INFO: Unable to read wheezy_tcp@PodARecord from pod dns-4034/dns-test-f01c8ea1-6f51-481f-b1f7-69e0f6055134: the server could not find the requested resource (get pods dns-test-f01c8ea1-6f51-481f-b1f7-69e0f6055134)&#xA;Aug 27 10:28:11.488: INFO: Unable to read jessie_udp@PodARecord from pod dns-4034/dns-test-f01c8ea1-6f51-481f-b1f7-69e0f6055134: the server could not find the requested resource (get pods dns-test-f01c8ea1-6f51-481f-b1f7-69e0f6055134)&#xA;Aug 27 10:28:11.493: INFO: Unable to read jessie_tcp@PodARecord from pod dns-4034/dns-test-f01c8ea1-6f51-481f-b1f7-69e0f6055134: the server could not find the requested resource (get pods dns-test-f01c8ea1-6f51-481f-b1f7-69e0f6055134)&#xA;Aug 27 10:28:11.503: INFO: Lookups using dns-4034/dns-test-f01c8ea1-6f51-481f-b1f7-69e0f6055134 failed for: [wheezy_udp@PodARecord wheezy_tcp@PodARecord jessie_udp@PodARecord jessie_tcp@PodARecord]&#xA;&#xA;Aug 27 10:28:16.405: INFO: Unable to read wheezy_udp@PodARecord from pod dns-4034/dns-test-f01c8ea1-6f51-481f-b1f7-69e0f6055134: the server could not find the requested resource (get pods dns-test-f01c8ea1-6f51-481f-b1f7-69e0f6055134)&#xA;Aug 27 10:28:16.430: INFO: Unable to read wheezy_tcp@PodARecord from pod dns-4034/dns-test-f01c8ea1-6f51-481f-b1f7-69e0f6055134: the server could not find the requested resource (get pods dns-test-f01c8ea1-6f51-481f-b1f7-69e0f6055134)&#xA;Aug 27 10:28:16.520: INFO: Unable to read jessie_udp@PodARecord from pod dns-4034/dns-test-f01c8ea1-6f51-481f-b1f7-69e0f6055134: the server could not find the requested resource (get pods dns-test-f01c8ea1-6f51-481f-b1f7-69e0f6055134)&#xA;Aug 27 10:28:16.528: INFO: Unable to read jessie_tcp@PodARecord from pod dns-4034/dns-test-f01c8ea1-6f51-481f-b1f7-69e0f6055134: the server could not find the requested resource (get pods dns-test-f01c8ea1-6f51-481f-b1f7-69e0f6055134)&#xA;Aug 27 10:28:16.546: INFO: Lookups using dns-4034/dns-test-f01c8ea1-6f51-481f-b1f7-69e0f6055134 failed for: [wheezy_udp@PodARecord wheezy_tcp@PodARecord jessie_udp@PodARecord jessie_tcp@PodARecord]&#xA;&#xA;Aug 27 10:28:21.407: INFO: Unable to read wheezy_udp@PodARecord from pod dns-4034/dns-test-f01c8ea1-6f51-481f-b1f7-69e0f6055134: the server could not find the requested resource (get pods dns-test-f01c8ea1-6f51-481f-b1f7-69e0f6055134)&#xA;Aug 27 10:28:21.413: INFO: Unable to read wheezy_tcp@PodARecord from pod dns-4034/dns-test-f01c8ea1-6f51-481f-b1f7-69e0f6055134: the server could not find the requested resource (get pods dns-test-f01c8ea1-6f51-481f-b1f7-69e0f6055134)&#xA;Aug 27 10:28:21.496: INFO: Unable to read jessie_udp@PodARecord from pod dns-4034/dns-test-f01c8ea1-6f51-481f-b1f7-69e0f6055134: the server could not find the requested resource (get pods dns-test-f01c8ea1-6f51-481f-b1f7-69e0f6055134)&#xA;Aug 27 10:28:21.500: INFO: Unable to read jessie_tcp@PodARecord from pod dns-4034/dns-test-f01c8ea1-6f51-481f-b1f7-69e0f6055134: the server could not find the requested resource (get pods dns-test-f01c8ea1-6f51-481f-b1f7-69e0f6055134)&#xA;Aug 27 10:28:21.507: INFO: Lookups using dns-4034/dns-test-f01c8ea1-6f51-481f-b1f7-69e0f6055134 failed for: [wheezy_udp@PodARecord wheezy_tcp@PodARecord jessie_udp@PodARecord jessie_tcp@PodARecord]&#xA;&#xA;Aug 27 10:28:26.396: INFO: Unable to read wheezy_udp@PodARecord from pod dns-4034/dns-test-f01c8ea1-6f51-481f-b1f7-69e0f6055134: the server could not find the requested resource (get pods dns-test-f01c8ea1-6f51-481f-b1f7-69e0f6055134)&#xA;Aug 27 10:28:26.404: INFO: Unable to read wheezy_tcp@PodARecord from pod dns-4034/dns-test-f01c8ea1-6f51-481f-b1f7-69e0f6055134: the server could not find the requested resource (get pods dns-test-f01c8ea1-6f51-481f-b1f7-69e0f6055134)&#xA;Aug 27 10:28:26.550: INFO: Unable to read jessie_udp@PodARecord from pod dns-4034/dns-test-f01c8ea1-6f51-481f-b1f7-69e0f6055134: the server could not find the requested resource (get pods dns-test-f01c8ea1-6f51-481f-b1f7-69e0f6055134)&#xA;Aug 27 10:28:26.558: INFO: Unable to read jessie_tcp@PodARecord from pod dns-4034/dns-test-f01c8ea1-6f51-481f-b1f7-69e0f6055134: the server could not find the requested resource (get pods dns-test-f01c8ea1-6f51-481f-b1f7-69e0f6055134)&#xA;Aug 27 10:28:26.569: INFO: Lookups using dns-4034/dns-test-f01c8ea1-6f51-481f-b1f7-69e0f6055134 failed for: [wheezy_udp@PodARecord wheezy_tcp@PodARecord jessie_udp@PodARecord jessie_tcp@PodARecord]&#xA;&#xA;Aug 27 10:28:31.431: INFO: Unable to read wheezy_udp@PodARecord from pod dns-4034/dns-test-f01c8ea1-6f51-481f-b1f7-69e0f6055134: the server could not find the requested resource (get pods dns-test-f01c8ea1-6f51-481f-b1f7-69e0f6055134)&#xA;Aug 27 10:28:31.434: INFO: Unable to read wheezy_tcp@PodARecord from pod dns-4034/dns-test-f01c8ea1-6f51-481f-b1f7-69e0f6055134: the server could not find the requested resource (get pods dns-test-f01c8ea1-6f51-481f-b1f7-69e0f6055134)&#xA;Aug 27 10:28:31.486: INFO: Unable to read jessie_udp@PodARecord from pod dns-4034/dns-test-f01c8ea1-6f51-481f-b1f7-69e0f6055134: the server could not find the requested resource (get pods dns-test-f01c8ea1-6f51-481f-b1f7-69e0f6055134)&#xA;Aug 27 10:28:31.490: INFO: Unable to read jessie_tcp@PodARecord from pod dns-4034/dns-test-f01c8ea1-6f51-481f-b1f7-69e0f6055134: the server could not find the requested resource (get pods dns-test-f01c8ea1-6f51-481f-b1f7-69e0f6055134)&#xA;Aug 27 10:28:31.503: INFO: Lookups using dns-4034/dns-test-f01c8ea1-6f51-481f-b1f7-69e0f6055134 failed for: [wheezy_udp@PodARecord wheezy_tcp@PodARecord jessie_udp@PodARecord jessie_tcp@PodARecord]&#xA;&#xA;Aug 27 10:28:36.535: INFO: Unable to read wheezy_udp@PodARecord from pod dns-4034/dns-test-f01c8ea1-6f51-481f-b1f7-69e0f6055134: the server could not find the requested resource (get pods dns-test-f01c8ea1-6f51-481f-b1f7-69e0f6055134)&#xA;Aug 27 10:28:36.543: INFO: Unable to read wheezy_tcp@PodARecord from pod dns-4034/dns-test-f01c8ea1-6f51-481f-b1f7-69e0f6055134: the server could not find the requested resource (get pods dns-test-f01c8ea1-6f51-481f-b1f7-69e0f6055134)&#xA;Aug 27 10:28:36.741: INFO: Unable to read jessie_udp@PodARecord from pod dns-4034/dns-test-f01c8ea1-6f51-481f-b1f7-69e0f6055134: the server could not find the requested resource (get pods dns-test-f01c8ea1-6f51-481f-b1f7-69e0f6055134)&#xA;Aug 27 10:28:36.754: INFO: Unable to read jessie_tcp@PodARecord from pod dns-4034/dns-test-f01c8ea1-6f51-481f-b1f7-69e0f6055134: the server could not find the requested resource (get pods dns-test-f01c8ea1-6f51-481f-b1f7-69e0f6055134)&#xA;Aug 27 10:28:36.771: INFO: Lookups using dns-4034/dns-test-f01c8ea1-6f51-481f-b1f7-69e0f6055134 failed for: [wheezy_udp@PodARecord wheezy_tcp@PodARecord jessie_udp@PodARecord jessie_tcp@PodARecord]&#xA;&#xA;Aug 27 10:28:41.378: INFO: Unable to read wheezy_udp@PodARecord from pod dns-4034/dns-test-f01c8ea1-6f51-481f-b1f7-69e0f6055134: the server could not find the requested resource (get pods dns-test-f01c8ea1-6f51-481f-b1f7-69e0f6055134)&#xA;Aug 27 10:28:41.381: INFO: Unable to read wheezy_tcp@PodARecord from pod dns-4034/dns-test-f01c8ea1-6f51-481f-b1f7-69e0f6055134: the server could not find the requested resource (get pods dns-test-f01c8ea1-6f51-481f-b1f7-69e0f6055134)&#xA;Aug 27 10:28:41.426: INFO: Unable to read jessie_udp@PodARecord from pod dns-4034/dns-test-f01c8ea1-6f51-481f-b1f7-69e0f6055134: the server could not find the requested resource (get pods dns-test-f01c8ea1-6f51-481f-b1f7-69e0f6055134)&#xA;Aug 27 10:28:41.429: INFO: Unable to read jessie_tcp@PodARecord from pod dns-4034/dns-test-f01c8ea1-6f51-481f-b1f7-69e0f6055134: the server could not find the requested resource (get pods dns-test-f01c8ea1-6f51-481f-b1f7-69e0f6055134)&#xA;Aug 27 10:28:41.435: INFO: Lookups using dns-4034/dns-test-f01c8ea1-6f51-481f-b1f7-69e0f6055134 failed for: [wheezy_udp@PodARecord wheezy_tcp@PodARecord jessie_udp@PodARecord jessie_tcp@PodARecord]&#xA;&#xA;Aug 27 10:28:46.413: INFO: Unable to read wheezy_udp@PodARecord from pod dns-4034/dns-test-f01c8ea1-6f51-481f-b1f7-69e0f6055134: the server could not find the requested resource (get pods dns-test-f01c8ea1-6f51-481f-b1f7-69e0f6055134)&#xA;Aug 27 10:28:46.417: INFO: Unable to read wheezy_tcp@PodARecord from pod dns-4034/dns-test-f01c8ea1-6f51-481f-b1f7-69e0f6055134: the server could not find the requested resource (get pods dns-test-f01c8ea1-6f51-481f-b1f7-69e0f6055134)&#xA;Aug 27 10:28:46.501: INFO: Unable to read jessie_udp@PodARecord from pod dns-4034/dns-test-f01c8ea1-6f51-481f-b1f7-69e0f6055134: the server could not find the requested resource (get pods dns-test-f01c8ea1-6f51-481f-b1f7-69e0f6055134)&#xA;Aug 27 10:28:46.508: INFO: Unable to read jessie_tcp@PodARecord from pod dns-4034/dns-test-f01c8ea1-6f51-481f-b1f7-69e0f6055134: the server could not find the requested resource (get pods dns-test-f01c8ea1-6f51-481f-b1f7-69e0f6055134)&#xA;Aug 27 10:28:46.516: INFO: Lookups using dns-4034/dns-test-f01c8ea1-6f51-481f-b1f7-69e0f6055134 failed for: [wheezy_udp@PodARecord wheezy_tcp@PodARecord jessie_udp@PodARecord jessie_tcp@PodARecord]&#xA;&#xA;Aug 27 10:28:51.384: INFO: Unable to read wheezy_udp@PodARecord from pod dns-4034/dns-test-f01c8ea1-6f51-481f-b1f7-69e0f6055134: the server could not find the requested resource (get pods dns-test-f01c8ea1-6f51-481f-b1f7-69e0f6055134)&#xA;Aug 27 10:28:51.388: INFO: Unable to read wheezy_tcp@PodARecord from pod dns-4034/dns-test-f01c8ea1-6f51-481f-b1f7-69e0f6055134: the server could not find the requested resource (get pods dns-test-f01c8ea1-6f51-481f-b1f7-69e0f6055134)&#xA;Aug 27 10:28:51.455: INFO: Unable to read jessie_udp@PodARecord from pod dns-4034/dns-test-f01c8ea1-6f51-481f-b1f7-69e0f6055134: the server could not find the requested resource (get pods dns-test-f01c8ea1-6f51-481f-b1f7-69e0f6055134)&#xA;Aug 27 10:28:51.465: INFO: Unable to read jessie_tcp@PodARecord from pod dns-4034/dns-test-f01c8ea1-6f51-481f-b1f7-69e0f6055134: the server could not find the requested resource (get pods dns-test-f01c8ea1-6f51-481f-b1f7-69e0f6055134)&#xA;Aug 27 10:28:51.477: INFO: Lookups using dns-4034/dns-test-f01c8ea1-6f51-481f-b1f7-69e0f6055134 failed for: [wheezy_udp@PodARecord wheezy_tcp@PodARecord jessie_udp@PodARecord jessie_tcp@PodARecord]&#xA;&#xA;Aug 27 10:28:56.421: INFO: Unable to read wheezy_udp@PodARecord from pod dns-4034/dns-test-f01c8ea1-6f51-481f-b1f7-69e0f6055134: the server could not find the requested resource (get pods dns-test-f01c8ea1-6f51-481f-b1f7-69e0f6055134)&#xA;Aug 27 10:28:56.425: INFO: Unable to read wheezy_tcp@PodARecord from pod dns-4034/dns-test-f01c8ea1-6f51-481f-b1f7-69e0f6055134: the server could not find the requested resource (get pods dns-test-f01c8ea1-6f51-481f-b1f7-69e0f6055134)&#xA;Aug 27 10:28:56.472: INFO: Unable to read jessie_udp@PodARecord from pod dns-4034/dns-test-f01c8ea1-6f51-481f-b1f7-69e0f6055134: the server could not find the requested resource (get pods dns-test-f01c8ea1-6f51-481f-b1f7-69e0f6055134)&#xA;Aug 27 10:28:56.476: INFO: Unable to read jessie_tcp@PodARecord from pod dns-4034/dns-test-f01c8ea1-6f51-481f-b1f7-69e0f6055134: the server could not find the requested resource (get pods dns-test-f01c8ea1-6f51-481f-b1f7-69e0f6055134)&#xA;Aug 27 10:28:56.485: INFO: Lookups using dns-4034/dns-test-f01c8ea1-6f51-481f-b1f7-69e0f6055134 failed for: [wheezy_udp@PodARecord wheezy_tcp@PodARecord jessie_udp@PodARecord jessie_tcp@PodARecord]&#xA;&#xA;Aug 27 10:29:01.398: INFO: Unable to read wheezy_udp@PodARecord from pod dns-4034/dns-test-f01c8ea1-6f51-481f-b1f7-69e0f6055134: the server could not find the requested resource (get pods dns-test-f01c8ea1-6f51-481f-b1f7-69e0f6055134)&#xA;Aug 27 10:29:01.403: INFO: Unable to read wheezy_tcp@PodARecord from pod dns-4034/dns-test-f01c8ea1-6f51-481f-b1f7-69e0f6055134: the server could not find the requested resource (get pods dns-test-f01c8ea1-6f51-481f-b1f7-69e0f6055134)&#xA;Aug 27 10:29:01.469: INFO: Unable to read jessie_udp@PodARecord from pod dns-4034/dns-test-f01c8ea1-6f51-481f-b1f7-69e0f6055134: the server could not find the requested resource (get pods dns-test-f01c8ea1-6f51-481f-b1f7-69e0f6055134)&#xA;Aug 27 10:29:01.474: INFO: Unable to read jessie_tcp@PodARecord from pod dns-4034/dns-test-f01c8ea1-6f51-481f-b1f7-69e0f6055134: the server could not find the requested resource (get pods dns-test-f01c8ea1-6f51-481f-b1f7-69e0f6055134)&#xA;Aug 27 10:29:01.484: INFO: Lookups using dns-4034/dns-test-f01c8ea1-6f51-481f-b1f7-69e0f6055134 failed for: [wheezy_udp@PodARecord wheezy_tcp@PodARecord jessie_udp@PodARecord jessie_tcp@PodARecord]&#xA;&#xA;Aug 27 10:29:06.385: INFO: Unable to read wheezy_udp@PodARecord from pod dns-4034/dns-test-f01c8ea1-6f51-481f-b1f7-69e0f6055134: the server could not find the requested resource (get pods dns-test-f01c8ea1-6f51-481f-b1f7-69e0f6055134)&#xA;Aug 27 10:29:06.389: INFO: Unable to read wheezy_tcp@PodARecord from pod dns-4034/dns-test-f01c8ea1-6f51-481f-b1f7-69e0f6055134: the server could not find the requested resource (get pods dns-test-f01c8ea1-6f51-481f-b1f7-69e0f6055134)&#xA;Aug 27 10:29:06.435: INFO: Unable to read jessie_udp@PodARecord from pod dns-4034/dns-test-f01c8ea1-6f51-481f-b1f7-69e0f6055134: the server could not find the requested resource (get pods dns-test-f01c8ea1-6f51-481f-b1f7-69e0f6055134)&#xA;Aug 27 10:29:06.439: INFO: Unable to read jessie_tcp@PodARecord from pod dns-4034/dns-test-f01c8ea1-6f51-481f-b1f7-69e0f6055134: the server could not find the requested resource (get pods dns-test-f01c8ea1-6f51-481f-b1f7-69e0f6055134)&#xA;Aug 27 10:29:06.446: INFO: Lookups using dns-4034/dns-test-f01c8ea1-6f51-481f-b1f7-69e0f6055134 failed for: [wheezy_udp@PodARecord wheezy_tcp@PodARecord jessie_udp@PodARecord jessie_tcp@PodARecord]&#xA;&#xA;Aug 27 10:29:11.391: INFO: Unable to read wheezy_udp@PodARecord from pod dns-4034/dns-test-f01c8ea1-6f51-481f-b1f7-69e0f6055134: the server could not find the requested resource (get pods dns-test-f01c8ea1-6f51-481f-b1f7-69e0f6055134)&#xA;Aug 27 10:29:11.396: INFO: Unable to read wheezy_tcp@PodARecord from pod dns-4034/dns-test-f01c8ea1-6f51-481f-b1f7-69e0f6055134: the server could not find the requested resource (get pods dns-test-f01c8ea1-6f51-481f-b1f7-69e0f6055134)&#xA;Aug 27 10:29:11.457: INFO: Unable to read jessie_udp@PodARecord from pod dns-4034/dns-test-f01c8ea1-6f51-481f-b1f7-69e0f6055134: the server could not find the requested resource (get pods dns-test-f01c8ea1-6f51-481f-b1f7-69e0f6055134)&#xA;Aug 27 10:29:11.461: INFO: Unable to read jessie_tcp@PodARecord from pod dns-4034/dns-test-f01c8ea1-6f51-481f-b1f7-69e0f6055134: the server could not find the requested resource (get pods dns-test-f01c8ea1-6f51-481f-b1f7-69e0f6055134)&#xA;Aug 27 10:29:11.472: INFO: Lookups using dns-4034/dns-test-f01c8ea1-6f51-481f-b1f7-69e0f6055134 failed for: [wheezy_udp@PodARecord wheezy_tcp@PodARecord jessie_udp@PodARecord jessie_tcp@PodARecord]&#xA;&#xA;Aug 27 10:29:16.385: INFO: Unable to read wheezy_udp@PodARecord from pod dns-4034/dns-test-f01c8ea1-6f51-481f-b1f7-69e0f6055134: the server could not find the requested resource (get pods dns-test-f01c8ea1-6f51-481f-b1f7-69e0f6055134)&#xA;Aug 27 10:29:16.398: INFO: Unable to read wheezy_tcp@PodARecord from pod dns-4034/dns-test-f01c8ea1-6f51-481f-b1f7-69e0f6055134: the server could not find the requested resource (get pods dns-test-f01c8ea1-6f51-481f-b1f7-69e0f6055134)&#xA;Aug 27 10:29:16.461: INFO: Unable to read jessie_udp@PodARecord from pod dns-4034/dns-test-f01c8ea1-6f51-481f-b1f7-69e0f6055134: the server could not find the requested resource (get pods dns-test-f01c8ea1-6f51-481f-b1f7-69e0f6055134)&#xA;Aug 27 10:29:16.465: INFO: Unable to read jessie_tcp@PodARecord from pod dns-4034/dns-test-f01c8ea1-6f51-481f-b1f7-69e0f6055134: the server could not find the requested resource (get pods dns-test-f01c8ea1-6f51-481f-b1f7-69e0f6055134)&#xA;Aug 27 10:29:16.471: INFO: Lookups using dns-4034/dns-test-f01c8ea1-6f51-481f-b1f7-69e0f6055134 failed for: [wheezy_udp@PodARecord wheezy_tcp@PodARecord jessie_udp@PodARecord jessie_tcp@PodARecord]&#xA;&#xA;Aug 27 10:29:21.419: INFO: Unable to read wheezy_udp@PodARecord from pod dns-4034/dns-test-f01c8ea1-6f51-481f-b1f7-69e0f6055134: the server could not find the requested resource (get pods dns-test-f01c8ea1-6f51-481f-b1f7-69e0f6055134)&#xA;Aug 27 10:29:21.422: INFO: Unable to read wheezy_tcp@PodARecord from pod dns-4034/dns-test-f01c8ea1-6f51-481f-b1f7-69e0f6055134: the server could not find the requested resource (get pods dns-test-f01c8ea1-6f51-481f-b1f7-69e0f6055134)&#xA;Aug 27 10:29:21.484: INFO: Unable to read jessie_udp@PodARecord from pod dns-4034/dns-test-f01c8ea1-6f51-481f-b1f7-69e0f6055134: the server could not find the requested resource (get pods dns-test-f01c8ea1-6f51-481f-b1f7-69e0f6055134)&#xA;Aug 27 10:29:21.494: INFO: Unable to read jessie_tcp@PodARecord from pod dns-4034/dns-test-f01c8ea1-6f51-481f-b1f7-69e0f6055134: the server could not find the requested resource (get pods dns-test-f01c8ea1-6f51-481f-b1f7-69e0f6055134)&#xA;Aug 27 10:29:21.507: INFO: Lookups using dns-4034/dns-test-f01c8ea1-6f51-481f-b1f7-69e0f6055134 failed for: [wheezy_udp@PodARecord wheezy_tcp@PodARecord jessie_udp@PodARecord jessie_tcp@PodARecord]&#xA;&#xA;Aug 27 10:29:26.396: INFO: Unable to read wheezy_udp@PodARecord from pod dns-4034/dns-test-f01c8ea1-6f51-481f-b1f7-69e0f6055134: the server could not find the requested resource (get pods dns-test-f01c8ea1-6f51-481f-b1f7-69e0f6055134)&#xA;Aug 27 10:29:26.402: INFO: Unable to read wheezy_tcp@PodARecord from pod dns-4034/dns-test-f01c8ea1-6f51-481f-b1f7-69e0f6055134: the server could not find the requested resource (get pods dns-test-f01c8ea1-6f51-481f-b1f7-69e0f6055134)&#xA;Aug 27 10:29:26.478: INFO: Unable to read jessie_udp@PodARecord from pod dns-4034/dns-test-f01c8ea1-6f51-481f-b1f7-69e0f6055134: the server could not find the requested resource (get pods dns-test-f01c8ea1-6f51-481f-b1f7-69e0f6055134)&#xA;Aug 27 10:29:26.504: INFO: Unable to read jessie_tcp@PodARecord from pod dns-4034/dns-test-f01c8ea1-6f51-481f-b1f7-69e0f6055134: the server could not find the requested resource (get pods dns-test-f01c8ea1-6f51-481f-b1f7-69e0f6055134)&#xA;Aug 27 10:29:26.521: INFO: Lookups using dns-4034/dns-test-f01c8ea1-6f51-481f-b1f7-69e0f6055134 failed for: [wheezy_udp@PodARecord wheezy_tcp@PodARecord jessie_udp@PodARecord jessie_tcp@PodARecord]&#xA;&#xA;Aug 27 10:29:31.395: INFO: Unable to read wheezy_udp@PodARecord from pod dns-4034/dns-test-f01c8ea1-6f51-481f-b1f7-69e0f6055134: the server could not find the requested resource (get pods dns-test-f01c8ea1-6f51-481f-b1f7-69e0f6055134)&#xA;Aug 27 10:29:31.398: INFO: Unable to read wheezy_tcp@PodARecord from pod dns-4034/dns-test-f01c8ea1-6f51-481f-b1f7-69e0f6055134: the server could not find the requested resource (get pods dns-test-f01c8ea1-6f51-481f-b1f7-69e0f6055134)&#xA;Aug 27 10:29:31.451: INFO: Unable to read jessie_udp@PodARecord from pod dns-4034/dns-test-f01c8ea1-6f51-481f-b1f7-69e0f6055134: the server could not find the requested resource (get pods dns-test-f01c8ea1-6f51-481f-b1f7-69e0f6055134)&#xA;Aug 27 10:29:31.455: INFO: Unable to read jessie_tcp@PodARecord from pod dns-4034/dns-test-f01c8ea1-6f51-481f-b1f7-69e0f6055134: the server could not find the requested resource (get pods dns-test-f01c8ea1-6f51-481f-b1f7-69e0f6055134)&#xA;Aug 27 10:29:31.467: INFO: Lookups using dns-4034/dns-test-f01c8ea1-6f51-481f-b1f7-69e0f6055134 failed for: [wheezy_udp@PodARecord wheezy_tcp@PodARecord jessie_udp@PodARecord jessie_tcp@PodARecord]&#xA;&#xA;Aug 27 10:29:36.378: INFO: Unable to read wheezy_udp@PodARecord from pod dns-4034/dns-test-f01c8ea1-6f51-481f-b1f7-69e0f6055134: the server could not find the requested resource (get pods dns-test-f01c8ea1-6f51-481f-b1f7-69e0f6055134)&#xA;Aug 27 10:29:36.385: INFO: Unable to read wheezy_tcp@PodARecord from pod dns-4034/dns-test-f01c8ea1-6f51-481f-b1f7-69e0f6055134: the server could not find the requested resource (get pods dns-test-f01c8ea1-6f51-481f-b1f7-69e0f6055134)&#xA;Aug 27 10:29:36.431: INFO: Unable to read jessie_udp@PodARecord from pod dns-4034/dns-test-f01c8ea1-6f51-481f-b1f7-69e0f6055134: the server could not find the requested resource (get pods dns-test-f01c8ea1-6f51-481f-b1f7-69e0f6055134)&#xA;Aug 27 10:29:36.434: INFO: Unable to read jessie_tcp@PodARecord from pod dns-4034/dns-test-f01c8ea1-6f51-481f-b1f7-69e0f6055134: the server could not find the requested resource (get pods dns-test-f01c8ea1-6f51-481f-b1f7-69e0f6055134)&#xA;Aug 27 10:29:36.441: INFO: Lookups using dns-4034/dns-test-f01c8ea1-6f51-481f-b1f7-69e0f6055134 failed for: [wheezy_udp@PodARecord wheezy_tcp@PodARecord jessie_udp@PodARecord jessie_tcp@PodARecord]&#xA;&#xA;Aug 27 10:29:41.415: INFO: Unable to read wheezy_udp@PodARecord from pod dns-4034/dns-test-f01c8ea1-6f51-481f-b1f7-69e0f6055134: the server could not find the requested resource (get pods dns-test-f01c8ea1-6f51-481f-b1f7-69e0f6055134)&#xA;Aug 27 10:29:41.419: INFO: Unable to read wheezy_tcp@PodARecord from pod dns-4034/dns-test-f01c8ea1-6f51-481f-b1f7-69e0f6055134: the server could not find the requested resource (get pods dns-test-f01c8ea1-6f51-481f-b1f7-69e0f6055134)&#xA;Aug 27 10:29:41.546: INFO: Unable to read jessie_udp@PodARecord from pod dns-4034/dns-test-f01c8ea1-6f51-481f-b1f7-69e0f6055134: the server could not find the requested resource (get pods dns-test-f01c8ea1-6f51-481f-b1f7-69e0f6055134)&#xA;Aug 27 10:29:41.551: INFO: Unable to read jessie_tcp@PodARecord from pod dns-4034/dns-test-f01c8ea1-6f51-481f-b1f7-69e0f6055134: the server could not find the requested resource (get pods dns-test-f01c8ea1-6f51-481f-b1f7-69e0f6055134)&#xA;Aug 27 10:29:41.557: INFO: Lookups using dns-4034/dns-test-f01c8ea1-6f51-481f-b1f7-69e0f6055134 failed for: [wheezy_udp@PodARecord wheezy_tcp@PodARecord jessie_udp@PodARecord jessie_tcp@PodARecord]&#xA;&#xA;Aug 27 10:29:46.407: INFO: Unable to read wheezy_udp@PodARecord from pod dns-4034/dns-test-f01c8ea1-6f51-481f-b1f7-69e0f6055134: the server could not find the requested resource (get pods dns-test-f01c8ea1-6f51-481f-b1f7-69e0f6055134)&#xA;Aug 27 10:29:46.411: INFO: Unable to read wheezy_tcp@PodARecord from pod dns-4034/dns-test-f01c8ea1-6f51-481f-b1f7-69e0f6055134: the server could not find the requested resource (get pods dns-test-f01c8ea1-6f51-481f-b1f7-69e0f6055134)&#xA;Aug 27 10:29:46.455: INFO: Unable to read jessie_udp@PodARecord from pod dns-4034/dns-test-f01c8ea1-6f51-481f-b1f7-69e0f6055134: the server could not find the requested resource (get pods dns-test-f01c8ea1-6f51-481f-b1f7-69e0f6055134)&#xA;Aug 27 10:29:46.460: INFO: Unable to read jessie_tcp@PodARecord from pod dns-4034/dns-test-f01c8ea1-6f51-481f-b1f7-69e0f6055134: the server could not find the requested resource (get pods dns-test-f01c8ea1-6f51-481f-b1f7-69e0f6055134)&#xA;Aug 27 10:29:46.469: INFO: Lookups using dns-4034/dns-test-f01c8ea1-6f51-481f-b1f7-69e0f6055134 failed for: [wheezy_udp@PodARecord wheezy_tcp@PodARecord jessie_udp@PodARecord jessie_tcp@PodARecord]&#xA;&#xA;Aug 27 10:29:51.389: INFO: Unable to read wheezy_udp@PodARecord from pod dns-4034/dns-test-f01c8ea1-6f51-481f-b1f7-69e0f6055134: the server could not find the requested resource (get pods dns-test-f01c8ea1-6f51-481f-b1f7-69e0f6055134)&#xA;Aug 27 10:29:51.393: INFO: Unable to read wheezy_tcp@PodARecord from pod dns-4034/dns-test-f01c8ea1-6f51-481f-b1f7-69e0f6055134: the server could not find the requested resource (get pods dns-test-f01c8ea1-6f51-481f-b1f7-69e0f6055134)&#xA;Aug 27 10:29:51.437: INFO: Unable to read jessie_udp@PodARecord from pod dns-4034/dns-test-f01c8ea1-6f51-481f-b1f7-69e0f6055134: the server could not find the requested resource (get pods dns-test-f01c8ea1-6f51-481f-b1f7-69e0f6055134)&#xA;Aug 27 10:29:51.440: INFO: Unable to read jessie_tcp@PodARecord from pod dns-4034/dns-test-f01c8ea1-6f51-481f-b1f7-69e0f6055134: the server could not find the requested resource (get pods dns-test-f01c8ea1-6f51-481f-b1f7-69e0f6055134)&#xA;Aug 27 10:29:51.446: INFO: Lookups using dns-4034/dns-test-f01c8ea1-6f51-481f-b1f7-69e0f6055134 failed for: [wheezy_udp@PodARecord wheezy_tcp@PodARecord jessie_udp@PodARecord jessie_tcp@PodARecord]&#xA;&#xA;Aug 27 10:29:56.415: INFO: Unable to read wheezy_udp@PodARecord from pod dns-4034/dns-test-f01c8ea1-6f51-481f-b1f7-69e0f6055134: the server could not find the requested resource (get pods dns-test-f01c8ea1-6f51-481f-b1f7-69e0f6055134)&#xA;Aug 27 10:29:56.421: INFO: Unable to read wheezy_tcp@PodARecord from pod dns-4034/dns-test-f01c8ea1-6f51-481f-b1f7-69e0f6055134: the server could not find the requested resource (get pods dns-test-f01c8ea1-6f51-481f-b1f7-69e0f6055134)&#xA;Aug 27 10:29:56.528: INFO: Unable to read jessie_udp@PodARecord from pod dns-4034/dns-test-f01c8ea1-6f51-481f-b1f7-69e0f6055134: the server could not find the requested resource (get pods dns-test-f01c8ea1-6f51-481f-b1f7-69e0f6055134)&#xA;Aug 27 10:29:56.535: INFO: Unable to read jessie_tcp@PodARecord from pod dns-4034/dns-test-f01c8ea1-6f51-481f-b1f7-69e0f6055134: the server could not find the requested resource (get pods dns-test-f01c8ea1-6f51-481f-b1f7-69e0f6055134)&#xA;Aug 27 10:29:56.543: INFO: Lookups using dns-4034/dns-test-f01c8ea1-6f51-481f-b1f7-69e0f6055134 failed for: [wheezy_udp@PodARecord wheezy_tcp@PodARecord jessie_udp@PodARecord jessie_tcp@PodARecord]&#xA;&#xA;Aug 27 10:30:01.389: INFO: Unable to read wheezy_udp@PodARecord from pod dns-4034/dns-test-f01c8ea1-6f51-481f-b1f7-69e0f6055134: the server could not find the requested resource (get pods dns-test-f01c8ea1-6f51-481f-b1f7-69e0f6055134)&#xA;Aug 27 10:30:01.393: INFO: Unable to read wheezy_tcp@PodARecord from pod dns-4034/dns-test-f01c8ea1-6f51-481f-b1f7-69e0f6055134: the server could not find the requested resource (get pods dns-test-f01c8ea1-6f51-481f-b1f7-69e0f6055134)&#xA;Aug 27 10:30:01.488: INFO: Unable to read jessie_udp@PodARecord from pod dns-4034/dns-test-f01c8ea1-6f51-481f-b1f7-69e0f6055134: the server could not find the requested resource (get pods dns-test-f01c8ea1-6f51-481f-b1f7-69e0f6055134)&#xA;Aug 27 10:30:01.491: INFO: Unable to read jessie_tcp@PodARecord from pod dns-4034/dns-test-f01c8ea1-6f51-481f-b1f7-69e0f6055134: the server could not find the requested resource (get pods dns-test-f01c8ea1-6f51-481f-b1f7-69e0f6055134)&#xA;Aug 27 10:30:01.499: INFO: Lookups using dns-4034/dns-test-f01c8ea1-6f51-481f-b1f7-69e0f6055134 failed for: [wheezy_udp@PodARecord wheezy_tcp@PodARecord jessie_udp@PodARecord jessie_tcp@PodARecord]&#xA;&#xA;Aug 27 10:30:06.386: INFO: Unable to read wheezy_udp@PodARecord from pod dns-4034/dns-test-f01c8ea1-6f51-481f-b1f7-69e0f6055134: the server could not find the requested resource (get pods dns-test-f01c8ea1-6f51-481f-b1f7-69e0f6055134)&#xA;Aug 27 10:30:06.390: INFO: Unable to read wheezy_tcp@PodARecord from pod dns-4034/dns-test-f01c8ea1-6f51-481f-b1f7-69e0f6055134: the server could not find the requested resource (get pods dns-test-f01c8ea1-6f51-481f-b1f7-69e0f6055134)&#xA;Aug 27 10:30:06.432: INFO: Unable to read jessie_udp@PodARecord from pod dns-4034/dns-test-f01c8ea1-6f51-481f-b1f7-69e0f6055134: the server could not find the requested resource (get pods dns-test-f01c8ea1-6f51-481f-b1f7-69e0f6055134)&#xA;Aug 27 10:30:06.435: INFO: Unable to read jessie_tcp@PodARecord from pod dns-4034/dns-test-f01c8ea1-6f51-481f-b1f7-69e0f6055134: the server could not find the requested resource (get pods dns-test-f01c8ea1-6f51-481f-b1f7-69e0f6055134)&#xA;Aug 27 10:30:06.443: INFO: Lookups using dns-4034/dns-test-f01c8ea1-6f51-481f-b1f7-69e0f6055134 failed for: [wheezy_udp@PodARecord wheezy_tcp@PodARecord jessie_udp@PodARecord jessie_tcp@PodARecord]&#xA;&#xA;Aug 27 10:30:11.402: INFO: Unable to read wheezy_udp@PodARecord from pod dns-4034/dns-test-f01c8ea1-6f51-481f-b1f7-69e0f6055134: the server could not find the requested resource (get pods dns-test-f01c8ea1-6f51-481f-b1f7-69e0f6055134)&#xA;Aug 27 10:30:11.406: INFO: Unable to read wheezy_tcp@PodARecord from pod dns-4034/dns-test-f01c8ea1-6f51-481f-b1f7-69e0f6055134: the server could not find the requested resource (get pods dns-test-f01c8ea1-6f51-481f-b1f7-69e0f6055134)&#xA;Aug 27 10:30:11.469: INFO: Unable to read jessie_udp@PodARecord from pod dns-4034/dns-test-f01c8ea1-6f51-481f-b1f7-69e0f6055134: the server could not find the requested resource (get pods dns-test-f01c8ea1-6f51-481f-b1f7-69e0f6055134)&#xA;Aug 27 10:30:11.472: INFO: Unable to read jessie_tcp@PodARecord from pod dns-4034/dns-test-f01c8ea1-6f51-481f-b1f7-69e0f6055134: the server could not find the requested resource (get pods dns-test-f01c8ea1-6f51-481f-b1f7-69e0f6055134)&#xA;Aug 27 10:30:11.483: INFO: Lookups using dns-4034/dns-test-f01c8ea1-6f51-481f-b1f7-69e0f6055134 failed for: [wheezy_udp@PodARecord wheezy_tcp@PodARecord jessie_udp@PodARecord jessie_tcp@PodARecord]&#xA;&#xA;Aug 27 10:30:16.426: INFO: Unable to read wheezy_udp@PodARecord from pod dns-4034/dns-test-f01c8ea1-6f51-481f-b1f7-69e0f6055134: the server could not find the requested resource (get pods dns-test-f01c8ea1-6f51-481f-b1f7-69e0f6055134)&#xA;Aug 27 10:30:16.431: INFO: Unable to read wheezy_tcp@PodARecord from pod dns-4034/dns-test-f01c8ea1-6f51-481f-b1f7-69e0f6055134: the server could not find the requested resource (get pods dns-test-f01c8ea1-6f51-481f-b1f7-69e0f6055134)&#xA;Aug 27 10:30:16.495: INFO: Unable to read jessie_udp@PodARecord from pod dns-4034/dns-test-f01c8ea1-6f51-481f-b1f7-69e0f6055134: the server could not find the requested resource (get pods dns-test-f01c8ea1-6f51-481f-b1f7-69e0f6055134)&#xA;Aug 27 10:30:16.499: INFO: Unable to read jessie_tcp@PodARecord from pod dns-4034/dns-test-f01c8ea1-6f51-481f-b1f7-69e0f6055134: the server could not find the requested resource (get pods dns-test-f01c8ea1-6f51-481f-b1f7-69e0f6055134)&#xA;Aug 27 10:30:16.505: INFO: Lookups using dns-4034/dns-test-f01c8ea1-6f51-481f-b1f7-69e0f6055134 failed for: [wheezy_udp@PodARecord wheezy_tcp@PodARecord jessie_udp@PodARecord jessie_tcp@PodARecord]&#xA;&#xA;Aug 27 10:30:21.382: INFO: Unable to read wheezy_udp@PodARecord from pod dns-4034/dns-test-f01c8ea1-6f51-481f-b1f7-69e0f6055134: the server could not find the requested resource (get pods dns-test-f01c8ea1-6f51-481f-b1f7-69e0f6055134)&#xA;Aug 27 10:30:21.385: INFO: Unable to read wheezy_tcp@PodARecord from pod dns-4034/dns-test-f01c8ea1-6f51-481f-b1f7-69e0f6055134: the server could not find the requested resource (get pods dns-test-f01c8ea1-6f51-481f-b1f7-69e0f6055134)&#xA;Aug 27 10:30:21.428: INFO: Unable to read jessie_udp@PodARecord from pod dns-4034/dns-test-f01c8ea1-6f51-481f-b1f7-69e0f6055134: the server could not find the requested resource (get pods dns-test-f01c8ea1-6f51-481f-b1f7-69e0f6055134)&#xA;Aug 27 10:30:21.434: INFO: Unable to read jessie_tcp@PodARecord from pod dns-4034/dns-test-f01c8ea1-6f51-481f-b1f7-69e0f6055134: the server could not find the requested resource (get pods dns-test-f01c8ea1-6f51-481f-b1f7-69e0f6055134)&#xA;Aug 27 10:30:21.441: INFO: Lookups using dns-4034/dns-test-f01c8ea1-6f51-481f-b1f7-69e0f6055134 failed for: [wheezy_udp@PodARecord wheezy_tcp@PodARecord jessie_udp@PodARecord jessie_tcp@PodARecord]&#xA;&#xA;Aug 27 10:30:26.390: INFO: Unable to read wheezy_udp@PodARecord from pod dns-4034/dns-test-f01c8ea1-6f51-481f-b1f7-69e0f6055134: the server could not find the requested resource (get pods dns-test-f01c8ea1-6f51-481f-b1f7-69e0f6055134)&#xA;Aug 27 10:30:26.396: INFO: Unable to read wheezy_tcp@PodARecord from pod dns-4034/dns-test-f01c8ea1-6f51-481f-b1f7-69e0f6055134: the server could not find the requested resource (get pods dns-test-f01c8ea1-6f51-481f-b1f7-69e0f6055134)&#xA;Aug 27 10:30:26.452: INFO: Unable to read jessie_udp@PodARecord from pod dns-4034/dns-test-f01c8ea1-6f51-481f-b1f7-69e0f6055134: the server could not find the requested resource (get pods dns-test-f01c8ea1-6f51-481f-b1f7-69e0f6055134)&#xA;Aug 27 10:30:26.457: INFO: Unable to read jessie_tcp@PodARecord from pod dns-4034/dns-test-f01c8ea1-6f51-481f-b1f7-69e0f6055134: the server could not find the requested resource (get pods dns-test-f01c8ea1-6f51-481f-b1f7-69e0f6055134)&#xA;Aug 27 10:30:26.466: INFO: Lookups using dns-4034/dns-test-f01c8ea1-6f51-481f-b1f7-69e0f6055134 failed for: [wheezy_udp@PodARecord wheezy_tcp@PodARecord jessie_udp@PodARecord jessie_tcp@PodARecord]&#xA;&#xA;Aug 27 10:30:26.534: INFO: Unable to read wheezy_udp@PodARecord from pod dns-4034/dns-test-f01c8ea1-6f51-481f-b1f7-69e0f6055134: the server could not find the requested resource (get pods dns-test-f01c8ea1-6f51-481f-b1f7-69e0f6055134)&#xA;Aug 27 10:30:26.543: INFO: Unable to read wheezy_tcp@PodARecord from pod dns-4034/dns-test-f01c8ea1-6f51-481f-b1f7-69e0f6055134: the server could not find the requested resource (get pods dns-test-f01c8ea1-6f51-481f-b1f7-69e0f6055134)&#xA;Aug 27 10:30:26.625: INFO: Unable to read jessie_udp@PodARecord from pod dns-4034/dns-test-f01c8ea1-6f51-481f-b1f7-69e0f6055134: the server could not find the requested resource (get pods dns-test-f01c8ea1-6f51-481f-b1f7-69e0f6055134)&#xA;Aug 27 10:30:26.629: INFO: Unable to read jessie_tcp@PodARecord from pod dns-4034/dns-test-f01c8ea1-6f51-481f-b1f7-69e0f6055134: the server could not find the requested resource (get pods dns-test-f01c8ea1-6f51-481f-b1f7-69e0f6055134)&#xA;Aug 27 10:30:26.646: INFO: Lookups using dns-4034/dns-test-f01c8ea1-6f51-481f-b1f7-69e0f6055134 failed for: [wheezy_udp@PodARecord wheezy_tcp@PodARecord jessie_udp@PodARecord jessie_tcp@PodARecord]&#xA;&#xA;Aug 27 10:30:26.647: FAIL: Unexpected error:&#xA;    &lt;*errors.errorString | 0xc0002c6240&gt;: {&#xA;        s: &#34;timed out waiting for the condition&#34;,&#xA;    }&#xA;    timed out waiting for the condition&#xA;occurred&#xA;&#xA;Full Stack Trace&#xA;k8s.io/kubernetes/test/e2e/network.assertFilesContain(0xc000254500, 0x1c, 0x28, 0x706a4c0, 0x7, 0xc0016fe400, 0x79ab408, 0xc001d19340, 0x0, 0x0, ...)&#xA;&#x9;/workspace/src/k8s.io/kubernetes/_output/dockerized/go/src/k8s.io/kubernetes/test/e2e/network/dns_common.go:463 +0x16e&#xA;k8s.io/kubernetes/test/e2e/network.assertFilesExist(...)&#xA;&#x9;/workspace/src/k8s.io/kubernetes/_output/dockerized/go/src/k8s.io/kubernetes/test/e2e/network/dns_common.go:457&#xA;k8s.io/kubernetes/test/e2e/network.validateDNSResults(0xc00126b340, 0xc0016fe400, 0xc000254500, 0x1c, 0x28)&#xA;&#x9;/workspace/src/k8s.io/kubernetes/_output/dockerized/go/src/k8s.io/kubernetes/test/e2e/network/dns_common.go:520 +0x365&#xA;k8s.io/kubernetes/test/e2e/network.glob..func2.6()&#xA;&#x9;/workspace/src/k8s.io/kubernetes/_output/dockerized/go/src/k8s.io/kubernetes/test/e2e/network/dns.go:237 +0xec5&#xA;k8s.io/kubernetes/test/e2e.RunE2ETests(0xc000af8600)&#xA;&#x9;_output/dockerized/go/src/k8s.io/kubernetes/test/e2e/e2e.go:130 +0x36c&#xA;k8s.io/kubernetes/test/e2e.TestE2E(0xc000af8600)&#xA;&#x9;_output/dockerized/go/src/k8s.io/kubernetes/test/e2e/e2e_test.go:136 +0x2b&#xA;testing.tRunner(0xc000af8600, 0x72d42e8)&#xA;&#x9;/usr/local/go/src/testing/testing.go:1193 +0xef&#xA;created by testing.(*T).Run&#xA;&#x9;/usr/local/go/src/testing/testing.go:1238 +0x2b3&#xA;STEP: deleting the pod&#xA;STEP: deleting the test service&#xA;STEP: deleting the test headless service&#xA;[AfterEach] [sig-network] DNS&#xA;  /workspace/src/k8s.io/kubernetes/_output/dockerized/go/src/k8s.io/kubernetes/test/e2e/framework/framework.go:186&#xA;STEP: Collecting events from namespace &#34;dns-4034&#34;.&#xA;STEP: Found 13 events.&#xA;Aug 27 10:30:27.012: INFO: At 2021-08-27 10:20:21 +0000 UTC - event for dns-test-f01c8ea1-6f51-481f-b1f7-69e0f6055134: {default-scheduler } Scheduled: Successfully assigned dns-4034/dns-test-f01c8ea1-6f51-481f-b1f7-69e0f6055134 to instance-1&#xA;Aug 27 10:30:27.012: INFO: At 2021-08-27 10:20:22 +0000 UTC - event for dns-test-f01c8ea1-6f51-481f-b1f7-69e0f6055134: {kubelet instance-1} Pulled: Container image &#34;k8s.gcr.io/e2e-test-images/agnhost:2.32&#34; already present on machine&#xA;Aug 27 10:30:27.012: INFO: At 2021-08-27 10:20:22 +0000 UTC - event for dns-test-f01c8ea1-6f51-481f-b1f7-69e0f6055134: {kubelet instance-1} Created: Created container webserver&#xA;Aug 27 10:30:27.012: INFO: At 2021-08-27 10:20:22 +0000 UTC - event for dns-test-f01c8ea1-6f51-481f-b1f7-69e0f6055134: {kubelet instance-1} Started: Started container webserver&#xA;Aug 27 10:30:27.012: INFO: At 2021-08-27 10:20:22 +0000 UTC - event for dns-test-f01c8ea1-6f51-481f-b1f7-69e0f6055134: {kubelet instance-1} Pulled: Container image &#34;k8s.gcr.io/e2e-test-images/agnhost:2.32&#34; already present on machine&#xA;Aug 27 10:30:27.012: INFO: At 2021-08-27 10:20:23 +0000 UTC - event for dns-test-f01c8ea1-6f51-481f-b1f7-69e0f6055134: {kubelet instance-1} Started: Started container querier&#xA;Aug 27 10:30:27.013: INFO: At 2021-08-27 10:20:23 +0000 UTC - event for dns-test-f01c8ea1-6f51-481f-b1f7-69e0f6055134: {kubelet instance-1} Created: Created container querier&#xA;Aug 27 10:30:27.013: INFO: At 2021-08-27 10:20:23 +0000 UTC - event for dns-test-f01c8ea1-6f51-481f-b1f7-69e0f6055134: {kubelet instance-1} Pulled: Container image &#34;k8s.gcr.io/e2e-test-images/jessie-dnsutils:1.4&#34; already present on machine&#xA;Aug 27 10:30:27.013: INFO: At 2021-08-27 10:20:23 +0000 UTC - event for dns-test-f01c8ea1-6f51-481f-b1f7-69e0f6055134: {kubelet instance-1} Created: Created container jessie-querier&#xA;Aug 27 10:30:27.013: INFO: At 2021-08-27 10:20:23 +0000 UTC - event for dns-test-f01c8ea1-6f51-481f-b1f7-69e0f6055134: {kubelet instance-1} Started: Started container jessie-querier&#xA;Aug 27 10:30:27.013: INFO: At 2021-08-27 10:30:26 +0000 UTC - event for dns-test-f01c8ea1-6f51-481f-b1f7-69e0f6055134: {kubelet instance-1} Killing: Stopping container webserver&#xA;Aug 27 10:30:27.013: INFO: At 2021-08-27 10:30:26 +0000 UTC - event for dns-test-f01c8ea1-6f51-481f-b1f7-69e0f6055134: {kubelet instance-1} Killing: Stopping container jessie-querier&#xA;Aug 27 10:30:27.013: INFO: At 2021-08-27 10:30:26 +0000 UTC - event for dns-test-f01c8ea1-6f51-481f-b1f7-69e0f6055134: {kubelet instance-1} Killing: Stopping container querier&#xA;Aug 27 10:30:27.017: INFO: POD  NODE  PHASE  GRACE  CONDITIONS&#xA;Aug 27 10:30:27.017: INFO: &#xA;Aug 27 10:30:27.023: INFO: &#xA;Logging node info for node instance-1&#xA;Aug 27 10:30:27.047: INFO: Node Info: &amp;Node{ObjectMeta:{instance-1    66706824-827f-43ec-951f-55d099198c49 7400 0 2021-08-27 09:44:27 +0000 UTC &lt;nil&gt; &lt;nil&gt; map[beta.kubernetes.io/arch:amd64 beta.kubernetes.io/os:linux kubernetes.io/arch:amd64 kubernetes.io/hostname:instance-1 kubernetes.io/os:linux node-role.kubernetes.io/control-plane: node-role.kubernetes.io/master: node.kubernetes.io/control-plane: node.kubernetes.io/master:] map[node.alpha.kubernetes.io/ttl:0 projectcalico.org/IPv4Address:10.140.0.2/32 projectcalico.org/IPv4IPIPTunnelAddr:172.208.23.128 volumes.kubernetes.io/controller-managed-attach-detach:true] [] []  [{kubelet Update v1 2021-08-27 09:44:27 +0000 UTC FieldsV1 {&#34;f:metadata&#34;:{&#34;f:annotations&#34;:{&#34;.&#34;:{},&#34;f:volumes.kubernetes.io/controller-managed-attach-detach&#34;:{}},&#34;f:labels&#34;:{&#34;.&#34;:{},&#34;f:beta.kubernetes.io/arch&#34;:{},&#34;f:beta.kubernetes.io/os&#34;:{},&#34;f:kubernetes.io/arch&#34;:{},&#34;f:kubernetes.io/hostname&#34;:{},&#34;f:kubernetes.io/os&#34;:{},&#34;f:node.kubernetes.io/control-plane&#34;:{},&#34;f:node.kubernetes.io/master&#34;:{}}}} } {kube-controller-manager Update v1 2021-08-27 09:44:36 +0000 UTC FieldsV1 {&#34;f:metadata&#34;:{&#34;f:annotations&#34;:{&#34;f:node.alpha.kubernetes.io/ttl&#34;:{}}}} } {calico-node Update v1 2021-08-27 09:44:41 +0000 UTC FieldsV1 {&#34;f:metadata&#34;:{&#34;f:annotations&#34;:{&#34;f:projectcalico.org/IPv4Address&#34;:{},&#34;f:projectcalico.org/IPv4IPIPTunnelAddr&#34;:{}}},&#34;f:status&#34;:{&#34;f:conditions&#34;:{&#34;k:{\&#34;type\&#34;:\&#34;NetworkUnavailable\&#34;}&#34;:{&#34;.&#34;:{},&#34;f:lastHeartbeatTime&#34;:{},&#34;f:lastTransitionTime&#34;:{},&#34;f:message&#34;:{},&#34;f:reason&#34;:{},&#34;f:status&#34;:{},&#34;f:type&#34;:{}}}}} status} {kubectl-label Update v1 2021-08-27 09:44:44 +0000 UTC FieldsV1 {&#34;f:metadata&#34;:{&#34;f:labels&#34;:{&#34;f:node-role.kubernetes.io/control-plane&#34;:{},&#34;f:node-role.kubernetes.io/master&#34;:{}}}} } {e2e.test Update v1 2021-08-27 10:07:39 +0000 UTC FieldsV1 {&#34;f:status&#34;:{&#34;f:capacity&#34;:{&#34;f:scheduling.k8s.io/foo&#34;:{}}}} status} {kubelet Update v1 2021-08-27 10:07:48 +0000 UTC FieldsV1 {&#34;f:status&#34;:{&#34;f:allocatable&#34;:{&#34;f:scheduling.k8s.io/foo&#34;:{}},&#34;f:conditions&#34;:{&#34;k:{\&#34;type\&#34;:\&#34;DiskPressure\&#34;}&#34;:{&#34;f:lastHeartbeatTime&#34;:{}},&#34;k:{\&#34;type\&#34;:\&#34;MemoryPressure\&#34;}&#34;:{&#34;f:lastHeartbeatTime&#34;:{}},&#34;k:{\&#34;type\&#34;:\&#34;PIDPressure\&#34;}&#34;:{&#34;f:lastHeartbeatTime&#34;:{}},&#34;k:{\&#34;type\&#34;:\&#34;Ready\&#34;}&#34;:{&#34;f:lastHeartbeatTime&#34;:{},&#34;f:lastTransitionTime&#34;:{},&#34;f:message&#34;:{},&#34;f:reason&#34;:{},&#34;f:status&#34;:{}}},&#34;f:images&#34;:{}}} status}]},Spec:NodeSpec{PodCIDR:,DoNotUseExternalID:,ProviderID:,Unschedulable:false,Taints:[]Taint{},ConfigSource:nil,PodCIDRs:[],},Status:NodeStatus{Capacity:ResourceList{cpu: {{4 0} {&lt;nil&gt;} 4 DecimalSI},ephemeral-storage: {{51848359936 0} {&lt;nil&gt;} 50633164Ki BinarySI},hugepages-1Gi: {{0 0} {&lt;nil&gt;} 0 DecimalSI},hugepages-2Mi: {{0 0} {&lt;nil&gt;} 0 DecimalSI},memory: {{16778743808 0} {&lt;nil&gt;} 16385492Ki BinarySI},pods: {{110 0} {&lt;nil&gt;} 110 DecimalSI},scheduling.k8s.io/foo: {{5 0} {&lt;nil&gt;} 5 DecimalSI},},Allocatable:ResourceList{cpu: {{4 0} {&lt;nil&gt;} 4 DecimalSI},ephemeral-storage: {{49255941901 0} {&lt;nil&gt;} 49255941901 DecimalSI},hugepages-1Gi: {{0 0} {&lt;nil&gt;} 0 DecimalSI},hugepages-2Mi: {{0 0} {&lt;nil&gt;} 0 DecimalSI},memory: {{15600144384 0} {&lt;nil&gt;} 15234516Ki BinarySI},pods: {{110 0} {&lt;nil&gt;} 110 DecimalSI},scheduling.k8s.io/foo: {{5 0} {&lt;nil&gt;} 5 DecimalSI},},Phase:,Conditions:[]NodeCondition{NodeCondition{Type:NetworkUnavailable,Status:False,LastHeartbeatTime:2021-08-27 09:44:41 +0000 UTC,LastTransitionTime:2021-08-27 09:44:41 +0000 UTC,Reason:CalicoIsUp,Message:Calico is running on this node,},NodeCondition{Type:MemoryPressure,Status:False,LastHeartbeatTime:2021-08-27 10:27:58 +0000 UTC,LastTransitionTime:2021-08-27 09:44:26 +0000 UTC,Reason:KubeletHasSufficientMemory,Message:kubelet has sufficient memory available,},NodeCondition{Type:DiskPressure,Status:False,LastHeartbeatTime:2021-08-27 10:27:58 +0000 UTC,LastTransitionTime:2021-08-27 09:44:26 +0000 UTC,Reason:KubeletHasNoDiskPressure,Message:kubelet has no disk pressure,},NodeCondition{Type:PIDPressure,Status:False,LastHeartbeatTime:2021-08-27 10:27:58 +0000 UTC,LastTransitionTime:2021-08-27 09:44:26 +0000 UTC,Reason:KubeletHasSufficientPID,Message:kubelet has sufficient PID available,},NodeCondition{Type:Ready,Status:True,LastHeartbeatTime:2021-08-27 10:27:58 +0000 UTC,LastTransitionTime:2021-08-27 09:44:47 +0000 UTC,Reason:KubeletReady,Message:kubelet is posting ready status. AppArmor enabled,},},Addresses:[]NodeAddress{NodeAddress{Type:InternalIP,Address:10.140.0.2,},NodeAddress{Type:Hostname,Address:instance-1,},},DaemonEndpoints:NodeDaemonEndpoints{KubeletEndpoint:DaemonEndpoint{Port:10250,},},NodeInfo:NodeSystemInfo{MachineID:9115f560b455f8c5d2b83bdfb715f3b3,SystemUUID:9115f560-b455-f8c5-d2b8-3bdfb715f3b3,BootID:3bd04ce9-2b88-452c-af59-4599689b83f3,KernelVersion:5.11.0-1017-gcp,OSImage:Ubuntu 21.04,ContainerRuntimeVersion:docker://20.10.8,KubeletVersion:v1.22.1,KubeProxyVersion:v1.22.1,OperatingSystem:linux,Architecture:amd64,},Images:[]ContainerImage{ContainerImage{Names:[slzcc/kubernetes@sha256:d938e2364017b78329200a38b8317db806fe305cf5e26c975a0298e23324fb77 slzcc/kubernetes:v1.22.1.0],SizeBytes:2296544903,},ContainerImage{Names:[quay.io/cilium/cilium:v1.10.1],SizeBytes:409321746,},ContainerImage{Names:[sonobuoy/systemd-logs@sha256:fadad24a66ddd544987c38811108a73d1a306dd3b5e3f090b207786f2825ffde sonobuoy/systemd-logs:v0.3],SizeBytes:297365055,},ContainerImage{Names:[k8s.gcr.io/etcd@sha256:9ce33ba33d8e738a5b85ed50b5080ac746deceed4a7496c550927a7a19ca3b6d k8s.gcr.io/etcd:3.5.0-0],SizeBytes:294536887,},ContainerImage{Names:[k8s.gcr.io/e2e-test-images/jessie-dnsutils@sha256:702a992280fb7c3303e84a5801acbb4c9c7fcf48cffe0e9c8be3f0c60f74cf89 k8s.gcr.io/e2e-test-images/jessie-dnsutils:1.4],SizeBytes:253371792,},ContainerImage{Names:[k8s.gcr.io/etcd:3.4.9],SizeBytes:253347452,},ContainerImage{Names:[k8s.gcr.io/conformance@sha256:e22b40e1e6db0b3fcb9fd565100de0af2c525217769378a20ac4cef47f1502ce k8s.gcr.io/conformance:v1.22.1],SizeBytes:247962555,},ContainerImage{Names:[calico/node:v3.20.0],SizeBytes:169862919,},ContainerImage{Names:[calico/cni:v3.20.0],SizeBytes:146006429,},ContainerImage{Names:[k8s.gcr.io/kube-apiserver:v1.22.1],SizeBytes:128446877,},ContainerImage{Names:[k8s.gcr.io/e2e-test-images/httpd@sha256:716d2f68314c5c4ddd5ecdb45183fcb4ed8019015982c1321571f863989b70b0 k8s.gcr.io/e2e-test-images/httpd:2.4.39-1],SizeBytes:126894770,},ContainerImage{Names:[k8s.gcr.io/e2e-test-images/agnhost@sha256:758db666ac7028534dba72e7e9bb1e57bb81b8196f976f7a5cc351ef8b3529e1 k8s.gcr.io/e2e-test-images/agnhost:2.32],SizeBytes:125930239,},ContainerImage{Names:[k8s.gcr.io/e2e-test-images/httpd@sha256:b913fa234cc3473cfe16e937d106b455a7609f927f59031c81aca791e2689b50 k8s.gcr.io/e2e-test-images/httpd:2.4.38-1],SizeBytes:123781643,},ContainerImage{Names:[k8s.gcr.io/kube-controller-manager:v1.22.1],SizeBytes:121979567,},ContainerImage{Names:[k8s.gcr.io/e2e-test-images/nautilus@sha256:1f36a24cfb5e0c3f725d7565a867c2384282fcbeccc77b07b423c9da95763a9a k8s.gcr.io/e2e-test-images/nautilus:1.4],SizeBytes:121748345,},ContainerImage{Names:[k8s.gcr.io/kube-proxy:v1.22.1],SizeBytes:103645121,},ContainerImage{Names:[haproxy:2.4.2],SizeBytes:95448973,},ContainerImage{Names:[calico/kube-controllers:v3.20.0],SizeBytes:63156065,},ContainerImage{Names:[quay.io/cilium/operator-generic:v1.10.1],SizeBytes:56290965,},ContainerImage{Names:[k8s.gcr.io/kube-scheduler:v1.22.1],SizeBytes:52658888,},ContainerImage{Names:[coredns/coredns@sha256:6e5a02c21641597998b4be7cb5eb1e7b02c0d8d23cce4dd09f4682d463798890 k8s.gcr.io/coredns/coredns@sha256:6e5a02c21641597998b4be7cb5eb1e7b02c0d8d23cce4dd09f4682d463798890 coredns/coredns:1.8.4 k8s.gcr.io/coredns/coredns:v1.8.4],SizeBytes:47554275,},ContainerImage{Names:[coredns/coredns:1.8.3],SizeBytes:43499235,},ContainerImage{Names:[sonobuoy/sonobuoy@sha256:d393e2c862fffd0823409594f3ab8bc2524b359d9e6313ae3f9edb5d3dfa56e1 sonobuoy/sonobuoy:v0.53.2],SizeBytes:37400989,},ContainerImage{Names:[calico/pod2daemon-flexvol@sha256:c17e3e9871682bed00bfd33f8d6f00db1d1a126034a25bf5380355978e0c548d calico/pod2daemon-flexvol:v3.20.0],SizeBytes:21666928,},ContainerImage{Names:[k8s.gcr.io/e2e-test-images/nginx@sha256:503b7abb89e57383eba61cc8a9cb0b495ea575c516108f7d972a6ff6e1ab3c9b k8s.gcr.io/e2e-test-images/nginx:1.14-1],SizeBytes:16032814,},ContainerImage{Names:[slzcc/keepalived:1.2.24.1],SizeBytes:15933789,},ContainerImage{Names:[quay.io/cilium/startup-script:62bfbe88c17778aad7bef9fa57ff9e2d4a9ba0d8],SizeBytes:11739254,},ContainerImage{Names:[k8s.gcr.io/e2e-test-images/nonewprivs@sha256:8ac1264691820febacf3aea5d152cbde6d10685731ec14966a9401c6f47a68ac k8s.gcr.io/e2e-test-images/nonewprivs:1.3],SizeBytes:7107254,},ContainerImage{Names:[k8s.gcr.io/e2e-test-images/busybox@sha256:39e1e963e5310e9c313bad51523be012ede7b35bb9316517d19089a010356592 k8s.gcr.io/e2e-test-images/busybox:1.29-1],SizeBytes:1154361,},ContainerImage{Names:[k8s.gcr.io/pause@sha256:1ff6c18fbef2045af6b9c16bf034cc421a29027b800e4f9b68ae9b1cb3e9ae07 k8s.gcr.io/pause:3.5],SizeBytes:682696,},ContainerImage{Names:[k8s.gcr.io/pause:3.2],SizeBytes:682696,},},VolumesInUse:[],VolumesAttached:[]AttachedVolume{},Config:nil,},}&#xA;Aug 27 10:30:27.055: INFO: &#xA;Logging kubelet events for node instance-1&#xA;Aug 27 10:30:27.063: INFO: &#xA;Logging pods the kubelet thinks is on node instance-1&#xA;Aug 27 10:30:27.124: INFO: kube-apiserver-instance-1 started at 2021-08-27 09:44:20 +0000 UTC (0+1 container statuses recorded)&#xA;Aug 27 10:30:27.124: INFO: &#x9;Container kube-apiserver ready: true, restart count 1&#xA;Aug 27 10:30:27.124: INFO: sonobuoy started at 2021-08-27 09:45:47 +0000 UTC (0+1 container statuses recorded)&#xA;Aug 27 10:30:27.124: INFO: &#x9;Container kube-sonobuoy ready: true, restart count 0&#xA;Aug 27 10:30:27.124: INFO: sonobuoy-systemd-logs-daemon-set-0a76f2e7c4ae491c-6jjs8 started at 2021-08-27 09:45:48 +0000 UTC (0+2 container statuses recorded)&#xA;Aug 27 10:30:27.124: INFO: &#x9;Container sonobuoy-worker ready: true, restart count 0&#xA;Aug 27 10:30:27.124: INFO: &#x9;Container systemd-logs ready: true, restart count 0&#xA;Aug 27 10:30:27.124: INFO: kube-proxy-45vxz started at 2021-08-27 09:44:35 +0000 UTC (0+1 container statuses recorded)&#xA;Aug 27 10:30:27.124: INFO: &#x9;Container kube-proxy ready: true, restart count 0&#xA;Aug 27 10:30:27.124: INFO: etcd-instance-1 started at 2021-08-27 09:44:20 +0000 UTC (0+1 container statuses recorded)&#xA;Aug 27 10:30:27.124: INFO: &#x9;Container etcd ready: true, restart count 7&#xA;Aug 27 10:30:27.124: INFO: haproxy-instance-1 started at 2021-08-27 09:44:20 +0000 UTC (0+1 container statuses recorded)&#xA;Aug 27 10:30:27.124: INFO: &#x9;Container haproxy ready: true, restart count 7&#xA;Aug 27 10:30:27.124: INFO: kube-scheduler-instance-1 started at 2021-08-27 09:44:20 +0000 UTC (0+1 container statuses recorded)&#xA;Aug 27 10:30:27.124: INFO: &#x9;Container kube-scheduler ready: true, restart count 1&#xA;Aug 27 10:30:27.124: INFO: calico-kube-controllers-866f579489-6mhds started at 2021-08-27 09:44:47 +0000 UTC (0+1 container statuses recorded)&#xA;Aug 27 10:30:27.124: INFO: &#x9;Container calico-kube-controllers ready: true, restart count 0&#xA;Aug 27 10:30:27.124: INFO: coredns-5449fcdd7-rf9fq started at 2021-08-27 09:44:47 +0000 UTC (0+1 container statuses recorded)&#xA;Aug 27 10:30:27.124: INFO: &#x9;Container coredns ready: true, restart count 0&#xA;Aug 27 10:30:27.124: INFO: sonobuoy-e2e-job-8f4800e0b3a54e3c started at 2021-08-27 09:45:48 +0000 UTC (0+2 container statuses recorded)&#xA;Aug 27 10:30:27.124: INFO: &#x9;Container e2e ready: true, restart count 0&#xA;Aug 27 10:30:27.124: INFO: &#x9;Container sonobuoy-worker ready: true, restart count 0&#xA;Aug 27 10:30:27.124: INFO: kube-controller-manager-instance-1 started at 2021-08-27 09:44:20 +0000 UTC (0+1 container statuses recorded)&#xA;Aug 27 10:30:27.124: INFO: &#x9;Container kube-controller-manager ready: true, restart count 1&#xA;Aug 27 10:30:27.124: INFO: calico-node-jtcrr started at 2021-08-27 09:44:35 +0000 UTC (3+1 container statuses recorded)&#xA;Aug 27 10:30:27.124: INFO: &#x9;Init container upgrade-ipam ready: true, restart count 0&#xA;Aug 27 10:30:27.124: INFO: &#x9;Init container install-cni ready: true, restart count 0&#xA;Aug 27 10:30:27.124: INFO: &#x9;Init container flexvol-driver ready: true, restart count 0&#xA;Aug 27 10:30:27.124: INFO: &#x9;Container calico-node ready: true, restart count 0&#xA;Aug 27 10:30:27.124: INFO: coredns-5449fcdd7-nlbvc started at 2021-08-27 09:44:47 +0000 UTC (0+1 container statuses recorded)&#xA;Aug 27 10:30:27.124: INFO: &#x9;Container coredns ready: true, restart count 0&#xA;Aug 27 10:30:27.279: INFO: &#xA;Latency metrics for node instance-1&#xA;Aug 27 10:30:27.279: INFO: Waiting up to 3m0s for all (but 0) nodes to be ready&#xA;STEP: Destroying namespace &#34;dns-4034&#34; for this suite.&#xA;</system-out>
      </testcase>
      <testcase name="[sig-node] Security Context should support container.SecurityContext.RunAsUser And container.SecurityContext.RunAsGroup [LinuxOnly] [Conformance]" classname="Kubernetes e2e suite" time="4.108818608"></testcase>
      <testcase name="[sig-storage] In-tree Volumes [Driver: vsphere] [Testpattern: Dynamic PV (filesystem volmode)] multiVolume [Slow] should concurrently access the single volume from pods on the same node" classname="Kubernetes e2e suite" time="0">
          <skipped></skipped>
      </testcase>
      <testcase name="[sig-storage] In-tree Volumes [Driver: windows-gcepd] [Testpattern: Inline-volume (ntfs)][Feature:Windows] volumes should allow exec of files on the volume" classname="Kubernetes e2e suite" time="0">
          <skipped></skipped>
      </testcase>
      <testcase name="[sig-storage] Subpath Container restart should verify that container can restart successfully after configmaps modified" classname="Kubernetes e2e suite" time="0">
          <skipped></skipped>
      </testcase>
      <testcase name="[sig-storage] In-tree Volumes [Driver: iscsi][Feature:Volumes] [Testpattern: Inline-volume (default fs)] subPath should support readOnly directory specified in the volumeMount" classname="Kubernetes e2e suite" time="0">
          <skipped></skipped>
      </testcase>
      <testcase name="[sig-storage] In-tree Volumes [Driver: hostPathSymlink] [Testpattern: Dynamic PV (default fs)] fsgroupchangepolicy (Always)[LinuxOnly], pod created with an initial fsgroup, volume contents ownership changed in first pod, new pod with different fsgroup applied to the volume contents" classname="Kubernetes e2e suite" time="0">
          <skipped></skipped>
      </testcase>
      <testcase name="[sig-storage] In-tree Volumes [Driver: ceph][Feature:Volumes][Serial] [Testpattern: Dynamic PV (ntfs)][Feature:Windows] provisioning should provision storage with mount options" classname="Kubernetes e2e suite" time="0">
          <skipped></skipped>
      </testcase>
      <testcase name="[sig-storage] In-tree Volumes [Driver: hostPathSymlink] [Testpattern: Dynamic PV (ntfs)][Feature:Windows] subPath should support readOnly directory specified in the volumeMount" classname="Kubernetes e2e suite" time="0">
          <skipped></skipped>
      </testcase>
      <testcase name="[sig-storage] In-tree Volumes [Driver: cinder] [Testpattern: Inline-volume (default fs)] subPath should fail if non-existent subpath is outside the volume [Slow][LinuxOnly]" classname="Kubernetes e2e suite" time="0">
          <skipped></skipped>
      </testcase>
      <testcase name="[sig-storage] In-tree Volumes [Driver: hostPathSymlink] [Testpattern: Dynamic PV (ntfs)][Feature:Windows] subPath should support non-existent path" classname="Kubernetes e2e suite" time="0">
          <skipped></skipped>
      </testcase>
      <testcase name="[sig-storage] In-tree Volumes [Driver: gcepd] [Testpattern: Dynamic PV (xfs)][Slow] multiVolume [Slow] should access to two volumes with different volume mode and retain data across pod recreation on different node" classname="Kubernetes e2e suite" time="0">
          <skipped></skipped>
      </testcase>
      <testcase name="[sig-storage] In-tree Volumes [Driver: local][LocalVolumeType: dir-link] [Testpattern: Dynamic PV (ntfs)][Feature:Windows] volumes should store data" classname="Kubernetes e2e suite" time="0">
          <skipped></skipped>
      </testcase>
      <testcase name="[sig-storage] In-tree Volumes [Driver: hostPath] [Testpattern: Dynamic PV (ntfs)][Feature:Windows] subPath should support existing single file [LinuxOnly]" classname="Kubernetes e2e suite" time="0">
          <skipped></skipped>
      </testcase>
      <testcase name="[sig-storage] In-tree Volumes [Driver: aws] [Testpattern: Dynamic PV (ntfs)][Feature:Windows] subPath should support creating multiple subpath from same volumes [Slow]" classname="Kubernetes e2e suite" time="0">
          <skipped></skipped>
      </testcase>
      <testcase name="[sig-storage] In-tree Volumes [Driver: aws] [Testpattern: Pre-provisioned PV (block volmode)] volumeMode should not mount / map unused volumes in a pod [LinuxOnly]" classname="Kubernetes e2e suite" time="0">
          <skipped></skipped>
      </testcase>
      <testcase name="[sig-storage] In-tree Volumes [Driver: iscsi][Feature:Volumes] [Testpattern: Dynamic PV (xfs)][Slow] multiVolume [Slow] should access to two volumes with different volume mode and retain data across pod recreation on the same node" classname="Kubernetes e2e suite" time="0">
          <skipped></skipped>
      </testcase>
      <testcase name="[sig-storage] In-tree Volumes [Driver: local][LocalVolumeType: block] [Testpattern: Inline-volume (xfs)][Slow] volumes should allow exec of files on the volume" classname="Kubernetes e2e suite" time="0">
          <skipped></skipped>
      </testcase>
      <testcase name="[sig-storage] In-tree Volumes [Driver: hostPathSymlink] [Testpattern: Dynamic PV (default fs)] subPath should support readOnly directory specified in the volumeMount" classname="Kubernetes e2e suite" time="0">
          <skipped></skipped>
      </testcase>
      <testcase name="[sig-storage] In-tree Volumes [Driver: emptydir] [Testpattern: Dynamic PV (block volmode)] multiVolume [Slow] should concurrently access the volume and restored snapshot from pods on the same node [LinuxOnly][Feature:VolumeSnapshotDataSource][Feature:VolumeSourceXFS]" classname="Kubernetes e2e suite" time="0">
          <skipped></skipped>
      </testcase>
      <testcase name="[sig-storage] In-tree Volumes [Driver: cinder] [Testpattern: Dynamic PV (block volmode)] disruptive[Disruptive][LinuxOnly] Should test that pv used in a pod that is force deleted while the kubelet is down cleans up when the kubelet returns." classname="Kubernetes e2e suite" time="0">
          <skipped></skipped>
      </testcase>
      <testcase name="[sig-storage] CSI Volumes [Driver: csi-hostpath] [Testpattern: Dynamic PV (default fs)] subPath should unmount if pod is force deleted while kubelet is down [Disruptive][Slow][LinuxOnly]" classname="Kubernetes e2e suite" time="0">
          <skipped></skipped>
      </testcase>
      <testcase name="[sig-storage] In-tree Volumes [Driver: cinder] [Testpattern: Pre-provisioned PV (filesystem volmode)] volumeMode should not mount / map unused volumes in a pod [LinuxOnly]" classname="Kubernetes e2e suite" time="0">
          <skipped></skipped>
      </testcase>
      <testcase name="[sig-storage] In-tree Volumes [Driver: local][LocalVolumeType: blockfs] [Testpattern: Dynamic PV (default fs)] subPath should support creating multiple subpath from same volumes [Slow]" classname="Kubernetes e2e suite" time="0">
          <skipped></skipped>
      </testcase>
      <testcase name="[sig-storage] In-tree Volumes [Driver: local][LocalVolumeType: dir-link] [Testpattern: Pre-provisioned PV (filesystem volmode)] multiVolume [Slow] should concurrently access the volume and its clone from pods on the same node [LinuxOnly][Feature:VolumeSnapshotDataSource][Feature:VolumeSourceXFS]" classname="Kubernetes e2e suite" time="0">
          <skipped></skipped>
      </testcase>
      <testcase name="[sig-storage] In-tree Volumes [Driver: local][LocalVolumeType: dir-link-bindmounted] [Testpattern: Dynamic PV (ntfs)][Feature:Windows] subPath should fail if subpath directory is outside the volume [Slow][LinuxOnly]" classname="Kubernetes e2e suite" time="0">
          <skipped></skipped>
      </testcase>
      <testcase name="[sig-storage] In-tree Volumes [Driver: local][LocalVolumeType: blockfs] [Testpattern: Dynamic PV (filesystem volmode)] disruptive[Disruptive][LinuxOnly] Should test that pv written before kubelet restart is readable after restart." classname="Kubernetes e2e suite" time="0">
          <skipped></skipped>
      </testcase>
      <testcase name="[sig-storage] In-tree Volumes [Driver: local][LocalVolumeType: dir-link] [Testpattern: Dynamic PV (default fs)] provisioning should provision storage with pvc data source" classname="Kubernetes e2e suite" time="0">
          <skipped></skipped>
      </testcase>
      <testcase name="[sig-storage] In-tree Volumes [Driver: hostPath] [Testpattern: Dynamic PV (default fs)] fsgroupchangepolicy (Always)[LinuxOnly], pod created with an initial fsgroup, new pod fsgroup applied to volume contents" classname="Kubernetes e2e suite" time="0">
          <skipped></skipped>
      </testcase>
      <testcase name="[sig-storage] In-tree Volumes [Driver: rbd][Feature:Volumes][Serial] [Testpattern: Pre-provisioned PV (block volmode)] disruptive[Disruptive][LinuxOnly] Should test that pv written before kubelet restart is readable after restart." classname="Kubernetes e2e suite" time="0">
          <skipped></skipped>
      </testcase>
      <testcase name="[sig-storage] In-tree Volumes [Driver: vsphere] [Testpattern: Dynamic PV (filesystem volmode)] volumeMode should not mount / map unused volumes in a pod [LinuxOnly]" classname="Kubernetes e2e suite" time="0">
          <skipped></skipped>
      </testcase>
      <testcase name="[sig-storage] In-tree Volumes [Driver: cinder] [Testpattern: Dynamic PV (default fs)] volumeIO should write files of various sizes, verify size, validate content [Slow][LinuxOnly]" classname="Kubernetes e2e suite" time="0">
          <skipped></skipped>
      </testcase>
      <testcase name="[sig-storage] In-tree Volumes [Driver: hostPath] [Testpattern: Dynamic PV (ntfs)][Feature:Windows] subPath should fail if subpath file is outside the volume [Slow][LinuxOnly]" classname="Kubernetes e2e suite" time="0">
          <skipped></skipped>
      </testcase>
      <testcase name="[sig-node] Variable Expansion should allow substituting values in a volume subpath [Conformance]" classname="Kubernetes e2e suite" time="2.104281392"></testcase>
      <testcase name="[sig-storage] In-tree Volumes [Driver: rbd][Feature:Volumes][Serial] [Testpattern: Dynamic PV (default fs)] subPath should support readOnly directory specified in the volumeMount" classname="Kubernetes e2e suite" time="0">
          <skipped></skipped>
      </testcase>
      <testcase name="[sig-storage] In-tree Volumes [Driver: hostPath] [Testpattern: Dynamic PV (block volmode)] disruptive[Disruptive][LinuxOnly] Should test that pv used in a pod that is deleted while the kubelet is down cleans up when the kubelet returns." classname="Kubernetes e2e suite" time="0">
          <skipped></skipped>
      </testcase>
      <testcase name="[sig-network] [Feature:IPv6DualStack] Granular Checks: Services Secondary IP Family [LinuxOnly] should function for service endpoints using hostNetwork" classname="Kubernetes e2e suite" time="0">
          <skipped></skipped>
      </testcase>
      <testcase name="[sig-storage] In-tree Volumes [Driver: aws] [Testpattern: Dynamic PV (ext4)] multiVolume [Slow] should access to two volumes with the same volume mode and retain data across pod recreation on the same node" classname="Kubernetes e2e suite" time="0">
          <skipped></skipped>
      </testcase>
      <testcase name="[sig-storage] In-tree Volumes [Driver: local][LocalVolumeType: dir] [Testpattern: Dynamic PV (filesystem volmode)] volumeMode should not mount / map unused volumes in a pod [LinuxOnly]" classname="Kubernetes e2e suite" time="0">
          <skipped></skipped>
      </testcase>
      <testcase name="[sig-storage] In-tree Volumes [Driver: local][LocalVolumeType: dir-bindmounted] [Testpattern: Dynamic PV (ntfs)][Feature:Windows] provisioning should provision storage with pvc data source" classname="Kubernetes e2e suite" time="0">
          <skipped></skipped>
      </testcase>
      <testcase name="[sig-storage] CSI Volumes [Driver: pd.csi.storage.gke.io][Serial] [Testpattern: Generic Ephemeral-volume (default fs) (immediate-binding)] ephemeral should support two pods which share the same volume" classname="Kubernetes e2e suite" time="0">
          <skipped></skipped>
      </testcase>
      <testcase name="[sig-storage] In-tree Volumes [Driver: gluster] [Testpattern: Dynamic PV (block volmode)] provisioning should provision storage with mount options" classname="Kubernetes e2e suite" time="0">
          <skipped></skipped>
      </testcase>
      <testcase name="[sig-storage] In-tree Volumes [Driver: emptydir] [Testpattern: Dynamic PV (block volmode)] volumeMode should not mount / map unused volumes in a pod [LinuxOnly]" classname="Kubernetes e2e suite" time="0">
          <skipped></skipped>
      </testcase>
      <testcase name="[sig-storage] In-tree Volumes [Driver: hostPath] [Testpattern: Dynamic PV (block volmode)] provisioning should provision storage with pvc data source" classname="Kubernetes e2e suite" time="0">
          <skipped></skipped>
      </testcase>
      <testcase name="[sig-storage] PersistentVolumes:vsphere [Feature:vsphere] should test that a vsphere volume mounted to a pod that is deleted while the kubelet is down unmounts when the kubelet returns [Disruptive]" classname="Kubernetes e2e suite" time="0">
          <skipped></skipped>
      </testcase>
      <testcase name="[sig-storage] In-tree Volumes [Driver: gcepd] [Testpattern: Dynamic PV (default fs)(allowExpansion)] volume-expand should resize volume when PVC is edited while pod is using it" classname="Kubernetes e2e suite" time="0">
          <skipped></skipped>
      </testcase>
      <testcase name="[sig-storage] CSI Volumes [Driver: csi-hostpath] [Testpattern: Inline-volume (default fs)] subPath should fail if subpath with backstepping is outside the volume [Slow][LinuxOnly]" classname="Kubernetes e2e suite" time="0">
          <skipped></skipped>
      </testcase>
      <testcase name="[sig-storage] In-tree Volumes [Driver: local][LocalVolumeType: gce-localssd-scsi-fs] [Serial] [Testpattern: Dynamic PV (ntfs)(allowExpansion)][Feature:Windows] volume-expand Verify if offline PVC expansion works" classname="Kubernetes e2e suite" time="0">
          <skipped></skipped>
      </testcase>
      <testcase name="[sig-storage] In-tree Volumes [Driver: windows-gcepd] [Testpattern: Dynamic PV (ntfs)][Feature:Windows] provisioning should provision storage with snapshot data source [Feature:VolumeSnapshotDataSource]" classname="Kubernetes e2e suite" time="0">
          <skipped></skipped>
      </testcase>
      <testcase name="[sig-storage] In-tree Volumes [Driver: rbd][Feature:Volumes][Serial] [Testpattern: Dynamic PV (filesystem volmode)] multiVolume [Slow] should access to two volumes with the same volume mode and retain data across pod recreation on different node" classname="Kubernetes e2e suite" time="0">
          <skipped></skipped>
      </testcase>
      <testcase name="[sig-storage] In-tree Volumes [Driver: windows-gcepd] [Testpattern: Dynamic PV (ext4)] multiVolume [Slow] should access to two volumes with the same volume mode and retain data across pod recreation on the same node" classname="Kubernetes e2e suite" time="0">
          <skipped></skipped>
      </testcase>
      <testcase name="[sig-storage] In-tree Volumes [Driver: vsphere] [Testpattern: Pre-provisioned PV (filesystem volmode)] multiVolume [Slow] should access to two volumes with different volume mode and retain data across pod recreation on the same node" classname="Kubernetes e2e suite" time="0">
          <skipped></skipped>
      </testcase>
      <testcase name="[sig-storage] In-tree Volumes [Driver: local][LocalVolumeType: dir] [Testpattern: Dynamic PV (default fs)] subPath should fail if subpath directory is outside the volume [Slow][LinuxOnly]" classname="Kubernetes e2e suite" time="0">
          <skipped></skipped>
      </testcase>
      <testcase name="[sig-storage] In-tree Volumes [Driver: local][LocalVolumeType: dir-link-bindmounted] [Testpattern: Dynamic PV (block volmode)] provisioning should provision storage with pvc data source" classname="Kubernetes e2e suite" time="0">
          <skipped></skipped>
      </testcase>
      <testcase name="[sig-storage] In-tree Volumes [Driver: local][LocalVolumeType: block] [Testpattern: Dynamic PV (ext4)] multiVolume [Slow] should concurrently access the volume and its clone from pods on the same node [LinuxOnly][Feature:VolumeSnapshotDataSource][Feature:VolumeSourceXFS]" classname="Kubernetes e2e suite" time="0">
          <skipped></skipped>
      </testcase>
      <testcase name="[sig-storage] CSI Volumes [Driver: pd.csi.storage.gke.io][Serial] [Testpattern: Dynamic PV (ext4)] multiVolume [Slow] should access to two volumes with the same volume mode and retain data across pod recreation on the same node" classname="Kubernetes e2e suite" time="0">
          <skipped></skipped>
      </testcase>
      <testcase name="[sig-storage] In-tree Volumes [Driver: aws] [Testpattern: Pre-provisioned PV (default fs)] subPath should fail if subpath directory is outside the volume [Slow][LinuxOnly]" classname="Kubernetes e2e suite" time="0">
          <skipped></skipped>
      </testcase>
      <testcase name="[sig-windows] [Feature:Windows] SecurityContext should not be able to create pods with unknown usernames" classname="Kubernetes e2e suite" time="0">
          <skipped></skipped>
      </testcase>
      <testcase name="[sig-storage] In-tree Volumes [Driver: local][LocalVolumeType: block] [Testpattern: Dynamic PV (ext4)] multiVolume [Slow] should concurrently access the single read-only volume from pods on the same node" classname="Kubernetes e2e suite" time="0">
          <skipped></skipped>
      </testcase>
      <testcase name="[sig-storage] In-tree Volumes [Driver: local][LocalVolumeType: dir-link-bindmounted] [Testpattern: Pre-provisioned PV (filesystem volmode)] disruptive[Disruptive][LinuxOnly] Should test that pv written before kubelet restart is readable after restart." classname="Kubernetes e2e suite" time="0">
          <skipped></skipped>
      </testcase>
      <testcase name="[sig-storage] In-tree Volumes [Driver: gcepd] [Testpattern: Inline-volume (default fs)] subPath should support file as subpath [LinuxOnly]" classname="Kubernetes e2e suite" time="0">
          <skipped></skipped>
      </testcase>
      <testcase name="[sig-storage] In-tree Volumes [Driver: local][LocalVolumeType: dir-link] [Testpattern: Pre-provisioned PV (ntfs)][Feature:Windows] volumes should store data" classname="Kubernetes e2e suite" time="0">
          <skipped></skipped>
      </testcase>
      <testcase name="[sig-storage] Projected configMap Should fail non-optional pod creation due to the key in the configMap object does not exist [Slow]" classname="Kubernetes e2e suite" time="0">
          <skipped></skipped>
      </testcase>
      <testcase name="[sig-storage] In-tree Volumes [Driver: local][LocalVolumeType: dir-link-bindmounted] [Testpattern: Pre-provisioned PV (ext3)] volumes should store data" classname="Kubernetes e2e suite" time="0">
          <skipped></skipped>
      </testcase>
      <testcase name="[sig-storage] In-tree Volumes [Driver: iscsi][Feature:Volumes] [Testpattern: Inline-volume (ext3)] volumes should allow exec of files on the volume" classname="Kubernetes e2e suite" time="0">
          <skipped></skipped>
      </testcase>
      <testcase name="[sig-storage] In-tree Volumes [Driver: hostPath] [Testpattern: Pre-provisioned PV (default fs)] subPath should fail if subpath file is outside the volume [Slow][LinuxOnly]" classname="Kubernetes e2e suite" time="0">
          <skipped></skipped>
      </testcase>
      <testcase name="[sig-storage] In-tree Volumes [Driver: emptydir] [Testpattern: Dynamic PV (block volmode)] disruptive[Disruptive][LinuxOnly] Should test that pv written before kubelet restart is readable after restart." classname="Kubernetes e2e suite" time="0">
          <skipped></skipped>
      </testcase>
      <testcase name="[sig-storage] CSI Volumes [Driver: csi-hostpath] [Testpattern: CSI Ephemeral-volume (default fs)] ephemeral should create read-only inline ephemeral volume" classname="Kubernetes e2e suite" time="0">
          <skipped></skipped>
      </testcase>
      <testcase name="[sig-storage] In-tree Volumes [Driver: aws] [Testpattern: Pre-provisioned PV (block volmode)] volumeMode should fail to use a volume in a pod with mismatched mode [Slow]" classname="Kubernetes e2e suite" time="0">
          <skipped></skipped>
      </testcase>
      <testcase name="[sig-storage] In-tree Volumes [Driver: local][LocalVolumeType: blockfs] [Testpattern: Dynamic PV (default fs)(allowExpansion)] volume-expand should resize volume when PVC is edited while pod is using it" classname="Kubernetes e2e suite" time="0">
          <skipped></skipped>
      </testcase>
      <testcase name="[sig-storage] In-tree Volumes [Driver: local][LocalVolumeType: blockfs] [Testpattern: Dynamic PV (ntfs)][Feature:Windows] subPath should support readOnly file specified in the volumeMount [LinuxOnly]" classname="Kubernetes e2e suite" time="0">
          <skipped></skipped>
      </testcase>
      <testcase name="[sig-storage] In-tree Volumes [Driver: rbd][Feature:Volumes][Serial] [Testpattern: Dynamic PV (ext4)] volumes should store data" classname="Kubernetes e2e suite" time="0">
          <skipped></skipped>
      </testcase>
      <testcase name="[sig-storage] In-tree Volumes [Driver: gluster] [Testpattern: Pre-provisioned PV (default fs)] subPath should support restarting containers using file as subpath [Slow][LinuxOnly]" classname="Kubernetes e2e suite" time="0">
          <skipped></skipped>
      </testcase>
      <testcase name="[sig-storage] CSI mock volume CSI NodeUnstage error cases [Slow] two pods: should call NodeStage after previous NodeUnstage transient error" classname="Kubernetes e2e suite" time="0">
          <skipped></skipped>
      </testcase>
      <testcase name="[sig-node] Pods should run through the lifecycle of Pods and PodStatus [Conformance]" classname="Kubernetes e2e suite" time="4.354586133"></testcase>
      <testcase name="[sig-storage] CSI Volumes [Driver: csi-hostpath] [Testpattern: Pre-provisioned PV (default fs)] subPath should be able to unmount after the subpath directory is deleted [LinuxOnly]" classname="Kubernetes e2e suite" time="0">
          <skipped></skipped>
      </testcase>
      <testcase name="[sig-storage] In-tree Volumes [Driver: gcepd] [Testpattern: Dynamic PV (default fs)] subPath should support file as subpath [LinuxOnly]" classname="Kubernetes e2e suite" time="0">
          <skipped></skipped>
      </testcase>
      <testcase name="[sig-storage] CSI Volumes [Driver: csi-hostpath] [Testpattern: Pre-provisioned PV (ext3)] volumes should allow exec of files on the volume" classname="Kubernetes e2e suite" time="0">
          <skipped></skipped>
      </testcase>
      <testcase name="[sig-storage] In-tree Volumes [Driver: azure-disk] [Testpattern: Inline-volume (ext3)] volumes should allow exec of files on the volume" classname="Kubernetes e2e suite" time="0">
          <skipped></skipped>
      </testcase>
      <testcase name="[sig-storage] In-tree Volumes [Driver: local][LocalVolumeType: block] [Testpattern: Dynamic PV (xfs)][Slow] multiVolume [Slow] should access to two volumes with the same volume mode and retain data across pod recreation on the same node" classname="Kubernetes e2e suite" time="0">
          <skipped></skipped>
      </testcase>
      <testcase name="[sig-storage] In-tree Volumes [Driver: cinder] [Testpattern: Pre-provisioned PV (default fs)] volumeIO should write files of various sizes, verify size, validate content [Slow][LinuxOnly]" classname="Kubernetes e2e suite" time="0">
          <skipped></skipped>
      </testcase>
      <testcase name="[sig-storage] In-tree Volumes [Driver: local][LocalVolumeType: block] [Testpattern: Dynamic PV (ext4)] multiVolume [Slow] should access to two volumes with different volume mode and retain data across pod recreation on the same node" classname="Kubernetes e2e suite" time="0">
          <skipped></skipped>
      </testcase>
      <testcase name="[sig-storage] In-tree Volumes [Driver: local][LocalVolumeType: block] [Testpattern: Pre-provisioned PV (block volmode)] disruptive[Disruptive][LinuxOnly] Should test that pv used in a pod that is force deleted while the kubelet is down cleans up when the kubelet returns." classname="Kubernetes e2e suite" time="0">
          <skipped></skipped>
      </testcase>
      <testcase name="[sig-node] Security Context when creating containers with AllowPrivilegeEscalation should allow privilege escalation when not explicitly set and uid != 0 [LinuxOnly] [NodeConformance]" classname="Kubernetes e2e suite" time="0">
          <skipped></skipped>
      </testcase>
      <testcase name="[sig-storage] In-tree Volumes [Driver: nfs] [Testpattern: Pre-provisioned PV (block volmode)] disruptive[Disruptive][LinuxOnly] Should test that pv written before kubelet restart is readable after restart." classname="Kubernetes e2e suite" time="0">
          <skipped></skipped>
      </testcase>
      <testcase name="[sig-storage] In-tree Volumes [Driver: gluster] [Testpattern: Dynamic PV (ntfs)][Feature:Windows] subPath should support non-existent path" classname="Kubernetes e2e suite" time="0">
          <skipped></skipped>
      </testcase>
      <testcase name="[sig-storage] Volume limits should verify that all nodes have volume limits" classname="Kubernetes e2e suite" time="0">
          <skipped></skipped>
      </testcase>
      <testcase name="[sig-storage] In-tree Volumes [Driver: local][LocalVolumeType: tmpfs] [Testpattern: Pre-provisioned PV (filesystem volmode)] multiVolume [Slow] should concurrently access the single read-only volume from pods on the same node" classname="Kubernetes e2e suite" time="0">
          <skipped></skipped>
      </testcase>
      <testcase name="[sig-storage] In-tree Volumes [Driver: local][LocalVolumeType: dir] [Testpattern: Pre-provisioned PV (block volmode)] multiVolume [Slow] should concurrently access the single volume from pods on different node" classname="Kubernetes e2e suite" time="0">
          <skipped></skipped>
      </testcase>
      <testcase name="[sig-storage] CSI Volumes [Driver: pd.csi.storage.gke.io][Serial] [Testpattern: Dynamic PV (default fs)] subPath should support creating multiple subpath from same volumes [Slow]" classname="Kubernetes e2e suite" time="0">
          <skipped></skipped>
      </testcase>
      <testcase name="[sig-storage] In-tree Volumes [Driver: local][LocalVolumeType: dir] [Testpattern: Dynamic PV (ntfs)][Feature:Windows] subPath should support readOnly file specified in the volumeMount [LinuxOnly]" classname="Kubernetes e2e suite" time="0">
          <skipped></skipped>
      </testcase>
      <testcase name="[sig-storage] CSI Volumes [Driver: pd.csi.storage.gke.io][Serial] [Testpattern: Inline-volume (default fs)] subPath should be able to unmount after the subpath directory is deleted [LinuxOnly]" classname="Kubernetes e2e suite" time="0">
          <skipped></skipped>
      </testcase>
      <testcase name="[sig-storage] In-tree Volumes [Driver: windows-gcepd] [Testpattern: Dynamic PV (ntfs)][Feature:Windows] subPath should fail if subpath file is outside the volume [Slow][LinuxOnly]" classname="Kubernetes e2e suite" time="0">
          <skipped></skipped>
      </testcase>
      <testcase name="[sig-api-machinery] Namespaces [Serial] should delete fast enough (90 percent of 100 namespaces in 150 seconds)" classname="Kubernetes e2e suite" time="0">
          <skipped></skipped>
      </testcase>
      <testcase name="[sig-storage] In-tree Volumes [Driver: nfs] [Testpattern: Dynamic PV (ext4)] multiVolume [Slow] should access to two volumes with the same volume mode and retain data across pod recreation on different node" classname="Kubernetes e2e suite" time="0">
          <skipped></skipped>
      </testcase>
      <testcase name="[sig-storage] In-tree Volumes [Driver: local][LocalVolumeType: dir-bindmounted] [Testpattern: Pre-provisioned PV (block volmode)] volumes should store data" classname="Kubernetes e2e suite" time="0">
          <skipped></skipped>
      </testcase>
      <testcase name="[sig-storage] In-tree Volumes [Driver: vsphere] [Testpattern: Pre-provisioned PV (default fs)] subPath should be able to unmount after the subpath directory is deleted [LinuxOnly]" classname="Kubernetes e2e suite" time="0">
          <skipped></skipped>
      </testcase>
      <testcase name="[sig-storage] In-tree Volumes [Driver: local][LocalVolumeType: dir-link] [Testpattern: Dynamic PV (block volmode)] multiVolume [Slow] should access to two volumes with different volume mode and retain data across pod recreation on the same node" classname="Kubernetes e2e suite" time="0">
          <skipped></skipped>
      </testcase>
      <testcase name="[sig-network] LoadBalancers should be able to switch session affinity for LoadBalancer service with ESIPP off [Slow] [DisabledForLargeClusters] [LinuxOnly]" classname="Kubernetes e2e suite" time="0">
          <skipped></skipped>
      </testcase>
      <testcase name="[sig-storage] CSI Volumes [Driver: pd.csi.storage.gke.io][Serial] [Testpattern: Dynamic PV (filesystem volmode)] volumeLimits should verify that all csinodes have volume limits" classname="Kubernetes e2e suite" time="0">
          <skipped></skipped>
      </testcase>
      <testcase name="[sig-storage] In-tree Volumes [Driver: gcepd] [Testpattern: Pre-provisioned PV (filesystem volmode)] multiVolume [Slow] should concurrently access the volume and restored snapshot from pods on the same node [LinuxOnly][Feature:VolumeSnapshotDataSource][Feature:VolumeSourceXFS]" classname="Kubernetes e2e suite" time="0">
          <skipped></skipped>
      </testcase>
      <testcase name="[sig-auth] ServiceAccounts ServiceAccountIssuerDiscovery should support OIDC discovery of service account issuer [Conformance]" classname="Kubernetes e2e suite" time="34.122926479"></testcase>
      <testcase name="[sig-storage] In-tree Volumes [Driver: hostPath] [Testpattern: Pre-provisioned PV (block volmode)] volumeMode should fail to create pod by failing to mount volume [Slow]" classname="Kubernetes e2e suite" time="0">
          <skipped></skipped>
      </testcase>
      <testcase name="[sig-storage] In-tree Volumes [Driver: local][LocalVolumeType: dir-bindmounted] [Testpattern: Dynamic PV (block volmode)] volumeMode should fail to use a volume in a pod with mismatched mode [Slow]" classname="Kubernetes e2e suite" time="0">
          <skipped></skipped>
      </testcase>
      <testcase name="[sig-storage] CSI mock volume CSIServiceAccountToken token should be plumbed down when csiServiceAccountTokenEnabled=true" classname="Kubernetes e2e suite" time="0">
          <skipped></skipped>
      </testcase>
      <testcase name="[sig-storage] PersistentVolumes GCEPD should test that deleting the PV before the pod does not cause pod deletion to fail on PD detach" classname="Kubernetes e2e suite" time="0">
          <skipped></skipped>
      </testcase>
      <testcase name="[sig-storage] In-tree Volumes [Driver: gcepd] [Testpattern: Pre-provisioned PV (default fs)] subPath should verify container cannot write to subpath readonly volumes [Slow]" classname="Kubernetes e2e suite" time="0">
          <skipped></skipped>
      </testcase>
      <testcase name="[sig-storage] In-tree Volumes [Driver: local][LocalVolumeType: block] [Testpattern: Dynamic PV (block volmode)] disruptive[Disruptive][LinuxOnly] Should test that pv written before kubelet restart is readable after restart." classname="Kubernetes e2e suite" time="0">
          <skipped></skipped>
      </testcase>
      <testcase name="[sig-auth] [Feature:NodeAuthenticator] The kubelet can delegate ServiceAccount tokens to the API server" classname="Kubernetes e2e suite" time="0">
          <skipped></skipped>
      </testcase>
      <testcase name="[sig-storage] CSI Volumes [Driver: csi-hostpath] [Testpattern: Dynamic PV (block volmode)] provisioning should provision storage with pvc data source" classname="Kubernetes e2e suite" time="0">
          <skipped></skipped>
      </testcase>
      <testcase name="[sig-storage] In-tree Volumes [Driver: local][LocalVolumeType: dir-link] [Testpattern: Dynamic PV (filesystem volmode)] volumeMode should fail to use a volume in a pod with mismatched mode [Slow]" classname="Kubernetes e2e suite" time="0">
          <skipped></skipped>
      </testcase>
      <testcase name="[sig-storage] In-tree Volumes [Driver: nfs] [Testpattern: Pre-provisioned PV (default fs)] subPath should be able to unmount after the subpath directory is deleted [LinuxOnly]" classname="Kubernetes e2e suite" time="0">
          <skipped></skipped>
      </testcase>
      <testcase name="[sig-apps] ReplicaSet should serve a basic image on each replica with a private image" classname="Kubernetes e2e suite" time="0">
          <skipped></skipped>
      </testcase>
      <testcase name="[sig-storage] CSI Volumes [Driver: pd.csi.storage.gke.io][Serial] [Testpattern: Pre-provisioned PV (filesystem volmode)] volumeMode should fail to use a volume in a pod with mismatched mode [Slow]" classname="Kubernetes e2e suite" time="0">
          <skipped></skipped>
      </testcase>
      <testcase name="[sig-instrumentation] Events should delete a collection of events [Conformance]" classname="Kubernetes e2e suite" time="0.103916536"></testcase>
      <testcase name="[sig-storage] In-tree Volumes [Driver: local][LocalVolumeType: blockfs] [Testpattern: Pre-provisioned PV (block volmode)] volumes should store data" classname="Kubernetes e2e suite" time="0">
          <skipped></skipped>
      </testcase>
      <testcase name="[sig-storage] In-tree Volumes [Driver: iscsi][Feature:Volumes] [Testpattern: Inline-volume (default fs)] subPath should unmount if pod is force deleted while kubelet is down [Disruptive][Slow][LinuxOnly]" classname="Kubernetes e2e suite" time="0">
          <skipped></skipped>
      </testcase>
      <testcase name="[sig-storage] In-tree Volumes [Driver: local][LocalVolumeType: block] [Testpattern: Dynamic PV (block volmode)] volume-stress multiple pods should access different volumes repeatedly [Slow] [Serial]" classname="Kubernetes e2e suite" time="0">
          <skipped></skipped>
      </testcase>
      <testcase name="[sig-apps] ReplicaSet should adopt matching pods on creation and release no longer matching pods [Conformance]" classname="Kubernetes e2e suite" time="4.131427549"></testcase>
      <testcase name="[sig-node] NoExecuteTaintManager Multiple Pods [Serial] evicts pods with minTolerationSeconds [Disruptive] [Conformance]" classname="Kubernetes e2e suite" time="88.925147392"></testcase>
      <testcase name="[sig-storage] In-tree Volumes [Driver: aws] [Testpattern: Dynamic PV (ntfs)][Feature:Windows] volumes should store data" classname="Kubernetes e2e suite" time="0">
          <skipped></skipped>
      </testcase>
      <testcase name="[sig-storage] In-tree Volumes [Driver: cinder] [Testpattern: Pre-provisioned PV (default fs)] subPath should fail if subpath file is outside the volume [Slow][LinuxOnly]" classname="Kubernetes e2e suite" time="0">
          <skipped></skipped>
      </testcase>
      <testcase name="[sig-storage] In-tree Volumes [Driver: iscsi][Feature:Volumes] [Testpattern: Dynamic PV (ntfs)][Feature:Windows] subPath should support non-existent path" classname="Kubernetes e2e suite" time="0">
          <skipped></skipped>
      </testcase>
      <testcase name="[sig-storage] In-tree Volumes [Driver: hostPathSymlink] [Testpattern: Dynamic PV (xfs)][Slow] multiVolume [Slow] should access to two volumes with different volume mode and retain data across pod recreation on the same node" classname="Kubernetes e2e suite" time="0">
          <skipped></skipped>
      </testcase>
      <testcase name="[sig-storage] In-tree Volumes [Driver: vsphere] [Testpattern: Dynamic PV (ext4)] volumes should store data" classname="Kubernetes e2e suite" time="0">
          <skipped></skipped>
      </testcase>
      <testcase name="[sig-network] [Feature:IPv6DualStack] should create service with ipv4,v6 cluster ip" classname="Kubernetes e2e suite" time="0">
          <skipped></skipped>
      </testcase>
      <testcase name="[sig-storage] Storage Policy Based Volume Provisioning [Feature:vsphere] verify an existing and compatible SPBM policy is honored for dynamically provisioned pvc using storageclass" classname="Kubernetes e2e suite" time="0">
          <skipped></skipped>
      </testcase>
      <testcase name="[sig-storage] In-tree Volumes [Driver: local][LocalVolumeType: dir] [Testpattern: Pre-provisioned PV (default fs)] subPath should unmount if pod is gracefully deleted while kubelet is down [Disruptive][Slow][LinuxOnly]" classname="Kubernetes e2e suite" time="0">
          <skipped></skipped>
      </testcase>
      <testcase name="[sig-storage] CSI Volumes [Driver: csi-hostpath] [Testpattern: Dynamic PV (default fs)] subPath should support restarting containers using directory as subpath [Slow]" classname="Kubernetes e2e suite" time="0">
          <skipped></skipped>
      </testcase>
      <testcase name="[sig-storage] In-tree Volumes [Driver: iscsi][Feature:Volumes] [Testpattern: Pre-provisioned PV (default fs)] subPath should unmount if pod is gracefully deleted while kubelet is down [Disruptive][Slow][LinuxOnly]" classname="Kubernetes e2e suite" time="0">
          <skipped></skipped>
      </testcase>
      <testcase name="[sig-storage] In-tree Volumes [Driver: local][LocalVolumeType: block] [Testpattern: Dynamic PV (block volmode)] disruptive[Disruptive][LinuxOnly] Should test that pv used in a pod that is force deleted while the kubelet is down cleans up when the kubelet returns." classname="Kubernetes e2e suite" time="0">
          <skipped></skipped>
      </testcase>
      <testcase name="[sig-storage] In-tree Volumes [Driver: hostPathSymlink] [Testpattern: Inline-volume (default fs)] volumeIO should write files of various sizes, verify size, validate content [Slow][LinuxOnly]" classname="Kubernetes e2e suite" time="0">
          <skipped></skipped>
      </testcase>
      <testcase name="[sig-storage] In-tree Volumes [Driver: gluster] [Testpattern: Dynamic PV (ntfs)][Feature:Windows] subPath should verify container cannot write to subpath readonly volumes [Slow]" classname="Kubernetes e2e suite" time="0">
          <skipped></skipped>
      </testcase>
      <testcase name="[sig-storage] CSI Volumes [Driver: pd.csi.storage.gke.io][Serial] [Testpattern: Pre-provisioned PV (xfs)][Slow] volumes should allow exec of files on the volume" classname="Kubernetes e2e suite" time="0">
          <skipped></skipped>
      </testcase>
      <testcase name="[sig-storage] In-tree Volumes [Driver: local][LocalVolumeType: blockfs] [Testpattern: Dynamic PV (ext3)] volumes should allow exec of files on the volume" classname="Kubernetes e2e suite" time="0">
          <skipped></skipped>
      </testcase>
      <testcase name="[sig-storage] In-tree Volumes [Driver: local][LocalVolumeType: block] [Testpattern: Pre-provisioned PV (block volmode)] volumeMode should not mount / map unused volumes in a pod [LinuxOnly]" classname="Kubernetes e2e suite" time="0">
          <skipped></skipped>
      </testcase>
      <testcase name="[sig-storage] In-tree Volumes [Driver: local][LocalVolumeType: block] [Testpattern: Pre-provisioned PV (ntfs)][Feature:Windows] volumes should store data" classname="Kubernetes e2e suite" time="0">
          <skipped></skipped>
      </testcase>
      <testcase name="[sig-apps] Deployment deployment should delete old replica sets [Conformance]" classname="Kubernetes e2e suite" time="7.132758652"></testcase>
      <testcase name="[sig-storage] In-tree Volumes [Driver: hostPath] [Testpattern: Pre-provisioned PV (filesystem volmode)] multiVolume [Slow] should access to two volumes with the same volume mode and retain data across pod recreation on different node" classname="Kubernetes e2e suite" time="0">
          <skipped></skipped>
      </testcase>
      <testcase name="[sig-storage] In-tree Volumes [Driver: gcepd] [Testpattern: Dynamic PV (default fs)] capacity provides storage capacity information" classname="Kubernetes e2e suite" time="0">
          <skipped></skipped>
      </testcase>
      <testcase name="[sig-storage] In-tree Volumes [Driver: windows-gcepd] [Testpattern: Dynamic PV (ntfs)][Feature:Windows] subPath should support creating multiple subpath from same volumes [Slow]" classname="Kubernetes e2e suite" time="0">
          <skipped></skipped>
      </testcase>
      <testcase name="[sig-storage] In-tree Volumes [Driver: local][LocalVolumeType: dir-link-bindmounted] [Testpattern: Inline-volume (ext3)] volumes should allow exec of files on the volume" classname="Kubernetes e2e suite" time="0">
          <skipped></skipped>
      </testcase>
      <testcase name="[sig-storage] In-tree Volumes [Driver: local][LocalVolumeType: block] [Testpattern: Dynamic PV (filesystem volmode)] multiVolume [Slow] should access to two volumes with different volume mode and retain data across pod recreation on different node" classname="Kubernetes e2e suite" time="0">
          <skipped></skipped>
      </testcase>
      <testcase name="[sig-storage] In-tree Volumes [Driver: aws] [Testpattern: Pre-provisioned PV (default fs)] subPath should support readOnly directory specified in the volumeMount" classname="Kubernetes e2e suite" time="0">
          <skipped></skipped>
      </testcase>
      <testcase name="[sig-storage] In-tree Volumes [Driver: local][LocalVolumeType: dir-link-bindmounted] [Testpattern: Pre-provisioned PV (default fs)] subPath should support existing single file [LinuxOnly]" classname="Kubernetes e2e suite" time="0">
          <skipped></skipped>
      </testcase>
      <testcase name="[sig-storage] In-tree Volumes [Driver: aws] [Testpattern: Dynamic PV (default fs)] subPath should be able to unmount after the subpath directory is deleted [LinuxOnly]" classname="Kubernetes e2e suite" time="0">
          <skipped></skipped>
      </testcase>
      <testcase name="[sig-storage] CSI Volumes [Driver: pd.csi.storage.gke.io][Serial] [Testpattern: Dynamic PV (block volmode)] multiVolume [Slow] should concurrently access the volume and restored snapshot from pods on the same node [LinuxOnly][Feature:VolumeSnapshotDataSource][Feature:VolumeSourceXFS]" classname="Kubernetes e2e suite" time="0">
          <skipped></skipped>
      </testcase>
      <testcase name="[sig-storage] In-tree Volumes [Driver: ceph][Feature:Volumes][Serial] [Testpattern: Dynamic PV (ntfs)(allowExpansion)][Feature:Windows] volume-expand Verify if offline PVC expansion works" classname="Kubernetes e2e suite" time="0">
          <skipped></skipped>
      </testcase>
      <testcase name="[sig-storage] In-tree Volumes [Driver: local][LocalVolumeType: dir-link-bindmounted] [Testpattern: Dynamic PV (block volmode)] multiVolume [Slow] should access to two volumes with different volume mode and retain data across pod recreation on different node" classname="Kubernetes e2e suite" time="0">
          <skipped></skipped>
      </testcase>
      <testcase name="[sig-storage] In-tree Volumes [Driver: gluster] [Testpattern: Inline-volume (default fs)] subPath should support existing single file [LinuxOnly]" classname="Kubernetes e2e suite" time="0">
          <skipped></skipped>
      </testcase>
      <testcase name="[sig-storage] In-tree Volumes [Driver: hostPath] [Testpattern: Dynamic PV (ntfs)][Feature:Windows] subPath should support existing directories when readOnly specified in the volumeSource" classname="Kubernetes e2e suite" time="0">
          <skipped></skipped>
      </testcase>
      <testcase name="[sig-storage] In-tree Volumes [Driver: hostPathSymlink] [Testpattern: Pre-provisioned PV (filesystem volmode)] multiVolume [Slow] should concurrently access the single volume from pods on the same node" classname="Kubernetes e2e suite" time="0">
          <skipped></skipped>
      </testcase>
      <testcase name="[sig-storage] In-tree Volumes [Driver: local][LocalVolumeType: gce-localssd-scsi-fs] [Serial] [Testpattern: Dynamic PV (xfs)][Slow] multiVolume [Slow] should concurrently access the single volume from pods on the same node" classname="Kubernetes e2e suite" time="0">
          <skipped></skipped>
      </testcase>
      <testcase name="[sig-storage] In-tree Volumes [Driver: cinder] [Testpattern: Pre-provisioned PV (filesystem volmode)] disruptive[Disruptive][LinuxOnly] Should test that pv written before kubelet restart is readable after restart." classname="Kubernetes e2e suite" time="0">
          <skipped></skipped>
      </testcase>
      <testcase name="[sig-storage] Secrets Should fail non-optional pod creation due to secret object does not exist [Slow]" classname="Kubernetes e2e suite" time="0">
          <skipped></skipped>
      </testcase>
      <testcase name="[sig-storage] In-tree Volumes [Driver: aws] [Testpattern: Pre-provisioned PV (filesystem volmode)] multiVolume [Slow] should concurrently access the single read-only volume from pods on the same node" classname="Kubernetes e2e suite" time="0">
          <skipped></skipped>
      </testcase>
      <testcase name="[sig-storage] In-tree Volumes [Driver: local][LocalVolumeType: dir-link] [Testpattern: Dynamic PV (ntfs)(allowExpansion)][Feature:Windows] volume-expand Verify if offline PVC expansion works" classname="Kubernetes e2e suite" time="0">
          <skipped></skipped>
      </testcase>
      <testcase name="[sig-storage] CSI Volumes [Driver: csi-hostpath] [Testpattern: Dynamic PV (filesystem volmode)] multiVolume [Slow] should concurrently access the single volume from pods on the same node" classname="Kubernetes e2e suite" time="0">
          <skipped></skipped>
      </testcase>
      <testcase name="[sig-storage] In-tree Volumes [Driver: cinder] [Testpattern: Inline-volume (default fs)] volumes should allow exec of files on the volume" classname="Kubernetes e2e suite" time="0">
          <skipped></skipped>
      </testcase>
      <testcase name="[sig-auth] [Feature:NodeAuthenticator] The kubelet&#39;s main port 10250 should reject requests with no credentials" classname="Kubernetes e2e suite" time="0">
          <skipped></skipped>
      </testcase>
      <testcase name="[sig-storage] In-tree Volumes [Driver: local][LocalVolumeType: dir-link-bindmounted] [Testpattern: Pre-provisioned PV (filesystem volmode)] multiVolume [Slow] should concurrently access the volume and restored snapshot from pods on the same node [LinuxOnly][Feature:VolumeSnapshotDataSource][Feature:VolumeSourceXFS]" classname="Kubernetes e2e suite" time="0">
          <skipped></skipped>
      </testcase>
      <testcase name="[sig-storage] In-tree Volumes [Driver: aws] [Testpattern: Dynamic PV (filesystem volmode)] multiVolume [Slow] should access to two volumes with different volume mode and retain data across pod recreation on different node" classname="Kubernetes e2e suite" time="0">
          <skipped></skipped>
      </testcase>
      <testcase name="[sig-storage] In-tree Volumes [Driver: local][LocalVolumeType: dir-bindmounted] [Testpattern: Dynamic PV (block volmode)] volumeMode should fail in binding dynamic provisioned PV to PVC [Slow][LinuxOnly]" classname="Kubernetes e2e suite" time="0">
          <skipped></skipped>
      </testcase>
      <testcase name="[sig-storage] In-tree Volumes [Driver: gluster] [Testpattern: Dynamic PV (block volmode)] volumeMode should not mount / map unused volumes in a pod [LinuxOnly]" classname="Kubernetes e2e suite" time="0">
          <skipped></skipped>
      </testcase>
      <testcase name="[sig-storage] In-tree Volumes [Driver: local][LocalVolumeType: blockfs] [Testpattern: Inline-volume (default fs)] subPath should fail if subpath file is outside the volume [Slow][LinuxOnly]" classname="Kubernetes e2e suite" time="0">
          <skipped></skipped>
      </testcase>
      <testcase name="[sig-storage] In-tree Volumes [Driver: local][LocalVolumeType: block] [Testpattern: Inline-volume (default fs)] subPath should support restarting containers using directory as subpath [Slow]" classname="Kubernetes e2e suite" time="0">
          <skipped></skipped>
      </testcase>
      <testcase name="[sig-storage] In-tree Volumes [Driver: local][LocalVolumeType: tmpfs] [Testpattern: Pre-provisioned PV (default fs)] subPath should support readOnly directory specified in the volumeMount" classname="Kubernetes e2e suite" time="0">
          <skipped></skipped>
      </testcase>
      <testcase name="[sig-storage] In-tree Volumes [Driver: gluster] [Testpattern: Inline-volume (default fs)] subPath should support readOnly directory specified in the volumeMount" classname="Kubernetes e2e suite" time="0">
          <skipped></skipped>
      </testcase>
      <testcase name="[sig-storage] In-tree Volumes [Driver: hostPath] [Testpattern: Pre-provisioned PV (xfs)][Slow] volumes should store data" classname="Kubernetes e2e suite" time="0">
          <skipped></skipped>
      </testcase>
      <testcase name="[sig-network] Loadbalancing: L7 GCE [Slow] [Feature:Ingress] should conform to Ingress spec" classname="Kubernetes e2e suite" time="0">
          <skipped></skipped>
      </testcase>
      <testcase name="[sig-storage] In-tree Volumes [Driver: local][LocalVolumeType: gce-localssd-scsi-fs] [Serial] [Testpattern: Dynamic PV (ntfs)][Feature:Windows] subPath should support readOnly file specified in the volumeMount [LinuxOnly]" classname="Kubernetes e2e suite" time="0">
          <skipped></skipped>
      </testcase>
      <testcase name="[sig-cli] Kubectl client Kubectl client-side validation should create/apply a CR with unknown fields for CRD with no validation schema" classname="Kubernetes e2e suite" time="0">
          <skipped></skipped>
      </testcase>
      <testcase name="[sig-apps] Job should remove pods when job is deleted" classname="Kubernetes e2e suite" time="0">
          <skipped></skipped>
      </testcase>
      <testcase name="[sig-storage] In-tree Volumes [Driver: iscsi][Feature:Volumes] [Testpattern: Dynamic PV (filesystem volmode)] disruptive[Disruptive][LinuxOnly] Should test that pv written before kubelet restart is readable after restart." classname="Kubernetes e2e suite" time="0">
          <skipped></skipped>
      </testcase>
      <testcase name="[sig-storage] In-tree Volumes [Driver: windows-gcepd] [Testpattern: Inline-volume (ext4)] volumes should allow exec of files on the volume" classname="Kubernetes e2e suite" time="0">
          <skipped></skipped>
      </testcase>
      <testcase name="[sig-storage] CSI Volumes [Driver: csi-hostpath] [Testpattern: Dynamic PV (ext4)] multiVolume [Slow] should concurrently access the single volume from pods on the same node" classname="Kubernetes e2e suite" time="0">
          <skipped></skipped>
      </testcase>
      <testcase name="[sig-storage] In-tree Volumes [Driver: rbd][Feature:Volumes][Serial] [Testpattern: Pre-provisioned PV (default fs)] subPath should unmount if pod is gracefully deleted while kubelet is down [Disruptive][Slow][LinuxOnly]" classname="Kubernetes e2e suite" time="0">
          <skipped></skipped>
      </testcase>
      <testcase name="[sig-storage] In-tree Volumes [Driver: local][LocalVolumeType: dir] [Testpattern: Dynamic PV (default fs)] subPath should support restarting containers using directory as subpath [Slow]" classname="Kubernetes e2e suite" time="0">
          <skipped></skipped>
      </testcase>
      <testcase name="[sig-storage] In-tree Volumes [Driver: local][LocalVolumeType: dir-link] [Testpattern: Dynamic PV (default fs)] fsgroupchangepolicy (Always)[LinuxOnly], pod created with an initial fsgroup, new pod fsgroup applied to volume contents" classname="Kubernetes e2e suite" time="0">
          <skipped></skipped>
      </testcase>
      <testcase name="[sig-node] Security Context should support container.SecurityContext.RunAsUser [LinuxOnly]" classname="Kubernetes e2e suite" time="0">
          <skipped></skipped>
      </testcase>
      <testcase name="[sig-storage] In-tree Volumes [Driver: gluster] [Testpattern: Pre-provisioned PV (default fs)] subPath should support readOnly directory specified in the volumeMount" classname="Kubernetes e2e suite" time="0">
          <skipped></skipped>
      </testcase>
      <testcase name="[sig-storage] In-tree Volumes [Driver: iscsi][Feature:Volumes] [Testpattern: Dynamic PV (ntfs)][Feature:Windows] volumes should allow exec of files on the volume" classname="Kubernetes e2e suite" time="0">
          <skipped></skipped>
      </testcase>
      <testcase name="[sig-storage] In-tree Volumes [Driver: gluster] [Testpattern: Dynamic PV (block volmode)] disruptive[Disruptive][LinuxOnly] Should test that pv written before kubelet restart is readable after restart." classname="Kubernetes e2e suite" time="0">
          <skipped></skipped>
      </testcase>
      <testcase name="[sig-storage] In-tree Volumes [Driver: gcepd] [Testpattern: Dynamic PV (ntfs)][Feature:Windows] provisioning should provision storage with snapshot data source [Feature:VolumeSnapshotDataSource]" classname="Kubernetes e2e suite" time="0">
          <skipped></skipped>
      </testcase>
      <testcase name="[sig-storage] In-tree Volumes [Driver: nfs] [Testpattern: Dynamic PV (default fs)] subPath should support file as subpath [LinuxOnly]" classname="Kubernetes e2e suite" time="0">
          <skipped></skipped>
      </testcase>
      <testcase name="[sig-storage] In-tree Volumes [Driver: gcepd] [Testpattern: Inline-volume (default fs)] subPath should support readOnly directory specified in the volumeMount" classname="Kubernetes e2e suite" time="0">
          <skipped></skipped>
      </testcase>
      <testcase name="[sig-storage] In-tree Volumes [Driver: gcepd] [Testpattern: Dynamic PV (block volmode)] provisioning should provision storage with snapshot data source [Feature:VolumeSnapshotDataSource]" classname="Kubernetes e2e suite" time="0">
          <skipped></skipped>
      </testcase>
      <testcase name="[sig-storage] In-tree Volumes [Driver: iscsi][Feature:Volumes] [Testpattern: Dynamic PV (xfs)][Slow] volumes should allow exec of files on the volume" classname="Kubernetes e2e suite" time="0">
          <skipped></skipped>
      </testcase>
      <testcase name="[sig-storage] In-tree Volumes [Driver: hostPath] [Testpattern: Pre-provisioned PV (default fs)] subPath should unmount if pod is force deleted while kubelet is down [Disruptive][Slow][LinuxOnly]" classname="Kubernetes e2e suite" time="0">
          <skipped></skipped>
      </testcase>
      <testcase name="[sig-storage] In-tree Volumes [Driver: hostPathSymlink] [Testpattern: Pre-provisioned PV (filesystem volmode)] multiVolume [Slow] should access to two volumes with the same volume mode and retain data across pod recreation on different node" classname="Kubernetes e2e suite" time="0">
          <skipped></skipped>
      </testcase>
      <testcase name="[sig-storage] In-tree Volumes [Driver: gcepd] [Testpattern: Dynamic PV (filesystem volmode)] volumeMode should fail to use a volume in a pod with mismatched mode [Slow]" classname="Kubernetes e2e suite" time="0">
          <skipped></skipped>
      </testcase>
      <testcase name="[sig-storage] In-tree Volumes [Driver: cinder] [Testpattern: Dynamic PV (default fs)] subPath should fail if subpath with backstepping is outside the volume [Slow][LinuxOnly]" classname="Kubernetes e2e suite" time="0">
          <skipped></skipped>
      </testcase>
      <testcase name="[sig-storage] In-tree Volumes [Driver: gcepd] [Testpattern: Dynamic PV (xfs)][Slow] multiVolume [Slow] should concurrently access the single volume from pods on the same node" classname="Kubernetes e2e suite" time="0">
          <skipped></skipped>
      </testcase>
      <testcase name="[sig-storage] In-tree Volumes [Driver: vsphere] [Testpattern: Dynamic PV (ntfs)][Feature:Windows] provisioning should provision storage with pvc data source" classname="Kubernetes e2e suite" time="0">
          <skipped></skipped>
      </testcase>
      <testcase name="[sig-storage] CSI Volumes [Driver: pd.csi.storage.gke.io][Serial] [Testpattern: Dynamic PV (default fs)] subPath should support non-existent path" classname="Kubernetes e2e suite" time="0">
          <skipped></skipped>
      </testcase>
      <testcase name="[sig-storage] In-tree Volumes [Driver: azure-disk] [Testpattern: Pre-provisioned PV (default fs)] subPath should support restarting containers using directory as subpath [Slow]" classname="Kubernetes e2e suite" time="0">
          <skipped></skipped>
      </testcase>
      <testcase name="[sig-storage] In-tree Volumes [Driver: hostPathSymlink] [Testpattern: Pre-provisioned PV (block volmode)] multiVolume [Slow] should access to two volumes with different volume mode and retain data across pod recreation on the same node" classname="Kubernetes e2e suite" time="0">
          <skipped></skipped>
      </testcase>
      <testcase name="[sig-storage] In-tree Volumes [Driver: azure-disk] [Testpattern: Dynamic PV (default fs)] subPath should support existing directory" classname="Kubernetes e2e suite" time="0">
          <skipped></skipped>
      </testcase>
      <testcase name="[sig-storage] In-tree Volumes [Driver: ceph][Feature:Volumes][Serial] [Testpattern: Pre-provisioned PV (default fs)] volumes should allow exec of files on the volume" classname="Kubernetes e2e suite" time="0">
          <skipped></skipped>
      </testcase>
      <testcase name="[sig-storage] In-tree Volumes [Driver: windows-gcepd] [Testpattern: Dynamic PV (xfs)][Slow] multiVolume [Slow] should concurrently access the single volume from pods on different node" classname="Kubernetes e2e suite" time="0">
          <skipped></skipped>
      </testcase>
      <testcase name="[sig-network] Services should be rejected when no endpoints exist" classname="Kubernetes e2e suite" time="0">
          <skipped></skipped>
      </testcase>
      <testcase name="[sig-storage] In-tree Volumes [Driver: windows-gcepd] [Testpattern: Dynamic PV (filesystem volmode)] volumeLimits should verify that all csinodes have volume limits" classname="Kubernetes e2e suite" time="0">
          <skipped></skipped>
      </testcase>
      <testcase name="[sig-storage] In-tree Volumes [Driver: emptydir] [Testpattern: Dynamic PV (block volmode)] volumeMode should fail in binding dynamic provisioned PV to PVC [Slow][LinuxOnly]" classname="Kubernetes e2e suite" time="0">
          <skipped></skipped>
      </testcase>
      <testcase name="[sig-storage] In-tree Volumes [Driver: rbd][Feature:Volumes][Serial] [Testpattern: Dynamic PV (block volmode)] provisioning should provision storage with pvc data source" classname="Kubernetes e2e suite" time="0">
          <skipped></skipped>
      </testcase>
      <testcase name="[sig-storage] Volume Disk Size [Feature:vsphere] verify dynamically provisioned pv has size rounded up correctly" classname="Kubernetes e2e suite" time="0">
          <skipped></skipped>
      </testcase>
      <testcase name="[sig-apps] StatefulSet MinReadySeconds should be honored when enabled [Feature:StatefulSetMinReadySeconds] [alpha]" classname="Kubernetes e2e suite" time="0">
          <skipped></skipped>
      </testcase>
      <testcase name="[sig-storage] HostPath should support r/w [NodeConformance]" classname="Kubernetes e2e suite" time="0">
          <skipped></skipped>
      </testcase>
      <testcase name="[sig-storage] In-tree Volumes [Driver: windows-gcepd] [Testpattern: Dynamic PV (block volmode)] volume-expand should not allow expansion of pvcs without AllowVolumeExpansion property" classname="Kubernetes e2e suite" time="0">
          <skipped></skipped>
      </testcase>
      <testcase name="[sig-storage] In-tree Volumes [Driver: hostPath] [Testpattern: Dynamic PV (default fs)] fsgroupchangepolicy (OnRootMismatch)[LinuxOnly], pod created with an initial fsgroup, volume contents ownership changed in first pod, new pod with same fsgroup skips ownership changes to the volume contents" classname="Kubernetes e2e suite" time="0">
          <skipped></skipped>
      </testcase>
      <testcase name="[sig-network] Loadbalancing: L7 GCE [Slow] [Feature:NEG] [Flaky] should sync endpoints to NEG" classname="Kubernetes e2e suite" time="0">
          <skipped></skipped>
      </testcase>
      <testcase name="[sig-storage] In-tree Volumes [Driver: aws] [Testpattern: Dynamic PV (default fs)] subPath should verify container cannot write to subpath readonly volumes [Slow]" classname="Kubernetes e2e suite" time="0">
          <skipped></skipped>
      </testcase>
      <testcase name="[sig-storage] In-tree Volumes [Driver: local][LocalVolumeType: block] [Testpattern: Pre-provisioned PV (default fs)] subPath should unmount if pod is force deleted while kubelet is down [Disruptive][Slow][LinuxOnly]" classname="Kubernetes e2e suite" time="0">
          <skipped></skipped>
      </testcase>
      <testcase name="[sig-node] Pods should support remote command execution over websockets [NodeConformance] [Conformance]" classname="Kubernetes e2e suite" time="2.1697273790000002"></testcase>
      <testcase name="[sig-storage] In-tree Volumes [Driver: gluster] [Testpattern: Pre-provisioned PV (default fs)] subPath should unmount if pod is gracefully deleted while kubelet is down [Disruptive][Slow][LinuxOnly]" classname="Kubernetes e2e suite" time="0">
          <skipped></skipped>
      </testcase>
      <testcase name="[sig-storage] In-tree Volumes [Driver: nfs] [Testpattern: Pre-provisioned PV (block volmode)] multiVolume [Slow] should access to two volumes with the same volume mode and retain data across pod recreation on different node" classname="Kubernetes e2e suite" time="0">
          <skipped></skipped>
      </testcase>
      <testcase name="[sig-storage] In-tree Volumes [Driver: hostPathSymlink] [Testpattern: Inline-volume (default fs)] subPath should unmount if pod is force deleted while kubelet is down [Disruptive][Slow][LinuxOnly]" classname="Kubernetes e2e suite" time="0">
          <skipped></skipped>
      </testcase>
      <testcase name="[sig-node] Kubelet [Serial] [Slow] experimental resource usage tracking [Feature:ExperimentalResourceUsageTracking] resource tracking for 100 pods per node" classname="Kubernetes e2e suite" time="0">
          <skipped></skipped>
      </testcase>
      <testcase name="[sig-storage] In-tree Volumes [Driver: rbd][Feature:Volumes][Serial] [Testpattern: Dynamic PV (xfs)][Slow] multiVolume [Slow] should access to two volumes with the same volume mode and retain data across pod recreation on different node" classname="Kubernetes e2e suite" time="0">
          <skipped></skipped>
      </testcase>
      <testcase name="[sig-storage] In-tree Volumes [Driver: rbd][Feature:Volumes][Serial] [Testpattern: Dynamic PV (block volmode)(allowExpansion)] volume-expand Verify if offline PVC expansion works" classname="Kubernetes e2e suite" time="0">
          <skipped></skipped>
      </testcase>
      <testcase name="[sig-storage] In-tree Volumes [Driver: iscsi][Feature:Volumes] [Testpattern: Dynamic PV (default fs)] subPath should be able to unmount after the subpath directory is deleted [LinuxOnly]" classname="Kubernetes e2e suite" time="0">
          <skipped></skipped>
      </testcase>
      <testcase name="[sig-storage] In-tree Volumes [Driver: gcepd] [Testpattern: Pre-provisioned PV (filesystem volmode)] disruptive[Disruptive][LinuxOnly] Should test that pv written before kubelet restart is readable after restart." classname="Kubernetes e2e suite" time="0">
          <skipped></skipped>
      </testcase>
      <testcase name="[sig-storage] In-tree Volumes [Driver: emptydir] [Testpattern: Dynamic PV (xfs)][Slow] multiVolume [Slow] should access to two volumes with different volume mode and retain data across pod recreation on the same node" classname="Kubernetes e2e suite" time="0">
          <skipped></skipped>
      </testcase>
      <testcase name="[sig-storage] In-tree Volumes [Driver: local][LocalVolumeType: blockfs] [Testpattern: Dynamic PV (default fs)] subPath should support restarting containers using file as subpath [Slow][LinuxOnly]" classname="Kubernetes e2e suite" time="0">
          <skipped></skipped>
      </testcase>
      <testcase name="[sig-storage] In-tree Volumes [Driver: local][LocalVolumeType: tmpfs] [Testpattern: Dynamic PV (block volmode)] volume-stress multiple pods should access different volumes repeatedly [Slow] [Serial]" classname="Kubernetes e2e suite" time="0">
          <skipped></skipped>
      </testcase>
      <testcase name="[sig-storage] In-tree Volumes [Driver: gcepd] [Testpattern: Dynamic PV (block volmode)] multiVolume [Slow] should concurrently access the single volume from pods on the same node" classname="Kubernetes e2e suite" time="0">
          <skipped></skipped>
      </testcase>
      <testcase name="[sig-autoscaling] Cluster size autoscaling [Slow] Should scale up GPU pool from 0 [GpuType:] [Feature:ClusterSizeAutoscalingGpu]" classname="Kubernetes e2e suite" time="0">
          <skipped></skipped>
      </testcase>
      <testcase name="[sig-storage] In-tree Volumes [Driver: windows-gcepd] [Testpattern: Inline-volume (default fs)] subPath should support existing single file [LinuxOnly]" classname="Kubernetes e2e suite" time="0">
          <skipped></skipped>
      </testcase>
      <testcase name="[sig-storage] In-tree Volumes [Driver: hostPathSymlink] [Testpattern: Pre-provisioned PV (filesystem volmode)] multiVolume [Slow] should concurrently access the single volume from pods on different node" classname="Kubernetes e2e suite" time="0">
          <skipped></skipped>
      </testcase>
      <testcase name="[sig-storage] Projected configMap updates should be reflected in volume [NodeConformance] [Conformance]" classname="Kubernetes e2e suite" time="4.123401637"></testcase>
      <testcase name="[sig-cloud-provider-gcp] Reboot [Disruptive] [Feature:Reboot] each node by switching off the network interface and ensure they function upon switch on" classname="Kubernetes e2e suite" time="0">
          <skipped></skipped>
      </testcase>
      <testcase name="[sig-storage] In-tree Volumes [Driver: azure-disk] [Testpattern: Inline-volume (default fs)] subPath should support non-existent path" classname="Kubernetes e2e suite" time="0">
          <skipped></skipped>
      </testcase>
      <testcase name="[sig-storage] CSI mock volume CSI attach test using mock driver should preserve attachment policy when no CSIDriver present" classname="Kubernetes e2e suite" time="0">
          <skipped></skipped>
      </testcase>
      <testcase name="[sig-storage] In-tree Volumes [Driver: iscsi][Feature:Volumes] [Testpattern: Pre-provisioned PV (default fs)] subPath should fail if subpath file is outside the volume [Slow][LinuxOnly]" classname="Kubernetes e2e suite" time="0">
          <skipped></skipped>
      </testcase>
      <testcase name="[sig-network] Services should serve a basic endpoint from pods  [Conformance]" classname="Kubernetes e2e suite" time="21.122867647"></testcase>
      <testcase name="[sig-storage] In-tree Volumes [Driver: nfs] [Testpattern: Inline-volume (default fs)] subPath should support non-existent path" classname="Kubernetes e2e suite" time="0">
          <skipped></skipped>
      </testcase>
      <testcase name="[sig-storage] CSI Volumes [Driver: pd.csi.storage.gke.io][Serial] [Testpattern: Dynamic PV (ntfs)][Feature:Windows] subPath should support readOnly directory specified in the volumeMount" classname="Kubernetes e2e suite" time="0">
          <skipped></skipped>
      </testcase>
      <testcase name="[sig-network] Networking Granular Checks: Services should function for node-Service: sctp [Feature:SCTPConnectivity][Disruptive]" classname="Kubernetes e2e suite" time="0">
          <skipped></skipped>
      </testcase>
      <testcase name="[sig-storage] In-tree Volumes [Driver: cinder] [Testpattern: Inline-volume (ext4)] volumes should allow exec of files on the volume" classname="Kubernetes e2e suite" time="0">
          <skipped></skipped>
      </testcase>
      <testcase name="[sig-storage] CSI Volumes [Driver: csi-hostpath] [Testpattern: Dynamic PV (default fs)] volume-stress multiple pods should access different volumes repeatedly [Slow] [Serial]" classname="Kubernetes e2e suite" time="0">
          <skipped></skipped>
      </testcase>
      <testcase name="[sig-storage] In-tree Volumes [Driver: cinder] [Testpattern: Inline-volume (default fs)] subPath should fail if subpath with backstepping is outside the volume [Slow][LinuxOnly]" classname="Kubernetes e2e suite" time="0">
          <skipped></skipped>
      </testcase>
      <testcase name="[sig-storage] PersistentVolumes-local  Local volume that cannot be mounted [Slow] should fail due to wrong node" classname="Kubernetes e2e suite" time="0">
          <skipped></skipped>
      </testcase>
      <testcase name="[sig-storage] In-tree Volumes [Driver: emptydir] [Testpattern: Dynamic PV (default fs)] fsgroupchangepolicy (OnRootMismatch)[LinuxOnly], pod created with an initial fsgroup, volume contents ownership changed in first pod, new pod with different fsgroup applied to the volume contents" classname="Kubernetes e2e suite" time="0">
          <skipped></skipped>
      </testcase>
      <testcase name="[sig-storage] In-tree Volumes [Driver: local][LocalVolumeType: dir-link] [Testpattern: Inline-volume (default fs)] volumeIO should write files of various sizes, verify size, validate content [Slow][LinuxOnly]" classname="Kubernetes e2e suite" time="0">
          <skipped></skipped>
      </testcase>
      <testcase name="[sig-storage] In-tree Volumes [Driver: aws] [Testpattern: Inline-volume (default fs)] subPath should verify container cannot write to subpath readonly volumes [Slow]" classname="Kubernetes e2e suite" time="0">
          <skipped></skipped>
      </testcase>
      <testcase name="[sig-network] Services should release NodePorts on delete" classname="Kubernetes e2e suite" time="0">
          <skipped></skipped>
      </testcase>
      <testcase name="[sig-storage] In-tree Volumes [Driver: ceph][Feature:Volumes][Serial] [Testpattern: Inline-volume (ntfs)][Feature:Windows] volumes should allow exec of files on the volume" classname="Kubernetes e2e suite" time="0">
          <skipped></skipped>
      </testcase>
      <testcase name="[sig-storage] In-tree Volumes [Driver: vsphere] [Testpattern: Pre-provisioned PV (block volmode)] multiVolume [Slow] should access to two volumes with the same volume mode and retain data across pod recreation on different node" classname="Kubernetes e2e suite" time="0">
          <skipped></skipped>
      </testcase>
      <testcase name="[sig-storage] In-tree Volumes [Driver: azure-disk] [Testpattern: Dynamic PV (default fs)] volume-expand should not allow expansion of pvcs without AllowVolumeExpansion property" classname="Kubernetes e2e suite" time="0">
          <skipped></skipped>
      </testcase>
      <testcase name="[sig-storage] HostPathType Block Device [Slow] Should be able to mount block device &#39;ablkdev&#39; successfully when HostPathType is HostPathBlockDev" classname="Kubernetes e2e suite" time="0">
          <skipped></skipped>
      </testcase>
      <testcase name="[sig-storage] In-tree Volumes [Driver: ceph][Feature:Volumes][Serial] [Testpattern: Dynamic PV (filesystem volmode)] volumeMode should fail to use a volume in a pod with mismatched mode [Slow]" classname="Kubernetes e2e suite" time="0">
          <skipped></skipped>
      </testcase>
      <testcase name="[sig-storage] In-tree Volumes [Driver: aws] [Testpattern: Inline-volume (ext3)] volumes should allow exec of files on the volume" classname="Kubernetes e2e suite" time="0">
          <skipped></skipped>
      </testcase>
      <testcase name="[sig-storage] In-tree Volumes [Driver: gcepd] [Testpattern: Pre-provisioned PV (filesystem volmode)] multiVolume [Slow] should access to two volumes with different volume mode and retain data across pod recreation on the same node" classname="Kubernetes e2e suite" time="0">
          <skipped></skipped>
      </testcase>
      <testcase name="[sig-storage] In-tree Volumes [Driver: gluster] [Testpattern: Dynamic PV (default fs)] provisioning should provision storage with pvc data source in parallel [Slow]" classname="Kubernetes e2e suite" time="0">
          <skipped></skipped>
      </testcase>
      <testcase name="[sig-storage] In-tree Volumes [Driver: aws] [Testpattern: Dynamic PV (default fs)(allowExpansion)] volume-expand Verify if offline PVC expansion works" classname="Kubernetes e2e suite" time="0">
          <skipped></skipped>
      </testcase>
      <testcase name="[sig-apps] DisruptionController evictions: too few pods, absolute =&gt; should not allow an eviction" classname="Kubernetes e2e suite" time="0">
          <skipped></skipped>
      </testcase>
      <testcase name="[sig-storage] In-tree Volumes [Driver: rbd][Feature:Volumes][Serial] [Testpattern: Dynamic PV (ext4)] multiVolume [Slow] should access to two volumes with the same volume mode and retain data across pod recreation on the same node" classname="Kubernetes e2e suite" time="0">
          <skipped></skipped>
      </testcase>
      <testcase name="[sig-storage] In-tree Volumes [Driver: azure-disk] [Testpattern: Pre-provisioned PV (filesystem volmode)] multiVolume [Slow] should concurrently access the volume and its clone from pods on the same node [LinuxOnly][Feature:VolumeSnapshotDataSource][Feature:VolumeSourceXFS]" classname="Kubernetes e2e suite" time="0">
          <skipped></skipped>
      </testcase>
      <testcase name="[sig-storage] In-tree Volumes [Driver: local][LocalVolumeType: block] [Testpattern: Dynamic PV (block volmode)] disruptive[Disruptive][LinuxOnly] Should test that pv used in a pod that is deleted while the kubelet is down cleans up when the kubelet returns." classname="Kubernetes e2e suite" time="0">
          <skipped></skipped>
      </testcase>
      <testcase name="[sig-storage] In-tree Volumes [Driver: emptydir] [Testpattern: Pre-provisioned PV (default fs)] subPath should support restarting containers using directory as subpath [Slow]" classname="Kubernetes e2e suite" time="0">
          <skipped></skipped>
      </testcase>
      <testcase name="[sig-storage] In-tree Volumes [Driver: azure-disk] [Testpattern: Pre-provisioned PV (block volmode)] multiVolume [Slow] should concurrently access the volume and its clone from pods on the same node [LinuxOnly][Feature:VolumeSnapshotDataSource][Feature:VolumeSourceXFS]" classname="Kubernetes e2e suite" time="0">
          <skipped></skipped>
      </testcase>
      <testcase name="[sig-storage] In-tree Volumes [Driver: iscsi][Feature:Volumes] [Testpattern: Inline-volume (ext4)] volumes should store data" classname="Kubernetes e2e suite" time="0">
          <skipped></skipped>
      </testcase>
      <testcase name="[sig-api-machinery] AdmissionWebhook [Privileged:ClusterAdmin] should be able to deny pod and configmap creation [Conformance]" classname="Kubernetes e2e suite" time="24.11800773"></testcase>
      <testcase name="[sig-storage] In-tree Volumes [Driver: local][LocalVolumeType: dir] [Testpattern: Dynamic PV (block volmode)] provisioning should provision storage with pvc data source in parallel [Slow]" classname="Kubernetes e2e suite" time="0">
          <skipped></skipped>
      </testcase>
      <testcase name="[sig-storage] In-tree Volumes [Driver: local][LocalVolumeType: dir] [Testpattern: Pre-provisioned PV (ext4)] volumes should store data" classname="Kubernetes e2e suite" time="0">
          <skipped></skipped>
      </testcase>
      <testcase name="[sig-storage] In-tree Volumes [Driver: local][LocalVolumeType: tmpfs] [Testpattern: Dynamic PV (delayed binding)] topology should provision a volume and schedule a pod with AllowedTopologies" classname="Kubernetes e2e suite" time="0">
          <skipped></skipped>
      </testcase>
      <testcase name="[sig-storage] In-tree Volumes [Driver: emptydir] [Testpattern: Dynamic PV (filesystem volmode)] multiVolume [Slow] should access to two volumes with the same volume mode and retain data across pod recreation on the same node" classname="Kubernetes e2e suite" time="0">
          <skipped></skipped>
      </testcase>
      <testcase name="[sig-storage] In-tree Volumes [Driver: rbd][Feature:Volumes][Serial] [Testpattern: Inline-volume (default fs)] volumeIO should write files of various sizes, verify size, validate content [Slow][LinuxOnly]" classname="Kubernetes e2e suite" time="0">
          <skipped></skipped>
      </testcase>
      <testcase name="[sig-storage] In-tree Volumes [Driver: local][LocalVolumeType: dir] [Testpattern: Dynamic PV (xfs)][Slow] multiVolume [Slow] should concurrently access the single volume from pods on different node" classname="Kubernetes e2e suite" time="0">
          <skipped></skipped>
      </testcase>
      <testcase name="[sig-network] Services should allow pods to hairpin back to themselves through services" classname="Kubernetes e2e suite" time="0">
          <skipped></skipped>
      </testcase>
      <testcase name="[sig-storage] In-tree Volumes [Driver: local][LocalVolumeType: gce-localssd-scsi-fs] [Serial] [Testpattern: Dynamic PV (filesystem volmode)] volumeLimits should support volume limits [Serial]" classname="Kubernetes e2e suite" time="0">
          <skipped></skipped>
      </testcase>
      <testcase name="[sig-storage] CSI Volumes [Driver: pd.csi.storage.gke.io][Serial] [Testpattern: Pre-provisioned Snapshot (delete policy)] snapshottable[Feature:VolumeSnapshotDataSource] volume snapshot controller  should check snapshot fields, check restore correctly works after modifying source data, check deletion" classname="Kubernetes e2e suite" time="0">
          <skipped></skipped>
      </testcase>
      <testcase name="[sig-storage] In-tree Volumes [Driver: gcepd] [Testpattern: Pre-provisioned PV (default fs)] subPath should support readOnly file specified in the volumeMount [LinuxOnly]" classname="Kubernetes e2e suite" time="0">
          <skipped></skipped>
      </testcase>
      <testcase name="[sig-storage] Subpath Atomic writer volumes should support subpaths with projected pod [LinuxOnly] [Conformance]" classname="Kubernetes e2e suite" time="22.311241242"></testcase>
      <testcase name="[sig-storage] In-tree Volumes [Driver: gluster] [Testpattern: Pre-provisioned PV (block volmode)] disruptive[Disruptive][LinuxOnly] Should test that pv used in a pod that is deleted while the kubelet is down cleans up when the kubelet returns." classname="Kubernetes e2e suite" time="0">
          <skipped></skipped>
      </testcase>
      <testcase name="[sig-storage] In-tree Volumes [Driver: cinder] [Testpattern: Pre-provisioned PV (filesystem volmode)] multiVolume [Slow] should concurrently access the volume and its clone from pods on the same node [LinuxOnly][Feature:VolumeSnapshotDataSource][Feature:VolumeSourceXFS]" classname="Kubernetes e2e suite" time="0">
          <skipped></skipped>
      </testcase>
      <testcase name="[sig-storage] In-tree Volumes [Driver: vsphere] [Testpattern: Dynamic PV (xfs)][Slow] volumes should allow exec of files on the volume" classname="Kubernetes e2e suite" time="0">
          <skipped></skipped>
      </testcase>
      <testcase name="[sig-api-machinery] CustomResourcePublishOpenAPI [Privileged:ClusterAdmin] works for CRD preserving unknown fields in an embedded object [Conformance]" classname="Kubernetes e2e suite" time="8.161595089"></testcase>
      <testcase name="[sig-storage] In-tree Volumes [Driver: azure-disk] [Testpattern: Dynamic PV (ntfs)][Feature:Windows] subPath should fail if subpath with backstepping is outside the volume [Slow][LinuxOnly]" classname="Kubernetes e2e suite" time="0">
          <skipped></skipped>
      </testcase>
      <testcase name="[sig-storage] In-tree Volumes [Driver: aws] [Testpattern: Inline-volume (ntfs)][Feature:Windows] volumes should store data" classname="Kubernetes e2e suite" time="0">
          <skipped></skipped>
      </testcase>
      <testcase name="[sig-storage] In-tree Volumes [Driver: local][LocalVolumeType: block] [Testpattern: Dynamic PV (default fs)] subPath should support restarting containers using file as subpath [Slow][LinuxOnly]" classname="Kubernetes e2e suite" time="0">
          <skipped></skipped>
      </testcase>
      <testcase name="[sig-storage] In-tree Volumes [Driver: hostPathSymlink] [Testpattern: Dynamic PV (filesystem volmode)] volumeLimits should verify that all csinodes have volume limits" classname="Kubernetes e2e suite" time="0">
          <skipped></skipped>
      </testcase>
      <testcase name="[sig-storage] In-tree Volumes [Driver: local][LocalVolumeType: dir-link-bindmounted] [Testpattern: Inline-volume (xfs)][Slow] volumes should store data" classname="Kubernetes e2e suite" time="0">
          <skipped></skipped>
      </testcase>
      <testcase name="[sig-storage] In-tree Volumes [Driver: local][LocalVolumeType: dir-bindmounted] [Testpattern: Pre-provisioned PV (filesystem volmode)] disruptive[Disruptive][LinuxOnly] Should test that pv written before kubelet restart is readable after restart." classname="Kubernetes e2e suite" time="0">
          <skipped></skipped>
      </testcase>
      <testcase name="[sig-storage] In-tree Volumes [Driver: aws] [Testpattern: Inline-volume (default fs)] subPath should support existing directories when readOnly specified in the volumeSource" classname="Kubernetes e2e suite" time="0">
          <skipped></skipped>
      </testcase>
      <testcase name="[sig-node] KubeletManagedEtcHosts should test kubelet managed /etc/hosts file [LinuxOnly] [NodeConformance] [Conformance]" classname="Kubernetes e2e suite" time="7.042724614"></testcase>
      <testcase name="[sig-storage] In-tree Volumes [Driver: gluster] [Testpattern: Pre-provisioned PV (filesystem volmode)] multiVolume [Slow] should concurrently access the single volume from pods on different node" classname="Kubernetes e2e suite" time="0">
          <skipped></skipped>
      </testcase>
      <testcase name="[sig-storage] In-tree Volumes [Driver: local][LocalVolumeType: dir-bindmounted] [Testpattern: Dynamic PV (xfs)][Slow] volumes should allow exec of files on the volume" classname="Kubernetes e2e suite" time="0">
          <skipped></skipped>
      </testcase>
      <testcase name="[sig-storage] In-tree Volumes [Driver: nfs] [Testpattern: Pre-provisioned PV (block volmode)] volumeMode should fail to create pod by failing to mount volume [Slow]" classname="Kubernetes e2e suite" time="0">
          <skipped></skipped>
      </testcase>
      <testcase name="[sig-storage] In-tree Volumes [Driver: nfs] [Testpattern: Dynamic PV (ext4)] volumes should allow exec of files on the volume" classname="Kubernetes e2e suite" time="0">
          <skipped></skipped>
      </testcase>
      <testcase name="[sig-storage] In-tree Volumes [Driver: gluster] [Testpattern: Pre-provisioned PV (ntfs)][Feature:Windows] volumes should store data" classname="Kubernetes e2e suite" time="0">
          <skipped></skipped>
      </testcase>
      <testcase name="[sig-node] Security Context When creating a container with runAsNonRoot should not run with an explicit root user ID [LinuxOnly]" classname="Kubernetes e2e suite" time="0">
          <skipped></skipped>
      </testcase>
      <testcase name="[sig-storage] In-tree Volumes [Driver: local][LocalVolumeType: gce-localssd-scsi-fs] [Serial] [Testpattern: Dynamic PV (block volmode)] provisioning should provision storage with pvc data source in parallel [Slow]" classname="Kubernetes e2e suite" time="0">
          <skipped></skipped>
      </testcase>
      <testcase name="[sig-storage] In-tree Volumes [Driver: rbd][Feature:Volumes][Serial] [Testpattern: Pre-provisioned PV (default fs)] subPath should support non-existent path" classname="Kubernetes e2e suite" time="0">
          <skipped></skipped>
      </testcase>
      <testcase name="[sig-storage] In-tree Volumes [Driver: vsphere] [Testpattern: Pre-provisioned PV (block volmode)] multiVolume [Slow] should concurrently access the single volume from pods on different node" classname="Kubernetes e2e suite" time="0">
          <skipped></skipped>
      </testcase>
      <testcase name="[sig-storage] In-tree Volumes [Driver: local][LocalVolumeType: block] [Testpattern: Dynamic PV (ntfs)(allowExpansion)][Feature:Windows] volume-expand should resize volume when PVC is edited while pod is using it" classname="Kubernetes e2e suite" time="0">
          <skipped></skipped>
      </testcase>
      <testcase name="[sig-storage] CSI Volumes [Driver: pd.csi.storage.gke.io][Serial] [Testpattern: Inline-volume (default fs)] subPath should fail if subpath file is outside the volume [Slow][LinuxOnly]" classname="Kubernetes e2e suite" time="0">
          <skipped></skipped>
      </testcase>
      <testcase name="[sig-storage] In-tree Volumes [Driver: iscsi][Feature:Volumes] [Testpattern: Pre-provisioned PV (default fs)] subPath should support readOnly file specified in the volumeMount [LinuxOnly]" classname="Kubernetes e2e suite" time="0">
          <skipped></skipped>
      </testcase>
      <testcase name="[sig-storage] HostPathType Character Device [Slow] Should fail on mounting character device &#39;achardev&#39; when HostPathType is HostPathFile" classname="Kubernetes e2e suite" time="0">
          <skipped></skipped>
      </testcase>
      <testcase name="[sig-windows] [Feature:Windows] SecurityContext should be able create pods and run containers with a given username" classname="Kubernetes e2e suite" time="0">
          <skipped></skipped>
      </testcase>
      <testcase name="[sig-storage] In-tree Volumes [Driver: local][LocalVolumeType: gce-localssd-scsi-fs] [Serial] [Testpattern: Dynamic PV (ntfs)][Feature:Windows] provisioning should provision storage with pvc data source" classname="Kubernetes e2e suite" time="0">
          <skipped></skipped>
      </testcase>
      <testcase name="[sig-storage] In-tree Volumes [Driver: local][LocalVolumeType: gce-localssd-scsi-fs] [Serial] [Testpattern: Pre-provisioned PV (filesystem volmode)] multiVolume [Slow] should access to two volumes with different volume mode and retain data across pod recreation on the same node" classname="Kubernetes e2e suite" time="0">
          <skipped></skipped>
      </testcase>
      <testcase name="[sig-storage] In-tree Volumes [Driver: vsphere] [Testpattern: Dynamic PV (block volmode)] provisioning should provision storage with pvc data source" classname="Kubernetes e2e suite" time="0">
          <skipped></skipped>
      </testcase>
      <testcase name="[sig-storage] In-tree Volumes [Driver: vsphere] [Testpattern: Pre-provisioned PV (ntfs)][Feature:Windows] volumes should allow exec of files on the volume" classname="Kubernetes e2e suite" time="0">
          <skipped></skipped>
      </testcase>
      <testcase name="[sig-storage] In-tree Volumes [Driver: windows-gcepd] [Testpattern: Inline-volume (default fs)] subPath should unmount if pod is gracefully deleted while kubelet is down [Disruptive][Slow][LinuxOnly]" classname="Kubernetes e2e suite" time="0">
          <skipped></skipped>
      </testcase>
      <testcase name="[sig-storage] In-tree Volumes [Driver: local][LocalVolumeType: dir-bindmounted] [Testpattern: Inline-volume (default fs)] subPath should support restarting containers using file as subpath [Slow][LinuxOnly]" classname="Kubernetes e2e suite" time="0">
          <skipped></skipped>
      </testcase>
      <testcase name="[sig-storage] In-tree Volumes [Driver: local][LocalVolumeType: dir-link] [Testpattern: Inline-volume (ntfs)][Feature:Windows] volumes should allow exec of files on the volume" classname="Kubernetes e2e suite" time="0">
          <skipped></skipped>
      </testcase>
      <testcase name="[sig-api-machinery] CustomResourceDefinition Watch [Privileged:ClusterAdmin] CustomResourceDefinition Watch watch on custom resource definition objects [Conformance]" classname="Kubernetes e2e suite" time="63.190360266"></testcase>
      <testcase name="[sig-storage] In-tree Volumes [Driver: azure-disk] [Testpattern: Dynamic PV (block volmode)] multiVolume [Slow] should concurrently access the volume and restored snapshot from pods on the same node [LinuxOnly][Feature:VolumeSnapshotDataSource][Feature:VolumeSourceXFS]" classname="Kubernetes e2e suite" time="0">
          <skipped></skipped>
      </testcase>
      <testcase name="[sig-storage] In-tree Volumes [Driver: local][LocalVolumeType: dir-link] [Testpattern: Dynamic PV (xfs)][Slow] multiVolume [Slow] should access to two volumes with different volume mode and retain data across pod recreation on different node" classname="Kubernetes e2e suite" time="0">
          <skipped></skipped>
      </testcase>
      <testcase name="[sig-storage] In-tree Volumes [Driver: local][LocalVolumeType: dir-link-bindmounted] [Testpattern: Dynamic PV (default fs)] provisioning should provision storage with pvc data source" classname="Kubernetes e2e suite" time="0">
          <skipped></skipped>
      </testcase>
      <testcase name="[sig-storage] In-tree Volumes [Driver: local][LocalVolumeType: dir-link-bindmounted] [Testpattern: Dynamic PV (immediate binding)] topology should provision a volume and schedule a pod with AllowedTopologies" classname="Kubernetes e2e suite" time="0">
          <skipped></skipped>
      </testcase>
      <testcase name="[sig-storage] In-tree Volumes [Driver: local][LocalVolumeType: gce-localssd-scsi-fs] [Serial] [Testpattern: Dynamic PV (ext3)] volumes should allow exec of files on the volume" classname="Kubernetes e2e suite" time="0">
          <skipped></skipped>
      </testcase>
      <testcase name="[sig-storage] In-tree Volumes [Driver: windows-gcepd] [Testpattern: Inline-volume (default fs)] volumes should allow exec of files on the volume" classname="Kubernetes e2e suite" time="0">
          <skipped></skipped>
      </testcase>
      <testcase name="[sig-storage] In-tree Volumes [Driver: local][LocalVolumeType: dir-link] [Testpattern: Inline-volume (default fs)] subPath should fail if subpath file is outside the volume [Slow][LinuxOnly]" classname="Kubernetes e2e suite" time="0">
          <skipped></skipped>
      </testcase>
      <testcase name="[sig-storage] In-tree Volumes [Driver: emptydir] [Testpattern: Dynamic PV (block volmode)(allowExpansion)] volume-expand should resize volume when PVC is edited while pod is using it" classname="Kubernetes e2e suite" time="0">
          <skipped></skipped>
      </testcase>
      <testcase name="[sig-storage] In-tree Volumes [Driver: hostPathSymlink] [Testpattern: Dynamic PV (default fs)(allowExpansion)] volume-expand Verify if offline PVC expansion works" classname="Kubernetes e2e suite" time="0">
          <skipped></skipped>
      </testcase>
      <testcase name="[sig-storage] In-tree Volumes [Driver: hostPath] [Testpattern: Dynamic PV (block volmode)(allowExpansion)] volume-expand Verify if offline PVC expansion works" classname="Kubernetes e2e suite" time="0">
          <skipped></skipped>
      </testcase>
      <testcase name="[sig-storage] In-tree Volumes [Driver: hostPathSymlink] [Testpattern: Pre-provisioned PV (block volmode)] volumeMode should fail to use a volume in a pod with mismatched mode [Slow]" classname="Kubernetes e2e suite" time="0">
          <skipped></skipped>
      </testcase>
      <testcase name="[sig-storage] In-tree Volumes [Driver: hostPathSymlink] [Testpattern: Dynamic PV (ntfs)][Feature:Windows] subPath should support restarting containers using directory as subpath [Slow]" classname="Kubernetes e2e suite" time="0">
          <skipped></skipped>
      </testcase>
      <testcase name="[sig-storage] In-tree Volumes [Driver: local][LocalVolumeType: block] [Testpattern: Pre-provisioned PV (default fs)] subPath should fail if non-existent subpath is outside the volume [Slow][LinuxOnly]" classname="Kubernetes e2e suite" time="0">
          <skipped></skipped>
      </testcase>
      <testcase name="[sig-storage] In-tree Volumes [Driver: hostPath] [Testpattern: Pre-provisioned PV (xfs)][Slow] volumes should allow exec of files on the volume" classname="Kubernetes e2e suite" time="0">
          <skipped></skipped>
      </testcase>
      <testcase name="[sig-storage] In-tree Volumes [Driver: local][LocalVolumeType: dir] [Testpattern: Dynamic PV (block volmode)] multiVolume [Slow] should concurrently access the single volume from pods on different node" classname="Kubernetes e2e suite" time="0">
          <skipped></skipped>
      </testcase>
      <testcase name="[sig-scheduling] SchedulerPredicates [Serial] validates that taints-tolerations is respected if matching" classname="Kubernetes e2e suite" time="0">
          <skipped></skipped>
      </testcase>
      <testcase name="[sig-storage] In-tree Volumes [Driver: aws] [Testpattern: Dynamic PV (ntfs)(allowExpansion)][Feature:Windows] volume-expand Verify if offline PVC expansion works" classname="Kubernetes e2e suite" time="0">
          <skipped></skipped>
      </testcase>
      <testcase name="[sig-storage] In-tree Volumes [Driver: vsphere] [Testpattern: Inline-volume (default fs)] subPath should fail if subpath with backstepping is outside the volume [Slow][LinuxOnly]" classname="Kubernetes e2e suite" time="0">
          <skipped></skipped>
      </testcase>
      <testcase name="[sig-storage] CSI Volumes [Driver: pd.csi.storage.gke.io][Serial] [Testpattern: Dynamic PV (default fs)] subPath should fail if non-existent subpath is outside the volume [Slow][LinuxOnly]" classname="Kubernetes e2e suite" time="0">
          <skipped></skipped>
      </testcase>
      <testcase name="[sig-storage] In-tree Volumes [Driver: local][LocalVolumeType: tmpfs] [Testpattern: Inline-volume (default fs)] subPath should support restarting containers using directory as subpath [Slow]" classname="Kubernetes e2e suite" time="0">
          <skipped></skipped>
      </testcase>
      <testcase name="[sig-storage] In-tree Volumes [Driver: emptydir] [Testpattern: Dynamic PV (ntfs)][Feature:Windows] subPath should be able to unmount after the subpath directory is deleted [LinuxOnly]" classname="Kubernetes e2e suite" time="0">
          <skipped></skipped>
      </testcase>
      <testcase name="[sig-storage] In-tree Volumes [Driver: local][LocalVolumeType: dir] [Testpattern: Inline-volume (default fs)] subPath should fail if subpath with backstepping is outside the volume [Slow][LinuxOnly]" classname="Kubernetes e2e suite" time="0">
          <skipped></skipped>
      </testcase>
      <testcase name="[sig-storage] Projected downwardAPI should provide container&#39;s memory request [NodeConformance] [Conformance]" classname="Kubernetes e2e suite" time="4.121369808"></testcase>
      <testcase name="[sig-node] NoExecuteTaintManager Single Pod [Serial] removing taint cancels eviction [Disruptive] [Conformance]" classname="Kubernetes e2e suite" time="135.444535485"></testcase>
      <testcase name="[sig-cli] Kubectl client Simple pod should return command exit codes running a successful command" classname="Kubernetes e2e suite" time="0">
          <skipped></skipped>
      </testcase>
      <testcase name="[sig-storage] In-tree Volumes [Driver: local][LocalVolumeType: tmpfs] [Testpattern: Dynamic PV (xfs)][Slow] multiVolume [Slow] should access to two volumes with the same volume mode and retain data across pod recreation on the same node" classname="Kubernetes e2e suite" time="0">
          <skipped></skipped>
      </testcase>
      <testcase name="[sig-storage] In-tree Volumes [Driver: local][LocalVolumeType: dir] [Testpattern: Pre-provisioned PV (default fs)] subPath should support restarting containers using file as subpath [Slow][LinuxOnly]" classname="Kubernetes e2e suite" time="0">
          <skipped></skipped>
      </testcase>
      <testcase name="[sig-storage] PersistentVolumes-local  [Volume type: dir-bindmounted] Set fsGroup for local volume should set different fsGroup for second pod if first pod is deleted" classname="Kubernetes e2e suite" time="0">
          <skipped></skipped>
      </testcase>
      <testcase name="[sig-node] Downward API should provide pod UID as env vars [NodeConformance] [Conformance]" classname="Kubernetes e2e suite" time="2.138485526"></testcase>
      <testcase name="[sig-storage] In-tree Volumes [Driver: local][LocalVolumeType: dir-bindmounted] [Testpattern: Dynamic PV (filesystem volmode)] multiVolume [Slow] should concurrently access the volume and restored snapshot from pods on the same node [LinuxOnly][Feature:VolumeSnapshotDataSource][Feature:VolumeSourceXFS]" classname="Kubernetes e2e suite" time="0">
          <skipped></skipped>
      </testcase>
      <testcase name="[sig-scheduling] Multi-AZ Clusters should spread the pods of a replication controller across zones [Serial]" classname="Kubernetes e2e suite" time="0">
          <skipped></skipped>
      </testcase>
      <testcase name="[sig-storage] In-tree Volumes [Driver: hostPath] [Testpattern: Dynamic PV (default fs)] subPath should support existing directory" classname="Kubernetes e2e suite" time="0">
          <skipped></skipped>
      </testcase>
      <testcase name="[sig-storage] In-tree Volumes [Driver: iscsi][Feature:Volumes] [Testpattern: Dynamic PV (block volmode)] provisioning should provision storage with snapshot data source [Feature:VolumeSnapshotDataSource]" classname="Kubernetes e2e suite" time="0">
          <skipped></skipped>
      </testcase>
      <testcase name="[sig-storage] In-tree Volumes [Driver: ceph][Feature:Volumes][Serial] [Testpattern: Pre-provisioned PV (default fs)] subPath should fail if subpath file is outside the volume [Slow][LinuxOnly]" classname="Kubernetes e2e suite" time="0">
          <skipped></skipped>
      </testcase>
      <testcase name="[sig-storage] PersistentVolumes-local  [Volume type: dir-link-bindmounted] One pod requesting one prebound PVC should be able to mount volume and read from pod1" classname="Kubernetes e2e suite" time="0">
          <skipped></skipped>
      </testcase>
      <testcase name="[sig-storage] In-tree Volumes [Driver: local][LocalVolumeType: dir-link] [Testpattern: Dynamic PV (ntfs)][Feature:Windows] subPath should support creating multiple subpath from same volumes [Slow]" classname="Kubernetes e2e suite" time="0">
          <skipped></skipped>
      </testcase>
      <testcase name="[sig-storage] In-tree Volumes [Driver: windows-gcepd] [Testpattern: Dynamic PV (ntfs)][Feature:Windows] volumes should store data" classname="Kubernetes e2e suite" time="0">
          <skipped></skipped>
      </testcase>
      <testcase name="[sig-storage] In-tree Volumes [Driver: local][LocalVolumeType: blockfs] [Testpattern: Dynamic PV (block volmode)] provisioning should provision storage with pvc data source" classname="Kubernetes e2e suite" time="0">
          <skipped></skipped>
      </testcase>
      <testcase name="[sig-storage] In-tree Volumes [Driver: windows-gcepd] [Testpattern: Dynamic PV (block volmode)] volumeMode should not mount / map unused volumes in a pod [LinuxOnly]" classname="Kubernetes e2e suite" time="0">
          <skipped></skipped>
      </testcase>
      <testcase name="[sig-storage] In-tree Volumes [Driver: nfs] [Testpattern: Dynamic PV (ntfs)][Feature:Windows] subPath should support restarting containers using directory as subpath [Slow]" classname="Kubernetes e2e suite" time="0">
          <skipped></skipped>
      </testcase>
      <testcase name="[sig-storage] In-tree Volumes [Driver: local][LocalVolumeType: dir] [Testpattern: Inline-volume (default fs)] subPath should support readOnly directory specified in the volumeMount" classname="Kubernetes e2e suite" time="0">
          <skipped></skipped>
      </testcase>
      <testcase name="[sig-storage] In-tree Volumes [Driver: local][LocalVolumeType: dir-link] [Testpattern: Inline-volume (ext3)] volumes should allow exec of files on the volume" classname="Kubernetes e2e suite" time="0">
          <skipped></skipped>
      </testcase>
      <testcase name="[sig-storage] In-tree Volumes [Driver: azure-disk] [Testpattern: Dynamic PV (filesystem volmode)] volumeLimits should verify that all csinodes have volume limits" classname="Kubernetes e2e suite" time="0">
          <skipped></skipped>
      </testcase>
      <testcase name="[sig-storage] In-tree Volumes [Driver: cinder] [Testpattern: Dynamic PV (default fs)] subPath should unmount if pod is gracefully deleted while kubelet is down [Disruptive][Slow][LinuxOnly]" classname="Kubernetes e2e suite" time="0">
          <skipped></skipped>
      </testcase>
      <testcase name="[sig-storage] In-tree Volumes [Driver: vsphere] [Testpattern: Pre-provisioned PV (default fs)] subPath should fail if subpath directory is outside the volume [Slow][LinuxOnly]" classname="Kubernetes e2e suite" time="0">
          <skipped></skipped>
      </testcase>
      <testcase name="[sig-storage] In-tree Volumes [Driver: aws] [Testpattern: Inline-volume (default fs)] subPath should unmount if pod is gracefully deleted while kubelet is down [Disruptive][Slow][LinuxOnly]" classname="Kubernetes e2e suite" time="0">
          <skipped></skipped>
      </testcase>
      <testcase name="[sig-storage] In-tree Volumes [Driver: aws] [Testpattern: Dynamic PV (default fs)] capacity provides storage capacity information" classname="Kubernetes e2e suite" time="0">
          <skipped></skipped>
      </testcase>
      <testcase name="[sig-storage] In-tree Volumes [Driver: ceph][Feature:Volumes][Serial] [Testpattern: Pre-provisioned PV (block volmode)] disruptive[Disruptive][LinuxOnly] Should test that pv written before kubelet restart is readable after restart." classname="Kubernetes e2e suite" time="0">
          <skipped></skipped>
      </testcase>
      <testcase name="[sig-network] LoadBalancers ESIPP [Slow] should work for type=NodePort" classname="Kubernetes e2e suite" time="0">
          <skipped></skipped>
      </testcase>
      <testcase name="[sig-storage] In-tree Volumes [Driver: windows-gcepd] [Testpattern: Dynamic PV (filesystem volmode)] multiVolume [Slow] should access to two volumes with the same volume mode and retain data across pod recreation on the same node" classname="Kubernetes e2e suite" time="0">
          <skipped></skipped>
      </testcase>
      <testcase name="[sig-storage] In-tree Volumes [Driver: emptydir] [Testpattern: Pre-provisioned PV (block volmode)] volumeMode should fail to create pod by failing to mount volume [Slow]" classname="Kubernetes e2e suite" time="0">
          <skipped></skipped>
      </testcase>
      <testcase name="[sig-storage] In-tree Volumes [Driver: local][LocalVolumeType: dir] [Testpattern: Dynamic PV (ntfs)][Feature:Windows] subPath should fail if subpath directory is outside the volume [Slow][LinuxOnly]" classname="Kubernetes e2e suite" time="0">
          <skipped></skipped>
      </testcase>
      <testcase name="[sig-storage] In-tree Volumes [Driver: cinder] [Testpattern: Dynamic PV (ntfs)][Feature:Windows] volumes should store data" classname="Kubernetes e2e suite" time="0">
          <skipped></skipped>
      </testcase>
      <testcase name="[sig-storage] In-tree Volumes [Driver: local][LocalVolumeType: blockfs] [Testpattern: Dynamic PV (ext4)] multiVolume [Slow] should concurrently access the single volume from pods on the same node" classname="Kubernetes e2e suite" time="0">
          <skipped></skipped>
      </testcase>
      <testcase name="[sig-storage] In-tree Volumes [Driver: azure-disk] [Testpattern: Pre-provisioned PV (ext4)] volumes should store data" classname="Kubernetes e2e suite" time="0">
          <skipped></skipped>
      </testcase>
      <testcase name="[sig-cli] Kubectl client Proxy server should support --unix-socket=/path  [Conformance]" classname="Kubernetes e2e suite" time="0.158855163"></testcase>
      <testcase name="[sig-network] Loadbalancing: L7 GCE [Slow] [Feature:NEG] [Flaky] should create NEGs for all ports with the Ingress annotation, and NEGs for the standalone annotation otherwise" classname="Kubernetes e2e suite" time="0">
          <skipped></skipped>
      </testcase>
      <testcase name="[sig-storage] In-tree Volumes [Driver: ceph][Feature:Volumes][Serial] [Testpattern: Pre-provisioned PV (filesystem volmode)] volumeMode should not mount / map unused volumes in a pod [LinuxOnly]" classname="Kubernetes e2e suite" time="0">
          <skipped></skipped>
      </testcase>
      <testcase name="[sig-storage] In-tree Volumes [Driver: rbd][Feature:Volumes][Serial] [Testpattern: Pre-provisioned PV (ntfs)][Feature:Windows] volumes should allow exec of files on the volume" classname="Kubernetes e2e suite" time="0">
          <skipped></skipped>
      </testcase>
      <testcase name="[sig-storage] CSI Volumes [Driver: csi-hostpath] [Testpattern: Pre-provisioned PV (block volmode)] multiVolume [Slow] should access to two volumes with different volume mode and retain data across pod recreation on the same node" classname="Kubernetes e2e suite" time="0">
          <skipped></skipped>
      </testcase>
      <testcase name="[sig-storage] In-tree Volumes [Driver: local][LocalVolumeType: dir] [Testpattern: Dynamic PV (ext4)] multiVolume [Slow] should concurrently access the single volume from pods on different node" classname="Kubernetes e2e suite" time="0">
          <skipped></skipped>
      </testcase>
      <testcase name="[sig-storage] In-tree Volumes [Driver: local][LocalVolumeType: dir-link-bindmounted] [Testpattern: Dynamic PV (block volmode)] volumeMode should fail to use a volume in a pod with mismatched mode [Slow]" classname="Kubernetes e2e suite" time="0">
          <skipped></skipped>
      </testcase>
      <testcase name="[sig-storage] Secrets should be immutable if `immutable` field is set [Conformance]" classname="Kubernetes e2e suite" time="0.103485867"></testcase>
      <testcase name="[sig-storage] In-tree Volumes [Driver: aws] [Testpattern: Dynamic PV (xfs)][Slow] volumes should allow exec of files on the volume" classname="Kubernetes e2e suite" time="0">
          <skipped></skipped>
      </testcase>
      <testcase name="[sig-storage] In-tree Volumes [Driver: local][LocalVolumeType: dir-link] [Testpattern: Pre-provisioned PV (default fs)] subPath should support readOnly directory specified in the volumeMount" classname="Kubernetes e2e suite" time="0">
          <skipped></skipped>
      </testcase>
      <testcase name="[sig-storage] In-tree Volumes [Driver: local][LocalVolumeType: tmpfs] [Testpattern: Pre-provisioned PV (block volmode)] multiVolume [Slow] should concurrently access the volume and its clone from pods on the same node [LinuxOnly][Feature:VolumeSnapshotDataSource][Feature:VolumeSourceXFS]" classname="Kubernetes e2e suite" time="0">
          <skipped></skipped>
      </testcase>
      <testcase name="[sig-storage] In-tree Volumes [Driver: hostPath] [Testpattern: Pre-provisioned PV (ext4)] volumes should store data" classname="Kubernetes e2e suite" time="0">
          <skipped></skipped>
      </testcase>
      <testcase name="[sig-storage] In-tree Volumes [Driver: local][LocalVolumeType: tmpfs] [Testpattern: Dynamic PV (xfs)][Slow] multiVolume [Slow] should concurrently access the single read-only volume from pods on the same node" classname="Kubernetes e2e suite" time="0">
          <skipped></skipped>
      </testcase>
      <testcase name="[sig-storage] In-tree Volumes [Driver: nfs] [Testpattern: Dynamic PV (default fs)] fsgroupchangepolicy (OnRootMismatch)[LinuxOnly], pod created with an initial fsgroup, volume contents ownership changed in first pod, new pod with different fsgroup applied to the volume contents" classname="Kubernetes e2e suite" time="0">
          <skipped></skipped>
      </testcase>
      <testcase name="[sig-storage] In-tree Volumes [Driver: local][LocalVolumeType: block] [Testpattern: Dynamic PV (block volmode)] multiVolume [Slow] should concurrently access the single volume from pods on the same node" classname="Kubernetes e2e suite" time="0">
          <skipped></skipped>
      </testcase>
      <testcase name="[sig-storage] In-tree Volumes [Driver: aws] [Testpattern: Inline-volume (default fs)] subPath should fail if subpath file is outside the volume [Slow][LinuxOnly]" classname="Kubernetes e2e suite" time="0">
          <skipped></skipped>
      </testcase>
      <testcase name="[sig-storage] In-tree Volumes [Driver: local][LocalVolumeType: gce-localssd-scsi-fs] [Serial] [Testpattern: Dynamic PV (block volmode)] multiVolume [Slow] should access to two volumes with different volume mode and retain data across pod recreation on the same node" classname="Kubernetes e2e suite" time="0">
          <skipped></skipped>
      </testcase>
      <testcase name="[sig-storage] In-tree Volumes [Driver: local][LocalVolumeType: block] [Testpattern: Pre-provisioned PV (default fs)] subPath should fail if subpath directory is outside the volume [Slow][LinuxOnly]" classname="Kubernetes e2e suite" time="0">
          <skipped></skipped>
      </testcase>
      <testcase name="[sig-storage] In-tree Volumes [Driver: local][LocalVolumeType: gce-localssd-scsi-fs] [Serial] [Testpattern: Dynamic PV (block volmode)] provisioning should provision storage with snapshot data source [Feature:VolumeSnapshotDataSource]" classname="Kubernetes e2e suite" time="0">
          <skipped></skipped>
      </testcase>
      <testcase name="[sig-storage] In-tree Volumes [Driver: gluster] [Testpattern: Inline-volume (default fs)] subPath should support restarting containers using file as subpath [Slow][LinuxOnly]" classname="Kubernetes e2e suite" time="0">
          <skipped></skipped>
      </testcase>
      <testcase name="[sig-storage] In-tree Volumes [Driver: nfs] [Testpattern: Inline-volume (default fs)] volumes should allow exec of files on the volume" classname="Kubernetes e2e suite" time="0">
          <skipped></skipped>
      </testcase>
      <testcase name="[sig-storage] In-tree Volumes [Driver: local][LocalVolumeType: dir] [Testpattern: Pre-provisioned PV (ext3)] volumes should allow exec of files on the volume" classname="Kubernetes e2e suite" time="0">
          <skipped></skipped>
      </testcase>
      <testcase name="[sig-storage] In-tree Volumes [Driver: aws] [Testpattern: Dynamic PV (filesystem volmode)] volumeLimits should verify that all csinodes have volume limits" classname="Kubernetes e2e suite" time="0">
          <skipped></skipped>
      </testcase>
      <testcase name="[sig-storage] In-tree Volumes [Driver: nfs] [Testpattern: Pre-provisioned PV (filesystem volmode)] volumeMode should fail to use a volume in a pod with mismatched mode [Slow]" classname="Kubernetes e2e suite" time="0">
          <skipped></skipped>
      </testcase>
      <testcase name="[sig-storage] Zone Support [Feature:vsphere] Verify a pod is created and attached to a dynamically created PV, based on multiple zones specified in the storage class. (No shared datastores exist among both zones)" classname="Kubernetes e2e suite" time="0">
          <skipped></skipped>
      </testcase>
      <testcase name="[sig-network] NetworkPolicyLegacy [LinuxOnly] NetworkPolicy between server and client should allow ingress access from updated namespace [Feature:NetworkPolicy]" classname="Kubernetes e2e suite" time="0">
          <skipped></skipped>
      </testcase>
      <testcase name="[sig-storage] In-tree Volumes [Driver: emptydir] [Testpattern: Pre-provisioned PV (block volmode)] disruptive[Disruptive][LinuxOnly] Should test that pv used in a pod that is force deleted while the kubelet is down cleans up when the kubelet returns." classname="Kubernetes e2e suite" time="0">
          <skipped></skipped>
      </testcase>
      <testcase name="[sig-storage] In-tree Volumes [Driver: local][LocalVolumeType: dir] [Testpattern: Dynamic PV (filesystem volmode)] multiVolume [Slow] should access to two volumes with different volume mode and retain data across pod recreation on the same node" classname="Kubernetes e2e suite" time="0">
          <skipped></skipped>
      </testcase>
      <testcase name="[sig-storage] Regional PD RegionalPD should provision storage [Slow]" classname="Kubernetes e2e suite" time="0">
          <skipped></skipped>
      </testcase>
      <testcase name="[sig-storage] In-tree Volumes [Driver: azure-disk] [Testpattern: Pre-provisioned PV (ext3)] volumes should store data" classname="Kubernetes e2e suite" time="0">
          <skipped></skipped>
      </testcase>
      <testcase name="[sig-storage] In-tree Volumes [Driver: azure-disk] [Testpattern: Pre-provisioned PV (block volmode)] disruptive[Disruptive][LinuxOnly] Should test that pv used in a pod that is force deleted while the kubelet is down cleans up when the kubelet returns." classname="Kubernetes e2e suite" time="0">
          <skipped></skipped>
      </testcase>
      <testcase name="[sig-storage] In-tree Volumes [Driver: windows-gcepd] [Testpattern: Dynamic PV (immediate binding)] topology should provision a volume and schedule a pod with AllowedTopologies" classname="Kubernetes e2e suite" time="0">
          <skipped></skipped>
      </testcase>
      <testcase name="[sig-instrumentation] Events API should ensure that an event can be fetched, patched, deleted, and listed [Conformance]" classname="Kubernetes e2e suite" time="0.134750859"></testcase>
      <testcase name="[sig-storage] In-tree Volumes [Driver: nfs] [Testpattern: Dynamic PV (ext4)] multiVolume [Slow] should concurrently access the single read-only volume from pods on the same node" classname="Kubernetes e2e suite" time="0">
          <skipped></skipped>
      </testcase>
      <testcase name="[sig-storage] CSI Volumes [Driver: csi-hostpath] [Testpattern: Dynamic PV (block volmode)] provisioning should provision storage with mount options" classname="Kubernetes e2e suite" time="0">
          <skipped></skipped>
      </testcase>
      <testcase name="[sig-storage] In-tree Volumes [Driver: local][LocalVolumeType: block] [Testpattern: Dynamic PV (block volmode)] multiVolume [Slow] should concurrently access the single volume from pods on different node" classname="Kubernetes e2e suite" time="0">
          <skipped></skipped>
      </testcase>
      <testcase name="[sig-storage] In-tree Volumes [Driver: local][LocalVolumeType: block] [Testpattern: Dynamic PV (block volmode)(allowExpansion)] volume-expand should resize volume when PVC is edited while pod is using it" classname="Kubernetes e2e suite" time="0">
          <skipped></skipped>
      </testcase>
      <testcase name="[sig-storage] In-tree Volumes [Driver: gcepd] [Testpattern: Inline-volume (default fs)] volumes should store data" classname="Kubernetes e2e suite" time="0">
          <skipped></skipped>
      </testcase>
      <testcase name="[sig-storage] In-tree Volumes [Driver: vsphere] [Testpattern: Inline-volume (default fs)] volumeIO should write files of various sizes, verify size, validate content [Slow][LinuxOnly]" classname="Kubernetes e2e suite" time="0">
          <skipped></skipped>
      </testcase>
      <testcase name="[sig-storage] In-tree Volumes [Driver: nfs] [Testpattern: Dynamic PV (xfs)][Slow] multiVolume [Slow] should concurrently access the volume and its clone from pods on the same node [LinuxOnly][Feature:VolumeSnapshotDataSource][Feature:VolumeSourceXFS]" classname="Kubernetes e2e suite" time="0">
          <skipped></skipped>
      </testcase>
      <testcase name="[sig-storage] CSI Volumes [Driver: csi-hostpath] [Testpattern: Pre-provisioned PV (filesystem volmode)] multiVolume [Slow] should access to two volumes with the same volume mode and retain data across pod recreation on the same node" classname="Kubernetes e2e suite" time="0">
          <skipped></skipped>
      </testcase>
      <testcase name="[sig-storage] In-tree Volumes [Driver: rbd][Feature:Volumes][Serial] [Testpattern: Pre-provisioned PV (default fs)] volumes should allow exec of files on the volume" classname="Kubernetes e2e suite" time="0">
          <skipped></skipped>
      </testcase>
      <testcase name="[sig-storage] In-tree Volumes [Driver: iscsi][Feature:Volumes] [Testpattern: Dynamic PV (delayed binding)] topology should provision a volume and schedule a pod with AllowedTopologies" classname="Kubernetes e2e suite" time="0">
          <skipped></skipped>
      </testcase>
      <testcase name="[sig-storage] CSI Volumes [Driver: pd.csi.storage.gke.io][Serial] [Testpattern: Pre-provisioned PV (default fs)] subPath should support file as subpath [LinuxOnly]" classname="Kubernetes e2e suite" time="0">
          <skipped></skipped>
      </testcase>
      <testcase name="[sig-storage] In-tree Volumes [Driver: iscsi][Feature:Volumes] [Testpattern: Pre-provisioned PV (default fs)] subPath should unmount if pod is force deleted while kubelet is down [Disruptive][Slow][LinuxOnly]" classname="Kubernetes e2e suite" time="0">
          <skipped></skipped>
      </testcase>
      <testcase name="[sig-storage] In-tree Volumes [Driver: local][LocalVolumeType: tmpfs] [Testpattern: Dynamic PV (default fs)] subPath should be able to unmount after the subpath directory is deleted [LinuxOnly]" classname="Kubernetes e2e suite" time="0">
          <skipped></skipped>
      </testcase>
      <testcase name="[sig-storage] CSI Volumes [Driver: csi-hostpath] [Testpattern: Pre-provisioned PV (filesystem volmode)] disruptive[Disruptive][LinuxOnly] Should test that pv written before kubelet restart is readable after restart." classname="Kubernetes e2e suite" time="0">
          <skipped></skipped>
      </testcase>
      <testcase name="[sig-storage] In-tree Volumes [Driver: hostPathSymlink] [Testpattern: Inline-volume (default fs)] subPath should fail if subpath with backstepping is outside the volume [Slow][LinuxOnly]" classname="Kubernetes e2e suite" time="0">
          <skipped></skipped>
      </testcase>
      <testcase name="[sig-storage] In-tree Volumes [Driver: windows-gcepd] [Testpattern: Dynamic PV (default fs)] subPath should fail if subpath with backstepping is outside the volume [Slow][LinuxOnly]" classname="Kubernetes e2e suite" time="0">
          <skipped></skipped>
      </testcase>
      <testcase name="[sig-cli] Kubectl Port forwarding With a server listening on localhost that expects a client request should support a client that connects, sends DATA, and disconnects" classname="Kubernetes e2e suite" time="0">
          <skipped></skipped>
      </testcase>
      <testcase name="[sig-node] Pods should delete a collection of pods [Conformance]" classname="Kubernetes e2e suite" time="5.151601249"></testcase>
      <testcase name="[sig-storage] In-tree Volumes [Driver: vsphere] [Testpattern: Dynamic PV (default fs)] subPath should be able to unmount after the subpath directory is deleted [LinuxOnly]" classname="Kubernetes e2e suite" time="0">
          <skipped></skipped>
      </testcase>
      <testcase name="[sig-storage] CSI Volumes [Driver: pd.csi.storage.gke.io][Serial] [Testpattern: Pre-provisioned PV (block volmode)] disruptive[Disruptive][LinuxOnly] Should test that pv used in a pod that is force deleted while the kubelet is down cleans up when the kubelet returns." classname="Kubernetes e2e suite" time="0">
          <skipped></skipped>
      </testcase>
      <testcase name="[sig-network] Netpol [Feature:SCTPConnectivity][LinuxOnly][Disruptive] NetworkPolicy between server and client using SCTP should support a &#39;default-deny-ingress&#39; policy [Feature:NetworkPolicy]" classname="Kubernetes e2e suite" time="0">
          <skipped></skipped>
      </testcase>
      <testcase name="[sig-storage] In-tree Volumes [Driver: emptydir] [Testpattern: Dynamic PV (default fs)] subPath should unmount if pod is force deleted while kubelet is down [Disruptive][Slow][LinuxOnly]" classname="Kubernetes e2e suite" time="0">
          <skipped></skipped>
      </testcase>
      <testcase name="[sig-storage] CSI Volumes [Driver: pd.csi.storage.gke.io][Serial] [Testpattern: Dynamic PV (default fs)] volumes should store data" classname="Kubernetes e2e suite" time="0">
          <skipped></skipped>
      </testcase>
      <testcase name="[sig-storage] In-tree Volumes [Driver: hostPathSymlink] [Testpattern: Dynamic PV (ntfs)][Feature:Windows] provisioning should provision storage with pvc data source" classname="Kubernetes e2e suite" time="0">
          <skipped></skipped>
      </testcase>
      <testcase name="[sig-storage] In-tree Volumes [Driver: windows-gcepd] [Testpattern: Dynamic PV (default fs)] provisioning should provision storage with pvc data source" classname="Kubernetes e2e suite" time="0">
          <skipped></skipped>
      </testcase>
      <testcase name="[sig-storage] In-tree Volumes [Driver: local][LocalVolumeType: blockfs] [Testpattern: Dynamic PV (xfs)][Slow] multiVolume [Slow] should concurrently access the single volume from pods on the same node" classname="Kubernetes e2e suite" time="0">
          <skipped></skipped>
      </testcase>
      <testcase name="[sig-storage] CSI Volumes [Driver: pd.csi.storage.gke.io][Serial] [Testpattern: Dynamic PV (block volmode)] multiVolume [Slow] should concurrently access the single volume from pods on different node" classname="Kubernetes e2e suite" time="0">
          <skipped></skipped>
      </testcase>
      <testcase name="[sig-storage] In-tree Volumes [Driver: windows-gcepd] [Testpattern: Pre-provisioned PV (default fs)] subPath should support existing directory" classname="Kubernetes e2e suite" time="0">
          <skipped></skipped>
      </testcase>
      <testcase name="[sig-storage] In-tree Volumes [Driver: local][LocalVolumeType: blockfs] [Testpattern: Inline-volume (default fs)] subPath should support non-existent path" classname="Kubernetes e2e suite" time="0">
          <skipped></skipped>
      </testcase>
      <testcase name="[sig-storage] In-tree Volumes [Driver: vsphere] [Testpattern: Dynamic PV (ntfs)][Feature:Windows] subPath should fail if subpath file is outside the volume [Slow][LinuxOnly]" classname="Kubernetes e2e suite" time="0">
          <skipped></skipped>
      </testcase>
      <testcase name="[sig-storage] In-tree Volumes [Driver: local][LocalVolumeType: dir-link] [Testpattern: Dynamic PV (xfs)][Slow] volumes should allow exec of files on the volume" classname="Kubernetes e2e suite" time="0">
          <skipped></skipped>
      </testcase>
      <testcase name="[sig-storage] In-tree Volumes [Driver: emptydir] [Testpattern: Dynamic PV (default fs)] fsgroupchangepolicy (Always)[LinuxOnly], pod created with an initial fsgroup, new pod fsgroup applied to volume contents" classname="Kubernetes e2e suite" time="0">
          <skipped></skipped>
      </testcase>
      <testcase name="[sig-storage] In-tree Volumes [Driver: aws] [Testpattern: Dynamic PV (xfs)][Slow] multiVolume [Slow] should concurrently access the volume and its clone from pods on the same node [LinuxOnly][Feature:VolumeSnapshotDataSource][Feature:VolumeSourceXFS]" classname="Kubernetes e2e suite" time="0">
          <skipped></skipped>
      </testcase>
      <testcase name="[sig-storage] In-tree Volumes [Driver: local][LocalVolumeType: dir] [Testpattern: Dynamic PV (block volmode)] multiVolume [Slow] should concurrently access the single volume from pods on the same node" classname="Kubernetes e2e suite" time="0">
          <skipped></skipped>
      </testcase>
      <testcase name="[sig-storage] In-tree Volumes [Driver: local][LocalVolumeType: dir] [Testpattern: Inline-volume (default fs)] subPath should support creating multiple subpath from same volumes [Slow]" classname="Kubernetes e2e suite" time="0">
          <skipped></skipped>
      </testcase>
      <testcase name="[sig-storage] [Serial] Volume metrics should create prometheus metrics for volume provisioning and attach/detach" classname="Kubernetes e2e suite" time="0">
          <skipped></skipped>
      </testcase>
      <testcase name="[sig-storage] EmptyDir wrapper volumes should not cause race condition when used for git_repo [Serial] [Slow]" classname="Kubernetes e2e suite" time="0">
          <skipped></skipped>
      </testcase>
      <testcase name="[sig-storage] In-tree Volumes [Driver: local][LocalVolumeType: block] [Testpattern: Dynamic PV (default fs)] subPath should fail if subpath directory is outside the volume [Slow][LinuxOnly]" classname="Kubernetes e2e suite" time="0">
          <skipped></skipped>
      </testcase>
      <testcase name="[sig-storage] In-tree Volumes [Driver: nfs] [Testpattern: Dynamic PV (default fs)] subPath should support readOnly file specified in the volumeMount [LinuxOnly]" classname="Kubernetes e2e suite" time="0">
          <skipped></skipped>
      </testcase>
      <testcase name="[sig-cli] Kubectl client Update Demo should scale a replication controller  [Conformance]" classname="Kubernetes e2e suite" time="14.856357372"></testcase>
      <testcase name="[sig-storage] In-tree Volumes [Driver: local][LocalVolumeType: block] [Testpattern: Dynamic PV (delayed binding)] topology should fail to schedule a pod which has topologies that conflict with AllowedTopologies" classname="Kubernetes e2e suite" time="0">
          <skipped></skipped>
      </testcase>
      <testcase name="[sig-storage] In-tree Volumes [Driver: windows-gcepd] [Testpattern: Dynamic PV (filesystem volmode)] multiVolume [Slow] should access to two volumes with different volume mode and retain data across pod recreation on different node" classname="Kubernetes e2e suite" time="0">
          <skipped></skipped>
      </testcase>
      <testcase name="[sig-storage] In-tree Volumes [Driver: local][LocalVolumeType: blockfs] [Testpattern: Dynamic PV (default fs)] subPath should support non-existent path" classname="Kubernetes e2e suite" time="0">
          <skipped></skipped>
      </testcase>
      <testcase name="[sig-storage] In-tree Volumes [Driver: local][LocalVolumeType: dir-link-bindmounted] [Testpattern: Dynamic PV (default fs)] subPath should fail if non-existent subpath is outside the volume [Slow][LinuxOnly]" classname="Kubernetes e2e suite" time="0">
          <skipped></skipped>
      </testcase>
      <testcase name="[sig-storage] PersistentVolumes-local  [Volume type: gce-localssd-scsi-fs] [Serial] Two pods mounting a local volume at the same time should be able to write from pod1 and read from pod2" classname="Kubernetes e2e suite" time="0">
          <skipped></skipped>
      </testcase>
      <testcase name="[sig-storage] In-tree Volumes [Driver: local][LocalVolumeType: dir-bindmounted] [Testpattern: Dynamic PV (default fs)] subPath should support existing single file [LinuxOnly]" classname="Kubernetes e2e suite" time="0">
          <skipped></skipped>
      </testcase>
      <testcase name="[sig-storage] In-tree Volumes [Driver: local][LocalVolumeType: dir] [Testpattern: Inline-volume (xfs)][Slow] volumes should store data" classname="Kubernetes e2e suite" time="0">
          <skipped></skipped>
      </testcase>
      <testcase name="[sig-storage] CSI Volumes [Driver: pd.csi.storage.gke.io][Serial] [Testpattern: Generic Ephemeral-volume (default fs) (late-binding)] ephemeral should support two pods which share the same volume" classname="Kubernetes e2e suite" time="0">
          <skipped></skipped>
      </testcase>
      <testcase name="[sig-storage] In-tree Volumes [Driver: windows-gcepd] [Testpattern: Dynamic PV (ntfs)][Feature:Windows] subPath should support file as subpath [LinuxOnly]" classname="Kubernetes e2e suite" time="0">
          <skipped></skipped>
      </testcase>
      <testcase name="[sig-storage] In-tree Volumes [Driver: vsphere] [Testpattern: Dynamic PV (ntfs)][Feature:Windows] subPath should be able to unmount after the subpath directory is deleted [LinuxOnly]" classname="Kubernetes e2e suite" time="0">
          <skipped></skipped>
      </testcase>
      <testcase name="[sig-storage] In-tree Volumes [Driver: vsphere] [Testpattern: Pre-provisioned PV (default fs)] volumeIO should write files of various sizes, verify size, validate content [Slow][LinuxOnly]" classname="Kubernetes e2e suite" time="0">
          <skipped></skipped>
      </testcase>
      <testcase name="[sig-storage] In-tree Volumes [Driver: local][LocalVolumeType: dir-link] [Testpattern: Dynamic PV (ntfs)][Feature:Windows] subPath should support existing single file [LinuxOnly]" classname="Kubernetes e2e suite" time="0">
          <skipped></skipped>
      </testcase>
      <testcase name="[sig-storage] ConfigMap binary data should be reflected in volume [NodeConformance] [Conformance]" classname="Kubernetes e2e suite" time="2.227082196"></testcase>
      <testcase name="[sig-storage] In-tree Volumes [Driver: gluster] [Testpattern: Inline-volume (default fs)] subPath should support restarting containers using directory as subpath [Slow]" classname="Kubernetes e2e suite" time="0">
          <skipped></skipped>
      </testcase>
      <testcase name="[sig-storage] PersistentVolumes:vsphere [Feature:vsphere] should test that a file written to the vsphere volume mount before kubelet restart can be read after restart [Disruptive]" classname="Kubernetes e2e suite" time="0">
          <skipped></skipped>
      </testcase>
      <testcase name="[sig-storage] In-tree Volumes [Driver: local][LocalVolumeType: gce-localssd-scsi-fs] [Serial] [Testpattern: Dynamic PV (xfs)][Slow] multiVolume [Slow] should concurrently access the volume and its clone from pods on the same node [LinuxOnly][Feature:VolumeSnapshotDataSource][Feature:VolumeSourceXFS]" classname="Kubernetes e2e suite" time="0">
          <skipped></skipped>
      </testcase>
      <testcase name="[sig-network] Netpol NetworkPolicy between server and client should enforce policy to allow traffic based on NamespaceSelector with MatchLabels using default ns label [Feature:NetworkPolicy]" classname="Kubernetes e2e suite" time="0">
          <skipped></skipped>
      </testcase>
      <testcase name="[sig-storage] In-tree Volumes [Driver: gcepd] [Testpattern: Dynamic PV (ntfs)][Feature:Windows] subPath should support readOnly directory specified in the volumeMount" classname="Kubernetes e2e suite" time="0">
          <skipped></skipped>
      </testcase>
      <testcase name="[sig-storage] CSI Volumes [Driver: pd.csi.storage.gke.io][Serial] [Testpattern: CSI Ephemeral-volume (default fs)] ephemeral should support two pods which share the same volume" classname="Kubernetes e2e suite" time="0">
          <skipped></skipped>
      </testcase>
      <testcase name="[sig-storage] In-tree Volumes [Driver: local][LocalVolumeType: dir-link-bindmounted] [Testpattern: Dynamic PV (block volmode)] volumeMode should not mount / map unused volumes in a pod [LinuxOnly]" classname="Kubernetes e2e suite" time="0">
          <skipped></skipped>
      </testcase>
      <testcase name="[sig-storage] In-tree Volumes [Driver: emptydir] [Testpattern: Dynamic PV (default fs)] volumeIO should write files of various sizes, verify size, validate content [Slow][LinuxOnly]" classname="Kubernetes e2e suite" time="0">
          <skipped></skipped>
      </testcase>
      <testcase name="[sig-storage] In-tree Volumes [Driver: local][LocalVolumeType: dir-bindmounted] [Testpattern: Inline-volume (default fs)] subPath should fail if subpath directory is outside the volume [Slow][LinuxOnly]" classname="Kubernetes e2e suite" time="0">
          <skipped></skipped>
      </testcase>
      <testcase name="[sig-storage] In-tree Volumes [Driver: hostPathSymlink] [Testpattern: Dynamic PV (filesystem volmode)] multiVolume [Slow] should access to two volumes with different volume mode and retain data across pod recreation on the same node" classname="Kubernetes e2e suite" time="0">
          <skipped></skipped>
      </testcase>
      <testcase name="[sig-storage] In-tree Volumes [Driver: local][LocalVolumeType: blockfs] [Testpattern: Dynamic PV (block volmode)] multiVolume [Slow] should access to two volumes with different volume mode and retain data across pod recreation on different node" classname="Kubernetes e2e suite" time="0">
          <skipped></skipped>
      </testcase>
      <testcase name="[sig-storage] In-tree Volumes [Driver: local][LocalVolumeType: block] [Testpattern: Inline-volume (ext3)] volumes should store data" classname="Kubernetes e2e suite" time="0">
          <skipped></skipped>
      </testcase>
      <testcase name="[sig-storage] In-tree Volumes [Driver: iscsi][Feature:Volumes] [Testpattern: Dynamic PV (default fs)] subPath should support restarting containers using file as subpath [Slow][LinuxOnly]" classname="Kubernetes e2e suite" time="0">
          <skipped></skipped>
      </testcase>
      <testcase name="[sig-storage] In-tree Volumes [Driver: local][LocalVolumeType: dir] [Testpattern: Dynamic PV (ntfs)][Feature:Windows] subPath should fail if non-existent subpath is outside the volume [Slow][LinuxOnly]" classname="Kubernetes e2e suite" time="0">
          <skipped></skipped>
      </testcase>
      <testcase name="[sig-storage] In-tree Volumes [Driver: aws] [Testpattern: Dynamic PV (default fs)] subPath should unmount if pod is force deleted while kubelet is down [Disruptive][Slow][LinuxOnly]" classname="Kubernetes e2e suite" time="0">
          <skipped></skipped>
      </testcase>
      <testcase name="[sig-storage] In-tree Volumes [Driver: iscsi][Feature:Volumes] [Testpattern: Pre-provisioned PV (ext3)] volumes should allow exec of files on the volume" classname="Kubernetes e2e suite" time="0">
          <skipped></skipped>
      </testcase>
      <testcase name="[sig-storage] In-tree Volumes [Driver: local][LocalVolumeType: dir-link] [Testpattern: Dynamic PV (filesystem volmode)] disruptive[Disruptive][LinuxOnly] Should test that pv written before kubelet restart is readable after restart." classname="Kubernetes e2e suite" time="0">
          <skipped></skipped>
      </testcase>
      <testcase name="[sig-storage] In-tree Volumes [Driver: nfs] [Testpattern: Dynamic PV (xfs)][Slow] multiVolume [Slow] should access to two volumes with the same volume mode and retain data across pod recreation on different node" classname="Kubernetes e2e suite" time="0">
          <skipped></skipped>
      </testcase>
      <testcase name="[sig-storage] In-tree Volumes [Driver: local][LocalVolumeType: dir-link] [Testpattern: Inline-volume (default fs)] subPath should support restarting containers using directory as subpath [Slow]" classname="Kubernetes e2e suite" time="0">
          <skipped></skipped>
      </testcase>
      <testcase name="[sig-storage] In-tree Volumes [Driver: cinder] [Testpattern: Pre-provisioned PV (ntfs)][Feature:Windows] volumes should store data" classname="Kubernetes e2e suite" time="0">
          <skipped></skipped>
      </testcase>
      <testcase name="[sig-storage] In-tree Volumes [Driver: local][LocalVolumeType: dir-link-bindmounted] [Testpattern: Dynamic PV (default fs)] subPath should fail if subpath directory is outside the volume [Slow][LinuxOnly]" classname="Kubernetes e2e suite" time="0">
          <skipped></skipped>
      </testcase>
      <testcase name="[sig-storage] In-tree Volumes [Driver: local][LocalVolumeType: dir-link] [Testpattern: Dynamic PV (filesystem volmode)] volumeMode should not mount / map unused volumes in a pod [LinuxOnly]" classname="Kubernetes e2e suite" time="0">
          <skipped></skipped>
      </testcase>
      <testcase name="[sig-storage] In-tree Volumes [Driver: iscsi][Feature:Volumes] [Testpattern: Dynamic PV (delayed binding)] topology should fail to schedule a pod which has topologies that conflict with AllowedTopologies" classname="Kubernetes e2e suite" time="0">
          <skipped></skipped>
      </testcase>
      <testcase name="[sig-storage] In-tree Volumes [Driver: rbd][Feature:Volumes][Serial] [Testpattern: Inline-volume (default fs)] subPath should verify container cannot write to subpath readonly volumes [Slow]" classname="Kubernetes e2e suite" time="0">
          <skipped></skipped>
      </testcase>
      <testcase name="[sig-storage] In-tree Volumes [Driver: local][LocalVolumeType: blockfs] [Testpattern: Dynamic PV (default fs)(allowExpansion)] volume-expand Verify if offline PVC expansion works" classname="Kubernetes e2e suite" time="0">
          <skipped></skipped>
      </testcase>
      <testcase name="[sig-storage] In-tree Volumes [Driver: windows-gcepd] [Testpattern: Dynamic PV (xfs)][Slow] multiVolume [Slow] should concurrently access the single volume from pods on the same node" classname="Kubernetes e2e suite" time="0">
          <skipped></skipped>
      </testcase>
      <testcase name="[sig-storage] In-tree Volumes [Driver: vsphere] [Testpattern: Dynamic PV (block volmode)] volume-expand should not allow expansion of pvcs without AllowVolumeExpansion property" classname="Kubernetes e2e suite" time="0">
          <skipped></skipped>
      </testcase>
      <testcase name="[sig-storage] In-tree Volumes [Driver: hostPathSymlink] [Testpattern: Pre-provisioned PV (default fs)] subPath should support restarting containers using file as subpath [Slow][LinuxOnly]" classname="Kubernetes e2e suite" time="0">
          <skipped></skipped>
      </testcase>
      <testcase name="[sig-storage] In-tree Volumes [Driver: local][LocalVolumeType: blockfs] [Testpattern: Dynamic PV (filesystem volmode)] volumeLimits should support volume limits [Serial]" classname="Kubernetes e2e suite" time="0">
          <skipped></skipped>
      </testcase>
      <testcase name="[sig-storage] In-tree Volumes [Driver: aws] [Testpattern: Dynamic PV (block volmode)] multiVolume [Slow] should concurrently access the volume and its clone from pods on the same node [LinuxOnly][Feature:VolumeSnapshotDataSource][Feature:VolumeSourceXFS]" classname="Kubernetes e2e suite" time="0">
          <skipped></skipped>
      </testcase>
      <testcase name="[sig-storage] CSI Volumes [Driver: pd.csi.storage.gke.io][Serial] [Testpattern: Inline-volume (default fs)] subPath should support restarting containers using file as subpath [Slow][LinuxOnly]" classname="Kubernetes e2e suite" time="0">
          <skipped></skipped>
      </testcase>
      <testcase name="[sig-storage] In-tree Volumes [Driver: gluster] [Testpattern: Pre-provisioned PV (default fs)] subPath should fail if subpath directory is outside the volume [Slow][LinuxOnly]" classname="Kubernetes e2e suite" time="0">
          <skipped></skipped>
      </testcase>
      <testcase name="[sig-storage] In-tree Volumes [Driver: local][LocalVolumeType: blockfs] [Testpattern: Pre-provisioned PV (default fs)] subPath should fail if subpath file is outside the volume [Slow][LinuxOnly]" classname="Kubernetes e2e suite" time="0">
          <skipped></skipped>
      </testcase>
      <testcase name="[sig-storage] In-tree Volumes [Driver: emptydir] [Testpattern: Pre-provisioned PV (default fs)] subPath should fail if subpath with backstepping is outside the volume [Slow][LinuxOnly]" classname="Kubernetes e2e suite" time="0">
          <skipped></skipped>
      </testcase>
      <testcase name="[sig-storage] In-tree Volumes [Driver: iscsi][Feature:Volumes] [Testpattern: Dynamic PV (ntfs)][Feature:Windows] volumes should store data" classname="Kubernetes e2e suite" time="0">
          <skipped></skipped>
      </testcase>
      <testcase name="[sig-storage] CSI Volumes [Driver: csi-hostpath] [Testpattern: Dynamic PV (ntfs)][Feature:Windows] provisioning should provision storage with pvc data source" classname="Kubernetes e2e suite" time="0">
          <skipped></skipped>
      </testcase>
      <testcase name="[sig-storage] In-tree Volumes [Driver: local][LocalVolumeType: tmpfs] [Testpattern: Dynamic PV (default fs)] subPath should support existing directories when readOnly specified in the volumeSource" classname="Kubernetes e2e suite" time="0">
          <skipped></skipped>
      </testcase>
      <testcase name="[sig-storage] In-tree Volumes [Driver: local][LocalVolumeType: tmpfs] [Testpattern: Dynamic PV (ntfs)][Feature:Windows] provisioning should provision storage with mount options" classname="Kubernetes e2e suite" time="0">
          <skipped></skipped>
      </testcase>
      <testcase name="[sig-storage] In-tree Volumes [Driver: cinder] [Testpattern: Pre-provisioned PV (filesystem volmode)] multiVolume [Slow] should concurrently access the volume and restored snapshot from pods on the same node [LinuxOnly][Feature:VolumeSnapshotDataSource][Feature:VolumeSourceXFS]" classname="Kubernetes e2e suite" time="0">
          <skipped></skipped>
      </testcase>
      <testcase name="[sig-storage] In-tree Volumes [Driver: windows-gcepd] [Testpattern: Inline-volume (default fs)] subPath should unmount if pod is force deleted while kubelet is down [Disruptive][Slow][LinuxOnly]" classname="Kubernetes e2e suite" time="0">
          <skipped></skipped>
      </testcase>
      <testcase name="[sig-storage] In-tree Volumes [Driver: nfs] [Testpattern: Dynamic PV (immediate binding)] topology should fail to schedule a pod which has topologies that conflict with AllowedTopologies" classname="Kubernetes e2e suite" time="0">
          <skipped></skipped>
      </testcase>
      <testcase name="[sig-storage] In-tree Volumes [Driver: cinder] [Testpattern: Dynamic PV (default fs)] subPath should unmount if pod is force deleted while kubelet is down [Disruptive][Slow][LinuxOnly]" classname="Kubernetes e2e suite" time="0">
          <skipped></skipped>
      </testcase>
      <testcase name="[sig-storage] In-tree Volumes [Driver: local][LocalVolumeType: dir-link-bindmounted] [Testpattern: Dynamic PV (ntfs)][Feature:Windows] provisioning should provision storage with pvc data source in parallel [Slow]" classname="Kubernetes e2e suite" time="0">
          <skipped></skipped>
      </testcase>
      <testcase name="[sig-storage] In-tree Volumes [Driver: azure-disk] [Testpattern: Dynamic PV (default fs)] subPath should unmount if pod is gracefully deleted while kubelet is down [Disruptive][Slow][LinuxOnly]" classname="Kubernetes e2e suite" time="0">
          <skipped></skipped>
      </testcase>
      <testcase name="[sig-node] Security Context should support seccomp runtime/default [LinuxOnly]" classname="Kubernetes e2e suite" time="0">
          <skipped></skipped>
      </testcase>
      <testcase name="[sig-storage] In-tree Volumes [Driver: gcepd] [Testpattern: Dynamic PV (filesystem volmode)] multiVolume [Slow] should concurrently access the single volume from pods on the same node" classname="Kubernetes e2e suite" time="0">
          <skipped></skipped>
      </testcase>
      <testcase name="[sig-storage] CSI Volumes [Driver: pd.csi.storage.gke.io][Serial] [Testpattern: Dynamic PV (default fs)] capacity provides storage capacity information" classname="Kubernetes e2e suite" time="0">
          <skipped></skipped>
      </testcase>
      <testcase name="[sig-network] IngressClass API  should support creating IngressClass API operations [Conformance]" classname="Kubernetes e2e suite" time="0.121632797"></testcase>
      <testcase name="[sig-storage] In-tree Volumes [Driver: local][LocalVolumeType: tmpfs] [Testpattern: Pre-provisioned PV (filesystem volmode)] disruptive[Disruptive][LinuxOnly] Should test that pv written before kubelet restart is readable after restart." classname="Kubernetes e2e suite" time="0">
          <skipped></skipped>
      </testcase>
      <testcase name="[sig-storage] CSI Volumes [Driver: csi-hostpath] [Testpattern: Dynamic PV (ntfs)][Feature:Windows] subPath should fail if subpath directory is outside the volume [Slow][LinuxOnly]" classname="Kubernetes e2e suite" time="0">
          <skipped></skipped>
      </testcase>
      <testcase name="[sig-storage] CSI mock volume CSI NodeStage error cases [Slow] should call NodeUnstage after NodeStage ephemeral error" classname="Kubernetes e2e suite" time="0">
          <skipped></skipped>
      </testcase>
      <testcase name="[sig-storage] CSI Volumes [Driver: csi-hostpath] [Testpattern: Dynamic PV (filesystem volmode)] multiVolume [Slow] should access to two volumes with the same volume mode and retain data across pod recreation on different node" classname="Kubernetes e2e suite" time="0">
          <skipped></skipped>
      </testcase>
      <testcase name="[sig-storage] In-tree Volumes [Driver: cinder] [Testpattern: Dynamic PV (block volmode)] volumeMode should not mount / map unused volumes in a pod [LinuxOnly]" classname="Kubernetes e2e suite" time="0">
          <skipped></skipped>
      </testcase>
      <testcase name="[sig-storage] In-tree Volumes [Driver: windows-gcepd] [Testpattern: Dynamic PV (default fs)] subPath should fail if subpath directory is outside the volume [Slow][LinuxOnly]" classname="Kubernetes e2e suite" time="0">
          <skipped></skipped>
      </testcase>
      <testcase name="[sig-storage] In-tree Volumes [Driver: local][LocalVolumeType: tmpfs] [Testpattern: Dynamic PV (block volmode)] disruptive[Disruptive][LinuxOnly] Should test that pv written before kubelet restart is readable after restart." classname="Kubernetes e2e suite" time="0">
          <skipped></skipped>
      </testcase>
      <testcase name="[sig-storage] CSI Volumes [Driver: csi-hostpath] [Testpattern: Dynamic PV (ntfs)][Feature:Windows] subPath should support existing directories when readOnly specified in the volumeSource" classname="Kubernetes e2e suite" time="0">
          <skipped></skipped>
      </testcase>
      <testcase name="[sig-node] Variable Expansion should fail substituting values in a volume subpath with absolute path [Slow] [Conformance]" classname="Kubernetes e2e suite" time="6.132319742"></testcase>
      <testcase name="[sig-storage] In-tree Volumes [Driver: hostPathSymlink] [Testpattern: Inline-volume (default fs)] subPath should unmount if pod is gracefully deleted while kubelet is down [Disruptive][Slow][LinuxOnly]" classname="Kubernetes e2e suite" time="0">
          <skipped></skipped>
      </testcase>
      <testcase name="[sig-storage] In-tree Volumes [Driver: cinder] [Testpattern: Pre-provisioned PV (filesystem volmode)] multiVolume [Slow] should access to two volumes with the same volume mode and retain data across pod recreation on the same node" classname="Kubernetes e2e suite" time="0">
          <skipped></skipped>
      </testcase>
      <testcase name="[sig-storage] In-tree Volumes [Driver: local][LocalVolumeType: gce-localssd-scsi-fs] [Serial] [Testpattern: Dynamic PV (block volmode)] multiVolume [Slow] should concurrently access the single read-only volume from pods on the same node" classname="Kubernetes e2e suite" time="0">
          <skipped></skipped>
      </testcase>
      <testcase name="[sig-storage] In-tree Volumes [Driver: rbd][Feature:Volumes][Serial] [Testpattern: Dynamic PV (ext3)] volumes should store data" classname="Kubernetes e2e suite" time="0">
          <skipped></skipped>
      </testcase>
      <testcase name="[sig-storage] In-tree Volumes [Driver: vsphere] [Testpattern: Dynamic PV (ntfs)][Feature:Windows] subPath should support restarting containers using directory as subpath [Slow]" classname="Kubernetes e2e suite" time="0">
          <skipped></skipped>
      </testcase>
      <testcase name="[sig-storage] In-tree Volumes [Driver: aws] [Testpattern: Dynamic PV (block volmode)(allowExpansion)] volume-expand should resize volume when PVC is edited while pod is using it" classname="Kubernetes e2e suite" time="0">
          <skipped></skipped>
      </testcase>
      <testcase name="[sig-storage] In-tree Volumes [Driver: local][LocalVolumeType: tmpfs] [Testpattern: Dynamic PV (default fs)] volumes should allow exec of files on the volume" classname="Kubernetes e2e suite" time="0">
          <skipped></skipped>
      </testcase>
      <testcase name="[sig-storage] In-tree Volumes [Driver: aws] [Testpattern: Pre-provisioned PV (filesystem volmode)] multiVolume [Slow] should access to two volumes with different volume mode and retain data across pod recreation on different node" classname="Kubernetes e2e suite" time="0">
          <skipped></skipped>
      </testcase>
      <testcase name="[sig-storage] PersistentVolumes NFS with multiple PVs and PVCs all in same ns should create 3 PVs and 3 PVCs: test write access" classname="Kubernetes e2e suite" time="0">
          <skipped></skipped>
      </testcase>
      <testcase name="[sig-network] Netpol NetworkPolicy between server and client should enforce multiple ingress policies with ingress allow-all policy taking precedence [Feature:NetworkPolicy]" classname="Kubernetes e2e suite" time="0">
          <skipped></skipped>
      </testcase>
      <testcase name="[sig-storage] In-tree Volumes [Driver: vsphere] [Testpattern: Dynamic PV (xfs)][Slow] multiVolume [Slow] should access to two volumes with the same volume mode and retain data across pod recreation on different node" classname="Kubernetes e2e suite" time="0">
          <skipped></skipped>
      </testcase>
      <testcase name="[sig-storage] In-tree Volumes [Driver: local][LocalVolumeType: dir-link-bindmounted] [Testpattern: Dynamic PV (default fs)] subPath should support restarting containers using directory as subpath [Slow]" classname="Kubernetes e2e suite" time="0">
          <skipped></skipped>
      </testcase>
      <testcase name="[sig-storage] In-tree Volumes [Driver: gluster] [Testpattern: Inline-volume (default fs)] subPath should unmount if pod is gracefully deleted while kubelet is down [Disruptive][Slow][LinuxOnly]" classname="Kubernetes e2e suite" time="0">
          <skipped></skipped>
      </testcase>
      <testcase name="[sig-storage] Downward API volume should set DefaultMode on files [LinuxOnly] [NodeConformance] [Conformance]" classname="Kubernetes e2e suite" time="2.101415505"></testcase>
      <testcase name="[sig-storage] In-tree Volumes [Driver: iscsi][Feature:Volumes] [Testpattern: Pre-provisioned PV (block volmode)] multiVolume [Slow] should concurrently access the volume and restored snapshot from pods on the same node [LinuxOnly][Feature:VolumeSnapshotDataSource][Feature:VolumeSourceXFS]" classname="Kubernetes e2e suite" time="0">
          <skipped></skipped>
      </testcase>
      <testcase name="[sig-storage] In-tree Volumes [Driver: local][LocalVolumeType: dir-link-bindmounted] [Testpattern: Inline-volume (default fs)] subPath should support non-existent path" classname="Kubernetes e2e suite" time="0">
          <skipped></skipped>
      </testcase>
      <testcase name="[sig-storage] CSI Volumes [Driver: pd.csi.storage.gke.io][Serial] [Testpattern: Dynamic PV (filesystem volmode)] multiVolume [Slow] should concurrently access the single volume from pods on the same node" classname="Kubernetes e2e suite" time="0">
          <skipped></skipped>
      </testcase>
      <testcase name="[sig-network] Loadbalancing: L7 GCE [Slow] [Feature:NEG] [Flaky] should conform to Ingress spec" classname="Kubernetes e2e suite" time="0">
          <skipped></skipped>
      </testcase>
      <testcase name="[sig-storage] PersistentVolumes-local  [Volume type: tmpfs] Two pods mounting a local volume at the same time should be able to write from pod1 and read from pod2" classname="Kubernetes e2e suite" time="0">
          <skipped></skipped>
      </testcase>
      <testcase name="[sig-storage] In-tree Volumes [Driver: local][LocalVolumeType: gce-localssd-scsi-fs] [Serial] [Testpattern: Pre-provisioned PV (ext3)] volumes should store data" classname="Kubernetes e2e suite" time="0">
          <skipped></skipped>
      </testcase>
      <testcase name="[sig-cli] Kubectl client kubectl wait should ignore not found error with --for=delete" classname="Kubernetes e2e suite" time="0">
          <skipped></skipped>
      </testcase>
      <testcase name="[sig-storage] In-tree Volumes [Driver: gluster] [Testpattern: Pre-provisioned PV (default fs)] subPath should support file as subpath [LinuxOnly]" classname="Kubernetes e2e suite" time="0">
          <skipped></skipped>
      </testcase>
      <testcase name="[sig-node] SSH should SSH to all nodes and run commands" classname="Kubernetes e2e suite" time="0">
          <skipped></skipped>
      </testcase>
      <testcase name="[sig-storage] In-tree Volumes [Driver: cinder] [Testpattern: Dynamic PV (filesystem volmode)] volumeLimits should support volume limits [Serial]" classname="Kubernetes e2e suite" time="0">
          <skipped></skipped>
      </testcase>
      <testcase name="[sig-storage] In-tree Volumes [Driver: rbd][Feature:Volumes][Serial] [Testpattern: Dynamic PV (ntfs)][Feature:Windows] subPath should fail if subpath with backstepping is outside the volume [Slow][LinuxOnly]" classname="Kubernetes e2e suite" time="0">
          <skipped></skipped>
      </testcase>
      <testcase name="[sig-storage] In-tree Volumes [Driver: emptydir] [Testpattern: Pre-provisioned PV (xfs)][Slow] volumes should allow exec of files on the volume" classname="Kubernetes e2e suite" time="0">
          <skipped></skipped>
      </testcase>
      <testcase name="[sig-storage] In-tree Volumes [Driver: local][LocalVolumeType: tmpfs] [Testpattern: Dynamic PV (xfs)][Slow] multiVolume [Slow] should concurrently access the single volume from pods on the same node" classname="Kubernetes e2e suite" time="0">
          <skipped></skipped>
      </testcase>
      <testcase name="[sig-storage] CSI Volumes [Driver: csi-hostpath] [Testpattern: Dynamic PV (block volmode)] multiVolume [Slow] should concurrently access the volume and its clone from pods on the same node [LinuxOnly][Feature:VolumeSnapshotDataSource][Feature:VolumeSourceXFS]" classname="Kubernetes e2e suite" time="0">
          <skipped></skipped>
      </testcase>
      <testcase name="[sig-storage] In-tree Volumes [Driver: local][LocalVolumeType: block] [Testpattern: Dynamic PV (default fs)] subPath should support creating multiple subpath from same volumes [Slow]" classname="Kubernetes e2e suite" time="0">
          <skipped></skipped>
      </testcase>
      <testcase name="[sig-storage] CSI Volumes [Driver: csi-hostpath] [Testpattern: Dynamic PV (default fs)] subPath should support non-existent path" classname="Kubernetes e2e suite" time="0">
          <skipped></skipped>
      </testcase>
      <testcase name="[sig-storage] EmptyDir volumes when FSGroup is specified [LinuxOnly] [NodeFeature:FSGroup] nonexistent volume subPath should have the correct mode and owner using FSGroup" classname="Kubernetes e2e suite" time="0">
          <skipped></skipped>
      </testcase>
      <testcase name="[sig-storage] In-tree Volumes [Driver: vsphere] [Testpattern: Inline-volume (xfs)][Slow] volumes should store data" classname="Kubernetes e2e suite" time="0">
          <skipped></skipped>
      </testcase>
      <testcase name="[sig-storage] In-tree Volumes [Driver: nfs] [Testpattern: Dynamic PV (block volmode)] multiVolume [Slow] should access to two volumes with the same volume mode and retain data across pod recreation on different node" classname="Kubernetes e2e suite" time="0">
          <skipped></skipped>
      </testcase>
      <testcase name="[sig-storage] In-tree Volumes [Driver: azure-disk] [Testpattern: Dynamic PV (default fs)] subPath should verify container cannot write to subpath readonly volumes [Slow]" classname="Kubernetes e2e suite" time="0">
          <skipped></skipped>
      </testcase>
      <testcase name="[sig-storage] In-tree Volumes [Driver: azure-disk] [Testpattern: Dynamic PV (ntfs)][Feature:Windows] subPath should support existing directory" classname="Kubernetes e2e suite" time="0">
          <skipped></skipped>
      </testcase>
      <testcase name="[sig-autoscaling] [HPA] Horizontal pod autoscaling (scale resource: Custom Metrics from Stackdriver) should scale down with Custom Metric of type Pod from Stackdriver with Prometheus [Feature:CustomMetricsAutoscaling]" classname="Kubernetes e2e suite" time="0">
          <skipped></skipped>
      </testcase>
      <testcase name="[sig-storage] In-tree Volumes [Driver: cinder] [Testpattern: Pre-provisioned PV (block volmode)] multiVolume [Slow] should access to two volumes with the same volume mode and retain data across pod recreation on the same node" classname="Kubernetes e2e suite" time="0">
          <skipped></skipped>
      </testcase>
      <testcase name="[sig-storage] PersistentVolumes:vsphere [Feature:vsphere] should test that deleting the PV before the pod does not cause pod deletion to fail on vsphere volume detach" classname="Kubernetes e2e suite" time="0">
          <skipped></skipped>
      </testcase>
      <testcase name="[sig-storage] In-tree Volumes [Driver: rbd][Feature:Volumes][Serial] [Testpattern: Inline-volume (default fs)] subPath should support existing single file [LinuxOnly]" classname="Kubernetes e2e suite" time="0">
          <skipped></skipped>
      </testcase>
      <testcase name="[sig-storage] In-tree Volumes [Driver: hostPath] [Testpattern: Dynamic PV (delayed binding)] topology should fail to schedule a pod which has topologies that conflict with AllowedTopologies" classname="Kubernetes e2e suite" time="0">
          <skipped></skipped>
      </testcase>
      <testcase name="[sig-storage] EmptyDir volumes should support (non-root,0666,default) [LinuxOnly] [NodeConformance] [Conformance]" classname="Kubernetes e2e suite" time="2.101656002"></testcase>
      <testcase name="[sig-storage] In-tree Volumes [Driver: local][LocalVolumeType: tmpfs] [Testpattern: Pre-provisioned PV (ntfs)][Feature:Windows] volumes should store data" classname="Kubernetes e2e suite" time="0">
          <skipped></skipped>
      </testcase>
      <testcase name="[sig-storage] In-tree Volumes [Driver: rbd][Feature:Volumes][Serial] [Testpattern: Dynamic PV (filesystem volmode)] multiVolume [Slow] should access to two volumes with different volume mode and retain data across pod recreation on the same node" classname="Kubernetes e2e suite" time="0">
          <skipped></skipped>
      </testcase>
      <testcase name="[sig-storage] In-tree Volumes [Driver: ceph][Feature:Volumes][Serial] [Testpattern: Dynamic PV (ntfs)][Feature:Windows] subPath should support restarting containers using directory as subpath [Slow]" classname="Kubernetes e2e suite" time="0">
          <skipped></skipped>
      </testcase>
      <testcase name="[sig-storage] In-tree Volumes [Driver: local][LocalVolumeType: block] [Testpattern: Dynamic PV (block volmode)] provisioning should provision storage with mount options" classname="Kubernetes e2e suite" time="0">
          <skipped></skipped>
      </testcase>
      <testcase name="[sig-storage] In-tree Volumes [Driver: gluster] [Testpattern: Dynamic PV (ext4)] multiVolume [Slow] should access to two volumes with different volume mode and retain data across pod recreation on the same node" classname="Kubernetes e2e suite" time="0">
          <skipped></skipped>
      </testcase>
      <testcase name="[sig-storage] In-tree Volumes [Driver: gcepd] [Testpattern: Dynamic PV (block volmode)] multiVolume [Slow] should concurrently access the single read-only volume from pods on the same node" classname="Kubernetes e2e suite" time="0">
          <skipped></skipped>
      </testcase>
      <testcase name="[sig-storage] In-tree Volumes [Driver: iscsi][Feature:Volumes] [Testpattern: Dynamic PV (default fs)] volumes should allow exec of files on the volume" classname="Kubernetes e2e suite" time="0">
          <skipped></skipped>
      </testcase>
      <testcase name="[sig-storage] In-tree Volumes [Driver: local][LocalVolumeType: dir-link] [Testpattern: Pre-provisioned PV (filesystem volmode)] multiVolume [Slow] should concurrently access the single read-only volume from pods on the same node" classname="Kubernetes e2e suite" time="0">
          <skipped></skipped>
      </testcase>
      <testcase name="[sig-storage] In-tree Volumes [Driver: local][LocalVolumeType: gce-localssd-scsi-fs] [Serial] [Testpattern: Inline-volume (default fs)] subPath should fail if subpath directory is outside the volume [Slow][LinuxOnly]" classname="Kubernetes e2e suite" time="0">
          <skipped></skipped>
      </testcase>
      <testcase name="[sig-storage] In-tree Volumes [Driver: rbd][Feature:Volumes][Serial] [Testpattern: Dynamic PV (default fs)] volumes should store data" classname="Kubernetes e2e suite" time="0">
          <skipped></skipped>
      </testcase>
      <testcase name="[sig-storage] CSI Volumes [Driver: pd.csi.storage.gke.io][Serial] [Testpattern: Pre-provisioned PV (default fs)] subPath should fail if non-existent subpath is outside the volume [Slow][LinuxOnly]" classname="Kubernetes e2e suite" time="0">
          <skipped></skipped>
      </testcase>
      <testcase name="[sig-storage] In-tree Volumes [Driver: rbd][Feature:Volumes][Serial] [Testpattern: Pre-provisioned PV (block volmode)] multiVolume [Slow] should access to two volumes with different volume mode and retain data across pod recreation on different node" classname="Kubernetes e2e suite" time="0">
          <skipped></skipped>
      </testcase>
      <testcase name="[sig-storage] In-tree Volumes [Driver: local][LocalVolumeType: dir-link-bindmounted] [Testpattern: Inline-volume (default fs)] volumes should allow exec of files on the volume" classname="Kubernetes e2e suite" time="0">
          <skipped></skipped>
      </testcase>
      <testcase name="[sig-storage] In-tree Volumes [Driver: cinder] [Testpattern: Dynamic PV (default fs)] provisioning should provision storage with mount options" classname="Kubernetes e2e suite" time="0">
          <skipped></skipped>
      </testcase>
      <testcase name="[sig-storage] CSI Volumes [Driver: pd.csi.storage.gke.io][Serial] [Testpattern: Dynamic PV (xfs)][Slow] multiVolume [Slow] should access to two volumes with different volume mode and retain data across pod recreation on different node" classname="Kubernetes e2e suite" time="0">
          <skipped></skipped>
      </testcase>
      <testcase name="[sig-storage] In-tree Volumes [Driver: ceph][Feature:Volumes][Serial] [Testpattern: Dynamic PV (default fs)] fsgroupchangepolicy (OnRootMismatch)[LinuxOnly], pod created with an initial fsgroup, volume contents ownership changed in first pod, new pod with same fsgroup skips ownership changes to the volume contents" classname="Kubernetes e2e suite" time="0">
          <skipped></skipped>
      </testcase>
      <testcase name="[sig-storage] ConfigMap Should fail non-optional pod creation due to configMap object does not exist [Slow]" classname="Kubernetes e2e suite" time="0">
          <skipped></skipped>
      </testcase>
      <testcase name="[sig-autoscaling] [Feature:HPA] Horizontal pod autoscaling (scale resource: CPU) [Serial] [Slow] ReplicationController Should scale from 5 pods to 3 pods and from 3 to 1 and verify decision stability" classname="Kubernetes e2e suite" time="0">
          <skipped></skipped>
      </testcase>
      <testcase name="[sig-storage] In-tree Volumes [Driver: local][LocalVolumeType: tmpfs] [Testpattern: Dynamic PV (ntfs)][Feature:Windows] volumes should store data" classname="Kubernetes e2e suite" time="0">
          <skipped></skipped>
      </testcase>
      <testcase name="[sig-storage] In-tree Volumes [Driver: local][LocalVolumeType: blockfs] [Testpattern: Inline-volume (default fs)] subPath should fail if non-existent subpath is outside the volume [Slow][LinuxOnly]" classname="Kubernetes e2e suite" time="0">
          <skipped></skipped>
      </testcase>
      <testcase name="[sig-storage] In-tree Volumes [Driver: ceph][Feature:Volumes][Serial] [Testpattern: Pre-provisioned PV (filesystem volmode)] multiVolume [Slow] should access to two volumes with different volume mode and retain data across pod recreation on the same node" classname="Kubernetes e2e suite" time="0">
          <skipped></skipped>
      </testcase>
      <testcase name="[sig-storage] In-tree Volumes [Driver: local][LocalVolumeType: block] [Testpattern: Dynamic PV (ext4)] multiVolume [Slow] should concurrently access the single volume from pods on different node" classname="Kubernetes e2e suite" time="0">
          <skipped></skipped>
      </testcase>
      <testcase name="[sig-storage] In-tree Volumes [Driver: cinder] [Testpattern: Dynamic PV (default fs)] volume-stress multiple pods should access different volumes repeatedly [Slow] [Serial]" classname="Kubernetes e2e suite" time="0">
          <skipped></skipped>
      </testcase>
      <testcase name="[sig-cli] Kubectl client Guestbook application should create and stop a working application  [Conformance]" classname="Kubernetes e2e suite" time="12.638768345"></testcase>
      <testcase name="[sig-storage] In-tree Volumes [Driver: iscsi][Feature:Volumes] [Testpattern: Dynamic PV (default fs)] volume-expand should not allow expansion of pvcs without AllowVolumeExpansion property" classname="Kubernetes e2e suite" time="0">
          <skipped></skipped>
      </testcase>
      <testcase name="[sig-storage] In-tree Volumes [Driver: local][LocalVolumeType: gce-localssd-scsi-fs] [Serial] [Testpattern: Dynamic PV (default fs)] subPath should fail if non-existent subpath is outside the volume [Slow][LinuxOnly]" classname="Kubernetes e2e suite" time="0">
          <skipped></skipped>
      </testcase>
      <testcase name="[sig-storage] In-tree Volumes [Driver: azure-disk] [Testpattern: Dynamic PV (block volmode)] provisioning should provision storage with mount options" classname="Kubernetes e2e suite" time="0">
          <skipped></skipped>
      </testcase>
      <testcase name="[sig-apps] Daemon set [Serial] should run and stop complex daemon with node affinity" classname="Kubernetes e2e suite" time="0">
          <skipped></skipped>
      </testcase>
      <testcase name="[sig-storage] In-tree Volumes [Driver: gluster] [Testpattern: Dynamic PV (ntfs)][Feature:Windows] subPath should support creating multiple subpath from same volumes [Slow]" classname="Kubernetes e2e suite" time="0">
          <skipped></skipped>
      </testcase>
      <testcase name="[sig-storage] In-tree Volumes [Driver: cinder] [Testpattern: Dynamic PV (ntfs)][Feature:Windows] subPath should support readOnly directory specified in the volumeMount" classname="Kubernetes e2e suite" time="0">
          <skipped></skipped>
      </testcase>
      <testcase name="[sig-storage] In-tree Volumes [Driver: local][LocalVolumeType: tmpfs] [Testpattern: Inline-volume (ext3)] volumes should store data" classname="Kubernetes e2e suite" time="0">
          <skipped></skipped>
      </testcase>
      <testcase name="[sig-storage] In-tree Volumes [Driver: aws] [Testpattern: Pre-provisioned PV (default fs)] subPath should unmount if pod is gracefully deleted while kubelet is down [Disruptive][Slow][LinuxOnly]" classname="Kubernetes e2e suite" time="0">
          <skipped></skipped>
      </testcase>
      <testcase name="[sig-api-machinery] Servers with support for Table transformation should return a 406 for a backend which does not implement metadata [Conformance]" classname="Kubernetes e2e suite" time="0.172019161"></testcase>
      <testcase name="[sig-storage] In-tree Volumes [Driver: gcepd] [Testpattern: Inline-volume (default fs)] volumeIO should write files of various sizes, verify size, validate content [Slow][LinuxOnly]" classname="Kubernetes e2e suite" time="0">
          <skipped></skipped>
      </testcase>
      <testcase name="[sig-storage] In-tree Volumes [Driver: local][LocalVolumeType: dir] [Testpattern: Dynamic PV (block volmode)] volume-expand should not allow expansion of pvcs without AllowVolumeExpansion property" classname="Kubernetes e2e suite" time="0">
          <skipped></skipped>
      </testcase>
      <testcase name="[sig-storage] In-tree Volumes [Driver: aws] [Testpattern: Pre-provisioned PV (filesystem volmode)] multiVolume [Slow] should concurrently access the single volume from pods on different node" classname="Kubernetes e2e suite" time="0">
          <skipped></skipped>
      </testcase>
      <testcase name="[sig-storage] In-tree Volumes [Driver: hostPathSymlink] [Testpattern: Dynamic PV (ext4)] multiVolume [Slow] should access to two volumes with the same volume mode and retain data across pod recreation on the same node" classname="Kubernetes e2e suite" time="0">
          <skipped></skipped>
      </testcase>
      <testcase name="[sig-storage] In-tree Volumes [Driver: local][LocalVolumeType: blockfs] [Testpattern: Dynamic PV (default fs)] volumes should store data" classname="Kubernetes e2e suite" time="0">
          <skipped></skipped>
      </testcase>
      <testcase name="[sig-storage] In-tree Volumes [Driver: local][LocalVolumeType: blockfs] [Testpattern: Dynamic PV (default fs)] subPath should fail if subpath with backstepping is outside the volume [Slow][LinuxOnly]" classname="Kubernetes e2e suite" time="0">
          <skipped></skipped>
      </testcase>
      <testcase name="[sig-storage] In-tree Volumes [Driver: local][LocalVolumeType: dir] [Testpattern: Dynamic PV (block volmode)] multiVolume [Slow] should concurrently access the single read-only volume from pods on the same node" classname="Kubernetes e2e suite" time="0">
          <skipped></skipped>
      </testcase>
      <testcase name="[sig-storage] In-tree Volumes [Driver: ceph][Feature:Volumes][Serial] [Testpattern: Dynamic PV (block volmode)(allowExpansion)] volume-expand should resize volume when PVC is edited while pod is using it" classname="Kubernetes e2e suite" time="0">
          <skipped></skipped>
      </testcase>
      <testcase name="[sig-storage] Storage Policy Based Volume Provisioning [Feature:vsphere] verify VSAN storage capability with valid hostFailuresToTolerate and cacheReservation values is honored for dynamically provisioned pvc using storageclass" classname="Kubernetes e2e suite" time="0">
          <skipped></skipped>
      </testcase>
      <testcase name="[sig-storage] In-tree Volumes [Driver: local][LocalVolumeType: dir-link-bindmounted] [Testpattern: Dynamic PV (ntfs)][Feature:Windows] subPath should unmount if pod is force deleted while kubelet is down [Disruptive][Slow][LinuxOnly]" classname="Kubernetes e2e suite" time="0">
          <skipped></skipped>
      </testcase>
      <testcase name="[sig-storage] In-tree Volumes [Driver: aws] [Testpattern: Inline-volume (default fs)] subPath should unmount if pod is force deleted while kubelet is down [Disruptive][Slow][LinuxOnly]" classname="Kubernetes e2e suite" time="0">
          <skipped></skipped>
      </testcase>
      <testcase name="[sig-storage] In-tree Volumes [Driver: nfs] [Testpattern: Dynamic PV (block volmode)(allowExpansion)] volume-expand should resize volume when PVC is edited while pod is using it" classname="Kubernetes e2e suite" time="0">
          <skipped></skipped>
      </testcase>
      <testcase name="[sig-storage] In-tree Volumes [Driver: ceph][Feature:Volumes][Serial] [Testpattern: Dynamic PV (ntfs)][Feature:Windows] subPath should fail if non-existent subpath is outside the volume [Slow][LinuxOnly]" classname="Kubernetes e2e suite" time="0">
          <skipped></skipped>
      </testcase>
      <testcase name="[sig-storage] In-tree Volumes [Driver: local][LocalVolumeType: dir] [Testpattern: Dynamic PV (default fs)] volumes should allow exec of files on the volume" classname="Kubernetes e2e suite" time="0">
          <skipped></skipped>
      </testcase>
      <testcase name="[sig-network] Netpol [LinuxOnly] NetworkPolicy between server and client using UDP should support a &#39;default-deny-ingress&#39; policy [Feature:NetworkPolicy]" classname="Kubernetes e2e suite" time="0">
          <skipped></skipped>
      </testcase>
      <testcase name="[sig-node] Probing container should be restarted startup probe fails" classname="Kubernetes e2e suite" time="0">
          <skipped></skipped>
      </testcase>
      <testcase name="[sig-storage] In-tree Volumes [Driver: hostPath] [Testpattern: Dynamic PV (filesystem volmode)] multiVolume [Slow] should concurrently access the volume and its clone from pods on the same node [LinuxOnly][Feature:VolumeSnapshotDataSource][Feature:VolumeSourceXFS]" classname="Kubernetes e2e suite" time="0">
          <skipped></skipped>
      </testcase>
      <testcase name="[sig-network] Networking Granular Checks: Services should update nodePort: udp [Slow]" classname="Kubernetes e2e suite" time="0">
          <skipped></skipped>
      </testcase>
      <testcase name="[sig-storage] In-tree Volumes [Driver: local][LocalVolumeType: dir-link-bindmounted] [Testpattern: Dynamic PV (default fs)] fsgroupchangepolicy (Always)[LinuxOnly], pod created with an initial fsgroup, volume contents ownership changed in first pod, new pod with different fsgroup applied to the volume contents" classname="Kubernetes e2e suite" time="0">
          <skipped></skipped>
      </testcase>
      <testcase name="[sig-storage] In-tree Volumes [Driver: azure-disk] [Testpattern: Dynamic PV (xfs)][Slow] multiVolume [Slow] should access to two volumes with the same volume mode and retain data across pod recreation on different node" classname="Kubernetes e2e suite" time="0">
          <skipped></skipped>
      </testcase>
      <testcase name="[sig-storage] In-tree Volumes [Driver: ceph][Feature:Volumes][Serial] [Testpattern: Inline-volume (default fs)] volumes should allow exec of files on the volume" classname="Kubernetes e2e suite" time="0">
          <skipped></skipped>
      </testcase>
      <testcase name="[sig-storage] ConfigMap should be consumable from pods in volume as non-root with defaultMode and fsGroup set [LinuxOnly] [NodeFeature:FSGroup]" classname="Kubernetes e2e suite" time="0">
          <skipped></skipped>
      </testcase>
      <testcase name="[sig-storage] In-tree Volumes [Driver: local][LocalVolumeType: dir-link-bindmounted] [Testpattern: Dynamic PV (default fs)] subPath should support readOnly directory specified in the volumeMount" classname="Kubernetes e2e suite" time="0">
          <skipped></skipped>
      </testcase>
      <testcase name="[sig-storage] CSI Volumes [Driver: pd.csi.storage.gke.io][Serial] [Testpattern: Dynamic PV (block volmode)] volume-expand should not allow expansion of pvcs without AllowVolumeExpansion property" classname="Kubernetes e2e suite" time="0">
          <skipped></skipped>
      </testcase>
      <testcase name="[sig-storage] PersistentVolumes-local  [Volume type: block] Set fsGroup for local volume should set fsGroup for one pod [Slow]" classname="Kubernetes e2e suite" time="0">
          <skipped></skipped>
      </testcase>
      <testcase name="[sig-storage] In-tree Volumes [Driver: local][LocalVolumeType: dir-bindmounted] [Testpattern: Inline-volume (default fs)] volumes should store data" classname="Kubernetes e2e suite" time="0">
          <skipped></skipped>
      </testcase>
      <testcase name="[sig-storage] In-tree Volumes [Driver: windows-gcepd] [Testpattern: Dynamic PV (filesystem volmode)] multiVolume [Slow] should concurrently access the volume and its clone from pods on the same node [LinuxOnly][Feature:VolumeSnapshotDataSource][Feature:VolumeSourceXFS]" classname="Kubernetes e2e suite" time="0">
          <skipped></skipped>
      </testcase>
      <testcase name="[sig-storage] In-tree Volumes [Driver: local][LocalVolumeType: dir-link] [Testpattern: Dynamic PV (xfs)][Slow] multiVolume [Slow] should concurrently access the volume and its clone from pods on the same node [LinuxOnly][Feature:VolumeSnapshotDataSource][Feature:VolumeSourceXFS]" classname="Kubernetes e2e suite" time="0">
          <skipped></skipped>
      </testcase>
      <testcase name="[sig-storage] In-tree Volumes [Driver: azure-disk] [Testpattern: Pre-provisioned PV (default fs)] subPath should support existing single file [LinuxOnly]" classname="Kubernetes e2e suite" time="0">
          <skipped></skipped>
      </testcase>
      <testcase name="[sig-storage] CSI mock volume CSI Volume expansion should expand volume by restarting pod if attach=off, nodeExpansion=on" classname="Kubernetes e2e suite" time="0">
          <skipped></skipped>
      </testcase>
      <testcase name="[sig-storage] CSI Volumes [Driver: pd.csi.storage.gke.io][Serial] [Testpattern: Dynamic PV (default fs)] fsgroupchangepolicy (Always)[LinuxOnly], pod created with an initial fsgroup, volume contents ownership changed in first pod, new pod with same fsgroup applied to the volume contents" classname="Kubernetes e2e suite" time="0">
          <skipped></skipped>
      </testcase>
      <testcase name="[sig-storage] In-tree Volumes [Driver: emptydir] [Testpattern: Dynamic PV (default fs)] subPath should unmount if pod is gracefully deleted while kubelet is down [Disruptive][Slow][LinuxOnly]" classname="Kubernetes e2e suite" time="0">
          <skipped></skipped>
      </testcase>
      <testcase name="[sig-storage] In-tree Volumes [Driver: cinder] [Testpattern: Inline-volume (default fs)] subPath should support readOnly file specified in the volumeMount [LinuxOnly]" classname="Kubernetes e2e suite" time="0">
          <skipped></skipped>
      </testcase>
      <testcase name="[sig-storage] CSI Volumes [Driver: csi-hostpath] [Testpattern: Pre-provisioned PV (default fs)] subPath should support readOnly file specified in the volumeMount [LinuxOnly]" classname="Kubernetes e2e suite" time="0">
          <skipped></skipped>
      </testcase>
      <testcase name="[sig-storage] In-tree Volumes [Driver: iscsi][Feature:Volumes] [Testpattern: Inline-volume (xfs)][Slow] volumes should store data" classname="Kubernetes e2e suite" time="0">
          <skipped></skipped>
      </testcase>
      <testcase name="[sig-storage] CSI Volumes [Driver: pd.csi.storage.gke.io][Serial] [Testpattern: Dynamic PV (ext4)] multiVolume [Slow] should concurrently access the single volume from pods on the same node" classname="Kubernetes e2e suite" time="0">
          <skipped></skipped>
      </testcase>
      <testcase name="[sig-storage] In-tree Volumes [Driver: local][LocalVolumeType: gce-localssd-scsi-fs] [Serial] [Testpattern: Dynamic PV (ntfs)][Feature:Windows] volumes should allow exec of files on the volume" classname="Kubernetes e2e suite" time="0">
          <skipped></skipped>
      </testcase>
      <testcase name="[sig-storage] Regional PD RegionalPD should provision storage in the allowedTopologies with delayed binding [Slow]" classname="Kubernetes e2e suite" time="0">
          <skipped></skipped>
      </testcase>
      <testcase name="[sig-storage] In-tree Volumes [Driver: windows-gcepd] [Testpattern: Pre-provisioned PV (default fs)] subPath should support readOnly directory specified in the volumeMount" classname="Kubernetes e2e suite" time="0">
          <skipped></skipped>
      </testcase>
      <testcase name="[sig-storage] In-tree Volumes [Driver: cinder] [Testpattern: Dynamic PV (default fs)] subPath should verify container cannot write to subpath readonly volumes [Slow]" classname="Kubernetes e2e suite" time="0">
          <skipped></skipped>
      </testcase>
      <testcase name="[sig-storage] In-tree Volumes [Driver: local][LocalVolumeType: dir] [Testpattern: Pre-provisioned PV (filesystem volmode)] multiVolume [Slow] should concurrently access the volume and its clone from pods on the same node [LinuxOnly][Feature:VolumeSnapshotDataSource][Feature:VolumeSourceXFS]" classname="Kubernetes e2e suite" time="0">
          <skipped></skipped>
      </testcase>
      <testcase name="[sig-storage] In-tree Volumes [Driver: nfs] [Testpattern: Dynamic PV (ntfs)][Feature:Windows] subPath should support restarting containers using file as subpath [Slow][LinuxOnly]" classname="Kubernetes e2e suite" time="0">
          <skipped></skipped>
      </testcase>
      <testcase name="[sig-storage] In-tree Volumes [Driver: nfs] [Testpattern: Inline-volume (default fs)] subPath should support existing directory" classname="Kubernetes e2e suite" time="0">
          <skipped></skipped>
      </testcase>
      <testcase name="[sig-storage] In-tree Volumes [Driver: local][LocalVolumeType: dir-link-bindmounted] [Testpattern: Dynamic PV (filesystem volmode)] multiVolume [Slow] should concurrently access the volume and restored snapshot from pods on the same node [LinuxOnly][Feature:VolumeSnapshotDataSource][Feature:VolumeSourceXFS]" classname="Kubernetes e2e suite" time="0">
          <skipped></skipped>
      </testcase>
      <testcase name="[sig-storage] In-tree Volumes [Driver: local][LocalVolumeType: dir-link-bindmounted] [Testpattern: Dynamic PV (filesystem volmode)] multiVolume [Slow] should access to two volumes with different volume mode and retain data across pod recreation on the same node" classname="Kubernetes e2e suite" time="0">
          <skipped></skipped>
      </testcase>
      <testcase name="[sig-storage] In-tree Volumes [Driver: hostPath] [Testpattern: Dynamic PV (default fs)] volume-stress multiple pods should access different volumes repeatedly [Slow] [Serial]" classname="Kubernetes e2e suite" time="0">
          <skipped></skipped>
      </testcase>
      <testcase name="[sig-storage] In-tree Volumes [Driver: azure-disk] [Testpattern: Dynamic PV (default fs)] subPath should support file as subpath [LinuxOnly]" classname="Kubernetes e2e suite" time="0">
          <skipped></skipped>
      </testcase>
      <testcase name="[sig-storage] In-tree Volumes [Driver: local][LocalVolumeType: blockfs] [Testpattern: Pre-provisioned PV (filesystem volmode)] multiVolume [Slow] should concurrently access the single read-only volume from pods on the same node" classname="Kubernetes e2e suite" time="0">
          <skipped></skipped>
      </testcase>
      <testcase name="[sig-storage] In-tree Volumes [Driver: local][LocalVolumeType: gce-localssd-scsi-fs] [Serial] [Testpattern: Dynamic PV (xfs)][Slow] volumes should allow exec of files on the volume" classname="Kubernetes e2e suite" time="0">
          <skipped></skipped>
      </testcase>
      <testcase name="[sig-storage] In-tree Volumes [Driver: iscsi][Feature:Volumes] [Testpattern: Inline-volume (default fs)] subPath should support existing single file [LinuxOnly]" classname="Kubernetes e2e suite" time="0">
          <skipped></skipped>
      </testcase>
      <testcase name="[sig-storage] In-tree Volumes [Driver: iscsi][Feature:Volumes] [Testpattern: Dynamic PV (block volmode)] provisioning should provision storage with pvc data source" classname="Kubernetes e2e suite" time="0">
          <skipped></skipped>
      </testcase>
      <testcase name="[sig-storage] In-tree Volumes [Driver: emptydir] [Testpattern: Dynamic PV (filesystem volmode)] volumeMode should fail to use a volume in a pod with mismatched mode [Slow]" classname="Kubernetes e2e suite" time="0">
          <skipped></skipped>
      </testcase>
      <testcase name="[sig-storage] In-tree Volumes [Driver: aws] [Testpattern: Pre-provisioned PV (default fs)] subPath should support readOnly file specified in the volumeMount [LinuxOnly]" classname="Kubernetes e2e suite" time="0">
          <skipped></skipped>
      </testcase>
      <testcase name="[sig-storage] In-tree Volumes [Driver: emptydir] [Testpattern: Pre-provisioned PV (default fs)] volumeIO should write files of various sizes, verify size, validate content [Slow][LinuxOnly]" classname="Kubernetes e2e suite" time="0">
          <skipped></skipped>
      </testcase>
      <testcase name="[sig-storage] PersistentVolumes-local  [Volume type: dir] Set fsGroup for local volume should set same fsGroup for two pods simultaneously [Slow]" classname="Kubernetes e2e suite" time="0">
          <skipped></skipped>
      </testcase>
      <testcase name="[sig-storage] In-tree Volumes [Driver: gcepd] [Testpattern: Dynamic PV (default fs)] fsgroupchangepolicy (OnRootMismatch)[LinuxOnly], pod created with an initial fsgroup, volume contents ownership changed in first pod, new pod with same fsgroup skips ownership changes to the volume contents" classname="Kubernetes e2e suite" time="0">
          <skipped></skipped>
      </testcase>
      <testcase name="[sig-storage] In-tree Volumes [Driver: nfs] [Testpattern: Inline-volume (default fs)] volumes should store data" classname="Kubernetes e2e suite" time="0">
          <skipped></skipped>
      </testcase>
      <testcase name="[sig-storage] In-tree Volumes [Driver: gcepd] [Testpattern: Dynamic PV (ntfs)][Feature:Windows] volumes should allow exec of files on the volume" classname="Kubernetes e2e suite" time="0">
          <skipped></skipped>
      </testcase>
      <testcase name="[sig-storage] In-tree Volumes [Driver: cinder] [Testpattern: Inline-volume (default fs)] subPath should support creating multiple subpath from same volumes [Slow]" classname="Kubernetes e2e suite" time="0">
          <skipped></skipped>
      </testcase>
      <testcase name="[sig-instrumentation] Events should ensure that an event can be fetched, patched, deleted, and listed [Conformance]" classname="Kubernetes e2e suite" time="0.357310473"></testcase>
      <testcase name="[sig-storage] In-tree Volumes [Driver: iscsi][Feature:Volumes] [Testpattern: Dynamic PV (ext4)] multiVolume [Slow] should concurrently access the volume and restored snapshot from pods on the same node [LinuxOnly][Feature:VolumeSnapshotDataSource][Feature:VolumeSourceXFS]" classname="Kubernetes e2e suite" time="0">
          <skipped></skipped>
      </testcase>
      <testcase name="[sig-storage] In-tree Volumes [Driver: hostPathSymlink] [Testpattern: Dynamic PV (default fs)] provisioning should provision storage with mount options" classname="Kubernetes e2e suite" time="0">
          <skipped></skipped>
      </testcase>
      <testcase name="[sig-storage] In-tree Volumes [Driver: windows-gcepd] [Testpattern: Dynamic PV (default fs)] subPath should support existing single file [LinuxOnly]" classname="Kubernetes e2e suite" time="0">
          <skipped></skipped>
      </testcase>
      <testcase name="[sig-storage] In-tree Volumes [Driver: local][LocalVolumeType: dir-link] [Testpattern: Pre-provisioned PV (block volmode)] volumes should store data" classname="Kubernetes e2e suite" time="0">
          <skipped></skipped>
      </testcase>
      <testcase name="[sig-storage] In-tree Volumes [Driver: emptydir] [Testpattern: Dynamic PV (default fs)] subPath should support existing single file [LinuxOnly]" classname="Kubernetes e2e suite" time="0">
          <skipped></skipped>
      </testcase>
      <testcase name="[sig-storage] CSI Volumes [Driver: pd.csi.storage.gke.io][Serial] [Testpattern: Inline-volume (default fs)] subPath should support restarting containers using directory as subpath [Slow]" classname="Kubernetes e2e suite" time="0">
          <skipped></skipped>
      </testcase>
      <testcase name="[sig-storage] In-tree Volumes [Driver: vsphere] [Testpattern: Dynamic PV (ntfs)][Feature:Windows] provisioning should provision storage with pvc data source in parallel [Slow]" classname="Kubernetes e2e suite" time="0">
          <skipped></skipped>
      </testcase>
      <testcase name="[sig-storage] In-tree Volumes [Driver: vsphere] [Testpattern: Dynamic PV (ntfs)][Feature:Windows] subPath should support readOnly file specified in the volumeMount [LinuxOnly]" classname="Kubernetes e2e suite" time="0">
          <skipped></skipped>
      </testcase>
      <testcase name="[sig-storage] In-tree Volumes [Driver: aws] [Testpattern: Pre-provisioned PV (block volmode)] multiVolume [Slow] should access to two volumes with the same volume mode and retain data across pod recreation on different node" classname="Kubernetes e2e suite" time="0">
          <skipped></skipped>
      </testcase>
      <testcase name="[sig-storage] In-tree Volumes [Driver: vsphere] [Testpattern: Pre-provisioned PV (block volmode)] disruptive[Disruptive][LinuxOnly] Should test that pv written before kubelet restart is readable after restart." classname="Kubernetes e2e suite" time="0">
          <skipped></skipped>
      </testcase>
      <testcase name="[sig-storage] PersistentVolumes-local  [Volume type: blockfswithoutformat] Two pods mounting a local volume one after the other should be able to write from pod1 and read from pod2" classname="Kubernetes e2e suite" time="0">
          <skipped></skipped>
      </testcase>
      <testcase name="[sig-storage] In-tree Volumes [Driver: local][LocalVolumeType: tmpfs] [Testpattern: Pre-provisioned PV (filesystem volmode)] multiVolume [Slow] should concurrently access the single volume from pods on the same node" classname="Kubernetes e2e suite" time="0">
          <skipped></skipped>
      </testcase>
      <testcase name="[sig-storage] In-tree Volumes [Driver: hostPathSymlink] [Testpattern: Pre-provisioned PV (block volmode)] multiVolume [Slow] should concurrently access the volume and restored snapshot from pods on the same node [LinuxOnly][Feature:VolumeSnapshotDataSource][Feature:VolumeSourceXFS]" classname="Kubernetes e2e suite" time="0">
          <skipped></skipped>
      </testcase>
      <testcase name="[sig-storage] In-tree Volumes [Driver: hostPathSymlink] [Testpattern: Inline-volume (default fs)] subPath should verify container cannot write to subpath readonly volumes [Slow]" classname="Kubernetes e2e suite" time="0">
          <skipped></skipped>
      </testcase>
      <testcase name="[sig-storage] In-tree Volumes [Driver: local][LocalVolumeType: gce-localssd-scsi-fs] [Serial] [Testpattern: Dynamic PV (ntfs)][Feature:Windows] provisioning should provision storage with snapshot data source [Feature:VolumeSnapshotDataSource]" classname="Kubernetes e2e suite" time="0">
          <skipped></skipped>
      </testcase>
      <testcase name="[sig-storage] Zone Support [Feature:vsphere] Verify a pod is created and attached to a dynamically created PV with storage policy specified in storage class in waitForFirstConsumer binding mode with allowedTopologies" classname="Kubernetes e2e suite" time="0">
          <skipped></skipped>
      </testcase>
      <testcase name="[sig-cluster-lifecycle] [Feature:BootstrapTokens] should delete the token secret when the secret expired" classname="Kubernetes e2e suite" time="0">
          <skipped></skipped>
      </testcase>
      <testcase name="[sig-storage] In-tree Volumes [Driver: gluster] [Testpattern: Dynamic PV (block volmode)] volume-stress multiple pods should access different volumes repeatedly [Slow] [Serial]" classname="Kubernetes e2e suite" time="0">
          <skipped></skipped>
      </testcase>
      <testcase name="[sig-storage] In-tree Volumes [Driver: local][LocalVolumeType: dir-bindmounted] [Testpattern: Dynamic PV (block volmode)] volume-stress multiple pods should access different volumes repeatedly [Slow] [Serial]" classname="Kubernetes e2e suite" time="0">
          <skipped></skipped>
      </testcase>
      <testcase name="[sig-storage] In-tree Volumes [Driver: gcepd] [Testpattern: Pre-provisioned PV (default fs)] subPath should support existing directories when readOnly specified in the volumeSource" classname="Kubernetes e2e suite" time="0">
          <skipped></skipped>
      </testcase>
      <testcase name="[sig-storage] In-tree Volumes [Driver: local][LocalVolumeType: dir-bindmounted] [Testpattern: Dynamic PV (block volmode)] multiVolume [Slow] should concurrently access the volume and restored snapshot from pods on the same node [LinuxOnly][Feature:VolumeSnapshotDataSource][Feature:VolumeSourceXFS]" classname="Kubernetes e2e suite" time="0">
          <skipped></skipped>
      </testcase>
      <testcase name="[sig-storage] In-tree Volumes [Driver: local][LocalVolumeType: dir-bindmounted] [Testpattern: Pre-provisioned PV (ext4)] volumes should store data" classname="Kubernetes e2e suite" time="0">
          <skipped></skipped>
      </testcase>
      <testcase name="[sig-storage] In-tree Volumes [Driver: local][LocalVolumeType: dir-link-bindmounted] [Testpattern: Pre-provisioned PV (default fs)] subPath should fail if subpath directory is outside the volume [Slow][LinuxOnly]" classname="Kubernetes e2e suite" time="0">
          <skipped></skipped>
      </testcase>
      <testcase name="[sig-storage] In-tree Volumes [Driver: aws] [Testpattern: Inline-volume (ext4)] volumes should store data" classname="Kubernetes e2e suite" time="0">
          <skipped></skipped>
      </testcase>
      <testcase name="[sig-storage] HostPathType Block Device [Slow] Should fail on mounting block device &#39;ablkdev&#39; when HostPathType is HostPathSocket" classname="Kubernetes e2e suite" time="0">
          <skipped></skipped>
      </testcase>
      <testcase name="[sig-storage] In-tree Volumes [Driver: vsphere] [Testpattern: Dynamic PV (ntfs)(allowExpansion)][Feature:Windows] volume-expand should resize volume when PVC is edited while pod is using it" classname="Kubernetes e2e suite" time="0">
          <skipped></skipped>
      </testcase>
      <testcase name="[sig-storage] In-tree Volumes [Driver: ceph][Feature:Volumes][Serial] [Testpattern: Inline-volume (default fs)] subPath should support file as subpath [LinuxOnly]" classname="Kubernetes e2e suite" time="0">
          <skipped></skipped>
      </testcase>
      <testcase name="[sig-storage] In-tree Volumes [Driver: hostPathSymlink] [Testpattern: Inline-volume (xfs)][Slow] volumes should store data" classname="Kubernetes e2e suite" time="0">
          <skipped></skipped>
      </testcase>
      <testcase name="[sig-storage] In-tree Volumes [Driver: local][LocalVolumeType: dir-link-bindmounted] [Testpattern: Inline-volume (default fs)] subPath should support restarting containers using directory as subpath [Slow]" classname="Kubernetes e2e suite" time="0">
          <skipped></skipped>
      </testcase>
      <testcase name="[sig-storage] In-tree Volumes [Driver: local][LocalVolumeType: dir-link-bindmounted] [Testpattern: Dynamic PV (default fs)] subPath should support existing directories when readOnly specified in the volumeSource" classname="Kubernetes e2e suite" time="0">
          <skipped></skipped>
      </testcase>
      <testcase name="[sig-storage] In-tree Volumes [Driver: local][LocalVolumeType: blockfs] [Testpattern: Pre-provisioned PV (default fs)] subPath should support existing single file [LinuxOnly]" classname="Kubernetes e2e suite" time="0">
          <skipped></skipped>
      </testcase>
      <testcase name="[sig-storage] In-tree Volumes [Driver: aws] [Testpattern: Dynamic PV (filesystem volmode)] multiVolume [Slow] should concurrently access the volume and restored snapshot from pods on the same node [LinuxOnly][Feature:VolumeSnapshotDataSource][Feature:VolumeSourceXFS]" classname="Kubernetes e2e suite" time="0">
          <skipped></skipped>
      </testcase>
      <testcase name="[sig-apps] Deployment RollingUpdateDeployment should delete old pods and create new ones [Conformance]" classname="Kubernetes e2e suite" time="7.146180263"></testcase>
      <testcase name="[sig-storage] In-tree Volumes [Driver: local][LocalVolumeType: blockfs] [Testpattern: Dynamic PV (ext4)] multiVolume [Slow] should access to two volumes with the same volume mode and retain data across pod recreation on different node" classname="Kubernetes e2e suite" time="0">
          <skipped></skipped>
      </testcase>
      <testcase name="[sig-storage] CSI Volumes [Driver: csi-hostpath] [Testpattern: Dynamic PV (ext4)] multiVolume [Slow] should access to two volumes with the same volume mode and retain data across pod recreation on different node" classname="Kubernetes e2e suite" time="0">
          <skipped></skipped>
      </testcase>
      <testcase name="[sig-storage] In-tree Volumes [Driver: azure-disk] [Testpattern: Dynamic PV (default fs)] fsgroupchangepolicy (Always)[LinuxOnly], pod created with an initial fsgroup, volume contents ownership changed in first pod, new pod with same fsgroup applied to the volume contents" classname="Kubernetes e2e suite" time="0">
          <skipped></skipped>
      </testcase>
      <testcase name="[sig-storage] In-tree Volumes [Driver: cinder] [Testpattern: Inline-volume (xfs)][Slow] volumes should allow exec of files on the volume" classname="Kubernetes e2e suite" time="0">
          <skipped></skipped>
      </testcase>
      <testcase name="[sig-storage] In-tree Volumes [Driver: local][LocalVolumeType: gce-localssd-scsi-fs] [Serial] [Testpattern: Dynamic PV (ntfs)][Feature:Windows] subPath should support restarting containers using file as subpath [Slow][LinuxOnly]" classname="Kubernetes e2e suite" time="0">
          <skipped></skipped>
      </testcase>
      <testcase name="[sig-storage] In-tree Volumes [Driver: nfs] [Testpattern: Inline-volume (ext3)] volumes should allow exec of files on the volume" classname="Kubernetes e2e suite" time="0">
          <skipped></skipped>
      </testcase>
      <testcase name="[sig-apps] ReplicationController should surface a failure condition on a common issue like exceeded quota [Conformance]" classname="Kubernetes e2e suite" time="2.177974011"></testcase>
      <testcase name="[sig-storage] In-tree Volumes [Driver: ceph][Feature:Volumes][Serial] [Testpattern: Pre-provisioned PV (block volmode)] multiVolume [Slow] should access to two volumes with different volume mode and retain data across pod recreation on different node" classname="Kubernetes e2e suite" time="0">
          <skipped></skipped>
      </testcase>
      <testcase name="[sig-network] NetworkPolicyLegacy [LinuxOnly] NetworkPolicy between server and client should allow ingress access from namespace on one named port [Feature:NetworkPolicy]" classname="Kubernetes e2e suite" time="0">
          <skipped></skipped>
      </testcase>
      <testcase name="[sig-storage] In-tree Volumes [Driver: local][LocalVolumeType: dir] [Testpattern: Pre-provisioned PV (filesystem volmode)] volumeMode should fail to use a volume in a pod with mismatched mode [Slow]" classname="Kubernetes e2e suite" time="0">
          <skipped></skipped>
      </testcase>
      <testcase name="[sig-autoscaling] Cluster size autoscaler scalability [Slow] shouldn&#39;t scale down with underutilized nodes due to host port conflicts [Feature:ClusterAutoscalerScalability5]" classname="Kubernetes e2e suite" time="0">
          <skipped></skipped>
      </testcase>
      <testcase name="[sig-storage] In-tree Volumes [Driver: local][LocalVolumeType: dir-link-bindmounted] [Testpattern: Pre-provisioned PV (filesystem volmode)] volumeMode should not mount / map unused volumes in a pod [LinuxOnly]" classname="Kubernetes e2e suite" time="0">
          <skipped></skipped>
      </testcase>
      <testcase name="[sig-storage] In-tree Volumes [Driver: ceph][Feature:Volumes][Serial] [Testpattern: Inline-volume (ext4)] volumes should allow exec of files on the volume" classname="Kubernetes e2e suite" time="0">
          <skipped></skipped>
      </testcase>
      <testcase name="[sig-storage] In-tree Volumes [Driver: iscsi][Feature:Volumes] [Testpattern: Dynamic PV (filesystem volmode)] multiVolume [Slow] should access to two volumes with the same volume mode and retain data across pod recreation on the same node" classname="Kubernetes e2e suite" time="0">
          <skipped></skipped>
      </testcase>
      <testcase name="[sig-storage] In-tree Volumes [Driver: hostPath] [Testpattern: Dynamic PV (block volmode)] volumes should store data" classname="Kubernetes e2e suite" time="0">
          <skipped></skipped>
      </testcase>
      <testcase name="[sig-storage] In-tree Volumes [Driver: nfs] [Testpattern: Pre-provisioned PV (default fs)] subPath should fail if subpath with backstepping is outside the volume [Slow][LinuxOnly]" classname="Kubernetes e2e suite" time="0">
          <skipped></skipped>
      </testcase>
      <testcase name="[sig-storage] In-tree Volumes [Driver: local][LocalVolumeType: dir-bindmounted] [Testpattern: Dynamic PV (filesystem volmode)] volumeLimits should verify that all csinodes have volume limits" classname="Kubernetes e2e suite" time="0">
          <skipped></skipped>
      </testcase>
      <testcase name="[sig-storage] In-tree Volumes [Driver: cinder] [Testpattern: Inline-volume (ntfs)][Feature:Windows] volumes should allow exec of files on the volume" classname="Kubernetes e2e suite" time="0">
          <skipped></skipped>
      </testcase>
      <testcase name="[sig-storage] In-tree Volumes [Driver: ceph][Feature:Volumes][Serial] [Testpattern: Pre-provisioned PV (default fs)] volumes should store data" classname="Kubernetes e2e suite" time="0">
          <skipped></skipped>
      </testcase>
      <testcase name="[sig-storage] In-tree Volumes [Driver: local][LocalVolumeType: tmpfs] [Testpattern: Pre-provisioned PV (default fs)] subPath should unmount if pod is force deleted while kubelet is down [Disruptive][Slow][LinuxOnly]" classname="Kubernetes e2e suite" time="0">
          <skipped></skipped>
      </testcase>
      <testcase name="[sig-storage] In-tree Volumes [Driver: local][LocalVolumeType: dir-link] [Testpattern: Dynamic PV (default fs)] volume-expand should not allow expansion of pvcs without AllowVolumeExpansion property" classname="Kubernetes e2e suite" time="0">
          <skipped></skipped>
      </testcase>
      <testcase name="[sig-apps] Job should run a job to completion when tasks succeed" classname="Kubernetes e2e suite" time="0">
          <skipped></skipped>
      </testcase>
      <testcase name="[sig-storage] In-tree Volumes [Driver: local][LocalVolumeType: gce-localssd-scsi-fs] [Serial] [Testpattern: Inline-volume (default fs)] subPath should support file as subpath [LinuxOnly]" classname="Kubernetes e2e suite" time="0">
          <skipped></skipped>
      </testcase>
      <testcase name="[sig-storage] Projected downwardAPI should provide node allocatable (cpu) as default cpu limit if the limit is not set [NodeConformance] [Conformance]" classname="Kubernetes e2e suite" time="2.171907431"></testcase>
      <testcase name="[sig-storage] In-tree Volumes [Driver: local][LocalVolumeType: block] [Testpattern: Dynamic PV (ntfs)][Feature:Windows] subPath should support readOnly directory specified in the volumeMount" classname="Kubernetes e2e suite" time="0">
          <skipped></skipped>
      </testcase>
      <testcase name="[sig-storage] In-tree Volumes [Driver: local][LocalVolumeType: gce-localssd-scsi-fs] [Serial] [Testpattern: Pre-provisioned PV (filesystem volmode)] multiVolume [Slow] should access to two volumes with the same volume mode and retain data across pod recreation on the same node" classname="Kubernetes e2e suite" time="0">
          <skipped></skipped>
      </testcase>
      <testcase name="[sig-storage] NFSPersistentVolumes[Disruptive][Flaky] when kubelet restarts Should test that a volume mounted to a pod that is deleted while the kubelet is down unmounts when the kubelet returns." classname="Kubernetes e2e suite" time="0">
          <skipped></skipped>
      </testcase>
      <testcase name="[sig-storage] CSI Volumes [Driver: csi-hostpath] [Testpattern: Pre-provisioned PV (default fs)] subPath should support creating multiple subpath from same volumes [Slow]" classname="Kubernetes e2e suite" time="0">
          <skipped></skipped>
      </testcase>
      <testcase name="[sig-storage] In-tree Volumes [Driver: local][LocalVolumeType: tmpfs] [Testpattern: Inline-volume (ext3)] volumes should allow exec of files on the volume" classname="Kubernetes e2e suite" time="0">
          <skipped></skipped>
      </testcase>
      <testcase name="[sig-storage] In-tree Volumes [Driver: iscsi][Feature:Volumes] [Testpattern: Inline-volume (default fs)] subPath should fail if subpath file is outside the volume [Slow][LinuxOnly]" classname="Kubernetes e2e suite" time="0">
          <skipped></skipped>
      </testcase>
      <testcase name="[sig-storage] In-tree Volumes [Driver: vsphere] [Testpattern: Dynamic PV (default fs)] subPath should support restarting containers using directory as subpath [Slow]" classname="Kubernetes e2e suite" time="0">
          <skipped></skipped>
      </testcase>
      <testcase name="[sig-storage] In-tree Volumes [Driver: local][LocalVolumeType: blockfs] [Testpattern: Dynamic PV (default fs)] fsgroupchangepolicy (OnRootMismatch)[LinuxOnly], pod created with an initial fsgroup, volume contents ownership changed in first pod, new pod with same fsgroup skips ownership changes to the volume contents" classname="Kubernetes e2e suite" time="0">
          <skipped></skipped>
      </testcase>
      <testcase name="[sig-scheduling] SchedulerPreemption [Serial] validates lower priority pod preemption by critical pod [Conformance]" classname="Kubernetes e2e suite" time="68.285980164"></testcase>
      <testcase name="[sig-storage] In-tree Volumes [Driver: emptydir] [Testpattern: Dynamic PV (default fs)] subPath should support readOnly directory specified in the volumeMount" classname="Kubernetes e2e suite" time="0">
          <skipped></skipped>
      </testcase>
      <testcase name="[sig-storage] In-tree Volumes [Driver: rbd][Feature:Volumes][Serial] [Testpattern: Dynamic PV (xfs)][Slow] multiVolume [Slow] should concurrently access the volume and its clone from pods on the same node [LinuxOnly][Feature:VolumeSnapshotDataSource][Feature:VolumeSourceXFS]" classname="Kubernetes e2e suite" time="0">
          <skipped></skipped>
      </testcase>
      <testcase name="[sig-storage] In-tree Volumes [Driver: azure-disk] [Testpattern: Pre-provisioned PV (default fs)] subPath should verify container cannot write to subpath readonly volumes [Slow]" classname="Kubernetes e2e suite" time="0">
          <skipped></skipped>
      </testcase>
      <testcase name="[sig-storage] CSI Volumes [Driver: csi-hostpath] [Testpattern: Dynamic PV (xfs)][Slow] multiVolume [Slow] should concurrently access the single read-only volume from pods on the same node" classname="Kubernetes e2e suite" time="0">
          <skipped></skipped>
      </testcase>
      <testcase name="[sig-storage] In-tree Volumes [Driver: vsphere] [Testpattern: Dynamic PV (ntfs)][Feature:Windows] subPath should verify container cannot write to subpath readonly volumes [Slow]" classname="Kubernetes e2e suite" time="0">
          <skipped></skipped>
      </testcase>
      <testcase name="[sig-storage] In-tree Volumes [Driver: gluster] [Testpattern: Dynamic PV (ntfs)][Feature:Windows] volumes should allow exec of files on the volume" classname="Kubernetes e2e suite" time="0">
          <skipped></skipped>
      </testcase>
      <testcase name="[sig-node] Pods should be updated [NodeConformance] [Conformance]" classname="Kubernetes e2e suite" time="2.623856673"></testcase>
      <testcase name="[sig-storage] CSI Volumes [Driver: csi-hostpath] [Testpattern: Pre-provisioned PV (default fs)] subPath should support existing directory" classname="Kubernetes e2e suite" time="0">
          <skipped></skipped>
      </testcase>
      <testcase name="[sig-storage] In-tree Volumes [Driver: nfs] [Testpattern: Inline-volume (default fs)] subPath should fail if subpath directory is outside the volume [Slow][LinuxOnly]" classname="Kubernetes e2e suite" time="0">
          <skipped></skipped>
      </testcase>
      <testcase name="[sig-storage] In-tree Volumes [Driver: hostPathSymlink] [Testpattern: Dynamic PV (ntfs)][Feature:Windows] subPath should unmount if pod is gracefully deleted while kubelet is down [Disruptive][Slow][LinuxOnly]" classname="Kubernetes e2e suite" time="0">
          <skipped></skipped>
      </testcase>
      <testcase name="[sig-storage] In-tree Volumes [Driver: windows-gcepd] [Testpattern: Dynamic PV (filesystem volmode)] multiVolume [Slow] should concurrently access the single volume from pods on the same node" classname="Kubernetes e2e suite" time="0">
          <skipped></skipped>
      </testcase>
      <testcase name="[sig-storage] In-tree Volumes [Driver: gluster] [Testpattern: Dynamic PV (ntfs)][Feature:Windows] provisioning should provision storage with pvc data source" classname="Kubernetes e2e suite" time="0">
          <skipped></skipped>
      </testcase>
      <testcase name="[sig-storage] In-tree Volumes [Driver: local][LocalVolumeType: dir-link-bindmounted] [Testpattern: Dynamic PV (ext4)] multiVolume [Slow] should access to two volumes with different volume mode and retain data across pod recreation on the same node" classname="Kubernetes e2e suite" time="0">
          <skipped></skipped>
      </testcase>
      <testcase name="[sig-network] EndpointSliceMirroring should mirror a custom Endpoints resource through create update and delete [Conformance]" classname="Kubernetes e2e suite" time="6.136064632"></testcase>
      <testcase name="[sig-storage] In-tree Volumes [Driver: hostPath] [Testpattern: Dynamic PV (block volmode)] provisioning should provision storage with pvc data source in parallel [Slow]" classname="Kubernetes e2e suite" time="0">
          <skipped></skipped>
      </testcase>
      <testcase name="[sig-storage] In-tree Volumes [Driver: hostPath] [Testpattern: Inline-volume (default fs)] volumes should allow exec of files on the volume" classname="Kubernetes e2e suite" time="0">
          <skipped></skipped>
      </testcase>
      <testcase name="[sig-storage] In-tree Volumes [Driver: vsphere] [Testpattern: Dynamic PV (filesystem volmode)] disruptive[Disruptive][LinuxOnly] Should test that pv written before kubelet restart is readable after restart." classname="Kubernetes e2e suite" time="0">
          <skipped></skipped>
      </testcase>
      <testcase name="[sig-storage] In-tree Volumes [Driver: gluster] [Testpattern: Dynamic PV (ntfs)][Feature:Windows] subPath should support restarting containers using directory as subpath [Slow]" classname="Kubernetes e2e suite" time="0">
          <skipped></skipped>
      </testcase>
      <testcase name="[sig-storage] In-tree Volumes [Driver: local][LocalVolumeType: tmpfs] [Testpattern: Pre-provisioned PV (default fs)] subPath should fail if subpath with backstepping is outside the volume [Slow][LinuxOnly]" classname="Kubernetes e2e suite" time="0">
          <skipped></skipped>
      </testcase>
      <testcase name="[sig-storage] In-tree Volumes [Driver: gluster] [Testpattern: Inline-volume (default fs)] subPath should support existing directory" classname="Kubernetes e2e suite" time="0">
          <skipped></skipped>
      </testcase>
      <testcase name="[sig-storage] In-tree Volumes [Driver: gcepd] [Testpattern: Dynamic PV (default fs)] subPath should fail if subpath file is outside the volume [Slow][LinuxOnly]" classname="Kubernetes e2e suite" time="0">
          <skipped></skipped>
      </testcase>
      <testcase name="[sig-node] Secrets should fail to create secret due to empty secret key [Conformance]" classname="Kubernetes e2e suite" time="0.058771794"></testcase>
      <testcase name="[sig-storage] In-tree Volumes [Driver: gcepd] [Testpattern: Dynamic PV (block volmode)] multiVolume [Slow] should access to two volumes with the same volume mode and retain data across pod recreation on different node" classname="Kubernetes e2e suite" time="0">
          <skipped></skipped>
      </testcase>
      <testcase name="[sig-storage] CSI Volumes [Driver: csi-hostpath] [Testpattern: Pre-provisioned PV (block volmode)] volumes should store data" classname="Kubernetes e2e suite" time="0">
          <skipped></skipped>
      </testcase>
      <testcase name="[sig-apps] Job should not create pods when created in suspend state" classname="Kubernetes e2e suite" time="0">
          <skipped></skipped>
      </testcase>
      <testcase name="[sig-storage] In-tree Volumes [Driver: cinder] [Testpattern: Inline-volume (default fs)] subPath should unmount if pod is force deleted while kubelet is down [Disruptive][Slow][LinuxOnly]" classname="Kubernetes e2e suite" time="0">
          <skipped></skipped>
      </testcase>
      <testcase name="[sig-api-machinery] ResourceQuota should create a ResourceQuota and capture the life of a persistent volume claim with a storage class" classname="Kubernetes e2e suite" time="0">
          <skipped></skipped>
      </testcase>
      <testcase name="[sig-storage] In-tree Volumes [Driver: hostPath] [Testpattern: Dynamic PV (xfs)][Slow] multiVolume [Slow] should concurrently access the single volume from pods on different node" classname="Kubernetes e2e suite" time="0">
          <skipped></skipped>
      </testcase>
      <testcase name="[sig-storage] CSI Volumes [Driver: pd.csi.storage.gke.io][Serial] [Testpattern: Pre-provisioned PV (default fs)] subPath should unmount if pod is gracefully deleted while kubelet is down [Disruptive][Slow][LinuxOnly]" classname="Kubernetes e2e suite" time="0">
          <skipped></skipped>
      </testcase>
      <testcase name="[sig-storage] CSI Volumes [Driver: csi-hostpath] [Testpattern: Inline-volume (ext3)] volumes should allow exec of files on the volume" classname="Kubernetes e2e suite" time="0">
          <skipped></skipped>
      </testcase>
      <testcase name="[sig-storage] In-tree Volumes [Driver: local][LocalVolumeType: blockfs] [Testpattern: Dynamic PV (default fs)] fsgroupchangepolicy (Always)[LinuxOnly], pod created with an initial fsgroup, new pod fsgroup applied to volume contents" classname="Kubernetes e2e suite" time="0">
          <skipped></skipped>
      </testcase>
      <testcase name="[sig-storage] In-tree Volumes [Driver: vsphere] [Testpattern: Inline-volume (default fs)] subPath should support non-existent path" classname="Kubernetes e2e suite" time="0">
          <skipped></skipped>
      </testcase>
      <testcase name="[sig-storage] In-tree Volumes [Driver: azure-disk] [Testpattern: Dynamic PV (block volmode)] disruptive[Disruptive][LinuxOnly] Should test that pv used in a pod that is force deleted while the kubelet is down cleans up when the kubelet returns." classname="Kubernetes e2e suite" time="0">
          <skipped></skipped>
      </testcase>
      <testcase name="[sig-apps] CronJob should delete failed finished jobs with limit of one job" classname="Kubernetes e2e suite" time="0">
          <skipped></skipped>
      </testcase>
      <testcase name="[sig-storage] In-tree Volumes [Driver: emptydir] [Testpattern: Pre-provisioned PV (default fs)] subPath should support restarting containers using file as subpath [Slow][LinuxOnly]" classname="Kubernetes e2e suite" time="0">
          <skipped></skipped>
      </testcase>
      <testcase name="[sig-storage] In-tree Volumes [Driver: cinder] [Testpattern: Inline-volume (default fs)] subPath should support existing directory" classname="Kubernetes e2e suite" time="0">
          <skipped></skipped>
      </testcase>
      <testcase name="[sig-apps] DaemonRestart [Disruptive] Kubelet should not restart containers across restart" classname="Kubernetes e2e suite" time="0">
          <skipped></skipped>
      </testcase>
      <testcase name="[sig-storage] In-tree Volumes [Driver: emptydir] [Testpattern: Inline-volume (ext4)] volumes should allow exec of files on the volume" classname="Kubernetes e2e suite" time="0">
          <skipped></skipped>
      </testcase>
      <testcase name="[sig-storage] In-tree Volumes [Driver: vsphere] [Testpattern: Pre-provisioned PV (default fs)] subPath should fail if subpath with backstepping is outside the volume [Slow][LinuxOnly]" classname="Kubernetes e2e suite" time="0">
          <skipped></skipped>
      </testcase>
      <testcase name="[sig-storage] In-tree Volumes [Driver: local][LocalVolumeType: block] [Testpattern: Pre-provisioned PV (ext3)] volumes should allow exec of files on the volume" classname="Kubernetes e2e suite" time="0">
          <skipped></skipped>
      </testcase>
      <testcase name="[sig-storage] In-tree Volumes [Driver: local][LocalVolumeType: dir-link-bindmounted] [Testpattern: Dynamic PV (ntfs)][Feature:Windows] subPath should support existing directories when readOnly specified in the volumeSource" classname="Kubernetes e2e suite" time="0">
          <skipped></skipped>
      </testcase>
      <testcase name="[sig-storage] Multi-AZ Cluster Volumes should schedule pods in the same zones as statically provisioned PVs" classname="Kubernetes e2e suite" time="0">
          <skipped></skipped>
      </testcase>
      <testcase name="[sig-storage] In-tree Volumes [Driver: local][LocalVolumeType: gce-localssd-scsi-fs] [Serial] [Testpattern: Dynamic PV (filesystem volmode)] multiVolume [Slow] should concurrently access the single volume from pods on the same node" classname="Kubernetes e2e suite" time="0">
          <skipped></skipped>
      </testcase>
      <testcase name="[sig-storage] In-tree Volumes [Driver: iscsi][Feature:Volumes] [Testpattern: Dynamic PV (default fs)] subPath should support readOnly file specified in the volumeMount [LinuxOnly]" classname="Kubernetes e2e suite" time="0">
          <skipped></skipped>
      </testcase>
      <testcase name="[sig-storage] In-tree Volumes [Driver: gluster] [Testpattern: Inline-volume (ntfs)][Feature:Windows] volumes should store data" classname="Kubernetes e2e suite" time="0">
          <skipped></skipped>
      </testcase>
      <testcase name="[sig-storage] PersistentVolumes-local  Pod with node different from PV&#39;s NodeAffinity should fail scheduling due to different NodeAffinity" classname="Kubernetes e2e suite" time="0">
          <skipped></skipped>
      </testcase>
      <testcase name="[sig-storage] CSI Volumes [Driver: pd.csi.storage.gke.io][Serial] [Testpattern: Generic Ephemeral-volume (default fs) (late-binding)] ephemeral should create read/write inline ephemeral volume" classname="Kubernetes e2e suite" time="0">
          <skipped></skipped>
      </testcase>
      <testcase name="[sig-storage] In-tree Volumes [Driver: local][LocalVolumeType: dir-bindmounted] [Testpattern: Inline-volume (default fs)] volumeIO should write files of various sizes, verify size, validate content [Slow][LinuxOnly]" classname="Kubernetes e2e suite" time="0">
          <skipped></skipped>
      </testcase>
      <testcase name="[sig-storage] CSI Volumes [Driver: csi-hostpath] [Testpattern: Generic Ephemeral-volume (default fs) (late-binding)] ephemeral should support multiple inline ephemeral volumes" classname="Kubernetes e2e suite" time="0">
          <skipped></skipped>
      </testcase>
      <testcase name="[sig-storage] CSI Volumes [Driver: csi-hostpath] [Testpattern: Dynamic PV (block volmode)] volumes should store data" classname="Kubernetes e2e suite" time="0">
          <skipped></skipped>
      </testcase>
      <testcase name="[sig-apps] DisruptionController evictions: too few pods, replicaSet, percentage =&gt; should not allow an eviction [Serial]" classname="Kubernetes e2e suite" time="0">
          <skipped></skipped>
      </testcase>
      <testcase name="[sig-apps] StatefulSet Deploy clustered applications [Feature:StatefulSet] [Slow] should creating a working redis cluster" classname="Kubernetes e2e suite" time="0">
          <skipped></skipped>
      </testcase>
      <testcase name="[sig-storage] In-tree Volumes [Driver: iscsi][Feature:Volumes] [Testpattern: Dynamic PV (block volmode)(allowExpansion)] volume-expand Verify if offline PVC expansion works" classname="Kubernetes e2e suite" time="0">
          <skipped></skipped>
      </testcase>
      <testcase name="[sig-storage] In-tree Volumes [Driver: local][LocalVolumeType: dir] [Testpattern: Pre-provisioned PV (block volmode)] volumes should store data" classname="Kubernetes e2e suite" time="0">
          <skipped></skipped>
      </testcase>
      <testcase name="[sig-storage] In-tree Volumes [Driver: local][LocalVolumeType: block] [Testpattern: Dynamic PV (xfs)][Slow] multiVolume [Slow] should concurrently access the single volume from pods on different node" classname="Kubernetes e2e suite" time="0">
          <skipped></skipped>
      </testcase>
      <testcase name="[sig-storage] In-tree Volumes [Driver: emptydir] [Testpattern: Pre-provisioned PV (ext4)] volumes should store data" classname="Kubernetes e2e suite" time="0">
          <skipped></skipped>
      </testcase>
      <testcase name="[sig-storage] In-tree Volumes [Driver: azure-disk] [Testpattern: Dynamic PV (default fs)] subPath should support readOnly file specified in the volumeMount [LinuxOnly]" classname="Kubernetes e2e suite" time="0">
          <skipped></skipped>
      </testcase>
      <testcase name="[sig-storage] In-tree Volumes [Driver: ceph][Feature:Volumes][Serial] [Testpattern: Dynamic PV (filesystem volmode)] multiVolume [Slow] should access to two volumes with different volume mode and retain data across pod recreation on the same node" classname="Kubernetes e2e suite" time="0">
          <skipped></skipped>
      </testcase>
      <testcase name="[sig-storage] In-tree Volumes [Driver: local][LocalVolumeType: dir-link] [Testpattern: Dynamic PV (block volmode)] multiVolume [Slow] should concurrently access the single volume from pods on different node" classname="Kubernetes e2e suite" time="0">
          <skipped></skipped>
      </testcase>
      <testcase name="[sig-storage] In-tree Volumes [Driver: local][LocalVolumeType: block] [Testpattern: Dynamic PV (ntfs)][Feature:Windows] subPath should support non-existent path" classname="Kubernetes e2e suite" time="0">
          <skipped></skipped>
      </testcase>
      <testcase name="[sig-storage] In-tree Volumes [Driver: local][LocalVolumeType: tmpfs] [Testpattern: Dynamic PV (default fs)] volumeIO should write files of various sizes, verify size, validate content [Slow][LinuxOnly]" classname="Kubernetes e2e suite" time="0">
          <skipped></skipped>
      </testcase>
      <testcase name="[sig-storage] In-tree Volumes [Driver: windows-gcepd] [Testpattern: Dynamic PV (block volmode)] multiVolume [Slow] should concurrently access the single volume from pods on the same node" classname="Kubernetes e2e suite" time="0">
          <skipped></skipped>
      </testcase>
      <testcase name="[sig-storage] In-tree Volumes [Driver: local][LocalVolumeType: tmpfs] [Testpattern: Dynamic PV (ntfs)(allowExpansion)][Feature:Windows] volume-expand Verify if offline PVC expansion works" classname="Kubernetes e2e suite" time="0">
          <skipped></skipped>
      </testcase>
      <testcase name="[sig-storage] In-tree Volumes [Driver: azure-disk] [Testpattern: Dynamic PV (default fs)] capacity provides storage capacity information" classname="Kubernetes e2e suite" time="0">
          <skipped></skipped>
      </testcase>
      <testcase name="[sig-storage] Volume FStype [Feature:vsphere] verify invalid fstype" classname="Kubernetes e2e suite" time="0">
          <skipped></skipped>
      </testcase>
      <testcase name="[sig-storage] In-tree Volumes [Driver: local][LocalVolumeType: blockfs] [Testpattern: Dynamic PV (default fs)] subPath should be able to unmount after the subpath directory is deleted [LinuxOnly]" classname="Kubernetes e2e suite" time="0">
          <skipped></skipped>
      </testcase>
      <testcase name="[sig-scheduling] SchedulerPreemption [Serial] PriorityClass endpoints verify PriorityClass endpoints can be operated with different HTTP methods [Conformance]" classname="Kubernetes e2e suite" time="60.237815802"></testcase>
      <testcase name="[sig-storage] In-tree Volumes [Driver: hostPathSymlink] [Testpattern: Dynamic PV (ntfs)][Feature:Windows] volumes should store data" classname="Kubernetes e2e suite" time="0">
          <skipped></skipped>
      </testcase>
      <testcase name="[sig-storage] Projected secret should be able to mount in a volume regardless of a different secret existing with same name in different namespace [NodeConformance]" classname="Kubernetes e2e suite" time="0">
          <skipped></skipped>
      </testcase>
      <testcase name="[sig-storage] In-tree Volumes [Driver: local][LocalVolumeType: dir] [Testpattern: Dynamic PV (immediate binding)] topology should provision a volume and schedule a pod with AllowedTopologies" classname="Kubernetes e2e suite" time="0">
          <skipped></skipped>
      </testcase>
      <testcase name="[sig-apps] Job should create pods for an Indexed job with completion indexes and specified hostname" classname="Kubernetes e2e suite" time="0">
          <skipped></skipped>
      </testcase>
      <testcase name="[sig-storage] In-tree Volumes [Driver: local][LocalVolumeType: block] [Testpattern: Pre-provisioned PV (block volmode)] multiVolume [Slow] should concurrently access the single read-only volume from pods on the same node" classname="Kubernetes e2e suite" time="0">
          <skipped></skipped>
      </testcase>
      <testcase name="[sig-node] Sysctls [LinuxOnly] [NodeConformance] should reject invalid sysctls [MinimumKubeletVersion:1.21] [Conformance]" classname="Kubernetes e2e suite" time="0.049622089"></testcase>
      <testcase name="[sig-storage] In-tree Volumes [Driver: hostPathSymlink] [Testpattern: Pre-provisioned PV (default fs)] subPath should support file as subpath [LinuxOnly]" classname="Kubernetes e2e suite" time="0">
          <skipped></skipped>
      </testcase>
      <testcase name="[sig-storage] In-tree Volumes [Driver: gluster] [Testpattern: Dynamic PV (ext4)] multiVolume [Slow] should concurrently access the volume and restored snapshot from pods on the same node [LinuxOnly][Feature:VolumeSnapshotDataSource][Feature:VolumeSourceXFS]" classname="Kubernetes e2e suite" time="0">
          <skipped></skipped>
      </testcase>
      <testcase name="[sig-storage] In-tree Volumes [Driver: hostPath] [Testpattern: Dynamic PV (default fs)] subPath should fail if subpath file is outside the volume [Slow][LinuxOnly]" classname="Kubernetes e2e suite" time="0">
          <skipped></skipped>
      </testcase>
      <testcase name="[sig-auth] [Feature:NodeAuthorizer] Getting a non-existent configmap should exit with the Forbidden error, not a NotFound error" classname="Kubernetes e2e suite" time="0">
          <skipped></skipped>
      </testcase>
      <testcase name="[sig-storage] In-tree Volumes [Driver: cinder] [Testpattern: Pre-provisioned PV (default fs)] volumes should store data" classname="Kubernetes e2e suite" time="0">
          <skipped></skipped>
      </testcase>
      <testcase name="[sig-storage] CSI Volumes [Driver: pd.csi.storage.gke.io][Serial] [Testpattern: Dynamic PV (default fs)] subPath should unmount if pod is gracefully deleted while kubelet is down [Disruptive][Slow][LinuxOnly]" classname="Kubernetes e2e suite" time="0">
          <skipped></skipped>
      </testcase>
      <testcase name="[sig-storage] In-tree Volumes [Driver: rbd][Feature:Volumes][Serial] [Testpattern: Dynamic PV (default fs)] provisioning should provision storage with mount options" classname="Kubernetes e2e suite" time="0">
          <skipped></skipped>
      </testcase>
      <testcase name="[sig-storage] In-tree Volumes [Driver: hostPath] [Testpattern: Dynamic PV (default fs)] provisioning should provision storage with pvc data source in parallel [Slow]" classname="Kubernetes e2e suite" time="0">
          <skipped></skipped>
      </testcase>
      <testcase name="[sig-cli] Kubectl client Kubectl cluster-info should check if Kubernetes control plane services is included in cluster-info  [Conformance]" classname="Kubernetes e2e suite" time="0.122536253"></testcase>
      <testcase name="[sig-storage] In-tree Volumes [Driver: local][LocalVolumeType: dir] [Testpattern: Dynamic PV (xfs)][Slow] multiVolume [Slow] should access to two volumes with the same volume mode and retain data across pod recreation on different node" classname="Kubernetes e2e suite" time="0">
          <skipped></skipped>
      </testcase>
      <testcase name="[sig-storage] In-tree Volumes [Driver: local][LocalVolumeType: dir-link-bindmounted] [Testpattern: Dynamic PV (ntfs)(allowExpansion)][Feature:Windows] volume-expand Verify if offline PVC expansion works" classname="Kubernetes e2e suite" time="0">
          <skipped></skipped>
      </testcase>
      <testcase name="[sig-storage] In-tree Volumes [Driver: local][LocalVolumeType: dir] [Testpattern: Dynamic PV (xfs)][Slow] multiVolume [Slow] should access to two volumes with different volume mode and retain data across pod recreation on different node" classname="Kubernetes e2e suite" time="0">
          <skipped></skipped>
      </testcase>
      <testcase name="[sig-storage] In-tree Volumes [Driver: nfs] [Testpattern: Pre-provisioned PV (default fs)] subPath should fail if subpath directory is outside the volume [Slow][LinuxOnly]" classname="Kubernetes e2e suite" time="0">
          <skipped></skipped>
      </testcase>
      <testcase name="[sig-network] Loadbalancing: L7 Scalability GCE [Slow] [Serial] [Feature:IngressScale] Creating and updating ingresses should happen promptly with small/medium/large amount of ingresses" classname="Kubernetes e2e suite" time="0">
          <skipped></skipped>
      </testcase>
      <testcase name="[sig-storage] In-tree Volumes [Driver: iscsi][Feature:Volumes] [Testpattern: Dynamic PV (block volmode)] volume-expand should not allow expansion of pvcs without AllowVolumeExpansion property" classname="Kubernetes e2e suite" time="0">
          <skipped></skipped>
      </testcase>
      <testcase name="[sig-storage] In-tree Volumes [Driver: gcepd] [Testpattern: Dynamic PV (block volmode)] multiVolume [Slow] should concurrently access the volume and its clone from pods on the same node [LinuxOnly][Feature:VolumeSnapshotDataSource][Feature:VolumeSourceXFS]" classname="Kubernetes e2e suite" time="0">
          <skipped></skipped>
      </testcase>
      <testcase name="[sig-storage] In-tree Volumes [Driver: local][LocalVolumeType: gce-localssd-scsi-fs] [Serial] [Testpattern: Dynamic PV (default fs)] subPath should support existing directories when readOnly specified in the volumeSource" classname="Kubernetes e2e suite" time="0">
          <skipped></skipped>
      </testcase>
      <testcase name="[sig-network] Services should work after restarting apiserver [Disruptive]" classname="Kubernetes e2e suite" time="0">
          <skipped></skipped>
      </testcase>
      <testcase name="[sig-storage] In-tree Volumes [Driver: hostPathSymlink] [Testpattern: Pre-provisioned PV (default fs)] subPath should support readOnly directory specified in the volumeMount" classname="Kubernetes e2e suite" time="0">
          <skipped></skipped>
      </testcase>
      <testcase name="[sig-storage] In-tree Volumes [Driver: gcepd] [Testpattern: Dynamic PV (ntfs)][Feature:Windows] subPath should verify container cannot write to subpath readonly volumes [Slow]" classname="Kubernetes e2e suite" time="0">
          <skipped></skipped>
      </testcase>
      <testcase name="[sig-storage] In-tree Volumes [Driver: local][LocalVolumeType: dir-bindmounted] [Testpattern: Inline-volume (default fs)] subPath should fail if non-existent subpath is outside the volume [Slow][LinuxOnly]" classname="Kubernetes e2e suite" time="0">
          <skipped></skipped>
      </testcase>
      <testcase name="[sig-storage] Zone Support [Feature:vsphere] Verify dynamically created pv with multiple zones specified in the storage class, shows both the zones on its labels" classname="Kubernetes e2e suite" time="0">
          <skipped></skipped>
      </testcase>
      <testcase name="[sig-storage] In-tree Volumes [Driver: local][LocalVolumeType: dir-bindmounted] [Testpattern: Inline-volume (default fs)] subPath should support existing single file [LinuxOnly]" classname="Kubernetes e2e suite" time="0">
          <skipped></skipped>
      </testcase>
      <testcase name="[sig-storage] CSI Volumes [Driver: pd.csi.storage.gke.io][Serial] [Testpattern: Inline-volume (default fs)] subPath should unmount if pod is force deleted while kubelet is down [Disruptive][Slow][LinuxOnly]" classname="Kubernetes e2e suite" time="0">
          <skipped></skipped>
      </testcase>
      <testcase name="[sig-storage] In-tree Volumes [Driver: hostPathSymlink] [Testpattern: Inline-volume (ext4)] volumes should store data" classname="Kubernetes e2e suite" time="0">
          <skipped></skipped>
      </testcase>
      <testcase name="[sig-storage] In-tree Volumes [Driver: hostPathSymlink] [Testpattern: Inline-volume (default fs)] subPath should fail if non-existent subpath is outside the volume [Slow][LinuxOnly]" classname="Kubernetes e2e suite" time="0">
          <skipped></skipped>
      </testcase>
      <testcase name="[sig-storage] In-tree Volumes [Driver: gluster] [Testpattern: Inline-volume (default fs)] subPath should support readOnly file specified in the volumeMount [LinuxOnly]" classname="Kubernetes e2e suite" time="0">
          <skipped></skipped>
      </testcase>
      <testcase name="[sig-storage] In-tree Volumes [Driver: vsphere] [Testpattern: Inline-volume (ntfs)][Feature:Windows] volumes should store data" classname="Kubernetes e2e suite" time="0">
          <skipped></skipped>
      </testcase>
      <testcase name="[sig-storage] In-tree Volumes [Driver: local][LocalVolumeType: block] [Testpattern: Pre-provisioned PV (filesystem volmode)] multiVolume [Slow] should concurrently access the volume and its clone from pods on the same node [LinuxOnly][Feature:VolumeSnapshotDataSource][Feature:VolumeSourceXFS]" classname="Kubernetes e2e suite" time="0">
          <skipped></skipped>
      </testcase>
      <testcase name="[sig-api-machinery] client-go should negotiate watch and report errors with accept &#34;application/json&#34;" classname="Kubernetes e2e suite" time="0">
          <skipped></skipped>
      </testcase>
      <testcase name="[sig-storage] In-tree Volumes [Driver: iscsi][Feature:Volumes] [Testpattern: Inline-volume (ext4)] volumes should allow exec of files on the volume" classname="Kubernetes e2e suite" time="0">
          <skipped></skipped>
      </testcase>
      <testcase name="[sig-apps] Daemon set [Serial] should run and stop simple daemon [Conformance]" classname="Kubernetes e2e suite" time="9.992581737"></testcase>
      <testcase name="[sig-storage] In-tree Volumes [Driver: local][LocalVolumeType: dir] [Testpattern: Dynamic PV (ext4)] multiVolume [Slow] should access to two volumes with different volume mode and retain data across pod recreation on different node" classname="Kubernetes e2e suite" time="0">
          <skipped></skipped>
      </testcase>
      <testcase name="[sig-storage] CSI Volumes [Driver: csi-hostpath] [Testpattern: Inline-volume (default fs)] subPath should unmount if pod is gracefully deleted while kubelet is down [Disruptive][Slow][LinuxOnly]" classname="Kubernetes e2e suite" time="0">
          <skipped></skipped>
      </testcase>
      <testcase name="[sig-storage] In-tree Volumes [Driver: local][LocalVolumeType: blockfs] [Testpattern: Inline-volume (default fs)] subPath should support existing single file [LinuxOnly]" classname="Kubernetes e2e suite" time="0">
          <skipped></skipped>
      </testcase>
      <testcase name="[sig-storage] In-tree Volumes [Driver: local][LocalVolumeType: block] [Testpattern: Dynamic PV (ntfs)][Feature:Windows] subPath should unmount if pod is gracefully deleted while kubelet is down [Disruptive][Slow][LinuxOnly]" classname="Kubernetes e2e suite" time="0">
          <skipped></skipped>
      </testcase>
      <testcase name="[sig-storage] In-tree Volumes [Driver: hostPathSymlink] [Testpattern: Dynamic PV (ext3)] volumes should allow exec of files on the volume" classname="Kubernetes e2e suite" time="0">
          <skipped></skipped>
      </testcase>
      <testcase name="[sig-storage] CSI Volumes [Driver: pd.csi.storage.gke.io][Serial] [Testpattern: Pre-provisioned PV (filesystem volmode)] disruptive[Disruptive][LinuxOnly] Should test that pv written before kubelet restart is readable after restart." classname="Kubernetes e2e suite" time="0">
          <skipped></skipped>
      </testcase>
      <testcase name="[sig-storage] In-tree Volumes [Driver: local][LocalVolumeType: tmpfs] [Testpattern: Dynamic PV (default fs)] volume-stress multiple pods should access different volumes repeatedly [Slow] [Serial]" classname="Kubernetes e2e suite" time="0">
          <skipped></skipped>
      </testcase>
      <testcase name="[sig-storage] PersistentVolumes-local  [Volume type: dir-bindmounted] Two pods mounting a local volume at the same time should be able to write from pod1 and read from pod2" classname="Kubernetes e2e suite" time="0">
          <skipped></skipped>
      </testcase>
      <testcase name="[sig-storage] CSI Volumes [Driver: csi-hostpath] [Testpattern: Dynamic PV (xfs)][Slow] volumes should allow exec of files on the volume" classname="Kubernetes e2e suite" time="0">
          <skipped></skipped>
      </testcase>
      <testcase name="[sig-apps] ReplicationController should test the lifecycle of a ReplicationController [Conformance]" classname="Kubernetes e2e suite" time="4.26707516"></testcase>
      <testcase name="[sig-storage] In-tree Volumes [Driver: local][LocalVolumeType: blockfs] [Testpattern: Dynamic PV (ntfs)][Feature:Windows] subPath should fail if subpath with backstepping is outside the volume [Slow][LinuxOnly]" classname="Kubernetes e2e suite" time="0">
          <skipped></skipped>
      </testcase>
      <testcase name="[sig-storage] Zone Support [Feature:vsphere] Verify a pod is created and attached to a dynamically created PV with storage policy specified in storage class in waitForFirstConsumer binding mode with multiple allowedTopologies" classname="Kubernetes e2e suite" time="0">
          <skipped></skipped>
      </testcase>
      <testcase name="[sig-node] Container Runtime blackbox test when starting a container that exits should run with the expected status [NodeConformance] [Conformance]" classname="Kubernetes e2e suite" time="22.550219772"></testcase>
      <testcase name="[sig-storage] In-tree Volumes [Driver: local][LocalVolumeType: block] [Testpattern: Pre-provisioned PV (ext3)] volumes should store data" classname="Kubernetes e2e suite" time="0">
          <skipped></skipped>
      </testcase>
      <testcase name="[sig-api-machinery] AdmissionWebhook [Privileged:ClusterAdmin] should be able to deny custom resource creation, update and deletion [Conformance]" classname="Kubernetes e2e suite" time="9.062759865"></testcase>
      <testcase name="[sig-storage] In-tree Volumes [Driver: hostPathSymlink] [Testpattern: Dynamic PV (ntfs)][Feature:Windows] subPath should support existing directory" classname="Kubernetes e2e suite" time="0">
          <skipped></skipped>
      </testcase>
      <testcase name="[sig-storage] In-tree Volumes [Driver: vsphere] [Testpattern: Dynamic PV (ext4)] multiVolume [Slow] should access to two volumes with the same volume mode and retain data across pod recreation on different node" classname="Kubernetes e2e suite" time="0">
          <skipped></skipped>
      </testcase>
      <testcase name="[sig-storage] In-tree Volumes [Driver: azure-disk] [Testpattern: Pre-provisioned PV (xfs)][Slow] volumes should store data" classname="Kubernetes e2e suite" time="0">
          <skipped></skipped>
      </testcase>
      <testcase name="[sig-storage] CSI Volumes [Driver: pd.csi.storage.gke.io][Serial] [Testpattern: Dynamic PV (ntfs)][Feature:Windows] provisioning should provision storage with mount options" classname="Kubernetes e2e suite" time="0">
          <skipped></skipped>
      </testcase>
      <testcase name="[sig-network] Services should serve multiport endpoints from pods  [Conformance]" classname="Kubernetes e2e suite" time="9.338445887"></testcase>
      <testcase name="[sig-storage] Downward API volume should provide container&#39;s memory limit [NodeConformance] [Conformance]" classname="Kubernetes e2e suite" time="2.150331402"></testcase>
      <testcase name="[sig-storage] In-tree Volumes [Driver: local][LocalVolumeType: block] [Testpattern: Dynamic PV (ntfs)][Feature:Windows] provisioning should provision storage with mount options" classname="Kubernetes e2e suite" time="0">
          <skipped></skipped>
      </testcase>
      <testcase name="[sig-storage] In-tree Volumes [Driver: hostPathSymlink] [Testpattern: Inline-volume (default fs)] subPath should support creating multiple subpath from same volumes [Slow]" classname="Kubernetes e2e suite" time="0">
          <skipped></skipped>
      </testcase>
      <testcase name="[sig-storage] In-tree Volumes [Driver: nfs] [Testpattern: Dynamic PV (ext4)] multiVolume [Slow] should concurrently access the volume and its clone from pods on the same node [LinuxOnly][Feature:VolumeSnapshotDataSource][Feature:VolumeSourceXFS]" classname="Kubernetes e2e suite" time="0">
          <skipped></skipped>
      </testcase>
      <testcase name="[sig-storage] PersistentVolumes-local  [Volume type: dir-link] One pod requesting one prebound PVC should be able to mount volume and write from pod1" classname="Kubernetes e2e suite" time="0">
          <skipped></skipped>
      </testcase>
      <testcase name="[sig-storage] In-tree Volumes [Driver: rbd][Feature:Volumes][Serial] [Testpattern: Dynamic PV (block volmode)] multiVolume [Slow] should concurrently access the single volume from pods on the same node" classname="Kubernetes e2e suite" time="0">
          <skipped></skipped>
      </testcase>
      <testcase name="[sig-storage] In-tree Volumes [Driver: local][LocalVolumeType: dir-bindmounted] [Testpattern: Dynamic PV (filesystem volmode)] volumeLimits should support volume limits [Serial]" classname="Kubernetes e2e suite" time="0">
          <skipped></skipped>
      </testcase>
      <testcase name="[sig-storage] In-tree Volumes [Driver: local][LocalVolumeType: dir-link-bindmounted] [Testpattern: Dynamic PV (block volmode)] provisioning should provision storage with mount options" classname="Kubernetes e2e suite" time="0">
          <skipped></skipped>
      </testcase>
      <testcase name="[sig-node] Probing container with readiness probe should not be ready before initial delay and never restart [NodeConformance] [Conformance]" classname="Kubernetes e2e suite" time="22.078240804"></testcase>
      <testcase name="[sig-storage] In-tree Volumes [Driver: rbd][Feature:Volumes][Serial] [Testpattern: Inline-volume (default fs)] subPath should fail if non-existent subpath is outside the volume [Slow][LinuxOnly]" classname="Kubernetes e2e suite" time="0">
          <skipped></skipped>
      </testcase>
      <testcase name="[sig-storage] In-tree Volumes [Driver: emptydir] [Testpattern: Dynamic PV (default fs)] provisioning should provision storage with pvc data source" classname="Kubernetes e2e suite" time="0">
          <skipped></skipped>
      </testcase>
      <testcase name="[sig-cli] Kubectl client Kubectl create quota should create a quota without scopes" classname="Kubernetes e2e suite" time="0">
          <skipped></skipped>
      </testcase>
      <testcase name="[sig-network] EndpointSlice should support creating EndpointSlice API operations [Conformance]" classname="Kubernetes e2e suite" time="0.13203631"></testcase>
      <testcase name="[sig-storage] In-tree Volumes [Driver: aws] [Testpattern: Dynamic PV (default fs)] fsgroupchangepolicy (Always)[LinuxOnly], pod created with an initial fsgroup, volume contents ownership changed in first pod, new pod with same fsgroup applied to the volume contents" classname="Kubernetes e2e suite" time="0">
          <skipped></skipped>
      </testcase>
      <testcase name="[sig-storage] In-tree Volumes [Driver: local][LocalVolumeType: gce-localssd-scsi-fs] [Serial] [Testpattern: Inline-volume (default fs)] volumeIO should write files of various sizes, verify size, validate content [Slow][LinuxOnly]" classname="Kubernetes e2e suite" time="0">
          <skipped></skipped>
      </testcase>
      <testcase name="[sig-storage] In-tree Volumes [Driver: local][LocalVolumeType: tmpfs] [Testpattern: Dynamic PV (ntfs)][Feature:Windows] subPath should fail if subpath directory is outside the volume [Slow][LinuxOnly]" classname="Kubernetes e2e suite" time="0">
          <skipped></skipped>
      </testcase>
      <testcase name="[sig-storage] In-tree Volumes [Driver: local][LocalVolumeType: dir] [Testpattern: Pre-provisioned PV (block volmode)] disruptive[Disruptive][LinuxOnly] Should test that pv used in a pod that is force deleted while the kubelet is down cleans up when the kubelet returns." classname="Kubernetes e2e suite" time="0">
          <skipped></skipped>
      </testcase>
      <testcase name="[sig-storage] In-tree Volumes [Driver: local][LocalVolumeType: dir-bindmounted] [Testpattern: Pre-provisioned PV (block volmode)] disruptive[Disruptive][LinuxOnly] Should test that pv written before kubelet restart is readable after restart." classname="Kubernetes e2e suite" time="0">
          <skipped></skipped>
      </testcase>
      <testcase name="[sig-storage] In-tree Volumes [Driver: cinder] [Testpattern: Dynamic PV (ext3)] volumes should store data" classname="Kubernetes e2e suite" time="0">
          <skipped></skipped>
      </testcase>
      <testcase name="[sig-storage] In-tree Volumes [Driver: hostPathSymlink] [Testpattern: Dynamic PV (delayed binding)] topology should fail to schedule a pod which has topologies that conflict with AllowedTopologies" classname="Kubernetes e2e suite" time="0">
          <skipped></skipped>
      </testcase>
      <testcase name="[sig-storage] In-tree Volumes [Driver: ceph][Feature:Volumes][Serial] [Testpattern: Dynamic PV (default fs)] subPath should fail if subpath directory is outside the volume [Slow][LinuxOnly]" classname="Kubernetes e2e suite" time="0">
          <skipped></skipped>
      </testcase>
      <testcase name="[sig-api-machinery] AdmissionWebhook [Privileged:ClusterAdmin] patching/updating a validating webhook should work [Conformance]" classname="Kubernetes e2e suite" time="3.988566729"></testcase>
      <testcase name="[sig-storage] Storage Policy Based Volume Provisioning [Feature:vsphere] verify an if a SPBM policy and VSAN capabilities cannot be honored for dynamically provisioned pvc using storageclass" classname="Kubernetes e2e suite" time="0">
          <skipped></skipped>
      </testcase>
      <testcase name="[sig-storage] In-tree Volumes [Driver: iscsi][Feature:Volumes] [Testpattern: Inline-volume (ext3)] volumes should store data" classname="Kubernetes e2e suite" time="0">
          <skipped></skipped>
      </testcase>
      <testcase name="[sig-storage] In-tree Volumes [Driver: ceph][Feature:Volumes][Serial] [Testpattern: Dynamic PV (ntfs)][Feature:Windows] provisioning should provision storage with snapshot data source [Feature:VolumeSnapshotDataSource]" classname="Kubernetes e2e suite" time="0">
          <skipped></skipped>
      </testcase>
      <testcase name="[sig-storage] In-tree Volumes [Driver: azure-disk] [Testpattern: Dynamic PV (default fs)(allowExpansion)] volume-expand Verify if offline PVC expansion works" classname="Kubernetes e2e suite" time="0">
          <skipped></skipped>
      </testcase>
      <testcase name="[sig-api-machinery] ResourceQuota should create a ResourceQuota and capture the life of a service. [Conformance]" classname="Kubernetes e2e suite" time="11.246134941"></testcase>
      <testcase name="[sig-storage] In-tree Volumes [Driver: nfs] [Testpattern: Dynamic PV (filesystem volmode)] multiVolume [Slow] should concurrently access the single volume from pods on the same node" classname="Kubernetes e2e suite" time="0">
          <skipped></skipped>
      </testcase>
      <testcase name="[sig-storage] In-tree Volumes [Driver: gluster] [Testpattern: Dynamic PV (default fs)] volumes should store data" classname="Kubernetes e2e suite" time="0">
          <skipped></skipped>
      </testcase>
      <testcase name="[sig-storage] In-tree Volumes [Driver: local][LocalVolumeType: dir-link-bindmounted] [Testpattern: Dynamic PV (ext4)] multiVolume [Slow] should concurrently access the volume and restored snapshot from pods on the same node [LinuxOnly][Feature:VolumeSnapshotDataSource][Feature:VolumeSourceXFS]" classname="Kubernetes e2e suite" time="0">
          <skipped></skipped>
      </testcase>
      <testcase name="[sig-storage] In-tree Volumes [Driver: emptydir] [Testpattern: Dynamic PV (block volmode)] provisioning should provision storage with pvc data source" classname="Kubernetes e2e suite" time="0">
          <skipped></skipped>
      </testcase>
      <testcase name="[sig-storage] In-tree Volumes [Driver: local][LocalVolumeType: blockfs] [Testpattern: Pre-provisioned PV (ntfs)][Feature:Windows] volumes should store data" classname="Kubernetes e2e suite" time="0">
          <skipped></skipped>
      </testcase>
      <testcase name="[sig-network] NetworkPolicyLegacy [LinuxOnly] NetworkPolicy between server and client should ensure an IP overlapping both IPBlock.CIDR and IPBlock.Except is allowed [Feature:NetworkPolicy]" classname="Kubernetes e2e suite" time="0">
          <skipped></skipped>
      </testcase>
      <testcase name="[sig-storage] CSI Volumes [Driver: pd.csi.storage.gke.io][Serial] [Testpattern: Inline-volume (default fs)] subPath should fail if non-existent subpath is outside the volume [Slow][LinuxOnly]" classname="Kubernetes e2e suite" time="0">
          <skipped></skipped>
      </testcase>
      <testcase name="[sig-storage] In-tree Volumes [Driver: local][LocalVolumeType: blockfs] [Testpattern: Pre-provisioned PV (block volmode)] multiVolume [Slow] should concurrently access the volume and restored snapshot from pods on the same node [LinuxOnly][Feature:VolumeSnapshotDataSource][Feature:VolumeSourceXFS]" classname="Kubernetes e2e suite" time="0">
          <skipped></skipped>
      </testcase>
      <testcase name="[sig-storage] In-tree Volumes [Driver: vsphere] [Testpattern: Pre-provisioned PV (filesystem volmode)] volumeMode should fail to use a volume in a pod with mismatched mode [Slow]" classname="Kubernetes e2e suite" time="0">
          <skipped></skipped>
      </testcase>
      <testcase name="[sig-storage] In-tree Volumes [Driver: local][LocalVolumeType: block] [Testpattern: Dynamic PV (filesystem volmode)] multiVolume [Slow] should concurrently access the volume and its clone from pods on the same node [LinuxOnly][Feature:VolumeSnapshotDataSource][Feature:VolumeSourceXFS]" classname="Kubernetes e2e suite" time="0">
          <skipped></skipped>
      </testcase>
      <testcase name="[sig-network] Netpol NetworkPolicy between server and client should enforce policy based on any PodSelectors [Feature:NetworkPolicy]" classname="Kubernetes e2e suite" time="0">
          <skipped></skipped>
      </testcase>
      <testcase name="[sig-storage] In-tree Volumes [Driver: windows-gcepd] [Testpattern: Dynamic PV (default fs)] fsgroupchangepolicy (Always)[LinuxOnly], pod created with an initial fsgroup, volume contents ownership changed in first pod, new pod with same fsgroup applied to the volume contents" classname="Kubernetes e2e suite" time="0">
          <skipped></skipped>
      </testcase>
      <testcase name="[sig-apps] CronJob should not schedule new jobs when ForbidConcurrent [Slow] [Conformance]" classname="Kubernetes e2e suite" time="324.095035172"></testcase>
      <testcase name="[sig-storage] In-tree Volumes [Driver: ceph][Feature:Volumes][Serial] [Testpattern: Dynamic PV (ntfs)][Feature:Windows] subPath should support non-existent path" classname="Kubernetes e2e suite" time="0">
          <skipped></skipped>
      </testcase>
      <testcase name="[sig-node] Pods should have their auto-restart back-off timer reset on image update [Slow][NodeConformance]" classname="Kubernetes e2e suite" time="0">
          <skipped></skipped>
      </testcase>
      <testcase name="[sig-storage] In-tree Volumes [Driver: local][LocalVolumeType: gce-localssd-scsi-fs] [Serial] [Testpattern: Pre-provisioned PV (filesystem volmode)] multiVolume [Slow] should concurrently access the single read-only volume from pods on the same node" classname="Kubernetes e2e suite" time="0">
          <skipped></skipped>
      </testcase>
      <testcase name="[sig-node] PreStop graceful pod terminated should wait until preStop hook completes the process" classname="Kubernetes e2e suite" time="0">
          <skipped></skipped>
      </testcase>
      <testcase name="[sig-storage] PersistentVolumes-local  [Volume type: dir-link] Set fsGroup for local volume should set fsGroup for one pod [Slow]" classname="Kubernetes e2e suite" time="0">
          <skipped></skipped>
      </testcase>
      <testcase name="[sig-storage] In-tree Volumes [Driver: windows-gcepd] [Testpattern: Dynamic PV (default fs)] volumeIO should write files of various sizes, verify size, validate content [Slow][LinuxOnly]" classname="Kubernetes e2e suite" time="0">
          <skipped></skipped>
      </testcase>
      <testcase name="[sig-storage] In-tree Volumes [Driver: local][LocalVolumeType: dir-bindmounted] [Testpattern: Pre-provisioned PV (block volmode)] multiVolume [Slow] should access to two volumes with the same volume mode and retain data across pod recreation on different node" classname="Kubernetes e2e suite" time="0">
          <skipped></skipped>
      </testcase>
      <testcase name="[sig-storage] CSI Volumes [Driver: csi-hostpath] [Testpattern: Pre-provisioned PV (default fs)] subPath should support readOnly directory specified in the volumeMount" classname="Kubernetes e2e suite" time="0">
          <skipped></skipped>
      </testcase>
      <testcase name="[sig-network] Netpol [Feature:SCTPConnectivity][LinuxOnly][Disruptive] NetworkPolicy between server and client using SCTP should enforce policy based on Ports [Feature:NetworkPolicy]" classname="Kubernetes e2e suite" time="0">
          <skipped></skipped>
      </testcase>
      <testcase name="[sig-storage] In-tree Volumes [Driver: hostPath] [Testpattern: Dynamic PV (block volmode)] multiVolume [Slow] should concurrently access the single volume from pods on different node" classname="Kubernetes e2e suite" time="0">
          <skipped></skipped>
      </testcase>
      <testcase name="[sig-storage] In-tree Volumes [Driver: windows-gcepd] [Testpattern: Dynamic PV (default fs)] subPath should support restarting containers using file as subpath [Slow][LinuxOnly]" classname="Kubernetes e2e suite" time="0">
          <skipped></skipped>
      </testcase>
      <testcase name="[sig-storage] In-tree Volumes [Driver: hostPath] [Testpattern: Dynamic PV (xfs)][Slow] multiVolume [Slow] should concurrently access the volume and restored snapshot from pods on the same node [LinuxOnly][Feature:VolumeSnapshotDataSource][Feature:VolumeSourceXFS]" classname="Kubernetes e2e suite" time="0">
          <skipped></skipped>
      </testcase>
      <testcase name="[sig-storage] In-tree Volumes [Driver: local][LocalVolumeType: tmpfs] [Testpattern: Dynamic PV (filesystem volmode)] multiVolume [Slow] should access to two volumes with different volume mode and retain data across pod recreation on the same node" classname="Kubernetes e2e suite" time="0">
          <skipped></skipped>
      </testcase>
      <testcase name="[sig-storage] HostPathType Block Device [Slow] Should fail on mounting block device &#39;ablkdev&#39; when HostPathType is HostPathFile" classname="Kubernetes e2e suite" time="0">
          <skipped></skipped>
      </testcase>
      <testcase name="[sig-storage] In-tree Volumes [Driver: iscsi][Feature:Volumes] [Testpattern: Pre-provisioned PV (block volmode)] multiVolume [Slow] should access to two volumes with the same volume mode and retain data across pod recreation on the same node" classname="Kubernetes e2e suite" time="0">
          <skipped></skipped>
      </testcase>
      <testcase name="[sig-storage] In-tree Volumes [Driver: nfs] [Testpattern: Dynamic PV (ntfs)][Feature:Windows] subPath should support non-existent path" classname="Kubernetes e2e suite" time="0">
          <skipped></skipped>
      </testcase>
      <testcase name="[sig-cloud-provider-gcp] HA-master [Feature:HAMaster] survive addition/removal replicas same zone [Serial][Disruptive]" classname="Kubernetes e2e suite" time="0">
          <skipped></skipped>
      </testcase>
      <testcase name="[sig-storage] In-tree Volumes [Driver: gluster] [Testpattern: Pre-provisioned PV (block volmode)] multiVolume [Slow] should access to two volumes with the same volume mode and retain data across pod recreation on the same node" classname="Kubernetes e2e suite" time="0">
          <skipped></skipped>
      </testcase>
      <testcase name="[sig-storage] In-tree Volumes [Driver: rbd][Feature:Volumes][Serial] [Testpattern: Dynamic PV (block volmode)] multiVolume [Slow] should concurrently access the volume and restored snapshot from pods on the same node [LinuxOnly][Feature:VolumeSnapshotDataSource][Feature:VolumeSourceXFS]" classname="Kubernetes e2e suite" time="0">
          <skipped></skipped>
      </testcase>
      <testcase name="[sig-storage] In-tree Volumes [Driver: local][LocalVolumeType: blockfs] [Testpattern: Inline-volume (default fs)] subPath should unmount if pod is force deleted while kubelet is down [Disruptive][Slow][LinuxOnly]" classname="Kubernetes e2e suite" time="0">
          <skipped></skipped>
      </testcase>
      <testcase name="[sig-storage] In-tree Volumes [Driver: local][LocalVolumeType: tmpfs] [Testpattern: Dynamic PV (block volmode)] multiVolume [Slow] should access to two volumes with different volume mode and retain data across pod recreation on the same node" classname="Kubernetes e2e suite" time="0">
          <skipped></skipped>
      </testcase>
      <testcase name="[sig-storage] CSI Volumes [Driver: pd.csi.storage.gke.io][Serial] [Testpattern: Inline-volume (default fs)] subPath should unmount if pod is gracefully deleted while kubelet is down [Disruptive][Slow][LinuxOnly]" classname="Kubernetes e2e suite" time="0">
          <skipped></skipped>
      </testcase>
      <testcase name="[sig-storage] In-tree Volumes [Driver: emptydir] [Testpattern: Pre-provisioned PV (block volmode)] disruptive[Disruptive][LinuxOnly] Should test that pv written before kubelet restart is readable after restart." classname="Kubernetes e2e suite" time="0">
          <skipped></skipped>
      </testcase>
      <testcase name="[sig-storage] In-tree Volumes [Driver: local][LocalVolumeType: blockfs] [Testpattern: Inline-volume (default fs)] subPath should support creating multiple subpath from same volumes [Slow]" classname="Kubernetes e2e suite" time="0">
          <skipped></skipped>
      </testcase>
      <testcase name="[sig-storage] In-tree Volumes [Driver: local][LocalVolumeType: blockfs] [Testpattern: Dynamic PV (ntfs)][Feature:Windows] subPath should support non-existent path" classname="Kubernetes e2e suite" time="0">
          <skipped></skipped>
      </testcase>
      <testcase name="[sig-storage] In-tree Volumes [Driver: local][LocalVolumeType: dir-bindmounted] [Testpattern: Dynamic PV (default fs)(allowExpansion)] volume-expand should resize volume when PVC is edited while pod is using it" classname="Kubernetes e2e suite" time="0">
          <skipped></skipped>
      </testcase>
      <testcase name="[sig-storage] In-tree Volumes [Driver: hostPathSymlink] [Testpattern: Pre-provisioned PV (block volmode)] volumes should store data" classname="Kubernetes e2e suite" time="0">
          <skipped></skipped>
      </testcase>
      <testcase name="[sig-storage] In-tree Volumes [Driver: aws] [Testpattern: Pre-provisioned PV (block volmode)] volumes should store data" classname="Kubernetes e2e suite" time="0">
          <skipped></skipped>
      </testcase>
      <testcase name="[sig-storage] In-tree Volumes [Driver: local][LocalVolumeType: dir-link] [Testpattern: Inline-volume (default fs)] volumes should store data" classname="Kubernetes e2e suite" time="0">
          <skipped></skipped>
      </testcase>
      <testcase name="[sig-storage] In-tree Volumes [Driver: windows-gcepd] [Testpattern: Dynamic PV (ntfs)][Feature:Windows] subPath should fail if subpath directory is outside the volume [Slow][LinuxOnly]" classname="Kubernetes e2e suite" time="0">
          <skipped></skipped>
      </testcase>
      <testcase name="[sig-storage] In-tree Volumes [Driver: hostPathSymlink] [Testpattern: Pre-provisioned PV (block volmode)] multiVolume [Slow] should concurrently access the single read-only volume from pods on the same node" classname="Kubernetes e2e suite" time="0">
          <skipped></skipped>
      </testcase>
      <testcase name="[sig-storage] In-tree Volumes [Driver: gluster] [Testpattern: Pre-provisioned PV (xfs)][Slow] volumes should allow exec of files on the volume" classname="Kubernetes e2e suite" time="0">
          <skipped></skipped>
      </testcase>
      <testcase name="[sig-storage] In-tree Volumes [Driver: nfs] [Testpattern: Dynamic PV (ntfs)][Feature:Windows] provisioning should provision storage with mount options" classname="Kubernetes e2e suite" time="0">
          <skipped></skipped>
      </testcase>
      <testcase name="[sig-storage] PersistentVolumes-local  [Volume type: dir-link-bindmounted] Set fsGroup for local volume should set different fsGroup for second pod if first pod is deleted" classname="Kubernetes e2e suite" time="0">
          <skipped></skipped>
      </testcase>
      <testcase name="[sig-storage] In-tree Volumes [Driver: local][LocalVolumeType: blockfs] [Testpattern: Inline-volume (default fs)] subPath should fail if subpath directory is outside the volume [Slow][LinuxOnly]" classname="Kubernetes e2e suite" time="0">
          <skipped></skipped>
      </testcase>
      <testcase name="[sig-storage] In-tree Volumes [Driver: windows-gcepd] [Testpattern: Pre-provisioned PV (default fs)] subPath should support existing directories when readOnly specified in the volumeSource" classname="Kubernetes e2e suite" time="0">
          <skipped></skipped>
      </testcase>
      <testcase name="[sig-storage] Projected downwardAPI should update labels on modification [NodeConformance] [Conformance]" classname="Kubernetes e2e suite" time="6.664138901"></testcase>
      <testcase name="[sig-storage] In-tree Volumes [Driver: local][LocalVolumeType: gce-localssd-scsi-fs] [Serial] [Testpattern: Dynamic PV (block volmode)] provisioning should provision storage with mount options" classname="Kubernetes e2e suite" time="0">
          <skipped></skipped>
      </testcase>
      <testcase name="[sig-scheduling] SchedulerPreemption [Serial] PodTopologySpread Preemption validates proper pods are preempted" classname="Kubernetes e2e suite" time="0">
          <skipped></skipped>
      </testcase>
      <testcase name="[sig-storage] In-tree Volumes [Driver: hostPathSymlink] [Testpattern: Dynamic PV (immediate binding)] topology should fail to schedule a pod which has topologies that conflict with AllowedTopologies" classname="Kubernetes e2e suite" time="0">
          <skipped></skipped>
      </testcase>
      <testcase name="[sig-api-machinery] CustomResourceConversionWebhook [Privileged:ClusterAdmin] should be able to convert from CR v1 to CR v2 [Conformance]" classname="Kubernetes e2e suite" time="6.676842666"></testcase>
      <testcase name="[sig-storage] In-tree Volumes [Driver: azure-disk] [Testpattern: Dynamic PV (ntfs)][Feature:Windows] volume-expand should not allow expansion of pvcs without AllowVolumeExpansion property" classname="Kubernetes e2e suite" time="0">
          <skipped></skipped>
      </testcase>
      <testcase name="[sig-storage] Pod Disks detach in a disrupted environment [Slow] [Disruptive] when pod is evicted" classname="Kubernetes e2e suite" time="0">
          <skipped></skipped>
      </testcase>
      <testcase name="[sig-storage] In-tree Volumes [Driver: hostPath] [Testpattern: Pre-provisioned PV (default fs)] subPath should support file as subpath [LinuxOnly]" classname="Kubernetes e2e suite" time="0">
          <skipped></skipped>
      </testcase>
      <testcase name="[sig-storage] In-tree Volumes [Driver: local][LocalVolumeType: dir] [Testpattern: Dynamic PV (default fs)] subPath should support restarting containers using file as subpath [Slow][LinuxOnly]" classname="Kubernetes e2e suite" time="0">
          <skipped></skipped>
      </testcase>
      <testcase name="[sig-network] Netpol NetworkPolicy between server and client should deny ingress access to updated pod [Feature:NetworkPolicy]" classname="Kubernetes e2e suite" time="0">
          <skipped></skipped>
      </testcase>
      <testcase name="[sig-autoscaling] Cluster size autoscaling [Slow] should add node to the particular mig [Feature:ClusterSizeAutoscalingScaleUp]" classname="Kubernetes e2e suite" time="0">
          <skipped></skipped>
      </testcase>
      <testcase name="[sig-storage] In-tree Volumes [Driver: iscsi][Feature:Volumes] [Testpattern: Dynamic PV (ext3)] volumes should store data" classname="Kubernetes e2e suite" time="0">
          <skipped></skipped>
      </testcase>
      <testcase name="[sig-autoscaling] Cluster size autoscaling [Slow] Should scale down GPU pool from 1 [GpuType:] [Feature:ClusterSizeAutoscalingGpu]" classname="Kubernetes e2e suite" time="0">
          <skipped></skipped>
      </testcase>
      <testcase name="[sig-storage] Pod Disks [Serial] attach on previously attached volumes should work" classname="Kubernetes e2e suite" time="0">
          <skipped></skipped>
      </testcase>
      <testcase name="[sig-storage] In-tree Volumes [Driver: azure-disk] [Testpattern: Dynamic PV (ntfs)][Feature:Windows] subPath should support readOnly directory specified in the volumeMount" classname="Kubernetes e2e suite" time="0">
          <skipped></skipped>
      </testcase>
      <testcase name="[sig-storage] In-tree Volumes [Driver: windows-gcepd] [Testpattern: Pre-provisioned PV (block volmode)] multiVolume [Slow] should concurrently access the volume and restored snapshot from pods on the same node [LinuxOnly][Feature:VolumeSnapshotDataSource][Feature:VolumeSourceXFS]" classname="Kubernetes e2e suite" time="0">
          <skipped></skipped>
      </testcase>
      <testcase name="[sig-storage] In-tree Volumes [Driver: local][LocalVolumeType: block] [Testpattern: Dynamic PV (ntfs)][Feature:Windows] subPath should support existing directory" classname="Kubernetes e2e suite" time="0">
          <skipped></skipped>
      </testcase>
      <testcase name="[sig-storage] In-tree Volumes [Driver: hostPathSymlink] [Testpattern: Inline-volume (xfs)][Slow] volumes should allow exec of files on the volume" classname="Kubernetes e2e suite" time="0">
          <skipped></skipped>
      </testcase>
      <testcase name="[sig-storage] In-tree Volumes [Driver: nfs] [Testpattern: Dynamic PV (xfs)][Slow] multiVolume [Slow] should access to two volumes with different volume mode and retain data across pod recreation on different node" classname="Kubernetes e2e suite" time="0">
          <skipped></skipped>
      </testcase>
      <testcase name="[sig-storage] In-tree Volumes [Driver: rbd][Feature:Volumes][Serial] [Testpattern: Pre-provisioned PV (filesystem volmode)] disruptive[Disruptive][LinuxOnly] Should test that pv written before kubelet restart is readable after restart." classname="Kubernetes e2e suite" time="0">
          <skipped></skipped>
      </testcase>
      <testcase name="[sig-storage] In-tree Volumes [Driver: azure-disk] [Testpattern: Pre-provisioned PV (filesystem volmode)] multiVolume [Slow] should concurrently access the single read-only volume from pods on the same node" classname="Kubernetes e2e suite" time="0">
          <skipped></skipped>
      </testcase>
      <testcase name="[sig-storage] In-tree Volumes [Driver: rbd][Feature:Volumes][Serial] [Testpattern: Dynamic PV (xfs)][Slow] multiVolume [Slow] should concurrently access the single read-only volume from pods on the same node" classname="Kubernetes e2e suite" time="0">
          <skipped></skipped>
      </testcase>
      <testcase name="[sig-node] Probing container should not be ready with an exec readiness probe timeout [MinimumKubeletVersion:1.20] [NodeConformance]" classname="Kubernetes e2e suite" time="0">
          <skipped></skipped>
      </testcase>
      <testcase name="[sig-storage] In-tree Volumes [Driver: iscsi][Feature:Volumes] [Testpattern: Pre-provisioned PV (block volmode)] volumes should store data" classname="Kubernetes e2e suite" time="0">
          <skipped></skipped>
      </testcase>
      <testcase name="[sig-storage] In-tree Volumes [Driver: emptydir] [Testpattern: Dynamic PV (ntfs)][Feature:Windows] subPath should support existing single file [LinuxOnly]" classname="Kubernetes e2e suite" time="0">
          <skipped></skipped>
      </testcase>
      <testcase name="[sig-storage] In-tree Volumes [Driver: hostPathSymlink] [Testpattern: Inline-volume (ntfs)][Feature:Windows] volumes should store data" classname="Kubernetes e2e suite" time="0">
          <skipped></skipped>
      </testcase>
      <testcase name="[sig-storage] In-tree Volumes [Driver: nfs] [Testpattern: Pre-provisioned PV (default fs)] subPath should unmount if pod is force deleted while kubelet is down [Disruptive][Slow][LinuxOnly]" classname="Kubernetes e2e suite" time="0">
          <skipped></skipped>
      </testcase>
      <testcase name="[sig-storage] In-tree Volumes [Driver: local][LocalVolumeType: tmpfs] [Testpattern: Dynamic PV (ext4)] multiVolume [Slow] should concurrently access the single volume from pods on different node" classname="Kubernetes e2e suite" time="0">
          <skipped></skipped>
      </testcase>
      <testcase name="[sig-storage] In-tree Volumes [Driver: hostPathSymlink] [Testpattern: Inline-volume (default fs)] subPath should support existing directory" classname="Kubernetes e2e suite" time="0">
          <skipped></skipped>
      </testcase>
      <testcase name="[sig-storage] In-tree Volumes [Driver: nfs] [Testpattern: Dynamic PV (block volmode)] volume-expand should not allow expansion of pvcs without AllowVolumeExpansion property" classname="Kubernetes e2e suite" time="0">
          <skipped></skipped>
      </testcase>
      <testcase name="[sig-storage] In-tree Volumes [Driver: hostPath] [Testpattern: Dynamic PV (default fs)] subPath should unmount if pod is force deleted while kubelet is down [Disruptive][Slow][LinuxOnly]" classname="Kubernetes e2e suite" time="0">
          <skipped></skipped>
      </testcase>
      <testcase name="[sig-storage] In-tree Volumes [Driver: azure-disk] [Testpattern: Pre-provisioned PV (block volmode)] multiVolume [Slow] should concurrently access the volume and restored snapshot from pods on the same node [LinuxOnly][Feature:VolumeSnapshotDataSource][Feature:VolumeSourceXFS]" classname="Kubernetes e2e suite" time="0">
          <skipped></skipped>
      </testcase>
      <testcase name="[sig-storage] In-tree Volumes [Driver: local][LocalVolumeType: dir-bindmounted] [Testpattern: Dynamic PV (ntfs)][Feature:Windows] provisioning should provision storage with mount options" classname="Kubernetes e2e suite" time="0">
          <skipped></skipped>
      </testcase>
      <testcase name="[sig-storage] In-tree Volumes [Driver: ceph][Feature:Volumes][Serial] [Testpattern: Inline-volume (default fs)] subPath should support restarting containers using directory as subpath [Slow]" classname="Kubernetes e2e suite" time="0">
          <skipped></skipped>
      </testcase>
      <testcase name="[sig-storage] In-tree Volumes [Driver: local][LocalVolumeType: block] [Testpattern: Pre-provisioned PV (filesystem volmode)] multiVolume [Slow] should access to two volumes with the same volume mode and retain data across pod recreation on the same node" classname="Kubernetes e2e suite" time="0">
          <skipped></skipped>
      </testcase>
      <testcase name="[sig-storage] PersistentVolumes NFS when invoking the Recycle reclaim policy should test that a PV becomes Available and is clean after the PVC is deleted." classname="Kubernetes e2e suite" time="0">
          <skipped></skipped>
      </testcase>
      <testcase name="[sig-storage] In-tree Volumes [Driver: gcepd] [Testpattern: Dynamic PV (ntfs)][Feature:Windows] provisioning should provision storage with pvc data source in parallel [Slow]" classname="Kubernetes e2e suite" time="0">
          <skipped></skipped>
      </testcase>
      <testcase name="[sig-api-machinery] ResourceQuota should create a ResourceQuota and ensure its status is promptly calculated. [Conformance]" classname="Kubernetes e2e suite" time="7.147436425"></testcase>
      <testcase name="[sig-storage] In-tree Volumes [Driver: local][LocalVolumeType: dir-bindmounted] [Testpattern: Dynamic PV (block volmode)] volume-expand should not allow expansion of pvcs without AllowVolumeExpansion property" classname="Kubernetes e2e suite" time="0">
          <skipped></skipped>
      </testcase>
      <testcase name="[sig-storage] In-tree Volumes [Driver: local][LocalVolumeType: gce-localssd-scsi-fs] [Serial] [Testpattern: Dynamic PV (xfs)][Slow] multiVolume [Slow] should concurrently access the single read-only volume from pods on the same node" classname="Kubernetes e2e suite" time="0">
          <skipped></skipped>
      </testcase>
      <testcase name="[sig-storage] In-tree Volumes [Driver: ceph][Feature:Volumes][Serial] [Testpattern: Dynamic PV (ext4)] multiVolume [Slow] should concurrently access the volume and its clone from pods on the same node [LinuxOnly][Feature:VolumeSnapshotDataSource][Feature:VolumeSourceXFS]" classname="Kubernetes e2e suite" time="0">
          <skipped></skipped>
      </testcase>
      <testcase name="[sig-storage] In-tree Volumes [Driver: gluster] [Testpattern: Pre-provisioned PV (filesystem volmode)] disruptive[Disruptive][LinuxOnly] Should test that pv written before kubelet restart is readable after restart." classname="Kubernetes e2e suite" time="0">
          <skipped></skipped>
      </testcase>
      <testcase name="[sig-storage] In-tree Volumes [Driver: local][LocalVolumeType: tmpfs] [Testpattern: Pre-provisioned PV (default fs)] subPath should support existing single file [LinuxOnly]" classname="Kubernetes e2e suite" time="0">
          <skipped></skipped>
      </testcase>
      <testcase name="[sig-storage] In-tree Volumes [Driver: emptydir] [Testpattern: Pre-provisioned PV (default fs)] subPath should support existing directory" classname="Kubernetes e2e suite" time="0">
          <skipped></skipped>
      </testcase>
      <testcase name="[sig-storage] In-tree Volumes [Driver: rbd][Feature:Volumes][Serial] [Testpattern: Pre-provisioned PV (default fs)] subPath should be able to unmount after the subpath directory is deleted [LinuxOnly]" classname="Kubernetes e2e suite" time="0">
          <skipped></skipped>
      </testcase>
      <testcase name="[sig-network] Netpol API should support creating NetworkPolicy API operations" classname="Kubernetes e2e suite" time="0">
          <skipped></skipped>
      </testcase>
      <testcase name="[sig-storage] In-tree Volumes [Driver: ceph][Feature:Volumes][Serial] [Testpattern: Pre-provisioned PV (default fs)] subPath should fail if non-existent subpath is outside the volume [Slow][LinuxOnly]" classname="Kubernetes e2e suite" time="0">
          <skipped></skipped>
      </testcase>
      <testcase name="[sig-storage] In-tree Volumes [Driver: local][LocalVolumeType: dir] [Testpattern: Pre-provisioned PV (block volmode)] volumeMode should not mount / map unused volumes in a pod [LinuxOnly]" classname="Kubernetes e2e suite" time="0">
          <skipped></skipped>
      </testcase>
      <testcase name="[sig-storage] In-tree Volumes [Driver: local][LocalVolumeType: dir] [Testpattern: Dynamic PV (default fs)] subPath should support existing directory" classname="Kubernetes e2e suite" time="0">
          <skipped></skipped>
      </testcase>
      <testcase name="[sig-auth] [Feature:NodeAuthorizer] Getting an existing configmap should exit with the Forbidden error" classname="Kubernetes e2e suite" time="0">
          <skipped></skipped>
      </testcase>
      <testcase name="[sig-storage] In-tree Volumes [Driver: azure-disk] [Testpattern: Dynamic PV (ntfs)][Feature:Windows] subPath should fail if subpath file is outside the volume [Slow][LinuxOnly]" classname="Kubernetes e2e suite" time="0">
          <skipped></skipped>
      </testcase>
      <testcase name="[sig-storage] CSI Volumes [Driver: csi-hostpath] [Testpattern: Pre-provisioned PV (ntfs)][Feature:Windows] volumes should store data" classname="Kubernetes e2e suite" time="0">
          <skipped></skipped>
      </testcase>
      <testcase name="[sig-storage] In-tree Volumes [Driver: gluster] [Testpattern: Inline-volume (default fs)] subPath should support creating multiple subpath from same volumes [Slow]" classname="Kubernetes e2e suite" time="0">
          <skipped></skipped>
      </testcase>
      <testcase name="[sig-storage] CSI mock volume CSI Volume expansion should expand volume without restarting pod if nodeExpansion=off" classname="Kubernetes e2e suite" time="0">
          <skipped></skipped>
      </testcase>
      <testcase name="[sig-storage] In-tree Volumes [Driver: ceph][Feature:Volumes][Serial] [Testpattern: Dynamic PV (filesystem volmode)] volumeMode should not mount / map unused volumes in a pod [LinuxOnly]" classname="Kubernetes e2e suite" time="0">
          <skipped></skipped>
      </testcase>
      <testcase name="[sig-storage] In-tree Volumes [Driver: iscsi][Feature:Volumes] [Testpattern: Dynamic PV (xfs)][Slow] multiVolume [Slow] should access to two volumes with the same volume mode and retain data across pod recreation on the same node" classname="Kubernetes e2e suite" time="0">
          <skipped></skipped>
      </testcase>
      <testcase name="[sig-node] Variable Expansion should verify that a failing subpath expansion can be modified during the lifecycle of a container [Slow] [Conformance]" classname="Kubernetes e2e suite" time="154.653450146"></testcase>
      <testcase name="[sig-storage] In-tree Volumes [Driver: local][LocalVolumeType: block] [Testpattern: Inline-volume (default fs)] subPath should support creating multiple subpath from same volumes [Slow]" classname="Kubernetes e2e suite" time="0">
          <skipped></skipped>
      </testcase>
      <testcase name="[sig-storage] In-tree Volumes [Driver: local][LocalVolumeType: dir] [Testpattern: Dynamic PV (filesystem volmode)] volumeLimits should support volume limits [Serial]" classname="Kubernetes e2e suite" time="0">
          <skipped></skipped>
      </testcase>
      <testcase name="[sig-storage] In-tree Volumes [Driver: emptydir] [Testpattern: Dynamic PV (default fs)] subPath should support existing directories when readOnly specified in the volumeSource" classname="Kubernetes e2e suite" time="0">
          <skipped></skipped>
      </testcase>
      <testcase name="[sig-storage] In-tree Volumes [Driver: hostPath] [Testpattern: Dynamic PV (ntfs)(allowExpansion)][Feature:Windows] volume-expand Verify if offline PVC expansion works" classname="Kubernetes e2e suite" time="0">
          <skipped></skipped>
      </testcase>
      <testcase name="[sig-storage] EmptyDir volumes should support (non-root,0644,tmpfs) [LinuxOnly] [NodeConformance] [Conformance]" classname="Kubernetes e2e suite" time="2.123565432"></testcase>
      <testcase name="[sig-storage] In-tree Volumes [Driver: local][LocalVolumeType: dir] [Testpattern: Inline-volume (ext4)] volumes should allow exec of files on the volume" classname="Kubernetes e2e suite" time="0">
          <skipped></skipped>
      </testcase>
      <testcase name="[sig-storage] In-tree Volumes [Driver: gluster] [Testpattern: Dynamic PV (block volmode)] disruptive[Disruptive][LinuxOnly] Should test that pv used in a pod that is deleted while the kubelet is down cleans up when the kubelet returns." classname="Kubernetes e2e suite" time="0">
          <skipped></skipped>
      </testcase>
      <testcase name="[sig-storage] In-tree Volumes [Driver: rbd][Feature:Volumes][Serial] [Testpattern: Dynamic PV (ntfs)][Feature:Windows] subPath should support restarting containers using directory as subpath [Slow]" classname="Kubernetes e2e suite" time="0">
          <skipped></skipped>
      </testcase>
      <testcase name="[sig-storage] In-tree Volumes [Driver: gcepd] [Testpattern: Pre-provisioned PV (xfs)][Slow] volumes should allow exec of files on the volume" classname="Kubernetes e2e suite" time="0">
          <skipped></skipped>
      </testcase>
      <testcase name="[sig-storage] In-tree Volumes [Driver: iscsi][Feature:Volumes] [Testpattern: Dynamic PV (default fs)(allowExpansion)] volume-expand should resize volume when PVC is edited while pod is using it" classname="Kubernetes e2e suite" time="0">
          <skipped></skipped>
      </testcase>
      <testcase name="[sig-storage] In-tree Volumes [Driver: local][LocalVolumeType: gce-localssd-scsi-fs] [Serial] [Testpattern: Pre-provisioned PV (filesystem volmode)] disruptive[Disruptive][LinuxOnly] Should test that pv written before kubelet restart is readable after restart." classname="Kubernetes e2e suite" time="0">
          <skipped></skipped>
      </testcase>
      <testcase name="[sig-storage] In-tree Volumes [Driver: azure-disk] [Testpattern: Inline-volume (default fs)] volumes should store data" classname="Kubernetes e2e suite" time="0">
          <skipped></skipped>
      </testcase>
      <testcase name="[sig-storage] In-tree Volumes [Driver: emptydir] [Testpattern: Dynamic PV (ntfs)][Feature:Windows] subPath should support readOnly file specified in the volumeMount [LinuxOnly]" classname="Kubernetes e2e suite" time="0">
          <skipped></skipped>
      </testcase>
      <testcase name="[sig-storage] CSI Volumes [Driver: pd.csi.storage.gke.io][Serial] [Testpattern: Dynamic PV (ext4)] multiVolume [Slow] should concurrently access the volume and restored snapshot from pods on the same node [LinuxOnly][Feature:VolumeSnapshotDataSource][Feature:VolumeSourceXFS]" classname="Kubernetes e2e suite" time="0">
          <skipped></skipped>
      </testcase>
      <testcase name="[sig-storage] CSI Volumes [Driver: csi-hostpath] [Testpattern: Generic Ephemeral-volume (default fs) (immediate-binding)] ephemeral should create read/write inline ephemeral volume" classname="Kubernetes e2e suite" time="0">
          <skipped></skipped>
      </testcase>
      <testcase name="[sig-storage] In-tree Volumes [Driver: cinder] [Testpattern: Dynamic PV (block volmode)] disruptive[Disruptive][LinuxOnly] Should test that pv used in a pod that is deleted while the kubelet is down cleans up when the kubelet returns." classname="Kubernetes e2e suite" time="0">
          <skipped></skipped>
      </testcase>
      <testcase name="[sig-storage] In-tree Volumes [Driver: hostPathSymlink] [Testpattern: Dynamic PV (default fs)] subPath should fail if subpath with backstepping is outside the volume [Slow][LinuxOnly]" classname="Kubernetes e2e suite" time="0">
          <skipped></skipped>
      </testcase>
      <testcase name="[sig-storage] In-tree Volumes [Driver: hostPath] [Testpattern: Dynamic PV (ntfs)][Feature:Windows] subPath should fail if subpath with backstepping is outside the volume [Slow][LinuxOnly]" classname="Kubernetes e2e suite" time="0">
          <skipped></skipped>
      </testcase>
      <testcase name="[sig-storage] In-tree Volumes [Driver: local][LocalVolumeType: dir] [Testpattern: Dynamic PV (ext4)] multiVolume [Slow] should concurrently access the single read-only volume from pods on the same node" classname="Kubernetes e2e suite" time="0">
          <skipped></skipped>
      </testcase>
      <testcase name="[sig-storage] In-tree Volumes [Driver: local][LocalVolumeType: tmpfs] [Testpattern: Dynamic PV (xfs)][Slow] multiVolume [Slow] should concurrently access the single volume from pods on different node" classname="Kubernetes e2e suite" time="0">
          <skipped></skipped>
      </testcase>
      <testcase name="[sig-storage] CSI Volumes [Driver: csi-hostpath] [Testpattern: Dynamic PV (ext4)] multiVolume [Slow] should concurrently access the single volume from pods on different node" classname="Kubernetes e2e suite" time="0">
          <skipped></skipped>
      </testcase>
      <testcase name="[sig-storage] In-tree Volumes [Driver: local][LocalVolumeType: dir] [Testpattern: Dynamic PV (ntfs)][Feature:Windows] subPath should support existing directory" classname="Kubernetes e2e suite" time="0">
          <skipped></skipped>
      </testcase>
      <testcase name="[sig-storage] In-tree Volumes [Driver: hostPath] [Testpattern: Pre-provisioned PV (ntfs)][Feature:Windows] volumes should store data" classname="Kubernetes e2e suite" time="0">
          <skipped></skipped>
      </testcase>
      <testcase name="[sig-storage] In-tree Volumes [Driver: ceph][Feature:Volumes][Serial] [Testpattern: Dynamic PV (ntfs)][Feature:Windows] subPath should be able to unmount after the subpath directory is deleted [LinuxOnly]" classname="Kubernetes e2e suite" time="0">
          <skipped></skipped>
      </testcase>
      <testcase name="[sig-storage] In-tree Volumes [Driver: gcepd] [Testpattern: Dynamic PV (default fs)] subPath should support creating multiple subpath from same volumes [Slow]" classname="Kubernetes e2e suite" time="0">
          <skipped></skipped>
      </testcase>
      <testcase name="[sig-storage] In-tree Volumes [Driver: local][LocalVolumeType: gce-localssd-scsi-fs] [Serial] [Testpattern: Dynamic PV (block volmode)] provisioning should provision storage with pvc data source" classname="Kubernetes e2e suite" time="0">
          <skipped></skipped>
      </testcase>
      <testcase name="[sig-storage] In-tree Volumes [Driver: local][LocalVolumeType: dir] [Testpattern: Dynamic PV (block volmode)] multiVolume [Slow] should access to two volumes with different volume mode and retain data across pod recreation on the same node" classname="Kubernetes e2e suite" time="0">
          <skipped></skipped>
      </testcase>
      <testcase name="[sig-storage] In-tree Volumes [Driver: aws] [Testpattern: Dynamic PV (xfs)][Slow] multiVolume [Slow] should concurrently access the single read-only volume from pods on the same node" classname="Kubernetes e2e suite" time="0">
          <skipped></skipped>
      </testcase>
      <testcase name="[sig-storage] In-tree Volumes [Driver: local][LocalVolumeType: dir-link-bindmounted] [Testpattern: Dynamic PV (xfs)][Slow] multiVolume [Slow] should concurrently access the single volume from pods on different node" classname="Kubernetes e2e suite" time="0">
          <skipped></skipped>
      </testcase>
      <testcase name="[sig-storage] In-tree Volumes [Driver: gcepd] [Testpattern: Dynamic PV (filesystem volmode)] multiVolume [Slow] should concurrently access the single read-only volume from pods on the same node" classname="Kubernetes e2e suite" time="0">
          <skipped></skipped>
      </testcase>
      <testcase name="[sig-storage] In-tree Volumes [Driver: local][LocalVolumeType: tmpfs] [Testpattern: Inline-volume (default fs)] subPath should support existing single file [LinuxOnly]" classname="Kubernetes e2e suite" time="0">
          <skipped></skipped>
      </testcase>
      <testcase name="[sig-storage] In-tree Volumes [Driver: cinder] [Testpattern: Pre-provisioned PV (filesystem volmode)] multiVolume [Slow] should access to two volumes with the same volume mode and retain data across pod recreation on different node" classname="Kubernetes e2e suite" time="0">
          <skipped></skipped>
      </testcase>
      <testcase name="[sig-storage] In-tree Volumes [Driver: local][LocalVolumeType: gce-localssd-scsi-fs] [Serial] [Testpattern: Pre-provisioned PV (filesystem volmode)] multiVolume [Slow] should concurrently access the volume and restored snapshot from pods on the same node [LinuxOnly][Feature:VolumeSnapshotDataSource][Feature:VolumeSourceXFS]" classname="Kubernetes e2e suite" time="0">
          <skipped></skipped>
      </testcase>
      <testcase name="[sig-storage] In-tree Volumes [Driver: vsphere] [Testpattern: Inline-volume (default fs)] volumes should store data" classname="Kubernetes e2e suite" time="0">
          <skipped></skipped>
      </testcase>
      <testcase name="[sig-storage] PersistentVolumes-local  Local volume that cannot be mounted [Slow] should fail due to non-existent path" classname="Kubernetes e2e suite" time="0">
          <skipped></skipped>
      </testcase>
      <testcase name="[sig-apps] Job should run a job to completion when tasks sometimes fail and are locally restarted [Conformance]" classname="Kubernetes e2e suite" time="8.107343165"></testcase>
      <testcase name="[sig-storage] In-tree Volumes [Driver: cinder] [Testpattern: Pre-provisioned PV (default fs)] subPath should fail if subpath with backstepping is outside the volume [Slow][LinuxOnly]" classname="Kubernetes e2e suite" time="0">
          <skipped></skipped>
      </testcase>
      <testcase name="[sig-storage] In-tree Volumes [Driver: local][LocalVolumeType: dir-bindmounted] [Testpattern: Dynamic PV (ext4)] multiVolume [Slow] should access to two volumes with the same volume mode and retain data across pod recreation on different node" classname="Kubernetes e2e suite" time="0">
          <skipped></skipped>
      </testcase>
      <testcase name="[sig-storage] In-tree Volumes [Driver: aws] [Testpattern: Dynamic PV (ext4)] multiVolume [Slow] should concurrently access the single read-only volume from pods on the same node" classname="Kubernetes e2e suite" time="0">
          <skipped></skipped>
      </testcase>
      <testcase name="[sig-storage] In-tree Volumes [Driver: vsphere] [Testpattern: Dynamic PV (block volmode)] multiVolume [Slow] should access to two volumes with different volume mode and retain data across pod recreation on the same node" classname="Kubernetes e2e suite" time="0">
          <skipped></skipped>
      </testcase>
      <testcase name="[sig-storage] In-tree Volumes [Driver: rbd][Feature:Volumes][Serial] [Testpattern: Pre-provisioned PV (block volmode)] multiVolume [Slow] should concurrently access the single volume from pods on different node" classname="Kubernetes e2e suite" time="0">
          <skipped></skipped>
      </testcase>
      <testcase name="[sig-storage] In-tree Volumes [Driver: local][LocalVolumeType: dir-bindmounted] [Testpattern: Dynamic PV (ntfs)][Feature:Windows] subPath should support creating multiple subpath from same volumes [Slow]" classname="Kubernetes e2e suite" time="0">
          <skipped></skipped>
      </testcase>
      <testcase name="[sig-storage] CSI Volumes [Driver: pd.csi.storage.gke.io][Serial] [Testpattern: Dynamic PV (block volmode)] provisioning should provision storage with pvc data source" classname="Kubernetes e2e suite" time="0">
          <skipped></skipped>
      </testcase>
      <testcase name="[sig-api-machinery] health handlers should contain necessary checks" classname="Kubernetes e2e suite" time="0">
          <skipped></skipped>
      </testcase>
      <testcase name="[sig-storage] CSI Volumes [Driver: pd.csi.storage.gke.io][Serial] [Testpattern: Dynamic PV (default fs)] fsgroupchangepolicy (OnRootMismatch)[LinuxOnly], pod created with an initial fsgroup, volume contents ownership changed in first pod, new pod with same fsgroup skips ownership changes to the volume contents" classname="Kubernetes e2e suite" time="0">
          <skipped></skipped>
      </testcase>
      <testcase name="[sig-storage] In-tree Volumes [Driver: local][LocalVolumeType: dir] [Testpattern: Dynamic PV (block volmode)] disruptive[Disruptive][LinuxOnly] Should test that pv written before kubelet restart is readable after restart." classname="Kubernetes e2e suite" time="0">
          <skipped></skipped>
      </testcase>
      <testcase name="[sig-storage] In-tree Volumes [Driver: aws] [Testpattern: Pre-provisioned PV (block volmode)] disruptive[Disruptive][LinuxOnly] Should test that pv written before kubelet restart is readable after restart." classname="Kubernetes e2e suite" time="0">
          <skipped></skipped>
      </testcase>
      <testcase name="[sig-storage] In-tree Volumes [Driver: hostPath] [Testpattern: Inline-volume (default fs)] subPath should support existing directory" classname="Kubernetes e2e suite" time="0">
          <skipped></skipped>
      </testcase>
      <testcase name="[sig-storage] In-tree Volumes [Driver: local][LocalVolumeType: dir-bindmounted] [Testpattern: Pre-provisioned PV (default fs)] subPath should fail if non-existent subpath is outside the volume [Slow][LinuxOnly]" classname="Kubernetes e2e suite" time="0">
          <skipped></skipped>
      </testcase>
      <testcase name="[sig-autoscaling] [HPA] Horizontal pod autoscaling (scale resource: Custom Metrics from Stackdriver) should scale up with two metrics of type Pod from Stackdriver [Feature:CustomMetricsAutoscaling]" classname="Kubernetes e2e suite" time="0">
          <skipped></skipped>
      </testcase>
      <testcase name="[sig-storage] In-tree Volumes [Driver: local][LocalVolumeType: dir-bindmounted] [Testpattern: Dynamic PV (default fs)] fsgroupchangepolicy (OnRootMismatch)[LinuxOnly], pod created with an initial fsgroup, volume contents ownership changed in first pod, new pod with different fsgroup applied to the volume contents" classname="Kubernetes e2e suite" time="0">
          <skipped></skipped>
      </testcase>
      <testcase name="[sig-storage] In-tree Volumes [Driver: azure-disk] [Testpattern: Pre-provisioned PV (default fs)] volumes should allow exec of files on the volume" classname="Kubernetes e2e suite" time="0">
          <skipped></skipped>
      </testcase>
      <testcase name="[sig-storage] In-tree Volumes [Driver: gluster] [Testpattern: Dynamic PV (xfs)][Slow] multiVolume [Slow] should access to two volumes with different volume mode and retain data across pod recreation on the same node" classname="Kubernetes e2e suite" time="0">
          <skipped></skipped>
      </testcase>
      <testcase name="[sig-storage] In-tree Volumes [Driver: vsphere] [Testpattern: Dynamic PV (filesystem volmode)] multiVolume [Slow] should concurrently access the single read-only volume from pods on the same node" classname="Kubernetes e2e suite" time="0">
          <skipped></skipped>
      </testcase>
      <testcase name="[sig-storage] In-tree Volumes [Driver: local][LocalVolumeType: dir] [Testpattern: Pre-provisioned PV (default fs)] subPath should fail if subpath with backstepping is outside the volume [Slow][LinuxOnly]" classname="Kubernetes e2e suite" time="0">
          <skipped></skipped>
      </testcase>
      <testcase name="[sig-storage] In-tree Volumes [Driver: cinder] [Testpattern: Dynamic PV (filesystem volmode)] multiVolume [Slow] should concurrently access the volume and its clone from pods on the same node [LinuxOnly][Feature:VolumeSnapshotDataSource][Feature:VolumeSourceXFS]" classname="Kubernetes e2e suite" time="0">
          <skipped></skipped>
      </testcase>
      <testcase name="[sig-storage] In-tree Volumes [Driver: hostPath] [Testpattern: Dynamic PV (immediate binding)] topology should provision a volume and schedule a pod with AllowedTopologies" classname="Kubernetes e2e suite" time="0">
          <skipped></skipped>
      </testcase>
      <testcase name="[sig-storage] In-tree Volumes [Driver: nfs] [Testpattern: Inline-volume (default fs)] subPath should fail if subpath with backstepping is outside the volume [Slow][LinuxOnly]" classname="Kubernetes e2e suite" time="0">
          <skipped></skipped>
      </testcase>
      <testcase name="[sig-storage] In-tree Volumes [Driver: local][LocalVolumeType: dir-link] [Testpattern: Pre-provisioned PV (default fs)] subPath should fail if subpath file is outside the volume [Slow][LinuxOnly]" classname="Kubernetes e2e suite" time="0">
          <skipped></skipped>
      </testcase>
      <testcase name="[sig-ui] Kubernetes Dashboard [Feature:Dashboard] should check that the kubernetes-dashboard instance is alive" classname="Kubernetes e2e suite" time="0">
          <skipped></skipped>
      </testcase>
      <testcase name="[sig-storage] In-tree Volumes [Driver: local][LocalVolumeType: block] [Testpattern: Dynamic PV (block volmode)] multiVolume [Slow] should access to two volumes with the same volume mode and retain data across pod recreation on the same node" classname="Kubernetes e2e suite" time="0">
          <skipped></skipped>
      </testcase>
      <testcase name="[sig-storage] In-tree Volumes [Driver: azure-disk] [Testpattern: Dynamic PV (xfs)][Slow] multiVolume [Slow] should concurrently access the single volume from pods on the same node" classname="Kubernetes e2e suite" time="0">
          <skipped></skipped>
      </testcase>
      <testcase name="[sig-storage] In-tree Volumes [Driver: local][LocalVolumeType: dir-link-bindmounted] [Testpattern: Dynamic PV (block volmode)(allowExpansion)] volume-expand Verify if offline PVC expansion works" classname="Kubernetes e2e suite" time="0">
          <skipped></skipped>
      </testcase>
      <testcase name="[sig-storage] In-tree Volumes [Driver: local][LocalVolumeType: dir] [Testpattern: Dynamic PV (ntfs)][Feature:Windows] volumes should store data" classname="Kubernetes e2e suite" time="0">
          <skipped></skipped>
      </testcase>
      <testcase name="[sig-storage] In-tree Volumes [Driver: hostPathSymlink] [Testpattern: Dynamic PV (ntfs)][Feature:Windows] subPath should fail if subpath file is outside the volume [Slow][LinuxOnly]" classname="Kubernetes e2e suite" time="0">
          <skipped></skipped>
      </testcase>
      <testcase name="[sig-storage] In-tree Volumes [Driver: nfs] [Testpattern: Pre-provisioned PV (filesystem volmode)] multiVolume [Slow] should concurrently access the single volume from pods on different node" classname="Kubernetes e2e suite" time="0">
          <skipped></skipped>
      </testcase>
      <testcase name="[sig-storage] In-tree Volumes [Driver: local][LocalVolumeType: dir-bindmounted] [Testpattern: Dynamic PV (default fs)] fsgroupchangepolicy (Always)[LinuxOnly], pod created with an initial fsgroup, volume contents ownership changed in first pod, new pod with same fsgroup applied to the volume contents" classname="Kubernetes e2e suite" time="0">
          <skipped></skipped>
      </testcase>
      <testcase name="[sig-storage] PersistentVolumes-local  [Volume type: blockfswithoutformat] Set fsGroup for local volume should set fsGroup for one pod [Slow]" classname="Kubernetes e2e suite" time="0">
          <skipped></skipped>
      </testcase>
      <testcase name="[sig-storage] Zone Support [Feature:vsphere] Verify PVC creation with invalid zone specified in storage class fails" classname="Kubernetes e2e suite" time="0">
          <skipped></skipped>
      </testcase>
      <testcase name="[sig-storage] In-tree Volumes [Driver: azure-disk] [Testpattern: Dynamic PV (ntfs)][Feature:Windows] subPath should fail if non-existent subpath is outside the volume [Slow][LinuxOnly]" classname="Kubernetes e2e suite" time="0">
          <skipped></skipped>
      </testcase>
      <testcase name="[sig-storage] In-tree Volumes [Driver: gcepd] [Testpattern: Dynamic PV (default fs)] fsgroupchangepolicy (OnRootMismatch)[LinuxOnly], pod created with an initial fsgroup, volume contents ownership changed in first pod, new pod with different fsgroup applied to the volume contents" classname="Kubernetes e2e suite" time="0">
          <skipped></skipped>
      </testcase>
      <testcase name="[sig-storage] In-tree Volumes [Driver: local][LocalVolumeType: blockfs] [Testpattern: Dynamic PV (default fs)] volume-expand should not allow expansion of pvcs without AllowVolumeExpansion property" classname="Kubernetes e2e suite" time="0">
          <skipped></skipped>
      </testcase>
      <testcase name="[sig-storage] In-tree Volumes [Driver: local][LocalVolumeType: tmpfs] [Testpattern: Dynamic PV (xfs)][Slow] multiVolume [Slow] should access to two volumes with different volume mode and retain data across pod recreation on the same node" classname="Kubernetes e2e suite" time="0">
          <skipped></skipped>
      </testcase>
      <testcase name="[sig-storage] CSI Volumes [Driver: pd.csi.storage.gke.io][Serial] [Testpattern: Generic Ephemeral-volume (default fs) (late-binding)] ephemeral should create read-only inline ephemeral volume" classname="Kubernetes e2e suite" time="0">
          <skipped></skipped>
      </testcase>
      <testcase name="[sig-storage] In-tree Volumes [Driver: vsphere] [Testpattern: Dynamic PV (filesystem volmode)] volumeMode should fail to use a volume in a pod with mismatched mode [Slow]" classname="Kubernetes e2e suite" time="0">
          <skipped></skipped>
      </testcase>
      <testcase name="[sig-storage] In-tree Volumes [Driver: emptydir] [Testpattern: Dynamic PV (default fs)] subPath should verify container cannot write to subpath readonly volumes [Slow]" classname="Kubernetes e2e suite" time="0">
          <skipped></skipped>
      </testcase>
      <testcase name="[sig-storage] In-tree Volumes [Driver: iscsi][Feature:Volumes] [Testpattern: Dynamic PV (filesystem volmode)] volumeLimits should verify that all csinodes have volume limits" classname="Kubernetes e2e suite" time="0">
          <skipped></skipped>
      </testcase>
      <testcase name="[sig-storage] CSI Volumes [Driver: pd.csi.storage.gke.io][Serial] [Testpattern: Pre-provisioned PV (default fs)] volumes should store data" classname="Kubernetes e2e suite" time="0">
          <skipped></skipped>
      </testcase>
      <testcase name="[sig-storage] In-tree Volumes [Driver: local][LocalVolumeType: dir] [Testpattern: Dynamic PV (default fs)] fsgroupchangepolicy (OnRootMismatch)[LinuxOnly], pod created with an initial fsgroup, new pod fsgroup applied to volume contents" classname="Kubernetes e2e suite" time="0">
          <skipped></skipped>
      </testcase>
      <testcase name="[sig-storage] Zone Support [Feature:vsphere] Verify PVC creation fails if the availability zone specified in the storage class have no shared datastores under it." classname="Kubernetes e2e suite" time="0">
          <skipped></skipped>
      </testcase>
      <testcase name="[sig-storage] In-tree Volumes [Driver: windows-gcepd] [Testpattern: Dynamic PV (block volmode)] disruptive[Disruptive][LinuxOnly] Should test that pv written before kubelet restart is readable after restart." classname="Kubernetes e2e suite" time="0">
          <skipped></skipped>
      </testcase>
      <testcase name="[sig-storage] In-tree Volumes [Driver: nfs] [Testpattern: Dynamic PV (block volmode)] multiVolume [Slow] should concurrently access the volume and its clone from pods on the same node [LinuxOnly][Feature:VolumeSnapshotDataSource][Feature:VolumeSourceXFS]" classname="Kubernetes e2e suite" time="0">
          <skipped></skipped>
      </testcase>
      <testcase name="[sig-storage] In-tree Volumes [Driver: iscsi][Feature:Volumes] [Testpattern: Pre-provisioned PV (default fs)] subPath should support existing single file [LinuxOnly]" classname="Kubernetes e2e suite" time="0">
          <skipped></skipped>
      </testcase>
      <testcase name="[sig-node] Probing container should *not* be restarted with a exec &#34;cat /tmp/health&#34; liveness probe [NodeConformance] [Conformance]" classname="Kubernetes e2e suite" time="245.083621712"></testcase>
      <testcase name="[sig-network] LoadBalancers ESIPP [Slow] should only target nodes with endpoints" classname="Kubernetes e2e suite" time="0">
          <skipped></skipped>
      </testcase>
      <testcase name="[sig-storage] In-tree Volumes [Driver: local][LocalVolumeType: tmpfs] [Testpattern: Inline-volume (default fs)] subPath should support existing directory" classname="Kubernetes e2e suite" time="0">
          <skipped></skipped>
      </testcase>
      <testcase name="[sig-storage] In-tree Volumes [Driver: azure-disk] [Testpattern: Pre-provisioned PV (block volmode)] multiVolume [Slow] should concurrently access the single read-only volume from pods on the same node" classname="Kubernetes e2e suite" time="0">
          <skipped></skipped>
      </testcase>
      <testcase name="[sig-storage] In-tree Volumes [Driver: windows-gcepd] [Testpattern: Pre-provisioned PV (default fs)] subPath should support creating multiple subpath from same volumes [Slow]" classname="Kubernetes e2e suite" time="0">
          <skipped></skipped>
      </testcase>
      <testcase name="[sig-storage] In-tree Volumes [Driver: local][LocalVolumeType: tmpfs] [Testpattern: Pre-provisioned PV (filesystem volmode)] multiVolume [Slow] should access to two volumes with the same volume mode and retain data across pod recreation on different node" classname="Kubernetes e2e suite" time="0">
          <skipped></skipped>
      </testcase>
      <testcase name="[sig-storage] In-tree Volumes [Driver: local][LocalVolumeType: dir-link] [Testpattern: Dynamic PV (xfs)][Slow] multiVolume [Slow] should access to two volumes with the same volume mode and retain data across pod recreation on different node" classname="Kubernetes e2e suite" time="0">
          <skipped></skipped>
      </testcase>
      <testcase name="[sig-storage] In-tree Volumes [Driver: local][LocalVolumeType: tmpfs] [Testpattern: Dynamic PV (ntfs)][Feature:Windows] subPath should verify container cannot write to subpath readonly volumes [Slow]" classname="Kubernetes e2e suite" time="0">
          <skipped></skipped>
      </testcase>
      <testcase name="[sig-storage] CSI Volumes [Driver: csi-hostpath] [Testpattern: Dynamic PV (ntfs)][Feature:Windows] volumes should store data" classname="Kubernetes e2e suite" time="0">
          <skipped></skipped>
      </testcase>
      <testcase name="[sig-storage] In-tree Volumes [Driver: hostPathSymlink] [Testpattern: Inline-volume (default fs)] subPath should fail if subpath directory is outside the volume [Slow][LinuxOnly]" classname="Kubernetes e2e suite" time="0">
          <skipped></skipped>
      </testcase>
      <testcase name="[sig-storage] In-tree Volumes [Driver: local][LocalVolumeType: gce-localssd-scsi-fs] [Serial] [Testpattern: Inline-volume (default fs)] volumes should store data" classname="Kubernetes e2e suite" time="0">
          <skipped></skipped>
      </testcase>
      <testcase name="[sig-storage] In-tree Volumes [Driver: aws] [Testpattern: Dynamic PV (block volmode)] multiVolume [Slow] should access to two volumes with the same volume mode and retain data across pod recreation on different node" classname="Kubernetes e2e suite" time="0">
          <skipped></skipped>
      </testcase>
      <testcase name="[sig-storage] In-tree Volumes [Driver: local][LocalVolumeType: blockfs] [Testpattern: Pre-provisioned PV (filesystem volmode)] multiVolume [Slow] should concurrently access the volume and restored snapshot from pods on the same node [LinuxOnly][Feature:VolumeSnapshotDataSource][Feature:VolumeSourceXFS]" classname="Kubernetes e2e suite" time="0">
          <skipped></skipped>
      </testcase>
      <testcase name="[sig-node] ConfigMap should be consumable via the environment [NodeConformance] [Conformance]" classname="Kubernetes e2e suite" time="2.148597813"></testcase>
      <testcase name="[sig-api-machinery] ResourceQuota [Feature:PodPriority] should verify ResourceQuota&#39;s priority class scope (quota set to pod count: 1) against a pod with same priority class." classname="Kubernetes e2e suite" time="0">
          <skipped></skipped>
      </testcase>
      <testcase name="[sig-storage] In-tree Volumes [Driver: emptydir] [Testpattern: Dynamic PV (default fs)] fsgroupchangepolicy (OnRootMismatch)[LinuxOnly], pod created with an initial fsgroup, volume contents ownership changed in first pod, new pod with same fsgroup skips ownership changes to the volume contents" classname="Kubernetes e2e suite" time="0">
          <skipped></skipped>
      </testcase>
      <testcase name="[sig-storage] Downward API volume should update annotations on modification [NodeConformance] [Conformance]" classname="Kubernetes e2e suite" time="4.647999735"></testcase>
      <testcase name="[sig-auth] PodSecurityPolicy [Feature:PodSecurityPolicy] should allow pods under the privileged policy.PodSecurityPolicy" classname="Kubernetes e2e suite" time="0">
          <skipped></skipped>
      </testcase>
      <testcase name="[sig-storage] In-tree Volumes [Driver: gluster] [Testpattern: Dynamic PV (xfs)][Slow] multiVolume [Slow] should concurrently access the volume and its clone from pods on the same node [LinuxOnly][Feature:VolumeSnapshotDataSource][Feature:VolumeSourceXFS]" classname="Kubernetes e2e suite" time="0">
          <skipped></skipped>
      </testcase>
      <testcase name="[sig-storage] In-tree Volumes [Driver: local][LocalVolumeType: dir-link-bindmounted] [Testpattern: Dynamic PV (default fs)] subPath should support readOnly file specified in the volumeMount [LinuxOnly]" classname="Kubernetes e2e suite" time="0">
          <skipped></skipped>
      </testcase>
      <testcase name="[sig-storage] CSI mock volume CSI Snapshot Controller metrics [Feature:VolumeSnapshotDataSource] snapshot controller should emit pre-provisioned CreateSnapshot, CreateSnapshotAndReady, and DeleteSnapshot metrics" classname="Kubernetes e2e suite" time="0">
          <skipped></skipped>
      </testcase>
      <testcase name="[sig-storage] In-tree Volumes [Driver: hostPathSymlink] [Testpattern: Dynamic PV (block volmode)] multiVolume [Slow] should concurrently access the volume and restored snapshot from pods on the same node [LinuxOnly][Feature:VolumeSnapshotDataSource][Feature:VolumeSourceXFS]" classname="Kubernetes e2e suite" time="0">
          <skipped></skipped>
      </testcase>
      <testcase name="[sig-storage] In-tree Volumes [Driver: aws] [Testpattern: Inline-volume (default fs)] subPath should support creating multiple subpath from same volumes [Slow]" classname="Kubernetes e2e suite" time="0">
          <skipped></skipped>
      </testcase>
      <testcase name="[sig-storage] In-tree Volumes [Driver: gcepd] [Testpattern: Dynamic PV (block volmode)] provisioning should provision storage with pvc data source in parallel [Slow]" classname="Kubernetes e2e suite" time="0">
          <skipped></skipped>
      </testcase>
      <testcase name="[sig-storage] CSI Volumes [Driver: csi-hostpath] [Testpattern: Pre-provisioned PV (default fs)] subPath should fail if subpath directory is outside the volume [Slow][LinuxOnly]" classname="Kubernetes e2e suite" time="0">
          <skipped></skipped>
      </testcase>
      <testcase name="[sig-storage] In-tree Volumes [Driver: local][LocalVolumeType: dir-bindmounted] [Testpattern: Dynamic PV (xfs)][Slow] multiVolume [Slow] should access to two volumes with different volume mode and retain data across pod recreation on different node" classname="Kubernetes e2e suite" time="0">
          <skipped></skipped>
      </testcase>
      <testcase name="[sig-network] Networking Granular Checks: Pods should function for intra-pod communication: http [NodeConformance] [Conformance]" classname="Kubernetes e2e suite" time="24.224009477"></testcase>
      <testcase name="[sig-storage] PersistentVolumes-local  Pod with node different from PV&#39;s NodeAffinity should fail scheduling due to different NodeSelector" classname="Kubernetes e2e suite" time="0">
          <skipped></skipped>
      </testcase>
      <testcase name="[sig-windows] Services should be able to create a functioning NodePort service for Windows" classname="Kubernetes e2e suite" time="0">
          <skipped></skipped>
      </testcase>
      <testcase name="[sig-storage] In-tree Volumes [Driver: hostPath] [Testpattern: Inline-volume (default fs)] subPath should verify container cannot write to subpath readonly volumes [Slow]" classname="Kubernetes e2e suite" time="0">
          <skipped></skipped>
      </testcase>
      <testcase name="[sig-storage] CSI Volumes [Driver: pd.csi.storage.gke.io][Serial] [Testpattern: Pre-provisioned PV (default fs)] subPath should support readOnly file specified in the volumeMount [LinuxOnly]" classname="Kubernetes e2e suite" time="0">
          <skipped></skipped>
      </testcase>
      <testcase name="[sig-storage] In-tree Volumes [Driver: emptydir] [Testpattern: Dynamic PV (ext4)] multiVolume [Slow] should access to two volumes with the same volume mode and retain data across pod recreation on the same node" classname="Kubernetes e2e suite" time="0">
          <skipped></skipped>
      </testcase>
      <testcase name="[sig-storage] In-tree Volumes [Driver: local][LocalVolumeType: dir-bindmounted] [Testpattern: Dynamic PV (ntfs)][Feature:Windows] subPath should support readOnly file specified in the volumeMount [LinuxOnly]" classname="Kubernetes e2e suite" time="0">
          <skipped></skipped>
      </testcase>
      <testcase name="[sig-storage] In-tree Volumes [Driver: gcepd] [Testpattern: Pre-provisioned PV (filesystem volmode)] multiVolume [Slow] should access to two volumes with different volume mode and retain data across pod recreation on different node" classname="Kubernetes e2e suite" time="0">
          <skipped></skipped>
      </testcase>
      <testcase name="[sig-api-machinery] AdmissionWebhook [Privileged:ClusterAdmin] should be able to deny attaching pod [Conformance]" classname="Kubernetes e2e suite" time="6.199905816"></testcase>
      <testcase name="[sig-cloud-provider-gcp] Ports Security Check [Feature:KubeletSecurity] should not be able to proxy to the readonly kubelet port 10255 using proxy subresource" classname="Kubernetes e2e suite" time="0">
          <skipped></skipped>
      </testcase>
      <testcase name="[sig-storage] In-tree Volumes [Driver: local][LocalVolumeType: blockfs] [Testpattern: Pre-provisioned PV (default fs)] volumes should store data" classname="Kubernetes e2e suite" time="0">
          <skipped></skipped>
      </testcase>
      <testcase name="[sig-storage] In-tree Volumes [Driver: local][LocalVolumeType: dir-link] [Testpattern: Pre-provisioned PV (filesystem volmode)] multiVolume [Slow] should concurrently access the volume and restored snapshot from pods on the same node [LinuxOnly][Feature:VolumeSnapshotDataSource][Feature:VolumeSourceXFS]" classname="Kubernetes e2e suite" time="0">
          <skipped></skipped>
      </testcase>
      <testcase name="[sig-storage] In-tree Volumes [Driver: windows-gcepd] [Testpattern: Dynamic PV (ntfs)][Feature:Windows] subPath should unmount if pod is force deleted while kubelet is down [Disruptive][Slow][LinuxOnly]" classname="Kubernetes e2e suite" time="0">
          <skipped></skipped>
      </testcase>
      <testcase name="[sig-storage] In-tree Volumes [Driver: vsphere] [Testpattern: Dynamic PV (default fs)] subPath should fail if subpath with backstepping is outside the volume [Slow][LinuxOnly]" classname="Kubernetes e2e suite" time="0">
          <skipped></skipped>
      </testcase>
      <testcase name="[sig-storage] Subpath Atomic writer volumes should support subpaths with secret pod [LinuxOnly] [Conformance]" classname="Kubernetes e2e suite" time="22.426708091"></testcase>
      <testcase name="[sig-storage] In-tree Volumes [Driver: gluster] [Testpattern: Dynamic PV (default fs)] subPath should verify container cannot write to subpath readonly volumes [Slow]" classname="Kubernetes e2e suite" time="0">
          <skipped></skipped>
      </testcase>
      <testcase name="[sig-storage] In-tree Volumes [Driver: hostPathSymlink] [Testpattern: Dynamic PV (filesystem volmode)] multiVolume [Slow] should concurrently access the single volume from pods on the same node" classname="Kubernetes e2e suite" time="0">
          <skipped></skipped>
      </testcase>
      <testcase name="[sig-storage] In-tree Volumes [Driver: ceph][Feature:Volumes][Serial] [Testpattern: Pre-provisioned PV (block volmode)] multiVolume [Slow] should access to two volumes with the same volume mode and retain data across pod recreation on the same node" classname="Kubernetes e2e suite" time="0">
          <skipped></skipped>
      </testcase>
      <testcase name="[sig-storage] CSI Volumes [Driver: csi-hostpath] [Testpattern: Dynamic PV (xfs)][Slow] multiVolume [Slow] should concurrently access the volume and its clone from pods on the same node [LinuxOnly][Feature:VolumeSnapshotDataSource][Feature:VolumeSourceXFS]" classname="Kubernetes e2e suite" time="0">
          <skipped></skipped>
      </testcase>
      <testcase name="[sig-storage] In-tree Volumes [Driver: windows-gcepd] [Testpattern: Dynamic PV (default fs)] volumes should allow exec of files on the volume" classname="Kubernetes e2e suite" time="0">
          <skipped></skipped>
      </testcase>
      <testcase name="[sig-storage] In-tree Volumes [Driver: ceph][Feature:Volumes][Serial] [Testpattern: Pre-provisioned PV (default fs)] subPath should unmount if pod is gracefully deleted while kubelet is down [Disruptive][Slow][LinuxOnly]" classname="Kubernetes e2e suite" time="0">
          <skipped></skipped>
      </testcase>
      <testcase name="[sig-storage] CSI Volumes [Driver: pd.csi.storage.gke.io][Serial] [Testpattern: Dynamic PV (xfs)][Slow] multiVolume [Slow] should access to two volumes with the same volume mode and retain data across pod recreation on the same node" classname="Kubernetes e2e suite" time="0">
          <skipped></skipped>
      </testcase>
      <testcase name="[sig-apps] DisruptionController should observe that the PodDisruptionBudget status is not updated for unmanaged pods" classname="Kubernetes e2e suite" time="0">
          <skipped></skipped>
      </testcase>
      <testcase name="[sig-storage] In-tree Volumes [Driver: local][LocalVolumeType: gce-localssd-scsi-fs] [Serial] [Testpattern: Pre-provisioned PV (block volmode)] volumeMode should fail to use a volume in a pod with mismatched mode [Slow]" classname="Kubernetes e2e suite" time="0">
          <skipped></skipped>
      </testcase>
      <testcase name="[sig-storage] [Serial] Volume metrics PVController should create none metrics for pvc controller before creating any PV or PVC" classname="Kubernetes e2e suite" time="0">
          <skipped></skipped>
      </testcase>
      <testcase name="[sig-storage] In-tree Volumes [Driver: hostPath] [Testpattern: Pre-provisioned PV (block volmode)] multiVolume [Slow] should concurrently access the single volume from pods on different node" classname="Kubernetes e2e suite" time="0">
          <skipped></skipped>
      </testcase>
      <testcase name="[sig-storage] In-tree Volumes [Driver: local][LocalVolumeType: dir-link] [Testpattern: Pre-provisioned PV (block volmode)] volumeMode should fail to use a volume in a pod with mismatched mode [Slow]" classname="Kubernetes e2e suite" time="0">
          <skipped></skipped>
      </testcase>
      <testcase name="[sig-storage] Zone Support [Feature:vsphere] Verify PVC creation with incompatible storagePolicy and zone combination specified in storage class fails" classname="Kubernetes e2e suite" time="0">
          <skipped></skipped>
      </testcase>
      <testcase name="[sig-storage] In-tree Volumes [Driver: local][LocalVolumeType: blockfs] [Testpattern: Dynamic PV (block volmode)] multiVolume [Slow] should access to two volumes with different volume mode and retain data across pod recreation on the same node" classname="Kubernetes e2e suite" time="0">
          <skipped></skipped>
      </testcase>
      <testcase name="[sig-storage] In-tree Volumes [Driver: azure-disk] [Testpattern: Inline-volume (xfs)][Slow] volumes should store data" classname="Kubernetes e2e suite" time="0">
          <skipped></skipped>
      </testcase>
      <testcase name="[sig-storage] In-tree Volumes [Driver: local][LocalVolumeType: tmpfs] [Testpattern: Inline-volume (default fs)] volumes should store data" classname="Kubernetes e2e suite" time="0">
          <skipped></skipped>
      </testcase>
      <testcase name="[sig-api-machinery] Server request timeout default timeout should be used if the specified timeout in the request URL is 0s" classname="Kubernetes e2e suite" time="0">
          <skipped></skipped>
      </testcase>
      <testcase name="[sig-storage] In-tree Volumes [Driver: hostPathSymlink] [Testpattern: Pre-provisioned PV (block volmode)] disruptive[Disruptive][LinuxOnly] Should test that pv used in a pod that is force deleted while the kubelet is down cleans up when the kubelet returns." classname="Kubernetes e2e suite" time="0">
          <skipped></skipped>
      </testcase>
      <testcase name="[sig-storage] HostPathType File [Slow] Should fail on mounting file &#39;afile&#39; when HostPathType is HostPathSocket" classname="Kubernetes e2e suite" time="0">
          <skipped></skipped>
      </testcase>
      <testcase name="[sig-storage] In-tree Volumes [Driver: hostPathSymlink] [Testpattern: Inline-volume (ext3)] volumes should store data" classname="Kubernetes e2e suite" time="0">
          <skipped></skipped>
      </testcase>
      <testcase name="[sig-storage] In-tree Volumes [Driver: windows-gcepd] [Testpattern: Dynamic PV (default fs)] fsgroupchangepolicy (Always)[LinuxOnly], pod created with an initial fsgroup, volume contents ownership changed in first pod, new pod with different fsgroup applied to the volume contents" classname="Kubernetes e2e suite" time="0">
          <skipped></skipped>
      </testcase>
      <testcase name="[sig-storage] In-tree Volumes [Driver: vsphere] [Testpattern: Inline-volume (ext3)] volumes should store data" classname="Kubernetes e2e suite" time="0">
          <skipped></skipped>
      </testcase>
      <testcase name="[sig-storage] In-tree Volumes [Driver: nfs] [Testpattern: Pre-provisioned PV (block volmode)] multiVolume [Slow] should access to two volumes with the same volume mode and retain data across pod recreation on the same node" classname="Kubernetes e2e suite" time="0">
          <skipped></skipped>
      </testcase>
      <testcase name="[sig-storage] In-tree Volumes [Driver: rbd][Feature:Volumes][Serial] [Testpattern: Dynamic PV (ntfs)][Feature:Windows] provisioning should provision storage with snapshot data source [Feature:VolumeSnapshotDataSource]" classname="Kubernetes e2e suite" time="0">
          <skipped></skipped>
      </testcase>
      <testcase name="[sig-storage] In-tree Volumes [Driver: hostPathSymlink] [Testpattern: Dynamic PV (default fs)] subPath should support existing directory" classname="Kubernetes e2e suite" time="0">
          <skipped></skipped>
      </testcase>
      <testcase name="[sig-storage] In-tree Volumes [Driver: local][LocalVolumeType: dir-link-bindmounted] [Testpattern: Pre-provisioned PV (default fs)] subPath should fail if subpath file is outside the volume [Slow][LinuxOnly]" classname="Kubernetes e2e suite" time="0">
          <skipped></skipped>
      </testcase>
      <testcase name="[sig-storage] In-tree Volumes [Driver: vsphere] [Testpattern: Dynamic PV (default fs)] provisioning should provision storage with pvc data source" classname="Kubernetes e2e suite" time="0">
          <skipped></skipped>
      </testcase>
      <testcase name="[sig-storage] In-tree Volumes [Driver: windows-gcepd] [Testpattern: Dynamic PV (block volmode)] multiVolume [Slow] should access to two volumes with the same volume mode and retain data across pod recreation on different node" classname="Kubernetes e2e suite" time="0">
          <skipped></skipped>
      </testcase>
      <testcase name="[sig-storage] In-tree Volumes [Driver: local][LocalVolumeType: dir-link] [Testpattern: Inline-volume (xfs)][Slow] volumes should allow exec of files on the volume" classname="Kubernetes e2e suite" time="0">
          <skipped></skipped>
      </testcase>
      <testcase name="[sig-storage] ConfigMap should be consumable from pods in volume with defaultMode set [LinuxOnly] [NodeConformance] [Conformance]" classname="Kubernetes e2e suite" time="2.116866613"></testcase>
      <testcase name="[sig-storage] In-tree Volumes [Driver: local][LocalVolumeType: dir] [Testpattern: Pre-provisioned PV (default fs)] subPath should fail if subpath file is outside the volume [Slow][LinuxOnly]" classname="Kubernetes e2e suite" time="0">
          <skipped></skipped>
      </testcase>
      <testcase name="[sig-storage] In-tree Volumes [Driver: gluster] [Testpattern: Dynamic PV (filesystem volmode)] volumeLimits should support volume limits [Serial]" classname="Kubernetes e2e suite" time="0">
          <skipped></skipped>
      </testcase>
      <testcase name="[sig-storage] In-tree Volumes [Driver: iscsi][Feature:Volumes] [Testpattern: Inline-volume (default fs)] subPath should support existing directories when readOnly specified in the volumeSource" classname="Kubernetes e2e suite" time="0">
          <skipped></skipped>
      </testcase>
      <testcase name="[sig-storage] In-tree Volumes [Driver: ceph][Feature:Volumes][Serial] [Testpattern: Pre-provisioned PV (filesystem volmode)] multiVolume [Slow] should concurrently access the single volume from pods on different node" classname="Kubernetes e2e suite" time="0">
          <skipped></skipped>
      </testcase>
      <testcase name="[sig-storage] In-tree Volumes [Driver: local][LocalVolumeType: gce-localssd-scsi-fs] [Serial] [Testpattern: Dynamic PV (block volmode)] multiVolume [Slow] should access to two volumes with different volume mode and retain data across pod recreation on different node" classname="Kubernetes e2e suite" time="0">
          <skipped></skipped>
      </testcase>
      <testcase name="[sig-storage] In-tree Volumes [Driver: local][LocalVolumeType: dir-link] [Testpattern: Dynamic PV (default fs)] subPath should support existing directories when readOnly specified in the volumeSource" classname="Kubernetes e2e suite" time="0">
          <skipped></skipped>
      </testcase>
      <testcase name="[sig-storage] In-tree Volumes [Driver: azure-disk] [Testpattern: Dynamic PV (block volmode)] multiVolume [Slow] should access to two volumes with the same volume mode and retain data across pod recreation on the same node" classname="Kubernetes e2e suite" time="0">
          <skipped></skipped>
      </testcase>
      <testcase name="[sig-cloud-provider-gcp] HA-master [Feature:HAMaster] survive addition/removal replicas different zones [Serial][Disruptive]" classname="Kubernetes e2e suite" time="0">
          <skipped></skipped>
      </testcase>
      <testcase name="[sig-storage] In-tree Volumes [Driver: iscsi][Feature:Volumes] [Testpattern: Dynamic PV (ext4)] multiVolume [Slow] should access to two volumes with different volume mode and retain data across pod recreation on different node" classname="Kubernetes e2e suite" time="0">
          <skipped></skipped>
      </testcase>
      <testcase name="[sig-storage] In-tree Volumes [Driver: windows-gcepd] [Testpattern: Dynamic PV (filesystem volmode)] multiVolume [Slow] should access to two volumes with the same volume mode and retain data across pod recreation on different node" classname="Kubernetes e2e suite" time="0">
          <skipped></skipped>
      </testcase>
      <testcase name="[sig-storage] In-tree Volumes [Driver: gcepd] [Testpattern: Dynamic PV (ntfs)][Feature:Windows] provisioning should provision storage with pvc data source" classname="Kubernetes e2e suite" time="0">
          <skipped></skipped>
      </testcase>
      <testcase name="[sig-windows] [Feature:Windows] GMSA Full [Serial] [Slow] GMSA support works end to end" classname="Kubernetes e2e suite" time="0">
          <skipped></skipped>
      </testcase>
      <testcase name="[sig-storage] In-tree Volumes [Driver: local][LocalVolumeType: blockfs] [Testpattern: Dynamic PV (block volmode)] multiVolume [Slow] should concurrently access the single volume from pods on different node" classname="Kubernetes e2e suite" time="0">
          <skipped></skipped>
      </testcase>
      <testcase name="[sig-storage] In-tree Volumes [Driver: local][LocalVolumeType: dir-link] [Testpattern: Dynamic PV (default fs)] subPath should support existing directory" classname="Kubernetes e2e suite" time="0">
          <skipped></skipped>
      </testcase>
      <testcase name="[sig-storage] In-tree Volumes [Driver: gcepd] [Testpattern: Inline-volume (default fs)] subPath should fail if non-existent subpath is outside the volume [Slow][LinuxOnly]" classname="Kubernetes e2e suite" time="0">
          <skipped></skipped>
      </testcase>
      <testcase name="[sig-storage] In-tree Volumes [Driver: hostPathSymlink] [Testpattern: Dynamic PV (default fs)] fsgroupchangepolicy (OnRootMismatch)[LinuxOnly], pod created with an initial fsgroup, volume contents ownership changed in first pod, new pod with different fsgroup applied to the volume contents" classname="Kubernetes e2e suite" time="0">
          <skipped></skipped>
      </testcase>
      <testcase name="[sig-storage] In-tree Volumes [Driver: aws] [Testpattern: Dynamic PV (ext4)] multiVolume [Slow] should access to two volumes with different volume mode and retain data across pod recreation on the same node" classname="Kubernetes e2e suite" time="0">
          <skipped></skipped>
      </testcase>
      <testcase name="[sig-storage] In-tree Volumes [Driver: windows-gcepd] [Testpattern: Dynamic PV (default fs)] subPath should unmount if pod is gracefully deleted while kubelet is down [Disruptive][Slow][LinuxOnly]" classname="Kubernetes e2e suite" time="0">
          <skipped></skipped>
      </testcase>
      <testcase name="[sig-storage] In-tree Volumes [Driver: gcepd] [Testpattern: Dynamic PV (delayed binding)] topology should fail to schedule a pod which has topologies that conflict with AllowedTopologies" classname="Kubernetes e2e suite" time="0">
          <skipped></skipped>
      </testcase>
      <testcase name="[sig-storage] In-tree Volumes [Driver: gluster] [Testpattern: Dynamic PV (ntfs)][Feature:Windows] subPath should unmount if pod is force deleted while kubelet is down [Disruptive][Slow][LinuxOnly]" classname="Kubernetes e2e suite" time="0">
          <skipped></skipped>
      </testcase>
      <testcase name="[sig-storage] In-tree Volumes [Driver: emptydir] [Testpattern: Pre-provisioned PV (ext4)] volumes should allow exec of files on the volume" classname="Kubernetes e2e suite" time="0">
          <skipped></skipped>
      </testcase>
      <testcase name="[sig-storage] In-tree Volumes [Driver: local][LocalVolumeType: blockfs] [Testpattern: Pre-provisioned PV (default fs)] subPath should support file as subpath [LinuxOnly]" classname="Kubernetes e2e suite" time="0">
          <skipped></skipped>
      </testcase>
      <testcase name="[sig-node] PodTemplates should run the lifecycle of PodTemplates [Conformance]" classname="Kubernetes e2e suite" time="0.088109508"></testcase>
      <testcase name="[sig-storage] In-tree Volumes [Driver: emptydir] [Testpattern: Inline-volume (default fs)] subPath should support creating multiple subpath from same volumes [Slow]" classname="Kubernetes e2e suite" time="0">
          <skipped></skipped>
      </testcase>
      <testcase name="[sig-storage] In-tree Volumes [Driver: hostPath] [Testpattern: Pre-provisioned PV (ext3)] volumes should allow exec of files on the volume" classname="Kubernetes e2e suite" time="0">
          <skipped></skipped>
      </testcase>
      <testcase name="[sig-storage] In-tree Volumes [Driver: local][LocalVolumeType: dir-link] [Testpattern: Pre-provisioned PV (ext3)] volumes should allow exec of files on the volume" classname="Kubernetes e2e suite" time="0">
          <skipped></skipped>
      </testcase>
      <testcase name="[sig-storage] In-tree Volumes [Driver: windows-gcepd] [Testpattern: Pre-provisioned PV (default fs)] subPath should support file as subpath [LinuxOnly]" classname="Kubernetes e2e suite" time="0">
          <skipped></skipped>
      </testcase>
      <testcase name="[sig-storage] CSI Volumes [Driver: pd.csi.storage.gke.io][Serial] [Testpattern: Dynamic PV (ntfs)][Feature:Windows] subPath should fail if subpath file is outside the volume [Slow][LinuxOnly]" classname="Kubernetes e2e suite" time="0">
          <skipped></skipped>
      </testcase>
      <testcase name="[sig-storage] In-tree Volumes [Driver: gcepd] [Testpattern: Inline-volume (default fs)] subPath should be able to unmount after the subpath directory is deleted [LinuxOnly]" classname="Kubernetes e2e suite" time="0">
          <skipped></skipped>
      </testcase>
      <testcase name="[sig-storage] Zone Support [Feature:vsphere] Verify a PVC creation fails when multiple zones are specified in the storage class without shared datastores among the zones in waitForFirstConsumer binding mode" classname="Kubernetes e2e suite" time="0">
          <skipped></skipped>
      </testcase>
      <testcase name="[sig-storage] HostPathType Block Device [Slow] Should fail on mounting block device &#39;ablkdev&#39; when HostPathType is HostPathCharDev" classname="Kubernetes e2e suite" time="0">
          <skipped></skipped>
      </testcase>
      <testcase name="[sig-storage] In-tree Volumes [Driver: local][LocalVolumeType: dir] [Testpattern: Dynamic PV (block volmode)] volumeMode should fail in binding dynamic provisioned PV to PVC [Slow][LinuxOnly]" classname="Kubernetes e2e suite" time="0">
          <skipped></skipped>
      </testcase>
      <testcase name="[sig-storage] In-tree Volumes [Driver: azure-disk] [Testpattern: Dynamic PV (ntfs)][Feature:Windows] subPath should unmount if pod is force deleted while kubelet is down [Disruptive][Slow][LinuxOnly]" classname="Kubernetes e2e suite" time="0">
          <skipped></skipped>
      </testcase>
      <testcase name="[sig-storage] In-tree Volumes [Driver: hostPath] [Testpattern: Pre-provisioned PV (filesystem volmode)] multiVolume [Slow] should concurrently access the single volume from pods on the same node" classname="Kubernetes e2e suite" time="0">
          <skipped></skipped>
      </testcase>
      <testcase name="[sig-storage] In-tree Volumes [Driver: local][LocalVolumeType: block] [Testpattern: Dynamic PV (ext4)] multiVolume [Slow] should access to two volumes with different volume mode and retain data across pod recreation on different node" classname="Kubernetes e2e suite" time="0">
          <skipped></skipped>
      </testcase>
      <testcase name="[sig-apps] Deployment deployment reaping should cascade to its replica sets and pods" classname="Kubernetes e2e suite" time="0">
          <skipped></skipped>
      </testcase>
      <testcase name="[sig-storage] In-tree Volumes [Driver: local][LocalVolumeType: tmpfs] [Testpattern: Pre-provisioned PV (ext3)] volumes should allow exec of files on the volume" classname="Kubernetes e2e suite" time="0">
          <skipped></skipped>
      </testcase>
      <testcase name="[sig-storage] CSI Volumes [Driver: pd.csi.storage.gke.io][Serial] [Testpattern: Dynamic PV (ntfs)(allowExpansion)][Feature:Windows] volume-expand should resize volume when PVC is edited while pod is using it" classname="Kubernetes e2e suite" time="0">
          <skipped></skipped>
      </testcase>
      <testcase name="[sig-network] Services should be able to change the type from ExternalName to NodePort [Conformance]" classname="Kubernetes e2e suite" time="0.278447032">
          <failure type="Failure">/workspace/src/k8s.io/kubernetes/_output/dockerized/go/src/k8s.io/kubernetes/test/e2e/framework/framework.go:630&#xA;Aug 27 10:56:12.921: Unexpected error:&#xA;    &lt;*errors.errorString | 0xc006724d60&gt;: {&#xA;        s: &#34;out-of-range nodePort (8963) for service&#34;,&#xA;    }&#xA;    out-of-range nodePort (8963) for service&#xA;occurred&#xA;/workspace/src/k8s.io/kubernetes/_output/dockerized/go/src/k8s.io/kubernetes/test/e2e/network/service.go:1366</failure>
          <system-out>[BeforeEach] [sig-network] Services&#xA;  /workspace/src/k8s.io/kubernetes/_output/dockerized/go/src/k8s.io/kubernetes/test/e2e/framework/framework.go:185&#xA;STEP: Creating a kubernetes client&#xA;Aug 27 10:56:12.828: INFO: &gt;&gt;&gt; kubeConfig: /tmp/kubeconfig-655963504&#xA;STEP: Building a namespace api object, basename services&#xA;STEP: Waiting for a default service account to be provisioned in namespace&#xA;[BeforeEach] [sig-network] Services&#xA;  /workspace/src/k8s.io/kubernetes/_output/dockerized/go/src/k8s.io/kubernetes/test/e2e/network/service.go:749&#xA;[It] should be able to change the type from ExternalName to NodePort [Conformance]&#xA;  /workspace/src/k8s.io/kubernetes/_output/dockerized/go/src/k8s.io/kubernetes/test/e2e/framework/framework.go:630&#xA;STEP: creating a service externalname-service with the type=ExternalName in namespace services-6466&#xA;STEP: changing the ExternalName service to type=NodePort&#xA;Aug 27 10:56:12.921: FAIL: Unexpected error:&#xA;    &lt;*errors.errorString | 0xc006724d60&gt;: {&#xA;        s: &#34;out-of-range nodePort (8963) for service&#34;,&#xA;    }&#xA;    out-of-range nodePort (8963) for service&#xA;occurred&#xA;&#xA;Full Stack Trace&#xA;k8s.io/kubernetes/test/e2e/network.glob..func24.15()&#xA;&#x9;/workspace/src/k8s.io/kubernetes/_output/dockerized/go/src/k8s.io/kubernetes/test/e2e/network/service.go:1366 +0x265&#xA;k8s.io/kubernetes/test/e2e.RunE2ETests(0xc000af8600)&#xA;&#x9;_output/dockerized/go/src/k8s.io/kubernetes/test/e2e/e2e.go:130 +0x36c&#xA;k8s.io/kubernetes/test/e2e.TestE2E(0xc000af8600)&#xA;&#x9;_output/dockerized/go/src/k8s.io/kubernetes/test/e2e/e2e_test.go:136 +0x2b&#xA;testing.tRunner(0xc000af8600, 0x72d42e8)&#xA;&#x9;/usr/local/go/src/testing/testing.go:1193 +0xef&#xA;created by testing.(*T).Run&#xA;&#x9;/usr/local/go/src/testing/testing.go:1238 +0x2b3&#xA;Aug 27 10:56:12.921: INFO: Cleaning up the ExternalName to NodePort test service&#xA;[AfterEach] [sig-network] Services&#xA;  /workspace/src/k8s.io/kubernetes/_output/dockerized/go/src/k8s.io/kubernetes/test/e2e/framework/framework.go:186&#xA;STEP: Collecting events from namespace &#34;services-6466&#34;.&#xA;STEP: Found 0 events.&#xA;Aug 27 10:56:13.000: INFO: POD  NODE  PHASE  GRACE  CONDITIONS&#xA;Aug 27 10:56:13.000: INFO: &#xA;Aug 27 10:56:13.005: INFO: &#xA;Logging node info for node instance-1&#xA;Aug 27 10:56:13.010: INFO: Node Info: &amp;Node{ObjectMeta:{instance-1    66706824-827f-43ec-951f-55d099198c49 12699 0 2021-08-27 09:44:27 +0000 UTC &lt;nil&gt; &lt;nil&gt; map[beta.kubernetes.io/arch:amd64 beta.kubernetes.io/os:linux kubernetes.io/arch:amd64 kubernetes.io/hostname:instance-1 kubernetes.io/os:linux node-role.kubernetes.io/control-plane: node-role.kubernetes.io/master: node.kubernetes.io/control-plane: node.kubernetes.io/master:] map[node.alpha.kubernetes.io/ttl:0 projectcalico.org/IPv4Address:10.140.0.2/32 projectcalico.org/IPv4IPIPTunnelAddr:172.208.23.128 volumes.kubernetes.io/controller-managed-attach-detach:true] [] []  [{kubelet Update v1 2021-08-27 09:44:27 +0000 UTC FieldsV1 {&#34;f:metadata&#34;:{&#34;f:annotations&#34;:{&#34;.&#34;:{},&#34;f:volumes.kubernetes.io/controller-managed-attach-detach&#34;:{}},&#34;f:labels&#34;:{&#34;.&#34;:{},&#34;f:beta.kubernetes.io/arch&#34;:{},&#34;f:beta.kubernetes.io/os&#34;:{},&#34;f:kubernetes.io/arch&#34;:{},&#34;f:kubernetes.io/hostname&#34;:{},&#34;f:kubernetes.io/os&#34;:{},&#34;f:node.kubernetes.io/control-plane&#34;:{},&#34;f:node.kubernetes.io/master&#34;:{}}}} } {kube-controller-manager Update v1 2021-08-27 09:44:36 +0000 UTC FieldsV1 {&#34;f:metadata&#34;:{&#34;f:annotations&#34;:{&#34;f:node.alpha.kubernetes.io/ttl&#34;:{}}}} } {calico-node Update v1 2021-08-27 09:44:41 +0000 UTC FieldsV1 {&#34;f:metadata&#34;:{&#34;f:annotations&#34;:{&#34;f:projectcalico.org/IPv4Address&#34;:{},&#34;f:projectcalico.org/IPv4IPIPTunnelAddr&#34;:{}}},&#34;f:status&#34;:{&#34;f:conditions&#34;:{&#34;k:{\&#34;type\&#34;:\&#34;NetworkUnavailable\&#34;}&#34;:{&#34;.&#34;:{},&#34;f:lastHeartbeatTime&#34;:{},&#34;f:lastTransitionTime&#34;:{},&#34;f:message&#34;:{},&#34;f:reason&#34;:{},&#34;f:status&#34;:{},&#34;f:type&#34;:{}}}}} status} {kubectl-label Update v1 2021-08-27 09:44:44 +0000 UTC FieldsV1 {&#34;f:metadata&#34;:{&#34;f:labels&#34;:{&#34;f:node-role.kubernetes.io/control-plane&#34;:{},&#34;f:node-role.kubernetes.io/master&#34;:{}}}} } {kubelet Update v1 2021-08-27 10:39:53 +0000 UTC FieldsV1 {&#34;f:status&#34;:{&#34;f:conditions&#34;:{&#34;k:{\&#34;type\&#34;:\&#34;DiskPressure\&#34;}&#34;:{&#34;f:lastHeartbeatTime&#34;:{}},&#34;k:{\&#34;type\&#34;:\&#34;MemoryPressure\&#34;}&#34;:{&#34;f:lastHeartbeatTime&#34;:{}},&#34;k:{\&#34;type\&#34;:\&#34;PIDPressure\&#34;}&#34;:{&#34;f:lastHeartbeatTime&#34;:{}},&#34;k:{\&#34;type\&#34;:\&#34;Ready\&#34;}&#34;:{&#34;f:lastHeartbeatTime&#34;:{},&#34;f:lastTransitionTime&#34;:{},&#34;f:message&#34;:{},&#34;f:reason&#34;:{},&#34;f:status&#34;:{}}},&#34;f:images&#34;:{}}} status}]},Spec:NodeSpec{PodCIDR:,DoNotUseExternalID:,ProviderID:,Unschedulable:false,Taints:[]Taint{},ConfigSource:nil,PodCIDRs:[],},Status:NodeStatus{Capacity:ResourceList{cpu: {{4 0} {&lt;nil&gt;} 4 DecimalSI},ephemeral-storage: {{51848359936 0} {&lt;nil&gt;} 50633164Ki BinarySI},hugepages-1Gi: {{0 0} {&lt;nil&gt;} 0 DecimalSI},hugepages-2Mi: {{0 0} {&lt;nil&gt;} 0 DecimalSI},memory: {{16778743808 0} {&lt;nil&gt;} 16385492Ki BinarySI},pods: {{110 0} {&lt;nil&gt;} 110 DecimalSI},},Allocatable:ResourceList{cpu: {{4 0} {&lt;nil&gt;} 4 DecimalSI},ephemeral-storage: {{49255941901 0} {&lt;nil&gt;} 49255941901 DecimalSI},hugepages-1Gi: {{0 0} {&lt;nil&gt;} 0 DecimalSI},hugepages-2Mi: {{0 0} {&lt;nil&gt;} 0 DecimalSI},memory: {{15600144384 0} {&lt;nil&gt;} 15234516Ki BinarySI},pods: {{110 0} {&lt;nil&gt;} 110 DecimalSI},},Phase:,Conditions:[]NodeCondition{NodeCondition{Type:NetworkUnavailable,Status:False,LastHeartbeatTime:2021-08-27 09:44:41 +0000 UTC,LastTransitionTime:2021-08-27 09:44:41 +0000 UTC,Reason:CalicoIsUp,Message:Calico is running on this node,},NodeCondition{Type:MemoryPressure,Status:False,LastHeartbeatTime:2021-08-27 10:54:58 +0000 UTC,LastTransitionTime:2021-08-27 09:44:26 +0000 UTC,Reason:KubeletHasSufficientMemory,Message:kubelet has sufficient memory available,},NodeCondition{Type:DiskPressure,Status:False,LastHeartbeatTime:2021-08-27 10:54:58 +0000 UTC,LastTransitionTime:2021-08-27 09:44:26 +0000 UTC,Reason:KubeletHasNoDiskPressure,Message:kubelet has no disk pressure,},NodeCondition{Type:PIDPressure,Status:False,LastHeartbeatTime:2021-08-27 10:54:58 +0000 UTC,LastTransitionTime:2021-08-27 09:44:26 +0000 UTC,Reason:KubeletHasSufficientPID,Message:kubelet has sufficient PID available,},NodeCondition{Type:Ready,Status:True,LastHeartbeatTime:2021-08-27 10:54:58 +0000 UTC,LastTransitionTime:2021-08-27 09:44:47 +0000 UTC,Reason:KubeletReady,Message:kubelet is posting ready status. AppArmor enabled,},},Addresses:[]NodeAddress{NodeAddress{Type:InternalIP,Address:10.140.0.2,},NodeAddress{Type:Hostname,Address:instance-1,},},DaemonEndpoints:NodeDaemonEndpoints{KubeletEndpoint:DaemonEndpoint{Port:10250,},},NodeInfo:NodeSystemInfo{MachineID:9115f560b455f8c5d2b83bdfb715f3b3,SystemUUID:9115f560-b455-f8c5-d2b8-3bdfb715f3b3,BootID:3bd04ce9-2b88-452c-af59-4599689b83f3,KernelVersion:5.11.0-1017-gcp,OSImage:Ubuntu 21.04,ContainerRuntimeVersion:docker://20.10.8,KubeletVersion:v1.22.1,KubeProxyVersion:v1.22.1,OperatingSystem:linux,Architecture:amd64,},Images:[]ContainerImage{ContainerImage{Names:[slzcc/kubernetes@sha256:d938e2364017b78329200a38b8317db806fe305cf5e26c975a0298e23324fb77 slzcc/kubernetes:v1.22.1.0],SizeBytes:2296544903,},ContainerImage{Names:[quay.io/cilium/cilium:v1.10.1],SizeBytes:409321746,},ContainerImage{Names:[sonobuoy/systemd-logs@sha256:fadad24a66ddd544987c38811108a73d1a306dd3b5e3f090b207786f2825ffde sonobuoy/systemd-logs:v0.3],SizeBytes:297365055,},ContainerImage{Names:[k8s.gcr.io/etcd@sha256:9ce33ba33d8e738a5b85ed50b5080ac746deceed4a7496c550927a7a19ca3b6d k8s.gcr.io/etcd:3.5.0-0],SizeBytes:294536887,},ContainerImage{Names:[k8s.gcr.io/e2e-test-images/jessie-dnsutils@sha256:702a992280fb7c3303e84a5801acbb4c9c7fcf48cffe0e9c8be3f0c60f74cf89 k8s.gcr.io/e2e-test-images/jessie-dnsutils:1.4],SizeBytes:253371792,},ContainerImage{Names:[k8s.gcr.io/etcd:3.4.9],SizeBytes:253347452,},ContainerImage{Names:[k8s.gcr.io/conformance@sha256:e22b40e1e6db0b3fcb9fd565100de0af2c525217769378a20ac4cef47f1502ce k8s.gcr.io/conformance:v1.22.1],SizeBytes:247962555,},ContainerImage{Names:[calico/node:v3.20.0],SizeBytes:169862919,},ContainerImage{Names:[calico/cni:v3.20.0],SizeBytes:146006429,},ContainerImage{Names:[k8s.gcr.io/kube-apiserver:v1.22.1],SizeBytes:128446877,},ContainerImage{Names:[k8s.gcr.io/e2e-test-images/httpd@sha256:716d2f68314c5c4ddd5ecdb45183fcb4ed8019015982c1321571f863989b70b0 k8s.gcr.io/e2e-test-images/httpd:2.4.39-1],SizeBytes:126894770,},ContainerImage{Names:[k8s.gcr.io/e2e-test-images/agnhost@sha256:758db666ac7028534dba72e7e9bb1e57bb81b8196f976f7a5cc351ef8b3529e1 k8s.gcr.io/e2e-test-images/agnhost:2.32],SizeBytes:125930239,},ContainerImage{Names:[k8s.gcr.io/e2e-test-images/httpd@sha256:b913fa234cc3473cfe16e937d106b455a7609f927f59031c81aca791e2689b50 k8s.gcr.io/e2e-test-images/httpd:2.4.38-1],SizeBytes:123781643,},ContainerImage{Names:[k8s.gcr.io/kube-controller-manager:v1.22.1],SizeBytes:121979567,},ContainerImage{Names:[k8s.gcr.io/e2e-test-images/nautilus@sha256:1f36a24cfb5e0c3f725d7565a867c2384282fcbeccc77b07b423c9da95763a9a k8s.gcr.io/e2e-test-images/nautilus:1.4],SizeBytes:121748345,},ContainerImage{Names:[k8s.gcr.io/kube-proxy:v1.22.1],SizeBytes:103645121,},ContainerImage{Names:[haproxy:2.4.2],SizeBytes:95448973,},ContainerImage{Names:[calico/kube-controllers:v3.20.0],SizeBytes:63156065,},ContainerImage{Names:[quay.io/cilium/operator-generic:v1.10.1],SizeBytes:56290965,},ContainerImage{Names:[k8s.gcr.io/kube-scheduler:v1.22.1],SizeBytes:52658888,},ContainerImage{Names:[coredns/coredns@sha256:6e5a02c21641597998b4be7cb5eb1e7b02c0d8d23cce4dd09f4682d463798890 k8s.gcr.io/coredns/coredns@sha256:6e5a02c21641597998b4be7cb5eb1e7b02c0d8d23cce4dd09f4682d463798890 coredns/coredns:1.8.4 k8s.gcr.io/coredns/coredns:v1.8.4],SizeBytes:47554275,},ContainerImage{Names:[coredns/coredns:1.8.3],SizeBytes:43499235,},ContainerImage{Names:[sonobuoy/sonobuoy@sha256:d393e2c862fffd0823409594f3ab8bc2524b359d9e6313ae3f9edb5d3dfa56e1 sonobuoy/sonobuoy:v0.53.2],SizeBytes:37400989,},ContainerImage{Names:[calico/pod2daemon-flexvol@sha256:c17e3e9871682bed00bfd33f8d6f00db1d1a126034a25bf5380355978e0c548d calico/pod2daemon-flexvol:v3.20.0],SizeBytes:21666928,},ContainerImage{Names:[k8s.gcr.io/e2e-test-images/nginx@sha256:503b7abb89e57383eba61cc8a9cb0b495ea575c516108f7d972a6ff6e1ab3c9b k8s.gcr.io/e2e-test-images/nginx:1.14-1],SizeBytes:16032814,},ContainerImage{Names:[slzcc/keepalived:1.2.24.1],SizeBytes:15933789,},ContainerImage{Names:[quay.io/cilium/startup-script:62bfbe88c17778aad7bef9fa57ff9e2d4a9ba0d8],SizeBytes:11739254,},ContainerImage{Names:[k8s.gcr.io/e2e-test-images/nonewprivs@sha256:8ac1264691820febacf3aea5d152cbde6d10685731ec14966a9401c6f47a68ac k8s.gcr.io/e2e-test-images/nonewprivs:1.3],SizeBytes:7107254,},ContainerImage{Names:[k8s.gcr.io/e2e-test-images/busybox@sha256:39e1e963e5310e9c313bad51523be012ede7b35bb9316517d19089a010356592 k8s.gcr.io/e2e-test-images/busybox:1.29-1],SizeBytes:1154361,},ContainerImage{Names:[k8s.gcr.io/pause@sha256:1ff6c18fbef2045af6b9c16bf034cc421a29027b800e4f9b68ae9b1cb3e9ae07 k8s.gcr.io/pause:3.5],SizeBytes:682696,},ContainerImage{Names:[k8s.gcr.io/pause:3.2],SizeBytes:682696,},},VolumesInUse:[],VolumesAttached:[]AttachedVolume{},Config:nil,},}&#xA;Aug 27 10:56:13.011: INFO: &#xA;Logging kubelet events for node instance-1&#xA;Aug 27 10:56:13.016: INFO: &#xA;Logging pods the kubelet thinks is on node instance-1&#xA;Aug 27 10:56:13.026: INFO: sonobuoy-e2e-job-8f4800e0b3a54e3c started at 2021-08-27 09:45:48 +0000 UTC (0+2 container statuses recorded)&#xA;Aug 27 10:56:13.026: INFO: &#x9;Container e2e ready: true, restart count 0&#xA;Aug 27 10:56:13.026: INFO: &#x9;Container sonobuoy-worker ready: true, restart count 0&#xA;Aug 27 10:56:13.026: INFO: kube-controller-manager-instance-1 started at 2021-08-27 09:44:20 +0000 UTC (0+1 container statuses recorded)&#xA;Aug 27 10:56:13.026: INFO: &#x9;Container kube-controller-manager ready: true, restart count 1&#xA;Aug 27 10:56:13.026: INFO: calico-node-jtcrr started at 2021-08-27 09:44:35 +0000 UTC (3+1 container statuses recorded)&#xA;Aug 27 10:56:13.026: INFO: &#x9;Init container upgrade-ipam ready: true, restart count 0&#xA;Aug 27 10:56:13.026: INFO: &#x9;Init container install-cni ready: true, restart count 0&#xA;Aug 27 10:56:13.026: INFO: &#x9;Init container flexvol-driver ready: true, restart count 0&#xA;Aug 27 10:56:13.026: INFO: &#x9;Container calico-node ready: true, restart count 0&#xA;Aug 27 10:56:13.026: INFO: kube-apiserver-instance-1 started at 2021-08-27 09:44:20 +0000 UTC (0+1 container statuses recorded)&#xA;Aug 27 10:56:13.026: INFO: &#x9;Container kube-apiserver ready: true, restart count 1&#xA;Aug 27 10:56:13.026: INFO: sonobuoy started at 2021-08-27 09:45:47 +0000 UTC (0+1 container statuses recorded)&#xA;Aug 27 10:56:13.026: INFO: &#x9;Container kube-sonobuoy ready: true, restart count 0&#xA;Aug 27 10:56:13.026: INFO: sonobuoy-systemd-logs-daemon-set-0a76f2e7c4ae491c-6jjs8 started at 2021-08-27 09:45:48 +0000 UTC (0+2 container statuses recorded)&#xA;Aug 27 10:56:13.026: INFO: &#x9;Container sonobuoy-worker ready: true, restart count 0&#xA;Aug 27 10:56:13.026: INFO: &#x9;Container systemd-logs ready: true, restart count 0&#xA;Aug 27 10:56:13.026: INFO: coredns-5449fcdd7-hxflz started at 2021-08-27 10:36:29 +0000 UTC (0+1 container statuses recorded)&#xA;Aug 27 10:56:13.026: INFO: &#x9;Container coredns ready: true, restart count 0&#xA;Aug 27 10:56:13.026: INFO: calico-kube-controllers-866f579489-x4bbh started at 2021-08-27 10:36:29 +0000 UTC (0+1 container statuses recorded)&#xA;Aug 27 10:56:13.026: INFO: &#x9;Container calico-kube-controllers ready: true, restart count 0&#xA;Aug 27 10:56:13.026: INFO: coredns-5449fcdd7-9wk7q started at 2021-08-27 10:36:29 +0000 UTC (0+1 container statuses recorded)&#xA;Aug 27 10:56:13.026: INFO: &#x9;Container coredns ready: true, restart count 0&#xA;Aug 27 10:56:13.026: INFO: etcd-instance-1 started at 2021-08-27 09:44:20 +0000 UTC (0+1 container statuses recorded)&#xA;Aug 27 10:56:13.026: INFO: &#x9;Container etcd ready: true, restart count 7&#xA;Aug 27 10:56:13.026: INFO: haproxy-instance-1 started at 2021-08-27 09:44:20 +0000 UTC (0+1 container statuses recorded)&#xA;Aug 27 10:56:13.026: INFO: &#x9;Container haproxy ready: true, restart count 7&#xA;Aug 27 10:56:13.026: INFO: kube-scheduler-instance-1 started at 2021-08-27 09:44:20 +0000 UTC (0+1 container statuses recorded)&#xA;Aug 27 10:56:13.026: INFO: &#x9;Container kube-scheduler ready: true, restart count 1&#xA;Aug 27 10:56:13.026: INFO: kube-proxy-45vxz started at 2021-08-27 09:44:35 +0000 UTC (0+1 container statuses recorded)&#xA;Aug 27 10:56:13.026: INFO: &#x9;Container kube-proxy ready: true, restart count 0&#xA;Aug 27 10:56:13.088: INFO: &#xA;Latency metrics for node instance-1&#xA;Aug 27 10:56:13.088: INFO: Waiting up to 3m0s for all (but 0) nodes to be ready&#xA;STEP: Destroying namespace &#34;services-6466&#34; for this suite.&#xA;[AfterEach] [sig-network] Services&#xA;  /workspace/src/k8s.io/kubernetes/_output/dockerized/go/src/k8s.io/kubernetes/test/e2e/network/service.go:753&#xA;</system-out>
      </testcase>
      <testcase name="[sig-storage] HostPathType Block Device [Slow] Should fail on mounting block device &#39;ablkdev&#39; when HostPathType is HostPathDirectory" classname="Kubernetes e2e suite" time="0">
          <skipped></skipped>
      </testcase>
      <testcase name="[sig-storage] In-tree Volumes [Driver: azure-disk] [Testpattern: Pre-provisioned PV (default fs)] subPath should fail if subpath directory is outside the volume [Slow][LinuxOnly]" classname="Kubernetes e2e suite" time="0">
          <skipped></skipped>
      </testcase>
      <testcase name="[sig-network] Netpol NetworkPolicy between server and client should enforce policy based on Ports [Feature:NetworkPolicy]" classname="Kubernetes e2e suite" time="0">
          <skipped></skipped>
      </testcase>
      <testcase name="[sig-storage] In-tree Volumes [Driver: aws] [Testpattern: Dynamic PV (default fs)] fsgroupchangepolicy (Always)[LinuxOnly], pod created with an initial fsgroup, new pod fsgroup applied to volume contents" classname="Kubernetes e2e suite" time="0">
          <skipped></skipped>
      </testcase>
      <testcase name="[sig-storage] In-tree Volumes [Driver: local][LocalVolumeType: dir] [Testpattern: Inline-volume (default fs)] subPath should support file as subpath [LinuxOnly]" classname="Kubernetes e2e suite" time="0">
          <skipped></skipped>
      </testcase>
      <testcase name="[sig-node] Secrets should patch a secret [Conformance]" classname="Kubernetes e2e suite" time="0.103015376"></testcase>
      <testcase name="[sig-node] [Feature:Example] Liveness liveness pods should be automatically restarted" classname="Kubernetes e2e suite" time="0">
          <skipped></skipped>
      </testcase>
      <testcase name="[sig-api-machinery] Garbage collector should orphan RS created by deployment when deleteOptions.PropagationPolicy is Orphan [Conformance]" classname="Kubernetes e2e suite" time="1.5201851419999999"></testcase>
      <testcase name="[sig-storage] In-tree Volumes [Driver: emptydir] [Testpattern: Inline-volume (default fs)] volumes should store data" classname="Kubernetes e2e suite" time="0">
          <skipped></skipped>
      </testcase>
      <testcase name="[sig-storage] In-tree Volumes [Driver: local][LocalVolumeType: dir] [Testpattern: Dynamic PV (block volmode)] provisioning should provision storage with snapshot data source [Feature:VolumeSnapshotDataSource]" classname="Kubernetes e2e suite" time="0">
          <skipped></skipped>
      </testcase>
      <testcase name="[sig-storage] In-tree Volumes [Driver: hostPath] [Testpattern: Pre-provisioned PV (block volmode)] volumeMode should not mount / map unused volumes in a pod [LinuxOnly]" classname="Kubernetes e2e suite" time="0">
          <skipped></skipped>
      </testcase>
      <testcase name="[sig-storage] In-tree Volumes [Driver: local][LocalVolumeType: dir] [Testpattern: Dynamic PV (xfs)][Slow] multiVolume [Slow] should concurrently access the single volume from pods on the same node" classname="Kubernetes e2e suite" time="0">
          <skipped></skipped>
      </testcase>
      <testcase name="[sig-storage] In-tree Volumes [Driver: ceph][Feature:Volumes][Serial] [Testpattern: Dynamic PV (ext4)] multiVolume [Slow] should concurrently access the single volume from pods on different node" classname="Kubernetes e2e suite" time="0">
          <skipped></skipped>
      </testcase>
      <testcase name="[sig-storage] In-tree Volumes [Driver: gluster] [Testpattern: Pre-provisioned PV (filesystem volmode)] multiVolume [Slow] should access to two volumes with different volume mode and retain data across pod recreation on different node" classname="Kubernetes e2e suite" time="0">
          <skipped></skipped>
      </testcase>
      <testcase name="[sig-apps] DisruptionController evictions: no PDB =&gt; should allow an eviction" classname="Kubernetes e2e suite" time="0">
          <skipped></skipped>
      </testcase>
      <testcase name="[sig-storage] In-tree Volumes [Driver: local][LocalVolumeType: dir-link-bindmounted] [Testpattern: Dynamic PV (filesystem volmode)] multiVolume [Slow] should access to two volumes with the same volume mode and retain data across pod recreation on different node" classname="Kubernetes e2e suite" time="0">
          <skipped></skipped>
      </testcase>
      <testcase name="[sig-storage] CSI Volumes [Driver: pd.csi.storage.gke.io][Serial] [Testpattern: Dynamic PV (ntfs)][Feature:Windows] subPath should support existing directory" classname="Kubernetes e2e suite" time="0">
          <skipped></skipped>
      </testcase>
      <testcase name="[sig-storage] CSI Volumes [Driver: csi-hostpath] [Testpattern: Dynamic PV (filesystem volmode)] multiVolume [Slow] should access to two volumes with different volume mode and retain data across pod recreation on different node" classname="Kubernetes e2e suite" time="0">
          <skipped></skipped>
      </testcase>
      <testcase name="[sig-storage] In-tree Volumes [Driver: local][LocalVolumeType: gce-localssd-scsi-fs] [Serial] [Testpattern: Dynamic PV (default fs)] fsgroupchangepolicy (OnRootMismatch)[LinuxOnly], pod created with an initial fsgroup, volume contents ownership changed in first pod, new pod with same fsgroup skips ownership changes to the volume contents" classname="Kubernetes e2e suite" time="0">
          <skipped></skipped>
      </testcase>
      <testcase name="[sig-storage] In-tree Volumes [Driver: hostPathSymlink] [Testpattern: Dynamic PV (xfs)][Slow] multiVolume [Slow] should concurrently access the volume and restored snapshot from pods on the same node [LinuxOnly][Feature:VolumeSnapshotDataSource][Feature:VolumeSourceXFS]" classname="Kubernetes e2e suite" time="0">
          <skipped></skipped>
      </testcase>
      <testcase name="[sig-storage] In-tree Volumes [Driver: hostPathSymlink] [Testpattern: Dynamic PV (ntfs)][Feature:Windows] volumes should allow exec of files on the volume" classname="Kubernetes e2e suite" time="0">
          <skipped></skipped>
      </testcase>
      <testcase name="[sig-storage] In-tree Volumes [Driver: local][LocalVolumeType: dir] [Testpattern: Dynamic PV (ntfs)][Feature:Windows] subPath should support existing single file [LinuxOnly]" classname="Kubernetes e2e suite" time="0">
          <skipped></skipped>
      </testcase>
      <testcase name="[sig-storage] In-tree Volumes [Driver: local][LocalVolumeType: block] [Testpattern: Inline-volume (default fs)] volumeIO should write files of various sizes, verify size, validate content [Slow][LinuxOnly]" classname="Kubernetes e2e suite" time="0">
          <skipped></skipped>
      </testcase>
      <testcase name="[sig-storage] In-tree Volumes [Driver: local][LocalVolumeType: dir-link] [Testpattern: Dynamic PV (ntfs)][Feature:Windows] provisioning should provision storage with pvc data source in parallel [Slow]" classname="Kubernetes e2e suite" time="0">
          <skipped></skipped>
      </testcase>
      <testcase name="[sig-storage] In-tree Volumes [Driver: local][LocalVolumeType: dir-link-bindmounted] [Testpattern: Pre-provisioned PV (filesystem volmode)] multiVolume [Slow] should concurrently access the volume and its clone from pods on the same node [LinuxOnly][Feature:VolumeSnapshotDataSource][Feature:VolumeSourceXFS]" classname="Kubernetes e2e suite" time="0">
          <skipped></skipped>
      </testcase>
      <testcase name="[sig-storage] In-tree Volumes [Driver: emptydir] [Testpattern: Pre-provisioned PV (default fs)] volumes should allow exec of files on the volume" classname="Kubernetes e2e suite" time="0">
          <skipped></skipped>
      </testcase>
      <testcase name="[sig-storage] In-tree Volumes [Driver: nfs] [Testpattern: Pre-provisioned PV (default fs)] volumeIO should write files of various sizes, verify size, validate content [Slow][LinuxOnly]" classname="Kubernetes e2e suite" time="0">
          <skipped></skipped>
      </testcase>
      <testcase name="[sig-storage] In-tree Volumes [Driver: hostPath] [Testpattern: Pre-provisioned PV (filesystem volmode)] volumeMode should fail to use a volume in a pod with mismatched mode [Slow]" classname="Kubernetes e2e suite" time="0">
          <skipped></skipped>
      </testcase>
      <testcase name="[sig-storage] In-tree Volumes [Driver: local][LocalVolumeType: dir-link] [Testpattern: Dynamic PV (default fs)] subPath should support creating multiple subpath from same volumes [Slow]" classname="Kubernetes e2e suite" time="0">
          <skipped></skipped>
      </testcase>
      <testcase name="[sig-storage] In-tree Volumes [Driver: emptydir] [Testpattern: Pre-provisioned PV (default fs)] subPath should fail if non-existent subpath is outside the volume [Slow][LinuxOnly]" classname="Kubernetes e2e suite" time="0">
          <skipped></skipped>
      </testcase>
      <testcase name="[sig-api-machinery] Discovery Custom resource should have storage version hash" classname="Kubernetes e2e suite" time="0">
          <skipped></skipped>
      </testcase>
      <testcase name="[sig-storage] In-tree Volumes [Driver: iscsi][Feature:Volumes] [Testpattern: Pre-provisioned PV (default fs)] subPath should support readOnly directory specified in the volumeMount" classname="Kubernetes e2e suite" time="0">
          <skipped></skipped>
      </testcase>
      <testcase name="[sig-storage] In-tree Volumes [Driver: local][LocalVolumeType: dir-link] [Testpattern: Dynamic PV (default fs)(allowExpansion)] volume-expand should resize volume when PVC is edited while pod is using it" classname="Kubernetes e2e suite" time="0">
          <skipped></skipped>
      </testcase>
      <testcase name="[sig-storage] In-tree Volumes [Driver: windows-gcepd] [Testpattern: Pre-provisioned PV (ext4)] volumes should store data" classname="Kubernetes e2e suite" time="0">
          <skipped></skipped>
      </testcase>
      <testcase name="[sig-storage] In-tree Volumes [Driver: windows-gcepd] [Testpattern: Pre-provisioned PV (default fs)] subPath should fail if subpath file is outside the volume [Slow][LinuxOnly]" classname="Kubernetes e2e suite" time="0">
          <skipped></skipped>
      </testcase>
      <testcase name="[sig-storage] In-tree Volumes [Driver: iscsi][Feature:Volumes] [Testpattern: Dynamic PV (default fs)] subPath should support existing single file [LinuxOnly]" classname="Kubernetes e2e suite" time="0">
          <skipped></skipped>
      </testcase>
      <testcase name="[sig-storage] In-tree Volumes [Driver: local][LocalVolumeType: block] [Testpattern: Pre-provisioned PV (default fs)] subPath should support readOnly directory specified in the volumeMount" classname="Kubernetes e2e suite" time="0">
          <skipped></skipped>
      </testcase>
      <testcase name="[sig-storage] In-tree Volumes [Driver: hostPath] [Testpattern: Inline-volume (default fs)] subPath should fail if subpath directory is outside the volume [Slow][LinuxOnly]" classname="Kubernetes e2e suite" time="0">
          <skipped></skipped>
      </testcase>
      <testcase name="[sig-storage] PersistentVolumes-local  [Volume type: gce-localssd-scsi-fs] [Serial] Set fsGroup for local volume should set fsGroup for one pod [Slow]" classname="Kubernetes e2e suite" time="0">
          <skipped></skipped>
      </testcase>
      <testcase name="[sig-storage] In-tree Volumes [Driver: nfs] [Testpattern: Inline-volume (default fs)] subPath should support file as subpath [LinuxOnly]" classname="Kubernetes e2e suite" time="0">
          <skipped></skipped>
      </testcase>
      <testcase name="[sig-storage] In-tree Volumes [Driver: local][LocalVolumeType: dir-link] [Testpattern: Dynamic PV (ext4)] multiVolume [Slow] should access to two volumes with the same volume mode and retain data across pod recreation on the same node" classname="Kubernetes e2e suite" time="0">
          <skipped></skipped>
      </testcase>
      <testcase name="[sig-api-machinery] Generated clientset should create v1 cronJobs, delete cronJobs, watch cronJobs" classname="Kubernetes e2e suite" time="0">
          <skipped></skipped>
      </testcase>
      <testcase name="[sig-storage] In-tree Volumes [Driver: local][LocalVolumeType: block] [Testpattern: Pre-provisioned PV (block volmode)] multiVolume [Slow] should access to two volumes with the same volume mode and retain data across pod recreation on different node" classname="Kubernetes e2e suite" time="0">
          <skipped></skipped>
      </testcase>
      <testcase name="[sig-storage] In-tree Volumes [Driver: nfs] [Testpattern: Dynamic PV (block volmode)] provisioning should provision storage with snapshot data source [Feature:VolumeSnapshotDataSource]" classname="Kubernetes e2e suite" time="0">
          <skipped></skipped>
      </testcase>
      <testcase name="[sig-storage] In-tree Volumes [Driver: hostPath] [Testpattern: Dynamic PV (ext4)] multiVolume [Slow] should concurrently access the volume and restored snapshot from pods on the same node [LinuxOnly][Feature:VolumeSnapshotDataSource][Feature:VolumeSourceXFS]" classname="Kubernetes e2e suite" time="0">
          <skipped></skipped>
      </testcase>
      <testcase name="[sig-storage] In-tree Volumes [Driver: windows-gcepd] [Testpattern: Dynamic PV (default fs)] fsgroupchangepolicy (Always)[LinuxOnly], pod created with an initial fsgroup, new pod fsgroup applied to volume contents" classname="Kubernetes e2e suite" time="0">
          <skipped></skipped>
      </testcase>
      <testcase name="[sig-storage] In-tree Volumes [Driver: windows-gcepd] [Testpattern: Pre-provisioned PV (filesystem volmode)] multiVolume [Slow] should access to two volumes with different volume mode and retain data across pod recreation on different node" classname="Kubernetes e2e suite" time="0">
          <skipped></skipped>
      </testcase>
      <testcase name="[sig-storage] CSI Volumes [Driver: pd.csi.storage.gke.io][Serial] [Testpattern: Dynamic PV (default fs)(allowExpansion)] volume-expand Verify if offline PVC expansion works" classname="Kubernetes e2e suite" time="0">
          <skipped></skipped>
      </testcase>
      <testcase name="[sig-storage] CSI mock volume CSIServiceAccountToken token should not be plumbed down when csiServiceAccountTokenEnabled=false" classname="Kubernetes e2e suite" time="0">
          <skipped></skipped>
      </testcase>
      <testcase name="[sig-storage] CSI Volumes [Driver: pd.csi.storage.gke.io][Serial] [Testpattern: Pre-provisioned PV (default fs)] subPath should unmount if pod is force deleted while kubelet is down [Disruptive][Slow][LinuxOnly]" classname="Kubernetes e2e suite" time="0">
          <skipped></skipped>
      </testcase>
      <testcase name="[sig-storage] CSI Volumes [Driver: csi-hostpath] [Testpattern: Pre-provisioned PV (filesystem volmode)] volumeMode should not mount / map unused volumes in a pod [LinuxOnly]" classname="Kubernetes e2e suite" time="0">
          <skipped></skipped>
      </testcase>
      <testcase name="[sig-storage] In-tree Volumes [Driver: hostPathSymlink] [Testpattern: Dynamic PV (block volmode)] volumes should store data" classname="Kubernetes e2e suite" time="0">
          <skipped></skipped>
      </testcase>
      <testcase name="[sig-storage] In-tree Volumes [Driver: windows-gcepd] [Testpattern: Dynamic PV (default fs)] subPath should support readOnly directory specified in the volumeMount" classname="Kubernetes e2e suite" time="0">
          <skipped></skipped>
      </testcase>
      <testcase name="[sig-cloud-provider-gcp] Ports Security Check [Feature:KubeletSecurity] should not have port 4194 open on its all public IP addresses" classname="Kubernetes e2e suite" time="0">
          <skipped></skipped>
      </testcase>
      <testcase name="[sig-storage] In-tree Volumes [Driver: hostPathSymlink] [Testpattern: Dynamic PV (xfs)][Slow] volumes should allow exec of files on the volume" classname="Kubernetes e2e suite" time="0">
          <skipped></skipped>
      </testcase>
      <testcase name="[sig-storage] In-tree Volumes [Driver: nfs] [Testpattern: Dynamic PV (ntfs)][Feature:Windows] volume-expand should not allow expansion of pvcs without AllowVolumeExpansion property" classname="Kubernetes e2e suite" time="0">
          <skipped></skipped>
      </testcase>
      <testcase name="[sig-storage] In-tree Volumes [Driver: nfs] [Testpattern: Dynamic PV (default fs)] volumes should allow exec of files on the volume" classname="Kubernetes e2e suite" time="0">
          <skipped></skipped>
      </testcase>
      <testcase name="[sig-storage] Secrets should be consumable from pods in volume as non-root with defaultMode and fsGroup set [LinuxOnly] [NodeConformance] [Conformance]" classname="Kubernetes e2e suite" time="4.110589697"></testcase>
      <testcase name="[sig-node] gpu Upgrade [Feature:GPUUpgrade] master upgrade should NOT disrupt gpu pod [Feature:GPUMasterUpgrade]" classname="Kubernetes e2e suite" time="0">
          <skipped></skipped>
      </testcase>
      <testcase name="[sig-storage] In-tree Volumes [Driver: gluster] [Testpattern: Pre-provisioned PV (ext4)] volumes should allow exec of files on the volume" classname="Kubernetes e2e suite" time="0">
          <skipped></skipped>
      </testcase>
      <testcase name="[sig-storage] In-tree Volumes [Driver: local][LocalVolumeType: dir-link-bindmounted] [Testpattern: Pre-provisioned PV (default fs)] subPath should support existing directory" classname="Kubernetes e2e suite" time="0">
          <skipped></skipped>
      </testcase>
      <testcase name="[sig-storage] In-tree Volumes [Driver: local][LocalVolumeType: dir] [Testpattern: Inline-volume (default fs)] subPath should fail if subpath directory is outside the volume [Slow][LinuxOnly]" classname="Kubernetes e2e suite" time="0">
          <skipped></skipped>
      </testcase>
      <testcase name="[sig-storage] In-tree Volumes [Driver: local][LocalVolumeType: blockfs] [Testpattern: Dynamic PV (xfs)][Slow] multiVolume [Slow] should access to two volumes with the same volume mode and retain data across pod recreation on the same node" classname="Kubernetes e2e suite" time="0">
          <skipped></skipped>
      </testcase>
      <testcase name="[sig-storage] In-tree Volumes [Driver: local][LocalVolumeType: dir-bindmounted] [Testpattern: Dynamic PV (delayed binding)] topology should provision a volume and schedule a pod with AllowedTopologies" classname="Kubernetes e2e suite" time="0">
          <skipped></skipped>
      </testcase>
      <testcase name="[sig-node] NoExecuteTaintManager Single Pod [Serial] eventually evict pod with finite tolerations from tainted nodes" classname="Kubernetes e2e suite" time="0">
          <skipped></skipped>
      </testcase>
      <testcase name="[sig-storage] In-tree Volumes [Driver: local][LocalVolumeType: gce-localssd-scsi-fs] [Serial] [Testpattern: Dynamic PV (default fs)] fsgroupchangepolicy (OnRootMismatch)[LinuxOnly], pod created with an initial fsgroup, new pod fsgroup applied to volume contents" classname="Kubernetes e2e suite" time="0">
          <skipped></skipped>
      </testcase>
      <testcase name="[sig-storage] In-tree Volumes [Driver: windows-gcepd] [Testpattern: Dynamic PV (ntfs)][Feature:Windows] volumes should allow exec of files on the volume" classname="Kubernetes e2e suite" time="0">
          <skipped></skipped>
      </testcase>
      <testcase name="[sig-apps] ReplicationController should release no longer matching pods [Conformance]" classname="Kubernetes e2e suite" time="6.107267191"></testcase>
      <testcase name="[sig-storage] In-tree Volumes [Driver: hostPath] [Testpattern: Pre-provisioned PV (ext3)] volumes should store data" classname="Kubernetes e2e suite" time="0">
          <skipped></skipped>
      </testcase>
      <testcase name="[sig-storage] In-tree Volumes [Driver: local][LocalVolumeType: gce-localssd-scsi-fs] [Serial] [Testpattern: Pre-provisioned PV (block volmode)] multiVolume [Slow] should concurrently access the single volume from pods on different node" classname="Kubernetes e2e suite" time="0">
          <skipped></skipped>
      </testcase>
      <testcase name="[sig-storage] In-tree Volumes [Driver: local][LocalVolumeType: dir] [Testpattern: Dynamic PV (ntfs)][Feature:Windows] provisioning should provision storage with pvc data source" classname="Kubernetes e2e suite" time="0">
          <skipped></skipped>
      </testcase>
      <testcase name="[sig-storage] In-tree Volumes [Driver: vsphere] [Testpattern: Dynamic PV (immediate binding)] topology should provision a volume and schedule a pod with AllowedTopologies" classname="Kubernetes e2e suite" time="0">
          <skipped></skipped>
      </testcase>
      <testcase name="[sig-network] [Feature:IPv6DualStack] Granular Checks: Services Secondary IP Family [LinuxOnly] should function for endpoint-Service: udp" classname="Kubernetes e2e suite" time="0">
          <skipped></skipped>
      </testcase>
      <testcase name="[sig-storage] CSI mock volume CSI online volume expansion should expand volume without restarting pod if attach=on, nodeExpansion=on" classname="Kubernetes e2e suite" time="0">
          <skipped></skipped>
      </testcase>
      <testcase name="[sig-storage] PersistentVolumes-local  [Volume type: gce-localssd-scsi-fs] [Serial] Two pods mounting a local volume one after the other should be able to write from pod1 and read from pod2" classname="Kubernetes e2e suite" time="0">
          <skipped></skipped>
      </testcase>
      <testcase name="[sig-scheduling] SchedulerPredicates [Serial] validates pod overhead is considered along with resource limits of pods that are allowed to run verify pod overhead is accounted for" classname="Kubernetes e2e suite" time="0">
          <skipped></skipped>
      </testcase>
      <testcase name="[sig-apps] Job should adopt matching orphans and release non-matching pods [Conformance]" classname="Kubernetes e2e suite" time="5.184510457"></testcase>
      <testcase name="[sig-storage] In-tree Volumes [Driver: local][LocalVolumeType: gce-localssd-scsi-fs] [Serial] [Testpattern: Inline-volume (default fs)] subPath should fail if non-existent subpath is outside the volume [Slow][LinuxOnly]" classname="Kubernetes e2e suite" time="0">
          <skipped></skipped>
      </testcase>
      <testcase name="[sig-storage] In-tree Volumes [Driver: ceph][Feature:Volumes][Serial] [Testpattern: Inline-volume (default fs)] subPath should support readOnly directory specified in the volumeMount" classname="Kubernetes e2e suite" time="0">
          <skipped></skipped>
      </testcase>
      <testcase name="[sig-storage] In-tree Volumes [Driver: nfs] [Testpattern: Dynamic PV (ext4)] volumes should store data" classname="Kubernetes e2e suite" time="0">
          <skipped></skipped>
      </testcase>
      <testcase name="[sig-storage] In-tree Volumes [Driver: local][LocalVolumeType: dir-link-bindmounted] [Testpattern: Pre-provisioned PV (default fs)] volumes should store data" classname="Kubernetes e2e suite" time="0">
          <skipped></skipped>
      </testcase>
      <testcase name="[sig-storage] In-tree Volumes [Driver: iscsi][Feature:Volumes] [Testpattern: Dynamic PV (ntfs)][Feature:Windows] volume-expand should not allow expansion of pvcs without AllowVolumeExpansion property" classname="Kubernetes e2e suite" time="0">
          <skipped></skipped>
      </testcase>
      <testcase name="[sig-storage] In-tree Volumes [Driver: local][LocalVolumeType: blockfs] [Testpattern: Dynamic PV (delayed binding)] topology should fail to schedule a pod which has topologies that conflict with AllowedTopologies" classname="Kubernetes e2e suite" time="0">
          <skipped></skipped>
      </testcase>
      <testcase name="[sig-storage] In-tree Volumes [Driver: gcepd] [Testpattern: Pre-provisioned PV (block volmode)] disruptive[Disruptive][LinuxOnly] Should test that pv used in a pod that is force deleted while the kubelet is down cleans up when the kubelet returns." classname="Kubernetes e2e suite" time="0">
          <skipped></skipped>
      </testcase>
      <testcase name="[sig-storage] In-tree Volumes [Driver: rbd][Feature:Volumes][Serial] [Testpattern: Dynamic PV (block volmode)] provisioning should provision storage with mount options" classname="Kubernetes e2e suite" time="0">
          <skipped></skipped>
      </testcase>
      <testcase name="[sig-storage] In-tree Volumes [Driver: aws] [Testpattern: Dynamic PV (filesystem volmode)] multiVolume [Slow] should access to two volumes with the same volume mode and retain data across pod recreation on the same node" classname="Kubernetes e2e suite" time="0">
          <skipped></skipped>
      </testcase>
      <testcase name="[sig-storage] In-tree Volumes [Driver: local][LocalVolumeType: gce-localssd-scsi-fs] [Serial] [Testpattern: Dynamic PV (ntfs)][Feature:Windows] volume-expand should not allow expansion of pvcs without AllowVolumeExpansion property" classname="Kubernetes e2e suite" time="0">
          <skipped></skipped>
      </testcase>
      <testcase name="[sig-storage] In-tree Volumes [Driver: cinder] [Testpattern: Dynamic PV (xfs)][Slow] multiVolume [Slow] should concurrently access the single volume from pods on different node" classname="Kubernetes e2e suite" time="0">
          <skipped></skipped>
      </testcase>
      <testcase name="[sig-storage] In-tree Volumes [Driver: local][LocalVolumeType: gce-localssd-scsi-fs] [Serial] [Testpattern: Pre-provisioned PV (default fs)] subPath should support restarting containers using file as subpath [Slow][LinuxOnly]" classname="Kubernetes e2e suite" time="0">
          <skipped></skipped>
      </testcase>
      <testcase name="[sig-storage] In-tree Volumes [Driver: gluster] [Testpattern: Pre-provisioned PV (default fs)] subPath should support existing directories when readOnly specified in the volumeSource" classname="Kubernetes e2e suite" time="0">
          <skipped></skipped>
      </testcase>
      <testcase name="[sig-storage] In-tree Volumes [Driver: ceph][Feature:Volumes][Serial] [Testpattern: Dynamic PV (default fs)] volumeIO should write files of various sizes, verify size, validate content [Slow][LinuxOnly]" classname="Kubernetes e2e suite" time="0">
          <skipped></skipped>
      </testcase>
      <testcase name="[sig-storage] In-tree Volumes [Driver: iscsi][Feature:Volumes] [Testpattern: Inline-volume (default fs)] subPath should be able to unmount after the subpath directory is deleted [LinuxOnly]" classname="Kubernetes e2e suite" time="0">
          <skipped></skipped>
      </testcase>
      <testcase name="[sig-storage] In-tree Volumes [Driver: local][LocalVolumeType: dir] [Testpattern: Pre-provisioned PV (filesystem volmode)] multiVolume [Slow] should concurrently access the single volume from pods on different node" classname="Kubernetes e2e suite" time="0">
          <skipped></skipped>
      </testcase>
      <testcase name="[sig-node] Container Lifecycle Hook when create a pod with lifecycle hook should execute poststart exec hook properly [NodeConformance] [Conformance]" classname="Kubernetes e2e suite" time="8.244210475"></testcase>
      <testcase name="[sig-storage] In-tree Volumes [Driver: nfs] [Testpattern: Dynamic PV (filesystem volmode)] volumeLimits should verify that all csinodes have volume limits" classname="Kubernetes e2e suite" time="0">
          <skipped></skipped>
      </testcase>
      <testcase name="[sig-storage] In-tree Volumes [Driver: aws] [Testpattern: Dynamic PV (default fs)] subPath should support readOnly directory specified in the volumeMount" classname="Kubernetes e2e suite" time="0">
          <skipped></skipped>
      </testcase>
      <testcase name="[sig-storage] In-tree Volumes [Driver: hostPathSymlink] [Testpattern: Dynamic PV (filesystem volmode)] disruptive[Disruptive][LinuxOnly] Should test that pv written before kubelet restart is readable after restart." classname="Kubernetes e2e suite" time="0">
          <skipped></skipped>
      </testcase>
      <testcase name="[sig-storage] CSI Volumes [Driver: csi-hostpath] [Testpattern: Dynamic PV (block volmode)] volume-stress multiple pods should access different volumes repeatedly [Slow] [Serial]" classname="Kubernetes e2e suite" time="0">
          <skipped></skipped>
      </testcase>
      <testcase name="[sig-storage] In-tree Volumes [Driver: gcepd] [Testpattern: Dynamic PV (ext4)] multiVolume [Slow] should access to two volumes with different volume mode and retain data across pod recreation on the same node" classname="Kubernetes e2e suite" time="0">
          <skipped></skipped>
      </testcase>
      <testcase name="[sig-storage] In-tree Volumes [Driver: local][LocalVolumeType: dir-link] [Testpattern: Dynamic PV (xfs)][Slow] multiVolume [Slow] should concurrently access the single volume from pods on the same node" classname="Kubernetes e2e suite" time="0">
          <skipped></skipped>
      </testcase>
      <testcase name="[sig-storage] In-tree Volumes [Driver: cinder] [Testpattern: Dynamic PV (ntfs)][Feature:Windows] subPath should verify container cannot write to subpath readonly volumes [Slow]" classname="Kubernetes e2e suite" time="0">
          <skipped></skipped>
      </testcase>
      <testcase name="[sig-storage] In-tree Volumes [Driver: aws] [Testpattern: Pre-provisioned PV (filesystem volmode)] volumeMode should not mount / map unused volumes in a pod [LinuxOnly]" classname="Kubernetes e2e suite" time="0">
          <skipped></skipped>
      </testcase>
      <testcase name="[sig-storage] In-tree Volumes [Driver: hostPath] [Testpattern: Dynamic PV (ext4)] multiVolume [Slow] should concurrently access the volume and its clone from pods on the same node [LinuxOnly][Feature:VolumeSnapshotDataSource][Feature:VolumeSourceXFS]" classname="Kubernetes e2e suite" time="0">
          <skipped></skipped>
      </testcase>
      <testcase name="[sig-storage] In-tree Volumes [Driver: local][LocalVolumeType: dir-link] [Testpattern: Dynamic PV (ntfs)][Feature:Windows] subPath should verify container cannot write to subpath readonly volumes [Slow]" classname="Kubernetes e2e suite" time="0">
          <skipped></skipped>
      </testcase>
      <testcase name="[sig-storage] In-tree Volumes [Driver: iscsi][Feature:Volumes] [Testpattern: Dynamic PV (default fs)] provisioning should provision storage with mount options" classname="Kubernetes e2e suite" time="0">
          <skipped></skipped>
      </testcase>
      <testcase name="[sig-storage] In-tree Volumes [Driver: local][LocalVolumeType: blockfs] [Testpattern: Dynamic PV (ntfs)][Feature:Windows] provisioning should provision storage with snapshot data source [Feature:VolumeSnapshotDataSource]" classname="Kubernetes e2e suite" time="0">
          <skipped></skipped>
      </testcase>
      <testcase name="[sig-storage] In-tree Volumes [Driver: local][LocalVolumeType: dir-link] [Testpattern: Pre-provisioned PV (default fs)] subPath should fail if subpath directory is outside the volume [Slow][LinuxOnly]" classname="Kubernetes e2e suite" time="0">
          <skipped></skipped>
      </testcase>
      <testcase name="[sig-storage] In-tree Volumes [Driver: iscsi][Feature:Volumes] [Testpattern: Dynamic PV (default fs)] subPath should fail if non-existent subpath is outside the volume [Slow][LinuxOnly]" classname="Kubernetes e2e suite" time="0">
          <skipped></skipped>
      </testcase>
      <testcase name="[sig-node] Sysctls [LinuxOnly] [NodeConformance] should not launch unsafe, but not explicitly enabled sysctls on the node [MinimumKubeletVersion:1.21]" classname="Kubernetes e2e suite" time="0">
          <skipped></skipped>
      </testcase>
      <testcase name="[sig-storage] In-tree Volumes [Driver: gluster] [Testpattern: Dynamic PV (ext4)] multiVolume [Slow] should access to two volumes with the same volume mode and retain data across pod recreation on the same node" classname="Kubernetes e2e suite" time="0">
          <skipped></skipped>
      </testcase>
      <testcase name="[sig-storage] In-tree Volumes [Driver: local][LocalVolumeType: blockfs] [Testpattern: Dynamic PV (block volmode)(allowExpansion)] volume-expand Verify if offline PVC expansion works" classname="Kubernetes e2e suite" time="0">
          <skipped></skipped>
      </testcase>
      <testcase name="[sig-storage] In-tree Volumes [Driver: gluster] [Testpattern: Dynamic PV (ntfs)][Feature:Windows] provisioning should provision storage with pvc data source in parallel [Slow]" classname="Kubernetes e2e suite" time="0">
          <skipped></skipped>
      </testcase>
      <testcase name="[sig-storage] In-tree Volumes [Driver: emptydir] [Testpattern: Dynamic PV (filesystem volmode)] multiVolume [Slow] should concurrently access the volume and its clone from pods on the same node [LinuxOnly][Feature:VolumeSnapshotDataSource][Feature:VolumeSourceXFS]" classname="Kubernetes e2e suite" time="0">
          <skipped></skipped>
      </testcase>
      <testcase name="[sig-storage] CSI Volumes [Driver: csi-hostpath] [Testpattern: Dynamic PV (default fs)] subPath should support existing single file [LinuxOnly]" classname="Kubernetes e2e suite" time="0">
          <skipped></skipped>
      </testcase>
      <testcase name="[sig-storage] In-tree Volumes [Driver: iscsi][Feature:Volumes] [Testpattern: Dynamic PV (filesystem volmode)] multiVolume [Slow] should access to two volumes with different volume mode and retain data across pod recreation on the same node" classname="Kubernetes e2e suite" time="0">
          <skipped></skipped>
      </testcase>
      <testcase name="[sig-storage] In-tree Volumes [Driver: local][LocalVolumeType: tmpfs] [Testpattern: Dynamic PV (default fs)] subPath should fail if non-existent subpath is outside the volume [Slow][LinuxOnly]" classname="Kubernetes e2e suite" time="0">
          <skipped></skipped>
      </testcase>
      <testcase name="[sig-storage] In-tree Volumes [Driver: aws] [Testpattern: Dynamic PV (ext4)] multiVolume [Slow] should concurrently access the volume and restored snapshot from pods on the same node [LinuxOnly][Feature:VolumeSnapshotDataSource][Feature:VolumeSourceXFS]" classname="Kubernetes e2e suite" time="0">
          <skipped></skipped>
      </testcase>
      <testcase name="[sig-storage] In-tree Volumes [Driver: local][LocalVolumeType: block] [Testpattern: Dynamic PV (default fs)] volume-stress multiple pods should access different volumes repeatedly [Slow] [Serial]" classname="Kubernetes e2e suite" time="0">
          <skipped></skipped>
      </testcase>
      <testcase name="[sig-storage] In-tree Volumes [Driver: local][LocalVolumeType: dir] [Testpattern: Dynamic PV (xfs)][Slow] multiVolume [Slow] should concurrently access the volume and restored snapshot from pods on the same node [LinuxOnly][Feature:VolumeSnapshotDataSource][Feature:VolumeSourceXFS]" classname="Kubernetes e2e suite" time="0">
          <skipped></skipped>
      </testcase>
      <testcase name="[sig-storage] In-tree Volumes [Driver: local][LocalVolumeType: block] [Testpattern: Dynamic PV (default fs)] subPath should support existing directories when readOnly specified in the volumeSource" classname="Kubernetes e2e suite" time="0">
          <skipped></skipped>
      </testcase>
      <testcase name="[sig-storage] In-tree Volumes [Driver: local][LocalVolumeType: dir-link-bindmounted] [Testpattern: Dynamic PV (ntfs)][Feature:Windows] volumes should store data" classname="Kubernetes e2e suite" time="0">
          <skipped></skipped>
      </testcase>
      <testcase name="[sig-storage] In-tree Volumes [Driver: local][LocalVolumeType: block] [Testpattern: Pre-provisioned PV (default fs)] subPath should support restarting containers using directory as subpath [Slow]" classname="Kubernetes e2e suite" time="0">
          <skipped></skipped>
      </testcase>
      <testcase name="[sig-storage] In-tree Volumes [Driver: iscsi][Feature:Volumes] [Testpattern: Dynamic PV (default fs)] provisioning should provision storage with pvc data source in parallel [Slow]" classname="Kubernetes e2e suite" time="0">
          <skipped></skipped>
      </testcase>
      <testcase name="[sig-storage] CSI Volumes [Driver: csi-hostpath] [Testpattern: Dynamic PV (ntfs)][Feature:Windows] subPath should support existing directory" classname="Kubernetes e2e suite" time="0">
          <skipped></skipped>
      </testcase>
      <testcase name="[sig-cluster-lifecycle] [Feature:BootstrapTokens] should not delete the token secret when the secret is not expired" classname="Kubernetes e2e suite" time="0">
          <skipped></skipped>
      </testcase>
      <testcase name="[sig-storage] CSI Volumes [Driver: csi-hostpath] [Testpattern: Dynamic PV (block volmode)] volume-expand should not allow expansion of pvcs without AllowVolumeExpansion property" classname="Kubernetes e2e suite" time="0">
          <skipped></skipped>
      </testcase>
      <testcase name="[sig-storage] HostPathType Socket [Slow] Should fail on mounting socket &#39;asocket&#39; when HostPathType is HostPathDirectory" classname="Kubernetes e2e suite" time="0">
          <skipped></skipped>
      </testcase>
      <testcase name="[sig-storage] In-tree Volumes [Driver: vsphere] [Testpattern: Dynamic PV (ntfs)][Feature:Windows] volumes should store data" classname="Kubernetes e2e suite" time="0">
          <skipped></skipped>
      </testcase>
      <testcase name="[sig-storage] In-tree Volumes [Driver: gcepd] [Testpattern: Dynamic PV (default fs)] provisioning should provision storage with pvc data source in parallel [Slow]" classname="Kubernetes e2e suite" time="0">
          <skipped></skipped>
      </testcase>
      <testcase name="[sig-apps] ReplicaSet Replicaset should have a working scale subresource [Conformance]" classname="Kubernetes e2e suite" time="5.144325012"></testcase>
      <testcase name="[sig-storage] In-tree Volumes [Driver: azure-disk] [Testpattern: Dynamic PV (ext4)] multiVolume [Slow] should concurrently access the volume and restored snapshot from pods on the same node [LinuxOnly][Feature:VolumeSnapshotDataSource][Feature:VolumeSourceXFS]" classname="Kubernetes e2e suite" time="0">
          <skipped></skipped>
      </testcase>
      <testcase name="[sig-storage] In-tree Volumes [Driver: local][LocalVolumeType: gce-localssd-scsi-fs] [Serial] [Testpattern: Dynamic PV (ntfs)][Feature:Windows] subPath should support creating multiple subpath from same volumes [Slow]" classname="Kubernetes e2e suite" time="0">
          <skipped></skipped>
      </testcase>
      <testcase name="[sig-storage] In-tree Volumes [Driver: windows-gcepd] [Testpattern: Dynamic PV (ntfs)][Feature:Windows] subPath should support existing directories when readOnly specified in the volumeSource" classname="Kubernetes e2e suite" time="0">
          <skipped></skipped>
      </testcase>
      <testcase name="[sig-storage] In-tree Volumes [Driver: local][LocalVolumeType: tmpfs] [Testpattern: Dynamic PV (ext4)] multiVolume [Slow] should access to two volumes with different volume mode and retain data across pod recreation on different node" classname="Kubernetes e2e suite" time="0">
          <skipped></skipped>
      </testcase>
      <testcase name="[sig-network] NetworkPolicyLegacy [LinuxOnly] NetworkPolicy between server and client should deny ingress access to updated pod [Feature:NetworkPolicy]" classname="Kubernetes e2e suite" time="0">
          <skipped></skipped>
      </testcase>
      <testcase name="[sig-storage] In-tree Volumes [Driver: local][LocalVolumeType: dir-link-bindmounted] [Testpattern: Pre-provisioned PV (block volmode)] volumeMode should fail to use a volume in a pod with mismatched mode [Slow]" classname="Kubernetes e2e suite" time="0">
          <skipped></skipped>
      </testcase>
      <testcase name="[sig-storage] In-tree Volumes [Driver: hostPathSymlink] [Testpattern: Dynamic PV (default fs)] subPath should support existing single file [LinuxOnly]" classname="Kubernetes e2e suite" time="0">
          <skipped></skipped>
      </testcase>
      <testcase name="[sig-storage] Zone Support [Feature:vsphere] Verify PVC creation fails if no zones are specified in the storage class (No shared datastores exist among all the nodes)" classname="Kubernetes e2e suite" time="0">
          <skipped></skipped>
      </testcase>
      <testcase name="[sig-storage] In-tree Volumes [Driver: local][LocalVolumeType: block] [Testpattern: Dynamic PV (filesystem volmode)] multiVolume [Slow] should concurrently access the volume and restored snapshot from pods on the same node [LinuxOnly][Feature:VolumeSnapshotDataSource][Feature:VolumeSourceXFS]" classname="Kubernetes e2e suite" time="0">
          <skipped></skipped>
      </testcase>
      <testcase name="[sig-storage] In-tree Volumes [Driver: hostPath] [Testpattern: Dynamic PV (filesystem volmode)] multiVolume [Slow] should access to two volumes with different volume mode and retain data across pod recreation on the same node" classname="Kubernetes e2e suite" time="0">
          <skipped></skipped>
      </testcase>
      <testcase name="[sig-storage] In-tree Volumes [Driver: windows-gcepd] [Testpattern: Dynamic PV (ntfs)][Feature:Windows] subPath should unmount if pod is gracefully deleted while kubelet is down [Disruptive][Slow][LinuxOnly]" classname="Kubernetes e2e suite" time="0">
          <skipped></skipped>
      </testcase>
      <testcase name="[sig-storage] In-tree Volumes [Driver: rbd][Feature:Volumes][Serial] [Testpattern: Dynamic PV (default fs)(allowExpansion)] volume-expand Verify if offline PVC expansion works" classname="Kubernetes e2e suite" time="0">
          <skipped></skipped>
      </testcase>
      <testcase name="[sig-storage] In-tree Volumes [Driver: aws] [Testpattern: Dynamic PV (block volmode)] multiVolume [Slow] should concurrently access the single volume from pods on the same node" classname="Kubernetes e2e suite" time="0">
          <skipped></skipped>
      </testcase>
      <testcase name="[sig-storage] PersistentVolumes-local  [Volume type: dir] Two pods mounting a local volume at the same time should be able to write from pod1 and read from pod2" classname="Kubernetes e2e suite" time="0">
          <skipped></skipped>
      </testcase>
      <testcase name="[sig-storage] In-tree Volumes [Driver: emptydir] [Testpattern: Inline-volume (default fs)] subPath should support existing directory" classname="Kubernetes e2e suite" time="0">
          <skipped></skipped>
      </testcase>
      <testcase name="[sig-storage] In-tree Volumes [Driver: local][LocalVolumeType: dir-bindmounted] [Testpattern: Inline-volume (ext3)] volumes should store data" classname="Kubernetes e2e suite" time="0">
          <skipped></skipped>
      </testcase>
      <testcase name="[sig-storage] In-tree Volumes [Driver: hostPathSymlink] [Testpattern: Pre-provisioned PV (default fs)] subPath should unmount if pod is gracefully deleted while kubelet is down [Disruptive][Slow][LinuxOnly]" classname="Kubernetes e2e suite" time="0">
          <skipped></skipped>
      </testcase>
      <testcase name="[sig-storage] In-tree Volumes [Driver: local][LocalVolumeType: tmpfs] [Testpattern: Dynamic PV (block volmode)] multiVolume [Slow] should access to two volumes with different volume mode and retain data across pod recreation on different node" classname="Kubernetes e2e suite" time="0">
          <skipped></skipped>
      </testcase>
      <testcase name="[sig-storage] In-tree Volumes [Driver: aws] [Testpattern: Pre-provisioned PV (filesystem volmode)] disruptive[Disruptive][LinuxOnly] Should test that pv written before kubelet restart is readable after restart." classname="Kubernetes e2e suite" time="0">
          <skipped></skipped>
      </testcase>
      <testcase name="[sig-storage] In-tree Volumes [Driver: local][LocalVolumeType: blockfs] [Testpattern: Pre-provisioned PV (block volmode)] multiVolume [Slow] should concurrently access the single volume from pods on different node" classname="Kubernetes e2e suite" time="0">
          <skipped></skipped>
      </testcase>
      <testcase name="[sig-storage] In-tree Volumes [Driver: nfs] [Testpattern: Dynamic PV (default fs)] subPath should unmount if pod is gracefully deleted while kubelet is down [Disruptive][Slow][LinuxOnly]" classname="Kubernetes e2e suite" time="0">
          <skipped></skipped>
      </testcase>
      <testcase name="[sig-storage] In-tree Volumes [Driver: local][LocalVolumeType: gce-localssd-scsi-fs] [Serial] [Testpattern: Pre-provisioned PV (ntfs)][Feature:Windows] volumes should store data" classname="Kubernetes e2e suite" time="0">
          <skipped></skipped>
      </testcase>
      <testcase name="[sig-storage] In-tree Volumes [Driver: windows-gcepd] [Testpattern: Pre-provisioned PV (default fs)] subPath should support readOnly file specified in the volumeMount [LinuxOnly]" classname="Kubernetes e2e suite" time="0">
          <skipped></skipped>
      </testcase>
      <testcase name="[sig-storage] CSI mock volume storage capacity exhausted, late binding, with topology" classname="Kubernetes e2e suite" time="0">
          <skipped></skipped>
      </testcase>
      <testcase name="[sig-storage] In-tree Volumes [Driver: hostPath] [Testpattern: Dynamic PV (ntfs)][Feature:Windows] subPath should unmount if pod is gracefully deleted while kubelet is down [Disruptive][Slow][LinuxOnly]" classname="Kubernetes e2e suite" time="0">
          <skipped></skipped>
      </testcase>
      <testcase name="[sig-storage] In-tree Volumes [Driver: local][LocalVolumeType: block] [Testpattern: Inline-volume (ntfs)][Feature:Windows] volumes should allow exec of files on the volume" classname="Kubernetes e2e suite" time="0">
          <skipped></skipped>
      </testcase>
      <testcase name="[sig-storage] In-tree Volumes [Driver: nfs] [Testpattern: Dynamic PV (default fs)] provisioning should provision storage with snapshot data source [Feature:VolumeSnapshotDataSource]" classname="Kubernetes e2e suite" time="0">
          <skipped></skipped>
      </testcase>
      <testcase name="[sig-storage] CSI Volumes [Driver: csi-hostpath] [Testpattern: Pre-provisioned PV (filesystem volmode)] multiVolume [Slow] should concurrently access the single read-only volume from pods on the same node" classname="Kubernetes e2e suite" time="0">
          <skipped></skipped>
      </testcase>
      <testcase name="[sig-storage] In-tree Volumes [Driver: vsphere] [Testpattern: Dynamic PV (block volmode)(allowExpansion)] volume-expand should resize volume when PVC is edited while pod is using it" classname="Kubernetes e2e suite" time="0">
          <skipped></skipped>
      </testcase>
      <testcase name="[sig-storage] In-tree Volumes [Driver: local][LocalVolumeType: gce-localssd-scsi-fs] [Serial] [Testpattern: Pre-provisioned PV (block volmode)] multiVolume [Slow] should access to two volumes with different volume mode and retain data across pod recreation on different node" classname="Kubernetes e2e suite" time="0">
          <skipped></skipped>
      </testcase>
      <testcase name="[sig-storage] In-tree Volumes [Driver: local][LocalVolumeType: block] [Testpattern: Pre-provisioned PV (default fs)] subPath should support existing single file [LinuxOnly]" classname="Kubernetes e2e suite" time="0">
          <skipped></skipped>
      </testcase>
      <testcase name="[sig-storage] In-tree Volumes [Driver: iscsi][Feature:Volumes] [Testpattern: Dynamic PV (ntfs)][Feature:Windows] subPath should support file as subpath [LinuxOnly]" classname="Kubernetes e2e suite" time="0">
          <skipped></skipped>
      </testcase>
      <testcase name="[sig-node] PrivilegedPod [NodeConformance] should enable privileged commands [LinuxOnly]" classname="Kubernetes e2e suite" time="0">
          <skipped></skipped>
      </testcase>
      <testcase name="[sig-storage] In-tree Volumes [Driver: ceph][Feature:Volumes][Serial] [Testpattern: Pre-provisioned PV (block volmode)] volumes should store data" classname="Kubernetes e2e suite" time="0">
          <skipped></skipped>
      </testcase>
      <testcase name="[sig-storage] In-tree Volumes [Driver: local][LocalVolumeType: tmpfs] [Testpattern: Dynamic PV (block volmode)] multiVolume [Slow] should access to two volumes with the same volume mode and retain data across pod recreation on the same node" classname="Kubernetes e2e suite" time="0">
          <skipped></skipped>
      </testcase>
      <testcase name="[sig-storage] In-tree Volumes [Driver: vsphere] [Testpattern: Dynamic PV (default fs)] volume-expand should not allow expansion of pvcs without AllowVolumeExpansion property" classname="Kubernetes e2e suite" time="0">
          <skipped></skipped>
      </testcase>
      <testcase name="[sig-storage] In-tree Volumes [Driver: gcepd] [Testpattern: Dynamic PV (default fs)] provisioning should provision storage with pvc data source" classname="Kubernetes e2e suite" time="0">
          <skipped></skipped>
      </testcase>
      <testcase name="[sig-apps] StatefulSet Basic StatefulSet functionality [StatefulSetBasic] should perform rolling updates and roll backs of template modifications with PVCs" classname="Kubernetes e2e suite" time="0">
          <skipped></skipped>
      </testcase>
      <testcase name="[sig-storage] In-tree Volumes [Driver: hostPath] [Testpattern: Pre-provisioned PV (filesystem volmode)] multiVolume [Slow] should concurrently access the single read-only volume from pods on the same node" classname="Kubernetes e2e suite" time="0">
          <skipped></skipped>
      </testcase>
      <testcase name="[sig-node] Probing container should override timeoutGracePeriodSeconds when StartupProbe field is set [Feature:ProbeTerminationGracePeriod]" classname="Kubernetes e2e suite" time="0">
          <skipped></skipped>
      </testcase>
      <testcase name="[sig-storage] In-tree Volumes [Driver: hostPathSymlink] [Testpattern: Dynamic PV (block volmode)(allowExpansion)] volume-expand should resize volume when PVC is edited while pod is using it" classname="Kubernetes e2e suite" time="0">
          <skipped></skipped>
      </testcase>
      <testcase name="[sig-storage] In-tree Volumes [Driver: hostPath] [Testpattern: Pre-provisioned PV (block volmode)] multiVolume [Slow] should access to two volumes with the same volume mode and retain data across pod recreation on different node" classname="Kubernetes e2e suite" time="0">
          <skipped></skipped>
      </testcase>
      <testcase name="[sig-storage] In-tree Volumes [Driver: nfs] [Testpattern: Pre-provisioned PV (ntfs)][Feature:Windows] volumes should allow exec of files on the volume" classname="Kubernetes e2e suite" time="0">
          <skipped></skipped>
      </testcase>
      <testcase name="[sig-auth] Certificates API [Privileged:ClusterAdmin] should support building a client with a CSR" classname="Kubernetes e2e suite" time="0">
          <skipped></skipped>
      </testcase>
      <testcase name="[sig-storage] In-tree Volumes [Driver: azure-disk] [Testpattern: Dynamic PV (ntfs)][Feature:Windows] subPath should support creating multiple subpath from same volumes [Slow]" classname="Kubernetes e2e suite" time="0">
          <skipped></skipped>
      </testcase>
      <testcase name="[sig-storage] In-tree Volumes [Driver: iscsi][Feature:Volumes] [Testpattern: Dynamic PV (ntfs)][Feature:Windows] subPath should support readOnly file specified in the volumeMount [LinuxOnly]" classname="Kubernetes e2e suite" time="0">
          <skipped></skipped>
      </testcase>
      <testcase name="[sig-scheduling] SchedulerPredicates [Serial] validates that NodeAffinity is respected if not matching" classname="Kubernetes e2e suite" time="0">
          <skipped></skipped>
      </testcase>
      <testcase name="[sig-node] Lease lease API should be available [Conformance]" classname="Kubernetes e2e suite" time="0.20846169"></testcase>
      <testcase name="[sig-storage] In-tree Volumes [Driver: local][LocalVolumeType: dir] [Testpattern: Dynamic PV (xfs)][Slow] multiVolume [Slow] should access to two volumes with the same volume mode and retain data across pod recreation on the same node" classname="Kubernetes e2e suite" time="0">
          <skipped></skipped>
      </testcase>
      <testcase name="[sig-storage] In-tree Volumes [Driver: local][LocalVolumeType: dir] [Testpattern: Inline-volume (default fs)] subPath should fail if subpath file is outside the volume [Slow][LinuxOnly]" classname="Kubernetes e2e suite" time="0">
          <skipped></skipped>
      </testcase>
      <testcase name="[sig-storage] PersistentVolumes-local  [Volume type: blockfswithoutformat] Two pods mounting a local volume at the same time should be able to write from pod1 and read from pod2" classname="Kubernetes e2e suite" time="0">
          <skipped></skipped>
      </testcase>
      <testcase name="[sig-storage] In-tree Volumes [Driver: cinder] [Testpattern: Dynamic PV (xfs)][Slow] volumes should allow exec of files on the volume" classname="Kubernetes e2e suite" time="0">
          <skipped></skipped>
      </testcase>
      <testcase name="[sig-storage] In-tree Volumes [Driver: local][LocalVolumeType: blockfs] [Testpattern: Dynamic PV (block volmode)] multiVolume [Slow] should concurrently access the single read-only volume from pods on the same node" classname="Kubernetes e2e suite" time="0">
          <skipped></skipped>
      </testcase>
      <testcase name="[sig-storage] In-tree Volumes [Driver: local][LocalVolumeType: dir-link] [Testpattern: Dynamic PV (default fs)] subPath should be able to unmount after the subpath directory is deleted [LinuxOnly]" classname="Kubernetes e2e suite" time="0">
          <skipped></skipped>
      </testcase>
      <testcase name="[sig-storage] CSI Volumes [Driver: pd.csi.storage.gke.io][Serial] [Testpattern: Dynamic PV (filesystem volmode)] multiVolume [Slow] should access to two volumes with different volume mode and retain data across pod recreation on the same node" classname="Kubernetes e2e suite" time="0">
          <skipped></skipped>
      </testcase>
      <testcase name="[sig-storage] In-tree Volumes [Driver: hostPathSymlink] [Testpattern: Pre-provisioned PV (ext4)] volumes should allow exec of files on the volume" classname="Kubernetes e2e suite" time="0">
          <skipped></skipped>
      </testcase>
      <testcase name="[sig-storage] In-tree Volumes [Driver: local][LocalVolumeType: dir-bindmounted] [Testpattern: Pre-provisioned PV (filesystem volmode)] multiVolume [Slow] should access to two volumes with different volume mode and retain data across pod recreation on the same node" classname="Kubernetes e2e suite" time="0">
          <skipped></skipped>
      </testcase>
      <testcase name="[sig-network] Networking Granular Checks: Services should function for pod-Service: http" classname="Kubernetes e2e suite" time="0">
          <skipped></skipped>
      </testcase>
      <testcase name="[sig-storage] In-tree Volumes [Driver: azure-disk] [Testpattern: Dynamic PV (default fs)] subPath should fail if subpath with backstepping is outside the volume [Slow][LinuxOnly]" classname="Kubernetes e2e suite" time="0">
          <skipped></skipped>
      </testcase>
      <testcase name="[sig-storage] In-tree Volumes [Driver: local][LocalVolumeType: blockfs] [Testpattern: Pre-provisioned PV (ext4)] volumes should store data" classname="Kubernetes e2e suite" time="0">
          <skipped></skipped>
      </testcase>
      <testcase name="[sig-storage] In-tree Volumes [Driver: local][LocalVolumeType: tmpfs] [Testpattern: Dynamic PV (ntfs)][Feature:Windows] subPath should support existing single file [LinuxOnly]" classname="Kubernetes e2e suite" time="0">
          <skipped></skipped>
      </testcase>
      <testcase name="[sig-storage] In-tree Volumes [Driver: azure-disk] [Testpattern: Dynamic PV (xfs)][Slow] multiVolume [Slow] should access to two volumes with the same volume mode and retain data across pod recreation on the same node" classname="Kubernetes e2e suite" time="0">
          <skipped></skipped>
      </testcase>
      <testcase name="[sig-storage] In-tree Volumes [Driver: rbd][Feature:Volumes][Serial] [Testpattern: Dynamic PV (default fs)] volume-expand should not allow expansion of pvcs without AllowVolumeExpansion property" classname="Kubernetes e2e suite" time="0">
          <skipped></skipped>
      </testcase>
      <testcase name="[sig-storage] CSI Volumes [Driver: csi-hostpath] [Testpattern: Dynamic PV (filesystem volmode)] multiVolume [Slow] should concurrently access the single read-only volume from pods on the same node" classname="Kubernetes e2e suite" time="0">
          <skipped></skipped>
      </testcase>
      <testcase name="[sig-storage] CSI Volumes [Driver: pd.csi.storage.gke.io][Serial] [Testpattern: Dynamic PV (xfs)][Slow] volumes should allow exec of files on the volume" classname="Kubernetes e2e suite" time="0">
          <skipped></skipped>
      </testcase>
      <testcase name="[sig-storage] In-tree Volumes [Driver: windows-gcepd] [Testpattern: Dynamic PV (default fs)] provisioning should provision storage with snapshot data source [Feature:VolumeSnapshotDataSource]" classname="Kubernetes e2e suite" time="0">
          <skipped></skipped>
      </testcase>
      <testcase name="[sig-storage] In-tree Volumes [Driver: local][LocalVolumeType: dir-bindmounted] [Testpattern: Pre-provisioned PV (filesystem volmode)] multiVolume [Slow] should concurrently access the volume and restored snapshot from pods on the same node [LinuxOnly][Feature:VolumeSnapshotDataSource][Feature:VolumeSourceXFS]" classname="Kubernetes e2e suite" time="0">
          <skipped></skipped>
      </testcase>
      <testcase name="[sig-storage] In-tree Volumes [Driver: local][LocalVolumeType: dir] [Testpattern: Dynamic PV (xfs)][Slow] volumes should store data" classname="Kubernetes e2e suite" time="0">
          <skipped></skipped>
      </testcase>
      <testcase name="[sig-storage] In-tree Volumes [Driver: vsphere] [Testpattern: Inline-volume (default fs)] subPath should support creating multiple subpath from same volumes [Slow]" classname="Kubernetes e2e suite" time="0">
          <skipped></skipped>
      </testcase>
      <testcase name="[sig-storage] In-tree Volumes [Driver: gluster] [Testpattern: Pre-provisioned PV (filesystem volmode)] multiVolume [Slow] should concurrently access the single volume from pods on the same node" classname="Kubernetes e2e suite" time="0">
          <skipped></skipped>
      </testcase>
      <testcase name="[sig-storage] In-tree Volumes [Driver: local][LocalVolumeType: block] [Testpattern: Dynamic PV (ntfs)(allowExpansion)][Feature:Windows] volume-expand Verify if offline PVC expansion works" classname="Kubernetes e2e suite" time="0">
          <skipped></skipped>
      </testcase>
      <testcase name="[sig-storage] Storage Policy Based Volume Provisioning [Feature:vsphere] verify VSAN storage capability with invalid capability name objectSpaceReserve is not honored for dynamically provisioned pvc using storageclass" classname="Kubernetes e2e suite" time="0">
          <skipped></skipped>
      </testcase>
      <testcase name="[sig-storage] In-tree Volumes [Driver: local][LocalVolumeType: dir] [Testpattern: Dynamic PV (ntfs)][Feature:Windows] subPath should support creating multiple subpath from same volumes [Slow]" classname="Kubernetes e2e suite" time="0">
          <skipped></skipped>
      </testcase>
      <testcase name="[sig-storage] In-tree Volumes [Driver: local][LocalVolumeType: dir-link] [Testpattern: Dynamic PV (ext4)] multiVolume [Slow] should concurrently access the single read-only volume from pods on the same node" classname="Kubernetes e2e suite" time="0">
          <skipped></skipped>
      </testcase>
      <testcase name="[sig-storage] In-tree Volumes [Driver: local][LocalVolumeType: dir-link] [Testpattern: Dynamic PV (default fs)(allowExpansion)] volume-expand Verify if offline PVC expansion works" classname="Kubernetes e2e suite" time="0">
          <skipped></skipped>
      </testcase>
      <testcase name="[sig-storage] In-tree Volumes [Driver: windows-gcepd] [Testpattern: Dynamic PV (default fs)] subPath should support creating multiple subpath from same volumes [Slow]" classname="Kubernetes e2e suite" time="0">
          <skipped></skipped>
      </testcase>
      <testcase name="[sig-storage] In-tree Volumes [Driver: gluster] [Testpattern: Dynamic PV (default fs)(allowExpansion)] volume-expand should resize volume when PVC is edited while pod is using it" classname="Kubernetes e2e suite" time="0">
          <skipped></skipped>
      </testcase>
      <testcase name="[sig-storage] In-tree Volumes [Driver: cinder] [Testpattern: Dynamic PV (ext3)] volumes should allow exec of files on the volume" classname="Kubernetes e2e suite" time="0">
          <skipped></skipped>
      </testcase>
      <testcase name="[sig-storage] In-tree Volumes [Driver: local][LocalVolumeType: dir] [Testpattern: Pre-provisioned PV (default fs)] subPath should support restarting containers using directory as subpath [Slow]" classname="Kubernetes e2e suite" time="0">
          <skipped></skipped>
      </testcase>
      <testcase name="[sig-storage] CSI Volumes [Driver: csi-hostpath] [Testpattern: Pre-provisioned PV (ntfs)][Feature:Windows] volumes should allow exec of files on the volume" classname="Kubernetes e2e suite" time="0">
          <skipped></skipped>
      </testcase>
      <testcase name="[sig-storage] In-tree Volumes [Driver: vsphere] [Testpattern: Pre-provisioned PV (filesystem volmode)] volumeMode should not mount / map unused volumes in a pod [LinuxOnly]" classname="Kubernetes e2e suite" time="0">
          <skipped></skipped>
      </testcase>
      <testcase name="[sig-storage] In-tree Volumes [Driver: ceph][Feature:Volumes][Serial] [Testpattern: Dynamic PV (default fs)] fsgroupchangepolicy (OnRootMismatch)[LinuxOnly], pod created with an initial fsgroup, new pod fsgroup applied to volume contents" classname="Kubernetes e2e suite" time="0">
          <skipped></skipped>
      </testcase>
      <testcase name="[sig-storage] In-tree Volumes [Driver: gluster] [Testpattern: Inline-volume (default fs)] volumes should store data" classname="Kubernetes e2e suite" time="0">
          <skipped></skipped>
      </testcase>
      <testcase name="[sig-storage] In-tree Volumes [Driver: hostPath] [Testpattern: Dynamic PV (default fs)] fsgroupchangepolicy (Always)[LinuxOnly], pod created with an initial fsgroup, volume contents ownership changed in first pod, new pod with different fsgroup applied to the volume contents" classname="Kubernetes e2e suite" time="0">
          <skipped></skipped>
      </testcase>
      <testcase name="[sig-api-machinery] ServerSideApply should ignore conflict errors if force apply is used" classname="Kubernetes e2e suite" time="0">
          <skipped></skipped>
      </testcase>
      <testcase name="[sig-storage] In-tree Volumes [Driver: aws] [Testpattern: Dynamic PV (block volmode)] multiVolume [Slow] should concurrently access the single read-only volume from pods on the same node" classname="Kubernetes e2e suite" time="0">
          <skipped></skipped>
      </testcase>
      <testcase name="[sig-storage] In-tree Volumes [Driver: ceph][Feature:Volumes][Serial] [Testpattern: Dynamic PV (block volmode)] multiVolume [Slow] should concurrently access the single volume from pods on different node" classname="Kubernetes e2e suite" time="0">
          <skipped></skipped>
      </testcase>
      <testcase name="[sig-network] Netpol NetworkPolicy between server and client should allow ingress access from updated namespace [Feature:NetworkPolicy]" classname="Kubernetes e2e suite" time="0">
          <skipped></skipped>
      </testcase>
      <testcase name="[sig-network] NetworkPolicyLegacy [LinuxOnly] NetworkPolicy between server and client should work with Ingress,Egress specified together [Feature:NetworkPolicy]" classname="Kubernetes e2e suite" time="0">
          <skipped></skipped>
      </testcase>
      <testcase name="[sig-storage] In-tree Volumes [Driver: local][LocalVolumeType: blockfs] [Testpattern: Pre-provisioned PV (default fs)] subPath should verify container cannot write to subpath readonly volumes [Slow]" classname="Kubernetes e2e suite" time="0">
          <skipped></skipped>
      </testcase>
      <testcase name="[sig-storage] In-tree Volumes [Driver: ceph][Feature:Volumes][Serial] [Testpattern: Dynamic PV (default fs)] subPath should verify container cannot write to subpath readonly volumes [Slow]" classname="Kubernetes e2e suite" time="0">
          <skipped></skipped>
      </testcase>
      <testcase name="[sig-storage] In-tree Volumes [Driver: local][LocalVolumeType: gce-localssd-scsi-fs] [Serial] [Testpattern: Dynamic PV (ntfs)][Feature:Windows] subPath should support existing single file [LinuxOnly]" classname="Kubernetes e2e suite" time="0">
          <skipped></skipped>
      </testcase>
      <testcase name="[sig-storage] In-tree Volumes [Driver: nfs] [Testpattern: Dynamic PV (default fs)] subPath should support creating multiple subpath from same volumes [Slow]" classname="Kubernetes e2e suite" time="0">
          <skipped></skipped>
      </testcase>
      <testcase name="[sig-storage] In-tree Volumes [Driver: aws] [Testpattern: Inline-volume (default fs)] subPath should support existing directory" classname="Kubernetes e2e suite" time="0">
          <skipped></skipped>
      </testcase>
      <testcase name="[sig-storage] In-tree Volumes [Driver: rbd][Feature:Volumes][Serial] [Testpattern: Dynamic PV (xfs)][Slow] multiVolume [Slow] should access to two volumes with different volume mode and retain data across pod recreation on different node" classname="Kubernetes e2e suite" time="0">
          <skipped></skipped>
      </testcase>
      <testcase name="[sig-storage] In-tree Volumes [Driver: hostPathSymlink] [Testpattern: Dynamic PV (ntfs)][Feature:Windows] subPath should support readOnly file specified in the volumeMount [LinuxOnly]" classname="Kubernetes e2e suite" time="0">
          <skipped></skipped>
      </testcase>
      <testcase name="[sig-storage] In-tree Volumes [Driver: local][LocalVolumeType: blockfs] [Testpattern: Dynamic PV (xfs)][Slow] multiVolume [Slow] should access to two volumes with different volume mode and retain data across pod recreation on the same node" classname="Kubernetes e2e suite" time="0">
          <skipped></skipped>
      </testcase>
      <testcase name="[sig-node] Pods should get a host IP [NodeConformance] [Conformance]" classname="Kubernetes e2e suite" time="2.124492451"></testcase>
      <testcase name="[sig-storage] CSI Volumes [Driver: csi-hostpath] [Testpattern: Generic Ephemeral-volume (default fs) (late-binding)] ephemeral should create read/write inline ephemeral volume" classname="Kubernetes e2e suite" time="0">
          <skipped></skipped>
      </testcase>
      <testcase name="[sig-storage] In-tree Volumes [Driver: aws] [Testpattern: Dynamic PV (default fs)] volumes should store data" classname="Kubernetes e2e suite" time="0">
          <skipped></skipped>
      </testcase>
      <testcase name="[sig-storage] In-tree Volumes [Driver: emptydir] [Testpattern: Pre-provisioned PV (ext3)] volumes should store data" classname="Kubernetes e2e suite" time="0">
          <skipped></skipped>
      </testcase>
      <testcase name="[sig-network] Netpol NetworkPolicy between server and client should enforce except clause while egress access to server in CIDR block [Feature:NetworkPolicy]" classname="Kubernetes e2e suite" time="0">
          <skipped></skipped>
      </testcase>
      <testcase name="[sig-storage] CSI Volumes [Driver: csi-hostpath] [Testpattern: Dynamic Snapshot (delete policy)] snapshottable-stress[Feature:VolumeSnapshotDataSource] should support snapshotting of many volumes repeatedly [Slow] [Serial]" classname="Kubernetes e2e suite" time="0">
          <skipped></skipped>
      </testcase>
      <testcase name="[sig-cli] Kubectl Port forwarding With a server listening on localhost should support forwarding over websockets" classname="Kubernetes e2e suite" time="0">
          <skipped></skipped>
      </testcase>
      <testcase name="[sig-storage] In-tree Volumes [Driver: nfs] [Testpattern: Dynamic PV (ntfs)][Feature:Windows] subPath should support existing single file [LinuxOnly]" classname="Kubernetes e2e suite" time="0">
          <skipped></skipped>
      </testcase>
      <testcase name="[sig-storage] In-tree Volumes [Driver: local][LocalVolumeType: gce-localssd-scsi-fs] [Serial] [Testpattern: Pre-provisioned PV (block volmode)] disruptive[Disruptive][LinuxOnly] Should test that pv written before kubelet restart is readable after restart." classname="Kubernetes e2e suite" time="0">
          <skipped></skipped>
      </testcase>
      <testcase name="[sig-storage] In-tree Volumes [Driver: vsphere] [Testpattern: Dynamic PV (default fs)] subPath should support existing directory" classname="Kubernetes e2e suite" time="0">
          <skipped></skipped>
      </testcase>
      <testcase name="[sig-auth] [Feature:NodeAuthorizer] A node shouldn&#39;t be able to delete another node" classname="Kubernetes e2e suite" time="0">
          <skipped></skipped>
      </testcase>
      <testcase name="[sig-api-machinery] AdmissionWebhook [Privileged:ClusterAdmin] listing mutating webhooks should work [Conformance]" classname="Kubernetes e2e suite" time="3.820632211"></testcase>
      <testcase name="[sig-api-machinery] CustomResourceDefinition resources [Privileged:ClusterAdmin] custom resource defaulting for requests and from storage works  [Conformance]" classname="Kubernetes e2e suite" time="3.235016105"></testcase>
      <testcase name="[sig-api-machinery] ResourceQuota [Feature:PodPriority] should verify ResourceQuota&#39;s multiple priority class scope (quota set to pod count: 2) against 2 pods with same priority classes." classname="Kubernetes e2e suite" time="0">
          <skipped></skipped>
      </testcase>
      <testcase name="[sig-storage] In-tree Volumes [Driver: ceph][Feature:Volumes][Serial] [Testpattern: Dynamic PV (filesystem volmode)] multiVolume [Slow] should concurrently access the single read-only volume from pods on the same node" classname="Kubernetes e2e suite" time="0">
          <skipped></skipped>
      </testcase>
      <testcase name="[sig-storage] In-tree Volumes [Driver: local][LocalVolumeType: blockfs] [Testpattern: Pre-provisioned PV (filesystem volmode)] disruptive[Disruptive][LinuxOnly] Should test that pv written before kubelet restart is readable after restart." classname="Kubernetes e2e suite" time="0">
          <skipped></skipped>
      </testcase>
      <testcase name="[sig-storage] In-tree Volumes [Driver: azure-disk] [Testpattern: Dynamic PV (filesystem volmode)] volumeMode should not mount / map unused volumes in a pod [LinuxOnly]" classname="Kubernetes e2e suite" time="0">
          <skipped></skipped>
      </testcase>
      <testcase name="[sig-network] [Feature:IPv6DualStack] should be able to reach pod on ipv4 and ipv6 ip" classname="Kubernetes e2e suite" time="0">
          <skipped></skipped>
      </testcase>
      <testcase name="[sig-storage] In-tree Volumes [Driver: local][LocalVolumeType: dir] [Testpattern: Inline-volume (default fs)] subPath should verify container cannot write to subpath readonly volumes [Slow]" classname="Kubernetes e2e suite" time="0">
          <skipped></skipped>
      </testcase>
      <testcase name="[sig-storage] In-tree Volumes [Driver: rbd][Feature:Volumes][Serial] [Testpattern: Dynamic PV (ntfs)][Feature:Windows] subPath should support non-existent path" classname="Kubernetes e2e suite" time="0">
          <skipped></skipped>
      </testcase>
      <testcase name="[sig-network] Networking Granular Checks: Services should update endpoints: http" classname="Kubernetes e2e suite" time="0">
          <skipped></skipped>
      </testcase>
      <testcase name="[sig-storage] GenericPersistentVolume[Disruptive] When kubelet restarts Should test that a file written to the mount before kubelet restart is readable after restart." classname="Kubernetes e2e suite" time="0">
          <skipped></skipped>
      </testcase>
      <testcase name="[sig-storage] In-tree Volumes [Driver: local][LocalVolumeType: gce-localssd-scsi-fs] [Serial] [Testpattern: Pre-provisioned PV (filesystem volmode)] multiVolume [Slow] should concurrently access the single volume from pods on the same node" classname="Kubernetes e2e suite" time="0">
          <skipped></skipped>
      </testcase>
      <testcase name="[sig-storage] In-tree Volumes [Driver: ceph][Feature:Volumes][Serial] [Testpattern: Dynamic PV (ntfs)][Feature:Windows] subPath should support file as subpath [LinuxOnly]" classname="Kubernetes e2e suite" time="0">
          <skipped></skipped>
      </testcase>
      <testcase name="[sig-storage] In-tree Volumes [Driver: windows-gcepd] [Testpattern: Dynamic PV (ext4)] volumes should store data" classname="Kubernetes e2e suite" time="0">
          <skipped></skipped>
      </testcase>
      <testcase name="[sig-storage] In-tree Volumes [Driver: local][LocalVolumeType: blockfs] [Testpattern: Pre-provisioned PV (default fs)] subPath should unmount if pod is gracefully deleted while kubelet is down [Disruptive][Slow][LinuxOnly]" classname="Kubernetes e2e suite" time="0">
          <skipped></skipped>
      </testcase>
      <testcase name="[sig-storage] In-tree Volumes [Driver: local][LocalVolumeType: dir-link-bindmounted] [Testpattern: Dynamic PV (default fs)] subPath should be able to unmount after the subpath directory is deleted [LinuxOnly]" classname="Kubernetes e2e suite" time="0">
          <skipped></skipped>
      </testcase>
      <testcase name="[sig-storage] In-tree Volumes [Driver: emptydir] [Testpattern: Inline-volume (default fs)] subPath should fail if subpath with backstepping is outside the volume [Slow][LinuxOnly]" classname="Kubernetes e2e suite" time="0">
          <skipped></skipped>
      </testcase>
      <testcase name="[sig-storage] In-tree Volumes [Driver: local][LocalVolumeType: dir-link] [Testpattern: Pre-provisioned PV (filesystem volmode)] multiVolume [Slow] should access to two volumes with the same volume mode and retain data across pod recreation on the same node" classname="Kubernetes e2e suite" time="0">
          <skipped></skipped>
      </testcase>
      <testcase name="[sig-storage] In-tree Volumes [Driver: aws] [Testpattern: Pre-provisioned PV (block volmode)] disruptive[Disruptive][LinuxOnly] Should test that pv used in a pod that is force deleted while the kubelet is down cleans up when the kubelet returns." classname="Kubernetes e2e suite" time="0">
          <skipped></skipped>
      </testcase>
      <testcase name="[sig-storage] In-tree Volumes [Driver: local][LocalVolumeType: dir-link] [Testpattern: Pre-provisioned PV (block volmode)] multiVolume [Slow] should concurrently access the volume and its clone from pods on the same node [LinuxOnly][Feature:VolumeSnapshotDataSource][Feature:VolumeSourceXFS]" classname="Kubernetes e2e suite" time="0">
          <skipped></skipped>
      </testcase>
      <testcase name="[sig-storage] In-tree Volumes [Driver: aws] [Testpattern: Dynamic PV (ntfs)][Feature:Windows] subPath should verify container cannot write to subpath readonly volumes [Slow]" classname="Kubernetes e2e suite" time="0">
          <skipped></skipped>
      </testcase>
      <testcase name="[sig-storage] CSI Volumes [Driver: csi-hostpath] [Testpattern: Dynamic PV (ntfs)][Feature:Windows] subPath should support creating multiple subpath from same volumes [Slow]" classname="Kubernetes e2e suite" time="0">
          <skipped></skipped>
      </testcase>
      <testcase name="[sig-storage] In-tree Volumes [Driver: iscsi][Feature:Volumes] [Testpattern: Dynamic PV (ntfs)][Feature:Windows] subPath should fail if subpath with backstepping is outside the volume [Slow][LinuxOnly]" classname="Kubernetes e2e suite" time="0">
          <skipped></skipped>
      </testcase>
      <testcase name="[sig-storage] In-tree Volumes [Driver: emptydir] [Testpattern: Dynamic PV (ext4)] multiVolume [Slow] should concurrently access the single volume from pods on the same node" classname="Kubernetes e2e suite" time="0">
          <skipped></skipped>
      </testcase>
      <testcase name="[sig-storage] In-tree Volumes [Driver: local][LocalVolumeType: gce-localssd-scsi-fs] [Serial] [Testpattern: Dynamic PV (block volmode)] disruptive[Disruptive][LinuxOnly] Should test that pv used in a pod that is force deleted while the kubelet is down cleans up when the kubelet returns." classname="Kubernetes e2e suite" time="0">
          <skipped></skipped>
      </testcase>
      <testcase name="[sig-storage] CSI Volumes [Driver: csi-hostpath] [Testpattern: Inline-volume (default fs)] subPath should support file as subpath [LinuxOnly]" classname="Kubernetes e2e suite" time="0">
          <skipped></skipped>
      </testcase>
      <testcase name="[sig-storage] In-tree Volumes [Driver: local][LocalVolumeType: gce-localssd-scsi-fs] [Serial] [Testpattern: Inline-volume (default fs)] subPath should be able to unmount after the subpath directory is deleted [LinuxOnly]" classname="Kubernetes e2e suite" time="0">
          <skipped></skipped>
      </testcase>
      <testcase name="[sig-storage] In-tree Volumes [Driver: local][LocalVolumeType: dir-link] [Testpattern: Dynamic PV (block volmode)] volumeMode should fail in binding dynamic provisioned PV to PVC [Slow][LinuxOnly]" classname="Kubernetes e2e suite" time="0">
          <skipped></skipped>
      </testcase>
      <testcase name="[sig-storage] In-tree Volumes [Driver: ceph][Feature:Volumes][Serial] [Testpattern: Dynamic PV (block volmode)] multiVolume [Slow] should access to two volumes with different volume mode and retain data across pod recreation on different node" classname="Kubernetes e2e suite" time="0">
          <skipped></skipped>
      </testcase>
      <testcase name="[sig-storage] In-tree Volumes [Driver: emptydir] [Testpattern: Dynamic PV (block volmode)] volumeMode should fail to use a volume in a pod with mismatched mode [Slow]" classname="Kubernetes e2e suite" time="0">
          <skipped></skipped>
      </testcase>
      <testcase name="[sig-storage] In-tree Volumes [Driver: ceph][Feature:Volumes][Serial] [Testpattern: Dynamic PV (immediate binding)] topology should fail to schedule a pod which has topologies that conflict with AllowedTopologies" classname="Kubernetes e2e suite" time="0">
          <skipped></skipped>
      </testcase>
      <testcase name="[sig-storage] In-tree Volumes [Driver: hostPath] [Testpattern: Pre-provisioned PV (default fs)] volumes should allow exec of files on the volume" classname="Kubernetes e2e suite" time="0">
          <skipped></skipped>
      </testcase>
      <testcase name="[sig-storage] In-tree Volumes [Driver: azure-disk] [Testpattern: Dynamic PV (default fs)] subPath should be able to unmount after the subpath directory is deleted [LinuxOnly]" classname="Kubernetes e2e suite" time="0">
          <skipped></skipped>
      </testcase>
      <testcase name="[sig-storage] In-tree Volumes [Driver: rbd][Feature:Volumes][Serial] [Testpattern: Pre-provisioned PV (default fs)] subPath should support readOnly directory specified in the volumeMount" classname="Kubernetes e2e suite" time="0">
          <skipped></skipped>
      </testcase>
      <testcase name="[sig-storage] In-tree Volumes [Driver: iscsi][Feature:Volumes] [Testpattern: Pre-provisioned PV (xfs)][Slow] volumes should allow exec of files on the volume" classname="Kubernetes e2e suite" time="0">
          <skipped></skipped>
      </testcase>
      <testcase name="[sig-storage] In-tree Volumes [Driver: local][LocalVolumeType: dir-link] [Testpattern: Dynamic PV (ntfs)][Feature:Windows] volumes should allow exec of files on the volume" classname="Kubernetes e2e suite" time="0">
          <skipped></skipped>
      </testcase>
      <testcase name="[sig-storage] In-tree Volumes [Driver: rbd][Feature:Volumes][Serial] [Testpattern: Pre-provisioned PV (filesystem volmode)] multiVolume [Slow] should concurrently access the single read-only volume from pods on the same node" classname="Kubernetes e2e suite" time="0">
          <skipped></skipped>
      </testcase>
      <testcase name="[sig-storage] In-tree Volumes [Driver: local][LocalVolumeType: dir] [Testpattern: Dynamic PV (filesystem volmode)] multiVolume [Slow] should concurrently access the volume and its clone from pods on the same node [LinuxOnly][Feature:VolumeSnapshotDataSource][Feature:VolumeSourceXFS]" classname="Kubernetes e2e suite" time="0">
          <skipped></skipped>
      </testcase>
      <testcase name="[sig-storage] In-tree Volumes [Driver: gcepd] [Testpattern: Inline-volume (xfs)][Slow] volumes should store data" classname="Kubernetes e2e suite" time="0">
          <skipped></skipped>
      </testcase>
      <testcase name="[sig-storage] In-tree Volumes [Driver: aws] [Testpattern: Dynamic PV (delayed binding)] topology should provision a volume and schedule a pod with AllowedTopologies" classname="Kubernetes e2e suite" time="0">
          <skipped></skipped>
      </testcase>
      <testcase name="[sig-storage] In-tree Volumes [Driver: ceph][Feature:Volumes][Serial] [Testpattern: Dynamic PV (ntfs)][Feature:Windows] subPath should fail if subpath with backstepping is outside the volume [Slow][LinuxOnly]" classname="Kubernetes e2e suite" time="0">
          <skipped></skipped>
      </testcase>
      <testcase name="[sig-storage] Downward API volume should provide container&#39;s cpu request [NodeConformance] [Conformance]" classname="Kubernetes e2e suite" time="2.1308111"></testcase>
      <testcase name="[sig-storage] In-tree Volumes [Driver: local][LocalVolumeType: gce-localssd-scsi-fs] [Serial] [Testpattern: Pre-provisioned PV (default fs)] subPath should support readOnly file specified in the volumeMount [LinuxOnly]" classname="Kubernetes e2e suite" time="0">
          <skipped></skipped>
      </testcase>
      <testcase name="[sig-storage] In-tree Volumes [Driver: windows-gcepd] [Testpattern: Dynamic PV (ext4)] multiVolume [Slow] should access to two volumes with different volume mode and retain data across pod recreation on different node" classname="Kubernetes e2e suite" time="0">
          <skipped></skipped>
      </testcase>
      <testcase name="[sig-storage] In-tree Volumes [Driver: rbd][Feature:Volumes][Serial] [Testpattern: Dynamic PV (default fs)] subPath should unmount if pod is gracefully deleted while kubelet is down [Disruptive][Slow][LinuxOnly]" classname="Kubernetes e2e suite" time="0">
          <skipped></skipped>
      </testcase>
      <testcase name="[sig-storage] In-tree Volumes [Driver: local][LocalVolumeType: dir-bindmounted] [Testpattern: Pre-provisioned PV (filesystem volmode)] multiVolume [Slow] should concurrently access the single volume from pods on different node" classname="Kubernetes e2e suite" time="0">
          <skipped></skipped>
      </testcase>
      <testcase name="[sig-storage] In-tree Volumes [Driver: ceph][Feature:Volumes][Serial] [Testpattern: Pre-provisioned PV (default fs)] subPath should fail if subpath directory is outside the volume [Slow][LinuxOnly]" classname="Kubernetes e2e suite" time="0">
          <skipped></skipped>
      </testcase>
      <testcase name="[sig-apps] StatefulSet Basic StatefulSet functionality [StatefulSetBasic] should perform rolling updates and roll backs of template modifications [Conformance]" classname="Kubernetes e2e suite" time="101.255649284"></testcase>
      <testcase name="[sig-storage] In-tree Volumes [Driver: cinder] [Testpattern: Dynamic PV (xfs)][Slow] multiVolume [Slow] should concurrently access the single read-only volume from pods on the same node" classname="Kubernetes e2e suite" time="0">
          <skipped></skipped>
      </testcase>
      <testcase name="[sig-storage] In-tree Volumes [Driver: emptydir] [Testpattern: Dynamic PV (default fs)] volume-expand should not allow expansion of pvcs without AllowVolumeExpansion property" classname="Kubernetes e2e suite" time="0">
          <skipped></skipped>
      </testcase>
      <testcase name="[sig-storage] In-tree Volumes [Driver: local][LocalVolumeType: blockfs] [Testpattern: Dynamic PV (ntfs)][Feature:Windows] subPath should support existing single file [LinuxOnly]" classname="Kubernetes e2e suite" time="0">
          <skipped></skipped>
      </testcase>
      <testcase name="[sig-storage] In-tree Volumes [Driver: local][LocalVolumeType: dir] [Testpattern: Inline-volume (default fs)] volumeIO should write files of various sizes, verify size, validate content [Slow][LinuxOnly]" classname="Kubernetes e2e suite" time="0">
          <skipped></skipped>
      </testcase>
      <testcase name="[sig-node] Container Runtime blackbox test when running a container with a new image should be able to pull from private registry with secret [NodeConformance]" classname="Kubernetes e2e suite" time="0">
          <skipped></skipped>
      </testcase>
      <testcase name="[sig-storage] In-tree Volumes [Driver: gluster] [Testpattern: Dynamic PV (ext4)] volumes should store data" classname="Kubernetes e2e suite" time="0">
          <skipped></skipped>
      </testcase>
      <testcase name="[sig-storage] CSI Volumes [Driver: csi-hostpath] [Testpattern: CSI Ephemeral-volume (default fs)] ephemeral should create read/write inline ephemeral volume" classname="Kubernetes e2e suite" time="0">
          <skipped></skipped>
      </testcase>
      <testcase name="[sig-network] Services should prevent NodePort collisions" classname="Kubernetes e2e suite" time="0">
          <skipped></skipped>
      </testcase>
      <testcase name="[sig-storage] In-tree Volumes [Driver: local][LocalVolumeType: blockfs] [Testpattern: Dynamic PV (ext4)] multiVolume [Slow] should access to two volumes with the same volume mode and retain data across pod recreation on the same node" classname="Kubernetes e2e suite" time="0">
          <skipped></skipped>
      </testcase>
      <testcase name="[sig-storage] CSI Volumes [Driver: csi-hostpath] [Testpattern: Dynamic PV (ntfs)][Feature:Windows] subPath should support file as subpath [LinuxOnly]" classname="Kubernetes e2e suite" time="0">
          <skipped></skipped>
      </testcase>
      <testcase name="[sig-storage] In-tree Volumes [Driver: gluster] [Testpattern: Dynamic PV (ntfs)][Feature:Windows] subPath should unmount if pod is gracefully deleted while kubelet is down [Disruptive][Slow][LinuxOnly]" classname="Kubernetes e2e suite" time="0">
          <skipped></skipped>
      </testcase>
      <testcase name="[sig-node] RuntimeClass should reject a Pod requesting a non-existent RuntimeClass [NodeFeature:RuntimeHandler]" classname="Kubernetes e2e suite" time="0">
          <skipped></skipped>
      </testcase>
      <testcase name="[sig-storage] In-tree Volumes [Driver: local][LocalVolumeType: dir-link] [Testpattern: Inline-volume (default fs)] subPath should support non-existent path" classname="Kubernetes e2e suite" time="0">
          <skipped></skipped>
      </testcase>
      <testcase name="[sig-storage] In-tree Volumes [Driver: emptydir] [Testpattern: Dynamic PV (block volmode)] provisioning should provision storage with mount options" classname="Kubernetes e2e suite" time="0">
          <skipped></skipped>
      </testcase>
      <testcase name="[sig-storage] In-tree Volumes [Driver: gcepd] [Testpattern: Dynamic PV (xfs)][Slow] multiVolume [Slow] should concurrently access the single volume from pods on different node" classname="Kubernetes e2e suite" time="0">
          <skipped></skipped>
      </testcase>
      <testcase name="[sig-storage] In-tree Volumes [Driver: gluster] [Testpattern: Pre-provisioned PV (filesystem volmode)] volumeMode should not mount / map unused volumes in a pod [LinuxOnly]" classname="Kubernetes e2e suite" time="0">
          <skipped></skipped>
      </testcase>
      <testcase name="[sig-storage] In-tree Volumes [Driver: azure-disk] [Testpattern: Dynamic PV (ext4)] volumes should allow exec of files on the volume" classname="Kubernetes e2e suite" time="0">
          <skipped></skipped>
      </testcase>
      <testcase name="[sig-storage] In-tree Volumes [Driver: local][LocalVolumeType: dir-bindmounted] [Testpattern: Dynamic PV (default fs)] subPath should support non-existent path" classname="Kubernetes e2e suite" time="0">
          <skipped></skipped>
      </testcase>
      <testcase name="[sig-storage] In-tree Volumes [Driver: nfs] [Testpattern: Pre-provisioned PV (ext4)] volumes should allow exec of files on the volume" classname="Kubernetes e2e suite" time="0">
          <skipped></skipped>
      </testcase>
      <testcase name="[sig-storage] In-tree Volumes [Driver: local][LocalVolumeType: tmpfs] [Testpattern: Dynamic PV (filesystem volmode)] multiVolume [Slow] should concurrently access the volume and its clone from pods on the same node [LinuxOnly][Feature:VolumeSnapshotDataSource][Feature:VolumeSourceXFS]" classname="Kubernetes e2e suite" time="0">
          <skipped></skipped>
      </testcase>
      <testcase name="[sig-storage] In-tree Volumes [Driver: emptydir] [Testpattern: Dynamic PV (default fs)] subPath should fail if subpath with backstepping is outside the volume [Slow][LinuxOnly]" classname="Kubernetes e2e suite" time="0">
          <skipped></skipped>
      </testcase>
      <testcase name="[sig-storage] In-tree Volumes [Driver: hostPath] [Testpattern: Dynamic PV (ntfs)][Feature:Windows] subPath should support restarting containers using file as subpath [Slow][LinuxOnly]" classname="Kubernetes e2e suite" time="0">
          <skipped></skipped>
      </testcase>
      <testcase name="[sig-storage] In-tree Volumes [Driver: gcepd] [Testpattern: Pre-provisioned PV (filesystem volmode)] volumeMode should fail to use a volume in a pod with mismatched mode [Slow]" classname="Kubernetes e2e suite" time="0">
          <skipped></skipped>
      </testcase>
      <testcase name="[sig-node] Container Lifecycle Hook when create a pod with lifecycle hook should execute prestop http hook properly [NodeConformance] [Conformance]" classname="Kubernetes e2e suite" time="10.152847513"></testcase>
      <testcase name="[sig-storage] In-tree Volumes [Driver: local][LocalVolumeType: dir-link-bindmounted] [Testpattern: Pre-provisioned PV (block volmode)] multiVolume [Slow] should access to two volumes with different volume mode and retain data across pod recreation on the same node" classname="Kubernetes e2e suite" time="0">
          <skipped></skipped>
      </testcase>
      <testcase name="[sig-network] Networking Granular Checks: Pods should function for node-pod communication: udp [LinuxOnly] [NodeConformance] [Conformance]" classname="Kubernetes e2e suite" time="25.252378004"></testcase>
      <testcase name="[sig-storage] In-tree Volumes [Driver: ceph][Feature:Volumes][Serial] [Testpattern: Inline-volume (default fs)] subPath should support restarting containers using file as subpath [Slow][LinuxOnly]" classname="Kubernetes e2e suite" time="0">
          <skipped></skipped>
      </testcase>
      <testcase name="[sig-storage] In-tree Volumes [Driver: local][LocalVolumeType: dir-link-bindmounted] [Testpattern: Dynamic PV (default fs)] volume-expand should not allow expansion of pvcs without AllowVolumeExpansion property" classname="Kubernetes e2e suite" time="0">
          <skipped></skipped>
      </testcase>
      <testcase name="[sig-storage] CSI Volumes [Driver: csi-hostpath] [Testpattern: Inline-volume (default fs)] subPath should support non-existent path" classname="Kubernetes e2e suite" time="0">
          <skipped></skipped>
      </testcase>
      <testcase name="[sig-storage] In-tree Volumes [Driver: gluster] [Testpattern: Pre-provisioned PV (ext4)] volumes should store data" classname="Kubernetes e2e suite" time="0">
          <skipped></skipped>
      </testcase>
      <testcase name="[sig-storage] In-tree Volumes [Driver: local][LocalVolumeType: dir] [Testpattern: Dynamic PV (block volmode)] provisioning should provision storage with pvc data source" classname="Kubernetes e2e suite" time="0">
          <skipped></skipped>
      </testcase>
      <testcase name="[sig-storage] In-tree Volumes [Driver: local][LocalVolumeType: tmpfs] [Testpattern: Pre-provisioned PV (xfs)][Slow] volumes should allow exec of files on the volume" classname="Kubernetes e2e suite" time="0">
          <skipped></skipped>
      </testcase>
      <testcase name="[sig-storage] In-tree Volumes [Driver: local][LocalVolumeType: dir-bindmounted] [Testpattern: Dynamic PV (ext4)] multiVolume [Slow] should concurrently access the single read-only volume from pods on the same node" classname="Kubernetes e2e suite" time="0">
          <skipped></skipped>
      </testcase>
      <testcase name="[sig-autoscaling] Cluster size autoscaling [Slow] shouldn&#39;t be able to scale down when rescheduling a pod is required, but pdb doesn&#39;t allow drain[Feature:ClusterSizeAutoscalingScaleDown]" classname="Kubernetes e2e suite" time="0">
          <skipped></skipped>
      </testcase>
      <testcase name="[sig-storage] In-tree Volumes [Driver: azure-disk] [Testpattern: Inline-volume (ntfs)][Feature:Windows] volumes should allow exec of files on the volume" classname="Kubernetes e2e suite" time="0">
          <skipped></skipped>
      </testcase>
      <testcase name="[sig-api-machinery] Namespaces [Serial] should patch a Namespace [Conformance]" classname="Kubernetes e2e suite" time="0.091863295"></testcase>
      <testcase name="[sig-storage] CSI Volumes [Driver: csi-hostpath] [Testpattern: Pre-provisioned PV (default fs)] volumes should allow exec of files on the volume" classname="Kubernetes e2e suite" time="0">
          <skipped></skipped>
      </testcase>
      <testcase name="[sig-storage] In-tree Volumes [Driver: local][LocalVolumeType: gce-localssd-scsi-fs] [Serial] [Testpattern: Dynamic PV (default fs)] volumeIO should write files of various sizes, verify size, validate content [Slow][LinuxOnly]" classname="Kubernetes e2e suite" time="0">
          <skipped></skipped>
      </testcase>
      <testcase name="[sig-storage] In-tree Volumes [Driver: local][LocalVolumeType: gce-localssd-scsi-fs] [Serial] [Testpattern: Inline-volume (default fs)] subPath should support non-existent path" classname="Kubernetes e2e suite" time="0">
          <skipped></skipped>
      </testcase>
      <testcase name="[sig-storage] In-tree Volumes [Driver: iscsi][Feature:Volumes] [Testpattern: Pre-provisioned PV (default fs)] subPath should support existing directories when readOnly specified in the volumeSource" classname="Kubernetes e2e suite" time="0">
          <skipped></skipped>
      </testcase>
      <testcase name="[sig-storage] In-tree Volumes [Driver: local][LocalVolumeType: tmpfs] [Testpattern: Dynamic PV (ntfs)][Feature:Windows] volumes should allow exec of files on the volume" classname="Kubernetes e2e suite" time="0">
          <skipped></skipped>
      </testcase>
      <testcase name="[sig-storage] In-tree Volumes [Driver: emptydir] [Testpattern: Dynamic PV (default fs)] subPath should support creating multiple subpath from same volumes [Slow]" classname="Kubernetes e2e suite" time="0">
          <skipped></skipped>
      </testcase>
      <testcase name="[sig-storage] In-tree Volumes [Driver: cinder] [Testpattern: Dynamic PV (block volmode)] multiVolume [Slow] should concurrently access the single volume from pods on the same node" classname="Kubernetes e2e suite" time="0">
          <skipped></skipped>
      </testcase>
      <testcase name="[sig-storage] Flexvolumes should be mountable when attachable [Feature:Flexvolumes]" classname="Kubernetes e2e suite" time="0">
          <skipped></skipped>
      </testcase>
      <testcase name="[sig-storage] ConfigMap should be consumable from pods in volume [NodeConformance] [Conformance]" classname="Kubernetes e2e suite" time="2.099034203"></testcase>
      <testcase name="[sig-storage] CSI Volumes [Driver: pd.csi.storage.gke.io][Serial] [Testpattern: Pre-provisioned PV (block volmode)] disruptive[Disruptive][LinuxOnly] Should test that pv used in a pod that is deleted while the kubelet is down cleans up when the kubelet returns." classname="Kubernetes e2e suite" time="0">
          <skipped></skipped>
      </testcase>
      <testcase name="[sig-storage] In-tree Volumes [Driver: windows-gcepd] [Testpattern: Dynamic PV (default fs)(allowExpansion)] volume-expand Verify if offline PVC expansion works" classname="Kubernetes e2e suite" time="0">
          <skipped></skipped>
      </testcase>
      <testcase name="[sig-storage] In-tree Volumes [Driver: local][LocalVolumeType: dir] [Testpattern: Dynamic PV (ext4)] volumes should store data" classname="Kubernetes e2e suite" time="0">
          <skipped></skipped>
      </testcase>
      <testcase name="[sig-storage] In-tree Volumes [Driver: hostPath] [Testpattern: Dynamic PV (xfs)][Slow] volumes should allow exec of files on the volume" classname="Kubernetes e2e suite" time="0">
          <skipped></skipped>
      </testcase>
      <testcase name="[sig-storage] CSI Volumes [Driver: csi-hostpath] [Testpattern: Inline-volume (ext4)] volumes should store data" classname="Kubernetes e2e suite" time="0">
          <skipped></skipped>
      </testcase>
      <testcase name="[sig-storage] In-tree Volumes [Driver: vsphere] [Testpattern: Pre-provisioned PV (block volmode)] multiVolume [Slow] should access to two volumes with different volume mode and retain data across pod recreation on the same node" classname="Kubernetes e2e suite" time="0">
          <skipped></skipped>
      </testcase>
      <testcase name="[sig-storage] In-tree Volumes [Driver: local][LocalVolumeType: dir-link-bindmounted] [Testpattern: Pre-provisioned PV (filesystem volmode)] multiVolume [Slow] should access to two volumes with the same volume mode and retain data across pod recreation on different node" classname="Kubernetes e2e suite" time="0">
          <skipped></skipped>
      </testcase>
      <testcase name="[sig-storage] In-tree Volumes [Driver: hostPathSymlink] [Testpattern: Pre-provisioned PV (block volmode)] volumeMode should fail to create pod by failing to mount volume [Slow]" classname="Kubernetes e2e suite" time="0">
          <skipped></skipped>
      </testcase>
      <testcase name="[sig-storage] In-tree Volumes [Driver: local][LocalVolumeType: tmpfs] [Testpattern: Dynamic PV (default fs)] subPath should support restarting containers using file as subpath [Slow][LinuxOnly]" classname="Kubernetes e2e suite" time="0">
          <skipped></skipped>
      </testcase>
      <testcase name="[sig-storage] In-tree Volumes [Driver: gluster] [Testpattern: Dynamic PV (ntfs)][Feature:Windows] subPath should fail if non-existent subpath is outside the volume [Slow][LinuxOnly]" classname="Kubernetes e2e suite" time="0">
          <skipped></skipped>
      </testcase>
      <testcase name="[sig-network] Services should respect internalTrafficPolicy=Local Pod to Pod (hostNetwork: true) [Feature:ServiceInternalTrafficPolicy]" classname="Kubernetes e2e suite" time="0">
          <skipped></skipped>
      </testcase>
      <testcase name="[sig-storage] Volumes ConfigMap should be mountable" classname="Kubernetes e2e suite" time="0">
          <skipped></skipped>
      </testcase>
      <testcase name="[sig-storage] Storage Policy Based Volume Provisioning [Feature:vsphere] verify VSAN storage capability with valid diskStripes and objectSpaceReservation values is honored for dynamically provisioned pvc using storageclass" classname="Kubernetes e2e suite" time="0">
          <skipped></skipped>
      </testcase>
      <testcase name="[sig-storage] In-tree Volumes [Driver: iscsi][Feature:Volumes] [Testpattern: Dynamic PV (block volmode)] provisioning should provision storage with mount options" classname="Kubernetes e2e suite" time="0">
          <skipped></skipped>
      </testcase>
      <testcase name="[sig-storage] In-tree Volumes [Driver: local][LocalVolumeType: dir-bindmounted] [Testpattern: Dynamic PV (ntfs)][Feature:Windows] subPath should fail if subpath with backstepping is outside the volume [Slow][LinuxOnly]" classname="Kubernetes e2e suite" time="0">
          <skipped></skipped>
      </testcase>
      <testcase name="[sig-api-machinery] ResourceQuota should verify ResourceQuota with best effort scope. [Conformance]" classname="Kubernetes e2e suite" time="16.208506388"></testcase>
      <testcase name="[sig-storage] In-tree Volumes [Driver: windows-gcepd] [Testpattern: Inline-volume (ext3)] volumes should store data" classname="Kubernetes e2e suite" time="0">
          <skipped></skipped>
      </testcase>
      <testcase name="[sig-storage] In-tree Volumes [Driver: ceph][Feature:Volumes][Serial] [Testpattern: Dynamic PV (default fs)] subPath should support file as subpath [LinuxOnly]" classname="Kubernetes e2e suite" time="0">
          <skipped></skipped>
      </testcase>
      <testcase name="[sig-storage] In-tree Volumes [Driver: rbd][Feature:Volumes][Serial] [Testpattern: Dynamic PV (xfs)][Slow] multiVolume [Slow] should concurrently access the single volume from pods on different node" classname="Kubernetes e2e suite" time="0">
          <skipped></skipped>
      </testcase>
      <testcase name="[sig-storage] In-tree Volumes [Driver: hostPathSymlink] [Testpattern: Pre-provisioned PV (default fs)] subPath should fail if subpath file is outside the volume [Slow][LinuxOnly]" classname="Kubernetes e2e suite" time="0">
          <skipped></skipped>
      </testcase>
      <testcase name="[sig-storage] In-tree Volumes [Driver: local][LocalVolumeType: block] [Testpattern: Pre-provisioned PV (default fs)] volumes should store data" classname="Kubernetes e2e suite" time="0">
          <skipped></skipped>
      </testcase>
      <testcase name="[sig-storage] In-tree Volumes [Driver: nfs] [Testpattern: Dynamic PV (block volmode)] volumes should store data" classname="Kubernetes e2e suite" time="0">
          <skipped></skipped>
      </testcase>
      <testcase name="[sig-storage] In-tree Volumes [Driver: local][LocalVolumeType: dir-link] [Testpattern: Dynamic PV (filesystem volmode)] multiVolume [Slow] should concurrently access the single read-only volume from pods on the same node" classname="Kubernetes e2e suite" time="0">
          <skipped></skipped>
      </testcase>
      <testcase name="[sig-storage] In-tree Volumes [Driver: vsphere] [Testpattern: Dynamic PV (block volmode)] volumeMode should fail to use a volume in a pod with mismatched mode [Slow]" classname="Kubernetes e2e suite" time="0">
          <skipped></skipped>
      </testcase>
      <testcase name="[sig-node] Pods should contain environment variables for services [NodeConformance] [Conformance]" classname="Kubernetes e2e suite" time="4.166513396"></testcase>
      <testcase name="[sig-storage] In-tree Volumes [Driver: hostPath] [Testpattern: Dynamic PV (filesystem volmode)] volumeMode should fail to use a volume in a pod with mismatched mode [Slow]" classname="Kubernetes e2e suite" time="0">
          <skipped></skipped>
      </testcase>
      <testcase name="[sig-api-machinery] Servers with support for API chunking should support continue listing from the last key if the original version has been compacted away, though the list is inconsistent [Slow]" classname="Kubernetes e2e suite" time="0">
          <skipped></skipped>
      </testcase>
      <testcase name="[sig-storage] CSI Volumes [Driver: pd.csi.storage.gke.io][Serial] [Testpattern: Inline-volume (ntfs)][Feature:Windows] volumes should store data" classname="Kubernetes e2e suite" time="0">
          <skipped></skipped>
      </testcase>
      <testcase name="[sig-storage] In-tree Volumes [Driver: vsphere] [Testpattern: Dynamic PV (ntfs)][Feature:Windows] subPath should unmount if pod is gracefully deleted while kubelet is down [Disruptive][Slow][LinuxOnly]" classname="Kubernetes e2e suite" time="0">
          <skipped></skipped>
      </testcase>
      <testcase name="[sig-storage] In-tree Volumes [Driver: cinder] [Testpattern: Pre-provisioned PV (default fs)] subPath should support existing directories when readOnly specified in the volumeSource" classname="Kubernetes e2e suite" time="0">
          <skipped></skipped>
      </testcase>
      <testcase name="[sig-apps] StatefulSet Basic StatefulSet functionality [StatefulSetBasic] should not deadlock when a pod&#39;s predecessor fails" classname="Kubernetes e2e suite" time="0">
          <skipped></skipped>
      </testcase>
      <testcase name="[sig-storage] In-tree Volumes [Driver: local][LocalVolumeType: dir-link] [Testpattern: Dynamic PV (block volmode)] volumeMode should not mount / map unused volumes in a pod [LinuxOnly]" classname="Kubernetes e2e suite" time="0">
          <skipped></skipped>
      </testcase>
      <testcase name="[sig-node] NodeLease when the NodeLease feature is enabled should have OwnerReferences set" classname="Kubernetes e2e suite" time="0">
          <skipped></skipped>
      </testcase>
      <testcase name="[sig-storage] In-tree Volumes [Driver: rbd][Feature:Volumes][Serial] [Testpattern: Dynamic PV (default fs)] subPath should fail if subpath with backstepping is outside the volume [Slow][LinuxOnly]" classname="Kubernetes e2e suite" time="0">
          <skipped></skipped>
      </testcase>
      <testcase name="[sig-storage] CSI Volumes [Driver: pd.csi.storage.gke.io][Serial] [Testpattern: Inline-volume (default fs)] subPath should fail if subpath directory is outside the volume [Slow][LinuxOnly]" classname="Kubernetes e2e suite" time="0">
          <skipped></skipped>
      </testcase>
      <testcase name="[sig-storage] In-tree Volumes [Driver: emptydir] [Testpattern: Inline-volume (ntfs)][Feature:Windows] volumes should store data" classname="Kubernetes e2e suite" time="0">
          <skipped></skipped>
      </testcase>
      <testcase name="[sig-storage] In-tree Volumes [Driver: local][LocalVolumeType: blockfs] [Testpattern: Dynamic PV (ext4)] volumes should store data" classname="Kubernetes e2e suite" time="0">
          <skipped></skipped>
      </testcase>
      <testcase name="[sig-storage] In-tree Volumes [Driver: rbd][Feature:Volumes][Serial] [Testpattern: Pre-provisioned PV (block volmode)] multiVolume [Slow] should access to two volumes with the same volume mode and retain data across pod recreation on different node" classname="Kubernetes e2e suite" time="0">
          <skipped></skipped>
      </testcase>
      <testcase name="[sig-storage] CSI Volumes [Driver: csi-hostpath] [Testpattern: Pre-provisioned PV (block volmode)] multiVolume [Slow] should concurrently access the single read-only volume from pods on the same node" classname="Kubernetes e2e suite" time="0">
          <skipped></skipped>
      </testcase>
      <testcase name="[sig-storage] In-tree Volumes [Driver: nfs] [Testpattern: Dynamic PV (xfs)][Slow] multiVolume [Slow] should concurrently access the single volume from pods on different node" classname="Kubernetes e2e suite" time="0">
          <skipped></skipped>
      </testcase>
      <testcase name="[sig-storage] In-tree Volumes [Driver: azure-disk] [Testpattern: Dynamic PV (ntfs)(allowExpansion)][Feature:Windows] volume-expand Verify if offline PVC expansion works" classname="Kubernetes e2e suite" time="0">
          <skipped></skipped>
      </testcase>
      <testcase name="[sig-network] Netpol NetworkPolicy between server and client should properly isolate pods that are selected by a policy allowing SCTP, even if the plugin doesn&#39;t support SCTP [Feature:NetworkPolicy]" classname="Kubernetes e2e suite" time="0">
          <skipped></skipped>
      </testcase>
      <testcase name="[sig-storage] In-tree Volumes [Driver: local][LocalVolumeType: dir-bindmounted] [Testpattern: Inline-volume (xfs)][Slow] volumes should allow exec of files on the volume" classname="Kubernetes e2e suite" time="0">
          <skipped></skipped>
      </testcase>
      <testcase name="[sig-storage] In-tree Volumes [Driver: gcepd] [Testpattern: Inline-volume (ext4)] volumes should store data" classname="Kubernetes e2e suite" time="0">
          <skipped></skipped>
      </testcase>
      <testcase name="[sig-storage] In-tree Volumes [Driver: windows-gcepd] [Testpattern: Dynamic PV (block volmode)(allowExpansion)] volume-expand Verify if offline PVC expansion works" classname="Kubernetes e2e suite" time="0">
          <skipped></skipped>
      </testcase>
      <testcase name="[sig-storage] In-tree Volumes [Driver: local][LocalVolumeType: dir] [Testpattern: Dynamic PV (ntfs)][Feature:Windows] subPath should fail if subpath file is outside the volume [Slow][LinuxOnly]" classname="Kubernetes e2e suite" time="0">
          <skipped></skipped>
      </testcase>
      <testcase name="[sig-storage] In-tree Volumes [Driver: local][LocalVolumeType: dir-link-bindmounted] [Testpattern: Dynamic PV (default fs)(allowExpansion)] volume-expand should resize volume when PVC is edited while pod is using it" classname="Kubernetes e2e suite" time="0">
          <skipped></skipped>
      </testcase>
      <testcase name="[sig-cli] Kubectl client Simple pod should support exec through an HTTP proxy" classname="Kubernetes e2e suite" time="0">
          <skipped></skipped>
      </testcase>
      <testcase name="[sig-storage] In-tree Volumes [Driver: rbd][Feature:Volumes][Serial] [Testpattern: Dynamic PV (block volmode)] multiVolume [Slow] should access to two volumes with different volume mode and retain data across pod recreation on the same node" classname="Kubernetes e2e suite" time="0">
          <skipped></skipped>
      </testcase>
      <testcase name="[sig-storage] CSI Volumes [Driver: csi-hostpath] [Testpattern: Inline-volume (xfs)][Slow] volumes should store data" classname="Kubernetes e2e suite" time="0">
          <skipped></skipped>
      </testcase>
      <testcase name="[sig-storage] In-tree Volumes [Driver: ceph][Feature:Volumes][Serial] [Testpattern: Dynamic PV (ntfs)][Feature:Windows] subPath should fail if subpath file is outside the volume [Slow][LinuxOnly]" classname="Kubernetes e2e suite" time="0">
          <skipped></skipped>
      </testcase>
      <testcase name="[sig-storage] In-tree Volumes [Driver: hostPath] [Testpattern: Dynamic PV (default fs)] volumeIO should write files of various sizes, verify size, validate content [Slow][LinuxOnly]" classname="Kubernetes e2e suite" time="0">
          <skipped></skipped>
      </testcase>
      <testcase name="[sig-storage] In-tree Volumes [Driver: cinder] [Testpattern: Inline-volume (default fs)] subPath should support existing directories when readOnly specified in the volumeSource" classname="Kubernetes e2e suite" time="0">
          <skipped></skipped>
      </testcase>
      <testcase name="[sig-storage] In-tree Volumes [Driver: local][LocalVolumeType: dir] [Testpattern: Dynamic PV (block volmode)] multiVolume [Slow] should access to two volumes with the same volume mode and retain data across pod recreation on the same node" classname="Kubernetes e2e suite" time="0">
          <skipped></skipped>
      </testcase>
      <testcase name="[sig-storage] In-tree Volumes [Driver: gluster] [Testpattern: Dynamic PV (block volmode)] volumes should store data" classname="Kubernetes e2e suite" time="0">
          <skipped></skipped>
      </testcase>
      <testcase name="[sig-storage] In-tree Volumes [Driver: local][LocalVolumeType: gce-localssd-scsi-fs] [Serial] [Testpattern: Pre-provisioned PV (block volmode)] volumeMode should not mount / map unused volumes in a pod [LinuxOnly]" classname="Kubernetes e2e suite" time="0">
          <skipped></skipped>
      </testcase>
      <testcase name="[sig-api-machinery] Garbage collector should support cascading deletion of custom resources" classname="Kubernetes e2e suite" time="0">
          <skipped></skipped>
      </testcase>
      <testcase name="[sig-storage] In-tree Volumes [Driver: rbd][Feature:Volumes][Serial] [Testpattern: Dynamic PV (ext4)] multiVolume [Slow] should access to two volumes with different volume mode and retain data across pod recreation on the same node" classname="Kubernetes e2e suite" time="0">
          <skipped></skipped>
      </testcase>
      <testcase name="[sig-storage] In-tree Volumes [Driver: azure-disk] [Testpattern: Pre-provisioned PV (xfs)][Slow] volumes should allow exec of files on the volume" classname="Kubernetes e2e suite" time="0">
          <skipped></skipped>
      </testcase>
      <testcase name="[sig-storage] In-tree Volumes [Driver: local][LocalVolumeType: tmpfs] [Testpattern: Inline-volume (default fs)] subPath should verify container cannot write to subpath readonly volumes [Slow]" classname="Kubernetes e2e suite" time="0">
          <skipped></skipped>
      </testcase>
      <testcase name="[sig-storage] In-tree Volumes [Driver: hostPathSymlink] [Testpattern: Dynamic PV (filesystem volmode)] multiVolume [Slow] should concurrently access the single read-only volume from pods on the same node" classname="Kubernetes e2e suite" time="0">
          <skipped></skipped>
      </testcase>
      <testcase name="[sig-storage] In-tree Volumes [Driver: vsphere] [Testpattern: Pre-provisioned PV (default fs)] volumes should store data" classname="Kubernetes e2e suite" time="0">
          <skipped></skipped>
      </testcase>
      <testcase name="[sig-storage] In-tree Volumes [Driver: rbd][Feature:Volumes][Serial] [Testpattern: Pre-provisioned PV (ext3)] volumes should allow exec of files on the volume" classname="Kubernetes e2e suite" time="0">
          <skipped></skipped>
      </testcase>
      <testcase name="[sig-storage] In-tree Volumes [Driver: nfs] [Testpattern: Dynamic PV (default fs)(allowExpansion)] volume-expand Verify if offline PVC expansion works" classname="Kubernetes e2e suite" time="0">
          <skipped></skipped>
      </testcase>
      <testcase name="[sig-storage] In-tree Volumes [Driver: azure-disk] [Testpattern: Dynamic PV (default fs)] fsgroupchangepolicy (OnRootMismatch)[LinuxOnly], pod created with an initial fsgroup, volume contents ownership changed in first pod, new pod with different fsgroup applied to the volume contents" classname="Kubernetes e2e suite" time="0">
          <skipped></skipped>
      </testcase>
      <testcase name="[sig-storage] In-tree Volumes [Driver: local][LocalVolumeType: dir-bindmounted] [Testpattern: Dynamic PV (ext3)] volumes should allow exec of files on the volume" classname="Kubernetes e2e suite" time="0">
          <skipped></skipped>
      </testcase>
      <testcase name="[sig-storage] In-tree Volumes [Driver: ceph][Feature:Volumes][Serial] [Testpattern: Dynamic PV (default fs)] provisioning should provision storage with pvc data source in parallel [Slow]" classname="Kubernetes e2e suite" time="0">
          <skipped></skipped>
      </testcase>
      <testcase name="[sig-network] LoadBalancers should have session affinity work for LoadBalancer service with ESIPP off [Slow] [DisabledForLargeClusters] [LinuxOnly]" classname="Kubernetes e2e suite" time="0">
          <skipped></skipped>
      </testcase>
      <testcase name="[sig-storage] In-tree Volumes [Driver: local][LocalVolumeType: dir] [Testpattern: Pre-provisioned PV (filesystem volmode)] multiVolume [Slow] should access to two volumes with the same volume mode and retain data across pod recreation on the same node" classname="Kubernetes e2e suite" time="0">
          <skipped></skipped>
      </testcase>
      <testcase name="[sig-storage] In-tree Volumes [Driver: local][LocalVolumeType: tmpfs] [Testpattern: Inline-volume (default fs)] subPath should fail if non-existent subpath is outside the volume [Slow][LinuxOnly]" classname="Kubernetes e2e suite" time="0">
          <skipped></skipped>
      </testcase>
      <testcase name="[sig-storage] In-tree Volumes [Driver: nfs] [Testpattern: Dynamic PV (filesystem volmode)] multiVolume [Slow] should concurrently access the single read-only volume from pods on the same node" classname="Kubernetes e2e suite" time="0">
          <skipped></skipped>
      </testcase>
      <testcase name="[sig-storage] In-tree Volumes [Driver: local][LocalVolumeType: blockfs] [Testpattern: Pre-provisioned PV (block volmode)] volumeMode should fail to create pod by failing to mount volume [Slow]" classname="Kubernetes e2e suite" time="0">
          <skipped></skipped>
      </testcase>
      <testcase name="[sig-storage] In-tree Volumes [Driver: local][LocalVolumeType: dir-link-bindmounted] [Testpattern: Inline-volume (ext4)] volumes should store data" classname="Kubernetes e2e suite" time="0">
          <skipped></skipped>
      </testcase>
      <testcase name="[sig-storage] In-tree Volumes [Driver: hostPath] [Testpattern: Dynamic PV (filesystem volmode)] multiVolume [Slow] should concurrently access the single volume from pods on the same node" classname="Kubernetes e2e suite" time="0">
          <skipped></skipped>
      </testcase>
      <testcase name="[sig-storage] In-tree Volumes [Driver: vsphere] [Testpattern: Pre-provisioned PV (block volmode)] disruptive[Disruptive][LinuxOnly] Should test that pv used in a pod that is deleted while the kubelet is down cleans up when the kubelet returns." classname="Kubernetes e2e suite" time="0">
          <skipped></skipped>
      </testcase>
      <testcase name="[sig-storage] In-tree Volumes [Driver: nfs] [Testpattern: Pre-provisioned PV (filesystem volmode)] multiVolume [Slow] should concurrently access the single read-only volume from pods on the same node" classname="Kubernetes e2e suite" time="0">
          <skipped></skipped>
      </testcase>
      <testcase name="[sig-storage] In-tree Volumes [Driver: local][LocalVolumeType: block] [Testpattern: Dynamic PV (ext4)] volumes should allow exec of files on the volume" classname="Kubernetes e2e suite" time="0">
          <skipped></skipped>
      </testcase>
      <testcase name="[sig-storage] In-tree Volumes [Driver: azure-disk] [Testpattern: Dynamic PV (default fs)] volumes should allow exec of files on the volume" classname="Kubernetes e2e suite" time="0">
          <skipped></skipped>
      </testcase>
      <testcase name="[sig-storage] In-tree Volumes [Driver: azure-disk] [Testpattern: Dynamic PV (default fs)] fsgroupchangepolicy (OnRootMismatch)[LinuxOnly], pod created with an initial fsgroup, new pod fsgroup applied to volume contents" classname="Kubernetes e2e suite" time="0">
          <skipped></skipped>
      </testcase>
      <testcase name="[sig-storage] PersistentVolumes-local  StatefulSet with pod affinity [Slow] should use volumes spread across nodes when pod has anti-affinity" classname="Kubernetes e2e suite" time="0">
          <skipped></skipped>
      </testcase>
      <testcase name="[sig-storage] CSI Volumes [Driver: pd.csi.storage.gke.io][Serial] [Testpattern: Dynamic PV (block volmode)] provisioning should provision storage with pvc data source in parallel [Slow]" classname="Kubernetes e2e suite" time="0">
          <skipped></skipped>
      </testcase>
      <testcase name="[sig-storage] In-tree Volumes [Driver: windows-gcepd] [Testpattern: Pre-provisioned PV (block volmode)] volumeMode should not mount / map unused volumes in a pod [LinuxOnly]" classname="Kubernetes e2e suite" time="0">
          <skipped></skipped>
      </testcase>
      <testcase name="[sig-storage] In-tree Volumes [Driver: nfs] [Testpattern: Dynamic PV (block volmode)] provisioning should provision storage with pvc data source" classname="Kubernetes e2e suite" time="0">
          <skipped></skipped>
      </testcase>
      <testcase name="[sig-storage] In-tree Volumes [Driver: ceph][Feature:Volumes][Serial] [Testpattern: Inline-volume (ext3)] volumes should allow exec of files on the volume" classname="Kubernetes e2e suite" time="0">
          <skipped></skipped>
      </testcase>
      <testcase name="[sig-storage] In-tree Volumes [Driver: local][LocalVolumeType: tmpfs] [Testpattern: Pre-provisioned PV (default fs)] subPath should support existing directory" classname="Kubernetes e2e suite" time="0">
          <skipped></skipped>
      </testcase>
      <testcase name="[sig-storage] In-tree Volumes [Driver: cinder] [Testpattern: Dynamic PV (default fs)] volumes should store data" classname="Kubernetes e2e suite" time="0">
          <skipped></skipped>
      </testcase>
      <testcase name="[sig-storage] In-tree Volumes [Driver: azure-disk] [Testpattern: Inline-volume (default fs)] subPath should support readOnly file specified in the volumeMount [LinuxOnly]" classname="Kubernetes e2e suite" time="0">
          <skipped></skipped>
      </testcase>
      <testcase name="[sig-storage] In-tree Volumes [Driver: ceph][Feature:Volumes][Serial] [Testpattern: Inline-volume (default fs)] subPath should support existing directory" classname="Kubernetes e2e suite" time="0">
          <skipped></skipped>
      </testcase>
      <testcase name="[sig-storage] In-tree Volumes [Driver: local][LocalVolumeType: tmpfs] [Testpattern: Dynamic PV (filesystem volmode)] volumeLimits should verify that all csinodes have volume limits" classname="Kubernetes e2e suite" time="0">
          <skipped></skipped>
      </testcase>
      <testcase name="[sig-network] [Feature:IPv6DualStack] Granular Checks: Services Secondary IP Family [LinuxOnly] should update endpoints: http" classname="Kubernetes e2e suite" time="0">
          <skipped></skipped>
      </testcase>
      <testcase name="[sig-storage] In-tree Volumes [Driver: azure-disk] [Testpattern: Dynamic PV (block volmode)] volumeMode should not mount / map unused volumes in a pod [LinuxOnly]" classname="Kubernetes e2e suite" time="0">
          <skipped></skipped>
      </testcase>
      <testcase name="[sig-storage] CSI Volumes [Driver: csi-hostpath] [Testpattern: Dynamic PV (default fs)] subPath should support restarting containers using file as subpath [Slow][LinuxOnly]" classname="Kubernetes e2e suite" time="0">
          <skipped></skipped>
      </testcase>
      <testcase name="[sig-storage] Zone Support [Feature:vsphere] Verify a pod is created and attached to a dynamically created PV, based on multiple zones specified in storage class " classname="Kubernetes e2e suite" time="0">
          <skipped></skipped>
      </testcase>
      <testcase name="[sig-storage] In-tree Volumes [Driver: local][LocalVolumeType: dir] [Testpattern: Dynamic PV (block volmode)] multiVolume [Slow] should access to two volumes with different volume mode and retain data across pod recreation on different node" classname="Kubernetes e2e suite" time="0">
          <skipped></skipped>
      </testcase>
      <testcase name="[sig-storage] In-tree Volumes [Driver: local][LocalVolumeType: blockfs] [Testpattern: Pre-provisioned PV (default fs)] subPath should support restarting containers using directory as subpath [Slow]" classname="Kubernetes e2e suite" time="0">
          <skipped></skipped>
      </testcase>
      <testcase name="[sig-storage] In-tree Volumes [Driver: gluster] [Testpattern: Pre-provisioned PV (filesystem volmode)] multiVolume [Slow] should access to two volumes with different volume mode and retain data across pod recreation on the same node" classname="Kubernetes e2e suite" time="0">
          <skipped></skipped>
      </testcase>
      <testcase name="[sig-storage] In-tree Volumes [Driver: cinder] [Testpattern: Pre-provisioned PV (block volmode)] multiVolume [Slow] should access to two volumes with different volume mode and retain data across pod recreation on different node" classname="Kubernetes e2e suite" time="0">
          <skipped></skipped>
      </testcase>
      <testcase name="[sig-storage] PersistentVolumes [Feature:vsphere][Feature:ReclaimPolicy] persistentvolumereclaim:vsphere [Feature:vsphere] should retain persistent volume when reclaimPolicy set to retain when associated claim is deleted" classname="Kubernetes e2e suite" time="0">
          <skipped></skipped>
      </testcase>
      <testcase name="[sig-storage] In-tree Volumes [Driver: local][LocalVolumeType: gce-localssd-scsi-fs] [Serial] [Testpattern: Dynamic PV (ntfs)][Feature:Windows] provisioning should provision storage with mount options" classname="Kubernetes e2e suite" time="0">
          <skipped></skipped>
      </testcase>
      <testcase name="[sig-storage] Downward API volume should provide container&#39;s cpu limit [NodeConformance] [Conformance]" classname="Kubernetes e2e suite" time="2.168043287"></testcase>
      <testcase name="[sig-storage] In-tree Volumes [Driver: cinder] [Testpattern: Dynamic PV (xfs)][Slow] multiVolume [Slow] should concurrently access the volume and restored snapshot from pods on the same node [LinuxOnly][Feature:VolumeSnapshotDataSource][Feature:VolumeSourceXFS]" classname="Kubernetes e2e suite" time="0">
          <skipped></skipped>
      </testcase>
      <testcase name="[sig-storage] In-tree Volumes [Driver: windows-gcepd] [Testpattern: Inline-volume (default fs)] volumeIO should write files of various sizes, verify size, validate content [Slow][LinuxOnly]" classname="Kubernetes e2e suite" time="0">
          <skipped></skipped>
      </testcase>
      <testcase name="[sig-storage] In-tree Volumes [Driver: gcepd] [Testpattern: Dynamic PV (filesystem volmode)] volumeLimits should support volume limits [Serial]" classname="Kubernetes e2e suite" time="0">
          <skipped></skipped>
      </testcase>
      <testcase name="[sig-storage] In-tree Volumes [Driver: hostPathSymlink] [Testpattern: Dynamic PV (xfs)][Slow] multiVolume [Slow] should concurrently access the single read-only volume from pods on the same node" classname="Kubernetes e2e suite" time="0">
          <skipped></skipped>
      </testcase>
      <testcase name="[sig-storage] In-tree Volumes [Driver: gcepd] [Testpattern: Pre-provisioned PV (default fs)] subPath should support existing single file [LinuxOnly]" classname="Kubernetes e2e suite" time="0">
          <skipped></skipped>
      </testcase>
      <testcase name="[sig-storage] In-tree Volumes [Driver: local][LocalVolumeType: gce-localssd-scsi-fs] [Serial] [Testpattern: Dynamic PV (immediate binding)] topology should fail to schedule a pod which has topologies that conflict with AllowedTopologies" classname="Kubernetes e2e suite" time="0">
          <skipped></skipped>
      </testcase>
      <testcase name="[sig-storage] In-tree Volumes [Driver: local][LocalVolumeType: dir-bindmounted] [Testpattern: Dynamic PV (ntfs)][Feature:Windows] subPath should support existing directory" classname="Kubernetes e2e suite" time="0">
          <skipped></skipped>
      </testcase>
      <testcase name="[sig-storage] In-tree Volumes [Driver: local][LocalVolumeType: block] [Testpattern: Dynamic PV (block volmode)] provisioning should provision storage with pvc data source in parallel [Slow]" classname="Kubernetes e2e suite" time="0">
          <skipped></skipped>
      </testcase>
      <testcase name="[sig-storage] In-tree Volumes [Driver: local][LocalVolumeType: dir-bindmounted] [Testpattern: Pre-provisioned PV (block volmode)] multiVolume [Slow] should concurrently access the volume and restored snapshot from pods on the same node [LinuxOnly][Feature:VolumeSnapshotDataSource][Feature:VolumeSourceXFS]" classname="Kubernetes e2e suite" time="0">
          <skipped></skipped>
      </testcase>
      <testcase name="[sig-storage] In-tree Volumes [Driver: nfs] [Testpattern: Dynamic PV (default fs)] volume-expand should not allow expansion of pvcs without AllowVolumeExpansion property" classname="Kubernetes e2e suite" time="0">
          <skipped></skipped>
      </testcase>
      <testcase name="[sig-storage] In-tree Volumes [Driver: ceph][Feature:Volumes][Serial] [Testpattern: Inline-volume (default fs)] subPath should support existing single file [LinuxOnly]" classname="Kubernetes e2e suite" time="0">
          <skipped></skipped>
      </testcase>
      <testcase name="[sig-storage] In-tree Volumes [Driver: gluster] [Testpattern: Pre-provisioned PV (filesystem volmode)] multiVolume [Slow] should access to two volumes with the same volume mode and retain data across pod recreation on different node" classname="Kubernetes e2e suite" time="0">
          <skipped></skipped>
      </testcase>
      <testcase name="[sig-storage] In-tree Volumes [Driver: emptydir] [Testpattern: Dynamic PV (block volmode)] disruptive[Disruptive][LinuxOnly] Should test that pv used in a pod that is deleted while the kubelet is down cleans up when the kubelet returns." classname="Kubernetes e2e suite" time="0">
          <skipped></skipped>
      </testcase>
      <testcase name="[sig-storage] In-tree Volumes [Driver: nfs] [Testpattern: Dynamic PV (ntfs)][Feature:Windows] subPath should fail if subpath with backstepping is outside the volume [Slow][LinuxOnly]" classname="Kubernetes e2e suite" time="0">
          <skipped></skipped>
      </testcase>
      <testcase name="[sig-storage] In-tree Volumes [Driver: aws] [Testpattern: Dynamic PV (ntfs)][Feature:Windows] provisioning should provision storage with pvc data source" classname="Kubernetes e2e suite" time="0">
          <skipped></skipped>
      </testcase>
      <testcase name="[sig-cloud-provider-gcp] Addon update should propagate add-on file changes [Slow]" classname="Kubernetes e2e suite" time="0">
          <skipped></skipped>
      </testcase>
      <testcase name="[sig-storage] In-tree Volumes [Driver: local][LocalVolumeType: tmpfs] [Testpattern: Dynamic PV (block volmode)] provisioning should provision storage with mount options" classname="Kubernetes e2e suite" time="0">
          <skipped></skipped>
      </testcase>
      <testcase name="[sig-network] Services should find a service from listing all namespaces [Conformance]" classname="Kubernetes e2e suite" time="0.067267452"></testcase>
      <testcase name="[sig-storage] In-tree Volumes [Driver: local][LocalVolumeType: dir-bindmounted] [Testpattern: Inline-volume (default fs)] subPath should support existing directory" classname="Kubernetes e2e suite" time="0">
          <skipped></skipped>
      </testcase>
      <testcase name="[sig-storage] In-tree Volumes [Driver: gcepd] [Testpattern: Pre-provisioned PV (default fs)] subPath should support readOnly directory specified in the volumeMount" classname="Kubernetes e2e suite" time="0">
          <skipped></skipped>
      </testcase>
      <testcase name="[sig-storage] [Serial] Volume metrics PVController should create unbound pv count metrics for pvc controller after creating pv only" classname="Kubernetes e2e suite" time="0">
          <skipped></skipped>
      </testcase>
      <testcase name="[sig-api-machinery] ResourceQuota [Feature:PodPriority] should verify ResourceQuota&#39;s priority class scope (quota set to pod count: 1) against a pod with different priority class (ScopeSelectorOpNotIn)." classname="Kubernetes e2e suite" time="0">
          <skipped></skipped>
      </testcase>
      <testcase name="[sig-storage] In-tree Volumes [Driver: hostPathSymlink] [Testpattern: Pre-provisioned PV (block volmode)] volumeMode should not mount / map unused volumes in a pod [LinuxOnly]" classname="Kubernetes e2e suite" time="0">
          <skipped></skipped>
      </testcase>
      <testcase name="[sig-storage] In-tree Volumes [Driver: local][LocalVolumeType: dir-link] [Testpattern: Dynamic PV (xfs)][Slow] multiVolume [Slow] should access to two volumes with the same volume mode and retain data across pod recreation on the same node" classname="Kubernetes e2e suite" time="0">
          <skipped></skipped>
      </testcase>
      <testcase name="[sig-storage] In-tree Volumes [Driver: local][LocalVolumeType: dir] [Testpattern: Pre-provisioned PV (filesystem volmode)] multiVolume [Slow] should concurrently access the single read-only volume from pods on the same node" classname="Kubernetes e2e suite" time="0">
          <skipped></skipped>
      </testcase>
      <testcase name="[sig-storage] In-tree Volumes [Driver: gcepd] [Testpattern: Pre-provisioned PV (block volmode)] multiVolume [Slow] should concurrently access the single read-only volume from pods on the same node" classname="Kubernetes e2e suite" time="0">
          <skipped></skipped>
      </testcase>
      <testcase name="[sig-network] Netpol NetworkPolicy between server and client should enforce multiple egress policies with egress allow-all policy taking precedence [Feature:NetworkPolicy]" classname="Kubernetes e2e suite" time="0">
          <skipped></skipped>
      </testcase>
      <testcase name="[sig-storage] In-tree Volumes [Driver: local][LocalVolumeType: tmpfs] [Testpattern: Dynamic PV (default fs)] subPath should unmount if pod is force deleted while kubelet is down [Disruptive][Slow][LinuxOnly]" classname="Kubernetes e2e suite" time="0">
          <skipped></skipped>
      </testcase>
      <testcase name="[sig-storage] In-tree Volumes [Driver: local][LocalVolumeType: tmpfs] [Testpattern: Dynamic PV (filesystem volmode)] multiVolume [Slow] should concurrently access the single read-only volume from pods on the same node" classname="Kubernetes e2e suite" time="0">
          <skipped></skipped>
      </testcase>
      <testcase name="[sig-storage] In-tree Volumes [Driver: hostPathSymlink] [Testpattern: Pre-provisioned PV (block volmode)] multiVolume [Slow] should concurrently access the single volume from pods on different node" classname="Kubernetes e2e suite" time="0">
          <skipped></skipped>
      </testcase>
      <testcase name="[sig-storage] In-tree Volumes [Driver: local][LocalVolumeType: tmpfs] [Testpattern: Pre-provisioned PV (default fs)] subPath should support file as subpath [LinuxOnly]" classname="Kubernetes e2e suite" time="0">
          <skipped></skipped>
      </testcase>
      <testcase name="[sig-storage] In-tree Volumes [Driver: local][LocalVolumeType: block] [Testpattern: Pre-provisioned PV (filesystem volmode)] multiVolume [Slow] should access to two volumes with different volume mode and retain data across pod recreation on different node" classname="Kubernetes e2e suite" time="0">
          <skipped></skipped>
      </testcase>
      <testcase name="[sig-storage] In-tree Volumes [Driver: aws] [Testpattern: Pre-provisioned PV (xfs)][Slow] volumes should allow exec of files on the volume" classname="Kubernetes e2e suite" time="0">
          <skipped></skipped>
      </testcase>
      <testcase name="[sig-storage] In-tree Volumes [Driver: local][LocalVolumeType: dir-link] [Testpattern: Dynamic PV (default fs)] fsgroupchangepolicy (OnRootMismatch)[LinuxOnly], pod created with an initial fsgroup, volume contents ownership changed in first pod, new pod with different fsgroup applied to the volume contents" classname="Kubernetes e2e suite" time="0">
          <skipped></skipped>
      </testcase>
      <testcase name="[sig-storage] In-tree Volumes [Driver: ceph][Feature:Volumes][Serial] [Testpattern: Dynamic PV (ext4)] multiVolume [Slow] should access to two volumes with different volume mode and retain data across pod recreation on the same node" classname="Kubernetes e2e suite" time="0">
          <skipped></skipped>
      </testcase>
      <testcase name="[sig-storage] PersistentVolumes-local  [Volume type: block] Set fsGroup for local volume should set same fsGroup for two pods simultaneously [Slow]" classname="Kubernetes e2e suite" time="0">
          <skipped></skipped>
      </testcase>
      <testcase name="[sig-storage] In-tree Volumes [Driver: local][LocalVolumeType: block] [Testpattern: Dynamic PV (block volmode)] volumes should store data" classname="Kubernetes e2e suite" time="0">
          <skipped></skipped>
      </testcase>
      <testcase name="[sig-network] KubeProxy should set TCP CLOSE_WAIT timeout [Privileged]" classname="Kubernetes e2e suite" time="0">
          <skipped></skipped>
      </testcase>
      <testcase name="[sig-network] [Feature:IPv6DualStack] should create a single stack service with cluster ip from primary service range" classname="Kubernetes e2e suite" time="0">
          <skipped></skipped>
      </testcase>
      <testcase name="[sig-storage] In-tree Volumes [Driver: azure-disk] [Testpattern: Pre-provisioned PV (block volmode)] multiVolume [Slow] should concurrently access the single volume from pods on different node" classname="Kubernetes e2e suite" time="0">
          <skipped></skipped>
      </testcase>
      <testcase name="[sig-network] Netpol API should support creating NetworkPolicy API with endport field [Feature:NetworkPolicyEndPort]" classname="Kubernetes e2e suite" time="0">
          <skipped></skipped>
      </testcase>
      <testcase name="[sig-storage] PersistentVolumes-local  [Volume type: dir-link-bindmounted] Two pods mounting a local volume one after the other should be able to write from pod1 and read from pod2" classname="Kubernetes e2e suite" time="0">
          <skipped></skipped>
      </testcase>
      <testcase name="[sig-storage] In-tree Volumes [Driver: local][LocalVolumeType: dir-link] [Testpattern: Dynamic PV (ext4)] volumes should allow exec of files on the volume" classname="Kubernetes e2e suite" time="0">
          <skipped></skipped>
      </testcase>
      <testcase name="[sig-storage] In-tree Volumes [Driver: local][LocalVolumeType: dir-link] [Testpattern: Dynamic PV (block volmode)] volumes should store data" classname="Kubernetes e2e suite" time="0">
          <skipped></skipped>
      </testcase>
      <testcase name="[sig-instrumentation] Events API should delete a collection of events [Conformance]" classname="Kubernetes e2e suite" time="0.117952237"></testcase>
      <testcase name="[sig-storage] In-tree Volumes [Driver: aws] [Testpattern: Pre-provisioned PV (filesystem volmode)] multiVolume [Slow] should concurrently access the single volume from pods on the same node" classname="Kubernetes e2e suite" time="0">
          <skipped></skipped>
      </testcase>
      <testcase name="[sig-storage] In-tree Volumes [Driver: gcepd] [Testpattern: Inline-volume (ntfs)][Feature:Windows] volumes should allow exec of files on the volume" classname="Kubernetes e2e suite" time="0">
          <skipped></skipped>
      </testcase>
      <testcase name="[sig-storage] In-tree Volumes [Driver: windows-gcepd] [Testpattern: Dynamic PV (ext3)] volumes should allow exec of files on the volume" classname="Kubernetes e2e suite" time="0">
          <skipped></skipped>
      </testcase>
      <testcase name="[sig-storage] In-tree Volumes [Driver: local][LocalVolumeType: dir-bindmounted] [Testpattern: Dynamic PV (block volmode)] multiVolume [Slow] should access to two volumes with the same volume mode and retain data across pod recreation on the same node" classname="Kubernetes e2e suite" time="0">
          <skipped></skipped>
      </testcase>
      <testcase name="[sig-storage] In-tree Volumes [Driver: local][LocalVolumeType: gce-localssd-scsi-fs] [Serial] [Testpattern: Dynamic PV (xfs)][Slow] multiVolume [Slow] should access to two volumes with the same volume mode and retain data across pod recreation on the same node" classname="Kubernetes e2e suite" time="0">
          <skipped></skipped>
      </testcase>
      <testcase name="[sig-storage] PersistentVolumes-local  [Volume type: dir-link] Two pods mounting a local volume one after the other should be able to write from pod1 and read from pod2" classname="Kubernetes e2e suite" time="0">
          <skipped></skipped>
      </testcase>
      <testcase name="[sig-autoscaling] Cluster size autoscaling [Slow] Should be able to scale a node group down to 0[Feature:ClusterSizeAutoscalingScaleDown]" classname="Kubernetes e2e suite" time="0">
          <skipped></skipped>
      </testcase>
      <testcase name="[sig-storage] In-tree Volumes [Driver: local][LocalVolumeType: dir-link-bindmounted] [Testpattern: Dynamic PV (ntfs)][Feature:Windows] provisioning should provision storage with mount options" classname="Kubernetes e2e suite" time="0">
          <skipped></skipped>
      </testcase>
      <testcase name="[sig-storage] In-tree Volumes [Driver: local][LocalVolumeType: dir] [Testpattern: Dynamic PV (ext4)] multiVolume [Slow] should concurrently access the single volume from pods on the same node" classname="Kubernetes e2e suite" time="0">
          <skipped></skipped>
      </testcase>
      <testcase name="[sig-network] Loadbalancing: L7 [Slow] Nginx should conform to Ingress spec" classname="Kubernetes e2e suite" time="0">
          <skipped></skipped>
      </testcase>
      <testcase name="[sig-storage] In-tree Volumes [Driver: vsphere] [Testpattern: Inline-volume (default fs)] subPath should support existing directories when readOnly specified in the volumeSource" classname="Kubernetes e2e suite" time="0">
          <skipped></skipped>
      </testcase>
      <testcase name="[sig-storage] CSI Volumes [Driver: csi-hostpath] [Testpattern: Dynamic PV (ntfs)][Feature:Windows] subPath should be able to unmount after the subpath directory is deleted [LinuxOnly]" classname="Kubernetes e2e suite" time="0">
          <skipped></skipped>
      </testcase>
      <testcase name="[sig-storage] PersistentVolumes-local  [Volume type: tmpfs] Two pods mounting a local volume one after the other should be able to write from pod1 and read from pod2" classname="Kubernetes e2e suite" time="0">
          <skipped></skipped>
      </testcase>
      <testcase name="[sig-storage] In-tree Volumes [Driver: hostPath] [Testpattern: Dynamic PV (ntfs)][Feature:Windows] subPath should verify container cannot write to subpath readonly volumes [Slow]" classname="Kubernetes e2e suite" time="0">
          <skipped></skipped>
      </testcase>
      <testcase name="[sig-network] NetworkPolicyLegacy [LinuxOnly] NetworkPolicy between server and client should allow ingress access from updated pod [Feature:NetworkPolicy]" classname="Kubernetes e2e suite" time="0">
          <skipped></skipped>
      </testcase>
      <testcase name="[sig-storage] In-tree Volumes [Driver: local][LocalVolumeType: dir-bindmounted] [Testpattern: Pre-provisioned PV (default fs)] subPath should be able to unmount after the subpath directory is deleted [LinuxOnly]" classname="Kubernetes e2e suite" time="0">
          <skipped></skipped>
      </testcase>
      <testcase name="[sig-cloud-provider-gcp] Nodes [Disruptive] Resize [Slow] should be able to add nodes" classname="Kubernetes e2e suite" time="0">
          <skipped></skipped>
      </testcase>
      <testcase name="[sig-storage] In-tree Volumes [Driver: local][LocalVolumeType: gce-localssd-scsi-fs] [Serial] [Testpattern: Dynamic PV (ntfs)][Feature:Windows] subPath should fail if non-existent subpath is outside the volume [Slow][LinuxOnly]" classname="Kubernetes e2e suite" time="0">
          <skipped></skipped>
      </testcase>
      <testcase name="[sig-storage] In-tree Volumes [Driver: local][LocalVolumeType: blockfs] [Testpattern: Dynamic PV (default fs)] subPath should support readOnly file specified in the volumeMount [LinuxOnly]" classname="Kubernetes e2e suite" time="0">
          <skipped></skipped>
      </testcase>
      <testcase name="[sig-storage] In-tree Volumes [Driver: local][LocalVolumeType: tmpfs] [Testpattern: Inline-volume (xfs)][Slow] volumes should store data" classname="Kubernetes e2e suite" time="0">
          <skipped></skipped>
      </testcase>
      <testcase name="[sig-storage] ConfigMap should be consumable from pods in volume with mappings and Item mode set [LinuxOnly] [NodeConformance] [Conformance]" classname="Kubernetes e2e suite" time="2.1491465"></testcase>
      <testcase name="[sig-storage] In-tree Volumes [Driver: local][LocalVolumeType: dir-link-bindmounted] [Testpattern: Dynamic PV (default fs)] fsgroupchangepolicy (OnRootMismatch)[LinuxOnly], pod created with an initial fsgroup, new pod fsgroup applied to volume contents" classname="Kubernetes e2e suite" time="0">
          <skipped></skipped>
      </testcase>
      <testcase name="[sig-storage] In-tree Volumes [Driver: emptydir] [Testpattern: Dynamic PV (block volmode)] multiVolume [Slow] should access to two volumes with different volume mode and retain data across pod recreation on different node" classname="Kubernetes e2e suite" time="0">
          <skipped></skipped>
      </testcase>
      <testcase name="[sig-storage] In-tree Volumes [Driver: emptydir] [Testpattern: Dynamic PV (immediate binding)] topology should provision a volume and schedule a pod with AllowedTopologies" classname="Kubernetes e2e suite" time="0">
          <skipped></skipped>
      </testcase>
      <testcase name="[sig-storage] In-tree Volumes [Driver: emptydir] [Testpattern: Pre-provisioned PV (filesystem volmode)] disruptive[Disruptive][LinuxOnly] Should test that pv written before kubelet restart is readable after restart." classname="Kubernetes e2e suite" time="0">
          <skipped></skipped>
      </testcase>
      <testcase name="[sig-node] RuntimeClass should reject a Pod requesting a deleted RuntimeClass [NodeFeature:RuntimeHandler]" classname="Kubernetes e2e suite" time="0">
          <skipped></skipped>
      </testcase>
      <testcase name="[sig-storage] In-tree Volumes [Driver: vsphere] [Testpattern: Dynamic PV (ntfs)][Feature:Windows] subPath should fail if subpath with backstepping is outside the volume [Slow][LinuxOnly]" classname="Kubernetes e2e suite" time="0">
          <skipped></skipped>
      </testcase>
      <testcase name="[sig-storage] In-tree Volumes [Driver: cinder] [Testpattern: Dynamic PV (ntfs)][Feature:Windows] subPath should support existing directories when readOnly specified in the volumeSource" classname="Kubernetes e2e suite" time="0">
          <skipped></skipped>
      </testcase>
      <testcase name="[sig-autoscaling] Cluster size autoscaling [Slow] should be able to scale down by draining system pods with pdb[Feature:ClusterSizeAutoscalingScaleDown]" classname="Kubernetes e2e suite" time="0">
          <skipped></skipped>
      </testcase>
      <testcase name="[sig-storage] CSI Volumes [Driver: pd.csi.storage.gke.io][Serial] [Testpattern: Pre-provisioned PV (default fs)] subPath should support existing directory" classname="Kubernetes e2e suite" time="0">
          <skipped></skipped>
      </testcase>
      <testcase name="[sig-api-machinery] ServerSideApply should work for subresources" classname="Kubernetes e2e suite" time="0">
          <skipped></skipped>
      </testcase>
      <testcase name="[sig-autoscaling] Cluster size autoscaling [Slow] should increase cluster size if pods are pending due to pod anti-affinity [Feature:ClusterSizeAutoscalingScaleUp]" classname="Kubernetes e2e suite" time="0">
          <skipped></skipped>
      </testcase>
      <testcase name="[sig-storage] In-tree Volumes [Driver: local][LocalVolumeType: dir] [Testpattern: Pre-provisioned PV (block volmode)] disruptive[Disruptive][LinuxOnly] Should test that pv used in a pod that is deleted while the kubelet is down cleans up when the kubelet returns." classname="Kubernetes e2e suite" time="0">
          <skipped></skipped>
      </testcase>
      <testcase name="[sig-node] [Feature:Example] Downward API should create a pod that prints his name and namespace" classname="Kubernetes e2e suite" time="0">
          <skipped></skipped>
      </testcase>
      <testcase name="[sig-api-machinery] ServerSideApply should not remove a field if an owner unsets the field but other managers still have ownership of the field" classname="Kubernetes e2e suite" time="0">
          <skipped></skipped>
      </testcase>
      <testcase name="[sig-storage] In-tree Volumes [Driver: hostPath] [Testpattern: Dynamic PV (default fs)] provisioning should provision storage with mount options" classname="Kubernetes e2e suite" time="0">
          <skipped></skipped>
      </testcase>
      <testcase name="[sig-storage] In-tree Volumes [Driver: rbd][Feature:Volumes][Serial] [Testpattern: Dynamic PV (filesystem volmode)] volumeMode should fail to use a volume in a pod with mismatched mode [Slow]" classname="Kubernetes e2e suite" time="0">
          <skipped></skipped>
      </testcase>
      <testcase name="[sig-storage] CSI Volumes [Driver: csi-hostpath] [Testpattern: Pre-provisioned PV (block volmode)] multiVolume [Slow] should concurrently access the single volume from pods on the same node" classname="Kubernetes e2e suite" time="0">
          <skipped></skipped>
      </testcase>
      <testcase name="[sig-autoscaling] Cluster size autoscaling [Slow] Shouldn&#39;t perform scale up operation and should list unhealthy status if most of the cluster is broken[Feature:ClusterSizeAutoscalingScaleUp]" classname="Kubernetes e2e suite" time="0">
          <skipped></skipped>
      </testcase>
      <testcase name="[sig-storage] In-tree Volumes [Driver: hostPathSymlink] [Testpattern: Pre-provisioned PV (ext3)] volumes should allow exec of files on the volume" classname="Kubernetes e2e suite" time="0">
          <skipped></skipped>
      </testcase>
      <testcase name="[sig-storage] In-tree Volumes [Driver: emptydir] [Testpattern: Pre-provisioned PV (filesystem volmode)] multiVolume [Slow] should access to two volumes with the same volume mode and retain data across pod recreation on different node" classname="Kubernetes e2e suite" time="0">
          <skipped></skipped>
      </testcase>
      <testcase name="[sig-storage] In-tree Volumes [Driver: local][LocalVolumeType: block] [Testpattern: Pre-provisioned PV (default fs)] subPath should support creating multiple subpath from same volumes [Slow]" classname="Kubernetes e2e suite" time="0">
          <skipped></skipped>
      </testcase>
      <testcase name="[sig-storage] In-tree Volumes [Driver: local][LocalVolumeType: dir] [Testpattern: Inline-volume (default fs)] subPath should support restarting containers using directory as subpath [Slow]" classname="Kubernetes e2e suite" time="0">
          <skipped></skipped>
      </testcase>
      <testcase name="[sig-storage] In-tree Volumes [Driver: emptydir] [Testpattern: Inline-volume (default fs)] subPath should support file as subpath [LinuxOnly]" classname="Kubernetes e2e suite" time="0">
          <skipped></skipped>
      </testcase>
      <testcase name="[sig-storage] In-tree Volumes [Driver: windows-gcepd] [Testpattern: Dynamic PV (ntfs)][Feature:Windows] subPath should support readOnly directory specified in the volumeMount" classname="Kubernetes e2e suite" time="0">
          <skipped></skipped>
      </testcase>
      <testcase name="[sig-storage] In-tree Volumes [Driver: local][LocalVolumeType: dir-link] [Testpattern: Inline-volume (default fs)] subPath should verify container cannot write to subpath readonly volumes [Slow]" classname="Kubernetes e2e suite" time="0">
          <skipped></skipped>
      </testcase>
      <testcase name="[sig-storage] In-tree Volumes [Driver: local][LocalVolumeType: tmpfs] [Testpattern: Dynamic PV (ext4)] multiVolume [Slow] should access to two volumes with different volume mode and retain data across pod recreation on the same node" classname="Kubernetes e2e suite" time="0">
          <skipped></skipped>
      </testcase>
      <testcase name="[sig-storage] In-tree Volumes [Driver: local][LocalVolumeType: block] [Testpattern: Dynamic PV (default fs)] volumeIO should write files of various sizes, verify size, validate content [Slow][LinuxOnly]" classname="Kubernetes e2e suite" time="0">
          <skipped></skipped>
      </testcase>
      <testcase name="[sig-storage] In-tree Volumes [Driver: gluster] [Testpattern: Pre-provisioned PV (default fs)] subPath should support existing directory" classname="Kubernetes e2e suite" time="0">
          <skipped></skipped>
      </testcase>
      <testcase name="[sig-storage] In-tree Volumes [Driver: local][LocalVolumeType: dir-link-bindmounted] [Testpattern: Pre-provisioned PV (default fs)] subPath should support non-existent path" classname="Kubernetes e2e suite" time="0">
          <skipped></skipped>
      </testcase>
      <testcase name="[sig-storage] Projected downwardAPI should provide node allocatable (memory) as default memory limit if the limit is not set [NodeConformance] [Conformance]" classname="Kubernetes e2e suite" time="2.131580183"></testcase>
      <testcase name="[sig-storage] In-tree Volumes [Driver: local][LocalVolumeType: gce-localssd-scsi-fs] [Serial] [Testpattern: Dynamic PV (default fs)] provisioning should provision storage with snapshot data source [Feature:VolumeSnapshotDataSource]" classname="Kubernetes e2e suite" time="0">
          <skipped></skipped>
      </testcase>
      <testcase name="[sig-storage] In-tree Volumes [Driver: nfs] [Testpattern: Dynamic PV (ntfs)][Feature:Windows] volumes should store data" classname="Kubernetes e2e suite" time="0">
          <skipped></skipped>
      </testcase>
      <testcase name="[sig-storage] In-tree Volumes [Driver: azure-disk] [Testpattern: Dynamic PV (default fs)] subPath should support non-existent path" classname="Kubernetes e2e suite" time="0">
          <skipped></skipped>
      </testcase>
      <testcase name="[sig-storage] CSI Volumes [Driver: csi-hostpath] [Testpattern: Dynamic PV (default fs)] subPath should unmount if pod is gracefully deleted while kubelet is down [Disruptive][Slow][LinuxOnly]" classname="Kubernetes e2e suite" time="0">
          <skipped></skipped>
      </testcase>
      <testcase name="[sig-storage] In-tree Volumes [Driver: local][LocalVolumeType: dir-link] [Testpattern: Pre-provisioned PV (default fs)] subPath should support readOnly file specified in the volumeMount [LinuxOnly]" classname="Kubernetes e2e suite" time="0">
          <skipped></skipped>
      </testcase>
      <testcase name="[sig-storage] In-tree Volumes [Driver: vsphere] [Testpattern: Dynamic PV (ntfs)][Feature:Windows] volumes should allow exec of files on the volume" classname="Kubernetes e2e suite" time="0">
          <skipped></skipped>
      </testcase>
      <testcase name="[sig-storage] In-tree Volumes [Driver: local][LocalVolumeType: dir-link-bindmounted] [Testpattern: Pre-provisioned PV (block volmode)] volumes should store data" classname="Kubernetes e2e suite" time="0">
          <skipped></skipped>
      </testcase>
      <testcase name="[sig-storage] In-tree Volumes [Driver: hostPath] [Testpattern: Dynamic PV (default fs)(allowExpansion)] volume-expand Verify if offline PVC expansion works" classname="Kubernetes e2e suite" time="0">
          <skipped></skipped>
      </testcase>
      <testcase name="[sig-storage] In-tree Volumes [Driver: local][LocalVolumeType: blockfs] [Testpattern: Pre-provisioned PV (block volmode)] disruptive[Disruptive][LinuxOnly] Should test that pv written before kubelet restart is readable after restart." classname="Kubernetes e2e suite" time="0">
          <skipped></skipped>
      </testcase>
      <testcase name="[sig-storage] In-tree Volumes [Driver: local][LocalVolumeType: dir-link-bindmounted] [Testpattern: Pre-provisioned PV (xfs)][Slow] volumes should store data" classname="Kubernetes e2e suite" time="0">
          <skipped></skipped>
      </testcase>
      <testcase name="[sig-storage] In-tree Volumes [Driver: local][LocalVolumeType: block] [Testpattern: Dynamic PV (ntfs)][Feature:Windows] subPath should support existing single file [LinuxOnly]" classname="Kubernetes e2e suite" time="0">
          <skipped></skipped>
      </testcase>
      <testcase name="[sig-storage] In-tree Volumes [Driver: local][LocalVolumeType: dir-link] [Testpattern: Dynamic PV (ntfs)][Feature:Windows] volume-expand should not allow expansion of pvcs without AllowVolumeExpansion property" classname="Kubernetes e2e suite" time="0">
          <skipped></skipped>
      </testcase>
      <testcase name="[sig-storage] In-tree Volumes [Driver: local][LocalVolumeType: dir-link-bindmounted] [Testpattern: Pre-provisioned PV (block volmode)] multiVolume [Slow] should concurrently access the single read-only volume from pods on the same node" classname="Kubernetes e2e suite" time="0">
          <skipped></skipped>
      </testcase>
      <testcase name="[sig-storage] In-tree Volumes [Driver: local][LocalVolumeType: blockfs] [Testpattern: Inline-volume (default fs)] subPath should be able to unmount after the subpath directory is deleted [LinuxOnly]" classname="Kubernetes e2e suite" time="0">
          <skipped></skipped>
      </testcase>
      <testcase name="[sig-storage] In-tree Volumes [Driver: azure-disk] [Testpattern: Dynamic PV (ntfs)][Feature:Windows] subPath should support existing single file [LinuxOnly]" classname="Kubernetes e2e suite" time="0">
          <skipped></skipped>
      </testcase>
      <testcase name="[sig-storage] In-tree Volumes [Driver: local][LocalVolumeType: blockfs] [Testpattern: Dynamic PV (default fs)] subPath should fail if subpath directory is outside the volume [Slow][LinuxOnly]" classname="Kubernetes e2e suite" time="0">
          <skipped></skipped>
      </testcase>
      <testcase name="[sig-storage] In-tree Volumes [Driver: rbd][Feature:Volumes][Serial] [Testpattern: Dynamic PV (block volmode)] disruptive[Disruptive][LinuxOnly] Should test that pv used in a pod that is deleted while the kubelet is down cleans up when the kubelet returns." classname="Kubernetes e2e suite" time="0">
          <skipped></skipped>
      </testcase>
      <testcase name="[sig-storage] In-tree Volumes [Driver: nfs] [Testpattern: Dynamic PV (ntfs)][Feature:Windows] subPath should verify container cannot write to subpath readonly volumes [Slow]" classname="Kubernetes e2e suite" time="0">
          <skipped></skipped>
      </testcase>
      <testcase name="[sig-storage] In-tree Volumes [Driver: hostPathSymlink] [Testpattern: Dynamic PV (immediate binding)] topology should provision a volume and schedule a pod with AllowedTopologies" classname="Kubernetes e2e suite" time="0">
          <skipped></skipped>
      </testcase>
      <testcase name="[sig-storage] In-tree Volumes [Driver: gluster] [Testpattern: Pre-provisioned PV (filesystem volmode)] multiVolume [Slow] should concurrently access the single read-only volume from pods on the same node" classname="Kubernetes e2e suite" time="0">
          <skipped></skipped>
      </testcase>
      <testcase name="[sig-storage] In-tree Volumes [Driver: local][LocalVolumeType: dir-link] [Testpattern: Pre-provisioned PV (block volmode)] volumeMode should not mount / map unused volumes in a pod [LinuxOnly]" classname="Kubernetes e2e suite" time="0">
          <skipped></skipped>
      </testcase>
      <testcase name="[sig-storage] In-tree Volumes [Driver: local][LocalVolumeType: tmpfs] [Testpattern: Pre-provisioned PV (block volmode)] disruptive[Disruptive][LinuxOnly] Should test that pv used in a pod that is deleted while the kubelet is down cleans up when the kubelet returns." classname="Kubernetes e2e suite" time="0">
          <skipped></skipped>
      </testcase>
      <testcase name="[sig-apps] Deployment test Deployment ReplicaSet orphaning and adoption regarding controllerRef" classname="Kubernetes e2e suite" time="0">
          <skipped></skipped>
      </testcase>
      <testcase name="[sig-storage] In-tree Volumes [Driver: hostPath] [Testpattern: Pre-provisioned PV (default fs)] subPath should support existing single file [LinuxOnly]" classname="Kubernetes e2e suite" time="0">
          <skipped></skipped>
      </testcase>
      <testcase name="[sig-storage] In-tree Volumes [Driver: local][LocalVolumeType: tmpfs] [Testpattern: Pre-provisioned PV (default fs)] subPath should support creating multiple subpath from same volumes [Slow]" classname="Kubernetes e2e suite" time="0">
          <skipped></skipped>
      </testcase>
      <testcase name="[sig-storage] In-tree Volumes [Driver: hostPath] [Testpattern: Dynamic PV (ext4)] multiVolume [Slow] should concurrently access the single volume from pods on the same node" classname="Kubernetes e2e suite" time="0">
          <skipped></skipped>
      </testcase>
      <testcase name="[sig-storage] In-tree Volumes [Driver: local][LocalVolumeType: dir-link] [Testpattern: Pre-provisioned PV (default fs)] subPath should unmount if pod is force deleted while kubelet is down [Disruptive][Slow][LinuxOnly]" classname="Kubernetes e2e suite" time="0">
          <skipped></skipped>
      </testcase>
      <testcase name="[sig-storage] In-tree Volumes [Driver: local][LocalVolumeType: dir-link] [Testpattern: Inline-volume (default fs)] subPath should unmount if pod is force deleted while kubelet is down [Disruptive][Slow][LinuxOnly]" classname="Kubernetes e2e suite" time="0">
          <skipped></skipped>
      </testcase>
      <testcase name="[sig-storage] In-tree Volumes [Driver: local][LocalVolumeType: dir] [Testpattern: Pre-provisioned PV (default fs)] subPath should support non-existent path" classname="Kubernetes e2e suite" time="0">
          <skipped></skipped>
      </testcase>
      <testcase name="[sig-storage] In-tree Volumes [Driver: vsphere] [Testpattern: Dynamic PV (filesystem volmode)] multiVolume [Slow] should concurrently access the single volume from pods on different node" classname="Kubernetes e2e suite" time="0">
          <skipped></skipped>
      </testcase>
      <testcase name="[sig-storage] In-tree Volumes [Driver: local][LocalVolumeType: tmpfs] [Testpattern: Dynamic PV (xfs)][Slow] multiVolume [Slow] should concurrently access the volume and its clone from pods on the same node [LinuxOnly][Feature:VolumeSnapshotDataSource][Feature:VolumeSourceXFS]" classname="Kubernetes e2e suite" time="0">
          <skipped></skipped>
      </testcase>
      <testcase name="[sig-storage] In-tree Volumes [Driver: cinder] [Testpattern: Dynamic PV (default fs)] subPath should support readOnly directory specified in the volumeMount" classname="Kubernetes e2e suite" time="0">
          <skipped></skipped>
      </testcase>
      <testcase name="[sig-storage] In-tree Volumes [Driver: gcepd] [Testpattern: Dynamic PV (ext4)] multiVolume [Slow] should access to two volumes with the same volume mode and retain data across pod recreation on different node" classname="Kubernetes e2e suite" time="0">
          <skipped></skipped>
      </testcase>
      <testcase name="[sig-storage] In-tree Volumes [Driver: windows-gcepd] [Testpattern: Dynamic PV (default fs)] fsgroupchangepolicy (OnRootMismatch)[LinuxOnly], pod created with an initial fsgroup, new pod fsgroup applied to volume contents" classname="Kubernetes e2e suite" time="0">
          <skipped></skipped>
      </testcase>
      <testcase name="[sig-storage] In-tree Volumes [Driver: hostPathSymlink] [Testpattern: Dynamic PV (default fs)(allowExpansion)] volume-expand should resize volume when PVC is edited while pod is using it" classname="Kubernetes e2e suite" time="0">
          <skipped></skipped>
      </testcase>
      <testcase name="[sig-storage] In-tree Volumes [Driver: cinder] [Testpattern: Pre-provisioned PV (ntfs)][Feature:Windows] volumes should allow exec of files on the volume" classname="Kubernetes e2e suite" time="0">
          <skipped></skipped>
      </testcase>
      <testcase name="[sig-storage] In-tree Volumes [Driver: iscsi][Feature:Volumes] [Testpattern: Dynamic PV (block volmode)] volume-stress multiple pods should access different volumes repeatedly [Slow] [Serial]" classname="Kubernetes e2e suite" time="0">
          <skipped></skipped>
      </testcase>
      <testcase name="[sig-storage] CSI Volumes [Driver: pd.csi.storage.gke.io][Serial] [Testpattern: Pre-provisioned PV (xfs)][Slow] volumes should store data" classname="Kubernetes e2e suite" time="0">
          <skipped></skipped>
      </testcase>
      <testcase name="[sig-node] NoExecuteTaintManager Single Pod [Serial] evicts pods from tainted nodes" classname="Kubernetes e2e suite" time="0">
          <skipped></skipped>
      </testcase>
      <testcase name="[sig-network] NetworkPolicyLegacy [LinuxOnly] NetworkPolicy between server and client should enforce except clause while egress access to server in CIDR block [Feature:NetworkPolicy]" classname="Kubernetes e2e suite" time="0">
          <skipped></skipped>
      </testcase>
      <testcase name="[sig-storage] In-tree Volumes [Driver: aws] [Testpattern: Dynamic PV (ext4)] volumes should store data" classname="Kubernetes e2e suite" time="0">
          <skipped></skipped>
      </testcase>
      <testcase name="[sig-storage] In-tree Volumes [Driver: emptydir] [Testpattern: Inline-volume (default fs)] subPath should support existing directories when readOnly specified in the volumeSource" classname="Kubernetes e2e suite" time="0">
          <skipped></skipped>
      </testcase>
      <testcase name="[sig-storage] In-tree Volumes [Driver: aws] [Testpattern: Dynamic PV (block volmode)] disruptive[Disruptive][LinuxOnly] Should test that pv used in a pod that is deleted while the kubelet is down cleans up when the kubelet returns." classname="Kubernetes e2e suite" time="0">
          <skipped></skipped>
      </testcase>
      <testcase name="[sig-storage] In-tree Volumes [Driver: local][LocalVolumeType: tmpfs] [Testpattern: Dynamic PV (delayed binding)] topology should fail to schedule a pod which has topologies that conflict with AllowedTopologies" classname="Kubernetes e2e suite" time="0">
          <skipped></skipped>
      </testcase>
      <testcase name="[sig-storage] In-tree Volumes [Driver: emptydir] [Testpattern: Dynamic PV (ntfs)][Feature:Windows] provisioning should provision storage with snapshot data source [Feature:VolumeSnapshotDataSource]" classname="Kubernetes e2e suite" time="0">
          <skipped></skipped>
      </testcase>
      <testcase name="[sig-api-machinery] ResourceQuota [Feature:PodPriority] should verify ResourceQuota&#39;s priority class scope (quota set to pod count: 1) against a pod with different priority class (ScopeSelectorOpExists)." classname="Kubernetes e2e suite" time="0">
          <skipped></skipped>
      </testcase>
      <testcase name="[sig-storage] CSI Volumes [Driver: csi-hostpath] [Testpattern: Inline-volume (ext4)] volumes should allow exec of files on the volume" classname="Kubernetes e2e suite" time="0">
          <skipped></skipped>
      </testcase>
      <testcase name="[sig-storage] In-tree Volumes [Driver: local][LocalVolumeType: block] [Testpattern: Dynamic PV (block volmode)] multiVolume [Slow] should access to two volumes with different volume mode and retain data across pod recreation on the same node" classname="Kubernetes e2e suite" time="0">
          <skipped></skipped>
      </testcase>
      <testcase name="[sig-node] Security Context should support pod.Spec.SecurityContext.RunAsUser [LinuxOnly]" classname="Kubernetes e2e suite" time="0">
          <skipped></skipped>
      </testcase>
      <testcase name="[sig-storage] CSI Volumes [Driver: csi-hostpath] [Testpattern: Pre-provisioned PV (filesystem volmode)] multiVolume [Slow] should access to two volumes with different volume mode and retain data across pod recreation on the same node" classname="Kubernetes e2e suite" time="0">
          <skipped></skipped>
      </testcase>
      <testcase name="[sig-storage] In-tree Volumes [Driver: cinder] [Testpattern: Dynamic PV (default fs)] subPath should fail if subpath file is outside the volume [Slow][LinuxOnly]" classname="Kubernetes e2e suite" time="0">
          <skipped></skipped>
      </testcase>
      <testcase name="[sig-storage] In-tree Volumes [Driver: cinder] [Testpattern: Pre-provisioned PV (default fs)] subPath should support existing single file [LinuxOnly]" classname="Kubernetes e2e suite" time="0">
          <skipped></skipped>
      </testcase>
      <testcase name="[sig-storage] In-tree Volumes [Driver: local][LocalVolumeType: dir] [Testpattern: Dynamic PV (default fs)] subPath should support existing single file [LinuxOnly]" classname="Kubernetes e2e suite" time="0">
          <skipped></skipped>
      </testcase>
      <testcase name="[sig-cli] Kubectl Port forwarding With a server listening on 0.0.0.0 that expects a client request should support a client that connects, sends DATA, and disconnects" classname="Kubernetes e2e suite" time="0">
          <skipped></skipped>
      </testcase>
      <testcase name="[sig-storage] In-tree Volumes [Driver: local][LocalVolumeType: dir-link] [Testpattern: Dynamic PV (default fs)] fsgroupchangepolicy (OnRootMismatch)[LinuxOnly], pod created with an initial fsgroup, new pod fsgroup applied to volume contents" classname="Kubernetes e2e suite" time="0">
          <skipped></skipped>
      </testcase>
      <testcase name="[sig-storage] In-tree Volumes [Driver: azure-disk] [Testpattern: Dynamic PV (xfs)][Slow] multiVolume [Slow] should access to two volumes with different volume mode and retain data across pod recreation on different node" classname="Kubernetes e2e suite" time="0">
          <skipped></skipped>
      </testcase>
      <testcase name="[sig-storage] In-tree Volumes [Driver: local][LocalVolumeType: dir-link] [Testpattern: Dynamic PV (default fs)] volumeIO should write files of various sizes, verify size, validate content [Slow][LinuxOnly]" classname="Kubernetes e2e suite" time="0">
          <skipped></skipped>
      </testcase>
      <testcase name="[sig-storage] Zone Support [Feature:vsphere] Verify a pod is created and attached to a dynamically created PV, based on the allowed zones, datastore and storage policy specified in storage class" classname="Kubernetes e2e suite" time="0">
          <skipped></skipped>
      </testcase>
      <testcase name="[sig-cloud-provider] [Feature:CloudProvider][Disruptive] Nodes should be deleted on API server if it doesn&#39;t exist in the cloud provider" classname="Kubernetes e2e suite" time="0">
          <skipped></skipped>
      </testcase>
      <testcase name="[sig-storage] In-tree Volumes [Driver: local][LocalVolumeType: dir] [Testpattern: Pre-provisioned PV (block volmode)] volumeMode should fail to create pod by failing to mount volume [Slow]" classname="Kubernetes e2e suite" time="0">
          <skipped></skipped>
      </testcase>
      <testcase name="[sig-node] Events should be sent by kubelets and the scheduler about pods scheduling and running  [Conformance]" classname="Kubernetes e2e suite" time="6.137174138"></testcase>
      <testcase name="[sig-api-machinery] Garbage collector should keep the rc around until all its pods are deleted if the deleteOptions says so [Conformance]" classname="Kubernetes e2e suite" time="6.502232831"></testcase>
      <testcase name="[sig-storage] In-tree Volumes [Driver: gluster] [Testpattern: Dynamic PV (ext4)] multiVolume [Slow] should access to two volumes with different volume mode and retain data across pod recreation on different node" classname="Kubernetes e2e suite" time="0">
          <skipped></skipped>
      </testcase>
      <testcase name="[sig-node] kubelet host cleanup with volume mounts [HostCleanup][Flaky] Host cleanup after disrupting NFS volume [NFS] after stopping the nfs-server and deleting the (sleeping) client pod, the NFS mount and the pod&#39;s UID directory should be removed." classname="Kubernetes e2e suite" time="0">
          <skipped></skipped>
      </testcase>
      <testcase name="[sig-storage] In-tree Volumes [Driver: iscsi][Feature:Volumes] [Testpattern: Dynamic PV (ntfs)][Feature:Windows] subPath should unmount if pod is gracefully deleted while kubelet is down [Disruptive][Slow][LinuxOnly]" classname="Kubernetes e2e suite" time="0">
          <skipped></skipped>
      </testcase>
      <testcase name="[sig-storage] In-tree Volumes [Driver: rbd][Feature:Volumes][Serial] [Testpattern: Dynamic PV (default fs)] subPath should support readOnly file specified in the volumeMount [LinuxOnly]" classname="Kubernetes e2e suite" time="0">
          <skipped></skipped>
      </testcase>
      <testcase name="[sig-storage] CSI Volumes [Driver: csi-hostpath] [Testpattern: Pre-provisioned PV (default fs)] subPath should fail if subpath file is outside the volume [Slow][LinuxOnly]" classname="Kubernetes e2e suite" time="0">
          <skipped></skipped>
      </testcase>
      <testcase name="[sig-storage] CSI Volumes [Driver: csi-hostpath] [Testpattern: Dynamic PV (default fs)] fsgroupchangepolicy (Always)[LinuxOnly], pod created with an initial fsgroup, volume contents ownership changed in first pod, new pod with different fsgroup applied to the volume contents" classname="Kubernetes e2e suite" time="0">
          <skipped></skipped>
      </testcase>
      <testcase name="[sig-storage] In-tree Volumes [Driver: emptydir] [Testpattern: Dynamic PV (default fs)] subPath should be able to unmount after the subpath directory is deleted [LinuxOnly]" classname="Kubernetes e2e suite" time="0">
          <skipped></skipped>
      </testcase>
      <testcase name="[sig-storage] In-tree Volumes [Driver: hostPathSymlink] [Testpattern: Pre-provisioned PV (block volmode)] disruptive[Disruptive][LinuxOnly] Should test that pv written before kubelet restart is readable after restart." classname="Kubernetes e2e suite" time="0">
          <skipped></skipped>
      </testcase>
      <testcase name="[sig-storage] In-tree Volumes [Driver: gluster] [Testpattern: Dynamic PV (filesystem volmode)] multiVolume [Slow] should concurrently access the volume and its clone from pods on the same node [LinuxOnly][Feature:VolumeSnapshotDataSource][Feature:VolumeSourceXFS]" classname="Kubernetes e2e suite" time="0">
          <skipped></skipped>
      </testcase>
      <testcase name="[sig-storage] In-tree Volumes [Driver: ceph][Feature:Volumes][Serial] [Testpattern: Inline-volume (default fs)] subPath should fail if non-existent subpath is outside the volume [Slow][LinuxOnly]" classname="Kubernetes e2e suite" time="0">
          <skipped></skipped>
      </testcase>
      <testcase name="[sig-storage] In-tree Volumes [Driver: local][LocalVolumeType: dir] [Testpattern: Dynamic PV (ntfs)][Feature:Windows] subPath should support restarting containers using directory as subpath [Slow]" classname="Kubernetes e2e suite" time="0">
          <skipped></skipped>
      </testcase>
      <testcase name="[sig-storage] In-tree Volumes [Driver: local][LocalVolumeType: dir-bindmounted] [Testpattern: Dynamic PV (default fs)] subPath should support restarting containers using file as subpath [Slow][LinuxOnly]" classname="Kubernetes e2e suite" time="0">
          <skipped></skipped>
      </testcase>
      <testcase name="[sig-storage] CSI mock volume CSIStorageCapacity CSIStorageCapacity used, no capacity" classname="Kubernetes e2e suite" time="0">
          <skipped></skipped>
      </testcase>
      <testcase name="[sig-storage] In-tree Volumes [Driver: local][LocalVolumeType: dir-bindmounted] [Testpattern: Dynamic PV (filesystem volmode)] multiVolume [Slow] should concurrently access the single volume from pods on the same node" classname="Kubernetes e2e suite" time="0">
          <skipped></skipped>
      </testcase>
      <testcase name="[sig-storage] In-tree Volumes [Driver: aws] [Testpattern: Pre-provisioned PV (ntfs)][Feature:Windows] volumes should store data" classname="Kubernetes e2e suite" time="0">
          <skipped></skipped>
      </testcase>
      <testcase name="[sig-storage] In-tree Volumes [Driver: ceph][Feature:Volumes][Serial] [Testpattern: Pre-provisioned PV (block volmode)] multiVolume [Slow] should concurrently access the single volume from pods on different node" classname="Kubernetes e2e suite" time="0">
          <skipped></skipped>
      </testcase>
      <testcase name="[sig-storage] In-tree Volumes [Driver: local][LocalVolumeType: gce-localssd-scsi-fs] [Serial] [Testpattern: Pre-provisioned PV (default fs)] subPath should unmount if pod is gracefully deleted while kubelet is down [Disruptive][Slow][LinuxOnly]" classname="Kubernetes e2e suite" time="0">
          <skipped></skipped>
      </testcase>
      <testcase name="[sig-node] Probing container should *not* be restarted by liveness probe because startup probe delays it" classname="Kubernetes e2e suite" time="0">
          <skipped></skipped>
      </testcase>
      <testcase name="[sig-storage] In-tree Volumes [Driver: emptydir] [Testpattern: Pre-provisioned PV (filesystem volmode)] multiVolume [Slow] should access to two volumes with the same volume mode and retain data across pod recreation on the same node" classname="Kubernetes e2e suite" time="0">
          <skipped></skipped>
      </testcase>
      <testcase name="[sig-node] Kubelet when scheduling a busybox Pod with hostAliases should write entries to /etc/hosts [LinuxOnly] [NodeConformance] [Conformance]" classname="Kubernetes e2e suite" time="4.190968915"></testcase>
      <testcase name="[sig-storage] In-tree Volumes [Driver: windows-gcepd] [Testpattern: Pre-provisioned PV (block volmode)] multiVolume [Slow] should concurrently access the single volume from pods on different node" classname="Kubernetes e2e suite" time="0">
          <skipped></skipped>
      </testcase>
      <testcase name="[sig-storage] CSI Volumes [Driver: pd.csi.storage.gke.io][Serial] [Testpattern: Dynamic PV (default fs)] provisioning should provision storage with mount options" classname="Kubernetes e2e suite" time="0">
          <skipped></skipped>
      </testcase>
      <testcase name="[sig-storage] In-tree Volumes [Driver: local][LocalVolumeType: dir-link-bindmounted] [Testpattern: Dynamic PV (ntfs)][Feature:Windows] subPath should unmount if pod is gracefully deleted while kubelet is down [Disruptive][Slow][LinuxOnly]" classname="Kubernetes e2e suite" time="0">
          <skipped></skipped>
      </testcase>
      <testcase name="[sig-storage] In-tree Volumes [Driver: windows-gcepd] [Testpattern: Inline-volume (ext4)] volumes should store data" classname="Kubernetes e2e suite" time="0">
          <skipped></skipped>
      </testcase>
      <testcase name="[sig-storage] In-tree Volumes [Driver: local][LocalVolumeType: dir-link] [Testpattern: Dynamic PV (default fs)] capacity provides storage capacity information" classname="Kubernetes e2e suite" time="0">
          <skipped></skipped>
      </testcase>
      <testcase name="[sig-storage] In-tree Volumes [Driver: aws] [Testpattern: Dynamic PV (block volmode)] multiVolume [Slow] should concurrently access the volume and restored snapshot from pods on the same node [LinuxOnly][Feature:VolumeSnapshotDataSource][Feature:VolumeSourceXFS]" classname="Kubernetes e2e suite" time="0">
          <skipped></skipped>
      </testcase>
      <testcase name="[sig-api-machinery] ResourceQuota should be able to update and delete ResourceQuota. [Conformance]" classname="Kubernetes e2e suite" time="0.083627651"></testcase>
      <testcase name="[sig-storage] In-tree Volumes [Driver: gcepd] [Testpattern: Pre-provisioned PV (default fs)] subPath should support restarting containers using file as subpath [Slow][LinuxOnly]" classname="Kubernetes e2e suite" time="0">
          <skipped></skipped>
      </testcase>
      <testcase name="[sig-storage] EmptyDir volumes should support (non-root,0777,tmpfs) [LinuxOnly] [NodeConformance] [Conformance]" classname="Kubernetes e2e suite" time="2.102040013"></testcase>
      <testcase name="[sig-storage] CSI Volumes [Driver: csi-hostpath] [Testpattern: Pre-provisioned PV (default fs)] subPath should verify container cannot write to subpath readonly volumes [Slow]" classname="Kubernetes e2e suite" time="0">
          <skipped></skipped>
      </testcase>
      <testcase name="[sig-storage] CSI Volumes [Driver: pd.csi.storage.gke.io][Serial] [Testpattern: Dynamic PV (ntfs)][Feature:Windows] subPath should support readOnly file specified in the volumeMount [LinuxOnly]" classname="Kubernetes e2e suite" time="0">
          <skipped></skipped>
      </testcase>
      <testcase name="[sig-storage] In-tree Volumes [Driver: local][LocalVolumeType: blockfs] [Testpattern: Dynamic PV (default fs)] provisioning should provision storage with pvc data source" classname="Kubernetes e2e suite" time="0">
          <skipped></skipped>
      </testcase>
      <testcase name="[sig-storage] In-tree Volumes [Driver: ceph][Feature:Volumes][Serial] [Testpattern: Inline-volume (ext4)] volumes should store data" classname="Kubernetes e2e suite" time="0">
          <skipped></skipped>
      </testcase>
      <testcase name="[sig-storage] CSI Volumes [Driver: pd.csi.storage.gke.io][Serial] [Testpattern: Dynamic PV (default fs)] subPath should be able to unmount after the subpath directory is deleted [LinuxOnly]" classname="Kubernetes e2e suite" time="0">
          <skipped></skipped>
      </testcase>
      <testcase name="[sig-storage] CSI Volumes [Driver: pd.csi.storage.gke.io][Serial] [Testpattern: Dynamic PV (default fs)] subPath should support restarting containers using file as subpath [Slow][LinuxOnly]" classname="Kubernetes e2e suite" time="0">
          <skipped></skipped>
      </testcase>
      <testcase name="[sig-storage] In-tree Volumes [Driver: local][LocalVolumeType: tmpfs] [Testpattern: Pre-provisioned PV (block volmode)] multiVolume [Slow] should concurrently access the single volume from pods on different node" classname="Kubernetes e2e suite" time="0">
          <skipped></skipped>
      </testcase>
      <testcase name="[sig-node] gpu Upgrade [Feature:GPUUpgrade] cluster downgrade should be able to run gpu pod after downgrade [Feature:GPUClusterDowngrade]" classname="Kubernetes e2e suite" time="0">
          <skipped></skipped>
      </testcase>
      <testcase name="[sig-storage] In-tree Volumes [Driver: gluster] [Testpattern: Dynamic PV (block volmode)] multiVolume [Slow] should access to two volumes with the same volume mode and retain data across pod recreation on the same node" classname="Kubernetes e2e suite" time="0">
          <skipped></skipped>
      </testcase>
      <testcase name="[sig-network] Networking Granular Checks: Services should function for service endpoints using hostNetwork" classname="Kubernetes e2e suite" time="0">
          <skipped></skipped>
      </testcase>
      <testcase name="[sig-storage] In-tree Volumes [Driver: ceph][Feature:Volumes][Serial] [Testpattern: Pre-provisioned PV (block volmode)] multiVolume [Slow] should concurrently access the volume and its clone from pods on the same node [LinuxOnly][Feature:VolumeSnapshotDataSource][Feature:VolumeSourceXFS]" classname="Kubernetes e2e suite" time="0">
          <skipped></skipped>
      </testcase>
      <testcase name="[sig-storage] In-tree Volumes [Driver: local][LocalVolumeType: tmpfs] [Testpattern: Pre-provisioned PV (default fs)] subPath should support non-existent path" classname="Kubernetes e2e suite" time="0">
          <skipped></skipped>
      </testcase>
      <testcase name="[sig-auth] [Feature:NodeAuthorizer] A node shouldn&#39;t be able to create another node" classname="Kubernetes e2e suite" time="0">
          <skipped></skipped>
      </testcase>
      <testcase name="[sig-storage] In-tree Volumes [Driver: local][LocalVolumeType: block] [Testpattern: Dynamic PV (filesystem volmode)] multiVolume [Slow] should concurrently access the single read-only volume from pods on the same node" classname="Kubernetes e2e suite" time="0">
          <skipped></skipped>
      </testcase>
      <testcase name="[sig-storage] In-tree Volumes [Driver: rbd][Feature:Volumes][Serial] [Testpattern: Dynamic PV (filesystem volmode)] multiVolume [Slow] should concurrently access the single read-only volume from pods on the same node" classname="Kubernetes e2e suite" time="0">
          <skipped></skipped>
      </testcase>
      <testcase name="[sig-storage] In-tree Volumes [Driver: local][LocalVolumeType: dir-bindmounted] [Testpattern: Dynamic PV (default fs)] volumes should allow exec of files on the volume" classname="Kubernetes e2e suite" time="0">
          <skipped></skipped>
      </testcase>
      <testcase name="[sig-storage] In-tree Volumes [Driver: hostPathSymlink] [Testpattern: Pre-provisioned PV (default fs)] subPath should support existing single file [LinuxOnly]" classname="Kubernetes e2e suite" time="0">
          <skipped></skipped>
      </testcase>
      <testcase name="[sig-storage] In-tree Volumes [Driver: local][LocalVolumeType: dir-link] [Testpattern: Pre-provisioned PV (filesystem volmode)] multiVolume [Slow] should access to two volumes with different volume mode and retain data across pod recreation on different node" classname="Kubernetes e2e suite" time="0">
          <skipped></skipped>
      </testcase>
      <testcase name="[sig-storage] In-tree Volumes [Driver: hostPath] [Testpattern: Pre-provisioned PV (block volmode)] disruptive[Disruptive][LinuxOnly] Should test that pv used in a pod that is deleted while the kubelet is down cleans up when the kubelet returns." classname="Kubernetes e2e suite" time="0">
          <skipped></skipped>
      </testcase>
      <testcase name="[sig-storage] In-tree Volumes [Driver: windows-gcepd] [Testpattern: Dynamic PV (ext4)] volumes should allow exec of files on the volume" classname="Kubernetes e2e suite" time="0">
          <skipped></skipped>
      </testcase>
      <testcase name="[sig-storage] PVC Protection Verify &#34;immediate&#34; deletion of a PVC that is not in active use by a pod" classname="Kubernetes e2e suite" time="0">
          <skipped></skipped>
      </testcase>
      <testcase name="[sig-storage] In-tree Volumes [Driver: local][LocalVolumeType: blockfs] [Testpattern: Dynamic PV (ext4)] multiVolume [Slow] should access to two volumes with different volume mode and retain data across pod recreation on the same node" classname="Kubernetes e2e suite" time="0">
          <skipped></skipped>
      </testcase>
      <testcase name="[sig-network] kube-proxy migration [Feature:KubeProxyDaemonSetMigration] Upgrade kube-proxy from static pods to a DaemonSet should maintain a functioning cluster [Feature:KubeProxyDaemonSetUpgrade]" classname="Kubernetes e2e suite" time="0">
          <skipped></skipped>
      </testcase>
      <testcase name="[sig-storage] HostPathType File [Slow] Should be able to mount file &#39;afile&#39; successfully when HostPathType is HostPathFile" classname="Kubernetes e2e suite" time="0">
          <skipped></skipped>
      </testcase>
      <testcase name="[sig-storage] In-tree Volumes [Driver: hostPath] [Testpattern: Pre-provisioned PV (default fs)] volumes should store data" classname="Kubernetes e2e suite" time="0">
          <skipped></skipped>
      </testcase>
      <testcase name="[sig-storage] In-tree Volumes [Driver: local][LocalVolumeType: dir-link] [Testpattern: Dynamic PV (ntfs)][Feature:Windows] provisioning should provision storage with snapshot data source [Feature:VolumeSnapshotDataSource]" classname="Kubernetes e2e suite" time="0">
          <skipped></skipped>
      </testcase>
      <testcase name="[sig-storage] In-tree Volumes [Driver: ceph][Feature:Volumes][Serial] [Testpattern: Dynamic PV (xfs)][Slow] multiVolume [Slow] should access to two volumes with different volume mode and retain data across pod recreation on different node" classname="Kubernetes e2e suite" time="0">
          <skipped></skipped>
      </testcase>
      <testcase name="[sig-storage] In-tree Volumes [Driver: azure-disk] [Testpattern: Dynamic PV (ext3)] volumes should store data" classname="Kubernetes e2e suite" time="0">
          <skipped></skipped>
      </testcase>
      <testcase name="[sig-storage] In-tree Volumes [Driver: local][LocalVolumeType: tmpfs] [Testpattern: Dynamic PV (ntfs)][Feature:Windows] subPath should be able to unmount after the subpath directory is deleted [LinuxOnly]" classname="Kubernetes e2e suite" time="0">
          <skipped></skipped>
      </testcase>
      <testcase name="[sig-storage] In-tree Volumes [Driver: iscsi][Feature:Volumes] [Testpattern: Pre-provisioned PV (block volmode)] multiVolume [Slow] should concurrently access the volume and its clone from pods on the same node [LinuxOnly][Feature:VolumeSnapshotDataSource][Feature:VolumeSourceXFS]" classname="Kubernetes e2e suite" time="0">
          <skipped></skipped>
      </testcase>
      <testcase name="[sig-storage] In-tree Volumes [Driver: cinder] [Testpattern: Pre-provisioned PV (default fs)] subPath should unmount if pod is gracefully deleted while kubelet is down [Disruptive][Slow][LinuxOnly]" classname="Kubernetes e2e suite" time="0">
          <skipped></skipped>
      </testcase>
      <testcase name="[sig-storage] In-tree Volumes [Driver: local][LocalVolumeType: dir-link] [Testpattern: Dynamic PV (block volmode)] provisioning should provision storage with snapshot data source [Feature:VolumeSnapshotDataSource]" classname="Kubernetes e2e suite" time="0">
          <skipped></skipped>
      </testcase>
      <testcase name="[sig-storage] In-tree Volumes [Driver: local][LocalVolumeType: tmpfs] [Testpattern: Dynamic PV (block volmode)] volume-expand should not allow expansion of pvcs without AllowVolumeExpansion property" classname="Kubernetes e2e suite" time="0">
          <skipped></skipped>
      </testcase>
      <testcase name="[sig-node] Security Context When creating a container with runAsNonRoot should run with an explicit non-root user ID [LinuxOnly]" classname="Kubernetes e2e suite" time="0">
          <skipped></skipped>
      </testcase>
      <testcase name="[sig-storage] CSI Volumes [Driver: pd.csi.storage.gke.io][Serial] [Testpattern: Inline-volume (default fs)] subPath should support existing directories when readOnly specified in the volumeSource" classname="Kubernetes e2e suite" time="0">
          <skipped></skipped>
      </testcase>
      <testcase name="[sig-storage] Volume Attach Verify [Feature:vsphere][Serial][Disruptive] verify volume remains attached after master kubelet restart" classname="Kubernetes e2e suite" time="0">
          <skipped></skipped>
      </testcase>
      <testcase name="[sig-storage] In-tree Volumes [Driver: local][LocalVolumeType: block] [Testpattern: Dynamic PV (xfs)][Slow] multiVolume [Slow] should access to two volumes with the same volume mode and retain data across pod recreation on different node" classname="Kubernetes e2e suite" time="0">
          <skipped></skipped>
      </testcase>
      <testcase name="[sig-storage] In-tree Volumes [Driver: gcepd] [Testpattern: Dynamic PV (ntfs)][Feature:Windows] subPath should support existing single file [LinuxOnly]" classname="Kubernetes e2e suite" time="0">
          <skipped></skipped>
      </testcase>
      <testcase name="[sig-storage] CSI Volumes [Driver: pd.csi.storage.gke.io][Serial] [Testpattern: Pre-provisioned PV (filesystem volmode)] multiVolume [Slow] should concurrently access the single volume from pods on different node" classname="Kubernetes e2e suite" time="0">
          <skipped></skipped>
      </testcase>
      <testcase name="[sig-storage] In-tree Volumes [Driver: iscsi][Feature:Volumes] [Testpattern: Inline-volume (default fs)] volumes should store data" classname="Kubernetes e2e suite" time="0">
          <skipped></skipped>
      </testcase>
      <testcase name="[sig-storage] In-tree Volumes [Driver: rbd][Feature:Volumes][Serial] [Testpattern: Dynamic PV (default fs)] volumeIO should write files of various sizes, verify size, validate content [Slow][LinuxOnly]" classname="Kubernetes e2e suite" time="0">
          <skipped></skipped>
      </testcase>
      <testcase name="[sig-storage] In-tree Volumes [Driver: gcepd] [Testpattern: Pre-provisioned PV (filesystem volmode)] multiVolume [Slow] should concurrently access the single read-only volume from pods on the same node" classname="Kubernetes e2e suite" time="0">
          <skipped></skipped>
      </testcase>
      <testcase name="[sig-storage] In-tree Volumes [Driver: local][LocalVolumeType: blockfs] [Testpattern: Dynamic PV (default fs)] subPath should unmount if pod is gracefully deleted while kubelet is down [Disruptive][Slow][LinuxOnly]" classname="Kubernetes e2e suite" time="0">
          <skipped></skipped>
      </testcase>
      <testcase name="[sig-storage] HostPathType Block Device [Slow] Should be able to mount block device &#39;ablkdev&#39; successfully when HostPathType is HostPathUnset" classname="Kubernetes e2e suite" time="0">
          <skipped></skipped>
      </testcase>
      <testcase name="[sig-storage] In-tree Volumes [Driver: local][LocalVolumeType: block] [Testpattern: Pre-provisioned PV (filesystem volmode)] multiVolume [Slow] should concurrently access the single volume from pods on the same node" classname="Kubernetes e2e suite" time="0">
          <skipped></skipped>
      </testcase>
      <testcase name="[sig-storage] In-tree Volumes [Driver: local][LocalVolumeType: block] [Testpattern: Pre-provisioned PV (xfs)][Slow] volumes should store data" classname="Kubernetes e2e suite" time="0">
          <skipped></skipped>
      </testcase>
      <testcase name="[sig-storage] In-tree Volumes [Driver: local][LocalVolumeType: dir-bindmounted] [Testpattern: Inline-volume (default fs)] subPath should unmount if pod is force deleted while kubelet is down [Disruptive][Slow][LinuxOnly]" classname="Kubernetes e2e suite" time="0">
          <skipped></skipped>
      </testcase>
      <testcase name="[sig-storage] In-tree Volumes [Driver: local][LocalVolumeType: dir] [Testpattern: Dynamic PV (xfs)][Slow] multiVolume [Slow] should concurrently access the volume and its clone from pods on the same node [LinuxOnly][Feature:VolumeSnapshotDataSource][Feature:VolumeSourceXFS]" classname="Kubernetes e2e suite" time="0">
          <skipped></skipped>
      </testcase>
      <testcase name="[sig-storage] CSI Volumes [Driver: csi-hostpath] [Testpattern: Dynamic PV (default fs)(allowExpansion)] volume-expand should resize volume when PVC is edited while pod is using it" classname="Kubernetes e2e suite" time="0">
          <skipped></skipped>
      </testcase>
      <testcase name="[sig-storage] CSI Volumes [Driver: pd.csi.storage.gke.io][Serial] [Testpattern: Pre-provisioned PV (filesystem volmode)] multiVolume [Slow] should access to two volumes with different volume mode and retain data across pod recreation on the same node" classname="Kubernetes e2e suite" time="0">
          <skipped></skipped>
      </testcase>
      <testcase name="[sig-storage] In-tree Volumes [Driver: gcepd] [Testpattern: Dynamic PV (xfs)][Slow] multiVolume [Slow] should concurrently access the volume and its clone from pods on the same node [LinuxOnly][Feature:VolumeSnapshotDataSource][Feature:VolumeSourceXFS]" classname="Kubernetes e2e suite" time="0">
          <skipped></skipped>
      </testcase>
      <testcase name="[sig-storage] In-tree Volumes [Driver: nfs] [Testpattern: Pre-provisioned PV (block volmode)] volumes should store data" classname="Kubernetes e2e suite" time="0">
          <skipped></skipped>
      </testcase>
      <testcase name="[sig-storage] CSI Volumes [Driver: csi-hostpath] [Testpattern: Pre-provisioned PV (xfs)][Slow] volumes should allow exec of files on the volume" classname="Kubernetes e2e suite" time="0">
          <skipped></skipped>
      </testcase>
      <testcase name="[sig-storage] In-tree Volumes [Driver: local][LocalVolumeType: tmpfs] [Testpattern: Pre-provisioned PV (ext4)] volumes should allow exec of files on the volume" classname="Kubernetes e2e suite" time="0">
          <skipped></skipped>
      </testcase>
      <testcase name="[sig-storage] In-tree Volumes [Driver: aws] [Testpattern: Dynamic PV (filesystem volmode)] multiVolume [Slow] should access to two volumes with different volume mode and retain data across pod recreation on the same node" classname="Kubernetes e2e suite" time="0">
          <skipped></skipped>
      </testcase>
      <testcase name="[sig-storage] In-tree Volumes [Driver: local][LocalVolumeType: tmpfs] [Testpattern: Dynamic PV (filesystem volmode)] multiVolume [Slow] should access to two volumes with different volume mode and retain data across pod recreation on different node" classname="Kubernetes e2e suite" time="0">
          <skipped></skipped>
      </testcase>
      <testcase name="[sig-node] NodeLease when the NodeLease feature is enabled the kubelet should report node status infrequently" classname="Kubernetes e2e suite" time="0">
          <skipped></skipped>
      </testcase>
      <testcase name="[sig-storage] In-tree Volumes [Driver: local][LocalVolumeType: dir-bindmounted] [Testpattern: Dynamic PV (block volmode)] disruptive[Disruptive][LinuxOnly] Should test that pv written before kubelet restart is readable after restart." classname="Kubernetes e2e suite" time="0">
          <skipped></skipped>
      </testcase>
      <testcase name="[sig-storage] In-tree Volumes [Driver: local][LocalVolumeType: dir-link-bindmounted] [Testpattern: Pre-provisioned PV (default fs)] subPath should support readOnly directory specified in the volumeMount" classname="Kubernetes e2e suite" time="0">
          <skipped></skipped>
      </testcase>
      <testcase name="[sig-storage] In-tree Volumes [Driver: azure-disk] [Testpattern: Inline-volume (default fs)] subPath should support existing directories when readOnly specified in the volumeSource" classname="Kubernetes e2e suite" time="0">
          <skipped></skipped>
      </testcase>
      <testcase name="[sig-storage] In-tree Volumes [Driver: iscsi][Feature:Volumes] [Testpattern: Dynamic PV (ntfs)][Feature:Windows] subPath should verify container cannot write to subpath readonly volumes [Slow]" classname="Kubernetes e2e suite" time="0">
          <skipped></skipped>
      </testcase>
      <testcase name="[sig-storage] In-tree Volumes [Driver: cinder] [Testpattern: Dynamic PV (default fs)] subPath should support creating multiple subpath from same volumes [Slow]" classname="Kubernetes e2e suite" time="0">
          <skipped></skipped>
      </testcase>
      <testcase name="[sig-apps] CronJob should be able to schedule after more than 100 missed schedule" classname="Kubernetes e2e suite" time="0">
          <skipped></skipped>
      </testcase>
      <testcase name="[sig-api-machinery] ResourceQuota [Feature:PodPriority] should verify ResourceQuota&#39;s priority class scope (quota set to pod count: 1) against 2 pods with same priority class." classname="Kubernetes e2e suite" time="0">
          <skipped></skipped>
      </testcase>
      <testcase name="[sig-storage] In-tree Volumes [Driver: gluster] [Testpattern: Dynamic PV (default fs)] subPath should be able to unmount after the subpath directory is deleted [LinuxOnly]" classname="Kubernetes e2e suite" time="0">
          <skipped></skipped>
      </testcase>
      <testcase name="[sig-node] kubelet host cleanup with volume mounts [HostCleanup][Flaky] Host cleanup after disrupting NFS volume [NFS] after stopping the nfs-server and deleting the (active) client pod, the NFS mount and the pod&#39;s UID directory should be removed." classname="Kubernetes e2e suite" time="0">
          <skipped></skipped>
      </testcase>
      <testcase name="[sig-cli] Kubectl client Kubectl replace should update a single-container pod&#39;s image  [Conformance]" classname="Kubernetes e2e suite" time="8.140568646"></testcase>
      <testcase name="[sig-storage] In-tree Volumes [Driver: gcepd] [Testpattern: Dynamic PV (ext4)] multiVolume [Slow] should concurrently access the volume and its clone from pods on the same node [LinuxOnly][Feature:VolumeSnapshotDataSource][Feature:VolumeSourceXFS]" classname="Kubernetes e2e suite" time="0">
          <skipped></skipped>
      </testcase>
      <testcase name="[sig-storage] In-tree Volumes [Driver: local][LocalVolumeType: dir-link-bindmounted] [Testpattern: Dynamic PV (delayed binding)] topology should provision a volume and schedule a pod with AllowedTopologies" classname="Kubernetes e2e suite" time="0">
          <skipped></skipped>
      </testcase>
      <testcase name="[sig-storage] In-tree Volumes [Driver: local][LocalVolumeType: dir-bindmounted] [Testpattern: Dynamic PV (block volmode)] multiVolume [Slow] should concurrently access the single volume from pods on different node" classname="Kubernetes e2e suite" time="0">
          <skipped></skipped>
      </testcase>
      <testcase name="[sig-storage] In-tree Volumes [Driver: rbd][Feature:Volumes][Serial] [Testpattern: Pre-provisioned PV (filesystem volmode)] multiVolume [Slow] should concurrently access the volume and restored snapshot from pods on the same node [LinuxOnly][Feature:VolumeSnapshotDataSource][Feature:VolumeSourceXFS]" classname="Kubernetes e2e suite" time="0">
          <skipped></skipped>
      </testcase>
      <testcase name="[sig-storage] EmptyDir volumes should support (non-root,0666,tmpfs) [LinuxOnly] [NodeConformance] [Conformance]" classname="Kubernetes e2e suite" time="2.157898832"></testcase>
      <testcase name="[sig-node] Container Lifecycle Hook when create a pod with lifecycle hook should execute prestop exec hook properly [NodeConformance] [Conformance]" classname="Kubernetes e2e suite" time="8.135972519"></testcase>
      <testcase name="[sig-storage] In-tree Volumes [Driver: vsphere] [Testpattern: Dynamic PV (ntfs)][Feature:Windows] subPath should support existing directory" classname="Kubernetes e2e suite" time="0">
          <skipped></skipped>
      </testcase>
      <testcase name="[sig-storage] In-tree Volumes [Driver: local][LocalVolumeType: dir-bindmounted] [Testpattern: Dynamic PV (default fs)] provisioning should provision storage with pvc data source" classname="Kubernetes e2e suite" time="0">
          <skipped></skipped>
      </testcase>
      <testcase name="[sig-storage] In-tree Volumes [Driver: gcepd] [Testpattern: Dynamic PV (ntfs)][Feature:Windows] volume-expand should not allow expansion of pvcs without AllowVolumeExpansion property" classname="Kubernetes e2e suite" time="0">
          <skipped></skipped>
      </testcase>
      <testcase name="[sig-storage] In-tree Volumes [Driver: gcepd] [Testpattern: Dynamic PV (ext4)] volumes should allow exec of files on the volume" classname="Kubernetes e2e suite" time="0">
          <skipped></skipped>
      </testcase>
      <testcase name="[sig-storage] In-tree Volumes [Driver: windows-gcepd] [Testpattern: Pre-provisioned PV (block volmode)] disruptive[Disruptive][LinuxOnly] Should test that pv used in a pod that is deleted while the kubelet is down cleans up when the kubelet returns." classname="Kubernetes e2e suite" time="0">
          <skipped></skipped>
      </testcase>
      <testcase name="[sig-storage] In-tree Volumes [Driver: local][LocalVolumeType: blockfs] [Testpattern: Dynamic PV (block volmode)] multiVolume [Slow] should access to two volumes with the same volume mode and retain data across pod recreation on different node" classname="Kubernetes e2e suite" time="0">
          <skipped></skipped>
      </testcase>
      <testcase name="[sig-storage] In-tree Volumes [Driver: iscsi][Feature:Volumes] [Testpattern: Dynamic PV (ext4)] volumes should allow exec of files on the volume" classname="Kubernetes e2e suite" time="0">
          <skipped></skipped>
      </testcase>
      <testcase name="[sig-storage] In-tree Volumes [Driver: local][LocalVolumeType: dir-bindmounted] [Testpattern: Dynamic PV (block volmode)] volumeMode should not mount / map unused volumes in a pod [LinuxOnly]" classname="Kubernetes e2e suite" time="0">
          <skipped></skipped>
      </testcase>
      <testcase name="[sig-storage] CSI Volumes [Driver: csi-hostpath] [Testpattern: Dynamic PV (block volmode)] provisioning should provision storage with snapshot data source [Feature:VolumeSnapshotDataSource]" classname="Kubernetes e2e suite" time="0">
          <skipped></skipped>
      </testcase>
      <testcase name="[sig-storage] In-tree Volumes [Driver: cinder] [Testpattern: Pre-provisioned PV (default fs)] subPath should support readOnly directory specified in the volumeMount" classname="Kubernetes e2e suite" time="0">
          <skipped></skipped>
      </testcase>
      <testcase name="[sig-storage] In-tree Volumes [Driver: hostPathSymlink] [Testpattern: Pre-provisioned PV (default fs)] subPath should fail if non-existent subpath is outside the volume [Slow][LinuxOnly]" classname="Kubernetes e2e suite" time="0">
          <skipped></skipped>
      </testcase>
      <testcase name="[sig-apps] [Feature:TTLAfterFinished] job should be deleted once it finishes after TTL seconds" classname="Kubernetes e2e suite" time="0">
          <skipped></skipped>
      </testcase>
      <testcase name="[sig-storage] In-tree Volumes [Driver: windows-gcepd] [Testpattern: Pre-provisioned PV (default fs)] subPath should support existing single file [LinuxOnly]" classname="Kubernetes e2e suite" time="0">
          <skipped></skipped>
      </testcase>
      <testcase name="[sig-storage] In-tree Volumes [Driver: gcepd] [Testpattern: Dynamic PV (default fs)] subPath should fail if non-existent subpath is outside the volume [Slow][LinuxOnly]" classname="Kubernetes e2e suite" time="0">
          <skipped></skipped>
      </testcase>
      <testcase name="[sig-storage] In-tree Volumes [Driver: rbd][Feature:Volumes][Serial] [Testpattern: Dynamic PV (block volmode)] multiVolume [Slow] should access to two volumes with different volume mode and retain data across pod recreation on different node" classname="Kubernetes e2e suite" time="0">
          <skipped></skipped>
      </testcase>
      <testcase name="[sig-storage] In-tree Volumes [Driver: vsphere] [Testpattern: Dynamic PV (default fs)] subPath should support existing single file [LinuxOnly]" classname="Kubernetes e2e suite" time="0">
          <skipped></skipped>
      </testcase>
      <testcase name="[sig-storage] In-tree Volumes [Driver: local][LocalVolumeType: gce-localssd-scsi-fs] [Serial] [Testpattern: Dynamic PV (default fs)] subPath should support existing directory" classname="Kubernetes e2e suite" time="0">
          <skipped></skipped>
      </testcase>
      <testcase name="[sig-storage] In-tree Volumes [Driver: windows-gcepd] [Testpattern: Inline-volume (default fs)] subPath should support existing directory" classname="Kubernetes e2e suite" time="0">
          <skipped></skipped>
      </testcase>
      <testcase name="[sig-storage] In-tree Volumes [Driver: azure-disk] [Testpattern: Dynamic PV (block volmode)] multiVolume [Slow] should concurrently access the single volume from pods on different node" classname="Kubernetes e2e suite" time="0">
          <skipped></skipped>
      </testcase>
      <testcase name="[sig-storage] In-tree Volumes [Driver: rbd][Feature:Volumes][Serial] [Testpattern: Dynamic PV (filesystem volmode)] volumeLimits should support volume limits [Serial]" classname="Kubernetes e2e suite" time="0">
          <skipped></skipped>
      </testcase>
      <testcase name="[sig-storage] In-tree Volumes [Driver: rbd][Feature:Volumes][Serial] [Testpattern: Dynamic PV (default fs)] subPath should support existing single file [LinuxOnly]" classname="Kubernetes e2e suite" time="0">
          <skipped></skipped>
      </testcase>
      <testcase name="[sig-node] ConfigMap should update ConfigMap successfully" classname="Kubernetes e2e suite" time="0">
          <skipped></skipped>
      </testcase>
      <testcase name="[sig-autoscaling] Cluster size autoscaling [Slow] should scale down when expendable pod is running [Feature:ClusterSizeAutoscalingScaleDown]" classname="Kubernetes e2e suite" time="0">
          <skipped></skipped>
      </testcase>
      <testcase name="[sig-storage] In-tree Volumes [Driver: local][LocalVolumeType: blockfs] [Testpattern: Pre-provisioned PV (default fs)] subPath should support creating multiple subpath from same volumes [Slow]" classname="Kubernetes e2e suite" time="0">
          <skipped></skipped>
      </testcase>
      <testcase name="[sig-storage] In-tree Volumes [Driver: nfs] [Testpattern: Inline-volume (default fs)] subPath should fail if non-existent subpath is outside the volume [Slow][LinuxOnly]" classname="Kubernetes e2e suite" time="0">
          <skipped></skipped>
      </testcase>
      <testcase name="[sig-node] NodeProblemDetector should run without error" classname="Kubernetes e2e suite" time="0">
          <skipped></skipped>
      </testcase>
      <testcase name="[sig-storage] In-tree Volumes [Driver: local][LocalVolumeType: blockfs] [Testpattern: Pre-provisioned PV (default fs)] subPath should support existing directory" classname="Kubernetes e2e suite" time="0">
          <skipped></skipped>
      </testcase>
      <testcase name="[sig-api-machinery] API priority and fairness should ensure that requests can be classified by adding FlowSchema and PriorityLevelConfiguration" classname="Kubernetes e2e suite" time="0">
          <skipped></skipped>
      </testcase>
      <testcase name="[sig-storage] In-tree Volumes [Driver: gluster] [Testpattern: Dynamic PV (xfs)][Slow] volumes should store data" classname="Kubernetes e2e suite" time="0">
          <skipped></skipped>
      </testcase>
      <testcase name="[sig-storage] In-tree Volumes [Driver: local][LocalVolumeType: block] [Testpattern: Dynamic PV (default fs)] subPath should verify container cannot write to subpath readonly volumes [Slow]" classname="Kubernetes e2e suite" time="0">
          <skipped></skipped>
      </testcase>
      <testcase name="[sig-storage] In-tree Volumes [Driver: azure-disk] [Testpattern: Dynamic PV (ntfs)][Feature:Windows] provisioning should provision storage with pvc data source in parallel [Slow]" classname="Kubernetes e2e suite" time="0">
          <skipped></skipped>
      </testcase>
      <testcase name="[sig-apps] Daemon set [Serial] should verify changes to a daemon set status [Conformance]" classname="Kubernetes e2e suite" time="5.541018758"></testcase>
      <testcase name="[sig-storage] Storage Policy Based Volume Provisioning [Feature:vsphere] verify VSAN storage capability with invalid diskStripes value is not honored for dynamically provisioned pvc using storageclass" classname="Kubernetes e2e suite" time="0">
          <skipped></skipped>
      </testcase>
      <testcase name="[sig-auth] [Feature:NodeAuthorizer] Getting a non-existent secret should exit with the Forbidden error, not a NotFound error" classname="Kubernetes e2e suite" time="0">
          <skipped></skipped>
      </testcase>
      <testcase name="[sig-storage] In-tree Volumes [Driver: emptydir] [Testpattern: Inline-volume (default fs)] volumes should allow exec of files on the volume" classname="Kubernetes e2e suite" time="0">
          <skipped></skipped>
      </testcase>
      <testcase name="[sig-apps] Job should delete pods when suspended" classname="Kubernetes e2e suite" time="0">
          <skipped></skipped>
      </testcase>
      <testcase name="[sig-storage] In-tree Volumes [Driver: ceph][Feature:Volumes][Serial] [Testpattern: Inline-volume (default fs)] subPath should support non-existent path" classname="Kubernetes e2e suite" time="0">
          <skipped></skipped>
      </testcase>
      <testcase name="[sig-storage] In-tree Volumes [Driver: hostPath] [Testpattern: Dynamic PV (filesystem volmode)] multiVolume [Slow] should concurrently access the single volume from pods on different node" classname="Kubernetes e2e suite" time="0">
          <skipped></skipped>
      </testcase>
      <testcase name="[sig-node] Container Runtime blackbox test when running a container with a new image should not be able to pull image from invalid registry [NodeConformance]" classname="Kubernetes e2e suite" time="0">
          <skipped></skipped>
      </testcase>
      <testcase name="[sig-storage] CSI mock volume CSI workload information using mock driver contain ephemeral=true when using inline volume" classname="Kubernetes e2e suite" time="0">
          <skipped></skipped>
      </testcase>
      <testcase name="[sig-storage] CSI Volumes [Driver: pd.csi.storage.gke.io][Serial] [Testpattern: Pre-provisioned PV (block volmode)] multiVolume [Slow] should concurrently access the single volume from pods on the same node" classname="Kubernetes e2e suite" time="0">
          <skipped></skipped>
      </testcase>
      <testcase name="[sig-storage] In-tree Volumes [Driver: local][LocalVolumeType: gce-localssd-scsi-fs] [Serial] [Testpattern: Dynamic PV (ntfs)][Feature:Windows] subPath should unmount if pod is gracefully deleted while kubelet is down [Disruptive][Slow][LinuxOnly]" classname="Kubernetes e2e suite" time="0">
          <skipped></skipped>
      </testcase>
      <testcase name="[sig-autoscaling] Cluster size autoscaling [Slow] Should not scale GPU pool up if pod does not require GPUs [GpuType:] [Feature:ClusterSizeAutoscalingGpu]" classname="Kubernetes e2e suite" time="0">
          <skipped></skipped>
      </testcase>
      <testcase name="[sig-storage] In-tree Volumes [Driver: cinder] [Testpattern: Dynamic PV (default fs)] provisioning should provision storage with pvc data source in parallel [Slow]" classname="Kubernetes e2e suite" time="0">
          <skipped></skipped>
      </testcase>
      <testcase name="[sig-storage] In-tree Volumes [Driver: local][LocalVolumeType: dir-link-bindmounted] [Testpattern: Dynamic PV (block volmode)] volume-stress multiple pods should access different volumes repeatedly [Slow] [Serial]" classname="Kubernetes e2e suite" time="0">
          <skipped></skipped>
      </testcase>
      <testcase name="[sig-storage] In-tree Volumes [Driver: local][LocalVolumeType: tmpfs] [Testpattern: Dynamic PV (default fs)] subPath should support readOnly file specified in the volumeMount [LinuxOnly]" classname="Kubernetes e2e suite" time="0">
          <skipped></skipped>
      </testcase>
      <testcase name="[sig-storage] In-tree Volumes [Driver: hostPathSymlink] [Testpattern: Pre-provisioned PV (filesystem volmode)] multiVolume [Slow] should access to two volumes with different volume mode and retain data across pod recreation on the same node" classname="Kubernetes e2e suite" time="0">
          <skipped></skipped>
      </testcase>
      <testcase name="[sig-storage] In-tree Volumes [Driver: local][LocalVolumeType: gce-localssd-scsi-fs] [Serial] [Testpattern: Dynamic PV (default fs)] subPath should support readOnly file specified in the volumeMount [LinuxOnly]" classname="Kubernetes e2e suite" time="0">
          <skipped></skipped>
      </testcase>
      <testcase name="[sig-network] Services should have session affinity work for NodePort service [LinuxOnly] [Conformance]" classname="Kubernetes e2e suite" time="11.67354805">
          <failure type="Failure">/workspace/src/k8s.io/kubernetes/_output/dockerized/go/src/k8s.io/kubernetes/test/e2e/framework/framework.go:630&#xA;Aug 27 11:00:32.121: Unexpected error:&#xA;    &lt;*errors.errorString | 0xc0013ca160&gt;: {&#xA;        s: &#34;out-of-range nodePort (12720) for service&#34;,&#xA;    }&#xA;    out-of-range nodePort (12720) for service&#xA;occurred&#xA;/workspace/src/k8s.io/kubernetes/_output/dockerized/go/src/k8s.io/kubernetes/test/e2e/network/service.go:2922</failure>
          <system-out>[BeforeEach] [sig-network] Services&#xA;  /workspace/src/k8s.io/kubernetes/_output/dockerized/go/src/k8s.io/kubernetes/test/e2e/framework/framework.go:185&#xA;STEP: Creating a kubernetes client&#xA;Aug 27 11:00:23.943: INFO: &gt;&gt;&gt; kubeConfig: /tmp/kubeconfig-655963504&#xA;STEP: Building a namespace api object, basename services&#xA;STEP: Waiting for a default service account to be provisioned in namespace&#xA;[BeforeEach] [sig-network] Services&#xA;  /workspace/src/k8s.io/kubernetes/_output/dockerized/go/src/k8s.io/kubernetes/test/e2e/network/service.go:749&#xA;[It] should have session affinity work for NodePort service [LinuxOnly] [Conformance]&#xA;  /workspace/src/k8s.io/kubernetes/_output/dockerized/go/src/k8s.io/kubernetes/test/e2e/framework/framework.go:630&#xA;STEP: creating service in namespace services-1135&#xA;STEP: creating service affinity-nodeport in namespace services-1135&#xA;STEP: creating replication controller affinity-nodeport in namespace services-1135&#xA;Aug 27 11:00:30.095: INFO: Creating new exec pod&#xA;Aug 27 11:00:32.121: FAIL: Unexpected error:&#xA;    &lt;*errors.errorString | 0xc0013ca160&gt;: {&#xA;        s: &#34;out-of-range nodePort (12720) for service&#34;,&#xA;    }&#xA;    out-of-range nodePort (12720) for service&#xA;occurred&#xA;&#xA;Full Stack Trace&#xA;k8s.io/kubernetes/test/e2e/network.execAffinityTestForNonLBServiceWithOptionalTransition(0xc000e134a0, 0x79ab408, 0xc0025ac2c0, 0xc0007d8c80, 0x0)&#xA;&#x9;/workspace/src/k8s.io/kubernetes/_output/dockerized/go/src/k8s.io/kubernetes/test/e2e/network/service.go:2922 +0x625&#xA;k8s.io/kubernetes/test/e2e/network.execAffinityTestForNonLBService(...)&#xA;&#x9;/workspace/src/k8s.io/kubernetes/_output/dockerized/go/src/k8s.io/kubernetes/test/e2e/network/service.go:2877&#xA;k8s.io/kubernetes/test/e2e/network.glob..func24.25()&#xA;&#x9;/workspace/src/k8s.io/kubernetes/_output/dockerized/go/src/k8s.io/kubernetes/test/e2e/network/service.go:1850 +0xa5&#xA;k8s.io/kubernetes/test/e2e.RunE2ETests(0xc000af8600)&#xA;&#x9;_output/dockerized/go/src/k8s.io/kubernetes/test/e2e/e2e.go:130 +0x36c&#xA;k8s.io/kubernetes/test/e2e.TestE2E(0xc000af8600)&#xA;&#x9;_output/dockerized/go/src/k8s.io/kubernetes/test/e2e/e2e_test.go:136 +0x2b&#xA;testing.tRunner(0xc000af8600, 0x72d42e8)&#xA;&#x9;/usr/local/go/src/testing/testing.go:1193 +0xef&#xA;created by testing.(*T).Run&#xA;&#x9;/usr/local/go/src/testing/testing.go:1238 +0x2b3&#xA;Aug 27 11:00:32.121: INFO: Cleaning up the exec pod&#xA;STEP: deleting ReplicationController affinity-nodeport in namespace services-1135, will wait for the garbage collector to delete the pods&#xA;Aug 27 11:00:32.198: INFO: Deleting ReplicationController affinity-nodeport took: 7.853077ms&#xA;Aug 27 11:00:32.300: INFO: Terminating ReplicationController affinity-nodeport pods took: 101.448862ms&#xA;[AfterEach] [sig-network] Services&#xA;  /workspace/src/k8s.io/kubernetes/_output/dockerized/go/src/k8s.io/kubernetes/test/e2e/framework/framework.go:186&#xA;STEP: Collecting events from namespace &#34;services-1135&#34;.&#xA;STEP: Found 23 events.&#xA;Aug 27 11:00:35.534: INFO: At 2021-08-27 11:00:24 +0000 UTC - event for affinity-nodeport: {replication-controller } SuccessfulCreate: Created pod: affinity-nodeport-pvt27&#xA;Aug 27 11:00:35.534: INFO: At 2021-08-27 11:00:24 +0000 UTC - event for affinity-nodeport: {replication-controller } SuccessfulCreate: Created pod: affinity-nodeport-gw6qp&#xA;Aug 27 11:00:35.534: INFO: At 2021-08-27 11:00:24 +0000 UTC - event for affinity-nodeport: {replication-controller } SuccessfulCreate: Created pod: affinity-nodeport-zmvsz&#xA;Aug 27 11:00:35.534: INFO: At 2021-08-27 11:00:24 +0000 UTC - event for affinity-nodeport-gw6qp: {default-scheduler } Scheduled: Successfully assigned services-1135/affinity-nodeport-gw6qp to instance-1&#xA;Aug 27 11:00:35.534: INFO: At 2021-08-27 11:00:24 +0000 UTC - event for affinity-nodeport-pvt27: {default-scheduler } Scheduled: Successfully assigned services-1135/affinity-nodeport-pvt27 to instance-1&#xA;Aug 27 11:00:35.534: INFO: At 2021-08-27 11:00:24 +0000 UTC - event for affinity-nodeport-zmvsz: {default-scheduler } Scheduled: Successfully assigned services-1135/affinity-nodeport-zmvsz to instance-1&#xA;Aug 27 11:00:35.534: INFO: At 2021-08-27 11:00:25 +0000 UTC - event for affinity-nodeport-gw6qp: {kubelet instance-1} Pulled: Container image &#34;k8s.gcr.io/e2e-test-images/agnhost:2.32&#34; already present on machine&#xA;Aug 27 11:00:35.534: INFO: At 2021-08-27 11:00:25 +0000 UTC - event for affinity-nodeport-pvt27: {kubelet instance-1} Pulled: Container image &#34;k8s.gcr.io/e2e-test-images/agnhost:2.32&#34; already present on machine&#xA;Aug 27 11:00:35.534: INFO: At 2021-08-27 11:00:25 +0000 UTC - event for affinity-nodeport-pvt27: {kubelet instance-1} Created: Created container affinity-nodeport&#xA;Aug 27 11:00:35.534: INFO: At 2021-08-27 11:00:25 +0000 UTC - event for affinity-nodeport-zmvsz: {kubelet instance-1} Started: Started container affinity-nodeport&#xA;Aug 27 11:00:35.534: INFO: At 2021-08-27 11:00:25 +0000 UTC - event for affinity-nodeport-zmvsz: {kubelet instance-1} Created: Created container affinity-nodeport&#xA;Aug 27 11:00:35.534: INFO: At 2021-08-27 11:00:25 +0000 UTC - event for affinity-nodeport-zmvsz: {kubelet instance-1} Pulled: Container image &#34;k8s.gcr.io/e2e-test-images/agnhost:2.32&#34; already present on machine&#xA;Aug 27 11:00:35.534: INFO: At 2021-08-27 11:00:26 +0000 UTC - event for affinity-nodeport-gw6qp: {kubelet instance-1} Started: Started container affinity-nodeport&#xA;Aug 27 11:00:35.534: INFO: At 2021-08-27 11:00:26 +0000 UTC - event for affinity-nodeport-gw6qp: {kubelet instance-1} Created: Created container affinity-nodeport&#xA;Aug 27 11:00:35.534: INFO: At 2021-08-27 11:00:26 +0000 UTC - event for affinity-nodeport-pvt27: {kubelet instance-1} Started: Started container affinity-nodeport&#xA;Aug 27 11:00:35.534: INFO: At 2021-08-27 11:00:30 +0000 UTC - event for execpod-affinityknpnk: {default-scheduler } Scheduled: Successfully assigned services-1135/execpod-affinityknpnk to instance-1&#xA;Aug 27 11:00:35.534: INFO: At 2021-08-27 11:00:31 +0000 UTC - event for execpod-affinityknpnk: {kubelet instance-1} Created: Created container agnhost-container&#xA;Aug 27 11:00:35.534: INFO: At 2021-08-27 11:00:31 +0000 UTC - event for execpod-affinityknpnk: {kubelet instance-1} Started: Started container agnhost-container&#xA;Aug 27 11:00:35.534: INFO: At 2021-08-27 11:00:31 +0000 UTC - event for execpod-affinityknpnk: {kubelet instance-1} Pulled: Container image &#34;k8s.gcr.io/e2e-test-images/agnhost:2.32&#34; already present on machine&#xA;Aug 27 11:00:35.534: INFO: At 2021-08-27 11:00:32 +0000 UTC - event for affinity-nodeport-gw6qp: {kubelet instance-1} Killing: Stopping container affinity-nodeport&#xA;Aug 27 11:00:35.534: INFO: At 2021-08-27 11:00:32 +0000 UTC - event for affinity-nodeport-pvt27: {kubelet instance-1} Killing: Stopping container affinity-nodeport&#xA;Aug 27 11:00:35.534: INFO: At 2021-08-27 11:00:32 +0000 UTC - event for affinity-nodeport-zmvsz: {kubelet instance-1} Killing: Stopping container affinity-nodeport&#xA;Aug 27 11:00:35.534: INFO: At 2021-08-27 11:00:34 +0000 UTC - event for execpod-affinityknpnk: {kubelet instance-1} Killing: Stopping container agnhost-container&#xA;Aug 27 11:00:35.537: INFO: POD  NODE  PHASE  GRACE  CONDITIONS&#xA;Aug 27 11:00:35.537: INFO: &#xA;Aug 27 11:00:35.540: INFO: &#xA;Logging node info for node instance-1&#xA;Aug 27 11:00:35.543: INFO: Node Info: &amp;Node{ObjectMeta:{instance-1    66706824-827f-43ec-951f-55d099198c49 15314 0 2021-08-27 09:44:27 +0000 UTC &lt;nil&gt; &lt;nil&gt; map[beta.kubernetes.io/arch:amd64 beta.kubernetes.io/os:linux kubernetes.io/arch:amd64 kubernetes.io/hostname:instance-1 kubernetes.io/os:linux node-role.kubernetes.io/control-plane: node-role.kubernetes.io/master: node.kubernetes.io/control-plane: node.kubernetes.io/master:] map[node.alpha.kubernetes.io/ttl:0 projectcalico.org/IPv4Address:10.140.0.2/32 projectcalico.org/IPv4IPIPTunnelAddr:172.208.23.128 volumes.kubernetes.io/controller-managed-attach-detach:true] [] []  [{kubelet Update v1 2021-08-27 09:44:27 +0000 UTC FieldsV1 {&#34;f:metadata&#34;:{&#34;f:annotations&#34;:{&#34;.&#34;:{},&#34;f:volumes.kubernetes.io/controller-managed-attach-detach&#34;:{}},&#34;f:labels&#34;:{&#34;.&#34;:{},&#34;f:beta.kubernetes.io/arch&#34;:{},&#34;f:beta.kubernetes.io/os&#34;:{},&#34;f:kubernetes.io/arch&#34;:{},&#34;f:kubernetes.io/hostname&#34;:{},&#34;f:kubernetes.io/os&#34;:{},&#34;f:node.kubernetes.io/control-plane&#34;:{},&#34;f:node.kubernetes.io/master&#34;:{}}}} } {kube-controller-manager Update v1 2021-08-27 09:44:36 +0000 UTC FieldsV1 {&#34;f:metadata&#34;:{&#34;f:annotations&#34;:{&#34;f:node.alpha.kubernetes.io/ttl&#34;:{}}}} } {calico-node Update v1 2021-08-27 09:44:41 +0000 UTC FieldsV1 {&#34;f:metadata&#34;:{&#34;f:annotations&#34;:{&#34;f:projectcalico.org/IPv4Address&#34;:{},&#34;f:projectcalico.org/IPv4IPIPTunnelAddr&#34;:{}}},&#34;f:status&#34;:{&#34;f:conditions&#34;:{&#34;k:{\&#34;type\&#34;:\&#34;NetworkUnavailable\&#34;}&#34;:{&#34;.&#34;:{},&#34;f:lastHeartbeatTime&#34;:{},&#34;f:lastTransitionTime&#34;:{},&#34;f:message&#34;:{},&#34;f:reason&#34;:{},&#34;f:status&#34;:{},&#34;f:type&#34;:{}}}}} status} {kubectl-label Update v1 2021-08-27 09:44:44 +0000 UTC FieldsV1 {&#34;f:metadata&#34;:{&#34;f:labels&#34;:{&#34;f:node-role.kubernetes.io/control-plane&#34;:{},&#34;f:node-role.kubernetes.io/master&#34;:{}}}} } {kubelet Update v1 2021-08-27 10:39:53 +0000 UTC FieldsV1 {&#34;f:status&#34;:{&#34;f:conditions&#34;:{&#34;k:{\&#34;type\&#34;:\&#34;DiskPressure\&#34;}&#34;:{&#34;f:lastHeartbeatTime&#34;:{}},&#34;k:{\&#34;type\&#34;:\&#34;MemoryPressure\&#34;}&#34;:{&#34;f:lastHeartbeatTime&#34;:{}},&#34;k:{\&#34;type\&#34;:\&#34;PIDPressure\&#34;}&#34;:{&#34;f:lastHeartbeatTime&#34;:{}},&#34;k:{\&#34;type\&#34;:\&#34;Ready\&#34;}&#34;:{&#34;f:lastHeartbeatTime&#34;:{},&#34;f:lastTransitionTime&#34;:{},&#34;f:message&#34;:{},&#34;f:reason&#34;:{},&#34;f:status&#34;:{}}},&#34;f:images&#34;:{}}} status}]},Spec:NodeSpec{PodCIDR:,DoNotUseExternalID:,ProviderID:,Unschedulable:false,Taints:[]Taint{},ConfigSource:nil,PodCIDRs:[],},Status:NodeStatus{Capacity:ResourceList{cpu: {{4 0} {&lt;nil&gt;} 4 DecimalSI},ephemeral-storage: {{51848359936 0} {&lt;nil&gt;} 50633164Ki BinarySI},hugepages-1Gi: {{0 0} {&lt;nil&gt;} 0 DecimalSI},hugepages-2Mi: {{0 0} {&lt;nil&gt;} 0 DecimalSI},memory: {{16778743808 0} {&lt;nil&gt;} 16385492Ki BinarySI},pods: {{110 0} {&lt;nil&gt;} 110 DecimalSI},},Allocatable:ResourceList{cpu: {{4 0} {&lt;nil&gt;} 4 DecimalSI},ephemeral-storage: {{49255941901 0} {&lt;nil&gt;} 49255941901 DecimalSI},hugepages-1Gi: {{0 0} {&lt;nil&gt;} 0 DecimalSI},hugepages-2Mi: {{0 0} {&lt;nil&gt;} 0 DecimalSI},memory: {{15600144384 0} {&lt;nil&gt;} 15234516Ki BinarySI},pods: {{110 0} {&lt;nil&gt;} 110 DecimalSI},},Phase:,Conditions:[]NodeCondition{NodeCondition{Type:NetworkUnavailable,Status:False,LastHeartbeatTime:2021-08-27 09:44:41 +0000 UTC,LastTransitionTime:2021-08-27 09:44:41 +0000 UTC,Reason:CalicoIsUp,Message:Calico is running on this node,},NodeCondition{Type:MemoryPressure,Status:False,LastHeartbeatTime:2021-08-27 11:00:00 +0000 UTC,LastTransitionTime:2021-08-27 09:44:26 +0000 UTC,Reason:KubeletHasSufficientMemory,Message:kubelet has sufficient memory available,},NodeCondition{Type:DiskPressure,Status:False,LastHeartbeatTime:2021-08-27 11:00:00 +0000 UTC,LastTransitionTime:2021-08-27 09:44:26 +0000 UTC,Reason:KubeletHasNoDiskPressure,Message:kubelet has no disk pressure,},NodeCondition{Type:PIDPressure,Status:False,LastHeartbeatTime:2021-08-27 11:00:00 +0000 UTC,LastTransitionTime:2021-08-27 09:44:26 +0000 UTC,Reason:KubeletHasSufficientPID,Message:kubelet has sufficient PID available,},NodeCondition{Type:Ready,Status:True,LastHeartbeatTime:2021-08-27 11:00:00 +0000 UTC,LastTransitionTime:2021-08-27 09:44:47 +0000 UTC,Reason:KubeletReady,Message:kubelet is posting ready status. AppArmor enabled,},},Addresses:[]NodeAddress{NodeAddress{Type:InternalIP,Address:10.140.0.2,},NodeAddress{Type:Hostname,Address:instance-1,},},DaemonEndpoints:NodeDaemonEndpoints{KubeletEndpoint:DaemonEndpoint{Port:10250,},},NodeInfo:NodeSystemInfo{MachineID:9115f560b455f8c5d2b83bdfb715f3b3,SystemUUID:9115f560-b455-f8c5-d2b8-3bdfb715f3b3,BootID:3bd04ce9-2b88-452c-af59-4599689b83f3,KernelVersion:5.11.0-1017-gcp,OSImage:Ubuntu 21.04,ContainerRuntimeVersion:docker://20.10.8,KubeletVersion:v1.22.1,KubeProxyVersion:v1.22.1,OperatingSystem:linux,Architecture:amd64,},Images:[]ContainerImage{ContainerImage{Names:[slzcc/kubernetes@sha256:d938e2364017b78329200a38b8317db806fe305cf5e26c975a0298e23324fb77 slzcc/kubernetes:v1.22.1.0],SizeBytes:2296544903,},ContainerImage{Names:[quay.io/cilium/cilium:v1.10.1],SizeBytes:409321746,},ContainerImage{Names:[sonobuoy/systemd-logs@sha256:fadad24a66ddd544987c38811108a73d1a306dd3b5e3f090b207786f2825ffde sonobuoy/systemd-logs:v0.3],SizeBytes:297365055,},ContainerImage{Names:[k8s.gcr.io/etcd@sha256:9ce33ba33d8e738a5b85ed50b5080ac746deceed4a7496c550927a7a19ca3b6d k8s.gcr.io/etcd:3.5.0-0],SizeBytes:294536887,},ContainerImage{Names:[k8s.gcr.io/e2e-test-images/jessie-dnsutils@sha256:702a992280fb7c3303e84a5801acbb4c9c7fcf48cffe0e9c8be3f0c60f74cf89 k8s.gcr.io/e2e-test-images/jessie-dnsutils:1.4],SizeBytes:253371792,},ContainerImage{Names:[k8s.gcr.io/etcd:3.4.9],SizeBytes:253347452,},ContainerImage{Names:[k8s.gcr.io/conformance@sha256:e22b40e1e6db0b3fcb9fd565100de0af2c525217769378a20ac4cef47f1502ce k8s.gcr.io/conformance:v1.22.1],SizeBytes:247962555,},ContainerImage{Names:[calico/node:v3.20.0],SizeBytes:169862919,},ContainerImage{Names:[calico/cni:v3.20.0],SizeBytes:146006429,},ContainerImage{Names:[k8s.gcr.io/kube-apiserver:v1.22.1],SizeBytes:128446877,},ContainerImage{Names:[k8s.gcr.io/e2e-test-images/httpd@sha256:716d2f68314c5c4ddd5ecdb45183fcb4ed8019015982c1321571f863989b70b0 k8s.gcr.io/e2e-test-images/httpd:2.4.39-1],SizeBytes:126894770,},ContainerImage{Names:[k8s.gcr.io/e2e-test-images/agnhost@sha256:758db666ac7028534dba72e7e9bb1e57bb81b8196f976f7a5cc351ef8b3529e1 k8s.gcr.io/e2e-test-images/agnhost:2.32],SizeBytes:125930239,},ContainerImage{Names:[k8s.gcr.io/e2e-test-images/httpd@sha256:b913fa234cc3473cfe16e937d106b455a7609f927f59031c81aca791e2689b50 k8s.gcr.io/e2e-test-images/httpd:2.4.38-1],SizeBytes:123781643,},ContainerImage{Names:[k8s.gcr.io/kube-controller-manager:v1.22.1],SizeBytes:121979567,},ContainerImage{Names:[k8s.gcr.io/e2e-test-images/nautilus@sha256:1f36a24cfb5e0c3f725d7565a867c2384282fcbeccc77b07b423c9da95763a9a k8s.gcr.io/e2e-test-images/nautilus:1.4],SizeBytes:121748345,},ContainerImage{Names:[k8s.gcr.io/kube-proxy:v1.22.1],SizeBytes:103645121,},ContainerImage{Names:[haproxy:2.4.2],SizeBytes:95448973,},ContainerImage{Names:[calico/kube-controllers:v3.20.0],SizeBytes:63156065,},ContainerImage{Names:[quay.io/cilium/operator-generic:v1.10.1],SizeBytes:56290965,},ContainerImage{Names:[k8s.gcr.io/kube-scheduler:v1.22.1],SizeBytes:52658888,},ContainerImage{Names:[coredns/coredns@sha256:6e5a02c21641597998b4be7cb5eb1e7b02c0d8d23cce4dd09f4682d463798890 k8s.gcr.io/coredns/coredns@sha256:6e5a02c21641597998b4be7cb5eb1e7b02c0d8d23cce4dd09f4682d463798890 coredns/coredns:1.8.4 k8s.gcr.io/coredns/coredns:v1.8.4],SizeBytes:47554275,},ContainerImage{Names:[coredns/coredns:1.8.3],SizeBytes:43499235,},ContainerImage{Names:[sonobuoy/sonobuoy@sha256:d393e2c862fffd0823409594f3ab8bc2524b359d9e6313ae3f9edb5d3dfa56e1 sonobuoy/sonobuoy:v0.53.2],SizeBytes:37400989,},ContainerImage{Names:[calico/pod2daemon-flexvol@sha256:c17e3e9871682bed00bfd33f8d6f00db1d1a126034a25bf5380355978e0c548d calico/pod2daemon-flexvol:v3.20.0],SizeBytes:21666928,},ContainerImage{Names:[k8s.gcr.io/e2e-test-images/nginx@sha256:503b7abb89e57383eba61cc8a9cb0b495ea575c516108f7d972a6ff6e1ab3c9b k8s.gcr.io/e2e-test-images/nginx:1.14-1],SizeBytes:16032814,},ContainerImage{Names:[slzcc/keepalived:1.2.24.1],SizeBytes:15933789,},ContainerImage{Names:[quay.io/cilium/startup-script:62bfbe88c17778aad7bef9fa57ff9e2d4a9ba0d8],SizeBytes:11739254,},ContainerImage{Names:[k8s.gcr.io/e2e-test-images/nonewprivs@sha256:8ac1264691820febacf3aea5d152cbde6d10685731ec14966a9401c6f47a68ac k8s.gcr.io/e2e-test-images/nonewprivs:1.3],SizeBytes:7107254,},ContainerImage{Names:[k8s.gcr.io/e2e-test-images/busybox@sha256:39e1e963e5310e9c313bad51523be012ede7b35bb9316517d19089a010356592 k8s.gcr.io/e2e-test-images/busybox:1.29-1],SizeBytes:1154361,},ContainerImage{Names:[k8s.gcr.io/pause@sha256:1ff6c18fbef2045af6b9c16bf034cc421a29027b800e4f9b68ae9b1cb3e9ae07 k8s.gcr.io/pause:3.5],SizeBytes:682696,},ContainerImage{Names:[k8s.gcr.io/pause:3.2],SizeBytes:682696,},},VolumesInUse:[],VolumesAttached:[]AttachedVolume{},Config:nil,},}&#xA;Aug 27 11:00:35.544: INFO: &#xA;Logging kubelet events for node instance-1&#xA;Aug 27 11:00:35.548: INFO: &#xA;Logging pods the kubelet thinks is on node instance-1&#xA;Aug 27 11:00:35.556: INFO: kube-controller-manager-instance-1 started at 2021-08-27 09:44:20 +0000 UTC (0+1 container statuses recorded)&#xA;Aug 27 11:00:35.556: INFO: &#x9;Container kube-controller-manager ready: true, restart count 1&#xA;Aug 27 11:00:35.556: INFO: calico-node-jtcrr started at 2021-08-27 09:44:35 +0000 UTC (3+1 container statuses recorded)&#xA;Aug 27 11:00:35.556: INFO: &#x9;Init container upgrade-ipam ready: true, restart count 0&#xA;Aug 27 11:00:35.556: INFO: &#x9;Init container install-cni ready: true, restart count 0&#xA;Aug 27 11:00:35.556: INFO: &#x9;Init container flexvol-driver ready: true, restart count 0&#xA;Aug 27 11:00:35.556: INFO: &#x9;Container calico-node ready: true, restart count 0&#xA;Aug 27 11:00:35.556: INFO: coredns-5449fcdd7-hxflz started at 2021-08-27 10:36:29 +0000 UTC (0+1 container statuses recorded)&#xA;Aug 27 11:00:35.556: INFO: &#x9;Container coredns ready: true, restart count 0&#xA;Aug 27 11:00:35.556: INFO: kube-apiserver-instance-1 started at 2021-08-27 09:44:20 +0000 UTC (0+1 container statuses recorded)&#xA;Aug 27 11:00:35.556: INFO: &#x9;Container kube-apiserver ready: true, restart count 1&#xA;Aug 27 11:00:35.556: INFO: sonobuoy started at 2021-08-27 09:45:47 +0000 UTC (0+1 container statuses recorded)&#xA;Aug 27 11:00:35.556: INFO: &#x9;Container kube-sonobuoy ready: true, restart count 0&#xA;Aug 27 11:00:35.556: INFO: sonobuoy-systemd-logs-daemon-set-0a76f2e7c4ae491c-6jjs8 started at 2021-08-27 09:45:48 +0000 UTC (0+2 container statuses recorded)&#xA;Aug 27 11:00:35.556: INFO: &#x9;Container sonobuoy-worker ready: true, restart count 0&#xA;Aug 27 11:00:35.556: INFO: &#x9;Container systemd-logs ready: true, restart count 0&#xA;Aug 27 11:00:35.556: INFO: kube-proxy-45vxz started at 2021-08-27 09:44:35 +0000 UTC (0+1 container statuses recorded)&#xA;Aug 27 11:00:35.556: INFO: &#x9;Container kube-proxy ready: true, restart count 0&#xA;Aug 27 11:00:35.556: INFO: calico-kube-controllers-866f579489-x4bbh started at 2021-08-27 10:36:29 +0000 UTC (0+1 container statuses recorded)&#xA;Aug 27 11:00:35.556: INFO: &#x9;Container calico-kube-controllers ready: true, restart count 0&#xA;Aug 27 11:00:35.556: INFO: coredns-5449fcdd7-9wk7q started at 2021-08-27 10:36:29 +0000 UTC (0+1 container statuses recorded)&#xA;Aug 27 11:00:35.556: INFO: &#x9;Container coredns ready: true, restart count 0&#xA;Aug 27 11:00:35.556: INFO: etcd-instance-1 started at 2021-08-27 09:44:20 +0000 UTC (0+1 container statuses recorded)&#xA;Aug 27 11:00:35.556: INFO: &#x9;Container etcd ready: true, restart count 7&#xA;Aug 27 11:00:35.556: INFO: haproxy-instance-1 started at 2021-08-27 09:44:20 +0000 UTC (0+1 container statuses recorded)&#xA;Aug 27 11:00:35.556: INFO: &#x9;Container haproxy ready: true, restart count 7&#xA;Aug 27 11:00:35.557: INFO: kube-scheduler-instance-1 started at 2021-08-27 09:44:20 +0000 UTC (0+1 container statuses recorded)&#xA;Aug 27 11:00:35.557: INFO: &#x9;Container kube-scheduler ready: true, restart count 1&#xA;Aug 27 11:00:35.557: INFO: sonobuoy-e2e-job-8f4800e0b3a54e3c started at 2021-08-27 09:45:48 +0000 UTC (0+2 container statuses recorded)&#xA;Aug 27 11:00:35.557: INFO: &#x9;Container e2e ready: true, restart count 0&#xA;Aug 27 11:00:35.557: INFO: &#x9;Container sonobuoy-worker ready: true, restart count 0&#xA;Aug 27 11:00:35.606: INFO: &#xA;Latency metrics for node instance-1&#xA;Aug 27 11:00:35.606: INFO: Waiting up to 3m0s for all (but 0) nodes to be ready&#xA;STEP: Destroying namespace &#34;services-1135&#34; for this suite.&#xA;[AfterEach] [sig-network] Services&#xA;  /workspace/src/k8s.io/kubernetes/_output/dockerized/go/src/k8s.io/kubernetes/test/e2e/network/service.go:753&#xA;</system-out>
      </testcase>
      <testcase name="[sig-storage] In-tree Volumes [Driver: local][LocalVolumeType: gce-localssd-scsi-fs] [Serial] [Testpattern: Pre-provisioned PV (default fs)] subPath should verify container cannot write to subpath readonly volumes [Slow]" classname="Kubernetes e2e suite" time="0">
          <skipped></skipped>
      </testcase>
      <testcase name="[sig-apps] ReplicaSet should list and delete a collection of ReplicaSets [Conformance]" classname="Kubernetes e2e suite" time="5.148609309"></testcase>
      <testcase name="[sig-storage] In-tree Volumes [Driver: nfs] [Testpattern: Dynamic PV (xfs)][Slow] volumes should allow exec of files on the volume" classname="Kubernetes e2e suite" time="0">
          <skipped></skipped>
      </testcase>
      <testcase name="[sig-instrumentation] Stackdriver Monitoring should have cluster metrics [Feature:StackdriverMonitoring]" classname="Kubernetes e2e suite" time="0">
          <skipped></skipped>
      </testcase>
      <testcase name="[sig-storage] In-tree Volumes [Driver: rbd][Feature:Volumes][Serial] [Testpattern: Pre-provisioned PV (default fs)] volumeIO should write files of various sizes, verify size, validate content [Slow][LinuxOnly]" classname="Kubernetes e2e suite" time="0">
          <skipped></skipped>
      </testcase>
      <testcase name="[sig-storage] In-tree Volumes [Driver: nfs] [Testpattern: Dynamic PV (default fs)] fsgroupchangepolicy (Always)[LinuxOnly], pod created with an initial fsgroup, volume contents ownership changed in first pod, new pod with different fsgroup applied to the volume contents" classname="Kubernetes e2e suite" time="0">
          <skipped></skipped>
      </testcase>
      <testcase name="[sig-storage] In-tree Volumes [Driver: local][LocalVolumeType: dir-link-bindmounted] [Testpattern: Dynamic PV (block volmode)] volume-expand should not allow expansion of pvcs without AllowVolumeExpansion property" classname="Kubernetes e2e suite" time="0">
          <skipped></skipped>
      </testcase>
      <testcase name="[sig-storage] In-tree Volumes [Driver: rbd][Feature:Volumes][Serial] [Testpattern: Pre-provisioned PV (default fs)] subPath should support existing directories when readOnly specified in the volumeSource" classname="Kubernetes e2e suite" time="0">
          <skipped></skipped>
      </testcase>
      <testcase name="[sig-apps] ReplicationController should serve a basic image on each replica with a private image" classname="Kubernetes e2e suite" time="0">
          <skipped></skipped>
      </testcase>
      <testcase name="[sig-storage] In-tree Volumes [Driver: azure-disk] [Testpattern: Dynamic PV (delayed binding)] topology should provision a volume and schedule a pod with AllowedTopologies" classname="Kubernetes e2e suite" time="0">
          <skipped></skipped>
      </testcase>
      <testcase name="[sig-storage] In-tree Volumes [Driver: local][LocalVolumeType: dir] [Testpattern: Inline-volume (default fs)] subPath should support readOnly file specified in the volumeMount [LinuxOnly]" classname="Kubernetes e2e suite" time="0">
          <skipped></skipped>
      </testcase>
      <testcase name="[sig-storage] In-tree Volumes [Driver: hostPathSymlink] [Testpattern: Dynamic PV (default fs)] subPath should support non-existent path" classname="Kubernetes e2e suite" time="0">
          <skipped></skipped>
      </testcase>
      <testcase name="[sig-storage] In-tree Volumes [Driver: hostPath] [Testpattern: Pre-provisioned PV (block volmode)] disruptive[Disruptive][LinuxOnly] Should test that pv written before kubelet restart is readable after restart." classname="Kubernetes e2e suite" time="0">
          <skipped></skipped>
      </testcase>
      <testcase name="[sig-storage] In-tree Volumes [Driver: aws] [Testpattern: Inline-volume (default fs)] subPath should support existing single file [LinuxOnly]" classname="Kubernetes e2e suite" time="0">
          <skipped></skipped>
      </testcase>
      <testcase name="[sig-storage] In-tree Volumes [Driver: vsphere] [Testpattern: Inline-volume (default fs)] subPath should unmount if pod is gracefully deleted while kubelet is down [Disruptive][Slow][LinuxOnly]" classname="Kubernetes e2e suite" time="0">
          <skipped></skipped>
      </testcase>
      <testcase name="[sig-storage] CSI mock volume CSIServiceAccountToken token should not be plumbed down when CSIDriver is not deployed" classname="Kubernetes e2e suite" time="0">
          <skipped></skipped>
      </testcase>
      <testcase name="[sig-storage] In-tree Volumes [Driver: nfs] [Testpattern: Pre-provisioned PV (ntfs)][Feature:Windows] volumes should store data" classname="Kubernetes e2e suite" time="0">
          <skipped></skipped>
      </testcase>
      <testcase name="[sig-storage] PV Protection Verify that PV bound to a PVC is not removed immediately" classname="Kubernetes e2e suite" time="0">
          <skipped></skipped>
      </testcase>
      <testcase name="[sig-api-machinery] ResourceQuota should create a ResourceQuota and capture the life of a configMap. [Conformance]" classname="Kubernetes e2e suite" time="28.224257557"></testcase>
      <testcase name="[sig-storage] In-tree Volumes [Driver: rbd][Feature:Volumes][Serial] [Testpattern: Dynamic PV (ntfs)][Feature:Windows] subPath should unmount if pod is force deleted while kubelet is down [Disruptive][Slow][LinuxOnly]" classname="Kubernetes e2e suite" time="0">
          <skipped></skipped>
      </testcase>
      <testcase name="[sig-storage] In-tree Volumes [Driver: local][LocalVolumeType: gce-localssd-scsi-fs] [Serial] [Testpattern: Dynamic PV (ntfs)][Feature:Windows] subPath should unmount if pod is force deleted while kubelet is down [Disruptive][Slow][LinuxOnly]" classname="Kubernetes e2e suite" time="0">
          <skipped></skipped>
      </testcase>
      <testcase name="[sig-network] NetworkPolicyLegacy [LinuxOnly] NetworkPolicy between server and client should enforce policy to allow traffic only from a pod in a different namespace based on PodSelector and NamespaceSelector [Feature:NetworkPolicy]" classname="Kubernetes e2e suite" time="0">
          <skipped></skipped>
      </testcase>
      <testcase name="[sig-storage] In-tree Volumes [Driver: local][LocalVolumeType: gce-localssd-scsi-fs] [Serial] [Testpattern: Pre-provisioned PV (xfs)][Slow] volumes should store data" classname="Kubernetes e2e suite" time="0">
          <skipped></skipped>
      </testcase>
      <testcase name="[sig-storage] In-tree Volumes [Driver: local][LocalVolumeType: dir-link] [Testpattern: Dynamic PV (immediate binding)] topology should provision a volume and schedule a pod with AllowedTopologies" classname="Kubernetes e2e suite" time="0">
          <skipped></skipped>
      </testcase>
      <testcase name="[sig-network] NetworkPolicyLegacy [LinuxOnly] NetworkPolicy between server and client should enforce policy based on PodSelector or NamespaceSelector [Feature:NetworkPolicy]" classname="Kubernetes e2e suite" time="0">
          <skipped></skipped>
      </testcase>
      <testcase name="[sig-storage] In-tree Volumes [Driver: iscsi][Feature:Volumes] [Testpattern: Dynamic PV (ext4)] multiVolume [Slow] should access to two volumes with different volume mode and retain data across pod recreation on the same node" classname="Kubernetes e2e suite" time="0">
          <skipped></skipped>
      </testcase>
      <testcase name="[sig-network] Netpol NetworkPolicy between server and client should enforce updated policy [Feature:NetworkPolicy]" classname="Kubernetes e2e suite" time="0">
          <skipped></skipped>
      </testcase>
      <testcase name="[sig-storage] In-tree Volumes [Driver: local][LocalVolumeType: dir-link] [Testpattern: Pre-provisioned PV (xfs)][Slow] volumes should store data" classname="Kubernetes e2e suite" time="0">
          <skipped></skipped>
      </testcase>
      <testcase name="[sig-storage] In-tree Volumes [Driver: local][LocalVolumeType: dir] [Testpattern: Inline-volume (default fs)] subPath should unmount if pod is force deleted while kubelet is down [Disruptive][Slow][LinuxOnly]" classname="Kubernetes e2e suite" time="0">
          <skipped></skipped>
      </testcase>
      <testcase name="[sig-storage] In-tree Volumes [Driver: vsphere] [Testpattern: Pre-provisioned PV (filesystem volmode)] multiVolume [Slow] should access to two volumes with the same volume mode and retain data across pod recreation on different node" classname="Kubernetes e2e suite" time="0">
          <skipped></skipped>
      </testcase>
      <testcase name="[sig-storage] In-tree Volumes [Driver: local][LocalVolumeType: tmpfs] [Testpattern: Dynamic PV (block volmode)] multiVolume [Slow] should concurrently access the single volume from pods on different node" classname="Kubernetes e2e suite" time="0">
          <skipped></skipped>
      </testcase>
      <testcase name="[sig-network] Netpol NetworkPolicy between server and client should deny egress from pods based on PodSelector [Feature:NetworkPolicy] " classname="Kubernetes e2e suite" time="0">
          <skipped></skipped>
      </testcase>
      <testcase name="[sig-storage] In-tree Volumes [Driver: ceph][Feature:Volumes][Serial] [Testpattern: Inline-volume (default fs)] subPath should unmount if pod is force deleted while kubelet is down [Disruptive][Slow][LinuxOnly]" classname="Kubernetes e2e suite" time="0">
          <skipped></skipped>
      </testcase>
      <testcase name="[sig-storage] In-tree Volumes [Driver: hostPathSymlink] [Testpattern: Dynamic PV (default fs)] provisioning should provision storage with snapshot data source [Feature:VolumeSnapshotDataSource]" classname="Kubernetes e2e suite" time="0">
          <skipped></skipped>
      </testcase>
      <testcase name="[sig-node] Sysctls [LinuxOnly] [NodeConformance] should support unsafe sysctls which are actually allowed [MinimumKubeletVersion:1.21]" classname="Kubernetes e2e suite" time="0">
          <skipped></skipped>
      </testcase>
      <testcase name="[sig-storage] CSI Volumes [Driver: csi-hostpath] [Testpattern: Dynamic PV (ext3)] volumes should allow exec of files on the volume" classname="Kubernetes e2e suite" time="0">
          <skipped></skipped>
      </testcase>
      <testcase name="[sig-storage] In-tree Volumes [Driver: local][LocalVolumeType: dir] [Testpattern: Dynamic PV (default fs)] volume-expand should not allow expansion of pvcs without AllowVolumeExpansion property" classname="Kubernetes e2e suite" time="0">
          <skipped></skipped>
      </testcase>
      <testcase name="[sig-node] Probing container should be restarted with a /healthz http liveness probe [NodeConformance] [Conformance]" classname="Kubernetes e2e suite" time="22.195127282"></testcase>
      <testcase name="[sig-storage] In-tree Volumes [Driver: emptydir] [Testpattern: Dynamic PV (ntfs)][Feature:Windows] provisioning should provision storage with mount options" classname="Kubernetes e2e suite" time="0">
          <skipped></skipped>
      </testcase>
      <testcase name="[sig-storage] In-tree Volumes [Driver: gluster] [Testpattern: Dynamic PV (ext4)] multiVolume [Slow] should concurrently access the single volume from pods on the same node" classname="Kubernetes e2e suite" time="0">
          <skipped></skipped>
      </testcase>
      <testcase name="[sig-storage] In-tree Volumes [Driver: local][LocalVolumeType: dir-link-bindmounted] [Testpattern: Dynamic PV (block volmode)] disruptive[Disruptive][LinuxOnly] Should test that pv used in a pod that is force deleted while the kubelet is down cleans up when the kubelet returns." classname="Kubernetes e2e suite" time="0">
          <skipped></skipped>
      </testcase>
      <testcase name="[sig-storage] In-tree Volumes [Driver: hostPath] [Testpattern: Dynamic PV (ntfs)][Feature:Windows] volumes should store data" classname="Kubernetes e2e suite" time="0">
          <skipped></skipped>
      </testcase>
      <testcase name="[sig-storage] In-tree Volumes [Driver: emptydir] [Testpattern: Dynamic PV (ext4)] multiVolume [Slow] should concurrently access the single volume from pods on different node" classname="Kubernetes e2e suite" time="0">
          <skipped></skipped>
      </testcase>
      <testcase name="[sig-storage] In-tree Volumes [Driver: local][LocalVolumeType: dir] [Testpattern: Dynamic PV (default fs)] volumes should store data" classname="Kubernetes e2e suite" time="0">
          <skipped></skipped>
      </testcase>
      <testcase name="[sig-storage] In-tree Volumes [Driver: local][LocalVolumeType: block] [Testpattern: Dynamic PV (ntfs)][Feature:Windows] volumes should allow exec of files on the volume" classname="Kubernetes e2e suite" time="0">
          <skipped></skipped>
      </testcase>
      <testcase name="[sig-storage] In-tree Volumes [Driver: emptydir] [Testpattern: Pre-provisioned PV (filesystem volmode)] multiVolume [Slow] should concurrently access the volume and its clone from pods on the same node [LinuxOnly][Feature:VolumeSnapshotDataSource][Feature:VolumeSourceXFS]" classname="Kubernetes e2e suite" time="0">
          <skipped></skipped>
      </testcase>
      <testcase name="[sig-storage] In-tree Volumes [Driver: aws] [Testpattern: Pre-provisioned PV (default fs)] subPath should support restarting containers using directory as subpath [Slow]" classname="Kubernetes e2e suite" time="0">
          <skipped></skipped>
      </testcase>
      <testcase name="[sig-storage] In-tree Volumes [Driver: cinder] [Testpattern: Pre-provisioned PV (default fs)] subPath should support restarting containers using directory as subpath [Slow]" classname="Kubernetes e2e suite" time="0">
          <skipped></skipped>
      </testcase>
      <testcase name="[sig-storage] In-tree Volumes [Driver: hostPath] [Testpattern: Dynamic PV (ntfs)][Feature:Windows] provisioning should provision storage with snapshot data source [Feature:VolumeSnapshotDataSource]" classname="Kubernetes e2e suite" time="0">
          <skipped></skipped>
      </testcase>
      <testcase name="[sig-storage] In-tree Volumes [Driver: emptydir] [Testpattern: Pre-provisioned PV (ntfs)][Feature:Windows] volumes should store data" classname="Kubernetes e2e suite" time="0">
          <skipped></skipped>
      </testcase>
      <testcase name="[sig-storage] In-tree Volumes [Driver: local][LocalVolumeType: gce-localssd-scsi-fs] [Serial] [Testpattern: Dynamic PV (default fs)] subPath should support readOnly directory specified in the volumeMount" classname="Kubernetes e2e suite" time="0">
          <skipped></skipped>
      </testcase>
      <testcase name="[sig-storage] In-tree Volumes [Driver: local][LocalVolumeType: dir-bindmounted] [Testpattern: Dynamic PV (block volmode)] volumes should store data" classname="Kubernetes e2e suite" time="0">
          <skipped></skipped>
      </testcase>
      <testcase name="[sig-storage] CSI Volumes [Driver: csi-hostpath] [Testpattern: Dynamic PV (block volmode)(allowExpansion)] volume-expand should resize volume when PVC is edited while pod is using it" classname="Kubernetes e2e suite" time="0">
          <skipped></skipped>
      </testcase>
      <testcase name="[sig-storage] In-tree Volumes [Driver: nfs] [Testpattern: Pre-provisioned PV (default fs)] subPath should support existing directories when readOnly specified in the volumeSource" classname="Kubernetes e2e suite" time="0">
          <skipped></skipped>
      </testcase>
      <testcase name="[sig-network] NetworkPolicyLegacy [LinuxOnly] NetworkPolicy between server and client should support a &#39;default-deny-ingress&#39; policy [Feature:NetworkPolicy]" classname="Kubernetes e2e suite" time="0">
          <skipped></skipped>
      </testcase>
      <testcase name="[sig-storage] In-tree Volumes [Driver: nfs] [Testpattern: Pre-provisioned PV (filesystem volmode)] volumeMode should not mount / map unused volumes in a pod [LinuxOnly]" classname="Kubernetes e2e suite" time="0">
          <skipped></skipped>
      </testcase>
      <testcase name="[sig-storage] In-tree Volumes [Driver: local][LocalVolumeType: gce-localssd-scsi-fs] [Serial] [Testpattern: Dynamic PV (ext4)] multiVolume [Slow] should concurrently access the single volume from pods on the same node" classname="Kubernetes e2e suite" time="0">
          <skipped></skipped>
      </testcase>
      <testcase name="[sig-storage] In-tree Volumes [Driver: local][LocalVolumeType: dir] [Testpattern: Pre-provisioned PV (block volmode)] multiVolume [Slow] should access to two volumes with the same volume mode and retain data across pod recreation on different node" classname="Kubernetes e2e suite" time="0">
          <skipped></skipped>
      </testcase>
      <testcase name="[sig-storage] In-tree Volumes [Driver: vsphere] [Testpattern: Dynamic PV (block volmode)] disruptive[Disruptive][LinuxOnly] Should test that pv used in a pod that is force deleted while the kubelet is down cleans up when the kubelet returns." classname="Kubernetes e2e suite" time="0">
          <skipped></skipped>
      </testcase>
      <testcase name="[sig-storage] In-tree Volumes [Driver: local][LocalVolumeType: dir-link-bindmounted] [Testpattern: Pre-provisioned PV (block volmode)] multiVolume [Slow] should concurrently access the volume and restored snapshot from pods on the same node [LinuxOnly][Feature:VolumeSnapshotDataSource][Feature:VolumeSourceXFS]" classname="Kubernetes e2e suite" time="0">
          <skipped></skipped>
      </testcase>
      <testcase name="[sig-storage] In-tree Volumes [Driver: hostPath] [Testpattern: Pre-provisioned PV (block volmode)] disruptive[Disruptive][LinuxOnly] Should test that pv used in a pod that is force deleted while the kubelet is down cleans up when the kubelet returns." classname="Kubernetes e2e suite" time="0">
          <skipped></skipped>
      </testcase>
      <testcase name="[sig-storage] In-tree Volumes [Driver: hostPathSymlink] [Testpattern: Dynamic PV (ntfs)][Feature:Windows] subPath should verify container cannot write to subpath readonly volumes [Slow]" classname="Kubernetes e2e suite" time="0">
          <skipped></skipped>
      </testcase>
      <testcase name="[sig-storage] In-tree Volumes [Driver: local][LocalVolumeType: gce-localssd-scsi-fs] [Serial] [Testpattern: Inline-volume (default fs)] subPath should support existing directory" classname="Kubernetes e2e suite" time="0">
          <skipped></skipped>
      </testcase>
      <testcase name="[sig-storage] CSI Volumes [Driver: pd.csi.storage.gke.io][Serial] [Testpattern: Dynamic PV (default fs)] volume-expand should not allow expansion of pvcs without AllowVolumeExpansion property" classname="Kubernetes e2e suite" time="0">
          <skipped></skipped>
      </testcase>
      <testcase name="[sig-storage] In-tree Volumes [Driver: local][LocalVolumeType: dir-bindmounted] [Testpattern: Inline-volume (default fs)] subPath should support restarting containers using directory as subpath [Slow]" classname="Kubernetes e2e suite" time="0">
          <skipped></skipped>
      </testcase>
      <testcase name="[sig-storage] In-tree Volumes [Driver: local][LocalVolumeType: dir-bindmounted] [Testpattern: Dynamic PV (filesystem volmode)] volumeMode should not mount / map unused volumes in a pod [LinuxOnly]" classname="Kubernetes e2e suite" time="0">
          <skipped></skipped>
      </testcase>
      <testcase name="[sig-storage] In-tree Volumes [Driver: local][LocalVolumeType: blockfs] [Testpattern: Pre-provisioned PV (default fs)] subPath should fail if subpath with backstepping is outside the volume [Slow][LinuxOnly]" classname="Kubernetes e2e suite" time="0">
          <skipped></skipped>
      </testcase>
      <testcase name="[sig-storage] In-tree Volumes [Driver: local][LocalVolumeType: blockfs] [Testpattern: Pre-provisioned PV (block volmode)] multiVolume [Slow] should concurrently access the single volume from pods on the same node" classname="Kubernetes e2e suite" time="0">
          <skipped></skipped>
      </testcase>
      <testcase name="[sig-storage] In-tree Volumes [Driver: local][LocalVolumeType: dir] [Testpattern: Dynamic PV (default fs)] provisioning should provision storage with mount options" classname="Kubernetes e2e suite" time="0">
          <skipped></skipped>
      </testcase>
      <testcase name="[sig-storage] In-tree Volumes [Driver: cinder] [Testpattern: Dynamic PV (delayed binding)] topology should provision a volume and schedule a pod with AllowedTopologies" classname="Kubernetes e2e suite" time="0">
          <skipped></skipped>
      </testcase>
      <testcase name="[sig-storage] In-tree Volumes [Driver: cinder] [Testpattern: Pre-provisioned PV (block volmode)] multiVolume [Slow] should concurrently access the single volume from pods on the same node" classname="Kubernetes e2e suite" time="0">
          <skipped></skipped>
      </testcase>
      <testcase name="[sig-storage] In-tree Volumes [Driver: local][LocalVolumeType: dir-link-bindmounted] [Testpattern: Dynamic PV (default fs)] fsgroupchangepolicy (OnRootMismatch)[LinuxOnly], pod created with an initial fsgroup, volume contents ownership changed in first pod, new pod with same fsgroup skips ownership changes to the volume contents" classname="Kubernetes e2e suite" time="0">
          <skipped></skipped>
      </testcase>
      <testcase name="[sig-storage] In-tree Volumes [Driver: local][LocalVolumeType: dir] [Testpattern: Dynamic PV (default fs)] fsgroupchangepolicy (Always)[LinuxOnly], pod created with an initial fsgroup, volume contents ownership changed in first pod, new pod with different fsgroup applied to the volume contents" classname="Kubernetes e2e suite" time="0">
          <skipped></skipped>
      </testcase>
      <testcase name="[sig-storage] In-tree Volumes [Driver: hostPathSymlink] [Testpattern: Dynamic PV (ntfs)][Feature:Windows] subPath should support restarting containers using file as subpath [Slow][LinuxOnly]" classname="Kubernetes e2e suite" time="0">
          <skipped></skipped>
      </testcase>
      <testcase name="[sig-storage] In-tree Volumes [Driver: local][LocalVolumeType: dir-bindmounted] [Testpattern: Pre-provisioned PV (ext4)] volumes should allow exec of files on the volume" classname="Kubernetes e2e suite" time="0">
          <skipped></skipped>
      </testcase>
      <testcase name="[sig-storage] In-tree Volumes [Driver: cinder] [Testpattern: Dynamic PV (block volmode)] multiVolume [Slow] should concurrently access the single read-only volume from pods on the same node" classname="Kubernetes e2e suite" time="0">
          <skipped></skipped>
      </testcase>
      <testcase name="[sig-storage] In-tree Volumes [Driver: hostPath] [Testpattern: Dynamic PV (ntfs)][Feature:Windows] subPath should support creating multiple subpath from same volumes [Slow]" classname="Kubernetes e2e suite" time="0">
          <skipped></skipped>
      </testcase>
      <testcase name="[sig-storage] In-tree Volumes [Driver: ceph][Feature:Volumes][Serial] [Testpattern: Dynamic PV (default fs)] subPath should support restarting containers using directory as subpath [Slow]" classname="Kubernetes e2e suite" time="0">
          <skipped></skipped>
      </testcase>
      <testcase name="[sig-storage] In-tree Volumes [Driver: hostPathSymlink] [Testpattern: Pre-provisioned PV (default fs)] volumes should store data" classname="Kubernetes e2e suite" time="0">
          <skipped></skipped>
      </testcase>
      <testcase name="[sig-storage] In-tree Volumes [Driver: ceph][Feature:Volumes][Serial] [Testpattern: Dynamic PV (default fs)] subPath should support readOnly file specified in the volumeMount [LinuxOnly]" classname="Kubernetes e2e suite" time="0">
          <skipped></skipped>
      </testcase>
      <testcase name="[sig-windows] [Feature:Windows] Windows volume mounts  check volume mount permissions container should have readOnly permissions on hostMapPath" classname="Kubernetes e2e suite" time="0">
          <skipped></skipped>
      </testcase>
      <testcase name="[sig-storage] In-tree Volumes [Driver: emptydir] [Testpattern: Pre-provisioned PV (block volmode)] volumeMode should not mount / map unused volumes in a pod [LinuxOnly]" classname="Kubernetes e2e suite" time="0">
          <skipped></skipped>
      </testcase>
      <testcase name="[sig-storage] In-tree Volumes [Driver: cinder] [Testpattern: Inline-volume (default fs)] subPath should support non-existent path" classname="Kubernetes e2e suite" time="0">
          <skipped></skipped>
      </testcase>
      <testcase name="[sig-storage] In-tree Volumes [Driver: aws] [Testpattern: Pre-provisioned PV (filesystem volmode)] multiVolume [Slow] should access to two volumes with different volume mode and retain data across pod recreation on the same node" classname="Kubernetes e2e suite" time="0">
          <skipped></skipped>
      </testcase>
      <testcase name="[sig-storage] In-tree Volumes [Driver: azure-disk] [Testpattern: Dynamic PV (default fs)] subPath should unmount if pod is force deleted while kubelet is down [Disruptive][Slow][LinuxOnly]" classname="Kubernetes e2e suite" time="0">
          <skipped></skipped>
      </testcase>
      <testcase name="[sig-storage] CSI Volumes [Driver: pd.csi.storage.gke.io][Serial] [Testpattern: Dynamic PV (ntfs)(allowExpansion)][Feature:Windows] volume-expand Verify if offline PVC expansion works" classname="Kubernetes e2e suite" time="0">
          <skipped></skipped>
      </testcase>
      <testcase name="[sig-storage] In-tree Volumes [Driver: gluster] [Testpattern: Dynamic PV (xfs)][Slow] multiVolume [Slow] should concurrently access the single volume from pods on different node" classname="Kubernetes e2e suite" time="0">
          <skipped></skipped>
      </testcase>
      <testcase name="[sig-storage] CSI Volumes [Driver: csi-hostpath] [Testpattern: Dynamic PV (xfs)][Slow] multiVolume [Slow] should access to two volumes with different volume mode and retain data across pod recreation on different node" classname="Kubernetes e2e suite" time="0">
          <skipped></skipped>
      </testcase>
      <testcase name="[sig-storage] In-tree Volumes [Driver: gluster] [Testpattern: Pre-provisioned PV (block volmode)] multiVolume [Slow] should concurrently access the volume and restored snapshot from pods on the same node [LinuxOnly][Feature:VolumeSnapshotDataSource][Feature:VolumeSourceXFS]" classname="Kubernetes e2e suite" time="0">
          <skipped></skipped>
      </testcase>
      <testcase name="[sig-storage] Projected configMap should be consumable from pods in volume with mappings and Item mode set [LinuxOnly] [NodeConformance] [Conformance]" classname="Kubernetes e2e suite" time="2.137434122"></testcase>
      <testcase name="[sig-storage] In-tree Volumes [Driver: local][LocalVolumeType: dir-bindmounted] [Testpattern: Inline-volume (ext3)] volumes should allow exec of files on the volume" classname="Kubernetes e2e suite" time="0">
          <skipped></skipped>
      </testcase>
      <testcase name="[sig-storage] In-tree Volumes [Driver: local][LocalVolumeType: dir-link] [Testpattern: Dynamic PV (default fs)] provisioning should provision storage with snapshot data source [Feature:VolumeSnapshotDataSource]" classname="Kubernetes e2e suite" time="0">
          <skipped></skipped>
      </testcase>
      <testcase name="[sig-storage] In-tree Volumes [Driver: gcepd] [Testpattern: Dynamic PV (block volmode)(allowExpansion)] volume-expand should resize volume when PVC is edited while pod is using it" classname="Kubernetes e2e suite" time="0">
          <skipped></skipped>
      </testcase>
      <testcase name="[sig-storage] In-tree Volumes [Driver: gcepd] [Testpattern: Pre-provisioned PV (default fs)] subPath should fail if subpath directory is outside the volume [Slow][LinuxOnly]" classname="Kubernetes e2e suite" time="0">
          <skipped></skipped>
      </testcase>
      <testcase name="[sig-node] Variable Expansion should allow substituting values in a container&#39;s command [NodeConformance] [Conformance]" classname="Kubernetes e2e suite" time="2.131745011"></testcase>
      <testcase name="[sig-storage] In-tree Volumes [Driver: local][LocalVolumeType: dir-bindmounted] [Testpattern: Pre-provisioned PV (block volmode)] multiVolume [Slow] should concurrently access the single volume from pods on the same node" classname="Kubernetes e2e suite" time="0">
          <skipped></skipped>
      </testcase>
      <testcase name="[sig-network] IngressClass [Feature:Ingress] should prevent Ingress creation if more than 1 IngressClass marked as default [Serial]" classname="Kubernetes e2e suite" time="0">
          <skipped></skipped>
      </testcase>
      <testcase name="[sig-storage] In-tree Volumes [Driver: gluster] [Testpattern: Dynamic PV (ext3)] volumes should allow exec of files on the volume" classname="Kubernetes e2e suite" time="0">
          <skipped></skipped>
      </testcase>
      <testcase name="[sig-storage] In-tree Volumes [Driver: windows-gcepd] [Testpattern: Dynamic PV (default fs)] volume-stress multiple pods should access different volumes repeatedly [Slow] [Serial]" classname="Kubernetes e2e suite" time="0">
          <skipped></skipped>
      </testcase>
      <testcase name="[sig-network] Services should preserve source pod IP for traffic thru service cluster IP [LinuxOnly]" classname="Kubernetes e2e suite" time="0">
          <skipped></skipped>
      </testcase>
      <testcase name="[sig-storage] In-tree Volumes [Driver: hostPath] [Testpattern: Dynamic PV (filesystem volmode)] disruptive[Disruptive][LinuxOnly] Should test that pv written before kubelet restart is readable after restart." classname="Kubernetes e2e suite" time="0">
          <skipped></skipped>
      </testcase>
      <testcase name="[sig-storage] In-tree Volumes [Driver: local][LocalVolumeType: gce-localssd-scsi-fs] [Serial] [Testpattern: Dynamic PV (default fs)] volumes should store data" classname="Kubernetes e2e suite" time="0">
          <skipped></skipped>
      </testcase>
      <testcase name="[sig-storage] PersistentVolumes NFS with multiple PVs and PVCs all in same ns should create 2 PVs and 4 PVCs: test write access" classname="Kubernetes e2e suite" time="0">
          <skipped></skipped>
      </testcase>
      <testcase name="[sig-storage] In-tree Volumes [Driver: emptydir] [Testpattern: Dynamic PV (filesystem volmode)] multiVolume [Slow] should concurrently access the single read-only volume from pods on the same node" classname="Kubernetes e2e suite" time="0">
          <skipped></skipped>
      </testcase>
      <testcase name="[sig-auth] ServiceAccounts should guarantee kube-root-ca.crt exist in any namespace [Conformance]" classname="Kubernetes e2e suite" time="1.083050195"></testcase>
      <testcase name="[sig-storage] CSI Volumes [Driver: csi-hostpath] [Testpattern: Dynamic PV (default fs)(allowExpansion)] volume-expand Verify if offline PVC expansion works" classname="Kubernetes e2e suite" time="0">
          <skipped></skipped>
      </testcase>
      <testcase name="[sig-storage] Projected configMap should be consumable from pods in volume as non-root with defaultMode and fsGroup set [LinuxOnly] [NodeFeature:FSGroup]" classname="Kubernetes e2e suite" time="0">
          <skipped></skipped>
      </testcase>
      <testcase name="[sig-storage] In-tree Volumes [Driver: azure-disk] [Testpattern: Dynamic PV (ntfs)][Feature:Windows] provisioning should provision storage with snapshot data source [Feature:VolumeSnapshotDataSource]" classname="Kubernetes e2e suite" time="0">
          <skipped></skipped>
      </testcase>
      <testcase name="[sig-storage] In-tree Volumes [Driver: ceph][Feature:Volumes][Serial] [Testpattern: Pre-provisioned PV (default fs)] subPath should support non-existent path" classname="Kubernetes e2e suite" time="0">
          <skipped></skipped>
      </testcase>
      <testcase name="[sig-storage] CSI Volumes [Driver: csi-hostpath] [Testpattern: Pre-provisioned PV (block volmode)] multiVolume [Slow] should concurrently access the volume and its clone from pods on the same node [LinuxOnly][Feature:VolumeSnapshotDataSource][Feature:VolumeSourceXFS]" classname="Kubernetes e2e suite" time="0">
          <skipped></skipped>
      </testcase>
      <testcase name="[sig-storage] In-tree Volumes [Driver: local][LocalVolumeType: blockfs] [Testpattern: Dynamic PV (block volmode)] provisioning should provision storage with snapshot data source [Feature:VolumeSnapshotDataSource]" classname="Kubernetes e2e suite" time="0">
          <skipped></skipped>
      </testcase>
      <testcase name="[sig-storage] In-tree Volumes [Driver: local][LocalVolumeType: dir-link-bindmounted] [Testpattern: Pre-provisioned PV (default fs)] subPath should support file as subpath [LinuxOnly]" classname="Kubernetes e2e suite" time="0">
          <skipped></skipped>
      </testcase>
      <testcase name="[sig-storage] In-tree Volumes [Driver: aws] [Testpattern: Dynamic PV (default fs)] fsgroupchangepolicy (OnRootMismatch)[LinuxOnly], pod created with an initial fsgroup, volume contents ownership changed in first pod, new pod with different fsgroup applied to the volume contents" classname="Kubernetes e2e suite" time="0">
          <skipped></skipped>
      </testcase>
      <testcase name="[sig-autoscaling] DNS horizontal autoscaling kube-dns-autoscaler should scale kube-dns pods in both nonfaulty and faulty scenarios" classname="Kubernetes e2e suite" time="0">
          <skipped></skipped>
      </testcase>
      <testcase name="[sig-storage] In-tree Volumes [Driver: local][LocalVolumeType: dir] [Testpattern: Pre-provisioned PV (default fs)] subPath should support file as subpath [LinuxOnly]" classname="Kubernetes e2e suite" time="0">
          <skipped></skipped>
      </testcase>
      <testcase name="[sig-storage] In-tree Volumes [Driver: ceph][Feature:Volumes][Serial] [Testpattern: Inline-volume (default fs)] subPath should support readOnly file specified in the volumeMount [LinuxOnly]" classname="Kubernetes e2e suite" time="0">
          <skipped></skipped>
      </testcase>
      <testcase name="[sig-storage] In-tree Volumes [Driver: rbd][Feature:Volumes][Serial] [Testpattern: Inline-volume (default fs)] subPath should unmount if pod is force deleted while kubelet is down [Disruptive][Slow][LinuxOnly]" classname="Kubernetes e2e suite" time="0">
          <skipped></skipped>
      </testcase>
      <testcase name="[sig-storage] In-tree Volumes [Driver: local][LocalVolumeType: dir-link] [Testpattern: Dynamic PV (default fs)] subPath should fail if subpath file is outside the volume [Slow][LinuxOnly]" classname="Kubernetes e2e suite" time="0">
          <skipped></skipped>
      </testcase>
      <testcase name="[sig-storage] In-tree Volumes [Driver: local][LocalVolumeType: dir-bindmounted] [Testpattern: Dynamic PV (ntfs)][Feature:Windows] provisioning should provision storage with pvc data source in parallel [Slow]" classname="Kubernetes e2e suite" time="0">
          <skipped></skipped>
      </testcase>
      <testcase name="[sig-api-machinery] Servers with support for Table transformation should return chunks of table results for list calls" classname="Kubernetes e2e suite" time="0">
          <skipped></skipped>
      </testcase>
      <testcase name="[sig-storage] In-tree Volumes [Driver: iscsi][Feature:Volumes] [Testpattern: Pre-provisioned PV (ntfs)][Feature:Windows] volumes should allow exec of files on the volume" classname="Kubernetes e2e suite" time="0">
          <skipped></skipped>
      </testcase>
      <testcase name="[sig-storage] In-tree Volumes [Driver: local][LocalVolumeType: dir] [Testpattern: Inline-volume (default fs)] subPath should support non-existent path" classname="Kubernetes e2e suite" time="0">
          <skipped></skipped>
      </testcase>
      <testcase name="[sig-auth] ServiceAccounts should mount an API token into pods  [Conformance]" classname="Kubernetes e2e suite" time="5.160850753"></testcase>
      <testcase name="[sig-storage] In-tree Volumes [Driver: windows-gcepd] [Testpattern: Pre-provisioned PV (filesystem volmode)] volumeMode should fail to use a volume in a pod with mismatched mode [Slow]" classname="Kubernetes e2e suite" time="0">
          <skipped></skipped>
      </testcase>
      <testcase name="[sig-storage] In-tree Volumes [Driver: cinder] [Testpattern: Pre-provisioned PV (ext4)] volumes should store data" classname="Kubernetes e2e suite" time="0">
          <skipped></skipped>
      </testcase>
      <testcase name="[sig-storage] In-tree Volumes [Driver: local][LocalVolumeType: gce-localssd-scsi-fs] [Serial] [Testpattern: Dynamic PV (block volmode)] multiVolume [Slow] should concurrently access the volume and its clone from pods on the same node [LinuxOnly][Feature:VolumeSnapshotDataSource][Feature:VolumeSourceXFS]" classname="Kubernetes e2e suite" time="0">
          <skipped></skipped>
      </testcase>
      <testcase name="[sig-storage] In-tree Volumes [Driver: iscsi][Feature:Volumes] [Testpattern: Dynamic PV (default fs)] subPath should support readOnly directory specified in the volumeMount" classname="Kubernetes e2e suite" time="0">
          <skipped></skipped>
      </testcase>
      <testcase name="[sig-storage] In-tree Volumes [Driver: emptydir] [Testpattern: Inline-volume (default fs)] subPath should support readOnly directory specified in the volumeMount" classname="Kubernetes e2e suite" time="0">
          <skipped></skipped>
      </testcase>
      <testcase name="[sig-storage] CSI Volumes [Driver: csi-hostpath] [Testpattern: Pre-provisioned PV (block volmode)] multiVolume [Slow] should access to two volumes with the same volume mode and retain data across pod recreation on different node" classname="Kubernetes e2e suite" time="0">
          <skipped></skipped>
      </testcase>
      <testcase name="[sig-storage] In-tree Volumes [Driver: gluster] [Testpattern: Dynamic PV (default fs)] fsgroupchangepolicy (OnRootMismatch)[LinuxOnly], pod created with an initial fsgroup, volume contents ownership changed in first pod, new pod with same fsgroup skips ownership changes to the volume contents" classname="Kubernetes e2e suite" time="0">
          <skipped></skipped>
      </testcase>
      <testcase name="[sig-storage] In-tree Volumes [Driver: local][LocalVolumeType: dir-link] [Testpattern: Dynamic PV (default fs)] subPath should unmount if pod is gracefully deleted while kubelet is down [Disruptive][Slow][LinuxOnly]" classname="Kubernetes e2e suite" time="0">
          <skipped></skipped>
      </testcase>
      <testcase name="[sig-storage] In-tree Volumes [Driver: local][LocalVolumeType: blockfs] [Testpattern: Dynamic PV (block volmode)] multiVolume [Slow] should concurrently access the volume and its clone from pods on the same node [LinuxOnly][Feature:VolumeSnapshotDataSource][Feature:VolumeSourceXFS]" classname="Kubernetes e2e suite" time="0">
          <skipped></skipped>
      </testcase>
      <testcase name="[sig-storage] CSI Volumes [Driver: pd.csi.storage.gke.io][Serial] [Testpattern: Generic Ephemeral-volume (default fs) (immediate-binding)] ephemeral should support multiple inline ephemeral volumes" classname="Kubernetes e2e suite" time="0">
          <skipped></skipped>
      </testcase>
      <testcase name="[sig-storage] CSI Volumes [Driver: pd.csi.storage.gke.io][Serial] [Testpattern: Pre-provisioned PV (block volmode)] volumeMode should fail to use a volume in a pod with mismatched mode [Slow]" classname="Kubernetes e2e suite" time="0">
          <skipped></skipped>
      </testcase>
      <testcase name="[sig-autoscaling] Cluster size autoscaling [Slow] shouldn&#39;t scale up when expendable pod is created [Feature:ClusterSizeAutoscalingScaleUp]" classname="Kubernetes e2e suite" time="0">
          <skipped></skipped>
      </testcase>
      <testcase name="[sig-storage] In-tree Volumes [Driver: vsphere] [Testpattern: Dynamic PV (filesystem volmode)] multiVolume [Slow] should concurrently access the volume and its clone from pods on the same node [LinuxOnly][Feature:VolumeSnapshotDataSource][Feature:VolumeSourceXFS]" classname="Kubernetes e2e suite" time="0">
          <skipped></skipped>
      </testcase>
      <testcase name="[sig-storage] In-tree Volumes [Driver: nfs] [Testpattern: Dynamic PV (ext4)] multiVolume [Slow] should access to two volumes with different volume mode and retain data across pod recreation on different node" classname="Kubernetes e2e suite" time="0">
          <skipped></skipped>
      </testcase>
      <testcase name="[sig-storage] In-tree Volumes [Driver: local][LocalVolumeType: gce-localssd-scsi-fs] [Serial] [Testpattern: Dynamic PV (block volmode)] multiVolume [Slow] should concurrently access the single volume from pods on the same node" classname="Kubernetes e2e suite" time="0">
          <skipped></skipped>
      </testcase>
      <testcase name="[sig-storage] In-tree Volumes [Driver: local][LocalVolumeType: gce-localssd-scsi-fs] [Serial] [Testpattern: Pre-provisioned PV (default fs)] subPath should unmount if pod is force deleted while kubelet is down [Disruptive][Slow][LinuxOnly]" classname="Kubernetes e2e suite" time="0">
          <skipped></skipped>
      </testcase>
      <testcase name="[sig-storage] In-tree Volumes [Driver: gluster] [Testpattern: Dynamic PV (xfs)][Slow] multiVolume [Slow] should access to two volumes with the same volume mode and retain data across pod recreation on different node" classname="Kubernetes e2e suite" time="0">
          <skipped></skipped>
      </testcase>
      <testcase name="[sig-cli] Kubectl client Kubectl diff should check if kubectl diff finds a difference for Deployments [Conformance]" classname="Kubernetes e2e suite" time="0.683213583"></testcase>
      <testcase name="[sig-storage] CSI Volumes [Driver: csi-hostpath] [Testpattern: Pre-provisioned PV (block volmode)] multiVolume [Slow] should access to two volumes with different volume mode and retain data across pod recreation on different node" classname="Kubernetes e2e suite" time="0">
          <skipped></skipped>
      </testcase>
      <testcase name="[sig-storage] In-tree Volumes [Driver: local][LocalVolumeType: dir-link-bindmounted] [Testpattern: Dynamic PV (default fs)] capacity provides storage capacity information" classname="Kubernetes e2e suite" time="0">
          <skipped></skipped>
      </testcase>
      <testcase name="[sig-storage] CSI Volumes [Driver: csi-hostpath] [Testpattern: Pre-provisioned PV (default fs)] volumeIO should write files of various sizes, verify size, validate content [Slow][LinuxOnly]" classname="Kubernetes e2e suite" time="0">
          <skipped></skipped>
      </testcase>
      <testcase name="[sig-storage] Volume FStype [Feature:vsphere] verify fstype - ext3 formatted volume" classname="Kubernetes e2e suite" time="0">
          <skipped></skipped>
      </testcase>
      <testcase name="[sig-storage] In-tree Volumes [Driver: local][LocalVolumeType: dir-link-bindmounted] [Testpattern: Dynamic PV (xfs)][Slow] volumes should allow exec of files on the volume" classname="Kubernetes e2e suite" time="0">
          <skipped></skipped>
      </testcase>
      <testcase name="[sig-storage] In-tree Volumes [Driver: emptydir] [Testpattern: Inline-volume (default fs)] volumeIO should write files of various sizes, verify size, validate content [Slow][LinuxOnly]" classname="Kubernetes e2e suite" time="0">
          <skipped></skipped>
      </testcase>
      <testcase name="[sig-storage] In-tree Volumes [Driver: local][LocalVolumeType: blockfs] [Testpattern: Dynamic PV (ntfs)][Feature:Windows] subPath should support readOnly directory specified in the volumeMount" classname="Kubernetes e2e suite" time="0">
          <skipped></skipped>
      </testcase>
      <testcase name="[sig-storage] In-tree Volumes [Driver: vsphere] [Testpattern: Dynamic PV (block volmode)] multiVolume [Slow] should access to two volumes with the same volume mode and retain data across pod recreation on different node" classname="Kubernetes e2e suite" time="0">
          <skipped></skipped>
      </testcase>
      <testcase name="[sig-storage] CSI Volumes [Driver: pd.csi.storage.gke.io][Serial] [Testpattern: Dynamic PV (ext4)] multiVolume [Slow] should concurrently access the volume and its clone from pods on the same node [LinuxOnly][Feature:VolumeSnapshotDataSource][Feature:VolumeSourceXFS]" classname="Kubernetes e2e suite" time="0">
          <skipped></skipped>
      </testcase>
      <testcase name="[sig-storage] In-tree Volumes [Driver: local][LocalVolumeType: gce-localssd-scsi-fs] [Serial] [Testpattern: Pre-provisioned PV (default fs)] subPath should support non-existent path" classname="Kubernetes e2e suite" time="0">
          <skipped></skipped>
      </testcase>
      <testcase name="[sig-storage] In-tree Volumes [Driver: emptydir] [Testpattern: Dynamic PV (ntfs)][Feature:Windows] provisioning should provision storage with pvc data source in parallel [Slow]" classname="Kubernetes e2e suite" time="0">
          <skipped></skipped>
      </testcase>
      <testcase name="[sig-storage] In-tree Volumes [Driver: azure-disk] [Testpattern: Dynamic PV (ntfs)][Feature:Windows] provisioning should provision storage with mount options" classname="Kubernetes e2e suite" time="0">
          <skipped></skipped>
      </testcase>
      <testcase name="[sig-storage] In-tree Volumes [Driver: gcepd] [Testpattern: Pre-provisioned PV (block volmode)] multiVolume [Slow] should access to two volumes with the same volume mode and retain data across pod recreation on the same node" classname="Kubernetes e2e suite" time="0">
          <skipped></skipped>
      </testcase>
      <testcase name="[sig-storage] In-tree Volumes [Driver: nfs] [Testpattern: Pre-provisioned PV (block volmode)] multiVolume [Slow] should access to two volumes with different volume mode and retain data across pod recreation on the same node" classname="Kubernetes e2e suite" time="0">
          <skipped></skipped>
      </testcase>
      <testcase name="[sig-storage] In-tree Volumes [Driver: local][LocalVolumeType: dir-link] [Testpattern: Inline-volume (ext4)] volumes should store data" classname="Kubernetes e2e suite" time="0">
          <skipped></skipped>
      </testcase>
      <testcase name="[sig-storage] In-tree Volumes [Driver: ceph][Feature:Volumes][Serial] [Testpattern: Dynamic PV (ntfs)][Feature:Windows] subPath should support existing directories when readOnly specified in the volumeSource" classname="Kubernetes e2e suite" time="0">
          <skipped></skipped>
      </testcase>
      <testcase name="[sig-storage] In-tree Volumes [Driver: local][LocalVolumeType: dir-bindmounted] [Testpattern: Dynamic PV (block volmode)] multiVolume [Slow] should access to two volumes with different volume mode and retain data across pod recreation on the same node" classname="Kubernetes e2e suite" time="0">
          <skipped></skipped>
      </testcase>
      <testcase name="[sig-storage] In-tree Volumes [Driver: gluster] [Testpattern: Pre-provisioned PV (block volmode)] volumes should store data" classname="Kubernetes e2e suite" time="0">
          <skipped></skipped>
      </testcase>
      <testcase name="[sig-storage] In-tree Volumes [Driver: gluster] [Testpattern: Dynamic PV (block volmode)] multiVolume [Slow] should concurrently access the volume and restored snapshot from pods on the same node [LinuxOnly][Feature:VolumeSnapshotDataSource][Feature:VolumeSourceXFS]" classname="Kubernetes e2e suite" time="0">
          <skipped></skipped>
      </testcase>
      <testcase name="[sig-storage] In-tree Volumes [Driver: ceph][Feature:Volumes][Serial] [Testpattern: Pre-provisioned PV (default fs)] subPath should support readOnly file specified in the volumeMount [LinuxOnly]" classname="Kubernetes e2e suite" time="0">
          <skipped></skipped>
      </testcase>
      <testcase name="[sig-storage] In-tree Volumes [Driver: aws] [Testpattern: Pre-provisioned PV (default fs)] subPath should fail if subpath file is outside the volume [Slow][LinuxOnly]" classname="Kubernetes e2e suite" time="0">
          <skipped></skipped>
      </testcase>
      <testcase name="[sig-storage] In-tree Volumes [Driver: emptydir] [Testpattern: Inline-volume (ext4)] volumes should store data" classname="Kubernetes e2e suite" time="0">
          <skipped></skipped>
      </testcase>
      <testcase name="[sig-storage] In-tree Volumes [Driver: gluster] [Testpattern: Pre-provisioned PV (block volmode)] multiVolume [Slow] should concurrently access the single volume from pods on the same node" classname="Kubernetes e2e suite" time="0">
          <skipped></skipped>
      </testcase>
      <testcase name="[sig-api-machinery] AdmissionWebhook [Privileged:ClusterAdmin] should deny crd creation [Conformance]" classname="Kubernetes e2e suite" time="15.151755237"></testcase>
      <testcase name="[sig-storage] In-tree Volumes [Driver: gcepd] [Testpattern: Dynamic PV (filesystem volmode)] multiVolume [Slow] should access to two volumes with different volume mode and retain data across pod recreation on different node" classname="Kubernetes e2e suite" time="0">
          <skipped></skipped>
      </testcase>
      <testcase name="[sig-network] Netpol NetworkPolicy between server and client should support a &#39;default-deny-all&#39; policy [Feature:NetworkPolicy]" classname="Kubernetes e2e suite" time="0">
          <skipped></skipped>
      </testcase>
      <testcase name="[sig-storage] In-tree Volumes [Driver: azure-disk] [Testpattern: Dynamic PV (default fs)] subPath should support creating multiple subpath from same volumes [Slow]" classname="Kubernetes e2e suite" time="0">
          <skipped></skipped>
      </testcase>
      <testcase name="[sig-storage] CSI Volumes [Driver: pd.csi.storage.gke.io][Serial] [Testpattern: Pre-provisioned PV (default fs)] volumeIO should write files of various sizes, verify size, validate content [Slow][LinuxOnly]" classname="Kubernetes e2e suite" time="0">
          <skipped></skipped>
      </testcase>
      <testcase name="[sig-storage] In-tree Volumes [Driver: local][LocalVolumeType: blockfs] [Testpattern: Dynamic PV (default fs)] subPath should support existing directory" classname="Kubernetes e2e suite" time="0">
          <skipped></skipped>
      </testcase>
      <testcase name="[sig-storage] CSI mock volume storage capacity exhausted, late binding, no topology" classname="Kubernetes e2e suite" time="0">
          <skipped></skipped>
      </testcase>
      <testcase name="[sig-storage] HostPathType Character Device [Slow] Should be able to mount character device &#39;achardev&#39; successfully when HostPathType is HostPathUnset" classname="Kubernetes e2e suite" time="0">
          <skipped></skipped>
      </testcase>
      <testcase name="[sig-storage] In-tree Volumes [Driver: iscsi][Feature:Volumes] [Testpattern: Pre-provisioned PV (ext4)] volumes should allow exec of files on the volume" classname="Kubernetes e2e suite" time="0">
          <skipped></skipped>
      </testcase>
      <testcase name="[sig-api-machinery] ResourceQuota [Feature:ScopeSelectors] should verify ResourceQuota with best effort scope using scope-selectors." classname="Kubernetes e2e suite" time="0">
          <skipped></skipped>
      </testcase>
      <testcase name="[sig-storage] In-tree Volumes [Driver: hostPath] [Testpattern: Inline-volume (default fs)] subPath should support restarting containers using file as subpath [Slow][LinuxOnly]" classname="Kubernetes e2e suite" time="0">
          <skipped></skipped>
      </testcase>
      <testcase name="[sig-storage] In-tree Volumes [Driver: vsphere] [Testpattern: Pre-provisioned PV (ntfs)][Feature:Windows] volumes should store data" classname="Kubernetes e2e suite" time="0">
          <skipped></skipped>
      </testcase>
      <testcase name="[sig-storage] In-tree Volumes [Driver: local][LocalVolumeType: dir-link-bindmounted] [Testpattern: Dynamic PV (default fs)] subPath should verify container cannot write to subpath readonly volumes [Slow]" classname="Kubernetes e2e suite" time="0">
          <skipped></skipped>
      </testcase>
      <testcase name="[sig-apps] StatefulSet Basic StatefulSet functionality [StatefulSetBasic] Should recreate evicted statefulset [Conformance]" classname="Kubernetes e2e suite" time="14.34170681"></testcase>
      <testcase name="[sig-storage] In-tree Volumes [Driver: aws] [Testpattern: Inline-volume (default fs)] subPath should support file as subpath [LinuxOnly]" classname="Kubernetes e2e suite" time="0">
          <skipped></skipped>
      </testcase>
      <testcase name="[sig-storage] In-tree Volumes [Driver: ceph][Feature:Volumes][Serial] [Testpattern: Dynamic PV (ext4)] multiVolume [Slow] should access to two volumes with different volume mode and retain data across pod recreation on different node" classname="Kubernetes e2e suite" time="0">
          <skipped></skipped>
      </testcase>
      <testcase name="[sig-network] NetworkPolicyLegacy [LinuxOnly] NetworkPolicy between server and client should allow egress access on one named port [Feature:NetworkPolicy]" classname="Kubernetes e2e suite" time="0">
          <skipped></skipped>
      </testcase>
      <testcase name="[sig-storage] In-tree Volumes [Driver: local][LocalVolumeType: dir-bindmounted] [Testpattern: Dynamic PV (immediate binding)] topology should provision a volume and schedule a pod with AllowedTopologies" classname="Kubernetes e2e suite" time="0">
          <skipped></skipped>
      </testcase>
      <testcase name="[sig-storage] In-tree Volumes [Driver: rbd][Feature:Volumes][Serial] [Testpattern: Inline-volume (default fs)] subPath should support non-existent path" classname="Kubernetes e2e suite" time="0">
          <skipped></skipped>
      </testcase>
      <testcase name="[sig-storage] CSI Volumes [Driver: pd.csi.storage.gke.io][Serial] [Testpattern: Dynamic PV (block volmode)] provisioning should provision storage with snapshot data source [Feature:VolumeSnapshotDataSource]" classname="Kubernetes e2e suite" time="0">
          <skipped></skipped>
      </testcase>
      <testcase name="[sig-storage] CSI Volumes [Driver: csi-hostpath] [Testpattern: Dynamic PV (ntfs)][Feature:Windows] provisioning should provision storage with snapshot data source [Feature:VolumeSnapshotDataSource]" classname="Kubernetes e2e suite" time="0">
          <skipped></skipped>
      </testcase>
      <testcase name="[sig-storage] CSI Volumes [Driver: pd.csi.storage.gke.io][Serial] [Testpattern: Dynamic PV (ntfs)][Feature:Windows] subPath should unmount if pod is gracefully deleted while kubelet is down [Disruptive][Slow][LinuxOnly]" classname="Kubernetes e2e suite" time="0">
          <skipped></skipped>
      </testcase>
      <testcase name="[sig-storage] In-tree Volumes [Driver: emptydir] [Testpattern: Pre-provisioned PV (filesystem volmode)] volumeMode should not mount / map unused volumes in a pod [LinuxOnly]" classname="Kubernetes e2e suite" time="0">
          <skipped></skipped>
      </testcase>
      <testcase name="[sig-storage] In-tree Volumes [Driver: ceph][Feature:Volumes][Serial] [Testpattern: Pre-provisioned PV (default fs)] subPath should support existing directories when readOnly specified in the volumeSource" classname="Kubernetes e2e suite" time="0">
          <skipped></skipped>
      </testcase>
      <testcase name="[sig-storage] In-tree Volumes [Driver: local][LocalVolumeType: dir] [Testpattern: Dynamic PV (block volmode)] volumeMode should fail to use a volume in a pod with mismatched mode [Slow]" classname="Kubernetes e2e suite" time="0">
          <skipped></skipped>
      </testcase>
      <testcase name="[sig-storage] In-tree Volumes [Driver: local][LocalVolumeType: tmpfs] [Testpattern: Dynamic PV (block volmode)(allowExpansion)] volume-expand should resize volume when PVC is edited while pod is using it" classname="Kubernetes e2e suite" time="0">
          <skipped></skipped>
      </testcase>
      <testcase name="[sig-storage] In-tree Volumes [Driver: cinder] [Testpattern: Dynamic PV (ext4)] multiVolume [Slow] should concurrently access the single read-only volume from pods on the same node" classname="Kubernetes e2e suite" time="0">
          <skipped></skipped>
      </testcase>
      <testcase name="[sig-storage] In-tree Volumes [Driver: emptydir] [Testpattern: Dynamic PV (block volmode)] multiVolume [Slow] should concurrently access the volume and its clone from pods on the same node [LinuxOnly][Feature:VolumeSnapshotDataSource][Feature:VolumeSourceXFS]" classname="Kubernetes e2e suite" time="0">
          <skipped></skipped>
      </testcase>
      <testcase name="[sig-storage] In-tree Volumes [Driver: hostPathSymlink] [Testpattern: Dynamic PV (default fs)] subPath should support file as subpath [LinuxOnly]" classname="Kubernetes e2e suite" time="0">
          <skipped></skipped>
      </testcase>
      <testcase name="[sig-storage] In-tree Volumes [Driver: local][LocalVolumeType: blockfs] [Testpattern: Inline-volume (default fs)] subPath should support readOnly file specified in the volumeMount [LinuxOnly]" classname="Kubernetes e2e suite" time="0">
          <skipped></skipped>
      </testcase>
      <testcase name="[sig-storage] In-tree Volumes [Driver: gcepd] [Testpattern: Dynamic PV (default fs)] subPath should unmount if pod is force deleted while kubelet is down [Disruptive][Slow][LinuxOnly]" classname="Kubernetes e2e suite" time="0">
          <skipped></skipped>
      </testcase>
      <testcase name="[sig-storage] CSI Volumes [Driver: csi-hostpath] [Testpattern: Dynamic PV (block volmode)] multiVolume [Slow] should concurrently access the single read-only volume from pods on the same node" classname="Kubernetes e2e suite" time="0">
          <skipped></skipped>
      </testcase>
      <testcase name="[sig-storage] In-tree Volumes [Driver: rbd][Feature:Volumes][Serial] [Testpattern: Inline-volume (default fs)] subPath should fail if subpath file is outside the volume [Slow][LinuxOnly]" classname="Kubernetes e2e suite" time="0">
          <skipped></skipped>
      </testcase>
      <testcase name="[sig-storage] In-tree Volumes [Driver: local][LocalVolumeType: dir] [Testpattern: Pre-provisioned PV (block volmode)] multiVolume [Slow] should concurrently access the single volume from pods on the same node" classname="Kubernetes e2e suite" time="0">
          <skipped></skipped>
      </testcase>
      <testcase name="[sig-storage] In-tree Volumes [Driver: local][LocalVolumeType: blockfs] [Testpattern: Pre-provisioned PV (default fs)] subPath should fail if non-existent subpath is outside the volume [Slow][LinuxOnly]" classname="Kubernetes e2e suite" time="0">
          <skipped></skipped>
      </testcase>
      <testcase name="[sig-storage] In-tree Volumes [Driver: iscsi][Feature:Volumes] [Testpattern: Pre-provisioned PV (filesystem volmode)] multiVolume [Slow] should access to two volumes with different volume mode and retain data across pod recreation on different node" classname="Kubernetes e2e suite" time="0">
          <skipped></skipped>
      </testcase>
      <testcase name="[sig-storage] In-tree Volumes [Driver: local][LocalVolumeType: tmpfs] [Testpattern: Inline-volume (default fs)] subPath should fail if subpath directory is outside the volume [Slow][LinuxOnly]" classname="Kubernetes e2e suite" time="0">
          <skipped></skipped>
      </testcase>
      <testcase name="[sig-storage] In-tree Volumes [Driver: emptydir] [Testpattern: Dynamic PV (default fs)] volumes should allow exec of files on the volume" classname="Kubernetes e2e suite" time="0">
          <skipped></skipped>
      </testcase>
      <testcase name="[sig-storage] In-tree Volumes [Driver: rbd][Feature:Volumes][Serial] [Testpattern: Dynamic PV (ntfs)][Feature:Windows] subPath should fail if subpath directory is outside the volume [Slow][LinuxOnly]" classname="Kubernetes e2e suite" time="0">
          <skipped></skipped>
      </testcase>
      <testcase name="[sig-storage] Volume Placement [Feature:vsphere] should create and delete pod with multiple volumes from same datastore" classname="Kubernetes e2e suite" time="0">
          <skipped></skipped>
      </testcase>
      <testcase name="[sig-storage] CSI Volumes [Driver: pd.csi.storage.gke.io][Serial] [Testpattern: Dynamic PV (ntfs)][Feature:Windows] subPath should fail if subpath directory is outside the volume [Slow][LinuxOnly]" classname="Kubernetes e2e suite" time="0">
          <skipped></skipped>
      </testcase>
      <testcase name="[sig-storage] In-tree Volumes [Driver: local][LocalVolumeType: dir-link-bindmounted] [Testpattern: Dynamic PV (block volmode)] multiVolume [Slow] should access to two volumes with the same volume mode and retain data across pod recreation on different node" classname="Kubernetes e2e suite" time="0">
          <skipped></skipped>
      </testcase>
      <testcase name="[sig-storage] In-tree Volumes [Driver: windows-gcepd] [Testpattern: Pre-provisioned PV (filesystem volmode)] multiVolume [Slow] should access to two volumes with the same volume mode and retain data across pod recreation on different node" classname="Kubernetes e2e suite" time="0">
          <skipped></skipped>
      </testcase>
      <testcase name="[sig-storage] CSI Volumes [Driver: csi-hostpath] [Testpattern: Pre-provisioned PV (block volmode)] multiVolume [Slow] should concurrently access the volume and restored snapshot from pods on the same node [LinuxOnly][Feature:VolumeSnapshotDataSource][Feature:VolumeSourceXFS]" classname="Kubernetes e2e suite" time="0">
          <skipped></skipped>
      </testcase>
      <testcase name="[sig-storage] In-tree Volumes [Driver: azure-disk] [Testpattern: Dynamic PV (filesystem volmode)] multiVolume [Slow] should concurrently access the single volume from pods on different node" classname="Kubernetes e2e suite" time="0">
          <skipped></skipped>
      </testcase>
      <testcase name="[sig-storage] In-tree Volumes [Driver: vsphere] [Testpattern: Dynamic PV (default fs)(allowExpansion)] volume-expand should resize volume when PVC is edited while pod is using it" classname="Kubernetes e2e suite" time="0">
          <skipped></skipped>
      </testcase>
      <testcase name="[sig-storage] In-tree Volumes [Driver: local][LocalVolumeType: dir-link-bindmounted] [Testpattern: Inline-volume (default fs)] subPath should fail if subpath with backstepping is outside the volume [Slow][LinuxOnly]" classname="Kubernetes e2e suite" time="0">
          <skipped></skipped>
      </testcase>
      <testcase name="[sig-storage] In-tree Volumes [Driver: local][LocalVolumeType: blockfs] [Testpattern: Inline-volume (default fs)] subPath should support restarting containers using directory as subpath [Slow]" classname="Kubernetes e2e suite" time="0">
          <skipped></skipped>
      </testcase>
      <testcase name="[sig-storage] In-tree Volumes [Driver: gluster] [Testpattern: Dynamic PV (filesystem volmode)] multiVolume [Slow] should concurrently access the volume and restored snapshot from pods on the same node [LinuxOnly][Feature:VolumeSnapshotDataSource][Feature:VolumeSourceXFS]" classname="Kubernetes e2e suite" time="0">
          <skipped></skipped>
      </testcase>
      <testcase name="[sig-storage] Downward API [Serial] [Disruptive] [NodeFeature:EphemeralStorage] Downward API tests for local ephemeral storage should provide container&#39;s limits.ephemeral-storage and requests.ephemeral-storage as env vars" classname="Kubernetes e2e suite" time="0">
          <skipped></skipped>
      </testcase>
      <testcase name="[sig-storage] In-tree Volumes [Driver: cinder] [Testpattern: Dynamic PV (filesystem volmode)] volumeLimits should verify that all csinodes have volume limits" classname="Kubernetes e2e suite" time="0">
          <skipped></skipped>
      </testcase>
      <testcase name="[sig-storage] CSI Volumes [Driver: pd.csi.storage.gke.io][Serial] [Testpattern: Inline-volume (default fs)] subPath should support readOnly directory specified in the volumeMount" classname="Kubernetes e2e suite" time="0">
          <skipped></skipped>
      </testcase>
      <testcase name="[sig-network] EndpointSlice should create and delete Endpoints and EndpointSlices for a Service with a selector specified [Conformance]" classname="Kubernetes e2e suite" time="2.100174304"></testcase>
      <testcase name="[sig-storage] In-tree Volumes [Driver: local][LocalVolumeType: tmpfs] [Testpattern: Pre-provisioned PV (block volmode)] volumeMode should fail to use a volume in a pod with mismatched mode [Slow]" classname="Kubernetes e2e suite" time="0">
          <skipped></skipped>
      </testcase>
      <testcase name="[sig-storage] Subpath Atomic writer volumes should support subpaths with configmap pod [LinuxOnly] [Conformance]" classname="Kubernetes e2e suite" time="22.227396266"></testcase>
      <testcase name="[sig-storage] In-tree Volumes [Driver: local][LocalVolumeType: gce-localssd-scsi-fs] [Serial] [Testpattern: Inline-volume (default fs)] subPath should support existing directories when readOnly specified in the volumeSource" classname="Kubernetes e2e suite" time="0">
          <skipped></skipped>
      </testcase>
      <testcase name="[sig-storage] In-tree Volumes [Driver: aws] [Testpattern: Dynamic PV (default fs)] subPath should support non-existent path" classname="Kubernetes e2e suite" time="0">
          <skipped></skipped>
      </testcase>
      <testcase name="[sig-storage] In-tree Volumes [Driver: local][LocalVolumeType: blockfs] [Testpattern: Pre-provisioned PV (default fs)] subPath should be able to unmount after the subpath directory is deleted [LinuxOnly]" classname="Kubernetes e2e suite" time="0">
          <skipped></skipped>
      </testcase>
      <testcase name="[sig-storage] In-tree Volumes [Driver: vsphere] [Testpattern: Dynamic PV (ntfs)][Feature:Windows] subPath should fail if subpath directory is outside the volume [Slow][LinuxOnly]" classname="Kubernetes e2e suite" time="0">
          <skipped></skipped>
      </testcase>
      <testcase name="[sig-storage] In-tree Volumes [Driver: gluster] [Testpattern: Inline-volume (default fs)] subPath should fail if subpath with backstepping is outside the volume [Slow][LinuxOnly]" classname="Kubernetes e2e suite" time="0">
          <skipped></skipped>
      </testcase>
      <testcase name="[sig-storage] In-tree Volumes [Driver: local][LocalVolumeType: dir] [Testpattern: Pre-provisioned PV (filesystem volmode)] disruptive[Disruptive][LinuxOnly] Should test that pv written before kubelet restart is readable after restart." classname="Kubernetes e2e suite" time="0">
          <skipped></skipped>
      </testcase>
      <testcase name="[sig-storage] In-tree Volumes [Driver: emptydir] [Testpattern: Dynamic PV (block volmode)] volume-expand should not allow expansion of pvcs without AllowVolumeExpansion property" classname="Kubernetes e2e suite" time="0">
          <skipped></skipped>
      </testcase>
      <testcase name="[sig-storage] In-tree Volumes [Driver: iscsi][Feature:Volumes] [Testpattern: Pre-provisioned PV (filesystem volmode)] multiVolume [Slow] should concurrently access the volume and its clone from pods on the same node [LinuxOnly][Feature:VolumeSnapshotDataSource][Feature:VolumeSourceXFS]" classname="Kubernetes e2e suite" time="0">
          <skipped></skipped>
      </testcase>
      <testcase name="[sig-storage] In-tree Volumes [Driver: iscsi][Feature:Volumes] [Testpattern: Dynamic PV (ext4)] multiVolume [Slow] should concurrently access the single volume from pods on different node" classname="Kubernetes e2e suite" time="0">
          <skipped></skipped>
      </testcase>
      <testcase name="[sig-network] Firewall rule [Slow] [Serial] should create valid firewall rules for LoadBalancer type service" classname="Kubernetes e2e suite" time="0">
          <skipped></skipped>
      </testcase>
      <testcase name="[sig-storage] In-tree Volumes [Driver: nfs] [Testpattern: Dynamic PV (ntfs)(allowExpansion)][Feature:Windows] volume-expand should resize volume when PVC is edited while pod is using it" classname="Kubernetes e2e suite" time="0">
          <skipped></skipped>
      </testcase>
      <testcase name="[sig-storage] In-tree Volumes [Driver: local][LocalVolumeType: gce-localssd-scsi-fs] [Serial] [Testpattern: Dynamic PV (ext3)] volumes should store data" classname="Kubernetes e2e suite" time="0">
          <skipped></skipped>
      </testcase>
      <testcase name="[sig-storage] In-tree Volumes [Driver: ceph][Feature:Volumes][Serial] [Testpattern: Pre-provisioned PV (xfs)][Slow] volumes should allow exec of files on the volume" classname="Kubernetes e2e suite" time="0">
          <skipped></skipped>
      </testcase>
      <testcase name="[sig-storage] In-tree Volumes [Driver: local][LocalVolumeType: block] [Testpattern: Dynamic PV (ntfs)][Feature:Windows] subPath should unmount if pod is force deleted while kubelet is down [Disruptive][Slow][LinuxOnly]" classname="Kubernetes e2e suite" time="0">
          <skipped></skipped>
      </testcase>
      <testcase name="[sig-storage] CSI Volumes [Driver: csi-hostpath] [Testpattern: Pre-provisioned PV (default fs)] subPath should support existing single file [LinuxOnly]" classname="Kubernetes e2e suite" time="0">
          <skipped></skipped>
      </testcase>
      <testcase name="[sig-storage] In-tree Volumes [Driver: emptydir] [Testpattern: Dynamic PV (ext3)] volumes should store data" classname="Kubernetes e2e suite" time="0">
          <skipped></skipped>
      </testcase>
      <testcase name="[sig-storage] In-tree Volumes [Driver: rbd][Feature:Volumes][Serial] [Testpattern: Dynamic PV (default fs)] subPath should unmount if pod is force deleted while kubelet is down [Disruptive][Slow][LinuxOnly]" classname="Kubernetes e2e suite" time="0">
          <skipped></skipped>
      </testcase>
      <testcase name="[sig-autoscaling] Cluster size autoscaler scalability [Slow] should scale up at all [Feature:ClusterAutoscalerScalability1]" classname="Kubernetes e2e suite" time="0">
          <skipped></skipped>
      </testcase>
      <testcase name="[sig-storage] In-tree Volumes [Driver: local][LocalVolumeType: gce-localssd-scsi-fs] [Serial] [Testpattern: Pre-provisioned PV (default fs)] subPath should fail if subpath with backstepping is outside the volume [Slow][LinuxOnly]" classname="Kubernetes e2e suite" time="0">
          <skipped></skipped>
      </testcase>
      <testcase name="[sig-storage] In-tree Volumes [Driver: vsphere] [Testpattern: Dynamic PV (default fs)] subPath should support file as subpath [LinuxOnly]" classname="Kubernetes e2e suite" time="0">
          <skipped></skipped>
      </testcase>
      <testcase name="[sig-storage] In-tree Volumes [Driver: local][LocalVolumeType: tmpfs] [Testpattern: Dynamic PV (xfs)][Slow] volumes should store data" classname="Kubernetes e2e suite" time="0">
          <skipped></skipped>
      </testcase>
      <testcase name="[sig-storage] In-tree Volumes [Driver: local][LocalVolumeType: dir] [Testpattern: Dynamic PV (filesystem volmode)] multiVolume [Slow] should access to two volumes with different volume mode and retain data across pod recreation on different node" classname="Kubernetes e2e suite" time="0">
          <skipped></skipped>
      </testcase>
      <testcase name="[sig-storage] CSI Volumes [Driver: pd.csi.storage.gke.io][Serial] [Testpattern: Dynamic PV (default fs)] subPath should support existing single file [LinuxOnly]" classname="Kubernetes e2e suite" time="0">
          <skipped></skipped>
      </testcase>
      <testcase name="[sig-storage] In-tree Volumes [Driver: rbd][Feature:Volumes][Serial] [Testpattern: Pre-provisioned PV (filesystem volmode)] multiVolume [Slow] should access to two volumes with the same volume mode and retain data across pod recreation on different node" classname="Kubernetes e2e suite" time="0">
          <skipped></skipped>
      </testcase>
      <testcase name="[sig-storage] In-tree Volumes [Driver: hostPathSymlink] [Testpattern: Dynamic PV (ntfs)(allowExpansion)][Feature:Windows] volume-expand Verify if offline PVC expansion works" classname="Kubernetes e2e suite" time="0">
          <skipped></skipped>
      </testcase>
      <testcase name="[sig-storage] In-tree Volumes [Driver: local][LocalVolumeType: dir-bindmounted] [Testpattern: Dynamic PV (block volmode)] provisioning should provision storage with pvc data source in parallel [Slow]" classname="Kubernetes e2e suite" time="0">
          <skipped></skipped>
      </testcase>
      <testcase name="[sig-storage] In-tree Volumes [Driver: local][LocalVolumeType: dir-bindmounted] [Testpattern: Pre-provisioned PV (block volmode)] multiVolume [Slow] should access to two volumes with the same volume mode and retain data across pod recreation on the same node" classname="Kubernetes e2e suite" time="0">
          <skipped></skipped>
      </testcase>
      <testcase name="[sig-storage] In-tree Volumes [Driver: gcepd] [Testpattern: Dynamic PV (ntfs)(allowExpansion)][Feature:Windows] volume-expand Verify if offline PVC expansion works" classname="Kubernetes e2e suite" time="0">
          <skipped></skipped>
      </testcase>
      <testcase name="[sig-storage] In-tree Volumes [Driver: ceph][Feature:Volumes][Serial] [Testpattern: Dynamic PV (default fs)] fsgroupchangepolicy (Always)[LinuxOnly], pod created with an initial fsgroup, new pod fsgroup applied to volume contents" classname="Kubernetes e2e suite" time="0">
          <skipped></skipped>
      </testcase>
      <testcase name="[sig-storage] In-tree Volumes [Driver: local][LocalVolumeType: block] [Testpattern: Dynamic PV (default fs)] subPath should unmount if pod is force deleted while kubelet is down [Disruptive][Slow][LinuxOnly]" classname="Kubernetes e2e suite" time="0">
          <skipped></skipped>
      </testcase>
      <testcase name="[sig-storage] In-tree Volumes [Driver: cinder] [Testpattern: Dynamic PV (default fs)] fsgroupchangepolicy (Always)[LinuxOnly], pod created with an initial fsgroup, new pod fsgroup applied to volume contents" classname="Kubernetes e2e suite" time="0">
          <skipped></skipped>
      </testcase>
      <testcase name="[sig-storage] In-tree Volumes [Driver: local][LocalVolumeType: blockfs] [Testpattern: Inline-volume (ext3)] volumes should store data" classname="Kubernetes e2e suite" time="0">
          <skipped></skipped>
      </testcase>
      <testcase name="[sig-storage] In-tree Volumes [Driver: local][LocalVolumeType: dir-link] [Testpattern: Pre-provisioned PV (default fs)] subPath should support creating multiple subpath from same volumes [Slow]" classname="Kubernetes e2e suite" time="0">
          <skipped></skipped>
      </testcase>
      <testcase name="[sig-storage] In-tree Volumes [Driver: windows-gcepd] [Testpattern: Inline-volume (default fs)] subPath should support file as subpath [LinuxOnly]" classname="Kubernetes e2e suite" time="0">
          <skipped></skipped>
      </testcase>
      <testcase name="[sig-cli] Kubectl client Simple pod should return command exit codes execing into a container with a failing command" classname="Kubernetes e2e suite" time="0">
          <skipped></skipped>
      </testcase>
      <testcase name="[sig-storage] In-tree Volumes [Driver: gluster] [Testpattern: Pre-provisioned PV (filesystem volmode)] multiVolume [Slow] should concurrently access the volume and restored snapshot from pods on the same node [LinuxOnly][Feature:VolumeSnapshotDataSource][Feature:VolumeSourceXFS]" classname="Kubernetes e2e suite" time="0">
          <skipped></skipped>
      </testcase>
      <testcase name="[sig-network] Services should be able to switch session affinity for NodePort service [LinuxOnly] [Conformance]" classname="Kubernetes e2e suite" time="8.900356792">
          <failure type="Failure">/workspace/src/k8s.io/kubernetes/_output/dockerized/go/src/k8s.io/kubernetes/test/e2e/framework/framework.go:630&#xA;Aug 27 11:02:41.380: Unexpected error:&#xA;    &lt;*errors.errorString | 0xc003fafa80&gt;: {&#xA;        s: &#34;out-of-range nodePort (40389) for service&#34;,&#xA;    }&#xA;    out-of-range nodePort (40389) for service&#xA;occurred&#xA;/workspace/src/k8s.io/kubernetes/_output/dockerized/go/src/k8s.io/kubernetes/test/e2e/network/service.go:2922</failure>
          <system-out>[BeforeEach] [sig-network] Services&#xA;  /workspace/src/k8s.io/kubernetes/_output/dockerized/go/src/k8s.io/kubernetes/test/e2e/framework/framework.go:185&#xA;STEP: Creating a kubernetes client&#xA;Aug 27 11:02:36.217: INFO: &gt;&gt;&gt; kubeConfig: /tmp/kubeconfig-655963504&#xA;STEP: Building a namespace api object, basename services&#xA;STEP: Waiting for a default service account to be provisioned in namespace&#xA;[BeforeEach] [sig-network] Services&#xA;  /workspace/src/k8s.io/kubernetes/_output/dockerized/go/src/k8s.io/kubernetes/test/e2e/network/service.go:749&#xA;[It] should be able to switch session affinity for NodePort service [LinuxOnly] [Conformance]&#xA;  /workspace/src/k8s.io/kubernetes/_output/dockerized/go/src/k8s.io/kubernetes/test/e2e/framework/framework.go:630&#xA;STEP: creating service in namespace services-5649&#xA;STEP: creating service affinity-nodeport-transition in namespace services-5649&#xA;STEP: creating replication controller affinity-nodeport-transition in namespace services-5649&#xA;Aug 27 11:02:39.359: INFO: Creating new exec pod&#xA;Aug 27 11:02:41.380: FAIL: Unexpected error:&#xA;    &lt;*errors.errorString | 0xc003fafa80&gt;: {&#xA;        s: &#34;out-of-range nodePort (40389) for service&#34;,&#xA;    }&#xA;    out-of-range nodePort (40389) for service&#xA;occurred&#xA;&#xA;Full Stack Trace&#xA;k8s.io/kubernetes/test/e2e/network.execAffinityTestForNonLBServiceWithOptionalTransition(0xc000e134a0, 0x79ab408, 0xc000bcde40, 0xc000292a00, 0x1)&#xA;&#x9;/workspace/src/k8s.io/kubernetes/_output/dockerized/go/src/k8s.io/kubernetes/test/e2e/network/service.go:2922 +0x625&#xA;k8s.io/kubernetes/test/e2e/network.execAffinityTestForNonLBServiceWithTransition(...)&#xA;&#x9;/workspace/src/k8s.io/kubernetes/_output/dockerized/go/src/k8s.io/kubernetes/test/e2e/network/service.go:2873&#xA;k8s.io/kubernetes/test/e2e/network.glob..func24.27()&#xA;&#x9;/workspace/src/k8s.io/kubernetes/_output/dockerized/go/src/k8s.io/kubernetes/test/e2e/network/service.go:1883 +0xa5&#xA;k8s.io/kubernetes/test/e2e.RunE2ETests(0xc000af8600)&#xA;&#x9;_output/dockerized/go/src/k8s.io/kubernetes/test/e2e/e2e.go:130 +0x36c&#xA;k8s.io/kubernetes/test/e2e.TestE2E(0xc000af8600)&#xA;&#x9;_output/dockerized/go/src/k8s.io/kubernetes/test/e2e/e2e_test.go:136 +0x2b&#xA;testing.tRunner(0xc000af8600, 0x72d42e8)&#xA;&#x9;/usr/local/go/src/testing/testing.go:1193 +0xef&#xA;created by testing.(*T).Run&#xA;&#x9;/usr/local/go/src/testing/testing.go:1238 +0x2b3&#xA;Aug 27 11:02:41.381: INFO: Cleaning up the exec pod&#xA;STEP: deleting ReplicationController affinity-nodeport-transition in namespace services-5649, will wait for the garbage collector to delete the pods&#xA;Aug 27 11:02:41.459: INFO: Deleting ReplicationController affinity-nodeport-transition took: 7.738506ms&#xA;Aug 27 11:02:41.560: INFO: Terminating ReplicationController affinity-nodeport-transition pods took: 100.796152ms&#xA;[AfterEach] [sig-network] Services&#xA;  /workspace/src/k8s.io/kubernetes/_output/dockerized/go/src/k8s.io/kubernetes/test/e2e/framework/framework.go:186&#xA;STEP: Collecting events from namespace &#34;services-5649&#34;.&#xA;STEP: Found 24 events.&#xA;Aug 27 11:02:44.797: INFO: At 2021-08-27 11:02:36 +0000 UTC - event for affinity-nodeport-transition: {replication-controller } SuccessfulCreate: Created pod: affinity-nodeport-transition-dnsb4&#xA;Aug 27 11:02:44.797: INFO: At 2021-08-27 11:02:36 +0000 UTC - event for affinity-nodeport-transition: {replication-controller } SuccessfulCreate: Created pod: affinity-nodeport-transition-5s2wl&#xA;Aug 27 11:02:44.797: INFO: At 2021-08-27 11:02:36 +0000 UTC - event for affinity-nodeport-transition: {replication-controller } SuccessfulCreate: Created pod: affinity-nodeport-transition-fvnjx&#xA;Aug 27 11:02:44.797: INFO: At 2021-08-27 11:02:36 +0000 UTC - event for affinity-nodeport-transition-5s2wl: {default-scheduler } Scheduled: Successfully assigned services-5649/affinity-nodeport-transition-5s2wl to instance-1&#xA;Aug 27 11:02:44.797: INFO: At 2021-08-27 11:02:36 +0000 UTC - event for affinity-nodeport-transition-dnsb4: {default-scheduler } Scheduled: Successfully assigned services-5649/affinity-nodeport-transition-dnsb4 to instance-1&#xA;Aug 27 11:02:44.797: INFO: At 2021-08-27 11:02:36 +0000 UTC - event for affinity-nodeport-transition-fvnjx: {default-scheduler } Scheduled: Successfully assigned services-5649/affinity-nodeport-transition-fvnjx to instance-1&#xA;Aug 27 11:02:44.797: INFO: At 2021-08-27 11:02:37 +0000 UTC - event for affinity-nodeport-transition-5s2wl: {kubelet instance-1} Started: Started container affinity-nodeport-transition&#xA;Aug 27 11:02:44.797: INFO: At 2021-08-27 11:02:37 +0000 UTC - event for affinity-nodeport-transition-5s2wl: {kubelet instance-1} Pulled: Container image &#34;k8s.gcr.io/e2e-test-images/agnhost:2.32&#34; already present on machine&#xA;Aug 27 11:02:44.797: INFO: At 2021-08-27 11:02:37 +0000 UTC - event for affinity-nodeport-transition-5s2wl: {kubelet instance-1} Created: Created container affinity-nodeport-transition&#xA;Aug 27 11:02:44.798: INFO: At 2021-08-27 11:02:37 +0000 UTC - event for affinity-nodeport-transition-dnsb4: {kubelet instance-1} Created: Created container affinity-nodeport-transition&#xA;Aug 27 11:02:44.798: INFO: At 2021-08-27 11:02:37 +0000 UTC - event for affinity-nodeport-transition-dnsb4: {kubelet instance-1} Started: Started container affinity-nodeport-transition&#xA;Aug 27 11:02:44.798: INFO: At 2021-08-27 11:02:37 +0000 UTC - event for affinity-nodeport-transition-dnsb4: {kubelet instance-1} Pulled: Container image &#34;k8s.gcr.io/e2e-test-images/agnhost:2.32&#34; already present on machine&#xA;Aug 27 11:02:44.798: INFO: At 2021-08-27 11:02:37 +0000 UTC - event for affinity-nodeport-transition-fvnjx: {kubelet instance-1} Pulled: Container image &#34;k8s.gcr.io/e2e-test-images/agnhost:2.32&#34; already present on machine&#xA;Aug 27 11:02:44.798: INFO: At 2021-08-27 11:02:37 +0000 UTC - event for affinity-nodeport-transition-fvnjx: {kubelet instance-1} Started: Started container affinity-nodeport-transition&#xA;Aug 27 11:02:44.798: INFO: At 2021-08-27 11:02:37 +0000 UTC - event for affinity-nodeport-transition-fvnjx: {kubelet instance-1} Created: Created container affinity-nodeport-transition&#xA;Aug 27 11:02:44.798: INFO: At 2021-08-27 11:02:39 +0000 UTC - event for execpod-affinityl99w2: {default-scheduler } Scheduled: Successfully assigned services-5649/execpod-affinityl99w2 to instance-1&#xA;Aug 27 11:02:44.798: INFO: At 2021-08-27 11:02:40 +0000 UTC - event for execpod-affinityl99w2: {kubelet instance-1} Created: Created container agnhost-container&#xA;Aug 27 11:02:44.798: INFO: At 2021-08-27 11:02:40 +0000 UTC - event for execpod-affinityl99w2: {kubelet instance-1} Started: Started container agnhost-container&#xA;Aug 27 11:02:44.798: INFO: At 2021-08-27 11:02:40 +0000 UTC - event for execpod-affinityl99w2: {kubelet instance-1} Pulled: Container image &#34;k8s.gcr.io/e2e-test-images/agnhost:2.32&#34; already present on machine&#xA;Aug 27 11:02:44.798: INFO: At 2021-08-27 11:02:41 +0000 UTC - event for affinity-nodeport-transition: {endpoint-controller } FailedToUpdateEndpoint: Failed to update endpoint services-5649/affinity-nodeport-transition: Operation cannot be fulfilled on endpoints &#34;affinity-nodeport-transition&#34;: the object has been modified; please apply your changes to the latest version and try again&#xA;Aug 27 11:02:44.798: INFO: At 2021-08-27 11:02:41 +0000 UTC - event for affinity-nodeport-transition-5s2wl: {kubelet instance-1} Killing: Stopping container affinity-nodeport-transition&#xA;Aug 27 11:02:44.798: INFO: At 2021-08-27 11:02:41 +0000 UTC - event for affinity-nodeport-transition-dnsb4: {kubelet instance-1} Killing: Stopping container affinity-nodeport-transition&#xA;Aug 27 11:02:44.798: INFO: At 2021-08-27 11:02:41 +0000 UTC - event for affinity-nodeport-transition-fvnjx: {kubelet instance-1} Killing: Stopping container affinity-nodeport-transition&#xA;Aug 27 11:02:44.798: INFO: At 2021-08-27 11:02:43 +0000 UTC - event for execpod-affinityl99w2: {kubelet instance-1} Killing: Stopping container agnhost-container&#xA;Aug 27 11:02:44.801: INFO: POD  NODE  PHASE  GRACE  CONDITIONS&#xA;Aug 27 11:02:44.801: INFO: &#xA;Aug 27 11:02:44.804: INFO: &#xA;Logging node info for node instance-1&#xA;Aug 27 11:02:44.807: INFO: Node Info: &amp;Node{ObjectMeta:{instance-1    66706824-827f-43ec-951f-55d099198c49 15314 0 2021-08-27 09:44:27 +0000 UTC &lt;nil&gt; &lt;nil&gt; map[beta.kubernetes.io/arch:amd64 beta.kubernetes.io/os:linux kubernetes.io/arch:amd64 kubernetes.io/hostname:instance-1 kubernetes.io/os:linux node-role.kubernetes.io/control-plane: node-role.kubernetes.io/master: node.kubernetes.io/control-plane: node.kubernetes.io/master:] map[node.alpha.kubernetes.io/ttl:0 projectcalico.org/IPv4Address:10.140.0.2/32 projectcalico.org/IPv4IPIPTunnelAddr:172.208.23.128 volumes.kubernetes.io/controller-managed-attach-detach:true] [] []  [{kubelet Update v1 2021-08-27 09:44:27 +0000 UTC FieldsV1 {&#34;f:metadata&#34;:{&#34;f:annotations&#34;:{&#34;.&#34;:{},&#34;f:volumes.kubernetes.io/controller-managed-attach-detach&#34;:{}},&#34;f:labels&#34;:{&#34;.&#34;:{},&#34;f:beta.kubernetes.io/arch&#34;:{},&#34;f:beta.kubernetes.io/os&#34;:{},&#34;f:kubernetes.io/arch&#34;:{},&#34;f:kubernetes.io/hostname&#34;:{},&#34;f:kubernetes.io/os&#34;:{},&#34;f:node.kubernetes.io/control-plane&#34;:{},&#34;f:node.kubernetes.io/master&#34;:{}}}} } {kube-controller-manager Update v1 2021-08-27 09:44:36 +0000 UTC FieldsV1 {&#34;f:metadata&#34;:{&#34;f:annotations&#34;:{&#34;f:node.alpha.kubernetes.io/ttl&#34;:{}}}} } {calico-node Update v1 2021-08-27 09:44:41 +0000 UTC FieldsV1 {&#34;f:metadata&#34;:{&#34;f:annotations&#34;:{&#34;f:projectcalico.org/IPv4Address&#34;:{},&#34;f:projectcalico.org/IPv4IPIPTunnelAddr&#34;:{}}},&#34;f:status&#34;:{&#34;f:conditions&#34;:{&#34;k:{\&#34;type\&#34;:\&#34;NetworkUnavailable\&#34;}&#34;:{&#34;.&#34;:{},&#34;f:lastHeartbeatTime&#34;:{},&#34;f:lastTransitionTime&#34;:{},&#34;f:message&#34;:{},&#34;f:reason&#34;:{},&#34;f:status&#34;:{},&#34;f:type&#34;:{}}}}} status} {kubectl-label Update v1 2021-08-27 09:44:44 +0000 UTC FieldsV1 {&#34;f:metadata&#34;:{&#34;f:labels&#34;:{&#34;f:node-role.kubernetes.io/control-plane&#34;:{},&#34;f:node-role.kubernetes.io/master&#34;:{}}}} } {kubelet Update v1 2021-08-27 10:39:53 +0000 UTC FieldsV1 {&#34;f:status&#34;:{&#34;f:conditions&#34;:{&#34;k:{\&#34;type\&#34;:\&#34;DiskPressure\&#34;}&#34;:{&#34;f:lastHeartbeatTime&#34;:{}},&#34;k:{\&#34;type\&#34;:\&#34;MemoryPressure\&#34;}&#34;:{&#34;f:lastHeartbeatTime&#34;:{}},&#34;k:{\&#34;type\&#34;:\&#34;PIDPressure\&#34;}&#34;:{&#34;f:lastHeartbeatTime&#34;:{}},&#34;k:{\&#34;type\&#34;:\&#34;Ready\&#34;}&#34;:{&#34;f:lastHeartbeatTime&#34;:{},&#34;f:lastTransitionTime&#34;:{},&#34;f:message&#34;:{},&#34;f:reason&#34;:{},&#34;f:status&#34;:{}}},&#34;f:images&#34;:{}}} status}]},Spec:NodeSpec{PodCIDR:,DoNotUseExternalID:,ProviderID:,Unschedulable:false,Taints:[]Taint{},ConfigSource:nil,PodCIDRs:[],},Status:NodeStatus{Capacity:ResourceList{cpu: {{4 0} {&lt;nil&gt;} 4 DecimalSI},ephemeral-storage: {{51848359936 0} {&lt;nil&gt;} 50633164Ki BinarySI},hugepages-1Gi: {{0 0} {&lt;nil&gt;} 0 DecimalSI},hugepages-2Mi: {{0 0} {&lt;nil&gt;} 0 DecimalSI},memory: {{16778743808 0} {&lt;nil&gt;} 16385492Ki BinarySI},pods: {{110 0} {&lt;nil&gt;} 110 DecimalSI},},Allocatable:ResourceList{cpu: {{4 0} {&lt;nil&gt;} 4 DecimalSI},ephemeral-storage: {{49255941901 0} {&lt;nil&gt;} 49255941901 DecimalSI},hugepages-1Gi: {{0 0} {&lt;nil&gt;} 0 DecimalSI},hugepages-2Mi: {{0 0} {&lt;nil&gt;} 0 DecimalSI},memory: {{15600144384 0} {&lt;nil&gt;} 15234516Ki BinarySI},pods: {{110 0} {&lt;nil&gt;} 110 DecimalSI},},Phase:,Conditions:[]NodeCondition{NodeCondition{Type:NetworkUnavailable,Status:False,LastHeartbeatTime:2021-08-27 09:44:41 +0000 UTC,LastTransitionTime:2021-08-27 09:44:41 +0000 UTC,Reason:CalicoIsUp,Message:Calico is running on this node,},NodeCondition{Type:MemoryPressure,Status:False,LastHeartbeatTime:2021-08-27 11:00:00 +0000 UTC,LastTransitionTime:2021-08-27 09:44:26 +0000 UTC,Reason:KubeletHasSufficientMemory,Message:kubelet has sufficient memory available,},NodeCondition{Type:DiskPressure,Status:False,LastHeartbeatTime:2021-08-27 11:00:00 +0000 UTC,LastTransitionTime:2021-08-27 09:44:26 +0000 UTC,Reason:KubeletHasNoDiskPressure,Message:kubelet has no disk pressure,},NodeCondition{Type:PIDPressure,Status:False,LastHeartbeatTime:2021-08-27 11:00:00 +0000 UTC,LastTransitionTime:2021-08-27 09:44:26 +0000 UTC,Reason:KubeletHasSufficientPID,Message:kubelet has sufficient PID available,},NodeCondition{Type:Ready,Status:True,LastHeartbeatTime:2021-08-27 11:00:00 +0000 UTC,LastTransitionTime:2021-08-27 09:44:47 +0000 UTC,Reason:KubeletReady,Message:kubelet is posting ready status. AppArmor enabled,},},Addresses:[]NodeAddress{NodeAddress{Type:InternalIP,Address:10.140.0.2,},NodeAddress{Type:Hostname,Address:instance-1,},},DaemonEndpoints:NodeDaemonEndpoints{KubeletEndpoint:DaemonEndpoint{Port:10250,},},NodeInfo:NodeSystemInfo{MachineID:9115f560b455f8c5d2b83bdfb715f3b3,SystemUUID:9115f560-b455-f8c5-d2b8-3bdfb715f3b3,BootID:3bd04ce9-2b88-452c-af59-4599689b83f3,KernelVersion:5.11.0-1017-gcp,OSImage:Ubuntu 21.04,ContainerRuntimeVersion:docker://20.10.8,KubeletVersion:v1.22.1,KubeProxyVersion:v1.22.1,OperatingSystem:linux,Architecture:amd64,},Images:[]ContainerImage{ContainerImage{Names:[slzcc/kubernetes@sha256:d938e2364017b78329200a38b8317db806fe305cf5e26c975a0298e23324fb77 slzcc/kubernetes:v1.22.1.0],SizeBytes:2296544903,},ContainerImage{Names:[quay.io/cilium/cilium:v1.10.1],SizeBytes:409321746,},ContainerImage{Names:[sonobuoy/systemd-logs@sha256:fadad24a66ddd544987c38811108a73d1a306dd3b5e3f090b207786f2825ffde sonobuoy/systemd-logs:v0.3],SizeBytes:297365055,},ContainerImage{Names:[k8s.gcr.io/etcd@sha256:9ce33ba33d8e738a5b85ed50b5080ac746deceed4a7496c550927a7a19ca3b6d k8s.gcr.io/etcd:3.5.0-0],SizeBytes:294536887,},ContainerImage{Names:[k8s.gcr.io/e2e-test-images/jessie-dnsutils@sha256:702a992280fb7c3303e84a5801acbb4c9c7fcf48cffe0e9c8be3f0c60f74cf89 k8s.gcr.io/e2e-test-images/jessie-dnsutils:1.4],SizeBytes:253371792,},ContainerImage{Names:[k8s.gcr.io/etcd:3.4.9],SizeBytes:253347452,},ContainerImage{Names:[k8s.gcr.io/conformance@sha256:e22b40e1e6db0b3fcb9fd565100de0af2c525217769378a20ac4cef47f1502ce k8s.gcr.io/conformance:v1.22.1],SizeBytes:247962555,},ContainerImage{Names:[calico/node:v3.20.0],SizeBytes:169862919,},ContainerImage{Names:[calico/cni:v3.20.0],SizeBytes:146006429,},ContainerImage{Names:[k8s.gcr.io/kube-apiserver:v1.22.1],SizeBytes:128446877,},ContainerImage{Names:[k8s.gcr.io/e2e-test-images/httpd@sha256:716d2f68314c5c4ddd5ecdb45183fcb4ed8019015982c1321571f863989b70b0 k8s.gcr.io/e2e-test-images/httpd:2.4.39-1],SizeBytes:126894770,},ContainerImage{Names:[k8s.gcr.io/e2e-test-images/agnhost@sha256:758db666ac7028534dba72e7e9bb1e57bb81b8196f976f7a5cc351ef8b3529e1 k8s.gcr.io/e2e-test-images/agnhost:2.32],SizeBytes:125930239,},ContainerImage{Names:[k8s.gcr.io/e2e-test-images/httpd@sha256:b913fa234cc3473cfe16e937d106b455a7609f927f59031c81aca791e2689b50 k8s.gcr.io/e2e-test-images/httpd:2.4.38-1],SizeBytes:123781643,},ContainerImage{Names:[k8s.gcr.io/kube-controller-manager:v1.22.1],SizeBytes:121979567,},ContainerImage{Names:[k8s.gcr.io/e2e-test-images/nautilus@sha256:1f36a24cfb5e0c3f725d7565a867c2384282fcbeccc77b07b423c9da95763a9a k8s.gcr.io/e2e-test-images/nautilus:1.4],SizeBytes:121748345,},ContainerImage{Names:[k8s.gcr.io/kube-proxy:v1.22.1],SizeBytes:103645121,},ContainerImage{Names:[haproxy:2.4.2],SizeBytes:95448973,},ContainerImage{Names:[calico/kube-controllers:v3.20.0],SizeBytes:63156065,},ContainerImage{Names:[quay.io/cilium/operator-generic:v1.10.1],SizeBytes:56290965,},ContainerImage{Names:[k8s.gcr.io/kube-scheduler:v1.22.1],SizeBytes:52658888,},ContainerImage{Names:[coredns/coredns@sha256:6e5a02c21641597998b4be7cb5eb1e7b02c0d8d23cce4dd09f4682d463798890 k8s.gcr.io/coredns/coredns@sha256:6e5a02c21641597998b4be7cb5eb1e7b02c0d8d23cce4dd09f4682d463798890 coredns/coredns:1.8.4 k8s.gcr.io/coredns/coredns:v1.8.4],SizeBytes:47554275,},ContainerImage{Names:[coredns/coredns:1.8.3],SizeBytes:43499235,},ContainerImage{Names:[sonobuoy/sonobuoy@sha256:d393e2c862fffd0823409594f3ab8bc2524b359d9e6313ae3f9edb5d3dfa56e1 sonobuoy/sonobuoy:v0.53.2],SizeBytes:37400989,},ContainerImage{Names:[calico/pod2daemon-flexvol@sha256:c17e3e9871682bed00bfd33f8d6f00db1d1a126034a25bf5380355978e0c548d calico/pod2daemon-flexvol:v3.20.0],SizeBytes:21666928,},ContainerImage{Names:[k8s.gcr.io/e2e-test-images/nginx@sha256:503b7abb89e57383eba61cc8a9cb0b495ea575c516108f7d972a6ff6e1ab3c9b k8s.gcr.io/e2e-test-images/nginx:1.14-1],SizeBytes:16032814,},ContainerImage{Names:[slzcc/keepalived:1.2.24.1],SizeBytes:15933789,},ContainerImage{Names:[quay.io/cilium/startup-script:62bfbe88c17778aad7bef9fa57ff9e2d4a9ba0d8],SizeBytes:11739254,},ContainerImage{Names:[k8s.gcr.io/e2e-test-images/nonewprivs@sha256:8ac1264691820febacf3aea5d152cbde6d10685731ec14966a9401c6f47a68ac k8s.gcr.io/e2e-test-images/nonewprivs:1.3],SizeBytes:7107254,},ContainerImage{Names:[k8s.gcr.io/e2e-test-images/busybox@sha256:39e1e963e5310e9c313bad51523be012ede7b35bb9316517d19089a010356592 k8s.gcr.io/e2e-test-images/busybox:1.29-1],SizeBytes:1154361,},ContainerImage{Names:[k8s.gcr.io/pause@sha256:1ff6c18fbef2045af6b9c16bf034cc421a29027b800e4f9b68ae9b1cb3e9ae07 k8s.gcr.io/pause:3.5],SizeBytes:682696,},ContainerImage{Names:[k8s.gcr.io/pause:3.2],SizeBytes:682696,},},VolumesInUse:[],VolumesAttached:[]AttachedVolume{},Config:nil,},}&#xA;Aug 27 11:02:44.808: INFO: &#xA;Logging kubelet events for node instance-1&#xA;Aug 27 11:02:44.812: INFO: &#xA;Logging pods the kubelet thinks is on node instance-1&#xA;Aug 27 11:02:44.823: INFO: kube-apiserver-instance-1 started at 2021-08-27 09:44:20 +0000 UTC (0+1 container statuses recorded)&#xA;Aug 27 11:02:44.823: INFO: &#x9;Container kube-apiserver ready: true, restart count 1&#xA;Aug 27 11:02:44.823: INFO: sonobuoy started at 2021-08-27 09:45:47 +0000 UTC (0+1 container statuses recorded)&#xA;Aug 27 11:02:44.823: INFO: &#x9;Container kube-sonobuoy ready: true, restart count 0&#xA;Aug 27 11:02:44.823: INFO: sonobuoy-systemd-logs-daemon-set-0a76f2e7c4ae491c-6jjs8 started at 2021-08-27 09:45:48 +0000 UTC (0+2 container statuses recorded)&#xA;Aug 27 11:02:44.823: INFO: &#x9;Container sonobuoy-worker ready: true, restart count 0&#xA;Aug 27 11:02:44.823: INFO: &#x9;Container systemd-logs ready: true, restart count 0&#xA;Aug 27 11:02:44.823: INFO: coredns-5449fcdd7-hxflz started at 2021-08-27 10:36:29 +0000 UTC (0+1 container statuses recorded)&#xA;Aug 27 11:02:44.823: INFO: &#x9;Container coredns ready: true, restart count 0&#xA;Aug 27 11:02:44.823: INFO: calico-kube-controllers-866f579489-x4bbh started at 2021-08-27 10:36:29 +0000 UTC (0+1 container statuses recorded)&#xA;Aug 27 11:02:44.823: INFO: &#x9;Container calico-kube-controllers ready: true, restart count 0&#xA;Aug 27 11:02:44.823: INFO: coredns-5449fcdd7-9wk7q started at 2021-08-27 10:36:29 +0000 UTC (0+1 container statuses recorded)&#xA;Aug 27 11:02:44.823: INFO: &#x9;Container coredns ready: true, restart count 0&#xA;Aug 27 11:02:44.823: INFO: etcd-instance-1 started at 2021-08-27 09:44:20 +0000 UTC (0+1 container statuses recorded)&#xA;Aug 27 11:02:44.823: INFO: &#x9;Container etcd ready: true, restart count 7&#xA;Aug 27 11:02:44.823: INFO: haproxy-instance-1 started at 2021-08-27 09:44:20 +0000 UTC (0+1 container statuses recorded)&#xA;Aug 27 11:02:44.823: INFO: &#x9;Container haproxy ready: true, restart count 7&#xA;Aug 27 11:02:44.823: INFO: kube-scheduler-instance-1 started at 2021-08-27 09:44:20 +0000 UTC (0+1 container statuses recorded)&#xA;Aug 27 11:02:44.823: INFO: &#x9;Container kube-scheduler ready: true, restart count 1&#xA;Aug 27 11:02:44.823: INFO: kube-proxy-45vxz started at 2021-08-27 09:44:35 +0000 UTC (0+1 container statuses recorded)&#xA;Aug 27 11:02:44.823: INFO: &#x9;Container kube-proxy ready: true, restart count 0&#xA;Aug 27 11:02:44.823: INFO: sonobuoy-e2e-job-8f4800e0b3a54e3c started at 2021-08-27 09:45:48 +0000 UTC (0+2 container statuses recorded)&#xA;Aug 27 11:02:44.823: INFO: &#x9;Container e2e ready: true, restart count 0&#xA;Aug 27 11:02:44.823: INFO: &#x9;Container sonobuoy-worker ready: true, restart count 0&#xA;Aug 27 11:02:44.823: INFO: kube-controller-manager-instance-1 started at 2021-08-27 09:44:20 +0000 UTC (0+1 container statuses recorded)&#xA;Aug 27 11:02:44.823: INFO: &#x9;Container kube-controller-manager ready: true, restart count 1&#xA;Aug 27 11:02:44.823: INFO: calico-node-jtcrr started at 2021-08-27 09:44:35 +0000 UTC (3+1 container statuses recorded)&#xA;Aug 27 11:02:44.823: INFO: &#x9;Init container upgrade-ipam ready: true, restart count 0&#xA;Aug 27 11:02:44.823: INFO: &#x9;Init container install-cni ready: true, restart count 0&#xA;Aug 27 11:02:44.823: INFO: &#x9;Init container flexvol-driver ready: true, restart count 0&#xA;Aug 27 11:02:44.823: INFO: &#x9;Container calico-node ready: true, restart count 0&#xA;Aug 27 11:02:45.106: INFO: &#xA;Latency metrics for node instance-1&#xA;Aug 27 11:02:45.106: INFO: Waiting up to 3m0s for all (but 0) nodes to be ready&#xA;STEP: Destroying namespace &#34;services-5649&#34; for this suite.&#xA;[AfterEach] [sig-network] Services&#xA;  /workspace/src/k8s.io/kubernetes/_output/dockerized/go/src/k8s.io/kubernetes/test/e2e/network/service.go:753&#xA;</system-out>
      </testcase>
      <testcase name="[sig-storage] In-tree Volumes [Driver: gcepd] [Testpattern: Dynamic PV (xfs)][Slow] volumes should allow exec of files on the volume" classname="Kubernetes e2e suite" time="0">
          <skipped></skipped>
      </testcase>
      <testcase name="[sig-storage] In-tree Volumes [Driver: vsphere] [Testpattern: Dynamic PV (filesystem volmode)] volumeLimits should support volume limits [Serial]" classname="Kubernetes e2e suite" time="0">
          <skipped></skipped>
      </testcase>
      <testcase name="[sig-storage] In-tree Volumes [Driver: gcepd] [Testpattern: Pre-provisioned PV (filesystem volmode)] multiVolume [Slow] should access to two volumes with the same volume mode and retain data across pod recreation on the same node" classname="Kubernetes e2e suite" time="0">
          <skipped></skipped>
      </testcase>
      <testcase name="[sig-storage] EmptyDir volumes pod should support shared volumes between containers [Conformance]" classname="Kubernetes e2e suite" time="4.198637677"></testcase>
      <testcase name="[sig-storage] In-tree Volumes [Driver: local][LocalVolumeType: blockfs] [Testpattern: Dynamic PV (default fs)] subPath should fail if non-existent subpath is outside the volume [Slow][LinuxOnly]" classname="Kubernetes e2e suite" time="0">
          <skipped></skipped>
      </testcase>
      <testcase name="[sig-storage] CSI mock volume CSIStorageCapacity CSIStorageCapacity used, have capacity" classname="Kubernetes e2e suite" time="0">
          <skipped></skipped>
      </testcase>
      <testcase name="[sig-storage] In-tree Volumes [Driver: rbd][Feature:Volumes][Serial] [Testpattern: Dynamic PV (default fs)(allowExpansion)] volume-expand should resize volume when PVC is edited while pod is using it" classname="Kubernetes e2e suite" time="0">
          <skipped></skipped>
      </testcase>
      <testcase name="[sig-storage] In-tree Volumes [Driver: azure-disk] [Testpattern: Dynamic PV (ntfs)][Feature:Windows] provisioning should provision storage with pvc data source" classname="Kubernetes e2e suite" time="0">
          <skipped></skipped>
      </testcase>
      <testcase name="[sig-storage] In-tree Volumes [Driver: aws] [Testpattern: Dynamic PV (filesystem volmode)] multiVolume [Slow] should concurrently access the single volume from pods on different node" classname="Kubernetes e2e suite" time="0">
          <skipped></skipped>
      </testcase>
      <testcase name="[sig-network] Loadbalancing: L7 GCE [Slow] [Feature:NEG] [Flaky] should be able to switch between IG and NEG modes" classname="Kubernetes e2e suite" time="0">
          <skipped></skipped>
      </testcase>
      <testcase name="[sig-storage] In-tree Volumes [Driver: local][LocalVolumeType: tmpfs] [Testpattern: Pre-provisioned PV (ext3)] volumes should store data" classname="Kubernetes e2e suite" time="0">
          <skipped></skipped>
      </testcase>
      <testcase name="[sig-storage] In-tree Volumes [Driver: iscsi][Feature:Volumes] [Testpattern: Dynamic PV (xfs)][Slow] multiVolume [Slow] should concurrently access the single volume from pods on different node" classname="Kubernetes e2e suite" time="0">
          <skipped></skipped>
      </testcase>
      <testcase name="[sig-storage] In-tree Volumes [Driver: local][LocalVolumeType: block] [Testpattern: Dynamic PV (default fs)] subPath should fail if non-existent subpath is outside the volume [Slow][LinuxOnly]" classname="Kubernetes e2e suite" time="0">
          <skipped></skipped>
      </testcase>
      <testcase name="[sig-storage] CSI Volumes [Driver: csi-hostpath] [Testpattern: Pre-provisioned PV (default fs)] volumes should store data" classname="Kubernetes e2e suite" time="0">
          <skipped></skipped>
      </testcase>
      <testcase name="[sig-storage] CSI Volumes [Driver: csi-hostpath] [Testpattern: Dynamic PV (ntfs)][Feature:Windows] subPath should unmount if pod is force deleted while kubelet is down [Disruptive][Slow][LinuxOnly]" classname="Kubernetes e2e suite" time="0">
          <skipped></skipped>
      </testcase>
      <testcase name="[sig-storage] In-tree Volumes [Driver: windows-gcepd] [Testpattern: Dynamic PV (default fs)] subPath should support non-existent path" classname="Kubernetes e2e suite" time="0">
          <skipped></skipped>
      </testcase>
      <testcase name="[sig-storage] CSI Volumes [Driver: csi-hostpath] [Testpattern: Inline-volume (default fs)] subPath should fail if non-existent subpath is outside the volume [Slow][LinuxOnly]" classname="Kubernetes e2e suite" time="0">
          <skipped></skipped>
      </testcase>
      <testcase name="[sig-storage] In-tree Volumes [Driver: local][LocalVolumeType: gce-localssd-scsi-fs] [Serial] [Testpattern: Pre-provisioned PV (block volmode)] disruptive[Disruptive][LinuxOnly] Should test that pv used in a pod that is force deleted while the kubelet is down cleans up when the kubelet returns." classname="Kubernetes e2e suite" time="0">
          <skipped></skipped>
      </testcase>
      <testcase name="[sig-network] Services should respect internalTrafficPolicy=Local Pod (hostNetwork: true) to Pod [Feature:ServiceInternalTrafficPolicy]" classname="Kubernetes e2e suite" time="0">
          <skipped></skipped>
      </testcase>
      <testcase name="[sig-storage] In-tree Volumes [Driver: local][LocalVolumeType: dir] [Testpattern: Dynamic PV (block volmode)] multiVolume [Slow] should concurrently access the volume and restored snapshot from pods on the same node [LinuxOnly][Feature:VolumeSnapshotDataSource][Feature:VolumeSourceXFS]" classname="Kubernetes e2e suite" time="0">
          <skipped></skipped>
      </testcase>
      <testcase name="[sig-apps] Daemon set [Serial] should retry creating failed daemon pods [Conformance]" classname="Kubernetes e2e suite" time="4.568198121"></testcase>
      <testcase name="[sig-storage] In-tree Volumes [Driver: local][LocalVolumeType: tmpfs] [Testpattern: Inline-volume (default fs)] subPath should support creating multiple subpath from same volumes [Slow]" classname="Kubernetes e2e suite" time="0">
          <skipped></skipped>
      </testcase>
      <testcase name="[sig-storage] In-tree Volumes [Driver: emptydir] [Testpattern: Dynamic PV (xfs)][Slow] multiVolume [Slow] should concurrently access the volume and restored snapshot from pods on the same node [LinuxOnly][Feature:VolumeSnapshotDataSource][Feature:VolumeSourceXFS]" classname="Kubernetes e2e suite" time="0">
          <skipped></skipped>
      </testcase>
      <testcase name="[sig-storage] In-tree Volumes [Driver: local][LocalVolumeType: dir-bindmounted] [Testpattern: Pre-provisioned PV (block volmode)] volumeMode should fail to use a volume in a pod with mismatched mode [Slow]" classname="Kubernetes e2e suite" time="0">
          <skipped></skipped>
      </testcase>
      <testcase name="[sig-storage] In-tree Volumes [Driver: hostPath] [Testpattern: Inline-volume (default fs)] subPath should unmount if pod is force deleted while kubelet is down [Disruptive][Slow][LinuxOnly]" classname="Kubernetes e2e suite" time="0">
          <skipped></skipped>
      </testcase>
      <testcase name="[sig-storage] In-tree Volumes [Driver: windows-gcepd] [Testpattern: Pre-provisioned PV (block volmode)] volumeMode should fail to use a volume in a pod with mismatched mode [Slow]" classname="Kubernetes e2e suite" time="0">
          <skipped></skipped>
      </testcase>
      <testcase name="[sig-storage] In-tree Volumes [Driver: local][LocalVolumeType: block] [Testpattern: Dynamic PV (default fs)] volume-expand should not allow expansion of pvcs without AllowVolumeExpansion property" classname="Kubernetes e2e suite" time="0">
          <skipped></skipped>
      </testcase>
      <testcase name="[sig-storage] Pod Disks schedule pods each with a PD, delete pod and verify detach [Slow] for read-only PD with pod delete grace period of &#34;immediate (0s)&#34;" classname="Kubernetes e2e suite" time="0">
          <skipped></skipped>
      </testcase>
      <testcase name="[sig-storage] In-tree Volumes [Driver: ceph][Feature:Volumes][Serial] [Testpattern: Dynamic PV (block volmode)] provisioning should provision storage with pvc data source" classname="Kubernetes e2e suite" time="0">
          <skipped></skipped>
      </testcase>
      <testcase name="[sig-storage] In-tree Volumes [Driver: windows-gcepd] [Testpattern: Inline-volume (xfs)][Slow] volumes should store data" classname="Kubernetes e2e suite" time="0">
          <skipped></skipped>
      </testcase>
      <testcase name="[sig-storage] In-tree Volumes [Driver: ceph][Feature:Volumes][Serial] [Testpattern: Dynamic PV (default fs)] provisioning should provision storage with snapshot data source [Feature:VolumeSnapshotDataSource]" classname="Kubernetes e2e suite" time="0">
          <skipped></skipped>
      </testcase>
      <testcase name="[sig-network] HostPort validates that there is no conflict between pods with same hostPort but different hostIP and protocol [LinuxOnly] [Conformance]" classname="Kubernetes e2e suite" time="15.444112191"></testcase>
      <testcase name="[sig-storage] In-tree Volumes [Driver: windows-gcepd] [Testpattern: Pre-provisioned PV (xfs)][Slow] volumes should allow exec of files on the volume" classname="Kubernetes e2e suite" time="0">
          <skipped></skipped>
      </testcase>
      <testcase name="[sig-api-machinery] Watchers should be able to start watching from a specific resource version [Conformance]" classname="Kubernetes e2e suite" time="0.07772347"></testcase>
      <testcase name="[sig-scheduling] SchedulerPreemption [Serial] PreemptionExecutionPath runs ReplicaSets to verify preemption running path [Conformance]" classname="Kubernetes e2e suite" time="87.393888845"></testcase>
      <testcase name="[sig-api-machinery] Etcd failure [Disruptive] should recover from network partition with master" classname="Kubernetes e2e suite" time="0">
          <skipped></skipped>
      </testcase>
      <testcase name="[sig-storage] In-tree Volumes [Driver: local][LocalVolumeType: dir-link-bindmounted] [Testpattern: Dynamic PV (block volmode)] multiVolume [Slow] should access to two volumes with different volume mode and retain data across pod recreation on the same node" classname="Kubernetes e2e suite" time="0">
          <skipped></skipped>
      </testcase>
      <testcase name="[sig-apps] DisruptionController should create a PodDisruptionBudget [Conformance]" classname="Kubernetes e2e suite" time="0.120674703"></testcase>
      <testcase name="[sig-storage] In-tree Volumes [Driver: local][LocalVolumeType: dir-link-bindmounted] [Testpattern: Inline-volume (default fs)] subPath should support readOnly directory specified in the volumeMount" classname="Kubernetes e2e suite" time="0">
          <skipped></skipped>
      </testcase>
      <testcase name="[sig-storage] In-tree Volumes [Driver: local][LocalVolumeType: dir-link] [Testpattern: Dynamic PV (block volmode)] multiVolume [Slow] should concurrently access the single read-only volume from pods on the same node" classname="Kubernetes e2e suite" time="0">
          <skipped></skipped>
      </testcase>
      <testcase name="[sig-storage] In-tree Volumes [Driver: local][LocalVolumeType: dir-link-bindmounted] [Testpattern: Inline-volume (default fs)] subPath should unmount if pod is gracefully deleted while kubelet is down [Disruptive][Slow][LinuxOnly]" classname="Kubernetes e2e suite" time="0">
          <skipped></skipped>
      </testcase>
      <testcase name="[sig-storage] In-tree Volumes [Driver: azure-disk] [Testpattern: Pre-provisioned PV (default fs)] subPath should fail if non-existent subpath is outside the volume [Slow][LinuxOnly]" classname="Kubernetes e2e suite" time="0">
          <skipped></skipped>
      </testcase>
      <testcase name="[sig-storage] In-tree Volumes [Driver: gcepd] [Testpattern: Dynamic PV (block volmode)] volumeMode should not mount / map unused volumes in a pod [LinuxOnly]" classname="Kubernetes e2e suite" time="0">
          <skipped></skipped>
      </testcase>
      <testcase name="[sig-storage] In-tree Volumes [Driver: local][LocalVolumeType: dir-link-bindmounted] [Testpattern: Dynamic PV (block volmode)] multiVolume [Slow] should access to two volumes with the same volume mode and retain data across pod recreation on the same node" classname="Kubernetes e2e suite" time="0">
          <skipped></skipped>
      </testcase>
      <testcase name="[sig-storage] In-tree Volumes [Driver: local][LocalVolumeType: gce-localssd-scsi-fs] [Serial] [Testpattern: Dynamic PV (default fs)] fsgroupchangepolicy (Always)[LinuxOnly], pod created with an initial fsgroup, volume contents ownership changed in first pod, new pod with same fsgroup applied to the volume contents" classname="Kubernetes e2e suite" time="0">
          <skipped></skipped>
      </testcase>
      <testcase name="[sig-storage] In-tree Volumes [Driver: vsphere] [Testpattern: Dynamic PV (default fs)] fsgroupchangepolicy (OnRootMismatch)[LinuxOnly], pod created with an initial fsgroup, volume contents ownership changed in first pod, new pod with same fsgroup skips ownership changes to the volume contents" classname="Kubernetes e2e suite" time="0">
          <skipped></skipped>
      </testcase>
      <testcase name="[sig-storage] In-tree Volumes [Driver: vsphere] [Testpattern: Dynamic PV (ext4)] multiVolume [Slow] should concurrently access the single read-only volume from pods on the same node" classname="Kubernetes e2e suite" time="0">
          <skipped></skipped>
      </testcase>
      <testcase name="[sig-storage] In-tree Volumes [Driver: hostPath] [Testpattern: Dynamic PV (ntfs)][Feature:Windows] volumes should allow exec of files on the volume" classname="Kubernetes e2e suite" time="0">
          <skipped></skipped>
      </testcase>
      <testcase name="[sig-storage] CSI Volumes [Driver: pd.csi.storage.gke.io][Serial] [Testpattern: Dynamic PV (default fs)(allowExpansion)] volume-expand should resize volume when PVC is edited while pod is using it" classname="Kubernetes e2e suite" time="0">
          <skipped></skipped>
      </testcase>
      <testcase name="[sig-storage] Projected secret should be consumable from pods in volume as non-root with defaultMode and fsGroup set [LinuxOnly] [NodeConformance] [Conformance]" classname="Kubernetes e2e suite" time="2.147111461"></testcase>
      <testcase name="[sig-storage] In-tree Volumes [Driver: aws] [Testpattern: Dynamic PV (block volmode)(allowExpansion)] volume-expand Verify if offline PVC expansion works" classname="Kubernetes e2e suite" time="0">
          <skipped></skipped>
      </testcase>
      <testcase name="[sig-network] NetworkPolicyLegacy [LinuxOnly] NetworkPolicy between server and client should allow ingress access on one named port [Feature:NetworkPolicy]" classname="Kubernetes e2e suite" time="0">
          <skipped></skipped>
      </testcase>
      <testcase name="[sig-storage] In-tree Volumes [Driver: local][LocalVolumeType: blockfs] [Testpattern: Pre-provisioned PV (filesystem volmode)] volumeMode should not mount / map unused volumes in a pod [LinuxOnly]" classname="Kubernetes e2e suite" time="0">
          <skipped></skipped>
      </testcase>
      <testcase name="[sig-storage] In-tree Volumes [Driver: local][LocalVolumeType: dir-link] [Testpattern: Pre-provisioned PV (block volmode)] multiVolume [Slow] should concurrently access the single volume from pods on different node" classname="Kubernetes e2e suite" time="0">
          <skipped></skipped>
      </testcase>
      <testcase name="[sig-storage] In-tree Volumes [Driver: local][LocalVolumeType: dir-link] [Testpattern: Pre-provisioned PV (default fs)] subPath should unmount if pod is gracefully deleted while kubelet is down [Disruptive][Slow][LinuxOnly]" classname="Kubernetes e2e suite" time="0">
          <skipped></skipped>
      </testcase>
      <testcase name="[sig-storage] In-tree Volumes [Driver: hostPath] [Testpattern: Inline-volume (ext3)] volumes should store data" classname="Kubernetes e2e suite" time="0">
          <skipped></skipped>
      </testcase>
      <testcase name="[sig-storage] CSI Volumes [Driver: csi-hostpath] [Testpattern: Dynamic PV (block volmode)] disruptive[Disruptive][LinuxOnly] Should test that pv used in a pod that is deleted while the kubelet is down cleans up when the kubelet returns." classname="Kubernetes e2e suite" time="0">
          <skipped></skipped>
      </testcase>
      <testcase name="[sig-api-machinery] Aggregator Should be able to support the 1.17 Sample API Server using the current Aggregator [Conformance]" classname="Kubernetes e2e suite" time="18.993197438"></testcase>
      <testcase name="[sig-api-machinery] API priority and fairness should ensure that requests can&#39;t be drowned out (fairness)" classname="Kubernetes e2e suite" time="0">
          <skipped></skipped>
      </testcase>
      <testcase name="[sig-autoscaling] Cluster size autoscaling [Slow] should increase cluster size if pending pods are small and one node is broken [Feature:ClusterSizeAutoscalingScaleUp]" classname="Kubernetes e2e suite" time="0">
          <skipped></skipped>
      </testcase>
      <testcase name="[sig-storage] In-tree Volumes [Driver: rbd][Feature:Volumes][Serial] [Testpattern: Inline-volume (ntfs)][Feature:Windows] volumes should store data" classname="Kubernetes e2e suite" time="0">
          <skipped></skipped>
      </testcase>
      <testcase name="[sig-storage] In-tree Volumes [Driver: local][LocalVolumeType: dir-link] [Testpattern: Dynamic PV (default fs)] subPath should unmount if pod is force deleted while kubelet is down [Disruptive][Slow][LinuxOnly]" classname="Kubernetes e2e suite" time="0">
          <skipped></skipped>
      </testcase>
      <testcase name="[sig-storage] In-tree Volumes [Driver: gcepd] [Testpattern: Pre-provisioned PV (default fs)] subPath should fail if subpath file is outside the volume [Slow][LinuxOnly]" classname="Kubernetes e2e suite" time="0">
          <skipped></skipped>
      </testcase>
      <testcase name="[sig-storage] In-tree Volumes [Driver: hostPath] [Testpattern: Dynamic PV (block volmode)] multiVolume [Slow] should concurrently access the volume and its clone from pods on the same node [LinuxOnly][Feature:VolumeSnapshotDataSource][Feature:VolumeSourceXFS]" classname="Kubernetes e2e suite" time="0">
          <skipped></skipped>
      </testcase>
      <testcase name="[sig-storage] In-tree Volumes [Driver: hostPathSymlink] [Testpattern: Dynamic PV (default fs)] subPath should support restarting containers using directory as subpath [Slow]" classname="Kubernetes e2e suite" time="0">
          <skipped></skipped>
      </testcase>
      <testcase name="[sig-storage] In-tree Volumes [Driver: local][LocalVolumeType: block] [Testpattern: Inline-volume (default fs)] subPath should support readOnly file specified in the volumeMount [LinuxOnly]" classname="Kubernetes e2e suite" time="0">
          <skipped></skipped>
      </testcase>
      <testcase name="[sig-storage] In-tree Volumes [Driver: local][LocalVolumeType: dir-bindmounted] [Testpattern: Dynamic PV (default fs)] capacity provides storage capacity information" classname="Kubernetes e2e suite" time="0">
          <skipped></skipped>
      </testcase>
      <testcase name="[sig-storage] In-tree Volumes [Driver: local][LocalVolumeType: gce-localssd-scsi-fs] [Serial] [Testpattern: Inline-volume (default fs)] subPath should support readOnly file specified in the volumeMount [LinuxOnly]" classname="Kubernetes e2e suite" time="0">
          <skipped></skipped>
      </testcase>
      <testcase name="[sig-storage] In-tree Volumes [Driver: local][LocalVolumeType: dir-link-bindmounted] [Testpattern: Dynamic PV (default fs)] volumeIO should write files of various sizes, verify size, validate content [Slow][LinuxOnly]" classname="Kubernetes e2e suite" time="0">
          <skipped></skipped>
      </testcase>
      <testcase name="[sig-storage] In-tree Volumes [Driver: hostPathSymlink] [Testpattern: Pre-provisioned PV (default fs)] subPath should be able to unmount after the subpath directory is deleted [LinuxOnly]" classname="Kubernetes e2e suite" time="0">
          <skipped></skipped>
      </testcase>
      <testcase name="[sig-api-machinery] server version should find the server version [Conformance]" classname="Kubernetes e2e suite" time="0.06031813"></testcase>
      <testcase name="[sig-storage] In-tree Volumes [Driver: aws] [Testpattern: Dynamic PV (block volmode)] provisioning should provision storage with pvc data source in parallel [Slow]" classname="Kubernetes e2e suite" time="0">
          <skipped></skipped>
      </testcase>
      <testcase name="[sig-storage] In-tree Volumes [Driver: hostPath] [Testpattern: Dynamic PV (filesystem volmode)] volumeLimits should support volume limits [Serial]" classname="Kubernetes e2e suite" time="0">
          <skipped></skipped>
      </testcase>
      <testcase name="[sig-storage] In-tree Volumes [Driver: aws] [Testpattern: Dynamic PV (delayed binding)] topology should fail to schedule a pod which has topologies that conflict with AllowedTopologies" classname="Kubernetes e2e suite" time="0">
          <skipped></skipped>
      </testcase>
      <testcase name="[sig-storage] In-tree Volumes [Driver: local][LocalVolumeType: dir-link] [Testpattern: Pre-provisioned PV (default fs)] volumes should allow exec of files on the volume" classname="Kubernetes e2e suite" time="0">
          <skipped></skipped>
      </testcase>
      <testcase name="[sig-node] Probing container should be restarted with a local redirect http liveness probe" classname="Kubernetes e2e suite" time="0">
          <skipped></skipped>
      </testcase>
      <testcase name="[sig-api-machinery] AdmissionWebhook [Privileged:ClusterAdmin] should unconditionally reject operations on fail closed webhook [Conformance]" classname="Kubernetes e2e suite" time="14.963396311"></testcase>
      <testcase name="[sig-storage] In-tree Volumes [Driver: cinder] [Testpattern: Dynamic PV (default fs)] provisioning should provision storage with pvc data source" classname="Kubernetes e2e suite" time="0">
          <skipped></skipped>
      </testcase>
      <testcase name="[sig-storage] In-tree Volumes [Driver: gluster] [Testpattern: Inline-volume (default fs)] subPath should fail if non-existent subpath is outside the volume [Slow][LinuxOnly]" classname="Kubernetes e2e suite" time="0">
          <skipped></skipped>
      </testcase>
      <testcase name="[sig-storage] In-tree Volumes [Driver: local][LocalVolumeType: dir-bindmounted] [Testpattern: Inline-volume (default fs)] volumes should allow exec of files on the volume" classname="Kubernetes e2e suite" time="0">
          <skipped></skipped>
      </testcase>
      <testcase name="[sig-storage] PersistentVolumes:vsphere [Feature:vsphere] should test that deleting a PVC before the pod does not cause pod deletion to fail on vsphere volume detach" classname="Kubernetes e2e suite" time="0">
          <skipped></skipped>
      </testcase>
      <testcase name="[sig-storage] In-tree Volumes [Driver: local][LocalVolumeType: dir-bindmounted] [Testpattern: Dynamic PV (ext3)] volumes should store data" classname="Kubernetes e2e suite" time="0">
          <skipped></skipped>
      </testcase>
      <testcase name="[sig-storage] HostPathType Socket [Slow] Should fail on mounting non-existent socket &#39;does-not-exist-socket&#39; when HostPathType is HostPathSocket" classname="Kubernetes e2e suite" time="0">
          <skipped></skipped>
      </testcase>
      <testcase name="[sig-storage] In-tree Volumes [Driver: ceph][Feature:Volumes][Serial] [Testpattern: Dynamic PV (xfs)][Slow] multiVolume [Slow] should access to two volumes with different volume mode and retain data across pod recreation on the same node" classname="Kubernetes e2e suite" time="0">
          <skipped></skipped>
      </testcase>
      <testcase name="[sig-apps] Deployment Deployment should have a working scale subresource [Conformance]" classname="Kubernetes e2e suite" time="2.215872508"></testcase>
      <testcase name="[sig-network] DNS configMap nameserver Forward external name lookup should forward externalname lookup to upstream nameserver [Slow][Serial]" classname="Kubernetes e2e suite" time="0">
          <skipped></skipped>
      </testcase>
      <testcase name="[sig-storage] In-tree Volumes [Driver: windows-gcepd] [Testpattern: Pre-provisioned PV (block volmode)] multiVolume [Slow] should access to two volumes with different volume mode and retain data across pod recreation on the same node" classname="Kubernetes e2e suite" time="0">
          <skipped></skipped>
      </testcase>
      <testcase name="[sig-storage] CSI Volumes [Driver: pd.csi.storage.gke.io][Serial] [Testpattern: Dynamic PV (block volmode)] volumes should store data" classname="Kubernetes e2e suite" time="0">
          <skipped></skipped>
      </testcase>
      <testcase name="[sig-storage] In-tree Volumes [Driver: vsphere] [Testpattern: Dynamic PV (xfs)][Slow] multiVolume [Slow] should concurrently access the volume and its clone from pods on the same node [LinuxOnly][Feature:VolumeSnapshotDataSource][Feature:VolumeSourceXFS]" classname="Kubernetes e2e suite" time="0">
          <skipped></skipped>
      </testcase>
      <testcase name="[sig-storage] In-tree Volumes [Driver: hostPathSymlink] [Testpattern: Dynamic PV (ntfs)][Feature:Windows] volume-expand should not allow expansion of pvcs without AllowVolumeExpansion property" classname="Kubernetes e2e suite" time="0">
          <skipped></skipped>
      </testcase>
      <testcase name="[sig-storage] In-tree Volumes [Driver: local][LocalVolumeType: dir] [Testpattern: Pre-provisioned PV (ext3)] volumes should store data" classname="Kubernetes e2e suite" time="0">
          <skipped></skipped>
      </testcase>
      <testcase name="[sig-storage] In-tree Volumes [Driver: gluster] [Testpattern: Dynamic PV (filesystem volmode)] volumeMode should not mount / map unused volumes in a pod [LinuxOnly]" classname="Kubernetes e2e suite" time="0">
          <skipped></skipped>
      </testcase>
      <testcase name="[sig-storage] CSI Volumes [Driver: csi-hostpath] [Testpattern: Dynamic PV (default fs)] subPath should fail if subpath file is outside the volume [Slow][LinuxOnly]" classname="Kubernetes e2e suite" time="0">
          <skipped></skipped>
      </testcase>
      <testcase name="[sig-storage] In-tree Volumes [Driver: local][LocalVolumeType: tmpfs] [Testpattern: Pre-provisioned PV (block volmode)] volumes should store data" classname="Kubernetes e2e suite" time="0">
          <skipped></skipped>
      </testcase>
      <testcase name="[sig-node] Security Context should support seccomp default which is unconfined [LinuxOnly]" classname="Kubernetes e2e suite" time="0">
          <skipped></skipped>
      </testcase>
      <testcase name="[sig-storage] In-tree Volumes [Driver: local][LocalVolumeType: blockfs] [Testpattern: Pre-provisioned PV (xfs)][Slow] volumes should store data" classname="Kubernetes e2e suite" time="0">
          <skipped></skipped>
      </testcase>
      <testcase name="[sig-storage] In-tree Volumes [Driver: local][LocalVolumeType: tmpfs] [Testpattern: Inline-volume (ext4)] volumes should store data" classname="Kubernetes e2e suite" time="0">
          <skipped></skipped>
      </testcase>
      <testcase name="[sig-storage] In-tree Volumes [Driver: local][LocalVolumeType: dir] [Testpattern: Dynamic PV (default fs)] fsgroupchangepolicy (Always)[LinuxOnly], pod created with an initial fsgroup, new pod fsgroup applied to volume contents" classname="Kubernetes e2e suite" time="0">
          <skipped></skipped>
      </testcase>
      <testcase name="[sig-storage] In-tree Volumes [Driver: local][LocalVolumeType: gce-localssd-scsi-fs] [Serial] [Testpattern: Pre-provisioned PV (default fs)] subPath should support existing directory" classname="Kubernetes e2e suite" time="0">
          <skipped></skipped>
      </testcase>
      <testcase name="[sig-storage] In-tree Volumes [Driver: local][LocalVolumeType: block] [Testpattern: Pre-provisioned PV (default fs)] subPath should fail if subpath with backstepping is outside the volume [Slow][LinuxOnly]" classname="Kubernetes e2e suite" time="0">
          <skipped></skipped>
      </testcase>
      <testcase name="[sig-storage] In-tree Volumes [Driver: gcepd] [Testpattern: Pre-provisioned PV (block volmode)] multiVolume [Slow] should access to two volumes with different volume mode and retain data across pod recreation on different node" classname="Kubernetes e2e suite" time="0">
          <skipped></skipped>
      </testcase>
      <testcase name="[sig-storage] CSI Volumes [Driver: csi-hostpath] [Testpattern: Dynamic PV (ntfs)][Feature:Windows] volume-expand should not allow expansion of pvcs without AllowVolumeExpansion property" classname="Kubernetes e2e suite" time="0">
          <skipped></skipped>
      </testcase>
      <testcase name="[sig-network] [Feature:PerformanceDNS][Serial] Should answer DNS query for maximum number of services per cluster" classname="Kubernetes e2e suite" time="0">
          <skipped></skipped>
      </testcase>
      <testcase name="[sig-storage] In-tree Volumes [Driver: local][LocalVolumeType: dir] [Testpattern: Inline-volume (default fs)] subPath should support restarting containers using file as subpath [Slow][LinuxOnly]" classname="Kubernetes e2e suite" time="0">
          <skipped></skipped>
      </testcase>
      <testcase name="[sig-storage] In-tree Volumes [Driver: nfs] [Testpattern: Inline-volume (default fs)] subPath should support creating multiple subpath from same volumes [Slow]" classname="Kubernetes e2e suite" time="0">
          <skipped></skipped>
      </testcase>
      <testcase name="[sig-api-machinery] API priority and fairness should ensure that requests can&#39;t be drowned out (priority)" classname="Kubernetes e2e suite" time="0">
          <skipped></skipped>
      </testcase>
      <testcase name="[sig-storage] In-tree Volumes [Driver: local][LocalVolumeType: dir-link] [Testpattern: Inline-volume (default fs)] volumes should allow exec of files on the volume" classname="Kubernetes e2e suite" time="0">
          <skipped></skipped>
      </testcase>
      <testcase name="[sig-storage] In-tree Volumes [Driver: aws] [Testpattern: Pre-provisioned PV (ext3)] volumes should store data" classname="Kubernetes e2e suite" time="0">
          <skipped></skipped>
      </testcase>
      <testcase name="[sig-storage] In-tree Volumes [Driver: gluster] [Testpattern: Dynamic PV (ntfs)][Feature:Windows] subPath should fail if subpath with backstepping is outside the volume [Slow][LinuxOnly]" classname="Kubernetes e2e suite" time="0">
          <skipped></skipped>
      </testcase>
      <testcase name="[sig-storage] In-tree Volumes [Driver: hostPathSymlink] [Testpattern: Inline-volume (default fs)] subPath should support existing directories when readOnly specified in the volumeSource" classname="Kubernetes e2e suite" time="0">
          <skipped></skipped>
      </testcase>
      <testcase name="[sig-storage] In-tree Volumes [Driver: cinder] [Testpattern: Dynamic PV (filesystem volmode)] volumeMode should fail to use a volume in a pod with mismatched mode [Slow]" classname="Kubernetes e2e suite" time="0">
          <skipped></skipped>
      </testcase>
      <testcase name="[sig-storage] In-tree Volumes [Driver: nfs] [Testpattern: Dynamic PV (block volmode)] disruptive[Disruptive][LinuxOnly] Should test that pv used in a pod that is force deleted while the kubelet is down cleans up when the kubelet returns." classname="Kubernetes e2e suite" time="0">
          <skipped></skipped>
      </testcase>
      <testcase name="[sig-storage] In-tree Volumes [Driver: aws] [Testpattern: Inline-volume (default fs)] subPath should support readOnly file specified in the volumeMount [LinuxOnly]" classname="Kubernetes e2e suite" time="0">
          <skipped></skipped>
      </testcase>
      <testcase name="[sig-storage] In-tree Volumes [Driver: aws] [Testpattern: Pre-provisioned PV (default fs)] subPath should support existing directories when readOnly specified in the volumeSource" classname="Kubernetes e2e suite" time="0">
          <skipped></skipped>
      </testcase>
      <testcase name="[sig-storage] PersistentVolumes-local  [Volume type: blockfswithoutformat] Set fsGroup for local volume should set same fsGroup for two pods simultaneously [Slow]" classname="Kubernetes e2e suite" time="0">
          <skipped></skipped>
      </testcase>
      <testcase name="[sig-storage] In-tree Volumes [Driver: local][LocalVolumeType: dir-link] [Testpattern: Dynamic PV (default fs)] volumes should store data" classname="Kubernetes e2e suite" time="0">
          <skipped></skipped>
      </testcase>
      <testcase name="[sig-storage] In-tree Volumes [Driver: ceph][Feature:Volumes][Serial] [Testpattern: Dynamic PV (default fs)] subPath should be able to unmount after the subpath directory is deleted [LinuxOnly]" classname="Kubernetes e2e suite" time="0">
          <skipped></skipped>
      </testcase>
      <testcase name="[sig-storage] In-tree Volumes [Driver: hostPathSymlink] [Testpattern: Dynamic PV (block volmode)] provisioning should provision storage with snapshot data source [Feature:VolumeSnapshotDataSource]" classname="Kubernetes e2e suite" time="0">
          <skipped></skipped>
      </testcase>
      <testcase name="[sig-storage] In-tree Volumes [Driver: azure-disk] [Testpattern: Dynamic PV (xfs)][Slow] multiVolume [Slow] should concurrently access the volume and restored snapshot from pods on the same node [LinuxOnly][Feature:VolumeSnapshotDataSource][Feature:VolumeSourceXFS]" classname="Kubernetes e2e suite" time="0">
          <skipped></skipped>
      </testcase>
      <testcase name="[sig-storage] In-tree Volumes [Driver: iscsi][Feature:Volumes] [Testpattern: Dynamic PV (default fs)] subPath should fail if subpath with backstepping is outside the volume [Slow][LinuxOnly]" classname="Kubernetes e2e suite" time="0">
          <skipped></skipped>
      </testcase>
      <testcase name="[sig-storage] In-tree Volumes [Driver: rbd][Feature:Volumes][Serial] [Testpattern: Dynamic PV (ext4)] multiVolume [Slow] should concurrently access the volume and its clone from pods on the same node [LinuxOnly][Feature:VolumeSnapshotDataSource][Feature:VolumeSourceXFS]" classname="Kubernetes e2e suite" time="0">
          <skipped></skipped>
      </testcase>
      <testcase name="[sig-network] Netpol NetworkPolicy between server and client should enforce policy based on NamespaceSelector with MatchExpressions[Feature:NetworkPolicy]" classname="Kubernetes e2e suite" time="0">
          <skipped></skipped>
      </testcase>
      <testcase name="[sig-storage] NFSPersistentVolumes[Disruptive][Flaky] when kubelet restarts Should test that a volume mounted to a pod that is force deleted while the kubelet is down unmounts when the kubelet returns." classname="Kubernetes e2e suite" time="0">
          <skipped></skipped>
      </testcase>
      <testcase name="[sig-storage] In-tree Volumes [Driver: iscsi][Feature:Volumes] [Testpattern: Pre-provisioned PV (default fs)] subPath should fail if non-existent subpath is outside the volume [Slow][LinuxOnly]" classname="Kubernetes e2e suite" time="0">
          <skipped></skipped>
      </testcase>
      <testcase name="[sig-storage] In-tree Volumes [Driver: gluster] [Testpattern: Dynamic PV (block volmode)] multiVolume [Slow] should concurrently access the volume and its clone from pods on the same node [LinuxOnly][Feature:VolumeSnapshotDataSource][Feature:VolumeSourceXFS]" classname="Kubernetes e2e suite" time="0">
          <skipped></skipped>
      </testcase>
      <testcase name="[sig-storage] In-tree Volumes [Driver: local][LocalVolumeType: dir] [Testpattern: Dynamic PV (filesystem volmode)] volumeLimits should verify that all csinodes have volume limits" classname="Kubernetes e2e suite" time="0">
          <skipped></skipped>
      </testcase>
      <testcase name="[sig-storage] In-tree Volumes [Driver: gluster] [Testpattern: Dynamic PV (xfs)][Slow] multiVolume [Slow] should concurrently access the single read-only volume from pods on the same node" classname="Kubernetes e2e suite" time="0">
          <skipped></skipped>
      </testcase>
      <testcase name="[sig-network] Netpol NetworkPolicy between server and client should not mistakenly treat &#39;protocol: SCTP&#39; as &#39;protocol: TCP&#39;, even if the plugin doesn&#39;t support SCTP [Feature:NetworkPolicy]" classname="Kubernetes e2e suite" time="0">
          <skipped></skipped>
      </testcase>
      <testcase name="[sig-storage] In-tree Volumes [Driver: windows-gcepd] [Testpattern: Pre-provisioned PV (xfs)][Slow] volumes should store data" classname="Kubernetes e2e suite" time="0">
          <skipped></skipped>
      </testcase>
      <testcase name="[sig-storage] In-tree Volumes [Driver: aws] [Testpattern: Dynamic PV (default fs)] fsgroupchangepolicy (Always)[LinuxOnly], pod created with an initial fsgroup, volume contents ownership changed in first pod, new pod with different fsgroup applied to the volume contents" classname="Kubernetes e2e suite" time="0">
          <skipped></skipped>
      </testcase>
      <testcase name="[sig-storage] In-tree Volumes [Driver: cinder] [Testpattern: Dynamic PV (default fs)] subPath should support existing single file [LinuxOnly]" classname="Kubernetes e2e suite" time="0">
          <skipped></skipped>
      </testcase>
      <testcase name="[sig-storage] In-tree Volumes [Driver: ceph][Feature:Volumes][Serial] [Testpattern: Pre-provisioned PV (block volmode)] volumeMode should fail to create pod by failing to mount volume [Slow]" classname="Kubernetes e2e suite" time="0">
          <skipped></skipped>
      </testcase>
      <testcase name="[sig-storage] Zone Support [Feature:vsphere] Verify PVC creation with an invalid VSAN capability along with a compatible zone combination specified in storage class fails" classname="Kubernetes e2e suite" time="0">
          <skipped></skipped>
      </testcase>
      <testcase name="[sig-storage] In-tree Volumes [Driver: local][LocalVolumeType: dir-link-bindmounted] [Testpattern: Dynamic PV (ext3)] volumes should allow exec of files on the volume" classname="Kubernetes e2e suite" time="0">
          <skipped></skipped>
      </testcase>
      <testcase name="[sig-network] LoadBalancers should handle load balancer cleanup finalizer for service [Slow]" classname="Kubernetes e2e suite" time="0">
          <skipped></skipped>
      </testcase>
      <testcase name="[sig-storage] In-tree Volumes [Driver: vsphere] [Testpattern: Dynamic PV (block volmode)] multiVolume [Slow] should concurrently access the volume and its clone from pods on the same node [LinuxOnly][Feature:VolumeSnapshotDataSource][Feature:VolumeSourceXFS]" classname="Kubernetes e2e suite" time="0">
          <skipped></skipped>
      </testcase>
      <testcase name="[sig-storage] In-tree Volumes [Driver: windows-gcepd] [Testpattern: Dynamic PV (block volmode)] provisioning should provision storage with pvc data source" classname="Kubernetes e2e suite" time="0">
          <skipped></skipped>
      </testcase>
      <testcase name="[sig-storage] In-tree Volumes [Driver: local][LocalVolumeType: dir-link] [Testpattern: Pre-provisioned PV (default fs)] subPath should be able to unmount after the subpath directory is deleted [LinuxOnly]" classname="Kubernetes e2e suite" time="0">
          <skipped></skipped>
      </testcase>
      <testcase name="[sig-storage] In-tree Volumes [Driver: iscsi][Feature:Volumes] [Testpattern: Dynamic PV (default fs)] fsgroupchangepolicy (Always)[LinuxOnly], pod created with an initial fsgroup, volume contents ownership changed in first pod, new pod with different fsgroup applied to the volume contents" classname="Kubernetes e2e suite" time="0">
          <skipped></skipped>
      </testcase>
      <testcase name="[sig-storage] In-tree Volumes [Driver: gcepd] [Testpattern: Pre-provisioned PV (block volmode)] disruptive[Disruptive][LinuxOnly] Should test that pv written before kubelet restart is readable after restart." classname="Kubernetes e2e suite" time="0">
          <skipped></skipped>
      </testcase>
      <testcase name="[sig-storage] In-tree Volumes [Driver: local][LocalVolumeType: dir-link-bindmounted] [Testpattern: Dynamic PV (filesystem volmode)] multiVolume [Slow] should concurrently access the single volume from pods on the same node" classname="Kubernetes e2e suite" time="0">
          <skipped></skipped>
      </testcase>
      <testcase name="[sig-storage] In-tree Volumes [Driver: emptydir] [Testpattern: Dynamic PV (block volmode)] multiVolume [Slow] should access to two volumes with the same volume mode and retain data across pod recreation on the same node" classname="Kubernetes e2e suite" time="0">
          <skipped></skipped>
      </testcase>
      <testcase name="[sig-storage] In-tree Volumes [Driver: vsphere] [Testpattern: Dynamic PV (default fs)] subPath should support restarting containers using file as subpath [Slow][LinuxOnly]" classname="Kubernetes e2e suite" time="0">
          <skipped></skipped>
      </testcase>
      <testcase name="[sig-storage] In-tree Volumes [Driver: azure-disk] [Testpattern: Pre-provisioned PV (filesystem volmode)] multiVolume [Slow] should concurrently access the volume and restored snapshot from pods on the same node [LinuxOnly][Feature:VolumeSnapshotDataSource][Feature:VolumeSourceXFS]" classname="Kubernetes e2e suite" time="0">
          <skipped></skipped>
      </testcase>
      <testcase name="[sig-storage] In-tree Volumes [Driver: rbd][Feature:Volumes][Serial] [Testpattern: Dynamic PV (filesystem volmode)] multiVolume [Slow] should concurrently access the volume and its clone from pods on the same node [LinuxOnly][Feature:VolumeSnapshotDataSource][Feature:VolumeSourceXFS]" classname="Kubernetes e2e suite" time="0">
          <skipped></skipped>
      </testcase>
      <testcase name="[sig-storage] In-tree Volumes [Driver: local][LocalVolumeType: dir-link] [Testpattern: Dynamic PV (ntfs)][Feature:Windows] provisioning should provision storage with mount options" classname="Kubernetes e2e suite" time="0">
          <skipped></skipped>
      </testcase>
      <testcase name="[sig-storage] In-tree Volumes [Driver: gcepd] [Testpattern: Dynamic PV (default fs)] subPath should support readOnly directory specified in the volumeMount" classname="Kubernetes e2e suite" time="0">
          <skipped></skipped>
      </testcase>
      <testcase name="[sig-storage] In-tree Volumes [Driver: ceph][Feature:Volumes][Serial] [Testpattern: Dynamic PV (ext4)] multiVolume [Slow] should concurrently access the single volume from pods on the same node" classname="Kubernetes e2e suite" time="0">
          <skipped></skipped>
      </testcase>
      <testcase name="[sig-storage] In-tree Volumes [Driver: local][LocalVolumeType: dir-bindmounted] [Testpattern: Dynamic PV (ext4)] volumes should allow exec of files on the volume" classname="Kubernetes e2e suite" time="0">
          <skipped></skipped>
      </testcase>
      <testcase name="[sig-storage] In-tree Volumes [Driver: local][LocalVolumeType: block] [Testpattern: Dynamic PV (filesystem volmode)] volumeMode should not mount / map unused volumes in a pod [LinuxOnly]" classname="Kubernetes e2e suite" time="0">
          <skipped></skipped>
      </testcase>
      <testcase name="[sig-storage] In-tree Volumes [Driver: local][LocalVolumeType: dir] [Testpattern: Dynamic PV (ntfs)][Feature:Windows] subPath should fail if subpath with backstepping is outside the volume [Slow][LinuxOnly]" classname="Kubernetes e2e suite" time="0">
          <skipped></skipped>
      </testcase>
      <testcase name="[sig-storage] In-tree Volumes [Driver: hostPath] [Testpattern: Dynamic PV (ntfs)][Feature:Windows] subPath should fail if subpath directory is outside the volume [Slow][LinuxOnly]" classname="Kubernetes e2e suite" time="0">
          <skipped></skipped>
      </testcase>
      <testcase name="[sig-storage] In-tree Volumes [Driver: ceph][Feature:Volumes][Serial] [Testpattern: Dynamic PV (ntfs)][Feature:Windows] subPath should support readOnly directory specified in the volumeMount" classname="Kubernetes e2e suite" time="0">
          <skipped></skipped>
      </testcase>
      <testcase name="[sig-storage] In-tree Volumes [Driver: nfs] [Testpattern: Dynamic PV (delayed binding)] topology should provision a volume and schedule a pod with AllowedTopologies" classname="Kubernetes e2e suite" time="0">
          <skipped></skipped>
      </testcase>
      <testcase name="[sig-storage] In-tree Volumes [Driver: local][LocalVolumeType: dir-link] [Testpattern: Dynamic PV (xfs)][Slow] multiVolume [Slow] should concurrently access the single volume from pods on different node" classname="Kubernetes e2e suite" time="0">
          <skipped></skipped>
      </testcase>
      <testcase name="[sig-storage] In-tree Volumes [Driver: iscsi][Feature:Volumes] [Testpattern: Dynamic PV (ext4)] multiVolume [Slow] should concurrently access the single read-only volume from pods on the same node" classname="Kubernetes e2e suite" time="0">
          <skipped></skipped>
      </testcase>
      <testcase name="[sig-storage] In-tree Volumes [Driver: rbd][Feature:Volumes][Serial] [Testpattern: Pre-provisioned PV (block volmode)] multiVolume [Slow] should concurrently access the single read-only volume from pods on the same node" classname="Kubernetes e2e suite" time="0">
          <skipped></skipped>
      </testcase>
      <testcase name="[sig-storage] In-tree Volumes [Driver: gluster] [Testpattern: Dynamic PV (filesystem volmode)] volumeMode should fail to use a volume in a pod with mismatched mode [Slow]" classname="Kubernetes e2e suite" time="0">
          <skipped></skipped>
      </testcase>
      <testcase name="[sig-storage] In-tree Volumes [Driver: local][LocalVolumeType: dir] [Testpattern: Pre-provisioned PV (default fs)] subPath should be able to unmount after the subpath directory is deleted [LinuxOnly]" classname="Kubernetes e2e suite" time="0">
          <skipped></skipped>
      </testcase>
      <testcase name="[sig-storage] In-tree Volumes [Driver: nfs] [Testpattern: Inline-volume (ext4)] volumes should store data" classname="Kubernetes e2e suite" time="0">
          <skipped></skipped>
      </testcase>
      <testcase name="[sig-network] Conntrack should drop INVALID conntrack entries" classname="Kubernetes e2e suite" time="0">
          <skipped></skipped>
      </testcase>
      <testcase name="[sig-storage] In-tree Volumes [Driver: local][LocalVolumeType: dir-link] [Testpattern: Dynamic PV (block volmode)] volume-expand should not allow expansion of pvcs without AllowVolumeExpansion property" classname="Kubernetes e2e suite" time="0">
          <skipped></skipped>
      </testcase>
      <testcase name="[sig-storage] In-tree Volumes [Driver: vsphere] [Testpattern: Dynamic PV (default fs)] subPath should verify container cannot write to subpath readonly volumes [Slow]" classname="Kubernetes e2e suite" time="0">
          <skipped></skipped>
      </testcase>
      <testcase name="[sig-storage] PersistentVolumes-local  [Volume type: block] One pod requesting one prebound PVC should be able to mount volume and read from pod1" classname="Kubernetes e2e suite" time="0">
          <skipped></skipped>
      </testcase>
      <testcase name="[sig-storage] In-tree Volumes [Driver: azure-disk] [Testpattern: Inline-volume (default fs)] subPath should support readOnly directory specified in the volumeMount" classname="Kubernetes e2e suite" time="0">
          <skipped></skipped>
      </testcase>
      <testcase name="[sig-storage] In-tree Volumes [Driver: azure-disk] [Testpattern: Inline-volume (default fs)] subPath should verify container cannot write to subpath readonly volumes [Slow]" classname="Kubernetes e2e suite" time="0">
          <skipped></skipped>
      </testcase>
      <testcase name="[sig-storage] In-tree Volumes [Driver: local][LocalVolumeType: dir] [Testpattern: Pre-provisioned PV (filesystem volmode)] multiVolume [Slow] should concurrently access the single volume from pods on the same node" classname="Kubernetes e2e suite" time="0">
          <skipped></skipped>
      </testcase>
      <testcase name="[sig-storage] In-tree Volumes [Driver: local][LocalVolumeType: dir-link-bindmounted] [Testpattern: Inline-volume (default fs)] subPath should be able to unmount after the subpath directory is deleted [LinuxOnly]" classname="Kubernetes e2e suite" time="0">
          <skipped></skipped>
      </testcase>
      <testcase name="[sig-storage] CSI mock volume CSI workload information using mock driver should be passed when podInfoOnMount=true" classname="Kubernetes e2e suite" time="0">
          <skipped></skipped>
      </testcase>
      <testcase name="[sig-storage] In-tree Volumes [Driver: local][LocalVolumeType: gce-localssd-scsi-fs] [Serial] [Testpattern: Dynamic PV (ext4)] multiVolume [Slow] should access to two volumes with different volume mode and retain data across pod recreation on different node" classname="Kubernetes e2e suite" time="0">
          <skipped></skipped>
      </testcase>
      <testcase name="[sig-storage] In-tree Volumes [Driver: local][LocalVolumeType: dir] [Testpattern: Dynamic PV (default fs)] volumeIO should write files of various sizes, verify size, validate content [Slow][LinuxOnly]" classname="Kubernetes e2e suite" time="0">
          <skipped></skipped>
      </testcase>
      <testcase name="[sig-storage] Zone Support [Feature:vsphere] Verify a pod is created and attached to a dynamically created PV, based on the allowed zones and datastore specified in storage class when there are multiple datastores with the same name under different zones across datacenters" classname="Kubernetes e2e suite" time="0">
          <skipped></skipped>
      </testcase>
      <testcase name="[sig-storage] In-tree Volumes [Driver: hostPath] [Testpattern: Inline-volume (ext4)] volumes should allow exec of files on the volume" classname="Kubernetes e2e suite" time="0">
          <skipped></skipped>
      </testcase>
      <testcase name="[sig-storage] In-tree Volumes [Driver: local][LocalVolumeType: gce-localssd-scsi-fs] [Serial] [Testpattern: Pre-provisioned PV (block volmode)] multiVolume [Slow] should access to two volumes with the same volume mode and retain data across pod recreation on different node" classname="Kubernetes e2e suite" time="0">
          <skipped></skipped>
      </testcase>
      <testcase name="[sig-storage] In-tree Volumes [Driver: hostPath] [Testpattern: Dynamic PV (default fs)(allowExpansion)] volume-expand should resize volume when PVC is edited while pod is using it" classname="Kubernetes e2e suite" time="0">
          <skipped></skipped>
      </testcase>
      <testcase name="[sig-storage] In-tree Volumes [Driver: local][LocalVolumeType: block] [Testpattern: Dynamic PV (filesystem volmode)] multiVolume [Slow] should concurrently access the single volume from pods on the same node" classname="Kubernetes e2e suite" time="0">
          <skipped></skipped>
      </testcase>
      <testcase name="[sig-storage] In-tree Volumes [Driver: gcepd] [Testpattern: Dynamic PV (ntfs)][Feature:Windows] volumes should store data" classname="Kubernetes e2e suite" time="0">
          <skipped></skipped>
      </testcase>
      <testcase name="[sig-storage] In-tree Volumes [Driver: ceph][Feature:Volumes][Serial] [Testpattern: Dynamic PV (default fs)] fsgroupchangepolicy (Always)[LinuxOnly], pod created with an initial fsgroup, volume contents ownership changed in first pod, new pod with different fsgroup applied to the volume contents" classname="Kubernetes e2e suite" time="0">
          <skipped></skipped>
      </testcase>
      <testcase name="[sig-network] Netpol NetworkPolicy between server and client should enforce policy based on Multiple PodSelectors and NamespaceSelectors [Feature:NetworkPolicy]" classname="Kubernetes e2e suite" time="0">
          <skipped></skipped>
      </testcase>
      <testcase name="[sig-storage] In-tree Volumes [Driver: hostPath] [Testpattern: Dynamic PV (filesystem volmode)] multiVolume [Slow] should concurrently access the single read-only volume from pods on the same node" classname="Kubernetes e2e suite" time="0">
          <skipped></skipped>
      </testcase>
      <testcase name="[sig-storage] Secrets optional updates should be reflected in volume [NodeConformance] [Conformance]" classname="Kubernetes e2e suite" time="4.205562078"></testcase>
      <testcase name="[sig-storage] In-tree Volumes [Driver: hostPath] [Testpattern: Inline-volume (default fs)] volumes should store data" classname="Kubernetes e2e suite" time="0">
          <skipped></skipped>
      </testcase>
      <testcase name="[sig-storage] In-tree Volumes [Driver: local][LocalVolumeType: block] [Testpattern: Pre-provisioned PV (block volmode)] multiVolume [Slow] should access to two volumes with different volume mode and retain data across pod recreation on the same node" classname="Kubernetes e2e suite" time="0">
          <skipped></skipped>
      </testcase>
      <testcase name="[sig-storage] In-tree Volumes [Driver: ceph][Feature:Volumes][Serial] [Testpattern: Pre-provisioned PV (ntfs)][Feature:Windows] volumes should allow exec of files on the volume" classname="Kubernetes e2e suite" time="0">
          <skipped></skipped>
      </testcase>
      <testcase name="[sig-storage] In-tree Volumes [Driver: cinder] [Testpattern: Dynamic PV (ntfs)][Feature:Windows] volume-expand should not allow expansion of pvcs without AllowVolumeExpansion property" classname="Kubernetes e2e suite" time="0">
          <skipped></skipped>
      </testcase>
      <testcase name="[sig-storage] In-tree Volumes [Driver: gcepd] [Testpattern: Dynamic PV (block volmode)(allowExpansion)] volume-expand Verify if offline PVC expansion works" classname="Kubernetes e2e suite" time="0">
          <skipped></skipped>
      </testcase>
      <testcase name="[sig-storage] In-tree Volumes [Driver: local][LocalVolumeType: gce-localssd-scsi-fs] [Serial] [Testpattern: Dynamic PV (filesystem volmode)] multiVolume [Slow] should access to two volumes with different volume mode and retain data across pod recreation on different node" classname="Kubernetes e2e suite" time="0">
          <skipped></skipped>
      </testcase>
      <testcase name="[sig-storage] In-tree Volumes [Driver: local][LocalVolumeType: blockfs] [Testpattern: Inline-volume (ntfs)][Feature:Windows] volumes should allow exec of files on the volume" classname="Kubernetes e2e suite" time="0">
          <skipped></skipped>
      </testcase>
      <testcase name="[sig-storage] In-tree Volumes [Driver: nfs] [Testpattern: Dynamic PV (default fs)] subPath should fail if subpath file is outside the volume [Slow][LinuxOnly]" classname="Kubernetes e2e suite" time="0">
          <skipped></skipped>
      </testcase>
      <testcase name="[sig-storage] In-tree Volumes [Driver: windows-gcepd] [Testpattern: Dynamic PV (default fs)] capacity provides storage capacity information" classname="Kubernetes e2e suite" time="0">
          <skipped></skipped>
      </testcase>
      <testcase name="[sig-storage] CSI Volumes [Driver: pd.csi.storage.gke.io][Serial] [Testpattern: CSI Ephemeral-volume (default fs)] ephemeral should support multiple inline ephemeral volumes" classname="Kubernetes e2e suite" time="0">
          <skipped></skipped>
      </testcase>
      <testcase name="[sig-cli] Kubectl client Simple pod should contain last line of the log" classname="Kubernetes e2e suite" time="0">
          <skipped></skipped>
      </testcase>
      <testcase name="[sig-storage] In-tree Volumes [Driver: gluster] [Testpattern: Dynamic PV (default fs)] fsgroupchangepolicy (OnRootMismatch)[LinuxOnly], pod created with an initial fsgroup, new pod fsgroup applied to volume contents" classname="Kubernetes e2e suite" time="0">
          <skipped></skipped>
      </testcase>
      <testcase name="[sig-storage] In-tree Volumes [Driver: ceph][Feature:Volumes][Serial] [Testpattern: Pre-provisioned PV (default fs)] subPath should support creating multiple subpath from same volumes [Slow]" classname="Kubernetes e2e suite" time="0">
          <skipped></skipped>
      </testcase>
      <testcase name="[sig-storage] In-tree Volumes [Driver: nfs] [Testpattern: Inline-volume (default fs)] subPath should support existing single file [LinuxOnly]" classname="Kubernetes e2e suite" time="0">
          <skipped></skipped>
      </testcase>
      <testcase name="[sig-storage] In-tree Volumes [Driver: azure-disk] [Testpattern: Pre-provisioned PV (block volmode)] volumeMode should fail to use a volume in a pod with mismatched mode [Slow]" classname="Kubernetes e2e suite" time="0">
          <skipped></skipped>
      </testcase>
      <testcase name="[sig-network] Netpol NetworkPolicy between server and client should enforce policy based on NamespaceSelector with MatchExpressions using default ns label [Feature:NetworkPolicy]" classname="Kubernetes e2e suite" time="0">
          <skipped></skipped>
      </testcase>
      <testcase name="[sig-storage] In-tree Volumes [Driver: cinder] [Testpattern: Pre-provisioned PV (default fs)] subPath should unmount if pod is force deleted while kubelet is down [Disruptive][Slow][LinuxOnly]" classname="Kubernetes e2e suite" time="0">
          <skipped></skipped>
      </testcase>
      <testcase name="[sig-network] [Feature:IPv6DualStack] should create service with ipv6 cluster ip" classname="Kubernetes e2e suite" time="0">
          <skipped></skipped>
      </testcase>
      <testcase name="[sig-storage] In-tree Volumes [Driver: gluster] [Testpattern: Dynamic PV (filesystem volmode)] multiVolume [Slow] should access to two volumes with different volume mode and retain data across pod recreation on the same node" classname="Kubernetes e2e suite" time="0">
          <skipped></skipped>
      </testcase>
      <testcase name="[sig-storage] In-tree Volumes [Driver: local][LocalVolumeType: block] [Testpattern: Dynamic PV (default fs)] subPath should support readOnly file specified in the volumeMount [LinuxOnly]" classname="Kubernetes e2e suite" time="0">
          <skipped></skipped>
      </testcase>
      <testcase name="[sig-storage] In-tree Volumes [Driver: local][LocalVolumeType: block] [Testpattern: Pre-provisioned PV (block volmode)] disruptive[Disruptive][LinuxOnly] Should test that pv written before kubelet restart is readable after restart." classname="Kubernetes e2e suite" time="0">
          <skipped></skipped>
      </testcase>
      <testcase name="[sig-storage] In-tree Volumes [Driver: hostPath] [Testpattern: Dynamic PV (ntfs)][Feature:Windows] volume-expand should not allow expansion of pvcs without AllowVolumeExpansion property" classname="Kubernetes e2e suite" time="0">
          <skipped></skipped>
      </testcase>
      <testcase name="[sig-storage] In-tree Volumes [Driver: local][LocalVolumeType: dir-link] [Testpattern: Pre-provisioned PV (default fs)] subPath should support restarting containers using file as subpath [Slow][LinuxOnly]" classname="Kubernetes e2e suite" time="0">
          <skipped></skipped>
      </testcase>
      <testcase name="[sig-network] NetworkPolicyLegacy [LinuxOnly] NetworkPolicy between server and client should enforce policies to check ingress and egress policies can be controlled independently based on PodSelector [Feature:NetworkPolicy]" classname="Kubernetes e2e suite" time="0">
          <skipped></skipped>
      </testcase>
      <testcase name="[sig-storage] In-tree Volumes [Driver: cinder] [Testpattern: Dynamic PV (ext4)] volumes should store data" classname="Kubernetes e2e suite" time="0">
          <skipped></skipped>
      </testcase>
      <testcase name="[sig-storage] In-tree Volumes [Driver: local][LocalVolumeType: dir] [Testpattern: Dynamic PV (default fs)] provisioning should provision storage with snapshot data source [Feature:VolumeSnapshotDataSource]" classname="Kubernetes e2e suite" time="0">
          <skipped></skipped>
      </testcase>
      <testcase name="[sig-storage] In-tree Volumes [Driver: vsphere] [Testpattern: Pre-provisioned PV (filesystem volmode)] multiVolume [Slow] should concurrently access the single volume from pods on different node" classname="Kubernetes e2e suite" time="0">
          <skipped></skipped>
      </testcase>
      <testcase name="[sig-storage] In-tree Volumes [Driver: rbd][Feature:Volumes][Serial] [Testpattern: Inline-volume (ext4)] volumes should store data" classname="Kubernetes e2e suite" time="0">
          <skipped></skipped>
      </testcase>
      <testcase name="[sig-apps] DaemonRestart [Disruptive] Controller Manager should not create/delete replicas across restart" classname="Kubernetes e2e suite" time="0">
          <skipped></skipped>
      </testcase>
      <testcase name="[sig-storage] In-tree Volumes [Driver: rbd][Feature:Volumes][Serial] [Testpattern: Pre-provisioned PV (block volmode)] volumeMode should fail to use a volume in a pod with mismatched mode [Slow]" classname="Kubernetes e2e suite" time="0">
          <skipped></skipped>
      </testcase>
      <testcase name="[sig-storage] In-tree Volumes [Driver: local][LocalVolumeType: dir-link-bindmounted] [Testpattern: Pre-provisioned PV (default fs)] volumeIO should write files of various sizes, verify size, validate content [Slow][LinuxOnly]" classname="Kubernetes e2e suite" time="0">
          <skipped></skipped>
      </testcase>
      <testcase name="[sig-storage] In-tree Volumes [Driver: local][LocalVolumeType: gce-localssd-scsi-fs] [Serial] [Testpattern: Pre-provisioned PV (filesystem volmode)] volumeMode should fail to use a volume in a pod with mismatched mode [Slow]" classname="Kubernetes e2e suite" time="0">
          <skipped></skipped>
      </testcase>
      <testcase name="[sig-storage] In-tree Volumes [Driver: local][LocalVolumeType: gce-localssd-scsi-fs] [Serial] [Testpattern: Pre-provisioned PV (default fs)] volumes should store data" classname="Kubernetes e2e suite" time="0">
          <skipped></skipped>
      </testcase>
      <testcase name="[sig-storage] In-tree Volumes [Driver: local][LocalVolumeType: dir-bindmounted] [Testpattern: Dynamic PV (default fs)] subPath should support readOnly file specified in the volumeMount [LinuxOnly]" classname="Kubernetes e2e suite" time="0">
          <skipped></skipped>
      </testcase>
      <testcase name="[sig-storage] In-tree Volumes [Driver: vsphere] [Testpattern: Inline-volume (default fs)] subPath should support readOnly directory specified in the volumeMount" classname="Kubernetes e2e suite" time="0">
          <skipped></skipped>
      </testcase>
      <testcase name="[sig-storage] In-tree Volumes [Driver: gluster] [Testpattern: Dynamic PV (default fs)] subPath should support creating multiple subpath from same volumes [Slow]" classname="Kubernetes e2e suite" time="0">
          <skipped></skipped>
      </testcase>
      <testcase name="[sig-storage] In-tree Volumes [Driver: hostPath] [Testpattern: Inline-volume (default fs)] subPath should support file as subpath [LinuxOnly]" classname="Kubernetes e2e suite" time="0">
          <skipped></skipped>
      </testcase>
      <testcase name="[sig-storage] Secrets should be consumable in multiple volumes in a pod [NodeConformance] [Conformance]" classname="Kubernetes e2e suite" time="2.129745814"></testcase>
      <testcase name="[sig-storage] In-tree Volumes [Driver: emptydir] [Testpattern: Dynamic PV (xfs)][Slow] multiVolume [Slow] should concurrently access the single read-only volume from pods on the same node" classname="Kubernetes e2e suite" time="0">
          <skipped></skipped>
      </testcase>
      <testcase name="[sig-storage] In-tree Volumes [Driver: vsphere] [Testpattern: Dynamic PV (default fs)] subPath should fail if subpath file is outside the volume [Slow][LinuxOnly]" classname="Kubernetes e2e suite" time="0">
          <skipped></skipped>
      </testcase>
      <testcase name="[sig-node] Kubelet when scheduling a busybox command in a pod should print the output to logs [NodeConformance] [Conformance]" classname="Kubernetes e2e suite" time="2.123054981"></testcase>
      <testcase name="[sig-storage] In-tree Volumes [Driver: local][LocalVolumeType: blockfs] [Testpattern: Dynamic PV (filesystem volmode)] multiVolume [Slow] should concurrently access the volume and restored snapshot from pods on the same node [LinuxOnly][Feature:VolumeSnapshotDataSource][Feature:VolumeSourceXFS]" classname="Kubernetes e2e suite" time="0">
          <skipped></skipped>
      </testcase>
      <testcase name="[sig-storage] In-tree Volumes [Driver: nfs] [Testpattern: Dynamic PV (xfs)][Slow] multiVolume [Slow] should concurrently access the single volume from pods on the same node" classname="Kubernetes e2e suite" time="0">
          <skipped></skipped>
      </testcase>
      <testcase name="[sig-storage] In-tree Volumes [Driver: emptydir] [Testpattern: Inline-volume (default fs)] subPath should unmount if pod is force deleted while kubelet is down [Disruptive][Slow][LinuxOnly]" classname="Kubernetes e2e suite" time="0">
          <skipped></skipped>
      </testcase>
      <testcase name="[sig-storage] In-tree Volumes [Driver: local][LocalVolumeType: block] [Testpattern: Pre-provisioned PV (filesystem volmode)] multiVolume [Slow] should concurrently access the volume and restored snapshot from pods on the same node [LinuxOnly][Feature:VolumeSnapshotDataSource][Feature:VolumeSourceXFS]" classname="Kubernetes e2e suite" time="0">
          <skipped></skipped>
      </testcase>
      <testcase name="[sig-storage] In-tree Volumes [Driver: rbd][Feature:Volumes][Serial] [Testpattern: Dynamic PV (default fs)] fsgroupchangepolicy (OnRootMismatch)[LinuxOnly], pod created with an initial fsgroup, volume contents ownership changed in first pod, new pod with different fsgroup applied to the volume contents" classname="Kubernetes e2e suite" time="0">
          <skipped></skipped>
      </testcase>
      <testcase name="[sig-storage] In-tree Volumes [Driver: ceph][Feature:Volumes][Serial] [Testpattern: Pre-provisioned PV (ntfs)][Feature:Windows] volumes should store data" classname="Kubernetes e2e suite" time="0">
          <skipped></skipped>
      </testcase>
      <testcase name="[sig-storage] In-tree Volumes [Driver: local][LocalVolumeType: gce-localssd-scsi-fs] [Serial] [Testpattern: Dynamic PV (default fs)(allowExpansion)] volume-expand Verify if offline PVC expansion works" classname="Kubernetes e2e suite" time="0">
          <skipped></skipped>
      </testcase>
      <testcase name="[sig-storage] CSI Volumes [Driver: pd.csi.storage.gke.io][Serial] [Testpattern: Dynamic PV (block volmode)] volumeMode should fail to use a volume in a pod with mismatched mode [Slow]" classname="Kubernetes e2e suite" time="0">
          <skipped></skipped>
      </testcase>
      <testcase name="[sig-storage] In-tree Volumes [Driver: local][LocalVolumeType: tmpfs] [Testpattern: Inline-volume (default fs)] subPath should fail if subpath with backstepping is outside the volume [Slow][LinuxOnly]" classname="Kubernetes e2e suite" time="0">
          <skipped></skipped>
      </testcase>
      <testcase name="[sig-storage] CSI Volumes [Driver: csi-hostpath] [Testpattern: Inline-volume (default fs)] subPath should support existing directory" classname="Kubernetes e2e suite" time="0">
          <skipped></skipped>
      </testcase>
      <testcase name="[sig-network] Networking should provide unchanging, static URL paths for kubernetes api services" classname="Kubernetes e2e suite" time="0">
          <skipped></skipped>
      </testcase>
      <testcase name="[sig-storage] In-tree Volumes [Driver: hostPathSymlink] [Testpattern: Dynamic PV (block volmode)] provisioning should provision storage with pvc data source" classname="Kubernetes e2e suite" time="0">
          <skipped></skipped>
      </testcase>
      <testcase name="[sig-storage] PersistentVolumes-local  [Volume type: dir-bindmounted] Two pods mounting a local volume one after the other should be able to write from pod1 and read from pod2" classname="Kubernetes e2e suite" time="0">
          <skipped></skipped>
      </testcase>
      <testcase name="[sig-storage] In-tree Volumes [Driver: rbd][Feature:Volumes][Serial] [Testpattern: Dynamic PV (default fs)] fsgroupchangepolicy (Always)[LinuxOnly], pod created with an initial fsgroup, volume contents ownership changed in first pod, new pod with different fsgroup applied to the volume contents" classname="Kubernetes e2e suite" time="0">
          <skipped></skipped>
      </testcase>
      <testcase name="[sig-storage] In-tree Volumes [Driver: nfs] [Testpattern: Dynamic PV (block volmode)] disruptive[Disruptive][LinuxOnly] Should test that pv written before kubelet restart is readable after restart." classname="Kubernetes e2e suite" time="0">
          <skipped></skipped>
      </testcase>
      <testcase name="[sig-apps] Deployment should run the lifecycle of a Deployment [Conformance]" classname="Kubernetes e2e suite" time="8.845877852"></testcase>
      <testcase name="[sig-storage] In-tree Volumes [Driver: local][LocalVolumeType: dir-link] [Testpattern: Dynamic PV (default fs)] fsgroupchangepolicy (OnRootMismatch)[LinuxOnly], pod created with an initial fsgroup, volume contents ownership changed in first pod, new pod with same fsgroup skips ownership changes to the volume contents" classname="Kubernetes e2e suite" time="0">
          <skipped></skipped>
      </testcase>
      <testcase name="[sig-storage] In-tree Volumes [Driver: hostPath] [Testpattern: Pre-provisioned PV (default fs)] subPath should support restarting containers using directory as subpath [Slow]" classname="Kubernetes e2e suite" time="0">
          <skipped></skipped>
      </testcase>
      <testcase name="[sig-storage] In-tree Volumes [Driver: windows-gcepd] [Testpattern: Dynamic PV (xfs)][Slow] volumes should store data" classname="Kubernetes e2e suite" time="0">
          <skipped></skipped>
      </testcase>
      <testcase name="[sig-storage] In-tree Volumes [Driver: local][LocalVolumeType: tmpfs] [Testpattern: Dynamic PV (xfs)][Slow] volumes should allow exec of files on the volume" classname="Kubernetes e2e suite" time="0">
          <skipped></skipped>
      </testcase>
      <testcase name="[sig-storage] In-tree Volumes [Driver: vsphere] [Testpattern: Dynamic PV (block volmode)] volume-stress multiple pods should access different volumes repeatedly [Slow] [Serial]" classname="Kubernetes e2e suite" time="0">
          <skipped></skipped>
      </testcase>
      <testcase name="[sig-windows] [Feature:Windows] Density [Serial] [Slow] create a batch of pods latency/resource should be within limit when create 10 pods with 0s interval" classname="Kubernetes e2e suite" time="0">
          <skipped></skipped>
      </testcase>
      <testcase name="[sig-network] Netpol NetworkPolicy between server and client should enforce policy based on PodSelector or NamespaceSelector [Feature:NetworkPolicy]" classname="Kubernetes e2e suite" time="0">
          <skipped></skipped>
      </testcase>
      <testcase name="[sig-storage] In-tree Volumes [Driver: iscsi][Feature:Volumes] [Testpattern: Dynamic PV (default fs)] volumeIO should write files of various sizes, verify size, validate content [Slow][LinuxOnly]" classname="Kubernetes e2e suite" time="0">
          <skipped></skipped>
      </testcase>
      <testcase name="[sig-storage] In-tree Volumes [Driver: hostPathSymlink] [Testpattern: Dynamic PV (ntfs)][Feature:Windows] provisioning should provision storage with mount options" classname="Kubernetes e2e suite" time="0">
          <skipped></skipped>
      </testcase>
      <testcase name="[sig-storage] In-tree Volumes [Driver: rbd][Feature:Volumes][Serial] [Testpattern: Inline-volume (default fs)] subPath should support restarting containers using directory as subpath [Slow]" classname="Kubernetes e2e suite" time="0">
          <skipped></skipped>
      </testcase>
      <testcase name="[sig-storage] In-tree Volumes [Driver: azure-disk] [Testpattern: Dynamic PV (filesystem volmode)] volumeLimits should support volume limits [Serial]" classname="Kubernetes e2e suite" time="0">
          <skipped></skipped>
      </testcase>
      <testcase name="[sig-api-machinery] Watchers should observe an object deletion if it stops meeting the requirements of the selector [Conformance]" classname="Kubernetes e2e suite" time="10.192637974"></testcase>
      <testcase name="[sig-storage] CSI Volumes [Driver: pd.csi.storage.gke.io][Serial] [Testpattern: Dynamic PV (ntfs)][Feature:Windows] volumes should allow exec of files on the volume" classname="Kubernetes e2e suite" time="0">
          <skipped></skipped>
      </testcase>
      <testcase name="[sig-storage] In-tree Volumes [Driver: local][LocalVolumeType: gce-localssd-scsi-fs] [Serial] [Testpattern: Pre-provisioned PV (ntfs)][Feature:Windows] volumes should allow exec of files on the volume" classname="Kubernetes e2e suite" time="0">
          <skipped></skipped>
      </testcase>
      <testcase name="[sig-storage] In-tree Volumes [Driver: local][LocalVolumeType: gce-localssd-scsi-fs] [Serial] [Testpattern: Dynamic PV (ext4)] multiVolume [Slow] should access to two volumes with the same volume mode and retain data across pod recreation on different node" classname="Kubernetes e2e suite" time="0">
          <skipped></skipped>
      </testcase>
      <testcase name="[sig-storage] In-tree Volumes [Driver: local][LocalVolumeType: tmpfs] [Testpattern: Dynamic PV (block volmode)] multiVolume [Slow] should concurrently access the volume and its clone from pods on the same node [LinuxOnly][Feature:VolumeSnapshotDataSource][Feature:VolumeSourceXFS]" classname="Kubernetes e2e suite" time="0">
          <skipped></skipped>
      </testcase>
      <testcase name="[sig-storage] Zone Support [Feature:vsphere] Verify PVC creation fails if only datastore is specified in the storage class (No shared datastores exist among all the nodes)" classname="Kubernetes e2e suite" time="0">
          <skipped></skipped>
      </testcase>
      <testcase name="[sig-storage] In-tree Volumes [Driver: hostPathSymlink] [Testpattern: Dynamic PV (xfs)][Slow] multiVolume [Slow] should concurrently access the volume and its clone from pods on the same node [LinuxOnly][Feature:VolumeSnapshotDataSource][Feature:VolumeSourceXFS]" classname="Kubernetes e2e suite" time="0">
          <skipped></skipped>
      </testcase>
      <testcase name="[sig-storage] In-tree Volumes [Driver: vsphere] [Testpattern: Pre-provisioned PV (default fs)] subPath should support readOnly directory specified in the volumeMount" classname="Kubernetes e2e suite" time="0">
          <skipped></skipped>
      </testcase>
      <testcase name="[sig-storage] In-tree Volumes [Driver: azure-disk] [Testpattern: Dynamic PV (filesystem volmode)] multiVolume [Slow] should access to two volumes with the same volume mode and retain data across pod recreation on different node" classname="Kubernetes e2e suite" time="0">
          <skipped></skipped>
      </testcase>
      <testcase name="[sig-storage] In-tree Volumes [Driver: ceph][Feature:Volumes][Serial] [Testpattern: Dynamic PV (ext4)] multiVolume [Slow] should access to two volumes with the same volume mode and retain data across pod recreation on the same node" classname="Kubernetes e2e suite" time="0">
          <skipped></skipped>
      </testcase>
      <testcase name="[sig-storage] CSI Volumes [Driver: pd.csi.storage.gke.io][Serial] [Testpattern: Pre-provisioned PV (default fs)] subPath should support restarting containers using file as subpath [Slow][LinuxOnly]" classname="Kubernetes e2e suite" time="0">
          <skipped></skipped>
      </testcase>
      <testcase name="[sig-storage] In-tree Volumes [Driver: cinder] [Testpattern: Dynamic PV (default fs)(allowExpansion)] volume-expand should resize volume when PVC is edited while pod is using it" classname="Kubernetes e2e suite" time="0">
          <skipped></skipped>
      </testcase>
      <testcase name="[sig-storage] CSI Volumes [Driver: pd.csi.storage.gke.io][Serial] [Testpattern: Dynamic PV (default fs)] subPath should support existing directories when readOnly specified in the volumeSource" classname="Kubernetes e2e suite" time="0">
          <skipped></skipped>
      </testcase>
      <testcase name="[sig-storage] In-tree Volumes [Driver: nfs] [Testpattern: Pre-provisioned PV (default fs)] subPath should support creating multiple subpath from same volumes [Slow]" classname="Kubernetes e2e suite" time="0">
          <skipped></skipped>
      </testcase>
      <testcase name="[sig-storage] CSI Volumes [Driver: csi-hostpath] [Testpattern: Dynamic Snapshot (retain policy)] snapshottable[Feature:VolumeSnapshotDataSource] volume snapshot controller  should check snapshot fields, check restore correctly works after modifying source data, check deletion" classname="Kubernetes e2e suite" time="0">
          <skipped></skipped>
      </testcase>
      <testcase name="[sig-storage] In-tree Volumes [Driver: windows-gcepd] [Testpattern: Inline-volume (default fs)] subPath should support creating multiple subpath from same volumes [Slow]" classname="Kubernetes e2e suite" time="0">
          <skipped></skipped>
      </testcase>
      <testcase name="[sig-storage] In-tree Volumes [Driver: azure-disk] [Testpattern: Pre-provisioned PV (default fs)] subPath should unmount if pod is gracefully deleted while kubelet is down [Disruptive][Slow][LinuxOnly]" classname="Kubernetes e2e suite" time="0">
          <skipped></skipped>
      </testcase>
      <testcase name="[sig-storage] In-tree Volumes [Driver: local][LocalVolumeType: blockfs] [Testpattern: Pre-provisioned PV (block volmode)] multiVolume [Slow] should access to two volumes with different volume mode and retain data across pod recreation on different node" classname="Kubernetes e2e suite" time="0">
          <skipped></skipped>
      </testcase>
      <testcase name="[sig-storage] In-tree Volumes [Driver: aws] [Testpattern: Dynamic PV (ntfs)][Feature:Windows] subPath should support existing single file [LinuxOnly]" classname="Kubernetes e2e suite" time="0">
          <skipped></skipped>
      </testcase>
      <testcase name="[sig-storage] CSI Volumes [Driver: csi-hostpath] [Testpattern: Pre-provisioned PV (block volmode)] volumeMode should not mount / map unused volumes in a pod [LinuxOnly]" classname="Kubernetes e2e suite" time="0">
          <skipped></skipped>
      </testcase>
      <testcase name="[sig-storage] In-tree Volumes [Driver: local][LocalVolumeType: blockfs] [Testpattern: Pre-provisioned PV (filesystem volmode)] volumeMode should fail to use a volume in a pod with mismatched mode [Slow]" classname="Kubernetes e2e suite" time="0">
          <skipped></skipped>
      </testcase>
      <testcase name="[sig-storage] CSI Volumes [Driver: csi-hostpath] [Testpattern: Pre-provisioned PV (filesystem volmode)] volumeMode should fail to use a volume in a pod with mismatched mode [Slow]" classname="Kubernetes e2e suite" time="0">
          <skipped></skipped>
      </testcase>
      <testcase name="[sig-storage] In-tree Volumes [Driver: local][LocalVolumeType: dir-bindmounted] [Testpattern: Dynamic PV (filesystem volmode)] disruptive[Disruptive][LinuxOnly] Should test that pv written before kubelet restart is readable after restart." classname="Kubernetes e2e suite" time="0">
          <skipped></skipped>
      </testcase>
      <testcase name="[sig-cli] Kubectl client Kubectl expose should create services for rc  [Conformance]" classname="Kubernetes e2e suite" time="6.647851676"></testcase>
      <testcase name="[sig-storage] CSI Volumes [Driver: pd.csi.storage.gke.io][Serial] [Testpattern: Dynamic PV (default fs)] provisioning should provision storage with snapshot data source [Feature:VolumeSnapshotDataSource]" classname="Kubernetes e2e suite" time="0">
          <skipped></skipped>
      </testcase>
      <testcase name="[sig-storage] In-tree Volumes [Driver: azure-disk] [Testpattern: Dynamic PV (filesystem volmode)] volumeMode should fail to use a volume in a pod with mismatched mode [Slow]" classname="Kubernetes e2e suite" time="0">
          <skipped></skipped>
      </testcase>
      <testcase name="[sig-storage] In-tree Volumes [Driver: local][LocalVolumeType: blockfs] [Testpattern: Pre-provisioned PV (block volmode)] multiVolume [Slow] should concurrently access the volume and its clone from pods on the same node [LinuxOnly][Feature:VolumeSnapshotDataSource][Feature:VolumeSourceXFS]" classname="Kubernetes e2e suite" time="0">
          <skipped></skipped>
      </testcase>
      <testcase name="[sig-storage] CSI Volumes [Driver: pd.csi.storage.gke.io][Serial] [Testpattern: Pre-provisioned Snapshot (retain policy)] snapshottable[Feature:VolumeSnapshotDataSource] volume snapshot controller  should check snapshot fields, check restore correctly works after modifying source data, check deletion" classname="Kubernetes e2e suite" time="0">
          <skipped></skipped>
      </testcase>
      <testcase name="[sig-storage] In-tree Volumes [Driver: local][LocalVolumeType: blockfs] [Testpattern: Dynamic PV (xfs)][Slow] multiVolume [Slow] should concurrently access the single read-only volume from pods on the same node" classname="Kubernetes e2e suite" time="0">
          <skipped></skipped>
      </testcase>
      <testcase name="[sig-storage] In-tree Volumes [Driver: iscsi][Feature:Volumes] [Testpattern: Dynamic PV (filesystem volmode)] volumeLimits should support volume limits [Serial]" classname="Kubernetes e2e suite" time="0">
          <skipped></skipped>
      </testcase>
      <testcase name="[sig-storage] In-tree Volumes [Driver: local][LocalVolumeType: tmpfs] [Testpattern: Dynamic PV (default fs)] subPath should verify container cannot write to subpath readonly volumes [Slow]" classname="Kubernetes e2e suite" time="0">
          <skipped></skipped>
      </testcase>
      <testcase name="[sig-storage] In-tree Volumes [Driver: local][LocalVolumeType: blockfs] [Testpattern: Dynamic PV (default fs)] subPath should support file as subpath [LinuxOnly]" classname="Kubernetes e2e suite" time="0">
          <skipped></skipped>
      </testcase>
      <testcase name="[sig-storage] In-tree Volumes [Driver: hostPath] [Testpattern: Pre-provisioned PV (filesystem volmode)] multiVolume [Slow] should concurrently access the volume and restored snapshot from pods on the same node [LinuxOnly][Feature:VolumeSnapshotDataSource][Feature:VolumeSourceXFS]" classname="Kubernetes e2e suite" time="0">
          <skipped></skipped>
      </testcase>
      <testcase name="[sig-storage] In-tree Volumes [Driver: local][LocalVolumeType: dir] [Testpattern: Pre-provisioned PV (block volmode)] multiVolume [Slow] should concurrently access the volume and restored snapshot from pods on the same node [LinuxOnly][Feature:VolumeSnapshotDataSource][Feature:VolumeSourceXFS]" classname="Kubernetes e2e suite" time="0">
          <skipped></skipped>
      </testcase>
      <testcase name="[sig-storage] In-tree Volumes [Driver: ceph][Feature:Volumes][Serial] [Testpattern: Dynamic PV (ntfs)][Feature:Windows] provisioning should provision storage with pvc data source" classname="Kubernetes e2e suite" time="0">
          <skipped></skipped>
      </testcase>
      <testcase name="[sig-storage] In-tree Volumes [Driver: local][LocalVolumeType: dir] [Testpattern: Pre-provisioned PV (block volmode)] multiVolume [Slow] should concurrently access the volume and its clone from pods on the same node [LinuxOnly][Feature:VolumeSnapshotDataSource][Feature:VolumeSourceXFS]" classname="Kubernetes e2e suite" time="0">
          <skipped></skipped>
      </testcase>
      <testcase name="[sig-storage] In-tree Volumes [Driver: local][LocalVolumeType: dir-link] [Testpattern: Dynamic PV (default fs)] subPath should support existing single file [LinuxOnly]" classname="Kubernetes e2e suite" time="0">
          <skipped></skipped>
      </testcase>
      <testcase name="[sig-storage] In-tree Volumes [Driver: emptydir] [Testpattern: Pre-provisioned PV (block volmode)] multiVolume [Slow] should concurrently access the single volume from pods on different node" classname="Kubernetes e2e suite" time="0">
          <skipped></skipped>
      </testcase>
      <testcase name="[sig-storage] In-tree Volumes [Driver: azure-disk] [Testpattern: Dynamic PV (filesystem volmode)] multiVolume [Slow] should access to two volumes with different volume mode and retain data across pod recreation on the same node" classname="Kubernetes e2e suite" time="0">
          <skipped></skipped>
      </testcase>
      <testcase name="[sig-storage] In-tree Volumes [Driver: local][LocalVolumeType: blockfs] [Testpattern: Pre-provisioned PV (default fs)] subPath should unmount if pod is force deleted while kubelet is down [Disruptive][Slow][LinuxOnly]" classname="Kubernetes e2e suite" time="0">
          <skipped></skipped>
      </testcase>
      <testcase name="[sig-storage] In-tree Volumes [Driver: local][LocalVolumeType: gce-localssd-scsi-fs] [Serial] [Testpattern: Pre-provisioned PV (ext3)] volumes should allow exec of files on the volume" classname="Kubernetes e2e suite" time="0">
          <skipped></skipped>
      </testcase>
      <testcase name="[sig-storage] In-tree Volumes [Driver: local][LocalVolumeType: dir] [Testpattern: Dynamic PV (default fs)(allowExpansion)] volume-expand should resize volume when PVC is edited while pod is using it" classname="Kubernetes e2e suite" time="0">
          <skipped></skipped>
      </testcase>
      <testcase name="[sig-storage] In-tree Volumes [Driver: local][LocalVolumeType: blockfs] [Testpattern: Dynamic PV (filesystem volmode)] multiVolume [Slow] should access to two volumes with the same volume mode and retain data across pod recreation on different node" classname="Kubernetes e2e suite" time="0">
          <skipped></skipped>
      </testcase>
      <testcase name="[sig-storage] In-tree Volumes [Driver: emptydir] [Testpattern: Dynamic PV (ext4)] multiVolume [Slow] should concurrently access the single read-only volume from pods on the same node" classname="Kubernetes e2e suite" time="0">
          <skipped></skipped>
      </testcase>
      <testcase name="[sig-storage] In-tree Volumes [Driver: aws] [Testpattern: Pre-provisioned PV (block volmode)] multiVolume [Slow] should access to two volumes with different volume mode and retain data across pod recreation on different node" classname="Kubernetes e2e suite" time="0">
          <skipped></skipped>
      </testcase>
      <testcase name="[sig-storage] In-tree Volumes [Driver: gluster] [Testpattern: Dynamic PV (default fs)] capacity provides storage capacity information" classname="Kubernetes e2e suite" time="0">
          <skipped></skipped>
      </testcase>
      <testcase name="[sig-storage] In-tree Volumes [Driver: local][LocalVolumeType: block] [Testpattern: Dynamic PV (default fs)] subPath should support readOnly directory specified in the volumeMount" classname="Kubernetes e2e suite" time="0">
          <skipped></skipped>
      </testcase>
      <testcase name="[sig-node] Pods Extended Delete Grace Period should be submitted and removed" classname="Kubernetes e2e suite" time="0">
          <skipped></skipped>
      </testcase>
      <testcase name="[sig-storage] In-tree Volumes [Driver: gcepd] [Testpattern: Dynamic PV (default fs)] subPath should fail if subpath directory is outside the volume [Slow][LinuxOnly]" classname="Kubernetes e2e suite" time="0">
          <skipped></skipped>
      </testcase>
      <testcase name="[sig-storage] Projected configMap should be consumable from pods in volume as non-root with FSGroup [LinuxOnly] [NodeFeature:FSGroup]" classname="Kubernetes e2e suite" time="0">
          <skipped></skipped>
      </testcase>
      <testcase name="[sig-storage] Projected downwardAPI should update annotations on modification [NodeConformance] [Conformance]" classname="Kubernetes e2e suite" time="6.643298422"></testcase>
      <testcase name="[sig-storage] In-tree Volumes [Driver: local][LocalVolumeType: dir-link-bindmounted] [Testpattern: Pre-provisioned PV (ntfs)][Feature:Windows] volumes should allow exec of files on the volume" classname="Kubernetes e2e suite" time="0">
          <skipped></skipped>
      </testcase>
      <testcase name="[sig-storage] In-tree Volumes [Driver: emptydir] [Testpattern: Dynamic PV (block volmode)] provisioning should provision storage with pvc data source in parallel [Slow]" classname="Kubernetes e2e suite" time="0">
          <skipped></skipped>
      </testcase>
      <testcase name="[sig-network] Networking Granular Checks: Services should update nodePort: http [Slow]" classname="Kubernetes e2e suite" time="0">
          <skipped></skipped>
      </testcase>
      <testcase name="[sig-storage] In-tree Volumes [Driver: aws] [Testpattern: Pre-provisioned PV (default fs)] subPath should fail if non-existent subpath is outside the volume [Slow][LinuxOnly]" classname="Kubernetes e2e suite" time="0">
          <skipped></skipped>
      </testcase>
      <testcase name="[sig-storage] In-tree Volumes [Driver: local][LocalVolumeType: dir-bindmounted] [Testpattern: Inline-volume (default fs)] subPath should unmount if pod is gracefully deleted while kubelet is down [Disruptive][Slow][LinuxOnly]" classname="Kubernetes e2e suite" time="0">
          <skipped></skipped>
      </testcase>
      <testcase name="[sig-storage] In-tree Volumes [Driver: local][LocalVolumeType: dir-link] [Testpattern: Pre-provisioned PV (block volmode)] multiVolume [Slow] should access to two volumes with the same volume mode and retain data across pod recreation on the same node" classname="Kubernetes e2e suite" time="0">
          <skipped></skipped>
      </testcase>
      <testcase name="[sig-storage] In-tree Volumes [Driver: local][LocalVolumeType: gce-localssd-scsi-fs] [Serial] [Testpattern: Dynamic PV (ext4)] volumes should allow exec of files on the volume" classname="Kubernetes e2e suite" time="0">
          <skipped></skipped>
      </testcase>
      <testcase name="[sig-storage] In-tree Volumes [Driver: rbd][Feature:Volumes][Serial] [Testpattern: Dynamic PV (ntfs)(allowExpansion)][Feature:Windows] volume-expand Verify if offline PVC expansion works" classname="Kubernetes e2e suite" time="0">
          <skipped></skipped>
      </testcase>
      <testcase name="[sig-storage] In-tree Volumes [Driver: hostPathSymlink] [Testpattern: Dynamic PV (ext4)] multiVolume [Slow] should access to two volumes with different volume mode and retain data across pod recreation on the same node" classname="Kubernetes e2e suite" time="0">
          <skipped></skipped>
      </testcase>
      <testcase name="[sig-storage] In-tree Volumes [Driver: local][LocalVolumeType: dir-link] [Testpattern: Dynamic PV (default fs)] subPath should support restarting containers using directory as subpath [Slow]" classname="Kubernetes e2e suite" time="0">
          <skipped></skipped>
      </testcase>
      <testcase name="[sig-storage] In-tree Volumes [Driver: hostPathSymlink] [Testpattern: Dynamic PV (default fs)] volume-expand should not allow expansion of pvcs without AllowVolumeExpansion property" classname="Kubernetes e2e suite" time="0">
          <skipped></skipped>
      </testcase>
      <testcase name="[sig-storage] In-tree Volumes [Driver: hostPathSymlink] [Testpattern: Dynamic PV (filesystem volmode)] volumeLimits should support volume limits [Serial]" classname="Kubernetes e2e suite" time="0">
          <skipped></skipped>
      </testcase>
      <testcase name="[sig-storage] In-tree Volumes [Driver: local][LocalVolumeType: dir-link-bindmounted] [Testpattern: Pre-provisioned PV (filesystem volmode)] multiVolume [Slow] should access to two volumes with different volume mode and retain data across pod recreation on different node" classname="Kubernetes e2e suite" time="0">
          <skipped></skipped>
      </testcase>
      <testcase name="[sig-storage] In-tree Volumes [Driver: local][LocalVolumeType: dir] [Testpattern: Pre-provisioned PV (default fs)] subPath should support existing single file [LinuxOnly]" classname="Kubernetes e2e suite" time="0">
          <skipped></skipped>
      </testcase>
      <testcase name="[sig-storage] CSI Volumes [Driver: csi-hostpath] [Testpattern: Dynamic PV (default fs)] provisioning should provision storage with pvc data source in parallel [Slow]" classname="Kubernetes e2e suite" time="0">
          <skipped></skipped>
      </testcase>
      <testcase name="[sig-storage] In-tree Volumes [Driver: ceph][Feature:Volumes][Serial] [Testpattern: Pre-provisioned PV (default fs)] subPath should fail if subpath with backstepping is outside the volume [Slow][LinuxOnly]" classname="Kubernetes e2e suite" time="0">
          <skipped></skipped>
      </testcase>
      <testcase name="[sig-storage] In-tree Volumes [Driver: cinder] [Testpattern: Dynamic PV (ntfs)(allowExpansion)][Feature:Windows] volume-expand should resize volume when PVC is edited while pod is using it" classname="Kubernetes e2e suite" time="0">
          <skipped></skipped>
      </testcase>
      <testcase name="[sig-storage] In-tree Volumes [Driver: local][LocalVolumeType: block] [Testpattern: Pre-provisioned PV (default fs)] volumeIO should write files of various sizes, verify size, validate content [Slow][LinuxOnly]" classname="Kubernetes e2e suite" time="0">
          <skipped></skipped>
      </testcase>
      <testcase name="[sig-storage] In-tree Volumes [Driver: local][LocalVolumeType: dir-bindmounted] [Testpattern: Pre-provisioned PV (ntfs)][Feature:Windows] volumes should allow exec of files on the volume" classname="Kubernetes e2e suite" time="0">
          <skipped></skipped>
      </testcase>
      <testcase name="[sig-storage] In-tree Volumes [Driver: local][LocalVolumeType: gce-localssd-scsi-fs] [Serial] [Testpattern: Pre-provisioned PV (filesystem volmode)] multiVolume [Slow] should concurrently access the single volume from pods on different node" classname="Kubernetes e2e suite" time="0">
          <skipped></skipped>
      </testcase>
      <testcase name="[sig-storage] In-tree Volumes [Driver: emptydir] [Testpattern: Dynamic PV (default fs)] capacity provides storage capacity information" classname="Kubernetes e2e suite" time="0">
          <skipped></skipped>
      </testcase>
      <testcase name="[sig-storage] In-tree Volumes [Driver: aws] [Testpattern: Dynamic PV (default fs)] provisioning should provision storage with pvc data source" classname="Kubernetes e2e suite" time="0">
          <skipped></skipped>
      </testcase>
      <testcase name="[sig-storage] In-tree Volumes [Driver: local][LocalVolumeType: dir-bindmounted] [Testpattern: Dynamic PV (ext4)] multiVolume [Slow] should access to two volumes with different volume mode and retain data across pod recreation on the same node" classname="Kubernetes e2e suite" time="0">
          <skipped></skipped>
      </testcase>
      <testcase name="[sig-cloud-provider-gcp] Restart [Disruptive] should restart all nodes and ensure all nodes and pods recover" classname="Kubernetes e2e suite" time="0">
          <skipped></skipped>
      </testcase>
      <testcase name="[sig-network] Netpol NetworkPolicy between server and client should deny ingress from pods on other namespaces [Feature:NetworkPolicy]" classname="Kubernetes e2e suite" time="0">
          <skipped></skipped>
      </testcase>
      <testcase name="[sig-storage] In-tree Volumes [Driver: emptydir] [Testpattern: Pre-provisioned PV (filesystem volmode)] multiVolume [Slow] should concurrently access the single read-only volume from pods on the same node" classname="Kubernetes e2e suite" time="0">
          <skipped></skipped>
      </testcase>
      <testcase name="[sig-storage] In-tree Volumes [Driver: local][LocalVolumeType: block] [Testpattern: Pre-provisioned PV (filesystem volmode)] volumeMode should fail to use a volume in a pod with mismatched mode [Slow]" classname="Kubernetes e2e suite" time="0">
          <skipped></skipped>
      </testcase>
      <testcase name="[sig-storage] CSI Volumes [Driver: csi-hostpath] [Testpattern: Inline-volume (default fs)] subPath should fail if subpath file is outside the volume [Slow][LinuxOnly]" classname="Kubernetes e2e suite" time="0">
          <skipped></skipped>
      </testcase>
      <testcase name="[sig-storage] In-tree Volumes [Driver: local][LocalVolumeType: tmpfs] [Testpattern: Pre-provisioned PV (default fs)] subPath should fail if subpath directory is outside the volume [Slow][LinuxOnly]" classname="Kubernetes e2e suite" time="0">
          <skipped></skipped>
      </testcase>
      <testcase name="[sig-storage] In-tree Volumes [Driver: windows-gcepd] [Testpattern: Pre-provisioned PV (default fs)] subPath should support restarting containers using directory as subpath [Slow]" classname="Kubernetes e2e suite" time="0">
          <skipped></skipped>
      </testcase>
      <testcase name="[sig-storage] In-tree Volumes [Driver: hostPath] [Testpattern: Dynamic PV (ext4)] multiVolume [Slow] should access to two volumes with the same volume mode and retain data across pod recreation on the same node" classname="Kubernetes e2e suite" time="0">
          <skipped></skipped>
      </testcase>
      <testcase name="[sig-storage] In-tree Volumes [Driver: aws] [Testpattern: Dynamic PV (ntfs)][Feature:Windows] subPath should unmount if pod is force deleted while kubelet is down [Disruptive][Slow][LinuxOnly]" classname="Kubernetes e2e suite" time="0">
          <skipped></skipped>
      </testcase>
      <testcase name="[sig-storage] In-tree Volumes [Driver: azure-disk] [Testpattern: Dynamic PV (ntfs)][Feature:Windows] subPath should support existing directories when readOnly specified in the volumeSource" classname="Kubernetes e2e suite" time="0">
          <skipped></skipped>
      </testcase>
      <testcase name="[sig-cli] Kubectl client Simple pod should support port-forward" classname="Kubernetes e2e suite" time="0">
          <skipped></skipped>
      </testcase>
      <testcase name="[sig-storage] In-tree Volumes [Driver: hostPath] [Testpattern: Pre-provisioned PV (filesystem volmode)] multiVolume [Slow] should access to two volumes with different volume mode and retain data across pod recreation on the same node" classname="Kubernetes e2e suite" time="0">
          <skipped></skipped>
      </testcase>
      <testcase name="[sig-storage] CSI Volumes [Driver: csi-hostpath] [Testpattern: Pre-provisioned PV (ext3)] volumes should store data" classname="Kubernetes e2e suite" time="0">
          <skipped></skipped>
      </testcase>
      <testcase name="[sig-storage] CSI Volumes [Driver: csi-hostpath] [Testpattern: Dynamic PV (block volmode)(allowExpansion)] volume-expand Verify if offline PVC expansion works" classname="Kubernetes e2e suite" time="0">
          <skipped></skipped>
      </testcase>
      <testcase name="[sig-storage] In-tree Volumes [Driver: iscsi][Feature:Volumes] [Testpattern: Pre-provisioned PV (default fs)] subPath should be able to unmount after the subpath directory is deleted [LinuxOnly]" classname="Kubernetes e2e suite" time="0">
          <skipped></skipped>
      </testcase>
      <testcase name="[sig-storage] In-tree Volumes [Driver: gcepd] [Testpattern: Dynamic PV (default fs)] subPath should be able to unmount after the subpath directory is deleted [LinuxOnly]" classname="Kubernetes e2e suite" time="0">
          <skipped></skipped>
      </testcase>
      <testcase name="[sig-storage] In-tree Volumes [Driver: local][LocalVolumeType: gce-localssd-scsi-fs] [Serial] [Testpattern: Pre-provisioned PV (ext4)] volumes should allow exec of files on the volume" classname="Kubernetes e2e suite" time="0">
          <skipped></skipped>
      </testcase>
      <testcase name="[sig-storage] In-tree Volumes [Driver: nfs] [Testpattern: Dynamic PV (ntfs)][Feature:Windows] subPath should be able to unmount after the subpath directory is deleted [LinuxOnly]" classname="Kubernetes e2e suite" time="0">
          <skipped></skipped>
      </testcase>
      <testcase name="[sig-storage] In-tree Volumes [Driver: local][LocalVolumeType: dir-link-bindmounted] [Testpattern: Dynamic PV (default fs)] provisioning should provision storage with mount options" classname="Kubernetes e2e suite" time="0">
          <skipped></skipped>
      </testcase>
      <testcase name="[sig-storage] In-tree Volumes [Driver: hostPath] [Testpattern: Dynamic PV (xfs)][Slow] multiVolume [Slow] should concurrently access the single read-only volume from pods on the same node" classname="Kubernetes e2e suite" time="0">
          <skipped></skipped>
      </testcase>
      <testcase name="[sig-storage] In-tree Volumes [Driver: local][LocalVolumeType: block] [Testpattern: Dynamic PV (default fs)] subPath should unmount if pod is gracefully deleted while kubelet is down [Disruptive][Slow][LinuxOnly]" classname="Kubernetes e2e suite" time="0">
          <skipped></skipped>
      </testcase>
      <testcase name="[sig-api-machinery] ResourceQuota should create a ResourceQuota and capture the life of a replica set. [Conformance]" classname="Kubernetes e2e suite" time="11.133869356"></testcase>
      <testcase name="[sig-storage] In-tree Volumes [Driver: local][LocalVolumeType: dir] [Testpattern: Dynamic PV (filesystem volmode)] multiVolume [Slow] should access to two volumes with the same volume mode and retain data across pod recreation on different node" classname="Kubernetes e2e suite" time="0">
          <skipped></skipped>
      </testcase>
      <testcase name="[sig-storage] In-tree Volumes [Driver: windows-gcepd] [Testpattern: Inline-volume (default fs)] subPath should support readOnly file specified in the volumeMount [LinuxOnly]" classname="Kubernetes e2e suite" time="0">
          <skipped></skipped>
      </testcase>
      <testcase name="[sig-storage] In-tree Volumes [Driver: azure-disk] [Testpattern: Dynamic PV (ext4)] multiVolume [Slow] should concurrently access the volume and its clone from pods on the same node [LinuxOnly][Feature:VolumeSnapshotDataSource][Feature:VolumeSourceXFS]" classname="Kubernetes e2e suite" time="0">
          <skipped></skipped>
      </testcase>
      <testcase name="[sig-storage] In-tree Volumes [Driver: azure-disk] [Testpattern: Dynamic PV (xfs)][Slow] volumes should store data" classname="Kubernetes e2e suite" time="0">
          <skipped></skipped>
      </testcase>
      <testcase name="[sig-storage] In-tree Volumes [Driver: rbd][Feature:Volumes][Serial] [Testpattern: Inline-volume (ntfs)][Feature:Windows] volumes should allow exec of files on the volume" classname="Kubernetes e2e suite" time="0">
          <skipped></skipped>
      </testcase>
      <testcase name="[sig-storage] CSI Volumes [Driver: csi-hostpath] [Testpattern: Dynamic PV (default fs)] volumes should allow exec of files on the volume" classname="Kubernetes e2e suite" time="0">
          <skipped></skipped>
      </testcase>
      <testcase name="[sig-storage] In-tree Volumes [Driver: hostPath] [Testpattern: Dynamic PV (default fs)] fsgroupchangepolicy (OnRootMismatch)[LinuxOnly], pod created with an initial fsgroup, volume contents ownership changed in first pod, new pod with different fsgroup applied to the volume contents" classname="Kubernetes e2e suite" time="0">
          <skipped></skipped>
      </testcase>
      <testcase name="[sig-network] DNS should provide DNS for ExternalName services [Conformance]" classname="Kubernetes e2e suite" time="11.420146863"></testcase>
      <testcase name="[sig-storage] In-tree Volumes [Driver: local][LocalVolumeType: dir] [Testpattern: Dynamic PV (ntfs)][Feature:Windows] volume-expand should not allow expansion of pvcs without AllowVolumeExpansion property" classname="Kubernetes e2e suite" time="0">
          <skipped></skipped>
      </testcase>
      <testcase name="[sig-storage] In-tree Volumes [Driver: rbd][Feature:Volumes][Serial] [Testpattern: Dynamic PV (default fs)] subPath should be able to unmount after the subpath directory is deleted [LinuxOnly]" classname="Kubernetes e2e suite" time="0">
          <skipped></skipped>
      </testcase>
      <testcase name="[sig-storage] In-tree Volumes [Driver: windows-gcepd] [Testpattern: Dynamic PV (default fs)] subPath should be able to unmount after the subpath directory is deleted [LinuxOnly]" classname="Kubernetes e2e suite" time="0">
          <skipped></skipped>
      </testcase>
      <testcase name="[sig-storage] In-tree Volumes [Driver: gluster] [Testpattern: Dynamic PV (default fs)] provisioning should provision storage with snapshot data source [Feature:VolumeSnapshotDataSource]" classname="Kubernetes e2e suite" time="0">
          <skipped></skipped>
      </testcase>
      <testcase name="[sig-storage] In-tree Volumes [Driver: vsphere] [Testpattern: Pre-provisioned PV (block volmode)] multiVolume [Slow] should concurrently access the volume and restored snapshot from pods on the same node [LinuxOnly][Feature:VolumeSnapshotDataSource][Feature:VolumeSourceXFS]" classname="Kubernetes e2e suite" time="0">
          <skipped></skipped>
      </testcase>
      <testcase name="[sig-storage] In-tree Volumes [Driver: local][LocalVolumeType: blockfs] [Testpattern: Pre-provisioned PV (ext3)] volumes should store data" classname="Kubernetes e2e suite" time="0">
          <skipped></skipped>
      </testcase>
      <testcase name="[sig-storage] In-tree Volumes [Driver: hostPath] [Testpattern: Dynamic PV (default fs)] volumes should store data" classname="Kubernetes e2e suite" time="0">
          <skipped></skipped>
      </testcase>
      <testcase name="[sig-storage] In-tree Volumes [Driver: gcepd] [Testpattern: Dynamic PV (ntfs)][Feature:Windows] subPath should fail if subpath file is outside the volume [Slow][LinuxOnly]" classname="Kubernetes e2e suite" time="0">
          <skipped></skipped>
      </testcase>
      <testcase name="[sig-network] Networking Granular Checks: Services should be able to handle large requests: http" classname="Kubernetes e2e suite" time="0">
          <skipped></skipped>
      </testcase>
      <testcase name="[sig-storage] In-tree Volumes [Driver: vsphere] [Testpattern: Dynamic PV (default fs)] volumeIO should write files of various sizes, verify size, validate content [Slow][LinuxOnly]" classname="Kubernetes e2e suite" time="0">
          <skipped></skipped>
      </testcase>
      <testcase name="[sig-storage] In-tree Volumes [Driver: aws] [Testpattern: Dynamic PV (ntfs)][Feature:Windows] subPath should support non-existent path" classname="Kubernetes e2e suite" time="0">
          <skipped></skipped>
      </testcase>
      <testcase name="[sig-storage] In-tree Volumes [Driver: local][LocalVolumeType: dir] [Testpattern: Dynamic PV (ntfs)][Feature:Windows] subPath should unmount if pod is force deleted while kubelet is down [Disruptive][Slow][LinuxOnly]" classname="Kubernetes e2e suite" time="0">
          <skipped></skipped>
      </testcase>
      <testcase name="[sig-storage] In-tree Volumes [Driver: gluster] [Testpattern: Inline-volume (xfs)][Slow] volumes should store data" classname="Kubernetes e2e suite" time="0">
          <skipped></skipped>
      </testcase>
      <testcase name="[sig-storage] In-tree Volumes [Driver: rbd][Feature:Volumes][Serial] [Testpattern: Dynamic PV (ntfs)][Feature:Windows] volumes should allow exec of files on the volume" classname="Kubernetes e2e suite" time="0">
          <skipped></skipped>
      </testcase>
      <testcase name="[sig-storage] In-tree Volumes [Driver: hostPath] [Testpattern: Dynamic PV (default fs)] subPath should support existing single file [LinuxOnly]" classname="Kubernetes e2e suite" time="0">
          <skipped></skipped>
      </testcase>
      <testcase name="[sig-storage] In-tree Volumes [Driver: local][LocalVolumeType: tmpfs] [Testpattern: Pre-provisioned PV (block volmode)] multiVolume [Slow] should concurrently access the single read-only volume from pods on the same node" classname="Kubernetes e2e suite" time="0">
          <skipped></skipped>
      </testcase>
      <testcase name="[sig-storage] In-tree Volumes [Driver: windows-gcepd] [Testpattern: Dynamic PV (ext4)] multiVolume [Slow] should concurrently access the single volume from pods on different node" classname="Kubernetes e2e suite" time="0">
          <skipped></skipped>
      </testcase>
      <testcase name="[sig-storage] In-tree Volumes [Driver: hostPathSymlink] [Testpattern: Dynamic PV (xfs)][Slow] multiVolume [Slow] should access to two volumes with the same volume mode and retain data across pod recreation on different node" classname="Kubernetes e2e suite" time="0">
          <skipped></skipped>
      </testcase>
      <testcase name="[sig-storage] In-tree Volumes [Driver: local][LocalVolumeType: dir-link-bindmounted] [Testpattern: Pre-provisioned PV (filesystem volmode)] multiVolume [Slow] should access to two volumes with the same volume mode and retain data across pod recreation on the same node" classname="Kubernetes e2e suite" time="0">
          <skipped></skipped>
      </testcase>
      <testcase name="[sig-storage] In-tree Volumes [Driver: rbd][Feature:Volumes][Serial] [Testpattern: Dynamic PV (ntfs)][Feature:Windows] subPath should support existing directories when readOnly specified in the volumeSource" classname="Kubernetes e2e suite" time="0">
          <skipped></skipped>
      </testcase>
      <testcase name="[sig-storage] In-tree Volumes [Driver: emptydir] [Testpattern: Dynamic PV (immediate binding)] topology should fail to schedule a pod which has topologies that conflict with AllowedTopologies" classname="Kubernetes e2e suite" time="0">
          <skipped></skipped>
      </testcase>
      <testcase name="[sig-storage] In-tree Volumes [Driver: gcepd] [Testpattern: Dynamic PV (xfs)][Slow] multiVolume [Slow] should access to two volumes with different volume mode and retain data across pod recreation on the same node" classname="Kubernetes e2e suite" time="0">
          <skipped></skipped>
      </testcase>
      <testcase name="[sig-storage] In-tree Volumes [Driver: local][LocalVolumeType: dir-link-bindmounted] [Testpattern: Dynamic PV (ntfs)][Feature:Windows] subPath should verify container cannot write to subpath readonly volumes [Slow]" classname="Kubernetes e2e suite" time="0">
          <skipped></skipped>
      </testcase>
      <testcase name="[sig-cli] Kubectl client Kubectl apply should reuse port when apply to an existing SVC" classname="Kubernetes e2e suite" time="0">
          <skipped></skipped>
      </testcase>
      <testcase name="[sig-storage] In-tree Volumes [Driver: rbd][Feature:Volumes][Serial] [Testpattern: Inline-volume (default fs)] volumes should store data" classname="Kubernetes e2e suite" time="0">
          <skipped></skipped>
      </testcase>
      <testcase name="[sig-storage] Dynamic Provisioning DynamicProvisioner Default should be disabled by removing the default annotation [Serial] [Disruptive]" classname="Kubernetes e2e suite" time="0">
          <skipped></skipped>
      </testcase>
      <testcase name="[sig-storage] In-tree Volumes [Driver: emptydir] [Testpattern: Pre-provisioned PV (block volmode)] multiVolume [Slow] should access to two volumes with different volume mode and retain data across pod recreation on different node" classname="Kubernetes e2e suite" time="0">
          <skipped></skipped>
      </testcase>
      <testcase name="[sig-storage] In-tree Volumes [Driver: local][LocalVolumeType: blockfs] [Testpattern: Dynamic PV (block volmode)] provisioning should provision storage with mount options" classname="Kubernetes e2e suite" time="0">
          <skipped></skipped>
      </testcase>
      <testcase name="[sig-storage] In-tree Volumes [Driver: cinder] [Testpattern: Dynamic PV (ntfs)][Feature:Windows] subPath should fail if subpath directory is outside the volume [Slow][LinuxOnly]" classname="Kubernetes e2e suite" time="0">
          <skipped></skipped>
      </testcase>
      <testcase name="[sig-autoscaling] Cluster size autoscaling [Slow] Should be able to scale a node group up from 0[Feature:ClusterSizeAutoscalingScaleUp]" classname="Kubernetes e2e suite" time="0">
          <skipped></skipped>
      </testcase>
      <testcase name="[sig-storage] In-tree Volumes [Driver: azure-disk] [Testpattern: Dynamic PV (block volmode)] disruptive[Disruptive][LinuxOnly] Should test that pv used in a pod that is deleted while the kubelet is down cleans up when the kubelet returns." classname="Kubernetes e2e suite" time="0">
          <skipped></skipped>
      </testcase>
      <testcase name="[sig-storage] In-tree Volumes [Driver: rbd][Feature:Volumes][Serial] [Testpattern: Dynamic PV (block volmode)] disruptive[Disruptive][LinuxOnly] Should test that pv written before kubelet restart is readable after restart." classname="Kubernetes e2e suite" time="0">
          <skipped></skipped>
      </testcase>
      <testcase name="[sig-storage] In-tree Volumes [Driver: ceph][Feature:Volumes][Serial] [Testpattern: Pre-provisioned PV (filesystem volmode)] multiVolume [Slow] should concurrently access the single read-only volume from pods on the same node" classname="Kubernetes e2e suite" time="0">
          <skipped></skipped>
      </testcase>
      <testcase name="[sig-storage] In-tree Volumes [Driver: cinder] [Testpattern: Dynamic PV (ext4)] multiVolume [Slow] should access to two volumes with the same volume mode and retain data across pod recreation on different node" classname="Kubernetes e2e suite" time="0">
          <skipped></skipped>
      </testcase>
      <testcase name="[sig-autoscaling] DNS horizontal autoscaling [Serial] [Slow] kube-dns-autoscaler should scale kube-dns pods when cluster size changed" classname="Kubernetes e2e suite" time="0">
          <skipped></skipped>
      </testcase>
      <testcase name="[sig-storage] CSI Volumes [Driver: csi-hostpath] [Testpattern: Dynamic PV (block volmode)] volumeMode should not mount / map unused volumes in a pod [LinuxOnly]" classname="Kubernetes e2e suite" time="0">
          <skipped></skipped>
      </testcase>
      <testcase name="[sig-storage] In-tree Volumes [Driver: local][LocalVolumeType: dir] [Testpattern: Dynamic PV (default fs)] provisioning should provision storage with pvc data source in parallel [Slow]" classname="Kubernetes e2e suite" time="0">
          <skipped></skipped>
      </testcase>
      <testcase name="[sig-storage] EmptyDir volumes when FSGroup is specified [LinuxOnly] [NodeFeature:FSGroup] new files should be created with FSGroup ownership when container is root" classname="Kubernetes e2e suite" time="0">
          <skipped></skipped>
      </testcase>
      <testcase name="[sig-storage] In-tree Volumes [Driver: hostPathSymlink] [Testpattern: Inline-volume (default fs)] volumes should allow exec of files on the volume" classname="Kubernetes e2e suite" time="0">
          <skipped></skipped>
      </testcase>
      <testcase name="[sig-scheduling] SchedulerPredicates [Serial] validates that NodeSelector is respected if matching  [Conformance]" classname="Kubernetes e2e suite" time="4.265302074"></testcase>
      <testcase name="[sig-storage] In-tree Volumes [Driver: azure-disk] [Testpattern: Dynamic PV (ext4)] multiVolume [Slow] should access to two volumes with the same volume mode and retain data across pod recreation on the same node" classname="Kubernetes e2e suite" time="0">
          <skipped></skipped>
      </testcase>
      <testcase name="[sig-cloud-provider-gcp] Reboot [Disruptive] [Feature:Reboot] each node by triggering kernel panic and ensure they function upon restart" classname="Kubernetes e2e suite" time="0">
          <skipped></skipped>
      </testcase>
      <testcase name="[sig-storage] In-tree Volumes [Driver: rbd][Feature:Volumes][Serial] [Testpattern: Dynamic PV (default fs)] subPath should verify container cannot write to subpath readonly volumes [Slow]" classname="Kubernetes e2e suite" time="0">
          <skipped></skipped>
      </testcase>
      <testcase name="[sig-storage] In-tree Volumes [Driver: hostPath] [Testpattern: Pre-provisioned PV (default fs)] subPath should verify container cannot write to subpath readonly volumes [Slow]" classname="Kubernetes e2e suite" time="0">
          <skipped></skipped>
      </testcase>
      <testcase name="[sig-storage] In-tree Volumes [Driver: local][LocalVolumeType: tmpfs] [Testpattern: Dynamic PV (ntfs)][Feature:Windows] subPath should support file as subpath [LinuxOnly]" classname="Kubernetes e2e suite" time="0">
          <skipped></skipped>
      </testcase>
      <testcase name="[sig-storage] In-tree Volumes [Driver: local][LocalVolumeType: dir] [Testpattern: Dynamic PV (default fs)] fsgroupchangepolicy (Always)[LinuxOnly], pod created with an initial fsgroup, volume contents ownership changed in first pod, new pod with same fsgroup applied to the volume contents" classname="Kubernetes e2e suite" time="0">
          <skipped></skipped>
      </testcase>
      <testcase name="[sig-storage] CSI Volumes [Driver: pd.csi.storage.gke.io][Serial] [Testpattern: Dynamic PV (default fs)] subPath should support existing directory" classname="Kubernetes e2e suite" time="0">
          <skipped></skipped>
      </testcase>
      <testcase name="[sig-storage] In-tree Volumes [Driver: local][LocalVolumeType: dir-link] [Testpattern: Inline-volume (default fs)] subPath should support existing directories when readOnly specified in the volumeSource" classname="Kubernetes e2e suite" time="0">
          <skipped></skipped>
      </testcase>
      <testcase name="[sig-storage] In-tree Volumes [Driver: hostPath] [Testpattern: Dynamic PV (block volmode)] multiVolume [Slow] should access to two volumes with the same volume mode and retain data across pod recreation on different node" classname="Kubernetes e2e suite" time="0">
          <skipped></skipped>
      </testcase>
      <testcase name="[sig-storage] In-tree Volumes [Driver: local][LocalVolumeType: tmpfs] [Testpattern: Dynamic PV (ntfs)][Feature:Windows] provisioning should provision storage with snapshot data source [Feature:VolumeSnapshotDataSource]" classname="Kubernetes e2e suite" time="0">
          <skipped></skipped>
      </testcase>
      <testcase name="[sig-storage] HostPathType File [Slow] Should be able to mount file &#39;afile&#39; successfully when HostPathType is HostPathUnset" classname="Kubernetes e2e suite" time="0">
          <skipped></skipped>
      </testcase>
      <testcase name="[sig-storage] In-tree Volumes [Driver: iscsi][Feature:Volumes] [Testpattern: Pre-provisioned PV (default fs)] subPath should support restarting containers using directory as subpath [Slow]" classname="Kubernetes e2e suite" time="0">
          <skipped></skipped>
      </testcase>
      <testcase name="[sig-storage] In-tree Volumes [Driver: azure-disk] [Testpattern: Pre-provisioned PV (block volmode)] multiVolume [Slow] should access to two volumes with different volume mode and retain data across pod recreation on different node" classname="Kubernetes e2e suite" time="0">
          <skipped></skipped>
      </testcase>
      <testcase name="[sig-storage] In-tree Volumes [Driver: iscsi][Feature:Volumes] [Testpattern: Dynamic PV (default fs)] fsgroupchangepolicy (Always)[LinuxOnly], pod created with an initial fsgroup, volume contents ownership changed in first pod, new pod with same fsgroup applied to the volume contents" classname="Kubernetes e2e suite" time="0">
          <skipped></skipped>
      </testcase>
      <testcase name="[sig-storage] In-tree Volumes [Driver: hostPathSymlink] [Testpattern: Dynamic PV (default fs)] subPath should support readOnly file specified in the volumeMount [LinuxOnly]" classname="Kubernetes e2e suite" time="0">
          <skipped></skipped>
      </testcase>
      <testcase name="[sig-storage] In-tree Volumes [Driver: local][LocalVolumeType: tmpfs] [Testpattern: Pre-provisioned PV (filesystem volmode)] multiVolume [Slow] should concurrently access the single volume from pods on different node" classname="Kubernetes e2e suite" time="0">
          <skipped></skipped>
      </testcase>
      <testcase name="[sig-storage] In-tree Volumes [Driver: local][LocalVolumeType: blockfs] [Testpattern: Dynamic PV (block volmode)] multiVolume [Slow] should concurrently access the volume and restored snapshot from pods on the same node [LinuxOnly][Feature:VolumeSnapshotDataSource][Feature:VolumeSourceXFS]" classname="Kubernetes e2e suite" time="0">
          <skipped></skipped>
      </testcase>
      <testcase name="[sig-storage] In-tree Volumes [Driver: local][LocalVolumeType: tmpfs] [Testpattern: Dynamic PV (ntfs)][Feature:Windows] provisioning should provision storage with pvc data source" classname="Kubernetes e2e suite" time="0">
          <skipped></skipped>
      </testcase>
      <testcase name="[sig-network] Netpol NetworkPolicy between server and client should deny egress from all pods in a namespace [Feature:NetworkPolicy] " classname="Kubernetes e2e suite" time="0">
          <skipped></skipped>
      </testcase>
      <testcase name="[sig-storage] In-tree Volumes [Driver: emptydir] [Testpattern: Pre-provisioned PV (default fs)] subPath should unmount if pod is force deleted while kubelet is down [Disruptive][Slow][LinuxOnly]" classname="Kubernetes e2e suite" time="0">
          <skipped></skipped>
      </testcase>
      <testcase name="[sig-storage] In-tree Volumes [Driver: local][LocalVolumeType: gce-localssd-scsi-fs] [Serial] [Testpattern: Dynamic PV (default fs)] subPath should fail if subpath with backstepping is outside the volume [Slow][LinuxOnly]" classname="Kubernetes e2e suite" time="0">
          <skipped></skipped>
      </testcase>
      <testcase name="[sig-storage] In-tree Volumes [Driver: local][LocalVolumeType: tmpfs] [Testpattern: Dynamic PV (default fs)] volume-expand should not allow expansion of pvcs without AllowVolumeExpansion property" classname="Kubernetes e2e suite" time="0">
          <skipped></skipped>
      </testcase>
      <testcase name="[sig-storage] In-tree Volumes [Driver: nfs] [Testpattern: Pre-provisioned PV (filesystem volmode)] multiVolume [Slow] should concurrently access the volume and its clone from pods on the same node [LinuxOnly][Feature:VolumeSnapshotDataSource][Feature:VolumeSourceXFS]" classname="Kubernetes e2e suite" time="0">
          <skipped></skipped>
      </testcase>
      <testcase name="[sig-storage] In-tree Volumes [Driver: vsphere] [Testpattern: Dynamic PV (ntfs)][Feature:Windows] subPath should support creating multiple subpath from same volumes [Slow]" classname="Kubernetes e2e suite" time="0">
          <skipped></skipped>
      </testcase>
      <testcase name="[sig-storage] In-tree Volumes [Driver: local][LocalVolumeType: blockfs] [Testpattern: Inline-volume (default fs)] volumeIO should write files of various sizes, verify size, validate content [Slow][LinuxOnly]" classname="Kubernetes e2e suite" time="0">
          <skipped></skipped>
      </testcase>
      <testcase name="[sig-storage] In-tree Volumes [Driver: vsphere] [Testpattern: Dynamic PV (default fs)] subPath should fail if non-existent subpath is outside the volume [Slow][LinuxOnly]" classname="Kubernetes e2e suite" time="0">
          <skipped></skipped>
      </testcase>
      <testcase name="[sig-storage] In-tree Volumes [Driver: local][LocalVolumeType: blockfs] [Testpattern: Pre-provisioned PV (ext3)] volumes should allow exec of files on the volume" classname="Kubernetes e2e suite" time="0">
          <skipped></skipped>
      </testcase>
      <testcase name="[sig-network] SCTP [Feature:SCTP] [LinuxOnly] should allow creating a basic SCTP service with pod and endpoints" classname="Kubernetes e2e suite" time="0">
          <skipped></skipped>
      </testcase>
      <testcase name="[sig-storage] In-tree Volumes [Driver: hostPath] [Testpattern: Pre-provisioned PV (block volmode)] multiVolume [Slow] should access to two volumes with the same volume mode and retain data across pod recreation on the same node" classname="Kubernetes e2e suite" time="0">
          <skipped></skipped>
      </testcase>
      <testcase name="[sig-storage] In-tree Volumes [Driver: local][LocalVolumeType: gce-localssd-scsi-fs] [Serial] [Testpattern: Dynamic PV (filesystem volmode)] multiVolume [Slow] should concurrently access the volume and its clone from pods on the same node [LinuxOnly][Feature:VolumeSnapshotDataSource][Feature:VolumeSourceXFS]" classname="Kubernetes e2e suite" time="0">
          <skipped></skipped>
      </testcase>
      <testcase name="[sig-storage] In-tree Volumes [Driver: local][LocalVolumeType: blockfs] [Testpattern: Dynamic PV (filesystem volmode)] multiVolume [Slow] should concurrently access the single volume from pods on different node" classname="Kubernetes e2e suite" time="0">
          <skipped></skipped>
      </testcase>
      <testcase name="[sig-storage] CSI Volumes [Driver: csi-hostpath] [Testpattern: Dynamic PV (xfs)][Slow] multiVolume [Slow] should concurrently access the volume and restored snapshot from pods on the same node [LinuxOnly][Feature:VolumeSnapshotDataSource][Feature:VolumeSourceXFS]" classname="Kubernetes e2e suite" time="0">
          <skipped></skipped>
      </testcase>
      <testcase name="[sig-storage] In-tree Volumes [Driver: local][LocalVolumeType: blockfs] [Testpattern: Dynamic PV (ntfs)(allowExpansion)][Feature:Windows] volume-expand should resize volume when PVC is edited while pod is using it" classname="Kubernetes e2e suite" time="0">
          <skipped></skipped>
      </testcase>
      <testcase name="[sig-storage] In-tree Volumes [Driver: nfs] [Testpattern: Dynamic PV (filesystem volmode)] multiVolume [Slow] should access to two volumes with different volume mode and retain data across pod recreation on the same node" classname="Kubernetes e2e suite" time="0">
          <skipped></skipped>
      </testcase>
      <testcase name="[sig-storage] In-tree Volumes [Driver: azure-disk] [Testpattern: Dynamic PV (ntfs)][Feature:Windows] subPath should support readOnly file specified in the volumeMount [LinuxOnly]" classname="Kubernetes e2e suite" time="0">
          <skipped></skipped>
      </testcase>
      <testcase name="[sig-storage] In-tree Volumes [Driver: aws] [Testpattern: Inline-volume (default fs)] subPath should support restarting containers using directory as subpath [Slow]" classname="Kubernetes e2e suite" time="0">
          <skipped></skipped>
      </testcase>
      <testcase name="[sig-storage] In-tree Volumes [Driver: windows-gcepd] [Testpattern: Dynamic PV (block volmode)] volumeMode should fail in binding dynamic provisioned PV to PVC [Slow][LinuxOnly]" classname="Kubernetes e2e suite" time="0">
          <skipped></skipped>
      </testcase>
      <testcase name="[sig-storage] In-tree Volumes [Driver: local][LocalVolumeType: dir-link] [Testpattern: Dynamic PV (ntfs)][Feature:Windows] subPath should fail if non-existent subpath is outside the volume [Slow][LinuxOnly]" classname="Kubernetes e2e suite" time="0">
          <skipped></skipped>
      </testcase>
      <testcase name="[sig-autoscaling] Cluster size autoscaling [Slow] should increase cluster size if pod requesting volume is pending [Feature:ClusterSizeAutoscalingScaleUp]" classname="Kubernetes e2e suite" time="0">
          <skipped></skipped>
      </testcase>
      <testcase name="[sig-network] Services should complete a service status lifecycle [Conformance]" classname="Kubernetes e2e suite" time="0.149070261"></testcase>
      <testcase name="[sig-storage] In-tree Volumes [Driver: local][LocalVolumeType: gce-localssd-scsi-fs] [Serial] [Testpattern: Dynamic PV (ext4)] multiVolume [Slow] should concurrently access the volume and restored snapshot from pods on the same node [LinuxOnly][Feature:VolumeSnapshotDataSource][Feature:VolumeSourceXFS]" classname="Kubernetes e2e suite" time="0">
          <skipped></skipped>
      </testcase>
      <testcase name="[sig-storage] In-tree Volumes [Driver: local][LocalVolumeType: dir-link-bindmounted] [Testpattern: Dynamic PV (ext4)] multiVolume [Slow] should concurrently access the single read-only volume from pods on the same node" classname="Kubernetes e2e suite" time="0">
          <skipped></skipped>
      </testcase>
      <testcase name="[sig-storage] In-tree Volumes [Driver: local][LocalVolumeType: tmpfs] [Testpattern: Dynamic PV (ntfs)][Feature:Windows] subPath should fail if subpath with backstepping is outside the volume [Slow][LinuxOnly]" classname="Kubernetes e2e suite" time="0">
          <skipped></skipped>
      </testcase>
      <testcase name="[sig-storage] CSI mock volume CSI volume limit information using mock driver should report attach limit when limit is bigger than 0 [Slow]" classname="Kubernetes e2e suite" time="0">
          <skipped></skipped>
      </testcase>
      <testcase name="[sig-storage] In-tree Volumes [Driver: aws] [Testpattern: Dynamic PV (default fs)] volume-expand should not allow expansion of pvcs without AllowVolumeExpansion property" classname="Kubernetes e2e suite" time="0">
          <skipped></skipped>
      </testcase>
      <testcase name="[sig-storage] EmptyDir volumes volume on default medium should have the correct mode [LinuxOnly] [NodeConformance] [Conformance]" classname="Kubernetes e2e suite" time="2.143918045"></testcase>
      <testcase name="[sig-storage] In-tree Volumes [Driver: gcepd] [Testpattern: Dynamic PV (ntfs)][Feature:Windows] subPath should fail if non-existent subpath is outside the volume [Slow][LinuxOnly]" classname="Kubernetes e2e suite" time="0">
          <skipped></skipped>
      </testcase>
      <testcase name="[sig-storage] Projected configMap should be consumable from pods in volume [NodeConformance] [Conformance]" classname="Kubernetes e2e suite" time="2.148237767"></testcase>
      <testcase name="[sig-node] Docker Containers should use the image defaults if command and args are blank [NodeConformance] [Conformance]" classname="Kubernetes e2e suite" time="2.101933691"></testcase>
      <testcase name="[sig-storage] In-tree Volumes [Driver: gcepd] [Testpattern: Dynamic PV (ext4)] multiVolume [Slow] should access to two volumes with the same volume mode and retain data across pod recreation on the same node" classname="Kubernetes e2e suite" time="0">
          <skipped></skipped>
      </testcase>
      <testcase name="[sig-storage] In-tree Volumes [Driver: vsphere] [Testpattern: Inline-volume (default fs)] subPath should support readOnly file specified in the volumeMount [LinuxOnly]" classname="Kubernetes e2e suite" time="0">
          <skipped></skipped>
      </testcase>
      <testcase name="[sig-storage] In-tree Volumes [Driver: nfs] [Testpattern: Dynamic PV (ntfs)][Feature:Windows] subPath should fail if subpath directory is outside the volume [Slow][LinuxOnly]" classname="Kubernetes e2e suite" time="0">
          <skipped></skipped>
      </testcase>
      <testcase name="[sig-storage] In-tree Volumes [Driver: nfs] [Testpattern: Dynamic PV (filesystem volmode)] multiVolume [Slow] should access to two volumes with the same volume mode and retain data across pod recreation on different node" classname="Kubernetes e2e suite" time="0">
          <skipped></skipped>
      </testcase>
      <testcase name="[sig-storage] In-tree Volumes [Driver: ceph][Feature:Volumes][Serial] [Testpattern: Pre-provisioned PV (block volmode)] multiVolume [Slow] should concurrently access the single volume from pods on the same node" classname="Kubernetes e2e suite" time="0">
          <skipped></skipped>
      </testcase>
      <testcase name="[sig-storage] In-tree Volumes [Driver: emptydir] [Testpattern: Pre-provisioned PV (default fs)] subPath should support readOnly file specified in the volumeMount [LinuxOnly]" classname="Kubernetes e2e suite" time="0">
          <skipped></skipped>
      </testcase>
      <testcase name="[sig-storage] In-tree Volumes [Driver: emptydir] [Testpattern: Inline-volume (ext3)] volumes should allow exec of files on the volume" classname="Kubernetes e2e suite" time="0">
          <skipped></skipped>
      </testcase>
      <testcase name="[sig-storage] In-tree Volumes [Driver: azure-disk] [Testpattern: Dynamic PV (block volmode)] multiVolume [Slow] should access to two volumes with different volume mode and retain data across pod recreation on different node" classname="Kubernetes e2e suite" time="0">
          <skipped></skipped>
      </testcase>
      <testcase name="[sig-storage] In-tree Volumes [Driver: emptydir] [Testpattern: Pre-provisioned PV (default fs)] subPath should fail if subpath directory is outside the volume [Slow][LinuxOnly]" classname="Kubernetes e2e suite" time="0">
          <skipped></skipped>
      </testcase>
      <testcase name="[sig-storage] In-tree Volumes [Driver: local][LocalVolumeType: dir-link-bindmounted] [Testpattern: Dynamic PV (block volmode)] multiVolume [Slow] should concurrently access the single volume from pods on the same node" classname="Kubernetes e2e suite" time="0">
          <skipped></skipped>
      </testcase>
      <testcase name="[sig-storage] In-tree Volumes [Driver: local][LocalVolumeType: tmpfs] [Testpattern: Dynamic PV (block volmode)] multiVolume [Slow] should concurrently access the volume and restored snapshot from pods on the same node [LinuxOnly][Feature:VolumeSnapshotDataSource][Feature:VolumeSourceXFS]" classname="Kubernetes e2e suite" time="0">
          <skipped></skipped>
      </testcase>
      <testcase name="[sig-storage] In-tree Volumes [Driver: local][LocalVolumeType: dir-bindmounted] [Testpattern: Pre-provisioned PV (default fs)] subPath should unmount if pod is gracefully deleted while kubelet is down [Disruptive][Slow][LinuxOnly]" classname="Kubernetes e2e suite" time="0">
          <skipped></skipped>
      </testcase>
      <testcase name="[sig-storage] In-tree Volumes [Driver: ceph][Feature:Volumes][Serial] [Testpattern: Pre-provisioned PV (block volmode)] multiVolume [Slow] should concurrently access the single read-only volume from pods on the same node" classname="Kubernetes e2e suite" time="0">
          <skipped></skipped>
      </testcase>
      <testcase name="[sig-storage] In-tree Volumes [Driver: gluster] [Testpattern: Pre-provisioned PV (default fs)] subPath should fail if subpath file is outside the volume [Slow][LinuxOnly]" classname="Kubernetes e2e suite" time="0">
          <skipped></skipped>
      </testcase>
      <testcase name="[sig-storage] In-tree Volumes [Driver: gluster] [Testpattern: Inline-volume (ntfs)][Feature:Windows] volumes should allow exec of files on the volume" classname="Kubernetes e2e suite" time="0">
          <skipped></skipped>
      </testcase>
      <testcase name="[sig-storage] In-tree Volumes [Driver: hostPath] [Testpattern: Dynamic PV (filesystem volmode)] volumeMode should not mount / map unused volumes in a pod [LinuxOnly]" classname="Kubernetes e2e suite" time="0">
          <skipped></skipped>
      </testcase>
      <testcase name="[sig-storage] In-tree Volumes [Driver: rbd][Feature:Volumes][Serial] [Testpattern: Dynamic PV (filesystem volmode)] volumeLimits should verify that all csinodes have volume limits" classname="Kubernetes e2e suite" time="0">
          <skipped></skipped>
      </testcase>
      <testcase name="[sig-storage] In-tree Volumes [Driver: cinder] [Testpattern: Dynamic PV (ntfs)][Feature:Windows] provisioning should provision storage with pvc data source" classname="Kubernetes e2e suite" time="0">
          <skipped></skipped>
      </testcase>
      <testcase name="[sig-storage] In-tree Volumes [Driver: cinder] [Testpattern: Dynamic PV (block volmode)] multiVolume [Slow] should access to two volumes with the same volume mode and retain data across pod recreation on the same node" classname="Kubernetes e2e suite" time="0">
          <skipped></skipped>
      </testcase>
      <testcase name="[sig-storage] In-tree Volumes [Driver: azure-disk] [Testpattern: Dynamic PV (filesystem volmode)] multiVolume [Slow] should concurrently access the volume and its clone from pods on the same node [LinuxOnly][Feature:VolumeSnapshotDataSource][Feature:VolumeSourceXFS]" classname="Kubernetes e2e suite" time="0">
          <skipped></skipped>
      </testcase>
      <testcase name="[sig-storage] In-tree Volumes [Driver: cinder] [Testpattern: Dynamic PV (xfs)][Slow] multiVolume [Slow] should access to two volumes with the same volume mode and retain data across pod recreation on the same node" classname="Kubernetes e2e suite" time="0">
          <skipped></skipped>
      </testcase>
      <testcase name="[sig-storage] In-tree Volumes [Driver: local][LocalVolumeType: dir-bindmounted] [Testpattern: Inline-volume (ext4)] volumes should store data" classname="Kubernetes e2e suite" time="0">
          <skipped></skipped>
      </testcase>
      <testcase name="[sig-storage] In-tree Volumes [Driver: azure-disk] [Testpattern: Dynamic PV (ntfs)][Feature:Windows] volumes should store data" classname="Kubernetes e2e suite" time="0">
          <skipped></skipped>
      </testcase>
      <testcase name="[sig-network] Networking Granular Checks: Services should support basic nodePort: udp functionality" classname="Kubernetes e2e suite" time="0">
          <skipped></skipped>
      </testcase>
      <testcase name="[sig-storage] In-tree Volumes [Driver: rbd][Feature:Volumes][Serial] [Testpattern: Pre-provisioned PV (block volmode)] multiVolume [Slow] should concurrently access the single volume from pods on the same node" classname="Kubernetes e2e suite" time="0">
          <skipped></skipped>
      </testcase>
      <testcase name="[sig-storage] In-tree Volumes [Driver: cinder] [Testpattern: Dynamic PV (block volmode)] provisioning should provision storage with snapshot data source [Feature:VolumeSnapshotDataSource]" classname="Kubernetes e2e suite" time="0">
          <skipped></skipped>
      </testcase>
      <testcase name="[sig-storage] In-tree Volumes [Driver: nfs] [Testpattern: Dynamic PV (default fs)] subPath should support restarting containers using directory as subpath [Slow]" classname="Kubernetes e2e suite" time="0">
          <skipped></skipped>
      </testcase>
      <testcase name="[sig-cli] Kubectl client Kubectl version should check is all data is printed  [Conformance]" classname="Kubernetes e2e suite" time="0.142906781"></testcase>
      <testcase name="[sig-storage] In-tree Volumes [Driver: aws] [Testpattern: Inline-volume (default fs)] volumes should store data" classname="Kubernetes e2e suite" time="0">
          <skipped></skipped>
      </testcase>
      <testcase name="[sig-storage] In-tree Volumes [Driver: hostPath] [Testpattern: Pre-provisioned PV (filesystem volmode)] volumeMode should not mount / map unused volumes in a pod [LinuxOnly]" classname="Kubernetes e2e suite" time="0">
          <skipped></skipped>
      </testcase>
      <testcase name="[sig-storage] In-tree Volumes [Driver: hostPath] [Testpattern: Inline-volume (default fs)] subPath should fail if non-existent subpath is outside the volume [Slow][LinuxOnly]" classname="Kubernetes e2e suite" time="0">
          <skipped></skipped>
      </testcase>
      <testcase name="[sig-storage] In-tree Volumes [Driver: gluster] [Testpattern: Dynamic PV (xfs)][Slow] multiVolume [Slow] should concurrently access the volume and restored snapshot from pods on the same node [LinuxOnly][Feature:VolumeSnapshotDataSource][Feature:VolumeSourceXFS]" classname="Kubernetes e2e suite" time="0">
          <skipped></skipped>
      </testcase>
      <testcase name="[sig-storage] In-tree Volumes [Driver: nfs] [Testpattern: Dynamic PV (block volmode)] disruptive[Disruptive][LinuxOnly] Should test that pv used in a pod that is deleted while the kubelet is down cleans up when the kubelet returns." classname="Kubernetes e2e suite" time="0">
          <skipped></skipped>
      </testcase>
      <testcase name="[sig-storage] In-tree Volumes [Driver: gluster] [Testpattern: Pre-provisioned PV (block volmode)] disruptive[Disruptive][LinuxOnly] Should test that pv used in a pod that is force deleted while the kubelet is down cleans up when the kubelet returns." classname="Kubernetes e2e suite" time="0">
          <skipped></skipped>
      </testcase>
      <testcase name="[sig-api-machinery] CustomResourcePublishOpenAPI [Privileged:ClusterAdmin] works for CRD with validation schema [Conformance]" classname="Kubernetes e2e suite" time="10.289790584"></testcase>
      <testcase name="[sig-storage] In-tree Volumes [Driver: local][LocalVolumeType: dir-link] [Testpattern: Inline-volume (default fs)] subPath should support readOnly directory specified in the volumeMount" classname="Kubernetes e2e suite" time="0">
          <skipped></skipped>
      </testcase>
      <testcase name="[sig-storage] In-tree Volumes [Driver: hostPathSymlink] [Testpattern: Dynamic PV (xfs)][Slow] multiVolume [Slow] should concurrently access the single volume from pods on different node" classname="Kubernetes e2e suite" time="0">
          <skipped></skipped>
      </testcase>
      <testcase name="[sig-storage] In-tree Volumes [Driver: aws] [Testpattern: Dynamic PV (block volmode)] provisioning should provision storage with snapshot data source [Feature:VolumeSnapshotDataSource]" classname="Kubernetes e2e suite" time="0">
          <skipped></skipped>
      </testcase>
      <testcase name="[sig-storage] In-tree Volumes [Driver: gluster] [Testpattern: Dynamic PV (ntfs)][Feature:Windows] subPath should fail if subpath file is outside the volume [Slow][LinuxOnly]" classname="Kubernetes e2e suite" time="0">
          <skipped></skipped>
      </testcase>
      <testcase name="[sig-storage] In-tree Volumes [Driver: nfs] [Testpattern: Dynamic PV (block volmode)(allowExpansion)] volume-expand Verify if offline PVC expansion works" classname="Kubernetes e2e suite" time="0">
          <skipped></skipped>
      </testcase>
      <testcase name="[sig-storage] In-tree Volumes [Driver: gcepd] [Testpattern: Dynamic PV (default fs)] fsgroupchangepolicy (Always)[LinuxOnly], pod created with an initial fsgroup, volume contents ownership changed in first pod, new pod with different fsgroup applied to the volume contents" classname="Kubernetes e2e suite" time="0">
          <skipped></skipped>
      </testcase>
      <testcase name="[sig-storage] In-tree Volumes [Driver: local][LocalVolumeType: dir-link] [Testpattern: Dynamic PV (delayed binding)] topology should provision a volume and schedule a pod with AllowedTopologies" classname="Kubernetes e2e suite" time="0">
          <skipped></skipped>
      </testcase>
      <testcase name="[sig-storage] In-tree Volumes [Driver: azure-disk] [Testpattern: Pre-provisioned PV (block volmode)] disruptive[Disruptive][LinuxOnly] Should test that pv written before kubelet restart is readable after restart." classname="Kubernetes e2e suite" time="0">
          <skipped></skipped>
      </testcase>
      <testcase name="[sig-api-machinery] CustomResourceDefinition resources [Privileged:ClusterAdmin] Simple CustomResourceDefinition getting/updating/patching custom resource definition status sub-resource works  [Conformance]" classname="Kubernetes e2e suite" time="0.600854747"></testcase>
      <testcase name="[sig-network] Services should create endpoints for unready pods" classname="Kubernetes e2e suite" time="0">
          <skipped></skipped>
      </testcase>
      <testcase name="[sig-storage] In-tree Volumes [Driver: local][LocalVolumeType: gce-localssd-scsi-fs] [Serial] [Testpattern: Dynamic PV (default fs)] subPath should fail if subpath directory is outside the volume [Slow][LinuxOnly]" classname="Kubernetes e2e suite" time="0">
          <skipped></skipped>
      </testcase>
      <testcase name="[sig-storage] In-tree Volumes [Driver: iscsi][Feature:Volumes] [Testpattern: Dynamic PV (ntfs)][Feature:Windows] subPath should support restarting containers using directory as subpath [Slow]" classname="Kubernetes e2e suite" time="0">
          <skipped></skipped>
      </testcase>
      <testcase name="[sig-storage] In-tree Volumes [Driver: local][LocalVolumeType: block] [Testpattern: Dynamic PV (xfs)][Slow] multiVolume [Slow] should access to two volumes with different volume mode and retain data across pod recreation on the same node" classname="Kubernetes e2e suite" time="0">
          <skipped></skipped>
      </testcase>
      <testcase name="[sig-storage] In-tree Volumes [Driver: hostPathSymlink] [Testpattern: Inline-volume (default fs)] subPath should be able to unmount after the subpath directory is deleted [LinuxOnly]" classname="Kubernetes e2e suite" time="0">
          <skipped></skipped>
      </testcase>
      <testcase name="[sig-storage] In-tree Volumes [Driver: cinder] [Testpattern: Dynamic PV (filesystem volmode)] multiVolume [Slow] should concurrently access the volume and restored snapshot from pods on the same node [LinuxOnly][Feature:VolumeSnapshotDataSource][Feature:VolumeSourceXFS]" classname="Kubernetes e2e suite" time="0">
          <skipped></skipped>
      </testcase>
      <testcase name="[sig-storage] In-tree Volumes [Driver: local][LocalVolumeType: gce-localssd-scsi-fs] [Serial] [Testpattern: Dynamic PV (xfs)][Slow] multiVolume [Slow] should access to two volumes with different volume mode and retain data across pod recreation on different node" classname="Kubernetes e2e suite" time="0">
          <skipped></skipped>
      </testcase>
      <testcase name="[sig-storage] In-tree Volumes [Driver: local][LocalVolumeType: gce-localssd-scsi-fs] [Serial] [Testpattern: Dynamic PV (filesystem volmode)] multiVolume [Slow] should concurrently access the volume and restored snapshot from pods on the same node [LinuxOnly][Feature:VolumeSnapshotDataSource][Feature:VolumeSourceXFS]" classname="Kubernetes e2e suite" time="0">
          <skipped></skipped>
      </testcase>
      <testcase name="[sig-scheduling] SchedulerPredicates [Serial] validates that there is no conflict between pods with same hostPort but different hostIP and protocol" classname="Kubernetes e2e suite" time="0">
          <skipped></skipped>
      </testcase>
      <testcase name="[sig-storage] In-tree Volumes [Driver: azure-disk] [Testpattern: Pre-provisioned PV (filesystem volmode)] multiVolume [Slow] should access to two volumes with different volume mode and retain data across pod recreation on different node" classname="Kubernetes e2e suite" time="0">
          <skipped></skipped>
      </testcase>
      <testcase name="[sig-storage] CSI Volumes [Driver: csi-hostpath] [Testpattern: Pre-provisioned PV (ext4)] volumes should store data" classname="Kubernetes e2e suite" time="0">
          <skipped></skipped>
      </testcase>
      <testcase name="[sig-storage] In-tree Volumes [Driver: local][LocalVolumeType: tmpfs] [Testpattern: Dynamic PV (ntfs)][Feature:Windows] subPath should support existing directories when readOnly specified in the volumeSource" classname="Kubernetes e2e suite" time="0">
          <skipped></skipped>
      </testcase>
      <testcase name="[sig-storage] In-tree Volumes [Driver: ceph][Feature:Volumes][Serial] [Testpattern: Pre-provisioned PV (default fs)] subPath should be able to unmount after the subpath directory is deleted [LinuxOnly]" classname="Kubernetes e2e suite" time="0">
          <skipped></skipped>
      </testcase>
      <testcase name="[sig-storage] In-tree Volumes [Driver: local][LocalVolumeType: dir-bindmounted] [Testpattern: Dynamic PV (block volmode)] provisioning should provision storage with mount options" classname="Kubernetes e2e suite" time="0">
          <skipped></skipped>
      </testcase>
      <testcase name="[sig-scheduling] SchedulerPredicates [Serial] validates local ephemeral storage resource limits of pods that are allowed to run [Feature:LocalStorageCapacityIsolation]" classname="Kubernetes e2e suite" time="0">
          <skipped></skipped>
      </testcase>
      <testcase name="[sig-storage] CSI Volumes [Driver: pd.csi.storage.gke.io][Serial] [Testpattern: Pre-provisioned PV (ext4)] volumes should store data" classname="Kubernetes e2e suite" time="0">
          <skipped></skipped>
      </testcase>
      <testcase name="[sig-storage] In-tree Volumes [Driver: cinder] [Testpattern: Inline-volume (default fs)] subPath should unmount if pod is gracefully deleted while kubelet is down [Disruptive][Slow][LinuxOnly]" classname="Kubernetes e2e suite" time="0">
          <skipped></skipped>
      </testcase>
      <testcase name="[sig-storage] In-tree Volumes [Driver: azure-disk] [Testpattern: Dynamic PV (default fs)] provisioning should provision storage with snapshot data source [Feature:VolumeSnapshotDataSource]" classname="Kubernetes e2e suite" time="0">
          <skipped></skipped>
      </testcase>
      <testcase name="[sig-storage] In-tree Volumes [Driver: nfs] [Testpattern: Dynamic PV (block volmode)] multiVolume [Slow] should concurrently access the single volume from pods on different node" classname="Kubernetes e2e suite" time="0">
          <skipped></skipped>
      </testcase>
      <testcase name="[sig-storage] PersistentVolumes GCEPD should test that deleting a PVC before the pod does not cause pod deletion to fail on PD detach" classname="Kubernetes e2e suite" time="0">
          <skipped></skipped>
      </testcase>
      <testcase name="[sig-storage] In-tree Volumes [Driver: nfs] [Testpattern: Dynamic PV (default fs)] subPath should fail if subpath directory is outside the volume [Slow][LinuxOnly]" classname="Kubernetes e2e suite" time="0">
          <skipped></skipped>
      </testcase>
      <testcase name="[sig-cli] Kubectl Port forwarding With a server listening on localhost that expects NO client request should support a client that connects, sends DATA, and disconnects" classname="Kubernetes e2e suite" time="0">
          <skipped></skipped>
      </testcase>
      <testcase name="[sig-storage] In-tree Volumes [Driver: cinder] [Testpattern: Pre-provisioned PV (block volmode)] disruptive[Disruptive][LinuxOnly] Should test that pv used in a pod that is force deleted while the kubelet is down cleans up when the kubelet returns." classname="Kubernetes e2e suite" time="0">
          <skipped></skipped>
      </testcase>
      <testcase name="[sig-apps] StatefulSet Deploy clustered applications [Feature:StatefulSet] [Slow] should creating a working CockroachDB cluster" classname="Kubernetes e2e suite" time="0">
          <skipped></skipped>
      </testcase>
      <testcase name="[sig-storage] In-tree Volumes [Driver: cinder] [Testpattern: Inline-volume (default fs)] subPath should support readOnly directory specified in the volumeMount" classname="Kubernetes e2e suite" time="0">
          <skipped></skipped>
      </testcase>
      <testcase name="[sig-auth] ServiceAccounts should ensure a single API token exists" classname="Kubernetes e2e suite" time="0">
          <skipped></skipped>
      </testcase>
      <testcase name="[sig-storage] In-tree Volumes [Driver: local][LocalVolumeType: gce-localssd-scsi-fs] [Serial] [Testpattern: Pre-provisioned PV (default fs)] subPath should fail if subpath directory is outside the volume [Slow][LinuxOnly]" classname="Kubernetes e2e suite" time="0">
          <skipped></skipped>
      </testcase>
      <testcase name="[sig-storage] In-tree Volumes [Driver: aws] [Testpattern: Dynamic PV (ext4)] volumes should allow exec of files on the volume" classname="Kubernetes e2e suite" time="0">
          <skipped></skipped>
      </testcase>
      <testcase name="[sig-storage] In-tree Volumes [Driver: gluster] [Testpattern: Pre-provisioned PV (default fs)] volumes should allow exec of files on the volume" classname="Kubernetes e2e suite" time="0">
          <skipped></skipped>
      </testcase>
      <testcase name="[sig-storage] Downward API volume should provide node allocatable (cpu) as default cpu limit if the limit is not set [NodeConformance] [Conformance]" classname="Kubernetes e2e suite" time="4.15447658"></testcase>
      <testcase name="[sig-storage] CSI Volumes [Driver: csi-hostpath] [Testpattern: Dynamic PV (ntfs)][Feature:Windows] provisioning should provision storage with mount options" classname="Kubernetes e2e suite" time="0">
          <skipped></skipped>
      </testcase>
      <testcase name="[sig-storage] In-tree Volumes [Driver: local][LocalVolumeType: dir] [Testpattern: Dynamic PV (default fs)] subPath should support existing directories when readOnly specified in the volumeSource" classname="Kubernetes e2e suite" time="0">
          <skipped></skipped>
      </testcase>
      <testcase name="[sig-storage] In-tree Volumes [Driver: vsphere] [Testpattern: Dynamic PV (immediate binding)] topology should fail to schedule a pod which has topologies that conflict with AllowedTopologies" classname="Kubernetes e2e suite" time="0">
          <skipped></skipped>
      </testcase>
      <testcase name="[sig-apps] DisruptionController evictions: enough pods, absolute =&gt; should allow an eviction" classname="Kubernetes e2e suite" time="0">
          <skipped></skipped>
      </testcase>
      <testcase name="[sig-network] Networking Granular Checks: Pods should function for intra-pod communication: udp [NodeConformance] [Conformance]" classname="Kubernetes e2e suite" time="24.212335546"></testcase>
      <testcase name="[sig-node] Variable Expansion should allow substituting values in a container&#39;s args [NodeConformance] [Conformance]" classname="Kubernetes e2e suite" time="2.109749695"></testcase>
      <testcase name="[sig-autoscaling] [HPA] Horizontal pod autoscaling (scale resource: Custom Metrics from Stackdriver) should scale down with External Metric with target value from Stackdriver [Feature:CustomMetricsAutoscaling]" classname="Kubernetes e2e suite" time="0">
          <skipped></skipped>
      </testcase>
      <testcase name="[sig-scheduling] SchedulerPredicates [Serial] validates that required NodeAffinity setting is respected if matching" classname="Kubernetes e2e suite" time="0">
          <skipped></skipped>
      </testcase>
      <testcase name="[sig-storage] In-tree Volumes [Driver: ceph][Feature:Volumes][Serial] [Testpattern: Dynamic PV (block volmode)] provisioning should provision storage with pvc data source in parallel [Slow]" classname="Kubernetes e2e suite" time="0">
          <skipped></skipped>
      </testcase>
      <testcase name="[sig-storage] In-tree Volumes [Driver: aws] [Testpattern: Inline-volume (default fs)] subPath should be able to unmount after the subpath directory is deleted [LinuxOnly]" classname="Kubernetes e2e suite" time="0">
          <skipped></skipped>
      </testcase>
      <testcase name="[sig-storage] In-tree Volumes [Driver: local][LocalVolumeType: blockfs] [Testpattern: Pre-provisioned PV (xfs)][Slow] volumes should allow exec of files on the volume" classname="Kubernetes e2e suite" time="0">
          <skipped></skipped>
      </testcase>
      <testcase name="[sig-network] LoadBalancers ESIPP [Slow] should handle updates to ExternalTrafficPolicy field" classname="Kubernetes e2e suite" time="0">
          <skipped></skipped>
      </testcase>
      <testcase name="[sig-apps] Job should delete a job [Conformance]" classname="Kubernetes e2e suite" time="35.742169076"></testcase>
      <testcase name="[sig-storage] In-tree Volumes [Driver: iscsi][Feature:Volumes] [Testpattern: Dynamic PV (xfs)][Slow] multiVolume [Slow] should access to two volumes with different volume mode and retain data across pod recreation on different node" classname="Kubernetes e2e suite" time="0">
          <skipped></skipped>
      </testcase>
      <testcase name="[sig-storage] In-tree Volumes [Driver: aws] [Testpattern: Pre-provisioned PV (default fs)] volumeIO should write files of various sizes, verify size, validate content [Slow][LinuxOnly]" classname="Kubernetes e2e suite" time="0">
          <skipped></skipped>
      </testcase>
      <testcase name="[sig-storage] In-tree Volumes [Driver: gcepd] [Testpattern: Pre-provisioned PV (block volmode)] volumeMode should fail to use a volume in a pod with mismatched mode [Slow]" classname="Kubernetes e2e suite" time="0">
          <skipped></skipped>
      </testcase>
      <testcase name="[sig-storage] CSI Volumes [Driver: pd.csi.storage.gke.io][Serial] [Testpattern: Dynamic PV (default fs)] subPath should support readOnly directory specified in the volumeMount" classname="Kubernetes e2e suite" time="0">
          <skipped></skipped>
      </testcase>
      <testcase name="[sig-storage] In-tree Volumes [Driver: cinder] [Testpattern: Pre-provisioned PV (default fs)] subPath should support non-existent path" classname="Kubernetes e2e suite" time="0">
          <skipped></skipped>
      </testcase>
      <testcase name="[sig-storage] In-tree Volumes [Driver: hostPath] [Testpattern: Dynamic PV (filesystem volmode)] multiVolume [Slow] should access to two volumes with different volume mode and retain data across pod recreation on different node" classname="Kubernetes e2e suite" time="0">
          <skipped></skipped>
      </testcase>
      <testcase name="[sig-storage] In-tree Volumes [Driver: local][LocalVolumeType: tmpfs] [Testpattern: Pre-provisioned PV (filesystem volmode)] multiVolume [Slow] should concurrently access the volume and its clone from pods on the same node [LinuxOnly][Feature:VolumeSnapshotDataSource][Feature:VolumeSourceXFS]" classname="Kubernetes e2e suite" time="0">
          <skipped></skipped>
      </testcase>
      <testcase name="[sig-network] Netpol [LinuxOnly] NetworkPolicy between server and client using UDP should enforce policy based on Ports [Feature:NetworkPolicy]" classname="Kubernetes e2e suite" time="0">
          <skipped></skipped>
      </testcase>
      <testcase name="[sig-storage] In-tree Volumes [Driver: local][LocalVolumeType: dir-link-bindmounted] [Testpattern: Dynamic PV (default fs)] subPath should support existing directory" classname="Kubernetes e2e suite" time="0">
          <skipped></skipped>
      </testcase>
      <testcase name="[sig-storage] In-tree Volumes [Driver: aws] [Testpattern: Dynamic PV (ntfs)][Feature:Windows] subPath should support restarting containers using file as subpath [Slow][LinuxOnly]" classname="Kubernetes e2e suite" time="0">
          <skipped></skipped>
      </testcase>
      <testcase name="[sig-storage] In-tree Volumes [Driver: local][LocalVolumeType: gce-localssd-scsi-fs] [Serial] [Testpattern: Inline-volume (ext3)] volumes should store data" classname="Kubernetes e2e suite" time="0">
          <skipped></skipped>
      </testcase>
      <testcase name="[sig-storage] In-tree Volumes [Driver: hostPathSymlink] [Testpattern: Pre-provisioned PV (default fs)] subPath should support existing directories when readOnly specified in the volumeSource" classname="Kubernetes e2e suite" time="0">
          <skipped></skipped>
      </testcase>
      <testcase name="[sig-storage] In-tree Volumes [Driver: cinder] [Testpattern: Dynamic PV (default fs)] subPath should support readOnly file specified in the volumeMount [LinuxOnly]" classname="Kubernetes e2e suite" time="0">
          <skipped></skipped>
      </testcase>
      <testcase name="[sig-storage] In-tree Volumes [Driver: hostPathSymlink] [Testpattern: Dynamic PV (ext4)] volumes should allow exec of files on the volume" classname="Kubernetes e2e suite" time="0">
          <skipped></skipped>
      </testcase>
      <testcase name="[sig-storage] In-tree Volumes [Driver: local][LocalVolumeType: dir-link-bindmounted] [Testpattern: Pre-provisioned PV (ext4)] volumes should allow exec of files on the volume" classname="Kubernetes e2e suite" time="0">
          <skipped></skipped>
      </testcase>
      <testcase name="[sig-storage] CSI Volumes [Driver: pd.csi.storage.gke.io][Serial] [Testpattern: Pre-provisioned PV (default fs)] subPath should support readOnly directory specified in the volumeMount" classname="Kubernetes e2e suite" time="0">
          <skipped></skipped>
      </testcase>
      <testcase name="[sig-storage] PersistentVolumes-local  [Volume type: tmpfs] One pod requesting one prebound PVC should be able to mount volume and read from pod1" classname="Kubernetes e2e suite" time="0">
          <skipped></skipped>
      </testcase>
      <testcase name="[sig-storage] In-tree Volumes [Driver: hostPath] [Testpattern: Pre-provisioned PV (block volmode)] multiVolume [Slow] should access to two volumes with different volume mode and retain data across pod recreation on the same node" classname="Kubernetes e2e suite" time="0">
          <skipped></skipped>
      </testcase>
      <testcase name="[sig-storage] In-tree Volumes [Driver: gluster] [Testpattern: Dynamic PV (ntfs)][Feature:Windows] provisioning should provision storage with mount options" classname="Kubernetes e2e suite" time="0">
          <skipped></skipped>
      </testcase>
      <testcase name="[sig-storage] Downward API volume should update labels on modification [NodeConformance] [Conformance]" classname="Kubernetes e2e suite" time="4.635322692"></testcase>
      <testcase name="[sig-api-machinery] CustomResourceDefinition resources [Privileged:ClusterAdmin] should include custom resource definition resources in discovery documents [Conformance]" classname="Kubernetes e2e suite" time="0.059423862"></testcase>
      <testcase name="[sig-network] Netpol NetworkPolicy between server and client should allow ingress access on one named port [Feature:NetworkPolicy]" classname="Kubernetes e2e suite" time="0">
          <skipped></skipped>
      </testcase>
      <testcase name="[sig-storage] CSI Volumes [Driver: csi-hostpath] [Testpattern: Inline-volume (default fs)] volumes should store data" classname="Kubernetes e2e suite" time="0">
          <skipped></skipped>
      </testcase>
      <testcase name="[sig-storage] In-tree Volumes [Driver: vsphere] [Testpattern: Dynamic PV (ntfs)][Feature:Windows] subPath should fail if non-existent subpath is outside the volume [Slow][LinuxOnly]" classname="Kubernetes e2e suite" time="0">
          <skipped></skipped>
      </testcase>
      <testcase name="[sig-storage] CSI Volumes [Driver: pd.csi.storage.gke.io][Serial] [Testpattern: Inline-volume (ext4)] volumes should store data" classname="Kubernetes e2e suite" time="0">
          <skipped></skipped>
      </testcase>
      <testcase name="[sig-storage] In-tree Volumes [Driver: nfs] [Testpattern: Dynamic PV (block volmode)] multiVolume [Slow] should concurrently access the single read-only volume from pods on the same node" classname="Kubernetes e2e suite" time="0">
          <skipped></skipped>
      </testcase>
      <testcase name="[sig-storage] In-tree Volumes [Driver: local][LocalVolumeType: dir-link-bindmounted] [Testpattern: Pre-provisioned PV (ntfs)][Feature:Windows] volumes should store data" classname="Kubernetes e2e suite" time="0">
          <skipped></skipped>
      </testcase>
      <testcase name="[sig-storage] In-tree Volumes [Driver: local][LocalVolumeType: dir] [Testpattern: Dynamic PV (ext4)] multiVolume [Slow] should access to two volumes with the same volume mode and retain data across pod recreation on different node" classname="Kubernetes e2e suite" time="0">
          <skipped></skipped>
      </testcase>
      <testcase name="[sig-storage] In-tree Volumes [Driver: nfs] [Testpattern: Dynamic PV (block volmode)] volumeMode should fail in binding dynamic provisioned PV to PVC [Slow][LinuxOnly]" classname="Kubernetes e2e suite" time="0">
          <skipped></skipped>
      </testcase>
      <testcase name="[sig-storage] In-tree Volumes [Driver: local][LocalVolumeType: dir-bindmounted] [Testpattern: Dynamic PV (ext4)] multiVolume [Slow] should concurrently access the single volume from pods on different node" classname="Kubernetes e2e suite" time="0">
          <skipped></skipped>
      </testcase>
      <testcase name="[sig-apps] Job should fail when exceeds active deadline" classname="Kubernetes e2e suite" time="0">
          <skipped></skipped>
      </testcase>
      <testcase name="[sig-storage] In-tree Volumes [Driver: local][LocalVolumeType: gce-localssd-scsi-fs] [Serial] [Testpattern: Dynamic PV (filesystem volmode)] multiVolume [Slow] should concurrently access the single read-only volume from pods on the same node" classname="Kubernetes e2e suite" time="0">
          <skipped></skipped>
      </testcase>
      <testcase name="[sig-storage] In-tree Volumes [Driver: azure-disk] [Testpattern: Dynamic PV (default fs)] subPath should support restarting containers using file as subpath [Slow][LinuxOnly]" classname="Kubernetes e2e suite" time="0">
          <skipped></skipped>
      </testcase>
      <testcase name="[sig-storage] In-tree Volumes [Driver: windows-gcepd] [Testpattern: Dynamic PV (ext4)] multiVolume [Slow] should concurrently access the single volume from pods on the same node" classname="Kubernetes e2e suite" time="0">
          <skipped></skipped>
      </testcase>
      <testcase name="[sig-storage] CSI Volumes [Driver: csi-hostpath] [Testpattern: Pre-provisioned PV (filesystem volmode)] multiVolume [Slow] should concurrently access the volume and its clone from pods on the same node [LinuxOnly][Feature:VolumeSnapshotDataSource][Feature:VolumeSourceXFS]" classname="Kubernetes e2e suite" time="0">
          <skipped></skipped>
      </testcase>
      <testcase name="[sig-storage] In-tree Volumes [Driver: cinder] [Testpattern: Inline-volume (ext3)] volumes should store data" classname="Kubernetes e2e suite" time="0">
          <skipped></skipped>
      </testcase>
      <testcase name="[sig-storage] In-tree Volumes [Driver: local][LocalVolumeType: tmpfs] [Testpattern: Dynamic PV (block volmode)] disruptive[Disruptive][LinuxOnly] Should test that pv used in a pod that is deleted while the kubelet is down cleans up when the kubelet returns." classname="Kubernetes e2e suite" time="0">
          <skipped></skipped>
      </testcase>
      <testcase name="[sig-storage] CSI Volumes [Driver: pd.csi.storage.gke.io][Serial] [Testpattern: Dynamic PV (block volmode)] volume-stress multiple pods should access different volumes repeatedly [Slow] [Serial]" classname="Kubernetes e2e suite" time="0">
          <skipped></skipped>
      </testcase>
      <testcase name="[sig-api-machinery] AdmissionWebhook [Privileged:ClusterAdmin] patching/updating a mutating webhook should work [Conformance]" classname="Kubernetes e2e suite" time="5.62978802"></testcase>
      <testcase name="[sig-storage] In-tree Volumes [Driver: azure-disk] [Testpattern: Pre-provisioned PV (default fs)] subPath should support readOnly file specified in the volumeMount [LinuxOnly]" classname="Kubernetes e2e suite" time="0">
          <skipped></skipped>
      </testcase>
      <testcase name="[sig-storage] In-tree Volumes [Driver: ceph][Feature:Volumes][Serial] [Testpattern: Dynamic PV (filesystem volmode)] multiVolume [Slow] should concurrently access the volume and its clone from pods on the same node [LinuxOnly][Feature:VolumeSnapshotDataSource][Feature:VolumeSourceXFS]" classname="Kubernetes e2e suite" time="0">
          <skipped></skipped>
      </testcase>
      <testcase name="[sig-storage] In-tree Volumes [Driver: nfs] [Testpattern: Pre-provisioned PV (filesystem volmode)] multiVolume [Slow] should access to two volumes with different volume mode and retain data across pod recreation on the same node" classname="Kubernetes e2e suite" time="0">
          <skipped></skipped>
      </testcase>
      <testcase name="[sig-storage] In-tree Volumes [Driver: local][LocalVolumeType: blockfs] [Testpattern: Dynamic PV (default fs)] fsgroupchangepolicy (Always)[LinuxOnly], pod created with an initial fsgroup, volume contents ownership changed in first pod, new pod with same fsgroup applied to the volume contents" classname="Kubernetes e2e suite" time="0">
          <skipped></skipped>
      </testcase>
      <testcase name="[sig-storage] In-tree Volumes [Driver: aws] [Testpattern: Dynamic PV (filesystem volmode)] multiVolume [Slow] should access to two volumes with the same volume mode and retain data across pod recreation on different node" classname="Kubernetes e2e suite" time="0">
          <skipped></skipped>
      </testcase>
      <testcase name="[sig-storage] Pod Disks schedule a pod w/ RW PD(s) mounted to 1 or more containers, write to PD, verify content, delete pod, and repeat in rapid succession [Slow] using 1 containers and 2 PDs" classname="Kubernetes e2e suite" time="0">
          <skipped></skipped>
      </testcase>
      <testcase name="[sig-storage] In-tree Volumes [Driver: iscsi][Feature:Volumes] [Testpattern: Dynamic PV (ntfs)][Feature:Windows] provisioning should provision storage with pvc data source in parallel [Slow]" classname="Kubernetes e2e suite" time="0">
          <skipped></skipped>
      </testcase>
      <testcase name="[sig-network] DNS configMap nameserver Change stubDomain should be able to change stubDomain configuration [Slow][Serial]" classname="Kubernetes e2e suite" time="0">
          <skipped></skipped>
      </testcase>
      <testcase name="[sig-storage] In-tree Volumes [Driver: local][LocalVolumeType: blockfs] [Testpattern: Dynamic PV (ntfs)][Feature:Windows] subPath should verify container cannot write to subpath readonly volumes [Slow]" classname="Kubernetes e2e suite" time="0">
          <skipped></skipped>
      </testcase>
      <testcase name="[sig-storage] In-tree Volumes [Driver: vsphere] [Testpattern: Dynamic PV (default fs)] subPath should support readOnly file specified in the volumeMount [LinuxOnly]" classname="Kubernetes e2e suite" time="0">
          <skipped></skipped>
      </testcase>
      <testcase name="[sig-storage] PersistentVolumes NFS with Single PV - PVC pairs create a PV and a pre-bound PVC: test write access" classname="Kubernetes e2e suite" time="0">
          <skipped></skipped>
      </testcase>
      <testcase name="[sig-storage] In-tree Volumes [Driver: ceph][Feature:Volumes][Serial] [Testpattern: Dynamic PV (block volmode)] multiVolume [Slow] should access to two volumes with the same volume mode and retain data across pod recreation on different node" classname="Kubernetes e2e suite" time="0">
          <skipped></skipped>
      </testcase>
      <testcase name="[sig-storage] CSI mock volume CSI attach test using mock driver should not require VolumeAttach for drivers without attachment" classname="Kubernetes e2e suite" time="0">
          <skipped></skipped>
      </testcase>
      <testcase name="[sig-storage] In-tree Volumes [Driver: gcepd] [Testpattern: Dynamic PV (default fs)] volume-stress multiple pods should access different volumes repeatedly [Slow] [Serial]" classname="Kubernetes e2e suite" time="0">
          <skipped></skipped>
      </testcase>
      <testcase name="[sig-storage] CSI Volumes [Driver: pd.csi.storage.gke.io][Serial] [Testpattern: Dynamic PV (ntfs)][Feature:Windows] subPath should support non-existent path" classname="Kubernetes e2e suite" time="0">
          <skipped></skipped>
      </testcase>
      <testcase name="[sig-storage] In-tree Volumes [Driver: local][LocalVolumeType: dir-link-bindmounted] [Testpattern: Dynamic PV (ntfs)][Feature:Windows] volume-expand should not allow expansion of pvcs without AllowVolumeExpansion property" classname="Kubernetes e2e suite" time="0">
          <skipped></skipped>
      </testcase>
      <testcase name="[sig-storage] In-tree Volumes [Driver: local][LocalVolumeType: dir-link] [Testpattern: Pre-provisioned PV (default fs)] volumeIO should write files of various sizes, verify size, validate content [Slow][LinuxOnly]" classname="Kubernetes e2e suite" time="0">
          <skipped></skipped>
      </testcase>
      <testcase name="[sig-storage] CSI Volumes [Driver: csi-hostpath] [Testpattern: Dynamic PV (default fs)] fsgroupchangepolicy (OnRootMismatch)[LinuxOnly], pod created with an initial fsgroup, volume contents ownership changed in first pod, new pod with different fsgroup applied to the volume contents" classname="Kubernetes e2e suite" time="0">
          <skipped></skipped>
      </testcase>
      <testcase name="[sig-storage] In-tree Volumes [Driver: local][LocalVolumeType: gce-localssd-scsi-fs] [Serial] [Testpattern: Pre-provisioned PV (ext4)] volumes should store data" classname="Kubernetes e2e suite" time="0">
          <skipped></skipped>
      </testcase>
      <testcase name="[sig-node] Pods Extended Pod Container Status should never report success for a pending container" classname="Kubernetes e2e suite" time="0">
          <skipped></skipped>
      </testcase>
      <testcase name="[sig-storage] In-tree Volumes [Driver: local][LocalVolumeType: dir-link-bindmounted] [Testpattern: Pre-provisioned PV (default fs)] subPath should support restarting containers using file as subpath [Slow][LinuxOnly]" classname="Kubernetes e2e suite" time="0">
          <skipped></skipped>
      </testcase>
      <testcase name="[sig-storage] In-tree Volumes [Driver: emptydir] [Testpattern: Pre-provisioned PV (default fs)] subPath should verify container cannot write to subpath readonly volumes [Slow]" classname="Kubernetes e2e suite" time="0">
          <skipped></skipped>
      </testcase>
      <testcase name="[sig-storage] In-tree Volumes [Driver: cinder] [Testpattern: Dynamic PV (ext4)] multiVolume [Slow] should concurrently access the single volume from pods on the same node" classname="Kubernetes e2e suite" time="0">
          <skipped></skipped>
      </testcase>
      <testcase name="[sig-api-machinery] AdmissionWebhook [Privileged:ClusterAdmin] should mutate custom resource with different stored version [Conformance]" classname="Kubernetes e2e suite" time="15.091389467"></testcase>
      <testcase name="[sig-storage] In-tree Volumes [Driver: emptydir] [Testpattern: Pre-provisioned PV (block volmode)] multiVolume [Slow] should access to two volumes with the same volume mode and retain data across pod recreation on different node" classname="Kubernetes e2e suite" time="0">
          <skipped></skipped>
      </testcase>
      <testcase name="[sig-storage] In-tree Volumes [Driver: iscsi][Feature:Volumes] [Testpattern: Dynamic PV (ext4)] multiVolume [Slow] should concurrently access the volume and its clone from pods on the same node [LinuxOnly][Feature:VolumeSnapshotDataSource][Feature:VolumeSourceXFS]" classname="Kubernetes e2e suite" time="0">
          <skipped></skipped>
      </testcase>
      <testcase name="[sig-storage] In-tree Volumes [Driver: emptydir] [Testpattern: Dynamic PV (ntfs)][Feature:Windows] provisioning should provision storage with pvc data source" classname="Kubernetes e2e suite" time="0">
          <skipped></skipped>
      </testcase>
      <testcase name="[sig-storage] CSI Volumes [Driver: pd.csi.storage.gke.io][Serial] [Testpattern: Dynamic PV (ntfs)][Feature:Windows] subPath should support file as subpath [LinuxOnly]" classname="Kubernetes e2e suite" time="0">
          <skipped></skipped>
      </testcase>
      <testcase name="[sig-storage] In-tree Volumes [Driver: local][LocalVolumeType: dir] [Testpattern: Pre-provisioned PV (filesystem volmode)] multiVolume [Slow] should access to two volumes with the same volume mode and retain data across pod recreation on different node" classname="Kubernetes e2e suite" time="0">
          <skipped></skipped>
      </testcase>
      <testcase name="[sig-storage] In-tree Volumes [Driver: hostPath] [Testpattern: Dynamic PV (ext4)] multiVolume [Slow] should concurrently access the single volume from pods on different node" classname="Kubernetes e2e suite" time="0">
          <skipped></skipped>
      </testcase>
      <testcase name="[sig-storage] In-tree Volumes [Driver: windows-gcepd] [Testpattern: Dynamic PV (filesystem volmode)] multiVolume [Slow] should access to two volumes with different volume mode and retain data across pod recreation on the same node" classname="Kubernetes e2e suite" time="0">
          <skipped></skipped>
      </testcase>
      <testcase name="[sig-storage] In-tree Volumes [Driver: windows-gcepd] [Testpattern: Dynamic PV (xfs)][Slow] volumes should allow exec of files on the volume" classname="Kubernetes e2e suite" time="0">
          <skipped></skipped>
      </testcase>
      <testcase name="[sig-auth] [Feature:NodeAuthorizer] Getting an existing secret should exit with the Forbidden error" classname="Kubernetes e2e suite" time="0">
          <skipped></skipped>
      </testcase>
      <testcase name="[sig-cloud-provider-gcp] Reboot [Disruptive] [Feature:Reboot] each node by ordering unclean reboot and ensure they function upon restart" classname="Kubernetes e2e suite" time="0">
          <skipped></skipped>
      </testcase>
      <testcase name="[sig-storage] In-tree Volumes [Driver: rbd][Feature:Volumes][Serial] [Testpattern: Pre-provisioned PV (filesystem volmode)] multiVolume [Slow] should access to two volumes with different volume mode and retain data across pod recreation on different node" classname="Kubernetes e2e suite" time="0">
          <skipped></skipped>
      </testcase>
      <testcase name="[sig-storage] In-tree Volumes [Driver: local][LocalVolumeType: blockfs] [Testpattern: Pre-provisioned PV (block volmode)] volumeMode should not mount / map unused volumes in a pod [LinuxOnly]" classname="Kubernetes e2e suite" time="0">
          <skipped></skipped>
      </testcase>
      <testcase name="[sig-storage] In-tree Volumes [Driver: gluster] [Testpattern: Dynamic PV (ntfs)][Feature:Windows] subPath should support restarting containers using file as subpath [Slow][LinuxOnly]" classname="Kubernetes e2e suite" time="0">
          <skipped></skipped>
      </testcase>
      <testcase name="[sig-storage] In-tree Volumes [Driver: windows-gcepd] [Testpattern: Dynamic PV (block volmode)] multiVolume [Slow] should access to two volumes with different volume mode and retain data across pod recreation on different node" classname="Kubernetes e2e suite" time="0">
          <skipped></skipped>
      </testcase>
      <testcase name="[sig-storage] In-tree Volumes [Driver: local][LocalVolumeType: dir-link-bindmounted] [Testpattern: Dynamic PV (ext3)] volumes should store data" classname="Kubernetes e2e suite" time="0">
          <skipped></skipped>
      </testcase>
      <testcase name="[sig-storage] In-tree Volumes [Driver: iscsi][Feature:Volumes] [Testpattern: Dynamic PV (ntfs)][Feature:Windows] subPath should support restarting containers using file as subpath [Slow][LinuxOnly]" classname="Kubernetes e2e suite" time="0">
          <skipped></skipped>
      </testcase>
      <testcase name="[sig-storage] ConfigMap updates should be reflected in volume [NodeConformance] [Conformance]" classname="Kubernetes e2e suite" time="4.204918785"></testcase>
      <testcase name="[sig-storage] In-tree Volumes [Driver: local][LocalVolumeType: blockfs] [Testpattern: Dynamic PV (default fs)] subPath should unmount if pod is force deleted while kubelet is down [Disruptive][Slow][LinuxOnly]" classname="Kubernetes e2e suite" time="0">
          <skipped></skipped>
      </testcase>
      <testcase name="[sig-storage] In-tree Volumes [Driver: iscsi][Feature:Volumes] [Testpattern: Dynamic PV (ntfs)(allowExpansion)][Feature:Windows] volume-expand should resize volume when PVC is edited while pod is using it" classname="Kubernetes e2e suite" time="0">
          <skipped></skipped>
      </testcase>
      <testcase name="[sig-storage] In-tree Volumes [Driver: gcepd] [Testpattern: Pre-provisioned PV (default fs)] subPath should unmount if pod is gracefully deleted while kubelet is down [Disruptive][Slow][LinuxOnly]" classname="Kubernetes e2e suite" time="0">
          <skipped></skipped>
      </testcase>
      <testcase name="[sig-storage] In-tree Volumes [Driver: hostPath] [Testpattern: Pre-provisioned PV (block volmode)] multiVolume [Slow] should concurrently access the single read-only volume from pods on the same node" classname="Kubernetes e2e suite" time="0">
          <skipped></skipped>
      </testcase>
      <testcase name="[sig-storage] In-tree Volumes [Driver: local][LocalVolumeType: dir-bindmounted] [Testpattern: Dynamic PV (default fs)] volume-expand should not allow expansion of pvcs without AllowVolumeExpansion property" classname="Kubernetes e2e suite" time="0">
          <skipped></skipped>
      </testcase>
      <testcase name="[sig-storage] Flexvolumes should be mountable when non-attachable" classname="Kubernetes e2e suite" time="0">
          <skipped></skipped>
      </testcase>
      <testcase name="[sig-storage] In-tree Volumes [Driver: gluster] [Testpattern: Inline-volume (default fs)] volumes should allow exec of files on the volume" classname="Kubernetes e2e suite" time="0">
          <skipped></skipped>
      </testcase>
      <testcase name="[sig-network] Services should provide secure master service  [Conformance]" classname="Kubernetes e2e suite" time="0.056960802"></testcase>
      <testcase name="[sig-network] DNS should provide DNS for the cluster  [Conformance]" classname="Kubernetes e2e suite" time="604.561137754">
          <failure type="Failure">/workspace/src/k8s.io/kubernetes/_output/dockerized/go/src/k8s.io/kubernetes/test/e2e/framework/framework.go:630&#xA;Aug 27 11:18:20.749: Unexpected error:&#xA;    &lt;*errors.errorString | 0xc0002c6240&gt;: {&#xA;        s: &#34;timed out waiting for the condition&#34;,&#xA;    }&#xA;    timed out waiting for the condition&#xA;occurred&#xA;/workspace/src/k8s.io/kubernetes/_output/dockerized/go/src/k8s.io/kubernetes/test/e2e/network/dns_common.go:463</failure>
          <system-out>[BeforeEach] [sig-network] DNS&#xA;  /workspace/src/k8s.io/kubernetes/_output/dockerized/go/src/k8s.io/kubernetes/test/e2e/framework/framework.go:185&#xA;STEP: Creating a kubernetes client&#xA;Aug 27 11:08:16.437: INFO: &gt;&gt;&gt; kubeConfig: /tmp/kubeconfig-655963504&#xA;STEP: Building a namespace api object, basename dns&#xA;STEP: Waiting for a default service account to be provisioned in namespace&#xA;[It] should provide DNS for the cluster  [Conformance]&#xA;  /workspace/src/k8s.io/kubernetes/_output/dockerized/go/src/k8s.io/kubernetes/test/e2e/framework/framework.go:630&#xA;STEP: Running these commands on wheezy: for i in `seq 1 600`; do check=&#34;$$(dig +notcp +noall +answer +search kubernetes.default.svc.cluster.local A)&#34; &amp;&amp; test -n &#34;$$check&#34; &amp;&amp; echo OK &gt; /results/wheezy_udp@kubernetes.default.svc.cluster.local;check=&#34;$$(dig +tcp +noall +answer +search kubernetes.default.svc.cluster.local A)&#34; &amp;&amp; test -n &#34;$$check&#34; &amp;&amp; echo OK &gt; /results/wheezy_tcp@kubernetes.default.svc.cluster.local;podARec=$$(hostname -i| awk -F. &#39;{print $$1&#34;-&#34;$$2&#34;-&#34;$$3&#34;-&#34;$$4&#34;.dns-4105.pod.cluster.local&#34;}&#39;);check=&#34;$$(dig +notcp +noall +answer +search $${podARec} A)&#34; &amp;&amp; test -n &#34;$$check&#34; &amp;&amp; echo OK &gt; /results/wheezy_udp@PodARecord;check=&#34;$$(dig +tcp +noall +answer +search $${podARec} A)&#34; &amp;&amp; test -n &#34;$$check&#34; &amp;&amp; echo OK &gt; /results/wheezy_tcp@PodARecord;sleep 1; done&#xA;&#xA;STEP: Running these commands on jessie: for i in `seq 1 600`; do check=&#34;$$(dig +notcp +noall +answer +search kubernetes.default.svc.cluster.local A)&#34; &amp;&amp; test -n &#34;$$check&#34; &amp;&amp; echo OK &gt; /results/jessie_udp@kubernetes.default.svc.cluster.local;check=&#34;$$(dig +tcp +noall +answer +search kubernetes.default.svc.cluster.local A)&#34; &amp;&amp; test -n &#34;$$check&#34; &amp;&amp; echo OK &gt; /results/jessie_tcp@kubernetes.default.svc.cluster.local;podARec=$$(hostname -i| awk -F. &#39;{print $$1&#34;-&#34;$$2&#34;-&#34;$$3&#34;-&#34;$$4&#34;.dns-4105.pod.cluster.local&#34;}&#39;);check=&#34;$$(dig +notcp +noall +answer +search $${podARec} A)&#34; &amp;&amp; test -n &#34;$$check&#34; &amp;&amp; echo OK &gt; /results/jessie_udp@PodARecord;check=&#34;$$(dig +tcp +noall +answer +search $${podARec} A)&#34; &amp;&amp; test -n &#34;$$check&#34; &amp;&amp; echo OK &gt; /results/jessie_tcp@PodARecord;sleep 1; done&#xA;&#xA;STEP: creating a pod to probe DNS&#xA;STEP: submitting the pod to kubernetes&#xA;STEP: retrieving the pod&#xA;STEP: looking for the results for each expected name from probers&#xA;Aug 27 11:08:20.593: INFO: Unable to read wheezy_udp@kubernetes.default.svc.cluster.local from pod dns-4105/dns-test-10bbd84e-02d7-4474-bf12-23fd8be27e37: the server could not find the requested resource (get pods dns-test-10bbd84e-02d7-4474-bf12-23fd8be27e37)&#xA;Aug 27 11:08:20.598: INFO: Unable to read wheezy_tcp@kubernetes.default.svc.cluster.local from pod dns-4105/dns-test-10bbd84e-02d7-4474-bf12-23fd8be27e37: the server could not find the requested resource (get pods dns-test-10bbd84e-02d7-4474-bf12-23fd8be27e37)&#xA;Aug 27 11:08:20.603: INFO: Unable to read wheezy_udp@PodARecord from pod dns-4105/dns-test-10bbd84e-02d7-4474-bf12-23fd8be27e37: the server could not find the requested resource (get pods dns-test-10bbd84e-02d7-4474-bf12-23fd8be27e37)&#xA;Aug 27 11:08:20.607: INFO: Unable to read wheezy_tcp@PodARecord from pod dns-4105/dns-test-10bbd84e-02d7-4474-bf12-23fd8be27e37: the server could not find the requested resource (get pods dns-test-10bbd84e-02d7-4474-bf12-23fd8be27e37)&#xA;Aug 27 11:08:20.612: INFO: Unable to read jessie_udp@kubernetes.default.svc.cluster.local from pod dns-4105/dns-test-10bbd84e-02d7-4474-bf12-23fd8be27e37: the server could not find the requested resource (get pods dns-test-10bbd84e-02d7-4474-bf12-23fd8be27e37)&#xA;Aug 27 11:08:20.616: INFO: Unable to read jessie_tcp@kubernetes.default.svc.cluster.local from pod dns-4105/dns-test-10bbd84e-02d7-4474-bf12-23fd8be27e37: the server could not find the requested resource (get pods dns-test-10bbd84e-02d7-4474-bf12-23fd8be27e37)&#xA;Aug 27 11:08:20.620: INFO: Unable to read jessie_udp@PodARecord from pod dns-4105/dns-test-10bbd84e-02d7-4474-bf12-23fd8be27e37: the server could not find the requested resource (get pods dns-test-10bbd84e-02d7-4474-bf12-23fd8be27e37)&#xA;Aug 27 11:08:20.624: INFO: Unable to read jessie_tcp@PodARecord from pod dns-4105/dns-test-10bbd84e-02d7-4474-bf12-23fd8be27e37: the server could not find the requested resource (get pods dns-test-10bbd84e-02d7-4474-bf12-23fd8be27e37)&#xA;Aug 27 11:08:20.625: INFO: Lookups using dns-4105/dns-test-10bbd84e-02d7-4474-bf12-23fd8be27e37 failed for: [wheezy_udp@kubernetes.default.svc.cluster.local wheezy_tcp@kubernetes.default.svc.cluster.local wheezy_udp@PodARecord wheezy_tcp@PodARecord jessie_udp@kubernetes.default.svc.cluster.local jessie_tcp@kubernetes.default.svc.cluster.local jessie_udp@PodARecord jessie_tcp@PodARecord]&#xA;&#xA;Aug 27 11:08:25.631: INFO: Unable to read wheezy_udp@kubernetes.default.svc.cluster.local from pod dns-4105/dns-test-10bbd84e-02d7-4474-bf12-23fd8be27e37: the server could not find the requested resource (get pods dns-test-10bbd84e-02d7-4474-bf12-23fd8be27e37)&#xA;Aug 27 11:08:25.636: INFO: Unable to read wheezy_tcp@kubernetes.default.svc.cluster.local from pod dns-4105/dns-test-10bbd84e-02d7-4474-bf12-23fd8be27e37: the server could not find the requested resource (get pods dns-test-10bbd84e-02d7-4474-bf12-23fd8be27e37)&#xA;Aug 27 11:08:25.640: INFO: Unable to read wheezy_udp@PodARecord from pod dns-4105/dns-test-10bbd84e-02d7-4474-bf12-23fd8be27e37: the server could not find the requested resource (get pods dns-test-10bbd84e-02d7-4474-bf12-23fd8be27e37)&#xA;Aug 27 11:08:25.648: INFO: Unable to read wheezy_tcp@PodARecord from pod dns-4105/dns-test-10bbd84e-02d7-4474-bf12-23fd8be27e37: the server could not find the requested resource (get pods dns-test-10bbd84e-02d7-4474-bf12-23fd8be27e37)&#xA;Aug 27 11:08:25.656: INFO: Unable to read jessie_udp@kubernetes.default.svc.cluster.local from pod dns-4105/dns-test-10bbd84e-02d7-4474-bf12-23fd8be27e37: the server could not find the requested resource (get pods dns-test-10bbd84e-02d7-4474-bf12-23fd8be27e37)&#xA;Aug 27 11:08:25.666: INFO: Unable to read jessie_tcp@kubernetes.default.svc.cluster.local from pod dns-4105/dns-test-10bbd84e-02d7-4474-bf12-23fd8be27e37: the server could not find the requested resource (get pods dns-test-10bbd84e-02d7-4474-bf12-23fd8be27e37)&#xA;Aug 27 11:08:25.671: INFO: Unable to read jessie_udp@PodARecord from pod dns-4105/dns-test-10bbd84e-02d7-4474-bf12-23fd8be27e37: the server could not find the requested resource (get pods dns-test-10bbd84e-02d7-4474-bf12-23fd8be27e37)&#xA;Aug 27 11:08:25.676: INFO: Unable to read jessie_tcp@PodARecord from pod dns-4105/dns-test-10bbd84e-02d7-4474-bf12-23fd8be27e37: the server could not find the requested resource (get pods dns-test-10bbd84e-02d7-4474-bf12-23fd8be27e37)&#xA;Aug 27 11:08:25.677: INFO: Lookups using dns-4105/dns-test-10bbd84e-02d7-4474-bf12-23fd8be27e37 failed for: [wheezy_udp@kubernetes.default.svc.cluster.local wheezy_tcp@kubernetes.default.svc.cluster.local wheezy_udp@PodARecord wheezy_tcp@PodARecord jessie_udp@kubernetes.default.svc.cluster.local jessie_tcp@kubernetes.default.svc.cluster.local jessie_udp@PodARecord jessie_tcp@PodARecord]&#xA;&#xA;Aug 27 11:08:30.647: INFO: Unable to read wheezy_udp@kubernetes.default.svc.cluster.local from pod dns-4105/dns-test-10bbd84e-02d7-4474-bf12-23fd8be27e37: the server could not find the requested resource (get pods dns-test-10bbd84e-02d7-4474-bf12-23fd8be27e37)&#xA;Aug 27 11:08:30.651: INFO: Unable to read wheezy_tcp@kubernetes.default.svc.cluster.local from pod dns-4105/dns-test-10bbd84e-02d7-4474-bf12-23fd8be27e37: the server could not find the requested resource (get pods dns-test-10bbd84e-02d7-4474-bf12-23fd8be27e37)&#xA;Aug 27 11:08:30.656: INFO: Unable to read wheezy_udp@PodARecord from pod dns-4105/dns-test-10bbd84e-02d7-4474-bf12-23fd8be27e37: the server could not find the requested resource (get pods dns-test-10bbd84e-02d7-4474-bf12-23fd8be27e37)&#xA;Aug 27 11:08:30.660: INFO: Unable to read wheezy_tcp@PodARecord from pod dns-4105/dns-test-10bbd84e-02d7-4474-bf12-23fd8be27e37: the server could not find the requested resource (get pods dns-test-10bbd84e-02d7-4474-bf12-23fd8be27e37)&#xA;Aug 27 11:08:30.665: INFO: Unable to read jessie_udp@kubernetes.default.svc.cluster.local from pod dns-4105/dns-test-10bbd84e-02d7-4474-bf12-23fd8be27e37: the server could not find the requested resource (get pods dns-test-10bbd84e-02d7-4474-bf12-23fd8be27e37)&#xA;Aug 27 11:08:30.669: INFO: Unable to read jessie_tcp@kubernetes.default.svc.cluster.local from pod dns-4105/dns-test-10bbd84e-02d7-4474-bf12-23fd8be27e37: the server could not find the requested resource (get pods dns-test-10bbd84e-02d7-4474-bf12-23fd8be27e37)&#xA;Aug 27 11:08:30.675: INFO: Unable to read jessie_udp@PodARecord from pod dns-4105/dns-test-10bbd84e-02d7-4474-bf12-23fd8be27e37: the server could not find the requested resource (get pods dns-test-10bbd84e-02d7-4474-bf12-23fd8be27e37)&#xA;Aug 27 11:08:30.679: INFO: Unable to read jessie_tcp@PodARecord from pod dns-4105/dns-test-10bbd84e-02d7-4474-bf12-23fd8be27e37: the server could not find the requested resource (get pods dns-test-10bbd84e-02d7-4474-bf12-23fd8be27e37)&#xA;Aug 27 11:08:30.680: INFO: Lookups using dns-4105/dns-test-10bbd84e-02d7-4474-bf12-23fd8be27e37 failed for: [wheezy_udp@kubernetes.default.svc.cluster.local wheezy_tcp@kubernetes.default.svc.cluster.local wheezy_udp@PodARecord wheezy_tcp@PodARecord jessie_udp@kubernetes.default.svc.cluster.local jessie_tcp@kubernetes.default.svc.cluster.local jessie_udp@PodARecord jessie_tcp@PodARecord]&#xA;&#xA;Aug 27 11:08:35.631: INFO: Unable to read wheezy_udp@kubernetes.default.svc.cluster.local from pod dns-4105/dns-test-10bbd84e-02d7-4474-bf12-23fd8be27e37: the server could not find the requested resource (get pods dns-test-10bbd84e-02d7-4474-bf12-23fd8be27e37)&#xA;Aug 27 11:08:35.635: INFO: Unable to read wheezy_tcp@kubernetes.default.svc.cluster.local from pod dns-4105/dns-test-10bbd84e-02d7-4474-bf12-23fd8be27e37: the server could not find the requested resource (get pods dns-test-10bbd84e-02d7-4474-bf12-23fd8be27e37)&#xA;Aug 27 11:08:35.638: INFO: Unable to read wheezy_udp@PodARecord from pod dns-4105/dns-test-10bbd84e-02d7-4474-bf12-23fd8be27e37: the server could not find the requested resource (get pods dns-test-10bbd84e-02d7-4474-bf12-23fd8be27e37)&#xA;Aug 27 11:08:35.645: INFO: Unable to read wheezy_tcp@PodARecord from pod dns-4105/dns-test-10bbd84e-02d7-4474-bf12-23fd8be27e37: the server could not find the requested resource (get pods dns-test-10bbd84e-02d7-4474-bf12-23fd8be27e37)&#xA;Aug 27 11:08:35.649: INFO: Unable to read jessie_udp@kubernetes.default.svc.cluster.local from pod dns-4105/dns-test-10bbd84e-02d7-4474-bf12-23fd8be27e37: the server could not find the requested resource (get pods dns-test-10bbd84e-02d7-4474-bf12-23fd8be27e37)&#xA;Aug 27 11:08:35.653: INFO: Unable to read jessie_tcp@kubernetes.default.svc.cluster.local from pod dns-4105/dns-test-10bbd84e-02d7-4474-bf12-23fd8be27e37: the server could not find the requested resource (get pods dns-test-10bbd84e-02d7-4474-bf12-23fd8be27e37)&#xA;Aug 27 11:08:35.657: INFO: Unable to read jessie_udp@PodARecord from pod dns-4105/dns-test-10bbd84e-02d7-4474-bf12-23fd8be27e37: the server could not find the requested resource (get pods dns-test-10bbd84e-02d7-4474-bf12-23fd8be27e37)&#xA;Aug 27 11:08:35.661: INFO: Unable to read jessie_tcp@PodARecord from pod dns-4105/dns-test-10bbd84e-02d7-4474-bf12-23fd8be27e37: the server could not find the requested resource (get pods dns-test-10bbd84e-02d7-4474-bf12-23fd8be27e37)&#xA;Aug 27 11:08:35.661: INFO: Lookups using dns-4105/dns-test-10bbd84e-02d7-4474-bf12-23fd8be27e37 failed for: [wheezy_udp@kubernetes.default.svc.cluster.local wheezy_tcp@kubernetes.default.svc.cluster.local wheezy_udp@PodARecord wheezy_tcp@PodARecord jessie_udp@kubernetes.default.svc.cluster.local jessie_tcp@kubernetes.default.svc.cluster.local jessie_udp@PodARecord jessie_tcp@PodARecord]&#xA;&#xA;Aug 27 11:08:40.643: INFO: Unable to read wheezy_udp@kubernetes.default.svc.cluster.local from pod dns-4105/dns-test-10bbd84e-02d7-4474-bf12-23fd8be27e37: the server could not find the requested resource (get pods dns-test-10bbd84e-02d7-4474-bf12-23fd8be27e37)&#xA;Aug 27 11:08:40.650: INFO: Unable to read wheezy_tcp@kubernetes.default.svc.cluster.local from pod dns-4105/dns-test-10bbd84e-02d7-4474-bf12-23fd8be27e37: the server could not find the requested resource (get pods dns-test-10bbd84e-02d7-4474-bf12-23fd8be27e37)&#xA;Aug 27 11:08:40.668: INFO: Unable to read wheezy_udp@PodARecord from pod dns-4105/dns-test-10bbd84e-02d7-4474-bf12-23fd8be27e37: the server could not find the requested resource (get pods dns-test-10bbd84e-02d7-4474-bf12-23fd8be27e37)&#xA;Aug 27 11:08:40.673: INFO: Unable to read wheezy_tcp@PodARecord from pod dns-4105/dns-test-10bbd84e-02d7-4474-bf12-23fd8be27e37: the server could not find the requested resource (get pods dns-test-10bbd84e-02d7-4474-bf12-23fd8be27e37)&#xA;Aug 27 11:08:40.683: INFO: Unable to read jessie_udp@kubernetes.default.svc.cluster.local from pod dns-4105/dns-test-10bbd84e-02d7-4474-bf12-23fd8be27e37: the server could not find the requested resource (get pods dns-test-10bbd84e-02d7-4474-bf12-23fd8be27e37)&#xA;Aug 27 11:08:40.687: INFO: Unable to read jessie_tcp@kubernetes.default.svc.cluster.local from pod dns-4105/dns-test-10bbd84e-02d7-4474-bf12-23fd8be27e37: the server could not find the requested resource (get pods dns-test-10bbd84e-02d7-4474-bf12-23fd8be27e37)&#xA;Aug 27 11:08:40.692: INFO: Unable to read jessie_udp@PodARecord from pod dns-4105/dns-test-10bbd84e-02d7-4474-bf12-23fd8be27e37: the server could not find the requested resource (get pods dns-test-10bbd84e-02d7-4474-bf12-23fd8be27e37)&#xA;Aug 27 11:08:40.696: INFO: Unable to read jessie_tcp@PodARecord from pod dns-4105/dns-test-10bbd84e-02d7-4474-bf12-23fd8be27e37: the server could not find the requested resource (get pods dns-test-10bbd84e-02d7-4474-bf12-23fd8be27e37)&#xA;Aug 27 11:08:40.696: INFO: Lookups using dns-4105/dns-test-10bbd84e-02d7-4474-bf12-23fd8be27e37 failed for: [wheezy_udp@kubernetes.default.svc.cluster.local wheezy_tcp@kubernetes.default.svc.cluster.local wheezy_udp@PodARecord wheezy_tcp@PodARecord jessie_udp@kubernetes.default.svc.cluster.local jessie_tcp@kubernetes.default.svc.cluster.local jessie_udp@PodARecord jessie_tcp@PodARecord]&#xA;&#xA;Aug 27 11:08:45.653: INFO: Unable to read wheezy_udp@kubernetes.default.svc.cluster.local from pod dns-4105/dns-test-10bbd84e-02d7-4474-bf12-23fd8be27e37: the server could not find the requested resource (get pods dns-test-10bbd84e-02d7-4474-bf12-23fd8be27e37)&#xA;Aug 27 11:08:45.658: INFO: Unable to read wheezy_tcp@kubernetes.default.svc.cluster.local from pod dns-4105/dns-test-10bbd84e-02d7-4474-bf12-23fd8be27e37: the server could not find the requested resource (get pods dns-test-10bbd84e-02d7-4474-bf12-23fd8be27e37)&#xA;Aug 27 11:08:45.663: INFO: Unable to read wheezy_udp@PodARecord from pod dns-4105/dns-test-10bbd84e-02d7-4474-bf12-23fd8be27e37: the server could not find the requested resource (get pods dns-test-10bbd84e-02d7-4474-bf12-23fd8be27e37)&#xA;Aug 27 11:08:45.671: INFO: Unable to read wheezy_tcp@PodARecord from pod dns-4105/dns-test-10bbd84e-02d7-4474-bf12-23fd8be27e37: the server could not find the requested resource (get pods dns-test-10bbd84e-02d7-4474-bf12-23fd8be27e37)&#xA;Aug 27 11:08:45.681: INFO: Unable to read jessie_udp@kubernetes.default.svc.cluster.local from pod dns-4105/dns-test-10bbd84e-02d7-4474-bf12-23fd8be27e37: the server could not find the requested resource (get pods dns-test-10bbd84e-02d7-4474-bf12-23fd8be27e37)&#xA;Aug 27 11:08:45.686: INFO: Unable to read jessie_tcp@kubernetes.default.svc.cluster.local from pod dns-4105/dns-test-10bbd84e-02d7-4474-bf12-23fd8be27e37: the server could not find the requested resource (get pods dns-test-10bbd84e-02d7-4474-bf12-23fd8be27e37)&#xA;Aug 27 11:08:45.691: INFO: Unable to read jessie_udp@PodARecord from pod dns-4105/dns-test-10bbd84e-02d7-4474-bf12-23fd8be27e37: the server could not find the requested resource (get pods dns-test-10bbd84e-02d7-4474-bf12-23fd8be27e37)&#xA;Aug 27 11:08:45.694: INFO: Unable to read jessie_tcp@PodARecord from pod dns-4105/dns-test-10bbd84e-02d7-4474-bf12-23fd8be27e37: the server could not find the requested resource (get pods dns-test-10bbd84e-02d7-4474-bf12-23fd8be27e37)&#xA;Aug 27 11:08:45.694: INFO: Lookups using dns-4105/dns-test-10bbd84e-02d7-4474-bf12-23fd8be27e37 failed for: [wheezy_udp@kubernetes.default.svc.cluster.local wheezy_tcp@kubernetes.default.svc.cluster.local wheezy_udp@PodARecord wheezy_tcp@PodARecord jessie_udp@kubernetes.default.svc.cluster.local jessie_tcp@kubernetes.default.svc.cluster.local jessie_udp@PodARecord jessie_tcp@PodARecord]&#xA;&#xA;Aug 27 11:08:50.633: INFO: Unable to read wheezy_udp@kubernetes.default.svc.cluster.local from pod dns-4105/dns-test-10bbd84e-02d7-4474-bf12-23fd8be27e37: the server could not find the requested resource (get pods dns-test-10bbd84e-02d7-4474-bf12-23fd8be27e37)&#xA;Aug 27 11:08:50.639: INFO: Unable to read wheezy_tcp@kubernetes.default.svc.cluster.local from pod dns-4105/dns-test-10bbd84e-02d7-4474-bf12-23fd8be27e37: the server could not find the requested resource (get pods dns-test-10bbd84e-02d7-4474-bf12-23fd8be27e37)&#xA;Aug 27 11:08:50.643: INFO: Unable to read wheezy_udp@PodARecord from pod dns-4105/dns-test-10bbd84e-02d7-4474-bf12-23fd8be27e37: the server could not find the requested resource (get pods dns-test-10bbd84e-02d7-4474-bf12-23fd8be27e37)&#xA;Aug 27 11:08:50.646: INFO: Unable to read wheezy_tcp@PodARecord from pod dns-4105/dns-test-10bbd84e-02d7-4474-bf12-23fd8be27e37: the server could not find the requested resource (get pods dns-test-10bbd84e-02d7-4474-bf12-23fd8be27e37)&#xA;Aug 27 11:08:50.650: INFO: Unable to read jessie_udp@kubernetes.default.svc.cluster.local from pod dns-4105/dns-test-10bbd84e-02d7-4474-bf12-23fd8be27e37: the server could not find the requested resource (get pods dns-test-10bbd84e-02d7-4474-bf12-23fd8be27e37)&#xA;Aug 27 11:08:50.653: INFO: Unable to read jessie_tcp@kubernetes.default.svc.cluster.local from pod dns-4105/dns-test-10bbd84e-02d7-4474-bf12-23fd8be27e37: the server could not find the requested resource (get pods dns-test-10bbd84e-02d7-4474-bf12-23fd8be27e37)&#xA;Aug 27 11:08:50.658: INFO: Unable to read jessie_udp@PodARecord from pod dns-4105/dns-test-10bbd84e-02d7-4474-bf12-23fd8be27e37: the server could not find the requested resource (get pods dns-test-10bbd84e-02d7-4474-bf12-23fd8be27e37)&#xA;Aug 27 11:08:50.662: INFO: Unable to read jessie_tcp@PodARecord from pod dns-4105/dns-test-10bbd84e-02d7-4474-bf12-23fd8be27e37: the server could not find the requested resource (get pods dns-test-10bbd84e-02d7-4474-bf12-23fd8be27e37)&#xA;Aug 27 11:08:50.662: INFO: Lookups using dns-4105/dns-test-10bbd84e-02d7-4474-bf12-23fd8be27e37 failed for: [wheezy_udp@kubernetes.default.svc.cluster.local wheezy_tcp@kubernetes.default.svc.cluster.local wheezy_udp@PodARecord wheezy_tcp@PodARecord jessie_udp@kubernetes.default.svc.cluster.local jessie_tcp@kubernetes.default.svc.cluster.local jessie_udp@PodARecord jessie_tcp@PodARecord]&#xA;&#xA;Aug 27 11:08:55.630: INFO: Unable to read wheezy_udp@kubernetes.default.svc.cluster.local from pod dns-4105/dns-test-10bbd84e-02d7-4474-bf12-23fd8be27e37: the server could not find the requested resource (get pods dns-test-10bbd84e-02d7-4474-bf12-23fd8be27e37)&#xA;Aug 27 11:08:55.640: INFO: Unable to read wheezy_tcp@kubernetes.default.svc.cluster.local from pod dns-4105/dns-test-10bbd84e-02d7-4474-bf12-23fd8be27e37: the server could not find the requested resource (get pods dns-test-10bbd84e-02d7-4474-bf12-23fd8be27e37)&#xA;Aug 27 11:08:55.643: INFO: Unable to read wheezy_udp@PodARecord from pod dns-4105/dns-test-10bbd84e-02d7-4474-bf12-23fd8be27e37: the server could not find the requested resource (get pods dns-test-10bbd84e-02d7-4474-bf12-23fd8be27e37)&#xA;Aug 27 11:08:55.647: INFO: Unable to read wheezy_tcp@PodARecord from pod dns-4105/dns-test-10bbd84e-02d7-4474-bf12-23fd8be27e37: the server could not find the requested resource (get pods dns-test-10bbd84e-02d7-4474-bf12-23fd8be27e37)&#xA;Aug 27 11:08:55.650: INFO: Unable to read jessie_udp@kubernetes.default.svc.cluster.local from pod dns-4105/dns-test-10bbd84e-02d7-4474-bf12-23fd8be27e37: the server could not find the requested resource (get pods dns-test-10bbd84e-02d7-4474-bf12-23fd8be27e37)&#xA;Aug 27 11:08:55.657: INFO: Unable to read jessie_tcp@kubernetes.default.svc.cluster.local from pod dns-4105/dns-test-10bbd84e-02d7-4474-bf12-23fd8be27e37: the server could not find the requested resource (get pods dns-test-10bbd84e-02d7-4474-bf12-23fd8be27e37)&#xA;Aug 27 11:08:55.661: INFO: Unable to read jessie_udp@PodARecord from pod dns-4105/dns-test-10bbd84e-02d7-4474-bf12-23fd8be27e37: the server could not find the requested resource (get pods dns-test-10bbd84e-02d7-4474-bf12-23fd8be27e37)&#xA;Aug 27 11:08:55.665: INFO: Unable to read jessie_tcp@PodARecord from pod dns-4105/dns-test-10bbd84e-02d7-4474-bf12-23fd8be27e37: the server could not find the requested resource (get pods dns-test-10bbd84e-02d7-4474-bf12-23fd8be27e37)&#xA;Aug 27 11:08:55.665: INFO: Lookups using dns-4105/dns-test-10bbd84e-02d7-4474-bf12-23fd8be27e37 failed for: [wheezy_udp@kubernetes.default.svc.cluster.local wheezy_tcp@kubernetes.default.svc.cluster.local wheezy_udp@PodARecord wheezy_tcp@PodARecord jessie_udp@kubernetes.default.svc.cluster.local jessie_tcp@kubernetes.default.svc.cluster.local jessie_udp@PodARecord jessie_tcp@PodARecord]&#xA;&#xA;Aug 27 11:09:00.630: INFO: Unable to read wheezy_udp@kubernetes.default.svc.cluster.local from pod dns-4105/dns-test-10bbd84e-02d7-4474-bf12-23fd8be27e37: the server could not find the requested resource (get pods dns-test-10bbd84e-02d7-4474-bf12-23fd8be27e37)&#xA;Aug 27 11:09:00.637: INFO: Unable to read wheezy_tcp@kubernetes.default.svc.cluster.local from pod dns-4105/dns-test-10bbd84e-02d7-4474-bf12-23fd8be27e37: the server could not find the requested resource (get pods dns-test-10bbd84e-02d7-4474-bf12-23fd8be27e37)&#xA;Aug 27 11:09:00.642: INFO: Unable to read wheezy_udp@PodARecord from pod dns-4105/dns-test-10bbd84e-02d7-4474-bf12-23fd8be27e37: the server could not find the requested resource (get pods dns-test-10bbd84e-02d7-4474-bf12-23fd8be27e37)&#xA;Aug 27 11:09:00.655: INFO: Unable to read wheezy_tcp@PodARecord from pod dns-4105/dns-test-10bbd84e-02d7-4474-bf12-23fd8be27e37: the server could not find the requested resource (get pods dns-test-10bbd84e-02d7-4474-bf12-23fd8be27e37)&#xA;Aug 27 11:09:00.662: INFO: Unable to read jessie_udp@kubernetes.default.svc.cluster.local from pod dns-4105/dns-test-10bbd84e-02d7-4474-bf12-23fd8be27e37: the server could not find the requested resource (get pods dns-test-10bbd84e-02d7-4474-bf12-23fd8be27e37)&#xA;Aug 27 11:09:00.667: INFO: Unable to read jessie_tcp@kubernetes.default.svc.cluster.local from pod dns-4105/dns-test-10bbd84e-02d7-4474-bf12-23fd8be27e37: the server could not find the requested resource (get pods dns-test-10bbd84e-02d7-4474-bf12-23fd8be27e37)&#xA;Aug 27 11:09:00.671: INFO: Unable to read jessie_udp@PodARecord from pod dns-4105/dns-test-10bbd84e-02d7-4474-bf12-23fd8be27e37: the server could not find the requested resource (get pods dns-test-10bbd84e-02d7-4474-bf12-23fd8be27e37)&#xA;Aug 27 11:09:00.675: INFO: Unable to read jessie_tcp@PodARecord from pod dns-4105/dns-test-10bbd84e-02d7-4474-bf12-23fd8be27e37: the server could not find the requested resource (get pods dns-test-10bbd84e-02d7-4474-bf12-23fd8be27e37)&#xA;Aug 27 11:09:00.675: INFO: Lookups using dns-4105/dns-test-10bbd84e-02d7-4474-bf12-23fd8be27e37 failed for: [wheezy_udp@kubernetes.default.svc.cluster.local wheezy_tcp@kubernetes.default.svc.cluster.local wheezy_udp@PodARecord wheezy_tcp@PodARecord jessie_udp@kubernetes.default.svc.cluster.local jessie_tcp@kubernetes.default.svc.cluster.local jessie_udp@PodARecord jessie_tcp@PodARecord]&#xA;&#xA;Aug 27 11:09:05.632: INFO: Unable to read wheezy_udp@kubernetes.default.svc.cluster.local from pod dns-4105/dns-test-10bbd84e-02d7-4474-bf12-23fd8be27e37: the server could not find the requested resource (get pods dns-test-10bbd84e-02d7-4474-bf12-23fd8be27e37)&#xA;Aug 27 11:09:05.636: INFO: Unable to read wheezy_tcp@kubernetes.default.svc.cluster.local from pod dns-4105/dns-test-10bbd84e-02d7-4474-bf12-23fd8be27e37: the server could not find the requested resource (get pods dns-test-10bbd84e-02d7-4474-bf12-23fd8be27e37)&#xA;Aug 27 11:09:05.641: INFO: Unable to read wheezy_udp@PodARecord from pod dns-4105/dns-test-10bbd84e-02d7-4474-bf12-23fd8be27e37: the server could not find the requested resource (get pods dns-test-10bbd84e-02d7-4474-bf12-23fd8be27e37)&#xA;Aug 27 11:09:05.649: INFO: Unable to read wheezy_tcp@PodARecord from pod dns-4105/dns-test-10bbd84e-02d7-4474-bf12-23fd8be27e37: the server could not find the requested resource (get pods dns-test-10bbd84e-02d7-4474-bf12-23fd8be27e37)&#xA;Aug 27 11:09:05.653: INFO: Unable to read jessie_udp@kubernetes.default.svc.cluster.local from pod dns-4105/dns-test-10bbd84e-02d7-4474-bf12-23fd8be27e37: the server could not find the requested resource (get pods dns-test-10bbd84e-02d7-4474-bf12-23fd8be27e37)&#xA;Aug 27 11:09:05.657: INFO: Unable to read jessie_tcp@kubernetes.default.svc.cluster.local from pod dns-4105/dns-test-10bbd84e-02d7-4474-bf12-23fd8be27e37: the server could not find the requested resource (get pods dns-test-10bbd84e-02d7-4474-bf12-23fd8be27e37)&#xA;Aug 27 11:09:05.661: INFO: Unable to read jessie_udp@PodARecord from pod dns-4105/dns-test-10bbd84e-02d7-4474-bf12-23fd8be27e37: the server could not find the requested resource (get pods dns-test-10bbd84e-02d7-4474-bf12-23fd8be27e37)&#xA;Aug 27 11:09:05.666: INFO: Unable to read jessie_tcp@PodARecord from pod dns-4105/dns-test-10bbd84e-02d7-4474-bf12-23fd8be27e37: the server could not find the requested resource (get pods dns-test-10bbd84e-02d7-4474-bf12-23fd8be27e37)&#xA;Aug 27 11:09:05.667: INFO: Lookups using dns-4105/dns-test-10bbd84e-02d7-4474-bf12-23fd8be27e37 failed for: [wheezy_udp@kubernetes.default.svc.cluster.local wheezy_tcp@kubernetes.default.svc.cluster.local wheezy_udp@PodARecord wheezy_tcp@PodARecord jessie_udp@kubernetes.default.svc.cluster.local jessie_tcp@kubernetes.default.svc.cluster.local jessie_udp@PodARecord jessie_tcp@PodARecord]&#xA;&#xA;Aug 27 11:09:10.637: INFO: Unable to read wheezy_udp@kubernetes.default.svc.cluster.local from pod dns-4105/dns-test-10bbd84e-02d7-4474-bf12-23fd8be27e37: the server could not find the requested resource (get pods dns-test-10bbd84e-02d7-4474-bf12-23fd8be27e37)&#xA;Aug 27 11:09:10.641: INFO: Unable to read wheezy_tcp@kubernetes.default.svc.cluster.local from pod dns-4105/dns-test-10bbd84e-02d7-4474-bf12-23fd8be27e37: the server could not find the requested resource (get pods dns-test-10bbd84e-02d7-4474-bf12-23fd8be27e37)&#xA;Aug 27 11:09:10.649: INFO: Unable to read wheezy_udp@PodARecord from pod dns-4105/dns-test-10bbd84e-02d7-4474-bf12-23fd8be27e37: the server could not find the requested resource (get pods dns-test-10bbd84e-02d7-4474-bf12-23fd8be27e37)&#xA;Aug 27 11:09:10.655: INFO: Unable to read wheezy_tcp@PodARecord from pod dns-4105/dns-test-10bbd84e-02d7-4474-bf12-23fd8be27e37: the server could not find the requested resource (get pods dns-test-10bbd84e-02d7-4474-bf12-23fd8be27e37)&#xA;Aug 27 11:09:10.660: INFO: Unable to read jessie_udp@kubernetes.default.svc.cluster.local from pod dns-4105/dns-test-10bbd84e-02d7-4474-bf12-23fd8be27e37: the server could not find the requested resource (get pods dns-test-10bbd84e-02d7-4474-bf12-23fd8be27e37)&#xA;Aug 27 11:09:10.667: INFO: Unable to read jessie_tcp@kubernetes.default.svc.cluster.local from pod dns-4105/dns-test-10bbd84e-02d7-4474-bf12-23fd8be27e37: the server could not find the requested resource (get pods dns-test-10bbd84e-02d7-4474-bf12-23fd8be27e37)&#xA;Aug 27 11:09:10.671: INFO: Unable to read jessie_udp@PodARecord from pod dns-4105/dns-test-10bbd84e-02d7-4474-bf12-23fd8be27e37: the server could not find the requested resource (get pods dns-test-10bbd84e-02d7-4474-bf12-23fd8be27e37)&#xA;Aug 27 11:09:10.678: INFO: Unable to read jessie_tcp@PodARecord from pod dns-4105/dns-test-10bbd84e-02d7-4474-bf12-23fd8be27e37: the server could not find the requested resource (get pods dns-test-10bbd84e-02d7-4474-bf12-23fd8be27e37)&#xA;Aug 27 11:09:10.678: INFO: Lookups using dns-4105/dns-test-10bbd84e-02d7-4474-bf12-23fd8be27e37 failed for: [wheezy_udp@kubernetes.default.svc.cluster.local wheezy_tcp@kubernetes.default.svc.cluster.local wheezy_udp@PodARecord wheezy_tcp@PodARecord jessie_udp@kubernetes.default.svc.cluster.local jessie_tcp@kubernetes.default.svc.cluster.local jessie_udp@PodARecord jessie_tcp@PodARecord]&#xA;&#xA;Aug 27 11:09:15.631: INFO: Unable to read wheezy_udp@kubernetes.default.svc.cluster.local from pod dns-4105/dns-test-10bbd84e-02d7-4474-bf12-23fd8be27e37: the server could not find the requested resource (get pods dns-test-10bbd84e-02d7-4474-bf12-23fd8be27e37)&#xA;Aug 27 11:09:15.635: INFO: Unable to read wheezy_tcp@kubernetes.default.svc.cluster.local from pod dns-4105/dns-test-10bbd84e-02d7-4474-bf12-23fd8be27e37: the server could not find the requested resource (get pods dns-test-10bbd84e-02d7-4474-bf12-23fd8be27e37)&#xA;Aug 27 11:09:15.640: INFO: Unable to read wheezy_udp@PodARecord from pod dns-4105/dns-test-10bbd84e-02d7-4474-bf12-23fd8be27e37: the server could not find the requested resource (get pods dns-test-10bbd84e-02d7-4474-bf12-23fd8be27e37)&#xA;Aug 27 11:09:15.644: INFO: Unable to read wheezy_tcp@PodARecord from pod dns-4105/dns-test-10bbd84e-02d7-4474-bf12-23fd8be27e37: the server could not find the requested resource (get pods dns-test-10bbd84e-02d7-4474-bf12-23fd8be27e37)&#xA;Aug 27 11:09:15.652: INFO: Unable to read jessie_udp@kubernetes.default.svc.cluster.local from pod dns-4105/dns-test-10bbd84e-02d7-4474-bf12-23fd8be27e37: the server could not find the requested resource (get pods dns-test-10bbd84e-02d7-4474-bf12-23fd8be27e37)&#xA;Aug 27 11:09:15.658: INFO: Unable to read jessie_tcp@kubernetes.default.svc.cluster.local from pod dns-4105/dns-test-10bbd84e-02d7-4474-bf12-23fd8be27e37: the server could not find the requested resource (get pods dns-test-10bbd84e-02d7-4474-bf12-23fd8be27e37)&#xA;Aug 27 11:09:15.662: INFO: Unable to read jessie_udp@PodARecord from pod dns-4105/dns-test-10bbd84e-02d7-4474-bf12-23fd8be27e37: the server could not find the requested resource (get pods dns-test-10bbd84e-02d7-4474-bf12-23fd8be27e37)&#xA;Aug 27 11:09:15.667: INFO: Unable to read jessie_tcp@PodARecord from pod dns-4105/dns-test-10bbd84e-02d7-4474-bf12-23fd8be27e37: the server could not find the requested resource (get pods dns-test-10bbd84e-02d7-4474-bf12-23fd8be27e37)&#xA;Aug 27 11:09:15.667: INFO: Lookups using dns-4105/dns-test-10bbd84e-02d7-4474-bf12-23fd8be27e37 failed for: [wheezy_udp@kubernetes.default.svc.cluster.local wheezy_tcp@kubernetes.default.svc.cluster.local wheezy_udp@PodARecord wheezy_tcp@PodARecord jessie_udp@kubernetes.default.svc.cluster.local jessie_tcp@kubernetes.default.svc.cluster.local jessie_udp@PodARecord jessie_tcp@PodARecord]&#xA;&#xA;Aug 27 11:09:20.631: INFO: Unable to read wheezy_udp@kubernetes.default.svc.cluster.local from pod dns-4105/dns-test-10bbd84e-02d7-4474-bf12-23fd8be27e37: the server could not find the requested resource (get pods dns-test-10bbd84e-02d7-4474-bf12-23fd8be27e37)&#xA;Aug 27 11:09:20.638: INFO: Unable to read wheezy_tcp@kubernetes.default.svc.cluster.local from pod dns-4105/dns-test-10bbd84e-02d7-4474-bf12-23fd8be27e37: the server could not find the requested resource (get pods dns-test-10bbd84e-02d7-4474-bf12-23fd8be27e37)&#xA;Aug 27 11:09:20.654: INFO: Unable to read wheezy_udp@PodARecord from pod dns-4105/dns-test-10bbd84e-02d7-4474-bf12-23fd8be27e37: the server could not find the requested resource (get pods dns-test-10bbd84e-02d7-4474-bf12-23fd8be27e37)&#xA;Aug 27 11:09:20.660: INFO: Unable to read wheezy_tcp@PodARecord from pod dns-4105/dns-test-10bbd84e-02d7-4474-bf12-23fd8be27e37: the server could not find the requested resource (get pods dns-test-10bbd84e-02d7-4474-bf12-23fd8be27e37)&#xA;Aug 27 11:09:20.667: INFO: Unable to read jessie_udp@kubernetes.default.svc.cluster.local from pod dns-4105/dns-test-10bbd84e-02d7-4474-bf12-23fd8be27e37: the server could not find the requested resource (get pods dns-test-10bbd84e-02d7-4474-bf12-23fd8be27e37)&#xA;Aug 27 11:09:20.673: INFO: Unable to read jessie_tcp@kubernetes.default.svc.cluster.local from pod dns-4105/dns-test-10bbd84e-02d7-4474-bf12-23fd8be27e37: the server could not find the requested resource (get pods dns-test-10bbd84e-02d7-4474-bf12-23fd8be27e37)&#xA;Aug 27 11:09:20.679: INFO: Unable to read jessie_udp@PodARecord from pod dns-4105/dns-test-10bbd84e-02d7-4474-bf12-23fd8be27e37: the server could not find the requested resource (get pods dns-test-10bbd84e-02d7-4474-bf12-23fd8be27e37)&#xA;Aug 27 11:09:20.684: INFO: Unable to read jessie_tcp@PodARecord from pod dns-4105/dns-test-10bbd84e-02d7-4474-bf12-23fd8be27e37: the server could not find the requested resource (get pods dns-test-10bbd84e-02d7-4474-bf12-23fd8be27e37)&#xA;Aug 27 11:09:20.684: INFO: Lookups using dns-4105/dns-test-10bbd84e-02d7-4474-bf12-23fd8be27e37 failed for: [wheezy_udp@kubernetes.default.svc.cluster.local wheezy_tcp@kubernetes.default.svc.cluster.local wheezy_udp@PodARecord wheezy_tcp@PodARecord jessie_udp@kubernetes.default.svc.cluster.local jessie_tcp@kubernetes.default.svc.cluster.local jessie_udp@PodARecord jessie_tcp@PodARecord]&#xA;&#xA;Aug 27 11:09:25.646: INFO: Unable to read wheezy_udp@kubernetes.default.svc.cluster.local from pod dns-4105/dns-test-10bbd84e-02d7-4474-bf12-23fd8be27e37: the server could not find the requested resource (get pods dns-test-10bbd84e-02d7-4474-bf12-23fd8be27e37)&#xA;Aug 27 11:09:25.657: INFO: Unable to read wheezy_tcp@kubernetes.default.svc.cluster.local from pod dns-4105/dns-test-10bbd84e-02d7-4474-bf12-23fd8be27e37: the server could not find the requested resource (get pods dns-test-10bbd84e-02d7-4474-bf12-23fd8be27e37)&#xA;Aug 27 11:09:25.661: INFO: Unable to read wheezy_udp@PodARecord from pod dns-4105/dns-test-10bbd84e-02d7-4474-bf12-23fd8be27e37: the server could not find the requested resource (get pods dns-test-10bbd84e-02d7-4474-bf12-23fd8be27e37)&#xA;Aug 27 11:09:25.666: INFO: Unable to read wheezy_tcp@PodARecord from pod dns-4105/dns-test-10bbd84e-02d7-4474-bf12-23fd8be27e37: the server could not find the requested resource (get pods dns-test-10bbd84e-02d7-4474-bf12-23fd8be27e37)&#xA;Aug 27 11:09:25.675: INFO: Unable to read jessie_udp@kubernetes.default.svc.cluster.local from pod dns-4105/dns-test-10bbd84e-02d7-4474-bf12-23fd8be27e37: the server could not find the requested resource (get pods dns-test-10bbd84e-02d7-4474-bf12-23fd8be27e37)&#xA;Aug 27 11:09:25.683: INFO: Unable to read jessie_tcp@kubernetes.default.svc.cluster.local from pod dns-4105/dns-test-10bbd84e-02d7-4474-bf12-23fd8be27e37: the server could not find the requested resource (get pods dns-test-10bbd84e-02d7-4474-bf12-23fd8be27e37)&#xA;Aug 27 11:09:25.687: INFO: Unable to read jessie_udp@PodARecord from pod dns-4105/dns-test-10bbd84e-02d7-4474-bf12-23fd8be27e37: the server could not find the requested resource (get pods dns-test-10bbd84e-02d7-4474-bf12-23fd8be27e37)&#xA;Aug 27 11:09:25.691: INFO: Unable to read jessie_tcp@PodARecord from pod dns-4105/dns-test-10bbd84e-02d7-4474-bf12-23fd8be27e37: the server could not find the requested resource (get pods dns-test-10bbd84e-02d7-4474-bf12-23fd8be27e37)&#xA;Aug 27 11:09:25.691: INFO: Lookups using dns-4105/dns-test-10bbd84e-02d7-4474-bf12-23fd8be27e37 failed for: [wheezy_udp@kubernetes.default.svc.cluster.local wheezy_tcp@kubernetes.default.svc.cluster.local wheezy_udp@PodARecord wheezy_tcp@PodARecord jessie_udp@kubernetes.default.svc.cluster.local jessie_tcp@kubernetes.default.svc.cluster.local jessie_udp@PodARecord jessie_tcp@PodARecord]&#xA;&#xA;Aug 27 11:09:30.629: INFO: Unable to read wheezy_udp@kubernetes.default.svc.cluster.local from pod dns-4105/dns-test-10bbd84e-02d7-4474-bf12-23fd8be27e37: the server could not find the requested resource (get pods dns-test-10bbd84e-02d7-4474-bf12-23fd8be27e37)&#xA;Aug 27 11:09:30.633: INFO: Unable to read wheezy_tcp@kubernetes.default.svc.cluster.local from pod dns-4105/dns-test-10bbd84e-02d7-4474-bf12-23fd8be27e37: the server could not find the requested resource (get pods dns-test-10bbd84e-02d7-4474-bf12-23fd8be27e37)&#xA;Aug 27 11:09:30.640: INFO: Unable to read wheezy_udp@PodARecord from pod dns-4105/dns-test-10bbd84e-02d7-4474-bf12-23fd8be27e37: the server could not find the requested resource (get pods dns-test-10bbd84e-02d7-4474-bf12-23fd8be27e37)&#xA;Aug 27 11:09:30.647: INFO: Unable to read wheezy_tcp@PodARecord from pod dns-4105/dns-test-10bbd84e-02d7-4474-bf12-23fd8be27e37: the server could not find the requested resource (get pods dns-test-10bbd84e-02d7-4474-bf12-23fd8be27e37)&#xA;Aug 27 11:09:30.654: INFO: Unable to read jessie_udp@kubernetes.default.svc.cluster.local from pod dns-4105/dns-test-10bbd84e-02d7-4474-bf12-23fd8be27e37: the server could not find the requested resource (get pods dns-test-10bbd84e-02d7-4474-bf12-23fd8be27e37)&#xA;Aug 27 11:09:30.659: INFO: Unable to read jessie_tcp@kubernetes.default.svc.cluster.local from pod dns-4105/dns-test-10bbd84e-02d7-4474-bf12-23fd8be27e37: the server could not find the requested resource (get pods dns-test-10bbd84e-02d7-4474-bf12-23fd8be27e37)&#xA;Aug 27 11:09:30.664: INFO: Unable to read jessie_udp@PodARecord from pod dns-4105/dns-test-10bbd84e-02d7-4474-bf12-23fd8be27e37: the server could not find the requested resource (get pods dns-test-10bbd84e-02d7-4474-bf12-23fd8be27e37)&#xA;Aug 27 11:09:30.668: INFO: Unable to read jessie_tcp@PodARecord from pod dns-4105/dns-test-10bbd84e-02d7-4474-bf12-23fd8be27e37: the server could not find the requested resource (get pods dns-test-10bbd84e-02d7-4474-bf12-23fd8be27e37)&#xA;Aug 27 11:09:30.669: INFO: Lookups using dns-4105/dns-test-10bbd84e-02d7-4474-bf12-23fd8be27e37 failed for: [wheezy_udp@kubernetes.default.svc.cluster.local wheezy_tcp@kubernetes.default.svc.cluster.local wheezy_udp@PodARecord wheezy_tcp@PodARecord jessie_udp@kubernetes.default.svc.cluster.local jessie_tcp@kubernetes.default.svc.cluster.local jessie_udp@PodARecord jessie_tcp@PodARecord]&#xA;&#xA;Aug 27 11:09:35.631: INFO: Unable to read wheezy_udp@kubernetes.default.svc.cluster.local from pod dns-4105/dns-test-10bbd84e-02d7-4474-bf12-23fd8be27e37: the server could not find the requested resource (get pods dns-test-10bbd84e-02d7-4474-bf12-23fd8be27e37)&#xA;Aug 27 11:09:35.635: INFO: Unable to read wheezy_tcp@kubernetes.default.svc.cluster.local from pod dns-4105/dns-test-10bbd84e-02d7-4474-bf12-23fd8be27e37: the server could not find the requested resource (get pods dns-test-10bbd84e-02d7-4474-bf12-23fd8be27e37)&#xA;Aug 27 11:09:35.639: INFO: Unable to read wheezy_udp@PodARecord from pod dns-4105/dns-test-10bbd84e-02d7-4474-bf12-23fd8be27e37: the server could not find the requested resource (get pods dns-test-10bbd84e-02d7-4474-bf12-23fd8be27e37)&#xA;Aug 27 11:09:35.642: INFO: Unable to read wheezy_tcp@PodARecord from pod dns-4105/dns-test-10bbd84e-02d7-4474-bf12-23fd8be27e37: the server could not find the requested resource (get pods dns-test-10bbd84e-02d7-4474-bf12-23fd8be27e37)&#xA;Aug 27 11:09:35.646: INFO: Unable to read jessie_udp@kubernetes.default.svc.cluster.local from pod dns-4105/dns-test-10bbd84e-02d7-4474-bf12-23fd8be27e37: the server could not find the requested resource (get pods dns-test-10bbd84e-02d7-4474-bf12-23fd8be27e37)&#xA;Aug 27 11:09:35.649: INFO: Unable to read jessie_tcp@kubernetes.default.svc.cluster.local from pod dns-4105/dns-test-10bbd84e-02d7-4474-bf12-23fd8be27e37: the server could not find the requested resource (get pods dns-test-10bbd84e-02d7-4474-bf12-23fd8be27e37)&#xA;Aug 27 11:09:35.653: INFO: Unable to read jessie_udp@PodARecord from pod dns-4105/dns-test-10bbd84e-02d7-4474-bf12-23fd8be27e37: the server could not find the requested resource (get pods dns-test-10bbd84e-02d7-4474-bf12-23fd8be27e37)&#xA;Aug 27 11:09:35.656: INFO: Unable to read jessie_tcp@PodARecord from pod dns-4105/dns-test-10bbd84e-02d7-4474-bf12-23fd8be27e37: the server could not find the requested resource (get pods dns-test-10bbd84e-02d7-4474-bf12-23fd8be27e37)&#xA;Aug 27 11:09:35.657: INFO: Lookups using dns-4105/dns-test-10bbd84e-02d7-4474-bf12-23fd8be27e37 failed for: [wheezy_udp@kubernetes.default.svc.cluster.local wheezy_tcp@kubernetes.default.svc.cluster.local wheezy_udp@PodARecord wheezy_tcp@PodARecord jessie_udp@kubernetes.default.svc.cluster.local jessie_tcp@kubernetes.default.svc.cluster.local jessie_udp@PodARecord jessie_tcp@PodARecord]&#xA;&#xA;Aug 27 11:09:40.631: INFO: Unable to read wheezy_udp@kubernetes.default.svc.cluster.local from pod dns-4105/dns-test-10bbd84e-02d7-4474-bf12-23fd8be27e37: the server could not find the requested resource (get pods dns-test-10bbd84e-02d7-4474-bf12-23fd8be27e37)&#xA;Aug 27 11:09:40.635: INFO: Unable to read wheezy_tcp@kubernetes.default.svc.cluster.local from pod dns-4105/dns-test-10bbd84e-02d7-4474-bf12-23fd8be27e37: the server could not find the requested resource (get pods dns-test-10bbd84e-02d7-4474-bf12-23fd8be27e37)&#xA;Aug 27 11:09:40.640: INFO: Unable to read wheezy_udp@PodARecord from pod dns-4105/dns-test-10bbd84e-02d7-4474-bf12-23fd8be27e37: the server could not find the requested resource (get pods dns-test-10bbd84e-02d7-4474-bf12-23fd8be27e37)&#xA;Aug 27 11:09:40.644: INFO: Unable to read wheezy_tcp@PodARecord from pod dns-4105/dns-test-10bbd84e-02d7-4474-bf12-23fd8be27e37: the server could not find the requested resource (get pods dns-test-10bbd84e-02d7-4474-bf12-23fd8be27e37)&#xA;Aug 27 11:09:40.648: INFO: Unable to read jessie_udp@kubernetes.default.svc.cluster.local from pod dns-4105/dns-test-10bbd84e-02d7-4474-bf12-23fd8be27e37: the server could not find the requested resource (get pods dns-test-10bbd84e-02d7-4474-bf12-23fd8be27e37)&#xA;Aug 27 11:09:40.659: INFO: Unable to read jessie_tcp@kubernetes.default.svc.cluster.local from pod dns-4105/dns-test-10bbd84e-02d7-4474-bf12-23fd8be27e37: the server could not find the requested resource (get pods dns-test-10bbd84e-02d7-4474-bf12-23fd8be27e37)&#xA;Aug 27 11:09:40.664: INFO: Unable to read jessie_udp@PodARecord from pod dns-4105/dns-test-10bbd84e-02d7-4474-bf12-23fd8be27e37: the server could not find the requested resource (get pods dns-test-10bbd84e-02d7-4474-bf12-23fd8be27e37)&#xA;Aug 27 11:09:40.668: INFO: Unable to read jessie_tcp@PodARecord from pod dns-4105/dns-test-10bbd84e-02d7-4474-bf12-23fd8be27e37: the server could not find the requested resource (get pods dns-test-10bbd84e-02d7-4474-bf12-23fd8be27e37)&#xA;Aug 27 11:09:40.668: INFO: Lookups using dns-4105/dns-test-10bbd84e-02d7-4474-bf12-23fd8be27e37 failed for: [wheezy_udp@kubernetes.default.svc.cluster.local wheezy_tcp@kubernetes.default.svc.cluster.local wheezy_udp@PodARecord wheezy_tcp@PodARecord jessie_udp@kubernetes.default.svc.cluster.local jessie_tcp@kubernetes.default.svc.cluster.local jessie_udp@PodARecord jessie_tcp@PodARecord]&#xA;&#xA;Aug 27 11:09:45.631: INFO: Unable to read wheezy_udp@kubernetes.default.svc.cluster.local from pod dns-4105/dns-test-10bbd84e-02d7-4474-bf12-23fd8be27e37: the server could not find the requested resource (get pods dns-test-10bbd84e-02d7-4474-bf12-23fd8be27e37)&#xA;Aug 27 11:09:45.650: INFO: Unable to read wheezy_tcp@kubernetes.default.svc.cluster.local from pod dns-4105/dns-test-10bbd84e-02d7-4474-bf12-23fd8be27e37: the server could not find the requested resource (get pods dns-test-10bbd84e-02d7-4474-bf12-23fd8be27e37)&#xA;Aug 27 11:09:45.654: INFO: Unable to read wheezy_udp@PodARecord from pod dns-4105/dns-test-10bbd84e-02d7-4474-bf12-23fd8be27e37: the server could not find the requested resource (get pods dns-test-10bbd84e-02d7-4474-bf12-23fd8be27e37)&#xA;Aug 27 11:09:45.658: INFO: Unable to read wheezy_tcp@PodARecord from pod dns-4105/dns-test-10bbd84e-02d7-4474-bf12-23fd8be27e37: the server could not find the requested resource (get pods dns-test-10bbd84e-02d7-4474-bf12-23fd8be27e37)&#xA;Aug 27 11:09:45.663: INFO: Unable to read jessie_udp@kubernetes.default.svc.cluster.local from pod dns-4105/dns-test-10bbd84e-02d7-4474-bf12-23fd8be27e37: the server could not find the requested resource (get pods dns-test-10bbd84e-02d7-4474-bf12-23fd8be27e37)&#xA;Aug 27 11:09:45.670: INFO: Unable to read jessie_tcp@kubernetes.default.svc.cluster.local from pod dns-4105/dns-test-10bbd84e-02d7-4474-bf12-23fd8be27e37: the server could not find the requested resource (get pods dns-test-10bbd84e-02d7-4474-bf12-23fd8be27e37)&#xA;Aug 27 11:09:45.684: INFO: Unable to read jessie_udp@PodARecord from pod dns-4105/dns-test-10bbd84e-02d7-4474-bf12-23fd8be27e37: the server could not find the requested resource (get pods dns-test-10bbd84e-02d7-4474-bf12-23fd8be27e37)&#xA;Aug 27 11:09:45.697: INFO: Unable to read jessie_tcp@PodARecord from pod dns-4105/dns-test-10bbd84e-02d7-4474-bf12-23fd8be27e37: the server could not find the requested resource (get pods dns-test-10bbd84e-02d7-4474-bf12-23fd8be27e37)&#xA;Aug 27 11:09:45.697: INFO: Lookups using dns-4105/dns-test-10bbd84e-02d7-4474-bf12-23fd8be27e37 failed for: [wheezy_udp@kubernetes.default.svc.cluster.local wheezy_tcp@kubernetes.default.svc.cluster.local wheezy_udp@PodARecord wheezy_tcp@PodARecord jessie_udp@kubernetes.default.svc.cluster.local jessie_tcp@kubernetes.default.svc.cluster.local jessie_udp@PodARecord jessie_tcp@PodARecord]&#xA;&#xA;Aug 27 11:09:50.636: INFO: Unable to read wheezy_udp@kubernetes.default.svc.cluster.local from pod dns-4105/dns-test-10bbd84e-02d7-4474-bf12-23fd8be27e37: the server could not find the requested resource (get pods dns-test-10bbd84e-02d7-4474-bf12-23fd8be27e37)&#xA;Aug 27 11:09:50.641: INFO: Unable to read wheezy_tcp@kubernetes.default.svc.cluster.local from pod dns-4105/dns-test-10bbd84e-02d7-4474-bf12-23fd8be27e37: the server could not find the requested resource (get pods dns-test-10bbd84e-02d7-4474-bf12-23fd8be27e37)&#xA;Aug 27 11:09:50.644: INFO: Unable to read wheezy_udp@PodARecord from pod dns-4105/dns-test-10bbd84e-02d7-4474-bf12-23fd8be27e37: the server could not find the requested resource (get pods dns-test-10bbd84e-02d7-4474-bf12-23fd8be27e37)&#xA;Aug 27 11:09:50.648: INFO: Unable to read wheezy_tcp@PodARecord from pod dns-4105/dns-test-10bbd84e-02d7-4474-bf12-23fd8be27e37: the server could not find the requested resource (get pods dns-test-10bbd84e-02d7-4474-bf12-23fd8be27e37)&#xA;Aug 27 11:09:50.652: INFO: Unable to read jessie_udp@kubernetes.default.svc.cluster.local from pod dns-4105/dns-test-10bbd84e-02d7-4474-bf12-23fd8be27e37: the server could not find the requested resource (get pods dns-test-10bbd84e-02d7-4474-bf12-23fd8be27e37)&#xA;Aug 27 11:09:50.656: INFO: Unable to read jessie_tcp@kubernetes.default.svc.cluster.local from pod dns-4105/dns-test-10bbd84e-02d7-4474-bf12-23fd8be27e37: the server could not find the requested resource (get pods dns-test-10bbd84e-02d7-4474-bf12-23fd8be27e37)&#xA;Aug 27 11:09:50.666: INFO: Unable to read jessie_udp@PodARecord from pod dns-4105/dns-test-10bbd84e-02d7-4474-bf12-23fd8be27e37: the server could not find the requested resource (get pods dns-test-10bbd84e-02d7-4474-bf12-23fd8be27e37)&#xA;Aug 27 11:09:50.669: INFO: Unable to read jessie_tcp@PodARecord from pod dns-4105/dns-test-10bbd84e-02d7-4474-bf12-23fd8be27e37: the server could not find the requested resource (get pods dns-test-10bbd84e-02d7-4474-bf12-23fd8be27e37)&#xA;Aug 27 11:09:50.669: INFO: Lookups using dns-4105/dns-test-10bbd84e-02d7-4474-bf12-23fd8be27e37 failed for: [wheezy_udp@kubernetes.default.svc.cluster.local wheezy_tcp@kubernetes.default.svc.cluster.local wheezy_udp@PodARecord wheezy_tcp@PodARecord jessie_udp@kubernetes.default.svc.cluster.local jessie_tcp@kubernetes.default.svc.cluster.local jessie_udp@PodARecord jessie_tcp@PodARecord]&#xA;&#xA;Aug 27 11:09:55.630: INFO: Unable to read wheezy_udp@kubernetes.default.svc.cluster.local from pod dns-4105/dns-test-10bbd84e-02d7-4474-bf12-23fd8be27e37: the server could not find the requested resource (get pods dns-test-10bbd84e-02d7-4474-bf12-23fd8be27e37)&#xA;Aug 27 11:09:55.637: INFO: Unable to read wheezy_tcp@kubernetes.default.svc.cluster.local from pod dns-4105/dns-test-10bbd84e-02d7-4474-bf12-23fd8be27e37: the server could not find the requested resource (get pods dns-test-10bbd84e-02d7-4474-bf12-23fd8be27e37)&#xA;Aug 27 11:09:55.641: INFO: Unable to read wheezy_udp@PodARecord from pod dns-4105/dns-test-10bbd84e-02d7-4474-bf12-23fd8be27e37: the server could not find the requested resource (get pods dns-test-10bbd84e-02d7-4474-bf12-23fd8be27e37)&#xA;Aug 27 11:09:55.644: INFO: Unable to read wheezy_tcp@PodARecord from pod dns-4105/dns-test-10bbd84e-02d7-4474-bf12-23fd8be27e37: the server could not find the requested resource (get pods dns-test-10bbd84e-02d7-4474-bf12-23fd8be27e37)&#xA;Aug 27 11:09:55.648: INFO: Unable to read jessie_udp@kubernetes.default.svc.cluster.local from pod dns-4105/dns-test-10bbd84e-02d7-4474-bf12-23fd8be27e37: the server could not find the requested resource (get pods dns-test-10bbd84e-02d7-4474-bf12-23fd8be27e37)&#xA;Aug 27 11:09:55.656: INFO: Unable to read jessie_tcp@kubernetes.default.svc.cluster.local from pod dns-4105/dns-test-10bbd84e-02d7-4474-bf12-23fd8be27e37: the server could not find the requested resource (get pods dns-test-10bbd84e-02d7-4474-bf12-23fd8be27e37)&#xA;Aug 27 11:09:55.660: INFO: Unable to read jessie_udp@PodARecord from pod dns-4105/dns-test-10bbd84e-02d7-4474-bf12-23fd8be27e37: the server could not find the requested resource (get pods dns-test-10bbd84e-02d7-4474-bf12-23fd8be27e37)&#xA;Aug 27 11:09:55.663: INFO: Unable to read jessie_tcp@PodARecord from pod dns-4105/dns-test-10bbd84e-02d7-4474-bf12-23fd8be27e37: the server could not find the requested resource (get pods dns-test-10bbd84e-02d7-4474-bf12-23fd8be27e37)&#xA;Aug 27 11:09:55.664: INFO: Lookups using dns-4105/dns-test-10bbd84e-02d7-4474-bf12-23fd8be27e37 failed for: [wheezy_udp@kubernetes.default.svc.cluster.local wheezy_tcp@kubernetes.default.svc.cluster.local wheezy_udp@PodARecord wheezy_tcp@PodARecord jessie_udp@kubernetes.default.svc.cluster.local jessie_tcp@kubernetes.default.svc.cluster.local jessie_udp@PodARecord jessie_tcp@PodARecord]&#xA;&#xA;Aug 27 11:10:00.636: INFO: Unable to read wheezy_udp@kubernetes.default.svc.cluster.local from pod dns-4105/dns-test-10bbd84e-02d7-4474-bf12-23fd8be27e37: the server could not find the requested resource (get pods dns-test-10bbd84e-02d7-4474-bf12-23fd8be27e37)&#xA;Aug 27 11:10:00.643: INFO: Unable to read wheezy_tcp@kubernetes.default.svc.cluster.local from pod dns-4105/dns-test-10bbd84e-02d7-4474-bf12-23fd8be27e37: the server could not find the requested resource (get pods dns-test-10bbd84e-02d7-4474-bf12-23fd8be27e37)&#xA;Aug 27 11:10:00.646: INFO: Unable to read wheezy_udp@PodARecord from pod dns-4105/dns-test-10bbd84e-02d7-4474-bf12-23fd8be27e37: the server could not find the requested resource (get pods dns-test-10bbd84e-02d7-4474-bf12-23fd8be27e37)&#xA;Aug 27 11:10:00.650: INFO: Unable to read wheezy_tcp@PodARecord from pod dns-4105/dns-test-10bbd84e-02d7-4474-bf12-23fd8be27e37: the server could not find the requested resource (get pods dns-test-10bbd84e-02d7-4474-bf12-23fd8be27e37)&#xA;Aug 27 11:10:00.654: INFO: Unable to read jessie_udp@kubernetes.default.svc.cluster.local from pod dns-4105/dns-test-10bbd84e-02d7-4474-bf12-23fd8be27e37: the server could not find the requested resource (get pods dns-test-10bbd84e-02d7-4474-bf12-23fd8be27e37)&#xA;Aug 27 11:10:00.661: INFO: Unable to read jessie_tcp@kubernetes.default.svc.cluster.local from pod dns-4105/dns-test-10bbd84e-02d7-4474-bf12-23fd8be27e37: the server could not find the requested resource (get pods dns-test-10bbd84e-02d7-4474-bf12-23fd8be27e37)&#xA;Aug 27 11:10:00.665: INFO: Unable to read jessie_udp@PodARecord from pod dns-4105/dns-test-10bbd84e-02d7-4474-bf12-23fd8be27e37: the server could not find the requested resource (get pods dns-test-10bbd84e-02d7-4474-bf12-23fd8be27e37)&#xA;Aug 27 11:10:00.669: INFO: Unable to read jessie_tcp@PodARecord from pod dns-4105/dns-test-10bbd84e-02d7-4474-bf12-23fd8be27e37: the server could not find the requested resource (get pods dns-test-10bbd84e-02d7-4474-bf12-23fd8be27e37)&#xA;Aug 27 11:10:00.669: INFO: Lookups using dns-4105/dns-test-10bbd84e-02d7-4474-bf12-23fd8be27e37 failed for: [wheezy_udp@kubernetes.default.svc.cluster.local wheezy_tcp@kubernetes.default.svc.cluster.local wheezy_udp@PodARecord wheezy_tcp@PodARecord jessie_udp@kubernetes.default.svc.cluster.local jessie_tcp@kubernetes.default.svc.cluster.local jessie_udp@PodARecord jessie_tcp@PodARecord]&#xA;&#xA;Aug 27 11:10:05.639: INFO: Unable to read wheezy_udp@kubernetes.default.svc.cluster.local from pod dns-4105/dns-test-10bbd84e-02d7-4474-bf12-23fd8be27e37: the server could not find the requested resource (get pods dns-test-10bbd84e-02d7-4474-bf12-23fd8be27e37)&#xA;Aug 27 11:10:05.653: INFO: Unable to read wheezy_tcp@kubernetes.default.svc.cluster.local from pod dns-4105/dns-test-10bbd84e-02d7-4474-bf12-23fd8be27e37: the server could not find the requested resource (get pods dns-test-10bbd84e-02d7-4474-bf12-23fd8be27e37)&#xA;Aug 27 11:10:05.659: INFO: Unable to read wheezy_udp@PodARecord from pod dns-4105/dns-test-10bbd84e-02d7-4474-bf12-23fd8be27e37: the server could not find the requested resource (get pods dns-test-10bbd84e-02d7-4474-bf12-23fd8be27e37)&#xA;Aug 27 11:10:05.669: INFO: Unable to read wheezy_tcp@PodARecord from pod dns-4105/dns-test-10bbd84e-02d7-4474-bf12-23fd8be27e37: the server could not find the requested resource (get pods dns-test-10bbd84e-02d7-4474-bf12-23fd8be27e37)&#xA;Aug 27 11:10:05.675: INFO: Unable to read jessie_udp@kubernetes.default.svc.cluster.local from pod dns-4105/dns-test-10bbd84e-02d7-4474-bf12-23fd8be27e37: the server could not find the requested resource (get pods dns-test-10bbd84e-02d7-4474-bf12-23fd8be27e37)&#xA;Aug 27 11:10:05.679: INFO: Unable to read jessie_tcp@kubernetes.default.svc.cluster.local from pod dns-4105/dns-test-10bbd84e-02d7-4474-bf12-23fd8be27e37: the server could not find the requested resource (get pods dns-test-10bbd84e-02d7-4474-bf12-23fd8be27e37)&#xA;Aug 27 11:10:05.690: INFO: Unable to read jessie_udp@PodARecord from pod dns-4105/dns-test-10bbd84e-02d7-4474-bf12-23fd8be27e37: the server could not find the requested resource (get pods dns-test-10bbd84e-02d7-4474-bf12-23fd8be27e37)&#xA;Aug 27 11:10:05.706: INFO: Unable to read jessie_tcp@PodARecord from pod dns-4105/dns-test-10bbd84e-02d7-4474-bf12-23fd8be27e37: the server could not find the requested resource (get pods dns-test-10bbd84e-02d7-4474-bf12-23fd8be27e37)&#xA;Aug 27 11:10:05.706: INFO: Lookups using dns-4105/dns-test-10bbd84e-02d7-4474-bf12-23fd8be27e37 failed for: [wheezy_udp@kubernetes.default.svc.cluster.local wheezy_tcp@kubernetes.default.svc.cluster.local wheezy_udp@PodARecord wheezy_tcp@PodARecord jessie_udp@kubernetes.default.svc.cluster.local jessie_tcp@kubernetes.default.svc.cluster.local jessie_udp@PodARecord jessie_tcp@PodARecord]&#xA;&#xA;Aug 27 11:10:10.638: INFO: Unable to read wheezy_udp@kubernetes.default.svc.cluster.local from pod dns-4105/dns-test-10bbd84e-02d7-4474-bf12-23fd8be27e37: the server could not find the requested resource (get pods dns-test-10bbd84e-02d7-4474-bf12-23fd8be27e37)&#xA;Aug 27 11:10:10.647: INFO: Unable to read wheezy_tcp@kubernetes.default.svc.cluster.local from pod dns-4105/dns-test-10bbd84e-02d7-4474-bf12-23fd8be27e37: the server could not find the requested resource (get pods dns-test-10bbd84e-02d7-4474-bf12-23fd8be27e37)&#xA;Aug 27 11:10:10.658: INFO: Unable to read wheezy_udp@PodARecord from pod dns-4105/dns-test-10bbd84e-02d7-4474-bf12-23fd8be27e37: the server could not find the requested resource (get pods dns-test-10bbd84e-02d7-4474-bf12-23fd8be27e37)&#xA;Aug 27 11:10:10.662: INFO: Unable to read wheezy_tcp@PodARecord from pod dns-4105/dns-test-10bbd84e-02d7-4474-bf12-23fd8be27e37: the server could not find the requested resource (get pods dns-test-10bbd84e-02d7-4474-bf12-23fd8be27e37)&#xA;Aug 27 11:10:10.666: INFO: Unable to read jessie_udp@kubernetes.default.svc.cluster.local from pod dns-4105/dns-test-10bbd84e-02d7-4474-bf12-23fd8be27e37: the server could not find the requested resource (get pods dns-test-10bbd84e-02d7-4474-bf12-23fd8be27e37)&#xA;Aug 27 11:10:10.670: INFO: Unable to read jessie_tcp@kubernetes.default.svc.cluster.local from pod dns-4105/dns-test-10bbd84e-02d7-4474-bf12-23fd8be27e37: the server could not find the requested resource (get pods dns-test-10bbd84e-02d7-4474-bf12-23fd8be27e37)&#xA;Aug 27 11:10:10.681: INFO: Unable to read jessie_udp@PodARecord from pod dns-4105/dns-test-10bbd84e-02d7-4474-bf12-23fd8be27e37: the server could not find the requested resource (get pods dns-test-10bbd84e-02d7-4474-bf12-23fd8be27e37)&#xA;Aug 27 11:10:10.686: INFO: Unable to read jessie_tcp@PodARecord from pod dns-4105/dns-test-10bbd84e-02d7-4474-bf12-23fd8be27e37: the server could not find the requested resource (get pods dns-test-10bbd84e-02d7-4474-bf12-23fd8be27e37)&#xA;Aug 27 11:10:10.687: INFO: Lookups using dns-4105/dns-test-10bbd84e-02d7-4474-bf12-23fd8be27e37 failed for: [wheezy_udp@kubernetes.default.svc.cluster.local wheezy_tcp@kubernetes.default.svc.cluster.local wheezy_udp@PodARecord wheezy_tcp@PodARecord jessie_udp@kubernetes.default.svc.cluster.local jessie_tcp@kubernetes.default.svc.cluster.local jessie_udp@PodARecord jessie_tcp@PodARecord]&#xA;&#xA;Aug 27 11:10:15.647: INFO: Unable to read wheezy_udp@kubernetes.default.svc.cluster.local from pod dns-4105/dns-test-10bbd84e-02d7-4474-bf12-23fd8be27e37: the server could not find the requested resource (get pods dns-test-10bbd84e-02d7-4474-bf12-23fd8be27e37)&#xA;Aug 27 11:10:15.654: INFO: Unable to read wheezy_tcp@kubernetes.default.svc.cluster.local from pod dns-4105/dns-test-10bbd84e-02d7-4474-bf12-23fd8be27e37: the server could not find the requested resource (get pods dns-test-10bbd84e-02d7-4474-bf12-23fd8be27e37)&#xA;Aug 27 11:10:15.657: INFO: Unable to read wheezy_udp@PodARecord from pod dns-4105/dns-test-10bbd84e-02d7-4474-bf12-23fd8be27e37: the server could not find the requested resource (get pods dns-test-10bbd84e-02d7-4474-bf12-23fd8be27e37)&#xA;Aug 27 11:10:15.662: INFO: Unable to read wheezy_tcp@PodARecord from pod dns-4105/dns-test-10bbd84e-02d7-4474-bf12-23fd8be27e37: the server could not find the requested resource (get pods dns-test-10bbd84e-02d7-4474-bf12-23fd8be27e37)&#xA;Aug 27 11:10:15.666: INFO: Unable to read jessie_udp@kubernetes.default.svc.cluster.local from pod dns-4105/dns-test-10bbd84e-02d7-4474-bf12-23fd8be27e37: the server could not find the requested resource (get pods dns-test-10bbd84e-02d7-4474-bf12-23fd8be27e37)&#xA;Aug 27 11:10:15.677: INFO: Unable to read jessie_tcp@kubernetes.default.svc.cluster.local from pod dns-4105/dns-test-10bbd84e-02d7-4474-bf12-23fd8be27e37: the server could not find the requested resource (get pods dns-test-10bbd84e-02d7-4474-bf12-23fd8be27e37)&#xA;Aug 27 11:10:15.687: INFO: Unable to read jessie_udp@PodARecord from pod dns-4105/dns-test-10bbd84e-02d7-4474-bf12-23fd8be27e37: the server could not find the requested resource (get pods dns-test-10bbd84e-02d7-4474-bf12-23fd8be27e37)&#xA;Aug 27 11:10:15.691: INFO: Unable to read jessie_tcp@PodARecord from pod dns-4105/dns-test-10bbd84e-02d7-4474-bf12-23fd8be27e37: the server could not find the requested resource (get pods dns-test-10bbd84e-02d7-4474-bf12-23fd8be27e37)&#xA;Aug 27 11:10:15.691: INFO: Lookups using dns-4105/dns-test-10bbd84e-02d7-4474-bf12-23fd8be27e37 failed for: [wheezy_udp@kubernetes.default.svc.cluster.local wheezy_tcp@kubernetes.default.svc.cluster.local wheezy_udp@PodARecord wheezy_tcp@PodARecord jessie_udp@kubernetes.default.svc.cluster.local jessie_tcp@kubernetes.default.svc.cluster.local jessie_udp@PodARecord jessie_tcp@PodARecord]&#xA;&#xA;Aug 27 11:10:20.632: INFO: Unable to read wheezy_udp@kubernetes.default.svc.cluster.local from pod dns-4105/dns-test-10bbd84e-02d7-4474-bf12-23fd8be27e37: the server could not find the requested resource (get pods dns-test-10bbd84e-02d7-4474-bf12-23fd8be27e37)&#xA;Aug 27 11:10:20.635: INFO: Unable to read wheezy_tcp@kubernetes.default.svc.cluster.local from pod dns-4105/dns-test-10bbd84e-02d7-4474-bf12-23fd8be27e37: the server could not find the requested resource (get pods dns-test-10bbd84e-02d7-4474-bf12-23fd8be27e37)&#xA;Aug 27 11:10:20.637: INFO: Unable to read wheezy_udp@PodARecord from pod dns-4105/dns-test-10bbd84e-02d7-4474-bf12-23fd8be27e37: the server could not find the requested resource (get pods dns-test-10bbd84e-02d7-4474-bf12-23fd8be27e37)&#xA;Aug 27 11:10:20.640: INFO: Unable to read wheezy_tcp@PodARecord from pod dns-4105/dns-test-10bbd84e-02d7-4474-bf12-23fd8be27e37: the server could not find the requested resource (get pods dns-test-10bbd84e-02d7-4474-bf12-23fd8be27e37)&#xA;Aug 27 11:10:20.643: INFO: Unable to read jessie_udp@kubernetes.default.svc.cluster.local from pod dns-4105/dns-test-10bbd84e-02d7-4474-bf12-23fd8be27e37: the server could not find the requested resource (get pods dns-test-10bbd84e-02d7-4474-bf12-23fd8be27e37)&#xA;Aug 27 11:10:20.646: INFO: Unable to read jessie_tcp@kubernetes.default.svc.cluster.local from pod dns-4105/dns-test-10bbd84e-02d7-4474-bf12-23fd8be27e37: the server could not find the requested resource (get pods dns-test-10bbd84e-02d7-4474-bf12-23fd8be27e37)&#xA;Aug 27 11:10:20.649: INFO: Unable to read jessie_udp@PodARecord from pod dns-4105/dns-test-10bbd84e-02d7-4474-bf12-23fd8be27e37: the server could not find the requested resource (get pods dns-test-10bbd84e-02d7-4474-bf12-23fd8be27e37)&#xA;Aug 27 11:10:20.652: INFO: Unable to read jessie_tcp@PodARecord from pod dns-4105/dns-test-10bbd84e-02d7-4474-bf12-23fd8be27e37: the server could not find the requested resource (get pods dns-test-10bbd84e-02d7-4474-bf12-23fd8be27e37)&#xA;Aug 27 11:10:20.652: INFO: Lookups using dns-4105/dns-test-10bbd84e-02d7-4474-bf12-23fd8be27e37 failed for: [wheezy_udp@kubernetes.default.svc.cluster.local wheezy_tcp@kubernetes.default.svc.cluster.local wheezy_udp@PodARecord wheezy_tcp@PodARecord jessie_udp@kubernetes.default.svc.cluster.local jessie_tcp@kubernetes.default.svc.cluster.local jessie_udp@PodARecord jessie_tcp@PodARecord]&#xA;&#xA;Aug 27 11:10:25.630: INFO: Unable to read wheezy_udp@kubernetes.default.svc.cluster.local from pod dns-4105/dns-test-10bbd84e-02d7-4474-bf12-23fd8be27e37: the server could not find the requested resource (get pods dns-test-10bbd84e-02d7-4474-bf12-23fd8be27e37)&#xA;Aug 27 11:10:25.633: INFO: Unable to read wheezy_tcp@kubernetes.default.svc.cluster.local from pod dns-4105/dns-test-10bbd84e-02d7-4474-bf12-23fd8be27e37: the server could not find the requested resource (get pods dns-test-10bbd84e-02d7-4474-bf12-23fd8be27e37)&#xA;Aug 27 11:10:25.637: INFO: Unable to read wheezy_udp@PodARecord from pod dns-4105/dns-test-10bbd84e-02d7-4474-bf12-23fd8be27e37: the server could not find the requested resource (get pods dns-test-10bbd84e-02d7-4474-bf12-23fd8be27e37)&#xA;Aug 27 11:10:25.640: INFO: Unable to read wheezy_tcp@PodARecord from pod dns-4105/dns-test-10bbd84e-02d7-4474-bf12-23fd8be27e37: the server could not find the requested resource (get pods dns-test-10bbd84e-02d7-4474-bf12-23fd8be27e37)&#xA;Aug 27 11:10:25.643: INFO: Unable to read jessie_udp@kubernetes.default.svc.cluster.local from pod dns-4105/dns-test-10bbd84e-02d7-4474-bf12-23fd8be27e37: the server could not find the requested resource (get pods dns-test-10bbd84e-02d7-4474-bf12-23fd8be27e37)&#xA;Aug 27 11:10:25.646: INFO: Unable to read jessie_tcp@kubernetes.default.svc.cluster.local from pod dns-4105/dns-test-10bbd84e-02d7-4474-bf12-23fd8be27e37: the server could not find the requested resource (get pods dns-test-10bbd84e-02d7-4474-bf12-23fd8be27e37)&#xA;Aug 27 11:10:25.649: INFO: Unable to read jessie_udp@PodARecord from pod dns-4105/dns-test-10bbd84e-02d7-4474-bf12-23fd8be27e37: the server could not find the requested resource (get pods dns-test-10bbd84e-02d7-4474-bf12-23fd8be27e37)&#xA;Aug 27 11:10:25.653: INFO: Unable to read jessie_tcp@PodARecord from pod dns-4105/dns-test-10bbd84e-02d7-4474-bf12-23fd8be27e37: the server could not find the requested resource (get pods dns-test-10bbd84e-02d7-4474-bf12-23fd8be27e37)&#xA;Aug 27 11:10:25.653: INFO: Lookups using dns-4105/dns-test-10bbd84e-02d7-4474-bf12-23fd8be27e37 failed for: [wheezy_udp@kubernetes.default.svc.cluster.local wheezy_tcp@kubernetes.default.svc.cluster.local wheezy_udp@PodARecord wheezy_tcp@PodARecord jessie_udp@kubernetes.default.svc.cluster.local jessie_tcp@kubernetes.default.svc.cluster.local jessie_udp@PodARecord jessie_tcp@PodARecord]&#xA;&#xA;Aug 27 11:10:30.645: INFO: Unable to read wheezy_udp@kubernetes.default.svc.cluster.local from pod dns-4105/dns-test-10bbd84e-02d7-4474-bf12-23fd8be27e37: the server could not find the requested resource (get pods dns-test-10bbd84e-02d7-4474-bf12-23fd8be27e37)&#xA;Aug 27 11:10:30.663: INFO: Unable to read wheezy_tcp@kubernetes.default.svc.cluster.local from pod dns-4105/dns-test-10bbd84e-02d7-4474-bf12-23fd8be27e37: the server could not find the requested resource (get pods dns-test-10bbd84e-02d7-4474-bf12-23fd8be27e37)&#xA;Aug 27 11:10:30.669: INFO: Unable to read wheezy_udp@PodARecord from pod dns-4105/dns-test-10bbd84e-02d7-4474-bf12-23fd8be27e37: the server could not find the requested resource (get pods dns-test-10bbd84e-02d7-4474-bf12-23fd8be27e37)&#xA;Aug 27 11:10:30.680: INFO: Unable to read wheezy_tcp@PodARecord from pod dns-4105/dns-test-10bbd84e-02d7-4474-bf12-23fd8be27e37: the server could not find the requested resource (get pods dns-test-10bbd84e-02d7-4474-bf12-23fd8be27e37)&#xA;Aug 27 11:10:30.690: INFO: Unable to read jessie_udp@kubernetes.default.svc.cluster.local from pod dns-4105/dns-test-10bbd84e-02d7-4474-bf12-23fd8be27e37: the server could not find the requested resource (get pods dns-test-10bbd84e-02d7-4474-bf12-23fd8be27e37)&#xA;Aug 27 11:10:30.695: INFO: Unable to read jessie_tcp@kubernetes.default.svc.cluster.local from pod dns-4105/dns-test-10bbd84e-02d7-4474-bf12-23fd8be27e37: the server could not find the requested resource (get pods dns-test-10bbd84e-02d7-4474-bf12-23fd8be27e37)&#xA;Aug 27 11:10:30.700: INFO: Unable to read jessie_udp@PodARecord from pod dns-4105/dns-test-10bbd84e-02d7-4474-bf12-23fd8be27e37: the server could not find the requested resource (get pods dns-test-10bbd84e-02d7-4474-bf12-23fd8be27e37)&#xA;Aug 27 11:10:30.705: INFO: Unable to read jessie_tcp@PodARecord from pod dns-4105/dns-test-10bbd84e-02d7-4474-bf12-23fd8be27e37: the server could not find the requested resource (get pods dns-test-10bbd84e-02d7-4474-bf12-23fd8be27e37)&#xA;Aug 27 11:10:30.705: INFO: Lookups using dns-4105/dns-test-10bbd84e-02d7-4474-bf12-23fd8be27e37 failed for: [wheezy_udp@kubernetes.default.svc.cluster.local wheezy_tcp@kubernetes.default.svc.cluster.local wheezy_udp@PodARecord wheezy_tcp@PodARecord jessie_udp@kubernetes.default.svc.cluster.local jessie_tcp@kubernetes.default.svc.cluster.local jessie_udp@PodARecord jessie_tcp@PodARecord]&#xA;&#xA;Aug 27 11:10:35.639: INFO: Unable to read wheezy_udp@kubernetes.default.svc.cluster.local from pod dns-4105/dns-test-10bbd84e-02d7-4474-bf12-23fd8be27e37: the server could not find the requested resource (get pods dns-test-10bbd84e-02d7-4474-bf12-23fd8be27e37)&#xA;Aug 27 11:10:35.644: INFO: Unable to read wheezy_tcp@kubernetes.default.svc.cluster.local from pod dns-4105/dns-test-10bbd84e-02d7-4474-bf12-23fd8be27e37: the server could not find the requested resource (get pods dns-test-10bbd84e-02d7-4474-bf12-23fd8be27e37)&#xA;Aug 27 11:10:35.647: INFO: Unable to read wheezy_udp@PodARecord from pod dns-4105/dns-test-10bbd84e-02d7-4474-bf12-23fd8be27e37: the server could not find the requested resource (get pods dns-test-10bbd84e-02d7-4474-bf12-23fd8be27e37)&#xA;Aug 27 11:10:35.651: INFO: Unable to read wheezy_tcp@PodARecord from pod dns-4105/dns-test-10bbd84e-02d7-4474-bf12-23fd8be27e37: the server could not find the requested resource (get pods dns-test-10bbd84e-02d7-4474-bf12-23fd8be27e37)&#xA;Aug 27 11:10:35.655: INFO: Unable to read jessie_udp@kubernetes.default.svc.cluster.local from pod dns-4105/dns-test-10bbd84e-02d7-4474-bf12-23fd8be27e37: the server could not find the requested resource (get pods dns-test-10bbd84e-02d7-4474-bf12-23fd8be27e37)&#xA;Aug 27 11:10:35.659: INFO: Unable to read jessie_tcp@kubernetes.default.svc.cluster.local from pod dns-4105/dns-test-10bbd84e-02d7-4474-bf12-23fd8be27e37: the server could not find the requested resource (get pods dns-test-10bbd84e-02d7-4474-bf12-23fd8be27e37)&#xA;Aug 27 11:10:35.665: INFO: Unable to read jessie_udp@PodARecord from pod dns-4105/dns-test-10bbd84e-02d7-4474-bf12-23fd8be27e37: the server could not find the requested resource (get pods dns-test-10bbd84e-02d7-4474-bf12-23fd8be27e37)&#xA;Aug 27 11:10:35.669: INFO: Unable to read jessie_tcp@PodARecord from pod dns-4105/dns-test-10bbd84e-02d7-4474-bf12-23fd8be27e37: the server could not find the requested resource (get pods dns-test-10bbd84e-02d7-4474-bf12-23fd8be27e37)&#xA;Aug 27 11:10:35.670: INFO: Lookups using dns-4105/dns-test-10bbd84e-02d7-4474-bf12-23fd8be27e37 failed for: [wheezy_udp@kubernetes.default.svc.cluster.local wheezy_tcp@kubernetes.default.svc.cluster.local wheezy_udp@PodARecord wheezy_tcp@PodARecord jessie_udp@kubernetes.default.svc.cluster.local jessie_tcp@kubernetes.default.svc.cluster.local jessie_udp@PodARecord jessie_tcp@PodARecord]&#xA;&#xA;Aug 27 11:10:40.634: INFO: Unable to read wheezy_udp@kubernetes.default.svc.cluster.local from pod dns-4105/dns-test-10bbd84e-02d7-4474-bf12-23fd8be27e37: the server could not find the requested resource (get pods dns-test-10bbd84e-02d7-4474-bf12-23fd8be27e37)&#xA;Aug 27 11:10:40.640: INFO: Unable to read wheezy_tcp@kubernetes.default.svc.cluster.local from pod dns-4105/dns-test-10bbd84e-02d7-4474-bf12-23fd8be27e37: the server could not find the requested resource (get pods dns-test-10bbd84e-02d7-4474-bf12-23fd8be27e37)&#xA;Aug 27 11:10:40.649: INFO: Unable to read wheezy_udp@PodARecord from pod dns-4105/dns-test-10bbd84e-02d7-4474-bf12-23fd8be27e37: the server could not find the requested resource (get pods dns-test-10bbd84e-02d7-4474-bf12-23fd8be27e37)&#xA;Aug 27 11:10:40.657: INFO: Unable to read wheezy_tcp@PodARecord from pod dns-4105/dns-test-10bbd84e-02d7-4474-bf12-23fd8be27e37: the server could not find the requested resource (get pods dns-test-10bbd84e-02d7-4474-bf12-23fd8be27e37)&#xA;Aug 27 11:10:40.660: INFO: Unable to read jessie_udp@kubernetes.default.svc.cluster.local from pod dns-4105/dns-test-10bbd84e-02d7-4474-bf12-23fd8be27e37: the server could not find the requested resource (get pods dns-test-10bbd84e-02d7-4474-bf12-23fd8be27e37)&#xA;Aug 27 11:10:40.664: INFO: Unable to read jessie_tcp@kubernetes.default.svc.cluster.local from pod dns-4105/dns-test-10bbd84e-02d7-4474-bf12-23fd8be27e37: the server could not find the requested resource (get pods dns-test-10bbd84e-02d7-4474-bf12-23fd8be27e37)&#xA;Aug 27 11:10:40.669: INFO: Unable to read jessie_udp@PodARecord from pod dns-4105/dns-test-10bbd84e-02d7-4474-bf12-23fd8be27e37: the server could not find the requested resource (get pods dns-test-10bbd84e-02d7-4474-bf12-23fd8be27e37)&#xA;Aug 27 11:10:40.683: INFO: Unable to read jessie_tcp@PodARecord from pod dns-4105/dns-test-10bbd84e-02d7-4474-bf12-23fd8be27e37: the server could not find the requested resource (get pods dns-test-10bbd84e-02d7-4474-bf12-23fd8be27e37)&#xA;Aug 27 11:10:40.683: INFO: Lookups using dns-4105/dns-test-10bbd84e-02d7-4474-bf12-23fd8be27e37 failed for: [wheezy_udp@kubernetes.default.svc.cluster.local wheezy_tcp@kubernetes.default.svc.cluster.local wheezy_udp@PodARecord wheezy_tcp@PodARecord jessie_udp@kubernetes.default.svc.cluster.local jessie_tcp@kubernetes.default.svc.cluster.local jessie_udp@PodARecord jessie_tcp@PodARecord]&#xA;&#xA;Aug 27 11:10:45.630: INFO: Unable to read wheezy_udp@kubernetes.default.svc.cluster.local from pod dns-4105/dns-test-10bbd84e-02d7-4474-bf12-23fd8be27e37: the server could not find the requested resource (get pods dns-test-10bbd84e-02d7-4474-bf12-23fd8be27e37)&#xA;Aug 27 11:10:45.634: INFO: Unable to read wheezy_tcp@kubernetes.default.svc.cluster.local from pod dns-4105/dns-test-10bbd84e-02d7-4474-bf12-23fd8be27e37: the server could not find the requested resource (get pods dns-test-10bbd84e-02d7-4474-bf12-23fd8be27e37)&#xA;Aug 27 11:10:45.637: INFO: Unable to read wheezy_udp@PodARecord from pod dns-4105/dns-test-10bbd84e-02d7-4474-bf12-23fd8be27e37: the server could not find the requested resource (get pods dns-test-10bbd84e-02d7-4474-bf12-23fd8be27e37)&#xA;Aug 27 11:10:45.640: INFO: Unable to read wheezy_tcp@PodARecord from pod dns-4105/dns-test-10bbd84e-02d7-4474-bf12-23fd8be27e37: the server could not find the requested resource (get pods dns-test-10bbd84e-02d7-4474-bf12-23fd8be27e37)&#xA;Aug 27 11:10:45.644: INFO: Unable to read jessie_udp@kubernetes.default.svc.cluster.local from pod dns-4105/dns-test-10bbd84e-02d7-4474-bf12-23fd8be27e37: the server could not find the requested resource (get pods dns-test-10bbd84e-02d7-4474-bf12-23fd8be27e37)&#xA;Aug 27 11:10:45.647: INFO: Unable to read jessie_tcp@kubernetes.default.svc.cluster.local from pod dns-4105/dns-test-10bbd84e-02d7-4474-bf12-23fd8be27e37: the server could not find the requested resource (get pods dns-test-10bbd84e-02d7-4474-bf12-23fd8be27e37)&#xA;Aug 27 11:10:45.651: INFO: Unable to read jessie_udp@PodARecord from pod dns-4105/dns-test-10bbd84e-02d7-4474-bf12-23fd8be27e37: the server could not find the requested resource (get pods dns-test-10bbd84e-02d7-4474-bf12-23fd8be27e37)&#xA;Aug 27 11:10:45.655: INFO: Unable to read jessie_tcp@PodARecord from pod dns-4105/dns-test-10bbd84e-02d7-4474-bf12-23fd8be27e37: the server could not find the requested resource (get pods dns-test-10bbd84e-02d7-4474-bf12-23fd8be27e37)&#xA;Aug 27 11:10:45.655: INFO: Lookups using dns-4105/dns-test-10bbd84e-02d7-4474-bf12-23fd8be27e37 failed for: [wheezy_udp@kubernetes.default.svc.cluster.local wheezy_tcp@kubernetes.default.svc.cluster.local wheezy_udp@PodARecord wheezy_tcp@PodARecord jessie_udp@kubernetes.default.svc.cluster.local jessie_tcp@kubernetes.default.svc.cluster.local jessie_udp@PodARecord jessie_tcp@PodARecord]&#xA;&#xA;Aug 27 11:10:50.639: INFO: Unable to read wheezy_udp@kubernetes.default.svc.cluster.local from pod dns-4105/dns-test-10bbd84e-02d7-4474-bf12-23fd8be27e37: the server could not find the requested resource (get pods dns-test-10bbd84e-02d7-4474-bf12-23fd8be27e37)&#xA;Aug 27 11:10:50.643: INFO: Unable to read wheezy_tcp@kubernetes.default.svc.cluster.local from pod dns-4105/dns-test-10bbd84e-02d7-4474-bf12-23fd8be27e37: the server could not find the requested resource (get pods dns-test-10bbd84e-02d7-4474-bf12-23fd8be27e37)&#xA;Aug 27 11:10:50.647: INFO: Unable to read wheezy_udp@PodARecord from pod dns-4105/dns-test-10bbd84e-02d7-4474-bf12-23fd8be27e37: the server could not find the requested resource (get pods dns-test-10bbd84e-02d7-4474-bf12-23fd8be27e37)&#xA;Aug 27 11:10:50.650: INFO: Unable to read wheezy_tcp@PodARecord from pod dns-4105/dns-test-10bbd84e-02d7-4474-bf12-23fd8be27e37: the server could not find the requested resource (get pods dns-test-10bbd84e-02d7-4474-bf12-23fd8be27e37)&#xA;Aug 27 11:10:50.654: INFO: Unable to read jessie_udp@kubernetes.default.svc.cluster.local from pod dns-4105/dns-test-10bbd84e-02d7-4474-bf12-23fd8be27e37: the server could not find the requested resource (get pods dns-test-10bbd84e-02d7-4474-bf12-23fd8be27e37)&#xA;Aug 27 11:10:50.657: INFO: Unable to read jessie_tcp@kubernetes.default.svc.cluster.local from pod dns-4105/dns-test-10bbd84e-02d7-4474-bf12-23fd8be27e37: the server could not find the requested resource (get pods dns-test-10bbd84e-02d7-4474-bf12-23fd8be27e37)&#xA;Aug 27 11:10:50.660: INFO: Unable to read jessie_udp@PodARecord from pod dns-4105/dns-test-10bbd84e-02d7-4474-bf12-23fd8be27e37: the server could not find the requested resource (get pods dns-test-10bbd84e-02d7-4474-bf12-23fd8be27e37)&#xA;Aug 27 11:10:50.664: INFO: Unable to read jessie_tcp@PodARecord from pod dns-4105/dns-test-10bbd84e-02d7-4474-bf12-23fd8be27e37: the server could not find the requested resource (get pods dns-test-10bbd84e-02d7-4474-bf12-23fd8be27e37)&#xA;Aug 27 11:10:50.664: INFO: Lookups using dns-4105/dns-test-10bbd84e-02d7-4474-bf12-23fd8be27e37 failed for: [wheezy_udp@kubernetes.default.svc.cluster.local wheezy_tcp@kubernetes.default.svc.cluster.local wheezy_udp@PodARecord wheezy_tcp@PodARecord jessie_udp@kubernetes.default.svc.cluster.local jessie_tcp@kubernetes.default.svc.cluster.local jessie_udp@PodARecord jessie_tcp@PodARecord]&#xA;&#xA;Aug 27 11:10:55.632: INFO: Unable to read wheezy_udp@kubernetes.default.svc.cluster.local from pod dns-4105/dns-test-10bbd84e-02d7-4474-bf12-23fd8be27e37: the server could not find the requested resource (get pods dns-test-10bbd84e-02d7-4474-bf12-23fd8be27e37)&#xA;Aug 27 11:10:55.636: INFO: Unable to read wheezy_tcp@kubernetes.default.svc.cluster.local from pod dns-4105/dns-test-10bbd84e-02d7-4474-bf12-23fd8be27e37: the server could not find the requested resource (get pods dns-test-10bbd84e-02d7-4474-bf12-23fd8be27e37)&#xA;Aug 27 11:10:55.639: INFO: Unable to read wheezy_udp@PodARecord from pod dns-4105/dns-test-10bbd84e-02d7-4474-bf12-23fd8be27e37: the server could not find the requested resource (get pods dns-test-10bbd84e-02d7-4474-bf12-23fd8be27e37)&#xA;Aug 27 11:10:55.643: INFO: Unable to read wheezy_tcp@PodARecord from pod dns-4105/dns-test-10bbd84e-02d7-4474-bf12-23fd8be27e37: the server could not find the requested resource (get pods dns-test-10bbd84e-02d7-4474-bf12-23fd8be27e37)&#xA;Aug 27 11:10:55.647: INFO: Unable to read jessie_udp@kubernetes.default.svc.cluster.local from pod dns-4105/dns-test-10bbd84e-02d7-4474-bf12-23fd8be27e37: the server could not find the requested resource (get pods dns-test-10bbd84e-02d7-4474-bf12-23fd8be27e37)&#xA;Aug 27 11:10:55.652: INFO: Unable to read jessie_tcp@kubernetes.default.svc.cluster.local from pod dns-4105/dns-test-10bbd84e-02d7-4474-bf12-23fd8be27e37: the server could not find the requested resource (get pods dns-test-10bbd84e-02d7-4474-bf12-23fd8be27e37)&#xA;Aug 27 11:10:55.656: INFO: Unable to read jessie_udp@PodARecord from pod dns-4105/dns-test-10bbd84e-02d7-4474-bf12-23fd8be27e37: the server could not find the requested resource (get pods dns-test-10bbd84e-02d7-4474-bf12-23fd8be27e37)&#xA;Aug 27 11:10:55.660: INFO: Unable to read jessie_tcp@PodARecord from pod dns-4105/dns-test-10bbd84e-02d7-4474-bf12-23fd8be27e37: the server could not find the requested resource (get pods dns-test-10bbd84e-02d7-4474-bf12-23fd8be27e37)&#xA;Aug 27 11:10:55.660: INFO: Lookups using dns-4105/dns-test-10bbd84e-02d7-4474-bf12-23fd8be27e37 failed for: [wheezy_udp@kubernetes.default.svc.cluster.local wheezy_tcp@kubernetes.default.svc.cluster.local wheezy_udp@PodARecord wheezy_tcp@PodARecord jessie_udp@kubernetes.default.svc.cluster.local jessie_tcp@kubernetes.default.svc.cluster.local jessie_udp@PodARecord jessie_tcp@PodARecord]&#xA;&#xA;Aug 27 11:11:00.637: INFO: Unable to read wheezy_udp@kubernetes.default.svc.cluster.local from pod dns-4105/dns-test-10bbd84e-02d7-4474-bf12-23fd8be27e37: the server could not find the requested resource (get pods dns-test-10bbd84e-02d7-4474-bf12-23fd8be27e37)&#xA;Aug 27 11:11:00.643: INFO: Unable to read wheezy_tcp@kubernetes.default.svc.cluster.local from pod dns-4105/dns-test-10bbd84e-02d7-4474-bf12-23fd8be27e37: the server could not find the requested resource (get pods dns-test-10bbd84e-02d7-4474-bf12-23fd8be27e37)&#xA;Aug 27 11:11:00.649: INFO: Unable to read wheezy_udp@PodARecord from pod dns-4105/dns-test-10bbd84e-02d7-4474-bf12-23fd8be27e37: the server could not find the requested resource (get pods dns-test-10bbd84e-02d7-4474-bf12-23fd8be27e37)&#xA;Aug 27 11:11:00.654: INFO: Unable to read wheezy_tcp@PodARecord from pod dns-4105/dns-test-10bbd84e-02d7-4474-bf12-23fd8be27e37: the server could not find the requested resource (get pods dns-test-10bbd84e-02d7-4474-bf12-23fd8be27e37)&#xA;Aug 27 11:11:00.660: INFO: Unable to read jessie_udp@kubernetes.default.svc.cluster.local from pod dns-4105/dns-test-10bbd84e-02d7-4474-bf12-23fd8be27e37: the server could not find the requested resource (get pods dns-test-10bbd84e-02d7-4474-bf12-23fd8be27e37)&#xA;Aug 27 11:11:00.665: INFO: Unable to read jessie_tcp@kubernetes.default.svc.cluster.local from pod dns-4105/dns-test-10bbd84e-02d7-4474-bf12-23fd8be27e37: the server could not find the requested resource (get pods dns-test-10bbd84e-02d7-4474-bf12-23fd8be27e37)&#xA;Aug 27 11:11:00.671: INFO: Unable to read jessie_udp@PodARecord from pod dns-4105/dns-test-10bbd84e-02d7-4474-bf12-23fd8be27e37: the server could not find the requested resource (get pods dns-test-10bbd84e-02d7-4474-bf12-23fd8be27e37)&#xA;Aug 27 11:11:00.675: INFO: Unable to read jessie_tcp@PodARecord from pod dns-4105/dns-test-10bbd84e-02d7-4474-bf12-23fd8be27e37: the server could not find the requested resource (get pods dns-test-10bbd84e-02d7-4474-bf12-23fd8be27e37)&#xA;Aug 27 11:11:00.675: INFO: Lookups using dns-4105/dns-test-10bbd84e-02d7-4474-bf12-23fd8be27e37 failed for: [wheezy_udp@kubernetes.default.svc.cluster.local wheezy_tcp@kubernetes.default.svc.cluster.local wheezy_udp@PodARecord wheezy_tcp@PodARecord jessie_udp@kubernetes.default.svc.cluster.local jessie_tcp@kubernetes.default.svc.cluster.local jessie_udp@PodARecord jessie_tcp@PodARecord]&#xA;&#xA;Aug 27 11:11:05.634: INFO: Unable to read wheezy_udp@kubernetes.default.svc.cluster.local from pod dns-4105/dns-test-10bbd84e-02d7-4474-bf12-23fd8be27e37: the server could not find the requested resource (get pods dns-test-10bbd84e-02d7-4474-bf12-23fd8be27e37)&#xA;Aug 27 11:11:05.638: INFO: Unable to read wheezy_tcp@kubernetes.default.svc.cluster.local from pod dns-4105/dns-test-10bbd84e-02d7-4474-bf12-23fd8be27e37: the server could not find the requested resource (get pods dns-test-10bbd84e-02d7-4474-bf12-23fd8be27e37)&#xA;Aug 27 11:11:05.642: INFO: Unable to read wheezy_udp@PodARecord from pod dns-4105/dns-test-10bbd84e-02d7-4474-bf12-23fd8be27e37: the server could not find the requested resource (get pods dns-test-10bbd84e-02d7-4474-bf12-23fd8be27e37)&#xA;Aug 27 11:11:05.646: INFO: Unable to read wheezy_tcp@PodARecord from pod dns-4105/dns-test-10bbd84e-02d7-4474-bf12-23fd8be27e37: the server could not find the requested resource (get pods dns-test-10bbd84e-02d7-4474-bf12-23fd8be27e37)&#xA;Aug 27 11:11:05.655: INFO: Unable to read jessie_udp@kubernetes.default.svc.cluster.local from pod dns-4105/dns-test-10bbd84e-02d7-4474-bf12-23fd8be27e37: the server could not find the requested resource (get pods dns-test-10bbd84e-02d7-4474-bf12-23fd8be27e37)&#xA;Aug 27 11:11:05.667: INFO: Unable to read jessie_tcp@kubernetes.default.svc.cluster.local from pod dns-4105/dns-test-10bbd84e-02d7-4474-bf12-23fd8be27e37: the server could not find the requested resource (get pods dns-test-10bbd84e-02d7-4474-bf12-23fd8be27e37)&#xA;Aug 27 11:11:05.671: INFO: Unable to read jessie_udp@PodARecord from pod dns-4105/dns-test-10bbd84e-02d7-4474-bf12-23fd8be27e37: the server could not find the requested resource (get pods dns-test-10bbd84e-02d7-4474-bf12-23fd8be27e37)&#xA;Aug 27 11:11:05.678: INFO: Unable to read jessie_tcp@PodARecord from pod dns-4105/dns-test-10bbd84e-02d7-4474-bf12-23fd8be27e37: the server could not find the requested resource (get pods dns-test-10bbd84e-02d7-4474-bf12-23fd8be27e37)&#xA;Aug 27 11:11:05.678: INFO: Lookups using dns-4105/dns-test-10bbd84e-02d7-4474-bf12-23fd8be27e37 failed for: [wheezy_udp@kubernetes.default.svc.cluster.local wheezy_tcp@kubernetes.default.svc.cluster.local wheezy_udp@PodARecord wheezy_tcp@PodARecord jessie_udp@kubernetes.default.svc.cluster.local jessie_tcp@kubernetes.default.svc.cluster.local jessie_udp@PodARecord jessie_tcp@PodARecord]&#xA;&#xA;Aug 27 11:11:10.635: INFO: Unable to read wheezy_udp@kubernetes.default.svc.cluster.local from pod dns-4105/dns-test-10bbd84e-02d7-4474-bf12-23fd8be27e37: the server could not find the requested resource (get pods dns-test-10bbd84e-02d7-4474-bf12-23fd8be27e37)&#xA;Aug 27 11:11:10.640: INFO: Unable to read wheezy_tcp@kubernetes.default.svc.cluster.local from pod dns-4105/dns-test-10bbd84e-02d7-4474-bf12-23fd8be27e37: the server could not find the requested resource (get pods dns-test-10bbd84e-02d7-4474-bf12-23fd8be27e37)&#xA;Aug 27 11:11:10.643: INFO: Unable to read wheezy_udp@PodARecord from pod dns-4105/dns-test-10bbd84e-02d7-4474-bf12-23fd8be27e37: the server could not find the requested resource (get pods dns-test-10bbd84e-02d7-4474-bf12-23fd8be27e37)&#xA;Aug 27 11:11:10.648: INFO: Unable to read wheezy_tcp@PodARecord from pod dns-4105/dns-test-10bbd84e-02d7-4474-bf12-23fd8be27e37: the server could not find the requested resource (get pods dns-test-10bbd84e-02d7-4474-bf12-23fd8be27e37)&#xA;Aug 27 11:11:10.653: INFO: Unable to read jessie_udp@kubernetes.default.svc.cluster.local from pod dns-4105/dns-test-10bbd84e-02d7-4474-bf12-23fd8be27e37: the server could not find the requested resource (get pods dns-test-10bbd84e-02d7-4474-bf12-23fd8be27e37)&#xA;Aug 27 11:11:10.656: INFO: Unable to read jessie_tcp@kubernetes.default.svc.cluster.local from pod dns-4105/dns-test-10bbd84e-02d7-4474-bf12-23fd8be27e37: the server could not find the requested resource (get pods dns-test-10bbd84e-02d7-4474-bf12-23fd8be27e37)&#xA;Aug 27 11:11:10.660: INFO: Unable to read jessie_udp@PodARecord from pod dns-4105/dns-test-10bbd84e-02d7-4474-bf12-23fd8be27e37: the server could not find the requested resource (get pods dns-test-10bbd84e-02d7-4474-bf12-23fd8be27e37)&#xA;Aug 27 11:11:10.668: INFO: Unable to read jessie_tcp@PodARecord from pod dns-4105/dns-test-10bbd84e-02d7-4474-bf12-23fd8be27e37: the server could not find the requested resource (get pods dns-test-10bbd84e-02d7-4474-bf12-23fd8be27e37)&#xA;Aug 27 11:11:10.668: INFO: Lookups using dns-4105/dns-test-10bbd84e-02d7-4474-bf12-23fd8be27e37 failed for: [wheezy_udp@kubernetes.default.svc.cluster.local wheezy_tcp@kubernetes.default.svc.cluster.local wheezy_udp@PodARecord wheezy_tcp@PodARecord jessie_udp@kubernetes.default.svc.cluster.local jessie_tcp@kubernetes.default.svc.cluster.local jessie_udp@PodARecord jessie_tcp@PodARecord]&#xA;&#xA;Aug 27 11:11:15.639: INFO: Unable to read wheezy_udp@kubernetes.default.svc.cluster.local from pod dns-4105/dns-test-10bbd84e-02d7-4474-bf12-23fd8be27e37: the server could not find the requested resource (get pods dns-test-10bbd84e-02d7-4474-bf12-23fd8be27e37)&#xA;Aug 27 11:11:15.654: INFO: Unable to read wheezy_tcp@kubernetes.default.svc.cluster.local from pod dns-4105/dns-test-10bbd84e-02d7-4474-bf12-23fd8be27e37: the server could not find the requested resource (get pods dns-test-10bbd84e-02d7-4474-bf12-23fd8be27e37)&#xA;Aug 27 11:11:15.674: INFO: Unable to read wheezy_udp@PodARecord from pod dns-4105/dns-test-10bbd84e-02d7-4474-bf12-23fd8be27e37: the server could not find the requested resource (get pods dns-test-10bbd84e-02d7-4474-bf12-23fd8be27e37)&#xA;Aug 27 11:11:15.685: INFO: Unable to read wheezy_tcp@PodARecord from pod dns-4105/dns-test-10bbd84e-02d7-4474-bf12-23fd8be27e37: the server could not find the requested resource (get pods dns-test-10bbd84e-02d7-4474-bf12-23fd8be27e37)&#xA;Aug 27 11:11:15.688: INFO: Unable to read jessie_udp@kubernetes.default.svc.cluster.local from pod dns-4105/dns-test-10bbd84e-02d7-4474-bf12-23fd8be27e37: the server could not find the requested resource (get pods dns-test-10bbd84e-02d7-4474-bf12-23fd8be27e37)&#xA;Aug 27 11:11:15.692: INFO: Unable to read jessie_tcp@kubernetes.default.svc.cluster.local from pod dns-4105/dns-test-10bbd84e-02d7-4474-bf12-23fd8be27e37: the server could not find the requested resource (get pods dns-test-10bbd84e-02d7-4474-bf12-23fd8be27e37)&#xA;Aug 27 11:11:15.697: INFO: Unable to read jessie_udp@PodARecord from pod dns-4105/dns-test-10bbd84e-02d7-4474-bf12-23fd8be27e37: the server could not find the requested resource (get pods dns-test-10bbd84e-02d7-4474-bf12-23fd8be27e37)&#xA;Aug 27 11:11:15.701: INFO: Unable to read jessie_tcp@PodARecord from pod dns-4105/dns-test-10bbd84e-02d7-4474-bf12-23fd8be27e37: the server could not find the requested resource (get pods dns-test-10bbd84e-02d7-4474-bf12-23fd8be27e37)&#xA;Aug 27 11:11:15.701: INFO: Lookups using dns-4105/dns-test-10bbd84e-02d7-4474-bf12-23fd8be27e37 failed for: [wheezy_udp@kubernetes.default.svc.cluster.local wheezy_tcp@kubernetes.default.svc.cluster.local wheezy_udp@PodARecord wheezy_tcp@PodARecord jessie_udp@kubernetes.default.svc.cluster.local jessie_tcp@kubernetes.default.svc.cluster.local jessie_udp@PodARecord jessie_tcp@PodARecord]&#xA;&#xA;Aug 27 11:11:20.631: INFO: Unable to read wheezy_udp@kubernetes.default.svc.cluster.local from pod dns-4105/dns-test-10bbd84e-02d7-4474-bf12-23fd8be27e37: the server could not find the requested resource (get pods dns-test-10bbd84e-02d7-4474-bf12-23fd8be27e37)&#xA;Aug 27 11:11:20.636: INFO: Unable to read wheezy_tcp@kubernetes.default.svc.cluster.local from pod dns-4105/dns-test-10bbd84e-02d7-4474-bf12-23fd8be27e37: the server could not find the requested resource (get pods dns-test-10bbd84e-02d7-4474-bf12-23fd8be27e37)&#xA;Aug 27 11:11:20.639: INFO: Unable to read wheezy_udp@PodARecord from pod dns-4105/dns-test-10bbd84e-02d7-4474-bf12-23fd8be27e37: the server could not find the requested resource (get pods dns-test-10bbd84e-02d7-4474-bf12-23fd8be27e37)&#xA;Aug 27 11:11:20.643: INFO: Unable to read wheezy_tcp@PodARecord from pod dns-4105/dns-test-10bbd84e-02d7-4474-bf12-23fd8be27e37: the server could not find the requested resource (get pods dns-test-10bbd84e-02d7-4474-bf12-23fd8be27e37)&#xA;Aug 27 11:11:20.648: INFO: Unable to read jessie_udp@kubernetes.default.svc.cluster.local from pod dns-4105/dns-test-10bbd84e-02d7-4474-bf12-23fd8be27e37: the server could not find the requested resource (get pods dns-test-10bbd84e-02d7-4474-bf12-23fd8be27e37)&#xA;Aug 27 11:11:20.659: INFO: Unable to read jessie_tcp@kubernetes.default.svc.cluster.local from pod dns-4105/dns-test-10bbd84e-02d7-4474-bf12-23fd8be27e37: the server could not find the requested resource (get pods dns-test-10bbd84e-02d7-4474-bf12-23fd8be27e37)&#xA;Aug 27 11:11:20.665: INFO: Unable to read jessie_udp@PodARecord from pod dns-4105/dns-test-10bbd84e-02d7-4474-bf12-23fd8be27e37: the server could not find the requested resource (get pods dns-test-10bbd84e-02d7-4474-bf12-23fd8be27e37)&#xA;Aug 27 11:11:20.668: INFO: Unable to read jessie_tcp@PodARecord from pod dns-4105/dns-test-10bbd84e-02d7-4474-bf12-23fd8be27e37: the server could not find the requested resource (get pods dns-test-10bbd84e-02d7-4474-bf12-23fd8be27e37)&#xA;Aug 27 11:11:20.669: INFO: Lookups using dns-4105/dns-test-10bbd84e-02d7-4474-bf12-23fd8be27e37 failed for: [wheezy_udp@kubernetes.default.svc.cluster.local wheezy_tcp@kubernetes.default.svc.cluster.local wheezy_udp@PodARecord wheezy_tcp@PodARecord jessie_udp@kubernetes.default.svc.cluster.local jessie_tcp@kubernetes.default.svc.cluster.local jessie_udp@PodARecord jessie_tcp@PodARecord]&#xA;&#xA;Aug 27 11:11:25.630: INFO: Unable to read wheezy_udp@kubernetes.default.svc.cluster.local from pod dns-4105/dns-test-10bbd84e-02d7-4474-bf12-23fd8be27e37: the server could not find the requested resource (get pods dns-test-10bbd84e-02d7-4474-bf12-23fd8be27e37)&#xA;Aug 27 11:11:25.634: INFO: Unable to read wheezy_tcp@kubernetes.default.svc.cluster.local from pod dns-4105/dns-test-10bbd84e-02d7-4474-bf12-23fd8be27e37: the server could not find the requested resource (get pods dns-test-10bbd84e-02d7-4474-bf12-23fd8be27e37)&#xA;Aug 27 11:11:25.638: INFO: Unable to read wheezy_udp@PodARecord from pod dns-4105/dns-test-10bbd84e-02d7-4474-bf12-23fd8be27e37: the server could not find the requested resource (get pods dns-test-10bbd84e-02d7-4474-bf12-23fd8be27e37)&#xA;Aug 27 11:11:25.641: INFO: Unable to read wheezy_tcp@PodARecord from pod dns-4105/dns-test-10bbd84e-02d7-4474-bf12-23fd8be27e37: the server could not find the requested resource (get pods dns-test-10bbd84e-02d7-4474-bf12-23fd8be27e37)&#xA;Aug 27 11:11:25.645: INFO: Unable to read jessie_udp@kubernetes.default.svc.cluster.local from pod dns-4105/dns-test-10bbd84e-02d7-4474-bf12-23fd8be27e37: the server could not find the requested resource (get pods dns-test-10bbd84e-02d7-4474-bf12-23fd8be27e37)&#xA;Aug 27 11:11:25.653: INFO: Unable to read jessie_tcp@kubernetes.default.svc.cluster.local from pod dns-4105/dns-test-10bbd84e-02d7-4474-bf12-23fd8be27e37: the server could not find the requested resource (get pods dns-test-10bbd84e-02d7-4474-bf12-23fd8be27e37)&#xA;Aug 27 11:11:25.657: INFO: Unable to read jessie_udp@PodARecord from pod dns-4105/dns-test-10bbd84e-02d7-4474-bf12-23fd8be27e37: the server could not find the requested resource (get pods dns-test-10bbd84e-02d7-4474-bf12-23fd8be27e37)&#xA;Aug 27 11:11:25.660: INFO: Unable to read jessie_tcp@PodARecord from pod dns-4105/dns-test-10bbd84e-02d7-4474-bf12-23fd8be27e37: the server could not find the requested resource (get pods dns-test-10bbd84e-02d7-4474-bf12-23fd8be27e37)&#xA;Aug 27 11:11:25.661: INFO: Lookups using dns-4105/dns-test-10bbd84e-02d7-4474-bf12-23fd8be27e37 failed for: [wheezy_udp@kubernetes.default.svc.cluster.local wheezy_tcp@kubernetes.default.svc.cluster.local wheezy_udp@PodARecord wheezy_tcp@PodARecord jessie_udp@kubernetes.default.svc.cluster.local jessie_tcp@kubernetes.default.svc.cluster.local jessie_udp@PodARecord jessie_tcp@PodARecord]&#xA;&#xA;Aug 27 11:11:30.631: INFO: Unable to read wheezy_udp@kubernetes.default.svc.cluster.local from pod dns-4105/dns-test-10bbd84e-02d7-4474-bf12-23fd8be27e37: the server could not find the requested resource (get pods dns-test-10bbd84e-02d7-4474-bf12-23fd8be27e37)&#xA;Aug 27 11:11:30.635: INFO: Unable to read wheezy_tcp@kubernetes.default.svc.cluster.local from pod dns-4105/dns-test-10bbd84e-02d7-4474-bf12-23fd8be27e37: the server could not find the requested resource (get pods dns-test-10bbd84e-02d7-4474-bf12-23fd8be27e37)&#xA;Aug 27 11:11:30.638: INFO: Unable to read wheezy_udp@PodARecord from pod dns-4105/dns-test-10bbd84e-02d7-4474-bf12-23fd8be27e37: the server could not find the requested resource (get pods dns-test-10bbd84e-02d7-4474-bf12-23fd8be27e37)&#xA;Aug 27 11:11:30.643: INFO: Unable to read wheezy_tcp@PodARecord from pod dns-4105/dns-test-10bbd84e-02d7-4474-bf12-23fd8be27e37: the server could not find the requested resource (get pods dns-test-10bbd84e-02d7-4474-bf12-23fd8be27e37)&#xA;Aug 27 11:11:30.647: INFO: Unable to read jessie_udp@kubernetes.default.svc.cluster.local from pod dns-4105/dns-test-10bbd84e-02d7-4474-bf12-23fd8be27e37: the server could not find the requested resource (get pods dns-test-10bbd84e-02d7-4474-bf12-23fd8be27e37)&#xA;Aug 27 11:11:30.650: INFO: Unable to read jessie_tcp@kubernetes.default.svc.cluster.local from pod dns-4105/dns-test-10bbd84e-02d7-4474-bf12-23fd8be27e37: the server could not find the requested resource (get pods dns-test-10bbd84e-02d7-4474-bf12-23fd8be27e37)&#xA;Aug 27 11:11:30.655: INFO: Unable to read jessie_udp@PodARecord from pod dns-4105/dns-test-10bbd84e-02d7-4474-bf12-23fd8be27e37: the server could not find the requested resource (get pods dns-test-10bbd84e-02d7-4474-bf12-23fd8be27e37)&#xA;Aug 27 11:11:30.659: INFO: Unable to read jessie_tcp@PodARecord from pod dns-4105/dns-test-10bbd84e-02d7-4474-bf12-23fd8be27e37: the server could not find the requested resource (get pods dns-test-10bbd84e-02d7-4474-bf12-23fd8be27e37)&#xA;Aug 27 11:11:30.659: INFO: Lookups using dns-4105/dns-test-10bbd84e-02d7-4474-bf12-23fd8be27e37 failed for: [wheezy_udp@kubernetes.default.svc.cluster.local wheezy_tcp@kubernetes.default.svc.cluster.local wheezy_udp@PodARecord wheezy_tcp@PodARecord jessie_udp@kubernetes.default.svc.cluster.local jessie_tcp@kubernetes.default.svc.cluster.local jessie_udp@PodARecord jessie_tcp@PodARecord]&#xA;&#xA;Aug 27 11:11:35.638: INFO: Unable to read wheezy_udp@kubernetes.default.svc.cluster.local from pod dns-4105/dns-test-10bbd84e-02d7-4474-bf12-23fd8be27e37: the server could not find the requested resource (get pods dns-test-10bbd84e-02d7-4474-bf12-23fd8be27e37)&#xA;Aug 27 11:11:35.648: INFO: Unable to read wheezy_tcp@kubernetes.default.svc.cluster.local from pod dns-4105/dns-test-10bbd84e-02d7-4474-bf12-23fd8be27e37: the server could not find the requested resource (get pods dns-test-10bbd84e-02d7-4474-bf12-23fd8be27e37)&#xA;Aug 27 11:11:35.662: INFO: Unable to read wheezy_udp@PodARecord from pod dns-4105/dns-test-10bbd84e-02d7-4474-bf12-23fd8be27e37: the server could not find the requested resource (get pods dns-test-10bbd84e-02d7-4474-bf12-23fd8be27e37)&#xA;Aug 27 11:11:35.666: INFO: Unable to read wheezy_tcp@PodARecord from pod dns-4105/dns-test-10bbd84e-02d7-4474-bf12-23fd8be27e37: the server could not find the requested resource (get pods dns-test-10bbd84e-02d7-4474-bf12-23fd8be27e37)&#xA;Aug 27 11:11:35.673: INFO: Unable to read jessie_udp@kubernetes.default.svc.cluster.local from pod dns-4105/dns-test-10bbd84e-02d7-4474-bf12-23fd8be27e37: the server could not find the requested resource (get pods dns-test-10bbd84e-02d7-4474-bf12-23fd8be27e37)&#xA;Aug 27 11:11:35.677: INFO: Unable to read jessie_tcp@kubernetes.default.svc.cluster.local from pod dns-4105/dns-test-10bbd84e-02d7-4474-bf12-23fd8be27e37: the server could not find the requested resource (get pods dns-test-10bbd84e-02d7-4474-bf12-23fd8be27e37)&#xA;Aug 27 11:11:35.681: INFO: Unable to read jessie_udp@PodARecord from pod dns-4105/dns-test-10bbd84e-02d7-4474-bf12-23fd8be27e37: the server could not find the requested resource (get pods dns-test-10bbd84e-02d7-4474-bf12-23fd8be27e37)&#xA;Aug 27 11:11:35.687: INFO: Unable to read jessie_tcp@PodARecord from pod dns-4105/dns-test-10bbd84e-02d7-4474-bf12-23fd8be27e37: the server could not find the requested resource (get pods dns-test-10bbd84e-02d7-4474-bf12-23fd8be27e37)&#xA;Aug 27 11:11:35.687: INFO: Lookups using dns-4105/dns-test-10bbd84e-02d7-4474-bf12-23fd8be27e37 failed for: [wheezy_udp@kubernetes.default.svc.cluster.local wheezy_tcp@kubernetes.default.svc.cluster.local wheezy_udp@PodARecord wheezy_tcp@PodARecord jessie_udp@kubernetes.default.svc.cluster.local jessie_tcp@kubernetes.default.svc.cluster.local jessie_udp@PodARecord jessie_tcp@PodARecord]&#xA;&#xA;Aug 27 11:11:40.632: INFO: Unable to read wheezy_udp@kubernetes.default.svc.cluster.local from pod dns-4105/dns-test-10bbd84e-02d7-4474-bf12-23fd8be27e37: the server could not find the requested resource (get pods dns-test-10bbd84e-02d7-4474-bf12-23fd8be27e37)&#xA;Aug 27 11:11:40.635: INFO: Unable to read wheezy_tcp@kubernetes.default.svc.cluster.local from pod dns-4105/dns-test-10bbd84e-02d7-4474-bf12-23fd8be27e37: the server could not find the requested resource (get pods dns-test-10bbd84e-02d7-4474-bf12-23fd8be27e37)&#xA;Aug 27 11:11:40.645: INFO: Unable to read wheezy_udp@PodARecord from pod dns-4105/dns-test-10bbd84e-02d7-4474-bf12-23fd8be27e37: the server could not find the requested resource (get pods dns-test-10bbd84e-02d7-4474-bf12-23fd8be27e37)&#xA;Aug 27 11:11:40.673: INFO: Unable to read wheezy_tcp@PodARecord from pod dns-4105/dns-test-10bbd84e-02d7-4474-bf12-23fd8be27e37: the server could not find the requested resource (get pods dns-test-10bbd84e-02d7-4474-bf12-23fd8be27e37)&#xA;Aug 27 11:11:40.677: INFO: Unable to read jessie_udp@kubernetes.default.svc.cluster.local from pod dns-4105/dns-test-10bbd84e-02d7-4474-bf12-23fd8be27e37: the server could not find the requested resource (get pods dns-test-10bbd84e-02d7-4474-bf12-23fd8be27e37)&#xA;Aug 27 11:11:40.682: INFO: Unable to read jessie_tcp@kubernetes.default.svc.cluster.local from pod dns-4105/dns-test-10bbd84e-02d7-4474-bf12-23fd8be27e37: the server could not find the requested resource (get pods dns-test-10bbd84e-02d7-4474-bf12-23fd8be27e37)&#xA;Aug 27 11:11:40.686: INFO: Unable to read jessie_udp@PodARecord from pod dns-4105/dns-test-10bbd84e-02d7-4474-bf12-23fd8be27e37: the server could not find the requested resource (get pods dns-test-10bbd84e-02d7-4474-bf12-23fd8be27e37)&#xA;Aug 27 11:11:40.691: INFO: Unable to read jessie_tcp@PodARecord from pod dns-4105/dns-test-10bbd84e-02d7-4474-bf12-23fd8be27e37: the server could not find the requested resource (get pods dns-test-10bbd84e-02d7-4474-bf12-23fd8be27e37)&#xA;Aug 27 11:11:40.691: INFO: Lookups using dns-4105/dns-test-10bbd84e-02d7-4474-bf12-23fd8be27e37 failed for: [wheezy_udp@kubernetes.default.svc.cluster.local wheezy_tcp@kubernetes.default.svc.cluster.local wheezy_udp@PodARecord wheezy_tcp@PodARecord jessie_udp@kubernetes.default.svc.cluster.local jessie_tcp@kubernetes.default.svc.cluster.local jessie_udp@PodARecord jessie_tcp@PodARecord]&#xA;&#xA;Aug 27 11:11:45.633: INFO: Unable to read wheezy_udp@kubernetes.default.svc.cluster.local from pod dns-4105/dns-test-10bbd84e-02d7-4474-bf12-23fd8be27e37: the server could not find the requested resource (get pods dns-test-10bbd84e-02d7-4474-bf12-23fd8be27e37)&#xA;Aug 27 11:11:45.638: INFO: Unable to read wheezy_tcp@kubernetes.default.svc.cluster.local from pod dns-4105/dns-test-10bbd84e-02d7-4474-bf12-23fd8be27e37: the server could not find the requested resource (get pods dns-test-10bbd84e-02d7-4474-bf12-23fd8be27e37)&#xA;Aug 27 11:11:45.643: INFO: Unable to read wheezy_udp@PodARecord from pod dns-4105/dns-test-10bbd84e-02d7-4474-bf12-23fd8be27e37: the server could not find the requested resource (get pods dns-test-10bbd84e-02d7-4474-bf12-23fd8be27e37)&#xA;Aug 27 11:11:45.652: INFO: Unable to read wheezy_tcp@PodARecord from pod dns-4105/dns-test-10bbd84e-02d7-4474-bf12-23fd8be27e37: the server could not find the requested resource (get pods dns-test-10bbd84e-02d7-4474-bf12-23fd8be27e37)&#xA;Aug 27 11:11:45.657: INFO: Unable to read jessie_udp@kubernetes.default.svc.cluster.local from pod dns-4105/dns-test-10bbd84e-02d7-4474-bf12-23fd8be27e37: the server could not find the requested resource (get pods dns-test-10bbd84e-02d7-4474-bf12-23fd8be27e37)&#xA;Aug 27 11:11:45.663: INFO: Unable to read jessie_tcp@kubernetes.default.svc.cluster.local from pod dns-4105/dns-test-10bbd84e-02d7-4474-bf12-23fd8be27e37: the server could not find the requested resource (get pods dns-test-10bbd84e-02d7-4474-bf12-23fd8be27e37)&#xA;Aug 27 11:11:45.668: INFO: Unable to read jessie_udp@PodARecord from pod dns-4105/dns-test-10bbd84e-02d7-4474-bf12-23fd8be27e37: the server could not find the requested resource (get pods dns-test-10bbd84e-02d7-4474-bf12-23fd8be27e37)&#xA;Aug 27 11:11:45.673: INFO: Unable to read jessie_tcp@PodARecord from pod dns-4105/dns-test-10bbd84e-02d7-4474-bf12-23fd8be27e37: the server could not find the requested resource (get pods dns-test-10bbd84e-02d7-4474-bf12-23fd8be27e37)&#xA;Aug 27 11:11:45.673: INFO: Lookups using dns-4105/dns-test-10bbd84e-02d7-4474-bf12-23fd8be27e37 failed for: [wheezy_udp@kubernetes.default.svc.cluster.local wheezy_tcp@kubernetes.default.svc.cluster.local wheezy_udp@PodARecord wheezy_tcp@PodARecord jessie_udp@kubernetes.default.svc.cluster.local jessie_tcp@kubernetes.default.svc.cluster.local jessie_udp@PodARecord jessie_tcp@PodARecord]&#xA;&#xA;Aug 27 11:11:50.631: INFO: Unable to read wheezy_udp@kubernetes.default.svc.cluster.local from pod dns-4105/dns-test-10bbd84e-02d7-4474-bf12-23fd8be27e37: the server could not find the requested resource (get pods dns-test-10bbd84e-02d7-4474-bf12-23fd8be27e37)&#xA;Aug 27 11:11:50.635: INFO: Unable to read wheezy_tcp@kubernetes.default.svc.cluster.local from pod dns-4105/dns-test-10bbd84e-02d7-4474-bf12-23fd8be27e37: the server could not find the requested resource (get pods dns-test-10bbd84e-02d7-4474-bf12-23fd8be27e37)&#xA;Aug 27 11:11:50.640: INFO: Unable to read wheezy_udp@PodARecord from pod dns-4105/dns-test-10bbd84e-02d7-4474-bf12-23fd8be27e37: the server could not find the requested resource (get pods dns-test-10bbd84e-02d7-4474-bf12-23fd8be27e37)&#xA;Aug 27 11:11:50.645: INFO: Unable to read wheezy_tcp@PodARecord from pod dns-4105/dns-test-10bbd84e-02d7-4474-bf12-23fd8be27e37: the server could not find the requested resource (get pods dns-test-10bbd84e-02d7-4474-bf12-23fd8be27e37)&#xA;Aug 27 11:11:50.649: INFO: Unable to read jessie_udp@kubernetes.default.svc.cluster.local from pod dns-4105/dns-test-10bbd84e-02d7-4474-bf12-23fd8be27e37: the server could not find the requested resource (get pods dns-test-10bbd84e-02d7-4474-bf12-23fd8be27e37)&#xA;Aug 27 11:11:50.654: INFO: Unable to read jessie_tcp@kubernetes.default.svc.cluster.local from pod dns-4105/dns-test-10bbd84e-02d7-4474-bf12-23fd8be27e37: the server could not find the requested resource (get pods dns-test-10bbd84e-02d7-4474-bf12-23fd8be27e37)&#xA;Aug 27 11:11:50.659: INFO: Unable to read jessie_udp@PodARecord from pod dns-4105/dns-test-10bbd84e-02d7-4474-bf12-23fd8be27e37: the server could not find the requested resource (get pods dns-test-10bbd84e-02d7-4474-bf12-23fd8be27e37)&#xA;Aug 27 11:11:50.663: INFO: Unable to read jessie_tcp@PodARecord from pod dns-4105/dns-test-10bbd84e-02d7-4474-bf12-23fd8be27e37: the server could not find the requested resource (get pods dns-test-10bbd84e-02d7-4474-bf12-23fd8be27e37)&#xA;Aug 27 11:11:50.663: INFO: Lookups using dns-4105/dns-test-10bbd84e-02d7-4474-bf12-23fd8be27e37 failed for: [wheezy_udp@kubernetes.default.svc.cluster.local wheezy_tcp@kubernetes.default.svc.cluster.local wheezy_udp@PodARecord wheezy_tcp@PodARecord jessie_udp@kubernetes.default.svc.cluster.local jessie_tcp@kubernetes.default.svc.cluster.local jessie_udp@PodARecord jessie_tcp@PodARecord]&#xA;&#xA;Aug 27 11:11:55.651: INFO: Unable to read wheezy_udp@kubernetes.default.svc.cluster.local from pod dns-4105/dns-test-10bbd84e-02d7-4474-bf12-23fd8be27e37: the server could not find the requested resource (get pods dns-test-10bbd84e-02d7-4474-bf12-23fd8be27e37)&#xA;Aug 27 11:11:55.662: INFO: Unable to read wheezy_tcp@kubernetes.default.svc.cluster.local from pod dns-4105/dns-test-10bbd84e-02d7-4474-bf12-23fd8be27e37: the server could not find the requested resource (get pods dns-test-10bbd84e-02d7-4474-bf12-23fd8be27e37)&#xA;Aug 27 11:11:55.670: INFO: Unable to read wheezy_udp@PodARecord from pod dns-4105/dns-test-10bbd84e-02d7-4474-bf12-23fd8be27e37: the server could not find the requested resource (get pods dns-test-10bbd84e-02d7-4474-bf12-23fd8be27e37)&#xA;Aug 27 11:11:55.676: INFO: Unable to read wheezy_tcp@PodARecord from pod dns-4105/dns-test-10bbd84e-02d7-4474-bf12-23fd8be27e37: the server could not find the requested resource (get pods dns-test-10bbd84e-02d7-4474-bf12-23fd8be27e37)&#xA;Aug 27 11:11:55.680: INFO: Unable to read jessie_udp@kubernetes.default.svc.cluster.local from pod dns-4105/dns-test-10bbd84e-02d7-4474-bf12-23fd8be27e37: the server could not find the requested resource (get pods dns-test-10bbd84e-02d7-4474-bf12-23fd8be27e37)&#xA;Aug 27 11:11:55.685: INFO: Unable to read jessie_tcp@kubernetes.default.svc.cluster.local from pod dns-4105/dns-test-10bbd84e-02d7-4474-bf12-23fd8be27e37: the server could not find the requested resource (get pods dns-test-10bbd84e-02d7-4474-bf12-23fd8be27e37)&#xA;Aug 27 11:11:55.689: INFO: Unable to read jessie_udp@PodARecord from pod dns-4105/dns-test-10bbd84e-02d7-4474-bf12-23fd8be27e37: the server could not find the requested resource (get pods dns-test-10bbd84e-02d7-4474-bf12-23fd8be27e37)&#xA;Aug 27 11:11:55.692: INFO: Unable to read jessie_tcp@PodARecord from pod dns-4105/dns-test-10bbd84e-02d7-4474-bf12-23fd8be27e37: the server could not find the requested resource (get pods dns-test-10bbd84e-02d7-4474-bf12-23fd8be27e37)&#xA;Aug 27 11:11:55.692: INFO: Lookups using dns-4105/dns-test-10bbd84e-02d7-4474-bf12-23fd8be27e37 failed for: [wheezy_udp@kubernetes.default.svc.cluster.local wheezy_tcp@kubernetes.default.svc.cluster.local wheezy_udp@PodARecord wheezy_tcp@PodARecord jessie_udp@kubernetes.default.svc.cluster.local jessie_tcp@kubernetes.default.svc.cluster.local jessie_udp@PodARecord jessie_tcp@PodARecord]&#xA;&#xA;Aug 27 11:12:00.632: INFO: Unable to read wheezy_udp@kubernetes.default.svc.cluster.local from pod dns-4105/dns-test-10bbd84e-02d7-4474-bf12-23fd8be27e37: the server could not find the requested resource (get pods dns-test-10bbd84e-02d7-4474-bf12-23fd8be27e37)&#xA;Aug 27 11:12:00.639: INFO: Unable to read wheezy_tcp@kubernetes.default.svc.cluster.local from pod dns-4105/dns-test-10bbd84e-02d7-4474-bf12-23fd8be27e37: the server could not find the requested resource (get pods dns-test-10bbd84e-02d7-4474-bf12-23fd8be27e37)&#xA;Aug 27 11:12:00.645: INFO: Unable to read wheezy_udp@PodARecord from pod dns-4105/dns-test-10bbd84e-02d7-4474-bf12-23fd8be27e37: the server could not find the requested resource (get pods dns-test-10bbd84e-02d7-4474-bf12-23fd8be27e37)&#xA;Aug 27 11:12:00.659: INFO: Unable to read wheezy_tcp@PodARecord from pod dns-4105/dns-test-10bbd84e-02d7-4474-bf12-23fd8be27e37: the server could not find the requested resource (get pods dns-test-10bbd84e-02d7-4474-bf12-23fd8be27e37)&#xA;Aug 27 11:12:00.664: INFO: Unable to read jessie_udp@kubernetes.default.svc.cluster.local from pod dns-4105/dns-test-10bbd84e-02d7-4474-bf12-23fd8be27e37: the server could not find the requested resource (get pods dns-test-10bbd84e-02d7-4474-bf12-23fd8be27e37)&#xA;Aug 27 11:12:00.669: INFO: Unable to read jessie_tcp@kubernetes.default.svc.cluster.local from pod dns-4105/dns-test-10bbd84e-02d7-4474-bf12-23fd8be27e37: the server could not find the requested resource (get pods dns-test-10bbd84e-02d7-4474-bf12-23fd8be27e37)&#xA;Aug 27 11:12:00.709: INFO: Unable to read jessie_udp@PodARecord from pod dns-4105/dns-test-10bbd84e-02d7-4474-bf12-23fd8be27e37: the server could not find the requested resource (get pods dns-test-10bbd84e-02d7-4474-bf12-23fd8be27e37)&#xA;Aug 27 11:12:00.718: INFO: Unable to read jessie_tcp@PodARecord from pod dns-4105/dns-test-10bbd84e-02d7-4474-bf12-23fd8be27e37: the server could not find the requested resource (get pods dns-test-10bbd84e-02d7-4474-bf12-23fd8be27e37)&#xA;Aug 27 11:12:00.718: INFO: Lookups using dns-4105/dns-test-10bbd84e-02d7-4474-bf12-23fd8be27e37 failed for: [wheezy_udp@kubernetes.default.svc.cluster.local wheezy_tcp@kubernetes.default.svc.cluster.local wheezy_udp@PodARecord wheezy_tcp@PodARecord jessie_udp@kubernetes.default.svc.cluster.local jessie_tcp@kubernetes.default.svc.cluster.local jessie_udp@PodARecord jessie_tcp@PodARecord]&#xA;&#xA;Aug 27 11:12:05.638: INFO: Unable to read wheezy_udp@kubernetes.default.svc.cluster.local from pod dns-4105/dns-test-10bbd84e-02d7-4474-bf12-23fd8be27e37: the server could not find the requested resource (get pods dns-test-10bbd84e-02d7-4474-bf12-23fd8be27e37)&#xA;Aug 27 11:12:05.642: INFO: Unable to read wheezy_tcp@kubernetes.default.svc.cluster.local from pod dns-4105/dns-test-10bbd84e-02d7-4474-bf12-23fd8be27e37: the server could not find the requested resource (get pods dns-test-10bbd84e-02d7-4474-bf12-23fd8be27e37)&#xA;Aug 27 11:12:05.647: INFO: Unable to read wheezy_udp@PodARecord from pod dns-4105/dns-test-10bbd84e-02d7-4474-bf12-23fd8be27e37: the server could not find the requested resource (get pods dns-test-10bbd84e-02d7-4474-bf12-23fd8be27e37)&#xA;Aug 27 11:12:05.653: INFO: Unable to read wheezy_tcp@PodARecord from pod dns-4105/dns-test-10bbd84e-02d7-4474-bf12-23fd8be27e37: the server could not find the requested resource (get pods dns-test-10bbd84e-02d7-4474-bf12-23fd8be27e37)&#xA;Aug 27 11:12:05.662: INFO: Unable to read jessie_udp@kubernetes.default.svc.cluster.local from pod dns-4105/dns-test-10bbd84e-02d7-4474-bf12-23fd8be27e37: the server could not find the requested resource (get pods dns-test-10bbd84e-02d7-4474-bf12-23fd8be27e37)&#xA;Aug 27 11:12:05.666: INFO: Unable to read jessie_tcp@kubernetes.default.svc.cluster.local from pod dns-4105/dns-test-10bbd84e-02d7-4474-bf12-23fd8be27e37: the server could not find the requested resource (get pods dns-test-10bbd84e-02d7-4474-bf12-23fd8be27e37)&#xA;Aug 27 11:12:05.670: INFO: Unable to read jessie_udp@PodARecord from pod dns-4105/dns-test-10bbd84e-02d7-4474-bf12-23fd8be27e37: the server could not find the requested resource (get pods dns-test-10bbd84e-02d7-4474-bf12-23fd8be27e37)&#xA;Aug 27 11:12:05.675: INFO: Unable to read jessie_tcp@PodARecord from pod dns-4105/dns-test-10bbd84e-02d7-4474-bf12-23fd8be27e37: the server could not find the requested resource (get pods dns-test-10bbd84e-02d7-4474-bf12-23fd8be27e37)&#xA;Aug 27 11:12:05.675: INFO: Lookups using dns-4105/dns-test-10bbd84e-02d7-4474-bf12-23fd8be27e37 failed for: [wheezy_udp@kubernetes.default.svc.cluster.local wheezy_tcp@kubernetes.default.svc.cluster.local wheezy_udp@PodARecord wheezy_tcp@PodARecord jessie_udp@kubernetes.default.svc.cluster.local jessie_tcp@kubernetes.default.svc.cluster.local jessie_udp@PodARecord jessie_tcp@PodARecord]&#xA;&#xA;Aug 27 11:12:10.635: INFO: Unable to read wheezy_udp@kubernetes.default.svc.cluster.local from pod dns-4105/dns-test-10bbd84e-02d7-4474-bf12-23fd8be27e37: the server could not find the requested resource (get pods dns-test-10bbd84e-02d7-4474-bf12-23fd8be27e37)&#xA;Aug 27 11:12:10.639: INFO: Unable to read wheezy_tcp@kubernetes.default.svc.cluster.local from pod dns-4105/dns-test-10bbd84e-02d7-4474-bf12-23fd8be27e37: the server could not find the requested resource (get pods dns-test-10bbd84e-02d7-4474-bf12-23fd8be27e37)&#xA;Aug 27 11:12:10.642: INFO: Unable to read wheezy_udp@PodARecord from pod dns-4105/dns-test-10bbd84e-02d7-4474-bf12-23fd8be27e37: the server could not find the requested resource (get pods dns-test-10bbd84e-02d7-4474-bf12-23fd8be27e37)&#xA;Aug 27 11:12:10.647: INFO: Unable to read wheezy_tcp@PodARecord from pod dns-4105/dns-test-10bbd84e-02d7-4474-bf12-23fd8be27e37: the server could not find the requested resource (get pods dns-test-10bbd84e-02d7-4474-bf12-23fd8be27e37)&#xA;Aug 27 11:12:10.651: INFO: Unable to read jessie_udp@kubernetes.default.svc.cluster.local from pod dns-4105/dns-test-10bbd84e-02d7-4474-bf12-23fd8be27e37: the server could not find the requested resource (get pods dns-test-10bbd84e-02d7-4474-bf12-23fd8be27e37)&#xA;Aug 27 11:12:10.659: INFO: Unable to read jessie_tcp@kubernetes.default.svc.cluster.local from pod dns-4105/dns-test-10bbd84e-02d7-4474-bf12-23fd8be27e37: the server could not find the requested resource (get pods dns-test-10bbd84e-02d7-4474-bf12-23fd8be27e37)&#xA;Aug 27 11:12:10.663: INFO: Unable to read jessie_udp@PodARecord from pod dns-4105/dns-test-10bbd84e-02d7-4474-bf12-23fd8be27e37: the server could not find the requested resource (get pods dns-test-10bbd84e-02d7-4474-bf12-23fd8be27e37)&#xA;Aug 27 11:12:10.669: INFO: Unable to read jessie_tcp@PodARecord from pod dns-4105/dns-test-10bbd84e-02d7-4474-bf12-23fd8be27e37: the server could not find the requested resource (get pods dns-test-10bbd84e-02d7-4474-bf12-23fd8be27e37)&#xA;Aug 27 11:12:10.669: INFO: Lookups using dns-4105/dns-test-10bbd84e-02d7-4474-bf12-23fd8be27e37 failed for: [wheezy_udp@kubernetes.default.svc.cluster.local wheezy_tcp@kubernetes.default.svc.cluster.local wheezy_udp@PodARecord wheezy_tcp@PodARecord jessie_udp@kubernetes.default.svc.cluster.local jessie_tcp@kubernetes.default.svc.cluster.local jessie_udp@PodARecord jessie_tcp@PodARecord]&#xA;&#xA;Aug 27 11:12:15.631: INFO: Unable to read wheezy_udp@kubernetes.default.svc.cluster.local from pod dns-4105/dns-test-10bbd84e-02d7-4474-bf12-23fd8be27e37: the server could not find the requested resource (get pods dns-test-10bbd84e-02d7-4474-bf12-23fd8be27e37)&#xA;Aug 27 11:12:15.635: INFO: Unable to read wheezy_tcp@kubernetes.default.svc.cluster.local from pod dns-4105/dns-test-10bbd84e-02d7-4474-bf12-23fd8be27e37: the server could not find the requested resource (get pods dns-test-10bbd84e-02d7-4474-bf12-23fd8be27e37)&#xA;Aug 27 11:12:15.639: INFO: Unable to read wheezy_udp@PodARecord from pod dns-4105/dns-test-10bbd84e-02d7-4474-bf12-23fd8be27e37: the server could not find the requested resource (get pods dns-test-10bbd84e-02d7-4474-bf12-23fd8be27e37)&#xA;Aug 27 11:12:15.643: INFO: Unable to read wheezy_tcp@PodARecord from pod dns-4105/dns-test-10bbd84e-02d7-4474-bf12-23fd8be27e37: the server could not find the requested resource (get pods dns-test-10bbd84e-02d7-4474-bf12-23fd8be27e37)&#xA;Aug 27 11:12:15.650: INFO: Unable to read jessie_udp@kubernetes.default.svc.cluster.local from pod dns-4105/dns-test-10bbd84e-02d7-4474-bf12-23fd8be27e37: the server could not find the requested resource (get pods dns-test-10bbd84e-02d7-4474-bf12-23fd8be27e37)&#xA;Aug 27 11:12:15.655: INFO: Unable to read jessie_tcp@kubernetes.default.svc.cluster.local from pod dns-4105/dns-test-10bbd84e-02d7-4474-bf12-23fd8be27e37: the server could not find the requested resource (get pods dns-test-10bbd84e-02d7-4474-bf12-23fd8be27e37)&#xA;Aug 27 11:12:15.666: INFO: Unable to read jessie_udp@PodARecord from pod dns-4105/dns-test-10bbd84e-02d7-4474-bf12-23fd8be27e37: the server could not find the requested resource (get pods dns-test-10bbd84e-02d7-4474-bf12-23fd8be27e37)&#xA;Aug 27 11:12:15.680: INFO: Unable to read jessie_tcp@PodARecord from pod dns-4105/dns-test-10bbd84e-02d7-4474-bf12-23fd8be27e37: the server could not find the requested resource (get pods dns-test-10bbd84e-02d7-4474-bf12-23fd8be27e37)&#xA;Aug 27 11:12:15.680: INFO: Lookups using dns-4105/dns-test-10bbd84e-02d7-4474-bf12-23fd8be27e37 failed for: [wheezy_udp@kubernetes.default.svc.cluster.local wheezy_tcp@kubernetes.default.svc.cluster.local wheezy_udp@PodARecord wheezy_tcp@PodARecord jessie_udp@kubernetes.default.svc.cluster.local jessie_tcp@kubernetes.default.svc.cluster.local jessie_udp@PodARecord jessie_tcp@PodARecord]&#xA;&#xA;Aug 27 11:12:20.632: INFO: Unable to read wheezy_udp@kubernetes.default.svc.cluster.local from pod dns-4105/dns-test-10bbd84e-02d7-4474-bf12-23fd8be27e37: the server could not find the requested resource (get pods dns-test-10bbd84e-02d7-4474-bf12-23fd8be27e37)&#xA;Aug 27 11:12:20.638: INFO: Unable to read wheezy_tcp@kubernetes.default.svc.cluster.local from pod dns-4105/dns-test-10bbd84e-02d7-4474-bf12-23fd8be27e37: the server could not find the requested resource (get pods dns-test-10bbd84e-02d7-4474-bf12-23fd8be27e37)&#xA;Aug 27 11:12:20.641: INFO: Unable to read wheezy_udp@PodARecord from pod dns-4105/dns-test-10bbd84e-02d7-4474-bf12-23fd8be27e37: the server could not find the requested resource (get pods dns-test-10bbd84e-02d7-4474-bf12-23fd8be27e37)&#xA;Aug 27 11:12:20.645: INFO: Unable to read wheezy_tcp@PodARecord from pod dns-4105/dns-test-10bbd84e-02d7-4474-bf12-23fd8be27e37: the server could not find the requested resource (get pods dns-test-10bbd84e-02d7-4474-bf12-23fd8be27e37)&#xA;Aug 27 11:12:20.649: INFO: Unable to read jessie_udp@kubernetes.default.svc.cluster.local from pod dns-4105/dns-test-10bbd84e-02d7-4474-bf12-23fd8be27e37: the server could not find the requested resource (get pods dns-test-10bbd84e-02d7-4474-bf12-23fd8be27e37)&#xA;Aug 27 11:12:20.653: INFO: Unable to read jessie_tcp@kubernetes.default.svc.cluster.local from pod dns-4105/dns-test-10bbd84e-02d7-4474-bf12-23fd8be27e37: the server could not find the requested resource (get pods dns-test-10bbd84e-02d7-4474-bf12-23fd8be27e37)&#xA;Aug 27 11:12:20.656: INFO: Unable to read jessie_udp@PodARecord from pod dns-4105/dns-test-10bbd84e-02d7-4474-bf12-23fd8be27e37: the server could not find the requested resource (get pods dns-test-10bbd84e-02d7-4474-bf12-23fd8be27e37)&#xA;Aug 27 11:12:20.660: INFO: Unable to read jessie_tcp@PodARecord from pod dns-4105/dns-test-10bbd84e-02d7-4474-bf12-23fd8be27e37: the server could not find the requested resource (get pods dns-test-10bbd84e-02d7-4474-bf12-23fd8be27e37)&#xA;Aug 27 11:12:20.660: INFO: Lookups using dns-4105/dns-test-10bbd84e-02d7-4474-bf12-23fd8be27e37 failed for: [wheezy_udp@kubernetes.default.svc.cluster.local wheezy_tcp@kubernetes.default.svc.cluster.local wheezy_udp@PodARecord wheezy_tcp@PodARecord jessie_udp@kubernetes.default.svc.cluster.local jessie_tcp@kubernetes.default.svc.cluster.local jessie_udp@PodARecord jessie_tcp@PodARecord]&#xA;&#xA;Aug 27 11:12:25.664: INFO: Unable to read wheezy_udp@kubernetes.default.svc.cluster.local from pod dns-4105/dns-test-10bbd84e-02d7-4474-bf12-23fd8be27e37: the server could not find the requested resource (get pods dns-test-10bbd84e-02d7-4474-bf12-23fd8be27e37)&#xA;Aug 27 11:12:25.671: INFO: Unable to read wheezy_tcp@kubernetes.default.svc.cluster.local from pod dns-4105/dns-test-10bbd84e-02d7-4474-bf12-23fd8be27e37: the server could not find the requested resource (get pods dns-test-10bbd84e-02d7-4474-bf12-23fd8be27e37)&#xA;Aug 27 11:12:25.679: INFO: Unable to read wheezy_udp@PodARecord from pod dns-4105/dns-test-10bbd84e-02d7-4474-bf12-23fd8be27e37: the server could not find the requested resource (get pods dns-test-10bbd84e-02d7-4474-bf12-23fd8be27e37)&#xA;Aug 27 11:12:25.683: INFO: Unable to read wheezy_tcp@PodARecord from pod dns-4105/dns-test-10bbd84e-02d7-4474-bf12-23fd8be27e37: the server could not find the requested resource (get pods dns-test-10bbd84e-02d7-4474-bf12-23fd8be27e37)&#xA;Aug 27 11:12:25.686: INFO: Unable to read jessie_udp@kubernetes.default.svc.cluster.local from pod dns-4105/dns-test-10bbd84e-02d7-4474-bf12-23fd8be27e37: the server could not find the requested resource (get pods dns-test-10bbd84e-02d7-4474-bf12-23fd8be27e37)&#xA;Aug 27 11:12:25.689: INFO: Unable to read jessie_tcp@kubernetes.default.svc.cluster.local from pod dns-4105/dns-test-10bbd84e-02d7-4474-bf12-23fd8be27e37: the server could not find the requested resource (get pods dns-test-10bbd84e-02d7-4474-bf12-23fd8be27e37)&#xA;Aug 27 11:12:25.693: INFO: Unable to read jessie_udp@PodARecord from pod dns-4105/dns-test-10bbd84e-02d7-4474-bf12-23fd8be27e37: the server could not find the requested resource (get pods dns-test-10bbd84e-02d7-4474-bf12-23fd8be27e37)&#xA;Aug 27 11:12:25.697: INFO: Unable to read jessie_tcp@PodARecord from pod dns-4105/dns-test-10bbd84e-02d7-4474-bf12-23fd8be27e37: the server could not find the requested resource (get pods dns-test-10bbd84e-02d7-4474-bf12-23fd8be27e37)&#xA;Aug 27 11:12:25.697: INFO: Lookups using dns-4105/dns-test-10bbd84e-02d7-4474-bf12-23fd8be27e37 failed for: [wheezy_udp@kubernetes.default.svc.cluster.local wheezy_tcp@kubernetes.default.svc.cluster.local wheezy_udp@PodARecord wheezy_tcp@PodARecord jessie_udp@kubernetes.default.svc.cluster.local jessie_tcp@kubernetes.default.svc.cluster.local jessie_udp@PodARecord jessie_tcp@PodARecord]&#xA;&#xA;Aug 27 11:12:30.634: INFO: Unable to read wheezy_udp@kubernetes.default.svc.cluster.local from pod dns-4105/dns-test-10bbd84e-02d7-4474-bf12-23fd8be27e37: the server could not find the requested resource (get pods dns-test-10bbd84e-02d7-4474-bf12-23fd8be27e37)&#xA;Aug 27 11:12:30.645: INFO: Unable to read wheezy_tcp@kubernetes.default.svc.cluster.local from pod dns-4105/dns-test-10bbd84e-02d7-4474-bf12-23fd8be27e37: the server could not find the requested resource (get pods dns-test-10bbd84e-02d7-4474-bf12-23fd8be27e37)&#xA;Aug 27 11:12:30.649: INFO: Unable to read wheezy_udp@PodARecord from pod dns-4105/dns-test-10bbd84e-02d7-4474-bf12-23fd8be27e37: the server could not find the requested resource (get pods dns-test-10bbd84e-02d7-4474-bf12-23fd8be27e37)&#xA;Aug 27 11:12:30.654: INFO: Unable to read wheezy_tcp@PodARecord from pod dns-4105/dns-test-10bbd84e-02d7-4474-bf12-23fd8be27e37: the server could not find the requested resource (get pods dns-test-10bbd84e-02d7-4474-bf12-23fd8be27e37)&#xA;Aug 27 11:12:30.660: INFO: Unable to read jessie_udp@kubernetes.default.svc.cluster.local from pod dns-4105/dns-test-10bbd84e-02d7-4474-bf12-23fd8be27e37: the server could not find the requested resource (get pods dns-test-10bbd84e-02d7-4474-bf12-23fd8be27e37)&#xA;Aug 27 11:12:30.663: INFO: Unable to read jessie_tcp@kubernetes.default.svc.cluster.local from pod dns-4105/dns-test-10bbd84e-02d7-4474-bf12-23fd8be27e37: the server could not find the requested resource (get pods dns-test-10bbd84e-02d7-4474-bf12-23fd8be27e37)&#xA;Aug 27 11:12:30.667: INFO: Unable to read jessie_udp@PodARecord from pod dns-4105/dns-test-10bbd84e-02d7-4474-bf12-23fd8be27e37: the server could not find the requested resource (get pods dns-test-10bbd84e-02d7-4474-bf12-23fd8be27e37)&#xA;Aug 27 11:12:30.671: INFO: Unable to read jessie_tcp@PodARecord from pod dns-4105/dns-test-10bbd84e-02d7-4474-bf12-23fd8be27e37: the server could not find the requested resource (get pods dns-test-10bbd84e-02d7-4474-bf12-23fd8be27e37)&#xA;Aug 27 11:12:30.673: INFO: Lookups using dns-4105/dns-test-10bbd84e-02d7-4474-bf12-23fd8be27e37 failed for: [wheezy_udp@kubernetes.default.svc.cluster.local wheezy_tcp@kubernetes.default.svc.cluster.local wheezy_udp@PodARecord wheezy_tcp@PodARecord jessie_udp@kubernetes.default.svc.cluster.local jessie_tcp@kubernetes.default.svc.cluster.local jessie_udp@PodARecord jessie_tcp@PodARecord]&#xA;&#xA;Aug 27 11:12:35.631: INFO: Unable to read wheezy_udp@kubernetes.default.svc.cluster.local from pod dns-4105/dns-test-10bbd84e-02d7-4474-bf12-23fd8be27e37: the server could not find the requested resource (get pods dns-test-10bbd84e-02d7-4474-bf12-23fd8be27e37)&#xA;Aug 27 11:12:35.635: INFO: Unable to read wheezy_tcp@kubernetes.default.svc.cluster.local from pod dns-4105/dns-test-10bbd84e-02d7-4474-bf12-23fd8be27e37: the server could not find the requested resource (get pods dns-test-10bbd84e-02d7-4474-bf12-23fd8be27e37)&#xA;Aug 27 11:12:35.638: INFO: Unable to read wheezy_udp@PodARecord from pod dns-4105/dns-test-10bbd84e-02d7-4474-bf12-23fd8be27e37: the server could not find the requested resource (get pods dns-test-10bbd84e-02d7-4474-bf12-23fd8be27e37)&#xA;Aug 27 11:12:35.642: INFO: Unable to read wheezy_tcp@PodARecord from pod dns-4105/dns-test-10bbd84e-02d7-4474-bf12-23fd8be27e37: the server could not find the requested resource (get pods dns-test-10bbd84e-02d7-4474-bf12-23fd8be27e37)&#xA;Aug 27 11:12:35.646: INFO: Unable to read jessie_udp@kubernetes.default.svc.cluster.local from pod dns-4105/dns-test-10bbd84e-02d7-4474-bf12-23fd8be27e37: the server could not find the requested resource (get pods dns-test-10bbd84e-02d7-4474-bf12-23fd8be27e37)&#xA;Aug 27 11:12:35.649: INFO: Unable to read jessie_tcp@kubernetes.default.svc.cluster.local from pod dns-4105/dns-test-10bbd84e-02d7-4474-bf12-23fd8be27e37: the server could not find the requested resource (get pods dns-test-10bbd84e-02d7-4474-bf12-23fd8be27e37)&#xA;Aug 27 11:12:35.653: INFO: Unable to read jessie_udp@PodARecord from pod dns-4105/dns-test-10bbd84e-02d7-4474-bf12-23fd8be27e37: the server could not find the requested resource (get pods dns-test-10bbd84e-02d7-4474-bf12-23fd8be27e37)&#xA;Aug 27 11:12:35.656: INFO: Unable to read jessie_tcp@PodARecord from pod dns-4105/dns-test-10bbd84e-02d7-4474-bf12-23fd8be27e37: the server could not find the requested resource (get pods dns-test-10bbd84e-02d7-4474-bf12-23fd8be27e37)&#xA;Aug 27 11:12:35.656: INFO: Lookups using dns-4105/dns-test-10bbd84e-02d7-4474-bf12-23fd8be27e37 failed for: [wheezy_udp@kubernetes.default.svc.cluster.local wheezy_tcp@kubernetes.default.svc.cluster.local wheezy_udp@PodARecord wheezy_tcp@PodARecord jessie_udp@kubernetes.default.svc.cluster.local jessie_tcp@kubernetes.default.svc.cluster.local jessie_udp@PodARecord jessie_tcp@PodARecord]&#xA;&#xA;Aug 27 11:12:40.631: INFO: Unable to read wheezy_udp@kubernetes.default.svc.cluster.local from pod dns-4105/dns-test-10bbd84e-02d7-4474-bf12-23fd8be27e37: the server could not find the requested resource (get pods dns-test-10bbd84e-02d7-4474-bf12-23fd8be27e37)&#xA;Aug 27 11:12:40.635: INFO: Unable to read wheezy_tcp@kubernetes.default.svc.cluster.local from pod dns-4105/dns-test-10bbd84e-02d7-4474-bf12-23fd8be27e37: the server could not find the requested resource (get pods dns-test-10bbd84e-02d7-4474-bf12-23fd8be27e37)&#xA;Aug 27 11:12:40.638: INFO: Unable to read wheezy_udp@PodARecord from pod dns-4105/dns-test-10bbd84e-02d7-4474-bf12-23fd8be27e37: the server could not find the requested resource (get pods dns-test-10bbd84e-02d7-4474-bf12-23fd8be27e37)&#xA;Aug 27 11:12:40.641: INFO: Unable to read wheezy_tcp@PodARecord from pod dns-4105/dns-test-10bbd84e-02d7-4474-bf12-23fd8be27e37: the server could not find the requested resource (get pods dns-test-10bbd84e-02d7-4474-bf12-23fd8be27e37)&#xA;Aug 27 11:12:40.644: INFO: Unable to read jessie_udp@kubernetes.default.svc.cluster.local from pod dns-4105/dns-test-10bbd84e-02d7-4474-bf12-23fd8be27e37: the server could not find the requested resource (get pods dns-test-10bbd84e-02d7-4474-bf12-23fd8be27e37)&#xA;Aug 27 11:12:40.648: INFO: Unable to read jessie_tcp@kubernetes.default.svc.cluster.local from pod dns-4105/dns-test-10bbd84e-02d7-4474-bf12-23fd8be27e37: the server could not find the requested resource (get pods dns-test-10bbd84e-02d7-4474-bf12-23fd8be27e37)&#xA;Aug 27 11:12:40.651: INFO: Unable to read jessie_udp@PodARecord from pod dns-4105/dns-test-10bbd84e-02d7-4474-bf12-23fd8be27e37: the server could not find the requested resource (get pods dns-test-10bbd84e-02d7-4474-bf12-23fd8be27e37)&#xA;Aug 27 11:12:40.654: INFO: Unable to read jessie_tcp@PodARecord from pod dns-4105/dns-test-10bbd84e-02d7-4474-bf12-23fd8be27e37: the server could not find the requested resource (get pods dns-test-10bbd84e-02d7-4474-bf12-23fd8be27e37)&#xA;Aug 27 11:12:40.654: INFO: Lookups using dns-4105/dns-test-10bbd84e-02d7-4474-bf12-23fd8be27e37 failed for: [wheezy_udp@kubernetes.default.svc.cluster.local wheezy_tcp@kubernetes.default.svc.cluster.local wheezy_udp@PodARecord wheezy_tcp@PodARecord jessie_udp@kubernetes.default.svc.cluster.local jessie_tcp@kubernetes.default.svc.cluster.local jessie_udp@PodARecord jessie_tcp@PodARecord]&#xA;&#xA;Aug 27 11:12:45.630: INFO: Unable to read wheezy_udp@kubernetes.default.svc.cluster.local from pod dns-4105/dns-test-10bbd84e-02d7-4474-bf12-23fd8be27e37: the server could not find the requested resource (get pods dns-test-10bbd84e-02d7-4474-bf12-23fd8be27e37)&#xA;Aug 27 11:12:45.635: INFO: Unable to read wheezy_tcp@kubernetes.default.svc.cluster.local from pod dns-4105/dns-test-10bbd84e-02d7-4474-bf12-23fd8be27e37: the server could not find the requested resource (get pods dns-test-10bbd84e-02d7-4474-bf12-23fd8be27e37)&#xA;Aug 27 11:12:45.639: INFO: Unable to read wheezy_udp@PodARecord from pod dns-4105/dns-test-10bbd84e-02d7-4474-bf12-23fd8be27e37: the server could not find the requested resource (get pods dns-test-10bbd84e-02d7-4474-bf12-23fd8be27e37)&#xA;Aug 27 11:12:45.643: INFO: Unable to read wheezy_tcp@PodARecord from pod dns-4105/dns-test-10bbd84e-02d7-4474-bf12-23fd8be27e37: the server could not find the requested resource (get pods dns-test-10bbd84e-02d7-4474-bf12-23fd8be27e37)&#xA;Aug 27 11:12:45.646: INFO: Unable to read jessie_udp@kubernetes.default.svc.cluster.local from pod dns-4105/dns-test-10bbd84e-02d7-4474-bf12-23fd8be27e37: the server could not find the requested resource (get pods dns-test-10bbd84e-02d7-4474-bf12-23fd8be27e37)&#xA;Aug 27 11:12:45.651: INFO: Unable to read jessie_tcp@kubernetes.default.svc.cluster.local from pod dns-4105/dns-test-10bbd84e-02d7-4474-bf12-23fd8be27e37: the server could not find the requested resource (get pods dns-test-10bbd84e-02d7-4474-bf12-23fd8be27e37)&#xA;Aug 27 11:12:45.655: INFO: Unable to read jessie_udp@PodARecord from pod dns-4105/dns-test-10bbd84e-02d7-4474-bf12-23fd8be27e37: the server could not find the requested resource (get pods dns-test-10bbd84e-02d7-4474-bf12-23fd8be27e37)&#xA;Aug 27 11:12:45.662: INFO: Unable to read jessie_tcp@PodARecord from pod dns-4105/dns-test-10bbd84e-02d7-4474-bf12-23fd8be27e37: the server could not find the requested resource (get pods dns-test-10bbd84e-02d7-4474-bf12-23fd8be27e37)&#xA;Aug 27 11:12:45.662: INFO: Lookups using dns-4105/dns-test-10bbd84e-02d7-4474-bf12-23fd8be27e37 failed for: [wheezy_udp@kubernetes.default.svc.cluster.local wheezy_tcp@kubernetes.default.svc.cluster.local wheezy_udp@PodARecord wheezy_tcp@PodARecord jessie_udp@kubernetes.default.svc.cluster.local jessie_tcp@kubernetes.default.svc.cluster.local jessie_udp@PodARecord jessie_tcp@PodARecord]&#xA;&#xA;Aug 27 11:12:50.631: INFO: Unable to read wheezy_udp@kubernetes.default.svc.cluster.local from pod dns-4105/dns-test-10bbd84e-02d7-4474-bf12-23fd8be27e37: the server could not find the requested resource (get pods dns-test-10bbd84e-02d7-4474-bf12-23fd8be27e37)&#xA;Aug 27 11:12:50.639: INFO: Unable to read wheezy_tcp@kubernetes.default.svc.cluster.local from pod dns-4105/dns-test-10bbd84e-02d7-4474-bf12-23fd8be27e37: the server could not find the requested resource (get pods dns-test-10bbd84e-02d7-4474-bf12-23fd8be27e37)&#xA;Aug 27 11:12:50.644: INFO: Unable to read wheezy_udp@PodARecord from pod dns-4105/dns-test-10bbd84e-02d7-4474-bf12-23fd8be27e37: the server could not find the requested resource (get pods dns-test-10bbd84e-02d7-4474-bf12-23fd8be27e37)&#xA;Aug 27 11:12:50.659: INFO: Unable to read wheezy_tcp@PodARecord from pod dns-4105/dns-test-10bbd84e-02d7-4474-bf12-23fd8be27e37: the server could not find the requested resource (get pods dns-test-10bbd84e-02d7-4474-bf12-23fd8be27e37)&#xA;Aug 27 11:12:50.684: INFO: Unable to read jessie_udp@kubernetes.default.svc.cluster.local from pod dns-4105/dns-test-10bbd84e-02d7-4474-bf12-23fd8be27e37: the server could not find the requested resource (get pods dns-test-10bbd84e-02d7-4474-bf12-23fd8be27e37)&#xA;Aug 27 11:12:50.691: INFO: Unable to read jessie_tcp@kubernetes.default.svc.cluster.local from pod dns-4105/dns-test-10bbd84e-02d7-4474-bf12-23fd8be27e37: the server could not find the requested resource (get pods dns-test-10bbd84e-02d7-4474-bf12-23fd8be27e37)&#xA;Aug 27 11:12:50.696: INFO: Unable to read jessie_udp@PodARecord from pod dns-4105/dns-test-10bbd84e-02d7-4474-bf12-23fd8be27e37: the server could not find the requested resource (get pods dns-test-10bbd84e-02d7-4474-bf12-23fd8be27e37)&#xA;Aug 27 11:12:50.700: INFO: Unable to read jessie_tcp@PodARecord from pod dns-4105/dns-test-10bbd84e-02d7-4474-bf12-23fd8be27e37: the server could not find the requested resource (get pods dns-test-10bbd84e-02d7-4474-bf12-23fd8be27e37)&#xA;Aug 27 11:12:50.700: INFO: Lookups using dns-4105/dns-test-10bbd84e-02d7-4474-bf12-23fd8be27e37 failed for: [wheezy_udp@kubernetes.default.svc.cluster.local wheezy_tcp@kubernetes.default.svc.cluster.local wheezy_udp@PodARecord wheezy_tcp@PodARecord jessie_udp@kubernetes.default.svc.cluster.local jessie_tcp@kubernetes.default.svc.cluster.local jessie_udp@PodARecord jessie_tcp@PodARecord]&#xA;&#xA;Aug 27 11:12:55.633: INFO: Unable to read wheezy_udp@kubernetes.default.svc.cluster.local from pod dns-4105/dns-test-10bbd84e-02d7-4474-bf12-23fd8be27e37: the server could not find the requested resource (get pods dns-test-10bbd84e-02d7-4474-bf12-23fd8be27e37)&#xA;Aug 27 11:12:55.637: INFO: Unable to read wheezy_tcp@kubernetes.default.svc.cluster.local from pod dns-4105/dns-test-10bbd84e-02d7-4474-bf12-23fd8be27e37: the server could not find the requested resource (get pods dns-test-10bbd84e-02d7-4474-bf12-23fd8be27e37)&#xA;Aug 27 11:12:55.655: INFO: Unable to read wheezy_udp@PodARecord from pod dns-4105/dns-test-10bbd84e-02d7-4474-bf12-23fd8be27e37: the server could not find the requested resource (get pods dns-test-10bbd84e-02d7-4474-bf12-23fd8be27e37)&#xA;Aug 27 11:12:55.659: INFO: Unable to read wheezy_tcp@PodARecord from pod dns-4105/dns-test-10bbd84e-02d7-4474-bf12-23fd8be27e37: the server could not find the requested resource (get pods dns-test-10bbd84e-02d7-4474-bf12-23fd8be27e37)&#xA;Aug 27 11:12:55.665: INFO: Unable to read jessie_udp@kubernetes.default.svc.cluster.local from pod dns-4105/dns-test-10bbd84e-02d7-4474-bf12-23fd8be27e37: the server could not find the requested resource (get pods dns-test-10bbd84e-02d7-4474-bf12-23fd8be27e37)&#xA;Aug 27 11:12:55.670: INFO: Unable to read jessie_tcp@kubernetes.default.svc.cluster.local from pod dns-4105/dns-test-10bbd84e-02d7-4474-bf12-23fd8be27e37: the server could not find the requested resource (get pods dns-test-10bbd84e-02d7-4474-bf12-23fd8be27e37)&#xA;Aug 27 11:12:55.674: INFO: Unable to read jessie_udp@PodARecord from pod dns-4105/dns-test-10bbd84e-02d7-4474-bf12-23fd8be27e37: the server could not find the requested resource (get pods dns-test-10bbd84e-02d7-4474-bf12-23fd8be27e37)&#xA;Aug 27 11:12:55.678: INFO: Unable to read jessie_tcp@PodARecord from pod dns-4105/dns-test-10bbd84e-02d7-4474-bf12-23fd8be27e37: the server could not find the requested resource (get pods dns-test-10bbd84e-02d7-4474-bf12-23fd8be27e37)&#xA;Aug 27 11:12:55.679: INFO: Lookups using dns-4105/dns-test-10bbd84e-02d7-4474-bf12-23fd8be27e37 failed for: [wheezy_udp@kubernetes.default.svc.cluster.local wheezy_tcp@kubernetes.default.svc.cluster.local wheezy_udp@PodARecord wheezy_tcp@PodARecord jessie_udp@kubernetes.default.svc.cluster.local jessie_tcp@kubernetes.default.svc.cluster.local jessie_udp@PodARecord jessie_tcp@PodARecord]&#xA;&#xA;Aug 27 11:13:00.637: INFO: Unable to read wheezy_udp@kubernetes.default.svc.cluster.local from pod dns-4105/dns-test-10bbd84e-02d7-4474-bf12-23fd8be27e37: the server could not find the requested resource (get pods dns-test-10bbd84e-02d7-4474-bf12-23fd8be27e37)&#xA;Aug 27 11:13:00.641: INFO: Unable to read wheezy_tcp@kubernetes.default.svc.cluster.local from pod dns-4105/dns-test-10bbd84e-02d7-4474-bf12-23fd8be27e37: the server could not find the requested resource (get pods dns-test-10bbd84e-02d7-4474-bf12-23fd8be27e37)&#xA;Aug 27 11:13:00.647: INFO: Unable to read wheezy_udp@PodARecord from pod dns-4105/dns-test-10bbd84e-02d7-4474-bf12-23fd8be27e37: the server could not find the requested resource (get pods dns-test-10bbd84e-02d7-4474-bf12-23fd8be27e37)&#xA;Aug 27 11:13:00.651: INFO: Unable to read wheezy_tcp@PodARecord from pod dns-4105/dns-test-10bbd84e-02d7-4474-bf12-23fd8be27e37: the server could not find the requested resource (get pods dns-test-10bbd84e-02d7-4474-bf12-23fd8be27e37)&#xA;Aug 27 11:13:00.659: INFO: Unable to read jessie_udp@kubernetes.default.svc.cluster.local from pod dns-4105/dns-test-10bbd84e-02d7-4474-bf12-23fd8be27e37: the server could not find the requested resource (get pods dns-test-10bbd84e-02d7-4474-bf12-23fd8be27e37)&#xA;Aug 27 11:13:00.665: INFO: Unable to read jessie_tcp@kubernetes.default.svc.cluster.local from pod dns-4105/dns-test-10bbd84e-02d7-4474-bf12-23fd8be27e37: the server could not find the requested resource (get pods dns-test-10bbd84e-02d7-4474-bf12-23fd8be27e37)&#xA;Aug 27 11:13:00.669: INFO: Unable to read jessie_udp@PodARecord from pod dns-4105/dns-test-10bbd84e-02d7-4474-bf12-23fd8be27e37: the server could not find the requested resource (get pods dns-test-10bbd84e-02d7-4474-bf12-23fd8be27e37)&#xA;Aug 27 11:13:00.672: INFO: Unable to read jessie_tcp@PodARecord from pod dns-4105/dns-test-10bbd84e-02d7-4474-bf12-23fd8be27e37: the server could not find the requested resource (get pods dns-test-10bbd84e-02d7-4474-bf12-23fd8be27e37)&#xA;Aug 27 11:13:00.672: INFO: Lookups using dns-4105/dns-test-10bbd84e-02d7-4474-bf12-23fd8be27e37 failed for: [wheezy_udp@kubernetes.default.svc.cluster.local wheezy_tcp@kubernetes.default.svc.cluster.local wheezy_udp@PodARecord wheezy_tcp@PodARecord jessie_udp@kubernetes.default.svc.cluster.local jessie_tcp@kubernetes.default.svc.cluster.local jessie_udp@PodARecord jessie_tcp@PodARecord]&#xA;&#xA;Aug 27 11:13:05.630: INFO: Unable to read wheezy_udp@kubernetes.default.svc.cluster.local from pod dns-4105/dns-test-10bbd84e-02d7-4474-bf12-23fd8be27e37: the server could not find the requested resource (get pods dns-test-10bbd84e-02d7-4474-bf12-23fd8be27e37)&#xA;Aug 27 11:13:05.634: INFO: Unable to read wheezy_tcp@kubernetes.default.svc.cluster.local from pod dns-4105/dns-test-10bbd84e-02d7-4474-bf12-23fd8be27e37: the server could not find the requested resource (get pods dns-test-10bbd84e-02d7-4474-bf12-23fd8be27e37)&#xA;Aug 27 11:13:05.641: INFO: Unable to read wheezy_udp@PodARecord from pod dns-4105/dns-test-10bbd84e-02d7-4474-bf12-23fd8be27e37: the server could not find the requested resource (get pods dns-test-10bbd84e-02d7-4474-bf12-23fd8be27e37)&#xA;Aug 27 11:13:05.644: INFO: Unable to read wheezy_tcp@PodARecord from pod dns-4105/dns-test-10bbd84e-02d7-4474-bf12-23fd8be27e37: the server could not find the requested resource (get pods dns-test-10bbd84e-02d7-4474-bf12-23fd8be27e37)&#xA;Aug 27 11:13:05.656: INFO: Unable to read jessie_udp@kubernetes.default.svc.cluster.local from pod dns-4105/dns-test-10bbd84e-02d7-4474-bf12-23fd8be27e37: the server could not find the requested resource (get pods dns-test-10bbd84e-02d7-4474-bf12-23fd8be27e37)&#xA;Aug 27 11:13:05.660: INFO: Unable to read jessie_tcp@kubernetes.default.svc.cluster.local from pod dns-4105/dns-test-10bbd84e-02d7-4474-bf12-23fd8be27e37: the server could not find the requested resource (get pods dns-test-10bbd84e-02d7-4474-bf12-23fd8be27e37)&#xA;Aug 27 11:13:05.663: INFO: Unable to read jessie_udp@PodARecord from pod dns-4105/dns-test-10bbd84e-02d7-4474-bf12-23fd8be27e37: the server could not find the requested resource (get pods dns-test-10bbd84e-02d7-4474-bf12-23fd8be27e37)&#xA;Aug 27 11:13:05.667: INFO: Unable to read jessie_tcp@PodARecord from pod dns-4105/dns-test-10bbd84e-02d7-4474-bf12-23fd8be27e37: the server could not find the requested resource (get pods dns-test-10bbd84e-02d7-4474-bf12-23fd8be27e37)&#xA;Aug 27 11:13:05.667: INFO: Lookups using dns-4105/dns-test-10bbd84e-02d7-4474-bf12-23fd8be27e37 failed for: [wheezy_udp@kubernetes.default.svc.cluster.local wheezy_tcp@kubernetes.default.svc.cluster.local wheezy_udp@PodARecord wheezy_tcp@PodARecord jessie_udp@kubernetes.default.svc.cluster.local jessie_tcp@kubernetes.default.svc.cluster.local jessie_udp@PodARecord jessie_tcp@PodARecord]&#xA;&#xA;Aug 27 11:13:10.631: INFO: Unable to read wheezy_udp@kubernetes.default.svc.cluster.local from pod dns-4105/dns-test-10bbd84e-02d7-4474-bf12-23fd8be27e37: the server could not find the requested resource (get pods dns-test-10bbd84e-02d7-4474-bf12-23fd8be27e37)&#xA;Aug 27 11:13:10.634: INFO: Unable to read wheezy_tcp@kubernetes.default.svc.cluster.local from pod dns-4105/dns-test-10bbd84e-02d7-4474-bf12-23fd8be27e37: the server could not find the requested resource (get pods dns-test-10bbd84e-02d7-4474-bf12-23fd8be27e37)&#xA;Aug 27 11:13:10.636: INFO: Unable to read wheezy_udp@PodARecord from pod dns-4105/dns-test-10bbd84e-02d7-4474-bf12-23fd8be27e37: the server could not find the requested resource (get pods dns-test-10bbd84e-02d7-4474-bf12-23fd8be27e37)&#xA;Aug 27 11:13:10.639: INFO: Unable to read wheezy_tcp@PodARecord from pod dns-4105/dns-test-10bbd84e-02d7-4474-bf12-23fd8be27e37: the server could not find the requested resource (get pods dns-test-10bbd84e-02d7-4474-bf12-23fd8be27e37)&#xA;Aug 27 11:13:10.644: INFO: Unable to read jessie_udp@kubernetes.default.svc.cluster.local from pod dns-4105/dns-test-10bbd84e-02d7-4474-bf12-23fd8be27e37: the server could not find the requested resource (get pods dns-test-10bbd84e-02d7-4474-bf12-23fd8be27e37)&#xA;Aug 27 11:13:10.647: INFO: Unable to read jessie_tcp@kubernetes.default.svc.cluster.local from pod dns-4105/dns-test-10bbd84e-02d7-4474-bf12-23fd8be27e37: the server could not find the requested resource (get pods dns-test-10bbd84e-02d7-4474-bf12-23fd8be27e37)&#xA;Aug 27 11:13:10.651: INFO: Unable to read jessie_udp@PodARecord from pod dns-4105/dns-test-10bbd84e-02d7-4474-bf12-23fd8be27e37: the server could not find the requested resource (get pods dns-test-10bbd84e-02d7-4474-bf12-23fd8be27e37)&#xA;Aug 27 11:13:10.654: INFO: Unable to read jessie_tcp@PodARecord from pod dns-4105/dns-test-10bbd84e-02d7-4474-bf12-23fd8be27e37: the server could not find the requested resource (get pods dns-test-10bbd84e-02d7-4474-bf12-23fd8be27e37)&#xA;Aug 27 11:13:10.654: INFO: Lookups using dns-4105/dns-test-10bbd84e-02d7-4474-bf12-23fd8be27e37 failed for: [wheezy_udp@kubernetes.default.svc.cluster.local wheezy_tcp@kubernetes.default.svc.cluster.local wheezy_udp@PodARecord wheezy_tcp@PodARecord jessie_udp@kubernetes.default.svc.cluster.local jessie_tcp@kubernetes.default.svc.cluster.local jessie_udp@PodARecord jessie_tcp@PodARecord]&#xA;&#xA;Aug 27 11:13:15.630: INFO: Unable to read wheezy_udp@kubernetes.default.svc.cluster.local from pod dns-4105/dns-test-10bbd84e-02d7-4474-bf12-23fd8be27e37: the server could not find the requested resource (get pods dns-test-10bbd84e-02d7-4474-bf12-23fd8be27e37)&#xA;Aug 27 11:13:15.634: INFO: Unable to read wheezy_tcp@kubernetes.default.svc.cluster.local from pod dns-4105/dns-test-10bbd84e-02d7-4474-bf12-23fd8be27e37: the server could not find the requested resource (get pods dns-test-10bbd84e-02d7-4474-bf12-23fd8be27e37)&#xA;Aug 27 11:13:15.638: INFO: Unable to read wheezy_udp@PodARecord from pod dns-4105/dns-test-10bbd84e-02d7-4474-bf12-23fd8be27e37: the server could not find the requested resource (get pods dns-test-10bbd84e-02d7-4474-bf12-23fd8be27e37)&#xA;Aug 27 11:13:15.643: INFO: Unable to read wheezy_tcp@PodARecord from pod dns-4105/dns-test-10bbd84e-02d7-4474-bf12-23fd8be27e37: the server could not find the requested resource (get pods dns-test-10bbd84e-02d7-4474-bf12-23fd8be27e37)&#xA;Aug 27 11:13:15.646: INFO: Unable to read jessie_udp@kubernetes.default.svc.cluster.local from pod dns-4105/dns-test-10bbd84e-02d7-4474-bf12-23fd8be27e37: the server could not find the requested resource (get pods dns-test-10bbd84e-02d7-4474-bf12-23fd8be27e37)&#xA;Aug 27 11:13:15.649: INFO: Unable to read jessie_tcp@kubernetes.default.svc.cluster.local from pod dns-4105/dns-test-10bbd84e-02d7-4474-bf12-23fd8be27e37: the server could not find the requested resource (get pods dns-test-10bbd84e-02d7-4474-bf12-23fd8be27e37)&#xA;Aug 27 11:13:15.653: INFO: Unable to read jessie_udp@PodARecord from pod dns-4105/dns-test-10bbd84e-02d7-4474-bf12-23fd8be27e37: the server could not find the requested resource (get pods dns-test-10bbd84e-02d7-4474-bf12-23fd8be27e37)&#xA;Aug 27 11:13:15.657: INFO: Unable to read jessie_tcp@PodARecord from pod dns-4105/dns-test-10bbd84e-02d7-4474-bf12-23fd8be27e37: the server could not find the requested resource (get pods dns-test-10bbd84e-02d7-4474-bf12-23fd8be27e37)&#xA;Aug 27 11:13:15.657: INFO: Lookups using dns-4105/dns-test-10bbd84e-02d7-4474-bf12-23fd8be27e37 failed for: [wheezy_udp@kubernetes.default.svc.cluster.local wheezy_tcp@kubernetes.default.svc.cluster.local wheezy_udp@PodARecord wheezy_tcp@PodARecord jessie_udp@kubernetes.default.svc.cluster.local jessie_tcp@kubernetes.default.svc.cluster.local jessie_udp@PodARecord jessie_tcp@PodARecord]&#xA;&#xA;Aug 27 11:13:20.632: INFO: Unable to read wheezy_udp@kubernetes.default.svc.cluster.local from pod dns-4105/dns-test-10bbd84e-02d7-4474-bf12-23fd8be27e37: the server could not find the requested resource (get pods dns-test-10bbd84e-02d7-4474-bf12-23fd8be27e37)&#xA;Aug 27 11:13:20.637: INFO: Unable to read wheezy_tcp@kubernetes.default.svc.cluster.local from pod dns-4105/dns-test-10bbd84e-02d7-4474-bf12-23fd8be27e37: the server could not find the requested resource (get pods dns-test-10bbd84e-02d7-4474-bf12-23fd8be27e37)&#xA;Aug 27 11:13:20.640: INFO: Unable to read wheezy_udp@PodARecord from pod dns-4105/dns-test-10bbd84e-02d7-4474-bf12-23fd8be27e37: the server could not find the requested resource (get pods dns-test-10bbd84e-02d7-4474-bf12-23fd8be27e37)&#xA;Aug 27 11:13:20.645: INFO: Unable to read wheezy_tcp@PodARecord from pod dns-4105/dns-test-10bbd84e-02d7-4474-bf12-23fd8be27e37: the server could not find the requested resource (get pods dns-test-10bbd84e-02d7-4474-bf12-23fd8be27e37)&#xA;Aug 27 11:13:20.648: INFO: Unable to read jessie_udp@kubernetes.default.svc.cluster.local from pod dns-4105/dns-test-10bbd84e-02d7-4474-bf12-23fd8be27e37: the server could not find the requested resource (get pods dns-test-10bbd84e-02d7-4474-bf12-23fd8be27e37)&#xA;Aug 27 11:13:20.653: INFO: Unable to read jessie_tcp@kubernetes.default.svc.cluster.local from pod dns-4105/dns-test-10bbd84e-02d7-4474-bf12-23fd8be27e37: the server could not find the requested resource (get pods dns-test-10bbd84e-02d7-4474-bf12-23fd8be27e37)&#xA;Aug 27 11:13:20.661: INFO: Unable to read jessie_udp@PodARecord from pod dns-4105/dns-test-10bbd84e-02d7-4474-bf12-23fd8be27e37: the server could not find the requested resource (get pods dns-test-10bbd84e-02d7-4474-bf12-23fd8be27e37)&#xA;Aug 27 11:13:20.665: INFO: Unable to read jessie_tcp@PodARecord from pod dns-4105/dns-test-10bbd84e-02d7-4474-bf12-23fd8be27e37: the server could not find the requested resource (get pods dns-test-10bbd84e-02d7-4474-bf12-23fd8be27e37)&#xA;Aug 27 11:13:20.665: INFO: Lookups using dns-4105/dns-test-10bbd84e-02d7-4474-bf12-23fd8be27e37 failed for: [wheezy_udp@kubernetes.default.svc.cluster.local wheezy_tcp@kubernetes.default.svc.cluster.local wheezy_udp@PodARecord wheezy_tcp@PodARecord jessie_udp@kubernetes.default.svc.cluster.local jessie_tcp@kubernetes.default.svc.cluster.local jessie_udp@PodARecord jessie_tcp@PodARecord]&#xA;&#xA;Aug 27 11:13:25.631: INFO: Unable to read wheezy_udp@kubernetes.default.svc.cluster.local from pod dns-4105/dns-test-10bbd84e-02d7-4474-bf12-23fd8be27e37: the server could not find the requested resource (get pods dns-test-10bbd84e-02d7-4474-bf12-23fd8be27e37)&#xA;Aug 27 11:13:25.635: INFO: Unable to read wheezy_tcp@kubernetes.default.svc.cluster.local from pod dns-4105/dns-test-10bbd84e-02d7-4474-bf12-23fd8be27e37: the server could not find the requested resource (get pods dns-test-10bbd84e-02d7-4474-bf12-23fd8be27e37)&#xA;Aug 27 11:13:25.639: INFO: Unable to read wheezy_udp@PodARecord from pod dns-4105/dns-test-10bbd84e-02d7-4474-bf12-23fd8be27e37: the server could not find the requested resource (get pods dns-test-10bbd84e-02d7-4474-bf12-23fd8be27e37)&#xA;Aug 27 11:13:25.642: INFO: Unable to read wheezy_tcp@PodARecord from pod dns-4105/dns-test-10bbd84e-02d7-4474-bf12-23fd8be27e37: the server could not find the requested resource (get pods dns-test-10bbd84e-02d7-4474-bf12-23fd8be27e37)&#xA;Aug 27 11:13:25.661: INFO: Unable to read jessie_udp@kubernetes.default.svc.cluster.local from pod dns-4105/dns-test-10bbd84e-02d7-4474-bf12-23fd8be27e37: the server could not find the requested resource (get pods dns-test-10bbd84e-02d7-4474-bf12-23fd8be27e37)&#xA;Aug 27 11:13:25.671: INFO: Unable to read jessie_tcp@kubernetes.default.svc.cluster.local from pod dns-4105/dns-test-10bbd84e-02d7-4474-bf12-23fd8be27e37: the server could not find the requested resource (get pods dns-test-10bbd84e-02d7-4474-bf12-23fd8be27e37)&#xA;Aug 27 11:13:25.703: INFO: Unable to read jessie_udp@PodARecord from pod dns-4105/dns-test-10bbd84e-02d7-4474-bf12-23fd8be27e37: the server could not find the requested resource (get pods dns-test-10bbd84e-02d7-4474-bf12-23fd8be27e37)&#xA;Aug 27 11:13:25.710: INFO: Unable to read jessie_tcp@PodARecord from pod dns-4105/dns-test-10bbd84e-02d7-4474-bf12-23fd8be27e37: the server could not find the requested resource (get pods dns-test-10bbd84e-02d7-4474-bf12-23fd8be27e37)&#xA;Aug 27 11:13:25.710: INFO: Lookups using dns-4105/dns-test-10bbd84e-02d7-4474-bf12-23fd8be27e37 failed for: [wheezy_udp@kubernetes.default.svc.cluster.local wheezy_tcp@kubernetes.default.svc.cluster.local wheezy_udp@PodARecord wheezy_tcp@PodARecord jessie_udp@kubernetes.default.svc.cluster.local jessie_tcp@kubernetes.default.svc.cluster.local jessie_udp@PodARecord jessie_tcp@PodARecord]&#xA;&#xA;Aug 27 11:13:30.644: INFO: Unable to read wheezy_udp@kubernetes.default.svc.cluster.local from pod dns-4105/dns-test-10bbd84e-02d7-4474-bf12-23fd8be27e37: the server could not find the requested resource (get pods dns-test-10bbd84e-02d7-4474-bf12-23fd8be27e37)&#xA;Aug 27 11:13:30.654: INFO: Unable to read wheezy_tcp@kubernetes.default.svc.cluster.local from pod dns-4105/dns-test-10bbd84e-02d7-4474-bf12-23fd8be27e37: the server could not find the requested resource (get pods dns-test-10bbd84e-02d7-4474-bf12-23fd8be27e37)&#xA;Aug 27 11:13:30.659: INFO: Unable to read wheezy_udp@PodARecord from pod dns-4105/dns-test-10bbd84e-02d7-4474-bf12-23fd8be27e37: the server could not find the requested resource (get pods dns-test-10bbd84e-02d7-4474-bf12-23fd8be27e37)&#xA;Aug 27 11:13:30.666: INFO: Unable to read wheezy_tcp@PodARecord from pod dns-4105/dns-test-10bbd84e-02d7-4474-bf12-23fd8be27e37: the server could not find the requested resource (get pods dns-test-10bbd84e-02d7-4474-bf12-23fd8be27e37)&#xA;Aug 27 11:13:30.669: INFO: Unable to read jessie_udp@kubernetes.default.svc.cluster.local from pod dns-4105/dns-test-10bbd84e-02d7-4474-bf12-23fd8be27e37: the server could not find the requested resource (get pods dns-test-10bbd84e-02d7-4474-bf12-23fd8be27e37)&#xA;Aug 27 11:13:30.672: INFO: Unable to read jessie_tcp@kubernetes.default.svc.cluster.local from pod dns-4105/dns-test-10bbd84e-02d7-4474-bf12-23fd8be27e37: the server could not find the requested resource (get pods dns-test-10bbd84e-02d7-4474-bf12-23fd8be27e37)&#xA;Aug 27 11:13:30.676: INFO: Unable to read jessie_udp@PodARecord from pod dns-4105/dns-test-10bbd84e-02d7-4474-bf12-23fd8be27e37: the server could not find the requested resource (get pods dns-test-10bbd84e-02d7-4474-bf12-23fd8be27e37)&#xA;Aug 27 11:13:30.680: INFO: Unable to read jessie_tcp@PodARecord from pod dns-4105/dns-test-10bbd84e-02d7-4474-bf12-23fd8be27e37: the server could not find the requested resource (get pods dns-test-10bbd84e-02d7-4474-bf12-23fd8be27e37)&#xA;Aug 27 11:13:30.680: INFO: Lookups using dns-4105/dns-test-10bbd84e-02d7-4474-bf12-23fd8be27e37 failed for: [wheezy_udp@kubernetes.default.svc.cluster.local wheezy_tcp@kubernetes.default.svc.cluster.local wheezy_udp@PodARecord wheezy_tcp@PodARecord jessie_udp@kubernetes.default.svc.cluster.local jessie_tcp@kubernetes.default.svc.cluster.local jessie_udp@PodARecord jessie_tcp@PodARecord]&#xA;&#xA;Aug 27 11:13:35.632: INFO: Unable to read wheezy_udp@kubernetes.default.svc.cluster.local from pod dns-4105/dns-test-10bbd84e-02d7-4474-bf12-23fd8be27e37: the server could not find the requested resource (get pods dns-test-10bbd84e-02d7-4474-bf12-23fd8be27e37)&#xA;Aug 27 11:13:35.639: INFO: Unable to read wheezy_tcp@kubernetes.default.svc.cluster.local from pod dns-4105/dns-test-10bbd84e-02d7-4474-bf12-23fd8be27e37: the server could not find the requested resource (get pods dns-test-10bbd84e-02d7-4474-bf12-23fd8be27e37)&#xA;Aug 27 11:13:35.645: INFO: Unable to read wheezy_udp@PodARecord from pod dns-4105/dns-test-10bbd84e-02d7-4474-bf12-23fd8be27e37: the server could not find the requested resource (get pods dns-test-10bbd84e-02d7-4474-bf12-23fd8be27e37)&#xA;Aug 27 11:13:35.649: INFO: Unable to read wheezy_tcp@PodARecord from pod dns-4105/dns-test-10bbd84e-02d7-4474-bf12-23fd8be27e37: the server could not find the requested resource (get pods dns-test-10bbd84e-02d7-4474-bf12-23fd8be27e37)&#xA;Aug 27 11:13:35.653: INFO: Unable to read jessie_udp@kubernetes.default.svc.cluster.local from pod dns-4105/dns-test-10bbd84e-02d7-4474-bf12-23fd8be27e37: the server could not find the requested resource (get pods dns-test-10bbd84e-02d7-4474-bf12-23fd8be27e37)&#xA;Aug 27 11:13:35.659: INFO: Unable to read jessie_tcp@kubernetes.default.svc.cluster.local from pod dns-4105/dns-test-10bbd84e-02d7-4474-bf12-23fd8be27e37: the server could not find the requested resource (get pods dns-test-10bbd84e-02d7-4474-bf12-23fd8be27e37)&#xA;Aug 27 11:13:35.666: INFO: Unable to read jessie_udp@PodARecord from pod dns-4105/dns-test-10bbd84e-02d7-4474-bf12-23fd8be27e37: the server could not find the requested resource (get pods dns-test-10bbd84e-02d7-4474-bf12-23fd8be27e37)&#xA;Aug 27 11:13:35.673: INFO: Unable to read jessie_tcp@PodARecord from pod dns-4105/dns-test-10bbd84e-02d7-4474-bf12-23fd8be27e37: the server could not find the requested resource (get pods dns-test-10bbd84e-02d7-4474-bf12-23fd8be27e37)&#xA;Aug 27 11:13:35.673: INFO: Lookups using dns-4105/dns-test-10bbd84e-02d7-4474-bf12-23fd8be27e37 failed for: [wheezy_udp@kubernetes.default.svc.cluster.local wheezy_tcp@kubernetes.default.svc.cluster.local wheezy_udp@PodARecord wheezy_tcp@PodARecord jessie_udp@kubernetes.default.svc.cluster.local jessie_tcp@kubernetes.default.svc.cluster.local jessie_udp@PodARecord jessie_tcp@PodARecord]&#xA;&#xA;Aug 27 11:13:40.631: INFO: Unable to read wheezy_udp@kubernetes.default.svc.cluster.local from pod dns-4105/dns-test-10bbd84e-02d7-4474-bf12-23fd8be27e37: the server could not find the requested resource (get pods dns-test-10bbd84e-02d7-4474-bf12-23fd8be27e37)&#xA;Aug 27 11:13:40.635: INFO: Unable to read wheezy_tcp@kubernetes.default.svc.cluster.local from pod dns-4105/dns-test-10bbd84e-02d7-4474-bf12-23fd8be27e37: the server could not find the requested resource (get pods dns-test-10bbd84e-02d7-4474-bf12-23fd8be27e37)&#xA;Aug 27 11:13:40.639: INFO: Unable to read wheezy_udp@PodARecord from pod dns-4105/dns-test-10bbd84e-02d7-4474-bf12-23fd8be27e37: the server could not find the requested resource (get pods dns-test-10bbd84e-02d7-4474-bf12-23fd8be27e37)&#xA;Aug 27 11:13:40.643: INFO: Unable to read wheezy_tcp@PodARecord from pod dns-4105/dns-test-10bbd84e-02d7-4474-bf12-23fd8be27e37: the server could not find the requested resource (get pods dns-test-10bbd84e-02d7-4474-bf12-23fd8be27e37)&#xA;Aug 27 11:13:40.647: INFO: Unable to read jessie_udp@kubernetes.default.svc.cluster.local from pod dns-4105/dns-test-10bbd84e-02d7-4474-bf12-23fd8be27e37: the server could not find the requested resource (get pods dns-test-10bbd84e-02d7-4474-bf12-23fd8be27e37)&#xA;Aug 27 11:13:40.650: INFO: Unable to read jessie_tcp@kubernetes.default.svc.cluster.local from pod dns-4105/dns-test-10bbd84e-02d7-4474-bf12-23fd8be27e37: the server could not find the requested resource (get pods dns-test-10bbd84e-02d7-4474-bf12-23fd8be27e37)&#xA;Aug 27 11:13:40.653: INFO: Unable to read jessie_udp@PodARecord from pod dns-4105/dns-test-10bbd84e-02d7-4474-bf12-23fd8be27e37: the server could not find the requested resource (get pods dns-test-10bbd84e-02d7-4474-bf12-23fd8be27e37)&#xA;Aug 27 11:13:40.657: INFO: Unable to read jessie_tcp@PodARecord from pod dns-4105/dns-test-10bbd84e-02d7-4474-bf12-23fd8be27e37: the server could not find the requested resource (get pods dns-test-10bbd84e-02d7-4474-bf12-23fd8be27e37)&#xA;Aug 27 11:13:40.657: INFO: Lookups using dns-4105/dns-test-10bbd84e-02d7-4474-bf12-23fd8be27e37 failed for: [wheezy_udp@kubernetes.default.svc.cluster.local wheezy_tcp@kubernetes.default.svc.cluster.local wheezy_udp@PodARecord wheezy_tcp@PodARecord jessie_udp@kubernetes.default.svc.cluster.local jessie_tcp@kubernetes.default.svc.cluster.local jessie_udp@PodARecord jessie_tcp@PodARecord]&#xA;&#xA;Aug 27 11:13:45.633: INFO: Unable to read wheezy_udp@kubernetes.default.svc.cluster.local from pod dns-4105/dns-test-10bbd84e-02d7-4474-bf12-23fd8be27e37: the server could not find the requested resource (get pods dns-test-10bbd84e-02d7-4474-bf12-23fd8be27e37)&#xA;Aug 27 11:13:45.637: INFO: Unable to read wheezy_tcp@kubernetes.default.svc.cluster.local from pod dns-4105/dns-test-10bbd84e-02d7-4474-bf12-23fd8be27e37: the server could not find the requested resource (get pods dns-test-10bbd84e-02d7-4474-bf12-23fd8be27e37)&#xA;Aug 27 11:13:45.642: INFO: Unable to read wheezy_udp@PodARecord from pod dns-4105/dns-test-10bbd84e-02d7-4474-bf12-23fd8be27e37: the server could not find the requested resource (get pods dns-test-10bbd84e-02d7-4474-bf12-23fd8be27e37)&#xA;Aug 27 11:13:45.646: INFO: Unable to read wheezy_tcp@PodARecord from pod dns-4105/dns-test-10bbd84e-02d7-4474-bf12-23fd8be27e37: the server could not find the requested resource (get pods dns-test-10bbd84e-02d7-4474-bf12-23fd8be27e37)&#xA;Aug 27 11:13:45.658: INFO: Unable to read jessie_udp@kubernetes.default.svc.cluster.local from pod dns-4105/dns-test-10bbd84e-02d7-4474-bf12-23fd8be27e37: the server could not find the requested resource (get pods dns-test-10bbd84e-02d7-4474-bf12-23fd8be27e37)&#xA;Aug 27 11:13:45.667: INFO: Unable to read jessie_tcp@kubernetes.default.svc.cluster.local from pod dns-4105/dns-test-10bbd84e-02d7-4474-bf12-23fd8be27e37: the server could not find the requested resource (get pods dns-test-10bbd84e-02d7-4474-bf12-23fd8be27e37)&#xA;Aug 27 11:13:45.670: INFO: Unable to read jessie_udp@PodARecord from pod dns-4105/dns-test-10bbd84e-02d7-4474-bf12-23fd8be27e37: the server could not find the requested resource (get pods dns-test-10bbd84e-02d7-4474-bf12-23fd8be27e37)&#xA;Aug 27 11:13:45.675: INFO: Unable to read jessie_tcp@PodARecord from pod dns-4105/dns-test-10bbd84e-02d7-4474-bf12-23fd8be27e37: the server could not find the requested resource (get pods dns-test-10bbd84e-02d7-4474-bf12-23fd8be27e37)&#xA;Aug 27 11:13:45.675: INFO: Lookups using dns-4105/dns-test-10bbd84e-02d7-4474-bf12-23fd8be27e37 failed for: [wheezy_udp@kubernetes.default.svc.cluster.local wheezy_tcp@kubernetes.default.svc.cluster.local wheezy_udp@PodARecord wheezy_tcp@PodARecord jessie_udp@kubernetes.default.svc.cluster.local jessie_tcp@kubernetes.default.svc.cluster.local jessie_udp@PodARecord jessie_tcp@PodARecord]&#xA;&#xA;Aug 27 11:13:50.641: INFO: Unable to read wheezy_udp@kubernetes.default.svc.cluster.local from pod dns-4105/dns-test-10bbd84e-02d7-4474-bf12-23fd8be27e37: the server could not find the requested resource (get pods dns-test-10bbd84e-02d7-4474-bf12-23fd8be27e37)&#xA;Aug 27 11:13:50.653: INFO: Unable to read wheezy_tcp@kubernetes.default.svc.cluster.local from pod dns-4105/dns-test-10bbd84e-02d7-4474-bf12-23fd8be27e37: the server could not find the requested resource (get pods dns-test-10bbd84e-02d7-4474-bf12-23fd8be27e37)&#xA;Aug 27 11:13:50.659: INFO: Unable to read wheezy_udp@PodARecord from pod dns-4105/dns-test-10bbd84e-02d7-4474-bf12-23fd8be27e37: the server could not find the requested resource (get pods dns-test-10bbd84e-02d7-4474-bf12-23fd8be27e37)&#xA;Aug 27 11:13:50.664: INFO: Unable to read wheezy_tcp@PodARecord from pod dns-4105/dns-test-10bbd84e-02d7-4474-bf12-23fd8be27e37: the server could not find the requested resource (get pods dns-test-10bbd84e-02d7-4474-bf12-23fd8be27e37)&#xA;Aug 27 11:13:50.669: INFO: Unable to read jessie_udp@kubernetes.default.svc.cluster.local from pod dns-4105/dns-test-10bbd84e-02d7-4474-bf12-23fd8be27e37: the server could not find the requested resource (get pods dns-test-10bbd84e-02d7-4474-bf12-23fd8be27e37)&#xA;Aug 27 11:13:50.674: INFO: Unable to read jessie_tcp@kubernetes.default.svc.cluster.local from pod dns-4105/dns-test-10bbd84e-02d7-4474-bf12-23fd8be27e37: the server could not find the requested resource (get pods dns-test-10bbd84e-02d7-4474-bf12-23fd8be27e37)&#xA;Aug 27 11:13:50.681: INFO: Unable to read jessie_udp@PodARecord from pod dns-4105/dns-test-10bbd84e-02d7-4474-bf12-23fd8be27e37: the server could not find the requested resource (get pods dns-test-10bbd84e-02d7-4474-bf12-23fd8be27e37)&#xA;Aug 27 11:13:50.689: INFO: Unable to read jessie_tcp@PodARecord from pod dns-4105/dns-test-10bbd84e-02d7-4474-bf12-23fd8be27e37: the server could not find the requested resource (get pods dns-test-10bbd84e-02d7-4474-bf12-23fd8be27e37)&#xA;Aug 27 11:13:50.689: INFO: Lookups using dns-4105/dns-test-10bbd84e-02d7-4474-bf12-23fd8be27e37 failed for: [wheezy_udp@kubernetes.default.svc.cluster.local wheezy_tcp@kubernetes.default.svc.cluster.local wheezy_udp@PodARecord wheezy_tcp@PodARecord jessie_udp@kubernetes.default.svc.cluster.local jessie_tcp@kubernetes.default.svc.cluster.local jessie_udp@PodARecord jessie_tcp@PodARecord]&#xA;&#xA;Aug 27 11:13:55.638: INFO: Unable to read wheezy_udp@kubernetes.default.svc.cluster.local from pod dns-4105/dns-test-10bbd84e-02d7-4474-bf12-23fd8be27e37: the server could not find the requested resource (get pods dns-test-10bbd84e-02d7-4474-bf12-23fd8be27e37)&#xA;Aug 27 11:13:55.642: INFO: Unable to read wheezy_tcp@kubernetes.default.svc.cluster.local from pod dns-4105/dns-test-10bbd84e-02d7-4474-bf12-23fd8be27e37: the server could not find the requested resource (get pods dns-test-10bbd84e-02d7-4474-bf12-23fd8be27e37)&#xA;Aug 27 11:13:55.651: INFO: Unable to read wheezy_udp@PodARecord from pod dns-4105/dns-test-10bbd84e-02d7-4474-bf12-23fd8be27e37: the server could not find the requested resource (get pods dns-test-10bbd84e-02d7-4474-bf12-23fd8be27e37)&#xA;Aug 27 11:13:55.655: INFO: Unable to read wheezy_tcp@PodARecord from pod dns-4105/dns-test-10bbd84e-02d7-4474-bf12-23fd8be27e37: the server could not find the requested resource (get pods dns-test-10bbd84e-02d7-4474-bf12-23fd8be27e37)&#xA;Aug 27 11:13:55.658: INFO: Unable to read jessie_udp@kubernetes.default.svc.cluster.local from pod dns-4105/dns-test-10bbd84e-02d7-4474-bf12-23fd8be27e37: the server could not find the requested resource (get pods dns-test-10bbd84e-02d7-4474-bf12-23fd8be27e37)&#xA;Aug 27 11:13:55.662: INFO: Unable to read jessie_tcp@kubernetes.default.svc.cluster.local from pod dns-4105/dns-test-10bbd84e-02d7-4474-bf12-23fd8be27e37: the server could not find the requested resource (get pods dns-test-10bbd84e-02d7-4474-bf12-23fd8be27e37)&#xA;Aug 27 11:13:55.665: INFO: Unable to read jessie_udp@PodARecord from pod dns-4105/dns-test-10bbd84e-02d7-4474-bf12-23fd8be27e37: the server could not find the requested resource (get pods dns-test-10bbd84e-02d7-4474-bf12-23fd8be27e37)&#xA;Aug 27 11:13:55.668: INFO: Unable to read jessie_tcp@PodARecord from pod dns-4105/dns-test-10bbd84e-02d7-4474-bf12-23fd8be27e37: the server could not find the requested resource (get pods dns-test-10bbd84e-02d7-4474-bf12-23fd8be27e37)&#xA;Aug 27 11:13:55.668: INFO: Lookups using dns-4105/dns-test-10bbd84e-02d7-4474-bf12-23fd8be27e37 failed for: [wheezy_udp@kubernetes.default.svc.cluster.local wheezy_tcp@kubernetes.default.svc.cluster.local wheezy_udp@PodARecord wheezy_tcp@PodARecord jessie_udp@kubernetes.default.svc.cluster.local jessie_tcp@kubernetes.default.svc.cluster.local jessie_udp@PodARecord jessie_tcp@PodARecord]&#xA;&#xA;Aug 27 11:14:00.632: INFO: Unable to read wheezy_udp@kubernetes.default.svc.cluster.local from pod dns-4105/dns-test-10bbd84e-02d7-4474-bf12-23fd8be27e37: the server could not find the requested resource (get pods dns-test-10bbd84e-02d7-4474-bf12-23fd8be27e37)&#xA;Aug 27 11:14:00.639: INFO: Unable to read wheezy_tcp@kubernetes.default.svc.cluster.local from pod dns-4105/dns-test-10bbd84e-02d7-4474-bf12-23fd8be27e37: the server could not find the requested resource (get pods dns-test-10bbd84e-02d7-4474-bf12-23fd8be27e37)&#xA;Aug 27 11:14:00.647: INFO: Unable to read wheezy_udp@PodARecord from pod dns-4105/dns-test-10bbd84e-02d7-4474-bf12-23fd8be27e37: the server could not find the requested resource (get pods dns-test-10bbd84e-02d7-4474-bf12-23fd8be27e37)&#xA;Aug 27 11:14:00.651: INFO: Unable to read wheezy_tcp@PodARecord from pod dns-4105/dns-test-10bbd84e-02d7-4474-bf12-23fd8be27e37: the server could not find the requested resource (get pods dns-test-10bbd84e-02d7-4474-bf12-23fd8be27e37)&#xA;Aug 27 11:14:00.655: INFO: Unable to read jessie_udp@kubernetes.default.svc.cluster.local from pod dns-4105/dns-test-10bbd84e-02d7-4474-bf12-23fd8be27e37: the server could not find the requested resource (get pods dns-test-10bbd84e-02d7-4474-bf12-23fd8be27e37)&#xA;Aug 27 11:14:00.659: INFO: Unable to read jessie_tcp@kubernetes.default.svc.cluster.local from pod dns-4105/dns-test-10bbd84e-02d7-4474-bf12-23fd8be27e37: the server could not find the requested resource (get pods dns-test-10bbd84e-02d7-4474-bf12-23fd8be27e37)&#xA;Aug 27 11:14:00.668: INFO: Unable to read jessie_udp@PodARecord from pod dns-4105/dns-test-10bbd84e-02d7-4474-bf12-23fd8be27e37: the server could not find the requested resource (get pods dns-test-10bbd84e-02d7-4474-bf12-23fd8be27e37)&#xA;Aug 27 11:14:00.672: INFO: Unable to read jessie_tcp@PodARecord from pod dns-4105/dns-test-10bbd84e-02d7-4474-bf12-23fd8be27e37: the server could not find the requested resource (get pods dns-test-10bbd84e-02d7-4474-bf12-23fd8be27e37)&#xA;Aug 27 11:14:00.673: INFO: Lookups using dns-4105/dns-test-10bbd84e-02d7-4474-bf12-23fd8be27e37 failed for: [wheezy_udp@kubernetes.default.svc.cluster.local wheezy_tcp@kubernetes.default.svc.cluster.local wheezy_udp@PodARecord wheezy_tcp@PodARecord jessie_udp@kubernetes.default.svc.cluster.local jessie_tcp@kubernetes.default.svc.cluster.local jessie_udp@PodARecord jessie_tcp@PodARecord]&#xA;&#xA;Aug 27 11:14:05.631: INFO: Unable to read wheezy_udp@kubernetes.default.svc.cluster.local from pod dns-4105/dns-test-10bbd84e-02d7-4474-bf12-23fd8be27e37: the server could not find the requested resource (get pods dns-test-10bbd84e-02d7-4474-bf12-23fd8be27e37)&#xA;Aug 27 11:14:05.635: INFO: Unable to read wheezy_tcp@kubernetes.default.svc.cluster.local from pod dns-4105/dns-test-10bbd84e-02d7-4474-bf12-23fd8be27e37: the server could not find the requested resource (get pods dns-test-10bbd84e-02d7-4474-bf12-23fd8be27e37)&#xA;Aug 27 11:14:05.639: INFO: Unable to read wheezy_udp@PodARecord from pod dns-4105/dns-test-10bbd84e-02d7-4474-bf12-23fd8be27e37: the server could not find the requested resource (get pods dns-test-10bbd84e-02d7-4474-bf12-23fd8be27e37)&#xA;Aug 27 11:14:05.643: INFO: Unable to read wheezy_tcp@PodARecord from pod dns-4105/dns-test-10bbd84e-02d7-4474-bf12-23fd8be27e37: the server could not find the requested resource (get pods dns-test-10bbd84e-02d7-4474-bf12-23fd8be27e37)&#xA;Aug 27 11:14:05.648: INFO: Unable to read jessie_udp@kubernetes.default.svc.cluster.local from pod dns-4105/dns-test-10bbd84e-02d7-4474-bf12-23fd8be27e37: the server could not find the requested resource (get pods dns-test-10bbd84e-02d7-4474-bf12-23fd8be27e37)&#xA;Aug 27 11:14:05.652: INFO: Unable to read jessie_tcp@kubernetes.default.svc.cluster.local from pod dns-4105/dns-test-10bbd84e-02d7-4474-bf12-23fd8be27e37: the server could not find the requested resource (get pods dns-test-10bbd84e-02d7-4474-bf12-23fd8be27e37)&#xA;Aug 27 11:14:05.666: INFO: Unable to read jessie_udp@PodARecord from pod dns-4105/dns-test-10bbd84e-02d7-4474-bf12-23fd8be27e37: the server could not find the requested resource (get pods dns-test-10bbd84e-02d7-4474-bf12-23fd8be27e37)&#xA;Aug 27 11:14:05.674: INFO: Unable to read jessie_tcp@PodARecord from pod dns-4105/dns-test-10bbd84e-02d7-4474-bf12-23fd8be27e37: the server could not find the requested resource (get pods dns-test-10bbd84e-02d7-4474-bf12-23fd8be27e37)&#xA;Aug 27 11:14:05.674: INFO: Lookups using dns-4105/dns-test-10bbd84e-02d7-4474-bf12-23fd8be27e37 failed for: [wheezy_udp@kubernetes.default.svc.cluster.local wheezy_tcp@kubernetes.default.svc.cluster.local wheezy_udp@PodARecord wheezy_tcp@PodARecord jessie_udp@kubernetes.default.svc.cluster.local jessie_tcp@kubernetes.default.svc.cluster.local jessie_udp@PodARecord jessie_tcp@PodARecord]&#xA;&#xA;Aug 27 11:14:10.631: INFO: Unable to read wheezy_udp@kubernetes.default.svc.cluster.local from pod dns-4105/dns-test-10bbd84e-02d7-4474-bf12-23fd8be27e37: the server could not find the requested resource (get pods dns-test-10bbd84e-02d7-4474-bf12-23fd8be27e37)&#xA;Aug 27 11:14:10.635: INFO: Unable to read wheezy_tcp@kubernetes.default.svc.cluster.local from pod dns-4105/dns-test-10bbd84e-02d7-4474-bf12-23fd8be27e37: the server could not find the requested resource (get pods dns-test-10bbd84e-02d7-4474-bf12-23fd8be27e37)&#xA;Aug 27 11:14:10.642: INFO: Unable to read wheezy_udp@PodARecord from pod dns-4105/dns-test-10bbd84e-02d7-4474-bf12-23fd8be27e37: the server could not find the requested resource (get pods dns-test-10bbd84e-02d7-4474-bf12-23fd8be27e37)&#xA;Aug 27 11:14:10.647: INFO: Unable to read wheezy_tcp@PodARecord from pod dns-4105/dns-test-10bbd84e-02d7-4474-bf12-23fd8be27e37: the server could not find the requested resource (get pods dns-test-10bbd84e-02d7-4474-bf12-23fd8be27e37)&#xA;Aug 27 11:14:10.653: INFO: Unable to read jessie_udp@kubernetes.default.svc.cluster.local from pod dns-4105/dns-test-10bbd84e-02d7-4474-bf12-23fd8be27e37: the server could not find the requested resource (get pods dns-test-10bbd84e-02d7-4474-bf12-23fd8be27e37)&#xA;Aug 27 11:14:10.660: INFO: Unable to read jessie_tcp@kubernetes.default.svc.cluster.local from pod dns-4105/dns-test-10bbd84e-02d7-4474-bf12-23fd8be27e37: the server could not find the requested resource (get pods dns-test-10bbd84e-02d7-4474-bf12-23fd8be27e37)&#xA;Aug 27 11:14:10.664: INFO: Unable to read jessie_udp@PodARecord from pod dns-4105/dns-test-10bbd84e-02d7-4474-bf12-23fd8be27e37: the server could not find the requested resource (get pods dns-test-10bbd84e-02d7-4474-bf12-23fd8be27e37)&#xA;Aug 27 11:14:10.671: INFO: Unable to read jessie_tcp@PodARecord from pod dns-4105/dns-test-10bbd84e-02d7-4474-bf12-23fd8be27e37: the server could not find the requested resource (get pods dns-test-10bbd84e-02d7-4474-bf12-23fd8be27e37)&#xA;Aug 27 11:14:10.671: INFO: Lookups using dns-4105/dns-test-10bbd84e-02d7-4474-bf12-23fd8be27e37 failed for: [wheezy_udp@kubernetes.default.svc.cluster.local wheezy_tcp@kubernetes.default.svc.cluster.local wheezy_udp@PodARecord wheezy_tcp@PodARecord jessie_udp@kubernetes.default.svc.cluster.local jessie_tcp@kubernetes.default.svc.cluster.local jessie_udp@PodARecord jessie_tcp@PodARecord]&#xA;&#xA;Aug 27 11:14:15.632: INFO: Unable to read wheezy_udp@kubernetes.default.svc.cluster.local from pod dns-4105/dns-test-10bbd84e-02d7-4474-bf12-23fd8be27e37: the server could not find the requested resource (get pods dns-test-10bbd84e-02d7-4474-bf12-23fd8be27e37)&#xA;Aug 27 11:14:15.639: INFO: Unable to read wheezy_tcp@kubernetes.default.svc.cluster.local from pod dns-4105/dns-test-10bbd84e-02d7-4474-bf12-23fd8be27e37: the server could not find the requested resource (get pods dns-test-10bbd84e-02d7-4474-bf12-23fd8be27e37)&#xA;Aug 27 11:14:15.648: INFO: Unable to read wheezy_udp@PodARecord from pod dns-4105/dns-test-10bbd84e-02d7-4474-bf12-23fd8be27e37: the server could not find the requested resource (get pods dns-test-10bbd84e-02d7-4474-bf12-23fd8be27e37)&#xA;Aug 27 11:14:15.655: INFO: Unable to read wheezy_tcp@PodARecord from pod dns-4105/dns-test-10bbd84e-02d7-4474-bf12-23fd8be27e37: the server could not find the requested resource (get pods dns-test-10bbd84e-02d7-4474-bf12-23fd8be27e37)&#xA;Aug 27 11:14:15.662: INFO: Unable to read jessie_udp@kubernetes.default.svc.cluster.local from pod dns-4105/dns-test-10bbd84e-02d7-4474-bf12-23fd8be27e37: the server could not find the requested resource (get pods dns-test-10bbd84e-02d7-4474-bf12-23fd8be27e37)&#xA;Aug 27 11:14:15.673: INFO: Unable to read jessie_tcp@kubernetes.default.svc.cluster.local from pod dns-4105/dns-test-10bbd84e-02d7-4474-bf12-23fd8be27e37: the server could not find the requested resource (get pods dns-test-10bbd84e-02d7-4474-bf12-23fd8be27e37)&#xA;Aug 27 11:14:15.705: INFO: Unable to read jessie_udp@PodARecord from pod dns-4105/dns-test-10bbd84e-02d7-4474-bf12-23fd8be27e37: the server could not find the requested resource (get pods dns-test-10bbd84e-02d7-4474-bf12-23fd8be27e37)&#xA;Aug 27 11:14:15.711: INFO: Unable to read jessie_tcp@PodARecord from pod dns-4105/dns-test-10bbd84e-02d7-4474-bf12-23fd8be27e37: the server could not find the requested resource (get pods dns-test-10bbd84e-02d7-4474-bf12-23fd8be27e37)&#xA;Aug 27 11:14:15.711: INFO: Lookups using dns-4105/dns-test-10bbd84e-02d7-4474-bf12-23fd8be27e37 failed for: [wheezy_udp@kubernetes.default.svc.cluster.local wheezy_tcp@kubernetes.default.svc.cluster.local wheezy_udp@PodARecord wheezy_tcp@PodARecord jessie_udp@kubernetes.default.svc.cluster.local jessie_tcp@kubernetes.default.svc.cluster.local jessie_udp@PodARecord jessie_tcp@PodARecord]&#xA;&#xA;Aug 27 11:14:20.635: INFO: Unable to read wheezy_udp@kubernetes.default.svc.cluster.local from pod dns-4105/dns-test-10bbd84e-02d7-4474-bf12-23fd8be27e37: the server could not find the requested resource (get pods dns-test-10bbd84e-02d7-4474-bf12-23fd8be27e37)&#xA;Aug 27 11:14:20.644: INFO: Unable to read wheezy_tcp@kubernetes.default.svc.cluster.local from pod dns-4105/dns-test-10bbd84e-02d7-4474-bf12-23fd8be27e37: the server could not find the requested resource (get pods dns-test-10bbd84e-02d7-4474-bf12-23fd8be27e37)&#xA;Aug 27 11:14:20.653: INFO: Unable to read wheezy_udp@PodARecord from pod dns-4105/dns-test-10bbd84e-02d7-4474-bf12-23fd8be27e37: the server could not find the requested resource (get pods dns-test-10bbd84e-02d7-4474-bf12-23fd8be27e37)&#xA;Aug 27 11:14:20.656: INFO: Unable to read wheezy_tcp@PodARecord from pod dns-4105/dns-test-10bbd84e-02d7-4474-bf12-23fd8be27e37: the server could not find the requested resource (get pods dns-test-10bbd84e-02d7-4474-bf12-23fd8be27e37)&#xA;Aug 27 11:14:20.659: INFO: Unable to read jessie_udp@kubernetes.default.svc.cluster.local from pod dns-4105/dns-test-10bbd84e-02d7-4474-bf12-23fd8be27e37: the server could not find the requested resource (get pods dns-test-10bbd84e-02d7-4474-bf12-23fd8be27e37)&#xA;Aug 27 11:14:20.663: INFO: Unable to read jessie_tcp@kubernetes.default.svc.cluster.local from pod dns-4105/dns-test-10bbd84e-02d7-4474-bf12-23fd8be27e37: the server could not find the requested resource (get pods dns-test-10bbd84e-02d7-4474-bf12-23fd8be27e37)&#xA;Aug 27 11:14:20.670: INFO: Unable to read jessie_udp@PodARecord from pod dns-4105/dns-test-10bbd84e-02d7-4474-bf12-23fd8be27e37: the server could not find the requested resource (get pods dns-test-10bbd84e-02d7-4474-bf12-23fd8be27e37)&#xA;Aug 27 11:14:20.679: INFO: Unable to read jessie_tcp@PodARecord from pod dns-4105/dns-test-10bbd84e-02d7-4474-bf12-23fd8be27e37: the server could not find the requested resource (get pods dns-test-10bbd84e-02d7-4474-bf12-23fd8be27e37)&#xA;Aug 27 11:14:20.679: INFO: Lookups using dns-4105/dns-test-10bbd84e-02d7-4474-bf12-23fd8be27e37 failed for: [wheezy_udp@kubernetes.default.svc.cluster.local wheezy_tcp@kubernetes.default.svc.cluster.local wheezy_udp@PodARecord wheezy_tcp@PodARecord jessie_udp@kubernetes.default.svc.cluster.local jessie_tcp@kubernetes.default.svc.cluster.local jessie_udp@PodARecord jessie_tcp@PodARecord]&#xA;&#xA;Aug 27 11:14:25.631: INFO: Unable to read wheezy_udp@kubernetes.default.svc.cluster.local from pod dns-4105/dns-test-10bbd84e-02d7-4474-bf12-23fd8be27e37: the server could not find the requested resource (get pods dns-test-10bbd84e-02d7-4474-bf12-23fd8be27e37)&#xA;Aug 27 11:14:25.636: INFO: Unable to read wheezy_tcp@kubernetes.default.svc.cluster.local from pod dns-4105/dns-test-10bbd84e-02d7-4474-bf12-23fd8be27e37: the server could not find the requested resource (get pods dns-test-10bbd84e-02d7-4474-bf12-23fd8be27e37)&#xA;Aug 27 11:14:25.639: INFO: Unable to read wheezy_udp@PodARecord from pod dns-4105/dns-test-10bbd84e-02d7-4474-bf12-23fd8be27e37: the server could not find the requested resource (get pods dns-test-10bbd84e-02d7-4474-bf12-23fd8be27e37)&#xA;Aug 27 11:14:25.643: INFO: Unable to read wheezy_tcp@PodARecord from pod dns-4105/dns-test-10bbd84e-02d7-4474-bf12-23fd8be27e37: the server could not find the requested resource (get pods dns-test-10bbd84e-02d7-4474-bf12-23fd8be27e37)&#xA;Aug 27 11:14:25.648: INFO: Unable to read jessie_udp@kubernetes.default.svc.cluster.local from pod dns-4105/dns-test-10bbd84e-02d7-4474-bf12-23fd8be27e37: the server could not find the requested resource (get pods dns-test-10bbd84e-02d7-4474-bf12-23fd8be27e37)&#xA;Aug 27 11:14:25.652: INFO: Unable to read jessie_tcp@kubernetes.default.svc.cluster.local from pod dns-4105/dns-test-10bbd84e-02d7-4474-bf12-23fd8be27e37: the server could not find the requested resource (get pods dns-test-10bbd84e-02d7-4474-bf12-23fd8be27e37)&#xA;Aug 27 11:14:25.657: INFO: Unable to read jessie_udp@PodARecord from pod dns-4105/dns-test-10bbd84e-02d7-4474-bf12-23fd8be27e37: the server could not find the requested resource (get pods dns-test-10bbd84e-02d7-4474-bf12-23fd8be27e37)&#xA;Aug 27 11:14:25.661: INFO: Unable to read jessie_tcp@PodARecord from pod dns-4105/dns-test-10bbd84e-02d7-4474-bf12-23fd8be27e37: the server could not find the requested resource (get pods dns-test-10bbd84e-02d7-4474-bf12-23fd8be27e37)&#xA;Aug 27 11:14:25.661: INFO: Lookups using dns-4105/dns-test-10bbd84e-02d7-4474-bf12-23fd8be27e37 failed for: [wheezy_udp@kubernetes.default.svc.cluster.local wheezy_tcp@kubernetes.default.svc.cluster.local wheezy_udp@PodARecord wheezy_tcp@PodARecord jessie_udp@kubernetes.default.svc.cluster.local jessie_tcp@kubernetes.default.svc.cluster.local jessie_udp@PodARecord jessie_tcp@PodARecord]&#xA;&#xA;Aug 27 11:14:30.635: INFO: Unable to read wheezy_udp@kubernetes.default.svc.cluster.local from pod dns-4105/dns-test-10bbd84e-02d7-4474-bf12-23fd8be27e37: the server could not find the requested resource (get pods dns-test-10bbd84e-02d7-4474-bf12-23fd8be27e37)&#xA;Aug 27 11:14:30.641: INFO: Unable to read wheezy_tcp@kubernetes.default.svc.cluster.local from pod dns-4105/dns-test-10bbd84e-02d7-4474-bf12-23fd8be27e37: the server could not find the requested resource (get pods dns-test-10bbd84e-02d7-4474-bf12-23fd8be27e37)&#xA;Aug 27 11:14:30.654: INFO: Unable to read wheezy_udp@PodARecord from pod dns-4105/dns-test-10bbd84e-02d7-4474-bf12-23fd8be27e37: the server could not find the requested resource (get pods dns-test-10bbd84e-02d7-4474-bf12-23fd8be27e37)&#xA;Aug 27 11:14:30.671: INFO: Unable to read wheezy_tcp@PodARecord from pod dns-4105/dns-test-10bbd84e-02d7-4474-bf12-23fd8be27e37: the server could not find the requested resource (get pods dns-test-10bbd84e-02d7-4474-bf12-23fd8be27e37)&#xA;Aug 27 11:14:30.682: INFO: Unable to read jessie_udp@kubernetes.default.svc.cluster.local from pod dns-4105/dns-test-10bbd84e-02d7-4474-bf12-23fd8be27e37: the server could not find the requested resource (get pods dns-test-10bbd84e-02d7-4474-bf12-23fd8be27e37)&#xA;Aug 27 11:14:30.686: INFO: Unable to read jessie_tcp@kubernetes.default.svc.cluster.local from pod dns-4105/dns-test-10bbd84e-02d7-4474-bf12-23fd8be27e37: the server could not find the requested resource (get pods dns-test-10bbd84e-02d7-4474-bf12-23fd8be27e37)&#xA;Aug 27 11:14:30.691: INFO: Unable to read jessie_udp@PodARecord from pod dns-4105/dns-test-10bbd84e-02d7-4474-bf12-23fd8be27e37: the server could not find the requested resource (get pods dns-test-10bbd84e-02d7-4474-bf12-23fd8be27e37)&#xA;Aug 27 11:14:30.694: INFO: Unable to read jessie_tcp@PodARecord from pod dns-4105/dns-test-10bbd84e-02d7-4474-bf12-23fd8be27e37: the server could not find the requested resource (get pods dns-test-10bbd84e-02d7-4474-bf12-23fd8be27e37)&#xA;Aug 27 11:14:30.694: INFO: Lookups using dns-4105/dns-test-10bbd84e-02d7-4474-bf12-23fd8be27e37 failed for: [wheezy_udp@kubernetes.default.svc.cluster.local wheezy_tcp@kubernetes.default.svc.cluster.local wheezy_udp@PodARecord wheezy_tcp@PodARecord jessie_udp@kubernetes.default.svc.cluster.local jessie_tcp@kubernetes.default.svc.cluster.local jessie_udp@PodARecord jessie_tcp@PodARecord]&#xA;&#xA;Aug 27 11:14:35.631: INFO: Unable to read wheezy_udp@kubernetes.default.svc.cluster.local from pod dns-4105/dns-test-10bbd84e-02d7-4474-bf12-23fd8be27e37: the server could not find the requested resource (get pods dns-test-10bbd84e-02d7-4474-bf12-23fd8be27e37)&#xA;Aug 27 11:14:35.637: INFO: Unable to read wheezy_tcp@kubernetes.default.svc.cluster.local from pod dns-4105/dns-test-10bbd84e-02d7-4474-bf12-23fd8be27e37: the server could not find the requested resource (get pods dns-test-10bbd84e-02d7-4474-bf12-23fd8be27e37)&#xA;Aug 27 11:14:35.643: INFO: Unable to read wheezy_udp@PodARecord from pod dns-4105/dns-test-10bbd84e-02d7-4474-bf12-23fd8be27e37: the server could not find the requested resource (get pods dns-test-10bbd84e-02d7-4474-bf12-23fd8be27e37)&#xA;Aug 27 11:14:35.651: INFO: Unable to read wheezy_tcp@PodARecord from pod dns-4105/dns-test-10bbd84e-02d7-4474-bf12-23fd8be27e37: the server could not find the requested resource (get pods dns-test-10bbd84e-02d7-4474-bf12-23fd8be27e37)&#xA;Aug 27 11:14:35.657: INFO: Unable to read jessie_udp@kubernetes.default.svc.cluster.local from pod dns-4105/dns-test-10bbd84e-02d7-4474-bf12-23fd8be27e37: the server could not find the requested resource (get pods dns-test-10bbd84e-02d7-4474-bf12-23fd8be27e37)&#xA;Aug 27 11:14:35.662: INFO: Unable to read jessie_tcp@kubernetes.default.svc.cluster.local from pod dns-4105/dns-test-10bbd84e-02d7-4474-bf12-23fd8be27e37: the server could not find the requested resource (get pods dns-test-10bbd84e-02d7-4474-bf12-23fd8be27e37)&#xA;Aug 27 11:14:35.668: INFO: Unable to read jessie_udp@PodARecord from pod dns-4105/dns-test-10bbd84e-02d7-4474-bf12-23fd8be27e37: the server could not find the requested resource (get pods dns-test-10bbd84e-02d7-4474-bf12-23fd8be27e37)&#xA;Aug 27 11:14:35.673: INFO: Unable to read jessie_tcp@PodARecord from pod dns-4105/dns-test-10bbd84e-02d7-4474-bf12-23fd8be27e37: the server could not find the requested resource (get pods dns-test-10bbd84e-02d7-4474-bf12-23fd8be27e37)&#xA;Aug 27 11:14:35.673: INFO: Lookups using dns-4105/dns-test-10bbd84e-02d7-4474-bf12-23fd8be27e37 failed for: [wheezy_udp@kubernetes.default.svc.cluster.local wheezy_tcp@kubernetes.default.svc.cluster.local wheezy_udp@PodARecord wheezy_tcp@PodARecord jessie_udp@kubernetes.default.svc.cluster.local jessie_tcp@kubernetes.default.svc.cluster.local jessie_udp@PodARecord jessie_tcp@PodARecord]&#xA;&#xA;Aug 27 11:14:40.634: INFO: Unable to read wheezy_udp@kubernetes.default.svc.cluster.local from pod dns-4105/dns-test-10bbd84e-02d7-4474-bf12-23fd8be27e37: the server could not find the requested resource (get pods dns-test-10bbd84e-02d7-4474-bf12-23fd8be27e37)&#xA;Aug 27 11:14:40.650: INFO: Unable to read wheezy_tcp@kubernetes.default.svc.cluster.local from pod dns-4105/dns-test-10bbd84e-02d7-4474-bf12-23fd8be27e37: the server could not find the requested resource (get pods dns-test-10bbd84e-02d7-4474-bf12-23fd8be27e37)&#xA;Aug 27 11:14:40.661: INFO: Unable to read wheezy_udp@PodARecord from pod dns-4105/dns-test-10bbd84e-02d7-4474-bf12-23fd8be27e37: the server could not find the requested resource (get pods dns-test-10bbd84e-02d7-4474-bf12-23fd8be27e37)&#xA;Aug 27 11:14:40.665: INFO: Unable to read wheezy_tcp@PodARecord from pod dns-4105/dns-test-10bbd84e-02d7-4474-bf12-23fd8be27e37: the server could not find the requested resource (get pods dns-test-10bbd84e-02d7-4474-bf12-23fd8be27e37)&#xA;Aug 27 11:14:40.670: INFO: Unable to read jessie_udp@kubernetes.default.svc.cluster.local from pod dns-4105/dns-test-10bbd84e-02d7-4474-bf12-23fd8be27e37: the server could not find the requested resource (get pods dns-test-10bbd84e-02d7-4474-bf12-23fd8be27e37)&#xA;Aug 27 11:14:40.676: INFO: Unable to read jessie_tcp@kubernetes.default.svc.cluster.local from pod dns-4105/dns-test-10bbd84e-02d7-4474-bf12-23fd8be27e37: the server could not find the requested resource (get pods dns-test-10bbd84e-02d7-4474-bf12-23fd8be27e37)&#xA;Aug 27 11:14:40.681: INFO: Unable to read jessie_udp@PodARecord from pod dns-4105/dns-test-10bbd84e-02d7-4474-bf12-23fd8be27e37: the server could not find the requested resource (get pods dns-test-10bbd84e-02d7-4474-bf12-23fd8be27e37)&#xA;Aug 27 11:14:40.689: INFO: Unable to read jessie_tcp@PodARecord from pod dns-4105/dns-test-10bbd84e-02d7-4474-bf12-23fd8be27e37: the server could not find the requested resource (get pods dns-test-10bbd84e-02d7-4474-bf12-23fd8be27e37)&#xA;Aug 27 11:14:40.695: INFO: Lookups using dns-4105/dns-test-10bbd84e-02d7-4474-bf12-23fd8be27e37 failed for: [wheezy_udp@kubernetes.default.svc.cluster.local wheezy_tcp@kubernetes.default.svc.cluster.local wheezy_udp@PodARecord wheezy_tcp@PodARecord jessie_udp@kubernetes.default.svc.cluster.local jessie_tcp@kubernetes.default.svc.cluster.local jessie_udp@PodARecord jessie_tcp@PodARecord]&#xA;&#xA;Aug 27 11:14:45.642: INFO: Unable to read wheezy_udp@kubernetes.default.svc.cluster.local from pod dns-4105/dns-test-10bbd84e-02d7-4474-bf12-23fd8be27e37: the server could not find the requested resource (get pods dns-test-10bbd84e-02d7-4474-bf12-23fd8be27e37)&#xA;Aug 27 11:14:45.646: INFO: Unable to read wheezy_tcp@kubernetes.default.svc.cluster.local from pod dns-4105/dns-test-10bbd84e-02d7-4474-bf12-23fd8be27e37: the server could not find the requested resource (get pods dns-test-10bbd84e-02d7-4474-bf12-23fd8be27e37)&#xA;Aug 27 11:14:45.650: INFO: Unable to read wheezy_udp@PodARecord from pod dns-4105/dns-test-10bbd84e-02d7-4474-bf12-23fd8be27e37: the server could not find the requested resource (get pods dns-test-10bbd84e-02d7-4474-bf12-23fd8be27e37)&#xA;Aug 27 11:14:45.653: INFO: Unable to read wheezy_tcp@PodARecord from pod dns-4105/dns-test-10bbd84e-02d7-4474-bf12-23fd8be27e37: the server could not find the requested resource (get pods dns-test-10bbd84e-02d7-4474-bf12-23fd8be27e37)&#xA;Aug 27 11:14:45.657: INFO: Unable to read jessie_udp@kubernetes.default.svc.cluster.local from pod dns-4105/dns-test-10bbd84e-02d7-4474-bf12-23fd8be27e37: the server could not find the requested resource (get pods dns-test-10bbd84e-02d7-4474-bf12-23fd8be27e37)&#xA;Aug 27 11:14:45.664: INFO: Unable to read jessie_tcp@kubernetes.default.svc.cluster.local from pod dns-4105/dns-test-10bbd84e-02d7-4474-bf12-23fd8be27e37: the server could not find the requested resource (get pods dns-test-10bbd84e-02d7-4474-bf12-23fd8be27e37)&#xA;Aug 27 11:14:45.676: INFO: Unable to read jessie_udp@PodARecord from pod dns-4105/dns-test-10bbd84e-02d7-4474-bf12-23fd8be27e37: the server could not find the requested resource (get pods dns-test-10bbd84e-02d7-4474-bf12-23fd8be27e37)&#xA;Aug 27 11:14:45.696: INFO: Unable to read jessie_tcp@PodARecord from pod dns-4105/dns-test-10bbd84e-02d7-4474-bf12-23fd8be27e37: the server could not find the requested resource (get pods dns-test-10bbd84e-02d7-4474-bf12-23fd8be27e37)&#xA;Aug 27 11:14:45.696: INFO: Lookups using dns-4105/dns-test-10bbd84e-02d7-4474-bf12-23fd8be27e37 failed for: [wheezy_udp@kubernetes.default.svc.cluster.local wheezy_tcp@kubernetes.default.svc.cluster.local wheezy_udp@PodARecord wheezy_tcp@PodARecord jessie_udp@kubernetes.default.svc.cluster.local jessie_tcp@kubernetes.default.svc.cluster.local jessie_udp@PodARecord jessie_tcp@PodARecord]&#xA;&#xA;Aug 27 11:14:50.631: INFO: Unable to read wheezy_udp@kubernetes.default.svc.cluster.local from pod dns-4105/dns-test-10bbd84e-02d7-4474-bf12-23fd8be27e37: the server could not find the requested resource (get pods dns-test-10bbd84e-02d7-4474-bf12-23fd8be27e37)&#xA;Aug 27 11:14:50.636: INFO: Unable to read wheezy_tcp@kubernetes.default.svc.cluster.local from pod dns-4105/dns-test-10bbd84e-02d7-4474-bf12-23fd8be27e37: the server could not find the requested resource (get pods dns-test-10bbd84e-02d7-4474-bf12-23fd8be27e37)&#xA;Aug 27 11:14:50.643: INFO: Unable to read wheezy_udp@PodARecord from pod dns-4105/dns-test-10bbd84e-02d7-4474-bf12-23fd8be27e37: the server could not find the requested resource (get pods dns-test-10bbd84e-02d7-4474-bf12-23fd8be27e37)&#xA;Aug 27 11:14:50.647: INFO: Unable to read wheezy_tcp@PodARecord from pod dns-4105/dns-test-10bbd84e-02d7-4474-bf12-23fd8be27e37: the server could not find the requested resource (get pods dns-test-10bbd84e-02d7-4474-bf12-23fd8be27e37)&#xA;Aug 27 11:14:50.651: INFO: Unable to read jessie_udp@kubernetes.default.svc.cluster.local from pod dns-4105/dns-test-10bbd84e-02d7-4474-bf12-23fd8be27e37: the server could not find the requested resource (get pods dns-test-10bbd84e-02d7-4474-bf12-23fd8be27e37)&#xA;Aug 27 11:14:50.655: INFO: Unable to read jessie_tcp@kubernetes.default.svc.cluster.local from pod dns-4105/dns-test-10bbd84e-02d7-4474-bf12-23fd8be27e37: the server could not find the requested resource (get pods dns-test-10bbd84e-02d7-4474-bf12-23fd8be27e37)&#xA;Aug 27 11:14:50.659: INFO: Unable to read jessie_udp@PodARecord from pod dns-4105/dns-test-10bbd84e-02d7-4474-bf12-23fd8be27e37: the server could not find the requested resource (get pods dns-test-10bbd84e-02d7-4474-bf12-23fd8be27e37)&#xA;Aug 27 11:14:50.663: INFO: Unable to read jessie_tcp@PodARecord from pod dns-4105/dns-test-10bbd84e-02d7-4474-bf12-23fd8be27e37: the server could not find the requested resource (get pods dns-test-10bbd84e-02d7-4474-bf12-23fd8be27e37)&#xA;Aug 27 11:14:50.663: INFO: Lookups using dns-4105/dns-test-10bbd84e-02d7-4474-bf12-23fd8be27e37 failed for: [wheezy_udp@kubernetes.default.svc.cluster.local wheezy_tcp@kubernetes.default.svc.cluster.local wheezy_udp@PodARecord wheezy_tcp@PodARecord jessie_udp@kubernetes.default.svc.cluster.local jessie_tcp@kubernetes.default.svc.cluster.local jessie_udp@PodARecord jessie_tcp@PodARecord]&#xA;&#xA;Aug 27 11:14:55.632: INFO: Unable to read wheezy_udp@kubernetes.default.svc.cluster.local from pod dns-4105/dns-test-10bbd84e-02d7-4474-bf12-23fd8be27e37: the server could not find the requested resource (get pods dns-test-10bbd84e-02d7-4474-bf12-23fd8be27e37)&#xA;Aug 27 11:14:55.636: INFO: Unable to read wheezy_tcp@kubernetes.default.svc.cluster.local from pod dns-4105/dns-test-10bbd84e-02d7-4474-bf12-23fd8be27e37: the server could not find the requested resource (get pods dns-test-10bbd84e-02d7-4474-bf12-23fd8be27e37)&#xA;Aug 27 11:14:55.640: INFO: Unable to read wheezy_udp@PodARecord from pod dns-4105/dns-test-10bbd84e-02d7-4474-bf12-23fd8be27e37: the server could not find the requested resource (get pods dns-test-10bbd84e-02d7-4474-bf12-23fd8be27e37)&#xA;Aug 27 11:14:55.644: INFO: Unable to read wheezy_tcp@PodARecord from pod dns-4105/dns-test-10bbd84e-02d7-4474-bf12-23fd8be27e37: the server could not find the requested resource (get pods dns-test-10bbd84e-02d7-4474-bf12-23fd8be27e37)&#xA;Aug 27 11:14:55.647: INFO: Unable to read jessie_udp@kubernetes.default.svc.cluster.local from pod dns-4105/dns-test-10bbd84e-02d7-4474-bf12-23fd8be27e37: the server could not find the requested resource (get pods dns-test-10bbd84e-02d7-4474-bf12-23fd8be27e37)&#xA;Aug 27 11:14:55.650: INFO: Unable to read jessie_tcp@kubernetes.default.svc.cluster.local from pod dns-4105/dns-test-10bbd84e-02d7-4474-bf12-23fd8be27e37: the server could not find the requested resource (get pods dns-test-10bbd84e-02d7-4474-bf12-23fd8be27e37)&#xA;Aug 27 11:14:55.659: INFO: Unable to read jessie_udp@PodARecord from pod dns-4105/dns-test-10bbd84e-02d7-4474-bf12-23fd8be27e37: the server could not find the requested resource (get pods dns-test-10bbd84e-02d7-4474-bf12-23fd8be27e37)&#xA;Aug 27 11:14:55.664: INFO: Unable to read jessie_tcp@PodARecord from pod dns-4105/dns-test-10bbd84e-02d7-4474-bf12-23fd8be27e37: the server could not find the requested resource (get pods dns-test-10bbd84e-02d7-4474-bf12-23fd8be27e37)&#xA;Aug 27 11:14:55.664: INFO: Lookups using dns-4105/dns-test-10bbd84e-02d7-4474-bf12-23fd8be27e37 failed for: [wheezy_udp@kubernetes.default.svc.cluster.local wheezy_tcp@kubernetes.default.svc.cluster.local wheezy_udp@PodARecord wheezy_tcp@PodARecord jessie_udp@kubernetes.default.svc.cluster.local jessie_tcp@kubernetes.default.svc.cluster.local jessie_udp@PodARecord jessie_tcp@PodARecord]&#xA;&#xA;Aug 27 11:15:00.635: INFO: Unable to read wheezy_udp@kubernetes.default.svc.cluster.local from pod dns-4105/dns-test-10bbd84e-02d7-4474-bf12-23fd8be27e37: the server could not find the requested resource (get pods dns-test-10bbd84e-02d7-4474-bf12-23fd8be27e37)&#xA;Aug 27 11:15:00.639: INFO: Unable to read wheezy_tcp@kubernetes.default.svc.cluster.local from pod dns-4105/dns-test-10bbd84e-02d7-4474-bf12-23fd8be27e37: the server could not find the requested resource (get pods dns-test-10bbd84e-02d7-4474-bf12-23fd8be27e37)&#xA;Aug 27 11:15:00.642: INFO: Unable to read wheezy_udp@PodARecord from pod dns-4105/dns-test-10bbd84e-02d7-4474-bf12-23fd8be27e37: the server could not find the requested resource (get pods dns-test-10bbd84e-02d7-4474-bf12-23fd8be27e37)&#xA;Aug 27 11:15:00.646: INFO: Unable to read wheezy_tcp@PodARecord from pod dns-4105/dns-test-10bbd84e-02d7-4474-bf12-23fd8be27e37: the server could not find the requested resource (get pods dns-test-10bbd84e-02d7-4474-bf12-23fd8be27e37)&#xA;Aug 27 11:15:00.650: INFO: Unable to read jessie_udp@kubernetes.default.svc.cluster.local from pod dns-4105/dns-test-10bbd84e-02d7-4474-bf12-23fd8be27e37: the server could not find the requested resource (get pods dns-test-10bbd84e-02d7-4474-bf12-23fd8be27e37)&#xA;Aug 27 11:15:00.654: INFO: Unable to read jessie_tcp@kubernetes.default.svc.cluster.local from pod dns-4105/dns-test-10bbd84e-02d7-4474-bf12-23fd8be27e37: the server could not find the requested resource (get pods dns-test-10bbd84e-02d7-4474-bf12-23fd8be27e37)&#xA;Aug 27 11:15:00.658: INFO: Unable to read jessie_udp@PodARecord from pod dns-4105/dns-test-10bbd84e-02d7-4474-bf12-23fd8be27e37: the server could not find the requested resource (get pods dns-test-10bbd84e-02d7-4474-bf12-23fd8be27e37)&#xA;Aug 27 11:15:00.662: INFO: Unable to read jessie_tcp@PodARecord from pod dns-4105/dns-test-10bbd84e-02d7-4474-bf12-23fd8be27e37: the server could not find the requested resource (get pods dns-test-10bbd84e-02d7-4474-bf12-23fd8be27e37)&#xA;Aug 27 11:15:00.662: INFO: Lookups using dns-4105/dns-test-10bbd84e-02d7-4474-bf12-23fd8be27e37 failed for: [wheezy_udp@kubernetes.default.svc.cluster.local wheezy_tcp@kubernetes.default.svc.cluster.local wheezy_udp@PodARecord wheezy_tcp@PodARecord jessie_udp@kubernetes.default.svc.cluster.local jessie_tcp@kubernetes.default.svc.cluster.local jessie_udp@PodARecord jessie_tcp@PodARecord]&#xA;&#xA;Aug 27 11:15:05.634: INFO: Unable to read wheezy_udp@kubernetes.default.svc.cluster.local from pod dns-4105/dns-test-10bbd84e-02d7-4474-bf12-23fd8be27e37: the server could not find the requested resource (get pods dns-test-10bbd84e-02d7-4474-bf12-23fd8be27e37)&#xA;Aug 27 11:15:05.645: INFO: Unable to read wheezy_tcp@kubernetes.default.svc.cluster.local from pod dns-4105/dns-test-10bbd84e-02d7-4474-bf12-23fd8be27e37: the server could not find the requested resource (get pods dns-test-10bbd84e-02d7-4474-bf12-23fd8be27e37)&#xA;Aug 27 11:15:05.649: INFO: Unable to read wheezy_udp@PodARecord from pod dns-4105/dns-test-10bbd84e-02d7-4474-bf12-23fd8be27e37: the server could not find the requested resource (get pods dns-test-10bbd84e-02d7-4474-bf12-23fd8be27e37)&#xA;Aug 27 11:15:05.657: INFO: Unable to read wheezy_tcp@PodARecord from pod dns-4105/dns-test-10bbd84e-02d7-4474-bf12-23fd8be27e37: the server could not find the requested resource (get pods dns-test-10bbd84e-02d7-4474-bf12-23fd8be27e37)&#xA;Aug 27 11:15:05.665: INFO: Unable to read jessie_udp@kubernetes.default.svc.cluster.local from pod dns-4105/dns-test-10bbd84e-02d7-4474-bf12-23fd8be27e37: the server could not find the requested resource (get pods dns-test-10bbd84e-02d7-4474-bf12-23fd8be27e37)&#xA;Aug 27 11:15:05.669: INFO: Unable to read jessie_tcp@kubernetes.default.svc.cluster.local from pod dns-4105/dns-test-10bbd84e-02d7-4474-bf12-23fd8be27e37: the server could not find the requested resource (get pods dns-test-10bbd84e-02d7-4474-bf12-23fd8be27e37)&#xA;Aug 27 11:15:05.678: INFO: Unable to read jessie_udp@PodARecord from pod dns-4105/dns-test-10bbd84e-02d7-4474-bf12-23fd8be27e37: the server could not find the requested resource (get pods dns-test-10bbd84e-02d7-4474-bf12-23fd8be27e37)&#xA;Aug 27 11:15:05.682: INFO: Unable to read jessie_tcp@PodARecord from pod dns-4105/dns-test-10bbd84e-02d7-4474-bf12-23fd8be27e37: the server could not find the requested resource (get pods dns-test-10bbd84e-02d7-4474-bf12-23fd8be27e37)&#xA;Aug 27 11:15:05.683: INFO: Lookups using dns-4105/dns-test-10bbd84e-02d7-4474-bf12-23fd8be27e37 failed for: [wheezy_udp@kubernetes.default.svc.cluster.local wheezy_tcp@kubernetes.default.svc.cluster.local wheezy_udp@PodARecord wheezy_tcp@PodARecord jessie_udp@kubernetes.default.svc.cluster.local jessie_tcp@kubernetes.default.svc.cluster.local jessie_udp@PodARecord jessie_tcp@PodARecord]&#xA;&#xA;Aug 27 11:15:10.635: INFO: Unable to read wheezy_udp@kubernetes.default.svc.cluster.local from pod dns-4105/dns-test-10bbd84e-02d7-4474-bf12-23fd8be27e37: the server could not find the requested resource (get pods dns-test-10bbd84e-02d7-4474-bf12-23fd8be27e37)&#xA;Aug 27 11:15:10.643: INFO: Unable to read wheezy_tcp@kubernetes.default.svc.cluster.local from pod dns-4105/dns-test-10bbd84e-02d7-4474-bf12-23fd8be27e37: the server could not find the requested resource (get pods dns-test-10bbd84e-02d7-4474-bf12-23fd8be27e37)&#xA;Aug 27 11:15:10.649: INFO: Unable to read wheezy_udp@PodARecord from pod dns-4105/dns-test-10bbd84e-02d7-4474-bf12-23fd8be27e37: the server could not find the requested resource (get pods dns-test-10bbd84e-02d7-4474-bf12-23fd8be27e37)&#xA;Aug 27 11:15:10.663: INFO: Unable to read wheezy_tcp@PodARecord from pod dns-4105/dns-test-10bbd84e-02d7-4474-bf12-23fd8be27e37: the server could not find the requested resource (get pods dns-test-10bbd84e-02d7-4474-bf12-23fd8be27e37)&#xA;Aug 27 11:15:10.669: INFO: Unable to read jessie_udp@kubernetes.default.svc.cluster.local from pod dns-4105/dns-test-10bbd84e-02d7-4474-bf12-23fd8be27e37: the server could not find the requested resource (get pods dns-test-10bbd84e-02d7-4474-bf12-23fd8be27e37)&#xA;Aug 27 11:15:10.676: INFO: Unable to read jessie_tcp@kubernetes.default.svc.cluster.local from pod dns-4105/dns-test-10bbd84e-02d7-4474-bf12-23fd8be27e37: the server could not find the requested resource (get pods dns-test-10bbd84e-02d7-4474-bf12-23fd8be27e37)&#xA;Aug 27 11:15:10.680: INFO: Unable to read jessie_udp@PodARecord from pod dns-4105/dns-test-10bbd84e-02d7-4474-bf12-23fd8be27e37: the server could not find the requested resource (get pods dns-test-10bbd84e-02d7-4474-bf12-23fd8be27e37)&#xA;Aug 27 11:15:10.685: INFO: Unable to read jessie_tcp@PodARecord from pod dns-4105/dns-test-10bbd84e-02d7-4474-bf12-23fd8be27e37: the server could not find the requested resource (get pods dns-test-10bbd84e-02d7-4474-bf12-23fd8be27e37)&#xA;Aug 27 11:15:10.685: INFO: Lookups using dns-4105/dns-test-10bbd84e-02d7-4474-bf12-23fd8be27e37 failed for: [wheezy_udp@kubernetes.default.svc.cluster.local wheezy_tcp@kubernetes.default.svc.cluster.local wheezy_udp@PodARecord wheezy_tcp@PodARecord jessie_udp@kubernetes.default.svc.cluster.local jessie_tcp@kubernetes.default.svc.cluster.local jessie_udp@PodARecord jessie_tcp@PodARecord]&#xA;&#xA;Aug 27 11:15:15.663: INFO: Unable to read wheezy_udp@kubernetes.default.svc.cluster.local from pod dns-4105/dns-test-10bbd84e-02d7-4474-bf12-23fd8be27e37: the server could not find the requested resource (get pods dns-test-10bbd84e-02d7-4474-bf12-23fd8be27e37)&#xA;Aug 27 11:15:15.680: INFO: Unable to read wheezy_tcp@kubernetes.default.svc.cluster.local from pod dns-4105/dns-test-10bbd84e-02d7-4474-bf12-23fd8be27e37: the server could not find the requested resource (get pods dns-test-10bbd84e-02d7-4474-bf12-23fd8be27e37)&#xA;Aug 27 11:15:15.689: INFO: Unable to read wheezy_udp@PodARecord from pod dns-4105/dns-test-10bbd84e-02d7-4474-bf12-23fd8be27e37: the server could not find the requested resource (get pods dns-test-10bbd84e-02d7-4474-bf12-23fd8be27e37)&#xA;Aug 27 11:15:15.694: INFO: Unable to read wheezy_tcp@PodARecord from pod dns-4105/dns-test-10bbd84e-02d7-4474-bf12-23fd8be27e37: the server could not find the requested resource (get pods dns-test-10bbd84e-02d7-4474-bf12-23fd8be27e37)&#xA;Aug 27 11:15:15.699: INFO: Unable to read jessie_udp@kubernetes.default.svc.cluster.local from pod dns-4105/dns-test-10bbd84e-02d7-4474-bf12-23fd8be27e37: the server could not find the requested resource (get pods dns-test-10bbd84e-02d7-4474-bf12-23fd8be27e37)&#xA;Aug 27 11:15:15.703: INFO: Unable to read jessie_tcp@kubernetes.default.svc.cluster.local from pod dns-4105/dns-test-10bbd84e-02d7-4474-bf12-23fd8be27e37: the server could not find the requested resource (get pods dns-test-10bbd84e-02d7-4474-bf12-23fd8be27e37)&#xA;Aug 27 11:15:15.708: INFO: Unable to read jessie_udp@PodARecord from pod dns-4105/dns-test-10bbd84e-02d7-4474-bf12-23fd8be27e37: the server could not find the requested resource (get pods dns-test-10bbd84e-02d7-4474-bf12-23fd8be27e37)&#xA;Aug 27 11:15:15.713: INFO: Unable to read jessie_tcp@PodARecord from pod dns-4105/dns-test-10bbd84e-02d7-4474-bf12-23fd8be27e37: the server could not find the requested resource (get pods dns-test-10bbd84e-02d7-4474-bf12-23fd8be27e37)&#xA;Aug 27 11:15:15.713: INFO: Lookups using dns-4105/dns-test-10bbd84e-02d7-4474-bf12-23fd8be27e37 failed for: [wheezy_udp@kubernetes.default.svc.cluster.local wheezy_tcp@kubernetes.default.svc.cluster.local wheezy_udp@PodARecord wheezy_tcp@PodARecord jessie_udp@kubernetes.default.svc.cluster.local jessie_tcp@kubernetes.default.svc.cluster.local jessie_udp@PodARecord jessie_tcp@PodARecord]&#xA;&#xA;Aug 27 11:15:20.662: INFO: Unable to read wheezy_udp@kubernetes.default.svc.cluster.local from pod dns-4105/dns-test-10bbd84e-02d7-4474-bf12-23fd8be27e37: the server could not find the requested resource (get pods dns-test-10bbd84e-02d7-4474-bf12-23fd8be27e37)&#xA;Aug 27 11:15:20.667: INFO: Unable to read wheezy_tcp@kubernetes.default.svc.cluster.local from pod dns-4105/dns-test-10bbd84e-02d7-4474-bf12-23fd8be27e37: the server could not find the requested resource (get pods dns-test-10bbd84e-02d7-4474-bf12-23fd8be27e37)&#xA;Aug 27 11:15:20.672: INFO: Unable to read wheezy_udp@PodARecord from pod dns-4105/dns-test-10bbd84e-02d7-4474-bf12-23fd8be27e37: the server could not find the requested resource (get pods dns-test-10bbd84e-02d7-4474-bf12-23fd8be27e37)&#xA;Aug 27 11:15:20.677: INFO: Unable to read wheezy_tcp@PodARecord from pod dns-4105/dns-test-10bbd84e-02d7-4474-bf12-23fd8be27e37: the server could not find the requested resource (get pods dns-test-10bbd84e-02d7-4474-bf12-23fd8be27e37)&#xA;Aug 27 11:15:20.681: INFO: Unable to read jessie_udp@kubernetes.default.svc.cluster.local from pod dns-4105/dns-test-10bbd84e-02d7-4474-bf12-23fd8be27e37: the server could not find the requested resource (get pods dns-test-10bbd84e-02d7-4474-bf12-23fd8be27e37)&#xA;Aug 27 11:15:20.685: INFO: Unable to read jessie_tcp@kubernetes.default.svc.cluster.local from pod dns-4105/dns-test-10bbd84e-02d7-4474-bf12-23fd8be27e37: the server could not find the requested resource (get pods dns-test-10bbd84e-02d7-4474-bf12-23fd8be27e37)&#xA;Aug 27 11:15:20.692: INFO: Unable to read jessie_udp@PodARecord from pod dns-4105/dns-test-10bbd84e-02d7-4474-bf12-23fd8be27e37: the server could not find the requested resource (get pods dns-test-10bbd84e-02d7-4474-bf12-23fd8be27e37)&#xA;Aug 27 11:15:20.696: INFO: Unable to read jessie_tcp@PodARecord from pod dns-4105/dns-test-10bbd84e-02d7-4474-bf12-23fd8be27e37: the server could not find the requested resource (get pods dns-test-10bbd84e-02d7-4474-bf12-23fd8be27e37)&#xA;Aug 27 11:15:20.696: INFO: Lookups using dns-4105/dns-test-10bbd84e-02d7-4474-bf12-23fd8be27e37 failed for: [wheezy_udp@kubernetes.default.svc.cluster.local wheezy_tcp@kubernetes.default.svc.cluster.local wheezy_udp@PodARecord wheezy_tcp@PodARecord jessie_udp@kubernetes.default.svc.cluster.local jessie_tcp@kubernetes.default.svc.cluster.local jessie_udp@PodARecord jessie_tcp@PodARecord]&#xA;&#xA;Aug 27 11:15:25.632: INFO: Unable to read wheezy_udp@kubernetes.default.svc.cluster.local from pod dns-4105/dns-test-10bbd84e-02d7-4474-bf12-23fd8be27e37: the server could not find the requested resource (get pods dns-test-10bbd84e-02d7-4474-bf12-23fd8be27e37)&#xA;Aug 27 11:15:25.637: INFO: Unable to read wheezy_tcp@kubernetes.default.svc.cluster.local from pod dns-4105/dns-test-10bbd84e-02d7-4474-bf12-23fd8be27e37: the server could not find the requested resource (get pods dns-test-10bbd84e-02d7-4474-bf12-23fd8be27e37)&#xA;Aug 27 11:15:25.642: INFO: Unable to read wheezy_udp@PodARecord from pod dns-4105/dns-test-10bbd84e-02d7-4474-bf12-23fd8be27e37: the server could not find the requested resource (get pods dns-test-10bbd84e-02d7-4474-bf12-23fd8be27e37)&#xA;Aug 27 11:15:25.652: INFO: Unable to read wheezy_tcp@PodARecord from pod dns-4105/dns-test-10bbd84e-02d7-4474-bf12-23fd8be27e37: the server could not find the requested resource (get pods dns-test-10bbd84e-02d7-4474-bf12-23fd8be27e37)&#xA;Aug 27 11:15:25.656: INFO: Unable to read jessie_udp@kubernetes.default.svc.cluster.local from pod dns-4105/dns-test-10bbd84e-02d7-4474-bf12-23fd8be27e37: the server could not find the requested resource (get pods dns-test-10bbd84e-02d7-4474-bf12-23fd8be27e37)&#xA;Aug 27 11:15:25.660: INFO: Unable to read jessie_tcp@kubernetes.default.svc.cluster.local from pod dns-4105/dns-test-10bbd84e-02d7-4474-bf12-23fd8be27e37: the server could not find the requested resource (get pods dns-test-10bbd84e-02d7-4474-bf12-23fd8be27e37)&#xA;Aug 27 11:15:25.663: INFO: Unable to read jessie_udp@PodARecord from pod dns-4105/dns-test-10bbd84e-02d7-4474-bf12-23fd8be27e37: the server could not find the requested resource (get pods dns-test-10bbd84e-02d7-4474-bf12-23fd8be27e37)&#xA;Aug 27 11:15:25.667: INFO: Unable to read jessie_tcp@PodARecord from pod dns-4105/dns-test-10bbd84e-02d7-4474-bf12-23fd8be27e37: the server could not find the requested resource (get pods dns-test-10bbd84e-02d7-4474-bf12-23fd8be27e37)&#xA;Aug 27 11:15:25.667: INFO: Lookups using dns-4105/dns-test-10bbd84e-02d7-4474-bf12-23fd8be27e37 failed for: [wheezy_udp@kubernetes.default.svc.cluster.local wheezy_tcp@kubernetes.default.svc.cluster.local wheezy_udp@PodARecord wheezy_tcp@PodARecord jessie_udp@kubernetes.default.svc.cluster.local jessie_tcp@kubernetes.default.svc.cluster.local jessie_udp@PodARecord jessie_tcp@PodARecord]&#xA;&#xA;Aug 27 11:15:30.632: INFO: Unable to read wheezy_udp@kubernetes.default.svc.cluster.local from pod dns-4105/dns-test-10bbd84e-02d7-4474-bf12-23fd8be27e37: the server could not find the requested resource (get pods dns-test-10bbd84e-02d7-4474-bf12-23fd8be27e37)&#xA;Aug 27 11:15:30.639: INFO: Unable to read wheezy_tcp@kubernetes.default.svc.cluster.local from pod dns-4105/dns-test-10bbd84e-02d7-4474-bf12-23fd8be27e37: the server could not find the requested resource (get pods dns-test-10bbd84e-02d7-4474-bf12-23fd8be27e37)&#xA;Aug 27 11:15:30.644: INFO: Unable to read wheezy_udp@PodARecord from pod dns-4105/dns-test-10bbd84e-02d7-4474-bf12-23fd8be27e37: the server could not find the requested resource (get pods dns-test-10bbd84e-02d7-4474-bf12-23fd8be27e37)&#xA;Aug 27 11:15:30.650: INFO: Unable to read wheezy_tcp@PodARecord from pod dns-4105/dns-test-10bbd84e-02d7-4474-bf12-23fd8be27e37: the server could not find the requested resource (get pods dns-test-10bbd84e-02d7-4474-bf12-23fd8be27e37)&#xA;Aug 27 11:15:30.675: INFO: Unable to read jessie_udp@kubernetes.default.svc.cluster.local from pod dns-4105/dns-test-10bbd84e-02d7-4474-bf12-23fd8be27e37: the server could not find the requested resource (get pods dns-test-10bbd84e-02d7-4474-bf12-23fd8be27e37)&#xA;Aug 27 11:15:30.687: INFO: Unable to read jessie_tcp@kubernetes.default.svc.cluster.local from pod dns-4105/dns-test-10bbd84e-02d7-4474-bf12-23fd8be27e37: the server could not find the requested resource (get pods dns-test-10bbd84e-02d7-4474-bf12-23fd8be27e37)&#xA;Aug 27 11:15:30.691: INFO: Unable to read jessie_udp@PodARecord from pod dns-4105/dns-test-10bbd84e-02d7-4474-bf12-23fd8be27e37: the server could not find the requested resource (get pods dns-test-10bbd84e-02d7-4474-bf12-23fd8be27e37)&#xA;Aug 27 11:15:30.695: INFO: Unable to read jessie_tcp@PodARecord from pod dns-4105/dns-test-10bbd84e-02d7-4474-bf12-23fd8be27e37: the server could not find the requested resource (get pods dns-test-10bbd84e-02d7-4474-bf12-23fd8be27e37)&#xA;Aug 27 11:15:30.695: INFO: Lookups using dns-4105/dns-test-10bbd84e-02d7-4474-bf12-23fd8be27e37 failed for: [wheezy_udp@kubernetes.default.svc.cluster.local wheezy_tcp@kubernetes.default.svc.cluster.local wheezy_udp@PodARecord wheezy_tcp@PodARecord jessie_udp@kubernetes.default.svc.cluster.local jessie_tcp@kubernetes.default.svc.cluster.local jessie_udp@PodARecord jessie_tcp@PodARecord]&#xA;&#xA;Aug 27 11:15:35.632: INFO: Unable to read wheezy_udp@kubernetes.default.svc.cluster.local from pod dns-4105/dns-test-10bbd84e-02d7-4474-bf12-23fd8be27e37: the server could not find the requested resource (get pods dns-test-10bbd84e-02d7-4474-bf12-23fd8be27e37)&#xA;Aug 27 11:15:35.638: INFO: Unable to read wheezy_tcp@kubernetes.default.svc.cluster.local from pod dns-4105/dns-test-10bbd84e-02d7-4474-bf12-23fd8be27e37: the server could not find the requested resource (get pods dns-test-10bbd84e-02d7-4474-bf12-23fd8be27e37)&#xA;Aug 27 11:15:35.642: INFO: Unable to read wheezy_udp@PodARecord from pod dns-4105/dns-test-10bbd84e-02d7-4474-bf12-23fd8be27e37: the server could not find the requested resource (get pods dns-test-10bbd84e-02d7-4474-bf12-23fd8be27e37)&#xA;Aug 27 11:15:35.646: INFO: Unable to read wheezy_tcp@PodARecord from pod dns-4105/dns-test-10bbd84e-02d7-4474-bf12-23fd8be27e37: the server could not find the requested resource (get pods dns-test-10bbd84e-02d7-4474-bf12-23fd8be27e37)&#xA;Aug 27 11:15:35.651: INFO: Unable to read jessie_udp@kubernetes.default.svc.cluster.local from pod dns-4105/dns-test-10bbd84e-02d7-4474-bf12-23fd8be27e37: the server could not find the requested resource (get pods dns-test-10bbd84e-02d7-4474-bf12-23fd8be27e37)&#xA;Aug 27 11:15:35.655: INFO: Unable to read jessie_tcp@kubernetes.default.svc.cluster.local from pod dns-4105/dns-test-10bbd84e-02d7-4474-bf12-23fd8be27e37: the server could not find the requested resource (get pods dns-test-10bbd84e-02d7-4474-bf12-23fd8be27e37)&#xA;Aug 27 11:15:35.659: INFO: Unable to read jessie_udp@PodARecord from pod dns-4105/dns-test-10bbd84e-02d7-4474-bf12-23fd8be27e37: the server could not find the requested resource (get pods dns-test-10bbd84e-02d7-4474-bf12-23fd8be27e37)&#xA;Aug 27 11:15:35.663: INFO: Unable to read jessie_tcp@PodARecord from pod dns-4105/dns-test-10bbd84e-02d7-4474-bf12-23fd8be27e37: the server could not find the requested resource (get pods dns-test-10bbd84e-02d7-4474-bf12-23fd8be27e37)&#xA;Aug 27 11:15:35.663: INFO: Lookups using dns-4105/dns-test-10bbd84e-02d7-4474-bf12-23fd8be27e37 failed for: [wheezy_udp@kubernetes.default.svc.cluster.local wheezy_tcp@kubernetes.default.svc.cluster.local wheezy_udp@PodARecord wheezy_tcp@PodARecord jessie_udp@kubernetes.default.svc.cluster.local jessie_tcp@kubernetes.default.svc.cluster.local jessie_udp@PodARecord jessie_tcp@PodARecord]&#xA;&#xA;Aug 27 11:15:40.630: INFO: Unable to read wheezy_udp@kubernetes.default.svc.cluster.local from pod dns-4105/dns-test-10bbd84e-02d7-4474-bf12-23fd8be27e37: the server could not find the requested resource (get pods dns-test-10bbd84e-02d7-4474-bf12-23fd8be27e37)&#xA;Aug 27 11:15:40.636: INFO: Unable to read wheezy_tcp@kubernetes.default.svc.cluster.local from pod dns-4105/dns-test-10bbd84e-02d7-4474-bf12-23fd8be27e37: the server could not find the requested resource (get pods dns-test-10bbd84e-02d7-4474-bf12-23fd8be27e37)&#xA;Aug 27 11:15:40.639: INFO: Unable to read wheezy_udp@PodARecord from pod dns-4105/dns-test-10bbd84e-02d7-4474-bf12-23fd8be27e37: the server could not find the requested resource (get pods dns-test-10bbd84e-02d7-4474-bf12-23fd8be27e37)&#xA;Aug 27 11:15:40.642: INFO: Unable to read wheezy_tcp@PodARecord from pod dns-4105/dns-test-10bbd84e-02d7-4474-bf12-23fd8be27e37: the server could not find the requested resource (get pods dns-test-10bbd84e-02d7-4474-bf12-23fd8be27e37)&#xA;Aug 27 11:15:40.647: INFO: Unable to read jessie_udp@kubernetes.default.svc.cluster.local from pod dns-4105/dns-test-10bbd84e-02d7-4474-bf12-23fd8be27e37: the server could not find the requested resource (get pods dns-test-10bbd84e-02d7-4474-bf12-23fd8be27e37)&#xA;Aug 27 11:15:40.655: INFO: Unable to read jessie_tcp@kubernetes.default.svc.cluster.local from pod dns-4105/dns-test-10bbd84e-02d7-4474-bf12-23fd8be27e37: the server could not find the requested resource (get pods dns-test-10bbd84e-02d7-4474-bf12-23fd8be27e37)&#xA;Aug 27 11:15:40.660: INFO: Unable to read jessie_udp@PodARecord from pod dns-4105/dns-test-10bbd84e-02d7-4474-bf12-23fd8be27e37: the server could not find the requested resource (get pods dns-test-10bbd84e-02d7-4474-bf12-23fd8be27e37)&#xA;Aug 27 11:15:40.664: INFO: Unable to read jessie_tcp@PodARecord from pod dns-4105/dns-test-10bbd84e-02d7-4474-bf12-23fd8be27e37: the server could not find the requested resource (get pods dns-test-10bbd84e-02d7-4474-bf12-23fd8be27e37)&#xA;Aug 27 11:15:40.664: INFO: Lookups using dns-4105/dns-test-10bbd84e-02d7-4474-bf12-23fd8be27e37 failed for: [wheezy_udp@kubernetes.default.svc.cluster.local wheezy_tcp@kubernetes.default.svc.cluster.local wheezy_udp@PodARecord wheezy_tcp@PodARecord jessie_udp@kubernetes.default.svc.cluster.local jessie_tcp@kubernetes.default.svc.cluster.local jessie_udp@PodARecord jessie_tcp@PodARecord]&#xA;&#xA;Aug 27 11:15:45.632: INFO: Unable to read wheezy_udp@kubernetes.default.svc.cluster.local from pod dns-4105/dns-test-10bbd84e-02d7-4474-bf12-23fd8be27e37: the server could not find the requested resource (get pods dns-test-10bbd84e-02d7-4474-bf12-23fd8be27e37)&#xA;Aug 27 11:15:45.654: INFO: Unable to read wheezy_tcp@kubernetes.default.svc.cluster.local from pod dns-4105/dns-test-10bbd84e-02d7-4474-bf12-23fd8be27e37: the server could not find the requested resource (get pods dns-test-10bbd84e-02d7-4474-bf12-23fd8be27e37)&#xA;Aug 27 11:15:45.659: INFO: Unable to read wheezy_udp@PodARecord from pod dns-4105/dns-test-10bbd84e-02d7-4474-bf12-23fd8be27e37: the server could not find the requested resource (get pods dns-test-10bbd84e-02d7-4474-bf12-23fd8be27e37)&#xA;Aug 27 11:15:45.664: INFO: Unable to read wheezy_tcp@PodARecord from pod dns-4105/dns-test-10bbd84e-02d7-4474-bf12-23fd8be27e37: the server could not find the requested resource (get pods dns-test-10bbd84e-02d7-4474-bf12-23fd8be27e37)&#xA;Aug 27 11:15:45.667: INFO: Unable to read jessie_udp@kubernetes.default.svc.cluster.local from pod dns-4105/dns-test-10bbd84e-02d7-4474-bf12-23fd8be27e37: the server could not find the requested resource (get pods dns-test-10bbd84e-02d7-4474-bf12-23fd8be27e37)&#xA;Aug 27 11:15:45.673: INFO: Unable to read jessie_tcp@kubernetes.default.svc.cluster.local from pod dns-4105/dns-test-10bbd84e-02d7-4474-bf12-23fd8be27e37: the server could not find the requested resource (get pods dns-test-10bbd84e-02d7-4474-bf12-23fd8be27e37)&#xA;Aug 27 11:15:45.677: INFO: Unable to read jessie_udp@PodARecord from pod dns-4105/dns-test-10bbd84e-02d7-4474-bf12-23fd8be27e37: the server could not find the requested resource (get pods dns-test-10bbd84e-02d7-4474-bf12-23fd8be27e37)&#xA;Aug 27 11:15:45.694: INFO: Unable to read jessie_tcp@PodARecord from pod dns-4105/dns-test-10bbd84e-02d7-4474-bf12-23fd8be27e37: the server could not find the requested resource (get pods dns-test-10bbd84e-02d7-4474-bf12-23fd8be27e37)&#xA;Aug 27 11:15:45.694: INFO: Lookups using dns-4105/dns-test-10bbd84e-02d7-4474-bf12-23fd8be27e37 failed for: [wheezy_udp@kubernetes.default.svc.cluster.local wheezy_tcp@kubernetes.default.svc.cluster.local wheezy_udp@PodARecord wheezy_tcp@PodARecord jessie_udp@kubernetes.default.svc.cluster.local jessie_tcp@kubernetes.default.svc.cluster.local jessie_udp@PodARecord jessie_tcp@PodARecord]&#xA;&#xA;Aug 27 11:15:50.633: INFO: Unable to read wheezy_udp@kubernetes.default.svc.cluster.local from pod dns-4105/dns-test-10bbd84e-02d7-4474-bf12-23fd8be27e37: the server could not find the requested resource (get pods dns-test-10bbd84e-02d7-4474-bf12-23fd8be27e37)&#xA;Aug 27 11:15:50.637: INFO: Unable to read wheezy_tcp@kubernetes.default.svc.cluster.local from pod dns-4105/dns-test-10bbd84e-02d7-4474-bf12-23fd8be27e37: the server could not find the requested resource (get pods dns-test-10bbd84e-02d7-4474-bf12-23fd8be27e37)&#xA;Aug 27 11:15:50.642: INFO: Unable to read wheezy_udp@PodARecord from pod dns-4105/dns-test-10bbd84e-02d7-4474-bf12-23fd8be27e37: the server could not find the requested resource (get pods dns-test-10bbd84e-02d7-4474-bf12-23fd8be27e37)&#xA;Aug 27 11:15:50.646: INFO: Unable to read wheezy_tcp@PodARecord from pod dns-4105/dns-test-10bbd84e-02d7-4474-bf12-23fd8be27e37: the server could not find the requested resource (get pods dns-test-10bbd84e-02d7-4474-bf12-23fd8be27e37)&#xA;Aug 27 11:15:50.649: INFO: Unable to read jessie_udp@kubernetes.default.svc.cluster.local from pod dns-4105/dns-test-10bbd84e-02d7-4474-bf12-23fd8be27e37: the server could not find the requested resource (get pods dns-test-10bbd84e-02d7-4474-bf12-23fd8be27e37)&#xA;Aug 27 11:15:50.652: INFO: Unable to read jessie_tcp@kubernetes.default.svc.cluster.local from pod dns-4105/dns-test-10bbd84e-02d7-4474-bf12-23fd8be27e37: the server could not find the requested resource (get pods dns-test-10bbd84e-02d7-4474-bf12-23fd8be27e37)&#xA;Aug 27 11:15:50.655: INFO: Unable to read jessie_udp@PodARecord from pod dns-4105/dns-test-10bbd84e-02d7-4474-bf12-23fd8be27e37: the server could not find the requested resource (get pods dns-test-10bbd84e-02d7-4474-bf12-23fd8be27e37)&#xA;Aug 27 11:15:50.658: INFO: Unable to read jessie_tcp@PodARecord from pod dns-4105/dns-test-10bbd84e-02d7-4474-bf12-23fd8be27e37: the server could not find the requested resource (get pods dns-test-10bbd84e-02d7-4474-bf12-23fd8be27e37)&#xA;Aug 27 11:15:50.658: INFO: Lookups using dns-4105/dns-test-10bbd84e-02d7-4474-bf12-23fd8be27e37 failed for: [wheezy_udp@kubernetes.default.svc.cluster.local wheezy_tcp@kubernetes.default.svc.cluster.local wheezy_udp@PodARecord wheezy_tcp@PodARecord jessie_udp@kubernetes.default.svc.cluster.local jessie_tcp@kubernetes.default.svc.cluster.local jessie_udp@PodARecord jessie_tcp@PodARecord]&#xA;&#xA;Aug 27 11:15:55.633: INFO: Unable to read wheezy_udp@kubernetes.default.svc.cluster.local from pod dns-4105/dns-test-10bbd84e-02d7-4474-bf12-23fd8be27e37: the server could not find the requested resource (get pods dns-test-10bbd84e-02d7-4474-bf12-23fd8be27e37)&#xA;Aug 27 11:15:55.637: INFO: Unable to read wheezy_tcp@kubernetes.default.svc.cluster.local from pod dns-4105/dns-test-10bbd84e-02d7-4474-bf12-23fd8be27e37: the server could not find the requested resource (get pods dns-test-10bbd84e-02d7-4474-bf12-23fd8be27e37)&#xA;Aug 27 11:15:55.642: INFO: Unable to read wheezy_udp@PodARecord from pod dns-4105/dns-test-10bbd84e-02d7-4474-bf12-23fd8be27e37: the server could not find the requested resource (get pods dns-test-10bbd84e-02d7-4474-bf12-23fd8be27e37)&#xA;Aug 27 11:15:55.645: INFO: Unable to read wheezy_tcp@PodARecord from pod dns-4105/dns-test-10bbd84e-02d7-4474-bf12-23fd8be27e37: the server could not find the requested resource (get pods dns-test-10bbd84e-02d7-4474-bf12-23fd8be27e37)&#xA;Aug 27 11:15:55.649: INFO: Unable to read jessie_udp@kubernetes.default.svc.cluster.local from pod dns-4105/dns-test-10bbd84e-02d7-4474-bf12-23fd8be27e37: the server could not find the requested resource (get pods dns-test-10bbd84e-02d7-4474-bf12-23fd8be27e37)&#xA;Aug 27 11:15:55.652: INFO: Unable to read jessie_tcp@kubernetes.default.svc.cluster.local from pod dns-4105/dns-test-10bbd84e-02d7-4474-bf12-23fd8be27e37: the server could not find the requested resource (get pods dns-test-10bbd84e-02d7-4474-bf12-23fd8be27e37)&#xA;Aug 27 11:15:55.655: INFO: Unable to read jessie_udp@PodARecord from pod dns-4105/dns-test-10bbd84e-02d7-4474-bf12-23fd8be27e37: the server could not find the requested resource (get pods dns-test-10bbd84e-02d7-4474-bf12-23fd8be27e37)&#xA;Aug 27 11:15:55.659: INFO: Unable to read jessie_tcp@PodARecord from pod dns-4105/dns-test-10bbd84e-02d7-4474-bf12-23fd8be27e37: the server could not find the requested resource (get pods dns-test-10bbd84e-02d7-4474-bf12-23fd8be27e37)&#xA;Aug 27 11:15:55.659: INFO: Lookups using dns-4105/dns-test-10bbd84e-02d7-4474-bf12-23fd8be27e37 failed for: [wheezy_udp@kubernetes.default.svc.cluster.local wheezy_tcp@kubernetes.default.svc.cluster.local wheezy_udp@PodARecord wheezy_tcp@PodARecord jessie_udp@kubernetes.default.svc.cluster.local jessie_tcp@kubernetes.default.svc.cluster.local jessie_udp@PodARecord jessie_tcp@PodARecord]&#xA;&#xA;Aug 27 11:16:00.631: INFO: Unable to read wheezy_udp@kubernetes.default.svc.cluster.local from pod dns-4105/dns-test-10bbd84e-02d7-4474-bf12-23fd8be27e37: the server could not find the requested resource (get pods dns-test-10bbd84e-02d7-4474-bf12-23fd8be27e37)&#xA;Aug 27 11:16:00.635: INFO: Unable to read wheezy_tcp@kubernetes.default.svc.cluster.local from pod dns-4105/dns-test-10bbd84e-02d7-4474-bf12-23fd8be27e37: the server could not find the requested resource (get pods dns-test-10bbd84e-02d7-4474-bf12-23fd8be27e37)&#xA;Aug 27 11:16:00.641: INFO: Unable to read wheezy_udp@PodARecord from pod dns-4105/dns-test-10bbd84e-02d7-4474-bf12-23fd8be27e37: the server could not find the requested resource (get pods dns-test-10bbd84e-02d7-4474-bf12-23fd8be27e37)&#xA;Aug 27 11:16:00.666: INFO: Unable to read wheezy_tcp@PodARecord from pod dns-4105/dns-test-10bbd84e-02d7-4474-bf12-23fd8be27e37: the server could not find the requested resource (get pods dns-test-10bbd84e-02d7-4474-bf12-23fd8be27e37)&#xA;Aug 27 11:16:00.684: INFO: Unable to read jessie_udp@kubernetes.default.svc.cluster.local from pod dns-4105/dns-test-10bbd84e-02d7-4474-bf12-23fd8be27e37: the server could not find the requested resource (get pods dns-test-10bbd84e-02d7-4474-bf12-23fd8be27e37)&#xA;Aug 27 11:16:00.688: INFO: Unable to read jessie_tcp@kubernetes.default.svc.cluster.local from pod dns-4105/dns-test-10bbd84e-02d7-4474-bf12-23fd8be27e37: the server could not find the requested resource (get pods dns-test-10bbd84e-02d7-4474-bf12-23fd8be27e37)&#xA;Aug 27 11:16:00.692: INFO: Unable to read jessie_udp@PodARecord from pod dns-4105/dns-test-10bbd84e-02d7-4474-bf12-23fd8be27e37: the server could not find the requested resource (get pods dns-test-10bbd84e-02d7-4474-bf12-23fd8be27e37)&#xA;Aug 27 11:16:00.695: INFO: Unable to read jessie_tcp@PodARecord from pod dns-4105/dns-test-10bbd84e-02d7-4474-bf12-23fd8be27e37: the server could not find the requested resource (get pods dns-test-10bbd84e-02d7-4474-bf12-23fd8be27e37)&#xA;Aug 27 11:16:00.695: INFO: Lookups using dns-4105/dns-test-10bbd84e-02d7-4474-bf12-23fd8be27e37 failed for: [wheezy_udp@kubernetes.default.svc.cluster.local wheezy_tcp@kubernetes.default.svc.cluster.local wheezy_udp@PodARecord wheezy_tcp@PodARecord jessie_udp@kubernetes.default.svc.cluster.local jessie_tcp@kubernetes.default.svc.cluster.local jessie_udp@PodARecord jessie_tcp@PodARecord]&#xA;&#xA;Aug 27 11:16:05.633: INFO: Unable to read wheezy_udp@kubernetes.default.svc.cluster.local from pod dns-4105/dns-test-10bbd84e-02d7-4474-bf12-23fd8be27e37: the server could not find the requested resource (get pods dns-test-10bbd84e-02d7-4474-bf12-23fd8be27e37)&#xA;Aug 27 11:16:05.642: INFO: Unable to read wheezy_tcp@kubernetes.default.svc.cluster.local from pod dns-4105/dns-test-10bbd84e-02d7-4474-bf12-23fd8be27e37: the server could not find the requested resource (get pods dns-test-10bbd84e-02d7-4474-bf12-23fd8be27e37)&#xA;Aug 27 11:16:05.650: INFO: Unable to read wheezy_udp@PodARecord from pod dns-4105/dns-test-10bbd84e-02d7-4474-bf12-23fd8be27e37: the server could not find the requested resource (get pods dns-test-10bbd84e-02d7-4474-bf12-23fd8be27e37)&#xA;Aug 27 11:16:05.657: INFO: Unable to read wheezy_tcp@PodARecord from pod dns-4105/dns-test-10bbd84e-02d7-4474-bf12-23fd8be27e37: the server could not find the requested resource (get pods dns-test-10bbd84e-02d7-4474-bf12-23fd8be27e37)&#xA;Aug 27 11:16:05.666: INFO: Unable to read jessie_udp@kubernetes.default.svc.cluster.local from pod dns-4105/dns-test-10bbd84e-02d7-4474-bf12-23fd8be27e37: the server could not find the requested resource (get pods dns-test-10bbd84e-02d7-4474-bf12-23fd8be27e37)&#xA;Aug 27 11:16:05.670: INFO: Unable to read jessie_tcp@kubernetes.default.svc.cluster.local from pod dns-4105/dns-test-10bbd84e-02d7-4474-bf12-23fd8be27e37: the server could not find the requested resource (get pods dns-test-10bbd84e-02d7-4474-bf12-23fd8be27e37)&#xA;Aug 27 11:16:05.676: INFO: Unable to read jessie_udp@PodARecord from pod dns-4105/dns-test-10bbd84e-02d7-4474-bf12-23fd8be27e37: the server could not find the requested resource (get pods dns-test-10bbd84e-02d7-4474-bf12-23fd8be27e37)&#xA;Aug 27 11:16:05.680: INFO: Unable to read jessie_tcp@PodARecord from pod dns-4105/dns-test-10bbd84e-02d7-4474-bf12-23fd8be27e37: the server could not find the requested resource (get pods dns-test-10bbd84e-02d7-4474-bf12-23fd8be27e37)&#xA;Aug 27 11:16:05.680: INFO: Lookups using dns-4105/dns-test-10bbd84e-02d7-4474-bf12-23fd8be27e37 failed for: [wheezy_udp@kubernetes.default.svc.cluster.local wheezy_tcp@kubernetes.default.svc.cluster.local wheezy_udp@PodARecord wheezy_tcp@PodARecord jessie_udp@kubernetes.default.svc.cluster.local jessie_tcp@kubernetes.default.svc.cluster.local jessie_udp@PodARecord jessie_tcp@PodARecord]&#xA;&#xA;Aug 27 11:16:10.630: INFO: Unable to read wheezy_udp@kubernetes.default.svc.cluster.local from pod dns-4105/dns-test-10bbd84e-02d7-4474-bf12-23fd8be27e37: the server could not find the requested resource (get pods dns-test-10bbd84e-02d7-4474-bf12-23fd8be27e37)&#xA;Aug 27 11:16:10.633: INFO: Unable to read wheezy_tcp@kubernetes.default.svc.cluster.local from pod dns-4105/dns-test-10bbd84e-02d7-4474-bf12-23fd8be27e37: the server could not find the requested resource (get pods dns-test-10bbd84e-02d7-4474-bf12-23fd8be27e37)&#xA;Aug 27 11:16:10.639: INFO: Unable to read wheezy_udp@PodARecord from pod dns-4105/dns-test-10bbd84e-02d7-4474-bf12-23fd8be27e37: the server could not find the requested resource (get pods dns-test-10bbd84e-02d7-4474-bf12-23fd8be27e37)&#xA;Aug 27 11:16:10.643: INFO: Unable to read wheezy_tcp@PodARecord from pod dns-4105/dns-test-10bbd84e-02d7-4474-bf12-23fd8be27e37: the server could not find the requested resource (get pods dns-test-10bbd84e-02d7-4474-bf12-23fd8be27e37)&#xA;Aug 27 11:16:10.647: INFO: Unable to read jessie_udp@kubernetes.default.svc.cluster.local from pod dns-4105/dns-test-10bbd84e-02d7-4474-bf12-23fd8be27e37: the server could not find the requested resource (get pods dns-test-10bbd84e-02d7-4474-bf12-23fd8be27e37)&#xA;Aug 27 11:16:10.651: INFO: Unable to read jessie_tcp@kubernetes.default.svc.cluster.local from pod dns-4105/dns-test-10bbd84e-02d7-4474-bf12-23fd8be27e37: the server could not find the requested resource (get pods dns-test-10bbd84e-02d7-4474-bf12-23fd8be27e37)&#xA;Aug 27 11:16:10.659: INFO: Unable to read jessie_udp@PodARecord from pod dns-4105/dns-test-10bbd84e-02d7-4474-bf12-23fd8be27e37: the server could not find the requested resource (get pods dns-test-10bbd84e-02d7-4474-bf12-23fd8be27e37)&#xA;Aug 27 11:16:10.667: INFO: Unable to read jessie_tcp@PodARecord from pod dns-4105/dns-test-10bbd84e-02d7-4474-bf12-23fd8be27e37: the server could not find the requested resource (get pods dns-test-10bbd84e-02d7-4474-bf12-23fd8be27e37)&#xA;Aug 27 11:16:10.667: INFO: Lookups using dns-4105/dns-test-10bbd84e-02d7-4474-bf12-23fd8be27e37 failed for: [wheezy_udp@kubernetes.default.svc.cluster.local wheezy_tcp@kubernetes.default.svc.cluster.local wheezy_udp@PodARecord wheezy_tcp@PodARecord jessie_udp@kubernetes.default.svc.cluster.local jessie_tcp@kubernetes.default.svc.cluster.local jessie_udp@PodARecord jessie_tcp@PodARecord]&#xA;&#xA;Aug 27 11:16:15.630: INFO: Unable to read wheezy_udp@kubernetes.default.svc.cluster.local from pod dns-4105/dns-test-10bbd84e-02d7-4474-bf12-23fd8be27e37: the server could not find the requested resource (get pods dns-test-10bbd84e-02d7-4474-bf12-23fd8be27e37)&#xA;Aug 27 11:16:15.634: INFO: Unable to read wheezy_tcp@kubernetes.default.svc.cluster.local from pod dns-4105/dns-test-10bbd84e-02d7-4474-bf12-23fd8be27e37: the server could not find the requested resource (get pods dns-test-10bbd84e-02d7-4474-bf12-23fd8be27e37)&#xA;Aug 27 11:16:15.638: INFO: Unable to read wheezy_udp@PodARecord from pod dns-4105/dns-test-10bbd84e-02d7-4474-bf12-23fd8be27e37: the server could not find the requested resource (get pods dns-test-10bbd84e-02d7-4474-bf12-23fd8be27e37)&#xA;Aug 27 11:16:15.641: INFO: Unable to read wheezy_tcp@PodARecord from pod dns-4105/dns-test-10bbd84e-02d7-4474-bf12-23fd8be27e37: the server could not find the requested resource (get pods dns-test-10bbd84e-02d7-4474-bf12-23fd8be27e37)&#xA;Aug 27 11:16:15.644: INFO: Unable to read jessie_udp@kubernetes.default.svc.cluster.local from pod dns-4105/dns-test-10bbd84e-02d7-4474-bf12-23fd8be27e37: the server could not find the requested resource (get pods dns-test-10bbd84e-02d7-4474-bf12-23fd8be27e37)&#xA;Aug 27 11:16:15.648: INFO: Unable to read jessie_tcp@kubernetes.default.svc.cluster.local from pod dns-4105/dns-test-10bbd84e-02d7-4474-bf12-23fd8be27e37: the server could not find the requested resource (get pods dns-test-10bbd84e-02d7-4474-bf12-23fd8be27e37)&#xA;Aug 27 11:16:15.651: INFO: Unable to read jessie_udp@PodARecord from pod dns-4105/dns-test-10bbd84e-02d7-4474-bf12-23fd8be27e37: the server could not find the requested resource (get pods dns-test-10bbd84e-02d7-4474-bf12-23fd8be27e37)&#xA;Aug 27 11:16:15.655: INFO: Unable to read jessie_tcp@PodARecord from pod dns-4105/dns-test-10bbd84e-02d7-4474-bf12-23fd8be27e37: the server could not find the requested resource (get pods dns-test-10bbd84e-02d7-4474-bf12-23fd8be27e37)&#xA;Aug 27 11:16:15.655: INFO: Lookups using dns-4105/dns-test-10bbd84e-02d7-4474-bf12-23fd8be27e37 failed for: [wheezy_udp@kubernetes.default.svc.cluster.local wheezy_tcp@kubernetes.default.svc.cluster.local wheezy_udp@PodARecord wheezy_tcp@PodARecord jessie_udp@kubernetes.default.svc.cluster.local jessie_tcp@kubernetes.default.svc.cluster.local jessie_udp@PodARecord jessie_tcp@PodARecord]&#xA;&#xA;Aug 27 11:16:20.635: INFO: Unable to read wheezy_udp@kubernetes.default.svc.cluster.local from pod dns-4105/dns-test-10bbd84e-02d7-4474-bf12-23fd8be27e37: the server could not find the requested resource (get pods dns-test-10bbd84e-02d7-4474-bf12-23fd8be27e37)&#xA;Aug 27 11:16:20.639: INFO: Unable to read wheezy_tcp@kubernetes.default.svc.cluster.local from pod dns-4105/dns-test-10bbd84e-02d7-4474-bf12-23fd8be27e37: the server could not find the requested resource (get pods dns-test-10bbd84e-02d7-4474-bf12-23fd8be27e37)&#xA;Aug 27 11:16:20.643: INFO: Unable to read wheezy_udp@PodARecord from pod dns-4105/dns-test-10bbd84e-02d7-4474-bf12-23fd8be27e37: the server could not find the requested resource (get pods dns-test-10bbd84e-02d7-4474-bf12-23fd8be27e37)&#xA;Aug 27 11:16:20.646: INFO: Unable to read wheezy_tcp@PodARecord from pod dns-4105/dns-test-10bbd84e-02d7-4474-bf12-23fd8be27e37: the server could not find the requested resource (get pods dns-test-10bbd84e-02d7-4474-bf12-23fd8be27e37)&#xA;Aug 27 11:16:20.650: INFO: Unable to read jessie_udp@kubernetes.default.svc.cluster.local from pod dns-4105/dns-test-10bbd84e-02d7-4474-bf12-23fd8be27e37: the server could not find the requested resource (get pods dns-test-10bbd84e-02d7-4474-bf12-23fd8be27e37)&#xA;Aug 27 11:16:20.658: INFO: Unable to read jessie_tcp@kubernetes.default.svc.cluster.local from pod dns-4105/dns-test-10bbd84e-02d7-4474-bf12-23fd8be27e37: the server could not find the requested resource (get pods dns-test-10bbd84e-02d7-4474-bf12-23fd8be27e37)&#xA;Aug 27 11:16:20.662: INFO: Unable to read jessie_udp@PodARecord from pod dns-4105/dns-test-10bbd84e-02d7-4474-bf12-23fd8be27e37: the server could not find the requested resource (get pods dns-test-10bbd84e-02d7-4474-bf12-23fd8be27e37)&#xA;Aug 27 11:16:20.666: INFO: Unable to read jessie_tcp@PodARecord from pod dns-4105/dns-test-10bbd84e-02d7-4474-bf12-23fd8be27e37: the server could not find the requested resource (get pods dns-test-10bbd84e-02d7-4474-bf12-23fd8be27e37)&#xA;Aug 27 11:16:20.666: INFO: Lookups using dns-4105/dns-test-10bbd84e-02d7-4474-bf12-23fd8be27e37 failed for: [wheezy_udp@kubernetes.default.svc.cluster.local wheezy_tcp@kubernetes.default.svc.cluster.local wheezy_udp@PodARecord wheezy_tcp@PodARecord jessie_udp@kubernetes.default.svc.cluster.local jessie_tcp@kubernetes.default.svc.cluster.local jessie_udp@PodARecord jessie_tcp@PodARecord]&#xA;&#xA;Aug 27 11:16:25.632: INFO: Unable to read wheezy_udp@kubernetes.default.svc.cluster.local from pod dns-4105/dns-test-10bbd84e-02d7-4474-bf12-23fd8be27e37: the server could not find the requested resource (get pods dns-test-10bbd84e-02d7-4474-bf12-23fd8be27e37)&#xA;Aug 27 11:16:25.640: INFO: Unable to read wheezy_tcp@kubernetes.default.svc.cluster.local from pod dns-4105/dns-test-10bbd84e-02d7-4474-bf12-23fd8be27e37: the server could not find the requested resource (get pods dns-test-10bbd84e-02d7-4474-bf12-23fd8be27e37)&#xA;Aug 27 11:16:25.644: INFO: Unable to read wheezy_udp@PodARecord from pod dns-4105/dns-test-10bbd84e-02d7-4474-bf12-23fd8be27e37: the server could not find the requested resource (get pods dns-test-10bbd84e-02d7-4474-bf12-23fd8be27e37)&#xA;Aug 27 11:16:25.649: INFO: Unable to read wheezy_tcp@PodARecord from pod dns-4105/dns-test-10bbd84e-02d7-4474-bf12-23fd8be27e37: the server could not find the requested resource (get pods dns-test-10bbd84e-02d7-4474-bf12-23fd8be27e37)&#xA;Aug 27 11:16:25.653: INFO: Unable to read jessie_udp@kubernetes.default.svc.cluster.local from pod dns-4105/dns-test-10bbd84e-02d7-4474-bf12-23fd8be27e37: the server could not find the requested resource (get pods dns-test-10bbd84e-02d7-4474-bf12-23fd8be27e37)&#xA;Aug 27 11:16:25.656: INFO: Unable to read jessie_tcp@kubernetes.default.svc.cluster.local from pod dns-4105/dns-test-10bbd84e-02d7-4474-bf12-23fd8be27e37: the server could not find the requested resource (get pods dns-test-10bbd84e-02d7-4474-bf12-23fd8be27e37)&#xA;Aug 27 11:16:25.660: INFO: Unable to read jessie_udp@PodARecord from pod dns-4105/dns-test-10bbd84e-02d7-4474-bf12-23fd8be27e37: the server could not find the requested resource (get pods dns-test-10bbd84e-02d7-4474-bf12-23fd8be27e37)&#xA;Aug 27 11:16:25.665: INFO: Unable to read jessie_tcp@PodARecord from pod dns-4105/dns-test-10bbd84e-02d7-4474-bf12-23fd8be27e37: the server could not find the requested resource (get pods dns-test-10bbd84e-02d7-4474-bf12-23fd8be27e37)&#xA;Aug 27 11:16:25.665: INFO: Lookups using dns-4105/dns-test-10bbd84e-02d7-4474-bf12-23fd8be27e37 failed for: [wheezy_udp@kubernetes.default.svc.cluster.local wheezy_tcp@kubernetes.default.svc.cluster.local wheezy_udp@PodARecord wheezy_tcp@PodARecord jessie_udp@kubernetes.default.svc.cluster.local jessie_tcp@kubernetes.default.svc.cluster.local jessie_udp@PodARecord jessie_tcp@PodARecord]&#xA;&#xA;Aug 27 11:16:30.630: INFO: Unable to read wheezy_udp@kubernetes.default.svc.cluster.local from pod dns-4105/dns-test-10bbd84e-02d7-4474-bf12-23fd8be27e37: the server could not find the requested resource (get pods dns-test-10bbd84e-02d7-4474-bf12-23fd8be27e37)&#xA;Aug 27 11:16:30.634: INFO: Unable to read wheezy_tcp@kubernetes.default.svc.cluster.local from pod dns-4105/dns-test-10bbd84e-02d7-4474-bf12-23fd8be27e37: the server could not find the requested resource (get pods dns-test-10bbd84e-02d7-4474-bf12-23fd8be27e37)&#xA;Aug 27 11:16:30.640: INFO: Unable to read wheezy_udp@PodARecord from pod dns-4105/dns-test-10bbd84e-02d7-4474-bf12-23fd8be27e37: the server could not find the requested resource (get pods dns-test-10bbd84e-02d7-4474-bf12-23fd8be27e37)&#xA;Aug 27 11:16:30.645: INFO: Unable to read wheezy_tcp@PodARecord from pod dns-4105/dns-test-10bbd84e-02d7-4474-bf12-23fd8be27e37: the server could not find the requested resource (get pods dns-test-10bbd84e-02d7-4474-bf12-23fd8be27e37)&#xA;Aug 27 11:16:30.650: INFO: Unable to read jessie_udp@kubernetes.default.svc.cluster.local from pod dns-4105/dns-test-10bbd84e-02d7-4474-bf12-23fd8be27e37: the server could not find the requested resource (get pods dns-test-10bbd84e-02d7-4474-bf12-23fd8be27e37)&#xA;Aug 27 11:16:30.655: INFO: Unable to read jessie_tcp@kubernetes.default.svc.cluster.local from pod dns-4105/dns-test-10bbd84e-02d7-4474-bf12-23fd8be27e37: the server could not find the requested resource (get pods dns-test-10bbd84e-02d7-4474-bf12-23fd8be27e37)&#xA;Aug 27 11:16:30.658: INFO: Unable to read jessie_udp@PodARecord from pod dns-4105/dns-test-10bbd84e-02d7-4474-bf12-23fd8be27e37: the server could not find the requested resource (get pods dns-test-10bbd84e-02d7-4474-bf12-23fd8be27e37)&#xA;Aug 27 11:16:30.662: INFO: Unable to read jessie_tcp@PodARecord from pod dns-4105/dns-test-10bbd84e-02d7-4474-bf12-23fd8be27e37: the server could not find the requested resource (get pods dns-test-10bbd84e-02d7-4474-bf12-23fd8be27e37)&#xA;Aug 27 11:16:30.662: INFO: Lookups using dns-4105/dns-test-10bbd84e-02d7-4474-bf12-23fd8be27e37 failed for: [wheezy_udp@kubernetes.default.svc.cluster.local wheezy_tcp@kubernetes.default.svc.cluster.local wheezy_udp@PodARecord wheezy_tcp@PodARecord jessie_udp@kubernetes.default.svc.cluster.local jessie_tcp@kubernetes.default.svc.cluster.local jessie_udp@PodARecord jessie_tcp@PodARecord]&#xA;&#xA;Aug 27 11:16:35.643: INFO: Unable to read wheezy_udp@kubernetes.default.svc.cluster.local from pod dns-4105/dns-test-10bbd84e-02d7-4474-bf12-23fd8be27e37: the server could not find the requested resource (get pods dns-test-10bbd84e-02d7-4474-bf12-23fd8be27e37)&#xA;Aug 27 11:16:35.655: INFO: Unable to read wheezy_tcp@kubernetes.default.svc.cluster.local from pod dns-4105/dns-test-10bbd84e-02d7-4474-bf12-23fd8be27e37: the server could not find the requested resource (get pods dns-test-10bbd84e-02d7-4474-bf12-23fd8be27e37)&#xA;Aug 27 11:16:35.666: INFO: Unable to read wheezy_udp@PodARecord from pod dns-4105/dns-test-10bbd84e-02d7-4474-bf12-23fd8be27e37: the server could not find the requested resource (get pods dns-test-10bbd84e-02d7-4474-bf12-23fd8be27e37)&#xA;Aug 27 11:16:35.670: INFO: Unable to read wheezy_tcp@PodARecord from pod dns-4105/dns-test-10bbd84e-02d7-4474-bf12-23fd8be27e37: the server could not find the requested resource (get pods dns-test-10bbd84e-02d7-4474-bf12-23fd8be27e37)&#xA;Aug 27 11:16:35.674: INFO: Unable to read jessie_udp@kubernetes.default.svc.cluster.local from pod dns-4105/dns-test-10bbd84e-02d7-4474-bf12-23fd8be27e37: the server could not find the requested resource (get pods dns-test-10bbd84e-02d7-4474-bf12-23fd8be27e37)&#xA;Aug 27 11:16:35.682: INFO: Unable to read jessie_tcp@kubernetes.default.svc.cluster.local from pod dns-4105/dns-test-10bbd84e-02d7-4474-bf12-23fd8be27e37: the server could not find the requested resource (get pods dns-test-10bbd84e-02d7-4474-bf12-23fd8be27e37)&#xA;Aug 27 11:16:35.694: INFO: Unable to read jessie_udp@PodARecord from pod dns-4105/dns-test-10bbd84e-02d7-4474-bf12-23fd8be27e37: the server could not find the requested resource (get pods dns-test-10bbd84e-02d7-4474-bf12-23fd8be27e37)&#xA;Aug 27 11:16:35.703: INFO: Unable to read jessie_tcp@PodARecord from pod dns-4105/dns-test-10bbd84e-02d7-4474-bf12-23fd8be27e37: the server could not find the requested resource (get pods dns-test-10bbd84e-02d7-4474-bf12-23fd8be27e37)&#xA;Aug 27 11:16:35.703: INFO: Lookups using dns-4105/dns-test-10bbd84e-02d7-4474-bf12-23fd8be27e37 failed for: [wheezy_udp@kubernetes.default.svc.cluster.local wheezy_tcp@kubernetes.default.svc.cluster.local wheezy_udp@PodARecord wheezy_tcp@PodARecord jessie_udp@kubernetes.default.svc.cluster.local jessie_tcp@kubernetes.default.svc.cluster.local jessie_udp@PodARecord jessie_tcp@PodARecord]&#xA;&#xA;Aug 27 11:16:40.631: INFO: Unable to read wheezy_udp@kubernetes.default.svc.cluster.local from pod dns-4105/dns-test-10bbd84e-02d7-4474-bf12-23fd8be27e37: the server could not find the requested resource (get pods dns-test-10bbd84e-02d7-4474-bf12-23fd8be27e37)&#xA;Aug 27 11:16:40.636: INFO: Unable to read wheezy_tcp@kubernetes.default.svc.cluster.local from pod dns-4105/dns-test-10bbd84e-02d7-4474-bf12-23fd8be27e37: the server could not find the requested resource (get pods dns-test-10bbd84e-02d7-4474-bf12-23fd8be27e37)&#xA;Aug 27 11:16:40.640: INFO: Unable to read wheezy_udp@PodARecord from pod dns-4105/dns-test-10bbd84e-02d7-4474-bf12-23fd8be27e37: the server could not find the requested resource (get pods dns-test-10bbd84e-02d7-4474-bf12-23fd8be27e37)&#xA;Aug 27 11:16:40.643: INFO: Unable to read wheezy_tcp@PodARecord from pod dns-4105/dns-test-10bbd84e-02d7-4474-bf12-23fd8be27e37: the server could not find the requested resource (get pods dns-test-10bbd84e-02d7-4474-bf12-23fd8be27e37)&#xA;Aug 27 11:16:40.647: INFO: Unable to read jessie_udp@kubernetes.default.svc.cluster.local from pod dns-4105/dns-test-10bbd84e-02d7-4474-bf12-23fd8be27e37: the server could not find the requested resource (get pods dns-test-10bbd84e-02d7-4474-bf12-23fd8be27e37)&#xA;Aug 27 11:16:40.652: INFO: Unable to read jessie_tcp@kubernetes.default.svc.cluster.local from pod dns-4105/dns-test-10bbd84e-02d7-4474-bf12-23fd8be27e37: the server could not find the requested resource (get pods dns-test-10bbd84e-02d7-4474-bf12-23fd8be27e37)&#xA;Aug 27 11:16:40.655: INFO: Unable to read jessie_udp@PodARecord from pod dns-4105/dns-test-10bbd84e-02d7-4474-bf12-23fd8be27e37: the server could not find the requested resource (get pods dns-test-10bbd84e-02d7-4474-bf12-23fd8be27e37)&#xA;Aug 27 11:16:40.658: INFO: Unable to read jessie_tcp@PodARecord from pod dns-4105/dns-test-10bbd84e-02d7-4474-bf12-23fd8be27e37: the server could not find the requested resource (get pods dns-test-10bbd84e-02d7-4474-bf12-23fd8be27e37)&#xA;Aug 27 11:16:40.659: INFO: Lookups using dns-4105/dns-test-10bbd84e-02d7-4474-bf12-23fd8be27e37 failed for: [wheezy_udp@kubernetes.default.svc.cluster.local wheezy_tcp@kubernetes.default.svc.cluster.local wheezy_udp@PodARecord wheezy_tcp@PodARecord jessie_udp@kubernetes.default.svc.cluster.local jessie_tcp@kubernetes.default.svc.cluster.local jessie_udp@PodARecord jessie_tcp@PodARecord]&#xA;&#xA;Aug 27 11:16:45.641: INFO: Unable to read wheezy_udp@kubernetes.default.svc.cluster.local from pod dns-4105/dns-test-10bbd84e-02d7-4474-bf12-23fd8be27e37: the server could not find the requested resource (get pods dns-test-10bbd84e-02d7-4474-bf12-23fd8be27e37)&#xA;Aug 27 11:16:45.651: INFO: Unable to read wheezy_tcp@kubernetes.default.svc.cluster.local from pod dns-4105/dns-test-10bbd84e-02d7-4474-bf12-23fd8be27e37: the server could not find the requested resource (get pods dns-test-10bbd84e-02d7-4474-bf12-23fd8be27e37)&#xA;Aug 27 11:16:45.658: INFO: Unable to read wheezy_udp@PodARecord from pod dns-4105/dns-test-10bbd84e-02d7-4474-bf12-23fd8be27e37: the server could not find the requested resource (get pods dns-test-10bbd84e-02d7-4474-bf12-23fd8be27e37)&#xA;Aug 27 11:16:45.662: INFO: Unable to read wheezy_tcp@PodARecord from pod dns-4105/dns-test-10bbd84e-02d7-4474-bf12-23fd8be27e37: the server could not find the requested resource (get pods dns-test-10bbd84e-02d7-4474-bf12-23fd8be27e37)&#xA;Aug 27 11:16:45.666: INFO: Unable to read jessie_udp@kubernetes.default.svc.cluster.local from pod dns-4105/dns-test-10bbd84e-02d7-4474-bf12-23fd8be27e37: the server could not find the requested resource (get pods dns-test-10bbd84e-02d7-4474-bf12-23fd8be27e37)&#xA;Aug 27 11:16:45.670: INFO: Unable to read jessie_tcp@kubernetes.default.svc.cluster.local from pod dns-4105/dns-test-10bbd84e-02d7-4474-bf12-23fd8be27e37: the server could not find the requested resource (get pods dns-test-10bbd84e-02d7-4474-bf12-23fd8be27e37)&#xA;Aug 27 11:16:45.676: INFO: Unable to read jessie_udp@PodARecord from pod dns-4105/dns-test-10bbd84e-02d7-4474-bf12-23fd8be27e37: the server could not find the requested resource (get pods dns-test-10bbd84e-02d7-4474-bf12-23fd8be27e37)&#xA;Aug 27 11:16:45.682: INFO: Unable to read jessie_tcp@PodARecord from pod dns-4105/dns-test-10bbd84e-02d7-4474-bf12-23fd8be27e37: the server could not find the requested resource (get pods dns-test-10bbd84e-02d7-4474-bf12-23fd8be27e37)&#xA;Aug 27 11:16:45.682: INFO: Lookups using dns-4105/dns-test-10bbd84e-02d7-4474-bf12-23fd8be27e37 failed for: [wheezy_udp@kubernetes.default.svc.cluster.local wheezy_tcp@kubernetes.default.svc.cluster.local wheezy_udp@PodARecord wheezy_tcp@PodARecord jessie_udp@kubernetes.default.svc.cluster.local jessie_tcp@kubernetes.default.svc.cluster.local jessie_udp@PodARecord jessie_tcp@PodARecord]&#xA;&#xA;Aug 27 11:16:50.631: INFO: Unable to read wheezy_udp@kubernetes.default.svc.cluster.local from pod dns-4105/dns-test-10bbd84e-02d7-4474-bf12-23fd8be27e37: the server could not find the requested resource (get pods dns-test-10bbd84e-02d7-4474-bf12-23fd8be27e37)&#xA;Aug 27 11:16:50.636: INFO: Unable to read wheezy_tcp@kubernetes.default.svc.cluster.local from pod dns-4105/dns-test-10bbd84e-02d7-4474-bf12-23fd8be27e37: the server could not find the requested resource (get pods dns-test-10bbd84e-02d7-4474-bf12-23fd8be27e37)&#xA;Aug 27 11:16:50.643: INFO: Unable to read wheezy_udp@PodARecord from pod dns-4105/dns-test-10bbd84e-02d7-4474-bf12-23fd8be27e37: the server could not find the requested resource (get pods dns-test-10bbd84e-02d7-4474-bf12-23fd8be27e37)&#xA;Aug 27 11:16:50.647: INFO: Unable to read wheezy_tcp@PodARecord from pod dns-4105/dns-test-10bbd84e-02d7-4474-bf12-23fd8be27e37: the server could not find the requested resource (get pods dns-test-10bbd84e-02d7-4474-bf12-23fd8be27e37)&#xA;Aug 27 11:16:50.652: INFO: Unable to read jessie_udp@kubernetes.default.svc.cluster.local from pod dns-4105/dns-test-10bbd84e-02d7-4474-bf12-23fd8be27e37: the server could not find the requested resource (get pods dns-test-10bbd84e-02d7-4474-bf12-23fd8be27e37)&#xA;Aug 27 11:16:50.667: INFO: Unable to read jessie_tcp@kubernetes.default.svc.cluster.local from pod dns-4105/dns-test-10bbd84e-02d7-4474-bf12-23fd8be27e37: the server could not find the requested resource (get pods dns-test-10bbd84e-02d7-4474-bf12-23fd8be27e37)&#xA;Aug 27 11:16:50.671: INFO: Unable to read jessie_udp@PodARecord from pod dns-4105/dns-test-10bbd84e-02d7-4474-bf12-23fd8be27e37: the server could not find the requested resource (get pods dns-test-10bbd84e-02d7-4474-bf12-23fd8be27e37)&#xA;Aug 27 11:16:50.678: INFO: Unable to read jessie_tcp@PodARecord from pod dns-4105/dns-test-10bbd84e-02d7-4474-bf12-23fd8be27e37: the server could not find the requested resource (get pods dns-test-10bbd84e-02d7-4474-bf12-23fd8be27e37)&#xA;Aug 27 11:16:50.678: INFO: Lookups using dns-4105/dns-test-10bbd84e-02d7-4474-bf12-23fd8be27e37 failed for: [wheezy_udp@kubernetes.default.svc.cluster.local wheezy_tcp@kubernetes.default.svc.cluster.local wheezy_udp@PodARecord wheezy_tcp@PodARecord jessie_udp@kubernetes.default.svc.cluster.local jessie_tcp@kubernetes.default.svc.cluster.local jessie_udp@PodARecord jessie_tcp@PodARecord]&#xA;&#xA;Aug 27 11:16:55.635: INFO: Unable to read wheezy_udp@kubernetes.default.svc.cluster.local from pod dns-4105/dns-test-10bbd84e-02d7-4474-bf12-23fd8be27e37: the server could not find the requested resource (get pods dns-test-10bbd84e-02d7-4474-bf12-23fd8be27e37)&#xA;Aug 27 11:16:55.644: INFO: Unable to read wheezy_tcp@kubernetes.default.svc.cluster.local from pod dns-4105/dns-test-10bbd84e-02d7-4474-bf12-23fd8be27e37: the server could not find the requested resource (get pods dns-test-10bbd84e-02d7-4474-bf12-23fd8be27e37)&#xA;Aug 27 11:16:55.648: INFO: Unable to read wheezy_udp@PodARecord from pod dns-4105/dns-test-10bbd84e-02d7-4474-bf12-23fd8be27e37: the server could not find the requested resource (get pods dns-test-10bbd84e-02d7-4474-bf12-23fd8be27e37)&#xA;Aug 27 11:16:55.652: INFO: Unable to read wheezy_tcp@PodARecord from pod dns-4105/dns-test-10bbd84e-02d7-4474-bf12-23fd8be27e37: the server could not find the requested resource (get pods dns-test-10bbd84e-02d7-4474-bf12-23fd8be27e37)&#xA;Aug 27 11:16:55.656: INFO: Unable to read jessie_udp@kubernetes.default.svc.cluster.local from pod dns-4105/dns-test-10bbd84e-02d7-4474-bf12-23fd8be27e37: the server could not find the requested resource (get pods dns-test-10bbd84e-02d7-4474-bf12-23fd8be27e37)&#xA;Aug 27 11:16:55.659: INFO: Unable to read jessie_tcp@kubernetes.default.svc.cluster.local from pod dns-4105/dns-test-10bbd84e-02d7-4474-bf12-23fd8be27e37: the server could not find the requested resource (get pods dns-test-10bbd84e-02d7-4474-bf12-23fd8be27e37)&#xA;Aug 27 11:16:55.663: INFO: Unable to read jessie_udp@PodARecord from pod dns-4105/dns-test-10bbd84e-02d7-4474-bf12-23fd8be27e37: the server could not find the requested resource (get pods dns-test-10bbd84e-02d7-4474-bf12-23fd8be27e37)&#xA;Aug 27 11:16:55.667: INFO: Unable to read jessie_tcp@PodARecord from pod dns-4105/dns-test-10bbd84e-02d7-4474-bf12-23fd8be27e37: the server could not find the requested resource (get pods dns-test-10bbd84e-02d7-4474-bf12-23fd8be27e37)&#xA;Aug 27 11:16:55.667: INFO: Lookups using dns-4105/dns-test-10bbd84e-02d7-4474-bf12-23fd8be27e37 failed for: [wheezy_udp@kubernetes.default.svc.cluster.local wheezy_tcp@kubernetes.default.svc.cluster.local wheezy_udp@PodARecord wheezy_tcp@PodARecord jessie_udp@kubernetes.default.svc.cluster.local jessie_tcp@kubernetes.default.svc.cluster.local jessie_udp@PodARecord jessie_tcp@PodARecord]&#xA;&#xA;Aug 27 11:17:00.632: INFO: Unable to read wheezy_udp@kubernetes.default.svc.cluster.local from pod dns-4105/dns-test-10bbd84e-02d7-4474-bf12-23fd8be27e37: the server could not find the requested resource (get pods dns-test-10bbd84e-02d7-4474-bf12-23fd8be27e37)&#xA;Aug 27 11:17:00.636: INFO: Unable to read wheezy_tcp@kubernetes.default.svc.cluster.local from pod dns-4105/dns-test-10bbd84e-02d7-4474-bf12-23fd8be27e37: the server could not find the requested resource (get pods dns-test-10bbd84e-02d7-4474-bf12-23fd8be27e37)&#xA;Aug 27 11:17:00.640: INFO: Unable to read wheezy_udp@PodARecord from pod dns-4105/dns-test-10bbd84e-02d7-4474-bf12-23fd8be27e37: the server could not find the requested resource (get pods dns-test-10bbd84e-02d7-4474-bf12-23fd8be27e37)&#xA;Aug 27 11:17:00.646: INFO: Unable to read wheezy_tcp@PodARecord from pod dns-4105/dns-test-10bbd84e-02d7-4474-bf12-23fd8be27e37: the server could not find the requested resource (get pods dns-test-10bbd84e-02d7-4474-bf12-23fd8be27e37)&#xA;Aug 27 11:17:00.652: INFO: Unable to read jessie_udp@kubernetes.default.svc.cluster.local from pod dns-4105/dns-test-10bbd84e-02d7-4474-bf12-23fd8be27e37: the server could not find the requested resource (get pods dns-test-10bbd84e-02d7-4474-bf12-23fd8be27e37)&#xA;Aug 27 11:17:00.656: INFO: Unable to read jessie_tcp@kubernetes.default.svc.cluster.local from pod dns-4105/dns-test-10bbd84e-02d7-4474-bf12-23fd8be27e37: the server could not find the requested resource (get pods dns-test-10bbd84e-02d7-4474-bf12-23fd8be27e37)&#xA;Aug 27 11:17:00.661: INFO: Unable to read jessie_udp@PodARecord from pod dns-4105/dns-test-10bbd84e-02d7-4474-bf12-23fd8be27e37: the server could not find the requested resource (get pods dns-test-10bbd84e-02d7-4474-bf12-23fd8be27e37)&#xA;Aug 27 11:17:00.664: INFO: Unable to read jessie_tcp@PodARecord from pod dns-4105/dns-test-10bbd84e-02d7-4474-bf12-23fd8be27e37: the server could not find the requested resource (get pods dns-test-10bbd84e-02d7-4474-bf12-23fd8be27e37)&#xA;Aug 27 11:17:00.664: INFO: Lookups using dns-4105/dns-test-10bbd84e-02d7-4474-bf12-23fd8be27e37 failed for: [wheezy_udp@kubernetes.default.svc.cluster.local wheezy_tcp@kubernetes.default.svc.cluster.local wheezy_udp@PodARecord wheezy_tcp@PodARecord jessie_udp@kubernetes.default.svc.cluster.local jessie_tcp@kubernetes.default.svc.cluster.local jessie_udp@PodARecord jessie_tcp@PodARecord]&#xA;&#xA;Aug 27 11:17:05.655: INFO: Unable to read wheezy_udp@kubernetes.default.svc.cluster.local from pod dns-4105/dns-test-10bbd84e-02d7-4474-bf12-23fd8be27e37: the server could not find the requested resource (get pods dns-test-10bbd84e-02d7-4474-bf12-23fd8be27e37)&#xA;Aug 27 11:17:05.660: INFO: Unable to read wheezy_tcp@kubernetes.default.svc.cluster.local from pod dns-4105/dns-test-10bbd84e-02d7-4474-bf12-23fd8be27e37: the server could not find the requested resource (get pods dns-test-10bbd84e-02d7-4474-bf12-23fd8be27e37)&#xA;Aug 27 11:17:05.665: INFO: Unable to read wheezy_udp@PodARecord from pod dns-4105/dns-test-10bbd84e-02d7-4474-bf12-23fd8be27e37: the server could not find the requested resource (get pods dns-test-10bbd84e-02d7-4474-bf12-23fd8be27e37)&#xA;Aug 27 11:17:05.669: INFO: Unable to read wheezy_tcp@PodARecord from pod dns-4105/dns-test-10bbd84e-02d7-4474-bf12-23fd8be27e37: the server could not find the requested resource (get pods dns-test-10bbd84e-02d7-4474-bf12-23fd8be27e37)&#xA;Aug 27 11:17:05.672: INFO: Unable to read jessie_udp@kubernetes.default.svc.cluster.local from pod dns-4105/dns-test-10bbd84e-02d7-4474-bf12-23fd8be27e37: the server could not find the requested resource (get pods dns-test-10bbd84e-02d7-4474-bf12-23fd8be27e37)&#xA;Aug 27 11:17:05.676: INFO: Unable to read jessie_tcp@kubernetes.default.svc.cluster.local from pod dns-4105/dns-test-10bbd84e-02d7-4474-bf12-23fd8be27e37: the server could not find the requested resource (get pods dns-test-10bbd84e-02d7-4474-bf12-23fd8be27e37)&#xA;Aug 27 11:17:05.683: INFO: Unable to read jessie_udp@PodARecord from pod dns-4105/dns-test-10bbd84e-02d7-4474-bf12-23fd8be27e37: the server could not find the requested resource (get pods dns-test-10bbd84e-02d7-4474-bf12-23fd8be27e37)&#xA;Aug 27 11:17:05.687: INFO: Unable to read jessie_tcp@PodARecord from pod dns-4105/dns-test-10bbd84e-02d7-4474-bf12-23fd8be27e37: the server could not find the requested resource (get pods dns-test-10bbd84e-02d7-4474-bf12-23fd8be27e37)&#xA;Aug 27 11:17:05.687: INFO: Lookups using dns-4105/dns-test-10bbd84e-02d7-4474-bf12-23fd8be27e37 failed for: [wheezy_udp@kubernetes.default.svc.cluster.local wheezy_tcp@kubernetes.default.svc.cluster.local wheezy_udp@PodARecord wheezy_tcp@PodARecord jessie_udp@kubernetes.default.svc.cluster.local jessie_tcp@kubernetes.default.svc.cluster.local jessie_udp@PodARecord jessie_tcp@PodARecord]&#xA;&#xA;Aug 27 11:17:10.634: INFO: Unable to read wheezy_udp@kubernetes.default.svc.cluster.local from pod dns-4105/dns-test-10bbd84e-02d7-4474-bf12-23fd8be27e37: the server could not find the requested resource (get pods dns-test-10bbd84e-02d7-4474-bf12-23fd8be27e37)&#xA;Aug 27 11:17:10.639: INFO: Unable to read wheezy_tcp@kubernetes.default.svc.cluster.local from pod dns-4105/dns-test-10bbd84e-02d7-4474-bf12-23fd8be27e37: the server could not find the requested resource (get pods dns-test-10bbd84e-02d7-4474-bf12-23fd8be27e37)&#xA;Aug 27 11:17:10.642: INFO: Unable to read wheezy_udp@PodARecord from pod dns-4105/dns-test-10bbd84e-02d7-4474-bf12-23fd8be27e37: the server could not find the requested resource (get pods dns-test-10bbd84e-02d7-4474-bf12-23fd8be27e37)&#xA;Aug 27 11:17:10.649: INFO: Unable to read wheezy_tcp@PodARecord from pod dns-4105/dns-test-10bbd84e-02d7-4474-bf12-23fd8be27e37: the server could not find the requested resource (get pods dns-test-10bbd84e-02d7-4474-bf12-23fd8be27e37)&#xA;Aug 27 11:17:10.654: INFO: Unable to read jessie_udp@kubernetes.default.svc.cluster.local from pod dns-4105/dns-test-10bbd84e-02d7-4474-bf12-23fd8be27e37: the server could not find the requested resource (get pods dns-test-10bbd84e-02d7-4474-bf12-23fd8be27e37)&#xA;Aug 27 11:17:10.658: INFO: Unable to read jessie_tcp@kubernetes.default.svc.cluster.local from pod dns-4105/dns-test-10bbd84e-02d7-4474-bf12-23fd8be27e37: the server could not find the requested resource (get pods dns-test-10bbd84e-02d7-4474-bf12-23fd8be27e37)&#xA;Aug 27 11:17:10.662: INFO: Unable to read jessie_udp@PodARecord from pod dns-4105/dns-test-10bbd84e-02d7-4474-bf12-23fd8be27e37: the server could not find the requested resource (get pods dns-test-10bbd84e-02d7-4474-bf12-23fd8be27e37)&#xA;Aug 27 11:17:10.669: INFO: Unable to read jessie_tcp@PodARecord from pod dns-4105/dns-test-10bbd84e-02d7-4474-bf12-23fd8be27e37: the server could not find the requested resource (get pods dns-test-10bbd84e-02d7-4474-bf12-23fd8be27e37)&#xA;Aug 27 11:17:10.669: INFO: Lookups using dns-4105/dns-test-10bbd84e-02d7-4474-bf12-23fd8be27e37 failed for: [wheezy_udp@kubernetes.default.svc.cluster.local wheezy_tcp@kubernetes.default.svc.cluster.local wheezy_udp@PodARecord wheezy_tcp@PodARecord jessie_udp@kubernetes.default.svc.cluster.local jessie_tcp@kubernetes.default.svc.cluster.local jessie_udp@PodARecord jessie_tcp@PodARecord]&#xA;&#xA;Aug 27 11:17:15.631: INFO: Unable to read wheezy_udp@kubernetes.default.svc.cluster.local from pod dns-4105/dns-test-10bbd84e-02d7-4474-bf12-23fd8be27e37: the server could not find the requested resource (get pods dns-test-10bbd84e-02d7-4474-bf12-23fd8be27e37)&#xA;Aug 27 11:17:15.635: INFO: Unable to read wheezy_tcp@kubernetes.default.svc.cluster.local from pod dns-4105/dns-test-10bbd84e-02d7-4474-bf12-23fd8be27e37: the server could not find the requested resource (get pods dns-test-10bbd84e-02d7-4474-bf12-23fd8be27e37)&#xA;Aug 27 11:17:15.639: INFO: Unable to read wheezy_udp@PodARecord from pod dns-4105/dns-test-10bbd84e-02d7-4474-bf12-23fd8be27e37: the server could not find the requested resource (get pods dns-test-10bbd84e-02d7-4474-bf12-23fd8be27e37)&#xA;Aug 27 11:17:15.643: INFO: Unable to read wheezy_tcp@PodARecord from pod dns-4105/dns-test-10bbd84e-02d7-4474-bf12-23fd8be27e37: the server could not find the requested resource (get pods dns-test-10bbd84e-02d7-4474-bf12-23fd8be27e37)&#xA;Aug 27 11:17:15.648: INFO: Unable to read jessie_udp@kubernetes.default.svc.cluster.local from pod dns-4105/dns-test-10bbd84e-02d7-4474-bf12-23fd8be27e37: the server could not find the requested resource (get pods dns-test-10bbd84e-02d7-4474-bf12-23fd8be27e37)&#xA;Aug 27 11:17:15.652: INFO: Unable to read jessie_tcp@kubernetes.default.svc.cluster.local from pod dns-4105/dns-test-10bbd84e-02d7-4474-bf12-23fd8be27e37: the server could not find the requested resource (get pods dns-test-10bbd84e-02d7-4474-bf12-23fd8be27e37)&#xA;Aug 27 11:17:15.656: INFO: Unable to read jessie_udp@PodARecord from pod dns-4105/dns-test-10bbd84e-02d7-4474-bf12-23fd8be27e37: the server could not find the requested resource (get pods dns-test-10bbd84e-02d7-4474-bf12-23fd8be27e37)&#xA;Aug 27 11:17:15.660: INFO: Unable to read jessie_tcp@PodARecord from pod dns-4105/dns-test-10bbd84e-02d7-4474-bf12-23fd8be27e37: the server could not find the requested resource (get pods dns-test-10bbd84e-02d7-4474-bf12-23fd8be27e37)&#xA;Aug 27 11:17:15.660: INFO: Lookups using dns-4105/dns-test-10bbd84e-02d7-4474-bf12-23fd8be27e37 failed for: [wheezy_udp@kubernetes.default.svc.cluster.local wheezy_tcp@kubernetes.default.svc.cluster.local wheezy_udp@PodARecord wheezy_tcp@PodARecord jessie_udp@kubernetes.default.svc.cluster.local jessie_tcp@kubernetes.default.svc.cluster.local jessie_udp@PodARecord jessie_tcp@PodARecord]&#xA;&#xA;Aug 27 11:17:20.631: INFO: Unable to read wheezy_udp@kubernetes.default.svc.cluster.local from pod dns-4105/dns-test-10bbd84e-02d7-4474-bf12-23fd8be27e37: the server could not find the requested resource (get pods dns-test-10bbd84e-02d7-4474-bf12-23fd8be27e37)&#xA;Aug 27 11:17:20.638: INFO: Unable to read wheezy_tcp@kubernetes.default.svc.cluster.local from pod dns-4105/dns-test-10bbd84e-02d7-4474-bf12-23fd8be27e37: the server could not find the requested resource (get pods dns-test-10bbd84e-02d7-4474-bf12-23fd8be27e37)&#xA;Aug 27 11:17:20.646: INFO: Unable to read wheezy_udp@PodARecord from pod dns-4105/dns-test-10bbd84e-02d7-4474-bf12-23fd8be27e37: the server could not find the requested resource (get pods dns-test-10bbd84e-02d7-4474-bf12-23fd8be27e37)&#xA;Aug 27 11:17:20.658: INFO: Unable to read wheezy_tcp@PodARecord from pod dns-4105/dns-test-10bbd84e-02d7-4474-bf12-23fd8be27e37: the server could not find the requested resource (get pods dns-test-10bbd84e-02d7-4474-bf12-23fd8be27e37)&#xA;Aug 27 11:17:20.691: INFO: Unable to read jessie_udp@kubernetes.default.svc.cluster.local from pod dns-4105/dns-test-10bbd84e-02d7-4474-bf12-23fd8be27e37: the server could not find the requested resource (get pods dns-test-10bbd84e-02d7-4474-bf12-23fd8be27e37)&#xA;Aug 27 11:17:20.698: INFO: Unable to read jessie_tcp@kubernetes.default.svc.cluster.local from pod dns-4105/dns-test-10bbd84e-02d7-4474-bf12-23fd8be27e37: the server could not find the requested resource (get pods dns-test-10bbd84e-02d7-4474-bf12-23fd8be27e37)&#xA;Aug 27 11:17:20.702: INFO: Unable to read jessie_udp@PodARecord from pod dns-4105/dns-test-10bbd84e-02d7-4474-bf12-23fd8be27e37: the server could not find the requested resource (get pods dns-test-10bbd84e-02d7-4474-bf12-23fd8be27e37)&#xA;Aug 27 11:17:20.707: INFO: Unable to read jessie_tcp@PodARecord from pod dns-4105/dns-test-10bbd84e-02d7-4474-bf12-23fd8be27e37: the server could not find the requested resource (get pods dns-test-10bbd84e-02d7-4474-bf12-23fd8be27e37)&#xA;Aug 27 11:17:20.707: INFO: Lookups using dns-4105/dns-test-10bbd84e-02d7-4474-bf12-23fd8be27e37 failed for: [wheezy_udp@kubernetes.default.svc.cluster.local wheezy_tcp@kubernetes.default.svc.cluster.local wheezy_udp@PodARecord wheezy_tcp@PodARecord jessie_udp@kubernetes.default.svc.cluster.local jessie_tcp@kubernetes.default.svc.cluster.local jessie_udp@PodARecord jessie_tcp@PodARecord]&#xA;&#xA;Aug 27 11:17:25.631: INFO: Unable to read wheezy_udp@kubernetes.default.svc.cluster.local from pod dns-4105/dns-test-10bbd84e-02d7-4474-bf12-23fd8be27e37: the server could not find the requested resource (get pods dns-test-10bbd84e-02d7-4474-bf12-23fd8be27e37)&#xA;Aug 27 11:17:25.636: INFO: Unable to read wheezy_tcp@kubernetes.default.svc.cluster.local from pod dns-4105/dns-test-10bbd84e-02d7-4474-bf12-23fd8be27e37: the server could not find the requested resource (get pods dns-test-10bbd84e-02d7-4474-bf12-23fd8be27e37)&#xA;Aug 27 11:17:25.640: INFO: Unable to read wheezy_udp@PodARecord from pod dns-4105/dns-test-10bbd84e-02d7-4474-bf12-23fd8be27e37: the server could not find the requested resource (get pods dns-test-10bbd84e-02d7-4474-bf12-23fd8be27e37)&#xA;Aug 27 11:17:25.646: INFO: Unable to read wheezy_tcp@PodARecord from pod dns-4105/dns-test-10bbd84e-02d7-4474-bf12-23fd8be27e37: the server could not find the requested resource (get pods dns-test-10bbd84e-02d7-4474-bf12-23fd8be27e37)&#xA;Aug 27 11:17:25.652: INFO: Unable to read jessie_udp@kubernetes.default.svc.cluster.local from pod dns-4105/dns-test-10bbd84e-02d7-4474-bf12-23fd8be27e37: the server could not find the requested resource (get pods dns-test-10bbd84e-02d7-4474-bf12-23fd8be27e37)&#xA;Aug 27 11:17:25.655: INFO: Unable to read jessie_tcp@kubernetes.default.svc.cluster.local from pod dns-4105/dns-test-10bbd84e-02d7-4474-bf12-23fd8be27e37: the server could not find the requested resource (get pods dns-test-10bbd84e-02d7-4474-bf12-23fd8be27e37)&#xA;Aug 27 11:17:25.659: INFO: Unable to read jessie_udp@PodARecord from pod dns-4105/dns-test-10bbd84e-02d7-4474-bf12-23fd8be27e37: the server could not find the requested resource (get pods dns-test-10bbd84e-02d7-4474-bf12-23fd8be27e37)&#xA;Aug 27 11:17:25.662: INFO: Unable to read jessie_tcp@PodARecord from pod dns-4105/dns-test-10bbd84e-02d7-4474-bf12-23fd8be27e37: the server could not find the requested resource (get pods dns-test-10bbd84e-02d7-4474-bf12-23fd8be27e37)&#xA;Aug 27 11:17:25.662: INFO: Lookups using dns-4105/dns-test-10bbd84e-02d7-4474-bf12-23fd8be27e37 failed for: [wheezy_udp@kubernetes.default.svc.cluster.local wheezy_tcp@kubernetes.default.svc.cluster.local wheezy_udp@PodARecord wheezy_tcp@PodARecord jessie_udp@kubernetes.default.svc.cluster.local jessie_tcp@kubernetes.default.svc.cluster.local jessie_udp@PodARecord jessie_tcp@PodARecord]&#xA;&#xA;Aug 27 11:17:30.634: INFO: Unable to read wheezy_udp@kubernetes.default.svc.cluster.local from pod dns-4105/dns-test-10bbd84e-02d7-4474-bf12-23fd8be27e37: the server could not find the requested resource (get pods dns-test-10bbd84e-02d7-4474-bf12-23fd8be27e37)&#xA;Aug 27 11:17:30.638: INFO: Unable to read wheezy_tcp@kubernetes.default.svc.cluster.local from pod dns-4105/dns-test-10bbd84e-02d7-4474-bf12-23fd8be27e37: the server could not find the requested resource (get pods dns-test-10bbd84e-02d7-4474-bf12-23fd8be27e37)&#xA;Aug 27 11:17:30.642: INFO: Unable to read wheezy_udp@PodARecord from pod dns-4105/dns-test-10bbd84e-02d7-4474-bf12-23fd8be27e37: the server could not find the requested resource (get pods dns-test-10bbd84e-02d7-4474-bf12-23fd8be27e37)&#xA;Aug 27 11:17:30.647: INFO: Unable to read wheezy_tcp@PodARecord from pod dns-4105/dns-test-10bbd84e-02d7-4474-bf12-23fd8be27e37: the server could not find the requested resource (get pods dns-test-10bbd84e-02d7-4474-bf12-23fd8be27e37)&#xA;Aug 27 11:17:30.654: INFO: Unable to read jessie_udp@kubernetes.default.svc.cluster.local from pod dns-4105/dns-test-10bbd84e-02d7-4474-bf12-23fd8be27e37: the server could not find the requested resource (get pods dns-test-10bbd84e-02d7-4474-bf12-23fd8be27e37)&#xA;Aug 27 11:17:30.658: INFO: Unable to read jessie_tcp@kubernetes.default.svc.cluster.local from pod dns-4105/dns-test-10bbd84e-02d7-4474-bf12-23fd8be27e37: the server could not find the requested resource (get pods dns-test-10bbd84e-02d7-4474-bf12-23fd8be27e37)&#xA;Aug 27 11:17:30.662: INFO: Unable to read jessie_udp@PodARecord from pod dns-4105/dns-test-10bbd84e-02d7-4474-bf12-23fd8be27e37: the server could not find the requested resource (get pods dns-test-10bbd84e-02d7-4474-bf12-23fd8be27e37)&#xA;Aug 27 11:17:30.665: INFO: Unable to read jessie_tcp@PodARecord from pod dns-4105/dns-test-10bbd84e-02d7-4474-bf12-23fd8be27e37: the server could not find the requested resource (get pods dns-test-10bbd84e-02d7-4474-bf12-23fd8be27e37)&#xA;Aug 27 11:17:30.666: INFO: Lookups using dns-4105/dns-test-10bbd84e-02d7-4474-bf12-23fd8be27e37 failed for: [wheezy_udp@kubernetes.default.svc.cluster.local wheezy_tcp@kubernetes.default.svc.cluster.local wheezy_udp@PodARecord wheezy_tcp@PodARecord jessie_udp@kubernetes.default.svc.cluster.local jessie_tcp@kubernetes.default.svc.cluster.local jessie_udp@PodARecord jessie_tcp@PodARecord]&#xA;&#xA;Aug 27 11:17:35.630: INFO: Unable to read wheezy_udp@kubernetes.default.svc.cluster.local from pod dns-4105/dns-test-10bbd84e-02d7-4474-bf12-23fd8be27e37: the server could not find the requested resource (get pods dns-test-10bbd84e-02d7-4474-bf12-23fd8be27e37)&#xA;Aug 27 11:17:35.633: INFO: Unable to read wheezy_tcp@kubernetes.default.svc.cluster.local from pod dns-4105/dns-test-10bbd84e-02d7-4474-bf12-23fd8be27e37: the server could not find the requested resource (get pods dns-test-10bbd84e-02d7-4474-bf12-23fd8be27e37)&#xA;Aug 27 11:17:35.637: INFO: Unable to read wheezy_udp@PodARecord from pod dns-4105/dns-test-10bbd84e-02d7-4474-bf12-23fd8be27e37: the server could not find the requested resource (get pods dns-test-10bbd84e-02d7-4474-bf12-23fd8be27e37)&#xA;Aug 27 11:17:35.640: INFO: Unable to read wheezy_tcp@PodARecord from pod dns-4105/dns-test-10bbd84e-02d7-4474-bf12-23fd8be27e37: the server could not find the requested resource (get pods dns-test-10bbd84e-02d7-4474-bf12-23fd8be27e37)&#xA;Aug 27 11:17:35.643: INFO: Unable to read jessie_udp@kubernetes.default.svc.cluster.local from pod dns-4105/dns-test-10bbd84e-02d7-4474-bf12-23fd8be27e37: the server could not find the requested resource (get pods dns-test-10bbd84e-02d7-4474-bf12-23fd8be27e37)&#xA;Aug 27 11:17:35.648: INFO: Unable to read jessie_tcp@kubernetes.default.svc.cluster.local from pod dns-4105/dns-test-10bbd84e-02d7-4474-bf12-23fd8be27e37: the server could not find the requested resource (get pods dns-test-10bbd84e-02d7-4474-bf12-23fd8be27e37)&#xA;Aug 27 11:17:35.651: INFO: Unable to read jessie_udp@PodARecord from pod dns-4105/dns-test-10bbd84e-02d7-4474-bf12-23fd8be27e37: the server could not find the requested resource (get pods dns-test-10bbd84e-02d7-4474-bf12-23fd8be27e37)&#xA;Aug 27 11:17:35.654: INFO: Unable to read jessie_tcp@PodARecord from pod dns-4105/dns-test-10bbd84e-02d7-4474-bf12-23fd8be27e37: the server could not find the requested resource (get pods dns-test-10bbd84e-02d7-4474-bf12-23fd8be27e37)&#xA;Aug 27 11:17:35.654: INFO: Lookups using dns-4105/dns-test-10bbd84e-02d7-4474-bf12-23fd8be27e37 failed for: [wheezy_udp@kubernetes.default.svc.cluster.local wheezy_tcp@kubernetes.default.svc.cluster.local wheezy_udp@PodARecord wheezy_tcp@PodARecord jessie_udp@kubernetes.default.svc.cluster.local jessie_tcp@kubernetes.default.svc.cluster.local jessie_udp@PodARecord jessie_tcp@PodARecord]&#xA;&#xA;Aug 27 11:17:40.650: INFO: Unable to read wheezy_udp@kubernetes.default.svc.cluster.local from pod dns-4105/dns-test-10bbd84e-02d7-4474-bf12-23fd8be27e37: the server could not find the requested resource (get pods dns-test-10bbd84e-02d7-4474-bf12-23fd8be27e37)&#xA;Aug 27 11:17:40.655: INFO: Unable to read wheezy_tcp@kubernetes.default.svc.cluster.local from pod dns-4105/dns-test-10bbd84e-02d7-4474-bf12-23fd8be27e37: the server could not find the requested resource (get pods dns-test-10bbd84e-02d7-4474-bf12-23fd8be27e37)&#xA;Aug 27 11:17:40.659: INFO: Unable to read wheezy_udp@PodARecord from pod dns-4105/dns-test-10bbd84e-02d7-4474-bf12-23fd8be27e37: the server could not find the requested resource (get pods dns-test-10bbd84e-02d7-4474-bf12-23fd8be27e37)&#xA;Aug 27 11:17:40.662: INFO: Unable to read wheezy_tcp@PodARecord from pod dns-4105/dns-test-10bbd84e-02d7-4474-bf12-23fd8be27e37: the server could not find the requested resource (get pods dns-test-10bbd84e-02d7-4474-bf12-23fd8be27e37)&#xA;Aug 27 11:17:40.666: INFO: Unable to read jessie_udp@kubernetes.default.svc.cluster.local from pod dns-4105/dns-test-10bbd84e-02d7-4474-bf12-23fd8be27e37: the server could not find the requested resource (get pods dns-test-10bbd84e-02d7-4474-bf12-23fd8be27e37)&#xA;Aug 27 11:17:40.670: INFO: Unable to read jessie_tcp@kubernetes.default.svc.cluster.local from pod dns-4105/dns-test-10bbd84e-02d7-4474-bf12-23fd8be27e37: the server could not find the requested resource (get pods dns-test-10bbd84e-02d7-4474-bf12-23fd8be27e37)&#xA;Aug 27 11:17:40.683: INFO: Unable to read jessie_udp@PodARecord from pod dns-4105/dns-test-10bbd84e-02d7-4474-bf12-23fd8be27e37: the server could not find the requested resource (get pods dns-test-10bbd84e-02d7-4474-bf12-23fd8be27e37)&#xA;Aug 27 11:17:40.687: INFO: Unable to read jessie_tcp@PodARecord from pod dns-4105/dns-test-10bbd84e-02d7-4474-bf12-23fd8be27e37: the server could not find the requested resource (get pods dns-test-10bbd84e-02d7-4474-bf12-23fd8be27e37)&#xA;Aug 27 11:17:40.687: INFO: Lookups using dns-4105/dns-test-10bbd84e-02d7-4474-bf12-23fd8be27e37 failed for: [wheezy_udp@kubernetes.default.svc.cluster.local wheezy_tcp@kubernetes.default.svc.cluster.local wheezy_udp@PodARecord wheezy_tcp@PodARecord jessie_udp@kubernetes.default.svc.cluster.local jessie_tcp@kubernetes.default.svc.cluster.local jessie_udp@PodARecord jessie_tcp@PodARecord]&#xA;&#xA;Aug 27 11:17:45.631: INFO: Unable to read wheezy_udp@kubernetes.default.svc.cluster.local from pod dns-4105/dns-test-10bbd84e-02d7-4474-bf12-23fd8be27e37: the server could not find the requested resource (get pods dns-test-10bbd84e-02d7-4474-bf12-23fd8be27e37)&#xA;Aug 27 11:17:45.635: INFO: Unable to read wheezy_tcp@kubernetes.default.svc.cluster.local from pod dns-4105/dns-test-10bbd84e-02d7-4474-bf12-23fd8be27e37: the server could not find the requested resource (get pods dns-test-10bbd84e-02d7-4474-bf12-23fd8be27e37)&#xA;Aug 27 11:17:45.643: INFO: Unable to read wheezy_udp@PodARecord from pod dns-4105/dns-test-10bbd84e-02d7-4474-bf12-23fd8be27e37: the server could not find the requested resource (get pods dns-test-10bbd84e-02d7-4474-bf12-23fd8be27e37)&#xA;Aug 27 11:17:45.646: INFO: Unable to read wheezy_tcp@PodARecord from pod dns-4105/dns-test-10bbd84e-02d7-4474-bf12-23fd8be27e37: the server could not find the requested resource (get pods dns-test-10bbd84e-02d7-4474-bf12-23fd8be27e37)&#xA;Aug 27 11:17:45.650: INFO: Unable to read jessie_udp@kubernetes.default.svc.cluster.local from pod dns-4105/dns-test-10bbd84e-02d7-4474-bf12-23fd8be27e37: the server could not find the requested resource (get pods dns-test-10bbd84e-02d7-4474-bf12-23fd8be27e37)&#xA;Aug 27 11:17:45.654: INFO: Unable to read jessie_tcp@kubernetes.default.svc.cluster.local from pod dns-4105/dns-test-10bbd84e-02d7-4474-bf12-23fd8be27e37: the server could not find the requested resource (get pods dns-test-10bbd84e-02d7-4474-bf12-23fd8be27e37)&#xA;Aug 27 11:17:45.658: INFO: Unable to read jessie_udp@PodARecord from pod dns-4105/dns-test-10bbd84e-02d7-4474-bf12-23fd8be27e37: the server could not find the requested resource (get pods dns-test-10bbd84e-02d7-4474-bf12-23fd8be27e37)&#xA;Aug 27 11:17:45.661: INFO: Unable to read jessie_tcp@PodARecord from pod dns-4105/dns-test-10bbd84e-02d7-4474-bf12-23fd8be27e37: the server could not find the requested resource (get pods dns-test-10bbd84e-02d7-4474-bf12-23fd8be27e37)&#xA;Aug 27 11:17:45.662: INFO: Lookups using dns-4105/dns-test-10bbd84e-02d7-4474-bf12-23fd8be27e37 failed for: [wheezy_udp@kubernetes.default.svc.cluster.local wheezy_tcp@kubernetes.default.svc.cluster.local wheezy_udp@PodARecord wheezy_tcp@PodARecord jessie_udp@kubernetes.default.svc.cluster.local jessie_tcp@kubernetes.default.svc.cluster.local jessie_udp@PodARecord jessie_tcp@PodARecord]&#xA;&#xA;Aug 27 11:17:50.634: INFO: Unable to read wheezy_udp@kubernetes.default.svc.cluster.local from pod dns-4105/dns-test-10bbd84e-02d7-4474-bf12-23fd8be27e37: the server could not find the requested resource (get pods dns-test-10bbd84e-02d7-4474-bf12-23fd8be27e37)&#xA;Aug 27 11:17:50.639: INFO: Unable to read wheezy_tcp@kubernetes.default.svc.cluster.local from pod dns-4105/dns-test-10bbd84e-02d7-4474-bf12-23fd8be27e37: the server could not find the requested resource (get pods dns-test-10bbd84e-02d7-4474-bf12-23fd8be27e37)&#xA;Aug 27 11:17:50.645: INFO: Unable to read wheezy_udp@PodARecord from pod dns-4105/dns-test-10bbd84e-02d7-4474-bf12-23fd8be27e37: the server could not find the requested resource (get pods dns-test-10bbd84e-02d7-4474-bf12-23fd8be27e37)&#xA;Aug 27 11:17:50.653: INFO: Unable to read wheezy_tcp@PodARecord from pod dns-4105/dns-test-10bbd84e-02d7-4474-bf12-23fd8be27e37: the server could not find the requested resource (get pods dns-test-10bbd84e-02d7-4474-bf12-23fd8be27e37)&#xA;Aug 27 11:17:50.657: INFO: Unable to read jessie_udp@kubernetes.default.svc.cluster.local from pod dns-4105/dns-test-10bbd84e-02d7-4474-bf12-23fd8be27e37: the server could not find the requested resource (get pods dns-test-10bbd84e-02d7-4474-bf12-23fd8be27e37)&#xA;Aug 27 11:17:50.661: INFO: Unable to read jessie_tcp@kubernetes.default.svc.cluster.local from pod dns-4105/dns-test-10bbd84e-02d7-4474-bf12-23fd8be27e37: the server could not find the requested resource (get pods dns-test-10bbd84e-02d7-4474-bf12-23fd8be27e37)&#xA;Aug 27 11:17:50.666: INFO: Unable to read jessie_udp@PodARecord from pod dns-4105/dns-test-10bbd84e-02d7-4474-bf12-23fd8be27e37: the server could not find the requested resource (get pods dns-test-10bbd84e-02d7-4474-bf12-23fd8be27e37)&#xA;Aug 27 11:17:50.673: INFO: Unable to read jessie_tcp@PodARecord from pod dns-4105/dns-test-10bbd84e-02d7-4474-bf12-23fd8be27e37: the server could not find the requested resource (get pods dns-test-10bbd84e-02d7-4474-bf12-23fd8be27e37)&#xA;Aug 27 11:17:50.674: INFO: Lookups using dns-4105/dns-test-10bbd84e-02d7-4474-bf12-23fd8be27e37 failed for: [wheezy_udp@kubernetes.default.svc.cluster.local wheezy_tcp@kubernetes.default.svc.cluster.local wheezy_udp@PodARecord wheezy_tcp@PodARecord jessie_udp@kubernetes.default.svc.cluster.local jessie_tcp@kubernetes.default.svc.cluster.local jessie_udp@PodARecord jessie_tcp@PodARecord]&#xA;&#xA;Aug 27 11:17:55.631: INFO: Unable to read wheezy_udp@kubernetes.default.svc.cluster.local from pod dns-4105/dns-test-10bbd84e-02d7-4474-bf12-23fd8be27e37: the server could not find the requested resource (get pods dns-test-10bbd84e-02d7-4474-bf12-23fd8be27e37)&#xA;Aug 27 11:17:55.634: INFO: Unable to read wheezy_tcp@kubernetes.default.svc.cluster.local from pod dns-4105/dns-test-10bbd84e-02d7-4474-bf12-23fd8be27e37: the server could not find the requested resource (get pods dns-test-10bbd84e-02d7-4474-bf12-23fd8be27e37)&#xA;Aug 27 11:17:55.638: INFO: Unable to read wheezy_udp@PodARecord from pod dns-4105/dns-test-10bbd84e-02d7-4474-bf12-23fd8be27e37: the server could not find the requested resource (get pods dns-test-10bbd84e-02d7-4474-bf12-23fd8be27e37)&#xA;Aug 27 11:17:55.642: INFO: Unable to read wheezy_tcp@PodARecord from pod dns-4105/dns-test-10bbd84e-02d7-4474-bf12-23fd8be27e37: the server could not find the requested resource (get pods dns-test-10bbd84e-02d7-4474-bf12-23fd8be27e37)&#xA;Aug 27 11:17:55.646: INFO: Unable to read jessie_udp@kubernetes.default.svc.cluster.local from pod dns-4105/dns-test-10bbd84e-02d7-4474-bf12-23fd8be27e37: the server could not find the requested resource (get pods dns-test-10bbd84e-02d7-4474-bf12-23fd8be27e37)&#xA;Aug 27 11:17:55.649: INFO: Unable to read jessie_tcp@kubernetes.default.svc.cluster.local from pod dns-4105/dns-test-10bbd84e-02d7-4474-bf12-23fd8be27e37: the server could not find the requested resource (get pods dns-test-10bbd84e-02d7-4474-bf12-23fd8be27e37)&#xA;Aug 27 11:17:55.652: INFO: Unable to read jessie_udp@PodARecord from pod dns-4105/dns-test-10bbd84e-02d7-4474-bf12-23fd8be27e37: the server could not find the requested resource (get pods dns-test-10bbd84e-02d7-4474-bf12-23fd8be27e37)&#xA;Aug 27 11:17:55.655: INFO: Unable to read jessie_tcp@PodARecord from pod dns-4105/dns-test-10bbd84e-02d7-4474-bf12-23fd8be27e37: the server could not find the requested resource (get pods dns-test-10bbd84e-02d7-4474-bf12-23fd8be27e37)&#xA;Aug 27 11:17:55.655: INFO: Lookups using dns-4105/dns-test-10bbd84e-02d7-4474-bf12-23fd8be27e37 failed for: [wheezy_udp@kubernetes.default.svc.cluster.local wheezy_tcp@kubernetes.default.svc.cluster.local wheezy_udp@PodARecord wheezy_tcp@PodARecord jessie_udp@kubernetes.default.svc.cluster.local jessie_tcp@kubernetes.default.svc.cluster.local jessie_udp@PodARecord jessie_tcp@PodARecord]&#xA;&#xA;Aug 27 11:18:00.631: INFO: Unable to read wheezy_udp@kubernetes.default.svc.cluster.local from pod dns-4105/dns-test-10bbd84e-02d7-4474-bf12-23fd8be27e37: the server could not find the requested resource (get pods dns-test-10bbd84e-02d7-4474-bf12-23fd8be27e37)&#xA;Aug 27 11:18:00.638: INFO: Unable to read wheezy_tcp@kubernetes.default.svc.cluster.local from pod dns-4105/dns-test-10bbd84e-02d7-4474-bf12-23fd8be27e37: the server could not find the requested resource (get pods dns-test-10bbd84e-02d7-4474-bf12-23fd8be27e37)&#xA;Aug 27 11:18:00.643: INFO: Unable to read wheezy_udp@PodARecord from pod dns-4105/dns-test-10bbd84e-02d7-4474-bf12-23fd8be27e37: the server could not find the requested resource (get pods dns-test-10bbd84e-02d7-4474-bf12-23fd8be27e37)&#xA;Aug 27 11:18:00.654: INFO: Unable to read wheezy_tcp@PodARecord from pod dns-4105/dns-test-10bbd84e-02d7-4474-bf12-23fd8be27e37: the server could not find the requested resource (get pods dns-test-10bbd84e-02d7-4474-bf12-23fd8be27e37)&#xA;Aug 27 11:18:00.664: INFO: Unable to read jessie_udp@kubernetes.default.svc.cluster.local from pod dns-4105/dns-test-10bbd84e-02d7-4474-bf12-23fd8be27e37: the server could not find the requested resource (get pods dns-test-10bbd84e-02d7-4474-bf12-23fd8be27e37)&#xA;Aug 27 11:18:00.669: INFO: Unable to read jessie_tcp@kubernetes.default.svc.cluster.local from pod dns-4105/dns-test-10bbd84e-02d7-4474-bf12-23fd8be27e37: the server could not find the requested resource (get pods dns-test-10bbd84e-02d7-4474-bf12-23fd8be27e37)&#xA;Aug 27 11:18:00.683: INFO: Unable to read jessie_udp@PodARecord from pod dns-4105/dns-test-10bbd84e-02d7-4474-bf12-23fd8be27e37: the server could not find the requested resource (get pods dns-test-10bbd84e-02d7-4474-bf12-23fd8be27e37)&#xA;Aug 27 11:18:00.692: INFO: Unable to read jessie_tcp@PodARecord from pod dns-4105/dns-test-10bbd84e-02d7-4474-bf12-23fd8be27e37: the server could not find the requested resource (get pods dns-test-10bbd84e-02d7-4474-bf12-23fd8be27e37)&#xA;Aug 27 11:18:00.699: INFO: Lookups using dns-4105/dns-test-10bbd84e-02d7-4474-bf12-23fd8be27e37 failed for: [wheezy_udp@kubernetes.default.svc.cluster.local wheezy_tcp@kubernetes.default.svc.cluster.local wheezy_udp@PodARecord wheezy_tcp@PodARecord jessie_udp@kubernetes.default.svc.cluster.local jessie_tcp@kubernetes.default.svc.cluster.local jessie_udp@PodARecord jessie_tcp@PodARecord]&#xA;&#xA;Aug 27 11:18:05.633: INFO: Unable to read wheezy_udp@kubernetes.default.svc.cluster.local from pod dns-4105/dns-test-10bbd84e-02d7-4474-bf12-23fd8be27e37: the server could not find the requested resource (get pods dns-test-10bbd84e-02d7-4474-bf12-23fd8be27e37)&#xA;Aug 27 11:18:05.656: INFO: Unable to read wheezy_tcp@kubernetes.default.svc.cluster.local from pod dns-4105/dns-test-10bbd84e-02d7-4474-bf12-23fd8be27e37: the server could not find the requested resource (get pods dns-test-10bbd84e-02d7-4474-bf12-23fd8be27e37)&#xA;Aug 27 11:18:05.666: INFO: Unable to read wheezy_udp@PodARecord from pod dns-4105/dns-test-10bbd84e-02d7-4474-bf12-23fd8be27e37: the server could not find the requested resource (get pods dns-test-10bbd84e-02d7-4474-bf12-23fd8be27e37)&#xA;Aug 27 11:18:05.691: INFO: Unable to read wheezy_tcp@PodARecord from pod dns-4105/dns-test-10bbd84e-02d7-4474-bf12-23fd8be27e37: the server could not find the requested resource (get pods dns-test-10bbd84e-02d7-4474-bf12-23fd8be27e37)&#xA;Aug 27 11:18:05.703: INFO: Unable to read jessie_udp@kubernetes.default.svc.cluster.local from pod dns-4105/dns-test-10bbd84e-02d7-4474-bf12-23fd8be27e37: the server could not find the requested resource (get pods dns-test-10bbd84e-02d7-4474-bf12-23fd8be27e37)&#xA;Aug 27 11:18:05.708: INFO: Unable to read jessie_tcp@kubernetes.default.svc.cluster.local from pod dns-4105/dns-test-10bbd84e-02d7-4474-bf12-23fd8be27e37: the server could not find the requested resource (get pods dns-test-10bbd84e-02d7-4474-bf12-23fd8be27e37)&#xA;Aug 27 11:18:05.716: INFO: Unable to read jessie_udp@PodARecord from pod dns-4105/dns-test-10bbd84e-02d7-4474-bf12-23fd8be27e37: the server could not find the requested resource (get pods dns-test-10bbd84e-02d7-4474-bf12-23fd8be27e37)&#xA;Aug 27 11:18:05.725: INFO: Unable to read jessie_tcp@PodARecord from pod dns-4105/dns-test-10bbd84e-02d7-4474-bf12-23fd8be27e37: the server could not find the requested resource (get pods dns-test-10bbd84e-02d7-4474-bf12-23fd8be27e37)&#xA;Aug 27 11:18:05.725: INFO: Lookups using dns-4105/dns-test-10bbd84e-02d7-4474-bf12-23fd8be27e37 failed for: [wheezy_udp@kubernetes.default.svc.cluster.local wheezy_tcp@kubernetes.default.svc.cluster.local wheezy_udp@PodARecord wheezy_tcp@PodARecord jessie_udp@kubernetes.default.svc.cluster.local jessie_tcp@kubernetes.default.svc.cluster.local jessie_udp@PodARecord jessie_tcp@PodARecord]&#xA;&#xA;Aug 27 11:18:10.630: INFO: Unable to read wheezy_udp@kubernetes.default.svc.cluster.local from pod dns-4105/dns-test-10bbd84e-02d7-4474-bf12-23fd8be27e37: the server could not find the requested resource (get pods dns-test-10bbd84e-02d7-4474-bf12-23fd8be27e37)&#xA;Aug 27 11:18:10.634: INFO: Unable to read wheezy_tcp@kubernetes.default.svc.cluster.local from pod dns-4105/dns-test-10bbd84e-02d7-4474-bf12-23fd8be27e37: the server could not find the requested resource (get pods dns-test-10bbd84e-02d7-4474-bf12-23fd8be27e37)&#xA;Aug 27 11:18:10.637: INFO: Unable to read wheezy_udp@PodARecord from pod dns-4105/dns-test-10bbd84e-02d7-4474-bf12-23fd8be27e37: the server could not find the requested resource (get pods dns-test-10bbd84e-02d7-4474-bf12-23fd8be27e37)&#xA;Aug 27 11:18:10.641: INFO: Unable to read wheezy_tcp@PodARecord from pod dns-4105/dns-test-10bbd84e-02d7-4474-bf12-23fd8be27e37: the server could not find the requested resource (get pods dns-test-10bbd84e-02d7-4474-bf12-23fd8be27e37)&#xA;Aug 27 11:18:10.645: INFO: Unable to read jessie_udp@kubernetes.default.svc.cluster.local from pod dns-4105/dns-test-10bbd84e-02d7-4474-bf12-23fd8be27e37: the server could not find the requested resource (get pods dns-test-10bbd84e-02d7-4474-bf12-23fd8be27e37)&#xA;Aug 27 11:18:10.649: INFO: Unable to read jessie_tcp@kubernetes.default.svc.cluster.local from pod dns-4105/dns-test-10bbd84e-02d7-4474-bf12-23fd8be27e37: the server could not find the requested resource (get pods dns-test-10bbd84e-02d7-4474-bf12-23fd8be27e37)&#xA;Aug 27 11:18:10.653: INFO: Unable to read jessie_udp@PodARecord from pod dns-4105/dns-test-10bbd84e-02d7-4474-bf12-23fd8be27e37: the server could not find the requested resource (get pods dns-test-10bbd84e-02d7-4474-bf12-23fd8be27e37)&#xA;Aug 27 11:18:10.656: INFO: Unable to read jessie_tcp@PodARecord from pod dns-4105/dns-test-10bbd84e-02d7-4474-bf12-23fd8be27e37: the server could not find the requested resource (get pods dns-test-10bbd84e-02d7-4474-bf12-23fd8be27e37)&#xA;Aug 27 11:18:10.656: INFO: Lookups using dns-4105/dns-test-10bbd84e-02d7-4474-bf12-23fd8be27e37 failed for: [wheezy_udp@kubernetes.default.svc.cluster.local wheezy_tcp@kubernetes.default.svc.cluster.local wheezy_udp@PodARecord wheezy_tcp@PodARecord jessie_udp@kubernetes.default.svc.cluster.local jessie_tcp@kubernetes.default.svc.cluster.local jessie_udp@PodARecord jessie_tcp@PodARecord]&#xA;&#xA;Aug 27 11:18:15.632: INFO: Unable to read wheezy_udp@kubernetes.default.svc.cluster.local from pod dns-4105/dns-test-10bbd84e-02d7-4474-bf12-23fd8be27e37: the server could not find the requested resource (get pods dns-test-10bbd84e-02d7-4474-bf12-23fd8be27e37)&#xA;Aug 27 11:18:15.636: INFO: Unable to read wheezy_tcp@kubernetes.default.svc.cluster.local from pod dns-4105/dns-test-10bbd84e-02d7-4474-bf12-23fd8be27e37: the server could not find the requested resource (get pods dns-test-10bbd84e-02d7-4474-bf12-23fd8be27e37)&#xA;Aug 27 11:18:15.643: INFO: Unable to read wheezy_udp@PodARecord from pod dns-4105/dns-test-10bbd84e-02d7-4474-bf12-23fd8be27e37: the server could not find the requested resource (get pods dns-test-10bbd84e-02d7-4474-bf12-23fd8be27e37)&#xA;Aug 27 11:18:15.651: INFO: Unable to read wheezy_tcp@PodARecord from pod dns-4105/dns-test-10bbd84e-02d7-4474-bf12-23fd8be27e37: the server could not find the requested resource (get pods dns-test-10bbd84e-02d7-4474-bf12-23fd8be27e37)&#xA;Aug 27 11:18:15.654: INFO: Unable to read jessie_udp@kubernetes.default.svc.cluster.local from pod dns-4105/dns-test-10bbd84e-02d7-4474-bf12-23fd8be27e37: the server could not find the requested resource (get pods dns-test-10bbd84e-02d7-4474-bf12-23fd8be27e37)&#xA;Aug 27 11:18:15.660: INFO: Unable to read jessie_tcp@kubernetes.default.svc.cluster.local from pod dns-4105/dns-test-10bbd84e-02d7-4474-bf12-23fd8be27e37: the server could not find the requested resource (get pods dns-test-10bbd84e-02d7-4474-bf12-23fd8be27e37)&#xA;Aug 27 11:18:15.666: INFO: Unable to read jessie_udp@PodARecord from pod dns-4105/dns-test-10bbd84e-02d7-4474-bf12-23fd8be27e37: the server could not find the requested resource (get pods dns-test-10bbd84e-02d7-4474-bf12-23fd8be27e37)&#xA;Aug 27 11:18:15.672: INFO: Unable to read jessie_tcp@PodARecord from pod dns-4105/dns-test-10bbd84e-02d7-4474-bf12-23fd8be27e37: the server could not find the requested resource (get pods dns-test-10bbd84e-02d7-4474-bf12-23fd8be27e37)&#xA;Aug 27 11:18:15.672: INFO: Lookups using dns-4105/dns-test-10bbd84e-02d7-4474-bf12-23fd8be27e37 failed for: [wheezy_udp@kubernetes.default.svc.cluster.local wheezy_tcp@kubernetes.default.svc.cluster.local wheezy_udp@PodARecord wheezy_tcp@PodARecord jessie_udp@kubernetes.default.svc.cluster.local jessie_tcp@kubernetes.default.svc.cluster.local jessie_udp@PodARecord jessie_tcp@PodARecord]&#xA;&#xA;Aug 27 11:18:20.639: INFO: Unable to read wheezy_udp@kubernetes.default.svc.cluster.local from pod dns-4105/dns-test-10bbd84e-02d7-4474-bf12-23fd8be27e37: the server could not find the requested resource (get pods dns-test-10bbd84e-02d7-4474-bf12-23fd8be27e37)&#xA;Aug 27 11:18:20.670: INFO: Unable to read wheezy_tcp@kubernetes.default.svc.cluster.local from pod dns-4105/dns-test-10bbd84e-02d7-4474-bf12-23fd8be27e37: the server could not find the requested resource (get pods dns-test-10bbd84e-02d7-4474-bf12-23fd8be27e37)&#xA;Aug 27 11:18:20.680: INFO: Unable to read wheezy_udp@PodARecord from pod dns-4105/dns-test-10bbd84e-02d7-4474-bf12-23fd8be27e37: the server could not find the requested resource (get pods dns-test-10bbd84e-02d7-4474-bf12-23fd8be27e37)&#xA;Aug 27 11:18:20.688: INFO: Unable to read wheezy_tcp@PodARecord from pod dns-4105/dns-test-10bbd84e-02d7-4474-bf12-23fd8be27e37: the server could not find the requested resource (get pods dns-test-10bbd84e-02d7-4474-bf12-23fd8be27e37)&#xA;Aug 27 11:18:20.695: INFO: Unable to read jessie_udp@kubernetes.default.svc.cluster.local from pod dns-4105/dns-test-10bbd84e-02d7-4474-bf12-23fd8be27e37: the server could not find the requested resource (get pods dns-test-10bbd84e-02d7-4474-bf12-23fd8be27e37)&#xA;Aug 27 11:18:20.699: INFO: Unable to read jessie_tcp@kubernetes.default.svc.cluster.local from pod dns-4105/dns-test-10bbd84e-02d7-4474-bf12-23fd8be27e37: the server could not find the requested resource (get pods dns-test-10bbd84e-02d7-4474-bf12-23fd8be27e37)&#xA;Aug 27 11:18:20.705: INFO: Unable to read jessie_udp@PodARecord from pod dns-4105/dns-test-10bbd84e-02d7-4474-bf12-23fd8be27e37: the server could not find the requested resource (get pods dns-test-10bbd84e-02d7-4474-bf12-23fd8be27e37)&#xA;Aug 27 11:18:20.709: INFO: Unable to read jessie_tcp@PodARecord from pod dns-4105/dns-test-10bbd84e-02d7-4474-bf12-23fd8be27e37: the server could not find the requested resource (get pods dns-test-10bbd84e-02d7-4474-bf12-23fd8be27e37)&#xA;Aug 27 11:18:20.709: INFO: Lookups using dns-4105/dns-test-10bbd84e-02d7-4474-bf12-23fd8be27e37 failed for: [wheezy_udp@kubernetes.default.svc.cluster.local wheezy_tcp@kubernetes.default.svc.cluster.local wheezy_udp@PodARecord wheezy_tcp@PodARecord jessie_udp@kubernetes.default.svc.cluster.local jessie_tcp@kubernetes.default.svc.cluster.local jessie_udp@PodARecord jessie_tcp@PodARecord]&#xA;&#xA;Aug 27 11:18:20.722: INFO: Unable to read wheezy_udp@kubernetes.default.svc.cluster.local from pod dns-4105/dns-test-10bbd84e-02d7-4474-bf12-23fd8be27e37: the server could not find the requested resource (get pods dns-test-10bbd84e-02d7-4474-bf12-23fd8be27e37)&#xA;Aug 27 11:18:20.727: INFO: Unable to read wheezy_tcp@kubernetes.default.svc.cluster.local from pod dns-4105/dns-test-10bbd84e-02d7-4474-bf12-23fd8be27e37: the server could not find the requested resource (get pods dns-test-10bbd84e-02d7-4474-bf12-23fd8be27e37)&#xA;Aug 27 11:18:20.731: INFO: Unable to read wheezy_udp@PodARecord from pod dns-4105/dns-test-10bbd84e-02d7-4474-bf12-23fd8be27e37: the server could not find the requested resource (get pods dns-test-10bbd84e-02d7-4474-bf12-23fd8be27e37)&#xA;Aug 27 11:18:20.734: INFO: Unable to read wheezy_tcp@PodARecord from pod dns-4105/dns-test-10bbd84e-02d7-4474-bf12-23fd8be27e37: the server could not find the requested resource (get pods dns-test-10bbd84e-02d7-4474-bf12-23fd8be27e37)&#xA;Aug 27 11:18:20.737: INFO: Unable to read jessie_udp@kubernetes.default.svc.cluster.local from pod dns-4105/dns-test-10bbd84e-02d7-4474-bf12-23fd8be27e37: the server could not find the requested resource (get pods dns-test-10bbd84e-02d7-4474-bf12-23fd8be27e37)&#xA;Aug 27 11:18:20.741: INFO: Unable to read jessie_tcp@kubernetes.default.svc.cluster.local from pod dns-4105/dns-test-10bbd84e-02d7-4474-bf12-23fd8be27e37: the server could not find the requested resource (get pods dns-test-10bbd84e-02d7-4474-bf12-23fd8be27e37)&#xA;Aug 27 11:18:20.745: INFO: Unable to read jessie_udp@PodARecord from pod dns-4105/dns-test-10bbd84e-02d7-4474-bf12-23fd8be27e37: the server could not find the requested resource (get pods dns-test-10bbd84e-02d7-4474-bf12-23fd8be27e37)&#xA;Aug 27 11:18:20.749: INFO: Unable to read jessie_tcp@PodARecord from pod dns-4105/dns-test-10bbd84e-02d7-4474-bf12-23fd8be27e37: the server could not find the requested resource (get pods dns-test-10bbd84e-02d7-4474-bf12-23fd8be27e37)&#xA;Aug 27 11:18:20.749: INFO: Lookups using dns-4105/dns-test-10bbd84e-02d7-4474-bf12-23fd8be27e37 failed for: [wheezy_udp@kubernetes.default.svc.cluster.local wheezy_tcp@kubernetes.default.svc.cluster.local wheezy_udp@PodARecord wheezy_tcp@PodARecord jessie_udp@kubernetes.default.svc.cluster.local jessie_tcp@kubernetes.default.svc.cluster.local jessie_udp@PodARecord jessie_tcp@PodARecord]&#xA;&#xA;Aug 27 11:18:20.749: FAIL: Unexpected error:&#xA;    &lt;*errors.errorString | 0xc0002c6240&gt;: {&#xA;        s: &#34;timed out waiting for the condition&#34;,&#xA;    }&#xA;    timed out waiting for the condition&#xA;occurred&#xA;&#xA;Full Stack Trace&#xA;k8s.io/kubernetes/test/e2e/network.assertFilesContain(0xc00411dc00, 0x8, 0x8, 0x706a4c0, 0x7, 0xc008a78400, 0x79ab408, 0xc008b3ba20, 0x0, 0x0, ...)&#xA;&#x9;/workspace/src/k8s.io/kubernetes/_output/dockerized/go/src/k8s.io/kubernetes/test/e2e/network/dns_common.go:463 +0x16e&#xA;k8s.io/kubernetes/test/e2e/network.assertFilesExist(...)&#xA;&#x9;/workspace/src/k8s.io/kubernetes/_output/dockerized/go/src/k8s.io/kubernetes/test/e2e/network/dns_common.go:457&#xA;k8s.io/kubernetes/test/e2e/network.validateDNSResults(0xc00126b340, 0xc008a78400, 0xc00411dc00, 0x8, 0x8)&#xA;&#x9;/workspace/src/k8s.io/kubernetes/_output/dockerized/go/src/k8s.io/kubernetes/test/e2e/network/dns_common.go:520 +0x365&#xA;k8s.io/kubernetes/test/e2e/network.glob..func2.1()&#xA;&#x9;/workspace/src/k8s.io/kubernetes/_output/dockerized/go/src/k8s.io/kubernetes/test/e2e/network/dns.go:64 +0x58a&#xA;k8s.io/kubernetes/test/e2e.RunE2ETests(0xc000af8600)&#xA;&#x9;_output/dockerized/go/src/k8s.io/kubernetes/test/e2e/e2e.go:130 +0x36c&#xA;k8s.io/kubernetes/test/e2e.TestE2E(0xc000af8600)&#xA;&#x9;_output/dockerized/go/src/k8s.io/kubernetes/test/e2e/e2e_test.go:136 +0x2b&#xA;testing.tRunner(0xc000af8600, 0x72d42e8)&#xA;&#x9;/usr/local/go/src/testing/testing.go:1193 +0xef&#xA;created by testing.(*T).Run&#xA;&#x9;/usr/local/go/src/testing/testing.go:1238 +0x2b3&#xA;STEP: deleting the pod&#xA;[AfterEach] [sig-network] DNS&#xA;  /workspace/src/k8s.io/kubernetes/_output/dockerized/go/src/k8s.io/kubernetes/test/e2e/framework/framework.go:186&#xA;STEP: Collecting events from namespace &#34;dns-4105&#34;.&#xA;STEP: Found 11 events.&#xA;Aug 27 11:18:20.873: INFO: At 2021-08-27 11:08:16 +0000 UTC - event for dns-test-10bbd84e-02d7-4474-bf12-23fd8be27e37: {default-scheduler } Scheduled: Successfully assigned dns-4105/dns-test-10bbd84e-02d7-4474-bf12-23fd8be27e37 to instance-1&#xA;Aug 27 11:18:20.874: INFO: At 2021-08-27 11:08:17 +0000 UTC - event for dns-test-10bbd84e-02d7-4474-bf12-23fd8be27e37: {kubelet instance-1} Pulled: Container image &#34;k8s.gcr.io/e2e-test-images/agnhost:2.32&#34; already present on machine&#xA;Aug 27 11:18:20.874: INFO: At 2021-08-27 11:08:17 +0000 UTC - event for dns-test-10bbd84e-02d7-4474-bf12-23fd8be27e37: {kubelet instance-1} Created: Created container webserver&#xA;Aug 27 11:18:20.875: INFO: At 2021-08-27 11:08:17 +0000 UTC - event for dns-test-10bbd84e-02d7-4474-bf12-23fd8be27e37: {kubelet instance-1} Started: Started container webserver&#xA;Aug 27 11:18:20.875: INFO: At 2021-08-27 11:08:17 +0000 UTC - event for dns-test-10bbd84e-02d7-4474-bf12-23fd8be27e37: {kubelet instance-1} Pulled: Container image &#34;k8s.gcr.io/e2e-test-images/agnhost:2.32&#34; already present on machine&#xA;Aug 27 11:18:20.875: INFO: At 2021-08-27 11:08:17 +0000 UTC - event for dns-test-10bbd84e-02d7-4474-bf12-23fd8be27e37: {kubelet instance-1} Created: Created container querier&#xA;Aug 27 11:18:20.875: INFO: At 2021-08-27 11:08:17 +0000 UTC - event for dns-test-10bbd84e-02d7-4474-bf12-23fd8be27e37: {kubelet instance-1} Started: Started container querier&#xA;Aug 27 11:18:20.875: INFO: At 2021-08-27 11:08:17 +0000 UTC - event for dns-test-10bbd84e-02d7-4474-bf12-23fd8be27e37: {kubelet instance-1} Pulled: Container image &#34;k8s.gcr.io/e2e-test-images/jessie-dnsutils:1.4&#34; already present on machine&#xA;Aug 27 11:18:20.875: INFO: At 2021-08-27 11:08:17 +0000 UTC - event for dns-test-10bbd84e-02d7-4474-bf12-23fd8be27e37: {kubelet instance-1} Created: Created container jessie-querier&#xA;Aug 27 11:18:20.875: INFO: At 2021-08-27 11:08:18 +0000 UTC - event for dns-test-10bbd84e-02d7-4474-bf12-23fd8be27e37: {kubelet instance-1} Started: Started container jessie-querier&#xA;Aug 27 11:18:20.875: INFO: At 2021-08-27 11:18:20 +0000 UTC - event for dns-test-10bbd84e-02d7-4474-bf12-23fd8be27e37: {kubelet instance-1} Killing: Stopping container webserver&#xA;Aug 27 11:18:20.882: INFO: POD  NODE  PHASE  GRACE  CONDITIONS&#xA;Aug 27 11:18:20.882: INFO: &#xA;Aug 27 11:18:20.902: INFO: &#xA;Logging node info for node instance-1&#xA;Aug 27 11:18:20.907: INFO: Node Info: &amp;Node{ObjectMeta:{instance-1    66706824-827f-43ec-951f-55d099198c49 20033 0 2021-08-27 09:44:27 +0000 UTC &lt;nil&gt; &lt;nil&gt; map[beta.kubernetes.io/arch:amd64 beta.kubernetes.io/os:linux kubernetes.io/arch:amd64 kubernetes.io/hostname:instance-1 kubernetes.io/os:linux node-role.kubernetes.io/control-plane: node-role.kubernetes.io/master: node.kubernetes.io/control-plane: node.kubernetes.io/master:] map[node.alpha.kubernetes.io/ttl:0 projectcalico.org/IPv4Address:10.140.0.2/32 projectcalico.org/IPv4IPIPTunnelAddr:172.208.23.128 volumes.kubernetes.io/controller-managed-attach-detach:true] [] []  [{kubelet Update v1 2021-08-27 09:44:27 +0000 UTC FieldsV1 {&#34;f:metadata&#34;:{&#34;f:annotations&#34;:{&#34;.&#34;:{},&#34;f:volumes.kubernetes.io/controller-managed-attach-detach&#34;:{}},&#34;f:labels&#34;:{&#34;.&#34;:{},&#34;f:beta.kubernetes.io/arch&#34;:{},&#34;f:beta.kubernetes.io/os&#34;:{},&#34;f:kubernetes.io/arch&#34;:{},&#34;f:kubernetes.io/hostname&#34;:{},&#34;f:kubernetes.io/os&#34;:{},&#34;f:node.kubernetes.io/control-plane&#34;:{},&#34;f:node.kubernetes.io/master&#34;:{}}}} } {kube-controller-manager Update v1 2021-08-27 09:44:36 +0000 UTC FieldsV1 {&#34;f:metadata&#34;:{&#34;f:annotations&#34;:{&#34;f:node.alpha.kubernetes.io/ttl&#34;:{}}}} } {calico-node Update v1 2021-08-27 09:44:41 +0000 UTC FieldsV1 {&#34;f:metadata&#34;:{&#34;f:annotations&#34;:{&#34;f:projectcalico.org/IPv4Address&#34;:{},&#34;f:projectcalico.org/IPv4IPIPTunnelAddr&#34;:{}}},&#34;f:status&#34;:{&#34;f:conditions&#34;:{&#34;k:{\&#34;type\&#34;:\&#34;NetworkUnavailable\&#34;}&#34;:{&#34;.&#34;:{},&#34;f:lastHeartbeatTime&#34;:{},&#34;f:lastTransitionTime&#34;:{},&#34;f:message&#34;:{},&#34;f:reason&#34;:{},&#34;f:status&#34;:{},&#34;f:type&#34;:{}}}}} status} {kubectl-label Update v1 2021-08-27 09:44:44 +0000 UTC FieldsV1 {&#34;f:metadata&#34;:{&#34;f:labels&#34;:{&#34;f:node-role.kubernetes.io/control-plane&#34;:{},&#34;f:node-role.kubernetes.io/master&#34;:{}}}} } {e2e.test Update v1 2021-08-27 11:04:11 +0000 UTC FieldsV1 {&#34;f:status&#34;:{&#34;f:capacity&#34;:{&#34;f:example.com/fakecpu&#34;:{}}}} status} {kubelet Update v1 2021-08-27 11:04:21 +0000 UTC FieldsV1 {&#34;f:status&#34;:{&#34;f:allocatable&#34;:{&#34;f:example.com/fakecpu&#34;:{}},&#34;f:conditions&#34;:{&#34;k:{\&#34;type\&#34;:\&#34;DiskPressure\&#34;}&#34;:{&#34;f:lastHeartbeatTime&#34;:{}},&#34;k:{\&#34;type\&#34;:\&#34;MemoryPressure\&#34;}&#34;:{&#34;f:lastHeartbeatTime&#34;:{}},&#34;k:{\&#34;type\&#34;:\&#34;PIDPressure\&#34;}&#34;:{&#34;f:lastHeartbeatTime&#34;:{}},&#34;k:{\&#34;type\&#34;:\&#34;Ready\&#34;}&#34;:{&#34;f:lastHeartbeatTime&#34;:{},&#34;f:lastTransitionTime&#34;:{},&#34;f:message&#34;:{},&#34;f:reason&#34;:{},&#34;f:status&#34;:{}}},&#34;f:images&#34;:{}}} status}]},Spec:NodeSpec{PodCIDR:,DoNotUseExternalID:,ProviderID:,Unschedulable:false,Taints:[]Taint{},ConfigSource:nil,PodCIDRs:[],},Status:NodeStatus{Capacity:ResourceList{cpu: {{4 0} {&lt;nil&gt;} 4 DecimalSI},ephemeral-storage: {{51848359936 0} {&lt;nil&gt;} 50633164Ki BinarySI},example.com/fakecpu: {{1 3} {&lt;nil&gt;} 1k DecimalSI},hugepages-1Gi: {{0 0} {&lt;nil&gt;} 0 DecimalSI},hugepages-2Mi: {{0 0} {&lt;nil&gt;} 0 DecimalSI},memory: {{16778743808 0} {&lt;nil&gt;} 16385492Ki BinarySI},pods: {{110 0} {&lt;nil&gt;} 110 DecimalSI},},Allocatable:ResourceList{cpu: {{4 0} {&lt;nil&gt;} 4 DecimalSI},ephemeral-storage: {{49255941901 0} {&lt;nil&gt;} 49255941901 DecimalSI},example.com/fakecpu: {{1 3} {&lt;nil&gt;} 1k DecimalSI},hugepages-1Gi: {{0 0} {&lt;nil&gt;} 0 DecimalSI},hugepages-2Mi: {{0 0} {&lt;nil&gt;} 0 DecimalSI},memory: {{15600144384 0} {&lt;nil&gt;} 15234516Ki BinarySI},pods: {{110 0} {&lt;nil&gt;} 110 DecimalSI},},Phase:,Conditions:[]NodeCondition{NodeCondition{Type:NetworkUnavailable,Status:False,LastHeartbeatTime:2021-08-27 09:44:41 +0000 UTC,LastTransitionTime:2021-08-27 09:44:41 +0000 UTC,Reason:CalicoIsUp,Message:Calico is running on this node,},NodeCondition{Type:MemoryPressure,Status:False,LastHeartbeatTime:2021-08-27 11:15:05 +0000 UTC,LastTransitionTime:2021-08-27 09:44:26 +0000 UTC,Reason:KubeletHasSufficientMemory,Message:kubelet has sufficient memory available,},NodeCondition{Type:DiskPressure,Status:False,LastHeartbeatTime:2021-08-27 11:15:05 +0000 UTC,LastTransitionTime:2021-08-27 09:44:26 +0000 UTC,Reason:KubeletHasNoDiskPressure,Message:kubelet has no disk pressure,},NodeCondition{Type:PIDPressure,Status:False,LastHeartbeatTime:2021-08-27 11:15:05 +0000 UTC,LastTransitionTime:2021-08-27 09:44:26 +0000 UTC,Reason:KubeletHasSufficientPID,Message:kubelet has sufficient PID available,},NodeCondition{Type:Ready,Status:True,LastHeartbeatTime:2021-08-27 11:15:05 +0000 UTC,LastTransitionTime:2021-08-27 09:44:47 +0000 UTC,Reason:KubeletReady,Message:kubelet is posting ready status. AppArmor enabled,},},Addresses:[]NodeAddress{NodeAddress{Type:InternalIP,Address:10.140.0.2,},NodeAddress{Type:Hostname,Address:instance-1,},},DaemonEndpoints:NodeDaemonEndpoints{KubeletEndpoint:DaemonEndpoint{Port:10250,},},NodeInfo:NodeSystemInfo{MachineID:9115f560b455f8c5d2b83bdfb715f3b3,SystemUUID:9115f560-b455-f8c5-d2b8-3bdfb715f3b3,BootID:3bd04ce9-2b88-452c-af59-4599689b83f3,KernelVersion:5.11.0-1017-gcp,OSImage:Ubuntu 21.04,ContainerRuntimeVersion:docker://20.10.8,KubeletVersion:v1.22.1,KubeProxyVersion:v1.22.1,OperatingSystem:linux,Architecture:amd64,},Images:[]ContainerImage{ContainerImage{Names:[slzcc/kubernetes@sha256:d938e2364017b78329200a38b8317db806fe305cf5e26c975a0298e23324fb77 slzcc/kubernetes:v1.22.1.0],SizeBytes:2296544903,},ContainerImage{Names:[quay.io/cilium/cilium:v1.10.1],SizeBytes:409321746,},ContainerImage{Names:[sonobuoy/systemd-logs@sha256:fadad24a66ddd544987c38811108a73d1a306dd3b5e3f090b207786f2825ffde sonobuoy/systemd-logs:v0.3],SizeBytes:297365055,},ContainerImage{Names:[k8s.gcr.io/etcd@sha256:9ce33ba33d8e738a5b85ed50b5080ac746deceed4a7496c550927a7a19ca3b6d k8s.gcr.io/etcd:3.5.0-0],SizeBytes:294536887,},ContainerImage{Names:[k8s.gcr.io/etcd@sha256:4ad90a11b55313b182afc186b9876c8e891531b8db4c9bf1541953021618d0e2 k8s.gcr.io/etcd:3.4.13-0],SizeBytes:253392289,},ContainerImage{Names:[k8s.gcr.io/e2e-test-images/jessie-dnsutils@sha256:702a992280fb7c3303e84a5801acbb4c9c7fcf48cffe0e9c8be3f0c60f74cf89 k8s.gcr.io/e2e-test-images/jessie-dnsutils:1.4],SizeBytes:253371792,},ContainerImage{Names:[k8s.gcr.io/etcd:3.4.9],SizeBytes:253347452,},ContainerImage{Names:[k8s.gcr.io/conformance@sha256:e22b40e1e6db0b3fcb9fd565100de0af2c525217769378a20ac4cef47f1502ce k8s.gcr.io/conformance:v1.22.1],SizeBytes:247962555,},ContainerImage{Names:[calico/node:v3.20.0],SizeBytes:169862919,},ContainerImage{Names:[calico/cni:v3.20.0],SizeBytes:146006429,},ContainerImage{Names:[k8s.gcr.io/kube-apiserver:v1.22.1],SizeBytes:128446877,},ContainerImage{Names:[k8s.gcr.io/e2e-test-images/httpd@sha256:716d2f68314c5c4ddd5ecdb45183fcb4ed8019015982c1321571f863989b70b0 k8s.gcr.io/e2e-test-images/httpd:2.4.39-1],SizeBytes:126894770,},ContainerImage{Names:[k8s.gcr.io/e2e-test-images/agnhost@sha256:758db666ac7028534dba72e7e9bb1e57bb81b8196f976f7a5cc351ef8b3529e1 k8s.gcr.io/e2e-test-images/agnhost:2.32],SizeBytes:125930239,},ContainerImage{Names:[k8s.gcr.io/e2e-test-images/httpd@sha256:b913fa234cc3473cfe16e937d106b455a7609f927f59031c81aca791e2689b50 k8s.gcr.io/e2e-test-images/httpd:2.4.38-1],SizeBytes:123781643,},ContainerImage{Names:[k8s.gcr.io/kube-controller-manager:v1.22.1],SizeBytes:121979567,},ContainerImage{Names:[k8s.gcr.io/e2e-test-images/nautilus@sha256:1f36a24cfb5e0c3f725d7565a867c2384282fcbeccc77b07b423c9da95763a9a k8s.gcr.io/e2e-test-images/nautilus:1.4],SizeBytes:121748345,},ContainerImage{Names:[k8s.gcr.io/kube-proxy:v1.22.1],SizeBytes:103645121,},ContainerImage{Names:[haproxy:2.4.2],SizeBytes:95448973,},ContainerImage{Names:[calico/kube-controllers:v3.20.0],SizeBytes:63156065,},ContainerImage{Names:[k8s.gcr.io/e2e-test-images/sample-apiserver@sha256:e7fddbaac4c3451da2365ab90bad149d32f11409738034e41e0f460927f7c276 k8s.gcr.io/e2e-test-images/sample-apiserver:1.17.4],SizeBytes:58172101,},ContainerImage{Names:[quay.io/cilium/operator-generic:v1.10.1],SizeBytes:56290965,},ContainerImage{Names:[k8s.gcr.io/kube-scheduler:v1.22.1],SizeBytes:52658888,},ContainerImage{Names:[coredns/coredns@sha256:6e5a02c21641597998b4be7cb5eb1e7b02c0d8d23cce4dd09f4682d463798890 k8s.gcr.io/coredns/coredns@sha256:6e5a02c21641597998b4be7cb5eb1e7b02c0d8d23cce4dd09f4682d463798890 coredns/coredns:1.8.4 k8s.gcr.io/coredns/coredns:v1.8.4],SizeBytes:47554275,},ContainerImage{Names:[coredns/coredns:1.8.3],SizeBytes:43499235,},ContainerImage{Names:[sonobuoy/sonobuoy@sha256:d393e2c862fffd0823409594f3ab8bc2524b359d9e6313ae3f9edb5d3dfa56e1 sonobuoy/sonobuoy:v0.53.2],SizeBytes:37400989,},ContainerImage{Names:[calico/pod2daemon-flexvol@sha256:c17e3e9871682bed00bfd33f8d6f00db1d1a126034a25bf5380355978e0c548d calico/pod2daemon-flexvol:v3.20.0],SizeBytes:21666928,},ContainerImage{Names:[k8s.gcr.io/e2e-test-images/nginx@sha256:503b7abb89e57383eba61cc8a9cb0b495ea575c516108f7d972a6ff6e1ab3c9b k8s.gcr.io/e2e-test-images/nginx:1.14-1],SizeBytes:16032814,},ContainerImage{Names:[slzcc/keepalived:1.2.24.1],SizeBytes:15933789,},ContainerImage{Names:[quay.io/cilium/startup-script:62bfbe88c17778aad7bef9fa57ff9e2d4a9ba0d8],SizeBytes:11739254,},ContainerImage{Names:[k8s.gcr.io/e2e-test-images/nonewprivs@sha256:8ac1264691820febacf3aea5d152cbde6d10685731ec14966a9401c6f47a68ac k8s.gcr.io/e2e-test-images/nonewprivs:1.3],SizeBytes:7107254,},ContainerImage{Names:[k8s.gcr.io/e2e-test-images/busybox@sha256:39e1e963e5310e9c313bad51523be012ede7b35bb9316517d19089a010356592 k8s.gcr.io/e2e-test-images/busybox:1.29-1],SizeBytes:1154361,},ContainerImage{Names:[k8s.gcr.io/pause@sha256:1ff6c18fbef2045af6b9c16bf034cc421a29027b800e4f9b68ae9b1cb3e9ae07 k8s.gcr.io/pause:3.5],SizeBytes:682696,},ContainerImage{Names:[k8s.gcr.io/pause:3.2],SizeBytes:682696,},},VolumesInUse:[],VolumesAttached:[]AttachedVolume{},Config:nil,},}&#xA;Aug 27 11:18:20.908: INFO: &#xA;Logging kubelet events for node instance-1&#xA;Aug 27 11:18:20.912: INFO: &#xA;Logging pods the kubelet thinks is on node instance-1&#xA;Aug 27 11:18:20.933: INFO: sonobuoy started at 2021-08-27 09:45:47 +0000 UTC (0+1 container statuses recorded)&#xA;Aug 27 11:18:20.933: INFO: &#x9;Container kube-sonobuoy ready: true, restart count 0&#xA;Aug 27 11:18:20.933: INFO: sonobuoy-systemd-logs-daemon-set-0a76f2e7c4ae491c-6jjs8 started at 2021-08-27 09:45:48 +0000 UTC (0+2 container statuses recorded)&#xA;Aug 27 11:18:20.933: INFO: &#x9;Container sonobuoy-worker ready: true, restart count 0&#xA;Aug 27 11:18:20.933: INFO: &#x9;Container systemd-logs ready: true, restart count 0&#xA;Aug 27 11:18:20.933: INFO: coredns-5449fcdd7-hxflz started at 2021-08-27 10:36:29 +0000 UTC (0+1 container statuses recorded)&#xA;Aug 27 11:18:20.933: INFO: &#x9;Container coredns ready: true, restart count 0&#xA;Aug 27 11:18:20.933: INFO: kube-apiserver-instance-1 started at 2021-08-27 09:44:20 +0000 UTC (0+1 container statuses recorded)&#xA;Aug 27 11:18:20.933: INFO: &#x9;Container kube-apiserver ready: true, restart count 1&#xA;Aug 27 11:18:20.933: INFO: haproxy-instance-1 started at 2021-08-27 09:44:20 +0000 UTC (0+1 container statuses recorded)&#xA;Aug 27 11:18:20.933: INFO: &#x9;Container haproxy ready: true, restart count 7&#xA;Aug 27 11:18:20.933: INFO: kube-scheduler-instance-1 started at 2021-08-27 09:44:20 +0000 UTC (0+1 container statuses recorded)&#xA;Aug 27 11:18:20.933: INFO: &#x9;Container kube-scheduler ready: true, restart count 1&#xA;Aug 27 11:18:20.933: INFO: kube-proxy-45vxz started at 2021-08-27 09:44:35 +0000 UTC (0+1 container statuses recorded)&#xA;Aug 27 11:18:20.933: INFO: &#x9;Container kube-proxy ready: true, restart count 0&#xA;Aug 27 11:18:20.933: INFO: calico-kube-controllers-866f579489-x4bbh started at 2021-08-27 10:36:29 +0000 UTC (0+1 container statuses recorded)&#xA;Aug 27 11:18:20.933: INFO: &#x9;Container calico-kube-controllers ready: true, restart count 0&#xA;Aug 27 11:18:20.933: INFO: coredns-5449fcdd7-9wk7q started at 2021-08-27 10:36:29 +0000 UTC (0+1 container statuses recorded)&#xA;Aug 27 11:18:20.933: INFO: &#x9;Container coredns ready: true, restart count 0&#xA;Aug 27 11:18:20.933: INFO: etcd-instance-1 started at 2021-08-27 09:44:20 +0000 UTC (0+1 container statuses recorded)&#xA;Aug 27 11:18:20.933: INFO: &#x9;Container etcd ready: true, restart count 7&#xA;Aug 27 11:18:20.933: INFO: sonobuoy-e2e-job-8f4800e0b3a54e3c started at 2021-08-27 09:45:48 +0000 UTC (0+2 container statuses recorded)&#xA;Aug 27 11:18:20.933: INFO: &#x9;Container e2e ready: true, restart count 0&#xA;Aug 27 11:18:20.933: INFO: &#x9;Container sonobuoy-worker ready: true, restart count 0&#xA;Aug 27 11:18:20.933: INFO: calico-node-jtcrr started at 2021-08-27 09:44:35 +0000 UTC (3+1 container statuses recorded)&#xA;Aug 27 11:18:20.933: INFO: &#x9;Init container upgrade-ipam ready: true, restart count 0&#xA;Aug 27 11:18:20.933: INFO: &#x9;Init container install-cni ready: true, restart count 0&#xA;Aug 27 11:18:20.933: INFO: &#x9;Init container flexvol-driver ready: true, restart count 0&#xA;Aug 27 11:18:20.933: INFO: &#x9;Container calico-node ready: true, restart count 0&#xA;Aug 27 11:18:20.933: INFO: kube-controller-manager-instance-1 started at 2021-08-27 09:44:20 +0000 UTC (0+1 container statuses recorded)&#xA;Aug 27 11:18:20.933: INFO: &#x9;Container kube-controller-manager ready: true, restart count 1&#xA;Aug 27 11:18:20.986: INFO: &#xA;Latency metrics for node instance-1&#xA;Aug 27 11:18:20.986: INFO: Waiting up to 3m0s for all (but 0) nodes to be ready&#xA;STEP: Destroying namespace &#34;dns-4105&#34; for this suite.&#xA;</system-out>
      </testcase>
      <testcase name="[sig-storage] In-tree Volumes [Driver: hostPathSymlink] [Testpattern: Inline-volume (ext3)] volumes should allow exec of files on the volume" classname="Kubernetes e2e suite" time="0">
          <skipped></skipped>
      </testcase>
      <testcase name="[sig-storage] In-tree Volumes [Driver: windows-gcepd] [Testpattern: Dynamic PV (ntfs)][Feature:Windows] subPath should support restarting containers using file as subpath [Slow][LinuxOnly]" classname="Kubernetes e2e suite" time="0">
          <skipped></skipped>
      </testcase>
      <testcase name="[sig-storage] In-tree Volumes [Driver: nfs] [Testpattern: Dynamic PV (default fs)] fsgroupchangepolicy (OnRootMismatch)[LinuxOnly], pod created with an initial fsgroup, volume contents ownership changed in first pod, new pod with same fsgroup skips ownership changes to the volume contents" classname="Kubernetes e2e suite" time="0">
          <skipped></skipped>
      </testcase>
      <testcase name="[sig-network] NetworkPolicyLegacy [LinuxOnly] NetworkPolicy between server and client should enforce multiple ingress policies with ingress allow-all policy taking precedence [Feature:NetworkPolicy]" classname="Kubernetes e2e suite" time="0">
          <skipped></skipped>
      </testcase>
      <testcase name="[sig-storage] In-tree Volumes [Driver: local][LocalVolumeType: dir-link] [Testpattern: Dynamic PV (filesystem volmode)] multiVolume [Slow] should concurrently access the volume and restored snapshot from pods on the same node [LinuxOnly][Feature:VolumeSnapshotDataSource][Feature:VolumeSourceXFS]" classname="Kubernetes e2e suite" time="0">
          <skipped></skipped>
      </testcase>
      <testcase name="[sig-storage] In-tree Volumes [Driver: windows-gcepd] [Testpattern: Dynamic PV (filesystem volmode)] multiVolume [Slow] should concurrently access the single read-only volume from pods on the same node" classname="Kubernetes e2e suite" time="0">
          <skipped></skipped>
      </testcase>
      <testcase name="[sig-storage] In-tree Volumes [Driver: local][LocalVolumeType: dir] [Testpattern: Dynamic PV (ntfs)][Feature:Windows] subPath should support existing directories when readOnly specified in the volumeSource" classname="Kubernetes e2e suite" time="0">
          <skipped></skipped>
      </testcase>
      <testcase name="[sig-storage] In-tree Volumes [Driver: local][LocalVolumeType: blockfs] [Testpattern: Dynamic PV (ntfs)][Feature:Windows] volume-expand should not allow expansion of pvcs without AllowVolumeExpansion property" classname="Kubernetes e2e suite" time="0">
          <skipped></skipped>
      </testcase>
      <testcase name="[sig-storage] In-tree Volumes [Driver: azure-disk] [Testpattern: Dynamic PV (ntfs)][Feature:Windows] subPath should fail if subpath directory is outside the volume [Slow][LinuxOnly]" classname="Kubernetes e2e suite" time="0">
          <skipped></skipped>
      </testcase>
      <testcase name="[sig-storage] In-tree Volumes [Driver: windows-gcepd] [Testpattern: Dynamic PV (default fs)] subPath should support existing directory" classname="Kubernetes e2e suite" time="0">
          <skipped></skipped>
      </testcase>
      <testcase name="[sig-storage] In-tree Volumes [Driver: local][LocalVolumeType: dir-link] [Testpattern: Dynamic PV (ext4)] multiVolume [Slow] should concurrently access the volume and restored snapshot from pods on the same node [LinuxOnly][Feature:VolumeSnapshotDataSource][Feature:VolumeSourceXFS]" classname="Kubernetes e2e suite" time="0">
          <skipped></skipped>
      </testcase>
      <testcase name="[sig-storage] In-tree Volumes [Driver: local][LocalVolumeType: dir-link] [Testpattern: Dynamic PV (block volmode)] disruptive[Disruptive][LinuxOnly] Should test that pv used in a pod that is deleted while the kubelet is down cleans up when the kubelet returns." classname="Kubernetes e2e suite" time="0">
          <skipped></skipped>
      </testcase>
      <testcase name="[sig-storage] In-tree Volumes [Driver: azure-disk] [Testpattern: Pre-provisioned PV (default fs)] subPath should support file as subpath [LinuxOnly]" classname="Kubernetes e2e suite" time="0">
          <skipped></skipped>
      </testcase>
      <testcase name="[sig-storage] In-tree Volumes [Driver: local][LocalVolumeType: dir-link-bindmounted] [Testpattern: Dynamic PV (default fs)] subPath should support restarting containers using file as subpath [Slow][LinuxOnly]" classname="Kubernetes e2e suite" time="0">
          <skipped></skipped>
      </testcase>
      <testcase name="[sig-storage] In-tree Volumes [Driver: emptydir] [Testpattern: Dynamic PV (ntfs)][Feature:Windows] subPath should support restarting containers using file as subpath [Slow][LinuxOnly]" classname="Kubernetes e2e suite" time="0">
          <skipped></skipped>
      </testcase>
      <testcase name="[sig-storage] In-tree Volumes [Driver: local][LocalVolumeType: block] [Testpattern: Dynamic PV (filesystem volmode)] multiVolume [Slow] should access to two volumes with different volume mode and retain data across pod recreation on the same node" classname="Kubernetes e2e suite" time="0">
          <skipped></skipped>
      </testcase>
      <testcase name="[sig-storage] In-tree Volumes [Driver: local][LocalVolumeType: tmpfs] [Testpattern: Pre-provisioned PV (block volmode)] multiVolume [Slow] should concurrently access the volume and restored snapshot from pods on the same node [LinuxOnly][Feature:VolumeSnapshotDataSource][Feature:VolumeSourceXFS]" classname="Kubernetes e2e suite" time="0">
          <skipped></skipped>
      </testcase>
      <testcase name="[sig-storage] In-tree Volumes [Driver: iscsi][Feature:Volumes] [Testpattern: Pre-provisioned PV (block volmode)] multiVolume [Slow] should concurrently access the single volume from pods on the same node" classname="Kubernetes e2e suite" time="0">
          <skipped></skipped>
      </testcase>
      <testcase name="[sig-storage] In-tree Volumes [Driver: iscsi][Feature:Volumes] [Testpattern: Dynamic PV (ext3)] volumes should allow exec of files on the volume" classname="Kubernetes e2e suite" time="0">
          <skipped></skipped>
      </testcase>
      <testcase name="[sig-storage] In-tree Volumes [Driver: local][LocalVolumeType: block] [Testpattern: Dynamic PV (filesystem volmode)] volumeLimits should support volume limits [Serial]" classname="Kubernetes e2e suite" time="0">
          <skipped></skipped>
      </testcase>
      <testcase name="[sig-storage] In-tree Volumes [Driver: vsphere] [Testpattern: Pre-provisioned PV (filesystem volmode)] disruptive[Disruptive][LinuxOnly] Should test that pv written before kubelet restart is readable after restart." classname="Kubernetes e2e suite" time="0">
          <skipped></skipped>
      </testcase>
      <testcase name="[sig-storage] In-tree Volumes [Driver: local][LocalVolumeType: dir-bindmounted] [Testpattern: Dynamic PV (default fs)] subPath should support existing directories when readOnly specified in the volumeSource" classname="Kubernetes e2e suite" time="0">
          <skipped></skipped>
      </testcase>
      <testcase name="[sig-storage] In-tree Volumes [Driver: nfs] [Testpattern: Pre-provisioned PV (filesystem volmode)] multiVolume [Slow] should concurrently access the volume and restored snapshot from pods on the same node [LinuxOnly][Feature:VolumeSnapshotDataSource][Feature:VolumeSourceXFS]" classname="Kubernetes e2e suite" time="0">
          <skipped></skipped>
      </testcase>
      <testcase name="[sig-storage] In-tree Volumes [Driver: local][LocalVolumeType: block] [Testpattern: Dynamic PV (ntfs)][Feature:Windows] volumes should store data" classname="Kubernetes e2e suite" time="0">
          <skipped></skipped>
      </testcase>
      <testcase name="[sig-storage] In-tree Volumes [Driver: azure-disk] [Testpattern: Dynamic PV (ntfs)][Feature:Windows] subPath should be able to unmount after the subpath directory is deleted [LinuxOnly]" classname="Kubernetes e2e suite" time="0">
          <skipped></skipped>
      </testcase>
      <testcase name="[sig-storage] In-tree Volumes [Driver: gcepd] [Testpattern: Dynamic PV (ext4)] multiVolume [Slow] should concurrently access the single volume from pods on different node" classname="Kubernetes e2e suite" time="0">
          <skipped></skipped>
      </testcase>
      <testcase name="[sig-storage] In-tree Volumes [Driver: gcepd] [Testpattern: Dynamic PV (ext3)] volumes should allow exec of files on the volume" classname="Kubernetes e2e suite" time="0">
          <skipped></skipped>
      </testcase>
      <testcase name="[sig-storage] In-tree Volumes [Driver: iscsi][Feature:Volumes] [Testpattern: Dynamic PV (default fs)] capacity provides storage capacity information" classname="Kubernetes e2e suite" time="0">
          <skipped></skipped>
      </testcase>
      <testcase name="[sig-storage] HostPathType Block Device [Slow] Should fail on mounting non-existent block device &#39;does-not-exist-blk-dev&#39; when HostPathType is HostPathBlockDev" classname="Kubernetes e2e suite" time="0">
          <skipped></skipped>
      </testcase>
      <testcase name="[sig-storage] HostPathType Character Device [Slow] Should be able to mount character device &#39;achardev&#39; successfully when HostPathType is HostPathCharDev" classname="Kubernetes e2e suite" time="0">
          <skipped></skipped>
      </testcase>
      <testcase name="[sig-storage] In-tree Volumes [Driver: local][LocalVolumeType: tmpfs] [Testpattern: Inline-volume (default fs)] subPath should support non-existent path" classname="Kubernetes e2e suite" time="0">
          <skipped></skipped>
      </testcase>
      <testcase name="[sig-storage] In-tree Volumes [Driver: gcepd] [Testpattern: Pre-provisioned PV (default fs)] subPath should support non-existent path" classname="Kubernetes e2e suite" time="0">
          <skipped></skipped>
      </testcase>
      <testcase name="[sig-storage] EmptyDir wrapper volumes should not cause race condition when used for configmaps [Serial] [Conformance]" classname="Kubernetes e2e suite" time="63.629072608"></testcase>
      <testcase name="[sig-storage] In-tree Volumes [Driver: gluster] [Testpattern: Dynamic PV (immediate binding)] topology should fail to schedule a pod which has topologies that conflict with AllowedTopologies" classname="Kubernetes e2e suite" time="0">
          <skipped></skipped>
      </testcase>
      <testcase name="[sig-storage] In-tree Volumes [Driver: local][LocalVolumeType: blockfs] [Testpattern: Dynamic PV (filesystem volmode)] multiVolume [Slow] should access to two volumes with different volume mode and retain data across pod recreation on different node" classname="Kubernetes e2e suite" time="0">
          <skipped></skipped>
      </testcase>
      <testcase name="[sig-storage] In-tree Volumes [Driver: windows-gcepd] [Testpattern: Dynamic PV (xfs)][Slow] multiVolume [Slow] should access to two volumes with different volume mode and retain data across pod recreation on different node" classname="Kubernetes e2e suite" time="0">
          <skipped></skipped>
      </testcase>
      <testcase name="[sig-storage] In-tree Volumes [Driver: local][LocalVolumeType: blockfs] [Testpattern: Pre-provisioned PV (filesystem volmode)] multiVolume [Slow] should access to two volumes with different volume mode and retain data across pod recreation on the same node" classname="Kubernetes e2e suite" time="0">
          <skipped></skipped>
      </testcase>
      <testcase name="[sig-api-machinery] Garbage collector should orphan pods created by rc if delete options say so [Conformance]" classname="Kubernetes e2e suite" time="40.92241478"></testcase>
      <testcase name="[sig-storage] In-tree Volumes [Driver: gcepd] [Testpattern: Pre-provisioned PV (filesystem volmode)] multiVolume [Slow] should access to two volumes with the same volume mode and retain data across pod recreation on different node" classname="Kubernetes e2e suite" time="0">
          <skipped></skipped>
      </testcase>
      <testcase name="[sig-storage] In-tree Volumes [Driver: local][LocalVolumeType: block] [Testpattern: Dynamic PV (filesystem volmode)] multiVolume [Slow] should access to two volumes with the same volume mode and retain data across pod recreation on the same node" classname="Kubernetes e2e suite" time="0">
          <skipped></skipped>
      </testcase>
      <testcase name="[sig-node] NodeLease when the NodeLease feature is enabled the kubelet should create and update a lease in the kube-node-lease namespace" classname="Kubernetes e2e suite" time="0">
          <skipped></skipped>
      </testcase>
      <testcase name="[sig-storage] In-tree Volumes [Driver: local][LocalVolumeType: dir] [Testpattern: Dynamic PV (immediate binding)] topology should fail to schedule a pod which has topologies that conflict with AllowedTopologies" classname="Kubernetes e2e suite" time="0">
          <skipped></skipped>
      </testcase>
      <testcase name="[sig-storage] In-tree Volumes [Driver: local][LocalVolumeType: gce-localssd-scsi-fs] [Serial] [Testpattern: Inline-volume (ntfs)][Feature:Windows] volumes should allow exec of files on the volume" classname="Kubernetes e2e suite" time="0">
          <skipped></skipped>
      </testcase>
      <testcase name="[sig-storage] In-tree Volumes [Driver: local][LocalVolumeType: dir-bindmounted] [Testpattern: Pre-provisioned PV (default fs)] subPath should support existing single file [LinuxOnly]" classname="Kubernetes e2e suite" time="0">
          <skipped></skipped>
      </testcase>
      <testcase name="[sig-storage] In-tree Volumes [Driver: local][LocalVolumeType: block] [Testpattern: Dynamic PV (default fs)] provisioning should provision storage with mount options" classname="Kubernetes e2e suite" time="0">
          <skipped></skipped>
      </testcase>
      <testcase name="[sig-storage] In-tree Volumes [Driver: local][LocalVolumeType: dir-bindmounted] [Testpattern: Pre-provisioned PV (xfs)][Slow] volumes should store data" classname="Kubernetes e2e suite" time="0">
          <skipped></skipped>
      </testcase>
      <testcase name="[sig-storage] In-tree Volumes [Driver: local][LocalVolumeType: blockfs] [Testpattern: Inline-volume (default fs)] subPath should verify container cannot write to subpath readonly volumes [Slow]" classname="Kubernetes e2e suite" time="0">
          <skipped></skipped>
      </testcase>
      <testcase name="[sig-network] Netpol NetworkPolicy between server and client should support allow-all policy [Feature:NetworkPolicy]" classname="Kubernetes e2e suite" time="0">
          <skipped></skipped>
      </testcase>
      <testcase name="[sig-storage] In-tree Volumes [Driver: hostPath] [Testpattern: Inline-volume (default fs)] volumeIO should write files of various sizes, verify size, validate content [Slow][LinuxOnly]" classname="Kubernetes e2e suite" time="0">
          <skipped></skipped>
      </testcase>
      <testcase name="[sig-storage] In-tree Volumes [Driver: cinder] [Testpattern: Dynamic PV (ntfs)][Feature:Windows] provisioning should provision storage with pvc data source in parallel [Slow]" classname="Kubernetes e2e suite" time="0">
          <skipped></skipped>
      </testcase>
      <testcase name="[sig-storage] In-tree Volumes [Driver: hostPathSymlink] [Testpattern: Inline-volume (default fs)] subPath should fail if subpath file is outside the volume [Slow][LinuxOnly]" classname="Kubernetes e2e suite" time="0">
          <skipped></skipped>
      </testcase>
      <testcase name="[sig-storage] In-tree Volumes [Driver: rbd][Feature:Volumes][Serial] [Testpattern: Dynamic PV (default fs)] fsgroupchangepolicy (Always)[LinuxOnly], pod created with an initial fsgroup, new pod fsgroup applied to volume contents" classname="Kubernetes e2e suite" time="0">
          <skipped></skipped>
      </testcase>
      <testcase name="[sig-storage] In-tree Volumes [Driver: local][LocalVolumeType: dir-bindmounted] [Testpattern: Dynamic PV (ntfs)][Feature:Windows] subPath should fail if subpath file is outside the volume [Slow][LinuxOnly]" classname="Kubernetes e2e suite" time="0">
          <skipped></skipped>
      </testcase>
      <testcase name="[sig-storage] In-tree Volumes [Driver: aws] [Testpattern: Inline-volume (ext4)] volumes should allow exec of files on the volume" classname="Kubernetes e2e suite" time="0">
          <skipped></skipped>
      </testcase>
      <testcase name="[sig-storage] In-tree Volumes [Driver: local][LocalVolumeType: tmpfs] [Testpattern: Dynamic PV (xfs)][Slow] multiVolume [Slow] should access to two volumes with the same volume mode and retain data across pod recreation on different node" classname="Kubernetes e2e suite" time="0">
          <skipped></skipped>
      </testcase>
      <testcase name="[sig-storage] In-tree Volumes [Driver: local][LocalVolumeType: dir-link-bindmounted] [Testpattern: Pre-provisioned PV (filesystem volmode)] multiVolume [Slow] should concurrently access the single read-only volume from pods on the same node" classname="Kubernetes e2e suite" time="0">
          <skipped></skipped>
      </testcase>
      <testcase name="[sig-storage] In-tree Volumes [Driver: iscsi][Feature:Volumes] [Testpattern: Pre-provisioned PV (default fs)] subPath should fail if subpath with backstepping is outside the volume [Slow][LinuxOnly]" classname="Kubernetes e2e suite" time="0">
          <skipped></skipped>
      </testcase>
      <testcase name="[sig-storage] In-tree Volumes [Driver: azure-disk] [Testpattern: Dynamic PV (ntfs)][Feature:Windows] subPath should verify container cannot write to subpath readonly volumes [Slow]" classname="Kubernetes e2e suite" time="0">
          <skipped></skipped>
      </testcase>
      <testcase name="[sig-storage] In-tree Volumes [Driver: gluster] [Testpattern: Pre-provisioned PV (block volmode)] volumeMode should fail to use a volume in a pod with mismatched mode [Slow]" classname="Kubernetes e2e suite" time="0">
          <skipped></skipped>
      </testcase>
      <testcase name="[sig-storage] In-tree Volumes [Driver: cinder] [Testpattern: Dynamic PV (ntfs)][Feature:Windows] subPath should be able to unmount after the subpath directory is deleted [LinuxOnly]" classname="Kubernetes e2e suite" time="0">
          <skipped></skipped>
      </testcase>
      <testcase name="[sig-storage] In-tree Volumes [Driver: rbd][Feature:Volumes][Serial] [Testpattern: Pre-provisioned PV (default fs)] subPath should fail if subpath with backstepping is outside the volume [Slow][LinuxOnly]" classname="Kubernetes e2e suite" time="0">
          <skipped></skipped>
      </testcase>
      <testcase name="[sig-storage] In-tree Volumes [Driver: azure-disk] [Testpattern: Pre-provisioned PV (block volmode)] multiVolume [Slow] should access to two volumes with the same volume mode and retain data across pod recreation on the same node" classname="Kubernetes e2e suite" time="0">
          <skipped></skipped>
      </testcase>
      <testcase name="[sig-storage] In-tree Volumes [Driver: ceph][Feature:Volumes][Serial] [Testpattern: Dynamic PV (block volmode)] multiVolume [Slow] should concurrently access the single read-only volume from pods on the same node" classname="Kubernetes e2e suite" time="0">
          <skipped></skipped>
      </testcase>
      <testcase name="[sig-storage] In-tree Volumes [Driver: gcepd] [Testpattern: Inline-volume (default fs)] subPath should support restarting containers using file as subpath [Slow][LinuxOnly]" classname="Kubernetes e2e suite" time="0">
          <skipped></skipped>
      </testcase>
      <testcase name="[sig-storage] In-tree Volumes [Driver: local][LocalVolumeType: dir] [Testpattern: Dynamic PV (default fs)] provisioning should provision storage with pvc data source" classname="Kubernetes e2e suite" time="0">
          <skipped></skipped>
      </testcase>
      <testcase name="[sig-storage] In-tree Volumes [Driver: iscsi][Feature:Volumes] [Testpattern: Dynamic PV (default fs)] subPath should support existing directory" classname="Kubernetes e2e suite" time="0">
          <skipped></skipped>
      </testcase>
      <testcase name="[sig-storage] ConfigMap should be consumable from pods in volume with mappings as non-root with FSGroup [LinuxOnly] [NodeFeature:FSGroup]" classname="Kubernetes e2e suite" time="0">
          <skipped></skipped>
      </testcase>
      <testcase name="[sig-storage] In-tree Volumes [Driver: local][LocalVolumeType: tmpfs] [Testpattern: Pre-provisioned PV (default fs)] subPath should be able to unmount after the subpath directory is deleted [LinuxOnly]" classname="Kubernetes e2e suite" time="0">
          <skipped></skipped>
      </testcase>
      <testcase name="[sig-storage] CSI Volumes [Driver: pd.csi.storage.gke.io][Serial] [Testpattern: Inline-volume (ntfs)][Feature:Windows] volumes should allow exec of files on the volume" classname="Kubernetes e2e suite" time="0">
          <skipped></skipped>
      </testcase>
      <testcase name="[sig-storage] In-tree Volumes [Driver: local][LocalVolumeType: dir-link-bindmounted] [Testpattern: Pre-provisioned PV (block volmode)] disruptive[Disruptive][LinuxOnly] Should test that pv used in a pod that is force deleted while the kubelet is down cleans up when the kubelet returns." classname="Kubernetes e2e suite" time="0">
          <skipped></skipped>
      </testcase>
      <testcase name="[sig-storage] In-tree Volumes [Driver: hostPathSymlink] [Testpattern: Dynamic PV (default fs)] fsgroupchangepolicy (Always)[LinuxOnly], pod created with an initial fsgroup, new pod fsgroup applied to volume contents" classname="Kubernetes e2e suite" time="0">
          <skipped></skipped>
      </testcase>
      <testcase name="[sig-storage] In-tree Volumes [Driver: gluster] [Testpattern: Dynamic PV (default fs)] subPath should support readOnly directory specified in the volumeMount" classname="Kubernetes e2e suite" time="0">
          <skipped></skipped>
      </testcase>
      <testcase name="[sig-storage] In-tree Volumes [Driver: windows-gcepd] [Testpattern: Dynamic PV (ntfs)][Feature:Windows] provisioning should provision storage with pvc data source" classname="Kubernetes e2e suite" time="0">
          <skipped></skipped>
      </testcase>
      <testcase name="[sig-storage] In-tree Volumes [Driver: emptydir] [Testpattern: Dynamic PV (default fs)] volumes should store data" classname="Kubernetes e2e suite" time="0">
          <skipped></skipped>
      </testcase>
      <testcase name="[sig-storage] In-tree Volumes [Driver: local][LocalVolumeType: dir-link] [Testpattern: Dynamic PV (block volmode)] multiVolume [Slow] should concurrently access the single volume from pods on the same node" classname="Kubernetes e2e suite" time="0">
          <skipped></skipped>
      </testcase>
      <testcase name="[sig-storage] In-tree Volumes [Driver: local][LocalVolumeType: dir-bindmounted] [Testpattern: Dynamic PV (ext4)] volumes should store data" classname="Kubernetes e2e suite" time="0">
          <skipped></skipped>
      </testcase>
      <testcase name="[sig-storage] In-tree Volumes [Driver: aws] [Testpattern: Dynamic PV (xfs)][Slow] multiVolume [Slow] should concurrently access the single volume from pods on the same node" classname="Kubernetes e2e suite" time="0">
          <skipped></skipped>
      </testcase>
      <testcase name="[sig-storage] In-tree Volumes [Driver: gluster] [Testpattern: Dynamic PV (filesystem volmode)] multiVolume [Slow] should access to two volumes with the same volume mode and retain data across pod recreation on the same node" classname="Kubernetes e2e suite" time="0">
          <skipped></skipped>
      </testcase>
      <testcase name="[sig-storage] In-tree Volumes [Driver: local][LocalVolumeType: blockfs] [Testpattern: Dynamic PV (ntfs)][Feature:Windows] volumes should allow exec of files on the volume" classname="Kubernetes e2e suite" time="0">
          <skipped></skipped>
      </testcase>
      <testcase name="[sig-storage] In-tree Volumes [Driver: aws] [Testpattern: Dynamic PV (block volmode)] volumeMode should not mount / map unused volumes in a pod [LinuxOnly]" classname="Kubernetes e2e suite" time="0">
          <skipped></skipped>
      </testcase>
      <testcase name="[sig-storage] In-tree Volumes [Driver: local][LocalVolumeType: block] [Testpattern: Pre-provisioned PV (block volmode)] disruptive[Disruptive][LinuxOnly] Should test that pv used in a pod that is deleted while the kubelet is down cleans up when the kubelet returns." classname="Kubernetes e2e suite" time="0">
          <skipped></skipped>
      </testcase>
      <testcase name="[sig-storage] In-tree Volumes [Driver: emptydir] [Testpattern: Dynamic PV (block volmode)] multiVolume [Slow] should access to two volumes with different volume mode and retain data across pod recreation on the same node" classname="Kubernetes e2e suite" time="0">
          <skipped></skipped>
      </testcase>
      <testcase name="[sig-storage] In-tree Volumes [Driver: rbd][Feature:Volumes][Serial] [Testpattern: Inline-volume (xfs)][Slow] volumes should allow exec of files on the volume" classname="Kubernetes e2e suite" time="0">
          <skipped></skipped>
      </testcase>
      <testcase name="[sig-storage] In-tree Volumes [Driver: rbd][Feature:Volumes][Serial] [Testpattern: Dynamic PV (ntfs)(allowExpansion)][Feature:Windows] volume-expand should resize volume when PVC is edited while pod is using it" classname="Kubernetes e2e suite" time="0">
          <skipped></skipped>
      </testcase>
      <testcase name="[sig-storage] In-tree Volumes [Driver: hostPath] [Testpattern: Dynamic PV (xfs)][Slow] multiVolume [Slow] should concurrently access the single volume from pods on the same node" classname="Kubernetes e2e suite" time="0">
          <skipped></skipped>
      </testcase>
      <testcase name="[sig-storage] In-tree Volumes [Driver: nfs] [Testpattern: Dynamic PV (default fs)] subPath should verify container cannot write to subpath readonly volumes [Slow]" classname="Kubernetes e2e suite" time="0">
          <skipped></skipped>
      </testcase>
      <testcase name="[sig-storage] In-tree Volumes [Driver: hostPathSymlink] [Testpattern: Dynamic PV (block volmode)] multiVolume [Slow] should concurrently access the single volume from pods on the same node" classname="Kubernetes e2e suite" time="0">
          <skipped></skipped>
      </testcase>
      <testcase name="[sig-storage] In-tree Volumes [Driver: local][LocalVolumeType: dir-link] [Testpattern: Pre-provisioned PV (default fs)] subPath should support existing single file [LinuxOnly]" classname="Kubernetes e2e suite" time="0">
          <skipped></skipped>
      </testcase>
      <testcase name="[sig-storage] In-tree Volumes [Driver: nfs] [Testpattern: Inline-volume (ntfs)][Feature:Windows] volumes should allow exec of files on the volume" classname="Kubernetes e2e suite" time="0">
          <skipped></skipped>
      </testcase>
      <testcase name="[sig-storage] CSI Volumes [Driver: csi-hostpath] [Testpattern: Inline-volume (default fs)] subPath should support creating multiple subpath from same volumes [Slow]" classname="Kubernetes e2e suite" time="0">
          <skipped></skipped>
      </testcase>
      <testcase name="[sig-storage] CSI Volumes [Driver: csi-hostpath] [Testpattern: Dynamic PV (ext4)] volumes should store data" classname="Kubernetes e2e suite" time="0">
          <skipped></skipped>
      </testcase>
      <testcase name="[sig-storage] In-tree Volumes [Driver: local][LocalVolumeType: dir] [Testpattern: Dynamic PV (default fs)] subPath should unmount if pod is gracefully deleted while kubelet is down [Disruptive][Slow][LinuxOnly]" classname="Kubernetes e2e suite" time="0">
          <skipped></skipped>
      </testcase>
      <testcase name="[sig-storage] In-tree Volumes [Driver: emptydir] [Testpattern: Dynamic PV (ntfs)][Feature:Windows] subPath should fail if subpath file is outside the volume [Slow][LinuxOnly]" classname="Kubernetes e2e suite" time="0">
          <skipped></skipped>
      </testcase>
      <testcase name="[sig-storage] In-tree Volumes [Driver: emptydir] [Testpattern: Dynamic PV (ntfs)][Feature:Windows] subPath should verify container cannot write to subpath readonly volumes [Slow]" classname="Kubernetes e2e suite" time="0">
          <skipped></skipped>
      </testcase>
      <testcase name="[sig-network] Services should be able to change the type from NodePort to ExternalName [Conformance]" classname="Kubernetes e2e suite" time="0.475405609">
          <failure type="Failure">/workspace/src/k8s.io/kubernetes/_output/dockerized/go/src/k8s.io/kubernetes/test/e2e/framework/framework.go:630&#xA;Aug 27 11:20:05.746: Unexpected error:&#xA;    &lt;*errors.errorString | 0xc004db1470&gt;: {&#xA;        s: &#34;out-of-range nodePort (59505) for service&#34;,&#xA;    }&#xA;    out-of-range nodePort (59505) for service&#xA;occurred&#xA;/workspace/src/k8s.io/kubernetes/_output/dockerized/go/src/k8s.io/kubernetes/test/e2e/network/service.go:1433</failure>
          <system-out>[BeforeEach] [sig-network] Services&#xA;  /workspace/src/k8s.io/kubernetes/_output/dockerized/go/src/k8s.io/kubernetes/test/e2e/framework/framework.go:185&#xA;STEP: Creating a kubernetes client&#xA;Aug 27 11:20:05.576: INFO: &gt;&gt;&gt; kubeConfig: /tmp/kubeconfig-655963504&#xA;STEP: Building a namespace api object, basename services&#xA;STEP: Waiting for a default service account to be provisioned in namespace&#xA;[BeforeEach] [sig-network] Services&#xA;  /workspace/src/k8s.io/kubernetes/_output/dockerized/go/src/k8s.io/kubernetes/test/e2e/network/service.go:749&#xA;[It] should be able to change the type from NodePort to ExternalName [Conformance]&#xA;  /workspace/src/k8s.io/kubernetes/_output/dockerized/go/src/k8s.io/kubernetes/test/e2e/framework/framework.go:630&#xA;STEP: creating a service nodeport-service with the type=NodePort in namespace services-988&#xA;Aug 27 11:20:05.737: FAIL: Unexpected error:&#xA;    &lt;*errors.errorString | 0xc004db1470&gt;: {&#xA;        s: &#34;out-of-range nodePort (59505) for service&#34;,&#xA;    }&#xA;    out-of-range nodePort (59505) for service&#xA;occurred&#xA;&#xA;Full Stack Trace&#xA;k8s.io/kubernetes/test/e2e/network.glob..func24.17()&#xA;&#x9;/workspace/src/k8s.io/kubernetes/_output/dockerized/go/src/k8s.io/kubernetes/test/e2e/network/service.go:1433 +0x1a5&#xA;k8s.io/kubernetes/test/e2e.RunE2ETests(0xc000af8600)&#xA;&#x9;_output/dockerized/go/src/k8s.io/kubernetes/test/e2e/e2e.go:130 +0x36c&#xA;k8s.io/kubernetes/test/e2e.TestE2E(0xc000af8600)&#xA;&#x9;_output/dockerized/go/src/k8s.io/kubernetes/test/e2e/e2e_test.go:136 +0x2b&#xA;testing.tRunner(0xc000af8600, 0x72d42e8)&#xA;&#x9;/usr/local/go/src/testing/testing.go:1193 +0xef&#xA;created by testing.(*T).Run&#xA;&#x9;/usr/local/go/src/testing/testing.go:1238 +0x2b3&#xA;[AfterEach] [sig-network] Services&#xA;  /workspace/src/k8s.io/kubernetes/_output/dockerized/go/src/k8s.io/kubernetes/test/e2e/framework/framework.go:186&#xA;STEP: Collecting events from namespace &#34;services-988&#34;.&#xA;STEP: Found 0 events.&#xA;Aug 27 11:20:05.774: INFO: POD  NODE  PHASE  GRACE  CONDITIONS&#xA;Aug 27 11:20:05.774: INFO: &#xA;Aug 27 11:20:05.783: INFO: &#xA;Logging node info for node instance-1&#xA;Aug 27 11:20:05.787: INFO: Node Info: &amp;Node{ObjectMeta:{instance-1    66706824-827f-43ec-951f-55d099198c49 20033 0 2021-08-27 09:44:27 +0000 UTC &lt;nil&gt; &lt;nil&gt; map[beta.kubernetes.io/arch:amd64 beta.kubernetes.io/os:linux kubernetes.io/arch:amd64 kubernetes.io/hostname:instance-1 kubernetes.io/os:linux node-role.kubernetes.io/control-plane: node-role.kubernetes.io/master: node.kubernetes.io/control-plane: node.kubernetes.io/master:] map[node.alpha.kubernetes.io/ttl:0 projectcalico.org/IPv4Address:10.140.0.2/32 projectcalico.org/IPv4IPIPTunnelAddr:172.208.23.128 volumes.kubernetes.io/controller-managed-attach-detach:true] [] []  [{kubelet Update v1 2021-08-27 09:44:27 +0000 UTC FieldsV1 {&#34;f:metadata&#34;:{&#34;f:annotations&#34;:{&#34;.&#34;:{},&#34;f:volumes.kubernetes.io/controller-managed-attach-detach&#34;:{}},&#34;f:labels&#34;:{&#34;.&#34;:{},&#34;f:beta.kubernetes.io/arch&#34;:{},&#34;f:beta.kubernetes.io/os&#34;:{},&#34;f:kubernetes.io/arch&#34;:{},&#34;f:kubernetes.io/hostname&#34;:{},&#34;f:kubernetes.io/os&#34;:{},&#34;f:node.kubernetes.io/control-plane&#34;:{},&#34;f:node.kubernetes.io/master&#34;:{}}}} } {kube-controller-manager Update v1 2021-08-27 09:44:36 +0000 UTC FieldsV1 {&#34;f:metadata&#34;:{&#34;f:annotations&#34;:{&#34;f:node.alpha.kubernetes.io/ttl&#34;:{}}}} } {calico-node Update v1 2021-08-27 09:44:41 +0000 UTC FieldsV1 {&#34;f:metadata&#34;:{&#34;f:annotations&#34;:{&#34;f:projectcalico.org/IPv4Address&#34;:{},&#34;f:projectcalico.org/IPv4IPIPTunnelAddr&#34;:{}}},&#34;f:status&#34;:{&#34;f:conditions&#34;:{&#34;k:{\&#34;type\&#34;:\&#34;NetworkUnavailable\&#34;}&#34;:{&#34;.&#34;:{},&#34;f:lastHeartbeatTime&#34;:{},&#34;f:lastTransitionTime&#34;:{},&#34;f:message&#34;:{},&#34;f:reason&#34;:{},&#34;f:status&#34;:{},&#34;f:type&#34;:{}}}}} status} {kubectl-label Update v1 2021-08-27 09:44:44 +0000 UTC FieldsV1 {&#34;f:metadata&#34;:{&#34;f:labels&#34;:{&#34;f:node-role.kubernetes.io/control-plane&#34;:{},&#34;f:node-role.kubernetes.io/master&#34;:{}}}} } {e2e.test Update v1 2021-08-27 11:04:11 +0000 UTC FieldsV1 {&#34;f:status&#34;:{&#34;f:capacity&#34;:{&#34;f:example.com/fakecpu&#34;:{}}}} status} {kubelet Update v1 2021-08-27 11:04:21 +0000 UTC FieldsV1 {&#34;f:status&#34;:{&#34;f:allocatable&#34;:{&#34;f:example.com/fakecpu&#34;:{}},&#34;f:conditions&#34;:{&#34;k:{\&#34;type\&#34;:\&#34;DiskPressure\&#34;}&#34;:{&#34;f:lastHeartbeatTime&#34;:{}},&#34;k:{\&#34;type\&#34;:\&#34;MemoryPressure\&#34;}&#34;:{&#34;f:lastHeartbeatTime&#34;:{}},&#34;k:{\&#34;type\&#34;:\&#34;PIDPressure\&#34;}&#34;:{&#34;f:lastHeartbeatTime&#34;:{}},&#34;k:{\&#34;type\&#34;:\&#34;Ready\&#34;}&#34;:{&#34;f:lastHeartbeatTime&#34;:{},&#34;f:lastTransitionTime&#34;:{},&#34;f:message&#34;:{},&#34;f:reason&#34;:{},&#34;f:status&#34;:{}}},&#34;f:images&#34;:{}}} status}]},Spec:NodeSpec{PodCIDR:,DoNotUseExternalID:,ProviderID:,Unschedulable:false,Taints:[]Taint{},ConfigSource:nil,PodCIDRs:[],},Status:NodeStatus{Capacity:ResourceList{cpu: {{4 0} {&lt;nil&gt;} 4 DecimalSI},ephemeral-storage: {{51848359936 0} {&lt;nil&gt;} 50633164Ki BinarySI},example.com/fakecpu: {{1 3} {&lt;nil&gt;} 1k DecimalSI},hugepages-1Gi: {{0 0} {&lt;nil&gt;} 0 DecimalSI},hugepages-2Mi: {{0 0} {&lt;nil&gt;} 0 DecimalSI},memory: {{16778743808 0} {&lt;nil&gt;} 16385492Ki BinarySI},pods: {{110 0} {&lt;nil&gt;} 110 DecimalSI},},Allocatable:ResourceList{cpu: {{4 0} {&lt;nil&gt;} 4 DecimalSI},ephemeral-storage: {{49255941901 0} {&lt;nil&gt;} 49255941901 DecimalSI},example.com/fakecpu: {{1 3} {&lt;nil&gt;} 1k DecimalSI},hugepages-1Gi: {{0 0} {&lt;nil&gt;} 0 DecimalSI},hugepages-2Mi: {{0 0} {&lt;nil&gt;} 0 DecimalSI},memory: {{15600144384 0} {&lt;nil&gt;} 15234516Ki BinarySI},pods: {{110 0} {&lt;nil&gt;} 110 DecimalSI},},Phase:,Conditions:[]NodeCondition{NodeCondition{Type:NetworkUnavailable,Status:False,LastHeartbeatTime:2021-08-27 09:44:41 +0000 UTC,LastTransitionTime:2021-08-27 09:44:41 +0000 UTC,Reason:CalicoIsUp,Message:Calico is running on this node,},NodeCondition{Type:MemoryPressure,Status:False,LastHeartbeatTime:2021-08-27 11:15:05 +0000 UTC,LastTransitionTime:2021-08-27 09:44:26 +0000 UTC,Reason:KubeletHasSufficientMemory,Message:kubelet has sufficient memory available,},NodeCondition{Type:DiskPressure,Status:False,LastHeartbeatTime:2021-08-27 11:15:05 +0000 UTC,LastTransitionTime:2021-08-27 09:44:26 +0000 UTC,Reason:KubeletHasNoDiskPressure,Message:kubelet has no disk pressure,},NodeCondition{Type:PIDPressure,Status:False,LastHeartbeatTime:2021-08-27 11:15:05 +0000 UTC,LastTransitionTime:2021-08-27 09:44:26 +0000 UTC,Reason:KubeletHasSufficientPID,Message:kubelet has sufficient PID available,},NodeCondition{Type:Ready,Status:True,LastHeartbeatTime:2021-08-27 11:15:05 +0000 UTC,LastTransitionTime:2021-08-27 09:44:47 +0000 UTC,Reason:KubeletReady,Message:kubelet is posting ready status. AppArmor enabled,},},Addresses:[]NodeAddress{NodeAddress{Type:InternalIP,Address:10.140.0.2,},NodeAddress{Type:Hostname,Address:instance-1,},},DaemonEndpoints:NodeDaemonEndpoints{KubeletEndpoint:DaemonEndpoint{Port:10250,},},NodeInfo:NodeSystemInfo{MachineID:9115f560b455f8c5d2b83bdfb715f3b3,SystemUUID:9115f560-b455-f8c5-d2b8-3bdfb715f3b3,BootID:3bd04ce9-2b88-452c-af59-4599689b83f3,KernelVersion:5.11.0-1017-gcp,OSImage:Ubuntu 21.04,ContainerRuntimeVersion:docker://20.10.8,KubeletVersion:v1.22.1,KubeProxyVersion:v1.22.1,OperatingSystem:linux,Architecture:amd64,},Images:[]ContainerImage{ContainerImage{Names:[slzcc/kubernetes@sha256:d938e2364017b78329200a38b8317db806fe305cf5e26c975a0298e23324fb77 slzcc/kubernetes:v1.22.1.0],SizeBytes:2296544903,},ContainerImage{Names:[quay.io/cilium/cilium:v1.10.1],SizeBytes:409321746,},ContainerImage{Names:[sonobuoy/systemd-logs@sha256:fadad24a66ddd544987c38811108a73d1a306dd3b5e3f090b207786f2825ffde sonobuoy/systemd-logs:v0.3],SizeBytes:297365055,},ContainerImage{Names:[k8s.gcr.io/etcd@sha256:9ce33ba33d8e738a5b85ed50b5080ac746deceed4a7496c550927a7a19ca3b6d k8s.gcr.io/etcd:3.5.0-0],SizeBytes:294536887,},ContainerImage{Names:[k8s.gcr.io/etcd@sha256:4ad90a11b55313b182afc186b9876c8e891531b8db4c9bf1541953021618d0e2 k8s.gcr.io/etcd:3.4.13-0],SizeBytes:253392289,},ContainerImage{Names:[k8s.gcr.io/e2e-test-images/jessie-dnsutils@sha256:702a992280fb7c3303e84a5801acbb4c9c7fcf48cffe0e9c8be3f0c60f74cf89 k8s.gcr.io/e2e-test-images/jessie-dnsutils:1.4],SizeBytes:253371792,},ContainerImage{Names:[k8s.gcr.io/etcd:3.4.9],SizeBytes:253347452,},ContainerImage{Names:[k8s.gcr.io/conformance@sha256:e22b40e1e6db0b3fcb9fd565100de0af2c525217769378a20ac4cef47f1502ce k8s.gcr.io/conformance:v1.22.1],SizeBytes:247962555,},ContainerImage{Names:[calico/node:v3.20.0],SizeBytes:169862919,},ContainerImage{Names:[calico/cni:v3.20.0],SizeBytes:146006429,},ContainerImage{Names:[k8s.gcr.io/kube-apiserver:v1.22.1],SizeBytes:128446877,},ContainerImage{Names:[k8s.gcr.io/e2e-test-images/httpd@sha256:716d2f68314c5c4ddd5ecdb45183fcb4ed8019015982c1321571f863989b70b0 k8s.gcr.io/e2e-test-images/httpd:2.4.39-1],SizeBytes:126894770,},ContainerImage{Names:[k8s.gcr.io/e2e-test-images/agnhost@sha256:758db666ac7028534dba72e7e9bb1e57bb81b8196f976f7a5cc351ef8b3529e1 k8s.gcr.io/e2e-test-images/agnhost:2.32],SizeBytes:125930239,},ContainerImage{Names:[k8s.gcr.io/e2e-test-images/httpd@sha256:b913fa234cc3473cfe16e937d106b455a7609f927f59031c81aca791e2689b50 k8s.gcr.io/e2e-test-images/httpd:2.4.38-1],SizeBytes:123781643,},ContainerImage{Names:[k8s.gcr.io/kube-controller-manager:v1.22.1],SizeBytes:121979567,},ContainerImage{Names:[k8s.gcr.io/e2e-test-images/nautilus@sha256:1f36a24cfb5e0c3f725d7565a867c2384282fcbeccc77b07b423c9da95763a9a k8s.gcr.io/e2e-test-images/nautilus:1.4],SizeBytes:121748345,},ContainerImage{Names:[k8s.gcr.io/kube-proxy:v1.22.1],SizeBytes:103645121,},ContainerImage{Names:[haproxy:2.4.2],SizeBytes:95448973,},ContainerImage{Names:[calico/kube-controllers:v3.20.0],SizeBytes:63156065,},ContainerImage{Names:[k8s.gcr.io/e2e-test-images/sample-apiserver@sha256:e7fddbaac4c3451da2365ab90bad149d32f11409738034e41e0f460927f7c276 k8s.gcr.io/e2e-test-images/sample-apiserver:1.17.4],SizeBytes:58172101,},ContainerImage{Names:[quay.io/cilium/operator-generic:v1.10.1],SizeBytes:56290965,},ContainerImage{Names:[k8s.gcr.io/kube-scheduler:v1.22.1],SizeBytes:52658888,},ContainerImage{Names:[coredns/coredns@sha256:6e5a02c21641597998b4be7cb5eb1e7b02c0d8d23cce4dd09f4682d463798890 k8s.gcr.io/coredns/coredns@sha256:6e5a02c21641597998b4be7cb5eb1e7b02c0d8d23cce4dd09f4682d463798890 coredns/coredns:1.8.4 k8s.gcr.io/coredns/coredns:v1.8.4],SizeBytes:47554275,},ContainerImage{Names:[coredns/coredns:1.8.3],SizeBytes:43499235,},ContainerImage{Names:[sonobuoy/sonobuoy@sha256:d393e2c862fffd0823409594f3ab8bc2524b359d9e6313ae3f9edb5d3dfa56e1 sonobuoy/sonobuoy:v0.53.2],SizeBytes:37400989,},ContainerImage{Names:[calico/pod2daemon-flexvol@sha256:c17e3e9871682bed00bfd33f8d6f00db1d1a126034a25bf5380355978e0c548d calico/pod2daemon-flexvol:v3.20.0],SizeBytes:21666928,},ContainerImage{Names:[k8s.gcr.io/e2e-test-images/nginx@sha256:503b7abb89e57383eba61cc8a9cb0b495ea575c516108f7d972a6ff6e1ab3c9b k8s.gcr.io/e2e-test-images/nginx:1.14-1],SizeBytes:16032814,},ContainerImage{Names:[slzcc/keepalived:1.2.24.1],SizeBytes:15933789,},ContainerImage{Names:[quay.io/cilium/startup-script:62bfbe88c17778aad7bef9fa57ff9e2d4a9ba0d8],SizeBytes:11739254,},ContainerImage{Names:[k8s.gcr.io/e2e-test-images/nonewprivs@sha256:8ac1264691820febacf3aea5d152cbde6d10685731ec14966a9401c6f47a68ac k8s.gcr.io/e2e-test-images/nonewprivs:1.3],SizeBytes:7107254,},ContainerImage{Names:[k8s.gcr.io/e2e-test-images/busybox@sha256:39e1e963e5310e9c313bad51523be012ede7b35bb9316517d19089a010356592 k8s.gcr.io/e2e-test-images/busybox:1.29-1],SizeBytes:1154361,},ContainerImage{Names:[k8s.gcr.io/pause@sha256:1ff6c18fbef2045af6b9c16bf034cc421a29027b800e4f9b68ae9b1cb3e9ae07 k8s.gcr.io/pause:3.5],SizeBytes:682696,},ContainerImage{Names:[k8s.gcr.io/pause:3.2],SizeBytes:682696,},},VolumesInUse:[],VolumesAttached:[]AttachedVolume{},Config:nil,},}&#xA;Aug 27 11:20:05.788: INFO: &#xA;Logging kubelet events for node instance-1&#xA;Aug 27 11:20:05.808: INFO: &#xA;Logging pods the kubelet thinks is on node instance-1&#xA;Aug 27 11:20:05.842: INFO: sonobuoy-e2e-job-8f4800e0b3a54e3c started at 2021-08-27 09:45:48 +0000 UTC (0+2 container statuses recorded)&#xA;Aug 27 11:20:05.842: INFO: &#x9;Container e2e ready: true, restart count 0&#xA;Aug 27 11:20:05.842: INFO: &#x9;Container sonobuoy-worker ready: true, restart count 0&#xA;Aug 27 11:20:05.842: INFO: kube-controller-manager-instance-1 started at 2021-08-27 09:44:20 +0000 UTC (0+1 container statuses recorded)&#xA;Aug 27 11:20:05.842: INFO: &#x9;Container kube-controller-manager ready: true, restart count 1&#xA;Aug 27 11:20:05.842: INFO: calico-node-jtcrr started at 2021-08-27 09:44:35 +0000 UTC (3+1 container statuses recorded)&#xA;Aug 27 11:20:05.842: INFO: &#x9;Init container upgrade-ipam ready: true, restart count 0&#xA;Aug 27 11:20:05.842: INFO: &#x9;Init container install-cni ready: true, restart count 0&#xA;Aug 27 11:20:05.842: INFO: &#x9;Init container flexvol-driver ready: true, restart count 0&#xA;Aug 27 11:20:05.842: INFO: &#x9;Container calico-node ready: true, restart count 0&#xA;Aug 27 11:20:05.842: INFO: kube-apiserver-instance-1 started at 2021-08-27 09:44:20 +0000 UTC (0+1 container statuses recorded)&#xA;Aug 27 11:20:05.842: INFO: &#x9;Container kube-apiserver ready: true, restart count 1&#xA;Aug 27 11:20:05.842: INFO: sonobuoy started at 2021-08-27 09:45:47 +0000 UTC (0+1 container statuses recorded)&#xA;Aug 27 11:20:05.842: INFO: &#x9;Container kube-sonobuoy ready: true, restart count 0&#xA;Aug 27 11:20:05.842: INFO: sonobuoy-systemd-logs-daemon-set-0a76f2e7c4ae491c-6jjs8 started at 2021-08-27 09:45:48 +0000 UTC (0+2 container statuses recorded)&#xA;Aug 27 11:20:05.842: INFO: &#x9;Container sonobuoy-worker ready: true, restart count 0&#xA;Aug 27 11:20:05.842: INFO: &#x9;Container systemd-logs ready: true, restart count 0&#xA;Aug 27 11:20:05.842: INFO: coredns-5449fcdd7-hxflz started at 2021-08-27 10:36:29 +0000 UTC (0+1 container statuses recorded)&#xA;Aug 27 11:20:05.842: INFO: &#x9;Container coredns ready: true, restart count 0&#xA;Aug 27 11:20:05.842: INFO: etcd-instance-1 started at 2021-08-27 09:44:20 +0000 UTC (0+1 container statuses recorded)&#xA;Aug 27 11:20:05.842: INFO: &#x9;Container etcd ready: true, restart count 7&#xA;Aug 27 11:20:05.842: INFO: haproxy-instance-1 started at 2021-08-27 09:44:20 +0000 UTC (0+1 container statuses recorded)&#xA;Aug 27 11:20:05.842: INFO: &#x9;Container haproxy ready: true, restart count 7&#xA;Aug 27 11:20:05.842: INFO: kube-scheduler-instance-1 started at 2021-08-27 09:44:20 +0000 UTC (0+1 container statuses recorded)&#xA;Aug 27 11:20:05.842: INFO: &#x9;Container kube-scheduler ready: true, restart count 1&#xA;Aug 27 11:20:05.842: INFO: kube-proxy-45vxz started at 2021-08-27 09:44:35 +0000 UTC (0+1 container statuses recorded)&#xA;Aug 27 11:20:05.842: INFO: &#x9;Container kube-proxy ready: true, restart count 0&#xA;Aug 27 11:20:05.842: INFO: calico-kube-controllers-866f579489-x4bbh started at 2021-08-27 10:36:29 +0000 UTC (0+1 container statuses recorded)&#xA;Aug 27 11:20:05.842: INFO: &#x9;Container calico-kube-controllers ready: true, restart count 0&#xA;Aug 27 11:20:05.842: INFO: coredns-5449fcdd7-9wk7q started at 2021-08-27 10:36:29 +0000 UTC (0+1 container statuses recorded)&#xA;Aug 27 11:20:05.842: INFO: &#x9;Container coredns ready: true, restart count 0&#xA;Aug 27 11:20:05.991: INFO: &#xA;Latency metrics for node instance-1&#xA;Aug 27 11:20:05.994: INFO: Waiting up to 3m0s for all (but 0) nodes to be ready&#xA;STEP: Destroying namespace &#34;services-988&#34; for this suite.&#xA;[AfterEach] [sig-network] Services&#xA;  /workspace/src/k8s.io/kubernetes/_output/dockerized/go/src/k8s.io/kubernetes/test/e2e/network/service.go:753&#xA;</system-out>
      </testcase>
      <testcase name="[sig-storage] In-tree Volumes [Driver: aws] [Testpattern: Dynamic PV (xfs)][Slow] multiVolume [Slow] should concurrently access the volume and restored snapshot from pods on the same node [LinuxOnly][Feature:VolumeSnapshotDataSource][Feature:VolumeSourceXFS]" classname="Kubernetes e2e suite" time="0">
          <skipped></skipped>
      </testcase>
      <testcase name="[sig-storage] In-tree Volumes [Driver: iscsi][Feature:Volumes] [Testpattern: Dynamic PV (block volmode)] multiVolume [Slow] should concurrently access the single read-only volume from pods on the same node" classname="Kubernetes e2e suite" time="0">
          <skipped></skipped>
      </testcase>
      <testcase name="[sig-storage] In-tree Volumes [Driver: gcepd] [Testpattern: Dynamic PV (ext4)] multiVolume [Slow] should concurrently access the single volume from pods on the same node" classname="Kubernetes e2e suite" time="0">
          <skipped></skipped>
      </testcase>
      <testcase name="[sig-storage] In-tree Volumes [Driver: local][LocalVolumeType: tmpfs] [Testpattern: Dynamic PV (ntfs)][Feature:Windows] subPath should support restarting containers using file as subpath [Slow][LinuxOnly]" classname="Kubernetes e2e suite" time="0">
          <skipped></skipped>
      </testcase>
      <testcase name="[sig-storage] In-tree Volumes [Driver: emptydir] [Testpattern: Dynamic PV (ext4)] volumes should store data" classname="Kubernetes e2e suite" time="0">
          <skipped></skipped>
      </testcase>
      <testcase name="[sig-network] Networking should recreate its iptables rules if they are deleted [Disruptive]" classname="Kubernetes e2e suite" time="0">
          <skipped></skipped>
      </testcase>
      <testcase name="[sig-storage] CSI Volumes [Driver: pd.csi.storage.gke.io][Serial] [Testpattern: Dynamic PV (default fs)] fsgroupchangepolicy (Always)[LinuxOnly], pod created with an initial fsgroup, volume contents ownership changed in first pod, new pod with different fsgroup applied to the volume contents" classname="Kubernetes e2e suite" time="0">
          <skipped></skipped>
      </testcase>
      <testcase name="[sig-storage] CSI Volumes [Driver: csi-hostpath] [Testpattern: Dynamic PV (default fs)] subPath should support file as subpath [LinuxOnly]" classname="Kubernetes e2e suite" time="0">
          <skipped></skipped>
      </testcase>
      <testcase name="[sig-storage] In-tree Volumes [Driver: ceph][Feature:Volumes][Serial] [Testpattern: Dynamic PV (ntfs)][Feature:Windows] provisioning should provision storage with pvc data source in parallel [Slow]" classname="Kubernetes e2e suite" time="0">
          <skipped></skipped>
      </testcase>
      <testcase name="[sig-storage] CSI Volumes [Driver: csi-hostpath] [Testpattern: CSI Ephemeral-volume (default fs)] ephemeral should support two pods which share the same volume" classname="Kubernetes e2e suite" time="0">
          <skipped></skipped>
      </testcase>
      <testcase name="[sig-storage] CSI Volumes [Driver: csi-hostpath] [Testpattern: Inline-volume (xfs)][Slow] volumes should allow exec of files on the volume" classname="Kubernetes e2e suite" time="0">
          <skipped></skipped>
      </testcase>
      <testcase name="[sig-storage] In-tree Volumes [Driver: local][LocalVolumeType: blockfs] [Testpattern: Dynamic PV (filesystem volmode)] volumeMode should fail to use a volume in a pod with mismatched mode [Slow]" classname="Kubernetes e2e suite" time="0">
          <skipped></skipped>
      </testcase>
      <testcase name="[sig-storage] In-tree Volumes [Driver: windows-gcepd] [Testpattern: Dynamic PV (default fs)(allowExpansion)] volume-expand should resize volume when PVC is edited while pod is using it" classname="Kubernetes e2e suite" time="0">
          <skipped></skipped>
      </testcase>
      <testcase name="[sig-storage] CSI Volumes [Driver: pd.csi.storage.gke.io][Serial] [Testpattern: Dynamic PV (ext3)] volumes should store data" classname="Kubernetes e2e suite" time="0">
          <skipped></skipped>
      </testcase>
      <testcase name="[sig-storage] CSI Volumes [Driver: pd.csi.storage.gke.io][Serial] [Testpattern: Dynamic PV (default fs)] subPath should support readOnly file specified in the volumeMount [LinuxOnly]" classname="Kubernetes e2e suite" time="0">
          <skipped></skipped>
      </testcase>
      <testcase name="[sig-storage] CSI Volumes [Driver: pd.csi.storage.gke.io][Serial] [Testpattern: Pre-provisioned PV (default fs)] volumes should allow exec of files on the volume" classname="Kubernetes e2e suite" time="0">
          <skipped></skipped>
      </testcase>
      <testcase name="[sig-storage] In-tree Volumes [Driver: gluster] [Testpattern: Pre-provisioned PV (filesystem volmode)] multiVolume [Slow] should access to two volumes with the same volume mode and retain data across pod recreation on the same node" classname="Kubernetes e2e suite" time="0">
          <skipped></skipped>
      </testcase>
      <testcase name="[sig-network] DNS should provide DNS for pods for Hostname [LinuxOnly] [Conformance]" classname="Kubernetes e2e suite" time="604.535355758">
          <failure type="Failure">/workspace/src/k8s.io/kubernetes/_output/dockerized/go/src/k8s.io/kubernetes/test/e2e/framework/framework.go:630&#xA;Aug 27 11:30:10.350: Unexpected error:&#xA;    &lt;*errors.errorString | 0xc0002c6240&gt;: {&#xA;        s: &#34;timed out waiting for the condition&#34;,&#xA;    }&#xA;    timed out waiting for the condition&#xA;occurred&#xA;/workspace/src/k8s.io/kubernetes/_output/dockerized/go/src/k8s.io/kubernetes/test/e2e/network/dns_common.go:463</failure>
          <system-out>[BeforeEach] [sig-network] DNS&#xA;  /workspace/src/k8s.io/kubernetes/_output/dockerized/go/src/k8s.io/kubernetes/test/e2e/framework/framework.go:185&#xA;STEP: Creating a kubernetes client&#xA;Aug 27 11:20:06.057: INFO: &gt;&gt;&gt; kubeConfig: /tmp/kubeconfig-655963504&#xA;STEP: Building a namespace api object, basename dns&#xA;STEP: Waiting for a default service account to be provisioned in namespace&#xA;[It] should provide DNS for pods for Hostname [LinuxOnly] [Conformance]&#xA;  /workspace/src/k8s.io/kubernetes/_output/dockerized/go/src/k8s.io/kubernetes/test/e2e/framework/framework.go:630&#xA;STEP: Creating a test headless service&#xA;STEP: Running these commands on wheezy: for i in `seq 1 600`; do test -n &#34;$$(getent hosts dns-querier-2.dns-test-service-2.dns-615.svc.cluster.local)&#34; &amp;&amp; echo OK &gt; /results/wheezy_hosts@dns-querier-2.dns-test-service-2.dns-615.svc.cluster.local;test -n &#34;$$(getent hosts dns-querier-2)&#34; &amp;&amp; echo OK &gt; /results/wheezy_hosts@dns-querier-2;podARec=$$(hostname -i| awk -F. &#39;{print $$1&#34;-&#34;$$2&#34;-&#34;$$3&#34;-&#34;$$4&#34;.dns-615.pod.cluster.local&#34;}&#39;);check=&#34;$$(dig +notcp +noall +answer +search $${podARec} A)&#34; &amp;&amp; test -n &#34;$$check&#34; &amp;&amp; echo OK &gt; /results/wheezy_udp@PodARecord;check=&#34;$$(dig +tcp +noall +answer +search $${podARec} A)&#34; &amp;&amp; test -n &#34;$$check&#34; &amp;&amp; echo OK &gt; /results/wheezy_tcp@PodARecord;sleep 1; done&#xA;&#xA;STEP: Running these commands on jessie: for i in `seq 1 600`; do test -n &#34;$$(getent hosts dns-querier-2.dns-test-service-2.dns-615.svc.cluster.local)&#34; &amp;&amp; echo OK &gt; /results/jessie_hosts@dns-querier-2.dns-test-service-2.dns-615.svc.cluster.local;test -n &#34;$$(getent hosts dns-querier-2)&#34; &amp;&amp; echo OK &gt; /results/jessie_hosts@dns-querier-2;podARec=$$(hostname -i| awk -F. &#39;{print $$1&#34;-&#34;$$2&#34;-&#34;$$3&#34;-&#34;$$4&#34;.dns-615.pod.cluster.local&#34;}&#39;);check=&#34;$$(dig +notcp +noall +answer +search $${podARec} A)&#34; &amp;&amp; test -n &#34;$$check&#34; &amp;&amp; echo OK &gt; /results/jessie_udp@PodARecord;check=&#34;$$(dig +tcp +noall +answer +search $${podARec} A)&#34; &amp;&amp; test -n &#34;$$check&#34; &amp;&amp; echo OK &gt; /results/jessie_tcp@PodARecord;sleep 1; done&#xA;&#xA;STEP: creating a pod to probe DNS&#xA;STEP: submitting the pod to kubernetes&#xA;STEP: retrieving the pod&#xA;STEP: looking for the results for each expected name from probers&#xA;Aug 27 11:20:10.263: INFO: Unable to read wheezy_udp@PodARecord from pod dns-615/dns-test-d8c63a8f-9ca7-4b9c-b947-d04fba3910ba: the server could not find the requested resource (get pods dns-test-d8c63a8f-9ca7-4b9c-b947-d04fba3910ba)&#xA;Aug 27 11:20:10.268: INFO: Unable to read wheezy_tcp@PodARecord from pod dns-615/dns-test-d8c63a8f-9ca7-4b9c-b947-d04fba3910ba: the server could not find the requested resource (get pods dns-test-d8c63a8f-9ca7-4b9c-b947-d04fba3910ba)&#xA;Aug 27 11:20:10.273: INFO: Unable to read jessie_hosts@dns-querier-2.dns-test-service-2.dns-615.svc.cluster.local from pod dns-615/dns-test-d8c63a8f-9ca7-4b9c-b947-d04fba3910ba: the server could not find the requested resource (get pods dns-test-d8c63a8f-9ca7-4b9c-b947-d04fba3910ba)&#xA;Aug 27 11:20:10.281: INFO: Unable to read jessie_hosts@dns-querier-2 from pod dns-615/dns-test-d8c63a8f-9ca7-4b9c-b947-d04fba3910ba: the server could not find the requested resource (get pods dns-test-d8c63a8f-9ca7-4b9c-b947-d04fba3910ba)&#xA;Aug 27 11:20:10.287: INFO: Unable to read jessie_udp@PodARecord from pod dns-615/dns-test-d8c63a8f-9ca7-4b9c-b947-d04fba3910ba: the server could not find the requested resource (get pods dns-test-d8c63a8f-9ca7-4b9c-b947-d04fba3910ba)&#xA;Aug 27 11:20:10.295: INFO: Unable to read jessie_tcp@PodARecord from pod dns-615/dns-test-d8c63a8f-9ca7-4b9c-b947-d04fba3910ba: the server could not find the requested resource (get pods dns-test-d8c63a8f-9ca7-4b9c-b947-d04fba3910ba)&#xA;Aug 27 11:20:10.295: INFO: Lookups using dns-615/dns-test-d8c63a8f-9ca7-4b9c-b947-d04fba3910ba failed for: [wheezy_udp@PodARecord wheezy_tcp@PodARecord jessie_hosts@dns-querier-2.dns-test-service-2.dns-615.svc.cluster.local jessie_hosts@dns-querier-2 jessie_udp@PodARecord jessie_tcp@PodARecord]&#xA;&#xA;Aug 27 11:20:15.320: INFO: Unable to read wheezy_udp@PodARecord from pod dns-615/dns-test-d8c63a8f-9ca7-4b9c-b947-d04fba3910ba: the server could not find the requested resource (get pods dns-test-d8c63a8f-9ca7-4b9c-b947-d04fba3910ba)&#xA;Aug 27 11:20:15.325: INFO: Unable to read wheezy_tcp@PodARecord from pod dns-615/dns-test-d8c63a8f-9ca7-4b9c-b947-d04fba3910ba: the server could not find the requested resource (get pods dns-test-d8c63a8f-9ca7-4b9c-b947-d04fba3910ba)&#xA;Aug 27 11:20:15.350: INFO: Unable to read jessie_udp@PodARecord from pod dns-615/dns-test-d8c63a8f-9ca7-4b9c-b947-d04fba3910ba: the server could not find the requested resource (get pods dns-test-d8c63a8f-9ca7-4b9c-b947-d04fba3910ba)&#xA;Aug 27 11:20:15.354: INFO: Unable to read jessie_tcp@PodARecord from pod dns-615/dns-test-d8c63a8f-9ca7-4b9c-b947-d04fba3910ba: the server could not find the requested resource (get pods dns-test-d8c63a8f-9ca7-4b9c-b947-d04fba3910ba)&#xA;Aug 27 11:20:15.354: INFO: Lookups using dns-615/dns-test-d8c63a8f-9ca7-4b9c-b947-d04fba3910ba failed for: [wheezy_udp@PodARecord wheezy_tcp@PodARecord jessie_udp@PodARecord jessie_tcp@PodARecord]&#xA;&#xA;Aug 27 11:20:20.305: INFO: Unable to read wheezy_udp@PodARecord from pod dns-615/dns-test-d8c63a8f-9ca7-4b9c-b947-d04fba3910ba: the server could not find the requested resource (get pods dns-test-d8c63a8f-9ca7-4b9c-b947-d04fba3910ba)&#xA;Aug 27 11:20:20.310: INFO: Unable to read wheezy_tcp@PodARecord from pod dns-615/dns-test-d8c63a8f-9ca7-4b9c-b947-d04fba3910ba: the server could not find the requested resource (get pods dns-test-d8c63a8f-9ca7-4b9c-b947-d04fba3910ba)&#xA;Aug 27 11:20:20.320: INFO: Unable to read jessie_udp@PodARecord from pod dns-615/dns-test-d8c63a8f-9ca7-4b9c-b947-d04fba3910ba: the server could not find the requested resource (get pods dns-test-d8c63a8f-9ca7-4b9c-b947-d04fba3910ba)&#xA;Aug 27 11:20:20.325: INFO: Unable to read jessie_tcp@PodARecord from pod dns-615/dns-test-d8c63a8f-9ca7-4b9c-b947-d04fba3910ba: the server could not find the requested resource (get pods dns-test-d8c63a8f-9ca7-4b9c-b947-d04fba3910ba)&#xA;Aug 27 11:20:20.326: INFO: Lookups using dns-615/dns-test-d8c63a8f-9ca7-4b9c-b947-d04fba3910ba failed for: [wheezy_udp@PodARecord wheezy_tcp@PodARecord jessie_udp@PodARecord jessie_tcp@PodARecord]&#xA;&#xA;Aug 27 11:20:25.307: INFO: Unable to read wheezy_udp@PodARecord from pod dns-615/dns-test-d8c63a8f-9ca7-4b9c-b947-d04fba3910ba: the server could not find the requested resource (get pods dns-test-d8c63a8f-9ca7-4b9c-b947-d04fba3910ba)&#xA;Aug 27 11:20:25.311: INFO: Unable to read wheezy_tcp@PodARecord from pod dns-615/dns-test-d8c63a8f-9ca7-4b9c-b947-d04fba3910ba: the server could not find the requested resource (get pods dns-test-d8c63a8f-9ca7-4b9c-b947-d04fba3910ba)&#xA;Aug 27 11:20:25.326: INFO: Unable to read jessie_udp@PodARecord from pod dns-615/dns-test-d8c63a8f-9ca7-4b9c-b947-d04fba3910ba: the server could not find the requested resource (get pods dns-test-d8c63a8f-9ca7-4b9c-b947-d04fba3910ba)&#xA;Aug 27 11:20:25.333: INFO: Unable to read jessie_tcp@PodARecord from pod dns-615/dns-test-d8c63a8f-9ca7-4b9c-b947-d04fba3910ba: the server could not find the requested resource (get pods dns-test-d8c63a8f-9ca7-4b9c-b947-d04fba3910ba)&#xA;Aug 27 11:20:25.334: INFO: Lookups using dns-615/dns-test-d8c63a8f-9ca7-4b9c-b947-d04fba3910ba failed for: [wheezy_udp@PodARecord wheezy_tcp@PodARecord jessie_udp@PodARecord jessie_tcp@PodARecord]&#xA;&#xA;Aug 27 11:20:30.306: INFO: Unable to read wheezy_udp@PodARecord from pod dns-615/dns-test-d8c63a8f-9ca7-4b9c-b947-d04fba3910ba: the server could not find the requested resource (get pods dns-test-d8c63a8f-9ca7-4b9c-b947-d04fba3910ba)&#xA;Aug 27 11:20:30.310: INFO: Unable to read wheezy_tcp@PodARecord from pod dns-615/dns-test-d8c63a8f-9ca7-4b9c-b947-d04fba3910ba: the server could not find the requested resource (get pods dns-test-d8c63a8f-9ca7-4b9c-b947-d04fba3910ba)&#xA;Aug 27 11:20:30.321: INFO: Unable to read jessie_udp@PodARecord from pod dns-615/dns-test-d8c63a8f-9ca7-4b9c-b947-d04fba3910ba: the server could not find the requested resource (get pods dns-test-d8c63a8f-9ca7-4b9c-b947-d04fba3910ba)&#xA;Aug 27 11:20:30.324: INFO: Unable to read jessie_tcp@PodARecord from pod dns-615/dns-test-d8c63a8f-9ca7-4b9c-b947-d04fba3910ba: the server could not find the requested resource (get pods dns-test-d8c63a8f-9ca7-4b9c-b947-d04fba3910ba)&#xA;Aug 27 11:20:30.324: INFO: Lookups using dns-615/dns-test-d8c63a8f-9ca7-4b9c-b947-d04fba3910ba failed for: [wheezy_udp@PodARecord wheezy_tcp@PodARecord jessie_udp@PodARecord jessie_tcp@PodARecord]&#xA;&#xA;Aug 27 11:20:35.315: INFO: Unable to read wheezy_udp@PodARecord from pod dns-615/dns-test-d8c63a8f-9ca7-4b9c-b947-d04fba3910ba: the server could not find the requested resource (get pods dns-test-d8c63a8f-9ca7-4b9c-b947-d04fba3910ba)&#xA;Aug 27 11:20:35.320: INFO: Unable to read wheezy_tcp@PodARecord from pod dns-615/dns-test-d8c63a8f-9ca7-4b9c-b947-d04fba3910ba: the server could not find the requested resource (get pods dns-test-d8c63a8f-9ca7-4b9c-b947-d04fba3910ba)&#xA;Aug 27 11:20:35.339: INFO: Unable to read jessie_udp@PodARecord from pod dns-615/dns-test-d8c63a8f-9ca7-4b9c-b947-d04fba3910ba: the server could not find the requested resource (get pods dns-test-d8c63a8f-9ca7-4b9c-b947-d04fba3910ba)&#xA;Aug 27 11:20:35.344: INFO: Unable to read jessie_tcp@PodARecord from pod dns-615/dns-test-d8c63a8f-9ca7-4b9c-b947-d04fba3910ba: the server could not find the requested resource (get pods dns-test-d8c63a8f-9ca7-4b9c-b947-d04fba3910ba)&#xA;Aug 27 11:20:35.344: INFO: Lookups using dns-615/dns-test-d8c63a8f-9ca7-4b9c-b947-d04fba3910ba failed for: [wheezy_udp@PodARecord wheezy_tcp@PodARecord jessie_udp@PodARecord jessie_tcp@PodARecord]&#xA;&#xA;Aug 27 11:20:40.311: INFO: Unable to read wheezy_udp@PodARecord from pod dns-615/dns-test-d8c63a8f-9ca7-4b9c-b947-d04fba3910ba: the server could not find the requested resource (get pods dns-test-d8c63a8f-9ca7-4b9c-b947-d04fba3910ba)&#xA;Aug 27 11:20:40.316: INFO: Unable to read wheezy_tcp@PodARecord from pod dns-615/dns-test-d8c63a8f-9ca7-4b9c-b947-d04fba3910ba: the server could not find the requested resource (get pods dns-test-d8c63a8f-9ca7-4b9c-b947-d04fba3910ba)&#xA;Aug 27 11:20:40.335: INFO: Unable to read jessie_udp@PodARecord from pod dns-615/dns-test-d8c63a8f-9ca7-4b9c-b947-d04fba3910ba: the server could not find the requested resource (get pods dns-test-d8c63a8f-9ca7-4b9c-b947-d04fba3910ba)&#xA;Aug 27 11:20:40.340: INFO: Unable to read jessie_tcp@PodARecord from pod dns-615/dns-test-d8c63a8f-9ca7-4b9c-b947-d04fba3910ba: the server could not find the requested resource (get pods dns-test-d8c63a8f-9ca7-4b9c-b947-d04fba3910ba)&#xA;Aug 27 11:20:40.340: INFO: Lookups using dns-615/dns-test-d8c63a8f-9ca7-4b9c-b947-d04fba3910ba failed for: [wheezy_udp@PodARecord wheezy_tcp@PodARecord jessie_udp@PodARecord jessie_tcp@PodARecord]&#xA;&#xA;Aug 27 11:20:45.308: INFO: Unable to read wheezy_udp@PodARecord from pod dns-615/dns-test-d8c63a8f-9ca7-4b9c-b947-d04fba3910ba: the server could not find the requested resource (get pods dns-test-d8c63a8f-9ca7-4b9c-b947-d04fba3910ba)&#xA;Aug 27 11:20:45.312: INFO: Unable to read wheezy_tcp@PodARecord from pod dns-615/dns-test-d8c63a8f-9ca7-4b9c-b947-d04fba3910ba: the server could not find the requested resource (get pods dns-test-d8c63a8f-9ca7-4b9c-b947-d04fba3910ba)&#xA;Aug 27 11:20:45.324: INFO: Unable to read jessie_udp@PodARecord from pod dns-615/dns-test-d8c63a8f-9ca7-4b9c-b947-d04fba3910ba: the server could not find the requested resource (get pods dns-test-d8c63a8f-9ca7-4b9c-b947-d04fba3910ba)&#xA;Aug 27 11:20:45.327: INFO: Unable to read jessie_tcp@PodARecord from pod dns-615/dns-test-d8c63a8f-9ca7-4b9c-b947-d04fba3910ba: the server could not find the requested resource (get pods dns-test-d8c63a8f-9ca7-4b9c-b947-d04fba3910ba)&#xA;Aug 27 11:20:45.327: INFO: Lookups using dns-615/dns-test-d8c63a8f-9ca7-4b9c-b947-d04fba3910ba failed for: [wheezy_udp@PodARecord wheezy_tcp@PodARecord jessie_udp@PodARecord jessie_tcp@PodARecord]&#xA;&#xA;Aug 27 11:20:50.309: INFO: Unable to read wheezy_udp@PodARecord from pod dns-615/dns-test-d8c63a8f-9ca7-4b9c-b947-d04fba3910ba: the server could not find the requested resource (get pods dns-test-d8c63a8f-9ca7-4b9c-b947-d04fba3910ba)&#xA;Aug 27 11:20:50.319: INFO: Unable to read wheezy_tcp@PodARecord from pod dns-615/dns-test-d8c63a8f-9ca7-4b9c-b947-d04fba3910ba: the server could not find the requested resource (get pods dns-test-d8c63a8f-9ca7-4b9c-b947-d04fba3910ba)&#xA;Aug 27 11:20:50.333: INFO: Unable to read jessie_udp@PodARecord from pod dns-615/dns-test-d8c63a8f-9ca7-4b9c-b947-d04fba3910ba: the server could not find the requested resource (get pods dns-test-d8c63a8f-9ca7-4b9c-b947-d04fba3910ba)&#xA;Aug 27 11:20:50.337: INFO: Unable to read jessie_tcp@PodARecord from pod dns-615/dns-test-d8c63a8f-9ca7-4b9c-b947-d04fba3910ba: the server could not find the requested resource (get pods dns-test-d8c63a8f-9ca7-4b9c-b947-d04fba3910ba)&#xA;Aug 27 11:20:50.337: INFO: Lookups using dns-615/dns-test-d8c63a8f-9ca7-4b9c-b947-d04fba3910ba failed for: [wheezy_udp@PodARecord wheezy_tcp@PodARecord jessie_udp@PodARecord jessie_tcp@PodARecord]&#xA;&#xA;Aug 27 11:20:55.311: INFO: Unable to read wheezy_udp@PodARecord from pod dns-615/dns-test-d8c63a8f-9ca7-4b9c-b947-d04fba3910ba: the server could not find the requested resource (get pods dns-test-d8c63a8f-9ca7-4b9c-b947-d04fba3910ba)&#xA;Aug 27 11:20:55.314: INFO: Unable to read wheezy_tcp@PodARecord from pod dns-615/dns-test-d8c63a8f-9ca7-4b9c-b947-d04fba3910ba: the server could not find the requested resource (get pods dns-test-d8c63a8f-9ca7-4b9c-b947-d04fba3910ba)&#xA;Aug 27 11:20:55.323: INFO: Unable to read jessie_udp@PodARecord from pod dns-615/dns-test-d8c63a8f-9ca7-4b9c-b947-d04fba3910ba: the server could not find the requested resource (get pods dns-test-d8c63a8f-9ca7-4b9c-b947-d04fba3910ba)&#xA;Aug 27 11:20:55.326: INFO: Unable to read jessie_tcp@PodARecord from pod dns-615/dns-test-d8c63a8f-9ca7-4b9c-b947-d04fba3910ba: the server could not find the requested resource (get pods dns-test-d8c63a8f-9ca7-4b9c-b947-d04fba3910ba)&#xA;Aug 27 11:20:55.326: INFO: Lookups using dns-615/dns-test-d8c63a8f-9ca7-4b9c-b947-d04fba3910ba failed for: [wheezy_udp@PodARecord wheezy_tcp@PodARecord jessie_udp@PodARecord jessie_tcp@PodARecord]&#xA;&#xA;Aug 27 11:21:00.308: INFO: Unable to read wheezy_udp@PodARecord from pod dns-615/dns-test-d8c63a8f-9ca7-4b9c-b947-d04fba3910ba: the server could not find the requested resource (get pods dns-test-d8c63a8f-9ca7-4b9c-b947-d04fba3910ba)&#xA;Aug 27 11:21:00.311: INFO: Unable to read wheezy_tcp@PodARecord from pod dns-615/dns-test-d8c63a8f-9ca7-4b9c-b947-d04fba3910ba: the server could not find the requested resource (get pods dns-test-d8c63a8f-9ca7-4b9c-b947-d04fba3910ba)&#xA;Aug 27 11:21:00.327: INFO: Unable to read jessie_udp@PodARecord from pod dns-615/dns-test-d8c63a8f-9ca7-4b9c-b947-d04fba3910ba: the server could not find the requested resource (get pods dns-test-d8c63a8f-9ca7-4b9c-b947-d04fba3910ba)&#xA;Aug 27 11:21:00.331: INFO: Unable to read jessie_tcp@PodARecord from pod dns-615/dns-test-d8c63a8f-9ca7-4b9c-b947-d04fba3910ba: the server could not find the requested resource (get pods dns-test-d8c63a8f-9ca7-4b9c-b947-d04fba3910ba)&#xA;Aug 27 11:21:00.331: INFO: Lookups using dns-615/dns-test-d8c63a8f-9ca7-4b9c-b947-d04fba3910ba failed for: [wheezy_udp@PodARecord wheezy_tcp@PodARecord jessie_udp@PodARecord jessie_tcp@PodARecord]&#xA;&#xA;Aug 27 11:21:05.309: INFO: Unable to read wheezy_udp@PodARecord from pod dns-615/dns-test-d8c63a8f-9ca7-4b9c-b947-d04fba3910ba: the server could not find the requested resource (get pods dns-test-d8c63a8f-9ca7-4b9c-b947-d04fba3910ba)&#xA;Aug 27 11:21:05.313: INFO: Unable to read wheezy_tcp@PodARecord from pod dns-615/dns-test-d8c63a8f-9ca7-4b9c-b947-d04fba3910ba: the server could not find the requested resource (get pods dns-test-d8c63a8f-9ca7-4b9c-b947-d04fba3910ba)&#xA;Aug 27 11:21:05.327: INFO: Unable to read jessie_udp@PodARecord from pod dns-615/dns-test-d8c63a8f-9ca7-4b9c-b947-d04fba3910ba: the server could not find the requested resource (get pods dns-test-d8c63a8f-9ca7-4b9c-b947-d04fba3910ba)&#xA;Aug 27 11:21:05.337: INFO: Unable to read jessie_tcp@PodARecord from pod dns-615/dns-test-d8c63a8f-9ca7-4b9c-b947-d04fba3910ba: the server could not find the requested resource (get pods dns-test-d8c63a8f-9ca7-4b9c-b947-d04fba3910ba)&#xA;Aug 27 11:21:05.337: INFO: Lookups using dns-615/dns-test-d8c63a8f-9ca7-4b9c-b947-d04fba3910ba failed for: [wheezy_udp@PodARecord wheezy_tcp@PodARecord jessie_udp@PodARecord jessie_tcp@PodARecord]&#xA;&#xA;Aug 27 11:21:10.306: INFO: Unable to read wheezy_udp@PodARecord from pod dns-615/dns-test-d8c63a8f-9ca7-4b9c-b947-d04fba3910ba: the server could not find the requested resource (get pods dns-test-d8c63a8f-9ca7-4b9c-b947-d04fba3910ba)&#xA;Aug 27 11:21:10.309: INFO: Unable to read wheezy_tcp@PodARecord from pod dns-615/dns-test-d8c63a8f-9ca7-4b9c-b947-d04fba3910ba: the server could not find the requested resource (get pods dns-test-d8c63a8f-9ca7-4b9c-b947-d04fba3910ba)&#xA;Aug 27 11:21:10.320: INFO: Unable to read jessie_udp@PodARecord from pod dns-615/dns-test-d8c63a8f-9ca7-4b9c-b947-d04fba3910ba: the server could not find the requested resource (get pods dns-test-d8c63a8f-9ca7-4b9c-b947-d04fba3910ba)&#xA;Aug 27 11:21:10.323: INFO: Unable to read jessie_tcp@PodARecord from pod dns-615/dns-test-d8c63a8f-9ca7-4b9c-b947-d04fba3910ba: the server could not find the requested resource (get pods dns-test-d8c63a8f-9ca7-4b9c-b947-d04fba3910ba)&#xA;Aug 27 11:21:10.323: INFO: Lookups using dns-615/dns-test-d8c63a8f-9ca7-4b9c-b947-d04fba3910ba failed for: [wheezy_udp@PodARecord wheezy_tcp@PodARecord jessie_udp@PodARecord jessie_tcp@PodARecord]&#xA;&#xA;Aug 27 11:21:15.313: INFO: Unable to read wheezy_udp@PodARecord from pod dns-615/dns-test-d8c63a8f-9ca7-4b9c-b947-d04fba3910ba: the server could not find the requested resource (get pods dns-test-d8c63a8f-9ca7-4b9c-b947-d04fba3910ba)&#xA;Aug 27 11:21:15.323: INFO: Unable to read wheezy_tcp@PodARecord from pod dns-615/dns-test-d8c63a8f-9ca7-4b9c-b947-d04fba3910ba: the server could not find the requested resource (get pods dns-test-d8c63a8f-9ca7-4b9c-b947-d04fba3910ba)&#xA;Aug 27 11:21:15.336: INFO: Unable to read jessie_udp@PodARecord from pod dns-615/dns-test-d8c63a8f-9ca7-4b9c-b947-d04fba3910ba: the server could not find the requested resource (get pods dns-test-d8c63a8f-9ca7-4b9c-b947-d04fba3910ba)&#xA;Aug 27 11:21:15.345: INFO: Unable to read jessie_tcp@PodARecord from pod dns-615/dns-test-d8c63a8f-9ca7-4b9c-b947-d04fba3910ba: the server could not find the requested resource (get pods dns-test-d8c63a8f-9ca7-4b9c-b947-d04fba3910ba)&#xA;Aug 27 11:21:15.345: INFO: Lookups using dns-615/dns-test-d8c63a8f-9ca7-4b9c-b947-d04fba3910ba failed for: [wheezy_udp@PodARecord wheezy_tcp@PodARecord jessie_udp@PodARecord jessie_tcp@PodARecord]&#xA;&#xA;Aug 27 11:21:20.338: INFO: Unable to read wheezy_udp@PodARecord from pod dns-615/dns-test-d8c63a8f-9ca7-4b9c-b947-d04fba3910ba: the server could not find the requested resource (get pods dns-test-d8c63a8f-9ca7-4b9c-b947-d04fba3910ba)&#xA;Aug 27 11:21:20.342: INFO: Unable to read wheezy_tcp@PodARecord from pod dns-615/dns-test-d8c63a8f-9ca7-4b9c-b947-d04fba3910ba: the server could not find the requested resource (get pods dns-test-d8c63a8f-9ca7-4b9c-b947-d04fba3910ba)&#xA;Aug 27 11:21:20.359: INFO: Unable to read jessie_udp@PodARecord from pod dns-615/dns-test-d8c63a8f-9ca7-4b9c-b947-d04fba3910ba: the server could not find the requested resource (get pods dns-test-d8c63a8f-9ca7-4b9c-b947-d04fba3910ba)&#xA;Aug 27 11:21:20.365: INFO: Unable to read jessie_tcp@PodARecord from pod dns-615/dns-test-d8c63a8f-9ca7-4b9c-b947-d04fba3910ba: the server could not find the requested resource (get pods dns-test-d8c63a8f-9ca7-4b9c-b947-d04fba3910ba)&#xA;Aug 27 11:21:20.365: INFO: Lookups using dns-615/dns-test-d8c63a8f-9ca7-4b9c-b947-d04fba3910ba failed for: [wheezy_udp@PodARecord wheezy_tcp@PodARecord jessie_udp@PodARecord jessie_tcp@PodARecord]&#xA;&#xA;Aug 27 11:21:25.311: INFO: Unable to read wheezy_udp@PodARecord from pod dns-615/dns-test-d8c63a8f-9ca7-4b9c-b947-d04fba3910ba: the server could not find the requested resource (get pods dns-test-d8c63a8f-9ca7-4b9c-b947-d04fba3910ba)&#xA;Aug 27 11:21:25.318: INFO: Unable to read wheezy_tcp@PodARecord from pod dns-615/dns-test-d8c63a8f-9ca7-4b9c-b947-d04fba3910ba: the server could not find the requested resource (get pods dns-test-d8c63a8f-9ca7-4b9c-b947-d04fba3910ba)&#xA;Aug 27 11:21:25.339: INFO: Unable to read jessie_udp@PodARecord from pod dns-615/dns-test-d8c63a8f-9ca7-4b9c-b947-d04fba3910ba: the server could not find the requested resource (get pods dns-test-d8c63a8f-9ca7-4b9c-b947-d04fba3910ba)&#xA;Aug 27 11:21:25.343: INFO: Unable to read jessie_tcp@PodARecord from pod dns-615/dns-test-d8c63a8f-9ca7-4b9c-b947-d04fba3910ba: the server could not find the requested resource (get pods dns-test-d8c63a8f-9ca7-4b9c-b947-d04fba3910ba)&#xA;Aug 27 11:21:25.344: INFO: Lookups using dns-615/dns-test-d8c63a8f-9ca7-4b9c-b947-d04fba3910ba failed for: [wheezy_udp@PodARecord wheezy_tcp@PodARecord jessie_udp@PodARecord jessie_tcp@PodARecord]&#xA;&#xA;Aug 27 11:21:30.309: INFO: Unable to read wheezy_udp@PodARecord from pod dns-615/dns-test-d8c63a8f-9ca7-4b9c-b947-d04fba3910ba: the server could not find the requested resource (get pods dns-test-d8c63a8f-9ca7-4b9c-b947-d04fba3910ba)&#xA;Aug 27 11:21:30.332: INFO: Unable to read wheezy_tcp@PodARecord from pod dns-615/dns-test-d8c63a8f-9ca7-4b9c-b947-d04fba3910ba: the server could not find the requested resource (get pods dns-test-d8c63a8f-9ca7-4b9c-b947-d04fba3910ba)&#xA;Aug 27 11:21:30.346: INFO: Unable to read jessie_udp@PodARecord from pod dns-615/dns-test-d8c63a8f-9ca7-4b9c-b947-d04fba3910ba: the server could not find the requested resource (get pods dns-test-d8c63a8f-9ca7-4b9c-b947-d04fba3910ba)&#xA;Aug 27 11:21:30.351: INFO: Unable to read jessie_tcp@PodARecord from pod dns-615/dns-test-d8c63a8f-9ca7-4b9c-b947-d04fba3910ba: the server could not find the requested resource (get pods dns-test-d8c63a8f-9ca7-4b9c-b947-d04fba3910ba)&#xA;Aug 27 11:21:30.351: INFO: Lookups using dns-615/dns-test-d8c63a8f-9ca7-4b9c-b947-d04fba3910ba failed for: [wheezy_udp@PodARecord wheezy_tcp@PodARecord jessie_udp@PodARecord jessie_tcp@PodARecord]&#xA;&#xA;Aug 27 11:21:35.309: INFO: Unable to read wheezy_udp@PodARecord from pod dns-615/dns-test-d8c63a8f-9ca7-4b9c-b947-d04fba3910ba: the server could not find the requested resource (get pods dns-test-d8c63a8f-9ca7-4b9c-b947-d04fba3910ba)&#xA;Aug 27 11:21:35.312: INFO: Unable to read wheezy_tcp@PodARecord from pod dns-615/dns-test-d8c63a8f-9ca7-4b9c-b947-d04fba3910ba: the server could not find the requested resource (get pods dns-test-d8c63a8f-9ca7-4b9c-b947-d04fba3910ba)&#xA;Aug 27 11:21:35.324: INFO: Unable to read jessie_udp@PodARecord from pod dns-615/dns-test-d8c63a8f-9ca7-4b9c-b947-d04fba3910ba: the server could not find the requested resource (get pods dns-test-d8c63a8f-9ca7-4b9c-b947-d04fba3910ba)&#xA;Aug 27 11:21:35.330: INFO: Unable to read jessie_tcp@PodARecord from pod dns-615/dns-test-d8c63a8f-9ca7-4b9c-b947-d04fba3910ba: the server could not find the requested resource (get pods dns-test-d8c63a8f-9ca7-4b9c-b947-d04fba3910ba)&#xA;Aug 27 11:21:35.330: INFO: Lookups using dns-615/dns-test-d8c63a8f-9ca7-4b9c-b947-d04fba3910ba failed for: [wheezy_udp@PodARecord wheezy_tcp@PodARecord jessie_udp@PodARecord jessie_tcp@PodARecord]&#xA;&#xA;Aug 27 11:21:40.308: INFO: Unable to read wheezy_udp@PodARecord from pod dns-615/dns-test-d8c63a8f-9ca7-4b9c-b947-d04fba3910ba: the server could not find the requested resource (get pods dns-test-d8c63a8f-9ca7-4b9c-b947-d04fba3910ba)&#xA;Aug 27 11:21:40.312: INFO: Unable to read wheezy_tcp@PodARecord from pod dns-615/dns-test-d8c63a8f-9ca7-4b9c-b947-d04fba3910ba: the server could not find the requested resource (get pods dns-test-d8c63a8f-9ca7-4b9c-b947-d04fba3910ba)&#xA;Aug 27 11:21:40.322: INFO: Unable to read jessie_udp@PodARecord from pod dns-615/dns-test-d8c63a8f-9ca7-4b9c-b947-d04fba3910ba: the server could not find the requested resource (get pods dns-test-d8c63a8f-9ca7-4b9c-b947-d04fba3910ba)&#xA;Aug 27 11:21:40.326: INFO: Unable to read jessie_tcp@PodARecord from pod dns-615/dns-test-d8c63a8f-9ca7-4b9c-b947-d04fba3910ba: the server could not find the requested resource (get pods dns-test-d8c63a8f-9ca7-4b9c-b947-d04fba3910ba)&#xA;Aug 27 11:21:40.326: INFO: Lookups using dns-615/dns-test-d8c63a8f-9ca7-4b9c-b947-d04fba3910ba failed for: [wheezy_udp@PodARecord wheezy_tcp@PodARecord jessie_udp@PodARecord jessie_tcp@PodARecord]&#xA;&#xA;Aug 27 11:21:45.313: INFO: Unable to read wheezy_udp@PodARecord from pod dns-615/dns-test-d8c63a8f-9ca7-4b9c-b947-d04fba3910ba: the server could not find the requested resource (get pods dns-test-d8c63a8f-9ca7-4b9c-b947-d04fba3910ba)&#xA;Aug 27 11:21:45.317: INFO: Unable to read wheezy_tcp@PodARecord from pod dns-615/dns-test-d8c63a8f-9ca7-4b9c-b947-d04fba3910ba: the server could not find the requested resource (get pods dns-test-d8c63a8f-9ca7-4b9c-b947-d04fba3910ba)&#xA;Aug 27 11:21:45.339: INFO: Unable to read jessie_udp@PodARecord from pod dns-615/dns-test-d8c63a8f-9ca7-4b9c-b947-d04fba3910ba: the server could not find the requested resource (get pods dns-test-d8c63a8f-9ca7-4b9c-b947-d04fba3910ba)&#xA;Aug 27 11:21:45.348: INFO: Unable to read jessie_tcp@PodARecord from pod dns-615/dns-test-d8c63a8f-9ca7-4b9c-b947-d04fba3910ba: the server could not find the requested resource (get pods dns-test-d8c63a8f-9ca7-4b9c-b947-d04fba3910ba)&#xA;Aug 27 11:21:45.348: INFO: Lookups using dns-615/dns-test-d8c63a8f-9ca7-4b9c-b947-d04fba3910ba failed for: [wheezy_udp@PodARecord wheezy_tcp@PodARecord jessie_udp@PodARecord jessie_tcp@PodARecord]&#xA;&#xA;Aug 27 11:21:50.308: INFO: Unable to read wheezy_udp@PodARecord from pod dns-615/dns-test-d8c63a8f-9ca7-4b9c-b947-d04fba3910ba: the server could not find the requested resource (get pods dns-test-d8c63a8f-9ca7-4b9c-b947-d04fba3910ba)&#xA;Aug 27 11:21:50.312: INFO: Unable to read wheezy_tcp@PodARecord from pod dns-615/dns-test-d8c63a8f-9ca7-4b9c-b947-d04fba3910ba: the server could not find the requested resource (get pods dns-test-d8c63a8f-9ca7-4b9c-b947-d04fba3910ba)&#xA;Aug 27 11:21:50.323: INFO: Unable to read jessie_udp@PodARecord from pod dns-615/dns-test-d8c63a8f-9ca7-4b9c-b947-d04fba3910ba: the server could not find the requested resource (get pods dns-test-d8c63a8f-9ca7-4b9c-b947-d04fba3910ba)&#xA;Aug 27 11:21:50.326: INFO: Unable to read jessie_tcp@PodARecord from pod dns-615/dns-test-d8c63a8f-9ca7-4b9c-b947-d04fba3910ba: the server could not find the requested resource (get pods dns-test-d8c63a8f-9ca7-4b9c-b947-d04fba3910ba)&#xA;Aug 27 11:21:50.326: INFO: Lookups using dns-615/dns-test-d8c63a8f-9ca7-4b9c-b947-d04fba3910ba failed for: [wheezy_udp@PodARecord wheezy_tcp@PodARecord jessie_udp@PodARecord jessie_tcp@PodARecord]&#xA;&#xA;Aug 27 11:21:55.324: INFO: Unable to read wheezy_udp@PodARecord from pod dns-615/dns-test-d8c63a8f-9ca7-4b9c-b947-d04fba3910ba: the server could not find the requested resource (get pods dns-test-d8c63a8f-9ca7-4b9c-b947-d04fba3910ba)&#xA;Aug 27 11:21:55.328: INFO: Unable to read wheezy_tcp@PodARecord from pod dns-615/dns-test-d8c63a8f-9ca7-4b9c-b947-d04fba3910ba: the server could not find the requested resource (get pods dns-test-d8c63a8f-9ca7-4b9c-b947-d04fba3910ba)&#xA;Aug 27 11:21:55.338: INFO: Unable to read jessie_udp@PodARecord from pod dns-615/dns-test-d8c63a8f-9ca7-4b9c-b947-d04fba3910ba: the server could not find the requested resource (get pods dns-test-d8c63a8f-9ca7-4b9c-b947-d04fba3910ba)&#xA;Aug 27 11:21:55.347: INFO: Unable to read jessie_tcp@PodARecord from pod dns-615/dns-test-d8c63a8f-9ca7-4b9c-b947-d04fba3910ba: the server could not find the requested resource (get pods dns-test-d8c63a8f-9ca7-4b9c-b947-d04fba3910ba)&#xA;Aug 27 11:21:55.347: INFO: Lookups using dns-615/dns-test-d8c63a8f-9ca7-4b9c-b947-d04fba3910ba failed for: [wheezy_udp@PodARecord wheezy_tcp@PodARecord jessie_udp@PodARecord jessie_tcp@PodARecord]&#xA;&#xA;Aug 27 11:22:00.310: INFO: Unable to read wheezy_udp@PodARecord from pod dns-615/dns-test-d8c63a8f-9ca7-4b9c-b947-d04fba3910ba: the server could not find the requested resource (get pods dns-test-d8c63a8f-9ca7-4b9c-b947-d04fba3910ba)&#xA;Aug 27 11:22:00.313: INFO: Unable to read wheezy_tcp@PodARecord from pod dns-615/dns-test-d8c63a8f-9ca7-4b9c-b947-d04fba3910ba: the server could not find the requested resource (get pods dns-test-d8c63a8f-9ca7-4b9c-b947-d04fba3910ba)&#xA;Aug 27 11:22:00.331: INFO: Unable to read jessie_udp@PodARecord from pod dns-615/dns-test-d8c63a8f-9ca7-4b9c-b947-d04fba3910ba: the server could not find the requested resource (get pods dns-test-d8c63a8f-9ca7-4b9c-b947-d04fba3910ba)&#xA;Aug 27 11:22:00.336: INFO: Unable to read jessie_tcp@PodARecord from pod dns-615/dns-test-d8c63a8f-9ca7-4b9c-b947-d04fba3910ba: the server could not find the requested resource (get pods dns-test-d8c63a8f-9ca7-4b9c-b947-d04fba3910ba)&#xA;Aug 27 11:22:00.336: INFO: Lookups using dns-615/dns-test-d8c63a8f-9ca7-4b9c-b947-d04fba3910ba failed for: [wheezy_udp@PodARecord wheezy_tcp@PodARecord jessie_udp@PodARecord jessie_tcp@PodARecord]&#xA;&#xA;Aug 27 11:22:05.336: INFO: Unable to read wheezy_udp@PodARecord from pod dns-615/dns-test-d8c63a8f-9ca7-4b9c-b947-d04fba3910ba: the server could not find the requested resource (get pods dns-test-d8c63a8f-9ca7-4b9c-b947-d04fba3910ba)&#xA;Aug 27 11:22:05.346: INFO: Unable to read wheezy_tcp@PodARecord from pod dns-615/dns-test-d8c63a8f-9ca7-4b9c-b947-d04fba3910ba: the server could not find the requested resource (get pods dns-test-d8c63a8f-9ca7-4b9c-b947-d04fba3910ba)&#xA;Aug 27 11:22:05.362: INFO: Unable to read jessie_udp@PodARecord from pod dns-615/dns-test-d8c63a8f-9ca7-4b9c-b947-d04fba3910ba: the server could not find the requested resource (get pods dns-test-d8c63a8f-9ca7-4b9c-b947-d04fba3910ba)&#xA;Aug 27 11:22:05.366: INFO: Unable to read jessie_tcp@PodARecord from pod dns-615/dns-test-d8c63a8f-9ca7-4b9c-b947-d04fba3910ba: the server could not find the requested resource (get pods dns-test-d8c63a8f-9ca7-4b9c-b947-d04fba3910ba)&#xA;Aug 27 11:22:05.366: INFO: Lookups using dns-615/dns-test-d8c63a8f-9ca7-4b9c-b947-d04fba3910ba failed for: [wheezy_udp@PodARecord wheezy_tcp@PodARecord jessie_udp@PodARecord jessie_tcp@PodARecord]&#xA;&#xA;Aug 27 11:22:10.311: INFO: Unable to read wheezy_udp@PodARecord from pod dns-615/dns-test-d8c63a8f-9ca7-4b9c-b947-d04fba3910ba: the server could not find the requested resource (get pods dns-test-d8c63a8f-9ca7-4b9c-b947-d04fba3910ba)&#xA;Aug 27 11:22:10.315: INFO: Unable to read wheezy_tcp@PodARecord from pod dns-615/dns-test-d8c63a8f-9ca7-4b9c-b947-d04fba3910ba: the server could not find the requested resource (get pods dns-test-d8c63a8f-9ca7-4b9c-b947-d04fba3910ba)&#xA;Aug 27 11:22:10.333: INFO: Unable to read jessie_udp@PodARecord from pod dns-615/dns-test-d8c63a8f-9ca7-4b9c-b947-d04fba3910ba: the server could not find the requested resource (get pods dns-test-d8c63a8f-9ca7-4b9c-b947-d04fba3910ba)&#xA;Aug 27 11:22:10.337: INFO: Unable to read jessie_tcp@PodARecord from pod dns-615/dns-test-d8c63a8f-9ca7-4b9c-b947-d04fba3910ba: the server could not find the requested resource (get pods dns-test-d8c63a8f-9ca7-4b9c-b947-d04fba3910ba)&#xA;Aug 27 11:22:10.337: INFO: Lookups using dns-615/dns-test-d8c63a8f-9ca7-4b9c-b947-d04fba3910ba failed for: [wheezy_udp@PodARecord wheezy_tcp@PodARecord jessie_udp@PodARecord jessie_tcp@PodARecord]&#xA;&#xA;Aug 27 11:22:15.318: INFO: Unable to read wheezy_udp@PodARecord from pod dns-615/dns-test-d8c63a8f-9ca7-4b9c-b947-d04fba3910ba: the server could not find the requested resource (get pods dns-test-d8c63a8f-9ca7-4b9c-b947-d04fba3910ba)&#xA;Aug 27 11:22:15.324: INFO: Unable to read wheezy_tcp@PodARecord from pod dns-615/dns-test-d8c63a8f-9ca7-4b9c-b947-d04fba3910ba: the server could not find the requested resource (get pods dns-test-d8c63a8f-9ca7-4b9c-b947-d04fba3910ba)&#xA;Aug 27 11:22:15.337: INFO: Unable to read jessie_udp@PodARecord from pod dns-615/dns-test-d8c63a8f-9ca7-4b9c-b947-d04fba3910ba: the server could not find the requested resource (get pods dns-test-d8c63a8f-9ca7-4b9c-b947-d04fba3910ba)&#xA;Aug 27 11:22:15.341: INFO: Unable to read jessie_tcp@PodARecord from pod dns-615/dns-test-d8c63a8f-9ca7-4b9c-b947-d04fba3910ba: the server could not find the requested resource (get pods dns-test-d8c63a8f-9ca7-4b9c-b947-d04fba3910ba)&#xA;Aug 27 11:22:15.341: INFO: Lookups using dns-615/dns-test-d8c63a8f-9ca7-4b9c-b947-d04fba3910ba failed for: [wheezy_udp@PodARecord wheezy_tcp@PodARecord jessie_udp@PodARecord jessie_tcp@PodARecord]&#xA;&#xA;Aug 27 11:22:20.334: INFO: Unable to read wheezy_udp@PodARecord from pod dns-615/dns-test-d8c63a8f-9ca7-4b9c-b947-d04fba3910ba: the server could not find the requested resource (get pods dns-test-d8c63a8f-9ca7-4b9c-b947-d04fba3910ba)&#xA;Aug 27 11:22:20.340: INFO: Unable to read wheezy_tcp@PodARecord from pod dns-615/dns-test-d8c63a8f-9ca7-4b9c-b947-d04fba3910ba: the server could not find the requested resource (get pods dns-test-d8c63a8f-9ca7-4b9c-b947-d04fba3910ba)&#xA;Aug 27 11:22:20.367: INFO: Unable to read jessie_udp@PodARecord from pod dns-615/dns-test-d8c63a8f-9ca7-4b9c-b947-d04fba3910ba: the server could not find the requested resource (get pods dns-test-d8c63a8f-9ca7-4b9c-b947-d04fba3910ba)&#xA;Aug 27 11:22:20.389: INFO: Unable to read jessie_tcp@PodARecord from pod dns-615/dns-test-d8c63a8f-9ca7-4b9c-b947-d04fba3910ba: the server could not find the requested resource (get pods dns-test-d8c63a8f-9ca7-4b9c-b947-d04fba3910ba)&#xA;Aug 27 11:22:20.389: INFO: Lookups using dns-615/dns-test-d8c63a8f-9ca7-4b9c-b947-d04fba3910ba failed for: [wheezy_udp@PodARecord wheezy_tcp@PodARecord jessie_udp@PodARecord jessie_tcp@PodARecord]&#xA;&#xA;Aug 27 11:22:25.309: INFO: Unable to read wheezy_udp@PodARecord from pod dns-615/dns-test-d8c63a8f-9ca7-4b9c-b947-d04fba3910ba: the server could not find the requested resource (get pods dns-test-d8c63a8f-9ca7-4b9c-b947-d04fba3910ba)&#xA;Aug 27 11:22:25.311: INFO: Unable to read wheezy_tcp@PodARecord from pod dns-615/dns-test-d8c63a8f-9ca7-4b9c-b947-d04fba3910ba: the server could not find the requested resource (get pods dns-test-d8c63a8f-9ca7-4b9c-b947-d04fba3910ba)&#xA;Aug 27 11:22:25.321: INFO: Unable to read jessie_udp@PodARecord from pod dns-615/dns-test-d8c63a8f-9ca7-4b9c-b947-d04fba3910ba: the server could not find the requested resource (get pods dns-test-d8c63a8f-9ca7-4b9c-b947-d04fba3910ba)&#xA;Aug 27 11:22:25.325: INFO: Unable to read jessie_tcp@PodARecord from pod dns-615/dns-test-d8c63a8f-9ca7-4b9c-b947-d04fba3910ba: the server could not find the requested resource (get pods dns-test-d8c63a8f-9ca7-4b9c-b947-d04fba3910ba)&#xA;Aug 27 11:22:25.325: INFO: Lookups using dns-615/dns-test-d8c63a8f-9ca7-4b9c-b947-d04fba3910ba failed for: [wheezy_udp@PodARecord wheezy_tcp@PodARecord jessie_udp@PodARecord jessie_tcp@PodARecord]&#xA;&#xA;Aug 27 11:22:30.307: INFO: Unable to read wheezy_udp@PodARecord from pod dns-615/dns-test-d8c63a8f-9ca7-4b9c-b947-d04fba3910ba: the server could not find the requested resource (get pods dns-test-d8c63a8f-9ca7-4b9c-b947-d04fba3910ba)&#xA;Aug 27 11:22:30.310: INFO: Unable to read wheezy_tcp@PodARecord from pod dns-615/dns-test-d8c63a8f-9ca7-4b9c-b947-d04fba3910ba: the server could not find the requested resource (get pods dns-test-d8c63a8f-9ca7-4b9c-b947-d04fba3910ba)&#xA;Aug 27 11:22:30.320: INFO: Unable to read jessie_udp@PodARecord from pod dns-615/dns-test-d8c63a8f-9ca7-4b9c-b947-d04fba3910ba: the server could not find the requested resource (get pods dns-test-d8c63a8f-9ca7-4b9c-b947-d04fba3910ba)&#xA;Aug 27 11:22:30.323: INFO: Unable to read jessie_tcp@PodARecord from pod dns-615/dns-test-d8c63a8f-9ca7-4b9c-b947-d04fba3910ba: the server could not find the requested resource (get pods dns-test-d8c63a8f-9ca7-4b9c-b947-d04fba3910ba)&#xA;Aug 27 11:22:30.323: INFO: Lookups using dns-615/dns-test-d8c63a8f-9ca7-4b9c-b947-d04fba3910ba failed for: [wheezy_udp@PodARecord wheezy_tcp@PodARecord jessie_udp@PodARecord jessie_tcp@PodARecord]&#xA;&#xA;Aug 27 11:22:35.306: INFO: Unable to read wheezy_udp@PodARecord from pod dns-615/dns-test-d8c63a8f-9ca7-4b9c-b947-d04fba3910ba: the server could not find the requested resource (get pods dns-test-d8c63a8f-9ca7-4b9c-b947-d04fba3910ba)&#xA;Aug 27 11:22:35.310: INFO: Unable to read wheezy_tcp@PodARecord from pod dns-615/dns-test-d8c63a8f-9ca7-4b9c-b947-d04fba3910ba: the server could not find the requested resource (get pods dns-test-d8c63a8f-9ca7-4b9c-b947-d04fba3910ba)&#xA;Aug 27 11:22:35.323: INFO: Unable to read jessie_udp@PodARecord from pod dns-615/dns-test-d8c63a8f-9ca7-4b9c-b947-d04fba3910ba: the server could not find the requested resource (get pods dns-test-d8c63a8f-9ca7-4b9c-b947-d04fba3910ba)&#xA;Aug 27 11:22:35.328: INFO: Unable to read jessie_tcp@PodARecord from pod dns-615/dns-test-d8c63a8f-9ca7-4b9c-b947-d04fba3910ba: the server could not find the requested resource (get pods dns-test-d8c63a8f-9ca7-4b9c-b947-d04fba3910ba)&#xA;Aug 27 11:22:35.329: INFO: Lookups using dns-615/dns-test-d8c63a8f-9ca7-4b9c-b947-d04fba3910ba failed for: [wheezy_udp@PodARecord wheezy_tcp@PodARecord jessie_udp@PodARecord jessie_tcp@PodARecord]&#xA;&#xA;Aug 27 11:22:40.316: INFO: Unable to read wheezy_udp@PodARecord from pod dns-615/dns-test-d8c63a8f-9ca7-4b9c-b947-d04fba3910ba: the server could not find the requested resource (get pods dns-test-d8c63a8f-9ca7-4b9c-b947-d04fba3910ba)&#xA;Aug 27 11:22:40.334: INFO: Unable to read wheezy_tcp@PodARecord from pod dns-615/dns-test-d8c63a8f-9ca7-4b9c-b947-d04fba3910ba: the server could not find the requested resource (get pods dns-test-d8c63a8f-9ca7-4b9c-b947-d04fba3910ba)&#xA;Aug 27 11:22:40.347: INFO: Unable to read jessie_udp@PodARecord from pod dns-615/dns-test-d8c63a8f-9ca7-4b9c-b947-d04fba3910ba: the server could not find the requested resource (get pods dns-test-d8c63a8f-9ca7-4b9c-b947-d04fba3910ba)&#xA;Aug 27 11:22:40.350: INFO: Unable to read jessie_tcp@PodARecord from pod dns-615/dns-test-d8c63a8f-9ca7-4b9c-b947-d04fba3910ba: the server could not find the requested resource (get pods dns-test-d8c63a8f-9ca7-4b9c-b947-d04fba3910ba)&#xA;Aug 27 11:22:40.350: INFO: Lookups using dns-615/dns-test-d8c63a8f-9ca7-4b9c-b947-d04fba3910ba failed for: [wheezy_udp@PodARecord wheezy_tcp@PodARecord jessie_udp@PodARecord jessie_tcp@PodARecord]&#xA;&#xA;Aug 27 11:22:45.358: INFO: Unable to read wheezy_udp@PodARecord from pod dns-615/dns-test-d8c63a8f-9ca7-4b9c-b947-d04fba3910ba: the server could not find the requested resource (get pods dns-test-d8c63a8f-9ca7-4b9c-b947-d04fba3910ba)&#xA;Aug 27 11:22:45.364: INFO: Unable to read wheezy_tcp@PodARecord from pod dns-615/dns-test-d8c63a8f-9ca7-4b9c-b947-d04fba3910ba: the server could not find the requested resource (get pods dns-test-d8c63a8f-9ca7-4b9c-b947-d04fba3910ba)&#xA;Aug 27 11:22:45.376: INFO: Unable to read jessie_udp@PodARecord from pod dns-615/dns-test-d8c63a8f-9ca7-4b9c-b947-d04fba3910ba: the server could not find the requested resource (get pods dns-test-d8c63a8f-9ca7-4b9c-b947-d04fba3910ba)&#xA;Aug 27 11:22:45.383: INFO: Unable to read jessie_tcp@PodARecord from pod dns-615/dns-test-d8c63a8f-9ca7-4b9c-b947-d04fba3910ba: the server could not find the requested resource (get pods dns-test-d8c63a8f-9ca7-4b9c-b947-d04fba3910ba)&#xA;Aug 27 11:22:45.383: INFO: Lookups using dns-615/dns-test-d8c63a8f-9ca7-4b9c-b947-d04fba3910ba failed for: [wheezy_udp@PodARecord wheezy_tcp@PodARecord jessie_udp@PodARecord jessie_tcp@PodARecord]&#xA;&#xA;Aug 27 11:22:50.323: INFO: Unable to read wheezy_udp@PodARecord from pod dns-615/dns-test-d8c63a8f-9ca7-4b9c-b947-d04fba3910ba: the server could not find the requested resource (get pods dns-test-d8c63a8f-9ca7-4b9c-b947-d04fba3910ba)&#xA;Aug 27 11:22:50.335: INFO: Unable to read wheezy_tcp@PodARecord from pod dns-615/dns-test-d8c63a8f-9ca7-4b9c-b947-d04fba3910ba: the server could not find the requested resource (get pods dns-test-d8c63a8f-9ca7-4b9c-b947-d04fba3910ba)&#xA;Aug 27 11:22:50.356: INFO: Unable to read jessie_udp@PodARecord from pod dns-615/dns-test-d8c63a8f-9ca7-4b9c-b947-d04fba3910ba: the server could not find the requested resource (get pods dns-test-d8c63a8f-9ca7-4b9c-b947-d04fba3910ba)&#xA;Aug 27 11:22:50.360: INFO: Unable to read jessie_tcp@PodARecord from pod dns-615/dns-test-d8c63a8f-9ca7-4b9c-b947-d04fba3910ba: the server could not find the requested resource (get pods dns-test-d8c63a8f-9ca7-4b9c-b947-d04fba3910ba)&#xA;Aug 27 11:22:50.361: INFO: Lookups using dns-615/dns-test-d8c63a8f-9ca7-4b9c-b947-d04fba3910ba failed for: [wheezy_udp@PodARecord wheezy_tcp@PodARecord jessie_udp@PodARecord jessie_tcp@PodARecord]&#xA;&#xA;Aug 27 11:22:55.318: INFO: Unable to read wheezy_udp@PodARecord from pod dns-615/dns-test-d8c63a8f-9ca7-4b9c-b947-d04fba3910ba: the server could not find the requested resource (get pods dns-test-d8c63a8f-9ca7-4b9c-b947-d04fba3910ba)&#xA;Aug 27 11:22:55.348: INFO: Unable to read wheezy_tcp@PodARecord from pod dns-615/dns-test-d8c63a8f-9ca7-4b9c-b947-d04fba3910ba: the server could not find the requested resource (get pods dns-test-d8c63a8f-9ca7-4b9c-b947-d04fba3910ba)&#xA;Aug 27 11:22:55.395: INFO: Unable to read jessie_udp@PodARecord from pod dns-615/dns-test-d8c63a8f-9ca7-4b9c-b947-d04fba3910ba: the server could not find the requested resource (get pods dns-test-d8c63a8f-9ca7-4b9c-b947-d04fba3910ba)&#xA;Aug 27 11:22:55.400: INFO: Unable to read jessie_tcp@PodARecord from pod dns-615/dns-test-d8c63a8f-9ca7-4b9c-b947-d04fba3910ba: the server could not find the requested resource (get pods dns-test-d8c63a8f-9ca7-4b9c-b947-d04fba3910ba)&#xA;Aug 27 11:22:55.406: INFO: Lookups using dns-615/dns-test-d8c63a8f-9ca7-4b9c-b947-d04fba3910ba failed for: [wheezy_udp@PodARecord wheezy_tcp@PodARecord jessie_udp@PodARecord jessie_tcp@PodARecord]&#xA;&#xA;Aug 27 11:23:00.316: INFO: Unable to read wheezy_udp@PodARecord from pod dns-615/dns-test-d8c63a8f-9ca7-4b9c-b947-d04fba3910ba: the server could not find the requested resource (get pods dns-test-d8c63a8f-9ca7-4b9c-b947-d04fba3910ba)&#xA;Aug 27 11:23:00.319: INFO: Unable to read wheezy_tcp@PodARecord from pod dns-615/dns-test-d8c63a8f-9ca7-4b9c-b947-d04fba3910ba: the server could not find the requested resource (get pods dns-test-d8c63a8f-9ca7-4b9c-b947-d04fba3910ba)&#xA;Aug 27 11:23:00.332: INFO: Unable to read jessie_udp@PodARecord from pod dns-615/dns-test-d8c63a8f-9ca7-4b9c-b947-d04fba3910ba: the server could not find the requested resource (get pods dns-test-d8c63a8f-9ca7-4b9c-b947-d04fba3910ba)&#xA;Aug 27 11:23:00.335: INFO: Unable to read jessie_tcp@PodARecord from pod dns-615/dns-test-d8c63a8f-9ca7-4b9c-b947-d04fba3910ba: the server could not find the requested resource (get pods dns-test-d8c63a8f-9ca7-4b9c-b947-d04fba3910ba)&#xA;Aug 27 11:23:00.336: INFO: Lookups using dns-615/dns-test-d8c63a8f-9ca7-4b9c-b947-d04fba3910ba failed for: [wheezy_udp@PodARecord wheezy_tcp@PodARecord jessie_udp@PodARecord jessie_tcp@PodARecord]&#xA;&#xA;Aug 27 11:23:05.310: INFO: Unable to read wheezy_udp@PodARecord from pod dns-615/dns-test-d8c63a8f-9ca7-4b9c-b947-d04fba3910ba: the server could not find the requested resource (get pods dns-test-d8c63a8f-9ca7-4b9c-b947-d04fba3910ba)&#xA;Aug 27 11:23:05.315: INFO: Unable to read wheezy_tcp@PodARecord from pod dns-615/dns-test-d8c63a8f-9ca7-4b9c-b947-d04fba3910ba: the server could not find the requested resource (get pods dns-test-d8c63a8f-9ca7-4b9c-b947-d04fba3910ba)&#xA;Aug 27 11:23:05.331: INFO: Unable to read jessie_udp@PodARecord from pod dns-615/dns-test-d8c63a8f-9ca7-4b9c-b947-d04fba3910ba: the server could not find the requested resource (get pods dns-test-d8c63a8f-9ca7-4b9c-b947-d04fba3910ba)&#xA;Aug 27 11:23:05.335: INFO: Unable to read jessie_tcp@PodARecord from pod dns-615/dns-test-d8c63a8f-9ca7-4b9c-b947-d04fba3910ba: the server could not find the requested resource (get pods dns-test-d8c63a8f-9ca7-4b9c-b947-d04fba3910ba)&#xA;Aug 27 11:23:05.335: INFO: Lookups using dns-615/dns-test-d8c63a8f-9ca7-4b9c-b947-d04fba3910ba failed for: [wheezy_udp@PodARecord wheezy_tcp@PodARecord jessie_udp@PodARecord jessie_tcp@PodARecord]&#xA;&#xA;Aug 27 11:23:10.314: INFO: Unable to read wheezy_udp@PodARecord from pod dns-615/dns-test-d8c63a8f-9ca7-4b9c-b947-d04fba3910ba: the server could not find the requested resource (get pods dns-test-d8c63a8f-9ca7-4b9c-b947-d04fba3910ba)&#xA;Aug 27 11:23:10.319: INFO: Unable to read wheezy_tcp@PodARecord from pod dns-615/dns-test-d8c63a8f-9ca7-4b9c-b947-d04fba3910ba: the server could not find the requested resource (get pods dns-test-d8c63a8f-9ca7-4b9c-b947-d04fba3910ba)&#xA;Aug 27 11:23:10.331: INFO: Unable to read jessie_udp@PodARecord from pod dns-615/dns-test-d8c63a8f-9ca7-4b9c-b947-d04fba3910ba: the server could not find the requested resource (get pods dns-test-d8c63a8f-9ca7-4b9c-b947-d04fba3910ba)&#xA;Aug 27 11:23:10.343: INFO: Unable to read jessie_tcp@PodARecord from pod dns-615/dns-test-d8c63a8f-9ca7-4b9c-b947-d04fba3910ba: the server could not find the requested resource (get pods dns-test-d8c63a8f-9ca7-4b9c-b947-d04fba3910ba)&#xA;Aug 27 11:23:10.343: INFO: Lookups using dns-615/dns-test-d8c63a8f-9ca7-4b9c-b947-d04fba3910ba failed for: [wheezy_udp@PodARecord wheezy_tcp@PodARecord jessie_udp@PodARecord jessie_tcp@PodARecord]&#xA;&#xA;Aug 27 11:23:15.309: INFO: Unable to read wheezy_udp@PodARecord from pod dns-615/dns-test-d8c63a8f-9ca7-4b9c-b947-d04fba3910ba: the server could not find the requested resource (get pods dns-test-d8c63a8f-9ca7-4b9c-b947-d04fba3910ba)&#xA;Aug 27 11:23:15.313: INFO: Unable to read wheezy_tcp@PodARecord from pod dns-615/dns-test-d8c63a8f-9ca7-4b9c-b947-d04fba3910ba: the server could not find the requested resource (get pods dns-test-d8c63a8f-9ca7-4b9c-b947-d04fba3910ba)&#xA;Aug 27 11:23:15.339: INFO: Unable to read jessie_udp@PodARecord from pod dns-615/dns-test-d8c63a8f-9ca7-4b9c-b947-d04fba3910ba: the server could not find the requested resource (get pods dns-test-d8c63a8f-9ca7-4b9c-b947-d04fba3910ba)&#xA;Aug 27 11:23:15.346: INFO: Unable to read jessie_tcp@PodARecord from pod dns-615/dns-test-d8c63a8f-9ca7-4b9c-b947-d04fba3910ba: the server could not find the requested resource (get pods dns-test-d8c63a8f-9ca7-4b9c-b947-d04fba3910ba)&#xA;Aug 27 11:23:15.346: INFO: Lookups using dns-615/dns-test-d8c63a8f-9ca7-4b9c-b947-d04fba3910ba failed for: [wheezy_udp@PodARecord wheezy_tcp@PodARecord jessie_udp@PodARecord jessie_tcp@PodARecord]&#xA;&#xA;Aug 27 11:23:20.324: INFO: Unable to read wheezy_udp@PodARecord from pod dns-615/dns-test-d8c63a8f-9ca7-4b9c-b947-d04fba3910ba: the server could not find the requested resource (get pods dns-test-d8c63a8f-9ca7-4b9c-b947-d04fba3910ba)&#xA;Aug 27 11:23:20.339: INFO: Unable to read wheezy_tcp@PodARecord from pod dns-615/dns-test-d8c63a8f-9ca7-4b9c-b947-d04fba3910ba: the server could not find the requested resource (get pods dns-test-d8c63a8f-9ca7-4b9c-b947-d04fba3910ba)&#xA;Aug 27 11:23:20.357: INFO: Unable to read jessie_udp@PodARecord from pod dns-615/dns-test-d8c63a8f-9ca7-4b9c-b947-d04fba3910ba: the server could not find the requested resource (get pods dns-test-d8c63a8f-9ca7-4b9c-b947-d04fba3910ba)&#xA;Aug 27 11:23:20.361: INFO: Unable to read jessie_tcp@PodARecord from pod dns-615/dns-test-d8c63a8f-9ca7-4b9c-b947-d04fba3910ba: the server could not find the requested resource (get pods dns-test-d8c63a8f-9ca7-4b9c-b947-d04fba3910ba)&#xA;Aug 27 11:23:20.361: INFO: Lookups using dns-615/dns-test-d8c63a8f-9ca7-4b9c-b947-d04fba3910ba failed for: [wheezy_udp@PodARecord wheezy_tcp@PodARecord jessie_udp@PodARecord jessie_tcp@PodARecord]&#xA;&#xA;Aug 27 11:23:25.319: INFO: Unable to read wheezy_udp@PodARecord from pod dns-615/dns-test-d8c63a8f-9ca7-4b9c-b947-d04fba3910ba: the server could not find the requested resource (get pods dns-test-d8c63a8f-9ca7-4b9c-b947-d04fba3910ba)&#xA;Aug 27 11:23:25.325: INFO: Unable to read wheezy_tcp@PodARecord from pod dns-615/dns-test-d8c63a8f-9ca7-4b9c-b947-d04fba3910ba: the server could not find the requested resource (get pods dns-test-d8c63a8f-9ca7-4b9c-b947-d04fba3910ba)&#xA;Aug 27 11:23:25.347: INFO: Unable to read jessie_udp@PodARecord from pod dns-615/dns-test-d8c63a8f-9ca7-4b9c-b947-d04fba3910ba: the server could not find the requested resource (get pods dns-test-d8c63a8f-9ca7-4b9c-b947-d04fba3910ba)&#xA;Aug 27 11:23:25.353: INFO: Unable to read jessie_tcp@PodARecord from pod dns-615/dns-test-d8c63a8f-9ca7-4b9c-b947-d04fba3910ba: the server could not find the requested resource (get pods dns-test-d8c63a8f-9ca7-4b9c-b947-d04fba3910ba)&#xA;Aug 27 11:23:25.353: INFO: Lookups using dns-615/dns-test-d8c63a8f-9ca7-4b9c-b947-d04fba3910ba failed for: [wheezy_udp@PodARecord wheezy_tcp@PodARecord jessie_udp@PodARecord jessie_tcp@PodARecord]&#xA;&#xA;Aug 27 11:23:30.328: INFO: Unable to read wheezy_udp@PodARecord from pod dns-615/dns-test-d8c63a8f-9ca7-4b9c-b947-d04fba3910ba: the server could not find the requested resource (get pods dns-test-d8c63a8f-9ca7-4b9c-b947-d04fba3910ba)&#xA;Aug 27 11:23:30.332: INFO: Unable to read wheezy_tcp@PodARecord from pod dns-615/dns-test-d8c63a8f-9ca7-4b9c-b947-d04fba3910ba: the server could not find the requested resource (get pods dns-test-d8c63a8f-9ca7-4b9c-b947-d04fba3910ba)&#xA;Aug 27 11:23:30.344: INFO: Unable to read jessie_udp@PodARecord from pod dns-615/dns-test-d8c63a8f-9ca7-4b9c-b947-d04fba3910ba: the server could not find the requested resource (get pods dns-test-d8c63a8f-9ca7-4b9c-b947-d04fba3910ba)&#xA;Aug 27 11:23:30.348: INFO: Unable to read jessie_tcp@PodARecord from pod dns-615/dns-test-d8c63a8f-9ca7-4b9c-b947-d04fba3910ba: the server could not find the requested resource (get pods dns-test-d8c63a8f-9ca7-4b9c-b947-d04fba3910ba)&#xA;Aug 27 11:23:30.348: INFO: Lookups using dns-615/dns-test-d8c63a8f-9ca7-4b9c-b947-d04fba3910ba failed for: [wheezy_udp@PodARecord wheezy_tcp@PodARecord jessie_udp@PodARecord jessie_tcp@PodARecord]&#xA;&#xA;Aug 27 11:23:35.308: INFO: Unable to read wheezy_udp@PodARecord from pod dns-615/dns-test-d8c63a8f-9ca7-4b9c-b947-d04fba3910ba: the server could not find the requested resource (get pods dns-test-d8c63a8f-9ca7-4b9c-b947-d04fba3910ba)&#xA;Aug 27 11:23:35.311: INFO: Unable to read wheezy_tcp@PodARecord from pod dns-615/dns-test-d8c63a8f-9ca7-4b9c-b947-d04fba3910ba: the server could not find the requested resource (get pods dns-test-d8c63a8f-9ca7-4b9c-b947-d04fba3910ba)&#xA;Aug 27 11:23:35.327: INFO: Unable to read jessie_udp@PodARecord from pod dns-615/dns-test-d8c63a8f-9ca7-4b9c-b947-d04fba3910ba: the server could not find the requested resource (get pods dns-test-d8c63a8f-9ca7-4b9c-b947-d04fba3910ba)&#xA;Aug 27 11:23:35.331: INFO: Unable to read jessie_tcp@PodARecord from pod dns-615/dns-test-d8c63a8f-9ca7-4b9c-b947-d04fba3910ba: the server could not find the requested resource (get pods dns-test-d8c63a8f-9ca7-4b9c-b947-d04fba3910ba)&#xA;Aug 27 11:23:35.331: INFO: Lookups using dns-615/dns-test-d8c63a8f-9ca7-4b9c-b947-d04fba3910ba failed for: [wheezy_udp@PodARecord wheezy_tcp@PodARecord jessie_udp@PodARecord jessie_tcp@PodARecord]&#xA;&#xA;Aug 27 11:23:40.312: INFO: Unable to read wheezy_udp@PodARecord from pod dns-615/dns-test-d8c63a8f-9ca7-4b9c-b947-d04fba3910ba: the server could not find the requested resource (get pods dns-test-d8c63a8f-9ca7-4b9c-b947-d04fba3910ba)&#xA;Aug 27 11:23:40.322: INFO: Unable to read wheezy_tcp@PodARecord from pod dns-615/dns-test-d8c63a8f-9ca7-4b9c-b947-d04fba3910ba: the server could not find the requested resource (get pods dns-test-d8c63a8f-9ca7-4b9c-b947-d04fba3910ba)&#xA;Aug 27 11:23:40.343: INFO: Unable to read jessie_udp@PodARecord from pod dns-615/dns-test-d8c63a8f-9ca7-4b9c-b947-d04fba3910ba: the server could not find the requested resource (get pods dns-test-d8c63a8f-9ca7-4b9c-b947-d04fba3910ba)&#xA;Aug 27 11:23:40.348: INFO: Unable to read jessie_tcp@PodARecord from pod dns-615/dns-test-d8c63a8f-9ca7-4b9c-b947-d04fba3910ba: the server could not find the requested resource (get pods dns-test-d8c63a8f-9ca7-4b9c-b947-d04fba3910ba)&#xA;Aug 27 11:23:40.348: INFO: Lookups using dns-615/dns-test-d8c63a8f-9ca7-4b9c-b947-d04fba3910ba failed for: [wheezy_udp@PodARecord wheezy_tcp@PodARecord jessie_udp@PodARecord jessie_tcp@PodARecord]&#xA;&#xA;Aug 27 11:23:45.306: INFO: Unable to read wheezy_udp@PodARecord from pod dns-615/dns-test-d8c63a8f-9ca7-4b9c-b947-d04fba3910ba: the server could not find the requested resource (get pods dns-test-d8c63a8f-9ca7-4b9c-b947-d04fba3910ba)&#xA;Aug 27 11:23:45.309: INFO: Unable to read wheezy_tcp@PodARecord from pod dns-615/dns-test-d8c63a8f-9ca7-4b9c-b947-d04fba3910ba: the server could not find the requested resource (get pods dns-test-d8c63a8f-9ca7-4b9c-b947-d04fba3910ba)&#xA;Aug 27 11:23:45.318: INFO: Unable to read jessie_udp@PodARecord from pod dns-615/dns-test-d8c63a8f-9ca7-4b9c-b947-d04fba3910ba: the server could not find the requested resource (get pods dns-test-d8c63a8f-9ca7-4b9c-b947-d04fba3910ba)&#xA;Aug 27 11:23:45.321: INFO: Unable to read jessie_tcp@PodARecord from pod dns-615/dns-test-d8c63a8f-9ca7-4b9c-b947-d04fba3910ba: the server could not find the requested resource (get pods dns-test-d8c63a8f-9ca7-4b9c-b947-d04fba3910ba)&#xA;Aug 27 11:23:45.321: INFO: Lookups using dns-615/dns-test-d8c63a8f-9ca7-4b9c-b947-d04fba3910ba failed for: [wheezy_udp@PodARecord wheezy_tcp@PodARecord jessie_udp@PodARecord jessie_tcp@PodARecord]&#xA;&#xA;Aug 27 11:23:50.309: INFO: Unable to read wheezy_udp@PodARecord from pod dns-615/dns-test-d8c63a8f-9ca7-4b9c-b947-d04fba3910ba: the server could not find the requested resource (get pods dns-test-d8c63a8f-9ca7-4b9c-b947-d04fba3910ba)&#xA;Aug 27 11:23:50.314: INFO: Unable to read wheezy_tcp@PodARecord from pod dns-615/dns-test-d8c63a8f-9ca7-4b9c-b947-d04fba3910ba: the server could not find the requested resource (get pods dns-test-d8c63a8f-9ca7-4b9c-b947-d04fba3910ba)&#xA;Aug 27 11:23:50.322: INFO: Unable to read jessie_udp@PodARecord from pod dns-615/dns-test-d8c63a8f-9ca7-4b9c-b947-d04fba3910ba: the server could not find the requested resource (get pods dns-test-d8c63a8f-9ca7-4b9c-b947-d04fba3910ba)&#xA;Aug 27 11:23:50.326: INFO: Unable to read jessie_tcp@PodARecord from pod dns-615/dns-test-d8c63a8f-9ca7-4b9c-b947-d04fba3910ba: the server could not find the requested resource (get pods dns-test-d8c63a8f-9ca7-4b9c-b947-d04fba3910ba)&#xA;Aug 27 11:23:50.326: INFO: Lookups using dns-615/dns-test-d8c63a8f-9ca7-4b9c-b947-d04fba3910ba failed for: [wheezy_udp@PodARecord wheezy_tcp@PodARecord jessie_udp@PodARecord jessie_tcp@PodARecord]&#xA;&#xA;Aug 27 11:23:55.312: INFO: Unable to read wheezy_udp@PodARecord from pod dns-615/dns-test-d8c63a8f-9ca7-4b9c-b947-d04fba3910ba: the server could not find the requested resource (get pods dns-test-d8c63a8f-9ca7-4b9c-b947-d04fba3910ba)&#xA;Aug 27 11:23:55.316: INFO: Unable to read wheezy_tcp@PodARecord from pod dns-615/dns-test-d8c63a8f-9ca7-4b9c-b947-d04fba3910ba: the server could not find the requested resource (get pods dns-test-d8c63a8f-9ca7-4b9c-b947-d04fba3910ba)&#xA;Aug 27 11:23:55.326: INFO: Unable to read jessie_udp@PodARecord from pod dns-615/dns-test-d8c63a8f-9ca7-4b9c-b947-d04fba3910ba: the server could not find the requested resource (get pods dns-test-d8c63a8f-9ca7-4b9c-b947-d04fba3910ba)&#xA;Aug 27 11:23:55.331: INFO: Unable to read jessie_tcp@PodARecord from pod dns-615/dns-test-d8c63a8f-9ca7-4b9c-b947-d04fba3910ba: the server could not find the requested resource (get pods dns-test-d8c63a8f-9ca7-4b9c-b947-d04fba3910ba)&#xA;Aug 27 11:23:55.331: INFO: Lookups using dns-615/dns-test-d8c63a8f-9ca7-4b9c-b947-d04fba3910ba failed for: [wheezy_udp@PodARecord wheezy_tcp@PodARecord jessie_udp@PodARecord jessie_tcp@PodARecord]&#xA;&#xA;Aug 27 11:24:00.347: INFO: Unable to read wheezy_udp@PodARecord from pod dns-615/dns-test-d8c63a8f-9ca7-4b9c-b947-d04fba3910ba: the server could not find the requested resource (get pods dns-test-d8c63a8f-9ca7-4b9c-b947-d04fba3910ba)&#xA;Aug 27 11:24:00.356: INFO: Unable to read wheezy_tcp@PodARecord from pod dns-615/dns-test-d8c63a8f-9ca7-4b9c-b947-d04fba3910ba: the server could not find the requested resource (get pods dns-test-d8c63a8f-9ca7-4b9c-b947-d04fba3910ba)&#xA;Aug 27 11:24:00.384: INFO: Unable to read jessie_udp@PodARecord from pod dns-615/dns-test-d8c63a8f-9ca7-4b9c-b947-d04fba3910ba: the server could not find the requested resource (get pods dns-test-d8c63a8f-9ca7-4b9c-b947-d04fba3910ba)&#xA;Aug 27 11:24:00.391: INFO: Unable to read jessie_tcp@PodARecord from pod dns-615/dns-test-d8c63a8f-9ca7-4b9c-b947-d04fba3910ba: the server could not find the requested resource (get pods dns-test-d8c63a8f-9ca7-4b9c-b947-d04fba3910ba)&#xA;Aug 27 11:24:00.391: INFO: Lookups using dns-615/dns-test-d8c63a8f-9ca7-4b9c-b947-d04fba3910ba failed for: [wheezy_udp@PodARecord wheezy_tcp@PodARecord jessie_udp@PodARecord jessie_tcp@PodARecord]&#xA;&#xA;Aug 27 11:24:05.332: INFO: Unable to read wheezy_udp@PodARecord from pod dns-615/dns-test-d8c63a8f-9ca7-4b9c-b947-d04fba3910ba: the server could not find the requested resource (get pods dns-test-d8c63a8f-9ca7-4b9c-b947-d04fba3910ba)&#xA;Aug 27 11:24:05.337: INFO: Unable to read wheezy_tcp@PodARecord from pod dns-615/dns-test-d8c63a8f-9ca7-4b9c-b947-d04fba3910ba: the server could not find the requested resource (get pods dns-test-d8c63a8f-9ca7-4b9c-b947-d04fba3910ba)&#xA;Aug 27 11:24:05.356: INFO: Unable to read jessie_udp@PodARecord from pod dns-615/dns-test-d8c63a8f-9ca7-4b9c-b947-d04fba3910ba: the server could not find the requested resource (get pods dns-test-d8c63a8f-9ca7-4b9c-b947-d04fba3910ba)&#xA;Aug 27 11:24:05.379: INFO: Unable to read jessie_tcp@PodARecord from pod dns-615/dns-test-d8c63a8f-9ca7-4b9c-b947-d04fba3910ba: the server could not find the requested resource (get pods dns-test-d8c63a8f-9ca7-4b9c-b947-d04fba3910ba)&#xA;Aug 27 11:24:05.379: INFO: Lookups using dns-615/dns-test-d8c63a8f-9ca7-4b9c-b947-d04fba3910ba failed for: [wheezy_udp@PodARecord wheezy_tcp@PodARecord jessie_udp@PodARecord jessie_tcp@PodARecord]&#xA;&#xA;Aug 27 11:24:10.320: INFO: Unable to read wheezy_udp@PodARecord from pod dns-615/dns-test-d8c63a8f-9ca7-4b9c-b947-d04fba3910ba: the server could not find the requested resource (get pods dns-test-d8c63a8f-9ca7-4b9c-b947-d04fba3910ba)&#xA;Aug 27 11:24:10.327: INFO: Unable to read wheezy_tcp@PodARecord from pod dns-615/dns-test-d8c63a8f-9ca7-4b9c-b947-d04fba3910ba: the server could not find the requested resource (get pods dns-test-d8c63a8f-9ca7-4b9c-b947-d04fba3910ba)&#xA;Aug 27 11:24:10.350: INFO: Unable to read jessie_udp@PodARecord from pod dns-615/dns-test-d8c63a8f-9ca7-4b9c-b947-d04fba3910ba: the server could not find the requested resource (get pods dns-test-d8c63a8f-9ca7-4b9c-b947-d04fba3910ba)&#xA;Aug 27 11:24:10.359: INFO: Unable to read jessie_tcp@PodARecord from pod dns-615/dns-test-d8c63a8f-9ca7-4b9c-b947-d04fba3910ba: the server could not find the requested resource (get pods dns-test-d8c63a8f-9ca7-4b9c-b947-d04fba3910ba)&#xA;Aug 27 11:24:10.359: INFO: Lookups using dns-615/dns-test-d8c63a8f-9ca7-4b9c-b947-d04fba3910ba failed for: [wheezy_udp@PodARecord wheezy_tcp@PodARecord jessie_udp@PodARecord jessie_tcp@PodARecord]&#xA;&#xA;Aug 27 11:24:15.307: INFO: Unable to read wheezy_udp@PodARecord from pod dns-615/dns-test-d8c63a8f-9ca7-4b9c-b947-d04fba3910ba: the server could not find the requested resource (get pods dns-test-d8c63a8f-9ca7-4b9c-b947-d04fba3910ba)&#xA;Aug 27 11:24:15.319: INFO: Unable to read wheezy_tcp@PodARecord from pod dns-615/dns-test-d8c63a8f-9ca7-4b9c-b947-d04fba3910ba: the server could not find the requested resource (get pods dns-test-d8c63a8f-9ca7-4b9c-b947-d04fba3910ba)&#xA;Aug 27 11:24:15.334: INFO: Unable to read jessie_udp@PodARecord from pod dns-615/dns-test-d8c63a8f-9ca7-4b9c-b947-d04fba3910ba: the server could not find the requested resource (get pods dns-test-d8c63a8f-9ca7-4b9c-b947-d04fba3910ba)&#xA;Aug 27 11:24:15.338: INFO: Unable to read jessie_tcp@PodARecord from pod dns-615/dns-test-d8c63a8f-9ca7-4b9c-b947-d04fba3910ba: the server could not find the requested resource (get pods dns-test-d8c63a8f-9ca7-4b9c-b947-d04fba3910ba)&#xA;Aug 27 11:24:15.338: INFO: Lookups using dns-615/dns-test-d8c63a8f-9ca7-4b9c-b947-d04fba3910ba failed for: [wheezy_udp@PodARecord wheezy_tcp@PodARecord jessie_udp@PodARecord jessie_tcp@PodARecord]&#xA;&#xA;Aug 27 11:24:20.307: INFO: Unable to read wheezy_udp@PodARecord from pod dns-615/dns-test-d8c63a8f-9ca7-4b9c-b947-d04fba3910ba: the server could not find the requested resource (get pods dns-test-d8c63a8f-9ca7-4b9c-b947-d04fba3910ba)&#xA;Aug 27 11:24:20.310: INFO: Unable to read wheezy_tcp@PodARecord from pod dns-615/dns-test-d8c63a8f-9ca7-4b9c-b947-d04fba3910ba: the server could not find the requested resource (get pods dns-test-d8c63a8f-9ca7-4b9c-b947-d04fba3910ba)&#xA;Aug 27 11:24:20.327: INFO: Unable to read jessie_udp@PodARecord from pod dns-615/dns-test-d8c63a8f-9ca7-4b9c-b947-d04fba3910ba: the server could not find the requested resource (get pods dns-test-d8c63a8f-9ca7-4b9c-b947-d04fba3910ba)&#xA;Aug 27 11:24:20.331: INFO: Unable to read jessie_tcp@PodARecord from pod dns-615/dns-test-d8c63a8f-9ca7-4b9c-b947-d04fba3910ba: the server could not find the requested resource (get pods dns-test-d8c63a8f-9ca7-4b9c-b947-d04fba3910ba)&#xA;Aug 27 11:24:20.332: INFO: Lookups using dns-615/dns-test-d8c63a8f-9ca7-4b9c-b947-d04fba3910ba failed for: [wheezy_udp@PodARecord wheezy_tcp@PodARecord jessie_udp@PodARecord jessie_tcp@PodARecord]&#xA;&#xA;Aug 27 11:24:25.306: INFO: Unable to read wheezy_udp@PodARecord from pod dns-615/dns-test-d8c63a8f-9ca7-4b9c-b947-d04fba3910ba: the server could not find the requested resource (get pods dns-test-d8c63a8f-9ca7-4b9c-b947-d04fba3910ba)&#xA;Aug 27 11:24:25.311: INFO: Unable to read wheezy_tcp@PodARecord from pod dns-615/dns-test-d8c63a8f-9ca7-4b9c-b947-d04fba3910ba: the server could not find the requested resource (get pods dns-test-d8c63a8f-9ca7-4b9c-b947-d04fba3910ba)&#xA;Aug 27 11:24:25.324: INFO: Unable to read jessie_udp@PodARecord from pod dns-615/dns-test-d8c63a8f-9ca7-4b9c-b947-d04fba3910ba: the server could not find the requested resource (get pods dns-test-d8c63a8f-9ca7-4b9c-b947-d04fba3910ba)&#xA;Aug 27 11:24:25.328: INFO: Unable to read jessie_tcp@PodARecord from pod dns-615/dns-test-d8c63a8f-9ca7-4b9c-b947-d04fba3910ba: the server could not find the requested resource (get pods dns-test-d8c63a8f-9ca7-4b9c-b947-d04fba3910ba)&#xA;Aug 27 11:24:25.328: INFO: Lookups using dns-615/dns-test-d8c63a8f-9ca7-4b9c-b947-d04fba3910ba failed for: [wheezy_udp@PodARecord wheezy_tcp@PodARecord jessie_udp@PodARecord jessie_tcp@PodARecord]&#xA;&#xA;Aug 27 11:24:30.311: INFO: Unable to read wheezy_udp@PodARecord from pod dns-615/dns-test-d8c63a8f-9ca7-4b9c-b947-d04fba3910ba: the server could not find the requested resource (get pods dns-test-d8c63a8f-9ca7-4b9c-b947-d04fba3910ba)&#xA;Aug 27 11:24:30.314: INFO: Unable to read wheezy_tcp@PodARecord from pod dns-615/dns-test-d8c63a8f-9ca7-4b9c-b947-d04fba3910ba: the server could not find the requested resource (get pods dns-test-d8c63a8f-9ca7-4b9c-b947-d04fba3910ba)&#xA;Aug 27 11:24:30.326: INFO: Unable to read jessie_udp@PodARecord from pod dns-615/dns-test-d8c63a8f-9ca7-4b9c-b947-d04fba3910ba: the server could not find the requested resource (get pods dns-test-d8c63a8f-9ca7-4b9c-b947-d04fba3910ba)&#xA;Aug 27 11:24:30.333: INFO: Unable to read jessie_tcp@PodARecord from pod dns-615/dns-test-d8c63a8f-9ca7-4b9c-b947-d04fba3910ba: the server could not find the requested resource (get pods dns-test-d8c63a8f-9ca7-4b9c-b947-d04fba3910ba)&#xA;Aug 27 11:24:30.333: INFO: Lookups using dns-615/dns-test-d8c63a8f-9ca7-4b9c-b947-d04fba3910ba failed for: [wheezy_udp@PodARecord wheezy_tcp@PodARecord jessie_udp@PodARecord jessie_tcp@PodARecord]&#xA;&#xA;Aug 27 11:24:35.306: INFO: Unable to read wheezy_udp@PodARecord from pod dns-615/dns-test-d8c63a8f-9ca7-4b9c-b947-d04fba3910ba: the server could not find the requested resource (get pods dns-test-d8c63a8f-9ca7-4b9c-b947-d04fba3910ba)&#xA;Aug 27 11:24:35.309: INFO: Unable to read wheezy_tcp@PodARecord from pod dns-615/dns-test-d8c63a8f-9ca7-4b9c-b947-d04fba3910ba: the server could not find the requested resource (get pods dns-test-d8c63a8f-9ca7-4b9c-b947-d04fba3910ba)&#xA;Aug 27 11:24:35.318: INFO: Unable to read jessie_udp@PodARecord from pod dns-615/dns-test-d8c63a8f-9ca7-4b9c-b947-d04fba3910ba: the server could not find the requested resource (get pods dns-test-d8c63a8f-9ca7-4b9c-b947-d04fba3910ba)&#xA;Aug 27 11:24:35.321: INFO: Unable to read jessie_tcp@PodARecord from pod dns-615/dns-test-d8c63a8f-9ca7-4b9c-b947-d04fba3910ba: the server could not find the requested resource (get pods dns-test-d8c63a8f-9ca7-4b9c-b947-d04fba3910ba)&#xA;Aug 27 11:24:35.321: INFO: Lookups using dns-615/dns-test-d8c63a8f-9ca7-4b9c-b947-d04fba3910ba failed for: [wheezy_udp@PodARecord wheezy_tcp@PodARecord jessie_udp@PodARecord jessie_tcp@PodARecord]&#xA;&#xA;Aug 27 11:24:40.316: INFO: Unable to read wheezy_udp@PodARecord from pod dns-615/dns-test-d8c63a8f-9ca7-4b9c-b947-d04fba3910ba: the server could not find the requested resource (get pods dns-test-d8c63a8f-9ca7-4b9c-b947-d04fba3910ba)&#xA;Aug 27 11:24:40.321: INFO: Unable to read wheezy_tcp@PodARecord from pod dns-615/dns-test-d8c63a8f-9ca7-4b9c-b947-d04fba3910ba: the server could not find the requested resource (get pods dns-test-d8c63a8f-9ca7-4b9c-b947-d04fba3910ba)&#xA;Aug 27 11:24:40.345: INFO: Unable to read jessie_udp@PodARecord from pod dns-615/dns-test-d8c63a8f-9ca7-4b9c-b947-d04fba3910ba: the server could not find the requested resource (get pods dns-test-d8c63a8f-9ca7-4b9c-b947-d04fba3910ba)&#xA;Aug 27 11:24:40.355: INFO: Unable to read jessie_tcp@PodARecord from pod dns-615/dns-test-d8c63a8f-9ca7-4b9c-b947-d04fba3910ba: the server could not find the requested resource (get pods dns-test-d8c63a8f-9ca7-4b9c-b947-d04fba3910ba)&#xA;Aug 27 11:24:40.355: INFO: Lookups using dns-615/dns-test-d8c63a8f-9ca7-4b9c-b947-d04fba3910ba failed for: [wheezy_udp@PodARecord wheezy_tcp@PodARecord jessie_udp@PodARecord jessie_tcp@PodARecord]&#xA;&#xA;Aug 27 11:24:45.308: INFO: Unable to read wheezy_udp@PodARecord from pod dns-615/dns-test-d8c63a8f-9ca7-4b9c-b947-d04fba3910ba: the server could not find the requested resource (get pods dns-test-d8c63a8f-9ca7-4b9c-b947-d04fba3910ba)&#xA;Aug 27 11:24:45.312: INFO: Unable to read wheezy_tcp@PodARecord from pod dns-615/dns-test-d8c63a8f-9ca7-4b9c-b947-d04fba3910ba: the server could not find the requested resource (get pods dns-test-d8c63a8f-9ca7-4b9c-b947-d04fba3910ba)&#xA;Aug 27 11:24:45.322: INFO: Unable to read jessie_udp@PodARecord from pod dns-615/dns-test-d8c63a8f-9ca7-4b9c-b947-d04fba3910ba: the server could not find the requested resource (get pods dns-test-d8c63a8f-9ca7-4b9c-b947-d04fba3910ba)&#xA;Aug 27 11:24:45.325: INFO: Unable to read jessie_tcp@PodARecord from pod dns-615/dns-test-d8c63a8f-9ca7-4b9c-b947-d04fba3910ba: the server could not find the requested resource (get pods dns-test-d8c63a8f-9ca7-4b9c-b947-d04fba3910ba)&#xA;Aug 27 11:24:45.325: INFO: Lookups using dns-615/dns-test-d8c63a8f-9ca7-4b9c-b947-d04fba3910ba failed for: [wheezy_udp@PodARecord wheezy_tcp@PodARecord jessie_udp@PodARecord jessie_tcp@PodARecord]&#xA;&#xA;Aug 27 11:24:50.308: INFO: Unable to read wheezy_udp@PodARecord from pod dns-615/dns-test-d8c63a8f-9ca7-4b9c-b947-d04fba3910ba: the server could not find the requested resource (get pods dns-test-d8c63a8f-9ca7-4b9c-b947-d04fba3910ba)&#xA;Aug 27 11:24:50.314: INFO: Unable to read wheezy_tcp@PodARecord from pod dns-615/dns-test-d8c63a8f-9ca7-4b9c-b947-d04fba3910ba: the server could not find the requested resource (get pods dns-test-d8c63a8f-9ca7-4b9c-b947-d04fba3910ba)&#xA;Aug 27 11:24:50.339: INFO: Unable to read jessie_udp@PodARecord from pod dns-615/dns-test-d8c63a8f-9ca7-4b9c-b947-d04fba3910ba: the server could not find the requested resource (get pods dns-test-d8c63a8f-9ca7-4b9c-b947-d04fba3910ba)&#xA;Aug 27 11:24:50.350: INFO: Unable to read jessie_tcp@PodARecord from pod dns-615/dns-test-d8c63a8f-9ca7-4b9c-b947-d04fba3910ba: the server could not find the requested resource (get pods dns-test-d8c63a8f-9ca7-4b9c-b947-d04fba3910ba)&#xA;Aug 27 11:24:50.351: INFO: Lookups using dns-615/dns-test-d8c63a8f-9ca7-4b9c-b947-d04fba3910ba failed for: [wheezy_udp@PodARecord wheezy_tcp@PodARecord jessie_udp@PodARecord jessie_tcp@PodARecord]&#xA;&#xA;Aug 27 11:24:55.328: INFO: Unable to read wheezy_udp@PodARecord from pod dns-615/dns-test-d8c63a8f-9ca7-4b9c-b947-d04fba3910ba: the server could not find the requested resource (get pods dns-test-d8c63a8f-9ca7-4b9c-b947-d04fba3910ba)&#xA;Aug 27 11:24:55.334: INFO: Unable to read wheezy_tcp@PodARecord from pod dns-615/dns-test-d8c63a8f-9ca7-4b9c-b947-d04fba3910ba: the server could not find the requested resource (get pods dns-test-d8c63a8f-9ca7-4b9c-b947-d04fba3910ba)&#xA;Aug 27 11:24:55.344: INFO: Unable to read jessie_udp@PodARecord from pod dns-615/dns-test-d8c63a8f-9ca7-4b9c-b947-d04fba3910ba: the server could not find the requested resource (get pods dns-test-d8c63a8f-9ca7-4b9c-b947-d04fba3910ba)&#xA;Aug 27 11:24:55.350: INFO: Unable to read jessie_tcp@PodARecord from pod dns-615/dns-test-d8c63a8f-9ca7-4b9c-b947-d04fba3910ba: the server could not find the requested resource (get pods dns-test-d8c63a8f-9ca7-4b9c-b947-d04fba3910ba)&#xA;Aug 27 11:24:55.350: INFO: Lookups using dns-615/dns-test-d8c63a8f-9ca7-4b9c-b947-d04fba3910ba failed for: [wheezy_udp@PodARecord wheezy_tcp@PodARecord jessie_udp@PodARecord jessie_tcp@PodARecord]&#xA;&#xA;Aug 27 11:25:00.318: INFO: Unable to read wheezy_udp@PodARecord from pod dns-615/dns-test-d8c63a8f-9ca7-4b9c-b947-d04fba3910ba: the server could not find the requested resource (get pods dns-test-d8c63a8f-9ca7-4b9c-b947-d04fba3910ba)&#xA;Aug 27 11:25:00.322: INFO: Unable to read wheezy_tcp@PodARecord from pod dns-615/dns-test-d8c63a8f-9ca7-4b9c-b947-d04fba3910ba: the server could not find the requested resource (get pods dns-test-d8c63a8f-9ca7-4b9c-b947-d04fba3910ba)&#xA;Aug 27 11:25:00.357: INFO: Unable to read jessie_udp@PodARecord from pod dns-615/dns-test-d8c63a8f-9ca7-4b9c-b947-d04fba3910ba: the server could not find the requested resource (get pods dns-test-d8c63a8f-9ca7-4b9c-b947-d04fba3910ba)&#xA;Aug 27 11:25:00.362: INFO: Unable to read jessie_tcp@PodARecord from pod dns-615/dns-test-d8c63a8f-9ca7-4b9c-b947-d04fba3910ba: the server could not find the requested resource (get pods dns-test-d8c63a8f-9ca7-4b9c-b947-d04fba3910ba)&#xA;Aug 27 11:25:00.362: INFO: Lookups using dns-615/dns-test-d8c63a8f-9ca7-4b9c-b947-d04fba3910ba failed for: [wheezy_udp@PodARecord wheezy_tcp@PodARecord jessie_udp@PodARecord jessie_tcp@PodARecord]&#xA;&#xA;Aug 27 11:25:05.335: INFO: Unable to read wheezy_udp@PodARecord from pod dns-615/dns-test-d8c63a8f-9ca7-4b9c-b947-d04fba3910ba: the server could not find the requested resource (get pods dns-test-d8c63a8f-9ca7-4b9c-b947-d04fba3910ba)&#xA;Aug 27 11:25:05.339: INFO: Unable to read wheezy_tcp@PodARecord from pod dns-615/dns-test-d8c63a8f-9ca7-4b9c-b947-d04fba3910ba: the server could not find the requested resource (get pods dns-test-d8c63a8f-9ca7-4b9c-b947-d04fba3910ba)&#xA;Aug 27 11:25:05.356: INFO: Unable to read jessie_udp@PodARecord from pod dns-615/dns-test-d8c63a8f-9ca7-4b9c-b947-d04fba3910ba: the server could not find the requested resource (get pods dns-test-d8c63a8f-9ca7-4b9c-b947-d04fba3910ba)&#xA;Aug 27 11:25:05.361: INFO: Unable to read jessie_tcp@PodARecord from pod dns-615/dns-test-d8c63a8f-9ca7-4b9c-b947-d04fba3910ba: the server could not find the requested resource (get pods dns-test-d8c63a8f-9ca7-4b9c-b947-d04fba3910ba)&#xA;Aug 27 11:25:05.361: INFO: Lookups using dns-615/dns-test-d8c63a8f-9ca7-4b9c-b947-d04fba3910ba failed for: [wheezy_udp@PodARecord wheezy_tcp@PodARecord jessie_udp@PodARecord jessie_tcp@PodARecord]&#xA;&#xA;Aug 27 11:25:10.311: INFO: Unable to read wheezy_udp@PodARecord from pod dns-615/dns-test-d8c63a8f-9ca7-4b9c-b947-d04fba3910ba: the server could not find the requested resource (get pods dns-test-d8c63a8f-9ca7-4b9c-b947-d04fba3910ba)&#xA;Aug 27 11:25:10.314: INFO: Unable to read wheezy_tcp@PodARecord from pod dns-615/dns-test-d8c63a8f-9ca7-4b9c-b947-d04fba3910ba: the server could not find the requested resource (get pods dns-test-d8c63a8f-9ca7-4b9c-b947-d04fba3910ba)&#xA;Aug 27 11:25:10.333: INFO: Unable to read jessie_udp@PodARecord from pod dns-615/dns-test-d8c63a8f-9ca7-4b9c-b947-d04fba3910ba: the server could not find the requested resource (get pods dns-test-d8c63a8f-9ca7-4b9c-b947-d04fba3910ba)&#xA;Aug 27 11:25:10.338: INFO: Unable to read jessie_tcp@PodARecord from pod dns-615/dns-test-d8c63a8f-9ca7-4b9c-b947-d04fba3910ba: the server could not find the requested resource (get pods dns-test-d8c63a8f-9ca7-4b9c-b947-d04fba3910ba)&#xA;Aug 27 11:25:10.338: INFO: Lookups using dns-615/dns-test-d8c63a8f-9ca7-4b9c-b947-d04fba3910ba failed for: [wheezy_udp@PodARecord wheezy_tcp@PodARecord jessie_udp@PodARecord jessie_tcp@PodARecord]&#xA;&#xA;Aug 27 11:25:15.334: INFO: Unable to read wheezy_udp@PodARecord from pod dns-615/dns-test-d8c63a8f-9ca7-4b9c-b947-d04fba3910ba: the server could not find the requested resource (get pods dns-test-d8c63a8f-9ca7-4b9c-b947-d04fba3910ba)&#xA;Aug 27 11:25:15.386: INFO: Unable to read wheezy_tcp@PodARecord from pod dns-615/dns-test-d8c63a8f-9ca7-4b9c-b947-d04fba3910ba: the server could not find the requested resource (get pods dns-test-d8c63a8f-9ca7-4b9c-b947-d04fba3910ba)&#xA;Aug 27 11:25:15.400: INFO: Unable to read jessie_udp@PodARecord from pod dns-615/dns-test-d8c63a8f-9ca7-4b9c-b947-d04fba3910ba: the server could not find the requested resource (get pods dns-test-d8c63a8f-9ca7-4b9c-b947-d04fba3910ba)&#xA;Aug 27 11:25:15.404: INFO: Unable to read jessie_tcp@PodARecord from pod dns-615/dns-test-d8c63a8f-9ca7-4b9c-b947-d04fba3910ba: the server could not find the requested resource (get pods dns-test-d8c63a8f-9ca7-4b9c-b947-d04fba3910ba)&#xA;Aug 27 11:25:15.404: INFO: Lookups using dns-615/dns-test-d8c63a8f-9ca7-4b9c-b947-d04fba3910ba failed for: [wheezy_udp@PodARecord wheezy_tcp@PodARecord jessie_udp@PodARecord jessie_tcp@PodARecord]&#xA;&#xA;Aug 27 11:25:20.306: INFO: Unable to read wheezy_udp@PodARecord from pod dns-615/dns-test-d8c63a8f-9ca7-4b9c-b947-d04fba3910ba: the server could not find the requested resource (get pods dns-test-d8c63a8f-9ca7-4b9c-b947-d04fba3910ba)&#xA;Aug 27 11:25:20.312: INFO: Unable to read wheezy_tcp@PodARecord from pod dns-615/dns-test-d8c63a8f-9ca7-4b9c-b947-d04fba3910ba: the server could not find the requested resource (get pods dns-test-d8c63a8f-9ca7-4b9c-b947-d04fba3910ba)&#xA;Aug 27 11:25:20.328: INFO: Unable to read jessie_udp@PodARecord from pod dns-615/dns-test-d8c63a8f-9ca7-4b9c-b947-d04fba3910ba: the server could not find the requested resource (get pods dns-test-d8c63a8f-9ca7-4b9c-b947-d04fba3910ba)&#xA;Aug 27 11:25:20.333: INFO: Unable to read jessie_tcp@PodARecord from pod dns-615/dns-test-d8c63a8f-9ca7-4b9c-b947-d04fba3910ba: the server could not find the requested resource (get pods dns-test-d8c63a8f-9ca7-4b9c-b947-d04fba3910ba)&#xA;Aug 27 11:25:20.333: INFO: Lookups using dns-615/dns-test-d8c63a8f-9ca7-4b9c-b947-d04fba3910ba failed for: [wheezy_udp@PodARecord wheezy_tcp@PodARecord jessie_udp@PodARecord jessie_tcp@PodARecord]&#xA;&#xA;Aug 27 11:25:25.307: INFO: Unable to read wheezy_udp@PodARecord from pod dns-615/dns-test-d8c63a8f-9ca7-4b9c-b947-d04fba3910ba: the server could not find the requested resource (get pods dns-test-d8c63a8f-9ca7-4b9c-b947-d04fba3910ba)&#xA;Aug 27 11:25:25.310: INFO: Unable to read wheezy_tcp@PodARecord from pod dns-615/dns-test-d8c63a8f-9ca7-4b9c-b947-d04fba3910ba: the server could not find the requested resource (get pods dns-test-d8c63a8f-9ca7-4b9c-b947-d04fba3910ba)&#xA;Aug 27 11:25:25.318: INFO: Unable to read jessie_udp@PodARecord from pod dns-615/dns-test-d8c63a8f-9ca7-4b9c-b947-d04fba3910ba: the server could not find the requested resource (get pods dns-test-d8c63a8f-9ca7-4b9c-b947-d04fba3910ba)&#xA;Aug 27 11:25:25.322: INFO: Unable to read jessie_tcp@PodARecord from pod dns-615/dns-test-d8c63a8f-9ca7-4b9c-b947-d04fba3910ba: the server could not find the requested resource (get pods dns-test-d8c63a8f-9ca7-4b9c-b947-d04fba3910ba)&#xA;Aug 27 11:25:25.322: INFO: Lookups using dns-615/dns-test-d8c63a8f-9ca7-4b9c-b947-d04fba3910ba failed for: [wheezy_udp@PodARecord wheezy_tcp@PodARecord jessie_udp@PodARecord jessie_tcp@PodARecord]&#xA;&#xA;Aug 27 11:25:30.314: INFO: Unable to read wheezy_udp@PodARecord from pod dns-615/dns-test-d8c63a8f-9ca7-4b9c-b947-d04fba3910ba: the server could not find the requested resource (get pods dns-test-d8c63a8f-9ca7-4b9c-b947-d04fba3910ba)&#xA;Aug 27 11:25:30.327: INFO: Unable to read wheezy_tcp@PodARecord from pod dns-615/dns-test-d8c63a8f-9ca7-4b9c-b947-d04fba3910ba: the server could not find the requested resource (get pods dns-test-d8c63a8f-9ca7-4b9c-b947-d04fba3910ba)&#xA;Aug 27 11:25:30.338: INFO: Unable to read jessie_udp@PodARecord from pod dns-615/dns-test-d8c63a8f-9ca7-4b9c-b947-d04fba3910ba: the server could not find the requested resource (get pods dns-test-d8c63a8f-9ca7-4b9c-b947-d04fba3910ba)&#xA;Aug 27 11:25:30.344: INFO: Unable to read jessie_tcp@PodARecord from pod dns-615/dns-test-d8c63a8f-9ca7-4b9c-b947-d04fba3910ba: the server could not find the requested resource (get pods dns-test-d8c63a8f-9ca7-4b9c-b947-d04fba3910ba)&#xA;Aug 27 11:25:30.344: INFO: Lookups using dns-615/dns-test-d8c63a8f-9ca7-4b9c-b947-d04fba3910ba failed for: [wheezy_udp@PodARecord wheezy_tcp@PodARecord jessie_udp@PodARecord jessie_tcp@PodARecord]&#xA;&#xA;Aug 27 11:25:35.310: INFO: Unable to read wheezy_udp@PodARecord from pod dns-615/dns-test-d8c63a8f-9ca7-4b9c-b947-d04fba3910ba: the server could not find the requested resource (get pods dns-test-d8c63a8f-9ca7-4b9c-b947-d04fba3910ba)&#xA;Aug 27 11:25:35.315: INFO: Unable to read wheezy_tcp@PodARecord from pod dns-615/dns-test-d8c63a8f-9ca7-4b9c-b947-d04fba3910ba: the server could not find the requested resource (get pods dns-test-d8c63a8f-9ca7-4b9c-b947-d04fba3910ba)&#xA;Aug 27 11:25:35.328: INFO: Unable to read jessie_udp@PodARecord from pod dns-615/dns-test-d8c63a8f-9ca7-4b9c-b947-d04fba3910ba: the server could not find the requested resource (get pods dns-test-d8c63a8f-9ca7-4b9c-b947-d04fba3910ba)&#xA;Aug 27 11:25:35.331: INFO: Unable to read jessie_tcp@PodARecord from pod dns-615/dns-test-d8c63a8f-9ca7-4b9c-b947-d04fba3910ba: the server could not find the requested resource (get pods dns-test-d8c63a8f-9ca7-4b9c-b947-d04fba3910ba)&#xA;Aug 27 11:25:35.332: INFO: Lookups using dns-615/dns-test-d8c63a8f-9ca7-4b9c-b947-d04fba3910ba failed for: [wheezy_udp@PodARecord wheezy_tcp@PodARecord jessie_udp@PodARecord jessie_tcp@PodARecord]&#xA;&#xA;Aug 27 11:25:40.352: INFO: Unable to read wheezy_udp@PodARecord from pod dns-615/dns-test-d8c63a8f-9ca7-4b9c-b947-d04fba3910ba: the server could not find the requested resource (get pods dns-test-d8c63a8f-9ca7-4b9c-b947-d04fba3910ba)&#xA;Aug 27 11:25:40.360: INFO: Unable to read wheezy_tcp@PodARecord from pod dns-615/dns-test-d8c63a8f-9ca7-4b9c-b947-d04fba3910ba: the server could not find the requested resource (get pods dns-test-d8c63a8f-9ca7-4b9c-b947-d04fba3910ba)&#xA;Aug 27 11:25:40.373: INFO: Unable to read jessie_udp@PodARecord from pod dns-615/dns-test-d8c63a8f-9ca7-4b9c-b947-d04fba3910ba: the server could not find the requested resource (get pods dns-test-d8c63a8f-9ca7-4b9c-b947-d04fba3910ba)&#xA;Aug 27 11:25:40.379: INFO: Unable to read jessie_tcp@PodARecord from pod dns-615/dns-test-d8c63a8f-9ca7-4b9c-b947-d04fba3910ba: the server could not find the requested resource (get pods dns-test-d8c63a8f-9ca7-4b9c-b947-d04fba3910ba)&#xA;Aug 27 11:25:40.380: INFO: Lookups using dns-615/dns-test-d8c63a8f-9ca7-4b9c-b947-d04fba3910ba failed for: [wheezy_udp@PodARecord wheezy_tcp@PodARecord jessie_udp@PodARecord jessie_tcp@PodARecord]&#xA;&#xA;Aug 27 11:25:45.306: INFO: Unable to read wheezy_udp@PodARecord from pod dns-615/dns-test-d8c63a8f-9ca7-4b9c-b947-d04fba3910ba: the server could not find the requested resource (get pods dns-test-d8c63a8f-9ca7-4b9c-b947-d04fba3910ba)&#xA;Aug 27 11:25:45.309: INFO: Unable to read wheezy_tcp@PodARecord from pod dns-615/dns-test-d8c63a8f-9ca7-4b9c-b947-d04fba3910ba: the server could not find the requested resource (get pods dns-test-d8c63a8f-9ca7-4b9c-b947-d04fba3910ba)&#xA;Aug 27 11:25:45.324: INFO: Unable to read jessie_udp@PodARecord from pod dns-615/dns-test-d8c63a8f-9ca7-4b9c-b947-d04fba3910ba: the server could not find the requested resource (get pods dns-test-d8c63a8f-9ca7-4b9c-b947-d04fba3910ba)&#xA;Aug 27 11:25:45.328: INFO: Unable to read jessie_tcp@PodARecord from pod dns-615/dns-test-d8c63a8f-9ca7-4b9c-b947-d04fba3910ba: the server could not find the requested resource (get pods dns-test-d8c63a8f-9ca7-4b9c-b947-d04fba3910ba)&#xA;Aug 27 11:25:45.329: INFO: Lookups using dns-615/dns-test-d8c63a8f-9ca7-4b9c-b947-d04fba3910ba failed for: [wheezy_udp@PodARecord wheezy_tcp@PodARecord jessie_udp@PodARecord jessie_tcp@PodARecord]&#xA;&#xA;Aug 27 11:25:50.308: INFO: Unable to read wheezy_udp@PodARecord from pod dns-615/dns-test-d8c63a8f-9ca7-4b9c-b947-d04fba3910ba: the server could not find the requested resource (get pods dns-test-d8c63a8f-9ca7-4b9c-b947-d04fba3910ba)&#xA;Aug 27 11:25:50.312: INFO: Unable to read wheezy_tcp@PodARecord from pod dns-615/dns-test-d8c63a8f-9ca7-4b9c-b947-d04fba3910ba: the server could not find the requested resource (get pods dns-test-d8c63a8f-9ca7-4b9c-b947-d04fba3910ba)&#xA;Aug 27 11:25:50.327: INFO: Unable to read jessie_udp@PodARecord from pod dns-615/dns-test-d8c63a8f-9ca7-4b9c-b947-d04fba3910ba: the server could not find the requested resource (get pods dns-test-d8c63a8f-9ca7-4b9c-b947-d04fba3910ba)&#xA;Aug 27 11:25:50.330: INFO: Unable to read jessie_tcp@PodARecord from pod dns-615/dns-test-d8c63a8f-9ca7-4b9c-b947-d04fba3910ba: the server could not find the requested resource (get pods dns-test-d8c63a8f-9ca7-4b9c-b947-d04fba3910ba)&#xA;Aug 27 11:25:50.330: INFO: Lookups using dns-615/dns-test-d8c63a8f-9ca7-4b9c-b947-d04fba3910ba failed for: [wheezy_udp@PodARecord wheezy_tcp@PodARecord jessie_udp@PodARecord jessie_tcp@PodARecord]&#xA;&#xA;Aug 27 11:25:55.313: INFO: Unable to read wheezy_udp@PodARecord from pod dns-615/dns-test-d8c63a8f-9ca7-4b9c-b947-d04fba3910ba: the server could not find the requested resource (get pods dns-test-d8c63a8f-9ca7-4b9c-b947-d04fba3910ba)&#xA;Aug 27 11:25:55.316: INFO: Unable to read wheezy_tcp@PodARecord from pod dns-615/dns-test-d8c63a8f-9ca7-4b9c-b947-d04fba3910ba: the server could not find the requested resource (get pods dns-test-d8c63a8f-9ca7-4b9c-b947-d04fba3910ba)&#xA;Aug 27 11:25:55.343: INFO: Unable to read jessie_udp@PodARecord from pod dns-615/dns-test-d8c63a8f-9ca7-4b9c-b947-d04fba3910ba: the server could not find the requested resource (get pods dns-test-d8c63a8f-9ca7-4b9c-b947-d04fba3910ba)&#xA;Aug 27 11:25:55.347: INFO: Unable to read jessie_tcp@PodARecord from pod dns-615/dns-test-d8c63a8f-9ca7-4b9c-b947-d04fba3910ba: the server could not find the requested resource (get pods dns-test-d8c63a8f-9ca7-4b9c-b947-d04fba3910ba)&#xA;Aug 27 11:25:55.347: INFO: Lookups using dns-615/dns-test-d8c63a8f-9ca7-4b9c-b947-d04fba3910ba failed for: [wheezy_udp@PodARecord wheezy_tcp@PodARecord jessie_udp@PodARecord jessie_tcp@PodARecord]&#xA;&#xA;Aug 27 11:26:00.318: INFO: Unable to read wheezy_udp@PodARecord from pod dns-615/dns-test-d8c63a8f-9ca7-4b9c-b947-d04fba3910ba: the server could not find the requested resource (get pods dns-test-d8c63a8f-9ca7-4b9c-b947-d04fba3910ba)&#xA;Aug 27 11:26:00.323: INFO: Unable to read wheezy_tcp@PodARecord from pod dns-615/dns-test-d8c63a8f-9ca7-4b9c-b947-d04fba3910ba: the server could not find the requested resource (get pods dns-test-d8c63a8f-9ca7-4b9c-b947-d04fba3910ba)&#xA;Aug 27 11:26:00.335: INFO: Unable to read jessie_udp@PodARecord from pod dns-615/dns-test-d8c63a8f-9ca7-4b9c-b947-d04fba3910ba: the server could not find the requested resource (get pods dns-test-d8c63a8f-9ca7-4b9c-b947-d04fba3910ba)&#xA;Aug 27 11:26:00.339: INFO: Unable to read jessie_tcp@PodARecord from pod dns-615/dns-test-d8c63a8f-9ca7-4b9c-b947-d04fba3910ba: the server could not find the requested resource (get pods dns-test-d8c63a8f-9ca7-4b9c-b947-d04fba3910ba)&#xA;Aug 27 11:26:00.339: INFO: Lookups using dns-615/dns-test-d8c63a8f-9ca7-4b9c-b947-d04fba3910ba failed for: [wheezy_udp@PodARecord wheezy_tcp@PodARecord jessie_udp@PodARecord jessie_tcp@PodARecord]&#xA;&#xA;Aug 27 11:26:05.312: INFO: Unable to read wheezy_udp@PodARecord from pod dns-615/dns-test-d8c63a8f-9ca7-4b9c-b947-d04fba3910ba: the server could not find the requested resource (get pods dns-test-d8c63a8f-9ca7-4b9c-b947-d04fba3910ba)&#xA;Aug 27 11:26:05.319: INFO: Unable to read wheezy_tcp@PodARecord from pod dns-615/dns-test-d8c63a8f-9ca7-4b9c-b947-d04fba3910ba: the server could not find the requested resource (get pods dns-test-d8c63a8f-9ca7-4b9c-b947-d04fba3910ba)&#xA;Aug 27 11:26:05.349: INFO: Unable to read jessie_udp@PodARecord from pod dns-615/dns-test-d8c63a8f-9ca7-4b9c-b947-d04fba3910ba: the server could not find the requested resource (get pods dns-test-d8c63a8f-9ca7-4b9c-b947-d04fba3910ba)&#xA;Aug 27 11:26:05.354: INFO: Unable to read jessie_tcp@PodARecord from pod dns-615/dns-test-d8c63a8f-9ca7-4b9c-b947-d04fba3910ba: the server could not find the requested resource (get pods dns-test-d8c63a8f-9ca7-4b9c-b947-d04fba3910ba)&#xA;Aug 27 11:26:05.355: INFO: Lookups using dns-615/dns-test-d8c63a8f-9ca7-4b9c-b947-d04fba3910ba failed for: [wheezy_udp@PodARecord wheezy_tcp@PodARecord jessie_udp@PodARecord jessie_tcp@PodARecord]&#xA;&#xA;Aug 27 11:26:10.324: INFO: Unable to read wheezy_udp@PodARecord from pod dns-615/dns-test-d8c63a8f-9ca7-4b9c-b947-d04fba3910ba: the server could not find the requested resource (get pods dns-test-d8c63a8f-9ca7-4b9c-b947-d04fba3910ba)&#xA;Aug 27 11:26:10.338: INFO: Unable to read wheezy_tcp@PodARecord from pod dns-615/dns-test-d8c63a8f-9ca7-4b9c-b947-d04fba3910ba: the server could not find the requested resource (get pods dns-test-d8c63a8f-9ca7-4b9c-b947-d04fba3910ba)&#xA;Aug 27 11:26:10.367: INFO: Unable to read jessie_udp@PodARecord from pod dns-615/dns-test-d8c63a8f-9ca7-4b9c-b947-d04fba3910ba: the server could not find the requested resource (get pods dns-test-d8c63a8f-9ca7-4b9c-b947-d04fba3910ba)&#xA;Aug 27 11:26:10.384: INFO: Unable to read jessie_tcp@PodARecord from pod dns-615/dns-test-d8c63a8f-9ca7-4b9c-b947-d04fba3910ba: the server could not find the requested resource (get pods dns-test-d8c63a8f-9ca7-4b9c-b947-d04fba3910ba)&#xA;Aug 27 11:26:10.384: INFO: Lookups using dns-615/dns-test-d8c63a8f-9ca7-4b9c-b947-d04fba3910ba failed for: [wheezy_udp@PodARecord wheezy_tcp@PodARecord jessie_udp@PodARecord jessie_tcp@PodARecord]&#xA;&#xA;Aug 27 11:26:15.310: INFO: Unable to read wheezy_udp@PodARecord from pod dns-615/dns-test-d8c63a8f-9ca7-4b9c-b947-d04fba3910ba: the server could not find the requested resource (get pods dns-test-d8c63a8f-9ca7-4b9c-b947-d04fba3910ba)&#xA;Aug 27 11:26:15.314: INFO: Unable to read wheezy_tcp@PodARecord from pod dns-615/dns-test-d8c63a8f-9ca7-4b9c-b947-d04fba3910ba: the server could not find the requested resource (get pods dns-test-d8c63a8f-9ca7-4b9c-b947-d04fba3910ba)&#xA;Aug 27 11:26:15.329: INFO: Unable to read jessie_udp@PodARecord from pod dns-615/dns-test-d8c63a8f-9ca7-4b9c-b947-d04fba3910ba: the server could not find the requested resource (get pods dns-test-d8c63a8f-9ca7-4b9c-b947-d04fba3910ba)&#xA;Aug 27 11:26:15.332: INFO: Unable to read jessie_tcp@PodARecord from pod dns-615/dns-test-d8c63a8f-9ca7-4b9c-b947-d04fba3910ba: the server could not find the requested resource (get pods dns-test-d8c63a8f-9ca7-4b9c-b947-d04fba3910ba)&#xA;Aug 27 11:26:15.332: INFO: Lookups using dns-615/dns-test-d8c63a8f-9ca7-4b9c-b947-d04fba3910ba failed for: [wheezy_udp@PodARecord wheezy_tcp@PodARecord jessie_udp@PodARecord jessie_tcp@PodARecord]&#xA;&#xA;Aug 27 11:26:20.319: INFO: Unable to read wheezy_udp@PodARecord from pod dns-615/dns-test-d8c63a8f-9ca7-4b9c-b947-d04fba3910ba: the server could not find the requested resource (get pods dns-test-d8c63a8f-9ca7-4b9c-b947-d04fba3910ba)&#xA;Aug 27 11:26:20.323: INFO: Unable to read wheezy_tcp@PodARecord from pod dns-615/dns-test-d8c63a8f-9ca7-4b9c-b947-d04fba3910ba: the server could not find the requested resource (get pods dns-test-d8c63a8f-9ca7-4b9c-b947-d04fba3910ba)&#xA;Aug 27 11:26:20.333: INFO: Unable to read jessie_udp@PodARecord from pod dns-615/dns-test-d8c63a8f-9ca7-4b9c-b947-d04fba3910ba: the server could not find the requested resource (get pods dns-test-d8c63a8f-9ca7-4b9c-b947-d04fba3910ba)&#xA;Aug 27 11:26:20.338: INFO: Unable to read jessie_tcp@PodARecord from pod dns-615/dns-test-d8c63a8f-9ca7-4b9c-b947-d04fba3910ba: the server could not find the requested resource (get pods dns-test-d8c63a8f-9ca7-4b9c-b947-d04fba3910ba)&#xA;Aug 27 11:26:20.338: INFO: Lookups using dns-615/dns-test-d8c63a8f-9ca7-4b9c-b947-d04fba3910ba failed for: [wheezy_udp@PodARecord wheezy_tcp@PodARecord jessie_udp@PodARecord jessie_tcp@PodARecord]&#xA;&#xA;Aug 27 11:26:25.326: INFO: Unable to read wheezy_udp@PodARecord from pod dns-615/dns-test-d8c63a8f-9ca7-4b9c-b947-d04fba3910ba: the server could not find the requested resource (get pods dns-test-d8c63a8f-9ca7-4b9c-b947-d04fba3910ba)&#xA;Aug 27 11:26:25.339: INFO: Unable to read wheezy_tcp@PodARecord from pod dns-615/dns-test-d8c63a8f-9ca7-4b9c-b947-d04fba3910ba: the server could not find the requested resource (get pods dns-test-d8c63a8f-9ca7-4b9c-b947-d04fba3910ba)&#xA;Aug 27 11:26:25.349: INFO: Unable to read jessie_udp@PodARecord from pod dns-615/dns-test-d8c63a8f-9ca7-4b9c-b947-d04fba3910ba: the server could not find the requested resource (get pods dns-test-d8c63a8f-9ca7-4b9c-b947-d04fba3910ba)&#xA;Aug 27 11:26:25.358: INFO: Unable to read jessie_tcp@PodARecord from pod dns-615/dns-test-d8c63a8f-9ca7-4b9c-b947-d04fba3910ba: the server could not find the requested resource (get pods dns-test-d8c63a8f-9ca7-4b9c-b947-d04fba3910ba)&#xA;Aug 27 11:26:25.358: INFO: Lookups using dns-615/dns-test-d8c63a8f-9ca7-4b9c-b947-d04fba3910ba failed for: [wheezy_udp@PodARecord wheezy_tcp@PodARecord jessie_udp@PodARecord jessie_tcp@PodARecord]&#xA;&#xA;Aug 27 11:26:30.307: INFO: Unable to read wheezy_udp@PodARecord from pod dns-615/dns-test-d8c63a8f-9ca7-4b9c-b947-d04fba3910ba: the server could not find the requested resource (get pods dns-test-d8c63a8f-9ca7-4b9c-b947-d04fba3910ba)&#xA;Aug 27 11:26:30.310: INFO: Unable to read wheezy_tcp@PodARecord from pod dns-615/dns-test-d8c63a8f-9ca7-4b9c-b947-d04fba3910ba: the server could not find the requested resource (get pods dns-test-d8c63a8f-9ca7-4b9c-b947-d04fba3910ba)&#xA;Aug 27 11:26:30.320: INFO: Unable to read jessie_udp@PodARecord from pod dns-615/dns-test-d8c63a8f-9ca7-4b9c-b947-d04fba3910ba: the server could not find the requested resource (get pods dns-test-d8c63a8f-9ca7-4b9c-b947-d04fba3910ba)&#xA;Aug 27 11:26:30.333: INFO: Unable to read jessie_tcp@PodARecord from pod dns-615/dns-test-d8c63a8f-9ca7-4b9c-b947-d04fba3910ba: the server could not find the requested resource (get pods dns-test-d8c63a8f-9ca7-4b9c-b947-d04fba3910ba)&#xA;Aug 27 11:26:30.333: INFO: Lookups using dns-615/dns-test-d8c63a8f-9ca7-4b9c-b947-d04fba3910ba failed for: [wheezy_udp@PodARecord wheezy_tcp@PodARecord jessie_udp@PodARecord jessie_tcp@PodARecord]&#xA;&#xA;Aug 27 11:26:35.318: INFO: Unable to read wheezy_udp@PodARecord from pod dns-615/dns-test-d8c63a8f-9ca7-4b9c-b947-d04fba3910ba: the server could not find the requested resource (get pods dns-test-d8c63a8f-9ca7-4b9c-b947-d04fba3910ba)&#xA;Aug 27 11:26:35.324: INFO: Unable to read wheezy_tcp@PodARecord from pod dns-615/dns-test-d8c63a8f-9ca7-4b9c-b947-d04fba3910ba: the server could not find the requested resource (get pods dns-test-d8c63a8f-9ca7-4b9c-b947-d04fba3910ba)&#xA;Aug 27 11:26:35.364: INFO: Unable to read jessie_udp@PodARecord from pod dns-615/dns-test-d8c63a8f-9ca7-4b9c-b947-d04fba3910ba: the server could not find the requested resource (get pods dns-test-d8c63a8f-9ca7-4b9c-b947-d04fba3910ba)&#xA;Aug 27 11:26:35.367: INFO: Unable to read jessie_tcp@PodARecord from pod dns-615/dns-test-d8c63a8f-9ca7-4b9c-b947-d04fba3910ba: the server could not find the requested resource (get pods dns-test-d8c63a8f-9ca7-4b9c-b947-d04fba3910ba)&#xA;Aug 27 11:26:35.367: INFO: Lookups using dns-615/dns-test-d8c63a8f-9ca7-4b9c-b947-d04fba3910ba failed for: [wheezy_udp@PodARecord wheezy_tcp@PodARecord jessie_udp@PodARecord jessie_tcp@PodARecord]&#xA;&#xA;Aug 27 11:26:40.309: INFO: Unable to read wheezy_udp@PodARecord from pod dns-615/dns-test-d8c63a8f-9ca7-4b9c-b947-d04fba3910ba: the server could not find the requested resource (get pods dns-test-d8c63a8f-9ca7-4b9c-b947-d04fba3910ba)&#xA;Aug 27 11:26:40.312: INFO: Unable to read wheezy_tcp@PodARecord from pod dns-615/dns-test-d8c63a8f-9ca7-4b9c-b947-d04fba3910ba: the server could not find the requested resource (get pods dns-test-d8c63a8f-9ca7-4b9c-b947-d04fba3910ba)&#xA;Aug 27 11:26:40.326: INFO: Unable to read jessie_udp@PodARecord from pod dns-615/dns-test-d8c63a8f-9ca7-4b9c-b947-d04fba3910ba: the server could not find the requested resource (get pods dns-test-d8c63a8f-9ca7-4b9c-b947-d04fba3910ba)&#xA;Aug 27 11:26:40.330: INFO: Unable to read jessie_tcp@PodARecord from pod dns-615/dns-test-d8c63a8f-9ca7-4b9c-b947-d04fba3910ba: the server could not find the requested resource (get pods dns-test-d8c63a8f-9ca7-4b9c-b947-d04fba3910ba)&#xA;Aug 27 11:26:40.331: INFO: Lookups using dns-615/dns-test-d8c63a8f-9ca7-4b9c-b947-d04fba3910ba failed for: [wheezy_udp@PodARecord wheezy_tcp@PodARecord jessie_udp@PodARecord jessie_tcp@PodARecord]&#xA;&#xA;Aug 27 11:26:45.332: INFO: Unable to read wheezy_udp@PodARecord from pod dns-615/dns-test-d8c63a8f-9ca7-4b9c-b947-d04fba3910ba: the server could not find the requested resource (get pods dns-test-d8c63a8f-9ca7-4b9c-b947-d04fba3910ba)&#xA;Aug 27 11:26:45.336: INFO: Unable to read wheezy_tcp@PodARecord from pod dns-615/dns-test-d8c63a8f-9ca7-4b9c-b947-d04fba3910ba: the server could not find the requested resource (get pods dns-test-d8c63a8f-9ca7-4b9c-b947-d04fba3910ba)&#xA;Aug 27 11:26:45.389: INFO: Unable to read jessie_udp@PodARecord from pod dns-615/dns-test-d8c63a8f-9ca7-4b9c-b947-d04fba3910ba: the server could not find the requested resource (get pods dns-test-d8c63a8f-9ca7-4b9c-b947-d04fba3910ba)&#xA;Aug 27 11:26:45.398: INFO: Unable to read jessie_tcp@PodARecord from pod dns-615/dns-test-d8c63a8f-9ca7-4b9c-b947-d04fba3910ba: the server could not find the requested resource (get pods dns-test-d8c63a8f-9ca7-4b9c-b947-d04fba3910ba)&#xA;Aug 27 11:26:45.398: INFO: Lookups using dns-615/dns-test-d8c63a8f-9ca7-4b9c-b947-d04fba3910ba failed for: [wheezy_udp@PodARecord wheezy_tcp@PodARecord jessie_udp@PodARecord jessie_tcp@PodARecord]&#xA;&#xA;Aug 27 11:26:50.309: INFO: Unable to read wheezy_udp@PodARecord from pod dns-615/dns-test-d8c63a8f-9ca7-4b9c-b947-d04fba3910ba: the server could not find the requested resource (get pods dns-test-d8c63a8f-9ca7-4b9c-b947-d04fba3910ba)&#xA;Aug 27 11:26:50.313: INFO: Unable to read wheezy_tcp@PodARecord from pod dns-615/dns-test-d8c63a8f-9ca7-4b9c-b947-d04fba3910ba: the server could not find the requested resource (get pods dns-test-d8c63a8f-9ca7-4b9c-b947-d04fba3910ba)&#xA;Aug 27 11:26:50.335: INFO: Unable to read jessie_udp@PodARecord from pod dns-615/dns-test-d8c63a8f-9ca7-4b9c-b947-d04fba3910ba: the server could not find the requested resource (get pods dns-test-d8c63a8f-9ca7-4b9c-b947-d04fba3910ba)&#xA;Aug 27 11:26:50.338: INFO: Unable to read jessie_tcp@PodARecord from pod dns-615/dns-test-d8c63a8f-9ca7-4b9c-b947-d04fba3910ba: the server could not find the requested resource (get pods dns-test-d8c63a8f-9ca7-4b9c-b947-d04fba3910ba)&#xA;Aug 27 11:26:50.338: INFO: Lookups using dns-615/dns-test-d8c63a8f-9ca7-4b9c-b947-d04fba3910ba failed for: [wheezy_udp@PodARecord wheezy_tcp@PodARecord jessie_udp@PodARecord jessie_tcp@PodARecord]&#xA;&#xA;Aug 27 11:26:55.327: INFO: Unable to read wheezy_udp@PodARecord from pod dns-615/dns-test-d8c63a8f-9ca7-4b9c-b947-d04fba3910ba: the server could not find the requested resource (get pods dns-test-d8c63a8f-9ca7-4b9c-b947-d04fba3910ba)&#xA;Aug 27 11:26:55.332: INFO: Unable to read wheezy_tcp@PodARecord from pod dns-615/dns-test-d8c63a8f-9ca7-4b9c-b947-d04fba3910ba: the server could not find the requested resource (get pods dns-test-d8c63a8f-9ca7-4b9c-b947-d04fba3910ba)&#xA;Aug 27 11:26:55.347: INFO: Unable to read jessie_udp@PodARecord from pod dns-615/dns-test-d8c63a8f-9ca7-4b9c-b947-d04fba3910ba: the server could not find the requested resource (get pods dns-test-d8c63a8f-9ca7-4b9c-b947-d04fba3910ba)&#xA;Aug 27 11:26:55.357: INFO: Unable to read jessie_tcp@PodARecord from pod dns-615/dns-test-d8c63a8f-9ca7-4b9c-b947-d04fba3910ba: the server could not find the requested resource (get pods dns-test-d8c63a8f-9ca7-4b9c-b947-d04fba3910ba)&#xA;Aug 27 11:26:55.357: INFO: Lookups using dns-615/dns-test-d8c63a8f-9ca7-4b9c-b947-d04fba3910ba failed for: [wheezy_udp@PodARecord wheezy_tcp@PodARecord jessie_udp@PodARecord jessie_tcp@PodARecord]&#xA;&#xA;Aug 27 11:27:00.311: INFO: Unable to read wheezy_udp@PodARecord from pod dns-615/dns-test-d8c63a8f-9ca7-4b9c-b947-d04fba3910ba: the server could not find the requested resource (get pods dns-test-d8c63a8f-9ca7-4b9c-b947-d04fba3910ba)&#xA;Aug 27 11:27:00.317: INFO: Unable to read wheezy_tcp@PodARecord from pod dns-615/dns-test-d8c63a8f-9ca7-4b9c-b947-d04fba3910ba: the server could not find the requested resource (get pods dns-test-d8c63a8f-9ca7-4b9c-b947-d04fba3910ba)&#xA;Aug 27 11:27:00.330: INFO: Unable to read jessie_udp@PodARecord from pod dns-615/dns-test-d8c63a8f-9ca7-4b9c-b947-d04fba3910ba: the server could not find the requested resource (get pods dns-test-d8c63a8f-9ca7-4b9c-b947-d04fba3910ba)&#xA;Aug 27 11:27:00.334: INFO: Unable to read jessie_tcp@PodARecord from pod dns-615/dns-test-d8c63a8f-9ca7-4b9c-b947-d04fba3910ba: the server could not find the requested resource (get pods dns-test-d8c63a8f-9ca7-4b9c-b947-d04fba3910ba)&#xA;Aug 27 11:27:00.334: INFO: Lookups using dns-615/dns-test-d8c63a8f-9ca7-4b9c-b947-d04fba3910ba failed for: [wheezy_udp@PodARecord wheezy_tcp@PodARecord jessie_udp@PodARecord jessie_tcp@PodARecord]&#xA;&#xA;Aug 27 11:27:05.307: INFO: Unable to read wheezy_udp@PodARecord from pod dns-615/dns-test-d8c63a8f-9ca7-4b9c-b947-d04fba3910ba: the server could not find the requested resource (get pods dns-test-d8c63a8f-9ca7-4b9c-b947-d04fba3910ba)&#xA;Aug 27 11:27:05.312: INFO: Unable to read wheezy_tcp@PodARecord from pod dns-615/dns-test-d8c63a8f-9ca7-4b9c-b947-d04fba3910ba: the server could not find the requested resource (get pods dns-test-d8c63a8f-9ca7-4b9c-b947-d04fba3910ba)&#xA;Aug 27 11:27:05.324: INFO: Unable to read jessie_udp@PodARecord from pod dns-615/dns-test-d8c63a8f-9ca7-4b9c-b947-d04fba3910ba: the server could not find the requested resource (get pods dns-test-d8c63a8f-9ca7-4b9c-b947-d04fba3910ba)&#xA;Aug 27 11:27:05.342: INFO: Unable to read jessie_tcp@PodARecord from pod dns-615/dns-test-d8c63a8f-9ca7-4b9c-b947-d04fba3910ba: the server could not find the requested resource (get pods dns-test-d8c63a8f-9ca7-4b9c-b947-d04fba3910ba)&#xA;Aug 27 11:27:05.342: INFO: Lookups using dns-615/dns-test-d8c63a8f-9ca7-4b9c-b947-d04fba3910ba failed for: [wheezy_udp@PodARecord wheezy_tcp@PodARecord jessie_udp@PodARecord jessie_tcp@PodARecord]&#xA;&#xA;Aug 27 11:27:10.389: INFO: Unable to read wheezy_udp@PodARecord from pod dns-615/dns-test-d8c63a8f-9ca7-4b9c-b947-d04fba3910ba: the server could not find the requested resource (get pods dns-test-d8c63a8f-9ca7-4b9c-b947-d04fba3910ba)&#xA;Aug 27 11:27:10.393: INFO: Unable to read wheezy_tcp@PodARecord from pod dns-615/dns-test-d8c63a8f-9ca7-4b9c-b947-d04fba3910ba: the server could not find the requested resource (get pods dns-test-d8c63a8f-9ca7-4b9c-b947-d04fba3910ba)&#xA;Aug 27 11:27:10.407: INFO: Unable to read jessie_udp@PodARecord from pod dns-615/dns-test-d8c63a8f-9ca7-4b9c-b947-d04fba3910ba: the server could not find the requested resource (get pods dns-test-d8c63a8f-9ca7-4b9c-b947-d04fba3910ba)&#xA;Aug 27 11:27:10.412: INFO: Unable to read jessie_tcp@PodARecord from pod dns-615/dns-test-d8c63a8f-9ca7-4b9c-b947-d04fba3910ba: the server could not find the requested resource (get pods dns-test-d8c63a8f-9ca7-4b9c-b947-d04fba3910ba)&#xA;Aug 27 11:27:10.412: INFO: Lookups using dns-615/dns-test-d8c63a8f-9ca7-4b9c-b947-d04fba3910ba failed for: [wheezy_udp@PodARecord wheezy_tcp@PodARecord jessie_udp@PodARecord jessie_tcp@PodARecord]&#xA;&#xA;Aug 27 11:27:15.308: INFO: Unable to read wheezy_udp@PodARecord from pod dns-615/dns-test-d8c63a8f-9ca7-4b9c-b947-d04fba3910ba: the server could not find the requested resource (get pods dns-test-d8c63a8f-9ca7-4b9c-b947-d04fba3910ba)&#xA;Aug 27 11:27:15.313: INFO: Unable to read wheezy_tcp@PodARecord from pod dns-615/dns-test-d8c63a8f-9ca7-4b9c-b947-d04fba3910ba: the server could not find the requested resource (get pods dns-test-d8c63a8f-9ca7-4b9c-b947-d04fba3910ba)&#xA;Aug 27 11:27:15.322: INFO: Unable to read jessie_udp@PodARecord from pod dns-615/dns-test-d8c63a8f-9ca7-4b9c-b947-d04fba3910ba: the server could not find the requested resource (get pods dns-test-d8c63a8f-9ca7-4b9c-b947-d04fba3910ba)&#xA;Aug 27 11:27:15.325: INFO: Unable to read jessie_tcp@PodARecord from pod dns-615/dns-test-d8c63a8f-9ca7-4b9c-b947-d04fba3910ba: the server could not find the requested resource (get pods dns-test-d8c63a8f-9ca7-4b9c-b947-d04fba3910ba)&#xA;Aug 27 11:27:15.325: INFO: Lookups using dns-615/dns-test-d8c63a8f-9ca7-4b9c-b947-d04fba3910ba failed for: [wheezy_udp@PodARecord wheezy_tcp@PodARecord jessie_udp@PodARecord jessie_tcp@PodARecord]&#xA;&#xA;Aug 27 11:27:20.314: INFO: Unable to read wheezy_udp@PodARecord from pod dns-615/dns-test-d8c63a8f-9ca7-4b9c-b947-d04fba3910ba: the server could not find the requested resource (get pods dns-test-d8c63a8f-9ca7-4b9c-b947-d04fba3910ba)&#xA;Aug 27 11:27:20.318: INFO: Unable to read wheezy_tcp@PodARecord from pod dns-615/dns-test-d8c63a8f-9ca7-4b9c-b947-d04fba3910ba: the server could not find the requested resource (get pods dns-test-d8c63a8f-9ca7-4b9c-b947-d04fba3910ba)&#xA;Aug 27 11:27:20.338: INFO: Unable to read jessie_udp@PodARecord from pod dns-615/dns-test-d8c63a8f-9ca7-4b9c-b947-d04fba3910ba: the server could not find the requested resource (get pods dns-test-d8c63a8f-9ca7-4b9c-b947-d04fba3910ba)&#xA;Aug 27 11:27:20.343: INFO: Unable to read jessie_tcp@PodARecord from pod dns-615/dns-test-d8c63a8f-9ca7-4b9c-b947-d04fba3910ba: the server could not find the requested resource (get pods dns-test-d8c63a8f-9ca7-4b9c-b947-d04fba3910ba)&#xA;Aug 27 11:27:20.343: INFO: Lookups using dns-615/dns-test-d8c63a8f-9ca7-4b9c-b947-d04fba3910ba failed for: [wheezy_udp@PodARecord wheezy_tcp@PodARecord jessie_udp@PodARecord jessie_tcp@PodARecord]&#xA;&#xA;Aug 27 11:27:25.313: INFO: Unable to read wheezy_udp@PodARecord from pod dns-615/dns-test-d8c63a8f-9ca7-4b9c-b947-d04fba3910ba: the server could not find the requested resource (get pods dns-test-d8c63a8f-9ca7-4b9c-b947-d04fba3910ba)&#xA;Aug 27 11:27:25.318: INFO: Unable to read wheezy_tcp@PodARecord from pod dns-615/dns-test-d8c63a8f-9ca7-4b9c-b947-d04fba3910ba: the server could not find the requested resource (get pods dns-test-d8c63a8f-9ca7-4b9c-b947-d04fba3910ba)&#xA;Aug 27 11:27:25.334: INFO: Unable to read jessie_udp@PodARecord from pod dns-615/dns-test-d8c63a8f-9ca7-4b9c-b947-d04fba3910ba: the server could not find the requested resource (get pods dns-test-d8c63a8f-9ca7-4b9c-b947-d04fba3910ba)&#xA;Aug 27 11:27:25.340: INFO: Unable to read jessie_tcp@PodARecord from pod dns-615/dns-test-d8c63a8f-9ca7-4b9c-b947-d04fba3910ba: the server could not find the requested resource (get pods dns-test-d8c63a8f-9ca7-4b9c-b947-d04fba3910ba)&#xA;Aug 27 11:27:25.340: INFO: Lookups using dns-615/dns-test-d8c63a8f-9ca7-4b9c-b947-d04fba3910ba failed for: [wheezy_udp@PodARecord wheezy_tcp@PodARecord jessie_udp@PodARecord jessie_tcp@PodARecord]&#xA;&#xA;Aug 27 11:27:30.307: INFO: Unable to read wheezy_udp@PodARecord from pod dns-615/dns-test-d8c63a8f-9ca7-4b9c-b947-d04fba3910ba: the server could not find the requested resource (get pods dns-test-d8c63a8f-9ca7-4b9c-b947-d04fba3910ba)&#xA;Aug 27 11:27:30.311: INFO: Unable to read wheezy_tcp@PodARecord from pod dns-615/dns-test-d8c63a8f-9ca7-4b9c-b947-d04fba3910ba: the server could not find the requested resource (get pods dns-test-d8c63a8f-9ca7-4b9c-b947-d04fba3910ba)&#xA;Aug 27 11:27:30.320: INFO: Unable to read jessie_udp@PodARecord from pod dns-615/dns-test-d8c63a8f-9ca7-4b9c-b947-d04fba3910ba: the server could not find the requested resource (get pods dns-test-d8c63a8f-9ca7-4b9c-b947-d04fba3910ba)&#xA;Aug 27 11:27:30.325: INFO: Unable to read jessie_tcp@PodARecord from pod dns-615/dns-test-d8c63a8f-9ca7-4b9c-b947-d04fba3910ba: the server could not find the requested resource (get pods dns-test-d8c63a8f-9ca7-4b9c-b947-d04fba3910ba)&#xA;Aug 27 11:27:30.325: INFO: Lookups using dns-615/dns-test-d8c63a8f-9ca7-4b9c-b947-d04fba3910ba failed for: [wheezy_udp@PodARecord wheezy_tcp@PodARecord jessie_udp@PodARecord jessie_tcp@PodARecord]&#xA;&#xA;Aug 27 11:27:35.306: INFO: Unable to read wheezy_udp@PodARecord from pod dns-615/dns-test-d8c63a8f-9ca7-4b9c-b947-d04fba3910ba: the server could not find the requested resource (get pods dns-test-d8c63a8f-9ca7-4b9c-b947-d04fba3910ba)&#xA;Aug 27 11:27:35.309: INFO: Unable to read wheezy_tcp@PodARecord from pod dns-615/dns-test-d8c63a8f-9ca7-4b9c-b947-d04fba3910ba: the server could not find the requested resource (get pods dns-test-d8c63a8f-9ca7-4b9c-b947-d04fba3910ba)&#xA;Aug 27 11:27:35.323: INFO: Unable to read jessie_udp@PodARecord from pod dns-615/dns-test-d8c63a8f-9ca7-4b9c-b947-d04fba3910ba: the server could not find the requested resource (get pods dns-test-d8c63a8f-9ca7-4b9c-b947-d04fba3910ba)&#xA;Aug 27 11:27:35.328: INFO: Unable to read jessie_tcp@PodARecord from pod dns-615/dns-test-d8c63a8f-9ca7-4b9c-b947-d04fba3910ba: the server could not find the requested resource (get pods dns-test-d8c63a8f-9ca7-4b9c-b947-d04fba3910ba)&#xA;Aug 27 11:27:35.328: INFO: Lookups using dns-615/dns-test-d8c63a8f-9ca7-4b9c-b947-d04fba3910ba failed for: [wheezy_udp@PodARecord wheezy_tcp@PodARecord jessie_udp@PodARecord jessie_tcp@PodARecord]&#xA;&#xA;Aug 27 11:27:40.318: INFO: Unable to read wheezy_udp@PodARecord from pod dns-615/dns-test-d8c63a8f-9ca7-4b9c-b947-d04fba3910ba: the server could not find the requested resource (get pods dns-test-d8c63a8f-9ca7-4b9c-b947-d04fba3910ba)&#xA;Aug 27 11:27:40.339: INFO: Unable to read wheezy_tcp@PodARecord from pod dns-615/dns-test-d8c63a8f-9ca7-4b9c-b947-d04fba3910ba: the server could not find the requested resource (get pods dns-test-d8c63a8f-9ca7-4b9c-b947-d04fba3910ba)&#xA;Aug 27 11:27:40.350: INFO: Unable to read jessie_udp@PodARecord from pod dns-615/dns-test-d8c63a8f-9ca7-4b9c-b947-d04fba3910ba: the server could not find the requested resource (get pods dns-test-d8c63a8f-9ca7-4b9c-b947-d04fba3910ba)&#xA;Aug 27 11:27:40.353: INFO: Unable to read jessie_tcp@PodARecord from pod dns-615/dns-test-d8c63a8f-9ca7-4b9c-b947-d04fba3910ba: the server could not find the requested resource (get pods dns-test-d8c63a8f-9ca7-4b9c-b947-d04fba3910ba)&#xA;Aug 27 11:27:40.354: INFO: Lookups using dns-615/dns-test-d8c63a8f-9ca7-4b9c-b947-d04fba3910ba failed for: [wheezy_udp@PodARecord wheezy_tcp@PodARecord jessie_udp@PodARecord jessie_tcp@PodARecord]&#xA;&#xA;Aug 27 11:27:45.311: INFO: Unable to read wheezy_udp@PodARecord from pod dns-615/dns-test-d8c63a8f-9ca7-4b9c-b947-d04fba3910ba: the server could not find the requested resource (get pods dns-test-d8c63a8f-9ca7-4b9c-b947-d04fba3910ba)&#xA;Aug 27 11:27:45.323: INFO: Unable to read wheezy_tcp@PodARecord from pod dns-615/dns-test-d8c63a8f-9ca7-4b9c-b947-d04fba3910ba: the server could not find the requested resource (get pods dns-test-d8c63a8f-9ca7-4b9c-b947-d04fba3910ba)&#xA;Aug 27 11:27:45.344: INFO: Unable to read jessie_udp@PodARecord from pod dns-615/dns-test-d8c63a8f-9ca7-4b9c-b947-d04fba3910ba: the server could not find the requested resource (get pods dns-test-d8c63a8f-9ca7-4b9c-b947-d04fba3910ba)&#xA;Aug 27 11:27:45.350: INFO: Unable to read jessie_tcp@PodARecord from pod dns-615/dns-test-d8c63a8f-9ca7-4b9c-b947-d04fba3910ba: the server could not find the requested resource (get pods dns-test-d8c63a8f-9ca7-4b9c-b947-d04fba3910ba)&#xA;Aug 27 11:27:45.351: INFO: Lookups using dns-615/dns-test-d8c63a8f-9ca7-4b9c-b947-d04fba3910ba failed for: [wheezy_udp@PodARecord wheezy_tcp@PodARecord jessie_udp@PodARecord jessie_tcp@PodARecord]&#xA;&#xA;Aug 27 11:27:50.315: INFO: Unable to read wheezy_udp@PodARecord from pod dns-615/dns-test-d8c63a8f-9ca7-4b9c-b947-d04fba3910ba: the server could not find the requested resource (get pods dns-test-d8c63a8f-9ca7-4b9c-b947-d04fba3910ba)&#xA;Aug 27 11:27:50.319: INFO: Unable to read wheezy_tcp@PodARecord from pod dns-615/dns-test-d8c63a8f-9ca7-4b9c-b947-d04fba3910ba: the server could not find the requested resource (get pods dns-test-d8c63a8f-9ca7-4b9c-b947-d04fba3910ba)&#xA;Aug 27 11:27:50.340: INFO: Unable to read jessie_udp@PodARecord from pod dns-615/dns-test-d8c63a8f-9ca7-4b9c-b947-d04fba3910ba: the server could not find the requested resource (get pods dns-test-d8c63a8f-9ca7-4b9c-b947-d04fba3910ba)&#xA;Aug 27 11:27:50.344: INFO: Unable to read jessie_tcp@PodARecord from pod dns-615/dns-test-d8c63a8f-9ca7-4b9c-b947-d04fba3910ba: the server could not find the requested resource (get pods dns-test-d8c63a8f-9ca7-4b9c-b947-d04fba3910ba)&#xA;Aug 27 11:27:50.344: INFO: Lookups using dns-615/dns-test-d8c63a8f-9ca7-4b9c-b947-d04fba3910ba failed for: [wheezy_udp@PodARecord wheezy_tcp@PodARecord jessie_udp@PodARecord jessie_tcp@PodARecord]&#xA;&#xA;Aug 27 11:27:55.318: INFO: Unable to read wheezy_udp@PodARecord from pod dns-615/dns-test-d8c63a8f-9ca7-4b9c-b947-d04fba3910ba: the server could not find the requested resource (get pods dns-test-d8c63a8f-9ca7-4b9c-b947-d04fba3910ba)&#xA;Aug 27 11:27:55.326: INFO: Unable to read wheezy_tcp@PodARecord from pod dns-615/dns-test-d8c63a8f-9ca7-4b9c-b947-d04fba3910ba: the server could not find the requested resource (get pods dns-test-d8c63a8f-9ca7-4b9c-b947-d04fba3910ba)&#xA;Aug 27 11:27:55.340: INFO: Unable to read jessie_udp@PodARecord from pod dns-615/dns-test-d8c63a8f-9ca7-4b9c-b947-d04fba3910ba: the server could not find the requested resource (get pods dns-test-d8c63a8f-9ca7-4b9c-b947-d04fba3910ba)&#xA;Aug 27 11:27:55.344: INFO: Unable to read jessie_tcp@PodARecord from pod dns-615/dns-test-d8c63a8f-9ca7-4b9c-b947-d04fba3910ba: the server could not find the requested resource (get pods dns-test-d8c63a8f-9ca7-4b9c-b947-d04fba3910ba)&#xA;Aug 27 11:27:55.344: INFO: Lookups using dns-615/dns-test-d8c63a8f-9ca7-4b9c-b947-d04fba3910ba failed for: [wheezy_udp@PodARecord wheezy_tcp@PodARecord jessie_udp@PodARecord jessie_tcp@PodARecord]&#xA;&#xA;Aug 27 11:28:00.331: INFO: Unable to read wheezy_udp@PodARecord from pod dns-615/dns-test-d8c63a8f-9ca7-4b9c-b947-d04fba3910ba: the server could not find the requested resource (get pods dns-test-d8c63a8f-9ca7-4b9c-b947-d04fba3910ba)&#xA;Aug 27 11:28:00.335: INFO: Unable to read wheezy_tcp@PodARecord from pod dns-615/dns-test-d8c63a8f-9ca7-4b9c-b947-d04fba3910ba: the server could not find the requested resource (get pods dns-test-d8c63a8f-9ca7-4b9c-b947-d04fba3910ba)&#xA;Aug 27 11:28:00.355: INFO: Unable to read jessie_udp@PodARecord from pod dns-615/dns-test-d8c63a8f-9ca7-4b9c-b947-d04fba3910ba: the server could not find the requested resource (get pods dns-test-d8c63a8f-9ca7-4b9c-b947-d04fba3910ba)&#xA;Aug 27 11:28:00.362: INFO: Unable to read jessie_tcp@PodARecord from pod dns-615/dns-test-d8c63a8f-9ca7-4b9c-b947-d04fba3910ba: the server could not find the requested resource (get pods dns-test-d8c63a8f-9ca7-4b9c-b947-d04fba3910ba)&#xA;Aug 27 11:28:00.362: INFO: Lookups using dns-615/dns-test-d8c63a8f-9ca7-4b9c-b947-d04fba3910ba failed for: [wheezy_udp@PodARecord wheezy_tcp@PodARecord jessie_udp@PodARecord jessie_tcp@PodARecord]&#xA;&#xA;Aug 27 11:28:05.336: INFO: Unable to read wheezy_udp@PodARecord from pod dns-615/dns-test-d8c63a8f-9ca7-4b9c-b947-d04fba3910ba: the server could not find the requested resource (get pods dns-test-d8c63a8f-9ca7-4b9c-b947-d04fba3910ba)&#xA;Aug 27 11:28:05.360: INFO: Unable to read wheezy_tcp@PodARecord from pod dns-615/dns-test-d8c63a8f-9ca7-4b9c-b947-d04fba3910ba: the server could not find the requested resource (get pods dns-test-d8c63a8f-9ca7-4b9c-b947-d04fba3910ba)&#xA;Aug 27 11:28:05.370: INFO: Unable to read jessie_udp@PodARecord from pod dns-615/dns-test-d8c63a8f-9ca7-4b9c-b947-d04fba3910ba: the server could not find the requested resource (get pods dns-test-d8c63a8f-9ca7-4b9c-b947-d04fba3910ba)&#xA;Aug 27 11:28:05.374: INFO: Unable to read jessie_tcp@PodARecord from pod dns-615/dns-test-d8c63a8f-9ca7-4b9c-b947-d04fba3910ba: the server could not find the requested resource (get pods dns-test-d8c63a8f-9ca7-4b9c-b947-d04fba3910ba)&#xA;Aug 27 11:28:05.374: INFO: Lookups using dns-615/dns-test-d8c63a8f-9ca7-4b9c-b947-d04fba3910ba failed for: [wheezy_udp@PodARecord wheezy_tcp@PodARecord jessie_udp@PodARecord jessie_tcp@PodARecord]&#xA;&#xA;Aug 27 11:28:10.309: INFO: Unable to read wheezy_udp@PodARecord from pod dns-615/dns-test-d8c63a8f-9ca7-4b9c-b947-d04fba3910ba: the server could not find the requested resource (get pods dns-test-d8c63a8f-9ca7-4b9c-b947-d04fba3910ba)&#xA;Aug 27 11:28:10.313: INFO: Unable to read wheezy_tcp@PodARecord from pod dns-615/dns-test-d8c63a8f-9ca7-4b9c-b947-d04fba3910ba: the server could not find the requested resource (get pods dns-test-d8c63a8f-9ca7-4b9c-b947-d04fba3910ba)&#xA;Aug 27 11:28:10.324: INFO: Unable to read jessie_udp@PodARecord from pod dns-615/dns-test-d8c63a8f-9ca7-4b9c-b947-d04fba3910ba: the server could not find the requested resource (get pods dns-test-d8c63a8f-9ca7-4b9c-b947-d04fba3910ba)&#xA;Aug 27 11:28:10.328: INFO: Unable to read jessie_tcp@PodARecord from pod dns-615/dns-test-d8c63a8f-9ca7-4b9c-b947-d04fba3910ba: the server could not find the requested resource (get pods dns-test-d8c63a8f-9ca7-4b9c-b947-d04fba3910ba)&#xA;Aug 27 11:28:10.329: INFO: Lookups using dns-615/dns-test-d8c63a8f-9ca7-4b9c-b947-d04fba3910ba failed for: [wheezy_udp@PodARecord wheezy_tcp@PodARecord jessie_udp@PodARecord jessie_tcp@PodARecord]&#xA;&#xA;Aug 27 11:28:15.319: INFO: Unable to read wheezy_udp@PodARecord from pod dns-615/dns-test-d8c63a8f-9ca7-4b9c-b947-d04fba3910ba: the server could not find the requested resource (get pods dns-test-d8c63a8f-9ca7-4b9c-b947-d04fba3910ba)&#xA;Aug 27 11:28:15.327: INFO: Unable to read wheezy_tcp@PodARecord from pod dns-615/dns-test-d8c63a8f-9ca7-4b9c-b947-d04fba3910ba: the server could not find the requested resource (get pods dns-test-d8c63a8f-9ca7-4b9c-b947-d04fba3910ba)&#xA;Aug 27 11:28:15.351: INFO: Unable to read jessie_udp@PodARecord from pod dns-615/dns-test-d8c63a8f-9ca7-4b9c-b947-d04fba3910ba: the server could not find the requested resource (get pods dns-test-d8c63a8f-9ca7-4b9c-b947-d04fba3910ba)&#xA;Aug 27 11:28:15.362: INFO: Unable to read jessie_tcp@PodARecord from pod dns-615/dns-test-d8c63a8f-9ca7-4b9c-b947-d04fba3910ba: the server could not find the requested resource (get pods dns-test-d8c63a8f-9ca7-4b9c-b947-d04fba3910ba)&#xA;Aug 27 11:28:15.362: INFO: Lookups using dns-615/dns-test-d8c63a8f-9ca7-4b9c-b947-d04fba3910ba failed for: [wheezy_udp@PodARecord wheezy_tcp@PodARecord jessie_udp@PodARecord jessie_tcp@PodARecord]&#xA;&#xA;Aug 27 11:28:20.314: INFO: Unable to read wheezy_udp@PodARecord from pod dns-615/dns-test-d8c63a8f-9ca7-4b9c-b947-d04fba3910ba: the server could not find the requested resource (get pods dns-test-d8c63a8f-9ca7-4b9c-b947-d04fba3910ba)&#xA;Aug 27 11:28:20.318: INFO: Unable to read wheezy_tcp@PodARecord from pod dns-615/dns-test-d8c63a8f-9ca7-4b9c-b947-d04fba3910ba: the server could not find the requested resource (get pods dns-test-d8c63a8f-9ca7-4b9c-b947-d04fba3910ba)&#xA;Aug 27 11:28:20.332: INFO: Unable to read jessie_udp@PodARecord from pod dns-615/dns-test-d8c63a8f-9ca7-4b9c-b947-d04fba3910ba: the server could not find the requested resource (get pods dns-test-d8c63a8f-9ca7-4b9c-b947-d04fba3910ba)&#xA;Aug 27 11:28:20.336: INFO: Unable to read jessie_tcp@PodARecord from pod dns-615/dns-test-d8c63a8f-9ca7-4b9c-b947-d04fba3910ba: the server could not find the requested resource (get pods dns-test-d8c63a8f-9ca7-4b9c-b947-d04fba3910ba)&#xA;Aug 27 11:28:20.336: INFO: Lookups using dns-615/dns-test-d8c63a8f-9ca7-4b9c-b947-d04fba3910ba failed for: [wheezy_udp@PodARecord wheezy_tcp@PodARecord jessie_udp@PodARecord jessie_tcp@PodARecord]&#xA;&#xA;Aug 27 11:28:25.307: INFO: Unable to read wheezy_udp@PodARecord from pod dns-615/dns-test-d8c63a8f-9ca7-4b9c-b947-d04fba3910ba: the server could not find the requested resource (get pods dns-test-d8c63a8f-9ca7-4b9c-b947-d04fba3910ba)&#xA;Aug 27 11:28:25.310: INFO: Unable to read wheezy_tcp@PodARecord from pod dns-615/dns-test-d8c63a8f-9ca7-4b9c-b947-d04fba3910ba: the server could not find the requested resource (get pods dns-test-d8c63a8f-9ca7-4b9c-b947-d04fba3910ba)&#xA;Aug 27 11:28:25.319: INFO: Unable to read jessie_udp@PodARecord from pod dns-615/dns-test-d8c63a8f-9ca7-4b9c-b947-d04fba3910ba: the server could not find the requested resource (get pods dns-test-d8c63a8f-9ca7-4b9c-b947-d04fba3910ba)&#xA;Aug 27 11:28:25.323: INFO: Unable to read jessie_tcp@PodARecord from pod dns-615/dns-test-d8c63a8f-9ca7-4b9c-b947-d04fba3910ba: the server could not find the requested resource (get pods dns-test-d8c63a8f-9ca7-4b9c-b947-d04fba3910ba)&#xA;Aug 27 11:28:25.323: INFO: Lookups using dns-615/dns-test-d8c63a8f-9ca7-4b9c-b947-d04fba3910ba failed for: [wheezy_udp@PodARecord wheezy_tcp@PodARecord jessie_udp@PodARecord jessie_tcp@PodARecord]&#xA;&#xA;Aug 27 11:28:30.323: INFO: Unable to read wheezy_udp@PodARecord from pod dns-615/dns-test-d8c63a8f-9ca7-4b9c-b947-d04fba3910ba: the server could not find the requested resource (get pods dns-test-d8c63a8f-9ca7-4b9c-b947-d04fba3910ba)&#xA;Aug 27 11:28:30.333: INFO: Unable to read wheezy_tcp@PodARecord from pod dns-615/dns-test-d8c63a8f-9ca7-4b9c-b947-d04fba3910ba: the server could not find the requested resource (get pods dns-test-d8c63a8f-9ca7-4b9c-b947-d04fba3910ba)&#xA;Aug 27 11:28:30.350: INFO: Unable to read jessie_udp@PodARecord from pod dns-615/dns-test-d8c63a8f-9ca7-4b9c-b947-d04fba3910ba: the server could not find the requested resource (get pods dns-test-d8c63a8f-9ca7-4b9c-b947-d04fba3910ba)&#xA;Aug 27 11:28:30.364: INFO: Unable to read jessie_tcp@PodARecord from pod dns-615/dns-test-d8c63a8f-9ca7-4b9c-b947-d04fba3910ba: the server could not find the requested resource (get pods dns-test-d8c63a8f-9ca7-4b9c-b947-d04fba3910ba)&#xA;Aug 27 11:28:30.364: INFO: Lookups using dns-615/dns-test-d8c63a8f-9ca7-4b9c-b947-d04fba3910ba failed for: [wheezy_udp@PodARecord wheezy_tcp@PodARecord jessie_udp@PodARecord jessie_tcp@PodARecord]&#xA;&#xA;Aug 27 11:28:35.309: INFO: Unable to read wheezy_udp@PodARecord from pod dns-615/dns-test-d8c63a8f-9ca7-4b9c-b947-d04fba3910ba: the server could not find the requested resource (get pods dns-test-d8c63a8f-9ca7-4b9c-b947-d04fba3910ba)&#xA;Aug 27 11:28:35.312: INFO: Unable to read wheezy_tcp@PodARecord from pod dns-615/dns-test-d8c63a8f-9ca7-4b9c-b947-d04fba3910ba: the server could not find the requested resource (get pods dns-test-d8c63a8f-9ca7-4b9c-b947-d04fba3910ba)&#xA;Aug 27 11:28:35.323: INFO: Unable to read jessie_udp@PodARecord from pod dns-615/dns-test-d8c63a8f-9ca7-4b9c-b947-d04fba3910ba: the server could not find the requested resource (get pods dns-test-d8c63a8f-9ca7-4b9c-b947-d04fba3910ba)&#xA;Aug 27 11:28:35.326: INFO: Unable to read jessie_tcp@PodARecord from pod dns-615/dns-test-d8c63a8f-9ca7-4b9c-b947-d04fba3910ba: the server could not find the requested resource (get pods dns-test-d8c63a8f-9ca7-4b9c-b947-d04fba3910ba)&#xA;Aug 27 11:28:35.326: INFO: Lookups using dns-615/dns-test-d8c63a8f-9ca7-4b9c-b947-d04fba3910ba failed for: [wheezy_udp@PodARecord wheezy_tcp@PodARecord jessie_udp@PodARecord jessie_tcp@PodARecord]&#xA;&#xA;Aug 27 11:28:40.308: INFO: Unable to read wheezy_udp@PodARecord from pod dns-615/dns-test-d8c63a8f-9ca7-4b9c-b947-d04fba3910ba: the server could not find the requested resource (get pods dns-test-d8c63a8f-9ca7-4b9c-b947-d04fba3910ba)&#xA;Aug 27 11:28:40.311: INFO: Unable to read wheezy_tcp@PodARecord from pod dns-615/dns-test-d8c63a8f-9ca7-4b9c-b947-d04fba3910ba: the server could not find the requested resource (get pods dns-test-d8c63a8f-9ca7-4b9c-b947-d04fba3910ba)&#xA;Aug 27 11:28:40.321: INFO: Unable to read jessie_udp@PodARecord from pod dns-615/dns-test-d8c63a8f-9ca7-4b9c-b947-d04fba3910ba: the server could not find the requested resource (get pods dns-test-d8c63a8f-9ca7-4b9c-b947-d04fba3910ba)&#xA;Aug 27 11:28:40.329: INFO: Unable to read jessie_tcp@PodARecord from pod dns-615/dns-test-d8c63a8f-9ca7-4b9c-b947-d04fba3910ba: the server could not find the requested resource (get pods dns-test-d8c63a8f-9ca7-4b9c-b947-d04fba3910ba)&#xA;Aug 27 11:28:40.329: INFO: Lookups using dns-615/dns-test-d8c63a8f-9ca7-4b9c-b947-d04fba3910ba failed for: [wheezy_udp@PodARecord wheezy_tcp@PodARecord jessie_udp@PodARecord jessie_tcp@PodARecord]&#xA;&#xA;Aug 27 11:28:45.317: INFO: Unable to read wheezy_udp@PodARecord from pod dns-615/dns-test-d8c63a8f-9ca7-4b9c-b947-d04fba3910ba: the server could not find the requested resource (get pods dns-test-d8c63a8f-9ca7-4b9c-b947-d04fba3910ba)&#xA;Aug 27 11:28:45.329: INFO: Unable to read wheezy_tcp@PodARecord from pod dns-615/dns-test-d8c63a8f-9ca7-4b9c-b947-d04fba3910ba: the server could not find the requested resource (get pods dns-test-d8c63a8f-9ca7-4b9c-b947-d04fba3910ba)&#xA;Aug 27 11:28:45.351: INFO: Unable to read jessie_udp@PodARecord from pod dns-615/dns-test-d8c63a8f-9ca7-4b9c-b947-d04fba3910ba: the server could not find the requested resource (get pods dns-test-d8c63a8f-9ca7-4b9c-b947-d04fba3910ba)&#xA;Aug 27 11:28:45.355: INFO: Unable to read jessie_tcp@PodARecord from pod dns-615/dns-test-d8c63a8f-9ca7-4b9c-b947-d04fba3910ba: the server could not find the requested resource (get pods dns-test-d8c63a8f-9ca7-4b9c-b947-d04fba3910ba)&#xA;Aug 27 11:28:45.355: INFO: Lookups using dns-615/dns-test-d8c63a8f-9ca7-4b9c-b947-d04fba3910ba failed for: [wheezy_udp@PodARecord wheezy_tcp@PodARecord jessie_udp@PodARecord jessie_tcp@PodARecord]&#xA;&#xA;Aug 27 11:28:50.310: INFO: Unable to read wheezy_udp@PodARecord from pod dns-615/dns-test-d8c63a8f-9ca7-4b9c-b947-d04fba3910ba: the server could not find the requested resource (get pods dns-test-d8c63a8f-9ca7-4b9c-b947-d04fba3910ba)&#xA;Aug 27 11:28:50.314: INFO: Unable to read wheezy_tcp@PodARecord from pod dns-615/dns-test-d8c63a8f-9ca7-4b9c-b947-d04fba3910ba: the server could not find the requested resource (get pods dns-test-d8c63a8f-9ca7-4b9c-b947-d04fba3910ba)&#xA;Aug 27 11:28:50.329: INFO: Unable to read jessie_udp@PodARecord from pod dns-615/dns-test-d8c63a8f-9ca7-4b9c-b947-d04fba3910ba: the server could not find the requested resource (get pods dns-test-d8c63a8f-9ca7-4b9c-b947-d04fba3910ba)&#xA;Aug 27 11:28:50.333: INFO: Unable to read jessie_tcp@PodARecord from pod dns-615/dns-test-d8c63a8f-9ca7-4b9c-b947-d04fba3910ba: the server could not find the requested resource (get pods dns-test-d8c63a8f-9ca7-4b9c-b947-d04fba3910ba)&#xA;Aug 27 11:28:50.333: INFO: Lookups using dns-615/dns-test-d8c63a8f-9ca7-4b9c-b947-d04fba3910ba failed for: [wheezy_udp@PodARecord wheezy_tcp@PodARecord jessie_udp@PodARecord jessie_tcp@PodARecord]&#xA;&#xA;Aug 27 11:28:55.324: INFO: Unable to read wheezy_udp@PodARecord from pod dns-615/dns-test-d8c63a8f-9ca7-4b9c-b947-d04fba3910ba: the server could not find the requested resource (get pods dns-test-d8c63a8f-9ca7-4b9c-b947-d04fba3910ba)&#xA;Aug 27 11:28:55.328: INFO: Unable to read wheezy_tcp@PodARecord from pod dns-615/dns-test-d8c63a8f-9ca7-4b9c-b947-d04fba3910ba: the server could not find the requested resource (get pods dns-test-d8c63a8f-9ca7-4b9c-b947-d04fba3910ba)&#xA;Aug 27 11:28:55.343: INFO: Unable to read jessie_udp@PodARecord from pod dns-615/dns-test-d8c63a8f-9ca7-4b9c-b947-d04fba3910ba: the server could not find the requested resource (get pods dns-test-d8c63a8f-9ca7-4b9c-b947-d04fba3910ba)&#xA;Aug 27 11:28:55.347: INFO: Unable to read jessie_tcp@PodARecord from pod dns-615/dns-test-d8c63a8f-9ca7-4b9c-b947-d04fba3910ba: the server could not find the requested resource (get pods dns-test-d8c63a8f-9ca7-4b9c-b947-d04fba3910ba)&#xA;Aug 27 11:28:55.347: INFO: Lookups using dns-615/dns-test-d8c63a8f-9ca7-4b9c-b947-d04fba3910ba failed for: [wheezy_udp@PodARecord wheezy_tcp@PodARecord jessie_udp@PodARecord jessie_tcp@PodARecord]&#xA;&#xA;Aug 27 11:29:00.307: INFO: Unable to read wheezy_udp@PodARecord from pod dns-615/dns-test-d8c63a8f-9ca7-4b9c-b947-d04fba3910ba: the server could not find the requested resource (get pods dns-test-d8c63a8f-9ca7-4b9c-b947-d04fba3910ba)&#xA;Aug 27 11:29:00.310: INFO: Unable to read wheezy_tcp@PodARecord from pod dns-615/dns-test-d8c63a8f-9ca7-4b9c-b947-d04fba3910ba: the server could not find the requested resource (get pods dns-test-d8c63a8f-9ca7-4b9c-b947-d04fba3910ba)&#xA;Aug 27 11:29:00.319: INFO: Unable to read jessie_udp@PodARecord from pod dns-615/dns-test-d8c63a8f-9ca7-4b9c-b947-d04fba3910ba: the server could not find the requested resource (get pods dns-test-d8c63a8f-9ca7-4b9c-b947-d04fba3910ba)&#xA;Aug 27 11:29:00.323: INFO: Unable to read jessie_tcp@PodARecord from pod dns-615/dns-test-d8c63a8f-9ca7-4b9c-b947-d04fba3910ba: the server could not find the requested resource (get pods dns-test-d8c63a8f-9ca7-4b9c-b947-d04fba3910ba)&#xA;Aug 27 11:29:00.323: INFO: Lookups using dns-615/dns-test-d8c63a8f-9ca7-4b9c-b947-d04fba3910ba failed for: [wheezy_udp@PodARecord wheezy_tcp@PodARecord jessie_udp@PodARecord jessie_tcp@PodARecord]&#xA;&#xA;Aug 27 11:29:05.337: INFO: Unable to read wheezy_udp@PodARecord from pod dns-615/dns-test-d8c63a8f-9ca7-4b9c-b947-d04fba3910ba: the server could not find the requested resource (get pods dns-test-d8c63a8f-9ca7-4b9c-b947-d04fba3910ba)&#xA;Aug 27 11:29:05.344: INFO: Unable to read wheezy_tcp@PodARecord from pod dns-615/dns-test-d8c63a8f-9ca7-4b9c-b947-d04fba3910ba: the server could not find the requested resource (get pods dns-test-d8c63a8f-9ca7-4b9c-b947-d04fba3910ba)&#xA;Aug 27 11:29:05.362: INFO: Unable to read jessie_udp@PodARecord from pod dns-615/dns-test-d8c63a8f-9ca7-4b9c-b947-d04fba3910ba: the server could not find the requested resource (get pods dns-test-d8c63a8f-9ca7-4b9c-b947-d04fba3910ba)&#xA;Aug 27 11:29:05.367: INFO: Unable to read jessie_tcp@PodARecord from pod dns-615/dns-test-d8c63a8f-9ca7-4b9c-b947-d04fba3910ba: the server could not find the requested resource (get pods dns-test-d8c63a8f-9ca7-4b9c-b947-d04fba3910ba)&#xA;Aug 27 11:29:05.368: INFO: Lookups using dns-615/dns-test-d8c63a8f-9ca7-4b9c-b947-d04fba3910ba failed for: [wheezy_udp@PodARecord wheezy_tcp@PodARecord jessie_udp@PodARecord jessie_tcp@PodARecord]&#xA;&#xA;Aug 27 11:29:10.315: INFO: Unable to read wheezy_udp@PodARecord from pod dns-615/dns-test-d8c63a8f-9ca7-4b9c-b947-d04fba3910ba: the server could not find the requested resource (get pods dns-test-d8c63a8f-9ca7-4b9c-b947-d04fba3910ba)&#xA;Aug 27 11:29:10.318: INFO: Unable to read wheezy_tcp@PodARecord from pod dns-615/dns-test-d8c63a8f-9ca7-4b9c-b947-d04fba3910ba: the server could not find the requested resource (get pods dns-test-d8c63a8f-9ca7-4b9c-b947-d04fba3910ba)&#xA;Aug 27 11:29:10.379: INFO: Unable to read jessie_udp@PodARecord from pod dns-615/dns-test-d8c63a8f-9ca7-4b9c-b947-d04fba3910ba: the server could not find the requested resource (get pods dns-test-d8c63a8f-9ca7-4b9c-b947-d04fba3910ba)&#xA;Aug 27 11:29:10.383: INFO: Unable to read jessie_tcp@PodARecord from pod dns-615/dns-test-d8c63a8f-9ca7-4b9c-b947-d04fba3910ba: the server could not find the requested resource (get pods dns-test-d8c63a8f-9ca7-4b9c-b947-d04fba3910ba)&#xA;Aug 27 11:29:10.383: INFO: Lookups using dns-615/dns-test-d8c63a8f-9ca7-4b9c-b947-d04fba3910ba failed for: [wheezy_udp@PodARecord wheezy_tcp@PodARecord jessie_udp@PodARecord jessie_tcp@PodARecord]&#xA;&#xA;Aug 27 11:29:15.310: INFO: Unable to read wheezy_udp@PodARecord from pod dns-615/dns-test-d8c63a8f-9ca7-4b9c-b947-d04fba3910ba: the server could not find the requested resource (get pods dns-test-d8c63a8f-9ca7-4b9c-b947-d04fba3910ba)&#xA;Aug 27 11:29:15.313: INFO: Unable to read wheezy_tcp@PodARecord from pod dns-615/dns-test-d8c63a8f-9ca7-4b9c-b947-d04fba3910ba: the server could not find the requested resource (get pods dns-test-d8c63a8f-9ca7-4b9c-b947-d04fba3910ba)&#xA;Aug 27 11:29:15.326: INFO: Unable to read jessie_udp@PodARecord from pod dns-615/dns-test-d8c63a8f-9ca7-4b9c-b947-d04fba3910ba: the server could not find the requested resource (get pods dns-test-d8c63a8f-9ca7-4b9c-b947-d04fba3910ba)&#xA;Aug 27 11:29:15.329: INFO: Unable to read jessie_tcp@PodARecord from pod dns-615/dns-test-d8c63a8f-9ca7-4b9c-b947-d04fba3910ba: the server could not find the requested resource (get pods dns-test-d8c63a8f-9ca7-4b9c-b947-d04fba3910ba)&#xA;Aug 27 11:29:15.330: INFO: Lookups using dns-615/dns-test-d8c63a8f-9ca7-4b9c-b947-d04fba3910ba failed for: [wheezy_udp@PodARecord wheezy_tcp@PodARecord jessie_udp@PodARecord jessie_tcp@PodARecord]&#xA;&#xA;Aug 27 11:29:20.342: INFO: Unable to read wheezy_udp@PodARecord from pod dns-615/dns-test-d8c63a8f-9ca7-4b9c-b947-d04fba3910ba: the server could not find the requested resource (get pods dns-test-d8c63a8f-9ca7-4b9c-b947-d04fba3910ba)&#xA;Aug 27 11:29:20.357: INFO: Unable to read wheezy_tcp@PodARecord from pod dns-615/dns-test-d8c63a8f-9ca7-4b9c-b947-d04fba3910ba: the server could not find the requested resource (get pods dns-test-d8c63a8f-9ca7-4b9c-b947-d04fba3910ba)&#xA;Aug 27 11:29:20.376: INFO: Unable to read jessie_udp@PodARecord from pod dns-615/dns-test-d8c63a8f-9ca7-4b9c-b947-d04fba3910ba: the server could not find the requested resource (get pods dns-test-d8c63a8f-9ca7-4b9c-b947-d04fba3910ba)&#xA;Aug 27 11:29:20.386: INFO: Unable to read jessie_tcp@PodARecord from pod dns-615/dns-test-d8c63a8f-9ca7-4b9c-b947-d04fba3910ba: the server could not find the requested resource (get pods dns-test-d8c63a8f-9ca7-4b9c-b947-d04fba3910ba)&#xA;Aug 27 11:29:20.386: INFO: Lookups using dns-615/dns-test-d8c63a8f-9ca7-4b9c-b947-d04fba3910ba failed for: [wheezy_udp@PodARecord wheezy_tcp@PodARecord jessie_udp@PodARecord jessie_tcp@PodARecord]&#xA;&#xA;Aug 27 11:29:25.322: INFO: Unable to read wheezy_udp@PodARecord from pod dns-615/dns-test-d8c63a8f-9ca7-4b9c-b947-d04fba3910ba: the server could not find the requested resource (get pods dns-test-d8c63a8f-9ca7-4b9c-b947-d04fba3910ba)&#xA;Aug 27 11:29:25.337: INFO: Unable to read wheezy_tcp@PodARecord from pod dns-615/dns-test-d8c63a8f-9ca7-4b9c-b947-d04fba3910ba: the server could not find the requested resource (get pods dns-test-d8c63a8f-9ca7-4b9c-b947-d04fba3910ba)&#xA;Aug 27 11:29:25.407: INFO: Unable to read jessie_udp@PodARecord from pod dns-615/dns-test-d8c63a8f-9ca7-4b9c-b947-d04fba3910ba: the server could not find the requested resource (get pods dns-test-d8c63a8f-9ca7-4b9c-b947-d04fba3910ba)&#xA;Aug 27 11:29:25.443: INFO: Unable to read jessie_tcp@PodARecord from pod dns-615/dns-test-d8c63a8f-9ca7-4b9c-b947-d04fba3910ba: the server could not find the requested resource (get pods dns-test-d8c63a8f-9ca7-4b9c-b947-d04fba3910ba)&#xA;Aug 27 11:29:25.443: INFO: Lookups using dns-615/dns-test-d8c63a8f-9ca7-4b9c-b947-d04fba3910ba failed for: [wheezy_udp@PodARecord wheezy_tcp@PodARecord jessie_udp@PodARecord jessie_tcp@PodARecord]&#xA;&#xA;Aug 27 11:29:30.311: INFO: Unable to read wheezy_udp@PodARecord from pod dns-615/dns-test-d8c63a8f-9ca7-4b9c-b947-d04fba3910ba: the server could not find the requested resource (get pods dns-test-d8c63a8f-9ca7-4b9c-b947-d04fba3910ba)&#xA;Aug 27 11:29:30.316: INFO: Unable to read wheezy_tcp@PodARecord from pod dns-615/dns-test-d8c63a8f-9ca7-4b9c-b947-d04fba3910ba: the server could not find the requested resource (get pods dns-test-d8c63a8f-9ca7-4b9c-b947-d04fba3910ba)&#xA;Aug 27 11:29:30.333: INFO: Unable to read jessie_udp@PodARecord from pod dns-615/dns-test-d8c63a8f-9ca7-4b9c-b947-d04fba3910ba: the server could not find the requested resource (get pods dns-test-d8c63a8f-9ca7-4b9c-b947-d04fba3910ba)&#xA;Aug 27 11:29:30.337: INFO: Unable to read jessie_tcp@PodARecord from pod dns-615/dns-test-d8c63a8f-9ca7-4b9c-b947-d04fba3910ba: the server could not find the requested resource (get pods dns-test-d8c63a8f-9ca7-4b9c-b947-d04fba3910ba)&#xA;Aug 27 11:29:30.337: INFO: Lookups using dns-615/dns-test-d8c63a8f-9ca7-4b9c-b947-d04fba3910ba failed for: [wheezy_udp@PodARecord wheezy_tcp@PodARecord jessie_udp@PodARecord jessie_tcp@PodARecord]&#xA;&#xA;Aug 27 11:29:35.330: INFO: Unable to read wheezy_udp@PodARecord from pod dns-615/dns-test-d8c63a8f-9ca7-4b9c-b947-d04fba3910ba: the server could not find the requested resource (get pods dns-test-d8c63a8f-9ca7-4b9c-b947-d04fba3910ba)&#xA;Aug 27 11:29:35.333: INFO: Unable to read wheezy_tcp@PodARecord from pod dns-615/dns-test-d8c63a8f-9ca7-4b9c-b947-d04fba3910ba: the server could not find the requested resource (get pods dns-test-d8c63a8f-9ca7-4b9c-b947-d04fba3910ba)&#xA;Aug 27 11:29:35.343: INFO: Unable to read jessie_udp@PodARecord from pod dns-615/dns-test-d8c63a8f-9ca7-4b9c-b947-d04fba3910ba: the server could not find the requested resource (get pods dns-test-d8c63a8f-9ca7-4b9c-b947-d04fba3910ba)&#xA;Aug 27 11:29:35.348: INFO: Unable to read jessie_tcp@PodARecord from pod dns-615/dns-test-d8c63a8f-9ca7-4b9c-b947-d04fba3910ba: the server could not find the requested resource (get pods dns-test-d8c63a8f-9ca7-4b9c-b947-d04fba3910ba)&#xA;Aug 27 11:29:35.348: INFO: Lookups using dns-615/dns-test-d8c63a8f-9ca7-4b9c-b947-d04fba3910ba failed for: [wheezy_udp@PodARecord wheezy_tcp@PodARecord jessie_udp@PodARecord jessie_tcp@PodARecord]&#xA;&#xA;Aug 27 11:29:40.314: INFO: Unable to read wheezy_udp@PodARecord from pod dns-615/dns-test-d8c63a8f-9ca7-4b9c-b947-d04fba3910ba: the server could not find the requested resource (get pods dns-test-d8c63a8f-9ca7-4b9c-b947-d04fba3910ba)&#xA;Aug 27 11:29:40.319: INFO: Unable to read wheezy_tcp@PodARecord from pod dns-615/dns-test-d8c63a8f-9ca7-4b9c-b947-d04fba3910ba: the server could not find the requested resource (get pods dns-test-d8c63a8f-9ca7-4b9c-b947-d04fba3910ba)&#xA;Aug 27 11:29:40.343: INFO: Unable to read jessie_udp@PodARecord from pod dns-615/dns-test-d8c63a8f-9ca7-4b9c-b947-d04fba3910ba: the server could not find the requested resource (get pods dns-test-d8c63a8f-9ca7-4b9c-b947-d04fba3910ba)&#xA;Aug 27 11:29:40.347: INFO: Unable to read jessie_tcp@PodARecord from pod dns-615/dns-test-d8c63a8f-9ca7-4b9c-b947-d04fba3910ba: the server could not find the requested resource (get pods dns-test-d8c63a8f-9ca7-4b9c-b947-d04fba3910ba)&#xA;Aug 27 11:29:40.347: INFO: Lookups using dns-615/dns-test-d8c63a8f-9ca7-4b9c-b947-d04fba3910ba failed for: [wheezy_udp@PodARecord wheezy_tcp@PodARecord jessie_udp@PodARecord jessie_tcp@PodARecord]&#xA;&#xA;Aug 27 11:29:45.332: INFO: Unable to read wheezy_udp@PodARecord from pod dns-615/dns-test-d8c63a8f-9ca7-4b9c-b947-d04fba3910ba: the server could not find the requested resource (get pods dns-test-d8c63a8f-9ca7-4b9c-b947-d04fba3910ba)&#xA;Aug 27 11:29:45.334: INFO: Unable to read wheezy_tcp@PodARecord from pod dns-615/dns-test-d8c63a8f-9ca7-4b9c-b947-d04fba3910ba: the server could not find the requested resource (get pods dns-test-d8c63a8f-9ca7-4b9c-b947-d04fba3910ba)&#xA;Aug 27 11:29:45.351: INFO: Unable to read jessie_udp@PodARecord from pod dns-615/dns-test-d8c63a8f-9ca7-4b9c-b947-d04fba3910ba: the server could not find the requested resource (get pods dns-test-d8c63a8f-9ca7-4b9c-b947-d04fba3910ba)&#xA;Aug 27 11:29:45.359: INFO: Unable to read jessie_tcp@PodARecord from pod dns-615/dns-test-d8c63a8f-9ca7-4b9c-b947-d04fba3910ba: the server could not find the requested resource (get pods dns-test-d8c63a8f-9ca7-4b9c-b947-d04fba3910ba)&#xA;Aug 27 11:29:45.359: INFO: Lookups using dns-615/dns-test-d8c63a8f-9ca7-4b9c-b947-d04fba3910ba failed for: [wheezy_udp@PodARecord wheezy_tcp@PodARecord jessie_udp@PodARecord jessie_tcp@PodARecord]&#xA;&#xA;Aug 27 11:29:50.314: INFO: Unable to read wheezy_udp@PodARecord from pod dns-615/dns-test-d8c63a8f-9ca7-4b9c-b947-d04fba3910ba: the server could not find the requested resource (get pods dns-test-d8c63a8f-9ca7-4b9c-b947-d04fba3910ba)&#xA;Aug 27 11:29:50.326: INFO: Unable to read wheezy_tcp@PodARecord from pod dns-615/dns-test-d8c63a8f-9ca7-4b9c-b947-d04fba3910ba: the server could not find the requested resource (get pods dns-test-d8c63a8f-9ca7-4b9c-b947-d04fba3910ba)&#xA;Aug 27 11:29:50.364: INFO: Unable to read jessie_udp@PodARecord from pod dns-615/dns-test-d8c63a8f-9ca7-4b9c-b947-d04fba3910ba: the server could not find the requested resource (get pods dns-test-d8c63a8f-9ca7-4b9c-b947-d04fba3910ba)&#xA;Aug 27 11:29:50.368: INFO: Unable to read jessie_tcp@PodARecord from pod dns-615/dns-test-d8c63a8f-9ca7-4b9c-b947-d04fba3910ba: the server could not find the requested resource (get pods dns-test-d8c63a8f-9ca7-4b9c-b947-d04fba3910ba)&#xA;Aug 27 11:29:50.369: INFO: Lookups using dns-615/dns-test-d8c63a8f-9ca7-4b9c-b947-d04fba3910ba failed for: [wheezy_udp@PodARecord wheezy_tcp@PodARecord jessie_udp@PodARecord jessie_tcp@PodARecord]&#xA;&#xA;Aug 27 11:29:55.311: INFO: Unable to read wheezy_udp@PodARecord from pod dns-615/dns-test-d8c63a8f-9ca7-4b9c-b947-d04fba3910ba: the server could not find the requested resource (get pods dns-test-d8c63a8f-9ca7-4b9c-b947-d04fba3910ba)&#xA;Aug 27 11:29:55.321: INFO: Unable to read wheezy_tcp@PodARecord from pod dns-615/dns-test-d8c63a8f-9ca7-4b9c-b947-d04fba3910ba: the server could not find the requested resource (get pods dns-test-d8c63a8f-9ca7-4b9c-b947-d04fba3910ba)&#xA;Aug 27 11:29:55.334: INFO: Unable to read jessie_udp@PodARecord from pod dns-615/dns-test-d8c63a8f-9ca7-4b9c-b947-d04fba3910ba: the server could not find the requested resource (get pods dns-test-d8c63a8f-9ca7-4b9c-b947-d04fba3910ba)&#xA;Aug 27 11:29:55.361: INFO: Unable to read jessie_tcp@PodARecord from pod dns-615/dns-test-d8c63a8f-9ca7-4b9c-b947-d04fba3910ba: the server could not find the requested resource (get pods dns-test-d8c63a8f-9ca7-4b9c-b947-d04fba3910ba)&#xA;Aug 27 11:29:55.362: INFO: Lookups using dns-615/dns-test-d8c63a8f-9ca7-4b9c-b947-d04fba3910ba failed for: [wheezy_udp@PodARecord wheezy_tcp@PodARecord jessie_udp@PodARecord jessie_tcp@PodARecord]&#xA;&#xA;Aug 27 11:30:00.311: INFO: Unable to read wheezy_udp@PodARecord from pod dns-615/dns-test-d8c63a8f-9ca7-4b9c-b947-d04fba3910ba: the server could not find the requested resource (get pods dns-test-d8c63a8f-9ca7-4b9c-b947-d04fba3910ba)&#xA;Aug 27 11:30:00.317: INFO: Unable to read wheezy_tcp@PodARecord from pod dns-615/dns-test-d8c63a8f-9ca7-4b9c-b947-d04fba3910ba: the server could not find the requested resource (get pods dns-test-d8c63a8f-9ca7-4b9c-b947-d04fba3910ba)&#xA;Aug 27 11:30:00.332: INFO: Unable to read jessie_udp@PodARecord from pod dns-615/dns-test-d8c63a8f-9ca7-4b9c-b947-d04fba3910ba: the server could not find the requested resource (get pods dns-test-d8c63a8f-9ca7-4b9c-b947-d04fba3910ba)&#xA;Aug 27 11:30:00.343: INFO: Unable to read jessie_tcp@PodARecord from pod dns-615/dns-test-d8c63a8f-9ca7-4b9c-b947-d04fba3910ba: the server could not find the requested resource (get pods dns-test-d8c63a8f-9ca7-4b9c-b947-d04fba3910ba)&#xA;Aug 27 11:30:00.343: INFO: Lookups using dns-615/dns-test-d8c63a8f-9ca7-4b9c-b947-d04fba3910ba failed for: [wheezy_udp@PodARecord wheezy_tcp@PodARecord jessie_udp@PodARecord jessie_tcp@PodARecord]&#xA;&#xA;Aug 27 11:30:05.307: INFO: Unable to read wheezy_udp@PodARecord from pod dns-615/dns-test-d8c63a8f-9ca7-4b9c-b947-d04fba3910ba: the server could not find the requested resource (get pods dns-test-d8c63a8f-9ca7-4b9c-b947-d04fba3910ba)&#xA;Aug 27 11:30:05.311: INFO: Unable to read wheezy_tcp@PodARecord from pod dns-615/dns-test-d8c63a8f-9ca7-4b9c-b947-d04fba3910ba: the server could not find the requested resource (get pods dns-test-d8c63a8f-9ca7-4b9c-b947-d04fba3910ba)&#xA;Aug 27 11:30:05.335: INFO: Unable to read jessie_udp@PodARecord from pod dns-615/dns-test-d8c63a8f-9ca7-4b9c-b947-d04fba3910ba: the server could not find the requested resource (get pods dns-test-d8c63a8f-9ca7-4b9c-b947-d04fba3910ba)&#xA;Aug 27 11:30:05.339: INFO: Unable to read jessie_tcp@PodARecord from pod dns-615/dns-test-d8c63a8f-9ca7-4b9c-b947-d04fba3910ba: the server could not find the requested resource (get pods dns-test-d8c63a8f-9ca7-4b9c-b947-d04fba3910ba)&#xA;Aug 27 11:30:05.339: INFO: Lookups using dns-615/dns-test-d8c63a8f-9ca7-4b9c-b947-d04fba3910ba failed for: [wheezy_udp@PodARecord wheezy_tcp@PodARecord jessie_udp@PodARecord jessie_tcp@PodARecord]&#xA;&#xA;Aug 27 11:30:10.306: INFO: Unable to read wheezy_udp@PodARecord from pod dns-615/dns-test-d8c63a8f-9ca7-4b9c-b947-d04fba3910ba: the server could not find the requested resource (get pods dns-test-d8c63a8f-9ca7-4b9c-b947-d04fba3910ba)&#xA;Aug 27 11:30:10.308: INFO: Unable to read wheezy_tcp@PodARecord from pod dns-615/dns-test-d8c63a8f-9ca7-4b9c-b947-d04fba3910ba: the server could not find the requested resource (get pods dns-test-d8c63a8f-9ca7-4b9c-b947-d04fba3910ba)&#xA;Aug 27 11:30:10.317: INFO: Unable to read jessie_udp@PodARecord from pod dns-615/dns-test-d8c63a8f-9ca7-4b9c-b947-d04fba3910ba: the server could not find the requested resource (get pods dns-test-d8c63a8f-9ca7-4b9c-b947-d04fba3910ba)&#xA;Aug 27 11:30:10.320: INFO: Unable to read jessie_tcp@PodARecord from pod dns-615/dns-test-d8c63a8f-9ca7-4b9c-b947-d04fba3910ba: the server could not find the requested resource (get pods dns-test-d8c63a8f-9ca7-4b9c-b947-d04fba3910ba)&#xA;Aug 27 11:30:10.321: INFO: Lookups using dns-615/dns-test-d8c63a8f-9ca7-4b9c-b947-d04fba3910ba failed for: [wheezy_udp@PodARecord wheezy_tcp@PodARecord jessie_udp@PodARecord jessie_tcp@PodARecord]&#xA;&#xA;Aug 27 11:30:10.333: INFO: Unable to read wheezy_udp@PodARecord from pod dns-615/dns-test-d8c63a8f-9ca7-4b9c-b947-d04fba3910ba: the server could not find the requested resource (get pods dns-test-d8c63a8f-9ca7-4b9c-b947-d04fba3910ba)&#xA;Aug 27 11:30:10.336: INFO: Unable to read wheezy_tcp@PodARecord from pod dns-615/dns-test-d8c63a8f-9ca7-4b9c-b947-d04fba3910ba: the server could not find the requested resource (get pods dns-test-d8c63a8f-9ca7-4b9c-b947-d04fba3910ba)&#xA;Aug 27 11:30:10.347: INFO: Unable to read jessie_udp@PodARecord from pod dns-615/dns-test-d8c63a8f-9ca7-4b9c-b947-d04fba3910ba: the server could not find the requested resource (get pods dns-test-d8c63a8f-9ca7-4b9c-b947-d04fba3910ba)&#xA;Aug 27 11:30:10.350: INFO: Unable to read jessie_tcp@PodARecord from pod dns-615/dns-test-d8c63a8f-9ca7-4b9c-b947-d04fba3910ba: the server could not find the requested resource (get pods dns-test-d8c63a8f-9ca7-4b9c-b947-d04fba3910ba)&#xA;Aug 27 11:30:10.350: INFO: Lookups using dns-615/dns-test-d8c63a8f-9ca7-4b9c-b947-d04fba3910ba failed for: [wheezy_udp@PodARecord wheezy_tcp@PodARecord jessie_udp@PodARecord jessie_tcp@PodARecord]&#xA;&#xA;Aug 27 11:30:10.350: FAIL: Unexpected error:&#xA;    &lt;*errors.errorString | 0xc0002c6240&gt;: {&#xA;        s: &#34;timed out waiting for the condition&#34;,&#xA;    }&#xA;    timed out waiting for the condition&#xA;occurred&#xA;&#xA;Full Stack Trace&#xA;k8s.io/kubernetes/test/e2e/network.assertFilesContain(0xc000bd8800, 0x8, 0x8, 0x706a4c0, 0x7, 0xc002b06c00, 0x79ab408, 0xc0035631e0, 0x0, 0x0, ...)&#xA;&#x9;/workspace/src/k8s.io/kubernetes/_output/dockerized/go/src/k8s.io/kubernetes/test/e2e/network/dns_common.go:463 +0x16e&#xA;k8s.io/kubernetes/test/e2e/network.assertFilesExist(...)&#xA;&#x9;/workspace/src/k8s.io/kubernetes/_output/dockerized/go/src/k8s.io/kubernetes/test/e2e/network/dns_common.go:457&#xA;k8s.io/kubernetes/test/e2e/network.validateDNSResults(0xc00126b340, 0xc002b06c00, 0xc000bd8800, 0x8, 0x8)&#xA;&#x9;/workspace/src/k8s.io/kubernetes/_output/dockerized/go/src/k8s.io/kubernetes/test/e2e/network/dns_common.go:520 +0x365&#xA;k8s.io/kubernetes/test/e2e/network.glob..func2.7()&#xA;&#x9;/workspace/src/k8s.io/kubernetes/_output/dockerized/go/src/k8s.io/kubernetes/test/e2e/network/dns.go:279 +0x9f3&#xA;k8s.io/kubernetes/test/e2e.RunE2ETests(0xc000af8600)&#xA;&#x9;_output/dockerized/go/src/k8s.io/kubernetes/test/e2e/e2e.go:130 +0x36c&#xA;k8s.io/kubernetes/test/e2e.TestE2E(0xc000af8600)&#xA;&#x9;_output/dockerized/go/src/k8s.io/kubernetes/test/e2e/e2e_test.go:136 +0x2b&#xA;testing.tRunner(0xc000af8600, 0x72d42e8)&#xA;&#x9;/usr/local/go/src/testing/testing.go:1193 +0xef&#xA;created by testing.(*T).Run&#xA;&#x9;/usr/local/go/src/testing/testing.go:1238 +0x2b3&#xA;STEP: deleting the pod&#xA;STEP: deleting the test headless service&#xA;[AfterEach] [sig-network] DNS&#xA;  /workspace/src/k8s.io/kubernetes/_output/dockerized/go/src/k8s.io/kubernetes/test/e2e/framework/framework.go:186&#xA;STEP: Collecting events from namespace &#34;dns-615&#34;.&#xA;STEP: Found 13 events.&#xA;Aug 27 11:30:10.495: INFO: At 2021-08-27 11:20:06 +0000 UTC - event for dns-test-d8c63a8f-9ca7-4b9c-b947-d04fba3910ba: {default-scheduler } Scheduled: Successfully assigned dns-615/dns-test-d8c63a8f-9ca7-4b9c-b947-d04fba3910ba to instance-1&#xA;Aug 27 11:30:10.495: INFO: At 2021-08-27 11:20:08 +0000 UTC - event for dns-test-d8c63a8f-9ca7-4b9c-b947-d04fba3910ba: {kubelet instance-1} Pulled: Container image &#34;k8s.gcr.io/e2e-test-images/agnhost:2.32&#34; already present on machine&#xA;Aug 27 11:30:10.495: INFO: At 2021-08-27 11:20:08 +0000 UTC - event for dns-test-d8c63a8f-9ca7-4b9c-b947-d04fba3910ba: {kubelet instance-1} Created: Created container webserver&#xA;Aug 27 11:30:10.495: INFO: At 2021-08-27 11:20:08 +0000 UTC - event for dns-test-d8c63a8f-9ca7-4b9c-b947-d04fba3910ba: {kubelet instance-1} Started: Started container webserver&#xA;Aug 27 11:30:10.496: INFO: At 2021-08-27 11:20:08 +0000 UTC - event for dns-test-d8c63a8f-9ca7-4b9c-b947-d04fba3910ba: {kubelet instance-1} Pulled: Container image &#34;k8s.gcr.io/e2e-test-images/agnhost:2.32&#34; already present on machine&#xA;Aug 27 11:30:10.496: INFO: At 2021-08-27 11:20:09 +0000 UTC - event for dns-test-d8c63a8f-9ca7-4b9c-b947-d04fba3910ba: {kubelet instance-1} Started: Started container querier&#xA;Aug 27 11:30:10.496: INFO: At 2021-08-27 11:20:09 +0000 UTC - event for dns-test-d8c63a8f-9ca7-4b9c-b947-d04fba3910ba: {kubelet instance-1} Created: Created container querier&#xA;Aug 27 11:30:10.496: INFO: At 2021-08-27 11:20:09 +0000 UTC - event for dns-test-d8c63a8f-9ca7-4b9c-b947-d04fba3910ba: {kubelet instance-1} Pulled: Container image &#34;k8s.gcr.io/e2e-test-images/jessie-dnsutils:1.4&#34; already present on machine&#xA;Aug 27 11:30:10.496: INFO: At 2021-08-27 11:20:09 +0000 UTC - event for dns-test-d8c63a8f-9ca7-4b9c-b947-d04fba3910ba: {kubelet instance-1} Created: Created container jessie-querier&#xA;Aug 27 11:30:10.497: INFO: At 2021-08-27 11:20:09 +0000 UTC - event for dns-test-d8c63a8f-9ca7-4b9c-b947-d04fba3910ba: {kubelet instance-1} Started: Started container jessie-querier&#xA;Aug 27 11:30:10.497: INFO: At 2021-08-27 11:30:10 +0000 UTC - event for dns-test-d8c63a8f-9ca7-4b9c-b947-d04fba3910ba: {kubelet instance-1} Killing: Stopping container webserver&#xA;Aug 27 11:30:10.497: INFO: At 2021-08-27 11:30:10 +0000 UTC - event for dns-test-d8c63a8f-9ca7-4b9c-b947-d04fba3910ba: {kubelet instance-1} Killing: Stopping container jessie-querier&#xA;Aug 27 11:30:10.497: INFO: At 2021-08-27 11:30:10 +0000 UTC - event for dns-test-d8c63a8f-9ca7-4b9c-b947-d04fba3910ba: {kubelet instance-1} Killing: Stopping container querier&#xA;Aug 27 11:30:10.504: INFO: POD  NODE  PHASE  GRACE  CONDITIONS&#xA;Aug 27 11:30:10.504: INFO: &#xA;Aug 27 11:30:10.508: INFO: &#xA;Logging node info for node instance-1&#xA;Aug 27 11:30:10.513: INFO: Node Info: &amp;Node{ObjectMeta:{instance-1    66706824-827f-43ec-951f-55d099198c49 22016 0 2021-08-27 09:44:27 +0000 UTC &lt;nil&gt; &lt;nil&gt; map[beta.kubernetes.io/arch:amd64 beta.kubernetes.io/os:linux kubernetes.io/arch:amd64 kubernetes.io/hostname:instance-1 kubernetes.io/os:linux node-role.kubernetes.io/control-plane: node-role.kubernetes.io/master: node.kubernetes.io/control-plane: node.kubernetes.io/master:] map[node.alpha.kubernetes.io/ttl:0 projectcalico.org/IPv4Address:10.140.0.2/32 projectcalico.org/IPv4IPIPTunnelAddr:172.208.23.128 volumes.kubernetes.io/controller-managed-attach-detach:true] [] []  [{kubelet Update v1 2021-08-27 09:44:27 +0000 UTC FieldsV1 {&#34;f:metadata&#34;:{&#34;f:annotations&#34;:{&#34;.&#34;:{},&#34;f:volumes.kubernetes.io/controller-managed-attach-detach&#34;:{}},&#34;f:labels&#34;:{&#34;.&#34;:{},&#34;f:beta.kubernetes.io/arch&#34;:{},&#34;f:beta.kubernetes.io/os&#34;:{},&#34;f:kubernetes.io/arch&#34;:{},&#34;f:kubernetes.io/hostname&#34;:{},&#34;f:kubernetes.io/os&#34;:{},&#34;f:node.kubernetes.io/control-plane&#34;:{},&#34;f:node.kubernetes.io/master&#34;:{}}}} } {kube-controller-manager Update v1 2021-08-27 09:44:36 +0000 UTC FieldsV1 {&#34;f:metadata&#34;:{&#34;f:annotations&#34;:{&#34;f:node.alpha.kubernetes.io/ttl&#34;:{}}}} } {calico-node Update v1 2021-08-27 09:44:41 +0000 UTC FieldsV1 {&#34;f:metadata&#34;:{&#34;f:annotations&#34;:{&#34;f:projectcalico.org/IPv4Address&#34;:{},&#34;f:projectcalico.org/IPv4IPIPTunnelAddr&#34;:{}}},&#34;f:status&#34;:{&#34;f:conditions&#34;:{&#34;k:{\&#34;type\&#34;:\&#34;NetworkUnavailable\&#34;}&#34;:{&#34;.&#34;:{},&#34;f:lastHeartbeatTime&#34;:{},&#34;f:lastTransitionTime&#34;:{},&#34;f:message&#34;:{},&#34;f:reason&#34;:{},&#34;f:status&#34;:{},&#34;f:type&#34;:{}}}}} status} {kubectl-label Update v1 2021-08-27 09:44:44 +0000 UTC FieldsV1 {&#34;f:metadata&#34;:{&#34;f:labels&#34;:{&#34;f:node-role.kubernetes.io/control-plane&#34;:{},&#34;f:node-role.kubernetes.io/master&#34;:{}}}} } {e2e.test Update v1 2021-08-27 11:04:11 +0000 UTC FieldsV1 {&#34;f:status&#34;:{&#34;f:capacity&#34;:{&#34;f:example.com/fakecpu&#34;:{}}}} status} {kubelet Update v1 2021-08-27 11:04:21 +0000 UTC FieldsV1 {&#34;f:status&#34;:{&#34;f:allocatable&#34;:{&#34;f:example.com/fakecpu&#34;:{}},&#34;f:conditions&#34;:{&#34;k:{\&#34;type\&#34;:\&#34;DiskPressure\&#34;}&#34;:{&#34;f:lastHeartbeatTime&#34;:{}},&#34;k:{\&#34;type\&#34;:\&#34;MemoryPressure\&#34;}&#34;:{&#34;f:lastHeartbeatTime&#34;:{}},&#34;k:{\&#34;type\&#34;:\&#34;PIDPressure\&#34;}&#34;:{&#34;f:lastHeartbeatTime&#34;:{}},&#34;k:{\&#34;type\&#34;:\&#34;Ready\&#34;}&#34;:{&#34;f:lastHeartbeatTime&#34;:{},&#34;f:lastTransitionTime&#34;:{},&#34;f:message&#34;:{},&#34;f:reason&#34;:{},&#34;f:status&#34;:{}}},&#34;f:images&#34;:{}}} status}]},Spec:NodeSpec{PodCIDR:,DoNotUseExternalID:,ProviderID:,Unschedulable:false,Taints:[]Taint{},ConfigSource:nil,PodCIDRs:[],},Status:NodeStatus{Capacity:ResourceList{cpu: {{4 0} {&lt;nil&gt;} 4 DecimalSI},ephemeral-storage: {{51848359936 0} {&lt;nil&gt;} 50633164Ki BinarySI},example.com/fakecpu: {{1 3} {&lt;nil&gt;} 1k DecimalSI},hugepages-1Gi: {{0 0} {&lt;nil&gt;} 0 DecimalSI},hugepages-2Mi: {{0 0} {&lt;nil&gt;} 0 DecimalSI},memory: {{16778743808 0} {&lt;nil&gt;} 16385492Ki BinarySI},pods: {{110 0} {&lt;nil&gt;} 110 DecimalSI},},Allocatable:ResourceList{cpu: {{4 0} {&lt;nil&gt;} 4 DecimalSI},ephemeral-storage: {{49255941901 0} {&lt;nil&gt;} 49255941901 DecimalSI},example.com/fakecpu: {{1 3} {&lt;nil&gt;} 1k DecimalSI},hugepages-1Gi: {{0 0} {&lt;nil&gt;} 0 DecimalSI},hugepages-2Mi: {{0 0} {&lt;nil&gt;} 0 DecimalSI},memory: {{15600144384 0} {&lt;nil&gt;} 15234516Ki BinarySI},pods: {{110 0} {&lt;nil&gt;} 110 DecimalSI},},Phase:,Conditions:[]NodeCondition{NodeCondition{Type:NetworkUnavailable,Status:False,LastHeartbeatTime:2021-08-27 09:44:41 +0000 UTC,LastTransitionTime:2021-08-27 09:44:41 +0000 UTC,Reason:CalicoIsUp,Message:Calico is running on this node,},NodeCondition{Type:MemoryPressure,Status:False,LastHeartbeatTime:2021-08-27 11:25:10 +0000 UTC,LastTransitionTime:2021-08-27 09:44:26 +0000 UTC,Reason:KubeletHasSufficientMemory,Message:kubelet has sufficient memory available,},NodeCondition{Type:DiskPressure,Status:False,LastHeartbeatTime:2021-08-27 11:25:10 +0000 UTC,LastTransitionTime:2021-08-27 09:44:26 +0000 UTC,Reason:KubeletHasNoDiskPressure,Message:kubelet has no disk pressure,},NodeCondition{Type:PIDPressure,Status:False,LastHeartbeatTime:2021-08-27 11:25:10 +0000 UTC,LastTransitionTime:2021-08-27 09:44:26 +0000 UTC,Reason:KubeletHasSufficientPID,Message:kubelet has sufficient PID available,},NodeCondition{Type:Ready,Status:True,LastHeartbeatTime:2021-08-27 11:25:10 +0000 UTC,LastTransitionTime:2021-08-27 09:44:47 +0000 UTC,Reason:KubeletReady,Message:kubelet is posting ready status. AppArmor enabled,},},Addresses:[]NodeAddress{NodeAddress{Type:InternalIP,Address:10.140.0.2,},NodeAddress{Type:Hostname,Address:instance-1,},},DaemonEndpoints:NodeDaemonEndpoints{KubeletEndpoint:DaemonEndpoint{Port:10250,},},NodeInfo:NodeSystemInfo{MachineID:9115f560b455f8c5d2b83bdfb715f3b3,SystemUUID:9115f560-b455-f8c5-d2b8-3bdfb715f3b3,BootID:3bd04ce9-2b88-452c-af59-4599689b83f3,KernelVersion:5.11.0-1017-gcp,OSImage:Ubuntu 21.04,ContainerRuntimeVersion:docker://20.10.8,KubeletVersion:v1.22.1,KubeProxyVersion:v1.22.1,OperatingSystem:linux,Architecture:amd64,},Images:[]ContainerImage{ContainerImage{Names:[slzcc/kubernetes@sha256:d938e2364017b78329200a38b8317db806fe305cf5e26c975a0298e23324fb77 slzcc/kubernetes:v1.22.1.0],SizeBytes:2296544903,},ContainerImage{Names:[quay.io/cilium/cilium:v1.10.1],SizeBytes:409321746,},ContainerImage{Names:[sonobuoy/systemd-logs@sha256:fadad24a66ddd544987c38811108a73d1a306dd3b5e3f090b207786f2825ffde sonobuoy/systemd-logs:v0.3],SizeBytes:297365055,},ContainerImage{Names:[k8s.gcr.io/etcd@sha256:9ce33ba33d8e738a5b85ed50b5080ac746deceed4a7496c550927a7a19ca3b6d k8s.gcr.io/etcd:3.5.0-0],SizeBytes:294536887,},ContainerImage{Names:[k8s.gcr.io/etcd@sha256:4ad90a11b55313b182afc186b9876c8e891531b8db4c9bf1541953021618d0e2 k8s.gcr.io/etcd:3.4.13-0],SizeBytes:253392289,},ContainerImage{Names:[k8s.gcr.io/e2e-test-images/jessie-dnsutils@sha256:702a992280fb7c3303e84a5801acbb4c9c7fcf48cffe0e9c8be3f0c60f74cf89 k8s.gcr.io/e2e-test-images/jessie-dnsutils:1.4],SizeBytes:253371792,},ContainerImage{Names:[k8s.gcr.io/etcd:3.4.9],SizeBytes:253347452,},ContainerImage{Names:[k8s.gcr.io/conformance@sha256:e22b40e1e6db0b3fcb9fd565100de0af2c525217769378a20ac4cef47f1502ce k8s.gcr.io/conformance:v1.22.1],SizeBytes:247962555,},ContainerImage{Names:[calico/node:v3.20.0],SizeBytes:169862919,},ContainerImage{Names:[calico/cni:v3.20.0],SizeBytes:146006429,},ContainerImage{Names:[k8s.gcr.io/kube-apiserver:v1.22.1],SizeBytes:128446877,},ContainerImage{Names:[k8s.gcr.io/e2e-test-images/httpd@sha256:716d2f68314c5c4ddd5ecdb45183fcb4ed8019015982c1321571f863989b70b0 k8s.gcr.io/e2e-test-images/httpd:2.4.39-1],SizeBytes:126894770,},ContainerImage{Names:[k8s.gcr.io/e2e-test-images/agnhost@sha256:758db666ac7028534dba72e7e9bb1e57bb81b8196f976f7a5cc351ef8b3529e1 k8s.gcr.io/e2e-test-images/agnhost:2.32],SizeBytes:125930239,},ContainerImage{Names:[k8s.gcr.io/e2e-test-images/httpd@sha256:b913fa234cc3473cfe16e937d106b455a7609f927f59031c81aca791e2689b50 k8s.gcr.io/e2e-test-images/httpd:2.4.38-1],SizeBytes:123781643,},ContainerImage{Names:[k8s.gcr.io/kube-controller-manager:v1.22.1],SizeBytes:121979567,},ContainerImage{Names:[k8s.gcr.io/e2e-test-images/nautilus@sha256:1f36a24cfb5e0c3f725d7565a867c2384282fcbeccc77b07b423c9da95763a9a k8s.gcr.io/e2e-test-images/nautilus:1.4],SizeBytes:121748345,},ContainerImage{Names:[k8s.gcr.io/kube-proxy:v1.22.1],SizeBytes:103645121,},ContainerImage{Names:[haproxy:2.4.2],SizeBytes:95448973,},ContainerImage{Names:[calico/kube-controllers:v3.20.0],SizeBytes:63156065,},ContainerImage{Names:[k8s.gcr.io/e2e-test-images/sample-apiserver@sha256:e7fddbaac4c3451da2365ab90bad149d32f11409738034e41e0f460927f7c276 k8s.gcr.io/e2e-test-images/sample-apiserver:1.17.4],SizeBytes:58172101,},ContainerImage{Names:[quay.io/cilium/operator-generic:v1.10.1],SizeBytes:56290965,},ContainerImage{Names:[k8s.gcr.io/kube-scheduler:v1.22.1],SizeBytes:52658888,},ContainerImage{Names:[coredns/coredns@sha256:6e5a02c21641597998b4be7cb5eb1e7b02c0d8d23cce4dd09f4682d463798890 k8s.gcr.io/coredns/coredns@sha256:6e5a02c21641597998b4be7cb5eb1e7b02c0d8d23cce4dd09f4682d463798890 coredns/coredns:1.8.4 k8s.gcr.io/coredns/coredns:v1.8.4],SizeBytes:47554275,},ContainerImage{Names:[coredns/coredns:1.8.3],SizeBytes:43499235,},ContainerImage{Names:[sonobuoy/sonobuoy@sha256:d393e2c862fffd0823409594f3ab8bc2524b359d9e6313ae3f9edb5d3dfa56e1 sonobuoy/sonobuoy:v0.53.2],SizeBytes:37400989,},ContainerImage{Names:[calico/pod2daemon-flexvol@sha256:c17e3e9871682bed00bfd33f8d6f00db1d1a126034a25bf5380355978e0c548d calico/pod2daemon-flexvol:v3.20.0],SizeBytes:21666928,},ContainerImage{Names:[k8s.gcr.io/e2e-test-images/nginx@sha256:503b7abb89e57383eba61cc8a9cb0b495ea575c516108f7d972a6ff6e1ab3c9b k8s.gcr.io/e2e-test-images/nginx:1.14-1],SizeBytes:16032814,},ContainerImage{Names:[slzcc/keepalived:1.2.24.1],SizeBytes:15933789,},ContainerImage{Names:[quay.io/cilium/startup-script:62bfbe88c17778aad7bef9fa57ff9e2d4a9ba0d8],SizeBytes:11739254,},ContainerImage{Names:[k8s.gcr.io/e2e-test-images/nonewprivs@sha256:8ac1264691820febacf3aea5d152cbde6d10685731ec14966a9401c6f47a68ac k8s.gcr.io/e2e-test-images/nonewprivs:1.3],SizeBytes:7107254,},ContainerImage{Names:[k8s.gcr.io/e2e-test-images/busybox@sha256:39e1e963e5310e9c313bad51523be012ede7b35bb9316517d19089a010356592 k8s.gcr.io/e2e-test-images/busybox:1.29-1],SizeBytes:1154361,},ContainerImage{Names:[k8s.gcr.io/pause@sha256:1ff6c18fbef2045af6b9c16bf034cc421a29027b800e4f9b68ae9b1cb3e9ae07 k8s.gcr.io/pause:3.5],SizeBytes:682696,},ContainerImage{Names:[k8s.gcr.io/pause:3.2],SizeBytes:682696,},},VolumesInUse:[],VolumesAttached:[]AttachedVolume{},Config:nil,},}&#xA;Aug 27 11:30:10.514: INFO: &#xA;Logging kubelet events for node instance-1&#xA;Aug 27 11:30:10.518: INFO: &#xA;Logging pods the kubelet thinks is on node instance-1&#xA;Aug 27 11:30:10.541: INFO: kube-apiserver-instance-1 started at 2021-08-27 09:44:20 +0000 UTC (0+1 container statuses recorded)&#xA;Aug 27 11:30:10.541: INFO: &#x9;Container kube-apiserver ready: true, restart count 1&#xA;Aug 27 11:30:10.541: INFO: sonobuoy started at 2021-08-27 09:45:47 +0000 UTC (0+1 container statuses recorded)&#xA;Aug 27 11:30:10.541: INFO: &#x9;Container kube-sonobuoy ready: true, restart count 0&#xA;Aug 27 11:30:10.541: INFO: sonobuoy-systemd-logs-daemon-set-0a76f2e7c4ae491c-6jjs8 started at 2021-08-27 09:45:48 +0000 UTC (0+2 container statuses recorded)&#xA;Aug 27 11:30:10.541: INFO: &#x9;Container sonobuoy-worker ready: true, restart count 0&#xA;Aug 27 11:30:10.541: INFO: &#x9;Container systemd-logs ready: true, restart count 0&#xA;Aug 27 11:30:10.541: INFO: coredns-5449fcdd7-hxflz started at 2021-08-27 10:36:29 +0000 UTC (0+1 container statuses recorded)&#xA;Aug 27 11:30:10.541: INFO: &#x9;Container coredns ready: true, restart count 0&#xA;Aug 27 11:30:10.541: INFO: etcd-instance-1 started at 2021-08-27 09:44:20 +0000 UTC (0+1 container statuses recorded)&#xA;Aug 27 11:30:10.541: INFO: &#x9;Container etcd ready: true, restart count 7&#xA;Aug 27 11:30:10.541: INFO: haproxy-instance-1 started at 2021-08-27 09:44:20 +0000 UTC (0+1 container statuses recorded)&#xA;Aug 27 11:30:10.541: INFO: &#x9;Container haproxy ready: true, restart count 7&#xA;Aug 27 11:30:10.541: INFO: kube-scheduler-instance-1 started at 2021-08-27 09:44:20 +0000 UTC (0+1 container statuses recorded)&#xA;Aug 27 11:30:10.541: INFO: &#x9;Container kube-scheduler ready: true, restart count 1&#xA;Aug 27 11:30:10.541: INFO: kube-proxy-45vxz started at 2021-08-27 09:44:35 +0000 UTC (0+1 container statuses recorded)&#xA;Aug 27 11:30:10.541: INFO: &#x9;Container kube-proxy ready: true, restart count 0&#xA;Aug 27 11:30:10.541: INFO: calico-kube-controllers-866f579489-x4bbh started at 2021-08-27 10:36:29 +0000 UTC (0+1 container statuses recorded)&#xA;Aug 27 11:30:10.541: INFO: &#x9;Container calico-kube-controllers ready: true, restart count 0&#xA;Aug 27 11:30:10.541: INFO: coredns-5449fcdd7-9wk7q started at 2021-08-27 10:36:29 +0000 UTC (0+1 container statuses recorded)&#xA;Aug 27 11:30:10.541: INFO: &#x9;Container coredns ready: true, restart count 0&#xA;Aug 27 11:30:10.541: INFO: sonobuoy-e2e-job-8f4800e0b3a54e3c started at 2021-08-27 09:45:48 +0000 UTC (0+2 container statuses recorded)&#xA;Aug 27 11:30:10.541: INFO: &#x9;Container e2e ready: true, restart count 0&#xA;Aug 27 11:30:10.541: INFO: &#x9;Container sonobuoy-worker ready: true, restart count 0&#xA;Aug 27 11:30:10.541: INFO: kube-controller-manager-instance-1 started at 2021-08-27 09:44:20 +0000 UTC (0+1 container statuses recorded)&#xA;Aug 27 11:30:10.541: INFO: &#x9;Container kube-controller-manager ready: true, restart count 1&#xA;Aug 27 11:30:10.541: INFO: calico-node-jtcrr started at 2021-08-27 09:44:35 +0000 UTC (3+1 container statuses recorded)&#xA;Aug 27 11:30:10.541: INFO: &#x9;Init container upgrade-ipam ready: true, restart count 0&#xA;Aug 27 11:30:10.541: INFO: &#x9;Init container install-cni ready: true, restart count 0&#xA;Aug 27 11:30:10.541: INFO: &#x9;Init container flexvol-driver ready: true, restart count 0&#xA;Aug 27 11:30:10.541: INFO: &#x9;Container calico-node ready: true, restart count 0&#xA;Aug 27 11:30:10.583: INFO: &#xA;Latency metrics for node instance-1&#xA;Aug 27 11:30:10.583: INFO: Waiting up to 3m0s for all (but 0) nodes to be ready&#xA;STEP: Destroying namespace &#34;dns-615&#34; for this suite.&#xA;</system-out>
      </testcase>
      <testcase name="[sig-storage] In-tree Volumes [Driver: local][LocalVolumeType: gce-localssd-scsi-fs] [Serial] [Testpattern: Pre-provisioned PV (filesystem volmode)] multiVolume [Slow] should access to two volumes with the same volume mode and retain data across pod recreation on different node" classname="Kubernetes e2e suite" time="0">
          <skipped></skipped>
      </testcase>
      <testcase name="[sig-storage] In-tree Volumes [Driver: gluster] [Testpattern: Dynamic PV (ntfs)][Feature:Windows] subPath should be able to unmount after the subpath directory is deleted [LinuxOnly]" classname="Kubernetes e2e suite" time="0">
          <skipped></skipped>
      </testcase>
      <testcase name="[sig-storage] CSI Volumes [Driver: pd.csi.storage.gke.io][Serial] [Testpattern: Generic Ephemeral-volume (default fs) (immediate-binding)] ephemeral should create read/write inline ephemeral volume" classname="Kubernetes e2e suite" time="0">
          <skipped></skipped>
      </testcase>
      <testcase name="[sig-storage] CSI Volumes [Driver: pd.csi.storage.gke.io][Serial] [Testpattern: Pre-provisioned PV (default fs)] subPath should support existing single file [LinuxOnly]" classname="Kubernetes e2e suite" time="0">
          <skipped></skipped>
      </testcase>
      <testcase name="[sig-storage] In-tree Volumes [Driver: cinder] [Testpattern: Pre-provisioned PV (block volmode)] multiVolume [Slow] should concurrently access the single read-only volume from pods on the same node" classname="Kubernetes e2e suite" time="0">
          <skipped></skipped>
      </testcase>
      <testcase name="[sig-storage] CSI Volumes [Driver: pd.csi.storage.gke.io][Serial] [Testpattern: Dynamic PV (ntfs)][Feature:Windows] provisioning should provision storage with pvc data source" classname="Kubernetes e2e suite" time="0">
          <skipped></skipped>
      </testcase>
      <testcase name="[sig-storage] CSI Volumes [Driver: csi-hostpath] [Testpattern: Dynamic PV (filesystem volmode)] disruptive[Disruptive][LinuxOnly] Should test that pv written before kubelet restart is readable after restart." classname="Kubernetes e2e suite" time="0">
          <skipped></skipped>
      </testcase>
      <testcase name="[sig-storage] In-tree Volumes [Driver: vsphere] [Testpattern: Inline-volume (xfs)][Slow] volumes should allow exec of files on the volume" classname="Kubernetes e2e suite" time="0">
          <skipped></skipped>
      </testcase>
      <testcase name="[sig-storage] HostPathType Character Device [Slow] Should fail on mounting character device &#39;achardev&#39; when HostPathType is HostPathDirectory" classname="Kubernetes e2e suite" time="0">
          <skipped></skipped>
      </testcase>
      <testcase name="[sig-storage] In-tree Volumes [Driver: aws] [Testpattern: Dynamic PV (default fs)] subPath should support restarting containers using file as subpath [Slow][LinuxOnly]" classname="Kubernetes e2e suite" time="0">
          <skipped></skipped>
      </testcase>
      <testcase name="[sig-storage] In-tree Volumes [Driver: aws] [Testpattern: Dynamic PV (ntfs)][Feature:Windows] subPath should fail if subpath directory is outside the volume [Slow][LinuxOnly]" classname="Kubernetes e2e suite" time="0">
          <skipped></skipped>
      </testcase>
      <testcase name="[sig-storage] In-tree Volumes [Driver: iscsi][Feature:Volumes] [Testpattern: Dynamic PV (default fs)] provisioning should provision storage with snapshot data source [Feature:VolumeSnapshotDataSource]" classname="Kubernetes e2e suite" time="0">
          <skipped></skipped>
      </testcase>
      <testcase name="[sig-storage] In-tree Volumes [Driver: ceph][Feature:Volumes][Serial] [Testpattern: Dynamic PV (default fs)] volumes should store data" classname="Kubernetes e2e suite" time="0">
          <skipped></skipped>
      </testcase>
      <testcase name="[sig-storage] In-tree Volumes [Driver: vsphere] [Testpattern: Inline-volume (default fs)] volumes should allow exec of files on the volume" classname="Kubernetes e2e suite" time="0">
          <skipped></skipped>
      </testcase>
      <testcase name="[sig-storage] Pod Disks schedule pods each with a PD, delete pod and verify detach [Slow] for RW PD with pod delete grace period of &#34;default (30s)&#34;" classname="Kubernetes e2e suite" time="0">
          <skipped></skipped>
      </testcase>
      <testcase name="[sig-storage] CSI Volumes [Driver: pd.csi.storage.gke.io][Serial] [Testpattern: Pre-provisioned PV (block volmode)] multiVolume [Slow] should access to two volumes with different volume mode and retain data across pod recreation on the same node" classname="Kubernetes e2e suite" time="0">
          <skipped></skipped>
      </testcase>
      <testcase name="[sig-storage] In-tree Volumes [Driver: gcepd] [Testpattern: Dynamic PV (default fs)] fsgroupchangepolicy (OnRootMismatch)[LinuxOnly], pod created with an initial fsgroup, new pod fsgroup applied to volume contents" classname="Kubernetes e2e suite" time="0">
          <skipped></skipped>
      </testcase>
      <testcase name="[sig-storage] In-tree Volumes [Driver: hostPath] [Testpattern: Dynamic PV (ntfs)][Feature:Windows] subPath should support readOnly file specified in the volumeMount [LinuxOnly]" classname="Kubernetes e2e suite" time="0">
          <skipped></skipped>
      </testcase>
      <testcase name="[sig-storage] In-tree Volumes [Driver: iscsi][Feature:Volumes] [Testpattern: Dynamic PV (default fs)] subPath should verify container cannot write to subpath readonly volumes [Slow]" classname="Kubernetes e2e suite" time="0">
          <skipped></skipped>
      </testcase>
      <testcase name="[sig-storage] In-tree Volumes [Driver: local][LocalVolumeType: blockfs] [Testpattern: Dynamic PV (ntfs)][Feature:Windows] subPath should support file as subpath [LinuxOnly]" classname="Kubernetes e2e suite" time="0">
          <skipped></skipped>
      </testcase>
      <testcase name="[sig-storage] [Serial] Volume metrics should create volume metrics with the correct BlockMode PVC ref" classname="Kubernetes e2e suite" time="0">
          <skipped></skipped>
      </testcase>
      <testcase name="[sig-storage] In-tree Volumes [Driver: hostPathSymlink] [Testpattern: Pre-provisioned PV (filesystem volmode)] multiVolume [Slow] should access to two volumes with the same volume mode and retain data across pod recreation on the same node" classname="Kubernetes e2e suite" time="0">
          <skipped></skipped>
      </testcase>
      <testcase name="[sig-storage] CSI Volumes [Driver: pd.csi.storage.gke.io][Serial] [Testpattern: Dynamic PV (block volmode)] disruptive[Disruptive][LinuxOnly] Should test that pv used in a pod that is deleted while the kubelet is down cleans up when the kubelet returns." classname="Kubernetes e2e suite" time="0">
          <skipped></skipped>
      </testcase>
      <testcase name="[sig-storage] In-tree Volumes [Driver: windows-gcepd] [Testpattern: Pre-provisioned PV (default fs)] subPath should be able to unmount after the subpath directory is deleted [LinuxOnly]" classname="Kubernetes e2e suite" time="0">
          <skipped></skipped>
      </testcase>
      <testcase name="[sig-storage] In-tree Volumes [Driver: local][LocalVolumeType: dir-link-bindmounted] [Testpattern: Inline-volume (default fs)] subPath should fail if subpath file is outside the volume [Slow][LinuxOnly]" classname="Kubernetes e2e suite" time="0">
          <skipped></skipped>
      </testcase>
      <testcase name="[sig-network] Loadbalancing: L7 GCE [Slow] [Feature:NEG] [Flaky] rolling update backend pods should not cause service disruption" classname="Kubernetes e2e suite" time="0">
          <skipped></skipped>
      </testcase>
      <testcase name="[sig-storage] In-tree Volumes [Driver: local][LocalVolumeType: dir] [Testpattern: Dynamic PV (ext4)] multiVolume [Slow] should concurrently access the volume and restored snapshot from pods on the same node [LinuxOnly][Feature:VolumeSnapshotDataSource][Feature:VolumeSourceXFS]" classname="Kubernetes e2e suite" time="0">
          <skipped></skipped>
      </testcase>
      <testcase name="[sig-storage] In-tree Volumes [Driver: hostPathSymlink] [Testpattern: Inline-volume (default fs)] volumes should store data" classname="Kubernetes e2e suite" time="0">
          <skipped></skipped>
      </testcase>
      <testcase name="[sig-storage] In-tree Volumes [Driver: iscsi][Feature:Volumes] [Testpattern: Dynamic PV (ntfs)][Feature:Windows] provisioning should provision storage with snapshot data source [Feature:VolumeSnapshotDataSource]" classname="Kubernetes e2e suite" time="0">
          <skipped></skipped>
      </testcase>
      <testcase name="[sig-storage] In-tree Volumes [Driver: local][LocalVolumeType: dir-link-bindmounted] [Testpattern: Dynamic PV (ntfs)][Feature:Windows] subPath should support restarting containers using directory as subpath [Slow]" classname="Kubernetes e2e suite" time="0">
          <skipped></skipped>
      </testcase>
      <testcase name="[sig-storage] In-tree Volumes [Driver: azure-disk] [Testpattern: Inline-volume (default fs)] subPath should support existing directory" classname="Kubernetes e2e suite" time="0">
          <skipped></skipped>
      </testcase>
      <testcase name="[sig-storage] In-tree Volumes [Driver: local][LocalVolumeType: tmpfs] [Testpattern: Dynamic PV (ext3)] volumes should allow exec of files on the volume" classname="Kubernetes e2e suite" time="0">
          <skipped></skipped>
      </testcase>
      <testcase name="[sig-storage] In-tree Volumes [Driver: local][LocalVolumeType: dir] [Testpattern: Dynamic PV (default fs)] subPath should support file as subpath [LinuxOnly]" classname="Kubernetes e2e suite" time="0">
          <skipped></skipped>
      </testcase>
      <testcase name="[sig-storage] ConfigMap should be consumable from pods in volume as non-root [NodeConformance] [Conformance]" classname="Kubernetes e2e suite" time="4.111626398"></testcase>
      <testcase name="[sig-storage] CSI Volumes [Driver: pd.csi.storage.gke.io][Serial] [Testpattern: Inline-volume (default fs)] subPath should support non-existent path" classname="Kubernetes e2e suite" time="0">
          <skipped></skipped>
      </testcase>
      <testcase name="[sig-storage] In-tree Volumes [Driver: local][LocalVolumeType: block] [Testpattern: Dynamic PV (delayed binding)] topology should provision a volume and schedule a pod with AllowedTopologies" classname="Kubernetes e2e suite" time="0">
          <skipped></skipped>
      </testcase>
      <testcase name="[sig-storage] Projected configMap optional updates should be reflected in volume [NodeConformance] [Conformance]" classname="Kubernetes e2e suite" time="82.601366894"></testcase>
      <testcase name="[sig-storage] In-tree Volumes [Driver: cinder] [Testpattern: Dynamic PV (block volmode)] multiVolume [Slow] should concurrently access the single volume from pods on different node" classname="Kubernetes e2e suite" time="0">
          <skipped></skipped>
      </testcase>
      <testcase name="[sig-storage] In-tree Volumes [Driver: gluster] [Testpattern: Pre-provisioned PV (default fs)] subPath should support readOnly file specified in the volumeMount [LinuxOnly]" classname="Kubernetes e2e suite" time="0">
          <skipped></skipped>
      </testcase>
      <testcase name="[sig-storage] In-tree Volumes [Driver: nfs] [Testpattern: Inline-volume (default fs)] subPath should support readOnly file specified in the volumeMount [LinuxOnly]" classname="Kubernetes e2e suite" time="0">
          <skipped></skipped>
      </testcase>
      <testcase name="[sig-storage] In-tree Volumes [Driver: hostPath] [Testpattern: Dynamic PV (block volmode)] volumeMode should not mount / map unused volumes in a pod [LinuxOnly]" classname="Kubernetes e2e suite" time="0">
          <skipped></skipped>
      </testcase>
      <testcase name="[sig-storage] In-tree Volumes [Driver: cinder] [Testpattern: Dynamic PV (default fs)] subPath should support restarting containers using file as subpath [Slow][LinuxOnly]" classname="Kubernetes e2e suite" time="0">
          <skipped></skipped>
      </testcase>
      <testcase name="[sig-storage] PersistentVolumes-local  Stress with local volumes [Serial] should be able to process many pods and reuse local volumes" classname="Kubernetes e2e suite" time="0">
          <skipped></skipped>
      </testcase>
      <testcase name="[sig-storage] In-tree Volumes [Driver: ceph][Feature:Volumes][Serial] [Testpattern: Pre-provisioned PV (filesystem volmode)] multiVolume [Slow] should concurrently access the single volume from pods on the same node" classname="Kubernetes e2e suite" time="0">
          <skipped></skipped>
      </testcase>
      <testcase name="[sig-storage] In-tree Volumes [Driver: local][LocalVolumeType: tmpfs] [Testpattern: Inline-volume (default fs)] subPath should unmount if pod is gracefully deleted while kubelet is down [Disruptive][Slow][LinuxOnly]" classname="Kubernetes e2e suite" time="0">
          <skipped></skipped>
      </testcase>
      <testcase name="[sig-storage] In-tree Volumes [Driver: local][LocalVolumeType: block] [Testpattern: Dynamic PV (xfs)][Slow] multiVolume [Slow] should concurrently access the volume and restored snapshot from pods on the same node [LinuxOnly][Feature:VolumeSnapshotDataSource][Feature:VolumeSourceXFS]" classname="Kubernetes e2e suite" time="0">
          <skipped></skipped>
      </testcase>
      <testcase name="[sig-network] Networking should provide Internet connection for containers [Feature:Networking-IPv6][Experimental][LinuxOnly]" classname="Kubernetes e2e suite" time="0">
          <skipped></skipped>
      </testcase>
      <testcase name="[sig-storage] In-tree Volumes [Driver: local][LocalVolumeType: blockfs] [Testpattern: Pre-provisioned PV (block volmode)] multiVolume [Slow] should concurrently access the single read-only volume from pods on the same node" classname="Kubernetes e2e suite" time="0">
          <skipped></skipped>
      </testcase>
      <testcase name="[sig-storage] CSI Volumes [Driver: csi-hostpath] [Testpattern: Dynamic PV (default fs)] fsgroupchangepolicy (Always)[LinuxOnly], pod created with an initial fsgroup, volume contents ownership changed in first pod, new pod with same fsgroup applied to the volume contents" classname="Kubernetes e2e suite" time="0">
          <skipped></skipped>
      </testcase>
      <testcase name="[sig-apps] Deployment should not disrupt a cloud load-balancer&#39;s connectivity during rollout" classname="Kubernetes e2e suite" time="0">
          <skipped></skipped>
      </testcase>
      <testcase name="[sig-storage] In-tree Volumes [Driver: local][LocalVolumeType: dir] [Testpattern: Pre-provisioned PV (default fs)] subPath should support readOnly directory specified in the volumeMount" classname="Kubernetes e2e suite" time="0">
          <skipped></skipped>
      </testcase>
      <testcase name="[sig-storage] In-tree Volumes [Driver: aws] [Testpattern: Pre-provisioned PV (block volmode)] multiVolume [Slow] should concurrently access the single read-only volume from pods on the same node" classname="Kubernetes e2e suite" time="0">
          <skipped></skipped>
      </testcase>
      <testcase name="[sig-storage] In-tree Volumes [Driver: local][LocalVolumeType: dir] [Testpattern: Dynamic PV (default fs)] subPath should fail if subpath file is outside the volume [Slow][LinuxOnly]" classname="Kubernetes e2e suite" time="0">
          <skipped></skipped>
      </testcase>
      <testcase name="[sig-apps] StatefulSet Basic StatefulSet functionality [StatefulSetBasic] Scaling should happen in predictable order and halt if any stateful pod is unhealthy [Slow] [Conformance]" classname="Kubernetes e2e suite" time="72.22680771"></testcase>
      <testcase name="[sig-storage] In-tree Volumes [Driver: emptydir] [Testpattern: Dynamic PV (filesystem volmode)] multiVolume [Slow] should access to two volumes with different volume mode and retain data across pod recreation on the same node" classname="Kubernetes e2e suite" time="0">
          <skipped></skipped>
      </testcase>
      <testcase name="[sig-storage] In-tree Volumes [Driver: gluster] [Testpattern: Dynamic PV (ntfs)][Feature:Windows] subPath should support existing directory" classname="Kubernetes e2e suite" time="0">
          <skipped></skipped>
      </testcase>
      <testcase name="[sig-api-machinery] ServerSideApply should create an applied object if it does not already exist" classname="Kubernetes e2e suite" time="0">
          <skipped></skipped>
      </testcase>
      <testcase name="[sig-storage] In-tree Volumes [Driver: ceph][Feature:Volumes][Serial] [Testpattern: Pre-provisioned PV (filesystem volmode)] multiVolume [Slow] should access to two volumes with different volume mode and retain data across pod recreation on different node" classname="Kubernetes e2e suite" time="0">
          <skipped></skipped>
      </testcase>
      <testcase name="[sig-storage] In-tree Volumes [Driver: local][LocalVolumeType: blockfs] [Testpattern: Dynamic PV (block volmode)] volumeMode should not mount / map unused volumes in a pod [LinuxOnly]" classname="Kubernetes e2e suite" time="0">
          <skipped></skipped>
      </testcase>
      <testcase name="[sig-storage] In-tree Volumes [Driver: local][LocalVolumeType: block] [Testpattern: Dynamic PV (filesystem volmode)] multiVolume [Slow] should access to two volumes with the same volume mode and retain data across pod recreation on different node" classname="Kubernetes e2e suite" time="0">
          <skipped></skipped>
      </testcase>
      <testcase name="[sig-storage] In-tree Volumes [Driver: rbd][Feature:Volumes][Serial] [Testpattern: Pre-provisioned PV (default fs)] volumes should store data" classname="Kubernetes e2e suite" time="0">
          <skipped></skipped>
      </testcase>
      <testcase name="[sig-storage] In-tree Volumes [Driver: gluster] [Testpattern: Dynamic PV (ext4)] multiVolume [Slow] should concurrently access the single volume from pods on different node" classname="Kubernetes e2e suite" time="0">
          <skipped></skipped>
      </testcase>
      <testcase name="[sig-storage] EmptyDir volumes should support (root,0666,default) [LinuxOnly] [NodeConformance] [Conformance]" classname="Kubernetes e2e suite" time="2.12492627"></testcase>
      <testcase name="[sig-storage] In-tree Volumes [Driver: local][LocalVolumeType: gce-localssd-scsi-fs] [Serial] [Testpattern: Dynamic PV (immediate binding)] topology should provision a volume and schedule a pod with AllowedTopologies" classname="Kubernetes e2e suite" time="0">
          <skipped></skipped>
      </testcase>
      <testcase name="[sig-storage] In-tree Volumes [Driver: ceph][Feature:Volumes][Serial] [Testpattern: Pre-provisioned PV (default fs)] subPath should unmount if pod is force deleted while kubelet is down [Disruptive][Slow][LinuxOnly]" classname="Kubernetes e2e suite" time="0">
          <skipped></skipped>
      </testcase>
      <testcase name="[sig-storage] Mounted flexvolume volume expand [Slow] [Feature:ExpandInUsePersistentVolumes] should be resizable when mounted" classname="Kubernetes e2e suite" time="0">
          <skipped></skipped>
      </testcase>
      <testcase name="[sig-autoscaling] Cluster size autoscaler scalability [Slow] should scale down underutilized nodes [Feature:ClusterAutoscalerScalability4]" classname="Kubernetes e2e suite" time="0">
          <skipped></skipped>
      </testcase>
      <testcase name="[sig-storage] In-tree Volumes [Driver: ceph][Feature:Volumes][Serial] [Testpattern: Dynamic PV (default fs)] subPath should support existing directory" classname="Kubernetes e2e suite" time="0">
          <skipped></skipped>
      </testcase>
      <testcase name="[sig-cluster-lifecycle] [Feature:BootstrapTokens] should sign the new added bootstrap tokens" classname="Kubernetes e2e suite" time="0">
          <skipped></skipped>
      </testcase>
      <testcase name="[sig-storage] In-tree Volumes [Driver: hostPathSymlink] [Testpattern: Dynamic PV (default fs)] provisioning should provision storage with pvc data source" classname="Kubernetes e2e suite" time="0">
          <skipped></skipped>
      </testcase>
      <testcase name="[sig-storage] In-tree Volumes [Driver: hostPathSymlink] [Testpattern: Dynamic PV (block volmode)] multiVolume [Slow] should access to two volumes with different volume mode and retain data across pod recreation on different node" classname="Kubernetes e2e suite" time="0">
          <skipped></skipped>
      </testcase>
      <testcase name="[sig-storage] In-tree Volumes [Driver: gcepd] [Testpattern: Dynamic PV (default fs)] volumes should store data" classname="Kubernetes e2e suite" time="0">
          <skipped></skipped>
      </testcase>
      <testcase name="[sig-storage] In-tree Volumes [Driver: nfs] [Testpattern: Dynamic PV (ntfs)][Feature:Windows] subPath should fail if non-existent subpath is outside the volume [Slow][LinuxOnly]" classname="Kubernetes e2e suite" time="0">
          <skipped></skipped>
      </testcase>
      <testcase name="[sig-network] Netpol NetworkPolicy between server and client should enforce policies to check ingress and egress policies can be controlled independently based on PodSelector [Feature:NetworkPolicy]" classname="Kubernetes e2e suite" time="0">
          <skipped></skipped>
      </testcase>
      <testcase name="[sig-storage] In-tree Volumes [Driver: ceph][Feature:Volumes][Serial] [Testpattern: Pre-provisioned PV (block volmode)] multiVolume [Slow] should access to two volumes with the same volume mode and retain data across pod recreation on different node" classname="Kubernetes e2e suite" time="0">
          <skipped></skipped>
      </testcase>
      <testcase name="[sig-storage] [Serial] Volume metrics PVController should create unbound pvc count metrics for pvc controller after creating pvc only" classname="Kubernetes e2e suite" time="0">
          <skipped></skipped>
      </testcase>
      <testcase name="[sig-storage] In-tree Volumes [Driver: rbd][Feature:Volumes][Serial] [Testpattern: Pre-provisioned PV (xfs)][Slow] volumes should store data" classname="Kubernetes e2e suite" time="0">
          <skipped></skipped>
      </testcase>
      <testcase name="[sig-storage] In-tree Volumes [Driver: cinder] [Testpattern: Dynamic PV (default fs)] subPath should support non-existent path" classname="Kubernetes e2e suite" time="0">
          <skipped></skipped>
      </testcase>
      <testcase name="[sig-storage] In-tree Volumes [Driver: vsphere] [Testpattern: Inline-volume (ext3)] volumes should allow exec of files on the volume" classname="Kubernetes e2e suite" time="0">
          <skipped></skipped>
      </testcase>
      <testcase name="[sig-storage] In-tree Volumes [Driver: vsphere] [Testpattern: Dynamic PV (default fs)] fsgroupchangepolicy (Always)[LinuxOnly], pod created with an initial fsgroup, new pod fsgroup applied to volume contents" classname="Kubernetes e2e suite" time="0">
          <skipped></skipped>
      </testcase>
      <testcase name="[sig-storage] In-tree Volumes [Driver: local][LocalVolumeType: gce-localssd-scsi-fs] [Serial] [Testpattern: Dynamic PV (xfs)][Slow] multiVolume [Slow] should access to two volumes with the same volume mode and retain data across pod recreation on different node" classname="Kubernetes e2e suite" time="0">
          <skipped></skipped>
      </testcase>
      <testcase name="[sig-storage] In-tree Volumes [Driver: ceph][Feature:Volumes][Serial] [Testpattern: Dynamic PV (delayed binding)] topology should fail to schedule a pod which has topologies that conflict with AllowedTopologies" classname="Kubernetes e2e suite" time="0">
          <skipped></skipped>
      </testcase>
      <testcase name="[sig-storage] In-tree Volumes [Driver: gcepd] [Testpattern: Dynamic PV (ntfs)][Feature:Windows] provisioning should provision storage with mount options" classname="Kubernetes e2e suite" time="0">
          <skipped></skipped>
      </testcase>
      <testcase name="[sig-storage] In-tree Volumes [Driver: hostPathSymlink] [Testpattern: Pre-provisioned PV (filesystem volmode)] disruptive[Disruptive][LinuxOnly] Should test that pv written before kubelet restart is readable after restart." classname="Kubernetes e2e suite" time="0">
          <skipped></skipped>
      </testcase>
      <testcase name="[sig-storage] In-tree Volumes [Driver: vsphere] [Testpattern: Pre-provisioned PV (filesystem volmode)] multiVolume [Slow] should access to two volumes with different volume mode and retain data across pod recreation on different node" classname="Kubernetes e2e suite" time="0">
          <skipped></skipped>
      </testcase>
      <testcase name="[sig-storage] In-tree Volumes [Driver: ceph][Feature:Volumes][Serial] [Testpattern: Dynamic PV (block volmode)] volumes should store data" classname="Kubernetes e2e suite" time="0">
          <skipped></skipped>
      </testcase>
      <testcase name="[sig-storage] In-tree Volumes [Driver: vsphere] [Testpattern: Dynamic PV (default fs)] fsgroupchangepolicy (Always)[LinuxOnly], pod created with an initial fsgroup, volume contents ownership changed in first pod, new pod with different fsgroup applied to the volume contents" classname="Kubernetes e2e suite" time="0">
          <skipped></skipped>
      </testcase>
      <testcase name="[sig-storage] In-tree Volumes [Driver: iscsi][Feature:Volumes] [Testpattern: Pre-provisioned PV (filesystem volmode)] multiVolume [Slow] should access to two volumes with the same volume mode and retain data across pod recreation on the same node" classname="Kubernetes e2e suite" time="0">
          <skipped></skipped>
      </testcase>
      <testcase name="[sig-storage] Pod Disks should be able to delete a non-existent PD without error" classname="Kubernetes e2e suite" time="0">
          <skipped></skipped>
      </testcase>
      <testcase name="[sig-storage] In-tree Volumes [Driver: nfs] [Testpattern: Dynamic PV (xfs)][Slow] multiVolume [Slow] should access to two volumes with different volume mode and retain data across pod recreation on the same node" classname="Kubernetes e2e suite" time="0">
          <skipped></skipped>
      </testcase>
      <testcase name="[sig-storage] In-tree Volumes [Driver: azure-disk] [Testpattern: Dynamic PV (block volmode)] multiVolume [Slow] should access to two volumes with different volume mode and retain data across pod recreation on the same node" classname="Kubernetes e2e suite" time="0">
          <skipped></skipped>
      </testcase>
      <testcase name="[sig-storage] In-tree Volumes [Driver: rbd][Feature:Volumes][Serial] [Testpattern: Dynamic PV (default fs)] fsgroupchangepolicy (OnRootMismatch)[LinuxOnly], pod created with an initial fsgroup, volume contents ownership changed in first pod, new pod with same fsgroup skips ownership changes to the volume contents" classname="Kubernetes e2e suite" time="0">
          <skipped></skipped>
      </testcase>
      <testcase name="[sig-storage] In-tree Volumes [Driver: windows-gcepd] [Testpattern: Inline-volume (default fs)] subPath should support non-existent path" classname="Kubernetes e2e suite" time="0">
          <skipped></skipped>
      </testcase>
      <testcase name="[sig-storage] In-tree Volumes [Driver: gluster] [Testpattern: Dynamic PV (xfs)][Slow] multiVolume [Slow] should concurrently access the single volume from pods on the same node" classname="Kubernetes e2e suite" time="0">
          <skipped></skipped>
      </testcase>
      <testcase name="[sig-storage] In-tree Volumes [Driver: local][LocalVolumeType: dir-link-bindmounted] [Testpattern: Dynamic PV (ntfs)][Feature:Windows] subPath should support restarting containers using file as subpath [Slow][LinuxOnly]" classname="Kubernetes e2e suite" time="0">
          <skipped></skipped>
      </testcase>
      <testcase name="[sig-storage] In-tree Volumes [Driver: local][LocalVolumeType: dir-link] [Testpattern: Dynamic PV (ext3)] volumes should store data" classname="Kubernetes e2e suite" time="0">
          <skipped></skipped>
      </testcase>
      <testcase name="[sig-cloud-provider-gcp] Reboot [Disruptive] [Feature:Reboot] each node by ordering clean reboot and ensure they function upon restart" classname="Kubernetes e2e suite" time="0">
          <skipped></skipped>
      </testcase>
      <testcase name="[sig-storage] In-tree Volumes [Driver: nfs] [Testpattern: Pre-provisioned PV (default fs)] subPath should unmount if pod is gracefully deleted while kubelet is down [Disruptive][Slow][LinuxOnly]" classname="Kubernetes e2e suite" time="0">
          <skipped></skipped>
      </testcase>
      <testcase name="[sig-apps] ReplicationController should serve a basic image on each replica with a public image  [Conformance]" classname="Kubernetes e2e suite" time="10.116905359"></testcase>
      <testcase name="[sig-storage] In-tree Volumes [Driver: windows-gcepd] [Testpattern: Dynamic PV (block volmode)] multiVolume [Slow] should concurrently access the volume and its clone from pods on the same node [LinuxOnly][Feature:VolumeSnapshotDataSource][Feature:VolumeSourceXFS]" classname="Kubernetes e2e suite" time="0">
          <skipped></skipped>
      </testcase>
      <testcase name="[sig-storage] In-tree Volumes [Driver: local][LocalVolumeType: gce-localssd-scsi-fs] [Serial] [Testpattern: Inline-volume (ext4)] volumes should allow exec of files on the volume" classname="Kubernetes e2e suite" time="0">
          <skipped></skipped>
      </testcase>
      <testcase name="[sig-storage] In-tree Volumes [Driver: cinder] [Testpattern: Inline-volume (default fs)] subPath should support restarting containers using directory as subpath [Slow]" classname="Kubernetes e2e suite" time="0">
          <skipped></skipped>
      </testcase>
      <testcase name="[sig-storage] In-tree Volumes [Driver: gcepd] [Testpattern: Pre-provisioned PV (filesystem volmode)] multiVolume [Slow] should concurrently access the volume and its clone from pods on the same node [LinuxOnly][Feature:VolumeSnapshotDataSource][Feature:VolumeSourceXFS]" classname="Kubernetes e2e suite" time="0">
          <skipped></skipped>
      </testcase>
      <testcase name="[sig-storage] In-tree Volumes [Driver: local][LocalVolumeType: dir-link] [Testpattern: Dynamic PV (ntfs)][Feature:Windows] subPath should support existing directory" classname="Kubernetes e2e suite" time="0">
          <skipped></skipped>
      </testcase>
      <testcase name="[sig-storage] CSI mock volume CSI Volume Snapshots secrets [Feature:VolumeSnapshotDataSource] volume snapshot create/delete with secrets" classname="Kubernetes e2e suite" time="0">
          <skipped></skipped>
      </testcase>
      <testcase name="[sig-storage] In-tree Volumes [Driver: emptydir] [Testpattern: Pre-provisioned PV (block volmode)] volumes should store data" classname="Kubernetes e2e suite" time="0">
          <skipped></skipped>
      </testcase>
      <testcase name="[sig-storage] In-tree Volumes [Driver: local][LocalVolumeType: tmpfs] [Testpattern: Dynamic PV (default fs)] subPath should fail if subpath with backstepping is outside the volume [Slow][LinuxOnly]" classname="Kubernetes e2e suite" time="0">
          <skipped></skipped>
      </testcase>
      <testcase name="[sig-storage] Subpath Atomic writer volumes should support subpaths with downward pod [LinuxOnly] [Conformance]" classname="Kubernetes e2e suite" time="22.234292897"></testcase>
      <testcase name="[sig-storage] In-tree Volumes [Driver: azure-disk] [Testpattern: Pre-provisioned PV (default fs)] subPath should support readOnly directory specified in the volumeMount" classname="Kubernetes e2e suite" time="0">
          <skipped></skipped>
      </testcase>
      <testcase name="[sig-storage] In-tree Volumes [Driver: local][LocalVolumeType: block] [Testpattern: Dynamic PV (default fs)] subPath should support existing directory" classname="Kubernetes e2e suite" time="0">
          <skipped></skipped>
      </testcase>
      <testcase name="[sig-storage] In-tree Volumes [Driver: gcepd] [Testpattern: Pre-provisioned PV (default fs)] subPath should fail if subpath with backstepping is outside the volume [Slow][LinuxOnly]" classname="Kubernetes e2e suite" time="0">
          <skipped></skipped>
      </testcase>
      <testcase name="[sig-storage] In-tree Volumes [Driver: local][LocalVolumeType: tmpfs] [Testpattern: Dynamic PV (default fs)] fsgroupchangepolicy (OnRootMismatch)[LinuxOnly], pod created with an initial fsgroup, volume contents ownership changed in first pod, new pod with different fsgroup applied to the volume contents" classname="Kubernetes e2e suite" time="0">
          <skipped></skipped>
      </testcase>
      <testcase name="[sig-storage] PVC Protection Verify that PVC in active use by a pod is not removed immediately" classname="Kubernetes e2e suite" time="0">
          <skipped></skipped>
      </testcase>
      <testcase name="[sig-storage] In-tree Volumes [Driver: hostPath] [Testpattern: Dynamic PV (xfs)][Slow] multiVolume [Slow] should access to two volumes with the same volume mode and retain data across pod recreation on the same node" classname="Kubernetes e2e suite" time="0">
          <skipped></skipped>
      </testcase>
      <testcase name="[sig-storage] In-tree Volumes [Driver: iscsi][Feature:Volumes] [Testpattern: Dynamic PV (ntfs)][Feature:Windows] subPath should support existing directory" classname="Kubernetes e2e suite" time="0">
          <skipped></skipped>
      </testcase>
      <testcase name="[sig-storage] In-tree Volumes [Driver: local][LocalVolumeType: gce-localssd-scsi-fs] [Serial] [Testpattern: Pre-provisioned PV (filesystem volmode)] multiVolume [Slow] should concurrently access the volume and its clone from pods on the same node [LinuxOnly][Feature:VolumeSnapshotDataSource][Feature:VolumeSourceXFS]" classname="Kubernetes e2e suite" time="0">
          <skipped></skipped>
      </testcase>
      <testcase name="[sig-storage] In-tree Volumes [Driver: emptydir] [Testpattern: Dynamic PV (default fs)] subPath should support file as subpath [LinuxOnly]" classname="Kubernetes e2e suite" time="0">
          <skipped></skipped>
      </testcase>
      <testcase name="[sig-storage] CSI Volumes [Driver: csi-hostpath] [Testpattern: Inline-volume (default fs)] subPath should verify container cannot write to subpath readonly volumes [Slow]" classname="Kubernetes e2e suite" time="0">
          <skipped></skipped>
      </testcase>
      <testcase name="[sig-storage] In-tree Volumes [Driver: local][LocalVolumeType: gce-localssd-scsi-fs] [Serial] [Testpattern: Inline-volume (default fs)] subPath should fail if subpath with backstepping is outside the volume [Slow][LinuxOnly]" classname="Kubernetes e2e suite" time="0">
          <skipped></skipped>
      </testcase>
      <testcase name="[sig-storage] In-tree Volumes [Driver: local][LocalVolumeType: blockfs] [Testpattern: Inline-volume (ntfs)][Feature:Windows] volumes should store data" classname="Kubernetes e2e suite" time="0">
          <skipped></skipped>
      </testcase>
      <testcase name="[sig-storage] In-tree Volumes [Driver: aws] [Testpattern: Dynamic PV (ntfs)][Feature:Windows] subPath should support existing directory" classname="Kubernetes e2e suite" time="0">
          <skipped></skipped>
      </testcase>
      <testcase name="[sig-storage] In-tree Volumes [Driver: hostPathSymlink] [Testpattern: Inline-volume (default fs)] subPath should support existing single file [LinuxOnly]" classname="Kubernetes e2e suite" time="0">
          <skipped></skipped>
      </testcase>
      <testcase name="[sig-storage] In-tree Volumes [Driver: emptydir] [Testpattern: Dynamic PV (default fs)] subPath should support restarting containers using directory as subpath [Slow]" classname="Kubernetes e2e suite" time="0">
          <skipped></skipped>
      </testcase>
      <testcase name="[sig-storage] Projected downwardAPI should set DefaultMode on files [LinuxOnly] [NodeConformance] [Conformance]" classname="Kubernetes e2e suite" time="2.206428935"></testcase>
      <testcase name="[sig-storage] In-tree Volumes [Driver: hostPathSymlink] [Testpattern: Dynamic PV (default fs)] provisioning should provision storage with pvc data source in parallel [Slow]" classname="Kubernetes e2e suite" time="0">
          <skipped></skipped>
      </testcase>
      <testcase name="[sig-storage] In-tree Volumes [Driver: local][LocalVolumeType: block] [Testpattern: Pre-provisioned PV (default fs)] subPath should fail if subpath file is outside the volume [Slow][LinuxOnly]" classname="Kubernetes e2e suite" time="0">
          <skipped></skipped>
      </testcase>
      <testcase name="[sig-storage] In-tree Volumes [Driver: local][LocalVolumeType: dir-link] [Testpattern: Dynamic PV (ntfs)][Feature:Windows] subPath should fail if subpath file is outside the volume [Slow][LinuxOnly]" classname="Kubernetes e2e suite" time="0">
          <skipped></skipped>
      </testcase>
      <testcase name="[sig-storage] In-tree Volumes [Driver: aws] [Testpattern: Dynamic PV (filesystem volmode)] multiVolume [Slow] should concurrently access the volume and its clone from pods on the same node [LinuxOnly][Feature:VolumeSnapshotDataSource][Feature:VolumeSourceXFS]" classname="Kubernetes e2e suite" time="0">
          <skipped></skipped>
      </testcase>
      <testcase name="[sig-storage] In-tree Volumes [Driver: windows-gcepd] [Testpattern: Pre-provisioned PV (filesystem volmode)] multiVolume [Slow] should access to two volumes with the same volume mode and retain data across pod recreation on the same node" classname="Kubernetes e2e suite" time="0">
          <skipped></skipped>
      </testcase>
      <testcase name="[sig-cli] Kubectl client Kubectl logs should be able to retrieve and filter logs  [Conformance]" classname="Kubernetes e2e suite" time="6.288321001"></testcase>
      <testcase name="[sig-storage] In-tree Volumes [Driver: local][LocalVolumeType: dir] [Testpattern: Pre-provisioned PV (block volmode)] multiVolume [Slow] should access to two volumes with the same volume mode and retain data across pod recreation on the same node" classname="Kubernetes e2e suite" time="0">
          <skipped></skipped>
      </testcase>
      <testcase name="[sig-storage] In-tree Volumes [Driver: ceph][Feature:Volumes][Serial] [Testpattern: Dynamic PV (ext4)] multiVolume [Slow] should concurrently access the single read-only volume from pods on the same node" classname="Kubernetes e2e suite" time="0">
          <skipped></skipped>
      </testcase>
      <testcase name="[sig-storage] In-tree Volumes [Driver: ceph][Feature:Volumes][Serial] [Testpattern: Dynamic PV (block volmode)] disruptive[Disruptive][LinuxOnly] Should test that pv used in a pod that is force deleted while the kubelet is down cleans up when the kubelet returns." classname="Kubernetes e2e suite" time="0">
          <skipped></skipped>
      </testcase>
      <testcase name="[sig-node] gpu Upgrade [Feature:GPUUpgrade] cluster upgrade should be able to run gpu pod after upgrade [Feature:GPUClusterUpgrade]" classname="Kubernetes e2e suite" time="0">
          <skipped></skipped>
      </testcase>
      <testcase name="[sig-storage] In-tree Volumes [Driver: cinder] [Testpattern: Pre-provisioned PV (xfs)][Slow] volumes should store data" classname="Kubernetes e2e suite" time="0">
          <skipped></skipped>
      </testcase>
      <testcase name="[sig-apps] CronJob should delete successful finished jobs with limit of one successful job" classname="Kubernetes e2e suite" time="0">
          <skipped></skipped>
      </testcase>
      <testcase name="[sig-storage] In-tree Volumes [Driver: cinder] [Testpattern: Dynamic PV (block volmode)] volume-stress multiple pods should access different volumes repeatedly [Slow] [Serial]" classname="Kubernetes e2e suite" time="0">
          <skipped></skipped>
      </testcase>
      <testcase name="[sig-storage] CSI Volumes [Driver: csi-hostpath] [Testpattern: Dynamic PV (default fs)] fsgroupchangepolicy (Always)[LinuxOnly], pod created with an initial fsgroup, new pod fsgroup applied to volume contents" classname="Kubernetes e2e suite" time="0">
          <skipped></skipped>
      </testcase>
      <testcase name="[sig-storage] In-tree Volumes [Driver: nfs] [Testpattern: Dynamic PV (ntfs)][Feature:Windows] subPath should fail if subpath file is outside the volume [Slow][LinuxOnly]" classname="Kubernetes e2e suite" time="0">
          <skipped></skipped>
      </testcase>
      <testcase name="[sig-storage] In-tree Volumes [Driver: local][LocalVolumeType: dir-link-bindmounted] [Testpattern: Dynamic PV (default fs)] fsgroupchangepolicy (Always)[LinuxOnly], pod created with an initial fsgroup, volume contents ownership changed in first pod, new pod with same fsgroup applied to the volume contents" classname="Kubernetes e2e suite" time="0">
          <skipped></skipped>
      </testcase>
      <testcase name="[sig-storage] In-tree Volumes [Driver: local][LocalVolumeType: blockfs] [Testpattern: Pre-provisioned PV (default fs)] subPath should support non-existent path" classname="Kubernetes e2e suite" time="0">
          <skipped></skipped>
      </testcase>
      <testcase name="[sig-storage] In-tree Volumes [Driver: azure-disk] [Testpattern: Dynamic PV (default fs)] subPath should support existing single file [LinuxOnly]" classname="Kubernetes e2e suite" time="0">
          <skipped></skipped>
      </testcase>
      <testcase name="[sig-storage] In-tree Volumes [Driver: nfs] [Testpattern: Inline-volume (ext3)] volumes should store data" classname="Kubernetes e2e suite" time="0">
          <skipped></skipped>
      </testcase>
      <testcase name="[sig-storage] In-tree Volumes [Driver: cinder] [Testpattern: Dynamic PV (immediate binding)] topology should provision a volume and schedule a pod with AllowedTopologies" classname="Kubernetes e2e suite" time="0">
          <skipped></skipped>
      </testcase>
      <testcase name="[sig-storage] In-tree Volumes [Driver: local][LocalVolumeType: block] [Testpattern: Pre-provisioned PV (ntfs)][Feature:Windows] volumes should allow exec of files on the volume" classname="Kubernetes e2e suite" time="0">
          <skipped></skipped>
      </testcase>
      <testcase name="[sig-network] Services should be able to switch session affinity for service with type clusterIP [LinuxOnly] [Conformance]" classname="Kubernetes e2e suite" time="45.124782894"></testcase>
      <testcase name="[sig-storage] In-tree Volumes [Driver: vsphere] [Testpattern: Dynamic PV (default fs)] subPath should support readOnly directory specified in the volumeMount" classname="Kubernetes e2e suite" time="0">
          <skipped></skipped>
      </testcase>
      <testcase name="[sig-storage] In-tree Volumes [Driver: windows-gcepd] [Testpattern: Inline-volume (default fs)] subPath should support readOnly directory specified in the volumeMount" classname="Kubernetes e2e suite" time="0">
          <skipped></skipped>
      </testcase>
      <testcase name="[sig-storage] In-tree Volumes [Driver: windows-gcepd] [Testpattern: Pre-provisioned PV (default fs)] subPath should unmount if pod is gracefully deleted while kubelet is down [Disruptive][Slow][LinuxOnly]" classname="Kubernetes e2e suite" time="0">
          <skipped></skipped>
      </testcase>
      <testcase name="[sig-storage] In-tree Volumes [Driver: local][LocalVolumeType: tmpfs] [Testpattern: Dynamic PV (ext4)] volumes should allow exec of files on the volume" classname="Kubernetes e2e suite" time="0">
          <skipped></skipped>
      </testcase>
      <testcase name="[sig-storage] In-tree Volumes [Driver: local][LocalVolumeType: dir-link] [Testpattern: Dynamic PV (filesystem volmode)] multiVolume [Slow] should access to two volumes with the same volume mode and retain data across pod recreation on the same node" classname="Kubernetes e2e suite" time="0">
          <skipped></skipped>
      </testcase>
      <testcase name="[sig-storage] In-tree Volumes [Driver: azure-disk] [Testpattern: Dynamic PV (immediate binding)] topology should provision a volume and schedule a pod with AllowedTopologies" classname="Kubernetes e2e suite" time="0">
          <skipped></skipped>
      </testcase>
      <testcase name="[sig-storage] In-tree Volumes [Driver: cinder] [Testpattern: Dynamic PV (default fs)(allowExpansion)] volume-expand Verify if offline PVC expansion works" classname="Kubernetes e2e suite" time="0">
          <skipped></skipped>
      </testcase>
      <testcase name="[sig-storage] In-tree Volumes [Driver: windows-gcepd] [Testpattern: Dynamic PV (immediate binding)] topology should fail to schedule a pod which has topologies that conflict with AllowedTopologies" classname="Kubernetes e2e suite" time="0">
          <skipped></skipped>
      </testcase>
      <testcase name="[sig-storage] In-tree Volumes [Driver: local][LocalVolumeType: gce-localssd-scsi-fs] [Serial] [Testpattern: Pre-provisioned PV (filesystem volmode)] multiVolume [Slow] should access to two volumes with different volume mode and retain data across pod recreation on different node" classname="Kubernetes e2e suite" time="0">
          <skipped></skipped>
      </testcase>
      <testcase name="[sig-storage] In-tree Volumes [Driver: local][LocalVolumeType: gce-localssd-scsi-fs] [Serial] [Testpattern: Inline-volume (xfs)][Slow] volumes should allow exec of files on the volume" classname="Kubernetes e2e suite" time="0">
          <skipped></skipped>
      </testcase>
      <testcase name="[sig-network] LoadBalancers ESIPP [Slow] should work from pods" classname="Kubernetes e2e suite" time="0">
          <skipped></skipped>
      </testcase>
      <testcase name="[sig-storage] In-tree Volumes [Driver: vsphere] [Testpattern: Dynamic PV (default fs)] fsgroupchangepolicy (OnRootMismatch)[LinuxOnly], pod created with an initial fsgroup, new pod fsgroup applied to volume contents" classname="Kubernetes e2e suite" time="0">
          <skipped></skipped>
      </testcase>
      <testcase name="[sig-api-machinery] ResourceQuota [Feature:PodPriority] should verify ResourceQuota&#39;s priority class scope (cpu, memory quota set) against a pod with same priority class." classname="Kubernetes e2e suite" time="0">
          <skipped></skipped>
      </testcase>
      <testcase name="[sig-storage] In-tree Volumes [Driver: local][LocalVolumeType: dir] [Testpattern: Dynamic PV (filesystem volmode)] volumeMode should fail to use a volume in a pod with mismatched mode [Slow]" classname="Kubernetes e2e suite" time="0">
          <skipped></skipped>
      </testcase>
      <testcase name="[sig-api-machinery] AdmissionWebhook [Privileged:ClusterAdmin] should include webhook resources in discovery documents [Conformance]" classname="Kubernetes e2e suite" time="3.5113231369999998"></testcase>
      <testcase name="[sig-storage] CSI Volumes [Driver: csi-hostpath] [Testpattern: Dynamic PV (immediate binding)] topology should fail to schedule a pod which has topologies that conflict with AllowedTopologies" classname="Kubernetes e2e suite" time="0">
          <skipped></skipped>
      </testcase>
      <testcase name="[sig-autoscaling] Cluster size autoscaling [Slow] Should scale up GPU pool from 1 [GpuType:] [Feature:ClusterSizeAutoscalingGpu]" classname="Kubernetes e2e suite" time="0">
          <skipped></skipped>
      </testcase>
      <testcase name="[sig-storage] In-tree Volumes [Driver: local][LocalVolumeType: gce-localssd-scsi-fs] [Serial] [Testpattern: Dynamic PV (ntfs)][Feature:Windows] subPath should support existing directory" classname="Kubernetes e2e suite" time="0">
          <skipped></skipped>
      </testcase>
      <testcase name="[sig-storage] In-tree Volumes [Driver: emptydir] [Testpattern: Pre-provisioned PV (block volmode)] multiVolume [Slow] should concurrently access the single volume from pods on the same node" classname="Kubernetes e2e suite" time="0">
          <skipped></skipped>
      </testcase>
      <testcase name="[sig-storage] In-tree Volumes [Driver: azure-disk] [Testpattern: Dynamic PV (block volmode)] multiVolume [Slow] should access to two volumes with the same volume mode and retain data across pod recreation on different node" classname="Kubernetes e2e suite" time="0">
          <skipped></skipped>
      </testcase>
      <testcase name="[sig-storage] In-tree Volumes [Driver: cinder] [Testpattern: Pre-provisioned PV (default fs)] volumes should allow exec of files on the volume" classname="Kubernetes e2e suite" time="0">
          <skipped></skipped>
      </testcase>
      <testcase name="[sig-storage] In-tree Volumes [Driver: iscsi][Feature:Volumes] [Testpattern: Dynamic PV (ntfs)][Feature:Windows] provisioning should provision storage with pvc data source" classname="Kubernetes e2e suite" time="0">
          <skipped></skipped>
      </testcase>
      <testcase name="[sig-cli] Kubectl client Kubectl label should update the label on a resource  [Conformance]" classname="Kubernetes e2e suite" time="3.018430307"></testcase>
      <testcase name="[sig-storage] CSI Volumes [Driver: csi-hostpath] [Testpattern: Pre-provisioned PV (block volmode)] disruptive[Disruptive][LinuxOnly] Should test that pv used in a pod that is force deleted while the kubelet is down cleans up when the kubelet returns." classname="Kubernetes e2e suite" time="0">
          <skipped></skipped>
      </testcase>
      <testcase name="[sig-storage] In-tree Volumes [Driver: hostPath] [Testpattern: Dynamic PV (default fs)] subPath should support restarting containers using directory as subpath [Slow]" classname="Kubernetes e2e suite" time="0">
          <skipped></skipped>
      </testcase>
      <testcase name="[sig-storage] CSI Volumes [Driver: csi-hostpath] [Testpattern: Dynamic PV (block volmode)] multiVolume [Slow] should concurrently access the single volume from pods on the same node" classname="Kubernetes e2e suite" time="0">
          <skipped></skipped>
      </testcase>
      <testcase name="[sig-network] Netpol NetworkPolicy between server and client should allow ingress access from updated pod [Feature:NetworkPolicy]" classname="Kubernetes e2e suite" time="0">
          <skipped></skipped>
      </testcase>
      <testcase name="[sig-storage] CSI Volumes [Driver: pd.csi.storage.gke.io][Serial] [Testpattern: Pre-provisioned PV (block volmode)] multiVolume [Slow] should concurrently access the volume and its clone from pods on the same node [LinuxOnly][Feature:VolumeSnapshotDataSource][Feature:VolumeSourceXFS]" classname="Kubernetes e2e suite" time="0">
          <skipped></skipped>
      </testcase>
      <testcase name="[sig-storage] In-tree Volumes [Driver: aws] [Testpattern: Inline-volume (default fs)] subPath should support non-existent path" classname="Kubernetes e2e suite" time="0">
          <skipped></skipped>
      </testcase>
      <testcase name="[sig-storage] In-tree Volumes [Driver: gluster] [Testpattern: Dynamic PV (block volmode)] disruptive[Disruptive][LinuxOnly] Should test that pv used in a pod that is force deleted while the kubelet is down cleans up when the kubelet returns." classname="Kubernetes e2e suite" time="0">
          <skipped></skipped>
      </testcase>
      <testcase name="[sig-storage] In-tree Volumes [Driver: aws] [Testpattern: Dynamic PV (filesystem volmode)] volumeLimits should support volume limits [Serial]" classname="Kubernetes e2e suite" time="0">
          <skipped></skipped>
      </testcase>
      <testcase name="[sig-storage] In-tree Volumes [Driver: aws] [Testpattern: Dynamic PV (default fs)] subPath should fail if non-existent subpath is outside the volume [Slow][LinuxOnly]" classname="Kubernetes e2e suite" time="0">
          <skipped></skipped>
      </testcase>
      <testcase name="[sig-storage] In-tree Volumes [Driver: vsphere] [Testpattern: Dynamic PV (block volmode)] provisioning should provision storage with mount options" classname="Kubernetes e2e suite" time="0">
          <skipped></skipped>
      </testcase>
      <testcase name="[sig-storage] CSI Volumes [Driver: csi-hostpath] [Testpattern: Pre-provisioned PV (block volmode)] multiVolume [Slow] should concurrently access the single volume from pods on different node" classname="Kubernetes e2e suite" time="0">
          <skipped></skipped>
      </testcase>
      <testcase name="[sig-storage] In-tree Volumes [Driver: cinder] [Testpattern: Dynamic PV (default fs)] capacity provides storage capacity information" classname="Kubernetes e2e suite" time="0">
          <skipped></skipped>
      </testcase>
      <testcase name="[sig-storage] In-tree Volumes [Driver: ceph][Feature:Volumes][Serial] [Testpattern: Pre-provisioned PV (default fs)] subPath should support existing single file [LinuxOnly]" classname="Kubernetes e2e suite" time="0">
          <skipped></skipped>
      </testcase>
      <testcase name="[sig-storage] In-tree Volumes [Driver: local][LocalVolumeType: tmpfs] [Testpattern: Pre-provisioned PV (ext4)] volumes should store data" classname="Kubernetes e2e suite" time="0">
          <skipped></skipped>
      </testcase>
      <testcase name="[sig-storage] In-tree Volumes [Driver: emptydir] [Testpattern: Dynamic PV (ntfs)][Feature:Windows] subPath should support file as subpath [LinuxOnly]" classname="Kubernetes e2e suite" time="0">
          <skipped></skipped>
      </testcase>
      <testcase name="[sig-storage] In-tree Volumes [Driver: ceph][Feature:Volumes][Serial] [Testpattern: Dynamic PV (ntfs)][Feature:Windows] volume-expand should not allow expansion of pvcs without AllowVolumeExpansion property" classname="Kubernetes e2e suite" time="0">
          <skipped></skipped>
      </testcase>
      <testcase name="[sig-storage] GenericPersistentVolume[Disruptive] When kubelet restarts Should test that a volume mounted to a pod that is force deleted while the kubelet is down unmounts when the kubelet returns." classname="Kubernetes e2e suite" time="0">
          <skipped></skipped>
      </testcase>
      <testcase name="[sig-storage] In-tree Volumes [Driver: local][LocalVolumeType: blockfs] [Testpattern: Pre-provisioned PV (filesystem volmode)] multiVolume [Slow] should access to two volumes with the same volume mode and retain data across pod recreation on different node" classname="Kubernetes e2e suite" time="0">
          <skipped></skipped>
      </testcase>
      <testcase name="[sig-storage] In-tree Volumes [Driver: nfs] [Testpattern: Dynamic PV (ntfs)][Feature:Windows] subPath should unmount if pod is force deleted while kubelet is down [Disruptive][Slow][LinuxOnly]" classname="Kubernetes e2e suite" time="0">
          <skipped></skipped>
      </testcase>
      <testcase name="[sig-storage] In-tree Volumes [Driver: gluster] [Testpattern: Dynamic PV (ext4)] volumes should allow exec of files on the volume" classname="Kubernetes e2e suite" time="0">
          <skipped></skipped>
      </testcase>
      <testcase name="[sig-storage] In-tree Volumes [Driver: emptydir] [Testpattern: Dynamic PV (filesystem volmode)] disruptive[Disruptive][LinuxOnly] Should test that pv written before kubelet restart is readable after restart." classname="Kubernetes e2e suite" time="0">
          <skipped></skipped>
      </testcase>
      <testcase name="[sig-storage] In-tree Volumes [Driver: iscsi][Feature:Volumes] [Testpattern: Inline-volume (default fs)] subPath should fail if subpath directory is outside the volume [Slow][LinuxOnly]" classname="Kubernetes e2e suite" time="0">
          <skipped></skipped>
      </testcase>
      <testcase name="[sig-storage] In-tree Volumes [Driver: iscsi][Feature:Volumes] [Testpattern: Dynamic PV (filesystem volmode)] multiVolume [Slow] should concurrently access the single volume from pods on different node" classname="Kubernetes e2e suite" time="0">
          <skipped></skipped>
      </testcase>
      <testcase name="[sig-storage] CSI Volumes [Driver: csi-hostpath] [Testpattern: Inline-volume (ntfs)][Feature:Windows] volumes should store data" classname="Kubernetes e2e suite" time="0">
          <skipped></skipped>
      </testcase>
      <testcase name="[sig-storage] Downward API volume should provide podname only [NodeConformance] [Conformance]" classname="Kubernetes e2e suite" time="2.152141092"></testcase>
      <testcase name="[sig-storage] In-tree Volumes [Driver: local][LocalVolumeType: blockfs] [Testpattern: Inline-volume (xfs)][Slow] volumes should allow exec of files on the volume" classname="Kubernetes e2e suite" time="0">
          <skipped></skipped>
      </testcase>
      <testcase name="[sig-storage] In-tree Volumes [Driver: local][LocalVolumeType: gce-localssd-scsi-fs] [Serial] [Testpattern: Pre-provisioned PV (block volmode)] multiVolume [Slow] should access to two volumes with different volume mode and retain data across pod recreation on the same node" classname="Kubernetes e2e suite" time="0">
          <skipped></skipped>
      </testcase>
      <testcase name="[sig-storage] In-tree Volumes [Driver: azure-disk] [Testpattern: Dynamic PV (block volmode)] provisioning should provision storage with pvc data source in parallel [Slow]" classname="Kubernetes e2e suite" time="0">
          <skipped></skipped>
      </testcase>
      <testcase name="[sig-apps] StatefulSet Basic StatefulSet functionality [StatefulSetBasic] Burst scaling should run to completion even with unhealthy pods [Slow] [Conformance]" classname="Kubernetes e2e suite" time="61.687653471"></testcase>
      <testcase name="[sig-storage] In-tree Volumes [Driver: gluster] [Testpattern: Dynamic PV (default fs)] subPath should support readOnly file specified in the volumeMount [LinuxOnly]" classname="Kubernetes e2e suite" time="0">
          <skipped></skipped>
      </testcase>
      <testcase name="[sig-storage] In-tree Volumes [Driver: cinder] [Testpattern: Pre-provisioned PV (block volmode)] volumeMode should not mount / map unused volumes in a pod [LinuxOnly]" classname="Kubernetes e2e suite" time="0">
          <skipped></skipped>
      </testcase>
      <testcase name="[sig-storage] In-tree Volumes [Driver: local][LocalVolumeType: dir-link] [Testpattern: Dynamic PV (block volmode)] provisioning should provision storage with pvc data source in parallel [Slow]" classname="Kubernetes e2e suite" time="0">
          <skipped></skipped>
      </testcase>
      <testcase name="[sig-storage] In-tree Volumes [Driver: hostPath] [Testpattern: Inline-volume (default fs)] subPath should be able to unmount after the subpath directory is deleted [LinuxOnly]" classname="Kubernetes e2e suite" time="0">
          <skipped></skipped>
      </testcase>
      <testcase name="[sig-storage] In-tree Volumes [Driver: rbd][Feature:Volumes][Serial] [Testpattern: Dynamic PV (ntfs)][Feature:Windows] subPath should support readOnly directory specified in the volumeMount" classname="Kubernetes e2e suite" time="0">
          <skipped></skipped>
      </testcase>
      <testcase name="[sig-storage] In-tree Volumes [Driver: local][LocalVolumeType: dir] [Testpattern: Inline-volume (ntfs)][Feature:Windows] volumes should allow exec of files on the volume" classname="Kubernetes e2e suite" time="0">
          <skipped></skipped>
      </testcase>
      <testcase name="[sig-storage] In-tree Volumes [Driver: ceph][Feature:Volumes][Serial] [Testpattern: Dynamic PV (default fs)] subPath should support existing single file [LinuxOnly]" classname="Kubernetes e2e suite" time="0">
          <skipped></skipped>
      </testcase>
      <testcase name="[sig-scheduling] GPUDevicePluginAcrossRecreate [Feature:Recreate] run Nvidia GPU Device Plugin tests with a recreation" classname="Kubernetes e2e suite" time="0">
          <skipped></skipped>
      </testcase>
      <testcase name="[sig-storage] EmptyDir volumes when FSGroup is specified [LinuxOnly] [NodeFeature:FSGroup] volume on tmpfs should have the correct mode using FSGroup" classname="Kubernetes e2e suite" time="0">
          <skipped></skipped>
      </testcase>
      <testcase name="[sig-storage] In-tree Volumes [Driver: azure-disk] [Testpattern: Pre-provisioned PV (ntfs)][Feature:Windows] volumes should store data" classname="Kubernetes e2e suite" time="0">
          <skipped></skipped>
      </testcase>
      <testcase name="[sig-storage] In-tree Volumes [Driver: cinder] [Testpattern: Dynamic PV (block volmode)] multiVolume [Slow] should concurrently access the volume and restored snapshot from pods on the same node [LinuxOnly][Feature:VolumeSnapshotDataSource][Feature:VolumeSourceXFS]" classname="Kubernetes e2e suite" time="0">
          <skipped></skipped>
      </testcase>
      <testcase name="[sig-storage] In-tree Volumes [Driver: local][LocalVolumeType: tmpfs] [Testpattern: Dynamic PV (ntfs)][Feature:Windows] subPath should support restarting containers using directory as subpath [Slow]" classname="Kubernetes e2e suite" time="0">
          <skipped></skipped>
      </testcase>
      <testcase name="[sig-network] kube-proxy migration [Feature:KubeProxyDaemonSetMigration] Downgrade kube-proxy from a DaemonSet to static pods should maintain a functioning cluster [Feature:KubeProxyDaemonSetDowngrade]" classname="Kubernetes e2e suite" time="0">
          <skipped></skipped>
      </testcase>
      <testcase name="[sig-storage] In-tree Volumes [Driver: local][LocalVolumeType: gce-localssd-scsi-fs] [Serial] [Testpattern: Pre-provisioned PV (block volmode)] multiVolume [Slow] should concurrently access the single read-only volume from pods on the same node" classname="Kubernetes e2e suite" time="0">
          <skipped></skipped>
      </testcase>
      <testcase name="[sig-storage] ConfigMap should be immutable if `immutable` field is set [Conformance]" classname="Kubernetes e2e suite" time="0.089922453"></testcase>
      <testcase name="[sig-storage] In-tree Volumes [Driver: hostPathSymlink] [Testpattern: Pre-provisioned PV (default fs)] subPath should fail if subpath with backstepping is outside the volume [Slow][LinuxOnly]" classname="Kubernetes e2e suite" time="0">
          <skipped></skipped>
      </testcase>
      <testcase name="[sig-storage] In-tree Volumes [Driver: local][LocalVolumeType: blockfs] [Testpattern: Dynamic PV (ntfs)][Feature:Windows] subPath should fail if subpath directory is outside the volume [Slow][LinuxOnly]" classname="Kubernetes e2e suite" time="0">
          <skipped></skipped>
      </testcase>
      <testcase name="[sig-storage] In-tree Volumes [Driver: local][LocalVolumeType: dir-link] [Testpattern: Dynamic PV (default fs)] volumes should allow exec of files on the volume" classname="Kubernetes e2e suite" time="0">
          <skipped></skipped>
      </testcase>
      <testcase name="[sig-storage] In-tree Volumes [Driver: hostPathSymlink] [Testpattern: Dynamic PV (ext4)] multiVolume [Slow] should concurrently access the single read-only volume from pods on the same node" classname="Kubernetes e2e suite" time="0">
          <skipped></skipped>
      </testcase>
      <testcase name="[sig-storage] CSI Volumes [Driver: pd.csi.storage.gke.io][Serial] [Testpattern: Pre-provisioned PV (block volmode)] multiVolume [Slow] should concurrently access the single volume from pods on different node" classname="Kubernetes e2e suite" time="0">
          <skipped></skipped>
      </testcase>
      <testcase name="[sig-storage] In-tree Volumes [Driver: iscsi][Feature:Volumes] [Testpattern: Pre-provisioned PV (block volmode)] multiVolume [Slow] should access to two volumes with the same volume mode and retain data across pod recreation on different node" classname="Kubernetes e2e suite" time="0">
          <skipped></skipped>
      </testcase>
      <testcase name="[sig-storage] In-tree Volumes [Driver: local][LocalVolumeType: dir-link-bindmounted] [Testpattern: Pre-provisioned PV (block volmode)] multiVolume [Slow] should concurrently access the single volume from pods on the same node" classname="Kubernetes e2e suite" time="0">
          <skipped></skipped>
      </testcase>
      <testcase name="[sig-storage] In-tree Volumes [Driver: vsphere] [Testpattern: Dynamic PV (block volmode)(allowExpansion)] volume-expand Verify if offline PVC expansion works" classname="Kubernetes e2e suite" time="0">
          <skipped></skipped>
      </testcase>
      <testcase name="[sig-storage] Volumes NFSv3 should be mountable for NFSv3" classname="Kubernetes e2e suite" time="0">
          <skipped></skipped>
      </testcase>
      <testcase name="[sig-storage] In-tree Volumes [Driver: hostPathSymlink] [Testpattern: Pre-provisioned PV (filesystem volmode)] volumeMode should fail to use a volume in a pod with mismatched mode [Slow]" classname="Kubernetes e2e suite" time="0">
          <skipped></skipped>
      </testcase>
      <testcase name="[sig-storage] In-tree Volumes [Driver: local][LocalVolumeType: dir] [Testpattern: Dynamic PV (ntfs)(allowExpansion)][Feature:Windows] volume-expand should resize volume when PVC is edited while pod is using it" classname="Kubernetes e2e suite" time="0">
          <skipped></skipped>
      </testcase>
      <testcase name="[sig-storage] In-tree Volumes [Driver: azure-disk] [Testpattern: Inline-volume (default fs)] subPath should fail if subpath with backstepping is outside the volume [Slow][LinuxOnly]" classname="Kubernetes e2e suite" time="0">
          <skipped></skipped>
      </testcase>
      <testcase name="[sig-storage] In-tree Volumes [Driver: ceph][Feature:Volumes][Serial] [Testpattern: Pre-provisioned PV (xfs)][Slow] volumes should store data" classname="Kubernetes e2e suite" time="0">
          <skipped></skipped>
      </testcase>
      <testcase name="[sig-network] NetworkPolicy [Feature:SCTPConnectivity][LinuxOnly][Disruptive] NetworkPolicy between server and client using SCTP should support a &#39;default-deny&#39; policy [Feature:NetworkPolicy]" classname="Kubernetes e2e suite" time="0">
          <skipped></skipped>
      </testcase>
      <testcase name="[sig-storage] NFSPersistentVolumes[Disruptive][Flaky] when kubelet restarts Should test that a file written to the mount before kubelet restart is readable after restart." classname="Kubernetes e2e suite" time="0">
          <skipped></skipped>
      </testcase>
      <testcase name="[sig-storage] CSI Volumes [Driver: pd.csi.storage.gke.io][Serial] [Testpattern: Dynamic PV (filesystem volmode)] volumeMode should fail to use a volume in a pod with mismatched mode [Slow]" classname="Kubernetes e2e suite" time="0">
          <skipped></skipped>
      </testcase>
      <testcase name="[sig-storage] In-tree Volumes [Driver: aws] [Testpattern: Pre-provisioned PV (default fs)] subPath should support restarting containers using file as subpath [Slow][LinuxOnly]" classname="Kubernetes e2e suite" time="0">
          <skipped></skipped>
      </testcase>
      <testcase name="[sig-storage] In-tree Volumes [Driver: ceph][Feature:Volumes][Serial] [Testpattern: Dynamic PV (block volmode)] volumeMode should fail to use a volume in a pod with mismatched mode [Slow]" classname="Kubernetes e2e suite" time="0">
          <skipped></skipped>
      </testcase>
      <testcase name="[sig-storage] [Serial] Volume metrics PVController should create total pv count metrics for with plugin and volume mode labels after creating pv" classname="Kubernetes e2e suite" time="0">
          <skipped></skipped>
      </testcase>
      <testcase name="[sig-storage] In-tree Volumes [Driver: aws] [Testpattern: Dynamic PV (default fs)] subPath should support creating multiple subpath from same volumes [Slow]" classname="Kubernetes e2e suite" time="0">
          <skipped></skipped>
      </testcase>
      <testcase name="[sig-storage] In-tree Volumes [Driver: gcepd] [Testpattern: Inline-volume (default fs)] volumes should allow exec of files on the volume" classname="Kubernetes e2e suite" time="0">
          <skipped></skipped>
      </testcase>
      <testcase name="[sig-storage] In-tree Volumes [Driver: hostPath] [Testpattern: Dynamic PV (block volmode)] multiVolume [Slow] should access to two volumes with the same volume mode and retain data across pod recreation on the same node" classname="Kubernetes e2e suite" time="0">
          <skipped></skipped>
      </testcase>
      <testcase name="[sig-storage] In-tree Volumes [Driver: hostPathSymlink] [Testpattern: Dynamic PV (ntfs)][Feature:Windows] subPath should support existing single file [LinuxOnly]" classname="Kubernetes e2e suite" time="0">
          <skipped></skipped>
      </testcase>
      <testcase name="[sig-storage] In-tree Volumes [Driver: local][LocalVolumeType: dir-bindmounted] [Testpattern: Dynamic PV (ext4)] multiVolume [Slow] should concurrently access the volume and its clone from pods on the same node [LinuxOnly][Feature:VolumeSnapshotDataSource][Feature:VolumeSourceXFS]" classname="Kubernetes e2e suite" time="0">
          <skipped></skipped>
      </testcase>
      <testcase name="[sig-apps] Daemon set [Serial] should list and delete a collection of DaemonSets [Conformance]" classname="Kubernetes e2e suite" time="3.132361188"></testcase>
      <testcase name="[sig-storage] In-tree Volumes [Driver: gluster] [Testpattern: Dynamic PV (ntfs)(allowExpansion)][Feature:Windows] volume-expand should resize volume when PVC is edited while pod is using it" classname="Kubernetes e2e suite" time="0">
          <skipped></skipped>
      </testcase>
      <testcase name="[sig-api-machinery] Watchers should observe add, update, and delete watch notifications on configmaps [Conformance]" classname="Kubernetes e2e suite" time="60.136662614"></testcase>
      <testcase name="[sig-storage] In-tree Volumes [Driver: local][LocalVolumeType: dir-link] [Testpattern: Inline-volume (default fs)] subPath should fail if non-existent subpath is outside the volume [Slow][LinuxOnly]" classname="Kubernetes e2e suite" time="0">
          <skipped></skipped>
      </testcase>
      <testcase name="[sig-storage] EmptyDir volumes should support (root,0644,tmpfs) [LinuxOnly] [NodeConformance] [Conformance]" classname="Kubernetes e2e suite" time="2.133499312"></testcase>
      <testcase name="[sig-storage] In-tree Volumes [Driver: nfs] [Testpattern: Dynamic PV (ext3)] volumes should store data" classname="Kubernetes e2e suite" time="0">
          <skipped></skipped>
      </testcase>
      <testcase name="[sig-storage] In-tree Volumes [Driver: local][LocalVolumeType: dir-link] [Testpattern: Dynamic PV (ext4)] multiVolume [Slow] should concurrently access the single volume from pods on different node" classname="Kubernetes e2e suite" time="0">
          <skipped></skipped>
      </testcase>
      <testcase name="[sig-network] Netpol NetworkPolicy between server and client should enforce egress policy allowing traffic to a server in a different namespace based on PodSelector and NamespaceSelector [Feature:NetworkPolicy]" classname="Kubernetes e2e suite" time="0">
          <skipped></skipped>
      </testcase>
      <testcase name="[sig-storage] In-tree Volumes [Driver: local][LocalVolumeType: dir-link-bindmounted] [Testpattern: Dynamic PV (filesystem volmode)] volumeLimits should verify that all csinodes have volume limits" classname="Kubernetes e2e suite" time="0">
          <skipped></skipped>
      </testcase>
      <testcase name="[sig-storage] In-tree Volumes [Driver: local][LocalVolumeType: dir-bindmounted] [Testpattern: Dynamic PV (filesystem volmode)] multiVolume [Slow] should access to two volumes with different volume mode and retain data across pod recreation on different node" classname="Kubernetes e2e suite" time="0">
          <skipped></skipped>
      </testcase>
      <testcase name="[sig-storage] In-tree Volumes [Driver: local][LocalVolumeType: dir-bindmounted] [Testpattern: Dynamic PV (default fs)] fsgroupchangepolicy (OnRootMismatch)[LinuxOnly], pod created with an initial fsgroup, new pod fsgroup applied to volume contents" classname="Kubernetes e2e suite" time="0">
          <skipped></skipped>
      </testcase>
      <testcase name="[sig-storage] In-tree Volumes [Driver: gcepd] [Testpattern: Dynamic PV (block volmode)] volume-expand should not allow expansion of pvcs without AllowVolumeExpansion property" classname="Kubernetes e2e suite" time="0">
          <skipped></skipped>
      </testcase>
      <testcase name="[sig-cli] Kubectl client Simple pod should return command exit codes execing into a container with a successful command" classname="Kubernetes e2e suite" time="0">
          <skipped></skipped>
      </testcase>
      <testcase name="[sig-storage] In-tree Volumes [Driver: rbd][Feature:Volumes][Serial] [Testpattern: Inline-volume (default fs)] subPath should support existing directories when readOnly specified in the volumeSource" classname="Kubernetes e2e suite" time="0">
          <skipped></skipped>
      </testcase>
      <testcase name="[sig-storage] PersistentVolumes NFS with Single PV - PVC pairs create a PVC and non-pre-bound PV: test write access" classname="Kubernetes e2e suite" time="0">
          <skipped></skipped>
      </testcase>
      <testcase name="[sig-network] Services should respect internalTrafficPolicy=Local Pod to Pod [Feature:ServiceInternalTrafficPolicy]" classname="Kubernetes e2e suite" time="0">
          <skipped></skipped>
      </testcase>
      <testcase name="[sig-storage] In-tree Volumes [Driver: gcepd] [Testpattern: Pre-provisioned PV (block volmode)] multiVolume [Slow] should concurrently access the volume and restored snapshot from pods on the same node [LinuxOnly][Feature:VolumeSnapshotDataSource][Feature:VolumeSourceXFS]" classname="Kubernetes e2e suite" time="0">
          <skipped></skipped>
      </testcase>
      <testcase name="[sig-storage] In-tree Volumes [Driver: local][LocalVolumeType: gce-localssd-scsi-fs] [Serial] [Testpattern: Inline-volume (default fs)] subPath should unmount if pod is gracefully deleted while kubelet is down [Disruptive][Slow][LinuxOnly]" classname="Kubernetes e2e suite" time="0">
          <skipped></skipped>
      </testcase>
      <testcase name="[sig-storage] In-tree Volumes [Driver: local][LocalVolumeType: tmpfs] [Testpattern: Pre-provisioned PV (default fs)] subPath should fail if non-existent subpath is outside the volume [Slow][LinuxOnly]" classname="Kubernetes e2e suite" time="0">
          <skipped></skipped>
      </testcase>
      <testcase name="[sig-storage] In-tree Volumes [Driver: local][LocalVolumeType: dir] [Testpattern: Dynamic PV (filesystem volmode)] disruptive[Disruptive][LinuxOnly] Should test that pv written before kubelet restart is readable after restart." classname="Kubernetes e2e suite" time="0">
          <skipped></skipped>
      </testcase>
      <testcase name="[sig-storage] In-tree Volumes [Driver: azure-disk] [Testpattern: Dynamic PV (ext4)] multiVolume [Slow] should concurrently access the single read-only volume from pods on the same node" classname="Kubernetes e2e suite" time="0">
          <skipped></skipped>
      </testcase>
      <testcase name="[sig-storage] In-tree Volumes [Driver: ceph][Feature:Volumes][Serial] [Testpattern: Dynamic PV (default fs)] subPath should support existing directories when readOnly specified in the volumeSource" classname="Kubernetes e2e suite" time="0">
          <skipped></skipped>
      </testcase>
      <testcase name="[sig-storage] In-tree Volumes [Driver: iscsi][Feature:Volumes] [Testpattern: Pre-provisioned PV (default fs)] subPath should support existing directory" classname="Kubernetes e2e suite" time="0">
          <skipped></skipped>
      </testcase>
      <testcase name="[sig-storage] In-tree Volumes [Driver: gcepd] [Testpattern: Pre-provisioned PV (ext4)] volumes should store data" classname="Kubernetes e2e suite" time="0">
          <skipped></skipped>
      </testcase>
      <testcase name="[sig-storage] In-tree Volumes [Driver: local][LocalVolumeType: dir-link] [Testpattern: Pre-provisioned PV (block volmode)] multiVolume [Slow] should concurrently access the single read-only volume from pods on the same node" classname="Kubernetes e2e suite" time="0">
          <skipped></skipped>
      </testcase>
      <testcase name="[sig-storage] In-tree Volumes [Driver: ceph][Feature:Volumes][Serial] [Testpattern: Inline-volume (xfs)][Slow] volumes should store data" classname="Kubernetes e2e suite" time="0">
          <skipped></skipped>
      </testcase>
      <testcase name="[sig-storage] In-tree Volumes [Driver: windows-gcepd] [Testpattern: Pre-provisioned PV (filesystem volmode)] multiVolume [Slow] should concurrently access the single volume from pods on different node" classname="Kubernetes e2e suite" time="0">
          <skipped></skipped>
      </testcase>
      <testcase name="[sig-storage] In-tree Volumes [Driver: emptydir] [Testpattern: Dynamic PV (delayed binding)] topology should fail to schedule a pod which has topologies that conflict with AllowedTopologies" classname="Kubernetes e2e suite" time="0">
          <skipped></skipped>
      </testcase>
      <testcase name="[sig-storage] In-tree Volumes [Driver: vsphere] [Testpattern: Dynamic PV (filesystem volmode)] volumeLimits should verify that all csinodes have volume limits" classname="Kubernetes e2e suite" time="0">
          <skipped></skipped>
      </testcase>
      <testcase name="[sig-storage] In-tree Volumes [Driver: local][LocalVolumeType: blockfs] [Testpattern: Dynamic PV (ext4)] multiVolume [Slow] should concurrently access the volume and restored snapshot from pods on the same node [LinuxOnly][Feature:VolumeSnapshotDataSource][Feature:VolumeSourceXFS]" classname="Kubernetes e2e suite" time="0">
          <skipped></skipped>
      </testcase>
      <testcase name="[sig-storage] CSI Volumes [Driver: csi-hostpath] [Testpattern: Dynamic PV (block volmode)] disruptive[Disruptive][LinuxOnly] Should test that pv written before kubelet restart is readable after restart." classname="Kubernetes e2e suite" time="0">
          <skipped></skipped>
      </testcase>
      <testcase name="[sig-storage] In-tree Volumes [Driver: hostPathSymlink] [Testpattern: Dynamic PV (default fs)] fsgroupchangepolicy (OnRootMismatch)[LinuxOnly], pod created with an initial fsgroup, volume contents ownership changed in first pod, new pod with same fsgroup skips ownership changes to the volume contents" classname="Kubernetes e2e suite" time="0">
          <skipped></skipped>
      </testcase>
      <testcase name="[sig-storage] In-tree Volumes [Driver: windows-gcepd] [Testpattern: Pre-provisioned PV (block volmode)] disruptive[Disruptive][LinuxOnly] Should test that pv used in a pod that is force deleted while the kubelet is down cleans up when the kubelet returns." classname="Kubernetes e2e suite" time="0">
          <skipped></skipped>
      </testcase>
      <testcase name="[sig-storage] In-tree Volumes [Driver: local][LocalVolumeType: gce-localssd-scsi-fs] [Serial] [Testpattern: Dynamic PV (default fs)] capacity provides storage capacity information" classname="Kubernetes e2e suite" time="0">
          <skipped></skipped>
      </testcase>
      <testcase name="[sig-storage] In-tree Volumes [Driver: local][LocalVolumeType: dir-bindmounted] [Testpattern: Pre-provisioned PV (default fs)] volumes should store data" classname="Kubernetes e2e suite" time="0">
          <skipped></skipped>
      </testcase>
      <testcase name="[sig-storage] In-tree Volumes [Driver: windows-gcepd] [Testpattern: Dynamic PV (ntfs)][Feature:Windows] provisioning should provision storage with mount options" classname="Kubernetes e2e suite" time="0">
          <skipped></skipped>
      </testcase>
      <testcase name="[sig-network] DNS should provide DNS for pods for Subdomain [Conformance]" classname="Kubernetes e2e suite" time="602.775903318">
          <failure type="Failure">/workspace/src/k8s.io/kubernetes/_output/dockerized/go/src/k8s.io/kubernetes/test/e2e/framework/framework.go:630&#xA;Aug 27 11:46:35.949: Unexpected error:&#xA;    &lt;*errors.errorString | 0xc0002c6240&gt;: {&#xA;        s: &#34;timed out waiting for the condition&#34;,&#xA;    }&#xA;    timed out waiting for the condition&#xA;occurred&#xA;/workspace/src/k8s.io/kubernetes/_output/dockerized/go/src/k8s.io/kubernetes/test/e2e/network/dns_common.go:463</failure>
          <system-out>[BeforeEach] [sig-network] DNS&#xA;  /workspace/src/k8s.io/kubernetes/_output/dockerized/go/src/k8s.io/kubernetes/test/e2e/framework/framework.go:185&#xA;STEP: Creating a kubernetes client&#xA;Aug 27 11:36:33.515: INFO: &gt;&gt;&gt; kubeConfig: /tmp/kubeconfig-655963504&#xA;STEP: Building a namespace api object, basename dns&#xA;STEP: Waiting for a default service account to be provisioned in namespace&#xA;[It] should provide DNS for pods for Subdomain [Conformance]&#xA;  /workspace/src/k8s.io/kubernetes/_output/dockerized/go/src/k8s.io/kubernetes/test/e2e/framework/framework.go:630&#xA;STEP: Creating a test headless service&#xA;STEP: Running these commands on wheezy: for i in `seq 1 600`; do check=&#34;$$(dig +notcp +noall +answer +search dns-querier-2.dns-test-service-2.dns-1879.svc.cluster.local A)&#34; &amp;&amp; test -n &#34;$$check&#34; &amp;&amp; echo OK &gt; /results/wheezy_udp@dns-querier-2.dns-test-service-2.dns-1879.svc.cluster.local;check=&#34;$$(dig +tcp +noall +answer +search dns-querier-2.dns-test-service-2.dns-1879.svc.cluster.local A)&#34; &amp;&amp; test -n &#34;$$check&#34; &amp;&amp; echo OK &gt; /results/wheezy_tcp@dns-querier-2.dns-test-service-2.dns-1879.svc.cluster.local;check=&#34;$$(dig +notcp +noall +answer +search dns-test-service-2.dns-1879.svc.cluster.local A)&#34; &amp;&amp; test -n &#34;$$check&#34; &amp;&amp; echo OK &gt; /results/wheezy_udp@dns-test-service-2.dns-1879.svc.cluster.local;check=&#34;$$(dig +tcp +noall +answer +search dns-test-service-2.dns-1879.svc.cluster.local A)&#34; &amp;&amp; test -n &#34;$$check&#34; &amp;&amp; echo OK &gt; /results/wheezy_tcp@dns-test-service-2.dns-1879.svc.cluster.local;podARec=$$(hostname -i| awk -F. &#39;{print $$1&#34;-&#34;$$2&#34;-&#34;$$3&#34;-&#34;$$4&#34;.dns-1879.pod.cluster.local&#34;}&#39;);check=&#34;$$(dig +notcp +noall +answer +search $${podARec} A)&#34; &amp;&amp; test -n &#34;$$check&#34; &amp;&amp; echo OK &gt; /results/wheezy_udp@PodARecord;check=&#34;$$(dig +tcp +noall +answer +search $${podARec} A)&#34; &amp;&amp; test -n &#34;$$check&#34; &amp;&amp; echo OK &gt; /results/wheezy_tcp@PodARecord;sleep 1; done&#xA;&#xA;STEP: Running these commands on jessie: for i in `seq 1 600`; do check=&#34;$$(dig +notcp +noall +answer +search dns-querier-2.dns-test-service-2.dns-1879.svc.cluster.local A)&#34; &amp;&amp; test -n &#34;$$check&#34; &amp;&amp; echo OK &gt; /results/jessie_udp@dns-querier-2.dns-test-service-2.dns-1879.svc.cluster.local;check=&#34;$$(dig +tcp +noall +answer +search dns-querier-2.dns-test-service-2.dns-1879.svc.cluster.local A)&#34; &amp;&amp; test -n &#34;$$check&#34; &amp;&amp; echo OK &gt; /results/jessie_tcp@dns-querier-2.dns-test-service-2.dns-1879.svc.cluster.local;check=&#34;$$(dig +notcp +noall +answer +search dns-test-service-2.dns-1879.svc.cluster.local A)&#34; &amp;&amp; test -n &#34;$$check&#34; &amp;&amp; echo OK &gt; /results/jessie_udp@dns-test-service-2.dns-1879.svc.cluster.local;check=&#34;$$(dig +tcp +noall +answer +search dns-test-service-2.dns-1879.svc.cluster.local A)&#34; &amp;&amp; test -n &#34;$$check&#34; &amp;&amp; echo OK &gt; /results/jessie_tcp@dns-test-service-2.dns-1879.svc.cluster.local;podARec=$$(hostname -i| awk -F. &#39;{print $$1&#34;-&#34;$$2&#34;-&#34;$$3&#34;-&#34;$$4&#34;.dns-1879.pod.cluster.local&#34;}&#39;);check=&#34;$$(dig +notcp +noall +answer +search $${podARec} A)&#34; &amp;&amp; test -n &#34;$$check&#34; &amp;&amp; echo OK &gt; /results/jessie_udp@PodARecord;check=&#34;$$(dig +tcp +noall +answer +search $${podARec} A)&#34; &amp;&amp; test -n &#34;$$check&#34; &amp;&amp; echo OK &gt; /results/jessie_tcp@PodARecord;sleep 1; done&#xA;&#xA;STEP: creating a pod to probe DNS&#xA;STEP: submitting the pod to kubernetes&#xA;STEP: retrieving the pod&#xA;STEP: looking for the results for each expected name from probers&#xA;Aug 27 11:36:35.631: INFO: Unable to read wheezy_udp@dns-querier-2.dns-test-service-2.dns-1879.svc.cluster.local from pod dns-1879/dns-test-d3a3f538-c6c2-4f10-a20e-7b95372822ec: the server could not find the requested resource (get pods dns-test-d3a3f538-c6c2-4f10-a20e-7b95372822ec)&#xA;Aug 27 11:36:35.639: INFO: Unable to read wheezy_tcp@dns-querier-2.dns-test-service-2.dns-1879.svc.cluster.local from pod dns-1879/dns-test-d3a3f538-c6c2-4f10-a20e-7b95372822ec: the server could not find the requested resource (get pods dns-test-d3a3f538-c6c2-4f10-a20e-7b95372822ec)&#xA;Aug 27 11:36:35.648: INFO: Unable to read wheezy_udp@dns-test-service-2.dns-1879.svc.cluster.local from pod dns-1879/dns-test-d3a3f538-c6c2-4f10-a20e-7b95372822ec: the server could not find the requested resource (get pods dns-test-d3a3f538-c6c2-4f10-a20e-7b95372822ec)&#xA;Aug 27 11:36:35.667: INFO: Unable to read wheezy_tcp@dns-test-service-2.dns-1879.svc.cluster.local from pod dns-1879/dns-test-d3a3f538-c6c2-4f10-a20e-7b95372822ec: the server could not find the requested resource (get pods dns-test-d3a3f538-c6c2-4f10-a20e-7b95372822ec)&#xA;Aug 27 11:36:35.674: INFO: Unable to read wheezy_udp@PodARecord from pod dns-1879/dns-test-d3a3f538-c6c2-4f10-a20e-7b95372822ec: the server could not find the requested resource (get pods dns-test-d3a3f538-c6c2-4f10-a20e-7b95372822ec)&#xA;Aug 27 11:36:35.685: INFO: Unable to read wheezy_tcp@PodARecord from pod dns-1879/dns-test-d3a3f538-c6c2-4f10-a20e-7b95372822ec: the server could not find the requested resource (get pods dns-test-d3a3f538-c6c2-4f10-a20e-7b95372822ec)&#xA;Aug 27 11:36:35.698: INFO: Unable to read jessie_udp@dns-querier-2.dns-test-service-2.dns-1879.svc.cluster.local from pod dns-1879/dns-test-d3a3f538-c6c2-4f10-a20e-7b95372822ec: the server could not find the requested resource (get pods dns-test-d3a3f538-c6c2-4f10-a20e-7b95372822ec)&#xA;Aug 27 11:36:35.711: INFO: Unable to read jessie_tcp@dns-querier-2.dns-test-service-2.dns-1879.svc.cluster.local from pod dns-1879/dns-test-d3a3f538-c6c2-4f10-a20e-7b95372822ec: the server could not find the requested resource (get pods dns-test-d3a3f538-c6c2-4f10-a20e-7b95372822ec)&#xA;Aug 27 11:36:35.730: INFO: Unable to read jessie_udp@dns-test-service-2.dns-1879.svc.cluster.local from pod dns-1879/dns-test-d3a3f538-c6c2-4f10-a20e-7b95372822ec: the server could not find the requested resource (get pods dns-test-d3a3f538-c6c2-4f10-a20e-7b95372822ec)&#xA;Aug 27 11:36:35.735: INFO: Unable to read jessie_tcp@dns-test-service-2.dns-1879.svc.cluster.local from pod dns-1879/dns-test-d3a3f538-c6c2-4f10-a20e-7b95372822ec: the server could not find the requested resource (get pods dns-test-d3a3f538-c6c2-4f10-a20e-7b95372822ec)&#xA;Aug 27 11:36:35.742: INFO: Unable to read jessie_udp@PodARecord from pod dns-1879/dns-test-d3a3f538-c6c2-4f10-a20e-7b95372822ec: the server could not find the requested resource (get pods dns-test-d3a3f538-c6c2-4f10-a20e-7b95372822ec)&#xA;Aug 27 11:36:35.775: INFO: Unable to read jessie_tcp@PodARecord from pod dns-1879/dns-test-d3a3f538-c6c2-4f10-a20e-7b95372822ec: the server could not find the requested resource (get pods dns-test-d3a3f538-c6c2-4f10-a20e-7b95372822ec)&#xA;Aug 27 11:36:35.775: INFO: Lookups using dns-1879/dns-test-d3a3f538-c6c2-4f10-a20e-7b95372822ec failed for: [wheezy_udp@dns-querier-2.dns-test-service-2.dns-1879.svc.cluster.local wheezy_tcp@dns-querier-2.dns-test-service-2.dns-1879.svc.cluster.local wheezy_udp@dns-test-service-2.dns-1879.svc.cluster.local wheezy_tcp@dns-test-service-2.dns-1879.svc.cluster.local wheezy_udp@PodARecord wheezy_tcp@PodARecord jessie_udp@dns-querier-2.dns-test-service-2.dns-1879.svc.cluster.local jessie_tcp@dns-querier-2.dns-test-service-2.dns-1879.svc.cluster.local jessie_udp@dns-test-service-2.dns-1879.svc.cluster.local jessie_tcp@dns-test-service-2.dns-1879.svc.cluster.local jessie_udp@PodARecord jessie_tcp@PodARecord]&#xA;&#xA;Aug 27 11:36:40.792: INFO: Unable to read wheezy_udp@dns-test-service-2.dns-1879.svc.cluster.local from pod dns-1879/dns-test-d3a3f538-c6c2-4f10-a20e-7b95372822ec: the server could not find the requested resource (get pods dns-test-d3a3f538-c6c2-4f10-a20e-7b95372822ec)&#xA;Aug 27 11:36:40.798: INFO: Unable to read wheezy_tcp@dns-test-service-2.dns-1879.svc.cluster.local from pod dns-1879/dns-test-d3a3f538-c6c2-4f10-a20e-7b95372822ec: the server could not find the requested resource (get pods dns-test-d3a3f538-c6c2-4f10-a20e-7b95372822ec)&#xA;Aug 27 11:36:40.806: INFO: Unable to read wheezy_udp@PodARecord from pod dns-1879/dns-test-d3a3f538-c6c2-4f10-a20e-7b95372822ec: the server could not find the requested resource (get pods dns-test-d3a3f538-c6c2-4f10-a20e-7b95372822ec)&#xA;Aug 27 11:36:40.809: INFO: Unable to read wheezy_tcp@PodARecord from pod dns-1879/dns-test-d3a3f538-c6c2-4f10-a20e-7b95372822ec: the server could not find the requested resource (get pods dns-test-d3a3f538-c6c2-4f10-a20e-7b95372822ec)&#xA;Aug 27 11:36:40.836: INFO: Unable to read jessie_udp@dns-test-service-2.dns-1879.svc.cluster.local from pod dns-1879/dns-test-d3a3f538-c6c2-4f10-a20e-7b95372822ec: the server could not find the requested resource (get pods dns-test-d3a3f538-c6c2-4f10-a20e-7b95372822ec)&#xA;Aug 27 11:36:40.840: INFO: Unable to read jessie_tcp@dns-test-service-2.dns-1879.svc.cluster.local from pod dns-1879/dns-test-d3a3f538-c6c2-4f10-a20e-7b95372822ec: the server could not find the requested resource (get pods dns-test-d3a3f538-c6c2-4f10-a20e-7b95372822ec)&#xA;Aug 27 11:36:40.844: INFO: Unable to read jessie_udp@PodARecord from pod dns-1879/dns-test-d3a3f538-c6c2-4f10-a20e-7b95372822ec: the server could not find the requested resource (get pods dns-test-d3a3f538-c6c2-4f10-a20e-7b95372822ec)&#xA;Aug 27 11:36:40.848: INFO: Unable to read jessie_tcp@PodARecord from pod dns-1879/dns-test-d3a3f538-c6c2-4f10-a20e-7b95372822ec: the server could not find the requested resource (get pods dns-test-d3a3f538-c6c2-4f10-a20e-7b95372822ec)&#xA;Aug 27 11:36:40.848: INFO: Lookups using dns-1879/dns-test-d3a3f538-c6c2-4f10-a20e-7b95372822ec failed for: [wheezy_udp@dns-test-service-2.dns-1879.svc.cluster.local wheezy_tcp@dns-test-service-2.dns-1879.svc.cluster.local wheezy_udp@PodARecord wheezy_tcp@PodARecord jessie_udp@dns-test-service-2.dns-1879.svc.cluster.local jessie_tcp@dns-test-service-2.dns-1879.svc.cluster.local jessie_udp@PodARecord jessie_tcp@PodARecord]&#xA;&#xA;Aug 27 11:36:45.815: INFO: Unable to read wheezy_udp@dns-test-service-2.dns-1879.svc.cluster.local from pod dns-1879/dns-test-d3a3f538-c6c2-4f10-a20e-7b95372822ec: the server could not find the requested resource (get pods dns-test-d3a3f538-c6c2-4f10-a20e-7b95372822ec)&#xA;Aug 27 11:36:45.820: INFO: Unable to read wheezy_tcp@dns-test-service-2.dns-1879.svc.cluster.local from pod dns-1879/dns-test-d3a3f538-c6c2-4f10-a20e-7b95372822ec: the server could not find the requested resource (get pods dns-test-d3a3f538-c6c2-4f10-a20e-7b95372822ec)&#xA;Aug 27 11:36:45.830: INFO: Unable to read wheezy_udp@PodARecord from pod dns-1879/dns-test-d3a3f538-c6c2-4f10-a20e-7b95372822ec: the server could not find the requested resource (get pods dns-test-d3a3f538-c6c2-4f10-a20e-7b95372822ec)&#xA;Aug 27 11:36:45.835: INFO: Unable to read wheezy_tcp@PodARecord from pod dns-1879/dns-test-d3a3f538-c6c2-4f10-a20e-7b95372822ec: the server could not find the requested resource (get pods dns-test-d3a3f538-c6c2-4f10-a20e-7b95372822ec)&#xA;Aug 27 11:36:45.878: INFO: Unable to read jessie_udp@dns-test-service-2.dns-1879.svc.cluster.local from pod dns-1879/dns-test-d3a3f538-c6c2-4f10-a20e-7b95372822ec: the server could not find the requested resource (get pods dns-test-d3a3f538-c6c2-4f10-a20e-7b95372822ec)&#xA;Aug 27 11:36:45.892: INFO: Unable to read jessie_tcp@dns-test-service-2.dns-1879.svc.cluster.local from pod dns-1879/dns-test-d3a3f538-c6c2-4f10-a20e-7b95372822ec: the server could not find the requested resource (get pods dns-test-d3a3f538-c6c2-4f10-a20e-7b95372822ec)&#xA;Aug 27 11:36:45.899: INFO: Unable to read jessie_udp@PodARecord from pod dns-1879/dns-test-d3a3f538-c6c2-4f10-a20e-7b95372822ec: the server could not find the requested resource (get pods dns-test-d3a3f538-c6c2-4f10-a20e-7b95372822ec)&#xA;Aug 27 11:36:45.909: INFO: Unable to read jessie_tcp@PodARecord from pod dns-1879/dns-test-d3a3f538-c6c2-4f10-a20e-7b95372822ec: the server could not find the requested resource (get pods dns-test-d3a3f538-c6c2-4f10-a20e-7b95372822ec)&#xA;Aug 27 11:36:45.909: INFO: Lookups using dns-1879/dns-test-d3a3f538-c6c2-4f10-a20e-7b95372822ec failed for: [wheezy_udp@dns-test-service-2.dns-1879.svc.cluster.local wheezy_tcp@dns-test-service-2.dns-1879.svc.cluster.local wheezy_udp@PodARecord wheezy_tcp@PodARecord jessie_udp@dns-test-service-2.dns-1879.svc.cluster.local jessie_tcp@dns-test-service-2.dns-1879.svc.cluster.local jessie_udp@PodARecord jessie_tcp@PodARecord]&#xA;&#xA;Aug 27 11:36:50.787: INFO: Unable to read wheezy_udp@dns-test-service-2.dns-1879.svc.cluster.local from pod dns-1879/dns-test-d3a3f538-c6c2-4f10-a20e-7b95372822ec: the server could not find the requested resource (get pods dns-test-d3a3f538-c6c2-4f10-a20e-7b95372822ec)&#xA;Aug 27 11:36:50.791: INFO: Unable to read wheezy_tcp@dns-test-service-2.dns-1879.svc.cluster.local from pod dns-1879/dns-test-d3a3f538-c6c2-4f10-a20e-7b95372822ec: the server could not find the requested resource (get pods dns-test-d3a3f538-c6c2-4f10-a20e-7b95372822ec)&#xA;Aug 27 11:36:50.794: INFO: Unable to read wheezy_udp@PodARecord from pod dns-1879/dns-test-d3a3f538-c6c2-4f10-a20e-7b95372822ec: the server could not find the requested resource (get pods dns-test-d3a3f538-c6c2-4f10-a20e-7b95372822ec)&#xA;Aug 27 11:36:50.798: INFO: Unable to read wheezy_tcp@PodARecord from pod dns-1879/dns-test-d3a3f538-c6c2-4f10-a20e-7b95372822ec: the server could not find the requested resource (get pods dns-test-d3a3f538-c6c2-4f10-a20e-7b95372822ec)&#xA;Aug 27 11:36:50.810: INFO: Unable to read jessie_udp@dns-test-service-2.dns-1879.svc.cluster.local from pod dns-1879/dns-test-d3a3f538-c6c2-4f10-a20e-7b95372822ec: the server could not find the requested resource (get pods dns-test-d3a3f538-c6c2-4f10-a20e-7b95372822ec)&#xA;Aug 27 11:36:50.813: INFO: Unable to read jessie_tcp@dns-test-service-2.dns-1879.svc.cluster.local from pod dns-1879/dns-test-d3a3f538-c6c2-4f10-a20e-7b95372822ec: the server could not find the requested resource (get pods dns-test-d3a3f538-c6c2-4f10-a20e-7b95372822ec)&#xA;Aug 27 11:36:50.817: INFO: Unable to read jessie_udp@PodARecord from pod dns-1879/dns-test-d3a3f538-c6c2-4f10-a20e-7b95372822ec: the server could not find the requested resource (get pods dns-test-d3a3f538-c6c2-4f10-a20e-7b95372822ec)&#xA;Aug 27 11:36:50.820: INFO: Unable to read jessie_tcp@PodARecord from pod dns-1879/dns-test-d3a3f538-c6c2-4f10-a20e-7b95372822ec: the server could not find the requested resource (get pods dns-test-d3a3f538-c6c2-4f10-a20e-7b95372822ec)&#xA;Aug 27 11:36:50.820: INFO: Lookups using dns-1879/dns-test-d3a3f538-c6c2-4f10-a20e-7b95372822ec failed for: [wheezy_udp@dns-test-service-2.dns-1879.svc.cluster.local wheezy_tcp@dns-test-service-2.dns-1879.svc.cluster.local wheezy_udp@PodARecord wheezy_tcp@PodARecord jessie_udp@dns-test-service-2.dns-1879.svc.cluster.local jessie_tcp@dns-test-service-2.dns-1879.svc.cluster.local jessie_udp@PodARecord jessie_tcp@PodARecord]&#xA;&#xA;Aug 27 11:36:55.802: INFO: Unable to read wheezy_udp@dns-test-service-2.dns-1879.svc.cluster.local from pod dns-1879/dns-test-d3a3f538-c6c2-4f10-a20e-7b95372822ec: the server could not find the requested resource (get pods dns-test-d3a3f538-c6c2-4f10-a20e-7b95372822ec)&#xA;Aug 27 11:36:55.811: INFO: Unable to read wheezy_tcp@dns-test-service-2.dns-1879.svc.cluster.local from pod dns-1879/dns-test-d3a3f538-c6c2-4f10-a20e-7b95372822ec: the server could not find the requested resource (get pods dns-test-d3a3f538-c6c2-4f10-a20e-7b95372822ec)&#xA;Aug 27 11:36:55.817: INFO: Unable to read wheezy_udp@PodARecord from pod dns-1879/dns-test-d3a3f538-c6c2-4f10-a20e-7b95372822ec: the server could not find the requested resource (get pods dns-test-d3a3f538-c6c2-4f10-a20e-7b95372822ec)&#xA;Aug 27 11:36:55.887: INFO: Unable to read wheezy_tcp@PodARecord from pod dns-1879/dns-test-d3a3f538-c6c2-4f10-a20e-7b95372822ec: the server could not find the requested resource (get pods dns-test-d3a3f538-c6c2-4f10-a20e-7b95372822ec)&#xA;Aug 27 11:36:55.936: INFO: Unable to read jessie_udp@dns-test-service-2.dns-1879.svc.cluster.local from pod dns-1879/dns-test-d3a3f538-c6c2-4f10-a20e-7b95372822ec: the server could not find the requested resource (get pods dns-test-d3a3f538-c6c2-4f10-a20e-7b95372822ec)&#xA;Aug 27 11:36:55.944: INFO: Unable to read jessie_tcp@dns-test-service-2.dns-1879.svc.cluster.local from pod dns-1879/dns-test-d3a3f538-c6c2-4f10-a20e-7b95372822ec: the server could not find the requested resource (get pods dns-test-d3a3f538-c6c2-4f10-a20e-7b95372822ec)&#xA;Aug 27 11:36:55.950: INFO: Unable to read jessie_udp@PodARecord from pod dns-1879/dns-test-d3a3f538-c6c2-4f10-a20e-7b95372822ec: the server could not find the requested resource (get pods dns-test-d3a3f538-c6c2-4f10-a20e-7b95372822ec)&#xA;Aug 27 11:36:55.961: INFO: Unable to read jessie_tcp@PodARecord from pod dns-1879/dns-test-d3a3f538-c6c2-4f10-a20e-7b95372822ec: the server could not find the requested resource (get pods dns-test-d3a3f538-c6c2-4f10-a20e-7b95372822ec)&#xA;Aug 27 11:36:55.961: INFO: Lookups using dns-1879/dns-test-d3a3f538-c6c2-4f10-a20e-7b95372822ec failed for: [wheezy_udp@dns-test-service-2.dns-1879.svc.cluster.local wheezy_tcp@dns-test-service-2.dns-1879.svc.cluster.local wheezy_udp@PodARecord wheezy_tcp@PodARecord jessie_udp@dns-test-service-2.dns-1879.svc.cluster.local jessie_tcp@dns-test-service-2.dns-1879.svc.cluster.local jessie_udp@PodARecord jessie_tcp@PodARecord]&#xA;&#xA;Aug 27 11:37:00.793: INFO: Unable to read wheezy_udp@dns-test-service-2.dns-1879.svc.cluster.local from pod dns-1879/dns-test-d3a3f538-c6c2-4f10-a20e-7b95372822ec: the server could not find the requested resource (get pods dns-test-d3a3f538-c6c2-4f10-a20e-7b95372822ec)&#xA;Aug 27 11:37:00.798: INFO: Unable to read wheezy_tcp@dns-test-service-2.dns-1879.svc.cluster.local from pod dns-1879/dns-test-d3a3f538-c6c2-4f10-a20e-7b95372822ec: the server could not find the requested resource (get pods dns-test-d3a3f538-c6c2-4f10-a20e-7b95372822ec)&#xA;Aug 27 11:37:00.807: INFO: Unable to read wheezy_udp@PodARecord from pod dns-1879/dns-test-d3a3f538-c6c2-4f10-a20e-7b95372822ec: the server could not find the requested resource (get pods dns-test-d3a3f538-c6c2-4f10-a20e-7b95372822ec)&#xA;Aug 27 11:37:00.816: INFO: Unable to read wheezy_tcp@PodARecord from pod dns-1879/dns-test-d3a3f538-c6c2-4f10-a20e-7b95372822ec: the server could not find the requested resource (get pods dns-test-d3a3f538-c6c2-4f10-a20e-7b95372822ec)&#xA;Aug 27 11:37:00.869: INFO: Unable to read jessie_udp@dns-test-service-2.dns-1879.svc.cluster.local from pod dns-1879/dns-test-d3a3f538-c6c2-4f10-a20e-7b95372822ec: the server could not find the requested resource (get pods dns-test-d3a3f538-c6c2-4f10-a20e-7b95372822ec)&#xA;Aug 27 11:37:00.875: INFO: Unable to read jessie_tcp@dns-test-service-2.dns-1879.svc.cluster.local from pod dns-1879/dns-test-d3a3f538-c6c2-4f10-a20e-7b95372822ec: the server could not find the requested resource (get pods dns-test-d3a3f538-c6c2-4f10-a20e-7b95372822ec)&#xA;Aug 27 11:37:00.879: INFO: Unable to read jessie_udp@PodARecord from pod dns-1879/dns-test-d3a3f538-c6c2-4f10-a20e-7b95372822ec: the server could not find the requested resource (get pods dns-test-d3a3f538-c6c2-4f10-a20e-7b95372822ec)&#xA;Aug 27 11:37:00.885: INFO: Unable to read jessie_tcp@PodARecord from pod dns-1879/dns-test-d3a3f538-c6c2-4f10-a20e-7b95372822ec: the server could not find the requested resource (get pods dns-test-d3a3f538-c6c2-4f10-a20e-7b95372822ec)&#xA;Aug 27 11:37:00.885: INFO: Lookups using dns-1879/dns-test-d3a3f538-c6c2-4f10-a20e-7b95372822ec failed for: [wheezy_udp@dns-test-service-2.dns-1879.svc.cluster.local wheezy_tcp@dns-test-service-2.dns-1879.svc.cluster.local wheezy_udp@PodARecord wheezy_tcp@PodARecord jessie_udp@dns-test-service-2.dns-1879.svc.cluster.local jessie_tcp@dns-test-service-2.dns-1879.svc.cluster.local jessie_udp@PodARecord jessie_tcp@PodARecord]&#xA;&#xA;Aug 27 11:37:05.790: INFO: Unable to read wheezy_udp@dns-test-service-2.dns-1879.svc.cluster.local from pod dns-1879/dns-test-d3a3f538-c6c2-4f10-a20e-7b95372822ec: the server could not find the requested resource (get pods dns-test-d3a3f538-c6c2-4f10-a20e-7b95372822ec)&#xA;Aug 27 11:37:05.797: INFO: Unable to read wheezy_tcp@dns-test-service-2.dns-1879.svc.cluster.local from pod dns-1879/dns-test-d3a3f538-c6c2-4f10-a20e-7b95372822ec: the server could not find the requested resource (get pods dns-test-d3a3f538-c6c2-4f10-a20e-7b95372822ec)&#xA;Aug 27 11:37:05.800: INFO: Unable to read wheezy_udp@PodARecord from pod dns-1879/dns-test-d3a3f538-c6c2-4f10-a20e-7b95372822ec: the server could not find the requested resource (get pods dns-test-d3a3f538-c6c2-4f10-a20e-7b95372822ec)&#xA;Aug 27 11:37:05.807: INFO: Unable to read wheezy_tcp@PodARecord from pod dns-1879/dns-test-d3a3f538-c6c2-4f10-a20e-7b95372822ec: the server could not find the requested resource (get pods dns-test-d3a3f538-c6c2-4f10-a20e-7b95372822ec)&#xA;Aug 27 11:37:05.823: INFO: Unable to read jessie_udp@dns-test-service-2.dns-1879.svc.cluster.local from pod dns-1879/dns-test-d3a3f538-c6c2-4f10-a20e-7b95372822ec: the server could not find the requested resource (get pods dns-test-d3a3f538-c6c2-4f10-a20e-7b95372822ec)&#xA;Aug 27 11:37:05.827: INFO: Unable to read jessie_tcp@dns-test-service-2.dns-1879.svc.cluster.local from pod dns-1879/dns-test-d3a3f538-c6c2-4f10-a20e-7b95372822ec: the server could not find the requested resource (get pods dns-test-d3a3f538-c6c2-4f10-a20e-7b95372822ec)&#xA;Aug 27 11:37:05.831: INFO: Unable to read jessie_udp@PodARecord from pod dns-1879/dns-test-d3a3f538-c6c2-4f10-a20e-7b95372822ec: the server could not find the requested resource (get pods dns-test-d3a3f538-c6c2-4f10-a20e-7b95372822ec)&#xA;Aug 27 11:37:05.839: INFO: Unable to read jessie_tcp@PodARecord from pod dns-1879/dns-test-d3a3f538-c6c2-4f10-a20e-7b95372822ec: the server could not find the requested resource (get pods dns-test-d3a3f538-c6c2-4f10-a20e-7b95372822ec)&#xA;Aug 27 11:37:05.839: INFO: Lookups using dns-1879/dns-test-d3a3f538-c6c2-4f10-a20e-7b95372822ec failed for: [wheezy_udp@dns-test-service-2.dns-1879.svc.cluster.local wheezy_tcp@dns-test-service-2.dns-1879.svc.cluster.local wheezy_udp@PodARecord wheezy_tcp@PodARecord jessie_udp@dns-test-service-2.dns-1879.svc.cluster.local jessie_tcp@dns-test-service-2.dns-1879.svc.cluster.local jessie_udp@PodARecord jessie_tcp@PodARecord]&#xA;&#xA;Aug 27 11:37:10.786: INFO: Unable to read wheezy_udp@dns-test-service-2.dns-1879.svc.cluster.local from pod dns-1879/dns-test-d3a3f538-c6c2-4f10-a20e-7b95372822ec: the server could not find the requested resource (get pods dns-test-d3a3f538-c6c2-4f10-a20e-7b95372822ec)&#xA;Aug 27 11:37:10.790: INFO: Unable to read wheezy_tcp@dns-test-service-2.dns-1879.svc.cluster.local from pod dns-1879/dns-test-d3a3f538-c6c2-4f10-a20e-7b95372822ec: the server could not find the requested resource (get pods dns-test-d3a3f538-c6c2-4f10-a20e-7b95372822ec)&#xA;Aug 27 11:37:10.793: INFO: Unable to read wheezy_udp@PodARecord from pod dns-1879/dns-test-d3a3f538-c6c2-4f10-a20e-7b95372822ec: the server could not find the requested resource (get pods dns-test-d3a3f538-c6c2-4f10-a20e-7b95372822ec)&#xA;Aug 27 11:37:10.796: INFO: Unable to read wheezy_tcp@PodARecord from pod dns-1879/dns-test-d3a3f538-c6c2-4f10-a20e-7b95372822ec: the server could not find the requested resource (get pods dns-test-d3a3f538-c6c2-4f10-a20e-7b95372822ec)&#xA;Aug 27 11:37:10.805: INFO: Unable to read jessie_udp@dns-test-service-2.dns-1879.svc.cluster.local from pod dns-1879/dns-test-d3a3f538-c6c2-4f10-a20e-7b95372822ec: the server could not find the requested resource (get pods dns-test-d3a3f538-c6c2-4f10-a20e-7b95372822ec)&#xA;Aug 27 11:37:10.809: INFO: Unable to read jessie_tcp@dns-test-service-2.dns-1879.svc.cluster.local from pod dns-1879/dns-test-d3a3f538-c6c2-4f10-a20e-7b95372822ec: the server could not find the requested resource (get pods dns-test-d3a3f538-c6c2-4f10-a20e-7b95372822ec)&#xA;Aug 27 11:37:10.812: INFO: Unable to read jessie_udp@PodARecord from pod dns-1879/dns-test-d3a3f538-c6c2-4f10-a20e-7b95372822ec: the server could not find the requested resource (get pods dns-test-d3a3f538-c6c2-4f10-a20e-7b95372822ec)&#xA;Aug 27 11:37:10.815: INFO: Unable to read jessie_tcp@PodARecord from pod dns-1879/dns-test-d3a3f538-c6c2-4f10-a20e-7b95372822ec: the server could not find the requested resource (get pods dns-test-d3a3f538-c6c2-4f10-a20e-7b95372822ec)&#xA;Aug 27 11:37:10.816: INFO: Lookups using dns-1879/dns-test-d3a3f538-c6c2-4f10-a20e-7b95372822ec failed for: [wheezy_udp@dns-test-service-2.dns-1879.svc.cluster.local wheezy_tcp@dns-test-service-2.dns-1879.svc.cluster.local wheezy_udp@PodARecord wheezy_tcp@PodARecord jessie_udp@dns-test-service-2.dns-1879.svc.cluster.local jessie_tcp@dns-test-service-2.dns-1879.svc.cluster.local jessie_udp@PodARecord jessie_tcp@PodARecord]&#xA;&#xA;Aug 27 11:37:15.817: INFO: Unable to read wheezy_udp@dns-test-service-2.dns-1879.svc.cluster.local from pod dns-1879/dns-test-d3a3f538-c6c2-4f10-a20e-7b95372822ec: the server could not find the requested resource (get pods dns-test-d3a3f538-c6c2-4f10-a20e-7b95372822ec)&#xA;Aug 27 11:37:15.836: INFO: Unable to read wheezy_tcp@dns-test-service-2.dns-1879.svc.cluster.local from pod dns-1879/dns-test-d3a3f538-c6c2-4f10-a20e-7b95372822ec: the server could not find the requested resource (get pods dns-test-d3a3f538-c6c2-4f10-a20e-7b95372822ec)&#xA;Aug 27 11:37:15.852: INFO: Unable to read wheezy_udp@PodARecord from pod dns-1879/dns-test-d3a3f538-c6c2-4f10-a20e-7b95372822ec: the server could not find the requested resource (get pods dns-test-d3a3f538-c6c2-4f10-a20e-7b95372822ec)&#xA;Aug 27 11:37:15.857: INFO: Unable to read wheezy_tcp@PodARecord from pod dns-1879/dns-test-d3a3f538-c6c2-4f10-a20e-7b95372822ec: the server could not find the requested resource (get pods dns-test-d3a3f538-c6c2-4f10-a20e-7b95372822ec)&#xA;Aug 27 11:37:15.870: INFO: Unable to read jessie_udp@dns-test-service-2.dns-1879.svc.cluster.local from pod dns-1879/dns-test-d3a3f538-c6c2-4f10-a20e-7b95372822ec: the server could not find the requested resource (get pods dns-test-d3a3f538-c6c2-4f10-a20e-7b95372822ec)&#xA;Aug 27 11:37:15.878: INFO: Unable to read jessie_tcp@dns-test-service-2.dns-1879.svc.cluster.local from pod dns-1879/dns-test-d3a3f538-c6c2-4f10-a20e-7b95372822ec: the server could not find the requested resource (get pods dns-test-d3a3f538-c6c2-4f10-a20e-7b95372822ec)&#xA;Aug 27 11:37:15.895: INFO: Unable to read jessie_udp@PodARecord from pod dns-1879/dns-test-d3a3f538-c6c2-4f10-a20e-7b95372822ec: the server could not find the requested resource (get pods dns-test-d3a3f538-c6c2-4f10-a20e-7b95372822ec)&#xA;Aug 27 11:37:15.899: INFO: Unable to read jessie_tcp@PodARecord from pod dns-1879/dns-test-d3a3f538-c6c2-4f10-a20e-7b95372822ec: the server could not find the requested resource (get pods dns-test-d3a3f538-c6c2-4f10-a20e-7b95372822ec)&#xA;Aug 27 11:37:15.899: INFO: Lookups using dns-1879/dns-test-d3a3f538-c6c2-4f10-a20e-7b95372822ec failed for: [wheezy_udp@dns-test-service-2.dns-1879.svc.cluster.local wheezy_tcp@dns-test-service-2.dns-1879.svc.cluster.local wheezy_udp@PodARecord wheezy_tcp@PodARecord jessie_udp@dns-test-service-2.dns-1879.svc.cluster.local jessie_tcp@dns-test-service-2.dns-1879.svc.cluster.local jessie_udp@PodARecord jessie_tcp@PodARecord]&#xA;&#xA;Aug 27 11:37:20.799: INFO: Unable to read wheezy_udp@dns-test-service-2.dns-1879.svc.cluster.local from pod dns-1879/dns-test-d3a3f538-c6c2-4f10-a20e-7b95372822ec: the server could not find the requested resource (get pods dns-test-d3a3f538-c6c2-4f10-a20e-7b95372822ec)&#xA;Aug 27 11:37:20.803: INFO: Unable to read wheezy_tcp@dns-test-service-2.dns-1879.svc.cluster.local from pod dns-1879/dns-test-d3a3f538-c6c2-4f10-a20e-7b95372822ec: the server could not find the requested resource (get pods dns-test-d3a3f538-c6c2-4f10-a20e-7b95372822ec)&#xA;Aug 27 11:37:20.812: INFO: Unable to read wheezy_udp@PodARecord from pod dns-1879/dns-test-d3a3f538-c6c2-4f10-a20e-7b95372822ec: the server could not find the requested resource (get pods dns-test-d3a3f538-c6c2-4f10-a20e-7b95372822ec)&#xA;Aug 27 11:37:20.819: INFO: Unable to read wheezy_tcp@PodARecord from pod dns-1879/dns-test-d3a3f538-c6c2-4f10-a20e-7b95372822ec: the server could not find the requested resource (get pods dns-test-d3a3f538-c6c2-4f10-a20e-7b95372822ec)&#xA;Aug 27 11:37:20.839: INFO: Unable to read jessie_udp@dns-test-service-2.dns-1879.svc.cluster.local from pod dns-1879/dns-test-d3a3f538-c6c2-4f10-a20e-7b95372822ec: the server could not find the requested resource (get pods dns-test-d3a3f538-c6c2-4f10-a20e-7b95372822ec)&#xA;Aug 27 11:37:20.843: INFO: Unable to read jessie_tcp@dns-test-service-2.dns-1879.svc.cluster.local from pod dns-1879/dns-test-d3a3f538-c6c2-4f10-a20e-7b95372822ec: the server could not find the requested resource (get pods dns-test-d3a3f538-c6c2-4f10-a20e-7b95372822ec)&#xA;Aug 27 11:37:20.848: INFO: Unable to read jessie_udp@PodARecord from pod dns-1879/dns-test-d3a3f538-c6c2-4f10-a20e-7b95372822ec: the server could not find the requested resource (get pods dns-test-d3a3f538-c6c2-4f10-a20e-7b95372822ec)&#xA;Aug 27 11:37:20.859: INFO: Unable to read jessie_tcp@PodARecord from pod dns-1879/dns-test-d3a3f538-c6c2-4f10-a20e-7b95372822ec: the server could not find the requested resource (get pods dns-test-d3a3f538-c6c2-4f10-a20e-7b95372822ec)&#xA;Aug 27 11:37:20.859: INFO: Lookups using dns-1879/dns-test-d3a3f538-c6c2-4f10-a20e-7b95372822ec failed for: [wheezy_udp@dns-test-service-2.dns-1879.svc.cluster.local wheezy_tcp@dns-test-service-2.dns-1879.svc.cluster.local wheezy_udp@PodARecord wheezy_tcp@PodARecord jessie_udp@dns-test-service-2.dns-1879.svc.cluster.local jessie_tcp@dns-test-service-2.dns-1879.svc.cluster.local jessie_udp@PodARecord jessie_tcp@PodARecord]&#xA;&#xA;Aug 27 11:37:25.853: INFO: Unable to read wheezy_udp@dns-test-service-2.dns-1879.svc.cluster.local from pod dns-1879/dns-test-d3a3f538-c6c2-4f10-a20e-7b95372822ec: the server could not find the requested resource (get pods dns-test-d3a3f538-c6c2-4f10-a20e-7b95372822ec)&#xA;Aug 27 11:37:25.890: INFO: Unable to read wheezy_tcp@dns-test-service-2.dns-1879.svc.cluster.local from pod dns-1879/dns-test-d3a3f538-c6c2-4f10-a20e-7b95372822ec: the server could not find the requested resource (get pods dns-test-d3a3f538-c6c2-4f10-a20e-7b95372822ec)&#xA;Aug 27 11:37:25.962: INFO: Unable to read wheezy_udp@PodARecord from pod dns-1879/dns-test-d3a3f538-c6c2-4f10-a20e-7b95372822ec: the server could not find the requested resource (get pods dns-test-d3a3f538-c6c2-4f10-a20e-7b95372822ec)&#xA;Aug 27 11:37:25.995: INFO: Unable to read wheezy_tcp@PodARecord from pod dns-1879/dns-test-d3a3f538-c6c2-4f10-a20e-7b95372822ec: the server could not find the requested resource (get pods dns-test-d3a3f538-c6c2-4f10-a20e-7b95372822ec)&#xA;Aug 27 11:37:26.041: INFO: Unable to read jessie_udp@dns-test-service-2.dns-1879.svc.cluster.local from pod dns-1879/dns-test-d3a3f538-c6c2-4f10-a20e-7b95372822ec: the server could not find the requested resource (get pods dns-test-d3a3f538-c6c2-4f10-a20e-7b95372822ec)&#xA;Aug 27 11:37:26.045: INFO: Unable to read jessie_tcp@dns-test-service-2.dns-1879.svc.cluster.local from pod dns-1879/dns-test-d3a3f538-c6c2-4f10-a20e-7b95372822ec: the server could not find the requested resource (get pods dns-test-d3a3f538-c6c2-4f10-a20e-7b95372822ec)&#xA;Aug 27 11:37:26.052: INFO: Unable to read jessie_udp@PodARecord from pod dns-1879/dns-test-d3a3f538-c6c2-4f10-a20e-7b95372822ec: the server could not find the requested resource (get pods dns-test-d3a3f538-c6c2-4f10-a20e-7b95372822ec)&#xA;Aug 27 11:37:26.056: INFO: Unable to read jessie_tcp@PodARecord from pod dns-1879/dns-test-d3a3f538-c6c2-4f10-a20e-7b95372822ec: the server could not find the requested resource (get pods dns-test-d3a3f538-c6c2-4f10-a20e-7b95372822ec)&#xA;Aug 27 11:37:26.057: INFO: Lookups using dns-1879/dns-test-d3a3f538-c6c2-4f10-a20e-7b95372822ec failed for: [wheezy_udp@dns-test-service-2.dns-1879.svc.cluster.local wheezy_tcp@dns-test-service-2.dns-1879.svc.cluster.local wheezy_udp@PodARecord wheezy_tcp@PodARecord jessie_udp@dns-test-service-2.dns-1879.svc.cluster.local jessie_tcp@dns-test-service-2.dns-1879.svc.cluster.local jessie_udp@PodARecord jessie_tcp@PodARecord]&#xA;&#xA;Aug 27 11:37:30.794: INFO: Unable to read wheezy_udp@dns-test-service-2.dns-1879.svc.cluster.local from pod dns-1879/dns-test-d3a3f538-c6c2-4f10-a20e-7b95372822ec: the server could not find the requested resource (get pods dns-test-d3a3f538-c6c2-4f10-a20e-7b95372822ec)&#xA;Aug 27 11:37:30.802: INFO: Unable to read wheezy_tcp@dns-test-service-2.dns-1879.svc.cluster.local from pod dns-1879/dns-test-d3a3f538-c6c2-4f10-a20e-7b95372822ec: the server could not find the requested resource (get pods dns-test-d3a3f538-c6c2-4f10-a20e-7b95372822ec)&#xA;Aug 27 11:37:30.807: INFO: Unable to read wheezy_udp@PodARecord from pod dns-1879/dns-test-d3a3f538-c6c2-4f10-a20e-7b95372822ec: the server could not find the requested resource (get pods dns-test-d3a3f538-c6c2-4f10-a20e-7b95372822ec)&#xA;Aug 27 11:37:30.816: INFO: Unable to read wheezy_tcp@PodARecord from pod dns-1879/dns-test-d3a3f538-c6c2-4f10-a20e-7b95372822ec: the server could not find the requested resource (get pods dns-test-d3a3f538-c6c2-4f10-a20e-7b95372822ec)&#xA;Aug 27 11:37:30.833: INFO: Unable to read jessie_udp@dns-test-service-2.dns-1879.svc.cluster.local from pod dns-1879/dns-test-d3a3f538-c6c2-4f10-a20e-7b95372822ec: the server could not find the requested resource (get pods dns-test-d3a3f538-c6c2-4f10-a20e-7b95372822ec)&#xA;Aug 27 11:37:30.838: INFO: Unable to read jessie_tcp@dns-test-service-2.dns-1879.svc.cluster.local from pod dns-1879/dns-test-d3a3f538-c6c2-4f10-a20e-7b95372822ec: the server could not find the requested resource (get pods dns-test-d3a3f538-c6c2-4f10-a20e-7b95372822ec)&#xA;Aug 27 11:37:30.843: INFO: Unable to read jessie_udp@PodARecord from pod dns-1879/dns-test-d3a3f538-c6c2-4f10-a20e-7b95372822ec: the server could not find the requested resource (get pods dns-test-d3a3f538-c6c2-4f10-a20e-7b95372822ec)&#xA;Aug 27 11:37:30.852: INFO: Unable to read jessie_tcp@PodARecord from pod dns-1879/dns-test-d3a3f538-c6c2-4f10-a20e-7b95372822ec: the server could not find the requested resource (get pods dns-test-d3a3f538-c6c2-4f10-a20e-7b95372822ec)&#xA;Aug 27 11:37:30.853: INFO: Lookups using dns-1879/dns-test-d3a3f538-c6c2-4f10-a20e-7b95372822ec failed for: [wheezy_udp@dns-test-service-2.dns-1879.svc.cluster.local wheezy_tcp@dns-test-service-2.dns-1879.svc.cluster.local wheezy_udp@PodARecord wheezy_tcp@PodARecord jessie_udp@dns-test-service-2.dns-1879.svc.cluster.local jessie_tcp@dns-test-service-2.dns-1879.svc.cluster.local jessie_udp@PodARecord jessie_tcp@PodARecord]&#xA;&#xA;Aug 27 11:37:35.791: INFO: Unable to read wheezy_udp@dns-test-service-2.dns-1879.svc.cluster.local from pod dns-1879/dns-test-d3a3f538-c6c2-4f10-a20e-7b95372822ec: the server could not find the requested resource (get pods dns-test-d3a3f538-c6c2-4f10-a20e-7b95372822ec)&#xA;Aug 27 11:37:35.806: INFO: Unable to read wheezy_tcp@dns-test-service-2.dns-1879.svc.cluster.local from pod dns-1879/dns-test-d3a3f538-c6c2-4f10-a20e-7b95372822ec: the server could not find the requested resource (get pods dns-test-d3a3f538-c6c2-4f10-a20e-7b95372822ec)&#xA;Aug 27 11:37:35.821: INFO: Unable to read wheezy_udp@PodARecord from pod dns-1879/dns-test-d3a3f538-c6c2-4f10-a20e-7b95372822ec: the server could not find the requested resource (get pods dns-test-d3a3f538-c6c2-4f10-a20e-7b95372822ec)&#xA;Aug 27 11:37:35.832: INFO: Unable to read wheezy_tcp@PodARecord from pod dns-1879/dns-test-d3a3f538-c6c2-4f10-a20e-7b95372822ec: the server could not find the requested resource (get pods dns-test-d3a3f538-c6c2-4f10-a20e-7b95372822ec)&#xA;Aug 27 11:37:35.855: INFO: Unable to read jessie_udp@dns-test-service-2.dns-1879.svc.cluster.local from pod dns-1879/dns-test-d3a3f538-c6c2-4f10-a20e-7b95372822ec: the server could not find the requested resource (get pods dns-test-d3a3f538-c6c2-4f10-a20e-7b95372822ec)&#xA;Aug 27 11:37:35.862: INFO: Unable to read jessie_tcp@dns-test-service-2.dns-1879.svc.cluster.local from pod dns-1879/dns-test-d3a3f538-c6c2-4f10-a20e-7b95372822ec: the server could not find the requested resource (get pods dns-test-d3a3f538-c6c2-4f10-a20e-7b95372822ec)&#xA;Aug 27 11:37:35.888: INFO: Unable to read jessie_udp@PodARecord from pod dns-1879/dns-test-d3a3f538-c6c2-4f10-a20e-7b95372822ec: the server could not find the requested resource (get pods dns-test-d3a3f538-c6c2-4f10-a20e-7b95372822ec)&#xA;Aug 27 11:37:35.904: INFO: Unable to read jessie_tcp@PodARecord from pod dns-1879/dns-test-d3a3f538-c6c2-4f10-a20e-7b95372822ec: the server could not find the requested resource (get pods dns-test-d3a3f538-c6c2-4f10-a20e-7b95372822ec)&#xA;Aug 27 11:37:35.905: INFO: Lookups using dns-1879/dns-test-d3a3f538-c6c2-4f10-a20e-7b95372822ec failed for: [wheezy_udp@dns-test-service-2.dns-1879.svc.cluster.local wheezy_tcp@dns-test-service-2.dns-1879.svc.cluster.local wheezy_udp@PodARecord wheezy_tcp@PodARecord jessie_udp@dns-test-service-2.dns-1879.svc.cluster.local jessie_tcp@dns-test-service-2.dns-1879.svc.cluster.local jessie_udp@PodARecord jessie_tcp@PodARecord]&#xA;&#xA;Aug 27 11:37:40.787: INFO: Unable to read wheezy_udp@dns-test-service-2.dns-1879.svc.cluster.local from pod dns-1879/dns-test-d3a3f538-c6c2-4f10-a20e-7b95372822ec: the server could not find the requested resource (get pods dns-test-d3a3f538-c6c2-4f10-a20e-7b95372822ec)&#xA;Aug 27 11:37:40.793: INFO: Unable to read wheezy_tcp@dns-test-service-2.dns-1879.svc.cluster.local from pod dns-1879/dns-test-d3a3f538-c6c2-4f10-a20e-7b95372822ec: the server could not find the requested resource (get pods dns-test-d3a3f538-c6c2-4f10-a20e-7b95372822ec)&#xA;Aug 27 11:37:40.797: INFO: Unable to read wheezy_udp@PodARecord from pod dns-1879/dns-test-d3a3f538-c6c2-4f10-a20e-7b95372822ec: the server could not find the requested resource (get pods dns-test-d3a3f538-c6c2-4f10-a20e-7b95372822ec)&#xA;Aug 27 11:37:40.801: INFO: Unable to read wheezy_tcp@PodARecord from pod dns-1879/dns-test-d3a3f538-c6c2-4f10-a20e-7b95372822ec: the server could not find the requested resource (get pods dns-test-d3a3f538-c6c2-4f10-a20e-7b95372822ec)&#xA;Aug 27 11:37:40.816: INFO: Unable to read jessie_udp@dns-test-service-2.dns-1879.svc.cluster.local from pod dns-1879/dns-test-d3a3f538-c6c2-4f10-a20e-7b95372822ec: the server could not find the requested resource (get pods dns-test-d3a3f538-c6c2-4f10-a20e-7b95372822ec)&#xA;Aug 27 11:37:40.824: INFO: Unable to read jessie_tcp@dns-test-service-2.dns-1879.svc.cluster.local from pod dns-1879/dns-test-d3a3f538-c6c2-4f10-a20e-7b95372822ec: the server could not find the requested resource (get pods dns-test-d3a3f538-c6c2-4f10-a20e-7b95372822ec)&#xA;Aug 27 11:37:40.829: INFO: Unable to read jessie_udp@PodARecord from pod dns-1879/dns-test-d3a3f538-c6c2-4f10-a20e-7b95372822ec: the server could not find the requested resource (get pods dns-test-d3a3f538-c6c2-4f10-a20e-7b95372822ec)&#xA;Aug 27 11:37:40.833: INFO: Unable to read jessie_tcp@PodARecord from pod dns-1879/dns-test-d3a3f538-c6c2-4f10-a20e-7b95372822ec: the server could not find the requested resource (get pods dns-test-d3a3f538-c6c2-4f10-a20e-7b95372822ec)&#xA;Aug 27 11:37:40.833: INFO: Lookups using dns-1879/dns-test-d3a3f538-c6c2-4f10-a20e-7b95372822ec failed for: [wheezy_udp@dns-test-service-2.dns-1879.svc.cluster.local wheezy_tcp@dns-test-service-2.dns-1879.svc.cluster.local wheezy_udp@PodARecord wheezy_tcp@PodARecord jessie_udp@dns-test-service-2.dns-1879.svc.cluster.local jessie_tcp@dns-test-service-2.dns-1879.svc.cluster.local jessie_udp@PodARecord jessie_tcp@PodARecord]&#xA;&#xA;Aug 27 11:37:45.789: INFO: Unable to read wheezy_udp@dns-test-service-2.dns-1879.svc.cluster.local from pod dns-1879/dns-test-d3a3f538-c6c2-4f10-a20e-7b95372822ec: the server could not find the requested resource (get pods dns-test-d3a3f538-c6c2-4f10-a20e-7b95372822ec)&#xA;Aug 27 11:37:45.802: INFO: Unable to read wheezy_tcp@dns-test-service-2.dns-1879.svc.cluster.local from pod dns-1879/dns-test-d3a3f538-c6c2-4f10-a20e-7b95372822ec: the server could not find the requested resource (get pods dns-test-d3a3f538-c6c2-4f10-a20e-7b95372822ec)&#xA;Aug 27 11:37:45.807: INFO: Unable to read wheezy_udp@PodARecord from pod dns-1879/dns-test-d3a3f538-c6c2-4f10-a20e-7b95372822ec: the server could not find the requested resource (get pods dns-test-d3a3f538-c6c2-4f10-a20e-7b95372822ec)&#xA;Aug 27 11:37:45.813: INFO: Unable to read wheezy_tcp@PodARecord from pod dns-1879/dns-test-d3a3f538-c6c2-4f10-a20e-7b95372822ec: the server could not find the requested resource (get pods dns-test-d3a3f538-c6c2-4f10-a20e-7b95372822ec)&#xA;Aug 27 11:37:45.835: INFO: Unable to read jessie_udp@dns-test-service-2.dns-1879.svc.cluster.local from pod dns-1879/dns-test-d3a3f538-c6c2-4f10-a20e-7b95372822ec: the server could not find the requested resource (get pods dns-test-d3a3f538-c6c2-4f10-a20e-7b95372822ec)&#xA;Aug 27 11:37:45.839: INFO: Unable to read jessie_tcp@dns-test-service-2.dns-1879.svc.cluster.local from pod dns-1879/dns-test-d3a3f538-c6c2-4f10-a20e-7b95372822ec: the server could not find the requested resource (get pods dns-test-d3a3f538-c6c2-4f10-a20e-7b95372822ec)&#xA;Aug 27 11:37:45.843: INFO: Unable to read jessie_udp@PodARecord from pod dns-1879/dns-test-d3a3f538-c6c2-4f10-a20e-7b95372822ec: the server could not find the requested resource (get pods dns-test-d3a3f538-c6c2-4f10-a20e-7b95372822ec)&#xA;Aug 27 11:37:45.867: INFO: Unable to read jessie_tcp@PodARecord from pod dns-1879/dns-test-d3a3f538-c6c2-4f10-a20e-7b95372822ec: the server could not find the requested resource (get pods dns-test-d3a3f538-c6c2-4f10-a20e-7b95372822ec)&#xA;Aug 27 11:37:45.867: INFO: Lookups using dns-1879/dns-test-d3a3f538-c6c2-4f10-a20e-7b95372822ec failed for: [wheezy_udp@dns-test-service-2.dns-1879.svc.cluster.local wheezy_tcp@dns-test-service-2.dns-1879.svc.cluster.local wheezy_udp@PodARecord wheezy_tcp@PodARecord jessie_udp@dns-test-service-2.dns-1879.svc.cluster.local jessie_tcp@dns-test-service-2.dns-1879.svc.cluster.local jessie_udp@PodARecord jessie_tcp@PodARecord]&#xA;&#xA;Aug 27 11:37:50.790: INFO: Unable to read wheezy_udp@dns-test-service-2.dns-1879.svc.cluster.local from pod dns-1879/dns-test-d3a3f538-c6c2-4f10-a20e-7b95372822ec: the server could not find the requested resource (get pods dns-test-d3a3f538-c6c2-4f10-a20e-7b95372822ec)&#xA;Aug 27 11:37:50.794: INFO: Unable to read wheezy_tcp@dns-test-service-2.dns-1879.svc.cluster.local from pod dns-1879/dns-test-d3a3f538-c6c2-4f10-a20e-7b95372822ec: the server could not find the requested resource (get pods dns-test-d3a3f538-c6c2-4f10-a20e-7b95372822ec)&#xA;Aug 27 11:37:50.798: INFO: Unable to read wheezy_udp@PodARecord from pod dns-1879/dns-test-d3a3f538-c6c2-4f10-a20e-7b95372822ec: the server could not find the requested resource (get pods dns-test-d3a3f538-c6c2-4f10-a20e-7b95372822ec)&#xA;Aug 27 11:37:50.802: INFO: Unable to read wheezy_tcp@PodARecord from pod dns-1879/dns-test-d3a3f538-c6c2-4f10-a20e-7b95372822ec: the server could not find the requested resource (get pods dns-test-d3a3f538-c6c2-4f10-a20e-7b95372822ec)&#xA;Aug 27 11:37:50.813: INFO: Unable to read jessie_udp@dns-test-service-2.dns-1879.svc.cluster.local from pod dns-1879/dns-test-d3a3f538-c6c2-4f10-a20e-7b95372822ec: the server could not find the requested resource (get pods dns-test-d3a3f538-c6c2-4f10-a20e-7b95372822ec)&#xA;Aug 27 11:37:50.817: INFO: Unable to read jessie_tcp@dns-test-service-2.dns-1879.svc.cluster.local from pod dns-1879/dns-test-d3a3f538-c6c2-4f10-a20e-7b95372822ec: the server could not find the requested resource (get pods dns-test-d3a3f538-c6c2-4f10-a20e-7b95372822ec)&#xA;Aug 27 11:37:50.821: INFO: Unable to read jessie_udp@PodARecord from pod dns-1879/dns-test-d3a3f538-c6c2-4f10-a20e-7b95372822ec: the server could not find the requested resource (get pods dns-test-d3a3f538-c6c2-4f10-a20e-7b95372822ec)&#xA;Aug 27 11:37:50.824: INFO: Unable to read jessie_tcp@PodARecord from pod dns-1879/dns-test-d3a3f538-c6c2-4f10-a20e-7b95372822ec: the server could not find the requested resource (get pods dns-test-d3a3f538-c6c2-4f10-a20e-7b95372822ec)&#xA;Aug 27 11:37:50.824: INFO: Lookups using dns-1879/dns-test-d3a3f538-c6c2-4f10-a20e-7b95372822ec failed for: [wheezy_udp@dns-test-service-2.dns-1879.svc.cluster.local wheezy_tcp@dns-test-service-2.dns-1879.svc.cluster.local wheezy_udp@PodARecord wheezy_tcp@PodARecord jessie_udp@dns-test-service-2.dns-1879.svc.cluster.local jessie_tcp@dns-test-service-2.dns-1879.svc.cluster.local jessie_udp@PodARecord jessie_tcp@PodARecord]&#xA;&#xA;Aug 27 11:37:55.907: INFO: Unable to read wheezy_udp@dns-test-service-2.dns-1879.svc.cluster.local from pod dns-1879/dns-test-d3a3f538-c6c2-4f10-a20e-7b95372822ec: the server could not find the requested resource (get pods dns-test-d3a3f538-c6c2-4f10-a20e-7b95372822ec)&#xA;Aug 27 11:37:55.921: INFO: Unable to read wheezy_tcp@dns-test-service-2.dns-1879.svc.cluster.local from pod dns-1879/dns-test-d3a3f538-c6c2-4f10-a20e-7b95372822ec: the server could not find the requested resource (get pods dns-test-d3a3f538-c6c2-4f10-a20e-7b95372822ec)&#xA;Aug 27 11:37:55.926: INFO: Unable to read wheezy_udp@PodARecord from pod dns-1879/dns-test-d3a3f538-c6c2-4f10-a20e-7b95372822ec: the server could not find the requested resource (get pods dns-test-d3a3f538-c6c2-4f10-a20e-7b95372822ec)&#xA;Aug 27 11:37:55.937: INFO: Unable to read wheezy_tcp@PodARecord from pod dns-1879/dns-test-d3a3f538-c6c2-4f10-a20e-7b95372822ec: the server could not find the requested resource (get pods dns-test-d3a3f538-c6c2-4f10-a20e-7b95372822ec)&#xA;Aug 27 11:37:55.980: INFO: Unable to read jessie_udp@dns-test-service-2.dns-1879.svc.cluster.local from pod dns-1879/dns-test-d3a3f538-c6c2-4f10-a20e-7b95372822ec: the server could not find the requested resource (get pods dns-test-d3a3f538-c6c2-4f10-a20e-7b95372822ec)&#xA;Aug 27 11:37:55.998: INFO: Unable to read jessie_tcp@dns-test-service-2.dns-1879.svc.cluster.local from pod dns-1879/dns-test-d3a3f538-c6c2-4f10-a20e-7b95372822ec: the server could not find the requested resource (get pods dns-test-d3a3f538-c6c2-4f10-a20e-7b95372822ec)&#xA;Aug 27 11:37:56.002: INFO: Unable to read jessie_udp@PodARecord from pod dns-1879/dns-test-d3a3f538-c6c2-4f10-a20e-7b95372822ec: the server could not find the requested resource (get pods dns-test-d3a3f538-c6c2-4f10-a20e-7b95372822ec)&#xA;Aug 27 11:37:56.007: INFO: Unable to read jessie_tcp@PodARecord from pod dns-1879/dns-test-d3a3f538-c6c2-4f10-a20e-7b95372822ec: the server could not find the requested resource (get pods dns-test-d3a3f538-c6c2-4f10-a20e-7b95372822ec)&#xA;Aug 27 11:37:56.007: INFO: Lookups using dns-1879/dns-test-d3a3f538-c6c2-4f10-a20e-7b95372822ec failed for: [wheezy_udp@dns-test-service-2.dns-1879.svc.cluster.local wheezy_tcp@dns-test-service-2.dns-1879.svc.cluster.local wheezy_udp@PodARecord wheezy_tcp@PodARecord jessie_udp@dns-test-service-2.dns-1879.svc.cluster.local jessie_tcp@dns-test-service-2.dns-1879.svc.cluster.local jessie_udp@PodARecord jessie_tcp@PodARecord]&#xA;&#xA;Aug 27 11:38:00.788: INFO: Unable to read wheezy_udp@dns-test-service-2.dns-1879.svc.cluster.local from pod dns-1879/dns-test-d3a3f538-c6c2-4f10-a20e-7b95372822ec: the server could not find the requested resource (get pods dns-test-d3a3f538-c6c2-4f10-a20e-7b95372822ec)&#xA;Aug 27 11:38:00.792: INFO: Unable to read wheezy_tcp@dns-test-service-2.dns-1879.svc.cluster.local from pod dns-1879/dns-test-d3a3f538-c6c2-4f10-a20e-7b95372822ec: the server could not find the requested resource (get pods dns-test-d3a3f538-c6c2-4f10-a20e-7b95372822ec)&#xA;Aug 27 11:38:00.796: INFO: Unable to read wheezy_udp@PodARecord from pod dns-1879/dns-test-d3a3f538-c6c2-4f10-a20e-7b95372822ec: the server could not find the requested resource (get pods dns-test-d3a3f538-c6c2-4f10-a20e-7b95372822ec)&#xA;Aug 27 11:38:00.800: INFO: Unable to read wheezy_tcp@PodARecord from pod dns-1879/dns-test-d3a3f538-c6c2-4f10-a20e-7b95372822ec: the server could not find the requested resource (get pods dns-test-d3a3f538-c6c2-4f10-a20e-7b95372822ec)&#xA;Aug 27 11:38:00.811: INFO: Unable to read jessie_udp@dns-test-service-2.dns-1879.svc.cluster.local from pod dns-1879/dns-test-d3a3f538-c6c2-4f10-a20e-7b95372822ec: the server could not find the requested resource (get pods dns-test-d3a3f538-c6c2-4f10-a20e-7b95372822ec)&#xA;Aug 27 11:38:00.816: INFO: Unable to read jessie_tcp@dns-test-service-2.dns-1879.svc.cluster.local from pod dns-1879/dns-test-d3a3f538-c6c2-4f10-a20e-7b95372822ec: the server could not find the requested resource (get pods dns-test-d3a3f538-c6c2-4f10-a20e-7b95372822ec)&#xA;Aug 27 11:38:00.820: INFO: Unable to read jessie_udp@PodARecord from pod dns-1879/dns-test-d3a3f538-c6c2-4f10-a20e-7b95372822ec: the server could not find the requested resource (get pods dns-test-d3a3f538-c6c2-4f10-a20e-7b95372822ec)&#xA;Aug 27 11:38:00.825: INFO: Unable to read jessie_tcp@PodARecord from pod dns-1879/dns-test-d3a3f538-c6c2-4f10-a20e-7b95372822ec: the server could not find the requested resource (get pods dns-test-d3a3f538-c6c2-4f10-a20e-7b95372822ec)&#xA;Aug 27 11:38:00.825: INFO: Lookups using dns-1879/dns-test-d3a3f538-c6c2-4f10-a20e-7b95372822ec failed for: [wheezy_udp@dns-test-service-2.dns-1879.svc.cluster.local wheezy_tcp@dns-test-service-2.dns-1879.svc.cluster.local wheezy_udp@PodARecord wheezy_tcp@PodARecord jessie_udp@dns-test-service-2.dns-1879.svc.cluster.local jessie_tcp@dns-test-service-2.dns-1879.svc.cluster.local jessie_udp@PodARecord jessie_tcp@PodARecord]&#xA;&#xA;Aug 27 11:38:05.791: INFO: Unable to read wheezy_udp@dns-test-service-2.dns-1879.svc.cluster.local from pod dns-1879/dns-test-d3a3f538-c6c2-4f10-a20e-7b95372822ec: the server could not find the requested resource (get pods dns-test-d3a3f538-c6c2-4f10-a20e-7b95372822ec)&#xA;Aug 27 11:38:05.850: INFO: Unable to read wheezy_tcp@dns-test-service-2.dns-1879.svc.cluster.local from pod dns-1879/dns-test-d3a3f538-c6c2-4f10-a20e-7b95372822ec: the server could not find the requested resource (get pods dns-test-d3a3f538-c6c2-4f10-a20e-7b95372822ec)&#xA;Aug 27 11:38:05.866: INFO: Unable to read wheezy_udp@PodARecord from pod dns-1879/dns-test-d3a3f538-c6c2-4f10-a20e-7b95372822ec: the server could not find the requested resource (get pods dns-test-d3a3f538-c6c2-4f10-a20e-7b95372822ec)&#xA;Aug 27 11:38:05.870: INFO: Unable to read wheezy_tcp@PodARecord from pod dns-1879/dns-test-d3a3f538-c6c2-4f10-a20e-7b95372822ec: the server could not find the requested resource (get pods dns-test-d3a3f538-c6c2-4f10-a20e-7b95372822ec)&#xA;Aug 27 11:38:05.946: INFO: Unable to read jessie_udp@dns-test-service-2.dns-1879.svc.cluster.local from pod dns-1879/dns-test-d3a3f538-c6c2-4f10-a20e-7b95372822ec: the server could not find the requested resource (get pods dns-test-d3a3f538-c6c2-4f10-a20e-7b95372822ec)&#xA;Aug 27 11:38:05.967: INFO: Unable to read jessie_tcp@dns-test-service-2.dns-1879.svc.cluster.local from pod dns-1879/dns-test-d3a3f538-c6c2-4f10-a20e-7b95372822ec: the server could not find the requested resource (get pods dns-test-d3a3f538-c6c2-4f10-a20e-7b95372822ec)&#xA;Aug 27 11:38:05.975: INFO: Unable to read jessie_udp@PodARecord from pod dns-1879/dns-test-d3a3f538-c6c2-4f10-a20e-7b95372822ec: the server could not find the requested resource (get pods dns-test-d3a3f538-c6c2-4f10-a20e-7b95372822ec)&#xA;Aug 27 11:38:05.987: INFO: Unable to read jessie_tcp@PodARecord from pod dns-1879/dns-test-d3a3f538-c6c2-4f10-a20e-7b95372822ec: the server could not find the requested resource (get pods dns-test-d3a3f538-c6c2-4f10-a20e-7b95372822ec)&#xA;Aug 27 11:38:05.987: INFO: Lookups using dns-1879/dns-test-d3a3f538-c6c2-4f10-a20e-7b95372822ec failed for: [wheezy_udp@dns-test-service-2.dns-1879.svc.cluster.local wheezy_tcp@dns-test-service-2.dns-1879.svc.cluster.local wheezy_udp@PodARecord wheezy_tcp@PodARecord jessie_udp@dns-test-service-2.dns-1879.svc.cluster.local jessie_tcp@dns-test-service-2.dns-1879.svc.cluster.local jessie_udp@PodARecord jessie_tcp@PodARecord]&#xA;&#xA;Aug 27 11:38:10.791: INFO: Unable to read wheezy_udp@dns-test-service-2.dns-1879.svc.cluster.local from pod dns-1879/dns-test-d3a3f538-c6c2-4f10-a20e-7b95372822ec: the server could not find the requested resource (get pods dns-test-d3a3f538-c6c2-4f10-a20e-7b95372822ec)&#xA;Aug 27 11:38:10.801: INFO: Unable to read wheezy_tcp@dns-test-service-2.dns-1879.svc.cluster.local from pod dns-1879/dns-test-d3a3f538-c6c2-4f10-a20e-7b95372822ec: the server could not find the requested resource (get pods dns-test-d3a3f538-c6c2-4f10-a20e-7b95372822ec)&#xA;Aug 27 11:38:10.804: INFO: Unable to read wheezy_udp@PodARecord from pod dns-1879/dns-test-d3a3f538-c6c2-4f10-a20e-7b95372822ec: the server could not find the requested resource (get pods dns-test-d3a3f538-c6c2-4f10-a20e-7b95372822ec)&#xA;Aug 27 11:38:10.812: INFO: Unable to read wheezy_tcp@PodARecord from pod dns-1879/dns-test-d3a3f538-c6c2-4f10-a20e-7b95372822ec: the server could not find the requested resource (get pods dns-test-d3a3f538-c6c2-4f10-a20e-7b95372822ec)&#xA;Aug 27 11:38:10.825: INFO: Unable to read jessie_udp@dns-test-service-2.dns-1879.svc.cluster.local from pod dns-1879/dns-test-d3a3f538-c6c2-4f10-a20e-7b95372822ec: the server could not find the requested resource (get pods dns-test-d3a3f538-c6c2-4f10-a20e-7b95372822ec)&#xA;Aug 27 11:38:10.834: INFO: Unable to read jessie_tcp@dns-test-service-2.dns-1879.svc.cluster.local from pod dns-1879/dns-test-d3a3f538-c6c2-4f10-a20e-7b95372822ec: the server could not find the requested resource (get pods dns-test-d3a3f538-c6c2-4f10-a20e-7b95372822ec)&#xA;Aug 27 11:38:10.840: INFO: Unable to read jessie_udp@PodARecord from pod dns-1879/dns-test-d3a3f538-c6c2-4f10-a20e-7b95372822ec: the server could not find the requested resource (get pods dns-test-d3a3f538-c6c2-4f10-a20e-7b95372822ec)&#xA;Aug 27 11:38:10.848: INFO: Unable to read jessie_tcp@PodARecord from pod dns-1879/dns-test-d3a3f538-c6c2-4f10-a20e-7b95372822ec: the server could not find the requested resource (get pods dns-test-d3a3f538-c6c2-4f10-a20e-7b95372822ec)&#xA;Aug 27 11:38:10.850: INFO: Lookups using dns-1879/dns-test-d3a3f538-c6c2-4f10-a20e-7b95372822ec failed for: [wheezy_udp@dns-test-service-2.dns-1879.svc.cluster.local wheezy_tcp@dns-test-service-2.dns-1879.svc.cluster.local wheezy_udp@PodARecord wheezy_tcp@PodARecord jessie_udp@dns-test-service-2.dns-1879.svc.cluster.local jessie_tcp@dns-test-service-2.dns-1879.svc.cluster.local jessie_udp@PodARecord jessie_tcp@PodARecord]&#xA;&#xA;Aug 27 11:38:15.827: INFO: Unable to read wheezy_udp@dns-test-service-2.dns-1879.svc.cluster.local from pod dns-1879/dns-test-d3a3f538-c6c2-4f10-a20e-7b95372822ec: the server could not find the requested resource (get pods dns-test-d3a3f538-c6c2-4f10-a20e-7b95372822ec)&#xA;Aug 27 11:38:15.841: INFO: Unable to read wheezy_tcp@dns-test-service-2.dns-1879.svc.cluster.local from pod dns-1879/dns-test-d3a3f538-c6c2-4f10-a20e-7b95372822ec: the server could not find the requested resource (get pods dns-test-d3a3f538-c6c2-4f10-a20e-7b95372822ec)&#xA;Aug 27 11:38:15.861: INFO: Unable to read wheezy_udp@PodARecord from pod dns-1879/dns-test-d3a3f538-c6c2-4f10-a20e-7b95372822ec: the server could not find the requested resource (get pods dns-test-d3a3f538-c6c2-4f10-a20e-7b95372822ec)&#xA;Aug 27 11:38:15.871: INFO: Unable to read wheezy_tcp@PodARecord from pod dns-1879/dns-test-d3a3f538-c6c2-4f10-a20e-7b95372822ec: the server could not find the requested resource (get pods dns-test-d3a3f538-c6c2-4f10-a20e-7b95372822ec)&#xA;Aug 27 11:38:15.890: INFO: Unable to read jessie_udp@dns-test-service-2.dns-1879.svc.cluster.local from pod dns-1879/dns-test-d3a3f538-c6c2-4f10-a20e-7b95372822ec: the server could not find the requested resource (get pods dns-test-d3a3f538-c6c2-4f10-a20e-7b95372822ec)&#xA;Aug 27 11:38:15.903: INFO: Unable to read jessie_tcp@dns-test-service-2.dns-1879.svc.cluster.local from pod dns-1879/dns-test-d3a3f538-c6c2-4f10-a20e-7b95372822ec: the server could not find the requested resource (get pods dns-test-d3a3f538-c6c2-4f10-a20e-7b95372822ec)&#xA;Aug 27 11:38:15.912: INFO: Unable to read jessie_udp@PodARecord from pod dns-1879/dns-test-d3a3f538-c6c2-4f10-a20e-7b95372822ec: the server could not find the requested resource (get pods dns-test-d3a3f538-c6c2-4f10-a20e-7b95372822ec)&#xA;Aug 27 11:38:15.919: INFO: Unable to read jessie_tcp@PodARecord from pod dns-1879/dns-test-d3a3f538-c6c2-4f10-a20e-7b95372822ec: the server could not find the requested resource (get pods dns-test-d3a3f538-c6c2-4f10-a20e-7b95372822ec)&#xA;Aug 27 11:38:15.920: INFO: Lookups using dns-1879/dns-test-d3a3f538-c6c2-4f10-a20e-7b95372822ec failed for: [wheezy_udp@dns-test-service-2.dns-1879.svc.cluster.local wheezy_tcp@dns-test-service-2.dns-1879.svc.cluster.local wheezy_udp@PodARecord wheezy_tcp@PodARecord jessie_udp@dns-test-service-2.dns-1879.svc.cluster.local jessie_tcp@dns-test-service-2.dns-1879.svc.cluster.local jessie_udp@PodARecord jessie_tcp@PodARecord]&#xA;&#xA;Aug 27 11:38:20.787: INFO: Unable to read wheezy_udp@dns-test-service-2.dns-1879.svc.cluster.local from pod dns-1879/dns-test-d3a3f538-c6c2-4f10-a20e-7b95372822ec: the server could not find the requested resource (get pods dns-test-d3a3f538-c6c2-4f10-a20e-7b95372822ec)&#xA;Aug 27 11:38:20.792: INFO: Unable to read wheezy_tcp@dns-test-service-2.dns-1879.svc.cluster.local from pod dns-1879/dns-test-d3a3f538-c6c2-4f10-a20e-7b95372822ec: the server could not find the requested resource (get pods dns-test-d3a3f538-c6c2-4f10-a20e-7b95372822ec)&#xA;Aug 27 11:38:20.796: INFO: Unable to read wheezy_udp@PodARecord from pod dns-1879/dns-test-d3a3f538-c6c2-4f10-a20e-7b95372822ec: the server could not find the requested resource (get pods dns-test-d3a3f538-c6c2-4f10-a20e-7b95372822ec)&#xA;Aug 27 11:38:20.800: INFO: Unable to read wheezy_tcp@PodARecord from pod dns-1879/dns-test-d3a3f538-c6c2-4f10-a20e-7b95372822ec: the server could not find the requested resource (get pods dns-test-d3a3f538-c6c2-4f10-a20e-7b95372822ec)&#xA;Aug 27 11:38:20.815: INFO: Unable to read jessie_udp@dns-test-service-2.dns-1879.svc.cluster.local from pod dns-1879/dns-test-d3a3f538-c6c2-4f10-a20e-7b95372822ec: the server could not find the requested resource (get pods dns-test-d3a3f538-c6c2-4f10-a20e-7b95372822ec)&#xA;Aug 27 11:38:20.820: INFO: Unable to read jessie_tcp@dns-test-service-2.dns-1879.svc.cluster.local from pod dns-1879/dns-test-d3a3f538-c6c2-4f10-a20e-7b95372822ec: the server could not find the requested resource (get pods dns-test-d3a3f538-c6c2-4f10-a20e-7b95372822ec)&#xA;Aug 27 11:38:20.824: INFO: Unable to read jessie_udp@PodARecord from pod dns-1879/dns-test-d3a3f538-c6c2-4f10-a20e-7b95372822ec: the server could not find the requested resource (get pods dns-test-d3a3f538-c6c2-4f10-a20e-7b95372822ec)&#xA;Aug 27 11:38:20.829: INFO: Unable to read jessie_tcp@PodARecord from pod dns-1879/dns-test-d3a3f538-c6c2-4f10-a20e-7b95372822ec: the server could not find the requested resource (get pods dns-test-d3a3f538-c6c2-4f10-a20e-7b95372822ec)&#xA;Aug 27 11:38:20.829: INFO: Lookups using dns-1879/dns-test-d3a3f538-c6c2-4f10-a20e-7b95372822ec failed for: [wheezy_udp@dns-test-service-2.dns-1879.svc.cluster.local wheezy_tcp@dns-test-service-2.dns-1879.svc.cluster.local wheezy_udp@PodARecord wheezy_tcp@PodARecord jessie_udp@dns-test-service-2.dns-1879.svc.cluster.local jessie_tcp@dns-test-service-2.dns-1879.svc.cluster.local jessie_udp@PodARecord jessie_tcp@PodARecord]&#xA;&#xA;Aug 27 11:38:25.843: INFO: Unable to read wheezy_udp@dns-test-service-2.dns-1879.svc.cluster.local from pod dns-1879/dns-test-d3a3f538-c6c2-4f10-a20e-7b95372822ec: the server could not find the requested resource (get pods dns-test-d3a3f538-c6c2-4f10-a20e-7b95372822ec)&#xA;Aug 27 11:38:25.849: INFO: Unable to read wheezy_tcp@dns-test-service-2.dns-1879.svc.cluster.local from pod dns-1879/dns-test-d3a3f538-c6c2-4f10-a20e-7b95372822ec: the server could not find the requested resource (get pods dns-test-d3a3f538-c6c2-4f10-a20e-7b95372822ec)&#xA;Aug 27 11:38:25.863: INFO: Unable to read wheezy_udp@PodARecord from pod dns-1879/dns-test-d3a3f538-c6c2-4f10-a20e-7b95372822ec: the server could not find the requested resource (get pods dns-test-d3a3f538-c6c2-4f10-a20e-7b95372822ec)&#xA;Aug 27 11:38:25.868: INFO: Unable to read wheezy_tcp@PodARecord from pod dns-1879/dns-test-d3a3f538-c6c2-4f10-a20e-7b95372822ec: the server could not find the requested resource (get pods dns-test-d3a3f538-c6c2-4f10-a20e-7b95372822ec)&#xA;Aug 27 11:38:25.902: INFO: Unable to read jessie_udp@dns-test-service-2.dns-1879.svc.cluster.local from pod dns-1879/dns-test-d3a3f538-c6c2-4f10-a20e-7b95372822ec: the server could not find the requested resource (get pods dns-test-d3a3f538-c6c2-4f10-a20e-7b95372822ec)&#xA;Aug 27 11:38:25.909: INFO: Unable to read jessie_tcp@dns-test-service-2.dns-1879.svc.cluster.local from pod dns-1879/dns-test-d3a3f538-c6c2-4f10-a20e-7b95372822ec: the server could not find the requested resource (get pods dns-test-d3a3f538-c6c2-4f10-a20e-7b95372822ec)&#xA;Aug 27 11:38:25.921: INFO: Unable to read jessie_udp@PodARecord from pod dns-1879/dns-test-d3a3f538-c6c2-4f10-a20e-7b95372822ec: the server could not find the requested resource (get pods dns-test-d3a3f538-c6c2-4f10-a20e-7b95372822ec)&#xA;Aug 27 11:38:25.932: INFO: Unable to read jessie_tcp@PodARecord from pod dns-1879/dns-test-d3a3f538-c6c2-4f10-a20e-7b95372822ec: the server could not find the requested resource (get pods dns-test-d3a3f538-c6c2-4f10-a20e-7b95372822ec)&#xA;Aug 27 11:38:25.932: INFO: Lookups using dns-1879/dns-test-d3a3f538-c6c2-4f10-a20e-7b95372822ec failed for: [wheezy_udp@dns-test-service-2.dns-1879.svc.cluster.local wheezy_tcp@dns-test-service-2.dns-1879.svc.cluster.local wheezy_udp@PodARecord wheezy_tcp@PodARecord jessie_udp@dns-test-service-2.dns-1879.svc.cluster.local jessie_tcp@dns-test-service-2.dns-1879.svc.cluster.local jessie_udp@PodARecord jessie_tcp@PodARecord]&#xA;&#xA;Aug 27 11:38:30.797: INFO: Unable to read wheezy_udp@dns-test-service-2.dns-1879.svc.cluster.local from pod dns-1879/dns-test-d3a3f538-c6c2-4f10-a20e-7b95372822ec: the server could not find the requested resource (get pods dns-test-d3a3f538-c6c2-4f10-a20e-7b95372822ec)&#xA;Aug 27 11:38:30.803: INFO: Unable to read wheezy_tcp@dns-test-service-2.dns-1879.svc.cluster.local from pod dns-1879/dns-test-d3a3f538-c6c2-4f10-a20e-7b95372822ec: the server could not find the requested resource (get pods dns-test-d3a3f538-c6c2-4f10-a20e-7b95372822ec)&#xA;Aug 27 11:38:30.807: INFO: Unable to read wheezy_udp@PodARecord from pod dns-1879/dns-test-d3a3f538-c6c2-4f10-a20e-7b95372822ec: the server could not find the requested resource (get pods dns-test-d3a3f538-c6c2-4f10-a20e-7b95372822ec)&#xA;Aug 27 11:38:30.813: INFO: Unable to read wheezy_tcp@PodARecord from pod dns-1879/dns-test-d3a3f538-c6c2-4f10-a20e-7b95372822ec: the server could not find the requested resource (get pods dns-test-d3a3f538-c6c2-4f10-a20e-7b95372822ec)&#xA;Aug 27 11:38:30.829: INFO: Unable to read jessie_udp@dns-test-service-2.dns-1879.svc.cluster.local from pod dns-1879/dns-test-d3a3f538-c6c2-4f10-a20e-7b95372822ec: the server could not find the requested resource (get pods dns-test-d3a3f538-c6c2-4f10-a20e-7b95372822ec)&#xA;Aug 27 11:38:30.835: INFO: Unable to read jessie_tcp@dns-test-service-2.dns-1879.svc.cluster.local from pod dns-1879/dns-test-d3a3f538-c6c2-4f10-a20e-7b95372822ec: the server could not find the requested resource (get pods dns-test-d3a3f538-c6c2-4f10-a20e-7b95372822ec)&#xA;Aug 27 11:38:30.839: INFO: Unable to read jessie_udp@PodARecord from pod dns-1879/dns-test-d3a3f538-c6c2-4f10-a20e-7b95372822ec: the server could not find the requested resource (get pods dns-test-d3a3f538-c6c2-4f10-a20e-7b95372822ec)&#xA;Aug 27 11:38:30.844: INFO: Unable to read jessie_tcp@PodARecord from pod dns-1879/dns-test-d3a3f538-c6c2-4f10-a20e-7b95372822ec: the server could not find the requested resource (get pods dns-test-d3a3f538-c6c2-4f10-a20e-7b95372822ec)&#xA;Aug 27 11:38:30.844: INFO: Lookups using dns-1879/dns-test-d3a3f538-c6c2-4f10-a20e-7b95372822ec failed for: [wheezy_udp@dns-test-service-2.dns-1879.svc.cluster.local wheezy_tcp@dns-test-service-2.dns-1879.svc.cluster.local wheezy_udp@PodARecord wheezy_tcp@PodARecord jessie_udp@dns-test-service-2.dns-1879.svc.cluster.local jessie_tcp@dns-test-service-2.dns-1879.svc.cluster.local jessie_udp@PodARecord jessie_tcp@PodARecord]&#xA;&#xA;Aug 27 11:38:35.806: INFO: Unable to read wheezy_udp@dns-test-service-2.dns-1879.svc.cluster.local from pod dns-1879/dns-test-d3a3f538-c6c2-4f10-a20e-7b95372822ec: the server could not find the requested resource (get pods dns-test-d3a3f538-c6c2-4f10-a20e-7b95372822ec)&#xA;Aug 27 11:38:35.839: INFO: Unable to read wheezy_tcp@dns-test-service-2.dns-1879.svc.cluster.local from pod dns-1879/dns-test-d3a3f538-c6c2-4f10-a20e-7b95372822ec: the server could not find the requested resource (get pods dns-test-d3a3f538-c6c2-4f10-a20e-7b95372822ec)&#xA;Aug 27 11:38:35.883: INFO: Unable to read wheezy_udp@PodARecord from pod dns-1879/dns-test-d3a3f538-c6c2-4f10-a20e-7b95372822ec: the server could not find the requested resource (get pods dns-test-d3a3f538-c6c2-4f10-a20e-7b95372822ec)&#xA;Aug 27 11:38:35.905: INFO: Unable to read wheezy_tcp@PodARecord from pod dns-1879/dns-test-d3a3f538-c6c2-4f10-a20e-7b95372822ec: the server could not find the requested resource (get pods dns-test-d3a3f538-c6c2-4f10-a20e-7b95372822ec)&#xA;Aug 27 11:38:35.933: INFO: Unable to read jessie_udp@dns-test-service-2.dns-1879.svc.cluster.local from pod dns-1879/dns-test-d3a3f538-c6c2-4f10-a20e-7b95372822ec: the server could not find the requested resource (get pods dns-test-d3a3f538-c6c2-4f10-a20e-7b95372822ec)&#xA;Aug 27 11:38:35.962: INFO: Unable to read jessie_tcp@dns-test-service-2.dns-1879.svc.cluster.local from pod dns-1879/dns-test-d3a3f538-c6c2-4f10-a20e-7b95372822ec: the server could not find the requested resource (get pods dns-test-d3a3f538-c6c2-4f10-a20e-7b95372822ec)&#xA;Aug 27 11:38:35.974: INFO: Unable to read jessie_udp@PodARecord from pod dns-1879/dns-test-d3a3f538-c6c2-4f10-a20e-7b95372822ec: the server could not find the requested resource (get pods dns-test-d3a3f538-c6c2-4f10-a20e-7b95372822ec)&#xA;Aug 27 11:38:35.989: INFO: Unable to read jessie_tcp@PodARecord from pod dns-1879/dns-test-d3a3f538-c6c2-4f10-a20e-7b95372822ec: the server could not find the requested resource (get pods dns-test-d3a3f538-c6c2-4f10-a20e-7b95372822ec)&#xA;Aug 27 11:38:35.990: INFO: Lookups using dns-1879/dns-test-d3a3f538-c6c2-4f10-a20e-7b95372822ec failed for: [wheezy_udp@dns-test-service-2.dns-1879.svc.cluster.local wheezy_tcp@dns-test-service-2.dns-1879.svc.cluster.local wheezy_udp@PodARecord wheezy_tcp@PodARecord jessie_udp@dns-test-service-2.dns-1879.svc.cluster.local jessie_tcp@dns-test-service-2.dns-1879.svc.cluster.local jessie_udp@PodARecord jessie_tcp@PodARecord]&#xA;&#xA;Aug 27 11:38:40.800: INFO: Unable to read wheezy_udp@dns-test-service-2.dns-1879.svc.cluster.local from pod dns-1879/dns-test-d3a3f538-c6c2-4f10-a20e-7b95372822ec: the server could not find the requested resource (get pods dns-test-d3a3f538-c6c2-4f10-a20e-7b95372822ec)&#xA;Aug 27 11:38:40.804: INFO: Unable to read wheezy_tcp@dns-test-service-2.dns-1879.svc.cluster.local from pod dns-1879/dns-test-d3a3f538-c6c2-4f10-a20e-7b95372822ec: the server could not find the requested resource (get pods dns-test-d3a3f538-c6c2-4f10-a20e-7b95372822ec)&#xA;Aug 27 11:38:40.816: INFO: Unable to read wheezy_udp@PodARecord from pod dns-1879/dns-test-d3a3f538-c6c2-4f10-a20e-7b95372822ec: the server could not find the requested resource (get pods dns-test-d3a3f538-c6c2-4f10-a20e-7b95372822ec)&#xA;Aug 27 11:38:40.823: INFO: Unable to read wheezy_tcp@PodARecord from pod dns-1879/dns-test-d3a3f538-c6c2-4f10-a20e-7b95372822ec: the server could not find the requested resource (get pods dns-test-d3a3f538-c6c2-4f10-a20e-7b95372822ec)&#xA;Aug 27 11:38:40.845: INFO: Unable to read jessie_udp@dns-test-service-2.dns-1879.svc.cluster.local from pod dns-1879/dns-test-d3a3f538-c6c2-4f10-a20e-7b95372822ec: the server could not find the requested resource (get pods dns-test-d3a3f538-c6c2-4f10-a20e-7b95372822ec)&#xA;Aug 27 11:38:40.849: INFO: Unable to read jessie_tcp@dns-test-service-2.dns-1879.svc.cluster.local from pod dns-1879/dns-test-d3a3f538-c6c2-4f10-a20e-7b95372822ec: the server could not find the requested resource (get pods dns-test-d3a3f538-c6c2-4f10-a20e-7b95372822ec)&#xA;Aug 27 11:38:40.855: INFO: Unable to read jessie_udp@PodARecord from pod dns-1879/dns-test-d3a3f538-c6c2-4f10-a20e-7b95372822ec: the server could not find the requested resource (get pods dns-test-d3a3f538-c6c2-4f10-a20e-7b95372822ec)&#xA;Aug 27 11:38:40.860: INFO: Unable to read jessie_tcp@PodARecord from pod dns-1879/dns-test-d3a3f538-c6c2-4f10-a20e-7b95372822ec: the server could not find the requested resource (get pods dns-test-d3a3f538-c6c2-4f10-a20e-7b95372822ec)&#xA;Aug 27 11:38:40.860: INFO: Lookups using dns-1879/dns-test-d3a3f538-c6c2-4f10-a20e-7b95372822ec failed for: [wheezy_udp@dns-test-service-2.dns-1879.svc.cluster.local wheezy_tcp@dns-test-service-2.dns-1879.svc.cluster.local wheezy_udp@PodARecord wheezy_tcp@PodARecord jessie_udp@dns-test-service-2.dns-1879.svc.cluster.local jessie_tcp@dns-test-service-2.dns-1879.svc.cluster.local jessie_udp@PodARecord jessie_tcp@PodARecord]&#xA;&#xA;Aug 27 11:38:45.797: INFO: Unable to read wheezy_udp@dns-test-service-2.dns-1879.svc.cluster.local from pod dns-1879/dns-test-d3a3f538-c6c2-4f10-a20e-7b95372822ec: the server could not find the requested resource (get pods dns-test-d3a3f538-c6c2-4f10-a20e-7b95372822ec)&#xA;Aug 27 11:38:45.824: INFO: Unable to read wheezy_tcp@dns-test-service-2.dns-1879.svc.cluster.local from pod dns-1879/dns-test-d3a3f538-c6c2-4f10-a20e-7b95372822ec: the server could not find the requested resource (get pods dns-test-d3a3f538-c6c2-4f10-a20e-7b95372822ec)&#xA;Aug 27 11:38:45.847: INFO: Unable to read wheezy_udp@PodARecord from pod dns-1879/dns-test-d3a3f538-c6c2-4f10-a20e-7b95372822ec: the server could not find the requested resource (get pods dns-test-d3a3f538-c6c2-4f10-a20e-7b95372822ec)&#xA;Aug 27 11:38:45.856: INFO: Unable to read wheezy_tcp@PodARecord from pod dns-1879/dns-test-d3a3f538-c6c2-4f10-a20e-7b95372822ec: the server could not find the requested resource (get pods dns-test-d3a3f538-c6c2-4f10-a20e-7b95372822ec)&#xA;Aug 27 11:38:45.870: INFO: Unable to read jessie_udp@dns-test-service-2.dns-1879.svc.cluster.local from pod dns-1879/dns-test-d3a3f538-c6c2-4f10-a20e-7b95372822ec: the server could not find the requested resource (get pods dns-test-d3a3f538-c6c2-4f10-a20e-7b95372822ec)&#xA;Aug 27 11:38:45.873: INFO: Unable to read jessie_tcp@dns-test-service-2.dns-1879.svc.cluster.local from pod dns-1879/dns-test-d3a3f538-c6c2-4f10-a20e-7b95372822ec: the server could not find the requested resource (get pods dns-test-d3a3f538-c6c2-4f10-a20e-7b95372822ec)&#xA;Aug 27 11:38:45.878: INFO: Unable to read jessie_udp@PodARecord from pod dns-1879/dns-test-d3a3f538-c6c2-4f10-a20e-7b95372822ec: the server could not find the requested resource (get pods dns-test-d3a3f538-c6c2-4f10-a20e-7b95372822ec)&#xA;Aug 27 11:38:45.883: INFO: Unable to read jessie_tcp@PodARecord from pod dns-1879/dns-test-d3a3f538-c6c2-4f10-a20e-7b95372822ec: the server could not find the requested resource (get pods dns-test-d3a3f538-c6c2-4f10-a20e-7b95372822ec)&#xA;Aug 27 11:38:45.883: INFO: Lookups using dns-1879/dns-test-d3a3f538-c6c2-4f10-a20e-7b95372822ec failed for: [wheezy_udp@dns-test-service-2.dns-1879.svc.cluster.local wheezy_tcp@dns-test-service-2.dns-1879.svc.cluster.local wheezy_udp@PodARecord wheezy_tcp@PodARecord jessie_udp@dns-test-service-2.dns-1879.svc.cluster.local jessie_tcp@dns-test-service-2.dns-1879.svc.cluster.local jessie_udp@PodARecord jessie_tcp@PodARecord]&#xA;&#xA;Aug 27 11:38:50.787: INFO: Unable to read wheezy_udp@dns-test-service-2.dns-1879.svc.cluster.local from pod dns-1879/dns-test-d3a3f538-c6c2-4f10-a20e-7b95372822ec: the server could not find the requested resource (get pods dns-test-d3a3f538-c6c2-4f10-a20e-7b95372822ec)&#xA;Aug 27 11:38:50.790: INFO: Unable to read wheezy_tcp@dns-test-service-2.dns-1879.svc.cluster.local from pod dns-1879/dns-test-d3a3f538-c6c2-4f10-a20e-7b95372822ec: the server could not find the requested resource (get pods dns-test-d3a3f538-c6c2-4f10-a20e-7b95372822ec)&#xA;Aug 27 11:38:50.794: INFO: Unable to read wheezy_udp@PodARecord from pod dns-1879/dns-test-d3a3f538-c6c2-4f10-a20e-7b95372822ec: the server could not find the requested resource (get pods dns-test-d3a3f538-c6c2-4f10-a20e-7b95372822ec)&#xA;Aug 27 11:38:50.798: INFO: Unable to read wheezy_tcp@PodARecord from pod dns-1879/dns-test-d3a3f538-c6c2-4f10-a20e-7b95372822ec: the server could not find the requested resource (get pods dns-test-d3a3f538-c6c2-4f10-a20e-7b95372822ec)&#xA;Aug 27 11:38:50.817: INFO: Unable to read jessie_udp@dns-test-service-2.dns-1879.svc.cluster.local from pod dns-1879/dns-test-d3a3f538-c6c2-4f10-a20e-7b95372822ec: the server could not find the requested resource (get pods dns-test-d3a3f538-c6c2-4f10-a20e-7b95372822ec)&#xA;Aug 27 11:38:50.821: INFO: Unable to read jessie_tcp@dns-test-service-2.dns-1879.svc.cluster.local from pod dns-1879/dns-test-d3a3f538-c6c2-4f10-a20e-7b95372822ec: the server could not find the requested resource (get pods dns-test-d3a3f538-c6c2-4f10-a20e-7b95372822ec)&#xA;Aug 27 11:38:50.825: INFO: Unable to read jessie_udp@PodARecord from pod dns-1879/dns-test-d3a3f538-c6c2-4f10-a20e-7b95372822ec: the server could not find the requested resource (get pods dns-test-d3a3f538-c6c2-4f10-a20e-7b95372822ec)&#xA;Aug 27 11:38:50.829: INFO: Unable to read jessie_tcp@PodARecord from pod dns-1879/dns-test-d3a3f538-c6c2-4f10-a20e-7b95372822ec: the server could not find the requested resource (get pods dns-test-d3a3f538-c6c2-4f10-a20e-7b95372822ec)&#xA;Aug 27 11:38:50.829: INFO: Lookups using dns-1879/dns-test-d3a3f538-c6c2-4f10-a20e-7b95372822ec failed for: [wheezy_udp@dns-test-service-2.dns-1879.svc.cluster.local wheezy_tcp@dns-test-service-2.dns-1879.svc.cluster.local wheezy_udp@PodARecord wheezy_tcp@PodARecord jessie_udp@dns-test-service-2.dns-1879.svc.cluster.local jessie_tcp@dns-test-service-2.dns-1879.svc.cluster.local jessie_udp@PodARecord jessie_tcp@PodARecord]&#xA;&#xA;Aug 27 11:38:55.805: INFO: Unable to read wheezy_udp@dns-test-service-2.dns-1879.svc.cluster.local from pod dns-1879/dns-test-d3a3f538-c6c2-4f10-a20e-7b95372822ec: the server could not find the requested resource (get pods dns-test-d3a3f538-c6c2-4f10-a20e-7b95372822ec)&#xA;Aug 27 11:38:55.809: INFO: Unable to read wheezy_tcp@dns-test-service-2.dns-1879.svc.cluster.local from pod dns-1879/dns-test-d3a3f538-c6c2-4f10-a20e-7b95372822ec: the server could not find the requested resource (get pods dns-test-d3a3f538-c6c2-4f10-a20e-7b95372822ec)&#xA;Aug 27 11:38:55.813: INFO: Unable to read wheezy_udp@PodARecord from pod dns-1879/dns-test-d3a3f538-c6c2-4f10-a20e-7b95372822ec: the server could not find the requested resource (get pods dns-test-d3a3f538-c6c2-4f10-a20e-7b95372822ec)&#xA;Aug 27 11:38:55.823: INFO: Unable to read wheezy_tcp@PodARecord from pod dns-1879/dns-test-d3a3f538-c6c2-4f10-a20e-7b95372822ec: the server could not find the requested resource (get pods dns-test-d3a3f538-c6c2-4f10-a20e-7b95372822ec)&#xA;Aug 27 11:38:55.837: INFO: Unable to read jessie_udp@dns-test-service-2.dns-1879.svc.cluster.local from pod dns-1879/dns-test-d3a3f538-c6c2-4f10-a20e-7b95372822ec: the server could not find the requested resource (get pods dns-test-d3a3f538-c6c2-4f10-a20e-7b95372822ec)&#xA;Aug 27 11:38:55.842: INFO: Unable to read jessie_tcp@dns-test-service-2.dns-1879.svc.cluster.local from pod dns-1879/dns-test-d3a3f538-c6c2-4f10-a20e-7b95372822ec: the server could not find the requested resource (get pods dns-test-d3a3f538-c6c2-4f10-a20e-7b95372822ec)&#xA;Aug 27 11:38:55.846: INFO: Unable to read jessie_udp@PodARecord from pod dns-1879/dns-test-d3a3f538-c6c2-4f10-a20e-7b95372822ec: the server could not find the requested resource (get pods dns-test-d3a3f538-c6c2-4f10-a20e-7b95372822ec)&#xA;Aug 27 11:38:55.854: INFO: Unable to read jessie_tcp@PodARecord from pod dns-1879/dns-test-d3a3f538-c6c2-4f10-a20e-7b95372822ec: the server could not find the requested resource (get pods dns-test-d3a3f538-c6c2-4f10-a20e-7b95372822ec)&#xA;Aug 27 11:38:55.854: INFO: Lookups using dns-1879/dns-test-d3a3f538-c6c2-4f10-a20e-7b95372822ec failed for: [wheezy_udp@dns-test-service-2.dns-1879.svc.cluster.local wheezy_tcp@dns-test-service-2.dns-1879.svc.cluster.local wheezy_udp@PodARecord wheezy_tcp@PodARecord jessie_udp@dns-test-service-2.dns-1879.svc.cluster.local jessie_tcp@dns-test-service-2.dns-1879.svc.cluster.local jessie_udp@PodARecord jessie_tcp@PodARecord]&#xA;&#xA;Aug 27 11:39:00.788: INFO: Unable to read wheezy_udp@dns-test-service-2.dns-1879.svc.cluster.local from pod dns-1879/dns-test-d3a3f538-c6c2-4f10-a20e-7b95372822ec: the server could not find the requested resource (get pods dns-test-d3a3f538-c6c2-4f10-a20e-7b95372822ec)&#xA;Aug 27 11:39:00.795: INFO: Unable to read wheezy_tcp@dns-test-service-2.dns-1879.svc.cluster.local from pod dns-1879/dns-test-d3a3f538-c6c2-4f10-a20e-7b95372822ec: the server could not find the requested resource (get pods dns-test-d3a3f538-c6c2-4f10-a20e-7b95372822ec)&#xA;Aug 27 11:39:00.798: INFO: Unable to read wheezy_udp@PodARecord from pod dns-1879/dns-test-d3a3f538-c6c2-4f10-a20e-7b95372822ec: the server could not find the requested resource (get pods dns-test-d3a3f538-c6c2-4f10-a20e-7b95372822ec)&#xA;Aug 27 11:39:00.802: INFO: Unable to read wheezy_tcp@PodARecord from pod dns-1879/dns-test-d3a3f538-c6c2-4f10-a20e-7b95372822ec: the server could not find the requested resource (get pods dns-test-d3a3f538-c6c2-4f10-a20e-7b95372822ec)&#xA;Aug 27 11:39:00.812: INFO: Unable to read jessie_udp@dns-test-service-2.dns-1879.svc.cluster.local from pod dns-1879/dns-test-d3a3f538-c6c2-4f10-a20e-7b95372822ec: the server could not find the requested resource (get pods dns-test-d3a3f538-c6c2-4f10-a20e-7b95372822ec)&#xA;Aug 27 11:39:00.815: INFO: Unable to read jessie_tcp@dns-test-service-2.dns-1879.svc.cluster.local from pod dns-1879/dns-test-d3a3f538-c6c2-4f10-a20e-7b95372822ec: the server could not find the requested resource (get pods dns-test-d3a3f538-c6c2-4f10-a20e-7b95372822ec)&#xA;Aug 27 11:39:00.818: INFO: Unable to read jessie_udp@PodARecord from pod dns-1879/dns-test-d3a3f538-c6c2-4f10-a20e-7b95372822ec: the server could not find the requested resource (get pods dns-test-d3a3f538-c6c2-4f10-a20e-7b95372822ec)&#xA;Aug 27 11:39:00.822: INFO: Unable to read jessie_tcp@PodARecord from pod dns-1879/dns-test-d3a3f538-c6c2-4f10-a20e-7b95372822ec: the server could not find the requested resource (get pods dns-test-d3a3f538-c6c2-4f10-a20e-7b95372822ec)&#xA;Aug 27 11:39:00.822: INFO: Lookups using dns-1879/dns-test-d3a3f538-c6c2-4f10-a20e-7b95372822ec failed for: [wheezy_udp@dns-test-service-2.dns-1879.svc.cluster.local wheezy_tcp@dns-test-service-2.dns-1879.svc.cluster.local wheezy_udp@PodARecord wheezy_tcp@PodARecord jessie_udp@dns-test-service-2.dns-1879.svc.cluster.local jessie_tcp@dns-test-service-2.dns-1879.svc.cluster.local jessie_udp@PodARecord jessie_tcp@PodARecord]&#xA;&#xA;Aug 27 11:39:05.795: INFO: Unable to read wheezy_udp@dns-test-service-2.dns-1879.svc.cluster.local from pod dns-1879/dns-test-d3a3f538-c6c2-4f10-a20e-7b95372822ec: the server could not find the requested resource (get pods dns-test-d3a3f538-c6c2-4f10-a20e-7b95372822ec)&#xA;Aug 27 11:39:05.805: INFO: Unable to read wheezy_tcp@dns-test-service-2.dns-1879.svc.cluster.local from pod dns-1879/dns-test-d3a3f538-c6c2-4f10-a20e-7b95372822ec: the server could not find the requested resource (get pods dns-test-d3a3f538-c6c2-4f10-a20e-7b95372822ec)&#xA;Aug 27 11:39:05.816: INFO: Unable to read wheezy_udp@PodARecord from pod dns-1879/dns-test-d3a3f538-c6c2-4f10-a20e-7b95372822ec: the server could not find the requested resource (get pods dns-test-d3a3f538-c6c2-4f10-a20e-7b95372822ec)&#xA;Aug 27 11:39:05.825: INFO: Unable to read wheezy_tcp@PodARecord from pod dns-1879/dns-test-d3a3f538-c6c2-4f10-a20e-7b95372822ec: the server could not find the requested resource (get pods dns-test-d3a3f538-c6c2-4f10-a20e-7b95372822ec)&#xA;Aug 27 11:39:05.845: INFO: Unable to read jessie_udp@dns-test-service-2.dns-1879.svc.cluster.local from pod dns-1879/dns-test-d3a3f538-c6c2-4f10-a20e-7b95372822ec: the server could not find the requested resource (get pods dns-test-d3a3f538-c6c2-4f10-a20e-7b95372822ec)&#xA;Aug 27 11:39:05.856: INFO: Unable to read jessie_tcp@dns-test-service-2.dns-1879.svc.cluster.local from pod dns-1879/dns-test-d3a3f538-c6c2-4f10-a20e-7b95372822ec: the server could not find the requested resource (get pods dns-test-d3a3f538-c6c2-4f10-a20e-7b95372822ec)&#xA;Aug 27 11:39:05.862: INFO: Unable to read jessie_udp@PodARecord from pod dns-1879/dns-test-d3a3f538-c6c2-4f10-a20e-7b95372822ec: the server could not find the requested resource (get pods dns-test-d3a3f538-c6c2-4f10-a20e-7b95372822ec)&#xA;Aug 27 11:39:05.866: INFO: Unable to read jessie_tcp@PodARecord from pod dns-1879/dns-test-d3a3f538-c6c2-4f10-a20e-7b95372822ec: the server could not find the requested resource (get pods dns-test-d3a3f538-c6c2-4f10-a20e-7b95372822ec)&#xA;Aug 27 11:39:05.866: INFO: Lookups using dns-1879/dns-test-d3a3f538-c6c2-4f10-a20e-7b95372822ec failed for: [wheezy_udp@dns-test-service-2.dns-1879.svc.cluster.local wheezy_tcp@dns-test-service-2.dns-1879.svc.cluster.local wheezy_udp@PodARecord wheezy_tcp@PodARecord jessie_udp@dns-test-service-2.dns-1879.svc.cluster.local jessie_tcp@dns-test-service-2.dns-1879.svc.cluster.local jessie_udp@PodARecord jessie_tcp@PodARecord]&#xA;&#xA;Aug 27 11:39:10.786: INFO: Unable to read wheezy_udp@dns-test-service-2.dns-1879.svc.cluster.local from pod dns-1879/dns-test-d3a3f538-c6c2-4f10-a20e-7b95372822ec: the server could not find the requested resource (get pods dns-test-d3a3f538-c6c2-4f10-a20e-7b95372822ec)&#xA;Aug 27 11:39:10.795: INFO: Unable to read wheezy_tcp@dns-test-service-2.dns-1879.svc.cluster.local from pod dns-1879/dns-test-d3a3f538-c6c2-4f10-a20e-7b95372822ec: the server could not find the requested resource (get pods dns-test-d3a3f538-c6c2-4f10-a20e-7b95372822ec)&#xA;Aug 27 11:39:10.800: INFO: Unable to read wheezy_udp@PodARecord from pod dns-1879/dns-test-d3a3f538-c6c2-4f10-a20e-7b95372822ec: the server could not find the requested resource (get pods dns-test-d3a3f538-c6c2-4f10-a20e-7b95372822ec)&#xA;Aug 27 11:39:10.807: INFO: Unable to read wheezy_tcp@PodARecord from pod dns-1879/dns-test-d3a3f538-c6c2-4f10-a20e-7b95372822ec: the server could not find the requested resource (get pods dns-test-d3a3f538-c6c2-4f10-a20e-7b95372822ec)&#xA;Aug 27 11:39:10.819: INFO: Unable to read jessie_udp@dns-test-service-2.dns-1879.svc.cluster.local from pod dns-1879/dns-test-d3a3f538-c6c2-4f10-a20e-7b95372822ec: the server could not find the requested resource (get pods dns-test-d3a3f538-c6c2-4f10-a20e-7b95372822ec)&#xA;Aug 27 11:39:10.825: INFO: Unable to read jessie_tcp@dns-test-service-2.dns-1879.svc.cluster.local from pod dns-1879/dns-test-d3a3f538-c6c2-4f10-a20e-7b95372822ec: the server could not find the requested resource (get pods dns-test-d3a3f538-c6c2-4f10-a20e-7b95372822ec)&#xA;Aug 27 11:39:10.828: INFO: Unable to read jessie_udp@PodARecord from pod dns-1879/dns-test-d3a3f538-c6c2-4f10-a20e-7b95372822ec: the server could not find the requested resource (get pods dns-test-d3a3f538-c6c2-4f10-a20e-7b95372822ec)&#xA;Aug 27 11:39:10.833: INFO: Unable to read jessie_tcp@PodARecord from pod dns-1879/dns-test-d3a3f538-c6c2-4f10-a20e-7b95372822ec: the server could not find the requested resource (get pods dns-test-d3a3f538-c6c2-4f10-a20e-7b95372822ec)&#xA;Aug 27 11:39:10.833: INFO: Lookups using dns-1879/dns-test-d3a3f538-c6c2-4f10-a20e-7b95372822ec failed for: [wheezy_udp@dns-test-service-2.dns-1879.svc.cluster.local wheezy_tcp@dns-test-service-2.dns-1879.svc.cluster.local wheezy_udp@PodARecord wheezy_tcp@PodARecord jessie_udp@dns-test-service-2.dns-1879.svc.cluster.local jessie_tcp@dns-test-service-2.dns-1879.svc.cluster.local jessie_udp@PodARecord jessie_tcp@PodARecord]&#xA;&#xA;Aug 27 11:39:15.818: INFO: Unable to read wheezy_udp@dns-test-service-2.dns-1879.svc.cluster.local from pod dns-1879/dns-test-d3a3f538-c6c2-4f10-a20e-7b95372822ec: the server could not find the requested resource (get pods dns-test-d3a3f538-c6c2-4f10-a20e-7b95372822ec)&#xA;Aug 27 11:39:15.840: INFO: Unable to read wheezy_tcp@dns-test-service-2.dns-1879.svc.cluster.local from pod dns-1879/dns-test-d3a3f538-c6c2-4f10-a20e-7b95372822ec: the server could not find the requested resource (get pods dns-test-d3a3f538-c6c2-4f10-a20e-7b95372822ec)&#xA;Aug 27 11:39:15.852: INFO: Unable to read wheezy_udp@PodARecord from pod dns-1879/dns-test-d3a3f538-c6c2-4f10-a20e-7b95372822ec: the server could not find the requested resource (get pods dns-test-d3a3f538-c6c2-4f10-a20e-7b95372822ec)&#xA;Aug 27 11:39:15.865: INFO: Unable to read wheezy_tcp@PodARecord from pod dns-1879/dns-test-d3a3f538-c6c2-4f10-a20e-7b95372822ec: the server could not find the requested resource (get pods dns-test-d3a3f538-c6c2-4f10-a20e-7b95372822ec)&#xA;Aug 27 11:39:15.882: INFO: Unable to read jessie_udp@dns-test-service-2.dns-1879.svc.cluster.local from pod dns-1879/dns-test-d3a3f538-c6c2-4f10-a20e-7b95372822ec: the server could not find the requested resource (get pods dns-test-d3a3f538-c6c2-4f10-a20e-7b95372822ec)&#xA;Aug 27 11:39:15.886: INFO: Unable to read jessie_tcp@dns-test-service-2.dns-1879.svc.cluster.local from pod dns-1879/dns-test-d3a3f538-c6c2-4f10-a20e-7b95372822ec: the server could not find the requested resource (get pods dns-test-d3a3f538-c6c2-4f10-a20e-7b95372822ec)&#xA;Aug 27 11:39:15.890: INFO: Unable to read jessie_udp@PodARecord from pod dns-1879/dns-test-d3a3f538-c6c2-4f10-a20e-7b95372822ec: the server could not find the requested resource (get pods dns-test-d3a3f538-c6c2-4f10-a20e-7b95372822ec)&#xA;Aug 27 11:39:15.893: INFO: Unable to read jessie_tcp@PodARecord from pod dns-1879/dns-test-d3a3f538-c6c2-4f10-a20e-7b95372822ec: the server could not find the requested resource (get pods dns-test-d3a3f538-c6c2-4f10-a20e-7b95372822ec)&#xA;Aug 27 11:39:15.894: INFO: Lookups using dns-1879/dns-test-d3a3f538-c6c2-4f10-a20e-7b95372822ec failed for: [wheezy_udp@dns-test-service-2.dns-1879.svc.cluster.local wheezy_tcp@dns-test-service-2.dns-1879.svc.cluster.local wheezy_udp@PodARecord wheezy_tcp@PodARecord jessie_udp@dns-test-service-2.dns-1879.svc.cluster.local jessie_tcp@dns-test-service-2.dns-1879.svc.cluster.local jessie_udp@PodARecord jessie_tcp@PodARecord]&#xA;&#xA;Aug 27 11:39:20.787: INFO: Unable to read wheezy_udp@dns-test-service-2.dns-1879.svc.cluster.local from pod dns-1879/dns-test-d3a3f538-c6c2-4f10-a20e-7b95372822ec: the server could not find the requested resource (get pods dns-test-d3a3f538-c6c2-4f10-a20e-7b95372822ec)&#xA;Aug 27 11:39:20.791: INFO: Unable to read wheezy_tcp@dns-test-service-2.dns-1879.svc.cluster.local from pod dns-1879/dns-test-d3a3f538-c6c2-4f10-a20e-7b95372822ec: the server could not find the requested resource (get pods dns-test-d3a3f538-c6c2-4f10-a20e-7b95372822ec)&#xA;Aug 27 11:39:20.794: INFO: Unable to read wheezy_udp@PodARecord from pod dns-1879/dns-test-d3a3f538-c6c2-4f10-a20e-7b95372822ec: the server could not find the requested resource (get pods dns-test-d3a3f538-c6c2-4f10-a20e-7b95372822ec)&#xA;Aug 27 11:39:20.797: INFO: Unable to read wheezy_tcp@PodARecord from pod dns-1879/dns-test-d3a3f538-c6c2-4f10-a20e-7b95372822ec: the server could not find the requested resource (get pods dns-test-d3a3f538-c6c2-4f10-a20e-7b95372822ec)&#xA;Aug 27 11:39:20.808: INFO: Unable to read jessie_udp@dns-test-service-2.dns-1879.svc.cluster.local from pod dns-1879/dns-test-d3a3f538-c6c2-4f10-a20e-7b95372822ec: the server could not find the requested resource (get pods dns-test-d3a3f538-c6c2-4f10-a20e-7b95372822ec)&#xA;Aug 27 11:39:20.812: INFO: Unable to read jessie_tcp@dns-test-service-2.dns-1879.svc.cluster.local from pod dns-1879/dns-test-d3a3f538-c6c2-4f10-a20e-7b95372822ec: the server could not find the requested resource (get pods dns-test-d3a3f538-c6c2-4f10-a20e-7b95372822ec)&#xA;Aug 27 11:39:20.815: INFO: Unable to read jessie_udp@PodARecord from pod dns-1879/dns-test-d3a3f538-c6c2-4f10-a20e-7b95372822ec: the server could not find the requested resource (get pods dns-test-d3a3f538-c6c2-4f10-a20e-7b95372822ec)&#xA;Aug 27 11:39:20.819: INFO: Unable to read jessie_tcp@PodARecord from pod dns-1879/dns-test-d3a3f538-c6c2-4f10-a20e-7b95372822ec: the server could not find the requested resource (get pods dns-test-d3a3f538-c6c2-4f10-a20e-7b95372822ec)&#xA;Aug 27 11:39:20.819: INFO: Lookups using dns-1879/dns-test-d3a3f538-c6c2-4f10-a20e-7b95372822ec failed for: [wheezy_udp@dns-test-service-2.dns-1879.svc.cluster.local wheezy_tcp@dns-test-service-2.dns-1879.svc.cluster.local wheezy_udp@PodARecord wheezy_tcp@PodARecord jessie_udp@dns-test-service-2.dns-1879.svc.cluster.local jessie_tcp@dns-test-service-2.dns-1879.svc.cluster.local jessie_udp@PodARecord jessie_tcp@PodARecord]&#xA;&#xA;Aug 27 11:39:25.827: INFO: Unable to read wheezy_udp@dns-test-service-2.dns-1879.svc.cluster.local from pod dns-1879/dns-test-d3a3f538-c6c2-4f10-a20e-7b95372822ec: the server could not find the requested resource (get pods dns-test-d3a3f538-c6c2-4f10-a20e-7b95372822ec)&#xA;Aug 27 11:39:25.834: INFO: Unable to read wheezy_tcp@dns-test-service-2.dns-1879.svc.cluster.local from pod dns-1879/dns-test-d3a3f538-c6c2-4f10-a20e-7b95372822ec: the server could not find the requested resource (get pods dns-test-d3a3f538-c6c2-4f10-a20e-7b95372822ec)&#xA;Aug 27 11:39:25.850: INFO: Unable to read wheezy_udp@PodARecord from pod dns-1879/dns-test-d3a3f538-c6c2-4f10-a20e-7b95372822ec: the server could not find the requested resource (get pods dns-test-d3a3f538-c6c2-4f10-a20e-7b95372822ec)&#xA;Aug 27 11:39:25.855: INFO: Unable to read wheezy_tcp@PodARecord from pod dns-1879/dns-test-d3a3f538-c6c2-4f10-a20e-7b95372822ec: the server could not find the requested resource (get pods dns-test-d3a3f538-c6c2-4f10-a20e-7b95372822ec)&#xA;Aug 27 11:39:25.877: INFO: Unable to read jessie_udp@dns-test-service-2.dns-1879.svc.cluster.local from pod dns-1879/dns-test-d3a3f538-c6c2-4f10-a20e-7b95372822ec: the server could not find the requested resource (get pods dns-test-d3a3f538-c6c2-4f10-a20e-7b95372822ec)&#xA;Aug 27 11:39:25.882: INFO: Unable to read jessie_tcp@dns-test-service-2.dns-1879.svc.cluster.local from pod dns-1879/dns-test-d3a3f538-c6c2-4f10-a20e-7b95372822ec: the server could not find the requested resource (get pods dns-test-d3a3f538-c6c2-4f10-a20e-7b95372822ec)&#xA;Aug 27 11:39:25.886: INFO: Unable to read jessie_udp@PodARecord from pod dns-1879/dns-test-d3a3f538-c6c2-4f10-a20e-7b95372822ec: the server could not find the requested resource (get pods dns-test-d3a3f538-c6c2-4f10-a20e-7b95372822ec)&#xA;Aug 27 11:39:25.891: INFO: Unable to read jessie_tcp@PodARecord from pod dns-1879/dns-test-d3a3f538-c6c2-4f10-a20e-7b95372822ec: the server could not find the requested resource (get pods dns-test-d3a3f538-c6c2-4f10-a20e-7b95372822ec)&#xA;Aug 27 11:39:25.892: INFO: Lookups using dns-1879/dns-test-d3a3f538-c6c2-4f10-a20e-7b95372822ec failed for: [wheezy_udp@dns-test-service-2.dns-1879.svc.cluster.local wheezy_tcp@dns-test-service-2.dns-1879.svc.cluster.local wheezy_udp@PodARecord wheezy_tcp@PodARecord jessie_udp@dns-test-service-2.dns-1879.svc.cluster.local jessie_tcp@dns-test-service-2.dns-1879.svc.cluster.local jessie_udp@PodARecord jessie_tcp@PodARecord]&#xA;&#xA;Aug 27 11:39:30.787: INFO: Unable to read wheezy_udp@dns-test-service-2.dns-1879.svc.cluster.local from pod dns-1879/dns-test-d3a3f538-c6c2-4f10-a20e-7b95372822ec: the server could not find the requested resource (get pods dns-test-d3a3f538-c6c2-4f10-a20e-7b95372822ec)&#xA;Aug 27 11:39:30.791: INFO: Unable to read wheezy_tcp@dns-test-service-2.dns-1879.svc.cluster.local from pod dns-1879/dns-test-d3a3f538-c6c2-4f10-a20e-7b95372822ec: the server could not find the requested resource (get pods dns-test-d3a3f538-c6c2-4f10-a20e-7b95372822ec)&#xA;Aug 27 11:39:30.795: INFO: Unable to read wheezy_udp@PodARecord from pod dns-1879/dns-test-d3a3f538-c6c2-4f10-a20e-7b95372822ec: the server could not find the requested resource (get pods dns-test-d3a3f538-c6c2-4f10-a20e-7b95372822ec)&#xA;Aug 27 11:39:30.798: INFO: Unable to read wheezy_tcp@PodARecord from pod dns-1879/dns-test-d3a3f538-c6c2-4f10-a20e-7b95372822ec: the server could not find the requested resource (get pods dns-test-d3a3f538-c6c2-4f10-a20e-7b95372822ec)&#xA;Aug 27 11:39:30.809: INFO: Unable to read jessie_udp@dns-test-service-2.dns-1879.svc.cluster.local from pod dns-1879/dns-test-d3a3f538-c6c2-4f10-a20e-7b95372822ec: the server could not find the requested resource (get pods dns-test-d3a3f538-c6c2-4f10-a20e-7b95372822ec)&#xA;Aug 27 11:39:30.813: INFO: Unable to read jessie_tcp@dns-test-service-2.dns-1879.svc.cluster.local from pod dns-1879/dns-test-d3a3f538-c6c2-4f10-a20e-7b95372822ec: the server could not find the requested resource (get pods dns-test-d3a3f538-c6c2-4f10-a20e-7b95372822ec)&#xA;Aug 27 11:39:30.817: INFO: Unable to read jessie_udp@PodARecord from pod dns-1879/dns-test-d3a3f538-c6c2-4f10-a20e-7b95372822ec: the server could not find the requested resource (get pods dns-test-d3a3f538-c6c2-4f10-a20e-7b95372822ec)&#xA;Aug 27 11:39:30.821: INFO: Unable to read jessie_tcp@PodARecord from pod dns-1879/dns-test-d3a3f538-c6c2-4f10-a20e-7b95372822ec: the server could not find the requested resource (get pods dns-test-d3a3f538-c6c2-4f10-a20e-7b95372822ec)&#xA;Aug 27 11:39:30.821: INFO: Lookups using dns-1879/dns-test-d3a3f538-c6c2-4f10-a20e-7b95372822ec failed for: [wheezy_udp@dns-test-service-2.dns-1879.svc.cluster.local wheezy_tcp@dns-test-service-2.dns-1879.svc.cluster.local wheezy_udp@PodARecord wheezy_tcp@PodARecord jessie_udp@dns-test-service-2.dns-1879.svc.cluster.local jessie_tcp@dns-test-service-2.dns-1879.svc.cluster.local jessie_udp@PodARecord jessie_tcp@PodARecord]&#xA;&#xA;Aug 27 11:39:35.803: INFO: Unable to read wheezy_udp@dns-test-service-2.dns-1879.svc.cluster.local from pod dns-1879/dns-test-d3a3f538-c6c2-4f10-a20e-7b95372822ec: the server could not find the requested resource (get pods dns-test-d3a3f538-c6c2-4f10-a20e-7b95372822ec)&#xA;Aug 27 11:39:35.806: INFO: Unable to read wheezy_tcp@dns-test-service-2.dns-1879.svc.cluster.local from pod dns-1879/dns-test-d3a3f538-c6c2-4f10-a20e-7b95372822ec: the server could not find the requested resource (get pods dns-test-d3a3f538-c6c2-4f10-a20e-7b95372822ec)&#xA;Aug 27 11:39:35.818: INFO: Unable to read wheezy_udp@PodARecord from pod dns-1879/dns-test-d3a3f538-c6c2-4f10-a20e-7b95372822ec: the server could not find the requested resource (get pods dns-test-d3a3f538-c6c2-4f10-a20e-7b95372822ec)&#xA;Aug 27 11:39:35.831: INFO: Unable to read wheezy_tcp@PodARecord from pod dns-1879/dns-test-d3a3f538-c6c2-4f10-a20e-7b95372822ec: the server could not find the requested resource (get pods dns-test-d3a3f538-c6c2-4f10-a20e-7b95372822ec)&#xA;Aug 27 11:39:35.846: INFO: Unable to read jessie_udp@dns-test-service-2.dns-1879.svc.cluster.local from pod dns-1879/dns-test-d3a3f538-c6c2-4f10-a20e-7b95372822ec: the server could not find the requested resource (get pods dns-test-d3a3f538-c6c2-4f10-a20e-7b95372822ec)&#xA;Aug 27 11:39:35.850: INFO: Unable to read jessie_tcp@dns-test-service-2.dns-1879.svc.cluster.local from pod dns-1879/dns-test-d3a3f538-c6c2-4f10-a20e-7b95372822ec: the server could not find the requested resource (get pods dns-test-d3a3f538-c6c2-4f10-a20e-7b95372822ec)&#xA;Aug 27 11:39:35.854: INFO: Unable to read jessie_udp@PodARecord from pod dns-1879/dns-test-d3a3f538-c6c2-4f10-a20e-7b95372822ec: the server could not find the requested resource (get pods dns-test-d3a3f538-c6c2-4f10-a20e-7b95372822ec)&#xA;Aug 27 11:39:35.859: INFO: Unable to read jessie_tcp@PodARecord from pod dns-1879/dns-test-d3a3f538-c6c2-4f10-a20e-7b95372822ec: the server could not find the requested resource (get pods dns-test-d3a3f538-c6c2-4f10-a20e-7b95372822ec)&#xA;Aug 27 11:39:35.859: INFO: Lookups using dns-1879/dns-test-d3a3f538-c6c2-4f10-a20e-7b95372822ec failed for: [wheezy_udp@dns-test-service-2.dns-1879.svc.cluster.local wheezy_tcp@dns-test-service-2.dns-1879.svc.cluster.local wheezy_udp@PodARecord wheezy_tcp@PodARecord jessie_udp@dns-test-service-2.dns-1879.svc.cluster.local jessie_tcp@dns-test-service-2.dns-1879.svc.cluster.local jessie_udp@PodARecord jessie_tcp@PodARecord]&#xA;&#xA;Aug 27 11:39:40.798: INFO: Unable to read wheezy_udp@dns-test-service-2.dns-1879.svc.cluster.local from pod dns-1879/dns-test-d3a3f538-c6c2-4f10-a20e-7b95372822ec: the server could not find the requested resource (get pods dns-test-d3a3f538-c6c2-4f10-a20e-7b95372822ec)&#xA;Aug 27 11:39:40.810: INFO: Unable to read wheezy_tcp@dns-test-service-2.dns-1879.svc.cluster.local from pod dns-1879/dns-test-d3a3f538-c6c2-4f10-a20e-7b95372822ec: the server could not find the requested resource (get pods dns-test-d3a3f538-c6c2-4f10-a20e-7b95372822ec)&#xA;Aug 27 11:39:40.817: INFO: Unable to read wheezy_udp@PodARecord from pod dns-1879/dns-test-d3a3f538-c6c2-4f10-a20e-7b95372822ec: the server could not find the requested resource (get pods dns-test-d3a3f538-c6c2-4f10-a20e-7b95372822ec)&#xA;Aug 27 11:39:40.827: INFO: Unable to read wheezy_tcp@PodARecord from pod dns-1879/dns-test-d3a3f538-c6c2-4f10-a20e-7b95372822ec: the server could not find the requested resource (get pods dns-test-d3a3f538-c6c2-4f10-a20e-7b95372822ec)&#xA;Aug 27 11:39:40.840: INFO: Unable to read jessie_udp@dns-test-service-2.dns-1879.svc.cluster.local from pod dns-1879/dns-test-d3a3f538-c6c2-4f10-a20e-7b95372822ec: the server could not find the requested resource (get pods dns-test-d3a3f538-c6c2-4f10-a20e-7b95372822ec)&#xA;Aug 27 11:39:40.846: INFO: Unable to read jessie_tcp@dns-test-service-2.dns-1879.svc.cluster.local from pod dns-1879/dns-test-d3a3f538-c6c2-4f10-a20e-7b95372822ec: the server could not find the requested resource (get pods dns-test-d3a3f538-c6c2-4f10-a20e-7b95372822ec)&#xA;Aug 27 11:39:40.850: INFO: Unable to read jessie_udp@PodARecord from pod dns-1879/dns-test-d3a3f538-c6c2-4f10-a20e-7b95372822ec: the server could not find the requested resource (get pods dns-test-d3a3f538-c6c2-4f10-a20e-7b95372822ec)&#xA;Aug 27 11:39:40.855: INFO: Unable to read jessie_tcp@PodARecord from pod dns-1879/dns-test-d3a3f538-c6c2-4f10-a20e-7b95372822ec: the server could not find the requested resource (get pods dns-test-d3a3f538-c6c2-4f10-a20e-7b95372822ec)&#xA;Aug 27 11:39:40.855: INFO: Lookups using dns-1879/dns-test-d3a3f538-c6c2-4f10-a20e-7b95372822ec failed for: [wheezy_udp@dns-test-service-2.dns-1879.svc.cluster.local wheezy_tcp@dns-test-service-2.dns-1879.svc.cluster.local wheezy_udp@PodARecord wheezy_tcp@PodARecord jessie_udp@dns-test-service-2.dns-1879.svc.cluster.local jessie_tcp@dns-test-service-2.dns-1879.svc.cluster.local jessie_udp@PodARecord jessie_tcp@PodARecord]&#xA;&#xA;Aug 27 11:39:45.810: INFO: Unable to read wheezy_udp@dns-test-service-2.dns-1879.svc.cluster.local from pod dns-1879/dns-test-d3a3f538-c6c2-4f10-a20e-7b95372822ec: the server could not find the requested resource (get pods dns-test-d3a3f538-c6c2-4f10-a20e-7b95372822ec)&#xA;Aug 27 11:39:45.815: INFO: Unable to read wheezy_tcp@dns-test-service-2.dns-1879.svc.cluster.local from pod dns-1879/dns-test-d3a3f538-c6c2-4f10-a20e-7b95372822ec: the server could not find the requested resource (get pods dns-test-d3a3f538-c6c2-4f10-a20e-7b95372822ec)&#xA;Aug 27 11:39:45.819: INFO: Unable to read wheezy_udp@PodARecord from pod dns-1879/dns-test-d3a3f538-c6c2-4f10-a20e-7b95372822ec: the server could not find the requested resource (get pods dns-test-d3a3f538-c6c2-4f10-a20e-7b95372822ec)&#xA;Aug 27 11:39:45.822: INFO: Unable to read wheezy_tcp@PodARecord from pod dns-1879/dns-test-d3a3f538-c6c2-4f10-a20e-7b95372822ec: the server could not find the requested resource (get pods dns-test-d3a3f538-c6c2-4f10-a20e-7b95372822ec)&#xA;Aug 27 11:39:45.832: INFO: Unable to read jessie_udp@dns-test-service-2.dns-1879.svc.cluster.local from pod dns-1879/dns-test-d3a3f538-c6c2-4f10-a20e-7b95372822ec: the server could not find the requested resource (get pods dns-test-d3a3f538-c6c2-4f10-a20e-7b95372822ec)&#xA;Aug 27 11:39:45.844: INFO: Unable to read jessie_tcp@dns-test-service-2.dns-1879.svc.cluster.local from pod dns-1879/dns-test-d3a3f538-c6c2-4f10-a20e-7b95372822ec: the server could not find the requested resource (get pods dns-test-d3a3f538-c6c2-4f10-a20e-7b95372822ec)&#xA;Aug 27 11:39:45.855: INFO: Unable to read jessie_udp@PodARecord from pod dns-1879/dns-test-d3a3f538-c6c2-4f10-a20e-7b95372822ec: the server could not find the requested resource (get pods dns-test-d3a3f538-c6c2-4f10-a20e-7b95372822ec)&#xA;Aug 27 11:39:45.871: INFO: Unable to read jessie_tcp@PodARecord from pod dns-1879/dns-test-d3a3f538-c6c2-4f10-a20e-7b95372822ec: the server could not find the requested resource (get pods dns-test-d3a3f538-c6c2-4f10-a20e-7b95372822ec)&#xA;Aug 27 11:39:45.871: INFO: Lookups using dns-1879/dns-test-d3a3f538-c6c2-4f10-a20e-7b95372822ec failed for: [wheezy_udp@dns-test-service-2.dns-1879.svc.cluster.local wheezy_tcp@dns-test-service-2.dns-1879.svc.cluster.local wheezy_udp@PodARecord wheezy_tcp@PodARecord jessie_udp@dns-test-service-2.dns-1879.svc.cluster.local jessie_tcp@dns-test-service-2.dns-1879.svc.cluster.local jessie_udp@PodARecord jessie_tcp@PodARecord]&#xA;&#xA;Aug 27 11:39:50.786: INFO: Unable to read wheezy_udp@dns-test-service-2.dns-1879.svc.cluster.local from pod dns-1879/dns-test-d3a3f538-c6c2-4f10-a20e-7b95372822ec: the server could not find the requested resource (get pods dns-test-d3a3f538-c6c2-4f10-a20e-7b95372822ec)&#xA;Aug 27 11:39:50.790: INFO: Unable to read wheezy_tcp@dns-test-service-2.dns-1879.svc.cluster.local from pod dns-1879/dns-test-d3a3f538-c6c2-4f10-a20e-7b95372822ec: the server could not find the requested resource (get pods dns-test-d3a3f538-c6c2-4f10-a20e-7b95372822ec)&#xA;Aug 27 11:39:50.793: INFO: Unable to read wheezy_udp@PodARecord from pod dns-1879/dns-test-d3a3f538-c6c2-4f10-a20e-7b95372822ec: the server could not find the requested resource (get pods dns-test-d3a3f538-c6c2-4f10-a20e-7b95372822ec)&#xA;Aug 27 11:39:50.797: INFO: Unable to read wheezy_tcp@PodARecord from pod dns-1879/dns-test-d3a3f538-c6c2-4f10-a20e-7b95372822ec: the server could not find the requested resource (get pods dns-test-d3a3f538-c6c2-4f10-a20e-7b95372822ec)&#xA;Aug 27 11:39:50.807: INFO: Unable to read jessie_udp@dns-test-service-2.dns-1879.svc.cluster.local from pod dns-1879/dns-test-d3a3f538-c6c2-4f10-a20e-7b95372822ec: the server could not find the requested resource (get pods dns-test-d3a3f538-c6c2-4f10-a20e-7b95372822ec)&#xA;Aug 27 11:39:50.811: INFO: Unable to read jessie_tcp@dns-test-service-2.dns-1879.svc.cluster.local from pod dns-1879/dns-test-d3a3f538-c6c2-4f10-a20e-7b95372822ec: the server could not find the requested resource (get pods dns-test-d3a3f538-c6c2-4f10-a20e-7b95372822ec)&#xA;Aug 27 11:39:50.814: INFO: Unable to read jessie_udp@PodARecord from pod dns-1879/dns-test-d3a3f538-c6c2-4f10-a20e-7b95372822ec: the server could not find the requested resource (get pods dns-test-d3a3f538-c6c2-4f10-a20e-7b95372822ec)&#xA;Aug 27 11:39:50.817: INFO: Unable to read jessie_tcp@PodARecord from pod dns-1879/dns-test-d3a3f538-c6c2-4f10-a20e-7b95372822ec: the server could not find the requested resource (get pods dns-test-d3a3f538-c6c2-4f10-a20e-7b95372822ec)&#xA;Aug 27 11:39:50.817: INFO: Lookups using dns-1879/dns-test-d3a3f538-c6c2-4f10-a20e-7b95372822ec failed for: [wheezy_udp@dns-test-service-2.dns-1879.svc.cluster.local wheezy_tcp@dns-test-service-2.dns-1879.svc.cluster.local wheezy_udp@PodARecord wheezy_tcp@PodARecord jessie_udp@dns-test-service-2.dns-1879.svc.cluster.local jessie_tcp@dns-test-service-2.dns-1879.svc.cluster.local jessie_udp@PodARecord jessie_tcp@PodARecord]&#xA;&#xA;Aug 27 11:39:55.793: INFO: Unable to read wheezy_udp@dns-test-service-2.dns-1879.svc.cluster.local from pod dns-1879/dns-test-d3a3f538-c6c2-4f10-a20e-7b95372822ec: the server could not find the requested resource (get pods dns-test-d3a3f538-c6c2-4f10-a20e-7b95372822ec)&#xA;Aug 27 11:39:55.801: INFO: Unable to read wheezy_tcp@dns-test-service-2.dns-1879.svc.cluster.local from pod dns-1879/dns-test-d3a3f538-c6c2-4f10-a20e-7b95372822ec: the server could not find the requested resource (get pods dns-test-d3a3f538-c6c2-4f10-a20e-7b95372822ec)&#xA;Aug 27 11:39:55.805: INFO: Unable to read wheezy_udp@PodARecord from pod dns-1879/dns-test-d3a3f538-c6c2-4f10-a20e-7b95372822ec: the server could not find the requested resource (get pods dns-test-d3a3f538-c6c2-4f10-a20e-7b95372822ec)&#xA;Aug 27 11:39:55.809: INFO: Unable to read wheezy_tcp@PodARecord from pod dns-1879/dns-test-d3a3f538-c6c2-4f10-a20e-7b95372822ec: the server could not find the requested resource (get pods dns-test-d3a3f538-c6c2-4f10-a20e-7b95372822ec)&#xA;Aug 27 11:39:55.830: INFO: Unable to read jessie_udp@dns-test-service-2.dns-1879.svc.cluster.local from pod dns-1879/dns-test-d3a3f538-c6c2-4f10-a20e-7b95372822ec: the server could not find the requested resource (get pods dns-test-d3a3f538-c6c2-4f10-a20e-7b95372822ec)&#xA;Aug 27 11:39:55.866: INFO: Unable to read jessie_tcp@dns-test-service-2.dns-1879.svc.cluster.local from pod dns-1879/dns-test-d3a3f538-c6c2-4f10-a20e-7b95372822ec: the server could not find the requested resource (get pods dns-test-d3a3f538-c6c2-4f10-a20e-7b95372822ec)&#xA;Aug 27 11:39:55.869: INFO: Unable to read jessie_udp@PodARecord from pod dns-1879/dns-test-d3a3f538-c6c2-4f10-a20e-7b95372822ec: the server could not find the requested resource (get pods dns-test-d3a3f538-c6c2-4f10-a20e-7b95372822ec)&#xA;Aug 27 11:39:55.874: INFO: Unable to read jessie_tcp@PodARecord from pod dns-1879/dns-test-d3a3f538-c6c2-4f10-a20e-7b95372822ec: the server could not find the requested resource (get pods dns-test-d3a3f538-c6c2-4f10-a20e-7b95372822ec)&#xA;Aug 27 11:39:55.874: INFO: Lookups using dns-1879/dns-test-d3a3f538-c6c2-4f10-a20e-7b95372822ec failed for: [wheezy_udp@dns-test-service-2.dns-1879.svc.cluster.local wheezy_tcp@dns-test-service-2.dns-1879.svc.cluster.local wheezy_udp@PodARecord wheezy_tcp@PodARecord jessie_udp@dns-test-service-2.dns-1879.svc.cluster.local jessie_tcp@dns-test-service-2.dns-1879.svc.cluster.local jessie_udp@PodARecord jessie_tcp@PodARecord]&#xA;&#xA;Aug 27 11:40:00.797: INFO: Unable to read wheezy_udp@dns-test-service-2.dns-1879.svc.cluster.local from pod dns-1879/dns-test-d3a3f538-c6c2-4f10-a20e-7b95372822ec: the server could not find the requested resource (get pods dns-test-d3a3f538-c6c2-4f10-a20e-7b95372822ec)&#xA;Aug 27 11:40:00.801: INFO: Unable to read wheezy_tcp@dns-test-service-2.dns-1879.svc.cluster.local from pod dns-1879/dns-test-d3a3f538-c6c2-4f10-a20e-7b95372822ec: the server could not find the requested resource (get pods dns-test-d3a3f538-c6c2-4f10-a20e-7b95372822ec)&#xA;Aug 27 11:40:00.815: INFO: Unable to read wheezy_udp@PodARecord from pod dns-1879/dns-test-d3a3f538-c6c2-4f10-a20e-7b95372822ec: the server could not find the requested resource (get pods dns-test-d3a3f538-c6c2-4f10-a20e-7b95372822ec)&#xA;Aug 27 11:40:00.819: INFO: Unable to read wheezy_tcp@PodARecord from pod dns-1879/dns-test-d3a3f538-c6c2-4f10-a20e-7b95372822ec: the server could not find the requested resource (get pods dns-test-d3a3f538-c6c2-4f10-a20e-7b95372822ec)&#xA;Aug 27 11:40:00.830: INFO: Unable to read jessie_udp@dns-test-service-2.dns-1879.svc.cluster.local from pod dns-1879/dns-test-d3a3f538-c6c2-4f10-a20e-7b95372822ec: the server could not find the requested resource (get pods dns-test-d3a3f538-c6c2-4f10-a20e-7b95372822ec)&#xA;Aug 27 11:40:00.843: INFO: Unable to read jessie_tcp@dns-test-service-2.dns-1879.svc.cluster.local from pod dns-1879/dns-test-d3a3f538-c6c2-4f10-a20e-7b95372822ec: the server could not find the requested resource (get pods dns-test-d3a3f538-c6c2-4f10-a20e-7b95372822ec)&#xA;Aug 27 11:40:00.855: INFO: Unable to read jessie_udp@PodARecord from pod dns-1879/dns-test-d3a3f538-c6c2-4f10-a20e-7b95372822ec: the server could not find the requested resource (get pods dns-test-d3a3f538-c6c2-4f10-a20e-7b95372822ec)&#xA;Aug 27 11:40:00.864: INFO: Unable to read jessie_tcp@PodARecord from pod dns-1879/dns-test-d3a3f538-c6c2-4f10-a20e-7b95372822ec: the server could not find the requested resource (get pods dns-test-d3a3f538-c6c2-4f10-a20e-7b95372822ec)&#xA;Aug 27 11:40:00.864: INFO: Lookups using dns-1879/dns-test-d3a3f538-c6c2-4f10-a20e-7b95372822ec failed for: [wheezy_udp@dns-test-service-2.dns-1879.svc.cluster.local wheezy_tcp@dns-test-service-2.dns-1879.svc.cluster.local wheezy_udp@PodARecord wheezy_tcp@PodARecord jessie_udp@dns-test-service-2.dns-1879.svc.cluster.local jessie_tcp@dns-test-service-2.dns-1879.svc.cluster.local jessie_udp@PodARecord jessie_tcp@PodARecord]&#xA;&#xA;Aug 27 11:40:05.892: INFO: Unable to read wheezy_udp@dns-test-service-2.dns-1879.svc.cluster.local from pod dns-1879/dns-test-d3a3f538-c6c2-4f10-a20e-7b95372822ec: the server could not find the requested resource (get pods dns-test-d3a3f538-c6c2-4f10-a20e-7b95372822ec)&#xA;Aug 27 11:40:05.918: INFO: Unable to read wheezy_tcp@dns-test-service-2.dns-1879.svc.cluster.local from pod dns-1879/dns-test-d3a3f538-c6c2-4f10-a20e-7b95372822ec: the server could not find the requested resource (get pods dns-test-d3a3f538-c6c2-4f10-a20e-7b95372822ec)&#xA;Aug 27 11:40:05.924: INFO: Unable to read wheezy_udp@PodARecord from pod dns-1879/dns-test-d3a3f538-c6c2-4f10-a20e-7b95372822ec: the server could not find the requested resource (get pods dns-test-d3a3f538-c6c2-4f10-a20e-7b95372822ec)&#xA;Aug 27 11:40:05.932: INFO: Unable to read wheezy_tcp@PodARecord from pod dns-1879/dns-test-d3a3f538-c6c2-4f10-a20e-7b95372822ec: the server could not find the requested resource (get pods dns-test-d3a3f538-c6c2-4f10-a20e-7b95372822ec)&#xA;Aug 27 11:40:05.947: INFO: Unable to read jessie_udp@dns-test-service-2.dns-1879.svc.cluster.local from pod dns-1879/dns-test-d3a3f538-c6c2-4f10-a20e-7b95372822ec: the server could not find the requested resource (get pods dns-test-d3a3f538-c6c2-4f10-a20e-7b95372822ec)&#xA;Aug 27 11:40:05.951: INFO: Unable to read jessie_tcp@dns-test-service-2.dns-1879.svc.cluster.local from pod dns-1879/dns-test-d3a3f538-c6c2-4f10-a20e-7b95372822ec: the server could not find the requested resource (get pods dns-test-d3a3f538-c6c2-4f10-a20e-7b95372822ec)&#xA;Aug 27 11:40:05.954: INFO: Unable to read jessie_udp@PodARecord from pod dns-1879/dns-test-d3a3f538-c6c2-4f10-a20e-7b95372822ec: the server could not find the requested resource (get pods dns-test-d3a3f538-c6c2-4f10-a20e-7b95372822ec)&#xA;Aug 27 11:40:05.959: INFO: Unable to read jessie_tcp@PodARecord from pod dns-1879/dns-test-d3a3f538-c6c2-4f10-a20e-7b95372822ec: the server could not find the requested resource (get pods dns-test-d3a3f538-c6c2-4f10-a20e-7b95372822ec)&#xA;Aug 27 11:40:05.959: INFO: Lookups using dns-1879/dns-test-d3a3f538-c6c2-4f10-a20e-7b95372822ec failed for: [wheezy_udp@dns-test-service-2.dns-1879.svc.cluster.local wheezy_tcp@dns-test-service-2.dns-1879.svc.cluster.local wheezy_udp@PodARecord wheezy_tcp@PodARecord jessie_udp@dns-test-service-2.dns-1879.svc.cluster.local jessie_tcp@dns-test-service-2.dns-1879.svc.cluster.local jessie_udp@PodARecord jessie_tcp@PodARecord]&#xA;&#xA;Aug 27 11:40:10.808: INFO: Unable to read wheezy_udp@dns-test-service-2.dns-1879.svc.cluster.local from pod dns-1879/dns-test-d3a3f538-c6c2-4f10-a20e-7b95372822ec: the server could not find the requested resource (get pods dns-test-d3a3f538-c6c2-4f10-a20e-7b95372822ec)&#xA;Aug 27 11:40:10.815: INFO: Unable to read wheezy_tcp@dns-test-service-2.dns-1879.svc.cluster.local from pod dns-1879/dns-test-d3a3f538-c6c2-4f10-a20e-7b95372822ec: the server could not find the requested resource (get pods dns-test-d3a3f538-c6c2-4f10-a20e-7b95372822ec)&#xA;Aug 27 11:40:10.826: INFO: Unable to read wheezy_udp@PodARecord from pod dns-1879/dns-test-d3a3f538-c6c2-4f10-a20e-7b95372822ec: the server could not find the requested resource (get pods dns-test-d3a3f538-c6c2-4f10-a20e-7b95372822ec)&#xA;Aug 27 11:40:10.831: INFO: Unable to read wheezy_tcp@PodARecord from pod dns-1879/dns-test-d3a3f538-c6c2-4f10-a20e-7b95372822ec: the server could not find the requested resource (get pods dns-test-d3a3f538-c6c2-4f10-a20e-7b95372822ec)&#xA;Aug 27 11:40:10.867: INFO: Unable to read jessie_udp@dns-test-service-2.dns-1879.svc.cluster.local from pod dns-1879/dns-test-d3a3f538-c6c2-4f10-a20e-7b95372822ec: the server could not find the requested resource (get pods dns-test-d3a3f538-c6c2-4f10-a20e-7b95372822ec)&#xA;Aug 27 11:40:10.871: INFO: Unable to read jessie_tcp@dns-test-service-2.dns-1879.svc.cluster.local from pod dns-1879/dns-test-d3a3f538-c6c2-4f10-a20e-7b95372822ec: the server could not find the requested resource (get pods dns-test-d3a3f538-c6c2-4f10-a20e-7b95372822ec)&#xA;Aug 27 11:40:10.876: INFO: Unable to read jessie_udp@PodARecord from pod dns-1879/dns-test-d3a3f538-c6c2-4f10-a20e-7b95372822ec: the server could not find the requested resource (get pods dns-test-d3a3f538-c6c2-4f10-a20e-7b95372822ec)&#xA;Aug 27 11:40:10.883: INFO: Unable to read jessie_tcp@PodARecord from pod dns-1879/dns-test-d3a3f538-c6c2-4f10-a20e-7b95372822ec: the server could not find the requested resource (get pods dns-test-d3a3f538-c6c2-4f10-a20e-7b95372822ec)&#xA;Aug 27 11:40:10.883: INFO: Lookups using dns-1879/dns-test-d3a3f538-c6c2-4f10-a20e-7b95372822ec failed for: [wheezy_udp@dns-test-service-2.dns-1879.svc.cluster.local wheezy_tcp@dns-test-service-2.dns-1879.svc.cluster.local wheezy_udp@PodARecord wheezy_tcp@PodARecord jessie_udp@dns-test-service-2.dns-1879.svc.cluster.local jessie_tcp@dns-test-service-2.dns-1879.svc.cluster.local jessie_udp@PodARecord jessie_tcp@PodARecord]&#xA;&#xA;Aug 27 11:40:15.811: INFO: Unable to read wheezy_udp@dns-test-service-2.dns-1879.svc.cluster.local from pod dns-1879/dns-test-d3a3f538-c6c2-4f10-a20e-7b95372822ec: the server could not find the requested resource (get pods dns-test-d3a3f538-c6c2-4f10-a20e-7b95372822ec)&#xA;Aug 27 11:40:15.829: INFO: Unable to read wheezy_tcp@dns-test-service-2.dns-1879.svc.cluster.local from pod dns-1879/dns-test-d3a3f538-c6c2-4f10-a20e-7b95372822ec: the server could not find the requested resource (get pods dns-test-d3a3f538-c6c2-4f10-a20e-7b95372822ec)&#xA;Aug 27 11:40:15.839: INFO: Unable to read wheezy_udp@PodARecord from pod dns-1879/dns-test-d3a3f538-c6c2-4f10-a20e-7b95372822ec: the server could not find the requested resource (get pods dns-test-d3a3f538-c6c2-4f10-a20e-7b95372822ec)&#xA;Aug 27 11:40:15.858: INFO: Unable to read wheezy_tcp@PodARecord from pod dns-1879/dns-test-d3a3f538-c6c2-4f10-a20e-7b95372822ec: the server could not find the requested resource (get pods dns-test-d3a3f538-c6c2-4f10-a20e-7b95372822ec)&#xA;Aug 27 11:40:15.935: INFO: Unable to read jessie_udp@dns-test-service-2.dns-1879.svc.cluster.local from pod dns-1879/dns-test-d3a3f538-c6c2-4f10-a20e-7b95372822ec: the server could not find the requested resource (get pods dns-test-d3a3f538-c6c2-4f10-a20e-7b95372822ec)&#xA;Aug 27 11:40:15.947: INFO: Unable to read jessie_tcp@dns-test-service-2.dns-1879.svc.cluster.local from pod dns-1879/dns-test-d3a3f538-c6c2-4f10-a20e-7b95372822ec: the server could not find the requested resource (get pods dns-test-d3a3f538-c6c2-4f10-a20e-7b95372822ec)&#xA;Aug 27 11:40:15.951: INFO: Unable to read jessie_udp@PodARecord from pod dns-1879/dns-test-d3a3f538-c6c2-4f10-a20e-7b95372822ec: the server could not find the requested resource (get pods dns-test-d3a3f538-c6c2-4f10-a20e-7b95372822ec)&#xA;Aug 27 11:40:15.960: INFO: Unable to read jessie_tcp@PodARecord from pod dns-1879/dns-test-d3a3f538-c6c2-4f10-a20e-7b95372822ec: the server could not find the requested resource (get pods dns-test-d3a3f538-c6c2-4f10-a20e-7b95372822ec)&#xA;Aug 27 11:40:15.960: INFO: Lookups using dns-1879/dns-test-d3a3f538-c6c2-4f10-a20e-7b95372822ec failed for: [wheezy_udp@dns-test-service-2.dns-1879.svc.cluster.local wheezy_tcp@dns-test-service-2.dns-1879.svc.cluster.local wheezy_udp@PodARecord wheezy_tcp@PodARecord jessie_udp@dns-test-service-2.dns-1879.svc.cluster.local jessie_tcp@dns-test-service-2.dns-1879.svc.cluster.local jessie_udp@PodARecord jessie_tcp@PodARecord]&#xA;&#xA;Aug 27 11:40:20.787: INFO: Unable to read wheezy_udp@dns-test-service-2.dns-1879.svc.cluster.local from pod dns-1879/dns-test-d3a3f538-c6c2-4f10-a20e-7b95372822ec: the server could not find the requested resource (get pods dns-test-d3a3f538-c6c2-4f10-a20e-7b95372822ec)&#xA;Aug 27 11:40:20.791: INFO: Unable to read wheezy_tcp@dns-test-service-2.dns-1879.svc.cluster.local from pod dns-1879/dns-test-d3a3f538-c6c2-4f10-a20e-7b95372822ec: the server could not find the requested resource (get pods dns-test-d3a3f538-c6c2-4f10-a20e-7b95372822ec)&#xA;Aug 27 11:40:20.795: INFO: Unable to read wheezy_udp@PodARecord from pod dns-1879/dns-test-d3a3f538-c6c2-4f10-a20e-7b95372822ec: the server could not find the requested resource (get pods dns-test-d3a3f538-c6c2-4f10-a20e-7b95372822ec)&#xA;Aug 27 11:40:20.799: INFO: Unable to read wheezy_tcp@PodARecord from pod dns-1879/dns-test-d3a3f538-c6c2-4f10-a20e-7b95372822ec: the server could not find the requested resource (get pods dns-test-d3a3f538-c6c2-4f10-a20e-7b95372822ec)&#xA;Aug 27 11:40:20.809: INFO: Unable to read jessie_udp@dns-test-service-2.dns-1879.svc.cluster.local from pod dns-1879/dns-test-d3a3f538-c6c2-4f10-a20e-7b95372822ec: the server could not find the requested resource (get pods dns-test-d3a3f538-c6c2-4f10-a20e-7b95372822ec)&#xA;Aug 27 11:40:20.812: INFO: Unable to read jessie_tcp@dns-test-service-2.dns-1879.svc.cluster.local from pod dns-1879/dns-test-d3a3f538-c6c2-4f10-a20e-7b95372822ec: the server could not find the requested resource (get pods dns-test-d3a3f538-c6c2-4f10-a20e-7b95372822ec)&#xA;Aug 27 11:40:20.819: INFO: Unable to read jessie_udp@PodARecord from pod dns-1879/dns-test-d3a3f538-c6c2-4f10-a20e-7b95372822ec: the server could not find the requested resource (get pods dns-test-d3a3f538-c6c2-4f10-a20e-7b95372822ec)&#xA;Aug 27 11:40:20.822: INFO: Unable to read jessie_tcp@PodARecord from pod dns-1879/dns-test-d3a3f538-c6c2-4f10-a20e-7b95372822ec: the server could not find the requested resource (get pods dns-test-d3a3f538-c6c2-4f10-a20e-7b95372822ec)&#xA;Aug 27 11:40:20.822: INFO: Lookups using dns-1879/dns-test-d3a3f538-c6c2-4f10-a20e-7b95372822ec failed for: [wheezy_udp@dns-test-service-2.dns-1879.svc.cluster.local wheezy_tcp@dns-test-service-2.dns-1879.svc.cluster.local wheezy_udp@PodARecord wheezy_tcp@PodARecord jessie_udp@dns-test-service-2.dns-1879.svc.cluster.local jessie_tcp@dns-test-service-2.dns-1879.svc.cluster.local jessie_udp@PodARecord jessie_tcp@PodARecord]&#xA;&#xA;Aug 27 11:40:25.806: INFO: Unable to read wheezy_udp@dns-test-service-2.dns-1879.svc.cluster.local from pod dns-1879/dns-test-d3a3f538-c6c2-4f10-a20e-7b95372822ec: the server could not find the requested resource (get pods dns-test-d3a3f538-c6c2-4f10-a20e-7b95372822ec)&#xA;Aug 27 11:40:25.812: INFO: Unable to read wheezy_tcp@dns-test-service-2.dns-1879.svc.cluster.local from pod dns-1879/dns-test-d3a3f538-c6c2-4f10-a20e-7b95372822ec: the server could not find the requested resource (get pods dns-test-d3a3f538-c6c2-4f10-a20e-7b95372822ec)&#xA;Aug 27 11:40:25.816: INFO: Unable to read wheezy_udp@PodARecord from pod dns-1879/dns-test-d3a3f538-c6c2-4f10-a20e-7b95372822ec: the server could not find the requested resource (get pods dns-test-d3a3f538-c6c2-4f10-a20e-7b95372822ec)&#xA;Aug 27 11:40:25.820: INFO: Unable to read wheezy_tcp@PodARecord from pod dns-1879/dns-test-d3a3f538-c6c2-4f10-a20e-7b95372822ec: the server could not find the requested resource (get pods dns-test-d3a3f538-c6c2-4f10-a20e-7b95372822ec)&#xA;Aug 27 11:40:25.846: INFO: Unable to read jessie_udp@dns-test-service-2.dns-1879.svc.cluster.local from pod dns-1879/dns-test-d3a3f538-c6c2-4f10-a20e-7b95372822ec: the server could not find the requested resource (get pods dns-test-d3a3f538-c6c2-4f10-a20e-7b95372822ec)&#xA;Aug 27 11:40:25.851: INFO: Unable to read jessie_tcp@dns-test-service-2.dns-1879.svc.cluster.local from pod dns-1879/dns-test-d3a3f538-c6c2-4f10-a20e-7b95372822ec: the server could not find the requested resource (get pods dns-test-d3a3f538-c6c2-4f10-a20e-7b95372822ec)&#xA;Aug 27 11:40:25.875: INFO: Unable to read jessie_udp@PodARecord from pod dns-1879/dns-test-d3a3f538-c6c2-4f10-a20e-7b95372822ec: the server could not find the requested resource (get pods dns-test-d3a3f538-c6c2-4f10-a20e-7b95372822ec)&#xA;Aug 27 11:40:25.879: INFO: Unable to read jessie_tcp@PodARecord from pod dns-1879/dns-test-d3a3f538-c6c2-4f10-a20e-7b95372822ec: the server could not find the requested resource (get pods dns-test-d3a3f538-c6c2-4f10-a20e-7b95372822ec)&#xA;Aug 27 11:40:25.879: INFO: Lookups using dns-1879/dns-test-d3a3f538-c6c2-4f10-a20e-7b95372822ec failed for: [wheezy_udp@dns-test-service-2.dns-1879.svc.cluster.local wheezy_tcp@dns-test-service-2.dns-1879.svc.cluster.local wheezy_udp@PodARecord wheezy_tcp@PodARecord jessie_udp@dns-test-service-2.dns-1879.svc.cluster.local jessie_tcp@dns-test-service-2.dns-1879.svc.cluster.local jessie_udp@PodARecord jessie_tcp@PodARecord]&#xA;&#xA;Aug 27 11:40:30.792: INFO: Unable to read wheezy_udp@dns-test-service-2.dns-1879.svc.cluster.local from pod dns-1879/dns-test-d3a3f538-c6c2-4f10-a20e-7b95372822ec: the server could not find the requested resource (get pods dns-test-d3a3f538-c6c2-4f10-a20e-7b95372822ec)&#xA;Aug 27 11:40:30.797: INFO: Unable to read wheezy_tcp@dns-test-service-2.dns-1879.svc.cluster.local from pod dns-1879/dns-test-d3a3f538-c6c2-4f10-a20e-7b95372822ec: the server could not find the requested resource (get pods dns-test-d3a3f538-c6c2-4f10-a20e-7b95372822ec)&#xA;Aug 27 11:40:30.803: INFO: Unable to read wheezy_udp@PodARecord from pod dns-1879/dns-test-d3a3f538-c6c2-4f10-a20e-7b95372822ec: the server could not find the requested resource (get pods dns-test-d3a3f538-c6c2-4f10-a20e-7b95372822ec)&#xA;Aug 27 11:40:30.807: INFO: Unable to read wheezy_tcp@PodARecord from pod dns-1879/dns-test-d3a3f538-c6c2-4f10-a20e-7b95372822ec: the server could not find the requested resource (get pods dns-test-d3a3f538-c6c2-4f10-a20e-7b95372822ec)&#xA;Aug 27 11:40:30.868: INFO: Unable to read jessie_udp@dns-test-service-2.dns-1879.svc.cluster.local from pod dns-1879/dns-test-d3a3f538-c6c2-4f10-a20e-7b95372822ec: the server could not find the requested resource (get pods dns-test-d3a3f538-c6c2-4f10-a20e-7b95372822ec)&#xA;Aug 27 11:40:30.873: INFO: Unable to read jessie_tcp@dns-test-service-2.dns-1879.svc.cluster.local from pod dns-1879/dns-test-d3a3f538-c6c2-4f10-a20e-7b95372822ec: the server could not find the requested resource (get pods dns-test-d3a3f538-c6c2-4f10-a20e-7b95372822ec)&#xA;Aug 27 11:40:30.883: INFO: Unable to read jessie_udp@PodARecord from pod dns-1879/dns-test-d3a3f538-c6c2-4f10-a20e-7b95372822ec: the server could not find the requested resource (get pods dns-test-d3a3f538-c6c2-4f10-a20e-7b95372822ec)&#xA;Aug 27 11:40:30.888: INFO: Unable to read jessie_tcp@PodARecord from pod dns-1879/dns-test-d3a3f538-c6c2-4f10-a20e-7b95372822ec: the server could not find the requested resource (get pods dns-test-d3a3f538-c6c2-4f10-a20e-7b95372822ec)&#xA;Aug 27 11:40:30.888: INFO: Lookups using dns-1879/dns-test-d3a3f538-c6c2-4f10-a20e-7b95372822ec failed for: [wheezy_udp@dns-test-service-2.dns-1879.svc.cluster.local wheezy_tcp@dns-test-service-2.dns-1879.svc.cluster.local wheezy_udp@PodARecord wheezy_tcp@PodARecord jessie_udp@dns-test-service-2.dns-1879.svc.cluster.local jessie_tcp@dns-test-service-2.dns-1879.svc.cluster.local jessie_udp@PodARecord jessie_tcp@PodARecord]&#xA;&#xA;Aug 27 11:40:35.791: INFO: Unable to read wheezy_udp@dns-test-service-2.dns-1879.svc.cluster.local from pod dns-1879/dns-test-d3a3f538-c6c2-4f10-a20e-7b95372822ec: the server could not find the requested resource (get pods dns-test-d3a3f538-c6c2-4f10-a20e-7b95372822ec)&#xA;Aug 27 11:40:35.794: INFO: Unable to read wheezy_tcp@dns-test-service-2.dns-1879.svc.cluster.local from pod dns-1879/dns-test-d3a3f538-c6c2-4f10-a20e-7b95372822ec: the server could not find the requested resource (get pods dns-test-d3a3f538-c6c2-4f10-a20e-7b95372822ec)&#xA;Aug 27 11:40:35.798: INFO: Unable to read wheezy_udp@PodARecord from pod dns-1879/dns-test-d3a3f538-c6c2-4f10-a20e-7b95372822ec: the server could not find the requested resource (get pods dns-test-d3a3f538-c6c2-4f10-a20e-7b95372822ec)&#xA;Aug 27 11:40:35.803: INFO: Unable to read wheezy_tcp@PodARecord from pod dns-1879/dns-test-d3a3f538-c6c2-4f10-a20e-7b95372822ec: the server could not find the requested resource (get pods dns-test-d3a3f538-c6c2-4f10-a20e-7b95372822ec)&#xA;Aug 27 11:40:35.849: INFO: Unable to read jessie_udp@dns-test-service-2.dns-1879.svc.cluster.local from pod dns-1879/dns-test-d3a3f538-c6c2-4f10-a20e-7b95372822ec: the server could not find the requested resource (get pods dns-test-d3a3f538-c6c2-4f10-a20e-7b95372822ec)&#xA;Aug 27 11:40:35.853: INFO: Unable to read jessie_tcp@dns-test-service-2.dns-1879.svc.cluster.local from pod dns-1879/dns-test-d3a3f538-c6c2-4f10-a20e-7b95372822ec: the server could not find the requested resource (get pods dns-test-d3a3f538-c6c2-4f10-a20e-7b95372822ec)&#xA;Aug 27 11:40:35.862: INFO: Unable to read jessie_udp@PodARecord from pod dns-1879/dns-test-d3a3f538-c6c2-4f10-a20e-7b95372822ec: the server could not find the requested resource (get pods dns-test-d3a3f538-c6c2-4f10-a20e-7b95372822ec)&#xA;Aug 27 11:40:35.872: INFO: Unable to read jessie_tcp@PodARecord from pod dns-1879/dns-test-d3a3f538-c6c2-4f10-a20e-7b95372822ec: the server could not find the requested resource (get pods dns-test-d3a3f538-c6c2-4f10-a20e-7b95372822ec)&#xA;Aug 27 11:40:35.872: INFO: Lookups using dns-1879/dns-test-d3a3f538-c6c2-4f10-a20e-7b95372822ec failed for: [wheezy_udp@dns-test-service-2.dns-1879.svc.cluster.local wheezy_tcp@dns-test-service-2.dns-1879.svc.cluster.local wheezy_udp@PodARecord wheezy_tcp@PodARecord jessie_udp@dns-test-service-2.dns-1879.svc.cluster.local jessie_tcp@dns-test-service-2.dns-1879.svc.cluster.local jessie_udp@PodARecord jessie_tcp@PodARecord]&#xA;&#xA;Aug 27 11:40:40.794: INFO: Unable to read wheezy_udp@dns-test-service-2.dns-1879.svc.cluster.local from pod dns-1879/dns-test-d3a3f538-c6c2-4f10-a20e-7b95372822ec: the server could not find the requested resource (get pods dns-test-d3a3f538-c6c2-4f10-a20e-7b95372822ec)&#xA;Aug 27 11:40:40.809: INFO: Unable to read wheezy_tcp@dns-test-service-2.dns-1879.svc.cluster.local from pod dns-1879/dns-test-d3a3f538-c6c2-4f10-a20e-7b95372822ec: the server could not find the requested resource (get pods dns-test-d3a3f538-c6c2-4f10-a20e-7b95372822ec)&#xA;Aug 27 11:40:40.813: INFO: Unable to read wheezy_udp@PodARecord from pod dns-1879/dns-test-d3a3f538-c6c2-4f10-a20e-7b95372822ec: the server could not find the requested resource (get pods dns-test-d3a3f538-c6c2-4f10-a20e-7b95372822ec)&#xA;Aug 27 11:40:40.818: INFO: Unable to read wheezy_tcp@PodARecord from pod dns-1879/dns-test-d3a3f538-c6c2-4f10-a20e-7b95372822ec: the server could not find the requested resource (get pods dns-test-d3a3f538-c6c2-4f10-a20e-7b95372822ec)&#xA;Aug 27 11:40:40.834: INFO: Unable to read jessie_udp@dns-test-service-2.dns-1879.svc.cluster.local from pod dns-1879/dns-test-d3a3f538-c6c2-4f10-a20e-7b95372822ec: the server could not find the requested resource (get pods dns-test-d3a3f538-c6c2-4f10-a20e-7b95372822ec)&#xA;Aug 27 11:40:40.838: INFO: Unable to read jessie_tcp@dns-test-service-2.dns-1879.svc.cluster.local from pod dns-1879/dns-test-d3a3f538-c6c2-4f10-a20e-7b95372822ec: the server could not find the requested resource (get pods dns-test-d3a3f538-c6c2-4f10-a20e-7b95372822ec)&#xA;Aug 27 11:40:40.844: INFO: Unable to read jessie_udp@PodARecord from pod dns-1879/dns-test-d3a3f538-c6c2-4f10-a20e-7b95372822ec: the server could not find the requested resource (get pods dns-test-d3a3f538-c6c2-4f10-a20e-7b95372822ec)&#xA;Aug 27 11:40:40.848: INFO: Unable to read jessie_tcp@PodARecord from pod dns-1879/dns-test-d3a3f538-c6c2-4f10-a20e-7b95372822ec: the server could not find the requested resource (get pods dns-test-d3a3f538-c6c2-4f10-a20e-7b95372822ec)&#xA;Aug 27 11:40:40.848: INFO: Lookups using dns-1879/dns-test-d3a3f538-c6c2-4f10-a20e-7b95372822ec failed for: [wheezy_udp@dns-test-service-2.dns-1879.svc.cluster.local wheezy_tcp@dns-test-service-2.dns-1879.svc.cluster.local wheezy_udp@PodARecord wheezy_tcp@PodARecord jessie_udp@dns-test-service-2.dns-1879.svc.cluster.local jessie_tcp@dns-test-service-2.dns-1879.svc.cluster.local jessie_udp@PodARecord jessie_tcp@PodARecord]&#xA;&#xA;Aug 27 11:40:45.816: INFO: Unable to read wheezy_udp@dns-test-service-2.dns-1879.svc.cluster.local from pod dns-1879/dns-test-d3a3f538-c6c2-4f10-a20e-7b95372822ec: the server could not find the requested resource (get pods dns-test-d3a3f538-c6c2-4f10-a20e-7b95372822ec)&#xA;Aug 27 11:40:45.838: INFO: Unable to read wheezy_tcp@dns-test-service-2.dns-1879.svc.cluster.local from pod dns-1879/dns-test-d3a3f538-c6c2-4f10-a20e-7b95372822ec: the server could not find the requested resource (get pods dns-test-d3a3f538-c6c2-4f10-a20e-7b95372822ec)&#xA;Aug 27 11:40:45.852: INFO: Unable to read wheezy_udp@PodARecord from pod dns-1879/dns-test-d3a3f538-c6c2-4f10-a20e-7b95372822ec: the server could not find the requested resource (get pods dns-test-d3a3f538-c6c2-4f10-a20e-7b95372822ec)&#xA;Aug 27 11:40:45.858: INFO: Unable to read wheezy_tcp@PodARecord from pod dns-1879/dns-test-d3a3f538-c6c2-4f10-a20e-7b95372822ec: the server could not find the requested resource (get pods dns-test-d3a3f538-c6c2-4f10-a20e-7b95372822ec)&#xA;Aug 27 11:40:45.926: INFO: Unable to read jessie_udp@dns-test-service-2.dns-1879.svc.cluster.local from pod dns-1879/dns-test-d3a3f538-c6c2-4f10-a20e-7b95372822ec: the server could not find the requested resource (get pods dns-test-d3a3f538-c6c2-4f10-a20e-7b95372822ec)&#xA;Aug 27 11:40:45.936: INFO: Unable to read jessie_tcp@dns-test-service-2.dns-1879.svc.cluster.local from pod dns-1879/dns-test-d3a3f538-c6c2-4f10-a20e-7b95372822ec: the server could not find the requested resource (get pods dns-test-d3a3f538-c6c2-4f10-a20e-7b95372822ec)&#xA;Aug 27 11:40:45.941: INFO: Unable to read jessie_udp@PodARecord from pod dns-1879/dns-test-d3a3f538-c6c2-4f10-a20e-7b95372822ec: the server could not find the requested resource (get pods dns-test-d3a3f538-c6c2-4f10-a20e-7b95372822ec)&#xA;Aug 27 11:40:45.945: INFO: Unable to read jessie_tcp@PodARecord from pod dns-1879/dns-test-d3a3f538-c6c2-4f10-a20e-7b95372822ec: the server could not find the requested resource (get pods dns-test-d3a3f538-c6c2-4f10-a20e-7b95372822ec)&#xA;Aug 27 11:40:45.945: INFO: Lookups using dns-1879/dns-test-d3a3f538-c6c2-4f10-a20e-7b95372822ec failed for: [wheezy_udp@dns-test-service-2.dns-1879.svc.cluster.local wheezy_tcp@dns-test-service-2.dns-1879.svc.cluster.local wheezy_udp@PodARecord wheezy_tcp@PodARecord jessie_udp@dns-test-service-2.dns-1879.svc.cluster.local jessie_tcp@dns-test-service-2.dns-1879.svc.cluster.local jessie_udp@PodARecord jessie_tcp@PodARecord]&#xA;&#xA;Aug 27 11:40:50.790: INFO: Unable to read wheezy_udp@dns-test-service-2.dns-1879.svc.cluster.local from pod dns-1879/dns-test-d3a3f538-c6c2-4f10-a20e-7b95372822ec: the server could not find the requested resource (get pods dns-test-d3a3f538-c6c2-4f10-a20e-7b95372822ec)&#xA;Aug 27 11:40:50.795: INFO: Unable to read wheezy_tcp@dns-test-service-2.dns-1879.svc.cluster.local from pod dns-1879/dns-test-d3a3f538-c6c2-4f10-a20e-7b95372822ec: the server could not find the requested resource (get pods dns-test-d3a3f538-c6c2-4f10-a20e-7b95372822ec)&#xA;Aug 27 11:40:50.803: INFO: Unable to read wheezy_udp@PodARecord from pod dns-1879/dns-test-d3a3f538-c6c2-4f10-a20e-7b95372822ec: the server could not find the requested resource (get pods dns-test-d3a3f538-c6c2-4f10-a20e-7b95372822ec)&#xA;Aug 27 11:40:50.807: INFO: Unable to read wheezy_tcp@PodARecord from pod dns-1879/dns-test-d3a3f538-c6c2-4f10-a20e-7b95372822ec: the server could not find the requested resource (get pods dns-test-d3a3f538-c6c2-4f10-a20e-7b95372822ec)&#xA;Aug 27 11:40:50.837: INFO: Unable to read jessie_udp@dns-test-service-2.dns-1879.svc.cluster.local from pod dns-1879/dns-test-d3a3f538-c6c2-4f10-a20e-7b95372822ec: the server could not find the requested resource (get pods dns-test-d3a3f538-c6c2-4f10-a20e-7b95372822ec)&#xA;Aug 27 11:40:50.842: INFO: Unable to read jessie_tcp@dns-test-service-2.dns-1879.svc.cluster.local from pod dns-1879/dns-test-d3a3f538-c6c2-4f10-a20e-7b95372822ec: the server could not find the requested resource (get pods dns-test-d3a3f538-c6c2-4f10-a20e-7b95372822ec)&#xA;Aug 27 11:40:50.846: INFO: Unable to read jessie_udp@PodARecord from pod dns-1879/dns-test-d3a3f538-c6c2-4f10-a20e-7b95372822ec: the server could not find the requested resource (get pods dns-test-d3a3f538-c6c2-4f10-a20e-7b95372822ec)&#xA;Aug 27 11:40:50.853: INFO: Unable to read jessie_tcp@PodARecord from pod dns-1879/dns-test-d3a3f538-c6c2-4f10-a20e-7b95372822ec: the server could not find the requested resource (get pods dns-test-d3a3f538-c6c2-4f10-a20e-7b95372822ec)&#xA;Aug 27 11:40:50.853: INFO: Lookups using dns-1879/dns-test-d3a3f538-c6c2-4f10-a20e-7b95372822ec failed for: [wheezy_udp@dns-test-service-2.dns-1879.svc.cluster.local wheezy_tcp@dns-test-service-2.dns-1879.svc.cluster.local wheezy_udp@PodARecord wheezy_tcp@PodARecord jessie_udp@dns-test-service-2.dns-1879.svc.cluster.local jessie_tcp@dns-test-service-2.dns-1879.svc.cluster.local jessie_udp@PodARecord jessie_tcp@PodARecord]&#xA;&#xA;Aug 27 11:40:55.788: INFO: Unable to read wheezy_udp@dns-test-service-2.dns-1879.svc.cluster.local from pod dns-1879/dns-test-d3a3f538-c6c2-4f10-a20e-7b95372822ec: the server could not find the requested resource (get pods dns-test-d3a3f538-c6c2-4f10-a20e-7b95372822ec)&#xA;Aug 27 11:40:55.798: INFO: Unable to read wheezy_tcp@dns-test-service-2.dns-1879.svc.cluster.local from pod dns-1879/dns-test-d3a3f538-c6c2-4f10-a20e-7b95372822ec: the server could not find the requested resource (get pods dns-test-d3a3f538-c6c2-4f10-a20e-7b95372822ec)&#xA;Aug 27 11:40:55.808: INFO: Unable to read wheezy_udp@PodARecord from pod dns-1879/dns-test-d3a3f538-c6c2-4f10-a20e-7b95372822ec: the server could not find the requested resource (get pods dns-test-d3a3f538-c6c2-4f10-a20e-7b95372822ec)&#xA;Aug 27 11:40:55.863: INFO: Unable to read wheezy_tcp@PodARecord from pod dns-1879/dns-test-d3a3f538-c6c2-4f10-a20e-7b95372822ec: the server could not find the requested resource (get pods dns-test-d3a3f538-c6c2-4f10-a20e-7b95372822ec)&#xA;Aug 27 11:40:55.970: INFO: Unable to read jessie_udp@dns-test-service-2.dns-1879.svc.cluster.local from pod dns-1879/dns-test-d3a3f538-c6c2-4f10-a20e-7b95372822ec: the server could not find the requested resource (get pods dns-test-d3a3f538-c6c2-4f10-a20e-7b95372822ec)&#xA;Aug 27 11:40:55.984: INFO: Unable to read jessie_tcp@dns-test-service-2.dns-1879.svc.cluster.local from pod dns-1879/dns-test-d3a3f538-c6c2-4f10-a20e-7b95372822ec: the server could not find the requested resource (get pods dns-test-d3a3f538-c6c2-4f10-a20e-7b95372822ec)&#xA;Aug 27 11:40:55.996: INFO: Unable to read jessie_udp@PodARecord from pod dns-1879/dns-test-d3a3f538-c6c2-4f10-a20e-7b95372822ec: the server could not find the requested resource (get pods dns-test-d3a3f538-c6c2-4f10-a20e-7b95372822ec)&#xA;Aug 27 11:40:56.023: INFO: Unable to read jessie_tcp@PodARecord from pod dns-1879/dns-test-d3a3f538-c6c2-4f10-a20e-7b95372822ec: the server could not find the requested resource (get pods dns-test-d3a3f538-c6c2-4f10-a20e-7b95372822ec)&#xA;Aug 27 11:40:56.023: INFO: Lookups using dns-1879/dns-test-d3a3f538-c6c2-4f10-a20e-7b95372822ec failed for: [wheezy_udp@dns-test-service-2.dns-1879.svc.cluster.local wheezy_tcp@dns-test-service-2.dns-1879.svc.cluster.local wheezy_udp@PodARecord wheezy_tcp@PodARecord jessie_udp@dns-test-service-2.dns-1879.svc.cluster.local jessie_tcp@dns-test-service-2.dns-1879.svc.cluster.local jessie_udp@PodARecord jessie_tcp@PodARecord]&#xA;&#xA;Aug 27 11:41:00.796: INFO: Unable to read wheezy_udp@dns-test-service-2.dns-1879.svc.cluster.local from pod dns-1879/dns-test-d3a3f538-c6c2-4f10-a20e-7b95372822ec: the server could not find the requested resource (get pods dns-test-d3a3f538-c6c2-4f10-a20e-7b95372822ec)&#xA;Aug 27 11:41:00.800: INFO: Unable to read wheezy_tcp@dns-test-service-2.dns-1879.svc.cluster.local from pod dns-1879/dns-test-d3a3f538-c6c2-4f10-a20e-7b95372822ec: the server could not find the requested resource (get pods dns-test-d3a3f538-c6c2-4f10-a20e-7b95372822ec)&#xA;Aug 27 11:41:00.806: INFO: Unable to read wheezy_udp@PodARecord from pod dns-1879/dns-test-d3a3f538-c6c2-4f10-a20e-7b95372822ec: the server could not find the requested resource (get pods dns-test-d3a3f538-c6c2-4f10-a20e-7b95372822ec)&#xA;Aug 27 11:41:00.811: INFO: Unable to read wheezy_tcp@PodARecord from pod dns-1879/dns-test-d3a3f538-c6c2-4f10-a20e-7b95372822ec: the server could not find the requested resource (get pods dns-test-d3a3f538-c6c2-4f10-a20e-7b95372822ec)&#xA;Aug 27 11:41:00.833: INFO: Unable to read jessie_udp@dns-test-service-2.dns-1879.svc.cluster.local from pod dns-1879/dns-test-d3a3f538-c6c2-4f10-a20e-7b95372822ec: the server could not find the requested resource (get pods dns-test-d3a3f538-c6c2-4f10-a20e-7b95372822ec)&#xA;Aug 27 11:41:00.838: INFO: Unable to read jessie_tcp@dns-test-service-2.dns-1879.svc.cluster.local from pod dns-1879/dns-test-d3a3f538-c6c2-4f10-a20e-7b95372822ec: the server could not find the requested resource (get pods dns-test-d3a3f538-c6c2-4f10-a20e-7b95372822ec)&#xA;Aug 27 11:41:00.844: INFO: Unable to read jessie_udp@PodARecord from pod dns-1879/dns-test-d3a3f538-c6c2-4f10-a20e-7b95372822ec: the server could not find the requested resource (get pods dns-test-d3a3f538-c6c2-4f10-a20e-7b95372822ec)&#xA;Aug 27 11:41:00.851: INFO: Unable to read jessie_tcp@PodARecord from pod dns-1879/dns-test-d3a3f538-c6c2-4f10-a20e-7b95372822ec: the server could not find the requested resource (get pods dns-test-d3a3f538-c6c2-4f10-a20e-7b95372822ec)&#xA;Aug 27 11:41:00.851: INFO: Lookups using dns-1879/dns-test-d3a3f538-c6c2-4f10-a20e-7b95372822ec failed for: [wheezy_udp@dns-test-service-2.dns-1879.svc.cluster.local wheezy_tcp@dns-test-service-2.dns-1879.svc.cluster.local wheezy_udp@PodARecord wheezy_tcp@PodARecord jessie_udp@dns-test-service-2.dns-1879.svc.cluster.local jessie_tcp@dns-test-service-2.dns-1879.svc.cluster.local jessie_udp@PodARecord jessie_tcp@PodARecord]&#xA;&#xA;Aug 27 11:41:05.847: INFO: Unable to read wheezy_udp@dns-test-service-2.dns-1879.svc.cluster.local from pod dns-1879/dns-test-d3a3f538-c6c2-4f10-a20e-7b95372822ec: the server could not find the requested resource (get pods dns-test-d3a3f538-c6c2-4f10-a20e-7b95372822ec)&#xA;Aug 27 11:41:05.850: INFO: Unable to read wheezy_tcp@dns-test-service-2.dns-1879.svc.cluster.local from pod dns-1879/dns-test-d3a3f538-c6c2-4f10-a20e-7b95372822ec: the server could not find the requested resource (get pods dns-test-d3a3f538-c6c2-4f10-a20e-7b95372822ec)&#xA;Aug 27 11:41:05.858: INFO: Unable to read wheezy_udp@PodARecord from pod dns-1879/dns-test-d3a3f538-c6c2-4f10-a20e-7b95372822ec: the server could not find the requested resource (get pods dns-test-d3a3f538-c6c2-4f10-a20e-7b95372822ec)&#xA;Aug 27 11:41:05.867: INFO: Unable to read wheezy_tcp@PodARecord from pod dns-1879/dns-test-d3a3f538-c6c2-4f10-a20e-7b95372822ec: the server could not find the requested resource (get pods dns-test-d3a3f538-c6c2-4f10-a20e-7b95372822ec)&#xA;Aug 27 11:41:05.896: INFO: Unable to read jessie_udp@dns-test-service-2.dns-1879.svc.cluster.local from pod dns-1879/dns-test-d3a3f538-c6c2-4f10-a20e-7b95372822ec: the server could not find the requested resource (get pods dns-test-d3a3f538-c6c2-4f10-a20e-7b95372822ec)&#xA;Aug 27 11:41:05.900: INFO: Unable to read jessie_tcp@dns-test-service-2.dns-1879.svc.cluster.local from pod dns-1879/dns-test-d3a3f538-c6c2-4f10-a20e-7b95372822ec: the server could not find the requested resource (get pods dns-test-d3a3f538-c6c2-4f10-a20e-7b95372822ec)&#xA;Aug 27 11:41:05.903: INFO: Unable to read jessie_udp@PodARecord from pod dns-1879/dns-test-d3a3f538-c6c2-4f10-a20e-7b95372822ec: the server could not find the requested resource (get pods dns-test-d3a3f538-c6c2-4f10-a20e-7b95372822ec)&#xA;Aug 27 11:41:05.909: INFO: Unable to read jessie_tcp@PodARecord from pod dns-1879/dns-test-d3a3f538-c6c2-4f10-a20e-7b95372822ec: the server could not find the requested resource (get pods dns-test-d3a3f538-c6c2-4f10-a20e-7b95372822ec)&#xA;Aug 27 11:41:05.910: INFO: Lookups using dns-1879/dns-test-d3a3f538-c6c2-4f10-a20e-7b95372822ec failed for: [wheezy_udp@dns-test-service-2.dns-1879.svc.cluster.local wheezy_tcp@dns-test-service-2.dns-1879.svc.cluster.local wheezy_udp@PodARecord wheezy_tcp@PodARecord jessie_udp@dns-test-service-2.dns-1879.svc.cluster.local jessie_tcp@dns-test-service-2.dns-1879.svc.cluster.local jessie_udp@PodARecord jessie_tcp@PodARecord]&#xA;&#xA;Aug 27 11:41:10.788: INFO: Unable to read wheezy_udp@dns-test-service-2.dns-1879.svc.cluster.local from pod dns-1879/dns-test-d3a3f538-c6c2-4f10-a20e-7b95372822ec: the server could not find the requested resource (get pods dns-test-d3a3f538-c6c2-4f10-a20e-7b95372822ec)&#xA;Aug 27 11:41:10.792: INFO: Unable to read wheezy_tcp@dns-test-service-2.dns-1879.svc.cluster.local from pod dns-1879/dns-test-d3a3f538-c6c2-4f10-a20e-7b95372822ec: the server could not find the requested resource (get pods dns-test-d3a3f538-c6c2-4f10-a20e-7b95372822ec)&#xA;Aug 27 11:41:10.798: INFO: Unable to read wheezy_udp@PodARecord from pod dns-1879/dns-test-d3a3f538-c6c2-4f10-a20e-7b95372822ec: the server could not find the requested resource (get pods dns-test-d3a3f538-c6c2-4f10-a20e-7b95372822ec)&#xA;Aug 27 11:41:10.804: INFO: Unable to read wheezy_tcp@PodARecord from pod dns-1879/dns-test-d3a3f538-c6c2-4f10-a20e-7b95372822ec: the server could not find the requested resource (get pods dns-test-d3a3f538-c6c2-4f10-a20e-7b95372822ec)&#xA;Aug 27 11:41:10.821: INFO: Unable to read jessie_udp@dns-test-service-2.dns-1879.svc.cluster.local from pod dns-1879/dns-test-d3a3f538-c6c2-4f10-a20e-7b95372822ec: the server could not find the requested resource (get pods dns-test-d3a3f538-c6c2-4f10-a20e-7b95372822ec)&#xA;Aug 27 11:41:10.827: INFO: Unable to read jessie_tcp@dns-test-service-2.dns-1879.svc.cluster.local from pod dns-1879/dns-test-d3a3f538-c6c2-4f10-a20e-7b95372822ec: the server could not find the requested resource (get pods dns-test-d3a3f538-c6c2-4f10-a20e-7b95372822ec)&#xA;Aug 27 11:41:10.831: INFO: Unable to read jessie_udp@PodARecord from pod dns-1879/dns-test-d3a3f538-c6c2-4f10-a20e-7b95372822ec: the server could not find the requested resource (get pods dns-test-d3a3f538-c6c2-4f10-a20e-7b95372822ec)&#xA;Aug 27 11:41:10.838: INFO: Unable to read jessie_tcp@PodARecord from pod dns-1879/dns-test-d3a3f538-c6c2-4f10-a20e-7b95372822ec: the server could not find the requested resource (get pods dns-test-d3a3f538-c6c2-4f10-a20e-7b95372822ec)&#xA;Aug 27 11:41:10.839: INFO: Lookups using dns-1879/dns-test-d3a3f538-c6c2-4f10-a20e-7b95372822ec failed for: [wheezy_udp@dns-test-service-2.dns-1879.svc.cluster.local wheezy_tcp@dns-test-service-2.dns-1879.svc.cluster.local wheezy_udp@PodARecord wheezy_tcp@PodARecord jessie_udp@dns-test-service-2.dns-1879.svc.cluster.local jessie_tcp@dns-test-service-2.dns-1879.svc.cluster.local jessie_udp@PodARecord jessie_tcp@PodARecord]&#xA;&#xA;Aug 27 11:41:15.839: INFO: Unable to read wheezy_udp@dns-test-service-2.dns-1879.svc.cluster.local from pod dns-1879/dns-test-d3a3f538-c6c2-4f10-a20e-7b95372822ec: the server could not find the requested resource (get pods dns-test-d3a3f538-c6c2-4f10-a20e-7b95372822ec)&#xA;Aug 27 11:41:15.844: INFO: Unable to read wheezy_tcp@dns-test-service-2.dns-1879.svc.cluster.local from pod dns-1879/dns-test-d3a3f538-c6c2-4f10-a20e-7b95372822ec: the server could not find the requested resource (get pods dns-test-d3a3f538-c6c2-4f10-a20e-7b95372822ec)&#xA;Aug 27 11:41:15.855: INFO: Unable to read wheezy_udp@PodARecord from pod dns-1879/dns-test-d3a3f538-c6c2-4f10-a20e-7b95372822ec: the server could not find the requested resource (get pods dns-test-d3a3f538-c6c2-4f10-a20e-7b95372822ec)&#xA;Aug 27 11:41:15.860: INFO: Unable to read wheezy_tcp@PodARecord from pod dns-1879/dns-test-d3a3f538-c6c2-4f10-a20e-7b95372822ec: the server could not find the requested resource (get pods dns-test-d3a3f538-c6c2-4f10-a20e-7b95372822ec)&#xA;Aug 27 11:41:15.879: INFO: Unable to read jessie_udp@dns-test-service-2.dns-1879.svc.cluster.local from pod dns-1879/dns-test-d3a3f538-c6c2-4f10-a20e-7b95372822ec: the server could not find the requested resource (get pods dns-test-d3a3f538-c6c2-4f10-a20e-7b95372822ec)&#xA;Aug 27 11:41:15.884: INFO: Unable to read jessie_tcp@dns-test-service-2.dns-1879.svc.cluster.local from pod dns-1879/dns-test-d3a3f538-c6c2-4f10-a20e-7b95372822ec: the server could not find the requested resource (get pods dns-test-d3a3f538-c6c2-4f10-a20e-7b95372822ec)&#xA;Aug 27 11:41:15.892: INFO: Unable to read jessie_udp@PodARecord from pod dns-1879/dns-test-d3a3f538-c6c2-4f10-a20e-7b95372822ec: the server could not find the requested resource (get pods dns-test-d3a3f538-c6c2-4f10-a20e-7b95372822ec)&#xA;Aug 27 11:41:15.898: INFO: Unable to read jessie_tcp@PodARecord from pod dns-1879/dns-test-d3a3f538-c6c2-4f10-a20e-7b95372822ec: the server could not find the requested resource (get pods dns-test-d3a3f538-c6c2-4f10-a20e-7b95372822ec)&#xA;Aug 27 11:41:15.898: INFO: Lookups using dns-1879/dns-test-d3a3f538-c6c2-4f10-a20e-7b95372822ec failed for: [wheezy_udp@dns-test-service-2.dns-1879.svc.cluster.local wheezy_tcp@dns-test-service-2.dns-1879.svc.cluster.local wheezy_udp@PodARecord wheezy_tcp@PodARecord jessie_udp@dns-test-service-2.dns-1879.svc.cluster.local jessie_tcp@dns-test-service-2.dns-1879.svc.cluster.local jessie_udp@PodARecord jessie_tcp@PodARecord]&#xA;&#xA;Aug 27 11:41:20.787: INFO: Unable to read wheezy_udp@dns-test-service-2.dns-1879.svc.cluster.local from pod dns-1879/dns-test-d3a3f538-c6c2-4f10-a20e-7b95372822ec: the server could not find the requested resource (get pods dns-test-d3a3f538-c6c2-4f10-a20e-7b95372822ec)&#xA;Aug 27 11:41:20.791: INFO: Unable to read wheezy_tcp@dns-test-service-2.dns-1879.svc.cluster.local from pod dns-1879/dns-test-d3a3f538-c6c2-4f10-a20e-7b95372822ec: the server could not find the requested resource (get pods dns-test-d3a3f538-c6c2-4f10-a20e-7b95372822ec)&#xA;Aug 27 11:41:20.794: INFO: Unable to read wheezy_udp@PodARecord from pod dns-1879/dns-test-d3a3f538-c6c2-4f10-a20e-7b95372822ec: the server could not find the requested resource (get pods dns-test-d3a3f538-c6c2-4f10-a20e-7b95372822ec)&#xA;Aug 27 11:41:20.797: INFO: Unable to read wheezy_tcp@PodARecord from pod dns-1879/dns-test-d3a3f538-c6c2-4f10-a20e-7b95372822ec: the server could not find the requested resource (get pods dns-test-d3a3f538-c6c2-4f10-a20e-7b95372822ec)&#xA;Aug 27 11:41:20.808: INFO: Unable to read jessie_udp@dns-test-service-2.dns-1879.svc.cluster.local from pod dns-1879/dns-test-d3a3f538-c6c2-4f10-a20e-7b95372822ec: the server could not find the requested resource (get pods dns-test-d3a3f538-c6c2-4f10-a20e-7b95372822ec)&#xA;Aug 27 11:41:20.812: INFO: Unable to read jessie_tcp@dns-test-service-2.dns-1879.svc.cluster.local from pod dns-1879/dns-test-d3a3f538-c6c2-4f10-a20e-7b95372822ec: the server could not find the requested resource (get pods dns-test-d3a3f538-c6c2-4f10-a20e-7b95372822ec)&#xA;Aug 27 11:41:20.815: INFO: Unable to read jessie_udp@PodARecord from pod dns-1879/dns-test-d3a3f538-c6c2-4f10-a20e-7b95372822ec: the server could not find the requested resource (get pods dns-test-d3a3f538-c6c2-4f10-a20e-7b95372822ec)&#xA;Aug 27 11:41:20.818: INFO: Unable to read jessie_tcp@PodARecord from pod dns-1879/dns-test-d3a3f538-c6c2-4f10-a20e-7b95372822ec: the server could not find the requested resource (get pods dns-test-d3a3f538-c6c2-4f10-a20e-7b95372822ec)&#xA;Aug 27 11:41:20.818: INFO: Lookups using dns-1879/dns-test-d3a3f538-c6c2-4f10-a20e-7b95372822ec failed for: [wheezy_udp@dns-test-service-2.dns-1879.svc.cluster.local wheezy_tcp@dns-test-service-2.dns-1879.svc.cluster.local wheezy_udp@PodARecord wheezy_tcp@PodARecord jessie_udp@dns-test-service-2.dns-1879.svc.cluster.local jessie_tcp@dns-test-service-2.dns-1879.svc.cluster.local jessie_udp@PodARecord jessie_tcp@PodARecord]&#xA;&#xA;Aug 27 11:41:25.830: INFO: Unable to read wheezy_udp@dns-test-service-2.dns-1879.svc.cluster.local from pod dns-1879/dns-test-d3a3f538-c6c2-4f10-a20e-7b95372822ec: the server could not find the requested resource (get pods dns-test-d3a3f538-c6c2-4f10-a20e-7b95372822ec)&#xA;Aug 27 11:41:25.851: INFO: Unable to read wheezy_tcp@dns-test-service-2.dns-1879.svc.cluster.local from pod dns-1879/dns-test-d3a3f538-c6c2-4f10-a20e-7b95372822ec: the server could not find the requested resource (get pods dns-test-d3a3f538-c6c2-4f10-a20e-7b95372822ec)&#xA;Aug 27 11:41:25.887: INFO: Unable to read wheezy_udp@PodARecord from pod dns-1879/dns-test-d3a3f538-c6c2-4f10-a20e-7b95372822ec: the server could not find the requested resource (get pods dns-test-d3a3f538-c6c2-4f10-a20e-7b95372822ec)&#xA;Aug 27 11:41:25.891: INFO: Unable to read wheezy_tcp@PodARecord from pod dns-1879/dns-test-d3a3f538-c6c2-4f10-a20e-7b95372822ec: the server could not find the requested resource (get pods dns-test-d3a3f538-c6c2-4f10-a20e-7b95372822ec)&#xA;Aug 27 11:41:25.928: INFO: Unable to read jessie_udp@dns-test-service-2.dns-1879.svc.cluster.local from pod dns-1879/dns-test-d3a3f538-c6c2-4f10-a20e-7b95372822ec: the server could not find the requested resource (get pods dns-test-d3a3f538-c6c2-4f10-a20e-7b95372822ec)&#xA;Aug 27 11:41:25.944: INFO: Unable to read jessie_tcp@dns-test-service-2.dns-1879.svc.cluster.local from pod dns-1879/dns-test-d3a3f538-c6c2-4f10-a20e-7b95372822ec: the server could not find the requested resource (get pods dns-test-d3a3f538-c6c2-4f10-a20e-7b95372822ec)&#xA;Aug 27 11:41:25.950: INFO: Unable to read jessie_udp@PodARecord from pod dns-1879/dns-test-d3a3f538-c6c2-4f10-a20e-7b95372822ec: the server could not find the requested resource (get pods dns-test-d3a3f538-c6c2-4f10-a20e-7b95372822ec)&#xA;Aug 27 11:41:25.957: INFO: Unable to read jessie_tcp@PodARecord from pod dns-1879/dns-test-d3a3f538-c6c2-4f10-a20e-7b95372822ec: the server could not find the requested resource (get pods dns-test-d3a3f538-c6c2-4f10-a20e-7b95372822ec)&#xA;Aug 27 11:41:25.957: INFO: Lookups using dns-1879/dns-test-d3a3f538-c6c2-4f10-a20e-7b95372822ec failed for: [wheezy_udp@dns-test-service-2.dns-1879.svc.cluster.local wheezy_tcp@dns-test-service-2.dns-1879.svc.cluster.local wheezy_udp@PodARecord wheezy_tcp@PodARecord jessie_udp@dns-test-service-2.dns-1879.svc.cluster.local jessie_tcp@dns-test-service-2.dns-1879.svc.cluster.local jessie_udp@PodARecord jessie_tcp@PodARecord]&#xA;&#xA;Aug 27 11:41:30.802: INFO: Unable to read wheezy_udp@dns-test-service-2.dns-1879.svc.cluster.local from pod dns-1879/dns-test-d3a3f538-c6c2-4f10-a20e-7b95372822ec: the server could not find the requested resource (get pods dns-test-d3a3f538-c6c2-4f10-a20e-7b95372822ec)&#xA;Aug 27 11:41:30.806: INFO: Unable to read wheezy_tcp@dns-test-service-2.dns-1879.svc.cluster.local from pod dns-1879/dns-test-d3a3f538-c6c2-4f10-a20e-7b95372822ec: the server could not find the requested resource (get pods dns-test-d3a3f538-c6c2-4f10-a20e-7b95372822ec)&#xA;Aug 27 11:41:30.809: INFO: Unable to read wheezy_udp@PodARecord from pod dns-1879/dns-test-d3a3f538-c6c2-4f10-a20e-7b95372822ec: the server could not find the requested resource (get pods dns-test-d3a3f538-c6c2-4f10-a20e-7b95372822ec)&#xA;Aug 27 11:41:30.813: INFO: Unable to read wheezy_tcp@PodARecord from pod dns-1879/dns-test-d3a3f538-c6c2-4f10-a20e-7b95372822ec: the server could not find the requested resource (get pods dns-test-d3a3f538-c6c2-4f10-a20e-7b95372822ec)&#xA;Aug 27 11:41:30.834: INFO: Unable to read jessie_udp@dns-test-service-2.dns-1879.svc.cluster.local from pod dns-1879/dns-test-d3a3f538-c6c2-4f10-a20e-7b95372822ec: the server could not find the requested resource (get pods dns-test-d3a3f538-c6c2-4f10-a20e-7b95372822ec)&#xA;Aug 27 11:41:30.838: INFO: Unable to read jessie_tcp@dns-test-service-2.dns-1879.svc.cluster.local from pod dns-1879/dns-test-d3a3f538-c6c2-4f10-a20e-7b95372822ec: the server could not find the requested resource (get pods dns-test-d3a3f538-c6c2-4f10-a20e-7b95372822ec)&#xA;Aug 27 11:41:30.841: INFO: Unable to read jessie_udp@PodARecord from pod dns-1879/dns-test-d3a3f538-c6c2-4f10-a20e-7b95372822ec: the server could not find the requested resource (get pods dns-test-d3a3f538-c6c2-4f10-a20e-7b95372822ec)&#xA;Aug 27 11:41:30.849: INFO: Unable to read jessie_tcp@PodARecord from pod dns-1879/dns-test-d3a3f538-c6c2-4f10-a20e-7b95372822ec: the server could not find the requested resource (get pods dns-test-d3a3f538-c6c2-4f10-a20e-7b95372822ec)&#xA;Aug 27 11:41:30.849: INFO: Lookups using dns-1879/dns-test-d3a3f538-c6c2-4f10-a20e-7b95372822ec failed for: [wheezy_udp@dns-test-service-2.dns-1879.svc.cluster.local wheezy_tcp@dns-test-service-2.dns-1879.svc.cluster.local wheezy_udp@PodARecord wheezy_tcp@PodARecord jessie_udp@dns-test-service-2.dns-1879.svc.cluster.local jessie_tcp@dns-test-service-2.dns-1879.svc.cluster.local jessie_udp@PodARecord jessie_tcp@PodARecord]&#xA;&#xA;Aug 27 11:41:35.814: INFO: Unable to read wheezy_udp@dns-test-service-2.dns-1879.svc.cluster.local from pod dns-1879/dns-test-d3a3f538-c6c2-4f10-a20e-7b95372822ec: the server could not find the requested resource (get pods dns-test-d3a3f538-c6c2-4f10-a20e-7b95372822ec)&#xA;Aug 27 11:41:35.824: INFO: Unable to read wheezy_tcp@dns-test-service-2.dns-1879.svc.cluster.local from pod dns-1879/dns-test-d3a3f538-c6c2-4f10-a20e-7b95372822ec: the server could not find the requested resource (get pods dns-test-d3a3f538-c6c2-4f10-a20e-7b95372822ec)&#xA;Aug 27 11:41:35.859: INFO: Unable to read wheezy_udp@PodARecord from pod dns-1879/dns-test-d3a3f538-c6c2-4f10-a20e-7b95372822ec: the server could not find the requested resource (get pods dns-test-d3a3f538-c6c2-4f10-a20e-7b95372822ec)&#xA;Aug 27 11:41:35.869: INFO: Unable to read wheezy_tcp@PodARecord from pod dns-1879/dns-test-d3a3f538-c6c2-4f10-a20e-7b95372822ec: the server could not find the requested resource (get pods dns-test-d3a3f538-c6c2-4f10-a20e-7b95372822ec)&#xA;Aug 27 11:41:35.884: INFO: Unable to read jessie_udp@dns-test-service-2.dns-1879.svc.cluster.local from pod dns-1879/dns-test-d3a3f538-c6c2-4f10-a20e-7b95372822ec: the server could not find the requested resource (get pods dns-test-d3a3f538-c6c2-4f10-a20e-7b95372822ec)&#xA;Aug 27 11:41:35.889: INFO: Unable to read jessie_tcp@dns-test-service-2.dns-1879.svc.cluster.local from pod dns-1879/dns-test-d3a3f538-c6c2-4f10-a20e-7b95372822ec: the server could not find the requested resource (get pods dns-test-d3a3f538-c6c2-4f10-a20e-7b95372822ec)&#xA;Aug 27 11:41:35.893: INFO: Unable to read jessie_udp@PodARecord from pod dns-1879/dns-test-d3a3f538-c6c2-4f10-a20e-7b95372822ec: the server could not find the requested resource (get pods dns-test-d3a3f538-c6c2-4f10-a20e-7b95372822ec)&#xA;Aug 27 11:41:35.928: INFO: Unable to read jessie_tcp@PodARecord from pod dns-1879/dns-test-d3a3f538-c6c2-4f10-a20e-7b95372822ec: the server could not find the requested resource (get pods dns-test-d3a3f538-c6c2-4f10-a20e-7b95372822ec)&#xA;Aug 27 11:41:35.928: INFO: Lookups using dns-1879/dns-test-d3a3f538-c6c2-4f10-a20e-7b95372822ec failed for: [wheezy_udp@dns-test-service-2.dns-1879.svc.cluster.local wheezy_tcp@dns-test-service-2.dns-1879.svc.cluster.local wheezy_udp@PodARecord wheezy_tcp@PodARecord jessie_udp@dns-test-service-2.dns-1879.svc.cluster.local jessie_tcp@dns-test-service-2.dns-1879.svc.cluster.local jessie_udp@PodARecord jessie_tcp@PodARecord]&#xA;&#xA;Aug 27 11:41:40.806: INFO: Unable to read wheezy_udp@dns-test-service-2.dns-1879.svc.cluster.local from pod dns-1879/dns-test-d3a3f538-c6c2-4f10-a20e-7b95372822ec: the server could not find the requested resource (get pods dns-test-d3a3f538-c6c2-4f10-a20e-7b95372822ec)&#xA;Aug 27 11:41:40.815: INFO: Unable to read wheezy_tcp@dns-test-service-2.dns-1879.svc.cluster.local from pod dns-1879/dns-test-d3a3f538-c6c2-4f10-a20e-7b95372822ec: the server could not find the requested resource (get pods dns-test-d3a3f538-c6c2-4f10-a20e-7b95372822ec)&#xA;Aug 27 11:41:40.819: INFO: Unable to read wheezy_udp@PodARecord from pod dns-1879/dns-test-d3a3f538-c6c2-4f10-a20e-7b95372822ec: the server could not find the requested resource (get pods dns-test-d3a3f538-c6c2-4f10-a20e-7b95372822ec)&#xA;Aug 27 11:41:40.824: INFO: Unable to read wheezy_tcp@PodARecord from pod dns-1879/dns-test-d3a3f538-c6c2-4f10-a20e-7b95372822ec: the server could not find the requested resource (get pods dns-test-d3a3f538-c6c2-4f10-a20e-7b95372822ec)&#xA;Aug 27 11:41:40.838: INFO: Unable to read jessie_udp@dns-test-service-2.dns-1879.svc.cluster.local from pod dns-1879/dns-test-d3a3f538-c6c2-4f10-a20e-7b95372822ec: the server could not find the requested resource (get pods dns-test-d3a3f538-c6c2-4f10-a20e-7b95372822ec)&#xA;Aug 27 11:41:40.846: INFO: Unable to read jessie_tcp@dns-test-service-2.dns-1879.svc.cluster.local from pod dns-1879/dns-test-d3a3f538-c6c2-4f10-a20e-7b95372822ec: the server could not find the requested resource (get pods dns-test-d3a3f538-c6c2-4f10-a20e-7b95372822ec)&#xA;Aug 27 11:41:40.850: INFO: Unable to read jessie_udp@PodARecord from pod dns-1879/dns-test-d3a3f538-c6c2-4f10-a20e-7b95372822ec: the server could not find the requested resource (get pods dns-test-d3a3f538-c6c2-4f10-a20e-7b95372822ec)&#xA;Aug 27 11:41:40.854: INFO: Unable to read jessie_tcp@PodARecord from pod dns-1879/dns-test-d3a3f538-c6c2-4f10-a20e-7b95372822ec: the server could not find the requested resource (get pods dns-test-d3a3f538-c6c2-4f10-a20e-7b95372822ec)&#xA;Aug 27 11:41:40.855: INFO: Lookups using dns-1879/dns-test-d3a3f538-c6c2-4f10-a20e-7b95372822ec failed for: [wheezy_udp@dns-test-service-2.dns-1879.svc.cluster.local wheezy_tcp@dns-test-service-2.dns-1879.svc.cluster.local wheezy_udp@PodARecord wheezy_tcp@PodARecord jessie_udp@dns-test-service-2.dns-1879.svc.cluster.local jessie_tcp@dns-test-service-2.dns-1879.svc.cluster.local jessie_udp@PodARecord jessie_tcp@PodARecord]&#xA;&#xA;Aug 27 11:41:45.807: INFO: Unable to read wheezy_udp@dns-test-service-2.dns-1879.svc.cluster.local from pod dns-1879/dns-test-d3a3f538-c6c2-4f10-a20e-7b95372822ec: the server could not find the requested resource (get pods dns-test-d3a3f538-c6c2-4f10-a20e-7b95372822ec)&#xA;Aug 27 11:41:45.812: INFO: Unable to read wheezy_tcp@dns-test-service-2.dns-1879.svc.cluster.local from pod dns-1879/dns-test-d3a3f538-c6c2-4f10-a20e-7b95372822ec: the server could not find the requested resource (get pods dns-test-d3a3f538-c6c2-4f10-a20e-7b95372822ec)&#xA;Aug 27 11:41:45.819: INFO: Unable to read wheezy_udp@PodARecord from pod dns-1879/dns-test-d3a3f538-c6c2-4f10-a20e-7b95372822ec: the server could not find the requested resource (get pods dns-test-d3a3f538-c6c2-4f10-a20e-7b95372822ec)&#xA;Aug 27 11:41:45.832: INFO: Unable to read wheezy_tcp@PodARecord from pod dns-1879/dns-test-d3a3f538-c6c2-4f10-a20e-7b95372822ec: the server could not find the requested resource (get pods dns-test-d3a3f538-c6c2-4f10-a20e-7b95372822ec)&#xA;Aug 27 11:41:45.849: INFO: Unable to read jessie_udp@dns-test-service-2.dns-1879.svc.cluster.local from pod dns-1879/dns-test-d3a3f538-c6c2-4f10-a20e-7b95372822ec: the server could not find the requested resource (get pods dns-test-d3a3f538-c6c2-4f10-a20e-7b95372822ec)&#xA;Aug 27 11:41:45.858: INFO: Unable to read jessie_tcp@dns-test-service-2.dns-1879.svc.cluster.local from pod dns-1879/dns-test-d3a3f538-c6c2-4f10-a20e-7b95372822ec: the server could not find the requested resource (get pods dns-test-d3a3f538-c6c2-4f10-a20e-7b95372822ec)&#xA;Aug 27 11:41:45.863: INFO: Unable to read jessie_udp@PodARecord from pod dns-1879/dns-test-d3a3f538-c6c2-4f10-a20e-7b95372822ec: the server could not find the requested resource (get pods dns-test-d3a3f538-c6c2-4f10-a20e-7b95372822ec)&#xA;Aug 27 11:41:45.880: INFO: Unable to read jessie_tcp@PodARecord from pod dns-1879/dns-test-d3a3f538-c6c2-4f10-a20e-7b95372822ec: the server could not find the requested resource (get pods dns-test-d3a3f538-c6c2-4f10-a20e-7b95372822ec)&#xA;Aug 27 11:41:45.881: INFO: Lookups using dns-1879/dns-test-d3a3f538-c6c2-4f10-a20e-7b95372822ec failed for: [wheezy_udp@dns-test-service-2.dns-1879.svc.cluster.local wheezy_tcp@dns-test-service-2.dns-1879.svc.cluster.local wheezy_udp@PodARecord wheezy_tcp@PodARecord jessie_udp@dns-test-service-2.dns-1879.svc.cluster.local jessie_tcp@dns-test-service-2.dns-1879.svc.cluster.local jessie_udp@PodARecord jessie_tcp@PodARecord]&#xA;&#xA;Aug 27 11:41:50.790: INFO: Unable to read wheezy_udp@dns-test-service-2.dns-1879.svc.cluster.local from pod dns-1879/dns-test-d3a3f538-c6c2-4f10-a20e-7b95372822ec: the server could not find the requested resource (get pods dns-test-d3a3f538-c6c2-4f10-a20e-7b95372822ec)&#xA;Aug 27 11:41:50.796: INFO: Unable to read wheezy_tcp@dns-test-service-2.dns-1879.svc.cluster.local from pod dns-1879/dns-test-d3a3f538-c6c2-4f10-a20e-7b95372822ec: the server could not find the requested resource (get pods dns-test-d3a3f538-c6c2-4f10-a20e-7b95372822ec)&#xA;Aug 27 11:41:50.800: INFO: Unable to read wheezy_udp@PodARecord from pod dns-1879/dns-test-d3a3f538-c6c2-4f10-a20e-7b95372822ec: the server could not find the requested resource (get pods dns-test-d3a3f538-c6c2-4f10-a20e-7b95372822ec)&#xA;Aug 27 11:41:50.808: INFO: Unable to read wheezy_tcp@PodARecord from pod dns-1879/dns-test-d3a3f538-c6c2-4f10-a20e-7b95372822ec: the server could not find the requested resource (get pods dns-test-d3a3f538-c6c2-4f10-a20e-7b95372822ec)&#xA;Aug 27 11:41:50.863: INFO: Unable to read jessie_udp@dns-test-service-2.dns-1879.svc.cluster.local from pod dns-1879/dns-test-d3a3f538-c6c2-4f10-a20e-7b95372822ec: the server could not find the requested resource (get pods dns-test-d3a3f538-c6c2-4f10-a20e-7b95372822ec)&#xA;Aug 27 11:41:50.868: INFO: Unable to read jessie_tcp@dns-test-service-2.dns-1879.svc.cluster.local from pod dns-1879/dns-test-d3a3f538-c6c2-4f10-a20e-7b95372822ec: the server could not find the requested resource (get pods dns-test-d3a3f538-c6c2-4f10-a20e-7b95372822ec)&#xA;Aug 27 11:41:50.873: INFO: Unable to read jessie_udp@PodARecord from pod dns-1879/dns-test-d3a3f538-c6c2-4f10-a20e-7b95372822ec: the server could not find the requested resource (get pods dns-test-d3a3f538-c6c2-4f10-a20e-7b95372822ec)&#xA;Aug 27 11:41:50.877: INFO: Unable to read jessie_tcp@PodARecord from pod dns-1879/dns-test-d3a3f538-c6c2-4f10-a20e-7b95372822ec: the server could not find the requested resource (get pods dns-test-d3a3f538-c6c2-4f10-a20e-7b95372822ec)&#xA;Aug 27 11:41:50.877: INFO: Lookups using dns-1879/dns-test-d3a3f538-c6c2-4f10-a20e-7b95372822ec failed for: [wheezy_udp@dns-test-service-2.dns-1879.svc.cluster.local wheezy_tcp@dns-test-service-2.dns-1879.svc.cluster.local wheezy_udp@PodARecord wheezy_tcp@PodARecord jessie_udp@dns-test-service-2.dns-1879.svc.cluster.local jessie_tcp@dns-test-service-2.dns-1879.svc.cluster.local jessie_udp@PodARecord jessie_tcp@PodARecord]&#xA;&#xA;Aug 27 11:41:55.872: INFO: Unable to read wheezy_udp@dns-test-service-2.dns-1879.svc.cluster.local from pod dns-1879/dns-test-d3a3f538-c6c2-4f10-a20e-7b95372822ec: the server could not find the requested resource (get pods dns-test-d3a3f538-c6c2-4f10-a20e-7b95372822ec)&#xA;Aug 27 11:41:55.887: INFO: Unable to read wheezy_tcp@dns-test-service-2.dns-1879.svc.cluster.local from pod dns-1879/dns-test-d3a3f538-c6c2-4f10-a20e-7b95372822ec: the server could not find the requested resource (get pods dns-test-d3a3f538-c6c2-4f10-a20e-7b95372822ec)&#xA;Aug 27 11:41:55.894: INFO: Unable to read wheezy_udp@PodARecord from pod dns-1879/dns-test-d3a3f538-c6c2-4f10-a20e-7b95372822ec: the server could not find the requested resource (get pods dns-test-d3a3f538-c6c2-4f10-a20e-7b95372822ec)&#xA;Aug 27 11:41:55.909: INFO: Unable to read wheezy_tcp@PodARecord from pod dns-1879/dns-test-d3a3f538-c6c2-4f10-a20e-7b95372822ec: the server could not find the requested resource (get pods dns-test-d3a3f538-c6c2-4f10-a20e-7b95372822ec)&#xA;Aug 27 11:41:55.923: INFO: Unable to read jessie_udp@dns-test-service-2.dns-1879.svc.cluster.local from pod dns-1879/dns-test-d3a3f538-c6c2-4f10-a20e-7b95372822ec: the server could not find the requested resource (get pods dns-test-d3a3f538-c6c2-4f10-a20e-7b95372822ec)&#xA;Aug 27 11:41:55.928: INFO: Unable to read jessie_tcp@dns-test-service-2.dns-1879.svc.cluster.local from pod dns-1879/dns-test-d3a3f538-c6c2-4f10-a20e-7b95372822ec: the server could not find the requested resource (get pods dns-test-d3a3f538-c6c2-4f10-a20e-7b95372822ec)&#xA;Aug 27 11:41:55.934: INFO: Unable to read jessie_udp@PodARecord from pod dns-1879/dns-test-d3a3f538-c6c2-4f10-a20e-7b95372822ec: the server could not find the requested resource (get pods dns-test-d3a3f538-c6c2-4f10-a20e-7b95372822ec)&#xA;Aug 27 11:41:55.938: INFO: Unable to read jessie_tcp@PodARecord from pod dns-1879/dns-test-d3a3f538-c6c2-4f10-a20e-7b95372822ec: the server could not find the requested resource (get pods dns-test-d3a3f538-c6c2-4f10-a20e-7b95372822ec)&#xA;Aug 27 11:41:55.938: INFO: Lookups using dns-1879/dns-test-d3a3f538-c6c2-4f10-a20e-7b95372822ec failed for: [wheezy_udp@dns-test-service-2.dns-1879.svc.cluster.local wheezy_tcp@dns-test-service-2.dns-1879.svc.cluster.local wheezy_udp@PodARecord wheezy_tcp@PodARecord jessie_udp@dns-test-service-2.dns-1879.svc.cluster.local jessie_tcp@dns-test-service-2.dns-1879.svc.cluster.local jessie_udp@PodARecord jessie_tcp@PodARecord]&#xA;&#xA;Aug 27 11:42:00.786: INFO: Unable to read wheezy_udp@dns-test-service-2.dns-1879.svc.cluster.local from pod dns-1879/dns-test-d3a3f538-c6c2-4f10-a20e-7b95372822ec: the server could not find the requested resource (get pods dns-test-d3a3f538-c6c2-4f10-a20e-7b95372822ec)&#xA;Aug 27 11:42:00.789: INFO: Unable to read wheezy_tcp@dns-test-service-2.dns-1879.svc.cluster.local from pod dns-1879/dns-test-d3a3f538-c6c2-4f10-a20e-7b95372822ec: the server could not find the requested resource (get pods dns-test-d3a3f538-c6c2-4f10-a20e-7b95372822ec)&#xA;Aug 27 11:42:00.793: INFO: Unable to read wheezy_udp@PodARecord from pod dns-1879/dns-test-d3a3f538-c6c2-4f10-a20e-7b95372822ec: the server could not find the requested resource (get pods dns-test-d3a3f538-c6c2-4f10-a20e-7b95372822ec)&#xA;Aug 27 11:42:00.796: INFO: Unable to read wheezy_tcp@PodARecord from pod dns-1879/dns-test-d3a3f538-c6c2-4f10-a20e-7b95372822ec: the server could not find the requested resource (get pods dns-test-d3a3f538-c6c2-4f10-a20e-7b95372822ec)&#xA;Aug 27 11:42:00.808: INFO: Unable to read jessie_udp@dns-test-service-2.dns-1879.svc.cluster.local from pod dns-1879/dns-test-d3a3f538-c6c2-4f10-a20e-7b95372822ec: the server could not find the requested resource (get pods dns-test-d3a3f538-c6c2-4f10-a20e-7b95372822ec)&#xA;Aug 27 11:42:00.811: INFO: Unable to read jessie_tcp@dns-test-service-2.dns-1879.svc.cluster.local from pod dns-1879/dns-test-d3a3f538-c6c2-4f10-a20e-7b95372822ec: the server could not find the requested resource (get pods dns-test-d3a3f538-c6c2-4f10-a20e-7b95372822ec)&#xA;Aug 27 11:42:00.815: INFO: Unable to read jessie_udp@PodARecord from pod dns-1879/dns-test-d3a3f538-c6c2-4f10-a20e-7b95372822ec: the server could not find the requested resource (get pods dns-test-d3a3f538-c6c2-4f10-a20e-7b95372822ec)&#xA;Aug 27 11:42:00.820: INFO: Unable to read jessie_tcp@PodARecord from pod dns-1879/dns-test-d3a3f538-c6c2-4f10-a20e-7b95372822ec: the server could not find the requested resource (get pods dns-test-d3a3f538-c6c2-4f10-a20e-7b95372822ec)&#xA;Aug 27 11:42:00.820: INFO: Lookups using dns-1879/dns-test-d3a3f538-c6c2-4f10-a20e-7b95372822ec failed for: [wheezy_udp@dns-test-service-2.dns-1879.svc.cluster.local wheezy_tcp@dns-test-service-2.dns-1879.svc.cluster.local wheezy_udp@PodARecord wheezy_tcp@PodARecord jessie_udp@dns-test-service-2.dns-1879.svc.cluster.local jessie_tcp@dns-test-service-2.dns-1879.svc.cluster.local jessie_udp@PodARecord jessie_tcp@PodARecord]&#xA;&#xA;Aug 27 11:42:05.789: INFO: Unable to read wheezy_udp@dns-test-service-2.dns-1879.svc.cluster.local from pod dns-1879/dns-test-d3a3f538-c6c2-4f10-a20e-7b95372822ec: the server could not find the requested resource (get pods dns-test-d3a3f538-c6c2-4f10-a20e-7b95372822ec)&#xA;Aug 27 11:42:05.797: INFO: Unable to read wheezy_tcp@dns-test-service-2.dns-1879.svc.cluster.local from pod dns-1879/dns-test-d3a3f538-c6c2-4f10-a20e-7b95372822ec: the server could not find the requested resource (get pods dns-test-d3a3f538-c6c2-4f10-a20e-7b95372822ec)&#xA;Aug 27 11:42:05.827: INFO: Unable to read wheezy_udp@PodARecord from pod dns-1879/dns-test-d3a3f538-c6c2-4f10-a20e-7b95372822ec: the server could not find the requested resource (get pods dns-test-d3a3f538-c6c2-4f10-a20e-7b95372822ec)&#xA;Aug 27 11:42:05.847: INFO: Unable to read wheezy_tcp@PodARecord from pod dns-1879/dns-test-d3a3f538-c6c2-4f10-a20e-7b95372822ec: the server could not find the requested resource (get pods dns-test-d3a3f538-c6c2-4f10-a20e-7b95372822ec)&#xA;Aug 27 11:42:05.867: INFO: Unable to read jessie_udp@dns-test-service-2.dns-1879.svc.cluster.local from pod dns-1879/dns-test-d3a3f538-c6c2-4f10-a20e-7b95372822ec: the server could not find the requested resource (get pods dns-test-d3a3f538-c6c2-4f10-a20e-7b95372822ec)&#xA;Aug 27 11:42:05.871: INFO: Unable to read jessie_tcp@dns-test-service-2.dns-1879.svc.cluster.local from pod dns-1879/dns-test-d3a3f538-c6c2-4f10-a20e-7b95372822ec: the server could not find the requested resource (get pods dns-test-d3a3f538-c6c2-4f10-a20e-7b95372822ec)&#xA;Aug 27 11:42:05.879: INFO: Unable to read jessie_udp@PodARecord from pod dns-1879/dns-test-d3a3f538-c6c2-4f10-a20e-7b95372822ec: the server could not find the requested resource (get pods dns-test-d3a3f538-c6c2-4f10-a20e-7b95372822ec)&#xA;Aug 27 11:42:05.890: INFO: Unable to read jessie_tcp@PodARecord from pod dns-1879/dns-test-d3a3f538-c6c2-4f10-a20e-7b95372822ec: the server could not find the requested resource (get pods dns-test-d3a3f538-c6c2-4f10-a20e-7b95372822ec)&#xA;Aug 27 11:42:05.890: INFO: Lookups using dns-1879/dns-test-d3a3f538-c6c2-4f10-a20e-7b95372822ec failed for: [wheezy_udp@dns-test-service-2.dns-1879.svc.cluster.local wheezy_tcp@dns-test-service-2.dns-1879.svc.cluster.local wheezy_udp@PodARecord wheezy_tcp@PodARecord jessie_udp@dns-test-service-2.dns-1879.svc.cluster.local jessie_tcp@dns-test-service-2.dns-1879.svc.cluster.local jessie_udp@PodARecord jessie_tcp@PodARecord]&#xA;&#xA;Aug 27 11:42:10.787: INFO: Unable to read wheezy_udp@dns-test-service-2.dns-1879.svc.cluster.local from pod dns-1879/dns-test-d3a3f538-c6c2-4f10-a20e-7b95372822ec: the server could not find the requested resource (get pods dns-test-d3a3f538-c6c2-4f10-a20e-7b95372822ec)&#xA;Aug 27 11:42:10.796: INFO: Unable to read wheezy_tcp@dns-test-service-2.dns-1879.svc.cluster.local from pod dns-1879/dns-test-d3a3f538-c6c2-4f10-a20e-7b95372822ec: the server could not find the requested resource (get pods dns-test-d3a3f538-c6c2-4f10-a20e-7b95372822ec)&#xA;Aug 27 11:42:10.802: INFO: Unable to read wheezy_udp@PodARecord from pod dns-1879/dns-test-d3a3f538-c6c2-4f10-a20e-7b95372822ec: the server could not find the requested resource (get pods dns-test-d3a3f538-c6c2-4f10-a20e-7b95372822ec)&#xA;Aug 27 11:42:10.807: INFO: Unable to read wheezy_tcp@PodARecord from pod dns-1879/dns-test-d3a3f538-c6c2-4f10-a20e-7b95372822ec: the server could not find the requested resource (get pods dns-test-d3a3f538-c6c2-4f10-a20e-7b95372822ec)&#xA;Aug 27 11:42:10.823: INFO: Unable to read jessie_udp@dns-test-service-2.dns-1879.svc.cluster.local from pod dns-1879/dns-test-d3a3f538-c6c2-4f10-a20e-7b95372822ec: the server could not find the requested resource (get pods dns-test-d3a3f538-c6c2-4f10-a20e-7b95372822ec)&#xA;Aug 27 11:42:10.826: INFO: Unable to read jessie_tcp@dns-test-service-2.dns-1879.svc.cluster.local from pod dns-1879/dns-test-d3a3f538-c6c2-4f10-a20e-7b95372822ec: the server could not find the requested resource (get pods dns-test-d3a3f538-c6c2-4f10-a20e-7b95372822ec)&#xA;Aug 27 11:42:10.830: INFO: Unable to read jessie_udp@PodARecord from pod dns-1879/dns-test-d3a3f538-c6c2-4f10-a20e-7b95372822ec: the server could not find the requested resource (get pods dns-test-d3a3f538-c6c2-4f10-a20e-7b95372822ec)&#xA;Aug 27 11:42:10.835: INFO: Unable to read jessie_tcp@PodARecord from pod dns-1879/dns-test-d3a3f538-c6c2-4f10-a20e-7b95372822ec: the server could not find the requested resource (get pods dns-test-d3a3f538-c6c2-4f10-a20e-7b95372822ec)&#xA;Aug 27 11:42:10.836: INFO: Lookups using dns-1879/dns-test-d3a3f538-c6c2-4f10-a20e-7b95372822ec failed for: [wheezy_udp@dns-test-service-2.dns-1879.svc.cluster.local wheezy_tcp@dns-test-service-2.dns-1879.svc.cluster.local wheezy_udp@PodARecord wheezy_tcp@PodARecord jessie_udp@dns-test-service-2.dns-1879.svc.cluster.local jessie_tcp@dns-test-service-2.dns-1879.svc.cluster.local jessie_udp@PodARecord jessie_tcp@PodARecord]&#xA;&#xA;Aug 27 11:42:15.824: INFO: Unable to read wheezy_udp@dns-test-service-2.dns-1879.svc.cluster.local from pod dns-1879/dns-test-d3a3f538-c6c2-4f10-a20e-7b95372822ec: the server could not find the requested resource (get pods dns-test-d3a3f538-c6c2-4f10-a20e-7b95372822ec)&#xA;Aug 27 11:42:15.835: INFO: Unable to read wheezy_tcp@dns-test-service-2.dns-1879.svc.cluster.local from pod dns-1879/dns-test-d3a3f538-c6c2-4f10-a20e-7b95372822ec: the server could not find the requested resource (get pods dns-test-d3a3f538-c6c2-4f10-a20e-7b95372822ec)&#xA;Aug 27 11:42:15.840: INFO: Unable to read wheezy_udp@PodARecord from pod dns-1879/dns-test-d3a3f538-c6c2-4f10-a20e-7b95372822ec: the server could not find the requested resource (get pods dns-test-d3a3f538-c6c2-4f10-a20e-7b95372822ec)&#xA;Aug 27 11:42:15.847: INFO: Unable to read wheezy_tcp@PodARecord from pod dns-1879/dns-test-d3a3f538-c6c2-4f10-a20e-7b95372822ec: the server could not find the requested resource (get pods dns-test-d3a3f538-c6c2-4f10-a20e-7b95372822ec)&#xA;Aug 27 11:42:15.876: INFO: Unable to read jessie_udp@dns-test-service-2.dns-1879.svc.cluster.local from pod dns-1879/dns-test-d3a3f538-c6c2-4f10-a20e-7b95372822ec: the server could not find the requested resource (get pods dns-test-d3a3f538-c6c2-4f10-a20e-7b95372822ec)&#xA;Aug 27 11:42:15.883: INFO: Unable to read jessie_tcp@dns-test-service-2.dns-1879.svc.cluster.local from pod dns-1879/dns-test-d3a3f538-c6c2-4f10-a20e-7b95372822ec: the server could not find the requested resource (get pods dns-test-d3a3f538-c6c2-4f10-a20e-7b95372822ec)&#xA;Aug 27 11:42:15.890: INFO: Unable to read jessie_udp@PodARecord from pod dns-1879/dns-test-d3a3f538-c6c2-4f10-a20e-7b95372822ec: the server could not find the requested resource (get pods dns-test-d3a3f538-c6c2-4f10-a20e-7b95372822ec)&#xA;Aug 27 11:42:15.903: INFO: Unable to read jessie_tcp@PodARecord from pod dns-1879/dns-test-d3a3f538-c6c2-4f10-a20e-7b95372822ec: the server could not find the requested resource (get pods dns-test-d3a3f538-c6c2-4f10-a20e-7b95372822ec)&#xA;Aug 27 11:42:15.903: INFO: Lookups using dns-1879/dns-test-d3a3f538-c6c2-4f10-a20e-7b95372822ec failed for: [wheezy_udp@dns-test-service-2.dns-1879.svc.cluster.local wheezy_tcp@dns-test-service-2.dns-1879.svc.cluster.local wheezy_udp@PodARecord wheezy_tcp@PodARecord jessie_udp@dns-test-service-2.dns-1879.svc.cluster.local jessie_tcp@dns-test-service-2.dns-1879.svc.cluster.local jessie_udp@PodARecord jessie_tcp@PodARecord]&#xA;&#xA;Aug 27 11:42:20.797: INFO: Unable to read wheezy_udp@dns-test-service-2.dns-1879.svc.cluster.local from pod dns-1879/dns-test-d3a3f538-c6c2-4f10-a20e-7b95372822ec: the server could not find the requested resource (get pods dns-test-d3a3f538-c6c2-4f10-a20e-7b95372822ec)&#xA;Aug 27 11:42:20.802: INFO: Unable to read wheezy_tcp@dns-test-service-2.dns-1879.svc.cluster.local from pod dns-1879/dns-test-d3a3f538-c6c2-4f10-a20e-7b95372822ec: the server could not find the requested resource (get pods dns-test-d3a3f538-c6c2-4f10-a20e-7b95372822ec)&#xA;Aug 27 11:42:20.805: INFO: Unable to read wheezy_udp@PodARecord from pod dns-1879/dns-test-d3a3f538-c6c2-4f10-a20e-7b95372822ec: the server could not find the requested resource (get pods dns-test-d3a3f538-c6c2-4f10-a20e-7b95372822ec)&#xA;Aug 27 11:42:20.817: INFO: Unable to read wheezy_tcp@PodARecord from pod dns-1879/dns-test-d3a3f538-c6c2-4f10-a20e-7b95372822ec: the server could not find the requested resource (get pods dns-test-d3a3f538-c6c2-4f10-a20e-7b95372822ec)&#xA;Aug 27 11:42:20.834: INFO: Unable to read jessie_udp@dns-test-service-2.dns-1879.svc.cluster.local from pod dns-1879/dns-test-d3a3f538-c6c2-4f10-a20e-7b95372822ec: the server could not find the requested resource (get pods dns-test-d3a3f538-c6c2-4f10-a20e-7b95372822ec)&#xA;Aug 27 11:42:20.843: INFO: Unable to read jessie_tcp@dns-test-service-2.dns-1879.svc.cluster.local from pod dns-1879/dns-test-d3a3f538-c6c2-4f10-a20e-7b95372822ec: the server could not find the requested resource (get pods dns-test-d3a3f538-c6c2-4f10-a20e-7b95372822ec)&#xA;Aug 27 11:42:20.847: INFO: Unable to read jessie_udp@PodARecord from pod dns-1879/dns-test-d3a3f538-c6c2-4f10-a20e-7b95372822ec: the server could not find the requested resource (get pods dns-test-d3a3f538-c6c2-4f10-a20e-7b95372822ec)&#xA;Aug 27 11:42:20.853: INFO: Unable to read jessie_tcp@PodARecord from pod dns-1879/dns-test-d3a3f538-c6c2-4f10-a20e-7b95372822ec: the server could not find the requested resource (get pods dns-test-d3a3f538-c6c2-4f10-a20e-7b95372822ec)&#xA;Aug 27 11:42:20.853: INFO: Lookups using dns-1879/dns-test-d3a3f538-c6c2-4f10-a20e-7b95372822ec failed for: [wheezy_udp@dns-test-service-2.dns-1879.svc.cluster.local wheezy_tcp@dns-test-service-2.dns-1879.svc.cluster.local wheezy_udp@PodARecord wheezy_tcp@PodARecord jessie_udp@dns-test-service-2.dns-1879.svc.cluster.local jessie_tcp@dns-test-service-2.dns-1879.svc.cluster.local jessie_udp@PodARecord jessie_tcp@PodARecord]&#xA;&#xA;Aug 27 11:42:25.868: INFO: Unable to read wheezy_udp@dns-test-service-2.dns-1879.svc.cluster.local from pod dns-1879/dns-test-d3a3f538-c6c2-4f10-a20e-7b95372822ec: the server could not find the requested resource (get pods dns-test-d3a3f538-c6c2-4f10-a20e-7b95372822ec)&#xA;Aug 27 11:42:25.875: INFO: Unable to read wheezy_tcp@dns-test-service-2.dns-1879.svc.cluster.local from pod dns-1879/dns-test-d3a3f538-c6c2-4f10-a20e-7b95372822ec: the server could not find the requested resource (get pods dns-test-d3a3f538-c6c2-4f10-a20e-7b95372822ec)&#xA;Aug 27 11:42:25.882: INFO: Unable to read wheezy_udp@PodARecord from pod dns-1879/dns-test-d3a3f538-c6c2-4f10-a20e-7b95372822ec: the server could not find the requested resource (get pods dns-test-d3a3f538-c6c2-4f10-a20e-7b95372822ec)&#xA;Aug 27 11:42:25.891: INFO: Unable to read wheezy_tcp@PodARecord from pod dns-1879/dns-test-d3a3f538-c6c2-4f10-a20e-7b95372822ec: the server could not find the requested resource (get pods dns-test-d3a3f538-c6c2-4f10-a20e-7b95372822ec)&#xA;Aug 27 11:42:25.957: INFO: Unable to read jessie_udp@dns-test-service-2.dns-1879.svc.cluster.local from pod dns-1879/dns-test-d3a3f538-c6c2-4f10-a20e-7b95372822ec: the server could not find the requested resource (get pods dns-test-d3a3f538-c6c2-4f10-a20e-7b95372822ec)&#xA;Aug 27 11:42:25.963: INFO: Unable to read jessie_tcp@dns-test-service-2.dns-1879.svc.cluster.local from pod dns-1879/dns-test-d3a3f538-c6c2-4f10-a20e-7b95372822ec: the server could not find the requested resource (get pods dns-test-d3a3f538-c6c2-4f10-a20e-7b95372822ec)&#xA;Aug 27 11:42:25.967: INFO: Unable to read jessie_udp@PodARecord from pod dns-1879/dns-test-d3a3f538-c6c2-4f10-a20e-7b95372822ec: the server could not find the requested resource (get pods dns-test-d3a3f538-c6c2-4f10-a20e-7b95372822ec)&#xA;Aug 27 11:42:25.972: INFO: Unable to read jessie_tcp@PodARecord from pod dns-1879/dns-test-d3a3f538-c6c2-4f10-a20e-7b95372822ec: the server could not find the requested resource (get pods dns-test-d3a3f538-c6c2-4f10-a20e-7b95372822ec)&#xA;Aug 27 11:42:25.973: INFO: Lookups using dns-1879/dns-test-d3a3f538-c6c2-4f10-a20e-7b95372822ec failed for: [wheezy_udp@dns-test-service-2.dns-1879.svc.cluster.local wheezy_tcp@dns-test-service-2.dns-1879.svc.cluster.local wheezy_udp@PodARecord wheezy_tcp@PodARecord jessie_udp@dns-test-service-2.dns-1879.svc.cluster.local jessie_tcp@dns-test-service-2.dns-1879.svc.cluster.local jessie_udp@PodARecord jessie_tcp@PodARecord]&#xA;&#xA;Aug 27 11:42:30.821: INFO: Unable to read wheezy_udp@dns-test-service-2.dns-1879.svc.cluster.local from pod dns-1879/dns-test-d3a3f538-c6c2-4f10-a20e-7b95372822ec: the server could not find the requested resource (get pods dns-test-d3a3f538-c6c2-4f10-a20e-7b95372822ec)&#xA;Aug 27 11:42:30.834: INFO: Unable to read wheezy_tcp@dns-test-service-2.dns-1879.svc.cluster.local from pod dns-1879/dns-test-d3a3f538-c6c2-4f10-a20e-7b95372822ec: the server could not find the requested resource (get pods dns-test-d3a3f538-c6c2-4f10-a20e-7b95372822ec)&#xA;Aug 27 11:42:30.838: INFO: Unable to read wheezy_udp@PodARecord from pod dns-1879/dns-test-d3a3f538-c6c2-4f10-a20e-7b95372822ec: the server could not find the requested resource (get pods dns-test-d3a3f538-c6c2-4f10-a20e-7b95372822ec)&#xA;Aug 27 11:42:30.842: INFO: Unable to read wheezy_tcp@PodARecord from pod dns-1879/dns-test-d3a3f538-c6c2-4f10-a20e-7b95372822ec: the server could not find the requested resource (get pods dns-test-d3a3f538-c6c2-4f10-a20e-7b95372822ec)&#xA;Aug 27 11:42:30.860: INFO: Unable to read jessie_udp@dns-test-service-2.dns-1879.svc.cluster.local from pod dns-1879/dns-test-d3a3f538-c6c2-4f10-a20e-7b95372822ec: the server could not find the requested resource (get pods dns-test-d3a3f538-c6c2-4f10-a20e-7b95372822ec)&#xA;Aug 27 11:42:30.863: INFO: Unable to read jessie_tcp@dns-test-service-2.dns-1879.svc.cluster.local from pod dns-1879/dns-test-d3a3f538-c6c2-4f10-a20e-7b95372822ec: the server could not find the requested resource (get pods dns-test-d3a3f538-c6c2-4f10-a20e-7b95372822ec)&#xA;Aug 27 11:42:30.868: INFO: Unable to read jessie_udp@PodARecord from pod dns-1879/dns-test-d3a3f538-c6c2-4f10-a20e-7b95372822ec: the server could not find the requested resource (get pods dns-test-d3a3f538-c6c2-4f10-a20e-7b95372822ec)&#xA;Aug 27 11:42:30.874: INFO: Unable to read jessie_tcp@PodARecord from pod dns-1879/dns-test-d3a3f538-c6c2-4f10-a20e-7b95372822ec: the server could not find the requested resource (get pods dns-test-d3a3f538-c6c2-4f10-a20e-7b95372822ec)&#xA;Aug 27 11:42:30.875: INFO: Lookups using dns-1879/dns-test-d3a3f538-c6c2-4f10-a20e-7b95372822ec failed for: [wheezy_udp@dns-test-service-2.dns-1879.svc.cluster.local wheezy_tcp@dns-test-service-2.dns-1879.svc.cluster.local wheezy_udp@PodARecord wheezy_tcp@PodARecord jessie_udp@dns-test-service-2.dns-1879.svc.cluster.local jessie_tcp@dns-test-service-2.dns-1879.svc.cluster.local jessie_udp@PodARecord jessie_tcp@PodARecord]&#xA;&#xA;Aug 27 11:42:35.835: INFO: Unable to read wheezy_udp@dns-test-service-2.dns-1879.svc.cluster.local from pod dns-1879/dns-test-d3a3f538-c6c2-4f10-a20e-7b95372822ec: the server could not find the requested resource (get pods dns-test-d3a3f538-c6c2-4f10-a20e-7b95372822ec)&#xA;Aug 27 11:42:35.859: INFO: Unable to read wheezy_tcp@dns-test-service-2.dns-1879.svc.cluster.local from pod dns-1879/dns-test-d3a3f538-c6c2-4f10-a20e-7b95372822ec: the server could not find the requested resource (get pods dns-test-d3a3f538-c6c2-4f10-a20e-7b95372822ec)&#xA;Aug 27 11:42:35.866: INFO: Unable to read wheezy_udp@PodARecord from pod dns-1879/dns-test-d3a3f538-c6c2-4f10-a20e-7b95372822ec: the server could not find the requested resource (get pods dns-test-d3a3f538-c6c2-4f10-a20e-7b95372822ec)&#xA;Aug 27 11:42:35.886: INFO: Unable to read wheezy_tcp@PodARecord from pod dns-1879/dns-test-d3a3f538-c6c2-4f10-a20e-7b95372822ec: the server could not find the requested resource (get pods dns-test-d3a3f538-c6c2-4f10-a20e-7b95372822ec)&#xA;Aug 27 11:42:35.937: INFO: Unable to read jessie_udp@dns-test-service-2.dns-1879.svc.cluster.local from pod dns-1879/dns-test-d3a3f538-c6c2-4f10-a20e-7b95372822ec: the server could not find the requested resource (get pods dns-test-d3a3f538-c6c2-4f10-a20e-7b95372822ec)&#xA;Aug 27 11:42:35.941: INFO: Unable to read jessie_tcp@dns-test-service-2.dns-1879.svc.cluster.local from pod dns-1879/dns-test-d3a3f538-c6c2-4f10-a20e-7b95372822ec: the server could not find the requested resource (get pods dns-test-d3a3f538-c6c2-4f10-a20e-7b95372822ec)&#xA;Aug 27 11:42:35.956: INFO: Unable to read jessie_udp@PodARecord from pod dns-1879/dns-test-d3a3f538-c6c2-4f10-a20e-7b95372822ec: the server could not find the requested resource (get pods dns-test-d3a3f538-c6c2-4f10-a20e-7b95372822ec)&#xA;Aug 27 11:42:35.965: INFO: Unable to read jessie_tcp@PodARecord from pod dns-1879/dns-test-d3a3f538-c6c2-4f10-a20e-7b95372822ec: the server could not find the requested resource (get pods dns-test-d3a3f538-c6c2-4f10-a20e-7b95372822ec)&#xA;Aug 27 11:42:35.965: INFO: Lookups using dns-1879/dns-test-d3a3f538-c6c2-4f10-a20e-7b95372822ec failed for: [wheezy_udp@dns-test-service-2.dns-1879.svc.cluster.local wheezy_tcp@dns-test-service-2.dns-1879.svc.cluster.local wheezy_udp@PodARecord wheezy_tcp@PodARecord jessie_udp@dns-test-service-2.dns-1879.svc.cluster.local jessie_tcp@dns-test-service-2.dns-1879.svc.cluster.local jessie_udp@PodARecord jessie_tcp@PodARecord]&#xA;&#xA;Aug 27 11:42:40.788: INFO: Unable to read wheezy_udp@dns-test-service-2.dns-1879.svc.cluster.local from pod dns-1879/dns-test-d3a3f538-c6c2-4f10-a20e-7b95372822ec: the server could not find the requested resource (get pods dns-test-d3a3f538-c6c2-4f10-a20e-7b95372822ec)&#xA;Aug 27 11:42:40.792: INFO: Unable to read wheezy_tcp@dns-test-service-2.dns-1879.svc.cluster.local from pod dns-1879/dns-test-d3a3f538-c6c2-4f10-a20e-7b95372822ec: the server could not find the requested resource (get pods dns-test-d3a3f538-c6c2-4f10-a20e-7b95372822ec)&#xA;Aug 27 11:42:40.806: INFO: Unable to read wheezy_udp@PodARecord from pod dns-1879/dns-test-d3a3f538-c6c2-4f10-a20e-7b95372822ec: the server could not find the requested resource (get pods dns-test-d3a3f538-c6c2-4f10-a20e-7b95372822ec)&#xA;Aug 27 11:42:40.822: INFO: Unable to read wheezy_tcp@PodARecord from pod dns-1879/dns-test-d3a3f538-c6c2-4f10-a20e-7b95372822ec: the server could not find the requested resource (get pods dns-test-d3a3f538-c6c2-4f10-a20e-7b95372822ec)&#xA;Aug 27 11:42:40.834: INFO: Unable to read jessie_udp@dns-test-service-2.dns-1879.svc.cluster.local from pod dns-1879/dns-test-d3a3f538-c6c2-4f10-a20e-7b95372822ec: the server could not find the requested resource (get pods dns-test-d3a3f538-c6c2-4f10-a20e-7b95372822ec)&#xA;Aug 27 11:42:40.838: INFO: Unable to read jessie_tcp@dns-test-service-2.dns-1879.svc.cluster.local from pod dns-1879/dns-test-d3a3f538-c6c2-4f10-a20e-7b95372822ec: the server could not find the requested resource (get pods dns-test-d3a3f538-c6c2-4f10-a20e-7b95372822ec)&#xA;Aug 27 11:42:40.845: INFO: Unable to read jessie_udp@PodARecord from pod dns-1879/dns-test-d3a3f538-c6c2-4f10-a20e-7b95372822ec: the server could not find the requested resource (get pods dns-test-d3a3f538-c6c2-4f10-a20e-7b95372822ec)&#xA;Aug 27 11:42:40.852: INFO: Unable to read jessie_tcp@PodARecord from pod dns-1879/dns-test-d3a3f538-c6c2-4f10-a20e-7b95372822ec: the server could not find the requested resource (get pods dns-test-d3a3f538-c6c2-4f10-a20e-7b95372822ec)&#xA;Aug 27 11:42:40.852: INFO: Lookups using dns-1879/dns-test-d3a3f538-c6c2-4f10-a20e-7b95372822ec failed for: [wheezy_udp@dns-test-service-2.dns-1879.svc.cluster.local wheezy_tcp@dns-test-service-2.dns-1879.svc.cluster.local wheezy_udp@PodARecord wheezy_tcp@PodARecord jessie_udp@dns-test-service-2.dns-1879.svc.cluster.local jessie_tcp@dns-test-service-2.dns-1879.svc.cluster.local jessie_udp@PodARecord jessie_tcp@PodARecord]&#xA;&#xA;Aug 27 11:42:45.823: INFO: Unable to read wheezy_udp@dns-test-service-2.dns-1879.svc.cluster.local from pod dns-1879/dns-test-d3a3f538-c6c2-4f10-a20e-7b95372822ec: the server could not find the requested resource (get pods dns-test-d3a3f538-c6c2-4f10-a20e-7b95372822ec)&#xA;Aug 27 11:42:45.835: INFO: Unable to read wheezy_tcp@dns-test-service-2.dns-1879.svc.cluster.local from pod dns-1879/dns-test-d3a3f538-c6c2-4f10-a20e-7b95372822ec: the server could not find the requested resource (get pods dns-test-d3a3f538-c6c2-4f10-a20e-7b95372822ec)&#xA;Aug 27 11:42:45.857: INFO: Unable to read wheezy_udp@PodARecord from pod dns-1879/dns-test-d3a3f538-c6c2-4f10-a20e-7b95372822ec: the server could not find the requested resource (get pods dns-test-d3a3f538-c6c2-4f10-a20e-7b95372822ec)&#xA;Aug 27 11:42:45.864: INFO: Unable to read wheezy_tcp@PodARecord from pod dns-1879/dns-test-d3a3f538-c6c2-4f10-a20e-7b95372822ec: the server could not find the requested resource (get pods dns-test-d3a3f538-c6c2-4f10-a20e-7b95372822ec)&#xA;Aug 27 11:42:45.888: INFO: Unable to read jessie_udp@dns-test-service-2.dns-1879.svc.cluster.local from pod dns-1879/dns-test-d3a3f538-c6c2-4f10-a20e-7b95372822ec: the server could not find the requested resource (get pods dns-test-d3a3f538-c6c2-4f10-a20e-7b95372822ec)&#xA;Aug 27 11:42:45.894: INFO: Unable to read jessie_tcp@dns-test-service-2.dns-1879.svc.cluster.local from pod dns-1879/dns-test-d3a3f538-c6c2-4f10-a20e-7b95372822ec: the server could not find the requested resource (get pods dns-test-d3a3f538-c6c2-4f10-a20e-7b95372822ec)&#xA;Aug 27 11:42:45.901: INFO: Unable to read jessie_udp@PodARecord from pod dns-1879/dns-test-d3a3f538-c6c2-4f10-a20e-7b95372822ec: the server could not find the requested resource (get pods dns-test-d3a3f538-c6c2-4f10-a20e-7b95372822ec)&#xA;Aug 27 11:42:45.904: INFO: Unable to read jessie_tcp@PodARecord from pod dns-1879/dns-test-d3a3f538-c6c2-4f10-a20e-7b95372822ec: the server could not find the requested resource (get pods dns-test-d3a3f538-c6c2-4f10-a20e-7b95372822ec)&#xA;Aug 27 11:42:45.904: INFO: Lookups using dns-1879/dns-test-d3a3f538-c6c2-4f10-a20e-7b95372822ec failed for: [wheezy_udp@dns-test-service-2.dns-1879.svc.cluster.local wheezy_tcp@dns-test-service-2.dns-1879.svc.cluster.local wheezy_udp@PodARecord wheezy_tcp@PodARecord jessie_udp@dns-test-service-2.dns-1879.svc.cluster.local jessie_tcp@dns-test-service-2.dns-1879.svc.cluster.local jessie_udp@PodARecord jessie_tcp@PodARecord]&#xA;&#xA;Aug 27 11:42:50.790: INFO: Unable to read wheezy_udp@dns-test-service-2.dns-1879.svc.cluster.local from pod dns-1879/dns-test-d3a3f538-c6c2-4f10-a20e-7b95372822ec: the server could not find the requested resource (get pods dns-test-d3a3f538-c6c2-4f10-a20e-7b95372822ec)&#xA;Aug 27 11:42:50.793: INFO: Unable to read wheezy_tcp@dns-test-service-2.dns-1879.svc.cluster.local from pod dns-1879/dns-test-d3a3f538-c6c2-4f10-a20e-7b95372822ec: the server could not find the requested resource (get pods dns-test-d3a3f538-c6c2-4f10-a20e-7b95372822ec)&#xA;Aug 27 11:42:50.797: INFO: Unable to read wheezy_udp@PodARecord from pod dns-1879/dns-test-d3a3f538-c6c2-4f10-a20e-7b95372822ec: the server could not find the requested resource (get pods dns-test-d3a3f538-c6c2-4f10-a20e-7b95372822ec)&#xA;Aug 27 11:42:50.802: INFO: Unable to read wheezy_tcp@PodARecord from pod dns-1879/dns-test-d3a3f538-c6c2-4f10-a20e-7b95372822ec: the server could not find the requested resource (get pods dns-test-d3a3f538-c6c2-4f10-a20e-7b95372822ec)&#xA;Aug 27 11:42:50.814: INFO: Unable to read jessie_udp@dns-test-service-2.dns-1879.svc.cluster.local from pod dns-1879/dns-test-d3a3f538-c6c2-4f10-a20e-7b95372822ec: the server could not find the requested resource (get pods dns-test-d3a3f538-c6c2-4f10-a20e-7b95372822ec)&#xA;Aug 27 11:42:50.817: INFO: Unable to read jessie_tcp@dns-test-service-2.dns-1879.svc.cluster.local from pod dns-1879/dns-test-d3a3f538-c6c2-4f10-a20e-7b95372822ec: the server could not find the requested resource (get pods dns-test-d3a3f538-c6c2-4f10-a20e-7b95372822ec)&#xA;Aug 27 11:42:50.821: INFO: Unable to read jessie_udp@PodARecord from pod dns-1879/dns-test-d3a3f538-c6c2-4f10-a20e-7b95372822ec: the server could not find the requested resource (get pods dns-test-d3a3f538-c6c2-4f10-a20e-7b95372822ec)&#xA;Aug 27 11:42:50.827: INFO: Unable to read jessie_tcp@PodARecord from pod dns-1879/dns-test-d3a3f538-c6c2-4f10-a20e-7b95372822ec: the server could not find the requested resource (get pods dns-test-d3a3f538-c6c2-4f10-a20e-7b95372822ec)&#xA;Aug 27 11:42:50.828: INFO: Lookups using dns-1879/dns-test-d3a3f538-c6c2-4f10-a20e-7b95372822ec failed for: [wheezy_udp@dns-test-service-2.dns-1879.svc.cluster.local wheezy_tcp@dns-test-service-2.dns-1879.svc.cluster.local wheezy_udp@PodARecord wheezy_tcp@PodARecord jessie_udp@dns-test-service-2.dns-1879.svc.cluster.local jessie_tcp@dns-test-service-2.dns-1879.svc.cluster.local jessie_udp@PodARecord jessie_tcp@PodARecord]&#xA;&#xA;Aug 27 11:42:55.790: INFO: Unable to read wheezy_udp@dns-test-service-2.dns-1879.svc.cluster.local from pod dns-1879/dns-test-d3a3f538-c6c2-4f10-a20e-7b95372822ec: the server could not find the requested resource (get pods dns-test-d3a3f538-c6c2-4f10-a20e-7b95372822ec)&#xA;Aug 27 11:42:55.794: INFO: Unable to read wheezy_tcp@dns-test-service-2.dns-1879.svc.cluster.local from pod dns-1879/dns-test-d3a3f538-c6c2-4f10-a20e-7b95372822ec: the server could not find the requested resource (get pods dns-test-d3a3f538-c6c2-4f10-a20e-7b95372822ec)&#xA;Aug 27 11:42:55.799: INFO: Unable to read wheezy_udp@PodARecord from pod dns-1879/dns-test-d3a3f538-c6c2-4f10-a20e-7b95372822ec: the server could not find the requested resource (get pods dns-test-d3a3f538-c6c2-4f10-a20e-7b95372822ec)&#xA;Aug 27 11:42:55.803: INFO: Unable to read wheezy_tcp@PodARecord from pod dns-1879/dns-test-d3a3f538-c6c2-4f10-a20e-7b95372822ec: the server could not find the requested resource (get pods dns-test-d3a3f538-c6c2-4f10-a20e-7b95372822ec)&#xA;Aug 27 11:42:55.837: INFO: Unable to read jessie_udp@dns-test-service-2.dns-1879.svc.cluster.local from pod dns-1879/dns-test-d3a3f538-c6c2-4f10-a20e-7b95372822ec: the server could not find the requested resource (get pods dns-test-d3a3f538-c6c2-4f10-a20e-7b95372822ec)&#xA;Aug 27 11:42:55.841: INFO: Unable to read jessie_tcp@dns-test-service-2.dns-1879.svc.cluster.local from pod dns-1879/dns-test-d3a3f538-c6c2-4f10-a20e-7b95372822ec: the server could not find the requested resource (get pods dns-test-d3a3f538-c6c2-4f10-a20e-7b95372822ec)&#xA;Aug 27 11:42:55.845: INFO: Unable to read jessie_udp@PodARecord from pod dns-1879/dns-test-d3a3f538-c6c2-4f10-a20e-7b95372822ec: the server could not find the requested resource (get pods dns-test-d3a3f538-c6c2-4f10-a20e-7b95372822ec)&#xA;Aug 27 11:42:55.850: INFO: Unable to read jessie_tcp@PodARecord from pod dns-1879/dns-test-d3a3f538-c6c2-4f10-a20e-7b95372822ec: the server could not find the requested resource (get pods dns-test-d3a3f538-c6c2-4f10-a20e-7b95372822ec)&#xA;Aug 27 11:42:55.850: INFO: Lookups using dns-1879/dns-test-d3a3f538-c6c2-4f10-a20e-7b95372822ec failed for: [wheezy_udp@dns-test-service-2.dns-1879.svc.cluster.local wheezy_tcp@dns-test-service-2.dns-1879.svc.cluster.local wheezy_udp@PodARecord wheezy_tcp@PodARecord jessie_udp@dns-test-service-2.dns-1879.svc.cluster.local jessie_tcp@dns-test-service-2.dns-1879.svc.cluster.local jessie_udp@PodARecord jessie_tcp@PodARecord]&#xA;&#xA;Aug 27 11:43:00.788: INFO: Unable to read wheezy_udp@dns-test-service-2.dns-1879.svc.cluster.local from pod dns-1879/dns-test-d3a3f538-c6c2-4f10-a20e-7b95372822ec: the server could not find the requested resource (get pods dns-test-d3a3f538-c6c2-4f10-a20e-7b95372822ec)&#xA;Aug 27 11:43:00.792: INFO: Unable to read wheezy_tcp@dns-test-service-2.dns-1879.svc.cluster.local from pod dns-1879/dns-test-d3a3f538-c6c2-4f10-a20e-7b95372822ec: the server could not find the requested resource (get pods dns-test-d3a3f538-c6c2-4f10-a20e-7b95372822ec)&#xA;Aug 27 11:43:00.796: INFO: Unable to read wheezy_udp@PodARecord from pod dns-1879/dns-test-d3a3f538-c6c2-4f10-a20e-7b95372822ec: the server could not find the requested resource (get pods dns-test-d3a3f538-c6c2-4f10-a20e-7b95372822ec)&#xA;Aug 27 11:43:00.800: INFO: Unable to read wheezy_tcp@PodARecord from pod dns-1879/dns-test-d3a3f538-c6c2-4f10-a20e-7b95372822ec: the server could not find the requested resource (get pods dns-test-d3a3f538-c6c2-4f10-a20e-7b95372822ec)&#xA;Aug 27 11:43:00.811: INFO: Unable to read jessie_udp@dns-test-service-2.dns-1879.svc.cluster.local from pod dns-1879/dns-test-d3a3f538-c6c2-4f10-a20e-7b95372822ec: the server could not find the requested resource (get pods dns-test-d3a3f538-c6c2-4f10-a20e-7b95372822ec)&#xA;Aug 27 11:43:00.814: INFO: Unable to read jessie_tcp@dns-test-service-2.dns-1879.svc.cluster.local from pod dns-1879/dns-test-d3a3f538-c6c2-4f10-a20e-7b95372822ec: the server could not find the requested resource (get pods dns-test-d3a3f538-c6c2-4f10-a20e-7b95372822ec)&#xA;Aug 27 11:43:00.818: INFO: Unable to read jessie_udp@PodARecord from pod dns-1879/dns-test-d3a3f538-c6c2-4f10-a20e-7b95372822ec: the server could not find the requested resource (get pods dns-test-d3a3f538-c6c2-4f10-a20e-7b95372822ec)&#xA;Aug 27 11:43:00.821: INFO: Unable to read jessie_tcp@PodARecord from pod dns-1879/dns-test-d3a3f538-c6c2-4f10-a20e-7b95372822ec: the server could not find the requested resource (get pods dns-test-d3a3f538-c6c2-4f10-a20e-7b95372822ec)&#xA;Aug 27 11:43:00.821: INFO: Lookups using dns-1879/dns-test-d3a3f538-c6c2-4f10-a20e-7b95372822ec failed for: [wheezy_udp@dns-test-service-2.dns-1879.svc.cluster.local wheezy_tcp@dns-test-service-2.dns-1879.svc.cluster.local wheezy_udp@PodARecord wheezy_tcp@PodARecord jessie_udp@dns-test-service-2.dns-1879.svc.cluster.local jessie_tcp@dns-test-service-2.dns-1879.svc.cluster.local jessie_udp@PodARecord jessie_tcp@PodARecord]&#xA;&#xA;Aug 27 11:43:05.805: INFO: Unable to read wheezy_udp@dns-test-service-2.dns-1879.svc.cluster.local from pod dns-1879/dns-test-d3a3f538-c6c2-4f10-a20e-7b95372822ec: the server could not find the requested resource (get pods dns-test-d3a3f538-c6c2-4f10-a20e-7b95372822ec)&#xA;Aug 27 11:43:05.809: INFO: Unable to read wheezy_tcp@dns-test-service-2.dns-1879.svc.cluster.local from pod dns-1879/dns-test-d3a3f538-c6c2-4f10-a20e-7b95372822ec: the server could not find the requested resource (get pods dns-test-d3a3f538-c6c2-4f10-a20e-7b95372822ec)&#xA;Aug 27 11:43:05.813: INFO: Unable to read wheezy_udp@PodARecord from pod dns-1879/dns-test-d3a3f538-c6c2-4f10-a20e-7b95372822ec: the server could not find the requested resource (get pods dns-test-d3a3f538-c6c2-4f10-a20e-7b95372822ec)&#xA;Aug 27 11:43:05.817: INFO: Unable to read wheezy_tcp@PodARecord from pod dns-1879/dns-test-d3a3f538-c6c2-4f10-a20e-7b95372822ec: the server could not find the requested resource (get pods dns-test-d3a3f538-c6c2-4f10-a20e-7b95372822ec)&#xA;Aug 27 11:43:05.837: INFO: Unable to read jessie_udp@dns-test-service-2.dns-1879.svc.cluster.local from pod dns-1879/dns-test-d3a3f538-c6c2-4f10-a20e-7b95372822ec: the server could not find the requested resource (get pods dns-test-d3a3f538-c6c2-4f10-a20e-7b95372822ec)&#xA;Aug 27 11:43:05.849: INFO: Unable to read jessie_tcp@dns-test-service-2.dns-1879.svc.cluster.local from pod dns-1879/dns-test-d3a3f538-c6c2-4f10-a20e-7b95372822ec: the server could not find the requested resource (get pods dns-test-d3a3f538-c6c2-4f10-a20e-7b95372822ec)&#xA;Aug 27 11:43:05.858: INFO: Unable to read jessie_udp@PodARecord from pod dns-1879/dns-test-d3a3f538-c6c2-4f10-a20e-7b95372822ec: the server could not find the requested resource (get pods dns-test-d3a3f538-c6c2-4f10-a20e-7b95372822ec)&#xA;Aug 27 11:43:05.870: INFO: Unable to read jessie_tcp@PodARecord from pod dns-1879/dns-test-d3a3f538-c6c2-4f10-a20e-7b95372822ec: the server could not find the requested resource (get pods dns-test-d3a3f538-c6c2-4f10-a20e-7b95372822ec)&#xA;Aug 27 11:43:05.870: INFO: Lookups using dns-1879/dns-test-d3a3f538-c6c2-4f10-a20e-7b95372822ec failed for: [wheezy_udp@dns-test-service-2.dns-1879.svc.cluster.local wheezy_tcp@dns-test-service-2.dns-1879.svc.cluster.local wheezy_udp@PodARecord wheezy_tcp@PodARecord jessie_udp@dns-test-service-2.dns-1879.svc.cluster.local jessie_tcp@dns-test-service-2.dns-1879.svc.cluster.local jessie_udp@PodARecord jessie_tcp@PodARecord]&#xA;&#xA;Aug 27 11:43:10.787: INFO: Unable to read wheezy_udp@dns-test-service-2.dns-1879.svc.cluster.local from pod dns-1879/dns-test-d3a3f538-c6c2-4f10-a20e-7b95372822ec: the server could not find the requested resource (get pods dns-test-d3a3f538-c6c2-4f10-a20e-7b95372822ec)&#xA;Aug 27 11:43:10.790: INFO: Unable to read wheezy_tcp@dns-test-service-2.dns-1879.svc.cluster.local from pod dns-1879/dns-test-d3a3f538-c6c2-4f10-a20e-7b95372822ec: the server could not find the requested resource (get pods dns-test-d3a3f538-c6c2-4f10-a20e-7b95372822ec)&#xA;Aug 27 11:43:10.793: INFO: Unable to read wheezy_udp@PodARecord from pod dns-1879/dns-test-d3a3f538-c6c2-4f10-a20e-7b95372822ec: the server could not find the requested resource (get pods dns-test-d3a3f538-c6c2-4f10-a20e-7b95372822ec)&#xA;Aug 27 11:43:10.797: INFO: Unable to read wheezy_tcp@PodARecord from pod dns-1879/dns-test-d3a3f538-c6c2-4f10-a20e-7b95372822ec: the server could not find the requested resource (get pods dns-test-d3a3f538-c6c2-4f10-a20e-7b95372822ec)&#xA;Aug 27 11:43:10.805: INFO: Unable to read jessie_udp@dns-test-service-2.dns-1879.svc.cluster.local from pod dns-1879/dns-test-d3a3f538-c6c2-4f10-a20e-7b95372822ec: the server could not find the requested resource (get pods dns-test-d3a3f538-c6c2-4f10-a20e-7b95372822ec)&#xA;Aug 27 11:43:10.810: INFO: Unable to read jessie_tcp@dns-test-service-2.dns-1879.svc.cluster.local from pod dns-1879/dns-test-d3a3f538-c6c2-4f10-a20e-7b95372822ec: the server could not find the requested resource (get pods dns-test-d3a3f538-c6c2-4f10-a20e-7b95372822ec)&#xA;Aug 27 11:43:10.813: INFO: Unable to read jessie_udp@PodARecord from pod dns-1879/dns-test-d3a3f538-c6c2-4f10-a20e-7b95372822ec: the server could not find the requested resource (get pods dns-test-d3a3f538-c6c2-4f10-a20e-7b95372822ec)&#xA;Aug 27 11:43:10.817: INFO: Unable to read jessie_tcp@PodARecord from pod dns-1879/dns-test-d3a3f538-c6c2-4f10-a20e-7b95372822ec: the server could not find the requested resource (get pods dns-test-d3a3f538-c6c2-4f10-a20e-7b95372822ec)&#xA;Aug 27 11:43:10.817: INFO: Lookups using dns-1879/dns-test-d3a3f538-c6c2-4f10-a20e-7b95372822ec failed for: [wheezy_udp@dns-test-service-2.dns-1879.svc.cluster.local wheezy_tcp@dns-test-service-2.dns-1879.svc.cluster.local wheezy_udp@PodARecord wheezy_tcp@PodARecord jessie_udp@dns-test-service-2.dns-1879.svc.cluster.local jessie_tcp@dns-test-service-2.dns-1879.svc.cluster.local jessie_udp@PodARecord jessie_tcp@PodARecord]&#xA;&#xA;Aug 27 11:43:15.791: INFO: Unable to read wheezy_udp@dns-test-service-2.dns-1879.svc.cluster.local from pod dns-1879/dns-test-d3a3f538-c6c2-4f10-a20e-7b95372822ec: the server could not find the requested resource (get pods dns-test-d3a3f538-c6c2-4f10-a20e-7b95372822ec)&#xA;Aug 27 11:43:15.800: INFO: Unable to read wheezy_tcp@dns-test-service-2.dns-1879.svc.cluster.local from pod dns-1879/dns-test-d3a3f538-c6c2-4f10-a20e-7b95372822ec: the server could not find the requested resource (get pods dns-test-d3a3f538-c6c2-4f10-a20e-7b95372822ec)&#xA;Aug 27 11:43:15.806: INFO: Unable to read wheezy_udp@PodARecord from pod dns-1879/dns-test-d3a3f538-c6c2-4f10-a20e-7b95372822ec: the server could not find the requested resource (get pods dns-test-d3a3f538-c6c2-4f10-a20e-7b95372822ec)&#xA;Aug 27 11:43:15.819: INFO: Unable to read wheezy_tcp@PodARecord from pod dns-1879/dns-test-d3a3f538-c6c2-4f10-a20e-7b95372822ec: the server could not find the requested resource (get pods dns-test-d3a3f538-c6c2-4f10-a20e-7b95372822ec)&#xA;Aug 27 11:43:15.849: INFO: Unable to read jessie_udp@dns-test-service-2.dns-1879.svc.cluster.local from pod dns-1879/dns-test-d3a3f538-c6c2-4f10-a20e-7b95372822ec: the server could not find the requested resource (get pods dns-test-d3a3f538-c6c2-4f10-a20e-7b95372822ec)&#xA;Aug 27 11:43:15.862: INFO: Unable to read jessie_tcp@dns-test-service-2.dns-1879.svc.cluster.local from pod dns-1879/dns-test-d3a3f538-c6c2-4f10-a20e-7b95372822ec: the server could not find the requested resource (get pods dns-test-d3a3f538-c6c2-4f10-a20e-7b95372822ec)&#xA;Aug 27 11:43:15.867: INFO: Unable to read jessie_udp@PodARecord from pod dns-1879/dns-test-d3a3f538-c6c2-4f10-a20e-7b95372822ec: the server could not find the requested resource (get pods dns-test-d3a3f538-c6c2-4f10-a20e-7b95372822ec)&#xA;Aug 27 11:43:15.872: INFO: Unable to read jessie_tcp@PodARecord from pod dns-1879/dns-test-d3a3f538-c6c2-4f10-a20e-7b95372822ec: the server could not find the requested resource (get pods dns-test-d3a3f538-c6c2-4f10-a20e-7b95372822ec)&#xA;Aug 27 11:43:15.872: INFO: Lookups using dns-1879/dns-test-d3a3f538-c6c2-4f10-a20e-7b95372822ec failed for: [wheezy_udp@dns-test-service-2.dns-1879.svc.cluster.local wheezy_tcp@dns-test-service-2.dns-1879.svc.cluster.local wheezy_udp@PodARecord wheezy_tcp@PodARecord jessie_udp@dns-test-service-2.dns-1879.svc.cluster.local jessie_tcp@dns-test-service-2.dns-1879.svc.cluster.local jessie_udp@PodARecord jessie_tcp@PodARecord]&#xA;&#xA;Aug 27 11:43:20.786: INFO: Unable to read wheezy_udp@dns-test-service-2.dns-1879.svc.cluster.local from pod dns-1879/dns-test-d3a3f538-c6c2-4f10-a20e-7b95372822ec: the server could not find the requested resource (get pods dns-test-d3a3f538-c6c2-4f10-a20e-7b95372822ec)&#xA;Aug 27 11:43:20.789: INFO: Unable to read wheezy_tcp@dns-test-service-2.dns-1879.svc.cluster.local from pod dns-1879/dns-test-d3a3f538-c6c2-4f10-a20e-7b95372822ec: the server could not find the requested resource (get pods dns-test-d3a3f538-c6c2-4f10-a20e-7b95372822ec)&#xA;Aug 27 11:43:20.792: INFO: Unable to read wheezy_udp@PodARecord from pod dns-1879/dns-test-d3a3f538-c6c2-4f10-a20e-7b95372822ec: the server could not find the requested resource (get pods dns-test-d3a3f538-c6c2-4f10-a20e-7b95372822ec)&#xA;Aug 27 11:43:20.794: INFO: Unable to read wheezy_tcp@PodARecord from pod dns-1879/dns-test-d3a3f538-c6c2-4f10-a20e-7b95372822ec: the server could not find the requested resource (get pods dns-test-d3a3f538-c6c2-4f10-a20e-7b95372822ec)&#xA;Aug 27 11:43:20.803: INFO: Unable to read jessie_udp@dns-test-service-2.dns-1879.svc.cluster.local from pod dns-1879/dns-test-d3a3f538-c6c2-4f10-a20e-7b95372822ec: the server could not find the requested resource (get pods dns-test-d3a3f538-c6c2-4f10-a20e-7b95372822ec)&#xA;Aug 27 11:43:20.806: INFO: Unable to read jessie_tcp@dns-test-service-2.dns-1879.svc.cluster.local from pod dns-1879/dns-test-d3a3f538-c6c2-4f10-a20e-7b95372822ec: the server could not find the requested resource (get pods dns-test-d3a3f538-c6c2-4f10-a20e-7b95372822ec)&#xA;Aug 27 11:43:20.809: INFO: Unable to read jessie_udp@PodARecord from pod dns-1879/dns-test-d3a3f538-c6c2-4f10-a20e-7b95372822ec: the server could not find the requested resource (get pods dns-test-d3a3f538-c6c2-4f10-a20e-7b95372822ec)&#xA;Aug 27 11:43:20.812: INFO: Unable to read jessie_tcp@PodARecord from pod dns-1879/dns-test-d3a3f538-c6c2-4f10-a20e-7b95372822ec: the server could not find the requested resource (get pods dns-test-d3a3f538-c6c2-4f10-a20e-7b95372822ec)&#xA;Aug 27 11:43:20.812: INFO: Lookups using dns-1879/dns-test-d3a3f538-c6c2-4f10-a20e-7b95372822ec failed for: [wheezy_udp@dns-test-service-2.dns-1879.svc.cluster.local wheezy_tcp@dns-test-service-2.dns-1879.svc.cluster.local wheezy_udp@PodARecord wheezy_tcp@PodARecord jessie_udp@dns-test-service-2.dns-1879.svc.cluster.local jessie_tcp@dns-test-service-2.dns-1879.svc.cluster.local jessie_udp@PodARecord jessie_tcp@PodARecord]&#xA;&#xA;Aug 27 11:43:25.846: INFO: Unable to read wheezy_udp@dns-test-service-2.dns-1879.svc.cluster.local from pod dns-1879/dns-test-d3a3f538-c6c2-4f10-a20e-7b95372822ec: the server could not find the requested resource (get pods dns-test-d3a3f538-c6c2-4f10-a20e-7b95372822ec)&#xA;Aug 27 11:43:25.878: INFO: Unable to read wheezy_tcp@dns-test-service-2.dns-1879.svc.cluster.local from pod dns-1879/dns-test-d3a3f538-c6c2-4f10-a20e-7b95372822ec: the server could not find the requested resource (get pods dns-test-d3a3f538-c6c2-4f10-a20e-7b95372822ec)&#xA;Aug 27 11:43:25.904: INFO: Unable to read wheezy_udp@PodARecord from pod dns-1879/dns-test-d3a3f538-c6c2-4f10-a20e-7b95372822ec: the server could not find the requested resource (get pods dns-test-d3a3f538-c6c2-4f10-a20e-7b95372822ec)&#xA;Aug 27 11:43:25.932: INFO: Unable to read wheezy_tcp@PodARecord from pod dns-1879/dns-test-d3a3f538-c6c2-4f10-a20e-7b95372822ec: the server could not find the requested resource (get pods dns-test-d3a3f538-c6c2-4f10-a20e-7b95372822ec)&#xA;Aug 27 11:43:25.962: INFO: Unable to read jessie_udp@dns-test-service-2.dns-1879.svc.cluster.local from pod dns-1879/dns-test-d3a3f538-c6c2-4f10-a20e-7b95372822ec: the server could not find the requested resource (get pods dns-test-d3a3f538-c6c2-4f10-a20e-7b95372822ec)&#xA;Aug 27 11:43:25.974: INFO: Unable to read jessie_tcp@dns-test-service-2.dns-1879.svc.cluster.local from pod dns-1879/dns-test-d3a3f538-c6c2-4f10-a20e-7b95372822ec: the server could not find the requested resource (get pods dns-test-d3a3f538-c6c2-4f10-a20e-7b95372822ec)&#xA;Aug 27 11:43:25.980: INFO: Unable to read jessie_udp@PodARecord from pod dns-1879/dns-test-d3a3f538-c6c2-4f10-a20e-7b95372822ec: the server could not find the requested resource (get pods dns-test-d3a3f538-c6c2-4f10-a20e-7b95372822ec)&#xA;Aug 27 11:43:25.987: INFO: Unable to read jessie_tcp@PodARecord from pod dns-1879/dns-test-d3a3f538-c6c2-4f10-a20e-7b95372822ec: the server could not find the requested resource (get pods dns-test-d3a3f538-c6c2-4f10-a20e-7b95372822ec)&#xA;Aug 27 11:43:25.988: INFO: Lookups using dns-1879/dns-test-d3a3f538-c6c2-4f10-a20e-7b95372822ec failed for: [wheezy_udp@dns-test-service-2.dns-1879.svc.cluster.local wheezy_tcp@dns-test-service-2.dns-1879.svc.cluster.local wheezy_udp@PodARecord wheezy_tcp@PodARecord jessie_udp@dns-test-service-2.dns-1879.svc.cluster.local jessie_tcp@dns-test-service-2.dns-1879.svc.cluster.local jessie_udp@PodARecord jessie_tcp@PodARecord]&#xA;&#xA;Aug 27 11:43:30.787: INFO: Unable to read wheezy_udp@dns-test-service-2.dns-1879.svc.cluster.local from pod dns-1879/dns-test-d3a3f538-c6c2-4f10-a20e-7b95372822ec: the server could not find the requested resource (get pods dns-test-d3a3f538-c6c2-4f10-a20e-7b95372822ec)&#xA;Aug 27 11:43:30.791: INFO: Unable to read wheezy_tcp@dns-test-service-2.dns-1879.svc.cluster.local from pod dns-1879/dns-test-d3a3f538-c6c2-4f10-a20e-7b95372822ec: the server could not find the requested resource (get pods dns-test-d3a3f538-c6c2-4f10-a20e-7b95372822ec)&#xA;Aug 27 11:43:30.795: INFO: Unable to read wheezy_udp@PodARecord from pod dns-1879/dns-test-d3a3f538-c6c2-4f10-a20e-7b95372822ec: the server could not find the requested resource (get pods dns-test-d3a3f538-c6c2-4f10-a20e-7b95372822ec)&#xA;Aug 27 11:43:30.799: INFO: Unable to read wheezy_tcp@PodARecord from pod dns-1879/dns-test-d3a3f538-c6c2-4f10-a20e-7b95372822ec: the server could not find the requested resource (get pods dns-test-d3a3f538-c6c2-4f10-a20e-7b95372822ec)&#xA;Aug 27 11:43:30.812: INFO: Unable to read jessie_udp@dns-test-service-2.dns-1879.svc.cluster.local from pod dns-1879/dns-test-d3a3f538-c6c2-4f10-a20e-7b95372822ec: the server could not find the requested resource (get pods dns-test-d3a3f538-c6c2-4f10-a20e-7b95372822ec)&#xA;Aug 27 11:43:30.818: INFO: Unable to read jessie_tcp@dns-test-service-2.dns-1879.svc.cluster.local from pod dns-1879/dns-test-d3a3f538-c6c2-4f10-a20e-7b95372822ec: the server could not find the requested resource (get pods dns-test-d3a3f538-c6c2-4f10-a20e-7b95372822ec)&#xA;Aug 27 11:43:30.831: INFO: Unable to read jessie_udp@PodARecord from pod dns-1879/dns-test-d3a3f538-c6c2-4f10-a20e-7b95372822ec: the server could not find the requested resource (get pods dns-test-d3a3f538-c6c2-4f10-a20e-7b95372822ec)&#xA;Aug 27 11:43:30.839: INFO: Unable to read jessie_tcp@PodARecord from pod dns-1879/dns-test-d3a3f538-c6c2-4f10-a20e-7b95372822ec: the server could not find the requested resource (get pods dns-test-d3a3f538-c6c2-4f10-a20e-7b95372822ec)&#xA;Aug 27 11:43:30.839: INFO: Lookups using dns-1879/dns-test-d3a3f538-c6c2-4f10-a20e-7b95372822ec failed for: [wheezy_udp@dns-test-service-2.dns-1879.svc.cluster.local wheezy_tcp@dns-test-service-2.dns-1879.svc.cluster.local wheezy_udp@PodARecord wheezy_tcp@PodARecord jessie_udp@dns-test-service-2.dns-1879.svc.cluster.local jessie_tcp@dns-test-service-2.dns-1879.svc.cluster.local jessie_udp@PodARecord jessie_tcp@PodARecord]&#xA;&#xA;Aug 27 11:43:35.800: INFO: Unable to read wheezy_udp@dns-test-service-2.dns-1879.svc.cluster.local from pod dns-1879/dns-test-d3a3f538-c6c2-4f10-a20e-7b95372822ec: the server could not find the requested resource (get pods dns-test-d3a3f538-c6c2-4f10-a20e-7b95372822ec)&#xA;Aug 27 11:43:35.804: INFO: Unable to read wheezy_tcp@dns-test-service-2.dns-1879.svc.cluster.local from pod dns-1879/dns-test-d3a3f538-c6c2-4f10-a20e-7b95372822ec: the server could not find the requested resource (get pods dns-test-d3a3f538-c6c2-4f10-a20e-7b95372822ec)&#xA;Aug 27 11:43:35.811: INFO: Unable to read wheezy_udp@PodARecord from pod dns-1879/dns-test-d3a3f538-c6c2-4f10-a20e-7b95372822ec: the server could not find the requested resource (get pods dns-test-d3a3f538-c6c2-4f10-a20e-7b95372822ec)&#xA;Aug 27 11:43:35.816: INFO: Unable to read wheezy_tcp@PodARecord from pod dns-1879/dns-test-d3a3f538-c6c2-4f10-a20e-7b95372822ec: the server could not find the requested resource (get pods dns-test-d3a3f538-c6c2-4f10-a20e-7b95372822ec)&#xA;Aug 27 11:43:35.834: INFO: Unable to read jessie_udp@dns-test-service-2.dns-1879.svc.cluster.local from pod dns-1879/dns-test-d3a3f538-c6c2-4f10-a20e-7b95372822ec: the server could not find the requested resource (get pods dns-test-d3a3f538-c6c2-4f10-a20e-7b95372822ec)&#xA;Aug 27 11:43:35.839: INFO: Unable to read jessie_tcp@dns-test-service-2.dns-1879.svc.cluster.local from pod dns-1879/dns-test-d3a3f538-c6c2-4f10-a20e-7b95372822ec: the server could not find the requested resource (get pods dns-test-d3a3f538-c6c2-4f10-a20e-7b95372822ec)&#xA;Aug 27 11:43:35.852: INFO: Unable to read jessie_udp@PodARecord from pod dns-1879/dns-test-d3a3f538-c6c2-4f10-a20e-7b95372822ec: the server could not find the requested resource (get pods dns-test-d3a3f538-c6c2-4f10-a20e-7b95372822ec)&#xA;Aug 27 11:43:35.862: INFO: Unable to read jessie_tcp@PodARecord from pod dns-1879/dns-test-d3a3f538-c6c2-4f10-a20e-7b95372822ec: the server could not find the requested resource (get pods dns-test-d3a3f538-c6c2-4f10-a20e-7b95372822ec)&#xA;Aug 27 11:43:35.862: INFO: Lookups using dns-1879/dns-test-d3a3f538-c6c2-4f10-a20e-7b95372822ec failed for: [wheezy_udp@dns-test-service-2.dns-1879.svc.cluster.local wheezy_tcp@dns-test-service-2.dns-1879.svc.cluster.local wheezy_udp@PodARecord wheezy_tcp@PodARecord jessie_udp@dns-test-service-2.dns-1879.svc.cluster.local jessie_tcp@dns-test-service-2.dns-1879.svc.cluster.local jessie_udp@PodARecord jessie_tcp@PodARecord]&#xA;&#xA;Aug 27 11:43:40.787: INFO: Unable to read wheezy_udp@dns-test-service-2.dns-1879.svc.cluster.local from pod dns-1879/dns-test-d3a3f538-c6c2-4f10-a20e-7b95372822ec: the server could not find the requested resource (get pods dns-test-d3a3f538-c6c2-4f10-a20e-7b95372822ec)&#xA;Aug 27 11:43:40.791: INFO: Unable to read wheezy_tcp@dns-test-service-2.dns-1879.svc.cluster.local from pod dns-1879/dns-test-d3a3f538-c6c2-4f10-a20e-7b95372822ec: the server could not find the requested resource (get pods dns-test-d3a3f538-c6c2-4f10-a20e-7b95372822ec)&#xA;Aug 27 11:43:40.795: INFO: Unable to read wheezy_udp@PodARecord from pod dns-1879/dns-test-d3a3f538-c6c2-4f10-a20e-7b95372822ec: the server could not find the requested resource (get pods dns-test-d3a3f538-c6c2-4f10-a20e-7b95372822ec)&#xA;Aug 27 11:43:40.800: INFO: Unable to read wheezy_tcp@PodARecord from pod dns-1879/dns-test-d3a3f538-c6c2-4f10-a20e-7b95372822ec: the server could not find the requested resource (get pods dns-test-d3a3f538-c6c2-4f10-a20e-7b95372822ec)&#xA;Aug 27 11:43:40.814: INFO: Unable to read jessie_udp@dns-test-service-2.dns-1879.svc.cluster.local from pod dns-1879/dns-test-d3a3f538-c6c2-4f10-a20e-7b95372822ec: the server could not find the requested resource (get pods dns-test-d3a3f538-c6c2-4f10-a20e-7b95372822ec)&#xA;Aug 27 11:43:40.819: INFO: Unable to read jessie_tcp@dns-test-service-2.dns-1879.svc.cluster.local from pod dns-1879/dns-test-d3a3f538-c6c2-4f10-a20e-7b95372822ec: the server could not find the requested resource (get pods dns-test-d3a3f538-c6c2-4f10-a20e-7b95372822ec)&#xA;Aug 27 11:43:40.823: INFO: Unable to read jessie_udp@PodARecord from pod dns-1879/dns-test-d3a3f538-c6c2-4f10-a20e-7b95372822ec: the server could not find the requested resource (get pods dns-test-d3a3f538-c6c2-4f10-a20e-7b95372822ec)&#xA;Aug 27 11:43:40.827: INFO: Unable to read jessie_tcp@PodARecord from pod dns-1879/dns-test-d3a3f538-c6c2-4f10-a20e-7b95372822ec: the server could not find the requested resource (get pods dns-test-d3a3f538-c6c2-4f10-a20e-7b95372822ec)&#xA;Aug 27 11:43:40.828: INFO: Lookups using dns-1879/dns-test-d3a3f538-c6c2-4f10-a20e-7b95372822ec failed for: [wheezy_udp@dns-test-service-2.dns-1879.svc.cluster.local wheezy_tcp@dns-test-service-2.dns-1879.svc.cluster.local wheezy_udp@PodARecord wheezy_tcp@PodARecord jessie_udp@dns-test-service-2.dns-1879.svc.cluster.local jessie_tcp@dns-test-service-2.dns-1879.svc.cluster.local jessie_udp@PodARecord jessie_tcp@PodARecord]&#xA;&#xA;Aug 27 11:43:45.850: INFO: Unable to read wheezy_udp@dns-test-service-2.dns-1879.svc.cluster.local from pod dns-1879/dns-test-d3a3f538-c6c2-4f10-a20e-7b95372822ec: the server could not find the requested resource (get pods dns-test-d3a3f538-c6c2-4f10-a20e-7b95372822ec)&#xA;Aug 27 11:43:45.858: INFO: Unable to read wheezy_tcp@dns-test-service-2.dns-1879.svc.cluster.local from pod dns-1879/dns-test-d3a3f538-c6c2-4f10-a20e-7b95372822ec: the server could not find the requested resource (get pods dns-test-d3a3f538-c6c2-4f10-a20e-7b95372822ec)&#xA;Aug 27 11:43:45.867: INFO: Unable to read wheezy_udp@PodARecord from pod dns-1879/dns-test-d3a3f538-c6c2-4f10-a20e-7b95372822ec: the server could not find the requested resource (get pods dns-test-d3a3f538-c6c2-4f10-a20e-7b95372822ec)&#xA;Aug 27 11:43:45.874: INFO: Unable to read wheezy_tcp@PodARecord from pod dns-1879/dns-test-d3a3f538-c6c2-4f10-a20e-7b95372822ec: the server could not find the requested resource (get pods dns-test-d3a3f538-c6c2-4f10-a20e-7b95372822ec)&#xA;Aug 27 11:43:45.909: INFO: Unable to read jessie_udp@dns-test-service-2.dns-1879.svc.cluster.local from pod dns-1879/dns-test-d3a3f538-c6c2-4f10-a20e-7b95372822ec: the server could not find the requested resource (get pods dns-test-d3a3f538-c6c2-4f10-a20e-7b95372822ec)&#xA;Aug 27 11:43:45.915: INFO: Unable to read jessie_tcp@dns-test-service-2.dns-1879.svc.cluster.local from pod dns-1879/dns-test-d3a3f538-c6c2-4f10-a20e-7b95372822ec: the server could not find the requested resource (get pods dns-test-d3a3f538-c6c2-4f10-a20e-7b95372822ec)&#xA;Aug 27 11:43:45.921: INFO: Unable to read jessie_udp@PodARecord from pod dns-1879/dns-test-d3a3f538-c6c2-4f10-a20e-7b95372822ec: the server could not find the requested resource (get pods dns-test-d3a3f538-c6c2-4f10-a20e-7b95372822ec)&#xA;Aug 27 11:43:45.927: INFO: Unable to read jessie_tcp@PodARecord from pod dns-1879/dns-test-d3a3f538-c6c2-4f10-a20e-7b95372822ec: the server could not find the requested resource (get pods dns-test-d3a3f538-c6c2-4f10-a20e-7b95372822ec)&#xA;Aug 27 11:43:45.927: INFO: Lookups using dns-1879/dns-test-d3a3f538-c6c2-4f10-a20e-7b95372822ec failed for: [wheezy_udp@dns-test-service-2.dns-1879.svc.cluster.local wheezy_tcp@dns-test-service-2.dns-1879.svc.cluster.local wheezy_udp@PodARecord wheezy_tcp@PodARecord jessie_udp@dns-test-service-2.dns-1879.svc.cluster.local jessie_tcp@dns-test-service-2.dns-1879.svc.cluster.local jessie_udp@PodARecord jessie_tcp@PodARecord]&#xA;&#xA;Aug 27 11:43:50.787: INFO: Unable to read wheezy_udp@dns-test-service-2.dns-1879.svc.cluster.local from pod dns-1879/dns-test-d3a3f538-c6c2-4f10-a20e-7b95372822ec: the server could not find the requested resource (get pods dns-test-d3a3f538-c6c2-4f10-a20e-7b95372822ec)&#xA;Aug 27 11:43:50.790: INFO: Unable to read wheezy_tcp@dns-test-service-2.dns-1879.svc.cluster.local from pod dns-1879/dns-test-d3a3f538-c6c2-4f10-a20e-7b95372822ec: the server could not find the requested resource (get pods dns-test-d3a3f538-c6c2-4f10-a20e-7b95372822ec)&#xA;Aug 27 11:43:50.801: INFO: Unable to read wheezy_udp@PodARecord from pod dns-1879/dns-test-d3a3f538-c6c2-4f10-a20e-7b95372822ec: the server could not find the requested resource (get pods dns-test-d3a3f538-c6c2-4f10-a20e-7b95372822ec)&#xA;Aug 27 11:43:50.806: INFO: Unable to read wheezy_tcp@PodARecord from pod dns-1879/dns-test-d3a3f538-c6c2-4f10-a20e-7b95372822ec: the server could not find the requested resource (get pods dns-test-d3a3f538-c6c2-4f10-a20e-7b95372822ec)&#xA;Aug 27 11:43:50.818: INFO: Unable to read jessie_udp@dns-test-service-2.dns-1879.svc.cluster.local from pod dns-1879/dns-test-d3a3f538-c6c2-4f10-a20e-7b95372822ec: the server could not find the requested resource (get pods dns-test-d3a3f538-c6c2-4f10-a20e-7b95372822ec)&#xA;Aug 27 11:43:50.823: INFO: Unable to read jessie_tcp@dns-test-service-2.dns-1879.svc.cluster.local from pod dns-1879/dns-test-d3a3f538-c6c2-4f10-a20e-7b95372822ec: the server could not find the requested resource (get pods dns-test-d3a3f538-c6c2-4f10-a20e-7b95372822ec)&#xA;Aug 27 11:43:50.830: INFO: Unable to read jessie_udp@PodARecord from pod dns-1879/dns-test-d3a3f538-c6c2-4f10-a20e-7b95372822ec: the server could not find the requested resource (get pods dns-test-d3a3f538-c6c2-4f10-a20e-7b95372822ec)&#xA;Aug 27 11:43:50.835: INFO: Unable to read jessie_tcp@PodARecord from pod dns-1879/dns-test-d3a3f538-c6c2-4f10-a20e-7b95372822ec: the server could not find the requested resource (get pods dns-test-d3a3f538-c6c2-4f10-a20e-7b95372822ec)&#xA;Aug 27 11:43:50.835: INFO: Lookups using dns-1879/dns-test-d3a3f538-c6c2-4f10-a20e-7b95372822ec failed for: [wheezy_udp@dns-test-service-2.dns-1879.svc.cluster.local wheezy_tcp@dns-test-service-2.dns-1879.svc.cluster.local wheezy_udp@PodARecord wheezy_tcp@PodARecord jessie_udp@dns-test-service-2.dns-1879.svc.cluster.local jessie_tcp@dns-test-service-2.dns-1879.svc.cluster.local jessie_udp@PodARecord jessie_tcp@PodARecord]&#xA;&#xA;Aug 27 11:43:55.803: INFO: Unable to read wheezy_udp@dns-test-service-2.dns-1879.svc.cluster.local from pod dns-1879/dns-test-d3a3f538-c6c2-4f10-a20e-7b95372822ec: the server could not find the requested resource (get pods dns-test-d3a3f538-c6c2-4f10-a20e-7b95372822ec)&#xA;Aug 27 11:43:55.824: INFO: Unable to read wheezy_tcp@dns-test-service-2.dns-1879.svc.cluster.local from pod dns-1879/dns-test-d3a3f538-c6c2-4f10-a20e-7b95372822ec: the server could not find the requested resource (get pods dns-test-d3a3f538-c6c2-4f10-a20e-7b95372822ec)&#xA;Aug 27 11:43:55.837: INFO: Unable to read wheezy_udp@PodARecord from pod dns-1879/dns-test-d3a3f538-c6c2-4f10-a20e-7b95372822ec: the server could not find the requested resource (get pods dns-test-d3a3f538-c6c2-4f10-a20e-7b95372822ec)&#xA;Aug 27 11:43:55.847: INFO: Unable to read wheezy_tcp@PodARecord from pod dns-1879/dns-test-d3a3f538-c6c2-4f10-a20e-7b95372822ec: the server could not find the requested resource (get pods dns-test-d3a3f538-c6c2-4f10-a20e-7b95372822ec)&#xA;Aug 27 11:43:55.927: INFO: Unable to read jessie_udp@dns-test-service-2.dns-1879.svc.cluster.local from pod dns-1879/dns-test-d3a3f538-c6c2-4f10-a20e-7b95372822ec: the server could not find the requested resource (get pods dns-test-d3a3f538-c6c2-4f10-a20e-7b95372822ec)&#xA;Aug 27 11:43:55.956: INFO: Unable to read jessie_tcp@dns-test-service-2.dns-1879.svc.cluster.local from pod dns-1879/dns-test-d3a3f538-c6c2-4f10-a20e-7b95372822ec: the server could not find the requested resource (get pods dns-test-d3a3f538-c6c2-4f10-a20e-7b95372822ec)&#xA;Aug 27 11:43:55.970: INFO: Unable to read jessie_udp@PodARecord from pod dns-1879/dns-test-d3a3f538-c6c2-4f10-a20e-7b95372822ec: the server could not find the requested resource (get pods dns-test-d3a3f538-c6c2-4f10-a20e-7b95372822ec)&#xA;Aug 27 11:43:55.975: INFO: Unable to read jessie_tcp@PodARecord from pod dns-1879/dns-test-d3a3f538-c6c2-4f10-a20e-7b95372822ec: the server could not find the requested resource (get pods dns-test-d3a3f538-c6c2-4f10-a20e-7b95372822ec)&#xA;Aug 27 11:43:55.975: INFO: Lookups using dns-1879/dns-test-d3a3f538-c6c2-4f10-a20e-7b95372822ec failed for: [wheezy_udp@dns-test-service-2.dns-1879.svc.cluster.local wheezy_tcp@dns-test-service-2.dns-1879.svc.cluster.local wheezy_udp@PodARecord wheezy_tcp@PodARecord jessie_udp@dns-test-service-2.dns-1879.svc.cluster.local jessie_tcp@dns-test-service-2.dns-1879.svc.cluster.local jessie_udp@PodARecord jessie_tcp@PodARecord]&#xA;&#xA;Aug 27 11:44:00.788: INFO: Unable to read wheezy_udp@dns-test-service-2.dns-1879.svc.cluster.local from pod dns-1879/dns-test-d3a3f538-c6c2-4f10-a20e-7b95372822ec: the server could not find the requested resource (get pods dns-test-d3a3f538-c6c2-4f10-a20e-7b95372822ec)&#xA;Aug 27 11:44:00.792: INFO: Unable to read wheezy_tcp@dns-test-service-2.dns-1879.svc.cluster.local from pod dns-1879/dns-test-d3a3f538-c6c2-4f10-a20e-7b95372822ec: the server could not find the requested resource (get pods dns-test-d3a3f538-c6c2-4f10-a20e-7b95372822ec)&#xA;Aug 27 11:44:00.796: INFO: Unable to read wheezy_udp@PodARecord from pod dns-1879/dns-test-d3a3f538-c6c2-4f10-a20e-7b95372822ec: the server could not find the requested resource (get pods dns-test-d3a3f538-c6c2-4f10-a20e-7b95372822ec)&#xA;Aug 27 11:44:00.800: INFO: Unable to read wheezy_tcp@PodARecord from pod dns-1879/dns-test-d3a3f538-c6c2-4f10-a20e-7b95372822ec: the server could not find the requested resource (get pods dns-test-d3a3f538-c6c2-4f10-a20e-7b95372822ec)&#xA;Aug 27 11:44:00.811: INFO: Unable to read jessie_udp@dns-test-service-2.dns-1879.svc.cluster.local from pod dns-1879/dns-test-d3a3f538-c6c2-4f10-a20e-7b95372822ec: the server could not find the requested resource (get pods dns-test-d3a3f538-c6c2-4f10-a20e-7b95372822ec)&#xA;Aug 27 11:44:00.816: INFO: Unable to read jessie_tcp@dns-test-service-2.dns-1879.svc.cluster.local from pod dns-1879/dns-test-d3a3f538-c6c2-4f10-a20e-7b95372822ec: the server could not find the requested resource (get pods dns-test-d3a3f538-c6c2-4f10-a20e-7b95372822ec)&#xA;Aug 27 11:44:00.820: INFO: Unable to read jessie_udp@PodARecord from pod dns-1879/dns-test-d3a3f538-c6c2-4f10-a20e-7b95372822ec: the server could not find the requested resource (get pods dns-test-d3a3f538-c6c2-4f10-a20e-7b95372822ec)&#xA;Aug 27 11:44:00.827: INFO: Unable to read jessie_tcp@PodARecord from pod dns-1879/dns-test-d3a3f538-c6c2-4f10-a20e-7b95372822ec: the server could not find the requested resource (get pods dns-test-d3a3f538-c6c2-4f10-a20e-7b95372822ec)&#xA;Aug 27 11:44:00.827: INFO: Lookups using dns-1879/dns-test-d3a3f538-c6c2-4f10-a20e-7b95372822ec failed for: [wheezy_udp@dns-test-service-2.dns-1879.svc.cluster.local wheezy_tcp@dns-test-service-2.dns-1879.svc.cluster.local wheezy_udp@PodARecord wheezy_tcp@PodARecord jessie_udp@dns-test-service-2.dns-1879.svc.cluster.local jessie_tcp@dns-test-service-2.dns-1879.svc.cluster.local jessie_udp@PodARecord jessie_tcp@PodARecord]&#xA;&#xA;Aug 27 11:44:05.842: INFO: Unable to read wheezy_udp@dns-test-service-2.dns-1879.svc.cluster.local from pod dns-1879/dns-test-d3a3f538-c6c2-4f10-a20e-7b95372822ec: the server could not find the requested resource (get pods dns-test-d3a3f538-c6c2-4f10-a20e-7b95372822ec)&#xA;Aug 27 11:44:05.866: INFO: Unable to read wheezy_tcp@dns-test-service-2.dns-1879.svc.cluster.local from pod dns-1879/dns-test-d3a3f538-c6c2-4f10-a20e-7b95372822ec: the server could not find the requested resource (get pods dns-test-d3a3f538-c6c2-4f10-a20e-7b95372822ec)&#xA;Aug 27 11:44:05.922: INFO: Unable to read wheezy_udp@PodARecord from pod dns-1879/dns-test-d3a3f538-c6c2-4f10-a20e-7b95372822ec: the server could not find the requested resource (get pods dns-test-d3a3f538-c6c2-4f10-a20e-7b95372822ec)&#xA;Aug 27 11:44:05.934: INFO: Unable to read wheezy_tcp@PodARecord from pod dns-1879/dns-test-d3a3f538-c6c2-4f10-a20e-7b95372822ec: the server could not find the requested resource (get pods dns-test-d3a3f538-c6c2-4f10-a20e-7b95372822ec)&#xA;Aug 27 11:44:05.961: INFO: Unable to read jessie_udp@dns-test-service-2.dns-1879.svc.cluster.local from pod dns-1879/dns-test-d3a3f538-c6c2-4f10-a20e-7b95372822ec: the server could not find the requested resource (get pods dns-test-d3a3f538-c6c2-4f10-a20e-7b95372822ec)&#xA;Aug 27 11:44:05.964: INFO: Unable to read jessie_tcp@dns-test-service-2.dns-1879.svc.cluster.local from pod dns-1879/dns-test-d3a3f538-c6c2-4f10-a20e-7b95372822ec: the server could not find the requested resource (get pods dns-test-d3a3f538-c6c2-4f10-a20e-7b95372822ec)&#xA;Aug 27 11:44:05.968: INFO: Unable to read jessie_udp@PodARecord from pod dns-1879/dns-test-d3a3f538-c6c2-4f10-a20e-7b95372822ec: the server could not find the requested resource (get pods dns-test-d3a3f538-c6c2-4f10-a20e-7b95372822ec)&#xA;Aug 27 11:44:05.974: INFO: Unable to read jessie_tcp@PodARecord from pod dns-1879/dns-test-d3a3f538-c6c2-4f10-a20e-7b95372822ec: the server could not find the requested resource (get pods dns-test-d3a3f538-c6c2-4f10-a20e-7b95372822ec)&#xA;Aug 27 11:44:05.974: INFO: Lookups using dns-1879/dns-test-d3a3f538-c6c2-4f10-a20e-7b95372822ec failed for: [wheezy_udp@dns-test-service-2.dns-1879.svc.cluster.local wheezy_tcp@dns-test-service-2.dns-1879.svc.cluster.local wheezy_udp@PodARecord wheezy_tcp@PodARecord jessie_udp@dns-test-service-2.dns-1879.svc.cluster.local jessie_tcp@dns-test-service-2.dns-1879.svc.cluster.local jessie_udp@PodARecord jessie_tcp@PodARecord]&#xA;&#xA;Aug 27 11:44:10.792: INFO: Unable to read wheezy_udp@dns-test-service-2.dns-1879.svc.cluster.local from pod dns-1879/dns-test-d3a3f538-c6c2-4f10-a20e-7b95372822ec: the server could not find the requested resource (get pods dns-test-d3a3f538-c6c2-4f10-a20e-7b95372822ec)&#xA;Aug 27 11:44:10.799: INFO: Unable to read wheezy_tcp@dns-test-service-2.dns-1879.svc.cluster.local from pod dns-1879/dns-test-d3a3f538-c6c2-4f10-a20e-7b95372822ec: the server could not find the requested resource (get pods dns-test-d3a3f538-c6c2-4f10-a20e-7b95372822ec)&#xA;Aug 27 11:44:10.804: INFO: Unable to read wheezy_udp@PodARecord from pod dns-1879/dns-test-d3a3f538-c6c2-4f10-a20e-7b95372822ec: the server could not find the requested resource (get pods dns-test-d3a3f538-c6c2-4f10-a20e-7b95372822ec)&#xA;Aug 27 11:44:10.818: INFO: Unable to read wheezy_tcp@PodARecord from pod dns-1879/dns-test-d3a3f538-c6c2-4f10-a20e-7b95372822ec: the server could not find the requested resource (get pods dns-test-d3a3f538-c6c2-4f10-a20e-7b95372822ec)&#xA;Aug 27 11:44:10.847: INFO: Unable to read jessie_udp@dns-test-service-2.dns-1879.svc.cluster.local from pod dns-1879/dns-test-d3a3f538-c6c2-4f10-a20e-7b95372822ec: the server could not find the requested resource (get pods dns-test-d3a3f538-c6c2-4f10-a20e-7b95372822ec)&#xA;Aug 27 11:44:10.852: INFO: Unable to read jessie_tcp@dns-test-service-2.dns-1879.svc.cluster.local from pod dns-1879/dns-test-d3a3f538-c6c2-4f10-a20e-7b95372822ec: the server could not find the requested resource (get pods dns-test-d3a3f538-c6c2-4f10-a20e-7b95372822ec)&#xA;Aug 27 11:44:10.867: INFO: Unable to read jessie_udp@PodARecord from pod dns-1879/dns-test-d3a3f538-c6c2-4f10-a20e-7b95372822ec: the server could not find the requested resource (get pods dns-test-d3a3f538-c6c2-4f10-a20e-7b95372822ec)&#xA;Aug 27 11:44:10.879: INFO: Unable to read jessie_tcp@PodARecord from pod dns-1879/dns-test-d3a3f538-c6c2-4f10-a20e-7b95372822ec: the server could not find the requested resource (get pods dns-test-d3a3f538-c6c2-4f10-a20e-7b95372822ec)&#xA;Aug 27 11:44:10.879: INFO: Lookups using dns-1879/dns-test-d3a3f538-c6c2-4f10-a20e-7b95372822ec failed for: [wheezy_udp@dns-test-service-2.dns-1879.svc.cluster.local wheezy_tcp@dns-test-service-2.dns-1879.svc.cluster.local wheezy_udp@PodARecord wheezy_tcp@PodARecord jessie_udp@dns-test-service-2.dns-1879.svc.cluster.local jessie_tcp@dns-test-service-2.dns-1879.svc.cluster.local jessie_udp@PodARecord jessie_tcp@PodARecord]&#xA;&#xA;Aug 27 11:44:15.841: INFO: Unable to read wheezy_udp@dns-test-service-2.dns-1879.svc.cluster.local from pod dns-1879/dns-test-d3a3f538-c6c2-4f10-a20e-7b95372822ec: the server could not find the requested resource (get pods dns-test-d3a3f538-c6c2-4f10-a20e-7b95372822ec)&#xA;Aug 27 11:44:15.882: INFO: Unable to read wheezy_tcp@dns-test-service-2.dns-1879.svc.cluster.local from pod dns-1879/dns-test-d3a3f538-c6c2-4f10-a20e-7b95372822ec: the server could not find the requested resource (get pods dns-test-d3a3f538-c6c2-4f10-a20e-7b95372822ec)&#xA;Aug 27 11:44:15.904: INFO: Unable to read wheezy_udp@PodARecord from pod dns-1879/dns-test-d3a3f538-c6c2-4f10-a20e-7b95372822ec: the server could not find the requested resource (get pods dns-test-d3a3f538-c6c2-4f10-a20e-7b95372822ec)&#xA;Aug 27 11:44:15.938: INFO: Unable to read wheezy_tcp@PodARecord from pod dns-1879/dns-test-d3a3f538-c6c2-4f10-a20e-7b95372822ec: the server could not find the requested resource (get pods dns-test-d3a3f538-c6c2-4f10-a20e-7b95372822ec)&#xA;Aug 27 11:44:15.977: INFO: Unable to read jessie_udp@dns-test-service-2.dns-1879.svc.cluster.local from pod dns-1879/dns-test-d3a3f538-c6c2-4f10-a20e-7b95372822ec: the server could not find the requested resource (get pods dns-test-d3a3f538-c6c2-4f10-a20e-7b95372822ec)&#xA;Aug 27 11:44:16.003: INFO: Unable to read jessie_tcp@dns-test-service-2.dns-1879.svc.cluster.local from pod dns-1879/dns-test-d3a3f538-c6c2-4f10-a20e-7b95372822ec: the server could not find the requested resource (get pods dns-test-d3a3f538-c6c2-4f10-a20e-7b95372822ec)&#xA;Aug 27 11:44:16.011: INFO: Unable to read jessie_udp@PodARecord from pod dns-1879/dns-test-d3a3f538-c6c2-4f10-a20e-7b95372822ec: the server could not find the requested resource (get pods dns-test-d3a3f538-c6c2-4f10-a20e-7b95372822ec)&#xA;Aug 27 11:44:16.020: INFO: Unable to read jessie_tcp@PodARecord from pod dns-1879/dns-test-d3a3f538-c6c2-4f10-a20e-7b95372822ec: the server could not find the requested resource (get pods dns-test-d3a3f538-c6c2-4f10-a20e-7b95372822ec)&#xA;Aug 27 11:44:16.020: INFO: Lookups using dns-1879/dns-test-d3a3f538-c6c2-4f10-a20e-7b95372822ec failed for: [wheezy_udp@dns-test-service-2.dns-1879.svc.cluster.local wheezy_tcp@dns-test-service-2.dns-1879.svc.cluster.local wheezy_udp@PodARecord wheezy_tcp@PodARecord jessie_udp@dns-test-service-2.dns-1879.svc.cluster.local jessie_tcp@dns-test-service-2.dns-1879.svc.cluster.local jessie_udp@PodARecord jessie_tcp@PodARecord]&#xA;&#xA;Aug 27 11:44:20.804: INFO: Unable to read wheezy_udp@dns-test-service-2.dns-1879.svc.cluster.local from pod dns-1879/dns-test-d3a3f538-c6c2-4f10-a20e-7b95372822ec: the server could not find the requested resource (get pods dns-test-d3a3f538-c6c2-4f10-a20e-7b95372822ec)&#xA;Aug 27 11:44:20.811: INFO: Unable to read wheezy_tcp@dns-test-service-2.dns-1879.svc.cluster.local from pod dns-1879/dns-test-d3a3f538-c6c2-4f10-a20e-7b95372822ec: the server could not find the requested resource (get pods dns-test-d3a3f538-c6c2-4f10-a20e-7b95372822ec)&#xA;Aug 27 11:44:20.828: INFO: Unable to read wheezy_udp@PodARecord from pod dns-1879/dns-test-d3a3f538-c6c2-4f10-a20e-7b95372822ec: the server could not find the requested resource (get pods dns-test-d3a3f538-c6c2-4f10-a20e-7b95372822ec)&#xA;Aug 27 11:44:20.833: INFO: Unable to read wheezy_tcp@PodARecord from pod dns-1879/dns-test-d3a3f538-c6c2-4f10-a20e-7b95372822ec: the server could not find the requested resource (get pods dns-test-d3a3f538-c6c2-4f10-a20e-7b95372822ec)&#xA;Aug 27 11:44:20.851: INFO: Unable to read jessie_udp@dns-test-service-2.dns-1879.svc.cluster.local from pod dns-1879/dns-test-d3a3f538-c6c2-4f10-a20e-7b95372822ec: the server could not find the requested resource (get pods dns-test-d3a3f538-c6c2-4f10-a20e-7b95372822ec)&#xA;Aug 27 11:44:20.854: INFO: Unable to read jessie_tcp@dns-test-service-2.dns-1879.svc.cluster.local from pod dns-1879/dns-test-d3a3f538-c6c2-4f10-a20e-7b95372822ec: the server could not find the requested resource (get pods dns-test-d3a3f538-c6c2-4f10-a20e-7b95372822ec)&#xA;Aug 27 11:44:20.858: INFO: Unable to read jessie_udp@PodARecord from pod dns-1879/dns-test-d3a3f538-c6c2-4f10-a20e-7b95372822ec: the server could not find the requested resource (get pods dns-test-d3a3f538-c6c2-4f10-a20e-7b95372822ec)&#xA;Aug 27 11:44:20.861: INFO: Unable to read jessie_tcp@PodARecord from pod dns-1879/dns-test-d3a3f538-c6c2-4f10-a20e-7b95372822ec: the server could not find the requested resource (get pods dns-test-d3a3f538-c6c2-4f10-a20e-7b95372822ec)&#xA;Aug 27 11:44:20.862: INFO: Lookups using dns-1879/dns-test-d3a3f538-c6c2-4f10-a20e-7b95372822ec failed for: [wheezy_udp@dns-test-service-2.dns-1879.svc.cluster.local wheezy_tcp@dns-test-service-2.dns-1879.svc.cluster.local wheezy_udp@PodARecord wheezy_tcp@PodARecord jessie_udp@dns-test-service-2.dns-1879.svc.cluster.local jessie_tcp@dns-test-service-2.dns-1879.svc.cluster.local jessie_udp@PodARecord jessie_tcp@PodARecord]&#xA;&#xA;Aug 27 11:44:25.831: INFO: Unable to read wheezy_udp@dns-test-service-2.dns-1879.svc.cluster.local from pod dns-1879/dns-test-d3a3f538-c6c2-4f10-a20e-7b95372822ec: the server could not find the requested resource (get pods dns-test-d3a3f538-c6c2-4f10-a20e-7b95372822ec)&#xA;Aug 27 11:44:25.860: INFO: Unable to read wheezy_tcp@dns-test-service-2.dns-1879.svc.cluster.local from pod dns-1879/dns-test-d3a3f538-c6c2-4f10-a20e-7b95372822ec: the server could not find the requested resource (get pods dns-test-d3a3f538-c6c2-4f10-a20e-7b95372822ec)&#xA;Aug 27 11:44:25.871: INFO: Unable to read wheezy_udp@PodARecord from pod dns-1879/dns-test-d3a3f538-c6c2-4f10-a20e-7b95372822ec: the server could not find the requested resource (get pods dns-test-d3a3f538-c6c2-4f10-a20e-7b95372822ec)&#xA;Aug 27 11:44:25.890: INFO: Unable to read wheezy_tcp@PodARecord from pod dns-1879/dns-test-d3a3f538-c6c2-4f10-a20e-7b95372822ec: the server could not find the requested resource (get pods dns-test-d3a3f538-c6c2-4f10-a20e-7b95372822ec)&#xA;Aug 27 11:44:25.908: INFO: Unable to read jessie_udp@dns-test-service-2.dns-1879.svc.cluster.local from pod dns-1879/dns-test-d3a3f538-c6c2-4f10-a20e-7b95372822ec: the server could not find the requested resource (get pods dns-test-d3a3f538-c6c2-4f10-a20e-7b95372822ec)&#xA;Aug 27 11:44:25.918: INFO: Unable to read jessie_tcp@dns-test-service-2.dns-1879.svc.cluster.local from pod dns-1879/dns-test-d3a3f538-c6c2-4f10-a20e-7b95372822ec: the server could not find the requested resource (get pods dns-test-d3a3f538-c6c2-4f10-a20e-7b95372822ec)&#xA;Aug 27 11:44:25.923: INFO: Unable to read jessie_udp@PodARecord from pod dns-1879/dns-test-d3a3f538-c6c2-4f10-a20e-7b95372822ec: the server could not find the requested resource (get pods dns-test-d3a3f538-c6c2-4f10-a20e-7b95372822ec)&#xA;Aug 27 11:44:25.927: INFO: Unable to read jessie_tcp@PodARecord from pod dns-1879/dns-test-d3a3f538-c6c2-4f10-a20e-7b95372822ec: the server could not find the requested resource (get pods dns-test-d3a3f538-c6c2-4f10-a20e-7b95372822ec)&#xA;Aug 27 11:44:25.927: INFO: Lookups using dns-1879/dns-test-d3a3f538-c6c2-4f10-a20e-7b95372822ec failed for: [wheezy_udp@dns-test-service-2.dns-1879.svc.cluster.local wheezy_tcp@dns-test-service-2.dns-1879.svc.cluster.local wheezy_udp@PodARecord wheezy_tcp@PodARecord jessie_udp@dns-test-service-2.dns-1879.svc.cluster.local jessie_tcp@dns-test-service-2.dns-1879.svc.cluster.local jessie_udp@PodARecord jessie_tcp@PodARecord]&#xA;&#xA;Aug 27 11:44:30.790: INFO: Unable to read wheezy_udp@dns-test-service-2.dns-1879.svc.cluster.local from pod dns-1879/dns-test-d3a3f538-c6c2-4f10-a20e-7b95372822ec: the server could not find the requested resource (get pods dns-test-d3a3f538-c6c2-4f10-a20e-7b95372822ec)&#xA;Aug 27 11:44:30.795: INFO: Unable to read wheezy_tcp@dns-test-service-2.dns-1879.svc.cluster.local from pod dns-1879/dns-test-d3a3f538-c6c2-4f10-a20e-7b95372822ec: the server could not find the requested resource (get pods dns-test-d3a3f538-c6c2-4f10-a20e-7b95372822ec)&#xA;Aug 27 11:44:30.799: INFO: Unable to read wheezy_udp@PodARecord from pod dns-1879/dns-test-d3a3f538-c6c2-4f10-a20e-7b95372822ec: the server could not find the requested resource (get pods dns-test-d3a3f538-c6c2-4f10-a20e-7b95372822ec)&#xA;Aug 27 11:44:30.802: INFO: Unable to read wheezy_tcp@PodARecord from pod dns-1879/dns-test-d3a3f538-c6c2-4f10-a20e-7b95372822ec: the server could not find the requested resource (get pods dns-test-d3a3f538-c6c2-4f10-a20e-7b95372822ec)&#xA;Aug 27 11:44:30.815: INFO: Unable to read jessie_udp@dns-test-service-2.dns-1879.svc.cluster.local from pod dns-1879/dns-test-d3a3f538-c6c2-4f10-a20e-7b95372822ec: the server could not find the requested resource (get pods dns-test-d3a3f538-c6c2-4f10-a20e-7b95372822ec)&#xA;Aug 27 11:44:30.819: INFO: Unable to read jessie_tcp@dns-test-service-2.dns-1879.svc.cluster.local from pod dns-1879/dns-test-d3a3f538-c6c2-4f10-a20e-7b95372822ec: the server could not find the requested resource (get pods dns-test-d3a3f538-c6c2-4f10-a20e-7b95372822ec)&#xA;Aug 27 11:44:30.823: INFO: Unable to read jessie_udp@PodARecord from pod dns-1879/dns-test-d3a3f538-c6c2-4f10-a20e-7b95372822ec: the server could not find the requested resource (get pods dns-test-d3a3f538-c6c2-4f10-a20e-7b95372822ec)&#xA;Aug 27 11:44:30.827: INFO: Unable to read jessie_tcp@PodARecord from pod dns-1879/dns-test-d3a3f538-c6c2-4f10-a20e-7b95372822ec: the server could not find the requested resource (get pods dns-test-d3a3f538-c6c2-4f10-a20e-7b95372822ec)&#xA;Aug 27 11:44:30.827: INFO: Lookups using dns-1879/dns-test-d3a3f538-c6c2-4f10-a20e-7b95372822ec failed for: [wheezy_udp@dns-test-service-2.dns-1879.svc.cluster.local wheezy_tcp@dns-test-service-2.dns-1879.svc.cluster.local wheezy_udp@PodARecord wheezy_tcp@PodARecord jessie_udp@dns-test-service-2.dns-1879.svc.cluster.local jessie_tcp@dns-test-service-2.dns-1879.svc.cluster.local jessie_udp@PodARecord jessie_tcp@PodARecord]&#xA;&#xA;Aug 27 11:44:35.837: INFO: Unable to read wheezy_udp@dns-test-service-2.dns-1879.svc.cluster.local from pod dns-1879/dns-test-d3a3f538-c6c2-4f10-a20e-7b95372822ec: the server could not find the requested resource (get pods dns-test-d3a3f538-c6c2-4f10-a20e-7b95372822ec)&#xA;Aug 27 11:44:35.914: INFO: Unable to read wheezy_tcp@dns-test-service-2.dns-1879.svc.cluster.local from pod dns-1879/dns-test-d3a3f538-c6c2-4f10-a20e-7b95372822ec: the server could not find the requested resource (get pods dns-test-d3a3f538-c6c2-4f10-a20e-7b95372822ec)&#xA;Aug 27 11:44:35.919: INFO: Unable to read wheezy_udp@PodARecord from pod dns-1879/dns-test-d3a3f538-c6c2-4f10-a20e-7b95372822ec: the server could not find the requested resource (get pods dns-test-d3a3f538-c6c2-4f10-a20e-7b95372822ec)&#xA;Aug 27 11:44:35.933: INFO: Unable to read wheezy_tcp@PodARecord from pod dns-1879/dns-test-d3a3f538-c6c2-4f10-a20e-7b95372822ec: the server could not find the requested resource (get pods dns-test-d3a3f538-c6c2-4f10-a20e-7b95372822ec)&#xA;Aug 27 11:44:35.948: INFO: Unable to read jessie_udp@dns-test-service-2.dns-1879.svc.cluster.local from pod dns-1879/dns-test-d3a3f538-c6c2-4f10-a20e-7b95372822ec: the server could not find the requested resource (get pods dns-test-d3a3f538-c6c2-4f10-a20e-7b95372822ec)&#xA;Aug 27 11:44:35.955: INFO: Unable to read jessie_tcp@dns-test-service-2.dns-1879.svc.cluster.local from pod dns-1879/dns-test-d3a3f538-c6c2-4f10-a20e-7b95372822ec: the server could not find the requested resource (get pods dns-test-d3a3f538-c6c2-4f10-a20e-7b95372822ec)&#xA;Aug 27 11:44:35.964: INFO: Unable to read jessie_udp@PodARecord from pod dns-1879/dns-test-d3a3f538-c6c2-4f10-a20e-7b95372822ec: the server could not find the requested resource (get pods dns-test-d3a3f538-c6c2-4f10-a20e-7b95372822ec)&#xA;Aug 27 11:44:35.975: INFO: Unable to read jessie_tcp@PodARecord from pod dns-1879/dns-test-d3a3f538-c6c2-4f10-a20e-7b95372822ec: the server could not find the requested resource (get pods dns-test-d3a3f538-c6c2-4f10-a20e-7b95372822ec)&#xA;Aug 27 11:44:35.979: INFO: Lookups using dns-1879/dns-test-d3a3f538-c6c2-4f10-a20e-7b95372822ec failed for: [wheezy_udp@dns-test-service-2.dns-1879.svc.cluster.local wheezy_tcp@dns-test-service-2.dns-1879.svc.cluster.local wheezy_udp@PodARecord wheezy_tcp@PodARecord jessie_udp@dns-test-service-2.dns-1879.svc.cluster.local jessie_tcp@dns-test-service-2.dns-1879.svc.cluster.local jessie_udp@PodARecord jessie_tcp@PodARecord]&#xA;&#xA;Aug 27 11:44:40.788: INFO: Unable to read wheezy_udp@dns-test-service-2.dns-1879.svc.cluster.local from pod dns-1879/dns-test-d3a3f538-c6c2-4f10-a20e-7b95372822ec: the server could not find the requested resource (get pods dns-test-d3a3f538-c6c2-4f10-a20e-7b95372822ec)&#xA;Aug 27 11:44:40.793: INFO: Unable to read wheezy_tcp@dns-test-service-2.dns-1879.svc.cluster.local from pod dns-1879/dns-test-d3a3f538-c6c2-4f10-a20e-7b95372822ec: the server could not find the requested resource (get pods dns-test-d3a3f538-c6c2-4f10-a20e-7b95372822ec)&#xA;Aug 27 11:44:40.797: INFO: Unable to read wheezy_udp@PodARecord from pod dns-1879/dns-test-d3a3f538-c6c2-4f10-a20e-7b95372822ec: the server could not find the requested resource (get pods dns-test-d3a3f538-c6c2-4f10-a20e-7b95372822ec)&#xA;Aug 27 11:44:40.801: INFO: Unable to read wheezy_tcp@PodARecord from pod dns-1879/dns-test-d3a3f538-c6c2-4f10-a20e-7b95372822ec: the server could not find the requested resource (get pods dns-test-d3a3f538-c6c2-4f10-a20e-7b95372822ec)&#xA;Aug 27 11:44:40.813: INFO: Unable to read jessie_udp@dns-test-service-2.dns-1879.svc.cluster.local from pod dns-1879/dns-test-d3a3f538-c6c2-4f10-a20e-7b95372822ec: the server could not find the requested resource (get pods dns-test-d3a3f538-c6c2-4f10-a20e-7b95372822ec)&#xA;Aug 27 11:44:40.817: INFO: Unable to read jessie_tcp@dns-test-service-2.dns-1879.svc.cluster.local from pod dns-1879/dns-test-d3a3f538-c6c2-4f10-a20e-7b95372822ec: the server could not find the requested resource (get pods dns-test-d3a3f538-c6c2-4f10-a20e-7b95372822ec)&#xA;Aug 27 11:44:40.821: INFO: Unable to read jessie_udp@PodARecord from pod dns-1879/dns-test-d3a3f538-c6c2-4f10-a20e-7b95372822ec: the server could not find the requested resource (get pods dns-test-d3a3f538-c6c2-4f10-a20e-7b95372822ec)&#xA;Aug 27 11:44:40.825: INFO: Unable to read jessie_tcp@PodARecord from pod dns-1879/dns-test-d3a3f538-c6c2-4f10-a20e-7b95372822ec: the server could not find the requested resource (get pods dns-test-d3a3f538-c6c2-4f10-a20e-7b95372822ec)&#xA;Aug 27 11:44:40.826: INFO: Lookups using dns-1879/dns-test-d3a3f538-c6c2-4f10-a20e-7b95372822ec failed for: [wheezy_udp@dns-test-service-2.dns-1879.svc.cluster.local wheezy_tcp@dns-test-service-2.dns-1879.svc.cluster.local wheezy_udp@PodARecord wheezy_tcp@PodARecord jessie_udp@dns-test-service-2.dns-1879.svc.cluster.local jessie_tcp@dns-test-service-2.dns-1879.svc.cluster.local jessie_udp@PodARecord jessie_tcp@PodARecord]&#xA;&#xA;Aug 27 11:44:45.825: INFO: Unable to read wheezy_udp@dns-test-service-2.dns-1879.svc.cluster.local from pod dns-1879/dns-test-d3a3f538-c6c2-4f10-a20e-7b95372822ec: the server could not find the requested resource (get pods dns-test-d3a3f538-c6c2-4f10-a20e-7b95372822ec)&#xA;Aug 27 11:44:45.842: INFO: Unable to read wheezy_tcp@dns-test-service-2.dns-1879.svc.cluster.local from pod dns-1879/dns-test-d3a3f538-c6c2-4f10-a20e-7b95372822ec: the server could not find the requested resource (get pods dns-test-d3a3f538-c6c2-4f10-a20e-7b95372822ec)&#xA;Aug 27 11:44:45.874: INFO: Unable to read wheezy_udp@PodARecord from pod dns-1879/dns-test-d3a3f538-c6c2-4f10-a20e-7b95372822ec: the server could not find the requested resource (get pods dns-test-d3a3f538-c6c2-4f10-a20e-7b95372822ec)&#xA;Aug 27 11:44:45.888: INFO: Unable to read wheezy_tcp@PodARecord from pod dns-1879/dns-test-d3a3f538-c6c2-4f10-a20e-7b95372822ec: the server could not find the requested resource (get pods dns-test-d3a3f538-c6c2-4f10-a20e-7b95372822ec)&#xA;Aug 27 11:44:45.915: INFO: Unable to read jessie_udp@dns-test-service-2.dns-1879.svc.cluster.local from pod dns-1879/dns-test-d3a3f538-c6c2-4f10-a20e-7b95372822ec: the server could not find the requested resource (get pods dns-test-d3a3f538-c6c2-4f10-a20e-7b95372822ec)&#xA;Aug 27 11:44:45.927: INFO: Unable to read jessie_tcp@dns-test-service-2.dns-1879.svc.cluster.local from pod dns-1879/dns-test-d3a3f538-c6c2-4f10-a20e-7b95372822ec: the server could not find the requested resource (get pods dns-test-d3a3f538-c6c2-4f10-a20e-7b95372822ec)&#xA;Aug 27 11:44:45.931: INFO: Unable to read jessie_udp@PodARecord from pod dns-1879/dns-test-d3a3f538-c6c2-4f10-a20e-7b95372822ec: the server could not find the requested resource (get pods dns-test-d3a3f538-c6c2-4f10-a20e-7b95372822ec)&#xA;Aug 27 11:44:45.938: INFO: Unable to read jessie_tcp@PodARecord from pod dns-1879/dns-test-d3a3f538-c6c2-4f10-a20e-7b95372822ec: the server could not find the requested resource (get pods dns-test-d3a3f538-c6c2-4f10-a20e-7b95372822ec)&#xA;Aug 27 11:44:45.939: INFO: Lookups using dns-1879/dns-test-d3a3f538-c6c2-4f10-a20e-7b95372822ec failed for: [wheezy_udp@dns-test-service-2.dns-1879.svc.cluster.local wheezy_tcp@dns-test-service-2.dns-1879.svc.cluster.local wheezy_udp@PodARecord wheezy_tcp@PodARecord jessie_udp@dns-test-service-2.dns-1879.svc.cluster.local jessie_tcp@dns-test-service-2.dns-1879.svc.cluster.local jessie_udp@PodARecord jessie_tcp@PodARecord]&#xA;&#xA;Aug 27 11:44:50.788: INFO: Unable to read wheezy_udp@dns-test-service-2.dns-1879.svc.cluster.local from pod dns-1879/dns-test-d3a3f538-c6c2-4f10-a20e-7b95372822ec: the server could not find the requested resource (get pods dns-test-d3a3f538-c6c2-4f10-a20e-7b95372822ec)&#xA;Aug 27 11:44:50.793: INFO: Unable to read wheezy_tcp@dns-test-service-2.dns-1879.svc.cluster.local from pod dns-1879/dns-test-d3a3f538-c6c2-4f10-a20e-7b95372822ec: the server could not find the requested resource (get pods dns-test-d3a3f538-c6c2-4f10-a20e-7b95372822ec)&#xA;Aug 27 11:44:50.798: INFO: Unable to read wheezy_udp@PodARecord from pod dns-1879/dns-test-d3a3f538-c6c2-4f10-a20e-7b95372822ec: the server could not find the requested resource (get pods dns-test-d3a3f538-c6c2-4f10-a20e-7b95372822ec)&#xA;Aug 27 11:44:50.803: INFO: Unable to read wheezy_tcp@PodARecord from pod dns-1879/dns-test-d3a3f538-c6c2-4f10-a20e-7b95372822ec: the server could not find the requested resource (get pods dns-test-d3a3f538-c6c2-4f10-a20e-7b95372822ec)&#xA;Aug 27 11:44:50.820: INFO: Unable to read jessie_udp@dns-test-service-2.dns-1879.svc.cluster.local from pod dns-1879/dns-test-d3a3f538-c6c2-4f10-a20e-7b95372822ec: the server could not find the requested resource (get pods dns-test-d3a3f538-c6c2-4f10-a20e-7b95372822ec)&#xA;Aug 27 11:44:50.824: INFO: Unable to read jessie_tcp@dns-test-service-2.dns-1879.svc.cluster.local from pod dns-1879/dns-test-d3a3f538-c6c2-4f10-a20e-7b95372822ec: the server could not find the requested resource (get pods dns-test-d3a3f538-c6c2-4f10-a20e-7b95372822ec)&#xA;Aug 27 11:44:50.828: INFO: Unable to read jessie_udp@PodARecord from pod dns-1879/dns-test-d3a3f538-c6c2-4f10-a20e-7b95372822ec: the server could not find the requested resource (get pods dns-test-d3a3f538-c6c2-4f10-a20e-7b95372822ec)&#xA;Aug 27 11:44:50.832: INFO: Unable to read jessie_tcp@PodARecord from pod dns-1879/dns-test-d3a3f538-c6c2-4f10-a20e-7b95372822ec: the server could not find the requested resource (get pods dns-test-d3a3f538-c6c2-4f10-a20e-7b95372822ec)&#xA;Aug 27 11:44:50.832: INFO: Lookups using dns-1879/dns-test-d3a3f538-c6c2-4f10-a20e-7b95372822ec failed for: [wheezy_udp@dns-test-service-2.dns-1879.svc.cluster.local wheezy_tcp@dns-test-service-2.dns-1879.svc.cluster.local wheezy_udp@PodARecord wheezy_tcp@PodARecord jessie_udp@dns-test-service-2.dns-1879.svc.cluster.local jessie_tcp@dns-test-service-2.dns-1879.svc.cluster.local jessie_udp@PodARecord jessie_tcp@PodARecord]&#xA;&#xA;Aug 27 11:44:55.797: INFO: Unable to read wheezy_udp@dns-test-service-2.dns-1879.svc.cluster.local from pod dns-1879/dns-test-d3a3f538-c6c2-4f10-a20e-7b95372822ec: the server could not find the requested resource (get pods dns-test-d3a3f538-c6c2-4f10-a20e-7b95372822ec)&#xA;Aug 27 11:44:55.806: INFO: Unable to read wheezy_tcp@dns-test-service-2.dns-1879.svc.cluster.local from pod dns-1879/dns-test-d3a3f538-c6c2-4f10-a20e-7b95372822ec: the server could not find the requested resource (get pods dns-test-d3a3f538-c6c2-4f10-a20e-7b95372822ec)&#xA;Aug 27 11:44:55.821: INFO: Unable to read wheezy_udp@PodARecord from pod dns-1879/dns-test-d3a3f538-c6c2-4f10-a20e-7b95372822ec: the server could not find the requested resource (get pods dns-test-d3a3f538-c6c2-4f10-a20e-7b95372822ec)&#xA;Aug 27 11:44:55.830: INFO: Unable to read wheezy_tcp@PodARecord from pod dns-1879/dns-test-d3a3f538-c6c2-4f10-a20e-7b95372822ec: the server could not find the requested resource (get pods dns-test-d3a3f538-c6c2-4f10-a20e-7b95372822ec)&#xA;Aug 27 11:44:55.855: INFO: Unable to read jessie_udp@dns-test-service-2.dns-1879.svc.cluster.local from pod dns-1879/dns-test-d3a3f538-c6c2-4f10-a20e-7b95372822ec: the server could not find the requested resource (get pods dns-test-d3a3f538-c6c2-4f10-a20e-7b95372822ec)&#xA;Aug 27 11:44:55.864: INFO: Unable to read jessie_tcp@dns-test-service-2.dns-1879.svc.cluster.local from pod dns-1879/dns-test-d3a3f538-c6c2-4f10-a20e-7b95372822ec: the server could not find the requested resource (get pods dns-test-d3a3f538-c6c2-4f10-a20e-7b95372822ec)&#xA;Aug 27 11:44:55.879: INFO: Unable to read jessie_udp@PodARecord from pod dns-1879/dns-test-d3a3f538-c6c2-4f10-a20e-7b95372822ec: the server could not find the requested resource (get pods dns-test-d3a3f538-c6c2-4f10-a20e-7b95372822ec)&#xA;Aug 27 11:44:55.886: INFO: Unable to read jessie_tcp@PodARecord from pod dns-1879/dns-test-d3a3f538-c6c2-4f10-a20e-7b95372822ec: the server could not find the requested resource (get pods dns-test-d3a3f538-c6c2-4f10-a20e-7b95372822ec)&#xA;Aug 27 11:44:55.886: INFO: Lookups using dns-1879/dns-test-d3a3f538-c6c2-4f10-a20e-7b95372822ec failed for: [wheezy_udp@dns-test-service-2.dns-1879.svc.cluster.local wheezy_tcp@dns-test-service-2.dns-1879.svc.cluster.local wheezy_udp@PodARecord wheezy_tcp@PodARecord jessie_udp@dns-test-service-2.dns-1879.svc.cluster.local jessie_tcp@dns-test-service-2.dns-1879.svc.cluster.local jessie_udp@PodARecord jessie_tcp@PodARecord]&#xA;&#xA;Aug 27 11:45:00.803: INFO: Unable to read wheezy_udp@dns-test-service-2.dns-1879.svc.cluster.local from pod dns-1879/dns-test-d3a3f538-c6c2-4f10-a20e-7b95372822ec: the server could not find the requested resource (get pods dns-test-d3a3f538-c6c2-4f10-a20e-7b95372822ec)&#xA;Aug 27 11:45:00.814: INFO: Unable to read wheezy_tcp@dns-test-service-2.dns-1879.svc.cluster.local from pod dns-1879/dns-test-d3a3f538-c6c2-4f10-a20e-7b95372822ec: the server could not find the requested resource (get pods dns-test-d3a3f538-c6c2-4f10-a20e-7b95372822ec)&#xA;Aug 27 11:45:00.819: INFO: Unable to read wheezy_udp@PodARecord from pod dns-1879/dns-test-d3a3f538-c6c2-4f10-a20e-7b95372822ec: the server could not find the requested resource (get pods dns-test-d3a3f538-c6c2-4f10-a20e-7b95372822ec)&#xA;Aug 27 11:45:00.828: INFO: Unable to read wheezy_tcp@PodARecord from pod dns-1879/dns-test-d3a3f538-c6c2-4f10-a20e-7b95372822ec: the server could not find the requested resource (get pods dns-test-d3a3f538-c6c2-4f10-a20e-7b95372822ec)&#xA;Aug 27 11:45:00.846: INFO: Unable to read jessie_udp@dns-test-service-2.dns-1879.svc.cluster.local from pod dns-1879/dns-test-d3a3f538-c6c2-4f10-a20e-7b95372822ec: the server could not find the requested resource (get pods dns-test-d3a3f538-c6c2-4f10-a20e-7b95372822ec)&#xA;Aug 27 11:45:00.855: INFO: Unable to read jessie_tcp@dns-test-service-2.dns-1879.svc.cluster.local from pod dns-1879/dns-test-d3a3f538-c6c2-4f10-a20e-7b95372822ec: the server could not find the requested resource (get pods dns-test-d3a3f538-c6c2-4f10-a20e-7b95372822ec)&#xA;Aug 27 11:45:00.860: INFO: Unable to read jessie_udp@PodARecord from pod dns-1879/dns-test-d3a3f538-c6c2-4f10-a20e-7b95372822ec: the server could not find the requested resource (get pods dns-test-d3a3f538-c6c2-4f10-a20e-7b95372822ec)&#xA;Aug 27 11:45:00.865: INFO: Unable to read jessie_tcp@PodARecord from pod dns-1879/dns-test-d3a3f538-c6c2-4f10-a20e-7b95372822ec: the server could not find the requested resource (get pods dns-test-d3a3f538-c6c2-4f10-a20e-7b95372822ec)&#xA;Aug 27 11:45:00.865: INFO: Lookups using dns-1879/dns-test-d3a3f538-c6c2-4f10-a20e-7b95372822ec failed for: [wheezy_udp@dns-test-service-2.dns-1879.svc.cluster.local wheezy_tcp@dns-test-service-2.dns-1879.svc.cluster.local wheezy_udp@PodARecord wheezy_tcp@PodARecord jessie_udp@dns-test-service-2.dns-1879.svc.cluster.local jessie_tcp@dns-test-service-2.dns-1879.svc.cluster.local jessie_udp@PodARecord jessie_tcp@PodARecord]&#xA;&#xA;Aug 27 11:45:05.860: INFO: Unable to read wheezy_udp@dns-test-service-2.dns-1879.svc.cluster.local from pod dns-1879/dns-test-d3a3f538-c6c2-4f10-a20e-7b95372822ec: the server could not find the requested resource (get pods dns-test-d3a3f538-c6c2-4f10-a20e-7b95372822ec)&#xA;Aug 27 11:45:05.885: INFO: Unable to read wheezy_tcp@dns-test-service-2.dns-1879.svc.cluster.local from pod dns-1879/dns-test-d3a3f538-c6c2-4f10-a20e-7b95372822ec: the server could not find the requested resource (get pods dns-test-d3a3f538-c6c2-4f10-a20e-7b95372822ec)&#xA;Aug 27 11:45:05.916: INFO: Unable to read wheezy_udp@PodARecord from pod dns-1879/dns-test-d3a3f538-c6c2-4f10-a20e-7b95372822ec: the server could not find the requested resource (get pods dns-test-d3a3f538-c6c2-4f10-a20e-7b95372822ec)&#xA;Aug 27 11:45:05.925: INFO: Unable to read wheezy_tcp@PodARecord from pod dns-1879/dns-test-d3a3f538-c6c2-4f10-a20e-7b95372822ec: the server could not find the requested resource (get pods dns-test-d3a3f538-c6c2-4f10-a20e-7b95372822ec)&#xA;Aug 27 11:45:05.984: INFO: Unable to read jessie_udp@dns-test-service-2.dns-1879.svc.cluster.local from pod dns-1879/dns-test-d3a3f538-c6c2-4f10-a20e-7b95372822ec: the server could not find the requested resource (get pods dns-test-d3a3f538-c6c2-4f10-a20e-7b95372822ec)&#xA;Aug 27 11:45:05.995: INFO: Unable to read jessie_tcp@dns-test-service-2.dns-1879.svc.cluster.local from pod dns-1879/dns-test-d3a3f538-c6c2-4f10-a20e-7b95372822ec: the server could not find the requested resource (get pods dns-test-d3a3f538-c6c2-4f10-a20e-7b95372822ec)&#xA;Aug 27 11:45:06.000: INFO: Unable to read jessie_udp@PodARecord from pod dns-1879/dns-test-d3a3f538-c6c2-4f10-a20e-7b95372822ec: the server could not find the requested resource (get pods dns-test-d3a3f538-c6c2-4f10-a20e-7b95372822ec)&#xA;Aug 27 11:45:06.004: INFO: Unable to read jessie_tcp@PodARecord from pod dns-1879/dns-test-d3a3f538-c6c2-4f10-a20e-7b95372822ec: the server could not find the requested resource (get pods dns-test-d3a3f538-c6c2-4f10-a20e-7b95372822ec)&#xA;Aug 27 11:45:06.004: INFO: Lookups using dns-1879/dns-test-d3a3f538-c6c2-4f10-a20e-7b95372822ec failed for: [wheezy_udp@dns-test-service-2.dns-1879.svc.cluster.local wheezy_tcp@dns-test-service-2.dns-1879.svc.cluster.local wheezy_udp@PodARecord wheezy_tcp@PodARecord jessie_udp@dns-test-service-2.dns-1879.svc.cluster.local jessie_tcp@dns-test-service-2.dns-1879.svc.cluster.local jessie_udp@PodARecord jessie_tcp@PodARecord]&#xA;&#xA;Aug 27 11:45:10.792: INFO: Unable to read wheezy_udp@dns-test-service-2.dns-1879.svc.cluster.local from pod dns-1879/dns-test-d3a3f538-c6c2-4f10-a20e-7b95372822ec: the server could not find the requested resource (get pods dns-test-d3a3f538-c6c2-4f10-a20e-7b95372822ec)&#xA;Aug 27 11:45:10.796: INFO: Unable to read wheezy_tcp@dns-test-service-2.dns-1879.svc.cluster.local from pod dns-1879/dns-test-d3a3f538-c6c2-4f10-a20e-7b95372822ec: the server could not find the requested resource (get pods dns-test-d3a3f538-c6c2-4f10-a20e-7b95372822ec)&#xA;Aug 27 11:45:10.807: INFO: Unable to read wheezy_udp@PodARecord from pod dns-1879/dns-test-d3a3f538-c6c2-4f10-a20e-7b95372822ec: the server could not find the requested resource (get pods dns-test-d3a3f538-c6c2-4f10-a20e-7b95372822ec)&#xA;Aug 27 11:45:10.819: INFO: Unable to read wheezy_tcp@PodARecord from pod dns-1879/dns-test-d3a3f538-c6c2-4f10-a20e-7b95372822ec: the server could not find the requested resource (get pods dns-test-d3a3f538-c6c2-4f10-a20e-7b95372822ec)&#xA;Aug 27 11:45:10.831: INFO: Unable to read jessie_udp@dns-test-service-2.dns-1879.svc.cluster.local from pod dns-1879/dns-test-d3a3f538-c6c2-4f10-a20e-7b95372822ec: the server could not find the requested resource (get pods dns-test-d3a3f538-c6c2-4f10-a20e-7b95372822ec)&#xA;Aug 27 11:45:10.835: INFO: Unable to read jessie_tcp@dns-test-service-2.dns-1879.svc.cluster.local from pod dns-1879/dns-test-d3a3f538-c6c2-4f10-a20e-7b95372822ec: the server could not find the requested resource (get pods dns-test-d3a3f538-c6c2-4f10-a20e-7b95372822ec)&#xA;Aug 27 11:45:10.839: INFO: Unable to read jessie_udp@PodARecord from pod dns-1879/dns-test-d3a3f538-c6c2-4f10-a20e-7b95372822ec: the server could not find the requested resource (get pods dns-test-d3a3f538-c6c2-4f10-a20e-7b95372822ec)&#xA;Aug 27 11:45:10.843: INFO: Unable to read jessie_tcp@PodARecord from pod dns-1879/dns-test-d3a3f538-c6c2-4f10-a20e-7b95372822ec: the server could not find the requested resource (get pods dns-test-d3a3f538-c6c2-4f10-a20e-7b95372822ec)&#xA;Aug 27 11:45:10.843: INFO: Lookups using dns-1879/dns-test-d3a3f538-c6c2-4f10-a20e-7b95372822ec failed for: [wheezy_udp@dns-test-service-2.dns-1879.svc.cluster.local wheezy_tcp@dns-test-service-2.dns-1879.svc.cluster.local wheezy_udp@PodARecord wheezy_tcp@PodARecord jessie_udp@dns-test-service-2.dns-1879.svc.cluster.local jessie_tcp@dns-test-service-2.dns-1879.svc.cluster.local jessie_udp@PodARecord jessie_tcp@PodARecord]&#xA;&#xA;Aug 27 11:45:15.802: INFO: Unable to read wheezy_udp@dns-test-service-2.dns-1879.svc.cluster.local from pod dns-1879/dns-test-d3a3f538-c6c2-4f10-a20e-7b95372822ec: the server could not find the requested resource (get pods dns-test-d3a3f538-c6c2-4f10-a20e-7b95372822ec)&#xA;Aug 27 11:45:15.814: INFO: Unable to read wheezy_tcp@dns-test-service-2.dns-1879.svc.cluster.local from pod dns-1879/dns-test-d3a3f538-c6c2-4f10-a20e-7b95372822ec: the server could not find the requested resource (get pods dns-test-d3a3f538-c6c2-4f10-a20e-7b95372822ec)&#xA;Aug 27 11:45:15.819: INFO: Unable to read wheezy_udp@PodARecord from pod dns-1879/dns-test-d3a3f538-c6c2-4f10-a20e-7b95372822ec: the server could not find the requested resource (get pods dns-test-d3a3f538-c6c2-4f10-a20e-7b95372822ec)&#xA;Aug 27 11:45:15.825: INFO: Unable to read wheezy_tcp@PodARecord from pod dns-1879/dns-test-d3a3f538-c6c2-4f10-a20e-7b95372822ec: the server could not find the requested resource (get pods dns-test-d3a3f538-c6c2-4f10-a20e-7b95372822ec)&#xA;Aug 27 11:45:15.845: INFO: Unable to read jessie_udp@dns-test-service-2.dns-1879.svc.cluster.local from pod dns-1879/dns-test-d3a3f538-c6c2-4f10-a20e-7b95372822ec: the server could not find the requested resource (get pods dns-test-d3a3f538-c6c2-4f10-a20e-7b95372822ec)&#xA;Aug 27 11:45:15.848: INFO: Unable to read jessie_tcp@dns-test-service-2.dns-1879.svc.cluster.local from pod dns-1879/dns-test-d3a3f538-c6c2-4f10-a20e-7b95372822ec: the server could not find the requested resource (get pods dns-test-d3a3f538-c6c2-4f10-a20e-7b95372822ec)&#xA;Aug 27 11:45:15.853: INFO: Unable to read jessie_udp@PodARecord from pod dns-1879/dns-test-d3a3f538-c6c2-4f10-a20e-7b95372822ec: the server could not find the requested resource (get pods dns-test-d3a3f538-c6c2-4f10-a20e-7b95372822ec)&#xA;Aug 27 11:45:15.857: INFO: Unable to read jessie_tcp@PodARecord from pod dns-1879/dns-test-d3a3f538-c6c2-4f10-a20e-7b95372822ec: the server could not find the requested resource (get pods dns-test-d3a3f538-c6c2-4f10-a20e-7b95372822ec)&#xA;Aug 27 11:45:15.858: INFO: Lookups using dns-1879/dns-test-d3a3f538-c6c2-4f10-a20e-7b95372822ec failed for: [wheezy_udp@dns-test-service-2.dns-1879.svc.cluster.local wheezy_tcp@dns-test-service-2.dns-1879.svc.cluster.local wheezy_udp@PodARecord wheezy_tcp@PodARecord jessie_udp@dns-test-service-2.dns-1879.svc.cluster.local jessie_tcp@dns-test-service-2.dns-1879.svc.cluster.local jessie_udp@PodARecord jessie_tcp@PodARecord]&#xA;&#xA;Aug 27 11:45:20.787: INFO: Unable to read wheezy_udp@dns-test-service-2.dns-1879.svc.cluster.local from pod dns-1879/dns-test-d3a3f538-c6c2-4f10-a20e-7b95372822ec: the server could not find the requested resource (get pods dns-test-d3a3f538-c6c2-4f10-a20e-7b95372822ec)&#xA;Aug 27 11:45:20.791: INFO: Unable to read wheezy_tcp@dns-test-service-2.dns-1879.svc.cluster.local from pod dns-1879/dns-test-d3a3f538-c6c2-4f10-a20e-7b95372822ec: the server could not find the requested resource (get pods dns-test-d3a3f538-c6c2-4f10-a20e-7b95372822ec)&#xA;Aug 27 11:45:20.795: INFO: Unable to read wheezy_udp@PodARecord from pod dns-1879/dns-test-d3a3f538-c6c2-4f10-a20e-7b95372822ec: the server could not find the requested resource (get pods dns-test-d3a3f538-c6c2-4f10-a20e-7b95372822ec)&#xA;Aug 27 11:45:20.799: INFO: Unable to read wheezy_tcp@PodARecord from pod dns-1879/dns-test-d3a3f538-c6c2-4f10-a20e-7b95372822ec: the server could not find the requested resource (get pods dns-test-d3a3f538-c6c2-4f10-a20e-7b95372822ec)&#xA;Aug 27 11:45:20.809: INFO: Unable to read jessie_udp@dns-test-service-2.dns-1879.svc.cluster.local from pod dns-1879/dns-test-d3a3f538-c6c2-4f10-a20e-7b95372822ec: the server could not find the requested resource (get pods dns-test-d3a3f538-c6c2-4f10-a20e-7b95372822ec)&#xA;Aug 27 11:45:20.813: INFO: Unable to read jessie_tcp@dns-test-service-2.dns-1879.svc.cluster.local from pod dns-1879/dns-test-d3a3f538-c6c2-4f10-a20e-7b95372822ec: the server could not find the requested resource (get pods dns-test-d3a3f538-c6c2-4f10-a20e-7b95372822ec)&#xA;Aug 27 11:45:20.816: INFO: Unable to read jessie_udp@PodARecord from pod dns-1879/dns-test-d3a3f538-c6c2-4f10-a20e-7b95372822ec: the server could not find the requested resource (get pods dns-test-d3a3f538-c6c2-4f10-a20e-7b95372822ec)&#xA;Aug 27 11:45:20.820: INFO: Unable to read jessie_tcp@PodARecord from pod dns-1879/dns-test-d3a3f538-c6c2-4f10-a20e-7b95372822ec: the server could not find the requested resource (get pods dns-test-d3a3f538-c6c2-4f10-a20e-7b95372822ec)&#xA;Aug 27 11:45:20.820: INFO: Lookups using dns-1879/dns-test-d3a3f538-c6c2-4f10-a20e-7b95372822ec failed for: [wheezy_udp@dns-test-service-2.dns-1879.svc.cluster.local wheezy_tcp@dns-test-service-2.dns-1879.svc.cluster.local wheezy_udp@PodARecord wheezy_tcp@PodARecord jessie_udp@dns-test-service-2.dns-1879.svc.cluster.local jessie_tcp@dns-test-service-2.dns-1879.svc.cluster.local jessie_udp@PodARecord jessie_tcp@PodARecord]&#xA;&#xA;Aug 27 11:45:25.848: INFO: Unable to read wheezy_udp@dns-test-service-2.dns-1879.svc.cluster.local from pod dns-1879/dns-test-d3a3f538-c6c2-4f10-a20e-7b95372822ec: the server could not find the requested resource (get pods dns-test-d3a3f538-c6c2-4f10-a20e-7b95372822ec)&#xA;Aug 27 11:45:25.859: INFO: Unable to read wheezy_tcp@dns-test-service-2.dns-1879.svc.cluster.local from pod dns-1879/dns-test-d3a3f538-c6c2-4f10-a20e-7b95372822ec: the server could not find the requested resource (get pods dns-test-d3a3f538-c6c2-4f10-a20e-7b95372822ec)&#xA;Aug 27 11:45:25.865: INFO: Unable to read wheezy_udp@PodARecord from pod dns-1879/dns-test-d3a3f538-c6c2-4f10-a20e-7b95372822ec: the server could not find the requested resource (get pods dns-test-d3a3f538-c6c2-4f10-a20e-7b95372822ec)&#xA;Aug 27 11:45:25.869: INFO: Unable to read wheezy_tcp@PodARecord from pod dns-1879/dns-test-d3a3f538-c6c2-4f10-a20e-7b95372822ec: the server could not find the requested resource (get pods dns-test-d3a3f538-c6c2-4f10-a20e-7b95372822ec)&#xA;Aug 27 11:45:25.903: INFO: Unable to read jessie_udp@dns-test-service-2.dns-1879.svc.cluster.local from pod dns-1879/dns-test-d3a3f538-c6c2-4f10-a20e-7b95372822ec: the server could not find the requested resource (get pods dns-test-d3a3f538-c6c2-4f10-a20e-7b95372822ec)&#xA;Aug 27 11:45:25.912: INFO: Unable to read jessie_tcp@dns-test-service-2.dns-1879.svc.cluster.local from pod dns-1879/dns-test-d3a3f538-c6c2-4f10-a20e-7b95372822ec: the server could not find the requested resource (get pods dns-test-d3a3f538-c6c2-4f10-a20e-7b95372822ec)&#xA;Aug 27 11:45:25.932: INFO: Unable to read jessie_udp@PodARecord from pod dns-1879/dns-test-d3a3f538-c6c2-4f10-a20e-7b95372822ec: the server could not find the requested resource (get pods dns-test-d3a3f538-c6c2-4f10-a20e-7b95372822ec)&#xA;Aug 27 11:45:25.944: INFO: Unable to read jessie_tcp@PodARecord from pod dns-1879/dns-test-d3a3f538-c6c2-4f10-a20e-7b95372822ec: the server could not find the requested resource (get pods dns-test-d3a3f538-c6c2-4f10-a20e-7b95372822ec)&#xA;Aug 27 11:45:25.944: INFO: Lookups using dns-1879/dns-test-d3a3f538-c6c2-4f10-a20e-7b95372822ec failed for: [wheezy_udp@dns-test-service-2.dns-1879.svc.cluster.local wheezy_tcp@dns-test-service-2.dns-1879.svc.cluster.local wheezy_udp@PodARecord wheezy_tcp@PodARecord jessie_udp@dns-test-service-2.dns-1879.svc.cluster.local jessie_tcp@dns-test-service-2.dns-1879.svc.cluster.local jessie_udp@PodARecord jessie_tcp@PodARecord]&#xA;&#xA;Aug 27 11:45:30.790: INFO: Unable to read wheezy_udp@dns-test-service-2.dns-1879.svc.cluster.local from pod dns-1879/dns-test-d3a3f538-c6c2-4f10-a20e-7b95372822ec: the server could not find the requested resource (get pods dns-test-d3a3f538-c6c2-4f10-a20e-7b95372822ec)&#xA;Aug 27 11:45:30.795: INFO: Unable to read wheezy_tcp@dns-test-service-2.dns-1879.svc.cluster.local from pod dns-1879/dns-test-d3a3f538-c6c2-4f10-a20e-7b95372822ec: the server could not find the requested resource (get pods dns-test-d3a3f538-c6c2-4f10-a20e-7b95372822ec)&#xA;Aug 27 11:45:30.802: INFO: Unable to read wheezy_udp@PodARecord from pod dns-1879/dns-test-d3a3f538-c6c2-4f10-a20e-7b95372822ec: the server could not find the requested resource (get pods dns-test-d3a3f538-c6c2-4f10-a20e-7b95372822ec)&#xA;Aug 27 11:45:30.806: INFO: Unable to read wheezy_tcp@PodARecord from pod dns-1879/dns-test-d3a3f538-c6c2-4f10-a20e-7b95372822ec: the server could not find the requested resource (get pods dns-test-d3a3f538-c6c2-4f10-a20e-7b95372822ec)&#xA;Aug 27 11:45:30.824: INFO: Unable to read jessie_udp@dns-test-service-2.dns-1879.svc.cluster.local from pod dns-1879/dns-test-d3a3f538-c6c2-4f10-a20e-7b95372822ec: the server could not find the requested resource (get pods dns-test-d3a3f538-c6c2-4f10-a20e-7b95372822ec)&#xA;Aug 27 11:45:30.833: INFO: Unable to read jessie_tcp@dns-test-service-2.dns-1879.svc.cluster.local from pod dns-1879/dns-test-d3a3f538-c6c2-4f10-a20e-7b95372822ec: the server could not find the requested resource (get pods dns-test-d3a3f538-c6c2-4f10-a20e-7b95372822ec)&#xA;Aug 27 11:45:30.838: INFO: Unable to read jessie_udp@PodARecord from pod dns-1879/dns-test-d3a3f538-c6c2-4f10-a20e-7b95372822ec: the server could not find the requested resource (get pods dns-test-d3a3f538-c6c2-4f10-a20e-7b95372822ec)&#xA;Aug 27 11:45:30.844: INFO: Unable to read jessie_tcp@PodARecord from pod dns-1879/dns-test-d3a3f538-c6c2-4f10-a20e-7b95372822ec: the server could not find the requested resource (get pods dns-test-d3a3f538-c6c2-4f10-a20e-7b95372822ec)&#xA;Aug 27 11:45:30.844: INFO: Lookups using dns-1879/dns-test-d3a3f538-c6c2-4f10-a20e-7b95372822ec failed for: [wheezy_udp@dns-test-service-2.dns-1879.svc.cluster.local wheezy_tcp@dns-test-service-2.dns-1879.svc.cluster.local wheezy_udp@PodARecord wheezy_tcp@PodARecord jessie_udp@dns-test-service-2.dns-1879.svc.cluster.local jessie_tcp@dns-test-service-2.dns-1879.svc.cluster.local jessie_udp@PodARecord jessie_tcp@PodARecord]&#xA;&#xA;Aug 27 11:45:35.840: INFO: Unable to read wheezy_udp@dns-test-service-2.dns-1879.svc.cluster.local from pod dns-1879/dns-test-d3a3f538-c6c2-4f10-a20e-7b95372822ec: the server could not find the requested resource (get pods dns-test-d3a3f538-c6c2-4f10-a20e-7b95372822ec)&#xA;Aug 27 11:45:35.845: INFO: Unable to read wheezy_tcp@dns-test-service-2.dns-1879.svc.cluster.local from pod dns-1879/dns-test-d3a3f538-c6c2-4f10-a20e-7b95372822ec: the server could not find the requested resource (get pods dns-test-d3a3f538-c6c2-4f10-a20e-7b95372822ec)&#xA;Aug 27 11:45:35.859: INFO: Unable to read wheezy_udp@PodARecord from pod dns-1879/dns-test-d3a3f538-c6c2-4f10-a20e-7b95372822ec: the server could not find the requested resource (get pods dns-test-d3a3f538-c6c2-4f10-a20e-7b95372822ec)&#xA;Aug 27 11:45:35.874: INFO: Unable to read wheezy_tcp@PodARecord from pod dns-1879/dns-test-d3a3f538-c6c2-4f10-a20e-7b95372822ec: the server could not find the requested resource (get pods dns-test-d3a3f538-c6c2-4f10-a20e-7b95372822ec)&#xA;Aug 27 11:45:35.907: INFO: Unable to read jessie_udp@dns-test-service-2.dns-1879.svc.cluster.local from pod dns-1879/dns-test-d3a3f538-c6c2-4f10-a20e-7b95372822ec: the server could not find the requested resource (get pods dns-test-d3a3f538-c6c2-4f10-a20e-7b95372822ec)&#xA;Aug 27 11:45:35.918: INFO: Unable to read jessie_tcp@dns-test-service-2.dns-1879.svc.cluster.local from pod dns-1879/dns-test-d3a3f538-c6c2-4f10-a20e-7b95372822ec: the server could not find the requested resource (get pods dns-test-d3a3f538-c6c2-4f10-a20e-7b95372822ec)&#xA;Aug 27 11:45:35.970: INFO: Unable to read jessie_udp@PodARecord from pod dns-1879/dns-test-d3a3f538-c6c2-4f10-a20e-7b95372822ec: the server could not find the requested resource (get pods dns-test-d3a3f538-c6c2-4f10-a20e-7b95372822ec)&#xA;Aug 27 11:45:35.988: INFO: Unable to read jessie_tcp@PodARecord from pod dns-1879/dns-test-d3a3f538-c6c2-4f10-a20e-7b95372822ec: the server could not find the requested resource (get pods dns-test-d3a3f538-c6c2-4f10-a20e-7b95372822ec)&#xA;Aug 27 11:45:35.988: INFO: Lookups using dns-1879/dns-test-d3a3f538-c6c2-4f10-a20e-7b95372822ec failed for: [wheezy_udp@dns-test-service-2.dns-1879.svc.cluster.local wheezy_tcp@dns-test-service-2.dns-1879.svc.cluster.local wheezy_udp@PodARecord wheezy_tcp@PodARecord jessie_udp@dns-test-service-2.dns-1879.svc.cluster.local jessie_tcp@dns-test-service-2.dns-1879.svc.cluster.local jessie_udp@PodARecord jessie_tcp@PodARecord]&#xA;&#xA;Aug 27 11:45:40.822: INFO: Unable to read wheezy_udp@dns-test-service-2.dns-1879.svc.cluster.local from pod dns-1879/dns-test-d3a3f538-c6c2-4f10-a20e-7b95372822ec: the server could not find the requested resource (get pods dns-test-d3a3f538-c6c2-4f10-a20e-7b95372822ec)&#xA;Aug 27 11:45:40.834: INFO: Unable to read wheezy_tcp@dns-test-service-2.dns-1879.svc.cluster.local from pod dns-1879/dns-test-d3a3f538-c6c2-4f10-a20e-7b95372822ec: the server could not find the requested resource (get pods dns-test-d3a3f538-c6c2-4f10-a20e-7b95372822ec)&#xA;Aug 27 11:45:40.842: INFO: Unable to read wheezy_udp@PodARecord from pod dns-1879/dns-test-d3a3f538-c6c2-4f10-a20e-7b95372822ec: the server could not find the requested resource (get pods dns-test-d3a3f538-c6c2-4f10-a20e-7b95372822ec)&#xA;Aug 27 11:45:40.852: INFO: Unable to read wheezy_tcp@PodARecord from pod dns-1879/dns-test-d3a3f538-c6c2-4f10-a20e-7b95372822ec: the server could not find the requested resource (get pods dns-test-d3a3f538-c6c2-4f10-a20e-7b95372822ec)&#xA;Aug 27 11:45:40.890: INFO: Unable to read jessie_udp@dns-test-service-2.dns-1879.svc.cluster.local from pod dns-1879/dns-test-d3a3f538-c6c2-4f10-a20e-7b95372822ec: the server could not find the requested resource (get pods dns-test-d3a3f538-c6c2-4f10-a20e-7b95372822ec)&#xA;Aug 27 11:45:40.908: INFO: Unable to read jessie_tcp@dns-test-service-2.dns-1879.svc.cluster.local from pod dns-1879/dns-test-d3a3f538-c6c2-4f10-a20e-7b95372822ec: the server could not find the requested resource (get pods dns-test-d3a3f538-c6c2-4f10-a20e-7b95372822ec)&#xA;Aug 27 11:45:40.918: INFO: Unable to read jessie_udp@PodARecord from pod dns-1879/dns-test-d3a3f538-c6c2-4f10-a20e-7b95372822ec: the server could not find the requested resource (get pods dns-test-d3a3f538-c6c2-4f10-a20e-7b95372822ec)&#xA;Aug 27 11:45:40.925: INFO: Unable to read jessie_tcp@PodARecord from pod dns-1879/dns-test-d3a3f538-c6c2-4f10-a20e-7b95372822ec: the server could not find the requested resource (get pods dns-test-d3a3f538-c6c2-4f10-a20e-7b95372822ec)&#xA;Aug 27 11:45:40.925: INFO: Lookups using dns-1879/dns-test-d3a3f538-c6c2-4f10-a20e-7b95372822ec failed for: [wheezy_udp@dns-test-service-2.dns-1879.svc.cluster.local wheezy_tcp@dns-test-service-2.dns-1879.svc.cluster.local wheezy_udp@PodARecord wheezy_tcp@PodARecord jessie_udp@dns-test-service-2.dns-1879.svc.cluster.local jessie_tcp@dns-test-service-2.dns-1879.svc.cluster.local jessie_udp@PodARecord jessie_tcp@PodARecord]&#xA;&#xA;Aug 27 11:45:45.825: INFO: Unable to read wheezy_udp@dns-test-service-2.dns-1879.svc.cluster.local from pod dns-1879/dns-test-d3a3f538-c6c2-4f10-a20e-7b95372822ec: the server could not find the requested resource (get pods dns-test-d3a3f538-c6c2-4f10-a20e-7b95372822ec)&#xA;Aug 27 11:45:45.828: INFO: Unable to read wheezy_tcp@dns-test-service-2.dns-1879.svc.cluster.local from pod dns-1879/dns-test-d3a3f538-c6c2-4f10-a20e-7b95372822ec: the server could not find the requested resource (get pods dns-test-d3a3f538-c6c2-4f10-a20e-7b95372822ec)&#xA;Aug 27 11:45:45.832: INFO: Unable to read wheezy_udp@PodARecord from pod dns-1879/dns-test-d3a3f538-c6c2-4f10-a20e-7b95372822ec: the server could not find the requested resource (get pods dns-test-d3a3f538-c6c2-4f10-a20e-7b95372822ec)&#xA;Aug 27 11:45:45.835: INFO: Unable to read wheezy_tcp@PodARecord from pod dns-1879/dns-test-d3a3f538-c6c2-4f10-a20e-7b95372822ec: the server could not find the requested resource (get pods dns-test-d3a3f538-c6c2-4f10-a20e-7b95372822ec)&#xA;Aug 27 11:45:45.870: INFO: Unable to read jessie_udp@dns-test-service-2.dns-1879.svc.cluster.local from pod dns-1879/dns-test-d3a3f538-c6c2-4f10-a20e-7b95372822ec: the server could not find the requested resource (get pods dns-test-d3a3f538-c6c2-4f10-a20e-7b95372822ec)&#xA;Aug 27 11:45:45.890: INFO: Unable to read jessie_tcp@dns-test-service-2.dns-1879.svc.cluster.local from pod dns-1879/dns-test-d3a3f538-c6c2-4f10-a20e-7b95372822ec: the server could not find the requested resource (get pods dns-test-d3a3f538-c6c2-4f10-a20e-7b95372822ec)&#xA;Aug 27 11:45:45.950: INFO: Unable to read jessie_udp@PodARecord from pod dns-1879/dns-test-d3a3f538-c6c2-4f10-a20e-7b95372822ec: the server could not find the requested resource (get pods dns-test-d3a3f538-c6c2-4f10-a20e-7b95372822ec)&#xA;Aug 27 11:45:45.961: INFO: Unable to read jessie_tcp@PodARecord from pod dns-1879/dns-test-d3a3f538-c6c2-4f10-a20e-7b95372822ec: the server could not find the requested resource (get pods dns-test-d3a3f538-c6c2-4f10-a20e-7b95372822ec)&#xA;Aug 27 11:45:45.962: INFO: Lookups using dns-1879/dns-test-d3a3f538-c6c2-4f10-a20e-7b95372822ec failed for: [wheezy_udp@dns-test-service-2.dns-1879.svc.cluster.local wheezy_tcp@dns-test-service-2.dns-1879.svc.cluster.local wheezy_udp@PodARecord wheezy_tcp@PodARecord jessie_udp@dns-test-service-2.dns-1879.svc.cluster.local jessie_tcp@dns-test-service-2.dns-1879.svc.cluster.local jessie_udp@PodARecord jessie_tcp@PodARecord]&#xA;&#xA;Aug 27 11:45:50.790: INFO: Unable to read wheezy_udp@dns-test-service-2.dns-1879.svc.cluster.local from pod dns-1879/dns-test-d3a3f538-c6c2-4f10-a20e-7b95372822ec: the server could not find the requested resource (get pods dns-test-d3a3f538-c6c2-4f10-a20e-7b95372822ec)&#xA;Aug 27 11:45:50.798: INFO: Unable to read wheezy_tcp@dns-test-service-2.dns-1879.svc.cluster.local from pod dns-1879/dns-test-d3a3f538-c6c2-4f10-a20e-7b95372822ec: the server could not find the requested resource (get pods dns-test-d3a3f538-c6c2-4f10-a20e-7b95372822ec)&#xA;Aug 27 11:45:50.803: INFO: Unable to read wheezy_udp@PodARecord from pod dns-1879/dns-test-d3a3f538-c6c2-4f10-a20e-7b95372822ec: the server could not find the requested resource (get pods dns-test-d3a3f538-c6c2-4f10-a20e-7b95372822ec)&#xA;Aug 27 11:45:50.811: INFO: Unable to read wheezy_tcp@PodARecord from pod dns-1879/dns-test-d3a3f538-c6c2-4f10-a20e-7b95372822ec: the server could not find the requested resource (get pods dns-test-d3a3f538-c6c2-4f10-a20e-7b95372822ec)&#xA;Aug 27 11:45:50.824: INFO: Unable to read jessie_udp@dns-test-service-2.dns-1879.svc.cluster.local from pod dns-1879/dns-test-d3a3f538-c6c2-4f10-a20e-7b95372822ec: the server could not find the requested resource (get pods dns-test-d3a3f538-c6c2-4f10-a20e-7b95372822ec)&#xA;Aug 27 11:45:50.832: INFO: Unable to read jessie_tcp@dns-test-service-2.dns-1879.svc.cluster.local from pod dns-1879/dns-test-d3a3f538-c6c2-4f10-a20e-7b95372822ec: the server could not find the requested resource (get pods dns-test-d3a3f538-c6c2-4f10-a20e-7b95372822ec)&#xA;Aug 27 11:45:50.836: INFO: Unable to read jessie_udp@PodARecord from pod dns-1879/dns-test-d3a3f538-c6c2-4f10-a20e-7b95372822ec: the server could not find the requested resource (get pods dns-test-d3a3f538-c6c2-4f10-a20e-7b95372822ec)&#xA;Aug 27 11:45:50.842: INFO: Unable to read jessie_tcp@PodARecord from pod dns-1879/dns-test-d3a3f538-c6c2-4f10-a20e-7b95372822ec: the server could not find the requested resource (get pods dns-test-d3a3f538-c6c2-4f10-a20e-7b95372822ec)&#xA;Aug 27 11:45:50.842: INFO: Lookups using dns-1879/dns-test-d3a3f538-c6c2-4f10-a20e-7b95372822ec failed for: [wheezy_udp@dns-test-service-2.dns-1879.svc.cluster.local wheezy_tcp@dns-test-service-2.dns-1879.svc.cluster.local wheezy_udp@PodARecord wheezy_tcp@PodARecord jessie_udp@dns-test-service-2.dns-1879.svc.cluster.local jessie_tcp@dns-test-service-2.dns-1879.svc.cluster.local jessie_udp@PodARecord jessie_tcp@PodARecord]&#xA;&#xA;Aug 27 11:45:55.800: INFO: Unable to read wheezy_udp@dns-test-service-2.dns-1879.svc.cluster.local from pod dns-1879/dns-test-d3a3f538-c6c2-4f10-a20e-7b95372822ec: the server could not find the requested resource (get pods dns-test-d3a3f538-c6c2-4f10-a20e-7b95372822ec)&#xA;Aug 27 11:45:55.804: INFO: Unable to read wheezy_tcp@dns-test-service-2.dns-1879.svc.cluster.local from pod dns-1879/dns-test-d3a3f538-c6c2-4f10-a20e-7b95372822ec: the server could not find the requested resource (get pods dns-test-d3a3f538-c6c2-4f10-a20e-7b95372822ec)&#xA;Aug 27 11:45:55.811: INFO: Unable to read wheezy_udp@PodARecord from pod dns-1879/dns-test-d3a3f538-c6c2-4f10-a20e-7b95372822ec: the server could not find the requested resource (get pods dns-test-d3a3f538-c6c2-4f10-a20e-7b95372822ec)&#xA;Aug 27 11:45:55.816: INFO: Unable to read wheezy_tcp@PodARecord from pod dns-1879/dns-test-d3a3f538-c6c2-4f10-a20e-7b95372822ec: the server could not find the requested resource (get pods dns-test-d3a3f538-c6c2-4f10-a20e-7b95372822ec)&#xA;Aug 27 11:45:55.839: INFO: Unable to read jessie_udp@dns-test-service-2.dns-1879.svc.cluster.local from pod dns-1879/dns-test-d3a3f538-c6c2-4f10-a20e-7b95372822ec: the server could not find the requested resource (get pods dns-test-d3a3f538-c6c2-4f10-a20e-7b95372822ec)&#xA;Aug 27 11:45:55.847: INFO: Unable to read jessie_tcp@dns-test-service-2.dns-1879.svc.cluster.local from pod dns-1879/dns-test-d3a3f538-c6c2-4f10-a20e-7b95372822ec: the server could not find the requested resource (get pods dns-test-d3a3f538-c6c2-4f10-a20e-7b95372822ec)&#xA;Aug 27 11:45:55.851: INFO: Unable to read jessie_udp@PodARecord from pod dns-1879/dns-test-d3a3f538-c6c2-4f10-a20e-7b95372822ec: the server could not find the requested resource (get pods dns-test-d3a3f538-c6c2-4f10-a20e-7b95372822ec)&#xA;Aug 27 11:45:55.868: INFO: Unable to read jessie_tcp@PodARecord from pod dns-1879/dns-test-d3a3f538-c6c2-4f10-a20e-7b95372822ec: the server could not find the requested resource (get pods dns-test-d3a3f538-c6c2-4f10-a20e-7b95372822ec)&#xA;Aug 27 11:45:55.870: INFO: Lookups using dns-1879/dns-test-d3a3f538-c6c2-4f10-a20e-7b95372822ec failed for: [wheezy_udp@dns-test-service-2.dns-1879.svc.cluster.local wheezy_tcp@dns-test-service-2.dns-1879.svc.cluster.local wheezy_udp@PodARecord wheezy_tcp@PodARecord jessie_udp@dns-test-service-2.dns-1879.svc.cluster.local jessie_tcp@dns-test-service-2.dns-1879.svc.cluster.local jessie_udp@PodARecord jessie_tcp@PodARecord]&#xA;&#xA;Aug 27 11:46:00.793: INFO: Unable to read wheezy_udp@dns-test-service-2.dns-1879.svc.cluster.local from pod dns-1879/dns-test-d3a3f538-c6c2-4f10-a20e-7b95372822ec: the server could not find the requested resource (get pods dns-test-d3a3f538-c6c2-4f10-a20e-7b95372822ec)&#xA;Aug 27 11:46:00.806: INFO: Unable to read wheezy_tcp@dns-test-service-2.dns-1879.svc.cluster.local from pod dns-1879/dns-test-d3a3f538-c6c2-4f10-a20e-7b95372822ec: the server could not find the requested resource (get pods dns-test-d3a3f538-c6c2-4f10-a20e-7b95372822ec)&#xA;Aug 27 11:46:00.813: INFO: Unable to read wheezy_udp@PodARecord from pod dns-1879/dns-test-d3a3f538-c6c2-4f10-a20e-7b95372822ec: the server could not find the requested resource (get pods dns-test-d3a3f538-c6c2-4f10-a20e-7b95372822ec)&#xA;Aug 27 11:46:00.818: INFO: Unable to read wheezy_tcp@PodARecord from pod dns-1879/dns-test-d3a3f538-c6c2-4f10-a20e-7b95372822ec: the server could not find the requested resource (get pods dns-test-d3a3f538-c6c2-4f10-a20e-7b95372822ec)&#xA;Aug 27 11:46:00.833: INFO: Unable to read jessie_udp@dns-test-service-2.dns-1879.svc.cluster.local from pod dns-1879/dns-test-d3a3f538-c6c2-4f10-a20e-7b95372822ec: the server could not find the requested resource (get pods dns-test-d3a3f538-c6c2-4f10-a20e-7b95372822ec)&#xA;Aug 27 11:46:00.845: INFO: Unable to read jessie_tcp@dns-test-service-2.dns-1879.svc.cluster.local from pod dns-1879/dns-test-d3a3f538-c6c2-4f10-a20e-7b95372822ec: the server could not find the requested resource (get pods dns-test-d3a3f538-c6c2-4f10-a20e-7b95372822ec)&#xA;Aug 27 11:46:00.853: INFO: Unable to read jessie_udp@PodARecord from pod dns-1879/dns-test-d3a3f538-c6c2-4f10-a20e-7b95372822ec: the server could not find the requested resource (get pods dns-test-d3a3f538-c6c2-4f10-a20e-7b95372822ec)&#xA;Aug 27 11:46:00.858: INFO: Unable to read jessie_tcp@PodARecord from pod dns-1879/dns-test-d3a3f538-c6c2-4f10-a20e-7b95372822ec: the server could not find the requested resource (get pods dns-test-d3a3f538-c6c2-4f10-a20e-7b95372822ec)&#xA;Aug 27 11:46:00.858: INFO: Lookups using dns-1879/dns-test-d3a3f538-c6c2-4f10-a20e-7b95372822ec failed for: [wheezy_udp@dns-test-service-2.dns-1879.svc.cluster.local wheezy_tcp@dns-test-service-2.dns-1879.svc.cluster.local wheezy_udp@PodARecord wheezy_tcp@PodARecord jessie_udp@dns-test-service-2.dns-1879.svc.cluster.local jessie_tcp@dns-test-service-2.dns-1879.svc.cluster.local jessie_udp@PodARecord jessie_tcp@PodARecord]&#xA;&#xA;Aug 27 11:46:05.808: INFO: Unable to read wheezy_udp@dns-test-service-2.dns-1879.svc.cluster.local from pod dns-1879/dns-test-d3a3f538-c6c2-4f10-a20e-7b95372822ec: the server could not find the requested resource (get pods dns-test-d3a3f538-c6c2-4f10-a20e-7b95372822ec)&#xA;Aug 27 11:46:05.813: INFO: Unable to read wheezy_tcp@dns-test-service-2.dns-1879.svc.cluster.local from pod dns-1879/dns-test-d3a3f538-c6c2-4f10-a20e-7b95372822ec: the server could not find the requested resource (get pods dns-test-d3a3f538-c6c2-4f10-a20e-7b95372822ec)&#xA;Aug 27 11:46:05.822: INFO: Unable to read wheezy_udp@PodARecord from pod dns-1879/dns-test-d3a3f538-c6c2-4f10-a20e-7b95372822ec: the server could not find the requested resource (get pods dns-test-d3a3f538-c6c2-4f10-a20e-7b95372822ec)&#xA;Aug 27 11:46:05.831: INFO: Unable to read wheezy_tcp@PodARecord from pod dns-1879/dns-test-d3a3f538-c6c2-4f10-a20e-7b95372822ec: the server could not find the requested resource (get pods dns-test-d3a3f538-c6c2-4f10-a20e-7b95372822ec)&#xA;Aug 27 11:46:05.871: INFO: Unable to read jessie_udp@dns-test-service-2.dns-1879.svc.cluster.local from pod dns-1879/dns-test-d3a3f538-c6c2-4f10-a20e-7b95372822ec: the server could not find the requested resource (get pods dns-test-d3a3f538-c6c2-4f10-a20e-7b95372822ec)&#xA;Aug 27 11:46:05.879: INFO: Unable to read jessie_tcp@dns-test-service-2.dns-1879.svc.cluster.local from pod dns-1879/dns-test-d3a3f538-c6c2-4f10-a20e-7b95372822ec: the server could not find the requested resource (get pods dns-test-d3a3f538-c6c2-4f10-a20e-7b95372822ec)&#xA;Aug 27 11:46:05.888: INFO: Unable to read jessie_udp@PodARecord from pod dns-1879/dns-test-d3a3f538-c6c2-4f10-a20e-7b95372822ec: the server could not find the requested resource (get pods dns-test-d3a3f538-c6c2-4f10-a20e-7b95372822ec)&#xA;Aug 27 11:46:05.898: INFO: Unable to read jessie_tcp@PodARecord from pod dns-1879/dns-test-d3a3f538-c6c2-4f10-a20e-7b95372822ec: the server could not find the requested resource (get pods dns-test-d3a3f538-c6c2-4f10-a20e-7b95372822ec)&#xA;Aug 27 11:46:05.898: INFO: Lookups using dns-1879/dns-test-d3a3f538-c6c2-4f10-a20e-7b95372822ec failed for: [wheezy_udp@dns-test-service-2.dns-1879.svc.cluster.local wheezy_tcp@dns-test-service-2.dns-1879.svc.cluster.local wheezy_udp@PodARecord wheezy_tcp@PodARecord jessie_udp@dns-test-service-2.dns-1879.svc.cluster.local jessie_tcp@dns-test-service-2.dns-1879.svc.cluster.local jessie_udp@PodARecord jessie_tcp@PodARecord]&#xA;&#xA;Aug 27 11:46:10.785: INFO: Unable to read wheezy_udp@dns-test-service-2.dns-1879.svc.cluster.local from pod dns-1879/dns-test-d3a3f538-c6c2-4f10-a20e-7b95372822ec: the server could not find the requested resource (get pods dns-test-d3a3f538-c6c2-4f10-a20e-7b95372822ec)&#xA;Aug 27 11:46:10.788: INFO: Unable to read wheezy_tcp@dns-test-service-2.dns-1879.svc.cluster.local from pod dns-1879/dns-test-d3a3f538-c6c2-4f10-a20e-7b95372822ec: the server could not find the requested resource (get pods dns-test-d3a3f538-c6c2-4f10-a20e-7b95372822ec)&#xA;Aug 27 11:46:10.791: INFO: Unable to read wheezy_udp@PodARecord from pod dns-1879/dns-test-d3a3f538-c6c2-4f10-a20e-7b95372822ec: the server could not find the requested resource (get pods dns-test-d3a3f538-c6c2-4f10-a20e-7b95372822ec)&#xA;Aug 27 11:46:10.794: INFO: Unable to read wheezy_tcp@PodARecord from pod dns-1879/dns-test-d3a3f538-c6c2-4f10-a20e-7b95372822ec: the server could not find the requested resource (get pods dns-test-d3a3f538-c6c2-4f10-a20e-7b95372822ec)&#xA;Aug 27 11:46:10.803: INFO: Unable to read jessie_udp@dns-test-service-2.dns-1879.svc.cluster.local from pod dns-1879/dns-test-d3a3f538-c6c2-4f10-a20e-7b95372822ec: the server could not find the requested resource (get pods dns-test-d3a3f538-c6c2-4f10-a20e-7b95372822ec)&#xA;Aug 27 11:46:10.807: INFO: Unable to read jessie_tcp@dns-test-service-2.dns-1879.svc.cluster.local from pod dns-1879/dns-test-d3a3f538-c6c2-4f10-a20e-7b95372822ec: the server could not find the requested resource (get pods dns-test-d3a3f538-c6c2-4f10-a20e-7b95372822ec)&#xA;Aug 27 11:46:10.810: INFO: Unable to read jessie_udp@PodARecord from pod dns-1879/dns-test-d3a3f538-c6c2-4f10-a20e-7b95372822ec: the server could not find the requested resource (get pods dns-test-d3a3f538-c6c2-4f10-a20e-7b95372822ec)&#xA;Aug 27 11:46:10.813: INFO: Unable to read jessie_tcp@PodARecord from pod dns-1879/dns-test-d3a3f538-c6c2-4f10-a20e-7b95372822ec: the server could not find the requested resource (get pods dns-test-d3a3f538-c6c2-4f10-a20e-7b95372822ec)&#xA;Aug 27 11:46:10.813: INFO: Lookups using dns-1879/dns-test-d3a3f538-c6c2-4f10-a20e-7b95372822ec failed for: [wheezy_udp@dns-test-service-2.dns-1879.svc.cluster.local wheezy_tcp@dns-test-service-2.dns-1879.svc.cluster.local wheezy_udp@PodARecord wheezy_tcp@PodARecord jessie_udp@dns-test-service-2.dns-1879.svc.cluster.local jessie_tcp@dns-test-service-2.dns-1879.svc.cluster.local jessie_udp@PodARecord jessie_tcp@PodARecord]&#xA;&#xA;Aug 27 11:46:15.814: INFO: Unable to read wheezy_udp@dns-test-service-2.dns-1879.svc.cluster.local from pod dns-1879/dns-test-d3a3f538-c6c2-4f10-a20e-7b95372822ec: the server could not find the requested resource (get pods dns-test-d3a3f538-c6c2-4f10-a20e-7b95372822ec)&#xA;Aug 27 11:46:15.822: INFO: Unable to read wheezy_tcp@dns-test-service-2.dns-1879.svc.cluster.local from pod dns-1879/dns-test-d3a3f538-c6c2-4f10-a20e-7b95372822ec: the server could not find the requested resource (get pods dns-test-d3a3f538-c6c2-4f10-a20e-7b95372822ec)&#xA;Aug 27 11:46:15.827: INFO: Unable to read wheezy_udp@PodARecord from pod dns-1879/dns-test-d3a3f538-c6c2-4f10-a20e-7b95372822ec: the server could not find the requested resource (get pods dns-test-d3a3f538-c6c2-4f10-a20e-7b95372822ec)&#xA;Aug 27 11:46:15.841: INFO: Unable to read wheezy_tcp@PodARecord from pod dns-1879/dns-test-d3a3f538-c6c2-4f10-a20e-7b95372822ec: the server could not find the requested resource (get pods dns-test-d3a3f538-c6c2-4f10-a20e-7b95372822ec)&#xA;Aug 27 11:46:15.854: INFO: Unable to read jessie_udp@dns-test-service-2.dns-1879.svc.cluster.local from pod dns-1879/dns-test-d3a3f538-c6c2-4f10-a20e-7b95372822ec: the server could not find the requested resource (get pods dns-test-d3a3f538-c6c2-4f10-a20e-7b95372822ec)&#xA;Aug 27 11:46:15.857: INFO: Unable to read jessie_tcp@dns-test-service-2.dns-1879.svc.cluster.local from pod dns-1879/dns-test-d3a3f538-c6c2-4f10-a20e-7b95372822ec: the server could not find the requested resource (get pods dns-test-d3a3f538-c6c2-4f10-a20e-7b95372822ec)&#xA;Aug 27 11:46:15.862: INFO: Unable to read jessie_udp@PodARecord from pod dns-1879/dns-test-d3a3f538-c6c2-4f10-a20e-7b95372822ec: the server could not find the requested resource (get pods dns-test-d3a3f538-c6c2-4f10-a20e-7b95372822ec)&#xA;Aug 27 11:46:15.896: INFO: Unable to read jessie_tcp@PodARecord from pod dns-1879/dns-test-d3a3f538-c6c2-4f10-a20e-7b95372822ec: the server could not find the requested resource (get pods dns-test-d3a3f538-c6c2-4f10-a20e-7b95372822ec)&#xA;Aug 27 11:46:15.896: INFO: Lookups using dns-1879/dns-test-d3a3f538-c6c2-4f10-a20e-7b95372822ec failed for: [wheezy_udp@dns-test-service-2.dns-1879.svc.cluster.local wheezy_tcp@dns-test-service-2.dns-1879.svc.cluster.local wheezy_udp@PodARecord wheezy_tcp@PodARecord jessie_udp@dns-test-service-2.dns-1879.svc.cluster.local jessie_tcp@dns-test-service-2.dns-1879.svc.cluster.local jessie_udp@PodARecord jessie_tcp@PodARecord]&#xA;&#xA;Aug 27 11:46:20.790: INFO: Unable to read wheezy_udp@dns-test-service-2.dns-1879.svc.cluster.local from pod dns-1879/dns-test-d3a3f538-c6c2-4f10-a20e-7b95372822ec: the server could not find the requested resource (get pods dns-test-d3a3f538-c6c2-4f10-a20e-7b95372822ec)&#xA;Aug 27 11:46:20.794: INFO: Unable to read wheezy_tcp@dns-test-service-2.dns-1879.svc.cluster.local from pod dns-1879/dns-test-d3a3f538-c6c2-4f10-a20e-7b95372822ec: the server could not find the requested resource (get pods dns-test-d3a3f538-c6c2-4f10-a20e-7b95372822ec)&#xA;Aug 27 11:46:20.799: INFO: Unable to read wheezy_udp@PodARecord from pod dns-1879/dns-test-d3a3f538-c6c2-4f10-a20e-7b95372822ec: the server could not find the requested resource (get pods dns-test-d3a3f538-c6c2-4f10-a20e-7b95372822ec)&#xA;Aug 27 11:46:20.808: INFO: Unable to read wheezy_tcp@PodARecord from pod dns-1879/dns-test-d3a3f538-c6c2-4f10-a20e-7b95372822ec: the server could not find the requested resource (get pods dns-test-d3a3f538-c6c2-4f10-a20e-7b95372822ec)&#xA;Aug 27 11:46:20.821: INFO: Unable to read jessie_udp@dns-test-service-2.dns-1879.svc.cluster.local from pod dns-1879/dns-test-d3a3f538-c6c2-4f10-a20e-7b95372822ec: the server could not find the requested resource (get pods dns-test-d3a3f538-c6c2-4f10-a20e-7b95372822ec)&#xA;Aug 27 11:46:20.839: INFO: Unable to read jessie_tcp@dns-test-service-2.dns-1879.svc.cluster.local from pod dns-1879/dns-test-d3a3f538-c6c2-4f10-a20e-7b95372822ec: the server could not find the requested resource (get pods dns-test-d3a3f538-c6c2-4f10-a20e-7b95372822ec)&#xA;Aug 27 11:46:20.847: INFO: Unable to read jessie_udp@PodARecord from pod dns-1879/dns-test-d3a3f538-c6c2-4f10-a20e-7b95372822ec: the server could not find the requested resource (get pods dns-test-d3a3f538-c6c2-4f10-a20e-7b95372822ec)&#xA;Aug 27 11:46:20.867: INFO: Unable to read jessie_tcp@PodARecord from pod dns-1879/dns-test-d3a3f538-c6c2-4f10-a20e-7b95372822ec: the server could not find the requested resource (get pods dns-test-d3a3f538-c6c2-4f10-a20e-7b95372822ec)&#xA;Aug 27 11:46:20.867: INFO: Lookups using dns-1879/dns-test-d3a3f538-c6c2-4f10-a20e-7b95372822ec failed for: [wheezy_udp@dns-test-service-2.dns-1879.svc.cluster.local wheezy_tcp@dns-test-service-2.dns-1879.svc.cluster.local wheezy_udp@PodARecord wheezy_tcp@PodARecord jessie_udp@dns-test-service-2.dns-1879.svc.cluster.local jessie_tcp@dns-test-service-2.dns-1879.svc.cluster.local jessie_udp@PodARecord jessie_tcp@PodARecord]&#xA;&#xA;Aug 27 11:46:25.808: INFO: Unable to read wheezy_udp@dns-test-service-2.dns-1879.svc.cluster.local from pod dns-1879/dns-test-d3a3f538-c6c2-4f10-a20e-7b95372822ec: the server could not find the requested resource (get pods dns-test-d3a3f538-c6c2-4f10-a20e-7b95372822ec)&#xA;Aug 27 11:46:25.828: INFO: Unable to read wheezy_tcp@dns-test-service-2.dns-1879.svc.cluster.local from pod dns-1879/dns-test-d3a3f538-c6c2-4f10-a20e-7b95372822ec: the server could not find the requested resource (get pods dns-test-d3a3f538-c6c2-4f10-a20e-7b95372822ec)&#xA;Aug 27 11:46:25.833: INFO: Unable to read wheezy_udp@PodARecord from pod dns-1879/dns-test-d3a3f538-c6c2-4f10-a20e-7b95372822ec: the server could not find the requested resource (get pods dns-test-d3a3f538-c6c2-4f10-a20e-7b95372822ec)&#xA;Aug 27 11:46:25.901: INFO: Unable to read wheezy_tcp@PodARecord from pod dns-1879/dns-test-d3a3f538-c6c2-4f10-a20e-7b95372822ec: the server could not find the requested resource (get pods dns-test-d3a3f538-c6c2-4f10-a20e-7b95372822ec)&#xA;Aug 27 11:46:26.008: INFO: Unable to read jessie_udp@dns-test-service-2.dns-1879.svc.cluster.local from pod dns-1879/dns-test-d3a3f538-c6c2-4f10-a20e-7b95372822ec: the server could not find the requested resource (get pods dns-test-d3a3f538-c6c2-4f10-a20e-7b95372822ec)&#xA;Aug 27 11:46:26.012: INFO: Unable to read jessie_tcp@dns-test-service-2.dns-1879.svc.cluster.local from pod dns-1879/dns-test-d3a3f538-c6c2-4f10-a20e-7b95372822ec: the server could not find the requested resource (get pods dns-test-d3a3f538-c6c2-4f10-a20e-7b95372822ec)&#xA;Aug 27 11:46:26.017: INFO: Unable to read jessie_udp@PodARecord from pod dns-1879/dns-test-d3a3f538-c6c2-4f10-a20e-7b95372822ec: the server could not find the requested resource (get pods dns-test-d3a3f538-c6c2-4f10-a20e-7b95372822ec)&#xA;Aug 27 11:46:26.024: INFO: Unable to read jessie_tcp@PodARecord from pod dns-1879/dns-test-d3a3f538-c6c2-4f10-a20e-7b95372822ec: the server could not find the requested resource (get pods dns-test-d3a3f538-c6c2-4f10-a20e-7b95372822ec)&#xA;Aug 27 11:46:26.024: INFO: Lookups using dns-1879/dns-test-d3a3f538-c6c2-4f10-a20e-7b95372822ec failed for: [wheezy_udp@dns-test-service-2.dns-1879.svc.cluster.local wheezy_tcp@dns-test-service-2.dns-1879.svc.cluster.local wheezy_udp@PodARecord wheezy_tcp@PodARecord jessie_udp@dns-test-service-2.dns-1879.svc.cluster.local jessie_tcp@dns-test-service-2.dns-1879.svc.cluster.local jessie_udp@PodARecord jessie_tcp@PodARecord]&#xA;&#xA;Aug 27 11:46:30.790: INFO: Unable to read wheezy_udp@dns-test-service-2.dns-1879.svc.cluster.local from pod dns-1879/dns-test-d3a3f538-c6c2-4f10-a20e-7b95372822ec: the server could not find the requested resource (get pods dns-test-d3a3f538-c6c2-4f10-a20e-7b95372822ec)&#xA;Aug 27 11:46:30.793: INFO: Unable to read wheezy_tcp@dns-test-service-2.dns-1879.svc.cluster.local from pod dns-1879/dns-test-d3a3f538-c6c2-4f10-a20e-7b95372822ec: the server could not find the requested resource (get pods dns-test-d3a3f538-c6c2-4f10-a20e-7b95372822ec)&#xA;Aug 27 11:46:30.796: INFO: Unable to read wheezy_udp@PodARecord from pod dns-1879/dns-test-d3a3f538-c6c2-4f10-a20e-7b95372822ec: the server could not find the requested resource (get pods dns-test-d3a3f538-c6c2-4f10-a20e-7b95372822ec)&#xA;Aug 27 11:46:30.801: INFO: Unable to read wheezy_tcp@PodARecord from pod dns-1879/dns-test-d3a3f538-c6c2-4f10-a20e-7b95372822ec: the server could not find the requested resource (get pods dns-test-d3a3f538-c6c2-4f10-a20e-7b95372822ec)&#xA;Aug 27 11:46:30.813: INFO: Unable to read jessie_udp@dns-test-service-2.dns-1879.svc.cluster.local from pod dns-1879/dns-test-d3a3f538-c6c2-4f10-a20e-7b95372822ec: the server could not find the requested resource (get pods dns-test-d3a3f538-c6c2-4f10-a20e-7b95372822ec)&#xA;Aug 27 11:46:30.817: INFO: Unable to read jessie_tcp@dns-test-service-2.dns-1879.svc.cluster.local from pod dns-1879/dns-test-d3a3f538-c6c2-4f10-a20e-7b95372822ec: the server could not find the requested resource (get pods dns-test-d3a3f538-c6c2-4f10-a20e-7b95372822ec)&#xA;Aug 27 11:46:30.825: INFO: Unable to read jessie_udp@PodARecord from pod dns-1879/dns-test-d3a3f538-c6c2-4f10-a20e-7b95372822ec: the server could not find the requested resource (get pods dns-test-d3a3f538-c6c2-4f10-a20e-7b95372822ec)&#xA;Aug 27 11:46:30.831: INFO: Unable to read jessie_tcp@PodARecord from pod dns-1879/dns-test-d3a3f538-c6c2-4f10-a20e-7b95372822ec: the server could not find the requested resource (get pods dns-test-d3a3f538-c6c2-4f10-a20e-7b95372822ec)&#xA;Aug 27 11:46:30.832: INFO: Lookups using dns-1879/dns-test-d3a3f538-c6c2-4f10-a20e-7b95372822ec failed for: [wheezy_udp@dns-test-service-2.dns-1879.svc.cluster.local wheezy_tcp@dns-test-service-2.dns-1879.svc.cluster.local wheezy_udp@PodARecord wheezy_tcp@PodARecord jessie_udp@dns-test-service-2.dns-1879.svc.cluster.local jessie_tcp@dns-test-service-2.dns-1879.svc.cluster.local jessie_udp@PodARecord jessie_tcp@PodARecord]&#xA;&#xA;Aug 27 11:46:35.796: INFO: Unable to read wheezy_udp@dns-test-service-2.dns-1879.svc.cluster.local from pod dns-1879/dns-test-d3a3f538-c6c2-4f10-a20e-7b95372822ec: the server could not find the requested resource (get pods dns-test-d3a3f538-c6c2-4f10-a20e-7b95372822ec)&#xA;Aug 27 11:46:35.801: INFO: Unable to read wheezy_tcp@dns-test-service-2.dns-1879.svc.cluster.local from pod dns-1879/dns-test-d3a3f538-c6c2-4f10-a20e-7b95372822ec: the server could not find the requested resource (get pods dns-test-d3a3f538-c6c2-4f10-a20e-7b95372822ec)&#xA;Aug 27 11:46:35.804: INFO: Unable to read wheezy_udp@PodARecord from pod dns-1879/dns-test-d3a3f538-c6c2-4f10-a20e-7b95372822ec: the server could not find the requested resource (get pods dns-test-d3a3f538-c6c2-4f10-a20e-7b95372822ec)&#xA;Aug 27 11:46:35.808: INFO: Unable to read wheezy_tcp@PodARecord from pod dns-1879/dns-test-d3a3f538-c6c2-4f10-a20e-7b95372822ec: the server could not find the requested resource (get pods dns-test-d3a3f538-c6c2-4f10-a20e-7b95372822ec)&#xA;Aug 27 11:46:35.819: INFO: Unable to read jessie_udp@dns-test-service-2.dns-1879.svc.cluster.local from pod dns-1879/dns-test-d3a3f538-c6c2-4f10-a20e-7b95372822ec: the server could not find the requested resource (get pods dns-test-d3a3f538-c6c2-4f10-a20e-7b95372822ec)&#xA;Aug 27 11:46:35.823: INFO: Unable to read jessie_tcp@dns-test-service-2.dns-1879.svc.cluster.local from pod dns-1879/dns-test-d3a3f538-c6c2-4f10-a20e-7b95372822ec: the server could not find the requested resource (get pods dns-test-d3a3f538-c6c2-4f10-a20e-7b95372822ec)&#xA;Aug 27 11:46:35.828: INFO: Unable to read jessie_udp@PodARecord from pod dns-1879/dns-test-d3a3f538-c6c2-4f10-a20e-7b95372822ec: the server could not find the requested resource (get pods dns-test-d3a3f538-c6c2-4f10-a20e-7b95372822ec)&#xA;Aug 27 11:46:35.847: INFO: Unable to read jessie_tcp@PodARecord from pod dns-1879/dns-test-d3a3f538-c6c2-4f10-a20e-7b95372822ec: the server could not find the requested resource (get pods dns-test-d3a3f538-c6c2-4f10-a20e-7b95372822ec)&#xA;Aug 27 11:46:35.847: INFO: Lookups using dns-1879/dns-test-d3a3f538-c6c2-4f10-a20e-7b95372822ec failed for: [wheezy_udp@dns-test-service-2.dns-1879.svc.cluster.local wheezy_tcp@dns-test-service-2.dns-1879.svc.cluster.local wheezy_udp@PodARecord wheezy_tcp@PodARecord jessie_udp@dns-test-service-2.dns-1879.svc.cluster.local jessie_tcp@dns-test-service-2.dns-1879.svc.cluster.local jessie_udp@PodARecord jessie_tcp@PodARecord]&#xA;&#xA;Aug 27 11:46:35.864: INFO: Unable to read wheezy_udp@dns-test-service-2.dns-1879.svc.cluster.local from pod dns-1879/dns-test-d3a3f538-c6c2-4f10-a20e-7b95372822ec: the server could not find the requested resource (get pods dns-test-d3a3f538-c6c2-4f10-a20e-7b95372822ec)&#xA;Aug 27 11:46:35.872: INFO: Unable to read wheezy_tcp@dns-test-service-2.dns-1879.svc.cluster.local from pod dns-1879/dns-test-d3a3f538-c6c2-4f10-a20e-7b95372822ec: the server could not find the requested resource (get pods dns-test-d3a3f538-c6c2-4f10-a20e-7b95372822ec)&#xA;Aug 27 11:46:35.891: INFO: Unable to read wheezy_udp@PodARecord from pod dns-1879/dns-test-d3a3f538-c6c2-4f10-a20e-7b95372822ec: the server could not find the requested resource (get pods dns-test-d3a3f538-c6c2-4f10-a20e-7b95372822ec)&#xA;Aug 27 11:46:35.902: INFO: Unable to read wheezy_tcp@PodARecord from pod dns-1879/dns-test-d3a3f538-c6c2-4f10-a20e-7b95372822ec: the server could not find the requested resource (get pods dns-test-d3a3f538-c6c2-4f10-a20e-7b95372822ec)&#xA;Aug 27 11:46:35.924: INFO: Unable to read jessie_udp@dns-test-service-2.dns-1879.svc.cluster.local from pod dns-1879/dns-test-d3a3f538-c6c2-4f10-a20e-7b95372822ec: the server could not find the requested resource (get pods dns-test-d3a3f538-c6c2-4f10-a20e-7b95372822ec)&#xA;Aug 27 11:46:35.929: INFO: Unable to read jessie_tcp@dns-test-service-2.dns-1879.svc.cluster.local from pod dns-1879/dns-test-d3a3f538-c6c2-4f10-a20e-7b95372822ec: the server could not find the requested resource (get pods dns-test-d3a3f538-c6c2-4f10-a20e-7b95372822ec)&#xA;Aug 27 11:46:35.940: INFO: Unable to read jessie_udp@PodARecord from pod dns-1879/dns-test-d3a3f538-c6c2-4f10-a20e-7b95372822ec: the server could not find the requested resource (get pods dns-test-d3a3f538-c6c2-4f10-a20e-7b95372822ec)&#xA;Aug 27 11:46:35.947: INFO: Unable to read jessie_tcp@PodARecord from pod dns-1879/dns-test-d3a3f538-c6c2-4f10-a20e-7b95372822ec: the server could not find the requested resource (get pods dns-test-d3a3f538-c6c2-4f10-a20e-7b95372822ec)&#xA;Aug 27 11:46:35.947: INFO: Lookups using dns-1879/dns-test-d3a3f538-c6c2-4f10-a20e-7b95372822ec failed for: [wheezy_udp@dns-test-service-2.dns-1879.svc.cluster.local wheezy_tcp@dns-test-service-2.dns-1879.svc.cluster.local wheezy_udp@PodARecord wheezy_tcp@PodARecord jessie_udp@dns-test-service-2.dns-1879.svc.cluster.local jessie_tcp@dns-test-service-2.dns-1879.svc.cluster.local jessie_udp@PodARecord jessie_tcp@PodARecord]&#xA;&#xA;Aug 27 11:46:35.949: FAIL: Unexpected error:&#xA;    &lt;*errors.errorString | 0xc0002c6240&gt;: {&#xA;        s: &#34;timed out waiting for the condition&#34;,&#xA;    }&#xA;    timed out waiting for the condition&#xA;occurred&#xA;&#xA;Full Stack Trace&#xA;k8s.io/kubernetes/test/e2e/network.assertFilesContain(0xc004951300, 0xc, 0x10, 0x706a4c0, 0x7, 0xc002b07000, 0x79ab408, 0xc005002420, 0x0, 0x0, ...)&#xA;&#x9;/workspace/src/k8s.io/kubernetes/_output/dockerized/go/src/k8s.io/kubernetes/test/e2e/network/dns_common.go:463 +0x16e&#xA;k8s.io/kubernetes/test/e2e/network.assertFilesExist(...)&#xA;&#x9;/workspace/src/k8s.io/kubernetes/_output/dockerized/go/src/k8s.io/kubernetes/test/e2e/network/dns_common.go:457&#xA;k8s.io/kubernetes/test/e2e/network.validateDNSResults(0xc00126b340, 0xc002b07000, 0xc004951300, 0xc, 0x10)&#xA;&#x9;/workspace/src/k8s.io/kubernetes/_output/dockerized/go/src/k8s.io/kubernetes/test/e2e/network/dns_common.go:520 +0x365&#xA;k8s.io/kubernetes/test/e2e/network.glob..func2.8()&#xA;&#x9;/workspace/src/k8s.io/kubernetes/_output/dockerized/go/src/k8s.io/kubernetes/test/e2e/network/dns.go:322 +0xb0f&#xA;k8s.io/kubernetes/test/e2e.RunE2ETests(0xc000af8600)&#xA;&#x9;_output/dockerized/go/src/k8s.io/kubernetes/test/e2e/e2e.go:130 +0x36c&#xA;k8s.io/kubernetes/test/e2e.TestE2E(0xc000af8600)&#xA;&#x9;_output/dockerized/go/src/k8s.io/kubernetes/test/e2e/e2e_test.go:136 +0x2b&#xA;testing.tRunner(0xc000af8600, 0x72d42e8)&#xA;&#x9;/usr/local/go/src/testing/testing.go:1193 +0xef&#xA;created by testing.(*T).Run&#xA;&#x9;/usr/local/go/src/testing/testing.go:1238 +0x2b3&#xA;STEP: deleting the pod&#xA;STEP: deleting the test headless service&#xA;[AfterEach] [sig-network] DNS&#xA;  /workspace/src/k8s.io/kubernetes/_output/dockerized/go/src/k8s.io/kubernetes/test/e2e/framework/framework.go:186&#xA;STEP: Collecting events from namespace &#34;dns-1879&#34;.&#xA;STEP: Found 13 events.&#xA;Aug 27 11:46:36.178: INFO: At 2021-08-27 11:36:33 +0000 UTC - event for dns-test-d3a3f538-c6c2-4f10-a20e-7b95372822ec: {default-scheduler } Scheduled: Successfully assigned dns-1879/dns-test-d3a3f538-c6c2-4f10-a20e-7b95372822ec to instance-1&#xA;Aug 27 11:46:36.178: INFO: At 2021-08-27 11:36:34 +0000 UTC - event for dns-test-d3a3f538-c6c2-4f10-a20e-7b95372822ec: {kubelet instance-1} Started: Started container querier&#xA;Aug 27 11:46:36.178: INFO: At 2021-08-27 11:36:34 +0000 UTC - event for dns-test-d3a3f538-c6c2-4f10-a20e-7b95372822ec: {kubelet instance-1} Created: Created container webserver&#xA;Aug 27 11:46:36.178: INFO: At 2021-08-27 11:36:34 +0000 UTC - event for dns-test-d3a3f538-c6c2-4f10-a20e-7b95372822ec: {kubelet instance-1} Started: Started container webserver&#xA;Aug 27 11:46:36.178: INFO: At 2021-08-27 11:36:34 +0000 UTC - event for dns-test-d3a3f538-c6c2-4f10-a20e-7b95372822ec: {kubelet instance-1} Pulled: Container image &#34;k8s.gcr.io/e2e-test-images/agnhost:2.32&#34; already present on machine&#xA;Aug 27 11:46:36.178: INFO: At 2021-08-27 11:36:34 +0000 UTC - event for dns-test-d3a3f538-c6c2-4f10-a20e-7b95372822ec: {kubelet instance-1} Created: Created container querier&#xA;Aug 27 11:46:36.178: INFO: At 2021-08-27 11:36:34 +0000 UTC - event for dns-test-d3a3f538-c6c2-4f10-a20e-7b95372822ec: {kubelet instance-1} Pulled: Container image &#34;k8s.gcr.io/e2e-test-images/agnhost:2.32&#34; already present on machine&#xA;Aug 27 11:46:36.178: INFO: At 2021-08-27 11:36:34 +0000 UTC - event for dns-test-d3a3f538-c6c2-4f10-a20e-7b95372822ec: {kubelet instance-1} Pulled: Container image &#34;k8s.gcr.io/e2e-test-images/jessie-dnsutils:1.4&#34; already present on machine&#xA;Aug 27 11:46:36.178: INFO: At 2021-08-27 11:36:34 +0000 UTC - event for dns-test-d3a3f538-c6c2-4f10-a20e-7b95372822ec: {kubelet instance-1} Created: Created container jessie-querier&#xA;Aug 27 11:46:36.178: INFO: At 2021-08-27 11:36:35 +0000 UTC - event for dns-test-d3a3f538-c6c2-4f10-a20e-7b95372822ec: {kubelet instance-1} Started: Started container jessie-querier&#xA;Aug 27 11:46:36.178: INFO: At 2021-08-27 11:46:35 +0000 UTC - event for dns-test-d3a3f538-c6c2-4f10-a20e-7b95372822ec: {kubelet instance-1} Killing: Stopping container webserver&#xA;Aug 27 11:46:36.178: INFO: At 2021-08-27 11:46:35 +0000 UTC - event for dns-test-d3a3f538-c6c2-4f10-a20e-7b95372822ec: {kubelet instance-1} Killing: Stopping container jessie-querier&#xA;Aug 27 11:46:36.178: INFO: At 2021-08-27 11:46:35 +0000 UTC - event for dns-test-d3a3f538-c6c2-4f10-a20e-7b95372822ec: {kubelet instance-1} Killing: Stopping container querier&#xA;Aug 27 11:46:36.189: INFO: POD  NODE  PHASE  GRACE  CONDITIONS&#xA;Aug 27 11:46:36.189: INFO: &#xA;Aug 27 11:46:36.193: INFO: &#xA;Logging node info for node instance-1&#xA;Aug 27 11:46:36.199: INFO: Node Info: &amp;Node{ObjectMeta:{instance-1    66706824-827f-43ec-951f-55d099198c49 24698 0 2021-08-27 09:44:27 +0000 UTC &lt;nil&gt; &lt;nil&gt; map[beta.kubernetes.io/arch:amd64 beta.kubernetes.io/os:linux kubernetes.io/arch:amd64 kubernetes.io/hostname:instance-1 kubernetes.io/os:linux node-role.kubernetes.io/control-plane: node-role.kubernetes.io/master: node.kubernetes.io/control-plane: node.kubernetes.io/master:] map[node.alpha.kubernetes.io/ttl:0 projectcalico.org/IPv4Address:10.140.0.2/32 projectcalico.org/IPv4IPIPTunnelAddr:172.208.23.128 volumes.kubernetes.io/controller-managed-attach-detach:true] [] []  [{kubelet Update v1 2021-08-27 09:44:27 +0000 UTC FieldsV1 {&#34;f:metadata&#34;:{&#34;f:annotations&#34;:{&#34;.&#34;:{},&#34;f:volumes.kubernetes.io/controller-managed-attach-detach&#34;:{}},&#34;f:labels&#34;:{&#34;.&#34;:{},&#34;f:beta.kubernetes.io/arch&#34;:{},&#34;f:beta.kubernetes.io/os&#34;:{},&#34;f:kubernetes.io/arch&#34;:{},&#34;f:kubernetes.io/hostname&#34;:{},&#34;f:kubernetes.io/os&#34;:{},&#34;f:node.kubernetes.io/control-plane&#34;:{},&#34;f:node.kubernetes.io/master&#34;:{}}}} } {kube-controller-manager Update v1 2021-08-27 09:44:36 +0000 UTC FieldsV1 {&#34;f:metadata&#34;:{&#34;f:annotations&#34;:{&#34;f:node.alpha.kubernetes.io/ttl&#34;:{}}}} } {calico-node Update v1 2021-08-27 09:44:41 +0000 UTC FieldsV1 {&#34;f:metadata&#34;:{&#34;f:annotations&#34;:{&#34;f:projectcalico.org/IPv4Address&#34;:{},&#34;f:projectcalico.org/IPv4IPIPTunnelAddr&#34;:{}}},&#34;f:status&#34;:{&#34;f:conditions&#34;:{&#34;k:{\&#34;type\&#34;:\&#34;NetworkUnavailable\&#34;}&#34;:{&#34;.&#34;:{},&#34;f:lastHeartbeatTime&#34;:{},&#34;f:lastTransitionTime&#34;:{},&#34;f:message&#34;:{},&#34;f:reason&#34;:{},&#34;f:status&#34;:{},&#34;f:type&#34;:{}}}}} status} {kubectl-label Update v1 2021-08-27 09:44:44 +0000 UTC FieldsV1 {&#34;f:metadata&#34;:{&#34;f:labels&#34;:{&#34;f:node-role.kubernetes.io/control-plane&#34;:{},&#34;f:node-role.kubernetes.io/master&#34;:{}}}} } {e2e.test Update v1 2021-08-27 11:04:11 +0000 UTC FieldsV1 {&#34;f:status&#34;:{&#34;f:capacity&#34;:{&#34;f:example.com/fakecpu&#34;:{}}}} status} {kubelet Update v1 2021-08-27 11:04:21 +0000 UTC FieldsV1 {&#34;f:status&#34;:{&#34;f:allocatable&#34;:{&#34;f:example.com/fakecpu&#34;:{}},&#34;f:conditions&#34;:{&#34;k:{\&#34;type\&#34;:\&#34;DiskPressure\&#34;}&#34;:{&#34;f:lastHeartbeatTime&#34;:{}},&#34;k:{\&#34;type\&#34;:\&#34;MemoryPressure\&#34;}&#34;:{&#34;f:lastHeartbeatTime&#34;:{}},&#34;k:{\&#34;type\&#34;:\&#34;PIDPressure\&#34;}&#34;:{&#34;f:lastHeartbeatTime&#34;:{}},&#34;k:{\&#34;type\&#34;:\&#34;Ready\&#34;}&#34;:{&#34;f:lastHeartbeatTime&#34;:{},&#34;f:lastTransitionTime&#34;:{},&#34;f:message&#34;:{},&#34;f:reason&#34;:{},&#34;f:status&#34;:{}}},&#34;f:images&#34;:{}}} status}]},Spec:NodeSpec{PodCIDR:,DoNotUseExternalID:,ProviderID:,Unschedulable:false,Taints:[]Taint{},ConfigSource:nil,PodCIDRs:[],},Status:NodeStatus{Capacity:ResourceList{cpu: {{4 0} {&lt;nil&gt;} 4 DecimalSI},ephemeral-storage: {{51848359936 0} {&lt;nil&gt;} 50633164Ki BinarySI},example.com/fakecpu: {{1 3} {&lt;nil&gt;} 1k DecimalSI},hugepages-1Gi: {{0 0} {&lt;nil&gt;} 0 DecimalSI},hugepages-2Mi: {{0 0} {&lt;nil&gt;} 0 DecimalSI},memory: {{16778743808 0} {&lt;nil&gt;} 16385492Ki BinarySI},pods: {{110 0} {&lt;nil&gt;} 110 DecimalSI},},Allocatable:ResourceList{cpu: {{4 0} {&lt;nil&gt;} 4 DecimalSI},ephemeral-storage: {{49255941901 0} {&lt;nil&gt;} 49255941901 DecimalSI},example.com/fakecpu: {{1 3} {&lt;nil&gt;} 1k DecimalSI},hugepages-1Gi: {{0 0} {&lt;nil&gt;} 0 DecimalSI},hugepages-2Mi: {{0 0} {&lt;nil&gt;} 0 DecimalSI},memory: {{15600144384 0} {&lt;nil&gt;} 15234516Ki BinarySI},pods: {{110 0} {&lt;nil&gt;} 110 DecimalSI},},Phase:,Conditions:[]NodeCondition{NodeCondition{Type:NetworkUnavailable,Status:False,LastHeartbeatTime:2021-08-27 09:44:41 +0000 UTC,LastTransitionTime:2021-08-27 09:44:41 +0000 UTC,Reason:CalicoIsUp,Message:Calico is running on this node,},NodeCondition{Type:MemoryPressure,Status:False,LastHeartbeatTime:2021-08-27 11:45:20 +0000 UTC,LastTransitionTime:2021-08-27 09:44:26 +0000 UTC,Reason:KubeletHasSufficientMemory,Message:kubelet has sufficient memory available,},NodeCondition{Type:DiskPressure,Status:False,LastHeartbeatTime:2021-08-27 11:45:20 +0000 UTC,LastTransitionTime:2021-08-27 09:44:26 +0000 UTC,Reason:KubeletHasNoDiskPressure,Message:kubelet has no disk pressure,},NodeCondition{Type:PIDPressure,Status:False,LastHeartbeatTime:2021-08-27 11:45:20 +0000 UTC,LastTransitionTime:2021-08-27 09:44:26 +0000 UTC,Reason:KubeletHasSufficientPID,Message:kubelet has sufficient PID available,},NodeCondition{Type:Ready,Status:True,LastHeartbeatTime:2021-08-27 11:45:20 +0000 UTC,LastTransitionTime:2021-08-27 09:44:47 +0000 UTC,Reason:KubeletReady,Message:kubelet is posting ready status. AppArmor enabled,},},Addresses:[]NodeAddress{NodeAddress{Type:InternalIP,Address:10.140.0.2,},NodeAddress{Type:Hostname,Address:instance-1,},},DaemonEndpoints:NodeDaemonEndpoints{KubeletEndpoint:DaemonEndpoint{Port:10250,},},NodeInfo:NodeSystemInfo{MachineID:9115f560b455f8c5d2b83bdfb715f3b3,SystemUUID:9115f560-b455-f8c5-d2b8-3bdfb715f3b3,BootID:3bd04ce9-2b88-452c-af59-4599689b83f3,KernelVersion:5.11.0-1017-gcp,OSImage:Ubuntu 21.04,ContainerRuntimeVersion:docker://20.10.8,KubeletVersion:v1.22.1,KubeProxyVersion:v1.22.1,OperatingSystem:linux,Architecture:amd64,},Images:[]ContainerImage{ContainerImage{Names:[slzcc/kubernetes@sha256:d938e2364017b78329200a38b8317db806fe305cf5e26c975a0298e23324fb77 slzcc/kubernetes:v1.22.1.0],SizeBytes:2296544903,},ContainerImage{Names:[quay.io/cilium/cilium:v1.10.1],SizeBytes:409321746,},ContainerImage{Names:[sonobuoy/systemd-logs@sha256:fadad24a66ddd544987c38811108a73d1a306dd3b5e3f090b207786f2825ffde sonobuoy/systemd-logs:v0.3],SizeBytes:297365055,},ContainerImage{Names:[k8s.gcr.io/etcd@sha256:9ce33ba33d8e738a5b85ed50b5080ac746deceed4a7496c550927a7a19ca3b6d k8s.gcr.io/etcd:3.5.0-0],SizeBytes:294536887,},ContainerImage{Names:[k8s.gcr.io/etcd@sha256:4ad90a11b55313b182afc186b9876c8e891531b8db4c9bf1541953021618d0e2 k8s.gcr.io/etcd:3.4.13-0],SizeBytes:253392289,},ContainerImage{Names:[k8s.gcr.io/e2e-test-images/jessie-dnsutils@sha256:702a992280fb7c3303e84a5801acbb4c9c7fcf48cffe0e9c8be3f0c60f74cf89 k8s.gcr.io/e2e-test-images/jessie-dnsutils:1.4],SizeBytes:253371792,},ContainerImage{Names:[k8s.gcr.io/etcd:3.4.9],SizeBytes:253347452,},ContainerImage{Names:[k8s.gcr.io/conformance@sha256:e22b40e1e6db0b3fcb9fd565100de0af2c525217769378a20ac4cef47f1502ce k8s.gcr.io/conformance:v1.22.1],SizeBytes:247962555,},ContainerImage{Names:[calico/node:v3.20.0],SizeBytes:169862919,},ContainerImage{Names:[calico/cni:v3.20.0],SizeBytes:146006429,},ContainerImage{Names:[k8s.gcr.io/kube-apiserver:v1.22.1],SizeBytes:128446877,},ContainerImage{Names:[k8s.gcr.io/e2e-test-images/httpd@sha256:716d2f68314c5c4ddd5ecdb45183fcb4ed8019015982c1321571f863989b70b0 k8s.gcr.io/e2e-test-images/httpd:2.4.39-1],SizeBytes:126894770,},ContainerImage{Names:[k8s.gcr.io/e2e-test-images/agnhost@sha256:758db666ac7028534dba72e7e9bb1e57bb81b8196f976f7a5cc351ef8b3529e1 k8s.gcr.io/e2e-test-images/agnhost:2.32],SizeBytes:125930239,},ContainerImage{Names:[k8s.gcr.io/e2e-test-images/httpd@sha256:b913fa234cc3473cfe16e937d106b455a7609f927f59031c81aca791e2689b50 k8s.gcr.io/e2e-test-images/httpd:2.4.38-1],SizeBytes:123781643,},ContainerImage{Names:[k8s.gcr.io/kube-controller-manager:v1.22.1],SizeBytes:121979567,},ContainerImage{Names:[k8s.gcr.io/e2e-test-images/nautilus@sha256:1f36a24cfb5e0c3f725d7565a867c2384282fcbeccc77b07b423c9da95763a9a k8s.gcr.io/e2e-test-images/nautilus:1.4],SizeBytes:121748345,},ContainerImage{Names:[k8s.gcr.io/kube-proxy:v1.22.1],SizeBytes:103645121,},ContainerImage{Names:[haproxy:2.4.2],SizeBytes:95448973,},ContainerImage{Names:[calico/kube-controllers:v3.20.0],SizeBytes:63156065,},ContainerImage{Names:[k8s.gcr.io/e2e-test-images/sample-apiserver@sha256:e7fddbaac4c3451da2365ab90bad149d32f11409738034e41e0f460927f7c276 k8s.gcr.io/e2e-test-images/sample-apiserver:1.17.4],SizeBytes:58172101,},ContainerImage{Names:[quay.io/cilium/operator-generic:v1.10.1],SizeBytes:56290965,},ContainerImage{Names:[k8s.gcr.io/kube-scheduler:v1.22.1],SizeBytes:52658888,},ContainerImage{Names:[coredns/coredns@sha256:6e5a02c21641597998b4be7cb5eb1e7b02c0d8d23cce4dd09f4682d463798890 k8s.gcr.io/coredns/coredns@sha256:6e5a02c21641597998b4be7cb5eb1e7b02c0d8d23cce4dd09f4682d463798890 coredns/coredns:1.8.4 k8s.gcr.io/coredns/coredns:v1.8.4],SizeBytes:47554275,},ContainerImage{Names:[coredns/coredns:1.8.3],SizeBytes:43499235,},ContainerImage{Names:[sonobuoy/sonobuoy@sha256:d393e2c862fffd0823409594f3ab8bc2524b359d9e6313ae3f9edb5d3dfa56e1 sonobuoy/sonobuoy:v0.53.2],SizeBytes:37400989,},ContainerImage{Names:[calico/pod2daemon-flexvol@sha256:c17e3e9871682bed00bfd33f8d6f00db1d1a126034a25bf5380355978e0c548d calico/pod2daemon-flexvol:v3.20.0],SizeBytes:21666928,},ContainerImage{Names:[k8s.gcr.io/e2e-test-images/nginx@sha256:503b7abb89e57383eba61cc8a9cb0b495ea575c516108f7d972a6ff6e1ab3c9b k8s.gcr.io/e2e-test-images/nginx:1.14-1],SizeBytes:16032814,},ContainerImage{Names:[slzcc/keepalived:1.2.24.1],SizeBytes:15933789,},ContainerImage{Names:[quay.io/cilium/startup-script:62bfbe88c17778aad7bef9fa57ff9e2d4a9ba0d8],SizeBytes:11739254,},ContainerImage{Names:[k8s.gcr.io/e2e-test-images/nonewprivs@sha256:8ac1264691820febacf3aea5d152cbde6d10685731ec14966a9401c6f47a68ac k8s.gcr.io/e2e-test-images/nonewprivs:1.3],SizeBytes:7107254,},ContainerImage{Names:[k8s.gcr.io/e2e-test-images/busybox@sha256:39e1e963e5310e9c313bad51523be012ede7b35bb9316517d19089a010356592 k8s.gcr.io/e2e-test-images/busybox:1.29-1],SizeBytes:1154361,},ContainerImage{Names:[k8s.gcr.io/pause@sha256:1ff6c18fbef2045af6b9c16bf034cc421a29027b800e4f9b68ae9b1cb3e9ae07 k8s.gcr.io/pause:3.5],SizeBytes:682696,},ContainerImage{Names:[k8s.gcr.io/pause:3.2],SizeBytes:682696,},},VolumesInUse:[],VolumesAttached:[]AttachedVolume{},Config:nil,},}&#xA;Aug 27 11:46:36.199: INFO: &#xA;Logging kubelet events for node instance-1&#xA;Aug 27 11:46:36.202: INFO: &#xA;Logging pods the kubelet thinks is on node instance-1&#xA;Aug 27 11:46:36.226: INFO: kube-controller-manager-instance-1 started at 2021-08-27 09:44:20 +0000 UTC (0+1 container statuses recorded)&#xA;Aug 27 11:46:36.226: INFO: &#x9;Container kube-controller-manager ready: true, restart count 1&#xA;Aug 27 11:46:36.226: INFO: calico-node-jtcrr started at 2021-08-27 09:44:35 +0000 UTC (3+1 container statuses recorded)&#xA;Aug 27 11:46:36.226: INFO: &#x9;Init container upgrade-ipam ready: true, restart count 0&#xA;Aug 27 11:46:36.226: INFO: &#x9;Init container install-cni ready: true, restart count 0&#xA;Aug 27 11:46:36.226: INFO: &#x9;Init container flexvol-driver ready: true, restart count 0&#xA;Aug 27 11:46:36.226: INFO: &#x9;Container calico-node ready: true, restart count 0&#xA;Aug 27 11:46:36.226: INFO: kube-apiserver-instance-1 started at 2021-08-27 09:44:20 +0000 UTC (0+1 container statuses recorded)&#xA;Aug 27 11:46:36.226: INFO: &#x9;Container kube-apiserver ready: true, restart count 1&#xA;Aug 27 11:46:36.226: INFO: sonobuoy started at 2021-08-27 09:45:47 +0000 UTC (0+1 container statuses recorded)&#xA;Aug 27 11:46:36.226: INFO: &#x9;Container kube-sonobuoy ready: true, restart count 0&#xA;Aug 27 11:46:36.226: INFO: sonobuoy-systemd-logs-daemon-set-0a76f2e7c4ae491c-6jjs8 started at 2021-08-27 09:45:48 +0000 UTC (0+2 container statuses recorded)&#xA;Aug 27 11:46:36.226: INFO: &#x9;Container sonobuoy-worker ready: true, restart count 0&#xA;Aug 27 11:46:36.226: INFO: &#x9;Container systemd-logs ready: true, restart count 0&#xA;Aug 27 11:46:36.226: INFO: coredns-5449fcdd7-hxflz started at 2021-08-27 10:36:29 +0000 UTC (0+1 container statuses recorded)&#xA;Aug 27 11:46:36.226: INFO: &#x9;Container coredns ready: true, restart count 0&#xA;Aug 27 11:46:36.226: INFO: coredns-5449fcdd7-9wk7q started at 2021-08-27 10:36:29 +0000 UTC (0+1 container statuses recorded)&#xA;Aug 27 11:46:36.226: INFO: &#x9;Container coredns ready: true, restart count 0&#xA;Aug 27 11:46:36.226: INFO: etcd-instance-1 started at 2021-08-27 09:44:20 +0000 UTC (0+1 container statuses recorded)&#xA;Aug 27 11:46:36.226: INFO: &#x9;Container etcd ready: true, restart count 7&#xA;Aug 27 11:46:36.226: INFO: haproxy-instance-1 started at 2021-08-27 09:44:20 +0000 UTC (0+1 container statuses recorded)&#xA;Aug 27 11:46:36.226: INFO: &#x9;Container haproxy ready: true, restart count 7&#xA;Aug 27 11:46:36.226: INFO: kube-scheduler-instance-1 started at 2021-08-27 09:44:20 +0000 UTC (0+1 container statuses recorded)&#xA;Aug 27 11:46:36.226: INFO: &#x9;Container kube-scheduler ready: true, restart count 1&#xA;Aug 27 11:46:36.226: INFO: kube-proxy-45vxz started at 2021-08-27 09:44:35 +0000 UTC (0+1 container statuses recorded)&#xA;Aug 27 11:46:36.226: INFO: &#x9;Container kube-proxy ready: true, restart count 0&#xA;Aug 27 11:46:36.226: INFO: calico-kube-controllers-866f579489-x4bbh started at 2021-08-27 10:36:29 +0000 UTC (0+1 container statuses recorded)&#xA;Aug 27 11:46:36.227: INFO: &#x9;Container calico-kube-controllers ready: true, restart count 0&#xA;Aug 27 11:46:36.227: INFO: sonobuoy-e2e-job-8f4800e0b3a54e3c started at 2021-08-27 09:45:48 +0000 UTC (0+2 container statuses recorded)&#xA;Aug 27 11:46:36.227: INFO: &#x9;Container e2e ready: true, restart count 0&#xA;Aug 27 11:46:36.227: INFO: &#x9;Container sonobuoy-worker ready: true, restart count 0&#xA;Aug 27 11:46:36.281: INFO: &#xA;Latency metrics for node instance-1&#xA;Aug 27 11:46:36.281: INFO: Waiting up to 3m0s for all (but 0) nodes to be ready&#xA;STEP: Destroying namespace &#34;dns-1879&#34; for this suite.&#xA;</system-out>
      </testcase>
      <testcase name="[sig-storage] In-tree Volumes [Driver: local][LocalVolumeType: gce-localssd-scsi-fs] [Serial] [Testpattern: Dynamic PV (block volmode)] volumes should store data" classname="Kubernetes e2e suite" time="0">
          <skipped></skipped>
      </testcase>
      <testcase name="[sig-storage] In-tree Volumes [Driver: emptydir] [Testpattern: Pre-provisioned PV (default fs)] volumes should store data" classname="Kubernetes e2e suite" time="0">
          <skipped></skipped>
      </testcase>
      <testcase name="[sig-storage] In-tree Volumes [Driver: local][LocalVolumeType: dir] [Testpattern: Dynamic PV (ext3)] volumes should store data" classname="Kubernetes e2e suite" time="0">
          <skipped></skipped>
      </testcase>
      <testcase name="[sig-storage] In-tree Volumes [Driver: azure-disk] [Testpattern: Dynamic PV (block volmode)] multiVolume [Slow] should concurrently access the single read-only volume from pods on the same node" classname="Kubernetes e2e suite" time="0">
          <skipped></skipped>
      </testcase>
      <testcase name="[sig-storage] In-tree Volumes [Driver: local][LocalVolumeType: dir-link] [Testpattern: Dynamic PV (default fs)] subPath should support restarting containers using file as subpath [Slow][LinuxOnly]" classname="Kubernetes e2e suite" time="0">
          <skipped></skipped>
      </testcase>
      <testcase name="[sig-storage] CSI Volumes [Driver: pd.csi.storage.gke.io][Serial] [Testpattern: Dynamic PV (filesystem volmode)] volumeLimits should support volume limits [Serial]" classname="Kubernetes e2e suite" time="0">
          <skipped></skipped>
      </testcase>
      <testcase name="[sig-storage] In-tree Volumes [Driver: nfs] [Testpattern: Dynamic PV (ntfs)][Feature:Windows] subPath should support readOnly directory specified in the volumeMount" classname="Kubernetes e2e suite" time="0">
          <skipped></skipped>
      </testcase>
      <testcase name="[sig-storage] In-tree Volumes [Driver: iscsi][Feature:Volumes] [Testpattern: Dynamic PV (filesystem volmode)] volumeMode should fail to use a volume in a pod with mismatched mode [Slow]" classname="Kubernetes e2e suite" time="0">
          <skipped></skipped>
      </testcase>
      <testcase name="[sig-storage] In-tree Volumes [Driver: emptydir] [Testpattern: Dynamic PV (default fs)] subPath should fail if non-existent subpath is outside the volume [Slow][LinuxOnly]" classname="Kubernetes e2e suite" time="0">
          <skipped></skipped>
      </testcase>
      <testcase name="[sig-storage] In-tree Volumes [Driver: hostPath] [Testpattern: Pre-provisioned PV (ntfs)][Feature:Windows] volumes should allow exec of files on the volume" classname="Kubernetes e2e suite" time="0">
          <skipped></skipped>
      </testcase>
      <testcase name="[sig-storage] In-tree Volumes [Driver: azure-disk] [Testpattern: Dynamic PV (xfs)][Slow] volumes should allow exec of files on the volume" classname="Kubernetes e2e suite" time="0">
          <skipped></skipped>
      </testcase>
      <testcase name="[sig-network] Netpol NetworkPolicy between server and client should enforce multiple, stacked policies with overlapping podSelectors [Feature:NetworkPolicy]" classname="Kubernetes e2e suite" time="0">
          <skipped></skipped>
      </testcase>
      <testcase name="[sig-storage] In-tree Volumes [Driver: vsphere] [Testpattern: Dynamic PV (ntfs)][Feature:Windows] subPath should support file as subpath [LinuxOnly]" classname="Kubernetes e2e suite" time="0">
          <skipped></skipped>
      </testcase>
      <testcase name="[sig-storage] In-tree Volumes [Driver: ceph][Feature:Volumes][Serial] [Testpattern: Dynamic PV (ntfs)][Feature:Windows] subPath should fail if subpath directory is outside the volume [Slow][LinuxOnly]" classname="Kubernetes e2e suite" time="0">
          <skipped></skipped>
      </testcase>
      <testcase name="[sig-storage] In-tree Volumes [Driver: vsphere] [Testpattern: Dynamic PV (block volmode)] multiVolume [Slow] should concurrently access the single volume from pods on different node" classname="Kubernetes e2e suite" time="0">
          <skipped></skipped>
      </testcase>
      <testcase name="[sig-storage] In-tree Volumes [Driver: aws] [Testpattern: Pre-provisioned PV (filesystem volmode)] multiVolume [Slow] should concurrently access the volume and its clone from pods on the same node [LinuxOnly][Feature:VolumeSnapshotDataSource][Feature:VolumeSourceXFS]" classname="Kubernetes e2e suite" time="0">
          <skipped></skipped>
      </testcase>
      <testcase name="[sig-storage] In-tree Volumes [Driver: iscsi][Feature:Volumes] [Testpattern: Pre-provisioned PV (default fs)] subPath should support file as subpath [LinuxOnly]" classname="Kubernetes e2e suite" time="0">
          <skipped></skipped>
      </testcase>
      <testcase name="[sig-storage] In-tree Volumes [Driver: local][LocalVolumeType: blockfs] [Testpattern: Pre-provisioned PV (block volmode)] disruptive[Disruptive][LinuxOnly] Should test that pv used in a pod that is force deleted while the kubelet is down cleans up when the kubelet returns." classname="Kubernetes e2e suite" time="0">
          <skipped></skipped>
      </testcase>
      <testcase name="[sig-storage] In-tree Volumes [Driver: local][LocalVolumeType: dir-link-bindmounted] [Testpattern: Dynamic PV (default fs)] subPath should fail if subpath with backstepping is outside the volume [Slow][LinuxOnly]" classname="Kubernetes e2e suite" time="0">
          <skipped></skipped>
      </testcase>
      <testcase name="[sig-storage] EmptyDir volumes should support (root,0777,tmpfs) [LinuxOnly] [NodeConformance] [Conformance]" classname="Kubernetes e2e suite" time="4.117625855"></testcase>
      <testcase name="[sig-storage] CSI Volumes [Driver: csi-hostpath] [Testpattern: Dynamic PV (default fs)] subPath should support readOnly file specified in the volumeMount [LinuxOnly]" classname="Kubernetes e2e suite" time="0">
          <skipped></skipped>
      </testcase>
      <testcase name="[sig-storage] In-tree Volumes [Driver: local][LocalVolumeType: block] [Testpattern: Pre-provisioned PV (block volmode)] volumeMode should fail to use a volume in a pod with mismatched mode [Slow]" classname="Kubernetes e2e suite" time="0">
          <skipped></skipped>
      </testcase>
      <testcase name="[sig-storage] In-tree Volumes [Driver: local][LocalVolumeType: dir-link] [Testpattern: Dynamic PV (ext4)] multiVolume [Slow] should access to two volumes with different volume mode and retain data across pod recreation on the same node" classname="Kubernetes e2e suite" time="0">
          <skipped></skipped>
      </testcase>
      <testcase name="[sig-apps] DisruptionController evictions: maxUnavailable allow single eviction, percentage =&gt; should allow an eviction" classname="Kubernetes e2e suite" time="0">
          <skipped></skipped>
      </testcase>
      <testcase name="[sig-storage] In-tree Volumes [Driver: azure-disk] [Testpattern: Pre-provisioned PV (filesystem volmode)] multiVolume [Slow] should access to two volumes with different volume mode and retain data across pod recreation on the same node" classname="Kubernetes e2e suite" time="0">
          <skipped></skipped>
      </testcase>
      <testcase name="[sig-storage] CSI Volumes [Driver: csi-hostpath] [Testpattern: Dynamic PV (default fs)] volume-expand should not allow expansion of pvcs without AllowVolumeExpansion property" classname="Kubernetes e2e suite" time="0">
          <skipped></skipped>
      </testcase>
      <testcase name="[sig-network] NetworkPolicyLegacy [LinuxOnly] NetworkPolicy between server and client should support a &#39;default-deny-all&#39; policy [Feature:NetworkPolicy]" classname="Kubernetes e2e suite" time="0">
          <skipped></skipped>
      </testcase>
      <testcase name="[sig-storage] In-tree Volumes [Driver: nfs] [Testpattern: Pre-provisioned PV (xfs)][Slow] volumes should allow exec of files on the volume" classname="Kubernetes e2e suite" time="0">
          <skipped></skipped>
      </testcase>
      <testcase name="[sig-storage] Projected downwardAPI should provide podname only [NodeConformance] [Conformance]" classname="Kubernetes e2e suite" time="2.095915942"></testcase>
      <testcase name="[sig-storage] CSI Volumes [Driver: pd.csi.storage.gke.io][Serial] [Testpattern: Dynamic PV (block volmode)] multiVolume [Slow] should access to two volumes with different volume mode and retain data across pod recreation on the same node" classname="Kubernetes e2e suite" time="0">
          <skipped></skipped>
      </testcase>
      <testcase name="[sig-storage] In-tree Volumes [Driver: vsphere] [Testpattern: Pre-provisioned PV (default fs)] subPath should support readOnly file specified in the volumeMount [LinuxOnly]" classname="Kubernetes e2e suite" time="0">
          <skipped></skipped>
      </testcase>
      <testcase name="[sig-storage] In-tree Volumes [Driver: local][LocalVolumeType: tmpfs] [Testpattern: Dynamic PV (block volmode)] multiVolume [Slow] should concurrently access the single volume from pods on the same node" classname="Kubernetes e2e suite" time="0">
          <skipped></skipped>
      </testcase>
      <testcase name="[sig-storage] In-tree Volumes [Driver: gcepd] [Testpattern: Inline-volume (default fs)] subPath should unmount if pod is gracefully deleted while kubelet is down [Disruptive][Slow][LinuxOnly]" classname="Kubernetes e2e suite" time="0">
          <skipped></skipped>
      </testcase>
      <testcase name="[sig-storage] In-tree Volumes [Driver: emptydir] [Testpattern: Dynamic PV (ntfs)][Feature:Windows] subPath should support non-existent path" classname="Kubernetes e2e suite" time="0">
          <skipped></skipped>
      </testcase>
      <testcase name="[sig-storage] In-tree Volumes [Driver: local][LocalVolumeType: dir-bindmounted] [Testpattern: Dynamic PV (ntfs)][Feature:Windows] subPath should verify container cannot write to subpath readonly volumes [Slow]" classname="Kubernetes e2e suite" time="0">
          <skipped></skipped>
      </testcase>
      <testcase name="[sig-storage] In-tree Volumes [Driver: hostPathSymlink] [Testpattern: Dynamic PV (ntfs)][Feature:Windows] subPath should fail if subpath with backstepping is outside the volume [Slow][LinuxOnly]" classname="Kubernetes e2e suite" time="0">
          <skipped></skipped>
      </testcase>
      <testcase name="[sig-storage] In-tree Volumes [Driver: windows-gcepd] [Testpattern: Pre-provisioned PV (filesystem volmode)] multiVolume [Slow] should concurrently access the single volume from pods on the same node" classname="Kubernetes e2e suite" time="0">
          <skipped></skipped>
      </testcase>
      <testcase name="[sig-storage] In-tree Volumes [Driver: hostPathSymlink] [Testpattern: Dynamic PV (default fs)] subPath should support existing directories when readOnly specified in the volumeSource" classname="Kubernetes e2e suite" time="0">
          <skipped></skipped>
      </testcase>
      <testcase name="[sig-storage] CSI Volumes [Driver: pd.csi.storage.gke.io][Serial] [Testpattern: Inline-volume (default fs)] subPath should support creating multiple subpath from same volumes [Slow]" classname="Kubernetes e2e suite" time="0">
          <skipped></skipped>
      </testcase>
      <testcase name="[sig-storage] In-tree Volumes [Driver: azure-disk] [Testpattern: Inline-volume (default fs)] subPath should fail if subpath file is outside the volume [Slow][LinuxOnly]" classname="Kubernetes e2e suite" time="0">
          <skipped></skipped>
      </testcase>
      <testcase name="[sig-storage] In-tree Volumes [Driver: rbd][Feature:Volumes][Serial] [Testpattern: Dynamic PV (ext4)] multiVolume [Slow] should concurrently access the single read-only volume from pods on the same node" classname="Kubernetes e2e suite" time="0">
          <skipped></skipped>
      </testcase>
      <testcase name="[sig-storage] In-tree Volumes [Driver: windows-gcepd] [Testpattern: Dynamic PV (filesystem volmode)] multiVolume [Slow] should concurrently access the single volume from pods on different node" classname="Kubernetes e2e suite" time="0">
          <skipped></skipped>
      </testcase>
      <testcase name="[sig-cli] Kubectl client Kubectl server-side dry-run should check if kubectl can dry-run update Pods [Conformance]" classname="Kubernetes e2e suite" time="3.436640467"></testcase>
      <testcase name="[sig-storage] In-tree Volumes [Driver: local][LocalVolumeType: dir-link-bindmounted] [Testpattern: Dynamic PV (ntfs)][Feature:Windows] subPath should support readOnly file specified in the volumeMount [LinuxOnly]" classname="Kubernetes e2e suite" time="0">
          <skipped></skipped>
      </testcase>
      <testcase name="[sig-api-machinery] Servers with support for API chunking should return chunks of results for list calls" classname="Kubernetes e2e suite" time="0">
          <skipped></skipped>
      </testcase>
      <testcase name="[sig-storage] In-tree Volumes [Driver: aws] [Testpattern: Dynamic PV (xfs)][Slow] multiVolume [Slow] should access to two volumes with the same volume mode and retain data across pod recreation on different node" classname="Kubernetes e2e suite" time="0">
          <skipped></skipped>
      </testcase>
      <testcase name="[sig-storage] In-tree Volumes [Driver: local][LocalVolumeType: dir-link] [Testpattern: Pre-provisioned PV (block volmode)] multiVolume [Slow] should access to two volumes with different volume mode and retain data across pod recreation on the same node" classname="Kubernetes e2e suite" time="0">
          <skipped></skipped>
      </testcase>
      <testcase name="[sig-storage] In-tree Volumes [Driver: windows-gcepd] [Testpattern: Inline-volume (default fs)] subPath should fail if subpath with backstepping is outside the volume [Slow][LinuxOnly]" classname="Kubernetes e2e suite" time="0">
          <skipped></skipped>
      </testcase>
      <testcase name="[sig-cli] Kubectl Port forwarding With a server listening on 0.0.0.0 that expects NO client request should support a client that connects, sends DATA, and disconnects" classname="Kubernetes e2e suite" time="0">
          <skipped></skipped>
      </testcase>
      <testcase name="[sig-storage] In-tree Volumes [Driver: windows-gcepd] [Testpattern: Dynamic PV (ext4)] multiVolume [Slow] should concurrently access the volume and restored snapshot from pods on the same node [LinuxOnly][Feature:VolumeSnapshotDataSource][Feature:VolumeSourceXFS]" classname="Kubernetes e2e suite" time="0">
          <skipped></skipped>
      </testcase>
      <testcase name="[sig-storage] In-tree Volumes [Driver: windows-gcepd] [Testpattern: Dynamic PV (filesystem volmode)] volumeMode should not mount / map unused volumes in a pod [LinuxOnly]" classname="Kubernetes e2e suite" time="0">
          <skipped></skipped>
      </testcase>
      <testcase name="[sig-storage] In-tree Volumes [Driver: local][LocalVolumeType: dir-bindmounted] [Testpattern: Dynamic PV (default fs)] volumes should store data" classname="Kubernetes e2e suite" time="0">
          <skipped></skipped>
      </testcase>
      <testcase name="[sig-storage] In-tree Volumes [Driver: cinder] [Testpattern: Pre-provisioned PV (default fs)] subPath should support file as subpath [LinuxOnly]" classname="Kubernetes e2e suite" time="0">
          <skipped></skipped>
      </testcase>
      <testcase name="[sig-node] RuntimeClass should reject a Pod requesting a RuntimeClass with conflicting node selector" classname="Kubernetes e2e suite" time="0">
          <skipped></skipped>
      </testcase>
      <testcase name="[sig-storage] In-tree Volumes [Driver: gcepd] [Testpattern: Dynamic PV (default fs)] subPath should fail if subpath with backstepping is outside the volume [Slow][LinuxOnly]" classname="Kubernetes e2e suite" time="0">
          <skipped></skipped>
      </testcase>
      <testcase name="[sig-storage] In-tree Volumes [Driver: local][LocalVolumeType: tmpfs] [Testpattern: Dynamic PV (block volmode)] provisioning should provision storage with pvc data source" classname="Kubernetes e2e suite" time="0">
          <skipped></skipped>
      </testcase>
      <testcase name="[sig-storage] In-tree Volumes [Driver: cinder] [Testpattern: Dynamic PV (filesystem volmode)] volumeMode should not mount / map unused volumes in a pod [LinuxOnly]" classname="Kubernetes e2e suite" time="0">
          <skipped></skipped>
      </testcase>
      <testcase name="[sig-storage] In-tree Volumes [Driver: local][LocalVolumeType: gce-localssd-scsi-fs] [Serial] [Testpattern: Pre-provisioned PV (default fs)] subPath should support existing single file [LinuxOnly]" classname="Kubernetes e2e suite" time="0">
          <skipped></skipped>
      </testcase>
      <testcase name="[sig-storage] In-tree Volumes [Driver: gluster] [Testpattern: Dynamic PV (ntfs)][Feature:Windows] subPath should support readOnly file specified in the volumeMount [LinuxOnly]" classname="Kubernetes e2e suite" time="0">
          <skipped></skipped>
      </testcase>
      <testcase name="[sig-storage] CSI Volumes [Driver: pd.csi.storage.gke.io][Serial] [Testpattern: Dynamic PV (ntfs)][Feature:Windows] subPath should support creating multiple subpath from same volumes [Slow]" classname="Kubernetes e2e suite" time="0">
          <skipped></skipped>
      </testcase>
      <testcase name="[sig-storage] In-tree Volumes [Driver: ceph][Feature:Volumes][Serial] [Testpattern: Inline-volume (default fs)] volumeIO should write files of various sizes, verify size, validate content [Slow][LinuxOnly]" classname="Kubernetes e2e suite" time="0">
          <skipped></skipped>
      </testcase>
      <testcase name="[sig-storage] CSI Volumes [Driver: csi-hostpath] [Testpattern: Dynamic PV (xfs)][Slow] multiVolume [Slow] should concurrently access the single volume from pods on different node" classname="Kubernetes e2e suite" time="0">
          <skipped></skipped>
      </testcase>
      <testcase name="[sig-storage] In-tree Volumes [Driver: cinder] [Testpattern: Inline-volume (ext4)] volumes should store data" classname="Kubernetes e2e suite" time="0">
          <skipped></skipped>
      </testcase>
      <testcase name="[sig-storage] In-tree Volumes [Driver: local][LocalVolumeType: dir-link-bindmounted] [Testpattern: Dynamic PV (xfs)][Slow] multiVolume [Slow] should concurrently access the single volume from pods on the same node" classname="Kubernetes e2e suite" time="0">
          <skipped></skipped>
      </testcase>
      <testcase name="[sig-storage] In-tree Volumes [Driver: gluster] [Testpattern: Dynamic PV (filesystem volmode)] disruptive[Disruptive][LinuxOnly] Should test that pv written before kubelet restart is readable after restart." classname="Kubernetes e2e suite" time="0">
          <skipped></skipped>
      </testcase>
      <testcase name="[sig-storage] [Feature:Flexvolumes] Mounted flexvolume expand[Slow] Should verify mounted flex volumes can be resized" classname="Kubernetes e2e suite" time="0">
          <skipped></skipped>
      </testcase>
      <testcase name="[sig-storage] In-tree Volumes [Driver: emptydir] [Testpattern: Dynamic PV (ntfs)][Feature:Windows] subPath should fail if non-existent subpath is outside the volume [Slow][LinuxOnly]" classname="Kubernetes e2e suite" time="0">
          <skipped></skipped>
      </testcase>
      <testcase name="[sig-storage] In-tree Volumes [Driver: iscsi][Feature:Volumes] [Testpattern: Pre-provisioned PV (block volmode)] disruptive[Disruptive][LinuxOnly] Should test that pv written before kubelet restart is readable after restart." classname="Kubernetes e2e suite" time="0">
          <skipped></skipped>
      </testcase>
      <testcase name="[sig-storage] In-tree Volumes [Driver: local][LocalVolumeType: tmpfs] [Testpattern: Dynamic PV (ntfs)][Feature:Windows] subPath should unmount if pod is gracefully deleted while kubelet is down [Disruptive][Slow][LinuxOnly]" classname="Kubernetes e2e suite" time="0">
          <skipped></skipped>
      </testcase>
      <testcase name="[sig-storage] In-tree Volumes [Driver: local][LocalVolumeType: block] [Testpattern: Inline-volume (default fs)] subPath should fail if subpath directory is outside the volume [Slow][LinuxOnly]" classname="Kubernetes e2e suite" time="0">
          <skipped></skipped>
      </testcase>
      <testcase name="[sig-node] Security Context When creating a pod with privileged should run the container as privileged when true [LinuxOnly] [NodeFeature:HostAccess]" classname="Kubernetes e2e suite" time="0">
          <skipped></skipped>
      </testcase>
      <testcase name="[sig-storage] In-tree Volumes [Driver: windows-gcepd] [Testpattern: Dynamic PV (default fs)] volume-expand should not allow expansion of pvcs without AllowVolumeExpansion property" classname="Kubernetes e2e suite" time="0">
          <skipped></skipped>
      </testcase>
      <testcase name="[sig-storage] In-tree Volumes [Driver: hostPath] [Testpattern: Dynamic PV (default fs)] subPath should support existing directories when readOnly specified in the volumeSource" classname="Kubernetes e2e suite" time="0">
          <skipped></skipped>
      </testcase>
      <testcase name="[sig-storage] PersistentVolumes NFS with Single PV - PVC pairs create a PVC and a pre-bound PV: test write access" classname="Kubernetes e2e suite" time="0">
          <skipped></skipped>
      </testcase>
      <testcase name="[sig-storage] In-tree Volumes [Driver: local][LocalVolumeType: blockfs] [Testpattern: Dynamic PV (block volmode)] volumeMode should fail in binding dynamic provisioned PV to PVC [Slow][LinuxOnly]" classname="Kubernetes e2e suite" time="0">
          <skipped></skipped>
      </testcase>
      <testcase name="[sig-storage] CSI Volumes [Driver: pd.csi.storage.gke.io][Serial] [Testpattern: Inline-volume (ext3)] volumes should store data" classname="Kubernetes e2e suite" time="0">
          <skipped></skipped>
      </testcase>
      <testcase name="[sig-storage] In-tree Volumes [Driver: azure-disk] [Testpattern: Dynamic PV (ext4)] multiVolume [Slow] should access to two volumes with the same volume mode and retain data across pod recreation on different node" classname="Kubernetes e2e suite" time="0">
          <skipped></skipped>
      </testcase>
      <testcase name="[sig-storage] In-tree Volumes [Driver: aws] [Testpattern: Pre-provisioned PV (block volmode)] multiVolume [Slow] should concurrently access the single volume from pods on the same node" classname="Kubernetes e2e suite" time="0">
          <skipped></skipped>
      </testcase>
      <testcase name="[sig-storage] In-tree Volumes [Driver: local][LocalVolumeType: block] [Testpattern: Pre-provisioned PV (block volmode)] multiVolume [Slow] should concurrently access the single volume from pods on the same node" classname="Kubernetes e2e suite" time="0">
          <skipped></skipped>
      </testcase>
      <testcase name="[sig-storage] In-tree Volumes [Driver: local][LocalVolumeType: dir-link-bindmounted] [Testpattern: Dynamic PV (block volmode)] multiVolume [Slow] should concurrently access the single volume from pods on different node" classname="Kubernetes e2e suite" time="0">
          <skipped></skipped>
      </testcase>
      <testcase name="[sig-storage] In-tree Volumes [Driver: local][LocalVolumeType: gce-localssd-scsi-fs] [Serial] [Testpattern: Pre-provisioned PV (block volmode)] multiVolume [Slow] should concurrently access the volume and restored snapshot from pods on the same node [LinuxOnly][Feature:VolumeSnapshotDataSource][Feature:VolumeSourceXFS]" classname="Kubernetes e2e suite" time="0">
          <skipped></skipped>
      </testcase>
      <testcase name="[sig-storage] In-tree Volumes [Driver: rbd][Feature:Volumes][Serial] [Testpattern: Dynamic PV (ntfs)][Feature:Windows] provisioning should provision storage with pvc data source" classname="Kubernetes e2e suite" time="0">
          <skipped></skipped>
      </testcase>
      <testcase name="[sig-storage] In-tree Volumes [Driver: cinder] [Testpattern: Dynamic PV (default fs)] subPath should support file as subpath [LinuxOnly]" classname="Kubernetes e2e suite" time="0">
          <skipped></skipped>
      </testcase>
      <testcase name="[sig-storage] In-tree Volumes [Driver: iscsi][Feature:Volumes] [Testpattern: Dynamic PV (xfs)][Slow] volumes should store data" classname="Kubernetes e2e suite" time="0">
          <skipped></skipped>
      </testcase>
      <testcase name="[sig-storage] In-tree Volumes [Driver: local][LocalVolumeType: dir-bindmounted] [Testpattern: Dynamic PV (delayed binding)] topology should fail to schedule a pod which has topologies that conflict with AllowedTopologies" classname="Kubernetes e2e suite" time="0">
          <skipped></skipped>
      </testcase>
      <testcase name="[sig-storage] In-tree Volumes [Driver: nfs] [Testpattern: Inline-volume (default fs)] subPath should fail if subpath file is outside the volume [Slow][LinuxOnly]" classname="Kubernetes e2e suite" time="0">
          <skipped></skipped>
      </testcase>
      <testcase name="[sig-scheduling] SchedulerPredicates [Serial] validates that there exists conflict between pods with same hostPort and protocol but one using 0.0.0.0 hostIP [Conformance]" classname="Kubernetes e2e suite" time="304.252869569"></testcase>
      <testcase name="[sig-storage] In-tree Volumes [Driver: local][LocalVolumeType: dir-link] [Testpattern: Dynamic PV (default fs)] subPath should support non-existent path" classname="Kubernetes e2e suite" time="0">
          <skipped></skipped>
      </testcase>
      <testcase name="[sig-windows] [Feature:Windows] Kubelet-Stats [Serial] Kubelet stats collection for Windows nodes when running 10 pods should return within 10 seconds" classname="Kubernetes e2e suite" time="0">
          <skipped></skipped>
      </testcase>
      <testcase name="[sig-network] Ingress API should support creating Ingress API operations [Conformance]" classname="Kubernetes e2e suite" time="0.124460603"></testcase>
      <testcase name="[sig-storage] In-tree Volumes [Driver: hostPath] [Testpattern: Dynamic PV (default fs)] volumes should allow exec of files on the volume" classname="Kubernetes e2e suite" time="0">
          <skipped></skipped>
      </testcase>
      <testcase name="[sig-storage] In-tree Volumes [Driver: iscsi][Feature:Volumes] [Testpattern: Dynamic PV (immediate binding)] topology should fail to schedule a pod which has topologies that conflict with AllowedTopologies" classname="Kubernetes e2e suite" time="0">
          <skipped></skipped>
      </testcase>
      <testcase name="[sig-storage] In-tree Volumes [Driver: local][LocalVolumeType: blockfs] [Testpattern: Dynamic PV (xfs)][Slow] volumes should store data" classname="Kubernetes e2e suite" time="0">
          <skipped></skipped>
      </testcase>
      <testcase name="[sig-storage] In-tree Volumes [Driver: local][LocalVolumeType: dir-link-bindmounted] [Testpattern: Inline-volume (default fs)] subPath should support readOnly file specified in the volumeMount [LinuxOnly]" classname="Kubernetes e2e suite" time="0">
          <skipped></skipped>
      </testcase>
      <testcase name="[sig-storage] In-tree Volumes [Driver: local][LocalVolumeType: block] [Testpattern: Inline-volume (default fs)] subPath should support existing single file [LinuxOnly]" classname="Kubernetes e2e suite" time="0">
          <skipped></skipped>
      </testcase>
      <testcase name="[sig-storage] In-tree Volumes [Driver: local][LocalVolumeType: dir-link] [Testpattern: Pre-provisioned PV (default fs)] subPath should verify container cannot write to subpath readonly volumes [Slow]" classname="Kubernetes e2e suite" time="0">
          <skipped></skipped>
      </testcase>
      <testcase name="[sig-storage] In-tree Volumes [Driver: hostPathSymlink] [Testpattern: Pre-provisioned PV (ntfs)][Feature:Windows] volumes should allow exec of files on the volume" classname="Kubernetes e2e suite" time="0">
          <skipped></skipped>
      </testcase>
      <testcase name="[sig-storage] In-tree Volumes [Driver: emptydir] [Testpattern: Inline-volume (default fs)] subPath should support restarting containers using file as subpath [Slow][LinuxOnly]" classname="Kubernetes e2e suite" time="0">
          <skipped></skipped>
      </testcase>
      <testcase name="[sig-storage] PersistentVolumes-local  [Volume type: blockfswithformat] Two pods mounting a local volume one after the other should be able to write from pod1 and read from pod2" classname="Kubernetes e2e suite" time="0">
          <skipped></skipped>
      </testcase>
      <testcase name="[sig-storage] In-tree Volumes [Driver: local][LocalVolumeType: dir-bindmounted] [Testpattern: Dynamic PV (ntfs)(allowExpansion)][Feature:Windows] volume-expand Verify if offline PVC expansion works" classname="Kubernetes e2e suite" time="0">
          <skipped></skipped>
      </testcase>
      <testcase name="[sig-network] Netpol NetworkPolicy between server and client should enforce policy based on PodSelector and NamespaceSelector [Feature:NetworkPolicy]" classname="Kubernetes e2e suite" time="0">
          <skipped></skipped>
      </testcase>
      <testcase name="[sig-network] Networking should check kube-proxy urls" classname="Kubernetes e2e suite" time="0">
          <skipped></skipped>
      </testcase>
      <testcase name="[sig-storage] In-tree Volumes [Driver: hostPath] [Testpattern: Pre-provisioned PV (ext4)] volumes should allow exec of files on the volume" classname="Kubernetes e2e suite" time="0">
          <skipped></skipped>
      </testcase>
      <testcase name="[sig-storage] In-tree Volumes [Driver: local][LocalVolumeType: dir] [Testpattern: Dynamic PV (default fs)(allowExpansion)] volume-expand Verify if offline PVC expansion works" classname="Kubernetes e2e suite" time="0">
          <skipped></skipped>
      </testcase>
      <testcase name="[sig-storage] In-tree Volumes [Driver: aws] [Testpattern: Pre-provisioned PV (default fs)] subPath should verify container cannot write to subpath readonly volumes [Slow]" classname="Kubernetes e2e suite" time="0">
          <skipped></skipped>
      </testcase>
      <testcase name="[sig-storage] In-tree Volumes [Driver: local][LocalVolumeType: dir-bindmounted] [Testpattern: Inline-volume (default fs)] subPath should fail if subpath with backstepping is outside the volume [Slow][LinuxOnly]" classname="Kubernetes e2e suite" time="0">
          <skipped></skipped>
      </testcase>
      <testcase name="[sig-storage] In-tree Volumes [Driver: hostPath] [Testpattern: Inline-volume (default fs)] subPath should support non-existent path" classname="Kubernetes e2e suite" time="0">
          <skipped></skipped>
      </testcase>
      <testcase name="[sig-storage] In-tree Volumes [Driver: local][LocalVolumeType: tmpfs] [Testpattern: Dynamic PV (ntfs)][Feature:Windows] subPath should support readOnly directory specified in the volumeMount" classname="Kubernetes e2e suite" time="0">
          <skipped></skipped>
      </testcase>
      <testcase name="[sig-storage] In-tree Volumes [Driver: local][LocalVolumeType: gce-localssd-scsi-fs] [Serial] [Testpattern: Pre-provisioned PV (block volmode)] volumes should store data" classname="Kubernetes e2e suite" time="0">
          <skipped></skipped>
      </testcase>
      <testcase name="[sig-storage] In-tree Volumes [Driver: local][LocalVolumeType: tmpfs] [Testpattern: Dynamic PV (default fs)] capacity provides storage capacity information" classname="Kubernetes e2e suite" time="0">
          <skipped></skipped>
      </testcase>
      <testcase name="[sig-storage] In-tree Volumes [Driver: local][LocalVolumeType: block] [Testpattern: Dynamic PV (xfs)][Slow] multiVolume [Slow] should concurrently access the single volume from pods on the same node" classname="Kubernetes e2e suite" time="0">
          <skipped></skipped>
      </testcase>
      <testcase name="[sig-storage] Pod Disks schedule pods each with a PD, delete pod and verify detach [Slow] for RW PD with pod delete grace period of &#34;immediate (0s)&#34;" classname="Kubernetes e2e suite" time="0">
          <skipped></skipped>
      </testcase>
      <testcase name="[sig-storage] In-tree Volumes [Driver: vsphere] [Testpattern: Dynamic PV (xfs)][Slow] multiVolume [Slow] should concurrently access the single volume from pods on the same node" classname="Kubernetes e2e suite" time="0">
          <skipped></skipped>
      </testcase>
      <testcase name="[sig-storage] In-tree Volumes [Driver: windows-gcepd] [Testpattern: Pre-provisioned PV (ext3)] volumes should allow exec of files on the volume" classname="Kubernetes e2e suite" time="0">
          <skipped></skipped>
      </testcase>
      <testcase name="[sig-storage] In-tree Volumes [Driver: emptydir] [Testpattern: Pre-provisioned PV (block volmode)] multiVolume [Slow] should concurrently access the single read-only volume from pods on the same node" classname="Kubernetes e2e suite" time="0">
          <skipped></skipped>
      </testcase>
      <testcase name="[sig-storage] In-tree Volumes [Driver: hostPath] [Testpattern: Pre-provisioned PV (default fs)] subPath should support existing directories when readOnly specified in the volumeSource" classname="Kubernetes e2e suite" time="0">
          <skipped></skipped>
      </testcase>
      <testcase name="[sig-storage] PersistentVolumes-local  [Volume type: dir-link] Set fsGroup for local volume should set same fsGroup for two pods simultaneously [Slow]" classname="Kubernetes e2e suite" time="0">
          <skipped></skipped>
      </testcase>
      <testcase name="[sig-api-machinery] StorageVersion resources [Feature:StorageVersionAPI] storage version with non-existing id should be GC&#39;ed" classname="Kubernetes e2e suite" time="0">
          <skipped></skipped>
      </testcase>
      <testcase name="[sig-storage] In-tree Volumes [Driver: aws] [Testpattern: Dynamic PV (xfs)][Slow] multiVolume [Slow] should access to two volumes with different volume mode and retain data across pod recreation on the same node" classname="Kubernetes e2e suite" time="0">
          <skipped></skipped>
      </testcase>
      <testcase name="[sig-autoscaling] Cluster size autoscaling [Slow] shouldn&#39;t increase cluster size if pending pod is too large [Feature:ClusterSizeAutoscalingScaleUp]" classname="Kubernetes e2e suite" time="0">
          <skipped></skipped>
      </testcase>
      <testcase name="[sig-storage] In-tree Volumes [Driver: cinder] [Testpattern: Inline-volume (default fs)] subPath should support existing single file [LinuxOnly]" classname="Kubernetes e2e suite" time="0">
          <skipped></skipped>
      </testcase>
      <testcase name="[sig-autoscaling] [Feature:HPA] Horizontal pod autoscaling (scale resource: CPU) ReplicationController light Should scale from 2 pods to 1 pod [Slow]" classname="Kubernetes e2e suite" time="0">
          <skipped></skipped>
      </testcase>
      <testcase name="[sig-storage] In-tree Volumes [Driver: local][LocalVolumeType: dir-link-bindmounted] [Testpattern: Pre-provisioned PV (block volmode)] disruptive[Disruptive][LinuxOnly] Should test that pv used in a pod that is deleted while the kubelet is down cleans up when the kubelet returns." classname="Kubernetes e2e suite" time="0">
          <skipped></skipped>
      </testcase>
      <testcase name="[sig-storage] In-tree Volumes [Driver: local][LocalVolumeType: dir-link] [Testpattern: Inline-volume (default fs)] subPath should support existing directory" classname="Kubernetes e2e suite" time="0">
          <skipped></skipped>
      </testcase>
      <testcase name="[sig-storage] In-tree Volumes [Driver: hostPathSymlink] [Testpattern: Inline-volume (default fs)] subPath should support restarting containers using directory as subpath [Slow]" classname="Kubernetes e2e suite" time="0">
          <skipped></skipped>
      </testcase>
      <testcase name="[sig-storage] In-tree Volumes [Driver: local][LocalVolumeType: blockfs] [Testpattern: Dynamic PV (filesystem volmode)] volumeMode should not mount / map unused volumes in a pod [LinuxOnly]" classname="Kubernetes e2e suite" time="0">
          <skipped></skipped>
      </testcase>
      <testcase name="[sig-storage] In-tree Volumes [Driver: aws] [Testpattern: Dynamic PV (block volmode)] volumes should store data" classname="Kubernetes e2e suite" time="0">
          <skipped></skipped>
      </testcase>
      <testcase name="[sig-storage] In-tree Volumes [Driver: local][LocalVolumeType: gce-localssd-scsi-fs] [Serial] [Testpattern: Dynamic PV (ext4)] volumes should store data" classname="Kubernetes e2e suite" time="0">
          <skipped></skipped>
      </testcase>
      <testcase name="[sig-node] PreStop should call prestop when killing a pod  [Conformance]" classname="Kubernetes e2e suite" time="11.171066972"></testcase>
      <testcase name="[sig-node] Probing container should be restarted by liveness probe after startup probe enables it" classname="Kubernetes e2e suite" time="0">
          <skipped></skipped>
      </testcase>
      <testcase name="[sig-network] Netpol NetworkPolicy between server and client should allow egress access on one named port [Feature:NetworkPolicy]" classname="Kubernetes e2e suite" time="0">
          <skipped></skipped>
      </testcase>
      <testcase name="[sig-storage] In-tree Volumes [Driver: azure-disk] [Testpattern: Dynamic PV (block volmode)(allowExpansion)] volume-expand Verify if offline PVC expansion works" classname="Kubernetes e2e suite" time="0">
          <skipped></skipped>
      </testcase>
      <testcase name="[sig-storage] In-tree Volumes [Driver: local][LocalVolumeType: block] [Testpattern: Dynamic PV (default fs)] provisioning should provision storage with pvc data source in parallel [Slow]" classname="Kubernetes e2e suite" time="0">
          <skipped></skipped>
      </testcase>
      <testcase name="[sig-storage] In-tree Volumes [Driver: vsphere] [Testpattern: Inline-volume (default fs)] subPath should support existing single file [LinuxOnly]" classname="Kubernetes e2e suite" time="0">
          <skipped></skipped>
      </testcase>
      <testcase name="[sig-autoscaling] Cluster size autoscaler scalability [Slow] should scale up twice [Feature:ClusterAutoscalerScalability2]" classname="Kubernetes e2e suite" time="0">
          <skipped></skipped>
      </testcase>
      <testcase name="[sig-storage] In-tree Volumes [Driver: azure-disk] [Testpattern: Dynamic PV (ext4)] multiVolume [Slow] should concurrently access the single volume from pods on the same node" classname="Kubernetes e2e suite" time="0">
          <skipped></skipped>
      </testcase>
      <testcase name="[sig-storage] In-tree Volumes [Driver: nfs] [Testpattern: Inline-volume (xfs)][Slow] volumes should store data" classname="Kubernetes e2e suite" time="0">
          <skipped></skipped>
      </testcase>
      <testcase name="[sig-storage] In-tree Volumes [Driver: local][LocalVolumeType: tmpfs] [Testpattern: Inline-volume (default fs)] subPath should unmount if pod is force deleted while kubelet is down [Disruptive][Slow][LinuxOnly]" classname="Kubernetes e2e suite" time="0">
          <skipped></skipped>
      </testcase>
      <testcase name="[sig-storage] CSI Volumes [Driver: csi-hostpath] [Testpattern: Dynamic PV (xfs)][Slow] multiVolume [Slow] should concurrently access the single volume from pods on the same node" classname="Kubernetes e2e suite" time="0">
          <skipped></skipped>
      </testcase>
      <testcase name="[sig-network] DNS should support configurable pod resolv.conf" classname="Kubernetes e2e suite" time="0">
          <skipped></skipped>
      </testcase>
      <testcase name="[sig-storage] In-tree Volumes [Driver: local][LocalVolumeType: dir-link] [Testpattern: Dynamic PV (block volmode)] multiVolume [Slow] should access to two volumes with the same volume mode and retain data across pod recreation on different node" classname="Kubernetes e2e suite" time="0">
          <skipped></skipped>
      </testcase>
      <testcase name="[sig-storage] In-tree Volumes [Driver: gluster] [Testpattern: Dynamic PV (default fs)] subPath should unmount if pod is force deleted while kubelet is down [Disruptive][Slow][LinuxOnly]" classname="Kubernetes e2e suite" time="0">
          <skipped></skipped>
      </testcase>
      <testcase name="[sig-storage] In-tree Volumes [Driver: hostPath] [Testpattern: Dynamic PV (block volmode)] disruptive[Disruptive][LinuxOnly] Should test that pv written before kubelet restart is readable after restart." classname="Kubernetes e2e suite" time="0">
          <skipped></skipped>
      </testcase>
      <testcase name="[sig-network] Netpol [LinuxOnly] NetworkPolicy between server and client using UDP should enforce policy to allow traffic only from a pod in a different namespace based on PodSelector and NamespaceSelector [Feature:NetworkPolicy]" classname="Kubernetes e2e suite" time="0">
          <skipped></skipped>
      </testcase>
      <testcase name="[sig-storage] In-tree Volumes [Driver: local][LocalVolumeType: dir-bindmounted] [Testpattern: Pre-provisioned PV (block volmode)] multiVolume [Slow] should concurrently access the single volume from pods on different node" classname="Kubernetes e2e suite" time="0">
          <skipped></skipped>
      </testcase>
      <testcase name="[sig-cli] Kubectl client Kubectl cluster-info dump should check if cluster-info dump succeeds" classname="Kubernetes e2e suite" time="0">
          <skipped></skipped>
      </testcase>
      <testcase name="[sig-storage] In-tree Volumes [Driver: gcepd] [Testpattern: Pre-provisioned PV (default fs)] subPath should support restarting containers using directory as subpath [Slow]" classname="Kubernetes e2e suite" time="0">
          <skipped></skipped>
      </testcase>
      <testcase name="[sig-api-machinery] AdmissionWebhook [Privileged:ClusterAdmin] listing validating webhooks should work [Conformance]" classname="Kubernetes e2e suite" time="15.058146796"></testcase>
      <testcase name="[sig-windows] [Feature:Windows] SecurityContext should override SecurityContext username if set" classname="Kubernetes e2e suite" time="0">
          <skipped></skipped>
      </testcase>
      <testcase name="[sig-storage] In-tree Volumes [Driver: cinder] [Testpattern: Dynamic PV (block volmode)] multiVolume [Slow] should access to two volumes with different volume mode and retain data across pod recreation on different node" classname="Kubernetes e2e suite" time="0">
          <skipped></skipped>
      </testcase>
      <testcase name="[sig-storage] Storage Policy Based Volume Provisioning [Feature:vsphere] verify VSAN storage capability with valid diskStripes and objectSpaceReservation values and a VSAN datastore is honored for dynamically provisioned pvc using storageclass" classname="Kubernetes e2e suite" time="0">
          <skipped></skipped>
      </testcase>
      <testcase name="[sig-storage] In-tree Volumes [Driver: local][LocalVolumeType: dir-link] [Testpattern: Dynamic PV (ext4)] multiVolume [Slow] should concurrently access the single volume from pods on the same node" classname="Kubernetes e2e suite" time="0">
          <skipped></skipped>
      </testcase>
      <testcase name="[sig-storage] In-tree Volumes [Driver: gluster] [Testpattern: Dynamic PV (default fs)] subPath should fail if subpath with backstepping is outside the volume [Slow][LinuxOnly]" classname="Kubernetes e2e suite" time="0">
          <skipped></skipped>
      </testcase>
      <testcase name="[sig-node] Security Context should support volume SELinux relabeling when using hostIPC [Flaky] [LinuxOnly]" classname="Kubernetes e2e suite" time="0">
          <skipped></skipped>
      </testcase>
      <testcase name="[sig-storage] In-tree Volumes [Driver: local][LocalVolumeType: blockfs] [Testpattern: Pre-provisioned PV (ntfs)][Feature:Windows] volumes should allow exec of files on the volume" classname="Kubernetes e2e suite" time="0">
          <skipped></skipped>
      </testcase>
      <testcase name="[sig-api-machinery] Discovery should validate PreferredVersion for each APIGroup [Conformance]" classname="Kubernetes e2e suite" time="0.627019423"></testcase>
      <testcase name="[sig-storage] In-tree Volumes [Driver: iscsi][Feature:Volumes] [Testpattern: Pre-provisioned PV (filesystem volmode)] volumeMode should not mount / map unused volumes in a pod [LinuxOnly]" classname="Kubernetes e2e suite" time="0">
          <skipped></skipped>
      </testcase>
      <testcase name="[sig-storage] In-tree Volumes [Driver: local][LocalVolumeType: blockfs] [Testpattern: Dynamic PV (default fs)] volumes should allow exec of files on the volume" classname="Kubernetes e2e suite" time="0">
          <skipped></skipped>
      </testcase>
      <testcase name="[sig-storage] In-tree Volumes [Driver: gcepd] [Testpattern: Dynamic PV (xfs)][Slow] multiVolume [Slow] should concurrently access the volume and restored snapshot from pods on the same node [LinuxOnly][Feature:VolumeSnapshotDataSource][Feature:VolumeSourceXFS]" classname="Kubernetes e2e suite" time="0">
          <skipped></skipped>
      </testcase>
      <testcase name="[sig-storage] In-tree Volumes [Driver: local][LocalVolumeType: dir] [Testpattern: Dynamic PV (block volmode)] provisioning should provision storage with mount options" classname="Kubernetes e2e suite" time="0">
          <skipped></skipped>
      </testcase>
      <testcase name="[sig-storage] CSI Volumes [Driver: csi-hostpath] [Testpattern: Dynamic PV (ntfs)(allowExpansion)][Feature:Windows] volume-expand should resize volume when PVC is edited while pod is using it" classname="Kubernetes e2e suite" time="0">
          <skipped></skipped>
      </testcase>
      <testcase name="[sig-storage] In-tree Volumes [Driver: local][LocalVolumeType: dir] [Testpattern: Pre-provisioned PV (ntfs)][Feature:Windows] volumes should allow exec of files on the volume" classname="Kubernetes e2e suite" time="0">
          <skipped></skipped>
      </testcase>
      <testcase name="[sig-storage] In-tree Volumes [Driver: aws] [Testpattern: Dynamic PV (ntfs)][Feature:Windows] volumes should allow exec of files on the volume" classname="Kubernetes e2e suite" time="0">
          <skipped></skipped>
      </testcase>
      <testcase name="[sig-storage] CSI Volumes [Driver: csi-hostpath] [Testpattern: Inline-volume (default fs)] subPath should fail if subpath directory is outside the volume [Slow][LinuxOnly]" classname="Kubernetes e2e suite" time="0">
          <skipped></skipped>
      </testcase>
      <testcase name="[sig-storage] In-tree Volumes [Driver: gluster] [Testpattern: Inline-volume (default fs)] subPath should verify container cannot write to subpath readonly volumes [Slow]" classname="Kubernetes e2e suite" time="0">
          <skipped></skipped>
      </testcase>
      <testcase name="[sig-storage] In-tree Volumes [Driver: gluster] [Testpattern: Pre-provisioned PV (block volmode)] volumeMode should not mount / map unused volumes in a pod [LinuxOnly]" classname="Kubernetes e2e suite" time="0">
          <skipped></skipped>
      </testcase>
      <testcase name="[sig-storage] PersistentVolumes-local  [Volume type: block] Two pods mounting a local volume at the same time should be able to write from pod1 and read from pod2" classname="Kubernetes e2e suite" time="0">
          <skipped></skipped>
      </testcase>
      <testcase name="[sig-storage] In-tree Volumes [Driver: local][LocalVolumeType: dir-link-bindmounted] [Testpattern: Pre-provisioned PV (block volmode)] multiVolume [Slow] should access to two volumes with different volume mode and retain data across pod recreation on different node" classname="Kubernetes e2e suite" time="0">
          <skipped></skipped>
      </testcase>
      <testcase name="[sig-storage] In-tree Volumes [Driver: vsphere] [Testpattern: Pre-provisioned PV (default fs)] subPath should support existing single file [LinuxOnly]" classname="Kubernetes e2e suite" time="0">
          <skipped></skipped>
      </testcase>
      <testcase name="[sig-network] [Feature:IPv6DualStack] should have ipv4 and ipv6 internal node ip" classname="Kubernetes e2e suite" time="0">
          <skipped></skipped>
      </testcase>
      <testcase name="[sig-storage] HostPathType Directory [Slow] Should fail on mounting directory &#39;adir&#39; when HostPathType is HostPathCharDev" classname="Kubernetes e2e suite" time="0">
          <skipped></skipped>
      </testcase>
      <testcase name="[sig-storage] In-tree Volumes [Driver: local][LocalVolumeType: dir-bindmounted] [Testpattern: Pre-provisioned PV (block volmode)] disruptive[Disruptive][LinuxOnly] Should test that pv used in a pod that is force deleted while the kubelet is down cleans up when the kubelet returns." classname="Kubernetes e2e suite" time="0">
          <skipped></skipped>
      </testcase>
      <testcase name="[sig-instrumentation] Logging soak [Performance] [Slow] [Disruptive] should survive logging 1KB every 1s seconds, for a duration of 2m0s" classname="Kubernetes e2e suite" time="0">
          <skipped></skipped>
      </testcase>
      <testcase name="[sig-storage] In-tree Volumes [Driver: gluster] [Testpattern: Dynamic PV (default fs)] subPath should fail if subpath directory is outside the volume [Slow][LinuxOnly]" classname="Kubernetes e2e suite" time="0">
          <skipped></skipped>
      </testcase>
      <testcase name="[sig-api-machinery] Watchers should receive events on concurrent watches in same order [Conformance]" classname="Kubernetes e2e suite" time="6.009437809"></testcase>
      <testcase name="[sig-storage] In-tree Volumes [Driver: rbd][Feature:Volumes][Serial] [Testpattern: Pre-provisioned PV (block volmode)] disruptive[Disruptive][LinuxOnly] Should test that pv used in a pod that is force deleted while the kubelet is down cleans up when the kubelet returns." classname="Kubernetes e2e suite" time="0">
          <skipped></skipped>
      </testcase>
      <testcase name="[sig-storage] In-tree Volumes [Driver: local][LocalVolumeType: tmpfs] [Testpattern: Pre-provisioned PV (block volmode)] multiVolume [Slow] should access to two volumes with the same volume mode and retain data across pod recreation on different node" classname="Kubernetes e2e suite" time="0">
          <skipped></skipped>
      </testcase>
      <testcase name="[sig-storage] In-tree Volumes [Driver: gcepd] [Testpattern: Pre-provisioned PV (default fs)] subPath should support file as subpath [LinuxOnly]" classname="Kubernetes e2e suite" time="0">
          <skipped></skipped>
      </testcase>
      <testcase name="[sig-storage] In-tree Volumes [Driver: gcepd] [Testpattern: Dynamic PV (block volmode)] disruptive[Disruptive][LinuxOnly] Should test that pv used in a pod that is deleted while the kubelet is down cleans up when the kubelet returns." classname="Kubernetes e2e suite" time="0">
          <skipped></skipped>
      </testcase>
      <testcase name="[sig-storage] In-tree Volumes [Driver: gluster] [Testpattern: Dynamic PV (default fs)] subPath should support restarting containers using file as subpath [Slow][LinuxOnly]" classname="Kubernetes e2e suite" time="0">
          <skipped></skipped>
      </testcase>
      <testcase name="[sig-storage] CSI Volumes [Driver: csi-hostpath] [Testpattern: Pre-provisioned PV (default fs)] subPath should support restarting containers using file as subpath [Slow][LinuxOnly]" classname="Kubernetes e2e suite" time="0">
          <skipped></skipped>
      </testcase>
      <testcase name="[sig-api-machinery] ResourceQuota should create a ResourceQuota and capture the life of a secret. [Conformance]" classname="Kubernetes e2e suite" time="17.101990941"></testcase>
      <testcase name="[sig-apps] ReplicaSet should validate Replicaset Status endpoints [Conformance]" classname="Kubernetes e2e suite" time="5.097542549"></testcase>
      <testcase name="[sig-storage] In-tree Volumes [Driver: iscsi][Feature:Volumes] [Testpattern: Inline-volume (xfs)][Slow] volumes should allow exec of files on the volume" classname="Kubernetes e2e suite" time="0">
          <skipped></skipped>
      </testcase>
      <testcase name="[sig-storage] In-tree Volumes [Driver: gcepd] [Testpattern: Pre-provisioned PV (block volmode)] volumeMode should not mount / map unused volumes in a pod [LinuxOnly]" classname="Kubernetes e2e suite" time="0">
          <skipped></skipped>
      </testcase>
      <testcase name="[sig-storage] In-tree Volumes [Driver: local][LocalVolumeType: dir-bindmounted] [Testpattern: Pre-provisioned PV (block volmode)] multiVolume [Slow] should concurrently access the volume and its clone from pods on the same node [LinuxOnly][Feature:VolumeSnapshotDataSource][Feature:VolumeSourceXFS]" classname="Kubernetes e2e suite" time="0">
          <skipped></skipped>
      </testcase>
      <testcase name="[sig-storage] In-tree Volumes [Driver: local][LocalVolumeType: dir-link-bindmounted] [Testpattern: Dynamic PV (default fs)] subPath should support creating multiple subpath from same volumes [Slow]" classname="Kubernetes e2e suite" time="0">
          <skipped></skipped>
      </testcase>
      <testcase name="[sig-storage] In-tree Volumes [Driver: local][LocalVolumeType: dir-link-bindmounted] [Testpattern: Dynamic PV (block volmode)] provisioning should provision storage with snapshot data source [Feature:VolumeSnapshotDataSource]" classname="Kubernetes e2e suite" time="0">
          <skipped></skipped>
      </testcase>
      <testcase name="[sig-storage] In-tree Volumes [Driver: local][LocalVolumeType: block] [Testpattern: Inline-volume (default fs)] subPath should be able to unmount after the subpath directory is deleted [LinuxOnly]" classname="Kubernetes e2e suite" time="0">
          <skipped></skipped>
      </testcase>
      <testcase name="[sig-storage] In-tree Volumes [Driver: local][LocalVolumeType: blockfs] [Testpattern: Dynamic PV (ntfs)][Feature:Windows] volumes should store data" classname="Kubernetes e2e suite" time="0">
          <skipped></skipped>
      </testcase>
      <testcase name="[sig-storage] In-tree Volumes [Driver: vsphere] [Testpattern: Dynamic PV (ntfs)][Feature:Windows] subPath should support restarting containers using file as subpath [Slow][LinuxOnly]" classname="Kubernetes e2e suite" time="0">
          <skipped></skipped>
      </testcase>
      <testcase name="[sig-storage] In-tree Volumes [Driver: windows-gcepd] [Testpattern: Inline-volume (ntfs)][Feature:Windows] volumes should store data" classname="Kubernetes e2e suite" time="0">
          <skipped></skipped>
      </testcase>
      <testcase name="[sig-storage] In-tree Volumes [Driver: aws] [Testpattern: Dynamic PV (ntfs)][Feature:Windows] subPath should fail if non-existent subpath is outside the volume [Slow][LinuxOnly]" classname="Kubernetes e2e suite" time="0">
          <skipped></skipped>
      </testcase>
      <testcase name="[sig-cli] Kubectl client Kubectl taint [Serial] should remove all the taints with the same key off a node" classname="Kubernetes e2e suite" time="0">
          <skipped></skipped>
      </testcase>
      <testcase name="[sig-storage] In-tree Volumes [Driver: local][LocalVolumeType: dir] [Testpattern: Dynamic PV (delayed binding)] topology should fail to schedule a pod which has topologies that conflict with AllowedTopologies" classname="Kubernetes e2e suite" time="0">
          <skipped></skipped>
      </testcase>
      <testcase name="[sig-storage] In-tree Volumes [Driver: hostPath] [Testpattern: Dynamic PV (block volmode)] multiVolume [Slow] should concurrently access the single read-only volume from pods on the same node" classname="Kubernetes e2e suite" time="0">
          <skipped></skipped>
      </testcase>
      <testcase name="[sig-storage] In-tree Volumes [Driver: vsphere] [Testpattern: Pre-provisioned PV (default fs)] subPath should fail if subpath file is outside the volume [Slow][LinuxOnly]" classname="Kubernetes e2e suite" time="0">
          <skipped></skipped>
      </testcase>
      <testcase name="[sig-storage] CSI Volumes [Driver: csi-hostpath] [Testpattern: Dynamic PV (ntfs)(allowExpansion)][Feature:Windows] volume-expand Verify if offline PVC expansion works" classname="Kubernetes e2e suite" time="0">
          <skipped></skipped>
      </testcase>
      <testcase name="[sig-storage] In-tree Volumes [Driver: local][LocalVolumeType: dir-link] [Testpattern: Pre-provisioned PV (filesystem volmode)] volumeMode should not mount / map unused volumes in a pod [LinuxOnly]" classname="Kubernetes e2e suite" time="0">
          <skipped></skipped>
      </testcase>
      <testcase name="[sig-storage] In-tree Volumes [Driver: rbd][Feature:Volumes][Serial] [Testpattern: Pre-provisioned PV (block volmode)] volumes should store data" classname="Kubernetes e2e suite" time="0">
          <skipped></skipped>
      </testcase>
      <testcase name="[sig-storage] In-tree Volumes [Driver: local][LocalVolumeType: tmpfs] [Testpattern: Pre-provisioned PV (default fs)] subPath should fail if subpath file is outside the volume [Slow][LinuxOnly]" classname="Kubernetes e2e suite" time="0">
          <skipped></skipped>
      </testcase>
      <testcase name="[sig-storage] In-tree Volumes [Driver: rbd][Feature:Volumes][Serial] [Testpattern: Inline-volume (default fs)] subPath should fail if subpath with backstepping is outside the volume [Slow][LinuxOnly]" classname="Kubernetes e2e suite" time="0">
          <skipped></skipped>
      </testcase>
      <testcase name="[sig-network] Networking Granular Checks: Services should update endpoints: udp" classname="Kubernetes e2e suite" time="0">
          <skipped></skipped>
      </testcase>
      <testcase name="[sig-storage] In-tree Volumes [Driver: cinder] [Testpattern: Dynamic PV (block volmode)] provisioning should provision storage with pvc data source" classname="Kubernetes e2e suite" time="0">
          <skipped></skipped>
      </testcase>
      <testcase name="[sig-storage] In-tree Volumes [Driver: local][LocalVolumeType: dir-bindmounted] [Testpattern: Dynamic PV (ntfs)][Feature:Windows] volume-expand should not allow expansion of pvcs without AllowVolumeExpansion property" classname="Kubernetes e2e suite" time="0">
          <skipped></skipped>
      </testcase>
      <testcase name="[sig-storage] In-tree Volumes [Driver: local][LocalVolumeType: gce-localssd-scsi-fs] [Serial] [Testpattern: Pre-provisioned PV (block volmode)] multiVolume [Slow] should access to two volumes with the same volume mode and retain data across pod recreation on the same node" classname="Kubernetes e2e suite" time="0">
          <skipped></skipped>
      </testcase>
      <testcase name="[sig-storage] In-tree Volumes [Driver: local][LocalVolumeType: tmpfs] [Testpattern: Pre-provisioned PV (block volmode)] multiVolume [Slow] should concurrently access the single volume from pods on the same node" classname="Kubernetes e2e suite" time="0">
          <skipped></skipped>
      </testcase>
      <testcase name="[sig-storage] In-tree Volumes [Driver: local][LocalVolumeType: blockfs] [Testpattern: Dynamic PV (xfs)][Slow] multiVolume [Slow] should concurrently access the volume and its clone from pods on the same node [LinuxOnly][Feature:VolumeSnapshotDataSource][Feature:VolumeSourceXFS]" classname="Kubernetes e2e suite" time="0">
          <skipped></skipped>
      </testcase>
      <testcase name="[sig-storage] CSI Volumes [Driver: csi-hostpath] [Testpattern: Dynamic PV (ntfs)][Feature:Windows] subPath should support restarting containers using file as subpath [Slow][LinuxOnly]" classname="Kubernetes e2e suite" time="0">
          <skipped></skipped>
      </testcase>
      <testcase name="[sig-storage] Pod Disks schedule pods each with a PD, delete pod and verify detach [Slow] for read-only PD with pod delete grace period of &#34;default (30s)&#34;" classname="Kubernetes e2e suite" time="0">
          <skipped></skipped>
      </testcase>
      <testcase name="[sig-storage] CSI Volumes [Driver: csi-hostpath] [Testpattern: Pre-provisioned PV (filesystem volmode)] multiVolume [Slow] should concurrently access the volume and restored snapshot from pods on the same node [LinuxOnly][Feature:VolumeSnapshotDataSource][Feature:VolumeSourceXFS]" classname="Kubernetes e2e suite" time="0">
          <skipped></skipped>
      </testcase>
      <testcase name="[sig-storage] In-tree Volumes [Driver: gluster] [Testpattern: Dynamic PV (default fs)] subPath should support existing single file [LinuxOnly]" classname="Kubernetes e2e suite" time="0">
          <skipped></skipped>
      </testcase>
      <testcase name="[sig-storage] In-tree Volumes [Driver: gcepd] [Testpattern: Pre-provisioned PV (default fs)] volumes should store data" classname="Kubernetes e2e suite" time="0">
          <skipped></skipped>
      </testcase>
      <testcase name="[sig-storage] In-tree Volumes [Driver: local][LocalVolumeType: dir-bindmounted] [Testpattern: Dynamic PV (ntfs)][Feature:Windows] subPath should support non-existent path" classname="Kubernetes e2e suite" time="0">
          <skipped></skipped>
      </testcase>
      <testcase name="[sig-storage] In-tree Volumes [Driver: local][LocalVolumeType: blockfs] [Testpattern: Dynamic PV (ntfs)][Feature:Windows] subPath should unmount if pod is gracefully deleted while kubelet is down [Disruptive][Slow][LinuxOnly]" classname="Kubernetes e2e suite" time="0">
          <skipped></skipped>
      </testcase>
      <testcase name="[sig-storage] In-tree Volumes [Driver: local][LocalVolumeType: blockfs] [Testpattern: Pre-provisioned PV (default fs)] volumes should allow exec of files on the volume" classname="Kubernetes e2e suite" time="0">
          <skipped></skipped>
      </testcase>
      <testcase name="[sig-network] NetworkPolicy [Feature:SCTPConnectivity][LinuxOnly][Disruptive] NetworkPolicy between server and client using SCTP should enforce policy to allow traffic only from a pod in a different namespace based on PodSelector and NamespaceSelector [Feature:NetworkPolicy]" classname="Kubernetes e2e suite" time="0">
          <skipped></skipped>
      </testcase>
      <testcase name="[sig-storage] In-tree Volumes [Driver: hostPathSymlink] [Testpattern: Dynamic PV (block volmode)] provisioning should provision storage with mount options" classname="Kubernetes e2e suite" time="0">
          <skipped></skipped>
      </testcase>
      <testcase name="[sig-cli] Kubectl client Kubectl describe should check if kubectl describe prints relevant information for rc and pods  [Conformance]" classname="Kubernetes e2e suite" time="3.100668317"></testcase>
      <testcase name="[sig-network] Netpol NetworkPolicy between server and client should enforce policy based on PodSelector with MatchExpressions[Feature:NetworkPolicy]" classname="Kubernetes e2e suite" time="0">
          <skipped></skipped>
      </testcase>
      <testcase name="[sig-storage] CSI Volumes [Driver: csi-hostpath] [Testpattern: Pre-provisioned PV (filesystem volmode)] multiVolume [Slow] should concurrently access the single volume from pods on different node" classname="Kubernetes e2e suite" time="0">
          <skipped></skipped>
      </testcase>
      <testcase name="[sig-storage] In-tree Volumes [Driver: windows-gcepd] [Testpattern: Pre-provisioned PV (block volmode)] volumeMode should fail to create pod by failing to mount volume [Slow]" classname="Kubernetes e2e suite" time="0">
          <skipped></skipped>
      </testcase>
      <testcase name="[sig-storage] In-tree Volumes [Driver: emptydir] [Testpattern: Dynamic PV (ext4)] multiVolume [Slow] should access to two volumes with different volume mode and retain data across pod recreation on different node" classname="Kubernetes e2e suite" time="0">
          <skipped></skipped>
      </testcase>
      <testcase name="[sig-storage] Projected secret should be consumable from pods in volume [NodeConformance] [Conformance]" classname="Kubernetes e2e suite" time="2.195806426"></testcase>
      <testcase name="[sig-storage] In-tree Volumes [Driver: ceph][Feature:Volumes][Serial] [Testpattern: Inline-volume (default fs)] subPath should unmount if pod is gracefully deleted while kubelet is down [Disruptive][Slow][LinuxOnly]" classname="Kubernetes e2e suite" time="0">
          <skipped></skipped>
      </testcase>
      <testcase name="[sig-storage] In-tree Volumes [Driver: local][LocalVolumeType: block] [Testpattern: Dynamic PV (default fs)] subPath should support file as subpath [LinuxOnly]" classname="Kubernetes e2e suite" time="0">
          <skipped></skipped>
      </testcase>
      <testcase name="[sig-cli] Kubectl client Kubectl describe should check if kubectl describe prints relevant information for cronjob" classname="Kubernetes e2e suite" time="0">
          <skipped></skipped>
      </testcase>
      <testcase name="[sig-storage] In-tree Volumes [Driver: nfs] [Testpattern: Dynamic PV (default fs)] fsgroupchangepolicy (Always)[LinuxOnly], pod created with an initial fsgroup, volume contents ownership changed in first pod, new pod with same fsgroup applied to the volume contents" classname="Kubernetes e2e suite" time="0">
          <skipped></skipped>
      </testcase>
      <testcase name="[sig-storage] In-tree Volumes [Driver: azure-disk] [Testpattern: Dynamic PV (block volmode)] volume-stress multiple pods should access different volumes repeatedly [Slow] [Serial]" classname="Kubernetes e2e suite" time="0">
          <skipped></skipped>
      </testcase>
      <testcase name="[sig-storage] In-tree Volumes [Driver: azure-disk] [Testpattern: Dynamic PV (default fs)] subPath should support readOnly directory specified in the volumeMount" classname="Kubernetes e2e suite" time="0">
          <skipped></skipped>
      </testcase>
      <testcase name="[sig-apps] Daemon set [Serial] should rollback without unnecessary restarts [Conformance]" classname="Kubernetes e2e suite" time="0.273389674">
          <failure type="Failure">/workspace/src/k8s.io/kubernetes/_output/dockerized/go/src/k8s.io/kubernetes/test/e2e/framework/framework.go:630&#xA;Aug 27 11:52:50.770: Conformance test suite needs a cluster with at least 2 nodes.&#xA;Expected&#xA;    &lt;int&gt;: 1&#xA;to be &gt;&#xA;    &lt;int&gt;: 1&#xA;/workspace/src/k8s.io/kubernetes/_output/dockerized/go/src/k8s.io/kubernetes/test/e2e/apps/daemon_set.go:431</failure>
          <system-out>[BeforeEach] [sig-apps] Daemon set [Serial]&#xA;  /workspace/src/k8s.io/kubernetes/_output/dockerized/go/src/k8s.io/kubernetes/test/e2e/framework/framework.go:185&#xA;STEP: Creating a kubernetes client&#xA;Aug 27 11:52:50.692: INFO: &gt;&gt;&gt; kubeConfig: /tmp/kubeconfig-655963504&#xA;STEP: Building a namespace api object, basename daemonsets&#xA;STEP: Waiting for a default service account to be provisioned in namespace&#xA;[BeforeEach] [sig-apps] Daemon set [Serial]&#xA;  /workspace/src/k8s.io/kubernetes/_output/dockerized/go/src/k8s.io/kubernetes/test/e2e/apps/daemon_set.go:142&#xA;[It] should rollback without unnecessary restarts [Conformance]&#xA;  /workspace/src/k8s.io/kubernetes/_output/dockerized/go/src/k8s.io/kubernetes/test/e2e/framework/framework.go:630&#xA;Aug 27 11:52:50.770: FAIL: Conformance test suite needs a cluster with at least 2 nodes.&#xA;Expected&#xA;    &lt;int&gt;: 1&#xA;to be &gt;&#xA;    &lt;int&gt;: 1&#xA;&#xA;Full Stack Trace&#xA;k8s.io/kubernetes/test/e2e/apps.glob..func3.9()&#xA;&#x9;/workspace/src/k8s.io/kubernetes/_output/dockerized/go/src/k8s.io/kubernetes/test/e2e/apps/daemon_set.go:431 +0x245&#xA;k8s.io/kubernetes/test/e2e.RunE2ETests(0xc000af8600)&#xA;&#x9;_output/dockerized/go/src/k8s.io/kubernetes/test/e2e/e2e.go:130 +0x36c&#xA;k8s.io/kubernetes/test/e2e.TestE2E(0xc000af8600)&#xA;&#x9;_output/dockerized/go/src/k8s.io/kubernetes/test/e2e/e2e_test.go:136 +0x2b&#xA;testing.tRunner(0xc000af8600, 0x72d42e8)&#xA;&#x9;/usr/local/go/src/testing/testing.go:1193 +0xef&#xA;created by testing.(*T).Run&#xA;&#x9;/usr/local/go/src/testing/testing.go:1238 +0x2b3&#xA;[AfterEach] [sig-apps] Daemon set [Serial]&#xA;  /workspace/src/k8s.io/kubernetes/_output/dockerized/go/src/k8s.io/kubernetes/test/e2e/apps/daemon_set.go:108&#xA;Aug 27 11:52:50.788: INFO: daemonset: {&#34;kind&#34;:&#34;DaemonSetList&#34;,&#34;apiVersion&#34;:&#34;apps/v1&#34;,&#34;metadata&#34;:{&#34;resourceVersion&#34;:&#34;26062&#34;},&#34;items&#34;:null}&#xA;&#xA;Aug 27 11:52:50.794: INFO: pods: {&#34;kind&#34;:&#34;PodList&#34;,&#34;apiVersion&#34;:&#34;v1&#34;,&#34;metadata&#34;:{&#34;resourceVersion&#34;:&#34;26062&#34;},&#34;items&#34;:null}&#xA;&#xA;[AfterEach] [sig-apps] Daemon set [Serial]&#xA;  /workspace/src/k8s.io/kubernetes/_output/dockerized/go/src/k8s.io/kubernetes/test/e2e/framework/framework.go:186&#xA;STEP: Collecting events from namespace &#34;daemonsets-2699&#34;.&#xA;STEP: Found 0 events.&#xA;Aug 27 11:52:50.813: INFO: POD  NODE  PHASE  GRACE  CONDITIONS&#xA;Aug 27 11:52:50.813: INFO: &#xA;Aug 27 11:52:50.821: INFO: &#xA;Logging node info for node instance-1&#xA;Aug 27 11:52:50.828: INFO: Node Info: &amp;Node{ObjectMeta:{instance-1    66706824-827f-43ec-951f-55d099198c49 25354 0 2021-08-27 09:44:27 +0000 UTC &lt;nil&gt; &lt;nil&gt; map[beta.kubernetes.io/arch:amd64 beta.kubernetes.io/os:linux kubernetes.io/arch:amd64 kubernetes.io/hostname:instance-1 kubernetes.io/os:linux node-role.kubernetes.io/control-plane: node-role.kubernetes.io/master: node.kubernetes.io/control-plane: node.kubernetes.io/master:] map[node.alpha.kubernetes.io/ttl:0 projectcalico.org/IPv4Address:10.140.0.2/32 projectcalico.org/IPv4IPIPTunnelAddr:172.208.23.128 volumes.kubernetes.io/controller-managed-attach-detach:true] [] []  [{kubelet Update v1 2021-08-27 09:44:27 +0000 UTC FieldsV1 {&#34;f:metadata&#34;:{&#34;f:annotations&#34;:{&#34;.&#34;:{},&#34;f:volumes.kubernetes.io/controller-managed-attach-detach&#34;:{}},&#34;f:labels&#34;:{&#34;.&#34;:{},&#34;f:beta.kubernetes.io/arch&#34;:{},&#34;f:beta.kubernetes.io/os&#34;:{},&#34;f:kubernetes.io/arch&#34;:{},&#34;f:kubernetes.io/hostname&#34;:{},&#34;f:kubernetes.io/os&#34;:{},&#34;f:node.kubernetes.io/control-plane&#34;:{},&#34;f:node.kubernetes.io/master&#34;:{}}}} } {kube-controller-manager Update v1 2021-08-27 09:44:36 +0000 UTC FieldsV1 {&#34;f:metadata&#34;:{&#34;f:annotations&#34;:{&#34;f:node.alpha.kubernetes.io/ttl&#34;:{}}}} } {calico-node Update v1 2021-08-27 09:44:41 +0000 UTC FieldsV1 {&#34;f:metadata&#34;:{&#34;f:annotations&#34;:{&#34;f:projectcalico.org/IPv4Address&#34;:{},&#34;f:projectcalico.org/IPv4IPIPTunnelAddr&#34;:{}}},&#34;f:status&#34;:{&#34;f:conditions&#34;:{&#34;k:{\&#34;type\&#34;:\&#34;NetworkUnavailable\&#34;}&#34;:{&#34;.&#34;:{},&#34;f:lastHeartbeatTime&#34;:{},&#34;f:lastTransitionTime&#34;:{},&#34;f:message&#34;:{},&#34;f:reason&#34;:{},&#34;f:status&#34;:{},&#34;f:type&#34;:{}}}}} status} {kubectl-label Update v1 2021-08-27 09:44:44 +0000 UTC FieldsV1 {&#34;f:metadata&#34;:{&#34;f:labels&#34;:{&#34;f:node-role.kubernetes.io/control-plane&#34;:{},&#34;f:node-role.kubernetes.io/master&#34;:{}}}} } {e2e.test Update v1 2021-08-27 11:04:11 +0000 UTC FieldsV1 {&#34;f:status&#34;:{&#34;f:capacity&#34;:{&#34;f:example.com/fakecpu&#34;:{}}}} status} {kubelet Update v1 2021-08-27 11:04:21 +0000 UTC FieldsV1 {&#34;f:status&#34;:{&#34;f:allocatable&#34;:{&#34;f:example.com/fakecpu&#34;:{}},&#34;f:conditions&#34;:{&#34;k:{\&#34;type\&#34;:\&#34;DiskPressure\&#34;}&#34;:{&#34;f:lastHeartbeatTime&#34;:{}},&#34;k:{\&#34;type\&#34;:\&#34;MemoryPressure\&#34;}&#34;:{&#34;f:lastHeartbeatTime&#34;:{}},&#34;k:{\&#34;type\&#34;:\&#34;PIDPressure\&#34;}&#34;:{&#34;f:lastHeartbeatTime&#34;:{}},&#34;k:{\&#34;type\&#34;:\&#34;Ready\&#34;}&#34;:{&#34;f:lastHeartbeatTime&#34;:{},&#34;f:lastTransitionTime&#34;:{},&#34;f:message&#34;:{},&#34;f:reason&#34;:{},&#34;f:status&#34;:{}}},&#34;f:images&#34;:{}}} status}]},Spec:NodeSpec{PodCIDR:,DoNotUseExternalID:,ProviderID:,Unschedulable:false,Taints:[]Taint{},ConfigSource:nil,PodCIDRs:[],},Status:NodeStatus{Capacity:ResourceList{cpu: {{4 0} {&lt;nil&gt;} 4 DecimalSI},ephemeral-storage: {{51848359936 0} {&lt;nil&gt;} 50633164Ki BinarySI},example.com/fakecpu: {{1 3} {&lt;nil&gt;} 1k DecimalSI},hugepages-1Gi: {{0 0} {&lt;nil&gt;} 0 DecimalSI},hugepages-2Mi: {{0 0} {&lt;nil&gt;} 0 DecimalSI},memory: {{16778743808 0} {&lt;nil&gt;} 16385492Ki BinarySI},pods: {{110 0} {&lt;nil&gt;} 110 DecimalSI},},Allocatable:ResourceList{cpu: {{4 0} {&lt;nil&gt;} 4 DecimalSI},ephemeral-storage: {{49255941901 0} {&lt;nil&gt;} 49255941901 DecimalSI},example.com/fakecpu: {{1 3} {&lt;nil&gt;} 1k DecimalSI},hugepages-1Gi: {{0 0} {&lt;nil&gt;} 0 DecimalSI},hugepages-2Mi: {{0 0} {&lt;nil&gt;} 0 DecimalSI},memory: {{15600144384 0} {&lt;nil&gt;} 15234516Ki BinarySI},pods: {{110 0} {&lt;nil&gt;} 110 DecimalSI},},Phase:,Conditions:[]NodeCondition{NodeCondition{Type:NetworkUnavailable,Status:False,LastHeartbeatTime:2021-08-27 09:44:41 +0000 UTC,LastTransitionTime:2021-08-27 09:44:41 +0000 UTC,Reason:CalicoIsUp,Message:Calico is running on this node,},NodeCondition{Type:MemoryPressure,Status:False,LastHeartbeatTime:2021-08-27 11:50:21 +0000 UTC,LastTransitionTime:2021-08-27 09:44:26 +0000 UTC,Reason:KubeletHasSufficientMemory,Message:kubelet has sufficient memory available,},NodeCondition{Type:DiskPressure,Status:False,LastHeartbeatTime:2021-08-27 11:50:21 +0000 UTC,LastTransitionTime:2021-08-27 09:44:26 +0000 UTC,Reason:KubeletHasNoDiskPressure,Message:kubelet has no disk pressure,},NodeCondition{Type:PIDPressure,Status:False,LastHeartbeatTime:2021-08-27 11:50:21 +0000 UTC,LastTransitionTime:2021-08-27 09:44:26 +0000 UTC,Reason:KubeletHasSufficientPID,Message:kubelet has sufficient PID available,},NodeCondition{Type:Ready,Status:True,LastHeartbeatTime:2021-08-27 11:50:21 +0000 UTC,LastTransitionTime:2021-08-27 09:44:47 +0000 UTC,Reason:KubeletReady,Message:kubelet is posting ready status. AppArmor enabled,},},Addresses:[]NodeAddress{NodeAddress{Type:InternalIP,Address:10.140.0.2,},NodeAddress{Type:Hostname,Address:instance-1,},},DaemonEndpoints:NodeDaemonEndpoints{KubeletEndpoint:DaemonEndpoint{Port:10250,},},NodeInfo:NodeSystemInfo{MachineID:9115f560b455f8c5d2b83bdfb715f3b3,SystemUUID:9115f560-b455-f8c5-d2b8-3bdfb715f3b3,BootID:3bd04ce9-2b88-452c-af59-4599689b83f3,KernelVersion:5.11.0-1017-gcp,OSImage:Ubuntu 21.04,ContainerRuntimeVersion:docker://20.10.8,KubeletVersion:v1.22.1,KubeProxyVersion:v1.22.1,OperatingSystem:linux,Architecture:amd64,},Images:[]ContainerImage{ContainerImage{Names:[slzcc/kubernetes@sha256:d938e2364017b78329200a38b8317db806fe305cf5e26c975a0298e23324fb77 slzcc/kubernetes:v1.22.1.0],SizeBytes:2296544903,},ContainerImage{Names:[quay.io/cilium/cilium:v1.10.1],SizeBytes:409321746,},ContainerImage{Names:[sonobuoy/systemd-logs@sha256:fadad24a66ddd544987c38811108a73d1a306dd3b5e3f090b207786f2825ffde sonobuoy/systemd-logs:v0.3],SizeBytes:297365055,},ContainerImage{Names:[k8s.gcr.io/etcd@sha256:9ce33ba33d8e738a5b85ed50b5080ac746deceed4a7496c550927a7a19ca3b6d k8s.gcr.io/etcd:3.5.0-0],SizeBytes:294536887,},ContainerImage{Names:[k8s.gcr.io/etcd@sha256:4ad90a11b55313b182afc186b9876c8e891531b8db4c9bf1541953021618d0e2 k8s.gcr.io/etcd:3.4.13-0],SizeBytes:253392289,},ContainerImage{Names:[k8s.gcr.io/e2e-test-images/jessie-dnsutils@sha256:702a992280fb7c3303e84a5801acbb4c9c7fcf48cffe0e9c8be3f0c60f74cf89 k8s.gcr.io/e2e-test-images/jessie-dnsutils:1.4],SizeBytes:253371792,},ContainerImage{Names:[k8s.gcr.io/etcd:3.4.9],SizeBytes:253347452,},ContainerImage{Names:[k8s.gcr.io/conformance@sha256:e22b40e1e6db0b3fcb9fd565100de0af2c525217769378a20ac4cef47f1502ce k8s.gcr.io/conformance:v1.22.1],SizeBytes:247962555,},ContainerImage{Names:[calico/node:v3.20.0],SizeBytes:169862919,},ContainerImage{Names:[calico/cni:v3.20.0],SizeBytes:146006429,},ContainerImage{Names:[k8s.gcr.io/kube-apiserver:v1.22.1],SizeBytes:128446877,},ContainerImage{Names:[k8s.gcr.io/e2e-test-images/httpd@sha256:716d2f68314c5c4ddd5ecdb45183fcb4ed8019015982c1321571f863989b70b0 k8s.gcr.io/e2e-test-images/httpd:2.4.39-1],SizeBytes:126894770,},ContainerImage{Names:[k8s.gcr.io/e2e-test-images/agnhost@sha256:758db666ac7028534dba72e7e9bb1e57bb81b8196f976f7a5cc351ef8b3529e1 k8s.gcr.io/e2e-test-images/agnhost:2.32],SizeBytes:125930239,},ContainerImage{Names:[k8s.gcr.io/e2e-test-images/httpd@sha256:b913fa234cc3473cfe16e937d106b455a7609f927f59031c81aca791e2689b50 k8s.gcr.io/e2e-test-images/httpd:2.4.38-1],SizeBytes:123781643,},ContainerImage{Names:[k8s.gcr.io/kube-controller-manager:v1.22.1],SizeBytes:121979567,},ContainerImage{Names:[k8s.gcr.io/e2e-test-images/nautilus@sha256:1f36a24cfb5e0c3f725d7565a867c2384282fcbeccc77b07b423c9da95763a9a k8s.gcr.io/e2e-test-images/nautilus:1.4],SizeBytes:121748345,},ContainerImage{Names:[k8s.gcr.io/kube-proxy:v1.22.1],SizeBytes:103645121,},ContainerImage{Names:[haproxy:2.4.2],SizeBytes:95448973,},ContainerImage{Names:[calico/kube-controllers:v3.20.0],SizeBytes:63156065,},ContainerImage{Names:[k8s.gcr.io/e2e-test-images/sample-apiserver@sha256:e7fddbaac4c3451da2365ab90bad149d32f11409738034e41e0f460927f7c276 k8s.gcr.io/e2e-test-images/sample-apiserver:1.17.4],SizeBytes:58172101,},ContainerImage{Names:[quay.io/cilium/operator-generic:v1.10.1],SizeBytes:56290965,},ContainerImage{Names:[k8s.gcr.io/kube-scheduler:v1.22.1],SizeBytes:52658888,},ContainerImage{Names:[coredns/coredns@sha256:6e5a02c21641597998b4be7cb5eb1e7b02c0d8d23cce4dd09f4682d463798890 k8s.gcr.io/coredns/coredns@sha256:6e5a02c21641597998b4be7cb5eb1e7b02c0d8d23cce4dd09f4682d463798890 coredns/coredns:1.8.4 k8s.gcr.io/coredns/coredns:v1.8.4],SizeBytes:47554275,},ContainerImage{Names:[coredns/coredns:1.8.3],SizeBytes:43499235,},ContainerImage{Names:[sonobuoy/sonobuoy@sha256:d393e2c862fffd0823409594f3ab8bc2524b359d9e6313ae3f9edb5d3dfa56e1 sonobuoy/sonobuoy:v0.53.2],SizeBytes:37400989,},ContainerImage{Names:[calico/pod2daemon-flexvol@sha256:c17e3e9871682bed00bfd33f8d6f00db1d1a126034a25bf5380355978e0c548d calico/pod2daemon-flexvol:v3.20.0],SizeBytes:21666928,},ContainerImage{Names:[k8s.gcr.io/e2e-test-images/nginx@sha256:503b7abb89e57383eba61cc8a9cb0b495ea575c516108f7d972a6ff6e1ab3c9b k8s.gcr.io/e2e-test-images/nginx:1.14-1],SizeBytes:16032814,},ContainerImage{Names:[slzcc/keepalived:1.2.24.1],SizeBytes:15933789,},ContainerImage{Names:[quay.io/cilium/startup-script:62bfbe88c17778aad7bef9fa57ff9e2d4a9ba0d8],SizeBytes:11739254,},ContainerImage{Names:[k8s.gcr.io/e2e-test-images/nonewprivs@sha256:8ac1264691820febacf3aea5d152cbde6d10685731ec14966a9401c6f47a68ac k8s.gcr.io/e2e-test-images/nonewprivs:1.3],SizeBytes:7107254,},ContainerImage{Names:[k8s.gcr.io/e2e-test-images/busybox@sha256:39e1e963e5310e9c313bad51523be012ede7b35bb9316517d19089a010356592 k8s.gcr.io/e2e-test-images/busybox:1.29-1],SizeBytes:1154361,},ContainerImage{Names:[k8s.gcr.io/pause@sha256:1ff6c18fbef2045af6b9c16bf034cc421a29027b800e4f9b68ae9b1cb3e9ae07 k8s.gcr.io/pause:3.5],SizeBytes:682696,},ContainerImage{Names:[k8s.gcr.io/pause:3.2],SizeBytes:682696,},},VolumesInUse:[],VolumesAttached:[]AttachedVolume{},Config:nil,},}&#xA;Aug 27 11:52:50.829: INFO: &#xA;Logging kubelet events for node instance-1&#xA;Aug 27 11:52:50.832: INFO: &#xA;Logging pods the kubelet thinks is on node instance-1&#xA;Aug 27 11:52:50.844: INFO: coredns-5449fcdd7-9wk7q started at 2021-08-27 10:36:29 +0000 UTC (0+1 container statuses recorded)&#xA;Aug 27 11:52:50.844: INFO: &#x9;Container coredns ready: true, restart count 0&#xA;Aug 27 11:52:50.844: INFO: etcd-instance-1 started at 2021-08-27 09:44:20 +0000 UTC (0+1 container statuses recorded)&#xA;Aug 27 11:52:50.844: INFO: &#x9;Container etcd ready: true, restart count 7&#xA;Aug 27 11:52:50.844: INFO: haproxy-instance-1 started at 2021-08-27 09:44:20 +0000 UTC (0+1 container statuses recorded)&#xA;Aug 27 11:52:50.844: INFO: &#x9;Container haproxy ready: true, restart count 7&#xA;Aug 27 11:52:50.844: INFO: kube-scheduler-instance-1 started at 2021-08-27 09:44:20 +0000 UTC (0+1 container statuses recorded)&#xA;Aug 27 11:52:50.844: INFO: &#x9;Container kube-scheduler ready: true, restart count 1&#xA;Aug 27 11:52:50.844: INFO: kube-proxy-45vxz started at 2021-08-27 09:44:35 +0000 UTC (0+1 container statuses recorded)&#xA;Aug 27 11:52:50.844: INFO: &#x9;Container kube-proxy ready: true, restart count 0&#xA;Aug 27 11:52:50.844: INFO: calico-kube-controllers-866f579489-x4bbh started at 2021-08-27 10:36:29 +0000 UTC (0+1 container statuses recorded)&#xA;Aug 27 11:52:50.844: INFO: &#x9;Container calico-kube-controllers ready: true, restart count 0&#xA;Aug 27 11:52:50.844: INFO: agnhost-primary-f5grh started at 2021-08-27 11:52:45 +0000 UTC (0+1 container statuses recorded)&#xA;Aug 27 11:52:50.844: INFO: &#x9;Container agnhost-primary ready: true, restart count 0&#xA;Aug 27 11:52:50.844: INFO: sonobuoy-e2e-job-8f4800e0b3a54e3c started at 2021-08-27 09:45:48 +0000 UTC (0+2 container statuses recorded)&#xA;Aug 27 11:52:50.844: INFO: &#x9;Container e2e ready: true, restart count 0&#xA;Aug 27 11:52:50.844: INFO: &#x9;Container sonobuoy-worker ready: true, restart count 0&#xA;Aug 27 11:52:50.844: INFO: kube-controller-manager-instance-1 started at 2021-08-27 09:44:20 +0000 UTC (0+1 container statuses recorded)&#xA;Aug 27 11:52:50.844: INFO: &#x9;Container kube-controller-manager ready: true, restart count 1&#xA;Aug 27 11:52:50.844: INFO: calico-node-jtcrr started at 2021-08-27 09:44:35 +0000 UTC (3+1 container statuses recorded)&#xA;Aug 27 11:52:50.844: INFO: &#x9;Init container upgrade-ipam ready: true, restart count 0&#xA;Aug 27 11:52:50.844: INFO: &#x9;Init container install-cni ready: true, restart count 0&#xA;Aug 27 11:52:50.844: INFO: &#x9;Init container flexvol-driver ready: true, restart count 0&#xA;Aug 27 11:52:50.844: INFO: &#x9;Container calico-node ready: true, restart count 0&#xA;Aug 27 11:52:50.844: INFO: kube-apiserver-instance-1 started at 2021-08-27 09:44:20 +0000 UTC (0+1 container statuses recorded)&#xA;Aug 27 11:52:50.844: INFO: &#x9;Container kube-apiserver ready: true, restart count 1&#xA;Aug 27 11:52:50.844: INFO: sonobuoy started at 2021-08-27 09:45:47 +0000 UTC (0+1 container statuses recorded)&#xA;Aug 27 11:52:50.844: INFO: &#x9;Container kube-sonobuoy ready: true, restart count 0&#xA;Aug 27 11:52:50.844: INFO: sonobuoy-systemd-logs-daemon-set-0a76f2e7c4ae491c-6jjs8 started at 2021-08-27 09:45:48 +0000 UTC (0+2 container statuses recorded)&#xA;Aug 27 11:52:50.844: INFO: &#x9;Container sonobuoy-worker ready: true, restart count 0&#xA;Aug 27 11:52:50.844: INFO: &#x9;Container systemd-logs ready: true, restart count 0&#xA;Aug 27 11:52:50.844: INFO: coredns-5449fcdd7-hxflz started at 2021-08-27 10:36:29 +0000 UTC (0+1 container statuses recorded)&#xA;Aug 27 11:52:50.844: INFO: &#x9;Container coredns ready: true, restart count 0&#xA;Aug 27 11:52:50.950: INFO: &#xA;Latency metrics for node instance-1&#xA;Aug 27 11:52:50.950: INFO: Waiting up to 3m0s for all (but 0) nodes to be ready&#xA;STEP: Destroying namespace &#34;daemonsets-2699&#34; for this suite.&#xA;</system-out>
      </testcase>
      <testcase name="[sig-storage] In-tree Volumes [Driver: gluster] [Testpattern: Pre-provisioned PV (default fs)] volumeIO should write files of various sizes, verify size, validate content [Slow][LinuxOnly]" classname="Kubernetes e2e suite" time="0">
          <skipped></skipped>
      </testcase>
      <testcase name="[sig-storage] CSI mock volume CSI FSGroupPolicy [LinuxOnly] should modify fsGroup if fsGroupPolicy=default" classname="Kubernetes e2e suite" time="0">
          <skipped></skipped>
      </testcase>
      <testcase name="[sig-storage] In-tree Volumes [Driver: iscsi][Feature:Volumes] [Testpattern: Pre-provisioned PV (default fs)] volumeIO should write files of various sizes, verify size, validate content [Slow][LinuxOnly]" classname="Kubernetes e2e suite" time="0">
          <skipped></skipped>
      </testcase>
      <testcase name="[sig-storage] In-tree Volumes [Driver: local][LocalVolumeType: blockfs] [Testpattern: Pre-provisioned PV (default fs)] subPath should support existing directories when readOnly specified in the volumeSource" classname="Kubernetes e2e suite" time="0">
          <skipped></skipped>
      </testcase>
      <testcase name="[sig-storage] In-tree Volumes [Driver: hostPath] [Testpattern: Dynamic PV (default fs)] subPath should support file as subpath [LinuxOnly]" classname="Kubernetes e2e suite" time="0">
          <skipped></skipped>
      </testcase>
      <testcase name="[sig-storage] In-tree Volumes [Driver: ceph][Feature:Volumes][Serial] [Testpattern: Inline-volume (default fs)] subPath should support existing directories when readOnly specified in the volumeSource" classname="Kubernetes e2e suite" time="0">
          <skipped></skipped>
      </testcase>
      <testcase name="[sig-storage] In-tree Volumes [Driver: local][LocalVolumeType: dir-bindmounted] [Testpattern: Dynamic PV (ntfs)][Feature:Windows] volumes should allow exec of files on the volume" classname="Kubernetes e2e suite" time="0">
          <skipped></skipped>
      </testcase>
      <testcase name="[sig-storage] In-tree Volumes [Driver: hostPath] [Testpattern: Inline-volume (ext4)] volumes should store data" classname="Kubernetes e2e suite" time="0">
          <skipped></skipped>
      </testcase>
      <testcase name="[sig-storage] In-tree Volumes [Driver: rbd][Feature:Volumes][Serial] [Testpattern: Dynamic PV (default fs)] capacity provides storage capacity information" classname="Kubernetes e2e suite" time="0">
          <skipped></skipped>
      </testcase>
      <testcase name="[sig-storage] In-tree Volumes [Driver: cinder] [Testpattern: Dynamic PV (default fs)] provisioning should provision storage with snapshot data source [Feature:VolumeSnapshotDataSource]" classname="Kubernetes e2e suite" time="0">
          <skipped></skipped>
      </testcase>
      <testcase name="[sig-storage] In-tree Volumes [Driver: hostPathSymlink] [Testpattern: Dynamic PV (block volmode)] multiVolume [Slow] should concurrently access the single volume from pods on different node" classname="Kubernetes e2e suite" time="0">
          <skipped></skipped>
      </testcase>
      <testcase name="[sig-storage] In-tree Volumes [Driver: gcepd] [Testpattern: Inline-volume (ntfs)][Feature:Windows] volumes should store data" classname="Kubernetes e2e suite" time="0">
          <skipped></skipped>
      </testcase>
      <testcase name="[sig-storage] In-tree Volumes [Driver: local][LocalVolumeType: block] [Testpattern: Dynamic PV (xfs)][Slow] multiVolume [Slow] should concurrently access the single read-only volume from pods on the same node" classname="Kubernetes e2e suite" time="0">
          <skipped></skipped>
      </testcase>
      <testcase name="[sig-storage] CSI Volumes [Driver: csi-hostpath] [Testpattern: Pre-provisioned PV (filesystem volmode)] multiVolume [Slow] should access to two volumes with different volume mode and retain data across pod recreation on different node" classname="Kubernetes e2e suite" time="0">
          <skipped></skipped>
      </testcase>
      <testcase name="[sig-storage] In-tree Volumes [Driver: emptydir] [Testpattern: Dynamic PV (default fs)] fsgroupchangepolicy (OnRootMismatch)[LinuxOnly], pod created with an initial fsgroup, new pod fsgroup applied to volume contents" classname="Kubernetes e2e suite" time="0">
          <skipped></skipped>
      </testcase>
      <testcase name="[sig-storage] In-tree Volumes [Driver: vsphere] [Testpattern: Pre-provisioned PV (default fs)] volumes should allow exec of files on the volume" classname="Kubernetes e2e suite" time="0">
          <skipped></skipped>
      </testcase>
      <testcase name="[sig-node] Container Runtime blackbox test on terminated container should report termination message [LinuxOnly] as empty when pod succeeds and TerminationMessagePolicy FallbackToLogsOnError is set [NodeConformance] [Conformance]" classname="Kubernetes e2e suite" time="2.121663941"></testcase>
      <testcase name="[sig-storage] In-tree Volumes [Driver: local][LocalVolumeType: dir] [Testpattern: Dynamic PV (ntfs)][Feature:Windows] subPath should support restarting containers using file as subpath [Slow][LinuxOnly]" classname="Kubernetes e2e suite" time="0">
          <skipped></skipped>
      </testcase>
      <testcase name="[sig-storage] Projected configMap should be consumable from pods in volume with mappings [NodeConformance] [Conformance]" classname="Kubernetes e2e suite" time="4.125357474"></testcase>
      <testcase name="[sig-node] Probing container should be restarted with a exec &#34;cat /tmp/health&#34; liveness probe [NodeConformance] [Conformance]" classname="Kubernetes e2e suite" time="52.29904476"></testcase>
      <testcase name="[sig-storage] In-tree Volumes [Driver: nfs] [Testpattern: Pre-provisioned PV (filesystem volmode)] multiVolume [Slow] should access to two volumes with different volume mode and retain data across pod recreation on different node" classname="Kubernetes e2e suite" time="0">
          <skipped></skipped>
      </testcase>
      <testcase name="[sig-storage] In-tree Volumes [Driver: local][LocalVolumeType: tmpfs] [Testpattern: Pre-provisioned PV (default fs)] volumeIO should write files of various sizes, verify size, validate content [Slow][LinuxOnly]" classname="Kubernetes e2e suite" time="0">
          <skipped></skipped>
      </testcase>
      <testcase name="[sig-storage] In-tree Volumes [Driver: local][LocalVolumeType: dir-link] [Testpattern: Inline-volume (default fs)] subPath should support readOnly file specified in the volumeMount [LinuxOnly]" classname="Kubernetes e2e suite" time="0">
          <skipped></skipped>
      </testcase>
      <testcase name="[sig-storage] In-tree Volumes [Driver: hostPathSymlink] [Testpattern: Pre-provisioned PV (default fs)] volumeIO should write files of various sizes, verify size, validate content [Slow][LinuxOnly]" classname="Kubernetes e2e suite" time="0">
          <skipped></skipped>
      </testcase>
      <testcase name="[sig-storage] In-tree Volumes [Driver: local][LocalVolumeType: gce-localssd-scsi-fs] [Serial] [Testpattern: Pre-provisioned PV (default fs)] subPath should fail if subpath file is outside the volume [Slow][LinuxOnly]" classname="Kubernetes e2e suite" time="0">
          <skipped></skipped>
      </testcase>
      <testcase name="[sig-storage] In-tree Volumes [Driver: iscsi][Feature:Volumes] [Testpattern: Dynamic PV (default fs)] subPath should support existing directories when readOnly specified in the volumeSource" classname="Kubernetes e2e suite" time="0">
          <skipped></skipped>
      </testcase>
      <testcase name="[sig-storage] In-tree Volumes [Driver: ceph][Feature:Volumes][Serial] [Testpattern: Dynamic PV (filesystem volmode)] multiVolume [Slow] should concurrently access the volume and restored snapshot from pods on the same node [LinuxOnly][Feature:VolumeSnapshotDataSource][Feature:VolumeSourceXFS]" classname="Kubernetes e2e suite" time="0">
          <skipped></skipped>
      </testcase>
      <testcase name="[sig-storage] HostPathType Socket [Slow] Should fail on mounting socket &#39;asocket&#39; when HostPathType is HostPathFile" classname="Kubernetes e2e suite" time="0">
          <skipped></skipped>
      </testcase>
      <testcase name="[sig-storage] In-tree Volumes [Driver: cinder] [Testpattern: Inline-volume (default fs)] volumes should store data" classname="Kubernetes e2e suite" time="0">
          <skipped></skipped>
      </testcase>
      <testcase name="[sig-api-machinery] AdmissionWebhook [Privileged:ClusterAdmin] should mutate custom resource with pruning [Conformance]" classname="Kubernetes e2e suite" time="6.631897156"></testcase>
      <testcase name="[sig-storage] In-tree Volumes [Driver: aws] [Testpattern: Inline-volume (default fs)] subPath should support readOnly directory specified in the volumeMount" classname="Kubernetes e2e suite" time="0">
          <skipped></skipped>
      </testcase>
      <testcase name="[sig-storage] CSI Volumes [Driver: pd.csi.storage.gke.io][Serial] [Testpattern: Dynamic PV (ntfs)][Feature:Windows] subPath should fail if subpath with backstepping is outside the volume [Slow][LinuxOnly]" classname="Kubernetes e2e suite" time="0">
          <skipped></skipped>
      </testcase>
      <testcase name="[sig-network] LoadBalancers ESIPP [Slow] should work for type=LoadBalancer" classname="Kubernetes e2e suite" time="0">
          <skipped></skipped>
      </testcase>
      <testcase name="[sig-storage] In-tree Volumes [Driver: local][LocalVolumeType: dir-link] [Testpattern: Dynamic PV (filesystem volmode)] multiVolume [Slow] should concurrently access the volume and its clone from pods on the same node [LinuxOnly][Feature:VolumeSnapshotDataSource][Feature:VolumeSourceXFS]" classname="Kubernetes e2e suite" time="0">
          <skipped></skipped>
      </testcase>
      <testcase name="[sig-storage] CSI Volumes [Driver: pd.csi.storage.gke.io][Serial] [Testpattern: Dynamic PV (default fs)] volumes should allow exec of files on the volume" classname="Kubernetes e2e suite" time="0">
          <skipped></skipped>
      </testcase>
      <testcase name="[sig-windows] Hybrid cluster network for all supported CNIs should have stable networking for Linux and Windows pods" classname="Kubernetes e2e suite" time="0">
          <skipped></skipped>
      </testcase>
      <testcase name="[sig-storage] Zone Support [Feature:vsphere] Verify PVC creation with incompatible storage policy along with compatible zone and datastore combination specified in storage class fails" classname="Kubernetes e2e suite" time="0">
          <skipped></skipped>
      </testcase>
      <testcase name="[sig-storage] In-tree Volumes [Driver: iscsi][Feature:Volumes] [Testpattern: Inline-volume (default fs)] subPath should support creating multiple subpath from same volumes [Slow]" classname="Kubernetes e2e suite" time="0">
          <skipped></skipped>
      </testcase>
      <testcase name="[sig-storage] In-tree Volumes [Driver: gcepd] [Testpattern: Inline-volume (default fs)] subPath should fail if subpath file is outside the volume [Slow][LinuxOnly]" classname="Kubernetes e2e suite" time="0">
          <skipped></skipped>
      </testcase>
      <testcase name="[sig-storage] Projected secret Should fail non-optional pod creation due to secret object does not exist [Slow]" classname="Kubernetes e2e suite" time="0">
          <skipped></skipped>
      </testcase>
      <testcase name="[sig-storage] In-tree Volumes [Driver: local][LocalVolumeType: block] [Testpattern: Dynamic PV (default fs)] fsgroupchangepolicy (Always)[LinuxOnly], pod created with an initial fsgroup, new pod fsgroup applied to volume contents" classname="Kubernetes e2e suite" time="0">
          <skipped></skipped>
      </testcase>
      <testcase name="[sig-storage] CSI mock volume CSI Volume Snapshots [Feature:VolumeSnapshotDataSource] volumesnapshotcontent and pvc in Bound state with deletion timestamp set should not get deleted while snapshot finalizer exists" classname="Kubernetes e2e suite" time="0">
          <skipped></skipped>
      </testcase>
      <testcase name="[sig-storage] In-tree Volumes [Driver: local][LocalVolumeType: dir-link] [Testpattern: Pre-provisioned PV (default fs)] volumes should store data" classname="Kubernetes e2e suite" time="0">
          <skipped></skipped>
      </testcase>
      <testcase name="[sig-storage] In-tree Volumes [Driver: cinder] [Testpattern: Pre-provisioned PV (block volmode)] volumes should store data" classname="Kubernetes e2e suite" time="0">
          <skipped></skipped>
      </testcase>
      <testcase name="[sig-storage] In-tree Volumes [Driver: local][LocalVolumeType: dir] [Testpattern: Pre-provisioned PV (default fs)] subPath should support readOnly file specified in the volumeMount [LinuxOnly]" classname="Kubernetes e2e suite" time="0">
          <skipped></skipped>
      </testcase>
      <testcase name="[sig-storage] In-tree Volumes [Driver: cinder] [Testpattern: Pre-provisioned PV (ext3)] volumes should allow exec of files on the volume" classname="Kubernetes e2e suite" time="0">
          <skipped></skipped>
      </testcase>
      <testcase name="[sig-storage] In-tree Volumes [Driver: emptydir] [Testpattern: Inline-volume (default fs)] subPath should verify container cannot write to subpath readonly volumes [Slow]" classname="Kubernetes e2e suite" time="0">
          <skipped></skipped>
      </testcase>
      <testcase name="[sig-storage] In-tree Volumes [Driver: local][LocalVolumeType: dir-bindmounted] [Testpattern: Inline-volume (default fs)] subPath should support readOnly directory specified in the volumeMount" classname="Kubernetes e2e suite" time="0">
          <skipped></skipped>
      </testcase>
      <testcase name="[sig-storage] In-tree Volumes [Driver: hostPath] [Testpattern: Inline-volume (ntfs)][Feature:Windows] volumes should store data" classname="Kubernetes e2e suite" time="0">
          <skipped></skipped>
      </testcase>
      <testcase name="[sig-storage] In-tree Volumes [Driver: local][LocalVolumeType: dir-link-bindmounted] [Testpattern: Inline-volume (default fs)] volumeIO should write files of various sizes, verify size, validate content [Slow][LinuxOnly]" classname="Kubernetes e2e suite" time="0">
          <skipped></skipped>
      </testcase>
      <testcase name="[sig-storage] In-tree Volumes [Driver: iscsi][Feature:Volumes] [Testpattern: Inline-volume (default fs)] subPath should support restarting containers using file as subpath [Slow][LinuxOnly]" classname="Kubernetes e2e suite" time="0">
          <skipped></skipped>
      </testcase>
      <testcase name="[sig-storage] In-tree Volumes [Driver: gcepd] [Testpattern: Dynamic PV (default fs)] volumeIO should write files of various sizes, verify size, validate content [Slow][LinuxOnly]" classname="Kubernetes e2e suite" time="0">
          <skipped></skipped>
      </testcase>
      <testcase name="[sig-storage] CSI Volumes [Driver: csi-hostpath] [Testpattern: Dynamic PV (filesystem volmode)] multiVolume [Slow] should concurrently access the volume and its clone from pods on the same node [LinuxOnly][Feature:VolumeSnapshotDataSource][Feature:VolumeSourceXFS]" classname="Kubernetes e2e suite" time="0">
          <skipped></skipped>
      </testcase>
      <testcase name="[sig-storage] In-tree Volumes [Driver: vsphere] [Testpattern: Pre-provisioned PV (filesystem volmode)] multiVolume [Slow] should concurrently access the single read-only volume from pods on the same node" classname="Kubernetes e2e suite" time="0">
          <skipped></skipped>
      </testcase>
      <testcase name="[sig-storage] In-tree Volumes [Driver: local][LocalVolumeType: block] [Testpattern: Pre-provisioned PV (default fs)] subPath should support readOnly file specified in the volumeMount [LinuxOnly]" classname="Kubernetes e2e suite" time="0">
          <skipped></skipped>
      </testcase>
      <testcase name="[sig-storage] In-tree Volumes [Driver: local][LocalVolumeType: tmpfs] [Testpattern: Dynamic PV (ext4)] multiVolume [Slow] should concurrently access the single read-only volume from pods on the same node" classname="Kubernetes e2e suite" time="0">
          <skipped></skipped>
      </testcase>
      <testcase name="[sig-storage] In-tree Volumes [Driver: azure-disk] [Testpattern: Pre-provisioned PV (block volmode)] disruptive[Disruptive][LinuxOnly] Should test that pv used in a pod that is deleted while the kubelet is down cleans up when the kubelet returns." classname="Kubernetes e2e suite" time="0">
          <skipped></skipped>
      </testcase>
      <testcase name="[sig-storage] In-tree Volumes [Driver: local][LocalVolumeType: dir] [Testpattern: Pre-provisioned PV (default fs)] volumeIO should write files of various sizes, verify size, validate content [Slow][LinuxOnly]" classname="Kubernetes e2e suite" time="0">
          <skipped></skipped>
      </testcase>
      <testcase name="[sig-storage] In-tree Volumes [Driver: vsphere] [Testpattern: Pre-provisioned PV (default fs)] subPath should support existing directory" classname="Kubernetes e2e suite" time="0">
          <skipped></skipped>
      </testcase>
      <testcase name="[sig-storage] In-tree Volumes [Driver: emptydir] [Testpattern: Inline-volume (default fs)] subPath should support existing single file [LinuxOnly]" classname="Kubernetes e2e suite" time="0">
          <skipped></skipped>
      </testcase>
      <testcase name="[sig-storage] In-tree Volumes [Driver: local][LocalVolumeType: tmpfs] [Testpattern: Pre-provisioned PV (block volmode)] multiVolume [Slow] should access to two volumes with the same volume mode and retain data across pod recreation on the same node" classname="Kubernetes e2e suite" time="0">
          <skipped></skipped>
      </testcase>
      <testcase name="[sig-storage] In-tree Volumes [Driver: hostPathSymlink] [Testpattern: Dynamic PV (default fs)] subPath should unmount if pod is gracefully deleted while kubelet is down [Disruptive][Slow][LinuxOnly]" classname="Kubernetes e2e suite" time="0">
          <skipped></skipped>
      </testcase>
      <testcase name="[sig-storage] In-tree Volumes [Driver: local][LocalVolumeType: dir-bindmounted] [Testpattern: Dynamic PV (ext4)] multiVolume [Slow] should access to two volumes with different volume mode and retain data across pod recreation on different node" classname="Kubernetes e2e suite" time="0">
          <skipped></skipped>
      </testcase>
      <testcase name="[sig-storage] In-tree Volumes [Driver: local][LocalVolumeType: dir-bindmounted] [Testpattern: Dynamic PV (ntfs)][Feature:Windows] subPath should unmount if pod is gracefully deleted while kubelet is down [Disruptive][Slow][LinuxOnly]" classname="Kubernetes e2e suite" time="0">
          <skipped></skipped>
      </testcase>
      <testcase name="[sig-storage] Projected downwardAPI should provide podname as non-root with fsgroup and defaultMode [LinuxOnly] [NodeFeature:FSGroup]" classname="Kubernetes e2e suite" time="0">
          <skipped></skipped>
      </testcase>
      <testcase name="[sig-storage] In-tree Volumes [Driver: windows-gcepd] [Testpattern: Dynamic PV (block volmode)] volumeMode should fail to use a volume in a pod with mismatched mode [Slow]" classname="Kubernetes e2e suite" time="0">
          <skipped></skipped>
      </testcase>
      <testcase name="[sig-storage] In-tree Volumes [Driver: local][LocalVolumeType: dir-bindmounted] [Testpattern: Dynamic PV (xfs)][Slow] multiVolume [Slow] should concurrently access the volume and restored snapshot from pods on the same node [LinuxOnly][Feature:VolumeSnapshotDataSource][Feature:VolumeSourceXFS]" classname="Kubernetes e2e suite" time="0">
          <skipped></skipped>
      </testcase>
      <testcase name="[sig-storage] In-tree Volumes [Driver: local][LocalVolumeType: dir-bindmounted] [Testpattern: Dynamic PV (xfs)][Slow] volumes should store data" classname="Kubernetes e2e suite" time="0">
          <skipped></skipped>
      </testcase>
      <testcase name="[sig-storage] In-tree Volumes [Driver: local][LocalVolumeType: dir-bindmounted] [Testpattern: Dynamic PV (block volmode)] disruptive[Disruptive][LinuxOnly] Should test that pv used in a pod that is force deleted while the kubelet is down cleans up when the kubelet returns." classname="Kubernetes e2e suite" time="0">
          <skipped></skipped>
      </testcase>
      <testcase name="[sig-storage] In-tree Volumes [Driver: ceph][Feature:Volumes][Serial] [Testpattern: Dynamic PV (default fs)] fsgroupchangepolicy (OnRootMismatch)[LinuxOnly], pod created with an initial fsgroup, volume contents ownership changed in first pod, new pod with different fsgroup applied to the volume contents" classname="Kubernetes e2e suite" time="0">
          <skipped></skipped>
      </testcase>
      <testcase name="[sig-storage] In-tree Volumes [Driver: local][LocalVolumeType: dir-link] [Testpattern: Dynamic PV (xfs)][Slow] multiVolume [Slow] should concurrently access the volume and restored snapshot from pods on the same node [LinuxOnly][Feature:VolumeSnapshotDataSource][Feature:VolumeSourceXFS]" classname="Kubernetes e2e suite" time="0">
          <skipped></skipped>
      </testcase>
      <testcase name="[sig-storage] In-tree Volumes [Driver: local][LocalVolumeType: dir-bindmounted] [Testpattern: Dynamic PV (ntfs)][Feature:Windows] subPath should fail if non-existent subpath is outside the volume [Slow][LinuxOnly]" classname="Kubernetes e2e suite" time="0">
          <skipped></skipped>
      </testcase>
      <testcase name="[sig-storage] In-tree Volumes [Driver: local][LocalVolumeType: tmpfs] [Testpattern: Dynamic PV (block volmode)] disruptive[Disruptive][LinuxOnly] Should test that pv used in a pod that is force deleted while the kubelet is down cleans up when the kubelet returns." classname="Kubernetes e2e suite" time="0">
          <skipped></skipped>
      </testcase>
      <testcase name="[sig-apps] Job should fail to exceed backoffLimit" classname="Kubernetes e2e suite" time="0">
          <skipped></skipped>
      </testcase>
      <testcase name="[sig-storage] In-tree Volumes [Driver: local][LocalVolumeType: tmpfs] [Testpattern: Dynamic PV (default fs)] provisioning should provision storage with pvc data source in parallel [Slow]" classname="Kubernetes e2e suite" time="0">
          <skipped></skipped>
      </testcase>
      <testcase name="[sig-storage] In-tree Volumes [Driver: aws] [Testpattern: Pre-provisioned PV (ext4)] volumes should store data" classname="Kubernetes e2e suite" time="0">
          <skipped></skipped>
      </testcase>
      <testcase name="[sig-storage] In-tree Volumes [Driver: ceph][Feature:Volumes][Serial] [Testpattern: Dynamic PV (block volmode)] multiVolume [Slow] should access to two volumes with different volume mode and retain data across pod recreation on the same node" classname="Kubernetes e2e suite" time="0">
          <skipped></skipped>
      </testcase>
      <testcase name="[sig-storage] In-tree Volumes [Driver: windows-gcepd] [Testpattern: Inline-volume (xfs)][Slow] volumes should allow exec of files on the volume" classname="Kubernetes e2e suite" time="0">
          <skipped></skipped>
      </testcase>
      <testcase name="[sig-storage] In-tree Volumes [Driver: gluster] [Testpattern: Dynamic PV (default fs)] subPath should support non-existent path" classname="Kubernetes e2e suite" time="0">
          <skipped></skipped>
      </testcase>
      <testcase name="[sig-storage] In-tree Volumes [Driver: aws] [Testpattern: Dynamic PV (default fs)] subPath should support readOnly file specified in the volumeMount [LinuxOnly]" classname="Kubernetes e2e suite" time="0">
          <skipped></skipped>
      </testcase>
      <testcase name="[sig-storage] In-tree Volumes [Driver: iscsi][Feature:Volumes] [Testpattern: Dynamic PV (xfs)][Slow] multiVolume [Slow] should access to two volumes with the same volume mode and retain data across pod recreation on different node" classname="Kubernetes e2e suite" time="0">
          <skipped></skipped>
      </testcase>
      <testcase name="[sig-storage] CSI Volumes [Driver: pd.csi.storage.gke.io][Serial] [Testpattern: Dynamic PV (default fs)] fsgroupchangepolicy (OnRootMismatch)[LinuxOnly], pod created with an initial fsgroup, new pod fsgroup applied to volume contents" classname="Kubernetes e2e suite" time="0">
          <skipped></skipped>
      </testcase>
      <testcase name="[sig-storage] PVC Protection Verify that scheduling of a pod that uses PVC that is being deleted fails and the pod becomes Unschedulable" classname="Kubernetes e2e suite" time="0">
          <skipped></skipped>
      </testcase>
      <testcase name="[sig-storage] In-tree Volumes [Driver: local][LocalVolumeType: block] [Testpattern: Dynamic PV (xfs)][Slow] multiVolume [Slow] should concurrently access the volume and its clone from pods on the same node [LinuxOnly][Feature:VolumeSnapshotDataSource][Feature:VolumeSourceXFS]" classname="Kubernetes e2e suite" time="0">
          <skipped></skipped>
      </testcase>
      <testcase name="[sig-storage] In-tree Volumes [Driver: local][LocalVolumeType: gce-localssd-scsi-fs] [Serial] [Testpattern: Pre-provisioned PV (default fs)] volumes should allow exec of files on the volume" classname="Kubernetes e2e suite" time="0">
          <skipped></skipped>
      </testcase>
      <testcase name="[sig-node] InitContainer [NodeConformance] should invoke init containers on a RestartAlways pod [Conformance]" classname="Kubernetes e2e suite" time="4.81831517"></testcase>
      <testcase name="[sig-storage] In-tree Volumes [Driver: ceph][Feature:Volumes][Serial] [Testpattern: Dynamic PV (filesystem volmode)] volumeLimits should support volume limits [Serial]" classname="Kubernetes e2e suite" time="0">
          <skipped></skipped>
      </testcase>
      <testcase name="[sig-network] IngressClass [Feature:Ingress] should set default value on new IngressClass [Serial]" classname="Kubernetes e2e suite" time="0">
          <skipped></skipped>
      </testcase>
      <testcase name="[sig-network] Networking Granular Checks: Pods should function for node-pod communication: sctp [LinuxOnly][Feature:SCTPConnectivity][Disruptive]" classname="Kubernetes e2e suite" time="0">
          <skipped></skipped>
      </testcase>
      <testcase name="[sig-storage] In-tree Volumes [Driver: gcepd] [Testpattern: Dynamic PV (ntfs)][Feature:Windows] subPath should support readOnly file specified in the volumeMount [LinuxOnly]" classname="Kubernetes e2e suite" time="0">
          <skipped></skipped>
      </testcase>
      <testcase name="[sig-storage] In-tree Volumes [Driver: local][LocalVolumeType: gce-localssd-scsi-fs] [Serial] [Testpattern: Dynamic PV (default fs)] provisioning should provision storage with mount options" classname="Kubernetes e2e suite" time="0">
          <skipped></skipped>
      </testcase>
      <testcase name="[sig-storage] In-tree Volumes [Driver: local][LocalVolumeType: block] [Testpattern: Pre-provisioned PV (default fs)] subPath should support existing directory" classname="Kubernetes e2e suite" time="0">
          <skipped></skipped>
      </testcase>
      <testcase name="[sig-storage] In-tree Volumes [Driver: cinder] [Testpattern: Pre-provisioned PV (xfs)][Slow] volumes should allow exec of files on the volume" classname="Kubernetes e2e suite" time="0">
          <skipped></skipped>
      </testcase>
      <testcase name="[sig-storage] In-tree Volumes [Driver: rbd][Feature:Volumes][Serial] [Testpattern: Pre-provisioned PV (filesystem volmode)] multiVolume [Slow] should concurrently access the volume and its clone from pods on the same node [LinuxOnly][Feature:VolumeSnapshotDataSource][Feature:VolumeSourceXFS]" classname="Kubernetes e2e suite" time="0">
          <skipped></skipped>
      </testcase>
      <testcase name="[sig-storage] In-tree Volumes [Driver: local][LocalVolumeType: dir-link-bindmounted] [Testpattern: Inline-volume (default fs)] subPath should support existing directory" classname="Kubernetes e2e suite" time="0">
          <skipped></skipped>
      </testcase>
      <testcase name="[sig-node] Pods Extended Pods Set QOS Class should be set on Pods with matching resource requests and limits for memory and cpu [Conformance]" classname="Kubernetes e2e suite" time="0.076046394"></testcase>
      <testcase name="[sig-storage] In-tree Volumes [Driver: windows-gcepd] [Testpattern: Dynamic PV (block volmode)] provisioning should provision storage with snapshot data source [Feature:VolumeSnapshotDataSource]" classname="Kubernetes e2e suite" time="0">
          <skipped></skipped>
      </testcase>
      <testcase name="[sig-storage] HostPathType File [Slow] Should fail on mounting file &#39;afile&#39; when HostPathType is HostPathBlockDev" classname="Kubernetes e2e suite" time="0">
          <skipped></skipped>
      </testcase>
      <testcase name="[sig-storage] In-tree Volumes [Driver: local][LocalVolumeType: gce-localssd-scsi-fs] [Serial] [Testpattern: Inline-volume (ext3)] volumes should allow exec of files on the volume" classname="Kubernetes e2e suite" time="0">
          <skipped></skipped>
      </testcase>
      <testcase name="[sig-network] NetworkPolicy API should support creating NetworkPolicy API operations" classname="Kubernetes e2e suite" time="0">
          <skipped></skipped>
      </testcase>
      <testcase name="[sig-storage] In-tree Volumes [Driver: gluster] [Testpattern: Inline-volume (default fs)] volumeIO should write files of various sizes, verify size, validate content [Slow][LinuxOnly]" classname="Kubernetes e2e suite" time="0">
          <skipped></skipped>
      </testcase>
      <testcase name="[sig-storage] In-tree Volumes [Driver: local][LocalVolumeType: dir-bindmounted] [Testpattern: Dynamic PV (default fs)] subPath should fail if subpath with backstepping is outside the volume [Slow][LinuxOnly]" classname="Kubernetes e2e suite" time="0">
          <skipped></skipped>
      </testcase>
      <testcase name="[sig-storage] In-tree Volumes [Driver: rbd][Feature:Volumes][Serial] [Testpattern: Dynamic PV (block volmode)] provisioning should provision storage with snapshot data source [Feature:VolumeSnapshotDataSource]" classname="Kubernetes e2e suite" time="0">
          <skipped></skipped>
      </testcase>
      <testcase name="[sig-instrumentation] Stackdriver Monitoring should run Custom Metrics - Stackdriver Adapter for external metrics [Feature:StackdriverExternalMetrics]" classname="Kubernetes e2e suite" time="0">
          <skipped></skipped>
      </testcase>
      <testcase name="[sig-storage] Downward API volume should provide container&#39;s memory request [NodeConformance] [Conformance]" classname="Kubernetes e2e suite" time="2.152924689"></testcase>
      <testcase name="[sig-storage] In-tree Volumes [Driver: local][LocalVolumeType: tmpfs] [Testpattern: Dynamic PV (block volmode)] multiVolume [Slow] should concurrently access the single read-only volume from pods on the same node" classname="Kubernetes e2e suite" time="0">
          <skipped></skipped>
      </testcase>
      <testcase name="[sig-storage] Volume Placement [Feature:vsphere] test back to back pod creation and deletion with different volume sources on the same worker node" classname="Kubernetes e2e suite" time="0">
          <skipped></skipped>
      </testcase>
      <testcase name="[sig-apps] Daemon set [Serial] should not update pod when spec was updated and update strategy is OnDelete" classname="Kubernetes e2e suite" time="0">
          <skipped></skipped>
      </testcase>
      <testcase name="[sig-storage] In-tree Volumes [Driver: local][LocalVolumeType: block] [Testpattern: Inline-volume (default fs)] subPath should verify container cannot write to subpath readonly volumes [Slow]" classname="Kubernetes e2e suite" time="0">
          <skipped></skipped>
      </testcase>
      <testcase name="[sig-storage] CSI Volumes [Driver: pd.csi.storage.gke.io][Serial] [Testpattern: Dynamic PV (block volmode)] provisioning should provision storage with mount options" classname="Kubernetes e2e suite" time="0">
          <skipped></skipped>
      </testcase>
      <testcase name="[sig-storage] In-tree Volumes [Driver: emptydir] [Testpattern: Dynamic PV (default fs)] provisioning should provision storage with mount options" classname="Kubernetes e2e suite" time="0">
          <skipped></skipped>
      </testcase>
      <testcase name="[sig-storage] Volume Operations Storm [Feature:vsphere] should create pod with many volumes and verify no attach call fails" classname="Kubernetes e2e suite" time="0">
          <skipped></skipped>
      </testcase>
      <testcase name="[sig-storage] In-tree Volumes [Driver: ceph][Feature:Volumes][Serial] [Testpattern: Pre-provisioned PV (block volmode)] multiVolume [Slow] should concurrently access the volume and restored snapshot from pods on the same node [LinuxOnly][Feature:VolumeSnapshotDataSource][Feature:VolumeSourceXFS]" classname="Kubernetes e2e suite" time="0">
          <skipped></skipped>
      </testcase>
      <testcase name="[sig-storage] In-tree Volumes [Driver: nfs] [Testpattern: Dynamic PV (block volmode)] multiVolume [Slow] should access to two volumes with different volume mode and retain data across pod recreation on different node" classname="Kubernetes e2e suite" time="0">
          <skipped></skipped>
      </testcase>
      <testcase name="[sig-storage] In-tree Volumes [Driver: azure-disk] [Testpattern: Dynamic PV (ext3)] volumes should allow exec of files on the volume" classname="Kubernetes e2e suite" time="0">
          <skipped></skipped>
      </testcase>
      <testcase name="[sig-storage] In-tree Volumes [Driver: windows-gcepd] [Testpattern: Pre-provisioned PV (default fs)] volumes should store data" classname="Kubernetes e2e suite" time="0">
          <skipped></skipped>
      </testcase>
      <testcase name="[sig-storage] In-tree Volumes [Driver: local][LocalVolumeType: gce-localssd-scsi-fs] [Serial] [Testpattern: Dynamic PV (block volmode)] disruptive[Disruptive][LinuxOnly] Should test that pv written before kubelet restart is readable after restart." classname="Kubernetes e2e suite" time="0">
          <skipped></skipped>
      </testcase>
      <testcase name="[sig-autoscaling] Cluster size autoscaling [Slow] should increase cluster size if pods are pending due to host port conflict [Feature:ClusterSizeAutoscalingScaleUp]" classname="Kubernetes e2e suite" time="0">
          <skipped></skipped>
      </testcase>
      <testcase name="[sig-storage] In-tree Volumes [Driver: rbd][Feature:Volumes][Serial] [Testpattern: Dynamic PV (default fs)] subPath should support restarting containers using directory as subpath [Slow]" classname="Kubernetes e2e suite" time="0">
          <skipped></skipped>
      </testcase>
      <testcase name="[sig-storage] Volume Provisioning on Datastore [Feature:vsphere] verify dynamically provisioned pv using storageclass fails on an invalid datastore" classname="Kubernetes e2e suite" time="0">
          <skipped></skipped>
      </testcase>
      <testcase name="[sig-storage] In-tree Volumes [Driver: local][LocalVolumeType: dir-link-bindmounted] [Testpattern: Dynamic PV (default fs)] subPath should unmount if pod is gracefully deleted while kubelet is down [Disruptive][Slow][LinuxOnly]" classname="Kubernetes e2e suite" time="0">
          <skipped></skipped>
      </testcase>
      <testcase name="[sig-storage] In-tree Volumes [Driver: azure-disk] [Testpattern: Inline-volume (default fs)] subPath should unmount if pod is force deleted while kubelet is down [Disruptive][Slow][LinuxOnly]" classname="Kubernetes e2e suite" time="0">
          <skipped></skipped>
      </testcase>
      <testcase name="[sig-storage] In-tree Volumes [Driver: hostPathSymlink] [Testpattern: Dynamic PV (block volmode)] volumeMode should not mount / map unused volumes in a pod [LinuxOnly]" classname="Kubernetes e2e suite" time="0">
          <skipped></skipped>
      </testcase>
      <testcase name="[sig-node] Kubelet [Serial] [Slow] regular resource usage tracking [Feature:RegularResourceUsageTracking] resource tracking for 100 pods per node" classname="Kubernetes e2e suite" time="0">
          <skipped></skipped>
      </testcase>
      <testcase name="[sig-storage] In-tree Volumes [Driver: vsphere] [Testpattern: Pre-provisioned PV (ext4)] volumes should allow exec of files on the volume" classname="Kubernetes e2e suite" time="0">
          <skipped></skipped>
      </testcase>
      <testcase name="[sig-storage] In-tree Volumes [Driver: cinder] [Testpattern: Dynamic PV (default fs)] subPath should support restarting containers using directory as subpath [Slow]" classname="Kubernetes e2e suite" time="0">
          <skipped></skipped>
      </testcase>
      <testcase name="[sig-storage] In-tree Volumes [Driver: windows-gcepd] [Testpattern: Dynamic PV (block volmode)] volume-stress multiple pods should access different volumes repeatedly [Slow] [Serial]" classname="Kubernetes e2e suite" time="0">
          <skipped></skipped>
      </testcase>
      <testcase name="[sig-storage] In-tree Volumes [Driver: aws] [Testpattern: Dynamic PV (block volmode)] volume-stress multiple pods should access different volumes repeatedly [Slow] [Serial]" classname="Kubernetes e2e suite" time="0">
          <skipped></skipped>
      </testcase>
      <testcase name="[sig-storage] In-tree Volumes [Driver: ceph][Feature:Volumes][Serial] [Testpattern: Dynamic PV (block volmode)] multiVolume [Slow] should concurrently access the volume and its clone from pods on the same node [LinuxOnly][Feature:VolumeSnapshotDataSource][Feature:VolumeSourceXFS]" classname="Kubernetes e2e suite" time="0">
          <skipped></skipped>
      </testcase>
      <testcase name="[sig-storage] Dynamic Provisioning GlusterDynamicProvisioner should create and delete persistent volumes [fast]" classname="Kubernetes e2e suite" time="0">
          <skipped></skipped>
      </testcase>
      <testcase name="[sig-storage] In-tree Volumes [Driver: local][LocalVolumeType: dir-link] [Testpattern: Dynamic PV (ntfs)][Feature:Windows] provisioning should provision storage with pvc data source" classname="Kubernetes e2e suite" time="0">
          <skipped></skipped>
      </testcase>
      <testcase name="[sig-storage] Volume Provisioning On Clustered Datastore [Feature:vsphere] verify static provisioning on clustered datastore" classname="Kubernetes e2e suite" time="0">
          <skipped></skipped>
      </testcase>
      <testcase name="[sig-storage] In-tree Volumes [Driver: local][LocalVolumeType: dir-bindmounted] [Testpattern: Dynamic PV (filesystem volmode)] multiVolume [Slow] should access to two volumes with the same volume mode and retain data across pod recreation on the same node" classname="Kubernetes e2e suite" time="0">
          <skipped></skipped>
      </testcase>
      <testcase name="[sig-storage] In-tree Volumes [Driver: hostPath] [Testpattern: Dynamic PV (ntfs)][Feature:Windows] subPath should support readOnly directory specified in the volumeMount" classname="Kubernetes e2e suite" time="0">
          <skipped></skipped>
      </testcase>
      <testcase name="[sig-storage] In-tree Volumes [Driver: ceph][Feature:Volumes][Serial] [Testpattern: Dynamic PV (default fs)] capacity provides storage capacity information" classname="Kubernetes e2e suite" time="0">
          <skipped></skipped>
      </testcase>
      <testcase name="[sig-node] Downward API should provide container&#39;s limits.cpu/memory and requests.cpu/memory as env vars [NodeConformance] [Conformance]" classname="Kubernetes e2e suite" time="2.139332827"></testcase>
      <testcase name="[sig-storage] In-tree Volumes [Driver: emptydir] [Testpattern: Inline-volume (default fs)] subPath should fail if non-existent subpath is outside the volume [Slow][LinuxOnly]" classname="Kubernetes e2e suite" time="0">
          <skipped></skipped>
      </testcase>
      <testcase name="[sig-cli] Kubectl client Simple pod should support exec through kubectl proxy" classname="Kubernetes e2e suite" time="0">
          <skipped></skipped>
      </testcase>
      <testcase name="[sig-storage] In-tree Volumes [Driver: nfs] [Testpattern: Pre-provisioned PV (block volmode)] multiVolume [Slow] should concurrently access the single read-only volume from pods on the same node" classname="Kubernetes e2e suite" time="0">
          <skipped></skipped>
      </testcase>
      <testcase name="[sig-storage] In-tree Volumes [Driver: local][LocalVolumeType: blockfs] [Testpattern: Inline-volume (default fs)] subPath should support restarting containers using file as subpath [Slow][LinuxOnly]" classname="Kubernetes e2e suite" time="0">
          <skipped></skipped>
      </testcase>
      <testcase name="[sig-network] Netpol NetworkPolicy between server and client should support denying of egress traffic on the client side (even if the server explicitly allows this traffic) [Feature:NetworkPolicy]" classname="Kubernetes e2e suite" time="0">
          <skipped></skipped>
      </testcase>
      <testcase name="[sig-node] Kubelet [Serial] [Slow] regular resource usage tracking [Feature:RegularResourceUsageTracking] resource tracking for 0 pods per node" classname="Kubernetes e2e suite" time="0">
          <skipped></skipped>
      </testcase>
      <testcase name="[sig-storage] HostPathType Directory [Slow] Should be able to mount directory &#39;adir&#39; successfully when HostPathType is HostPathDirectory" classname="Kubernetes e2e suite" time="0">
          <skipped></skipped>
      </testcase>
      <testcase name="[sig-storage] In-tree Volumes [Driver: windows-gcepd] [Testpattern: Pre-provisioned PV (block volmode)] multiVolume [Slow] should access to two volumes with different volume mode and retain data across pod recreation on different node" classname="Kubernetes e2e suite" time="0">
          <skipped></skipped>
      </testcase>
      <testcase name="[sig-api-machinery] ResourceQuota [Feature:PodPriority] should verify ResourceQuota&#39;s priority class scope (quota set to pod count: 1) against 2 pods with different priority class." classname="Kubernetes e2e suite" time="0">
          <skipped></skipped>
      </testcase>
      <testcase name="[sig-storage] In-tree Volumes [Driver: gcepd] [Testpattern: Dynamic PV (ntfs)][Feature:Windows] subPath should support file as subpath [LinuxOnly]" classname="Kubernetes e2e suite" time="0">
          <skipped></skipped>
      </testcase>
      <testcase name="[sig-storage] In-tree Volumes [Driver: gluster] [Testpattern: Pre-provisioned PV (ext3)] volumes should store data" classname="Kubernetes e2e suite" time="0">
          <skipped></skipped>
      </testcase>
      <testcase name="[sig-storage] In-tree Volumes [Driver: local][LocalVolumeType: dir] [Testpattern: Dynamic PV (block volmode)] volumes should store data" classname="Kubernetes e2e suite" time="0">
          <skipped></skipped>
      </testcase>
      <testcase name="[sig-storage] In-tree Volumes [Driver: local][LocalVolumeType: dir-link-bindmounted] [Testpattern: Pre-provisioned PV (default fs)] volumes should allow exec of files on the volume" classname="Kubernetes e2e suite" time="0">
          <skipped></skipped>
      </testcase>
      <testcase name="[sig-windows] [Feature:Windows] Cpu Resources [Serial] Container limits should not be exceeded after waiting 2 minutes" classname="Kubernetes e2e suite" time="0">
          <skipped></skipped>
      </testcase>
      <testcase name="[sig-storage] In-tree Volumes [Driver: windows-gcepd] [Testpattern: Pre-provisioned PV (filesystem volmode)] multiVolume [Slow] should concurrently access the volume and its clone from pods on the same node [LinuxOnly][Feature:VolumeSnapshotDataSource][Feature:VolumeSourceXFS]" classname="Kubernetes e2e suite" time="0">
          <skipped></skipped>
      </testcase>
      <testcase name="[sig-node] Probing container should be ready immediately after startupProbe succeeds" classname="Kubernetes e2e suite" time="0">
          <skipped></skipped>
      </testcase>
      <testcase name="[sig-storage] Projected configMap should be consumable from pods in volume as non-root [NodeConformance] [Conformance]" classname="Kubernetes e2e suite" time="2.12913092"></testcase>
      <testcase name="[sig-storage] In-tree Volumes [Driver: hostPath] [Testpattern: Pre-provisioned PV (filesystem volmode)] multiVolume [Slow] should access to two volumes with different volume mode and retain data across pod recreation on different node" classname="Kubernetes e2e suite" time="0">
          <skipped></skipped>
      </testcase>
      <testcase name="[sig-storage] In-tree Volumes [Driver: hostPath] [Testpattern: Dynamic PV (xfs)][Slow] volumes should store data" classname="Kubernetes e2e suite" time="0">
          <skipped></skipped>
      </testcase>
      <testcase name="[sig-storage] Projected configMap should be consumable in multiple volumes in the same pod [NodeConformance] [Conformance]" classname="Kubernetes e2e suite" time="2.120748864"></testcase>
      <testcase name="[sig-storage] In-tree Volumes [Driver: nfs] [Testpattern: Dynamic PV (ntfs)][Feature:Windows] subPath should support existing directories when readOnly specified in the volumeSource" classname="Kubernetes e2e suite" time="0">
          <skipped></skipped>
      </testcase>
      <testcase name="[sig-storage] In-tree Volumes [Driver: aws] [Testpattern: Dynamic PV (filesystem volmode)] disruptive[Disruptive][LinuxOnly] Should test that pv written before kubelet restart is readable after restart." classname="Kubernetes e2e suite" time="0">
          <skipped></skipped>
      </testcase>
      <testcase name="[sig-storage] In-tree Volumes [Driver: local][LocalVolumeType: dir-link-bindmounted] [Testpattern: Dynamic PV (default fs)] volume-stress multiple pods should access different volumes repeatedly [Slow] [Serial]" classname="Kubernetes e2e suite" time="0">
          <skipped></skipped>
      </testcase>
      <testcase name="[sig-storage] In-tree Volumes [Driver: local][LocalVolumeType: dir-bindmounted] [Testpattern: Inline-volume (ntfs)][Feature:Windows] volumes should allow exec of files on the volume" classname="Kubernetes e2e suite" time="0">
          <skipped></skipped>
      </testcase>
      <testcase name="[sig-storage] In-tree Volumes [Driver: gluster] [Testpattern: Dynamic PV (ntfs)][Feature:Windows] provisioning should provision storage with snapshot data source [Feature:VolumeSnapshotDataSource]" classname="Kubernetes e2e suite" time="0">
          <skipped></skipped>
      </testcase>
      <testcase name="[sig-storage] In-tree Volumes [Driver: iscsi][Feature:Volumes] [Testpattern: Dynamic PV (block volmode)] multiVolume [Slow] should access to two volumes with different volume mode and retain data across pod recreation on the same node" classname="Kubernetes e2e suite" time="0">
          <skipped></skipped>
      </testcase>
      <testcase name="[sig-storage] In-tree Volumes [Driver: local][LocalVolumeType: dir] [Testpattern: Dynamic PV (filesystem volmode)] multiVolume [Slow] should concurrently access the volume and restored snapshot from pods on the same node [LinuxOnly][Feature:VolumeSnapshotDataSource][Feature:VolumeSourceXFS]" classname="Kubernetes e2e suite" time="0">
          <skipped></skipped>
      </testcase>
      <testcase name="[sig-storage] In-tree Volumes [Driver: emptydir] [Testpattern: Pre-provisioned PV (xfs)][Slow] volumes should store data" classname="Kubernetes e2e suite" time="0">
          <skipped></skipped>
      </testcase>
      <testcase name="[sig-storage] In-tree Volumes [Driver: cinder] [Testpattern: Pre-provisioned PV (default fs)] subPath should fail if subpath directory is outside the volume [Slow][LinuxOnly]" classname="Kubernetes e2e suite" time="0">
          <skipped></skipped>
      </testcase>
      <testcase name="[sig-storage] In-tree Volumes [Driver: gcepd] [Testpattern: Dynamic PV (default fs)] subPath should support existing directory" classname="Kubernetes e2e suite" time="0">
          <skipped></skipped>
      </testcase>
      <testcase name="[sig-storage] CSI Volumes [Driver: pd.csi.storage.gke.io][Serial] [Testpattern: Inline-volume (default fs)] subPath should verify container cannot write to subpath readonly volumes [Slow]" classname="Kubernetes e2e suite" time="0">
          <skipped></skipped>
      </testcase>
      <testcase name="[sig-api-machinery] ResourceQuota should verify ResourceQuota with cross namespace pod affinity scope using scope-selectors." classname="Kubernetes e2e suite" time="0">
          <skipped></skipped>
      </testcase>
      <testcase name="[sig-storage] In-tree Volumes [Driver: ceph][Feature:Volumes][Serial] [Testpattern: Pre-provisioned PV (block volmode)] volumeMode should fail to use a volume in a pod with mismatched mode [Slow]" classname="Kubernetes e2e suite" time="0">
          <skipped></skipped>
      </testcase>
      <testcase name="[sig-storage] In-tree Volumes [Driver: windows-gcepd] [Testpattern: Pre-provisioned PV (filesystem volmode)] volumeMode should not mount / map unused volumes in a pod [LinuxOnly]" classname="Kubernetes e2e suite" time="0">
          <skipped></skipped>
      </testcase>
      <testcase name="[sig-storage] In-tree Volumes [Driver: gluster] [Testpattern: Inline-volume (ext4)] volumes should store data" classname="Kubernetes e2e suite" time="0">
          <skipped></skipped>
      </testcase>
      <testcase name="[sig-storage] In-tree Volumes [Driver: local][LocalVolumeType: tmpfs] [Testpattern: Dynamic PV (filesystem volmode)] multiVolume [Slow] should concurrently access the single volume from pods on different node" classname="Kubernetes e2e suite" time="0">
          <skipped></skipped>
      </testcase>
      <testcase name="[sig-storage] In-tree Volumes [Driver: local][LocalVolumeType: gce-localssd-scsi-fs] [Serial] [Testpattern: Dynamic PV (filesystem volmode)] multiVolume [Slow] should access to two volumes with the same volume mode and retain data across pod recreation on different node" classname="Kubernetes e2e suite" time="0">
          <skipped></skipped>
      </testcase>
      <testcase name="[sig-storage] In-tree Volumes [Driver: azure-disk] [Testpattern: Pre-provisioned PV (default fs)] volumes should store data" classname="Kubernetes e2e suite" time="0">
          <skipped></skipped>
      </testcase>
      <testcase name="[sig-storage] In-tree Volumes [Driver: aws] [Testpattern: Dynamic PV (default fs)] subPath should support restarting containers using directory as subpath [Slow]" classname="Kubernetes e2e suite" time="0">
          <skipped></skipped>
      </testcase>
      <testcase name="[sig-autoscaling] Cluster size autoscaler scalability [Slow] CA ignores unschedulable pods while scheduling schedulable pods [Feature:ClusterAutoscalerScalability6]" classname="Kubernetes e2e suite" time="0">
          <skipped></skipped>
      </testcase>
      <testcase name="[sig-storage] In-tree Volumes [Driver: hostPath] [Testpattern: Dynamic PV (ntfs)][Feature:Windows] subPath should support existing directory" classname="Kubernetes e2e suite" time="0">
          <skipped></skipped>
      </testcase>
      <testcase name="[sig-storage] In-tree Volumes [Driver: windows-gcepd] [Testpattern: Dynamic PV (default fs)] subPath should fail if non-existent subpath is outside the volume [Slow][LinuxOnly]" classname="Kubernetes e2e suite" time="0">
          <skipped></skipped>
      </testcase>
      <testcase name="[sig-storage] In-tree Volumes [Driver: gcepd] [Testpattern: Pre-provisioned PV (default fs)] subPath should support creating multiple subpath from same volumes [Slow]" classname="Kubernetes e2e suite" time="0">
          <skipped></skipped>
      </testcase>
      <testcase name="[sig-cloud-provider-gcp] Upgrade [Feature:Upgrade] master upgrade should maintain a functioning cluster [Feature:MasterUpgrade]" classname="Kubernetes e2e suite" time="0">
          <skipped></skipped>
      </testcase>
      <testcase name="[sig-api-machinery] CustomResourcePublishOpenAPI [Privileged:ClusterAdmin] updates the published spec when one version gets renamed [Conformance]" classname="Kubernetes e2e suite" time="19.6123414"></testcase>
      <testcase name="[sig-storage] In-tree Volumes [Driver: hostPathSymlink] [Testpattern: Dynamic PV (xfs)][Slow] multiVolume [Slow] should access to two volumes with the same volume mode and retain data across pod recreation on the same node" classname="Kubernetes e2e suite" time="0">
          <skipped></skipped>
      </testcase>
      <testcase name="[sig-storage] In-tree Volumes [Driver: nfs] [Testpattern: Dynamic PV (block volmode)] volume-stress multiple pods should access different volumes repeatedly [Slow] [Serial]" classname="Kubernetes e2e suite" time="0">
          <skipped></skipped>
      </testcase>
      <testcase name="[sig-network] Proxy version v1 should proxy logs on node using proxy subresource " classname="Kubernetes e2e suite" time="0">
          <skipped></skipped>
      </testcase>
      <testcase name="[sig-instrumentation] MetricsGrabber should grab all metrics from a ControllerManager." classname="Kubernetes e2e suite" time="0">
          <skipped></skipped>
      </testcase>
      <testcase name="[sig-storage] In-tree Volumes [Driver: hostPath] [Testpattern: Pre-provisioned PV (block volmode)] volumeMode should fail to use a volume in a pod with mismatched mode [Slow]" classname="Kubernetes e2e suite" time="0">
          <skipped></skipped>
      </testcase>
      <testcase name="[sig-apps] Deployment deployment should support rollover [Conformance]" classname="Kubernetes e2e suite" time="21.182658345"></testcase>
      <testcase name="[sig-storage] In-tree Volumes [Driver: local][LocalVolumeType: tmpfs] [Testpattern: Inline-volume (default fs)] subPath should support restarting containers using file as subpath [Slow][LinuxOnly]" classname="Kubernetes e2e suite" time="0">
          <skipped></skipped>
      </testcase>
      <testcase name="[sig-storage] In-tree Volumes [Driver: local][LocalVolumeType: dir-link] [Testpattern: Dynamic PV (block volmode)] disruptive[Disruptive][LinuxOnly] Should test that pv written before kubelet restart is readable after restart." classname="Kubernetes e2e suite" time="0">
          <skipped></skipped>
      </testcase>
      <testcase name="[sig-storage] In-tree Volumes [Driver: rbd][Feature:Volumes][Serial] [Testpattern: Dynamic PV (filesystem volmode)] multiVolume [Slow] should concurrently access the volume and restored snapshot from pods on the same node [LinuxOnly][Feature:VolumeSnapshotDataSource][Feature:VolumeSourceXFS]" classname="Kubernetes e2e suite" time="0">
          <skipped></skipped>
      </testcase>
      <testcase name="[sig-storage] HostPathType Directory [Slow] Should fail on mounting directory &#39;adir&#39; when HostPathType is HostPathBlockDev" classname="Kubernetes e2e suite" time="0">
          <skipped></skipped>
      </testcase>
      <testcase name="[sig-scheduling] SchedulerPredicates [Serial] validates that taints-tolerations is respected if not matching" classname="Kubernetes e2e suite" time="0">
          <skipped></skipped>
      </testcase>
      <testcase name="[sig-storage] CSI Volumes [Driver: csi-hostpath] [Testpattern: Pre-provisioned PV (block volmode)] volumeMode should fail to use a volume in a pod with mismatched mode [Slow]" classname="Kubernetes e2e suite" time="0">
          <skipped></skipped>
      </testcase>
      <testcase name="[sig-storage] In-tree Volumes [Driver: azure-disk] [Testpattern: Dynamic PV (block volmode)] provisioning should provision storage with pvc data source" classname="Kubernetes e2e suite" time="0">
          <skipped></skipped>
      </testcase>
      <testcase name="[sig-storage] CSI Volumes [Driver: csi-hostpath] [Testpattern: Generic Ephemeral-volume (default fs) (late-binding)] ephemeral should support two pods which share the same volume" classname="Kubernetes e2e suite" time="0">
          <skipped></skipped>
      </testcase>
      <testcase name="[sig-storage] In-tree Volumes [Driver: iscsi][Feature:Volumes] [Testpattern: Inline-volume (default fs)] subPath should support file as subpath [LinuxOnly]" classname="Kubernetes e2e suite" time="0">
          <skipped></skipped>
      </testcase>
      <testcase name="[sig-storage] In-tree Volumes [Driver: local][LocalVolumeType: dir-link-bindmounted] [Testpattern: Pre-provisioned PV (default fs)] subPath should fail if subpath with backstepping is outside the volume [Slow][LinuxOnly]" classname="Kubernetes e2e suite" time="0">
          <skipped></skipped>
      </testcase>
      <testcase name="[sig-apps] Daemon set [Serial] should surge pods onto nodes when spec was updated and update strategy is RollingUpdate" classname="Kubernetes e2e suite" time="0">
          <skipped></skipped>
      </testcase>
      <testcase name="[sig-storage] GKE local SSD [Feature:GKELocalSSD] should write and read from node local SSD [Feature:GKELocalSSD]" classname="Kubernetes e2e suite" time="0">
          <skipped></skipped>
      </testcase>
      <testcase name="[sig-storage] In-tree Volumes [Driver: hostPath] [Testpattern: Dynamic PV (ext4)] volumes should allow exec of files on the volume" classname="Kubernetes e2e suite" time="0">
          <skipped></skipped>
      </testcase>
      <testcase name="[sig-api-machinery] client-go should negotiate watch and report errors with accept &#34;application/vnd.kubernetes.protobuf&#34;" classname="Kubernetes e2e suite" time="0">
          <skipped></skipped>
      </testcase>
      <testcase name="[sig-storage] In-tree Volumes [Driver: hostPathSymlink] [Testpattern: Pre-provisioned PV (ext3)] volumes should store data" classname="Kubernetes e2e suite" time="0">
          <skipped></skipped>
      </testcase>
      <testcase name="[sig-storage] In-tree Volumes [Driver: gcepd] [Testpattern: Pre-provisioned PV (xfs)][Slow] volumes should store data" classname="Kubernetes e2e suite" time="0">
          <skipped></skipped>
      </testcase>
      <testcase name="[sig-storage] In-tree Volumes [Driver: hostPath] [Testpattern: Dynamic PV (block volmode)] multiVolume [Slow] should concurrently access the single volume from pods on the same node" classname="Kubernetes e2e suite" time="0">
          <skipped></skipped>
      </testcase>
      <testcase name="[sig-storage] In-tree Volumes [Driver: local][LocalVolumeType: dir-link] [Testpattern: Dynamic PV (filesystem volmode)] volumeLimits should verify that all csinodes have volume limits" classname="Kubernetes e2e suite" time="0">
          <skipped></skipped>
      </testcase>
      <testcase name="[sig-storage] CSI Volumes [Driver: csi-hostpath] [Testpattern: Dynamic PV (block volmode)] provisioning should provision storage with pvc data source in parallel [Slow]" classname="Kubernetes e2e suite" time="0">
          <skipped></skipped>
      </testcase>
      <testcase name="[sig-storage] In-tree Volumes [Driver: gluster] [Testpattern: Dynamic PV (default fs)] volumeIO should write files of various sizes, verify size, validate content [Slow][LinuxOnly]" classname="Kubernetes e2e suite" time="0">
          <skipped></skipped>
      </testcase>
      <testcase name="[sig-storage] In-tree Volumes [Driver: emptydir] [Testpattern: Dynamic PV (block volmode)] volume-stress multiple pods should access different volumes repeatedly [Slow] [Serial]" classname="Kubernetes e2e suite" time="0">
          <skipped></skipped>
      </testcase>
      <testcase name="[sig-storage] In-tree Volumes [Driver: hostPathSymlink] [Testpattern: Dynamic PV (block volmode)] volumeMode should fail in binding dynamic provisioned PV to PVC [Slow][LinuxOnly]" classname="Kubernetes e2e suite" time="0">
          <skipped></skipped>
      </testcase>
      <testcase name="[sig-storage] CSI Volumes [Driver: pd.csi.storage.gke.io][Serial] [Testpattern: Dynamic PV (filesystem volmode)] multiVolume [Slow] should concurrently access the volume and its clone from pods on the same node [LinuxOnly][Feature:VolumeSnapshotDataSource][Feature:VolumeSourceXFS]" classname="Kubernetes e2e suite" time="0">
          <skipped></skipped>
      </testcase>
      <testcase name="[sig-storage] In-tree Volumes [Driver: aws] [Testpattern: Inline-volume (xfs)][Slow] volumes should store data" classname="Kubernetes e2e suite" time="0">
          <skipped></skipped>
      </testcase>
      <testcase name="[sig-storage] In-tree Volumes [Driver: ceph][Feature:Volumes][Serial] [Testpattern: Dynamic PV (default fs)] volume-stress multiple pods should access different volumes repeatedly [Slow] [Serial]" classname="Kubernetes e2e suite" time="0">
          <skipped></skipped>
      </testcase>
      <testcase name="[sig-node] Container Runtime blackbox test when running a container with a new image should not be able to pull from private registry without secret [NodeConformance]" classname="Kubernetes e2e suite" time="0">
          <skipped></skipped>
      </testcase>
      <testcase name="[sig-storage] In-tree Volumes [Driver: nfs] [Testpattern: Dynamic PV (filesystem volmode)] volumeMode should fail to use a volume in a pod with mismatched mode [Slow]" classname="Kubernetes e2e suite" time="0">
          <skipped></skipped>
      </testcase>
      <testcase name="[sig-storage] In-tree Volumes [Driver: hostPathSymlink] [Testpattern: Dynamic PV (ntfs)][Feature:Windows] subPath should unmount if pod is force deleted while kubelet is down [Disruptive][Slow][LinuxOnly]" classname="Kubernetes e2e suite" time="0">
          <skipped></skipped>
      </testcase>
      <testcase name="[sig-storage] In-tree Volumes [Driver: nfs] [Testpattern: Dynamic PV (default fs)] subPath should support existing single file [LinuxOnly]" classname="Kubernetes e2e suite" time="0">
          <skipped></skipped>
      </testcase>
      <testcase name="[sig-windows] [Feature:GPUDevicePlugin] Device Plugin should be able to create a functioning device plugin for Windows" classname="Kubernetes e2e suite" time="0">
          <skipped></skipped>
      </testcase>
      <testcase name="[sig-storage] CSI Volumes [Driver: pd.csi.storage.gke.io][Serial] [Testpattern: CSI Ephemeral-volume (default fs)] ephemeral should create read-only inline ephemeral volume" classname="Kubernetes e2e suite" time="0">
          <skipped></skipped>
      </testcase>
      <testcase name="[sig-storage] In-tree Volumes [Driver: local][LocalVolumeType: dir-link] [Testpattern: Pre-provisioned PV (default fs)] subPath should support existing directories when readOnly specified in the volumeSource" classname="Kubernetes e2e suite" time="0">
          <skipped></skipped>
      </testcase>
      <testcase name="[sig-storage] CSI Volumes [Driver: pd.csi.storage.gke.io][Serial] [Testpattern: Dynamic PV (default fs)] subPath should support restarting containers using directory as subpath [Slow]" classname="Kubernetes e2e suite" time="0">
          <skipped></skipped>
      </testcase>
      <testcase name="[sig-storage] In-tree Volumes [Driver: local][LocalVolumeType: dir-bindmounted] [Testpattern: Pre-provisioned PV (filesystem volmode)] multiVolume [Slow] should access to two volumes with the same volume mode and retain data across pod recreation on the same node" classname="Kubernetes e2e suite" time="0">
          <skipped></skipped>
      </testcase>
      <testcase name="[sig-storage] In-tree Volumes [Driver: aws] [Testpattern: Dynamic PV (block volmode)] multiVolume [Slow] should access to two volumes with the same volume mode and retain data across pod recreation on the same node" classname="Kubernetes e2e suite" time="0">
          <skipped></skipped>
      </testcase>
      <testcase name="[sig-storage] In-tree Volumes [Driver: local][LocalVolumeType: tmpfs] [Testpattern: Inline-volume (default fs)] subPath should support existing directories when readOnly specified in the volumeSource" classname="Kubernetes e2e suite" time="0">
          <skipped></skipped>
      </testcase>
      <testcase name="[sig-network] Firewall rule should have correct firewall rules for e2e cluster" classname="Kubernetes e2e suite" time="0">
          <skipped></skipped>
      </testcase>
      <testcase name="[sig-autoscaling] Cluster size autoscaling [Slow] shouldn&#39;t scale up when expendable pod is preempted [Feature:ClusterSizeAutoscalingScaleUp]" classname="Kubernetes e2e suite" time="0">
          <skipped></skipped>
      </testcase>
      <testcase name="[sig-storage] In-tree Volumes [Driver: cinder] [Testpattern: Dynamic PV (ntfs)][Feature:Windows] subPath should support existing single file [LinuxOnly]" classname="Kubernetes e2e suite" time="0">
          <skipped></skipped>
      </testcase>
      <testcase name="[sig-storage] In-tree Volumes [Driver: local][LocalVolumeType: block] [Testpattern: Dynamic PV (ext4)] multiVolume [Slow] should access to two volumes with the same volume mode and retain data across pod recreation on different node" classname="Kubernetes e2e suite" time="0">
          <skipped></skipped>
      </testcase>
      <testcase name="[sig-storage] In-tree Volumes [Driver: nfs] [Testpattern: Pre-provisioned PV (ext3)] volumes should store data" classname="Kubernetes e2e suite" time="0">
          <skipped></skipped>
      </testcase>
      <testcase name="[sig-storage] In-tree Volumes [Driver: windows-gcepd] [Testpattern: Dynamic PV (ntfs)][Feature:Windows] subPath should support non-existent path" classname="Kubernetes e2e suite" time="0">
          <skipped></skipped>
      </testcase>
      <testcase name="[sig-network] Netpol NetworkPolicy between server and client should enforce policy to allow traffic only from a different namespace, based on NamespaceSelector [Feature:NetworkPolicy]" classname="Kubernetes e2e suite" time="0">
          <skipped></skipped>
      </testcase>
      <testcase name="[sig-storage] In-tree Volumes [Driver: windows-gcepd] [Testpattern: Dynamic PV (ext4)] multiVolume [Slow] should access to two volumes with different volume mode and retain data across pod recreation on the same node" classname="Kubernetes e2e suite" time="0">
          <skipped></skipped>
      </testcase>
      <testcase name="[sig-node] AppArmor load AppArmor profiles should enforce an AppArmor profile" classname="Kubernetes e2e suite" time="0">
          <skipped></skipped>
      </testcase>
      <testcase name="[sig-storage] In-tree Volumes [Driver: nfs] [Testpattern: Dynamic PV (ext3)] volumes should allow exec of files on the volume" classname="Kubernetes e2e suite" time="0">
          <skipped></skipped>
      </testcase>
      <testcase name="[sig-storage] In-tree Volumes [Driver: windows-gcepd] [Testpattern: Inline-volume (default fs)] subPath should verify container cannot write to subpath readonly volumes [Slow]" classname="Kubernetes e2e suite" time="0">
          <skipped></skipped>
      </testcase>
      <testcase name="[sig-storage] In-tree Volumes [Driver: hostPathSymlink] [Testpattern: Inline-volume (default fs)] subPath should support non-existent path" classname="Kubernetes e2e suite" time="0">
          <skipped></skipped>
      </testcase>
      <testcase name="[sig-storage] In-tree Volumes [Driver: local][LocalVolumeType: dir-bindmounted] [Testpattern: Dynamic PV (filesystem volmode)] multiVolume [Slow] should concurrently access the single volume from pods on different node" classname="Kubernetes e2e suite" time="0">
          <skipped></skipped>
      </testcase>
      <testcase name="[sig-storage] In-tree Volumes [Driver: azure-disk] [Testpattern: Pre-provisioned PV (default fs)] subPath should fail if subpath with backstepping is outside the volume [Slow][LinuxOnly]" classname="Kubernetes e2e suite" time="0">
          <skipped></skipped>
      </testcase>
      <testcase name="[sig-storage] CSI Volumes [Driver: csi-hostpath] [Testpattern: Dynamic PV (default fs)] volumeIO should write files of various sizes, verify size, validate content [Slow][LinuxOnly]" classname="Kubernetes e2e suite" time="0">
          <skipped></skipped>
      </testcase>
      <testcase name="[sig-storage] In-tree Volumes [Driver: gcepd] [Testpattern: Dynamic PV (ext4)] volumes should store data" classname="Kubernetes e2e suite" time="0">
          <skipped></skipped>
      </testcase>
      <testcase name="[sig-storage] CSI Volumes [Driver: pd.csi.storage.gke.io][Serial] [Testpattern: Pre-provisioned PV (default fs)] subPath should support creating multiple subpath from same volumes [Slow]" classname="Kubernetes e2e suite" time="0">
          <skipped></skipped>
      </testcase>
      <testcase name="[sig-storage] In-tree Volumes [Driver: windows-gcepd] [Testpattern: Pre-provisioned PV (ext4)] volumes should allow exec of files on the volume" classname="Kubernetes e2e suite" time="0">
          <skipped></skipped>
      </testcase>
      <testcase name="[sig-storage] In-tree Volumes [Driver: ceph][Feature:Volumes][Serial] [Testpattern: Dynamic PV (default fs)] subPath should support non-existent path" classname="Kubernetes e2e suite" time="0">
          <skipped></skipped>
      </testcase>
      <testcase name="[sig-storage] In-tree Volumes [Driver: local][LocalVolumeType: gce-localssd-scsi-fs] [Serial] [Testpattern: Inline-volume (default fs)] subPath should verify container cannot write to subpath readonly volumes [Slow]" classname="Kubernetes e2e suite" time="0">
          <skipped></skipped>
      </testcase>
      <testcase name="[sig-storage] In-tree Volumes [Driver: cinder] [Testpattern: Pre-provisioned PV (filesystem volmode)] multiVolume [Slow] should concurrently access the single volume from pods on the same node" classname="Kubernetes e2e suite" time="0">
          <skipped></skipped>
      </testcase>
      <testcase name="[sig-api-machinery] Servers with support for Table transformation should return generic metadata details across all namespaces for nodes" classname="Kubernetes e2e suite" time="0">
          <skipped></skipped>
      </testcase>
      <testcase name="[sig-storage] CSI Volumes [Driver: csi-hostpath] [Testpattern: Dynamic PV (default fs)] subPath should support creating multiple subpath from same volumes [Slow]" classname="Kubernetes e2e suite" time="0">
          <skipped></skipped>
      </testcase>
      <testcase name="[sig-storage] In-tree Volumes [Driver: hostPathSymlink] [Testpattern: Dynamic PV (default fs)] fsgroupchangepolicy (Always)[LinuxOnly], pod created with an initial fsgroup, volume contents ownership changed in first pod, new pod with same fsgroup applied to the volume contents" classname="Kubernetes e2e suite" time="0">
          <skipped></skipped>
      </testcase>
      <testcase name="[sig-storage] PersistentVolumes-local  [Volume type: blockfswithformat] One pod requesting one prebound PVC should be able to mount volume and write from pod1" classname="Kubernetes e2e suite" time="0">
          <skipped></skipped>
      </testcase>
      <testcase name="[sig-storage] In-tree Volumes [Driver: local][LocalVolumeType: block] [Testpattern: Dynamic PV (default fs)] provisioning should provision storage with snapshot data source [Feature:VolumeSnapshotDataSource]" classname="Kubernetes e2e suite" time="0">
          <skipped></skipped>
      </testcase>
      <testcase name="[sig-storage] In-tree Volumes [Driver: local][LocalVolumeType: tmpfs] [Testpattern: Pre-provisioned PV (default fs)] subPath should support existing directories when readOnly specified in the volumeSource" classname="Kubernetes e2e suite" time="0">
          <skipped></skipped>
      </testcase>
      <testcase name="[sig-storage] In-tree Volumes [Driver: gluster] [Testpattern: Dynamic PV (block volmode)] provisioning should provision storage with pvc data source" classname="Kubernetes e2e suite" time="0">
          <skipped></skipped>
      </testcase>
      <testcase name="[sig-storage] Projected downwardAPI should set mode on item file [LinuxOnly] [NodeConformance] [Conformance]" classname="Kubernetes e2e suite" time="2.1194206700000002"></testcase>
      <testcase name="[sig-storage] In-tree Volumes [Driver: local][LocalVolumeType: block] [Testpattern: Pre-provisioned PV (filesystem volmode)] multiVolume [Slow] should access to two volumes with different volume mode and retain data across pod recreation on the same node" classname="Kubernetes e2e suite" time="0">
          <skipped></skipped>
      </testcase>
      <testcase name="[sig-storage] In-tree Volumes [Driver: local][LocalVolumeType: dir-link] [Testpattern: Dynamic PV (default fs)] subPath should fail if non-existent subpath is outside the volume [Slow][LinuxOnly]" classname="Kubernetes e2e suite" time="0">
          <skipped></skipped>
      </testcase>
      <testcase name="[sig-storage] In-tree Volumes [Driver: gluster] [Testpattern: Inline-volume (default fs)] subPath should fail if subpath directory is outside the volume [Slow][LinuxOnly]" classname="Kubernetes e2e suite" time="0">
          <skipped></skipped>
      </testcase>
      <testcase name="[sig-apps] DisruptionController evictions: maxUnavailable deny evictions, integer =&gt; should not allow an eviction [Serial]" classname="Kubernetes e2e suite" time="0">
          <skipped></skipped>
      </testcase>
      <testcase name="[sig-storage] ConfigMap Should fail non-optional pod creation due to the key in the configMap object does not exist [Slow]" classname="Kubernetes e2e suite" time="0">
          <skipped></skipped>
      </testcase>
      <testcase name="[sig-storage] In-tree Volumes [Driver: ceph][Feature:Volumes][Serial] [Testpattern: Dynamic PV (default fs)] provisioning should provision storage with mount options" classname="Kubernetes e2e suite" time="0">
          <skipped></skipped>
      </testcase>
      <testcase name="[sig-storage] In-tree Volumes [Driver: windows-gcepd] [Testpattern: Pre-provisioned PV (block volmode)] multiVolume [Slow] should access to two volumes with the same volume mode and retain data across pod recreation on different node" classname="Kubernetes e2e suite" time="0">
          <skipped></skipped>
      </testcase>
      <testcase name="[sig-storage] In-tree Volumes [Driver: local][LocalVolumeType: gce-localssd-scsi-fs] [Serial] [Testpattern: Dynamic PV (filesystem volmode)] disruptive[Disruptive][LinuxOnly] Should test that pv written before kubelet restart is readable after restart." classname="Kubernetes e2e suite" time="0">
          <skipped></skipped>
      </testcase>
      <testcase name="[sig-storage] In-tree Volumes [Driver: local][LocalVolumeType: dir-bindmounted] [Testpattern: Inline-volume (default fs)] subPath should support non-existent path" classname="Kubernetes e2e suite" time="0">
          <skipped></skipped>
      </testcase>
      <testcase name="[sig-storage] In-tree Volumes [Driver: nfs] [Testpattern: Pre-provisioned PV (ext4)] volumes should store data" classname="Kubernetes e2e suite" time="0">
          <skipped></skipped>
      </testcase>
      <testcase name="[sig-storage] Downward API volume should provide node allocatable (memory) as default memory limit if the limit is not set [NodeConformance] [Conformance]" classname="Kubernetes e2e suite" time="2.158953876"></testcase>
      <testcase name="[sig-storage] In-tree Volumes [Driver: gluster] [Testpattern: Pre-provisioned PV (default fs)] volumes should store data" classname="Kubernetes e2e suite" time="0">
          <skipped></skipped>
      </testcase>
      <testcase name="[sig-storage] In-tree Volumes [Driver: local][LocalVolumeType: gce-localssd-scsi-fs] [Serial] [Testpattern: Pre-provisioned PV (default fs)] subPath should support creating multiple subpath from same volumes [Slow]" classname="Kubernetes e2e suite" time="0">
          <skipped></skipped>
      </testcase>
      <testcase name="[sig-storage] In-tree Volumes [Driver: local][LocalVolumeType: block] [Testpattern: Pre-provisioned PV (block volmode)] multiVolume [Slow] should concurrently access the volume and restored snapshot from pods on the same node [LinuxOnly][Feature:VolumeSnapshotDataSource][Feature:VolumeSourceXFS]" classname="Kubernetes e2e suite" time="0">
          <skipped></skipped>
      </testcase>
      <testcase name="[sig-cloud-provider-gcp] Reboot [Disruptive] [Feature:Reboot] each node by dropping all outbound packets for a while and ensure they function afterwards" classname="Kubernetes e2e suite" time="0">
          <skipped></skipped>
      </testcase>
      <testcase name="[sig-storage] In-tree Volumes [Driver: local][LocalVolumeType: dir] [Testpattern: Pre-provisioned PV (block volmode)] multiVolume [Slow] should access to two volumes with different volume mode and retain data across pod recreation on different node" classname="Kubernetes e2e suite" time="0">
          <skipped></skipped>
      </testcase>
      <testcase name="[sig-storage] In-tree Volumes [Driver: vsphere] [Testpattern: Dynamic PV (xfs)][Slow] multiVolume [Slow] should access to two volumes with the same volume mode and retain data across pod recreation on the same node" classname="Kubernetes e2e suite" time="0">
          <skipped></skipped>
      </testcase>
      <testcase name="[sig-storage] In-tree Volumes [Driver: local][LocalVolumeType: dir-link] [Testpattern: Inline-volume (default fs)] subPath should support restarting containers using file as subpath [Slow][LinuxOnly]" classname="Kubernetes e2e suite" time="0">
          <skipped></skipped>
      </testcase>
      <testcase name="[sig-storage] In-tree Volumes [Driver: iscsi][Feature:Volumes] [Testpattern: Dynamic PV (default fs)] fsgroupchangepolicy (OnRootMismatch)[LinuxOnly], pod created with an initial fsgroup, new pod fsgroup applied to volume contents" classname="Kubernetes e2e suite" time="0">
          <skipped></skipped>
      </testcase>
      <testcase name="[sig-storage] In-tree Volumes [Driver: azure-disk] [Testpattern: Pre-provisioned PV (default fs)] subPath should support creating multiple subpath from same volumes [Slow]" classname="Kubernetes e2e suite" time="0">
          <skipped></skipped>
      </testcase>
      <testcase name="[sig-storage] In-tree Volumes [Driver: cinder] [Testpattern: Dynamic PV (block volmode)] volumes should store data" classname="Kubernetes e2e suite" time="0">
          <skipped></skipped>
      </testcase>
      <testcase name="[sig-storage] In-tree Volumes [Driver: gcepd] [Testpattern: Pre-provisioned PV (block volmode)] multiVolume [Slow] should access to two volumes with different volume mode and retain data across pod recreation on the same node" classname="Kubernetes e2e suite" time="0">
          <skipped></skipped>
      </testcase>
      <testcase name="[sig-storage] In-tree Volumes [Driver: local][LocalVolumeType: dir] [Testpattern: Dynamic PV (block volmode)] disruptive[Disruptive][LinuxOnly] Should test that pv used in a pod that is force deleted while the kubelet is down cleans up when the kubelet returns." classname="Kubernetes e2e suite" time="0">
          <skipped></skipped>
      </testcase>
      <testcase name="[sig-storage] In-tree Volumes [Driver: nfs] [Testpattern: Pre-provisioned PV (default fs)] subPath should support readOnly directory specified in the volumeMount" classname="Kubernetes e2e suite" time="0">
          <skipped></skipped>
      </testcase>
      <testcase name="[sig-storage] In-tree Volumes [Driver: local][LocalVolumeType: dir-link-bindmounted] [Testpattern: Dynamic PV (filesystem volmode)] volumeMode should fail to use a volume in a pod with mismatched mode [Slow]" classname="Kubernetes e2e suite" time="0">
          <skipped></skipped>
      </testcase>
      <testcase name="[sig-storage] Secrets should be consumable from pods in volume [NodeConformance] [Conformance]" classname="Kubernetes e2e suite" time="2.136465875"></testcase>
      <testcase name="[sig-storage] CSI Volumes [Driver: pd.csi.storage.gke.io][Serial] [Testpattern: Dynamic PV (filesystem volmode)] multiVolume [Slow] should concurrently access the single read-only volume from pods on the same node" classname="Kubernetes e2e suite" time="0">
          <skipped></skipped>
      </testcase>
      <testcase name="[sig-storage] In-tree Volumes [Driver: azure-disk] [Testpattern: Pre-provisioned PV (default fs)] subPath should support existing directories when readOnly specified in the volumeSource" classname="Kubernetes e2e suite" time="0">
          <skipped></skipped>
      </testcase>
      <testcase name="[sig-storage] In-tree Volumes [Driver: local][LocalVolumeType: block] [Testpattern: Dynamic PV (ntfs)][Feature:Windows] provisioning should provision storage with snapshot data source [Feature:VolumeSnapshotDataSource]" classname="Kubernetes e2e suite" time="0">
          <skipped></skipped>
      </testcase>
      <testcase name="[sig-storage] In-tree Volumes [Driver: azure-disk] [Testpattern: Inline-volume (default fs)] subPath should support creating multiple subpath from same volumes [Slow]" classname="Kubernetes e2e suite" time="0">
          <skipped></skipped>
      </testcase>
      <testcase name="[sig-storage] CSI Volumes [Driver: csi-hostpath] [Testpattern: Dynamic PV (block volmode)] multiVolume [Slow] should concurrently access the volume and restored snapshot from pods on the same node [LinuxOnly][Feature:VolumeSnapshotDataSource][Feature:VolumeSourceXFS]" classname="Kubernetes e2e suite" time="0">
          <skipped></skipped>
      </testcase>
      <testcase name="[sig-storage] In-tree Volumes [Driver: ceph][Feature:Volumes][Serial] [Testpattern: Dynamic PV (ext3)] volumes should store data" classname="Kubernetes e2e suite" time="0">
          <skipped></skipped>
      </testcase>
      <testcase name="[sig-storage] In-tree Volumes [Driver: azure-disk] [Testpattern: Inline-volume (default fs)] subPath should support restarting containers using directory as subpath [Slow]" classname="Kubernetes e2e suite" time="0">
          <skipped></skipped>
      </testcase>
      <testcase name="[sig-storage] In-tree Volumes [Driver: local][LocalVolumeType: blockfs] [Testpattern: Dynamic PV (ntfs)][Feature:Windows] provisioning should provision storage with pvc data source" classname="Kubernetes e2e suite" time="0">
          <skipped></skipped>
      </testcase>
      <testcase name="[sig-storage] In-tree Volumes [Driver: local][LocalVolumeType: gce-localssd-scsi-fs] [Serial] [Testpattern: Dynamic PV (filesystem volmode)] multiVolume [Slow] should access to two volumes with different volume mode and retain data across pod recreation on the same node" classname="Kubernetes e2e suite" time="0">
          <skipped></skipped>
      </testcase>
      <testcase name="[sig-storage] In-tree Volumes [Driver: gcepd] [Testpattern: Inline-volume (default fs)] subPath should support readOnly file specified in the volumeMount [LinuxOnly]" classname="Kubernetes e2e suite" time="0">
          <skipped></skipped>
      </testcase>
      <testcase name="[sig-storage] In-tree Volumes [Driver: cinder] [Testpattern: Dynamic PV (ntfs)][Feature:Windows] provisioning should provision storage with mount options" classname="Kubernetes e2e suite" time="0">
          <skipped></skipped>
      </testcase>
      <testcase name="[sig-storage] In-tree Volumes [Driver: aws] [Testpattern: Inline-volume (default fs)] subPath should fail if subpath directory is outside the volume [Slow][LinuxOnly]" classname="Kubernetes e2e suite" time="0">
          <skipped></skipped>
      </testcase>
      <testcase name="[sig-storage] In-tree Volumes [Driver: local][LocalVolumeType: dir-bindmounted] [Testpattern: Dynamic PV (block volmode)] multiVolume [Slow] should access to two volumes with different volume mode and retain data across pod recreation on different node" classname="Kubernetes e2e suite" time="0">
          <skipped></skipped>
      </testcase>
      <testcase name="[sig-storage] In-tree Volumes [Driver: rbd][Feature:Volumes][Serial] [Testpattern: Dynamic PV (filesystem volmode)] multiVolume [Slow] should access to two volumes with different volume mode and retain data across pod recreation on different node" classname="Kubernetes e2e suite" time="0">
          <skipped></skipped>
      </testcase>
      <testcase name="[sig-storage] CSI Volumes [Driver: csi-hostpath] [Testpattern: Dynamic PV (filesystem volmode)] multiVolume [Slow] should access to two volumes with the same volume mode and retain data across pod recreation on the same node" classname="Kubernetes e2e suite" time="0">
          <skipped></skipped>
      </testcase>
      <testcase name="[sig-storage] In-tree Volumes [Driver: gcepd] [Testpattern: Dynamic PV (ntfs)][Feature:Windows] subPath should support existing directory" classname="Kubernetes e2e suite" time="0">
          <skipped></skipped>
      </testcase>
      <testcase name="[sig-storage] In-tree Volumes [Driver: local][LocalVolumeType: dir] [Testpattern: Dynamic PV (delayed binding)] topology should provision a volume and schedule a pod with AllowedTopologies" classname="Kubernetes e2e suite" time="0">
          <skipped></skipped>
      </testcase>
      <testcase name="[sig-storage] In-tree Volumes [Driver: nfs] [Testpattern: Dynamic PV (default fs)] fsgroupchangepolicy (Always)[LinuxOnly], pod created with an initial fsgroup, new pod fsgroup applied to volume contents" classname="Kubernetes e2e suite" time="0">
          <skipped></skipped>
      </testcase>
      <testcase name="[sig-storage] In-tree Volumes [Driver: cinder] [Testpattern: Pre-provisioned PV (block volmode)] disruptive[Disruptive][LinuxOnly] Should test that pv written before kubelet restart is readable after restart." classname="Kubernetes e2e suite" time="0">
          <skipped></skipped>
      </testcase>
      <testcase name="[sig-instrumentation] MetricsGrabber should grab all metrics from a Scheduler." classname="Kubernetes e2e suite" time="0">
          <skipped></skipped>
      </testcase>
      <testcase name="[sig-apps] Deployment deployment should support proportional scaling [Conformance]" classname="Kubernetes e2e suite" time="12.42072231"></testcase>
      <testcase name="[sig-storage] Projected secret optional updates should be reflected in volume [NodeConformance] [Conformance]" classname="Kubernetes e2e suite" time="74.607170016"></testcase>
      <testcase name="[sig-auth] PodSecurityPolicy [Feature:PodSecurityPolicy] should forbid pod creation when no PSP is available" classname="Kubernetes e2e suite" time="0">
          <skipped></skipped>
      </testcase>
      <testcase name="[sig-storage] In-tree Volumes [Driver: hostPath] [Testpattern: Inline-volume (default fs)] subPath should support creating multiple subpath from same volumes [Slow]" classname="Kubernetes e2e suite" time="0">
          <skipped></skipped>
      </testcase>
      <testcase name="[sig-storage] In-tree Volumes [Driver: local][LocalVolumeType: dir-link] [Testpattern: Pre-provisioned PV (block volmode)] volumeMode should fail to create pod by failing to mount volume [Slow]" classname="Kubernetes e2e suite" time="0">
          <skipped></skipped>
      </testcase>
      <testcase name="[sig-storage] CSI Volumes [Driver: csi-hostpath] [Testpattern: Inline-volume (ntfs)][Feature:Windows] volumes should allow exec of files on the volume" classname="Kubernetes e2e suite" time="0">
          <skipped></skipped>
      </testcase>
      <testcase name="[sig-node] InitContainer [NodeConformance] should invoke init containers on a RestartNever pod [Conformance]" classname="Kubernetes e2e suite" time="4.174779895"></testcase>
      <testcase name="[sig-storage] In-tree Volumes [Driver: hostPathSymlink] [Testpattern: Dynamic PV (block volmode)] volume-expand should not allow expansion of pvcs without AllowVolumeExpansion property" classname="Kubernetes e2e suite" time="0">
          <skipped></skipped>
      </testcase>
      <testcase name="[sig-storage] CSI Volumes [Driver: csi-hostpath] [Testpattern: Pre-provisioned PV (default fs)] subPath should support existing directories when readOnly specified in the volumeSource" classname="Kubernetes e2e suite" time="0">
          <skipped></skipped>
      </testcase>
      <testcase name="[sig-storage] In-tree Volumes [Driver: gluster] [Testpattern: Dynamic PV (ext4)] multiVolume [Slow] should access to two volumes with the same volume mode and retain data across pod recreation on different node" classname="Kubernetes e2e suite" time="0">
          <skipped></skipped>
      </testcase>
      <testcase name="[sig-storage] In-tree Volumes [Driver: emptydir] [Testpattern: Dynamic PV (default fs)] fsgroupchangepolicy (Always)[LinuxOnly], pod created with an initial fsgroup, volume contents ownership changed in first pod, new pod with different fsgroup applied to the volume contents" classname="Kubernetes e2e suite" time="0">
          <skipped></skipped>
      </testcase>
      <testcase name="[sig-storage] [Serial] Volume metrics should create metrics for total time taken in volume operations in P/V Controller" classname="Kubernetes e2e suite" time="0">
          <skipped></skipped>
      </testcase>
      <testcase name="[sig-storage] In-tree Volumes [Driver: vsphere] [Testpattern: Pre-provisioned PV (default fs)] subPath should support existing directories when readOnly specified in the volumeSource" classname="Kubernetes e2e suite" time="0">
          <skipped></skipped>
      </testcase>
      <testcase name="[sig-node] Kubelet when scheduling a busybox command that always fails in a pod should have an terminated reason [NodeConformance] [Conformance]" classname="Kubernetes e2e suite" time="4.1102416999999996"></testcase>
      <testcase name="[sig-storage] In-tree Volumes [Driver: hostPath] [Testpattern: Dynamic PV (delayed binding)] topology should provision a volume and schedule a pod with AllowedTopologies" classname="Kubernetes e2e suite" time="0">
          <skipped></skipped>
      </testcase>
      <testcase name="[sig-storage] In-tree Volumes [Driver: nfs] [Testpattern: Dynamic PV (filesystem volmode)] disruptive[Disruptive][LinuxOnly] Should test that pv written before kubelet restart is readable after restart." classname="Kubernetes e2e suite" time="0">
          <skipped></skipped>
      </testcase>
      <testcase name="[sig-storage] In-tree Volumes [Driver: nfs] [Testpattern: Dynamic PV (xfs)][Slow] volumes should store data" classname="Kubernetes e2e suite" time="0">
          <skipped></skipped>
      </testcase>
      <testcase name="[sig-storage] In-tree Volumes [Driver: local][LocalVolumeType: dir] [Testpattern: Pre-provisioned PV (default fs)] subPath should fail if non-existent subpath is outside the volume [Slow][LinuxOnly]" classname="Kubernetes e2e suite" time="0">
          <skipped></skipped>
      </testcase>
      <testcase name="[sig-storage] In-tree Volumes [Driver: windows-gcepd] [Testpattern: Dynamic PV (block volmode)] multiVolume [Slow] should access to two volumes with the same volume mode and retain data across pod recreation on the same node" classname="Kubernetes e2e suite" time="0">
          <skipped></skipped>
      </testcase>
      <testcase name="[sig-storage] In-tree Volumes [Driver: local][LocalVolumeType: blockfs] [Testpattern: Dynamic PV (ntfs)][Feature:Windows] provisioning should provision storage with pvc data source in parallel [Slow]" classname="Kubernetes e2e suite" time="0">
          <skipped></skipped>
      </testcase>
      <testcase name="[sig-storage] CSI mock volume CSI CSIDriver deployment after pod creation using non-attachable mock driver should bringup pod after deploying CSIDriver attach=false [Slow]" classname="Kubernetes e2e suite" time="0">
          <skipped></skipped>
      </testcase>
      <testcase name="[sig-storage] Storage Policy Based Volume Provisioning [Feature:vsphere] verify VSAN storage capability with invalid hostFailuresToTolerate value is not honored for dynamically provisioned pvc using storageclass" classname="Kubernetes e2e suite" time="0">
          <skipped></skipped>
      </testcase>
      <testcase name="[sig-storage] CSI Volumes [Driver: pd.csi.storage.gke.io][Serial] [Testpattern: Pre-provisioned PV (filesystem volmode)] volumeMode should not mount / map unused volumes in a pod [LinuxOnly]" classname="Kubernetes e2e suite" time="0">
          <skipped></skipped>
      </testcase>
      <testcase name="[sig-storage] In-tree Volumes [Driver: local][LocalVolumeType: dir] [Testpattern: Dynamic PV (block volmode)(allowExpansion)] volume-expand should resize volume when PVC is edited while pod is using it" classname="Kubernetes e2e suite" time="0">
          <skipped></skipped>
      </testcase>
      <testcase name="[sig-storage] In-tree Volumes [Driver: aws] [Testpattern: Inline-volume (default fs)] volumes should allow exec of files on the volume" classname="Kubernetes e2e suite" time="0">
          <skipped></skipped>
      </testcase>
      <testcase name="[sig-storage] In-tree Volumes [Driver: emptydir] [Testpattern: Inline-volume (xfs)][Slow] volumes should store data" classname="Kubernetes e2e suite" time="0">
          <skipped></skipped>
      </testcase>
      <testcase name="[sig-storage] In-tree Volumes [Driver: cinder] [Testpattern: Dynamic PV (default fs)] volume-expand should not allow expansion of pvcs without AllowVolumeExpansion property" classname="Kubernetes e2e suite" time="0">
          <skipped></skipped>
      </testcase>
      <testcase name="[sig-storage] In-tree Volumes [Driver: gluster] [Testpattern: Dynamic PV (default fs)] subPath should fail if non-existent subpath is outside the volume [Slow][LinuxOnly]" classname="Kubernetes e2e suite" time="0">
          <skipped></skipped>
      </testcase>
      <testcase name="[sig-storage] In-tree Volumes [Driver: hostPath] [Testpattern: Pre-provisioned PV (filesystem volmode)] multiVolume [Slow] should concurrently access the volume and its clone from pods on the same node [LinuxOnly][Feature:VolumeSnapshotDataSource][Feature:VolumeSourceXFS]" classname="Kubernetes e2e suite" time="0">
          <skipped></skipped>
      </testcase>
      <testcase name="[sig-storage] In-tree Volumes [Driver: local][LocalVolumeType: dir-link] [Testpattern: Dynamic PV (filesystem volmode)] volumeLimits should support volume limits [Serial]" classname="Kubernetes e2e suite" time="0">
          <skipped></skipped>
      </testcase>
      <testcase name="[sig-storage] In-tree Volumes [Driver: azure-disk] [Testpattern: Dynamic PV (default fs)] fsgroupchangepolicy (Always)[LinuxOnly], pod created with an initial fsgroup, volume contents ownership changed in first pod, new pod with different fsgroup applied to the volume contents" classname="Kubernetes e2e suite" time="0">
          <skipped></skipped>
      </testcase>
      <testcase name="[sig-storage] In-tree Volumes [Driver: local][LocalVolumeType: dir-bindmounted] [Testpattern: Dynamic PV (default fs)] subPath should support existing directory" classname="Kubernetes e2e suite" time="0">
          <skipped></skipped>
      </testcase>
      <testcase name="[sig-storage] In-tree Volumes [Driver: iscsi][Feature:Volumes] [Testpattern: Pre-provisioned PV (block volmode)] multiVolume [Slow] should concurrently access the single volume from pods on different node" classname="Kubernetes e2e suite" time="0">
          <skipped></skipped>
      </testcase>
      <testcase name="[sig-storage] Volume FStype [Feature:vsphere] verify fstype - default value should be ext4" classname="Kubernetes e2e suite" time="0">
          <skipped></skipped>
      </testcase>
      <testcase name="[sig-storage] CSI Volumes [Driver: pd.csi.storage.gke.io][Serial] [Testpattern: Pre-provisioned PV (default fs)] subPath should support existing directories when readOnly specified in the volumeSource" classname="Kubernetes e2e suite" time="0">
          <skipped></skipped>
      </testcase>
      <testcase name="[sig-storage] In-tree Volumes [Driver: local][LocalVolumeType: tmpfs] [Testpattern: Dynamic PV (default fs)] provisioning should provision storage with pvc data source" classname="Kubernetes e2e suite" time="0">
          <skipped></skipped>
      </testcase>
      <testcase name="[sig-storage] In-tree Volumes [Driver: local][LocalVolumeType: dir-bindmounted] [Testpattern: Dynamic PV (default fs)] volumeIO should write files of various sizes, verify size, validate content [Slow][LinuxOnly]" classname="Kubernetes e2e suite" time="0">
          <skipped></skipped>
      </testcase>
      <testcase name="[sig-storage] In-tree Volumes [Driver: local][LocalVolumeType: block] [Testpattern: Dynamic PV (ext3)] volumes should store data" classname="Kubernetes e2e suite" time="0">
          <skipped></skipped>
      </testcase>
      <testcase name="[sig-storage] In-tree Volumes [Driver: windows-gcepd] [Testpattern: Dynamic PV (default fs)] subPath should support readOnly file specified in the volumeMount [LinuxOnly]" classname="Kubernetes e2e suite" time="0">
          <skipped></skipped>
      </testcase>
      <testcase name="[sig-storage] In-tree Volumes [Driver: gluster] [Testpattern: Dynamic PV (block volmode)] multiVolume [Slow] should concurrently access the single volume from pods on different node" classname="Kubernetes e2e suite" time="0">
          <skipped></skipped>
      </testcase>
      <testcase name="[sig-storage] In-tree Volumes [Driver: local][LocalVolumeType: gce-localssd-scsi-fs] [Serial] [Testpattern: Dynamic PV (filesystem volmode)] volumeMode should not mount / map unused volumes in a pod [LinuxOnly]" classname="Kubernetes e2e suite" time="0">
          <skipped></skipped>
      </testcase>
      <testcase name="[sig-storage] CSI Volumes [Driver: csi-hostpath] [Testpattern: Dynamic PV (filesystem volmode)] multiVolume [Slow] should concurrently access the single volume from pods on different node" classname="Kubernetes e2e suite" time="0">
          <skipped></skipped>
      </testcase>
      <testcase name="[sig-storage] In-tree Volumes [Driver: local][LocalVolumeType: dir-link-bindmounted] [Testpattern: Dynamic PV (ntfs)(allowExpansion)][Feature:Windows] volume-expand should resize volume when PVC is edited while pod is using it" classname="Kubernetes e2e suite" time="0">
          <skipped></skipped>
      </testcase>
      <testcase name="[sig-storage] In-tree Volumes [Driver: local][LocalVolumeType: block] [Testpattern: Dynamic PV (block volmode)] provisioning should provision storage with snapshot data source [Feature:VolumeSnapshotDataSource]" classname="Kubernetes e2e suite" time="0">
          <skipped></skipped>
      </testcase>
      <testcase name="[sig-storage] In-tree Volumes [Driver: local][LocalVolumeType: dir-bindmounted] [Testpattern: Dynamic PV (ntfs)][Feature:Windows] subPath should fail if subpath directory is outside the volume [Slow][LinuxOnly]" classname="Kubernetes e2e suite" time="0">
          <skipped></skipped>
      </testcase>
      <testcase name="[sig-storage] In-tree Volumes [Driver: iscsi][Feature:Volumes] [Testpattern: Dynamic PV (block volmode)] disruptive[Disruptive][LinuxOnly] Should test that pv used in a pod that is force deleted while the kubelet is down cleans up when the kubelet returns." classname="Kubernetes e2e suite" time="0">
          <skipped></skipped>
      </testcase>
      <testcase name="[sig-storage] In-tree Volumes [Driver: local][LocalVolumeType: block] [Testpattern: Pre-provisioned PV (default fs)] subPath should support non-existent path" classname="Kubernetes e2e suite" time="0">
          <skipped></skipped>
      </testcase>
      <testcase name="[sig-storage] In-tree Volumes [Driver: local][LocalVolumeType: blockfs] [Testpattern: Dynamic PV (ntfs)][Feature:Windows] provisioning should provision storage with mount options" classname="Kubernetes e2e suite" time="0">
          <skipped></skipped>
      </testcase>
      <testcase name="[sig-storage] In-tree Volumes [Driver: local][LocalVolumeType: blockfs] [Testpattern: Dynamic PV (default fs)] provisioning should provision storage with snapshot data source [Feature:VolumeSnapshotDataSource]" classname="Kubernetes e2e suite" time="0">
          <skipped></skipped>
      </testcase>
      <testcase name="[sig-storage] In-tree Volumes [Driver: local][LocalVolumeType: dir-link-bindmounted] [Testpattern: Inline-volume (xfs)][Slow] volumes should allow exec of files on the volume" classname="Kubernetes e2e suite" time="0">
          <skipped></skipped>
      </testcase>
      <testcase name="[sig-storage] [Serial] Volume metrics should create metrics for total number of volumes in A/D Controller" classname="Kubernetes e2e suite" time="0">
          <skipped></skipped>
      </testcase>
      <testcase name="[sig-network] Service endpoints latency should not be very high  [Conformance]" classname="Kubernetes e2e suite" time="10.815362207"></testcase>
      <testcase name="[sig-storage] HostPathType Socket [Slow] Should be able to mount socket &#39;asocket&#39; successfully when HostPathType is HostPathUnset" classname="Kubernetes e2e suite" time="0">
          <skipped></skipped>
      </testcase>
      <testcase name="[sig-storage] In-tree Volumes [Driver: vsphere] [Testpattern: Inline-volume (default fs)] subPath should support file as subpath [LinuxOnly]" classname="Kubernetes e2e suite" time="0">
          <skipped></skipped>
      </testcase>
      <testcase name="[sig-autoscaling] Cluster size autoscaling [Slow] should correctly scale down after a node is not needed when there is non autoscaled pool[Feature:ClusterSizeAutoscalingScaleDown]" classname="Kubernetes e2e suite" time="0">
          <skipped></skipped>
      </testcase>
      <testcase name="[sig-storage] In-tree Volumes [Driver: local][LocalVolumeType: gce-localssd-scsi-fs] [Serial] [Testpattern: Dynamic PV (default fs)] subPath should support restarting containers using file as subpath [Slow][LinuxOnly]" classname="Kubernetes e2e suite" time="0">
          <skipped></skipped>
      </testcase>
      <testcase name="[sig-storage] PersistentVolumes [Feature:vsphere][Feature:LabelSelector] Selector-Label Volume Binding:vsphere [Feature:vsphere] should bind volume with claim for given label" classname="Kubernetes e2e suite" time="0">
          <skipped></skipped>
      </testcase>
      <testcase name="[sig-storage] In-tree Volumes [Driver: local][LocalVolumeType: dir-link-bindmounted] [Testpattern: Pre-provisioned PV (filesystem volmode)] volumeMode should fail to use a volume in a pod with mismatched mode [Slow]" classname="Kubernetes e2e suite" time="0">
          <skipped></skipped>
      </testcase>
      <testcase name="[sig-storage] In-tree Volumes [Driver: local][LocalVolumeType: dir-bindmounted] [Testpattern: Dynamic PV (block volmode)] multiVolume [Slow] should concurrently access the single read-only volume from pods on the same node" classname="Kubernetes e2e suite" time="0">
          <skipped></skipped>
      </testcase>
      <testcase name="[sig-storage] In-tree Volumes [Driver: nfs] [Testpattern: Dynamic PV (ext4)] multiVolume [Slow] should concurrently access the single volume from pods on the same node" classname="Kubernetes e2e suite" time="0">
          <skipped></skipped>
      </testcase>
      <testcase name="[sig-storage] In-tree Volumes [Driver: rbd][Feature:Volumes][Serial] [Testpattern: Pre-provisioned PV (default fs)] subPath should support existing directory" classname="Kubernetes e2e suite" time="0">
          <skipped></skipped>
      </testcase>
      <testcase name="[sig-storage] In-tree Volumes [Driver: hostPath] [Testpattern: Pre-provisioned PV (filesystem volmode)] disruptive[Disruptive][LinuxOnly] Should test that pv written before kubelet restart is readable after restart." classname="Kubernetes e2e suite" time="0">
          <skipped></skipped>
      </testcase>
      <testcase name="[sig-storage] In-tree Volumes [Driver: vsphere] [Testpattern: Pre-provisioned PV (default fs)] subPath should unmount if pod is force deleted while kubelet is down [Disruptive][Slow][LinuxOnly]" classname="Kubernetes e2e suite" time="0">
          <skipped></skipped>
      </testcase>
      <testcase name="[sig-storage] In-tree Volumes [Driver: local][LocalVolumeType: dir-link] [Testpattern: Pre-provisioned PV (filesystem volmode)] multiVolume [Slow] should concurrently access the single volume from pods on different node" classname="Kubernetes e2e suite" time="0">
          <skipped></skipped>
      </testcase>
      <testcase name="[sig-storage] PersistentVolumes-local  StatefulSet with pod affinity [Slow] should use volumes on one node when pod management is parallel and pod has affinity" classname="Kubernetes e2e suite" time="0">
          <skipped></skipped>
      </testcase>
      <testcase name="[sig-node] RuntimeClass should run a Pod requesting a RuntimeClass with scheduling without taints " classname="Kubernetes e2e suite" time="0">
          <skipped></skipped>
      </testcase>
      <testcase name="[sig-storage] In-tree Volumes [Driver: local][LocalVolumeType: tmpfs] [Testpattern: Dynamic PV (ext4)] multiVolume [Slow] should concurrently access the single volume from pods on the same node" classname="Kubernetes e2e suite" time="0">
          <skipped></skipped>
      </testcase>
      <testcase name="[sig-storage] In-tree Volumes [Driver: windows-gcepd] [Testpattern: Dynamic PV (block volmode)] disruptive[Disruptive][LinuxOnly] Should test that pv used in a pod that is deleted while the kubelet is down cleans up when the kubelet returns." classname="Kubernetes e2e suite" time="0">
          <skipped></skipped>
      </testcase>
      <testcase name="[sig-storage] In-tree Volumes [Driver: cinder] [Testpattern: Dynamic PV (filesystem volmode)] multiVolume [Slow] should access to two volumes with different volume mode and retain data across pod recreation on different node" classname="Kubernetes e2e suite" time="0">
          <skipped></skipped>
      </testcase>
      <testcase name="[sig-storage] In-tree Volumes [Driver: ceph][Feature:Volumes][Serial] [Testpattern: Dynamic PV (delayed binding)] topology should provision a volume and schedule a pod with AllowedTopologies" classname="Kubernetes e2e suite" time="0">
          <skipped></skipped>
      </testcase>
      <testcase name="[sig-storage] In-tree Volumes [Driver: local][LocalVolumeType: blockfs] [Testpattern: Dynamic PV (immediate binding)] topology should fail to schedule a pod which has topologies that conflict with AllowedTopologies" classname="Kubernetes e2e suite" time="0">
          <skipped></skipped>
      </testcase>
      <testcase name="[sig-cli] Kubectl Port forwarding With a server listening on 0.0.0.0 that expects a client request should support a client that connects, sends NO DATA, and disconnects" classname="Kubernetes e2e suite" time="0">
          <skipped></skipped>
      </testcase>
      <testcase name="[sig-cli] Kubectl client Simple pod should return command exit codes [Slow] running a failing command without --restart=Never" classname="Kubernetes e2e suite" time="0">
          <skipped></skipped>
      </testcase>
      <testcase name="[sig-storage] In-tree Volumes [Driver: vsphere] [Testpattern: Pre-provisioned PV (default fs)] subPath should unmount if pod is gracefully deleted while kubelet is down [Disruptive][Slow][LinuxOnly]" classname="Kubernetes e2e suite" time="0">
          <skipped></skipped>
      </testcase>
      <testcase name="[sig-storage] In-tree Volumes [Driver: hostPath] [Testpattern: Pre-provisioned PV (block volmode)] multiVolume [Slow] should concurrently access the volume and its clone from pods on the same node [LinuxOnly][Feature:VolumeSnapshotDataSource][Feature:VolumeSourceXFS]" classname="Kubernetes e2e suite" time="0">
          <skipped></skipped>
      </testcase>
      <testcase name="[sig-storage] In-tree Volumes [Driver: gcepd] [Testpattern: Dynamic PV (ntfs)][Feature:Windows] subPath should support restarting containers using file as subpath [Slow][LinuxOnly]" classname="Kubernetes e2e suite" time="0">
          <skipped></skipped>
      </testcase>
      <testcase name="[sig-storage] vcp-performance [Feature:vsphere] vcp performance tests" classname="Kubernetes e2e suite" time="0">
          <skipped></skipped>
      </testcase>
      <testcase name="[sig-storage] In-tree Volumes [Driver: nfs] [Testpattern: Dynamic PV (default fs)] subPath should support readOnly directory specified in the volumeMount" classname="Kubernetes e2e suite" time="0">
          <skipped></skipped>
      </testcase>
      <testcase name="[sig-storage] CSI Volumes [Driver: pd.csi.storage.gke.io][Serial] [Testpattern: Dynamic PV (ntfs)][Feature:Windows] volume-expand should not allow expansion of pvcs without AllowVolumeExpansion property" classname="Kubernetes e2e suite" time="0">
          <skipped></skipped>
      </testcase>
      <testcase name="[sig-storage] In-tree Volumes [Driver: local][LocalVolumeType: block] [Testpattern: Dynamic PV (xfs)][Slow] multiVolume [Slow] should access to two volumes with different volume mode and retain data across pod recreation on different node" classname="Kubernetes e2e suite" time="0">
          <skipped></skipped>
      </testcase>
      <testcase name="[sig-storage] [Serial] Volume metrics PVController should create bound pv/pvc count metrics for pvc controller after creating both pv and pvc" classname="Kubernetes e2e suite" time="0">
          <skipped></skipped>
      </testcase>
      <testcase name="[sig-storage] In-tree Volumes [Driver: local][LocalVolumeType: dir-bindmounted] [Testpattern: Dynamic PV (block volmode)] multiVolume [Slow] should access to two volumes with the same volume mode and retain data across pod recreation on different node" classname="Kubernetes e2e suite" time="0">
          <skipped></skipped>
      </testcase>
      <testcase name="[sig-storage] In-tree Volumes [Driver: emptydir] [Testpattern: Dynamic PV (block volmode)] multiVolume [Slow] should concurrently access the single volume from pods on different node" classname="Kubernetes e2e suite" time="0">
          <skipped></skipped>
      </testcase>
      <testcase name="[sig-storage] In-tree Volumes [Driver: local][LocalVolumeType: blockfs] [Testpattern: Dynamic PV (default fs)] subPath should support existing directories when readOnly specified in the volumeSource" classname="Kubernetes e2e suite" time="0">
          <skipped></skipped>
      </testcase>
      <testcase name="[sig-storage] In-tree Volumes [Driver: cinder] [Testpattern: Dynamic PV (block volmode)] provisioning should provision storage with mount options" classname="Kubernetes e2e suite" time="0">
          <skipped></skipped>
      </testcase>
      <testcase name="[sig-storage] In-tree Volumes [Driver: local][LocalVolumeType: gce-localssd-scsi-fs] [Serial] [Testpattern: Dynamic PV (default fs)] fsgroupchangepolicy (Always)[LinuxOnly], pod created with an initial fsgroup, volume contents ownership changed in first pod, new pod with different fsgroup applied to the volume contents" classname="Kubernetes e2e suite" time="0">
          <skipped></skipped>
      </testcase>
      <testcase name="[sig-storage] In-tree Volumes [Driver: gluster] [Testpattern: Pre-provisioned PV (block volmode)] multiVolume [Slow] should concurrently access the volume and its clone from pods on the same node [LinuxOnly][Feature:VolumeSnapshotDataSource][Feature:VolumeSourceXFS]" classname="Kubernetes e2e suite" time="0">
          <skipped></skipped>
      </testcase>
      <testcase name="[sig-storage] CSI Volumes [Driver: pd.csi.storage.gke.io][Serial] [Testpattern: Pre-provisioned PV (block volmode)] multiVolume [Slow] should concurrently access the volume and restored snapshot from pods on the same node [LinuxOnly][Feature:VolumeSnapshotDataSource][Feature:VolumeSourceXFS]" classname="Kubernetes e2e suite" time="0">
          <skipped></skipped>
      </testcase>
      <testcase name="[sig-storage] Zone Support [Feature:vsphere] Verify dynamically created pv with allowed zones specified in storage class, shows the right zone information on its labels" classname="Kubernetes e2e suite" time="0">
          <skipped></skipped>
      </testcase>
      <testcase name="[sig-storage] In-tree Volumes [Driver: iscsi][Feature:Volumes] [Testpattern: Pre-provisioned PV (filesystem volmode)] multiVolume [Slow] should concurrently access the volume and restored snapshot from pods on the same node [LinuxOnly][Feature:VolumeSnapshotDataSource][Feature:VolumeSourceXFS]" classname="Kubernetes e2e suite" time="0">
          <skipped></skipped>
      </testcase>
      <testcase name="[sig-storage] In-tree Volumes [Driver: azure-disk] [Testpattern: Pre-provisioned PV (default fs)] subPath should unmount if pod is force deleted while kubelet is down [Disruptive][Slow][LinuxOnly]" classname="Kubernetes e2e suite" time="0">
          <skipped></skipped>
      </testcase>
      <testcase name="[sig-storage] In-tree Volumes [Driver: local][LocalVolumeType: blockfs] [Testpattern: Dynamic PV (filesystem volmode)] multiVolume [Slow] should concurrently access the single read-only volume from pods on the same node" classname="Kubernetes e2e suite" time="0">
          <skipped></skipped>
      </testcase>
      <testcase name="[sig-storage] In-tree Volumes [Driver: gluster] [Testpattern: Dynamic PV (xfs)][Slow] multiVolume [Slow] should access to two volumes with different volume mode and retain data across pod recreation on different node" classname="Kubernetes e2e suite" time="0">
          <skipped></skipped>
      </testcase>
      <testcase name="[sig-storage] In-tree Volumes [Driver: aws] [Testpattern: Pre-provisioned PV (default fs)] subPath should fail if subpath with backstepping is outside the volume [Slow][LinuxOnly]" classname="Kubernetes e2e suite" time="0">
          <skipped></skipped>
      </testcase>
      <testcase name="[sig-storage] Volume Disk Format [Feature:vsphere] verify disk format type - zeroedthick is honored for dynamically provisioned pv using storageclass" classname="Kubernetes e2e suite" time="0">
          <skipped></skipped>
      </testcase>
      <testcase name="[sig-storage] In-tree Volumes [Driver: local][LocalVolumeType: dir-link] [Testpattern: Dynamic PV (filesystem volmode)] multiVolume [Slow] should access to two volumes with different volume mode and retain data across pod recreation on different node" classname="Kubernetes e2e suite" time="0">
          <skipped></skipped>
      </testcase>
      <testcase name="[sig-storage] In-tree Volumes [Driver: gluster] [Testpattern: Pre-provisioned PV (default fs)] subPath should support creating multiple subpath from same volumes [Slow]" classname="Kubernetes e2e suite" time="0">
          <skipped></skipped>
      </testcase>
      <testcase name="[sig-storage] CSI Volumes [Driver: pd.csi.storage.gke.io][Serial] [Testpattern: Dynamic PV (default fs)] subPath should fail if subpath with backstepping is outside the volume [Slow][LinuxOnly]" classname="Kubernetes e2e suite" time="0">
          <skipped></skipped>
      </testcase>
      <testcase name="[sig-storage] In-tree Volumes [Driver: vsphere] [Testpattern: Dynamic PV (ntfs)][Feature:Windows] provisioning should provision storage with snapshot data source [Feature:VolumeSnapshotDataSource]" classname="Kubernetes e2e suite" time="0">
          <skipped></skipped>
      </testcase>
      <testcase name="[sig-apps] StatefulSet Basic StatefulSet functionality [StatefulSetBasic] should list, patch and delete a collection of StatefulSets [Conformance]" classname="Kubernetes e2e suite" time="20.282370086"></testcase>
      <testcase name="[sig-storage] In-tree Volumes [Driver: local][LocalVolumeType: tmpfs] [Testpattern: Dynamic PV (default fs)] subPath should fail if subpath directory is outside the volume [Slow][LinuxOnly]" classname="Kubernetes e2e suite" time="0">
          <skipped></skipped>
      </testcase>
      <testcase name="[sig-storage] In-tree Volumes [Driver: nfs] [Testpattern: Dynamic PV (ntfs)][Feature:Windows] provisioning should provision storage with pvc data source in parallel [Slow]" classname="Kubernetes e2e suite" time="0">
          <skipped></skipped>
      </testcase>
      <testcase name="[sig-storage] In-tree Volumes [Driver: gluster] [Testpattern: Pre-provisioned PV (ext3)] volumes should allow exec of files on the volume" classname="Kubernetes e2e suite" time="0">
          <skipped></skipped>
      </testcase>
      <testcase name="[sig-storage] CSI Volumes [Driver: csi-hostpath] [Testpattern: Dynamic PV (filesystem volmode)] volume-lifecycle-performance should provision volumes at scale within performance constraints [Slow] [Serial]" classname="Kubernetes e2e suite" time="0">
          <skipped></skipped>
      </testcase>
      <testcase name="[sig-storage] CSI Volumes [Driver: csi-hostpath] [Testpattern: Inline-volume (default fs)] subPath should support restarting containers using file as subpath [Slow][LinuxOnly]" classname="Kubernetes e2e suite" time="0">
          <skipped></skipped>
      </testcase>
      <testcase name="[sig-storage] In-tree Volumes [Driver: ceph][Feature:Volumes][Serial] [Testpattern: Pre-provisioned PV (default fs)] subPath should support restarting containers using directory as subpath [Slow]" classname="Kubernetes e2e suite" time="0">
          <skipped></skipped>
      </testcase>
      <testcase name="[sig-storage] In-tree Volumes [Driver: nfs] [Testpattern: Dynamic PV (ntfs)][Feature:Windows] subPath should support readOnly file specified in the volumeMount [LinuxOnly]" classname="Kubernetes e2e suite" time="0">
          <skipped></skipped>
      </testcase>
      <testcase name="[sig-auth] ServiceAccounts should mount projected service account token [Conformance]" classname="Kubernetes e2e suite" time="2.161388681"></testcase>
      <testcase name="[sig-storage] CSI Volumes [Driver: csi-hostpath] [Testpattern: Inline-volume (default fs)] subPath should be able to unmount after the subpath directory is deleted [LinuxOnly]" classname="Kubernetes e2e suite" time="0">
          <skipped></skipped>
      </testcase>
      <testcase name="[sig-storage] CSI Volumes [Driver: pd.csi.storage.gke.io][Serial] [Testpattern: Pre-provisioned PV (filesystem volmode)] multiVolume [Slow] should access to two volumes with the same volume mode and retain data across pod recreation on the same node" classname="Kubernetes e2e suite" time="0">
          <skipped></skipped>
      </testcase>
      <testcase name="[sig-storage] In-tree Volumes [Driver: gcepd] [Testpattern: Dynamic PV (filesystem volmode)] volumeLimits should verify that all csinodes have volume limits" classname="Kubernetes e2e suite" time="0">
          <skipped></skipped>
      </testcase>
      <testcase name="[sig-storage] In-tree Volumes [Driver: windows-gcepd] [Testpattern: Dynamic PV (xfs)][Slow] multiVolume [Slow] should access to two volumes with the same volume mode and retain data across pod recreation on the same node" classname="Kubernetes e2e suite" time="0">
          <skipped></skipped>
      </testcase>
      <testcase name="[sig-storage] In-tree Volumes [Driver: hostPath] [Testpattern: Pre-provisioned PV (default fs)] subPath should unmount if pod is gracefully deleted while kubelet is down [Disruptive][Slow][LinuxOnly]" classname="Kubernetes e2e suite" time="0">
          <skipped></skipped>
      </testcase>
      <testcase name="[sig-storage] In-tree Volumes [Driver: hostPath] [Testpattern: Dynamic PV (ntfs)][Feature:Windows] subPath should support non-existent path" classname="Kubernetes e2e suite" time="0">
          <skipped></skipped>
      </testcase>
      <testcase name="[sig-storage] CSI mock volume CSI online volume expansion should expand volume without restarting pod if attach=off, nodeExpansion=on" classname="Kubernetes e2e suite" time="0">
          <skipped></skipped>
      </testcase>
      <testcase name="[sig-storage] In-tree Volumes [Driver: cinder] [Testpattern: Dynamic PV (ext4)] multiVolume [Slow] should concurrently access the volume and restored snapshot from pods on the same node [LinuxOnly][Feature:VolumeSnapshotDataSource][Feature:VolumeSourceXFS]" classname="Kubernetes e2e suite" time="0">
          <skipped></skipped>
      </testcase>
      <testcase name="[sig-storage] In-tree Volumes [Driver: emptydir] [Testpattern: Dynamic PV (xfs)][Slow] multiVolume [Slow] should access to two volumes with the same volume mode and retain data across pod recreation on different node" classname="Kubernetes e2e suite" time="0">
          <skipped></skipped>
      </testcase>
      <testcase name="[sig-storage] In-tree Volumes [Driver: vsphere] [Testpattern: Dynamic PV (xfs)][Slow] multiVolume [Slow] should access to two volumes with different volume mode and retain data across pod recreation on the same node" classname="Kubernetes e2e suite" time="0">
          <skipped></skipped>
      </testcase>
      <testcase name="[sig-storage] In-tree Volumes [Driver: gcepd] [Testpattern: Dynamic PV (filesystem volmode)] multiVolume [Slow] should concurrently access the volume and restored snapshot from pods on the same node [LinuxOnly][Feature:VolumeSnapshotDataSource][Feature:VolumeSourceXFS]" classname="Kubernetes e2e suite" time="0">
          <skipped></skipped>
      </testcase>
      <testcase name="[sig-storage] In-tree Volumes [Driver: cinder] [Testpattern: Pre-provisioned PV (ext3)] volumes should store data" classname="Kubernetes e2e suite" time="0">
          <skipped></skipped>
      </testcase>
      <testcase name="[sig-storage] In-tree Volumes [Driver: cinder] [Testpattern: Dynamic PV (delayed binding)] topology should fail to schedule a pod which has topologies that conflict with AllowedTopologies" classname="Kubernetes e2e suite" time="0">
          <skipped></skipped>
      </testcase>
      <testcase name="[sig-storage] In-tree Volumes [Driver: windows-gcepd] [Testpattern: Pre-provisioned PV (default fs)] subPath should fail if non-existent subpath is outside the volume [Slow][LinuxOnly]" classname="Kubernetes e2e suite" time="0">
          <skipped></skipped>
      </testcase>
      <testcase name="[sig-storage] In-tree Volumes [Driver: gcepd] [Testpattern: Dynamic PV (ntfs)][Feature:Windows] subPath should be able to unmount after the subpath directory is deleted [LinuxOnly]" classname="Kubernetes e2e suite" time="0">
          <skipped></skipped>
      </testcase>
      <testcase name="[sig-storage] In-tree Volumes [Driver: local][LocalVolumeType: dir-bindmounted] [Testpattern: Pre-provisioned PV (default fs)] subPath should support restarting containers using file as subpath [Slow][LinuxOnly]" classname="Kubernetes e2e suite" time="0">
          <skipped></skipped>
      </testcase>
      <testcase name="[sig-storage] In-tree Volumes [Driver: azure-disk] [Testpattern: Pre-provisioned PV (block volmode)] multiVolume [Slow] should access to two volumes with the same volume mode and retain data across pod recreation on different node" classname="Kubernetes e2e suite" time="0">
          <skipped></skipped>
      </testcase>
      <testcase name="[sig-storage] In-tree Volumes [Driver: local][LocalVolumeType: dir-link-bindmounted] [Testpattern: Dynamic PV (filesystem volmode)] volumeMode should not mount / map unused volumes in a pod [LinuxOnly]" classname="Kubernetes e2e suite" time="0">
          <skipped></skipped>
      </testcase>
      <testcase name="[sig-network] Services should have session affinity work for service with type clusterIP [LinuxOnly] [Conformance]" classname="Kubernetes e2e suite" time="21.252725569"></testcase>
      <testcase name="[sig-storage] In-tree Volumes [Driver: hostPath] [Testpattern: Dynamic PV (ext4)] multiVolume [Slow] should concurrently access the single read-only volume from pods on the same node" classname="Kubernetes e2e suite" time="0">
          <skipped></skipped>
      </testcase>
      <testcase name="[sig-storage] CSI Volumes [Driver: csi-hostpath] [Testpattern: Dynamic Snapshot (delete policy)] snapshottable[Feature:VolumeSnapshotDataSource] volume snapshot controller  should check snapshot fields, check restore correctly works after modifying source data, check deletion" classname="Kubernetes e2e suite" time="0">
          <skipped></skipped>
      </testcase>
      <testcase name="[sig-storage] In-tree Volumes [Driver: local][LocalVolumeType: dir-link] [Testpattern: Dynamic PV (ntfs)][Feature:Windows] subPath should support readOnly file specified in the volumeMount [LinuxOnly]" classname="Kubernetes e2e suite" time="0">
          <skipped></skipped>
      </testcase>
      <testcase name="[sig-storage] Projected secret should be consumable in multiple volumes in a pod [NodeConformance] [Conformance]" classname="Kubernetes e2e suite" time="2.116956114"></testcase>
      <testcase name="[sig-storage] CSI Volumes [Driver: csi-hostpath] [Testpattern: Dynamic PV (ntfs)][Feature:Windows] subPath should support restarting containers using directory as subpath [Slow]" classname="Kubernetes e2e suite" time="0">
          <skipped></skipped>
      </testcase>
      <testcase name="[sig-storage] In-tree Volumes [Driver: ceph][Feature:Volumes][Serial] [Testpattern: Pre-provisioned PV (ext3)] volumes should store data" classname="Kubernetes e2e suite" time="0">
          <skipped></skipped>
      </testcase>
      <testcase name="[sig-storage] In-tree Volumes [Driver: local][LocalVolumeType: gce-localssd-scsi-fs] [Serial] [Testpattern: Pre-provisioned PV (default fs)] subPath should support existing directories when readOnly specified in the volumeSource" classname="Kubernetes e2e suite" time="0">
          <skipped></skipped>
      </testcase>
      <testcase name="[sig-storage] In-tree Volumes [Driver: ceph][Feature:Volumes][Serial] [Testpattern: Pre-provisioned PV (default fs)] volumeIO should write files of various sizes, verify size, validate content [Slow][LinuxOnly]" classname="Kubernetes e2e suite" time="0">
          <skipped></skipped>
      </testcase>
      <testcase name="[sig-storage] In-tree Volumes [Driver: local][LocalVolumeType: gce-localssd-scsi-fs] [Serial] [Testpattern: Dynamic PV (block volmode)] volume-expand should not allow expansion of pvcs without AllowVolumeExpansion property" classname="Kubernetes e2e suite" time="0">
          <skipped></skipped>
      </testcase>
      <testcase name="[sig-storage] In-tree Volumes [Driver: gluster] [Testpattern: Dynamic PV (ntfs)][Feature:Windows] subPath should fail if subpath directory is outside the volume [Slow][LinuxOnly]" classname="Kubernetes e2e suite" time="0">
          <skipped></skipped>
      </testcase>
      <testcase name="[sig-storage] In-tree Volumes [Driver: local][LocalVolumeType: tmpfs] [Testpattern: Dynamic PV (ntfs)][Feature:Windows] subPath should fail if subpath file is outside the volume [Slow][LinuxOnly]" classname="Kubernetes e2e suite" time="0">
          <skipped></skipped>
      </testcase>
      <testcase name="[sig-storage] In-tree Volumes [Driver: aws] [Testpattern: Inline-volume (default fs)] subPath should fail if non-existent subpath is outside the volume [Slow][LinuxOnly]" classname="Kubernetes e2e suite" time="0">
          <skipped></skipped>
      </testcase>
      <testcase name="[sig-storage] In-tree Volumes [Driver: local][LocalVolumeType: tmpfs] [Testpattern: Dynamic PV (ext4)] volumes should store data" classname="Kubernetes e2e suite" time="0">
          <skipped></skipped>
      </testcase>
      <testcase name="[sig-storage] In-tree Volumes [Driver: nfs] [Testpattern: Dynamic PV (immediate binding)] topology should provision a volume and schedule a pod with AllowedTopologies" classname="Kubernetes e2e suite" time="0">
          <skipped></skipped>
      </testcase>
      <testcase name="[sig-storage] In-tree Volumes [Driver: local][LocalVolumeType: gce-localssd-scsi-fs] [Serial] [Testpattern: Dynamic PV (default fs)] provisioning should provision storage with pvc data source" classname="Kubernetes e2e suite" time="0">
          <skipped></skipped>
      </testcase>
      <testcase name="[sig-storage] In-tree Volumes [Driver: hostPath] [Testpattern: Inline-volume (default fs)] subPath should unmount if pod is gracefully deleted while kubelet is down [Disruptive][Slow][LinuxOnly]" classname="Kubernetes e2e suite" time="0">
          <skipped></skipped>
      </testcase>
      <testcase name="[sig-storage] In-tree Volumes [Driver: gluster] [Testpattern: Dynamic PV (ext4)] multiVolume [Slow] should concurrently access the volume and its clone from pods on the same node [LinuxOnly][Feature:VolumeSnapshotDataSource][Feature:VolumeSourceXFS]" classname="Kubernetes e2e suite" time="0">
          <skipped></skipped>
      </testcase>
      <testcase name="[sig-cli] Kubectl client Kubectl client-side validation should create/apply a valid CR for CRD with validation schema" classname="Kubernetes e2e suite" time="0">
          <skipped></skipped>
      </testcase>
      <testcase name="[sig-storage] In-tree Volumes [Driver: emptydir] [Testpattern: Pre-provisioned PV (default fs)] subPath should support existing single file [LinuxOnly]" classname="Kubernetes e2e suite" time="0">
          <skipped></skipped>
      </testcase>
      <testcase name="[sig-storage] In-tree Volumes [Driver: ceph][Feature:Volumes][Serial] [Testpattern: Inline-volume (default fs)] subPath should fail if subpath file is outside the volume [Slow][LinuxOnly]" classname="Kubernetes e2e suite" time="0">
          <skipped></skipped>
      </testcase>
      <testcase name="[sig-storage] In-tree Volumes [Driver: hostPath] [Testpattern: Dynamic PV (block volmode)] disruptive[Disruptive][LinuxOnly] Should test that pv used in a pod that is force deleted while the kubelet is down cleans up when the kubelet returns." classname="Kubernetes e2e suite" time="0">
          <skipped></skipped>
      </testcase>
      <testcase name="[sig-storage] In-tree Volumes [Driver: hostPathSymlink] [Testpattern: Pre-provisioned PV (filesystem volmode)] volumeMode should not mount / map unused volumes in a pod [LinuxOnly]" classname="Kubernetes e2e suite" time="0">
          <skipped></skipped>
      </testcase>
      <testcase name="[sig-storage] CSI Volumes [Driver: pd.csi.storage.gke.io][Serial] [Testpattern: Dynamic PV (default fs)] subPath should fail if subpath directory is outside the volume [Slow][LinuxOnly]" classname="Kubernetes e2e suite" time="0">
          <skipped></skipped>
      </testcase>
      <testcase name="[sig-storage] In-tree Volumes [Driver: cinder] [Testpattern: Pre-provisioned PV (filesystem volmode)] multiVolume [Slow] should access to two volumes with different volume mode and retain data across pod recreation on the same node" classname="Kubernetes e2e suite" time="0">
          <skipped></skipped>
      </testcase>
      <testcase name="[sig-storage] In-tree Volumes [Driver: hostPathSymlink] [Testpattern: Dynamic PV (block volmode)] provisioning should provision storage with pvc data source in parallel [Slow]" classname="Kubernetes e2e suite" time="0">
          <skipped></skipped>
      </testcase>
      <testcase name="[sig-storage] EmptyDir volumes pod should support memory backed volumes of specified size" classname="Kubernetes e2e suite" time="0">
          <skipped></skipped>
      </testcase>
      <testcase name="[sig-storage] In-tree Volumes [Driver: local][LocalVolumeType: blockfs] [Testpattern: Pre-provisioned PV (default fs)] subPath should support readOnly file specified in the volumeMount [LinuxOnly]" classname="Kubernetes e2e suite" time="0">
          <skipped></skipped>
      </testcase>
      <testcase name="[sig-storage] In-tree Volumes [Driver: iscsi][Feature:Volumes] [Testpattern: Dynamic PV (default fs)(allowExpansion)] volume-expand Verify if offline PVC expansion works" classname="Kubernetes e2e suite" time="0">
          <skipped></skipped>
      </testcase>
      <testcase name="[sig-storage] In-tree Volumes [Driver: ceph][Feature:Volumes][Serial] [Testpattern: Dynamic PV (filesystem volmode)] multiVolume [Slow] should access to two volumes with different volume mode and retain data across pod recreation on different node" classname="Kubernetes e2e suite" time="0">
          <skipped></skipped>
      </testcase>
      <testcase name="[sig-storage] In-tree Volumes [Driver: local][LocalVolumeType: dir-bindmounted] [Testpattern: Dynamic PV (ntfs)][Feature:Windows] volumes should store data" classname="Kubernetes e2e suite" time="0">
          <skipped></skipped>
      </testcase>
      <testcase name="[sig-node] Container Runtime blackbox test on terminated container should report termination message [LinuxOnly] from log output if TerminationMessagePolicy FallbackToLogsOnError is set [NodeConformance] [Conformance]" classname="Kubernetes e2e suite" time="2.144244782"></testcase>
      <testcase name="[sig-storage] CSI Volumes [Driver: csi-hostpath] [Testpattern: Inline-volume (ext3)] volumes should store data" classname="Kubernetes e2e suite" time="0">
          <skipped></skipped>
      </testcase>
      <testcase name="[sig-storage] In-tree Volumes [Driver: local][LocalVolumeType: dir-bindmounted] [Testpattern: Inline-volume (ntfs)][Feature:Windows] volumes should store data" classname="Kubernetes e2e suite" time="0">
          <skipped></skipped>
      </testcase>
      <testcase name="[sig-storage] Projected secret should be consumable from pods in volume with mappings and Item Mode set [LinuxOnly] [NodeConformance] [Conformance]" classname="Kubernetes e2e suite" time="2.145985028"></testcase>
      <testcase name="[sig-storage] In-tree Volumes [Driver: gcepd] [Testpattern: Dynamic PV (block volmode)] multiVolume [Slow] should access to two volumes with the same volume mode and retain data across pod recreation on the same node" classname="Kubernetes e2e suite" time="0">
          <skipped></skipped>
      </testcase>
      <testcase name="[sig-storage] In-tree Volumes [Driver: emptydir] [Testpattern: Dynamic PV (xfs)][Slow] multiVolume [Slow] should concurrently access the single volume from pods on the same node" classname="Kubernetes e2e suite" time="0">
          <skipped></skipped>
      </testcase>
      <testcase name="[sig-storage] In-tree Volumes [Driver: rbd][Feature:Volumes][Serial] [Testpattern: Pre-provisioned PV (block volmode)] volumeMode should not mount / map unused volumes in a pod [LinuxOnly]" classname="Kubernetes e2e suite" time="0">
          <skipped></skipped>
      </testcase>
      <testcase name="[sig-storage] In-tree Volumes [Driver: ceph][Feature:Volumes][Serial] [Testpattern: Dynamic PV (default fs)] provisioning should provision storage with pvc data source" classname="Kubernetes e2e suite" time="0">
          <skipped></skipped>
      </testcase>
      <testcase name="[sig-storage] CSI Volumes [Driver: csi-hostpath] [Testpattern: Pre-provisioned PV (default fs)] subPath should support file as subpath [LinuxOnly]" classname="Kubernetes e2e suite" time="0">
          <skipped></skipped>
      </testcase>
      <testcase name="[sig-storage] In-tree Volumes [Driver: gcepd] [Testpattern: Dynamic PV (default fs)] subPath should support existing directories when readOnly specified in the volumeSource" classname="Kubernetes e2e suite" time="0">
          <skipped></skipped>
      </testcase>
      <testcase name="[sig-storage] In-tree Volumes [Driver: iscsi][Feature:Volumes] [Testpattern: Dynamic PV (ext4)] multiVolume [Slow] should access to two volumes with the same volume mode and retain data across pod recreation on different node" classname="Kubernetes e2e suite" time="0">
          <skipped></skipped>
      </testcase>
      <testcase name="[sig-storage] In-tree Volumes [Driver: aws] [Testpattern: Dynamic PV (ext4)] multiVolume [Slow] should access to two volumes with different volume mode and retain data across pod recreation on different node" classname="Kubernetes e2e suite" time="0">
          <skipped></skipped>
      </testcase>
      <testcase name="[sig-storage] Projected downwardAPI should provide podname as non-root with fsgroup [LinuxOnly] [NodeFeature:FSGroup]" classname="Kubernetes e2e suite" time="0">
          <skipped></skipped>
      </testcase>
      <testcase name="[sig-storage] In-tree Volumes [Driver: gluster] [Testpattern: Pre-provisioned PV (ntfs)][Feature:Windows] volumes should allow exec of files on the volume" classname="Kubernetes e2e suite" time="0">
          <skipped></skipped>
      </testcase>
      <testcase name="[sig-storage] In-tree Volumes [Driver: local][LocalVolumeType: gce-localssd-scsi-fs] [Serial] [Testpattern: Dynamic PV (block volmode)] volumeMode should not mount / map unused volumes in a pod [LinuxOnly]" classname="Kubernetes e2e suite" time="0">
          <skipped></skipped>
      </testcase>
      <testcase name="[sig-auth] Certificates API [Privileged:ClusterAdmin] should support CSR API operations [Conformance]" classname="Kubernetes e2e suite" time="1.285823897"></testcase>
      <testcase name="[sig-storage] Zone Support [Feature:vsphere] Verify a pod is created and attached to a dynamically created PV, based on the allowed zones and storage policy specified in storage class" classname="Kubernetes e2e suite" time="0">
          <skipped></skipped>
      </testcase>
      <testcase name="[sig-api-machinery] CustomResourceConversionWebhook [Privileged:ClusterAdmin] should be able to convert a non homogeneous list of CRs [Conformance]" classname="Kubernetes e2e suite" time="38.900588462"></testcase>
      <testcase name="[sig-storage] CSI Volumes [Driver: pd.csi.storage.gke.io][Serial] [Testpattern: Dynamic PV (ntfs)][Feature:Windows] subPath should fail if non-existent subpath is outside the volume [Slow][LinuxOnly]" classname="Kubernetes e2e suite" time="0">
          <skipped></skipped>
      </testcase>
      <testcase name="[sig-node] Kubelet when scheduling a busybox command that always fails in a pod should be possible to delete [NodeConformance] [Conformance]" classname="Kubernetes e2e suite" time="0.198539714"></testcase>
      <testcase name="[sig-storage] PersistentVolumes-local  [Volume type: gce-localssd-scsi-fs] [Serial] One pod requesting one prebound PVC should be able to mount volume and write from pod1" classname="Kubernetes e2e suite" time="0">
          <skipped></skipped>
      </testcase>
      <testcase name="[sig-storage] In-tree Volumes [Driver: cinder] [Testpattern: Dynamic PV (ntfs)][Feature:Windows] volumes should allow exec of files on the volume" classname="Kubernetes e2e suite" time="0">
          <skipped></skipped>
      </testcase>
      <testcase name="[sig-storage] In-tree Volumes [Driver: ceph][Feature:Volumes][Serial] [Testpattern: Pre-provisioned PV (ext3)] volumes should allow exec of files on the volume" classname="Kubernetes e2e suite" time="0">
          <skipped></skipped>
      </testcase>
      <testcase name="[sig-storage] In-tree Volumes [Driver: local][LocalVolumeType: dir-link] [Testpattern: Dynamic PV (default fs)] subPath should support readOnly directory specified in the volumeMount" classname="Kubernetes e2e suite" time="0">
          <skipped></skipped>
      </testcase>
      <testcase name="[sig-storage] In-tree Volumes [Driver: iscsi][Feature:Volumes] [Testpattern: Inline-volume (ntfs)][Feature:Windows] volumes should allow exec of files on the volume" classname="Kubernetes e2e suite" time="0">
          <skipped></skipped>
      </testcase>
      <testcase name="[sig-storage] In-tree Volumes [Driver: ceph][Feature:Volumes][Serial] [Testpattern: Pre-provisioned PV (filesystem volmode)] multiVolume [Slow] should access to two volumes with the same volume mode and retain data across pod recreation on the same node" classname="Kubernetes e2e suite" time="0">
          <skipped></skipped>
      </testcase>
      <testcase name="[sig-storage] In-tree Volumes [Driver: vsphere] [Testpattern: Dynamic PV (default fs)] provisioning should provision storage with mount options" classname="Kubernetes e2e suite" time="0">
          <skipped></skipped>
      </testcase>
      <testcase name="[sig-storage] In-tree Volumes [Driver: vsphere] [Testpattern: Dynamic PV (delayed binding)] topology should fail to schedule a pod which has topologies that conflict with AllowedTopologies" classname="Kubernetes e2e suite" time="0">
          <skipped></skipped>
      </testcase>
      <testcase name="[sig-storage] In-tree Volumes [Driver: local][LocalVolumeType: tmpfs] [Testpattern: Inline-volume (default fs)] subPath should be able to unmount after the subpath directory is deleted [LinuxOnly]" classname="Kubernetes e2e suite" time="0">
          <skipped></skipped>
      </testcase>
      <testcase name="[sig-node] InitContainer [NodeConformance] should not start app containers and fail the pod if init containers fail on a RestartNever pod [Conformance]" classname="Kubernetes e2e suite" time="2.968186892"></testcase>
      <testcase name="[sig-storage] CSI Volumes [Driver: pd.csi.storage.gke.io][Serial] [Testpattern: Dynamic PV (block volmode)] multiVolume [Slow] should access to two volumes with the same volume mode and retain data across pod recreation on different node" classname="Kubernetes e2e suite" time="0">
          <skipped></skipped>
      </testcase>
      <testcase name="[sig-storage] In-tree Volumes [Driver: local][LocalVolumeType: tmpfs] [Testpattern: Pre-provisioned PV (block volmode)] volumeMode should not mount / map unused volumes in a pod [LinuxOnly]" classname="Kubernetes e2e suite" time="0">
          <skipped></skipped>
      </testcase>
      <testcase name="[sig-storage] In-tree Volumes [Driver: local][LocalVolumeType: dir] [Testpattern: Dynamic PV (default fs)] fsgroupchangepolicy (OnRootMismatch)[LinuxOnly], pod created with an initial fsgroup, volume contents ownership changed in first pod, new pod with same fsgroup skips ownership changes to the volume contents" classname="Kubernetes e2e suite" time="0">
          <skipped></skipped>
      </testcase>
      <testcase name="[sig-storage] In-tree Volumes [Driver: azure-disk] [Testpattern: Dynamic PV (block volmode)] volumeMode should fail to use a volume in a pod with mismatched mode [Slow]" classname="Kubernetes e2e suite" time="0">
          <skipped></skipped>
      </testcase>
      <testcase name="[sig-storage] In-tree Volumes [Driver: local][LocalVolumeType: dir-link] [Testpattern: Dynamic PV (ntfs)][Feature:Windows] subPath should fail if subpath directory is outside the volume [Slow][LinuxOnly]" classname="Kubernetes e2e suite" time="0">
          <skipped></skipped>
      </testcase>
      <testcase name="[sig-storage] In-tree Volumes [Driver: local][LocalVolumeType: dir-link-bindmounted] [Testpattern: Inline-volume (default fs)] subPath should support existing directories when readOnly specified in the volumeSource" classname="Kubernetes e2e suite" time="0">
          <skipped></skipped>
      </testcase>
      <testcase name="[sig-storage] In-tree Volumes [Driver: local][LocalVolumeType: dir-link] [Testpattern: Dynamic PV (ext4)] multiVolume [Slow] should access to two volumes with the same volume mode and retain data across pod recreation on different node" classname="Kubernetes e2e suite" time="0">
          <skipped></skipped>
      </testcase>
      <testcase name="[sig-storage] CSI Volumes [Driver: pd.csi.storage.gke.io][Serial] [Testpattern: Dynamic PV (ext4)] multiVolume [Slow] should access to two volumes with different volume mode and retain data across pod recreation on different node" classname="Kubernetes e2e suite" time="0">
          <skipped></skipped>
      </testcase>
      <testcase name="[sig-storage] In-tree Volumes [Driver: local][LocalVolumeType: dir-link-bindmounted] [Testpattern: Pre-provisioned PV (default fs)] subPath should support restarting containers using directory as subpath [Slow]" classname="Kubernetes e2e suite" time="0">
          <skipped></skipped>
      </testcase>
      <testcase name="[sig-storage] In-tree Volumes [Driver: hostPath] [Testpattern: Dynamic PV (default fs)] subPath should verify container cannot write to subpath readonly volumes [Slow]" classname="Kubernetes e2e suite" time="0">
          <skipped></skipped>
      </testcase>
      <testcase name="[sig-storage] In-tree Volumes [Driver: local][LocalVolumeType: tmpfs] [Testpattern: Dynamic PV (xfs)][Slow] multiVolume [Slow] should access to two volumes with different volume mode and retain data across pod recreation on different node" classname="Kubernetes e2e suite" time="0">
          <skipped></skipped>
      </testcase>
      <testcase name="[sig-storage] In-tree Volumes [Driver: local][LocalVolumeType: dir-bindmounted] [Testpattern: Pre-provisioned PV (block volmode)] disruptive[Disruptive][LinuxOnly] Should test that pv used in a pod that is deleted while the kubelet is down cleans up when the kubelet returns." classname="Kubernetes e2e suite" time="0">
          <skipped></skipped>
      </testcase>
      <testcase name="[sig-storage] In-tree Volumes [Driver: iscsi][Feature:Volumes] [Testpattern: Dynamic PV (default fs)] subPath should fail if subpath directory is outside the volume [Slow][LinuxOnly]" classname="Kubernetes e2e suite" time="0">
          <skipped></skipped>
      </testcase>
      <testcase name="[sig-storage] In-tree Volumes [Driver: local][LocalVolumeType: dir-link-bindmounted] [Testpattern: Dynamic PV (ntfs)][Feature:Windows] subPath should be able to unmount after the subpath directory is deleted [LinuxOnly]" classname="Kubernetes e2e suite" time="0">
          <skipped></skipped>
      </testcase>
      <testcase name="[sig-storage] In-tree Volumes [Driver: local][LocalVolumeType: dir-link-bindmounted] [Testpattern: Dynamic PV (delayed binding)] topology should fail to schedule a pod which has topologies that conflict with AllowedTopologies" classname="Kubernetes e2e suite" time="0">
          <skipped></skipped>
      </testcase>
      <testcase name="[sig-cli] Kubectl client Simple pod should handle in-cluster config" classname="Kubernetes e2e suite" time="0">
          <skipped></skipped>
      </testcase>
      <testcase name="[sig-cloud-provider-gcp] [Disruptive]NodeLease NodeLease deletion node lease should be deleted when corresponding node is deleted" classname="Kubernetes e2e suite" time="0">
          <skipped></skipped>
      </testcase>
      <testcase name="[sig-storage] In-tree Volumes [Driver: vsphere] [Testpattern: Pre-provisioned PV (filesystem volmode)] multiVolume [Slow] should access to two volumes with the same volume mode and retain data across pod recreation on the same node" classname="Kubernetes e2e suite" time="0">
          <skipped></skipped>
      </testcase>
      <testcase name="[sig-storage] In-tree Volumes [Driver: local][LocalVolumeType: dir-link] [Testpattern: Dynamic PV (delayed binding)] topology should fail to schedule a pod which has topologies that conflict with AllowedTopologies" classname="Kubernetes e2e suite" time="0">
          <skipped></skipped>
      </testcase>
      <testcase name="[sig-network] Firewall rule control plane should not expose well-known ports" classname="Kubernetes e2e suite" time="0">
          <skipped></skipped>
      </testcase>
      <testcase name="[sig-storage] In-tree Volumes [Driver: azure-disk] [Testpattern: Inline-volume (default fs)] subPath should fail if non-existent subpath is outside the volume [Slow][LinuxOnly]" classname="Kubernetes e2e suite" time="0">
          <skipped></skipped>
      </testcase>
      <testcase name="[sig-storage] In-tree Volumes [Driver: azure-disk] [Testpattern: Dynamic PV (default fs)] subPath should fail if non-existent subpath is outside the volume [Slow][LinuxOnly]" classname="Kubernetes e2e suite" time="0">
          <skipped></skipped>
      </testcase>
      <testcase name="[sig-storage] In-tree Volumes [Driver: iscsi][Feature:Volumes] [Testpattern: Dynamic PV (block volmode)] volumes should store data" classname="Kubernetes e2e suite" time="0">
          <skipped></skipped>
      </testcase>
      <testcase name="[sig-storage] In-tree Volumes [Driver: local][LocalVolumeType: gce-localssd-scsi-fs] [Serial] [Testpattern: Dynamic PV (default fs)] volumes should allow exec of files on the volume" classname="Kubernetes e2e suite" time="0">
          <skipped></skipped>
      </testcase>
      <testcase name="[sig-storage] In-tree Volumes [Driver: azure-disk] [Testpattern: Dynamic PV (default fs)] volume-stress multiple pods should access different volumes repeatedly [Slow] [Serial]" classname="Kubernetes e2e suite" time="0">
          <skipped></skipped>
      </testcase>
      <testcase name="[sig-storage] In-tree Volumes [Driver: emptydir] [Testpattern: Dynamic PV (default fs)(allowExpansion)] volume-expand Verify if offline PVC expansion works" classname="Kubernetes e2e suite" time="0">
          <skipped></skipped>
      </testcase>
      <testcase name="[sig-storage] In-tree Volumes [Driver: local][LocalVolumeType: dir-link] [Testpattern: Dynamic PV (ntfs)][Feature:Windows] subPath should support file as subpath [LinuxOnly]" classname="Kubernetes e2e suite" time="0">
          <skipped></skipped>
      </testcase>
      <testcase name="[sig-storage] In-tree Volumes [Driver: local][LocalVolumeType: block] [Testpattern: Dynamic PV (ntfs)][Feature:Windows] subPath should support file as subpath [LinuxOnly]" classname="Kubernetes e2e suite" time="0">
          <skipped></skipped>
      </testcase>
      <testcase name="[sig-storage] In-tree Volumes [Driver: azure-disk] [Testpattern: Inline-volume (default fs)] volumes should allow exec of files on the volume" classname="Kubernetes e2e suite" time="0">
          <skipped></skipped>
      </testcase>
      <testcase name="[sig-storage] In-tree Volumes [Driver: hostPath] [Testpattern: Dynamic PV (ext3)] volumes should store data" classname="Kubernetes e2e suite" time="0">
          <skipped></skipped>
      </testcase>
      <testcase name="[sig-storage] In-tree Volumes [Driver: hostPathSymlink] [Testpattern: Dynamic PV (xfs)][Slow] multiVolume [Slow] should access to two volumes with different volume mode and retain data across pod recreation on different node" classname="Kubernetes e2e suite" time="0">
          <skipped></skipped>
      </testcase>
      <testcase name="[sig-storage] In-tree Volumes [Driver: nfs] [Testpattern: Dynamic PV (ext4)] multiVolume [Slow] should access to two volumes with the same volume mode and retain data across pod recreation on the same node" classname="Kubernetes e2e suite" time="0">
          <skipped></skipped>
      </testcase>
      <testcase name="[sig-storage] In-tree Volumes [Driver: ceph][Feature:Volumes][Serial] [Testpattern: Dynamic PV (filesystem volmode)] multiVolume [Slow] should concurrently access the single volume from pods on different node" classname="Kubernetes e2e suite" time="0">
          <skipped></skipped>
      </testcase>
      <testcase name="[sig-storage] In-tree Volumes [Driver: azure-disk] [Testpattern: Dynamic PV (filesystem volmode)] multiVolume [Slow] should concurrently access the single volume from pods on the same node" classname="Kubernetes e2e suite" time="0">
          <skipped></skipped>
      </testcase>
      <testcase name="[sig-autoscaling] [Feature:HPA] Horizontal pod autoscaling (scale resource: CPU) [Serial] [Slow] Deployment Should scale from 1 pod to 3 pods and from 3 to 5" classname="Kubernetes e2e suite" time="0">
          <skipped></skipped>
      </testcase>
      <testcase name="[sig-storage] In-tree Volumes [Driver: azure-disk] [Testpattern: Dynamic PV (filesystem volmode)] disruptive[Disruptive][LinuxOnly] Should test that pv written before kubelet restart is readable after restart." classname="Kubernetes e2e suite" time="0">
          <skipped></skipped>
      </testcase>
      <testcase name="[sig-node] Downward API [Serial] [Disruptive] [NodeFeature:DownwardAPIHugePages] Downward API tests for hugepages should provide default limits.hugepages-&lt;pagesize&gt; from node allocatable" classname="Kubernetes e2e suite" time="0">
          <skipped></skipped>
      </testcase>
      <testcase name="[sig-network] NetworkPolicyLegacy [LinuxOnly] NetworkPolicy between server and client should stop enforcing policies after they are deleted [Feature:NetworkPolicy]" classname="Kubernetes e2e suite" time="0">
          <skipped></skipped>
      </testcase>
      <testcase name="[sig-storage] Volume Provisioning On Clustered Datastore [Feature:vsphere] verify dynamic provision with spbm policy on clustered datastore" classname="Kubernetes e2e suite" time="0">
          <skipped></skipped>
      </testcase>
      <testcase name="[sig-storage] [Feature:Flexvolumes] Detaching volumes should not work when mount is in progress [Slow]" classname="Kubernetes e2e suite" time="0">
          <skipped></skipped>
      </testcase>
      <testcase name="[sig-storage] In-tree Volumes [Driver: hostPath] [Testpattern: Dynamic PV (filesystem volmode)] multiVolume [Slow] should concurrently access the volume and restored snapshot from pods on the same node [LinuxOnly][Feature:VolumeSnapshotDataSource][Feature:VolumeSourceXFS]" classname="Kubernetes e2e suite" time="0">
          <skipped></skipped>
      </testcase>
      <testcase name="[sig-storage] In-tree Volumes [Driver: local][LocalVolumeType: dir-bindmounted] [Testpattern: Dynamic PV (ntfs)][Feature:Windows] provisioning should provision storage with snapshot data source [Feature:VolumeSnapshotDataSource]" classname="Kubernetes e2e suite" time="0">
          <skipped></skipped>
      </testcase>
      <testcase name="[sig-storage] In-tree Volumes [Driver: vsphere] [Testpattern: Inline-volume (default fs)] subPath should fail if subpath directory is outside the volume [Slow][LinuxOnly]" classname="Kubernetes e2e suite" time="0">
          <skipped></skipped>
      </testcase>
      <testcase name="[sig-storage] In-tree Volumes [Driver: gcepd] [Testpattern: Pre-provisioned PV (default fs)] subPath should support existing directory" classname="Kubernetes e2e suite" time="0">
          <skipped></skipped>
      </testcase>
      <testcase name="[sig-cli] Kubectl client Kubectl api-versions should check if v1 is in available api versions  [Conformance]" classname="Kubernetes e2e suite" time="0.166750318"></testcase>
      <testcase name="[sig-network] SCTP [Feature:SCTP] [LinuxOnly] should create a ClusterIP Service with SCTP ports" classname="Kubernetes e2e suite" time="0">
          <skipped></skipped>
      </testcase>
      <testcase name="[sig-storage] ConfigMap optional updates should be reflected in volume [NodeConformance] [Conformance]" classname="Kubernetes e2e suite" time="4.214458455"></testcase>
      <testcase name="[sig-storage] In-tree Volumes [Driver: local][LocalVolumeType: blockfs] [Testpattern: Inline-volume (ext4)] volumes should store data" classname="Kubernetes e2e suite" time="0">
          <skipped></skipped>
      </testcase>
      <testcase name="[sig-storage] CSI Volumes [Driver: pd.csi.storage.gke.io][Serial] [Testpattern: Inline-volume (default fs)] subPath should support file as subpath [LinuxOnly]" classname="Kubernetes e2e suite" time="0">
          <skipped></skipped>
      </testcase>
      <testcase name="[sig-storage] In-tree Volumes [Driver: cinder] [Testpattern: Dynamic PV (default fs)] fsgroupchangepolicy (OnRootMismatch)[LinuxOnly], pod created with an initial fsgroup, volume contents ownership changed in first pod, new pod with same fsgroup skips ownership changes to the volume contents" classname="Kubernetes e2e suite" time="0">
          <skipped></skipped>
      </testcase>
      <testcase name="[sig-storage] In-tree Volumes [Driver: gcepd] [Testpattern: Inline-volume (default fs)] subPath should support existing directory" classname="Kubernetes e2e suite" time="0">
          <skipped></skipped>
      </testcase>
      <testcase name="[sig-storage] In-tree Volumes [Driver: hostPath] [Testpattern: Dynamic PV (default fs)] subPath should support restarting containers using file as subpath [Slow][LinuxOnly]" classname="Kubernetes e2e suite" time="0">
          <skipped></skipped>
      </testcase>
      <testcase name="[sig-storage] In-tree Volumes [Driver: local][LocalVolumeType: dir-bindmounted] [Testpattern: Dynamic PV (filesystem volmode)] volumeMode should fail to use a volume in a pod with mismatched mode [Slow]" classname="Kubernetes e2e suite" time="0">
          <skipped></skipped>
      </testcase>
      <testcase name="[sig-storage] CSI mock volume CSIStorageCapacity CSIStorageCapacity used, insufficient capacity" classname="Kubernetes e2e suite" time="0">
          <skipped></skipped>
      </testcase>
      <testcase name="[sig-storage] In-tree Volumes [Driver: hostPath] [Testpattern: Dynamic PV (block volmode)] multiVolume [Slow] should access to two volumes with different volume mode and retain data across pod recreation on different node" classname="Kubernetes e2e suite" time="0">
          <skipped></skipped>
      </testcase>
      <testcase name="[sig-storage] In-tree Volumes [Driver: nfs] [Testpattern: Inline-volume (ext4)] volumes should allow exec of files on the volume" classname="Kubernetes e2e suite" time="0">
          <skipped></skipped>
      </testcase>
      <testcase name="[sig-storage] In-tree Volumes [Driver: local][LocalVolumeType: dir-link-bindmounted] [Testpattern: Dynamic PV (block volmode)(allowExpansion)] volume-expand should resize volume when PVC is edited while pod is using it" classname="Kubernetes e2e suite" time="0">
          <skipped></skipped>
      </testcase>
      <testcase name="[sig-api-machinery] ServerSideApply should give up ownership of a field if forced applied by a controller" classname="Kubernetes e2e suite" time="0">
          <skipped></skipped>
      </testcase>
      <testcase name="[sig-storage] In-tree Volumes [Driver: local][LocalVolumeType: dir-bindmounted] [Testpattern: Pre-provisioned PV (block volmode)] multiVolume [Slow] should access to two volumes with different volume mode and retain data across pod recreation on different node" classname="Kubernetes e2e suite" time="0">
          <skipped></skipped>
      </testcase>
      <testcase name="[sig-storage] In-tree Volumes [Driver: local][LocalVolumeType: gce-localssd-scsi-fs] [Serial] [Testpattern: Dynamic PV (block volmode)(allowExpansion)] volume-expand should resize volume when PVC is edited while pod is using it" classname="Kubernetes e2e suite" time="0">
          <skipped></skipped>
      </testcase>
      <testcase name="[sig-storage] PersistentVolumes-local  [Volume type: dir] Set fsGroup for local volume should set fsGroup for one pod [Slow]" classname="Kubernetes e2e suite" time="0">
          <skipped></skipped>
      </testcase>
      <testcase name="[sig-storage] HostPath should give a volume the correct mode [LinuxOnly] [NodeConformance]" classname="Kubernetes e2e suite" time="0">
          <skipped></skipped>
      </testcase>
      <testcase name="[sig-storage] CSI Volumes [Driver: pd.csi.storage.gke.io][Serial] [Testpattern: Dynamic PV (filesystem volmode)] multiVolume [Slow] should access to two volumes with the same volume mode and retain data across pod recreation on different node" classname="Kubernetes e2e suite" time="0">
          <skipped></skipped>
      </testcase>
      <testcase name="[sig-storage] In-tree Volumes [Driver: rbd][Feature:Volumes][Serial] [Testpattern: Dynamic PV (ntfs)][Feature:Windows] subPath should be able to unmount after the subpath directory is deleted [LinuxOnly]" classname="Kubernetes e2e suite" time="0">
          <skipped></skipped>
      </testcase>
      <testcase name="[sig-storage] In-tree Volumes [Driver: local][LocalVolumeType: gce-localssd-scsi-fs] [Serial] [Testpattern: Dynamic PV (default fs)] subPath should unmount if pod is force deleted while kubelet is down [Disruptive][Slow][LinuxOnly]" classname="Kubernetes e2e suite" time="0">
          <skipped></skipped>
      </testcase>
      <testcase name="[sig-storage] CSI Volumes [Driver: csi-hostpath] [Testpattern: Dynamic PV (ntfs)][Feature:Windows] subPath should unmount if pod is gracefully deleted while kubelet is down [Disruptive][Slow][LinuxOnly]" classname="Kubernetes e2e suite" time="0">
          <skipped></skipped>
      </testcase>
      <testcase name="[sig-storage] In-tree Volumes [Driver: local][LocalVolumeType: dir] [Testpattern: Dynamic PV (xfs)][Slow] multiVolume [Slow] should access to two volumes with different volume mode and retain data across pod recreation on the same node" classname="Kubernetes e2e suite" time="0">
          <skipped></skipped>
      </testcase>
      <testcase name="[sig-storage] In-tree Volumes [Driver: vsphere] [Testpattern: Inline-volume (default fs)] subPath should support existing directory" classname="Kubernetes e2e suite" time="0">
          <skipped></skipped>
      </testcase>
      <testcase name="[sig-storage] In-tree Volumes [Driver: azure-disk] [Testpattern: Dynamic PV (ntfs)(allowExpansion)][Feature:Windows] volume-expand should resize volume when PVC is edited while pod is using it" classname="Kubernetes e2e suite" time="0">
          <skipped></skipped>
      </testcase>
      <testcase name="[sig-storage] In-tree Volumes [Driver: hostPath] [Testpattern: Pre-provisioned PV (filesystem volmode)] multiVolume [Slow] should concurrently access the single volume from pods on different node" classname="Kubernetes e2e suite" time="0">
          <skipped></skipped>
      </testcase>
      <testcase name="[sig-storage] In-tree Volumes [Driver: hostPathSymlink] [Testpattern: Pre-provisioned PV (default fs)] subPath should fail if subpath directory is outside the volume [Slow][LinuxOnly]" classname="Kubernetes e2e suite" time="0">
          <skipped></skipped>
      </testcase>
      <testcase name="[sig-storage] In-tree Volumes [Driver: local][LocalVolumeType: dir-bindmounted] [Testpattern: Dynamic PV (default fs)] subPath should be able to unmount after the subpath directory is deleted [LinuxOnly]" classname="Kubernetes e2e suite" time="0">
          <skipped></skipped>
      </testcase>
      <testcase name="[sig-node] Security Context should support seccomp unconfined on the container [LinuxOnly]" classname="Kubernetes e2e suite" time="0">
          <skipped></skipped>
      </testcase>
      <testcase name="[sig-storage] CSI Volumes [Driver: csi-hostpath] [Testpattern: Pre-provisioned PV (default fs)] subPath should fail if subpath with backstepping is outside the volume [Slow][LinuxOnly]" classname="Kubernetes e2e suite" time="0">
          <skipped></skipped>
      </testcase>
      <testcase name="[sig-storage] In-tree Volumes [Driver: iscsi][Feature:Volumes] [Testpattern: Inline-volume (ntfs)][Feature:Windows] volumes should store data" classname="Kubernetes e2e suite" time="0">
          <skipped></skipped>
      </testcase>
      <testcase name="[sig-storage] In-tree Volumes [Driver: rbd][Feature:Volumes][Serial] [Testpattern: Dynamic PV (ntfs)][Feature:Windows] volumes should store data" classname="Kubernetes e2e suite" time="0">
          <skipped></skipped>
      </testcase>
      <testcase name="[sig-storage] CSI Volumes [Driver: csi-hostpath] [Testpattern: Pre-provisioned PV (filesystem volmode)] multiVolume [Slow] should access to two volumes with the same volume mode and retain data across pod recreation on different node" classname="Kubernetes e2e suite" time="0">
          <skipped></skipped>
      </testcase>
      <testcase name="[sig-storage] In-tree Volumes [Driver: local][LocalVolumeType: dir] [Testpattern: Pre-provisioned PV (block volmode)] volumeMode should fail to use a volume in a pod with mismatched mode [Slow]" classname="Kubernetes e2e suite" time="0">
          <skipped></skipped>
      </testcase>
      <testcase name="[sig-storage] In-tree Volumes [Driver: rbd][Feature:Volumes][Serial] [Testpattern: Dynamic PV (ext4)] multiVolume [Slow] should concurrently access the single volume from pods on the same node" classname="Kubernetes e2e suite" time="0">
          <skipped></skipped>
      </testcase>
      <testcase name="[sig-storage] In-tree Volumes [Driver: hostPath] [Testpattern: Dynamic PV (default fs)] provisioning should provision storage with pvc data source" classname="Kubernetes e2e suite" time="0">
          <skipped></skipped>
      </testcase>
      <testcase name="[sig-storage] In-tree Volumes [Driver: hostPath] [Testpattern: Dynamic PV (ntfs)][Feature:Windows] subPath should support restarting containers using directory as subpath [Slow]" classname="Kubernetes e2e suite" time="0">
          <skipped></skipped>
      </testcase>
      <testcase name="[sig-autoscaling] Cluster size autoscaling [Slow] should increase cluster size if pending pods are small [Feature:ClusterSizeAutoscalingScaleUp]" classname="Kubernetes e2e suite" time="0">
          <skipped></skipped>
      </testcase>
      <testcase name="[sig-storage] In-tree Volumes [Driver: local][LocalVolumeType: gce-localssd-scsi-fs] [Serial] [Testpattern: Inline-volume (default fs)] subPath should support readOnly directory specified in the volumeMount" classname="Kubernetes e2e suite" time="0">
          <skipped></skipped>
      </testcase>
      <testcase name="[sig-storage] In-tree Volumes [Driver: local][LocalVolumeType: gce-localssd-scsi-fs] [Serial] [Testpattern: Dynamic PV (filesystem volmode)] multiVolume [Slow] should access to two volumes with the same volume mode and retain data across pod recreation on the same node" classname="Kubernetes e2e suite" time="0">
          <skipped></skipped>
      </testcase>
      <testcase name="[sig-storage] CSI Volumes [Driver: csi-hostpath] [Testpattern: Inline-volume (default fs)] subPath should support existing single file [LinuxOnly]" classname="Kubernetes e2e suite" time="0">
          <skipped></skipped>
      </testcase>
      <testcase name="[sig-storage] In-tree Volumes [Driver: iscsi][Feature:Volumes] [Testpattern: Dynamic PV (default fs)] subPath should unmount if pod is force deleted while kubelet is down [Disruptive][Slow][LinuxOnly]" classname="Kubernetes e2e suite" time="0">
          <skipped></skipped>
      </testcase>
      <testcase name="[sig-storage] PersistentVolumes-local  [Volume type: dir-link] Set fsGroup for local volume should set different fsGroup for second pod if first pod is deleted" classname="Kubernetes e2e suite" time="0">
          <skipped></skipped>
      </testcase>
      <testcase name="[sig-storage] In-tree Volumes [Driver: local][LocalVolumeType: blockfs] [Testpattern: Dynamic PV (block volmode)] volumeMode should fail to use a volume in a pod with mismatched mode [Slow]" classname="Kubernetes e2e suite" time="0">
          <skipped></skipped>
      </testcase>
      <testcase name="[sig-storage] In-tree Volumes [Driver: local][LocalVolumeType: dir-link] [Testpattern: Dynamic PV (block volmode)] multiVolume [Slow] should concurrently access the volume and its clone from pods on the same node [LinuxOnly][Feature:VolumeSnapshotDataSource][Feature:VolumeSourceXFS]" classname="Kubernetes e2e suite" time="0">
          <skipped></skipped>
      </testcase>
      <testcase name="[sig-storage] In-tree Volumes [Driver: vsphere] [Testpattern: Dynamic PV (default fs)] subPath should support non-existent path" classname="Kubernetes e2e suite" time="0">
          <skipped></skipped>
      </testcase>
      <testcase name="[sig-storage] In-tree Volumes [Driver: local][LocalVolumeType: dir-link] [Testpattern: Pre-provisioned PV (block volmode)] disruptive[Disruptive][LinuxOnly] Should test that pv written before kubelet restart is readable after restart." classname="Kubernetes e2e suite" time="0">
          <skipped></skipped>
      </testcase>
      <testcase name="[sig-storage] CSI Volumes [Driver: csi-hostpath] [Testpattern: Dynamic PV (ntfs)][Feature:Windows] subPath should support existing single file [LinuxOnly]" classname="Kubernetes e2e suite" time="0">
          <skipped></skipped>
      </testcase>
      <testcase name="[sig-storage] PersistentVolumes-local  [Volume type: blockfswithoutformat] One pod requesting one prebound PVC should be able to mount volume and read from pod1" classname="Kubernetes e2e suite" time="0">
          <skipped></skipped>
      </testcase>
      <testcase name="[sig-storage] In-tree Volumes [Driver: cinder] [Testpattern: Pre-provisioned PV (block volmode)] multiVolume [Slow] should access to two volumes with the same volume mode and retain data across pod recreation on different node" classname="Kubernetes e2e suite" time="0">
          <skipped></skipped>
      </testcase>
      <testcase name="[sig-storage] In-tree Volumes [Driver: vsphere] [Testpattern: Pre-provisioned PV (block volmode)] volumeMode should fail to use a volume in a pod with mismatched mode [Slow]" classname="Kubernetes e2e suite" time="0">
          <skipped></skipped>
      </testcase>
      <testcase name="[sig-storage] In-tree Volumes [Driver: local][LocalVolumeType: gce-localssd-scsi-fs] [Serial] [Testpattern: Pre-provisioned PV (default fs)] volumeIO should write files of various sizes, verify size, validate content [Slow][LinuxOnly]" classname="Kubernetes e2e suite" time="0">
          <skipped></skipped>
      </testcase>
      <testcase name="[sig-autoscaling] [HPA] Horizontal pod autoscaling (scale resource: Custom Metrics from Stackdriver) should scale up with two External metrics from Stackdriver [Feature:CustomMetricsAutoscaling]" classname="Kubernetes e2e suite" time="0">
          <skipped></skipped>
      </testcase>
      <testcase name="[sig-storage] In-tree Volumes [Driver: vsphere] [Testpattern: Dynamic PV (filesystem volmode)] multiVolume [Slow] should access to two volumes with different volume mode and retain data across pod recreation on the same node" classname="Kubernetes e2e suite" time="0">
          <skipped></skipped>
      </testcase>
      <testcase name="[sig-storage] In-tree Volumes [Driver: local][LocalVolumeType: block] [Testpattern: Pre-provisioned PV (filesystem volmode)] volumeMode should not mount / map unused volumes in a pod [LinuxOnly]" classname="Kubernetes e2e suite" time="0">
          <skipped></skipped>
      </testcase>
      <testcase name="[sig-storage] In-tree Volumes [Driver: rbd][Feature:Volumes][Serial] [Testpattern: Pre-provisioned PV (default fs)] subPath should support readOnly file specified in the volumeMount [LinuxOnly]" classname="Kubernetes e2e suite" time="0">
          <skipped></skipped>
      </testcase>
      <testcase name="[sig-storage] In-tree Volumes [Driver: azure-disk] [Testpattern: Dynamic PV (default fs)(allowExpansion)] volume-expand should resize volume when PVC is edited while pod is using it" classname="Kubernetes e2e suite" time="0">
          <skipped></skipped>
      </testcase>
      <testcase name="[sig-storage] In-tree Volumes [Driver: nfs] [Testpattern: Pre-provisioned PV (block volmode)] volumeMode should fail to use a volume in a pod with mismatched mode [Slow]" classname="Kubernetes e2e suite" time="0">
          <skipped></skipped>
      </testcase>
      <testcase name="[sig-storage] In-tree Volumes [Driver: local][LocalVolumeType: block] [Testpattern: Dynamic PV (ext4)] multiVolume [Slow] should access to two volumes with the same volume mode and retain data across pod recreation on the same node" classname="Kubernetes e2e suite" time="0">
          <skipped></skipped>
      </testcase>
      <testcase name="[sig-storage] In-tree Volumes [Driver: local][LocalVolumeType: tmpfs] [Testpattern: Inline-volume (ntfs)][Feature:Windows] volumes should allow exec of files on the volume" classname="Kubernetes e2e suite" time="0">
          <skipped></skipped>
      </testcase>
      <testcase name="[sig-storage] In-tree Volumes [Driver: vsphere] [Testpattern: Inline-volume (default fs)] subPath should be able to unmount after the subpath directory is deleted [LinuxOnly]" classname="Kubernetes e2e suite" time="0">
          <skipped></skipped>
      </testcase>
      <testcase name="[sig-storage] In-tree Volumes [Driver: local][LocalVolumeType: dir] [Testpattern: Pre-provisioned PV (default fs)] subPath should support creating multiple subpath from same volumes [Slow]" classname="Kubernetes e2e suite" time="0">
          <skipped></skipped>
      </testcase>
      <testcase name="[sig-api-machinery] CustomResourcePublishOpenAPI [Privileged:ClusterAdmin] works for multiple CRDs of same group but different versions [Conformance]" classname="Kubernetes e2e suite" time="29.837934005"></testcase>
      <testcase name="[sig-storage] In-tree Volumes [Driver: emptydir] [Testpattern: Pre-provisioned PV (default fs)] subPath should support creating multiple subpath from same volumes [Slow]" classname="Kubernetes e2e suite" time="0">
          <skipped></skipped>
      </testcase>
      <testcase name="[sig-storage] In-tree Volumes [Driver: local][LocalVolumeType: dir-link-bindmounted] [Testpattern: Dynamic PV (immediate binding)] topology should fail to schedule a pod which has topologies that conflict with AllowedTopologies" classname="Kubernetes e2e suite" time="0">
          <skipped></skipped>
      </testcase>
      <testcase name="[sig-storage] In-tree Volumes [Driver: local][LocalVolumeType: dir-bindmounted] [Testpattern: Dynamic PV (ntfs)][Feature:Windows] subPath should unmount if pod is force deleted while kubelet is down [Disruptive][Slow][LinuxOnly]" classname="Kubernetes e2e suite" time="0">
          <skipped></skipped>
      </testcase>
      <testcase name="[sig-storage] CSI Volumes [Driver: csi-hostpath] [Testpattern: Pre-provisioned PV (block volmode)] disruptive[Disruptive][LinuxOnly] Should test that pv used in a pod that is deleted while the kubelet is down cleans up when the kubelet returns." classname="Kubernetes e2e suite" time="0">
          <skipped></skipped>
      </testcase>
      <testcase name="[sig-storage] In-tree Volumes [Driver: vsphere] [Testpattern: Dynamic PV (ext4)] multiVolume [Slow] should concurrently access the volume and its clone from pods on the same node [LinuxOnly][Feature:VolumeSnapshotDataSource][Feature:VolumeSourceXFS]" classname="Kubernetes e2e suite" time="0">
          <skipped></skipped>
      </testcase>
      <testcase name="[sig-storage] In-tree Volumes [Driver: local][LocalVolumeType: dir-link-bindmounted] [Testpattern: Dynamic PV (ntfs)][Feature:Windows] subPath should fail if subpath file is outside the volume [Slow][LinuxOnly]" classname="Kubernetes e2e suite" time="0">
          <skipped></skipped>
      </testcase>
      <testcase name="[sig-storage] In-tree Volumes [Driver: emptydir] [Testpattern: Dynamic PV (ntfs)][Feature:Windows] subPath should support restarting containers using directory as subpath [Slow]" classname="Kubernetes e2e suite" time="0">
          <skipped></skipped>
      </testcase>
      <testcase name="[sig-storage] In-tree Volumes [Driver: azure-disk] [Testpattern: Dynamic PV (ntfs)][Feature:Windows] subPath should unmount if pod is gracefully deleted while kubelet is down [Disruptive][Slow][LinuxOnly]" classname="Kubernetes e2e suite" time="0">
          <skipped></skipped>
      </testcase>
      <testcase name="[sig-storage] In-tree Volumes [Driver: hostPath] [Testpattern: Dynamic PV (default fs)] subPath should support creating multiple subpath from same volumes [Slow]" classname="Kubernetes e2e suite" time="0">
          <skipped></skipped>
      </testcase>
      <testcase name="[sig-storage] In-tree Volumes [Driver: ceph][Feature:Volumes][Serial] [Testpattern: Dynamic PV (default fs)] subPath should support readOnly directory specified in the volumeMount" classname="Kubernetes e2e suite" time="0">
          <skipped></skipped>
      </testcase>
      <testcase name="[sig-storage] In-tree Volumes [Driver: local][LocalVolumeType: dir] [Testpattern: Pre-provisioned PV (filesystem volmode)] multiVolume [Slow] should access to two volumes with different volume mode and retain data across pod recreation on different node" classname="Kubernetes e2e suite" time="0">
          <skipped></skipped>
      </testcase>
      <testcase name="[sig-storage] In-tree Volumes [Driver: iscsi][Feature:Volumes] [Testpattern: Dynamic PV (block volmode)] multiVolume [Slow] should concurrently access the single volume from pods on the same node" classname="Kubernetes e2e suite" time="0">
          <skipped></skipped>
      </testcase>
      <testcase name="[sig-storage] In-tree Volumes [Driver: windows-gcepd] [Testpattern: Dynamic PV (block volmode)] multiVolume [Slow] should concurrently access the single read-only volume from pods on the same node" classname="Kubernetes e2e suite" time="0">
          <skipped></skipped>
      </testcase>
      <testcase name="[sig-storage] In-tree Volumes [Driver: local][LocalVolumeType: dir-link] [Testpattern: Dynamic PV (block volmode)(allowExpansion)] volume-expand should resize volume when PVC is edited while pod is using it" classname="Kubernetes e2e suite" time="0">
          <skipped></skipped>
      </testcase>
      <testcase name="[sig-storage] In-tree Volumes [Driver: iscsi][Feature:Volumes] [Testpattern: Dynamic PV (ntfs)][Feature:Windows] provisioning should provision storage with mount options" classname="Kubernetes e2e suite" time="0">
          <skipped></skipped>
      </testcase>
      <testcase name="[sig-storage] In-tree Volumes [Driver: cinder] [Testpattern: Inline-volume (default fs)] subPath should verify container cannot write to subpath readonly volumes [Slow]" classname="Kubernetes e2e suite" time="0">
          <skipped></skipped>
      </testcase>
      <testcase name="[sig-storage] In-tree Volumes [Driver: vsphere] [Testpattern: Pre-provisioned PV (filesystem volmode)] multiVolume [Slow] should concurrently access the volume and its clone from pods on the same node [LinuxOnly][Feature:VolumeSnapshotDataSource][Feature:VolumeSourceXFS]" classname="Kubernetes e2e suite" time="0">
          <skipped></skipped>
      </testcase>
      <testcase name="[sig-storage] In-tree Volumes [Driver: local][LocalVolumeType: tmpfs] [Testpattern: Dynamic PV (default fs)] subPath should support existing directory" classname="Kubernetes e2e suite" time="0">
          <skipped></skipped>
      </testcase>
      <testcase name="[sig-storage] CSI Volumes [Driver: csi-hostpath] [Testpattern: Generic Ephemeral-volume (default fs) (late-binding)] ephemeral should create read-only inline ephemeral volume" classname="Kubernetes e2e suite" time="0">
          <skipped></skipped>
      </testcase>
      <testcase name="[sig-storage] In-tree Volumes [Driver: local][LocalVolumeType: dir-link-bindmounted] [Testpattern: Dynamic PV (xfs)][Slow] multiVolume [Slow] should access to two volumes with different volume mode and retain data across pod recreation on the same node" classname="Kubernetes e2e suite" time="0">
          <skipped></skipped>
      </testcase>
      <testcase name="[sig-storage] In-tree Volumes [Driver: windows-gcepd] [Testpattern: Dynamic PV (default fs)] fsgroupchangepolicy (OnRootMismatch)[LinuxOnly], pod created with an initial fsgroup, volume contents ownership changed in first pod, new pod with different fsgroup applied to the volume contents" classname="Kubernetes e2e suite" time="0">
          <skipped></skipped>
      </testcase>
      <testcase name="[sig-storage] In-tree Volumes [Driver: aws] [Testpattern: Pre-provisioned PV (block volmode)] multiVolume [Slow] should concurrently access the single volume from pods on different node" classname="Kubernetes e2e suite" time="0">
          <skipped></skipped>
      </testcase>
      <testcase name="[sig-storage] In-tree Volumes [Driver: local][LocalVolumeType: dir] [Testpattern: Dynamic PV (block volmode)] disruptive[Disruptive][LinuxOnly] Should test that pv used in a pod that is deleted while the kubelet is down cleans up when the kubelet returns." classname="Kubernetes e2e suite" time="0">
          <skipped></skipped>
      </testcase>
      <testcase name="[sig-storage] In-tree Volumes [Driver: local][LocalVolumeType: block] [Testpattern: Inline-volume (default fs)] subPath should fail if subpath with backstepping is outside the volume [Slow][LinuxOnly]" classname="Kubernetes e2e suite" time="0">
          <skipped></skipped>
      </testcase>
      <testcase name="[sig-network] Services should implement service.kubernetes.io/headless" classname="Kubernetes e2e suite" time="0">
          <skipped></skipped>
      </testcase>
      <testcase name="[sig-storage] In-tree Volumes [Driver: local][LocalVolumeType: dir-link] [Testpattern: Dynamic PV (xfs)][Slow] volumes should store data" classname="Kubernetes e2e suite" time="0">
          <skipped></skipped>
      </testcase>
      <testcase name="[sig-windows] [Feature:Windows] Windows volume mounts  check volume mount permissions container should have readOnly permissions on emptyDir" classname="Kubernetes e2e suite" time="0">
          <skipped></skipped>
      </testcase>
      <testcase name="[sig-storage] CSI Volumes [Driver: pd.csi.storage.gke.io][Serial] [Testpattern: Dynamic PV (default fs)] volumeIO should write files of various sizes, verify size, validate content [Slow][LinuxOnly]" classname="Kubernetes e2e suite" time="0">
          <skipped></skipped>
      </testcase>
      <testcase name="[sig-storage] In-tree Volumes [Driver: local][LocalVolumeType: gce-localssd-scsi-fs] [Serial] [Testpattern: Pre-provisioned PV (block volmode)] volumeMode should fail to create pod by failing to mount volume [Slow]" classname="Kubernetes e2e suite" time="0">
          <skipped></skipped>
      </testcase>
      <testcase name="[sig-apps] stateful Upgrade [Feature:StatefulUpgrade] stateful upgrade should maintain a functioning cluster" classname="Kubernetes e2e suite" time="0">
          <skipped></skipped>
      </testcase>
      <testcase name="[sig-node] AppArmor load AppArmor profiles can disable an AppArmor profile, using unconfined" classname="Kubernetes e2e suite" time="0">
          <skipped></skipped>
      </testcase>
      <testcase name="[sig-storage] In-tree Volumes [Driver: gluster] [Testpattern: Pre-provisioned PV (block volmode)] multiVolume [Slow] should concurrently access the single volume from pods on different node" classname="Kubernetes e2e suite" time="0">
          <skipped></skipped>
      </testcase>
      <testcase name="[sig-storage] In-tree Volumes [Driver: ceph][Feature:Volumes][Serial] [Testpattern: Dynamic PV (block volmode)] multiVolume [Slow] should concurrently access the single volume from pods on the same node" classname="Kubernetes e2e suite" time="0">
          <skipped></skipped>
      </testcase>
      <testcase name="[sig-storage] In-tree Volumes [Driver: aws] [Testpattern: Pre-provisioned PV (default fs)] volumes should allow exec of files on the volume" classname="Kubernetes e2e suite" time="0">
          <skipped></skipped>
      </testcase>
      <testcase name="[sig-storage] In-tree Volumes [Driver: local][LocalVolumeType: blockfs] [Testpattern: Dynamic PV (filesystem volmode)] volumeLimits should verify that all csinodes have volume limits" classname="Kubernetes e2e suite" time="0">
          <skipped></skipped>
      </testcase>
      <testcase name="[sig-node] Downward API should provide host IP as an env var [NodeConformance] [Conformance]" classname="Kubernetes e2e suite" time="2.112652603"></testcase>
      <testcase name="[sig-storage] In-tree Volumes [Driver: windows-gcepd] [Testpattern: Dynamic PV (ntfs)][Feature:Windows] subPath should verify container cannot write to subpath readonly volumes [Slow]" classname="Kubernetes e2e suite" time="0">
          <skipped></skipped>
      </testcase>
      <testcase name="[sig-storage] In-tree Volumes [Driver: nfs] [Testpattern: Inline-volume (xfs)][Slow] volumes should allow exec of files on the volume" classname="Kubernetes e2e suite" time="0">
          <skipped></skipped>
      </testcase>
      <testcase name="[sig-storage] In-tree Volumes [Driver: cinder] [Testpattern: Pre-provisioned PV (block volmode)] multiVolume [Slow] should concurrently access the volume and restored snapshot from pods on the same node [LinuxOnly][Feature:VolumeSnapshotDataSource][Feature:VolumeSourceXFS]" classname="Kubernetes e2e suite" time="0">
          <skipped></skipped>
      </testcase>
      <testcase name="[sig-storage] In-tree Volumes [Driver: local][LocalVolumeType: dir] [Testpattern: Dynamic PV (ntfs)][Feature:Windows] subPath should support non-existent path" classname="Kubernetes e2e suite" time="0">
          <skipped></skipped>
      </testcase>
      <testcase name="[sig-storage] In-tree Volumes [Driver: gluster] [Testpattern: Pre-provisioned PV (xfs)][Slow] volumes should store data" classname="Kubernetes e2e suite" time="0">
          <skipped></skipped>
      </testcase>
      <testcase name="[sig-storage] CSI mock volume CSIStorageCapacity CSIStorageCapacity disabled" classname="Kubernetes e2e suite" time="0">
          <skipped></skipped>
      </testcase>
      <testcase name="[sig-api-machinery] Namespaces [Serial] should ensure that all pods are removed when a namespace is deleted [Conformance]" classname="Kubernetes e2e suite" time="13.204052829"></testcase>
      <testcase name="[sig-storage] In-tree Volumes [Driver: gcepd] [Testpattern: Dynamic PV (block volmode)] disruptive[Disruptive][LinuxOnly] Should test that pv used in a pod that is force deleted while the kubelet is down cleans up when the kubelet returns." classname="Kubernetes e2e suite" time="0">
          <skipped></skipped>
      </testcase>
      <testcase name="[sig-network] NetworkPolicyLegacy [LinuxOnly] NetworkPolicy between server and client should enforce egress policy allowing traffic to a server in a different namespace based on PodSelector and NamespaceSelector [Feature:NetworkPolicy]" classname="Kubernetes e2e suite" time="0">
          <skipped></skipped>
      </testcase>
      <testcase name="[sig-storage] CSI Volumes [Driver: csi-hostpath] [Testpattern: Dynamic PV (ntfs)][Feature:Windows] subPath should support readOnly directory specified in the volumeMount" classname="Kubernetes e2e suite" time="0">
          <skipped></skipped>
      </testcase>
      <testcase name="[sig-storage] CSI Volumes [Driver: pd.csi.storage.gke.io][Serial] [Testpattern: Dynamic PV (filesystem volmode)] multiVolume [Slow] should concurrently access the single volume from pods on different node" classname="Kubernetes e2e suite" time="0">
          <skipped></skipped>
      </testcase>
      <testcase name="[sig-storage] In-tree Volumes [Driver: local][LocalVolumeType: dir-link] [Testpattern: Pre-provisioned PV (block volmode)] disruptive[Disruptive][LinuxOnly] Should test that pv used in a pod that is deleted while the kubelet is down cleans up when the kubelet returns." classname="Kubernetes e2e suite" time="0">
          <skipped></skipped>
      </testcase>
      <testcase name="[sig-storage] In-tree Volumes [Driver: local][LocalVolumeType: block] [Testpattern: Dynamic PV (default fs)] volumes should store data" classname="Kubernetes e2e suite" time="0">
          <skipped></skipped>
      </testcase>
      <testcase name="[sig-storage] HostPathType Socket [Slow] Should fail on mounting socket &#39;asocket&#39; when HostPathType is HostPathBlockDev" classname="Kubernetes e2e suite" time="0">
          <skipped></skipped>
      </testcase>
      <testcase name="[sig-cli] Kubectl Port forwarding With a server listening on 0.0.0.0 should support forwarding over websockets" classname="Kubernetes e2e suite" time="0">
          <skipped></skipped>
      </testcase>
      <testcase name="[sig-storage] In-tree Volumes [Driver: rbd][Feature:Volumes][Serial] [Testpattern: Dynamic PV (default fs)] volume-stress multiple pods should access different volumes repeatedly [Slow] [Serial]" classname="Kubernetes e2e suite" time="0">
          <skipped></skipped>
      </testcase>
      <testcase name="[sig-api-machinery] Garbage collector should delete RS created by deployment when not orphaning [Conformance]" classname="Kubernetes e2e suite" time="1.451705046"></testcase>
      <testcase name="[sig-storage] In-tree Volumes [Driver: rbd][Feature:Volumes][Serial] [Testpattern: Dynamic PV (default fs)] subPath should support non-existent path" classname="Kubernetes e2e suite" time="0">
          <skipped></skipped>
      </testcase>
      <testcase name="[sig-storage] In-tree Volumes [Driver: rbd][Feature:Volumes][Serial] [Testpattern: Dynamic PV (ext4)] multiVolume [Slow] should access to two volumes with the same volume mode and retain data across pod recreation on different node" classname="Kubernetes e2e suite" time="0">
          <skipped></skipped>
      </testcase>
      <testcase name="[sig-storage] In-tree Volumes [Driver: aws] [Testpattern: Inline-volume (default fs)] subPath should fail if subpath with backstepping is outside the volume [Slow][LinuxOnly]" classname="Kubernetes e2e suite" time="0">
          <skipped></skipped>
      </testcase>
      <testcase name="[sig-storage] In-tree Volumes [Driver: vsphere] [Testpattern: Dynamic PV (ntfs)][Feature:Windows] provisioning should provision storage with mount options" classname="Kubernetes e2e suite" time="0">
          <skipped></skipped>
      </testcase>
      <testcase name="[sig-storage] In-tree Volumes [Driver: local][LocalVolumeType: dir-bindmounted] [Testpattern: Dynamic PV (ntfs)(allowExpansion)][Feature:Windows] volume-expand should resize volume when PVC is edited while pod is using it" classname="Kubernetes e2e suite" time="0">
          <skipped></skipped>
      </testcase>
      <testcase name="[sig-storage] In-tree Volumes [Driver: local][LocalVolumeType: tmpfs] [Testpattern: Dynamic PV (filesystem volmode)] multiVolume [Slow] should access to two volumes with the same volume mode and retain data across pod recreation on different node" classname="Kubernetes e2e suite" time="0">
          <skipped></skipped>
      </testcase>
      <testcase name="[sig-storage] In-tree Volumes [Driver: hostPath] [Testpattern: Dynamic PV (block volmode)] volume-stress multiple pods should access different volumes repeatedly [Slow] [Serial]" classname="Kubernetes e2e suite" time="0">
          <skipped></skipped>
      </testcase>
      <testcase name="[sig-storage] In-tree Volumes [Driver: rbd][Feature:Volumes][Serial] [Testpattern: Inline-volume (ext3)] volumes should allow exec of files on the volume" classname="Kubernetes e2e suite" time="0">
          <skipped></skipped>
      </testcase>
      <testcase name="[sig-storage] In-tree Volumes [Driver: local][LocalVolumeType: dir-bindmounted] [Testpattern: Dynamic PV (block volmode)] disruptive[Disruptive][LinuxOnly] Should test that pv used in a pod that is deleted while the kubelet is down cleans up when the kubelet returns." classname="Kubernetes e2e suite" time="0">
          <skipped></skipped>
      </testcase>
      <testcase name="[sig-storage] PersistentVolumes-local  [Volume type: dir-bindmounted] One pod requesting one prebound PVC should be able to mount volume and write from pod1" classname="Kubernetes e2e suite" time="0">
          <skipped></skipped>
      </testcase>
      <testcase name="[sig-node] RuntimeClass  should support RuntimeClasses API operations [Conformance]" classname="Kubernetes e2e suite" time="0.132427232"></testcase>
      <testcase name="[sig-node] Probing container should override timeoutGracePeriodSeconds when LivenessProbe field is set [Feature:ProbeTerminationGracePeriod]" classname="Kubernetes e2e suite" time="0">
          <skipped></skipped>
      </testcase>
      <testcase name="[sig-storage] In-tree Volumes [Driver: iscsi][Feature:Volumes] [Testpattern: Pre-provisioned PV (default fs)] volumes should store data" classname="Kubernetes e2e suite" time="0">
          <skipped></skipped>
      </testcase>
      <testcase name="[sig-storage] In-tree Volumes [Driver: local][LocalVolumeType: blockfs] [Testpattern: Pre-provisioned PV (block volmode)] volumeMode should fail to use a volume in a pod with mismatched mode [Slow]" classname="Kubernetes e2e suite" time="0">
          <skipped></skipped>
      </testcase>
      <testcase name="[sig-storage] In-tree Volumes [Driver: vsphere] [Testpattern: Dynamic PV (ntfs)][Feature:Windows] subPath should support non-existent path" classname="Kubernetes e2e suite" time="0">
          <skipped></skipped>
      </testcase>
      <testcase name="[sig-storage] In-tree Volumes [Driver: azure-disk] [Testpattern: Dynamic PV (immediate binding)] topology should fail to schedule a pod which has topologies that conflict with AllowedTopologies" classname="Kubernetes e2e suite" time="0">
          <skipped></skipped>
      </testcase>
      <testcase name="[sig-storage] In-tree Volumes [Driver: nfs] [Testpattern: Inline-volume (default fs)] subPath should support restarting containers using file as subpath [Slow][LinuxOnly]" classname="Kubernetes e2e suite" time="0">
          <skipped></skipped>
      </testcase>
      <testcase name="[sig-storage] In-tree Volumes [Driver: emptydir] [Testpattern: Dynamic PV (default fs)] subPath should support non-existent path" classname="Kubernetes e2e suite" time="0">
          <skipped></skipped>
      </testcase>
      <testcase name="[sig-storage] In-tree Volumes [Driver: local][LocalVolumeType: dir-bindmounted] [Testpattern: Pre-provisioned PV (block volmode)] multiVolume [Slow] should access to two volumes with different volume mode and retain data across pod recreation on the same node" classname="Kubernetes e2e suite" time="0">
          <skipped></skipped>
      </testcase>
      <testcase name="[sig-storage] In-tree Volumes [Driver: vsphere] [Testpattern: Pre-provisioned PV (default fs)] subPath should verify container cannot write to subpath readonly volumes [Slow]" classname="Kubernetes e2e suite" time="0">
          <skipped></skipped>
      </testcase>
      <testcase name="[sig-storage] In-tree Volumes [Driver: gluster] [Testpattern: Inline-volume (ext3)] volumes should store data" classname="Kubernetes e2e suite" time="0">
          <skipped></skipped>
      </testcase>
      <testcase name="[sig-api-machinery] Servers with support for Table transformation should return pod details" classname="Kubernetes e2e suite" time="0">
          <skipped></skipped>
      </testcase>
      <testcase name="[sig-apps] Job should run a job to completion when tasks sometimes fail and are not locally restarted" classname="Kubernetes e2e suite" time="0">
          <skipped></skipped>
      </testcase>
      <testcase name="[sig-storage] In-tree Volumes [Driver: azure-disk] [Testpattern: Dynamic PV (xfs)][Slow] multiVolume [Slow] should access to two volumes with different volume mode and retain data across pod recreation on the same node" classname="Kubernetes e2e suite" time="0">
          <skipped></skipped>
      </testcase>
      <testcase name="[sig-storage] In-tree Volumes [Driver: hostPathSymlink] [Testpattern: Pre-provisioned PV (filesystem volmode)] multiVolume [Slow] should concurrently access the volume and its clone from pods on the same node [LinuxOnly][Feature:VolumeSnapshotDataSource][Feature:VolumeSourceXFS]" classname="Kubernetes e2e suite" time="0">
          <skipped></skipped>
      </testcase>
      <testcase name="[sig-storage] In-tree Volumes [Driver: iscsi][Feature:Volumes] [Testpattern: Dynamic PV (default fs)] subPath should unmount if pod is gracefully deleted while kubelet is down [Disruptive][Slow][LinuxOnly]" classname="Kubernetes e2e suite" time="0">
          <skipped></skipped>
      </testcase>
      <testcase name="[sig-storage] In-tree Volumes [Driver: local][LocalVolumeType: block] [Testpattern: Dynamic PV (filesystem volmode)] multiVolume [Slow] should concurrently access the single volume from pods on different node" classname="Kubernetes e2e suite" time="0">
          <skipped></skipped>
      </testcase>
      <testcase name="[sig-storage] In-tree Volumes [Driver: local][LocalVolumeType: dir-link-bindmounted] [Testpattern: Dynamic PV (ntfs)][Feature:Windows] subPath should support non-existent path" classname="Kubernetes e2e suite" time="0">
          <skipped></skipped>
      </testcase>
      <testcase name="[sig-storage] In-tree Volumes [Driver: windows-gcepd] [Testpattern: Pre-provisioned PV (ext3)] volumes should store data" classname="Kubernetes e2e suite" time="0">
          <skipped></skipped>
      </testcase>
      <testcase name="[sig-storage] In-tree Volumes [Driver: emptydir] [Testpattern: Dynamic PV (ntfs)][Feature:Windows] subPath should support existing directory" classname="Kubernetes e2e suite" time="0">
          <skipped></skipped>
      </testcase>
      <testcase name="[sig-storage] In-tree Volumes [Driver: windows-gcepd] [Testpattern: Inline-volume (default fs)] subPath should support restarting containers using directory as subpath [Slow]" classname="Kubernetes e2e suite" time="0">
          <skipped></skipped>
      </testcase>
      <testcase name="[sig-api-machinery] CustomResourcePublishOpenAPI [Privileged:ClusterAdmin] works for multiple CRDs of different groups [Conformance]" classname="Kubernetes e2e suite" time="17.004681272"></testcase>
      <testcase name="[sig-storage] Ephemeralstorage When pod refers to non-existent ephemeral storage should allow deletion of pod with invalid volume : projected" classname="Kubernetes e2e suite" time="0">
          <skipped></skipped>
      </testcase>
      <testcase name="[sig-storage] In-tree Volumes [Driver: windows-gcepd] [Testpattern: Dynamic PV (ntfs)(allowExpansion)][Feature:Windows] volume-expand Verify if offline PVC expansion works" classname="Kubernetes e2e suite" time="0">
          <skipped></skipped>
      </testcase>
      <testcase name="[sig-storage] In-tree Volumes [Driver: local][LocalVolumeType: dir-link] [Testpattern: Dynamic PV (xfs)][Slow] multiVolume [Slow] should concurrently access the single read-only volume from pods on the same node" classname="Kubernetes e2e suite" time="0">
          <skipped></skipped>
      </testcase>
      <testcase name="[sig-storage] CSI Volumes [Driver: pd.csi.storage.gke.io][Serial] [Testpattern: Dynamic PV (xfs)][Slow] multiVolume [Slow] should concurrently access the single volume from pods on different node" classname="Kubernetes e2e suite" time="0">
          <skipped></skipped>
      </testcase>
      <testcase name="[sig-cli] Kubectl client Kubectl create quota should reject quota with invalid scopes" classname="Kubernetes e2e suite" time="0">
          <skipped></skipped>
      </testcase>
      <testcase name="[sig-storage] In-tree Volumes [Driver: vsphere] [Testpattern: Pre-provisioned PV (default fs)] subPath should support restarting containers using directory as subpath [Slow]" classname="Kubernetes e2e suite" time="0">
          <skipped></skipped>
      </testcase>
      <testcase name="[sig-cli] Kubectl client Kubectl get componentstatuses should get componentstatuses" classname="Kubernetes e2e suite" time="0">
          <skipped></skipped>
      </testcase>
      <testcase name="[sig-storage] In-tree Volumes [Driver: emptydir] [Testpattern: Dynamic PV (default fs)] subPath should fail if subpath directory is outside the volume [Slow][LinuxOnly]" classname="Kubernetes e2e suite" time="0">
          <skipped></skipped>
      </testcase>
      <testcase name="[sig-storage] In-tree Volumes [Driver: aws] [Testpattern: Pre-provisioned PV (default fs)] subPath should support existing directory" classname="Kubernetes e2e suite" time="0">
          <skipped></skipped>
      </testcase>
      <testcase name="[sig-storage] In-tree Volumes [Driver: aws] [Testpattern: Pre-provisioned PV (filesystem volmode)] volumeMode should fail to use a volume in a pod with mismatched mode [Slow]" classname="Kubernetes e2e suite" time="0">
          <skipped></skipped>
      </testcase>
      <testcase name="[sig-storage] In-tree Volumes [Driver: local][LocalVolumeType: gce-localssd-scsi-fs] [Serial] [Testpattern: Dynamic PV (block volmode)] multiVolume [Slow] should concurrently access the single volume from pods on different node" classname="Kubernetes e2e suite" time="0">
          <skipped></skipped>
      </testcase>
      <testcase name="[sig-node] Security Context When creating a pod with readOnlyRootFilesystem should run the container with readonly rootfs when readOnlyRootFilesystem=true [LinuxOnly] [NodeConformance]" classname="Kubernetes e2e suite" time="0">
          <skipped></skipped>
      </testcase>
      <testcase name="[sig-storage] In-tree Volumes [Driver: nfs] [Testpattern: Pre-provisioned PV (block volmode)] multiVolume [Slow] should access to two volumes with different volume mode and retain data across pod recreation on different node" classname="Kubernetes e2e suite" time="0">
          <skipped></skipped>
      </testcase>
      <testcase name="[sig-storage] In-tree Volumes [Driver: ceph][Feature:Volumes][Serial] [Testpattern: Dynamic PV (xfs)][Slow] multiVolume [Slow] should concurrently access the single volume from pods on different node" classname="Kubernetes e2e suite" time="0">
          <skipped></skipped>
      </testcase>
      <testcase name="[sig-storage] In-tree Volumes [Driver: iscsi][Feature:Volumes] [Testpattern: Pre-provisioned PV (filesystem volmode)] multiVolume [Slow] should access to two volumes with different volume mode and retain data across pod recreation on the same node" classname="Kubernetes e2e suite" time="0">
          <skipped></skipped>
      </testcase>
      <testcase name="[sig-scheduling] SchedulerPredicates [Serial] validates that NodeSelector is respected if not matching  [Conformance]" classname="Kubernetes e2e suite" time="1.096662136"></testcase>
      <testcase name="[sig-node] Probing container should *not* be restarted with a non-local redirect http liveness probe" classname="Kubernetes e2e suite" time="0">
          <skipped></skipped>
      </testcase>
      <testcase name="[sig-storage] In-tree Volumes [Driver: local][LocalVolumeType: dir-link-bindmounted] [Testpattern: Dynamic PV (default fs)] provisioning should provision storage with snapshot data source [Feature:VolumeSnapshotDataSource]" classname="Kubernetes e2e suite" time="0">
          <skipped></skipped>
      </testcase>
      <testcase name="[sig-storage] In-tree Volumes [Driver: aws] [Testpattern: Dynamic PV (filesystem volmode)] volumeMode should fail to use a volume in a pod with mismatched mode [Slow]" classname="Kubernetes e2e suite" time="0">
          <skipped></skipped>
      </testcase>
      <testcase name="[sig-storage] In-tree Volumes [Driver: local][LocalVolumeType: dir-link] [Testpattern: Pre-provisioned PV (filesystem volmode)] disruptive[Disruptive][LinuxOnly] Should test that pv written before kubelet restart is readable after restart." classname="Kubernetes e2e suite" time="0">
          <skipped></skipped>
      </testcase>
      <testcase name="[sig-storage] In-tree Volumes [Driver: local][LocalVolumeType: block] [Testpattern: Dynamic PV (ext4)] multiVolume [Slow] should concurrently access the single volume from pods on the same node" classname="Kubernetes e2e suite" time="0">
          <skipped></skipped>
      </testcase>
      <testcase name="[sig-storage] In-tree Volumes [Driver: windows-gcepd] [Testpattern: Inline-volume (default fs)] subPath should be able to unmount after the subpath directory is deleted [LinuxOnly]" classname="Kubernetes e2e suite" time="0">
          <skipped></skipped>
      </testcase>
      <testcase name="[sig-storage] In-tree Volumes [Driver: local][LocalVolumeType: tmpfs] [Testpattern: Dynamic PV (filesystem volmode)] disruptive[Disruptive][LinuxOnly] Should test that pv written before kubelet restart is readable after restart." classname="Kubernetes e2e suite" time="0">
          <skipped></skipped>
      </testcase>
      <testcase name="[sig-storage] In-tree Volumes [Driver: rbd][Feature:Volumes][Serial] [Testpattern: Inline-volume (ext3)] volumes should store data" classname="Kubernetes e2e suite" time="0">
          <skipped></skipped>
      </testcase>
      <testcase name="[sig-storage] In-tree Volumes [Driver: local][LocalVolumeType: tmpfs] [Testpattern: Pre-provisioned PV (filesystem volmode)] volumeMode should not mount / map unused volumes in a pod [LinuxOnly]" classname="Kubernetes e2e suite" time="0">
          <skipped></skipped>
      </testcase>
      <testcase name="[sig-storage] CSI Volumes [Driver: pd.csi.storage.gke.io][Serial] [Testpattern: Dynamic PV (ntfs)][Feature:Windows] subPath should support existing single file [LinuxOnly]" classname="Kubernetes e2e suite" time="0">
          <skipped></skipped>
      </testcase>
      <testcase name="[sig-storage] In-tree Volumes [Driver: rbd][Feature:Volumes][Serial] [Testpattern: Inline-volume (default fs)] subPath should support restarting containers using file as subpath [Slow][LinuxOnly]" classname="Kubernetes e2e suite" time="0">
          <skipped></skipped>
      </testcase>
      <testcase name="[sig-storage] In-tree Volumes [Driver: local][LocalVolumeType: dir-link] [Testpattern: Dynamic PV (default fs)] fsgroupchangepolicy (Always)[LinuxOnly], pod created with an initial fsgroup, volume contents ownership changed in first pod, new pod with different fsgroup applied to the volume contents" classname="Kubernetes e2e suite" time="0">
          <skipped></skipped>
      </testcase>
      <testcase name="[sig-storage] In-tree Volumes [Driver: azure-disk] [Testpattern: Dynamic PV (ntfs)][Feature:Windows] volumes should allow exec of files on the volume" classname="Kubernetes e2e suite" time="0">
          <skipped></skipped>
      </testcase>
      <testcase name="[sig-storage] In-tree Volumes [Driver: local][LocalVolumeType: blockfs] [Testpattern: Pre-provisioned PV (filesystem volmode)] multiVolume [Slow] should concurrently access the single volume from pods on different node" classname="Kubernetes e2e suite" time="0">
          <skipped></skipped>
      </testcase>
      <testcase name="[sig-network] Networking Granular Checks: Services should function for pod-Service: sctp [Feature:SCTPConnectivity][Disruptive]" classname="Kubernetes e2e suite" time="0">
          <skipped></skipped>
      </testcase>
      <testcase name="[sig-storage] In-tree Volumes [Driver: aws] [Testpattern: Dynamic PV (ext4)] multiVolume [Slow] should access to two volumes with the same volume mode and retain data across pod recreation on different node" classname="Kubernetes e2e suite" time="0">
          <skipped></skipped>
      </testcase>
      <testcase name="[sig-cli] Kubectl client Kubectl run pod should create a pod from an image when restart is Never  [Conformance]" classname="Kubernetes e2e suite" time="2.848298765"></testcase>
      <testcase name="[sig-storage] In-tree Volumes [Driver: aws] [Testpattern: Dynamic PV (block volmode)] multiVolume [Slow] should concurrently access the single volume from pods on different node" classname="Kubernetes e2e suite" time="0">
          <skipped></skipped>
      </testcase>
      <testcase name="[sig-storage] In-tree Volumes [Driver: windows-gcepd] [Testpattern: Dynamic PV (ntfs)][Feature:Windows] subPath should support existing single file [LinuxOnly]" classname="Kubernetes e2e suite" time="0">
          <skipped></skipped>
      </testcase>
      <testcase name="[sig-storage] In-tree Volumes [Driver: rbd][Feature:Volumes][Serial] [Testpattern: Dynamic PV (ntfs)][Feature:Windows] subPath should support existing directory" classname="Kubernetes e2e suite" time="0">
          <skipped></skipped>
      </testcase>
      <testcase name="[sig-storage] In-tree Volumes [Driver: rbd][Feature:Volumes][Serial] [Testpattern: Dynamic PV (default fs)] fsgroupchangepolicy (Always)[LinuxOnly], pod created with an initial fsgroup, volume contents ownership changed in first pod, new pod with same fsgroup applied to the volume contents" classname="Kubernetes e2e suite" time="0">
          <skipped></skipped>
      </testcase>
      <testcase name="[sig-storage] In-tree Volumes [Driver: azure-disk] [Testpattern: Inline-volume (xfs)][Slow] volumes should allow exec of files on the volume" classname="Kubernetes e2e suite" time="0">
          <skipped></skipped>
      </testcase>
      <testcase name="[sig-storage] CSI Volumes [Driver: csi-hostpath] [Testpattern: Dynamic PV (block volmode)] multiVolume [Slow] should concurrently access the single volume from pods on different node" classname="Kubernetes e2e suite" time="0">
          <skipped></skipped>
      </testcase>
      <testcase name="[sig-storage] In-tree Volumes [Driver: local][LocalVolumeType: gce-localssd-scsi-fs] [Serial] [Testpattern: Dynamic PV (block volmode)] multiVolume [Slow] should concurrently access the volume and restored snapshot from pods on the same node [LinuxOnly][Feature:VolumeSnapshotDataSource][Feature:VolumeSourceXFS]" classname="Kubernetes e2e suite" time="0">
          <skipped></skipped>
      </testcase>
      <testcase name="[sig-storage] In-tree Volumes [Driver: azure-disk] [Testpattern: Pre-provisioned PV (ext4)] volumes should allow exec of files on the volume" classname="Kubernetes e2e suite" time="0">
          <skipped></skipped>
      </testcase>
      <testcase name="[sig-storage] In-tree Volumes [Driver: local][LocalVolumeType: gce-localssd-scsi-fs] [Serial] [Testpattern: Dynamic PV (ntfs)][Feature:Windows] subPath should fail if subpath directory is outside the volume [Slow][LinuxOnly]" classname="Kubernetes e2e suite" time="0">
          <skipped></skipped>
      </testcase>
      <testcase name="[sig-storage] Secrets should be consumable from pods in volume with mappings and Item Mode set [LinuxOnly] [NodeConformance] [Conformance]" classname="Kubernetes e2e suite" time="2.173454759"></testcase>
      <testcase name="[sig-storage] In-tree Volumes [Driver: vsphere] [Testpattern: Dynamic PV (default fs)] capacity provides storage capacity information" classname="Kubernetes e2e suite" time="0">
          <skipped></skipped>
      </testcase>
      <testcase name="[sig-network] Networking Granular Checks: Pods should function for node-pod communication: http [LinuxOnly] [NodeConformance] [Conformance]" classname="Kubernetes e2e suite" time="26.269654148"></testcase>
      <testcase name="[sig-storage] In-tree Volumes [Driver: ceph][Feature:Volumes][Serial] [Testpattern: Dynamic PV (default fs)] subPath should fail if non-existent subpath is outside the volume [Slow][LinuxOnly]" classname="Kubernetes e2e suite" time="0">
          <skipped></skipped>
      </testcase>
      <testcase name="[sig-storage] In-tree Volumes [Driver: windows-gcepd] [Testpattern: Dynamic PV (filesystem volmode)] volumeLimits should support volume limits [Serial]" classname="Kubernetes e2e suite" time="0">
          <skipped></skipped>
      </testcase>
      <testcase name="[sig-node] Downward API should provide pod name, namespace and IP address as env vars [NodeConformance] [Conformance]" classname="Kubernetes e2e suite" time="4.117755826"></testcase>
      <testcase name="[sig-storage] In-tree Volumes [Driver: vsphere] [Testpattern: Pre-provisioned PV (xfs)][Slow] volumes should store data" classname="Kubernetes e2e suite" time="0">
          <skipped></skipped>
      </testcase>
      <testcase name="[sig-storage] Zone Support [Feature:vsphere] Verify a pod is created and attached to a dynamically created PV with storage policy specified in storage class in waitForFirstConsumer binding mode" classname="Kubernetes e2e suite" time="0">
          <skipped></skipped>
      </testcase>
      <testcase name="[sig-storage] In-tree Volumes [Driver: rbd][Feature:Volumes][Serial] [Testpattern: Dynamic PV (immediate binding)] topology should fail to schedule a pod which has topologies that conflict with AllowedTopologies" classname="Kubernetes e2e suite" time="0">
          <skipped></skipped>
      </testcase>
      <testcase name="[sig-storage] In-tree Volumes [Driver: vsphere] [Testpattern: Dynamic PV (default fs)] subPath should support existing directories when readOnly specified in the volumeSource" classname="Kubernetes e2e suite" time="0">
          <skipped></skipped>
      </testcase>
      <testcase name="[sig-storage] In-tree Volumes [Driver: local][LocalVolumeType: block] [Testpattern: Inline-volume (default fs)] subPath should support non-existent path" classname="Kubernetes e2e suite" time="0">
          <skipped></skipped>
      </testcase>
      <testcase name="[sig-node] Pods should be submitted and removed [NodeConformance] [Conformance]" classname="Kubernetes e2e suite" time="4.384544452"></testcase>
      <testcase name="[sig-storage] In-tree Volumes [Driver: local][LocalVolumeType: dir-bindmounted] [Testpattern: Pre-provisioned PV (filesystem volmode)] multiVolume [Slow] should access to two volumes with different volume mode and retain data across pod recreation on different node" classname="Kubernetes e2e suite" time="0">
          <skipped></skipped>
      </testcase>
      <testcase name="[sig-storage] In-tree Volumes [Driver: gluster] [Testpattern: Dynamic PV (xfs)][Slow] volumes should allow exec of files on the volume" classname="Kubernetes e2e suite" time="0">
          <skipped></skipped>
      </testcase>
      <testcase name="[sig-storage] In-tree Volumes [Driver: local][LocalVolumeType: blockfs] [Testpattern: Pre-provisioned PV (block volmode)] multiVolume [Slow] should access to two volumes with the same volume mode and retain data across pod recreation on the same node" classname="Kubernetes e2e suite" time="0">
          <skipped></skipped>
      </testcase>
      <testcase name="[sig-storage] In-tree Volumes [Driver: vsphere] [Testpattern: Dynamic PV (ext4)] multiVolume [Slow] should concurrently access the volume and restored snapshot from pods on the same node [LinuxOnly][Feature:VolumeSnapshotDataSource][Feature:VolumeSourceXFS]" classname="Kubernetes e2e suite" time="0">
          <skipped></skipped>
      </testcase>
      <testcase name="[sig-storage] CSI Volumes [Driver: pd.csi.storage.gke.io][Serial] [Testpattern: Inline-volume (xfs)][Slow] volumes should allow exec of files on the volume" classname="Kubernetes e2e suite" time="0">
          <skipped></skipped>
      </testcase>
      <testcase name="[sig-storage] In-tree Volumes [Driver: vsphere] [Testpattern: Dynamic PV (default fs)] subPath should unmount if pod is force deleted while kubelet is down [Disruptive][Slow][LinuxOnly]" classname="Kubernetes e2e suite" time="0">
          <skipped></skipped>
      </testcase>
      <testcase name="[sig-api-machinery] Garbage collector should delete jobs and pods created by cronjob" classname="Kubernetes e2e suite" time="0">
          <skipped></skipped>
      </testcase>
      <testcase name="[sig-storage] In-tree Volumes [Driver: rbd][Feature:Volumes][Serial] [Testpattern: Dynamic PV (ntfs)][Feature:Windows] subPath should fail if subpath file is outside the volume [Slow][LinuxOnly]" classname="Kubernetes e2e suite" time="0">
          <skipped></skipped>
      </testcase>
      <testcase name="[sig-storage] In-tree Volumes [Driver: nfs] [Testpattern: Dynamic PV (default fs)] subPath should support existing directory" classname="Kubernetes e2e suite" time="0">
          <skipped></skipped>
      </testcase>
      <testcase name="[sig-storage] In-tree Volumes [Driver: hostPath] [Testpattern: Dynamic PV (ext4)] multiVolume [Slow] should access to two volumes with different volume mode and retain data across pod recreation on the same node" classname="Kubernetes e2e suite" time="0">
          <skipped></skipped>
      </testcase>
      <testcase name="[sig-storage] In-tree Volumes [Driver: iscsi][Feature:Volumes] [Testpattern: Pre-provisioned PV (block volmode)] disruptive[Disruptive][LinuxOnly] Should test that pv used in a pod that is deleted while the kubelet is down cleans up when the kubelet returns." classname="Kubernetes e2e suite" time="0">
          <skipped></skipped>
      </testcase>
      <testcase name="[sig-storage] Projected secret should be consumable from pods in volume with defaultMode set [LinuxOnly] [NodeConformance] [Conformance]" classname="Kubernetes e2e suite" time="2.147873902"></testcase>
      <testcase name="[sig-storage] [Serial] Volume metrics should create volume metrics in Volume Manager" classname="Kubernetes e2e suite" time="0">
          <skipped></skipped>
      </testcase>
      <testcase name="[sig-storage] In-tree Volumes [Driver: iscsi][Feature:Volumes] [Testpattern: Dynamic PV (xfs)][Slow] multiVolume [Slow] should concurrently access the single read-only volume from pods on the same node" classname="Kubernetes e2e suite" time="0">
          <skipped></skipped>
      </testcase>
      <testcase name="[sig-storage] In-tree Volumes [Driver: hostPath] [Testpattern: Dynamic PV (block volmode)] volumeMode should fail to use a volume in a pod with mismatched mode [Slow]" classname="Kubernetes e2e suite" time="0">
          <skipped></skipped>
      </testcase>
      <testcase name="[sig-network] [Feature:IPv6DualStack] Granular Checks: Services Secondary IP Family [LinuxOnly] should function for client IP based session affinity: udp [LinuxOnly]" classname="Kubernetes e2e suite" time="0">
          <skipped></skipped>
      </testcase>
      <testcase name="[sig-storage] CSI Volumes [Driver: pd.csi.storage.gke.io][Serial] [Testpattern: Dynamic PV (default fs)] fsgroupchangepolicy (Always)[LinuxOnly], pod created with an initial fsgroup, new pod fsgroup applied to volume contents" classname="Kubernetes e2e suite" time="0">
          <skipped></skipped>
      </testcase>
      <testcase name="[sig-storage] CSI Volumes [Driver: pd.csi.storage.gke.io][Serial] [Testpattern: Dynamic PV (xfs)][Slow] multiVolume [Slow] should concurrently access the volume and restored snapshot from pods on the same node [LinuxOnly][Feature:VolumeSnapshotDataSource][Feature:VolumeSourceXFS]" classname="Kubernetes e2e suite" time="0">
          <skipped></skipped>
      </testcase>
      <testcase name="[sig-storage] In-tree Volumes [Driver: rbd][Feature:Volumes][Serial] [Testpattern: Dynamic PV (default fs)] subPath should support file as subpath [LinuxOnly]" classname="Kubernetes e2e suite" time="0">
          <skipped></skipped>
      </testcase>
      <testcase name="[sig-node] Security Context When creating a container with runAsNonRoot should not run without a specified user ID" classname="Kubernetes e2e suite" time="0">
          <skipped></skipped>
      </testcase>
      <testcase name="[sig-storage] In-tree Volumes [Driver: local][LocalVolumeType: gce-localssd-scsi-fs] [Serial] [Testpattern: Dynamic PV (block volmode)(allowExpansion)] volume-expand Verify if offline PVC expansion works" classname="Kubernetes e2e suite" time="0">
          <skipped></skipped>
      </testcase>
      <testcase name="[sig-storage] In-tree Volumes [Driver: ceph][Feature:Volumes][Serial] [Testpattern: Pre-provisioned PV (block volmode)] multiVolume [Slow] should access to two volumes with different volume mode and retain data across pod recreation on the same node" classname="Kubernetes e2e suite" time="0">
          <skipped></skipped>
      </testcase>
      <testcase name="[sig-storage] In-tree Volumes [Driver: aws] [Testpattern: Pre-provisioned PV (block volmode)] multiVolume [Slow] should access to two volumes with different volume mode and retain data across pod recreation on the same node" classname="Kubernetes e2e suite" time="0">
          <skipped></skipped>
      </testcase>
      <testcase name="[sig-storage] In-tree Volumes [Driver: hostPathSymlink] [Testpattern: Dynamic PV (delayed binding)] topology should provision a volume and schedule a pod with AllowedTopologies" classname="Kubernetes e2e suite" time="0">
          <skipped></skipped>
      </testcase>
      <testcase name="[sig-storage] In-tree Volumes [Driver: local][LocalVolumeType: dir] [Testpattern: Dynamic PV (ext4)] volumes should allow exec of files on the volume" classname="Kubernetes e2e suite" time="0">
          <skipped></skipped>
      </testcase>
      <testcase name="[sig-storage] CSI Volumes [Driver: csi-hostpath] [Testpattern: Pre-provisioned PV (default fs)] subPath should unmount if pod is force deleted while kubelet is down [Disruptive][Slow][LinuxOnly]" classname="Kubernetes e2e suite" time="0">
          <skipped></skipped>
      </testcase>
      <testcase name="[sig-storage] In-tree Volumes [Driver: rbd][Feature:Volumes][Serial] [Testpattern: Dynamic PV (filesystem volmode)] volumeMode should not mount / map unused volumes in a pod [LinuxOnly]" classname="Kubernetes e2e suite" time="0">
          <skipped></skipped>
      </testcase>
      <testcase name="[sig-storage] CSI Volumes [Driver: pd.csi.storage.gke.io][Serial] [Testpattern: Pre-provisioned PV (default fs)] subPath should verify container cannot write to subpath readonly volumes [Slow]" classname="Kubernetes e2e suite" time="0">
          <skipped></skipped>
      </testcase>
      <testcase name="[sig-network] Netpol NetworkPolicy between server and client should not allow access by TCP when a policy specifies only UDP [Feature:NetworkPolicy]" classname="Kubernetes e2e suite" time="0">
          <skipped></skipped>
      </testcase>
      <testcase name="[sig-storage] In-tree Volumes [Driver: vsphere] [Testpattern: Dynamic PV (block volmode)] disruptive[Disruptive][LinuxOnly] Should test that pv written before kubelet restart is readable after restart." classname="Kubernetes e2e suite" time="0">
          <skipped></skipped>
      </testcase>
      <testcase name="[sig-storage] In-tree Volumes [Driver: gluster] [Testpattern: Dynamic PV (block volmode)] provisioning should provision storage with pvc data source in parallel [Slow]" classname="Kubernetes e2e suite" time="0">
          <skipped></skipped>
      </testcase>
      <testcase name="[sig-storage] CSI Volumes [Driver: csi-hostpath] [Testpattern: Dynamic PV (filesystem volmode)] volumeMode should fail to use a volume in a pod with mismatched mode [Slow]" classname="Kubernetes e2e suite" time="0">
          <skipped></skipped>
      </testcase>
      <testcase name="[sig-storage] In-tree Volumes [Driver: cinder] [Testpattern: Inline-volume (default fs)] volumeIO should write files of various sizes, verify size, validate content [Slow][LinuxOnly]" classname="Kubernetes e2e suite" time="0">
          <skipped></skipped>
      </testcase>
      <testcase name="[sig-storage] In-tree Volumes [Driver: local][LocalVolumeType: dir-link-bindmounted] [Testpattern: Dynamic PV (xfs)][Slow] multiVolume [Slow] should concurrently access the volume and restored snapshot from pods on the same node [LinuxOnly][Feature:VolumeSnapshotDataSource][Feature:VolumeSourceXFS]" classname="Kubernetes e2e suite" time="0">
          <skipped></skipped>
      </testcase>
      <testcase name="[sig-network] LoadBalancers should reconcile LB health check interval [Slow][Serial][Disruptive]" classname="Kubernetes e2e suite" time="0">
          <skipped></skipped>
      </testcase>
      <testcase name="[sig-storage] In-tree Volumes [Driver: rbd][Feature:Volumes][Serial] [Testpattern: Dynamic PV (ext4)] volumes should allow exec of files on the volume" classname="Kubernetes e2e suite" time="0">
          <skipped></skipped>
      </testcase>
      <testcase name="[sig-storage] In-tree Volumes [Driver: windows-gcepd] [Testpattern: Inline-volume (default fs)] volumes should store data" classname="Kubernetes e2e suite" time="0">
          <skipped></skipped>
      </testcase>
      <testcase name="[sig-storage] In-tree Volumes [Driver: local][LocalVolumeType: block] [Testpattern: Dynamic PV (default fs)] fsgroupchangepolicy (Always)[LinuxOnly], pod created with an initial fsgroup, volume contents ownership changed in first pod, new pod with same fsgroup applied to the volume contents" classname="Kubernetes e2e suite" time="0">
          <skipped></skipped>
      </testcase>
      <testcase name="[sig-storage] In-tree Volumes [Driver: nfs] [Testpattern: Dynamic PV (ntfs)(allowExpansion)][Feature:Windows] volume-expand Verify if offline PVC expansion works" classname="Kubernetes e2e suite" time="0">
          <skipped></skipped>
      </testcase>
      <testcase name="[sig-storage] In-tree Volumes [Driver: aws] [Testpattern: Dynamic PV (default fs)] subPath should fail if subpath with backstepping is outside the volume [Slow][LinuxOnly]" classname="Kubernetes e2e suite" time="0">
          <skipped></skipped>
      </testcase>
      <testcase name="[sig-storage] In-tree Volumes [Driver: local][LocalVolumeType: blockfs] [Testpattern: Dynamic PV (ntfs)][Feature:Windows] subPath should support restarting containers using directory as subpath [Slow]" classname="Kubernetes e2e suite" time="0">
          <skipped></skipped>
      </testcase>
      <testcase name="[sig-storage] In-tree Volumes [Driver: local][LocalVolumeType: dir-link-bindmounted] [Testpattern: Pre-provisioned PV (default fs)] subPath should unmount if pod is gracefully deleted while kubelet is down [Disruptive][Slow][LinuxOnly]" classname="Kubernetes e2e suite" time="0">
          <skipped></skipped>
      </testcase>
      <testcase name="[sig-storage] In-tree Volumes [Driver: local][LocalVolumeType: dir-link] [Testpattern: Dynamic PV (ext4)] volumes should store data" classname="Kubernetes e2e suite" time="0">
          <skipped></skipped>
      </testcase>
      <testcase name="[sig-storage] In-tree Volumes [Driver: rbd][Feature:Volumes][Serial] [Testpattern: Dynamic PV (default fs)] volumes should allow exec of files on the volume" classname="Kubernetes e2e suite" time="0">
          <skipped></skipped>
      </testcase>
      <testcase name="[sig-storage] In-tree Volumes [Driver: cinder] [Testpattern: Dynamic PV (xfs)][Slow] multiVolume [Slow] should concurrently access the single volume from pods on the same node" classname="Kubernetes e2e suite" time="0">
          <skipped></skipped>
      </testcase>
      <testcase name="[sig-storage] In-tree Volumes [Driver: windows-gcepd] [Testpattern: Dynamic PV (block volmode)] multiVolume [Slow] should access to two volumes with different volume mode and retain data across pod recreation on the same node" classname="Kubernetes e2e suite" time="0">
          <skipped></skipped>
      </testcase>
      <testcase name="[sig-storage] In-tree Volumes [Driver: local][LocalVolumeType: block] [Testpattern: Inline-volume (default fs)] subPath should fail if non-existent subpath is outside the volume [Slow][LinuxOnly]" classname="Kubernetes e2e suite" time="0">
          <skipped></skipped>
      </testcase>
      <testcase name="[sig-storage] In-tree Volumes [Driver: rbd][Feature:Volumes][Serial] [Testpattern: Inline-volume (default fs)] subPath should be able to unmount after the subpath directory is deleted [LinuxOnly]" classname="Kubernetes e2e suite" time="0">
          <skipped></skipped>
      </testcase>
      <testcase name="[sig-storage] In-tree Volumes [Driver: local][LocalVolumeType: dir-link] [Testpattern: Dynamic PV (ntfs)][Feature:Windows] subPath should support readOnly directory specified in the volumeMount" classname="Kubernetes e2e suite" time="0">
          <skipped></skipped>
      </testcase>
      <testcase name="[sig-storage] In-tree Volumes [Driver: local][LocalVolumeType: dir-link] [Testpattern: Inline-volume (ext3)] volumes should store data" classname="Kubernetes e2e suite" time="0">
          <skipped></skipped>
      </testcase>
      <testcase name="[sig-storage] In-tree Volumes [Driver: local][LocalVolumeType: dir-link] [Testpattern: Pre-provisioned PV (ext3)] volumes should store data" classname="Kubernetes e2e suite" time="0">
          <skipped></skipped>
      </testcase>
      <testcase name="[sig-storage] CSI Volumes [Driver: csi-hostpath] [Testpattern: Dynamic PV (default fs)] provisioning should provision storage with pvc data source" classname="Kubernetes e2e suite" time="0">
          <skipped></skipped>
      </testcase>
      <testcase name="[sig-storage] In-tree Volumes [Driver: local][LocalVolumeType: dir-bindmounted] [Testpattern: Inline-volume (default fs)] subPath should be able to unmount after the subpath directory is deleted [LinuxOnly]" classname="Kubernetes e2e suite" time="0">
          <skipped></skipped>
      </testcase>
      <testcase name="[sig-storage] CSI Volumes [Driver: csi-hostpath] [Testpattern: Inline-volume (default fs)] subPath should support readOnly file specified in the volumeMount [LinuxOnly]" classname="Kubernetes e2e suite" time="0">
          <skipped></skipped>
      </testcase>
      <testcase name="[sig-storage] In-tree Volumes [Driver: nfs] [Testpattern: Pre-provisioned PV (default fs)] subPath should support non-existent path" classname="Kubernetes e2e suite" time="0">
          <skipped></skipped>
      </testcase>
      <testcase name="[sig-storage] In-tree Volumes [Driver: local][LocalVolumeType: dir-link] [Testpattern: Dynamic PV (default fs)] fsgroupchangepolicy (Always)[LinuxOnly], pod created with an initial fsgroup, volume contents ownership changed in first pod, new pod with same fsgroup applied to the volume contents" classname="Kubernetes e2e suite" time="0">
          <skipped></skipped>
      </testcase>
      <testcase name="[sig-storage] In-tree Volumes [Driver: local][LocalVolumeType: dir-bindmounted] [Testpattern: Dynamic PV (default fs)] volume-stress multiple pods should access different volumes repeatedly [Slow] [Serial]" classname="Kubernetes e2e suite" time="0">
          <skipped></skipped>
      </testcase>
      <testcase name="[sig-storage] In-tree Volumes [Driver: ceph][Feature:Volumes][Serial] [Testpattern: Pre-provisioned PV (default fs)] subPath should verify container cannot write to subpath readonly volumes [Slow]" classname="Kubernetes e2e suite" time="0">
          <skipped></skipped>
      </testcase>
      <testcase name="[sig-storage] Subpath Atomic writer volumes should support subpaths with configmap pod with mountPath of existing file [LinuxOnly] [Conformance]" classname="Kubernetes e2e suite" time="24.250518334"></testcase>
      <testcase name="[sig-storage] CSI Volumes [Driver: csi-hostpath] [Testpattern: Dynamic PV (xfs)][Slow] multiVolume [Slow] should access to two volumes with the same volume mode and retain data across pod recreation on the same node" classname="Kubernetes e2e suite" time="0">
          <skipped></skipped>
      </testcase>
      <testcase name="[sig-storage] In-tree Volumes [Driver: vsphere] [Testpattern: Dynamic PV (ntfs)][Feature:Windows] subPath should unmount if pod is force deleted while kubelet is down [Disruptive][Slow][LinuxOnly]" classname="Kubernetes e2e suite" time="0">
          <skipped></skipped>
      </testcase>
      <testcase name="[sig-storage] In-tree Volumes [Driver: local][LocalVolumeType: block] [Testpattern: Dynamic PV (block volmode)] volumeMode should not mount / map unused volumes in a pod [LinuxOnly]" classname="Kubernetes e2e suite" time="0">
          <skipped></skipped>
      </testcase>
      <testcase name="[sig-storage] In-tree Volumes [Driver: local][LocalVolumeType: dir-bindmounted] [Testpattern: Dynamic PV (xfs)][Slow] multiVolume [Slow] should concurrently access the single volume from pods on the same node" classname="Kubernetes e2e suite" time="0">
          <skipped></skipped>
      </testcase>
      <testcase name="[sig-storage] In-tree Volumes [Driver: local][LocalVolumeType: block] [Testpattern: Pre-provisioned PV (filesystem volmode)] multiVolume [Slow] should concurrently access the single read-only volume from pods on the same node" classname="Kubernetes e2e suite" time="0">
          <skipped></skipped>
      </testcase>
      <testcase name="[sig-storage] In-tree Volumes [Driver: iscsi][Feature:Volumes] [Testpattern: Dynamic PV (default fs)] fsgroupchangepolicy (OnRootMismatch)[LinuxOnly], pod created with an initial fsgroup, volume contents ownership changed in first pod, new pod with same fsgroup skips ownership changes to the volume contents" classname="Kubernetes e2e suite" time="0">
          <skipped></skipped>
      </testcase>
      <testcase name="[sig-storage] In-tree Volumes [Driver: gcepd] [Testpattern: Dynamic PV (default fs)] subPath should unmount if pod is gracefully deleted while kubelet is down [Disruptive][Slow][LinuxOnly]" classname="Kubernetes e2e suite" time="0">
          <skipped></skipped>
      </testcase>
      <testcase name="[sig-storage] In-tree Volumes [Driver: hostPathSymlink] [Testpattern: Dynamic PV (default fs)] subPath should fail if subpath file is outside the volume [Slow][LinuxOnly]" classname="Kubernetes e2e suite" time="0">
          <skipped></skipped>
      </testcase>
      <testcase name="[sig-storage] In-tree Volumes [Driver: vsphere] [Testpattern: Inline-volume (default fs)] subPath should verify container cannot write to subpath readonly volumes [Slow]" classname="Kubernetes e2e suite" time="0">
          <skipped></skipped>
      </testcase>
      <testcase name="[sig-storage] In-tree Volumes [Driver: emptydir] [Testpattern: Pre-provisioned PV (block volmode)] multiVolume [Slow] should concurrently access the volume and restored snapshot from pods on the same node [LinuxOnly][Feature:VolumeSnapshotDataSource][Feature:VolumeSourceXFS]" classname="Kubernetes e2e suite" time="0">
          <skipped></skipped>
      </testcase>
      <testcase name="[sig-storage] In-tree Volumes [Driver: local][LocalVolumeType: dir-link] [Testpattern: Pre-provisioned PV (filesystem volmode)] volumeMode should fail to use a volume in a pod with mismatched mode [Slow]" classname="Kubernetes e2e suite" time="0">
          <skipped></skipped>
      </testcase>
      <testcase name="[sig-storage] In-tree Volumes [Driver: local][LocalVolumeType: gce-localssd-scsi-fs] [Serial] [Testpattern: Dynamic PV (ext4)] multiVolume [Slow] should access to two volumes with the same volume mode and retain data across pod recreation on the same node" classname="Kubernetes e2e suite" time="0">
          <skipped></skipped>
      </testcase>
      <testcase name="[sig-storage] In-tree Volumes [Driver: gcepd] [Testpattern: Dynamic PV (default fs)] subPath should support non-existent path" classname="Kubernetes e2e suite" time="0">
          <skipped></skipped>
      </testcase>
      <testcase name="[sig-storage] In-tree Volumes [Driver: local][LocalVolumeType: gce-localssd-scsi-fs] [Serial] [Testpattern: Dynamic PV (ntfs)][Feature:Windows] subPath should support readOnly directory specified in the volumeMount" classname="Kubernetes e2e suite" time="0">
          <skipped></skipped>
      </testcase>
      <testcase name="[sig-storage] In-tree Volumes [Driver: ceph][Feature:Volumes][Serial] [Testpattern: Dynamic PV (block volmode)] volume-stress multiple pods should access different volumes repeatedly [Slow] [Serial]" classname="Kubernetes e2e suite" time="0">
          <skipped></skipped>
      </testcase>
      <testcase name="[sig-storage] In-tree Volumes [Driver: local][LocalVolumeType: block] [Testpattern: Dynamic PV (default fs)] fsgroupchangepolicy (Always)[LinuxOnly], pod created with an initial fsgroup, volume contents ownership changed in first pod, new pod with different fsgroup applied to the volume contents" classname="Kubernetes e2e suite" time="0">
          <skipped></skipped>
      </testcase>
      <testcase name="[sig-storage] In-tree Volumes [Driver: iscsi][Feature:Volumes] [Testpattern: Dynamic PV (filesystem volmode)] multiVolume [Slow] should concurrently access the volume and its clone from pods on the same node [LinuxOnly][Feature:VolumeSnapshotDataSource][Feature:VolumeSourceXFS]" classname="Kubernetes e2e suite" time="0">
          <skipped></skipped>
      </testcase>
      <testcase name="[sig-storage] In-tree Volumes [Driver: gcepd] [Testpattern: Dynamic PV (default fs)] subPath should support restarting containers using directory as subpath [Slow]" classname="Kubernetes e2e suite" time="0">
          <skipped></skipped>
      </testcase>
      <testcase name="[sig-storage] In-tree Volumes [Driver: local][LocalVolumeType: dir] [Testpattern: Pre-provisioned PV (default fs)] subPath should support existing directories when readOnly specified in the volumeSource" classname="Kubernetes e2e suite" time="0">
          <skipped></skipped>
      </testcase>
      <testcase name="[sig-storage] CSI Volumes [Driver: pd.csi.storage.gke.io][Serial] [Testpattern: Dynamic PV (ext4)] multiVolume [Slow] should concurrently access the single volume from pods on different node" classname="Kubernetes e2e suite" time="0">
          <skipped></skipped>
      </testcase>
      <testcase name="[sig-storage] In-tree Volumes [Driver: aws] [Testpattern: Dynamic PV (ext4)] multiVolume [Slow] should concurrently access the single volume from pods on the same node" classname="Kubernetes e2e suite" time="0">
          <skipped></skipped>
      </testcase>
      <testcase name="[sig-storage] In-tree Volumes [Driver: ceph][Feature:Volumes][Serial] [Testpattern: Dynamic PV (default fs)] subPath should unmount if pod is force deleted while kubelet is down [Disruptive][Slow][LinuxOnly]" classname="Kubernetes e2e suite" time="0">
          <skipped></skipped>
      </testcase>
      <testcase name="[sig-storage] In-tree Volumes [Driver: local][LocalVolumeType: block] [Testpattern: Pre-provisioned PV (default fs)] subPath should support restarting containers using file as subpath [Slow][LinuxOnly]" classname="Kubernetes e2e suite" time="0">
          <skipped></skipped>
      </testcase>
      <testcase name="[sig-storage] In-tree Volumes [Driver: local][LocalVolumeType: tmpfs] [Testpattern: Pre-provisioned PV (default fs)] volumes should store data" classname="Kubernetes e2e suite" time="0">
          <skipped></skipped>
      </testcase>
      <testcase name="[sig-storage] In-tree Volumes [Driver: local][LocalVolumeType: dir-link-bindmounted] [Testpattern: Dynamic PV (filesystem volmode)] multiVolume [Slow] should concurrently access the single volume from pods on different node" classname="Kubernetes e2e suite" time="0">
          <skipped></skipped>
      </testcase>
      <testcase name="[sig-storage] In-tree Volumes [Driver: rbd][Feature:Volumes][Serial] [Testpattern: Pre-provisioned PV (default fs)] subPath should support creating multiple subpath from same volumes [Slow]" classname="Kubernetes e2e suite" time="0">
          <skipped></skipped>
      </testcase>
      <testcase name="[sig-storage] In-tree Volumes [Driver: windows-gcepd] [Testpattern: Dynamic PV (xfs)][Slow] multiVolume [Slow] should access to two volumes with different volume mode and retain data across pod recreation on the same node" classname="Kubernetes e2e suite" time="0">
          <skipped></skipped>
      </testcase>
      <testcase name="[sig-storage] In-tree Volumes [Driver: local][LocalVolumeType: dir-link-bindmounted] [Testpattern: Inline-volume (default fs)] subPath should support restarting containers using file as subpath [Slow][LinuxOnly]" classname="Kubernetes e2e suite" time="0">
          <skipped></skipped>
      </testcase>
      <testcase name="[sig-autoscaling] Cluster size autoscaling [Slow] shouldn&#39;t scale down when non expendable pod is running [Feature:ClusterSizeAutoscalingScaleDown]" classname="Kubernetes e2e suite" time="0">
          <skipped></skipped>
      </testcase>
      <testcase name="[sig-storage] In-tree Volumes [Driver: local][LocalVolumeType: gce-localssd-scsi-fs] [Serial] [Testpattern: Dynamic PV (ntfs)(allowExpansion)][Feature:Windows] volume-expand should resize volume when PVC is edited while pod is using it" classname="Kubernetes e2e suite" time="0">
          <skipped></skipped>
      </testcase>
      <testcase name="[sig-storage] In-tree Volumes [Driver: windows-gcepd] [Testpattern: Pre-provisioned PV (default fs)] subPath should fail if subpath directory is outside the volume [Slow][LinuxOnly]" classname="Kubernetes e2e suite" time="0">
          <skipped></skipped>
      </testcase>
      <testcase name="[sig-storage] In-tree Volumes [Driver: hostPathSymlink] [Testpattern: Dynamic PV (filesystem volmode)] volumeMode should not mount / map unused volumes in a pod [LinuxOnly]" classname="Kubernetes e2e suite" time="0">
          <skipped></skipped>
      </testcase>
      <testcase name="[sig-storage] In-tree Volumes [Driver: local][LocalVolumeType: tmpfs] [Testpattern: Dynamic PV (filesystem volmode)] multiVolume [Slow] should concurrently access the single volume from pods on the same node" classname="Kubernetes e2e suite" time="0">
          <skipped></skipped>
      </testcase>
      <testcase name="[sig-network] [Feature:IPv6DualStack] should have ipv4 and ipv6 node podCIDRs [LinuxOnly]" classname="Kubernetes e2e suite" time="0">
          <skipped></skipped>
      </testcase>
      <testcase name="[sig-storage] In-tree Volumes [Driver: gluster] [Testpattern: Dynamic PV (immediate binding)] topology should provision a volume and schedule a pod with AllowedTopologies" classname="Kubernetes e2e suite" time="0">
          <skipped></skipped>
      </testcase>
      <testcase name="[sig-storage] In-tree Volumes [Driver: hostPathSymlink] [Testpattern: Pre-provisioned PV (block volmode)] disruptive[Disruptive][LinuxOnly] Should test that pv used in a pod that is deleted while the kubelet is down cleans up when the kubelet returns." classname="Kubernetes e2e suite" time="0">
          <skipped></skipped>
      </testcase>
      <testcase name="[sig-storage] In-tree Volumes [Driver: iscsi][Feature:Volumes] [Testpattern: Inline-volume (default fs)] volumeIO should write files of various sizes, verify size, validate content [Slow][LinuxOnly]" classname="Kubernetes e2e suite" time="0">
          <skipped></skipped>
      </testcase>
      <testcase name="[sig-network] NetworkPolicyLegacy [LinuxOnly] NetworkPolicy between server and client should enforce policy based on Ports [Feature:NetworkPolicy]" classname="Kubernetes e2e suite" time="0">
          <skipped></skipped>
      </testcase>
      <testcase name="[sig-storage] CSI Volumes [Driver: pd.csi.storage.gke.io][Serial] [Testpattern: Dynamic PV (block volmode)] multiVolume [Slow] should access to two volumes with different volume mode and retain data across pod recreation on different node" classname="Kubernetes e2e suite" time="0">
          <skipped></skipped>
      </testcase>
      <testcase name="[sig-storage] In-tree Volumes [Driver: local][LocalVolumeType: gce-localssd-scsi-fs] [Serial] [Testpattern: Dynamic PV (xfs)][Slow] multiVolume [Slow] should concurrently access the volume and restored snapshot from pods on the same node [LinuxOnly][Feature:VolumeSnapshotDataSource][Feature:VolumeSourceXFS]" classname="Kubernetes e2e suite" time="0">
          <skipped></skipped>
      </testcase>
      <testcase name="[sig-storage] In-tree Volumes [Driver: local][LocalVolumeType: dir-link-bindmounted] [Testpattern: Inline-volume (default fs)] subPath should fail if subpath directory is outside the volume [Slow][LinuxOnly]" classname="Kubernetes e2e suite" time="0">
          <skipped></skipped>
      </testcase>
      <testcase name="[sig-storage] In-tree Volumes [Driver: windows-gcepd] [Testpattern: Dynamic PV (default fs)] subPath should support restarting containers using directory as subpath [Slow]" classname="Kubernetes e2e suite" time="0">
          <skipped></skipped>
      </testcase>
      <testcase name="[sig-storage] In-tree Volumes [Driver: iscsi][Feature:Volumes] [Testpattern: Dynamic PV (ext4)] volumes should store data" classname="Kubernetes e2e suite" time="0">
          <skipped></skipped>
      </testcase>
      <testcase name="[sig-storage] In-tree Volumes [Driver: hostPath] [Testpattern: Dynamic PV (default fs)] subPath should support readOnly directory specified in the volumeMount" classname="Kubernetes e2e suite" time="0">
          <skipped></skipped>
      </testcase>
      <testcase name="[sig-storage] In-tree Volumes [Driver: aws] [Testpattern: Dynamic PV (ext4)] multiVolume [Slow] should concurrently access the volume and its clone from pods on the same node [LinuxOnly][Feature:VolumeSnapshotDataSource][Feature:VolumeSourceXFS]" classname="Kubernetes e2e suite" time="0">
          <skipped></skipped>
      </testcase>
      <testcase name="[sig-storage] In-tree Volumes [Driver: windows-gcepd] [Testpattern: Pre-provisioned PV (default fs)] subPath should unmount if pod is force deleted while kubelet is down [Disruptive][Slow][LinuxOnly]" classname="Kubernetes e2e suite" time="0">
          <skipped></skipped>
      </testcase>
      <testcase name="[sig-storage] In-tree Volumes [Driver: gcepd] [Testpattern: Dynamic PV (delayed binding)] topology should provision a volume and schedule a pod with AllowedTopologies" classname="Kubernetes e2e suite" time="0">
          <skipped></skipped>
      </testcase>
      <testcase name="[sig-storage] In-tree Volumes [Driver: emptydir] [Testpattern: Dynamic PV (filesystem volmode)] volumeMode should not mount / map unused volumes in a pod [LinuxOnly]" classname="Kubernetes e2e suite" time="0">
          <skipped></skipped>
      </testcase>
      <testcase name="[sig-storage] CSI Volumes [Driver: csi-hostpath] [Testpattern: Dynamic PV (default fs)] subPath should support existing directory" classname="Kubernetes e2e suite" time="0">
          <skipped></skipped>
      </testcase>
      <testcase name="[sig-storage] In-tree Volumes [Driver: local][LocalVolumeType: tmpfs] [Testpattern: Dynamic PV (default fs)(allowExpansion)] volume-expand Verify if offline PVC expansion works" classname="Kubernetes e2e suite" time="0">
          <skipped></skipped>
      </testcase>
      <testcase name="[sig-storage] CSI mock volume CSI NodeStage error cases [Slow] should retry NodeStage after NodeStage ephemeral error" classname="Kubernetes e2e suite" time="0">
          <skipped></skipped>
      </testcase>
      <testcase name="[sig-storage] In-tree Volumes [Driver: local][LocalVolumeType: dir] [Testpattern: Pre-provisioned PV (filesystem volmode)] multiVolume [Slow] should access to two volumes with different volume mode and retain data across pod recreation on the same node" classname="Kubernetes e2e suite" time="0">
          <skipped></skipped>
      </testcase>
      <testcase name="[sig-storage] In-tree Volumes [Driver: nfs] [Testpattern: Inline-volume (default fs)] subPath should unmount if pod is gracefully deleted while kubelet is down [Disruptive][Slow][LinuxOnly]" classname="Kubernetes e2e suite" time="0">
          <skipped></skipped>
      </testcase>
      <testcase name="[sig-storage] In-tree Volumes [Driver: local][LocalVolumeType: dir-link-bindmounted] [Testpattern: Pre-provisioned PV (default fs)] subPath should fail if non-existent subpath is outside the volume [Slow][LinuxOnly]" classname="Kubernetes e2e suite" time="0">
          <skipped></skipped>
      </testcase>
      <testcase name="[sig-storage] In-tree Volumes [Driver: local][LocalVolumeType: dir-link-bindmounted] [Testpattern: Inline-volume (default fs)] subPath should verify container cannot write to subpath readonly volumes [Slow]" classname="Kubernetes e2e suite" time="0">
          <skipped></skipped>
      </testcase>
      <testcase name="[sig-storage] In-tree Volumes [Driver: local][LocalVolumeType: dir-link] [Testpattern: Inline-volume (default fs)] subPath should be able to unmount after the subpath directory is deleted [LinuxOnly]" classname="Kubernetes e2e suite" time="0">
          <skipped></skipped>
      </testcase>
      <testcase name="[sig-apps] CronJob should not schedule jobs when suspended [Slow] [Conformance]" classname="Kubernetes e2e suite" time="300.086086027"></testcase>
      <testcase name="[sig-storage] In-tree Volumes [Driver: vsphere] [Testpattern: Pre-provisioned PV (block volmode)] multiVolume [Slow] should concurrently access the volume and its clone from pods on the same node [LinuxOnly][Feature:VolumeSnapshotDataSource][Feature:VolumeSourceXFS]" classname="Kubernetes e2e suite" time="0">
          <skipped></skipped>
      </testcase>
      <testcase name="[sig-storage] In-tree Volumes [Driver: windows-gcepd] [Testpattern: Dynamic PV (xfs)][Slow] multiVolume [Slow] should access to two volumes with the same volume mode and retain data across pod recreation on different node" classname="Kubernetes e2e suite" time="0">
          <skipped></skipped>
      </testcase>
      <testcase name="[sig-storage] In-tree Volumes [Driver: local][LocalVolumeType: dir-bindmounted] [Testpattern: Dynamic PV (default fs)] provisioning should provision storage with mount options" classname="Kubernetes e2e suite" time="0">
          <skipped></skipped>
      </testcase>
      <testcase name="[sig-storage] In-tree Volumes [Driver: iscsi][Feature:Volumes] [Testpattern: Dynamic PV (ntfs)][Feature:Windows] subPath should be able to unmount after the subpath directory is deleted [LinuxOnly]" classname="Kubernetes e2e suite" time="0">
          <skipped></skipped>
      </testcase>
      <testcase name="[sig-network] Networking Granular Checks: Services should function for client IP based session affinity: udp [LinuxOnly]" classname="Kubernetes e2e suite" time="0">
          <skipped></skipped>
      </testcase>
      <testcase name="[sig-storage] In-tree Volumes [Driver: aws] [Testpattern: Pre-provisioned PV (filesystem volmode)] multiVolume [Slow] should access to two volumes with the same volume mode and retain data across pod recreation on the same node" classname="Kubernetes e2e suite" time="0">
          <skipped></skipped>
      </testcase>
      <testcase name="[sig-node] Security Context when creating containers with AllowPrivilegeEscalation should not allow privilege escalation when false [LinuxOnly] [NodeConformance] [Conformance]" classname="Kubernetes e2e suite" time="2.103528628"></testcase>
      <testcase name="[sig-storage] In-tree Volumes [Driver: local][LocalVolumeType: dir] [Testpattern: Pre-provisioned PV (filesystem volmode)] volumeMode should not mount / map unused volumes in a pod [LinuxOnly]" classname="Kubernetes e2e suite" time="0">
          <skipped></skipped>
      </testcase>
      <testcase name="[sig-storage] In-tree Volumes [Driver: cinder] [Testpattern: Dynamic PV (filesystem volmode)] multiVolume [Slow] should access to two volumes with the same volume mode and retain data across pod recreation on different node" classname="Kubernetes e2e suite" time="0">
          <skipped></skipped>
      </testcase>
      <testcase name="[sig-storage] In-tree Volumes [Driver: local][LocalVolumeType: dir] [Testpattern: Inline-volume (ntfs)][Feature:Windows] volumes should store data" classname="Kubernetes e2e suite" time="0">
          <skipped></skipped>
      </testcase>
      <testcase name="[sig-network] IngressClass [Feature:Ingress] should not set default value if no default IngressClass [Serial]" classname="Kubernetes e2e suite" time="0">
          <skipped></skipped>
      </testcase>
      <testcase name="[sig-storage] In-tree Volumes [Driver: local][LocalVolumeType: dir-bindmounted] [Testpattern: Dynamic PV (default fs)(allowExpansion)] volume-expand Verify if offline PVC expansion works" classname="Kubernetes e2e suite" time="0">
          <skipped></skipped>
      </testcase>
      <testcase name="[sig-storage] In-tree Volumes [Driver: local][LocalVolumeType: dir-link] [Testpattern: Dynamic PV (ntfs)][Feature:Windows] subPath should support restarting containers using directory as subpath [Slow]" classname="Kubernetes e2e suite" time="0">
          <skipped></skipped>
      </testcase>
      <testcase name="[sig-storage] In-tree Volumes [Driver: cinder] [Testpattern: Dynamic PV (ext4)] multiVolume [Slow] should concurrently access the volume and its clone from pods on the same node [LinuxOnly][Feature:VolumeSnapshotDataSource][Feature:VolumeSourceXFS]" classname="Kubernetes e2e suite" time="0">
          <skipped></skipped>
      </testcase>
      <testcase name="[sig-network] LoadBalancers should be able to change the type and ports of a TCP service [Slow]" classname="Kubernetes e2e suite" time="0">
          <skipped></skipped>
      </testcase>
      <testcase name="[sig-windows] [Feature:Windows] Memory Limits [Serial] [Slow] Allocatable node memory should be equal to a calculated allocatable memory value" classname="Kubernetes e2e suite" time="0">
          <skipped></skipped>
      </testcase>
      <testcase name="[sig-storage] In-tree Volumes [Driver: gluster] [Testpattern: Pre-provisioned PV (filesystem volmode)] multiVolume [Slow] should concurrently access the volume and its clone from pods on the same node [LinuxOnly][Feature:VolumeSnapshotDataSource][Feature:VolumeSourceXFS]" classname="Kubernetes e2e suite" time="0">
          <skipped></skipped>
      </testcase>
      <testcase name="[sig-node] RuntimeClass should run a Pod requesting a RuntimeClass with a configured handler [NodeFeature:RuntimeHandler]" classname="Kubernetes e2e suite" time="0">
          <skipped></skipped>
      </testcase>
      <testcase name="[sig-node] Container Runtime blackbox test on terminated container should report termination message [LinuxOnly] from file when pod succeeds and TerminationMessagePolicy FallbackToLogsOnError is set [NodeConformance] [Conformance]" classname="Kubernetes e2e suite" time="2.102591565"></testcase>
      <testcase name="[sig-storage] In-tree Volumes [Driver: cinder] [Testpattern: Dynamic PV (default fs)] volumes should allow exec of files on the volume" classname="Kubernetes e2e suite" time="0">
          <skipped></skipped>
      </testcase>
      <testcase name="[sig-storage] In-tree Volumes [Driver: nfs] [Testpattern: Pre-provisioned PV (block volmode)] multiVolume [Slow] should concurrently access the volume and restored snapshot from pods on the same node [LinuxOnly][Feature:VolumeSnapshotDataSource][Feature:VolumeSourceXFS]" classname="Kubernetes e2e suite" time="0">
          <skipped></skipped>
      </testcase>
      <testcase name="[sig-network] Services GCE [Slow] should be able to create and tear down a standard-tier load balancer [Slow]" classname="Kubernetes e2e suite" time="0">
          <skipped></skipped>
      </testcase>
      <testcase name="[sig-storage] In-tree Volumes [Driver: local][LocalVolumeType: dir-link] [Testpattern: Dynamic PV (default fs)] subPath should fail if subpath directory is outside the volume [Slow][LinuxOnly]" classname="Kubernetes e2e suite" time="0">
          <skipped></skipped>
      </testcase>
      <testcase name="[sig-storage] In-tree Volumes [Driver: local][LocalVolumeType: block] [Testpattern: Pre-provisioned PV (xfs)][Slow] volumes should allow exec of files on the volume" classname="Kubernetes e2e suite" time="0">
          <skipped></skipped>
      </testcase>
      <testcase name="[sig-storage] In-tree Volumes [Driver: local][LocalVolumeType: dir] [Testpattern: Dynamic PV (ntfs)][Feature:Windows] provisioning should provision storage with snapshot data source [Feature:VolumeSnapshotDataSource]" classname="Kubernetes e2e suite" time="0">
          <skipped></skipped>
      </testcase>
      <testcase name="[sig-storage] In-tree Volumes [Driver: cinder] [Testpattern: Dynamic PV (ntfs)][Feature:Windows] provisioning should provision storage with snapshot data source [Feature:VolumeSnapshotDataSource]" classname="Kubernetes e2e suite" time="0">
          <skipped></skipped>
      </testcase>
      <testcase name="[sig-storage] In-tree Volumes [Driver: rbd][Feature:Volumes][Serial] [Testpattern: Dynamic PV (ext4)] multiVolume [Slow] should concurrently access the single volume from pods on different node" classname="Kubernetes e2e suite" time="0">
          <skipped></skipped>
      </testcase>
      <testcase name="[sig-storage] In-tree Volumes [Driver: local][LocalVolumeType: gce-localssd-scsi-fs] [Serial] [Testpattern: Inline-volume (ntfs)][Feature:Windows] volumes should store data" classname="Kubernetes e2e suite" time="0">
          <skipped></skipped>
      </testcase>
      <testcase name="[sig-storage] In-tree Volumes [Driver: cinder] [Testpattern: Pre-provisioned PV (default fs)] subPath should support restarting containers using file as subpath [Slow][LinuxOnly]" classname="Kubernetes e2e suite" time="0">
          <skipped></skipped>
      </testcase>
      <testcase name="[sig-storage] In-tree Volumes [Driver: local][LocalVolumeType: tmpfs] [Testpattern: Inline-volume (default fs)] subPath should support file as subpath [LinuxOnly]" classname="Kubernetes e2e suite" time="0">
          <skipped></skipped>
      </testcase>
      <testcase name="[sig-storage] In-tree Volumes [Driver: emptydir] [Testpattern: Dynamic PV (ntfs)][Feature:Windows] volumes should store data" classname="Kubernetes e2e suite" time="0">
          <skipped></skipped>
      </testcase>
      <testcase name="[sig-storage] In-tree Volumes [Driver: gluster] [Testpattern: Inline-volume (default fs)] subPath should support non-existent path" classname="Kubernetes e2e suite" time="0">
          <skipped></skipped>
      </testcase>
      <testcase name="[sig-storage] In-tree Volumes [Driver: local][LocalVolumeType: dir-link] [Testpattern: Dynamic PV (ntfs)][Feature:Windows] subPath should unmount if pod is force deleted while kubelet is down [Disruptive][Slow][LinuxOnly]" classname="Kubernetes e2e suite" time="0">
          <skipped></skipped>
      </testcase>
      <testcase name="[sig-storage] In-tree Volumes [Driver: rbd][Feature:Volumes][Serial] [Testpattern: Dynamic PV (block volmode)] volume-expand should not allow expansion of pvcs without AllowVolumeExpansion property" classname="Kubernetes e2e suite" time="0">
          <skipped></skipped>
      </testcase>
      <testcase name="[sig-storage] In-tree Volumes [Driver: local][LocalVolumeType: gce-localssd-scsi-fs] [Serial] [Testpattern: Pre-provisioned PV (default fs)] subPath should support readOnly directory specified in the volumeMount" classname="Kubernetes e2e suite" time="0">
          <skipped></skipped>
      </testcase>
      <testcase name="[sig-storage] CSI Volumes [Driver: pd.csi.storage.gke.io][Serial] [Testpattern: Dynamic PV (ext3)] volumes should allow exec of files on the volume" classname="Kubernetes e2e suite" time="0">
          <skipped></skipped>
      </testcase>
      <testcase name="[sig-storage] In-tree Volumes [Driver: gluster] [Testpattern: Pre-provisioned PV (block volmode)] multiVolume [Slow] should concurrently access the single read-only volume from pods on the same node" classname="Kubernetes e2e suite" time="0">
          <skipped></skipped>
      </testcase>
      <testcase name="[sig-storage] In-tree Volumes [Driver: nfs] [Testpattern: Inline-volume (default fs)] subPath should verify container cannot write to subpath readonly volumes [Slow]" classname="Kubernetes e2e suite" time="0">
          <skipped></skipped>
      </testcase>
      <testcase name="[sig-apps] Daemon set [Serial] should run and stop complex daemon [Conformance]" classname="Kubernetes e2e suite" time="9.698248179"></testcase>
      <testcase name="[sig-storage] In-tree Volumes [Driver: cinder] [Testpattern: Dynamic PV (ntfs)(allowExpansion)][Feature:Windows] volume-expand Verify if offline PVC expansion works" classname="Kubernetes e2e suite" time="0">
          <skipped></skipped>
      </testcase>
      <testcase name="[sig-storage] In-tree Volumes [Driver: local][LocalVolumeType: dir-bindmounted] [Testpattern: Dynamic PV (default fs)] subPath should fail if subpath file is outside the volume [Slow][LinuxOnly]" classname="Kubernetes e2e suite" time="0">
          <skipped></skipped>
      </testcase>
      <testcase name="[sig-autoscaling] Cluster size autoscaling [Slow] should scale up correct target pool [Feature:ClusterSizeAutoscalingScaleUp]" classname="Kubernetes e2e suite" time="0">
          <skipped></skipped>
      </testcase>
      <testcase name="[sig-storage] In-tree Volumes [Driver: iscsi][Feature:Volumes] [Testpattern: Pre-provisioned PV (ext3)] volumes should store data" classname="Kubernetes e2e suite" time="0">
          <skipped></skipped>
      </testcase>
      <testcase name="[sig-storage] In-tree Volumes [Driver: nfs] [Testpattern: Dynamic PV (block volmode)] multiVolume [Slow] should concurrently access the volume and restored snapshot from pods on the same node [LinuxOnly][Feature:VolumeSnapshotDataSource][Feature:VolumeSourceXFS]" classname="Kubernetes e2e suite" time="0">
          <skipped></skipped>
      </testcase>
      <testcase name="[sig-storage] In-tree Volumes [Driver: iscsi][Feature:Volumes] [Testpattern: Pre-provisioned PV (block volmode)] multiVolume [Slow] should access to two volumes with different volume mode and retain data across pod recreation on different node" classname="Kubernetes e2e suite" time="0">
          <skipped></skipped>
      </testcase>
      <testcase name="[sig-storage] CSI Volumes [Driver: csi-hostpath] [Testpattern: Dynamic PV (filesystem volmode)] volumeMode should not mount / map unused volumes in a pod [LinuxOnly]" classname="Kubernetes e2e suite" time="0">
          <skipped></skipped>
      </testcase>
      <testcase name="[sig-storage] In-tree Volumes [Driver: local][LocalVolumeType: tmpfs] [Testpattern: Pre-provisioned PV (block volmode)] multiVolume [Slow] should access to two volumes with different volume mode and retain data across pod recreation on different node" classname="Kubernetes e2e suite" time="0">
          <skipped></skipped>
      </testcase>
      <testcase name="[sig-storage] In-tree Volumes [Driver: aws] [Testpattern: Inline-volume (ext3)] volumes should store data" classname="Kubernetes e2e suite" time="0">
          <skipped></skipped>
      </testcase>
      <testcase name="[sig-storage] In-tree Volumes [Driver: gcepd] [Testpattern: Dynamic PV (default fs)] subPath should support restarting containers using file as subpath [Slow][LinuxOnly]" classname="Kubernetes e2e suite" time="0">
          <skipped></skipped>
      </testcase>
      <testcase name="[sig-storage] Dynamic Provisioning DynamicProvisioner [Slow] deletion should be idempotent" classname="Kubernetes e2e suite" time="0">
          <skipped></skipped>
      </testcase>
      <testcase name="[sig-storage] In-tree Volumes [Driver: ceph][Feature:Volumes][Serial] [Testpattern: Dynamic PV (xfs)][Slow] volumes should allow exec of files on the volume" classname="Kubernetes e2e suite" time="0">
          <skipped></skipped>
      </testcase>
      <testcase name="[sig-storage] In-tree Volumes [Driver: local][LocalVolumeType: tmpfs] [Testpattern: Dynamic PV (block volmode)] volumes should store data" classname="Kubernetes e2e suite" time="0">
          <skipped></skipped>
      </testcase>
      <testcase name="[sig-storage] In-tree Volumes [Driver: local][LocalVolumeType: dir-link-bindmounted] [Testpattern: Dynamic PV (default fs)] subPath should support non-existent path" classname="Kubernetes e2e suite" time="0">
          <skipped></skipped>
      </testcase>
      <testcase name="[sig-auth] ServiceAccounts should run through the lifecycle of a ServiceAccount [Conformance]" classname="Kubernetes e2e suite" time="0.13712234"></testcase>
      <testcase name="[sig-storage] In-tree Volumes [Driver: vsphere] [Testpattern: Pre-provisioned PV (block volmode)] volumeMode should fail to create pod by failing to mount volume [Slow]" classname="Kubernetes e2e suite" time="0">
          <skipped></skipped>
      </testcase>
      <testcase name="[sig-apps] DaemonRestart [Disruptive] Scheduler should continue assigning pods to nodes across restart" classname="Kubernetes e2e suite" time="0">
          <skipped></skipped>
      </testcase>
      <testcase name="[sig-storage] In-tree Volumes [Driver: iscsi][Feature:Volumes] [Testpattern: Dynamic PV (ntfs)][Feature:Windows] subPath should support creating multiple subpath from same volumes [Slow]" classname="Kubernetes e2e suite" time="0">
          <skipped></skipped>
      </testcase>
      <testcase name="[sig-storage] In-tree Volumes [Driver: gluster] [Testpattern: Pre-provisioned PV (filesystem volmode)] volumeMode should fail to use a volume in a pod with mismatched mode [Slow]" classname="Kubernetes e2e suite" time="0">
          <skipped></skipped>
      </testcase>
      <testcase name="[sig-node] Container Runtime blackbox test when running a container with a new image should be able to pull image [NodeConformance]" classname="Kubernetes e2e suite" time="0">
          <skipped></skipped>
      </testcase>
      <testcase name="[sig-storage] In-tree Volumes [Driver: emptydir] [Testpattern: Dynamic PV (xfs)][Slow] volumes should allow exec of files on the volume" classname="Kubernetes e2e suite" time="0">
          <skipped></skipped>
      </testcase>
      <testcase name="[sig-storage] In-tree Volumes [Driver: aws] [Testpattern: Dynamic PV (xfs)][Slow] multiVolume [Slow] should concurrently access the single volume from pods on different node" classname="Kubernetes e2e suite" time="0">
          <skipped></skipped>
      </testcase>
      <testcase name="[sig-storage] In-tree Volumes [Driver: local][LocalVolumeType: dir-link-bindmounted] [Testpattern: Dynamic PV (default fs)] subPath should fail if subpath file is outside the volume [Slow][LinuxOnly]" classname="Kubernetes e2e suite" time="0">
          <skipped></skipped>
      </testcase>
      <testcase name="[sig-storage] In-tree Volumes [Driver: hostPathSymlink] [Testpattern: Inline-volume (default fs)] subPath should support readOnly directory specified in the volumeMount" classname="Kubernetes e2e suite" time="0">
          <skipped></skipped>
      </testcase>
      <testcase name="[sig-storage] In-tree Volumes [Driver: emptydir] [Testpattern: Dynamic PV (filesystem volmode)] volumeLimits should verify that all csinodes have volume limits" classname="Kubernetes e2e suite" time="0">
          <skipped></skipped>
      </testcase>
      <testcase name="[sig-storage] In-tree Volumes [Driver: local][LocalVolumeType: block] [Testpattern: Dynamic PV (block volmode)] volumeMode should fail to use a volume in a pod with mismatched mode [Slow]" classname="Kubernetes e2e suite" time="0">
          <skipped></skipped>
      </testcase>
      <testcase name="[sig-storage] ConfigMap should be consumable from pods in volume as non-root with FSGroup [LinuxOnly] [NodeFeature:FSGroup]" classname="Kubernetes e2e suite" time="0">
          <skipped></skipped>
      </testcase>
      <testcase name="[sig-storage] CSI Volumes [Driver: pd.csi.storage.gke.io][Serial] [Testpattern: Dynamic PV (default fs)] subPath should unmount if pod is force deleted while kubelet is down [Disruptive][Slow][LinuxOnly]" classname="Kubernetes e2e suite" time="0">
          <skipped></skipped>
      </testcase>
      <testcase name="[sig-storage] In-tree Volumes [Driver: gluster] [Testpattern: Dynamic PV (block volmode)] multiVolume [Slow] should access to two volumes with different volume mode and retain data across pod recreation on different node" classname="Kubernetes e2e suite" time="0">
          <skipped></skipped>
      </testcase>
      <testcase name="[sig-storage] In-tree Volumes [Driver: local][LocalVolumeType: dir-link-bindmounted] [Testpattern: Dynamic PV (ext4)] volumes should store data" classname="Kubernetes e2e suite" time="0">
          <skipped></skipped>
      </testcase>
      <testcase name="[sig-storage] In-tree Volumes [Driver: aws] [Testpattern: Inline-volume (ntfs)][Feature:Windows] volumes should allow exec of files on the volume" classname="Kubernetes e2e suite" time="0">
          <skipped></skipped>
      </testcase>
      <testcase name="[sig-storage] In-tree Volumes [Driver: hostPathSymlink] [Testpattern: Dynamic PV (block volmode)] multiVolume [Slow] should access to two volumes with the same volume mode and retain data across pod recreation on the same node" classname="Kubernetes e2e suite" time="0">
          <skipped></skipped>
      </testcase>
      <testcase name="[sig-storage] In-tree Volumes [Driver: nfs] [Testpattern: Dynamic PV (ntfs)][Feature:Windows] volumes should allow exec of files on the volume" classname="Kubernetes e2e suite" time="0">
          <skipped></skipped>
      </testcase>
      <testcase name="[sig-storage] In-tree Volumes [Driver: nfs] [Testpattern: Dynamic PV (block volmode)] provisioning should provision storage with mount options" classname="Kubernetes e2e suite" time="0">
          <skipped></skipped>
      </testcase>
      <testcase name="[sig-storage] In-tree Volumes [Driver: rbd][Feature:Volumes][Serial] [Testpattern: Dynamic PV (immediate binding)] topology should provision a volume and schedule a pod with AllowedTopologies" classname="Kubernetes e2e suite" time="0">
          <skipped></skipped>
      </testcase>
      <testcase name="[sig-storage] In-tree Volumes [Driver: rbd][Feature:Volumes][Serial] [Testpattern: Pre-provisioned PV (block volmode)] disruptive[Disruptive][LinuxOnly] Should test that pv used in a pod that is deleted while the kubelet is down cleans up when the kubelet returns." classname="Kubernetes e2e suite" time="0">
          <skipped></skipped>
      </testcase>
      <testcase name="[sig-storage] In-tree Volumes [Driver: emptydir] [Testpattern: Pre-provisioned PV (default fs)] subPath should fail if subpath file is outside the volume [Slow][LinuxOnly]" classname="Kubernetes e2e suite" time="0">
          <skipped></skipped>
      </testcase>
      <testcase name="[sig-storage] CSI Volumes [Driver: pd.csi.storage.gke.io][Serial] [Testpattern: Pre-provisioned PV (ext3)] volumes should allow exec of files on the volume" classname="Kubernetes e2e suite" time="0">
          <skipped></skipped>
      </testcase>
      <testcase name="[sig-storage] In-tree Volumes [Driver: local][LocalVolumeType: gce-localssd-scsi-fs] [Serial] [Testpattern: Dynamic PV (ntfs)][Feature:Windows] subPath should support file as subpath [LinuxOnly]" classname="Kubernetes e2e suite" time="0">
          <skipped></skipped>
      </testcase>
      <testcase name="[sig-storage] In-tree Volumes [Driver: aws] [Testpattern: Dynamic PV (ntfs)][Feature:Windows] subPath should unmount if pod is gracefully deleted while kubelet is down [Disruptive][Slow][LinuxOnly]" classname="Kubernetes e2e suite" time="0">
          <skipped></skipped>
      </testcase>
      <testcase name="[sig-storage] Volume Placement [Feature:vsphere] should create and delete pod with the same volume source attach/detach to different worker nodes" classname="Kubernetes e2e suite" time="0">
          <skipped></skipped>
      </testcase>
      <testcase name="[sig-storage] In-tree Volumes [Driver: local][LocalVolumeType: block] [Testpattern: Pre-provisioned PV (default fs)] subPath should be able to unmount after the subpath directory is deleted [LinuxOnly]" classname="Kubernetes e2e suite" time="0">
          <skipped></skipped>
      </testcase>
      <testcase name="[sig-storage] In-tree Volumes [Driver: aws] [Testpattern: Dynamic PV (ntfs)][Feature:Windows] provisioning should provision storage with pvc data source in parallel [Slow]" classname="Kubernetes e2e suite" time="0">
          <skipped></skipped>
      </testcase>
      <testcase name="[sig-storage] In-tree Volumes [Driver: local][LocalVolumeType: block] [Testpattern: Dynamic PV (block volmode)] multiVolume [Slow] should concurrently access the volume and its clone from pods on the same node [LinuxOnly][Feature:VolumeSnapshotDataSource][Feature:VolumeSourceXFS]" classname="Kubernetes e2e suite" time="0">
          <skipped></skipped>
      </testcase>
      <testcase name="[sig-storage] In-tree Volumes [Driver: local][LocalVolumeType: dir-bindmounted] [Testpattern: Pre-provisioned PV (default fs)] subPath should unmount if pod is force deleted while kubelet is down [Disruptive][Slow][LinuxOnly]" classname="Kubernetes e2e suite" time="0">
          <skipped></skipped>
      </testcase>
      <testcase name="[sig-storage] CSI Volumes [Driver: pd.csi.storage.gke.io][Serial] [Testpattern: Dynamic PV (block volmode)] multiVolume [Slow] should concurrently access the volume and its clone from pods on the same node [LinuxOnly][Feature:VolumeSnapshotDataSource][Feature:VolumeSourceXFS]" classname="Kubernetes e2e suite" time="0">
          <skipped></skipped>
      </testcase>
      <testcase name="[sig-api-machinery] Namespaces [Serial] should always delete fast (ALL of 100 namespaces in 150 seconds) [Feature:ComprehensiveNamespaceDraining]" classname="Kubernetes e2e suite" time="0">
          <skipped></skipped>
      </testcase>
      <testcase name="[sig-storage] In-tree Volumes [Driver: hostPath] [Testpattern: Inline-volume (xfs)][Slow] volumes should allow exec of files on the volume" classname="Kubernetes e2e suite" time="0">
          <skipped></skipped>
      </testcase>
      <testcase name="[sig-storage] In-tree Volumes [Driver: local][LocalVolumeType: blockfs] [Testpattern: Inline-volume (xfs)][Slow] volumes should store data" classname="Kubernetes e2e suite" time="0">
          <skipped></skipped>
      </testcase>
      <testcase name="[sig-storage] In-tree Volumes [Driver: local][LocalVolumeType: dir-link-bindmounted] [Testpattern: Inline-volume (ext3)] volumes should store data" classname="Kubernetes e2e suite" time="0">
          <skipped></skipped>
      </testcase>
      <testcase name="[sig-storage] In-tree Volumes [Driver: local][LocalVolumeType: dir-link] [Testpattern: Dynamic PV (block volmode)] multiVolume [Slow] should access to two volumes with the same volume mode and retain data across pod recreation on the same node" classname="Kubernetes e2e suite" time="0">
          <skipped></skipped>
      </testcase>
      <testcase name="[sig-autoscaling] [Feature:HPA] Horizontal pod autoscaling (scale resource: CPU) [Serial] [Slow] ReplicaSet Should scale from 5 pods to 3 pods and from 3 to 1" classname="Kubernetes e2e suite" time="0">
          <skipped></skipped>
      </testcase>
      <testcase name="[sig-storage] In-tree Volumes [Driver: local][LocalVolumeType: block] [Testpattern: Inline-volume (default fs)] subPath should support existing directories when readOnly specified in the volumeSource" classname="Kubernetes e2e suite" time="0">
          <skipped></skipped>
      </testcase>
      <testcase name="[sig-storage] In-tree Volumes [Driver: local][LocalVolumeType: dir] [Testpattern: Dynamic PV (ntfs)][Feature:Windows] subPath should support readOnly directory specified in the volumeMount" classname="Kubernetes e2e suite" time="0">
          <skipped></skipped>
      </testcase>
      <testcase name="[sig-storage] Dynamic Provisioning DynamicProvisioner [Slow] should provision storage with different parameters" classname="Kubernetes e2e suite" time="0">
          <skipped></skipped>
      </testcase>
      <testcase name="[sig-storage] In-tree Volumes [Driver: azure-disk] [Testpattern: Pre-provisioned PV (filesystem volmode)] multiVolume [Slow] should access to two volumes with the same volume mode and retain data across pod recreation on the same node" classname="Kubernetes e2e suite" time="0">
          <skipped></skipped>
      </testcase>
      <testcase name="[sig-storage] In-tree Volumes [Driver: cinder] [Testpattern: Dynamic PV (default fs)] fsgroupchangepolicy (OnRootMismatch)[LinuxOnly], pod created with an initial fsgroup, volume contents ownership changed in first pod, new pod with different fsgroup applied to the volume contents" classname="Kubernetes e2e suite" time="0">
          <skipped></skipped>
      </testcase>
      <testcase name="[sig-storage] CSI Volumes [Driver: csi-hostpath] [Testpattern: Dynamic PV (ntfs)][Feature:Windows] subPath should fail if subpath file is outside the volume [Slow][LinuxOnly]" classname="Kubernetes e2e suite" time="0">
          <skipped></skipped>
      </testcase>
      <testcase name="[sig-node] Container Runtime blackbox test on terminated container should report termination message [LinuxOnly] if TerminationMessagePath is set [NodeConformance]" classname="Kubernetes e2e suite" time="0">
          <skipped></skipped>
      </testcase>
      <testcase name="[sig-storage] In-tree Volumes [Driver: rbd][Feature:Volumes][Serial] [Testpattern: Dynamic PV (filesystem volmode)] multiVolume [Slow] should concurrently access the single volume from pods on different node" classname="Kubernetes e2e suite" time="0">
          <skipped></skipped>
      </testcase>
      <testcase name="[sig-storage] In-tree Volumes [Driver: azure-disk] [Testpattern: Inline-volume (default fs)] subPath should support existing single file [LinuxOnly]" classname="Kubernetes e2e suite" time="0">
          <skipped></skipped>
      </testcase>
      <testcase name="[sig-storage] In-tree Volumes [Driver: cinder] [Testpattern: Dynamic PV (ext4)] volumes should allow exec of files on the volume" classname="Kubernetes e2e suite" time="0">
          <skipped></skipped>
      </testcase>
      <testcase name="[sig-storage] In-tree Volumes [Driver: local][LocalVolumeType: dir-bindmounted] [Testpattern: Inline-volume (default fs)] subPath should support readOnly file specified in the volumeMount [LinuxOnly]" classname="Kubernetes e2e suite" time="0">
          <skipped></skipped>
      </testcase>
      <testcase name="[sig-storage] In-tree Volumes [Driver: local][LocalVolumeType: dir-link-bindmounted] [Testpattern: Pre-provisioned PV (block volmode)] disruptive[Disruptive][LinuxOnly] Should test that pv written before kubelet restart is readable after restart." classname="Kubernetes e2e suite" time="0">
          <skipped></skipped>
      </testcase>
      <testcase name="[sig-storage] In-tree Volumes [Driver: vsphere] [Testpattern: Dynamic PV (filesystem volmode)] multiVolume [Slow] should access to two volumes with the same volume mode and retain data across pod recreation on different node" classname="Kubernetes e2e suite" time="0">
          <skipped></skipped>
      </testcase>
      <testcase name="[sig-autoscaling] Cluster size autoscaling [Slow] should be able to scale down when rescheduling a pod is required and pdb allows for it[Feature:ClusterSizeAutoscalingScaleDown]" classname="Kubernetes e2e suite" time="0">
          <skipped></skipped>
      </testcase>
      <testcase name="[sig-storage] CSI Volumes [Driver: pd.csi.storage.gke.io][Serial] [Testpattern: Dynamic PV (default fs)] volume-stress multiple pods should access different volumes repeatedly [Slow] [Serial]" classname="Kubernetes e2e suite" time="0">
          <skipped></skipped>
      </testcase>
      <testcase name="[sig-network] LoadBalancers should be able to change the type and ports of a UDP service [Slow]" classname="Kubernetes e2e suite" time="0">
          <skipped></skipped>
      </testcase>
      <testcase name="[sig-storage] In-tree Volumes [Driver: gluster] [Testpattern: Dynamic PV (filesystem volmode)] multiVolume [Slow] should concurrently access the single read-only volume from pods on the same node" classname="Kubernetes e2e suite" time="0">
          <skipped></skipped>
      </testcase>
      <testcase name="[sig-storage] In-tree Volumes [Driver: local][LocalVolumeType: gce-localssd-scsi-fs] [Serial] [Testpattern: Dynamic PV (default fs)] volume-expand should not allow expansion of pvcs without AllowVolumeExpansion property" classname="Kubernetes e2e suite" time="0">
          <skipped></skipped>
      </testcase>
      <testcase name="[sig-storage] CSI Volumes [Driver: csi-hostpath] [Testpattern: Dynamic PV (xfs)][Slow] volumes should store data" classname="Kubernetes e2e suite" time="0">
          <skipped></skipped>
      </testcase>
      <testcase name="[sig-storage] In-tree Volumes [Driver: windows-gcepd] [Testpattern: Dynamic PV (ntfs)][Feature:Windows] subPath should fail if non-existent subpath is outside the volume [Slow][LinuxOnly]" classname="Kubernetes e2e suite" time="0">
          <skipped></skipped>
      </testcase>
      <testcase name="[sig-storage] In-tree Volumes [Driver: local][LocalVolumeType: block] [Testpattern: Dynamic PV (ntfs)][Feature:Windows] provisioning should provision storage with pvc data source" classname="Kubernetes e2e suite" time="0">
          <skipped></skipped>
      </testcase>
      <testcase name="[sig-storage] In-tree Volumes [Driver: local][LocalVolumeType: dir-link] [Testpattern: Dynamic PV (default fs)] subPath should support file as subpath [LinuxOnly]" classname="Kubernetes e2e suite" time="0">
          <skipped></skipped>
      </testcase>
      <testcase name="[sig-storage] CSI Volumes [Driver: pd.csi.storage.gke.io][Serial] [Testpattern: Dynamic PV (immediate binding)] topology should provision a volume and schedule a pod with AllowedTopologies" classname="Kubernetes e2e suite" time="0">
          <skipped></skipped>
      </testcase>
      <testcase name="[sig-storage] In-tree Volumes [Driver: cinder] [Testpattern: Pre-provisioned PV (block volmode)] multiVolume [Slow] should concurrently access the volume and its clone from pods on the same node [LinuxOnly][Feature:VolumeSnapshotDataSource][Feature:VolumeSourceXFS]" classname="Kubernetes e2e suite" time="0">
          <skipped></skipped>
      </testcase>
      <testcase name="[sig-storage] In-tree Volumes [Driver: local][LocalVolumeType: dir-link] [Testpattern: Dynamic PV (block volmode)] volume-stress multiple pods should access different volumes repeatedly [Slow] [Serial]" classname="Kubernetes e2e suite" time="0">
          <skipped></skipped>
      </testcase>
      <testcase name="[sig-storage] In-tree Volumes [Driver: aws] [Testpattern: Dynamic PV (block volmode)] disruptive[Disruptive][LinuxOnly] Should test that pv written before kubelet restart is readable after restart." classname="Kubernetes e2e suite" time="0">
          <skipped></skipped>
      </testcase>
      <testcase name="[sig-storage] In-tree Volumes [Driver: local][LocalVolumeType: dir-bindmounted] [Testpattern: Dynamic PV (default fs)] subPath should support readOnly directory specified in the volumeMount" classname="Kubernetes e2e suite" time="0">
          <skipped></skipped>
      </testcase>
      <testcase name="[sig-storage] In-tree Volumes [Driver: gluster] [Testpattern: Dynamic PV (default fs)] provisioning should provision storage with mount options" classname="Kubernetes e2e suite" time="0">
          <skipped></skipped>
      </testcase>
      <testcase name="[sig-storage] In-tree Volumes [Driver: windows-gcepd] [Testpattern: Dynamic PV (ntfs)][Feature:Windows] subPath should support readOnly file specified in the volumeMount [LinuxOnly]" classname="Kubernetes e2e suite" time="0">
          <skipped></skipped>
      </testcase>
      <testcase name="[sig-storage] In-tree Volumes [Driver: local][LocalVolumeType: dir-link] [Testpattern: Pre-provisioned PV (xfs)][Slow] volumes should allow exec of files on the volume" classname="Kubernetes e2e suite" time="0">
          <skipped></skipped>
      </testcase>
      <testcase name="[sig-storage] In-tree Volumes [Driver: azure-disk] [Testpattern: Dynamic PV (ntfs)][Feature:Windows] subPath should support non-existent path" classname="Kubernetes e2e suite" time="0">
          <skipped></skipped>
      </testcase>
      <testcase name="[sig-storage] In-tree Volumes [Driver: aws] [Testpattern: Dynamic PV (xfs)][Slow] multiVolume [Slow] should access to two volumes with different volume mode and retain data across pod recreation on different node" classname="Kubernetes e2e suite" time="0">
          <skipped></skipped>
      </testcase>
      <testcase name="[sig-cli] Kubectl client Kubectl create quota should create a quota with scopes" classname="Kubernetes e2e suite" time="0">
          <skipped></skipped>
      </testcase>
      <testcase name="[sig-storage] In-tree Volumes [Driver: local][LocalVolumeType: dir-bindmounted] [Testpattern: Dynamic PV (filesystem volmode)] multiVolume [Slow] should concurrently access the single read-only volume from pods on the same node" classname="Kubernetes e2e suite" time="0">
          <skipped></skipped>
      </testcase>
      <testcase name="[sig-node] Security Context should support volume SELinux relabeling when using hostPID [Flaky] [LinuxOnly]" classname="Kubernetes e2e suite" time="0">
          <skipped></skipped>
      </testcase>
      <testcase name="[sig-storage] In-tree Volumes [Driver: local][LocalVolumeType: dir-bindmounted] [Testpattern: Pre-provisioned PV (block volmode)] volumeMode should fail to create pod by failing to mount volume [Slow]" classname="Kubernetes e2e suite" time="0">
          <skipped></skipped>
      </testcase>
      <testcase name="[sig-storage] In-tree Volumes [Driver: local][LocalVolumeType: block] [Testpattern: Inline-volume (xfs)][Slow] volumes should store data" classname="Kubernetes e2e suite" time="0">
          <skipped></skipped>
      </testcase>
      <testcase name="[sig-storage] In-tree Volumes [Driver: gluster] [Testpattern: Dynamic PV (ntfs)][Feature:Windows] subPath should support file as subpath [LinuxOnly]" classname="Kubernetes e2e suite" time="0">
          <skipped></skipped>
      </testcase>
      <testcase name="[sig-storage] In-tree Volumes [Driver: azure-disk] [Testpattern: Inline-volume (ext4)] volumes should store data" classname="Kubernetes e2e suite" time="0">
          <skipped></skipped>
      </testcase>
      <testcase name="[sig-storage] In-tree Volumes [Driver: emptydir] [Testpattern: Pre-provisioned PV (ntfs)][Feature:Windows] volumes should allow exec of files on the volume" classname="Kubernetes e2e suite" time="0">
          <skipped></skipped>
      </testcase>
      <testcase name="[sig-storage] In-tree Volumes [Driver: iscsi][Feature:Volumes] [Testpattern: Dynamic PV (default fs)] fsgroupchangepolicy (Always)[LinuxOnly], pod created with an initial fsgroup, new pod fsgroup applied to volume contents" classname="Kubernetes e2e suite" time="0">
          <skipped></skipped>
      </testcase>
      <testcase name="[sig-storage] In-tree Volumes [Driver: gcepd] [Testpattern: Dynamic PV (filesystem volmode)] multiVolume [Slow] should access to two volumes with different volume mode and retain data across pod recreation on the same node" classname="Kubernetes e2e suite" time="0">
          <skipped></skipped>
      </testcase>
      <testcase name="[sig-storage] In-tree Volumes [Driver: windows-gcepd] [Testpattern: Dynamic PV (ntfs)(allowExpansion)][Feature:Windows] volume-expand should resize volume when PVC is edited while pod is using it" classname="Kubernetes e2e suite" time="0">
          <skipped></skipped>
      </testcase>
      <testcase name="[sig-storage] In-tree Volumes [Driver: azure-disk] [Testpattern: Dynamic PV (ntfs)][Feature:Windows] subPath should support restarting containers using file as subpath [Slow][LinuxOnly]" classname="Kubernetes e2e suite" time="0">
          <skipped></skipped>
      </testcase>
      <testcase name="[sig-storage] In-tree Volumes [Driver: hostPathSymlink] [Testpattern: Inline-volume (default fs)] subPath should support readOnly file specified in the volumeMount [LinuxOnly]" classname="Kubernetes e2e suite" time="0">
          <skipped></skipped>
      </testcase>
      <testcase name="[sig-storage] In-tree Volumes [Driver: windows-gcepd] [Testpattern: Dynamic PV (default fs)] provisioning should provision storage with pvc data source in parallel [Slow]" classname="Kubernetes e2e suite" time="0">
          <skipped></skipped>
      </testcase>
      <testcase name="[sig-storage] In-tree Volumes [Driver: emptydir] [Testpattern: Dynamic PV (default fs)] provisioning should provision storage with pvc data source in parallel [Slow]" classname="Kubernetes e2e suite" time="0">
          <skipped></skipped>
      </testcase>
      <testcase name="[sig-network] Networking Granular Checks: Services should function for endpoint-Service: http" classname="Kubernetes e2e suite" time="0">
          <skipped></skipped>
      </testcase>
      <testcase name="[sig-storage] In-tree Volumes [Driver: ceph][Feature:Volumes][Serial] [Testpattern: Inline-volume (ext3)] volumes should store data" classname="Kubernetes e2e suite" time="0">
          <skipped></skipped>
      </testcase>
      <testcase name="[sig-storage] In-tree Volumes [Driver: local][LocalVolumeType: dir-bindmounted] [Testpattern: Dynamic PV (default fs)] subPath should fail if subpath directory is outside the volume [Slow][LinuxOnly]" classname="Kubernetes e2e suite" time="0">
          <skipped></skipped>
      </testcase>
      <testcase name="[sig-storage] In-tree Volumes [Driver: gcepd] [Testpattern: Dynamic PV (block volmode)] volume-stress multiple pods should access different volumes repeatedly [Slow] [Serial]" classname="Kubernetes e2e suite" time="0">
          <skipped></skipped>
      </testcase>
      <testcase name="[sig-storage] In-tree Volumes [Driver: cinder] [Testpattern: Dynamic PV (default fs)] subPath should be able to unmount after the subpath directory is deleted [LinuxOnly]" classname="Kubernetes e2e suite" time="0">
          <skipped></skipped>
      </testcase>
      <testcase name="[sig-storage] In-tree Volumes [Driver: ceph][Feature:Volumes][Serial] [Testpattern: Dynamic PV (xfs)][Slow] multiVolume [Slow] should concurrently access the volume and restored snapshot from pods on the same node [LinuxOnly][Feature:VolumeSnapshotDataSource][Feature:VolumeSourceXFS]" classname="Kubernetes e2e suite" time="0">
          <skipped></skipped>
      </testcase>
      <testcase name="[sig-network] [Feature:IPv6DualStack] Granular Checks: Services Secondary IP Family [LinuxOnly] should function for pod-Service: udp" classname="Kubernetes e2e suite" time="0">
          <skipped></skipped>
      </testcase>
      <testcase name="[sig-storage] In-tree Volumes [Driver: local][LocalVolumeType: dir-link-bindmounted] [Testpattern: Inline-volume (ext4)] volumes should allow exec of files on the volume" classname="Kubernetes e2e suite" time="0">
          <skipped></skipped>
      </testcase>
      <testcase name="[sig-storage] In-tree Volumes [Driver: gcepd] [Testpattern: Dynamic PV (block volmode)] multiVolume [Slow] should concurrently access the single volume from pods on different node" classname="Kubernetes e2e suite" time="0">
          <skipped></skipped>
      </testcase>
      <testcase name="[sig-storage] In-tree Volumes [Driver: gcepd] [Testpattern: Inline-volume (default fs)] subPath should support creating multiple subpath from same volumes [Slow]" classname="Kubernetes e2e suite" time="0">
          <skipped></skipped>
      </testcase>
      <testcase name="[sig-storage] CSI Volumes [Driver: csi-hostpath] [Testpattern: Dynamic PV (default fs)] subPath should be able to unmount after the subpath directory is deleted [LinuxOnly]" classname="Kubernetes e2e suite" time="0">
          <skipped></skipped>
      </testcase>
      <testcase name="[sig-storage] CSI Volumes [Driver: csi-hostpath] [Testpattern: Pre-provisioned PV (filesystem volmode)] multiVolume [Slow] should concurrently access the single volume from pods on the same node" classname="Kubernetes e2e suite" time="0">
          <skipped></skipped>
      </testcase>
      <testcase name="[sig-storage] In-tree Volumes [Driver: azure-disk] [Testpattern: Dynamic PV (block volmode)] multiVolume [Slow] should concurrently access the volume and its clone from pods on the same node [LinuxOnly][Feature:VolumeSnapshotDataSource][Feature:VolumeSourceXFS]" classname="Kubernetes e2e suite" time="0">
          <skipped></skipped>
      </testcase>
      <testcase name="[sig-storage] In-tree Volumes [Driver: azure-disk] [Testpattern: Dynamic PV (default fs)] fsgroupchangepolicy (Always)[LinuxOnly], pod created with an initial fsgroup, new pod fsgroup applied to volume contents" classname="Kubernetes e2e suite" time="0">
          <skipped></skipped>
      </testcase>
      <testcase name="[sig-storage] Downward API volume should provide podname as non-root with fsgroup and defaultMode [LinuxOnly] [NodeFeature:FSGroup]" classname="Kubernetes e2e suite" time="0">
          <skipped></skipped>
      </testcase>
      <testcase name="[sig-storage] In-tree Volumes [Driver: rbd][Feature:Volumes][Serial] [Testpattern: Dynamic PV (block volmode)] volume-stress multiple pods should access different volumes repeatedly [Slow] [Serial]" classname="Kubernetes e2e suite" time="0">
          <skipped></skipped>
      </testcase>
      <testcase name="[sig-storage] In-tree Volumes [Driver: gluster] [Testpattern: Dynamic PV (default fs)] volume-stress multiple pods should access different volumes repeatedly [Slow] [Serial]" classname="Kubernetes e2e suite" time="0">
          <skipped></skipped>
      </testcase>
      <testcase name="[sig-storage] In-tree Volumes [Driver: gcepd] [Testpattern: Pre-provisioned PV (default fs)] volumes should allow exec of files on the volume" classname="Kubernetes e2e suite" time="0">
          <skipped></skipped>
      </testcase>
      <testcase name="[sig-autoscaling] Cluster size autoscaling [Slow] should scale up when non expendable pod is created [Feature:ClusterSizeAutoscalingScaleUp]" classname="Kubernetes e2e suite" time="0">
          <skipped></skipped>
      </testcase>
      <testcase name="[sig-storage] In-tree Volumes [Driver: iscsi][Feature:Volumes] [Testpattern: Dynamic PV (filesystem volmode)] multiVolume [Slow] should concurrently access the volume and restored snapshot from pods on the same node [LinuxOnly][Feature:VolumeSnapshotDataSource][Feature:VolumeSourceXFS]" classname="Kubernetes e2e suite" time="0">
          <skipped></skipped>
      </testcase>
      <testcase name="[sig-network] Conntrack should be able to preserve UDP traffic when server pod cycles for a NodePort service" classname="Kubernetes e2e suite" time="0">
          <skipped></skipped>
      </testcase>
      <testcase name="[sig-storage] In-tree Volumes [Driver: nfs] [Testpattern: Dynamic PV (default fs)(allowExpansion)] volume-expand should resize volume when PVC is edited while pod is using it" classname="Kubernetes e2e suite" time="0">
          <skipped></skipped>
      </testcase>
      <testcase name="[sig-storage] In-tree Volumes [Driver: cinder] [Testpattern: Dynamic PV (ntfs)][Feature:Windows] subPath should fail if non-existent subpath is outside the volume [Slow][LinuxOnly]" classname="Kubernetes e2e suite" time="0">
          <skipped></skipped>
      </testcase>
      <testcase name="[sig-storage] In-tree Volumes [Driver: hostPath] [Testpattern: Pre-provisioned PV (default fs)] subPath should support restarting containers using file as subpath [Slow][LinuxOnly]" classname="Kubernetes e2e suite" time="0">
          <skipped></skipped>
      </testcase>
      <testcase name="[sig-storage] Zone Support [Feature:vsphere] Verify a pod is created and attached to a dynamically created PV, based on the allowed zones specified in storage class when the datastore under the zone is present in another datacenter" classname="Kubernetes e2e suite" time="0">
          <skipped></skipped>
      </testcase>
      <testcase name="[sig-storage] Zone Support [Feature:vsphere] Verify PVC creation with incompatible zone along with compatible storagePolicy and datastore combination specified in storage class fails" classname="Kubernetes e2e suite" time="0">
          <skipped></skipped>
      </testcase>
      <testcase name="[sig-storage] In-tree Volumes [Driver: aws] [Testpattern: Pre-provisioned PV (filesystem volmode)] multiVolume [Slow] should concurrently access the volume and restored snapshot from pods on the same node [LinuxOnly][Feature:VolumeSnapshotDataSource][Feature:VolumeSourceXFS]" classname="Kubernetes e2e suite" time="0">
          <skipped></skipped>
      </testcase>
      <testcase name="[sig-storage] EmptyDir volumes should support (non-root,0644,default) [LinuxOnly] [NodeConformance] [Conformance]" classname="Kubernetes e2e suite" time="2.151941873"></testcase>
      <testcase name="[sig-storage] CSI Volumes [Driver: pd.csi.storage.gke.io][Serial] [Testpattern: Dynamic PV (ext4)] volumes should store data" classname="Kubernetes e2e suite" time="0">
          <skipped></skipped>
      </testcase>
      <testcase name="[sig-storage] In-tree Volumes [Driver: azure-disk] [Testpattern: Dynamic PV (default fs)] provisioning should provision storage with pvc data source in parallel [Slow]" classname="Kubernetes e2e suite" time="0">
          <skipped></skipped>
      </testcase>
      <testcase name="[sig-storage] In-tree Volumes [Driver: nfs] [Testpattern: Dynamic PV (filesystem volmode)] volumeLimits should support volume limits [Serial]" classname="Kubernetes e2e suite" time="0">
          <skipped></skipped>
      </testcase>
      <testcase name="[sig-node] [Feature:Example] Secret should create a pod that reads a secret" classname="Kubernetes e2e suite" time="0">
          <skipped></skipped>
      </testcase>
      <testcase name="[sig-storage] CSI Volumes [Driver: csi-hostpath] [Testpattern: Dynamic PV (default fs)] subPath should support existing directories when readOnly specified in the volumeSource" classname="Kubernetes e2e suite" time="0">
          <skipped></skipped>
      </testcase>
      <testcase name="[sig-storage] In-tree Volumes [Driver: gcepd] [Testpattern: Pre-provisioned PV (block volmode)] multiVolume [Slow] should concurrently access the volume and its clone from pods on the same node [LinuxOnly][Feature:VolumeSnapshotDataSource][Feature:VolumeSourceXFS]" classname="Kubernetes e2e suite" time="0">
          <skipped></skipped>
      </testcase>
      <testcase name="[sig-storage] In-tree Volumes [Driver: local][LocalVolumeType: dir-link] [Testpattern: Dynamic PV (ext4)] multiVolume [Slow] should access to two volumes with different volume mode and retain data across pod recreation on different node" classname="Kubernetes e2e suite" time="0">
          <skipped></skipped>
      </testcase>
      <testcase name="[sig-autoscaling] [Feature:HPA] Horizontal pod autoscaling (scale resource: CPU) [Serial] [Slow] ReplicationController Should scale from 1 pod to 3 pods and from 3 to 5 and verify decision stability" classname="Kubernetes e2e suite" time="0">
          <skipped></skipped>
      </testcase>
      <testcase name="[sig-storage] In-tree Volumes [Driver: aws] [Testpattern: Dynamic PV (default fs)] subPath should support existing directories when readOnly specified in the volumeSource" classname="Kubernetes e2e suite" time="0">
          <skipped></skipped>
      </testcase>
      <testcase name="[sig-storage] In-tree Volumes [Driver: local][LocalVolumeType: dir-link-bindmounted] [Testpattern: Dynamic PV (xfs)][Slow] multiVolume [Slow] should access to two volumes with different volume mode and retain data across pod recreation on different node" classname="Kubernetes e2e suite" time="0">
          <skipped></skipped>
      </testcase>
      <testcase name="[sig-storage] In-tree Volumes [Driver: local][LocalVolumeType: dir-bindmounted] [Testpattern: Dynamic PV (ntfs)][Feature:Windows] subPath should support file as subpath [LinuxOnly]" classname="Kubernetes e2e suite" time="0">
          <skipped></skipped>
      </testcase>
      <testcase name="[sig-storage] In-tree Volumes [Driver: local][LocalVolumeType: dir] [Testpattern: Dynamic PV (ntfs)][Feature:Windows] provisioning should provision storage with mount options" classname="Kubernetes e2e suite" time="0">
          <skipped></skipped>
      </testcase>
      <testcase name="[sig-storage] In-tree Volumes [Driver: gcepd] [Testpattern: Dynamic PV (filesystem volmode)] multiVolume [Slow] should concurrently access the volume and its clone from pods on the same node [LinuxOnly][Feature:VolumeSnapshotDataSource][Feature:VolumeSourceXFS]" classname="Kubernetes e2e suite" time="0">
          <skipped></skipped>
      </testcase>
      <testcase name="[sig-storage] In-tree Volumes [Driver: iscsi][Feature:Volumes] [Testpattern: Pre-provisioned PV (filesystem volmode)] multiVolume [Slow] should access to two volumes with the same volume mode and retain data across pod recreation on different node" classname="Kubernetes e2e suite" time="0">
          <skipped></skipped>
      </testcase>
      <testcase name="[sig-storage] In-tree Volumes [Driver: iscsi][Feature:Volumes] [Testpattern: Dynamic PV (ext4)] multiVolume [Slow] should access to two volumes with the same volume mode and retain data across pod recreation on the same node" classname="Kubernetes e2e suite" time="0">
          <skipped></skipped>
      </testcase>
      <testcase name="[sig-storage] In-tree Volumes [Driver: local][LocalVolumeType: tmpfs] [Testpattern: Dynamic PV (default fs)] volumes should store data" classname="Kubernetes e2e suite" time="0">
          <skipped></skipped>
      </testcase>
      <testcase name="[sig-storage] In-tree Volumes [Driver: azure-disk] [Testpattern: Inline-volume (default fs)] subPath should fail if subpath directory is outside the volume [Slow][LinuxOnly]" classname="Kubernetes e2e suite" time="0">
          <skipped></skipped>
      </testcase>
      <testcase name="[sig-storage] In-tree Volumes [Driver: emptydir] [Testpattern: Dynamic PV (block volmode)] provisioning should provision storage with snapshot data source [Feature:VolumeSnapshotDataSource]" classname="Kubernetes e2e suite" time="0">
          <skipped></skipped>
      </testcase>
      <testcase name="[sig-storage] In-tree Volumes [Driver: ceph][Feature:Volumes][Serial] [Testpattern: Dynamic PV (xfs)][Slow] multiVolume [Slow] should concurrently access the volume and its clone from pods on the same node [LinuxOnly][Feature:VolumeSnapshotDataSource][Feature:VolumeSourceXFS]" classname="Kubernetes e2e suite" time="0">
          <skipped></skipped>
      </testcase>
      <testcase name="[sig-apps] ReplicationController should adopt matching pods on creation [Conformance]" classname="Kubernetes e2e suite" time="3.106059739"></testcase>
      <testcase name="[sig-storage] In-tree Volumes [Driver: local][LocalVolumeType: dir-link] [Testpattern: Dynamic PV (filesystem volmode)] multiVolume [Slow] should concurrently access the single volume from pods on the same node" classname="Kubernetes e2e suite" time="0">
          <skipped></skipped>
      </testcase>
      <testcase name="[sig-storage] In-tree Volumes [Driver: local][LocalVolumeType: tmpfs] [Testpattern: Dynamic PV (filesystem volmode)] volumeMode should fail to use a volume in a pod with mismatched mode [Slow]" classname="Kubernetes e2e suite" time="0">
          <skipped></skipped>
      </testcase>
      <testcase name="[sig-autoscaling] Cluster size autoscaling [Slow] should be able to scale down by draining multiple pods one by one as dictated by pdb[Feature:ClusterSizeAutoscalingScaleDown]" classname="Kubernetes e2e suite" time="0">
          <skipped></skipped>
      </testcase>
      <testcase name="[sig-storage] In-tree Volumes [Driver: local][LocalVolumeType: dir-link-bindmounted] [Testpattern: Dynamic PV (ntfs)][Feature:Windows] subPath should support file as subpath [LinuxOnly]" classname="Kubernetes e2e suite" time="0">
          <skipped></skipped>
      </testcase>
      <testcase name="[sig-storage] In-tree Volumes [Driver: hostPath] [Testpattern: Dynamic PV (ext4)] multiVolume [Slow] should access to two volumes with the same volume mode and retain data across pod recreation on different node" classname="Kubernetes e2e suite" time="0">
          <skipped></skipped>
      </testcase>
      <testcase name="[sig-storage] In-tree Volumes [Driver: local][LocalVolumeType: blockfs] [Testpattern: Dynamic PV (default fs)] subPath should support existing single file [LinuxOnly]" classname="Kubernetes e2e suite" time="0">
          <skipped></skipped>
      </testcase>
      <testcase name="[sig-storage] In-tree Volumes [Driver: iscsi][Feature:Volumes] [Testpattern: Inline-volume (default fs)] volumes should allow exec of files on the volume" classname="Kubernetes e2e suite" time="0">
          <skipped></skipped>
      </testcase>
      <testcase name="[sig-storage] In-tree Volumes [Driver: local][LocalVolumeType: tmpfs] [Testpattern: Pre-provisioned PV (default fs)] subPath should unmount if pod is gracefully deleted while kubelet is down [Disruptive][Slow][LinuxOnly]" classname="Kubernetes e2e suite" time="0">
          <skipped></skipped>
      </testcase>
      <testcase name="[sig-node] InitContainer [NodeConformance] should not start app containers if init containers fail on a RestartAlways pod [Conformance]" classname="Kubernetes e2e suite" time="45.742621534"></testcase>
      <testcase name="[sig-storage] In-tree Volumes [Driver: local][LocalVolumeType: block] [Testpattern: Pre-provisioned PV (block volmode)] multiVolume [Slow] should access to two volumes with different volume mode and retain data across pod recreation on different node" classname="Kubernetes e2e suite" time="0">
          <skipped></skipped>
      </testcase>
      <testcase name="[sig-storage] In-tree Volumes [Driver: vsphere] [Testpattern: Pre-provisioned PV (block volmode)] multiVolume [Slow] should concurrently access the single volume from pods on the same node" classname="Kubernetes e2e suite" time="0">
          <skipped></skipped>
      </testcase>
      <testcase name="[sig-storage] In-tree Volumes [Driver: emptydir] [Testpattern: Dynamic PV (ext4)] multiVolume [Slow] should access to two volumes with the same volume mode and retain data across pod recreation on different node" classname="Kubernetes e2e suite" time="0">
          <skipped></skipped>
      </testcase>
      <testcase name="[sig-storage] In-tree Volumes [Driver: hostPathSymlink] [Testpattern: Dynamic PV (xfs)][Slow] multiVolume [Slow] should concurrently access the single volume from pods on the same node" classname="Kubernetes e2e suite" time="0">
          <skipped></skipped>
      </testcase>
      <testcase name="[sig-storage] In-tree Volumes [Driver: local][LocalVolumeType: gce-localssd-scsi-fs] [Serial] [Testpattern: Dynamic PV (default fs)] subPath should fail if subpath file is outside the volume [Slow][LinuxOnly]" classname="Kubernetes e2e suite" time="0">
          <skipped></skipped>
      </testcase>
      <testcase name="[sig-storage] In-tree Volumes [Driver: gcepd] [Testpattern: Dynamic PV (ntfs)][Feature:Windows] subPath should fail if subpath directory is outside the volume [Slow][LinuxOnly]" classname="Kubernetes e2e suite" time="0">
          <skipped></skipped>
      </testcase>
      <testcase name="[sig-storage] In-tree Volumes [Driver: gluster] [Testpattern: Pre-provisioned PV (default fs)] subPath should support existing single file [LinuxOnly]" classname="Kubernetes e2e suite" time="0">
          <skipped></skipped>
      </testcase>
      <testcase name="[sig-storage] In-tree Volumes [Driver: rbd][Feature:Volumes][Serial] [Testpattern: Pre-provisioned PV (block volmode)] multiVolume [Slow] should concurrently access the volume and its clone from pods on the same node [LinuxOnly][Feature:VolumeSnapshotDataSource][Feature:VolumeSourceXFS]" classname="Kubernetes e2e suite" time="0">
          <skipped></skipped>
      </testcase>
      <testcase name="[sig-storage] Storage Policy Based Volume Provisioning [Feature:vsphere] verify clean up of stale dummy VM for dynamically provisioned pvc using SPBM policy" classname="Kubernetes e2e suite" time="0">
          <skipped></skipped>
      </testcase>
      <testcase name="[sig-storage] In-tree Volumes [Driver: vsphere] [Testpattern: Inline-volume (default fs)] subPath should support restarting containers using file as subpath [Slow][LinuxOnly]" classname="Kubernetes e2e suite" time="0">
          <skipped></skipped>
      </testcase>
      <testcase name="[sig-storage] In-tree Volumes [Driver: ceph][Feature:Volumes][Serial] [Testpattern: Dynamic PV (ntfs)][Feature:Windows] subPath should support creating multiple subpath from same volumes [Slow]" classname="Kubernetes e2e suite" time="0">
          <skipped></skipped>
      </testcase>
      <testcase name="[sig-storage] In-tree Volumes [Driver: rbd][Feature:Volumes][Serial] [Testpattern: Inline-volume (default fs)] subPath should support file as subpath [LinuxOnly]" classname="Kubernetes e2e suite" time="0">
          <skipped></skipped>
      </testcase>
      <testcase name="[sig-storage] CSI Volumes [Driver: csi-hostpath] [Testpattern: Pre-provisioned PV (xfs)][Slow] volumes should store data" classname="Kubernetes e2e suite" time="0">
          <skipped></skipped>
      </testcase>
      <testcase name="[sig-storage] In-tree Volumes [Driver: azure-disk] [Testpattern: Dynamic PV (block volmode)(allowExpansion)] volume-expand should resize volume when PVC is edited while pod is using it" classname="Kubernetes e2e suite" time="0">
          <skipped></skipped>
      </testcase>
      <testcase name="[sig-storage] In-tree Volumes [Driver: ceph][Feature:Volumes][Serial] [Testpattern: Dynamic PV (ntfs)][Feature:Windows] subPath should support existing single file [LinuxOnly]" classname="Kubernetes e2e suite" time="0">
          <skipped></skipped>
      </testcase>
      <testcase name="[sig-storage] In-tree Volumes [Driver: local][LocalVolumeType: dir-link-bindmounted] [Testpattern: Pre-provisioned PV (xfs)][Slow] volumes should allow exec of files on the volume" classname="Kubernetes e2e suite" time="0">
          <skipped></skipped>
      </testcase>
      <testcase name="[sig-storage] In-tree Volumes [Driver: cinder] [Testpattern: Dynamic PV (block volmode)] multiVolume [Slow] should access to two volumes with different volume mode and retain data across pod recreation on the same node" classname="Kubernetes e2e suite" time="0">
          <skipped></skipped>
      </testcase>
      <testcase name="[sig-storage] In-tree Volumes [Driver: nfs] [Testpattern: Inline-volume (default fs)] subPath should support existing directories when readOnly specified in the volumeSource" classname="Kubernetes e2e suite" time="0">
          <skipped></skipped>
      </testcase>
      <testcase name="[sig-storage] PersistentVolumes-local  [Volume type: dir] One pod requesting one prebound PVC should be able to mount volume and read from pod1" classname="Kubernetes e2e suite" time="0">
          <skipped></skipped>
      </testcase>
      <testcase name="[sig-storage] In-tree Volumes [Driver: local][LocalVolumeType: dir] [Testpattern: Dynamic PV (ntfs)][Feature:Windows] subPath should be able to unmount after the subpath directory is deleted [LinuxOnly]" classname="Kubernetes e2e suite" time="0">
          <skipped></skipped>
      </testcase>
      <testcase name="[sig-apps] StatefulSet Deploy clustered applications [Feature:StatefulSet] [Slow] should creating a working zookeeper cluster" classname="Kubernetes e2e suite" time="0">
          <skipped></skipped>
      </testcase>
      <testcase name="[sig-network] Networking Granular Checks: Services should function for multiple endpoint-Services with same selector" classname="Kubernetes e2e suite" time="0">
          <skipped></skipped>
      </testcase>
      <testcase name="[sig-storage] CSI Volumes [Driver: pd.csi.storage.gke.io][Serial] [Testpattern: Dynamic PV (default fs)] subPath should support file as subpath [LinuxOnly]" classname="Kubernetes e2e suite" time="0">
          <skipped></skipped>
      </testcase>
      <testcase name="[sig-storage] In-tree Volumes [Driver: emptydir] [Testpattern: Dynamic PV (default fs)(allowExpansion)] volume-expand should resize volume when PVC is edited while pod is using it" classname="Kubernetes e2e suite" time="0">
          <skipped></skipped>
      </testcase>
      <testcase name="[sig-storage] In-tree Volumes [Driver: rbd][Feature:Volumes][Serial] [Testpattern: Dynamic PV (block volmode)] multiVolume [Slow] should access to two volumes with the same volume mode and retain data across pod recreation on different node" classname="Kubernetes e2e suite" time="0">
          <skipped></skipped>
      </testcase>
      <testcase name="[sig-network] Netpol NetworkPolicy between server and client should enforce ingress policy allowing any port traffic to a server on a specific protocol [Feature:NetworkPolicy] [Feature:UDP]" classname="Kubernetes e2e suite" time="0">
          <skipped></skipped>
      </testcase>
      <testcase name="[sig-storage] Projected downwardAPI should provide container&#39;s cpu request [NodeConformance] [Conformance]" classname="Kubernetes e2e suite" time="4.108554098"></testcase>
      <testcase name="[sig-storage] In-tree Volumes [Driver: emptydir] [Testpattern: Dynamic PV (filesystem volmode)] multiVolume [Slow] should access to two volumes with different volume mode and retain data across pod recreation on different node" classname="Kubernetes e2e suite" time="0">
          <skipped></skipped>
      </testcase>
      <testcase name="[sig-storage] In-tree Volumes [Driver: gluster] [Testpattern: Dynamic PV (block volmode)] multiVolume [Slow] should access to two volumes with the same volume mode and retain data across pod recreation on different node" classname="Kubernetes e2e suite" time="0">
          <skipped></skipped>
      </testcase>
      <testcase name="[sig-storage] In-tree Volumes [Driver: local][LocalVolumeType: dir-link-bindmounted] [Testpattern: Pre-provisioned PV (default fs)] subPath should verify container cannot write to subpath readonly volumes [Slow]" classname="Kubernetes e2e suite" time="0">
          <skipped></skipped>
      </testcase>
      <testcase name="[sig-storage] CSI mock volume CSI NodeStage error cases [Slow] should call NodeUnstage after NodeStage success" classname="Kubernetes e2e suite" time="0">
          <skipped></skipped>
      </testcase>
      <testcase name="[sig-storage] In-tree Volumes [Driver: local][LocalVolumeType: dir] [Testpattern: Dynamic PV (block volmode)] multiVolume [Slow] should access to two volumes with the same volume mode and retain data across pod recreation on different node" classname="Kubernetes e2e suite" time="0">
          <skipped></skipped>
      </testcase>
      <testcase name="[sig-storage] In-tree Volumes [Driver: gluster] [Testpattern: Dynamic PV (ntfs)][Feature:Windows] subPath should support existing directories when readOnly specified in the volumeSource" classname="Kubernetes e2e suite" time="0">
          <skipped></skipped>
      </testcase>
      <testcase name="[sig-storage] In-tree Volumes [Driver: emptydir] [Testpattern: Dynamic PV (block volmode)] disruptive[Disruptive][LinuxOnly] Should test that pv used in a pod that is force deleted while the kubelet is down cleans up when the kubelet returns." classname="Kubernetes e2e suite" time="0">
          <skipped></skipped>
      </testcase>
      <testcase name="[sig-storage] In-tree Volumes [Driver: emptydir] [Testpattern: Dynamic PV (xfs)][Slow] multiVolume [Slow] should access to two volumes with different volume mode and retain data across pod recreation on different node" classname="Kubernetes e2e suite" time="0">
          <skipped></skipped>
      </testcase>
      <testcase name="[sig-storage] In-tree Volumes [Driver: hostPathSymlink] [Testpattern: Pre-provisioned PV (xfs)][Slow] volumes should store data" classname="Kubernetes e2e suite" time="0">
          <skipped></skipped>
      </testcase>
      <testcase name="[sig-autoscaling] [Feature:HPA] Horizontal pod autoscaling (scale resource: CPU) ReplicationController light Should scale from 1 pod to 2 pods" classname="Kubernetes e2e suite" time="0">
          <skipped></skipped>
      </testcase>
      <testcase name="[sig-storage] In-tree Volumes [Driver: iscsi][Feature:Volumes] [Testpattern: Dynamic PV (ext4)] multiVolume [Slow] should concurrently access the single volume from pods on the same node" classname="Kubernetes e2e suite" time="0">
          <skipped></skipped>
      </testcase>
      <testcase name="[sig-storage] In-tree Volumes [Driver: local][LocalVolumeType: block] [Testpattern: Dynamic PV (default fs)] subPath should be able to unmount after the subpath directory is deleted [LinuxOnly]" classname="Kubernetes e2e suite" time="0">
          <skipped></skipped>
      </testcase>
      <testcase name="[sig-storage] In-tree Volumes [Driver: vsphere] [Testpattern: Dynamic PV (ext4)] multiVolume [Slow] should access to two volumes with the same volume mode and retain data across pod recreation on the same node" classname="Kubernetes e2e suite" time="0">
          <skipped></skipped>
      </testcase>
      <testcase name="[sig-storage] In-tree Volumes [Driver: rbd][Feature:Volumes][Serial] [Testpattern: Dynamic PV (ext4)] multiVolume [Slow] should access to two volumes with different volume mode and retain data across pod recreation on different node" classname="Kubernetes e2e suite" time="0">
          <skipped></skipped>
      </testcase>
      <testcase name="[sig-storage] In-tree Volumes [Driver: rbd][Feature:Volumes][Serial] [Testpattern: Dynamic PV (ntfs)][Feature:Windows] provisioning should provision storage with pvc data source in parallel [Slow]" classname="Kubernetes e2e suite" time="0">
          <skipped></skipped>
      </testcase>
      <testcase name="[sig-storage] In-tree Volumes [Driver: emptydir] [Testpattern: Pre-provisioned PV (block volmode)] multiVolume [Slow] should concurrently access the volume and its clone from pods on the same node [LinuxOnly][Feature:VolumeSnapshotDataSource][Feature:VolumeSourceXFS]" classname="Kubernetes e2e suite" time="0">
          <skipped></skipped>
      </testcase>
      <testcase name="[sig-storage] In-tree Volumes [Driver: vsphere] [Testpattern: Dynamic PV (default fs)] volumes should allow exec of files on the volume" classname="Kubernetes e2e suite" time="0">
          <skipped></skipped>
      </testcase>
      <testcase name="[sig-storage] In-tree Volumes [Driver: local][LocalVolumeType: dir-link-bindmounted] [Testpattern: Dynamic PV (ntfs)][Feature:Windows] subPath should fail if non-existent subpath is outside the volume [Slow][LinuxOnly]" classname="Kubernetes e2e suite" time="0">
          <skipped></skipped>
      </testcase>
      <testcase name="[sig-storage] In-tree Volumes [Driver: aws] [Testpattern: Dynamic PV (ntfs)][Feature:Windows] subPath should fail if subpath with backstepping is outside the volume [Slow][LinuxOnly]" classname="Kubernetes e2e suite" time="0">
          <skipped></skipped>
      </testcase>
      <testcase name="[sig-storage] Node Poweroff [Feature:vsphere] [Slow] [Disruptive] verify volume status after node power off" classname="Kubernetes e2e suite" time="0">
          <skipped></skipped>
      </testcase>
      <testcase name="[sig-storage] In-tree Volumes [Driver: local][LocalVolumeType: dir-link] [Testpattern: Dynamic PV (ntfs)][Feature:Windows] subPath should support non-existent path" classname="Kubernetes e2e suite" time="0">
          <skipped></skipped>
      </testcase>
      <testcase name="[sig-storage] PersistentVolumes-local  [Volume type: tmpfs] One pod requesting one prebound PVC should be able to mount volume and write from pod1" classname="Kubernetes e2e suite" time="0">
          <skipped></skipped>
      </testcase>
      <testcase name="[sig-storage] In-tree Volumes [Driver: hostPath] [Testpattern: Dynamic PV (default fs)] subPath should fail if subpath with backstepping is outside the volume [Slow][LinuxOnly]" classname="Kubernetes e2e suite" time="0">
          <skipped></skipped>
      </testcase>
      <testcase name="[sig-storage] In-tree Volumes [Driver: rbd][Feature:Volumes][Serial] [Testpattern: Dynamic PV (block volmode)(allowExpansion)] volume-expand should resize volume when PVC is edited while pod is using it" classname="Kubernetes e2e suite" time="0">
          <skipped></skipped>
      </testcase>
      <testcase name="[sig-storage] In-tree Volumes [Driver: hostPathSymlink] [Testpattern: Dynamic PV (default fs)] volumeIO should write files of various sizes, verify size, validate content [Slow][LinuxOnly]" classname="Kubernetes e2e suite" time="0">
          <skipped></skipped>
      </testcase>
      <testcase name="[sig-storage] In-tree Volumes [Driver: local][LocalVolumeType: tmpfs] [Testpattern: Dynamic PV (default fs)] provisioning should provision storage with snapshot data source [Feature:VolumeSnapshotDataSource]" classname="Kubernetes e2e suite" time="0">
          <skipped></skipped>
      </testcase>
      <testcase name="[sig-storage] In-tree Volumes [Driver: rbd][Feature:Volumes][Serial] [Testpattern: Inline-volume (default fs)] subPath should fail if subpath directory is outside the volume [Slow][LinuxOnly]" classname="Kubernetes e2e suite" time="0">
          <skipped></skipped>
      </testcase>
      <testcase name="[sig-storage] CSI Volumes [Driver: pd.csi.storage.gke.io][Serial] [Testpattern: Dynamic PV (block volmode)(allowExpansion)] volume-expand should resize volume when PVC is edited while pod is using it" classname="Kubernetes e2e suite" time="0">
          <skipped></skipped>
      </testcase>
      <testcase name="[sig-storage] In-tree Volumes [Driver: local][LocalVolumeType: tmpfs] [Testpattern: Inline-volume (default fs)] volumeIO should write files of various sizes, verify size, validate content [Slow][LinuxOnly]" classname="Kubernetes e2e suite" time="0">
          <skipped></skipped>
      </testcase>
      <testcase name="[sig-storage] In-tree Volumes [Driver: local][LocalVolumeType: dir] [Testpattern: Pre-provisioned PV (default fs)] subPath should fail if subpath directory is outside the volume [Slow][LinuxOnly]" classname="Kubernetes e2e suite" time="0">
          <skipped></skipped>
      </testcase>
      <testcase name="[sig-storage] In-tree Volumes [Driver: local][LocalVolumeType: dir-link-bindmounted] [Testpattern: Dynamic PV (default fs)] subPath should support file as subpath [LinuxOnly]" classname="Kubernetes e2e suite" time="0">
          <skipped></skipped>
      </testcase>
      <testcase name="[sig-storage] In-tree Volumes [Driver: cinder] [Testpattern: Dynamic PV (default fs)] subPath should support existing directory" classname="Kubernetes e2e suite" time="0">
          <skipped></skipped>
      </testcase>
      <testcase name="[sig-storage] In-tree Volumes [Driver: cinder] [Testpattern: Dynamic PV (ntfs)][Feature:Windows] subPath should unmount if pod is force deleted while kubelet is down [Disruptive][Slow][LinuxOnly]" classname="Kubernetes e2e suite" time="0">
          <skipped></skipped>
      </testcase>
      <testcase name="[sig-storage] In-tree Volumes [Driver: local][LocalVolumeType: dir-bindmounted] [Testpattern: Dynamic PV (ntfs)][Feature:Windows] subPath should support existing single file [LinuxOnly]" classname="Kubernetes e2e suite" time="0">
          <skipped></skipped>
      </testcase>
      <testcase name="[sig-storage] In-tree Volumes [Driver: vsphere] [Testpattern: Pre-provisioned PV (default fs)] subPath should support file as subpath [LinuxOnly]" classname="Kubernetes e2e suite" time="0">
          <skipped></skipped>
      </testcase>
      <testcase name="[sig-storage] PersistentVolumes-local  [Volume type: gce-localssd-scsi-fs] [Serial] Set fsGroup for local volume should set different fsGroup for second pod if first pod is deleted" classname="Kubernetes e2e suite" time="0">
          <skipped></skipped>
      </testcase>
      <testcase name="[sig-node] Docker Containers should be able to override the image&#39;s default command and arguments [NodeConformance] [Conformance]" classname="Kubernetes e2e suite" time="4.108704668"></testcase>
      <testcase name="[sig-storage] In-tree Volumes [Driver: local][LocalVolumeType: dir] [Testpattern: Dynamic PV (default fs)] volume-stress multiple pods should access different volumes repeatedly [Slow] [Serial]" classname="Kubernetes e2e suite" time="0">
          <skipped></skipped>
      </testcase>
      <testcase name="[sig-storage] In-tree Volumes [Driver: vsphere] [Testpattern: Dynamic PV (ntfs)][Feature:Windows] subPath should support existing directories when readOnly specified in the volumeSource" classname="Kubernetes e2e suite" time="0">
          <skipped></skipped>
      </testcase>
      <testcase name="[sig-storage] In-tree Volumes [Driver: local][LocalVolumeType: dir-bindmounted] [Testpattern: Dynamic PV (default fs)] provisioning should provision storage with pvc data source in parallel [Slow]" classname="Kubernetes e2e suite" time="0">
          <skipped></skipped>
      </testcase>
      <testcase name="[sig-storage] In-tree Volumes [Driver: iscsi][Feature:Volumes] [Testpattern: Inline-volume (default fs)] subPath should unmount if pod is gracefully deleted while kubelet is down [Disruptive][Slow][LinuxOnly]" classname="Kubernetes e2e suite" time="0">
          <skipped></skipped>
      </testcase>
      <testcase name="[sig-storage] In-tree Volumes [Driver: emptydir] [Testpattern: Dynamic PV (ntfs)][Feature:Windows] volume-expand should not allow expansion of pvcs without AllowVolumeExpansion property" classname="Kubernetes e2e suite" time="0">
          <skipped></skipped>
      </testcase>
      <testcase name="[sig-storage] In-tree Volumes [Driver: iscsi][Feature:Volumes] [Testpattern: Inline-volume (default fs)] subPath should verify container cannot write to subpath readonly volumes [Slow]" classname="Kubernetes e2e suite" time="0">
          <skipped></skipped>
      </testcase>
      <testcase name="[sig-autoscaling] [Feature:ClusterSizeAutoscalingScaleUp] [Slow] Autoscaling Autoscaling a service from 1 pod and 3 nodes to 8 pods and &gt;=4 nodes takes less than 15 minutes" classname="Kubernetes e2e suite" time="0">
          <skipped></skipped>
      </testcase>
      <testcase name="[sig-network] Services should implement service.kubernetes.io/service-proxy-name" classname="Kubernetes e2e suite" time="0">
          <skipped></skipped>
      </testcase>
      <testcase name="[sig-storage] In-tree Volumes [Driver: iscsi][Feature:Volumes] [Testpattern: Dynamic PV (block volmode)] multiVolume [Slow] should concurrently access the single volume from pods on different node" classname="Kubernetes e2e suite" time="0">
          <skipped></skipped>
      </testcase>
      <testcase name="[sig-storage] In-tree Volumes [Driver: local][LocalVolumeType: dir] [Testpattern: Dynamic PV (ext4)] multiVolume [Slow] should access to two volumes with different volume mode and retain data across pod recreation on the same node" classname="Kubernetes e2e suite" time="0">
          <skipped></skipped>
      </testcase>
      <testcase name="[sig-storage] HostPathType Directory [Slow] Should fail on mounting directory &#39;adir&#39; when HostPathType is HostPathFile" classname="Kubernetes e2e suite" time="0">
          <skipped></skipped>
      </testcase>
      <testcase name="[sig-storage] In-tree Volumes [Driver: emptydir] [Testpattern: Pre-provisioned PV (filesystem volmode)] multiVolume [Slow] should access to two volumes with different volume mode and retain data across pod recreation on different node" classname="Kubernetes e2e suite" time="0">
          <skipped></skipped>
      </testcase>
      <testcase name="[sig-storage] In-tree Volumes [Driver: emptydir] [Testpattern: Dynamic PV (filesystem volmode)] multiVolume [Slow] should concurrently access the volume and restored snapshot from pods on the same node [LinuxOnly][Feature:VolumeSnapshotDataSource][Feature:VolumeSourceXFS]" classname="Kubernetes e2e suite" time="0">
          <skipped></skipped>
      </testcase>
      <testcase name="[sig-storage] CSI mock volume CSI NodeUnstage error cases [Slow] two pods: should call NodeStage after previous NodeUnstage final error" classname="Kubernetes e2e suite" time="0">
          <skipped></skipped>
      </testcase>
      <testcase name="[sig-storage] In-tree Volumes [Driver: emptydir] [Testpattern: Dynamic PV (ntfs)][Feature:Windows] subPath should support existing directories when readOnly specified in the volumeSource" classname="Kubernetes e2e suite" time="0">
          <skipped></skipped>
      </testcase>
      <testcase name="[sig-storage] In-tree Volumes [Driver: hostPathSymlink] [Testpattern: Dynamic PV (block volmode)] multiVolume [Slow] should concurrently access the volume and its clone from pods on the same node [LinuxOnly][Feature:VolumeSnapshotDataSource][Feature:VolumeSourceXFS]" classname="Kubernetes e2e suite" time="0">
          <skipped></skipped>
      </testcase>
      <testcase name="[sig-storage] In-tree Volumes [Driver: local][LocalVolumeType: tmpfs] [Testpattern: Dynamic PV (ext3)] volumes should store data" classname="Kubernetes e2e suite" time="0">
          <skipped></skipped>
      </testcase>
      <testcase name="[sig-storage] In-tree Volumes [Driver: cinder] [Testpattern: Inline-volume (default fs)] subPath should support file as subpath [LinuxOnly]" classname="Kubernetes e2e suite" time="0">
          <skipped></skipped>
      </testcase>
      <testcase name="[sig-storage] Dynamic Provisioning Invalid AWS KMS key should report an error and create no PV" classname="Kubernetes e2e suite" time="0">
          <skipped></skipped>
      </testcase>
      <testcase name="[sig-storage] In-tree Volumes [Driver: local][LocalVolumeType: gce-localssd-scsi-fs] [Serial] [Testpattern: Pre-provisioned PV (xfs)][Slow] volumes should allow exec of files on the volume" classname="Kubernetes e2e suite" time="0">
          <skipped></skipped>
      </testcase>
      <testcase name="[sig-storage] In-tree Volumes [Driver: ceph][Feature:Volumes][Serial] [Testpattern: Dynamic PV (block volmode)] disruptive[Disruptive][LinuxOnly] Should test that pv written before kubelet restart is readable after restart." classname="Kubernetes e2e suite" time="0">
          <skipped></skipped>
      </testcase>
      <testcase name="[sig-api-machinery] ServerSideApply should remove a field if it is owned but removed in the apply request" classname="Kubernetes e2e suite" time="0">
          <skipped></skipped>
      </testcase>
      <testcase name="[sig-storage] In-tree Volumes [Driver: nfs] [Testpattern: Dynamic PV (block volmode)] volumeMode should not mount / map unused volumes in a pod [LinuxOnly]" classname="Kubernetes e2e suite" time="0">
          <skipped></skipped>
      </testcase>
      <testcase name="[sig-storage] In-tree Volumes [Driver: local][LocalVolumeType: block] [Testpattern: Dynamic PV (default fs)] fsgroupchangepolicy (OnRootMismatch)[LinuxOnly], pod created with an initial fsgroup, volume contents ownership changed in first pod, new pod with different fsgroup applied to the volume contents" classname="Kubernetes e2e suite" time="0">
          <skipped></skipped>
      </testcase>
      <testcase name="[sig-storage] CSI Volumes [Driver: pd.csi.storage.gke.io][Serial] [Testpattern: Dynamic Snapshot (delete policy)] snapshottable-stress[Feature:VolumeSnapshotDataSource] should support snapshotting of many volumes repeatedly [Slow] [Serial]" classname="Kubernetes e2e suite" time="0">
          <skipped></skipped>
      </testcase>
      <testcase name="[sig-storage] In-tree Volumes [Driver: aws] [Testpattern: Dynamic PV (default fs)] fsgroupchangepolicy (OnRootMismatch)[LinuxOnly], pod created with an initial fsgroup, new pod fsgroup applied to volume contents" classname="Kubernetes e2e suite" time="0">
          <skipped></skipped>
      </testcase>
      <testcase name="[sig-storage] In-tree Volumes [Driver: aws] [Testpattern: Pre-provisioned PV (ext3)] volumes should allow exec of files on the volume" classname="Kubernetes e2e suite" time="0">
          <skipped></skipped>
      </testcase>
      <testcase name="[sig-storage] In-tree Volumes [Driver: local][LocalVolumeType: dir-bindmounted] [Testpattern: Dynamic PV (default fs)] subPath should support restarting containers using directory as subpath [Slow]" classname="Kubernetes e2e suite" time="0">
          <skipped></skipped>
      </testcase>
      <testcase name="[sig-storage] In-tree Volumes [Driver: local][LocalVolumeType: tmpfs] [Testpattern: Pre-provisioned PV (ntfs)][Feature:Windows] volumes should allow exec of files on the volume" classname="Kubernetes e2e suite" time="0">
          <skipped></skipped>
      </testcase>
      <testcase name="[sig-storage] PersistentVolumes-local  [Volume type: blockfswithformat] Set fsGroup for local volume should set same fsGroup for two pods simultaneously [Slow]" classname="Kubernetes e2e suite" time="0">
          <skipped></skipped>
      </testcase>
      <testcase name="[sig-storage] In-tree Volumes [Driver: hostPathSymlink] [Testpattern: Pre-provisioned PV (default fs)] volumes should allow exec of files on the volume" classname="Kubernetes e2e suite" time="0">
          <skipped></skipped>
      </testcase>
      <testcase name="[sig-storage] In-tree Volumes [Driver: vsphere] [Testpattern: Pre-provisioned PV (block volmode)] multiVolume [Slow] should access to two volumes with the same volume mode and retain data across pod recreation on the same node" classname="Kubernetes e2e suite" time="0">
          <skipped></skipped>
      </testcase>
      <testcase name="[sig-storage] In-tree Volumes [Driver: iscsi][Feature:Volumes] [Testpattern: Dynamic PV (default fs)] subPath should support file as subpath [LinuxOnly]" classname="Kubernetes e2e suite" time="0">
          <skipped></skipped>
      </testcase>
      <testcase name="[sig-storage] CSI Volumes [Driver: csi-hostpath] [Testpattern: Dynamic PV (ntfs)][Feature:Windows] volumes should allow exec of files on the volume" classname="Kubernetes e2e suite" time="0">
          <skipped></skipped>
      </testcase>
      <testcase name="[sig-storage] In-tree Volumes [Driver: local][LocalVolumeType: block] [Testpattern: Pre-provisioned PV (filesystem volmode)] multiVolume [Slow] should concurrently access the single volume from pods on different node" classname="Kubernetes e2e suite" time="0">
          <skipped></skipped>
      </testcase>
      <testcase name="[sig-storage] In-tree Volumes [Driver: rbd][Feature:Volumes][Serial] [Testpattern: Pre-provisioned PV (ntfs)][Feature:Windows] volumes should store data" classname="Kubernetes e2e suite" time="0">
          <skipped></skipped>
      </testcase>
      <testcase name="[sig-storage] In-tree Volumes [Driver: iscsi][Feature:Volumes] [Testpattern: Dynamic PV (immediate binding)] topology should provision a volume and schedule a pod with AllowedTopologies" classname="Kubernetes e2e suite" time="0">
          <skipped></skipped>
      </testcase>
      <testcase name="[sig-storage] In-tree Volumes [Driver: local][LocalVolumeType: gce-localssd-scsi-fs] [Serial] [Testpattern: Dynamic PV (ntfs)][Feature:Windows] subPath should be able to unmount after the subpath directory is deleted [LinuxOnly]" classname="Kubernetes e2e suite" time="0">
          <skipped></skipped>
      </testcase>
      <testcase name="[sig-storage] In-tree Volumes [Driver: local][LocalVolumeType: dir-bindmounted] [Testpattern: Dynamic PV (xfs)][Slow] multiVolume [Slow] should access to two volumes with different volume mode and retain data across pod recreation on the same node" classname="Kubernetes e2e suite" time="0">
          <skipped></skipped>
      </testcase>
      <testcase name="[sig-storage] In-tree Volumes [Driver: local][LocalVolumeType: gce-localssd-scsi-fs] [Serial] [Testpattern: Dynamic PV (filesystem volmode)] volumeMode should fail to use a volume in a pod with mismatched mode [Slow]" classname="Kubernetes e2e suite" time="0">
          <skipped></skipped>
      </testcase>
      <testcase name="[sig-storage] In-tree Volumes [Driver: hostPath] [Testpattern: Dynamic PV (xfs)][Slow] multiVolume [Slow] should access to two volumes with the same volume mode and retain data across pod recreation on different node" classname="Kubernetes e2e suite" time="0">
          <skipped></skipped>
      </testcase>
      <testcase name="[sig-storage] In-tree Volumes [Driver: windows-gcepd] [Testpattern: Dynamic PV (block volmode)] multiVolume [Slow] should concurrently access the volume and restored snapshot from pods on the same node [LinuxOnly][Feature:VolumeSnapshotDataSource][Feature:VolumeSourceXFS]" classname="Kubernetes e2e suite" time="0">
          <skipped></skipped>
      </testcase>
      <testcase name="[sig-storage] In-tree Volumes [Driver: aws] [Testpattern: Dynamic PV (block volmode)] multiVolume [Slow] should access to two volumes with different volume mode and retain data across pod recreation on different node" classname="Kubernetes e2e suite" time="0">
          <skipped></skipped>
      </testcase>
      <testcase name="[sig-network] NetworkPolicyLegacy [LinuxOnly] NetworkPolicy between server and client should enforce policy to allow traffic from pods within server namespace based on PodSelector [Feature:NetworkPolicy]" classname="Kubernetes e2e suite" time="0">
          <skipped></skipped>
      </testcase>
      <testcase name="[sig-storage] In-tree Volumes [Driver: local][LocalVolumeType: tmpfs] [Testpattern: Pre-provisioned PV (default fs)] subPath should support restarting containers using file as subpath [Slow][LinuxOnly]" classname="Kubernetes e2e suite" time="0">
          <skipped></skipped>
      </testcase>
      <testcase name="[sig-network] Netpol NetworkPolicy between server and client should work with Ingress, Egress specified together [Feature:NetworkPolicy]" classname="Kubernetes e2e suite" time="0">
          <skipped></skipped>
      </testcase>
      <testcase name="[sig-storage] CSI Volumes [Driver: pd.csi.storage.gke.io][Serial] [Testpattern: Inline-volume (ext3)] volumes should allow exec of files on the volume" classname="Kubernetes e2e suite" time="0">
          <skipped></skipped>
      </testcase>
      <testcase name="[sig-storage] In-tree Volumes [Driver: gluster] [Testpattern: Dynamic PV (default fs)(allowExpansion)] volume-expand Verify if offline PVC expansion works" classname="Kubernetes e2e suite" time="0">
          <skipped></skipped>
      </testcase>
      <testcase name="[sig-storage] In-tree Volumes [Driver: hostPathSymlink] [Testpattern: Pre-provisioned PV (block volmode)] multiVolume [Slow] should concurrently access the single volume from pods on the same node" classname="Kubernetes e2e suite" time="0">
          <skipped></skipped>
      </testcase>
      <testcase name="[sig-api-machinery] CustomResourcePublishOpenAPI [Privileged:ClusterAdmin] [Flaky] kubectl explain works for CR with the same resource name as built-in object." classname="Kubernetes e2e suite" time="0">
          <skipped></skipped>
      </testcase>
      <testcase name="[sig-storage] In-tree Volumes [Driver: vsphere] [Testpattern: Dynamic PV (ntfs)][Feature:Windows] volume-expand should not allow expansion of pvcs without AllowVolumeExpansion property" classname="Kubernetes e2e suite" time="0">
          <skipped></skipped>
      </testcase>
      <testcase name="[sig-storage] CSI Volumes [Driver: pd.csi.storage.gke.io][Serial] [Testpattern: Dynamic PV (ntfs)][Feature:Windows] provisioning should provision storage with pvc data source in parallel [Slow]" classname="Kubernetes e2e suite" time="0">
          <skipped></skipped>
      </testcase>
      <testcase name="[sig-storage] In-tree Volumes [Driver: local][LocalVolumeType: dir-bindmounted] [Testpattern: Dynamic PV (default fs)] subPath should unmount if pod is force deleted while kubelet is down [Disruptive][Slow][LinuxOnly]" classname="Kubernetes e2e suite" time="0">
          <skipped></skipped>
      </testcase>
      <testcase name="[sig-storage] In-tree Volumes [Driver: local][LocalVolumeType: tmpfs] [Testpattern: Pre-provisioned PV (default fs)] subPath should support restarting containers using directory as subpath [Slow]" classname="Kubernetes e2e suite" time="0">
          <skipped></skipped>
      </testcase>
      <testcase name="[sig-storage] In-tree Volumes [Driver: emptydir] [Testpattern: Pre-provisioned PV (block volmode)] multiVolume [Slow] should access to two volumes with the same volume mode and retain data across pod recreation on the same node" classname="Kubernetes e2e suite" time="0">
          <skipped></skipped>
      </testcase>
      <testcase name="[sig-storage] In-tree Volumes [Driver: hostPath] [Testpattern: Pre-provisioned PV (default fs)] subPath should support non-existent path" classname="Kubernetes e2e suite" time="0">
          <skipped></skipped>
      </testcase>
      <testcase name="[sig-storage] In-tree Volumes [Driver: rbd][Feature:Volumes][Serial] [Testpattern: Dynamic PV (ntfs)][Feature:Windows] subPath should support readOnly file specified in the volumeMount [LinuxOnly]" classname="Kubernetes e2e suite" time="0">
          <skipped></skipped>
      </testcase>
      <testcase name="[sig-storage] In-tree Volumes [Driver: windows-gcepd] [Testpattern: Dynamic PV (block volmode)] provisioning should provision storage with mount options" classname="Kubernetes e2e suite" time="0">
          <skipped></skipped>
      </testcase>
      <testcase name="[sig-storage] In-tree Volumes [Driver: windows-gcepd] [Testpattern: Dynamic PV (default fs)] subPath should support file as subpath [LinuxOnly]" classname="Kubernetes e2e suite" time="0">
          <skipped></skipped>
      </testcase>
      <testcase name="[sig-storage] In-tree Volumes [Driver: hostPath] [Testpattern: Pre-provisioned PV (default fs)] subPath should fail if subpath with backstepping is outside the volume [Slow][LinuxOnly]" classname="Kubernetes e2e suite" time="0">
          <skipped></skipped>
      </testcase>
      <testcase name="[sig-storage] In-tree Volumes [Driver: azure-disk] [Testpattern: Dynamic PV (block volmode)] multiVolume [Slow] should concurrently access the single volume from pods on the same node" classname="Kubernetes e2e suite" time="0">
          <skipped></skipped>
      </testcase>
      <testcase name="[sig-storage] In-tree Volumes [Driver: gluster] [Testpattern: Dynamic PV (default fs)] fsgroupchangepolicy (Always)[LinuxOnly], pod created with an initial fsgroup, volume contents ownership changed in first pod, new pod with same fsgroup applied to the volume contents" classname="Kubernetes e2e suite" time="0">
          <skipped></skipped>
      </testcase>
      <testcase name="[sig-storage] In-tree Volumes [Driver: gluster] [Testpattern: Pre-provisioned PV (default fs)] subPath should support restarting containers using directory as subpath [Slow]" classname="Kubernetes e2e suite" time="0">
          <skipped></skipped>
      </testcase>
      <testcase name="[sig-storage] In-tree Volumes [Driver: local][LocalVolumeType: gce-localssd-scsi-fs] [Serial] [Testpattern: Dynamic PV (default fs)] fsgroupchangepolicy (OnRootMismatch)[LinuxOnly], pod created with an initial fsgroup, volume contents ownership changed in first pod, new pod with different fsgroup applied to the volume contents" classname="Kubernetes e2e suite" time="0">
          <skipped></skipped>
      </testcase>
      <testcase name="[sig-storage] CSI mock volume CSI FSGroupPolicy [LinuxOnly] should modify fsGroup if fsGroupPolicy=File" classname="Kubernetes e2e suite" time="0">
          <skipped></skipped>
      </testcase>
      <testcase name="[sig-storage] In-tree Volumes [Driver: windows-gcepd] [Testpattern: Inline-volume (default fs)] subPath should support existing directories when readOnly specified in the volumeSource" classname="Kubernetes e2e suite" time="0">
          <skipped></skipped>
      </testcase>
      <testcase name="[sig-storage] In-tree Volumes [Driver: local][LocalVolumeType: block] [Testpattern: Pre-provisioned PV (default fs)] subPath should verify container cannot write to subpath readonly volumes [Slow]" classname="Kubernetes e2e suite" time="0">
          <skipped></skipped>
      </testcase>
      <testcase name="[sig-storage] In-tree Volumes [Driver: cinder] [Testpattern: Dynamic PV (default fs)] fsgroupchangepolicy (Always)[LinuxOnly], pod created with an initial fsgroup, volume contents ownership changed in first pod, new pod with different fsgroup applied to the volume contents" classname="Kubernetes e2e suite" time="0">
          <skipped></skipped>
      </testcase>
      <testcase name="[sig-storage] In-tree Volumes [Driver: aws] [Testpattern: Inline-volume (xfs)][Slow] volumes should allow exec of files on the volume" classname="Kubernetes e2e suite" time="0">
          <skipped></skipped>
      </testcase>
      <testcase name="[sig-storage] In-tree Volumes [Driver: rbd][Feature:Volumes][Serial] [Testpattern: Dynamic PV (filesystem volmode)] multiVolume [Slow] should concurrently access the single volume from pods on the same node" classname="Kubernetes e2e suite" time="0">
          <skipped></skipped>
      </testcase>
      <testcase name="[sig-network] Networking Granular Checks: Services should function for node-Service: http" classname="Kubernetes e2e suite" time="0">
          <skipped></skipped>
      </testcase>
      <testcase name="[sig-storage] In-tree Volumes [Driver: local][LocalVolumeType: dir-bindmounted] [Testpattern: Dynamic PV (block volmode)] multiVolume [Slow] should concurrently access the single volume from pods on the same node" classname="Kubernetes e2e suite" time="0">
          <skipped></skipped>
      </testcase>
      <testcase name="[sig-api-machinery] CustomResourceDefinition resources [Privileged:ClusterAdmin] Simple CustomResourceDefinition listing custom resource definition objects works  [Conformance]" classname="Kubernetes e2e suite" time="6.314015896"></testcase>
      <testcase name="[sig-storage] In-tree Volumes [Driver: emptydir] [Testpattern: Inline-volume (ntfs)][Feature:Windows] volumes should allow exec of files on the volume" classname="Kubernetes e2e suite" time="0">
          <skipped></skipped>
      </testcase>
      <testcase name="[sig-storage] In-tree Volumes [Driver: local][LocalVolumeType: tmpfs] [Testpattern: Dynamic PV (block volmode)] multiVolume [Slow] should access to two volumes with the same volume mode and retain data across pod recreation on different node" classname="Kubernetes e2e suite" time="0">
          <skipped></skipped>
      </testcase>
      <testcase name="[sig-storage] In-tree Volumes [Driver: local][LocalVolumeType: dir-link-bindmounted] [Testpattern: Pre-provisioned PV (filesystem volmode)] multiVolume [Slow] should access to two volumes with different volume mode and retain data across pod recreation on the same node" classname="Kubernetes e2e suite" time="0">
          <skipped></skipped>
      </testcase>
      <testcase name="[sig-storage] In-tree Volumes [Driver: local][LocalVolumeType: dir-link] [Testpattern: Pre-provisioned PV (ext4)] volumes should store data" classname="Kubernetes e2e suite" time="0">
          <skipped></skipped>
      </testcase>
      <testcase name="[sig-storage] In-tree Volumes [Driver: hostPathSymlink] [Testpattern: Pre-provisioned PV (filesystem volmode)] multiVolume [Slow] should concurrently access the single read-only volume from pods on the same node" classname="Kubernetes e2e suite" time="0">
          <skipped></skipped>
      </testcase>
      <testcase name="[sig-auth] Metadata Concealment should run a check-metadata-concealment job to completion" classname="Kubernetes e2e suite" time="0">
          <skipped></skipped>
      </testcase>
      <testcase name="[sig-storage] In-tree Volumes [Driver: aws] [Testpattern: Dynamic PV (block volmode)] provisioning should provision storage with pvc data source" classname="Kubernetes e2e suite" time="0">
          <skipped></skipped>
      </testcase>
      <testcase name="[sig-storage] In-tree Volumes [Driver: aws] [Testpattern: Dynamic PV (ntfs)][Feature:Windows] subPath should support restarting containers using directory as subpath [Slow]" classname="Kubernetes e2e suite" time="0">
          <skipped></skipped>
      </testcase>
      <testcase name="[sig-autoscaling] Cluster size autoscaling [Slow] should correctly scale down after a node is not needed and one node is broken [Feature:ClusterSizeAutoscalingScaleDown]" classname="Kubernetes e2e suite" time="0">
          <skipped></skipped>
      </testcase>
      <testcase name="[sig-storage] In-tree Volumes [Driver: local][LocalVolumeType: gce-localssd-scsi-fs] [Serial] [Testpattern: Dynamic PV (ext4)] multiVolume [Slow] should concurrently access the volume and its clone from pods on the same node [LinuxOnly][Feature:VolumeSnapshotDataSource][Feature:VolumeSourceXFS]" classname="Kubernetes e2e suite" time="0">
          <skipped></skipped>
      </testcase>
      <testcase name="[sig-storage] In-tree Volumes [Driver: local][LocalVolumeType: dir-bindmounted] [Testpattern: Pre-provisioned PV (ext3)] volumes should allow exec of files on the volume" classname="Kubernetes e2e suite" time="0">
          <skipped></skipped>
      </testcase>
      <testcase name="[sig-storage] In-tree Volumes [Driver: nfs] [Testpattern: Dynamic PV (default fs)] provisioning should provision storage with pvc data source in parallel [Slow]" classname="Kubernetes e2e suite" time="0">
          <skipped></skipped>
      </testcase>
      <testcase name="[sig-storage] In-tree Volumes [Driver: ceph][Feature:Volumes][Serial] [Testpattern: Dynamic PV (xfs)][Slow] multiVolume [Slow] should access to two volumes with the same volume mode and retain data across pod recreation on different node" classname="Kubernetes e2e suite" time="0">
          <skipped></skipped>
      </testcase>
      <testcase name="[sig-storage] In-tree Volumes [Driver: azure-disk] [Testpattern: Dynamic PV (default fs)] provisioning should provision storage with mount options" classname="Kubernetes e2e suite" time="0">
          <skipped></skipped>
      </testcase>
      <testcase name="[sig-storage] In-tree Volumes [Driver: local][LocalVolumeType: dir-link-bindmounted] [Testpattern: Dynamic PV (ntfs)][Feature:Windows] subPath should support creating multiple subpath from same volumes [Slow]" classname="Kubernetes e2e suite" time="0">
          <skipped></skipped>
      </testcase>
      <testcase name="[sig-storage] In-tree Volumes [Driver: gcepd] [Testpattern: Dynamic PV (filesystem volmode)] multiVolume [Slow] should access to two volumes with the same volume mode and retain data across pod recreation on different node" classname="Kubernetes e2e suite" time="0">
          <skipped></skipped>
      </testcase>
      <testcase name="[sig-storage] In-tree Volumes [Driver: local][LocalVolumeType: dir-link-bindmounted] [Testpattern: Dynamic PV (ntfs)][Feature:Windows] subPath should support existing single file [LinuxOnly]" classname="Kubernetes e2e suite" time="0">
          <skipped></skipped>
      </testcase>
      <testcase name="[sig-storage] In-tree Volumes [Driver: azure-disk] [Testpattern: Pre-provisioned PV (block volmode)] multiVolume [Slow] should access to two volumes with different volume mode and retain data across pod recreation on the same node" classname="Kubernetes e2e suite" time="0">
          <skipped></skipped>
      </testcase>
      <testcase name="[sig-network] NoSNAT [Feature:NoSNAT] [Slow] Should be able to send traffic between Pods without SNAT" classname="Kubernetes e2e suite" time="0">
          <skipped></skipped>
      </testcase>
      <testcase name="[sig-storage] In-tree Volumes [Driver: hostPathSymlink] [Testpattern: Dynamic PV (filesystem volmode)] volumeMode should fail to use a volume in a pod with mismatched mode [Slow]" classname="Kubernetes e2e suite" time="0">
          <skipped></skipped>
      </testcase>
      <testcase name="[sig-network] LoadBalancers should be able to switch session affinity for LoadBalancer service with ESIPP on [Slow] [DisabledForLargeClusters] [LinuxOnly]" classname="Kubernetes e2e suite" time="0">
          <skipped></skipped>
      </testcase>
      <testcase name="[sig-storage] Projected secret Should fail non-optional pod creation due to the key in the secret object does not exist [Slow]" classname="Kubernetes e2e suite" time="0">
          <skipped></skipped>
      </testcase>
      <testcase name="[sig-storage] In-tree Volumes [Driver: local][LocalVolumeType: tmpfs] [Testpattern: Dynamic PV (immediate binding)] topology should provision a volume and schedule a pod with AllowedTopologies" classname="Kubernetes e2e suite" time="0">
          <skipped></skipped>
      </testcase>
      <testcase name="[sig-storage] In-tree Volumes [Driver: rbd][Feature:Volumes][Serial] [Testpattern: Pre-provisioned PV (filesystem volmode)] multiVolume [Slow] should concurrently access the single volume from pods on the same node" classname="Kubernetes e2e suite" time="0">
          <skipped></skipped>
      </testcase>
      <testcase name="[sig-storage] In-tree Volumes [Driver: rbd][Feature:Volumes][Serial] [Testpattern: Dynamic PV (xfs)][Slow] multiVolume [Slow] should access to two volumes with different volume mode and retain data across pod recreation on the same node" classname="Kubernetes e2e suite" time="0">
          <skipped></skipped>
      </testcase>
      <testcase name="[sig-storage] In-tree Volumes [Driver: emptydir] [Testpattern: Dynamic PV (ntfs)][Feature:Windows] subPath should fail if subpath with backstepping is outside the volume [Slow][LinuxOnly]" classname="Kubernetes e2e suite" time="0">
          <skipped></skipped>
      </testcase>
      <testcase name="[sig-storage] In-tree Volumes [Driver: windows-gcepd] [Testpattern: Dynamic PV (default fs)] subPath should support existing directories when readOnly specified in the volumeSource" classname="Kubernetes e2e suite" time="0">
          <skipped></skipped>
      </testcase>
      <testcase name="[sig-storage] In-tree Volumes [Driver: windows-gcepd] [Testpattern: Dynamic PV (filesystem volmode)] disruptive[Disruptive][LinuxOnly] Should test that pv written before kubelet restart is readable after restart." classname="Kubernetes e2e suite" time="0">
          <skipped></skipped>
      </testcase>
      <testcase name="[sig-storage] In-tree Volumes [Driver: nfs] [Testpattern: Dynamic PV (filesystem volmode)] multiVolume [Slow] should concurrently access the volume and restored snapshot from pods on the same node [LinuxOnly][Feature:VolumeSnapshotDataSource][Feature:VolumeSourceXFS]" classname="Kubernetes e2e suite" time="0">
          <skipped></skipped>
      </testcase>
      <testcase name="[sig-storage] In-tree Volumes [Driver: vsphere] [Testpattern: Dynamic PV (ntfs)][Feature:Windows] subPath should support existing single file [LinuxOnly]" classname="Kubernetes e2e suite" time="0">
          <skipped></skipped>
      </testcase>
      <testcase name="[sig-storage] In-tree Volumes [Driver: hostPath] [Testpattern: Dynamic PV (ntfs)][Feature:Windows] subPath should support file as subpath [LinuxOnly]" classname="Kubernetes e2e suite" time="0">
          <skipped></skipped>
      </testcase>
      <testcase name="[sig-storage] In-tree Volumes [Driver: vsphere] [Testpattern: Inline-volume (default fs)] subPath should unmount if pod is force deleted while kubelet is down [Disruptive][Slow][LinuxOnly]" classname="Kubernetes e2e suite" time="0">
          <skipped></skipped>
      </testcase>
      <testcase name="[sig-storage] In-tree Volumes [Driver: hostPathSymlink] [Testpattern: Pre-provisioned PV (block volmode)] multiVolume [Slow] should access to two volumes with the same volume mode and retain data across pod recreation on different node" classname="Kubernetes e2e suite" time="0">
          <skipped></skipped>
      </testcase>
      <testcase name="[sig-storage] In-tree Volumes [Driver: hostPathSymlink] [Testpattern: Pre-provisioned PV (block volmode)] multiVolume [Slow] should concurrently access the volume and its clone from pods on the same node [LinuxOnly][Feature:VolumeSnapshotDataSource][Feature:VolumeSourceXFS]" classname="Kubernetes e2e suite" time="0">
          <skipped></skipped>
      </testcase>
      <testcase name="[sig-storage] In-tree Volumes [Driver: local][LocalVolumeType: tmpfs] [Testpattern: Dynamic PV (ntfs)][Feature:Windows] subPath should support non-existent path" classname="Kubernetes e2e suite" time="0">
          <skipped></skipped>
      </testcase>
      <testcase name="[sig-storage] In-tree Volumes [Driver: gluster] [Testpattern: Dynamic PV (default fs)] subPath should unmount if pod is gracefully deleted while kubelet is down [Disruptive][Slow][LinuxOnly]" classname="Kubernetes e2e suite" time="0">
          <skipped></skipped>
      </testcase>
      <testcase name="[sig-storage] CSI Volumes [Driver: csi-hostpath] [Testpattern: Dynamic PV (default fs)] capacity provides storage capacity information" classname="Kubernetes e2e suite" time="0">
          <skipped></skipped>
      </testcase>
      <testcase name="[sig-storage] CSI Volumes [Driver: pd.csi.storage.gke.io][Serial] [Testpattern: Dynamic PV (ntfs)][Feature:Windows] subPath should verify container cannot write to subpath readonly volumes [Slow]" classname="Kubernetes e2e suite" time="0">
          <skipped></skipped>
      </testcase>
      <testcase name="[sig-network] Networking Granular Checks: Services should function for endpoint-Service: sctp [Feature:SCTPConnectivity][Disruptive]" classname="Kubernetes e2e suite" time="0">
          <skipped></skipped>
      </testcase>
      <testcase name="[sig-storage] In-tree Volumes [Driver: local][LocalVolumeType: dir-link-bindmounted] [Testpattern: Pre-provisioned PV (block volmode)] multiVolume [Slow] should concurrently access the single volume from pods on different node" classname="Kubernetes e2e suite" time="0">
          <skipped></skipped>
      </testcase>
      <testcase name="[sig-storage] In-tree Volumes [Driver: local][LocalVolumeType: blockfs] [Testpattern: Dynamic PV (ntfs)][Feature:Windows] subPath should support restarting containers using file as subpath [Slow][LinuxOnly]" classname="Kubernetes e2e suite" time="0">
          <skipped></skipped>
      </testcase>
      <testcase name="[sig-storage] In-tree Volumes [Driver: local][LocalVolumeType: dir-link] [Testpattern: Dynamic PV (ntfs)][Feature:Windows] subPath should support restarting containers using file as subpath [Slow][LinuxOnly]" classname="Kubernetes e2e suite" time="0">
          <skipped></skipped>
      </testcase>
      <testcase name="[sig-storage] In-tree Volumes [Driver: cinder] [Testpattern: Dynamic PV (xfs)][Slow] multiVolume [Slow] should concurrently access the volume and its clone from pods on the same node [LinuxOnly][Feature:VolumeSnapshotDataSource][Feature:VolumeSourceXFS]" classname="Kubernetes e2e suite" time="0">
          <skipped></skipped>
      </testcase>
      <testcase name="[sig-storage] In-tree Volumes [Driver: iscsi][Feature:Volumes] [Testpattern: Pre-provisioned PV (default fs)] subPath should support non-existent path" classname="Kubernetes e2e suite" time="0">
          <skipped></skipped>
      </testcase>
      <testcase name="[sig-storage] In-tree Volumes [Driver: azure-disk] [Testpattern: Pre-provisioned PV (block volmode)] volumes should store data" classname="Kubernetes e2e suite" time="0">
          <skipped></skipped>
      </testcase>
      <testcase name="[sig-cli] Kubectl client Simple pod should support exec using resource/name" classname="Kubernetes e2e suite" time="0">
          <skipped></skipped>
      </testcase>
      <testcase name="[sig-storage] In-tree Volumes [Driver: local][LocalVolumeType: dir-link] [Testpattern: Pre-provisioned PV (ntfs)][Feature:Windows] volumes should allow exec of files on the volume" classname="Kubernetes e2e suite" time="0">
          <skipped></skipped>
      </testcase>
      <testcase name="[sig-storage] CSI Volumes [Driver: pd.csi.storage.gke.io][Serial] [Testpattern: Dynamic PV (filesystem volmode)] multiVolume [Slow] should access to two volumes with the same volume mode and retain data across pod recreation on the same node" classname="Kubernetes e2e suite" time="0">
          <skipped></skipped>
      </testcase>
      <testcase name="[sig-storage] In-tree Volumes [Driver: vsphere] [Testpattern: Dynamic PV (default fs)(allowExpansion)] volume-expand Verify if offline PVC expansion works" classname="Kubernetes e2e suite" time="0">
          <skipped></skipped>
      </testcase>
      <testcase name="[sig-storage] In-tree Volumes [Driver: cinder] [Testpattern: Dynamic PV (ntfs)][Feature:Windows] subPath should support restarting containers using file as subpath [Slow][LinuxOnly]" classname="Kubernetes e2e suite" time="0">
          <skipped></skipped>
      </testcase>
      <testcase name="[sig-network] Networking Granular Checks: Services should function for client IP based session affinity: http [LinuxOnly]" classname="Kubernetes e2e suite" time="0">
          <skipped></skipped>
      </testcase>
      <testcase name="[sig-network] NetworkPolicyLegacy [LinuxOnly] NetworkPolicy between server and client should allow egress access to server in CIDR block [Feature:NetworkPolicy]" classname="Kubernetes e2e suite" time="0">
          <skipped></skipped>
      </testcase>
      <testcase name="[sig-storage] In-tree Volumes [Driver: vsphere] [Testpattern: Dynamic PV (block volmode)] disruptive[Disruptive][LinuxOnly] Should test that pv used in a pod that is deleted while the kubelet is down cleans up when the kubelet returns." classname="Kubernetes e2e suite" time="0">
          <skipped></skipped>
      </testcase>
      <testcase name="[sig-api-machinery] Garbage collector should orphan pods created by rc if deleteOptions.OrphanDependents is nil" classname="Kubernetes e2e suite" time="0">
          <skipped></skipped>
      </testcase>
      <testcase name="[sig-storage] In-tree Volumes [Driver: local][LocalVolumeType: dir] [Testpattern: Dynamic PV (default fs)] subPath should verify container cannot write to subpath readonly volumes [Slow]" classname="Kubernetes e2e suite" time="0">
          <skipped></skipped>
      </testcase>
      <testcase name="[sig-storage] In-tree Volumes [Driver: cinder] [Testpattern: Inline-volume (xfs)][Slow] volumes should store data" classname="Kubernetes e2e suite" time="0">
          <skipped></skipped>
      </testcase>
      <testcase name="[sig-node] Downward API should provide host IP and pod IP as an env var if pod uses host network [LinuxOnly]" classname="Kubernetes e2e suite" time="0">
          <skipped></skipped>
      </testcase>
      <testcase name="[sig-storage] In-tree Volumes [Driver: local][LocalVolumeType: blockfs] [Testpattern: Inline-volume (default fs)] subPath should support readOnly directory specified in the volumeMount" classname="Kubernetes e2e suite" time="0">
          <skipped></skipped>
      </testcase>
      <testcase name="[sig-storage] PersistentVolumes-local  [Volume type: blockfswithformat] One pod requesting one prebound PVC should be able to mount volume and read from pod1" classname="Kubernetes e2e suite" time="0">
          <skipped></skipped>
      </testcase>
      <testcase name="[sig-storage] In-tree Volumes [Driver: ceph][Feature:Volumes][Serial] [Testpattern: Pre-provisioned PV (default fs)] subPath should support readOnly directory specified in the volumeMount" classname="Kubernetes e2e suite" time="0">
          <skipped></skipped>
      </testcase>
      <testcase name="[sig-storage] In-tree Volumes [Driver: aws] [Testpattern: Dynamic PV (default fs)] volume-stress multiple pods should access different volumes repeatedly [Slow] [Serial]" classname="Kubernetes e2e suite" time="0">
          <skipped></skipped>
      </testcase>
      <testcase name="[sig-storage] In-tree Volumes [Driver: iscsi][Feature:Volumes] [Testpattern: Dynamic PV (default fs)] subPath should support non-existent path" classname="Kubernetes e2e suite" time="0">
          <skipped></skipped>
      </testcase>
      <testcase name="[sig-storage] In-tree Volumes [Driver: gcepd] [Testpattern: Pre-provisioned PV (default fs)] volumeIO should write files of various sizes, verify size, validate content [Slow][LinuxOnly]" classname="Kubernetes e2e suite" time="0">
          <skipped></skipped>
      </testcase>
      <testcase name="[sig-storage] In-tree Volumes [Driver: rbd][Feature:Volumes][Serial] [Testpattern: Dynamic PV (xfs)][Slow] multiVolume [Slow] should access to two volumes with the same volume mode and retain data across pod recreation on the same node" classname="Kubernetes e2e suite" time="0">
          <skipped></skipped>
      </testcase>
      <testcase name="[sig-storage] In-tree Volumes [Driver: windows-gcepd] [Testpattern: Dynamic PV (xfs)][Slow] multiVolume [Slow] should concurrently access the volume and restored snapshot from pods on the same node [LinuxOnly][Feature:VolumeSnapshotDataSource][Feature:VolumeSourceXFS]" classname="Kubernetes e2e suite" time="0">
          <skipped></skipped>
      </testcase>
      <testcase name="[sig-network] NetworkPolicyLegacy [LinuxOnly] NetworkPolicy between server and client should enforce policy based on PodSelector with MatchExpressions[Feature:NetworkPolicy]" classname="Kubernetes e2e suite" time="0">
          <skipped></skipped>
      </testcase>
      <testcase name="[sig-node] Docker Containers should be able to override the image&#39;s default command (docker entrypoint) [NodeConformance] [Conformance]" classname="Kubernetes e2e suite" time="4.100943497"></testcase>
      <testcase name="[sig-storage] In-tree Volumes [Driver: local][LocalVolumeType: dir-bindmounted] [Testpattern: Dynamic PV (block volmode)] provisioning should provision storage with snapshot data source [Feature:VolumeSnapshotDataSource]" classname="Kubernetes e2e suite" time="0">
          <skipped></skipped>
      </testcase>
      <testcase name="[sig-storage] In-tree Volumes [Driver: gcepd] [Testpattern: Dynamic PV (default fs)] provisioning should provision storage with mount options" classname="Kubernetes e2e suite" time="0">
          <skipped></skipped>
      </testcase>
      <testcase name="[sig-storage] In-tree Volumes [Driver: hostPath] [Testpattern: Inline-volume (default fs)] subPath should fail if subpath file is outside the volume [Slow][LinuxOnly]" classname="Kubernetes e2e suite" time="0">
          <skipped></skipped>
      </testcase>
      <testcase name="[sig-network] Networking Granular Checks: Pods should function for intra-pod communication: sctp [LinuxOnly][Feature:SCTPConnectivity][Disruptive]" classname="Kubernetes e2e suite" time="0">
          <skipped></skipped>
      </testcase>
      <testcase name="[sig-storage] In-tree Volumes [Driver: azure-disk] [Testpattern: Dynamic PV (default fs)] volumeIO should write files of various sizes, verify size, validate content [Slow][LinuxOnly]" classname="Kubernetes e2e suite" time="0">
          <skipped></skipped>
      </testcase>
      <testcase name="[sig-storage] HostPathType Character Device [Slow] Should fail on mounting character device &#39;achardev&#39; when HostPathType is HostPathBlockDev" classname="Kubernetes e2e suite" time="0">
          <skipped></skipped>
      </testcase>
      <testcase name="[sig-storage] In-tree Volumes [Driver: local][LocalVolumeType: dir-link-bindmounted] [Testpattern: Dynamic PV (filesystem volmode)] volumeLimits should support volume limits [Serial]" classname="Kubernetes e2e suite" time="0">
          <skipped></skipped>
      </testcase>
      <testcase name="[sig-storage] CSI Volumes [Driver: csi-hostpath] [Testpattern: Dynamic PV (ext4)] multiVolume [Slow] should concurrently access the single read-only volume from pods on the same node" classname="Kubernetes e2e suite" time="0">
          <skipped></skipped>
      </testcase>
      <testcase name="[sig-storage] In-tree Volumes [Driver: hostPathSymlink] [Testpattern: Dynamic PV (ntfs)][Feature:Windows] subPath should fail if non-existent subpath is outside the volume [Slow][LinuxOnly]" classname="Kubernetes e2e suite" time="0">
          <skipped></skipped>
      </testcase>
      <testcase name="[sig-storage] In-tree Volumes [Driver: local][LocalVolumeType: blockfs] [Testpattern: Dynamic PV (default fs)] subPath should verify container cannot write to subpath readonly volumes [Slow]" classname="Kubernetes e2e suite" time="0">
          <skipped></skipped>
      </testcase>
      <testcase name="[sig-storage] In-tree Volumes [Driver: local][LocalVolumeType: blockfs] [Testpattern: Dynamic PV (default fs)] volumeIO should write files of various sizes, verify size, validate content [Slow][LinuxOnly]" classname="Kubernetes e2e suite" time="0">
          <skipped></skipped>
      </testcase>
      <testcase name="[sig-storage] In-tree Volumes [Driver: local][LocalVolumeType: block] [Testpattern: Dynamic PV (block volmode)] provisioning should provision storage with pvc data source" classname="Kubernetes e2e suite" time="0">
          <skipped></skipped>
      </testcase>
      <testcase name="[sig-autoscaling] [HPA] Horizontal pod autoscaling (scale resource: Custom Metrics from Stackdriver) should scale down with Custom Metric of type Object from Stackdriver [Feature:CustomMetricsAutoscaling]" classname="Kubernetes e2e suite" time="0">
          <skipped></skipped>
      </testcase>
      <testcase name="[sig-storage] Projected configMap should be consumable from pods in volume with mappings as non-root [NodeConformance] [Conformance]" classname="Kubernetes e2e suite" time="4.112555807"></testcase>
      <testcase name="[sig-cluster-lifecycle] [Feature:BootstrapTokens] should resign the bootstrap tokens when the clusterInfo ConfigMap updated [Serial][Disruptive]" classname="Kubernetes e2e suite" time="0">
          <skipped></skipped>
      </testcase>
      <testcase name="[sig-apps] ReplicaSet should serve a basic image on each replica with a public image  [Conformance]" classname="Kubernetes e2e suite" time="10.093880754"></testcase>
      <testcase name="[sig-storage] In-tree Volumes [Driver: rbd][Feature:Volumes][Serial] [Testpattern: Dynamic PV (default fs)] fsgroupchangepolicy (OnRootMismatch)[LinuxOnly], pod created with an initial fsgroup, new pod fsgroup applied to volume contents" classname="Kubernetes e2e suite" time="0">
          <skipped></skipped>
      </testcase>
      <testcase name="[sig-apps] DisruptionController should observe PodDisruptionBudget status updated [Conformance]" classname="Kubernetes e2e suite" time="6.118035067"></testcase>
      <testcase name="[sig-apps] DisruptionController should update/patch PodDisruptionBudget status [Conformance]" classname="Kubernetes e2e suite" time="4.121307768"></testcase>
      <testcase name="[sig-storage] In-tree Volumes [Driver: iscsi][Feature:Volumes] [Testpattern: Pre-provisioned PV (xfs)][Slow] volumes should store data" classname="Kubernetes e2e suite" time="0">
          <skipped></skipped>
      </testcase>
      <testcase name="[sig-storage] In-tree Volumes [Driver: iscsi][Feature:Volumes] [Testpattern: Inline-volume (default fs)] subPath should fail if non-existent subpath is outside the volume [Slow][LinuxOnly]" classname="Kubernetes e2e suite" time="0">
          <skipped></skipped>
      </testcase>
      <testcase name="[sig-storage] In-tree Volumes [Driver: ceph][Feature:Volumes][Serial] [Testpattern: Dynamic PV (default fs)] subPath should support restarting containers using file as subpath [Slow][LinuxOnly]" classname="Kubernetes e2e suite" time="0">
          <skipped></skipped>
      </testcase>
      <testcase name="[sig-storage] Volume Provisioning On Clustered Datastore [Feature:vsphere] verify dynamic provision with default parameter on clustered datastore" classname="Kubernetes e2e suite" time="0">
          <skipped></skipped>
      </testcase>
      <testcase name="[sig-storage] In-tree Volumes [Driver: rbd][Feature:Volumes][Serial] [Testpattern: Dynamic PV (xfs)][Slow] volumes should allow exec of files on the volume" classname="Kubernetes e2e suite" time="0">
          <skipped></skipped>
      </testcase>
      <testcase name="[sig-storage] In-tree Volumes [Driver: hostPathSymlink] [Testpattern: Dynamic PV (ntfs)][Feature:Windows] subPath should fail if subpath directory is outside the volume [Slow][LinuxOnly]" classname="Kubernetes e2e suite" time="0">
          <skipped></skipped>
      </testcase>
      <testcase name="[sig-storage] In-tree Volumes [Driver: aws] [Testpattern: Pre-provisioned PV (default fs)] subPath should support non-existent path" classname="Kubernetes e2e suite" time="0">
          <skipped></skipped>
      </testcase>
      <testcase name="[sig-storage] In-tree Volumes [Driver: gcepd] [Testpattern: Pre-provisioned PV (filesystem volmode)] volumeMode should not mount / map unused volumes in a pod [LinuxOnly]" classname="Kubernetes e2e suite" time="0">
          <skipped></skipped>
      </testcase>
      <testcase name="[sig-storage] PersistentVolumes-local  [Volume type: blockfswithoutformat] One pod requesting one prebound PVC should be able to mount volume and write from pod1" classname="Kubernetes e2e suite" time="0">
          <skipped></skipped>
      </testcase>
      <testcase name="[sig-storage] CSI Volumes [Driver: csi-hostpath] [Testpattern: Dynamic PV (filesystem volmode)] multiVolume [Slow] should concurrently access the volume and restored snapshot from pods on the same node [LinuxOnly][Feature:VolumeSnapshotDataSource][Feature:VolumeSourceXFS]" classname="Kubernetes e2e suite" time="0">
          <skipped></skipped>
      </testcase>
      <testcase name="[sig-storage] In-tree Volumes [Driver: local][LocalVolumeType: dir-link] [Testpattern: Dynamic PV (filesystem volmode)] multiVolume [Slow] should concurrently access the single volume from pods on different node" classname="Kubernetes e2e suite" time="0">
          <skipped></skipped>
      </testcase>
      <testcase name="[sig-storage] In-tree Volumes [Driver: windows-gcepd] [Testpattern: Pre-provisioned PV (default fs)] volumeIO should write files of various sizes, verify size, validate content [Slow][LinuxOnly]" classname="Kubernetes e2e suite" time="0">
          <skipped></skipped>
      </testcase>
      <testcase name="[sig-storage] CSI Volumes [Driver: csi-hostpath] [Testpattern: Dynamic PV (default fs)] provisioning should provision storage with snapshot data source [Feature:VolumeSnapshotDataSource]" classname="Kubernetes e2e suite" time="0">
          <skipped></skipped>
      </testcase>
      <testcase name="[sig-storage] In-tree Volumes [Driver: local][LocalVolumeType: dir-bindmounted] [Testpattern: Pre-provisioned PV (ext3)] volumes should store data" classname="Kubernetes e2e suite" time="0">
          <skipped></skipped>
      </testcase>
      <testcase name="[sig-storage] Projected configMap should be consumable from pods in volume with defaultMode set [LinuxOnly] [NodeConformance] [Conformance]" classname="Kubernetes e2e suite" time="4.138780086"></testcase>
      <testcase name="[sig-storage] In-tree Volumes [Driver: ceph][Feature:Volumes][Serial] [Testpattern: Dynamic PV (block volmode)] volume-expand should not allow expansion of pvcs without AllowVolumeExpansion property" classname="Kubernetes e2e suite" time="0">
          <skipped></skipped>
      </testcase>
      <testcase name="[sig-storage] In-tree Volumes [Driver: gcepd] [Testpattern: Dynamic PV (filesystem volmode)] volumeMode should not mount / map unused volumes in a pod [LinuxOnly]" classname="Kubernetes e2e suite" time="0">
          <skipped></skipped>
      </testcase>
      <testcase name="[sig-storage] In-tree Volumes [Driver: local][LocalVolumeType: dir-link-bindmounted] [Testpattern: Dynamic PV (xfs)][Slow] multiVolume [Slow] should access to two volumes with the same volume mode and retain data across pod recreation on different node" classname="Kubernetes e2e suite" time="0">
          <skipped></skipped>
      </testcase>
      <testcase name="[sig-storage] In-tree Volumes [Driver: local][LocalVolumeType: dir-bindmounted] [Testpattern: Dynamic PV (filesystem volmode)] multiVolume [Slow] should access to two volumes with different volume mode and retain data across pod recreation on the same node" classname="Kubernetes e2e suite" time="0">
          <skipped></skipped>
      </testcase>
      <testcase name="[sig-storage] CSI Volumes [Driver: pd.csi.storage.gke.io][Serial] [Testpattern: Dynamic PV (default fs)] subPath should fail if subpath file is outside the volume [Slow][LinuxOnly]" classname="Kubernetes e2e suite" time="0">
          <skipped></skipped>
      </testcase>
      <testcase name="[sig-storage] In-tree Volumes [Driver: hostPathSymlink] [Testpattern: Dynamic PV (default fs)] subPath should support restarting containers using file as subpath [Slow][LinuxOnly]" classname="Kubernetes e2e suite" time="0">
          <skipped></skipped>
      </testcase>
      <testcase name="[sig-storage] In-tree Volumes [Driver: ceph][Feature:Volumes][Serial] [Testpattern: Dynamic PV (block volmode)] volumeMode should fail in binding dynamic provisioned PV to PVC [Slow][LinuxOnly]" classname="Kubernetes e2e suite" time="0">
          <skipped></skipped>
      </testcase>
      <testcase name="[sig-storage] In-tree Volumes [Driver: hostPath] [Testpattern: Inline-volume (xfs)][Slow] volumes should store data" classname="Kubernetes e2e suite" time="0">
          <skipped></skipped>
      </testcase>
      <testcase name="[sig-storage] In-tree Volumes [Driver: gcepd] [Testpattern: Dynamic PV (ext4)] multiVolume [Slow] should access to two volumes with different volume mode and retain data across pod recreation on different node" classname="Kubernetes e2e suite" time="0">
          <skipped></skipped>
      </testcase>
      <testcase name="[sig-storage] Zone Support [Feature:vsphere] Verify a pod is created and attached to a dynamically created PV, based on the allowed zones and datastore specified in storage class" classname="Kubernetes e2e suite" time="0">
          <skipped></skipped>
      </testcase>
      <testcase name="[sig-storage] EmptyDir volumes should support (non-root,0777,default) [LinuxOnly] [NodeConformance] [Conformance]" classname="Kubernetes e2e suite" time="2.111026216"></testcase>
      <testcase name="[sig-storage] In-tree Volumes [Driver: local][LocalVolumeType: dir-bindmounted] [Testpattern: Dynamic PV (xfs)][Slow] multiVolume [Slow] should access to two volumes with the same volume mode and retain data across pod recreation on different node" classname="Kubernetes e2e suite" time="0">
          <skipped></skipped>
      </testcase>
      <testcase name="[sig-storage] In-tree Volumes [Driver: local][LocalVolumeType: gce-localssd-scsi-fs] [Serial] [Testpattern: Dynamic PV (ext4)] multiVolume [Slow] should access to two volumes with different volume mode and retain data across pod recreation on the same node" classname="Kubernetes e2e suite" time="0">
          <skipped></skipped>
      </testcase>
      <testcase name="[sig-storage] In-tree Volumes [Driver: local][LocalVolumeType: dir] [Testpattern: Dynamic PV (default fs)] subPath should support readOnly file specified in the volumeMount [LinuxOnly]" classname="Kubernetes e2e suite" time="0">
          <skipped></skipped>
      </testcase>
      <testcase name="[sig-storage] In-tree Volumes [Driver: emptydir] [Testpattern: Inline-volume (default fs)] subPath should support non-existent path" classname="Kubernetes e2e suite" time="0">
          <skipped></skipped>
      </testcase>
      <testcase name="[sig-storage] In-tree Volumes [Driver: rbd][Feature:Volumes][Serial] [Testpattern: Dynamic PV (default fs)] subPath should support existing directory" classname="Kubernetes e2e suite" time="0">
          <skipped></skipped>
      </testcase>
      <testcase name="[sig-storage] In-tree Volumes [Driver: iscsi][Feature:Volumes] [Testpattern: Pre-provisioned PV (block volmode)] disruptive[Disruptive][LinuxOnly] Should test that pv used in a pod that is force deleted while the kubelet is down cleans up when the kubelet returns." classname="Kubernetes e2e suite" time="0">
          <skipped></skipped>
      </testcase>
      <testcase name="[sig-storage] CSI Volumes [Driver: csi-hostpath] [Testpattern: Dynamic PV (ext4)] multiVolume [Slow] should access to two volumes with the same volume mode and retain data across pod recreation on the same node" classname="Kubernetes e2e suite" time="0">
          <skipped></skipped>
      </testcase>
      <testcase name="[sig-storage] In-tree Volumes [Driver: hostPath] [Testpattern: Inline-volume (ext3)] volumes should allow exec of files on the volume" classname="Kubernetes e2e suite" time="0">
          <skipped></skipped>
      </testcase>
      <testcase name="[sig-storage] In-tree Volumes [Driver: rbd][Feature:Volumes][Serial] [Testpattern: Pre-provisioned PV (default fs)] subPath should support existing single file [LinuxOnly]" classname="Kubernetes e2e suite" time="0">
          <skipped></skipped>
      </testcase>
      <testcase name="[sig-storage] In-tree Volumes [Driver: hostPathSymlink] [Testpattern: Dynamic PV (ext3)] volumes should store data" classname="Kubernetes e2e suite" time="0">
          <skipped></skipped>
      </testcase>
      <testcase name="[sig-storage] In-tree Volumes [Driver: nfs] [Testpattern: Pre-provisioned PV (block volmode)] multiVolume [Slow] should concurrently access the single volume from pods on different node" classname="Kubernetes e2e suite" time="0">
          <skipped></skipped>
      </testcase>
      <testcase name="[sig-storage] In-tree Volumes [Driver: windows-gcepd] [Testpattern: Dynamic PV (ntfs)][Feature:Windows] subPath should be able to unmount after the subpath directory is deleted [LinuxOnly]" classname="Kubernetes e2e suite" time="0">
          <skipped></skipped>
      </testcase>
      <testcase name="[sig-storage] In-tree Volumes [Driver: azure-disk] [Testpattern: Pre-provisioned PV (default fs)] subPath should be able to unmount after the subpath directory is deleted [LinuxOnly]" classname="Kubernetes e2e suite" time="0">
          <skipped></skipped>
      </testcase>
      <testcase name="[sig-storage] Volumes GlusterFS should be mountable" classname="Kubernetes e2e suite" time="0">
          <skipped></skipped>
      </testcase>
      <testcase name="[sig-storage] In-tree Volumes [Driver: gcepd] [Testpattern: Dynamic PV (immediate binding)] topology should fail to schedule a pod which has topologies that conflict with AllowedTopologies" classname="Kubernetes e2e suite" time="0">
          <skipped></skipped>
      </testcase>
      <testcase name="[sig-storage] In-tree Volumes [Driver: ceph][Feature:Volumes][Serial] [Testpattern: Dynamic PV (default fs)] volume-expand should not allow expansion of pvcs without AllowVolumeExpansion property" classname="Kubernetes e2e suite" time="0">
          <skipped></skipped>
      </testcase>
      <testcase name="[sig-storage] In-tree Volumes [Driver: local][LocalVolumeType: dir] [Testpattern: Dynamic PV (default fs)] subPath should support creating multiple subpath from same volumes [Slow]" classname="Kubernetes e2e suite" time="0">
          <skipped></skipped>
      </testcase>
      <testcase name="[sig-storage] In-tree Volumes [Driver: emptydir] [Testpattern: Dynamic PV (xfs)][Slow] multiVolume [Slow] should access to two volumes with the same volume mode and retain data across pod recreation on the same node" classname="Kubernetes e2e suite" time="0">
          <skipped></skipped>
      </testcase>
      <testcase name="[sig-storage] In-tree Volumes [Driver: vsphere] [Testpattern: Dynamic PV (xfs)][Slow] volumes should store data" classname="Kubernetes e2e suite" time="0">
          <skipped></skipped>
      </testcase>
      <testcase name="[sig-storage] In-tree Volumes [Driver: local][LocalVolumeType: dir-link] [Testpattern: Dynamic PV (block volmode)] disruptive[Disruptive][LinuxOnly] Should test that pv used in a pod that is force deleted while the kubelet is down cleans up when the kubelet returns." classname="Kubernetes e2e suite" time="0">
          <skipped></skipped>
      </testcase>
      <testcase name="[sig-apps] CronJob should remove from active list jobs that have been deleted" classname="Kubernetes e2e suite" time="0">
          <skipped></skipped>
      </testcase>
      <testcase name="[sig-storage] In-tree Volumes [Driver: local][LocalVolumeType: dir-bindmounted] [Testpattern: Pre-provisioned PV (default fs)] subPath should support file as subpath [LinuxOnly]" classname="Kubernetes e2e suite" time="0">
          <skipped></skipped>
      </testcase>
      <testcase name="[sig-storage] In-tree Volumes [Driver: vsphere] [Testpattern: Inline-volume (ntfs)][Feature:Windows] volumes should allow exec of files on the volume" classname="Kubernetes e2e suite" time="0">
          <skipped></skipped>
      </testcase>
      <testcase name="[sig-storage] PersistentVolumes-local  [Volume type: dir-link-bindmounted] One pod requesting one prebound PVC should be able to mount volume and write from pod1" classname="Kubernetes e2e suite" time="0">
          <skipped></skipped>
      </testcase>
      <testcase name="[sig-scheduling] SchedulerPriorities [Serial] PodTopologySpread Scoring validates pod should be preferably scheduled to node which makes the matching pods more evenly distributed" classname="Kubernetes e2e suite" time="0">
          <skipped></skipped>
      </testcase>
      <testcase name="[sig-storage] In-tree Volumes [Driver: windows-gcepd] [Testpattern: Pre-provisioned PV (filesystem volmode)] multiVolume [Slow] should concurrently access the single read-only volume from pods on the same node" classname="Kubernetes e2e suite" time="0">
          <skipped></skipped>
      </testcase>
      <testcase name="[sig-storage] CSI mock volume CSI NodeStage error cases [Slow] should retry NodeStage after NodeStage final error" classname="Kubernetes e2e suite" time="0">
          <skipped></skipped>
      </testcase>
      <testcase name="[sig-storage] Zone Support [Feature:vsphere] Verify PVC creation with incompatible datastore and zone combination specified in storage class fails" classname="Kubernetes e2e suite" time="0">
          <skipped></skipped>
      </testcase>
      <testcase name="[sig-network] Networking IPerf2 [Feature:Networking-Performance] should run iperf2" classname="Kubernetes e2e suite" time="0">
          <skipped></skipped>
      </testcase>
      <testcase name="[sig-storage] In-tree Volumes [Driver: local][LocalVolumeType: dir] [Testpattern: Dynamic PV (ext4)] multiVolume [Slow] should concurrently access the volume and its clone from pods on the same node [LinuxOnly][Feature:VolumeSnapshotDataSource][Feature:VolumeSourceXFS]" classname="Kubernetes e2e suite" time="0">
          <skipped></skipped>
      </testcase>
      <testcase name="[sig-storage] In-tree Volumes [Driver: emptydir] [Testpattern: Dynamic PV (ntfs)][Feature:Windows] subPath should unmount if pod is force deleted while kubelet is down [Disruptive][Slow][LinuxOnly]" classname="Kubernetes e2e suite" time="0">
          <skipped></skipped>
      </testcase>
      <testcase name="[sig-storage] In-tree Volumes [Driver: vsphere] [Testpattern: Dynamic PV (block volmode)] volumeMode should fail in binding dynamic provisioned PV to PVC [Slow][LinuxOnly]" classname="Kubernetes e2e suite" time="0">
          <skipped></skipped>
      </testcase>
      <testcase name="[sig-storage] CSI Volumes [Driver: csi-hostpath] [Testpattern: Dynamic PV (default fs)] volumes should store data" classname="Kubernetes e2e suite" time="0">
          <skipped></skipped>
      </testcase>
      <testcase name="[sig-storage] CSI Volumes [Driver: csi-hostpath] [Testpattern: Pre-provisioned PV (ext4)] volumes should allow exec of files on the volume" classname="Kubernetes e2e suite" time="0">
          <skipped></skipped>
      </testcase>
      <testcase name="[sig-storage] In-tree Volumes [Driver: local][LocalVolumeType: block] [Testpattern: Dynamic PV (filesystem volmode)] volumeMode should fail to use a volume in a pod with mismatched mode [Slow]" classname="Kubernetes e2e suite" time="0">
          <skipped></skipped>
      </testcase>
      <testcase name="[sig-apps] StatefulSet Basic StatefulSet functionality [StatefulSetBasic] should provide basic identity" classname="Kubernetes e2e suite" time="0">
          <skipped></skipped>
      </testcase>
      <testcase name="[sig-storage] In-tree Volumes [Driver: local][LocalVolumeType: dir] [Testpattern: Pre-provisioned PV (xfs)][Slow] volumes should store data" classname="Kubernetes e2e suite" time="0">
          <skipped></skipped>
      </testcase>
      <testcase name="[sig-storage] In-tree Volumes [Driver: windows-gcepd] [Testpattern: Pre-provisioned PV (filesystem volmode)] multiVolume [Slow] should access to two volumes with different volume mode and retain data across pod recreation on the same node" classname="Kubernetes e2e suite" time="0">
          <skipped></skipped>
      </testcase>
      <testcase name="[sig-storage] In-tree Volumes [Driver: local][LocalVolumeType: blockfs] [Testpattern: Dynamic PV (ntfs)][Feature:Windows] subPath should fail if non-existent subpath is outside the volume [Slow][LinuxOnly]" classname="Kubernetes e2e suite" time="0">
          <skipped></skipped>
      </testcase>
      <testcase name="[sig-apps] DisruptionController should block an eviction until the PDB is updated to allow it [Conformance]" classname="Kubernetes e2e suite" time="10.273430489"></testcase>
      <testcase name="[sig-storage] In-tree Volumes [Driver: local][LocalVolumeType: dir-bindmounted] [Testpattern: Pre-provisioned PV (xfs)][Slow] volumes should allow exec of files on the volume" classname="Kubernetes e2e suite" time="0">
          <skipped></skipped>
      </testcase>
      <testcase name="[sig-storage] In-tree Volumes [Driver: vsphere] [Testpattern: Dynamic PV (xfs)][Slow] multiVolume [Slow] should concurrently access the single volume from pods on different node" classname="Kubernetes e2e suite" time="0">
          <skipped></skipped>
      </testcase>
      <testcase name="[sig-storage] CSI Volumes [Driver: pd.csi.storage.gke.io][Serial] [Testpattern: Pre-provisioned PV (block volmode)] volumeMode should not mount / map unused volumes in a pod [LinuxOnly]" classname="Kubernetes e2e suite" time="0">
          <skipped></skipped>
      </testcase>
      <testcase name="[sig-network] Netpol NetworkPolicy between server and client should ensure an IP overlapping both IPBlock.CIDR and IPBlock.Except is allowed [Feature:NetworkPolicy]" classname="Kubernetes e2e suite" time="0">
          <skipped></skipped>
      </testcase>
      <testcase name="[sig-network] Services should have session affinity timeout work for NodePort service [LinuxOnly] [Conformance]" classname="Kubernetes e2e suite" time="11.3056841">
          <failure type="Failure">/workspace/src/k8s.io/kubernetes/_output/dockerized/go/src/k8s.io/kubernetes/test/e2e/framework/framework.go:630&#xA;Aug 27 12:07:44.359: Unexpected error:&#xA;    &lt;*errors.errorString | 0xc004b45fc0&gt;: {&#xA;        s: &#34;out-of-range nodePort (36333) for service&#34;,&#xA;    }&#xA;    out-of-range nodePort (36333) for service&#xA;occurred&#xA;/workspace/src/k8s.io/kubernetes/_output/dockerized/go/src/k8s.io/kubernetes/test/e2e/network/service.go:2839</failure>
          <system-out>[BeforeEach] [sig-network] Services&#xA;  /workspace/src/k8s.io/kubernetes/_output/dockerized/go/src/k8s.io/kubernetes/test/e2e/framework/framework.go:185&#xA;STEP: Creating a kubernetes client&#xA;Aug 27 12:07:36.602: INFO: &gt;&gt;&gt; kubeConfig: /tmp/kubeconfig-655963504&#xA;STEP: Building a namespace api object, basename services&#xA;STEP: Waiting for a default service account to be provisioned in namespace&#xA;[BeforeEach] [sig-network] Services&#xA;  /workspace/src/k8s.io/kubernetes/_output/dockerized/go/src/k8s.io/kubernetes/test/e2e/network/service.go:749&#xA;[It] should have session affinity timeout work for NodePort service [LinuxOnly] [Conformance]&#xA;  /workspace/src/k8s.io/kubernetes/_output/dockerized/go/src/k8s.io/kubernetes/test/e2e/framework/framework.go:630&#xA;STEP: creating service in namespace services-4269&#xA;Aug 27 12:07:36.663: INFO: The status of Pod kube-proxy-mode-detector is Pending, waiting for it to be Running (with Ready = true)&#xA;Aug 27 12:07:38.670: INFO: The status of Pod kube-proxy-mode-detector is Running (Ready = true)&#xA;Aug 27 12:07:38.674: INFO: Running &#39;/usr/local/bin/kubectl --kubeconfig=/tmp/kubeconfig-655963504 --namespace=services-4269 exec kube-proxy-mode-detector -- /bin/sh -x -c curl -q -s --connect-timeout 1 http://localhost:10249/proxyMode&#39;&#xA;Aug 27 12:07:39.129: INFO: stderr: &#34;+ curl -q -s --connect-timeout 1 http://localhost:10249/proxyMode\n&#34;&#xA;Aug 27 12:07:39.129: INFO: stdout: &#34;ipvs&#34;&#xA;Aug 27 12:07:39.129: INFO: proxyMode: ipvs&#xA;Aug 27 12:07:39.145: INFO: Waiting for pod kube-proxy-mode-detector to disappear&#xA;Aug 27 12:07:39.155: INFO: Pod kube-proxy-mode-detector no longer exists&#xA;STEP: creating service affinity-nodeport-timeout in namespace services-4269&#xA;STEP: creating replication controller affinity-nodeport-timeout in namespace services-4269&#xA;Aug 27 12:07:42.327: INFO: Creating new exec pod&#xA;Aug 27 12:07:44.359: FAIL: Unexpected error:&#xA;    &lt;*errors.errorString | 0xc004b45fc0&gt;: {&#xA;        s: &#34;out-of-range nodePort (36333) for service&#34;,&#xA;    }&#xA;    out-of-range nodePort (36333) for service&#xA;occurred&#xA;&#xA;Full Stack Trace&#xA;k8s.io/kubernetes/test/e2e/network.execAffinityTestForSessionAffinityTimeout(0xc000e134a0, 0x79ab408, 0xc002d71340, 0xc001b78500)&#xA;&#x9;/workspace/src/k8s.io/kubernetes/_output/dockerized/go/src/k8s.io/kubernetes/test/e2e/network/service.go:2839 +0x758&#xA;k8s.io/kubernetes/test/e2e/network.glob..func24.26()&#xA;&#x9;/workspace/src/k8s.io/kubernetes/_output/dockerized/go/src/k8s.io/kubernetes/test/e2e/network/service.go:1867 +0x9c&#xA;k8s.io/kubernetes/test/e2e.RunE2ETests(0xc000af8600)&#xA;&#x9;_output/dockerized/go/src/k8s.io/kubernetes/test/e2e/e2e.go:130 +0x36c&#xA;k8s.io/kubernetes/test/e2e.TestE2E(0xc000af8600)&#xA;&#x9;_output/dockerized/go/src/k8s.io/kubernetes/test/e2e/e2e_test.go:136 +0x2b&#xA;testing.tRunner(0xc000af8600, 0x72d42e8)&#xA;&#x9;/usr/local/go/src/testing/testing.go:1193 +0xef&#xA;created by testing.(*T).Run&#xA;&#x9;/usr/local/go/src/testing/testing.go:1238 +0x2b3&#xA;Aug 27 12:07:44.360: INFO: Cleaning up the exec pod&#xA;STEP: deleting ReplicationController affinity-nodeport-timeout in namespace services-4269, will wait for the garbage collector to delete the pods&#xA;Aug 27 12:07:44.443: INFO: Deleting ReplicationController affinity-nodeport-timeout took: 7.772639ms&#xA;Aug 27 12:07:44.546: INFO: Terminating ReplicationController affinity-nodeport-timeout pods took: 103.418562ms&#xA;[AfterEach] [sig-network] Services&#xA;  /workspace/src/k8s.io/kubernetes/_output/dockerized/go/src/k8s.io/kubernetes/test/e2e/framework/framework.go:186&#xA;STEP: Collecting events from namespace &#34;services-4269&#34;.&#xA;STEP: Found 30 events.&#xA;Aug 27 12:07:47.819: INFO: At 2021-08-27 12:07:36 +0000 UTC - event for kube-proxy-mode-detector: {default-scheduler } Scheduled: Successfully assigned services-4269/kube-proxy-mode-detector to instance-1&#xA;Aug 27 12:07:47.819: INFO: At 2021-08-27 12:07:37 +0000 UTC - event for kube-proxy-mode-detector: {kubelet instance-1} Started: Started container agnhost-container&#xA;Aug 27 12:07:47.819: INFO: At 2021-08-27 12:07:37 +0000 UTC - event for kube-proxy-mode-detector: {kubelet instance-1} Created: Created container agnhost-container&#xA;Aug 27 12:07:47.819: INFO: At 2021-08-27 12:07:37 +0000 UTC - event for kube-proxy-mode-detector: {kubelet instance-1} Pulled: Container image &#34;k8s.gcr.io/e2e-test-images/agnhost:2.32&#34; already present on machine&#xA;Aug 27 12:07:47.819: INFO: At 2021-08-27 12:07:39 +0000 UTC - event for affinity-nodeport-timeout: {replication-controller } SuccessfulCreate: Created pod: affinity-nodeport-timeout-nl6pw&#xA;Aug 27 12:07:47.819: INFO: At 2021-08-27 12:07:39 +0000 UTC - event for affinity-nodeport-timeout: {replication-controller } SuccessfulCreate: Created pod: affinity-nodeport-timeout-fzvx5&#xA;Aug 27 12:07:47.819: INFO: At 2021-08-27 12:07:39 +0000 UTC - event for affinity-nodeport-timeout: {replication-controller } SuccessfulCreate: Created pod: affinity-nodeport-timeout-gmsvp&#xA;Aug 27 12:07:47.819: INFO: At 2021-08-27 12:07:39 +0000 UTC - event for affinity-nodeport-timeout-fzvx5: {default-scheduler } Scheduled: Successfully assigned services-4269/affinity-nodeport-timeout-fzvx5 to instance-1&#xA;Aug 27 12:07:47.819: INFO: At 2021-08-27 12:07:39 +0000 UTC - event for affinity-nodeport-timeout-gmsvp: {default-scheduler } Scheduled: Successfully assigned services-4269/affinity-nodeport-timeout-gmsvp to instance-1&#xA;Aug 27 12:07:47.819: INFO: At 2021-08-27 12:07:39 +0000 UTC - event for affinity-nodeport-timeout-nl6pw: {default-scheduler } Scheduled: Successfully assigned services-4269/affinity-nodeport-timeout-nl6pw to instance-1&#xA;Aug 27 12:07:47.819: INFO: At 2021-08-27 12:07:40 +0000 UTC - event for affinity-nodeport-timeout-fzvx5: {kubelet instance-1} Started: Started container affinity-nodeport-timeout&#xA;Aug 27 12:07:47.819: INFO: At 2021-08-27 12:07:40 +0000 UTC - event for affinity-nodeport-timeout-fzvx5: {kubelet instance-1} Created: Created container affinity-nodeport-timeout&#xA;Aug 27 12:07:47.819: INFO: At 2021-08-27 12:07:40 +0000 UTC - event for affinity-nodeport-timeout-fzvx5: {kubelet instance-1} Pulled: Container image &#34;k8s.gcr.io/e2e-test-images/agnhost:2.32&#34; already present on machine&#xA;Aug 27 12:07:47.819: INFO: At 2021-08-27 12:07:40 +0000 UTC - event for affinity-nodeport-timeout-gmsvp: {kubelet instance-1} Created: Created container affinity-nodeport-timeout&#xA;Aug 27 12:07:47.819: INFO: At 2021-08-27 12:07:40 +0000 UTC - event for affinity-nodeport-timeout-gmsvp: {kubelet instance-1} Started: Started container affinity-nodeport-timeout&#xA;Aug 27 12:07:47.819: INFO: At 2021-08-27 12:07:40 +0000 UTC - event for affinity-nodeport-timeout-gmsvp: {kubelet instance-1} Pulled: Container image &#34;k8s.gcr.io/e2e-test-images/agnhost:2.32&#34; already present on machine&#xA;Aug 27 12:07:47.819: INFO: At 2021-08-27 12:07:40 +0000 UTC - event for affinity-nodeport-timeout-nl6pw: {kubelet instance-1} Pulled: Container image &#34;k8s.gcr.io/e2e-test-images/agnhost:2.32&#34; already present on machine&#xA;Aug 27 12:07:47.819: INFO: At 2021-08-27 12:07:40 +0000 UTC - event for affinity-nodeport-timeout-nl6pw: {kubelet instance-1} Created: Created container affinity-nodeport-timeout&#xA;Aug 27 12:07:47.819: INFO: At 2021-08-27 12:07:40 +0000 UTC - event for affinity-nodeport-timeout-nl6pw: {kubelet instance-1} Started: Started container affinity-nodeport-timeout&#xA;Aug 27 12:07:47.819: INFO: At 2021-08-27 12:07:40 +0000 UTC - event for kube-proxy-mode-detector: {kubelet instance-1} Killing: Stopping container agnhost-container&#xA;Aug 27 12:07:47.819: INFO: At 2021-08-27 12:07:42 +0000 UTC - event for execpod-affinityg7cpf: {default-scheduler } Scheduled: Successfully assigned services-4269/execpod-affinityg7cpf to instance-1&#xA;Aug 27 12:07:47.819: INFO: At 2021-08-27 12:07:42 +0000 UTC - event for kube-proxy-mode-detector: {kubelet instance-1} FailedKillPod: error killing pod: failed to &#34;KillContainer&#34; for &#34;agnhost-container&#34; with KillContainerError: &#34;rpc error: code = Unknown desc = Error response from daemon: No such container: 9dfd7f0f931990725afc9ab2db2b2ded45e365cbbf5435c89391d8d32ffdb0f8&#34;&#xA;Aug 27 12:07:47.819: INFO: At 2021-08-27 12:07:43 +0000 UTC - event for execpod-affinityg7cpf: {kubelet instance-1} Created: Created container agnhost-container&#xA;Aug 27 12:07:47.819: INFO: At 2021-08-27 12:07:43 +0000 UTC - event for execpod-affinityg7cpf: {kubelet instance-1} Started: Started container agnhost-container&#xA;Aug 27 12:07:47.819: INFO: At 2021-08-27 12:07:43 +0000 UTC - event for execpod-affinityg7cpf: {kubelet instance-1} Pulled: Container image &#34;k8s.gcr.io/e2e-test-images/agnhost:2.32&#34; already present on machine&#xA;Aug 27 12:07:47.819: INFO: At 2021-08-27 12:07:44 +0000 UTC - event for affinity-nodeport-timeout: {endpoint-controller } FailedToUpdateEndpoint: Failed to update endpoint services-4269/affinity-nodeport-timeout: Operation cannot be fulfilled on endpoints &#34;affinity-nodeport-timeout&#34;: the object has been modified; please apply your changes to the latest version and try again&#xA;Aug 27 12:07:47.819: INFO: At 2021-08-27 12:07:44 +0000 UTC - event for affinity-nodeport-timeout-fzvx5: {kubelet instance-1} Killing: Stopping container affinity-nodeport-timeout&#xA;Aug 27 12:07:47.819: INFO: At 2021-08-27 12:07:44 +0000 UTC - event for affinity-nodeport-timeout-gmsvp: {kubelet instance-1} Killing: Stopping container affinity-nodeport-timeout&#xA;Aug 27 12:07:47.820: INFO: At 2021-08-27 12:07:44 +0000 UTC - event for affinity-nodeport-timeout-nl6pw: {kubelet instance-1} Killing: Stopping container affinity-nodeport-timeout&#xA;Aug 27 12:07:47.820: INFO: At 2021-08-27 12:07:46 +0000 UTC - event for execpod-affinityg7cpf: {kubelet instance-1} Killing: Stopping container agnhost-container&#xA;Aug 27 12:07:47.822: INFO: POD  NODE  PHASE  GRACE  CONDITIONS&#xA;Aug 27 12:07:47.822: INFO: &#xA;Aug 27 12:07:47.829: INFO: &#xA;Logging node info for node instance-1&#xA;Aug 27 12:07:47.832: INFO: Node Info: &amp;Node{ObjectMeta:{instance-1    66706824-827f-43ec-951f-55d099198c49 31514 0 2021-08-27 09:44:27 +0000 UTC &lt;nil&gt; &lt;nil&gt; map[beta.kubernetes.io/arch:amd64 beta.kubernetes.io/os:linux kubernetes.io/arch:amd64 kubernetes.io/hostname:instance-1 kubernetes.io/os:linux node-role.kubernetes.io/control-plane: node-role.kubernetes.io/master: node.kubernetes.io/control-plane: node.kubernetes.io/master:] map[node.alpha.kubernetes.io/ttl:0 projectcalico.org/IPv4Address:10.140.0.2/32 projectcalico.org/IPv4IPIPTunnelAddr:172.208.23.128 volumes.kubernetes.io/controller-managed-attach-detach:true] [] []  [{kubelet Update v1 2021-08-27 09:44:27 +0000 UTC FieldsV1 {&#34;f:metadata&#34;:{&#34;f:annotations&#34;:{&#34;.&#34;:{},&#34;f:volumes.kubernetes.io/controller-managed-attach-detach&#34;:{}},&#34;f:labels&#34;:{&#34;.&#34;:{},&#34;f:beta.kubernetes.io/arch&#34;:{},&#34;f:beta.kubernetes.io/os&#34;:{},&#34;f:kubernetes.io/arch&#34;:{},&#34;f:kubernetes.io/hostname&#34;:{},&#34;f:kubernetes.io/os&#34;:{},&#34;f:node.kubernetes.io/control-plane&#34;:{},&#34;f:node.kubernetes.io/master&#34;:{}}}} } {kube-controller-manager Update v1 2021-08-27 09:44:36 +0000 UTC FieldsV1 {&#34;f:metadata&#34;:{&#34;f:annotations&#34;:{&#34;f:node.alpha.kubernetes.io/ttl&#34;:{}}}} } {calico-node Update v1 2021-08-27 09:44:41 +0000 UTC FieldsV1 {&#34;f:metadata&#34;:{&#34;f:annotations&#34;:{&#34;f:projectcalico.org/IPv4Address&#34;:{},&#34;f:projectcalico.org/IPv4IPIPTunnelAddr&#34;:{}}},&#34;f:status&#34;:{&#34;f:conditions&#34;:{&#34;k:{\&#34;type\&#34;:\&#34;NetworkUnavailable\&#34;}&#34;:{&#34;.&#34;:{},&#34;f:lastHeartbeatTime&#34;:{},&#34;f:lastTransitionTime&#34;:{},&#34;f:message&#34;:{},&#34;f:reason&#34;:{},&#34;f:status&#34;:{},&#34;f:type&#34;:{}}}}} status} {kubectl-label Update v1 2021-08-27 09:44:44 +0000 UTC FieldsV1 {&#34;f:metadata&#34;:{&#34;f:labels&#34;:{&#34;f:node-role.kubernetes.io/control-plane&#34;:{},&#34;f:node-role.kubernetes.io/master&#34;:{}}}} } {e2e.test Update v1 2021-08-27 11:04:11 +0000 UTC FieldsV1 {&#34;f:status&#34;:{&#34;f:capacity&#34;:{&#34;f:example.com/fakecpu&#34;:{}}}} status} {kubelet Update v1 2021-08-27 11:04:21 +0000 UTC FieldsV1 {&#34;f:status&#34;:{&#34;f:allocatable&#34;:{&#34;f:example.com/fakecpu&#34;:{}},&#34;f:conditions&#34;:{&#34;k:{\&#34;type\&#34;:\&#34;DiskPressure\&#34;}&#34;:{&#34;f:lastHeartbeatTime&#34;:{}},&#34;k:{\&#34;type\&#34;:\&#34;MemoryPressure\&#34;}&#34;:{&#34;f:lastHeartbeatTime&#34;:{}},&#34;k:{\&#34;type\&#34;:\&#34;PIDPressure\&#34;}&#34;:{&#34;f:lastHeartbeatTime&#34;:{}},&#34;k:{\&#34;type\&#34;:\&#34;Ready\&#34;}&#34;:{&#34;f:lastHeartbeatTime&#34;:{},&#34;f:lastTransitionTime&#34;:{},&#34;f:message&#34;:{},&#34;f:reason&#34;:{},&#34;f:status&#34;:{}}},&#34;f:images&#34;:{}}} status}]},Spec:NodeSpec{PodCIDR:,DoNotUseExternalID:,ProviderID:,Unschedulable:false,Taints:[]Taint{},ConfigSource:nil,PodCIDRs:[],},Status:NodeStatus{Capacity:ResourceList{cpu: {{4 0} {&lt;nil&gt;} 4 DecimalSI},ephemeral-storage: {{51848359936 0} {&lt;nil&gt;} 50633164Ki BinarySI},example.com/fakecpu: {{1 3} {&lt;nil&gt;} 1k DecimalSI},hugepages-1Gi: {{0 0} {&lt;nil&gt;} 0 DecimalSI},hugepages-2Mi: {{0 0} {&lt;nil&gt;} 0 DecimalSI},memory: {{16778743808 0} {&lt;nil&gt;} 16385492Ki BinarySI},pods: {{110 0} {&lt;nil&gt;} 110 DecimalSI},},Allocatable:ResourceList{cpu: {{4 0} {&lt;nil&gt;} 4 DecimalSI},ephemeral-storage: {{49255941901 0} {&lt;nil&gt;} 49255941901 DecimalSI},example.com/fakecpu: {{1 3} {&lt;nil&gt;} 1k DecimalSI},hugepages-1Gi: {{0 0} {&lt;nil&gt;} 0 DecimalSI},hugepages-2Mi: {{0 0} {&lt;nil&gt;} 0 DecimalSI},memory: {{15600144384 0} {&lt;nil&gt;} 15234516Ki BinarySI},pods: {{110 0} {&lt;nil&gt;} 110 DecimalSI},},Phase:,Conditions:[]NodeCondition{NodeCondition{Type:NetworkUnavailable,Status:False,LastHeartbeatTime:2021-08-27 09:44:41 +0000 UTC,LastTransitionTime:2021-08-27 09:44:41 +0000 UTC,Reason:CalicoIsUp,Message:Calico is running on this node,},NodeCondition{Type:MemoryPressure,Status:False,LastHeartbeatTime:2021-08-27 12:05:27 +0000 UTC,LastTransitionTime:2021-08-27 09:44:26 +0000 UTC,Reason:KubeletHasSufficientMemory,Message:kubelet has sufficient memory available,},NodeCondition{Type:DiskPressure,Status:False,LastHeartbeatTime:2021-08-27 12:05:27 +0000 UTC,LastTransitionTime:2021-08-27 09:44:26 +0000 UTC,Reason:KubeletHasNoDiskPressure,Message:kubelet has no disk pressure,},NodeCondition{Type:PIDPressure,Status:False,LastHeartbeatTime:2021-08-27 12:05:27 +0000 UTC,LastTransitionTime:2021-08-27 09:44:26 +0000 UTC,Reason:KubeletHasSufficientPID,Message:kubelet has sufficient PID available,},NodeCondition{Type:Ready,Status:True,LastHeartbeatTime:2021-08-27 12:05:27 +0000 UTC,LastTransitionTime:2021-08-27 09:44:47 +0000 UTC,Reason:KubeletReady,Message:kubelet is posting ready status. AppArmor enabled,},},Addresses:[]NodeAddress{NodeAddress{Type:InternalIP,Address:10.140.0.2,},NodeAddress{Type:Hostname,Address:instance-1,},},DaemonEndpoints:NodeDaemonEndpoints{KubeletEndpoint:DaemonEndpoint{Port:10250,},},NodeInfo:NodeSystemInfo{MachineID:9115f560b455f8c5d2b83bdfb715f3b3,SystemUUID:9115f560-b455-f8c5-d2b8-3bdfb715f3b3,BootID:3bd04ce9-2b88-452c-af59-4599689b83f3,KernelVersion:5.11.0-1017-gcp,OSImage:Ubuntu 21.04,ContainerRuntimeVersion:docker://20.10.8,KubeletVersion:v1.22.1,KubeProxyVersion:v1.22.1,OperatingSystem:linux,Architecture:amd64,},Images:[]ContainerImage{ContainerImage{Names:[slzcc/kubernetes@sha256:d938e2364017b78329200a38b8317db806fe305cf5e26c975a0298e23324fb77 slzcc/kubernetes:v1.22.1.0],SizeBytes:2296544903,},ContainerImage{Names:[quay.io/cilium/cilium:v1.10.1],SizeBytes:409321746,},ContainerImage{Names:[sonobuoy/systemd-logs@sha256:fadad24a66ddd544987c38811108a73d1a306dd3b5e3f090b207786f2825ffde sonobuoy/systemd-logs:v0.3],SizeBytes:297365055,},ContainerImage{Names:[k8s.gcr.io/etcd@sha256:9ce33ba33d8e738a5b85ed50b5080ac746deceed4a7496c550927a7a19ca3b6d k8s.gcr.io/etcd:3.5.0-0],SizeBytes:294536887,},ContainerImage{Names:[k8s.gcr.io/etcd@sha256:4ad90a11b55313b182afc186b9876c8e891531b8db4c9bf1541953021618d0e2 k8s.gcr.io/etcd:3.4.13-0],SizeBytes:253392289,},ContainerImage{Names:[k8s.gcr.io/e2e-test-images/jessie-dnsutils@sha256:702a992280fb7c3303e84a5801acbb4c9c7fcf48cffe0e9c8be3f0c60f74cf89 k8s.gcr.io/e2e-test-images/jessie-dnsutils:1.4],SizeBytes:253371792,},ContainerImage{Names:[k8s.gcr.io/etcd:3.4.9],SizeBytes:253347452,},ContainerImage{Names:[k8s.gcr.io/conformance@sha256:e22b40e1e6db0b3fcb9fd565100de0af2c525217769378a20ac4cef47f1502ce k8s.gcr.io/conformance:v1.22.1],SizeBytes:247962555,},ContainerImage{Names:[calico/node:v3.20.0],SizeBytes:169862919,},ContainerImage{Names:[calico/cni:v3.20.0],SizeBytes:146006429,},ContainerImage{Names:[k8s.gcr.io/kube-apiserver:v1.22.1],SizeBytes:128446877,},ContainerImage{Names:[k8s.gcr.io/e2e-test-images/httpd@sha256:716d2f68314c5c4ddd5ecdb45183fcb4ed8019015982c1321571f863989b70b0 k8s.gcr.io/e2e-test-images/httpd:2.4.39-1],SizeBytes:126894770,},ContainerImage{Names:[k8s.gcr.io/e2e-test-images/agnhost@sha256:758db666ac7028534dba72e7e9bb1e57bb81b8196f976f7a5cc351ef8b3529e1 k8s.gcr.io/e2e-test-images/agnhost:2.32],SizeBytes:125930239,},ContainerImage{Names:[k8s.gcr.io/e2e-test-images/httpd@sha256:b913fa234cc3473cfe16e937d106b455a7609f927f59031c81aca791e2689b50 k8s.gcr.io/e2e-test-images/httpd:2.4.38-1],SizeBytes:123781643,},ContainerImage{Names:[k8s.gcr.io/kube-controller-manager:v1.22.1],SizeBytes:121979567,},ContainerImage{Names:[k8s.gcr.io/e2e-test-images/nautilus@sha256:1f36a24cfb5e0c3f725d7565a867c2384282fcbeccc77b07b423c9da95763a9a k8s.gcr.io/e2e-test-images/nautilus:1.4],SizeBytes:121748345,},ContainerImage{Names:[k8s.gcr.io/kube-proxy:v1.22.1],SizeBytes:103645121,},ContainerImage{Names:[haproxy:2.4.2],SizeBytes:95448973,},ContainerImage{Names:[calico/kube-controllers:v3.20.0],SizeBytes:63156065,},ContainerImage{Names:[k8s.gcr.io/e2e-test-images/sample-apiserver@sha256:e7fddbaac4c3451da2365ab90bad149d32f11409738034e41e0f460927f7c276 k8s.gcr.io/e2e-test-images/sample-apiserver:1.17.4],SizeBytes:58172101,},ContainerImage{Names:[quay.io/cilium/operator-generic:v1.10.1],SizeBytes:56290965,},ContainerImage{Names:[k8s.gcr.io/kube-scheduler:v1.22.1],SizeBytes:52658888,},ContainerImage{Names:[coredns/coredns@sha256:6e5a02c21641597998b4be7cb5eb1e7b02c0d8d23cce4dd09f4682d463798890 k8s.gcr.io/coredns/coredns@sha256:6e5a02c21641597998b4be7cb5eb1e7b02c0d8d23cce4dd09f4682d463798890 coredns/coredns:1.8.4 k8s.gcr.io/coredns/coredns:v1.8.4],SizeBytes:47554275,},ContainerImage{Names:[coredns/coredns:1.8.3],SizeBytes:43499235,},ContainerImage{Names:[sonobuoy/sonobuoy@sha256:d393e2c862fffd0823409594f3ab8bc2524b359d9e6313ae3f9edb5d3dfa56e1 sonobuoy/sonobuoy:v0.53.2],SizeBytes:37400989,},ContainerImage{Names:[calico/pod2daemon-flexvol@sha256:c17e3e9871682bed00bfd33f8d6f00db1d1a126034a25bf5380355978e0c548d calico/pod2daemon-flexvol:v3.20.0],SizeBytes:21666928,},ContainerImage{Names:[k8s.gcr.io/e2e-test-images/nginx@sha256:503b7abb89e57383eba61cc8a9cb0b495ea575c516108f7d972a6ff6e1ab3c9b k8s.gcr.io/e2e-test-images/nginx:1.14-1],SizeBytes:16032814,},ContainerImage{Names:[slzcc/keepalived:1.2.24.1],SizeBytes:15933789,},ContainerImage{Names:[quay.io/cilium/startup-script:62bfbe88c17778aad7bef9fa57ff9e2d4a9ba0d8],SizeBytes:11739254,},ContainerImage{Names:[k8s.gcr.io/e2e-test-images/nonewprivs@sha256:8ac1264691820febacf3aea5d152cbde6d10685731ec14966a9401c6f47a68ac k8s.gcr.io/e2e-test-images/nonewprivs:1.3],SizeBytes:7107254,},ContainerImage{Names:[k8s.gcr.io/e2e-test-images/busybox@sha256:39e1e963e5310e9c313bad51523be012ede7b35bb9316517d19089a010356592 k8s.gcr.io/e2e-test-images/busybox:1.29-1],SizeBytes:1154361,},ContainerImage{Names:[k8s.gcr.io/pause@sha256:1ff6c18fbef2045af6b9c16bf034cc421a29027b800e4f9b68ae9b1cb3e9ae07 k8s.gcr.io/pause:3.5],SizeBytes:682696,},ContainerImage{Names:[k8s.gcr.io/pause:3.2],SizeBytes:682696,},},VolumesInUse:[],VolumesAttached:[]AttachedVolume{},Config:nil,},}&#xA;Aug 27 12:07:47.833: INFO: &#xA;Logging kubelet events for node instance-1&#xA;Aug 27 12:07:47.839: INFO: &#xA;Logging pods the kubelet thinks is on node instance-1&#xA;Aug 27 12:07:47.848: INFO: calico-kube-controllers-866f579489-x4bbh started at 2021-08-27 10:36:29 +0000 UTC (0+1 container statuses recorded)&#xA;Aug 27 12:07:47.848: INFO: &#x9;Container calico-kube-controllers ready: true, restart count 0&#xA;Aug 27 12:07:47.848: INFO: coredns-5449fcdd7-9wk7q started at 2021-08-27 10:36:29 +0000 UTC (0+1 container statuses recorded)&#xA;Aug 27 12:07:47.848: INFO: &#x9;Container coredns ready: true, restart count 0&#xA;Aug 27 12:07:47.848: INFO: etcd-instance-1 started at 2021-08-27 09:44:20 +0000 UTC (0+1 container statuses recorded)&#xA;Aug 27 12:07:47.848: INFO: &#x9;Container etcd ready: true, restart count 7&#xA;Aug 27 12:07:47.848: INFO: haproxy-instance-1 started at 2021-08-27 09:44:20 +0000 UTC (0+1 container statuses recorded)&#xA;Aug 27 12:07:47.848: INFO: &#x9;Container haproxy ready: true, restart count 7&#xA;Aug 27 12:07:47.848: INFO: kube-scheduler-instance-1 started at 2021-08-27 09:44:20 +0000 UTC (0+1 container statuses recorded)&#xA;Aug 27 12:07:47.848: INFO: &#x9;Container kube-scheduler ready: true, restart count 1&#xA;Aug 27 12:07:47.848: INFO: kube-proxy-45vxz started at 2021-08-27 09:44:35 +0000 UTC (0+1 container statuses recorded)&#xA;Aug 27 12:07:47.849: INFO: &#x9;Container kube-proxy ready: true, restart count 0&#xA;Aug 27 12:07:47.849: INFO: sonobuoy-e2e-job-8f4800e0b3a54e3c started at 2021-08-27 09:45:48 +0000 UTC (0+2 container statuses recorded)&#xA;Aug 27 12:07:47.849: INFO: &#x9;Container e2e ready: true, restart count 0&#xA;Aug 27 12:07:47.849: INFO: &#x9;Container sonobuoy-worker ready: true, restart count 0&#xA;Aug 27 12:07:47.849: INFO: calico-node-jtcrr started at 2021-08-27 09:44:35 +0000 UTC (3+1 container statuses recorded)&#xA;Aug 27 12:07:47.849: INFO: &#x9;Init container upgrade-ipam ready: true, restart count 0&#xA;Aug 27 12:07:47.849: INFO: &#x9;Init container install-cni ready: true, restart count 0&#xA;Aug 27 12:07:47.849: INFO: &#x9;Init container flexvol-driver ready: true, restart count 0&#xA;Aug 27 12:07:47.849: INFO: &#x9;Container calico-node ready: true, restart count 0&#xA;Aug 27 12:07:47.849: INFO: coredns-5449fcdd7-hxflz started at 2021-08-27 10:36:29 +0000 UTC (0+1 container statuses recorded)&#xA;Aug 27 12:07:47.849: INFO: &#x9;Container coredns ready: true, restart count 0&#xA;Aug 27 12:07:47.849: INFO: kube-controller-manager-instance-1 started at 2021-08-27 09:44:20 +0000 UTC (0+1 container statuses recorded)&#xA;Aug 27 12:07:47.849: INFO: &#x9;Container kube-controller-manager ready: true, restart count 1&#xA;Aug 27 12:07:47.849: INFO: kube-apiserver-instance-1 started at 2021-08-27 09:44:20 +0000 UTC (0+1 container statuses recorded)&#xA;Aug 27 12:07:47.849: INFO: &#x9;Container kube-apiserver ready: true, restart count 1&#xA;Aug 27 12:07:47.849: INFO: sonobuoy started at 2021-08-27 09:45:47 +0000 UTC (0+1 container statuses recorded)&#xA;Aug 27 12:07:47.849: INFO: &#x9;Container kube-sonobuoy ready: true, restart count 0&#xA;Aug 27 12:07:47.849: INFO: sonobuoy-systemd-logs-daemon-set-0a76f2e7c4ae491c-6jjs8 started at 2021-08-27 09:45:48 +0000 UTC (0+2 container statuses recorded)&#xA;Aug 27 12:07:47.849: INFO: &#x9;Container sonobuoy-worker ready: true, restart count 0&#xA;Aug 27 12:07:47.850: INFO: &#x9;Container systemd-logs ready: true, restart count 0&#xA;Aug 27 12:07:47.896: INFO: &#xA;Latency metrics for node instance-1&#xA;Aug 27 12:07:47.897: INFO: Waiting up to 3m0s for all (but 0) nodes to be ready&#xA;STEP: Destroying namespace &#34;services-4269&#34; for this suite.&#xA;[AfterEach] [sig-network] Services&#xA;  /workspace/src/k8s.io/kubernetes/_output/dockerized/go/src/k8s.io/kubernetes/test/e2e/network/service.go:753&#xA;</system-out>
      </testcase>
      <testcase name="[sig-storage] In-tree Volumes [Driver: local][LocalVolumeType: tmpfs] [Testpattern: Dynamic PV (ext4)] multiVolume [Slow] should access to two volumes with the same volume mode and retain data across pod recreation on different node" classname="Kubernetes e2e suite" time="0">
          <skipped></skipped>
      </testcase>
      <testcase name="[sig-node] Security Context when creating containers with AllowPrivilegeEscalation should allow privilege escalation when true [LinuxOnly] [NodeConformance]" classname="Kubernetes e2e suite" time="0">
          <skipped></skipped>
      </testcase>
      <testcase name="[sig-storage] In-tree Volumes [Driver: local][LocalVolumeType: block] [Testpattern: Dynamic PV (default fs)] volumes should allow exec of files on the volume" classname="Kubernetes e2e suite" time="0">
          <skipped></skipped>
      </testcase>
      <testcase name="[sig-storage] In-tree Volumes [Driver: aws] [Testpattern: Pre-provisioned PV (block volmode)] multiVolume [Slow] should concurrently access the volume and its clone from pods on the same node [LinuxOnly][Feature:VolumeSnapshotDataSource][Feature:VolumeSourceXFS]" classname="Kubernetes e2e suite" time="0">
          <skipped></skipped>
      </testcase>
      <testcase name="[sig-storage] In-tree Volumes [Driver: hostPathSymlink] [Testpattern: Pre-provisioned PV (default fs)] subPath should support existing directory" classname="Kubernetes e2e suite" time="0">
          <skipped></skipped>
      </testcase>
      <testcase name="[sig-storage] In-tree Volumes [Driver: iscsi][Feature:Volumes] [Testpattern: Dynamic PV (ntfs)][Feature:Windows] subPath should support existing single file [LinuxOnly]" classname="Kubernetes e2e suite" time="0">
          <skipped></skipped>
      </testcase>
      <testcase name="[sig-storage] CSI Volumes [Driver: csi-hostpath] [Testpattern: Dynamic PV (ntfs)][Feature:Windows] subPath should fail if non-existent subpath is outside the volume [Slow][LinuxOnly]" classname="Kubernetes e2e suite" time="0">
          <skipped></skipped>
      </testcase>
      <testcase name="[sig-storage] In-tree Volumes [Driver: local][LocalVolumeType: dir] [Testpattern: Inline-volume (default fs)] subPath should support existing single file [LinuxOnly]" classname="Kubernetes e2e suite" time="0">
          <skipped></skipped>
      </testcase>
      <testcase name="[sig-storage] Downward API volume should provide podname as non-root with fsgroup [LinuxOnly] [NodeFeature:FSGroup]" classname="Kubernetes e2e suite" time="0">
          <skipped></skipped>
      </testcase>
      <testcase name="[sig-storage] In-tree Volumes [Driver: iscsi][Feature:Volumes] [Testpattern: Dynamic PV (default fs)] subPath should fail if subpath file is outside the volume [Slow][LinuxOnly]" classname="Kubernetes e2e suite" time="0">
          <skipped></skipped>
      </testcase>
      <testcase name="[sig-storage] CSI Volumes [Driver: csi-hostpath] [Testpattern: Dynamic PV (block volmode)] volumeMode should fail to use a volume in a pod with mismatched mode [Slow]" classname="Kubernetes e2e suite" time="0">
          <skipped></skipped>
      </testcase>
      <testcase name="[sig-storage] In-tree Volumes [Driver: local][LocalVolumeType: tmpfs] [Testpattern: Dynamic PV (default fs)] subPath should unmount if pod is gracefully deleted while kubelet is down [Disruptive][Slow][LinuxOnly]" classname="Kubernetes e2e suite" time="0">
          <skipped></skipped>
      </testcase>
      <testcase name="[sig-storage] In-tree Volumes [Driver: local][LocalVolumeType: dir-link-bindmounted] [Testpattern: Inline-volume (ntfs)][Feature:Windows] volumes should allow exec of files on the volume" classname="Kubernetes e2e suite" time="0">
          <skipped></skipped>
      </testcase>
      <testcase name="[sig-storage] In-tree Volumes [Driver: windows-gcepd] [Testpattern: Pre-provisioned PV (ntfs)][Feature:Windows] volumes should allow exec of files on the volume" classname="Kubernetes e2e suite" time="0">
          <skipped></skipped>
      </testcase>
      <testcase name="[sig-storage] Projected secret should be consumable from pods in volume with mappings [NodeConformance] [Conformance]" classname="Kubernetes e2e suite" time="4.119537127"></testcase>
      <testcase name="[sig-storage] In-tree Volumes [Driver: local][LocalVolumeType: blockfs] [Testpattern: Dynamic PV (default fs)] provisioning should provision storage with pvc data source in parallel [Slow]" classname="Kubernetes e2e suite" time="0">
          <skipped></skipped>
      </testcase>
      <testcase name="[sig-storage] In-tree Volumes [Driver: local][LocalVolumeType: blockfs] [Testpattern: Dynamic PV (block volmode)] disruptive[Disruptive][LinuxOnly] Should test that pv written before kubelet restart is readable after restart." classname="Kubernetes e2e suite" time="0">
          <skipped></skipped>
      </testcase>
      <testcase name="[sig-apps] CronJob should support CronJob API operations [Conformance]" classname="Kubernetes e2e suite" time="0.148323752"></testcase>
      <testcase name="[sig-storage] In-tree Volumes [Driver: gcepd] [Testpattern: Pre-provisioned PV (ext3)] volumes should store data" classname="Kubernetes e2e suite" time="0">
          <skipped></skipped>
      </testcase>
      <testcase name="[sig-storage] In-tree Volumes [Driver: hostPath] [Testpattern: Pre-provisioned PV (default fs)] volumeIO should write files of various sizes, verify size, validate content [Slow][LinuxOnly]" classname="Kubernetes e2e suite" time="0">
          <skipped></skipped>
      </testcase>
      <testcase name="[sig-storage] In-tree Volumes [Driver: local][LocalVolumeType: dir-bindmounted] [Testpattern: Inline-volume (default fs)] subPath should fail if subpath file is outside the volume [Slow][LinuxOnly]" classname="Kubernetes e2e suite" time="0">
          <skipped></skipped>
      </testcase>
      <testcase name="[sig-storage] In-tree Volumes [Driver: gcepd] [Testpattern: Dynamic PV (block volmode)] multiVolume [Slow] should access to two volumes with different volume mode and retain data across pod recreation on different node" classname="Kubernetes e2e suite" time="0">
          <skipped></skipped>
      </testcase>
      <testcase name="[sig-storage] In-tree Volumes [Driver: windows-gcepd] [Testpattern: Dynamic PV (ntfs)][Feature:Windows] subPath should support restarting containers using directory as subpath [Slow]" classname="Kubernetes e2e suite" time="0">
          <skipped></skipped>
      </testcase>
      <testcase name="[sig-storage] In-tree Volumes [Driver: iscsi][Feature:Volumes] [Testpattern: Inline-volume (default fs)] subPath should support readOnly file specified in the volumeMount [LinuxOnly]" classname="Kubernetes e2e suite" time="0">
          <skipped></skipped>
      </testcase>
      <testcase name="[sig-storage] In-tree Volumes [Driver: local][LocalVolumeType: dir-link-bindmounted] [Testpattern: Dynamic PV (default fs)] subPath should support existing single file [LinuxOnly]" classname="Kubernetes e2e suite" time="0">
          <skipped></skipped>
      </testcase>
      <testcase name="[sig-storage] In-tree Volumes [Driver: windows-gcepd] [Testpattern: Pre-provisioned PV (filesystem volmode)] disruptive[Disruptive][LinuxOnly] Should test that pv written before kubelet restart is readable after restart." classname="Kubernetes e2e suite" time="0">
          <skipped></skipped>
      </testcase>
      <testcase name="[sig-node] Downward API [Serial] [Disruptive] [NodeFeature:DownwardAPIHugePages] Downward API tests for hugepages should provide container&#39;s limits.hugepages-&lt;pagesize&gt; and requests.hugepages-&lt;pagesize&gt; as env vars" classname="Kubernetes e2e suite" time="0">
          <skipped></skipped>
      </testcase>
      <testcase name="[sig-storage] In-tree Volumes [Driver: windows-gcepd] [Testpattern: Inline-volume (default fs)] subPath should fail if subpath file is outside the volume [Slow][LinuxOnly]" classname="Kubernetes e2e suite" time="0">
          <skipped></skipped>
      </testcase>
      <testcase name="[sig-storage] In-tree Volumes [Driver: local][LocalVolumeType: dir-link-bindmounted] [Testpattern: Dynamic PV (block volmode)] volumes should store data" classname="Kubernetes e2e suite" time="0">
          <skipped></skipped>
      </testcase>
      <testcase name="[sig-storage] In-tree Volumes [Driver: local][LocalVolumeType: block] [Testpattern: Dynamic PV (block volmode)] volume-expand should not allow expansion of pvcs without AllowVolumeExpansion property" classname="Kubernetes e2e suite" time="0">
          <skipped></skipped>
      </testcase>
      <testcase name="[sig-node] Probing container should *not* be restarted with a /healthz http liveness probe [NodeConformance] [Conformance]" classname="Kubernetes e2e suite" time="243.05831081"></testcase>
      <testcase name="[sig-storage] In-tree Volumes [Driver: local][LocalVolumeType: dir-link-bindmounted] [Testpattern: Dynamic PV (default fs)] provisioning should provision storage with pvc data source in parallel [Slow]" classname="Kubernetes e2e suite" time="0">
          <skipped></skipped>
      </testcase>
      <testcase name="[sig-storage] In-tree Volumes [Driver: azure-disk] [Testpattern: Inline-volume (ext4)] volumes should allow exec of files on the volume" classname="Kubernetes e2e suite" time="0">
          <skipped></skipped>
      </testcase>
      <testcase name="[sig-storage] In-tree Volumes [Driver: nfs] [Testpattern: Dynamic PV (default fs)] volume-stress multiple pods should access different volumes repeatedly [Slow] [Serial]" classname="Kubernetes e2e suite" time="0">
          <skipped></skipped>
      </testcase>
      <testcase name="[sig-storage] In-tree Volumes [Driver: aws] [Testpattern: Dynamic PV (ntfs)][Feature:Windows] provisioning should provision storage with mount options" classname="Kubernetes e2e suite" time="0">
          <skipped></skipped>
      </testcase>
      <testcase name="[sig-storage] CSI Volumes [Driver: csi-hostpath] [Testpattern: Dynamic PV (ext4)] multiVolume [Slow] should concurrently access the volume and restored snapshot from pods on the same node [LinuxOnly][Feature:VolumeSnapshotDataSource][Feature:VolumeSourceXFS]" classname="Kubernetes e2e suite" time="0">
          <skipped></skipped>
      </testcase>
      <testcase name="[sig-node] NoExecuteTaintManager Single Pod [Serial] doesn&#39;t evict pod with tolerations from tainted nodes" classname="Kubernetes e2e suite" time="0">
          <skipped></skipped>
      </testcase>
      <testcase name="[sig-scheduling] [Feature:GPUDevicePlugin] run Nvidia GPU Device Plugin tests" classname="Kubernetes e2e suite" time="0">
          <skipped></skipped>
      </testcase>
      <testcase name="[sig-storage] In-tree Volumes [Driver: ceph][Feature:Volumes][Serial] [Testpattern: Dynamic PV (ntfs)][Feature:Windows] volumes should store data" classname="Kubernetes e2e suite" time="0">
          <skipped></skipped>
      </testcase>
      <testcase name="[sig-storage] In-tree Volumes [Driver: local][LocalVolumeType: blockfs] [Testpattern: Dynamic PV (filesystem volmode)] multiVolume [Slow] should concurrently access the single volume from pods on the same node" classname="Kubernetes e2e suite" time="0">
          <skipped></skipped>
      </testcase>
      <testcase name="[sig-storage] In-tree Volumes [Driver: cinder] [Testpattern: Pre-provisioned PV (filesystem volmode)] multiVolume [Slow] should access to two volumes with different volume mode and retain data across pod recreation on different node" classname="Kubernetes e2e suite" time="0">
          <skipped></skipped>
      </testcase>
      <testcase name="[sig-storage] In-tree Volumes [Driver: gcepd] [Testpattern: Dynamic PV (block volmode)] volumes should store data" classname="Kubernetes e2e suite" time="0">
          <skipped></skipped>
      </testcase>
      <testcase name="[sig-storage] In-tree Volumes [Driver: gcepd] [Testpattern: Pre-provisioned PV (block volmode)] multiVolume [Slow] should access to two volumes with the same volume mode and retain data across pod recreation on different node" classname="Kubernetes e2e suite" time="0">
          <skipped></skipped>
      </testcase>
      <testcase name="[sig-storage] In-tree Volumes [Driver: gluster] [Testpattern: Dynamic PV (block volmode)] volumeMode should fail in binding dynamic provisioned PV to PVC [Slow][LinuxOnly]" classname="Kubernetes e2e suite" time="0">
          <skipped></skipped>
      </testcase>
      <testcase name="[sig-storage] In-tree Volumes [Driver: local][LocalVolumeType: dir-bindmounted] [Testpattern: Pre-provisioned PV (default fs)] subPath should support existing directories when readOnly specified in the volumeSource" classname="Kubernetes e2e suite" time="0">
          <skipped></skipped>
      </testcase>
      <testcase name="[sig-storage] In-tree Volumes [Driver: local][LocalVolumeType: dir-link] [Testpattern: Inline-volume (ntfs)][Feature:Windows] volumes should store data" classname="Kubernetes e2e suite" time="0">
          <skipped></skipped>
      </testcase>
      <testcase name="[sig-storage] In-tree Volumes [Driver: rbd][Feature:Volumes][Serial] [Testpattern: Pre-provisioned PV (filesystem volmode)] volumeMode should not mount / map unused volumes in a pod [LinuxOnly]" classname="Kubernetes e2e suite" time="0">
          <skipped></skipped>
      </testcase>
      <testcase name="[sig-storage] In-tree Volumes [Driver: local][LocalVolumeType: tmpfs] [Testpattern: Dynamic PV (block volmode)] provisioning should provision storage with pvc data source in parallel [Slow]" classname="Kubernetes e2e suite" time="0">
          <skipped></skipped>
      </testcase>
      <testcase name="[sig-storage] In-tree Volumes [Driver: cinder] [Testpattern: Dynamic PV (ntfs)][Feature:Windows] subPath should support creating multiple subpath from same volumes [Slow]" classname="Kubernetes e2e suite" time="0">
          <skipped></skipped>
      </testcase>
      <testcase name="[sig-storage] In-tree Volumes [Driver: local][LocalVolumeType: dir-link-bindmounted] [Testpattern: Pre-provisioned PV (default fs)] subPath should unmount if pod is force deleted while kubelet is down [Disruptive][Slow][LinuxOnly]" classname="Kubernetes e2e suite" time="0">
          <skipped></skipped>
      </testcase>
      <testcase name="[sig-api-machinery] CustomResourcePublishOpenAPI [Privileged:ClusterAdmin] works for CRD without validation schema [Conformance]" classname="Kubernetes e2e suite" time="7.957509884"></testcase>
      <testcase name="[sig-storage] In-tree Volumes [Driver: local][LocalVolumeType: dir-link-bindmounted] [Testpattern: Dynamic PV (ntfs)][Feature:Windows] subPath should fail if subpath with backstepping is outside the volume [Slow][LinuxOnly]" classname="Kubernetes e2e suite" time="0">
          <skipped></skipped>
      </testcase>
      <testcase name="[sig-storage] In-tree Volumes [Driver: local][LocalVolumeType: dir-link-bindmounted] [Testpattern: Dynamic PV (xfs)][Slow] multiVolume [Slow] should access to two volumes with the same volume mode and retain data across pod recreation on the same node" classname="Kubernetes e2e suite" time="0">
          <skipped></skipped>
      </testcase>
      <testcase name="[sig-storage] In-tree Volumes [Driver: windows-gcepd] [Testpattern: Dynamic PV (default fs)] subPath should unmount if pod is force deleted while kubelet is down [Disruptive][Slow][LinuxOnly]" classname="Kubernetes e2e suite" time="0">
          <skipped></skipped>
      </testcase>
      <testcase name="[sig-storage] In-tree Volumes [Driver: local][LocalVolumeType: gce-localssd-scsi-fs] [Serial] [Testpattern: Inline-volume (default fs)] subPath should support restarting containers using directory as subpath [Slow]" classname="Kubernetes e2e suite" time="0">
          <skipped></skipped>
      </testcase>
      <testcase name="[sig-storage] In-tree Volumes [Driver: cinder] [Testpattern: Dynamic PV (default fs)] subPath should fail if subpath directory is outside the volume [Slow][LinuxOnly]" classname="Kubernetes e2e suite" time="0">
          <skipped></skipped>
      </testcase>
      <testcase name="[sig-storage] In-tree Volumes [Driver: local][LocalVolumeType: dir-link] [Testpattern: Pre-provisioned PV (block volmode)] multiVolume [Slow] should concurrently access the single volume from pods on the same node" classname="Kubernetes e2e suite" time="0">
          <skipped></skipped>
      </testcase>
      <testcase name="[sig-storage] In-tree Volumes [Driver: vsphere] [Testpattern: Pre-provisioned PV (ext4)] volumes should store data" classname="Kubernetes e2e suite" time="0">
          <skipped></skipped>
      </testcase>
      <testcase name="[sig-storage] In-tree Volumes [Driver: gcepd] [Testpattern: Dynamic PV (ntfs)][Feature:Windows] subPath should fail if subpath with backstepping is outside the volume [Slow][LinuxOnly]" classname="Kubernetes e2e suite" time="0">
          <skipped></skipped>
      </testcase>
      <testcase name="[sig-storage] In-tree Volumes [Driver: nfs] [Testpattern: Pre-provisioned PV (default fs)] subPath should fail if non-existent subpath is outside the volume [Slow][LinuxOnly]" classname="Kubernetes e2e suite" time="0">
          <skipped></skipped>
      </testcase>
      <testcase name="[sig-storage] In-tree Volumes [Driver: local][LocalVolumeType: dir-link-bindmounted] [Testpattern: Dynamic PV (block volmode)] multiVolume [Slow] should concurrently access the single read-only volume from pods on the same node" classname="Kubernetes e2e suite" time="0">
          <skipped></skipped>
      </testcase>
      <testcase name="[sig-storage] In-tree Volumes [Driver: nfs] [Testpattern: Dynamic PV (default fs)] subPath should support restarting containers using file as subpath [Slow][LinuxOnly]" classname="Kubernetes e2e suite" time="0">
          <skipped></skipped>
      </testcase>
      <testcase name="[sig-storage] In-tree Volumes [Driver: vsphere] [Testpattern: Pre-provisioned PV (ext3)] volumes should allow exec of files on the volume" classname="Kubernetes e2e suite" time="0">
          <skipped></skipped>
      </testcase>
      <testcase name="[sig-storage] In-tree Volumes [Driver: local][LocalVolumeType: dir] [Testpattern: Pre-provisioned PV (xfs)][Slow] volumes should allow exec of files on the volume" classname="Kubernetes e2e suite" time="0">
          <skipped></skipped>
      </testcase>
      <testcase name="[sig-storage] In-tree Volumes [Driver: vsphere] [Testpattern: Dynamic PV (default fs)] provisioning should provision storage with pvc data source in parallel [Slow]" classname="Kubernetes e2e suite" time="0">
          <skipped></skipped>
      </testcase>
      <testcase name="[sig-auth] ServiceAccounts should set ownership and permission when RunAsUser or FsGroup is present [LinuxOnly] [NodeFeature:FSGroup]" classname="Kubernetes e2e suite" time="0">
          <skipped></skipped>
      </testcase>
      <testcase name="[sig-storage] CSI Volumes [Driver: pd.csi.storage.gke.io][Serial] [Testpattern: Pre-provisioned PV (filesystem volmode)] multiVolume [Slow] should concurrently access the single read-only volume from pods on the same node" classname="Kubernetes e2e suite" time="0">
          <skipped></skipped>
      </testcase>
      <testcase name="[sig-storage] In-tree Volumes [Driver: gcepd] [Testpattern: Dynamic PV (ext4)] multiVolume [Slow] should concurrently access the single read-only volume from pods on the same node" classname="Kubernetes e2e suite" time="0">
          <skipped></skipped>
      </testcase>
      <testcase name="[sig-storage] In-tree Volumes [Driver: ceph][Feature:Volumes][Serial] [Testpattern: Pre-provisioned PV (filesystem volmode)] multiVolume [Slow] should concurrently access the volume and restored snapshot from pods on the same node [LinuxOnly][Feature:VolumeSnapshotDataSource][Feature:VolumeSourceXFS]" classname="Kubernetes e2e suite" time="0">
          <skipped></skipped>
      </testcase>
      <testcase name="[sig-storage] Node Unregister [Feature:vsphere] [Slow] [Disruptive] node unregister" classname="Kubernetes e2e suite" time="0">
          <skipped></skipped>
      </testcase>
      <testcase name="[sig-storage] In-tree Volumes [Driver: vsphere] [Testpattern: Dynamic PV (ext4)] volumes should allow exec of files on the volume" classname="Kubernetes e2e suite" time="0">
          <skipped></skipped>
      </testcase>
      <testcase name="[sig-storage] In-tree Volumes [Driver: local][LocalVolumeType: blockfs] [Testpattern: Dynamic PV (filesystem volmode)] multiVolume [Slow] should access to two volumes with different volume mode and retain data across pod recreation on the same node" classname="Kubernetes e2e suite" time="0">
          <skipped></skipped>
      </testcase>
      <testcase name="[sig-storage] In-tree Volumes [Driver: local][LocalVolumeType: dir] [Testpattern: Dynamic PV (block volmode)] volumeMode should not mount / map unused volumes in a pod [LinuxOnly]" classname="Kubernetes e2e suite" time="0">
          <skipped></skipped>
      </testcase>
      <testcase name="[sig-storage] EmptyDir volumes should support (root,0777,default) [LinuxOnly] [NodeConformance] [Conformance]" classname="Kubernetes e2e suite" time="2.149591882"></testcase>
      <testcase name="[sig-storage] In-tree Volumes [Driver: hostPathSymlink] [Testpattern: Inline-volume (ext4)] volumes should allow exec of files on the volume" classname="Kubernetes e2e suite" time="0">
          <skipped></skipped>
      </testcase>
      <testcase name="[sig-storage] In-tree Volumes [Driver: azure-disk] [Testpattern: Dynamic PV (default fs)] subPath should fail if subpath file is outside the volume [Slow][LinuxOnly]" classname="Kubernetes e2e suite" time="0">
          <skipped></skipped>
      </testcase>
      <testcase name="[sig-windows] [Feature:Windows] SecurityContext should ignore Linux Specific SecurityContext if set" classname="Kubernetes e2e suite" time="0">
          <skipped></skipped>
      </testcase>
      <testcase name="[sig-storage] In-tree Volumes [Driver: iscsi][Feature:Volumes] [Testpattern: Pre-provisioned PV (default fs)] subPath should support creating multiple subpath from same volumes [Slow]" classname="Kubernetes e2e suite" time="0">
          <skipped></skipped>
      </testcase>
      <testcase name="[sig-storage] In-tree Volumes [Driver: rbd][Feature:Volumes][Serial] [Testpattern: Dynamic PV (filesystem volmode)] multiVolume [Slow] should access to two volumes with the same volume mode and retain data across pod recreation on the same node" classname="Kubernetes e2e suite" time="0">
          <skipped></skipped>
      </testcase>
      <testcase name="[sig-storage] In-tree Volumes [Driver: iscsi][Feature:Volumes] [Testpattern: Dynamic PV (filesystem volmode)] multiVolume [Slow] should access to two volumes with the same volume mode and retain data across pod recreation on different node" classname="Kubernetes e2e suite" time="0">
          <skipped></skipped>
      </testcase>
      <testcase name="[sig-storage] In-tree Volumes [Driver: local][LocalVolumeType: block] [Testpattern: Inline-volume (ext3)] volumes should allow exec of files on the volume" classname="Kubernetes e2e suite" time="0">
          <skipped></skipped>
      </testcase>
      <testcase name="[sig-storage] In-tree Volumes [Driver: local][LocalVolumeType: gce-localssd-scsi-fs] [Serial] [Testpattern: Inline-volume (default fs)] volumes should allow exec of files on the volume" classname="Kubernetes e2e suite" time="0">
          <skipped></skipped>
      </testcase>
      <testcase name="[sig-storage] PersistentVolumes-local  [Volume type: block] Two pods mounting a local volume one after the other should be able to write from pod1 and read from pod2" classname="Kubernetes e2e suite" time="0">
          <skipped></skipped>
      </testcase>
      <testcase name="[sig-storage] In-tree Volumes [Driver: local][LocalVolumeType: blockfs] [Testpattern: Dynamic PV (default fs)] subPath should support readOnly directory specified in the volumeMount" classname="Kubernetes e2e suite" time="0">
          <skipped></skipped>
      </testcase>
      <testcase name="[sig-storage] In-tree Volumes [Driver: nfs] [Testpattern: Dynamic PV (ext4)] multiVolume [Slow] should concurrently access the volume and restored snapshot from pods on the same node [LinuxOnly][Feature:VolumeSnapshotDataSource][Feature:VolumeSourceXFS]" classname="Kubernetes e2e suite" time="0">
          <skipped></skipped>
      </testcase>
      <testcase name="[sig-storage] In-tree Volumes [Driver: local][LocalVolumeType: dir-link] [Testpattern: Pre-provisioned PV (default fs)] subPath should support file as subpath [LinuxOnly]" classname="Kubernetes e2e suite" time="0">
          <skipped></skipped>
      </testcase>
      <testcase name="[sig-storage] In-tree Volumes [Driver: local][LocalVolumeType: dir-bindmounted] [Testpattern: Inline-volume (default fs)] subPath should support file as subpath [LinuxOnly]" classname="Kubernetes e2e suite" time="0">
          <skipped></skipped>
      </testcase>
      <testcase name="[sig-storage] In-tree Volumes [Driver: hostPathSymlink] [Testpattern: Dynamic PV (ntfs)(allowExpansion)][Feature:Windows] volume-expand should resize volume when PVC is edited while pod is using it" classname="Kubernetes e2e suite" time="0">
          <skipped></skipped>
      </testcase>
      <testcase name="[sig-storage] In-tree Volumes [Driver: cinder] [Testpattern: Dynamic PV (block volmode)] volume-expand should not allow expansion of pvcs without AllowVolumeExpansion property" classname="Kubernetes e2e suite" time="0">
          <skipped></skipped>
      </testcase>
      <testcase name="[sig-storage] In-tree Volumes [Driver: local][LocalVolumeType: block] [Testpattern: Pre-provisioned PV (block volmode)] multiVolume [Slow] should access to two volumes with the same volume mode and retain data across pod recreation on the same node" classname="Kubernetes e2e suite" time="0">
          <skipped></skipped>
      </testcase>
      <testcase name="[sig-storage] CSI Volumes [Driver: pd.csi.storage.gke.io][Serial] [Testpattern: Dynamic PV (block volmode)] disruptive[Disruptive][LinuxOnly] Should test that pv used in a pod that is force deleted while the kubelet is down cleans up when the kubelet returns." classname="Kubernetes e2e suite" time="0">
          <skipped></skipped>
      </testcase>
      <testcase name="[sig-storage] In-tree Volumes [Driver: aws] [Testpattern: Dynamic PV (default fs)(allowExpansion)] volume-expand should resize volume when PVC is edited while pod is using it" classname="Kubernetes e2e suite" time="0">
          <skipped></skipped>
      </testcase>
      <testcase name="[sig-storage] CSI Volumes [Driver: csi-hostpath] [Testpattern: Generic Ephemeral-volume (default fs) (immediate-binding)] ephemeral should support multiple inline ephemeral volumes" classname="Kubernetes e2e suite" time="0">
          <skipped></skipped>
      </testcase>
      <testcase name="[sig-storage] In-tree Volumes [Driver: cinder] [Testpattern: Inline-volume (default fs)] subPath should support restarting containers using file as subpath [Slow][LinuxOnly]" classname="Kubernetes e2e suite" time="0">
          <skipped></skipped>
      </testcase>
      <testcase name="[sig-storage] In-tree Volumes [Driver: windows-gcepd] [Testpattern: Dynamic PV (ext3)] volumes should store data" classname="Kubernetes e2e suite" time="0">
          <skipped></skipped>
      </testcase>
      <testcase name="[sig-storage] In-tree Volumes [Driver: local][LocalVolumeType: dir] [Testpattern: Dynamic PV (filesystem volmode)] multiVolume [Slow] should access to two volumes with the same volume mode and retain data across pod recreation on the same node" classname="Kubernetes e2e suite" time="0">
          <skipped></skipped>
      </testcase>
      <testcase name="[sig-storage] In-tree Volumes [Driver: azure-disk] [Testpattern: Dynamic PV (filesystem volmode)] multiVolume [Slow] should concurrently access the volume and restored snapshot from pods on the same node [LinuxOnly][Feature:VolumeSnapshotDataSource][Feature:VolumeSourceXFS]" classname="Kubernetes e2e suite" time="0">
          <skipped></skipped>
      </testcase>
      <testcase name="[sig-storage] In-tree Volumes [Driver: aws] [Testpattern: Pre-provisioned PV (default fs)] subPath should support creating multiple subpath from same volumes [Slow]" classname="Kubernetes e2e suite" time="0">
          <skipped></skipped>
      </testcase>
      <testcase name="[sig-storage] In-tree Volumes [Driver: cinder] [Testpattern: Inline-volume (ext3)] volumes should allow exec of files on the volume" classname="Kubernetes e2e suite" time="0">
          <skipped></skipped>
      </testcase>
      <testcase name="[sig-storage] In-tree Volumes [Driver: azure-disk] [Testpattern: Dynamic PV (filesystem volmode)] multiVolume [Slow] should concurrently access the single read-only volume from pods on the same node" classname="Kubernetes e2e suite" time="0">
          <skipped></skipped>
      </testcase>
      <testcase name="[sig-storage] In-tree Volumes [Driver: aws] [Testpattern: Dynamic PV (ext4)] multiVolume [Slow] should concurrently access the single volume from pods on different node" classname="Kubernetes e2e suite" time="0">
          <skipped></skipped>
      </testcase>
      <testcase name="[sig-storage] In-tree Volumes [Driver: local][LocalVolumeType: dir-link-bindmounted] [Testpattern: Dynamic PV (default fs)] volumes should allow exec of files on the volume" classname="Kubernetes e2e suite" time="0">
          <skipped></skipped>
      </testcase>
      <testcase name="[sig-scheduling] Multi-AZ Clusters should spread the pods of a service across zones [Serial]" classname="Kubernetes e2e suite" time="0">
          <skipped></skipped>
      </testcase>
      <testcase name="[sig-storage] In-tree Volumes [Driver: vsphere] [Testpattern: Pre-provisioned PV (block volmode)] volumes should store data" classname="Kubernetes e2e suite" time="0">
          <skipped></skipped>
      </testcase>
      <testcase name="[sig-storage] In-tree Volumes [Driver: aws] [Testpattern: Dynamic PV (default fs)] subPath should fail if subpath file is outside the volume [Slow][LinuxOnly]" classname="Kubernetes e2e suite" time="0">
          <skipped></skipped>
      </testcase>
      <testcase name="[sig-storage] In-tree Volumes [Driver: cinder] [Testpattern: Pre-provisioned PV (default fs)] subPath should support creating multiple subpath from same volumes [Slow]" classname="Kubernetes e2e suite" time="0">
          <skipped></skipped>
      </testcase>
      <testcase name="[sig-storage] In-tree Volumes [Driver: local][LocalVolumeType: tmpfs] [Testpattern: Dynamic PV (ntfs)][Feature:Windows] subPath should support readOnly file specified in the volumeMount [LinuxOnly]" classname="Kubernetes e2e suite" time="0">
          <skipped></skipped>
      </testcase>
      <testcase name="[sig-network] DNS should provide DNS for the cluster [Provider:GCE]" classname="Kubernetes e2e suite" time="0">
          <skipped></skipped>
      </testcase>
      <testcase name="[sig-storage] In-tree Volumes [Driver: iscsi][Feature:Volumes] [Testpattern: Pre-provisioned PV (filesystem volmode)] multiVolume [Slow] should concurrently access the single volume from pods on different node" classname="Kubernetes e2e suite" time="0">
          <skipped></skipped>
      </testcase>
      <testcase name="[sig-storage] In-tree Volumes [Driver: local][LocalVolumeType: dir-link] [Testpattern: Pre-provisioned PV (default fs)] subPath should support non-existent path" classname="Kubernetes e2e suite" time="0">
          <skipped></skipped>
      </testcase>
      <testcase name="[sig-apps] ReplicaSet Replace and Patch tests [Conformance]" classname="Kubernetes e2e suite" time="6.972823359"></testcase>
      <testcase name="[sig-apps] DaemonRestart [Disruptive] Kube-proxy should recover after being killed accidentally" classname="Kubernetes e2e suite" time="0">
          <skipped></skipped>
      </testcase>
      <testcase name="[sig-storage] In-tree Volumes [Driver: hostPath] [Testpattern: Dynamic PV (block volmode)] provisioning should provision storage with snapshot data source [Feature:VolumeSnapshotDataSource]" classname="Kubernetes e2e suite" time="0">
          <skipped></skipped>
      </testcase>
      <testcase name="[sig-storage] PV Protection Verify &#34;immediate&#34; deletion of a PV that is not bound to a PVC" classname="Kubernetes e2e suite" time="0">
          <skipped></skipped>
      </testcase>
      <testcase name="[sig-storage] Dynamic Provisioning DynamicProvisioner Default should be disabled by changing the default annotation [Serial] [Disruptive]" classname="Kubernetes e2e suite" time="0">
          <skipped></skipped>
      </testcase>
      <testcase name="[sig-storage] In-tree Volumes [Driver: local][LocalVolumeType: dir-bindmounted] [Testpattern: Inline-volume (ext4)] volumes should allow exec of files on the volume" classname="Kubernetes e2e suite" time="0">
          <skipped></skipped>
      </testcase>
      <testcase name="[sig-storage] In-tree Volumes [Driver: emptydir] [Testpattern: Inline-volume (default fs)] subPath should be able to unmount after the subpath directory is deleted [LinuxOnly]" classname="Kubernetes e2e suite" time="0">
          <skipped></skipped>
      </testcase>
      <testcase name="[sig-storage] In-tree Volumes [Driver: local][LocalVolumeType: blockfs] [Testpattern: Dynamic PV (xfs)][Slow] multiVolume [Slow] should access to two volumes with different volume mode and retain data across pod recreation on different node" classname="Kubernetes e2e suite" time="0">
          <skipped></skipped>
      </testcase>
      <testcase name="[sig-api-machinery] client-go should negotiate watch and report errors with accept &#34;application/json,application/vnd.kubernetes.protobuf&#34;" classname="Kubernetes e2e suite" time="0">
          <skipped></skipped>
      </testcase>
      <testcase name="[sig-storage] CSI Volumes [Driver: pd.csi.storage.gke.io][Serial] [Testpattern: Dynamic PV (ntfs)][Feature:Windows] subPath should be able to unmount after the subpath directory is deleted [LinuxOnly]" classname="Kubernetes e2e suite" time="0">
          <skipped></skipped>
      </testcase>
      <testcase name="[sig-storage] In-tree Volumes [Driver: local][LocalVolumeType: dir] [Testpattern: Dynamic PV (default fs)] subPath should fail if non-existent subpath is outside the volume [Slow][LinuxOnly]" classname="Kubernetes e2e suite" time="0">
          <skipped></skipped>
      </testcase>
      <testcase name="[sig-network] Services should be able to update service type to NodePort listening on same port number but different protocols" classname="Kubernetes e2e suite" time="0">
          <skipped></skipped>
      </testcase>
      <testcase name="[sig-network] Netpol NetworkPolicy between server and client should enforce policy to allow traffic from pods within server namespace based on PodSelector [Feature:NetworkPolicy]" classname="Kubernetes e2e suite" time="0">
          <skipped></skipped>
      </testcase>
      <testcase name="[sig-storage] In-tree Volumes [Driver: gluster] [Testpattern: Dynamic PV (filesystem volmode)] multiVolume [Slow] should concurrently access the single volume from pods on different node" classname="Kubernetes e2e suite" time="0">
          <skipped></skipped>
      </testcase>
      <testcase name="[sig-storage] In-tree Volumes [Driver: iscsi][Feature:Volumes] [Testpattern: Dynamic PV (default fs)] subPath should support restarting containers using directory as subpath [Slow]" classname="Kubernetes e2e suite" time="0">
          <skipped></skipped>
      </testcase>
      <testcase name="[sig-storage] In-tree Volumes [Driver: ceph][Feature:Volumes][Serial] [Testpattern: Pre-provisioned PV (filesystem volmode)] multiVolume [Slow] should access to two volumes with the same volume mode and retain data across pod recreation on different node" classname="Kubernetes e2e suite" time="0">
          <skipped></skipped>
      </testcase>
      <testcase name="[sig-storage] In-tree Volumes [Driver: hostPath] [Testpattern: Pre-provisioned PV (block volmode)] multiVolume [Slow] should concurrently access the single volume from pods on the same node" classname="Kubernetes e2e suite" time="0">
          <skipped></skipped>
      </testcase>
      <testcase name="[sig-storage] In-tree Volumes [Driver: aws] [Testpattern: Dynamic PV (default fs)] subPath should support existing directory" classname="Kubernetes e2e suite" time="0">
          <skipped></skipped>
      </testcase>
      <testcase name="[sig-network] Netpol NetworkPolicy between server and client should enforce policy to allow ingress traffic for a target [Feature:NetworkPolicy] " classname="Kubernetes e2e suite" time="0">
          <skipped></skipped>
      </testcase>
      <testcase name="[sig-storage] In-tree Volumes [Driver: local][LocalVolumeType: dir] [Testpattern: Pre-provisioned PV (default fs)] volumes should allow exec of files on the volume" classname="Kubernetes e2e suite" time="0">
          <skipped></skipped>
      </testcase>
      <testcase name="[sig-storage] In-tree Volumes [Driver: local][LocalVolumeType: blockfs] [Testpattern: Pre-provisioned PV (filesystem volmode)] multiVolume [Slow] should concurrently access the single volume from pods on the same node" classname="Kubernetes e2e suite" time="0">
          <skipped></skipped>
      </testcase>
      <testcase name="[sig-storage] In-tree Volumes [Driver: rbd][Feature:Volumes][Serial] [Testpattern: Pre-provisioned PV (default fs)] subPath should support file as subpath [LinuxOnly]" classname="Kubernetes e2e suite" time="0">
          <skipped></skipped>
      </testcase>
      <testcase name="[sig-storage] In-tree Volumes [Driver: vsphere] [Testpattern: Dynamic PV (default fs)] provisioning should provision storage with snapshot data source [Feature:VolumeSnapshotDataSource]" classname="Kubernetes e2e suite" time="0">
          <skipped></skipped>
      </testcase>
      <testcase name="[sig-storage] HostPathType File [Slow] Should fail on mounting non-existent file &#39;does-not-exist-file&#39; when HostPathType is HostPathFile" classname="Kubernetes e2e suite" time="0">
          <skipped></skipped>
      </testcase>
      <testcase name="[sig-storage] CSI Volumes [Driver: csi-hostpath] [Testpattern: Generic Ephemeral-volume (default fs) (immediate-binding)] ephemeral should support two pods which share the same volume" classname="Kubernetes e2e suite" time="0">
          <skipped></skipped>
      </testcase>
      <testcase name="[sig-storage] In-tree Volumes [Driver: nfs] [Testpattern: Dynamic PV (ntfs)][Feature:Windows] subPath should unmount if pod is gracefully deleted while kubelet is down [Disruptive][Slow][LinuxOnly]" classname="Kubernetes e2e suite" time="0">
          <skipped></skipped>
      </testcase>
      <testcase name="[sig-storage] In-tree Volumes [Driver: local][LocalVolumeType: block] [Testpattern: Pre-provisioned PV (default fs)] subPath should support existing directories when readOnly specified in the volumeSource" classname="Kubernetes e2e suite" time="0">
          <skipped></skipped>
      </testcase>
      <testcase name="[sig-storage] In-tree Volumes [Driver: gcepd] [Testpattern: Pre-provisioned PV (block volmode)] volumes should store data" classname="Kubernetes e2e suite" time="0">
          <skipped></skipped>
      </testcase>
      <testcase name="[sig-storage] In-tree Volumes [Driver: local][LocalVolumeType: tmpfs] [Testpattern: Dynamic PV (xfs)][Slow] multiVolume [Slow] should concurrently access the volume and restored snapshot from pods on the same node [LinuxOnly][Feature:VolumeSnapshotDataSource][Feature:VolumeSourceXFS]" classname="Kubernetes e2e suite" time="0">
          <skipped></skipped>
      </testcase>
      <testcase name="[sig-storage] In-tree Volumes [Driver: aws] [Testpattern: Dynamic PV (ntfs)][Feature:Windows] subPath should fail if subpath file is outside the volume [Slow][LinuxOnly]" classname="Kubernetes e2e suite" time="0">
          <skipped></skipped>
      </testcase>
      <testcase name="[sig-storage] In-tree Volumes [Driver: gcepd] [Testpattern: Dynamic PV (filesystem volmode)] disruptive[Disruptive][LinuxOnly] Should test that pv written before kubelet restart is readable after restart." classname="Kubernetes e2e suite" time="0">
          <skipped></skipped>
      </testcase>
      <testcase name="[sig-storage] In-tree Volumes [Driver: local][LocalVolumeType: dir] [Testpattern: Inline-volume (xfs)][Slow] volumes should allow exec of files on the volume" classname="Kubernetes e2e suite" time="0">
          <skipped></skipped>
      </testcase>
      <testcase name="[sig-storage] In-tree Volumes [Driver: local][LocalVolumeType: dir-link] [Testpattern: Dynamic PV (default fs)] volume-stress multiple pods should access different volumes repeatedly [Slow] [Serial]" classname="Kubernetes e2e suite" time="0">
          <skipped></skipped>
      </testcase>
      <testcase name="[sig-storage] In-tree Volumes [Driver: local][LocalVolumeType: dir-link] [Testpattern: Dynamic PV (immediate binding)] topology should fail to schedule a pod which has topologies that conflict with AllowedTopologies" classname="Kubernetes e2e suite" time="0">
          <skipped></skipped>
      </testcase>
      <testcase name="[sig-storage] In-tree Volumes [Driver: gluster] [Testpattern: Dynamic PV (filesystem volmode)] multiVolume [Slow] should concurrently access the single volume from pods on the same node" classname="Kubernetes e2e suite" time="0">
          <skipped></skipped>
      </testcase>
      <testcase name="[sig-storage] In-tree Volumes [Driver: hostPath] [Testpattern: Dynamic PV (ext4)] multiVolume [Slow] should access to two volumes with different volume mode and retain data across pod recreation on different node" classname="Kubernetes e2e suite" time="0">
          <skipped></skipped>
      </testcase>
      <testcase name="[sig-storage] In-tree Volumes [Driver: hostPath] [Testpattern: Pre-provisioned PV (block volmode)] multiVolume [Slow] should access to two volumes with different volume mode and retain data across pod recreation on different node" classname="Kubernetes e2e suite" time="0">
          <skipped></skipped>
      </testcase>
      <testcase name="[sig-storage] In-tree Volumes [Driver: vsphere] [Testpattern: Dynamic PV (ext4)] multiVolume [Slow] should concurrently access the single volume from pods on the same node" classname="Kubernetes e2e suite" time="0">
          <skipped></skipped>
      </testcase>
      <testcase name="[sig-storage] In-tree Volumes [Driver: local][LocalVolumeType: dir-bindmounted] [Testpattern: Pre-provisioned PV (default fs)] subPath should support existing directory" classname="Kubernetes e2e suite" time="0">
          <skipped></skipped>
      </testcase>
      <testcase name="[sig-storage] In-tree Volumes [Driver: vsphere] [Testpattern: Dynamic PV (delayed binding)] topology should provision a volume and schedule a pod with AllowedTopologies" classname="Kubernetes e2e suite" time="0">
          <skipped></skipped>
      </testcase>
      <testcase name="[sig-storage] In-tree Volumes [Driver: local][LocalVolumeType: dir-link-bindmounted] [Testpattern: Pre-provisioned PV (block volmode)] volumeMode should fail to create pod by failing to mount volume [Slow]" classname="Kubernetes e2e suite" time="0">
          <skipped></skipped>
      </testcase>
      <testcase name="[sig-storage] In-tree Volumes [Driver: local][LocalVolumeType: block] [Testpattern: Dynamic PV (block volmode)] multiVolume [Slow] should access to two volumes with different volume mode and retain data across pod recreation on different node" classname="Kubernetes e2e suite" time="0">
          <skipped></skipped>
      </testcase>
      <testcase name="[sig-storage] In-tree Volumes [Driver: ceph][Feature:Volumes][Serial] [Testpattern: Dynamic PV (immediate binding)] topology should provision a volume and schedule a pod with AllowedTopologies" classname="Kubernetes e2e suite" time="0">
          <skipped></skipped>
      </testcase>
      <testcase name="[sig-storage] In-tree Volumes [Driver: hostPath] [Testpattern: Dynamic PV (ntfs)][Feature:Windows] subPath should fail if non-existent subpath is outside the volume [Slow][LinuxOnly]" classname="Kubernetes e2e suite" time="0">
          <skipped></skipped>
      </testcase>
      <testcase name="[sig-storage] In-tree Volumes [Driver: azure-disk] [Testpattern: Pre-provisioned PV (default fs)] subPath should support non-existent path" classname="Kubernetes e2e suite" time="0">
          <skipped></skipped>
      </testcase>
      <testcase name="[sig-storage] In-tree Volumes [Driver: hostPath] [Testpattern: Inline-volume (default fs)] subPath should support restarting containers using directory as subpath [Slow]" classname="Kubernetes e2e suite" time="0">
          <skipped></skipped>
      </testcase>
      <testcase name="[sig-network] Loadbalancing: L7 GCE [Slow] [Feature:NEG] [Flaky] should sync endpoints for both Ingress-referenced NEG and standalone NEG" classname="Kubernetes e2e suite" time="0">
          <skipped></skipped>
      </testcase>
      <testcase name="[sig-storage] In-tree Volumes [Driver: rbd][Feature:Volumes][Serial] [Testpattern: Dynamic PV (delayed binding)] topology should fail to schedule a pod which has topologies that conflict with AllowedTopologies" classname="Kubernetes e2e suite" time="0">
          <skipped></skipped>
      </testcase>
      <testcase name="[sig-storage] In-tree Volumes [Driver: local][LocalVolumeType: dir-bindmounted] [Testpattern: Dynamic PV (ntfs)][Feature:Windows] subPath should support readOnly directory specified in the volumeMount" classname="Kubernetes e2e suite" time="0">
          <skipped></skipped>
      </testcase>
      <testcase name="[sig-storage] In-tree Volumes [Driver: iscsi][Feature:Volumes] [Testpattern: Pre-provisioned PV (filesystem volmode)] multiVolume [Slow] should concurrently access the single volume from pods on the same node" classname="Kubernetes e2e suite" time="0">
          <skipped></skipped>
      </testcase>
      <testcase name="[sig-storage] In-tree Volumes [Driver: windows-gcepd] [Testpattern: Dynamic PV (ntfs)][Feature:Windows] volume-expand should not allow expansion of pvcs without AllowVolumeExpansion property" classname="Kubernetes e2e suite" time="0">
          <skipped></skipped>
      </testcase>
      <testcase name="[sig-node] Pods Extended Pod Container lifecycle should not create extra sandbox if all containers are done" classname="Kubernetes e2e suite" time="0">
          <skipped></skipped>
      </testcase>
      <testcase name="[sig-storage] In-tree Volumes [Driver: windows-gcepd] [Testpattern: Pre-provisioned PV (ntfs)][Feature:Windows] volumes should store data" classname="Kubernetes e2e suite" time="0">
          <skipped></skipped>
      </testcase>
      <testcase name="[sig-storage] In-tree Volumes [Driver: gcepd] [Testpattern: Dynamic PV (default fs)] fsgroupchangepolicy (Always)[LinuxOnly], pod created with an initial fsgroup, volume contents ownership changed in first pod, new pod with same fsgroup applied to the volume contents" classname="Kubernetes e2e suite" time="0">
          <skipped></skipped>
      </testcase>
      <testcase name="[sig-storage] In-tree Volumes [Driver: local][LocalVolumeType: dir-link-bindmounted] [Testpattern: Inline-volume (ntfs)][Feature:Windows] volumes should store data" classname="Kubernetes e2e suite" time="0">
          <skipped></skipped>
      </testcase>
      <testcase name="[sig-storage] In-tree Volumes [Driver: ceph][Feature:Volumes][Serial] [Testpattern: Inline-volume (default fs)] subPath should support creating multiple subpath from same volumes [Slow]" classname="Kubernetes e2e suite" time="0">
          <skipped></skipped>
      </testcase>
      <testcase name="[sig-storage] In-tree Volumes [Driver: emptydir] [Testpattern: Dynamic PV (default fs)] fsgroupchangepolicy (Always)[LinuxOnly], pod created with an initial fsgroup, volume contents ownership changed in first pod, new pod with same fsgroup applied to the volume contents" classname="Kubernetes e2e suite" time="0">
          <skipped></skipped>
      </testcase>
      <testcase name="[sig-storage] PersistentVolumes:vsphere [Feature:vsphere] should test that deleting the Namespace of a PVC and Pod causes the successful detach of vsphere volume" classname="Kubernetes e2e suite" time="0">
          <skipped></skipped>
      </testcase>
      <testcase name="[sig-storage] In-tree Volumes [Driver: local][LocalVolumeType: dir] [Testpattern: Dynamic PV (ntfs)][Feature:Windows] subPath should verify container cannot write to subpath readonly volumes [Slow]" classname="Kubernetes e2e suite" time="0">
          <skipped></skipped>
      </testcase>
      <testcase name="[sig-storage] In-tree Volumes [Driver: rbd][Feature:Volumes][Serial] [Testpattern: Dynamic PV (ntfs)][Feature:Windows] subPath should support existing single file [LinuxOnly]" classname="Kubernetes e2e suite" time="0">
          <skipped></skipped>
      </testcase>
      <testcase name="[sig-storage] In-tree Volumes [Driver: hostPathSymlink] [Testpattern: Dynamic PV (ext4)] multiVolume [Slow] should access to two volumes with different volume mode and retain data across pod recreation on different node" classname="Kubernetes e2e suite" time="0">
          <skipped></skipped>
      </testcase>
      <testcase name="[sig-storage] In-tree Volumes [Driver: local][LocalVolumeType: gce-localssd-scsi-fs] [Serial] [Testpattern: Pre-provisioned PV (block volmode)] multiVolume [Slow] should concurrently access the volume and its clone from pods on the same node [LinuxOnly][Feature:VolumeSnapshotDataSource][Feature:VolumeSourceXFS]" classname="Kubernetes e2e suite" time="0">
          <skipped></skipped>
      </testcase>
      <testcase name="[sig-storage] In-tree Volumes [Driver: gluster] [Testpattern: Dynamic PV (default fs)] subPath should fail if subpath file is outside the volume [Slow][LinuxOnly]" classname="Kubernetes e2e suite" time="0">
          <skipped></skipped>
      </testcase>
      <testcase name="[sig-cloud-provider-gcp] Downgrade [Feature:Downgrade] cluster downgrade should maintain a functioning cluster [Feature:ClusterDowngrade]" classname="Kubernetes e2e suite" time="0">
          <skipped></skipped>
      </testcase>
      <testcase name="[sig-storage] In-tree Volumes [Driver: iscsi][Feature:Volumes] [Testpattern: Dynamic PV (block volmode)(allowExpansion)] volume-expand should resize volume when PVC is edited while pod is using it" classname="Kubernetes e2e suite" time="0">
          <skipped></skipped>
      </testcase>
      <testcase name="[sig-storage] In-tree Volumes [Driver: local][LocalVolumeType: dir] [Testpattern: Pre-provisioned PV (ntfs)][Feature:Windows] volumes should store data" classname="Kubernetes e2e suite" time="0">
          <skipped></skipped>
      </testcase>
      <testcase name="[sig-node] Security Context should support pod.Spec.SecurityContext.RunAsUser And pod.Spec.SecurityContext.RunAsGroup [LinuxOnly] [Conformance]" classname="Kubernetes e2e suite" time="4.106063796"></testcase>
      <testcase name="[sig-storage] In-tree Volumes [Driver: ceph][Feature:Volumes][Serial] [Testpattern: Dynamic PV (default fs)(allowExpansion)] volume-expand Verify if offline PVC expansion works" classname="Kubernetes e2e suite" time="0">
          <skipped></skipped>
      </testcase>
      <testcase name="[sig-node] ConfigMap should fail to create ConfigMap with empty key [Conformance]" classname="Kubernetes e2e suite" time="0.046870872"></testcase>
      <testcase name="[sig-storage] In-tree Volumes [Driver: local][LocalVolumeType: dir-bindmounted] [Testpattern: Dynamic PV (block volmode)(allowExpansion)] volume-expand should resize volume when PVC is edited while pod is using it" classname="Kubernetes e2e suite" time="0">
          <skipped></skipped>
      </testcase>
      <testcase name="[sig-apps] ReplicaSet should surface a failure condition on a common issue like exceeded quota" classname="Kubernetes e2e suite" time="0">
          <skipped></skipped>
      </testcase>
      <testcase name="[sig-storage] In-tree Volumes [Driver: gcepd] [Testpattern: Inline-volume (ext3)] volumes should allow exec of files on the volume" classname="Kubernetes e2e suite" time="0">
          <skipped></skipped>
      </testcase>
      <testcase name="[sig-storage] In-tree Volumes [Driver: hostPathSymlink] [Testpattern: Dynamic PV (ntfs)][Feature:Windows] subPath should support creating multiple subpath from same volumes [Slow]" classname="Kubernetes e2e suite" time="0">
          <skipped></skipped>
      </testcase>
      <testcase name="[sig-storage] CSI Volumes [Driver: pd.csi.storage.gke.io][Serial] [Testpattern: Dynamic PV (ext4)] multiVolume [Slow] should concurrently access the single read-only volume from pods on the same node" classname="Kubernetes e2e suite" time="0">
          <skipped></skipped>
      </testcase>
      <testcase name="[sig-storage] In-tree Volumes [Driver: gcepd] [Testpattern: Dynamic PV (ntfs)][Feature:Windows] subPath should support existing directories when readOnly specified in the volumeSource" classname="Kubernetes e2e suite" time="0">
          <skipped></skipped>
      </testcase>
      <testcase name="[sig-storage] CSI Volumes [Driver: pd.csi.storage.gke.io][Serial] [Testpattern: Dynamic PV (default fs)] provisioning should provision storage with pvc data source" classname="Kubernetes e2e suite" time="0">
          <skipped></skipped>
      </testcase>
      <testcase name="[sig-storage] In-tree Volumes [Driver: vsphere] [Testpattern: Pre-provisioned PV (block volmode)] multiVolume [Slow] should concurrently access the single read-only volume from pods on the same node" classname="Kubernetes e2e suite" time="0">
          <skipped></skipped>
      </testcase>
      <testcase name="[sig-storage] In-tree Volumes [Driver: windows-gcepd] [Testpattern: Dynamic PV (default fs)] volumes should store data" classname="Kubernetes e2e suite" time="0">
          <skipped></skipped>
      </testcase>
      <testcase name="[sig-cloud-provider-gcp] Ports Security Check [Feature:KubeletSecurity] should not have port 10255 open on its all public IP addresses" classname="Kubernetes e2e suite" time="0">
          <skipped></skipped>
      </testcase>
      <testcase name="[sig-storage] In-tree Volumes [Driver: hostPathSymlink] [Testpattern: Pre-provisioned PV (default fs)] subPath should support creating multiple subpath from same volumes [Slow]" classname="Kubernetes e2e suite" time="0">
          <skipped></skipped>
      </testcase>
      <testcase name="[sig-storage] In-tree Volumes [Driver: hostPath] [Testpattern: Dynamic PV (ntfs)][Feature:Windows] subPath should be able to unmount after the subpath directory is deleted [LinuxOnly]" classname="Kubernetes e2e suite" time="0">
          <skipped></skipped>
      </testcase>
      <testcase name="[sig-storage] In-tree Volumes [Driver: windows-gcepd] [Testpattern: Dynamic PV (filesystem volmode)] volumeMode should fail to use a volume in a pod with mismatched mode [Slow]" classname="Kubernetes e2e suite" time="0">
          <skipped></skipped>
      </testcase>
      <testcase name="[sig-storage] In-tree Volumes [Driver: cinder] [Testpattern: Dynamic PV (ntfs)][Feature:Windows] subPath should support file as subpath [LinuxOnly]" classname="Kubernetes e2e suite" time="0">
          <skipped></skipped>
      </testcase>
      <testcase name="[sig-storage] Projected downwardAPI should provide container&#39;s cpu limit [NodeConformance] [Conformance]" classname="Kubernetes e2e suite" time="4.117621254"></testcase>
      <testcase name="[sig-storage] In-tree Volumes [Driver: local][LocalVolumeType: dir-bindmounted] [Testpattern: Dynamic PV (block volmode)(allowExpansion)] volume-expand Verify if offline PVC expansion works" classname="Kubernetes e2e suite" time="0">
          <skipped></skipped>
      </testcase>
      <testcase name="[sig-storage] In-tree Volumes [Driver: gluster] [Testpattern: Dynamic PV (ntfs)][Feature:Windows] volume-expand should not allow expansion of pvcs without AllowVolumeExpansion property" classname="Kubernetes e2e suite" time="0">
          <skipped></skipped>
      </testcase>
      <testcase name="[sig-storage] In-tree Volumes [Driver: hostPathSymlink] [Testpattern: Dynamic PV (default fs)] volumes should allow exec of files on the volume" classname="Kubernetes e2e suite" time="0">
          <skipped></skipped>
      </testcase>
      <testcase name="[sig-storage] In-tree Volumes [Driver: local][LocalVolumeType: block] [Testpattern: Pre-provisioned PV (filesystem volmode)] multiVolume [Slow] should access to two volumes with the same volume mode and retain data across pod recreation on different node" classname="Kubernetes e2e suite" time="0">
          <skipped></skipped>
      </testcase>
      <testcase name="[sig-storage] In-tree Volumes [Driver: local][LocalVolumeType: block] [Testpattern: Dynamic PV (ntfs)][Feature:Windows] subPath should fail if subpath with backstepping is outside the volume [Slow][LinuxOnly]" classname="Kubernetes e2e suite" time="0">
          <skipped></skipped>
      </testcase>
      <testcase name="[sig-storage] In-tree Volumes [Driver: local][LocalVolumeType: tmpfs] [Testpattern: Inline-volume (default fs)] subPath should support readOnly directory specified in the volumeMount" classname="Kubernetes e2e suite" time="0">
          <skipped></skipped>
      </testcase>
      <testcase name="[sig-storage] In-tree Volumes [Driver: hostPathSymlink] [Testpattern: Dynamic PV (default fs)] subPath should fail if non-existent subpath is outside the volume [Slow][LinuxOnly]" classname="Kubernetes e2e suite" time="0">
          <skipped></skipped>
      </testcase>
      <testcase name="[sig-storage] In-tree Volumes [Driver: nfs] [Testpattern: Pre-provisioned PV (filesystem volmode)] multiVolume [Slow] should concurrently access the single volume from pods on the same node" classname="Kubernetes e2e suite" time="0">
          <skipped></skipped>
      </testcase>
      <testcase name="[sig-storage] In-tree Volumes [Driver: local][LocalVolumeType: tmpfs] [Testpattern: Inline-volume (default fs)] volumes should allow exec of files on the volume" classname="Kubernetes e2e suite" time="0">
          <skipped></skipped>
      </testcase>
      <testcase name="[sig-storage] In-tree Volumes [Driver: rbd][Feature:Volumes][Serial] [Testpattern: Dynamic PV (default fs)] subPath should fail if non-existent subpath is outside the volume [Slow][LinuxOnly]" classname="Kubernetes e2e suite" time="0">
          <skipped></skipped>
      </testcase>
      <testcase name="[sig-storage] Regional PD RegionalPD should provision storage with delayed binding [Slow]" classname="Kubernetes e2e suite" time="0">
          <skipped></skipped>
      </testcase>
      <testcase name="[sig-storage] In-tree Volumes [Driver: local][LocalVolumeType: block] [Testpattern: Dynamic PV (default fs)] subPath should support existing single file [LinuxOnly]" classname="Kubernetes e2e suite" time="0">
          <skipped></skipped>
      </testcase>
      <testcase name="[sig-storage] In-tree Volumes [Driver: local][LocalVolumeType: gce-localssd-scsi-fs] [Serial] [Testpattern: Dynamic PV (ntfs)][Feature:Windows] subPath should support existing directories when readOnly specified in the volumeSource" classname="Kubernetes e2e suite" time="0">
          <skipped></skipped>
      </testcase>
      <testcase name="[sig-network] NetworkPolicyLegacy [LinuxOnly] NetworkPolicy between server and client should enforce policy based on NamespaceSelector with MatchExpressions[Feature:NetworkPolicy]" classname="Kubernetes e2e suite" time="0">
          <skipped></skipped>
      </testcase>
      <testcase name="[sig-storage] In-tree Volumes [Driver: emptydir] [Testpattern: Dynamic PV (block volmode)(allowExpansion)] volume-expand Verify if offline PVC expansion works" classname="Kubernetes e2e suite" time="0">
          <skipped></skipped>
      </testcase>
      <testcase name="[sig-storage] In-tree Volumes [Driver: hostPath] [Testpattern: Inline-volume (default fs)] subPath should support existing directories when readOnly specified in the volumeSource" classname="Kubernetes e2e suite" time="0">
          <skipped></skipped>
      </testcase>
      <testcase name="[sig-storage] In-tree Volumes [Driver: hostPath] [Testpattern: Dynamic PV (filesystem volmode)] volumeLimits should verify that all csinodes have volume limits" classname="Kubernetes e2e suite" time="0">
          <skipped></skipped>
      </testcase>
      <testcase name="[sig-api-machinery] ServerSideApply should work for CRDs" classname="Kubernetes e2e suite" time="0">
          <skipped></skipped>
      </testcase>
      <testcase name="[sig-storage] In-tree Volumes [Driver: iscsi][Feature:Volumes] [Testpattern: Pre-provisioned PV (default fs)] subPath should fail if subpath directory is outside the volume [Slow][LinuxOnly]" classname="Kubernetes e2e suite" time="0">
          <skipped></skipped>
      </testcase>
      <testcase name="[sig-storage] In-tree Volumes [Driver: gcepd] [Testpattern: Dynamic PV (ntfs)][Feature:Windows] subPath should support creating multiple subpath from same volumes [Slow]" classname="Kubernetes e2e suite" time="0">
          <skipped></skipped>
      </testcase>
      <testcase name="[sig-storage] In-tree Volumes [Driver: ceph][Feature:Volumes][Serial] [Testpattern: Dynamic PV (ext4)] volumes should allow exec of files on the volume" classname="Kubernetes e2e suite" time="0">
          <skipped></skipped>
      </testcase>
      <testcase name="[sig-storage] CSI Volumes [Driver: csi-hostpath] [Testpattern: Inline-volume (default fs)] subPath should support restarting containers using directory as subpath [Slow]" classname="Kubernetes e2e suite" time="0">
          <skipped></skipped>
      </testcase>
      <testcase name="[sig-storage] In-tree Volumes [Driver: emptydir] [Testpattern: Inline-volume (default fs)] subPath should unmount if pod is gracefully deleted while kubelet is down [Disruptive][Slow][LinuxOnly]" classname="Kubernetes e2e suite" time="0">
          <skipped></skipped>
      </testcase>
      <testcase name="[sig-storage] In-tree Volumes [Driver: local][LocalVolumeType: block] [Testpattern: Inline-volume (default fs)] subPath should fail if subpath file is outside the volume [Slow][LinuxOnly]" classname="Kubernetes e2e suite" time="0">
          <skipped></skipped>
      </testcase>
      <testcase name="[sig-storage] In-tree Volumes [Driver: local][LocalVolumeType: block] [Testpattern: Dynamic PV (block volmode)] multiVolume [Slow] should access to two volumes with the same volume mode and retain data across pod recreation on different node" classname="Kubernetes e2e suite" time="0">
          <skipped></skipped>
      </testcase>
      <testcase name="[sig-instrumentation] MetricsGrabber should grab all metrics from API server." classname="Kubernetes e2e suite" time="0">
          <skipped></skipped>
      </testcase>
      <testcase name="[sig-storage] In-tree Volumes [Driver: local][LocalVolumeType: dir-bindmounted] [Testpattern: Pre-provisioned PV (default fs)] subPath should fail if subpath with backstepping is outside the volume [Slow][LinuxOnly]" classname="Kubernetes e2e suite" time="0">
          <skipped></skipped>
      </testcase>
      <testcase name="[sig-storage] In-tree Volumes [Driver: windows-gcepd] [Testpattern: Dynamic PV (block volmode)] volumes should store data" classname="Kubernetes e2e suite" time="0">
          <skipped></skipped>
      </testcase>
      <testcase name="[sig-storage] In-tree Volumes [Driver: ceph][Feature:Volumes][Serial] [Testpattern: Pre-provisioned PV (filesystem volmode)] multiVolume [Slow] should concurrently access the volume and its clone from pods on the same node [LinuxOnly][Feature:VolumeSnapshotDataSource][Feature:VolumeSourceXFS]" classname="Kubernetes e2e suite" time="0">
          <skipped></skipped>
      </testcase>
      <testcase name="[sig-windows] [Feature:Windows] Memory Limits [Serial] [Slow] attempt to deploy past allocatable memory limits should fail deployments of pods once there isn&#39;t enough memory" classname="Kubernetes e2e suite" time="0">
          <skipped></skipped>
      </testcase>
      <testcase name="[sig-storage] In-tree Volumes [Driver: gcepd] [Testpattern: Pre-provisioned PV (block volmode)] disruptive[Disruptive][LinuxOnly] Should test that pv used in a pod that is deleted while the kubelet is down cleans up when the kubelet returns." classname="Kubernetes e2e suite" time="0">
          <skipped></skipped>
      </testcase>
      <testcase name="[sig-storage] In-tree Volumes [Driver: hostPath] [Testpattern: Dynamic PV (xfs)][Slow] multiVolume [Slow] should access to two volumes with different volume mode and retain data across pod recreation on the same node" classname="Kubernetes e2e suite" time="0">
          <skipped></skipped>
      </testcase>
      <testcase name="[sig-storage] CSI Volumes [Driver: pd.csi.storage.gke.io][Serial] [Testpattern: Pre-provisioned PV (ext4)] volumes should allow exec of files on the volume" classname="Kubernetes e2e suite" time="0">
          <skipped></skipped>
      </testcase>
      <testcase name="[sig-windows] [Feature:WindowsHostProcessContainers] [Excluded:WindowsDocker] [MinimumKubeletVersion:1.22] HostProcess containers should run as a process on the host/node" classname="Kubernetes e2e suite" time="0">
          <skipped></skipped>
      </testcase>
      <testcase name="[sig-storage] In-tree Volumes [Driver: emptydir] [Testpattern: Dynamic PV (block volmode)] volumes should store data" classname="Kubernetes e2e suite" time="0">
          <skipped></skipped>
      </testcase>
      <testcase name="[sig-storage] In-tree Volumes [Driver: iscsi][Feature:Volumes] [Testpattern: Dynamic PV (block volmode)] disruptive[Disruptive][LinuxOnly] Should test that pv written before kubelet restart is readable after restart." classname="Kubernetes e2e suite" time="0">
          <skipped></skipped>
      </testcase>
      <testcase name="[sig-storage] In-tree Volumes [Driver: hostPath] [Testpattern: Dynamic PV (block volmode)] volume-expand should not allow expansion of pvcs without AllowVolumeExpansion property" classname="Kubernetes e2e suite" time="0">
          <skipped></skipped>
      </testcase>
      <testcase name="[sig-storage] In-tree Volumes [Driver: azure-disk] [Testpattern: Dynamic PV (default fs)] subPath should support restarting containers using directory as subpath [Slow]" classname="Kubernetes e2e suite" time="0">
          <skipped></skipped>
      </testcase>
      <testcase name="[sig-network] Services should work after restarting kube-proxy [Disruptive]" classname="Kubernetes e2e suite" time="0">
          <skipped></skipped>
      </testcase>
      <testcase name="[sig-storage] In-tree Volumes [Driver: local][LocalVolumeType: dir] [Testpattern: Pre-provisioned PV (block volmode)] multiVolume [Slow] should access to two volumes with different volume mode and retain data across pod recreation on the same node" classname="Kubernetes e2e suite" time="0">
          <skipped></skipped>
      </testcase>
      <testcase name="[sig-storage] In-tree Volumes [Driver: iscsi][Feature:Volumes] [Testpattern: Dynamic PV (block volmode)] multiVolume [Slow] should concurrently access the volume and its clone from pods on the same node [LinuxOnly][Feature:VolumeSnapshotDataSource][Feature:VolumeSourceXFS]" classname="Kubernetes e2e suite" time="0">
          <skipped></skipped>
      </testcase>
      <testcase name="[sig-storage] In-tree Volumes [Driver: local][LocalVolumeType: dir] [Testpattern: Dynamic PV (ntfs)(allowExpansion)][Feature:Windows] volume-expand Verify if offline PVC expansion works" classname="Kubernetes e2e suite" time="0">
          <skipped></skipped>
      </testcase>
      <testcase name="[sig-storage] In-tree Volumes [Driver: cinder] [Testpattern: Dynamic PV (ntfs)][Feature:Windows] subPath should unmount if pod is gracefully deleted while kubelet is down [Disruptive][Slow][LinuxOnly]" classname="Kubernetes e2e suite" time="0">
          <skipped></skipped>
      </testcase>
      <testcase name="[sig-storage] In-tree Volumes [Driver: windows-gcepd] [Testpattern: Inline-volume (ext3)] volumes should allow exec of files on the volume" classname="Kubernetes e2e suite" time="0">
          <skipped></skipped>
      </testcase>
      <testcase name="[sig-storage] In-tree Volumes [Driver: nfs] [Testpattern: Dynamic PV (default fs)] subPath should fail if subpath with backstepping is outside the volume [Slow][LinuxOnly]" classname="Kubernetes e2e suite" time="0">
          <skipped></skipped>
      </testcase>
      <testcase name="[sig-storage] In-tree Volumes [Driver: gcepd] [Testpattern: Dynamic PV (ntfs)][Feature:Windows] subPath should support restarting containers using directory as subpath [Slow]" classname="Kubernetes e2e suite" time="0">
          <skipped></skipped>
      </testcase>
      <testcase name="[sig-storage] In-tree Volumes [Driver: local][LocalVolumeType: dir-bindmounted] [Testpattern: Pre-provisioned PV (block volmode)] multiVolume [Slow] should concurrently access the single read-only volume from pods on the same node" classname="Kubernetes e2e suite" time="0">
          <skipped></skipped>
      </testcase>
      <testcase name="[sig-storage] Ephemeralstorage When pod refers to non-existent ephemeral storage should allow deletion of pod with invalid volume : secret" classname="Kubernetes e2e suite" time="0">
          <skipped></skipped>
      </testcase>
      <testcase name="[sig-storage] In-tree Volumes [Driver: rbd][Feature:Volumes][Serial] [Testpattern: Dynamic PV (block volmode)] multiVolume [Slow] should concurrently access the volume and its clone from pods on the same node [LinuxOnly][Feature:VolumeSnapshotDataSource][Feature:VolumeSourceXFS]" classname="Kubernetes e2e suite" time="0">
          <skipped></skipped>
      </testcase>
      <testcase name="[sig-storage] In-tree Volumes [Driver: gluster] [Testpattern: Inline-volume (ext3)] volumes should allow exec of files on the volume" classname="Kubernetes e2e suite" time="0">
          <skipped></skipped>
      </testcase>
      <testcase name="[sig-storage] In-tree Volumes [Driver: local][LocalVolumeType: block] [Testpattern: Pre-provisioned PV (filesystem volmode)] disruptive[Disruptive][LinuxOnly] Should test that pv written before kubelet restart is readable after restart." classname="Kubernetes e2e suite" time="0">
          <skipped></skipped>
      </testcase>
      <testcase name="[sig-storage] In-tree Volumes [Driver: vsphere] [Testpattern: Dynamic PV (xfs)][Slow] multiVolume [Slow] should access to two volumes with different volume mode and retain data across pod recreation on different node" classname="Kubernetes e2e suite" time="0">
          <skipped></skipped>
      </testcase>
      <testcase name="[sig-storage] In-tree Volumes [Driver: cinder] [Testpattern: Dynamic PV (xfs)][Slow] multiVolume [Slow] should access to two volumes with different volume mode and retain data across pod recreation on the same node" classname="Kubernetes e2e suite" time="0">
          <skipped></skipped>
      </testcase>
      <testcase name="[sig-storage] In-tree Volumes [Driver: gluster] [Testpattern: Dynamic PV (xfs)][Slow] multiVolume [Slow] should access to two volumes with the same volume mode and retain data across pod recreation on the same node" classname="Kubernetes e2e suite" time="0">
          <skipped></skipped>
      </testcase>
      <testcase name="[sig-storage] In-tree Volumes [Driver: gluster] [Testpattern: Pre-provisioned PV (block volmode)] multiVolume [Slow] should access to two volumes with the same volume mode and retain data across pod recreation on different node" classname="Kubernetes e2e suite" time="0">
          <skipped></skipped>
      </testcase>
      <testcase name="[sig-storage] In-tree Volumes [Driver: local][LocalVolumeType: dir] [Testpattern: Pre-provisioned PV (ext4)] volumes should allow exec of files on the volume" classname="Kubernetes e2e suite" time="0">
          <skipped></skipped>
      </testcase>
      <testcase name="[sig-storage] In-tree Volumes [Driver: gcepd] [Testpattern: Pre-provisioned PV (ntfs)][Feature:Windows] volumes should allow exec of files on the volume" classname="Kubernetes e2e suite" time="0">
          <skipped></skipped>
      </testcase>
      <testcase name="[sig-storage] CSI Volumes [Driver: pd.csi.storage.gke.io][Serial] [Testpattern: Dynamic PV (delayed binding)] topology should fail to schedule a pod which has topologies that conflict with AllowedTopologies" classname="Kubernetes e2e suite" time="0">
          <skipped></skipped>
      </testcase>
      <testcase name="[sig-storage] In-tree Volumes [Driver: vsphere] [Testpattern: Pre-provisioned PV (filesystem volmode)] multiVolume [Slow] should concurrently access the single volume from pods on the same node" classname="Kubernetes e2e suite" time="0">
          <skipped></skipped>
      </testcase>
      <testcase name="[sig-storage] In-tree Volumes [Driver: aws] [Testpattern: Dynamic PV (default fs)] subPath should unmount if pod is gracefully deleted while kubelet is down [Disruptive][Slow][LinuxOnly]" classname="Kubernetes e2e suite" time="0">
          <skipped></skipped>
      </testcase>
      <testcase name="[sig-network] SCTP [Feature:SCTP] [LinuxOnly] should create a Pod with SCTP HostPort" classname="Kubernetes e2e suite" time="0">
          <skipped></skipped>
      </testcase>
      <testcase name="[sig-storage] In-tree Volumes [Driver: local][LocalVolumeType: dir-link-bindmounted] [Testpattern: Dynamic PV (filesystem volmode)] disruptive[Disruptive][LinuxOnly] Should test that pv written before kubelet restart is readable after restart." classname="Kubernetes e2e suite" time="0">
          <skipped></skipped>
      </testcase>
      <testcase name="[sig-storage] In-tree Volumes [Driver: hostPath] [Testpattern: Inline-volume (default fs)] subPath should support readOnly file specified in the volumeMount [LinuxOnly]" classname="Kubernetes e2e suite" time="0">
          <skipped></skipped>
      </testcase>
      <testcase name="[sig-network] LoadBalancers should be able to create an internal type load balancer [Slow]" classname="Kubernetes e2e suite" time="0">
          <skipped></skipped>
      </testcase>
      <testcase name="[sig-storage] In-tree Volumes [Driver: aws] [Testpattern: Inline-volume (default fs)] subPath should support restarting containers using file as subpath [Slow][LinuxOnly]" classname="Kubernetes e2e suite" time="0">
          <skipped></skipped>
      </testcase>
      <testcase name="[sig-storage] In-tree Volumes [Driver: cinder] [Testpattern: Dynamic PV (ext4)] multiVolume [Slow] should access to two volumes with different volume mode and retain data across pod recreation on the same node" classname="Kubernetes e2e suite" time="0">
          <skipped></skipped>
      </testcase>
      <testcase name="[sig-storage] CSI Volumes [Driver: pd.csi.storage.gke.io][Serial] [Testpattern: Dynamic PV (filesystem volmode)] multiVolume [Slow] should access to two volumes with different volume mode and retain data across pod recreation on different node" classname="Kubernetes e2e suite" time="0">
          <skipped></skipped>
      </testcase>
      <testcase name="[sig-storage] CSI Volumes [Driver: csi-hostpath] [Testpattern: Inline-volume (default fs)] volumeIO should write files of various sizes, verify size, validate content [Slow][LinuxOnly]" classname="Kubernetes e2e suite" time="0">
          <skipped></skipped>
      </testcase>
      <testcase name="[sig-storage] In-tree Volumes [Driver: local][LocalVolumeType: block] [Testpattern: Dynamic PV (ntfs)][Feature:Windows] volume-expand should not allow expansion of pvcs without AllowVolumeExpansion property" classname="Kubernetes e2e suite" time="0">
          <skipped></skipped>
      </testcase>
      <testcase name="[sig-storage] In-tree Volumes [Driver: rbd][Feature:Volumes][Serial] [Testpattern: Pre-provisioned PV (ext4)] volumes should allow exec of files on the volume" classname="Kubernetes e2e suite" time="0">
          <skipped></skipped>
      </testcase>
      <testcase name="[sig-storage] In-tree Volumes [Driver: local][LocalVolumeType: dir-link] [Testpattern: Dynamic PV (default fs)] subPath should support readOnly file specified in the volumeMount [LinuxOnly]" classname="Kubernetes e2e suite" time="0">
          <skipped></skipped>
      </testcase>
      <testcase name="[sig-autoscaling] [HPA] Horizontal pod autoscaling (scale resource: Custom Metrics from Stackdriver) should scale down with External Metric with target average value from Stackdriver [Feature:CustomMetricsAutoscaling]" classname="Kubernetes e2e suite" time="0">
          <skipped></skipped>
      </testcase>
      <testcase name="[sig-storage] In-tree Volumes [Driver: cinder] [Testpattern: Dynamic PV (xfs)][Slow] volumes should store data" classname="Kubernetes e2e suite" time="0">
          <skipped></skipped>
      </testcase>
      <testcase name="[sig-storage] In-tree Volumes [Driver: rbd][Feature:Volumes][Serial] [Testpattern: Dynamic PV (block volmode)] volumeMode should fail to use a volume in a pod with mismatched mode [Slow]" classname="Kubernetes e2e suite" time="0">
          <skipped></skipped>
      </testcase>
      <testcase name="[sig-storage] In-tree Volumes [Driver: local][LocalVolumeType: dir-link-bindmounted] [Testpattern: Dynamic PV (ext4)] multiVolume [Slow] should access to two volumes with the same volume mode and retain data across pod recreation on the same node" classname="Kubernetes e2e suite" time="0">
          <skipped></skipped>
      </testcase>
      <testcase name="[sig-storage] In-tree Volumes [Driver: local][LocalVolumeType: dir-link] [Testpattern: Pre-provisioned PV (default fs)] subPath should support existing directory" classname="Kubernetes e2e suite" time="0">
          <skipped></skipped>
      </testcase>
      <testcase name="[sig-storage] In-tree Volumes [Driver: aws] [Testpattern: Dynamic PV (immediate binding)] topology should provision a volume and schedule a pod with AllowedTopologies" classname="Kubernetes e2e suite" time="0">
          <skipped></skipped>
      </testcase>
      <testcase name="[sig-storage] In-tree Volumes [Driver: local][LocalVolumeType: block] [Testpattern: Dynamic PV (ntfs)][Feature:Windows] subPath should fail if subpath directory is outside the volume [Slow][LinuxOnly]" classname="Kubernetes e2e suite" time="0">
          <skipped></skipped>
      </testcase>
      <testcase name="[sig-storage] PersistentVolumes-local  [Volume type: gce-localssd-scsi-fs] [Serial] Set fsGroup for local volume should set same fsGroup for two pods simultaneously [Slow]" classname="Kubernetes e2e suite" time="0">
          <skipped></skipped>
      </testcase>
      <testcase name="[sig-storage] In-tree Volumes [Driver: aws] [Testpattern: Dynamic PV (ntfs)][Feature:Windows] subPath should support readOnly file specified in the volumeMount [LinuxOnly]" classname="Kubernetes e2e suite" time="0">
          <skipped></skipped>
      </testcase>
      <testcase name="[sig-api-machinery] Watchers should be able to restart watching from the last resource version observed by the previous watch [Conformance]" classname="Kubernetes e2e suite" time="0.087307516"></testcase>
      <testcase name="[sig-storage] In-tree Volumes [Driver: vsphere] [Testpattern: Dynamic PV (default fs)] fsgroupchangepolicy (Always)[LinuxOnly], pod created with an initial fsgroup, volume contents ownership changed in first pod, new pod with same fsgroup applied to the volume contents" classname="Kubernetes e2e suite" time="0">
          <skipped></skipped>
      </testcase>
      <testcase name="[sig-storage] In-tree Volumes [Driver: local][LocalVolumeType: dir-link] [Testpattern: Inline-volume (default fs)] subPath should support file as subpath [LinuxOnly]" classname="Kubernetes e2e suite" time="0">
          <skipped></skipped>
      </testcase>
      <testcase name="[sig-storage] In-tree Volumes [Driver: local][LocalVolumeType: blockfs] [Testpattern: Dynamic PV (block volmode)] volumes should store data" classname="Kubernetes e2e suite" time="0">
          <skipped></skipped>
      </testcase>
      <testcase name="[sig-storage] In-tree Volumes [Driver: azure-disk] [Testpattern: Dynamic PV (block volmode)] provisioning should provision storage with snapshot data source [Feature:VolumeSnapshotDataSource]" classname="Kubernetes e2e suite" time="0">
          <skipped></skipped>
      </testcase>
      <testcase name="[sig-storage] In-tree Volumes [Driver: gcepd] [Testpattern: Dynamic PV (block volmode)] multiVolume [Slow] should access to two volumes with different volume mode and retain data across pod recreation on the same node" classname="Kubernetes e2e suite" time="0">
          <skipped></skipped>
      </testcase>
      <testcase name="[sig-storage] In-tree Volumes [Driver: local][LocalVolumeType: tmpfs] [Testpattern: Pre-provisioned PV (filesystem volmode)] multiVolume [Slow] should access to two volumes with the same volume mode and retain data across pod recreation on the same node" classname="Kubernetes e2e suite" time="0">
          <skipped></skipped>
      </testcase>
      <testcase name="[sig-storage] In-tree Volumes [Driver: local][LocalVolumeType: block] [Testpattern: Dynamic PV (ext4)] multiVolume [Slow] should concurrently access the volume and restored snapshot from pods on the same node [LinuxOnly][Feature:VolumeSnapshotDataSource][Feature:VolumeSourceXFS]" classname="Kubernetes e2e suite" time="0">
          <skipped></skipped>
      </testcase>
      <testcase name="[sig-storage] In-tree Volumes [Driver: aws] [Testpattern: Dynamic PV (filesystem volmode)] multiVolume [Slow] should concurrently access the single read-only volume from pods on the same node" classname="Kubernetes e2e suite" time="0">
          <skipped></skipped>
      </testcase>
      <testcase name="[sig-storage] In-tree Volumes [Driver: cinder] [Testpattern: Pre-provisioned PV (block volmode)] volumeMode should fail to use a volume in a pod with mismatched mode [Slow]" classname="Kubernetes e2e suite" time="0">
          <skipped></skipped>
      </testcase>
      <testcase name="[sig-storage] In-tree Volumes [Driver: hostPath] [Testpattern: Pre-provisioned PV (default fs)] subPath should support readOnly directory specified in the volumeMount" classname="Kubernetes e2e suite" time="0">
          <skipped></skipped>
      </testcase>
      <testcase name="[sig-storage] CSI Volumes [Driver: csi-hostpath] [Testpattern: Dynamic PV (default fs)] fsgroupchangepolicy (OnRootMismatch)[LinuxOnly], pod created with an initial fsgroup, volume contents ownership changed in first pod, new pod with same fsgroup skips ownership changes to the volume contents" classname="Kubernetes e2e suite" time="0">
          <skipped></skipped>
      </testcase>
      <testcase name="[sig-storage] In-tree Volumes [Driver: emptydir] [Testpattern: Pre-provisioned PV (default fs)] subPath should support readOnly directory specified in the volumeMount" classname="Kubernetes e2e suite" time="0">
          <skipped></skipped>
      </testcase>
      <testcase name="[sig-storage] In-tree Volumes [Driver: ceph][Feature:Volumes][Serial] [Testpattern: Pre-provisioned PV (default fs)] subPath should support existing directory" classname="Kubernetes e2e suite" time="0">
          <skipped></skipped>
      </testcase>
      <testcase name="[sig-storage] CSI Volumes [Driver: pd.csi.storage.gke.io][Serial] [Testpattern: Inline-volume (default fs)] subPath should support existing directory" classname="Kubernetes e2e suite" time="0">
          <skipped></skipped>
      </testcase>
      <testcase name="[sig-storage] In-tree Volumes [Driver: cinder] [Testpattern: Dynamic PV (ntfs)][Feature:Windows] subPath should fail if subpath with backstepping is outside the volume [Slow][LinuxOnly]" classname="Kubernetes e2e suite" time="0">
          <skipped></skipped>
      </testcase>
      <testcase name="[sig-storage] In-tree Volumes [Driver: local][LocalVolumeType: tmpfs] [Testpattern: Dynamic PV (ntfs)][Feature:Windows] subPath should fail if non-existent subpath is outside the volume [Slow][LinuxOnly]" classname="Kubernetes e2e suite" time="0">
          <skipped></skipped>
      </testcase>
      <testcase name="[sig-storage] In-tree Volumes [Driver: local][LocalVolumeType: block] [Testpattern: Inline-volume (default fs)] subPath should unmount if pod is force deleted while kubelet is down [Disruptive][Slow][LinuxOnly]" classname="Kubernetes e2e suite" time="0">
          <skipped></skipped>
      </testcase>
      <testcase name="[sig-storage] In-tree Volumes [Driver: local][LocalVolumeType: tmpfs] [Testpattern: Inline-volume (default fs)] subPath should fail if subpath file is outside the volume [Slow][LinuxOnly]" classname="Kubernetes e2e suite" time="0">
          <skipped></skipped>
      </testcase>
      <testcase name="[sig-storage] In-tree Volumes [Driver: local][LocalVolumeType: dir] [Testpattern: Dynamic PV (ext4)] multiVolume [Slow] should access to two volumes with the same volume mode and retain data across pod recreation on the same node" classname="Kubernetes e2e suite" time="0">
          <skipped></skipped>
      </testcase>
      <testcase name="[sig-storage] In-tree Volumes [Driver: local][LocalVolumeType: gce-localssd-scsi-fs] [Serial] [Testpattern: Pre-provisioned PV (block volmode)] multiVolume [Slow] should concurrently access the single volume from pods on the same node" classname="Kubernetes e2e suite" time="0">
          <skipped></skipped>
      </testcase>
      <testcase name="[sig-storage] In-tree Volumes [Driver: local][LocalVolumeType: tmpfs] [Testpattern: Pre-provisioned PV (filesystem volmode)] multiVolume [Slow] should concurrently access the volume and restored snapshot from pods on the same node [LinuxOnly][Feature:VolumeSnapshotDataSource][Feature:VolumeSourceXFS]" classname="Kubernetes e2e suite" time="0">
          <skipped></skipped>
      </testcase>
      <testcase name="[sig-storage] In-tree Volumes [Driver: local][LocalVolumeType: block] [Testpattern: Inline-volume (default fs)] volumes should allow exec of files on the volume" classname="Kubernetes e2e suite" time="0">
          <skipped></skipped>
      </testcase>
      <testcase name="[sig-storage] Ephemeralstorage When pod refers to non-existent ephemeral storage should allow deletion of pod with invalid volume : configmap" classname="Kubernetes e2e suite" time="0">
          <skipped></skipped>
      </testcase>
      <testcase name="[sig-storage] In-tree Volumes [Driver: windows-gcepd] [Testpattern: Inline-volume (default fs)] subPath should fail if non-existent subpath is outside the volume [Slow][LinuxOnly]" classname="Kubernetes e2e suite" time="0">
          <skipped></skipped>
      </testcase>
      <testcase name="[sig-storage] EmptyDir volumes when FSGroup is specified [LinuxOnly] [NodeFeature:FSGroup] files with FSGroup ownership should support (root,0644,tmpfs)" classname="Kubernetes e2e suite" time="0">
          <skipped></skipped>
      </testcase>
      <testcase name="[sig-storage] In-tree Volumes [Driver: local][LocalVolumeType: dir-link] [Testpattern: Dynamic PV (filesystem volmode)] multiVolume [Slow] should access to two volumes with different volume mode and retain data across pod recreation on the same node" classname="Kubernetes e2e suite" time="0">
          <skipped></skipped>
      </testcase>
      <testcase name="[sig-storage] In-tree Volumes [Driver: iscsi][Feature:Volumes] [Testpattern: Inline-volume (default fs)] subPath should fail if subpath with backstepping is outside the volume [Slow][LinuxOnly]" classname="Kubernetes e2e suite" time="0">
          <skipped></skipped>
      </testcase>
      <testcase name="[sig-storage] In-tree Volumes [Driver: gcepd] [Testpattern: Dynamic PV (ext4)] multiVolume [Slow] should concurrently access the volume and restored snapshot from pods on the same node [LinuxOnly][Feature:VolumeSnapshotDataSource][Feature:VolumeSourceXFS]" classname="Kubernetes e2e suite" time="0">
          <skipped></skipped>
      </testcase>
      <testcase name="[sig-storage] In-tree Volumes [Driver: gcepd] [Testpattern: Inline-volume (default fs)] subPath should fail if subpath directory is outside the volume [Slow][LinuxOnly]" classname="Kubernetes e2e suite" time="0">
          <skipped></skipped>
      </testcase>
      <testcase name="[sig-storage] In-tree Volumes [Driver: local][LocalVolumeType: dir-link-bindmounted] [Testpattern: Pre-provisioned PV (default fs)] subPath should support readOnly file specified in the volumeMount [LinuxOnly]" classname="Kubernetes e2e suite" time="0">
          <skipped></skipped>
      </testcase>
      <testcase name="[sig-storage] In-tree Volumes [Driver: ceph][Feature:Volumes][Serial] [Testpattern: Pre-provisioned PV (filesystem volmode)] disruptive[Disruptive][LinuxOnly] Should test that pv written before kubelet restart is readable after restart." classname="Kubernetes e2e suite" time="0">
          <skipped></skipped>
      </testcase>
      <testcase name="[sig-api-machinery] Etcd failure [Disruptive] should recover from SIGKILL" classname="Kubernetes e2e suite" time="0">
          <skipped></skipped>
      </testcase>
      <testcase name="[sig-storage] In-tree Volumes [Driver: azure-disk] [Testpattern: Dynamic PV (default fs)] provisioning should provision storage with pvc data source" classname="Kubernetes e2e suite" time="0">
          <skipped></skipped>
      </testcase>
      <testcase name="[sig-storage] CSI Volumes [Driver: pd.csi.storage.gke.io][Serial] [Testpattern: Dynamic PV (immediate binding)] topology should fail to schedule a pod which has topologies that conflict with AllowedTopologies" classname="Kubernetes e2e suite" time="0">
          <skipped></skipped>
      </testcase>
      <testcase name="[sig-storage] In-tree Volumes [Driver: azure-disk] [Testpattern: Inline-volume (default fs)] subPath should support restarting containers using file as subpath [Slow][LinuxOnly]" classname="Kubernetes e2e suite" time="0">
          <skipped></skipped>
      </testcase>
      <testcase name="[sig-storage] PersistentVolumes-local  [Volume type: blockfswithoutformat] Set fsGroup for local volume should set different fsGroup for second pod if first pod is deleted" classname="Kubernetes e2e suite" time="0">
          <skipped></skipped>
      </testcase>
      <testcase name="[sig-storage] In-tree Volumes [Driver: nfs] [Testpattern: Inline-volume (default fs)] subPath should unmount if pod is force deleted while kubelet is down [Disruptive][Slow][LinuxOnly]" classname="Kubernetes e2e suite" time="0">
          <skipped></skipped>
      </testcase>
      <testcase name="[sig-api-machinery] AdmissionWebhook [Privileged:ClusterAdmin] should mutate pod and apply defaults after mutation [Conformance]" classname="Kubernetes e2e suite" time="12.904120685"></testcase>
      <testcase name="[sig-storage] In-tree Volumes [Driver: local][LocalVolumeType: dir-bindmounted] [Testpattern: Dynamic PV (xfs)][Slow] multiVolume [Slow] should concurrently access the single volume from pods on different node" classname="Kubernetes e2e suite" time="0">
          <skipped></skipped>
      </testcase>
      <testcase name="[sig-storage] CSI Volumes [Driver: pd.csi.storage.gke.io][Serial] [Testpattern: Pre-provisioned PV (filesystem volmode)] multiVolume [Slow] should concurrently access the single volume from pods on the same node" classname="Kubernetes e2e suite" time="0">
          <skipped></skipped>
      </testcase>
      <testcase name="[sig-storage] In-tree Volumes [Driver: nfs] [Testpattern: Dynamic PV (default fs)] provisioning should provision storage with pvc data source" classname="Kubernetes e2e suite" time="0">
          <skipped></skipped>
      </testcase>
      <testcase name="[sig-storage] In-tree Volumes [Driver: local][LocalVolumeType: blockfs] [Testpattern: Dynamic PV (ext4)] multiVolume [Slow] should access to two volumes with different volume mode and retain data across pod recreation on different node" classname="Kubernetes e2e suite" time="0">
          <skipped></skipped>
      </testcase>
      <testcase name="[sig-storage] In-tree Volumes [Driver: local][LocalVolumeType: blockfs] [Testpattern: Dynamic PV (xfs)][Slow] multiVolume [Slow] should concurrently access the single volume from pods on different node" classname="Kubernetes e2e suite" time="0">
          <skipped></skipped>
      </testcase>
      <testcase name="[sig-storage] GenericPersistentVolume[Disruptive] When kubelet restarts Should test that a volume mounted to a pod that is deleted while the kubelet is down unmounts when the kubelet returns." classname="Kubernetes e2e suite" time="0">
          <skipped></skipped>
      </testcase>
      <testcase name="[sig-storage] In-tree Volumes [Driver: hostPath] [Testpattern: Dynamic PV (ext4)] volumes should store data" classname="Kubernetes e2e suite" time="0">
          <skipped></skipped>
      </testcase>
      <testcase name="[sig-network] Netpol NetworkPolicy between server and client should enforce policy to allow traffic only from a pod in a different namespace based on PodSelector and NamespaceSelector [Feature:NetworkPolicy]" classname="Kubernetes e2e suite" time="0">
          <skipped></skipped>
      </testcase>
      <testcase name="[sig-storage] In-tree Volumes [Driver: gluster] [Testpattern: Dynamic PV (default fs)] subPath should support existing directory" classname="Kubernetes e2e suite" time="0">
          <skipped></skipped>
      </testcase>
      <testcase name="[sig-storage] In-tree Volumes [Driver: local][LocalVolumeType: dir-bindmounted] [Testpattern: Inline-volume (xfs)][Slow] volumes should store data" classname="Kubernetes e2e suite" time="0">
          <skipped></skipped>
      </testcase>
      <testcase name="[sig-instrumentation] Stackdriver Monitoring should run Custom Metrics - Stackdriver Adapter for new resource model [Feature:StackdriverCustomMetrics]" classname="Kubernetes e2e suite" time="0">
          <skipped></skipped>
      </testcase>
      <testcase name="[sig-storage] In-tree Volumes [Driver: local][LocalVolumeType: block] [Testpattern: Dynamic PV (default fs)] subPath should support restarting containers using directory as subpath [Slow]" classname="Kubernetes e2e suite" time="0">
          <skipped></skipped>
      </testcase>
      <testcase name="[sig-storage] In-tree Volumes [Driver: local][LocalVolumeType: gce-localssd-scsi-fs] [Serial] [Testpattern: Pre-provisioned PV (default fs)] subPath should fail if non-existent subpath is outside the volume [Slow][LinuxOnly]" classname="Kubernetes e2e suite" time="0">
          <skipped></skipped>
      </testcase>
      <testcase name="[sig-storage] In-tree Volumes [Driver: emptydir] [Testpattern: Dynamic PV (ext4)] volumes should allow exec of files on the volume" classname="Kubernetes e2e suite" time="0">
          <skipped></skipped>
      </testcase>
      <testcase name="[sig-storage] In-tree Volumes [Driver: gcepd] [Testpattern: Dynamic PV (default fs)(allowExpansion)] volume-expand Verify if offline PVC expansion works" classname="Kubernetes e2e suite" time="0">
          <skipped></skipped>
      </testcase>
      <testcase name="[sig-storage] In-tree Volumes [Driver: aws] [Testpattern: Dynamic PV (ntfs)(allowExpansion)][Feature:Windows] volume-expand should resize volume when PVC is edited while pod is using it" classname="Kubernetes e2e suite" time="0">
          <skipped></skipped>
      </testcase>
      <testcase name="[sig-storage] In-tree Volumes [Driver: local][LocalVolumeType: dir-link-bindmounted] [Testpattern: Dynamic PV (block volmode)] provisioning should provision storage with pvc data source in parallel [Slow]" classname="Kubernetes e2e suite" time="0">
          <skipped></skipped>
      </testcase>
      <testcase name="[sig-apps] CronJob should replace jobs when ReplaceConcurrent [Conformance]" classname="Kubernetes e2e suite" time="88.141975951"></testcase>
      <testcase name="[sig-network] Services should respect internalTrafficPolicy=Local Pod (hostNetwork: true) to Pod (hostNetwork: true) [Feature:ServiceInternalTrafficPolicy]" classname="Kubernetes e2e suite" time="0">
          <skipped></skipped>
      </testcase>
      <testcase name="[sig-storage] In-tree Volumes [Driver: iscsi][Feature:Volumes] [Testpattern: Pre-provisioned PV (block volmode)] multiVolume [Slow] should access to two volumes with different volume mode and retain data across pod recreation on the same node" classname="Kubernetes e2e suite" time="0">
          <skipped></skipped>
      </testcase>
      <testcase name="[sig-storage] In-tree Volumes [Driver: iscsi][Feature:Volumes] [Testpattern: Dynamic PV (ntfs)(allowExpansion)][Feature:Windows] volume-expand Verify if offline PVC expansion works" classname="Kubernetes e2e suite" time="0">
          <skipped></skipped>
      </testcase>
      <testcase name="[sig-storage] In-tree Volumes [Driver: local][LocalVolumeType: blockfs] [Testpattern: Dynamic PV (block volmode)] multiVolume [Slow] should access to two volumes with the same volume mode and retain data across pod recreation on the same node" classname="Kubernetes e2e suite" time="0">
          <skipped></skipped>
      </testcase>
      <testcase name="[sig-storage] In-tree Volumes [Driver: vsphere] [Testpattern: Pre-provisioned PV (block volmode)] multiVolume [Slow] should access to two volumes with different volume mode and retain data across pod recreation on different node" classname="Kubernetes e2e suite" time="0">
          <skipped></skipped>
      </testcase>
      <testcase name="[sig-storage] In-tree Volumes [Driver: local][LocalVolumeType: blockfs] [Testpattern: Dynamic PV (ntfs)][Feature:Windows] subPath should fail if subpath file is outside the volume [Slow][LinuxOnly]" classname="Kubernetes e2e suite" time="0">
          <skipped></skipped>
      </testcase>
      <testcase name="[sig-storage] In-tree Volumes [Driver: emptydir] [Testpattern: Dynamic PV (ntfs)(allowExpansion)][Feature:Windows] volume-expand should resize volume when PVC is edited while pod is using it" classname="Kubernetes e2e suite" time="0">
          <skipped></skipped>
      </testcase>
      <testcase name="[sig-storage] Projected combined should project all components that make up the projection API [Projection][NodeConformance] [Conformance]" classname="Kubernetes e2e suite" time="2.137396379"></testcase>
      <testcase name="[sig-network] Services should be able to change the type from ExternalName to ClusterIP [Conformance]" classname="Kubernetes e2e suite" time="12.076165861"></testcase>
      <testcase name="[sig-storage] In-tree Volumes [Driver: cinder] [Testpattern: Dynamic PV (ntfs)][Feature:Windows] subPath should support non-existent path" classname="Kubernetes e2e suite" time="0">
          <skipped></skipped>
      </testcase>
      <testcase name="[sig-storage] In-tree Volumes [Driver: windows-gcepd] [Testpattern: Inline-volume (default fs)] subPath should fail if subpath directory is outside the volume [Slow][LinuxOnly]" classname="Kubernetes e2e suite" time="0">
          <skipped></skipped>
      </testcase>
      <testcase name="[sig-storage] In-tree Volumes [Driver: local][LocalVolumeType: gce-localssd-scsi-fs] [Serial] [Testpattern: Inline-volume (xfs)][Slow] volumes should store data" classname="Kubernetes e2e suite" time="0">
          <skipped></skipped>
      </testcase>
      <testcase name="[sig-storage] In-tree Volumes [Driver: local][LocalVolumeType: dir-link] [Testpattern: Inline-volume (ext4)] volumes should allow exec of files on the volume" classname="Kubernetes e2e suite" time="0">
          <skipped></skipped>
      </testcase>
      <testcase name="[sig-storage] Zone Support [Feature:vsphere] Verify a pod is created and attached to a dynamically created PV, based on a VSAN capability, datastore and compatible zone specified in storage class" classname="Kubernetes e2e suite" time="0">
          <skipped></skipped>
      </testcase>
      <testcase name="[sig-storage] In-tree Volumes [Driver: nfs] [Testpattern: Dynamic PV (default fs)] subPath should fail if non-existent subpath is outside the volume [Slow][LinuxOnly]" classname="Kubernetes e2e suite" time="0">
          <skipped></skipped>
      </testcase>
      <testcase name="[sig-storage] In-tree Volumes [Driver: hostPathSymlink] [Testpattern: Dynamic PV (ext4)] multiVolume [Slow] should concurrently access the single volume from pods on the same node" classname="Kubernetes e2e suite" time="0">
          <skipped></skipped>
      </testcase>
      <testcase name="[sig-network] LoadBalancers should have session affinity work for LoadBalancer service with ESIPP on [Slow] [DisabledForLargeClusters] [LinuxOnly]" classname="Kubernetes e2e suite" time="0">
          <skipped></skipped>
      </testcase>
      <testcase name="[sig-api-machinery] CustomResourcePublishOpenAPI [Privileged:ClusterAdmin] removes definition from spec when one version gets changed to not be served [Conformance]" classname="Kubernetes e2e suite" time="18.676322611"></testcase>
      <testcase name="[sig-storage] In-tree Volumes [Driver: local][LocalVolumeType: dir-bindmounted] [Testpattern: Pre-provisioned PV (default fs)] subPath should support non-existent path" classname="Kubernetes e2e suite" time="0">
          <skipped></skipped>
      </testcase>
      <testcase name="[sig-node] RuntimeClass should reject a Pod requesting a RuntimeClass with an unconfigured handler [NodeFeature:RuntimeHandler]" classname="Kubernetes e2e suite" time="0">
          <skipped></skipped>
      </testcase>
      <testcase name="[sig-storage] In-tree Volumes [Driver: local][LocalVolumeType: blockfs] [Testpattern: Dynamic PV (xfs)][Slow] volumes should allow exec of files on the volume" classname="Kubernetes e2e suite" time="0">
          <skipped></skipped>
      </testcase>
      <testcase name="[sig-storage] In-tree Volumes [Driver: gluster] [Testpattern: Pre-provisioned PV (block volmode)] multiVolume [Slow] should access to two volumes with different volume mode and retain data across pod recreation on different node" classname="Kubernetes e2e suite" time="0">
          <skipped></skipped>
      </testcase>
      <testcase name="[sig-storage] CSI Volumes [Driver: csi-hostpath] [Testpattern: Dynamic PV (ntfs)][Feature:Windows] provisioning should provision storage with pvc data source in parallel [Slow]" classname="Kubernetes e2e suite" time="0">
          <skipped></skipped>
      </testcase>
      <testcase name="[sig-storage] In-tree Volumes [Driver: gcepd] [Testpattern: Pre-provisioned PV (ntfs)][Feature:Windows] volumes should store data" classname="Kubernetes e2e suite" time="0">
          <skipped></skipped>
      </testcase>
      <testcase name="[sig-storage] In-tree Volumes [Driver: hostPathSymlink] [Testpattern: Dynamic PV (block volmode)] disruptive[Disruptive][LinuxOnly] Should test that pv used in a pod that is deleted while the kubelet is down cleans up when the kubelet returns." classname="Kubernetes e2e suite" time="0">
          <skipped></skipped>
      </testcase>
      <testcase name="[sig-storage] CSI Volumes [Driver: csi-hostpath] [Testpattern: Dynamic PV (ext4)] multiVolume [Slow] should concurrently access the volume and its clone from pods on the same node [LinuxOnly][Feature:VolumeSnapshotDataSource][Feature:VolumeSourceXFS]" classname="Kubernetes e2e suite" time="0">
          <skipped></skipped>
      </testcase>
      <testcase name="[sig-storage] In-tree Volumes [Driver: local][LocalVolumeType: dir-link-bindmounted] [Testpattern: Dynamic PV (ntfs)][Feature:Windows] volumes should allow exec of files on the volume" classname="Kubernetes e2e suite" time="0">
          <skipped></skipped>
      </testcase>
      <testcase name="[sig-storage] In-tree Volumes [Driver: gcepd] [Testpattern: Inline-volume (default fs)] subPath should support restarting containers using directory as subpath [Slow]" classname="Kubernetes e2e suite" time="0">
          <skipped></skipped>
      </testcase>
      <testcase name="[sig-storage] In-tree Volumes [Driver: cinder] [Testpattern: Pre-provisioned PV (block volmode)] multiVolume [Slow] should access to two volumes with different volume mode and retain data across pod recreation on the same node" classname="Kubernetes e2e suite" time="0">
          <skipped></skipped>
      </testcase>
      <testcase name="[sig-storage] CSI Volumes [Driver: pd.csi.storage.gke.io][Serial] [Testpattern: Dynamic PV (block volmode)] volumeMode should not mount / map unused volumes in a pod [LinuxOnly]" classname="Kubernetes e2e suite" time="0">
          <skipped></skipped>
      </testcase>
      <testcase name="[sig-storage] In-tree Volumes [Driver: gluster] [Testpattern: Dynamic PV (filesystem volmode)] volumeLimits should verify that all csinodes have volume limits" classname="Kubernetes e2e suite" time="0">
          <skipped></skipped>
      </testcase>
      <testcase name="[sig-storage] In-tree Volumes [Driver: azure-disk] [Testpattern: Pre-provisioned PV (block volmode)] volumeMode should not mount / map unused volumes in a pod [LinuxOnly]" classname="Kubernetes e2e suite" time="0">
          <skipped></skipped>
      </testcase>
      <testcase name="[sig-storage] In-tree Volumes [Driver: local][LocalVolumeType: blockfs] [Testpattern: Inline-volume (default fs)] volumes should store data" classname="Kubernetes e2e suite" time="0">
          <skipped></skipped>
      </testcase>
      <testcase name="[sig-storage] In-tree Volumes [Driver: hostPath] [Testpattern: Dynamic PV (default fs)] subPath should support non-existent path" classname="Kubernetes e2e suite" time="0">
          <skipped></skipped>
      </testcase>
      <testcase name="[sig-storage] PersistentVolumes [Feature:vsphere][Feature:ReclaimPolicy] persistentvolumereclaim:vsphere [Feature:vsphere] should delete persistent volume when reclaimPolicy set to delete and associated claim is deleted" classname="Kubernetes e2e suite" time="0">
          <skipped></skipped>
      </testcase>
      <testcase name="[sig-storage] In-tree Volumes [Driver: local][LocalVolumeType: block] [Testpattern: Inline-volume (default fs)] subPath should support readOnly directory specified in the volumeMount" classname="Kubernetes e2e suite" time="0">
          <skipped></skipped>
      </testcase>
      <testcase name="[sig-storage] In-tree Volumes [Driver: local][LocalVolumeType: blockfs] [Testpattern: Dynamic PV (block volmode)] disruptive[Disruptive][LinuxOnly] Should test that pv used in a pod that is deleted while the kubelet is down cleans up when the kubelet returns." classname="Kubernetes e2e suite" time="0">
          <skipped></skipped>
      </testcase>
      <testcase name="[sig-storage] In-tree Volumes [Driver: cinder] [Testpattern: Dynamic PV (ext4)] multiVolume [Slow] should access to two volumes with different volume mode and retain data across pod recreation on different node" classname="Kubernetes e2e suite" time="0">
          <skipped></skipped>
      </testcase>
      <testcase name="[sig-storage] In-tree Volumes [Driver: local][LocalVolumeType: gce-localssd-scsi-fs] [Serial] [Testpattern: Dynamic PV (default fs)] subPath should support existing single file [LinuxOnly]" classname="Kubernetes e2e suite" time="0">
          <skipped></skipped>
      </testcase>
      <testcase name="[sig-storage] In-tree Volumes [Driver: gluster] [Testpattern: Dynamic PV (block volmode)] volume-expand should not allow expansion of pvcs without AllowVolumeExpansion property" classname="Kubernetes e2e suite" time="0">
          <skipped></skipped>
      </testcase>
      <testcase name="[sig-storage] CSI Volumes [Driver: pd.csi.storage.gke.io][Serial] [Testpattern: Pre-provisioned PV (filesystem volmode)] multiVolume [Slow] should access to two volumes with different volume mode and retain data across pod recreation on different node" classname="Kubernetes e2e suite" time="0">
          <skipped></skipped>
      </testcase>
      <testcase name="[sig-storage] In-tree Volumes [Driver: local][LocalVolumeType: tmpfs] [Testpattern: Inline-volume (ntfs)][Feature:Windows] volumes should store data" classname="Kubernetes e2e suite" time="0">
          <skipped></skipped>
      </testcase>
      <testcase name="[sig-storage] In-tree Volumes [Driver: vsphere] [Testpattern: Pre-provisioned PV (default fs)] subPath should fail if non-existent subpath is outside the volume [Slow][LinuxOnly]" classname="Kubernetes e2e suite" time="0">
          <skipped></skipped>
      </testcase>
      <testcase name="[sig-storage] In-tree Volumes [Driver: hostPathSymlink] [Testpattern: Inline-volume (default fs)] subPath should support file as subpath [LinuxOnly]" classname="Kubernetes e2e suite" time="0">
          <skipped></skipped>
      </testcase>
      <testcase name="[sig-storage] In-tree Volumes [Driver: azure-disk] [Testpattern: Dynamic PV (filesystem volmode)] multiVolume [Slow] should access to two volumes with different volume mode and retain data across pod recreation on different node" classname="Kubernetes e2e suite" time="0">
          <skipped></skipped>
      </testcase>
      <testcase name="[sig-storage] In-tree Volumes [Driver: local][LocalVolumeType: dir-link-bindmounted] [Testpattern: Dynamic PV (ntfs)][Feature:Windows] subPath should support existing directory" classname="Kubernetes e2e suite" time="0">
          <skipped></skipped>
      </testcase>
      <testcase name="[sig-storage] In-tree Volumes [Driver: local][LocalVolumeType: gce-localssd-scsi-fs] [Serial] [Testpattern: Dynamic PV (filesystem volmode)] multiVolume [Slow] should concurrently access the single volume from pods on different node" classname="Kubernetes e2e suite" time="0">
          <skipped></skipped>
      </testcase>
      <testcase name="[sig-storage] In-tree Volumes [Driver: hostPathSymlink] [Testpattern: Dynamic PV (ext4)] volumes should store data" classname="Kubernetes e2e suite" time="0">
          <skipped></skipped>
      </testcase>
      <testcase name="[sig-storage] In-tree Volumes [Driver: ceph][Feature:Volumes][Serial] [Testpattern: Pre-provisioned PV (ext4)] volumes should allow exec of files on the volume" classname="Kubernetes e2e suite" time="0">
          <skipped></skipped>
      </testcase>
      <testcase name="[sig-network] [Feature:IPv6DualStack] Granular Checks: Services Secondary IP Family [LinuxOnly] should function for client IP based session affinity: http [LinuxOnly]" classname="Kubernetes e2e suite" time="0">
          <skipped></skipped>
      </testcase>
      <testcase name="[sig-storage] In-tree Volumes [Driver: azure-disk] [Testpattern: Inline-volume (default fs)] volumeIO should write files of various sizes, verify size, validate content [Slow][LinuxOnly]" classname="Kubernetes e2e suite" time="0">
          <skipped></skipped>
      </testcase>
      <testcase name="[sig-storage] In-tree Volumes [Driver: windows-gcepd] [Testpattern: Pre-provisioned PV (block volmode)] disruptive[Disruptive][LinuxOnly] Should test that pv written before kubelet restart is readable after restart." classname="Kubernetes e2e suite" time="0">
          <skipped></skipped>
      </testcase>
      <testcase name="[sig-storage] In-tree Volumes [Driver: local][LocalVolumeType: tmpfs] [Testpattern: Pre-provisioned PV (filesystem volmode)] volumeMode should fail to use a volume in a pod with mismatched mode [Slow]" classname="Kubernetes e2e suite" time="0">
          <skipped></skipped>
      </testcase>
      <testcase name="[sig-storage] In-tree Volumes [Driver: local][LocalVolumeType: dir-link] [Testpattern: Dynamic PV (ntfs)][Feature:Windows] subPath should unmount if pod is gracefully deleted while kubelet is down [Disruptive][Slow][LinuxOnly]" classname="Kubernetes e2e suite" time="0">
          <skipped></skipped>
      </testcase>
      <testcase name="[sig-storage] In-tree Volumes [Driver: hostPathSymlink] [Testpattern: Dynamic PV (default fs)] subPath should support creating multiple subpath from same volumes [Slow]" classname="Kubernetes e2e suite" time="0">
          <skipped></skipped>
      </testcase>
      <testcase name="[sig-storage] In-tree Volumes [Driver: rbd][Feature:Volumes][Serial] [Testpattern: Pre-provisioned PV (default fs)] subPath should fail if non-existent subpath is outside the volume [Slow][LinuxOnly]" classname="Kubernetes e2e suite" time="0">
          <skipped></skipped>
      </testcase>
      <testcase name="[sig-storage] In-tree Volumes [Driver: local][LocalVolumeType: tmpfs] [Testpattern: Pre-provisioned PV (block volmode)] volumeMode should fail to create pod by failing to mount volume [Slow]" classname="Kubernetes e2e suite" time="0">
          <skipped></skipped>
      </testcase>
      <testcase name="[sig-network] Services should test the lifecycle of an Endpoint [Conformance]" classname="Kubernetes e2e suite" time="0.09213164"></testcase>
      <testcase name="[sig-storage] In-tree Volumes [Driver: vsphere] [Testpattern: Dynamic PV (default fs)] fsgroupchangepolicy (OnRootMismatch)[LinuxOnly], pod created with an initial fsgroup, volume contents ownership changed in first pod, new pod with different fsgroup applied to the volume contents" classname="Kubernetes e2e suite" time="0">
          <skipped></skipped>
      </testcase>
      <testcase name="[sig-storage] In-tree Volumes [Driver: cinder] [Testpattern: Dynamic PV (block volmode)] volumeMode should fail to use a volume in a pod with mismatched mode [Slow]" classname="Kubernetes e2e suite" time="0">
          <skipped></skipped>
      </testcase>
      <testcase name="[sig-storage] In-tree Volumes [Driver: vsphere] [Testpattern: Dynamic PV (filesystem volmode)] multiVolume [Slow] should access to two volumes with different volume mode and retain data across pod recreation on different node" classname="Kubernetes e2e suite" time="0">
          <skipped></skipped>
      </testcase>
      <testcase name="[sig-storage] In-tree Volumes [Driver: local][LocalVolumeType: tmpfs] [Testpattern: Dynamic PV (block volmode)] provisioning should provision storage with snapshot data source [Feature:VolumeSnapshotDataSource]" classname="Kubernetes e2e suite" time="0">
          <skipped></skipped>
      </testcase>
      <testcase name="[sig-storage] In-tree Volumes [Driver: emptydir] [Testpattern: Dynamic PV (default fs)] subPath should support restarting containers using file as subpath [Slow][LinuxOnly]" classname="Kubernetes e2e suite" time="0">
          <skipped></skipped>
      </testcase>
      <testcase name="[sig-storage] In-tree Volumes [Driver: aws] [Testpattern: Dynamic PV (filesystem volmode)] multiVolume [Slow] should concurrently access the single volume from pods on the same node" classname="Kubernetes e2e suite" time="0">
          <skipped></skipped>
      </testcase>
      <testcase name="[sig-storage] In-tree Volumes [Driver: hostPathSymlink] [Testpattern: Pre-provisioned PV (default fs)] subPath should support non-existent path" classname="Kubernetes e2e suite" time="0">
          <skipped></skipped>
      </testcase>
      <testcase name="[sig-storage] In-tree Volumes [Driver: local][LocalVolumeType: blockfs] [Testpattern: Dynamic PV (default fs)] provisioning should provision storage with mount options" classname="Kubernetes e2e suite" time="0">
          <skipped></skipped>
      </testcase>
      <testcase name="[sig-storage] In-tree Volumes [Driver: local][LocalVolumeType: dir-link-bindmounted] [Testpattern: Pre-provisioned PV (filesystem volmode)] multiVolume [Slow] should concurrently access the single volume from pods on the same node" classname="Kubernetes e2e suite" time="0">
          <skipped></skipped>
      </testcase>
      <testcase name="[sig-cloud-provider-gcp] Recreate [Feature:Recreate] recreate nodes and ensure they function upon restart" classname="Kubernetes e2e suite" time="0">
          <skipped></skipped>
      </testcase>
      <testcase name="[sig-storage] In-tree Volumes [Driver: local][LocalVolumeType: dir-bindmounted] [Testpattern: Pre-provisioned PV (default fs)] subPath should fail if subpath file is outside the volume [Slow][LinuxOnly]" classname="Kubernetes e2e suite" time="0">
          <skipped></skipped>
      </testcase>
      <testcase name="[sig-storage] In-tree Volumes [Driver: nfs] [Testpattern: Dynamic PV (default fs)] volumes should store data" classname="Kubernetes e2e suite" time="0">
          <skipped></skipped>
      </testcase>
      <testcase name="[sig-storage] In-tree Volumes [Driver: gcepd] [Testpattern: Pre-provisioned PV (default fs)] subPath should unmount if pod is force deleted while kubelet is down [Disruptive][Slow][LinuxOnly]" classname="Kubernetes e2e suite" time="0">
          <skipped></skipped>
      </testcase>
      <testcase name="[sig-storage] In-tree Volumes [Driver: hostPathSymlink] [Testpattern: Dynamic PV (default fs)] subPath should be able to unmount after the subpath directory is deleted [LinuxOnly]" classname="Kubernetes e2e suite" time="0">
          <skipped></skipped>
      </testcase>
      <testcase name="[sig-storage] In-tree Volumes [Driver: emptydir] [Testpattern: Inline-volume (default fs)] subPath should support readOnly file specified in the volumeMount [LinuxOnly]" classname="Kubernetes e2e suite" time="0">
          <skipped></skipped>
      </testcase>
      <testcase name="[sig-storage] In-tree Volumes [Driver: ceph][Feature:Volumes][Serial] [Testpattern: Dynamic PV (ntfs)][Feature:Windows] subPath should support existing directory" classname="Kubernetes e2e suite" time="0">
          <skipped></skipped>
      </testcase>
      <testcase name="[sig-storage] In-tree Volumes [Driver: hostPathSymlink] [Testpattern: Pre-provisioned PV (ext4)] volumes should store data" classname="Kubernetes e2e suite" time="0">
          <skipped></skipped>
      </testcase>
      <testcase name="[sig-storage] In-tree Volumes [Driver: aws] [Testpattern: Dynamic PV (default fs)] provisioning should provision storage with snapshot data source [Feature:VolumeSnapshotDataSource]" classname="Kubernetes e2e suite" time="0">
          <skipped></skipped>
      </testcase>
      <testcase name="[sig-storage] In-tree Volumes [Driver: cinder] [Testpattern: Dynamic PV (default fs)] fsgroupchangepolicy (OnRootMismatch)[LinuxOnly], pod created with an initial fsgroup, new pod fsgroup applied to volume contents" classname="Kubernetes e2e suite" time="0">
          <skipped></skipped>
      </testcase>
      <testcase name="[sig-storage] In-tree Volumes [Driver: hostPath] [Testpattern: Dynamic PV (default fs)] volume-expand should not allow expansion of pvcs without AllowVolumeExpansion property" classname="Kubernetes e2e suite" time="0">
          <skipped></skipped>
      </testcase>
      <testcase name="[sig-storage] In-tree Volumes [Driver: hostPathSymlink] [Testpattern: Pre-provisioned PV (block volmode)] multiVolume [Slow] should access to two volumes with the same volume mode and retain data across pod recreation on the same node" classname="Kubernetes e2e suite" time="0">
          <skipped></skipped>
      </testcase>
      <testcase name="[sig-storage] In-tree Volumes [Driver: ceph][Feature:Volumes][Serial] [Testpattern: Pre-provisioned PV (filesystem volmode)] volumeMode should fail to use a volume in a pod with mismatched mode [Slow]" classname="Kubernetes e2e suite" time="0">
          <skipped></skipped>
      </testcase>
      <testcase name="[sig-storage] In-tree Volumes [Driver: local][LocalVolumeType: dir] [Testpattern: Inline-volume (default fs)] volumes should allow exec of files on the volume" classname="Kubernetes e2e suite" time="0">
          <skipped></skipped>
      </testcase>
      <testcase name="[sig-storage] In-tree Volumes [Driver: local][LocalVolumeType: dir-link-bindmounted] [Testpattern: Pre-provisioned PV (ext4)] volumes should store data" classname="Kubernetes e2e suite" time="0">
          <skipped></skipped>
      </testcase>
      <testcase name="[sig-storage] In-tree Volumes [Driver: azure-disk] [Testpattern: Pre-provisioned PV (filesystem volmode)] multiVolume [Slow] should access to two volumes with the same volume mode and retain data across pod recreation on different node" classname="Kubernetes e2e suite" time="0">
          <skipped></skipped>
      </testcase>
      <testcase name="[sig-storage] In-tree Volumes [Driver: local][LocalVolumeType: dir-link] [Testpattern: Pre-provisioned PV (ext4)] volumes should allow exec of files on the volume" classname="Kubernetes e2e suite" time="0">
          <skipped></skipped>
      </testcase>
      <testcase name="[sig-storage] In-tree Volumes [Driver: local][LocalVolumeType: dir-bindmounted] [Testpattern: Dynamic PV (ntfs)][Feature:Windows] subPath should support restarting containers using file as subpath [Slow][LinuxOnly]" classname="Kubernetes e2e suite" time="0">
          <skipped></skipped>
      </testcase>
      <testcase name="[sig-storage] CSI Volumes [Driver: pd.csi.storage.gke.io][Serial] [Testpattern: Dynamic PV (block volmode)(allowExpansion)] volume-expand Verify if offline PVC expansion works" classname="Kubernetes e2e suite" time="0">
          <skipped></skipped>
      </testcase>
      <testcase name="[sig-storage] In-tree Volumes [Driver: hostPath] [Testpattern: Pre-provisioned PV (block volmode)] volumes should store data" classname="Kubernetes e2e suite" time="0">
          <skipped></skipped>
      </testcase>
      <testcase name="[sig-storage] In-tree Volumes [Driver: local][LocalVolumeType: block] [Testpattern: Inline-volume (ext4)] volumes should store data" classname="Kubernetes e2e suite" time="0">
          <skipped></skipped>
      </testcase>
      <testcase name="[sig-storage] In-tree Volumes [Driver: nfs] [Testpattern: Inline-volume (ntfs)][Feature:Windows] volumes should store data" classname="Kubernetes e2e suite" time="0">
          <skipped></skipped>
      </testcase>
      <testcase name="[sig-storage] In-tree Volumes [Driver: local][LocalVolumeType: gce-localssd-scsi-fs] [Serial] [Testpattern: Inline-volume (default fs)] subPath should fail if subpath file is outside the volume [Slow][LinuxOnly]" classname="Kubernetes e2e suite" time="0">
          <skipped></skipped>
      </testcase>
      <testcase name="[sig-storage] In-tree Volumes [Driver: nfs] [Testpattern: Pre-provisioned PV (filesystem volmode)] multiVolume [Slow] should access to two volumes with the same volume mode and retain data across pod recreation on different node" classname="Kubernetes e2e suite" time="0">
          <skipped></skipped>
      </testcase>
      <testcase name="[sig-cli] Kubectl client Simple pod should return command exit codes running a failing command" classname="Kubernetes e2e suite" time="0">
          <skipped></skipped>
      </testcase>
      <testcase name="[sig-storage] In-tree Volumes [Driver: azure-disk] [Testpattern: Pre-provisioned PV (filesystem volmode)] multiVolume [Slow] should concurrently access the single volume from pods on different node" classname="Kubernetes e2e suite" time="0">
          <skipped></skipped>
      </testcase>
      <testcase name="[sig-storage] CSI Volumes [Driver: csi-hostpath] [Testpattern: Dynamic PV (default fs)] subPath should fail if subpath directory is outside the volume [Slow][LinuxOnly]" classname="Kubernetes e2e suite" time="0">
          <skipped></skipped>
      </testcase>
      <testcase name="[sig-storage] vsphere cloud provider stress [Feature:vsphere] vsphere stress tests" classname="Kubernetes e2e suite" time="0">
          <skipped></skipped>
      </testcase>
      <testcase name="[sig-scheduling] SchedulerPriorities [Serial] Pod should be scheduled to node that don&#39;t match the PodAntiAffinity terms" classname="Kubernetes e2e suite" time="0">
          <skipped></skipped>
      </testcase>
      <testcase name="[sig-storage] In-tree Volumes [Driver: local][LocalVolumeType: block] [Testpattern: Dynamic PV (ntfs)][Feature:Windows] subPath should fail if non-existent subpath is outside the volume [Slow][LinuxOnly]" classname="Kubernetes e2e suite" time="0">
          <skipped></skipped>
      </testcase>
      <testcase name="[sig-storage] In-tree Volumes [Driver: local][LocalVolumeType: blockfs] [Testpattern: Dynamic PV (xfs)][Slow] multiVolume [Slow] should access to two volumes with the same volume mode and retain data across pod recreation on different node" classname="Kubernetes e2e suite" time="0">
          <skipped></skipped>
      </testcase>
      <testcase name="[sig-storage] In-tree Volumes [Driver: emptydir] [Testpattern: Pre-provisioned PV (filesystem volmode)] multiVolume [Slow] should concurrently access the volume and restored snapshot from pods on the same node [LinuxOnly][Feature:VolumeSnapshotDataSource][Feature:VolumeSourceXFS]" classname="Kubernetes e2e suite" time="0">
          <skipped></skipped>
      </testcase>
      <testcase name="[sig-storage] In-tree Volumes [Driver: local][LocalVolumeType: dir-link-bindmounted] [Testpattern: Dynamic PV (block volmode)] disruptive[Disruptive][LinuxOnly] Should test that pv written before kubelet restart is readable after restart." classname="Kubernetes e2e suite" time="0">
          <skipped></skipped>
      </testcase>
      <testcase name="[sig-storage] In-tree Volumes [Driver: aws] [Testpattern: Pre-provisioned PV (filesystem volmode)] multiVolume [Slow] should access to two volumes with the same volume mode and retain data across pod recreation on different node" classname="Kubernetes e2e suite" time="0">
          <skipped></skipped>
      </testcase>
      <testcase name="[sig-storage] In-tree Volumes [Driver: nfs] [Testpattern: Dynamic PV (filesystem volmode)] multiVolume [Slow] should access to two volumes with different volume mode and retain data across pod recreation on different node" classname="Kubernetes e2e suite" time="0">
          <skipped></skipped>
      </testcase>
      <testcase name="[sig-storage] In-tree Volumes [Driver: emptydir] [Testpattern: Dynamic PV (block volmode)] multiVolume [Slow] should concurrently access the single volume from pods on the same node" classname="Kubernetes e2e suite" time="0">
          <skipped></skipped>
      </testcase>
      <testcase name="[sig-node] Sysctls [LinuxOnly] [NodeConformance] should support sysctls [MinimumKubeletVersion:1.21] [Conformance]" classname="Kubernetes e2e suite" time="4.07666519"></testcase>
      <testcase name="[sig-storage] CSI Volumes [Driver: pd.csi.storage.gke.io][Serial] [Testpattern: Dynamic PV (xfs)][Slow] multiVolume [Slow] should concurrently access the volume and its clone from pods on the same node [LinuxOnly][Feature:VolumeSnapshotDataSource][Feature:VolumeSourceXFS]" classname="Kubernetes e2e suite" time="0">
          <skipped></skipped>
      </testcase>
      <testcase name="[sig-storage] In-tree Volumes [Driver: gcepd] [Testpattern: Dynamic PV (default fs)] provisioning should provision storage with snapshot data source [Feature:VolumeSnapshotDataSource]" classname="Kubernetes e2e suite" time="0">
          <skipped></skipped>
      </testcase>
      <testcase name="[sig-cli] Kubectl client Kubectl patch should add annotations for pods in rc  [Conformance]" classname="Kubernetes e2e suite" time="2.421723666"></testcase>
      <testcase name="[sig-storage] In-tree Volumes [Driver: iscsi][Feature:Volumes] [Testpattern: Dynamic PV (default fs)] volume-stress multiple pods should access different volumes repeatedly [Slow] [Serial]" classname="Kubernetes e2e suite" time="0">
          <skipped></skipped>
      </testcase>
      <testcase name="[sig-storage] CSI Volumes [Driver: pd.csi.storage.gke.io][Serial] [Testpattern: Dynamic PV (ntfs)][Feature:Windows] provisioning should provision storage with snapshot data source [Feature:VolumeSnapshotDataSource]" classname="Kubernetes e2e suite" time="0">
          <skipped></skipped>
      </testcase>
      <testcase name="[sig-storage] In-tree Volumes [Driver: local][LocalVolumeType: tmpfs] [Testpattern: Dynamic PV (default fs)] fsgroupchangepolicy (Always)[LinuxOnly], pod created with an initial fsgroup, volume contents ownership changed in first pod, new pod with different fsgroup applied to the volume contents" classname="Kubernetes e2e suite" time="0">
          <skipped></skipped>
      </testcase>
      <testcase name="[sig-storage] In-tree Volumes [Driver: local][LocalVolumeType: blockfs] [Testpattern: Pre-provisioned PV (block volmode)] multiVolume [Slow] should access to two volumes with different volume mode and retain data across pod recreation on the same node" classname="Kubernetes e2e suite" time="0">
          <skipped></skipped>
      </testcase>
      <testcase name="[sig-network] DNS should provide /etc/hosts entries for the cluster [LinuxOnly] [Conformance]" classname="Kubernetes e2e suite" time="602.432339184">
          <failure type="Failure">/workspace/src/k8s.io/kubernetes/_output/dockerized/go/src/k8s.io/kubernetes/test/e2e/framework/framework.go:630&#xA;Aug 27 12:24:43.442: Unexpected error:&#xA;    &lt;*errors.errorString | 0xc0002c6240&gt;: {&#xA;        s: &#34;timed out waiting for the condition&#34;,&#xA;    }&#xA;    timed out waiting for the condition&#xA;occurred&#xA;/workspace/src/k8s.io/kubernetes/_output/dockerized/go/src/k8s.io/kubernetes/test/e2e/network/dns_common.go:463</failure>
          <system-out>[BeforeEach] [sig-network] DNS&#xA;  /workspace/src/k8s.io/kubernetes/_output/dockerized/go/src/k8s.io/kubernetes/test/e2e/framework/framework.go:185&#xA;STEP: Creating a kubernetes client&#xA;Aug 27 12:14:41.216: INFO: &gt;&gt;&gt; kubeConfig: /tmp/kubeconfig-655963504&#xA;STEP: Building a namespace api object, basename dns&#xA;STEP: Waiting for a default service account to be provisioned in namespace&#xA;[It] should provide /etc/hosts entries for the cluster [LinuxOnly] [Conformance]&#xA;  /workspace/src/k8s.io/kubernetes/_output/dockerized/go/src/k8s.io/kubernetes/test/e2e/framework/framework.go:630&#xA;STEP: Running these commands on wheezy: for i in `seq 1 600`; do test -n &#34;$$(getent hosts dns-querier-1.dns-test-service.dns-2715.svc.cluster.local)&#34; &amp;&amp; echo OK &gt; /results/wheezy_hosts@dns-querier-1.dns-test-service.dns-2715.svc.cluster.local;test -n &#34;$$(getent hosts dns-querier-1)&#34; &amp;&amp; echo OK &gt; /results/wheezy_hosts@dns-querier-1;podARec=$$(hostname -i| awk -F. &#39;{print $$1&#34;-&#34;$$2&#34;-&#34;$$3&#34;-&#34;$$4&#34;.dns-2715.pod.cluster.local&#34;}&#39;);check=&#34;$$(dig +notcp +noall +answer +search $${podARec} A)&#34; &amp;&amp; test -n &#34;$$check&#34; &amp;&amp; echo OK &gt; /results/wheezy_udp@PodARecord;check=&#34;$$(dig +tcp +noall +answer +search $${podARec} A)&#34; &amp;&amp; test -n &#34;$$check&#34; &amp;&amp; echo OK &gt; /results/wheezy_tcp@PodARecord;sleep 1; done&#xA;&#xA;STEP: Running these commands on jessie: for i in `seq 1 600`; do test -n &#34;$$(getent hosts dns-querier-1.dns-test-service.dns-2715.svc.cluster.local)&#34; &amp;&amp; echo OK &gt; /results/jessie_hosts@dns-querier-1.dns-test-service.dns-2715.svc.cluster.local;test -n &#34;$$(getent hosts dns-querier-1)&#34; &amp;&amp; echo OK &gt; /results/jessie_hosts@dns-querier-1;podARec=$$(hostname -i| awk -F. &#39;{print $$1&#34;-&#34;$$2&#34;-&#34;$$3&#34;-&#34;$$4&#34;.dns-2715.pod.cluster.local&#34;}&#39;);check=&#34;$$(dig +notcp +noall +answer +search $${podARec} A)&#34; &amp;&amp; test -n &#34;$$check&#34; &amp;&amp; echo OK &gt; /results/jessie_udp@PodARecord;check=&#34;$$(dig +tcp +noall +answer +search $${podARec} A)&#34; &amp;&amp; test -n &#34;$$check&#34; &amp;&amp; echo OK &gt; /results/jessie_tcp@PodARecord;sleep 1; done&#xA;&#xA;STEP: creating a pod to probe /etc/hosts&#xA;STEP: submitting the pod to kubernetes&#xA;STEP: retrieving the pod&#xA;STEP: looking for the results for each expected name from probers&#xA;Aug 27 12:14:43.312: INFO: Unable to read wheezy_udp@PodARecord from pod dns-2715/dns-test-0db633bd-f773-4339-9507-3e258678c9d9: the server could not find the requested resource (get pods dns-test-0db633bd-f773-4339-9507-3e258678c9d9)&#xA;Aug 27 12:14:43.316: INFO: Unable to read wheezy_tcp@PodARecord from pod dns-2715/dns-test-0db633bd-f773-4339-9507-3e258678c9d9: the server could not find the requested resource (get pods dns-test-0db633bd-f773-4339-9507-3e258678c9d9)&#xA;Aug 27 12:14:43.322: INFO: Unable to read jessie_hosts@dns-querier-1.dns-test-service.dns-2715.svc.cluster.local from pod dns-2715/dns-test-0db633bd-f773-4339-9507-3e258678c9d9: the server could not find the requested resource (get pods dns-test-0db633bd-f773-4339-9507-3e258678c9d9)&#xA;Aug 27 12:14:43.325: INFO: Unable to read jessie_hosts@dns-querier-1 from pod dns-2715/dns-test-0db633bd-f773-4339-9507-3e258678c9d9: the server could not find the requested resource (get pods dns-test-0db633bd-f773-4339-9507-3e258678c9d9)&#xA;Aug 27 12:14:43.328: INFO: Unable to read jessie_udp@PodARecord from pod dns-2715/dns-test-0db633bd-f773-4339-9507-3e258678c9d9: the server could not find the requested resource (get pods dns-test-0db633bd-f773-4339-9507-3e258678c9d9)&#xA;Aug 27 12:14:43.332: INFO: Unable to read jessie_tcp@PodARecord from pod dns-2715/dns-test-0db633bd-f773-4339-9507-3e258678c9d9: the server could not find the requested resource (get pods dns-test-0db633bd-f773-4339-9507-3e258678c9d9)&#xA;Aug 27 12:14:43.332: INFO: Lookups using dns-2715/dns-test-0db633bd-f773-4339-9507-3e258678c9d9 failed for: [wheezy_udp@PodARecord wheezy_tcp@PodARecord jessie_hosts@dns-querier-1.dns-test-service.dns-2715.svc.cluster.local jessie_hosts@dns-querier-1 jessie_udp@PodARecord jessie_tcp@PodARecord]&#xA;&#xA;Aug 27 12:14:48.351: INFO: Unable to read wheezy_udp@PodARecord from pod dns-2715/dns-test-0db633bd-f773-4339-9507-3e258678c9d9: the server could not find the requested resource (get pods dns-test-0db633bd-f773-4339-9507-3e258678c9d9)&#xA;Aug 27 12:14:48.357: INFO: Unable to read wheezy_tcp@PodARecord from pod dns-2715/dns-test-0db633bd-f773-4339-9507-3e258678c9d9: the server could not find the requested resource (get pods dns-test-0db633bd-f773-4339-9507-3e258678c9d9)&#xA;Aug 27 12:14:48.372: INFO: Unable to read jessie_udp@PodARecord from pod dns-2715/dns-test-0db633bd-f773-4339-9507-3e258678c9d9: the server could not find the requested resource (get pods dns-test-0db633bd-f773-4339-9507-3e258678c9d9)&#xA;Aug 27 12:14:48.376: INFO: Unable to read jessie_tcp@PodARecord from pod dns-2715/dns-test-0db633bd-f773-4339-9507-3e258678c9d9: the server could not find the requested resource (get pods dns-test-0db633bd-f773-4339-9507-3e258678c9d9)&#xA;Aug 27 12:14:48.376: INFO: Lookups using dns-2715/dns-test-0db633bd-f773-4339-9507-3e258678c9d9 failed for: [wheezy_udp@PodARecord wheezy_tcp@PodARecord jessie_udp@PodARecord jessie_tcp@PodARecord]&#xA;&#xA;Aug 27 12:14:53.344: INFO: Unable to read wheezy_udp@PodARecord from pod dns-2715/dns-test-0db633bd-f773-4339-9507-3e258678c9d9: the server could not find the requested resource (get pods dns-test-0db633bd-f773-4339-9507-3e258678c9d9)&#xA;Aug 27 12:14:53.347: INFO: Unable to read wheezy_tcp@PodARecord from pod dns-2715/dns-test-0db633bd-f773-4339-9507-3e258678c9d9: the server could not find the requested resource (get pods dns-test-0db633bd-f773-4339-9507-3e258678c9d9)&#xA;Aug 27 12:14:53.357: INFO: Unable to read jessie_udp@PodARecord from pod dns-2715/dns-test-0db633bd-f773-4339-9507-3e258678c9d9: the server could not find the requested resource (get pods dns-test-0db633bd-f773-4339-9507-3e258678c9d9)&#xA;Aug 27 12:14:53.361: INFO: Unable to read jessie_tcp@PodARecord from pod dns-2715/dns-test-0db633bd-f773-4339-9507-3e258678c9d9: the server could not find the requested resource (get pods dns-test-0db633bd-f773-4339-9507-3e258678c9d9)&#xA;Aug 27 12:14:53.361: INFO: Lookups using dns-2715/dns-test-0db633bd-f773-4339-9507-3e258678c9d9 failed for: [wheezy_udp@PodARecord wheezy_tcp@PodARecord jessie_udp@PodARecord jessie_tcp@PodARecord]&#xA;&#xA;Aug 27 12:14:58.345: INFO: Unable to read wheezy_udp@PodARecord from pod dns-2715/dns-test-0db633bd-f773-4339-9507-3e258678c9d9: the server could not find the requested resource (get pods dns-test-0db633bd-f773-4339-9507-3e258678c9d9)&#xA;Aug 27 12:14:58.349: INFO: Unable to read wheezy_tcp@PodARecord from pod dns-2715/dns-test-0db633bd-f773-4339-9507-3e258678c9d9: the server could not find the requested resource (get pods dns-test-0db633bd-f773-4339-9507-3e258678c9d9)&#xA;Aug 27 12:14:58.361: INFO: Unable to read jessie_udp@PodARecord from pod dns-2715/dns-test-0db633bd-f773-4339-9507-3e258678c9d9: the server could not find the requested resource (get pods dns-test-0db633bd-f773-4339-9507-3e258678c9d9)&#xA;Aug 27 12:14:58.364: INFO: Unable to read jessie_tcp@PodARecord from pod dns-2715/dns-test-0db633bd-f773-4339-9507-3e258678c9d9: the server could not find the requested resource (get pods dns-test-0db633bd-f773-4339-9507-3e258678c9d9)&#xA;Aug 27 12:14:58.365: INFO: Lookups using dns-2715/dns-test-0db633bd-f773-4339-9507-3e258678c9d9 failed for: [wheezy_udp@PodARecord wheezy_tcp@PodARecord jessie_udp@PodARecord jessie_tcp@PodARecord]&#xA;&#xA;Aug 27 12:15:03.348: INFO: Unable to read wheezy_udp@PodARecord from pod dns-2715/dns-test-0db633bd-f773-4339-9507-3e258678c9d9: the server could not find the requested resource (get pods dns-test-0db633bd-f773-4339-9507-3e258678c9d9)&#xA;Aug 27 12:15:03.352: INFO: Unable to read wheezy_tcp@PodARecord from pod dns-2715/dns-test-0db633bd-f773-4339-9507-3e258678c9d9: the server could not find the requested resource (get pods dns-test-0db633bd-f773-4339-9507-3e258678c9d9)&#xA;Aug 27 12:15:03.368: INFO: Unable to read jessie_udp@PodARecord from pod dns-2715/dns-test-0db633bd-f773-4339-9507-3e258678c9d9: the server could not find the requested resource (get pods dns-test-0db633bd-f773-4339-9507-3e258678c9d9)&#xA;Aug 27 12:15:03.372: INFO: Unable to read jessie_tcp@PodARecord from pod dns-2715/dns-test-0db633bd-f773-4339-9507-3e258678c9d9: the server could not find the requested resource (get pods dns-test-0db633bd-f773-4339-9507-3e258678c9d9)&#xA;Aug 27 12:15:03.372: INFO: Lookups using dns-2715/dns-test-0db633bd-f773-4339-9507-3e258678c9d9 failed for: [wheezy_udp@PodARecord wheezy_tcp@PodARecord jessie_udp@PodARecord jessie_tcp@PodARecord]&#xA;&#xA;Aug 27 12:15:08.346: INFO: Unable to read wheezy_udp@PodARecord from pod dns-2715/dns-test-0db633bd-f773-4339-9507-3e258678c9d9: the server could not find the requested resource (get pods dns-test-0db633bd-f773-4339-9507-3e258678c9d9)&#xA;Aug 27 12:15:08.349: INFO: Unable to read wheezy_tcp@PodARecord from pod dns-2715/dns-test-0db633bd-f773-4339-9507-3e258678c9d9: the server could not find the requested resource (get pods dns-test-0db633bd-f773-4339-9507-3e258678c9d9)&#xA;Aug 27 12:15:08.361: INFO: Unable to read jessie_udp@PodARecord from pod dns-2715/dns-test-0db633bd-f773-4339-9507-3e258678c9d9: the server could not find the requested resource (get pods dns-test-0db633bd-f773-4339-9507-3e258678c9d9)&#xA;Aug 27 12:15:08.365: INFO: Unable to read jessie_tcp@PodARecord from pod dns-2715/dns-test-0db633bd-f773-4339-9507-3e258678c9d9: the server could not find the requested resource (get pods dns-test-0db633bd-f773-4339-9507-3e258678c9d9)&#xA;Aug 27 12:15:08.365: INFO: Lookups using dns-2715/dns-test-0db633bd-f773-4339-9507-3e258678c9d9 failed for: [wheezy_udp@PodARecord wheezy_tcp@PodARecord jessie_udp@PodARecord jessie_tcp@PodARecord]&#xA;&#xA;Aug 27 12:15:13.350: INFO: Unable to read wheezy_udp@PodARecord from pod dns-2715/dns-test-0db633bd-f773-4339-9507-3e258678c9d9: the server could not find the requested resource (get pods dns-test-0db633bd-f773-4339-9507-3e258678c9d9)&#xA;Aug 27 12:15:13.356: INFO: Unable to read wheezy_tcp@PodARecord from pod dns-2715/dns-test-0db633bd-f773-4339-9507-3e258678c9d9: the server could not find the requested resource (get pods dns-test-0db633bd-f773-4339-9507-3e258678c9d9)&#xA;Aug 27 12:15:13.380: INFO: Unable to read jessie_udp@PodARecord from pod dns-2715/dns-test-0db633bd-f773-4339-9507-3e258678c9d9: the server could not find the requested resource (get pods dns-test-0db633bd-f773-4339-9507-3e258678c9d9)&#xA;Aug 27 12:15:13.384: INFO: Unable to read jessie_tcp@PodARecord from pod dns-2715/dns-test-0db633bd-f773-4339-9507-3e258678c9d9: the server could not find the requested resource (get pods dns-test-0db633bd-f773-4339-9507-3e258678c9d9)&#xA;Aug 27 12:15:13.384: INFO: Lookups using dns-2715/dns-test-0db633bd-f773-4339-9507-3e258678c9d9 failed for: [wheezy_udp@PodARecord wheezy_tcp@PodARecord jessie_udp@PodARecord jessie_tcp@PodARecord]&#xA;&#xA;Aug 27 12:15:18.355: INFO: Unable to read wheezy_udp@PodARecord from pod dns-2715/dns-test-0db633bd-f773-4339-9507-3e258678c9d9: the server could not find the requested resource (get pods dns-test-0db633bd-f773-4339-9507-3e258678c9d9)&#xA;Aug 27 12:15:18.360: INFO: Unable to read wheezy_tcp@PodARecord from pod dns-2715/dns-test-0db633bd-f773-4339-9507-3e258678c9d9: the server could not find the requested resource (get pods dns-test-0db633bd-f773-4339-9507-3e258678c9d9)&#xA;Aug 27 12:15:18.375: INFO: Unable to read jessie_udp@PodARecord from pod dns-2715/dns-test-0db633bd-f773-4339-9507-3e258678c9d9: the server could not find the requested resource (get pods dns-test-0db633bd-f773-4339-9507-3e258678c9d9)&#xA;Aug 27 12:15:18.383: INFO: Unable to read jessie_tcp@PodARecord from pod dns-2715/dns-test-0db633bd-f773-4339-9507-3e258678c9d9: the server could not find the requested resource (get pods dns-test-0db633bd-f773-4339-9507-3e258678c9d9)&#xA;Aug 27 12:15:18.383: INFO: Lookups using dns-2715/dns-test-0db633bd-f773-4339-9507-3e258678c9d9 failed for: [wheezy_udp@PodARecord wheezy_tcp@PodARecord jessie_udp@PodARecord jessie_tcp@PodARecord]&#xA;&#xA;Aug 27 12:15:23.346: INFO: Unable to read wheezy_udp@PodARecord from pod dns-2715/dns-test-0db633bd-f773-4339-9507-3e258678c9d9: the server could not find the requested resource (get pods dns-test-0db633bd-f773-4339-9507-3e258678c9d9)&#xA;Aug 27 12:15:23.355: INFO: Unable to read wheezy_tcp@PodARecord from pod dns-2715/dns-test-0db633bd-f773-4339-9507-3e258678c9d9: the server could not find the requested resource (get pods dns-test-0db633bd-f773-4339-9507-3e258678c9d9)&#xA;Aug 27 12:15:23.370: INFO: Unable to read jessie_udp@PodARecord from pod dns-2715/dns-test-0db633bd-f773-4339-9507-3e258678c9d9: the server could not find the requested resource (get pods dns-test-0db633bd-f773-4339-9507-3e258678c9d9)&#xA;Aug 27 12:15:23.374: INFO: Unable to read jessie_tcp@PodARecord from pod dns-2715/dns-test-0db633bd-f773-4339-9507-3e258678c9d9: the server could not find the requested resource (get pods dns-test-0db633bd-f773-4339-9507-3e258678c9d9)&#xA;Aug 27 12:15:23.375: INFO: Lookups using dns-2715/dns-test-0db633bd-f773-4339-9507-3e258678c9d9 failed for: [wheezy_udp@PodARecord wheezy_tcp@PodARecord jessie_udp@PodARecord jessie_tcp@PodARecord]&#xA;&#xA;Aug 27 12:15:28.346: INFO: Unable to read wheezy_udp@PodARecord from pod dns-2715/dns-test-0db633bd-f773-4339-9507-3e258678c9d9: the server could not find the requested resource (get pods dns-test-0db633bd-f773-4339-9507-3e258678c9d9)&#xA;Aug 27 12:15:28.353: INFO: Unable to read wheezy_tcp@PodARecord from pod dns-2715/dns-test-0db633bd-f773-4339-9507-3e258678c9d9: the server could not find the requested resource (get pods dns-test-0db633bd-f773-4339-9507-3e258678c9d9)&#xA;Aug 27 12:15:28.365: INFO: Unable to read jessie_udp@PodARecord from pod dns-2715/dns-test-0db633bd-f773-4339-9507-3e258678c9d9: the server could not find the requested resource (get pods dns-test-0db633bd-f773-4339-9507-3e258678c9d9)&#xA;Aug 27 12:15:28.369: INFO: Unable to read jessie_tcp@PodARecord from pod dns-2715/dns-test-0db633bd-f773-4339-9507-3e258678c9d9: the server could not find the requested resource (get pods dns-test-0db633bd-f773-4339-9507-3e258678c9d9)&#xA;Aug 27 12:15:28.369: INFO: Lookups using dns-2715/dns-test-0db633bd-f773-4339-9507-3e258678c9d9 failed for: [wheezy_udp@PodARecord wheezy_tcp@PodARecord jessie_udp@PodARecord jessie_tcp@PodARecord]&#xA;&#xA;Aug 27 12:15:33.343: INFO: Unable to read wheezy_udp@PodARecord from pod dns-2715/dns-test-0db633bd-f773-4339-9507-3e258678c9d9: the server could not find the requested resource (get pods dns-test-0db633bd-f773-4339-9507-3e258678c9d9)&#xA;Aug 27 12:15:33.347: INFO: Unable to read wheezy_tcp@PodARecord from pod dns-2715/dns-test-0db633bd-f773-4339-9507-3e258678c9d9: the server could not find the requested resource (get pods dns-test-0db633bd-f773-4339-9507-3e258678c9d9)&#xA;Aug 27 12:15:33.360: INFO: Unable to read jessie_udp@PodARecord from pod dns-2715/dns-test-0db633bd-f773-4339-9507-3e258678c9d9: the server could not find the requested resource (get pods dns-test-0db633bd-f773-4339-9507-3e258678c9d9)&#xA;Aug 27 12:15:33.364: INFO: Unable to read jessie_tcp@PodARecord from pod dns-2715/dns-test-0db633bd-f773-4339-9507-3e258678c9d9: the server could not find the requested resource (get pods dns-test-0db633bd-f773-4339-9507-3e258678c9d9)&#xA;Aug 27 12:15:33.365: INFO: Lookups using dns-2715/dns-test-0db633bd-f773-4339-9507-3e258678c9d9 failed for: [wheezy_udp@PodARecord wheezy_tcp@PodARecord jessie_udp@PodARecord jessie_tcp@PodARecord]&#xA;&#xA;Aug 27 12:15:38.344: INFO: Unable to read wheezy_udp@PodARecord from pod dns-2715/dns-test-0db633bd-f773-4339-9507-3e258678c9d9: the server could not find the requested resource (get pods dns-test-0db633bd-f773-4339-9507-3e258678c9d9)&#xA;Aug 27 12:15:38.348: INFO: Unable to read wheezy_tcp@PodARecord from pod dns-2715/dns-test-0db633bd-f773-4339-9507-3e258678c9d9: the server could not find the requested resource (get pods dns-test-0db633bd-f773-4339-9507-3e258678c9d9)&#xA;Aug 27 12:15:38.359: INFO: Unable to read jessie_udp@PodARecord from pod dns-2715/dns-test-0db633bd-f773-4339-9507-3e258678c9d9: the server could not find the requested resource (get pods dns-test-0db633bd-f773-4339-9507-3e258678c9d9)&#xA;Aug 27 12:15:38.362: INFO: Unable to read jessie_tcp@PodARecord from pod dns-2715/dns-test-0db633bd-f773-4339-9507-3e258678c9d9: the server could not find the requested resource (get pods dns-test-0db633bd-f773-4339-9507-3e258678c9d9)&#xA;Aug 27 12:15:38.362: INFO: Lookups using dns-2715/dns-test-0db633bd-f773-4339-9507-3e258678c9d9 failed for: [wheezy_udp@PodARecord wheezy_tcp@PodARecord jessie_udp@PodARecord jessie_tcp@PodARecord]&#xA;&#xA;Aug 27 12:15:43.343: INFO: Unable to read wheezy_udp@PodARecord from pod dns-2715/dns-test-0db633bd-f773-4339-9507-3e258678c9d9: the server could not find the requested resource (get pods dns-test-0db633bd-f773-4339-9507-3e258678c9d9)&#xA;Aug 27 12:15:43.347: INFO: Unable to read wheezy_tcp@PodARecord from pod dns-2715/dns-test-0db633bd-f773-4339-9507-3e258678c9d9: the server could not find the requested resource (get pods dns-test-0db633bd-f773-4339-9507-3e258678c9d9)&#xA;Aug 27 12:15:43.356: INFO: Unable to read jessie_udp@PodARecord from pod dns-2715/dns-test-0db633bd-f773-4339-9507-3e258678c9d9: the server could not find the requested resource (get pods dns-test-0db633bd-f773-4339-9507-3e258678c9d9)&#xA;Aug 27 12:15:43.359: INFO: Unable to read jessie_tcp@PodARecord from pod dns-2715/dns-test-0db633bd-f773-4339-9507-3e258678c9d9: the server could not find the requested resource (get pods dns-test-0db633bd-f773-4339-9507-3e258678c9d9)&#xA;Aug 27 12:15:43.359: INFO: Lookups using dns-2715/dns-test-0db633bd-f773-4339-9507-3e258678c9d9 failed for: [wheezy_udp@PodARecord wheezy_tcp@PodARecord jessie_udp@PodARecord jessie_tcp@PodARecord]&#xA;&#xA;Aug 27 12:15:48.346: INFO: Unable to read wheezy_udp@PodARecord from pod dns-2715/dns-test-0db633bd-f773-4339-9507-3e258678c9d9: the server could not find the requested resource (get pods dns-test-0db633bd-f773-4339-9507-3e258678c9d9)&#xA;Aug 27 12:15:48.351: INFO: Unable to read wheezy_tcp@PodARecord from pod dns-2715/dns-test-0db633bd-f773-4339-9507-3e258678c9d9: the server could not find the requested resource (get pods dns-test-0db633bd-f773-4339-9507-3e258678c9d9)&#xA;Aug 27 12:15:48.365: INFO: Unable to read jessie_udp@PodARecord from pod dns-2715/dns-test-0db633bd-f773-4339-9507-3e258678c9d9: the server could not find the requested resource (get pods dns-test-0db633bd-f773-4339-9507-3e258678c9d9)&#xA;Aug 27 12:15:48.368: INFO: Unable to read jessie_tcp@PodARecord from pod dns-2715/dns-test-0db633bd-f773-4339-9507-3e258678c9d9: the server could not find the requested resource (get pods dns-test-0db633bd-f773-4339-9507-3e258678c9d9)&#xA;Aug 27 12:15:48.368: INFO: Lookups using dns-2715/dns-test-0db633bd-f773-4339-9507-3e258678c9d9 failed for: [wheezy_udp@PodARecord wheezy_tcp@PodARecord jessie_udp@PodARecord jessie_tcp@PodARecord]&#xA;&#xA;Aug 27 12:15:53.345: INFO: Unable to read wheezy_udp@PodARecord from pod dns-2715/dns-test-0db633bd-f773-4339-9507-3e258678c9d9: the server could not find the requested resource (get pods dns-test-0db633bd-f773-4339-9507-3e258678c9d9)&#xA;Aug 27 12:15:53.350: INFO: Unable to read wheezy_tcp@PodARecord from pod dns-2715/dns-test-0db633bd-f773-4339-9507-3e258678c9d9: the server could not find the requested resource (get pods dns-test-0db633bd-f773-4339-9507-3e258678c9d9)&#xA;Aug 27 12:15:53.362: INFO: Unable to read jessie_udp@PodARecord from pod dns-2715/dns-test-0db633bd-f773-4339-9507-3e258678c9d9: the server could not find the requested resource (get pods dns-test-0db633bd-f773-4339-9507-3e258678c9d9)&#xA;Aug 27 12:15:53.366: INFO: Unable to read jessie_tcp@PodARecord from pod dns-2715/dns-test-0db633bd-f773-4339-9507-3e258678c9d9: the server could not find the requested resource (get pods dns-test-0db633bd-f773-4339-9507-3e258678c9d9)&#xA;Aug 27 12:15:53.366: INFO: Lookups using dns-2715/dns-test-0db633bd-f773-4339-9507-3e258678c9d9 failed for: [wheezy_udp@PodARecord wheezy_tcp@PodARecord jessie_udp@PodARecord jessie_tcp@PodARecord]&#xA;&#xA;Aug 27 12:15:58.350: INFO: Unable to read wheezy_udp@PodARecord from pod dns-2715/dns-test-0db633bd-f773-4339-9507-3e258678c9d9: the server could not find the requested resource (get pods dns-test-0db633bd-f773-4339-9507-3e258678c9d9)&#xA;Aug 27 12:15:58.355: INFO: Unable to read wheezy_tcp@PodARecord from pod dns-2715/dns-test-0db633bd-f773-4339-9507-3e258678c9d9: the server could not find the requested resource (get pods dns-test-0db633bd-f773-4339-9507-3e258678c9d9)&#xA;Aug 27 12:15:58.369: INFO: Unable to read jessie_udp@PodARecord from pod dns-2715/dns-test-0db633bd-f773-4339-9507-3e258678c9d9: the server could not find the requested resource (get pods dns-test-0db633bd-f773-4339-9507-3e258678c9d9)&#xA;Aug 27 12:15:58.373: INFO: Unable to read jessie_tcp@PodARecord from pod dns-2715/dns-test-0db633bd-f773-4339-9507-3e258678c9d9: the server could not find the requested resource (get pods dns-test-0db633bd-f773-4339-9507-3e258678c9d9)&#xA;Aug 27 12:15:58.373: INFO: Lookups using dns-2715/dns-test-0db633bd-f773-4339-9507-3e258678c9d9 failed for: [wheezy_udp@PodARecord wheezy_tcp@PodARecord jessie_udp@PodARecord jessie_tcp@PodARecord]&#xA;&#xA;Aug 27 12:16:03.348: INFO: Unable to read wheezy_udp@PodARecord from pod dns-2715/dns-test-0db633bd-f773-4339-9507-3e258678c9d9: the server could not find the requested resource (get pods dns-test-0db633bd-f773-4339-9507-3e258678c9d9)&#xA;Aug 27 12:16:03.351: INFO: Unable to read wheezy_tcp@PodARecord from pod dns-2715/dns-test-0db633bd-f773-4339-9507-3e258678c9d9: the server could not find the requested resource (get pods dns-test-0db633bd-f773-4339-9507-3e258678c9d9)&#xA;Aug 27 12:16:03.366: INFO: Unable to read jessie_udp@PodARecord from pod dns-2715/dns-test-0db633bd-f773-4339-9507-3e258678c9d9: the server could not find the requested resource (get pods dns-test-0db633bd-f773-4339-9507-3e258678c9d9)&#xA;Aug 27 12:16:03.372: INFO: Unable to read jessie_tcp@PodARecord from pod dns-2715/dns-test-0db633bd-f773-4339-9507-3e258678c9d9: the server could not find the requested resource (get pods dns-test-0db633bd-f773-4339-9507-3e258678c9d9)&#xA;Aug 27 12:16:03.372: INFO: Lookups using dns-2715/dns-test-0db633bd-f773-4339-9507-3e258678c9d9 failed for: [wheezy_udp@PodARecord wheezy_tcp@PodARecord jessie_udp@PodARecord jessie_tcp@PodARecord]&#xA;&#xA;Aug 27 12:16:08.370: INFO: Unable to read wheezy_udp@PodARecord from pod dns-2715/dns-test-0db633bd-f773-4339-9507-3e258678c9d9: the server could not find the requested resource (get pods dns-test-0db633bd-f773-4339-9507-3e258678c9d9)&#xA;Aug 27 12:16:08.377: INFO: Unable to read wheezy_tcp@PodARecord from pod dns-2715/dns-test-0db633bd-f773-4339-9507-3e258678c9d9: the server could not find the requested resource (get pods dns-test-0db633bd-f773-4339-9507-3e258678c9d9)&#xA;Aug 27 12:16:08.390: INFO: Unable to read jessie_udp@PodARecord from pod dns-2715/dns-test-0db633bd-f773-4339-9507-3e258678c9d9: the server could not find the requested resource (get pods dns-test-0db633bd-f773-4339-9507-3e258678c9d9)&#xA;Aug 27 12:16:08.393: INFO: Unable to read jessie_tcp@PodARecord from pod dns-2715/dns-test-0db633bd-f773-4339-9507-3e258678c9d9: the server could not find the requested resource (get pods dns-test-0db633bd-f773-4339-9507-3e258678c9d9)&#xA;Aug 27 12:16:08.393: INFO: Lookups using dns-2715/dns-test-0db633bd-f773-4339-9507-3e258678c9d9 failed for: [wheezy_udp@PodARecord wheezy_tcp@PodARecord jessie_udp@PodARecord jessie_tcp@PodARecord]&#xA;&#xA;Aug 27 12:16:13.348: INFO: Unable to read wheezy_udp@PodARecord from pod dns-2715/dns-test-0db633bd-f773-4339-9507-3e258678c9d9: the server could not find the requested resource (get pods dns-test-0db633bd-f773-4339-9507-3e258678c9d9)&#xA;Aug 27 12:16:13.352: INFO: Unable to read wheezy_tcp@PodARecord from pod dns-2715/dns-test-0db633bd-f773-4339-9507-3e258678c9d9: the server could not find the requested resource (get pods dns-test-0db633bd-f773-4339-9507-3e258678c9d9)&#xA;Aug 27 12:16:13.371: INFO: Unable to read jessie_udp@PodARecord from pod dns-2715/dns-test-0db633bd-f773-4339-9507-3e258678c9d9: the server could not find the requested resource (get pods dns-test-0db633bd-f773-4339-9507-3e258678c9d9)&#xA;Aug 27 12:16:13.390: INFO: Unable to read jessie_tcp@PodARecord from pod dns-2715/dns-test-0db633bd-f773-4339-9507-3e258678c9d9: the server could not find the requested resource (get pods dns-test-0db633bd-f773-4339-9507-3e258678c9d9)&#xA;Aug 27 12:16:13.390: INFO: Lookups using dns-2715/dns-test-0db633bd-f773-4339-9507-3e258678c9d9 failed for: [wheezy_udp@PodARecord wheezy_tcp@PodARecord jessie_udp@PodARecord jessie_tcp@PodARecord]&#xA;&#xA;Aug 27 12:16:18.362: INFO: Unable to read wheezy_udp@PodARecord from pod dns-2715/dns-test-0db633bd-f773-4339-9507-3e258678c9d9: the server could not find the requested resource (get pods dns-test-0db633bd-f773-4339-9507-3e258678c9d9)&#xA;Aug 27 12:16:18.366: INFO: Unable to read wheezy_tcp@PodARecord from pod dns-2715/dns-test-0db633bd-f773-4339-9507-3e258678c9d9: the server could not find the requested resource (get pods dns-test-0db633bd-f773-4339-9507-3e258678c9d9)&#xA;Aug 27 12:16:18.390: INFO: Unable to read jessie_udp@PodARecord from pod dns-2715/dns-test-0db633bd-f773-4339-9507-3e258678c9d9: the server could not find the requested resource (get pods dns-test-0db633bd-f773-4339-9507-3e258678c9d9)&#xA;Aug 27 12:16:18.398: INFO: Unable to read jessie_tcp@PodARecord from pod dns-2715/dns-test-0db633bd-f773-4339-9507-3e258678c9d9: the server could not find the requested resource (get pods dns-test-0db633bd-f773-4339-9507-3e258678c9d9)&#xA;Aug 27 12:16:18.398: INFO: Lookups using dns-2715/dns-test-0db633bd-f773-4339-9507-3e258678c9d9 failed for: [wheezy_udp@PodARecord wheezy_tcp@PodARecord jessie_udp@PodARecord jessie_tcp@PodARecord]&#xA;&#xA;Aug 27 12:16:23.347: INFO: Unable to read wheezy_udp@PodARecord from pod dns-2715/dns-test-0db633bd-f773-4339-9507-3e258678c9d9: the server could not find the requested resource (get pods dns-test-0db633bd-f773-4339-9507-3e258678c9d9)&#xA;Aug 27 12:16:23.351: INFO: Unable to read wheezy_tcp@PodARecord from pod dns-2715/dns-test-0db633bd-f773-4339-9507-3e258678c9d9: the server could not find the requested resource (get pods dns-test-0db633bd-f773-4339-9507-3e258678c9d9)&#xA;Aug 27 12:16:23.362: INFO: Unable to read jessie_udp@PodARecord from pod dns-2715/dns-test-0db633bd-f773-4339-9507-3e258678c9d9: the server could not find the requested resource (get pods dns-test-0db633bd-f773-4339-9507-3e258678c9d9)&#xA;Aug 27 12:16:23.366: INFO: Unable to read jessie_tcp@PodARecord from pod dns-2715/dns-test-0db633bd-f773-4339-9507-3e258678c9d9: the server could not find the requested resource (get pods dns-test-0db633bd-f773-4339-9507-3e258678c9d9)&#xA;Aug 27 12:16:23.366: INFO: Lookups using dns-2715/dns-test-0db633bd-f773-4339-9507-3e258678c9d9 failed for: [wheezy_udp@PodARecord wheezy_tcp@PodARecord jessie_udp@PodARecord jessie_tcp@PodARecord]&#xA;&#xA;Aug 27 12:16:28.344: INFO: Unable to read wheezy_udp@PodARecord from pod dns-2715/dns-test-0db633bd-f773-4339-9507-3e258678c9d9: the server could not find the requested resource (get pods dns-test-0db633bd-f773-4339-9507-3e258678c9d9)&#xA;Aug 27 12:16:28.348: INFO: Unable to read wheezy_tcp@PodARecord from pod dns-2715/dns-test-0db633bd-f773-4339-9507-3e258678c9d9: the server could not find the requested resource (get pods dns-test-0db633bd-f773-4339-9507-3e258678c9d9)&#xA;Aug 27 12:16:28.358: INFO: Unable to read jessie_udp@PodARecord from pod dns-2715/dns-test-0db633bd-f773-4339-9507-3e258678c9d9: the server could not find the requested resource (get pods dns-test-0db633bd-f773-4339-9507-3e258678c9d9)&#xA;Aug 27 12:16:28.362: INFO: Unable to read jessie_tcp@PodARecord from pod dns-2715/dns-test-0db633bd-f773-4339-9507-3e258678c9d9: the server could not find the requested resource (get pods dns-test-0db633bd-f773-4339-9507-3e258678c9d9)&#xA;Aug 27 12:16:28.363: INFO: Lookups using dns-2715/dns-test-0db633bd-f773-4339-9507-3e258678c9d9 failed for: [wheezy_udp@PodARecord wheezy_tcp@PodARecord jessie_udp@PodARecord jessie_tcp@PodARecord]&#xA;&#xA;Aug 27 12:16:33.363: INFO: Unable to read wheezy_udp@PodARecord from pod dns-2715/dns-test-0db633bd-f773-4339-9507-3e258678c9d9: the server could not find the requested resource (get pods dns-test-0db633bd-f773-4339-9507-3e258678c9d9)&#xA;Aug 27 12:16:33.368: INFO: Unable to read wheezy_tcp@PodARecord from pod dns-2715/dns-test-0db633bd-f773-4339-9507-3e258678c9d9: the server could not find the requested resource (get pods dns-test-0db633bd-f773-4339-9507-3e258678c9d9)&#xA;Aug 27 12:16:33.388: INFO: Unable to read jessie_udp@PodARecord from pod dns-2715/dns-test-0db633bd-f773-4339-9507-3e258678c9d9: the server could not find the requested resource (get pods dns-test-0db633bd-f773-4339-9507-3e258678c9d9)&#xA;Aug 27 12:16:33.396: INFO: Unable to read jessie_tcp@PodARecord from pod dns-2715/dns-test-0db633bd-f773-4339-9507-3e258678c9d9: the server could not find the requested resource (get pods dns-test-0db633bd-f773-4339-9507-3e258678c9d9)&#xA;Aug 27 12:16:33.397: INFO: Lookups using dns-2715/dns-test-0db633bd-f773-4339-9507-3e258678c9d9 failed for: [wheezy_udp@PodARecord wheezy_tcp@PodARecord jessie_udp@PodARecord jessie_tcp@PodARecord]&#xA;&#xA;Aug 27 12:16:38.351: INFO: Unable to read wheezy_udp@PodARecord from pod dns-2715/dns-test-0db633bd-f773-4339-9507-3e258678c9d9: the server could not find the requested resource (get pods dns-test-0db633bd-f773-4339-9507-3e258678c9d9)&#xA;Aug 27 12:16:38.360: INFO: Unable to read wheezy_tcp@PodARecord from pod dns-2715/dns-test-0db633bd-f773-4339-9507-3e258678c9d9: the server could not find the requested resource (get pods dns-test-0db633bd-f773-4339-9507-3e258678c9d9)&#xA;Aug 27 12:16:38.371: INFO: Unable to read jessie_udp@PodARecord from pod dns-2715/dns-test-0db633bd-f773-4339-9507-3e258678c9d9: the server could not find the requested resource (get pods dns-test-0db633bd-f773-4339-9507-3e258678c9d9)&#xA;Aug 27 12:16:38.375: INFO: Unable to read jessie_tcp@PodARecord from pod dns-2715/dns-test-0db633bd-f773-4339-9507-3e258678c9d9: the server could not find the requested resource (get pods dns-test-0db633bd-f773-4339-9507-3e258678c9d9)&#xA;Aug 27 12:16:38.375: INFO: Lookups using dns-2715/dns-test-0db633bd-f773-4339-9507-3e258678c9d9 failed for: [wheezy_udp@PodARecord wheezy_tcp@PodARecord jessie_udp@PodARecord jessie_tcp@PodARecord]&#xA;&#xA;Aug 27 12:16:43.345: INFO: Unable to read wheezy_udp@PodARecord from pod dns-2715/dns-test-0db633bd-f773-4339-9507-3e258678c9d9: the server could not find the requested resource (get pods dns-test-0db633bd-f773-4339-9507-3e258678c9d9)&#xA;Aug 27 12:16:43.347: INFO: Unable to read wheezy_tcp@PodARecord from pod dns-2715/dns-test-0db633bd-f773-4339-9507-3e258678c9d9: the server could not find the requested resource (get pods dns-test-0db633bd-f773-4339-9507-3e258678c9d9)&#xA;Aug 27 12:16:43.355: INFO: Unable to read jessie_udp@PodARecord from pod dns-2715/dns-test-0db633bd-f773-4339-9507-3e258678c9d9: the server could not find the requested resource (get pods dns-test-0db633bd-f773-4339-9507-3e258678c9d9)&#xA;Aug 27 12:16:43.359: INFO: Unable to read jessie_tcp@PodARecord from pod dns-2715/dns-test-0db633bd-f773-4339-9507-3e258678c9d9: the server could not find the requested resource (get pods dns-test-0db633bd-f773-4339-9507-3e258678c9d9)&#xA;Aug 27 12:16:43.359: INFO: Lookups using dns-2715/dns-test-0db633bd-f773-4339-9507-3e258678c9d9 failed for: [wheezy_udp@PodARecord wheezy_tcp@PodARecord jessie_udp@PodARecord jessie_tcp@PodARecord]&#xA;&#xA;Aug 27 12:16:48.352: INFO: Unable to read wheezy_udp@PodARecord from pod dns-2715/dns-test-0db633bd-f773-4339-9507-3e258678c9d9: the server could not find the requested resource (get pods dns-test-0db633bd-f773-4339-9507-3e258678c9d9)&#xA;Aug 27 12:16:48.356: INFO: Unable to read wheezy_tcp@PodARecord from pod dns-2715/dns-test-0db633bd-f773-4339-9507-3e258678c9d9: the server could not find the requested resource (get pods dns-test-0db633bd-f773-4339-9507-3e258678c9d9)&#xA;Aug 27 12:16:48.372: INFO: Unable to read jessie_udp@PodARecord from pod dns-2715/dns-test-0db633bd-f773-4339-9507-3e258678c9d9: the server could not find the requested resource (get pods dns-test-0db633bd-f773-4339-9507-3e258678c9d9)&#xA;Aug 27 12:16:48.376: INFO: Unable to read jessie_tcp@PodARecord from pod dns-2715/dns-test-0db633bd-f773-4339-9507-3e258678c9d9: the server could not find the requested resource (get pods dns-test-0db633bd-f773-4339-9507-3e258678c9d9)&#xA;Aug 27 12:16:48.376: INFO: Lookups using dns-2715/dns-test-0db633bd-f773-4339-9507-3e258678c9d9 failed for: [wheezy_udp@PodARecord wheezy_tcp@PodARecord jessie_udp@PodARecord jessie_tcp@PodARecord]&#xA;&#xA;Aug 27 12:16:53.351: INFO: Unable to read wheezy_udp@PodARecord from pod dns-2715/dns-test-0db633bd-f773-4339-9507-3e258678c9d9: the server could not find the requested resource (get pods dns-test-0db633bd-f773-4339-9507-3e258678c9d9)&#xA;Aug 27 12:16:53.357: INFO: Unable to read wheezy_tcp@PodARecord from pod dns-2715/dns-test-0db633bd-f773-4339-9507-3e258678c9d9: the server could not find the requested resource (get pods dns-test-0db633bd-f773-4339-9507-3e258678c9d9)&#xA;Aug 27 12:16:53.368: INFO: Unable to read jessie_udp@PodARecord from pod dns-2715/dns-test-0db633bd-f773-4339-9507-3e258678c9d9: the server could not find the requested resource (get pods dns-test-0db633bd-f773-4339-9507-3e258678c9d9)&#xA;Aug 27 12:16:53.373: INFO: Unable to read jessie_tcp@PodARecord from pod dns-2715/dns-test-0db633bd-f773-4339-9507-3e258678c9d9: the server could not find the requested resource (get pods dns-test-0db633bd-f773-4339-9507-3e258678c9d9)&#xA;Aug 27 12:16:53.373: INFO: Lookups using dns-2715/dns-test-0db633bd-f773-4339-9507-3e258678c9d9 failed for: [wheezy_udp@PodARecord wheezy_tcp@PodARecord jessie_udp@PodARecord jessie_tcp@PodARecord]&#xA;&#xA;Aug 27 12:16:58.363: INFO: Unable to read wheezy_udp@PodARecord from pod dns-2715/dns-test-0db633bd-f773-4339-9507-3e258678c9d9: the server could not find the requested resource (get pods dns-test-0db633bd-f773-4339-9507-3e258678c9d9)&#xA;Aug 27 12:16:58.367: INFO: Unable to read wheezy_tcp@PodARecord from pod dns-2715/dns-test-0db633bd-f773-4339-9507-3e258678c9d9: the server could not find the requested resource (get pods dns-test-0db633bd-f773-4339-9507-3e258678c9d9)&#xA;Aug 27 12:16:58.385: INFO: Unable to read jessie_udp@PodARecord from pod dns-2715/dns-test-0db633bd-f773-4339-9507-3e258678c9d9: the server could not find the requested resource (get pods dns-test-0db633bd-f773-4339-9507-3e258678c9d9)&#xA;Aug 27 12:16:58.391: INFO: Unable to read jessie_tcp@PodARecord from pod dns-2715/dns-test-0db633bd-f773-4339-9507-3e258678c9d9: the server could not find the requested resource (get pods dns-test-0db633bd-f773-4339-9507-3e258678c9d9)&#xA;Aug 27 12:16:58.391: INFO: Lookups using dns-2715/dns-test-0db633bd-f773-4339-9507-3e258678c9d9 failed for: [wheezy_udp@PodARecord wheezy_tcp@PodARecord jessie_udp@PodARecord jessie_tcp@PodARecord]&#xA;&#xA;Aug 27 12:17:03.347: INFO: Unable to read wheezy_udp@PodARecord from pod dns-2715/dns-test-0db633bd-f773-4339-9507-3e258678c9d9: the server could not find the requested resource (get pods dns-test-0db633bd-f773-4339-9507-3e258678c9d9)&#xA;Aug 27 12:17:03.351: INFO: Unable to read wheezy_tcp@PodARecord from pod dns-2715/dns-test-0db633bd-f773-4339-9507-3e258678c9d9: the server could not find the requested resource (get pods dns-test-0db633bd-f773-4339-9507-3e258678c9d9)&#xA;Aug 27 12:17:03.387: INFO: Unable to read jessie_udp@PodARecord from pod dns-2715/dns-test-0db633bd-f773-4339-9507-3e258678c9d9: the server could not find the requested resource (get pods dns-test-0db633bd-f773-4339-9507-3e258678c9d9)&#xA;Aug 27 12:17:03.392: INFO: Unable to read jessie_tcp@PodARecord from pod dns-2715/dns-test-0db633bd-f773-4339-9507-3e258678c9d9: the server could not find the requested resource (get pods dns-test-0db633bd-f773-4339-9507-3e258678c9d9)&#xA;Aug 27 12:17:03.392: INFO: Lookups using dns-2715/dns-test-0db633bd-f773-4339-9507-3e258678c9d9 failed for: [wheezy_udp@PodARecord wheezy_tcp@PodARecord jessie_udp@PodARecord jessie_tcp@PodARecord]&#xA;&#xA;Aug 27 12:17:08.355: INFO: Unable to read wheezy_udp@PodARecord from pod dns-2715/dns-test-0db633bd-f773-4339-9507-3e258678c9d9: the server could not find the requested resource (get pods dns-test-0db633bd-f773-4339-9507-3e258678c9d9)&#xA;Aug 27 12:17:08.362: INFO: Unable to read wheezy_tcp@PodARecord from pod dns-2715/dns-test-0db633bd-f773-4339-9507-3e258678c9d9: the server could not find the requested resource (get pods dns-test-0db633bd-f773-4339-9507-3e258678c9d9)&#xA;Aug 27 12:17:08.403: INFO: Unable to read jessie_udp@PodARecord from pod dns-2715/dns-test-0db633bd-f773-4339-9507-3e258678c9d9: the server could not find the requested resource (get pods dns-test-0db633bd-f773-4339-9507-3e258678c9d9)&#xA;Aug 27 12:17:08.409: INFO: Unable to read jessie_tcp@PodARecord from pod dns-2715/dns-test-0db633bd-f773-4339-9507-3e258678c9d9: the server could not find the requested resource (get pods dns-test-0db633bd-f773-4339-9507-3e258678c9d9)&#xA;Aug 27 12:17:08.409: INFO: Lookups using dns-2715/dns-test-0db633bd-f773-4339-9507-3e258678c9d9 failed for: [wheezy_udp@PodARecord wheezy_tcp@PodARecord jessie_udp@PodARecord jessie_tcp@PodARecord]&#xA;&#xA;Aug 27 12:17:13.356: INFO: Unable to read wheezy_udp@PodARecord from pod dns-2715/dns-test-0db633bd-f773-4339-9507-3e258678c9d9: the server could not find the requested resource (get pods dns-test-0db633bd-f773-4339-9507-3e258678c9d9)&#xA;Aug 27 12:17:13.360: INFO: Unable to read wheezy_tcp@PodARecord from pod dns-2715/dns-test-0db633bd-f773-4339-9507-3e258678c9d9: the server could not find the requested resource (get pods dns-test-0db633bd-f773-4339-9507-3e258678c9d9)&#xA;Aug 27 12:17:13.375: INFO: Unable to read jessie_udp@PodARecord from pod dns-2715/dns-test-0db633bd-f773-4339-9507-3e258678c9d9: the server could not find the requested resource (get pods dns-test-0db633bd-f773-4339-9507-3e258678c9d9)&#xA;Aug 27 12:17:13.379: INFO: Unable to read jessie_tcp@PodARecord from pod dns-2715/dns-test-0db633bd-f773-4339-9507-3e258678c9d9: the server could not find the requested resource (get pods dns-test-0db633bd-f773-4339-9507-3e258678c9d9)&#xA;Aug 27 12:17:13.379: INFO: Lookups using dns-2715/dns-test-0db633bd-f773-4339-9507-3e258678c9d9 failed for: [wheezy_udp@PodARecord wheezy_tcp@PodARecord jessie_udp@PodARecord jessie_tcp@PodARecord]&#xA;&#xA;Aug 27 12:17:18.353: INFO: Unable to read wheezy_udp@PodARecord from pod dns-2715/dns-test-0db633bd-f773-4339-9507-3e258678c9d9: the server could not find the requested resource (get pods dns-test-0db633bd-f773-4339-9507-3e258678c9d9)&#xA;Aug 27 12:17:18.379: INFO: Unable to read wheezy_tcp@PodARecord from pod dns-2715/dns-test-0db633bd-f773-4339-9507-3e258678c9d9: the server could not find the requested resource (get pods dns-test-0db633bd-f773-4339-9507-3e258678c9d9)&#xA;Aug 27 12:17:18.404: INFO: Unable to read jessie_udp@PodARecord from pod dns-2715/dns-test-0db633bd-f773-4339-9507-3e258678c9d9: the server could not find the requested resource (get pods dns-test-0db633bd-f773-4339-9507-3e258678c9d9)&#xA;Aug 27 12:17:18.425: INFO: Unable to read jessie_tcp@PodARecord from pod dns-2715/dns-test-0db633bd-f773-4339-9507-3e258678c9d9: the server could not find the requested resource (get pods dns-test-0db633bd-f773-4339-9507-3e258678c9d9)&#xA;Aug 27 12:17:18.426: INFO: Lookups using dns-2715/dns-test-0db633bd-f773-4339-9507-3e258678c9d9 failed for: [wheezy_udp@PodARecord wheezy_tcp@PodARecord jessie_udp@PodARecord jessie_tcp@PodARecord]&#xA;&#xA;Aug 27 12:17:23.359: INFO: Unable to read wheezy_udp@PodARecord from pod dns-2715/dns-test-0db633bd-f773-4339-9507-3e258678c9d9: the server could not find the requested resource (get pods dns-test-0db633bd-f773-4339-9507-3e258678c9d9)&#xA;Aug 27 12:17:23.363: INFO: Unable to read wheezy_tcp@PodARecord from pod dns-2715/dns-test-0db633bd-f773-4339-9507-3e258678c9d9: the server could not find the requested resource (get pods dns-test-0db633bd-f773-4339-9507-3e258678c9d9)&#xA;Aug 27 12:17:23.382: INFO: Unable to read jessie_udp@PodARecord from pod dns-2715/dns-test-0db633bd-f773-4339-9507-3e258678c9d9: the server could not find the requested resource (get pods dns-test-0db633bd-f773-4339-9507-3e258678c9d9)&#xA;Aug 27 12:17:23.387: INFO: Unable to read jessie_tcp@PodARecord from pod dns-2715/dns-test-0db633bd-f773-4339-9507-3e258678c9d9: the server could not find the requested resource (get pods dns-test-0db633bd-f773-4339-9507-3e258678c9d9)&#xA;Aug 27 12:17:23.387: INFO: Lookups using dns-2715/dns-test-0db633bd-f773-4339-9507-3e258678c9d9 failed for: [wheezy_udp@PodARecord wheezy_tcp@PodARecord jessie_udp@PodARecord jessie_tcp@PodARecord]&#xA;&#xA;Aug 27 12:17:28.348: INFO: Unable to read wheezy_udp@PodARecord from pod dns-2715/dns-test-0db633bd-f773-4339-9507-3e258678c9d9: the server could not find the requested resource (get pods dns-test-0db633bd-f773-4339-9507-3e258678c9d9)&#xA;Aug 27 12:17:28.353: INFO: Unable to read wheezy_tcp@PodARecord from pod dns-2715/dns-test-0db633bd-f773-4339-9507-3e258678c9d9: the server could not find the requested resource (get pods dns-test-0db633bd-f773-4339-9507-3e258678c9d9)&#xA;Aug 27 12:17:28.367: INFO: Unable to read jessie_udp@PodARecord from pod dns-2715/dns-test-0db633bd-f773-4339-9507-3e258678c9d9: the server could not find the requested resource (get pods dns-test-0db633bd-f773-4339-9507-3e258678c9d9)&#xA;Aug 27 12:17:28.380: INFO: Unable to read jessie_tcp@PodARecord from pod dns-2715/dns-test-0db633bd-f773-4339-9507-3e258678c9d9: the server could not find the requested resource (get pods dns-test-0db633bd-f773-4339-9507-3e258678c9d9)&#xA;Aug 27 12:17:28.380: INFO: Lookups using dns-2715/dns-test-0db633bd-f773-4339-9507-3e258678c9d9 failed for: [wheezy_udp@PodARecord wheezy_tcp@PodARecord jessie_udp@PodARecord jessie_tcp@PodARecord]&#xA;&#xA;Aug 27 12:17:33.351: INFO: Unable to read wheezy_udp@PodARecord from pod dns-2715/dns-test-0db633bd-f773-4339-9507-3e258678c9d9: the server could not find the requested resource (get pods dns-test-0db633bd-f773-4339-9507-3e258678c9d9)&#xA;Aug 27 12:17:33.359: INFO: Unable to read wheezy_tcp@PodARecord from pod dns-2715/dns-test-0db633bd-f773-4339-9507-3e258678c9d9: the server could not find the requested resource (get pods dns-test-0db633bd-f773-4339-9507-3e258678c9d9)&#xA;Aug 27 12:17:33.376: INFO: Unable to read jessie_udp@PodARecord from pod dns-2715/dns-test-0db633bd-f773-4339-9507-3e258678c9d9: the server could not find the requested resource (get pods dns-test-0db633bd-f773-4339-9507-3e258678c9d9)&#xA;Aug 27 12:17:33.382: INFO: Unable to read jessie_tcp@PodARecord from pod dns-2715/dns-test-0db633bd-f773-4339-9507-3e258678c9d9: the server could not find the requested resource (get pods dns-test-0db633bd-f773-4339-9507-3e258678c9d9)&#xA;Aug 27 12:17:33.382: INFO: Lookups using dns-2715/dns-test-0db633bd-f773-4339-9507-3e258678c9d9 failed for: [wheezy_udp@PodARecord wheezy_tcp@PodARecord jessie_udp@PodARecord jessie_tcp@PodARecord]&#xA;&#xA;Aug 27 12:17:38.343: INFO: Unable to read wheezy_udp@PodARecord from pod dns-2715/dns-test-0db633bd-f773-4339-9507-3e258678c9d9: the server could not find the requested resource (get pods dns-test-0db633bd-f773-4339-9507-3e258678c9d9)&#xA;Aug 27 12:17:38.347: INFO: Unable to read wheezy_tcp@PodARecord from pod dns-2715/dns-test-0db633bd-f773-4339-9507-3e258678c9d9: the server could not find the requested resource (get pods dns-test-0db633bd-f773-4339-9507-3e258678c9d9)&#xA;Aug 27 12:17:38.357: INFO: Unable to read jessie_udp@PodARecord from pod dns-2715/dns-test-0db633bd-f773-4339-9507-3e258678c9d9: the server could not find the requested resource (get pods dns-test-0db633bd-f773-4339-9507-3e258678c9d9)&#xA;Aug 27 12:17:38.361: INFO: Unable to read jessie_tcp@PodARecord from pod dns-2715/dns-test-0db633bd-f773-4339-9507-3e258678c9d9: the server could not find the requested resource (get pods dns-test-0db633bd-f773-4339-9507-3e258678c9d9)&#xA;Aug 27 12:17:38.361: INFO: Lookups using dns-2715/dns-test-0db633bd-f773-4339-9507-3e258678c9d9 failed for: [wheezy_udp@PodARecord wheezy_tcp@PodARecord jessie_udp@PodARecord jessie_tcp@PodARecord]&#xA;&#xA;Aug 27 12:17:43.352: INFO: Unable to read wheezy_udp@PodARecord from pod dns-2715/dns-test-0db633bd-f773-4339-9507-3e258678c9d9: the server could not find the requested resource (get pods dns-test-0db633bd-f773-4339-9507-3e258678c9d9)&#xA;Aug 27 12:17:43.370: INFO: Unable to read wheezy_tcp@PodARecord from pod dns-2715/dns-test-0db633bd-f773-4339-9507-3e258678c9d9: the server could not find the requested resource (get pods dns-test-0db633bd-f773-4339-9507-3e258678c9d9)&#xA;Aug 27 12:17:43.415: INFO: Unable to read jessie_udp@PodARecord from pod dns-2715/dns-test-0db633bd-f773-4339-9507-3e258678c9d9: the server could not find the requested resource (get pods dns-test-0db633bd-f773-4339-9507-3e258678c9d9)&#xA;Aug 27 12:17:43.418: INFO: Unable to read jessie_tcp@PodARecord from pod dns-2715/dns-test-0db633bd-f773-4339-9507-3e258678c9d9: the server could not find the requested resource (get pods dns-test-0db633bd-f773-4339-9507-3e258678c9d9)&#xA;Aug 27 12:17:43.418: INFO: Lookups using dns-2715/dns-test-0db633bd-f773-4339-9507-3e258678c9d9 failed for: [wheezy_udp@PodARecord wheezy_tcp@PodARecord jessie_udp@PodARecord jessie_tcp@PodARecord]&#xA;&#xA;Aug 27 12:17:48.347: INFO: Unable to read wheezy_udp@PodARecord from pod dns-2715/dns-test-0db633bd-f773-4339-9507-3e258678c9d9: the server could not find the requested resource (get pods dns-test-0db633bd-f773-4339-9507-3e258678c9d9)&#xA;Aug 27 12:17:48.350: INFO: Unable to read wheezy_tcp@PodARecord from pod dns-2715/dns-test-0db633bd-f773-4339-9507-3e258678c9d9: the server could not find the requested resource (get pods dns-test-0db633bd-f773-4339-9507-3e258678c9d9)&#xA;Aug 27 12:17:48.360: INFO: Unable to read jessie_udp@PodARecord from pod dns-2715/dns-test-0db633bd-f773-4339-9507-3e258678c9d9: the server could not find the requested resource (get pods dns-test-0db633bd-f773-4339-9507-3e258678c9d9)&#xA;Aug 27 12:17:48.364: INFO: Unable to read jessie_tcp@PodARecord from pod dns-2715/dns-test-0db633bd-f773-4339-9507-3e258678c9d9: the server could not find the requested resource (get pods dns-test-0db633bd-f773-4339-9507-3e258678c9d9)&#xA;Aug 27 12:17:48.365: INFO: Lookups using dns-2715/dns-test-0db633bd-f773-4339-9507-3e258678c9d9 failed for: [wheezy_udp@PodARecord wheezy_tcp@PodARecord jessie_udp@PodARecord jessie_tcp@PodARecord]&#xA;&#xA;Aug 27 12:17:53.343: INFO: Unable to read wheezy_udp@PodARecord from pod dns-2715/dns-test-0db633bd-f773-4339-9507-3e258678c9d9: the server could not find the requested resource (get pods dns-test-0db633bd-f773-4339-9507-3e258678c9d9)&#xA;Aug 27 12:17:53.347: INFO: Unable to read wheezy_tcp@PodARecord from pod dns-2715/dns-test-0db633bd-f773-4339-9507-3e258678c9d9: the server could not find the requested resource (get pods dns-test-0db633bd-f773-4339-9507-3e258678c9d9)&#xA;Aug 27 12:17:53.358: INFO: Unable to read jessie_udp@PodARecord from pod dns-2715/dns-test-0db633bd-f773-4339-9507-3e258678c9d9: the server could not find the requested resource (get pods dns-test-0db633bd-f773-4339-9507-3e258678c9d9)&#xA;Aug 27 12:17:53.362: INFO: Unable to read jessie_tcp@PodARecord from pod dns-2715/dns-test-0db633bd-f773-4339-9507-3e258678c9d9: the server could not find the requested resource (get pods dns-test-0db633bd-f773-4339-9507-3e258678c9d9)&#xA;Aug 27 12:17:53.362: INFO: Lookups using dns-2715/dns-test-0db633bd-f773-4339-9507-3e258678c9d9 failed for: [wheezy_udp@PodARecord wheezy_tcp@PodARecord jessie_udp@PodARecord jessie_tcp@PodARecord]&#xA;&#xA;Aug 27 12:17:58.367: INFO: Unable to read wheezy_udp@PodARecord from pod dns-2715/dns-test-0db633bd-f773-4339-9507-3e258678c9d9: the server could not find the requested resource (get pods dns-test-0db633bd-f773-4339-9507-3e258678c9d9)&#xA;Aug 27 12:17:58.383: INFO: Unable to read wheezy_tcp@PodARecord from pod dns-2715/dns-test-0db633bd-f773-4339-9507-3e258678c9d9: the server could not find the requested resource (get pods dns-test-0db633bd-f773-4339-9507-3e258678c9d9)&#xA;Aug 27 12:17:58.405: INFO: Unable to read jessie_udp@PodARecord from pod dns-2715/dns-test-0db633bd-f773-4339-9507-3e258678c9d9: the server could not find the requested resource (get pods dns-test-0db633bd-f773-4339-9507-3e258678c9d9)&#xA;Aug 27 12:17:58.409: INFO: Unable to read jessie_tcp@PodARecord from pod dns-2715/dns-test-0db633bd-f773-4339-9507-3e258678c9d9: the server could not find the requested resource (get pods dns-test-0db633bd-f773-4339-9507-3e258678c9d9)&#xA;Aug 27 12:17:58.409: INFO: Lookups using dns-2715/dns-test-0db633bd-f773-4339-9507-3e258678c9d9 failed for: [wheezy_udp@PodARecord wheezy_tcp@PodARecord jessie_udp@PodARecord jessie_tcp@PodARecord]&#xA;&#xA;Aug 27 12:18:03.402: INFO: Unable to read wheezy_udp@PodARecord from pod dns-2715/dns-test-0db633bd-f773-4339-9507-3e258678c9d9: the server could not find the requested resource (get pods dns-test-0db633bd-f773-4339-9507-3e258678c9d9)&#xA;Aug 27 12:18:03.406: INFO: Unable to read wheezy_tcp@PodARecord from pod dns-2715/dns-test-0db633bd-f773-4339-9507-3e258678c9d9: the server could not find the requested resource (get pods dns-test-0db633bd-f773-4339-9507-3e258678c9d9)&#xA;Aug 27 12:18:03.426: INFO: Unable to read jessie_udp@PodARecord from pod dns-2715/dns-test-0db633bd-f773-4339-9507-3e258678c9d9: the server could not find the requested resource (get pods dns-test-0db633bd-f773-4339-9507-3e258678c9d9)&#xA;Aug 27 12:18:03.429: INFO: Unable to read jessie_tcp@PodARecord from pod dns-2715/dns-test-0db633bd-f773-4339-9507-3e258678c9d9: the server could not find the requested resource (get pods dns-test-0db633bd-f773-4339-9507-3e258678c9d9)&#xA;Aug 27 12:18:03.429: INFO: Lookups using dns-2715/dns-test-0db633bd-f773-4339-9507-3e258678c9d9 failed for: [wheezy_udp@PodARecord wheezy_tcp@PodARecord jessie_udp@PodARecord jessie_tcp@PodARecord]&#xA;&#xA;Aug 27 12:18:08.344: INFO: Unable to read wheezy_udp@PodARecord from pod dns-2715/dns-test-0db633bd-f773-4339-9507-3e258678c9d9: the server could not find the requested resource (get pods dns-test-0db633bd-f773-4339-9507-3e258678c9d9)&#xA;Aug 27 12:18:08.347: INFO: Unable to read wheezy_tcp@PodARecord from pod dns-2715/dns-test-0db633bd-f773-4339-9507-3e258678c9d9: the server could not find the requested resource (get pods dns-test-0db633bd-f773-4339-9507-3e258678c9d9)&#xA;Aug 27 12:18:08.359: INFO: Unable to read jessie_udp@PodARecord from pod dns-2715/dns-test-0db633bd-f773-4339-9507-3e258678c9d9: the server could not find the requested resource (get pods dns-test-0db633bd-f773-4339-9507-3e258678c9d9)&#xA;Aug 27 12:18:08.362: INFO: Unable to read jessie_tcp@PodARecord from pod dns-2715/dns-test-0db633bd-f773-4339-9507-3e258678c9d9: the server could not find the requested resource (get pods dns-test-0db633bd-f773-4339-9507-3e258678c9d9)&#xA;Aug 27 12:18:08.362: INFO: Lookups using dns-2715/dns-test-0db633bd-f773-4339-9507-3e258678c9d9 failed for: [wheezy_udp@PodARecord wheezy_tcp@PodARecord jessie_udp@PodARecord jessie_tcp@PodARecord]&#xA;&#xA;Aug 27 12:18:13.349: INFO: Unable to read wheezy_udp@PodARecord from pod dns-2715/dns-test-0db633bd-f773-4339-9507-3e258678c9d9: the server could not find the requested resource (get pods dns-test-0db633bd-f773-4339-9507-3e258678c9d9)&#xA;Aug 27 12:18:13.353: INFO: Unable to read wheezy_tcp@PodARecord from pod dns-2715/dns-test-0db633bd-f773-4339-9507-3e258678c9d9: the server could not find the requested resource (get pods dns-test-0db633bd-f773-4339-9507-3e258678c9d9)&#xA;Aug 27 12:18:13.364: INFO: Unable to read jessie_udp@PodARecord from pod dns-2715/dns-test-0db633bd-f773-4339-9507-3e258678c9d9: the server could not find the requested resource (get pods dns-test-0db633bd-f773-4339-9507-3e258678c9d9)&#xA;Aug 27 12:18:13.369: INFO: Unable to read jessie_tcp@PodARecord from pod dns-2715/dns-test-0db633bd-f773-4339-9507-3e258678c9d9: the server could not find the requested resource (get pods dns-test-0db633bd-f773-4339-9507-3e258678c9d9)&#xA;Aug 27 12:18:13.369: INFO: Lookups using dns-2715/dns-test-0db633bd-f773-4339-9507-3e258678c9d9 failed for: [wheezy_udp@PodARecord wheezy_tcp@PodARecord jessie_udp@PodARecord jessie_tcp@PodARecord]&#xA;&#xA;Aug 27 12:18:18.345: INFO: Unable to read wheezy_udp@PodARecord from pod dns-2715/dns-test-0db633bd-f773-4339-9507-3e258678c9d9: the server could not find the requested resource (get pods dns-test-0db633bd-f773-4339-9507-3e258678c9d9)&#xA;Aug 27 12:18:18.348: INFO: Unable to read wheezy_tcp@PodARecord from pod dns-2715/dns-test-0db633bd-f773-4339-9507-3e258678c9d9: the server could not find the requested resource (get pods dns-test-0db633bd-f773-4339-9507-3e258678c9d9)&#xA;Aug 27 12:18:18.356: INFO: Unable to read jessie_udp@PodARecord from pod dns-2715/dns-test-0db633bd-f773-4339-9507-3e258678c9d9: the server could not find the requested resource (get pods dns-test-0db633bd-f773-4339-9507-3e258678c9d9)&#xA;Aug 27 12:18:18.359: INFO: Unable to read jessie_tcp@PodARecord from pod dns-2715/dns-test-0db633bd-f773-4339-9507-3e258678c9d9: the server could not find the requested resource (get pods dns-test-0db633bd-f773-4339-9507-3e258678c9d9)&#xA;Aug 27 12:18:18.360: INFO: Lookups using dns-2715/dns-test-0db633bd-f773-4339-9507-3e258678c9d9 failed for: [wheezy_udp@PodARecord wheezy_tcp@PodARecord jessie_udp@PodARecord jessie_tcp@PodARecord]&#xA;&#xA;Aug 27 12:18:23.344: INFO: Unable to read wheezy_udp@PodARecord from pod dns-2715/dns-test-0db633bd-f773-4339-9507-3e258678c9d9: the server could not find the requested resource (get pods dns-test-0db633bd-f773-4339-9507-3e258678c9d9)&#xA;Aug 27 12:18:23.351: INFO: Unable to read wheezy_tcp@PodARecord from pod dns-2715/dns-test-0db633bd-f773-4339-9507-3e258678c9d9: the server could not find the requested resource (get pods dns-test-0db633bd-f773-4339-9507-3e258678c9d9)&#xA;Aug 27 12:18:23.363: INFO: Unable to read jessie_udp@PodARecord from pod dns-2715/dns-test-0db633bd-f773-4339-9507-3e258678c9d9: the server could not find the requested resource (get pods dns-test-0db633bd-f773-4339-9507-3e258678c9d9)&#xA;Aug 27 12:18:23.367: INFO: Unable to read jessie_tcp@PodARecord from pod dns-2715/dns-test-0db633bd-f773-4339-9507-3e258678c9d9: the server could not find the requested resource (get pods dns-test-0db633bd-f773-4339-9507-3e258678c9d9)&#xA;Aug 27 12:18:23.367: INFO: Lookups using dns-2715/dns-test-0db633bd-f773-4339-9507-3e258678c9d9 failed for: [wheezy_udp@PodARecord wheezy_tcp@PodARecord jessie_udp@PodARecord jessie_tcp@PodARecord]&#xA;&#xA;Aug 27 12:18:28.347: INFO: Unable to read wheezy_udp@PodARecord from pod dns-2715/dns-test-0db633bd-f773-4339-9507-3e258678c9d9: the server could not find the requested resource (get pods dns-test-0db633bd-f773-4339-9507-3e258678c9d9)&#xA;Aug 27 12:18:28.350: INFO: Unable to read wheezy_tcp@PodARecord from pod dns-2715/dns-test-0db633bd-f773-4339-9507-3e258678c9d9: the server could not find the requested resource (get pods dns-test-0db633bd-f773-4339-9507-3e258678c9d9)&#xA;Aug 27 12:18:28.363: INFO: Unable to read jessie_udp@PodARecord from pod dns-2715/dns-test-0db633bd-f773-4339-9507-3e258678c9d9: the server could not find the requested resource (get pods dns-test-0db633bd-f773-4339-9507-3e258678c9d9)&#xA;Aug 27 12:18:28.367: INFO: Unable to read jessie_tcp@PodARecord from pod dns-2715/dns-test-0db633bd-f773-4339-9507-3e258678c9d9: the server could not find the requested resource (get pods dns-test-0db633bd-f773-4339-9507-3e258678c9d9)&#xA;Aug 27 12:18:28.367: INFO: Lookups using dns-2715/dns-test-0db633bd-f773-4339-9507-3e258678c9d9 failed for: [wheezy_udp@PodARecord wheezy_tcp@PodARecord jessie_udp@PodARecord jessie_tcp@PodARecord]&#xA;&#xA;Aug 27 12:18:33.355: INFO: Unable to read wheezy_udp@PodARecord from pod dns-2715/dns-test-0db633bd-f773-4339-9507-3e258678c9d9: the server could not find the requested resource (get pods dns-test-0db633bd-f773-4339-9507-3e258678c9d9)&#xA;Aug 27 12:18:33.360: INFO: Unable to read wheezy_tcp@PodARecord from pod dns-2715/dns-test-0db633bd-f773-4339-9507-3e258678c9d9: the server could not find the requested resource (get pods dns-test-0db633bd-f773-4339-9507-3e258678c9d9)&#xA;Aug 27 12:18:33.372: INFO: Unable to read jessie_udp@PodARecord from pod dns-2715/dns-test-0db633bd-f773-4339-9507-3e258678c9d9: the server could not find the requested resource (get pods dns-test-0db633bd-f773-4339-9507-3e258678c9d9)&#xA;Aug 27 12:18:33.375: INFO: Unable to read jessie_tcp@PodARecord from pod dns-2715/dns-test-0db633bd-f773-4339-9507-3e258678c9d9: the server could not find the requested resource (get pods dns-test-0db633bd-f773-4339-9507-3e258678c9d9)&#xA;Aug 27 12:18:33.376: INFO: Lookups using dns-2715/dns-test-0db633bd-f773-4339-9507-3e258678c9d9 failed for: [wheezy_udp@PodARecord wheezy_tcp@PodARecord jessie_udp@PodARecord jessie_tcp@PodARecord]&#xA;&#xA;Aug 27 12:18:38.353: INFO: Unable to read wheezy_udp@PodARecord from pod dns-2715/dns-test-0db633bd-f773-4339-9507-3e258678c9d9: the server could not find the requested resource (get pods dns-test-0db633bd-f773-4339-9507-3e258678c9d9)&#xA;Aug 27 12:18:38.357: INFO: Unable to read wheezy_tcp@PodARecord from pod dns-2715/dns-test-0db633bd-f773-4339-9507-3e258678c9d9: the server could not find the requested resource (get pods dns-test-0db633bd-f773-4339-9507-3e258678c9d9)&#xA;Aug 27 12:18:38.370: INFO: Unable to read jessie_udp@PodARecord from pod dns-2715/dns-test-0db633bd-f773-4339-9507-3e258678c9d9: the server could not find the requested resource (get pods dns-test-0db633bd-f773-4339-9507-3e258678c9d9)&#xA;Aug 27 12:18:38.373: INFO: Unable to read jessie_tcp@PodARecord from pod dns-2715/dns-test-0db633bd-f773-4339-9507-3e258678c9d9: the server could not find the requested resource (get pods dns-test-0db633bd-f773-4339-9507-3e258678c9d9)&#xA;Aug 27 12:18:38.373: INFO: Lookups using dns-2715/dns-test-0db633bd-f773-4339-9507-3e258678c9d9 failed for: [wheezy_udp@PodARecord wheezy_tcp@PodARecord jessie_udp@PodARecord jessie_tcp@PodARecord]&#xA;&#xA;Aug 27 12:18:43.344: INFO: Unable to read wheezy_udp@PodARecord from pod dns-2715/dns-test-0db633bd-f773-4339-9507-3e258678c9d9: the server could not find the requested resource (get pods dns-test-0db633bd-f773-4339-9507-3e258678c9d9)&#xA;Aug 27 12:18:43.347: INFO: Unable to read wheezy_tcp@PodARecord from pod dns-2715/dns-test-0db633bd-f773-4339-9507-3e258678c9d9: the server could not find the requested resource (get pods dns-test-0db633bd-f773-4339-9507-3e258678c9d9)&#xA;Aug 27 12:18:43.357: INFO: Unable to read jessie_udp@PodARecord from pod dns-2715/dns-test-0db633bd-f773-4339-9507-3e258678c9d9: the server could not find the requested resource (get pods dns-test-0db633bd-f773-4339-9507-3e258678c9d9)&#xA;Aug 27 12:18:43.360: INFO: Unable to read jessie_tcp@PodARecord from pod dns-2715/dns-test-0db633bd-f773-4339-9507-3e258678c9d9: the server could not find the requested resource (get pods dns-test-0db633bd-f773-4339-9507-3e258678c9d9)&#xA;Aug 27 12:18:43.360: INFO: Lookups using dns-2715/dns-test-0db633bd-f773-4339-9507-3e258678c9d9 failed for: [wheezy_udp@PodARecord wheezy_tcp@PodARecord jessie_udp@PodARecord jessie_tcp@PodARecord]&#xA;&#xA;Aug 27 12:18:48.347: INFO: Unable to read wheezy_udp@PodARecord from pod dns-2715/dns-test-0db633bd-f773-4339-9507-3e258678c9d9: the server could not find the requested resource (get pods dns-test-0db633bd-f773-4339-9507-3e258678c9d9)&#xA;Aug 27 12:18:48.357: INFO: Unable to read wheezy_tcp@PodARecord from pod dns-2715/dns-test-0db633bd-f773-4339-9507-3e258678c9d9: the server could not find the requested resource (get pods dns-test-0db633bd-f773-4339-9507-3e258678c9d9)&#xA;Aug 27 12:18:48.370: INFO: Unable to read jessie_udp@PodARecord from pod dns-2715/dns-test-0db633bd-f773-4339-9507-3e258678c9d9: the server could not find the requested resource (get pods dns-test-0db633bd-f773-4339-9507-3e258678c9d9)&#xA;Aug 27 12:18:48.376: INFO: Unable to read jessie_tcp@PodARecord from pod dns-2715/dns-test-0db633bd-f773-4339-9507-3e258678c9d9: the server could not find the requested resource (get pods dns-test-0db633bd-f773-4339-9507-3e258678c9d9)&#xA;Aug 27 12:18:48.376: INFO: Lookups using dns-2715/dns-test-0db633bd-f773-4339-9507-3e258678c9d9 failed for: [wheezy_udp@PodARecord wheezy_tcp@PodARecord jessie_udp@PodARecord jessie_tcp@PodARecord]&#xA;&#xA;Aug 27 12:18:53.382: INFO: Unable to read wheezy_udp@PodARecord from pod dns-2715/dns-test-0db633bd-f773-4339-9507-3e258678c9d9: the server could not find the requested resource (get pods dns-test-0db633bd-f773-4339-9507-3e258678c9d9)&#xA;Aug 27 12:18:53.387: INFO: Unable to read wheezy_tcp@PodARecord from pod dns-2715/dns-test-0db633bd-f773-4339-9507-3e258678c9d9: the server could not find the requested resource (get pods dns-test-0db633bd-f773-4339-9507-3e258678c9d9)&#xA;Aug 27 12:18:53.417: INFO: Unable to read jessie_udp@PodARecord from pod dns-2715/dns-test-0db633bd-f773-4339-9507-3e258678c9d9: the server could not find the requested resource (get pods dns-test-0db633bd-f773-4339-9507-3e258678c9d9)&#xA;Aug 27 12:18:53.421: INFO: Unable to read jessie_tcp@PodARecord from pod dns-2715/dns-test-0db633bd-f773-4339-9507-3e258678c9d9: the server could not find the requested resource (get pods dns-test-0db633bd-f773-4339-9507-3e258678c9d9)&#xA;Aug 27 12:18:53.421: INFO: Lookups using dns-2715/dns-test-0db633bd-f773-4339-9507-3e258678c9d9 failed for: [wheezy_udp@PodARecord wheezy_tcp@PodARecord jessie_udp@PodARecord jessie_tcp@PodARecord]&#xA;&#xA;Aug 27 12:18:58.349: INFO: Unable to read wheezy_udp@PodARecord from pod dns-2715/dns-test-0db633bd-f773-4339-9507-3e258678c9d9: the server could not find the requested resource (get pods dns-test-0db633bd-f773-4339-9507-3e258678c9d9)&#xA;Aug 27 12:18:58.353: INFO: Unable to read wheezy_tcp@PodARecord from pod dns-2715/dns-test-0db633bd-f773-4339-9507-3e258678c9d9: the server could not find the requested resource (get pods dns-test-0db633bd-f773-4339-9507-3e258678c9d9)&#xA;Aug 27 12:18:58.379: INFO: Unable to read jessie_udp@PodARecord from pod dns-2715/dns-test-0db633bd-f773-4339-9507-3e258678c9d9: the server could not find the requested resource (get pods dns-test-0db633bd-f773-4339-9507-3e258678c9d9)&#xA;Aug 27 12:18:58.400: INFO: Unable to read jessie_tcp@PodARecord from pod dns-2715/dns-test-0db633bd-f773-4339-9507-3e258678c9d9: the server could not find the requested resource (get pods dns-test-0db633bd-f773-4339-9507-3e258678c9d9)&#xA;Aug 27 12:18:58.401: INFO: Lookups using dns-2715/dns-test-0db633bd-f773-4339-9507-3e258678c9d9 failed for: [wheezy_udp@PodARecord wheezy_tcp@PodARecord jessie_udp@PodARecord jessie_tcp@PodARecord]&#xA;&#xA;Aug 27 12:19:03.361: INFO: Unable to read wheezy_udp@PodARecord from pod dns-2715/dns-test-0db633bd-f773-4339-9507-3e258678c9d9: the server could not find the requested resource (get pods dns-test-0db633bd-f773-4339-9507-3e258678c9d9)&#xA;Aug 27 12:19:03.367: INFO: Unable to read wheezy_tcp@PodARecord from pod dns-2715/dns-test-0db633bd-f773-4339-9507-3e258678c9d9: the server could not find the requested resource (get pods dns-test-0db633bd-f773-4339-9507-3e258678c9d9)&#xA;Aug 27 12:19:03.382: INFO: Unable to read jessie_udp@PodARecord from pod dns-2715/dns-test-0db633bd-f773-4339-9507-3e258678c9d9: the server could not find the requested resource (get pods dns-test-0db633bd-f773-4339-9507-3e258678c9d9)&#xA;Aug 27 12:19:03.386: INFO: Unable to read jessie_tcp@PodARecord from pod dns-2715/dns-test-0db633bd-f773-4339-9507-3e258678c9d9: the server could not find the requested resource (get pods dns-test-0db633bd-f773-4339-9507-3e258678c9d9)&#xA;Aug 27 12:19:03.386: INFO: Lookups using dns-2715/dns-test-0db633bd-f773-4339-9507-3e258678c9d9 failed for: [wheezy_udp@PodARecord wheezy_tcp@PodARecord jessie_udp@PodARecord jessie_tcp@PodARecord]&#xA;&#xA;Aug 27 12:19:08.351: INFO: Unable to read wheezy_udp@PodARecord from pod dns-2715/dns-test-0db633bd-f773-4339-9507-3e258678c9d9: the server could not find the requested resource (get pods dns-test-0db633bd-f773-4339-9507-3e258678c9d9)&#xA;Aug 27 12:19:08.357: INFO: Unable to read wheezy_tcp@PodARecord from pod dns-2715/dns-test-0db633bd-f773-4339-9507-3e258678c9d9: the server could not find the requested resource (get pods dns-test-0db633bd-f773-4339-9507-3e258678c9d9)&#xA;Aug 27 12:19:08.388: INFO: Unable to read jessie_udp@PodARecord from pod dns-2715/dns-test-0db633bd-f773-4339-9507-3e258678c9d9: the server could not find the requested resource (get pods dns-test-0db633bd-f773-4339-9507-3e258678c9d9)&#xA;Aug 27 12:19:08.420: INFO: Unable to read jessie_tcp@PodARecord from pod dns-2715/dns-test-0db633bd-f773-4339-9507-3e258678c9d9: the server could not find the requested resource (get pods dns-test-0db633bd-f773-4339-9507-3e258678c9d9)&#xA;Aug 27 12:19:08.420: INFO: Lookups using dns-2715/dns-test-0db633bd-f773-4339-9507-3e258678c9d9 failed for: [wheezy_udp@PodARecord wheezy_tcp@PodARecord jessie_udp@PodARecord jessie_tcp@PodARecord]&#xA;&#xA;Aug 27 12:19:13.347: INFO: Unable to read wheezy_udp@PodARecord from pod dns-2715/dns-test-0db633bd-f773-4339-9507-3e258678c9d9: the server could not find the requested resource (get pods dns-test-0db633bd-f773-4339-9507-3e258678c9d9)&#xA;Aug 27 12:19:13.353: INFO: Unable to read wheezy_tcp@PodARecord from pod dns-2715/dns-test-0db633bd-f773-4339-9507-3e258678c9d9: the server could not find the requested resource (get pods dns-test-0db633bd-f773-4339-9507-3e258678c9d9)&#xA;Aug 27 12:19:13.369: INFO: Unable to read jessie_udp@PodARecord from pod dns-2715/dns-test-0db633bd-f773-4339-9507-3e258678c9d9: the server could not find the requested resource (get pods dns-test-0db633bd-f773-4339-9507-3e258678c9d9)&#xA;Aug 27 12:19:13.374: INFO: Unable to read jessie_tcp@PodARecord from pod dns-2715/dns-test-0db633bd-f773-4339-9507-3e258678c9d9: the server could not find the requested resource (get pods dns-test-0db633bd-f773-4339-9507-3e258678c9d9)&#xA;Aug 27 12:19:13.374: INFO: Lookups using dns-2715/dns-test-0db633bd-f773-4339-9507-3e258678c9d9 failed for: [wheezy_udp@PodARecord wheezy_tcp@PodARecord jessie_udp@PodARecord jessie_tcp@PodARecord]&#xA;&#xA;Aug 27 12:19:18.372: INFO: Unable to read wheezy_udp@PodARecord from pod dns-2715/dns-test-0db633bd-f773-4339-9507-3e258678c9d9: the server could not find the requested resource (get pods dns-test-0db633bd-f773-4339-9507-3e258678c9d9)&#xA;Aug 27 12:19:18.377: INFO: Unable to read wheezy_tcp@PodARecord from pod dns-2715/dns-test-0db633bd-f773-4339-9507-3e258678c9d9: the server could not find the requested resource (get pods dns-test-0db633bd-f773-4339-9507-3e258678c9d9)&#xA;Aug 27 12:19:18.398: INFO: Unable to read jessie_udp@PodARecord from pod dns-2715/dns-test-0db633bd-f773-4339-9507-3e258678c9d9: the server could not find the requested resource (get pods dns-test-0db633bd-f773-4339-9507-3e258678c9d9)&#xA;Aug 27 12:19:18.402: INFO: Unable to read jessie_tcp@PodARecord from pod dns-2715/dns-test-0db633bd-f773-4339-9507-3e258678c9d9: the server could not find the requested resource (get pods dns-test-0db633bd-f773-4339-9507-3e258678c9d9)&#xA;Aug 27 12:19:18.402: INFO: Lookups using dns-2715/dns-test-0db633bd-f773-4339-9507-3e258678c9d9 failed for: [wheezy_udp@PodARecord wheezy_tcp@PodARecord jessie_udp@PodARecord jessie_tcp@PodARecord]&#xA;&#xA;Aug 27 12:19:23.347: INFO: Unable to read wheezy_udp@PodARecord from pod dns-2715/dns-test-0db633bd-f773-4339-9507-3e258678c9d9: the server could not find the requested resource (get pods dns-test-0db633bd-f773-4339-9507-3e258678c9d9)&#xA;Aug 27 12:19:23.351: INFO: Unable to read wheezy_tcp@PodARecord from pod dns-2715/dns-test-0db633bd-f773-4339-9507-3e258678c9d9: the server could not find the requested resource (get pods dns-test-0db633bd-f773-4339-9507-3e258678c9d9)&#xA;Aug 27 12:19:23.366: INFO: Unable to read jessie_udp@PodARecord from pod dns-2715/dns-test-0db633bd-f773-4339-9507-3e258678c9d9: the server could not find the requested resource (get pods dns-test-0db633bd-f773-4339-9507-3e258678c9d9)&#xA;Aug 27 12:19:23.372: INFO: Unable to read jessie_tcp@PodARecord from pod dns-2715/dns-test-0db633bd-f773-4339-9507-3e258678c9d9: the server could not find the requested resource (get pods dns-test-0db633bd-f773-4339-9507-3e258678c9d9)&#xA;Aug 27 12:19:23.372: INFO: Lookups using dns-2715/dns-test-0db633bd-f773-4339-9507-3e258678c9d9 failed for: [wheezy_udp@PodARecord wheezy_tcp@PodARecord jessie_udp@PodARecord jessie_tcp@PodARecord]&#xA;&#xA;Aug 27 12:19:28.343: INFO: Unable to read wheezy_udp@PodARecord from pod dns-2715/dns-test-0db633bd-f773-4339-9507-3e258678c9d9: the server could not find the requested resource (get pods dns-test-0db633bd-f773-4339-9507-3e258678c9d9)&#xA;Aug 27 12:19:28.347: INFO: Unable to read wheezy_tcp@PodARecord from pod dns-2715/dns-test-0db633bd-f773-4339-9507-3e258678c9d9: the server could not find the requested resource (get pods dns-test-0db633bd-f773-4339-9507-3e258678c9d9)&#xA;Aug 27 12:19:28.358: INFO: Unable to read jessie_udp@PodARecord from pod dns-2715/dns-test-0db633bd-f773-4339-9507-3e258678c9d9: the server could not find the requested resource (get pods dns-test-0db633bd-f773-4339-9507-3e258678c9d9)&#xA;Aug 27 12:19:28.362: INFO: Unable to read jessie_tcp@PodARecord from pod dns-2715/dns-test-0db633bd-f773-4339-9507-3e258678c9d9: the server could not find the requested resource (get pods dns-test-0db633bd-f773-4339-9507-3e258678c9d9)&#xA;Aug 27 12:19:28.362: INFO: Lookups using dns-2715/dns-test-0db633bd-f773-4339-9507-3e258678c9d9 failed for: [wheezy_udp@PodARecord wheezy_tcp@PodARecord jessie_udp@PodARecord jessie_tcp@PodARecord]&#xA;&#xA;Aug 27 12:19:33.344: INFO: Unable to read wheezy_udp@PodARecord from pod dns-2715/dns-test-0db633bd-f773-4339-9507-3e258678c9d9: the server could not find the requested resource (get pods dns-test-0db633bd-f773-4339-9507-3e258678c9d9)&#xA;Aug 27 12:19:33.347: INFO: Unable to read wheezy_tcp@PodARecord from pod dns-2715/dns-test-0db633bd-f773-4339-9507-3e258678c9d9: the server could not find the requested resource (get pods dns-test-0db633bd-f773-4339-9507-3e258678c9d9)&#xA;Aug 27 12:19:33.358: INFO: Unable to read jessie_udp@PodARecord from pod dns-2715/dns-test-0db633bd-f773-4339-9507-3e258678c9d9: the server could not find the requested resource (get pods dns-test-0db633bd-f773-4339-9507-3e258678c9d9)&#xA;Aug 27 12:19:33.362: INFO: Unable to read jessie_tcp@PodARecord from pod dns-2715/dns-test-0db633bd-f773-4339-9507-3e258678c9d9: the server could not find the requested resource (get pods dns-test-0db633bd-f773-4339-9507-3e258678c9d9)&#xA;Aug 27 12:19:33.362: INFO: Lookups using dns-2715/dns-test-0db633bd-f773-4339-9507-3e258678c9d9 failed for: [wheezy_udp@PodARecord wheezy_tcp@PodARecord jessie_udp@PodARecord jessie_tcp@PodARecord]&#xA;&#xA;Aug 27 12:19:38.345: INFO: Unable to read wheezy_udp@PodARecord from pod dns-2715/dns-test-0db633bd-f773-4339-9507-3e258678c9d9: the server could not find the requested resource (get pods dns-test-0db633bd-f773-4339-9507-3e258678c9d9)&#xA;Aug 27 12:19:38.348: INFO: Unable to read wheezy_tcp@PodARecord from pod dns-2715/dns-test-0db633bd-f773-4339-9507-3e258678c9d9: the server could not find the requested resource (get pods dns-test-0db633bd-f773-4339-9507-3e258678c9d9)&#xA;Aug 27 12:19:38.359: INFO: Unable to read jessie_udp@PodARecord from pod dns-2715/dns-test-0db633bd-f773-4339-9507-3e258678c9d9: the server could not find the requested resource (get pods dns-test-0db633bd-f773-4339-9507-3e258678c9d9)&#xA;Aug 27 12:19:38.363: INFO: Unable to read jessie_tcp@PodARecord from pod dns-2715/dns-test-0db633bd-f773-4339-9507-3e258678c9d9: the server could not find the requested resource (get pods dns-test-0db633bd-f773-4339-9507-3e258678c9d9)&#xA;Aug 27 12:19:38.363: INFO: Lookups using dns-2715/dns-test-0db633bd-f773-4339-9507-3e258678c9d9 failed for: [wheezy_udp@PodARecord wheezy_tcp@PodARecord jessie_udp@PodARecord jessie_tcp@PodARecord]&#xA;&#xA;Aug 27 12:19:43.354: INFO: Unable to read wheezy_udp@PodARecord from pod dns-2715/dns-test-0db633bd-f773-4339-9507-3e258678c9d9: the server could not find the requested resource (get pods dns-test-0db633bd-f773-4339-9507-3e258678c9d9)&#xA;Aug 27 12:19:43.360: INFO: Unable to read wheezy_tcp@PodARecord from pod dns-2715/dns-test-0db633bd-f773-4339-9507-3e258678c9d9: the server could not find the requested resource (get pods dns-test-0db633bd-f773-4339-9507-3e258678c9d9)&#xA;Aug 27 12:19:43.402: INFO: Unable to read jessie_udp@PodARecord from pod dns-2715/dns-test-0db633bd-f773-4339-9507-3e258678c9d9: the server could not find the requested resource (get pods dns-test-0db633bd-f773-4339-9507-3e258678c9d9)&#xA;Aug 27 12:19:43.409: INFO: Unable to read jessie_tcp@PodARecord from pod dns-2715/dns-test-0db633bd-f773-4339-9507-3e258678c9d9: the server could not find the requested resource (get pods dns-test-0db633bd-f773-4339-9507-3e258678c9d9)&#xA;Aug 27 12:19:43.409: INFO: Lookups using dns-2715/dns-test-0db633bd-f773-4339-9507-3e258678c9d9 failed for: [wheezy_udp@PodARecord wheezy_tcp@PodARecord jessie_udp@PodARecord jessie_tcp@PodARecord]&#xA;&#xA;Aug 27 12:19:48.360: INFO: Unable to read wheezy_udp@PodARecord from pod dns-2715/dns-test-0db633bd-f773-4339-9507-3e258678c9d9: the server could not find the requested resource (get pods dns-test-0db633bd-f773-4339-9507-3e258678c9d9)&#xA;Aug 27 12:19:48.365: INFO: Unable to read wheezy_tcp@PodARecord from pod dns-2715/dns-test-0db633bd-f773-4339-9507-3e258678c9d9: the server could not find the requested resource (get pods dns-test-0db633bd-f773-4339-9507-3e258678c9d9)&#xA;Aug 27 12:19:48.380: INFO: Unable to read jessie_udp@PodARecord from pod dns-2715/dns-test-0db633bd-f773-4339-9507-3e258678c9d9: the server could not find the requested resource (get pods dns-test-0db633bd-f773-4339-9507-3e258678c9d9)&#xA;Aug 27 12:19:48.383: INFO: Unable to read jessie_tcp@PodARecord from pod dns-2715/dns-test-0db633bd-f773-4339-9507-3e258678c9d9: the server could not find the requested resource (get pods dns-test-0db633bd-f773-4339-9507-3e258678c9d9)&#xA;Aug 27 12:19:48.383: INFO: Lookups using dns-2715/dns-test-0db633bd-f773-4339-9507-3e258678c9d9 failed for: [wheezy_udp@PodARecord wheezy_tcp@PodARecord jessie_udp@PodARecord jessie_tcp@PodARecord]&#xA;&#xA;Aug 27 12:19:53.347: INFO: Unable to read wheezy_udp@PodARecord from pod dns-2715/dns-test-0db633bd-f773-4339-9507-3e258678c9d9: the server could not find the requested resource (get pods dns-test-0db633bd-f773-4339-9507-3e258678c9d9)&#xA;Aug 27 12:19:53.356: INFO: Unable to read wheezy_tcp@PodARecord from pod dns-2715/dns-test-0db633bd-f773-4339-9507-3e258678c9d9: the server could not find the requested resource (get pods dns-test-0db633bd-f773-4339-9507-3e258678c9d9)&#xA;Aug 27 12:19:53.368: INFO: Unable to read jessie_udp@PodARecord from pod dns-2715/dns-test-0db633bd-f773-4339-9507-3e258678c9d9: the server could not find the requested resource (get pods dns-test-0db633bd-f773-4339-9507-3e258678c9d9)&#xA;Aug 27 12:19:53.376: INFO: Unable to read jessie_tcp@PodARecord from pod dns-2715/dns-test-0db633bd-f773-4339-9507-3e258678c9d9: the server could not find the requested resource (get pods dns-test-0db633bd-f773-4339-9507-3e258678c9d9)&#xA;Aug 27 12:19:53.376: INFO: Lookups using dns-2715/dns-test-0db633bd-f773-4339-9507-3e258678c9d9 failed for: [wheezy_udp@PodARecord wheezy_tcp@PodARecord jessie_udp@PodARecord jessie_tcp@PodARecord]&#xA;&#xA;Aug 27 12:19:58.368: INFO: Unable to read wheezy_udp@PodARecord from pod dns-2715/dns-test-0db633bd-f773-4339-9507-3e258678c9d9: the server could not find the requested resource (get pods dns-test-0db633bd-f773-4339-9507-3e258678c9d9)&#xA;Aug 27 12:19:58.371: INFO: Unable to read wheezy_tcp@PodARecord from pod dns-2715/dns-test-0db633bd-f773-4339-9507-3e258678c9d9: the server could not find the requested resource (get pods dns-test-0db633bd-f773-4339-9507-3e258678c9d9)&#xA;Aug 27 12:19:58.390: INFO: Unable to read jessie_udp@PodARecord from pod dns-2715/dns-test-0db633bd-f773-4339-9507-3e258678c9d9: the server could not find the requested resource (get pods dns-test-0db633bd-f773-4339-9507-3e258678c9d9)&#xA;Aug 27 12:19:58.393: INFO: Unable to read jessie_tcp@PodARecord from pod dns-2715/dns-test-0db633bd-f773-4339-9507-3e258678c9d9: the server could not find the requested resource (get pods dns-test-0db633bd-f773-4339-9507-3e258678c9d9)&#xA;Aug 27 12:19:58.393: INFO: Lookups using dns-2715/dns-test-0db633bd-f773-4339-9507-3e258678c9d9 failed for: [wheezy_udp@PodARecord wheezy_tcp@PodARecord jessie_udp@PodARecord jessie_tcp@PodARecord]&#xA;&#xA;Aug 27 12:20:03.347: INFO: Unable to read wheezy_udp@PodARecord from pod dns-2715/dns-test-0db633bd-f773-4339-9507-3e258678c9d9: the server could not find the requested resource (get pods dns-test-0db633bd-f773-4339-9507-3e258678c9d9)&#xA;Aug 27 12:20:03.355: INFO: Unable to read wheezy_tcp@PodARecord from pod dns-2715/dns-test-0db633bd-f773-4339-9507-3e258678c9d9: the server could not find the requested resource (get pods dns-test-0db633bd-f773-4339-9507-3e258678c9d9)&#xA;Aug 27 12:20:03.380: INFO: Unable to read jessie_udp@PodARecord from pod dns-2715/dns-test-0db633bd-f773-4339-9507-3e258678c9d9: the server could not find the requested resource (get pods dns-test-0db633bd-f773-4339-9507-3e258678c9d9)&#xA;Aug 27 12:20:03.383: INFO: Unable to read jessie_tcp@PodARecord from pod dns-2715/dns-test-0db633bd-f773-4339-9507-3e258678c9d9: the server could not find the requested resource (get pods dns-test-0db633bd-f773-4339-9507-3e258678c9d9)&#xA;Aug 27 12:20:03.383: INFO: Lookups using dns-2715/dns-test-0db633bd-f773-4339-9507-3e258678c9d9 failed for: [wheezy_udp@PodARecord wheezy_tcp@PodARecord jessie_udp@PodARecord jessie_tcp@PodARecord]&#xA;&#xA;Aug 27 12:20:08.345: INFO: Unable to read wheezy_udp@PodARecord from pod dns-2715/dns-test-0db633bd-f773-4339-9507-3e258678c9d9: the server could not find the requested resource (get pods dns-test-0db633bd-f773-4339-9507-3e258678c9d9)&#xA;Aug 27 12:20:08.349: INFO: Unable to read wheezy_tcp@PodARecord from pod dns-2715/dns-test-0db633bd-f773-4339-9507-3e258678c9d9: the server could not find the requested resource (get pods dns-test-0db633bd-f773-4339-9507-3e258678c9d9)&#xA;Aug 27 12:20:08.364: INFO: Unable to read jessie_udp@PodARecord from pod dns-2715/dns-test-0db633bd-f773-4339-9507-3e258678c9d9: the server could not find the requested resource (get pods dns-test-0db633bd-f773-4339-9507-3e258678c9d9)&#xA;Aug 27 12:20:08.368: INFO: Unable to read jessie_tcp@PodARecord from pod dns-2715/dns-test-0db633bd-f773-4339-9507-3e258678c9d9: the server could not find the requested resource (get pods dns-test-0db633bd-f773-4339-9507-3e258678c9d9)&#xA;Aug 27 12:20:08.368: INFO: Lookups using dns-2715/dns-test-0db633bd-f773-4339-9507-3e258678c9d9 failed for: [wheezy_udp@PodARecord wheezy_tcp@PodARecord jessie_udp@PodARecord jessie_tcp@PodARecord]&#xA;&#xA;Aug 27 12:20:13.380: INFO: Unable to read wheezy_udp@PodARecord from pod dns-2715/dns-test-0db633bd-f773-4339-9507-3e258678c9d9: the server could not find the requested resource (get pods dns-test-0db633bd-f773-4339-9507-3e258678c9d9)&#xA;Aug 27 12:20:13.386: INFO: Unable to read wheezy_tcp@PodARecord from pod dns-2715/dns-test-0db633bd-f773-4339-9507-3e258678c9d9: the server could not find the requested resource (get pods dns-test-0db633bd-f773-4339-9507-3e258678c9d9)&#xA;Aug 27 12:20:13.397: INFO: Unable to read jessie_udp@PodARecord from pod dns-2715/dns-test-0db633bd-f773-4339-9507-3e258678c9d9: the server could not find the requested resource (get pods dns-test-0db633bd-f773-4339-9507-3e258678c9d9)&#xA;Aug 27 12:20:13.408: INFO: Unable to read jessie_tcp@PodARecord from pod dns-2715/dns-test-0db633bd-f773-4339-9507-3e258678c9d9: the server could not find the requested resource (get pods dns-test-0db633bd-f773-4339-9507-3e258678c9d9)&#xA;Aug 27 12:20:13.408: INFO: Lookups using dns-2715/dns-test-0db633bd-f773-4339-9507-3e258678c9d9 failed for: [wheezy_udp@PodARecord wheezy_tcp@PodARecord jessie_udp@PodARecord jessie_tcp@PodARecord]&#xA;&#xA;Aug 27 12:20:18.344: INFO: Unable to read wheezy_udp@PodARecord from pod dns-2715/dns-test-0db633bd-f773-4339-9507-3e258678c9d9: the server could not find the requested resource (get pods dns-test-0db633bd-f773-4339-9507-3e258678c9d9)&#xA;Aug 27 12:20:18.346: INFO: Unable to read wheezy_tcp@PodARecord from pod dns-2715/dns-test-0db633bd-f773-4339-9507-3e258678c9d9: the server could not find the requested resource (get pods dns-test-0db633bd-f773-4339-9507-3e258678c9d9)&#xA;Aug 27 12:20:18.362: INFO: Unable to read jessie_udp@PodARecord from pod dns-2715/dns-test-0db633bd-f773-4339-9507-3e258678c9d9: the server could not find the requested resource (get pods dns-test-0db633bd-f773-4339-9507-3e258678c9d9)&#xA;Aug 27 12:20:18.365: INFO: Unable to read jessie_tcp@PodARecord from pod dns-2715/dns-test-0db633bd-f773-4339-9507-3e258678c9d9: the server could not find the requested resource (get pods dns-test-0db633bd-f773-4339-9507-3e258678c9d9)&#xA;Aug 27 12:20:18.365: INFO: Lookups using dns-2715/dns-test-0db633bd-f773-4339-9507-3e258678c9d9 failed for: [wheezy_udp@PodARecord wheezy_tcp@PodARecord jessie_udp@PodARecord jessie_tcp@PodARecord]&#xA;&#xA;Aug 27 12:20:23.347: INFO: Unable to read wheezy_udp@PodARecord from pod dns-2715/dns-test-0db633bd-f773-4339-9507-3e258678c9d9: the server could not find the requested resource (get pods dns-test-0db633bd-f773-4339-9507-3e258678c9d9)&#xA;Aug 27 12:20:23.355: INFO: Unable to read wheezy_tcp@PodARecord from pod dns-2715/dns-test-0db633bd-f773-4339-9507-3e258678c9d9: the server could not find the requested resource (get pods dns-test-0db633bd-f773-4339-9507-3e258678c9d9)&#xA;Aug 27 12:20:23.370: INFO: Unable to read jessie_udp@PodARecord from pod dns-2715/dns-test-0db633bd-f773-4339-9507-3e258678c9d9: the server could not find the requested resource (get pods dns-test-0db633bd-f773-4339-9507-3e258678c9d9)&#xA;Aug 27 12:20:23.374: INFO: Unable to read jessie_tcp@PodARecord from pod dns-2715/dns-test-0db633bd-f773-4339-9507-3e258678c9d9: the server could not find the requested resource (get pods dns-test-0db633bd-f773-4339-9507-3e258678c9d9)&#xA;Aug 27 12:20:23.374: INFO: Lookups using dns-2715/dns-test-0db633bd-f773-4339-9507-3e258678c9d9 failed for: [wheezy_udp@PodARecord wheezy_tcp@PodARecord jessie_udp@PodARecord jessie_tcp@PodARecord]&#xA;&#xA;Aug 27 12:20:28.354: INFO: Unable to read wheezy_udp@PodARecord from pod dns-2715/dns-test-0db633bd-f773-4339-9507-3e258678c9d9: the server could not find the requested resource (get pods dns-test-0db633bd-f773-4339-9507-3e258678c9d9)&#xA;Aug 27 12:20:28.363: INFO: Unable to read wheezy_tcp@PodARecord from pod dns-2715/dns-test-0db633bd-f773-4339-9507-3e258678c9d9: the server could not find the requested resource (get pods dns-test-0db633bd-f773-4339-9507-3e258678c9d9)&#xA;Aug 27 12:20:28.433: INFO: Unable to read jessie_udp@PodARecord from pod dns-2715/dns-test-0db633bd-f773-4339-9507-3e258678c9d9: the server could not find the requested resource (get pods dns-test-0db633bd-f773-4339-9507-3e258678c9d9)&#xA;Aug 27 12:20:28.440: INFO: Unable to read jessie_tcp@PodARecord from pod dns-2715/dns-test-0db633bd-f773-4339-9507-3e258678c9d9: the server could not find the requested resource (get pods dns-test-0db633bd-f773-4339-9507-3e258678c9d9)&#xA;Aug 27 12:20:28.440: INFO: Lookups using dns-2715/dns-test-0db633bd-f773-4339-9507-3e258678c9d9 failed for: [wheezy_udp@PodARecord wheezy_tcp@PodARecord jessie_udp@PodARecord jessie_tcp@PodARecord]&#xA;&#xA;Aug 27 12:20:33.347: INFO: Unable to read wheezy_udp@PodARecord from pod dns-2715/dns-test-0db633bd-f773-4339-9507-3e258678c9d9: the server could not find the requested resource (get pods dns-test-0db633bd-f773-4339-9507-3e258678c9d9)&#xA;Aug 27 12:20:33.350: INFO: Unable to read wheezy_tcp@PodARecord from pod dns-2715/dns-test-0db633bd-f773-4339-9507-3e258678c9d9: the server could not find the requested resource (get pods dns-test-0db633bd-f773-4339-9507-3e258678c9d9)&#xA;Aug 27 12:20:33.361: INFO: Unable to read jessie_udp@PodARecord from pod dns-2715/dns-test-0db633bd-f773-4339-9507-3e258678c9d9: the server could not find the requested resource (get pods dns-test-0db633bd-f773-4339-9507-3e258678c9d9)&#xA;Aug 27 12:20:33.364: INFO: Unable to read jessie_tcp@PodARecord from pod dns-2715/dns-test-0db633bd-f773-4339-9507-3e258678c9d9: the server could not find the requested resource (get pods dns-test-0db633bd-f773-4339-9507-3e258678c9d9)&#xA;Aug 27 12:20:33.364: INFO: Lookups using dns-2715/dns-test-0db633bd-f773-4339-9507-3e258678c9d9 failed for: [wheezy_udp@PodARecord wheezy_tcp@PodARecord jessie_udp@PodARecord jessie_tcp@PodARecord]&#xA;&#xA;Aug 27 12:20:38.372: INFO: Unable to read wheezy_udp@PodARecord from pod dns-2715/dns-test-0db633bd-f773-4339-9507-3e258678c9d9: the server could not find the requested resource (get pods dns-test-0db633bd-f773-4339-9507-3e258678c9d9)&#xA;Aug 27 12:20:38.376: INFO: Unable to read wheezy_tcp@PodARecord from pod dns-2715/dns-test-0db633bd-f773-4339-9507-3e258678c9d9: the server could not find the requested resource (get pods dns-test-0db633bd-f773-4339-9507-3e258678c9d9)&#xA;Aug 27 12:20:38.387: INFO: Unable to read jessie_udp@PodARecord from pod dns-2715/dns-test-0db633bd-f773-4339-9507-3e258678c9d9: the server could not find the requested resource (get pods dns-test-0db633bd-f773-4339-9507-3e258678c9d9)&#xA;Aug 27 12:20:38.394: INFO: Unable to read jessie_tcp@PodARecord from pod dns-2715/dns-test-0db633bd-f773-4339-9507-3e258678c9d9: the server could not find the requested resource (get pods dns-test-0db633bd-f773-4339-9507-3e258678c9d9)&#xA;Aug 27 12:20:38.394: INFO: Lookups using dns-2715/dns-test-0db633bd-f773-4339-9507-3e258678c9d9 failed for: [wheezy_udp@PodARecord wheezy_tcp@PodARecord jessie_udp@PodARecord jessie_tcp@PodARecord]&#xA;&#xA;Aug 27 12:20:43.355: INFO: Unable to read wheezy_udp@PodARecord from pod dns-2715/dns-test-0db633bd-f773-4339-9507-3e258678c9d9: the server could not find the requested resource (get pods dns-test-0db633bd-f773-4339-9507-3e258678c9d9)&#xA;Aug 27 12:20:43.360: INFO: Unable to read wheezy_tcp@PodARecord from pod dns-2715/dns-test-0db633bd-f773-4339-9507-3e258678c9d9: the server could not find the requested resource (get pods dns-test-0db633bd-f773-4339-9507-3e258678c9d9)&#xA;Aug 27 12:20:43.382: INFO: Unable to read jessie_udp@PodARecord from pod dns-2715/dns-test-0db633bd-f773-4339-9507-3e258678c9d9: the server could not find the requested resource (get pods dns-test-0db633bd-f773-4339-9507-3e258678c9d9)&#xA;Aug 27 12:20:43.387: INFO: Unable to read jessie_tcp@PodARecord from pod dns-2715/dns-test-0db633bd-f773-4339-9507-3e258678c9d9: the server could not find the requested resource (get pods dns-test-0db633bd-f773-4339-9507-3e258678c9d9)&#xA;Aug 27 12:20:43.387: INFO: Lookups using dns-2715/dns-test-0db633bd-f773-4339-9507-3e258678c9d9 failed for: [wheezy_udp@PodARecord wheezy_tcp@PodARecord jessie_udp@PodARecord jessie_tcp@PodARecord]&#xA;&#xA;Aug 27 12:20:48.367: INFO: Unable to read wheezy_udp@PodARecord from pod dns-2715/dns-test-0db633bd-f773-4339-9507-3e258678c9d9: the server could not find the requested resource (get pods dns-test-0db633bd-f773-4339-9507-3e258678c9d9)&#xA;Aug 27 12:20:48.374: INFO: Unable to read wheezy_tcp@PodARecord from pod dns-2715/dns-test-0db633bd-f773-4339-9507-3e258678c9d9: the server could not find the requested resource (get pods dns-test-0db633bd-f773-4339-9507-3e258678c9d9)&#xA;Aug 27 12:20:48.386: INFO: Unable to read jessie_udp@PodARecord from pod dns-2715/dns-test-0db633bd-f773-4339-9507-3e258678c9d9: the server could not find the requested resource (get pods dns-test-0db633bd-f773-4339-9507-3e258678c9d9)&#xA;Aug 27 12:20:48.389: INFO: Unable to read jessie_tcp@PodARecord from pod dns-2715/dns-test-0db633bd-f773-4339-9507-3e258678c9d9: the server could not find the requested resource (get pods dns-test-0db633bd-f773-4339-9507-3e258678c9d9)&#xA;Aug 27 12:20:48.389: INFO: Lookups using dns-2715/dns-test-0db633bd-f773-4339-9507-3e258678c9d9 failed for: [wheezy_udp@PodARecord wheezy_tcp@PodARecord jessie_udp@PodARecord jessie_tcp@PodARecord]&#xA;&#xA;Aug 27 12:20:53.353: INFO: Unable to read wheezy_udp@PodARecord from pod dns-2715/dns-test-0db633bd-f773-4339-9507-3e258678c9d9: the server could not find the requested resource (get pods dns-test-0db633bd-f773-4339-9507-3e258678c9d9)&#xA;Aug 27 12:20:53.358: INFO: Unable to read wheezy_tcp@PodARecord from pod dns-2715/dns-test-0db633bd-f773-4339-9507-3e258678c9d9: the server could not find the requested resource (get pods dns-test-0db633bd-f773-4339-9507-3e258678c9d9)&#xA;Aug 27 12:20:53.374: INFO: Unable to read jessie_udp@PodARecord from pod dns-2715/dns-test-0db633bd-f773-4339-9507-3e258678c9d9: the server could not find the requested resource (get pods dns-test-0db633bd-f773-4339-9507-3e258678c9d9)&#xA;Aug 27 12:20:53.378: INFO: Unable to read jessie_tcp@PodARecord from pod dns-2715/dns-test-0db633bd-f773-4339-9507-3e258678c9d9: the server could not find the requested resource (get pods dns-test-0db633bd-f773-4339-9507-3e258678c9d9)&#xA;Aug 27 12:20:53.378: INFO: Lookups using dns-2715/dns-test-0db633bd-f773-4339-9507-3e258678c9d9 failed for: [wheezy_udp@PodARecord wheezy_tcp@PodARecord jessie_udp@PodARecord jessie_tcp@PodARecord]&#xA;&#xA;Aug 27 12:20:58.346: INFO: Unable to read wheezy_udp@PodARecord from pod dns-2715/dns-test-0db633bd-f773-4339-9507-3e258678c9d9: the server could not find the requested resource (get pods dns-test-0db633bd-f773-4339-9507-3e258678c9d9)&#xA;Aug 27 12:20:58.352: INFO: Unable to read wheezy_tcp@PodARecord from pod dns-2715/dns-test-0db633bd-f773-4339-9507-3e258678c9d9: the server could not find the requested resource (get pods dns-test-0db633bd-f773-4339-9507-3e258678c9d9)&#xA;Aug 27 12:20:58.364: INFO: Unable to read jessie_udp@PodARecord from pod dns-2715/dns-test-0db633bd-f773-4339-9507-3e258678c9d9: the server could not find the requested resource (get pods dns-test-0db633bd-f773-4339-9507-3e258678c9d9)&#xA;Aug 27 12:20:58.368: INFO: Unable to read jessie_tcp@PodARecord from pod dns-2715/dns-test-0db633bd-f773-4339-9507-3e258678c9d9: the server could not find the requested resource (get pods dns-test-0db633bd-f773-4339-9507-3e258678c9d9)&#xA;Aug 27 12:20:58.368: INFO: Lookups using dns-2715/dns-test-0db633bd-f773-4339-9507-3e258678c9d9 failed for: [wheezy_udp@PodARecord wheezy_tcp@PodARecord jessie_udp@PodARecord jessie_tcp@PodARecord]&#xA;&#xA;Aug 27 12:21:03.342: INFO: Unable to read wheezy_udp@PodARecord from pod dns-2715/dns-test-0db633bd-f773-4339-9507-3e258678c9d9: the server could not find the requested resource (get pods dns-test-0db633bd-f773-4339-9507-3e258678c9d9)&#xA;Aug 27 12:21:03.346: INFO: Unable to read wheezy_tcp@PodARecord from pod dns-2715/dns-test-0db633bd-f773-4339-9507-3e258678c9d9: the server could not find the requested resource (get pods dns-test-0db633bd-f773-4339-9507-3e258678c9d9)&#xA;Aug 27 12:21:03.357: INFO: Unable to read jessie_udp@PodARecord from pod dns-2715/dns-test-0db633bd-f773-4339-9507-3e258678c9d9: the server could not find the requested resource (get pods dns-test-0db633bd-f773-4339-9507-3e258678c9d9)&#xA;Aug 27 12:21:03.365: INFO: Unable to read jessie_tcp@PodARecord from pod dns-2715/dns-test-0db633bd-f773-4339-9507-3e258678c9d9: the server could not find the requested resource (get pods dns-test-0db633bd-f773-4339-9507-3e258678c9d9)&#xA;Aug 27 12:21:03.365: INFO: Lookups using dns-2715/dns-test-0db633bd-f773-4339-9507-3e258678c9d9 failed for: [wheezy_udp@PodARecord wheezy_tcp@PodARecord jessie_udp@PodARecord jessie_tcp@PodARecord]&#xA;&#xA;Aug 27 12:21:08.356: INFO: Unable to read wheezy_udp@PodARecord from pod dns-2715/dns-test-0db633bd-f773-4339-9507-3e258678c9d9: the server could not find the requested resource (get pods dns-test-0db633bd-f773-4339-9507-3e258678c9d9)&#xA;Aug 27 12:21:08.363: INFO: Unable to read wheezy_tcp@PodARecord from pod dns-2715/dns-test-0db633bd-f773-4339-9507-3e258678c9d9: the server could not find the requested resource (get pods dns-test-0db633bd-f773-4339-9507-3e258678c9d9)&#xA;Aug 27 12:21:08.387: INFO: Unable to read jessie_udp@PodARecord from pod dns-2715/dns-test-0db633bd-f773-4339-9507-3e258678c9d9: the server could not find the requested resource (get pods dns-test-0db633bd-f773-4339-9507-3e258678c9d9)&#xA;Aug 27 12:21:08.392: INFO: Unable to read jessie_tcp@PodARecord from pod dns-2715/dns-test-0db633bd-f773-4339-9507-3e258678c9d9: the server could not find the requested resource (get pods dns-test-0db633bd-f773-4339-9507-3e258678c9d9)&#xA;Aug 27 12:21:08.392: INFO: Lookups using dns-2715/dns-test-0db633bd-f773-4339-9507-3e258678c9d9 failed for: [wheezy_udp@PodARecord wheezy_tcp@PodARecord jessie_udp@PodARecord jessie_tcp@PodARecord]&#xA;&#xA;Aug 27 12:21:13.414: INFO: Unable to read wheezy_udp@PodARecord from pod dns-2715/dns-test-0db633bd-f773-4339-9507-3e258678c9d9: the server could not find the requested resource (get pods dns-test-0db633bd-f773-4339-9507-3e258678c9d9)&#xA;Aug 27 12:21:13.421: INFO: Unable to read wheezy_tcp@PodARecord from pod dns-2715/dns-test-0db633bd-f773-4339-9507-3e258678c9d9: the server could not find the requested resource (get pods dns-test-0db633bd-f773-4339-9507-3e258678c9d9)&#xA;Aug 27 12:21:13.443: INFO: Unable to read jessie_udp@PodARecord from pod dns-2715/dns-test-0db633bd-f773-4339-9507-3e258678c9d9: the server could not find the requested resource (get pods dns-test-0db633bd-f773-4339-9507-3e258678c9d9)&#xA;Aug 27 12:21:13.448: INFO: Unable to read jessie_tcp@PodARecord from pod dns-2715/dns-test-0db633bd-f773-4339-9507-3e258678c9d9: the server could not find the requested resource (get pods dns-test-0db633bd-f773-4339-9507-3e258678c9d9)&#xA;Aug 27 12:21:13.448: INFO: Lookups using dns-2715/dns-test-0db633bd-f773-4339-9507-3e258678c9d9 failed for: [wheezy_udp@PodARecord wheezy_tcp@PodARecord jessie_udp@PodARecord jessie_tcp@PodARecord]&#xA;&#xA;Aug 27 12:21:18.352: INFO: Unable to read wheezy_udp@PodARecord from pod dns-2715/dns-test-0db633bd-f773-4339-9507-3e258678c9d9: the server could not find the requested resource (get pods dns-test-0db633bd-f773-4339-9507-3e258678c9d9)&#xA;Aug 27 12:21:18.364: INFO: Unable to read wheezy_tcp@PodARecord from pod dns-2715/dns-test-0db633bd-f773-4339-9507-3e258678c9d9: the server could not find the requested resource (get pods dns-test-0db633bd-f773-4339-9507-3e258678c9d9)&#xA;Aug 27 12:21:18.400: INFO: Unable to read jessie_udp@PodARecord from pod dns-2715/dns-test-0db633bd-f773-4339-9507-3e258678c9d9: the server could not find the requested resource (get pods dns-test-0db633bd-f773-4339-9507-3e258678c9d9)&#xA;Aug 27 12:21:18.406: INFO: Unable to read jessie_tcp@PodARecord from pod dns-2715/dns-test-0db633bd-f773-4339-9507-3e258678c9d9: the server could not find the requested resource (get pods dns-test-0db633bd-f773-4339-9507-3e258678c9d9)&#xA;Aug 27 12:21:18.406: INFO: Lookups using dns-2715/dns-test-0db633bd-f773-4339-9507-3e258678c9d9 failed for: [wheezy_udp@PodARecord wheezy_tcp@PodARecord jessie_udp@PodARecord jessie_tcp@PodARecord]&#xA;&#xA;Aug 27 12:21:23.358: INFO: Unable to read wheezy_udp@PodARecord from pod dns-2715/dns-test-0db633bd-f773-4339-9507-3e258678c9d9: the server could not find the requested resource (get pods dns-test-0db633bd-f773-4339-9507-3e258678c9d9)&#xA;Aug 27 12:21:23.362: INFO: Unable to read wheezy_tcp@PodARecord from pod dns-2715/dns-test-0db633bd-f773-4339-9507-3e258678c9d9: the server could not find the requested resource (get pods dns-test-0db633bd-f773-4339-9507-3e258678c9d9)&#xA;Aug 27 12:21:23.396: INFO: Unable to read jessie_udp@PodARecord from pod dns-2715/dns-test-0db633bd-f773-4339-9507-3e258678c9d9: the server could not find the requested resource (get pods dns-test-0db633bd-f773-4339-9507-3e258678c9d9)&#xA;Aug 27 12:21:23.427: INFO: Unable to read jessie_tcp@PodARecord from pod dns-2715/dns-test-0db633bd-f773-4339-9507-3e258678c9d9: the server could not find the requested resource (get pods dns-test-0db633bd-f773-4339-9507-3e258678c9d9)&#xA;Aug 27 12:21:23.427: INFO: Lookups using dns-2715/dns-test-0db633bd-f773-4339-9507-3e258678c9d9 failed for: [wheezy_udp@PodARecord wheezy_tcp@PodARecord jessie_udp@PodARecord jessie_tcp@PodARecord]&#xA;&#xA;Aug 27 12:21:28.345: INFO: Unable to read wheezy_udp@PodARecord from pod dns-2715/dns-test-0db633bd-f773-4339-9507-3e258678c9d9: the server could not find the requested resource (get pods dns-test-0db633bd-f773-4339-9507-3e258678c9d9)&#xA;Aug 27 12:21:28.348: INFO: Unable to read wheezy_tcp@PodARecord from pod dns-2715/dns-test-0db633bd-f773-4339-9507-3e258678c9d9: the server could not find the requested resource (get pods dns-test-0db633bd-f773-4339-9507-3e258678c9d9)&#xA;Aug 27 12:21:28.359: INFO: Unable to read jessie_udp@PodARecord from pod dns-2715/dns-test-0db633bd-f773-4339-9507-3e258678c9d9: the server could not find the requested resource (get pods dns-test-0db633bd-f773-4339-9507-3e258678c9d9)&#xA;Aug 27 12:21:28.363: INFO: Unable to read jessie_tcp@PodARecord from pod dns-2715/dns-test-0db633bd-f773-4339-9507-3e258678c9d9: the server could not find the requested resource (get pods dns-test-0db633bd-f773-4339-9507-3e258678c9d9)&#xA;Aug 27 12:21:28.363: INFO: Lookups using dns-2715/dns-test-0db633bd-f773-4339-9507-3e258678c9d9 failed for: [wheezy_udp@PodARecord wheezy_tcp@PodARecord jessie_udp@PodARecord jessie_tcp@PodARecord]&#xA;&#xA;Aug 27 12:21:33.345: INFO: Unable to read wheezy_udp@PodARecord from pod dns-2715/dns-test-0db633bd-f773-4339-9507-3e258678c9d9: the server could not find the requested resource (get pods dns-test-0db633bd-f773-4339-9507-3e258678c9d9)&#xA;Aug 27 12:21:33.348: INFO: Unable to read wheezy_tcp@PodARecord from pod dns-2715/dns-test-0db633bd-f773-4339-9507-3e258678c9d9: the server could not find the requested resource (get pods dns-test-0db633bd-f773-4339-9507-3e258678c9d9)&#xA;Aug 27 12:21:33.398: INFO: Unable to read jessie_udp@PodARecord from pod dns-2715/dns-test-0db633bd-f773-4339-9507-3e258678c9d9: the server could not find the requested resource (get pods dns-test-0db633bd-f773-4339-9507-3e258678c9d9)&#xA;Aug 27 12:21:33.402: INFO: Unable to read jessie_tcp@PodARecord from pod dns-2715/dns-test-0db633bd-f773-4339-9507-3e258678c9d9: the server could not find the requested resource (get pods dns-test-0db633bd-f773-4339-9507-3e258678c9d9)&#xA;Aug 27 12:21:33.402: INFO: Lookups using dns-2715/dns-test-0db633bd-f773-4339-9507-3e258678c9d9 failed for: [wheezy_udp@PodARecord wheezy_tcp@PodARecord jessie_udp@PodARecord jessie_tcp@PodARecord]&#xA;&#xA;Aug 27 12:21:38.349: INFO: Unable to read wheezy_udp@PodARecord from pod dns-2715/dns-test-0db633bd-f773-4339-9507-3e258678c9d9: the server could not find the requested resource (get pods dns-test-0db633bd-f773-4339-9507-3e258678c9d9)&#xA;Aug 27 12:21:38.354: INFO: Unable to read wheezy_tcp@PodARecord from pod dns-2715/dns-test-0db633bd-f773-4339-9507-3e258678c9d9: the server could not find the requested resource (get pods dns-test-0db633bd-f773-4339-9507-3e258678c9d9)&#xA;Aug 27 12:21:38.391: INFO: Unable to read jessie_udp@PodARecord from pod dns-2715/dns-test-0db633bd-f773-4339-9507-3e258678c9d9: the server could not find the requested resource (get pods dns-test-0db633bd-f773-4339-9507-3e258678c9d9)&#xA;Aug 27 12:21:38.398: INFO: Unable to read jessie_tcp@PodARecord from pod dns-2715/dns-test-0db633bd-f773-4339-9507-3e258678c9d9: the server could not find the requested resource (get pods dns-test-0db633bd-f773-4339-9507-3e258678c9d9)&#xA;Aug 27 12:21:38.398: INFO: Lookups using dns-2715/dns-test-0db633bd-f773-4339-9507-3e258678c9d9 failed for: [wheezy_udp@PodARecord wheezy_tcp@PodARecord jessie_udp@PodARecord jessie_tcp@PodARecord]&#xA;&#xA;Aug 27 12:21:43.345: INFO: Unable to read wheezy_udp@PodARecord from pod dns-2715/dns-test-0db633bd-f773-4339-9507-3e258678c9d9: the server could not find the requested resource (get pods dns-test-0db633bd-f773-4339-9507-3e258678c9d9)&#xA;Aug 27 12:21:43.352: INFO: Unable to read wheezy_tcp@PodARecord from pod dns-2715/dns-test-0db633bd-f773-4339-9507-3e258678c9d9: the server could not find the requested resource (get pods dns-test-0db633bd-f773-4339-9507-3e258678c9d9)&#xA;Aug 27 12:21:43.362: INFO: Unable to read jessie_udp@PodARecord from pod dns-2715/dns-test-0db633bd-f773-4339-9507-3e258678c9d9: the server could not find the requested resource (get pods dns-test-0db633bd-f773-4339-9507-3e258678c9d9)&#xA;Aug 27 12:21:43.364: INFO: Unable to read jessie_tcp@PodARecord from pod dns-2715/dns-test-0db633bd-f773-4339-9507-3e258678c9d9: the server could not find the requested resource (get pods dns-test-0db633bd-f773-4339-9507-3e258678c9d9)&#xA;Aug 27 12:21:43.365: INFO: Lookups using dns-2715/dns-test-0db633bd-f773-4339-9507-3e258678c9d9 failed for: [wheezy_udp@PodARecord wheezy_tcp@PodARecord jessie_udp@PodARecord jessie_tcp@PodARecord]&#xA;&#xA;Aug 27 12:21:48.351: INFO: Unable to read wheezy_udp@PodARecord from pod dns-2715/dns-test-0db633bd-f773-4339-9507-3e258678c9d9: the server could not find the requested resource (get pods dns-test-0db633bd-f773-4339-9507-3e258678c9d9)&#xA;Aug 27 12:21:48.357: INFO: Unable to read wheezy_tcp@PodARecord from pod dns-2715/dns-test-0db633bd-f773-4339-9507-3e258678c9d9: the server could not find the requested resource (get pods dns-test-0db633bd-f773-4339-9507-3e258678c9d9)&#xA;Aug 27 12:21:48.373: INFO: Unable to read jessie_udp@PodARecord from pod dns-2715/dns-test-0db633bd-f773-4339-9507-3e258678c9d9: the server could not find the requested resource (get pods dns-test-0db633bd-f773-4339-9507-3e258678c9d9)&#xA;Aug 27 12:21:48.385: INFO: Unable to read jessie_tcp@PodARecord from pod dns-2715/dns-test-0db633bd-f773-4339-9507-3e258678c9d9: the server could not find the requested resource (get pods dns-test-0db633bd-f773-4339-9507-3e258678c9d9)&#xA;Aug 27 12:21:48.385: INFO: Lookups using dns-2715/dns-test-0db633bd-f773-4339-9507-3e258678c9d9 failed for: [wheezy_udp@PodARecord wheezy_tcp@PodARecord jessie_udp@PodARecord jessie_tcp@PodARecord]&#xA;&#xA;Aug 27 12:21:53.355: INFO: Unable to read wheezy_udp@PodARecord from pod dns-2715/dns-test-0db633bd-f773-4339-9507-3e258678c9d9: the server could not find the requested resource (get pods dns-test-0db633bd-f773-4339-9507-3e258678c9d9)&#xA;Aug 27 12:21:53.370: INFO: Unable to read wheezy_tcp@PodARecord from pod dns-2715/dns-test-0db633bd-f773-4339-9507-3e258678c9d9: the server could not find the requested resource (get pods dns-test-0db633bd-f773-4339-9507-3e258678c9d9)&#xA;Aug 27 12:21:53.410: INFO: Unable to read jessie_udp@PodARecord from pod dns-2715/dns-test-0db633bd-f773-4339-9507-3e258678c9d9: the server could not find the requested resource (get pods dns-test-0db633bd-f773-4339-9507-3e258678c9d9)&#xA;Aug 27 12:21:53.417: INFO: Unable to read jessie_tcp@PodARecord from pod dns-2715/dns-test-0db633bd-f773-4339-9507-3e258678c9d9: the server could not find the requested resource (get pods dns-test-0db633bd-f773-4339-9507-3e258678c9d9)&#xA;Aug 27 12:21:53.417: INFO: Lookups using dns-2715/dns-test-0db633bd-f773-4339-9507-3e258678c9d9 failed for: [wheezy_udp@PodARecord wheezy_tcp@PodARecord jessie_udp@PodARecord jessie_tcp@PodARecord]&#xA;&#xA;Aug 27 12:21:58.350: INFO: Unable to read wheezy_udp@PodARecord from pod dns-2715/dns-test-0db633bd-f773-4339-9507-3e258678c9d9: the server could not find the requested resource (get pods dns-test-0db633bd-f773-4339-9507-3e258678c9d9)&#xA;Aug 27 12:21:58.354: INFO: Unable to read wheezy_tcp@PodARecord from pod dns-2715/dns-test-0db633bd-f773-4339-9507-3e258678c9d9: the server could not find the requested resource (get pods dns-test-0db633bd-f773-4339-9507-3e258678c9d9)&#xA;Aug 27 12:21:58.367: INFO: Unable to read jessie_udp@PodARecord from pod dns-2715/dns-test-0db633bd-f773-4339-9507-3e258678c9d9: the server could not find the requested resource (get pods dns-test-0db633bd-f773-4339-9507-3e258678c9d9)&#xA;Aug 27 12:21:58.372: INFO: Unable to read jessie_tcp@PodARecord from pod dns-2715/dns-test-0db633bd-f773-4339-9507-3e258678c9d9: the server could not find the requested resource (get pods dns-test-0db633bd-f773-4339-9507-3e258678c9d9)&#xA;Aug 27 12:21:58.373: INFO: Lookups using dns-2715/dns-test-0db633bd-f773-4339-9507-3e258678c9d9 failed for: [wheezy_udp@PodARecord wheezy_tcp@PodARecord jessie_udp@PodARecord jessie_tcp@PodARecord]&#xA;&#xA;Aug 27 12:22:03.357: INFO: Unable to read wheezy_udp@PodARecord from pod dns-2715/dns-test-0db633bd-f773-4339-9507-3e258678c9d9: the server could not find the requested resource (get pods dns-test-0db633bd-f773-4339-9507-3e258678c9d9)&#xA;Aug 27 12:22:03.362: INFO: Unable to read wheezy_tcp@PodARecord from pod dns-2715/dns-test-0db633bd-f773-4339-9507-3e258678c9d9: the server could not find the requested resource (get pods dns-test-0db633bd-f773-4339-9507-3e258678c9d9)&#xA;Aug 27 12:22:03.375: INFO: Unable to read jessie_udp@PodARecord from pod dns-2715/dns-test-0db633bd-f773-4339-9507-3e258678c9d9: the server could not find the requested resource (get pods dns-test-0db633bd-f773-4339-9507-3e258678c9d9)&#xA;Aug 27 12:22:03.380: INFO: Unable to read jessie_tcp@PodARecord from pod dns-2715/dns-test-0db633bd-f773-4339-9507-3e258678c9d9: the server could not find the requested resource (get pods dns-test-0db633bd-f773-4339-9507-3e258678c9d9)&#xA;Aug 27 12:22:03.381: INFO: Lookups using dns-2715/dns-test-0db633bd-f773-4339-9507-3e258678c9d9 failed for: [wheezy_udp@PodARecord wheezy_tcp@PodARecord jessie_udp@PodARecord jessie_tcp@PodARecord]&#xA;&#xA;Aug 27 12:22:08.354: INFO: Unable to read wheezy_udp@PodARecord from pod dns-2715/dns-test-0db633bd-f773-4339-9507-3e258678c9d9: the server could not find the requested resource (get pods dns-test-0db633bd-f773-4339-9507-3e258678c9d9)&#xA;Aug 27 12:22:08.370: INFO: Unable to read wheezy_tcp@PodARecord from pod dns-2715/dns-test-0db633bd-f773-4339-9507-3e258678c9d9: the server could not find the requested resource (get pods dns-test-0db633bd-f773-4339-9507-3e258678c9d9)&#xA;Aug 27 12:22:08.395: INFO: Unable to read jessie_udp@PodARecord from pod dns-2715/dns-test-0db633bd-f773-4339-9507-3e258678c9d9: the server could not find the requested resource (get pods dns-test-0db633bd-f773-4339-9507-3e258678c9d9)&#xA;Aug 27 12:22:08.399: INFO: Unable to read jessie_tcp@PodARecord from pod dns-2715/dns-test-0db633bd-f773-4339-9507-3e258678c9d9: the server could not find the requested resource (get pods dns-test-0db633bd-f773-4339-9507-3e258678c9d9)&#xA;Aug 27 12:22:08.400: INFO: Lookups using dns-2715/dns-test-0db633bd-f773-4339-9507-3e258678c9d9 failed for: [wheezy_udp@PodARecord wheezy_tcp@PodARecord jessie_udp@PodARecord jessie_tcp@PodARecord]&#xA;&#xA;Aug 27 12:22:13.344: INFO: Unable to read wheezy_udp@PodARecord from pod dns-2715/dns-test-0db633bd-f773-4339-9507-3e258678c9d9: the server could not find the requested resource (get pods dns-test-0db633bd-f773-4339-9507-3e258678c9d9)&#xA;Aug 27 12:22:13.354: INFO: Unable to read wheezy_tcp@PodARecord from pod dns-2715/dns-test-0db633bd-f773-4339-9507-3e258678c9d9: the server could not find the requested resource (get pods dns-test-0db633bd-f773-4339-9507-3e258678c9d9)&#xA;Aug 27 12:22:13.367: INFO: Unable to read jessie_udp@PodARecord from pod dns-2715/dns-test-0db633bd-f773-4339-9507-3e258678c9d9: the server could not find the requested resource (get pods dns-test-0db633bd-f773-4339-9507-3e258678c9d9)&#xA;Aug 27 12:22:13.374: INFO: Unable to read jessie_tcp@PodARecord from pod dns-2715/dns-test-0db633bd-f773-4339-9507-3e258678c9d9: the server could not find the requested resource (get pods dns-test-0db633bd-f773-4339-9507-3e258678c9d9)&#xA;Aug 27 12:22:13.374: INFO: Lookups using dns-2715/dns-test-0db633bd-f773-4339-9507-3e258678c9d9 failed for: [wheezy_udp@PodARecord wheezy_tcp@PodARecord jessie_udp@PodARecord jessie_tcp@PodARecord]&#xA;&#xA;Aug 27 12:22:18.348: INFO: Unable to read wheezy_udp@PodARecord from pod dns-2715/dns-test-0db633bd-f773-4339-9507-3e258678c9d9: the server could not find the requested resource (get pods dns-test-0db633bd-f773-4339-9507-3e258678c9d9)&#xA;Aug 27 12:22:18.352: INFO: Unable to read wheezy_tcp@PodARecord from pod dns-2715/dns-test-0db633bd-f773-4339-9507-3e258678c9d9: the server could not find the requested resource (get pods dns-test-0db633bd-f773-4339-9507-3e258678c9d9)&#xA;Aug 27 12:22:18.372: INFO: Unable to read jessie_udp@PodARecord from pod dns-2715/dns-test-0db633bd-f773-4339-9507-3e258678c9d9: the server could not find the requested resource (get pods dns-test-0db633bd-f773-4339-9507-3e258678c9d9)&#xA;Aug 27 12:22:18.379: INFO: Unable to read jessie_tcp@PodARecord from pod dns-2715/dns-test-0db633bd-f773-4339-9507-3e258678c9d9: the server could not find the requested resource (get pods dns-test-0db633bd-f773-4339-9507-3e258678c9d9)&#xA;Aug 27 12:22:18.380: INFO: Lookups using dns-2715/dns-test-0db633bd-f773-4339-9507-3e258678c9d9 failed for: [wheezy_udp@PodARecord wheezy_tcp@PodARecord jessie_udp@PodARecord jessie_tcp@PodARecord]&#xA;&#xA;Aug 27 12:22:23.349: INFO: Unable to read wheezy_udp@PodARecord from pod dns-2715/dns-test-0db633bd-f773-4339-9507-3e258678c9d9: the server could not find the requested resource (get pods dns-test-0db633bd-f773-4339-9507-3e258678c9d9)&#xA;Aug 27 12:22:23.366: INFO: Unable to read wheezy_tcp@PodARecord from pod dns-2715/dns-test-0db633bd-f773-4339-9507-3e258678c9d9: the server could not find the requested resource (get pods dns-test-0db633bd-f773-4339-9507-3e258678c9d9)&#xA;Aug 27 12:22:23.393: INFO: Unable to read jessie_udp@PodARecord from pod dns-2715/dns-test-0db633bd-f773-4339-9507-3e258678c9d9: the server could not find the requested resource (get pods dns-test-0db633bd-f773-4339-9507-3e258678c9d9)&#xA;Aug 27 12:22:23.397: INFO: Unable to read jessie_tcp@PodARecord from pod dns-2715/dns-test-0db633bd-f773-4339-9507-3e258678c9d9: the server could not find the requested resource (get pods dns-test-0db633bd-f773-4339-9507-3e258678c9d9)&#xA;Aug 27 12:22:23.397: INFO: Lookups using dns-2715/dns-test-0db633bd-f773-4339-9507-3e258678c9d9 failed for: [wheezy_udp@PodARecord wheezy_tcp@PodARecord jessie_udp@PodARecord jessie_tcp@PodARecord]&#xA;&#xA;Aug 27 12:22:28.381: INFO: Unable to read wheezy_udp@PodARecord from pod dns-2715/dns-test-0db633bd-f773-4339-9507-3e258678c9d9: the server could not find the requested resource (get pods dns-test-0db633bd-f773-4339-9507-3e258678c9d9)&#xA;Aug 27 12:22:28.386: INFO: Unable to read wheezy_tcp@PodARecord from pod dns-2715/dns-test-0db633bd-f773-4339-9507-3e258678c9d9: the server could not find the requested resource (get pods dns-test-0db633bd-f773-4339-9507-3e258678c9d9)&#xA;Aug 27 12:22:28.398: INFO: Unable to read jessie_udp@PodARecord from pod dns-2715/dns-test-0db633bd-f773-4339-9507-3e258678c9d9: the server could not find the requested resource (get pods dns-test-0db633bd-f773-4339-9507-3e258678c9d9)&#xA;Aug 27 12:22:28.401: INFO: Unable to read jessie_tcp@PodARecord from pod dns-2715/dns-test-0db633bd-f773-4339-9507-3e258678c9d9: the server could not find the requested resource (get pods dns-test-0db633bd-f773-4339-9507-3e258678c9d9)&#xA;Aug 27 12:22:28.402: INFO: Lookups using dns-2715/dns-test-0db633bd-f773-4339-9507-3e258678c9d9 failed for: [wheezy_udp@PodARecord wheezy_tcp@PodARecord jessie_udp@PodARecord jessie_tcp@PodARecord]&#xA;&#xA;Aug 27 12:22:33.363: INFO: Unable to read wheezy_udp@PodARecord from pod dns-2715/dns-test-0db633bd-f773-4339-9507-3e258678c9d9: the server could not find the requested resource (get pods dns-test-0db633bd-f773-4339-9507-3e258678c9d9)&#xA;Aug 27 12:22:33.370: INFO: Unable to read wheezy_tcp@PodARecord from pod dns-2715/dns-test-0db633bd-f773-4339-9507-3e258678c9d9: the server could not find the requested resource (get pods dns-test-0db633bd-f773-4339-9507-3e258678c9d9)&#xA;Aug 27 12:22:33.386: INFO: Unable to read jessie_udp@PodARecord from pod dns-2715/dns-test-0db633bd-f773-4339-9507-3e258678c9d9: the server could not find the requested resource (get pods dns-test-0db633bd-f773-4339-9507-3e258678c9d9)&#xA;Aug 27 12:22:33.389: INFO: Unable to read jessie_tcp@PodARecord from pod dns-2715/dns-test-0db633bd-f773-4339-9507-3e258678c9d9: the server could not find the requested resource (get pods dns-test-0db633bd-f773-4339-9507-3e258678c9d9)&#xA;Aug 27 12:22:33.389: INFO: Lookups using dns-2715/dns-test-0db633bd-f773-4339-9507-3e258678c9d9 failed for: [wheezy_udp@PodARecord wheezy_tcp@PodARecord jessie_udp@PodARecord jessie_tcp@PodARecord]&#xA;&#xA;Aug 27 12:22:38.347: INFO: Unable to read wheezy_udp@PodARecord from pod dns-2715/dns-test-0db633bd-f773-4339-9507-3e258678c9d9: the server could not find the requested resource (get pods dns-test-0db633bd-f773-4339-9507-3e258678c9d9)&#xA;Aug 27 12:22:38.350: INFO: Unable to read wheezy_tcp@PodARecord from pod dns-2715/dns-test-0db633bd-f773-4339-9507-3e258678c9d9: the server could not find the requested resource (get pods dns-test-0db633bd-f773-4339-9507-3e258678c9d9)&#xA;Aug 27 12:22:38.363: INFO: Unable to read jessie_udp@PodARecord from pod dns-2715/dns-test-0db633bd-f773-4339-9507-3e258678c9d9: the server could not find the requested resource (get pods dns-test-0db633bd-f773-4339-9507-3e258678c9d9)&#xA;Aug 27 12:22:38.366: INFO: Unable to read jessie_tcp@PodARecord from pod dns-2715/dns-test-0db633bd-f773-4339-9507-3e258678c9d9: the server could not find the requested resource (get pods dns-test-0db633bd-f773-4339-9507-3e258678c9d9)&#xA;Aug 27 12:22:38.366: INFO: Lookups using dns-2715/dns-test-0db633bd-f773-4339-9507-3e258678c9d9 failed for: [wheezy_udp@PodARecord wheezy_tcp@PodARecord jessie_udp@PodARecord jessie_tcp@PodARecord]&#xA;&#xA;Aug 27 12:22:43.345: INFO: Unable to read wheezy_udp@PodARecord from pod dns-2715/dns-test-0db633bd-f773-4339-9507-3e258678c9d9: the server could not find the requested resource (get pods dns-test-0db633bd-f773-4339-9507-3e258678c9d9)&#xA;Aug 27 12:22:43.349: INFO: Unable to read wheezy_tcp@PodARecord from pod dns-2715/dns-test-0db633bd-f773-4339-9507-3e258678c9d9: the server could not find the requested resource (get pods dns-test-0db633bd-f773-4339-9507-3e258678c9d9)&#xA;Aug 27 12:22:43.361: INFO: Unable to read jessie_udp@PodARecord from pod dns-2715/dns-test-0db633bd-f773-4339-9507-3e258678c9d9: the server could not find the requested resource (get pods dns-test-0db633bd-f773-4339-9507-3e258678c9d9)&#xA;Aug 27 12:22:43.365: INFO: Unable to read jessie_tcp@PodARecord from pod dns-2715/dns-test-0db633bd-f773-4339-9507-3e258678c9d9: the server could not find the requested resource (get pods dns-test-0db633bd-f773-4339-9507-3e258678c9d9)&#xA;Aug 27 12:22:43.365: INFO: Lookups using dns-2715/dns-test-0db633bd-f773-4339-9507-3e258678c9d9 failed for: [wheezy_udp@PodARecord wheezy_tcp@PodARecord jessie_udp@PodARecord jessie_tcp@PodARecord]&#xA;&#xA;Aug 27 12:22:48.345: INFO: Unable to read wheezy_udp@PodARecord from pod dns-2715/dns-test-0db633bd-f773-4339-9507-3e258678c9d9: the server could not find the requested resource (get pods dns-test-0db633bd-f773-4339-9507-3e258678c9d9)&#xA;Aug 27 12:22:48.349: INFO: Unable to read wheezy_tcp@PodARecord from pod dns-2715/dns-test-0db633bd-f773-4339-9507-3e258678c9d9: the server could not find the requested resource (get pods dns-test-0db633bd-f773-4339-9507-3e258678c9d9)&#xA;Aug 27 12:22:48.364: INFO: Unable to read jessie_udp@PodARecord from pod dns-2715/dns-test-0db633bd-f773-4339-9507-3e258678c9d9: the server could not find the requested resource (get pods dns-test-0db633bd-f773-4339-9507-3e258678c9d9)&#xA;Aug 27 12:22:48.369: INFO: Unable to read jessie_tcp@PodARecord from pod dns-2715/dns-test-0db633bd-f773-4339-9507-3e258678c9d9: the server could not find the requested resource (get pods dns-test-0db633bd-f773-4339-9507-3e258678c9d9)&#xA;Aug 27 12:22:48.369: INFO: Lookups using dns-2715/dns-test-0db633bd-f773-4339-9507-3e258678c9d9 failed for: [wheezy_udp@PodARecord wheezy_tcp@PodARecord jessie_udp@PodARecord jessie_tcp@PodARecord]&#xA;&#xA;Aug 27 12:22:53.343: INFO: Unable to read wheezy_udp@PodARecord from pod dns-2715/dns-test-0db633bd-f773-4339-9507-3e258678c9d9: the server could not find the requested resource (get pods dns-test-0db633bd-f773-4339-9507-3e258678c9d9)&#xA;Aug 27 12:22:53.347: INFO: Unable to read wheezy_tcp@PodARecord from pod dns-2715/dns-test-0db633bd-f773-4339-9507-3e258678c9d9: the server could not find the requested resource (get pods dns-test-0db633bd-f773-4339-9507-3e258678c9d9)&#xA;Aug 27 12:22:53.358: INFO: Unable to read jessie_udp@PodARecord from pod dns-2715/dns-test-0db633bd-f773-4339-9507-3e258678c9d9: the server could not find the requested resource (get pods dns-test-0db633bd-f773-4339-9507-3e258678c9d9)&#xA;Aug 27 12:22:53.361: INFO: Unable to read jessie_tcp@PodARecord from pod dns-2715/dns-test-0db633bd-f773-4339-9507-3e258678c9d9: the server could not find the requested resource (get pods dns-test-0db633bd-f773-4339-9507-3e258678c9d9)&#xA;Aug 27 12:22:53.361: INFO: Lookups using dns-2715/dns-test-0db633bd-f773-4339-9507-3e258678c9d9 failed for: [wheezy_udp@PodARecord wheezy_tcp@PodARecord jessie_udp@PodARecord jessie_tcp@PodARecord]&#xA;&#xA;Aug 27 12:22:58.372: INFO: Unable to read wheezy_udp@PodARecord from pod dns-2715/dns-test-0db633bd-f773-4339-9507-3e258678c9d9: the server could not find the requested resource (get pods dns-test-0db633bd-f773-4339-9507-3e258678c9d9)&#xA;Aug 27 12:22:58.380: INFO: Unable to read wheezy_tcp@PodARecord from pod dns-2715/dns-test-0db633bd-f773-4339-9507-3e258678c9d9: the server could not find the requested resource (get pods dns-test-0db633bd-f773-4339-9507-3e258678c9d9)&#xA;Aug 27 12:22:58.392: INFO: Unable to read jessie_udp@PodARecord from pod dns-2715/dns-test-0db633bd-f773-4339-9507-3e258678c9d9: the server could not find the requested resource (get pods dns-test-0db633bd-f773-4339-9507-3e258678c9d9)&#xA;Aug 27 12:22:58.396: INFO: Unable to read jessie_tcp@PodARecord from pod dns-2715/dns-test-0db633bd-f773-4339-9507-3e258678c9d9: the server could not find the requested resource (get pods dns-test-0db633bd-f773-4339-9507-3e258678c9d9)&#xA;Aug 27 12:22:58.396: INFO: Lookups using dns-2715/dns-test-0db633bd-f773-4339-9507-3e258678c9d9 failed for: [wheezy_udp@PodARecord wheezy_tcp@PodARecord jessie_udp@PodARecord jessie_tcp@PodARecord]&#xA;&#xA;Aug 27 12:23:03.368: INFO: Unable to read wheezy_udp@PodARecord from pod dns-2715/dns-test-0db633bd-f773-4339-9507-3e258678c9d9: the server could not find the requested resource (get pods dns-test-0db633bd-f773-4339-9507-3e258678c9d9)&#xA;Aug 27 12:23:03.371: INFO: Unable to read wheezy_tcp@PodARecord from pod dns-2715/dns-test-0db633bd-f773-4339-9507-3e258678c9d9: the server could not find the requested resource (get pods dns-test-0db633bd-f773-4339-9507-3e258678c9d9)&#xA;Aug 27 12:23:03.384: INFO: Unable to read jessie_udp@PodARecord from pod dns-2715/dns-test-0db633bd-f773-4339-9507-3e258678c9d9: the server could not find the requested resource (get pods dns-test-0db633bd-f773-4339-9507-3e258678c9d9)&#xA;Aug 27 12:23:03.388: INFO: Unable to read jessie_tcp@PodARecord from pod dns-2715/dns-test-0db633bd-f773-4339-9507-3e258678c9d9: the server could not find the requested resource (get pods dns-test-0db633bd-f773-4339-9507-3e258678c9d9)&#xA;Aug 27 12:23:03.388: INFO: Lookups using dns-2715/dns-test-0db633bd-f773-4339-9507-3e258678c9d9 failed for: [wheezy_udp@PodARecord wheezy_tcp@PodARecord jessie_udp@PodARecord jessie_tcp@PodARecord]&#xA;&#xA;Aug 27 12:23:08.345: INFO: Unable to read wheezy_udp@PodARecord from pod dns-2715/dns-test-0db633bd-f773-4339-9507-3e258678c9d9: the server could not find the requested resource (get pods dns-test-0db633bd-f773-4339-9507-3e258678c9d9)&#xA;Aug 27 12:23:08.348: INFO: Unable to read wheezy_tcp@PodARecord from pod dns-2715/dns-test-0db633bd-f773-4339-9507-3e258678c9d9: the server could not find the requested resource (get pods dns-test-0db633bd-f773-4339-9507-3e258678c9d9)&#xA;Aug 27 12:23:08.358: INFO: Unable to read jessie_udp@PodARecord from pod dns-2715/dns-test-0db633bd-f773-4339-9507-3e258678c9d9: the server could not find the requested resource (get pods dns-test-0db633bd-f773-4339-9507-3e258678c9d9)&#xA;Aug 27 12:23:08.362: INFO: Unable to read jessie_tcp@PodARecord from pod dns-2715/dns-test-0db633bd-f773-4339-9507-3e258678c9d9: the server could not find the requested resource (get pods dns-test-0db633bd-f773-4339-9507-3e258678c9d9)&#xA;Aug 27 12:23:08.362: INFO: Lookups using dns-2715/dns-test-0db633bd-f773-4339-9507-3e258678c9d9 failed for: [wheezy_udp@PodARecord wheezy_tcp@PodARecord jessie_udp@PodARecord jessie_tcp@PodARecord]&#xA;&#xA;Aug 27 12:23:13.344: INFO: Unable to read wheezy_udp@PodARecord from pod dns-2715/dns-test-0db633bd-f773-4339-9507-3e258678c9d9: the server could not find the requested resource (get pods dns-test-0db633bd-f773-4339-9507-3e258678c9d9)&#xA;Aug 27 12:23:13.347: INFO: Unable to read wheezy_tcp@PodARecord from pod dns-2715/dns-test-0db633bd-f773-4339-9507-3e258678c9d9: the server could not find the requested resource (get pods dns-test-0db633bd-f773-4339-9507-3e258678c9d9)&#xA;Aug 27 12:23:13.361: INFO: Unable to read jessie_udp@PodARecord from pod dns-2715/dns-test-0db633bd-f773-4339-9507-3e258678c9d9: the server could not find the requested resource (get pods dns-test-0db633bd-f773-4339-9507-3e258678c9d9)&#xA;Aug 27 12:23:13.365: INFO: Unable to read jessie_tcp@PodARecord from pod dns-2715/dns-test-0db633bd-f773-4339-9507-3e258678c9d9: the server could not find the requested resource (get pods dns-test-0db633bd-f773-4339-9507-3e258678c9d9)&#xA;Aug 27 12:23:13.365: INFO: Lookups using dns-2715/dns-test-0db633bd-f773-4339-9507-3e258678c9d9 failed for: [wheezy_udp@PodARecord wheezy_tcp@PodARecord jessie_udp@PodARecord jessie_tcp@PodARecord]&#xA;&#xA;Aug 27 12:23:18.346: INFO: Unable to read wheezy_udp@PodARecord from pod dns-2715/dns-test-0db633bd-f773-4339-9507-3e258678c9d9: the server could not find the requested resource (get pods dns-test-0db633bd-f773-4339-9507-3e258678c9d9)&#xA;Aug 27 12:23:18.350: INFO: Unable to read wheezy_tcp@PodARecord from pod dns-2715/dns-test-0db633bd-f773-4339-9507-3e258678c9d9: the server could not find the requested resource (get pods dns-test-0db633bd-f773-4339-9507-3e258678c9d9)&#xA;Aug 27 12:23:18.367: INFO: Unable to read jessie_udp@PodARecord from pod dns-2715/dns-test-0db633bd-f773-4339-9507-3e258678c9d9: the server could not find the requested resource (get pods dns-test-0db633bd-f773-4339-9507-3e258678c9d9)&#xA;Aug 27 12:23:18.371: INFO: Unable to read jessie_tcp@PodARecord from pod dns-2715/dns-test-0db633bd-f773-4339-9507-3e258678c9d9: the server could not find the requested resource (get pods dns-test-0db633bd-f773-4339-9507-3e258678c9d9)&#xA;Aug 27 12:23:18.371: INFO: Lookups using dns-2715/dns-test-0db633bd-f773-4339-9507-3e258678c9d9 failed for: [wheezy_udp@PodARecord wheezy_tcp@PodARecord jessie_udp@PodARecord jessie_tcp@PodARecord]&#xA;&#xA;Aug 27 12:23:23.363: INFO: Unable to read wheezy_udp@PodARecord from pod dns-2715/dns-test-0db633bd-f773-4339-9507-3e258678c9d9: the server could not find the requested resource (get pods dns-test-0db633bd-f773-4339-9507-3e258678c9d9)&#xA;Aug 27 12:23:23.367: INFO: Unable to read wheezy_tcp@PodARecord from pod dns-2715/dns-test-0db633bd-f773-4339-9507-3e258678c9d9: the server could not find the requested resource (get pods dns-test-0db633bd-f773-4339-9507-3e258678c9d9)&#xA;Aug 27 12:23:23.378: INFO: Unable to read jessie_udp@PodARecord from pod dns-2715/dns-test-0db633bd-f773-4339-9507-3e258678c9d9: the server could not find the requested resource (get pods dns-test-0db633bd-f773-4339-9507-3e258678c9d9)&#xA;Aug 27 12:23:23.382: INFO: Unable to read jessie_tcp@PodARecord from pod dns-2715/dns-test-0db633bd-f773-4339-9507-3e258678c9d9: the server could not find the requested resource (get pods dns-test-0db633bd-f773-4339-9507-3e258678c9d9)&#xA;Aug 27 12:23:23.382: INFO: Lookups using dns-2715/dns-test-0db633bd-f773-4339-9507-3e258678c9d9 failed for: [wheezy_udp@PodARecord wheezy_tcp@PodARecord jessie_udp@PodARecord jessie_tcp@PodARecord]&#xA;&#xA;Aug 27 12:23:28.348: INFO: Unable to read wheezy_udp@PodARecord from pod dns-2715/dns-test-0db633bd-f773-4339-9507-3e258678c9d9: the server could not find the requested resource (get pods dns-test-0db633bd-f773-4339-9507-3e258678c9d9)&#xA;Aug 27 12:23:28.356: INFO: Unable to read wheezy_tcp@PodARecord from pod dns-2715/dns-test-0db633bd-f773-4339-9507-3e258678c9d9: the server could not find the requested resource (get pods dns-test-0db633bd-f773-4339-9507-3e258678c9d9)&#xA;Aug 27 12:23:28.367: INFO: Unable to read jessie_udp@PodARecord from pod dns-2715/dns-test-0db633bd-f773-4339-9507-3e258678c9d9: the server could not find the requested resource (get pods dns-test-0db633bd-f773-4339-9507-3e258678c9d9)&#xA;Aug 27 12:23:28.370: INFO: Unable to read jessie_tcp@PodARecord from pod dns-2715/dns-test-0db633bd-f773-4339-9507-3e258678c9d9: the server could not find the requested resource (get pods dns-test-0db633bd-f773-4339-9507-3e258678c9d9)&#xA;Aug 27 12:23:28.371: INFO: Lookups using dns-2715/dns-test-0db633bd-f773-4339-9507-3e258678c9d9 failed for: [wheezy_udp@PodARecord wheezy_tcp@PodARecord jessie_udp@PodARecord jessie_tcp@PodARecord]&#xA;&#xA;Aug 27 12:23:33.346: INFO: Unable to read wheezy_udp@PodARecord from pod dns-2715/dns-test-0db633bd-f773-4339-9507-3e258678c9d9: the server could not find the requested resource (get pods dns-test-0db633bd-f773-4339-9507-3e258678c9d9)&#xA;Aug 27 12:23:33.349: INFO: Unable to read wheezy_tcp@PodARecord from pod dns-2715/dns-test-0db633bd-f773-4339-9507-3e258678c9d9: the server could not find the requested resource (get pods dns-test-0db633bd-f773-4339-9507-3e258678c9d9)&#xA;Aug 27 12:23:33.359: INFO: Unable to read jessie_udp@PodARecord from pod dns-2715/dns-test-0db633bd-f773-4339-9507-3e258678c9d9: the server could not find the requested resource (get pods dns-test-0db633bd-f773-4339-9507-3e258678c9d9)&#xA;Aug 27 12:23:33.363: INFO: Unable to read jessie_tcp@PodARecord from pod dns-2715/dns-test-0db633bd-f773-4339-9507-3e258678c9d9: the server could not find the requested resource (get pods dns-test-0db633bd-f773-4339-9507-3e258678c9d9)&#xA;Aug 27 12:23:33.363: INFO: Lookups using dns-2715/dns-test-0db633bd-f773-4339-9507-3e258678c9d9 failed for: [wheezy_udp@PodARecord wheezy_tcp@PodARecord jessie_udp@PodARecord jessie_tcp@PodARecord]&#xA;&#xA;Aug 27 12:23:38.359: INFO: Unable to read wheezy_udp@PodARecord from pod dns-2715/dns-test-0db633bd-f773-4339-9507-3e258678c9d9: the server could not find the requested resource (get pods dns-test-0db633bd-f773-4339-9507-3e258678c9d9)&#xA;Aug 27 12:23:38.380: INFO: Unable to read wheezy_tcp@PodARecord from pod dns-2715/dns-test-0db633bd-f773-4339-9507-3e258678c9d9: the server could not find the requested resource (get pods dns-test-0db633bd-f773-4339-9507-3e258678c9d9)&#xA;Aug 27 12:23:38.449: INFO: Unable to read jessie_udp@PodARecord from pod dns-2715/dns-test-0db633bd-f773-4339-9507-3e258678c9d9: the server could not find the requested resource (get pods dns-test-0db633bd-f773-4339-9507-3e258678c9d9)&#xA;Aug 27 12:23:38.464: INFO: Unable to read jessie_tcp@PodARecord from pod dns-2715/dns-test-0db633bd-f773-4339-9507-3e258678c9d9: the server could not find the requested resource (get pods dns-test-0db633bd-f773-4339-9507-3e258678c9d9)&#xA;Aug 27 12:23:38.464: INFO: Lookups using dns-2715/dns-test-0db633bd-f773-4339-9507-3e258678c9d9 failed for: [wheezy_udp@PodARecord wheezy_tcp@PodARecord jessie_udp@PodARecord jessie_tcp@PodARecord]&#xA;&#xA;Aug 27 12:23:43.345: INFO: Unable to read wheezy_udp@PodARecord from pod dns-2715/dns-test-0db633bd-f773-4339-9507-3e258678c9d9: the server could not find the requested resource (get pods dns-test-0db633bd-f773-4339-9507-3e258678c9d9)&#xA;Aug 27 12:23:43.349: INFO: Unable to read wheezy_tcp@PodARecord from pod dns-2715/dns-test-0db633bd-f773-4339-9507-3e258678c9d9: the server could not find the requested resource (get pods dns-test-0db633bd-f773-4339-9507-3e258678c9d9)&#xA;Aug 27 12:23:43.362: INFO: Unable to read jessie_udp@PodARecord from pod dns-2715/dns-test-0db633bd-f773-4339-9507-3e258678c9d9: the server could not find the requested resource (get pods dns-test-0db633bd-f773-4339-9507-3e258678c9d9)&#xA;Aug 27 12:23:43.366: INFO: Unable to read jessie_tcp@PodARecord from pod dns-2715/dns-test-0db633bd-f773-4339-9507-3e258678c9d9: the server could not find the requested resource (get pods dns-test-0db633bd-f773-4339-9507-3e258678c9d9)&#xA;Aug 27 12:23:43.367: INFO: Lookups using dns-2715/dns-test-0db633bd-f773-4339-9507-3e258678c9d9 failed for: [wheezy_udp@PodARecord wheezy_tcp@PodARecord jessie_udp@PodARecord jessie_tcp@PodARecord]&#xA;&#xA;Aug 27 12:23:48.349: INFO: Unable to read wheezy_udp@PodARecord from pod dns-2715/dns-test-0db633bd-f773-4339-9507-3e258678c9d9: the server could not find the requested resource (get pods dns-test-0db633bd-f773-4339-9507-3e258678c9d9)&#xA;Aug 27 12:23:48.355: INFO: Unable to read wheezy_tcp@PodARecord from pod dns-2715/dns-test-0db633bd-f773-4339-9507-3e258678c9d9: the server could not find the requested resource (get pods dns-test-0db633bd-f773-4339-9507-3e258678c9d9)&#xA;Aug 27 12:23:48.372: INFO: Unable to read jessie_udp@PodARecord from pod dns-2715/dns-test-0db633bd-f773-4339-9507-3e258678c9d9: the server could not find the requested resource (get pods dns-test-0db633bd-f773-4339-9507-3e258678c9d9)&#xA;Aug 27 12:23:48.375: INFO: Unable to read jessie_tcp@PodARecord from pod dns-2715/dns-test-0db633bd-f773-4339-9507-3e258678c9d9: the server could not find the requested resource (get pods dns-test-0db633bd-f773-4339-9507-3e258678c9d9)&#xA;Aug 27 12:23:48.375: INFO: Lookups using dns-2715/dns-test-0db633bd-f773-4339-9507-3e258678c9d9 failed for: [wheezy_udp@PodARecord wheezy_tcp@PodARecord jessie_udp@PodARecord jessie_tcp@PodARecord]&#xA;&#xA;Aug 27 12:23:53.379: INFO: Unable to read wheezy_udp@PodARecord from pod dns-2715/dns-test-0db633bd-f773-4339-9507-3e258678c9d9: the server could not find the requested resource (get pods dns-test-0db633bd-f773-4339-9507-3e258678c9d9)&#xA;Aug 27 12:23:53.399: INFO: Unable to read wheezy_tcp@PodARecord from pod dns-2715/dns-test-0db633bd-f773-4339-9507-3e258678c9d9: the server could not find the requested resource (get pods dns-test-0db633bd-f773-4339-9507-3e258678c9d9)&#xA;Aug 27 12:23:53.455: INFO: Unable to read jessie_udp@PodARecord from pod dns-2715/dns-test-0db633bd-f773-4339-9507-3e258678c9d9: the server could not find the requested resource (get pods dns-test-0db633bd-f773-4339-9507-3e258678c9d9)&#xA;Aug 27 12:23:53.459: INFO: Unable to read jessie_tcp@PodARecord from pod dns-2715/dns-test-0db633bd-f773-4339-9507-3e258678c9d9: the server could not find the requested resource (get pods dns-test-0db633bd-f773-4339-9507-3e258678c9d9)&#xA;Aug 27 12:23:53.459: INFO: Lookups using dns-2715/dns-test-0db633bd-f773-4339-9507-3e258678c9d9 failed for: [wheezy_udp@PodARecord wheezy_tcp@PodARecord jessie_udp@PodARecord jessie_tcp@PodARecord]&#xA;&#xA;Aug 27 12:23:58.366: INFO: Unable to read wheezy_udp@PodARecord from pod dns-2715/dns-test-0db633bd-f773-4339-9507-3e258678c9d9: the server could not find the requested resource (get pods dns-test-0db633bd-f773-4339-9507-3e258678c9d9)&#xA;Aug 27 12:23:58.389: INFO: Unable to read wheezy_tcp@PodARecord from pod dns-2715/dns-test-0db633bd-f773-4339-9507-3e258678c9d9: the server could not find the requested resource (get pods dns-test-0db633bd-f773-4339-9507-3e258678c9d9)&#xA;Aug 27 12:23:58.407: INFO: Unable to read jessie_udp@PodARecord from pod dns-2715/dns-test-0db633bd-f773-4339-9507-3e258678c9d9: the server could not find the requested resource (get pods dns-test-0db633bd-f773-4339-9507-3e258678c9d9)&#xA;Aug 27 12:23:58.412: INFO: Unable to read jessie_tcp@PodARecord from pod dns-2715/dns-test-0db633bd-f773-4339-9507-3e258678c9d9: the server could not find the requested resource (get pods dns-test-0db633bd-f773-4339-9507-3e258678c9d9)&#xA;Aug 27 12:23:58.412: INFO: Lookups using dns-2715/dns-test-0db633bd-f773-4339-9507-3e258678c9d9 failed for: [wheezy_udp@PodARecord wheezy_tcp@PodARecord jessie_udp@PodARecord jessie_tcp@PodARecord]&#xA;&#xA;Aug 27 12:24:03.365: INFO: Unable to read wheezy_udp@PodARecord from pod dns-2715/dns-test-0db633bd-f773-4339-9507-3e258678c9d9: the server could not find the requested resource (get pods dns-test-0db633bd-f773-4339-9507-3e258678c9d9)&#xA;Aug 27 12:24:03.368: INFO: Unable to read wheezy_tcp@PodARecord from pod dns-2715/dns-test-0db633bd-f773-4339-9507-3e258678c9d9: the server could not find the requested resource (get pods dns-test-0db633bd-f773-4339-9507-3e258678c9d9)&#xA;Aug 27 12:24:03.383: INFO: Unable to read jessie_udp@PodARecord from pod dns-2715/dns-test-0db633bd-f773-4339-9507-3e258678c9d9: the server could not find the requested resource (get pods dns-test-0db633bd-f773-4339-9507-3e258678c9d9)&#xA;Aug 27 12:24:03.387: INFO: Unable to read jessie_tcp@PodARecord from pod dns-2715/dns-test-0db633bd-f773-4339-9507-3e258678c9d9: the server could not find the requested resource (get pods dns-test-0db633bd-f773-4339-9507-3e258678c9d9)&#xA;Aug 27 12:24:03.387: INFO: Lookups using dns-2715/dns-test-0db633bd-f773-4339-9507-3e258678c9d9 failed for: [wheezy_udp@PodARecord wheezy_tcp@PodARecord jessie_udp@PodARecord jessie_tcp@PodARecord]&#xA;&#xA;Aug 27 12:24:08.349: INFO: Unable to read wheezy_udp@PodARecord from pod dns-2715/dns-test-0db633bd-f773-4339-9507-3e258678c9d9: the server could not find the requested resource (get pods dns-test-0db633bd-f773-4339-9507-3e258678c9d9)&#xA;Aug 27 12:24:08.353: INFO: Unable to read wheezy_tcp@PodARecord from pod dns-2715/dns-test-0db633bd-f773-4339-9507-3e258678c9d9: the server could not find the requested resource (get pods dns-test-0db633bd-f773-4339-9507-3e258678c9d9)&#xA;Aug 27 12:24:08.368: INFO: Unable to read jessie_udp@PodARecord from pod dns-2715/dns-test-0db633bd-f773-4339-9507-3e258678c9d9: the server could not find the requested resource (get pods dns-test-0db633bd-f773-4339-9507-3e258678c9d9)&#xA;Aug 27 12:24:08.375: INFO: Unable to read jessie_tcp@PodARecord from pod dns-2715/dns-test-0db633bd-f773-4339-9507-3e258678c9d9: the server could not find the requested resource (get pods dns-test-0db633bd-f773-4339-9507-3e258678c9d9)&#xA;Aug 27 12:24:08.375: INFO: Lookups using dns-2715/dns-test-0db633bd-f773-4339-9507-3e258678c9d9 failed for: [wheezy_udp@PodARecord wheezy_tcp@PodARecord jessie_udp@PodARecord jessie_tcp@PodARecord]&#xA;&#xA;Aug 27 12:24:13.343: INFO: Unable to read wheezy_udp@PodARecord from pod dns-2715/dns-test-0db633bd-f773-4339-9507-3e258678c9d9: the server could not find the requested resource (get pods dns-test-0db633bd-f773-4339-9507-3e258678c9d9)&#xA;Aug 27 12:24:13.345: INFO: Unable to read wheezy_tcp@PodARecord from pod dns-2715/dns-test-0db633bd-f773-4339-9507-3e258678c9d9: the server could not find the requested resource (get pods dns-test-0db633bd-f773-4339-9507-3e258678c9d9)&#xA;Aug 27 12:24:13.365: INFO: Unable to read jessie_udp@PodARecord from pod dns-2715/dns-test-0db633bd-f773-4339-9507-3e258678c9d9: the server could not find the requested resource (get pods dns-test-0db633bd-f773-4339-9507-3e258678c9d9)&#xA;Aug 27 12:24:13.369: INFO: Unable to read jessie_tcp@PodARecord from pod dns-2715/dns-test-0db633bd-f773-4339-9507-3e258678c9d9: the server could not find the requested resource (get pods dns-test-0db633bd-f773-4339-9507-3e258678c9d9)&#xA;Aug 27 12:24:13.369: INFO: Lookups using dns-2715/dns-test-0db633bd-f773-4339-9507-3e258678c9d9 failed for: [wheezy_udp@PodARecord wheezy_tcp@PodARecord jessie_udp@PodARecord jessie_tcp@PodARecord]&#xA;&#xA;Aug 27 12:24:18.349: INFO: Unable to read wheezy_udp@PodARecord from pod dns-2715/dns-test-0db633bd-f773-4339-9507-3e258678c9d9: the server could not find the requested resource (get pods dns-test-0db633bd-f773-4339-9507-3e258678c9d9)&#xA;Aug 27 12:24:18.357: INFO: Unable to read wheezy_tcp@PodARecord from pod dns-2715/dns-test-0db633bd-f773-4339-9507-3e258678c9d9: the server could not find the requested resource (get pods dns-test-0db633bd-f773-4339-9507-3e258678c9d9)&#xA;Aug 27 12:24:18.372: INFO: Unable to read jessie_udp@PodARecord from pod dns-2715/dns-test-0db633bd-f773-4339-9507-3e258678c9d9: the server could not find the requested resource (get pods dns-test-0db633bd-f773-4339-9507-3e258678c9d9)&#xA;Aug 27 12:24:18.376: INFO: Unable to read jessie_tcp@PodARecord from pod dns-2715/dns-test-0db633bd-f773-4339-9507-3e258678c9d9: the server could not find the requested resource (get pods dns-test-0db633bd-f773-4339-9507-3e258678c9d9)&#xA;Aug 27 12:24:18.376: INFO: Lookups using dns-2715/dns-test-0db633bd-f773-4339-9507-3e258678c9d9 failed for: [wheezy_udp@PodARecord wheezy_tcp@PodARecord jessie_udp@PodARecord jessie_tcp@PodARecord]&#xA;&#xA;Aug 27 12:24:23.388: INFO: Unable to read wheezy_udp@PodARecord from pod dns-2715/dns-test-0db633bd-f773-4339-9507-3e258678c9d9: the server could not find the requested resource (get pods dns-test-0db633bd-f773-4339-9507-3e258678c9d9)&#xA;Aug 27 12:24:23.412: INFO: Unable to read wheezy_tcp@PodARecord from pod dns-2715/dns-test-0db633bd-f773-4339-9507-3e258678c9d9: the server could not find the requested resource (get pods dns-test-0db633bd-f773-4339-9507-3e258678c9d9)&#xA;Aug 27 12:24:23.432: INFO: Unable to read jessie_udp@PodARecord from pod dns-2715/dns-test-0db633bd-f773-4339-9507-3e258678c9d9: the server could not find the requested resource (get pods dns-test-0db633bd-f773-4339-9507-3e258678c9d9)&#xA;Aug 27 12:24:23.436: INFO: Unable to read jessie_tcp@PodARecord from pod dns-2715/dns-test-0db633bd-f773-4339-9507-3e258678c9d9: the server could not find the requested resource (get pods dns-test-0db633bd-f773-4339-9507-3e258678c9d9)&#xA;Aug 27 12:24:23.436: INFO: Lookups using dns-2715/dns-test-0db633bd-f773-4339-9507-3e258678c9d9 failed for: [wheezy_udp@PodARecord wheezy_tcp@PodARecord jessie_udp@PodARecord jessie_tcp@PodARecord]&#xA;&#xA;Aug 27 12:24:28.348: INFO: Unable to read wheezy_udp@PodARecord from pod dns-2715/dns-test-0db633bd-f773-4339-9507-3e258678c9d9: the server could not find the requested resource (get pods dns-test-0db633bd-f773-4339-9507-3e258678c9d9)&#xA;Aug 27 12:24:28.352: INFO: Unable to read wheezy_tcp@PodARecord from pod dns-2715/dns-test-0db633bd-f773-4339-9507-3e258678c9d9: the server could not find the requested resource (get pods dns-test-0db633bd-f773-4339-9507-3e258678c9d9)&#xA;Aug 27 12:24:28.370: INFO: Unable to read jessie_udp@PodARecord from pod dns-2715/dns-test-0db633bd-f773-4339-9507-3e258678c9d9: the server could not find the requested resource (get pods dns-test-0db633bd-f773-4339-9507-3e258678c9d9)&#xA;Aug 27 12:24:28.374: INFO: Unable to read jessie_tcp@PodARecord from pod dns-2715/dns-test-0db633bd-f773-4339-9507-3e258678c9d9: the server could not find the requested resource (get pods dns-test-0db633bd-f773-4339-9507-3e258678c9d9)&#xA;Aug 27 12:24:28.375: INFO: Lookups using dns-2715/dns-test-0db633bd-f773-4339-9507-3e258678c9d9 failed for: [wheezy_udp@PodARecord wheezy_tcp@PodARecord jessie_udp@PodARecord jessie_tcp@PodARecord]&#xA;&#xA;Aug 27 12:24:33.344: INFO: Unable to read wheezy_udp@PodARecord from pod dns-2715/dns-test-0db633bd-f773-4339-9507-3e258678c9d9: the server could not find the requested resource (get pods dns-test-0db633bd-f773-4339-9507-3e258678c9d9)&#xA;Aug 27 12:24:33.347: INFO: Unable to read wheezy_tcp@PodARecord from pod dns-2715/dns-test-0db633bd-f773-4339-9507-3e258678c9d9: the server could not find the requested resource (get pods dns-test-0db633bd-f773-4339-9507-3e258678c9d9)&#xA;Aug 27 12:24:33.361: INFO: Unable to read jessie_udp@PodARecord from pod dns-2715/dns-test-0db633bd-f773-4339-9507-3e258678c9d9: the server could not find the requested resource (get pods dns-test-0db633bd-f773-4339-9507-3e258678c9d9)&#xA;Aug 27 12:24:33.364: INFO: Unable to read jessie_tcp@PodARecord from pod dns-2715/dns-test-0db633bd-f773-4339-9507-3e258678c9d9: the server could not find the requested resource (get pods dns-test-0db633bd-f773-4339-9507-3e258678c9d9)&#xA;Aug 27 12:24:33.365: INFO: Lookups using dns-2715/dns-test-0db633bd-f773-4339-9507-3e258678c9d9 failed for: [wheezy_udp@PodARecord wheezy_tcp@PodARecord jessie_udp@PodARecord jessie_tcp@PodARecord]&#xA;&#xA;Aug 27 12:24:38.373: INFO: Unable to read wheezy_udp@PodARecord from pod dns-2715/dns-test-0db633bd-f773-4339-9507-3e258678c9d9: the server could not find the requested resource (get pods dns-test-0db633bd-f773-4339-9507-3e258678c9d9)&#xA;Aug 27 12:24:38.383: INFO: Unable to read wheezy_tcp@PodARecord from pod dns-2715/dns-test-0db633bd-f773-4339-9507-3e258678c9d9: the server could not find the requested resource (get pods dns-test-0db633bd-f773-4339-9507-3e258678c9d9)&#xA;Aug 27 12:24:38.400: INFO: Unable to read jessie_udp@PodARecord from pod dns-2715/dns-test-0db633bd-f773-4339-9507-3e258678c9d9: the server could not find the requested resource (get pods dns-test-0db633bd-f773-4339-9507-3e258678c9d9)&#xA;Aug 27 12:24:38.403: INFO: Unable to read jessie_tcp@PodARecord from pod dns-2715/dns-test-0db633bd-f773-4339-9507-3e258678c9d9: the server could not find the requested resource (get pods dns-test-0db633bd-f773-4339-9507-3e258678c9d9)&#xA;Aug 27 12:24:38.403: INFO: Lookups using dns-2715/dns-test-0db633bd-f773-4339-9507-3e258678c9d9 failed for: [wheezy_udp@PodARecord wheezy_tcp@PodARecord jessie_udp@PodARecord jessie_tcp@PodARecord]&#xA;&#xA;Aug 27 12:24:43.344: INFO: Unable to read wheezy_udp@PodARecord from pod dns-2715/dns-test-0db633bd-f773-4339-9507-3e258678c9d9: the server could not find the requested resource (get pods dns-test-0db633bd-f773-4339-9507-3e258678c9d9)&#xA;Aug 27 12:24:43.349: INFO: Unable to read wheezy_tcp@PodARecord from pod dns-2715/dns-test-0db633bd-f773-4339-9507-3e258678c9d9: the server could not find the requested resource (get pods dns-test-0db633bd-f773-4339-9507-3e258678c9d9)&#xA;Aug 27 12:24:43.363: INFO: Unable to read jessie_udp@PodARecord from pod dns-2715/dns-test-0db633bd-f773-4339-9507-3e258678c9d9: the server could not find the requested resource (get pods dns-test-0db633bd-f773-4339-9507-3e258678c9d9)&#xA;Aug 27 12:24:43.374: INFO: Unable to read jessie_tcp@PodARecord from pod dns-2715/dns-test-0db633bd-f773-4339-9507-3e258678c9d9: the server could not find the requested resource (get pods dns-test-0db633bd-f773-4339-9507-3e258678c9d9)&#xA;Aug 27 12:24:43.374: INFO: Lookups using dns-2715/dns-test-0db633bd-f773-4339-9507-3e258678c9d9 failed for: [wheezy_udp@PodARecord wheezy_tcp@PodARecord jessie_udp@PodARecord jessie_tcp@PodARecord]&#xA;&#xA;Aug 27 12:24:43.414: INFO: Unable to read wheezy_udp@PodARecord from pod dns-2715/dns-test-0db633bd-f773-4339-9507-3e258678c9d9: the server could not find the requested resource (get pods dns-test-0db633bd-f773-4339-9507-3e258678c9d9)&#xA;Aug 27 12:24:43.421: INFO: Unable to read wheezy_tcp@PodARecord from pod dns-2715/dns-test-0db633bd-f773-4339-9507-3e258678c9d9: the server could not find the requested resource (get pods dns-test-0db633bd-f773-4339-9507-3e258678c9d9)&#xA;Aug 27 12:24:43.436: INFO: Unable to read jessie_udp@PodARecord from pod dns-2715/dns-test-0db633bd-f773-4339-9507-3e258678c9d9: the server could not find the requested resource (get pods dns-test-0db633bd-f773-4339-9507-3e258678c9d9)&#xA;Aug 27 12:24:43.441: INFO: Unable to read jessie_tcp@PodARecord from pod dns-2715/dns-test-0db633bd-f773-4339-9507-3e258678c9d9: the server could not find the requested resource (get pods dns-test-0db633bd-f773-4339-9507-3e258678c9d9)&#xA;Aug 27 12:24:43.441: INFO: Lookups using dns-2715/dns-test-0db633bd-f773-4339-9507-3e258678c9d9 failed for: [wheezy_udp@PodARecord wheezy_tcp@PodARecord jessie_udp@PodARecord jessie_tcp@PodARecord]&#xA;&#xA;Aug 27 12:24:43.442: FAIL: Unexpected error:&#xA;    &lt;*errors.errorString | 0xc0002c6240&gt;: {&#xA;        s: &#34;timed out waiting for the condition&#34;,&#xA;    }&#xA;    timed out waiting for the condition&#xA;occurred&#xA;&#xA;Full Stack Trace&#xA;k8s.io/kubernetes/test/e2e/network.assertFilesContain(0xc00411d380, 0x8, 0x8, 0x706a4c0, 0x7, 0xc0018c3c00, 0x79ab408, 0xc0025ac000, 0x0, 0x0, ...)&#xA;&#x9;/workspace/src/k8s.io/kubernetes/_output/dockerized/go/src/k8s.io/kubernetes/test/e2e/network/dns_common.go:463 +0x16e&#xA;k8s.io/kubernetes/test/e2e/network.assertFilesExist(...)&#xA;&#x9;/workspace/src/k8s.io/kubernetes/_output/dockerized/go/src/k8s.io/kubernetes/test/e2e/network/dns_common.go:457&#xA;k8s.io/kubernetes/test/e2e/network.validateDNSResults(0xc00126b340, 0xc0018c3c00, 0xc00411d380, 0x8, 0x8)&#xA;&#x9;/workspace/src/k8s.io/kubernetes/_output/dockerized/go/src/k8s.io/kubernetes/test/e2e/network/dns_common.go:520 +0x365&#xA;k8s.io/kubernetes/test/e2e/network.glob..func2.4()&#xA;&#x9;/workspace/src/k8s.io/kubernetes/_output/dockerized/go/src/k8s.io/kubernetes/test/e2e/network/dns.go:127 +0x62a&#xA;k8s.io/kubernetes/test/e2e.RunE2ETests(0xc000af8600)&#xA;&#x9;_output/dockerized/go/src/k8s.io/kubernetes/test/e2e/e2e.go:130 +0x36c&#xA;k8s.io/kubernetes/test/e2e.TestE2E(0xc000af8600)&#xA;&#x9;_output/dockerized/go/src/k8s.io/kubernetes/test/e2e/e2e_test.go:136 +0x2b&#xA;testing.tRunner(0xc000af8600, 0x72d42e8)&#xA;&#x9;/usr/local/go/src/testing/testing.go:1193 +0xef&#xA;created by testing.(*T).Run&#xA;&#x9;/usr/local/go/src/testing/testing.go:1238 +0x2b3&#xA;STEP: deleting the pod&#xA;[AfterEach] [sig-network] DNS&#xA;  /workspace/src/k8s.io/kubernetes/_output/dockerized/go/src/k8s.io/kubernetes/test/e2e/framework/framework.go:186&#xA;STEP: Collecting events from namespace &#34;dns-2715&#34;.&#xA;STEP: Found 10 events.&#xA;Aug 27 12:24:43.512: INFO: At 2021-08-27 12:14:41 +0000 UTC - event for dns-test-0db633bd-f773-4339-9507-3e258678c9d9: {default-scheduler } Scheduled: Successfully assigned dns-2715/dns-test-0db633bd-f773-4339-9507-3e258678c9d9 to instance-1&#xA;Aug 27 12:24:43.512: INFO: At 2021-08-27 12:14:42 +0000 UTC - event for dns-test-0db633bd-f773-4339-9507-3e258678c9d9: {kubelet instance-1} Pulled: Container image &#34;k8s.gcr.io/e2e-test-images/agnhost:2.32&#34; already present on machine&#xA;Aug 27 12:24:43.512: INFO: At 2021-08-27 12:14:42 +0000 UTC - event for dns-test-0db633bd-f773-4339-9507-3e258678c9d9: {kubelet instance-1} Created: Created container webserver&#xA;Aug 27 12:24:43.512: INFO: At 2021-08-27 12:14:42 +0000 UTC - event for dns-test-0db633bd-f773-4339-9507-3e258678c9d9: {kubelet instance-1} Started: Started container webserver&#xA;Aug 27 12:24:43.512: INFO: At 2021-08-27 12:14:42 +0000 UTC - event for dns-test-0db633bd-f773-4339-9507-3e258678c9d9: {kubelet instance-1} Pulled: Container image &#34;k8s.gcr.io/e2e-test-images/agnhost:2.32&#34; already present on machine&#xA;Aug 27 12:24:43.513: INFO: At 2021-08-27 12:14:42 +0000 UTC - event for dns-test-0db633bd-f773-4339-9507-3e258678c9d9: {kubelet instance-1} Created: Created container querier&#xA;Aug 27 12:24:43.513: INFO: At 2021-08-27 12:14:42 +0000 UTC - event for dns-test-0db633bd-f773-4339-9507-3e258678c9d9: {kubelet instance-1} Started: Started container querier&#xA;Aug 27 12:24:43.513: INFO: At 2021-08-27 12:14:42 +0000 UTC - event for dns-test-0db633bd-f773-4339-9507-3e258678c9d9: {kubelet instance-1} Pulled: Container image &#34;k8s.gcr.io/e2e-test-images/jessie-dnsutils:1.4&#34; already present on machine&#xA;Aug 27 12:24:43.513: INFO: At 2021-08-27 12:14:42 +0000 UTC - event for dns-test-0db633bd-f773-4339-9507-3e258678c9d9: {kubelet instance-1} Created: Created container jessie-querier&#xA;Aug 27 12:24:43.513: INFO: At 2021-08-27 12:14:42 +0000 UTC - event for dns-test-0db633bd-f773-4339-9507-3e258678c9d9: {kubelet instance-1} Started: Started container jessie-querier&#xA;Aug 27 12:24:43.522: INFO: POD  NODE  PHASE  GRACE  CONDITIONS&#xA;Aug 27 12:24:43.523: INFO: &#xA;Aug 27 12:24:43.542: INFO: &#xA;Logging node info for node instance-1&#xA;Aug 27 12:24:43.546: INFO: Node Info: &amp;Node{ObjectMeta:{instance-1    66706824-827f-43ec-951f-55d099198c49 34547 0 2021-08-27 09:44:27 +0000 UTC &lt;nil&gt; &lt;nil&gt; map[beta.kubernetes.io/arch:amd64 beta.kubernetes.io/os:linux kubernetes.io/arch:amd64 kubernetes.io/hostname:instance-1 kubernetes.io/os:linux node-role.kubernetes.io/control-plane: node-role.kubernetes.io/master: node.kubernetes.io/control-plane: node.kubernetes.io/master:] map[node.alpha.kubernetes.io/ttl:0 projectcalico.org/IPv4Address:10.140.0.2/32 projectcalico.org/IPv4IPIPTunnelAddr:172.208.23.128 volumes.kubernetes.io/controller-managed-attach-detach:true] [] []  [{kubelet Update v1 2021-08-27 09:44:27 +0000 UTC FieldsV1 {&#34;f:metadata&#34;:{&#34;f:annotations&#34;:{&#34;.&#34;:{},&#34;f:volumes.kubernetes.io/controller-managed-attach-detach&#34;:{}},&#34;f:labels&#34;:{&#34;.&#34;:{},&#34;f:beta.kubernetes.io/arch&#34;:{},&#34;f:beta.kubernetes.io/os&#34;:{},&#34;f:kubernetes.io/arch&#34;:{},&#34;f:kubernetes.io/hostname&#34;:{},&#34;f:kubernetes.io/os&#34;:{},&#34;f:node.kubernetes.io/control-plane&#34;:{},&#34;f:node.kubernetes.io/master&#34;:{}}}} } {kube-controller-manager Update v1 2021-08-27 09:44:36 +0000 UTC FieldsV1 {&#34;f:metadata&#34;:{&#34;f:annotations&#34;:{&#34;f:node.alpha.kubernetes.io/ttl&#34;:{}}}} } {calico-node Update v1 2021-08-27 09:44:41 +0000 UTC FieldsV1 {&#34;f:metadata&#34;:{&#34;f:annotations&#34;:{&#34;f:projectcalico.org/IPv4Address&#34;:{},&#34;f:projectcalico.org/IPv4IPIPTunnelAddr&#34;:{}}},&#34;f:status&#34;:{&#34;f:conditions&#34;:{&#34;k:{\&#34;type\&#34;:\&#34;NetworkUnavailable\&#34;}&#34;:{&#34;.&#34;:{},&#34;f:lastHeartbeatTime&#34;:{},&#34;f:lastTransitionTime&#34;:{},&#34;f:message&#34;:{},&#34;f:reason&#34;:{},&#34;f:status&#34;:{},&#34;f:type&#34;:{}}}}} status} {kubectl-label Update v1 2021-08-27 09:44:44 +0000 UTC FieldsV1 {&#34;f:metadata&#34;:{&#34;f:labels&#34;:{&#34;f:node-role.kubernetes.io/control-plane&#34;:{},&#34;f:node-role.kubernetes.io/master&#34;:{}}}} } {e2e.test Update v1 2021-08-27 11:04:11 +0000 UTC FieldsV1 {&#34;f:status&#34;:{&#34;f:capacity&#34;:{&#34;f:example.com/fakecpu&#34;:{}}}} status} {kubelet Update v1 2021-08-27 11:04:21 +0000 UTC FieldsV1 {&#34;f:status&#34;:{&#34;f:allocatable&#34;:{&#34;f:example.com/fakecpu&#34;:{}},&#34;f:conditions&#34;:{&#34;k:{\&#34;type\&#34;:\&#34;DiskPressure\&#34;}&#34;:{&#34;f:lastHeartbeatTime&#34;:{}},&#34;k:{\&#34;type\&#34;:\&#34;MemoryPressure\&#34;}&#34;:{&#34;f:lastHeartbeatTime&#34;:{}},&#34;k:{\&#34;type\&#34;:\&#34;PIDPressure\&#34;}&#34;:{&#34;f:lastHeartbeatTime&#34;:{}},&#34;k:{\&#34;type\&#34;:\&#34;Ready\&#34;}&#34;:{&#34;f:lastHeartbeatTime&#34;:{},&#34;f:lastTransitionTime&#34;:{},&#34;f:message&#34;:{},&#34;f:reason&#34;:{},&#34;f:status&#34;:{}}},&#34;f:images&#34;:{}}} status}]},Spec:NodeSpec{PodCIDR:,DoNotUseExternalID:,ProviderID:,Unschedulable:false,Taints:[]Taint{},ConfigSource:nil,PodCIDRs:[],},Status:NodeStatus{Capacity:ResourceList{cpu: {{4 0} {&lt;nil&gt;} 4 DecimalSI},ephemeral-storage: {{51848359936 0} {&lt;nil&gt;} 50633164Ki BinarySI},example.com/fakecpu: {{1 3} {&lt;nil&gt;} 1k DecimalSI},hugepages-1Gi: {{0 0} {&lt;nil&gt;} 0 DecimalSI},hugepages-2Mi: {{0 0} {&lt;nil&gt;} 0 DecimalSI},memory: {{16778743808 0} {&lt;nil&gt;} 16385492Ki BinarySI},pods: {{110 0} {&lt;nil&gt;} 110 DecimalSI},},Allocatable:ResourceList{cpu: {{4 0} {&lt;nil&gt;} 4 DecimalSI},ephemeral-storage: {{49255941901 0} {&lt;nil&gt;} 49255941901 DecimalSI},example.com/fakecpu: {{1 3} {&lt;nil&gt;} 1k DecimalSI},hugepages-1Gi: {{0 0} {&lt;nil&gt;} 0 DecimalSI},hugepages-2Mi: {{0 0} {&lt;nil&gt;} 0 DecimalSI},memory: {{15600144384 0} {&lt;nil&gt;} 15234516Ki BinarySI},pods: {{110 0} {&lt;nil&gt;} 110 DecimalSI},},Phase:,Conditions:[]NodeCondition{NodeCondition{Type:NetworkUnavailable,Status:False,LastHeartbeatTime:2021-08-27 09:44:41 +0000 UTC,LastTransitionTime:2021-08-27 09:44:41 +0000 UTC,Reason:CalicoIsUp,Message:Calico is running on this node,},NodeCondition{Type:MemoryPressure,Status:False,LastHeartbeatTime:2021-08-27 12:20:33 +0000 UTC,LastTransitionTime:2021-08-27 09:44:26 +0000 UTC,Reason:KubeletHasSufficientMemory,Message:kubelet has sufficient memory available,},NodeCondition{Type:DiskPressure,Status:False,LastHeartbeatTime:2021-08-27 12:20:33 +0000 UTC,LastTransitionTime:2021-08-27 09:44:26 +0000 UTC,Reason:KubeletHasNoDiskPressure,Message:kubelet has no disk pressure,},NodeCondition{Type:PIDPressure,Status:False,LastHeartbeatTime:2021-08-27 12:20:33 +0000 UTC,LastTransitionTime:2021-08-27 09:44:26 +0000 UTC,Reason:KubeletHasSufficientPID,Message:kubelet has sufficient PID available,},NodeCondition{Type:Ready,Status:True,LastHeartbeatTime:2021-08-27 12:20:33 +0000 UTC,LastTransitionTime:2021-08-27 09:44:47 +0000 UTC,Reason:KubeletReady,Message:kubelet is posting ready status. AppArmor enabled,},},Addresses:[]NodeAddress{NodeAddress{Type:InternalIP,Address:10.140.0.2,},NodeAddress{Type:Hostname,Address:instance-1,},},DaemonEndpoints:NodeDaemonEndpoints{KubeletEndpoint:DaemonEndpoint{Port:10250,},},NodeInfo:NodeSystemInfo{MachineID:9115f560b455f8c5d2b83bdfb715f3b3,SystemUUID:9115f560-b455-f8c5-d2b8-3bdfb715f3b3,BootID:3bd04ce9-2b88-452c-af59-4599689b83f3,KernelVersion:5.11.0-1017-gcp,OSImage:Ubuntu 21.04,ContainerRuntimeVersion:docker://20.10.8,KubeletVersion:v1.22.1,KubeProxyVersion:v1.22.1,OperatingSystem:linux,Architecture:amd64,},Images:[]ContainerImage{ContainerImage{Names:[slzcc/kubernetes@sha256:d938e2364017b78329200a38b8317db806fe305cf5e26c975a0298e23324fb77 slzcc/kubernetes:v1.22.1.0],SizeBytes:2296544903,},ContainerImage{Names:[quay.io/cilium/cilium:v1.10.1],SizeBytes:409321746,},ContainerImage{Names:[sonobuoy/systemd-logs@sha256:fadad24a66ddd544987c38811108a73d1a306dd3b5e3f090b207786f2825ffde sonobuoy/systemd-logs:v0.3],SizeBytes:297365055,},ContainerImage{Names:[k8s.gcr.io/etcd@sha256:9ce33ba33d8e738a5b85ed50b5080ac746deceed4a7496c550927a7a19ca3b6d k8s.gcr.io/etcd:3.5.0-0],SizeBytes:294536887,},ContainerImage{Names:[k8s.gcr.io/etcd@sha256:4ad90a11b55313b182afc186b9876c8e891531b8db4c9bf1541953021618d0e2 k8s.gcr.io/etcd:3.4.13-0],SizeBytes:253392289,},ContainerImage{Names:[k8s.gcr.io/e2e-test-images/jessie-dnsutils@sha256:702a992280fb7c3303e84a5801acbb4c9c7fcf48cffe0e9c8be3f0c60f74cf89 k8s.gcr.io/e2e-test-images/jessie-dnsutils:1.4],SizeBytes:253371792,},ContainerImage{Names:[k8s.gcr.io/etcd:3.4.9],SizeBytes:253347452,},ContainerImage{Names:[k8s.gcr.io/conformance@sha256:e22b40e1e6db0b3fcb9fd565100de0af2c525217769378a20ac4cef47f1502ce k8s.gcr.io/conformance:v1.22.1],SizeBytes:247962555,},ContainerImage{Names:[calico/node:v3.20.0],SizeBytes:169862919,},ContainerImage{Names:[calico/cni:v3.20.0],SizeBytes:146006429,},ContainerImage{Names:[k8s.gcr.io/kube-apiserver:v1.22.1],SizeBytes:128446877,},ContainerImage{Names:[k8s.gcr.io/e2e-test-images/httpd@sha256:716d2f68314c5c4ddd5ecdb45183fcb4ed8019015982c1321571f863989b70b0 k8s.gcr.io/e2e-test-images/httpd:2.4.39-1],SizeBytes:126894770,},ContainerImage{Names:[k8s.gcr.io/e2e-test-images/agnhost@sha256:758db666ac7028534dba72e7e9bb1e57bb81b8196f976f7a5cc351ef8b3529e1 k8s.gcr.io/e2e-test-images/agnhost:2.32],SizeBytes:125930239,},ContainerImage{Names:[k8s.gcr.io/e2e-test-images/httpd@sha256:b913fa234cc3473cfe16e937d106b455a7609f927f59031c81aca791e2689b50 k8s.gcr.io/e2e-test-images/httpd:2.4.38-1],SizeBytes:123781643,},ContainerImage{Names:[k8s.gcr.io/kube-controller-manager:v1.22.1],SizeBytes:121979567,},ContainerImage{Names:[k8s.gcr.io/e2e-test-images/nautilus@sha256:1f36a24cfb5e0c3f725d7565a867c2384282fcbeccc77b07b423c9da95763a9a k8s.gcr.io/e2e-test-images/nautilus:1.4],SizeBytes:121748345,},ContainerImage{Names:[k8s.gcr.io/kube-proxy:v1.22.1],SizeBytes:103645121,},ContainerImage{Names:[haproxy:2.4.2],SizeBytes:95448973,},ContainerImage{Names:[calico/kube-controllers:v3.20.0],SizeBytes:63156065,},ContainerImage{Names:[k8s.gcr.io/e2e-test-images/sample-apiserver@sha256:e7fddbaac4c3451da2365ab90bad149d32f11409738034e41e0f460927f7c276 k8s.gcr.io/e2e-test-images/sample-apiserver:1.17.4],SizeBytes:58172101,},ContainerImage{Names:[quay.io/cilium/operator-generic:v1.10.1],SizeBytes:56290965,},ContainerImage{Names:[k8s.gcr.io/kube-scheduler:v1.22.1],SizeBytes:52658888,},ContainerImage{Names:[coredns/coredns@sha256:6e5a02c21641597998b4be7cb5eb1e7b02c0d8d23cce4dd09f4682d463798890 k8s.gcr.io/coredns/coredns@sha256:6e5a02c21641597998b4be7cb5eb1e7b02c0d8d23cce4dd09f4682d463798890 coredns/coredns:1.8.4 k8s.gcr.io/coredns/coredns:v1.8.4],SizeBytes:47554275,},ContainerImage{Names:[coredns/coredns:1.8.3],SizeBytes:43499235,},ContainerImage{Names:[sonobuoy/sonobuoy@sha256:d393e2c862fffd0823409594f3ab8bc2524b359d9e6313ae3f9edb5d3dfa56e1 sonobuoy/sonobuoy:v0.53.2],SizeBytes:37400989,},ContainerImage{Names:[calico/pod2daemon-flexvol@sha256:c17e3e9871682bed00bfd33f8d6f00db1d1a126034a25bf5380355978e0c548d calico/pod2daemon-flexvol:v3.20.0],SizeBytes:21666928,},ContainerImage{Names:[k8s.gcr.io/e2e-test-images/nginx@sha256:503b7abb89e57383eba61cc8a9cb0b495ea575c516108f7d972a6ff6e1ab3c9b k8s.gcr.io/e2e-test-images/nginx:1.14-1],SizeBytes:16032814,},ContainerImage{Names:[slzcc/keepalived:1.2.24.1],SizeBytes:15933789,},ContainerImage{Names:[quay.io/cilium/startup-script:62bfbe88c17778aad7bef9fa57ff9e2d4a9ba0d8],SizeBytes:11739254,},ContainerImage{Names:[k8s.gcr.io/e2e-test-images/nonewprivs@sha256:8ac1264691820febacf3aea5d152cbde6d10685731ec14966a9401c6f47a68ac k8s.gcr.io/e2e-test-images/nonewprivs:1.3],SizeBytes:7107254,},ContainerImage{Names:[k8s.gcr.io/e2e-test-images/busybox@sha256:39e1e963e5310e9c313bad51523be012ede7b35bb9316517d19089a010356592 k8s.gcr.io/e2e-test-images/busybox:1.29-1],SizeBytes:1154361,},ContainerImage{Names:[k8s.gcr.io/pause@sha256:1ff6c18fbef2045af6b9c16bf034cc421a29027b800e4f9b68ae9b1cb3e9ae07 k8s.gcr.io/pause:3.5],SizeBytes:682696,},ContainerImage{Names:[k8s.gcr.io/pause:3.2],SizeBytes:682696,},},VolumesInUse:[],VolumesAttached:[]AttachedVolume{},Config:nil,},}&#xA;Aug 27 12:24:43.549: INFO: &#xA;Logging kubelet events for node instance-1&#xA;Aug 27 12:24:43.569: INFO: &#xA;Logging pods the kubelet thinks is on node instance-1&#xA;Aug 27 12:24:43.592: INFO: sonobuoy-e2e-job-8f4800e0b3a54e3c started at 2021-08-27 09:45:48 +0000 UTC (0+2 container statuses recorded)&#xA;Aug 27 12:24:43.592: INFO: &#x9;Container e2e ready: true, restart count 0&#xA;Aug 27 12:24:43.592: INFO: &#x9;Container sonobuoy-worker ready: true, restart count 0&#xA;Aug 27 12:24:43.592: INFO: calico-node-jtcrr started at 2021-08-27 09:44:35 +0000 UTC (3+1 container statuses recorded)&#xA;Aug 27 12:24:43.592: INFO: &#x9;Init container upgrade-ipam ready: true, restart count 0&#xA;Aug 27 12:24:43.592: INFO: &#x9;Init container install-cni ready: true, restart count 0&#xA;Aug 27 12:24:43.592: INFO: &#x9;Init container flexvol-driver ready: true, restart count 0&#xA;Aug 27 12:24:43.592: INFO: &#x9;Container calico-node ready: true, restart count 0&#xA;Aug 27 12:24:43.592: INFO: coredns-5449fcdd7-hxflz started at 2021-08-27 10:36:29 +0000 UTC (0+1 container statuses recorded)&#xA;Aug 27 12:24:43.592: INFO: &#x9;Container coredns ready: true, restart count 0&#xA;Aug 27 12:24:43.592: INFO: kube-controller-manager-instance-1 started at 2021-08-27 09:44:20 +0000 UTC (0+1 container statuses recorded)&#xA;Aug 27 12:24:43.592: INFO: &#x9;Container kube-controller-manager ready: true, restart count 1&#xA;Aug 27 12:24:43.592: INFO: kube-apiserver-instance-1 started at 2021-08-27 09:44:20 +0000 UTC (0+1 container statuses recorded)&#xA;Aug 27 12:24:43.592: INFO: &#x9;Container kube-apiserver ready: true, restart count 1&#xA;Aug 27 12:24:43.592: INFO: sonobuoy started at 2021-08-27 09:45:47 +0000 UTC (0+1 container statuses recorded)&#xA;Aug 27 12:24:43.592: INFO: &#x9;Container kube-sonobuoy ready: true, restart count 0&#xA;Aug 27 12:24:43.592: INFO: sonobuoy-systemd-logs-daemon-set-0a76f2e7c4ae491c-6jjs8 started at 2021-08-27 09:45:48 +0000 UTC (0+2 container statuses recorded)&#xA;Aug 27 12:24:43.592: INFO: &#x9;Container sonobuoy-worker ready: true, restart count 0&#xA;Aug 27 12:24:43.592: INFO: &#x9;Container systemd-logs ready: true, restart count 0&#xA;Aug 27 12:24:43.592: INFO: coredns-5449fcdd7-9wk7q started at 2021-08-27 10:36:29 +0000 UTC (0+1 container statuses recorded)&#xA;Aug 27 12:24:43.592: INFO: &#x9;Container coredns ready: true, restart count 0&#xA;Aug 27 12:24:43.592: INFO: etcd-instance-1 started at 2021-08-27 09:44:20 +0000 UTC (0+1 container statuses recorded)&#xA;Aug 27 12:24:43.592: INFO: &#x9;Container etcd ready: true, restart count 7&#xA;Aug 27 12:24:43.592: INFO: haproxy-instance-1 started at 2021-08-27 09:44:20 +0000 UTC (0+1 container statuses recorded)&#xA;Aug 27 12:24:43.592: INFO: &#x9;Container haproxy ready: true, restart count 7&#xA;Aug 27 12:24:43.592: INFO: kube-scheduler-instance-1 started at 2021-08-27 09:44:20 +0000 UTC (0+1 container statuses recorded)&#xA;Aug 27 12:24:43.592: INFO: &#x9;Container kube-scheduler ready: true, restart count 1&#xA;Aug 27 12:24:43.592: INFO: kube-proxy-45vxz started at 2021-08-27 09:44:35 +0000 UTC (0+1 container statuses recorded)&#xA;Aug 27 12:24:43.592: INFO: &#x9;Container kube-proxy ready: true, restart count 0&#xA;Aug 27 12:24:43.592: INFO: calico-kube-controllers-866f579489-x4bbh started at 2021-08-27 10:36:29 +0000 UTC (0+1 container statuses recorded)&#xA;Aug 27 12:24:43.592: INFO: &#x9;Container calico-kube-controllers ready: true, restart count 0&#xA;Aug 27 12:24:43.638: INFO: &#xA;Latency metrics for node instance-1&#xA;Aug 27 12:24:43.638: INFO: Waiting up to 3m0s for all (but 0) nodes to be ready&#xA;STEP: Destroying namespace &#34;dns-2715&#34; for this suite.&#xA;</system-out>
      </testcase>
      <testcase name="[sig-storage] In-tree Volumes [Driver: local][LocalVolumeType: dir-bindmounted] [Testpattern: Pre-provisioned PV (filesystem volmode)] multiVolume [Slow] should concurrently access the single volume from pods on the same node" classname="Kubernetes e2e suite" time="0">
          <skipped></skipped>
      </testcase>
      <testcase name="[sig-storage] In-tree Volumes [Driver: cinder] [Testpattern: Dynamic PV (filesystem volmode)] multiVolume [Slow] should concurrently access the single volume from pods on different node" classname="Kubernetes e2e suite" time="0">
          <skipped></skipped>
      </testcase>
      <testcase name="[sig-storage] CSI Volumes [Driver: pd.csi.storage.gke.io][Serial] [Testpattern: Dynamic PV (delayed binding)] topology should provision a volume and schedule a pod with AllowedTopologies" classname="Kubernetes e2e suite" time="0">
          <skipped></skipped>
      </testcase>
      <testcase name="[sig-storage] In-tree Volumes [Driver: aws] [Testpattern: Pre-provisioned PV (block volmode)] disruptive[Disruptive][LinuxOnly] Should test that pv used in a pod that is deleted while the kubelet is down cleans up when the kubelet returns." classname="Kubernetes e2e suite" time="0">
          <skipped></skipped>
      </testcase>
      <testcase name="[sig-storage] PersistentVolumes NFS with multiple PVs and PVCs all in same ns should create 4 PVs and 2 PVCs: test write access [Slow]" classname="Kubernetes e2e suite" time="0">
          <skipped></skipped>
      </testcase>
      <testcase name="[sig-storage] PersistentVolumes-local  [Volume type: dir-bindmounted] Set fsGroup for local volume should set same fsGroup for two pods simultaneously [Slow]" classname="Kubernetes e2e suite" time="0">
          <skipped></skipped>
      </testcase>
      <testcase name="[sig-storage] In-tree Volumes [Driver: local][LocalVolumeType: dir-bindmounted] [Testpattern: Dynamic PV (block volmode)] multiVolume [Slow] should concurrently access the volume and its clone from pods on the same node [LinuxOnly][Feature:VolumeSnapshotDataSource][Feature:VolumeSourceXFS]" classname="Kubernetes e2e suite" time="0">
          <skipped></skipped>
      </testcase>
      <testcase name="[sig-apps] StatefulSet Basic StatefulSet functionality [StatefulSetBasic] should adopt matching orphans and release non-matching pods" classname="Kubernetes e2e suite" time="0">
          <skipped></skipped>
      </testcase>
      <testcase name="[sig-storage] In-tree Volumes [Driver: rbd][Feature:Volumes][Serial] [Testpattern: Inline-volume (default fs)] volumes should allow exec of files on the volume" classname="Kubernetes e2e suite" time="0">
          <skipped></skipped>
      </testcase>
      <testcase name="[sig-network] [Feature:IPv6DualStack] Granular Checks: Services Secondary IP Family [LinuxOnly] should function for endpoint-Service: http" classname="Kubernetes e2e suite" time="0">
          <skipped></skipped>
      </testcase>
      <testcase name="[sig-storage] In-tree Volumes [Driver: iscsi][Feature:Volumes] [Testpattern: Dynamic PV (default fs)] volumes should store data" classname="Kubernetes e2e suite" time="0">
          <skipped></skipped>
      </testcase>
      <testcase name="[sig-storage] In-tree Volumes [Driver: hostPathSymlink] [Testpattern: Pre-provisioned PV (default fs)] subPath should support readOnly file specified in the volumeMount [LinuxOnly]" classname="Kubernetes e2e suite" time="0">
          <skipped></skipped>
      </testcase>
      <testcase name="[sig-node] Security Context should support seccomp unconfined on the pod [LinuxOnly]" classname="Kubernetes e2e suite" time="0">
          <skipped></skipped>
      </testcase>
      <testcase name="[sig-storage] In-tree Volumes [Driver: local][LocalVolumeType: blockfs] [Testpattern: Dynamic PV (block volmode)] multiVolume [Slow] should concurrently access the single volume from pods on the same node" classname="Kubernetes e2e suite" time="0">
          <skipped></skipped>
      </testcase>
      <testcase name="[sig-storage] In-tree Volumes [Driver: ceph][Feature:Volumes][Serial] [Testpattern: Dynamic PV (block volmode)] provisioning should provision storage with snapshot data source [Feature:VolumeSnapshotDataSource]" classname="Kubernetes e2e suite" time="0">
          <skipped></skipped>
      </testcase>
      <testcase name="[sig-storage] In-tree Volumes [Driver: local][LocalVolumeType: block] [Testpattern: Pre-provisioned PV (ext4)] volumes should allow exec of files on the volume" classname="Kubernetes e2e suite" time="0">
          <skipped></skipped>
      </testcase>
      <testcase name="[sig-storage] In-tree Volumes [Driver: local][LocalVolumeType: dir] [Testpattern: Dynamic PV (default fs)] capacity provides storage capacity information" classname="Kubernetes e2e suite" time="0">
          <skipped></skipped>
      </testcase>
      <testcase name="[sig-storage] In-tree Volumes [Driver: local][LocalVolumeType: dir-bindmounted] [Testpattern: Pre-provisioned PV (filesystem volmode)] volumeMode should fail to use a volume in a pod with mismatched mode [Slow]" classname="Kubernetes e2e suite" time="0">
          <skipped></skipped>
      </testcase>
      <testcase name="[sig-storage] In-tree Volumes [Driver: local][LocalVolumeType: dir] [Testpattern: Inline-volume (default fs)] subPath should support existing directory" classname="Kubernetes e2e suite" time="0">
          <skipped></skipped>
      </testcase>
      <testcase name="[sig-storage] In-tree Volumes [Driver: gcepd] [Testpattern: Dynamic PV (filesystem volmode)] multiVolume [Slow] should concurrently access the single volume from pods on different node" classname="Kubernetes e2e suite" time="0">
          <skipped></skipped>
      </testcase>
      <testcase name="[sig-storage] ConfigMap should be consumable from pods in volume with mappings [NodeConformance] [Conformance]" classname="Kubernetes e2e suite" time="4.136552791"></testcase>
      <testcase name="[sig-storage] In-tree Volumes [Driver: vsphere] [Testpattern: Dynamic PV (ext4)] multiVolume [Slow] should access to two volumes with different volume mode and retain data across pod recreation on the same node" classname="Kubernetes e2e suite" time="0">
          <skipped></skipped>
      </testcase>
      <testcase name="[sig-network] Networking Granular Checks: Services should be able to handle large requests: udp" classname="Kubernetes e2e suite" time="0">
          <skipped></skipped>
      </testcase>
      <testcase name="[sig-storage] In-tree Volumes [Driver: local][LocalVolumeType: gce-localssd-scsi-fs] [Serial] [Testpattern: Pre-provisioned PV (default fs)] subPath should support file as subpath [LinuxOnly]" classname="Kubernetes e2e suite" time="0">
          <skipped></skipped>
      </testcase>
      <testcase name="[sig-storage] In-tree Volumes [Driver: local][LocalVolumeType: gce-localssd-scsi-fs] [Serial] [Testpattern: Pre-provisioned PV (filesystem volmode)] volumeMode should not mount / map unused volumes in a pod [LinuxOnly]" classname="Kubernetes e2e suite" time="0">
          <skipped></skipped>
      </testcase>
      <testcase name="[sig-storage] In-tree Volumes [Driver: local][LocalVolumeType: dir-link-bindmounted] [Testpattern: Inline-volume (default fs)] subPath should support existing single file [LinuxOnly]" classname="Kubernetes e2e suite" time="0">
          <skipped></skipped>
      </testcase>
      <testcase name="[sig-storage] CSI Volumes [Driver: csi-hostpath] [Testpattern: Dynamic PV (ntfs)][Feature:Windows] subPath should support readOnly file specified in the volumeMount [LinuxOnly]" classname="Kubernetes e2e suite" time="0">
          <skipped></skipped>
      </testcase>
      <testcase name="[sig-network] Proxy version v1 should proxy logs on node with explicit kubelet port using proxy subresource " classname="Kubernetes e2e suite" time="0">
          <skipped></skipped>
      </testcase>
      <testcase name="[sig-scheduling] LimitRange should create a LimitRange with defaults and ensure pod has those defaults applied. [Conformance]" classname="Kubernetes e2e suite" time="7.147585176"></testcase>
      <testcase name="[sig-storage] In-tree Volumes [Driver: local][LocalVolumeType: block] [Testpattern: Dynamic PV (default fs)] subPath should fail if subpath with backstepping is outside the volume [Slow][LinuxOnly]" classname="Kubernetes e2e suite" time="0">
          <skipped></skipped>
      </testcase>
      <testcase name="[sig-network] Proxy version v1 A set of valid responses are returned for both pod and service ProxyWithPath [Conformance]" classname="Kubernetes e2e suite" time="2.185210573"></testcase>
      <testcase name="[sig-storage] In-tree Volumes [Driver: local][LocalVolumeType: dir-bindmounted] [Testpattern: Dynamic PV (ext4)] multiVolume [Slow] should access to two volumes with the same volume mode and retain data across pod recreation on the same node" classname="Kubernetes e2e suite" time="0">
          <skipped></skipped>
      </testcase>
      <testcase name="[sig-storage] In-tree Volumes [Driver: nfs] [Testpattern: Dynamic PV (default fs)] subPath should unmount if pod is force deleted while kubelet is down [Disruptive][Slow][LinuxOnly]" classname="Kubernetes e2e suite" time="0">
          <skipped></skipped>
      </testcase>
      <testcase name="[sig-storage] Downward API [Serial] [Disruptive] [NodeFeature:EphemeralStorage] Downward API tests for local ephemeral storage should provide default limits.ephemeral-storage from node allocatable" classname="Kubernetes e2e suite" time="0">
          <skipped></skipped>
      </testcase>
      <testcase name="[sig-storage] In-tree Volumes [Driver: hostPathSymlink] [Testpattern: Dynamic PV (default fs)] volumes should store data" classname="Kubernetes e2e suite" time="0">
          <skipped></skipped>
      </testcase>
      <testcase name="[sig-storage] In-tree Volumes [Driver: rbd][Feature:Volumes][Serial] [Testpattern: Pre-provisioned PV (default fs)] subPath should fail if subpath directory is outside the volume [Slow][LinuxOnly]" classname="Kubernetes e2e suite" time="0">
          <skipped></skipped>
      </testcase>
      <testcase name="[sig-storage] In-tree Volumes [Driver: local][LocalVolumeType: gce-localssd-scsi-fs] [Serial] [Testpattern: Dynamic PV (xfs)][Slow] multiVolume [Slow] should concurrently access the single volume from pods on different node" classname="Kubernetes e2e suite" time="0">
          <skipped></skipped>
      </testcase>
      <testcase name="[sig-storage] PersistentVolumes Default StorageClass [LinuxOnly] pods that use multiple volumes should be reschedulable [Slow]" classname="Kubernetes e2e suite" time="0">
          <skipped></skipped>
      </testcase>
      <testcase name="[sig-storage] In-tree Volumes [Driver: local][LocalVolumeType: block] [Testpattern: Inline-volume (default fs)] subPath should support file as subpath [LinuxOnly]" classname="Kubernetes e2e suite" time="0">
          <skipped></skipped>
      </testcase>
      <testcase name="[sig-storage] In-tree Volumes [Driver: gluster] [Testpattern: Inline-volume (default fs)] subPath should support file as subpath [LinuxOnly]" classname="Kubernetes e2e suite" time="0">
          <skipped></skipped>
      </testcase>
      <testcase name="[sig-storage] In-tree Volumes [Driver: windows-gcepd] [Testpattern: Pre-provisioned PV (default fs)] volumes should allow exec of files on the volume" classname="Kubernetes e2e suite" time="0">
          <skipped></skipped>
      </testcase>
      <testcase name="[sig-storage] In-tree Volumes [Driver: hostPath] [Testpattern: Dynamic PV (ntfs)][Feature:Windows] provisioning should provision storage with mount options" classname="Kubernetes e2e suite" time="0">
          <skipped></skipped>
      </testcase>
      <testcase name="[sig-storage] CSI Volumes [Driver: pd.csi.storage.gke.io][Serial] [Testpattern: Dynamic Snapshot (retain policy)] snapshottable[Feature:VolumeSnapshotDataSource] volume snapshot controller  should check snapshot fields, check restore correctly works after modifying source data, check deletion" classname="Kubernetes e2e suite" time="0">
          <skipped></skipped>
      </testcase>
      <testcase name="[sig-storage] In-tree Volumes [Driver: cinder] [Testpattern: Inline-volume (default fs)] subPath should fail if subpath directory is outside the volume [Slow][LinuxOnly]" classname="Kubernetes e2e suite" time="0">
          <skipped></skipped>
      </testcase>
      <testcase name="[sig-storage] In-tree Volumes [Driver: nfs] [Testpattern: Dynamic PV (block volmode)] volumeMode should fail to use a volume in a pod with mismatched mode [Slow]" classname="Kubernetes e2e suite" time="0">
          <skipped></skipped>
      </testcase>
      <testcase name="[sig-storage] In-tree Volumes [Driver: local][LocalVolumeType: dir-link] [Testpattern: Dynamic PV (ext4)] multiVolume [Slow] should concurrently access the volume and its clone from pods on the same node [LinuxOnly][Feature:VolumeSnapshotDataSource][Feature:VolumeSourceXFS]" classname="Kubernetes e2e suite" time="0">
          <skipped></skipped>
      </testcase>
      <testcase name="[sig-network] NetworkPolicyLegacy [LinuxOnly] NetworkPolicy between server and client should enforce updated policy [Feature:NetworkPolicy]" classname="Kubernetes e2e suite" time="0">
          <skipped></skipped>
      </testcase>
      <testcase name="[sig-storage] In-tree Volumes [Driver: local][LocalVolumeType: block] [Testpattern: Dynamic PV (block volmode)] multiVolume [Slow] should concurrently access the volume and restored snapshot from pods on the same node [LinuxOnly][Feature:VolumeSnapshotDataSource][Feature:VolumeSourceXFS]" classname="Kubernetes e2e suite" time="0">
          <skipped></skipped>
      </testcase>
      <testcase name="[sig-storage] In-tree Volumes [Driver: ceph][Feature:Volumes][Serial] [Testpattern: Dynamic PV (filesystem volmode)] volumeLimits should verify that all csinodes have volume limits" classname="Kubernetes e2e suite" time="0">
          <skipped></skipped>
      </testcase>
      <testcase name="[sig-storage] In-tree Volumes [Driver: local][LocalVolumeType: gce-localssd-scsi-fs] [Serial] [Testpattern: Dynamic PV (default fs)] subPath should unmount if pod is gracefully deleted while kubelet is down [Disruptive][Slow][LinuxOnly]" classname="Kubernetes e2e suite" time="0">
          <skipped></skipped>
      </testcase>
      <testcase name="[sig-storage] CSI Volumes [Driver: csi-hostpath] [Testpattern: Dynamic PV (delayed binding)] topology should provision a volume and schedule a pod with AllowedTopologies" classname="Kubernetes e2e suite" time="0">
          <skipped></skipped>
      </testcase>
      <testcase name="[sig-storage] In-tree Volumes [Driver: rbd][Feature:Volumes][Serial] [Testpattern: Dynamic PV (block volmode)] multiVolume [Slow] should concurrently access the single read-only volume from pods on the same node" classname="Kubernetes e2e suite" time="0">
          <skipped></skipped>
      </testcase>
      <testcase name="[sig-storage] CSI Volumes [Driver: pd.csi.storage.gke.io][Serial] [Testpattern: Inline-volume (xfs)][Slow] volumes should store data" classname="Kubernetes e2e suite" time="0">
          <skipped></skipped>
      </testcase>
      <testcase name="[sig-storage] CSI Volumes [Driver: csi-hostpath] [Testpattern: Dynamic PV (default fs)] provisioning should provision storage with mount options" classname="Kubernetes e2e suite" time="0">
          <skipped></skipped>
      </testcase>
      <testcase name="[sig-storage] In-tree Volumes [Driver: hostPath] [Testpattern: Dynamic PV (default fs)] subPath should fail if subpath directory is outside the volume [Slow][LinuxOnly]" classname="Kubernetes e2e suite" time="0">
          <skipped></skipped>
      </testcase>
      <testcase name="[sig-storage] In-tree Volumes [Driver: cinder] [Testpattern: Dynamic PV (filesystem volmode)] multiVolume [Slow] should access to two volumes with the same volume mode and retain data across pod recreation on the same node" classname="Kubernetes e2e suite" time="0">
          <skipped></skipped>
      </testcase>
      <testcase name="[sig-network] Networking Granular Checks: Services should function for node-Service: udp" classname="Kubernetes e2e suite" time="0">
          <skipped></skipped>
      </testcase>
      <testcase name="[sig-storage] CSI Volumes [Driver: csi-hostpath] [Testpattern: Dynamic Snapshot (retain policy)] snapshottable-stress[Feature:VolumeSnapshotDataSource] should support snapshotting of many volumes repeatedly [Slow] [Serial]" classname="Kubernetes e2e suite" time="0">
          <skipped></skipped>
      </testcase>
      <testcase name="[sig-storage] Pod Disks detach in a disrupted environment [Slow] [Disruptive] when node&#39;s API object is deleted" classname="Kubernetes e2e suite" time="0">
          <skipped></skipped>
      </testcase>
      <testcase name="[sig-storage] In-tree Volumes [Driver: aws] [Testpattern: Dynamic PV (default fs)] provisioning should provision storage with mount options" classname="Kubernetes e2e suite" time="0">
          <skipped></skipped>
      </testcase>
      <testcase name="[sig-storage] In-tree Volumes [Driver: vsphere] [Testpattern: Dynamic PV (filesystem volmode)] multiVolume [Slow] should concurrently access the volume and restored snapshot from pods on the same node [LinuxOnly][Feature:VolumeSnapshotDataSource][Feature:VolumeSourceXFS]" classname="Kubernetes e2e suite" time="0">
          <skipped></skipped>
      </testcase>
      <testcase name="[sig-storage] In-tree Volumes [Driver: rbd][Feature:Volumes][Serial] [Testpattern: Dynamic PV (ntfs)][Feature:Windows] subPath should support creating multiple subpath from same volumes [Slow]" classname="Kubernetes e2e suite" time="0">
          <skipped></skipped>
      </testcase>
      <testcase name="[sig-storage] In-tree Volumes [Driver: gluster] [Testpattern: Dynamic PV (default fs)] volume-expand should not allow expansion of pvcs without AllowVolumeExpansion property" classname="Kubernetes e2e suite" time="0">
          <skipped></skipped>
      </testcase>
      <testcase name="[sig-storage] In-tree Volumes [Driver: hostPathSymlink] [Testpattern: Dynamic PV (block volmode)] multiVolume [Slow] should concurrently access the single read-only volume from pods on the same node" classname="Kubernetes e2e suite" time="0">
          <skipped></skipped>
      </testcase>
      <testcase name="[sig-storage] In-tree Volumes [Driver: local][LocalVolumeType: dir-link-bindmounted] [Testpattern: Dynamic PV (xfs)][Slow] volumes should store data" classname="Kubernetes e2e suite" time="0">
          <skipped></skipped>
      </testcase>
      <testcase name="[sig-storage] In-tree Volumes [Driver: iscsi][Feature:Volumes] [Testpattern: Dynamic PV (block volmode)] provisioning should provision storage with pvc data source in parallel [Slow]" classname="Kubernetes e2e suite" time="0">
          <skipped></skipped>
      </testcase>
      <testcase name="[sig-storage] In-tree Volumes [Driver: windows-gcepd] [Testpattern: Dynamic PV (delayed binding)] topology should fail to schedule a pod which has topologies that conflict with AllowedTopologies" classname="Kubernetes e2e suite" time="0">
          <skipped></skipped>
      </testcase>
      <testcase name="[sig-storage] CSI Volumes [Driver: pd.csi.storage.gke.io][Serial] [Testpattern: Dynamic Snapshot (retain policy)] snapshottable-stress[Feature:VolumeSnapshotDataSource] should support snapshotting of many volumes repeatedly [Slow] [Serial]" classname="Kubernetes e2e suite" time="0">
          <skipped></skipped>
      </testcase>
      <testcase name="[sig-storage] In-tree Volumes [Driver: local][LocalVolumeType: block] [Testpattern: Dynamic PV (default fs)] subPath should support non-existent path" classname="Kubernetes e2e suite" time="0">
          <skipped></skipped>
      </testcase>
      <testcase name="[sig-network] DNS should support configurable pod DNS nameservers [Conformance]" classname="Kubernetes e2e suite" time="2.33255772"></testcase>
      <testcase name="[sig-storage] In-tree Volumes [Driver: emptydir] [Testpattern: Pre-provisioned PV (default fs)] subPath should unmount if pod is gracefully deleted while kubelet is down [Disruptive][Slow][LinuxOnly]" classname="Kubernetes e2e suite" time="0">
          <skipped></skipped>
      </testcase>
      <testcase name="[sig-storage] In-tree Volumes [Driver: gcepd] [Testpattern: Dynamic PV (ntfs)(allowExpansion)][Feature:Windows] volume-expand should resize volume when PVC is edited while pod is using it" classname="Kubernetes e2e suite" time="0">
          <skipped></skipped>
      </testcase>
      <testcase name="[sig-storage] In-tree Volumes [Driver: vsphere] [Testpattern: Pre-provisioned PV (xfs)][Slow] volumes should allow exec of files on the volume" classname="Kubernetes e2e suite" time="0">
          <skipped></skipped>
      </testcase>
      <testcase name="[sig-storage] In-tree Volumes [Driver: emptydir] [Testpattern: Dynamic PV (default fs)] subPath should fail if subpath file is outside the volume [Slow][LinuxOnly]" classname="Kubernetes e2e suite" time="0">
          <skipped></skipped>
      </testcase>
      <testcase name="[sig-storage] In-tree Volumes [Driver: nfs] [Testpattern: Pre-provisioned PV (default fs)] volumes should allow exec of files on the volume" classname="Kubernetes e2e suite" time="0">
          <skipped></skipped>
      </testcase>
      <testcase name="[sig-node] Pods should allow activeDeadlineSeconds to be updated [NodeConformance] [Conformance]" classname="Kubernetes e2e suite" time="6.637629822"></testcase>
      <testcase name="[sig-storage] In-tree Volumes [Driver: local][LocalVolumeType: tmpfs] [Testpattern: Pre-provisioned PV (block volmode)] disruptive[Disruptive][LinuxOnly] Should test that pv written before kubelet restart is readable after restart." classname="Kubernetes e2e suite" time="0">
          <skipped></skipped>
      </testcase>
      <testcase name="[sig-storage] In-tree Volumes [Driver: iscsi][Feature:Volumes] [Testpattern: Dynamic PV (block volmode)] multiVolume [Slow] should access to two volumes with different volume mode and retain data across pod recreation on different node" classname="Kubernetes e2e suite" time="0">
          <skipped></skipped>
      </testcase>
      <testcase name="[sig-storage] In-tree Volumes [Driver: emptydir] [Testpattern: Inline-volume (default fs)] subPath should fail if subpath file is outside the volume [Slow][LinuxOnly]" classname="Kubernetes e2e suite" time="0">
          <skipped></skipped>
      </testcase>
      <testcase name="[sig-storage] In-tree Volumes [Driver: nfs] [Testpattern: Inline-volume (default fs)] subPath should support readOnly directory specified in the volumeMount" classname="Kubernetes e2e suite" time="0">
          <skipped></skipped>
      </testcase>
      <testcase name="[sig-network] NetworkPolicyLegacy [LinuxOnly] NetworkPolicy between server and client should enforce policy based on PodSelector and NamespaceSelector [Feature:NetworkPolicy]" classname="Kubernetes e2e suite" time="0">
          <skipped></skipped>
      </testcase>
      <testcase name="[sig-storage] PersistentVolumes-local  [Volume type: dir-link-bindmounted] Set fsGroup for local volume should set fsGroup for one pod [Slow]" classname="Kubernetes e2e suite" time="0">
          <skipped></skipped>
      </testcase>
      <testcase name="[sig-storage] In-tree Volumes [Driver: local][LocalVolumeType: dir] [Testpattern: Dynamic PV (filesystem volmode)] multiVolume [Slow] should concurrently access the single read-only volume from pods on the same node" classname="Kubernetes e2e suite" time="0">
          <skipped></skipped>
      </testcase>
      <testcase name="[sig-storage] In-tree Volumes [Driver: gcepd] [Testpattern: Dynamic PV (default fs)] fsgroupchangepolicy (Always)[LinuxOnly], pod created with an initial fsgroup, new pod fsgroup applied to volume contents" classname="Kubernetes e2e suite" time="0">
          <skipped></skipped>
      </testcase>
      <testcase name="[sig-auth] [Feature:NodeAuthorizer] Getting a secret for a workload the node has access to should succeed" classname="Kubernetes e2e suite" time="0">
          <skipped></skipped>
      </testcase>
      <testcase name="[sig-storage] CSI Volumes [Driver: pd.csi.storage.gke.io][Serial] [Testpattern: Dynamic PV (ext4)] volumes should allow exec of files on the volume" classname="Kubernetes e2e suite" time="0">
          <skipped></skipped>
      </testcase>
      <testcase name="[sig-storage] In-tree Volumes [Driver: emptydir] [Testpattern: Pre-provisioned PV (default fs)] subPath should support existing directories when readOnly specified in the volumeSource" classname="Kubernetes e2e suite" time="0">
          <skipped></skipped>
      </testcase>
      <testcase name="[sig-storage] In-tree Volumes [Driver: local][LocalVolumeType: dir] [Testpattern: Inline-volume (default fs)] subPath should fail if non-existent subpath is outside the volume [Slow][LinuxOnly]" classname="Kubernetes e2e suite" time="0">
          <skipped></skipped>
      </testcase>
      <testcase name="[sig-storage] In-tree Volumes [Driver: azure-disk] [Testpattern: Dynamic PV (ext4)] volumes should store data" classname="Kubernetes e2e suite" time="0">
          <skipped></skipped>
      </testcase>
      <testcase name="[sig-storage] In-tree Volumes [Driver: rbd][Feature:Volumes][Serial] [Testpattern: Dynamic PV (ntfs)][Feature:Windows] subPath should support file as subpath [LinuxOnly]" classname="Kubernetes e2e suite" time="0">
          <skipped></skipped>
      </testcase>
      <testcase name="[sig-storage] In-tree Volumes [Driver: local][LocalVolumeType: blockfs] [Testpattern: Pre-provisioned PV (default fs)] subPath should fail if subpath directory is outside the volume [Slow][LinuxOnly]" classname="Kubernetes e2e suite" time="0">
          <skipped></skipped>
      </testcase>
      <testcase name="[sig-storage] In-tree Volumes [Driver: vsphere] [Testpattern: Dynamic PV (block volmode)] multiVolume [Slow] should concurrently access the volume and restored snapshot from pods on the same node [LinuxOnly][Feature:VolumeSnapshotDataSource][Feature:VolumeSourceXFS]" classname="Kubernetes e2e suite" time="0">
          <skipped></skipped>
      </testcase>
      <testcase name="[sig-storage] In-tree Volumes [Driver: local][LocalVolumeType: dir-link-bindmounted] [Testpattern: Dynamic PV (ext4)] multiVolume [Slow] should concurrently access the volume and its clone from pods on the same node [LinuxOnly][Feature:VolumeSnapshotDataSource][Feature:VolumeSourceXFS]" classname="Kubernetes e2e suite" time="0">
          <skipped></skipped>
      </testcase>
      <testcase name="[sig-storage] In-tree Volumes [Driver: local][LocalVolumeType: dir-bindmounted] [Testpattern: Dynamic PV (ext4)] multiVolume [Slow] should concurrently access the volume and restored snapshot from pods on the same node [LinuxOnly][Feature:VolumeSnapshotDataSource][Feature:VolumeSourceXFS]" classname="Kubernetes e2e suite" time="0">
          <skipped></skipped>
      </testcase>
      <testcase name="[sig-storage] In-tree Volumes [Driver: cinder] [Testpattern: Pre-provisioned PV (block volmode)] multiVolume [Slow] should concurrently access the single volume from pods on different node" classname="Kubernetes e2e suite" time="0">
          <skipped></skipped>
      </testcase>
      <testcase name="[sig-storage] In-tree Volumes [Driver: local][LocalVolumeType: dir-link-bindmounted] [Testpattern: Dynamic PV (ext4)] multiVolume [Slow] should concurrently access the single volume from pods on different node" classname="Kubernetes e2e suite" time="0">
          <skipped></skipped>
      </testcase>
      <testcase name="[sig-cli] Kubectl client Kubectl client-side validation should create/apply a valid CR with arbitrary-extra properties for CRD with partially-specified validation schema" classname="Kubernetes e2e suite" time="0">
          <skipped></skipped>
      </testcase>
      <testcase name="[sig-cli] Kubectl client Simple pod should support exec" classname="Kubernetes e2e suite" time="0">
          <skipped></skipped>
      </testcase>
      <testcase name="[sig-storage] CSI mock volume CSI attach test using mock driver should require VolumeAttach for drivers with attachment" classname="Kubernetes e2e suite" time="0">
          <skipped></skipped>
      </testcase>
      <testcase name="[sig-storage] In-tree Volumes [Driver: hostPathSymlink] [Testpattern: Dynamic PV (default fs)] fsgroupchangepolicy (OnRootMismatch)[LinuxOnly], pod created with an initial fsgroup, new pod fsgroup applied to volume contents" classname="Kubernetes e2e suite" time="0">
          <skipped></skipped>
      </testcase>
      <testcase name="[sig-storage] PersistentVolumes-local  StatefulSet with pod affinity [Slow] should use volumes spread across nodes when pod management is parallel and pod has anti-affinity" classname="Kubernetes e2e suite" time="0">
          <skipped></skipped>
      </testcase>
      <testcase name="[sig-cloud-provider-gcp] Nodes [Disruptive] Resize [Slow] should be able to delete nodes" classname="Kubernetes e2e suite" time="0">
          <skipped></skipped>
      </testcase>
      <testcase name="[sig-network] Services should be possible to connect to a service via ExternalIP when the external IP is not assigned to a node" classname="Kubernetes e2e suite" time="0">
          <skipped></skipped>
      </testcase>
      <testcase name="[sig-network] [Feature:IPv6DualStack] Granular Checks: Services Secondary IP Family [LinuxOnly] should function for pod-Service: sctp [Feature:SCTPConnectivity][Disruptive]" classname="Kubernetes e2e suite" time="0">
          <skipped></skipped>
      </testcase>
      <testcase name="[sig-storage] In-tree Volumes [Driver: local][LocalVolumeType: blockfs] [Testpattern: Dynamic PV (ext3)] volumes should store data" classname="Kubernetes e2e suite" time="0">
          <skipped></skipped>
      </testcase>
      <testcase name="[sig-storage] Dynamic Provisioning DynamicProvisioner [Slow] should provision storage with non-default reclaim policy Retain" classname="Kubernetes e2e suite" time="0">
          <skipped></skipped>
      </testcase>
      <testcase name="[sig-storage] In-tree Volumes [Driver: windows-gcepd] [Testpattern: Dynamic PV (block volmode)] multiVolume [Slow] should concurrently access the single volume from pods on different node" classname="Kubernetes e2e suite" time="0">
          <skipped></skipped>
      </testcase>
      <testcase name="[sig-cli] Kubectl client Proxy server should support proxy with --port 0  [Conformance]" classname="Kubernetes e2e suite" time="0.115246217"></testcase>
      <testcase name="[sig-network] Networking Granular Checks: Services should function for pod-Service: udp" classname="Kubernetes e2e suite" time="0">
          <skipped></skipped>
      </testcase>
      <testcase name="[sig-storage] PersistentVolumes-local  [Volume type: tmpfs] Set fsGroup for local volume should set fsGroup for one pod [Slow]" classname="Kubernetes e2e suite" time="0">
          <skipped></skipped>
      </testcase>
      <testcase name="[sig-storage] In-tree Volumes [Driver: cinder] [Testpattern: Dynamic PV (ntfs)][Feature:Windows] subPath should support restarting containers using directory as subpath [Slow]" classname="Kubernetes e2e suite" time="0">
          <skipped></skipped>
      </testcase>
      <testcase name="[sig-storage] In-tree Volumes [Driver: nfs] [Testpattern: Dynamic PV (delayed binding)] topology should fail to schedule a pod which has topologies that conflict with AllowedTopologies" classname="Kubernetes e2e suite" time="0">
          <skipped></skipped>
      </testcase>
      <testcase name="[sig-storage] In-tree Volumes [Driver: nfs] [Testpattern: Dynamic PV (ext4)] multiVolume [Slow] should access to two volumes with different volume mode and retain data across pod recreation on the same node" classname="Kubernetes e2e suite" time="0">
          <skipped></skipped>
      </testcase>
      <testcase name="[sig-storage] In-tree Volumes [Driver: rbd][Feature:Volumes][Serial] [Testpattern: Dynamic PV (ntfs)][Feature:Windows] subPath should verify container cannot write to subpath readonly volumes [Slow]" classname="Kubernetes e2e suite" time="0">
          <skipped></skipped>
      </testcase>
      <testcase name="[sig-storage] HostPathType Directory [Slow] Should fail on mounting directory &#39;adir&#39; when HostPathType is HostPathSocket" classname="Kubernetes e2e suite" time="0">
          <skipped></skipped>
      </testcase>
      <testcase name="[sig-storage] In-tree Volumes [Driver: hostPathSymlink] [Testpattern: Dynamic PV (ntfs)][Feature:Windows] subPath should be able to unmount after the subpath directory is deleted [LinuxOnly]" classname="Kubernetes e2e suite" time="0">
          <skipped></skipped>
      </testcase>
      <testcase name="[sig-storage] Volume Disk Format [Feature:vsphere] verify disk format type - eagerzeroedthick is honored for dynamically provisioned pv using storageclass" classname="Kubernetes e2e suite" time="0">
          <skipped></skipped>
      </testcase>
      <testcase name="[sig-storage] In-tree Volumes [Driver: windows-gcepd] [Testpattern: Dynamic PV (ntfs)][Feature:Windows] subPath should support existing directory" classname="Kubernetes e2e suite" time="0">
          <skipped></skipped>
      </testcase>
      <testcase name="[sig-storage] In-tree Volumes [Driver: gcepd] [Testpattern: Inline-volume (ext3)] volumes should store data" classname="Kubernetes e2e suite" time="0">
          <skipped></skipped>
      </testcase>
      <testcase name="[sig-storage] In-tree Volumes [Driver: azure-disk] [Testpattern: Pre-provisioned PV (default fs)] volumeIO should write files of various sizes, verify size, validate content [Slow][LinuxOnly]" classname="Kubernetes e2e suite" time="0">
          <skipped></skipped>
      </testcase>
      <testcase name="[sig-storage] In-tree Volumes [Driver: windows-gcepd] [Testpattern: Inline-volume (default fs)] subPath should support restarting containers using file as subpath [Slow][LinuxOnly]" classname="Kubernetes e2e suite" time="0">
          <skipped></skipped>
      </testcase>
      <testcase name="[sig-storage] EmptyDir volumes when FSGroup is specified [LinuxOnly] [NodeFeature:FSGroup] new files should be created with FSGroup ownership when container is non-root" classname="Kubernetes e2e suite" time="0">
          <skipped></skipped>
      </testcase>
      <testcase name="[sig-storage] In-tree Volumes [Driver: ceph][Feature:Volumes][Serial] [Testpattern: Dynamic PV (block volmode)(allowExpansion)] volume-expand Verify if offline PVC expansion works" classname="Kubernetes e2e suite" time="0">
          <skipped></skipped>
      </testcase>
      <testcase name="[sig-node] Security Context When creating a container with runAsNonRoot should run with an image specified user ID" classname="Kubernetes e2e suite" time="0">
          <skipped></skipped>
      </testcase>
      <testcase name="[sig-storage] In-tree Volumes [Driver: hostPathSymlink] [Testpattern: Pre-provisioned PV (default fs)] subPath should unmount if pod is force deleted while kubelet is down [Disruptive][Slow][LinuxOnly]" classname="Kubernetes e2e suite" time="0">
          <skipped></skipped>
      </testcase>
      <testcase name="[sig-storage] In-tree Volumes [Driver: azure-disk] [Testpattern: Pre-provisioned PV (filesystem volmode)] disruptive[Disruptive][LinuxOnly] Should test that pv written before kubelet restart is readable after restart." classname="Kubernetes e2e suite" time="0">
          <skipped></skipped>
      </testcase>
      <testcase name="[sig-storage] In-tree Volumes [Driver: local][LocalVolumeType: tmpfs] [Testpattern: Inline-volume (default fs)] subPath should support readOnly file specified in the volumeMount [LinuxOnly]" classname="Kubernetes e2e suite" time="0">
          <skipped></skipped>
      </testcase>
      <testcase name="[sig-storage] In-tree Volumes [Driver: aws] [Testpattern: Pre-provisioned PV (ext4)] volumes should allow exec of files on the volume" classname="Kubernetes e2e suite" time="0">
          <skipped></skipped>
      </testcase>
      <testcase name="[sig-storage] CSI Volumes [Driver: pd.csi.storage.gke.io][Serial] [Testpattern: Pre-provisioned PV (block volmode)] multiVolume [Slow] should access to two volumes with different volume mode and retain data across pod recreation on different node" classname="Kubernetes e2e suite" time="0">
          <skipped></skipped>
      </testcase>
      <testcase name="[sig-storage] In-tree Volumes [Driver: local][LocalVolumeType: dir] [Testpattern: Dynamic PV (xfs)][Slow] multiVolume [Slow] should concurrently access the single read-only volume from pods on the same node" classname="Kubernetes e2e suite" time="0">
          <skipped></skipped>
      </testcase>
      <testcase name="[sig-storage] In-tree Volumes [Driver: aws] [Testpattern: Dynamic PV (ext3)] volumes should allow exec of files on the volume" classname="Kubernetes e2e suite" time="0">
          <skipped></skipped>
      </testcase>
      <testcase name="[sig-storage] In-tree Volumes [Driver: azure-disk] [Testpattern: Dynamic PV (ext4)] multiVolume [Slow] should access to two volumes with different volume mode and retain data across pod recreation on the same node" classname="Kubernetes e2e suite" time="0">
          <skipped></skipped>
      </testcase>
      <testcase name="[sig-storage] In-tree Volumes [Driver: aws] [Testpattern: Dynamic PV (default fs)] provisioning should provision storage with pvc data source in parallel [Slow]" classname="Kubernetes e2e suite" time="0">
          <skipped></skipped>
      </testcase>
      <testcase name="[sig-storage] In-tree Volumes [Driver: hostPathSymlink] [Testpattern: Dynamic PV (ext4)] multiVolume [Slow] should access to two volumes with the same volume mode and retain data across pod recreation on different node" classname="Kubernetes e2e suite" time="0">
          <skipped></skipped>
      </testcase>
      <testcase name="[sig-storage] In-tree Volumes [Driver: vsphere] [Testpattern: Pre-provisioned PV (default fs)] subPath should support creating multiple subpath from same volumes [Slow]" classname="Kubernetes e2e suite" time="0">
          <skipped></skipped>
      </testcase>
      <testcase name="[sig-storage] In-tree Volumes [Driver: local][LocalVolumeType: dir-link] [Testpattern: Dynamic PV (ext3)] volumes should allow exec of files on the volume" classname="Kubernetes e2e suite" time="0">
          <skipped></skipped>
      </testcase>
      <testcase name="[sig-storage] In-tree Volumes [Driver: emptydir] [Testpattern: Pre-provisioned PV (filesystem volmode)] multiVolume [Slow] should concurrently access the single volume from pods on different node" classname="Kubernetes e2e suite" time="0">
          <skipped></skipped>
      </testcase>
      <testcase name="[sig-storage] CSI Volumes [Driver: csi-hostpath] [Testpattern: Dynamic PV (ext3)] volumes should store data" classname="Kubernetes e2e suite" time="0">
          <skipped></skipped>
      </testcase>
      <testcase name="[sig-storage] CSI Volumes [Driver: pd.csi.storage.gke.io][Serial] [Testpattern: Dynamic PV (default fs)] subPath should verify container cannot write to subpath readonly volumes [Slow]" classname="Kubernetes e2e suite" time="0">
          <skipped></skipped>
      </testcase>
      <testcase name="[sig-storage] In-tree Volumes [Driver: gcepd] [Testpattern: Dynamic PV (ntfs)][Feature:Windows] subPath should support non-existent path" classname="Kubernetes e2e suite" time="0">
          <skipped></skipped>
      </testcase>
      <testcase name="[sig-storage] In-tree Volumes [Driver: cinder] [Testpattern: Inline-volume (default fs)] subPath should be able to unmount after the subpath directory is deleted [LinuxOnly]" classname="Kubernetes e2e suite" time="0">
          <skipped></skipped>
      </testcase>
      <testcase name="[sig-storage] In-tree Volumes [Driver: local][LocalVolumeType: tmpfs] [Testpattern: Dynamic PV (ext4)] multiVolume [Slow] should concurrently access the volume and restored snapshot from pods on the same node [LinuxOnly][Feature:VolumeSnapshotDataSource][Feature:VolumeSourceXFS]" classname="Kubernetes e2e suite" time="0">
          <skipped></skipped>
      </testcase>
      <testcase name="[sig-storage] CSI Volumes [Driver: csi-hostpath] [Testpattern: Dynamic PV (delayed binding)] topology should fail to schedule a pod which has topologies that conflict with AllowedTopologies" classname="Kubernetes e2e suite" time="0">
          <skipped></skipped>
      </testcase>
      <testcase name="[sig-storage] In-tree Volumes [Driver: local][LocalVolumeType: dir] [Testpattern: Dynamic PV (filesystem volmode)] multiVolume [Slow] should concurrently access the single volume from pods on different node" classname="Kubernetes e2e suite" time="0">
          <skipped></skipped>
      </testcase>
      <testcase name="[sig-storage] In-tree Volumes [Driver: local][LocalVolumeType: blockfs] [Testpattern: Dynamic PV (ntfs)][Feature:Windows] subPath should unmount if pod is force deleted while kubelet is down [Disruptive][Slow][LinuxOnly]" classname="Kubernetes e2e suite" time="0">
          <skipped></skipped>
      </testcase>
      <testcase name="[sig-storage] CSI Volumes [Driver: csi-hostpath] [Testpattern: Dynamic PV (xfs)][Slow] multiVolume [Slow] should access to two volumes with different volume mode and retain data across pod recreation on the same node" classname="Kubernetes e2e suite" time="0">
          <skipped></skipped>
      </testcase>
      <testcase name="[sig-storage] CSI Volumes [Driver: pd.csi.storage.gke.io][Serial] [Testpattern: Pre-provisioned PV (default fs)] subPath should fail if subpath file is outside the volume [Slow][LinuxOnly]" classname="Kubernetes e2e suite" time="0">
          <skipped></skipped>
      </testcase>
      <testcase name="[sig-storage] PersistentVolumes-local  [Volume type: dir] Set fsGroup for local volume should set different fsGroup for second pod if first pod is deleted" classname="Kubernetes e2e suite" time="0">
          <skipped></skipped>
      </testcase>
      <testcase name="[sig-storage] In-tree Volumes [Driver: rbd][Feature:Volumes][Serial] [Testpattern: Dynamic PV (block volmode)] multiVolume [Slow] should concurrently access the single volume from pods on different node" classname="Kubernetes e2e suite" time="0">
          <skipped></skipped>
      </testcase>
      <testcase name="[sig-storage] In-tree Volumes [Driver: gluster] [Testpattern: Pre-provisioned PV (default fs)] subPath should support non-existent path" classname="Kubernetes e2e suite" time="0">
          <skipped></skipped>
      </testcase>
      <testcase name="[sig-storage] Regional PD RegionalPD should failover to a different zone when all nodes in one zone become unreachable [Slow] [Disruptive]" classname="Kubernetes e2e suite" time="0">
          <skipped></skipped>
      </testcase>
      <testcase name="[sig-storage] In-tree Volumes [Driver: aws] [Testpattern: Dynamic PV (ntfs)][Feature:Windows] provisioning should provision storage with snapshot data source [Feature:VolumeSnapshotDataSource]" classname="Kubernetes e2e suite" time="0">
          <skipped></skipped>
      </testcase>
      <testcase name="[sig-storage] In-tree Volumes [Driver: local][LocalVolumeType: dir-link-bindmounted] [Testpattern: Dynamic PV (filesystem volmode)] multiVolume [Slow] should concurrently access the volume and its clone from pods on the same node [LinuxOnly][Feature:VolumeSnapshotDataSource][Feature:VolumeSourceXFS]" classname="Kubernetes e2e suite" time="0">
          <skipped></skipped>
      </testcase>
      <testcase name="[sig-storage] In-tree Volumes [Driver: local][LocalVolumeType: dir] [Testpattern: Dynamic PV (ext3)] volumes should allow exec of files on the volume" classname="Kubernetes e2e suite" time="0">
          <skipped></skipped>
      </testcase>
      <testcase name="[sig-storage] In-tree Volumes [Driver: nfs] [Testpattern: Dynamic PV (ntfs)][Feature:Windows] provisioning should provision storage with pvc data source" classname="Kubernetes e2e suite" time="0">
          <skipped></skipped>
      </testcase>
      <testcase name="[sig-storage] In-tree Volumes [Driver: local][LocalVolumeType: block] [Testpattern: Dynamic PV (ntfs)][Feature:Windows] subPath should support readOnly file specified in the volumeMount [LinuxOnly]" classname="Kubernetes e2e suite" time="0">
          <skipped></skipped>
      </testcase>
      <testcase name="[sig-storage] In-tree Volumes [Driver: local][LocalVolumeType: dir-link] [Testpattern: Pre-provisioned PV (default fs)] subPath should fail if subpath with backstepping is outside the volume [Slow][LinuxOnly]" classname="Kubernetes e2e suite" time="0">
          <skipped></skipped>
      </testcase>
      <testcase name="[sig-storage] In-tree Volumes [Driver: nfs] [Testpattern: Dynamic PV (default fs)] provisioning should provision storage with mount options" classname="Kubernetes e2e suite" time="0">
          <skipped></skipped>
      </testcase>
      <testcase name="[sig-storage] In-tree Volumes [Driver: windows-gcepd] [Testpattern: Dynamic PV (default fs)] fsgroupchangepolicy (OnRootMismatch)[LinuxOnly], pod created with an initial fsgroup, volume contents ownership changed in first pod, new pod with same fsgroup skips ownership changes to the volume contents" classname="Kubernetes e2e suite" time="0">
          <skipped></skipped>
      </testcase>
      <testcase name="[sig-storage] In-tree Volumes [Driver: hostPathSymlink] [Testpattern: Dynamic PV (ntfs)][Feature:Windows] subPath should support file as subpath [LinuxOnly]" classname="Kubernetes e2e suite" time="0">
          <skipped></skipped>
      </testcase>
      <testcase name="[sig-storage] In-tree Volumes [Driver: local][LocalVolumeType: block] [Testpattern: Dynamic PV (ntfs)][Feature:Windows] subPath should verify container cannot write to subpath readonly volumes [Slow]" classname="Kubernetes e2e suite" time="0">
          <skipped></skipped>
      </testcase>
      <testcase name="[sig-storage] In-tree Volumes [Driver: emptydir] [Testpattern: Pre-provisioned PV (block volmode)] disruptive[Disruptive][LinuxOnly] Should test that pv used in a pod that is deleted while the kubelet is down cleans up when the kubelet returns." classname="Kubernetes e2e suite" time="0">
          <skipped></skipped>
      </testcase>
      <testcase name="[sig-storage] In-tree Volumes [Driver: nfs] [Testpattern: Pre-provisioned PV (filesystem volmode)] multiVolume [Slow] should access to two volumes with the same volume mode and retain data across pod recreation on the same node" classname="Kubernetes e2e suite" time="0">
          <skipped></skipped>
      </testcase>
      <testcase name="[sig-scheduling] SchedulerPredicates [Serial] validates resource limits of pods that are allowed to run  [Conformance]" classname="Kubernetes e2e suite" time="3.166069502"></testcase>
      <testcase name="[sig-storage] In-tree Volumes [Driver: aws] [Testpattern: Dynamic PV (default fs)] volumes should allow exec of files on the volume" classname="Kubernetes e2e suite" time="0">
          <skipped></skipped>
      </testcase>
      <testcase name="[sig-storage] In-tree Volumes [Driver: local][LocalVolumeType: block] [Testpattern: Dynamic PV (xfs)][Slow] volumes should store data" classname="Kubernetes e2e suite" time="0">
          <skipped></skipped>
      </testcase>
      <testcase name="[sig-storage] In-tree Volumes [Driver: vsphere] [Testpattern: Dynamic PV (block volmode)] multiVolume [Slow] should access to two volumes with the same volume mode and retain data across pod recreation on the same node" classname="Kubernetes e2e suite" time="0">
          <skipped></skipped>
      </testcase>
      <testcase name="[sig-storage] In-tree Volumes [Driver: vsphere] [Testpattern: Dynamic PV (ntfs)][Feature:Windows] subPath should support readOnly directory specified in the volumeMount" classname="Kubernetes e2e suite" time="0">
          <skipped></skipped>
      </testcase>
      <testcase name="[sig-storage] In-tree Volumes [Driver: hostPathSymlink] [Testpattern: Dynamic PV (block volmode)] multiVolume [Slow] should access to two volumes with different volume mode and retain data across pod recreation on the same node" classname="Kubernetes e2e suite" time="0">
          <skipped></skipped>
      </testcase>
      <testcase name="[sig-storage] In-tree Volumes [Driver: rbd][Feature:Volumes][Serial] [Testpattern: Inline-volume (default fs)] subPath should unmount if pod is gracefully deleted while kubelet is down [Disruptive][Slow][LinuxOnly]" classname="Kubernetes e2e suite" time="0">
          <skipped></skipped>
      </testcase>
      <testcase name="[sig-storage] In-tree Volumes [Driver: azure-disk] [Testpattern: Inline-volume (default fs)] subPath should be able to unmount after the subpath directory is deleted [LinuxOnly]" classname="Kubernetes e2e suite" time="0">
          <skipped></skipped>
      </testcase>
      <testcase name="[sig-storage] In-tree Volumes [Driver: local][LocalVolumeType: dir-bindmounted] [Testpattern: Dynamic PV (default fs)] subPath should verify container cannot write to subpath readonly volumes [Slow]" classname="Kubernetes e2e suite" time="0">
          <skipped></skipped>
      </testcase>
      <testcase name="[sig-storage] In-tree Volumes [Driver: iscsi][Feature:Volumes] [Testpattern: Dynamic PV (default fs)] subPath should support creating multiple subpath from same volumes [Slow]" classname="Kubernetes e2e suite" time="0">
          <skipped></skipped>
      </testcase>
      <testcase name="[sig-storage] CSI Volumes [Driver: pd.csi.storage.gke.io][Serial] [Testpattern: Dynamic PV (xfs)][Slow] multiVolume [Slow] should concurrently access the single volume from pods on the same node" classname="Kubernetes e2e suite" time="0">
          <skipped></skipped>
      </testcase>
      <testcase name="[sig-storage] In-tree Volumes [Driver: local][LocalVolumeType: dir-link-bindmounted] [Testpattern: Pre-provisioned PV (ext3)] volumes should allow exec of files on the volume" classname="Kubernetes e2e suite" time="0">
          <skipped></skipped>
      </testcase>
      <testcase name="[sig-storage] In-tree Volumes [Driver: local][LocalVolumeType: dir-link-bindmounted] [Testpattern: Inline-volume (default fs)] volumes should store data" classname="Kubernetes e2e suite" time="0">
          <skipped></skipped>
      </testcase>
      <testcase name="[sig-storage] In-tree Volumes [Driver: vsphere] [Testpattern: Dynamic PV (default fs)] subPath should unmount if pod is gracefully deleted while kubelet is down [Disruptive][Slow][LinuxOnly]" classname="Kubernetes e2e suite" time="0">
          <skipped></skipped>
      </testcase>
      <testcase name="[sig-cloud-provider-gcp] GKE node pools [Feature:GKENodePool] should create a cluster with multiple node pools [Feature:GKENodePool]" classname="Kubernetes e2e suite" time="0">
          <skipped></skipped>
      </testcase>
      <testcase name="[sig-storage] In-tree Volumes [Driver: local][LocalVolumeType: gce-localssd-scsi-fs] [Serial] [Testpattern: Dynamic PV (default fs)] volume-stress multiple pods should access different volumes repeatedly [Slow] [Serial]" classname="Kubernetes e2e suite" time="0">
          <skipped></skipped>
      </testcase>
      <testcase name="[sig-storage] In-tree Volumes [Driver: local][LocalVolumeType: tmpfs] [Testpattern: Pre-provisioned PV (block volmode)] disruptive[Disruptive][LinuxOnly] Should test that pv used in a pod that is force deleted while the kubelet is down cleans up when the kubelet returns." classname="Kubernetes e2e suite" time="0">
          <skipped></skipped>
      </testcase>
      <testcase name="[sig-storage] In-tree Volumes [Driver: local][LocalVolumeType: blockfs] [Testpattern: Dynamic PV (filesystem volmode)] multiVolume [Slow] should concurrently access the volume and its clone from pods on the same node [LinuxOnly][Feature:VolumeSnapshotDataSource][Feature:VolumeSourceXFS]" classname="Kubernetes e2e suite" time="0">
          <skipped></skipped>
      </testcase>
      <testcase name="[sig-storage] In-tree Volumes [Driver: windows-gcepd] [Testpattern: Dynamic PV (ext4)] multiVolume [Slow] should concurrently access the volume and its clone from pods on the same node [LinuxOnly][Feature:VolumeSnapshotDataSource][Feature:VolumeSourceXFS]" classname="Kubernetes e2e suite" time="0">
          <skipped></skipped>
      </testcase>
      <testcase name="[sig-storage] In-tree Volumes [Driver: gluster] [Testpattern: Pre-provisioned PV (default fs)] subPath should verify container cannot write to subpath readonly volumes [Slow]" classname="Kubernetes e2e suite" time="0">
          <skipped></skipped>
      </testcase>
      <testcase name="[sig-storage] In-tree Volumes [Driver: nfs] [Testpattern: Dynamic PV (xfs)][Slow] multiVolume [Slow] should concurrently access the single read-only volume from pods on the same node" classname="Kubernetes e2e suite" time="0">
          <skipped></skipped>
      </testcase>
      <testcase name="[sig-storage] In-tree Volumes [Driver: local][LocalVolumeType: tmpfs] [Testpattern: Dynamic PV (default fs)] subPath should support restarting containers using directory as subpath [Slow]" classname="Kubernetes e2e suite" time="0">
          <skipped></skipped>
      </testcase>
      <testcase name="[sig-cloud-provider-gcp] HA-master [Feature:HAMaster] survive addition/removal replicas multizone workers [Serial][Disruptive]" classname="Kubernetes e2e suite" time="0">
          <skipped></skipped>
      </testcase>
      <testcase name="[sig-storage] CSI Volumes [Driver: pd.csi.storage.gke.io][Serial] [Testpattern: Pre-provisioned PV (default fs)] subPath should support restarting containers using directory as subpath [Slow]" classname="Kubernetes e2e suite" time="0">
          <skipped></skipped>
      </testcase>
      <testcase name="[sig-storage] In-tree Volumes [Driver: hostPath] [Testpattern: Pre-provisioned PV (default fs)] subPath should support creating multiple subpath from same volumes [Slow]" classname="Kubernetes e2e suite" time="0">
          <skipped></skipped>
      </testcase>
      <testcase name="[sig-storage] In-tree Volumes [Driver: iscsi][Feature:Volumes] [Testpattern: Dynamic PV (default fs)] provisioning should provision storage with pvc data source" classname="Kubernetes e2e suite" time="0">
          <skipped></skipped>
      </testcase>
      <testcase name="[sig-network] [Feature:IPv6DualStack] Granular Checks: Services Secondary IP Family [LinuxOnly] should be able to handle large requests: udp" classname="Kubernetes e2e suite" time="0">
          <skipped></skipped>
      </testcase>
      <testcase name="[sig-storage] In-tree Volumes [Driver: local][LocalVolumeType: dir-link-bindmounted] [Testpattern: Dynamic PV (ext4)] volumes should allow exec of files on the volume" classname="Kubernetes e2e suite" time="0">
          <skipped></skipped>
      </testcase>
      <testcase name="[sig-storage] In-tree Volumes [Driver: local][LocalVolumeType: dir-link-bindmounted] [Testpattern: Dynamic PV (xfs)][Slow] multiVolume [Slow] should concurrently access the single read-only volume from pods on the same node" classname="Kubernetes e2e suite" time="0">
          <skipped></skipped>
      </testcase>
      <testcase name="[sig-storage] CSI Volumes [Driver: pd.csi.storage.gke.io][Serial] [Testpattern: Pre-provisioned PV (filesystem volmode)] multiVolume [Slow] should concurrently access the volume and restored snapshot from pods on the same node [LinuxOnly][Feature:VolumeSnapshotDataSource][Feature:VolumeSourceXFS]" classname="Kubernetes e2e suite" time="0">
          <skipped></skipped>
      </testcase>
      <testcase name="[sig-node] Mount propagation should propagate mounts within defined scopes" classname="Kubernetes e2e suite" time="0">
          <skipped></skipped>
      </testcase>
      <testcase name="[sig-storage] Storage Policy Based Volume Provisioning [Feature:vsphere] verify if a SPBM policy is not honored on a non-compatible datastore for dynamically provisioned pvc using storageclass" classname="Kubernetes e2e suite" time="0">
          <skipped></skipped>
      </testcase>
      <testcase name="[sig-storage] In-tree Volumes [Driver: local][LocalVolumeType: dir] [Testpattern: Inline-volume (ext4)] volumes should store data" classname="Kubernetes e2e suite" time="0">
          <skipped></skipped>
      </testcase>
      <testcase name="[sig-storage] In-tree Volumes [Driver: aws] [Testpattern: Dynamic PV (immediate binding)] topology should fail to schedule a pod which has topologies that conflict with AllowedTopologies" classname="Kubernetes e2e suite" time="0">
          <skipped></skipped>
      </testcase>
      <testcase name="[sig-storage] In-tree Volumes [Driver: local][LocalVolumeType: blockfs] [Testpattern: Dynamic PV (default fs)] subPath should support restarting containers using directory as subpath [Slow]" classname="Kubernetes e2e suite" time="0">
          <skipped></skipped>
      </testcase>
      <testcase name="[sig-network] Networking should provide Internet connection for containers [Feature:Networking-IPv4]" classname="Kubernetes e2e suite" time="0">
          <skipped></skipped>
      </testcase>
      <testcase name="[sig-storage] CSI Volumes [Driver: pd.csi.storage.gke.io][Serial] [Testpattern: Pre-provisioned PV (block volmode)] multiVolume [Slow] should access to two volumes with the same volume mode and retain data across pod recreation on the same node" classname="Kubernetes e2e suite" time="0">
          <skipped></skipped>
      </testcase>
      <testcase name="[sig-storage] In-tree Volumes [Driver: local][LocalVolumeType: blockfs] [Testpattern: Dynamic PV (block volmode)] volume-stress multiple pods should access different volumes repeatedly [Slow] [Serial]" classname="Kubernetes e2e suite" time="0">
          <skipped></skipped>
      </testcase>
      <testcase name="[sig-storage] In-tree Volumes [Driver: cinder] [Testpattern: Dynamic PV (xfs)][Slow] multiVolume [Slow] should access to two volumes with the same volume mode and retain data across pod recreation on different node" classname="Kubernetes e2e suite" time="0">
          <skipped></skipped>
      </testcase>
      <testcase name="[sig-storage] In-tree Volumes [Driver: local][LocalVolumeType: dir-link] [Testpattern: Dynamic PV (default fs)] provisioning should provision storage with pvc data source in parallel [Slow]" classname="Kubernetes e2e suite" time="0">
          <skipped></skipped>
      </testcase>
      <testcase name="[sig-storage] In-tree Volumes [Driver: gluster] [Testpattern: Dynamic PV (block volmode)] provisioning should provision storage with snapshot data source [Feature:VolumeSnapshotDataSource]" classname="Kubernetes e2e suite" time="0">
          <skipped></skipped>
      </testcase>
      <testcase name="[sig-storage] In-tree Volumes [Driver: iscsi][Feature:Volumes] [Testpattern: Pre-provisioned PV (default fs)] subPath should verify container cannot write to subpath readonly volumes [Slow]" classname="Kubernetes e2e suite" time="0">
          <skipped></skipped>
      </testcase>
      <testcase name="[sig-api-machinery] Namespaces [Serial] should ensure that all services are removed when a namespace is deleted [Conformance]" classname="Kubernetes e2e suite" time="6.172037717"></testcase>
      <testcase name="[sig-storage] In-tree Volumes [Driver: local][LocalVolumeType: gce-localssd-scsi-fs] [Serial] [Testpattern: Dynamic PV (delayed binding)] topology should fail to schedule a pod which has topologies that conflict with AllowedTopologies" classname="Kubernetes e2e suite" time="0">
          <skipped></skipped>
      </testcase>
      <testcase name="[sig-api-machinery] CustomResourceDefinition resources [Privileged:ClusterAdmin] Simple CustomResourceDefinition creating/deleting custom resource definition objects works  [Conformance]" classname="Kubernetes e2e suite" time="1.066610431"></testcase>
      <testcase name="[sig-storage] CSI Volumes [Driver: csi-hostpath] [Testpattern: Dynamic PV (default fs)] subPath should support readOnly directory specified in the volumeMount" classname="Kubernetes e2e suite" time="0">
          <skipped></skipped>
      </testcase>
      <testcase name="[sig-storage] Storage Policy Based Volume Provisioning [Feature:vsphere] verify if a non-existing SPBM policy is not honored for dynamically provisioned pvc using storageclass" classname="Kubernetes e2e suite" time="0">
          <skipped></skipped>
      </testcase>
      <testcase name="[sig-storage] EmptyDir volumes volume on tmpfs should have the correct mode [LinuxOnly] [NodeConformance] [Conformance]" classname="Kubernetes e2e suite" time="2.125773839"></testcase>
      <testcase name="[sig-storage] In-tree Volumes [Driver: vsphere] [Testpattern: Dynamic PV (default fs)] volume-stress multiple pods should access different volumes repeatedly [Slow] [Serial]" classname="Kubernetes e2e suite" time="0">
          <skipped></skipped>
      </testcase>
      <testcase name="[sig-storage] CSI Volumes [Driver: pd.csi.storage.gke.io][Serial] [Testpattern: Dynamic PV (filesystem volmode)] volumeMode should not mount / map unused volumes in a pod [LinuxOnly]" classname="Kubernetes e2e suite" time="0">
          <skipped></skipped>
      </testcase>
      <testcase name="[sig-apps] DisruptionController Listing PodDisruptionBudgets for all namespaces should list and delete a collection of PodDisruptionBudgets [Conformance]" classname="Kubernetes e2e suite" time="4.183584643"></testcase>
      <testcase name="[sig-storage] In-tree Volumes [Driver: local][LocalVolumeType: dir] [Testpattern: Pre-provisioned PV (block volmode)] multiVolume [Slow] should concurrently access the single read-only volume from pods on the same node" classname="Kubernetes e2e suite" time="0">
          <skipped></skipped>
      </testcase>
      <testcase name="[sig-storage] In-tree Volumes [Driver: gluster] [Testpattern: Pre-provisioned PV (default fs)] subPath should unmount if pod is force deleted while kubelet is down [Disruptive][Slow][LinuxOnly]" classname="Kubernetes e2e suite" time="0">
          <skipped></skipped>
      </testcase>
      <testcase name="[sig-storage] CSI Volumes [Driver: pd.csi.storage.gke.io][Serial] [Testpattern: Dynamic PV (block volmode)] multiVolume [Slow] should concurrently access the single volume from pods on the same node" classname="Kubernetes e2e suite" time="0">
          <skipped></skipped>
      </testcase>
      <testcase name="[sig-storage] In-tree Volumes [Driver: nfs] [Testpattern: Dynamic PV (default fs)] subPath should support non-existent path" classname="Kubernetes e2e suite" time="0">
          <skipped></skipped>
      </testcase>
      <testcase name="[sig-storage] In-tree Volumes [Driver: local][LocalVolumeType: dir-bindmounted] [Testpattern: Inline-volume (default fs)] subPath should verify container cannot write to subpath readonly volumes [Slow]" classname="Kubernetes e2e suite" time="0">
          <skipped></skipped>
      </testcase>
      <testcase name="[sig-storage] In-tree Volumes [Driver: hostPath] [Testpattern: Dynamic PV (default fs)] fsgroupchangepolicy (Always)[LinuxOnly], pod created with an initial fsgroup, volume contents ownership changed in first pod, new pod with same fsgroup applied to the volume contents" classname="Kubernetes e2e suite" time="0">
          <skipped></skipped>
      </testcase>
      <testcase name="[sig-storage] Zone Support [Feature:vsphere] Verify a pod is created and attached to a dynamically created PV, based on allowed zones specified in storage class " classname="Kubernetes e2e suite" time="0">
          <skipped></skipped>
      </testcase>
      <testcase name="[sig-storage] In-tree Volumes [Driver: nfs] [Testpattern: Dynamic PV (ntfs)][Feature:Windows] subPath should support file as subpath [LinuxOnly]" classname="Kubernetes e2e suite" time="0">
          <skipped></skipped>
      </testcase>
      <testcase name="[sig-storage] In-tree Volumes [Driver: vsphere] [Testpattern: Dynamic PV (block volmode)] volumes should store data" classname="Kubernetes e2e suite" time="0">
          <skipped></skipped>
      </testcase>
      <testcase name="[sig-storage] CSI Volumes [Driver: csi-hostpath] [Testpattern: Inline-volume (default fs)] subPath should support existing directories when readOnly specified in the volumeSource" classname="Kubernetes e2e suite" time="0">
          <skipped></skipped>
      </testcase>
      <testcase name="[sig-storage] In-tree Volumes [Driver: azure-disk] [Testpattern: Dynamic PV (block volmode)] volumes should store data" classname="Kubernetes e2e suite" time="0">
          <skipped></skipped>
      </testcase>
      <testcase name="[sig-autoscaling] Cluster size autoscaling [Slow] shouldn&#39;t trigger additional scale-ups during processing scale-up [Feature:ClusterSizeAutoscalingScaleUp]" classname="Kubernetes e2e suite" time="0">
          <skipped></skipped>
      </testcase>
      <testcase name="[sig-storage] In-tree Volumes [Driver: local][LocalVolumeType: blockfs] [Testpattern: Pre-provisioned PV (filesystem volmode)] multiVolume [Slow] should access to two volumes with different volume mode and retain data across pod recreation on different node" classname="Kubernetes e2e suite" time="0">
          <skipped></skipped>
      </testcase>
      <testcase name="[sig-storage] In-tree Volumes [Driver: local][LocalVolumeType: block] [Testpattern: Pre-provisioned PV (default fs)] volumes should allow exec of files on the volume" classname="Kubernetes e2e suite" time="0">
          <skipped></skipped>
      </testcase>
      <testcase name="[sig-storage] In-tree Volumes [Driver: local][LocalVolumeType: dir] [Testpattern: Pre-provisioned PV (default fs)] volumes should store data" classname="Kubernetes e2e suite" time="0">
          <skipped></skipped>
      </testcase>
      <testcase name="[sig-storage] Projected downwardAPI should provide container&#39;s memory limit [NodeConformance] [Conformance]" classname="Kubernetes e2e suite" time="2.121677939"></testcase>
      <testcase name="[sig-storage] In-tree Volumes [Driver: local][LocalVolumeType: gce-localssd-scsi-fs] [Serial] [Testpattern: Dynamic PV (default fs)] subPath should support restarting containers using directory as subpath [Slow]" classname="Kubernetes e2e suite" time="0">
          <skipped></skipped>
      </testcase>
      <testcase name="[sig-storage] vsphere statefulset [Feature:vsphere] vsphere statefulset testing" classname="Kubernetes e2e suite" time="0">
          <skipped></skipped>
      </testcase>
      <testcase name="[sig-storage] In-tree Volumes [Driver: local][LocalVolumeType: dir-link] [Testpattern: Dynamic PV (block volmode)] multiVolume [Slow] should access to two volumes with different volume mode and retain data across pod recreation on different node" classname="Kubernetes e2e suite" time="0">
          <skipped></skipped>
      </testcase>
      <testcase name="[sig-storage] In-tree Volumes [Driver: azure-disk] [Testpattern: Inline-volume (default fs)] subPath should unmount if pod is gracefully deleted while kubelet is down [Disruptive][Slow][LinuxOnly]" classname="Kubernetes e2e suite" time="0">
          <skipped></skipped>
      </testcase>
      <testcase name="[sig-storage] CSI Volumes [Driver: pd.csi.storage.gke.io][Serial] [Testpattern: Inline-volume (ext4)] volumes should allow exec of files on the volume" classname="Kubernetes e2e suite" time="0">
          <skipped></skipped>
      </testcase>
      <testcase name="[sig-storage] CSI Volumes [Driver: pd.csi.storage.gke.io][Serial] [Testpattern: Pre-provisioned PV (block volmode)] volumes should store data" classname="Kubernetes e2e suite" time="0">
          <skipped></skipped>
      </testcase>
      <testcase name="[sig-storage] In-tree Volumes [Driver: local][LocalVolumeType: blockfs] [Testpattern: Dynamic PV (ntfs)(allowExpansion)][Feature:Windows] volume-expand Verify if offline PVC expansion works" classname="Kubernetes e2e suite" time="0">
          <skipped></skipped>
      </testcase>
      <testcase name="[sig-storage] In-tree Volumes [Driver: azure-disk] [Testpattern: Pre-provisioned PV (ntfs)][Feature:Windows] volumes should allow exec of files on the volume" classname="Kubernetes e2e suite" time="0">
          <skipped></skipped>
      </testcase>
      <testcase name="[sig-storage] In-tree Volumes [Driver: hostPath] [Testpattern: Pre-provisioned PV (default fs)] subPath should fail if subpath directory is outside the volume [Slow][LinuxOnly]" classname="Kubernetes e2e suite" time="0">
          <skipped></skipped>
      </testcase>
      <testcase name="[sig-storage] In-tree Volumes [Driver: local][LocalVolumeType: blockfs] [Testpattern: Dynamic PV (ntfs)][Feature:Windows] subPath should be able to unmount after the subpath directory is deleted [LinuxOnly]" classname="Kubernetes e2e suite" time="0">
          <skipped></skipped>
      </testcase>
      <testcase name="[sig-storage] Secrets should be able to mount in a volume regardless of a different secret existing with same name in different namespace [NodeConformance] [Conformance]" classname="Kubernetes e2e suite" time="2.233983974"></testcase>
      <testcase name="[sig-storage] In-tree Volumes [Driver: hostPath] [Testpattern: Inline-volume (ntfs)][Feature:Windows] volumes should allow exec of files on the volume" classname="Kubernetes e2e suite" time="0">
          <skipped></skipped>
      </testcase>
      <testcase name="[sig-storage] In-tree Volumes [Driver: local][LocalVolumeType: block] [Testpattern: Dynamic PV (default fs)(allowExpansion)] volume-expand Verify if offline PVC expansion works" classname="Kubernetes e2e suite" time="0">
          <skipped></skipped>
      </testcase>
      <testcase name="[sig-network] [Feature:IPv6DualStack] Granular Checks: Services Secondary IP Family [LinuxOnly] should function for pod-Service: http" classname="Kubernetes e2e suite" time="0">
          <skipped></skipped>
      </testcase>
      <testcase name="[sig-storage] Storage Policy Based Volume Provisioning [Feature:vsphere] verify VSAN storage capability with valid objectSpaceReservation and iopsLimit values is honored for dynamically provisioned pvc using storageclass" classname="Kubernetes e2e suite" time="0">
          <skipped></skipped>
      </testcase>
      <testcase name="[sig-storage] In-tree Volumes [Driver: local][LocalVolumeType: block] [Testpattern: Dynamic PV (default fs)] fsgroupchangepolicy (OnRootMismatch)[LinuxOnly], pod created with an initial fsgroup, volume contents ownership changed in first pod, new pod with same fsgroup skips ownership changes to the volume contents" classname="Kubernetes e2e suite" time="0">
          <skipped></skipped>
      </testcase>
      <testcase name="[sig-storage] CSI mock volume CSI FSGroupPolicy [LinuxOnly] should not modify fsGroup if fsGroupPolicy=None" classname="Kubernetes e2e suite" time="0">
          <skipped></skipped>
      </testcase>
      <testcase name="[sig-storage] In-tree Volumes [Driver: emptydir] [Testpattern: Dynamic PV (xfs)][Slow] multiVolume [Slow] should concurrently access the volume and its clone from pods on the same node [LinuxOnly][Feature:VolumeSnapshotDataSource][Feature:VolumeSourceXFS]" classname="Kubernetes e2e suite" time="0">
          <skipped></skipped>
      </testcase>
      <testcase name="[sig-autoscaling] Cluster size autoscaling [Slow] should disable node pool autoscaling [Feature:ClusterSizeAutoscalingScaleUp]" classname="Kubernetes e2e suite" time="0">
          <skipped></skipped>
      </testcase>
      <testcase name="[sig-storage] CSI Volumes [Driver: pd.csi.storage.gke.io][Serial] [Testpattern: CSI Ephemeral-volume (default fs)] ephemeral should create read/write inline ephemeral volume" classname="Kubernetes e2e suite" time="0">
          <skipped></skipped>
      </testcase>
      <testcase name="[sig-api-machinery] ResourceQuota [Feature:ScopeSelectors] should verify ResourceQuota with terminating scopes through scope selectors." classname="Kubernetes e2e suite" time="0">
          <skipped></skipped>
      </testcase>
      <testcase name="[sig-network] Conntrack should be able to preserve UDP traffic when server pod cycles for a ClusterIP service" classname="Kubernetes e2e suite" time="0">
          <skipped></skipped>
      </testcase>
      <testcase name="[sig-storage] In-tree Volumes [Driver: nfs] [Testpattern: Pre-provisioned PV (default fs)] subPath should support readOnly file specified in the volumeMount [LinuxOnly]" classname="Kubernetes e2e suite" time="0">
          <skipped></skipped>
      </testcase>
      <testcase name="[sig-node] Security Context should support volume SELinux relabeling [Flaky] [LinuxOnly]" classname="Kubernetes e2e suite" time="0">
          <skipped></skipped>
      </testcase>
      <testcase name="[sig-storage] In-tree Volumes [Driver: local][LocalVolumeType: block] [Testpattern: Inline-volume (default fs)] subPath should unmount if pod is gracefully deleted while kubelet is down [Disruptive][Slow][LinuxOnly]" classname="Kubernetes e2e suite" time="0">
          <skipped></skipped>
      </testcase>
      <testcase name="[sig-network] DNS should resolve DNS of partial qualified names for the cluster [LinuxOnly]" classname="Kubernetes e2e suite" time="0">
          <skipped></skipped>
      </testcase>
      <testcase name="[sig-storage] In-tree Volumes [Driver: vsphere] [Testpattern: Inline-volume (ext4)] volumes should store data" classname="Kubernetes e2e suite" time="0">
          <skipped></skipped>
      </testcase>
      <testcase name="[sig-node] Secrets should be consumable via the environment [NodeConformance] [Conformance]" classname="Kubernetes e2e suite" time="2.117222575"></testcase>
      <testcase name="[sig-api-machinery] ResourceQuota should create a ResourceQuota and capture the life of a replication controller. [Conformance]" classname="Kubernetes e2e suite" time="11.11259283"></testcase>
      <testcase name="[sig-autoscaling] Cluster size autoscaling [Slow] should correctly scale down after a node is not needed [Feature:ClusterSizeAutoscalingScaleDown]" classname="Kubernetes e2e suite" time="0">
          <skipped></skipped>
      </testcase>
      <testcase name="[sig-storage] In-tree Volumes [Driver: ceph][Feature:Volumes][Serial] [Testpattern: Dynamic PV (default fs)] subPath should fail if subpath file is outside the volume [Slow][LinuxOnly]" classname="Kubernetes e2e suite" time="0">
          <skipped></skipped>
      </testcase>
      <testcase name="[sig-network] Netpol NetworkPolicy between server and client should allow ingress access from namespace on one named port [Feature:NetworkPolicy]" classname="Kubernetes e2e suite" time="0">
          <skipped></skipped>
      </testcase>
      <testcase name="[sig-storage] In-tree Volumes [Driver: ceph][Feature:Volumes][Serial] [Testpattern: Inline-volume (default fs)] subPath should fail if subpath with backstepping is outside the volume [Slow][LinuxOnly]" classname="Kubernetes e2e suite" time="0">
          <skipped></skipped>
      </testcase>
      <testcase name="[sig-storage] In-tree Volumes [Driver: local][LocalVolumeType: gce-localssd-scsi-fs] [Serial] [Testpattern: Inline-volume (default fs)] subPath should support restarting containers using file as subpath [Slow][LinuxOnly]" classname="Kubernetes e2e suite" time="0">
          <skipped></skipped>
      </testcase>
      <testcase name="[sig-storage] In-tree Volumes [Driver: local][LocalVolumeType: dir-link] [Testpattern: Pre-provisioned PV (block volmode)] multiVolume [Slow] should concurrently access the volume and restored snapshot from pods on the same node [LinuxOnly][Feature:VolumeSnapshotDataSource][Feature:VolumeSourceXFS]" classname="Kubernetes e2e suite" time="0">
          <skipped></skipped>
      </testcase>
      <testcase name="[sig-autoscaling] Cluster size autoscaler scalability [Slow] should scale down empty nodes [Feature:ClusterAutoscalerScalability3]" classname="Kubernetes e2e suite" time="0">
          <skipped></skipped>
      </testcase>
      <testcase name="[sig-storage] In-tree Volumes [Driver: hostPathSymlink] [Testpattern: Dynamic PV (filesystem volmode)] multiVolume [Slow] should concurrently access the volume and its clone from pods on the same node [LinuxOnly][Feature:VolumeSnapshotDataSource][Feature:VolumeSourceXFS]" classname="Kubernetes e2e suite" time="0">
          <skipped></skipped>
      </testcase>
      <testcase name="[sig-storage] In-tree Volumes [Driver: local][LocalVolumeType: block] [Testpattern: Dynamic PV (default fs)] fsgroupchangepolicy (OnRootMismatch)[LinuxOnly], pod created with an initial fsgroup, new pod fsgroup applied to volume contents" classname="Kubernetes e2e suite" time="0">
          <skipped></skipped>
      </testcase>
      <testcase name="[sig-storage] CSI Volumes [Driver: csi-hostpath] [Testpattern: Dynamic PV (ext4)] multiVolume [Slow] should access to two volumes with different volume mode and retain data across pod recreation on different node" classname="Kubernetes e2e suite" time="0">
          <skipped></skipped>
      </testcase>
      <testcase name="[sig-network] Loadbalancing: L7 GCE [Slow] [Feature:NEG] [Flaky] should be able to create a ClusterIP service" classname="Kubernetes e2e suite" time="0">
          <skipped></skipped>
      </testcase>
      <testcase name="[sig-storage] In-tree Volumes [Driver: hostPath] [Testpattern: Dynamic PV (default fs)] fsgroupchangepolicy (OnRootMismatch)[LinuxOnly], pod created with an initial fsgroup, new pod fsgroup applied to volume contents" classname="Kubernetes e2e suite" time="0">
          <skipped></skipped>
      </testcase>
      <testcase name="[sig-autoscaling] [Feature:HPA] Horizontal pod autoscaling (scale resource: CPU) [Serial] [Slow] ReplicaSet Should scale from 1 pod to 3 pods and from 3 to 5" classname="Kubernetes e2e suite" time="0">
          <skipped></skipped>
      </testcase>
      <testcase name="[sig-storage] In-tree Volumes [Driver: emptydir] [Testpattern: Dynamic PV (block volmode)] multiVolume [Slow] should access to two volumes with the same volume mode and retain data across pod recreation on different node" classname="Kubernetes e2e suite" time="0">
          <skipped></skipped>
      </testcase>
      <testcase name="[sig-cli] Kubectl client Kubectl apply apply set/view last-applied" classname="Kubernetes e2e suite" time="0">
          <skipped></skipped>
      </testcase>
      <testcase name="[sig-storage] In-tree Volumes [Driver: iscsi][Feature:Volumes] [Testpattern: Dynamic PV (block volmode)] volumeMode should fail to use a volume in a pod with mismatched mode [Slow]" classname="Kubernetes e2e suite" time="0">
          <skipped></skipped>
      </testcase>
      <testcase name="[sig-windows] [Feature:Windows] GMSA Kubelet [Slow] kubelet GMSA support when creating a pod with correct GMSA credential specs passes the credential specs down to the Pod&#39;s containers" classname="Kubernetes e2e suite" time="0">
          <skipped></skipped>
      </testcase>
      <testcase name="[sig-storage] In-tree Volumes [Driver: local][LocalVolumeType: gce-localssd-scsi-fs] [Serial] [Testpattern: Dynamic PV (ntfs)][Feature:Windows] subPath should support non-existent path" classname="Kubernetes e2e suite" time="0">
          <skipped></skipped>
      </testcase>
      <testcase name="[sig-storage] CSI Volumes [Driver: csi-hostpath] [Testpattern: Dynamic PV (filesystem volmode)] multiVolume [Slow] should access to two volumes with different volume mode and retain data across pod recreation on the same node" classname="Kubernetes e2e suite" time="0">
          <skipped></skipped>
      </testcase>
      <testcase name="[sig-storage] In-tree Volumes [Driver: windows-gcepd] [Testpattern: Dynamic PV (ext4)] multiVolume [Slow] should access to two volumes with the same volume mode and retain data across pod recreation on different node" classname="Kubernetes e2e suite" time="0">
          <skipped></skipped>
      </testcase>
      <testcase name="[sig-cli] Kubectl client Kubectl apply should apply a new configuration to an existing RC" classname="Kubernetes e2e suite" time="0">
          <skipped></skipped>
      </testcase>
      <testcase name="[sig-cloud-provider-gcp] Reboot [Disruptive] [Feature:Reboot] each node by dropping all inbound packets for a while and ensure they function afterwards" classname="Kubernetes e2e suite" time="0">
          <skipped></skipped>
      </testcase>
      <testcase name="[sig-storage] In-tree Volumes [Driver: local][LocalVolumeType: blockfs] [Testpattern: Inline-volume (default fs)] subPath should support existing directories when readOnly specified in the volumeSource" classname="Kubernetes e2e suite" time="0">
          <skipped></skipped>
      </testcase>
      <testcase name="[sig-storage] In-tree Volumes [Driver: hostPathSymlink] [Testpattern: Dynamic PV (ntfs)][Feature:Windows] provisioning should provision storage with pvc data source in parallel [Slow]" classname="Kubernetes e2e suite" time="0">
          <skipped></skipped>
      </testcase>
      <testcase name="[sig-storage] In-tree Volumes [Driver: gluster] [Testpattern: Dynamic PV (ntfs)(allowExpansion)][Feature:Windows] volume-expand Verify if offline PVC expansion works" classname="Kubernetes e2e suite" time="0">
          <skipped></skipped>
      </testcase>
      <testcase name="[sig-storage] CSI mock volume storage capacity unlimited" classname="Kubernetes e2e suite" time="0">
          <skipped></skipped>
      </testcase>
      <testcase name="[sig-storage] In-tree Volumes [Driver: local][LocalVolumeType: dir-link] [Testpattern: Dynamic PV (block volmode)(allowExpansion)] volume-expand Verify if offline PVC expansion works" classname="Kubernetes e2e suite" time="0">
          <skipped></skipped>
      </testcase>
      <testcase name="[sig-storage] In-tree Volumes [Driver: vsphere] [Testpattern: Dynamic PV (block volmode)] multiVolume [Slow] should concurrently access the single volume from pods on the same node" classname="Kubernetes e2e suite" time="0">
          <skipped></skipped>
      </testcase>
      <testcase name="[sig-storage] PersistentVolumes-local  [Volume type: tmpfs] Set fsGroup for local volume should set same fsGroup for two pods simultaneously [Slow]" classname="Kubernetes e2e suite" time="0">
          <skipped></skipped>
      </testcase>
      <testcase name="[sig-storage] In-tree Volumes [Driver: local][LocalVolumeType: dir-link] [Testpattern: Dynamic PV (default fs)] subPath should fail if subpath with backstepping is outside the volume [Slow][LinuxOnly]" classname="Kubernetes e2e suite" time="0">
          <skipped></skipped>
      </testcase>
      <testcase name="[sig-storage] In-tree Volumes [Driver: iscsi][Feature:Volumes] [Testpattern: Dynamic PV (xfs)][Slow] multiVolume [Slow] should concurrently access the single volume from pods on the same node" classname="Kubernetes e2e suite" time="0">
          <skipped></skipped>
      </testcase>
      <testcase name="[sig-storage] In-tree Volumes [Driver: rbd][Feature:Volumes][Serial] [Testpattern: Pre-provisioned PV (block volmode)] multiVolume [Slow] should access to two volumes with the same volume mode and retain data across pod recreation on the same node" classname="Kubernetes e2e suite" time="0">
          <skipped></skipped>
      </testcase>
      <testcase name="[sig-storage] In-tree Volumes [Driver: local][LocalVolumeType: dir-bindmounted] [Testpattern: Dynamic PV (default fs)] subPath should unmount if pod is gracefully deleted while kubelet is down [Disruptive][Slow][LinuxOnly]" classname="Kubernetes e2e suite" time="0">
          <skipped></skipped>
      </testcase>
      <testcase name="[sig-storage] In-tree Volumes [Driver: local][LocalVolumeType: dir-link] [Testpattern: Pre-provisioned PV (filesystem volmode)] multiVolume [Slow] should access to two volumes with the same volume mode and retain data across pod recreation on different node" classname="Kubernetes e2e suite" time="0">
          <skipped></skipped>
      </testcase>
      <testcase name="[sig-storage] In-tree Volumes [Driver: local][LocalVolumeType: dir-link] [Testpattern: Dynamic PV (ntfs)][Feature:Windows] subPath should support existing directories when readOnly specified in the volumeSource" classname="Kubernetes e2e suite" time="0">
          <skipped></skipped>
      </testcase>
      <testcase name="[sig-storage] In-tree Volumes [Driver: ceph][Feature:Volumes][Serial] [Testpattern: Dynamic PV (default fs)(allowExpansion)] volume-expand should resize volume when PVC is edited while pod is using it" classname="Kubernetes e2e suite" time="0">
          <skipped></skipped>
      </testcase>
      <testcase name="[sig-storage] CSI Volumes [Driver: pd.csi.storage.gke.io][Serial] [Testpattern: Generic Ephemeral-volume (default fs) (immediate-binding)] ephemeral should create read-only inline ephemeral volume" classname="Kubernetes e2e suite" time="0">
          <skipped></skipped>
      </testcase>
      <testcase name="[sig-storage] In-tree Volumes [Driver: ceph][Feature:Volumes][Serial] [Testpattern: Dynamic PV (ntfs)][Feature:Windows] subPath should unmount if pod is gracefully deleted while kubelet is down [Disruptive][Slow][LinuxOnly]" classname="Kubernetes e2e suite" time="0">
          <skipped></skipped>
      </testcase>
      <testcase name="[sig-storage] In-tree Volumes [Driver: local][LocalVolumeType: dir-link] [Testpattern: Dynamic PV (default fs)] subPath should verify container cannot write to subpath readonly volumes [Slow]" classname="Kubernetes e2e suite" time="0">
          <skipped></skipped>
      </testcase>
      <testcase name="[sig-storage] In-tree Volumes [Driver: local][LocalVolumeType: dir-link-bindmounted] [Testpattern: Dynamic PV (ext4)] multiVolume [Slow] should access to two volumes with the same volume mode and retain data across pod recreation on different node" classname="Kubernetes e2e suite" time="0">
          <skipped></skipped>
      </testcase>
      <testcase name="[sig-storage] In-tree Volumes [Driver: emptydir] [Testpattern: Dynamic PV (default fs)] provisioning should provision storage with snapshot data source [Feature:VolumeSnapshotDataSource]" classname="Kubernetes e2e suite" time="0">
          <skipped></skipped>
      </testcase>
      <testcase name="[sig-storage] In-tree Volumes [Driver: rbd][Feature:Volumes][Serial] [Testpattern: Pre-provisioned PV (default fs)] subPath should unmount if pod is force deleted while kubelet is down [Disruptive][Slow][LinuxOnly]" classname="Kubernetes e2e suite" time="0">
          <skipped></skipped>
      </testcase>
      <testcase name="[sig-storage] In-tree Volumes [Driver: local][LocalVolumeType: blockfs] [Testpattern: Dynamic PV (default fs)] fsgroupchangepolicy (OnRootMismatch)[LinuxOnly], pod created with an initial fsgroup, volume contents ownership changed in first pod, new pod with different fsgroup applied to the volume contents" classname="Kubernetes e2e suite" time="0">
          <skipped></skipped>
      </testcase>
      <testcase name="[sig-storage] In-tree Volumes [Driver: hostPath] [Testpattern: Dynamic PV (default fs)] subPath should unmount if pod is gracefully deleted while kubelet is down [Disruptive][Slow][LinuxOnly]" classname="Kubernetes e2e suite" time="0">
          <skipped></skipped>
      </testcase>
      <testcase name="[sig-storage] In-tree Volumes [Driver: ceph][Feature:Volumes][Serial] [Testpattern: Dynamic PV (ntfs)][Feature:Windows] subPath should support restarting containers using file as subpath [Slow][LinuxOnly]" classname="Kubernetes e2e suite" time="0">
          <skipped></skipped>
      </testcase>
      <testcase name="[sig-storage] In-tree Volumes [Driver: local][LocalVolumeType: dir] [Testpattern: Pre-provisioned PV (filesystem volmode)] multiVolume [Slow] should concurrently access the volume and restored snapshot from pods on the same node [LinuxOnly][Feature:VolumeSnapshotDataSource][Feature:VolumeSourceXFS]" classname="Kubernetes e2e suite" time="0">
          <skipped></skipped>
      </testcase>
  </testsuite>